<?xml version="1.0" encoding="UTF-8"?>
<quiz>
<!-- question: 0  -->
  <question type="category">
    <category>
      <text>$course$/top/Questions Team 32</text>
    </category>
    <info format="html">
      <text></text>
    </info>
    <idnumber></idnumber>
  </question>

<!-- question: 130282  -->
  <question type="ddmarker">
    <name>
      <text>Question 31</text>
    </name>
    <questiontext format="html">
      <text><![CDATA[<p dir="ltr" style="text-align: left;">There is an array of different objects scattered below. Imagine you are standing at the&nbsp;<strong>cat</strong>&nbsp;and facing the&nbsp;<strong>house</strong>. Indicate where the&nbsp;<strong>traffic light&nbsp;</strong>is from this position. <strong>Drag and drop</strong> the <strong>traffic light</strong> marker along the imaginary line pointing in the direction of the traffic light.<br></p><p dir="ltr" style="text-align: left;"><img src="@@PLUGINFILE@@/31%20%281%29.png" alt="" role="presentation" class="img-fluid"><br></p>]]></text>
<file name="31 (1).png" path="/" encoding="base64">iVBORw0KGgoAAAANSUhEUgAAAwcAAAJkCAIAAADLLcpYAAAAAXNSR0IArs4c6QAAAARnQU1BAACxjwv8YQUAAAAJcEhZcwAADsMAAA7DAcdvqGQAAJ72SURBVHhe7d13YFNV/z/wR5p07733oLSUsjcCKtv5iCIO3BNFca9HHKCCe4BbRIRHkSkyZO9Ngba0pXvv3aZJk+LvnXxifv0C8iC0kJb364/rzbnnnHuDvSfvc3OTXPHnn3/+i4iIiOiy18X4XyIiIqLLG1MRERERkR5TEREREZEeUxERERGRHlMRERERkR5TEREREZEeUxERERGRHlMRERERkR5TEREREZEeUxERERGRHlMRERERkR5TEREREZEeUxERERGRHlMRERERkR5TEREREZEeUxERERGRHlMRERERkR5TEREREZEeUxERERGRHlMRERERkR5TEREREZEeUxERERGRHlMRERERkR5TEREREZEeUxERERGR3hV//vmncZWI6OJqPf5cccUVWOoMsHLy5Mnm5uaWlhbDxjNAW2nSGkrQUKFQWFlZYWlhYdGly/+f+52xCRGRCVMREV08GHAE1iXBSEyR9erq6qSkpKysLK1WW19fn56eXl5eLrEGTbCCalJTOsG6tMW6rMi6k5NTRERE165dg4ODvb29XVxckJCwCXVAGrZOS0REgqmIiC4qjDmSS7BE+sGyubm5trY2Ozv7jz/+2LBhQ2lpKQp1Oh3KUc3S0hKtsIKHTU1NWFcqlcg0ppBkqmltbd3S0oI+scnW1tbOzs7V1TU2Nnbo0KHR0dG+vr5ubm7SG6COrBARmTAVEdEFkYhjfHDaw9awSaPRILU0GlRVVRUUFKhUquLi4kOHDqWlpRUWFiIeIa/4+flFRUV5enqGhYUFBARYWFigbU5OzqpVqxCA+vbt6+3t7ezsLFeAysrKcnNzbWxsULmhoQHVTp48iXhUUVGRmZmJEgcHBw8Pjx49eiAeYRkYGIgS9Gk8LIOzHDYRXT6YiojoPGH0EJInsCLlchVH1lGo/gtiSkpKSl5eHoJLdnZ2ZWUlghHiCzYhDMl1IDR0dXW96667Jk+e7ObmZmtri7gjvdXX1//000/Hjh276aab+vXrZ2VlJfWRkxCtkHLs7Ox0Oh3yln7H//pXXV3d4cOH165dm5CQgF3jqBCkIiMjR44cOWDAgIiICEQl5CrUxEHKu3JyAYmXkYguW0xFRHRB5N4gwAoeIlJgVNFqtfLGVlFREXJMampqSUkJkhDyUENDAwIQcgwqnH4zNfoJCgp66aWXpkyZolQq0RVKjNv+9a/9+/f/9ttvCDTXXXedi4uLsfRvoC2CFEJYYmLi7t27t2/fjsNAbwhbfn5+w4YNGz16NLpCCEOcwmGbgpH+yfC6EdFliamIiM4Hhg6NRoPYgTAh8QUZqK6uTq1WI/QUFxdXVVWVlZUdOHAgKSlJyuXtM9SU/HQ6ZBGEEk9Pz8mTJ0+cOBFhBT07OjpiqVAobG1tKysrv/nmG/R8zz33xMbGnstFHewLCay8vPyPP/6YP38+IhqOBDtCqAoMDIyJienduzeWoaGh2K+Njc0p76wR0WWFqYiI/jGMGy0tLWlpaWvXri0pKbG3t0eJ3NODyIL0U11djWyEnFRTU4OHcukFS7keA9LPKVABoQQQUAICAhCDXF1d/f39EY+cnJyCg4N1Ot2vv/6an59/0003jRgxwsPDA5vQCjvCirW1NdYBaal1uMHusF8Eo0WLFn311VfIaqgpl6wQg9Az+unevfugQYPi4uLkM2uIYqdELjlmLNF/6yVIBSLqBJiKiOifwaCBkKHVardu3frBBx8cPnxY7s5BTlKpVAgosn7GsUXChPHB35CcIclGqVQiwWAFu5DshXCDXSDHREZGIjABtiJ7+fn5eXl5SSskG3d3d6wDGqIHZCYcEjLcN998g039+/ffvXv3hg0b5GYmVJMEhuAVGhoaGxvbr18/dGJlZYVyHANgHdVQWS50ybNACVMRUWfCVERE/wwGDVCr1StXrpwzZ87Ro0eRDFpnhYsAe7S0tETckbCCiIYVQDm4GUgkcnBwcHFx8fHxsbGxSUxMPHDgQFxc3Pjx4/fu3bt48eLKykp5OmiFbiWEOTk5BRk4OzsjaSGNYSUwMBDBC12hQ9SR+rIkok6DqYiI/hl5F6ypqWnLli3ff//9zp07KyoqUH7GwaR1bkAFJBWJIFL5jE3OBXpo/R4ZtO4Ke5GtUg35CYEJKzhmhDmEHl9f37q6uvz8/ObmZnk6qIlW0qSlpUWuMGGJhliiBw8Pj5C/eHp6ohCBCVEJgcn0HUimJ4VOsCJLIupAmIqI6J+RQQNhoqamZvfu3Z988snmzZuRACReSB1ACaKDhAy5kgSmChJBTOX/lClwYEVSiPQs5bJu2pepjjyE1ntv3bD1UnIVtpoO0sbGRr4pADEIW93d3ZGQQkNDo6Kiunbt6ufnh7yFFIWa8gYi9iI7IqKOgqmIiM6TRqPZunXr22+/vXPnTiSJU+4lQiBQKpUoxCZra+vY2NjIyMi6ujpkqfLy8pycnMbGRjMcf3C0gNAjeQjPAg/xRJCE1AamaqiD52Vvb+/p6Yl4FBAQgOfYv3//8PBwOzs7qSOViaijYCoiovOEWLNs2bL33nsvKSkJDzGYtB5PJBMgLvTr10+lUiFhxMXFWVlZOTs7Ozk5HTp0aN26ddnZ2TrDb8GaDzlsLHGcSDk4ZmS4vLy8qKgolB84cCA9Pb3Z8AMjeGi4GPT/Y5OXl1d0dDSa9OnTJyYmxtvb28bGBtXwzyL1icjMWcyYMcO4SkT0T+DFvqSkBPkmNzf3jK/6CBajRo0aOHBgQUHBkSNHcgwqKytdXV1RaGdnl5GRgWhlYWGB5q0T1SUkTwTpbezYsXfccYe7u3tWVlZhYWFLS4u1tXVAQICPj49ara6vrzcdM5Zarbapqam6uhr/FMiIx44dwz9LSkoK4qC874bniFwIaCW7IOqI5G++E/8NMxUR0XnCKz2iwMGDB48fP356pkGwiI+PDwwMTExM3L9/f1FRUUVFRWlpaV5eXmZmpkKhcHJywnq54Vfx0fz0Hi4JDPc48hEjRlx11VWIOL///jvyDcIfglFxcTEOe9iwYdHR0fI1laiPoGM6eCwRj5DzysrKEPjwz4J4lJycjMqohmxkaWlpCEVMRdRRmf56O+ufMVMREZ0nDIs1NTU7d+5MSkpCsjGW/sXLyyskJAQxaN++fYg+cs81coNOp0OeQFBQKpXIEJIYwNjMDMi7fjiw3377DckGKcfZ2dnBwaGurg5Px9ra2t/fv7KyEpHO2OA0eLJ4moiMqI94hH+fhIQE9CN3ZDMVUQdlyP/G2QtTERHRqRAOtm3bhld9jJWtR0msu7m5WVhYZGZmIhx4enrKDTcQHh6uVquRORARgoODEZgQrYzNzACOPCwsTKFQ7N69G5nG19cXecjd3b179+7Nzc2FhYXV1dV4Xsg9JSUlSHXGZmciLyF4sniC+fn5KpUqMjIyNDT09ARJ1CHIOY5lJ/4b5slJRG0PaQBx58SJExUVFQgZU6dOvf/++3v27CmfRHN2dtbpdGVlZRhbXV1dUbl1orq0cGz+/v5IMMhtISEhY8eORXRDpklMTERIwqHWGSAtIdXhobHZmWArwhOWgPyEVkhIWDduJuqAcKqaz9naHpiKiOj8ubm5DRw4UD6fdcrrPYJFdXV1c3Ozg4ND9+7dbW1t9+7du3Xr1v379yNwoDIiUW1trVldKAIcrYeHh5WVlbzfh6cgrwEFBQX29vbu7u4KhSI0NDQuLg55TpqcIzuDzv2KQtTRMRUR0XlCaHBycpowYcIjjzzSp08fJAkUIusYJpNX+Pv7IwwhOmRlZa1btw6RqKSkBPmpb9++NjY2SqUy0kBuQJYOzQGO38XFBWkPB5aXl3f8+HELCwtnZ+du3brhmYaHh6MCwg0KNRqNsc3/gn8oZCz0iVCF5sZSIjI/PD+J6DwhzSDcBAYGTpo06bXXXsPSy8tLLrFga2xs7B133DFo0KDa2trNmzenpaVZW1ur1Wpko/r6ek9PT8QjhCQUSn0zUVdXh6fg4+Njb2+P43R0dLzqqqsefvjhxx9/3NfXt7Ky0sHBAYWlpaXFxcXGNucA/1YIUvjnMqsISESn4N3WRHRB5NpJgEFLSwtyj7OzMxIAsg6CEdJPZmZmXl4e8oR8nQ8e1tTUdOvWLSwsbO/evYcOHZIfIzN2d6lptVobGxvEO4S5oqIiHBuiDJJQdnb2pk2bsrKygoODe/funZOTc/DgQTxfY7P/BRlr+PDhI0aM4GfQiMwZv9uaiNoAYk1TU1NxcTHSD7JCQkLCf//7XySAsWPHnjhxYvny5eXl5YhKqKbT6RALfH19XVxcCgsLkZBQ33SF6VygebsOXDjscePG+fn5bdy4MT093draGrEP8Qg5CfsNDw8PDQ1FOeCwwdjsrHx8fKZPn/7QQw8hYBmLiMj8MBURURvASCKDiawgMXz88cdr16719va2srLCw6qqqgEDBri7u+/Zs6eiokISEtjb28u7S4gLaIjkoTb8rL2NjY1KpdJoNChEIunSpYuzs7NCoWhoaJA3uWS/KHF0dLS0tEQh6kvhecO+ZInQNn78eBzVmjVrEPXc3NxwPDhs7AIhCeU4SMQ7U31DayO5c+iUTV5eXs8+++zDDz9sa2srJURkhpiKiKgtYUhBZEFo2Lx589y5c/fv349MIx9QDw0NRQbKyspC9EGdwMDAkSNH9uvXT/nXj4ihDiII8o2Pjw+CEaoB2sqvggQEBKB5UVFRXl6efFEQ6qMkKCgISaWkpASpBfuSwwC5pGS6sHTGh61XsKypqSkwyM/Px1EhCZWWluIArrnmGhz8+vXrk5OTUR/H1qtXr549eyIYHT9+vLKyUjrBk8KmyMhIpKhyw6+nVVdXoxAQB++8886bbrrJzvDDsURknozDARFRm5BwgCShUqkSExOXL1++Zs2a3NxcBAiFQtGlSxd5By0sLOyee+5BSkBcwEOUYytWEHdQAYkEMUguxkiqQM9ITqiD3IPIJQMXlihBOSqjHG0vcEBDJzhsJKEtW7YsXbo0LS0NfeLYPD09bW1tEXQaGhoQa66++uoHHnggLi4OB1ZfXy9RTHYtNyHhkDQaDbrCJinHcXp4eLi4uMjT1O+MiMwPUxERtSUMKcgKWErEQZLYsWPHypUr09PT5YoRYlB8fPzw4cPlDTWUSGVjewM8RKHxwV9aF2IdZF0KpRNT4XnAYUtzpLGamhoc8y+//CLXe5qamrAJ8SgiImLkyJETJkzo1auXjY2NYYf6o8LS1Ikcj2wCKTcdpLy/RkTmiamIiNqFKSvU19eXlpY2NDQgFSE0WFtbuxogVUhNMFU2MQ1NKD9l6+mV2xb6x3EiDBUXFyPV5ebm1hrus1YqlVFRUTExMTh4+UKBdj0MIrr4mIqI6CKR0UauGHUxfNmjGV44wbEBUhGOE4eHlebmZp1OJ1utDCwsLOQhEXUyTEVEdDHIUCOBAyuSiszwWos+ExkOVY6z9RHKwePIFQqFsYiIOhemIiK6qDDmmGEYOp0cJ5atDxjrZnh9i4jaClMRERERkR4nPURERER6TEVEREREekxFRERERHpMRURERER6TEVEREREekxFRERERHpMRURERER6TEVEREREekxFRERERHpMRURERER6TEVEREREekxFRERERHpMRURERER6TEVEREREekxFRERERHpMRURERER6TEVEREREekxFRERERHpMRURERER6TEVEREREekxFRERERHpMRURERER6TEVEREREekxFRERERHpMRURERER6TEVEREREekxFRERERHpMRURERER6TEVEREREekxFRERERHpMRURERER6TEVEREREekxFRERERHpMRURERER6TEVEREREekxFRERERHpMRURERER6TEVEREREekxFRERERHpMRURERER6TEVEREREekxFRERERHpMRURERER6TEVEREREekxFRERERHpMRURERER6TEVEREREekxFRERERHpMRURERER6TEVEREREekxFRERERHpMRURERER6TEVEREREekxFRERERHpMRURERER6TEVEREREekxFRERERHpMRURERER6TEVEREREekxFRERERHpMRURERER6TEVEREREekxFRERERHpX/Pnnn8ZVog7i5MmTXbp0aWhoOHToUGJiolarRYlx2/+ChldccQVWrK2to6OjBw4caGlp2dLSIoVYygoREV2GmIqog0EAQnApKytbvXr1ggULUlNTUWJhYXEuf8loqFAoEIwQpJCEwsPD77jjjokTJ7q7u6ME5eiHqYiI6LLFVEQdDDJQTk7OvHnzli9frlarBwwY0Lt3b8QabEKsMf09m1ZapxysA/JQeXk54tTx48dra2snTZp07733hoSESN4CY20iIrrMMBWRWZO/Tywlr2g0mv3793/66ae7du2KjIy8/fbbhwwZ4uvrq1Ao/lGaQT8IRomJid9+++2RI0duvfXWp556KiAgAJuQmeTK0z/qkIiIOgGmIjJryCj4EwUklcbGxg0bNsybN+/48ePXXHPNfffdFxcX16VLl7S0tJKSkubm5hMnTlRUVDg6OqJheHi4q6trfn5+cnKy6bYhsLOzCw4O7tGjR8+ePdEEGWvu3Ln79u0bMWLE448/3q9fP+xLp9PJu2nShIiILhNMRWTWEFCwRECpqqpasmQJEoxCobj33ntHjx4dFBTU1NS0cuXKb775prS09OTJk/X19Qg6ct3I3t5eqVSqVKq6ujrpClCOuINghMx0++2333zzzaiDUPXzzz8vXrw4IiJiypQpY8aM8fDwwHnBa0VERJcbpiIyX3KhCOkkJydngYGLi8vjjz9+00032djYZGdnz58/f/ny5diKSIT6qCz15S0wuQsbuUrWUQGbkJlQCD4+PuPHj3/wwQcjIyOLi4tXr1797bffVlRUDB8+/L777hs0aBDqGI6CiIguFxYzZswwrhKZByQY5CEsu3TpgmVSUtKnn376yy+/xMTETJ8+fdy4cUqlcufOne+8886yZcsQaJB7UA0k/eiTkWFFyENj138lJzSpqanJzMwsLCz09PSMiorqaoDeNm/efPDgQeSn0NBQa2tr6dzUkBeQiIg6MaYiMi9IHpJCkD+ysrI+/vjjDz/88OjRo6NGjXrppZf69euHwLR8+fL3339/x44dDQ0NUvkUkmBkRUpak63oX6PR5OTkJCQkNDY29urVKzg42N/fPy8vb//+/QhGWImIiHB3d8cusFNENDQBYy9ERNTpMBWROUJqQRJ69913f/75ZwSRyZMnP/roo+Hh4VVVVT/88MN7772Xmpra3NxsrH1eJOJgR2VlZUlJSchAgYGBcXFx8fHx3t7eiYmJhw4dQmbyNLC2tkZlBCNjYyIi6ox4XxGZi5aWFiwRPnJzcxGGVq5cmZGRER0d/cgjj4wZM8bCwmLfvn3ffffd5s2bkY3kzTX568Wy9Z8x1tGJ3BWEFalmqiCXfLAi1UybnJychgwZMnXq1EGDBtXV1f36669ff/01jgQJafz48SgPCQlBfWlLRETnDcMyYDjFgCyDsMw5zWGA5bUiMgs4K3CSIBilpKTMnj0b6Uen0/373/9++eWXEVMaGhoWLFgwa9aso0ePNjY24sxBZeQeOaMcHBwiIiKQWvz9/T09PRUKhVxGkhurZcXKysre3h5LuWMJJWgL1tbWAQEBvr6+1dXVeXl5Bw4c0Gq18fHxvXr1iouLU6lUCQkJWVlZlpaWffr0QXPDwRIR0fnDuI0RHiu1tbW///475rru7u7Ozs4Yk6XCJcRrRWQW8HeIvNLU1LRixYrHHnsMSeWZZ5658cYbEUcKCgoWLVq0adOma665pnfv3khISCqrV68+ceKEra3tVVddddttt6HcxsYG/SAPFRUV5ebmrlq1aunSpQhJEydOHDp0KGIQKms0mn379i1evDg7Oxs9Dxgw4J577kEAQnjKyMhABkImw46GDx9+//33o21ycvJbb721du3afv36zZ8/Pzg4WI6WiIjOm0yDMep++umnGPMxs3311Vcx4MswfmnxWhGZC5wkgCCycuXKPn36TJs2DWEF6eeDDz5A0Hn00Udvv/32yMjIrl27YmtUVJQkm6effnrcuHFubm44r+zs7DDb8Pb2RqBBlsrMzHzkkUemT5/erVu30NBQZBose/TogR4KCwurq6uvv/76hx9+2MvLy9XVFVvReffu3bG+ZcuWvLy86OhonKJHDJRKZf/+/YOCgsxhKkNE1BEhDMl7ZFhqtdqNGzciFRUXF2OkvfLKK2NiYjDSSs1LiEM8mQWcJMhAWALOHJlJpKSkfPXVV6mpqePHj0f0sbW1lcqIPgMHDrzjjjuQfqoMGhoaNBqNTqdrbm5GQ5xvVlZWN9xwA1KRk5MToox0iM6Rn/r16zds2DD0g/rIVShEfWyVnkePHo19bdu27cCBA9JKaiJF4aF+90RE9A9h/MRIi4G6oqKivr6+paVFrVZjgMUgjCEa63V1dVgCql3CwZapiMyRnBI4N5qamhwcHAIDAxUKRX5+/u+//7527VqcPC4uLj179kRYeeutt+66666PPvqopqYGp5ZKpUKgWbBgwdatW4OCguzs7NBJXl7eTz/99MsvvyQnJyMDoStHR0fEJkk8OEuPHTu2cOHCffv2YXeYrCCfoZ+SkhKct/qYdsUVrq6ucXFxcpcSERH9UxhIMRqvWrXqnnvueeeddzAgf/fdd7169br++uux6fPPP58xYwamwd9///2JEycw9hqbXXRMRWS+kHIAJwxCEvLK7t27X3rppffffz8jI6O6uvrIkSMFBQXZ2dmIQStWrEhPT0eTysrK+fPnz5kz5/jx43LxCdEnKSnp5ZdfnjVrFqISumpoaEBDzEgk5eDhpk2bXn311blz5xYXFzc2NuKcRCFiE/ZuOBB9SmMkIiI6Dxg/ASu1tbVffPHF5s2bP/3006effhrj8B133PHAAw9YW1unpaVhNvvaa69hrEYFjM+t24I8vAiYish8yckgnyBDuEFeqaqqysnJWbNmDWLQypUr5efPMKuoqalBVNJoNJKiEKGam5tNJxLqYI6C00wClqlnPMS6JKe6ujokLdRBDzhFsZKSkqJSqaQ+CpmKiIjOEQZVkJEWpNDJyWnMmDFdu3b18/PDOoZljOQ//fQTpqMODg4o9PT0DA8Pd3Nzk8EZ0FZnYOqkvTEVkflCEFEqlcgo9vb2OEmw4uHhgRMJs43nnntu69atMp/A2eLo6BgWFob8hGpYSnPTNVgUQuuV1nDqok90guyFPWJf0dHRzs7O2DXIbUmoJnlLmlCbw78/GB8QUQeHHIMRGCc1lhhjMWUtKSmpr6+fNGnSBx988Pnnn7/xxhvIQJji/vLLL6h/8803f/PNNz/88MOCBQuuu+46jPbSEDD2Sj/Sc3tjKiJzhHMAEQQzhsDAwKKiopSUFOSVvn37Pvvss6+++ur999+PDCSnHCqjJgKNq6urpaUlHspFHSxNH/I8/eXWlG+wgrMOlbt37z506FCcpUhCiERYiYmJwQpyGLae3gO1Ifzzyr8w/52JOgfMTqGxsXHTpk3Lly//73//+84777z++utz5sxZunTpb7/9hvKamhoM4yqVCvPS2traI0eOnDhxIisra8OGDaizcuXKZcuW/frrr3hYVVVl7Lf9MRWRucArIgIKVpBCZHKAlGNra4tUhHNj//79yD0TJky44447Hn/8ccSjfv36IfdIvjGlHLTCHAUrOCEdHR2l/PTXWlMJVpycnK6//vp33333zjvvRA6T8xNHYm9vj/lNXl4eSkz9U3vgPy9Rx6W/nmN4s6yurq68vBxZp76+Hg+ReI4dO/bSSy898cQTa9euRUJas2bN999///PPP8sXzg0aNGjKlCnXXHNNbGxsbm7ud999h0nvfffd9/LLLyM/Pfnkk88888z06dMfffTRgwcPnnKtCHs0TYzbFlMRmQX8cQMCjVqtlvetsMQcAlOEpqamHTt2zJgxA5OMzz//HHMIVMOJ9MADD/j5+clZgaW8siJOoSHWm5ub5bP0WJerR2eECtbW1tHR0Tg/vby8UJKfn48ztri4GOs48RCMDBWpfckblGB8TEQdhEQirBw9evTrr7/+8MMPMVD/8ssvCxcu/OCDD9LS0pCWhg0b9uCDD4aGhg4cOHDatGnIPW+88QZCD6LPf/7zHwzvr7zyCtIPItHYsWPHjRuHJV4FevTogSYYjTMyMnJycjA4Y5qamZlZUVFheodOjqENMRWRucArIv7KZZKhMNwhhDyE0wmbEE327NnzxRdfvPfee1999RVODEtLS6QZU9wxvZpqtVrMVORUOWVucUayU5xggKkMTmDMYzZs2ICH0qepZyIiOp0Mkhh1bW1tMR09ePAgghFSzscff4yxFGMyxtiffvpp1apVQUFBKL/++utRf/369XPnzsVcF+Fp2bJlS5YsOXToUFxc3EsvvRQREVFaWorXArlzFC8HGJaRopCf0Bwr2AWiWDsNzkxFZBbk71upVDo6OuLswvmAswupqLa21sfHB2fRddddh6kDylUqlXzETC4joRXqg6Gbf2FrUVHRKXMIyT2yNBa1gsh14MCBefPm4RyeOXMmUhdOSJQzDxER/U8YKuX9rNjY2Keeeuqdd97p0aOHt7f31KlTAwICUAEDb0ZGBkbyadOmYWSePXv2yy+/jFnuokWLFi9evG7dOgzsWVlZK1euxLwXIamgoCA9Pb2srGz79u2ISshG+fn5+/bt+/XXX7du3WplZeXu7t6l3X5mgKmIzAJOFZxUSDlIJJgZeHl52dnZoRA5qXfv3pgc4Ey79957nZ2dra2tscTWqKgonBto2zq+oJPGxkastC6Uz3y6urp6eHhICc5hWQHsdM+ePW+++SbO1eXLlxcXF8tWyVVYygoREZ0OAQWDNsZqLDF3DQwMxJCLh4gvlpaWGD8xolpYWGAqu3r16sceewzhRj6PhrEX81gbG5ubbroJOal79+5Hjhz58MMP9+7diz6vvvrqgQMHyofR0C0GcKw8/PDDr732WlxcHHrG7tojGzEVkVmQ8IHTprKyEucPTgCcKjgHMMnAyVNbW4s5x/jx43FK3HbbbUFBQSivM3w9vDQ3ZSCcJwhMso5+UI5lTEzMjBkzXnjhhSFDhmAvOJHk02om6A1ZCh3iLJVIhCUKUVmWUo2IiE4nI7AsDx48mJaWlpKSMmfOnNzcXIylGLHHjRu3YsWKefPmpaenowQDtaGdvklhYSHKFy5ciMp4CcCovnv37oSEBB8fHwz7kZGRmAbn5+enpqZiE5KWvb29DOCmYb9tMRWRWcDfN2g0GvnhDvzRY6qBbOTr65uYmPjDDz8UFBTEx8dPmzZtypQpLi4umGGcOHECEUqay2QFK8hA8oH8hoYGnJbV1dUo9/b2vvbaa6+//nqcY0hapaWl2IQmqIwl4EyTEwzrWEETNzc3nIqY8cTGxko+w5nMeERE9HdkFEW4wQyzoqLi+PHjWJEZJuIO8hDGXtRBCUZUaQISg3799decnBwZZlGClZKSkqKiIgzFGIHx0oAhHZuWL1+OFIWtxsbtgKmIzAUyilybaWxsPHbsWFZWFmYJjzzyyIQJE3DOfP7559nZ2U1NTTjZsOnHH39csmQJIhQaohVOGJxCaFtbWytnJmLTmjVrMAXJy8vDVpyTWq0WEw7MV+bOnbtv3z5URlc4wRCt0Bad4ABwsllbWw8dOnT69OlxcXFohX5kk+EYiYjozCTxJCcnS4IxTSaLi4uTkpLq6+tRR4ZiUyqSaijB2I4xGfWxRDmWe/bsSUhIOHTokIzzAiVlZWWtQ1WbM/4AAtGlhb9DnBiYWKxcuXLWrFk4f26++eYnnngiODgYGWjZsmWrVq2yNcBpo1QqcY4h0KCJNHc2/NZ9nz59Dhw4sH37dsQdnJ/g5eXVu3dve3t7OTnRLaJVQUEBTlp04ufnFx8fj3KcxtgLzkMfH5+bbrrp1ltv7dWrF85S7PfTTz/Fjm677bY333wTe0GfskciIjqFRqO55ZZb1q1bh8FZ0oX8vPftt9+OkXnLli2oIDXPAsMshnpMUBGhevTogZltaWmpNFQoFGvXrh02bNgpd0G0IaYiMhcygaiurkYW+eSTT6qqqvCnf9ddd40fPx6Tg40bNy5YsGDHjh2oiXMGNfGnK1kHJThVbGxscPohV6lUKlSwsLBAnS6GN+OkmtRE9MFWlEsJGmIpvUVERDz44IM33HCDr69veXn5f//73/nz5+NsxAE89thjcXFxqMyLRkREfwcD7D333IMxHLNKDKooiYqKmjJlCuaZO3fuxMCOIVpqnl337t3R0MnJCTNV9IbZLFIRRnKM52vWrBk6dGj7pSKLGTNmGFeJLikkFWQOe3v7kJCQ0NBQxCNMLDIyMhwdHTFdCAsL8/f3r6yszMrKQn5SKpX6UPNXpscKZhWNjY0yn8DJI0kI66iMExUQfQCRyNBO/+2O2KNswk7Hjh07ffr0CRMmODs7HzhwQL6WHrt+6KGH7r333ujoaOwRTcCwQyIiOhUG1VWrVqWkpGAElocYmTG3xIQ2ISEBs00MwlLzLGSYra2tnTx58okTJ/bv3682/G43ytF80qRJeIFovwkqUxGZC0Pk0LOyssIffVxcHALKnj17du3ahdMjJiYG0QRLbE1MTMREBDUl95ic8hAM+efUOgLnGODURdwZPHjwiy++iPkHSjZs2DB79uzt27djdygcP3480hgjERHR2WE4xSCZnZ2NiaXc3oCHGKvLysqKioow0UWmwdgrlc8OXbm4uERERHh5eSFj1dTUoCs0Dw4Ovuuuu/z8/DBWG6u2NaYiMjs4bTAPcHd379q1q729/e7duxGMsrKyPD09+/btGxQUhNMsJydHpVIZG5wvnHjof8KECc8880yvXr2wi3kGOIExR3nyyScHDBjg6OjYfqcfEVGngaEb2QU5BoO2fCYfJWPGjEGUUavVcgs2GGuflbe3d0BAAMbe8PDwI0eOlJaW6gxfkvLQQw+hQ4zb7TdHZSoiM4XzAX/6oaGhkZGRJSUlGzduRGpxdXXt379/jx49EJgKCwsRX1ANjG0MreQhctUpK4YtxhKcUVjGxsYiD91///1RUVHJycmzZ8/+9ddfUY4T77777kOhpaVl+517RESdDLKLi4tLc3NzYmKi/PhSv379KioqMI/FbNZY6X/BqKvVasvLyzHmHzt2LD8/X24qGjp0KCarmBgr/vq6o/bAVERmB6eEJBicUTY2NiEhITgNcIZs3bo1MzPTzc1t4MCBKEFCysjIwByi9eQD62gob3hhBSU4l3AKyVkkcxdAhbi4uEcfffS2226zs7P7/fffX3311YSEBOStl19++cYbb/Tx8UETRiIionOHMRbDZlhYGKavmNZi3E5NTcV46+vri02NjY0Yfo1VzwrpSm4Vra6uRpxqaWnB9PjZZ59Ft+hNxvN2wlRE5guxBicY4IyKiYnBmbBz586UlBRPT8/w8PCIiAgkG1RDMMLSygCnHE4nnEKA5jgtUSgnGB5iEmNpaYk4NXr06P/85z8jR45EwxUrVnzwwQd5eXnjx49/5plnMB1BTsJOJVQREdG5wLBpYfjwL4bZgIAAuUp08ODBm2++ecyYMZh2VlZWnmMqEugQvTk7O8vP7KNDW1tbvBC06+DMT+aTWcPfJ84KucZTUFCwZMmSn376CafKnXfeeffddzs4OCAS5eTkaLVaFCL9INxUVVVpNBq5XBQfH4+26enpaBscHNytWzfUwXnr7+8fFBSEU/Tnn3/++uuvUf+BBx6YOHEiyiWKybtsxoMgIqJzhmEWS4yiP/zwwwsvvIBB2NHRsbi4GLNTjOem1IHBFuumhyCjLkpkBRVQf8CAAR9++GHPnj1RgkiEbqWOqX7bYiqiDkBOEpxaZWVlS5cufeuttxB6xo4diyjTvXt3bJI/YywRjyRFyWTCxsYG6yjE2Whl+KlCQ396yEnffvvtggULPD090c/kyZPt7e0lEhlrEBHROaupqUlNTUUAwpzT2toaE9S3334b89iBAwfu3bsXs1AMzhhgXVxcwsPDs7Ozq6urMWjb2tq6ublhlEZ9iVNSDSsYkDF0Dxo0aO7cuZjTSh5CHWQjSVftcd2IqYg6Evy5YsKxePHi+fPnI9ZEREQgG4WGhuLEQPoxVjJMIOQP2xRxTH/nKEFNtN24cWNGRkbfvn2nT58eHx8vN1bLFSapSURE5y4/Px/DaUpKClIRZqSFhYUnTpxArHF3dy8vL8eKn59fXFwcRmDkpB9++CEzMxMjM7beeOONAQEBq1evPnr0KOIRCjEOg7Ozc2Njo52d3Z133tm1a1fkp5ycHNR58MEH5YtUkIrafMRmKqIOBhOF+vr6Xbt2ffTRRwcOHMCJIRMIOYvw99w6HpmccuagjpWV1ciRI6dOndqrVy90gpmHnGNYGisREdE5w+B85MiR9957b/PmzZMmTSopKdmwYQOGawy/GKU9PT3DwsKio6P37t2Lya1Go0Ee8vDwaGhoqKqqwowUywEDBqAOmmPKig4ff/zx3NzcrVu3oqZKpVKr1SgcNGjQU089hZoy+Mv434aYiqhDwhmSnp6+Y8eOPXv21Bh+Zh/nBs4cnIGISjgbMSnBaYaZCspxNnbv3h2Jx9j4X/9ydHQcMmTIuHHjvL29LS0tcRaAIVbxQhER0fnAKIrp5TfffPP666+/+OKLzc3N77//fkVFBWahAQEBw4cPX7NmDZKNnZ3dqFGjxowZExER4ePjg8EcAzWi0sKFC0NCQtAwISHh888/z8/Pj4yMRGYqLS2dO3cuCpcvX46cdPvtt3t5ecntEO0xiWUqoo4Kpx9mG01NTTjlJM3gDMEZiHNyxYoVmExgFjJt2jRseuCBBx599FGsmP7aEZWsDXhliIioTcjc8uOPP0YYwkN5Ew3ZCOVIQlBWVhYUFPTCCy+MHz/e2dkZyQZDMbaiDgZzBCNEIhcXF2zCOsKQaZp65513JiYmovnXX3+NdIUZr5S3B74kUEeFEwYnlaOjI04hJycnBwcHe3t7rOPcw0p3g379+ikUCsQjd3d31HR1dXVzc8M6TjxbW1tGIiKitoIxub6+PiEhIT4+HkEnKytLIhGo1WqkHIzS999//w033ODj44PMJJFIbiTCgHzllVdOmDAhKSlpzZo18hl+X19fDNfo9ueffz5y5Agy1ubNm8/x92XPG18VqKPCqYJYI3B2AUow4cB8AqcZzpza2trq6mrUlItJqIZ1LLEOhj6IiKjNHDhwAIHmscceGzFiBHKPTqeLjIwMDAzEJgzRV1111e233465a0ur34hFuXzMxcrKavDgwQEBAfL5MpT06dPH09MTdRobGzGtRUg6evQoBnZslbbtgamIOiqcM6Y8hBWFQiGnFtbLy8t/+umnRYsW4RQ11m71RRdERNQeCgsLQ0NDu3Xr1r9/f1tbWwzI48ePf/jhh11cXDw8PO644w5JOSiX+liRMRzwcMCAAb1797a3t0dbjOdo4u3tjbSETV5eXg899FBpaWlBQUHrUNXmmIqos5HTDHOL7du3y7dfEBHRRSAf78UgHB0djXCDueiePXuOHTuGckSlPn36yHegGGufRm6EQOWmpiaNRqPVasPDw1GIJohTISEharVafgDE2KAdMBVRZ4MTxsnJ6dZbb33kkUesra3PcgYSEVEb8vDwSE1NLS0tDQgIcHFxwQS1oKBAbgZqbm7GNPVPg78bllGOVshSyEN4uHXr1k2bNtXX12O9b9++CEaIXHIXhKF6u2Aqos4GJ0xDQ0NSUhJOHlOJrBARUftBdkHoOXjwoK+BzFFvueUWSUt79uxBNsLIjDrGBv9XVVUVgpT8JgEe5uTkpKenYzxXKpU9evQoLy/38vJCNpK329oJUxF1KjhbbG1tMbdYtmzZF198odFoUPh3ZyAREbUVjLTu7u59+vTZsmVLYWEhHiIAFRQUREZGIhVhWF63bp18vZyxwWlWrlz5888/l5WVoS2CEUIVlliPiIiIjo5evXo1UhF2cZYeLhxTEXUqCoXCwcEBUw03NzdLS8t2ffuZiIhMJMFMnDjRyspq3rx5KSkpeNjQ0LBq1arKykqdTrd9+3bknurq6jPGmuzs7BUrVqSlpWkNv/aNEgzmTk5OGNV9fX3XrFlz4MCBQYMGOTo6tuvlf4sZM2YYV4k6PpyBu3fvzs/Pf+CBB5CK9u/fj5Nq8ODB/fr1M9YgIqJ2gLCC6OPu7o556Z49ezAOazQaBKOcnJza2lpsrampSUxMtLCwsLOzQx00wcQVGhsbDx069M0336xbt67e8Ash8g7aTTfdFBQUVFRUVFBQgIG9f//+999/v4eHR7u+g8bvtqZOpbi4+MMPP9ywYcMjjzzyxx9/LF++PDAw8JlnnnnssceMNYiIqH0gzQCCTkVFxeHDh1977TUEIDzMzc1FCSogctja2oaFhUVFRVlZWaEyMpBKpTp+/HheXh6mtajQpUsX1FEoFKNGjcKQnpqa2qtXL/mRkJCQEKVSiU2yu/bAVESdSlZW1iuvvLJ58+bBgwfjJNy1a1dAQABTERFR+0GQaP2uFrIOkk1lZeX999//73//293d/dNPP920aZNs1el0qIxkI01QE7GpubkZD7GCEkQiLy8vrVaLtATh4eGzZs0aOnSog4ODpKh2TUW8r4g6FZxv9fX1mEzY2NiUlpaiRCYuspWIiNoWBlikIiyrq6tLSkqwxDjc2NiI+ILhd8+ePQcOHMjOzkYdlCP9oCZyj5OTU3R09MsvvzxnzpxbbrnF3t5eBmoLCwusVBmgK7Va7ebmhmDk6OiITe19oQh4rYg6lZSUlCeeeAJnJuYoK1as2LVrV2BgIE68e+65x1iDiIjajqSZLl26LF++fMmSJUhCPj4+mJ0ixKxbt66urs7S0hL5BmEDk9Vhw4b17NkTecjZ2Tk/Px9ZZ/To0fJrBAcPHkSEkp858/LyQj+ISpjcduvWbd68eWiCpIWohE58fX3bLxvxbmvqVHB2/fbbb5heTJo0KSQkZNOmTZiRXH311d27dzfWICKitoP4Iu+gyWfHdu7ciQzk7e29du1alE+cOBHTVKQZhKfg4OCnn3561KhRxw327du3fv36xMTEw4cPY+gePHjwzTffjPQTFRUVHx9fWVk5duxYBKD09PQTJ05girts2bKFCxeit969e9va2hp339aYiqhTyc3NxZwDs5YxY8YUFhb+8ccfmFj0MTDWICKitoY85Obm1q1bt+LiYoy6jzzyCEJPUVGRlZUVlhYWFv7+/jU1Ncg0e/fuXb58+Y4dO1JTU5GWFAoFxuo9e/agoaurK4IU6iMJZWVl1dXVIS1hq6Wl5YEDB1DSt2/f8ePHIzYplUrjjtsa7yuiTsXOzs7Pzw+pCLMWnEs6nQ7zGLVabdxMRERtCuMtQo8sHR0dAwICEhMTjxw50mK43wjriD4YipFjkHK2bNmCSJSZmYnCpqYmjNg33HDDc889Fx0dnZSU9NVXXy1cuHDjxo1o3tjYeOzYMRRiMB89erSDg4Ovr+9DDz0kv8Zv3Hc7YCqiTgUZSL7PWj6ngHPS1tbW29tbthIRUZvDeIslghGW1dXV2dnZb731FjINQo+LiwvGYUScvLw8ZCOMz4CB2tDuX7W1tUuXLt2wYQOGa6Sf0tLS/Pz8mpoa1Ee1f//73wMGDEBlZCmkqObmZkQrZC9p206YiqhTUavVFRUVmFVgJS0tTS7qdu3a1biZiIjaB8bbzMzMzZs3I8FgpaGhoaysLCMjA3HHysrqjL91j4E6ISHhv//979GjRxGeQO5SghEjRjz++OPXX389gpGTkxMq5+bmJiYmIhtJ23bCVESdCs4lnIEqlQrrmKZgVoG5Rfvdl0dERCbIQAUFBTqdDmMvRmOEobvuugv5ZvLkyfb29nIx6RQajaampqa2thatpMTGxubOO+984YUXevTo4enpiRJUQBhCrtq+fTvCllRrJ0xF1KngPFQoFD4+Pt26dYuLi5OSM56KRETUtoqKijApxaiL9ZaWlqFDh4aGhiLuoMTS0lLKT4dyIQ/VavXBgwfffPPNRYsWlZaWFhcXyyUiVEA8Mr371k74akGdUElJyW+//bZx40as48ysr6+XciIiaj9KpfKKK/TfgyjZJTIy0tHRMTAw0MPD49xnp97e3ohWBw4cQD9opdFokJPkSpIkJ1N+ag9MRdSpyAlZV1eHGUZGRgZOJEQihCTjZiIiajc2NjbymXkJLg4ODtdee+2sWbMmTpzo7+9/jsHI2dnZ3d0dQQpxynSFSW7obr8vbzRhKqJOBRMUJCHEoHXr1lVVVVlYWCAh5ebmGjcTEVG7CQ8P9/T0NGWXioqKd95554cffigrK2tsbDzHazxZWVlJSUkqlQr9SJBCQ2nbp08fBC9JSO2EqYg6FVtbWx8fH5wz2dnZTU1NWLG2tubd1kRE7Q3BpVu3bnfccYe3t7cEF0xT4+PjR44c6eDgYGdnd45pBjPblpaWmpqatLQ0zGmbm5sxv0Whn59f37597e3tJSG1E/4OGnUqarUa84zi4uLa2lo8xEno5OTUo0cPNzc3qUBERO0BcQJD7u7du1944YWEhISGhoY33njD0dHxwIEDyDfJyckajQZ15PJP65umJYdIZsISsFWpVH722WfIRljm5+fj4fXXXz9nzpyAgACpY2ja9piKqLPB6QSmL8bAGahQKNrvFCIiIkCcwMDb1NSUl5e3YsWKefPmde/e3dLSsvXH6TFNbTaQyijBcI11DNHyfhkearVaBweHsWPHvvjiiz/++OMPP/ygUqkmTpz49NNPR0ZGosNzvD/p/PB30KizwdklSUhYWFgwEhERtTeMtAg6GHU9PT179epVV1e3b9++nj175ufnY0zu06cPKjg7O8un67EOaKVUKq2srLDEWI2HCD3W1tYIRh4eHtXV1atXr8bDe++9d+rUqaGhoTKeC8M+2x6vFREREdGFkss/klcQX9asWfPMM8+MHTu2e/fuv/zyy9133z1//vyDBw/W19d369YNWefQoUNOTk5Dhw51c3NDKzQvLS318fFpbGzctGkTwhM6UalUr7766oMPPuju7i7dohoyVvulIt5tTURERG0AqUVgvby8vKqq6ttvv127du3x48dfeeWVXbt2VVZWIta4uLhIHTs7O0QiZCOwtbV1dXWtrq4+fPgwqmk0GuQnxCylUmlpaalQKLCCPISG7ReJgNeKiIiIqC0hWmzcuHHGjBnFxcXIMfIdjCDXhBBxsJT30ZB1TDlEVlBZq9U2NTXJh9FeeumlBx54QK4VXQRMRURERNSWEGiam5szMjIaGxtNdxEB1rEVwUPeBcMKyIo0lPWqqqrs7OySkhK1Wj169OiBAwfa29tjk9RpV0xFRERE1JZaWlqQe5CBzi9joLlcKEJzKysra2trrDAVEREREV08vNuaiIiISI+piIiIiEiPqYiIiIhIj6mIiIiISI+piIiIiEiPqYiIiIhIj6mIiIiISI+piIiIiEiPqYiIiIhIj6mIiIiISI+piIiIiEiPqYiIiIhIj6mIiIiISI+piIiIiEiPqYiIiIhIj6mIiIiISI+piIiIiEiPqYiIiIhIj6mIiIiISI+piIiIiEiPqYiIiIhIj6mIiIiISI+piIiIiEiPqYiIiIhIj6mIiIiISI+piIiIiEiPqYiIiIhIj6mIiIiISI+piIiIiEiPqYiIiIhIj6mIiIiISI+piIiIiEiPqYiIiIhIj6mIiIiISI+piIiIiEiPqYiIiIhIj6mIiIiISO+yTkUnT55saWkxPjA8hD///NP4mIiIiC4nl28qQvrRarVIRfX19fn5+RqNpkuXLigxbiYiIqLLzGV9rcjCwqKxsXHBggW33377G2+8kZ2dbWVlZdxGRERElxmLGTNmGFcvD3/++ecVV1why4aGhuXLl7/55ptpaWnp6el1dXURERFubm6y1djgHJxL/X/aJxEREV1kl10qAnmbrLGxccmSJW+99VZBQUGXLl1UKlV2dnZJSUl4eLinp2dLSwtCzLnkGMQdVMYSnRiLzkRuYGIwIiIiMlv6qybG1cuD3FJdVlb27bfffv3110VFRQqFwhRrHB0dr7322lmzZvn4+KDa2YOOQEOdTldXV3fs2LHm5uZTcg+2YpOdnd2IESNsbGyMpURERGR+LrtUBBUVFV9++eWHH35YW1trYWGB9KPVapFmlEol/jXc3Nyef/75u+++29nZ2djgf0Hzo0ePogk6PP1qEKLV0KFDsTt3d3f0z8tFRERE5ulySUUtBsg96enpCChLly6tqalBXkEhwoqLi0tmZibWFQoFIo63t/eNN9746KOPRkdHoxDVwNjRmSBXlZSU/Pbbbw0NDegBlRF98A8L2dnZx44du/rqq6dPn85buYmIiMzZ5ZKKdDodkkpqauqzzz67ffv2pqYmCwsLxJSePXs+/fTTISEh8+fPX7JkSXFxMWIQajo6Og4bNuyll17q06fP/0xFgGCEPquqqo4cOVJbW4tshE7kKpSPj0+/fv1sbGwkMBkbEBERkZm5XFKRWq0+dOjQW2+9tWXLFjxl5BWklt69e3/yySdxcXFISAg02PTRRx/t378fW9HEzs5u8ODB//nPfwYMGIAK0s9ZNDc3o4eHH364oaHBWPSvf9na2k6ePBn7xTr2yFRERERktjr5i7RkPsSUH3/88a677kJqaTHcWK1QKBCJnn/++fj4eKyjjqur69ixY59++umYmBilUokSjUazY8eOl19+edeuXVqtVrKUvtO/ga2NjY2VlZUVFRV1dXXV1dVYB7RFGEIkMtYjIiIis9SZU5FcEEIkWrx48YsvvpidnY2gg1RkZ2c3evTo9957b8yYMQhAFhYWCEbg6OiI8nfeeWfYsGEODg5ojsr79u1DeEKcam5ulkRl7P00qI86gAyk0+mksoQhuUoEUpOIiIjMUGd+nUYWycnJWbBgwZw5cyorKyXQIO5MmjTp888/79evn6WlpdQ0wdaRI0e+9dZbCEYITAg3Wq328OHDr7zyCoKRxCxj1dOgt/Dw8JiYGFQzBaCzpCgiIiIyK50qFSGCCKwjmqSmpk6fPv3ll1/OysqSmOLs7HzllVc+8sgjvr6+qIaII/XB0IG+lYWFRc+ePV988cVrrrkGQUfqHDly5KWXXtqwYUNdXZ3UPJ0EJlmaOjQ5vYSIiIjMSidJRcgcCDQtLS1arRYrKpXq8OHDzzzzzNq1a+UTYajg6en56KOPzp07t1u3bsguKERl0Ol00gOaoy3KEYb69Onz6quv3njjjTY2NihE/cTERESl77//vri4WHYnuzZpbm7Oy8tLT0/HuikDKZVKW1tbrEjnUkhERERmqJOkIrlCA8g09fX1ixcvfuqppzZt2qTRaCT9eHh4IBI999xzfn5+KDE1McUjuQ1IggsKEYx69er1+uuvDx8+HBWwtUuXLsePH3/33Xc/+uijqqoq0x5NUM3JyQk7wrppK1IRumIeIiIiMn8d/nfQEGUQQRA7wMLCoqys7Keffpo1a1ZaWppsQqDx9/d/5JFHpk2bZmdnJ9VMbRGhkpKS9uzZg4c+Pj7yRptkGiwdHR0DAgKampqKi4sbGxtRqFars7KyUBgREYG4g5LW6urqtm7dKj+sJpeLsBITEzN69Gj0JqQmERERmZuOnYqQPHQ6nSl/IN98+eWXn3/+eUlJCR4iAKG8X79+Tz755H333efk5IQSySVy7QeRaOXKla+//vqvv/6KQBMWFoY6cmVIaqKOn58feqiqqkLMQiRCoQQpX1/foKAgKysrU59arTY5OfnHH39EBZTIUaHDkSNHDhs2DH2iUGoSERGRGeoMqQjZBRISEt58881ffvmlurpakg0iyIABA95+++3Ro0c7ODigPqqhEE2wRAWEm6+++mrHjh0NDQ0nDFxcXNzd3W1tbSU2gYWFhZ2dHQpRUlFRgc7RT01NzbFjx2xsbBCksNVwLPrvN9q/f/+iRYskDwHahoaG3nLLLV27dkV4Qm9MRURERGarw6ciLJubmw8ePDhr1qw//vhDrVbLfULIN8OHD3/ttdcGDhyoVCoRR0yJBCsqlWr9+vXff/89IlFTUxOaoJPc3FxkHWyNiYlBMGpd38vLq3///shGxQbIN4hHiYmJCFu+vr5OTk6ohp2mpKQsW7ZMmmCJat7e3ldddVVUVJTELFOfREREZG46ZCo6efIk8hAgZyDNLF++fPbs2cg3SB7YqtPpPD0977///ueff7579+6oY2FhIfkJkEsaGxt//fXXmTNn7tmzp6GhAVvl6hG6LSsrS0tLs7a29vHxcXR0RKFpR3Z2dgg3QUFBSE6ohlZoe/To0aqqKpQjhKGT48ePr1ixAntBfdkjqkVHRw8YMAAP0RsYjoKIiIjMTsdLRYgXSD+gUCiampoWLFjw7rvvJiYmSjmWPXv2fOWVV+677z5fX1/UkSs0iCzSpLCw8MMPP/z4449zcnK0ho/xSyusAFbq6+sPHTqUmZkZEhKCHrAVzRFu0I+VlZW/v3+3bt1KSkoyMjJQolark5OTEaSCg4MRpLCybNkylAN6w9FiBanoqquuwoohFDEVERERmamOl4okWCCmIHb89ttvM2fORIJBCSIOQs+kSZOeeuqp0aNH29vbo4JkEWkFBw8eRCRavHixXOyR4NIa6iiVSmSd7OzsgoKC8PBwxCBpK1vRys/PD+UIRidOnED/2C9qNjQ0uLq67ty5c8+ePaiDyrL3gICAf//73/Hx8UhXpoMhIiIiM9RhUtGfBrKOeFFVVfX9999//vnnKSkpiBrIHIgvU6ZMefzxx/v06WP66kXUlHSi0WhWrVr17rvvyvc6ogT9nDEVAXaEYFRUVISaPj4+vr6+qC97lz5RGBoaWlxcjGCEcuwdwSghIeHAgQPSuf5Y//wT8Qip6Nprr42IiJDDQHPZEREREZmbjnStSGf4EmpEjfLy8rkG6enpeIjysLCwZ5555u677w4JCVEafvEeEQTkjTMkEkSo99577/Dhw4hH2IoSCS76fv8v2YQVtM3NzUXu8fT0RLdSKN1iF15eXigsLS2VL7NGiiopKampqTH0qieVUe2qq65CKjLELUYiIiIi89VhUhHCCiCOZGRkfPLJJ/Pnz5fPgiH0dO3a9fnnn7/lllvc3NzkjSpABEF9heG3Pn799VdEotTUVAlMqCN9ngWao7JWq83Pz8cePTw8wsPD0a1swhLr3t7eSGOIaGlpaSjEvrBHyUMCdZCKrr76arRlJCIiIjJzHSAVma67QEpKyltvvbVs2bLKykq5fadXr17PPvvsDTfc4OjoKKEE5YggoqSkZMmSJR999NHx48elHBVQzdDx2aCm9I/KiF/p6ekIRpGRkShED9gqdRCMgoKCsDUvL08CmaG1ER7KtSKkImMRERERmStzT0U6nU5+y6yxsXHx4sVffPHF2rVr6+rqkE60Wm1AQMC77747atQoRCJURiFqIp0AIktSUtL777+/YMECpBaEG0A5ltLz/2SqD+Xl5egEEScqKgo946iwROjB7lAYGhqKw8vMzER9S0tLlONI0IqpiIiIqAMx91QkF4oQjBCJZs6ceezYMbkxCPkjNjb2ySeflJ+1R0xBEEFSAcQRpVKZnZ39wgsvrFmzpqysDCXSz/lBuIHS0tLU1FQnJyfTTUIoxBLByNvbOzo6God06NAh1MfesTs8RAWmIiIioo7C3FMRgkVjY+Ps2bPnzp2bl5dnev/rmmuuef3117G0s7NDJNLHllaf8Nq3b99bb721ceNGlUqFhyi/kFSE3IPOsVJeXp6cnIy4M2DAAIQw2Qro3NPTMygoqK6uDrkNFbBHuVbk5+c3evTokJAQY1UiIiIyV2aaihApANkCSWjOnDnfffed/OAr8gcKEYYQevr27WttbY10og9Ef30CH4lk8+bN//nPf7Zv397U1CQpCkswdn1eDIej76eioiIjI8Pe3j48PNzKykoCEPaL5OTm5hYWFoYSVJBfEZGtKOzTpw/qGPsiIiIis2SmqUjyRFVV1fPPP//rr7/W1tZKskEGuvbaaxGJ4uLi5C0zpA0s0QQP6+rq3nvvvffffz8xMVGr1Uo/hv4uiOwaEIzwsKGhISkpCfvt37+/lJiOxNXVNT4+3tPTc9++fQhGiE3yu7NY9u7d29LS0tAfERERmSNzTEXIHwgZNTU1r7/++s8//4x4gXCD/OHu7v7II49Mnz69W7duqIOaCoVCmqC+RqP55JNPvvjii4KCAkOGOafPmv0j2IsEIKSc1NRUGxubPn36YEcoAVTAuqOjY3h4uI+PT3p6enl5uVKpRKRLS0vDU4iIiLC3t5euiIiIyNyYVyoy5ZiysrJXX3110aJFcmMQ0kZMTMzLL7983333+fn5oRpSCAKKPvsYQolOp1u9evXHH3+cnZ0t5W1ylegUEn3QM/qvr69PTk5G6Onfvz/K5ZCwtUuXLg4ODkFBQXi4e/duuTe8sbERIQmFXbt2RZKTY9b3SERERGbDjFIRsoJWq0WmKS0tfemll3755ZcGww/aYxPyxJw5c6699lpnZ2fEDhSCKYug2pdffvnuu+9mZmaiHJ20RyQSOEgsJb1VV1cj63h7e4cbvuARhXJfNg7J1tY2IiJCvvy6uLgYrXCQqIzjDw4Otra2NnRGREREZsSMUhHChE6nW7Ro0fvvv7969WqEG4QMlPj7+7/xxhuIRIgaxqqt5OXlIQ8hFeXn50tOAuO29oRjg6qqKvk0fu/evfHQdBEIK4g+3bp1GzBgAJ5CSkoKjqq8vHz//v0lJSXR0dFOTk5Sk4iIiMyEGaUijUaDMPTyyy8nJCRIsrGwsBgyZMgrr7yCSISQcUqMQPLIzMx8+umnf/31V7mqhBIwbm5ncjA4zpqamuTkZGS4Xr16WVlZ4QBMx4lD8vDwcHBwSEpKKigo6NKli1wxwjONi4uzt7dnMCIiIjIflz4V6Qy/+drY2Lh169bp06fn5uZKuVKpRBiaN29ejx49bGxsWgcINGlpaSkvL//uu+8WLFigUqn0F4gMLlowwl6wO1mvr69PS0tDMOrTp4+lpSUOD0cr7/QpFApHR0ekJSQnRCK0ampqysnJwfGHhIQ4OTmhMvqRZ8eQREREdAld4lQkCaa4uPhLA2QL0w06119//ezZswMCArAulQWaoE5JSckXX3zx6aefImqYymXl4kMSQjJLTU1F4unZsycyEJ4CIpGkHGtr66ioqNjY2LKysry8PJTgmJOSkpCNunXr5uHhYehDH4mYioiIiC6hS5yKdDrd3r17Z86c+cMPPyAxIO6gxNXVtUePHiiMjIxEvEChsbYB0k9WVtZnn302d+7c2tpaY+mlgyiDAIQVeXcMR9uvXz+l4cf5JejggFEhMDDQ19c3Ozu7qKgIm7RaLZ4FHnbt2tXb2xt1QOrrOyUiIqKL7tKkInnPSKVS7du3b/r06Tt37lSr1ShHJEJ0mDVr1pNPPolIJHnIFBSQGxAmEhMT33777UWLFtXX15tDhsAx4OlIrGlsbCwrK5Pfi0UwwtNBISrgieChv79/z549kYoyMjLQBFsRBLEeGxuLJqgp/yxYkW6lfyIiIro4Lk0qwkt+XV3d6tWrX3311aSkJKQBFCIleHh4PPjggw8//LCnp6e8A9U6HDQ3NyNFvfnmm+vWrUP+MJaaAX0gMsB6RUVFSkoKnogEoxbDb8QCngiekaurq4uLC54yqsn3HhUUFGRlZSEY4SmjDv4pTG+9ERER0cV0aVJRbW3tkiVL3nrrrbS0NCQAiQ69e/e+6667HnroIScnJzw0Vv2LVqvduXPnnDlzNm3aJF+NaIYQaHDkZWVlqampCEAIRvJtApJy5Gn6+voiGDU0NKCaPJG8vLz09PSoqCg/Pz8JRlhKEyIiIrpo2iUVyVUT0+u6PMQSr/eIBZWVlb/88gvyTVZWFmIECq2trXv16vXRRx9NmDABYQI1T0lFzc3Nx44d+89//rNt2zbEI/QsfZohOXj5dX2lUomgg5CHcrkehq1WVlaRkZGIgIhEBQUFTYafsM3Pz8/IyIiIiAgICJBqoO+Ob6URERFdLG2civDaf/rLOUpaDD9khpKKigr5nsacnBy588be3v7mm29+5pln+vfvL1dWWkcitCoqKlq1atVPP/20bt06xCNDYDDfSIQlniyWCH8JCQmIPghANjY2OHJEQIXhy6+x9PT0jIuLKysrQ9rDJtQvLCxEMAoLC/Py8rK0tET4kyB1SkAkIiKidtLGqUjuL8YLOQKQKRVJVMIrfV1d3Zdffvndd9/l5uYiGSA9ODo6Tpo06ZVXXunWrRtKWrcCtCooKJgzZ857772XmJhotm+cnRGeTmNjY0lJibW1tfwurOnZYYl/KEQl/EPV19cjKTY1NaEQT/b48eNoGBgYiPoIRvKWnHRIRERE7aqNUxFyDF7d8UIuV02kBKlIqVSWl5cvWrToo48+ysvLQyFe8l1dXW+//fbnnnsOIQA1JTEIrKNOTk4OItS8efMQp1AiV5vAWOn/kk0gMQIrUt62ZBenMG77v1COTFNTU3PixAkrK6v4+Hj8I+BJCTwXHGdoaGi/fv2QilJTU+UKE4LRwYMH0TAmJsbBwaF153+3IyIiImoTbZyK8EoPeP3Gq75cN0KhQqEoLi7+4Ycf5syZU1JSgofY2q1btylTpkydOjUgIEAChDSR6INWR44c+eyzzxYuXFhdXY0+JUagGjZJt6eQTtC54RCMweiMNc+b7ALkSPBQSnBsxhr/l+wdwSg7OxvJLygoCMEIcRDlWJFOnJ2d/f39NRpNenq6Wq1GSX19PUISKkRGRtrb28u/iTx97E56JiIiojbXLndbA174W1paJKNkZGR88cUX3333HSIRHuIFPi4u7uWXX77zzjvd3d1NL/ZoggQgF1R27dr16aef/vLLL4gUsglLJAYsTfmgNSnBHoXUAaygSRtCh0L2ggOTYzsj2YoDq62tzcrKwlPz8fGxtbWVfxY5bPTj5eXVq1evoqIihCeVSoVq8uXX2BoVFeXg4CD5UnKYsWsiIiJqa+34YS6EhrKyshUrVvz3v/89fPgwXu8lBPTo0eP111+/+uqrJQBhKfWxjiaVlZXz58///vvv8/LykAb0Gcfw1pLECASI2267DaEKJRJKUAhYQeXk5GTkD61W29zcnJCQkJubKzcyXyD0LysuLi5Dhw61tLSsrq6WX+poamo6evSofAWlwFFpNJr6+no5bLRFmpGDd3JyuvLKK5988sn+/ftLwgO5dIStOTk5+Lf69ttvT5w4Ia2wuwkTJjz11FMxMTHoVjpBE6kvzYmIiKittHEqkqsaCoUCy+PHj3/wwQdbtmwpLCzEizpeyOGmm2666667hgwZ4ujoaCo0NjZ8buvtt9/+5ZdfpAlyAPoBbJKaffv2/frrr21tbXft2uXm5hYeHo49ylasVFVVIaCEhoZi+dBDD+3fvx+dGDq+IHIYDg4O06dPx/HLc3R3d8cmpK6MjAwkG6mJJIRIdOTIkc8//xzBSApxbLJEK3t7+2HDhj3//PMIRkhXKJdnJyt4+hs2bHjnnXcSExMlNmGn11577XPPPRcbG4sK6F+ykfRJREREbahdUhFevFNSUr744ouFCxcioMgLOQrj4uJQKPcdo9DY5i9oWFRUdOutt+7Zs+eMaUY+w//II498/PHHhw4dwkMPD4/WNdEnwsRVV12FDDFt2jQcg3HDhZHjRwxasGABDnLdunUIK5Ja8NAUy7Du5eV19dVXb9269amnnjr9E3NogryISHf33Xe/+OKLpt+FFWiO59LQ0LB+/XpEQ0Qr1Ee32Nc111yDZz1w4EAEKewO5af/6xEREdEFavvPoOEFu6SkBK/rK1euVKlUeAmX95L69ev3wgsvDB06VPLE36WiRYsWlZWVGYv+LzQJCQlB8vjyyy/z8vJKS0tzc3NzWsnOzkY5skVtbe3evXubmpqMLS8MogkgzYwfP/7o0aNff/01Ot+3b58skc8OHjx44MABrFRWVvbt2/fEiRMbNmwwNm5FsiBiTVBQ0IgRIxwdHY0bDPD08Q+F3IOtzs7OCQkJ1dXV2C/K8TSzsrJQGB0djRJUliURERG1oTa+5KCPD4YXbK1WW1VVhXW80mM5cuTImTNnjh071srKCslAgtEp8PJfXFyMRIUVMJa2gj6xtaKiAmEL0Qc9N58G5f3795cv+zE2awvoFoeEPSKK1dXVIXUhstQY4GkKWS8oKDhy5Iix2f9lel7oR1Zaw7+SQqHAvwwO/tprr33vvffwz4Wa0NjYuGvXrnfffXf+/Pn41wNjGyIiImo7bfz6ihdsvLo7OzsPGTIEL/CIJi4uLlOnTp01axZKbG1tsRXlWBobtIKggJf/s1zgsbGxCQ0Ntba2ViqVdnZ2jgbYFzg5OWHdwcEB5b179/by8sJeDCGkDd4fbB1EEI80Gg2W8rA17AsHr1arT3/vTKAVSPo5/V8AJbIjHDmezpgxY55//vkJEyZI1EOfaQbG2kRERNTW2vi+IoFX8SNHjjz88MN4FZ8+ffq9997r7e2NHeH1HoyVToNWe/bsmTx5ckFBgT7OnHZgrq6u6BMZC91iK2IEsgIgCZlSCwJHbGxsVlbWHXfckZqaKoUXCJ1jdz4+PkuXLsXD9evXI/pIrEHswzqelKWlJbIajrB///6//vrrxx9/bGj6/6G+NEF0e+211x544AF7e3vZdLoWw8f+0fOBAwdeffXV3bt343nFxcW9/fbbo0aNwibT8yUiIqK20l7fV4RX8fr6+uDg4KefftrX11dCDNKDJIMzwot9ZmbmokWL/u5ykY2NzcCBA6Ojo1esWJGSkpKRkeHh4REQELBlyxaEsOzs7HSDsLAwVEY0qaiokIYXyJRm7rzzThcXF1tb26CgIDy10NBQHM/o0aOHDBkSERGBSBQTE4Mnu9dA2p4OzW+66aYePXqcJSACcg9ilpeXF/aVk5OD53LDDTdMmTIFhdh6ln9GIiIiOj/tcq0IWlpaysrKtFqtfHW1pCLjtr+BJuvXr580aZLpM+2nQOx44oknRowYceuttzY3NyN4IZFERkZ+9913tbW10r+1tTUeFhUVvfDCC6WlpdKwTSDu/Pbbb2vWrFm+fDmeF3aHA+jZs+ebb76JBIbC6upqZKOJEyd+//33a9eulWdtbGwgJXgWn3zyCarJJ/PPDvUbGho2btz4zTff4F8GsUyn06GfsycqIiIiOg/t9UYMXra9vb39/f0lrMjyXPzPlIbwhNgkNzgjiDQ2NsrDSoOamhrkBpVK1bZ3W4NkGiSt1NTU48ePJycnJyUlHTt2LD8/f+XKlTt37kxPT8d+XVxckNhQ/38+kXNx0vATcsOHD3/nnXdGjRqFp4aSNumZiIiITtGOt6cgRrT57S/o09QtVjw9PcPCwmxsbPDwItxqI3tHLAPsDukEK4hihYWFcvXI2traw8MjKCjI2OCCyZPCE4yMjJTvjZRjMGwkIiKittTuSeIfUSqVFn/9wqux6P+SQGCKBagm99nAyb8+F9be8cgQS/TZCHvU6XRynzXK8bC+vr6urq6hoUFqXjjsCP3jH0S+0QAr8k9k3ExkfuS8wDwB5wivaxJRx2JGqQgj6d69ezUaDV77zziYqtXq/Pz88vJyZAU8lCWygqyYXISBGLsQ2LuHh0dERAQKEVYCDCSfnXJU503CEFbaqkOidoW/WBP+0RJRx2JGqQhhIicnB/NLxCMEDmNpKzY2Nn5+fk5OTmfc2t5kfD9llJfrQ8XFxbKOpYuLC4IRVi7JQRJdcg0NDcuXL58+ffrixYurq6t5IhBRB2Je76AJiRenw/BqYfhmIONjw6zUuGa4VCMrbT49xV6USmV0dLSj4RdtpUTe5oOKioqCggIUYr/Q1NRUV1dnaHcqqQCyLoVEnUxVVdWhQ4eWLl06e/bsJUuWlJeXY6pjgrOYOYmIzJZ5pSJT5pCHp0Duqa+vT0hIMMUO1Mc4K+uIKe10ww0SDMZxzIA1f32rNXaEEpTjUFsHNRSq1WqVSiUPTyEvBjqdrqSkpK1+o43IDOE0wd95YmLiG2+88fjjjy9fvrympgZ//xKMjJWIiMyPeaUiGTElcEiJiSmCYLR1cHBwdHS0sbEpKysrLCzEJjs7O7RFQxSC5I+2gt6w0yKDvLw8rAtJSKZ30JCH8DKwZ8+ev/ueJBw/optWq01JSWlsbDSWEnUucibKOYhzYdmyZdOnT3/nnXcyMjJQcvqpTURkPswoFalUKoyhEjXOSKlU+vn5jR49+u23354zZ84zzzwzduzYCRMmzJw58/nnn7/++uuHDx8+ZcqUmJgYd3f3c/mOxHOHQIMOraysfH19g4ODcRjybUy9e/cODw8fPHgw1r28vJDVEHr+7h00vE7gBQOd9O3b18XFxVhK1CngzxtZPzMzc+fOnQkJCViXYASYunz77befffYZtkoJEZF5OvX7ly8VHAZGTCSblJQUhUKhO9MN105OTuPHj3/44YeDgoIw45Qpqelds+bmZpTIB9cPHTr01FNPFRQUnCVjnTtEIoiPj8fIjuiTl5fX0NDQ1NSEHeFIkJPwApCWloZUh63Ozs7vv//+vHnzjI1bwTHjgN3c3D799NObb75ZPs9P1DlgMrBmzRr85R8+fFitVuNkRGHrsxjTialTp959992urq68YkRE5slcUhGUlJRMnDhx7969GDFP/2ZqFFpaWmKotbGxCQwMNI2qcvzyENkFD7GsqKiorKyUX5s31LogSD/oE3u/5pprevfujdAme8EmpDf57RFsRSF2J3c+bdiw4fRd4yBR5x/94gdRR5GVlTV79uwFCxZgwiB/6sYNBjhHUNivX78XXnhh1KhR/OMnIvNkRqkIc83JkyevX78eo+fp14pQqFQqkUWwSaahp0AF45ohKklqOWPNfwqpCJ1jid4wuBtLW82DTbuWEtkpjtNQ9v+hGiowFVHng792zGfefvvtjRs3Yj6AU+CU81dOIgcHh8cff3zatGk4C4wbiIjMibncV4QxFKmoqqoKK8K44S8oaTaQTWesILCO8RdD8+lXa86PjPLYNYZ+jUajVqvlSLRaLZZSgqWUYAWVT49EQrKaHCRRJyAnWllZ2Zo1a/bv349T4PRIBHJSVFdXIzbt2LGjqakJJWho3ExEZB7MJRUhx7i4uISEhEhuMF19OQWGUdOYq09AZ2IYpfU/oQrS6gJJVyDrWMouQB5KuZTIuhSeQq4V2djYWFtby9Mk6tDw9ywqKyszMzPl4/dg3Hwm+/bt+/XXX/Py8v7uHCciuoTM6LUZU8n6+noJFp0SXgbA2dnZ09Oz9TtxRB0aJipVVVXV1dV/d4m0NVQ+cODAhg0bzviBUwlVYHxMRHRxWcyYMcO4eqlhKNy0aVNycjJWOmU2ksmxpaXl8OHDIyIieLmIOjoJ+ohE69ev37Ztm42NTXR0dGBgIFaaDe84nzHf1NTUZGVlFRcXo46trS0qmyYJqC8Xg+VkAdMKEdFFYEapCGPl4sWLMzMzMSaCsbQTMbyC6O/aRiqKiYnh5SLqBHCqpqamLly4sKKi4pFHHnn66af//e9/h4WF4SFyz+kfJgU0QZA6fPjwrl27srOzJSRhBXnI0dER54Wc/nK+SBMioovDXC5XYBwsKytLSUnp3OMgnqZSqeR9RdQ5SHyxsrKyt7ePjIwcMGBAdHQ0IlHfvn3xEH/n2HrGM/rkyZPNzc15eXmYCD377LNTp059/PHHX3vttd9++626uhpnB3oWxgZERBeFGaUizBQxs4TOPRS6urp6eHjwQhF1Djhb/f39b7755uuuu87b29tUiNxzLieyTqerqakpLS3NyclZvnw5EtKsWbPS0tIkGBkrERFdLGZ0xQJzSrmloLOOhvK88DTlu1ukkKijs7W1HT58+A033IB4hD9sBBqcyKabis5yOutP9b+2YgWt8vLyVqxYsWrVqrKyMpwmsomI6KIxr/dxTENkZ4WB3tXVlT+CRp0DMhDgr9rOzg5/1VZWVijEWezs7Ozl5SUPz50+Iv35Z35+/pIlS7Zu3apWq9G5cRsR0UVhRqnIdMm9sw6FeF54gphDY05sLCLq4PSxyHDCtj5/PTw8YmNjEYxMFUBf+xzg7EhPT1+/fj2W+pRkYNxGRNTOzCUVYdB0dHT09PTs0qVLp7znxvTCwFGeOhP8VVsY4Mw1/YUrlcqhQ4fee++9vXr1kh9sBtl6dtKbSqXat2/fnj175AvMtFotlsYaRETtyYyuFekMv6chieFcBtCOxfS87O3t5bM5RJ0G/rBN52xLSwtOZHd399sMfHx8zvHOaxMErOzs7OXLlyckJEjPnEgQ0cVhLqkIo15dXR2mhp14BJT5Lp4gZsNSQtT5GGKMPiG5ubkNGzasT58+lpaW5/iusencb25uPnr06KZNm4qLi8/xOhMR0YUzl1SEQfPIkSONjY3yidxOGYzwpGRw5xBPnRhOYcQgpVKJle7du0+cOBFLrGMT8o1CoZD1v6MzwMlSUVGxdevWhIQEDA5nb0JE1FbMZazBcBkbG2tlZdW5byCQtNcpMx+R0F8pMnw+H+vW1tbjx49/+umn+/Tpg8Jz/PtHBUA2OnTo0DfffLNv3z7jBiKidmYuqQhhqKSkpLm5mZNCos5Bko0Eow8//HDKlCnOzs7nOO1BhMJMCQPCgQMH1q9fn5+fb9xARNSezCiCYADFUNjS0oKlQqHAmAgMSUQdFE5ewOlsZ2fXr1+/p59++qabbrKxsUFaMtb4e4arRfpqZWVlu3fvlk/p/9O7tomI/ilzyRwYOu3t7ZVKJdblNgKsIxuhXCoQUYcjcxucxVhGRUUNHjzYz88PZ7dx81lhHNDfYaTTlRjIfMm4jYiofZhLKsKQd/To0aamJhlGbW1tZZbJqSFRJ4ATHMswg3/6hWTV1dWFhYUqlUp/+cjAuIGIqK2ZSypCEsI80sHBQW47iI2NVSqVnf6XYukS4uvrxSSTHGeDc7xWZGL6PyXXinjFiIjajxm9g+bk5IQVpCKdTrd///66ujrML/m6Re0Ef1r4Y8Pf2Dne/0sXCOe4vDN+frEG/7/Q8PzaEhGdI3NJRadobm5mHqJ2hVdoCUb8S7tofHx8goKCLC0tjY+JiMyMGaUivjjRRaYw+Kdv6NB5kGs8SqXSwcHBxsaGl3yIyDzx9YAua4b3ZPgK3e5kziP/1Jz/EJHZMsdUxFcpok6pdTYiIjJDZpSKTGMlp5JEnQxO6paWFisrK19fXzc3NwYjIjJPZpSK5A5rDJe8z4PIDOH0rKqqSk9PLysr0xl+wPXc71XHeW1hYYH61dXV9fX1KMFpjkI532VFahIRXULmkj8wtmKoxWySd78SmSeVSrV8+fKHH374nXfeSUpK0mg0556KJPqo1erKykqkIk9PzwEDBkRGRspX2CMwGesREV1S5pI/MGJioLSyssIge47jLBFdTDqdrqio6OjRowsWLPj444+Tk5P/6RxGKuMEj4+Pf/XVV++44w5nZ+f/+bVkhgtJesbHRETtxryuysjUkxNHIjNkZ2cXHR3t5+dXWVm5evXqxYsXp6enNzc3GzcbyCmMpWQdkHJZQa6Scqygt549ewYHB6Oy1Pk72EVjY+MpOyIiag/mkoowVh4+fLihoQHrGDQ5LyQyNzgro6KirrzyyqCgIJyqCxcunDlz5h9//JGXl1dXV6fRaHAWm24SwlncOu6gBBX2G6jV6qamJjz09/eXH4vFVmO9M8G+CgsLsQusn70mEdEFspgxY4Zx9ZLC3PG3337buXOnaZZp3NC5WFhYYHI8btw4d3d3YxFRB4Fz09XVNS4uDqkIGSUnJ+fIkSNIOWlpaampqcnJydXV1QqFQmtgaWmJdVOIQcnevXs/++yzbdu2IQ/h7z8mJqampmbTpk1FRUVS5+/OenTSrVu3IUOGuLm5GYuIiNqHufwoPQbKd955Z/bs2ZhH4uH/vKjeQSmVSky18dqAObexiKiDkOlKly5dVCrVwYMHFy9evGXLloKCAkxp5HpPQEBAz549vby8EJ7Cw8Ml+jc3N2NTRUXFmjVrNm/e3NDQgE7s7OxiY2OxKSkpCYEJPZ/llEfnkydP/s9//hMREWEsIiJqH5c4FWHvAgPrnDlzZs2ahXiEcqYiInOGHFNbW5udnZ2amnro0KEdO3YUFhYi/TQ1NSEzoQKijNwgKOcyznFJP1jRtzdcN8USJViiob29PTbJe+jITE5OTqiAEltb2+7du0+aNOmqq65ydnaWylgSEbWHS5+KZNDEaHjXXXetXr26s+YhwVREnQnOVsxnqqqqsrKysEQJolJubi6WWMfZ3TrBICcZ1/6CIFVeXu7r6xsUFBQQEIBElZ+fj2p+BpaWluhBvvgREI/Qm2QpBiMiaieX/h00jKoY6WpqaqZNm7Z27Vo8RKHMIM8Rhki5ExMQOzAlxQrG1tYBC2OrXIW6tBQKxYABA7788stu3boZi4g6MpxlMobIEg/VajXOwbMHF9mK8ITpkKOjo7OzM85QnPVoi01YB6kJ6Fk6x0mNrUI2ERG1rUufinAAGOMQhtLT00+cOIEVjH3nmIrkgjykpaUVFRUFBwdjhM3IyMCmwMDAvLw8DLI2NjaYZeJhWVmZzERBdipLVD7loalEVqQEgcbBwaG6ulo2mWoCSnDY6N/NzQ2jeWNjY0pKCubBMq9tDZ2MHTv2pZde8vf3NxYRdWSmuYfpjGh9apwdTpzTzyaBctOKqQ7IumwiImpzlz4VmWB4NY2w/wieAmacyCJILZaWlnV1dRg3ra2tm5qaEFYQRJRKJYIREhKqGYZW49hqGmFPeWgqab0J/SDlNBt+lgTlppoCR65SqbBTVMNEWb7AF/HLuLkVb29vRDQc5yk9EBER0aVlRqno/OD45YoRQoaQQsQUuSwkSctUfsak8j/p89rJk+jk9Ms/QuIX+pddoxpWjNtaQSGOFv0gqMkhERERkZno8KkIWqcirCD3YCklWKKCbJKahqT0z4KR9CZt0Q+WeCgdCjxEEjI++CuBnb4X1JGayEz/9BiIiIiovXWGVHTuTkkzRERERCaXVyoiIiIi+jt8H4eIiIhIj6mIiIiISI+piIiIiEiPqYiIiIhIj3dbE9EZnDS4wgAPMVDIN1PIViKiTonXiojoDJCB5DtLkY0QiYRsIiLqrHitiIjOBkPEFa2+EFUKiYg6JaYiIiIiIj2+g0ZERESkx1REREREpMdURERERKTHVERERESkx1REREREpMdURERERKTHVERERESkx1REREREpMdURERERKTHVERERESkx1REREREpMdURERERKTHVERERESkx1REREREpMdURERERKTHVERERESkx1REREREpMdURERERKTHVERERESkx1REREREpMdURERERKTHVERERESkx1REREREpMdURERERKTHVERERESkx1REREREpMdURERERKTHVERERESkx1REREREpMdURERERKTHVERERESkx1REREREpMdURERERKTHVERERESkx1REREREpMdURERERKTHVERERESkx1REREREpMdURERERKTHVERERESkx1REREREpMdURERERKTHVERERESkx1REREREpMdURERERKTHVERERESkx1REREREpMdURERERKTHVERERESkx1REREREpMdURERERKTHVERERESkx1REREREpMdURERERKTHVERERESkx1REREREpMdURERERKTHVERERESkx1REREREpMdURERERKTHVERERESkx1REREREpMdURERERKTHVERERESkx1REREREpMdURERERKTHVERERESkx1REREREpMdURERERKTHVERERESkx1REREREpMdURERERKTHVERERESkx1REREREpMdURERERKTHVERERESkx1REREREpMdURERERKTHVERERESkx1REREREpMdURERERKTHVERERESkx1REREREpMdURERERKTHVERERESkx1REREREpMdURERERKTHVERERESkd8Wff/5pXKWODP8f4YorrsC6LImIiOgf4bWiTuLkyZOywphLRER0fnitqJMwXSgiIqKOBdPaLl14kcIs8H9D56F/C40Zl4jI7CEGtbS0YMTW6XTFxcVZWVlYaV0u1eji47UiIiKii0qr1SIAKRSKysrK77777oorrnjooYfk5djW1lapVPLS0aXCf3ciIqKLSkKPRqM5evRoZmZmVFQUQtKhQ4f27dvX3NyMzKRWq+XqEV1kTEVEREQXA6IPln8abgO1sLBIS0vbsGHDuHHjRo4caWdn5+7ubm9v39LScvjw4T/++CMnJ+eUYISGcj3JtJQVakNMRURERO0OCaahoaHIACtIP3V1dUhCQ4YMcXR0tLS0jI6Ojo+P79Kly5YtW7799tuDBw82NTUZGxsSlVarbW5uRj9oi3XegdQeeF8RERFRu8OrbWFh4ebNm0tLSwcOHNinTx+1gYeHh4WFBbbKlSQsk5OTS0pKwsLCAgICrKys5PPFqJCYmIicFBkZmZmZiSYRERF2dnb89HHb4rUiIiKiNtPS0tLQ0FBdXa3RaBBlQMoRX1xcXLp27WppaYn1Ll26ODk5eXt7I9/IViwRiVAeFxc3atSo0NBQhUJhaKqHCkePHt23bx8C07fffvvZZ59hF8Zt1HZ4rYiIiKgN4PUU2aWwsHD79u1NTU0jRoxA6MGKnZ2dlZWVVNBqtfX19TY2NtbW1tLK9HEzeTmWTgArYNqKsFVeXo6ls7Pzb7/9VllZeeutt7q7u8tWaitMRURERG0AkcXCwuLnn3/+8ssvQ0NDp02bFhAQUFRU5Ofn5+TkZKx0vuSOIqVSefLkSazrdDpLS0s8lEtN1Fb4DhoREVEbkOs6J06c8Pf3v/XWW0NCQmxsbBCM7OzspMKFQOd79+7Ny8tDHkK39vb2V/COonbAVERERHROTp48WV9fn5mZmZubixUElJaWFuO2v+4Ncnd3HzduXHx8PLKLQqFwcHBofXvQebOwsFi9ejWCkUajwU7lzTXJYdSG+A4aERHROUEcSUpKWrBgQUNDw9ChQ3v16hUYGIj0I29jyespMhPCire3t62traFRm0EkwjImJsbKygq7kDfUZBO1FaYiIiKic1VaWvrf//538eLFZWVlAwYMeOqpp+Lj4yWdnDT8ipmstPmvdqBndGt8YHio0WgcHBx4uaht8V+TiIjonPz5558eHh6TJk2aMmVKVFRUZWVlVVWVJCGBjCKMj9uOfCoNPWOJdUSipqYmXtdoc7xWREREdE5OGhw9enTXrl19+vRxdnb28vJycXGRGCR5RV5V2+NWaOkfB2DKYRYWFu2RwC5n/NckIiL6H5BIEEewLCkp2bhxY3JyspubW9euXRGMjDX+SkJYykqbM3WLw8jPzy8oKOAvyLY5piIiIqKzaWlpqaioOH78+KFDh3766aeFCxc2NjYqlUqkEzBWulgQziwtLTdt2rRt2zatVmsspTbCVERERJc1JBu5DiRvTqnV6qamptaBQ6fTnThxYunSpYhEO3fuDA8PHzdunJubm1wWAmO9iwXHGRQUFBAQwK9wbHO8r4iIiC5rkodUKhXyDZYIQHgYExPj6uoqiQcJqby8vLi4GOVKpdLJycnHx8f0kx0XGXKbpDesW1pa8r6itsVURERElzuEjG3btlVXV/v5+R04cECn0914441BQUFIRZKZJHzIQ0AFhUJxSRKJHE9ycnJNTU2/fv0uVTjrrJgxiYjocod8s2/fvk8++QRR47bbbrvnnnt8fX1lE5IQIIiA6ToN6l+SSARIRRYWFuXl5UhvarXaWEptxGLGjBnGVSIiossPcoZcBDp27JhGo3F2dvbz85OvYUQ5KmApMUhc2s/Dy7Uif39/Nzc3Ozs7a2trOUhqE7xWRERElztEjb59+44bN+7EiRNHjx5taGhA8jBuMz84Nisrq8zMzNTUVH4MrW3xviIiIrrctbS01NbW1tfXl5eX+/r6uri4KBQKCwsLuYZ0Ca8MnQ6RqKamxtbW9vnnn/fz83v44YcdHR1RiOPkR9IuHK8VERHR5Q7pZ926dceOHQsODvbx8UEkQolOp5MfqDer60aIaIhujY2Nzc3NR48exRJHiEiEJQ4YK2CsSv8cUxEREV3ukCR279799ddfb9iwISsrq76+vrS09MiRI9u2bSsuLkbgMNYzD/b29lqtFrkNAc7CwgJhSN7ykzzE24wuBO+2JiKiyxrCBCKFpaVlenr6sWPHioqKysrKkIdWrVq1bt06ZI6oqCg7Oztj7UsEBylv52Hd0dGxubm5qalp5MiR/v7+5eXlW7dudXZ2dnBwQAV5v0/qG5rSP8BURERElzWJGuHh4UFBQbW1tWq1GsukpCTEC4SP4uLigQMHenh4SOWLTI5N3sJD+qmqqpIPnSkUitjYWEQirCPGLVu2DNHNy8tLo9GoVCoLCws0BLO6I6pD4N3WRER0WcProOluZblfB8GipKTEyckpLS0NgWP69OmIIMbaF5EcGIJOdXU18s3PP/+sVCr//e9/I/3IdSB5Hw0ZDscZERHh6OiIMJeRkXH11Vc7ODigCcKTdEXniCmSiIgud3JNBSHDysrK2dnZ19e3T58+oaGh9vb2CCJS55LAgSGiIejs2bNn9erVKLG0tJRNINnIzc1t0KBB7u7uWM/NzV24cOHRo0cRp7CVFz7+KaYiIiK6HCExtBhgRdIDIogU6nS6urq65OTkdevWISQhG0mTiwyxBuEGew8ICMjKygoMDBw5cqSjo6OEIbAwwDHLW2wIcF27do2MjCwsLJRUZKpJ54ipiIiILkeShLBEGAKEIWQI+XUzrG/YsGHmzJn19fU33nijj4+PNLkkcDwpKSnbtm3DYbi4uMhhC8k9gDqyDAsLe/TRRwcOHIh1iUr0j/DyGhERXUaQFUx5CEpLS+vq6hCD8vPz5WNcyBPZ2dkffPBBRkbG7Nmzr7vuOhsbG2QOaX4xyRE2NTX9+OOP5eXl48aN69atm4WFRes30U6HJnIBDE8ElY2ldG6YioiIqJPThwtDVkAGKioqQs7AQycnJ19f37Vr1+7YsQPBqKCgABkCAcjKygoPq6qqhgwZMm3atPDwcJQjYRj7uojkYg+OJCsrC4dqumRlyjpSoaGhIS8vT6lUBgQEWFtb46nJVmAq+qeYioiIqJOT9FBYWLhgwYLdu3er1WpkiEGDBk2cOLG6ujo1NVWlUiEVZWRkNDY2ent7RxnEx8djXX7645KkIn2U+/PPX375pb6+/tprr/Xy8pJy04UrnU6H5datW9977z2EuXvvvXfEiBH29vb6N9V4R9F5YSoiIqJODqkIsebw4cNLlixBaAgODra1tZUvKLK0tJT3mzQaTVNTE9YRmOzs7GxsbCQJIV5cwisuOKrFixf7+/v379/fwcHBWPoX+YmPNWvWzJ49u66uDs/olVde6dGjBz+Qf96YioiIqJPDKx1UVlZWVFQgMbi4uCAbIQ9JOSq0jhFSgiAFpkh0MS+9yH6xgiPBem1trbW1tZWV1elZBxkOy6qqqszMTLVaXVBQEBsbGxMTg5poi04u5mF3DkxFRETUySFb4MUOmpqali9fjqwwcuRIb2/v1u+LmQIEKqNc6l+SN850Op0cA1ZOnDiB6BMWFoYYd8aDwUFiifpYarVaLBsbGzUajbu7O/LcJbzK1UFdgv/fREREFxmyBSJCTk7OqlWr5s2bd+DAAUQHw8UUI2M9wyfhsUTJJYlEIMejUqk2bdr0/vvv7927F2HOuO00UlkCkPwYyKFDh3744Ye8vDysGyvROWMqIiKiTu5Pw695YCU/P7+oqCgxMfHo0aN1dXVyocUMKRQK5LbPP//c0tJy2LBhLi4uxg1/+bsjR30vLy+Ev3379qnVamMpnTOmIiIi6uTkqgmWCA3W1tY2NjY6nU6r1ZpnKjJd45k4ceJzzz0XFRWlVCpNF65wzC0tLSdPnmxubpY3zlpDW19f36FDh7q6ul6qa10dGu8rIiKiTg6vdHKnTnFx8WuvvVZQUPDUU08NGzYMCclYw5wg9ACOWd4XO+WNMHkuZWVlOTk5CEwuLi6nVEBaamxsRP4zfYyOzh3/vYiIqJNDkoDS0tL169cjEoWEhHh6ep7+kS5zc0rcEQhMyHbffffdTz/9VFNTg+dl3GCAh2ilVCrllm1jKZ0zpiIiIurkunTpUltbu3jx4k2bNo0ZM+bBBx8MCwuTO43OAqkC5MoNoOSUCPJPSUwxdYulPqz99Y6Y1AEcrVwlwropGEkTrJSUlHz99ddr164dOXKkr6/vKVeDUF+r1R46dGjdunV1dXXGUjpnTEVEbeMCh0sialcpKSmrV6/u3r375MmT4+PjHRwcznglxkQiCxKGKcFIKLkQ6FDuZwLTSkNDAxKbWq1GiVTDgSESKQzfqS0lgL2jAnqorKzMycl55JFHEO/O+A4gmmdkZHz33XeZmZmmPukcMRURXZA2GSuJqL15eXn16NHDycnJlD/kIg3WNX+R2GHaVFNTgwhSX1+P4IL4gkKc74bOzh96aGxsRLfV1dVlZWXZ2dlr1qz5448/sK+z3wOErIMDwJHY2Ni89dZbEydOtLKyMm77v9CPp6envb099nLhB3y54d3WROdPhk6ZcWIkOvvUk4gurT179mzatMnFxaVPnz6hoaE4eSsqKqqqqhBT5ER2dHREuZubm/xY7K5duxCVUB+R6JprrgkMDJTgIgGl9YUcCUwyArRengJ10NW2bdtycnKQWhCMIDExMS4u7vbbbzf1f0ZoW15evnv3bjyFu+++OzY2VmFg3PyX5ubm5OTkzz//HJWfe+65vn37Wp71B/bpFExFRBcKJ9EZR0AiMhNykpaUlLz66qurV6/u1avXyJEjkXhSU1MLCwuRJOzs7FQqFUIGypGZjh8/fvjwYfmQF2JTdnb2zJkzhw0bplQqEYZQs7a21tPTU97A0ul0NQbOzs7IVQhYiD7YdHocQXlTU9P69euxU9RE9kKd+Ph47FHyzdkvFyUkJLz55pto+8Ybb1x55ZVogoMxDT7YL5rjUL/77jv0jBg3ePBgeaPw9PBEf4epiIiIOjm5kFNaWvrhhx+uWbOmurraw8MDuQR8fHy6du0aGhqKWPPbb78lJiZiU0FBQffu3e+55x6Ej7S0tK1btw4fPtzKygohJiwsrKysLDMzs2fPnm5ubugcMWXnzp1YDh06NC4uDv0gfvn7+zs5ObVOLTiG9PR0SVoBAQGmS014FRZnv96M5o2NjRs3bkT2QqqztbVFE8QdNAGsowKWmzdvRip69tlncWyoHxQUhHzW+jDo7JiKiIiok0NiwFKlUu3btw/RRKPReHp6hoSE+Pn5YcV0gw4i0cKFCxFc3N3d77777ujoaCQVVEZznU63ZcuWlpaWUaNGoX5tbS3Ck1wrOnLkyLZt25RK5YgRI5CukEWQkBC2mpubURMhBokE/aDtihUr5s6de9NNN6FzxBq0Rc9yjUcYjuLM0BvCjWQpOR7UR2FDQwOOVgrxgp6amopnIWHuwIEDWEFQw2GgMoPRuWAqIiKiTg6vdKC/qPI3yUC2YqWurg5RQ6FQ2NnZZWVl5ebmZmdnBwUF9e3bV1KIi4sLApA0kRyDXIKwguSBEkQcbEVXqLlo0SJvb+8BAwY4ODigJlILenvrrbfCw8OnTp1qY2Mje0SKQsZCHScnJ+nwdPqjN7xYowJ2ga4ADzdt2qTVahHU5JBQaHrbrry8/Oeffy4oKHjooYfkjqW/e+7U2tmSKRERUSeAQHD2WGDa5Ojo6O7u7uzsjBSSnp6+e/duZIuvv/56586diEqurq719fUIHGq1WnIJ2NvbW1tb46HO8MWJGo0G0aqyshKJBIEJIQblCEno0N/ff/jw4f3790eEknCDPLR+/frPP/98165dqCMdnk6OH2QdDXEwx48fx4FVV1ejZ5SgQ6wgJEnPeAqRkZHIYcXFxXh4ludOrVnMmDHDuEpERHR5Q7BAgJBsgayDhIRUsX//fsSgXr16Ie78+uuviYmJfn5+iB2IKZJIBCIIghTqJyQkFBYWxsfHx8XFNTU1oVClUiFvVVRU/P7773JfEfaC3tauXfvZZ59t3brVx8dH0pLxOP4edoT9Ipx99913yFt33303shp6A+wlOzsbh4SVrKysHTt24CG6bX0bE50drxUREREZyaWdEydOIKmkpKQcOXIEUSY6Orpbt25KpRIlP//8M+LIunXrkHvk4hCaIJGg7YEDB340WLVq1b59+1Df3t4+Ly9vzZo1O3fuRNJCDNJoNF5eXsgoaLhhw4affvopODh41KhR//PHXOUKEFaw09LSUuwiPz///vvv9/X1RaG0ra6ulluXvvjii2+//Xb37t3o3NvbWw6PzgWvFRERERnJu13zDQ4fPlxZWYlINHny5BEjRsjFGDc3N4SPY8eOBQYGInOgUC7e/Pnnn1VVVcguSCFDhgzp27dvQECAjY0NytGtn4GdnV1MTAxaISGh523btiEMTZ061cHBAT3Hx8ef5VoR9tLQ0FBWVpaenr5s2bKjR49ee+21Q4cOlTupUUF2dPz48cWLF5eXl0dEROCYJ0yYgOM0fVTN0BOdDe+2JiIiMkIqQmT54osvfvrpJycnp2nTpg0YMKC4uDg1NRVhqF+/fkgbS5cunTt3LgLH/fff7+7ujpdRCwsLNERqQXZxdHSUcIN1hCRTIkHYQnzBw7q6ul27dqFySEiIr6+vi4vL2rVrsYu77roL8UgO43SlpaVohdCD/ITK119//ejRoy0tLbF39Il9AQ4D1VasWIFANmzYMOkNTwd7Rx3ph86O14qIiIj+P0SNqKgopB8vL6+hQ4fa29tv3rx59+7dyB+xsbE+Pj4IGTt37iwvL+/VqxfqSO6pqqrasWNHSkqKs7OznZ0dMgq6QgzCChoC1iUbrVmz5scff0TDq666ys3NDckJ8NDPz+8s2SUzM3P//v319fVXXnnlLbfc0rt3b7TC7nJzc21tbXHMcr0Ku8YmHL/c0I0S7NTE2Bf9PaYiIiIiI4kONjY2gYGBCEaurq6IF+7u7j179uzXr5+Li0t1dfWRI0cOHjwYGho6YsQIlKCJheELrysqKpBC/P39HR0dpSskFWySPASIKUlJSV9//XV8fPzNN9+M/IRqWq0W4QYZKzw8XD5gf0Y4JGSdwYMHx8XFOTk5oQQJae7cub/88gviVFBQkHwjAGB32Cp5COumvRu6of/hbPd2ERERXZ4Qhjw8PJBFLC0tg4ODkUiqqqpWrFjx448/bty4MSAg4IYbbkAF1Dxp+DS+vb19jx49+vbti0hUW1srv62GaCLpRFRWVs6fPx8hZtKkSQhPEllQraCgAMHI9Ml8neEHa5uamrBEcylEEkITLy8vNMEeUQeF2GNYWBjyEAqN+/gr/ZyyLiv0P/G+IiIiojNo/fpYV1f3xRdf/P7778OGDYuJiXFzc5PvLkKmkfyBpJKRkVFUVITs0mD4Zfurr746MDBQrhUBOkH6+eabb6699tq4uDh0LptMv4w2ZcoURCt0lZOTg5oqlcrFxQVpTG4PQrnhQIzf6IiAtWPHjsjISLVajVbYqZ2dnakOnTemIiIiolPhxRFBBxBckDbKysrefffdVatWxcfHy2fdy8vL8/PzNRqNpeHH0ZydnSUVeXl5ITNptdqJEyciGMnbZKiMlOPp6YkghTiFPIRCdGJIOH+i89ra2pCQEPlA2bZt23bu3IkchlCFCIXEg8pyGFiRHIb6b775ZnV1tY+Pj6Oj49ixY5HVeEv1hWMqIiIiOhXCBzJHTk6OTqdDiElJSVmwYAECUGhoKJamd8eam5vd3d0HDRrk5+dXUVGBsGJnZ+fr61tYWLhnz564uDikqKampiVLlqC3l19+GZkJwQjVsAukGfk1NFRAfWQpuUsJNZGu1Gq1g4MDIpGN4bdBTIkHu5asNnPmzHnz5o0bN+7666/v3bs34hEKpQ6dN6YiIiKiUyF8HD169MMPP0xNTcXDmpqaoKCg6dOnI+iYAgrSEgIKQhLCjXzmCw+RYFQq1fr16z/99FNkpu7duyPc5Ofnx8bGPvHEE6i5evXqQ4cO4cW3W7duvXr1ioqK0mg0ZWVl8lk2dII8hObZ2dkhISFXXXVVWFgY4g62SuhBQ61Wi52uXbv23nvv7du3L7IRwhYvFLUJfgaNiIjoDJA8GhoaKioqKisrdTrd8OHDR44c6efnh5Tj6Ohob2+PiIOljY0NckxeXl5paSnyEPLNtm3bDh8+LNd49u7d26dPn2nTpg0bNszFxQXp6qOPPkLnCEyISohc6KGpqamqqurIkSN//PFHQUFBbW3t4sWL9+3bt3nzZhwDchXq6C9M/QXdoklGRsaqVatwbHfccYer4Uc/5LDpQvBaERER0anw4tjS0oLwUV1djcSTYhAYGDhq1KiwsLDGxkbkGEQc5BULC4sDBw5IQPH19cUmRKh7770XYQjNZ8+eHRAQcOuttwYHB6NmSUnJiy++iK1RUVFFRUXz589HW2dnZ8QaVEbYmjRpEva4e/duxK/Vq1cHBQW98sorERERCD3oVi5NYdcITCtWrED2wsHMmzcPB8ZU1CZ4rYiIiOgMEIwUCoV8JB7BZfv27evWrUP+0Gq1K1eu/Omnn5YtW4ZMg0LEl/r6etRBkEIwGjdu3KBBgzw9Pd3d3b29vdesWXPw4MEePXqgK5VKhVa2traovGvXLmw6evSog4PDHXfcgTx01VVXIQxt3LgxJCQEQQpBBxmrW7du6KqgoGDv3r3JycmIYtj7t99+iyO55ZZbbrvtNlRG3mIqahO8VkSdn/yRY44F8jkOLFHIQYSIzgIRB0sMFBqNBknl7bffzsjICA8PxwBSW1vr5eUVGhra1NSUk5MTHBw8efJk5B5LS0ulUmltbY1WaF5cXFxXV/fVV18tWbLkxx9/ROiprq6+8847s7OzXV1d09PTkaWsrKy6d+9+ww03uLi4YFzCJuxl2rRpSEKffPLJhg0bxo8ff8011yBL4RgQkhwdHdHJvffe+8ADDwQEBGCPcpBy1xFdIKYiuixIJJIxTiZVHESI6Byp1erNmzfLr65iJLG3tx8xYgQijr+/f3Nzc2VlpYODA1IOwpCxgUFaWtpnn312/PjxqqqqEydOvPTSS0888QTq33XXXehNq9ViREIkGjBgAEJPamrqH3/8oVKpnJycxo0b98ILL6SkpHz66aeJiYnIZM7Ozqjp4+ODXSA2IRv98ssvvXr14h3WbY6piDo/iUQYgzC44KGtrS2CkVw0kgpERGeB+II0U1tbiyWGDqVSiewiHxkzXYqWiRbGFmkCx44dQ5DCSkBAwLJlyxCt5s2bp9PpnnzyyT179mBEwiYErOuuu27MmDHIQN9++y12NGnSpMceeywsLKyurg6RaPfu3Tk5OdgXclifPn1Qf//+/aWlpWPHjkUOszT8/Jlhb9Q2mIqo85A/ZlPWwUPAkNHQ0JCVlZWfn19UVCSDi/y+o/zkELMREZ0dworkHrk2I1edAYWygk3ClFGkDlIUmqAwLS3t7bff9vT0zMvL27dvH8YiqYAUhWSDhhisEJtiYmLee+89jFHYJPtCueQnjFcSuWSnaI5N8vYZtSGmIuoMMEzgLxlMoxLWpRAl2dnZ77///qpVqxobGzG7uummmwYPHowpV2BgoIeHh6Ojo1w6kq6IiM4I44lx7a/ZlIwwUvJ3JL5ghNmyZctdd92FiBMWFpaQkIAVtEX0wVikUqnwUKfTxcbGSio6fc4m+zLtUQ7mf+6d/im+ElBngACEoQfTMo1Gg6WJlNfW1ubm5hYXFyMV5efnf/755w8++ODjjz/++uuvr169urq62tgLEdHfQwQxMZXIylkgD0mTXr16BQcHI/pUVFRgJmZtbe3t7Y1ZGYIRtuIhVlq/AYdC45qBPDQVYsW0Tm2In8ynzkAGmpSUlMTExPT09MzMzLy8vKqqKsSg0tLSPXv2LF26tKGhAcMToH5TU1NlZWVaWhpCEsapyMhIKScialuSXf40/BYsBqhDhw5hqubh4REQEHD77bdjEwYubEU8QnlgYOB1113n5+fXOh7RxcR30Kijwp8uBhEZcerq6v74449vv/0Wgw4SEiKOjY2Nr68vpmInT548ceIExh3UVCqVDg4OGG6qq6vlMpKbm9s999zzyiuvODk5mXqTk4KjEhG1CYw2WGq12meffXbBggXDhg2LiIioqal54403vv766w8++ADzNIw/GHnGjBnz3nvvde3alePPpcL5MXVUkl2QgWpra9PS0jIyMo4fP15aWlpRUVFWVpabm7tnz54VK1asXLkSkUjqKxQKT0/PoKAgtDL08S+NRlNQUFBYWKhSqbCOsQlLDE9SX+oQEV0Iw0XqLhh2SkpKMLBgeoYVDFwbN248fPiwVMASScjd3d3Dw4OR6BLitSLqqDD9wigjPzmE9IMYlJ+fX1lZKZ/XAAw91tbWDQ0Npj9ypCJHR0eUIznhIdKPpaVlbGzsjTfeGB0dbWVlhcp2dnZRUVEBAQFoy7ftiaitVFVVTZgwQd5Bw9iC6ZlarW5sbMRog4RUVFSEOnfeeeecOXPc3NykCV18vK+IOipkHYwpW7Zseeedd7DEmKJSqYzbDHMvT0/P8PBwxCa59gPSRG4wkmva2IRJ2+7du3ca/Pbbb7t27SotLUUF5CdbW1sMXsxGRHThMIvDUJOdnY2ZG2ZfgYGBBQUFGGeuueYaDESFhYUYlDAlGzlypIODA4edS4XvoFFHheCCoaSurq6yshIPMYjIrUJyZQgPlUqljY0NqoGhhT4VyVZTTgKUICrl5eUlJSVhkMLym2++ef311xctWiTfYytNiIguBJLQvffeGxoaamFhoVAoMDohEmGkQk7KysqSt/URmDQaDcecS4ipiDowa2trPz8/udp8yjiCh8XFxdu3b0cAOuOs6yzjDkalhISEpUuXlpaW4iEnbUR04TA9CwkJsbS09PLyio6ORgzy9/e3t7fHrKysrExGJFtbW0QlqU+XBFMRdVQYRJRKpbcBJl7G0v8LczKMRBJrsDz3fIOxCVM6Z2fnc29CRHQWmKEdO3YsMzPT09Nz6NCh119//ZgxYxCSamtrMc7IZek6g7PM2ai9MRVRB4ahBMHFz88P8chY9BcZVhwcHOLi4rp37+7m5mZ4J+1c/+AxVLm7u9vZ2WEXHKGI6MIh96SkpDQ3NxcWFm7cuHHLli0JCQkISViq1WqpoFKp6uvrpT5dEkxF1IFhELG3t4+MjMTSWNQKMhDKhw0b9uijj2JmJld9zvHajykJof45NiEiOjutVotxydraGsHokAFmdCiRAQdDDTbZ2NhwzLmEmIqoo8I4Ao6OjoMGDYqNjT3lVxKxSWf4KqPjx49j+uXu7o7Cc7l12pCC9JeggoODMWD9z/pEROeipaVFrVbb2trecccdTz755NSpU59//vmbb77Z09PT29sb5aiDMUpuu6ZLhZ/Mp45K4otCoXBxccESsy5kINOsS2g0mszMzB07dqSmpmI8OnvEkd6wxFxt6NChDz74IIYqKQepQ0R0fjBAzZw5E6PQK6+8csMNNwwePLh3797IQM3Nzddcc01VVVVlZSUKJ0yYYGdnh/ocdi4JXiuiDkxGDXt7+27dujk5OZlKBEYfwNyroaGhpqYGK8YNZ4Vg5Ovre+WVV/r7+5/7fUhERGeHAFRaWhoYGCjfXo2hBjkJJddee+1tt93WtWtXW1tbNzc3a2trDFzGNnTRcdCnDg9xR6vVyifwTxlNzmOy5eLiMn78+DFjxmBsOscgRUR0LuSmIisrK4xXGLWQjeLj4/v06YM52JAhQxCJTCMYLxRdKkxF1OE1NDQkJiZWV1fb2Ni4uro6OzvLPExgXR5aWloi8YSEhPj4+GBsaj3oYF1qYhkbGztp0qTQ0FCsS7XWNYmIzo9pJJFRBQMOslF6evrSpUuPHz8eFhaGMaqiogKF2CQ16eJjKqIOT6VS5eXlIQyNGjXqvvvuu/XWW3v06CFfGiszM3d3d0zFunbtOm7cuCeffHLMmDGnXFKSd8pQH7kK1QICAmRUQrlsIiK6QJKE5EYirKPEyspKo9EsXrz4m2++SUtLq62t5RdbX3Ic8anDs7e3v+aaa1555ZU333zz6aeffvnll2fNmjVp0iSEGww6iEf9+vWLiopC3ImJicF4lJOTg1YyKgHmZ3Z2dqjm6emJCqiGbIRyjk1E1IZaWlowy8rNzS0pKTlp+DwsRp4rr7wyMjKysrISszsEJoxLpqGJLgl+Qx11ePgbRtbBKGP916/ca7XaoqKi9evXf/TRR8XFxUFBQWVlZRhxUAEDU3V1tczVlEqln59fSEgI8hOGp7CwsB49ekRHR7u6umJKx6tERHThJABhPElJSbnuuutqa2sXLlw4cuRIbFIoFAUFBa+//jrWJ0yY8Oyzz2IK98knn/A38y8hjvvU4SHfWFlZmb76TOZbHh4enp6eSD/19fUYjJCKMBvLz89HWmpqasI4hTrh4eFTp0797LPPZs6c+Z///Ofee+8dOnSol5eXfK+adE5EdCEQiTDggIODA0YYjEtYkXKNRnPixImcnJzGxsbc3FwMTRh8MDTxasUlxKGfOpUWwyfREIb27dv36aefFhYWIjDZ2tpiToZyCwsLLFFNBh0MQJaWlqjg7Ozs6upqb2/PmxyJqG1hzMEsC0MTZlyTJ0+Oi4uTL0JDTsIUDmMOHtbW1iYlJWHgQh2UoDKD0aXCVESdDcaavLy8H3744fDhw6GhoRMmTLj22muRe7Cp9SQMKykpKXPmzJk5c+aBAwcwDBmmc8aP4mOrqSYR0XnDsCPBCHHHyckJU7WSkhKUowQTtrCwMDs7uxMnTmAUwiTN399fpnAgzekiYyqiTgVDCeZbyEObN2/u3bv3a6+99u67795///3h4eFIPKaxRkYoBwcHLNevXz937ty0tDQ01Gg0dXV1jY2N8gVIQnomIjoPGHNkwMGyqampoqKipqYGky6UYCtC0p49e2xsbJCN1Gp1amqqfI+RtKWLj6mIOg8MNHKxB0tvb+977733+uuvx9zL19e3W7dupq1S09XV9d///vfrr78+evTopKSkjz76aPXq1b///vvixYtXrlyZnJysUqkYiYioTSAbYfyprq6Wd81QgocIQPn5+VZWVg8//PAtt9yiVCpra2tRQZrQJcFURJ0NRpbIyMjevXv36NED6xh6HB0dQ0NDMVHDwIQSDElIRXgYHByMYPTMM89MmTKlqKjoiy+++Pjjj7/66qtZs2bNmTMnPT0d1dChLImILgTGH8zWkIHkIQYWheH3hWxtbRMSErZv397Q0NDY2FhXV8cx5xJiKqLOBkOPk5OTs7Mzxhc8RPqxtrb28/Ozt7d3dXUdPHhwv379MDap1erKykpUjoiImDp16rx5814ymD179oMPPujj49P81zetERG1CUQiDEdy0VreVgsMDEQw+uOPPxCGsDUvLy8nJ4eXiy4h/mY+dSqYY4FGo0lLS0PuiYuLQ7IBTMIwG8MAhNAzZswYjD6FhYUIT0hIWGJsQooKDQ1FQgoJCendu/eQIUPkI/rYxGxERBcOI4lCoUhMTMRAFBkZiZHKMDhdUVpaumvXLoxXVVVVmL+NHTsWS7m2bWxJFxGvFVHngUFEhpLq6ur8/HyMMjKsYCRycHBAykEYCggI6NOnz0MPPXTttdeiTlZWlrQ1kXuJUBORCCumW5GIiC6Qvb09ItHevXtra2sxLul0uv3792/fvh3zMa1Wi9GmW7du8na/sQFddPynp86mubk5PT29rKysV69ekpNQaGtr6+npiTFIpVKh0MXFJSoqCiOUhB5M2iQMYUVyFZYYs3ihiIjaEEaV8PDwTZs2YYDC2FJcXPzNN9+Ul5fPnDnzsccek5mbjEUceS4VpiLqVBBrEHQcHBzGjRsXHx+PkQUQbuzs7DDiVFZW5ubmSk0MT66urtbW1miCWRogTqEt8hDqmyIRJ21E1FYwwlRUVDg6OiqVSqSfxMTEffv2de3aNTo6euzYscHBwUePHs3Ly8OgZGxAFx1HfOpsMNkaMmTIrbfeamlpKSUYYjAGoRzjUetU5Obm5uHhodPp1Gp1VlZWcnKy3KCNMCR1iIjaEJJQYWGhj4+Pra0tRh4MRxqNJjY2FqMTSvz8/DA3Qx2mokuIqYg6MEy8QNblKhGWcmUIMLiYtgq5CIQVjERy7xHmaghDBw8e/Oyzz7755hv5zlkiovaAGRfGpRMnTsgXf8gvDsnPWjs6OoaEhKAQQ9MpAxddTExF1FFJ6JEwhHV5iMEFpBwlWEoFFEoTlUpVWlqalJS0bdu2NWvWPP/882+99dacOXMWLVpUVFSEytI5EVGbwwhTU1ODMKTVart06eLm5oZIpNPpUG5vb9+vXz9bW1sEJmw1NqCLjqmIOioLw/fDIuhoNJqmpqbGxka1AdaFZCOQe4NQH3V27NixcOHCzz///LfffkNCysjIWLp06YYNGzA8DRkyxMPDw9A3EVG7UCqVN9xww6BBg5CHQkND3d3dZV6HWRkmbwEBAYhEGLWMtemiYyqijgGjhoQeGS/kqk9ZWVlCQsK6detWrVqFcIOgs2bNmt9//3316tXr168/dOhQcXExMhOaIBJhEob1w4cPb9u2DWFI0hLKraysvLy8Ro4cOXbsWFdXV9kdEVGbw8CFMQdJCEukn8rKSpnOYRaHgevbb7/Fw5iYGNM9kXTx/f+fECcyW/grra6uPn78OIaP8PBwzLEqKioyMzMRiZBy0tPTMZQg8SDfKBQKVAZMyDAP69Wr1+DBg/v06YMxaP78+V988cUdd9xx88037927FwNQdna2nZ2dt7d3XFzc3Xff3bNnT/Rg3CURUVsrKCiYMmWKs7Pzp59+6ujo+OWXX77//vuPP/44xqV33nnnv//9b1BQ0KxZszBJYzC6VPjd1tQBIOWUl5evXbt26dKlCENIQphXYX3VqlXJycmYb9XW1iIY1dXV1RjgYVVVFULPwYMHs7KyvLy8XFxcli9fXlhYeMstt4wYMUJ+MjYgIACjzw033DBhwgQEoy5dumBHcgcSEVHbwvCSm5uLJFRSUnLTTTdhUEpKSsIYhZkbJnuYqjU3N3t6eoaFhUVFRcm3yNLFx1REHQCSinyBUFFR0fbt2zdv3oyhBOum26uN9VpBxJHrRshMdnZ2kZGRq1evbmpqGjVqFEYca2vrrl27DhkypH///njo6uqKrqTVGXsjIrpwOp0OwxfmbDfffDPmZhij1q9f7+Dg4OPjg1lfaGgowlB9ff2gQYNsbGyMbeji4n1F1AEg3Nja2g4dOvSFF1548cUXb7vttu7du2MoQU5CjgEMJYAVYwNDE7nbGtOv0tJSLLHVzc0N444EKdRHNkIP8gEQhiEialcYZDABCwwMxGgmb5B5eXkNGDDA0dGxoqIC0zxM2+rq6jIzM1UqlTShi4+piDoAjCbINFj6+vpijjVjxoyXXnpp7Nixffv27W+AqRXWZe4lTRB0EHdMn+ZAcwQgJycnPz8/PMS6oZa+Z8QjPBTMRkTUfjAcQVRUlIuLCx66u7s/9dRTkydPzs3NRRLCJrVa7ezsbBrH6OJjKqIOQyLLyZMnMbUaM2bMq6+++t57771vMHv27DfffPO666474+3SaFJfX9/c3Ozg4HDKcMMYREQXDQYcRB97e3sMRBiXMCULCgqSr5MdNmwYtmZlZXl6evLts0uIqYg6JIwaMTEx/fv372fQt29fLAcOHOjt7S2Xpk1xp6WlJScnZ9WqVZmZmVoDKSciuvgwNB0/fryurg4rXbp0qa6u3rNnT3h4+BNPPHHllVeqVCoMWcaqdCkwFVEHI++FYWl8bKDT6TDr6tOnzz333INsFBwcjBkYluDn51dZWblkyZKqqipHR8dTGhIRXTQnT57E8KUwfBAEYxGCEWZx3bt3Hz58eEREhJeXF8rlhkhjA7ro+H1F1OHhb1ir1WIowRCDGVhGRsaJEyfk9mqUoDwlJeWHH36wsbF58sknp02bxvfsieiSqKioeOKJJ6KiorCUW4taWloaGhowiGHO9scff7z++usTJkyYOnUqHmL4klZ0MTEVUYeHv2GMLJKKJAlpNBo8lMtC2JScnPzaa68VFha+9dZb119/vbQiIrrIysvLH330UX9//5dfftnd3d1YahimsMQYhSmcg4MDxq7g4GBPT08ZxOhi4r84dXgShuSjZLJuY2NjZ2eHpaxgcAkNDcXcKyAgwNiGiOiiw4hka2v7xx9/HDlyRKvVIgyBzOjAz89v+PDhZWVl7733nlSQ7w0xNqaLgqmIOgMkIclDYCz6C8aU5ubmxsZGhULBH/QgoktI//0fhm+j3bhxo0qlQh7CACUDl4xgkoEGDhwYFhZmSEp60pYuDqYi6uQwytTX11dWVnp6erq5uRlLW0EFGYmIiNoVhhqdTufu7t6rVy9M0uQqkWlTS0sLgtGIESPuu+++wMBArMsmupj4j06dHAaa8vLynJwcjDIeHh7GUgMZoUzXsZmNiKhdIQNhIBo5cuTQoUPl16xN0QcrgBJHR0dnZ2el4cv6Lf76vlm6aJiKqPNrbm5Wq9WWlpanDDFy+VpWsGQqIqJ2hdBz5513Tpo0ycXFBQkJI1LrN8gkGEmJrEs5XUz8R6dOrqWlBanI1dW1a9euxiIDuT7U2NhYXV1dW1vb1NSE9Ya/YB2tmJOIqA1hAhYcHDx48GD5slkyQ/xkPnVaGICgvLz8hx9+OHDgwGeffebj44M/eIQh5J6SkpL8/Pzk5OTS0lI7OztsQmWZqKEO5nD+/v7x8fFyK5Jpk/RMRHQeZK6lUCgwmPBSkHliKqJOC+kHaSYjI+Pdd9/FYPTVV19hWVdXV1VVtXfv3jVr1hw9ehSZCdVQ+ZQRCqkoNDR02rRpt9xyi4ODA/qRUYzBiIioE2Mqos4Jf9iIMkg8+/fvf+qpp2xsbKZOnVpfX5+cnFxUVJSYmFhaWoo6Go1GrVajZusTwRSAevToMWvWrJ49e9ra2lpbW3N6R0TUuVnMmDHDuErUuSDoaLXa48eP//7778g9jY2NOp2uqanJ3t4+MjISWSc2NtbHxweBycrKCtlILhrJ1SBJP7W1tfn5+TU1NQ0NDV5eXhKMpGdZISKizoTXiqhzwh82khACzYIFCxYuXPjMM8+MGjXqlO8rQoWqqqrMzMyEhISVK1cePnwYD2WTNEc2QlRSKBRRUVHPP//8zTffrFQqsRWRiJ+YJSLqfHitiDotSTbg5+d3ww03uLi4SNAxbjaEG1tbW39//7i4uAEDBtjb21dUVKhUKmloCkaohrSUnZ0dGRkZFBSEh9jEVERE1PkwFVHnJNlFoVB4eXkhzTg5OaEE5affGIRq2OTs7BwSEhIcHOzr64t4hBKpLwEI8Uij0bi7uw8ZMgQPZStID0RE1DnwHTTqzCTxyIqsnx5lWm/S6XQVFRUZGRnZ2dm5ubnp6el5eXlNTU2VlZUqlWrKlCmvvPKKpaUlavJaERFR58NURHQGJw33JBUWFpaUlKjVaoSkTZs2jR49+v7778fWLoYv5peaRETUaTAVEZ2ZfCRNrglVVFRs3rzZ3t7+6quvlkK530hfj4iIOgumIqIzwHmBVITcI/chnTx5sra2trm5WX5fVv9mm4GhLhERdRJMRUR/y3R2MAAREV0OmIqIiIiI9PjzBURERER6TEVEREREekxFRERERHpMRURERER6TEVEREREekxFRERERHpMRURERER6TEVEREREekxFRERERHpMRURERER6TEVEREREekxFRERERHpMRURERER6TEVEREREekxFRERERHpMRURERER6TEVEREREekxFRERERHpMRURERER6TEVEREREekxFRERERHpMRURERER6TEVEREREekxFRERERHpMRURERER6TEVEREREekxFRERERHpMRURERER6TEVEREREekxFRERERHpMRURERER6TEVERERE//rXv/71/wDGhmsM+q4FjgAAAABJRU5ErkJggg==</file>
<file name="31.png" path="/" encoding="base64">iVBORw0KGgoAAAANSUhEUgAAAysAAALECAYAAAAIMq+/AAAKq2lDQ1BJQ0MgUHJvZmlsZQAASImVlwdQU+kWx79700NCS4iAlFBDkd4CSAmhhSJIB1EJSYBQQgiEZlcWV3AtqIiADV0QUXBViiw2RLEtCva6IIuAsi4WbKi8CwzB3TfvvXln5sz55eR8/+98d+43cy4AZEWuWJwKKwKQJsqShPh40KOiY+i4QYAHNEACDGDC5WWKWcHBAQCxmfh3e38XQJPxltmk1r///19NiS/I5AEABSMcz8/kpSF8EvEXPLEkCwDUPiSvl5MlnuQOhKkSpEGE709y4jSPTHL8FKPBVE1YCBthKgB4EpcrSQSAREfy9GxeIqJDckfYUsQXihAWI+yalpbOR/gYwkZIDZIjTeoz47/TSfybZrxMk8tNlPH0WaYM7ynMFKdy8/7Px/G/LS1VOrOHIeKkJIlvCBKVkWd2PyXdX8ai+AVBMyzkT9VPcZLUN3yGeZnsmBnmcz39ZWtTFwTMcILQmyPTyeKEzbAg0yt0hiXpIbK9EiRs1gxzJbP7SlPCZfkkAUemn58UFjnD2cKIBTOcmRLqP1vDluUl0hBZ/wKRj8fsvt6ys6dlfndeIUe2NispzFd2du5s/wIRa1YzM0rWG1/g6TVbEy6rF2d5yPYSpwbL6gWpPrJ8ZnaobG0W8kLOrg2WPcNkrl/wDAM2SAepiEsAHQQgvzwByBLkZk0ehJ0uzpMIE5Oy6CzkhgnoHBHPfB7d2tLaBoDJ+zr9OrylTd1DiHZ1NrdOBwCXvImJibbZnP9NAE6cBoD4cDbHGABA/ioAl3fypJLs6dzUXcIAIlAAVKAGtIAeMAJmwBrYA2fgDryAHwgCYSAaLAE8kATSkM5zwHKwBhSCYrAF7ADlYC84AA6Bo+A4aAZt4Dy4BK6Bm+AOeAR6wQB4CUbBezAOQRAOIkMUSA3ShgwgU8gaYkKukBcUAIVA0VAclAiJICm0HFoHFUMlUDm0H6qFfoFOQeehK1A39ADqg4ahN9BnGAWTYCqsCRvCFjATZsH+cBi8GE6EM+B8uADeBJfBVfARuAk+D1+D78C98Et4DAVQcigaSgdlhmKi2KggVAwqASVBrUQVoUpRVah6VCuqE3UL1YsaQX1CY9EUNB1thnZG+6LD0Tx0BnoleiO6HH0I3YTuQN9C96FH0d8wZIwGxhTjhOFgojCJmBxMIaYUU41pxFzE3MEMYN5jsVgaloF1wPpio7HJ2GXYjdjd2AbsOWw3th87hsPh1HCmOBdcEI6Ly8IV4nbhjuDO4npwA7iPeDm8Nt4a742PwYvwa/Gl+MP4M/ge/CB+nKBIMCA4EYIIfEIeYTPhIKGVcIMwQBgnKhEZRBdiGDGZuIZYRqwnXiQ+Jr6Vk5PTlXOUWygnlFstVyZ3TO6yXJ/cJ5IyyYTEJsWSpKRNpBrSOdID0lsymWxIdifHkLPIm8i15Avkp+SP8hR5c3mOPF9+lXyFfJN8j/wrBYKCgQJLYYlCvkKpwgmFGwojigRFQ0W2IldxpWKF4inFe4pjShQlK6UgpTSljUqHla4oDSnjlA2VvZT5ygXKB5QvKPdTUBQ9CpvCo6yjHKRcpAxQsVQGlUNNphZTj1K7qKMqyiq2KhEquSoVKqdVemkomiGNQ0ulbaYdp92lfZ6jOYc1RzBnw5z6OT1zPqjOVXVXFagWqTao3lH9rEZX81JLUduq1qz2RB2tbqK+UD1HfY/6RfWRudS5znN5c4vmHp/7UAPWMNEI0VimcUDjusaYppamj6ZYc5fmBc0RLZqWu1ay1natM1rD2hRtV22h9nbts9ov6Cp0Fj2VXkbvoI/qaOj46kh19ut06YzrMnTDddfqNug+0SPqMfUS9LbrteuN6mvrB+ov16/Tf2hAMGAaJBnsNOg0+GDIMIw0XG/YbDjEUGVwGPmMOsZjI7KRm1GGUZXRbWOsMdM4xXi38U0T2MTOJMmkwuSGKWxqbyo03W3aPQ8zz3GeaF7VvHtmJDOWWbZZnVmfOc08wHytebP5Kwt9ixiLrRadFt8s7SxTLQ9aPrJStvKzWmvVavXG2sSaZ11hfduGbONts8qmxea1ramtwHaP7X07il2g3Xq7druv9g72Evt6+2EHfYc4h0qHe0wqM5i5kXnZEePo4bjKsc3xk5O9U5bTcae/nM2cU5wPOw/NZ8wXzD84v99F14Xrst+l15XuGue6z7XXTceN61bl9sxdz53vXu0+yDJmJbOOsF55WHpIPBo9PrCd2CvY5zxRnj6eRZ5dXspe4V7lXk+9db0Tveu8R33sfJb5nPPF+Pr7bvW9x9Hk8Di1nFE/B78Vfh3+JP9Q/3L/ZwEmAZKA1kA40C9wW+DjBQYLRAuag0AQJ2hb0JNgRnBG8K8LsQuDF1YsfB5iFbI8pDOUEro09HDo+zCPsM1hj8KNwqXh7REKEbERtREfIj0jSyJ7oyyiVkRdi1aPFka3xOBiImKqY8YWeS3asWgg1i62MPbuYsbi3MVXlqgvSV1yeqnCUu7SE3GYuMi4w3FfuEHcKu5YPCe+Mn6Ux+bt5L3ku/O384cFLoISwWCCS0JJwlCiS+K2xOEkt6TSpBEhW1gufJ3sm7w3+UNKUEpNykRqZGpDGj4tLu2USFmUIupI10rPTe8Wm4oLxb0ZThk7MkYl/pLqTChzcWZLFhUZjK5LjaQ/SPuyXbMrsj/mROScyFXKFeVezzPJ25A3mO+d//My9DLesvblOsvXLO9bwVqxfyW0Mn5l+yq9VQWrBlb7rD60hrgmZc1vay3Xlqx9ty5yXWuBZsHqgv4ffH6oK5QvlBTeW++8fu+P6B+FP3ZtsNmwa8O3In7R1WLL4tLiLxt5G6/+ZPVT2U8TmxI2dW2237xnC3aLaMvdrW5bD5UoleSX9G8L3Na0nb69aPu7HUt3XCm1Ld27k7hTurO3LKCsZZf+ri27vpQnld+p8KhoqNSo3FD5YTd/d88e9z31ezX3Fu/9vE+47/5+n/1NVYZVpQewB7IPPD8YcbDzZ+bPtdXq1cXVX2tENb2HQg511DrU1h7WOLy5Dq6T1g0fiT1y86jn0ZZ6s/r9DbSG4mPgmPTYi1/ifrl73P94+wnmifqTBicrGymNRU1QU17TaHNSc29LdEv3Kb9T7a3OrY2/mv9a06bTVnFa5fTmM8QzBWcmzuafHTsnPjdyPvF8f/vS9kcXoi7c7ljY0XXR/+LlS96XLnSyOs9edrncdsXpyqmrzKvN1+yvNV23u974m91vjV32XU03HG603HS82do9v/tMj1vP+Vuety7d5ty+dmfBne674Xfv34u913uff3/oQeqD1w+zH44/Wv0Y87joieKT0qcaT6t+N/69ode+93SfZ9/1Z6HPHvXz+l/+kfnHl4GC5+TnpYPag7VD1kNtw97DN18sejHwUvxyfKTwT6U/K18ZvTr5l/tf10ejRgdeS15PvNn4Vu1tzTvbd+1jwWNP36e9H/9Q9FHt46FPzE+dnyM/D47nfMF9Kftq/LX1m/+3xxNpExNiroQ7NQqgEIcTEgB4UwMAORoACjJDEBdNz9NTBk1/A0wR+E88PXNPmT0A9UiYHIvY5wA4hrjhakQbiZMjUZg7gG1sZD4z+07N6ZOGRb5Y9tlOUg8tIxf8w6Zn+O/6/mcEk6pTy/8W/wV8SAf11W6wzQAAAJZlWElmTU0AKgAAAAgABQESAAMAAAABAAEAAAEaAAUAAAABAAAASgEbAAUAAAABAAAAUgEoAAMAAAABAAIAAIdpAAQAAAABAAAAWgAAAAAAAACQAAAAAQAAAJAAAAABAAOShgAHAAAAEgAAAISgAgAEAAAAAQAAAyugAwAEAAAAAQAAAsQAAAAAQVNDSUkAAABTY3JlZW5zaG90BuIqSgAAAAlwSFlzAAAWJQAAFiUBSVIk8AAAAthpVFh0WE1MOmNvbS5hZG9iZS54bXAAAAAAADx4OnhtcG1ldGEgeG1sbnM6eD0iYWRvYmU6bnM6bWV0YS8iIHg6eG1wdGs9IlhNUCBDb3JlIDYuMC4wIj4KICAgPHJkZjpSREYgeG1sbnM6cmRmPSJodHRwOi8vd3d3LnczLm9yZy8xOTk5LzAyLzIyLXJkZi1zeW50YXgtbnMjIj4KICAgICAgPHJkZjpEZXNjcmlwdGlvbiByZGY6YWJvdXQ9IiIKICAgICAgICAgICAgeG1sbnM6ZXhpZj0iaHR0cDovL25zLmFkb2JlLmNvbS9leGlmLzEuMC8iCiAgICAgICAgICAgIHhtbG5zOnRpZmY9Imh0dHA6Ly9ucy5hZG9iZS5jb20vdGlmZi8xLjAvIj4KICAgICAgICAgPGV4aWY6UGl4ZWxYRGltZW5zaW9uPjg1MjwvZXhpZjpQaXhlbFhEaW1lbnNpb24+CiAgICAgICAgIDxleGlmOlVzZXJDb21tZW50PlNjcmVlbnNob3Q8L2V4aWY6VXNlckNvbW1lbnQ+CiAgICAgICAgIDxleGlmOlBpeGVsWURpbWVuc2lvbj4xMzIyPC9leGlmOlBpeGVsWURpbWVuc2lvbj4KICAgICAgICAgPHRpZmY6UmVzb2x1dGlvblVuaXQ+MjwvdGlmZjpSZXNvbHV0aW9uVW5pdD4KICAgICAgICAgPHRpZmY6WVJlc29sdXRpb24+MTQ0PC90aWZmOllSZXNvbHV0aW9uPgogICAgICAgICA8dGlmZjpYUmVzb2x1dGlvbj4xNDQ8L3RpZmY6WFJlc29sdXRpb24+CiAgICAgICAgIDx0aWZmOk9yaWVudGF0aW9uPjE8L3RpZmY6T3JpZW50YXRpb24+CiAgICAgIDwvcmRmOkRlc2NyaXB0aW9uPgogICA8L3JkZjpSREY+CjwveDp4bXBtZXRhPgo1Q7RBAABAAElEQVR4AeydB5weVfW/L4L0ntBLAqEk9NA7AaTDnyK9C0hRUeoPEFGpoiJVmoACUkOoUkLvLZDQO4RA6D10wfLPc/Ask2U32ZTdfd99n/v5TGbemTt37jyzuXO/c865d6L/jkzFJAEJSEACEpCABCQgAQlIoMYIfK/G6mN1JCABCUhAAhKQgAQkIAEJBAHFin8IEpCABCQgAQlIQAISkEBNElCs1ORjsVISkIAEJCABCUhAAhKQgGLFvwEJSEACEpCABCQgAQlIoCYJKFZq8rFYKQlIQAISkIAEJCABCUhAseLfgAQkIAEJSEACEpCABCRQkwQUKzX5WKyUBCQgAQlIQAISkIAEJKBY8W9AAhKQgAQkIAEJSEACEqhJAoqVmnwsVkoCEpCABCQgAQlIQAISUKz4NyABCUhAAhKQgAQkIAEJ1CQBxUpNPhYrJQEJSEACEpCABCQgAQkoVvwbkIAEJCABCUhAAhKQgARqkoBipSYfi5WSgAQkIAEJSEACEpCABBQr/g1IQAISkIAEJCABCUhAAjVJQLFSk4/FSklAAhKQgAQkIAEJSEACk4hAAhKQgAQak8B///vfUW58ookmit//+te/CgvpP//5T/nqq6/Kv//97/g9un8oL8tono/9lDXJJJOUySabLNYTTzxx+d73Rv1mNroympfpbwlIQAIS6PoEJhr5Yhj1bdX179k7lIAEJNBwBGjqc+HmUzykuMjfH374YXnyySfL0KFDy9dff10++eST8sILL5R33323SVhQDiKDc/K8LLtaHvvyWuzn93TTTVfmn3/+0rt379KzZ88y66yzlhlmmCHES57LOeTld3MxEwX6jwQkIAEJNAwBLSsN86i9UQlIoJEJVIVACgesJYgCLCcjRowoL7/8crnpppvKzTffXN5+++04hoWF45wz6aSTBkK22ffFF1/E7+9///shKqoCpnre5JNPHpYZxA95ppxyyjLVVFOVGWecsSyyyCJllVVWKX369Cmzzz576datW1ynWt9Gfm7euwQkIIFGJ6BlpdH/Arx/CUigbgiktaFa4Zb2VY+zTZ5//vOfYSn57LPPCssHH3xQXnvttfL555+XN998swwePLg899xz5fXXXw/hgqiYY445yoILLlhmnnnm0qtXrzLXXHMVXLcob9iwYeWaa64J0bLMMsuEhWT66advspC888475ZVXXilTTDFFnPvpp5/GObiCIZLee++98tJLLxX2TzPNNGWmmWYqiy++eAgX1nPPPXfs53rNU1vuufk5/paABCQggfokoFipz+dmrSUggQYiQOc8l7Q48DtTWjTyN8e+/PLLpgVh8Mwzz5RXX301BAMWlPfffz8EC8KBvFhW0lLCNbB67LjjjmXbbbcNawfWEIRHXh/3sAsvvLA8/vjjZbPNNivLLrtsxKJQB/JgeUEIITawomBpQSRl+vjjj8uQIUPKDTfcUB555JEQL9wHgmeBBRYoa6yxRll++eXDZQwhQ6wLiXtD8LAmPynX8cN/JCABCUigSxHQDaxLPU5vRgIS6IoE6Pyz0EmvbnOvdNTpuCMO0vXqjTfeCBHx7LPPlrfeeivcu7CEYMVAkCAiyNta0DzXQGBgVcFNCzcvrsH+TIiXlVdeuRDj8tFHHxVcvYg9aWuivHnnnTdEzhNPPFHuu+++ctdddxXqTP3ZN2DAgLLqqquWddZZJ0QLAop6cc+wYMn7r9atrXUwnwQkIAEJ1D4BxUrtPyNrKAEJNDABOvW4cGHJoHOewgFxgnUCqwgCBFcuXLtwv3rooYciSD6PpwsYZVHG6BKdfgQA5+AWhtUDgcB1p5122lhj5UCs4KrFyF6PPvpo6du3bwTPc25bEtehvIUWWqj0HBlojxUFYXTuueeG0EJkETeDFej2228vCy+8cFlqqaVijcjBNQ1LT1uv15Y6mUcCEpCABGqPgGKl9p6JNZKABCQQBBAXWD+I7cBdig781FNPHVaOjAFBoCAssHAgWhAxWDrYl9YG1pTF0pZEfsrt379/uf/++0OYYNWYc845Q7gwohcCA+sMbmDDhw8vs802W1wTly3EDWVQF7axuvCbBXFRjUPhN3kQHhtvvHG4inEviC7O4z65BiOSIVoof9FFFy0rrrhiWWyxxZpGE0P4tCRc8p5Zc/3ma/aZJCABCUigdgkYs1K7z8aaSUACDUyATjVWEEbQuuOOO8rxxx8fMR4Zu4GIwZ0LQUDid3bMW8KWHfWWjrW0LzvxKS6wrCAeEBrUIUUTQxpTB0QEsSYIGhbyIZoI0p9lllmaRApDFXfv3j1+UzZlUS6ChXtAlJ199tmRZ7nllgv3MEYny3gazsGqg3jqOVIwYWXBIkPMDGVj6eE49WXhd4qYtColJ/bnfbbEwH0SkIAEJND5BLSsdP4zsAYSkIAEWiRAR5oONpYGguRZ5z5OyE53iyc32zk2eatlIyBYECTVAPlmxUfwPpYfhEcKBIQW2yzUm4WhiVlSqDASGLEuWGawrhCrwn0y8hhLjx49Qsjg7sY9UBesLSy4vuGmdsstt0Q+8hKgjzhCTLGNqxqCiWtwLeqX4oX6mCQgAQlIoLYJKFZq+/lYOwlIoEEJ0DFnQazQ8e450orAUMOIFtLoxEfzTjh56aCz5liem+sJhRghkUMjZ5nNr8GIZOkGRl3YZv4WBA3bWFAQJoxWRswMcTcIk2q9KZv74XpYl4jnQSg99thjYamhLCw2lIvFZ5555mlaiHXhGIIGIYOgyfljKDfry5prknIdP/xHAhKQgAQ6lIBuYB2K24tJQAISaBuB7DQjVnCnYrSsk08+udx2223ReWZ/5skS6VTTEWdNR548map507JQPZ75xnVd7dCznZ39vG4ez9+55nrV/NXrN69nnpNlNV+nCCJf9d6w2OAaxhphQj5c0RAxuJEx6lnv3r3DAkM8DmKHBEPKoh5Zl2r93JaABCQggfYnoGWl/Rl7BQlIQAJjTSA74nSssazQycativ15rHmh7KdTTSebNR104jmIJcFCgeghxmTYyGGMR+fS1bzctvxOIUHe3M51dV9LZWW+XGce7qOllPlYJws4IVBYUlwQswI3LDUE7GfinBdffDFGMYMt1haEC25n8CJWZr755gv3M87Ja+T5riUgAQlIoOMIKFY6jrVXkoAEJDBOBBh1i842sRx00LOz3rww9hNbQsebgHNcpOi8E7OBBQGXJywHzFY/cODAGBaYsus9cd8IG+4PscEoYYgyXM6wmpAYzpkRxaoDEuByxqhpjHzGiGsIG9zD+vTpE2UsvfTSMVQygftYZUhcS/ESKPxHAhKQQIcQmPi3I1OHXMmLSEACEpDAOBGgg0xMBiLjlVdeGW1nmQ772muvXVZYYYWIcWEOFCwpLMSBMIoWxxh9C+sCFhasEnTAuU69pRQOuG6tt956Zfvttw8Xr6FDh5bXX389RAxB9VhNCOLHykKMS/V+uW+sVogXBCGMn3zyyRgyGebPPPNMCL90J6tacSgn61Bv7KyvBBqJQLZv/n+tv6euWKm/Z2aNJSCBBiNA55iO9MMPP1yefvrpVkUFHfYlllgiAscZVWvQoEExGzxB+UywiKUBCwJxLVhY+I0FArcpXuT5Mq8nvHQ8uO/VV1+9rLnmmiE0rrvuuhB2CDwEC6OGcc+rrrpqWE1yAk3uE8tT9d7ZRrgg4rBmIehgzlwvTz31VJTFObjYYYlRrNTTX4t1bWQCVZFS3W5kJvVy77qB1cuTsp4SkEDDEsgOOZ1jUmvigiGBsawwihYWFawEGffBOWzjCnXllVeGmxgTKdKJZ389ChVYUG+sJsSYYA1hAIK0qGBFQsjAAR4MX4yYwy0Oy8vo7pljuIwhXHAVwyqFheWee+4pPUeOzLbuuuuWTTfdNIQh9TBJQAK1S4D/z9X/74qV2n1WLdVMsdISFfdJQAISqDEC1ZcrX/arv6kqvxEzdKqZUZ6ONp3y2WefPVy/sATQ8cZCgGUBVygC77GusNRr4r4RIVhRhgwZEhYk7htGWI8QMVhGEBr3339/7CfwHpcuYnrGlOjgpJgbMWJEcMNNDL7EwzABJkLQJAEJ1C6BantZ3a7dGluzKgHFSpWG2xKQgATqlACdaly6GPULF6aFFlqobLPNNiFUXn755ZjNnf0IE8QMLk50tLE+ZBxM9ctjvWDAksR9IDwQYb169Sr9+vULly2EGe5zuMFxb7BhwRKDoHn++efbdJspWMjMNqKPcnKiyjYVYiYJSKBTCShSOhX/eF1csTJe+DxZAhKQQMcQwMWLwHisB7h5tSQs6LCntYDZ2hdddNFwgXrggQearAN06DkXawCWAoYzrufEfTLxI0It409w+8qOCRNpMqcKv3HnYlQ0Rvtqq1BpjQ0DFLDkdVrL534JSEACEhg/AoqV8ePn2RKQgATanQDiApemDTfcMDrkF1xwQSGAns53xq9QCSwMuEQRs0FMBsMTcy4uUiuvvHKhY49lBTcoXMAY4phZ3+u5w839c88IFdzguD/WCBSsLliOGMY5R/VCYDBgAezGJcGTBfHINXQBGxeKniMBCUig7QQUK21nZU4JSEACnUIAMYHAmHvuucvWW28drk4DBgwIMcIoXyTyMMcIo2Ldfffd5Y477ohgc2JWGLoXlyXcwIhVYRLEZZZZJjrcHKPzXa+CBXcshArDEjPBI5YjBg5gZDCGcGbeFNzebrrpphBrHIMZ+cY1wQrBwzOpV27jeu+eJwEJSKCjCShWOpq415OABCQwjgToICM01lhjjfiqj6XkrrvuCisB7lxvvPFGdNyXWmqpCCpnmGKsKnTm6ZyzpnPfu3fvEC904HGTotwcNWwcq9Zpp3E/jPTFPfccOUoXQoQRzxApBMAjVHCDgw33jYWKgHt4ITQQamOTyI8owoqF5cYkAQlIQALtS2CikQ3v2LXU7VsfS5eABCQggTEQQHQQOI4AYfQvhMYjjzxSLrnkkuiMMzkiMRkMUUwsB2KEc5itng461pZ0F6PTzvkcH9fXwbh0+sdwi2N1GAGy/vrrR9D8LbfcEmIFixEuX4zaRWwO98bIYMSsIGZYuGeWsU1Ycfbbb7+yxx57hLVmbM83vwQkIAEJtJ2AlpW2szKnBCQggZoggDhg6F063sSd0BFHfBDHcsMNN4RAYX4RRq2iM07MBvEVDN3LyFhYW9IKg5WA8hA0WGooi849bmOIgBzilxgPjtH5J04DqwJztHz66adhral2+tmPuxWxI1g+Muh/QsOjPiSugYVpgw02iEEICLBHyHF9hmzOgQeGDRsWlpbqKF7VmJ9q/TIWJa+Ra/KwzXGYmSQgAQlIoH0JKFbal6+lS0ACEpjgBBAXLCQ6zggF4lnorDMMMTPXIyqwmNCpRqDQQUe8kFiTH3cyhAyxF3TscZ2iPDr6CAAsCAgWxAsL5RH3Qied4X8ROogegtqzbM5nf48ePSJWBmHE9alPNVF/8uaaY7md6+q+5tuci1UINzYW3L0Qaogr9nM/yy+/fAi6G2+8MYYyRrRwPww20Ldv37A04RKGdSqvCUvyMAABQfRYprg/BBDHWBB+jEBGHUwSkIAEJNC+BHQDa1++li4BCUigXQnQYaYDjZCgM451Bfev66+/PoQLrl9YOhAt6QbGXCQ/+tGPymabbRYdbzrqHCcf2wgP8iJiECZs53W4FgkxQH5ESNVSQT72c5xzOU557dGxp2zumTiV22+/vVx++eUxrDPX436I78GyguDAAoRb2A9+8IPy4x//uCy22GLBjQEHUkhlHblvrEzcAxYlrkGePM79IVawZiWzdn3IFi4BCUiggQkoVhr44XvrEpBA/ROgA42AYJ1Cg845I4JdffXVEZuBkOE4FoElllii9Bs5aSJWB36zP89tTiOtDc3387v5MX6zZKJMUpZdPZZ5xmfNPWeZiCmsKdxv//79mywhxPWQB+Ey//zzhyWJ4Z+XXHLJsMBwjCXrmPVJnvzOPKwzVe+Nsk0SkIAEJNB+BBQr7cfWkiUgAQl0KIFqpxuLARYHLAqIFTrgBJ0z7wgL7lLVVD23+f783VLHnmOtnZvntfea63N/GauCWMMdLgPrsZQwMtjCCy8c917vwzW3N0/Ll4AEJFBLBBQrtfQ0rIsEJCCBdiBAZ56UFhasAQiPrmAV4N5SrHB/3BPCBbctLC6ZGHCAxaD4JOJaAhKQQH0QMMC+Pp6TtZSABCQwTgRSqOS6JbemcSq4xk6qCi/iSFgypZhJBrnftQQkIAEJ1D4BLSu1/4ysoQQkIIEJQoDOejX2YoIUWkOF5P2xzu2sHr+rgib3u5aABCQggdomoFip7edj7SQgAQlIQAISkIAEJNCwBBzGpGEfvTcuAQlIQAISkIAEJCCB2iagWKnt52PtJCABCUhAAhKQgAQk0LAEFCsN++i9cQlIQAISkIAEJCABCdQ2AcVKbT8faycBCUhAAhKQgAQkIIGGJaBYadhH741LQAISkIAEJCABCUigtgkoVmr7+Vg7CUhAAhKQgAQkIAEJNCwBxUrDPnpvXAISkIAEJCABCUhAArVNQLFS28/H2klAAhKQgAQkIAEJSKBhCShWGvbRe+MSkIAEJCABCUhAAhKobQKKldp+PtZOAhKQgAQkIAEJSEACDUtAsdKwj94bl4AEJCABCUhAAhKQQG0TUKzU9vOxdhKQgAQkIAEJSEACEmhYAoqVhn303rgEJCABCUhAAhKQgARqm4Bipbafj7WTgAQkIAEJSEACEpBAwxJQrDTso/fGJSABCUhAAhKQgAQkUNsEFCu1/XysnQQkIAEJSEACEpCABBqWgGKlYR+9Ny4BCUhAAhKQgAQkIIHaJqBYqe3nY+0kIAEJSEACEpCABCTQsAQUKw376L1xCUhAAhKQgAQkIAEJ1DYBxUptPx9rJwEJSEACEpCABCQggYYloFhp2EfvjUtAAhKQgAQkIAEJSKC2CShWavv5WDsJSEACEpCABCQgAQk0LAHFSsM+em9cAhKQgAQkIAEJSEACtU1AsVLbz8faSUACEpCABCQgAQlIoGEJKFYa9tF74xKQgAQkIAEJSEACEqhtAoqV2n4+1k4CEpCABCQgAQlIQAINS0Cx0rCP3huXgAQkIAEJSEACEpBAbRNQrNT287F2EpCABCQgAQlIQAISaFgCipWGffTeuAQkIAEJSEACEpCABGqbgGKltp+PtZOABCQgAQlIQAISkEDDElCsNOyj98YlIAEJSEACEpCABCRQ2wQUK7X9fKydBCQgAQlIQAISkIAEGpaAYqVhH703LgEJSEACEpCABCQggdomoFip7edj7SQgAQlIQAISkIAEJNCwBBQrDfvovXEJSEACEpCABCQgAQnUNgHFSm0/H2snAQlIQAISkIAEJCCBhiWgWGnYR++NS0ACEpCABCQgAQlIoLYJKFZq+/lYOwlIQAISkIAEJCABCTQsAcVKwz56b1wCEpCABCQgAQlIQAK1TUCxUtvPx9pJQAISkIAEJCABCUigYQkoVhr20XvjEpCABCQgAQlIQAISqG0CipXafj7WTgISkIAEJCABCUhAAg1LQLHSsI/eG5eABCQgAQlIQAISkEBtE1Cs1PbzsXYSkIAEJCABCUhAAhJoWAKKlYZ99N64BCQgAQlIQAISkIAEapuAYqW2n4+1k4AEJCABCUhAAhKQQMMSUKw07KP3xiUgAQlIQAISkIAEJFDbBBQrtf18rJ0EJCABCUhAAhKQgAQaloBipWEfvTcuAQlIQAISkIAEJCCB2iagWKnt52PtJCABCUhAAhKQgAQk0LAEFCsN++i9cQlIQAISkIAEJCABCdQ2AcVKbT8faycBCUhAAhKQgAQkIIGGJaBYadhH741LQAISkIAEJCABCUigtgkoVmr7+Vg7CUhAAhKQgAQkIAEJNCwBxUrDPnpvXAISkIAEJCABCUhAArVNQLFS28/H2klAAhKQgAQkIAEJSKBhCShWGvbRe+MSkIAEJCABCUhAAhKobQKKldp+PtZOAhKQgAQkIAEJSEACDUtAsdKwj94bl4AEJCABCUhAAhKQQG0TUKzU9vOxdhKQgAQkIAEJSEACEmhYAoqVhn303rgEJCABCUhAAhKQgARqm4Bipbafj7WTgAQkIAEJSEACEpBAwxJQrDTso/fGJSABCUhAAhKQgAQkUNsEJqnt6lk7CTQugf/85z/le9/7Xvn000/L4MGDyxNPPFG+/vrrwv5xSZQ10UQTxamTTz556dOnT1lhhRXKpJNOWv797383HSNP5huX63iOBCQgAQlIQAISmFAEFCsTiqTlSGACEkCQIBjefvvtcu2115bzzz+/PPvssyFUJp544vLf//53rK5GWZNMMkmIHwQP4mS++eYr22+/fdliiy1K9+7dQwghaCjfJAEJSEACEpCABGqBwEQjOz1j1+uphVpbBwl0cQKIlWHDhpXTTz+9XHnlleXLL78syy+/fFlqqaVCWHD7CIvqf9/qdnPLCL9ZECnvvvtuCJ+nn366jBgxomy99dZll112KfPMM0+IoczbxRF7exKQgAQkIAEJ1AEBLSt18JCsYtclkAKDdYqEf/7zn2XQoEHllFNOKffee29ZYIEFynbbbVdWXnnlMvvss4eFhLzjmigfwYJb2TnnnFP++te/ls8++6zsu+++Za655opiETVpwRmfa41rHT1PAhKQgAQkIAEJQECx4t+BBDqRABYUhAoL4oD4lJtvvjksKlg+1lprrbLrrruWxRZbLCwpzz33XHnrrbfKV199VZ5//vny3nvvlWmnnTbuALeuGWecsQwfPrw89dRTo8ShkGGqqaYqPXv2LIsvvnjp27dvmXXWWct0001XTjvttNK/f/8QMHvvvXdZdtllm9zFdAvrxD8OLy0BCUhAAhKQQNENzD8CCXQigX/9619xdYTKBx98UC677LIQD8SX4Jq1zjrrlB49epQvvviiXH311eXss8+OOBZEzieffBKihbxYP6aeeury/e9/v3z++efl448/HuWuOI7wQLAgarDUbL755pEfAXTppZeWiy++uMw///xlp512Kuuuu26ZaaaZQkRpWRkFpT8kIAEJSEACEuhAAoqVDoTtpSRQJYCrVbp/EZ9CED3LDDPMULBwbLbZZmWKKaYoL7/8cjn33HMjdoV8CBVSWmQQE+myxTG2EUEcz7zkQdRwjGW22WYrG2ywQdl9993DzezNN9+MQH7cwrDW9OvXLyw6K664YuSv1tttCUhAAhKQgAQk0FEEJv7tyNRRF/M6Emh0AogHRAprLB2sn3zyyYhPwRVr4YUXLvvtt19Zf/31w+pxzz33lGOPPbZcccUVBUGBCOEclhQjKVpyfx5jfzVlPsr46KOPyksvvVRef/31MvPMM5cFF1yw9O7dOxauc9ttt5WHH344LDbzzjtvYajjvDZlZllaXaqE3ZaABCQgAQlIYEIT0LIyoYlangRaIUAHH6FCopM/dOjQct5555Ubb7wx4kWIT/nZz34WrljEpFxzzTXlL3/5SxkyZEiMBtZcfLRymTbtzliUKaecMoTKlltuGZYU3Mgeeuihcvzxx5fbb7+9dOvWLYTTPvvsE/VKwZKuZ5RjkoAEJCABCUhAAu1FQMtKe5G1XAm0QgDR8dhjj5Xf//73ESuCcNl2223LT37yk4gnIXYFEXPcccfFEMMIlwmduCYLdXnnnXfCuvPqq6+WueeeO4L5l1hiiQjAZ8QwJqTE/QwLDAtWFs5VqEzop2J5EpCABCQgAQk0J6BlpTkRf0tgAhOoWlNeeeWVECgEy7/44osxi/xee+0VAe3Ekjz44IMxlDBuWIiWdBVLqwrr3M5q8hvxwPkktltyBaMsjpHynGp5jAzG8MhYd4hVIUh/wIAB5ayzzirUm9HDiHPhOHOyUFaWF4X6jwQkIAEJSKABCaQbNu9E3rX5bs2Per4rx++PQrEyfvw8WwKjJUCDhVhhYdStE088MUb1QhhsuOGG4XrFCFzEkFxyySUx2hdDEzP6V56bIoQyGPGLuVAY1YuE1YU5UwiK5zh5aRRx16KR5Pdkk00W4oVRwsiDC1emSSedtMwyyywRyI8g4dyeI4c33mGHHWJ2e45jWfnb3/4WAfjU+8c//nHMyUJdTBKQgAQkIIFGJ4BY+frrr+O9y0idt956a8SZEn/Kx718jzc6p3G9/297LeNagudJQAJjJICowPULSwVi44ADDiibbrppQQy89tpr5aKLLorGjdnkmaWe+VYeeeSREAjMp0JsyZprrlm22WabOM4oYSTKfeONN8LyQYzL5ZdfHq5aW2yxRVlllVVCmHAuE0FitWF4YkYX47rLL798+dGPflSWXHLJaEix9CBonnnmmfKPf/wjhkbebbfdyqqrrhqxK19++WW54YYbop6IGcXKGB+7GSQgAQlIoAEI8KGPD4G8R5nQ+aqrrirTTDNN6d69e5ljjjnig2ADYGi3W1SstBtaC5bANwSwkGDl4MsL4oLRtdZee+2wclx55ZVhUSEPM8gTZI8lhN+Ik5VWWilGA8PywvwnzLuC0KBhJA9rZrXvOdIaQiP5wAMPxHDEe+yxRwicvDY1WWaZZWIyyBNOOCEmjVxuueXKD3/4wyiP45RB/tVWWy1iZ5jz5cwzzyyURaA9FhgSMS5cC9Hl16JA4j8SkIAEJNBgBPIdzG3zLsajgVE0ea8zquacc84Z1pYGw9Iut+tQPu2C1UIl8A0BGrB0zUqBQQOHcMGCwWhfzz77bMSCYC7GCpJp+umnLyussEK4YxHYTgwLC1YXLCU0jIifND8jcjbZZJNCDAzuWuk3y3GujeBgdnosJSTOT+GD+Zp8JK6LKKI+d955Z4wOlnXmOOd9+OGHIWz4bZKABCQgAQk0EgHeibw3eRfjho3rF27WeCDwLuXdyjuY38R/smbhHM41jR0BLStjx8vcEhhvAtlQ0WgRm4KpmFG4MCEPHz483L8QF4gKJojs27dvuIkdddRR5cILL4z9TOaIeZkGkqGGBw0aVO6///6w2BDPQtm4lzH8MI3mYostVhZffPG4xrTTTtsUx8LN0Ngy6hduagsssEBhJDCGMEZk4RZGDA2NMHVimXHGGaM8rSrj/adgARKQgAQkUIcEeBfynr3++utjMmfescSf/vWvfw3XatykeS+feuqp5dFHH43BdHiv8l5nXrNq7Ggd3n6HV1mx0uHIvaAEviHAVxcWGj0EDMLlvvvuK0ceeWQIEdy7cBmjoUN4MLQwC9aV1VdfPfK8//775dyRs9tfd911ISLWW2+9KI8vO0w2eeihh4bg2XPPPUNgYJWhLL7wpNhgH8GAJ510UriAHX744WGZIVaGY1hsqGcm6prn5j7XEpCABCQgga5OID828t4eMWJEOeOMM8L9Gi8ExAgihREzZ5pppvL444/HwDpMwJxeDLxfe/To0RTzmeXBjTJNLRNQrLTMxb0SaHcCNFIsfGHJEbs+++yzJlcvvtjg88owx2+//XaTmxbxK8SMEBifYgehg0tYteFDsPDlB2GSgoibyutmw8iavJiqce8iPxYd5lNhG3c1gvGzbK6pWGn3Pw8vIAEJSEACnUyAdyMp35e8B3Mbd+t11103RvPECwEvBd6ZBNfj0k3cCp4TeCNwDvlxx87zKZfy8Fwg0ReoHoud/hMEFCv+IUigkwjQ4U93K77G0EghEPgigw8sX2wQIAgRGkESDRtuXL169Wpq2Krm5Gz0yEt52fBVtzlWTSlqKBvRRL2oT58+fSJ+hTqyZBwM56ZIqpbjdn0T4PmT8m+mvu/G2ktAAhIYfwLEaNIm8l5M4cI+PhqSGMGTWFDevYzMyWTOfGgkL+/NzTffPCZ9xrJCPCgfIHnPp2s1+Xif8pul+j4f/9p3nRIUK13nWXondUKATiGNH19YiFUh5gTrBT6vjNh14IEHhvsVX2VuvPHGiCWpdiQRFHypofEjpZWDdQ5pzP48h+1qqnZG2aax5NxFF100hjsmmJ9GloaV7YUXXji2EVHka63c6jXcri8CPFMW/h5yXV93YG0lIAEJTHgCae3AJRo3bTwQ8IDAPZuPiLwrSbwbETAsiA4+MmJdwVWMvLxPiTPlXY/HA+Xy7kX4cIxYUY6bWiagWGmZi3slMMEI0PmjUSLRoPEVhX2IDRozvsZcccUVMXEUwoDJImnIMCcjYE4++eQyZMiQ+E0ZVbFBOTR2JM7B6pLHOdZSqu5nG4vJxhtvHLPX9+7dO0QUjTCNLPXGysJv4mVoZLP8lsp2X30SSJFSn7W31hKQgATGnUC+n2kHGbQmRQjva97RHCf+5Je//GW8rwmS51170003hds2efjNx70VV1wx3qnEqfAOZbJlBAou1nhK4GKd16EvwD4sLbznmbqA93g1cW3e043uzTAqlSohtyUggfEmQCPDgqBAfKQ7FWsaL4Ll+QJz9913RyOJORkfV0zFDB9M48VxRgIjTiU7laxJNGCUxW8avRxSmN80tGNK1I2GEpcvGkXKYs2oZNdee2343FIG+2jATV2XAH9LJglIQAKNRoD3G+9MFkbF5H3M+w5PBYLh2Wai5Oeeey7e54gV3tW8kxnZq1+/fjHfGXOPIUYYkfPdd9+NdzrvWAa1YVTNYcOGhVcEfPGaYAAdBskZPHhwlMVoYggfzuHDIB8SEUGkrF/8aMB/FCsN+NC95Y4lQCODWZgvNjRCfDlhHyIEkzKJxpChh7GgcGyhhRYKAYFlBTFRFR4cz0SDhtmZcklcZ2xS1g0xRYON4MGCMmDAgHLzzTeHcMrr5XpsyjevBCQgAQlIoJYJ5LuN9yhigfcgkzuy4FmAYMBSkp4FTCGA+EDI7LLLLuGNgDs3AoQPkCTe87yPebfiRcFIndtuu22MvHnPPfdEf4APmJn30ksvDZdw8nIeddpmm21CCFXf/3FCA/6jWGnAh+4tdxyBbASxWNDg0RgiWmgMESuYiWebbbZwwaKBYgb6119/PeY34Tj50vpCrTk/hQm/GYEENzLOre7nWDaUuWZfSwmhxJcdxoSn8Xz66adjMkhGIMPKk/fQ0rnuk4AEJCABCdQzAd5xvCdJiyyySJlvvvnio93+++8f8SkIkuOPPz6sH4gPLCrbb7992WyzzeKD4x/+8Idyyy23xLud45RHjCejaBJ7ikXmqaeeKj/4wQ/iOi+88EJ55513YpRPrsk5eDNgjeG9i3WGUcaIYdHiDaGR4u+blf9KQALtQQABQSOI8KAR4mvLLLPMEmZijiFillpqqXLEEUeE9eT8888vp5xySlhTCLrDnIyZmUYLi0dz4UDZBPuRmh9DaMwxxxxxDRrOTFhQqom6YdU55phjQvDw9QgBk/lSBLHO7er5bktAAhKQgATqlUDGg6Rowf2KwW94h/LBkEFtsHjw/uO9iKWD/bhKYxF5+eWX40NfvjPhgAsZYob3+B//+Md4xzL5Mu5jXA/hQtD+I488Eh8tuSbvez4+Mi/aTjvtFIInr9v8/V6vrMe13oqVcSXneRJoA4Hs4NOw4ZtKI8dIXjRkafHA0oKFhRnmN9hggzA1E6iHiZkvLriKpbmYS1YbLcQPDVwmyuc4a4L1f/vb38Z1cp4UGkkav+aJ6yB6WFcTjS/7uI9cV4+7LQEJSEACEqh3AvlezTUuYFhEsHYgNrB88D7kvbzGGmvEXCpMnMx7nfcq72Le8yTKwEPi9NNPL8SxEGTPMfYzohjl7LjjjvFe572LpYXySbzrEUe4n+W7OusUGRr0H8VKgz54b7tjCNDIsGCpILYkxQIWFUQLs9Tjv3reeeeV/fbbL4YvpDGkkeKLDC5g2SBmjbNh5DeiJIcr5itNjjpC2bPOOmvZaKONQmhQHuII6w55KINzWbPQOGaDyG/ECccZXpl68IUJ83iKLBpb8uQ5WTfXEpCABCQggXolkO80BAYfCpnzjPcw77v8eIfwQGDwPs1BaXi/VhOiA2HCe5QPfZzLu5X9CBtiXnDj5h1LAD7XwauB61x55ZUR48J7l3NMuoH5NyCBdidAY0UDRIPFVxSGQBw6dGhZYIEFyl577RVigEYNwbD77rvHmkaSBpIRSC677LIQOlSUchAlNHSMJIJFJhtXGj4mo8LNbIcddgi/V/KTaFQJALzuuuvKgw8+GA0njSNff3ADozzyUlcaXUQJ1hjM0QT50zhTfuaJQv1HAhKQgAQk0IUI8D5FWBBjwruWd14KEbaJQXnyyScjPoXbTmsKxzLlOazTosIxyqV8+gK4XvObdy7XqSZcw4hpYXQwxco3ZLSsVP9C3JZAOxCgoSNgrt/I4Q0RJQyLeOKJJ5af//znZbXVVgszMfOsXHPNNTEaWI7rzhcbGkUEBV9cSDR+xK6cdtppERCPAKFRpQHkGKbkM888s2kUExpD9uNqhl8tX3BoGCmbgEAEC8ezDOqKtQdf26222qosueSSIWYQTfjm0nASY4O1xSQBCUhAAhLoagR43xJEn/GgvCNJWDqIZdlyyy3LXXfdVW6//fbwmmjp/nn3Zsrz83e+4xEyuH/zTueDYuZjv27XSeubtWJlVB7+ksAEJYCIYMH/dP311w8TMJM/YS2hccJvlTgVRhuhESTA/tZbb406cB7igQYsxQgHEBtYUBA9WGCweHAcIUF+rCQMO5xCJRtAGj/ypfUEMzdCiON5HYL5se5ssskmIVrw173kkkvKueeeG/XFrYzAv2xsKcskAQlIQAIS6CoEeK8xeifuWvmhkHvjQ952220XH/F47/LxERfvsUm8b/GK4F1LUD2jgfKxknct73De26x5V5u+JaBY+ZaFWxJoFwI0eDR+uGdtscUWMcLHBRdcEJYNBAuNHSKABf9V3MGwevB1JWNNqhVDWCBY+OpDw0ajxpolE65dNIopVNhPA5j72GahIeY8vhitueaa4T628sorhxjBXezss8+OmBrqddBBB5UNN9wwGlruySQBCUhAAhLoagTynZ0f9/I9y4fAyy+/PLwgcMGuDnzTVgaUiYsX7/2DDz443LIpl4+J9BM4znuZ97/pWwIT/3Zk+vanWxKQwIQmQOOTC0KEryrEgeBKhd/qvffeG7EnjN7FTPKsyccwh4gOzq2KjqxfS/s4loIk8+U697NOsUIjjEvYSiutVA455JCyyiqrxDEsM4wdj6mbOnEMC9Ccc84Z+fN+smzXEpCABCQggXonkMIEt2ncrNOywjuP9zFCg+GFP/zwwyaPhLG9Z66BazgxKXzEZNAbBuDhGnyM7NmzZ3hdMPUA72qTAfb+DUigQwnQGCFEmKGeuU9osP785z9HDArDJO66664hHJi1HjMzX3EItJ/QicaSBfc0Jp/66U9/GiORMUvvRRddVK6++uoQULh8MYvuoosuGnO/UH+TBCQgAQlIoCsT2HjjjcOCwsdE3pUkZqFHTDBxMtaQcU14KiBSeN8ykA3TD/ARMeNUiIlhVFCFyreEtax8y8ItCXQYARohhAJWFkYFo+HD9YtRwhh2eLnllovAu969e0dcCV9y0hpSrWR1HybkbNyq283zIDg4zlDEBxxwQNltt93Cf5Yge6wpAwYMiON77LFHiCd8a3FHU6hUybstAQlIQAJdkQCigQ+JuGLh4YDVAzHBhI4MSjNs2LCwsozLvfMexVpDjArve0YHZWAc3MIQRXg37LPPPiFWdLf+lrBi5VsWbkmg3QnQUKV4oPFjiOB55pknGiYarzvuuCO+tvDlZYUVVoj9iBdGJqmOFpIVTZcuXLmybI7R6NHQZWPHb/KykBc3tJ/85CdhNeGrDkMaH3bYYTGbLqOTHHrooWXTTTeN4D/KUKgkcdcSkIAEJNCVCfC+5J3Xq1ev+HDIh0Xez88++2y8Pwm0Jw9xo7xTxzYhhhBCnI87Ge5lWGz4cHnggQfGNXlP5/t7bMvvivkVK13xqXpPdUEA0UKDyELjR6wKjROTROLDyiz28803X/i1Ii5ICBYSrmQsNJQ0fDR0LJRJw8qxbBDZx1cirCMIn3XWWaf8+te/jll4Keuqq64qxx9/fAyfSFwK1ha+7iBiqBvnmyQgAQlIQAJdnQDvPDwPeJ/yzmQG+rSoMKv95ptvHq7TzIXC7PXjIlaSIdfiOsSv/uIXv4iPhFyL0TbpC/juTVKlTDQS9NjLwm/Pd0sCEhgPAvz3o7FKywfzoDCs8YUXXhhCgckdd9555xitC6EybKT5GRMyjRxihPHZiWnBhJzWlSWWWCLKY4Zdyus5MliPGBny0wgTJI8/LA0tc6ecddZZcf6Pf/zjGK2M4zSS2WizNklAAhKQgAQaiQDvTBLvzfPOOy9G7+JdzbDGTA6JdYT3d7UbzbuT39V9lJHvUfbnNnk5n7iVE044ofTt25esIVS4JinLyXNiZwP+4/ijDfjQveXaIUADxBeUbMBwCdv5f+LkqKOOKqecckq4gCEkCHJnTPZsvFgjXFLs5FcYXMtoUBmCmMYUKwtfiKoJEXPOOefEvC5YcPbee++y7bbbhlUmhUo1v9sSkIAEJCCBrk6A+BTcvRAkfNRjsBviVIgt4Z274oorlgceeKBJqPAOx2MBLwhGEMOti3xYR3Dn5h3NB8UUPryvU3ikWGHNe5t1ihTe3fQNUgw1uqVFy0pX/5/n/dUdARo6vtpcfPHF5dyRkzEiLBjikJFICMinQUOMVBONH+eRsiFkO/flfs6jPIL5iYNZZpllyn777RcjgWUQfVpoOMckAQlIQAISaBQCBLvzTsQVG7GCiGDy5Oeffz4ESvfu3SN+BTHB0MK4aPNeJcYU6wsjfPHeJR9xn7iRXXvtteWxxx4L4cIx3tEsuH8Rt4LLNV4UDKiDyMGDgvxM0JzTCSBWqu/2RnkeeZ+KlSThWgI1RICvMJ988knMwXLiiSfGeO/Vry7Z2NHwNRcu1dtoqXEjP9aWNdZYo/zsZz+L2Xgpmy84rBv9C06Vn9sSkIAEJNA4BHj3Pvroo+W4444rt912W9l6661jtE7mHuOdzDsV6wceCQTgMw8ZlhY+MOKOjUhhWgImbsaiwsc/1rh6kZ8y+VBIwqPhlVdeKXeMHFiH85iuICeaxIKz7777xnn57k+rS+M8jW/vVDewb1m4JYGaIYBgICgeQcGXmbvvvjsmkMREnQ0XjRuNJxNXMfQxX3loGPkClI0prmOUVU2Yt3ERW3/99cuss84aLmKIHs5JEVTN77YEJCABCUigEQjwHiTus1+/fuXOO+8M966555473sEIED728a7l+PXXX18GDx4clpG11147Au/xgsBdG+HBuxghc8EFF4RVZpNNNglrzamnnhrDFXM+ZX788cfl2GOPjdE4r7zyyhAx2223XczFki7cvPcbOWlZaeSn773XBQEsHnyxYXhDGsq0ltB44Ut79tlnx4hefIXhiw6jipCHOBeGJ2YbMZKJxhg/XJZGbwCTiWsJSEACEpBAummddNJJ5U9/+lMASVcwXL84jtsWC7PZ4yp28MEHF0bSxK0LccE7lnzk592NYDnkkEPiAyR5+M2AOfku5yK4gTGnC2Uy6A1iiI+Ppm8IjPrJVSoSkEDNEaBBowGsNlwpWjBZ02gyXDFWFMQKQx8yrCLbWF8I8GtuNak2kjV3w1ZIAhKQgAQk0AkEeDfiscA7FAvLoEGDwsWL/QgQFly1sIjgpcCkylhMeNdmIg/vXdbEoKy22mplww03LGeeeWZYUbIcLDQImhyZM8UQrmJLLrlkBOhnmY2+bmy7UqM/fe+/LgjQSGIByQXhkeKDrzZ8iaFhxJQ8YsSIGI2EG0tBk9YT1pTFYpKABCQgAQlI4LsEcK1GQPz0pz8tq6++egTZ82GQSRtxCSPxDl5zzTUL7lpYS/CAqCaO84GR9y0xoiuttFK4dOfoXuxfeumlI/aF8wi0R/ww5xrB9bzLETWmbwgoVvxLkECNE6BRQ2ikSGGbOJRsCPnN7LrMzXLRRRdFDEv1lsjLuSYJSEACEpCABEZPgNG/GHmT+cmWW265sI7wHsbVa8899wx3LjwXtt9++yaxwfFMbOf7Ot+9BNgvtdRS4QWBtYX3N2UQN4qYIc0yyyxljz32CBcxRu1sLoCy/EZcK1Ya8al7z12KQDaMfJm56667msZz71I36c1IQAISkIAEOoAAXgkICN6tjPaFmzUf/e6///6Yb4XjCBksIznk/5iqNc0000Q5nEv8KV4ReEQwPwvHuBYjjDHXGm5m5FGsfEvVmJVvWbglgbokQIM23XTTla222ir8aA844ABdverySVppCUhAAhLobAJYPJgYkiB4RuNkZM433ngj5ihjHhVcrokvwTUs40/wcBhdQoxQDqIHkUJiyGIsLMTIkJj3DMGCUKI8zjF9Q2D0dKUkAQnUPAEaNIL9nnzyyWjgssI2dEnCtQQkIAEJSKBtBBANiJCHH344YkiII8mPgltuuWW4byFmsLQgWhAWY4ovYa4VXMIYWQzrCmnYyMkfX3jhhXh/I1oWX3zxcOnGHQzRki5kbat1186lWOnaz9e76+IEaMzwf+XLzBVXXFHOOOOMMC9z22NqPLs4Gm9PAhKQgAQkMFYEeG8yshcuXrfffnvMXs8+BAlxJATZY3nhnTtw4MCSc5+N6SJXX311ufTSS2NAHMpDsCCAWPOb+VlwOWO2e8QKdRiTtWZM1+xKxxUrXelpei8NRwCTMv6ufK3p1q1b+M/q59pwfwbesAQkIAEJTAACKR622GKLcMc6/fTTyzPPPBOCAg+Ga665JkYKwwWMGFFEyIcffjhaYfHyyy/HXGjPPfdcuICl1wPvbly4eY9jvWGSSEYiY/Z6RgbLfBPgtuq+CGNW6v4RegONTICGlUA9vsLsuOOO5emnny4PPvhgILGha+S/DO9dAhKQgATGlgDWDGJKsKAQB3r++edHbApuWggU4kz4IEi+V199NWaeJ4ZlrbXWiuD4DMznugTK456NRQWXMd7VvJd5b5MYXYxrMa8K87mwrLHGGqVfv34xaXNk8p8goFjxD0ECdUyARg+f2fRtxUyNSdkkAQlIQAISkMDYEUBMYOng3co8KsSRDBkypPzmN7+JCZgRKq+88kp577334r3LMMdHH310ueSSS8qCCy4Y1hjOpZzPP/88PiAiarDKpDtZji5GPuZJ43pMArn22muXddddN4L6/dg46nNTrIzKw18SqCsCDG+IQHnzzTfLjTfeGA2ojVxdPUIrKwEJSEACnUwAIZHvTqwmuTDL/OSTT1569OhRfvjDH4YXwymnnFJuvfXWqDHnIEQef/zxECbVMhA2fExkX35EpCxiXrCo3HLLLSFoGL6YCShXWWWVcOtGxJhGJaBYGZWHvyRQVwQwSxPoh4mauBWGWiTR2Bm7UleP0spKQAISkEAnEOBdiaDgvYlLF+5auHNNNdVUTTEmHMOVi0kciUFBfHAe+9kmxoR3MOJms802KzPOOGN54IEHIlaFMkl4QHAOI4MhVvjYyLnEmyJYKAORlJ4SnYCiZi+pWKnZR2PFJDBmAjR8+MVOP/30MUY7JumhQ4eGeCF4zyQBCUhAAhKQwOgJIBoQCowAdtlll4UImW222eJjIOLhkUceKXfeeWcMYkNAPfkRJ6uuumrp27dvjOTFe3j48OEhOtZZZ52y+uqrl7nnnjuGQEbo5PwszLeCGEL48IERdzEW3uVM7oyYoWyC7nERM5UiBf8KJFDHBGgw+ULDVyECArfffvsyePDgaOAwN5skIAEJSEACEmidAO9RFt6jvXr1CnesCy64IEb9Ig6F4YQ5vt1224X7F2KCD4WIiR/96EdlscUWKzfffHO4gTFyGIKFoHnewXg+EIuy7bbbxkSTxKgw3QDCh2B6XLgZFOeoo46KIYsRQnx0XGmllcqBBx4Ybmet17xxjihWGudZe6ddkABfY959990wG/P1h4YR8YIZe8SIEV3wjr0lCUhAAhKQwIQjgEUFdy4Sc53MM888ISIIot9zzz1j6OInnniivPjii2H5YLhhXLcQFuecc054NvCR8P333w/XLt7FWE4QNM8//3xhyGIsLYgh3stMKEms6d133x15OA+BgmjBtZsgeyw2uKGZviGgWPEvQQJ1TIDGDB9ZvtYgUmjwaOxoeDEpmyQgAQlIQAISaJ0AYgUhwYLQIHZkrrnmCpewRx99NAQFlhUEC2ID1yziRHHrwm2MxPs3BQ+TOm6yySZhpfnTn/5UKIMRxBAwnENe3tME5VMu5SFm+vfvH+5fe+yxR7iW4Qpm+oaAYsW/BAnUMQEaR6woJBpaGj0aP8zM+MOaJCABCUhAAhIYPQHenySECwmrCYH0uGfxMRABw5DDzFhPXAnDESM4sJ40Twiayy+/PAQH72TECbEpXIP3c6att946LCzMr4Lowb2MkcIQQogm07cEFCvfsnBLAnVHAOsJpmpGHmEbczMNIibq3r171939WGEJSEACEpBAZxHg/fnSSy9FzAniIUUG79e33norrCdYSBjJqyWhQr3JS0A+72PESXXJ+yJeZe+99y733XdfCKR0+cICgwUHdzSuY/qGwDcSUhoSkEBdEqAR5KsNsSskGjy+yPBlBuuKSQISkIAEJCCBthMgNoWYEiwnvE95zyIcdtxxxxjhi2B5rCxphWmpZDwesMJgZaGcTLh27bDDDuXggw+OCSdnnnnmOERe5mRBBN11110xd0ue49rRwPwbkEBdE6ARxczMEIsLLbRQfBFi2EX2j64hreubtvISkIAEJCCBdiLwxhtvxAdA3qMkLChM2DjvvPPGO5b9k046abxnR1eFPL+aB6vLww8/XIYNGxbiB5HCiGAsfHjkHPZl/Ev13Ebe1rLSyE/fe+8yBDBP/+Mf/4gZcbkpGldGBjNJQAISkIAEJNB2AngmZHxJigamBiBuhXlTiCsZ14+BxJLiCfHQQw81fVTECoOISQtMipxct73mXTenMStd99l6Zw1AIBtURhjBtxbzNQ0eQgUBY5KABCQgAQlIoO0EcNVCsJBSMDDJ8kYbbVQ23XTTeLcyrwrxoq3FrbR2NSaOxEUbEYTweeGFF5quwfuchLeEaVQCEhmVh78kUFcEaPAQJwiVgQMHxmgi+NgiXgjUM0lAAhKQgAQk0HYC8803XyGWBFetFCMIk2OPPTaGNGbGekYESyHT9pJLGTp0aGQn5gVRkhaaallLL710DGGc4mVsyu+qeXUD66pP1vtqCAJ8oSFehUaNYRYJzmObmXMNsG+IPwFvUgISkIAEJhABRAPxn9tvv30M/5+CgQ+DSyyxRMw6j5WFwWzy2Nhcmo+LCCDiUhgtjI+KBNbzkZFjzJu2zDLLRAB/VcCMzTW6Yl4tK13xqXpPDUOAL0BnnHFGBOcx6giJBpQZdhdffPGG4eCNSkACEpCABCYEAVzAFl100dKjR4/wVvj000/joyAfA0855ZQQGU8//XRYVnjfpnUk41uyDik2UtTkGrHCNVi6d+8ewfoIFoL2V1xxxUJ8jK5gSfGb9UQjYX47Q82ox/wlAQnUAQEaSJY0V1NlGk8au2wc6+A2rKIEJCABCUigUwnQJeZdijBh4serrrqqnH766SFeEBPNhxXmwyBCgyXP5QZ4J/Obd3C6e7GPEb+wzKy33nrlkEMOKX//+9/LeeedF0H3W2yxRdl///1DrHCtFEGdCqRGLq5lpUYehNWQwLgSoEFLcTKuZXieBCQgAQlIoNEJIC4QGbhSMzEjQfBYVq6++uqy5pprlhlmmCHExyKLLFKGDx8e+TI+lHNx50KUIDbYzsQ+5moheB9hw4STl156abnhhhtiEufdd989hjLGmsP7nDqk2MkyGnmtZaWRn773LgEJSEACEpCABCQQBBAIWFbSKwHBLGRS+gAAQABJREFUcf3115cDDjggrCG4h/Xv37/svPPO5dxzz405Uxh9kzgXBM7gwYPDDZt5Wbp16xblUCaD4BBfSmD+rbfeGjErlM0wxocddlhBrOASRmI/5yBash5xoIH/0bLSwA/fW5eABCQgAQlIQAIS+JYAYqEqEt59992whJxzzjllnXXWKcSr/OpXvwoBgtWF2BMsLlhMSATfI1RwEaMc9s8444zlww8/LE8++WR5//33I5g+Xbc5H0uMrtvfPoPmW4qV5kT8LQEJSEACEpCABCTQcASqIoWbx8Ix++yzl169esVANkOGDAkBQuwJAgRRQh5cwTIvZdx5553xOwFyjMSIX0wqSUxMjgxGfo43v3ae63rkwEEjARlg71+CBCQgAQlIQAISkIAEKgQQFFhGmHAZFy5iTxAVufCbRFc63bbYZkkRksXlb+JVmGqAiZuZuR5rzQorrBDDFZPH9F0CipXvMnGPBCQgAQlIQAISkECDE8BVCxGCKJlQ3/YpM60qlEngPfEuKXAaHHmLt69YaRGLOyUgAQlIQAISkIAEJCCBzibgDPad/QS8vgQkIAEJSEACEpCABCTQIgHFSotY3CkBCUhAAhKQgAQkIAEJdDYBxUpnPwGvLwEJSEACEpCABCQgAQm0SECx0iIWd0pAAhKQgAQkIAEJSEACnU1AsdLZT8DrS0ACEpCABCQgAQlIQAItElCstIjFnRKQgAQkIAEJSEACEpBAZxNQrHT2E/D6EpCABCQgAQlIQAISkECLBBQrLWJxpwQkIAEJSEACEpCABCTQ2QQUK539BLy+BCQgAQlIQAISkIAEJNAiAcVKi1jcKQEJSEACEpCABCQgAQl0NgHFSmc/Aa8vAQlIQAISkIAEJCABCbRIQLHSIhZ3SkACEpCABCQgAQlIQAKdTUCx0tlPwOtLQAISkIAEJCABCUhAAi0SUKy0iMWdEpCABCQgAQlIQAISkEBnE1CsdPYT8PoSkIAEJCABCUhAAhKQQIsEFCstYnGnBCQgAQlIQAISkIAEJNDZBBQrnf0EvL4EJCABCUhAAhKQgAQk0CIBxUqLWNwpAQlIQAISkIAEJCABCXQ2AcVKZz8Bry8BCUhAAhKQgAQkIAEJtEhAsdIiFndKQAISkIAEJCABCUhAAp1NQLHS2U/A60tAAhKQgAQkIAEJSEACLRJQrLSIxZ0SkIAEJCABCUhAAhKQQGcTUKx09hPw+hKQgAQkIAEJSEACEpBAiwQUKy1icacEJCABCUhAAhKQgAQk0NkEFCud/QS8vgQkIAEJSEACEpCABCTQIgHFSotY3CkBCUhAAhKQgAQkIAEJdDYBxUpnPwGvLwEJSEACEpCABCQgAQm0SECx0iIWd0pAAhKQgAQkIAEJSEACnU1AsdLZT8DrS0ACEpCABCQgAQlIQAItElCstIjFnRKQgAQkIAEJSEACEpBAZxNQrHT2E/D6EpCABCQgAQlIQAISkECLBBQrLWJxpwQkIAEJSEACEpCABCTQ2QQUK539BLy+BCQgAQlIQAISkIAEJNAiAcVKi1jcKQEJSEACEpCABCQgAQl0NgHFSmc/Aa8vAQlIQAISkIAEJCABCbRIQLHSIhZ3SkACEpCABCQgAQlIQAKdTUCx0tlPwOtLQAISkIAEJCABCUhAAi0SUKy0iGXcd/7nP/8p//73v0cpgH0s//3vf0fZ7w8JSEACEpCABCQgAQlIoHUCipXW2Yz1EcTI119/HWLlk08+KcOHDy///Oc/y/e+973YP9YFeoIEJCABCUhAAhKQgAQamIBiZQI//Iknnrh89tln5fzzzy/bbbddOeKII8rLL79cJptssgl8JYuTgAQkIAEJSEACEpBA1yYwSde+vfa/O6wpE000Ubh4sf7888/LVVddVY499tjy9ttvl5deeql8+umnZe+99y7zzTdfU75xrVler63nj23+tpZrPglIQAISkIAEJCABCbQ3gYlGdmYNpBgPyuDD9QtXry+++KL079+/HH300eWVV14pWFlI3bp1K+utt17Zf//9y8ILLxxuYuRH3IxN4lrEw3Belj2m8//1r39F3bieSQISkIAEJCABCUhAAvVEQMvKeD4tBARC4J133innnHNOOeuss8obb7xRvv/974ew4Pj7779frrnmmrCqHHPMMWW22WaLgPuxFStUlfJGjBhRHn/88fLVV1+1KHjI8/HHH5epppqqrL766mWKKaYYz7v0dAlIQAISkIAEJCABCXQ8AcXKeDJHqHzwwQflb3/7WznppJNCSEwyySQhRrBqpBUE8TBw4MCy+OKLl5133rlMP/30Y33lFDfEwOBWhmjJfc0Lo16rrLJKWXbZZUOsIGBay9v8XH9LQAISkIAEJCABCUigFggoVsbhKeCKxYL15IUXXignnHBCufzyy8OagXsWx7p3715mmGGGiFnhNwIG68sf//jH8uKLL5af/OQnpU+fPpEXYcHSlkT5s88+e4gVYmEol3MRIggSFsQMlpeFFlqoTDPNNFGsQqUtdM0jAQlIQAISkIAEJFBLBIxZGYenkRaTZ599thx44IHlrrvuingVhASjfvXt2zfiU+aZZ55y7rnnlssuu6y8+eabIUwQDdNOO21ZddVVyy9/+cuy9NJLj3VMCXO2EB+DRefRRx9tsuZQNseIocHVLK0qKWjG4VY9RQISkIAEJCABCUhAAp1GQLEyDui//PLLMnjw4HLUUUeV22+/PawZiATEwlJLLVVOPvnksthii0UQPIKCPCeeeGIZNGhQiAkuSTzJSiutVH7961+X5Zdfvs0B81ld4lUod88994zRxnI/6ymnnLJsu+22UT9+U6+2Wm7Ib5KABCQgAQlIQAISkEAtEGib71Et1LST64B7FQnXq7///e9lxx13DLGAixfHsF4gVA466KCyxBJLxG/yzzjjjKOMBIbrGInJIu++++5y6KGHlnvvvTesIZSD6GlLIh/zuRC8/95774UL2ocffhi/2ZcjlCFUTBKQgAQkIAEJSEACEqhHAoqVNjy1tJogVC6++OJyyCGHRFwIggOxgpVknXXWKccdd1xZd911I5YFlzAEDAtuXxxn7hXcv4gjoUzOffDBB0PgYCXBWpLiZ0zV4nzys2A1wTUtz02BkhYVrSpjoulxCUhAAhKQgAQkIIFaJKBYacNTodM/bNiwmJWeAHksF2lpQXhsvfXW5dRTT40YkUknnbTFEsm3xhprhGsWggULCwIDC8iQIUPKr371q7DUpDBqsZDKTq7DJJPM28I5VUGSdatkd1MCEpCABCQgAQlIQAJ1R0Cx0uyR0dHPhUMIAQLp99tvv3DZGjp0aJMwYPjh1VZbrey1114xQhfnIWzyfNaZKAdrC8H3WGbWWmutguDI/ATKE3B/8803h0tXntfamvNIua5eq3pOa/uredyWgAQkIAEJSEACEpBALRJQrPzvqdCpR1DgSoW1g+3PP/88rB4HHHBAueGGG5pG3SLvzDPPHMMPn3baaTFEMKIBly/OZcFqQiIvZVIexxEojAB22GGHlU033TTmQOEY5z/xxBMhZJizhdHDsk7/q+IoK9y/Xn311Rg6Oa+TGbDaEGRPymvnMdcSkIAEJCABCUhAAhKoFwKKlf89qbRQ8BNR8cknn0R8yr777ltuvfXWCIhPMTLTTDOFUPm///u/Msccc0R+zssyqsIl40gQJJkHwbLkkkuWww8/vPTr1y/OJx+uXE8//XT5/e9/H6OHMZJYlhknV/6hLtNNN12hLlluHkascI28Zu53LQEJSEACEpCABCQggXoiMPFvR6Z6qvCErivWCwQBHXsWXLWYvPHCCy8sxxxzTHnuuefCwkEeBMWcc84Zbl+/+MUvIrA+z8l6UR5C58knnyz3339/7GbOk4wpSfHBmsD7ueaaK+ZMwZLC6F4khkbG3Yxj888/fwiPONDsn48//rjccccd5bXXXovyuTaJaxHLQlA/18ml2en+lIAEJCABCUhAAhKQQE0TaOgZ7Onc5wSPdOjp5OOKdcEFF0QwPaIFC0ZaKJZbbrmyyy67lK222iqERp5bFToIjmuuuabgHvb666+XjTbaqCBsevXqFaIjLS1ci7JXWGGF0qNHjyjvoosuingV6oJ4Ofroo+OcDTbYII5znRQ9XJv6DR8+PP7AUqjwY4oppijdunULkZIWG8o0SUACEpCABCQgAQlIoJ4INLRlJcUKAoDlkUceKUceeWTp379/Yc4SxASdfTr6TNz4u9/9LqwVjOxF4hyOpWghLxaVv/zlLzGHCkMdP//887HMMMMMpXv37hFLkgKC87HkMPQxx9jPnClcm/TRRx+Vxx9/PMQHYod8mRg2mUkmEThVoUJ58847b9lyyy1L7969Q2hlPfNc1xKQgAQkIAEJSEACEqgHAg1tWeEB0bmn489oXH/4wx9iNC6C14n7YM2kjggVJntkTccfcVC1VFAGFhViWwYMGBBzp1A2YocgffbjqrXTTjuFZQb3r2rifCaUnGeeeWJCybPPPjsC+8nz0ksvRb2wqmyyySbhGpbnUgcETvOUIoj9VSHTPJ+/JSABCUhAAhKQgAQkUMsEGs6yQqefDjwLnXoEyZVXXhmCgBnls/OPtYQRv3bbbbcQKosuumjkR1hUBQCCAaGCSMFtizgVLCrkS4sL18Rli/iXySefvBDDgmDh3GpdsJwsuOCC4RaGRYVzKIfyHnvssULAPcex0lA2wfhXXXVV/H2liOIH5/Tp0yfEFeVzHRaTBCQgAQlIQAISkIAE6olAQ4kVOu6IERasHl988UXEpjD6FrEqeZw186EwUeOuu+4ac6iQH0FApx+hkGUQl3LCCSeUk046KSaOzGGPOU45CJUUSATeDx48OKwlWFFmn332KIcyERiUP9lkk0UQ/0ILLVTeeuut8uKLL8Z+gu6feuqpEDw9e/YMwYP4ueKKK+I453IdEtuIlTXXXDO2FSv19F/SukpAAhKQgAQkIAEJJIGGcgOj005HHmGAmLj++utDaOBqxTGEBu5fxHtsv/32ZaWVVmqKMal2+DkfIULMCC5bV199dcxqz/4UDAm4uuY4cShcF/Fx6KGHhvsXZWXiOgTIr7LKKmGFQSQNHDgw6o1L2e233x5DFu+4444RY5P3lOdzf1iEECscQ1hxXZMEJCABCUhAAhKQgATqjUCXFysIARY67iQ67u+//34Epp933nlh5eAY4oVhiX/4wx+GNWWBBRZoGr0rzyUP5+M6du2115YzzjijPPDAAxGXwv6q6GjpDyGFDBaW2267rRCov9dee5Vlllkmys3zERzMk7LsssvGJJHsv/HGG+MeECxMUIlV5e233266TPXcqaeeumn+laYMbkhAAhKQgAQkIAEJSKDOCHR5scLzwLqAAMBK8e6775bTTz+9/PWvf42hhREZWFQYbWufffaJoYaJKSEvieMkykBsIFjOPffcGJoYwcC5eRxRk6Ihdlb+YT95U/gQ54LgwdWLiSfXWmutyM3xrCt1SMHCPkQKdSB2BQsNdaFc1q0l6p/XbC2P+yUgAQlIQAISkIAEJFCLBLq8WKFzT4eeTvsLL7wQwwoz3C9WCQQAIoQhfg844ICy6aabFqwSdP45lkKF37iHITYuu+yycsopp4RlA+tHihAeLttjSuRBPFA2goWgfqwlWGvWW2+92J95KKtqYeEcBA51Y0mR0tJ1U6Dkekz18rgEJCABCUhAAhKQgARqjUCXFSvZgaeDT4edkbOYJ+Wmm26KeUzYTx6GDGbSxg033DDcshAvmVI0IAyYpPG6664rp556agiVPD/zjusawfHwww+XY445JoTT//t//y+sOnlt6o5QWnrppUNQMQfLvffeG8Mt573lvY5rHTxPAhKQgAQkIAEJSEACtUigS44GhuBg7hTcqLBeXHzxxRFfghvVxx9/HNYLrCRzzTVXYSSwtddeO4YS5gEhADgPEcGCWGCixz/96U8xchjWGaw16RLGelxS9Xy2cU+j7FlmmSWGJ+a63AdrxBJ14hgTPnJPDApA/bC8cJx6Uw7b5GMksPnmm29cquY5EpCABCQgAQlIQAISqAkCXdKyQgefzjvuVQgVLCrMWYKrVYqARRZZJILb11hjjRguGPGCBYPjmfg9dOjQcthhh4W7FoHxCIIJYcmoloHAIDG3ylFHHRUjheGSxn7y5XHmaFlxxRVjokpmvP/LX/4SggbBgnAxSUACEpCABCQgAQlIoCsR6JJiBaHCRIp//OMfy4UXXlheffXVJssDD49gdmJUllxyyRAqWDBSEOTD5TcjfTGHCsMFM9QwKQVEVWzkOeO6pkxEEmUylwqTSxJ4v/fee0e9q+ViYUFo7bnnngXxhBijbtxzJvIgYEwSkIAEJCABCUhAAhKoZwJdxg0MiwcLnX7ECUKFEb/o9KfA4BhCBesFwwVjqaCTz3GWdKPCSsHQwr/+9a/LXXfdFZNHIiTSqjIhhUr+8WT9Kfu9996LySAJ9seVi4ki0yWNeiJGunXrFiOYsZ+JI5ngkv2Zj9HNiHMhv0kCEpCABCQgAQlIQAL1SKDLiJXspDOs70EHHVQGDBhQRowYEdYKBACiZKONNgqhsthii8VvxAudedYk8hDTctxxx0WMCrPa4x5Govz2StQvF0QLCcsQsTLUb7nllguhxH7qmPWeccYZyxJLLBGTQD744IMhWBA2nPv888/HmgEEtLJAziQBCUhAAhKQgAQkUG8EuoRYoaNPB565Rw4//PBy6aWXRscdgUHnn/gOJl/cb7/9ykILLRTCgAeFJSIT5xOUf/LJJ0cw/muvvfYdAZF523NNPVKQIDqeffbZmNEeK0neJ3lI/J522mnD+sLcMAToE6hPrA1CjXlgYDD//PPHkMztWW/LloAEJCABCUhAAhKQwIQmUNdiJa0QQCGAnkB45lAhsJ5EZ37hhRcuhx56aMxKP8ccc4R4SUHA8RQAxK0wh8lJJ51UXn755RAMHGtPi0pUstk/KUS4LtcnLoU4FgQIFhaOc9+ZD8vLNNNMU3r06BH77rvvvhBdFMuoYQgYjjGXDOIs77fZZf0pAQlIQAISkIAEJCCBmiNQt2KFTjcuWlghmODxl7/8Zenfv3+4PrGPRCed2BXcv6affvpwqeJYWi6y048F48wzz4xhjBkSmOOU3dFCJf86uDdSijHmVkF0zDrrrGFFQaBwDPGRbmxTTjllWFDmmWee4MG8MJTDvXEu99+zZ8+I08nruJaABCQgAQlIQAISkEAtE6hbsYJlAWsIlhTmQMEqgsCgA8/+OeecsxxxxBEhVOjIt5YIxmeuFcTK8OHDmywXKRRaO6+j9nM/LMTiDB48OC5LHAr7qlYSthkwADe35ZdfPhg888wzIWpwDRs0aFAMNtCnT58y3XTTNVlmOuo+vI4EJCABCUhAAhKQgATGlkDdihXiSxAouHg98sgjTVYIrCIrr7xy+dWvfhVChQ58ukxV4dC5x4qy//77RzA+FgjOZT9LraSsO+KJmBxcwhBlOewydc081Jl7mGmmmcI1jAB9Ym+wvqSFBW4MMMBIY9XzauV+rYcEJCABCUhAAhKQgASSQF2JFSwmJGIx7rjjjgiYf+WVV/JeIq4Dl6/TTz+9LL744hGY3rxDThm4d2FtYGjj888/P2JcEAO51JJgoS5VKw8xLATOI1gIumekL+6J+0SUIFawuhB4z8hgiBuECuUwvPGwYcPi/nEXw8LCuZSfnHLdBNUNCUhAAhKQgAQkIAEJdBKBuhErdLZJxGLgssVCp70av7HxxhuXP/zhD2WuueaKDntzppRBfuZeOeOMM8opp5wSHfnMl9fI37W4RpwwgACjhCE++vbtG6IEwYFQSbGBRWnBBReMCSQZfAB3NxLCBYsLogWXMawwmTg3z899riUgAQlIQAISkIAEJNBZBOpGrGABYEZ5Znc/77zzovON8GA/841gSeHYAgssEJYCjjVPiJGhQ4eWP//5z+W0006L4X2b56nl3wgJBAkp3bq4z2WXXTasSuxPwcG9knfuuecus88+e4xw9sYbb5AlrDJwYNQzRgkjcJ/8LHl+ZPQfCUhAAhKQgAQkIAEJdCKBmhYr6Z6EJYFJD5kn5Z577ilffvllIEOo0BE/5phjyj777BNCJUVK1UJAJxy3KSZ5/N3vfhdB+bhTVfN04jNo86WpL0xSWOAOh9VklllmKfPOO28IFpik6IAFQx4z2AAWGMQKs91TBvmwtvB7kUUWiTI4L5mzTao3Rm2GaUYJSEACEpCABCQggZonUNNihY4yM8oTSM8cKrgv0Zkm0dnGhWn33Xcve+65Z8zinm5QzTvYX331VYidI488sgwcODBiXmr+ybRSwRQqKSbee++9wqhfsEjBQkwOQoUFFnDB+jTDDDMEQ87JeVwIwMfKgmCZeeaZIz+Mk2Ur1XC3BCQgAQlIQAISkIAE2p1ATYsVZmG/7LLLylFHHRXxKXS8syPO8L077rhj2WOPPSJQPC0qzYlhUcEaw3wrt956a9OEic3z1eNvBAX3jXWFGBYECYIlh2pO0ZbMsEIhWHAh4xxGBiNhYWEuFmJcmDiT89LCkmXUIx/rLAEJSEACEpCABCRQ3wQ6XKykRaDaCc59rOkk0wF///33Y5JHRAZf/umYc4zAcYbtPfHEE8uGG24YHXTOa0msYFF5/PHHy69//ety5513hisY183r1fej+6b2ee+MbpYz3SM4GOmLBDMS+RgdjJgehB5CBasKQfocY44ZXMLmn3/+GKAgz6myqj6zKNR/JCABCUhAAhKQgAQk0I4EOkys0GlurePLfr7+k4cOMW5KOdkjo1YRd4HbF3ODbL755uWAAw4oyy23XJMFoblQoRziM6655ppy4YUXhusXwoXrVOvQjlw7pOi8F9iREHjMOYMQQZBMMcUUhftG6DGcMZxY4+7FXCtYVxBz5CG9/vrrIVh69eoVMSyMPIZlKgVPc85xkv9IQAISkIAEJCABCUignQh0mFjJwG86vAiS6lf6FDJ0jolRYVhi5kBhDhU613TGmTdk6623jskeGXKX/c3LgREdeCwGWGSOO+64CKpPd6d2YlgzxcKEoHuGZsYChZUkJ39M3qx5FggZngUDDSAOsbBwDHZPP/108GUkMc5HsKTLWc3crBWRgAQkIAEJSEACEujyBDpMrCAi6AzTQU6LAHTZRqxgPcGVCYsKLl7EUXCMjjKxGNttt135v//7vxiKl/Oy8802id/kxxKD0GFiSIQP+ymfdfNzvjnz238zD+u0IozpnG/PnnBb1Xo03x7dVciLqGCm++effz7cvpZYYolgC5tc4MH9Ed/CsMeIFWJe0kKDYHn44YejrIUXXrhMM80032HXGVxGd+8ek4AEJCABCUhAAhLoegQ6TKzQOWahk0tnOS0tIMUiwGSPzJ+CRQTLAPvIhxVlp512Kj/72c8iliI75FkG6+w4P/roozGHygUXXFA+/PDDuB7HuS6deBId9tZSls21s77kZf/ozmutvHHZn3VISwZr9uV+7md0KeuJYGEeFawjPXr0CMGC8OM4wjCZTD/99DG0MdYnguwZFpprYnFBwJCXOBcsLDwzrp9MqZNJAhKQgAQkIAEJSEAC7UWgw8RK9QboMPMVP0UBgd3MKI9FBKFCR5oOMXEVhx56aNlhhx1K9+7dY392kCmDzjOdabbvvffemJG+f//+YVngeuwnpVCpdrJTAOSaa7JNvXLJ/FmfKKwD/uG6uVAXtrmXvJ/RVSHzcS+MpsbgBDCabbbZIsYnmXOc+6J85mlh0ALifBA4zGvDOTnbPfkYKQwLS4rMFFGjq4vHJCABCUhAAhKQgAQkMD4EJhrZuW3d1DA+JY/hXDrgBHhfddVV5ZJLLilDhgyJTnJ2oJmR/vDDDy8/+MEPmgQJHehMVJsyCCo/99xzy9/+9rdwHaMznWKDvJRHx5wO+TbbbBMCiP0pADjGQnmcy4hadPKxQhB4TsA6sTMZhM65Ezpx/UwMLbzKKqsU4newDjF/ComYkscee6xpQszMz31gFcESwn2TKA8xkffOyGCrrbZaTJzJwAQp3sib1hbOwYWO53HOOeeEG1mWQ50YeW3fffctuIVxzSybMmBXvQf2mSQgAQlIQAISkIAEJDC+BDpMrOQXeb7s07kliPv4448vt99+e4xCRQeYDi/LZpttFnOorLzyyhFYXz1WvWGECjPSY01hJKvsRFM+CynLXGaZZcpZZ50V1gWsMN26dSvzzTdfCJTMRx0/+OCDEATEc+ASxTwugwYNirKjwHb4h44/9cVysd9++8X9Jy8sSiTEEhYoxEUmxAlCBfe3U089NQRLHkvxwJqyceNaddVVy0EHHRQjqSGGSMkpt2F68803l2OPPTYGJ0hhQ9022mijiBtiAknO4/opWvJ6Uaj/SEACEpCABCQgAQlIYAIQmGQClDFWRdC5ZsZ13L4uvfTSEAR0eFno/OL6xRf8DAyncI41T3SWERMPPPBAk1AhD4Klmsg31VRTlT59+oR1gk744MGDo/OO1aJ5fq5FB33NNdeMWd2xsjTPUy1/Qm1zXUboWmGFFcIda+DAgSFeUixwHwgYUgoQrEVYnhBYzS0/5CexpgyO33fffeXKK68svXv3brLYNBcZDGawwQYbhIseQhAhxPm4hF177bUhjvbaa6+oJ4KHOnG8eTlxcf+RgAQkIAEJSEACEpDAeBDoMLFCZ5YOOTEpJ510UnR86UBjaaHDy3FGpmIOFVzAyJuWkpbuj044o33h/kTi/OygN89P+Qzp+9JLL4Ul5+233478KQSa50/rD9YaLA3UhbJbK7/5+ePzGyZPPPFEjIqWVpS8LvXIxP1i4Vh00UVDrCACW0spJnAlq85c3zw/10EwTjnllGWdddYJcfeb3/wm3OAoA3F40003hXsagmXTTTcNodK8HH9LQAISkIAEJCABCUhgQhDoULFCB5tEJxxrAKKAzjH711hjjXLwwQeX5ZdfPobcHZ1QoQw61owghvhhOzv0HGueuB75GKKX4PG0lHDtlhKigNgO8qVgaCnfhNzHtVIsIKYQYgiXrGvzayEeYMgww1g/RpeSD5y559ZYcZxnQsJtDLcvrFIMfHDDDTfEuYg+3OioH1annXfeOfL7jwQkIAEJSEACEpCABCY0gQ4TK2kVYKhcYlGIM0EIEJPBHCrbb799uIBlLEVrVo8EQIebjjPWgjEl3KuIQWGiRIL06YBn+Vmv7NCzpg7MAM9cL+TLY2O6zrgepw5cIxMCBUtJdV8eyzXHuHesHaOzqpA/BQ9ChCVFY5aVa/ZXjxGYv+6664bLGBxwA2PN9Z577rlY8lzXEpCABCQgAQlIQAISmNAEOkysZMURClgt+vbtG51d5k/ZZZddyqyzzhqdc778p5DIc1pa08EnvoKRqhAtpNY694iPOeaYI0a0YlZ38tEpp9PNQp1StFAOHXpcrKgTYgqLTHumtKpwXeJQtt122xgAACGS4gFhx2/YcD+ILu6f+JMnn3yy1epxPvcLV9y7GKIYwdjWNNlkk8U5xBFhySHuhXoi/lZfffUohvpX+bW1bPNJQAISkIAEJCABCUhgdAQ6XKzQeZ5zzjnDxQjrBaNt0UGnM82xtnZ66YAjNBAqrYmU6o3TuSfvbbfdFhYJrkWMTM+ePcPFiY44IiCFDKOF0Snv6EQdpp122hB0WRcEyswzzxwWDuqNeGJOFAYIYGFfa6nKhnIQX1yjLYlyOQeRAyvmvDn66KNjCGWsYwwGkFabtpRnHglIQAISkIAEJCABCYwNgQ7vjdMBRgjstttu4QaGUMlO8eg63S3dFJYG4jqqHfKW8rGPsungM3xxBvYTx8Ls7MzRQvxFXh93MUYDIz9znbR3at7hZ94ZRu3CmkKdEE1Yoo488sgyYMCAOEa9sBJtscUWTe5Y5G2NRe5vqxjknqt5sT4x/wsDIJx99tll6aWXbpokMrm1NyfLl4AEJCABCUhAAhJoLAIdLlbAy9f6dPvKjm6uxxZ/dsLbch7WG0YPw8KCAKDDzzb7sKxkomPOCGIE43dUgD3XTrFBgP2zzz4bliP2w4tl+PDh5eqrry733HNPWEdwbcMNDvFFGhsWccJY/IOgwjrVr1+/mJ8GSw+MdAEbC4hmlYAEJCABCUhAAhIYKwKdIlaoIR3zcRUoY3WH/8uc10trAb/pcPfq1SvmNyEbx5pbOcblWuNzTtYTYcWCQECEsM0wygynjIAilgQLEG5gPXr0GJ9Ltunc5MZgBVijEHvUK+vbpkLMJAEJSEACEpCABCQggbEg0GliZSzq2GpWOvJYHOg4IzJGJzToVJNyzTYdcMrIVD0/O+d5rKPXKQIQKWxjxcjAeupCXbEIMYQwEza2d6IOXJ/rVoVKe1/X8iUggdET4P8kCx8PaLdYqu3c6M/2qAQkIAEJSKC2CXw7y2Bt1/M7taPzzuz1BNln5/k7mf63g9gWXKjefffdppd4vsxbe7G3p0tVa/Vsvp865EI9saIQp0JCpM0111yx0FEh5T3Fj3b4hzrAmtTe12qH6lukBLokAf5fVhf/b3bJx+xNSUACEmhYAnVrWaGDPmzYsHCPyg59a08R1yXiO5g3pBZESGv1zE5Grqv5uF8sKUyESUqBQswKooVUy/cWFfQfCUhgghPAsnrjjTeWu+66K0YRXG+99WJ48pbakQl+cQuUgAQkIAEJtDOBuhUrVS7Zca/uq27TiccS0XzIXr5GVhN5cLsideSLnnpw7T59+sSwxXk/uZ/6s82QxcxYn/WjjkwMiSvY6FLeS/P16M7xmAQkUB8EGBxk8ODB5fLLLy933nlnuIVusskmMepi9Q6yvct2oHrMbQlIQAISkECtEhi1t16rtWylXtVOfStZYjdCAKvEI488MkrHnvNTnJARFyfydnSi84Ag4Qspbm15X9SF/RxP4VIVXBzDxY1Ry0aXyEfCdY7hmhE4JglIoOsQoM3g//cTTzxRjjjiiLL33nvHEOcfffRRtCG0c9W2ruvcuXciAQlIQAJdnUBdW1by5Zsd+uyUVx9ataPPy3yaaaaJzj/733nnnRhdi22GK0YoUAZuYywtlVcte0Jtcx3uhXldWF599dXoeLCPYymgqm5giBQ6Jvfff39hqOPRJYQOC6OIPfPMMzFcMxNPmiQggfonkO1Etle0B1dccUW0DVtttVXZddddy7zzztuh1uL6p+odSEACEpBArRCoW7GCNYGXclohRgeUEb+IWWFSQ2Zj5zdChdncmYW958hZ7IcOHRozszP3ChMwLrzwwmGFqFoyRneN8T2GmOBaDEk8++yzR50QJAgs9i211FIxv8lKK60UgoOOCYIDATImN7AUQ1NPPXVZZpllYm6W8a2v50tAAp1HgP/TtIFYSu+7776wGjNnVAoWasYw5+ecc05YUn/605/GkOOdV2OvLAEJSEACEhg3AnUpVnghIyqI30Cs4L7VmmghLxYJXuiLLbZY2WijjeILY36NxGqBiGFhckX2I2Z48bNGQCAkWit/3LB/9yyuwQAA008/fbhx7LbbbuEWhssWdWQuFUTMeeedFzPW01GZZZZZIj+joj388MPfLfR/e2DAwjUQOGmpafUED0hAAjVNgDbt+uuvL6effnoZMmRIuIPSdpH4wJGJdvK6664r88wzT8wrNeOMM+Yh1xKQgAQkIIG6IFCXYgW3LawEvHiz401nvKVEXiwU/fv3L//4xz/K3HPPPYo7RJ5HPhId+uzYE9DORIztnbg2Cy5av/nNb8KKksMxUx8SYgQxxX4EFHVEQNFpwSpEvjEJqjwn77m978vyJSCB9iFA23THHXeUhx56KCwntB8t/b+mvcDCcuWVV5YFF1ywrL322t8ZaKR9amipEpCABCQggQlDoC7FCreOOxeWiEytvaw5zkuclzZWiqeffjpP+c6aMqqJ8xABzfdX80yoba7FF9Frr722DBw4cJRiq52Qal1yP19U2yJWRinUHxKQQF0SoJ0gto25o/i/T9uWVpXmN5RtBO0ewmbFFVeMjzzN8/lbAhKQgAQkUKsE6lKs8AImToMhO/NlnOvmoNmPRaIqOthX7fTnOdUyOM4yJmtFnjs+67wGHQ7qkGvqnIn9Wb+sG8c4l995LPM3X2dZY8rX/Dx/S0ACtUEg2wni7XABGzRoUMSsUbvW/l+niMEd7JZbbilLLrlkk3WFdiPbhdq4Q2shAQlIQAIS+C6Bb3vD3z1Ws3t4yTIZIn7Y+bJl3+gSL/oUAeTj5T66hfwsmWd0ZY/vsbwGa1Kusw5Zj7wOx/NYNX8eb75OMcMIZ5NPPnkTs+b5/C0BCdQmgWobgWvqSy+9VHJY4mwvxlTzBx98sAwYMCBGGxxTezmmsjwuAQlIQAIS6CgCdSlWgIMrBPEadNpNoydAx4SF4P2ZZ5453EZGf4ZHJSCBWiTABxcsylhKqoH0bakr5+IKdvPNN492JMWqMGpLueaRgAQkIAEJtCeBunQDAwhB5lhXsKw0tzy0J7B6LDu/vI4YMSIGDKCTg5+7SQISqA8CfGygrcOqwmz1BM0zWAgjBLKfgPs333wzRjEc3QecF198sZx22mnlhRdeKP369Qu3sFlnnTWGR08StBcIG66ZA5hwjN8mCUhAAhKQQEcTqNseK7O9d8RIXR39QNrrenQ0GO6YWB86IoqV9iJtuRJoHwKICCaMvfvuu8NV9Oc//3lZb731Yoh1XLwY1pwh2vl/3lri//5zzz0XbmRXX311WW211WLYdqyuuIkyeSTutQzbnq6miCGFSmtE3S8BCUhAAu1NoC7FCi9tgkwZ6teXaNv+RGBGB8SYlbbxMpcEaokA/39JTBDLsO0LLLBAWX755UufPn1CuCAs7r///phzBbFCu5jnNL8P8jLoCMLn4osvLtdcc02UywiLSy+9dNliiy3K6quvHpZryshybGubk/S3BCQgAQl0BIG6FSt8IWT2dhZfom37U2FemplmmkmrSttwmUsCNUUA0TDnnHOWzTffPKzKuG9l4hgiJIVF7h/TGpdQAvVJtKMMh8woY5tttllhYtrevXtHmbaxYyLpcQlIQAISaC8CdSlWgMHLE8Eyti/n9gJZy+XCCF4s+KDb8ajlp2XdJNA6AawfxJrQ9k011VRN/6/5jfDI9jDXrZf07aiDmYdzKAeLy1VXXdU04z2iqC3lZTmuJSABCUhAAhOSQN2OBgYEX6Bt/1NApGBZYVACkwQkUF8Eqh8bECn8P8YljEQ7SMzJLLPM0rRvXO+OsliwsFx22WXljjvuKF9++aUfOMYVqOdJQAISkMB4E6hbsVJ1edBSMPq/A/jQAeHLK19OTRKQQP0RSMFCzZu3f7h3LrLIIiFYOJ55x7VtpJ1gxLAbb7wx1iliWJskIAEJSEACHUmgLsUKL+Bpp5023BQYqcaRrVr/k8lOCzmyw9F6bo9IQAK1SoD/y1hIWaojdPH/msEzVvn/7J0HkB7Fmb8bJ0AECSSBkECBoABCCAEiChAmCUwyYILBxtjGZ5syRWFf8NVVuerO/7uzfcHnfBgbMDZO5JxzNiKDEAKRBEICARJYgNNfz3t+1+NlVxu0K833fU9Xzc63Mz093U/3dPdv3u6eadPKiSeeGMsR83/67algyfswUZ9Vxpi4n9+0Yo4gQkknAQlIQAISWFkEGlKsAAcrwdtvvx0dcP7vaYPMNa3g8k0ofFhFiNXAdBKQQOMS4Fmu1ndYQagLhwwZUo455pjYNtpoo7+yvvQmtQiiuXPnlgsuuKDcd999bdaarFN6E6bXSEACEpCABHpKoCHFCo0l3wvhbR+Nto3n8rM934TCiretOglIoHkIVMXL4MGDy+677x5LEPPh3N4M+6zWpyxx/MADD5TrrrsuPjpJ/VEVSs1D0ZRIQAISkEBdCTSkWKEBvv/+++Nrzbz9o3GtNrB1hb2q4gWb7GDkflXFxftKQAJ9S4A6EGHC0C9+b7311vGtFPb8j0NkMFw2/+8qBliuc3Wxl19+OSbaY12h7u1uGF3dw/MSkIAEJCCB7hBoSLFCw8tkUlbDSatBdxLbyn5SzOW+lVmYdgk0E4G0rKSIYKjngQceWE477bSwsHA+n/vcdyf9+GVDtNx7773lhz/8Ycxh6c61+pGABCQgAQn0FYGGFCsIlPnz58dXmLOB7isghiMBCUigUQmkuEjB8l//9V/l4x//eCxt3JsXOwgdXg4xHOyee+6J1cFY1lgnAQlIQAISWFkEGvajkLztoyFlWALDG9jyrSH73jTMKwu695GABCTQHwR4eZP1IN9jmTp1ahk4cGAIjnPPPTeGzvbkvoTFRl27YMGCcvvtt5fp06eXjTfeuO0453QSkIAEJCCB/iLQkJYVGkdWtmKMNi7HUfM/osXGs7+Ki+FKQAJ1J4AlhI16kP24cePKrrvuWkaMGNGr+SbUrzmHBYs2G8esZ+teEoyfBCQggeYg0JBihYaSFWqWLl0ajTEN8oABA6IhpgHNN4vNkUWmQgISkEDvCFBX4jbbbLPYeJmzIu7VV18t8+bNK3yDJa0u1rcrQtRrJSABCUigKwINKVYQJ7wpXGedddqGezHhHssKHy2z8ewq2z3f6gSyo9nqHJo9/QwL4wXOoEGDYlvROX7VcpOWldw3O0vTJwEJSEACq4bAir1mWzVxjsaXcdg45qbQgN59990KlVWUH9628Qi073SuaCe28Qi0TowRE+QvL3P6SlhQfvoqrNbJCVMqAQlIQAK9IdCQlpWOEspqNTSgOglIoGsCdF55XlLsd32FPhqZAF+0HzVqVHyPpZHTYdwlIAEJSKD1CDSsWFGYtF5hNcV9SyBX0dOq0rdc6xRaWj+wqjBsds0119QiUqcMMi4SkIAEJNAlgYYcBtZlqvQgAQl0i0B2ZrvlWU8NRyBf6mQ+5/8NlxAjLAEJSEACLUugYS0r1RzLhrh6zN8SkIAEJPB/BFKkWFdaIiQgAQlIoNEINKxYqTa62RA3GnzjKwEJSKA/CVA3snzx6quvXoYPH14GDx7sMLD+BG7YEpCABCTQ5wQadhhYTqhHtDDmPr8n0OeEDFACEpDASiKAuOBbJq+88kp8eX799dePb0lxnLqu+pKmO1HCP0u9U18S7pIlS+KyXGCBf/CTL3xy352w9SMBCUhAAhJYGQQaUqzQoC5YsCAESn7kTLGyMoqL95CABPqTAB9bvOCCC8rPfvazss0225SPfexjZfz48YV6DoHRU7GSouStt94KAYRY2WCDDcqmm24a/8+dOzeSw6pw1qH9mbOGLQEJSEACvSXQkMPAaLBpcBnagHDxbWBvs9/rJCCBOhH4/e9/X1544YXywAMPlLPPPrt885vfLI888kibWOltXBEtOOrKyZMnl3/6p38qxx13XHwoEpHS3TqUuje33sbF6yQgAQlIQAI9IdCQlpVMYH4jgreONPI6CUhAAo1MYK211ioTJkwoI0aMKA8++GC59NJLY57Juuuu2+F3UqgDEQ/50iZFCcdwKUKoH1OU8Jv7bLvttmX06NFl4cKFYbXpDjeGk7355psxrKw7/vUjAQlIQAISWFECDSlWaHRnzpxZ3njjjUg/DXI22CsKxOslIAEJrCoC1GPjxo0re+yxR3n99dfLSy+9VM4555zy8ssvlyOOOKJMmjQprCFYlXlJw3yUdAgXthQsHCc8hoDdfffdsfF76dKl5e233y4bb7xxiKJ77703/GU4y9tT586bN68sXry4DBkypNvXLS9Mz0lAAhKQgASWR6AhxQoN8jPPPBNv92iMeVOYbxCXl1jPSUACEqgzAeqxsWPHltNOOy0sH+eee2656667Cvs77rijTJ06NeabMPF+iy22CCsMVhI++rj22muHgKmm73e/+11c//3vf7/cdttthf8RKww1YxL//Pnz2wRHd1748KII64qW7Cplf0tAAhKQQH8SaEixAhDeKtK4Ilx0EpCABJqBAHUa1pJNNtmkHHnkkWXMmDEhVG644Yby3HPPFSbEYznBH34YyrXhhhsWxMvmm28e1g44ICjwg0Xm8ssvL7fcckscI+ynnnqqnH766fH/ww8/HP4QId2pS/HDRtg6CUhAAhKQwMog0DBihTeOuQGGRldrysooIt5DAhJYWQSqw7qwlEybNi2GfiFSZs2aVRiyhfBgKBZzR6655prCCmI4RExen8KDOhJrSs5Xwd9rr70WVhp+cxyH+FhnnXWiTs3htVhsBg4c2FbXDhgwoGy99dblkEMOCVGU9a/CJRD6RwISkIAE+olAw4gV0p+NI+Ou77nnnhh3nY1yP/ExWAlIQAKrjADiA6vJoEGDQih88IMfjLkrixYtijgxr4Uhsexx1JHtxUN1Dkt4+vMfBA+T6/lY5KhRo8JSwxAxLDhcwyR/tg984AMRbn5YEv8IF4ROvjRqf8/qffwtAQlIQAISWBECDSNWaAxpiGkcESi88aMRz7HT+YawNzAImwmj6Rj/zdtIHI12e0FEo80E1UZysEPkrQinRkqvcZVAMxGgHmLo69ChQ2PLFzfUTTzX1FfdFQzpD4GDFYWVxhBD1GvUD4SHH/5nqzrum/fGD78zvKo/f0tAAhKQgAT6isBqyxqbP/VVYP0dTjaMCJQnnniizJ49O8QKDXlvOuFcQ5hsjz/+eEw6Hb1sKU8a7zlz5kRyRo4cWZ599tlowNdcc814o8gxPkqZbyC5f8Yt91ycv3OffKr/8zsdnRGGYvCl6fTTviPAcdLP/QcPHhydCYaDPPbYYzE0JIeBZJi5J+wZM2aUL3/5y7EKUB53LwEJNAaB6kuTar1Q/d2TlFCXdFbPZDicT9feP/fN69OPewlIQAISkEBfE2gosVJNPA13tfGunuvpbxpc3jDS6UcsMOwBSwuN8RprrBGr5yAQ6PBjdWEIBG8fuQY/1Ua72njn79xnvKr/52/2hI/YYHIs/+MIu70j3YxTJ25cw1tVVvbh69QIp87csGHDCkKL9HUUbmfXeVwCEpCABCQgAQlIQAKrgkDDipW+goUoSAtLCo/syHMOYYAAYEtxVD2/PHHQkzgSNhthd2YdyfBSOBG/jCPX8LszxznSSfgIrkxDZ/49LgEJSEACEpCABCQggVVNoGHmrPQXKDrt2XHP33TsU4Sw53hVqKR/jlX99jaOhJFhss8wq8cz7DyX8eF4ipvcp9/cp1/Sgp+8V553LwEJSEACEpCABCQggToSaHnLyopkSkdiYkXC81oJSEACEpCABCQgAQlI4C8EOp/g8Bc//uqEgBaKTsB4WAISkIAEJCABCUhAAn1AQLHSBxANQgISkIAEJCABCUhAAhLoewKKlb5naogSkIAEJCABCUhAAhKQQB8QUKz0AUSDkIAEJCABCUhAAhKQgAT6noBipe+ZGqIEJCABCUhAAhKQgAQk0AcEWn7p4j5gaBASkIAEekSA5cTZWKQjF+rIZcnz/x4FqGcJSEACEpBAkxLQstKkGWuyJCCB+hLIbx4RQ0QLQiW3+sbamElAAhKQgARWPgG/s7LymXtHCUhAAm0E8ntN7HFaVtrQ+EMCEpCABCRQFCsWAglIQAISkIAEJCABCUiglgQcBlbLbDFSEpCABCQgAQlIQAISkIBixTIgAQlIQAISkIAEJCABCdSSgGKlltlipCQgAQlIQAISkIAEJCABxYplQAISkIAEJCABCUhAAhKoJQHFSi2zxUhJQAISkIAEJCABCUhAAooVy4AEJCABCUhAAhKQgAQkUEsCipVaZouRkoAEJCABCUhAAhKQgAQUK5YBCUhAAhKQgAQkIAEJSKCWBBQrtcwWIyUBCUhAAhKQgAQkIAEJKFYsAxKQgAQkIAEJSEACEpBALQkoVmqZLUZKAhKQgAQkIAEJSEACElCsWAYkIAEJSEACEpCABCQggVoSUKzUMluMlAQkIAEJSEACEpCABCSgWLEMSEACEpCABCQgAQlIQAK1JKBYqWW2GCkJSEACEpCABCQgAQlIQLFiGZCABCQgAQlIQAISkIAEaklAsVLLbDFSEpCABCQgAQlIQAISkIBixTIgAQlIQAISkIAEJCABCdSSgGKlltlipCQgAQlIQAISkIAEJCABxYplQAISkIAEJCABCUhAAhKoJQHFSi2zxUhJQAISkIAEJCABCUhAAooVy4AEJCABCUhAAhKQgAQkUEsCipVaZouRkoAEJCABCUhAAhKQgAQUK5YBCUhAAhKQgAQkIAEJSKCWBBQrtcwWIyUBCUhAAhKQgAQkIAEJKFYsAxKQgAQkIAEJSEACEpBALQkoVmqZLUZKAhKQgAQkIAEJSEACElCsWAYkIAEJSEACEpCABCQggVoSUKzUMluMlAQkIAEJSEACEpCABCSgWLEMSEACEpCABCQgAQlIQAK1JKBYqWW2GCkJSEACEpCABCQgAQlIQLFiGZCABCQgAQlIQAISkIAEaklAsVLLbDFSEpCABCQgAQlIQAISkIBixTIgAQlIQAISkIAEJCABCdSSgGKlltlipCQgAQlIQAISkIAEJCABxYplQAISkIAEJCABCUhAAhKoJQHFSi2zxUhJQAISkIAEJCABCUhAAooVy4AEJCABCUhAAhKQgAQkUEsCipVaZouRkoAEJCABCUhAAhKQgAQUK5YBCUhAAhKQgAQkIAEJSKCWBBQrtcwWIyUBCUhAAhKQgAQkIAEJKFYsAxKQgAQkIAEJSEACEpBALQkoVmqZLUZKAhKQgAQkIAEJSEACElCsWAYkIAEJSEACEpCABCQggVoSUKzUMluMlAQkIAEJSEACEpCABCSgWLEMSEACEpCABCQgAQlIQAK1JKBYqWW2GCkJSEACEpCABCQgAQlIQLFiGZCABCQgAQlIQAISkIAEaklAsVLLbDFSEpCABCQgAQlIQAISkIBixTIgAQlIQAISkIAEJCABCdSSgGKlltlipCQgAQlIQAISkIAEJCABxYplQAISkIAEJCABCUhAAhKoJQHFSi2zxUhJQAISkIAEJCABCUhAAooVy4AEJCABCUhAAhKQgAQkUEsCipVaZouRkoAEJCABCUhAAhKQgAQUK5YBCUhAAhKQgAQkIAEJSKCWBBQrtcwWIyUBCUhAAhKQgAQkIAEJKFYsAxKQgAQkIAEJSEACEpBALQkoVmqZLUZKAhKQgAQkIAEJSEACElCsWAYkIAEJSEACEpCABCQggVoSUKzUMluMlAQkIAEJSEACEpCABCSgWLEMSEACEpCABCQgAQlIQAK1JKBYqWW2GCkJSEACEpCABCQgAQlIQLFiGZCABCQgAQlIQAISkIAEaklAsVLLbDFSEpCABCQgAQlIQAISkIBixTIgAQlIQAISkIAEJCABCdSSgGKlltlipCQgAQlIQAISkIAEJCABxYplQAISkIAEJCABCUhAAhKoJQHFSi2zxUhJQAISkIAEJCABCUhAAooVy4AEJCABCUhAAhKQgAQkUEsCipVaZouRkoAEJCABCUhAAhKQgAQUK5YBCUhAAhKQgAQkIAEJSKCWBBQrtcwWIyUBCUhAAhKQgAQkIAEJKFYsAxKQgAQkIAEJSEACEpBALQkoVmqZLUZKAhKQgAQkIAEJSEACElCsWAYkIAEJSEACEpCABCQggVoSUKzUMluMlAQkIAEJSEACEpCABCSgWLEMSEACEpCABCQgAQlIQAK1JKBYqWW2GCkJSEACEpCABCQgAQlIQLFiGZCABCQgAQlIQAISkIAEaklAsVLLbDFSEpCABCQgAQlIQAISkIBixTIgAQlIQAISkIAEJCABCdSSgGKlltlipCQgAQlIQAISkIAEJCABxYplQAISkIAEJCABCUhAAhKoJQHFSi2zxZGmsTUAAEAASURBVEhJQAISkIAEJCABCUhAAooVy4AEJCABCUhAAhKQgAQkUEsCipVaZouRkoAEJCABCUhAAhKQgAQUK5YBCUhAAhKQgAQkIAEJSKCWBN5Xy1gZqaYh8Kc//amwrbbaapGm3DdNAk2IBCQgAQlIQAISkEC/EdCy0m9oDRgCf/zjH9tAIFp0EpCABCQgAQlIQAIS6C6B1ZZ1IO1BdpeW/npMoGpV6fHFXiABCUhAAhKQQL8T4MXie97j++t+B+0NekXAktkrbF7UEwIIFjVxT4jpVwISkIAEJNA/BBAmf/jDH6Jd/v3vf19efPHF8tRTTxV+46rn+ycGhiqBnhFwzkrPeOm7hwSco9JDYHqXgAQkIAEJ9CMBhAqC5H3ve19ZtGhROeuss2Je6Wc+85m2F4sDBgwo73//+9vmm/ZjdAxaAl0S0LLSJSI9SEACEpCABCQggeYgkMO93n777fLAAw+UJ598sowbNy4EzL333lvuuuuu8s4775Tf/e535a233mqzuDRH6k1FIxLQstKIuWacJSABCUhAAhKQQDcJ5JyUnEf63ve+tzz66KPlmmuuKQcccEDZa6+9yuqrr16GDBlS3njjjRgmNnPmzLJw4cKy5ZZbltGjR4clpnq7HN7NCIoMt3qs6tffElgRAoqVFaHntRKQgAQkIAEJSKDGBBAQCBA2fq+zzjohTBYvXhziZLfddivrrrtunJswYUJYVBA3N9xwQ1hZjjnmmLLhhhvGdZlMzjPHhfA+8IEPtM2BQbhguXEIeJJy3xcEXA2sLygahgQkIAEJSEACEqghAQTFvHnzyvXXX19eeumlsvPOO5ftt98+hngxzGvo0KEFSwv+ECE49o888kiZP39+2Wyzzcomm2wSAidFCH4feuihsnTp0jJ27NgYSkYYW2yxRVlrrbUUKzUsB40cJS0rjZx7xl0CEpCABCQggZYmwIR5RANzTJgYj6UDl8KC/XrrrVfGjx9fXn311TiO9WPgwIFl0KBBbezSP0KF85MmTYoNYcJWdfhlvgvhYZU544wzYp7LV77ylRArVb/+lsCKEtCysqIEvV4CEpCABCQgAQmsZAIICEQDVpObb745BMv06dPLsGHD4jcWDuah4PCLmFmyZElZc801yxprrNEW25xwn/5yT9hsKVaq/hBIzGdhj+C55JJLyiuvvFKOOuqoGFrWFrg/JNAHBLSs9AFEg5CABCQgAQlIQAIrkwAWEIZe3XrrreX0008vm266adlhhx0Kq3wxfGvEiBFtYgXRgcVl8ODBy40i/nC5z9/V/zmGSMFaw/LGxOPggw+OOSw5f4V46STQVwRcurivSBqOBCQgAQlIQAISWEkE0tIxe/bssvHGG4dVY8yYMWE5YY4JlpX+ctz7zjvvLM8++2yIFKw1a6+99l+JnP66t+G2HgEtK62X56ZYAhKQgAQkIIGaEsBS8eabb5YFCxbEcsHrr79+CBCsG1WLRVo7WG6Yie2TJ08OfyQrh3/1VxKJx6WXXlq22267MmPGjIgn8UHEpIjqr3sbbusRUKy0Xp6bYglIQAISkIAEakqAOSJPPfVUOfvss2O54WnTppUpU6aUkSNHhhhJwYI/3D777BMCAUtKnuvvpCFMDj/88LgN4iQn5XMgRVR/x8HwW4eAE+xbJ69NqQQkIAEJSEACDUCAJYZ//vOfl3PPPTcsLDvttFM59dRTw3rCPBEcAoG5I/mb4yvLqsF9uX/VcYz5MnzHZWXFo3p/fzcvAS0rzZu3pkwCEpCABCQggQYjgMWEb58cffTRMSn+4osvjpW2Fi1aFOIkxQrJWlWiAOsJ8cSSg0ghHggVllBm7opOAn1JQMtKX9I0LAlIQAISkIAEJLACBLBYsPEdk9tuuy0+4MjywHxFnhW4UqAgFlI0cLuVPfwq71+18BAPBEzGkf91ElhRAq4GtqIEvV4CEpCABCQgAQmsIAE6/3T82bP08LXXXhtfkWe5YT7oWP2AI7dKccI+f69gFHp0efWexPm5554rzz//fKwO1qOA9CyBLgg4DKwLQJ6WgAQkIAEJSEAC/UmAoVQM82Kuym9/+9tyww03lHPOOadss8028S0TxABbVSD0Z3x6EjYCi++rXHfddRHXI488Mv7vSRj6lcDyCChWlkfHcxKQgAQkIAEJSKAXBKoCI3/zFXl+v+9974uOfQb7+9//vvC9FKwpiBZWA9t8883LAQccEB9yTJGS+7yuLnsEy6hRo2II2MpakawuaTce/U/AOSv9z9g7SEACEpCABCTQYgQQJXTisZQgMtgjSDi21VZbFb6fkuIDEbNw4cLy4osvxnkm0Q8cOLBstNFGZY011qg1uVwZjD0OK4tzVmqdZQ0XOS0rDZdlRlgCEpCABCQggboTSCFyzz33lFdffbWMGDGi3HfffTGng2+mIFZwiBo69wgTNq5LSwwWF8RNnTv/GbfHHnusvPbaa2Xq1Km1F1h1LzvG768JKFb+mof/SUACEpCABCQggT4hQEf+rrvuKldeeWX5h3/4h3LMMcfEELABAwa0hY84YUOUVF2KlBQD1XN1+o2wYugXlqH777+/TJo0SbFSpwxqgrgoVpogE02CBCQgAQlIQAL1IkAnHhGy6667Fqwrt99+e3wwcfLkye+ylHQkSBpp7gdDwHbbbbewDCGyMu31yhFj06gEXLq4UXPOeEtAAhKQgAQkUGsCdNp32GGHmCjPfBW+nfLGG2+8y4pS60R0I3IIlNVXX708+eSTZdasWYU5ODoJ9BUBLSt9RdJwJCABCUhAAhKQwJ8JYFXB4sBX3ffZZ5+CRWX48OFl3XXXbZuXglcETUeWlUYCuWTJksLQNlYzY27OxIkTY6J9WlkayUrUSNxbJa6KlVbJadMpAQlIQAISkMBKJYBgYb7KOuusU3beeedYhphJ8xzPyfPZkW9UwUK8ma8yZMiQ8s4774T1iH2uDsYeQZbpJO06CfSEgGKlJ7T0KwEJSEACEpCABLpJgE46c1WeffbZGP7FSlnrrbdeWFvmzZsXq4RNmDAh5no0qlgBxdprrx1DvxAirGiGMEGMvfXWWzE8LAVK7ruJT28SCALv/coyJwsJSEACEpCABCQggb4jgFBhGBTfHXniiSfKgw8+WF544YWyYMGCctNNN5WLL744rC506seNG1fWWmutvrt5P4dE2hAe7HEMbcOawpC3vfbaq2y88cZhbbnxxhvLoEGDwrKE3xRkeX0/R9Pgm4SAlpUmyUiTIQEJSEACEpBAfQhkh5z5KgyRuvTSS+PDkExC55skfMUeIXPLLbeUGTNmlKFDh9Yn8h3EJIUJAgyhwtAvLCcbbLBB4SOWiK2jjjoqfuNn8eLF5dZbby2bb755zNXBL8IMf1zPlkPDOridhyTQRkCx0obCHxKQgAQkIAEJSKBvCKTlgTkb2267bRk7dmxYH/iS/fz58+ML9Y8//ng5//zza786GEIFAfL222/H0DUsJL/4xS9CmBx++OFlww03jOFekGMlMNLOsaOPPrpssskmcS1pnTNnTtl7773D0pJWlr6hbSjNTMCli5s5d02bBCQgAQlIQAKrjEB2yOnAs7QvQ6JYEWz77bcvm266acz1wCrRCI60ILQQHHfccUdYiog31qGqQ6jgBg8eXHbZZZewKvH/M888U84555yYgJ/WmbTWcF4ngc4IaFnpjIzHJSABCUhAAhKQQA8IpAWCS7LTzm86+nTQc2UshkQ9/fTTMWcFAcME9To70kLciSeWEj5yOXLkyJifkksxZ/xzaBcs2LgWQTZ+/PiwLrGwQIqVKqO83r0E2hNQrLQn4v8SkIAEJCABCUigFwTSUsA+O+1YVZifwsZxJqJfc8015Ze//GVYHY4//vhYQasXt1vplyC6mG/DAgGTJk2Klc0yzRmZqgDJ3+w322yz8rnPfS4YpHhjr5NAVwQUK10R8rwEJCABCUhAAhLohABWguyws2d76aWXYoI51ojnnnuubUUsOudz584t3/nOd2I41de+9rXo9LcfStXJrVbZYdKE4EB4kR6WYD7ggANi3k2mvavIMQyOoW9pXUoh09V1npeAYsUyIAEJSEACEpCABLpJIAUJnW5ECcsRs2QvxwcOHBhzUviSO6t8sSLW888/H1aWNddcM+atcGzRokXR2d9mm21iiFSKgW5GYaV7S0FCOqdMmRJp5HsqHTnEG+6NN96I78swBIyhY2ussUYwQqQoVDoi57HOCChWOiPjcQlIQAISkIAEJNCOQHbcWdHr7LPPjo8+MgeFTjkTyo888siYm0GnnQnpiBUmpb/55puxPPFuu+0W31WZPHlyGTZsWLvQ6/kv4oJ0I8KWLFkS81U6G8KVYuXuu+8u3/jGN0KgnXjiiWX69Okx50WxUs88rnOsFCt1zh3jJgEJSEACEpBA7QjQUec7I1gPECijR48uAwYMiG+KjBgxoowZM6ZgNaGDz3K/WCSwxCBo+M4IVpbs7NN5z9+1S+ifI0QcmWuDKCNt+a2UzuJLuhFnCBsm1J955pnxoUiYMHdHJ4GeEFhtWYH6v8+P9uQq/UpAAhKQgAQkIIEWJEC3ie2VV14pL7/8cnS+11tvvbAaMPckz4Omfcc8u1xYH9gQATkRn991chk/4kS8+f/111+P4VzMP2mftow7ogzHUDc+gInAwbo0ceLEstVWW8V1hEd665bmTIP7ehFQrNQrP4yNBCQgAQlIQAI1JkCnPQUJFpMLLrggOt177bVXDOtqbyWpdsi5lvN5fXu/dUo2X5vP+PJ79uzZYR1iVS+WMF5e3EkfjutxTMzHYW3B0jRkyJAQaSnU4qR/JNAJAW1xnYDxsAQkIAEJSEACEuiIQA7p4lspF198cUyyX2eddcq+++4bw8E6uoZj2cFvBKtCxpF5NywWwFLLO+20U0yu7+q7MCnQUoywR6Tce++9sTGvh5XBdBLoDgEXuO4OJf1IQAISkIAEJCCBZQSwGmQnnGV8WQ3soYceii+zs9JXWhWaARZDvfgAJEstM8Rt9913j2+rdJS2rtLN9RtuuGFB4N11110xPKyjcDwmgfYEtKy0J+L/EpCABCQgAQlIoBMCWA3omLOnA86SvEyYZ6gUw53yXCeXN8zhtI4QYSwhrGLG5HqEWvUc6c3hXlicEDhpQaomlmuGDx9epk2bVtZff/0O/VT9+1sCSUCxkiTcS0ACEpCABCQggS4I0Ommg8625ZZbxpfZmXBOJ3zo0KFN0wknfQgwRAoCpb1IaY9pwYIFYTUZN25cWF+qgib98h2aAw88MEQeQk8nge4QcBhYdyjpRwISkIAEJCABCSwjkEKFD0JeddVVsdIVFocNNtig0xWyGh1cR8Ij04Q15cUXXyw/+tGPyk9/+tPy2muvBaM8n3u4EQ7LN+fk/TznXgLLI6BYWR4dz0lAAhKQgAQkIIEKAYY4sYTvueeeW6677rqy//77l5NOOiksLDmXpeK9058MnWKjs58bnunU97XLYVrVe/I7hRf3Tz95b9KZFhWOVQULfrkGx8cxTz/99HLFFVcUVkRjqFdnw8AYJsck+yuvvLIwv0cnge4QcBhYdyjpRwIS6DWBfJvW6wC8UAISkEDNCDz22GPl0ksvjdW/jj322Bj+1ZMoplDAwkDHvlpPdtTR70nYHfklfO6VAiP9IEBYpQsRwdwbhmbl91M415n4SnFDXPneDJPmP/vZz4ZwI5zOHGHOmTMnVhZjNbB111237X6dXeNxCShWLAMSkECfE8iGuLOGrs9vaIASkIAEViIBVrXia+zMweCjhwgBOvmIgqz/qsIgLRR01vHDOSwLCIXs3KdY4Pr+qDsJl++cEF9EBgKFZYnvv//+iBMrfQ0bNqxbFDMdb7zxRiwu8C//8i+x0ldX8ea+DJdj6WNEDnHSSaArAoqVrgh5XgIS6BGBbKxpzGiQ++MtYY8ipGcJSEACfUxgiy22iBWyGAbGd1a23377+G4IdR5ftefr7QgD/qcuxIKAJWHw4MEhUvii+2233RZiZb311gvhsM8++5SRI0eG/7yO+rS9AKjWsSSL8Kv7+KfdnxQXv/nNb8IKglh49dVXY2PZ5UmTJsU3VNpd1um/1OsMhbv99ttjKNwJJ5zQ5eIC77zzTnn00UfLRRddFOKO79LoJNAdAoqV7lDSjwQk0G0CNIr5hjEb0W5frEcJSEACNSeAWKBuY1L9M888E98gmTJlSszXwFIya9asMm/evELnfK211grrBXUi8zkQNXTYZ86c2bZyFsJm7ty5ZZNNNgmrAxPQEShYPRAEWCLS+oIFhwnsbIMGDQoRhLCpDuPqCB9+iBvhES7x4RqWED7llFMiXhzrrkOs8H2Zn/zkJ5HWgw46qO3S5JMHuDf+EWjnnXdefDTzU5/6VJkwYUJwTKtU+ncvgfYEul8y21/p/xKQgASWQ0Chshw4npKABBqWAJ3xdHT2hwwZEh+EpPOOBYVts802K+PHjw9rCsLikksuKWeffXZMQqfTvvXWW5dTTz217LHHHuXxxx8vN954Y4gPfjNvhOsRMU8++WQInhQrrEB26623hkBgqWQsIgwnY5L7xhtvHMPSEDrV+pehVk899VSIox122KF8+MMf/itrDenJrbuWcMLcfPPNy/HHHx/xRqxxX45nGMQhWSFYmKvC9qUvfSksTKwglt+pwV81zsnXvQQgoFixHEhAAhKQgAQkIIEeEKBzzVCqfffdNywsWC2wgGBtGTFiRPzm2yvptttuu3LOOeeEYJg8eXI5YdmwKSwLdOz5VgvCBgvDDTfcEEPHNtpoo+jQY+3AOpNu4cKFIUwQL9wfhyWGcIgT3zrhvlhd6Pzn8Ycffrh897vfDaHCvQcMGBDXIi7S8oHf7goG4koYhx12WFs4HCMM5sQwlwURhyNebKTp4IMPjnkxiLJ77rknxBqCizj35P4RsH9ahsBqywrQX14RtEyyTagEJCABCUhAAhLoOYHsfNOx76pzj9/0gwWEoWEpQLB2MIyMIWCjRo0qWD3osOOHeSyIEBxhcByHCMCCQeee4wgN/HEPrvvZz34WYmCnnXYqzAnhOgQJ92ESPNaQk08+OSbFZ7yYW8PwMPyzYEDeK27YwZ9MP6fwSxy4BxuOeTwMMUPIZRo4V/0IJKLrF7/4RQwN+8xnPhNzdQgr4xQB+UcCfyagZcWiIAEJSEACEpCABLpJgA51dzvVVX8MD0uHsHjiiScKE95vvvnmECdYZ5jXgsUEYYMIQECk5YRrOZcihfP85jrCQ3QwxAw/nMPSgUPcMERszz33DKsPQofziIMlS5aEuODbJwwr23vvvdvmx8TFHfxpn37+R4wgwh588MH45sohhxwSceM4ccQhYFKQYPkZO3ZsLDLAcDDiRzx1EuiIgGKlIyoek4AEJCABCUhAAn1IgE47HXs67YgFhoEhYJiHwvAv5rVMnDgx/PAb/wybwuqC4//s/LPHWsKwL8JkQj+dfcTG6NGjwwKDGCJ8hqaxTDAT+wkrxQaCiA85fu9734s5LQwtY/ninB/T3aQTL4QKwuf888+PSfvTp09vs/5wPoUUq6FxfwQKAonJ/vDQSWB5BBQry6PjOQlIQAISkIAEJNAHBBAouNmzZ5dnn302BAtDwVjqGOHC3BWsKCwlzBAphnwxdOpDH/pQfBWeTj5hpAWCOR9YZTiOX74cf9RRR4VlBaFyzTXXhMUCqwXCBAsM34fhegQC53/605+W0cvEDcPDWCwAy0d3HPHgvvjHgoMYuvbaa8tzzz1XGNZFXHCcxy/LJF944YURB+5PmhFbLOfMt10ISyeBzggoVjoj43EJSEACEpCABCTQRwSwhiAS6LRfddVVMW8EgbDVVlvF8K9x48ZFxx5rCKKDuR9YKpiwz2R1rBeEkYKCTj4T8zmO4GCCP34RA0xm56OVzH1BCPD/5z73uZgbgmjJ5ZK33Xbbctxxx8VqZswjIfzuOKwlCCTmurAKGnFl7g3Dvwgz56rgj/uTJibk//znP4/vseyyyy7l6KOPDr+IKVz67c799dNaBBQrrZXfplYCEpCABCQggVVAAJHBRqed4U906I855pj4GCPDoli+GAvE1KlTy4knnhiT3VnB64EHHojJ9wiWtEAgKhAjLIGMEGAeCo7jWDKwWLD8Mf6Zz7LmmmuGcMHCwscoERpMgMcCgqBhdS5ET4bfFR4sKYTD0DLSQvwRKvvtt1+kC2sL4SFAcIiyY489NtLO92QYbpYfhcxhYN29d1dx83zzEVCsNF+emiIJSEACEpCABGpGAKGCaPj4xz9esKLwDRXEBkO9mL/BsC6sI3TymTfCkr5MROfcAQcc0GZdIVl8uwWxwFyQXXfdNYZ70dln4z45TIv/c9gYSwpj0WGIGRP5Z8yYEUPGOI64wSpTXbFrefj4rgtDzbg/34phCBvCB2HEMLalS5fGBHqEFPFBRA0dOrR8+tOfbosPccRxHqdlJTD4pwMCipUOoHhIAhKQgAQkIAEJ9CWB7JRjZfjgBz8Y1hJW7kJMIB523HHH+KYKlheGVmHtwEKBiEC05PX45zf+EAH8X7VKVAVKxp9wHnnkkfLrX/86hl4deOCBIUwQDGxM8meCPOKpO270smFnH/3oR8OKggjhnsQFKwvfk0GwfOELX4h0VSfsZzwRJqSh+n/+7s799dNaBBQrrZXfplYCEpCABCQggVVMgGFbdPLT0flHULD079VXXx2rfDEHhCFThx56aJtfBAH+EDkMA8OSgfWCuSNYZLDc0OlPMZDhM2zrzDPPDOHDXBHmiaQfxApLHiOQWE0MEYTjPpzjnggLrC4pKPgeC1s6/OEfR7xymFtVkKRf9hlOHmv/fx53LwEIKFYsBxKQgAQkIAEJSGAlE0AsVB1Dqlih67LLLos5HQgHlvrFEjNz5sy/GtqFgJgzZ04IDIQHc1AQKlwzcuTItmARCziEBGEddNBBcR5xkcPDEDncg6FbHCNeiAcEDBvCg3ktDF3LeSZVcZH+mQ9zyy23hOWG1c0QVMxHqYqctoj5QwI9IKBY6QEsvUpAAhKQgAQkIIEVJUAHH8GRVgs6/4gF5oLwzZTHHnssJttznFW6WBKYVbzo+DNxnmFhKVZYjhghgjBAVLBxnrAZ3oXYYC7MSSedFKKEuBMucUDEIFZ22GGHmGOCWMk4Pf300+XWW2+NZY8RQISx1lprRdKrFhP8Ex7h4J9vxLD6GBYf5sWw2hnndBLoLQFLT2/JeZ0EJCABCUhAAhLoBQE6+Kz8hSBAMCASECjM9cCCQWcfYYIFBDGCUGDIFyuCsewv81j4VgnDvxAQTG5H5Nxxxx0hDCZPnhzi51e/+lXc5x//8R8jTOalcA0OMcGQL4QGvzmHhYZVyhAyiAyEDxPwsajwO4UJ11Qd8SQMRNK5554bCwLstNNOEd+07lT9+1sCPSGgWOkJLf1KQAISkIAEJCCBPiDAhyG/+c1vllmzZkVorPDFF+ZPPvnkWAmsao1IiwcCBoHBnBcEQooHrCdMyL9x2fLHzHlhojwCA4vMxIkTwz9ih2FmrC6GGGEFrylTpoQ4InwmwmO9wRpD2IiUm266Kb6fMmbMmFgUAKsO4oP7pghhj3/CwELzve99L6xB2223XQit9NcHyAyiRQkoVlo04022BCQgAQlIQAKrhgCWCYZWsewwc1X4kj3H+KAiwgALChYOBAAOcZHWDKwfOSyMeSoIDOa08D2WLbbYIoQCX5PnY4///M//HEO/sHrwIcgLLrggJsYTFlaYhx9+uBx88MFxDMsK8UD0MPmfOFx00UVh/SGOCxYsKJ///OfjHGKFOKVDkOCHoWicIy7EK+Of/txLoDcEFCu9oeY1EpCABCQgAQlIoJcEEAsMmWL5X76hgpWFYWBsfAuFDzZixWDIFiIDq0suc8z3WC6++OLCCl8M/0IkMJSMD0luv/32Mfzra1/7WlhTEAsM3+J+CAn+/8hHPhLWFFb/YoWwL37xixGXnGSPsGGoGcPUsL7ss88+5dJLLw0LC/HIpYq5J8IEaw9+r7/++nLhhRdGWMRdodLLwuFl7yKgWHkXEg9IQAISkIAEJCCB/ifA0CvmnyA6mJvCEC2+U8KEeSwdrK7FMb4Qz3mGcmH9YBgY/2Nl4VosNAzBQkgwfOxTn/pU+Z//+Z/yH//xH+Xv//7vw4qD9YMVu1geGeHDRyXvvPPO+J9hYwgnlh3GWsN2xhlnxLwVvkzP0DMsLtyPIV8IHb7bwvAz5tcQ1nnnnVeYK/OlL30p9syzqVqE+p+md2hWAoqVZs1Z09XyBNJEz5svNhoq3q6xtwFp+eIhAAlIYBUSoC6ubogQ5q4gJLCyMO+DuhrLCqJk7NixYTFBJPBl+2OPPTaEBVYNhoshetJ6wvUcY84KE+z5TguCiPAQF9/61rfKT3/60/gCPYII4YN/wmZFMtoHvvHCamOnnHJKiKbZs2cXhpbhl4n9559/fvyPVQdLDJYVLDt8oZ5vwxAvnQT6ioBipa9IGo4EakaAhguRQsOTggWzfAoVzuskIAEJSGDVEKgOk6I+5n+GT9H5p87G+nHUUUfFxHa+pYKgYegXIoQhW9Uvw2cKsH58+9vfLo8++mgMH0OcYJnB8kL4WF2Y74J1BgsJ4oOJ8Az1YiUyJudzDR98ZHgaVhuGpiFcsKqcffbZMQSN64grcUDYEKcjjzyybLrppi5TnJnhvs8IKFb6DKUBSaBeBFKgME6ZiY44TPk0WAqVeuWVsZGABFqbAJaN6dOnx+pciBKsIBxDNCAwqLOpv/P7KfyfK3BVyVHXI3KmTp0aFg4sIFdccUVMomeOSQ7j4loc98DqwmR/rCQ4hAjWGCbTI5IQT9z79ttvL08vW2qZ+BBX5sdwr7vvvjtWEMMv9yDubDoJ9BWB1Za9Zf3Lcg59FarhSEAC/U4gH92q8OAYGw0FjRJvz3iLhnk/GxjGF3MNjRSuen2/R9obSEACEpDAuwggHnjBRH1MXY1LQcFvzqXDT25VUZD+ETuEwTksLf/6r/8a32lheNhdd90V7UH65eUVQ7YIj7aD5Yr5vso3vvGNECTcM+PDeV5+4Wg/uBaXcSNM/DgELLD4pw8JaFnpQ5gGJYGVQYCGgQaBjQYmGyv+z3PsmZD53e9+N0z2vDFj2ADLVDIcgLdhvEljMiZvzWh0MpyVkQbvIQEJSEACfyFAHcyWdTtnqJOp49v/jgMd/EnxwOT4FA7jx48vJ5xwQvnYxz4WQoOhWyxBnO0HQgSrCUO/ECIcr7r2L7XyHumPfbYdGdfq9f6WQF8QUKz0BUXDkMBKJIAQYcPcjqs2HhzP/5mY+cwzz4Ro4RiC5Tvf+U4566yzYqUZPga2//77lxkzZsR6+isxCd5KAhKQgAQ6INBZh7+z4x0EEYcQELQHXEddP3r06Jh7wuR42gM2ljTOIWf4Y/4JlpVsQzLsju6dx3KP3+rvvNa9BPqCgGKlLygahgRWIgEaIBocJjUuXLgw3oTRMPEGDCsJY5wRMrkkJQ1IbrwFY5181u3n+ieffDL8H3TQQSsxBd5KAhKQgAT6k0DW+bQXWE4QLHyokfqfSfPMfeFjkAwLu+666yIqtB+0EVjeaUeqlp3+jKthS6ArAoqVrgh5XgKrmACNByb9fGuFhYS191kDn9VbckIjpn8aoWHDhsUbNZaaZK4K19HosFoLb8xYYhKHyZ85LayPz2RJGqfqfbgvrv1btjjoHwlIQAISqD2BbDfYM+Rr5513jq/cI1pYapg6/+abb44li1966aUQK7QVbHlt7RNpBJuegGKl6bPYBDY6gRQNiBKECiKEZSRZmjIbl0wjw75oYPIajvObRooPdPHGDGsM4gXHyjHPP/98mTdvXtuEe/xzHpHCxv82WoHLPxKQgAQahkDW87Qd8+fPj7ocCzy/qfv5bsrMmTMjPfhFuFDnDxkyJOYz+qKqYbK66SOqWGn6LDaBzUAAUz4i46abbioXXnhhzEWhYUGE5OospJOGiHHHrARWFSyMS0bYMPwrGzD8cxzxw/KWEyZMiCUruXattdYq48aNi6UvO1rLn2t1EpCABCRQfwL5Uor5KBdddFG8fBo1alQMFeYF2Ohl81mY44glHkc7olCpf762UgwVK62U26a1YQkgKu64447y9a9/PcYdkxBEBxaPtKTwP2/EWOXrvvvuCyGSCUbYMPwLAUMjhPjBES5+sdJgeWHMMsMDGM+8xx57lP322y/W0udc3i/DdC8BCUhAAvUngPjgY43U84gTXkbRVvA/w3932223mHzPCy2sMIgaNq3q9c/bVomhYqVVctp0NiwBRAJiY/HixfH1YhKCQEnBkQnjGI0Sc1e4hi39VK0shIXfdJyjYWIN/nQMDXviiSfizdsxxxxTPvrRj8awAAVLEnIvAQlIoDEIIE6Yn4I4YcMiTzvByynaAhZbYf4iQgWHtR5rjGKlMfK3FWKpWGmFXDaNDU+AoVh8ZXjw4MExx6QqPjJxHOPbKggNrCdVQZJ+ct/R9Xku9zRWWF34wNfee+8dYmV5YeZ17iUgAQlIoD4EeMk0ZsyYqMs33HDDsL4jTPjiPC/BeFlV/fYKq4chZHQSqAuB/5tlW5fYGA8JSOBdBBAWWExY5YuNt2LLcwiVqgUEgdFbkUGjxfABhoX1NozlxdVzEpCABCTQvwSwpj/44IOxVD1DeqdNm1YOOeSQ+M4WL6OYr0L9jiWe9gYBw9adl1r9G3NDl8D/EVh+r0dKEpBALQjQkCAYsK4gXNJcX41cNiwsOclXivHD0C7moOBosHrqaMgY28wwAuLAPRQtPaWofwlIQAKrjgAi5LHHHos5iqz8yCpgQ4cOjRdffGuLRVWyXscvX7NfsmTJqouwd5ZAOwKKlXZA/FcCdSRAA8Kyw2PHjo390qVLO4wmFhX87b777mX8+PHlsssuK5deemmbyEhB0+HFHRys+s/GrANvHpKABCQggRoTYB4K7QNDihEsvMjCSs/LL47TxuCo5/HDnBbr/BpnaItFTbHSYhluchuPAIKBjTHEu+yyS7nqqqviQ46s5FV1+MGagkmfSZSsCoZVBEdDVBUe1es6+p2NFNac0cuWtaRB4/o83tE1HpOABCQggfoRwKrOvBSG9R533HHxwUfmJLISGB8WvuSSSyLSDP3iRRjtRUfW+/qlzBi1CgHFSqvktOlsWAI5/4S3YNtss000NpjueTNWfSNGAmlkaHAQNHzlnmt6IlQQI8x5QZjwdm3KlCkxrplhYISTcWlYmEZcAhKQQIsRYLni66+/Pl54HXbYYWXSpElt7cLFF18cw74YOowV/uGHH465kSzmgvMlVYsVlpomV7FS04wxWhKoEkiLBkO8ttxyy3gjxvk8nn7TesKecci9dYic4cOHx7dWWDEGkZJh9zZMr5OABCQggZVPACsJ31DZYost2r5MT53+8ssvx/GDDjooXoTNmTMnljBGqPCySqGy8vPKO3ZMwNXAOubiUQnUkgDWDcYe57dSOhIQ7QVMbxKy3nrrlQMPPDCsKjRa3FcnAQlIQAKNSQBxQl2++uqrR/tBO4IVffLkyfHhX15K8XFIhEq1XemL9qQxiRnrOhHQslKn3DAuEuiCANYSxhjzNXomQDIGmbdmrNySjQr7FBf8ppFiGBfzTxi3zBs2GqP2DRINFw6rysSJE8vRRx8dyxZzvBpeF1H0tAQkIAEJ1IhAtg1Eid9s1Ou89OLjv7fddlvZc889YxVJVoDE4sK5bBNqlBSj0qIEFCstmvEmuzEJsKQkc1UQHjvuuGMZN25cLE18zz33lKeffjpEC+KEBochY/mV4q233rpMnTq13H///eXMM898V+K5BkcjxjWsJLbJJpu0NVZ5/l0XekACEpCABGpNIMUJL7ZYmIX/eVmFlYWJ9ueee25hCBjtBAu05Nfra50oI9dSBBQrLZXdJrbRCSBA9tlnn5ggySRJvkaMtYTVv5goeeWVV8ZbMSwp22+/fTRMrPiy1VZbxW8EDS4bK34jbBgegEUFoTJm2ZeOESv8xtGo4V8nAQlIQAKNRwArCS+cnnnmmTJ//vxoN6jXaSf22GOPmHz/yiuvxER7BA31vXV+4+VzM8dYsdLMuWvamo4AH3xkXDHDshAY2aDwZXsEBquF/fd//3d58cUXwwKzYMGCGCZ2xx13hFmf4WM0WlzHWzU+Mok4wYpCw8WKMIQxYcKEsMxwH60qTVeMTJAEJNDkBKi7ESTU34sWLYq5jgzvWrhwYduwXoZ5Ue/TruCw1LNEfl7b5IhMXgMRUKw0UGYZVQmkyKiSyDdhfJF4gw02CAsKc1j4YjFv1GiwaHzSEQZWlM0337x88pOfLDNmzIgGimMIGObBOFY5abmXgAQk0HgEqvU+YmTatGnl7rvvbhMmnGe41+zZswsWd9oPLC98Z4XvatFO4Ie9TgKrmoBiZVXngPeXwAoQQIzQmNDo3HXXXeVb3/pWfJ0Y0cHwLhoexAziI9+W0QDhaJDwg1/mwPCbsGycViBDvFQCEpBADQhQj2NVoY1guPCxxx4bQ4axwuNoD7Jt4BjWF76xwpwW/NNmcC1724QaZGiLR8Gli1u8AJj8xidAo8Ok+7POOqvMnDkzVvD60Ic+VFg7HxGCo7FJkcL//Mby8vWvf7189atfLUzQp2EiLLZ0+Ktel8fdS0ACEpBAfQlQ56dgQXAwd3HevHkxZ4VYI2SwojP0l6FgWFhoB3hpxTLGWNozjPqm0pi1CgEtK62S06azKQnQmPAmDJHCF4q32267ctJJJ8XKXwiYp556qjBvJRsehAeNFI0XQwPY87V7ho3xbRUaLlyuwY/1Bf/cB4d/nQQkIAEJ1JtACo2su7GyM2fltddeixdQWZcjYJjTyIIqiJbnn3++zJo1K9oA/tdJoA4EFCt1yAXjIIFeEEB4pBWEPab8E088sRxyyCEhKjDx87V71tBPf9yG69Zff/1y6KGHxmT9G2+8MRorJubvt99+IUxYGQYxw0R7BAyT+bNx60VUvUQCEpCABFYBAcQKVnMWV8lhX0SDNoHtueeei6HAJ5xwQpz/t3/7t1i+GL86CdSFgGKlLjlhPCTQSwJYP8aOHRtWFVby4n8aGlZ12XTTTdssIxyn0WLDWjJ69Ohy+OGHxxLHLHuMZeb73/9+WGr4ngvzYFge+bTTTouPRBI9hE6+qetldL1MAhKQgARWIgHqbF5mMT8xHXU5Fvfhw4fHcLD77rsvBA0fHn7zzTfL4sWL42v21vdJzP2qJKBYWZX0vbcE+oAAjQnjkZmfQiODQ4xgDWFpYr7Nwm++tcI3WebOnRt7rCdcu8UWW5STTz65HHnkkfFhMIaVMW75kUceidVh8iNifRBVg5CABCQggVVAAKFCO5BW9hwOPHLkyBAsV199dSxdjD+GED+9bIUwlrTnJZdOAquagGJlVeeA95fAChLgDRnjjRm2xcchmbeCCEFw0BDx/RWsLJj3aajOP//8+IDkSy+9VNhokGigRo0aFRvRIczdd989RA1h0bCx8VsnAQlIQAKNQ4C6m0nzWMqxnNAOpJWctmGHHXYoN998cwwJ44UW7QEbLv01TmqNaTMSUKw0Y66appYgkCKCxoTxyIw9Zi4KxzmGiR8BwzKUNE6IEtbSZ+M8K78wAZ/j7R1DxXA0WPjFEYbzVgKFfyQgAQk0FAEs7Ly8uvPOO+NF1JAhQ2K4MN9eQahgYacNoZ5nrmMOIW6oRBrZpiXg0sVNm7UmrFUIMEzriSeeiFW/pkyZEmKFN2k4lqbkQ5HMYWEeCkKGVb/4UjGNFw0TDkGSAoXfaUVhj+hBpGhVCVT+kYAEJNBwBKjH+RDwddddF20F9fmLL75YfvjDH8ZX7VnC/vOf/3y83OIlVbYH1vsNl9VNGWHFSlNmq4lqFQIICwQHFpQDDjigTJ48OUQFDQwCg6UnsawwP4WvE6ej4cIKwxhmwmCpYjaED+EhUri+KlRSAGUY7iUgAQlIoDEIUK+zdDHDvnKxlYceeig+JsxQYVZ+nDFjRhm9bOGVBx54IOat0DboJFAHAg4Dq0MuGAcJrAAB3oLttttuITqYp5KOhoZGifM0Uu3FyuDBg2NIGFYXximz3j4rgLFUMQ2ab9SSpHsJSEACjU0ASwl1/EYbbRQWd+p92gTq/IkTJ0Y7gSWeRVn4QCT+FSuNnefNFHvFSjPlpmlpWgI5XCutGzQiuWEBQaTwPw0MIiP9JZC0kvA/jVPOceHNGhMusbycd955ce0pp5wSYiWvdS8BCUhAAo1NgHaB9gEhwrBh5qzQbvAyCws753lJNWbMmPL4449HG5HtTmOn3Ng3AwHFSjPkomloagL5hovGhMYjRQqJ5lge53/8Ikzwg1/O5XHmrLD6F0sS33TTTeXyyy8vrK2fK8Qw8XL69OlxbVzkHwlIQAISaAoCtAl8vR6BwpBfXmhhXUeoYGXhPPMYp06dGhPuETR77bVXiJmmAGAiGpqAYqWhs8/ItwIBxAeNCUKkunE8xUhy4BiNEA1PWlc4xvdXbrnllvgy8e23316uuOKKsLDMmTMn3rLhd/SyscoMJ2O1MJ0EJCABCTQXAYYFH3rooWWXXXYJkcKKX1hYeLFF2/LCCy9Em8IKkQga2hGdBOpAQLFSh1wwDhJYRoDGggYCh2keIcIxhm3xRoxlJWlMli5dGnNM+LYKE+BpUNhoiJhMz/KUaeJHqDAOmTBmzpwZpn3GKbcXM0y25y0aEyz5rZOABCQggeYhQFtCe0DbwJ62huG/vMhiziLtymWXXVauueaaSDQfEa7OgWweEqakEQkoVhox14xz0xFAPLz++uvxUUcaDpaYxDzPxPgnn3wyhmshNjDN07ggPhA07cUKb8pYvnjXXXct22+/fTRKWGVooD784Q+XI444ItbZP+OMM+JL9qwWNmzYsBgKdsIJJ8Tk+qaDa4IkIAEJtDgB2pdZs2aV+fPnlwMPPDDmp7DqF0ODsaywEiRDhPnmCh8I5uVXe8t9iyM0+auQgGJlFcL31hJIAoiVJUuWlNtuu60wTIsPdCFWsII89thj0cgw5wSH384cH3lkuNett95aTj755BAuXI+o4UNfrPrCd1cGDhxYmFyPiEEYcT82wqbhyiFknd3H4xKQgAQk0BgEqNcXLVpUnn766YgwlvpBgwZFG4OFng2xgjgZO3ZsWNd5UcaLLq0rjZHHzR5LxUqz57DpawgCiAMmO+60006xvOQNN9wQ69zTqKT5PgUEYqIjwcJ5RAn+H3zwwXL99dfHkDCGjuWKL8DgPocddlg5+OCDw/KS1hmuo7HK+zQEOCMpAQlIQAJdEmB4L0OE586dG5Z5XobR3rACGNZ7XowhZhj+hXWfxVf4dhfDiHUSWNUEFCurOge8vwSWEUB80ChMmzYtLBxYVzDHYyGhIWHYFyIFx3hj/CMu8hjHOcb/CA7ekmHeZ59CiCFinGNDoGDmxz9vz/DDcZ0EJCABCTQXAer2FCu0C2ktYY5jChYsKbzYwuqOlZ8l7bHmO4exucpCo6ZGsdKoOWe8m4pAiggEx/Dhw2NuCRPesY78+te/DmtLJhihgQh5/vnno3FBbOC4Nn+ndYQ94oYGiI994fg/HfdFtOgkIAEJSKB5CdA+sI0bN66st956kVCGAZ966qkx2Z6l7BEn+MGyQjtEW6OTQB0IWBLrkAvGQQJ/JpDWDSwemOf333//MmHChHjLlefY8+brggsuKD/+8Y/bBEp7iISBP4QN81Q6angyzPbX+r8EJCABCTQPAep6hAjfUqEtoH3gRRWT6Rl2zBzG3XffPRZwYe7j5MmTYy5L8xAwJY1MQLHSyLln3JueABMfGUPc3mGiZ1UXvpfCksYIkmyM8MsQMcYfX3zxxTGMjDdpuSxy+7D8XwISkIAEmp8AbQQrfi1evDjmLmJ5f/XVV8sdd9wRC62wYiRDkBEvtCE6CdSFgGKlLjlhPCRQIbC8OSQM9eKNGEsTf+ITn4h18ZkcWXW8QWMN/V/96lfxNg0rTQ4Nq/rztwQkIAEJND8BLCkMAcaqQvuQbQzzV7beeuuwvrMiJHMkOY9/9joJ1IGAYqUOuWAcJNABgY6GaFUbEcz3J510UnzMcfbs2W2T6bmOhoYli88666yYuM845XXWWaeDu3hIAhKQgASanQDzUFiohRW+mKuS7QvzGffZZ58QJrwEY+XI0aNHt/mhzUm/zc7I9NWXgGKlvnljzCTQIYG0kNCAsFLLjjvuGOOLESh5DhM+5n62efPmhYm/ozkrHd7AgxKQgAQk0FQEEB0MBc7l8DNxuQALbQZ++B7XV77ylXi5xQsvhAtzHrNtyevcS2BlEnjPyryZ95KABFaMAAKFRoM3YDQy+T9zW/gafX7gi980MCxXzBCwTTbZZMVu7NUSkIAEJNCwBGgbWB7/6quvLvfff38IFwQKGy+6aEvYWDVyzz33LAsWLCjf+MY32vwy/Bgxo5PAqiCgWFkV1L2nBFaAAGIlRUpnb7toVJh0/+abb8YYZUz7OglIQAISaE0CvNxi41sq1157bSxTnPNSaEeq7UqKkp133rlsttlmbUKGdkcngVVBwGFgq4K695RAPxOgsWHZYibZY2Hhq/WduWyYbIg6I+RxCUhAAo1NgHoe6wjzVaZMmRJzUxAr1eHB+MnhxNOnTw8LCxaZzl6KNTYRY99IBBQrjZRbxlUC3SSAaX/hwoWxfPF+++1Xhg4d+q4raZhyCED1rZqi5V2oPCABCUigoQlQr48cOTKGCk+bNq1NrFSFSP5mz/BhrkG84PJcQ0Mw8g1LQLHSsFlnxCWwfAIMA2MFGJamxPzf3uUQAI7zGz8IGMVKe1L+LwEJSKCxCWBBOf7442MYGN/dop7vqF1oL0ra/9/YFIx9oxJQrDRqzhlvCSyHABYTxAqrhY0fP/5dPjnP9tvf/jaWs6RBwtzfXqzQoDGZn00R8y6MHpCABCTQEAR4ITV62cpeY8aM+auhXw0ReSPZ8gQUKy1fBATQTARokNhYnpKPe7EK2L777htJzGFfb7zxRpk/f358+Z6ljV966aVYSWyjjTZqG6+MMME/b9423njjWBo5570QPuJG8dJMJce0SEACzUygWqc3czpNW3MSUKw0Z76aqhYlgMBgQ6zMmjUrxiXzMchFixaVxYsXx/7OO+8sl19+eXnggQdiXgsWFlxH5n7ECssfn3LKKeUjH/lIrL1P+AqWFi1gJlsCEmhIAgwH1kmgUQkoVho154y3BNoRQETg2LMKGFYThnYhTFgZjP9ZtvKhhx4Kawr+GMfMCjGID/ZVx5s4hMzjjz9efvCDH5RRo0aVbbfdNtbqX2ONNd41ZKx6rb8lIAEJSEACEpBAXxB477IvlX6lLwIyDAlIYNUTQIDwleJHH320XHbZZSFC+NYKQmTp0qVl7bXXLmPHjg3RMXHixMLQLwQN32FhMn5aWXKIV1pbXn/99Rg2hsWGYWQbbrhhQbCkP+6bv1c9BWMgAQlIQAISkECzENCy0iw5aTok8GcCiJI5c+aEBeSLX/xizFnJ+SZVSFhTGB7G3Jb77ruvXHTRRWXmzJlxLP0hQvBHmNdcc0254YYbyrhx48rf/d3flSOOOCIm3uMXodLRyjIZjnsJSEACEpCABCTQGwJaVnpDzWskUFMCKS4QGCNGjCiHHnpoYZlK/k8rSUYdgTFgwICYQD9p0qSy0047heXl5ZdfjlXCMqzc56R6BM7cuXPDQsPQMMLBj2IlybqXgAQkIAEJSKCvCChW+oqk4UhgFRNI0cA8FIZpMdxr4MCBbcOz2ouVjC5Cg2sHDRoUy1qOXra85fDhw0O4cJwNl4IE4fP222/Hl5B32223ECnpL/1m2O4lIAEJSEACEpDAihBwGNiK0PNaCdSMANYNRAVzU9j4nWJkeVFFZCByRi8TKixVvOeee8ZQMiwozzzzTHniiSfKs88+G8PBmLzP91kQLYSNS7GyvHt4TgISkIAEJCABCfSUgGKlp8T0L4GaE6haN7ojItr7QbQMGzYstl122SWWQZ43b158m4VJ+AiY6667LkQNfjsaYlZzREZPAhKQgAQkIIEGIaBYaZCMMpoSWBUEGDrGUDK2rbfeOqLAnBbEDJabdAie7lhw0r97CUhAAhKQgAQk0B0Cqy3rYPzfOI7u+NaPBCTQUgSoHljOGDGSc16wpLCU8TvvvFOGDh0aPNI6w14nAQlIQAISkIAE+oqAYqWvSBqOBJqYQPWdhoKkiTPapElAAhKQgARqRsBhYDXLEKMjgToSUKDUMVeMkwQkIAEJSKD5Cbyn+ZNoCiUgAQlIQAISkIAEJCCBRiSgWGnEXDPOEpCABCQgAQlIQAISaAECipUWyGSTKAEJSEACEpCABCQggUYkoFhpxFwzzhKQgAQkIAEJSEACEmgBAoqVFshkkygBCUhAAhKQgAQkIIFGJKBYacRcM84SkIAEJCABCUhAAhJoAQKKlRbIZJMoAQlIQAISkIAEJCCBRiSgWGnEXDPOEpCABCQgAQlIQAISaAECipUWyGSTKAEJSEACEpCABCQggUYkoFhpxFwzzhKQgAQkIAEJSEACEmgBAoqVFshkkygBCUhAAhKQgAQkIIFGJKBYacRcM84SkIAEJCABCUhAAhJoAQKKlRbIZJMoAQlIQAISkIAEJCCBRiSgWGnEXDPOEpCABCQgAQlIQAISaAECipUWyGSTKAEJSEACEpCABCQggUYkoFhpxFwzzhKQgAQkIAEJSEACEmgBAoqVFshkkygBCUhAAhKQgAQkIIFGJKBYacRcM84SkIAEJCABCUhAAhJoAQKKlRbIZJMoAQlIQAISkIAEJCCBRiSgWGnEXDPOEpCABCQgAQlIQAISaAECipUWyGSTKAEJSEACEpCABCQggUYkoFhpxFwzzhKQgAQkIAEJSEACEmgBAoqVFshkkygBCUhAAhKQgAQkIIFGJKBYacRcM84SkIAEJCABCUhAAhJoAQKKlRbIZJMoAQlIQAISkIAEJCCBRiSgWGnEXDPOEpCABCQgAQlIQAISaAECipUWyGSTKAEJSEACEpCABCQggUYkoFhpxFwzzhKQgAQkIAEJSEACEmgBAoqVFshkkygBCUhAAhKQgAQkIIFGJKBYacRcM84SkIAEJCABCUhAAhJoAQKKlRbIZJMoAQlIQAISkIAEJCCBRiSgWGnEXDPOEpCABCQgAQlIQAISaAECipUWyGSTKAEJSEACEpCABCQggUYkoFhpxFwzzhKQgAQkIAEJSEACEmgBAoqVFshkkygBCUhAAhKQgAQkIIFGJKBYacRcM84SkIAEJCABCUhAAhJoAQKKlRbIZJMoAQlIQAISkIAEJCCBRiSgWGnEXDPOEpCABCQgAQlIQAISaAECipUWyGSTKAEJSEACEpCABCQggUYkoFhpxFwzzhKQgAQkIAEJSEACEmgBAoqVFshkkygBCUhAAhKQgAQkIIFGJKBYacRcM84SkIAEJCABCUhAAhJoAQKKlRbIZJMoAQlIQAISkIAEJCCBRiSgWGnEXDPOEpCABCQgAQlIQAISaAECipUWyGSTKAEJSEACEpCABCQggUYkoFhpxFwzzhKQgAQkIAEJSEACEmgBAoqVFshkkygBCUhAAhKQgAQkIIFGJKBYacRcM84SkIAEJCABCUhAAhJoAQLva/Y0/ulPfyps73lP17rsD3/4Q+DA/3vf+96y2mqr9Rse7sV9qvfI/7m3TgISkIAEJCABCUhAAq1OoGnECh19XHb+33777fLb3/62vPTSSyFUxo4d22Fe//73vy9LliwpL774Ylm8eHEICDyuu+66ZZNNNol9hxeuwEEujAolAABAAElEQVTiNXfu3LJo0aLygQ98IO5J/BEww4cPL6NGjQqxtAK3WKmXwvrNN9+Me6699tqRppUaAW/W8gRS6AOCZ/qPf/xjed/73hfPPr9x7PHHy4DuvLyIi1rgT5VLsyS3Wh7qmibiiMs2q7fxJJzf/e53bW0XbcqKhtlRXDqKbyNwrqZlZcU3WVXronwJyTmeOeqg/sinanr9LYFmIdA0YiUbXCoChMesWbPKQw89VGbOnFm22mqr8uUvf/ldecY1jz/+eLnsssvCLx3urFwGDhxYPvShD5UDDzyw0AHvq84N8Vu6dGm5/fbby80331xeffXVqLDoWA0aNKjsv//+ZdiwYWXAgAHvim8dD8Brzpw55aKLLop0fOQjHymbbbZZHaNqnJqUAM/xW2+9FS8bXnnllfLGG29Ex23ChAllnXXWiZcAPNvUCbjx48fHs9akOLqVrKyHqH9efvnl4DFy5Mim6DxRHtjoCNa1Q5gdVl5QITR44cOW7cD73//+LvORa9nmz59fnn322cjHNdZYo2y66abxwmv11VfvMozuesj44p+Xe2y80KOdagTx/8477wRf0gEj+PaXUKDscR/c7NmzyzPPPFOGDh0az9iaa65ZBg8eHPcn78hvnQQk0DWBpnlSqCBomGh8f/3rX4cIueeee0KE0IHuyFHhnn/++eXiiy+OCmTDDTcMSwwVP9tTTz0VwmGXXXYJa0FfVG6EQSOCpee5554rt9xySzQ2u+++e5k2bVoZPXp0Q1lV4I44vOSSS6KC3muvvRQrHRU2j/UbAcrg66+/Xq699tpy3XXXxW+sk5/97GfbLKPz5s0r//u//xtl9Atf+ELZdttt+y0+jRAwHWNe5lxzzTXxsoGXMhtvvHFD1T2dcaajyEaZIJ28BKrTy5+MH/GnDXrggQfKI488UhYuXFgQ2B/84AfLBhts0Fny2o4Tzn333VduuOGGsmDBgugYY7Xfddddy2c+85nIzzbPK/gjO+AIq6uuuqrQtm6//fZl3333bQjhz4uKhx9+OEYA7LzzztH+YoHqDwcrHPnz2GOPlXPPPTf6JmuttVYZN25cOfroo2PURn/c2zAl0KwEmkaspJDgbQVvL6iQsGDQCHRUKWERyEbisMMOC6HA2w+GZj355JPlF7/4RbnxxhvLeeedV7bZZpsQGH1VCLDUpDB58MEH4z5YVD71qU+1da6o6DJN7e+b56r79MM1HMe1vz79p9/l7dv7rf5fDZ+3aggsBCENGcPYOnJ5DeeWF8f211bv2/7c8v5vf7/l+e3NufbxWtH7Va8nPu3zrjtxzDDy2vZx7E4Y6SfD4v8ML8+x5zwbFg0aZ8p01eW9c18911e/Mw6ERxx5WYGV4M4774whoDz/HGfjzSqimuc+49xX1tJMT1+ldXnhVNO8IvEnnNdeey0svHR46STDiLpzZbpMK/t0HZW3PNfVnnDggkjhRdALL7wQHerNN9+8q0tX+nnSSXmkI02HFkF9xBFHhNjoLDLJi/O8mPv5z38eFsWddtophOZNN90UbR7Wxb52xBeut956a4xGQBjxIm+99dbr61v1eXiMoPjxj38cjBENvMzoqF/QFzfOPKIcbrHFFmHJufrqqyOf4DVjxow2sZLlfkXKfMY579vR/3ku9+mnq31P/XcVnucl0FsCTSNWsuFm+Nbhhx8eb9JojH/5y1+2NcA8eHSssjF7+umn4+3Qxz/+8TJkyJBgSKXBGyOsLAide++9N97GrL/++r1l3Ol1DFHJIWbss/JEcOEyTR0FkGlhj6uOh81zpCU30t1RhYjfvA9+2HD4zeNxYNmfjFfeM8Nm+AgMOQ9/9pxL1vzmGo5X40m4HMv75L798bxfpqHqD7/pqnHnWN6P49V0pn/2eQ1hpn/imy6v5f/29814cV2Gj5/qccLKNGeYuc/r8n7s8zedGH7nPTOeXEv46S/Pcww/eZw9W8aFc53FI+OT+7x3NYzq/fHHOZ6vO+64I/J8t912i3vhL++Z/qpx5Fw1Hnmv5JbXEj7HYNQ+HP7HX5UfzydWPcKj08c9CAPHb6wGn/70p+M6hslwjjDST3is/KneN7lmHDM9eE9//M7wCDM3jnflqgySc15fjR/hM5yNTiqiIuuk9Nv+PvjH0ankOoa/pIWB4Sdbb711bHSWGRZTTVf7sPJ/wswtj7HPeHYnDPxn3lX9Z3w5l2nKe/F/tdxwvMoqr8Ufv0nTr371q/hNBzH9c7+MK/HozGU5znjgrzvXdRZe++OERTqp9ydOnBidZywr1Xag/TWZBvak49FHHw2xedxxx5UjjzyyrTOM6GSoUbpMS15XZZ5+utoTX8Kh3EyaNCmGWk6ePLmtPHV1/co4T/oo52wIEso6aeU4zzyO0RK8kMyy0x/xyjIGM1508iKSfgT3zWe9et+MS7V8V8/zO+sZwiQ9mZec4xguw4l/lv3BD/mVz1pey779vfKZI4wMj+vTcYytWnY4X41X+zDzWvcS6AsCTSVWeHhoxBlmRQPNw8PDmg00D2I+XPzGJEtDhlDh/3wQEQ077rhjmLep+PPh7QvghMG9cMSXyguXx/hNHKuVB+mgM8FbLRYB4Bo6HgxvIG6Ew9ti3iRzDsHANYSZe8LlejqYWEBoFBFL8EmXlU9WSnSKGKYAU8YnExYb/vK+MCMMOk7cL9NBPPCL43cyrKYtz3NNssc/4eNyHgLX5DjfPBce2v3hHPfK+HE6OWZ8OY/L+LDn3sSB3+zhk8dJW96TsHAZBvHnWs5zjuv4n/LHsfbpiosrf/K65MD1hMM9877t45/xJhiub8+WsPDDOfKb+FTjWb2+EpV3/eR64oMjDOJDetKRN3fffXc566yzyp577lmmTp0a9+ReyTLZEA/uSxg4ws54pB+O4TLu/K4e4/+q4x55nzxOGcSyx7NSvQfnecYPOuig8Eo8qvfJ63Pf0X0z74lvuvSX/2ea+J+44bd6LP1V99UwMs4dHeMa8hqrL8O3sISkWKmGV/2daaRTyzW8hNlyyy2DDXFjbhwijvqR+qSncxwybZ3FtxqX6m/YZFrhypa8sozgHz8cx3EvyhH/87uah3n/3CNWmUOHZYV6nOP5THNtxjsC7sYfru/pNcsLlrAyTOpW8pKNeJMnHFuey7jcf//90R5gNaI+pz0YMWJEcOosL/Pa5YXf0blky7PFXM4ddtgh4kq7QJ5kHdbRtSvzGFZCyjuWJpjSlpNmhDniijms/e2SRTIjb8gP4sGWx9vnRZaJ9vHryH9ey7nqlnUOx/hN3vB88bvqOJ9h5DOWxzKOuee6PJf7DCv9ZFh53L0E+prAX3qqfR3yKggvHxgePirV0cuGJ9EI0+HG5XkeXs7zhojKjP95CPOB5jfDSRA8NAT47UuX8ajGKY9xbzqCDFFDLPCbt0R01mnMnl5mDWKFM1Yqw5zMcea+MMmdiZa8VaJTQuVM45UVEWHRuFGRM0SAIW9U5tttt12bmMs00ikivNtuuy3GUeOXSfPciw4S5wkbUYSY456Ej5DCHw0Yfhh2gzgivlzHxlwgjuEYl81bRTpLpDsdcSatjDFm1TTCpzNMfLlvNgbpP/dcR/jEnTylgaChoBzQWeUY6YcTDusZZQD2XMvkbCZEkhbKAvGi8c90cw0dJuLFGHHSw2Tt5MBx3p7RYaYTyPHlucxz0kcnlHykPJLf2ZEkDbBBiMKX8kDcslwzeRM/yQbupIPj7OnUEQ/eLJKOrsoy9yJPYUgYyZFhE/CCCfHAosLQFYZcES7DHIg3nWH+Jx48Q7wthhVhbrTRRvEGmTwk7fghPTBlIx2ED0OY4If8I+/a5znn6IA+//zzUc74n/gx7CfLd5YpzuHgli8fqp1d7k1cOE9HET+UWY7DC1HPhqOcZFwIn3iSPjhxPWWf9GUnKS5azh/ixkZdAyvSxD0Jg7CIZ+Y/z8Kll17atlAA5+HDMBzYZTrzdoRFmMzlIZ+IN/4pD1xLuKQbx7WkLV94ZBlrX17wxzWUAZ5jwiCu8CHN3XGEwXU8Z5QxWHNvrqdOoKwRP/yxkZ/4oz7BH47yj0WX55O0cxy/lAcsKgzf5TlnYzET0kVdTl22PEe8KJPMdyGdlAfKZEd8uWfmO/em3MAczqSFvOvI4Yf85j74pbzDk/D4n7A6c8SPa4kfQ5tgw3P29LJ2gbwifcQXfzjiRBllz3nyf3n5BCfKPdcTf8LKOBEvNp5jNvxk+VlefEknjjxbXtq4N2xwcG9f9rhfZ9dzjrJ+4YUXBhfKEfUB6SUs0sL/5GOmJ27UzT/EDYY8F8mkq0szruQXnIgj17MRFs8PrOFCW9JZvlAueFbwTzj4p44lHjjug5/ss5Be6uIsg5znHA4elFn8Uw8Ql4wnYeMv+0vwJwz8cc+MP+EQBmWQNoZ4UAdx3wwLPzoJ9CWBjmvTvrzDKgiLB4aNBxFHRZMuH04qLDYcDx7+eYBx7Bn7y8O59957x4MfJ/roTz707KnIcPxORwVG48x8FsYH0xngDSHxpZJj0h4ridGxppNKZ4lKnnM06Ex+nD59ejnmmGOiAuFtE51JKjw6wYRDx5qJkgwh2G+//cJfxoPrf/KTn0TFRiVKY0cYDK2gQiKMPfbYI95e0UjSESKuhP+3f/u3UXFR8XGcjhIdcdKAMIE/cUWM0Egz2ZA5QzQi5APXZdy4F1yoPHlTSlgM8WNyNMfZMo+THXH9zW9+E3xooA444ICIL/lL+MSRCal0auFDWBwnHQwZ5Dxx5VoaWe4BL97K82aO/+HPWHEaBNLLW0aO0zFiZTniyyRZhsa1j1/GM/c0Dtdff31YKWCNCKVRovNCvhA28aDDdeOyOVT4Jz40DpRT2NJYMJmctDzxxBPBKcs0DQrlg8b7kEMOCSHLuXwOMh65p/Nz1113BT/KIY0VaWMiNvl38MEHR95RLhGzlDmYwRxRQUeTjitim/iShzR68CYdpA+WY8aMic4FZQ2exJGO1uhlwpKyAUPiTtqY/I0AJy6kmfhkJ5z7cI/ssCLI4Zd1AP75n44dQ0D4P+eL8exR1hjuSVkkDMo2DIgTZQlWPHvMyUpmHKNO4XlAtBFf4gkLyg0MYEF+shIh5akzR3nnWadsk7dcR9qJJy8SpkyZEmHzrPMM0BkjXjjKLGPisQ4jjtPBB0eaeO4vv/zy4E98uAeCkjfPxBnH80i5QQil2CPPyCNeEtDJIz4wJb7EBc4IA+IKf+JKmKS1o/JFnHKjHJBv+RySZsoMApnwSA9DZygLlAueD+5HmaeTBi/yk3hRNphQToeK+1L/YfHjpQX3o2ySv8SRDvbyxAr5l/VuvtAgDDpqvNQgL2EGd3gRV8pBCll4UHYoRyygQpnluUtHWKQn40dZqR4jruQtjDtznCc9PG9YCbjflVdeGWUQBtQZiDjCJZ74oUNJ3sGdlxbM54Q5x8hX6hPCyWeBe1MmeP7Jg0wHfnkmKUMIzHxeYcL1sIMbHDkHF/KJeFCeYEgdkkKZOHJv7sXzRhsDA/KRfObeyY+w+A0zrklHGMQL9jwfsCDelHvKKXnO846oJf34Z4MhXLg3zzXPPc8SDLPu4B75nFP+iBvnqMNgwjPHtVkvZJza77kmHXGjraTeoAwRJs8lzxnlmDKN4xrChSt5Tf1PeaNsEX/uTbp4RqkX8QtrnnUcYZImhsby8gy2OWSXNNN20T6RF/CmDsMPL/Mof2zkNfGgzaUdgjv3ps0hTjCnDuUY+UWbB0P8VdMcEfKPBFaQQFOKFR5cHiIqKyp3KjgclVq1YuEh46HKyi8rLhq6Cy64IBpgrBfZqK8g67bLuSdxwWXcOEZ8cNwvK4cf/vCH0fDRwaBiopKhomT4DSuZHXrooRFPGkcqMhr8b37zm3GOFcaopPHHCmkf/ehHo9PFPan8TjvttKiM6RDhD0eFyBtzho38+7//e1hK4ELFyqppsDnxxBMjHsSXSo0KmIaKjWNscKbjQsNFg0njiBWChpIGgft/9atfjftToVJJU2nSEBJXHOypdKnQTz/99Fj0gPTDgsYPhnBjS0dHkXvQ+WOcMJ0eKlIc/kYvawCzM0DjSRh0IGBE55oKnOGBOO5LPCkLNHTEH8Y0VlTUNNjHH398hMtxwqPB+PrXvx4dnDwXgXXwh3jQ4WXiJ50pJtfSwFBuyQO4YqkibDqedMQQqXS+KR+IE9IDN8owHXg6nMQbkQb/PEZ4+KMx4e0a6c5yn1Ej37gH+Uw5QESSb9wPNuQv13GMtNLZxB/5R0eOTh33pMPCm234n3zyyfFGG6sRcTvzzDOjzCOSST8dBjqjiBYaYIaY0NGhY0oDyipzpIdOVnaauQZRSMPM23JYcG/KGfFH6GWDSXxhQOeFzgzxozMHN/g+vawjhRCjIee5IO+JB78JB96kh4aY44SXHY4zzjgj4sj9KWOUI4Qeopd7cA1lhQ4BjmeivSNfsQQQtz333DPylA4DaaNTy8pldGTIO+5L5wVuPAekhXJTrdOIHxvHyE+uoexmZy/rMp5LmOGP8wyZIr2UDe5B55F7sOgHZYnrqAcQfOQrHRnuT/g8I3TmuB91DuFmHPLZ5H/OEwYdxR/96EfxQghhgogmfliOyAvuzf/EhXjx7HP/T37yk2ExRijjj3JDfsOAcMgzOmZ0iClP1CVYmFP4UO8QB1zGK/MDvtRt5AVpzOWteRYJiw7mSSedFC+HKMuUb+pIOJDHlE24wZLyCZvPfe5zwY544SjHPEfUTZynPqczTH5Tb5NG4pVxzLjlPuMMS+o/Oqk4yjp5BS9+J2PqLeop6kQ6+qSLF0jk/T777BOMuZ7yDUvOcS3x4h7kKXUBLygQ61kf0lGFFVx52US8YU0ZznJEGLxI4/60HYhg6oy/+Zu/CVELE9JJmihPP/vZz6LNJg3EgZeFlE3qAuo/ngGEKc9SlneuZyPviBtxoq7CP3vuzXn6Avgh3fCh/HGOeoFnifykvmEFNcoRbLkH/okH+UU5J87cB1bkGfU19Q/HSQfXdOTog5Am/MCBuou84xhliHYEblnnppjjeaS8UM+QR4gT6iDEAnUM+2OPPTbqLNJM+SZelFfuRbsOcwQbeZQCiTLKcfKUe5F3tEHkP/0INtL79LK6kWeb54mXEYTJ83b22WdH/UT+co9sr+BIn4I2G7+w1kmgrwg0pVgBDpUTFRYu385k5ciD1N5l40rFkpUJnU0q3Y78t7++N/8TLg07rho3KksqQSpSGmIqDzruVOT4o0Gm40hjgoUD6w+VDpUDlTsVHI0rlR/HaEh5O0wDNXpZJ43jNJbcn4qbBpdKkLCpuOgMUJllxU38aAwJg4Z4z2WdKgQDDj6co6NGRU58CYc00MBQufEG/sMf/nD5xCc+EQ0756hYqYSpcKmU6aRTedPhpGOJf/KPipwGHT907KhQCZMGuKN8oZODWDnqqKOi80MDTaNDHGlMuAcNVb6BpINB/OgUc4yGOTlThgiP8zCl40Z66TjDizjRSODgzDk6qN/+9rcj7zjeURw5jqPMUd7gRYeXN2uEQ+NHhU/e0KDScaITyDHiTt7ztot70ejR+NDYwo5OHPlEAw03Gh14Ew4db4QF13HP9o7yRvi8YaMDRsedjfApN5QTGj3iAWOWCSaOdAh5q06YhEEjR+NKGaas0JGn805jhjWPTjjlmXJMmvHPW12eU+JHI0icacjpuJIuyhfnCR9BSMcI4cWkeeLKvYkjPDkPWxz8yUPyDLZwoDzgKKsIPtJMWsh3yixpIUw6FpQ1eNORJs9xcCVOlAk6bJQLriWO3I/nEr9MruXeWbfExe3+cA3lHa6UeZ4rnneeCzpJiFmeQ47xrNNRJG8pqyxqACeuJf3VskbZpUyQHjocPPMsM0vHo3oNceNankfSTZxJH50hyhLXUjbhQT7ReeU8dQ75Bx+eyyuuuCKsjZQNwqBcVuNE3Pgf9gg60kY86ICxEV86RKSPZ5Rni7qIjixlg7jxQoU8p0zTuUshQXninqQBP2nN4tmmHqO8U89y/84c5QrmdOioWyifiHI6f9Qh7CkHlGlYUJ7Jf+onmPJ8UqdyD7hRnii/lGfKBs8Q8aT803nkJRNxJS3Uzwhz4otfuHTmqMd43ogHZYM8oSxgSacu4nrCoT4jT5h4zwsAygLp+3//7/+11e/4Jf956cDLDOoZrJ48K+QX+//8z/+MfM3J9KQDYUWeUM/gSDNxhj/5yznqbsos8SJvEIHkGeURXtn+UC45h6XthBNOiOeR8KirWGqc/M+0ca9qGc9745/njfaN63geEMDUXfCCL9dlGSQ/yS+eNeoExAd5BlPiRhtKmPAlbpRpnk2O0/7RWec5wA/1T4ZPfDpyMKF846hzKD88y5QvysMPfvCDaK9pZygvcKRc0A7zshLxQdoQhqOX1XHkI2lAjPKcfexjH4u2h/yjvOOfckk7wnkc9Rx1MWUQ5pR34s8e9qx+Shx5IcDzCKt8sQhbOPFcwgkmlLFTTz018ob8Jh288COe1Ol537i5fyTQBwSaUqxkxcCeiis71jycHbns2OCfxoo3NLxh56HloeM4Hd2s8DoKo6fHsuLkocfxfzrulXFlz/+kI+PJngqQBoJOPpUpFQku39jRuGb66dju+edOIxUiHS82wqCB4955T66ho0CjxG8qPOLAns4ilRZxYeOe8KHRo5NIA0VFmOFxLgUj96ejgSM8GhE6cnR0uA/H+I1Vhc4jnSAqVn5zbzYqchoU4l3lFYEu+0MaYEODQKXJm3waYoZ70eGiYqYBoNNNhco96fjR8aRzTUOK6MMfDr6jlzUOvD2iIqZjMObP4owGigaBtFfjQpqJB5y6cqQJy8kJyxpp9qSZDhoNER17OoWZzzQY/A8zOv90FGCBIx3kGZ0I4sh5OuUchy15QBroYNHYEt9qnKvxhB15SwOWb1VJMw0/XEgX18KJTh3CJjvphEPaaYTpIFEuKV+kh44eG/EhHTTG3IsyReeNckuHiI5NdhboLMGfTh/+cZRLyjZ8eKsIg3wuCAeO5BtpZyM+hEf+08mj85Mu85fjxJV404kkrcSbDi5hUh8gXNIRLvlCXOiww4Fj5D3xJY9gTecbTrjOeHMNaaaDzUaYPAf4hxXlk9+UM/KVOHGc36SrvcMvaSY+5BWdVPKT55M9aeQ452GKf55FhA+WNPKB55oyQyeEMs4zzTGEIyKDcku4CFXOkxeEjwiBM50m+FUd92GjjFNmKIdYiClblAPC5/kjbcSL8k2njfykMw4b7sl5GHCO/ONZzjqEdHMP0pe/8QvjvD9x4nd7xzHCJP6I5RS38IAPz2WWQTqb5Bl5QNjED3aZN/Ci7qKcw5mN63lLz56OL53HfJZ4rhCF8CQMjnfkMk8pU/jj/yzfWTeTDvKCMP5/e3cWqtlRtQ/8fH7/W0HwThFOFC+cRyLOrThPUYxDNEILohciBlQMCObzKiKCQY1GnCImxHmO89BOqDgrDjhgUBzQW73/v79KP0n1zvuePm93n2Mn/RTsd+9dw1qrnlpVtVbV3vvlLBgzY5TDWLvcsBoj4K+OnKQsztm54BTKgw68pRsL8Nld6TY+MDd/qHtkhYXy6mccYjRz5PHGFyYWEYxLcEz7yEtv9Be8zRH0S38klzrC1nitD6TcjI84/PVDuOiz9CX1RoMM6kR/8CCr/HhpTwY++czH6qgfmjvEw9D4Sg+MNegYy8wv0uQXtykoR1cFdbSQRj746WceKYYbHnQBLf3EnGO+1m+V0xe0ibC7aguOGRmkcXzVnW6k/eZrMqg3nvCKPHDh/Jj/lNfH8XGYM8SZ6+S3AOoxVPqj38qj7sZgchkvyKsPLfv/ELo/ReA0ELhNOis6o5ABJGcDU66DWQwdg5jJxCoLJ+XIyrhmdGRCkI6uY0kjtLY5o4F2JkDXDsEEQC738hms3KdeBlKDpbImASEyGXxMkhlU0TKQKcPQYHgZ9MU7DNipJxoGHUaDgcckZSBUd0YTx0E6g0eAJxkNuNJMkpkUpClDTmeDpZB6pq7B1L2dGcYkB8wqMF4mS8aMgZe84hiIwrItQks91Nnq2hvf+MbRrowL9A2mVtVM1AKZrdAqi4+Aj4BODJg8A23SNHCrD4M1jo286mDCgZf7kwV8yAF/q/F2jdQdTbQM+HBMEOdAO/HRE7rAECBvViLnvCYVBgD8hFmfQh9NE5DHGzwW4FEdxoRVZpilrPzy0iOy0rcEdUr7MWRNpowb/Bj8dGFuNxiaKNFhGGYSRU893TsrI8CXUaFu6iO4Dk35M1Gm/mkv/WjZLuGhPtpNWRO6soJ01+RL2dCTH+Z0CO3klw8NcfCIHCPD4ocT6tEYeRkN9N9jM/qfvkQudQuN4BD5co5sy3P0A/3ImDJoMUa0Y/RDeenaWp9LXvXXjmSir+rMsDOuGEO0OVmdBeUiS6osjuNqxRodWMNSgBPjWr8ls/5FPo+g2VmSroz+q7w+m7FTebxyuEdDuvGDM6N+62SSVyA745b82pWDrG054vR4Lisv2ckEC8axfkdeOME08pJZHOOe3soHL+kCusYddMS53ytId6S/6z/knQPsjH36LP3CWz1gxgiGjTqRTZx+GceC7OGhP1rNt/BjzCW7Pkd++eb2pe+MWjhzHDhjxja6JZBDPfGGU9pK+xiXjTupvzwccfqnLrvHnaQlNmigFXrSlaW7M57ySdMOsKJnaKIvcFb0DXhIR8+8qi/SeXMbvVM/Yx3d52zAIlgNQht+8CWXvJwyWNAfcXg6C/gK7s3TdBB/eKpT+oo8wc/4TK/M2fSSExonOfTgql76KtronLdyNuK4uLZAg9+11147xnzznAUMCw/Jx3HjsJBZm3Em6Q5HyyGe0213Bv4NReBMInCzJXQmqf6XaenIgk6q41qJFTJoJV3HzUBhi9rWuc5p+zMDWfIqn7zonm4wcBlMMqhmIMrgh6/DQGEwFVKGHOol3QAluJZukDW4GiDRl5fDwPA0aZt4rHoZDE04u6tBmwzyoWFQNEF5n8Sz4gZLk4zVLxOe51wNtuGpnAM/5YNN5MlkKk/KOJPNkTqJiwwmKhMtviZl+dTTGf2Zh3IJeCaom1UvOzW2rq1mosVY9qhXJgs4GvDxlibMdLQLA4Y+MKrVRxlYGrDhHbmdHeRTB/K6d94U0OKkGPi185EjR4ZsDDJ4z4N+sDJ5kX8OJiIGiAmU4SFPAv7q4UCDTOuCenNErTrSO6toJmwrvvQlj66oHyzJZ5I3AQvBjS4wvK38mcTsmOyu9EwZejTz164x9BgBys60ZkNMOZhb/aMbMFaf5CeXejN453LSU2/Gj7qlHJrkgp82di8tdUGHTHQjZfAhMx0zwcPHKiTjXRuQLauYkc15XdCOMLTjRw8Zd4xBeOvHCXiTk0EQOaRFzuRbFycPmchLF1IGHfVLnUNjjpfXEQzIypDxuBBa8kqHiUB+vNBM3Ew3WOOr72hzAS3t4phDnBfGIkzQx0/b6xuc18ggHn19E13XHA5jGENT+qaAP9raGS8LNTESxaM1B/kd6/DTpvoavuSj43mMzKozfGZZyO/YT0hb5axdch2aMLQ7xDG0AAcP7ZZdfPdZVDE3iKf7ZBZCxzVHzPgnDp/wkzaHpM1toUzuYSWIm+lziMjGadJWdF9eRjA59bOMdXO58J7jgmPaJvycpWmryJPyzmQXIpt8cLFjaK7Me3TaUZ58aIXc+vkswyC0+Ald0VnUiyzmk/BPMX2cU6n+yScP2QXp9FRa9D3jgj4XrINH5OPIKCOPfqW91Ymj4xHtt73tbWOhxDzncUw7oN45ZBNpd7Knv9ExTjB66gATDhynlizhmTr1XAROF4HbjLOSjqyT6Ng6okHWBG1yWBcyiDA2PP6ls1nJM0llUEPLKicj0IQn3gDhjPapBHwjr4FFx+ckGDiWQT0Yg/MAJB8ZpRkwhcibgTr0yWq1g9HpcSjOigmADPDJQKmca7JwFAzWVlIYnOIZnZ5Tt2KHr7jgZzK3ogZnaQnS0VsaLdINcg55QoshyRFiBBswDZIpK586MQAMjmQ/WZDHLoNngjkt2tBqn1WkBPLB0kTJwJ4DuQRywsekCXsTBTzI5H6ug3syx8lAI20303atbTyCRjYyeFxPnRm86MQgllfd08baHM5p48TLZzKBn5XK4CtewI8RxzAJrjemnPhLz7Uzg4dz4WXva665ZtTj6NGjNxl1jEd1iw6qq4Ph4blujpj3vkz46mOyzAp3OOpDnDS6I38wT91mOaMDJkMheXItr37EwGIIyz8H6eRwpAwacDEZK6su4aNu5AqfxMPeWKG99CvvKHkGnfwMRE6yvjLLPssxX3O+PHtusUTfpK8woQNoBw911icYMDHYQ4d8y7omLWd1iR6mPqm7/pQ0+WFBv/U1upJAn+iPeumnsAqt8HdP5sSnbM4Zj+Whqw7X+M9l0CPXDatHTvQP45Dd0SMrZ54OSePkczK1UeTXN+ml/qxvy6sfnSyoM16evXc2RnAsyGH8tHs8B2OBusRInNOUIQ+a6gY3+kg/xEtPXV3vNyiTgw4y9I0bqb809PDk0NMrctvl8EgiOeyuywcT7Qg/bc05IF+wmtsj8iq3KcijjL6FjjZwTojcoZF7Y4x3isgVeY3T2ZH1yBTHdD+BTsB8xhQf9/Ayv8z9e6YZucTBD250yeOI+mRkQCuHvOrrPnzELUPyiKcv6Cc/ebQDGoJz9CXjnHhlElzLgwYdN25lnnWOjqmvegvKGH+d8cjY5B7exnv8LJpxUiycGG/ogw8P0DW7YMZKfM1Tyhhrwy/yoCe4d+CX+uV+ZOhPEdgCgVtax1sUPpuy6rxCOoUBwkRrQjGgC+s6ig5pMjT5eNzAwM8gEAx8jEkvS9ratGpgcrUDY9L2rPLu7u5NPEehff6Q00BhQCeXDp9BS12k4y8YINzL51AnBqUy82CUAUi8+jsMuBwxNLw8aCBBQ151zQCmjGDAF+fxL4fJzMBt0veYBCzJnUGPXHBmvFiVj3EjHQ/xsDVZp154qQOjC57kFNxb8YG5ycpAKE5AzwSsLgwJjgh6aJFhGYKTidALgba3d1dt5UtmBnRBWXgwEjlmVlPhJB0/AQ+TOVzgB29p4tVPXvzRMthzFNCAYeIHocUP+eDKGbBCZeD37oQyDNg4Avgm4CGgjYcQOeEJE0YawzeGFj6C1VOTELk5o6E1Eo//kJ+RTLe1m90Czp3Vzne84x3DOPTCrjbBl2zkDZ7IkMsqMhnswpnsyUbP6bN0ZWZdVZ48kRVt147UX5xynEDODUNe3xXnEOSnZzAgY3ios/J0Of0i+fGls/Q6bSk/mvRWvPTdle5EPnQ5g96ZUd5jW3SH/jMKvYvhURP5I9sQ8PhPDCpnCyFehKZbdvwYRfpsME07kUm7wDF9Av1NPMIv6YyiOBfihJR3PcsJK7pJZ8IfbnCgI1acOTLoJZDvhpWRT0aLK5Ex6ZGD8YOOe/1Kn9ZexrM5SMfD45ee6ccrq7fkMm7gpT/GWFcHmIonpzLG7KXxlDrhh49Ab7yj4D0txqndRW1hNTn6iX7yO+daedfRWzrrYCzSfTIaP92rU8Z8ZciCbvB3H1roCuvkFadN6Ce6Av6CdvDpeXrpC5Ae58E/zqdy7p3hTs+1g/YQL6BFz8lilV99Uka6+GWAkzFIOWX0t9TLOf0xcqLB0Laqb9wxBmsH6Xk0zbgoz35C+jlsHO4jJ9500gGvyBK68kdWaepBT40x6NCx0CKf/NoRLmnj0Fqe4Rx+eLtXXpixcI+HdOOcc0LyuydnDnLpU7AnJ/yMsfLb9Ulfc298Ioc+kqCMdpKPY2gcygciLOJ68d6YZs7Qp4KpeqPPaSEL+pFJHRzyRu5g5xwsIkPPRWA/CNzcG/aT+yzNo8M7dARnExnDzBeDTFwMJ4aXiYuho1PJa0C86qqrxmcod1fGiHLSMoDokAZQBrQBUxmGpJV6g5gJ/dJLL90aFfQN5p7/zLawRw/OWz076jAAxejETxqD2mShLLlNRAYZg3wGJ2lkEsfhMmkZ8BhEDGKrJgxd9fL4ChrSPe7DETFQKf/Wt751DIC2vw3aBjn5yARPE5x7g5GzQdtEBz/yMm4T8HKQxSBp8IIjPsqJY3zA3aBvFV67mWzRNtGaTL3T4VEZcbat1dWRwTD8ckbPwdhmMGfQVXYOJoUjq9VaBpG2tlprYBbQ187iGC4GbfzICQOPanE2OFUmC7tRvqKkPnYXGO0w3SSj9oObNnHWRvA7duzY0F/t7XlkExyDC14MDjgzaBPUk85w4mDF0dtd6bM2ZSjJb1ufHtg5hOG6YDKiE/TSo2To4cuJYpxbWdPmQvBVBxgxUOmHdHUQBwf1IgPe3gdDQ3+Spj6wcdCJ0M01XZMfLxOcMyzolwUE/Zps6JGdo6ieMCOvunC6tDG5yBpag9nqB28TNcMWtnRVHjLgKV57W1kU6IQ0/cvqowmbk5E8xgn0NmE8iByno/6wpjdeIqZT5EQblmRJIKc21r4CGQWyOKQnbiQsfhgx6WdpQ2W0TbBNEfEwU3c0HfjCEv4wtttgB4nxR7/SF4wXjsjlrHzu0bArpU/RE48p6fMWfmCoL9jhdK3++pd21PfIJHDkYa9OcNYXjCN4CDnTCeOs8nRJeXqhfsmXMQTmHGBtoQ2NeQKdirEOp7SrMdeR+oXeKLT6mdsCdnQWTbJwDLyUbMwQ0CGfdlGOfOQSIqvr0MRTunq7zr0zHNRDXzPnOegV2aXBhDx0CW07Gxxr84FdJYav8Sw6wTG10GMsObIaJ9VfucgZmZzJrx7KqmsMaPfaMvVTF4G80gRjTT5aQAfMdxZc6EvyjIx7/ODnUEcHmfAQXNN1uAXbmZQ4fORzGO/VwcIZh9nCizEAPenGah9RYKzDRtymQJb0OXOzcShyafukpTyM6Ye5i30gXb7IDUs03bNpyEp27cJ51W+1g3jtjJc0eu0sRF509TH92CKLBdvzVjaIttDuHHjtgQ559H/jFh3mzGi36LF89MiYTI/IROfwCl8yz/epc89F4GQIrLdaTlbqLEun/Ol8BgKGrcHawKDjmKTdmxRjWOrAJiGdSyfWAQ1Mc9DRdE7P6huo8DCJ6tiZtOb8+70mI+ONE2JwMYkyyjxqYyXMIONLIL7lT06TjzSrfQwqK7Eme4MWI9yAYwfBAGVgNeHKxwkxADE4DXoMcgMsh81gsrsyaBnV3k1hnJrI8TMQWymGB7zUOwMqHHyAII+rZDD3mAYjwovZVspMMtqBYWOA4jwa4Azu5CQLPgKZDJCwVg8TJGP0LW95yzBmDJTkRxM+Bkg0M7lswl0eNK3IesyAUWniTlnltKPJ2n8o+O+aN7/5zeNRHsYFDMnPMOK4KStoMyt+nBHtYtDGB055/EGaVVr1NUmuC/QI5mQwMdAJ+hUjzCNFdjQYHHSXHIwdfPz5GWMFFtqEAWInzMvxdpJ8ohRvEwm8GZQmIv1BGwvoLAPesFcP726pq/bQVxiZ2kIgO/omOjLSUbzoG3kEzrG+515dYALT4KatOWQwZpyrmzqqL52OQ40u/TGBw5nDycjVP2DA4NIXGJZkZ3hqY20DTw4v/dEvOE/oal91cI+WNLQ5D4xtbaZPcnxMwvTcBG7SZShoK58VjU4wEPRb5cjL0DG5u14GNIwtDvhEBn0NLxhwzF3Dl0OkndGEpcUKzoJ21R5w4bCtC9oYFvoifdSG4uid+hsj6QbMYAkDWJILfYsKDgEfOka/LNjQe/LA/YbVYgTDic6gi0cOZXOtvY1j8uuTxhmfMDcOKadunJh82pW+kIf+0SftQZe0hzHbGGAcpYsMXNhqA/HqYzxUR3E+FKEOcyCX/mB8c+Bn0YKcytvJxUt5mNMn44W2kVcZ18Z0bUEm9/oRnYardjW+eRwLdvQWX/pBB9Cnk3TQOMrZtcihnHrMIfehT3fwVAdpzvRT+9Ff7a7+MIyBib75g26aC+DG2bRARGZ9GG/1Y6zSR46DugvqhB7Z6Vba1r1FCnpjPIqssDGeiCerfIJy+PmPFbz0U31MoAPaUhnzY2iNxA0/8jjUhW6iST66jid8MzbgnUDnyKUfaHMY0kXtpf2976k82egB7OFCdrTJqcxMM7Sd0dce8igTHu5dZ26FqTh10OeN5dpOOxqXLA5oO/XTJjC2sGZsiM5nXNMn9QtzvzEcX86oesKEzhlT5Tf+Gh/Ro3fmWf0646/xUNub94+tFtLQRY99oW2Mv/AxJxnb6TqbCk3jsaDs7sreiK6MyP4UgS0Q+N//W4Ut8p/VWXVyHd8AYGI3cerMVuV0QJ3OIGxwSXAvD0POCnwef3LtYFDpaDFGdVoDhgF9+SJzaJ7srGMbNHRohhf6VmdMHiZCAw9DnvEjXZq8JhYDv4HcpGvwVGf5GSEMPAObupKPAWPFWz0MaAZWEyRcrGQyXA1W4mAkD6PLYVBHl6wGUROgM8OVgUEWg092I/DkFJhcYAp/Exe8yIkHw44RoI1M/BwmaWRHzwRhcFVfbYW3OjHm1ceL/9pHWwh7DXwG/RyMYAaEb+LjOZdzrZ7qIu2GlRGVScu1CU/7MLC0O5raSV2UVV9yoqGtTOraBJ6MbnVzvwzKqhee6JkA0dAG+JkAIr+8dFqbaBtYJ2hfNOi0iWN3VQ+Y0y9t5lAGTR8ZkC6g6ZgDfupuZTvtbGIUh4/Vf+2kPiY2/Biy2ggftDlVdBUm2tkhL71WJ7pBPjToiDoxqLQPmRm8DE94cID0A/Qdyqu7cnhIY5TIR2Y88aIfdNukSe/gzGiVj0EJS3nIf2w1+TIe8ZePvGQlH+Neuj6nbeggvuqKt2fsTfgmaPk4FpwMus2YoMP0HS3Yzni71mZkYUTesNK1OFOpAwOHsUImxot6M/oY7AwgxgDa+jW51gV9liz6KSNfWTqt7voxh4EjQB7Y02uYMjyU0ybStJt0fGDFeJIPDbJL49DDiL6pm3KOBNcwNq5lHCBLnEL9lLwMJoYr/OieujKOoiPKw0J7yw9DBpk2J597Yw/dNFZqL/1QH1g6dbOM8mtXGKkbueiq+uAdXdRf1Z+DBR+6qf7GL3pmd1VbSqNvxlj1dU0uehIHhU7SfxgaS7SnfOquLeA1Y0gnGJHajX7SD20JB3Iao+CCJoeabuGhTvLCUt9WF+OGvqZPw0wZC0dkY8Ay1DlD2vXIaldFHnpuocm4wOil1/jChI4xYPGFiXozevUHDgl9EtRPG5Kb7llUUJaM+jH+9E/fIhMdgJ+2mLGIXuWs/ey24q9vkD/zmAUJj3vrP3QZtuYa9cgngumYNtxdjWPS4oiTQ3uTS/92kMkXK81HygiRTX+NXulz6qfNtBHM4GX+1g7wggsddeBp3KLH5EQHRuhIpz8cXu2qTfzHivnS+KTPaXv1SJ+ixxxTByeDjml3Z22kH6mX9xLprLKw0x4cMnOa9pfPQS7l6IX88DP+yav/6rfmPm3FOXrTm9402oQukJN+Z2xIu/VcBPaDwP+sBpsbl1n3k/tWkEd1dFiDQgYPYovXSebBXx559wpozGXk1VmVZVSguW1YJ6M4g5FOLhhMEqQJ0vDFn1yuDZrSTcLODKsE92R3qKdDOXKbXNybUAVx0gyq6Aru5yDeJGeiZBi8/OUvHwOuwZSxkMnHQG8yMmjPAT0TFTomDfVQJwOgAZ8MArnV38RqshFv8saD3NKXss18XOMhn8ndY22w9che6jm3GxzkZSDfsDIa5E0wsZjM1c1Am6BueUREPRgJDGl8DeImHRio78wr5Z3lNYExhNQVFiZRvNA0mZFFnd3jSQaykll+Exve8BAvP50wWdGFYG7ig3PKr8NPecajtjFpaWs8GfwMYgYZngnwUldtRUY6qN5kM6nCBz98ow/qqk3ppHjto+4mP9ccEk4vGtrCRC4Njr5CZZKXhjejRLr6osWgVy+ymxxNrrBRJ5OveE6KOkmXnxHCEBDUX34LF+phlRuO6kD3xMOAnIwizgpdp7uwIpe2doYJZ9WOHeyFGXO8BFgwIuCID2d1d2UsMQz1RXiRlQFAL8ir3tqWjJxDBid8ZvqD+OqH3shvZxlO6sEZo9Nkhp889MbCgYUbuMdIVAZf8YwN2KEnPY4MzKSRI7oY/uvO9F5ZvNURBvDAhz6TT9vBkuFEdnnpEB50hLyMcLpKJzkj8Mafg8LYJiM90c50R53pKZyXAT14MNbVTxvSQwcaDDp0gx29oE/woQ92guimXW9tRA40yezLaWSmEwxf9SG39qIb8kiDQRaUjCUZ7+bxQ59i/KNDBuOHMYNeWnknH93Bg46SmZ5oH9iqIwcTZnZULFzBXR+gz3EYYWSBwu6CPGTRBurHUNZ+MDI2+JgEjI+tHBn9jNMAZ86hdvGOJ0zpqIMcdrmkafvXv/71Qy54ZT6iI+oNXxhddtllY9EN3RmPuR3VlYGsP5mTjPUWFGFJH8hNf+HOqGaEays40TP1MYbZ0eAwaw86pM76p3u89Xn9AQ24LPsdHvKKZ8hbDNGn1Ek8eXx4RN/WTrCmQ+7h6V04eeRVD+3N2eJsZnwlJ/n1WXNUZIAfnllsgKmxFl3ziTpmUVK7Gz/UEWbwU158dNcCHx6wJA990xeiX/RRmjGKPpGJjOqk3T0dAY9LLrlkpJGFY9VQBLZF4DbnrGwLwK05v8Evg6/Bat0kvN/6GYhMZJdffvmYnPwp5jLgZ1C3omfit1JvUFMWf0cGZIM6eeaJRT4HmQX53StjEIv8iRMfmvKjlcP9XiF8TOpXXHHF2JUxcQnr5DKIK4N+5HLvmMtIE1IHMgop45w2SX1yHhmnH/lSx/BSngzh6xyeU9FxqTzasBPkFZcyzg70BHk30RoZVj8pTy6YCMqlDqGBrvTQU8510pV3pJy0xEUm98oJkTH0ck4Z95nklJE/aehJF+cI/dCQX97kc5384tzPYVmHpIU2A9vqJsPQbpP8jK5gwFi0eq4/+aADQw4P5ZcBfwZAsEwd5JOW+KVM0gRt71Au9R0Jx3/wRYMxRD7G4rwKq/8KjBQ0rbo6B5M4yYzbGPrS0BLwDJZkiJwjccNP6DuTbaaV+ocmEgx5GDGKyI6HQHbl3Yd3+ItXJ+XUmeyCfOkvI+L4T2RCk3PizOHAU0gbBe/gk/zow4jBpz4cWA6lcoxbBqBALvQd8olXLvTQSXuSFQ6pLxnRZNTSMemCsq457Jxx+fGlk/KrPwMSXfdkVC9xwQUNTgY9iSzoqQd64jgOaJLJvbzocLbUQZr6SVc3fJXl5OAtXwIjn6x2P7zQzSmCd3BRTn0Z2Harjh49Oozd0Ayd+Yxn8LHAQTZOHHnUWVuRg9EvjdNER9QDfvgJ+oB2iQwWO9RdOlpkgI2z+2UgB3wceMJVPxLCAxawIi9nI3qEJ2zIJy+5pFnQsYshqFMWn9KXySF/+KpvsESDDqoD2fBWLvTFqyO9ygKZuhm3HGQRQp/c9I8DalEKplnM0ob4kYczbxx0b7FFvVzj3VAEtkWgzsq2iJ0l+TNwGJwMAO4NGqca0LEi40VCKy+2l60UmlAMTgYzg7qVN/ysjFndkeZeeTJk0DToCu4dgvTI7aycYAAle+7nfHPZpOc8Ck8/ZDCoW/kxmJqIrJoZqF/zmteMRwmCV+gqPvNzH9kja+qQ81wmZUNvvo+cOSs3h2AmTnn3Sx7Jv6QBs/CMvPJqj9AgyxzQSJk5fr5OncW5lj90XM80wkveyB45cy8t8pAZreRxLc596IpTdr4XFxrouXfkOvTcJ1/yuE/eXDsv5ZvzSw/tZRlGgGf7r7vuup1XvepVo7+ErzNMrHh7VMS1VXX6h/4sp7wJMIg8zoI2De9gJD75kjbnjdziElKvYJD4OW+u0Q6vxCnnOnIt4907widyh8+mMz7CknbowMoRuZ2XMix5o6dM5An9lHWWPvcXeRKkOxJyj54y+C/TQyt5lY1ckTdxoes803FPrlkP0BCXNOfwSFl5liF5pLkmX/LnnLS5rLRgl3jyJ2/S57PrWYb5PtfODgH93Lu2m2NxzHzjs/p2z5NHfnkZw/7/w86YR7IZ9vKsC9Ep5cg1y55757ldQic0I5+zkPjkm8+b0iJH8s75Ilv4yBPZXCd+llE6GklLGXm070wfb/mil6Ep75wv8fKG/qx/0uV3SE9+eSLvUp7QmvOLE9AxHjqfjp0yiPXnnETg1K3bcxKus6fSGWB0/jMR0LHiYlKwJexZU48BmBwMdIx/1yYWL5db3REyKM6T4jyYZeCKjPiIy8AmPnHJkzKhPcdn8EvcfDaQ3rDabr/yyiuHwSivOl188cXDYER3ySvl5/jwd56vk9c5aXvJI8/J0mdaMy/lcp88zoK0JTY3ptzcHut4z/SSf90ZFssQeWYaswzKJI+yc1poiZvziA/ukdd55j/zk3++RythpiuPI+mRbS6/lG+mm7KJy1kZE66Vfk6xHUYr2PqJlWUrqB4XoYPK2Hm00qj/hEbknc8zBku5pM14JK/yyzrPNHMdvs7L/MFnzsuQSJnkdz/LIH/SXId2rp1PFqIL8i3rnLKRw31kmPku881py7KbeIRGzqmLc2jMcXDAJ2FOm6+lz5glbS6X65zJmPZNfuc55D5nsswyJV6ZyJm4nKXN18m7jIv8y3j5pS31Wr60QcrkrExC6mjl3Xs/7r2vov5W9O02cFLs4jssilk4o5upU2jNZ3SCR+JnmRIXXVhHS/51Miub/HvlkY8cQniPm+M/ob3pnHKhsa6sOLLMfTX50F1XVlx4zhi5Tr3gEmzCI3RznumgN9OUxz16Oaec8zp55/ReF4G9EKizshc6Z3laBoozJaYVYP9Y6yVxj7BY+bKSzEk5b7Vlbqv3yJEj4/nX8M6ZDPP1XvfyLfMu67ApfVN8+HkR0/PGZLYrZGVbfbL1vK584nKeZVkXd6bS0Z7pb7qe+aWey7jc75dG8i/Pc/k5bV38Mm55P5fP9TLPfD9fJ/9e5zn/fJ0yc9x8nfS9zpvycz449HnfgmPi/Qr588iU57fpnfcrTO7rVjVn3spu4iffnLbpeqa3vE6ZnJO+7X3KOZ+s7Jx30/WSxrp8yzzL+7nMXmlzvk3XKZ/znG+Om6/lme/n67n8Mt8yLfdz+fl6Lj/H5zrn0Jnzz3GbrteVX5d3zrfOKJ7TT1beexn6iPeEOP8cEs6KxQCPatnJ986Qd0jOW80/QvrSOj7iNsWfTJZ16cu4dbSXedzP+ebrZd51aeviluWWPOb0/bTJzMP1fD/TWsbvN2/K5Ryay/vE91wE9oNAHwPbD0rnSJ6ssnhG1kTh5T4GmGdWvcTJUGP0mzCswJxtgw/5rXSb+Dw/TW4vFlr1JuvZJu85ola3qWravfN4ISfFM9v5yILHJD1HzuBigHl5WB+ZVy2rf7cpVWhlThMBfcnL4z5vm50U75qYfzj8vrTlPUPvhulLmXfOxrnnNKFo8SJQBE6CQJ2VkwB0LiXHWdnLsDdhCOtWcP7bWJE/E1pkSZ3ORnkjY8+3HgSW+u+xMI9/eXSFM+9IiO6536tPJX/PReBcQ0B/srDkMWOPUHJWODF2Ujxy7AX/9Dl9SJ/qWH6uaUnrWwRWc+iq89/8AG4RKQJFoAgcAAKGmRgbyLtuKAJFoAgUgSJQBIrAyRC45Zu0JyvR9CJQBG5TCCzXK5b3Z6qyoVtH5UwhWjpFoAgUgSJQBG77CPQF+0NsY8ZaDlvZm4w2eWx9O8t3Jra90XPg6Znfhts+Ah6nSMgz33RKiE7JQydy5F6e6Mmsi5t0Vv79hOg/OrN8oRueaMkbefbqL3vxDQ150A6fvco0rQgUgSJQBIpAETh7EKizTPOU8QAAIElJREFUckhtESPNM+4C40vcYYTwmc812g4D+f8+D22urTkcdM/10nGRRzrHYOkszDUIrTlu22v88YkuLvVwHQ+yCbNs++UbR2u/+ZuvCBSBIlAEikAROLsQqLNyiO3BMGMw5t903XNaZuMt4uTfiLMCnvhtz/knY3TyNa+lgbgtzVtT/hjFvjAD53wZ7NZUh1OVNfrmH4r9O7F/NPbCqk+G+rSzQD+8IO7/DOTxx2z+N8S/OPsSnK9c0Vn6mH8yPhV5onNxRvDVDzgg2kQ8mfKP2njiLR+99UnTUwno5p/MyU8OPHzVLjKdCt2WKQJFoAgUgSJQBA4HgTorh4PzTavbjKdf/epXOz/60Y/GZ08Z0AJDiuHm3peFfP70/PPPH59w9Nlg8YyrbZwXBp8/2/rEJz4xjNTnP//54/OqMRi3qboyCVar97vKnXLO28geXtuc8XDAKavxvtfvCzMOhu9jHvOYYagehixkJw9HiUwww/cgjWT8EjgpP/3pT3d+/OMfD0dE/emE/53Jv0H/7Gc/2/nqV786/lOHnJyZBz7wgeOzoZyX733ve0P3/MHhfe5zn5A+5bO6O9D+1Kc+NRwSf9zJYXnUox61s7u7O9ruL3/5y/jTRe0m/qEPfeiQbVvG6uv/gmAAf06Prww59usARa/wjvzbytH8RaAIFIEiUASKwKkhUGfl1HDbuhSDJ0a+P5GzsvvNb35z549//OP4TKNvylvN5qj4/wZG5je+8Y2dhzzkITsvfOELd/zZIUMXnf0Yu5wbxucvfvGLnS984QtjZfxxj3vc+DfgrYVfFYjB5izsV47k34/Mg/Bp/OAVJ8U1DH7729/ufO5zn9v55S9/Of68jwNol+AgA96RRRv8/Oc/H23r/wKiAwfBP3WGtd0E/2Hw9re/fTgGj3zkI3c4BRxXjrJdEw7x+973vp1vfetbw3h/wAMesPPZz352OCjifFKUY+3PNe90pzuN/zvwL8SnE2Zs/FfJ9ddfP5wITgoHwv8r+IzpD37wg513vetdQ3YON9nve9/7bu3wBgtOlz+f88enHC+7R/txVsibXSDOn//tOV0MTge/li0CRaAIFIEicK4hcHqWx7mG1mnWl+FkddcKtUdbGI2/+93vxkr3y172smHQMox+//vfD2fl05/+9DCyrTq/+MUvHivL+zH6Yyg7+179RRddNB59YaQzlk91VwE9K9WcAM5WHtnZBIv8AoPdIz93uMMdxgr6pvynGx/5susDK44hw/y73/3uwJ3sBx3IkcPjVe9///vHP5ozxg8jaON//etfO5///OeHw3u/+91v52lPe9rQn+985zs7v/71r4deaRdOiTa14/TYxz5254c//OFI+81vfjPaTR67fpyfM4FddOKOd7zjziMe8Yixq6MP0FN9QpuRh75wDjguf/3rX8cjbCm7DYZ0nQPEybjuuuvGn8897GEP23ddyEMOWJLjta997Tbsm7cIFIEiUASKQBE4TQTqrJwmgPstzujJzogyVooZUVZ373KXu4xVayvYDDJG7YMf/ODhEFxxxRXDyHryk588/h07Bht6yyAt8c6Mdo/03POe9xzxWUmWzxGnxfW6Ff/Qyxk/7zfYpbjHPe4x3n1YyrC8V9ajWJ/5zGd2LrjgglHXdXki95ymrLAuLfmSh/z4kI/hy5lSv7vf/e7jkaYPfehD430MDtaSXmiE5vKc/HO+xC3zuk8+OxN2db797W/vvOhFL7qp/aVvKp+ySd8r78xbvuRVlnPhT9bgwgnw7+ra3+Nf9MsOk3dYOCMcB/+87n2Vxz/+8Tv3vve9h84oy5Hg5HIsOM3LEJ6b4telo0sWO00ecbTDgnecFe+uPOhBD9q58MILx+4OHeZsRF/xWkc3Mkib86B75zvfebwTAxu6sS4o50g/ldfigd05jg46cYRn+utoNa4IFIEiUASKQBE4MwjUWTkzOO6bCmOHQeRREi86MwAZb/OqtWuPfTEQPQrDAGdUCvIyorx8zBh2Zkx6vGX+t195Y5jFyER3NuRinMnnWjpeeHgkjVGXMtK9Z/DlL395PFZmJ0g6oxPf2ZDEW1DWuwcf//jHRxnvHZDl9re//VitxyfyKG8V3Sq2lXz1iXyzgXgj5Rt/lQ8ef/7zn3c+9rGPjd2eiy++eGCCv7KwjMG+bjcodY8s8BCUdR0e4iJz0sQtA0fBI0d2cz7ykY8M3OxmaHOPH9lhyovrMMRDnTmrruNEuBcvzvHvf//7phfhyaGNGOGwki7OrgQM//CHP4x3osimTe3i7a4etXr4wx8+2k0ejxvadVJvbYv+E57whNGmHAaGukfDtBmHetkOytFL9NHRhuTVvtEdcglzWXHKBkvn//znP+MRSPKTQ5s95znPGTLgzZkJLfSUwQ9fWArwootzUAZv7S9d2+AdfcXPo5fqOMcFS4/weVTO2aN0HGJ58UF3rtfMt9dFoAgUgSJQBIrAmUGgzsqZwXFfVGZji5HjESXGXULSnRlRHiFiSHlvhfEW49DOBuOTUcewZRgyWq2KO8fBkO5xIGd07DIwbN17pOWf//zniM+qdh4PIo/VbC9iM4jxZcx63+Haa68dK/ZWxD0ydK973Wus1s/1UF4ZzhRj/eqrrx5G4rFjx4ZByGmxcp5AjrwEzrlhWJJ1d2Vce69ir8Co/NOf/jT4XHPNNcMB5LzBweNP5IcnQ5Q8HCIr5Zwb8XjZJbK7ADdxZHf+29/+Nox+GGsPeexSzY/TyTeH1JvjZFcFzgz/D3/4w+P9DzsbnFDGr/eVtAXaaN7tbncbcnpPhBFuh8O7TIxjMnv/iNwcDca9usPHI1weLSSLdqYbdrLQJ48yH/zgB0d70hGBbF//+teHowEb70ehp120rXdG8IMJh5TTYjfGtYAuJ8W7Vfhpf3k5LzCiO3YPxcUJGAVXP+TkCHl5Xl1yDWfyo+mACwePDsOekxe81d+uj0cms4Nk9wge8pGDYyoOfuR2Rp9MyuARGfQBjqRdJ/2JXJxN7eg9HuW8qH/VVVcN3fLInN2e6Erq1nMRKAJFoAgUgSJwZhGos3Jm8dwXtRhcHBbXjKOs+LtnNDI0Pbrk2oouY5ZR5+tN733ve0c5xqzVYkYUx4GB9bznPW8Ym/Iy5hiljHkrwa94xSuGs8Jo9/I1A5Uh67EpTgcDDl+GmfSXvvSl410HBhnj+YbV4zryk8lqNpnxlL4uMBg5OfgpwxFhfOaeESv9ox/96M73v//98ViclW9OgncrOFZ2cBjK8qIBn+AnzjVj9ic/+clwDBjNynrEiOGp3t5/IC8nj9PghW1GqjoxkL1wffTo0SGbeuADU7tIHCn1U2/1ecELXjB2H7RZ5JjrLq864u+l9L///e/jPs4XgxluHBi0vQshD6eJs8Ko1sYM6nwdC187bBwWcRwTjoI256CR9SUveclwbmBCr8iHhiCO47C7cv7w0b5wIoMgP750iWzqwBk4tnIu7b4w/u1WaYc4KzD1TtWXvvSlkZ9TpT5f+cpXhq7K/9znPvcEZxyvtCMeHDXtnZC2JTe+eZ+G06nO5FBO233ta18bL+ejYedFO5JXHTge2hD+Hj2EvfaXV93pAadVv6C/dkvsBt3//vcf74apJ0eJvnOGlIMRXdUGsJFHXEMRKAJFoAgUgSJwsAjUWTlYfNdSZ3AJMXY5CIw8BqY0xrfVagabd1U4K/Iyqq5e7VJwKl796lePFWyGMePeDgbHBA3vRzAqGZ4McrsWVssZYAwsBjyDTroVfsYXZ8WOhwM9K/Gf/OQnx26NfBwHq8m+qhSnyO4FJ0r6MpBXGS92e2eDHL5GZvXaKjk5GIyMdemPfvSjxy4CI5oh7HO6X/ziF3fe/e5377zuda8bBmlW2oMbnoxfRrgdAUboE5/4xB0vUFtRj3HLcWPw/+Mf/xiPZ3EKGL/urZxzCu12wAAP+DPCOVfkUkcvnHuczc6Sd418mWpdII/6MZLhyImCN8PdjgOsOAl4cdrsgMinDdQDbUZ/dgvIbocDHgxwhvlTnvKUcQ3Lyy67bLQ7w9yuAmMdFoxydQhdzoN4vGFBP9C2g8KRoWOwU14bkBV9bSM/XAT6yTHQNldeeeXgc8kllww9ocd2Kzi69MsjZdqB3HOAET216wUbmNhldE0uO10O2HDK4ElX8Hamg75yxoF86lOfunN05WhyJPQB7ckh5Kh6D4ee4a8cx8hBTvw4lOrFKeIg2snEC46cOo6htpCGjnhOIfraoaEIFIEiUASKQBE4eATqrBw8xrfgwNhmNDGGrdoyaBnzHA8GmWsG3bOe9ayxos3ostrMqPW5Y/+Xwohm8AmcAsaY9ySstDM0pSvnsR/GGIMNTbwZ31kJZwRzKOzIiGeU4cMY5SwxdhlnjFg7MHgxXhmTDOu9QgxPhqu6Wbn2no6gPlatGf/ktWOBNhkZkJwrxjw5GNI+3wwbxxzUh+HJkGRoemSO0Q0bdWGQC/gzYDkRPl5gJR19q/QMXLtQHAj1tTPjP0C83xHZ1RUNWKqHe87QuoB3jG/ykQMdRwJjOI6edMavHR7thq8VfPJwJOChDdAlA6Oe06E+ZLADYHcl+eDoscE4kfJyPMiUgB+8BM6JtDxqGB2RHp7aX9vQI1h5j4OM9OjIkSODPn7k5+xpP2WzuxO+OUsjJ9nQjXPtWjxdg5EdEfIkcF70Ac68PBwKjyzqR5xPn+nmTHPe6L48dAYNh3rQEV/X04Z0QF+020ZujqF7jpQdGYf2UTfXHHZhlimy9VwEikARKAJFoAiceQTqrJx5TPdFkRFtJZdjwnBkQDMaGYMMUEYWw94hzsFw4yjY/ZA3hiBjym4BGlevdl6OrR6HYfAyBNGSbqWdMSswCBnrDDLpT3rSk3Z2V6v66DHCGMTyzmWUY/SRQ8h53Ozxg6a8dkviOMiOthVyDovHzWZDGn/Gtfp4bMsjP2Qk69JZCWt8GJkMVfVFYw6MY+92eGeEsY8OHPKOT1buYWw3Ic4Coxjm5IW5/Axc+cmzLsBQGU5fcEpbJT/+iSOv+nO4tCOnxk4PftI8cnT0+GNqrsniXRj4cbaE4OLsSFsnLXKMzMfzL8vMaa5hqC7Kqo8zZ85OHQebbOSNk8O50E4wYtjTL2Fp2Icv+mgIiXPNMeCIcUI4IMprK0F/Ead+8MdfQIvzR+fpmnzoaGs7Qeg75KED3qmRrpw86KsfHU27oOERPby0hbzyRZbBuD9FoAgUgSJQBIrAgSJwokV3oKxKPAgwmqwkc0Ss9Hom35ePGE0Co0i6cwwnRpQVbcYdgyuB4YQew40T41ElX4KSn+HGYHTkuXvlGGUOBjcj1DnGbeihKc8mw0z6yYI85OBEcMzwScgKufTZUUk658LqOAw4DnahrPSTKQH9yKl+6HtsB02GqLyRk8GLD0wEaTMtcfJyBBi7uyvnzao9Azxt4LEhzhBjPA7P0hBHR0ALps6R4caUE3+Tpl1h7SAj+uTDmxODp3pxUnzogNPgsTfOChlyoJe6hfaJHG+UDS00hLmNlUEL7nQzuyNwEThqHh1TlgGvjvihQWe9R8VRUQ4N9Jb00VEvj25FhiWO4a+svGkr7WrnBV0ycS4F13SEXklLm43E4z/h4YyufA60nYX5zFmhT+oIL7xS1+MkeyoCRaAIFIEiUAQOGIE6KwcM8DryjCXGnBVpBh8DjLNht2MZYmAxluxCMMit9grScjC+PCrE6OWAJB0f9HdXxndWuqUx5qxQW3X27L97edFjdJKL4Rb+g+CWP8qSB3+GXxwidNXDo0tk9X7GMihLBmf5Y/DGmJQ/ac54SGNQqou4nNGZjVNp5NoUGMoeofO+UMrJ61od8HKgsy6IhyVnS5lN+VJWunwOgWwxoKWpl0eUfISAg8JZJZ/HxOw6xZEINs7KqcemoIy2F+Sfy7rGX5vBcJZHu3kxXTqd5IRy7ugv+YPNJr7ilYUjR2Upe9LR9T4VGWb5OI8eNfNuDEyuv/764VTJz1HnTNqV5Lh7hC71Qtd1nBq8Z6dfukA22AX36NCNqbfcJUp8z0WgCBSBIlAEisDBILDZmjkYfqV6HAGGU4zB2RhbAiSN4cRg9HgQY9FOwzOe8YwRn/yMfgYbI8zKNqORoeWlfKvhHjXLroIyaHJuGPLeL2BoMtRiNDvj7TwHcduEGK8MR7wSXFu5J6PV63UhRqMdETsLS965l4+DBSM4qIeQ8ni5Tv6k5byMV54BbkeIQ5kgn0MboDfXJ3lyhtuM9xLH5HPm2GhbL6Mvg/p47MrjcN5J4qRcdNFFY7fFp6btNuVRMDIJZEQzO3VLmu7TLvJyOhjxqV+w0jawQEtd1UE57eFafrw5uxyE/YTwcEZXmwmRfb6G89yWytAZzor83nfyRTuyk0N/0i+8R/P0pz99OFDKy4uPQ520q/MyoC/krBwZndU/DtmyXO+LQBEoAkWgCBSBg0OgzsrBYXsLyowgB0MvBjEDiwHIIBKk59p9rhnjHhcTvAysXIxlZawo+2IVxyMvmDPIskvCUAstvK26M5DRiMGIdvjPeRPvLJB/r1X7G3Pd/IuWR3diPLu3Qu7rVF5o9r8iHuPKo09KkoNRCRsv4FsFF4f3HCKvODLJx8AU5IUBrOay4qSRY8ZFGXHy+riAx618zICRKih3w+pldqv63nnY3d0d8csf5WHMcUTP4V55deIkCuLsMEjXDnFuUl4ejzXZPfARAPXyEr6PGzDaleXMKK8+acfc45frpOEpwCr6Iy3p0vB3j4d85OVIudaOnAEfZrAzk8/5ciDmED6Jm9uNTGipr/YVxDkEcnNU1E9QNu3lPjLBQZ/gCMPBC/PedXJkF1Fd4EbuPNInn7pJE8I35xG5+lGH7PzQTXTnPMrP9ynXcxEoAkWgCBSBInDmEKizcuaw3JMSw8bBEGOYe5QrX9vyrL3dBUbh0jCLkaasdxc8msTA9x8gPgXMqPToky9YeemZo+IlbHwEhp3gXQeGJcNOHKPZ7gGD2k6Nl8+TlxEq3oo7Oa2kz/Iz/q1k423XhvHHEFwXGHPKetlcPd2rqxejn/3sZ9/0T+9WyK2GC4xEn5f1Px7k9bUyOGwK6M/GMUNXfWOgqgdj1s4TOqmLMrAjUw5GqZ0pXyF7z3veM+gyztUPTX+kyAH0mNGmEHk4kK5hrS7aiJHs08NowFAbkA0+Hoeb38shE13RPvJKg51P6XqEjyzqpB6cGph5D4pxbrcDTYHBjY98wQkd+QVOgTzkiNMyOwyutbkAH1/TooveXUHXZ7fpgM850x10ye4T0nALT+XFwyRnce7JEJ0lC11Rd0H5pMHShwXe+c53Dgfq0ksvvenxSfUmv35El1NGnEcsxcdZjD6RQ7qzoBw6ApnoEjoOGHNWYU9GOGjHhiJQBIpAESgCReDgEPjf/1uFgyNfyjMCDCJOgM/fetfAn/oxpMUxOhmjdkbiNKSscg6GLqOQ4Wp13zssHBe0vM/gHYmjR4/e9MgUg9SjMgxvhitejEcGp9V6/y9il4YhxvjEm0H2gQ98YPz/CUPNroKdDUaZe4ayx5E4KXijy0gl2zIwQhnAyvg3cM6SR5cY0hwqhjX6nADvJwiMQdc+HcwofeYznzk+PrDEJLzwENSVAwdHhy96qY/H4Pxfh696wVk94aQcZ9EfbJKHQ+a/V5ztzsgLY49gwUh5NBm7F1544fiPjhi8kSVnRi4D2/sl6oAWA149PVaGj/d1OEOw0S6MX7ThSO4YzJHDRxM4AurJebGL5pouiEeDjtgB4fRcvfoqHNm1rTaQrl4epyOHP+LMOx7S8cYTb/d0xs6S91PiqPjAgN04MjLwvTOCvzxkUie6qM7y+MRzdm+CFRnRp7s+sw1T8msPukl+7WcnCX6wtPtC7+HGgeH40WtyqRed4qhrIwes4Yk3vUWPvnPu1JPOqQuZ8PB/NOTHC0bnn3/+TU4j3NUHPXWln/RfPegwzFw3FIEiUASKQBEoAgeDQHdWDgbXW1Bl0DDIGEgMKAaz/w5hTDLWGP2cgb0C44tj4J/o/dcEY1ocGh5LOnLkyPgaU/gwvgS7JoxLhi9DlZPAiLe7wXhlcGUXgAFIDjs0ZCW3NEY8Z8puCEMcbUbnXe9615se71onu7r6vxh50UGT8+MRICvd/tTP7gmD8djqk8t2OuThUPn3en8smEeFlvRjJMqf/1BhkDLk8bCaznDFy+NTZGAcM6LR5Jjtrh7lggfMGNve7fHi+itf+cqBDycLDY8V2SmwmyUdz02BXOjLy6mDtV0ej71ltwFNRjO55iCv9kQfzsr5Q0nY+xqcOA6Dz/oy7Dk74uGsHs6cGO3lEbboAnpoK8/wFp93P/DXFnSQMS9wRM5bvYcCD3nJytkkG5nITXfsFnEQ5GfUe1TK/+LMn4hOOw3Cx3/yIYTHHv/fEnJxssiIjzbjqCpLH9WJztFVddO22lmZYIW0aw6HR8TojndYOBwcN46i8spwOLQ9nSO7d4HUU7vpW/onnMnnTy7zb/ecG58F92lpmDUUgSJQBIpAESgCB4vA/6wm6BuXpg+WT6kfRwDcjK7A7syIZjAxshjF64y7ACi/gwFnxViw68DgZ8ApK53Rxij1yEpW3RmanADGJn7JK12cQxlGa/igg7ZVb3HSGZTOjDWGI5qbgjLqSw6GMCMUvTggZFB/6Qx4uxzyWPnmgMz51vFg5Ar4wMNuDww5YmTzGBsHDB9OISPZY13oqoc4aeqjHsql7tI4ApwYaZwNNDl+gnLrQsqTDc7o2GlQb20lneOWNphp4INH8uEBP04PjNDUTnZAtA3aHsVihHNotAnaDP4E/ORFmwyz8S9ekEdZNPCzi+A8p6sDA14cueiNfJwGWMLUDojdK20IJ/KGRuShh9pB2cimjRwcLmfOCX2WzqmEBycRXw7a5ZdfPhwI8qKXtlB3j5CRjQPvMTEOFMdenuSDn/7GCbFbg7408sJJWc4NOe3a0EtyKWfBQD2DQ+rVcxEoAkWgCBSBInDmEaizcuYxPSWKjLIYUvsloEzCprJznjnvzG++lmdZZh3t5FmXFj7L85LPMp2hGLqnagiiIcRADr3wcr8pTZ5lfeRHU3zKhdZ+z5FhHe11NJb5kid03M95Er8uLmVzTp6USXzO+01Pfue53ZTfL05LGdwr71imcUjw4Wh5v8lOnP/BsQMSZ0UZjg1nxiOBnKU3vOENY4crehG5w2cZn3R1kEfgtOHhbCcT3aQlf89FoAgUgSJQBIrAwSDQx8AOBtetqZ6K8bOfMpvyzPHzNcGX9+sqs588y3InK7NfI3dJd75f0ljynO/n65nGfC1PdlLm+G2uN/HZFL+J9qb86+LXxc10Tzd9prXEfE7b63opw3w/X6PhHh87ON6lsZvkcSzOypzX7p1dQO+g2CnyeJf0TW24KT5yx2nC284RWjO/5Ou5CBSBIlAEikAROBgE6qwcDK6lWgSKwBlEgIPAceAwcEY87nfVVVeNd3e8pyPNY1oeYfTCvUe5LrjgguHMnI4YcU7ioJyqY3Y6MrRsESgCRaAIFIFzGYE+BnYut37rXgRuJQjkMTDvN3FGfC3OuymCuDgTdlN8FMAjYr7q5T2bpJ1qVTlCp0vjVHm3XBEoAkWgCBSBcx2BOivnuga0/kXgVoKAd0Y4Dt4z8eI7Z8WXvbzHwpmw6+ILZf4nx8vz4hzdDbmVNHDFLAJFoAgUgSKwBoE6K2tAaVQRKAJnFwKclDgqznnXhDPi3llwPZ/rrAw4+lMEikARKAJF4FaLQJ2VW23TVfAicG4iwCGJUxInJWe7LrkOOsv7xPdcBIpAESgCRaAInP0I1Fk5+9uoEhaBIlAEikARKAJFoAgUgXMSgc1/w31OwtFKF4EiUASKQBEoAkWgCBSBInC2IFBn5WxpicpRBIpAESgCRaAIFIEiUASKwAkI1Fk5AY7eFIEiUASKQBEoAkWgCBSBInC2IFBn5WxpicpRBIpAESgCRaAIFIEiUASKwAkI1Fk5AY7eFIEiUASKQBEoAkWgCBSBInC2IFBn5WxpicpRBIpAESgCRaAIFIEiUASKwAkI7MtZyX8a5HwChd4UgSJQBIpAESgCRaAIFIEiUAQOAIGTOiv5AzZ/ttZQBIpAESgCRaAIFIEiUASKQBE4LARO6qz49+fsqOR8WMKVTxEoAkWgCBSBIlAEikARKALnLgL/bz9Vv93tbrfDaWkoAkWgCBSBIlAEikARKAJFoAgcFgIn3VkhSB2Vw2qO8ikCRaAIFIEiUASKQBEoAkUgCOzLWUnmnotAESgCRaAIFIEiUASKQBEoAoeFQJ2Vw0K6fIpAESgCRaAIFIEiUASKQBHYCoE6K1vB1cxFoAgUgSJQBIpAESgCRaAIHBYCdVYOC+nyKQJFoAgUgSJQBIpAESgCRWArBOqsbAVXMxeBIlAEikARKAJFoAgUgSJwWAjUWTkspMunCBSBIlAEikARKAJFoAgUga0QqLOyFVzNXASKQBEoAkWgCBSBIlAEisBhIVBn5bCQLp8iUASKQBEoAkWgCBSBIlAEtkKgzspWcDVzESgCRaAIFIEiUASKQBEoAoeFQJ2Vw0K6fIpAESgCRaAIFIEiUASKQBHYCoE6K1vB1cxFoAgUgSJQBIpAESgCRaAIHBYCdVYOC+nyKQJFoAgUgSJQBIpAESgCRWArBOqsbAVXMxeBIlAEikARKAJFoAgUgSJwWAjUWTkspMunCBSBIlAEikARKAJFoAgUga0QqLOyFVzNXASKQBEoAkWgCBSBIlAEisBhIVBn5bCQLp8iUASKQBEoAkWgCBSBIlAEtkKgzspWcDVzESgCRaAIFIEiUASKQBEoAoeFQJ2Vw0K6fIpAESgCRaAIFIEiUASKQBHYCoE6K1vB1cxFoAgUgSJQBIpAESgCRaAIHBYCdVYOC+nyKQJFoAgUgSJQBIpAESgCRWArBOqsbAVXMxeBIlAEikARKAJFoAgUgSJwWAjUWTkspMunCBSBIlAEikARKAJFoAgUga0Q+P8ZIvfBJlTvcwAAAABJRU5ErkJggg==</file>
    </questiontext>
    <generalfeedback format="html">
      <text></text>
    </generalfeedback>
    <defaultgrade>1.0000000</defaultgrade>
    <penalty>0.3333333</penalty>
    <hidden>0</hidden>
    <idnumber></idnumber>
    <correctfeedback format="html">
      <text>Your answer is correct.</text>
    </correctfeedback>
    <partiallycorrectfeedback format="html">
      <text>Your answer is partially correct.</text>
    </partiallycorrectfeedback>
    <incorrectfeedback format="html">
      <text>Your answer is incorrect.</text>
    </incorrectfeedback>
    <shownumcorrect/>
        <file name="Screenshot 2023-08-29 at 1.39.39 PM.png" encoding="base64">iVBORw0KGgoAAAANSUhEUgAAAmgAAAJyCAYAAABwojy0AAAKq2lDQ1BJQ0MgUHJvZmlsZQAASImVlwdQU+kWx79700NCS4iAlFBDkd4CSAmhhSJIB1EJSYBQQgiEZlcWV3AtqIiADV0QUXBViiw2RLEtCva6IIuAsi4WbKi8CwzB3TfvvXln5sz55eR8/+98d+43cy4AZEWuWJwKKwKQJsqShPh40KOiY+i4QYAHNEACDGDC5WWKWcHBAQCxmfh3e38XQJPxltmk1r///19NiS/I5AEABSMcz8/kpSF8EvEXPLEkCwDUPiSvl5MlnuQOhKkSpEGE709y4jSPTHL8FKPBVE1YCBthKgB4EpcrSQSAREfy9GxeIqJDckfYUsQXihAWI+yalpbOR/gYwkZIDZIjTeoz47/TSfybZrxMk8tNlPH0WaYM7ynMFKdy8/7Px/G/LS1VOrOHIeKkJIlvCBKVkWd2PyXdX8ai+AVBMyzkT9VPcZLUN3yGeZnsmBnmcz39ZWtTFwTMcILQmyPTyeKEzbAg0yt0hiXpIbK9EiRs1gxzJbP7SlPCZfkkAUemn58UFjnD2cKIBTOcmRLqP1vDluUl0hBZ/wKRj8fsvt6ys6dlfndeIUe2NispzFd2du5s/wIRa1YzM0rWG1/g6TVbEy6rF2d5yPYSpwbL6gWpPrJ8ZnaobG0W8kLOrg2WPcNkrl/wDAM2SAepiEsAHQQgvzwByBLkZk0ehJ0uzpMIE5Oy6CzkhgnoHBHPfB7d2tLaBoDJ+zr9OrylTd1DiHZ1NrdOBwCXvImJibbZnP9NAE6cBoD4cDbHGABA/ioAl3fypJLs6dzUXcIAIlAAVKAGtIAeMAJmwBrYA2fgDryAHwgCYSAaLAE8kATSkM5zwHKwBhSCYrAF7ADlYC84AA6Bo+A4aAZt4Dy4BK6Bm+AOeAR6wQB4CUbBezAOQRAOIkMUSA3ShgwgU8gaYkKukBcUAIVA0VAclAiJICm0HFoHFUMlUDm0H6qFfoFOQeehK1A39ADqg4ahN9BnGAWTYCqsCRvCFjATZsH+cBi8GE6EM+B8uADeBJfBVfARuAk+D1+D78C98Et4DAVQcigaSgdlhmKi2KggVAwqASVBrUQVoUpRVah6VCuqE3UL1YsaQX1CY9EUNB1thnZG+6LD0Tx0BnoleiO6HH0I3YTuQN9C96FH0d8wZIwGxhTjhOFgojCJmBxMIaYUU41pxFzE3MEMYN5jsVgaloF1wPpio7HJ2GXYjdjd2AbsOWw3th87hsPh1HCmOBdcEI6Ly8IV4nbhjuDO4npwA7iPeDm8Nt4a742PwYvwa/Gl+MP4M/ge/CB+nKBIMCA4EYIIfEIeYTPhIKGVcIMwQBgnKhEZRBdiGDGZuIZYRqwnXiQ+Jr6Vk5PTlXOUWygnlFstVyZ3TO6yXJ/cJ5IyyYTEJsWSpKRNpBrSOdID0lsymWxIdifHkLPIm8i15Avkp+SP8hR5c3mOPF9+lXyFfJN8j/wrBYKCgQJLYYlCvkKpwgmFGwojigRFQ0W2IldxpWKF4inFe4pjShQlK6UgpTSljUqHla4oDSnjlA2VvZT5ygXKB5QvKPdTUBQ9CpvCo6yjHKRcpAxQsVQGlUNNphZTj1K7qKMqyiq2KhEquSoVKqdVemkomiGNQ0ulbaYdp92lfZ6jOYc1RzBnw5z6OT1zPqjOVXVXFagWqTao3lH9rEZX81JLUduq1qz2RB2tbqK+UD1HfY/6RfWRudS5znN5c4vmHp/7UAPWMNEI0VimcUDjusaYppamj6ZYc5fmBc0RLZqWu1ay1natM1rD2hRtV22h9nbts9ov6Cp0Fj2VXkbvoI/qaOj46kh19ut06YzrMnTDddfqNug+0SPqMfUS9LbrteuN6mvrB+ov16/Tf2hAMGAaJBnsNOg0+GDIMIw0XG/YbDjEUGVwGPmMOsZjI7KRm1GGUZXRbWOsMdM4xXi38U0T2MTOJMmkwuSGKWxqbyo03W3aPQ8zz3GeaF7VvHtmJDOWWbZZnVmfOc08wHytebP5Kwt9ixiLrRadFt8s7SxTLQ9aPrJStvKzWmvVavXG2sSaZ11hfduGbONts8qmxea1ramtwHaP7X07il2g3Xq7druv9g72Evt6+2EHfYc4h0qHe0wqM5i5kXnZEePo4bjKsc3xk5O9U5bTcae/nM2cU5wPOw/NZ8wXzD84v99F14Xrst+l15XuGue6z7XXTceN61bl9sxdz53vXu0+yDJmJbOOsF55WHpIPBo9PrCd2CvY5zxRnj6eRZ5dXspe4V7lXk+9db0Tveu8R33sfJb5nPPF+Pr7bvW9x9Hk8Di1nFE/B78Vfh3+JP9Q/3L/ZwEmAZKA1kA40C9wW+DjBQYLRAuag0AQJ2hb0JNgRnBG8K8LsQuDF1YsfB5iFbI8pDOUEro09HDo+zCPsM1hj8KNwqXh7REKEbERtREfIj0jSyJ7oyyiVkRdi1aPFka3xOBiImKqY8YWeS3asWgg1i62MPbuYsbi3MVXlqgvSV1yeqnCUu7SE3GYuMi4w3FfuEHcKu5YPCe+Mn6Ux+bt5L3ku/O384cFLoISwWCCS0JJwlCiS+K2xOEkt6TSpBEhW1gufJ3sm7w3+UNKUEpNykRqZGpDGj4tLu2USFmUIupI10rPTe8Wm4oLxb0ZThk7MkYl/pLqTChzcWZLFhUZjK5LjaQ/SPuyXbMrsj/mROScyFXKFeVezzPJ25A3mO+d//My9DLesvblOsvXLO9bwVqxfyW0Mn5l+yq9VQWrBlb7rD60hrgmZc1vay3Xlqx9ty5yXWuBZsHqgv4ffH6oK5QvlBTeW++8fu+P6B+FP3ZtsNmwa8O3In7R1WLL4tLiLxt5G6/+ZPVT2U8TmxI2dW2237xnC3aLaMvdrW5bD5UoleSX9G8L3Na0nb69aPu7HUt3XCm1Ld27k7hTurO3LKCsZZf+ri27vpQnld+p8KhoqNSo3FD5YTd/d88e9z31ezX3Fu/9vE+47/5+n/1NVYZVpQewB7IPPD8YcbDzZ+bPtdXq1cXVX2tENb2HQg511DrU1h7WOLy5Dq6T1g0fiT1y86jn0ZZ6s/r9DbSG4mPgmPTYi1/ifrl73P94+wnmifqTBicrGymNRU1QU17TaHNSc29LdEv3Kb9T7a3OrY2/mv9a06bTVnFa5fTmM8QzBWcmzuafHTsnPjdyPvF8f/vS9kcXoi7c7ljY0XXR/+LlS96XLnSyOs9edrncdsXpyqmrzKvN1+yvNV23u974m91vjV32XU03HG603HS82do9v/tMj1vP+Vuety7d5ty+dmfBne674Xfv34u913uff3/oQeqD1w+zH44/Wv0Y87joieKT0qcaT6t+N/69ode+93SfZ9/1Z6HPHvXz+l/+kfnHl4GC5+TnpYPag7VD1kNtw97DN18sejHwUvxyfKTwT6U/K18ZvTr5l/tf10ejRgdeS15PvNn4Vu1tzTvbd+1jwWNP36e9H/9Q9FHt46FPzE+dnyM/D47nfMF9Kftq/LX1m/+3xxNpExNiroQ7NQqgEIcTEgB4UwMAORoACjJDEBdNz9NTBk1/A0wR+E88PXNPmT0A9UiYHIvY5wA4hrjhakQbiZMjUZg7gG1sZD4z+07N6ZOGRb5Y9tlOUg8tIxf8w6Zn+O/6/mcEk6pTy/8W/wV8SAf11W6wzQAAAIplWElmTU0AKgAAAAgABAEaAAUAAAABAAAAPgEbAAUAAAABAAAARgEoAAMAAAABAAIAAIdpAAQAAAABAAAATgAAAAAAAACQAAAAAQAAAJAAAAABAAOShgAHAAAAEgAAAHigAgAEAAAAAQAAAmigAwAEAAAAAQAAAnIAAAAAQVNDSUkAAABTY3JlZW5zaG90ryfFJQAAAAlwSFlzAAAWJQAAFiUBSVIk8AAAAdZpVFh0WE1MOmNvbS5hZG9iZS54bXAAAAAAADx4OnhtcG1ldGEgeG1sbnM6eD0iYWRvYmU6bnM6bWV0YS8iIHg6eG1wdGs9IlhNUCBDb3JlIDYuMC4wIj4KICAgPHJkZjpSREYgeG1sbnM6cmRmPSJodHRwOi8vd3d3LnczLm9yZy8xOTk5LzAyLzIyLXJkZi1zeW50YXgtbnMjIj4KICAgICAgPHJkZjpEZXNjcmlwdGlvbiByZGY6YWJvdXQ9IiIKICAgICAgICAgICAgeG1sbnM6ZXhpZj0iaHR0cDovL25zLmFkb2JlLmNvbS9leGlmLzEuMC8iPgogICAgICAgICA8ZXhpZjpQaXhlbFlEaW1lbnNpb24+NjI2PC9leGlmOlBpeGVsWURpbWVuc2lvbj4KICAgICAgICAgPGV4aWY6UGl4ZWxYRGltZW5zaW9uPjYxNjwvZXhpZjpQaXhlbFhEaW1lbnNpb24+CiAgICAgICAgIDxleGlmOlVzZXJDb21tZW50PlNjcmVlbnNob3Q8L2V4aWY6VXNlckNvbW1lbnQ+CiAgICAgIDwvcmRmOkRlc2NyaXB0aW9uPgogICA8L3JkZjpSREY+CjwveDp4bXBtZXRhPgpJwEJRAAAAHGlET1QAAAACAAAAAAAAATkAAAAoAAABOQAAATkAAEUXiPsEzAAAQABJREFUeAHsnQeYFNXShouokjOKZFCSBIkCVwUBkSAiQYmKIiCCCqKYQcAEBlABBcREVDISREAQJV2CBEmSBclBokqaf+r4z95l2GV3Z6dnOrz9PMPMdJ8+p+o9ze63J1Sl8PkP4YAABCAAAQhAAAIQsA2BFAg02/QFhkAAAhCAAAQgAAFDAIHGgwABCEAAAhCAAARsRgCBZrMOwRwIQAACEIAABCCAQOMZgAAEIAABCEAAAjYjgECzWYdgDgQgAAEIQAACEECg8QxAAAIQgAAEIAABmxFAoNmsQzAHAhCAAAQgAAEIINB4BiAAAQhAAAIQgIDNCCDQbNYhmAMBCEAAAhCAAAQQaDwDEIAABCAAAQhAwGYEEGg26xDMgQAEIAABCEAAAgg0ngEIQAACEIAABCBgMwIINJt1COZAAAIQgAAEIAABBBrPAAQgAAEIQAACELAZAQSazToEcyAAAQhAAAIQgAACjWcAAhCAAAQgAAEI2IwAAs1mHYI5EIAABCAAAQhAAIHGMwABCEAAAhCAAARsRgCBZrMOwRwIQAACEIAABCCAQOMZgAAEIAABCEAAAjYjgECzWYdgDgQgAAEIQAACEECg8QxAAAIQgAAEIAABmxFAoNmsQzAHAhCAAAQgAAEIINB4BiAAAQhAAAIQgIDNCCDQbNYhmAMBCEAAAhCAAAQQaDwDEIBAogn88ccf8tNPP5ny9erVk8yZM1/13r///lumTZsmPp9PqlevLvny5btqeS5CAAIQgMC/BBBoPAkQgECiCXz55ZfSrl07U379+vVyyy23XPXe5cuXy2233WbKTJgwQZo1a3bV8lyEAAQgAIF/CSDQeBIgAIFEE0CgJRoVBSEAAQgkiwACLVn4uBkC3iKAQPNWf+MtBCAQPQIItOixp2UIOI4AAs1xXYbBEICAQwkg0BzacZgNgWgQCLdA27t3rwwePFhmzpwpu3fvNpsJdCNB3bp15cknn5TChQtf5uamTZvk8ccfN+dGjBghN99882XX9YuuddM69Zg3b56kSZPGfNZ/dLPCsGHD5Pvvv5dVq1bJ0aNHpVSpUlKmTBl54YUXpEiRIjFlY3+YNGmSfPLJJ7JhwwZzz4033ihVq1aVZ555RipUqBC7KJ8hAAEIhIeA/wcWBwQgAIFEEfjiiy98/p885uXfJJDgPcuWLYsp7xdOl5X//ffffXnz5o25Hqg38J4jRw7fli1bLrvHL6xiyq9cufKya4Ev77//fkwZ/y7SwGnfn3/+6bv33ntjrgXaCbxnzJjRF2yj3vzaa6/Fe0/atGl9ixYtimmDDxCAAATCRUD/ouSAAAQgkCgC4RJox44d85UsWdIInxQpUvgaNWrk8496+fyjVL6mTZv6/KNe5lqhQoV8Bw4ciLEtOQLt9ddfjxFaTZo08WldP/74o69fv36+LFmymGsqCmOLutGjR8fcU6xYMd8rr7ziGzVqlO+JJ57w+UOMmGvZsmXz/fbbbzE28gECEIBAOAgwxen/85kDAhBIHIHYU5yPPPKI+AXNVW/ctm2bTJkyxZSJHWajU6dOMnz4cHO+b9++8uqrr15Wz0cffSRPPfWUOffggw/K+PHjzee5c+fK3XffbT77R9DinF4cOHCgmXrUQhqH7ZprrjHlb731VlmzZo25R++NfegUZocOHcwpnW7V6cv9+/eLXyDKP//8Y6ZSly5dKn4xFnPbggULzFTs+fPnpU6dOmbaNOYiHyAAAQgkl0A4VB51QAAC3iAQewTN/7MnZnQpMZ9jTx+WLl3a3Hv77bf7Ll26FCe8Bg0amDL58+ePuZ6cETStR+30CzXfuXPnYuqM74NfWMb4t2LFijiL+degmTI6mhafH3HeyEkIQAACCRBgBC25Cpf7IeAhArFH0IoWLSrZs2e/qvenT582C+u1UGAE7ezZs5IpUya5ePGi9O7dW/xrvOKsw7+WTHr06GGuHTp0SHLmzCnJGUFr1aqVjBs3ztRXvnx5s9ngnnvuiTe7gX86U9544w1T3r8WTlKlSnWFnTqyp+X02Lp1qygTDghAAAJhIZCAgOMyBCAAgRgCsUfQQt0ksHjx4piRqdijajGN/P+HOXPmxJSbNWuWOZucETR/miqff9dnTJ3+H6Dmc8GCBX06ErZu3brLTPDvJL2ibOCeuN6//vrry+7nCwQgAIHkEGCTQHLocS8EPEYgHAIttsiaMWNGvAT9OT9jBNLEiRNNudj3JnUXp1agOzmHDh3qq1Klik83JwQLrZdffjnGHv86tJjrefLk8cX1uvbaa00ZvTZmzJiYe/kAAQhAILkEEGjJJcj9EPAQgXAItCNHjsQIn/79+8dLT3d0BgTUjh07TLnYAk1DeMR1+DcdxNwXe0dmcFndSTp9+nSf7uj0T1/G3ONP7m6K6k5NbT937tzBt/IdAhCAgOUEEGiWI6YBCLiHQDgEmtLQaUUVP82bN48XzmOPPWbK+Ne5xZTx76SMEVKTJ0+OOR/7Q+vWrWPKXE2gxb4n9nTq008/bS599tlnMfXs2bMndnE+QwACELCcAALNcsQ0AAH3EAiXQFNhpgJNpxmnTp16BaD58+fHjGr5w2rEXPdvOvClTJnS3Nu+ffuY84EP/mwEvuuuuy5GWAUE2n//+19fjRo1fFqXf2F/oHjM+/Hjx2OmPJ999llzXtekBUbwdEfphQsXYsoHPuh0qT+TgHnFjtcWuM47BCAAgVAJINBCJcd9EPAggXAJNN1gEAgO69/R6XvnnXd8em7jxo2+QYMG+fw7No04SpcunW/58uWXkS5evLi5ljp1at+AAQN8uvjfv8vTp2ExAiNzAWEVEGj+WGZmqlLP67oxDTar9+ihQWZjbwiI3V67du1iRFrjxo3NlOjBgweNrSrk1Aats3LlypfZyBcIQAACySWAQEsuQe6HgIcIhEugKbKFCxf6/EFkYwRQQFQF3nVdWFybCL777ruYTAOBsoF3HZGrXbt2TJ0Bgabt+XNwxozKBcqrAAx81veHH35Yi8Yc/iC0ZtQtdpngz/68nD5/iI2Ye/gAAQhAIBwEEGjhoEgdEPAIAR15CgiUzZs3J+h17FyccU1l+uOa+WLvlgzU7Y9T5gss1o+rEQ3PUbZs2ZjpTr1P83rq9KWmjNLvKvCCA9KqPbqDM7Yw1FEwDZzrj/EWV1O+kydP+rp06eLTXJ0B+/Q9ffr0Pn9Cd9++ffvivI+TEIAABJJDgEC1/p+0HBCAQHQJ+HdUij95uvij8Ys/4n+CKaQC1p46dUo2bdok/jAX4h/JEv8IWuDSVd81SK6modL3IkWKxKSDutpNfrEn/s0C4g/VIbly5RK/IEx0e1erl2sQgAAE4iKAQIuLCucgAAEIQAACEIBAFAkg0KIIn6YhAAEIQAACEIBAXAQQaHFR4RwEIAABCEAAAhCIIgEEWhTh0zQEIAABCEAAAhCIiwACLS4qnIMABCAAAQhAAAJRJIBAiyJ8moYABCAAAQhAAAJxEUCgxUWFcxCAAAQgAAEIQCCKBBBoUYRP0xCAAAQgAAEIQCAuAgi0uKhwDgIQSDYBf3Jx8adakr/++su8x/c5rutxnYt9v17XwLFp06YVf3J08efXNK/A58C7ng98DrwndC72dX+WgWRzoAIIQAACoRBAoIVCjXsg4HECKpb8KY7En6g85l0/7969W3bu3Cm7du0SzQ6QmMOfkslE8venXzLvKroS+qzX06RJI/5cmeJPhB7zUtEW+B7fZ72uGQQSc2TLlk38CdilUKFCUqBAAZOtQDMWBDIX6LsKOg4IQAAC4SaAQAs3UeqDgMMJ+HPHycGDB03qJU2/FHhpmqPA58OHD2se3xhPVVTdcMMNkj17dsmSJYtkzZr1sve4zgXKREPgqMDUlE3Hjx+P8z2ua0ePHpX9+/ebkbuA45paKmfOnCY9laaoypcvX8xn/a6v3LlzkxIqAIx3CEAg0QQQaIlGRUEIuIeATj+q2NJ8lNu3b7/sfceOHWZaMuCtCijNO3m1l+amTGwezEC9TnxXUXro0CHZu3fvVV8qAAOHTq0WLlxYihYtavJ+xn5XAcc0aoAU7xCAQGwCCLTYNPgMAZcRUEGh042//vrrZa8tW7aYqUB1VwWCjvzoNF5cL0aAkvZQBEYgdao3rpeORKpA1kOnaosVKya33HLLZS+dVvWC4E0aWUpDwFsEEGje6m+8dTEB/aW/adMm+eWXX2T16tXmfc2aNXLy5EnjdaZMmaR48eJXvHRER9dzcUSGgK6b05HLzZs3X/GK3VflypWTW2+9VcqXL2/eS5QowWhbZLqIViBgCwIINFt0A0ZAIGkEdJG7irFVq1bJypUrzWvt2rUxU5M6daa/3PWXfOCli9wZlUka50iW1pE33WShojrwUrGtU9F66FRp2bJlpWLFilKhQgXzrqJNN1lwQAAC7iOAQHNfn+KRCwnojsnly5fHvFSUnT592ggunQ7TX9g60hJ4z5EjhwspeNOlI0eOmBFRFeM6MqrvOm2tgi5DhgxGqFWpUkUCL91ZygEBCDifAALN+X2IBy4jcOnSJbNebPHixRJ46S9kPXTHYOXKlWNelSpVMjsnzUWP/aNsqlev7jGv/3VXd5SuWLFC/vvf/8a8dGetHirYlUvgpevbUqZM+e+N/AsBCDiGAALNMV2FoW4loNOVOqW1cOFC+fHHH+Wnn34yoR906qp06dJStWpVqVatmnkvUqSIWzEkyS+d9lPhoZsfdDqXQ8xu3KVLl8qSJUtE39evX2/ivWmIk9tvv13uvPNOqVGjhpnyZlqUJwYC9ieAQLN/H2GhCwls3bpV5s2bJ3PnzpUFCxYYQaY7+nRETH+Z3nHHHUaU6cJ+jisJdO7cWT755BN5/PHH5eOPP76yAGfM5hAVa4sWLTKiX0fcNEivCraaNWtKnTp1pHbt2nLTTTdBCwIQsCEBBJoNOwWT3EfgzJkz8sMPP8h3330ns2fPNuEXdBRD14zddddd5vWf//zHLAR3n/fh9UhHz1RUBFI9qdhlFC1hxpoe6+effzbPoT6LupZNR281tEq9evXknnvuMc9h+vTpE66MEhCAgOUEEGiWI6YBrxLQUAqzZs2SmTNnmqlLHb3QYK9169Y1Lx290Gj6HEkjEBg9C9zFKFqARNLeNYuCjuLOmTPHvDT4ro7i6lRogwYNpH79+ia4btJqpTQEIBAuAgi0cJGkHs8T0NEInVL69ttvzUvjXGkQWF0/pr/sdJRC15QR6iL0RyX26FmgFk0zxShagEZo77ojVNes6eiu/lGhz7HG1dO4effee6956XPM2rXQ+HIXBEIhgEALhRr3QOD/CZw9e9asI5s6darMmDFDNCSCJthWMdawYUMzUsYoWfgel+DRs0DNjKIFSITnXUfXdGRNn2kVbZr4XkO36DPduHFjs34tXbp04WmMWiAAgTgJINDixMJJCMRPQKO967TlpEmTzJoyXV+muRbvu+8+adSokehaMvIrxs8v1CtxjZ4F6mIULUAi/O86kqZr16ZPny7Tpk0TzdWq69R0zVrTpk3NdCibWcLPnRohgEDjGYBAIgicOnXK/IKaMGGCEWW6nqxMmTJy//33S5MmTcznRFRDkWQQeOutt+Tzzz83NSj//fv3yw033GDWTenJRx55RF588cVktMCtiSGwbt06mTx5skyZMkX0s65bU7HWvHlz8wdKxowZE1MNZSAAgQQIINASAMRl7xL4+++/zUjZ+PHjzbvugtP0Sc2aNTO/jAhPEL1nQwO0auR8za6ggXs5okNA1/7pHy0TJ040uV81HZWut2zZsqUZWbv22mujYxitQsAFBBBoLuhEXAgfAY3ir4FiR40aZX7pnDhxQkqVKiUPPvigtGjRgphR4UOdrJoQaMnCZ8nNKtb0j5mvv/5aNmzYIJkzZzZ/zLRt29bE9iObgSXYqdTFBBBoLu5cXEs8gZ07d8qXX35pXppWScNh6ChA69atTYLqxNdEyUgQQKBFgnLobaxdu1bGjBkj48aNEw3foemnHn74YfPSuGscEIBAwgQQaAkzooRLCWigU919OWLECJk/f74JEqvryfQXiQaP5S9++3Y8As2+fRPbMh2R1qC4+sePrlvTZQK1atWSDh06mN2gurmDAwIQiJsAAi1uLpx1MYHt27cbUaYLzg8dOiQVK1Y0vzB0CpPdaM7oeASaM/optpW6+1mnQPUPopUrV0quXLnMxg4Va+SYjU2KzxD4lwACjSfBEwQ0iKzGdNK8jZr/UsMEtGrVSjp27Cjly5f3BAM3OYlAc3Zvrl69WoYPHy5jx44VDVOjeUE1xp3GWSMYrrP7FuvDRwCBFj6W1GRDAjpC9umnn8qwYcNE42iVLVvWJNjWtWWEA7BhhyXSJARaIkHZvJiGr9G1apr4XtetaU7VTp06yWOPPWZG2GxuPuZBwFICCDRL8VJ5tAjoL/CPPvrIhABQGzQ0xhNPPGHSLkXLJtoNHwEEWvhY2qUmTS81dOhQs3tabdK4ak8++SRhVOzSQdgRcQIItIgjp0GrCOiif43H9OGHH5r4WLoTU1MA6RoXXe/C4R4CCDT39GWwJzrqrevUdFRNd4BqvLunnnrK/JHFpoJgWnx3MwEEmpt71yO+af5LXc8yZMgQ2bdvn0m1pD/QNco/KZfc+RAg0NzZr7G90hRTmq1A/+DSVFN58uSRLl26mHWjmheUAwJuJ4BAc3sPu9i/LVu2yKBBg8wWft0EoMFku3XrxqJ/F/d5wDUEWoCEN951U4H+X9cguLqJQEPh6P/1YsWKeQMAXnqSAALNk93ubKc10v+7775rdmVmzZrVTGPqX9aal5HDGwQQaN7o52AvNf+qjpTr9Ofx48fNrs9nn33WZCoILst3CDidAALN6T3oEfs14OX06dOlf//+smzZMilatKh0795d2rVrJ+nSpfMIBdwMEECgBUh48/3s2bPyxRdfyMCBA2Xbtm1y2223yfPPP2+StRNg2pvPhBu9RqC5sVdd5NP58+fNNvwBAwbIpk2bzI6u5557zqwvI16Sizo6ia4g0JIIzKXFdWmDrlN75513RJ+JEiVKSM+ePU2KtjRp0rjUa9zyCgEEmld62mF+/v333zJy5Ejzg3f37t1y9913ywsvvCA1a9Z0mCeYawUBBJoVVJ1d54IFC+Ttt9+W77//XgoUKCD6h1z79u3l2muvdbZjWO9ZAgg0z3a9PR3XqQtdX6JrzA4ePGjy9b300ktSoUIFexqMVVEhgECLCnZHNLpq1Sp58803TZ7d3Llzi65R03A7LIVwRPdhZCwCCLRYMPgYPQIqzDRIpU5VHD161OzIVGFWqlSp6BlFy7YlgECzbdfYxrANGzYYoaY7P7Nnz25G1DRYNULNNl2EIQkQQKAlAIjL1hL466+/TBomnZrQeGYtW7aUV155he3z1mJ3fO0INMd3YcQc0HA8r7/+uowbN040fpouldB0Utddd13EbKAhCIRCAIEWCjXuSTYBXfyva8z0B6dunW/RooX06tULYZZsst6oAIHmjX4Op5cq1Pr27Svjx483IXn0D0Fdo8ZmgnBSpq5wEkCghZMmdSVIQMNl6JTDq6++Kjt27DC7MfWHJlOZCaKjQCwCCLRYMPiYJAI69al/DOruz8KFC0u/fv3MkgrCcyQJI4UjQACBFgHINPEvgblz55pYRb/88ovUqVPHrA+pWLEieCCQZAIItCQj44YgAitXrhRd56o/l2699VYTY1F/LnFAwC4EEGh26QkX27F+/XqzQHfOnDlmN6YGm61Vq5aLPcY1qwkg0Kwm7J3658+fb/5w1N2fdevWNRuVSpcu7R0AeGpbAgg023aN8w07dOiQmcrUtWZ58+Y1I2a6CSBFihTOdw4PokoAgRZV/K5r3OfzmU0EOqK2d+9eszZNpz5z5crlOl9xyDkEEGjO6SvHWHru3Dn56KOPzNoO/cH34osvmsTGBIx0TBfa3lAEmu27yJEGaoBsTcr+1ltvmT8kda3sk08+KWnTpnWkPxjtbAIINGf3n+2s1/UcTz31lPz2228mT6YGjNRgkRwQCCcBBFo4aVJXMAENkq2jaZrv8+abb5YPP/zQrJsNLsd3CFhJAIFmJV0P1f3HH3+Y5OUTJkyQKlWqmBG0SpUqeYgArkaSAAItkrS929aKFSvMCNry5culefPmJjn7jTfe6F0geB5RAgi0iOJ2X2OarHjIkCEmuKxOA2jA2UcffVTYsu6+vraTRwg0O/WGu23R0ECfffaZCXCryzc0dmOXLl0kVapU7nYc76JOAIEW9S5wrgFr166VDh06iG5Xb9eunQwYMMBE6nauR1juFAIINKf0lHvs1EwnPXv2NNOeGh5oxIgRUrZsWfc4iCe2I4BAs12X2N8gTc+kwWXfe+89KViwoAwfPlxq1Khhf8Ox0DUEEGiu6UrHObJw4ULp2LGj7Nq1S3r06GGC3pI2ynHd6AiDEWiO6Cb7GPnDDz+YPHa7d+82sc10lxO7M+3TP16xBIHmlZ62p5+621PDcLzzzjtSoEAB80dqzZo17WksVjmWAALNsV0XWcP//PNPI8g0plnlypXN8D7BHCPbB7T2PwIItP+x4FP0CGgQbl3moc+j5vVUwZYlS5boGUTLriKAQHNVd1rjzPTp06Vz585y4sQJs0BW4wKxQNYa1tSaOAIItMRxopT1BHSjlMZ91OTrmTNnlo8//lgaNWpkfcO04HoCCDTXd3HoDh49etTENBs7dqxJzaSLYgsVKhR6hdwJgTARQKCFCSTVhI3Azp07zWiapo5q1aqViZ2WPXv2sNVPRd4jgEDzXp8nyuMpU6aYUTPdEPDuu+/KY489RoqmRJGjUCQIINAiQZk2kkpAM6d8+umn8uyzz4puHNDRtPvvvz+p1VAeAoYAAo0H4TICx44dM4EZddRMEwfrqFm+fPkuK8MXCESbAAIt2j1A+1cjsGfPHjOaNmfOHDOaplOg2bJlu9otXIPAFQQQaFcg8e6JWbNmmR8qp06dMiE0GDXz7rNgd88RaHbvIewLjKZpKI6MGTOaP3br168PGAgkmgACLdGo3Fvw9OnTJp6PjpZpPDONmq3xzTggYFcCCDS79gx2BRPQeGmaXUXjp+mOT40fmSFDhuBifIfAFQQQaFcg8daJJUuWyEMPPST79u0TTWyuic5J0+StZ8CJ3iLQnNhr3rVZ00VpwnVNwJ4nTx756quvpFq1at4FgueJIoBASxQm9xW6cOGCyQagokzTlYwePVpKlCjhPkfxyJUEEGiu7FbXO7Vp0yZp06aNaJo8FWu9evWS1KlTu95vHAyNAAItNG6Ovmvbtm3mh4Tm0NTccn369JE0adI42ieM9xYBBJq3+ttN3p4/f1569+5tchdrTk/947ho0aJuchFfwkQAgRYmkE6pRofWu3btKlmzZpVRo0bJHXfc4RTTsRMCMQQQaDEo+OBQAosWLZK2bdvK8ePHZfDgwWapiUNdwWyLCCDQLAJrt2pPnjxp4ppp+IwHHnhAhg0bRkoSu3US9iSaAAIt0agoaGMCmkKvU6dO8s0335hwHBo3LVOmTDa2GNMiSQCBFknaUWpLpzJbtmwp+/fvlw8++MDkjIuSKTQLgbAQQKCFBSOV2ISA5jh++umn5YYbbpBx48aJTn1yQACB5uJnQOPw6M4hXWdWvHhxGT9+PBsBXNzfXnINgeal3vaGr7qBoEWLFrJ582azPk131KdIkcIbzuNlnAQQaHFicf5JHTrX2DuaskmH0AcOHGhSjzjfMzyAgAgCjafAjQQ0tV737t3NEhRNEaUxKbNkyeJGV/EpEQQQaImA5LQiq1evlubNm8vhw4dl+PDh5q8yp/mAvRC4GgEE2tXocM3pBHS2o2PHjpIzZ06ZMGGClC9f3ukuYX8IBBBoIUCz8y2aqPfJJ5+Um266yfzHLlasmJ3NxTYIhEQAgRYSNm5yEIEtW7aYP7S3bt0qmstTU+9xeIsAAs0l/f33339Lly5dzJC4ZgbQ3UDp0qVziXe4AYHLCSDQLufBN3cSOHv2rNl9r+GRdMnKkCFD5Nprr3Wns3h1BQEE2hVInHfi999/l6ZNm8q6detk0KBB5j+087zAYggkngACLfGsKOl8AvoHd7du3aRMmTIyadIkyZ8/v/OdwoMECSDQEkRk7wKagFfjmqVNm1YmTpwot912m70NxjoIhIEAAi0MEKnCUQSWLVsmzZo1k3Pnzpm4aTVq1HCU/RibdAIItKQzs80dui7hmWeeMaJMF5Jef/31trENQyBgJQEEmpV0qduuBA4cOGDWpalYe//99816Y7vail3JJ4BASz7DiNegf0HpejPdEKAhNDTWmY6gcUDAKwQQaF7pafwMJqA//zVGmmaD0Y0Dui6Nn//BlNzxHYHmsH48cuSIWW+2dOlSkxWgc+fODvMAcyGQfAIItOQzpAZnE9B1aZp9oGrVqmZdWo4cOZztENZfQQCBdgUS+57YuHGj3HvvvaJBaHW9Wc2aNe1rLJZBwEICCDQL4VK1YwgsWLDArEvTYLbffvutlCxZ0jG2Y2jCBBBoCTOyRYl58+aZtQe5c+c2/xE1zhkHBLxKAIHm1Z7H72ACGidN/3A/ePCgiX1Zu3bt4CJ8dygBBJoDOk7TfTz++OPyn//8xwxlZ82a1QFWYyIErCOAQLOOLTU7j8Dx48fN0peff/5ZPvnkExMzzXleYHEwAQRaMBEbfddk571795Z+/fqJBp8dMWIEi0Ft1D+YEj0CCLTosadlexLQzQMdOnQQDWr76quvSp8+fUi2bs+uSrRVCLREo4pswfPnz5tcbF988YX06tVLXnvtNf6zRbYLaM3GBBBoNu4cTIsaAf2jXn9X9O3bV9q1a2dyMadJkyZq9tBw8ggg0JLHz5K7z5w5Y4LPfv/99yZlEznYLMFMpQ4mgEBzcOdhuuUENAST7vC/++67TVDb9OnTW94mDYSfAAIt/EyTVeOxY8ekQYMGJm3T+PHjzeLPZFXIzRBwIQEEmgs7FZfCSkB3dbZo0cKkh5o5c6Zky5YtrPVTmfUEEGjWM050C/v27TN/8ei7/ueqXr16ou+lIAS8RACB5qXextdQCSxevNj8kZ8nTx7RGRl953AOAQSaTfpqx44dUqdOHfnrr79kzpw5Urp0aZtYhhkQsB8BBJr9+gSL7Elg/fr1UrduXbnuuutk7ty5UrhwYXsailVXEECgXYEk8ic2bdpkxJku5tT/QEWLFo28EbQIAQcRQKA5qLMwNeoEtm3bZn7H6OYz/R1TokSJqNuEAQkTQKAlzMjSEmvWrDHTmro+QP/j5MuXz9L2qBwCbiCAQHNDL+JDJAns2bPHiDRd56zTneXKlYtk87QVAgEEWgjQwnXL8uXLpV69ekaU6X8YzRLAAQEIJEwAgZYwI0pAIJiAZhvQnZ0q1mbPni1VqlQJLsJ3GxFAoEWpM3766SezW7N48eLy3XffscMmSv1As84kgEBzZr9hdfQJ6AjaPffcI5s3bxbd3Xn77bdH3ygsiJMAAi1OLNae/OGHH6RRo0ZmiHnWrFmSKVMmaxukdgi4jAACzWUdijsRJXDy5EmpX7++6BKb6dOny1133RXR9mkscQQQaInjFLZSus7svvvuM0PLGkojQ4YMYaubiiDgFQIINK/0NH5aReD06dMmBIcutZk2bZpZn2ZVW9QbGgEEWmjcQrpLw2c0btzYxDfTv1rSpUsXUj3cBAGvE0Cgef0JwP9wEDh79qyZzdF4aVOnTjXhOMJRL3WEhwACLTwcE6wlIM50vl//WtGYNBwQgEBoBBBooXHjLggEE9DYmzqro+uiEWnBdKL7HYEWAf66Q1P/AyDOIgCbJjxBAIHmiW7GyQgRiC3SdABBd3pyRJ8AAs3iPpg/f76Z59e0TTqtyciZxcCp3hMEEGie6GacjCABFWm6eU2nO3V9dK1atSLYOk3FRQCBFheVMJ378ccfzU4ZjTUzY8YM1pyFiSvVQACBxjMAgfAT0DVpDRs2FN04oBEG7rzzzvA3Qo2JJoBASzSqpBVcunSpWXCp0Zo1IGD69OmTVgGlIQCBeAkg0OJFwwUIJIvAmTNnTAB1DcGha6erVq2arPq4OXQCCLTQ2cV75+rVq83wcLFixUxKDeKcxYuKCxAIiQACLSRs3ASBRBHQOGm6Dm3Lli2iy3TKly+fqPsoFF4CCLTw8pSNGzeaYeG8efOKBqTNmjVrmFugOghAAIHGMwABawkcP37cBLDdu3ev6HKdkiVLWtsgtV9BAIF2BZLQT+zYscPs1NQRM32gc+XKFXpl3AkBCMRLAIEWLxouQCBsBA4dOmQGHHRETcNwFC5cOGx1U1HCBBBoCTNKVIn9+/cbcXbx4kXzIOsIGgcEIGANAQSaNVypFQLBBHQETUNEpUqVyvxuu+GGG4KL8N0iAgi0MIDVoWDd7XL48GHzABctWjQMtVIFBCAQHwEEWnxkOA+B8BPYtm2bEWk5c+Y0s0Ms3Qk/47hqRKDFRSUJ53Rbsi6m3LBhgyxcuFDKli2bhLspCgEIhEIAgRYKNe6BQOgE1q5dKzVq1JBSpUqZzW+kKgydZWLvRKAlllQc5S5cuCBNmjSRefPmyXfffSd33HFHHKU4BQEIhJsAAi3cRKkPAgkTWLRokdxzzz1Su3ZtmTx5sqROnTrhmygRMgEEWojofD6fdOjQQb744guZOHGiSYIeYlXcBgEIJJEAAi2JwCgOgTAR0HydzZo1k3bt2smIESMkRYoUYaqZaoIJINCCiSTye+/evaVv374ybNgw6dixYyLvohgEIBAOAgi0cFCkDgiERmD48OHSqVMn6dWrl/Tp0ye0SrgrQQIItAQRXVng008/NaNnr776qhFpV5bgDAQgYCUBBJqVdKkbAgkTUHHWr18/M4r22GOPJXwDJZJMAIGWRGS61uzee++VNm3ayGeffcbwbhL5URwC4SCAQAsHReqAQOgEdJnPo48+KqNHjzbJ1XVtGkd4CSDQksBTd7FoPBhNfq6JZNOkSZOEuykKAQiEiwACLVwkqQcCoRM4f/681K9f3yRX10C2RDEInWVcdyLQ4qISx7l9+/bJbbfdJpkzZ5aff/7ZvMdRjFMQgEAECCDQIgCZJiCQCAInTpyQ//znP6Lvy5Ytkzx58iTiLookhgACLRGUNNaZBqLViMr6ABYoUCARd1EEAhCwigACzSqy1AuBpBPYvXu3GcDQDDqa5pAYaUlnGNcdCLS4qMQ6p/PsDzzwgMycOVMWLFhgpjdjXeYjBCAQBQIItChAp0kIXIXA8uXLpWbNmtKgQQP55ptvWJ99FVaJvYRAS4CU7lR5/fXXZezYsdKiRYsESnMZAhCIBAEEWiQo0wYEkkZg/Pjx0qpVK3nllVeIcJA0dHGWRqDFieXfk/pXgIoyHrarQOISBKJAAIEWBeg0CYFEEAgMaqhY09knjtAJINDiYbdmzRqpXr261K1bVyZNmsRwbTycOA2BaBBAoEWDOm1CIGECuiyoadOmMmfOHFm8eLGUK1cu4ZsoEScBBFocWI4cOSKVKlWSjBkzypIlSyRDhgxxlOIUBCAQLQIItGiRp10IJEzg9OnTUq1aNTl16pSsWLFCcuTIkfBNlLiCAAItCIkmQNeAe7/88ovoL4EiRYoEleArBCAQbQIItGj3AO1D4OoEtm/fLpUrV5Zbb71VNMA7idWvziuuqwi0ICo9e/aU999/X2bMmGGEWtBlvkIAAjYggECzQSdgAgQSIKDCrGHDhvLMM8/IgAEDEijN5WACCLRYRHStWfPmzU1+sZdffjnWFT5CAAJ2IoBAs1NvYAsE4ifwxhtviOatnjBhglmbFn9JrgQTQKD9P5HffvvNrDvTgLTTpk1jU0Dwk8J3CNiIAALNRp2BKRC4CgHdNHDfffeZALa6Hu3mm2++SmkuxSaAQPPT0EwBmsbpzJkzsmrVKsmSJUtsRnyGAARsRgCBZrMOwRwIXIXAn3/+KRUqVJD06dObbDxkGrgKrFiXEGh+GO3bt5cxY8aYHZvly5ePhYePEICAHQkg0OzYK9gEgfgJrF692uzsbN26tYwcOTL+glyJIeB5gTZ69Ghp27atDBkyRJ544okYMHyAAATsSwCBZt++wTIIxEdg6NCh0qVLFxk1apS0adMmvmKc/38CnhZouu5Mh13r1atncofxVEAAAs4ggEBzRj9hJQSCCWh2gdmzZ5vlRKxHC6Zz+XfPCrR//vnHDLceP37cxDzLnDnz5WT4BgEI2JYAAs22XYNhELgqgRMnTpjYaFmzZjXLiq655pqrlvfyRc8KtB49esiHH34oP/30k9kg4OWHAN8h4DQCCDSn9Rj2QuB/BJYtWya33367PPXUU/Lee+/97wKfLiPgSYE2d+5ck2OzX79+Qryzy54HvkDAEQQQaI7oJoyEQLwEAvHRNGdnnTp14i3n5QueE2jHjh2TMmXKSOHChWXBggWSKlUqL/c/vkPAkQQQaI7sNoyGQAyBixcvSs2aNWXHjh2ybt06yZYtW8w1PvxLwHMCTRcoqmJfu3atFCxYkOcAAhBwIAEEmgM7DZMhEERg165dUrZsWTOj9c033wRd5aunBFogpMaXX34pDz30EL0PAQg4lAACzaEdh9kQCCLw1VdfycMPP0zojSAu+tUzAm3Pnj1marNWrVoyceLEOFBwCgIQcAoBBJpTego7IZAwgWbNmsn8+fPNVGe+fPkSvsEjJTwh0DQXWN26dU3n//rrr5IjRw6PdC9uQsCdBBBo7uxXvPImgSNHjsgtt9xiBlF0CVKKFCm8CSLIa08ItI8//thkCdAk6I0aNQpCwFcIQMBpBBBoTusx7IXA1QlMnz7dJFXXbAOdO3e+emGPXHW9QNMdIroIsWnTpvLFF194pFtxEwLuJoBAc3f/4p03CbRr104mTZpkNvFppAWvH64WaDq1qWvONKWTTm1myZLF6/2N/xBwBQEEmiu6EScgcBmBP//800x1agooXZPm9alOVwu0wNTmjBkzpEGDBpc9CHyBAAScSwCB5ty+w3IIXI3AzJkzpWHDhsJUp4t3cf7+++9GiTdu3Fh0Gy8HBCDgHgIINPf0JZ5AIJiAhsGaOnWqmfnKnz9/8GXPfHftCFr9+vVl9erVsnHjRiIUe+ZxxlGvEECgeaWn8dOLBDTjT8mSJaV8+fIya9YsLyIwPrtSoI0ZM0batGkjGpm4efPmnu1cHIeAWwkg0Nzas/gFgX8JTJgwQTTzjwaYb926tSexuE6gaTwVVd7VqlUzQ6Se7FWchoDLCSDQXN7BuAcBPwFdorRkyRIzE+bF+KWuE2i6TXfKlCmyYcMGyZs3Lw85BCDgQgIINBd2Ki5BIIjA3r17pVSpUnL//fd7MkyWqwTaggULTFiNDz/8ULp27RrU1XyFAATcQgCB5paexA8IXJ3A4MGD5amnnjJhN2rWrHn1wi676hqB9s8//5iAtJkyZZKlS5dKqlSpXNZVuAMBCAQIINACJHiHgLsJXLx4UapWrSonT540AWyvueYadzscyzvXCLTXX39dXnvtNdEf3LrzgwMCEHAvAQSae/sWzyAQTEAjMlSuXNn8jn/llVeCL7v2uysE2s6dO808dYcOHeSDDz5wbWfhGAQg8C8BBBpPAgS8ReDpp5+WESNGmPXlhQoV8oTzrhBomgB9xYoVsnnzZsmcObMnOg4nIeBlAgg0L/c+vnuRwIkTJ6R48eJSqVIl0cTqXjgcL9ACaSFGjRplYp95odPwEQJeJ4BA8/oTgP9eJKAx0dq2bSteSd/oaIGmGwNuueUWuf7662XRokWeT6zqxf+w+OxNAgg0b/Y7XnubgM/nkzvuuEMOHDhg0kC5fcOAowXa22+/LbpgcOXKlVKuXDlvP7l4DwEPEUCgeaizcRUCsQisWbNGKlasKLox8IUXXoh1xX0fHSvQ9u/fLzfffLOZ1vz444/d1zN4BAEIxEsAgRYvGi5AwPUEOnfubFJA/fbbb3LDDTe41l/HCrRHHnnEpHLaunWreDEFhGufSByDQCIIINASAYkiEHApAU3peNNNN5lUUJ9//rlLvRRxpEBbtWqViYny7rvvSvfu3V3bOTgGAQjETQCBFjcXzkLAKwQGDhwozz77rIl9WqFCBVe67UiBVqNGDdm3b59ZJJg2bVpXdgxOQQAC8RNAoMXPhisQ8AKBc+fOmU2CefLkkYULF7rSZccJtGnTpplhzcmTJ5sEqq7sFZyCAASuSgCBdlU8XISAJwhMmTJFmjRpYpY73Xfffa7z2VEC7cKFC1K6dGnJmTOnCavhut7AIQhAIFEEEGiJwkQhCLiegIbdOHz4sKxfv15Sp07tKn8dJdA++eQTeeKJJ0wy9CpVqriqI3AGAhBIPAEEWuJZURICbiawfPlyk0x96NCh8vjjj7vKVccItDNnzphdG9WrV5cJEya4qhNwBgIQSBoBBFrSeFEaAm4m0Lx5c1m8eLFoVIf06dO7xlXHCLQ333xTevfubRKlavwzDghAwLsEEGje7Xs8h0AwAY2HVqpUKenTp4+89NJLwZcd+90RAu3YsWNSpEgRUZU8fPhwx8LGcAhAIDwEEGjh4UgtEHALgY4dO5rZte3bt0u2bNlc4ZYjBNqLL74ogwYNMsOXefPmdQV4nIAABEIngEALnR13QsCNBPbu3WuWQXXr1k3eeustV7hoe4F26NAhKVy4sKg6fv/9910BHScgAIHkEUCgJY8fd0PAjQSeeeYZM8u2Y8cOyZUrl+NdtL1A69GjhwwbNkzcAtzxTwwOQMAGBBBoNugETICAzQgEBnQ6deok7733ns2sS7o5thZoBw4cMKNnTz75pPTv3z/p3nEHBCDgSgIINFd2K05BINkEnn/+efnoo4/MoM7111+f7PqiWYGtBZoOV44YMUJ27txJQvRoPiW0DQGbEUCg2axDMAcCNiGgidQLFSokHTp0cPyyKNsKtIMHD5rRs65duzJ6ZpMHHzMgYBcCCDS79AR2QMB+BHQUbfDgwWYULXfu3PYzMJEW2VagBQDr6JkbFvslsj8oBgEIJIIAAi0RkCgCAY8S0LVoOorm9AEeWwo0jXtWsGBBad++vQwcONCjjxhuQwAC8RFAoMVHhvMQgIAS6N69u4wcOVJ27drl2LhothRoffv2lTfeeEM04Bxxz/jPBgEIBBNAoAUT4TsEIBCbgMZF0wD3L7/8svTq1Sv2Jcd8tp1AO3v2rBQoUEAaN25sNgg4hiSGQgACESOAQIsYahqCgGMJ6EaBqVOnyu7duyVdunSO88N2Ak23x2ok4E2bNgk5Nx33PGEwBCJCAIEWEcw0AgFHE9AcnSVKlDCZiDRcl9MOWwm0CxcuGFFWrlw5mTx5stNYYi8EIBAhAgi0CIGmGQg4nECTJk1kzZo1omItderUjvLGVgLtm2++kQcffFCWLFkiVatWdRRIjIUABCJHAIEWOda0BAEnE1i6dKlUq1ZNvv76a3nggQcc5YqtBNptt90mKVOmNALNURQxFgIQiCgBBFpEcdMYBBxNQAXapUuXZNmyZY7ywzYCLaByJ0yYIM2aNXMURIyFAAQiSwCBFlnetAYBJxOYOHGiNG/e3HGzc7YRaC1atDDqdtu2bY6bJ3byg4vtEHAiAQSaE3sNmyEQHQK6vr1o0aKis3Tjx4+PjhEhtGoLgfbHH3+YqL8a++y5554LwQ1ugQAEvEQAgeal3sZXCCSfwDvvvGNioml2ohtvvDH5FUagBlsItN69e4vC27Nnj2TPnj0CbtMEBCDgZAIINCf3HrZDIPIEjh49Kvny5TODQH369Im8ASG0GHWBdv78eROY9p577pHPPvssBBe4BQIQ8BoBBJrXehx/IZB8Ao8++qh89913JnBtmjRpkl+hxTVEXaDppgDd+rpixQqpWLGixe5SPQQg4AYCCDQ39CI+QCCyBFauXCmVKlUSDemlmwbsfkRdoNWqVUtOnTol+gOXAwIQgEBiCCDQEkOJMhCAQDCBypUrS8aMGWX+/PnBl2z3PaoCTSP7Fi9e3OTcbN++ve3gYBAEIGBPAgg0e/YLVkHA7gRGjhwpmqNz8+bNtk8nGVWBpjs2R4wYIbqLM3369HbvV+yDAARsQgCBZpOOwAwIOIzAmTNnzC5OFWm6OdHOR9QE2rlz5yRv3rwmKO3QoUPtzAjbIAABmxFAoNmsQzAHAg4i8MQTT4gGr927d6+kTZvWtpZHTaAFNgesWrVKypcvb1tAGAYBCNiPAALNfn2CRRBwCoHVq1dLhQoVbL9ZIGoCrV69enLw4EFRUBwQgAAEkkIAgZYUWpSFAASCCejAUO7cuWX27NnBl2zzPSoCTYcVCxYsKIMGDZKuXbvaBgaGQAACziCAQHNGP2ElBOxKYPDgwdKtWzfZtWuXWW5lRzujItDefPNN6du3r+zbt0+yZctmRy7YBAEI2JgAAs3GnYNpEHAAgWPHjkmePHmkV69e8tJLL9nS4ogLNJ/PZ0JrlC1b1sz/2pIKRkEAArYmgECzdfdgHAQcQUCD5K9du9aE3EiRIoXtbI64QFu6dKlUq1ZNZsyYIQ0aNLAdEAyCAATsTwCBZv8+wkII2J3AzJkzpWHDhrJkyRKpWrWq7cyNuEDT7a2TJ08221tTp05tOyAYBAEI2J8AAs3+fYSFELA7gQsXLpj1Z02aNBE7hvuKqEDT2Gc659u2bVsZOHCg3fsO+yAAAZsSQKDZtGMwCwIOI9C9e3cZNWqUWRNvt5hoERVo06dPl/vuu4/E6A57gDEXAnYjgECzW49gDwScSSCQQH3atGnSqFEjWzkRUYHWokULWbNmjVmQZysKGAMBCDiKAALNUd2FsRCwNQHNCV6uXDkZP368reyMmEA7ffq0CQrXs2dP6d27t60gYAwEIOAsAgg0Z/UX1kLAzgT69OkjAwYMMMHzM2TIYBtTIybQxo4dK61btzajZ8WKFbMNAAyBAAScRwCB5rw+w2II2JXAli1bTPivMWPGSKtWrWxjZsQEmq4927NnD6mdbNP1GAIB5xJAoDm377AcAnYkoKmf8uXLJ7oWzS5HRATaiRMnzPTma6+9Ji+88IJdfMcOCEDAoQQQaA7tOMyGgE0JvP3226IaRXOEZ86c2RZWRkSgjR492oTW2LZtmxQpUsQWjmMEBCDgXAIINOf2HZZDwI4Etm/fLkWLFjUhN9q0aWMLEyMi0O6//37ZvXs305u26HKMgIDzCSDQnN+HeAABuxHQac4CBQrIlClTbGGa5QJNd2/mypVLXn75ZfOyhdcYAQEIOJoAAs3R3YfxELAlgTfeeEP0dejQIbHDbk7LBdrEiROlefPmsmHDBilZsqQtOwWjIAABZxFAoDmrv7AWAk4gsHHjRilVqpRMmDBBmjVrFnWTLRdoOperkXo3b94cdWcxAAIQcAcBBJo7+hEvIGA3Ahq0tmLFiqJr56N9WCrQzp8/b6Y3O3XqJLpDggMCEIBAOAgg0MJBkTogAIFgAhppYtiwYWaaM02aNMGXI/rdUoE2f/58qV27tixevFiqVasWUcdoDAIQcC8BBJp7+xbPIBBNAkuWLJHq1avLvHnzpFatWtE0RSwVaN26dZNx48bJ/v37JWXKlFF1lMYhAAH3EECguacv8QQCdiJw6dIlueGGG6Rly5YyaNCgqJpmqUDTmCK33367fP7551F1ksYhAAF3EUCguas/8QYCdiLwyCOPyE8//SQauzWah2UCLZDbyi67IaIJmbYhAIHwEkCghZcntUEAAv8jEIg+oZsbo5k73DKBNnDgQHn++eflyJEjkilTpv95zicIQAACySSAQEsmQG6HAATiJXDy5EnJkSOH9O/fX7p37x5vOasvWCbQ7r77btFdnAsWLLDaB+qHAAQ8RgCB5rEOx10IRJhAzZo1RXdxfv/99xFu+X/NWSLQzp49K9mzZzeJR3UUjQMCEIBAOAkg0MJJk7ogAIFgAjp6psnTjx49KunSpQu+HJHvlgi02bNnS/369eWXX36RcuXKRcQRGoEABLxDAIHmnb7GUwhEg8CaNWvk1ltvlVmzZkm9evWiYYI1YTZ0zjYQXiNFihRRcYxGIQAB9xJAoLm3b/EMAnYg4PP5YsJt6Jr6aByWjKCVLl1aypQpI2PGjImGT7QJAQi4nAACzeUdjHsQsAGB1q1by7p162T9+vVRsSbsAu3AgQOSJ08eGTlypGgsEQ4IQAAC4SaAQAs3UeqDAASCCWgM1/bt28u+ffvk+uuvD75s+fewCzSd2mzVqpXs3r1b8ufPb7kDNAABCHiPAALNe32OxxCINIHff/9dChQoIGPHjjWZBSLdftgFWocOHUxojWhH4I00SNqDAAQiRwCBFjnWtAQBLxPQjEgacmPEiBERxxB2gXbTTTdJjRo1ouJMxOnRIAQgEBUCCLSoYKdRCHiOgA46LVy4ULZu3Rpx38Mq0P744w/JmzevjBo1Stq0aRNxZ2gQAhDwBgEEmjf6GS8hEG0Co0ePlrZt28revXvlxhtvjKg5YRVo48ePN/O0rD+LaB/SGAQ8RwCB5rkux2EIRIVAYB2arq9v0aJFRG0Iq0Dr0qWLzJw5U3bt2hVRJ2gMAhDwFgEEmrf6G28hEE0CBQsWlAYNGsiQIUMiakZYBVrZsmVFY6DpkCAHBCAAAasIINCsIku9EIBAMAFdsqWx0NauXRt8ydLvYRNoJ06ckGzZssngwYOlc+fOlhpN5RCAgLcJINC83f94D4FIEvj444+la9eucuzYMcmcOXPEmg6bQNOM73Xr1hXNX6UjaRwQgAAErCKAQLOKLPVCAALBBHTkTPOKz5kzR+6+++7gy5Z9D5tA69Onj7z33nty/PhxSZUqlWUGUzEEIAABBBrPAAQgECkCFy9elKxZs0qPHj2kd+/ekWo2fMnS69evL//884/Mnz8/YsbTEAQg4E0CCDRv9jteQyBaBGrVqiXXXHONzJo1K2ImhGUETbO+58yZUzp27ChvvvlmxIynIQhAwJsEEGje7He8hkC0CLz00ksyfPhwOXz4sKRIkSIiZoRFoG3fvl00HcLkyZPl/vvvj4jhNAIBCHiXAALNu32P5xCIBoEpU6ZIkyZNRNNYFilSJCImhEWgff311yaA2549e0wmgYhYTiMQgIBnCSDQPNv1OA6BqBDQTAL58uUTDcj/4IMPRsSGsAi0nj17yldffSUHDhyIiNE0AgEIeJsAAs3b/Y/3EIgGgeuvv14eeughGTBgQESaD4tAq127tqRNmzaii+ciQodGIAABWxJAoNmyWzAKAq4moJshz507J/PmzYuIn2ERaNmzZzfBaV9//fWIGE0jEICAtwkg0Lzd/3gPgWgQeOWVV0SD1h49ejQizSdboAUSiU6YMEGaNWsWEaNpBAIQ8DYBBJq3+x/vIRANAhMnTpTmzZvL7t27JX/+/JabkGyB9u2330qjRo3kt99+k5tuuslyg2kAAhCAAAKNZwACEIg0ga1bt8rNN98s06dPl3vvvdfy5pMt0DTumb5OnjwpKVOmtNxgGoAABCCAQOMZgAAEIk3g0qVLkilTJtGYaPqy+ki2QGvZsqXs2LFDli9fbrWt1A8BCEDAEECg8SBAAALRIFClShUpXLiwjBs3zvLmky3QSpcuLZUqVZLPPvvMcmNpAAIQgIASQKDxHEAAAtEg8Oijj8qKFStk/fr1ljefLIF24cIFSZ8+vZni1CSiHBCAAAQiQQCBFgnKtAEBCAQTeO+998z05pkzZyR16tTBl8P6PVkCbcuWLVK8eHET/6xevXphNYzKIAABCMRHAIEWHxnOQwACVhKYPXu2aDy0zZs3S7FixaxsSpIl0KZOnWpybzfEIc0AAATXSURBVOoatEKFCllqKJVDAAIQCBBAoAVI8A4BCESSwM6dO80aNM3N2bhxY0ubTpZA69+/v/Tp00dOnz7NDk5Lu4nKIQCB2AQQaLFp8BkCEIgUAd3JmSFDBundu7c8//zzljabLIHWvn17s1hu3bp1lhpJ5RCAAARiE0CgxabBZwhAIJIEypQpYzZHjhw50tJmkyXQ7rjjDsmZM6dMmjTJUiOpHAIQgEBsAgi02DT4DAEIRJJA06ZN5fDhw7Jo0SJLm02WQMuTJ4/J7P72229baiSVQwACEIhNAIEWmwafIQCBSBJ44YUX5KuvvpJ9+/ZZ2mzIAk23mGbMmFGGDRsmHTp0sNRIKocABCAQmwACLTYNPkMAApEkMGLECOnUqZOcOnXKhBqzqu2QBdqvv/4qGqR23rx5UqtWLavso14IQAACVxBAoF2BhBMQgECECMyfP19q165tgtXecsstlrUaskALJEnfvn272XJqmYVUDAEIQCCIAAItCAhfIQCBiBHQ0GJFihSxPGl6yAJt8ODB0q1bN/nrr78kTZo0EQNDQxCAAAQQaDwDEIBAtAicP39errvuOhk0aJB07drVMjNCFmjPPfecjB8/Xvbs2WOZcVQMAQhAIC4CCLS4qHAOAhCIFIF8+fJJixYt5J133rGsyZAFmhqm4mzx4sWWGUfFEIAABOIigECLiwrnIACBSBGoXr26qEjTgSqrjpAFWiSMs8pp6oUABJxNYNeuXTJgwADp2bOnFCxY0NnOYD0EIOA4ApEYpApZoOkPRQ3WppndOSAAAQhAAAIQgIBXCPTo0cME6dc/Fq06QhJoPp9Prr32WnnrrbfkmWeesco26oUABCAAAQhAAAK2I/D+++/Liy++KH///bekSJHCEvtCEmia4iBXrlwyduxYadmypSWGUSkEIAABCEAAAhCwI4Fx48ZJq1at5NChQyblpRU2hiTQ1q9fL5os9IcffpCaNWtaYRd1QgACEIAABCAAAVsSWLBggdx1112ybt06E7TfCiNDEmiaPaBOnTqyYcMGKVmypBV2UScEIAABCEAAAhCwJYGNGzdKqVKlZO7cuSargBVGhiTQdGqzdevWJpt7jhw5rLCLOiEAAQhAAAIQgIAtCRw5csRMbY4ZM8ZMdVphZEgC7YMPPhDdwXDu3DlJmTKlFXZRJwQgAAEIQAACELAlgUuXLknatGlNJIunn37aEhtDEmi9evWSTz75xCyOs8QqKoUABCAAAQhAAAI2JqCbJR9//HHp27evJVaGJNC6dOliNghs2rTJEqOoFAIQgAAEIAABCNiZQIkSJcxGgSFDhlhiZkgCTUNr/P7776R5sqRLqBQCEIAABCAAAbsT0IxK+fPnFw25YcURkkCrV6+epEqVSmbMmGGFTdQJAQhAAAIQgAAEbE2gYcOGcvHiRZk9e7YldoYk0KpWrSqFCxcW3b3AAQEIQAACEIAABLxGQKNZ7NixQ5YuXWqJ6yEJNI39ceedd8rQoUMtMYpKIQABCEAAAhCAgJ0JPPHEE/Ljjz+amLBW2BmSQNM5V12H1r9/fytsok4IQAACEIAABCBgawLPP/+8WX+ma/KtOEISaFmzZjVJ0l999VUrbKJOCEAAAhCAAAQgYGsC/fr1E02afvz4cUvs/D8AAAD//4Kek98AAEAASURBVO3dCbxN1fv48ecKoWRIZkKEGyHzmHmWKTJkqkzJmITmwZAhU+ZviJQhU5nHmyFCRbiIkJCpUELI/d9n/X/nfn2vizucfc4ePvv1Os6891rvdZz7nLXXWk9IROQmcdySJk0qH3zwgfTs2TOO7+TlCCCAAAIIIICA8wVGjBghr776qly9etWSyoTENUC7du2aaIA2YcIE6dixoyWFYqcIIIAAAggggICdBSZOnCidOnUyAVqSJEn8XtQ4B2h//vmnpEqVSj755BNp3bq13wvEDhFAAAEEEEAAAbsLTJ8+Xdq0aSMXLlyQBx54wO/FjXOAdvr0acmQIYPMnj1bmjZt6vcCsUMEEPCWwF9//SUzZ86UHTt2yJEjR0R/iZYsWdJcihcvLqlTp/YWCLVFAAFHCMyZM0eeeeYZOXXqlKRPn97vZY5zgPbrr79K9uzZZeHChVK/fn2/F4gdIoCAdwSGDh0qAwYMML9AY6p1ihQpZMqUKeZLMKbn4/PY999/LxcvXjSB3+OPPx6fXfAeBBBAQBYtWiQNGjSQo0ePSrZs2fwuEucA7dChQ/LII4/IkiVLpHbt2n4vEDtEAAH3C+jcJB3DOnny5KjK6hdcoUKF5J9//pHvvvtO/vjjj6jn+vTpIwMHDpR77rkn6rH43ihSpIjpratcubKsWbMmvrvhfQgg4HGBpUuXSp06deTnn3+WXLly+V0jzgHa/v37JV++fLJy5UqpVq2a3wvEDhFAwP0C2iv2/PPPm4rqpCMN1Fq2bPk/Adi8efPMa3R8h27jxo2Tzp07m9sJ+YcALSF6vBcBBHwCq1atkurVq8u+ffskb968vof9dh3nAG3Pnj1SoEABWbt2rVSqVMlvBWFHCCDgDYHz58+bXnhfD9mYMWPkpZdeirHyBw8elMKFC8vff/8tjz32mOzevTvG18XlQQK0uGjxWgQQuJ3AunXrRHvi9XtJv5/8vcU5QNu1a5fouI2wsDB58skn/V0e9ocAAi4X0Bngbdu2NbVs3ry5fPbZZ3escd++fc26i/qi6N87Z86ckUGDBomOK9MvST11qgGYXnr16iWZMmWK2vdTTz1lxrrp6VMN+HTygW8Mmv7YfPvtt6Neyw0EEEDgbgJff/21VKxYUX788UcpWLDg3V4e5+fjHKDt3LnT/KJdv369lC9fPs4H5A0IIOBtgYYNG5pJRqqgQyYeffTRO4JoT9vcuXPNa3RW5xNPPGFur1692pwW1ZnlMW06mWn58uWSP39+83S6dOnk999/j+ml0qRJE9EZWWwIIIBAbAU2bNggFSpUMGNadfysvzcCNH+Lsj8EELijwMMPP2xmPSVPntzMpkyUKNEdXx/Tk9evX5c8efKYZTkSJ04sL7zwgpQuXVrOnTsny5YtEw3e/v33X9OTpr1rui1YsMAsKKkrf//yyy/mlMQbb7xhntMJCmXKlDG3+QcBBBCIjYDtAjTtytNIUbv2NHJkQwABBOIioIHZlStXpFixYrJt27a4vDXqtTp76tlnnzX3dXanruZ989aoUSMTkGnwd/bsWUmTJk3U04xBi6LgBgIIJEBAzyTqUC89s+gbLpGA3d3y1jj3oPkCNE5x3mLJAwggcBcBXZTWt+K2ZiLR8WhWbLoMUN26dc2uV6xYYWZa+Y5DgOaT4BoBBBIi4OtBs02Axhi0hDQn70XA2wK6xlmyZMkMgvZy6VIa/tj0lKee3tQlOXSW6KZNm6RHjx5m119++aXUq1cv6jAEaFEU3EAAgQQI+AI0zYJiizFo9KAloDV5KwIImNmTGkjlzp1bDhw4EG+Ry5cvy5AhQ0R7yPRUqQZpMW0EaDGp8BgCCCRUwBeg2aYHjWU2EtqkvB8BbwuEhobK3r17RceH6SlPTecU101TzumyGfrL1bdplgFdOkPHmx0/flw0gNONAM0nxDUCCPhTwOplNnTdoDhtkQvVRkRWMCIyRUqc3seLEUAAARXo0qWL+Q7R75HIBa/vihK5zEbEjBkzzCUypYp5fWTqp6h9vPjiixGRy3VERPagRe0rMnCLej4yQIt6XG9ELnxrnotcYPJ/HucOAgggEBcBjYP0e0zjIiu2OAdo+kWoBYo8rWBFedgnAgi4XCByCYyo4CnyNGdE5JixO9Y4csHZqNf7ArrIGVPmsci1ziKuXbt2y/snTJgQ9Z7bBWiRs69ueR8PIIAAArEV0DhI4yGNi6zY4jyLk2Tpkc3BhgAC8Ra4ceOGWbNs69atZh8NGjQwS2LEtENNpVKrVi2TQL1o0aKyfft28zJd3FbHr+XMmdNc35xE/eLFiyb9im8Jj+inOHWxW91PqlSpzMK1N783pjLwGAIIIBCTgNXJ0uPcgxY59sNEjJGLPloRMLJPBBDwgICegkySJElUL1ft2rUjIsdzRESOSTM9apGDbyMi83NGhISERL1m9uzZUTKRSdOjHu/atWtE5CDdCD0VGrlIbURkpoGo5yK/VCOi96A9/fTTUc9HzvSMiFzI1rw3aufcQAABBGIhoHGQfsdoXGTFFucALTKtiinQrFmzrCgP+0QAAY8I6OmBlClTRgVL+kUX0+W+++4z489uZonMpxkROSEgxtfrPiLTSUU9Fz1A+/TTT6Oe8x2vWbNmN++e2wgggMBdBTQO0u8QjYus2OIcoP3555+mQFOnTrWiPOwTAQQ8JBAeHh7RokWL/+lN8wVNkbM7IyKTmEdEzviMUUTfW6pUqf95b9q0aSNGjBhhxoT49qO9atG38ePHR0SuhxYVqEXm4oz+Eu4jgAACdxTQOEi/Z7Tn34otzmPQNL+d5r4bN26cRJ5miCwbGwIIIJAwgTNnzkhkwGWWx4j8opPImZaSL18+ic34ME0btXv3brO8Ro4cOWL1Hl9pNXm6Hk+zGyRNmtT3MNcIIIDAXQUif+hJ5CxyswZjbL6r7rrDaC+Ic4Cm79eVwAcMGCAvv/xytN1xFwEEEEAAAQQQcL/A8OHD5bXXXjO5ha2obbwCtAcffFC6desmb731lhVlYp8IIIAAAggggICtBd555x0ZPXq0mQ1uRUHjFaDpaYTIMRsydOhQK8rEPhFAAAEEEEAAAVsLvPLKKzJ37lw5cuSIJeWMV4BWsGBBKVOmjEycONGSQrFTBBBAAAEEEEDAzgIdO3aUb775RjQFphVbvAK0cuXKSbZs2eTzzz+3okzsEwEEEEAAAQQQsLVA8+bNRfMCb9y40ZJyxitAq1Onjuhq4JHT1y0pFDtFAAEEEEAAAQTsLKBZThIlSiRLliyxpJjxCtCeffZZOXjwoGzZssWSQrFTBBBAAAEEEEDAzgKR6zBKZD5hiVz82pJixitA0xmcy5cvl59++smSQrFTBBBAAAEEEEDAzgKaE7hmzZpmJqcV5YxXgGb11FIrKso+EUAAAQQQQAABfwlYveRYvAK0sWPHmnXQ/vnnH5NVwF+VZT8IIIAAAggggIDdBa5fvy733nuv6T3r0qWLJcWNV4A2Z84ceeaZZ+TkyZOSIUMGSwrGThFAAAEEEEAAATsKnDp1SjJmzCizZ8+Wpk2bWlLEeAVoYWFhEpnEWH788UfRNdHYEEAAAQQQQAABrwjo2mePP/64rFu3TipWrGhJteMVoO3du1dCQ0Nl5cqVUq1aNUsKxk4RQAABBBBAAAE7CqxatUqqV68u4eHhkj9/fkuKGK8A7dy5c5I2bVqZPn26tGrVypKCsVMEEEAAAQQQQMCOAjNmzJDWrVvLH3/8IWnSpLGkiPEK0LQkKVKkkLffflv69OljScHYKQIIIIAAAgggYEeBIUOGmBjo0qVLlhUv3gGaLs6mGQVGjRplWeHYMQIIIIAAAgggYDeB7t27mwwCumi/VVu8AzQdFKdrgMybN8+qsrFfBBBAAAEEEEDAdgKNGzeW33//XXTSpFVbvAM0TfekmQS2bt1qVdnYLwIIIIAAAgggYDuBEiVKiGYSsCrNk1Y43gFa//79ZerUqfLbb7/ZDo4CIYAAAggggAACVglkypRJ2rVrJwMHDrTqEPEP0CZOnCidO3cWHSCXLFkyywrIjhFAAAEEEEAAAbsIXLlyxUyUHD9+vHTs2NGyYsW7B02TpdeqVUv27dsnefPmtayA7BgBBBBAAAEEELCLwP79+yVfvnyybNkykyzdqnLFO0ALVAGtqjj7RQABBBBAAAEE4ioQqA6qeAdomihd10IbPXq0WJUoNK5ovB4BBBBAAAEEELBSYOzYsdKtWzczxEsTplu1xTtA0wI9/PDDolNNP/zwQ6vKx34RQAABBBBAAAHbCPTq1cssMfbLL79YWqYEBWhVq1Y1vWhffvmlpYVk5wgggAACCCCAgB0EnnrqKdN7tnr1akuLk6AATWdxaiZ3nSjAhgACCCCAAAIIuF1AJwhUqlRJdBanlVuCArQRI0bIq6++Kn///bckSZLEynKybwQQQAABBBBAIKgC165dk/vuu08++OAD6dmzp6VlSVCAplNMa9euzVIbljYRO0cAAQQQQAABOwj4VrBYunSpWWrMyjIlKEA7fPiw5MqVSxYsWCANGjSwspzsGwEEEEAAAQQQCKrAwoULpWHDhnLo0CHJmTOnpWVJUIB248YNSZkypbz++uvSr18/SwvKzhFAAAEEEEAAgWAKDBo0SN5//33566+/JFGiRJYWJUEBmpasWLFiZkVdKxOGWirAzhFAAAEEEEAAgVgIPPvss2ZY1/bt22Px6oS9JMEBWtu2bWXHjh3mkrCi8G4EEEAAAQQQQMC+AoULFxa9TJs2zfJCJjhAGz58uLz22mumu4+ZnJa3FwdAAAEEEEAAgSAI6AxOHdY1YMAAefnlly0vQYIDtFWrVkn16tVl165dUqBAAcsLzAEQQAABBBBAAIFAC+zevVsKFiwoK1eulGrVqll++AQHaKdPn5YMGTLIjBkzRM/NsiGAAAIIIIAAAm4T0LH2rVq1klOnTkn69Oktr16CAzQtYZYsWaR58+YybNgwywvMARBAAAEEEEAAgUAL9O7dWz7//HM5fvx4QA7tlwCtbt26cvnyZVmzZk1ACs1BEEAAAQQQQACBQApUqVJFkidPLosXLw7IYf0SoL355psyZswY+eOPPyQkJCQgBecgCCCAAAIIIIBAIAQiIiIkbdq00rVrV3n33XcDcUjxS4C2aNEik0ngwIEDkjt37oAUnIMggAACCCCAAAKBEDh48KDkyZNHNJNA/fr1A3FI/wRoej42a9as8tlnn5mxaAEpOQdBAAEEEEAAAQQCIKBjz1q0aCHHjh0z4+4DcEj/BGhaUA3QmjRpIiNGjAhEuTkGAggggAACCCAQEIGePXvK3LlzTYAWkANGHsQvpzi1sI0aNZKTJ0/KN998E6iycxwEEEAAAQQQQMBygTJlykjGjBll/vz5lh/LdwC/BWhDhgyRt956Sy5cuCBJkyb17Z9rBBBAAAEEEEDAsQJXr16VVKlSyTvvvCN9+vQJWD38FqBt2LBBKlSoIJs3b5ZSpUoFrAIcCAEEEEAAAQQQsEpgy5YtUrp0aVm/fr2UL1/eqsPcsl+/BWi6Dlrq1Kll0KBB0qtXr1sOxAMIIIAAAggggIDTBD788EPp16+fnD9/3qyDFqjy+y1A0wJrz5lmFZg3b16gys9xEEAAAQQQQAABywQaN25ssgdoT1ogN78GaJoGQXNy6mQBFqwNZDNyLAQQQAABBBDwt4AuUKuTAzQHZ6DTWfo1QPMtWLtv3z7Jmzevv53YHwIIIIAAAgggEDCB/fv3S758+QK6QK2vcn4N0DTV00MPPSTjx4+XDh06+I7BNQIIIIAAAggg4DiBSZMmSefOneXMmTMm1VMgK+DXAE0LXqhQISlQoIDMnDkzkPXgWAgggAACCCCAgF8FWrZsKbt375adO3f6db+x2ZnfA7QePXrInDlz5MSJE7E5Pq9BAAEEEEAAAQRsKZA5c2Zp2rSpjBw5MuDl83uA5huHFh4eLvnz5w94hTggAggggAACCCCQUIG9e/dKaGhoUMafadn9HqDpOiHp0qWTUaNGSZcuXRLqw/sRQAABBBBAAIGAC4wdO1a6d+8uZ8+eNeu8BroAfg/QtAK6HlqmTJlkwYIFga4Px0MAAQQQQAABBBIs0LBhQ/ntt98k0Ouf+QpuSYD2+uuvy0cffWSizsSJE/uOxTUCCCCAAAIIIGB7gevXr5uzgS+99JK8//77QSmvJQGa5qt68sknZePGjVK2bNmgVIyDIoAAAggggAAC8RHYtGmTlCtXTr7++muTZzw++0joeywJ0K5du2YiTz13++677ya0jLwfAQQQQAABBBAImMCbb75pxtLr+LMkSZIE7Lg3H8iSAE0PoOdujx07Jtu2bbv5eNxGAAEEEEAAAQRsLVC8eHHJmjVrUMfSWxag+Vbf1fXQMmTIYOuGoHAIIIAAAggggIAKnDp1SnT9s2BnRbIsQNPes+zZs8vUqVOlTZs2tDoCCCCAAAIIIGB7gU8++UTatWsnR48eNb1owSqwZQGaVqhw4cKSJ08emTt3brDqx3ERQAABBBBAAIFYCzRp0kQOHDggO3bsiPV7rHihpQGaLrcxZswYk2Q0adKkVpSffSKAAAIIIIAAAn4RuHr1qjz00EPStWvXoC2v4auIpQHat99+axatXbFihVSvXt13TK4RQAABBBBAAAHbCaxcuVJq1KhhFqctWbJkUMtnaYB248YNc/5WZ3RqygQ2BBBAAAEEEEDArgKaolKzIOk4+kSJEgW1mJYGaFqzTp06yZIlS8xgu5CQkKBWloMjgAACCCCAAAIxCURERJjJjXXq1JEJEybE9JKAPmZ5gLZ8+XKpVauW6OnOEiVKBLRyHAwBBBBAAAEEEIiNwNatW0VPa2rcoqc5g71ZHqDpgDtdB61jx44yePDgYNeX4yOAAAIIIIAAArcI9O3bVyZOnGjWQbPDxEbLAzQVaN26tWzevNlMW71FhAcQQAABBBBAAIEgC+iyYKVLl5bp06cHuST///ABCdAWLVokDRo0kB9++MGsjWaLmlMIBBBAAAEEEEAgUkDXPCtSpIgsXLhQ6tevbwuTgARoV65cMac5dXbEwIEDbVFxCoEAAggggAACCKhA//79zWoTmuYpWbJktkAJSICmNW3VqpU5zXnw4EFbVJxCIIAAAggggAACKpA7d25zenPGjBm2AQlYgLZ48WKpV6+ebNu2TYoVK2YbAAqCAAIIIIAAAt4V2L59uxQvXly++uorqVu3rm0gAhag6WzOTJkySdu2bWX48OG2AaAgCCCAAAIIIOBdgZdfflmmTZsmv/32m9hh9qavJQIWoOkBO3ToIEuXLjWL1gZ7hV4fANcIIIAAAggg4E0BzXiUPXt2qV27tkyaNMlWCAEN0MLCwqRSpUqyZs0aqVy5sq0gKAwCCCCAAAIIeEtg7dq1UqVKFVm3bp1UrFjRVpUPaICmkWqOHDmkatWqMmXKFFtBUBgEEEAAAQQQ8JbAc889J6tXr5YjR44EPfdmdPmABmh6cF2pd/z48eZcb4oUKaKXh/sIIIAAAggggIDlApcuXTJj4zt37mzLTEcBD9DCw8Plsccek5kzZ0qLFi0sbwAOgAACCCCAAAIIRBf47LPPpGXLlrJnzx4JDQ2N/nTQ7wc8QNMa63TWtGnTyooVK4IOQAEQQAABBBBAwHsCmhD9jz/+MMt/2bH2QQnQxo4dK927dzfnfLNmzWpHF8qEAAIIIIAAAi4VOHbsmBkTP2rUKNEsR3bcghKgacSaOXNmeeONN+S1116zowtlQgABBBBAAAGXCgwYMEDee+89OXHihDmjZ8dqBiVAU4hmzZqJrt574MABCQkJsaMNZUIAAQQQQAABlwlERERInjx5TFajWbNm2bZ2QQvQVq1aJdWrVxddg0TXRmNDAAEEEEAAAQSsFtA1z3Qt1pUrV0q1atWsPly89x+0AE3XRNPkpKVKlRKdScGGAAIIIIAAAghYLaArSGzZskUOHjxou7XPbq570AI0LYTvHLAO1kuXLt3N5eI2AggggAACCCDgV4GzZ8+KTk50whj4oAZoOjjv4YcfNgvEabJSNgQQQAABBBBAwCqB4cOHmwXzf/nlFzNZ0arj+GO/QQ3QtAKNGzeW3bt3y759+5gs4I8WZR8IIIAAAgggcIuATg7Ily+fFChQQObNm3fL83Z7IOgBmm+ygF5rjk42BBBAAAEEEEDA3wKac1MnBdh9coCv3kEP0DSizZs3r4lo58+f7ysX1wgggAACCCCAgN8EGjVqZM7Y7d+/3xFn7IIeoKn8iBEjpE+fPvLzzz9L9uzZ/dYY7AgBBBBAAAEEEDh69Kg88sgjMmTIEOnZs6cjQGwRoJ0/f97MqujatasMGjTIEXAUEgEEEEAAAQScIdCvXz8ZM2aM6KoRqVOndkShbRGgqVTnzp1l7ty58uuvv0ry5MkdgUchEUAAAQQQQMDeApcvX5Zs2bJJkyZNZPz48fYu7E2ls02AtnfvXnnsscdkwoQJ0qFDh5uKyE0EEEAAAQQQQCB+ApMmTZJOnTrJnj17JH/+/PHbSRDeZZsATeteu3ZtOXLkiEEkP2cQPg0cEgEEEEAAARcJ6ERE7fzJkSOHLF261FE1s1WA5psCu3jxYqlTp46jICksAggggAACCNhLYMmSJVK3bl1x4lJetgrQtFmLFCkiqVKlkrCwMHu1MqVBAAEEEEAAAUcJVKxYUS5cuCA//PCDo8qthbVdgKaJ01u2bGkSmZYsWdJxoBQYAQQQQAABBIIv8O2330qpUqVk5syZognSnbbZLkC7fv265MmTx/SksXCt0z5OlBcBBBBAAAF7COjCtNpzduDAAUmcOLE9ChWHUtguQNOyjx07Vrp16ya7du2S0NDQOFSHlyKAAAIIIICA1wXCw8OlYMGCMnr0aOnSpYsjOWwZoOmaJTlz5pTq1avL9OnTHQlLoRFAAAEEEEAgOAKtW7c2OTcPHz7s2LVVbRmgaXMOHTpU+vfvL/v27TPpGYLTxBwVAQQQQAABBJwkoGkj8+XLJwMHDpRXXnnFSUX/n7LaNkC7ePGiWbekfv368vHHH/9PobmDAAIIIIAAAgjEJPD888/LokWLzLqq999/f0wvccRjtg3QVE+j37fffls087ye8mRDAAEEEEAAAQRuJ6CnNPPmzWtiBz0L5+TN1gHan3/+Kbly5RJ60Zz8EaPsCCCAAAIIBEbA13t26NAheeCBBwJzUIuOYusATes8aNAgefPNN0VzdebOndsiBnaLAAIIIIAAAk4WOHjwoMm1+e6770q/fv2cXBVTdtsHaDoWTXvRatSoITNmzHA8OBVAAAEEEEAAAf8LtGrVSlasWCHae+bksWc+GdsHaFrQDz/8UPr06SM7d+40SU99hecaAQQQQAABBBDYs2ePFCpUSIYMGSK9evVyBYgjArQrV66Y7ALFihWTBQsWuAKeSiCAAAIIIICAfwQaNmwo27dvN1kDkiVL5p+dBnkvjgjQ1Gjy5MnSsWNH+eabb0xurSC7cXgEEEAAAQQQsIHAli1bpEyZMjJx4kRp3769DUrknyI4JkDTHJ0FChSQjBkzSlhYmH9qz14QQAABBBBAwNECFStWlJMnT8ru3bsdmXPzdviOCdC0Apo8vXHjxvLVV19J3bp1b1cnHkcAAQQQQAABDwgsXrxY6tWrJ/PmzRNNju6mzVEBWkREhJQrV07Onz9vJgw4MTu9mz481AUBBBBAAIFgCeiZNZ0YkDp1atm4caOEhIQEqyiWHNdRAZoK6Bg0DdLGjx9vxqRZosJOEUAAAQQQQMDWAjrmrHPnziY40zFobtscF6BpAzRt2lTWr18vP/30k+NXCnbbB4r6IIAAAgggYLWAZhp69NFHpUKFCjJnzhyrDxeU/TsyQNNF6EJDQ6VHjx4yePDgoMBxUAQQQAABBBAIjkDfvn1l5MiREh4ebhazD04prD2qIwM0JXn11Vdl1KhRrm4ca5uevSOAAAIIIOA8AV8nTffu3eWDDz5wXgViWWLHBmjavakZ60uXLm1md8ayvrwMAQQQQAABBBwsoLM1N2/eLPv373f1MCfHBmj62Zo6dao899xzsnLlSqlWrZqDP24UHQEEEEAAAQTuJrBq1SqpXr26TJkyRdq1a3e3lzv6eUcHaDdu3DA9aH/99ZdZdiNJkiSObgwKjwACCCCAAAIxC1y7ds0sq5EyZUrTg5YoUaKYX+iSRx0doGkbbN261QRpeh66d+/eLmkWqoEAAggggAACNwsMGzbMjD/X05slSpS4+SlX3nZ8gKat0qFDB5k1a5bs3btXsmTJ4sqGolIIIIAAAgh4VeD48eOSP39+adasmUyaNMkTDK4I0H7//XczYaBy5cquXQ/FE59GKokAAggggEAMArr+6dq1a83EgAcffDCGV7jvIVcEaNos//nPf0wW++XLl0uNGjXc11LUCAEEEEAAAQ8KrFixQmrWrCmTJ0+WF154wTMCrgnQdMJA+fLl5dSpU7Jr1y5Jnjy5ZxqRiiKAAAIIIOBGgcuXL0vBggUlQ4YMsmHDBnH7xICb29A1AZpWSgOzokWLyiuvvCIDBgy4uZ7cRgABBBBAAAGHCbz22msydOhQ+e6770yg5rDiJ6i4rgrQVKJfv34yfPhwTzZmgj4JvBkBBBBAAAEbCfg6XV5++WUZNGiQjUoWmKK4LkDT7tDHH39c0qVLJ5s2bfJUd2hgPjIcBQEEEEAAAWsFdNhS2bJl5ezZs/Ljjz96ctiS6wI0/cisWbPGZBYYMWKEaK4uNgQQQAABBBBwjoDm2u7Zs6do5oAqVao4p+B+LKkrAzT1ef75582SGxp558yZ049k7AoBBBBAAAEErBI4fPiwOROmS2t8/PHHVh3G9vt1bYB27tw5KVCggISGhppcnSEhIbZvDAqIAAIIIICAlwUiIiJMrs3w8HDZvXu3pEmTxrMcrg3QtEUXLVokDRo0MKsOt2/f3rONTMURQAABBBBwgoCudabZgRYuXCj169d3QpEtK6OrAzRVa9mypSxevNgswZE9e3bLINkxAggggAACCMRf4OjRo2Ypjbp168rMmTPjvyOXvNP1AZqmgdJTnbrQna5GzKlOl3xyqQYCCCCAgGsE9NSmZgHSpTX01KZX0jndqQFdH6Bp5X2nOseNGyedO3e+kwfPIYAAAggggECABcaPHy8vvvgipzZvcvdEgKb1bdu2rXzxxReyY8cOyZ07900E3EQAAQQQQACBYAkcPHhQChcuLE8//bRMmzYtWMWw3XE9E6BduHDBTNvNmjWrrF+/Xu655x7bNQYFQgABBBBAwEsC//77r1SoUEGOHTtmFqRNlSqVl6p/x7p6JkBThbVr15oFbN977z3p37//HWF4EgEEEEAAAQSsFRg4cKC88cYbZkHaypUrW3swh+3dUwGatk2vXr3ko48+ks2bN5vE6g5rL4qLAAIIIICAKwQ0AXrp0qXlpZdekg8//NAVdfJnJTwXoF25ckWKFy8u169fNwnVU6RI4U9P9oUAAggggAACdxG4dOmS6SRJnDixbNu2TZIlS3aXd3jvac8FaNrEmv6pRIkSZuLAhAkTvNfq1BgBBBBAAIEgCnTq1MlMCNi6dasZHx7Eotj20J4M0LQ1Ro4caRKxzp8/Xxo2bGjbBqJgCCCAAAIIuElgwYIF0qhRIxkxYoT06NHDTVXza108G6Dponh16tSRb7/9Vn744Qchy4BfP1fsDAEEEEAAgVsENFtAkSJFpGTJkrJkyRIWj79F6L8PeDZAU4LTp0+btVdy5colYWFhoufC2RBAAAEEEEDA/wI69rtixYpy6NAhsyZp+vTp/X8QF+3R0wGatuO6devM0hu9e/eWwYMHu6hpqQoCCCCAAAL2Eejbt68MGzbMLKlRqVIl+xTMpiXxfICm7fLOO++Yy1dffWVOe9q0rSgWAggggAACjhTQ05n16tWTt956y1wcWYkAF5oALRL8xo0bUrNmTbPsxvfffy8PP/xwgJuBwyGAAAIIIOBOgV9++UWeeOIJs6zG8uXLJVGiRO6sqJ9rRYD2f6A6Hq1o0aKSMWNG2bhxo9x7771+pmZ3CCCAAAIIeEvgn3/+kXLlysnJkydNJwjjzmLf/gRoN1lpdgEdwNimTRuZNGnSTc9wEwEEEEAAAQTiKtChQwf55JNPzEQ8zRrAFnsBArRoVmPHjjVpJzRAa9++fbRnuYsAAggggAACsRGYPHmyaICm6RW7dOkSm7fwmpsECNBuwvDdbNu2rcyaNctE/KVKlfI9zDUCCCCAAAIIxEJgy5Yt5oxUs2bNTMaAWLyFl0QTIECLBqJ3L1++LBUqVJATJ06YHGGZM2eO4VU8hAACCCCAAALRBfRvp+a81r+d69evl+TJk0d/CfdjIUCAdhukX3/91XzAcuTIYXrSSOR6GygeRgABBBBA4P8Erly5YnrOjhw5Yjo4smXLhk08BQjQ7gC3adMmqVKlijRp0kRmzJhxh1fyFAIIIIAAAgi0atVK5s6dK2vWrJGyZcsCkgABArS74E2dOlWee+45GTRokOgqyGwIIIAAAgggcKuAZuPp16+fTJkyRdq1a3frC3gkTgIEaLHg0jRQI0aMML8KGjVqFIt38BIEEEAAAQS8IzB//nxztqlnz54mnZN3am5dTQnQYmGrmQYaNmwoq1evlq+//lqKFSsWi3fxEgQQQAABBNwvsH37dnnyySelatWqsmDBAjIF+KnJCdBiCXnx4kUzs1NXQ9bpw9mzZ4/lO3kZAggggAAC7hQ4evSo6HJUmoVHZ2zef//97qxoEGpFgBYH9OPHj5sPYurUqU06qFSpUsXh3bwUAQQQQAAB9whcuHDBpHE6f/686bjIkiWLeypng5oQoMWxEXbu3Gl60vQ057JlyyRp0qRx3AMvRwABBBBAwNkCV69elVq1aome3tSes0KFCjm7QjYsPQFaPBpl1apVUqdOHWnatKlZfiMkJCQee+EtCCCAAAIIOE8gIiJCdDmNOXPmyJIlS6RatWrOq4QDSkyAFs9G0uSvOo1YZ3gOGTIknnvhbQgggAACCDhLoE+fPmampi5D1aZNG2cV3kGlJUBLQGPp2mj9+/c3S3D06NEjAXvirQgggAACCNhfYOTIkaJLaQwcONCseWb/Eju3hARoCWy7bt26ydixY2X69OnSsmXLBO6NtyOAAAIIIGBPgZkzZ0rr1q2lS5cuMnr0aHsW0kWlIkBLYGPqGmkamM2bN08WLlwotWvXTuAeeTsCCCCAAAL2Eli6dKk0aNBAGjduLBqoJUqUyF4FdGFpCND80Kg6m+Wpp56SDRs2yIoVK8y0Yz/sll0ggAACCCAQdIGNGzdKjRo1pHz58vLll1+yekGAWoQAzU/Qf//9t1SvXl3Cw8Nl7dq1UqRIET/tmd0ggAACCCAQHIEffvhBKleuLKGhobJy5Uq57777glMQDx6VAM2PjX7u3DmpVKmSnDhxwqSEyp8/vx/3zq4QQAABBBAInMDevXtNCqfMmTPLunXrJE2aNIE7OEcSAjQ/fwhOnTplPtCaGkoX78uVK5efj8DuEEAAAQQQsFbg0KFDZlF2Td2kOagzZMhg7QHZ+y0CBGi3kCT8gV9//dUEabqYnwZp2bJlS/hO2QMCCCCAAAIBENC/YRUqVBBdhF2DM/6GBQA9hkMQoMWA4o+H9NfHk08+KcmTJ5ewsDDRLmI2BBBAAAEE7CygQ3QqVqwoly9fNsEZZ4GC11oEaBba//TTT+aDrknV9fx9xowZLTwau0YAAQQQQCD+AidPnjTjqDUJunYsPProo/HfGe9MsAABWoIJ77wDndWpEwfSpUtnZndyHv/OXjyLAAIIIBB4AR0/rbM1z549azoUdNYmW3AFCNAC4L97927zwU+fPr0J0vSaDQEEEEAAATsInD592vyN0mtdJqpAgQJ2KJbny0CAFqCPwK5du6RKlSqiwdmaNWuYERMgdw6DAAIIIHB7Ae05079NGpzp36aCBQve/sU8E1ABArQAcmtPmv5HePDBB81/hEyZMgXw6BwKAQQQQACB/wr89ttv5m/S77//bv4m0XP2Xxs73CJAC3Ar7Nmzx/yH0IkD2pWcJUuWAJeAwyGAAAIIeF3g+PHj5rSmTgjQnrPHHnvM6yS2qz8BWhCaZN++fSZI0yU49D/Gww8/HIRScEgEEEAAAS8K/PLLL+ZvkC6loX+D8uXL50UG29eZAC1ITXTw4EHzH0QPv3r1asmTJ0+QSsJhEUAAAQS8InDz3x4NznLnzu2VqjuungRoQWyyI0eOSNWqVeXSpUuyatUqupiD2BYcGgEEEHC7gA6xqVatmqRIkcJ0DOTIkcPtVXZ0/QjQgtx8umqzBmlnzpyR5cuXS9GiRYNcIg6PAAIIIOA2ge+++05q1qwpDz30kAnOyG5j/xYmQLNBG2lwVqNGDdH0UF999ZWUL1/eBqWiCAgggAACbhDYsGGD1KtXTzRt04oVK0yQ5oZ6ub0OBGg2aeHz589LnTp1ZMeOHfLFF19IrVq1bFIyioEAAggg4FSBZcuWydNPPy2FCxeWJUuWSOrUqZ1aFc+VmwDNRk3+999/S+PGjc3yG1OnTpWWLVvaqHQUBQEEEEDASQIzZ86Udu3ameU05s2bJ/fdd5+Tiu/5shKg2ewjcPXqVWndurXMnTtXhg0bJj179rRZCSkOAggggIDdBUaMGCG9e/eWJk2ayPTp0yVp0qR2LzLliyZAgBYNxA53b9y4IT169JAxY8aY/2BDhgyRkJAQOxSNMiCAAAII2FggIiJC+vTpY37gd+3aVUaOHCmJEiWycYkp2u0ECNBuJ2ODxwcPHiz9+/eXZ555RqZNmyb33nuvDUpFERBAAAEE7Cjwzz//SNu2bWX27NkycOBA6du3rx2LSZliKUCAFkuoYL1MxxA899xzUrJkSVmwYIHJ4xmssnBcBBBAAAF7Cmg+zYYNG8q3334rU6ZMYQyzPZspTqUiQIsTV3BeHBYWJo0aNTJToxcvXkzWgeA0A0dFAAEEbClw4MABqVu3rllPc/78+VKxYkVblpNCxU2AAC1uXkF7tebv1GU4NLGtLsPBf8CgNQUHRgABBGwjoD/gdRmNVKlSmWU0yKtpm6ZJcEEI0BJMGLgd6IK22pO2detWGTt2rLzwwguBOzhHQgABBBCwlcB//vMf6dKli5QoUUK050yzBLC5R4AAzWFtqYNAO3XqZCYNdOvWTYYPHy6JEyd2WC0oLgIIIIBAfAWuX78uL7/8sowePdpMCpgwYQKTyOKLaeP3EaDZuHHuVDQNzF599VVzqlNn7Dz44IN3ejnPIYAAAgi4QEAnA+jMfj21+cEHH5hAzQXVogoxCBCgxYDilIc0uXqLFi1M6g6d4VmoUCGnFJ1yIoAAAgjEUWDnzp1mpqamBvzss89M8vM47oKXO0iAAM1BjRVTUXX2jk6tPnz4sEyePNkEbDG9jscQQAABBJwroAFZ+/btJWfOnGbJpTx58ji3MpQ8VgIEaLFisveLLl68aPKt6ezO7t27y9ChQyVJkiT2LjSlQwABBBC4q8C1a9fklVdekVGjRpnZmpqn+f7777/r+3iB8wUI0JzfhqYGmt5Dc3dq5gFd1FbHpWXJksUltaMaCCCAgPcEjh8/bsab6eKzmhlAc2uS9s87nwMCNJe1tQ4cbd68uWg+T81CULVqVZfVkOoggAAC7hdYvXq1yQageTQ///xz1r50f5PfUkMCtFtInP/Ab7/9Js2aNZNNmzbJ66+/Lm+88Ybcc889zq8YNUAAAQRcLvDvv//Ke++9J++//76ULVtWZs2aJZkyZXJ5raleTAIEaDGpuOAxXSfnzTffNNOwNevAp59+yn9yF7QrVUAAAfcK6I/rZ5991iyhocsovfvuu6xz6d7mvmvNCNDuSuTsF+hSHK1btzbjFqZPny41atRwdoUoPQIIIOBCgRUrVpjvah1PrN/VNWvWdGEtqVJcBAjQ4qLl0NeeOHHCjGVYv369WdRQu86TJk3q0NpQbAQQQMA9AlevXjVDUXTx8QoVKpixw5kzZ3ZPBalJvAUI0OJN56w36rgGnQWkXeaFCxc2ixyyjo6z2pDSIoCAuwR0HUtdbHzHjh1mSIrOwme8sLvaOCG1IUBLiJ4D3/vNN9+Y3rSzZ8/KyJEj5fnnn3dgLSgyAggg4GyBjz/+WHr06CHp0qUzvWZlypRxdoUovd8FCND8Tmr/HV64cEFefPFF04umWQgmTZpkviTsX3JKiAACCDhbQH8cd+jQwWQD0N6zcePGSapUqZxdKUpviQABmiWsztippg7p0qWLJE+eXPTXXK1atZxRcEqJAAIIOFBg2bJl5qzF5cuXZezYsaTmc2AbBrLIBGiB1LbhsY4ePSpt27Y107o7duxo0kSRRsSGDUWREEDAsQKajk/TNU2cONEsODtt2jTJnj27Y+tDwQMjQIAWGGdbH0WzDmieNx2gqumh9MujXLlyti4zhUMAAQScILBx40bzI1jTNulELc2XrNkB2BC4mwAB2t2EPPR8eHi4tGnTRr7//nszeFWX49DTn2wIIIAAAnET0NOYmslFJ2M98cQT8sknn0hoaGjcdsKrPS1AgObp5r+18pqBYNCgQSbNSM6cOWXKlCnC7KJbnXgEAQQQuJ3A5s2bpV27dnL48GETpPXr14+MALfD4vHbChCg3ZbG20/s3LnTfMH8+OOPpktec8OlSJHC2yjUHgEEELiDwKVLl0zuYx0y8vjjj8vUqVOlUKFCd3gHTyFwewECtNvbeP6Za9euyeDBg01vmg5onTx5shng6nkYABBAAIFoAmFhYdK+fXvRiVd6arNv376SJEmSaK/iLgKxFyBAi72VZ1+5e/duMzV827ZtZv2eDz74gHV7PPtpoOIIIHCzgK4rqYnNdT3J4sWLmyWLChQocPNLuI1AvAQI0OLF5r03aaooHez65ptvSpo0aeSjjz6SBg0aeA+CGiOAAAL/J7Bw4UJ56aWX5Ny5cyaNnmYGIFUTHw9/CRCg+UvSI/v5+eefpVOnTrJ69Wpp3LixjB49Wkjs65HGp5oIIGAETpw4Id26dZN58+ZJlSpVzPpmjzzyCDoI+FWAAM2vnN7YWUREhJky3rt3b9FZn3rKU8desLaPN9qfWiLgVQFdM1LH4uopzcSJE8uwYcPM0kQhISFeJaHeFgoQoFmI6/ZdnzlzxqyXpimjypYtK+PHj5eCBQu6vdrUDwEEPCiwa9cu6dy5s2zatMmkaNIhHw899JAHJahyoAQI0AIl7eLjrFixwuT01NlL2u3/1ltvScqUKV1cY6qGAAJeEfjrr7/knXfeMcM5dDa75tCsUaOGV6pPPYMoQIAWRHw3HVpXzdYFbocMGSIPPviguW7RooXQ9e+mVqYuCHhHQIdy6NmBPn36yO+//26udcFZsqt45zMQ7JoSoAW7BVx2/IMHD5rTnkuWLDGnPfU0QLFixVxWS6qDAAJuFti+fbv5HtPTmXXq1DEz2HPnzu3mKlM3GwoQoNmwUdxQJA3QevXqJRqwtWrVSgYMGGASsbuhbtQBAQTcKaAJzV977TWZMWOGaED24YcfmgDNnbWlVnYXIECzews5uHxXr1414zU0TZTe1oDtlVdeYXyag9uUoiPgRgEdZzZ06FATkCVNmtSka+rSpYvobTYEgiVAgBYseQ8dV8dvaJCmszx1kds33njDZCQgDYqHPgRUFQEbCmg6O80AoN9PutisztLU7ycdR8uGQLAFCNCC3QIeOr4ucqunD+bMmSO5cuUyM6OaN2/O+mke+gxQVQTsIKDrmX3++edmxvmhQ4ekadOmZhgGi83aoXUog0+AAM0nwXXABL777jvp37+/rFy50qyb9u6770r9+vWZ8RmwFuBACHhTQGdmLlq0yKSs03XNqlevLgMHDpSiRYt6E4Ra21qAAM3WzePuwoWFhcnrr79uFn7UL0hda0hnTLEhgAAC/hbQiUu6RqP+QNSFtd9//32pWLGivw/D/hDwmwABmt8o2VF8BZYtW2a+OLdt2ybFixc3v241UGMNtfiK8j4EEFAB7THTwEx76X3fL/pDsFatWgAhYHsBAjTbN5E3Cuj7ItUvT12DSHvUdLxagwYNCNS88RGglgj4TUC/TxYuXGjGlWmPma7FqL1n/PDzGzE7CoAAAVoAkDlE7AX0i1V71HRW1ZYtW6RAgQLSt29feeaZZ0xy4tjviVcigIDXBK5fvy6zZ8+WwYMHy+7du6VUqVJmVqb2mNEj77VPg/PrS4Dm/DZ0bQ3WrFljfgGvW7fOzPrs3bu3tG3bllQrrm1xKoZA/AQ01dy0adNk2LBhorMyK1WqZHrgq1SpEr8d8i4EbCBAgGaDRqAIdxbQnjT9Rfzll19K+vTppWvXrma9orRp0975jTyLAAKuFvjjjz/M+opjxoyR06dPy1NPPWV63LXnjA0BpwsQoDm9BT1U/vDwcLPatyYw1hW+27VrZ/Ll6ZpqbAgg4B0B7SXTPL9Tp041WUpatGhhspSEhoZ6B4Gaul6AAM31Tey+Cmq+vNGjR5sVwDVFi04k6Nmzp5k6777aUiMEEPAJaPLyESNGmAkAKVOmNBlJunXrRp5fHxDXrhIgQHNVc3qrMhqcffzxxyZYO3z4sJQoUUK6d+8uTZo0EdJIeeuzQG3dK6DpmObOnSujRo2SrVu3Ss6cOUWDsueff568vu5tdmoWKUCAxsfA8QL//vuv+UWtX+AbNmyQzJkzS6dOncyv6wwZMji+flQAAS8KnDp1yvSST5gwQU6cOCHly5c3P8C0x/yee+7xIgl19pgAAZrHGtzt1f3+++9Nj9qsWbNMVbU3rUuXLma6vdvrTv0QcIOATgoaO3as6TXT+jRr1sz0mD3xxBNuqB51QCDWAgRosabihU4S0BldkydPFv31fezYMbPw7Ysvvmi+7FOkSOGkqlBWBFwvcOnSJdEfVePGjTOpmLJmzWp6wdu3b29mbrsegAoiEIMAAVoMKDzkHgFduFKTI+sXv66nljp1amndurV07NhR8ufP756KUhMEHCiwd+9emThxokyfPl3Onz9v1i/TH1L169dnYWoHtidF9q8AAZp/PdmbjQX27dtnetR8fwwqVKhgxqk1btxY7r33XhuXnKIh4B6Bf/75R+bNm2fGl61fvz7qR5OOG82XL597KkpNEEigAAFaAgF5u/ME9HTKnDlzzC93He+SLl06adWqlTz33HMmtZTzakSJEbC/gKZemjJlisyYMUPOnj1rxoVqT3bTpk2FYQf2bz9KGHgBArTAm3NEGwn8+OOP5pf8zJkzzSkWTarcpk0bM1ZNAzc2BBCIv4AGYjq27JNPPpHt27eb3rKWLVuanuvHH388/jvmnQh4QIAAzQONTBXvLqC5/BYuXGj+kKxevdpM469Ro4boH5N69erxC//uhLwCASOgPdRfffWV6I+eFStWiC6DU7VqVfPDR5fISJ48OVIIIBALAQK0WCDxEm8JaKaCzz//XD799FPZuXOnWQxTc/w988wzokGbppliQwCB/wpcvXrVBGOzZ882OXN1EelChQrJs88+K82bN2el//9ScQuBWAsQoMWaihd6UWDPnj0mWNM/PAcPHjSnaDRYe/rpp6V69epMLvDih4I6GwEd7L9y5Ur54osvTFCmszBz585thgfo2mWPPfYYUgggkAABArQE4PFWbwl89913ZvFMTTujyZofeOABqV27tjRs2FBq1apF2hlvfRw8WVvtGVu2bJksWLBAli5dKn/++afkypXLpFfTRaGLFi3qSRcqjYAVAgRoVqiyT9cLaMaC+fPnm4uu5aTLdFSuXFm0d03HrGXJksX1BlTQGwJ6yl/HlH355Zeydu1a0Z4zXUOwUaNG5sIK/974HFDLwAsQoAXenCO6TEDXV9PFcPXy7bffSkREhOgfrbp165qL9iqEhIS4rNZUx60C+vnV3uLFixebi/4Y0c9vyZIlzQKyuogs65W5tfWpl50ECNDs1BqUxfECmuB5yZIlpsdBZ4NevHhRMmbMKDVr1jSnQatVqyZp0qRxfD2pgLsEzp07J6tWrTKnL5cvXy4nT56U+++/38y+1B7hOnXqSIYMGdxVaWqDgM0FCNBs3kAUz7kCV65cka+//tqM1dHxOjrJIHHixKYnQmeD6iQDXXftnnvucW4lKbkjBXTpC12XTAf561IY2vOradF0kL+Oq9TLk08+KcmSJXNk/Sg0Am4QIEBzQytSB0cIHDhwQLR3Qi9hYWGi60Vpb1rFihVNDkIdwxYaGsrpUEe0prMKqactw8PDzRgyzUmrnz/tNdMV/PXzpz28esmTJ4+zKkZpEXCxAAGaixuXqtlXQHvXvvnmG1mzZo3oqVAd86O9GunTp5dy5cpJ+fLlzXXhwoVJGm3fZrRtybQ3TNfw27Bhg7ls3LhRTp8+bXprdUykLhxbpUoVKVOmDL1ktm1FCuZ1AQI0r38CqL8tBC5cuCD6R1RPiepFB2brH1kdB1SiRAkpXbq0yV1YqlQpkzvUFoWmELYR0JRKmldWL5s3b5atW7ea8Y96Sl0DsgoVKphTlhr8p0qVyjblpiAIIHB7AQK029vwDAJBE9DJBfpHVnvZNm3aZP7w6kKgOpvukUcekeLFi5uLBm9FihQhFVXQWirwB9ZT4z/88IP5fGzbtk308vPPP5vZw6lTpzaBfNmyZU3vmH4+NMhnQwAB5wkQoDmvzSixBwVu3LghupyHBm06oFuvd+3aJdeuXTOnQHXZA+0p0eU99KKnRvnD7PwPigbqO3bsMD2q2quqp8L1c6C9q0mSJJGCBQuaHlZdAkODMf0cJEqUyPkVpwYIICAEaHwIEHCogCZ413FGOhtP/3DrRRfN1T/e+kdaB3xroKY5EfWitzNnzuzQ2rq/2CdOnDDBmLapXjQw04klGpzrqUpdHFaDcJ35q9fapiQed//nghp6V4AAzbttT81dKKCnv7RnTU+B+S56Xycl6KazRvPmzRt1efTRR81tXV6BJRWs/0BoO+hyK/v375effvrJXOttveisSt20HbRnTE9d+y56X2dcsiGAgHcECNC809bU1KMC2qOmQYEus6DJ3/VaLxoUaNoe3bTHTXvXcuTIYS45c+aMuq2PZcuWzZxS8yhhrKutp5x//fVXOXLkSNTl8OHDUbe1l0x7xHTT9GAaLOvSKnrR5OJ6rcGy9pixIYCAtwUI0Lzd/tTewwK6rIcGEzrAXJO/R7/WSQm+TRfT1ZXkNcdo1qxZY7zW59zcy6O9k5qXUi/Hjh2L8VozSairb9NB+5pMXCd2RL/WoJdFin1SXCOAQHQBArToItxHAAEjoAGaBnBHjx4113rbd9HHNFDx9cD5yDRAe+CBB8wlZcqUUbf1sbvdv/k1uh9/5C/VBVo1sPrzzz/lr7/+Mtd623eJ/tid7ut+bt60B0yD0uzZs5seRg24fBffYxqgsSGAAALxESBAi48a70EAAbOsw5kzZ0RP2+lFAzbN4ei7aG+S7/bff/8dJzE95Zo0adJbLhoU+R7XWYx6SvHq1avmosGi7/bN175TirEtwH333Wfyp2oOVe011GvfRQMyPRWsl4ceesgvQWRsy8XrEEDAWwIEaN5qb2qLQFAEdBycDpDXIEqvo9+Ofv92r7v5cQ3ONEjTQfV60eDtbrdj8zrGfwXlI8JBEUAgmgABWjQQ7iKAAAIIIIAAAsEWIEALdgtwfAQQQAABBBBAIJoAAVo0EO4igAACCCCAAALBFiBAC3YLcHwEEEAAAQQQQCCaAAFaNBDuIoAAAggggAACwRYgQAt2C3B8BBBAAAEEEEAgmgABWjQQ7iKAAAKbK5GLAAABlUlEQVQIIIAAAsEWIEALdgtwfAQQQAABBBBAIJoAAVo0EO4igAACCCCAAALBFiBAC3YLcHwEEEAAAQQQQCCaAAFaNBDuIoAAAggggAACwRYgQAt2C3B8BBBAAAEEEEAgmgABWjQQ7iKAAAIIIIAAAsEWIEALdgtwfAQQQAABBBBAIJoAAVo0EO4igAACCCCAAALBFiBAC3YLcHwEEEAAAQQQQCCaAAFaNBDuIoAAAggggAACwRYgQAt2C3B8BBBAAAEEEEAgmgABWjQQ7iKAAAIIIIAAAsEWIEALdgtwfAQQQAABBBBAIJoAAVo0EO4igAACCCCAAALBFiBAC3YLcHwEEEAAAQQQQCCaAAFaNBDuIoAAAggggAACwRYgQAt2C3B8BBBAAAEEEEAgmgABWjQQ7iKAAAIIIIAAAsEWIEALdgtwfAQQQAABBBBAIJoAAVo0EO4igAACCCCAAALBFiBAC3YLcHwEEEAAAQQQQCCaAAFaNBDuIoAAAggggAACwRYgQAt2C3B8BBBAAAEEEEAgmsD/A93Q5op8alHbAAAAAElFTkSuQmCC</file>

    <drag>
      <no>1</no>
      <text>Traffic Light</text>
      <noofdrags>1</noofdrags>
    </drag>
    <drop>
      <no>1</no>
      <shape>polygon</shape>
      <coords>258,350;381,592;483,546;365,330</coords>
      <choice>1</choice>
    </drop>
  </question>

<!-- question: 130281  -->
  <question type="ddmarker">
    <name>
      <text>Question 32</text>
    </name>
    <questiontext format="html">
      <text><![CDATA[<p dir="ltr" style="text-align: left;">There is an array of different objects scattered below. Imagine you are standing at the <strong>flower</strong>&nbsp;and facing the <span><strong>tree</strong>.</span> Indicate where the <strong>cat&nbsp;</strong>is from this position. <strong>Drag and drop</strong> the <strong>cat marker </strong>along the imaginary line pointing in the direction of the cat.<br></p><p dir="ltr" style="text-align: left;"><img src="@@PLUGINFILE@@/32%20%281%29.png" alt="" role="presentation" class="img-fluid"><br></p>]]></text>
<file name="32 (1).png" path="/" encoding="base64">iVBORw0KGgoAAAANSUhEUgAAAkwAAAGzCAIAAABSKt/FAAAAAXNSR0IArs4c6QAAAARnQU1BAACxjwv8YQUAAAAJcEhZcwAADsMAAA7DAcdvqGQAAGBsSURBVHhe7Z13YFVVurevkF4hBdKB0Jv0JooFsSKooGPBPoqOV7E7KorYEFHHwqg4VnRU7IioCEqTXqSFEnpCEtJ7j/o9OW88Nx/SDXJy8nv+2K699rvX3pi11rPefdoJv/322/8IIYQQ7kijmv8KIYQQbockJ4QQwm2R5IQQQrgtkpwQQgi3RZITQgjhtkhyQggh3BZJTgghhNsiyQkhhHBbJDkhhBBuiyQnhBDCbZHkhBBCuC2SnBBCCLdFkhNCCOG2SHJCCCHcFv3UjhB1DGPqhBNOsILVADWHM9YszE4XQvx5JDkhjh6GjxMzE1tgt6KioqCggAKVVVVVGRkZlD09PUtKSizSya+//urn5xcaGurv7x8YGNioUc3zFert9MaNG+9zihDiMJHkhDh6GD6mIofaqkcT7NixY8WKFcnJyevXr0dvSKu4uHjr1q24CvLz82tO/h1aCAgIiHdw+umnt2nTJjo6Ojg4mAY5nQa9vLwo10QLIY4ESU6Io8TGDltUlJOTk5ubm5aWlpiY+O233/70009oKTw83OSE50jsUlNTEVi7du04ZR9pUUPAli1bUGCLFi26devW2wHBvr6+BO8TL4Q4TCQ5IQ7BL7/8QrKFZnCVUzZUFhYWkp/t3bsXOZG6ZWVlIbk9e/aUl5d7eHiMGDFi1KhR3t7eBHMWCnz++ef79+9/3333kc9ZI7XhrDVr1kyfPv2HH34gC/Tx8enYseNJJ510yimn9OzZMyQkhKbsxNqOtBuzXWelEMKJJCfEIUAkKM1eKqusrCwuLt62bdvSpUtXrVq1YcMGci/SuKKiIntu6fk7jz/++PXXX4/trBEOvfnmm4sXL540aVJERIRV7gMxeXl5q1evfuWVV7777jsSRKwWFRVFPteqVav27dsPGjQoPj4e/3l5edkpdlH0VlvAQggnkpwQ+wF5lJWVVVRUmDkokLHt3LmTpA0JrVu3LiMjw15dIwAVsSUGF/r6+tru8OHDTz31VAJMQi1atFiyZMnbb799ww03XHTRRaZMroIFQ0NDzYVEci4tzJ8//84779y9ezeHMCgpI9YMDAyMi4vr0KHDgAEDSO9QHZdjS5Ln7+9PC3YhuyVrjW3tXSsI0aCQ5IT4PxgONiKysrI+/PDDzZs3W4ZEgpWQkEAlaRyQY1FpMrMAziovL+dEKhESBazj7e1trRGAh8j2aKdJkyaRkZFOyVFPiobAKCOt4ODgfv36paSkTJkyJS0tbeDAgWh1x44d1g5b2iemWbNmXIVdLNi5c+fu3buHh4dzevPmzWNjY8PCwuwxqRMigYvadYVoOEhyQvwfDAdkQ2HFihWjR49OTEx01ldWVh58sNhRfGa7hwnx6Mp5FhJCe+jK3pbJIcqkjHZXf8Sc6ufnR4EbwH9dunTp0aMH4mzVqhXCQ34mNlowK9uJQjQQJDkh/g+Gg42IuXPn3n777WRRTrsc0UgxlxzylD8qBw8536tCLmgfISgrK+M2rLXap5jhTF3EVKdpjRohRWowZUxMDEneqaee2qFDh/j4eNI7GiSAYJqyLY3UblAI90OSE+L/w0ZESkrKSy+9NGXKlMLCwr9sjOAbJOTl5cUVcRVlClRaEgkWY1ZDYwEBAQUFBejNPkteWlrK3VoWyCnWWkhISGRkZOvWrUnv2rVr179//6ioKA7RFEetweprC+GmSHJC7AfGxUcffUQyl52dvd8x4nQDR//oiaMbVgf3jbVJDHLCargQ2yG58vJykj80FhwcnJiYmJOTY5HOGyOBo+Dj49OkSZMuXbqMGDFi+PDhlKk0qlsXwk3Rq9BC7J9ff/31QLkONRwChyNqjlqCZeWjAy0dhJqg38NI14qLi8nbqKmoqCD1TE5OtsebhgVzkygQqMnIyPj++++feeaZtWvXUs+5zjAh3BVJToj9Ex8fHxMTg7osE6qpdRiOLIrEyNPT09fXly2V7JJdsYtOqr13zNIjh79+K3WApewlQ26SfI6kk919vgOMmrKyspKSEnvzJ+cWFhZSQ+HY3aQQroMkJ8T+adGiBZ7DH6YNJxyyyiZNmuA2bEGNpVDUU6ZglccO1FVZWYm3THJWExwc3LZt28DAQHadt8qdcG8cJdsjnl22qampCNIZI4QbI8kJsR+Y/UNCQvAcZXxAMgc4zKwQEBAwePBgjiIPjpLMRUREhIWFset8u6OjmWOCw6HV1Ow77paLcifFxcXcQ6NGjbhbe9HOnqkSzNYKSK6goIBgTqzdiBBuiSQnxP7BEx06dEB1+MD5NNJyNX9//+7du9vjSvI5b29vUij7ODZHcYmjgWNOtegckKtx6dzc3K1bt5aWlnJX3DB3ZY9P8Zxpj38CBe6zW7duKJDyX3arQhwvGj/66KM1RSFELRBAdHR08+bNk5OTMzIyqDGdsK2srNy9e3d2djYpHTVACpWVlcUhzmKXdMoaOQhE/kmc7XBdJMfWWWBrcCeI2dxsSV6zZs1GjRpF6lm7ESHcFX2EQIj9gyEYHRhr4cKFr7766oYNG0iVcnJyEANZEUfJk0jmzGfl5eWYj11OqaiooMY5sg4iEtyDJg9pGppCTkTamyRLSkoQKlehbOdy1C7XtGnTdu3aIeYdO3aUlZUFBQW1bt2apM1u0oL79+9/+eWXE3nI6wrhBkhyQuwfhgZgAny218EPP/wwefLk9PR0ZGYmo4BCCMBwwcHBSIXK2vLAN2FhYQTU7NcC8RDfrVs3lFlTdQCI5EIdO3a0H6jbtWvXxx9/PH/+/MzMTFq2yxEQHx9/ww03DB8+nDvhJvGuv78/p9B+7WHu46BmRwh3R5IT4hDYGGFbVFQ0adKk119/3d6sTyUpFApBM3379r3sssvatGljXnScV300OjoazdjuPhDJufimthQPAhqzSMSWlpY2Z84cPJeamko7gE2vvPLKU0891c/Pz+KdHGb7QrglkpwQhwalAdJCKp9++umHH36YmJhoYyc0NLRXr1533nln79697aWvP0plv5rhdOoPOQAJ4NIWaY8l7U44hHQLCgqoAdwWEhJCmGHnCiEkOSEOCxsp+KOsrGzdunWbNm1CNlSSQnXp0sU+Nu6McZxRcwr8Sevs0w67VmPOcxypQXoTYh8kOSGOGIdlagaOFbCLZVdCCJdCw1KIIwalGZRNck7nCSFcCmVyQhw9zuFjwhNCuBqSnBBCCLdFjyuFEEK4LZKcEEIIt0WSE0II4bZIckIIIdwWSU4IIYTbIskJIYRwWyQ5IYQQboskJ4QQwm2R5IQQQrgtkpwQQgi3RZITQgjhtkhyQggh3BZJTgghhNsiyQkhhHBbJDkhhBBuiyQnhBDCbZHkhBBCuC2SnBBCCLdFkhNCCOG2SHJCCCHcFklOCCGE2yLJCSGEcFskOSGEEG6LJCeEEMJtkeSEEEK4LZKcEEIIt0WSE0II4bZIckIIIdwWSU4IIYTbIskJIYRwWyQ5IYQQboskJ4QQwm2R5IQQQrgtkpwQQgi3RZITQgjhtkhyQggh3BZJTgghhNsiyQkhhHBbJDkhhBBuiyQnhBDCbZHkhBBCHBa/OqjZqSec8Ntvv9UUhRBCiD9gYsvMzPz+++/Dw8NPO+00b29vO3TCCSdYwWVRJieEEOKAWCKUm5v7/PPP33///S+++OKuXbuo/OWXXyorK10/sZPkhBBCHBBkhsmSkpJmzJiB6qCwsLC0tLSkpKQmwrXR40ohhBD7ATvgsx9++AGlJSYmfvrpp1FRUaRxZ599dkhISFFR0ejRo9u0aeN8Yumajy4lOSGEEPtiakhNTb333nu///57ytHR0f379//2229xnpeXF7vPPvvsySefbG5z2RfnJDmxHw6/V7j+y85CiKPAnlJWVlYuXrx4xowZa9asSUhIKC8vb9y48aBBg7p27UpWd9ppp/n4+FRVVXl7e0dERFCuOdmVkOQaOnQA6wONGjWqqKgoLCykc2dkZBQUFNChwcKcEIzY2NKhO3XqFB4ebpVAC2BhQoh6hA1h55p18+bNM2fOZBKgBoGVlZWtW7du4cKFlsO1b98+JiaGyYG5gl1PT0+mjhtvvPHcc88lHqhn6+HhYa0dXyQ58T8sxOiR2dnZn3766ezZs1m7FRUVFRcXUw8EOPptde9nEceWHmzdhtXcHXfc0aNHD2uEvm4BQoj6BUkbAsNVDOH8/PwJEyZ8+OGHjGiWrUwIAQEBHCKAYd6kSRN/f3/8FxQUxKTRs2fPU089dd68eS1atBg1alRaWlqHDh1at27t6+uL5GzeOL5Icg0aW7vZW6eeeuqpb7/9NjQ0dNiwYZ07d6bSmZbZgwu2dFwqUSBp3NatW6dNmxYWFnbbbbfRy0NCQohUJidEvYN5AId9880306dPZ6Tn5eUtWbKksLAwNja2TZs2/fv3T09P/+qrr3Jzc1EghmPbrFmzM844Y9OmTYmJiRRI9RYsWMAkQHp38803X3fddUwRzAauILnGjz76aE1RNDDozWxZmq1evXrSpEkzZ84877zznn766V69enGIPkpv9vPzY8vKLjMzc68DuntWVlZgYODQoUNPO+205cuX//e//922bVtkZCT9nt6PC2nWFTq3EOJwYLQiJAbvypUrv/jii+3bt+MqJoF+/fr985//ZPhjuOTkZFI6lrmnnHJK8+bN169fv2vXLrI36ln1Mo14e3szAzBdjBkzhgLidBHJKZNroPB3h5ycnFmzZr366qvYa8SIETfddFNCQsLrr7+O9kyB9FGgc1unt95CDR2a7G306NHh4eFIjjUgvf+GG24YPnx4VFSUneW4jhCifsAAnzt37v/+7/8WFBSQmRUXF5977rlnnXXWiy++iPZYvCItBv6JJ54YEBCwatUqkj8Wu6iRVI/5YfPmzR4eHmFhYUwgHTp0YK5wkec6yuQaCvS52uJhl/Rr4sSJkydPpn7s2LGXXnrpxx9//MQTT6xZs4b+zeqspKQEvbGlf9OVOYv1mq3OGA9btmxZvHgxnR41kvytXbv2s88+27p1a2hoaEREhL3mLNUJUS9gQoCffvpp+vTpSI4BzhCOjo5GXT///LM9oWHr6emZkpKSmppqQ5tKHx+fwsLCPXv2pKWlZWdnU9O9e3ckRwvEuMIMIMk1FOjBdDugjLrmz58/YcKEr776ilXYuHHjmjdv/sILL7z11lvp6eleXl4Wj89MabZL9+V0a4caujuJ4IoVK5KSkvr27Tty5EhGxcyZM+fNm4cXY2JigoKCOJ1IIYTrg9s+/PBDPMcAZ7Az0iE/P59hzlEb+2CDmvUuUCCHs3Uwh6ih0K5du5NOOol5wzl7HF8kuYYCXZBuSp+rqKj44osv+LuvX79++PDhjzzySGJi4mOPPTZ79myyN2dPre7ODrGBoz9XV9KCQRmlsbKjf7PWI6Wj5SuuuILOnZCQQPtsw8LCYmNjLQUUQrgyjN+MjIyPP/6Y4cwAZ+xTaU8j8/LyKFNpW5sQ2NoUQQ1L5NDQ0NzcXOYW2jnxxBNPP/10CpKc+OuwvkifS0tLe+ONN0jaysrK7rjjjquuumrWrFnPPvssnqPjWrCPjw9JmL+/P108ICCAbkrmh9JCQkKop4YcjuUbvZ/ITp062duFGRtYc9CgQUOHDt2+ffsPP/ywd+/eAQMGcJYrdHQhxEFgimCMb9y4ccWKFQiMGgZ1s2bN7AULZg8gxoKdUEPYmWeeGRcXt2nTJiTXtGnTESNG9O7dm1EPrvAsR288aRDwVwb6K3p77rnnOnbseN9997Vs2fKVV15Zt25dmzZt6N8///wz3RR1XXDBBWeccQYFlEY3/f7776dNm9a3b9/LLruM9Rqt7dq1a+rUqeRqdG571EkYy72XX3555cqVtBwdHf2///u/jAqEat3dbkMI4ZrYFPHNN98wclNSUlAXkJNlZWUxLdjswbYm2kG1xE44ISoq6oEHHqDw+OOPE3z22WczD7Ro0cIZY4XjiDK5BoF1NdKvL7/8Epk99NBDXbt2HT9+PIndpEmTrr766nPOOadPnz5JSUn5+fmjR4/GZ926dcOFZGm5ubm7d+9++OGHiWFlFx8fj/DI81jxtWrV6vLLL2cw5OTkREZG9urVCyMuWrTorLPOWr16dXZ29rnnnssSzxU6uhDiIDgc91tgYGBqaurmzZstmWPgs3j19PSsqqpizcpANuwUCiRqnEXY+vXri4qKWNGyxkWN9qDSGXl80fsCGhDWKQEtffbZZ/PmzcNb7du3R1eYD+2dd9559NR33nmHDA//lZWVkcO9/fbbTZs2xWd0fZZsEydORHvt2rULDg4uKCig9y9btmzMmDFffPFFeHg4jaBSoOuXOqi5thDChWFyQGMRERFYimVu8+bNGdrMFfaaus0b2G4fb9lZCQkJTCCsfZkcTjnlFCI5xAxgMccdSa4hQvfFT6iOrrxhw4axY8fef//9uKqwsJBD8+fPf+aZZzAfqdi77767ePHiSsdPI+7atWvmzJlfffVVeno6Cz1b2dFaVlbW0qVLWcpRw5Cg0upZAxLpOn1dCHFwGLksZ//5z39edNFFTr1VVFQwLXh5eTFj2Fuva2PyY+xTDgkJKS4uzs/PZ5nLKS4y9iW5Bgc9j57aunVruib9GBUlJyezELvnnnumTp1KgLe3d0lJCRaEzMxM4k1a9GYK1vVrQzs06Kynu1vnJp6m7FwhhIuDzLZs2bJmzZqkpCRcRY3lZOHh4UwXfn5+eAuoYVDbuLYCYx//sSweP3787bff/sgjj2zfvp1zJTlx3PDw8AgNDSU/27ZtG9336quvvuCCC6hMSUlBUSYztsHBwdHR0c7O2rRpU7qylW3hZv7r3r37zTfffNppp1HjfD7JIU6kTdsVQrg4ZWVlH3300d///vfrr7/+iy+++OWXX9Ae69TTTz+9S5cujHR/f/84B02aNGF04zZqCGNaIIdjTfzxxx/PmjWLuSUsLKzafq6xwJXkGiLoDWPRO995552vv/568ODBDz744LvvvnvllVfScTnq7KC4CuwslnKWmRHjTN04iibvu+++k08++ccff1y4cCGJHQMAysvLCwsLnacLIVwZFrUXXXQRimKxy+C1hSzDnBRtyZIlzBJPPvnkBx988MYbbzDeBw0axISA7QjIzc3NyMggnikF7Z100kk04joDX5JrWKCoqqqq7Oxs+9jmzp07H3/8cTK5+++/PycnZ9SoURERERyy/orJgoKC6MTVovvtt71797JYo/cTSf/mqA0DhgQLwEmTJo0bN27z5s3UYzjqOcUChBCuD8OWMVtaWlpUVMTkwC4L1vz8fAb+0KFDJ0yYwETRt2/fM84444477mC89+nTh5mE/I8ZA2jBvtU9NTWV2cMxZ7iE5yS5hgXdzrovBQzUq1evM888kw76k4OAgADsRUBtOIt4oAeTydHpsVpJSQmd28Pxe1EJCQnjx49/7rnntm3bRhgSpRFkySF27bpCCBeHOWHZsmX4qWXLlmythkVt//7977777hYtWjCiGd3MG8ivS5cuQ4YMYYBXVlYSaYVmjt/fWblyJbOETR2ugOaghgU9jz6anp6O2Hx9fa+44oqJEyeefvrpsbGx8fHx9FRbfFkHdVqKnk0P7tGjBwnfzTfffNJJJ9lKLTc3F9tRYNeCaRz5BQcHt2nTxq5VfVUhhMtjz3gGDhyIqBi57GI4lrannXZaq1atGN0sahs7oMyWMc6y2GYMG+kM/NatW+/evTsrK4sYm0aOO5Jcw4IeSXfMzMwMDAz09/dfsmQJtnviiSemTp1Kz960aRO9k+5LGFYDeipl6qdNm1ZaWnrZZZf94x//QGNffPEFpmS9xpZTGAycxZYczj4os3XrVi5kXV8IUS9gToiKirIX1RjF1Hg7fiWO0U3ZFrKmLgodOnRo0qSJVVaf7GDjxo0Eo8aafRdA33jSgEBXWA2aN29+0UUXtWjRYvr06YmJiRRYgi1duvTVV1/dsmUL6zUyM0yWkZGxbNmytLQ00rV169atX78+ISHhm2++ef311+fMmVNYWIgFqV+8eDExyDIiIuKaa6654YYbZsyY8f7777ds2fLSSy9lDegiCzohxIFgkMLOnTuZH7p3785g37t3L4tUxjiSQ3t4y5I2g0NEfvXVV6x9g4KC7H3U3bp1KygoYMjbu7WpcYWxr++ubBDwV6ZT0uHmz5//2GOPkZmNGDHi+uuvR2NTpkxZvXo16zV6Z25urrM/0Ec9PT1RF7BSo54FGjW0Qw0Bzu5LgfpevXrdeuut7du3f/vttz/77DN2x4wZM3DgQJda0wkh9gsDHHDb2LFjWZ6uWbNm+fLl1NhLdE899dSwYcPszdUEU8l69+677160aBGVfn5+1LAUZvVMMPVnnnkmYcwYtZO844UyuYYCKzK2sbGxPXr0YPH19ddfL1iwgJXXyJEj8dC2bduSk5MRGNCz2dJrkRlbdq0FKqscP7FBuXpAOOrZcvr555//9NNPs+J78sknf/jhh6FDhzJUevbsifxcYSknhDgkDO2wsLDIyMjZs2ez8GXGYPBSWVhYmJiYyCKYMpUshVkrP/vss2RyaIwYKpkZmAri4+PvvfdeDEclegNXGP7K5BoE/JVNTvQ5yMvL+/jjj//zn/9kZWVddtllV111FYUXXnhhzpw5ZWVlmIlea32UUziRGjqx9WNrhK1VhoeHX3311ddcc82uXbuee+65nTt33n777dQ0bdoUKdoYIFgI4cowtBnOFBiwGzdufPXVV6dNm2afc6WGLRlbXFxcVFQU08L27dtTUlKoId7Dw8Pf358pJTQ09Pnnn2eBSwDxbBn+jraPM8rkGgR002plORZW4Ofn16VLl86dO2OmGTNm/Pzzz7169RoxYgRdc+vWreY5Oijd13qqs7NaO7YlODo6+u67777++uvJ3h577DESRNZxCC84ONgZaScKIVwcRrRBPsfi9dtvv83Pz8dkPj4+DGQKsbGxzZs39/X1ZaSzDi53fA+7PeChBgWOGjUqJCSEelpj+Du3xxdlcg0XUrTdu3e/8847U6dO9fLyGj169IUXXjh79uzXXnstKSmJnlrh+MA4XRznEU9XYRescOKJJ44ZM6Zjx44vvfTS9OnTKTzwwAP9+/cnmJ7tCp1bCHH4kLfNnz+fsc8ieO3atR988AFTBEorKCjo3bv3ySefTMZGTHFxMTMAK2O25HPEIzkmhKZNm/br149tYGDgddddx7qZSklOHE9YgrGl186aNeuZZ57Zs2fPyJEj6Z32CB6oIZlr166dfTjU4tnScem+3bp1o/NguB9//PGCCy649dZb8RyHiOSoM/kTQrg+jGXs9cknn0yZMmXnzp1lZWUMZNIyxJacnNynT5/WrVsvW7YsPT2doc2aGLE1adIkLy8vOzubMqdTz5aE77LLLhs3blxkZGT1UleSE65AZWXlggUL/v3vf7ONj4+//vrrydJKS0vp6Byll9vDd8B/e/fubdGiRUlJyZo1a6ZNm5aVlXXjjTfecsstoaGhLrJwE0IcKYiA9Svj+uWXX54wYQIFhjMyA44yRbBbXl7Oqte+6g+32Vn2mId6e/bD0TvuuOP+++93nSc6klxDxzo3haSkpH/9619ffPEFC7qAgAD6tP3mAP3bIq2X2wqOQlFRUatWra666qpRo0YRTz3jQQmcEPURRjqwin300Udfe+01BjiWQl3AUZa8DHBq7BNBROIzwGGM+v79+w8YMODzzz/fsmULM8B555336quvRkREECnJieOPo29XQ3ckLZs9e/aqVavI4ajp0qVLcnLyO++8k5OTQ9+lT3fu3Hn06NHIjxPp/R06dCDno+vbI8rqZZsyOSHqITYJrF+//h//+MfSpUspx8TEjBgxYu3atUuWLGGAIzkmAUvsOMpsYItjUrfhw4efeeaZqJETqRk4cOAbb7zRtm1bykwLbI8vkpyoxtkN6LikbvaQ3c/Pb9OmTSRqqKtly5b09XPPPffFF1/09/e34No92BV6sxDi6GC8w6JFi2655RZGPeXY2NiLL744MTFx/vz5rHpNafuA9pglAgMDO3XqlJGRkZCQgA5ZHL/88suDBg0iwBWmBa27RTX0RYNe6+3tjcYCAgIsLaOyvLzc3lLFIfo6NY6creYDCYa1I4SopzCK0RWZme3m5OSsWrUqMjIyOjqasU+NbWvDKSyIEVv79u2xnU0OPj4+tPPH4OOFJCf2pVpZDijTU5HZjh07WOLR6Vni2e/iCyHcDAa7fS8XQ97Dw8PX1zciIoJC7RyOGCdWw1HiiQwODrYTe/bs2bp1a+qdMccXSU4cDFNdRUWFvaXYXquzQ0IIdwIthYeHn3baaeiKXQb7d99999///nf37t0Oqe1n4FOJ1fLz8+fNm5ebm0u5a9euw4YNs1c09nvKX48kJw4NnZU1mot0WSHEscCe3wwZMuTSSy+Njo7GeXiuuLi46vev+9oHJgQWvtC4ceOEhISdO3e2a9fu4YcfHjx4sB0ixlo+vkhy4ghwkV4rhKhbGNosZNm2aNFi7Nixjz32mH0FBJU4zPDy8vLz8/N14Pn7d6/bx+Oys7NLS0svv/zys846yz4hR1YnyYn6h5I5IdwVp+ciIyPJ52JiYtgln3Nka9VUOqAGCENmYC/aMTN4e3u3bdvWvjjCpOgiktNHCMQBoW8kJCRcc801a9asob+y26dPn88++ywqKspFuq8Qos7BZ/n5+Y888sisWbPYtbFvh8yCcXFxzZo1w21WCZxCzS233NK+fXt2MZzVuwKSnDggJrlrr732559/pnOz27dv308++USSE8KNYaQjreTk5KysLOdId6qOQlhYWEBAgNUbHCKls88dEQA1B1wASU4cEPoGkrv66qt37NjRrl273bt3t27dWpIToiFwcDXUoxlAr8mJQ0Bf9/HxiYiIYKslkRANBEc+dkBqguoDkpw4GFitUaNGhYWFS5cuzczMrKysLHP8NIEQQtQLJDlxMLy8vAIDA8vLywsKCqrfX/XLL5RrjgkhhMsjyYmD4ePjY9/W4+vry9Y8V3NMCCFcHklOHAzEZp93sbcLV1VVFRYW2iEhhHB9JDlxMEjg7Ce/KbMtKSlJT0+v/fkYIYRwZSQ5cTA8PDw8HT9vX15ebi/IVVRU2CEhhHB99Dk5cTCKiopmzZq1YsWKRo4v+GnSpMnf/va3li1b1q/3EAshGiySnDgg9A37RUT0ZlZDdSR2lCU5IUS9QJITB4S+YS+/OZXGLp4D2xVCCBdHkhOHYB/PKYcTQtQjJDkhhBBui547CSGEcFskOSGEEG6LJCeEEMJtkeSEEEK4LZKcEEIIt0WSE0II4bZIckIIIdwWSU4IIYTbIskJIYRwWyQ5IYQQboskJ4QQwm2R5IQQQrgtkpwQQgi3RZITQgjhtkhyQggh3BZJTgghhNsiyQkhhHBbJDkhhBBuiyQnhBDCbZHkhBBCuC2SnBBCCLdFkhNCCOG2SHJCCCHcFklOCCGE2yLJCSGEcFskOSGEEG6LJCeEEMJtkeSEEEK4LZKcEEIIt0WSE0II4bZIckIIIdwWSU4IIYTb4oaS+82BFZxbIYQQDRB3kxxK++WXX3799deqqqqsrKyysrKaA0IIIRoe7iY59MYWz/34448PPvjge++9l5eXd/jJnNI+IYRwJ05wj2kdt51wQs2/paSkZObMmf/617/WrFnTvHnzW2+99dprrw0LC7MA2zZqtK/dzY5kfrm5ueXl5aWlpVbfuHHjmJgYf39/ypxrlUIIIeoF7iM5sjckROHrr79++OGHt27d6uPjU1lZGRoaOmzYsLvuuis+Pp4YM5yHh0fNmQ6ohLVr106dOnXz5s0VFRWcaDr09vYeP378gAEDKP9RjUIIIVwZ95m1cRIOI4d74okntm3bRgaGq6jPyMh47733Hn/8cezlcFk1dooTq+T0gIAA9EYu2KVLF8TWv3//QYMGhYSE4M4/niWEEMLFafzoo4/WFOsn5h4Mh5ymT5/+2GOPbdq0iV0/P7/u3buXl5djLIS3cePGNWvWkNW1adPG09PTeZajjepEEJo1a9azZ8/CwsJdu3aVlpZmZ2eXlZWNHDmyW7duFq9MTggh6hf1W3KYqaqqCveQrn3wwQcTJ05MTEykskmTJtddd91DDz0UGxubnJyclpZGWEpKyoYNG5o3b962bVtOIW+jBfMWtgMPDw+k+NZbb/3444/bf6dz5859+/ZFk0Q6pSiEEKJeUO8lx7aoqOill16aNGlSeno6NXFxcTfddNOYMWNatGhBEoalcnJy9u7di9UIWLdunbe3N/ILCAjg3NqSo0DM0qVLV69eTepmL8sNGTKkT58+MpwQQtRH6uXzNwwECAnx5OXlTZky5d133y0sLGS3VatW48aNu/POO8PDwwkgORs0aNC//vWva6+91tfXl4AdO3YQ8MILL2A+dpEi0BrNsuvp6dmsWTMvLy9SN7bUgF1UCCFEvaNeSg4tVVVVYaZdu3Y9+eSTGCsjI4P6yMjIG2+8ceTIkWRpxJB+mQvJ7e6+++577rmnZcuWhJH5TZ06dezYsRs3bmSXpqy16qZ/NygFy94s1RNCCFEfqa8zOO5JTU196qmn3nnnnezsbLTUqVOnZ5555qabbvLz87MMzFI9gisqKsjPbrvttscff7x9+/bU5+bmvv/++5MmTcJzxJC3WSRYGUdSptnS0lLiTXtCCCHqF/VJcpjGfIOEdu7c+eyzz37++efl5eUc6tKly/jx44cPHx4YGGiPH9HYe++9N3v2bCzl5eVFpbe3NwGPPvpohw4dCMB8n3322e233z5nzhzL5ICWg4ODPTw8zHy0XFZWZsITQghR76hPbzxBNuabLVu2cNuffPIJosJGPXr0YPfss89GZuYqDPfKK68899xz8+bNy8nJiYqKIpPjXLzVpk2b1q1b5+XlpaSkFBcX79mzZ/369U2bNo2Ojvbx8UGi8+fPX7hwIe6kZa512mmn9e/f37TnuAshhBD1hnr27spGjRpt3Lhx3LhxM2fONOf17NnzscceGzx4sHkIsNrLL7/86quv5ufnY7sVK1bs2LGjXbt2kZGRFoDnBgwYQHxSUlJhYWFmZuaSJUvsA+B4bsGCBUuXLq2srESZSDQ8PPyUU04JCAjgxJqbEEIIUU+oB5Kz5MwKZF3c8KxZs1AOWVe/fv0w3KmnnkqKZjEZGRkvvfTS66+/XlBQgBGpJ2z79u0bNmzw8/Mjh/P09ESNpG6cyzYhIYFIDEfLnNuqVaudO3cuXry4qqrKLkHNWWedFRwcLMkJIUS9o35IzpI2cqzHH3/8hx9+wDdUDhw4kF225GQWQ2b2/PPPv/XWW+RnVNp7Rqhnu2fPHvv0W4cOHfz9/WmBRK1z584kaomJidnZ2SRtiHDr1q2ojnaQXHl5OfHt27c/99xzg4KCJDkhhKh31JtMbvny5Q899NCiRYvMcIMGDcJwZGPIzMKWLl368MMPf/nll8iJSqSF2+xcayQ/P3/t2rX4D88hLcvzKLdt23bHjh1paWnEk8ahQ7zIKeyyleSEEKL+4rqSc/qJhAy3oTQ0hml8fX2HDBkybty43r17m/CISU5OfuKJJ2bOnMku6qqsrERUdsi2RFput379enzWpUuXpk2bcoj61q1b9+jRIysra/fu3QRwuvmMRthKckIIUX9xdcmReE2dOnX8+PHr1q3DW4jq8ssvf/LJJ3EPNqKmqqpq06ZNzz333PTp04nnxLKyMiqdknPiaO838rxt27alpqZ27tw5LCyMMOwVGRnZs2dPGiSTKykp8fb2Jp5ckK0kJ4QQ9ReXflyZn5//5ptvPv/880lJSZ6enj4+Pvjm3nvvbdOmTSPH15EgrWXLlj388MPffffdL7/8gqXsKSXncsga+SMc2r59+549e8jhIiIiaIoaErs+ffoEBARs2LCB6xKGKdl26tSJiwYGBkpyQghR73A5yZFaWXaFaaZMmfLSSy+lp6fjIX9//xtvvPHuu+8mtSLAIpcuXTpu3LgFCxZQtqeU6IryQQxHy2a1rVu3rl+/nmZRJueiRiTapUsXfLZmzZrc3Fz7RR6yut69e8fGxlrLzkasIIQQwpVxOckhGxRSUFDw6quvTp48OS8vj130c8stt9x1113IBkURhm+WL18+YcKEuXPncgq75HDkXgfRmxOCgbNI5tatWxcSEoI4vby8ON3echkZGZmVlZWSkoL87LW6mJgYLs2dcKIlkTVtCSGEcGFcSHLmJ/xBDvf++++/+OKLOTk5GAXTjBgx4t57742IiLBIfLZo0SIMN2/ePMveqDwcvdWGlsnSkOjatWspt2jRIigoiEZI4PBc165dk5KSdu7cifkokPPhwlatWmFBPMdNynNCCOH6uIrksAtgjuzsbPT20ksvkUKxGxAQgOEeeOABJIRdiCF41qxZ//znP1euXEk2ZjVHB/pEaVyRpDAtLQ2xYTLquW5UVFSXLl3QbXJyMk7NzMxcunQpLiQGNVZngo6bqXadbCeEEK6Kaz2uzMjIeOGFF6ZMmVJUVIRFwsPD7SllXFyc6QSvrFmz5umnn0ZLh/lw8kDQGo4ELoTGtm7dSsbWrFmzmJgYjtJy8+bNBw4ciNI2bNhQUlLCLa1btw4pdurUycfHxz5goEeXQgjhyriE5MxVKSkpzz777Ntvv41R2CV1u+OOO6677jrEYy7BRmRv48aNmzdvnuVwf0Ywdq5dGpNR2LhxIwaNjIy0d29SQx7ZvXt3X1/f3bt35+XlcWN4jgLSRcC0QC4oyQkhhMtynCWHSABPYLhnnnlm6tSpxcXF1Lds2fKhhx666qqr7HUyoBLTjB07dvbs2cRbjW3/JE5LIdG9e/eiOgTWrl07BEYNSRueQ3tcPTU1ldtDhDt27OjYsSM6tLPsdNlOCCFcjeOfySGJ7du3Y7gPP/zQvqkEwTz88MMXX3wxgjFzILMNGzZMnDjx22+/Jcfy8PBwvt+kTuCilhrSclZWlr3NpEOHDp6enlVVVdgOyXFXuG3Pnj1cGuFxz82bN4+OjuZ+OJ2YmraEEEK4DMdZcqjlhx9+4B5mzpyJTthFLePGjRs+fLiXl5cZDoXYVzN/8803lBEP27qVHNi1vB1kZmbi1KZNm3IzaI+74lBcXBy7ycnJJJ0EJyUlLV26lJukklPsdNsKIYRwEY6P5CxzopCYmDh+/Pgff/zRKjt37vzII48MHToUk+EwKCsr4+hjjz22aNEiy5lwIVBwtFSXoCgTJ1vyuYSEBFLJVq1aBQQEWEBMTEzPnj259JYtW4qLi3Nzc3/++WdupmPHjn5+ftQDjUh1QgjhIhwfyZlLMNxTTz01e/Zs7EVmRkqEzM4991xnDoc/vvrqq4ceemjjxo2WwNm3dlGwFuoWLkrLXJTGGzduXFBQsGzZsr1797Zr1y40NNSuGB4e3qdPHyJ37NhRVFSE6hBeXl4eLiSGAP4tkpwQQrgIf6nk8IQJwD7NPWnSJByGVKgkQ7r33nvPP/9854tb+Gbu3LmPP/745s2bvR3vfrRX7Dh0LAy3DzjV19e3tLR03bp1KSkpbdu2tW+55G79/f2527i4uJ07d6alpZWUlJDPEYML7Y2g1oJUJ4QQx52/TnKYyRSF4WbNmjV27NiffvqJMgI7++yzx40bd+aZZ3p4eFgM21WrVj399NPkUviG7M0MRyN/geHwk/NCXJeMMz09vUuXLparUe/j49OxY0eyN/K51NRUbm/btm2bNm0KCwuLj4+3GKfthBBCHC/+6seV5eXln3/++cSJE8mQMAGGu/jiix955JHu3btjOOwCeGX69Onc2OrVqy2HKysrM8PRgsX8EWv/iKg58w9wiGuRtGEvMkssu3379g0bNjRp0qRly5bsIjDqW7Ro0aNHD/5FHCXnS0pKIukMDg5u06YNMda+4zpCCCGOD3+F5ExOgAk+/PDDCRMmIAMk4efnN3z48Pvvv5+syOxCZFZWFjFYcOPGjWgPneA8fGMt/BHOoim2NfuHh+Nq1T+jirciIyPJwEIckKtZISAgAK2SaHp5eZmxSNqQLjfToUMH7txaiIiI6NWrF/+u3bt3c4iE7+eff27atGnbtm1Nz3YtxzWFe+Ls3vaHZld/cSFch5r3Ex5TTFFkY++9996zzz6bkpJChoRdrr/++ttvvx1PMCnY1JCcnEzARx99lJuba9kS9YGBgWgDIaEcajAQkYgH/RCflpaGjYD2CQa76CGhqS5dupx11ln2vc+caHMTTeEnNMbdLlq0iAtRwyHTLdnbK6+8cuaZZ9o921k5OTmkp0888QT/NMLi4uJGjRp17bXXxsTEcJQLOS4o3BA6QEZGxqpVq5o3b961a1d6KX3bnknURAghjit/0ePKkpKSqVOnTpo0KTU1lfHv6+uLA+69916mBsvDgMkCw7377rt5eXl4hemD+YJzhwwZcskll9hbHBFe+/btY2NjW7ZsSQo1cOBAkkJOREUYyK51OHA5bHTOOeeQRE6bNm3x4sVkYCRqbCExMTE+Pp7boHFnKsnMhVaLi4t79OjRs2dP6u22gX+OPaLcs2dPdnY2JzLr+fj49OvXz+Y7qLmwcC/opWvWrLn//vu/++67yMhIljWskPQXF8J1OLaSYwpgW1hY+NZbbz3//PNkXbghODj473//+6233sqkQAA1FjlnzhxikISdBcwUeAWfZWZmrly5Evds2rRp7dq1CQkJpqITTzxxy5Yt6enpmBIPOU88JLTMKZ07d0ZaP/74IxkY14WsrCzSMpSMfbltLkGYudZ0xSUGDRrUt2/f2vkZldwn8iPP27p1K9LlFG6bhA/VEaApz83gL26dAZYtW/bFF1/s2LFj3bp1rHJY8dB56C2E6e8uxHHnGL4D0LKxoqKi1157jRTNVNS0adPbbrvtvvvuwwdmGgsmErvk5+dTsBqDACqXL1++YsWKbdu25ebmFhQUsKVy9+7d7733HtMKgkEqdrma0w4P4rkf7qRt27ZkimRvrVu3JidjF3067WvB5HPl5eVcxXZrY1kds9t555333HPPsQ0ICKAFPz+/I70lUV9gUUVnYFW0cOFC+iQdlbXX5MmTb7/99o8//riiooI/vf76Qhx3jmEmZyM8Ly/vhRdeWL9+PWUm/VtuuQXJoRZ2zQ3VoY7gDRs2fPfdd8wOVgMchbPPPrtVq1Y4plOnThQALcXGxqIiUrGkpCQuQVOWbx0m1jINjho1igYxHHkYciJLs4ei/fr1I1kkTWTycrbMTbJCP+OMMzjq1LNhDQI3Fh0dHRERcfHFF9MUNbX/mcI9sL6dkpIyceLEzz//3B6V22Nt8vjk5OSePXva95o6woUQx41jLjlvb298sGDBAsxx5ZVX3nTTTQiAQ/uMf2rWrl2L5Jgp7ESDsN69e5988snkSSgND3Xr1i0oKAgzdenSBdmQ5DHX4B57e8thYu6hKU4kHZw/f/7q1avDwsL27t372Wefbd++vaSkhOX5zp07CTPJVRvMkXoOHjyY6+53/uLOISoqqm/fviG///6qYQHCPbAuOmvWrEmTJuXk5Fj3s35Cx6CGfkIfcKby6gBCHC+O7WtyjG1Ge3BwcGZm5gUXXDBmzBh7L6VRE+SYMnDbokWLfvjhB3vqaEctDJ8hG9bLS5cupbBy5coZM2ZQ3rhxY1xcHNu0tDTmF5tiDhOa5cZat26dn58/b968rKys3NxcfMz0REJJU1yUnBLbOSXn6enJXMYumdw+r8k5sRsmxsvLiwAKVlNzWLgRRUVFH374Ias3ugddhS1dl7+1dYykpCTWTF27dmXX+rO6gRDHhWP4OMUGNsTExDz55JM33nhjkyZNDjTvU8N0wNZWvk7YJVFjymBOYSohh2PJjJnYBXuFjJj9vlR2cDjL3mPCLSEwro7kkJPj7qrf8MK2JtQB8UiOCyUmJpLk7XOfTjjL+W80ag4I9yIvL2/r1q22JgNnD6QvkcDRtV555ZU5c+bQwai0GLAYIcRfxl/xmgH+YFV7kHdhYAJiAgMD0UNtXdm8gFGKi4tNGMwg9hZtCpZpkQKyy+mmlpozDw+acv5kHdelALRjR63etlYAu5/aLxyKBgjdYOfOnXQ/+mFoaGhwcDAF6yocIqtjd9u2bQ888MCDDz748ccfz58/f9GiRVlZWU4pWjtCiGPNXyE5A3k4/bFfbPw7ZwqrBKYMoFBeXp6WlsaWMgFUsppma+5xxB4BnOV8HQW4emZmJjkiZVbfLNLZElP7ntklmWvdujUJpd2naJjQCZcsWbJ3796RI0e+9tpro0aN8vf3t0Osuug5ZWVl9K6NGzdy9L777rvttttuvfXW+++/f/HixZxLdz2KHiuEOAr+CsnhA8AWBxIDA57cKD09nQIJnz23rDnmSARRC1s8BNQ4pohqydmzIKDeKm33cCC40AHtMDFRw+xj2uNmKJB9clFnsw5HN6JMsFONomFCotaiRYv+/fuPHj36ggsu6NatGzV0Dw7V7kL0FraszFgzJSYmTps2Ddt99NFH9vjBmhJCHFP+ukzu4BQVFbHsNdmYVAzmAtbIXl5eGMgkZ3MHkcwjSM6CCWCKOaKJg6ZIBFu1atWxY8eWLVuSn3Xq1Oncc8/t2bNnu3btevfubR+VY8JCdXYKZbAXCGvfpGho0CXOOeecZ555xvl5Sqv08fGp/WqudRKWaGAW3LBhA7ndmjVrOERfUi8S4ljzF32t1yFhwK9bt27FihUMe1OdwbwQGxuLdYKDg+Pj40855ZSQkBBvb2/7BHePHj127tyZmZnJDFL7rEPCNATo8+yzz2YZjue6d+/OhNW5c+fo6OiuXbuivZ9++okFONMT94YRKVg2ad94GRAQ4JzLREODP72vry+5vimNXvH999/n5uZSSSepbS+OssvKjP7JITqqvRm4X79+BHMilRYphDgWHM2rWccCZoGpU6feddddZWVlTAfcld0Ykmvfvv3QoUObNGnC1BAYGFhaWkpWRz3WIfLDDz9MTk5ml3qmjMP/5zD7sO6OioqiTc5il3vgErbiLigoSE1NpUy93RLTGZA+Xnjhhc8//3xkZCSHatoSDRU6DL2upKTk2Wef/c9//mOv4xYXFzv6bzXWSaxgeR5diNXVhAkTrr76airpxupIQhw7XEVyTBbvvvvunXfeWVhYaDV2YzY1kDbhG2KAGha/eIjJBfcABeqZO45IckAjVqBNsNOppGwFLkolLbPL9MQufiX5mzx5clxcHGF2umiw0PHoG3TIzMzMF154gY5Bh6RjsGCyo/Qfi6QSn3l7e1uPOumkk4jv1q2bsxMKIY4FLjTAnKOdWQOcZRKprKystLS0jIwM+w7l9PR0dtnm5OQUFRURYIazUw4fp6Uo2NXtuuY5GrSs0XE71W+NYdcChDDQm6Vi4eHhN95441lnnUWZSvvMpXUki6TnYD6SPLorlStXrnzjjTfowOpRQhxT6sEqstowB8CO1l4vHxGcZe3QAgtwClZJ2dq0o0A926O7imggkNw/8sgj559/PpKj/zi7UM3hWj3ZVlTTp0+fM2eO5XxCiGOEa0mO8V9TOjxsyqhNzYHDo+acWuxTaWFO9lsphIHSunTpMnHixDFjxoSFhR3EXvgPz2VkZNjvA1u/gprDQoi6ox5kckK4Pic4XnJDXa1atbrzzjtvuOEGe0NTzeH/HyRXUlKCBRMSEjZv3kyY80GCEKJucUXJMV9AzY4Q9QTrtLgqKCho5MiRUVFRzsraEGBQRnUpKSlWVp8X4ljgWpLTOBf1Hfow+Pv7e3p6smsC+yNWT+ZnYer5QhwjXEtyNuY14EW9BoHRk319fR2+O1hnJtJpO3V7IY4FLiQ5+/RbleNbu2qqXJJDzlyiIUPf+PXXX4ODg7t162a/mHGQ3kJkWVlZzY4Q4hjgKpJDb9HR0aGhoc61rWvChFXh+O5dyvYecasXbgx/5eoPBDi+ncugXHPsD9B76cys2OyL33wcHMhzBQUFGzZssM+Pu3K3F6L+4kKZXJMmTVj/2gThsgOe+W779u2pqancITPdQRbpwm3gj24rG/tz28coD9JFLYyzKNCZ7V2XdmgfaDYnJ4dIAtSXhDgWuIrkmDJyc3Pz8/MZ8K68pLX7LCoqoqxZqYFgriosLJw3b579UOqBpOXE+jAnhoWFsXRjd7+9hUq9CC3EMcVVJMc49/f39/Pzc/0Bb4tu0Oq7IWC6QkXJyclPPvnko48+umPHDpMch+wZZu2VGQVnDsdujx49TjrppANJkcjs7GznFzrX1Aoh6g4XkhwLXjxHwcVHu/P2DrmcF26ArWb4o1dWViKkr776Cs+tX78eMzkfYJrkDDsrJSUlISGBgKCgoA4dOgQGBlJpwWytADgSZSYlJXEijVilEKIOcZXfk4PMzMzp06czO9TsuyRMT6SbF198cevWrW3X6oV7g4T4u+fm5qK3devWLV++fNu2benp6fbbOhy1n5UvLS0tKyvDhc8+++zMmTM5VFBQkJiYSKS9V8XZYazA1tvbu3///u3bt6dslUKIOsSF0qaNGzfecMMNTB/ckuvc1T4wDYWGhr7//vtnnXWW7Vq9cG/sTUZZWVn//e9/v/nmG/pqfn6+j48PiVp8fHx0dLSnpydlnFdRUYELf/rpp5ycHCo5176yi9M9PDys4OvrSz16Cw4OPvfcc++5556YmBhq1J2EqHMkuSODaUiSa7DQLXEYadncuXO//fZbUrTCwkLrA3l5eY0bN0ZaFgZW7+XlFRUVhQ6piYuLI9WjkrytUaNGgYGBLVu27NmzZ9OmTTlqP9nDUSFEHSLJHRmSXEPmV8cH5pAZBdK1rVu3skVX7CYlJVGPxpxdl75BGb1hMn9/f8oBAQH2Mp5lchSAApU0IskJcSxwOcmtWLHCXsavqXUxmIYkuQYL3dLZM+1P79y1t4388b1I++0hzrOAMjEWtt9gIcSfwYXeH8hot5lCCNcECaExwyGm/9slD4OanVpY2D7UHHNA/sfW6msuI4SoO1xIcgx1e6HexbFJCiVDTZUQQgiXxFUkhzDCw8M7dOiAP2qqXBVutby8nKRTeacQQrg4LmQUHx+fJk2a1Oz8hdiTInCWrX4f7BCUlZUlJiZWVla6vo+FEKKB40LTNBkSudFf/wyQK6Kuxo0be3l5UaDG4bJ9sXq23GRhYaHSOCGEcH3cPxcxRR0cT09P8kgPDw8853wXwD5wyNsBUiwqKrIvsPjrlSyEEOLwqceSq5HPoaiJPigVFRX2tRSUUR3O+yM0hf/8HDgzzsNsXwghxHHBVT4nx20UFhY+8sgj//73v/f5lr8/YoeQjX2RRFVVlb0P24464RD1oaGheKuman9wOV9f33bt2gUGBjovzbm1b4BdxBYSEtK9e/e0tLRu3boNGjSIZmm/JkIIIYTr4RKSM4WUl5dPmTLlnXfesS+ViImJCQoK2u9LX/ZEMc4BAUVFRV5eXohqn38Lu4gQIdkXTBwIWuD0sLAw0rWaqv1Ba/a6HbfHDZg4D2JiIYQQxx1XkRzmYJuRkbF7924yMxTSsmXLgICA/d6eVdpTRKuBA/kGM9WhimiKq8ttQghRL3Chx5X2DX5OfxxEJHbPbC2pAnb3ibcU0CLr1nNCCCHqCy4kuZqSo2xOOpCZ/njP+410hslwQgjRMHEVyQkhhBB1jvt/Tk4IIUSDRZITQgjhtkhyQggh3BZJTgghhNsiyQkhhHBbJDkhhBBuiyQnhBDCbZHkhBBCuC2SnBBCCLdFkhNCCOG2SHJCCCHcFklOCCGE2yLJCSGEcFskOSGEEG6LJCeEEMJtkeSEEEK4LZKcEEIIt0WSE0II4bZIckIIIdwWSU4IIYTbIskJIYRwWyQ5IYQQboskJ4QQwm2R5IQQQrgtkpwQQgi3RZITQgjhtkhyQggh3BZJTgghhNsiyQkhhHBbJDkhhBBuiyQnhBDCbZHkhBBCuC2SnBBCCLdFkhNCCOG2SHJCCCHcFklOCCGE2yLJCSGEcFskOSGEEG6LJCeEEMJtkeSEEEK4LZKcEGJffv31199++61mR4j6jCQnhPj/kN6EO3GCOrQQQgh3RZmcEEIIt0WSE0II4bZIckIIIdwWSU4IIYTbIskJIYRwWyQ5IYQQboskJ4QQwm2R5IQQQrgtkpwQQgi3Rd94IoQQrkXtafmEE6pnadvartWLw0SSE0IIF4I5OScnp3HjxkFBQZShUaNGbH/99VcK1NfEicNDjyuFEMKFKC0tXbt2bVpamomtqqqqrKysvLxcPw1xdEhyQghxHNjHWOwaRUVFMQ6w2gknnMA2JSUlOzvb8jlwxuM/5644EHpcKYQQfxEYCyjYxGsvsNkTyPz8fHK4sLAw1EWNp6cnkSY5Dnl4eNjTS1Rnp+/du3fhwoX9+vWLi4vTC3UHQZmcEEL8RSCnysrKX375xSG7XymztUOFhYW7d+/GcF5eXhgOb6E6lIbeQkNDg4ODqXEaji1H/fz8OOo4WxwQZXJCCHGscE6wlmyxi+Hy8vK+/PLLjh079unTxzTGoYqKivLycm9vb+wFjpP2Ay2UlJQQSWKHIA8eLECZnBBCHBMQkpOaKoftli9f/umnn5aWlpre7CjZW0BAADUHefaI1QhetWrV1KlTyfw4RYY7JJKcEEIcE3BScXFxWVkZZTNZte5++83Hx+eKK67o3bs3AfYEEnAbsOus2S8kguHh4fHx8RZfUysOjB5XCiFE3cPUmpWV9fbbb6ekpIwcObJv375eXl5YDUtVVVVR8Pb2Phyr1YY2KyoqyN44RZI7TJTJCSFE3YOBfH19Sdo+//zze+65Z8aMGbiNShRFvb+/v9NVNSccBgR7enqaFGmt0gG+tKNiv0hyQghxTMBkvXr1OuWUU3r06IHt7E2VuA1XQXUGd4SSAzuLAlldeXn5+vXrCwsL9UDuIEhyQgjxZ0EzCIytQZkcKycnZ9WqVXFxcQ8++ODgwYNNbzUn/DnMkVyFxK72u1fEH5HkhBDi6CE/w2dsKWMaS9fy8vJmz579+OOPv/HGG0goJCSETK5u3wzJVby8vGJiYuyKktyBkOSEEOLoIaNCXYWFhWvWrMnMzCTHskyupKQkODh41KhRl156qbe3d010HcElLCncsmXLxo0buZzViz+id1cKIcTRU1RUlJCQgHIWL148dOjQ+Ph4lMMuW3C8gladS7A1LdUJ5lG29j3OUVFRVNpzS7EPyuSEEOIoQTB79+6dMGHCunXrLrjgAvsaSRI78PT0JIGzD3fXreEMLg1BQUGbN29GdVyC3ZpjohaSnBBCHCWoq2nTpm3btl26dKmvry9io6a2zygfI8Ox3bNnz4oVK958883k5GTHZev4Ku5B40cffbSmKIQQ4gghVzvxxBN79OgRHh5un+82A1XnWb+/clZXWJs1Ow7Ky8tJJbk6F6qoqEC0VNaOkfn0mpwQQhwlzJ9kUZ999tl5551nr8aVlJSQuiEbDtlzyzrUDO1XVVXRPgX7NmcaLy4uJoMkpfPx8enVq5fVE8AhyyxrTm6oSHJCCHGUMH+mpqY+/PDDpaWlZ5xxRmBg4Lx588jtbrrppk6dOhFQ55KrrKwsKir69ttvvby8hg4dis9sDqfSCl9//TWJXdu2bSU5Q6/JCSHEUYJCIiIi7r777oEDB1JGPM2bN09ISJg7d66lXHXuGNrcs2ePtY/DqMFtXCUoKCg4OJgbCAgIIIB6vdnSUCYnhBB/CmZRcix7QlhcXDx+/PjQ0NAxY8b4+vrWree4EO2/9957y5Yte+CBB9q1a0eltW/3QAH5lZSU4DySyOpzGjzK5IQQ4uixPAGZkTmVlpbOnDkzJyfntNNO8/HxORYpRF5eHle54IILYmNj0ZvToJWVlfn5+RUVFaR3TZo0keGcKJMTQojDpfaESZmcCa/k5ub6+fnhm3feeefNN9+87777rrnmGjRT52kcWdq2bdu4YocOHbxrfYsKhxITE19//fX4+PirrroqMDDQ6uvw6vUXSU4IIQ6X8vLy9PT0goICymhshYO1a9eGhYX5+vquXLmyb9++jz32WMuWLetcMCa5zZs3s+3ates+b2lJSkqaOnUqur311lu5OjXEH4sXBesdkpwQQhwWv/zyy48//kiu1rx586ZNm3bu3NnT03P58uVoLzk5mcoBAwacccYZbdq02cdAdQJzdWVl5e7duxEquRoCg5pjjjdekuEVFhZSzsjIIAYkOZDkhBDisCCF+uabb+bOnXvBBReEhoaGh4cjNsxXUlKSlZUVEhISHByMV/BN3dqFWdoga5wzZ84111wTHR1NPVeh0t5vQoErAjezdOnS2NhY+xQBONpouEhyQghxWDBbFhcXk0ulpKT06dOnSZMmToWYY6xc56Ax2s/LyyOJbN++/TnnnOPh4WEepR6wL2FWSXB2djZZXbNmzex1QWukwaJ3VwohxGGBVLy9vZcvX/7ggw/Onj3bUijjmCZMlrF5eXkNHz58yJAhyMz583VId8OGDfn5+U6ZcSfYNyws7Fg8Mq2PSHJCCHFoMApWwy7Jyclkcps3bzbT1Dl2IaBQU+VQl5+fX7t27Xx9fSkjMCpLS0s//vjjV155paioqLbSMN+ePXvKy8ttt4EjyQkhxKEx95BFtWrVKiQkpG3btmaaOocLmT5r52EkaqYxoMyWsIKCgry8vAsvvDA6OrqqqsopRcpffvnlrFmzuGGrachIckIIcQgcmVU1ixcvXrRo0eDBg7t3736Ql7tqJ2FHAT7Lz89ftWqV8xspsZodMtitrKzcu3fv5ZdfPmTIEOKdV+Qmt2/fvmzZMtLNP3kb7oEkJ4QQhwBz4JWsrKzJkyeHhYU9/PDD7dq1QyEGiZfDgNWUl5fjp7KysoqKCupJqqzewjCTc7em6d+hxnlo165d2JTL1RzbH2vXrn3llVfS0tIsq8Nz9tId5vvmm2+GDRt20UUXUWNt1pzTINHvyQkhxCEwJ5nncFV8fLy/vz8my8nJ2bx585o1a5KSknx9fUtKSj7++OMvv/wyMTExISGhVatWfn5+zmePVjDP2SNHqG7dAZcoLS21QwUFBbR24oknBgQE1I6pzZ49ewIDA0kofXx8LMa2hYWFXIJck5vh9jhKg3Y5x3kNDn2EQAghDgHzJIpiS5b24IMPbtq0acCAAdnZ2ViEjA1/IDkyPAoEXHzxxbgtJSXlqquuatq0aWRkJPV2OmFkaZ06dbJKarCavbZHCjhjxgwkevnll2M4Kq1+v3LiLK6Luuydllu2bEFpvXr14hR2kRz1WBbdcjNcjkYIrjm5gaHHlUIIcWgc6VD1r6EiM9w2f/783NxcVDdu3LhJkyZdeOGFOA/H3HPPPf/4xz8uuuiiq6++mnxu7dq1nGufY0NjpF/BwcGYD70BqZvzbZBoqUmTJuvXr9+9e7enpycaQ10cRVqUq++gFkjLFEgjeXl5pI8bNmxgF72lpaWxLSoq4lyyTI4SDI7zGiLK5IQQ4nBBV1u3bk1PT0dIsbGx/v7+9rOluGT79u3kZ9Rv27btnXfewYV4Dp/hRTsXXZF+EY+fzFv2RJFIq8RPJHNnnnlmixYtvvrqq5dffrlnz56PPPIIXtxHVJwO1JSVlc2aNWvp0qWYNS4uDre98cYbqamptLxjx45u3brdcsstMTExZuiakxsYek1OCCEOF7yCk1q2bBkREWEvd5lvKEdHRwcGBmIyUijyvK+//ppKPz8/dBXqABeSrtHIunXrPvroo4ULFyYlJbVq1SozM/PHH38MDw/HoPn5+V27diX/e/755xEY2eHpp5/OuXZpxy1UQ1P4kgAaWbx48bBhw5w/RE5eOG/ePMpkk9dccw3NUrbrNkyUyQkhxBGA0tiinH0mT6yzfPlyBLZ79+41a9Y0b9586NCheG7KlCnkUuPHj2/WrBnncuL333//3//+F1P2c8CJmzdv7tGjB3khikJU33zzDcKLiop6++2377vvvi5dutB+bclVVlZ+8MEHBQUFnBUQENC+fXsqzWSEYU3Sx6CgIMp2xQabxoEkJ4QQRwBzZm3fOMFVr7766nPPPUeCddddd1144YW4isgOHTo89dRTN9988yWXXMIupxcVFeXm5pIR4ifTj83DbLHXjBkzSktLCS4pKZk7d+5JJ52ELwmrfVEUuHTpUgq9e/f29PRcsGDB7NmzL7vsMnRII/sEN3D0xhNxxDCKoGZHiAbGgfyBbBDb5Zdf3rdv38GDB6enp5PYtW3b1r7K+d13383JyeFcDLR37177kIA5j3MpAIabM2cOZ6Euexbq5+dHgOWOjmFXM+7I9gYMGID/yN5wIQHBwcEWZlvhRJITR4YNOedgE0I4adGixcMPP/yf//ynY8eO3bp1e/TRRyMiIubNm4eHUB3GwltkaV5eXkFBQdkOENsvDjh99+7dn332GfZq164du2SEycnJyI+zCECNGzduLC4utgFoXuTQli1bZs6cSVKI+Qij0nEvogY9rhRHDGPMBljNvhDid5wzKoXZs2c/8MADkZGR3bt3b9++vX1HV1paGmlceXk5ugoLC7vhhhs6d+7MmMrNzUVpO3bsGDRokL1bBDUmJia2bNnSnmpu2LBhzZo1w4YNQ5AcpYYxSIOcMnr0aBp8+umnSQGpJ73T8HSiTE4cMTa6anaEELVgaGAslEMetmnTJgxEusb2m2++WbRo0U8//US9t7c3wouPjye3++CDD1atWrVy5cpJkyZlZWUNHToURSUlJSE8CviP/AyT0WZmZiaeW7ZsWVVVVe0B2KxZs65du9Ig9ZzitKwwlMkJIUSdgY1+/vnnr776inQNdXXq1Gn48OE4CRVFRERwNDg4+JdffkF1vr6+06ZNw23kc2RgZHvnnntuRUXF559/jq5SU1Op6dix4969eysrK0866aS33nrrww8/bNGixb///e9WrVrRFO0QuWTJkgkTJuzevXvixIkXXXQR9VqG1kafkxNCiDqDtCElJQXPrV69eteuXV26dBkxYgS68vf3R2CIbdu2bZMnTybJ27Jly9q1a6+++moSO3K4UaNGtWzZklNI+AYNGkTS9uabb86bNy8oKGjgwIF5eXnLly/HYXv27AkJCcGLCxYs+Prrr2fPnv3++++3adPmvvvu69evH00hOZI/Sc6JMjkhhKhLysvLS0pK7Nu2Xn311ZEjR55//vmffvppUlISaRyWKi0t7dChw8knn9y3b9/OnTtv37597Nix+O/JJ58k/xs/fjwBW7duRXjY6/bbb+cscr7Y2Ngbb7zxzjvvzM3NjYyMpB18lpOT079//+eeey4mJobJ3N54otfkaiPJCSFEXcKkar4hFXvwwQc9PT2bNWvWunXrHj16ZGdn+/n5kbRFRUVhNR8fH9K+119//aOPPkJXr732GjGY7KeffuJ03DZkyBACyPnatWuHyaKjoxHhihUrAgMDyepw5JIlS2gcj3p5eXFpc5sMVxtJTggh6hIzHGnWggUL5s2bV1VVFRERgZNIvyocP1mA3ohp5PgYOBkbWVpxcXFCQgL1p5xyyiuvvILVCAsICMBtlrHhtmuvvZZ4Uj1qOITw0CeNcy3qaY1da1PURpITroi9eF6zI0S9wiSHpYCeTI2VzUZW2dgBu5QRFZXY7oknnli4cGFmZiY1ZkG2EBsb++KLLw4bNsyataHBic4GiWFLgxo1f0T/R4TLYcPexnlNlRD1CvONicfpHg8PD9utnXJRYJdDJG1Dhw4tKyuj2/v5+YWGhpLYWQwjAiyYNq3SeSJYwXlI1EaSE64IA7h6BSvJiXoIsvkj5ifbGjXRv8cjv1atWvn7+7O88/HxOeOMMyIjI2sPAQur3QLss1sTKmohyQmXg7HKspQxr0ErGhT25hHz1s6dO4uKiqjRKPiTSHLC5bBRbUPdaoRoCHh6etpXUJaWlq5bt+7XX38NCQmhkoGgsXDUSHJCCOESxMbGnn322UiOsre39y+Ot2hKb38SSU4IIVwCPz+/uLg4JBcVFdWnTx9q8vPz7S2Uen36qJHkhBDCJSguLt60aVNlZSVuS05OLi0tLS8v19uM/ySSnDhWVL85UoNTiMOGpA2rxcbGxsfHh4eHR0ZGenh4UK8nln8GSU7UGY4P81T/nKMTZ01NhBDiwBQVFWVlZV144YXvv//+22+/feWVV/br1y8qKspGEzCaakLFYSPJiTrDfMZA3bVrV3JyMmtSx5vCqheh1FuMEOJA5Obm2o8MxMXFxcTEdOvWbfz48cOGDbO3ojg0p3F0xEhyos5o1KhRZmbmv/71r9tvv/2OO+6YMmXKokWLUlNTy8rKOKrxKcTB8XD85GlOTk5lZaUlbQUFBaeeeqqPjw8jy2o0jo4USU4cJdWrSsd39OGwkpIS8jYG4bZt26ZOnfrdd9/NmDFjwoQJt9122+jRo5999tns7GxOIbiqqoow0FgVYh8YRBhu69ateXl5J5xwQlJS0jPPPDNz5kyGGLZjyNhzEXFESHLiKEFUW7Zs+fTTT5966ql777130qRJ06ZNmz17dnFxsUN/v2VlZSUkJCC8t956a+nSpSY2tqjOCjUNCSEc2LdQFhYWlpaWkr2dffbZwcHBO3fu9PX1DQwMbKQvXz4q9Mvg4mhAURs2bPjnP/9J3rZgwYIVK1YsX7583rx5K1euZDWKxsxhfn5+jRs3rqioiImJadu2LUMXGMb2ZUValgpRGwZLYmJiWlra4MGDIyIiKisrFy5cSH1JScmQIUM6d+7M6lDfBHSkSHLiCGCMmcB27Njx9NNPz5gxo6ioiBpGHVuoqqoijC1lCrb2RHKsRhcvXjx9+vSvv/569+7dtNCkSRPWqtWN6h3SQjgGFxkbQ2b16tV9+/Zt1apVXl7eF198gfays7N79OjRq1cvLKh87kjR/y9xBDAO2TLkXnrpJYYf9jK3AcOvadOmeMu52KRQVlZG6kZYUlLSDw6+//77SZMm3XLLLZ9//jn19hKdNS5EQ4ZBxKghgWPLEGP4pKamZmZmxsTEWIbHeJHhjgL9LxNHAMOP8VZQULBly5aSkhJqUJRJjhFIVseWGmdmxkAFK1DPFgsyUPfu3btnzx47JIQAGzXFDiorKykzQPz9/ePj4/VbBH8GSU4cAYw0Bl6zZs169erF8PPw8PD19bXfByEnKy8vp8bb25vdfQTGrkEYOEesFai3XSEaLCwfGQ4hISEMh02bNrFwbNOmTcuWLb/88ktWhKWlpfZ7qjXR4rCR5MSRQUIWGBh4/vnnMwIZlhiOrR1iWIaGhoaFhR1kKFo+5+npGRQUZMqsOSBEw4axwOiIjY1t3769fVSOYeLn58ewYu3IYLHxoiFzpEhy4sho1KgRQ7FHjx4XX3wxI7CioqLmgAMGJ+z3lQMbpYxbRmlcXNypp55qH321+pogIRoqZi9WkB07diR1S09PX7Nmzbp166677rq+ffv6+vra2LEwcfhIcuLIQGDAkDvnnHO6dOlCDc6zQxRyc3Ptx0EOpC5iOH3gwIFt27YlwJkFCtHAsceVrPwYGpQLCwvnzJnD9qabbrrkkksyMjIyMzMdo0orwiNDkhNHDJZipLVp04bRiLSqHB8bgMrKSvTG1t5+wpLTxqRBADUEdOvW7bLLLvP396cdBjNbO12IBo6NLDI2YLe4uDgmJqZp06atWrXKzs7evn27hYkjQvOLOBrQ1bp161asWMGwDA4ONmMxPr29vYOCgmxNSphtnRDD6D3jjDPwXE2VEOJ3nOtClFZQUNC6dWtGE+vC/v37d+3ade3atSwf9xlT4pBIcuIoCQwMPOuss+65556XX355woQJQ4YMQXU4DOfZOpTRiPN8fX3NfC1btuzVq9fIkSPPOeccapTACVEbe87xq4O2bduSw8XHx+/duxfbJScnp6en+/n5adQcBfpfJo4GBhtLywcffPD+++//29/+Nnr06KeffhqH2aflaoIcMHQjIyPHjh373nvvvfnmm+jQftdfCLEPrAsrKys3bty4a9cu+6UqKqmZMWPGnDlzih3fCmuR4vCR5MRR0rhxY5I2EjV7xpKWlpaRkVFVVcVQ5Cg1iNAWnlQyUCMiIjp27NisWTPyPOo1XIWojY0Ikrn8/PxVq1YlJiYyvpo2bZqdnZ2QkMAIWrt2rX0TisWLw0SSE0eJDTa2GGvv3r1vv/02njvvvPNOPfVUDEe9BaC0kpKSl19++ZZbbvnxxx9J9Vii7pPtCSEca8JGPj4+nTp1Yuzgs5iYmA4dOuA8hgwLxJSUlPT09JpocdhIcuIosTEJKC01NZWFZ48ePSZOnHjfffeFh4cTYKpjO2DAgNGjRxcUFDz++OOTJ09+/vnnn3nmmY0bN/6qb60Uohb2/CMuLi4sLIzRQRo3fPhwLy+vjIwMMrmQkBBfX9+aUHHYSHLiz4LJWrRo0b59exaeDM62bdt27tzZw8OjcePGVY7v+mJwksa98sorV1xxBZUMVEZv7S/3EkI4iY6OZkBhNT8/P4YSw2rEiBGlpaWFhYX2FXr2jEQcJpKc+LMw5EJDQ9u1a2cfkkNgnTp1CgwMvPzyy8eOHduhQwd7LYE876abbrr99tvHjBlzxx13nHjiiZKcEPvAoPD09GQtaLupqalJSUlXXXVV9+7dt2/fnpOTQyUDjTWiVHeYSHLiz2JPLCkw9tiy/OzatSuZXJ8+fe6666577rkHBZLPWSSjF6qfcurN0EL8AdRVUFBAISQkhG14eDirw6CgoEsvvfTvf/+7j4+PvcdSj/oPH000og4ggUNd8fHxvo5ffSR7Q2xbtmxBfieffHK3bt04Shgjk0i21GsdKsR+CQwMJJnbsWMHS8OAgICIiAiGz1lnnXXllVd+8MEHq1evtjWiRtBhIsmJOoAhxwgcM2ZMcHAwY48tkistLSW3Y1mampqan59fUlLy008/ff7555TxHNScLIT4HdZ/Hh4erAW//vrrlJQUZyXaYwXJerFFixYMN3scYkfFwdH/JlEHMAJbt24dHh7OwLNHlwzCnTt3JiUlLVu2bPHixS+++OKECRPuvvvuTz75BPkhQgsTQtTG8jO2zZo18/Pzo8xIARaFQUFBF110UWxsrNU4wsWh0VMjcVjQT6yrOJ+TMOqqqqrsdTiDgWevmW/duvWWW27ZuHHj4MGDExMT7aOsnMhS9KGHHvrHP/7h7e1NI6xYa84UQvxOcXHx9OnTo6OjTz75ZHvOz2BxPPuofvjBqJHhjghJThwWNsCADlNRUZGTk7N27drly5enpaVRY/j4+AwYMGDIkCG5ubmjR4/es2fPZZddtmrVqiVLlnB6SEjIhRdeSDIXExNjTWmsCrFf7AM2ZjgnDDG2GjVHiiQnDg2dpKCg4Oeffy4pKcFwK1euRG/bt2/PysqyZ48WxpgMDw8/55xzLrnkkmeeeaaoqGjKlCnkdnPmzOFop06dunXrFhoaqtcShBB/GZKcODR0kvT09Keffnru3Ln2IyC4zT7ujbFYdWI+wtglskmTJhdccAEKDAoKmjx5MnlbZWUlR728vOzZpp5SCiH+Mho/+uijNUUhDoyvr2/Xrl3btGnj7e29c+dOsrQTHB8DwFvOLRCJ8zBfWVkZqduwYcNwG/IzsXEKh/S8RQjxlyHJiUODln51vLmrY8eOAwYMCAwMzMvLY5dyy5Ytk5OTLZMDPIfPQkJCUF1cXNyQIUOQolmNrWGRQgjxF6DHleLQ0EksV7NXwsvLyzdu3FhSUtK6devi4uKHH374q6++wnMEWKKGBYm84oornnjiiYCAAGtECCH+epTJicMCexmUydUiIyNJ1JBZ06ZNu3bt6uXlxaGIiIgTTzyxV69emC89Pb1v375nnHGGfaWsEEIcF5TJiT8F/QcKCwuzs7PJ9nx9fT09PefOnTtmzJhLLrnk6aefViYnhDiO6M3cog4gpWvRokXr1q2joqKaNWtmYvP29rbMTwghjheag8Sf4gTHGyZrQyWJHYXOnTvjOQsTQojjgiQn6obab5ts3LgxegsKCjLn/fGRePU3FP366x/rhRCibpHkRJ1h6iovL9+9e7evry+Ss8q8vLwtW7ZsrsXChQt/+OGHpKQk+8KUXxwQae0IIURdoTeeiDqjoqKCfK6wsPD+++/ftGnT5MmTW7dunZCQ8M477/z888+1e1pRURFKa968+ZAhQ6677rrIyEgkR9pnH1EQQoi6QpITdYb91MDevXvHjBlD6jZ8+HC0R8a2bds2CvZzqWjMTEYkuwEBAX/7298uv/zy7t27+/v766PiQoi6RZITdQbZGJZau3Yt3kJggwcP9vT0pJItR/fs2bN582a22I4ae8eKJX9RUVE333zztddeaz/5L4QQdYUkJ+oMxIaxNmzYcPfdd/ft2/fOO+/09fWlBjhaXFy8cePGadOmffLJJ7m5udRQb99piQgjIiImTpw4YsQIfX2zEKIO0TeeiDoDyQFi692796BBg0JDQ8nYwLzl4+PTokULDoWHhwcFBfn7+5PSlZWVmRqrqqq6du3av39/vSwnhKhDlMmJOgNd0Z0cmVt1v2IXYznLdqiR46d58vLyUlJSdu3atWPHjtLS0vz8/O++++5vf/vbvffeq68BE0LUIZKc+IuwnobnrGzyQ3j4D8/NnTs3ICDg9NNP1+NKIUQdIsmJ44wleUBBaZwQom6R5MTxxPQGjRzfjWJ5nhBC1BWSnBBCCLdFX+slhBDCbZHkhBBCuC2SnBBCCLdFkhNCCOG2SHJCCCHcFklOCCGE2yLJCSGEcFskOSGEEG6LJCeEEMJtkeSEEEK4LZKcEEIIt0WSE0II4bZIckIIIdwWSU4IIYTbIskJIYRwWyQ5IYQQboskJ4QQwm2R5IQQQrgtkpwQQgi3RZITQgjhpvzP//w/HDfwjfdO4DEAAAAASUVORK5CYII=</file>
<file name="32.png" path="/" encoding="base64">iVBORw0KGgoAAAANSUhEUgAAAqgAAAItCAAAAADQrtfrAAANBGlDQ1BrQ0dDb2xvclNwYWNlR2VuZXJpY0dyYXlHYW1tYTJfMgAAWIWlVwdck9cWv9/IAJKwp4ywkWVAgQAyIjOA7CG4iEkggRBiBgLiQooVrFscOCoqilpcFYE6UYtW6satD2qpoNRiLS6svpsEEKvte+/3vvzud//fPefcc8495557A4DuRo5EIkIBAHliuTQikZU+KT2DTroHyMAYaAN3oM3hyiSs+PgYyALE+WI++OR5cQMgyv6am3KuT+n/+BB4fBkX9idhK+LJuHkAIOMBIJtxJVI5ABqT4LjtLLlEiUsgNshNTgyBeDnkoQzKKh+rCL6YLxVy6RFSThE9gpOXx6F7unvS46X5WULRZ6z+f588kWJYN2wUWW5SNOzdof1lPE6oEvtBfJDLCUuCmAlxb4EwNRbiYABQO4l8QiLEURDzFLkpLIhdIa7PkoanQBwI8R2BIlKJxwGAmRQLktMgNoM4Jjc/WilrA3GWeEZsnFoX9iVXFpIBsRPELQI+WxkzO4gfS/MTlTzOAOA0Hj80DGJoB84UytnJg7hcVpAUprYTv14sCIlV6yJQcjhR8RA7QOzAF0UkquchxEjk8co54TehQCyKjVH7RTjHl6n8hd9EslyQHAmxJ8TJcmlyotoeYnmWMJwNcTjEuwXSyES1v8Q+iUiVZ3BNSO4caViEek1IhVJFYoraR9J2vjhFOT/MEdIDkIpwAB/kgxnwzQVi0AnoQAaEoECFsgEH5MFGhxa4whYBucSwSSGHDOSqOKSga5g+JKGUcQMSSMsHWZBXBCWHxumAB2dQSypnyYdN+aWcuVs1xh3U6A5biOUOoIBfAtAL6QKIJoIO1UghtDAP9iFwVAFp2RCP1KKWj1dZq7aBPmh/z6CWfJUtnGG5D7aFQLoYFMMR2ZBvuDHOwMfC5o/H4AE4QyUlhRxFwE01Pl41NqT1g+dK33qGtc6Eto70fuSKDa3iKSglh98i6KF4cH1k0Jq3UCZ3UPovfi43UzhJJFVLE9jTatUjpdLpQu6lZX2tJUdNAP3GkpPnAX2vTtO5YRvp7XjjlGuU1pJ/iOqntn0c1biReaPKJN4neQN1Ea4SLhMeEK4DOux/JrQTuiG6S7gHf7eH7fkQA/XaDOWE2i4ugg3bwIKaRSpqHmxCFY9sOB4KiOXwnaWSdvtLLCI+8WgkPX9YezZs+X+1YTBj+Cr9nM+uz/+yQ0asZJZ4uZlEMq22ZIAvUa+HMnb8RbEvYkGpK2M/o5exnbGX8Zzx4EP8GDcZvzLaGVsh5Qm2CjuMHcOasGasDdDhVzN2CmtSob3YUfg78Dc7IvszO0KZYdzBHaCkygdzcOReGekza0Q0lPxDa5jzN/k9MoeUa/nfWTRyno8rCP/DLqXZ0jxoJJozzYvGoiE0a/jzpAVDZEuzocXQjCE1kuZIC6WNGpF36oiJBjNI+FE9UFucDqlDmSZWVSMO5FRycAb9/auP9I+8VHomHJkbCBXmhnBEDflc7aJ/tNdSoKwQzFLJy1TVQaySk3yU3zJV1YIjyGRVDD9jG9GP6EgMIzp+0EMMJUYSw2HvoRwnjiFGQeyr5MItcQ+cDatbHKDjLNwLDx7E6oo3VPNUUcWDIDUQD8WZyhr50U7g/kdPR+5CeNeQ8wvlyotBSL6kSCrMFsjpLHgz4tPZYq67K92T4QFPROU9S319eJ6guj8hRm1chbRAPYYrXwSgCe9gBsAUWAJbeKq7QV0+wB+es2HwjIwDyTCy06B1AmiNFK5tCVgAykElWA7WgA1gC9gO6kA9OAiOgKOwKn8PLoDLoB3chSdQF3gC+sALMIAgCAmhIvqIKWKF2CMuiCfCRAKRMCQGSUTSkUwkGxEjCqQEWYhUIiuRDchWpA45gDQhp5DzyBXkNtKJ9CC/I29QDKWgBqgF6oCOQZkoC41Gk9GpaDY6Ey1Gy9Cl6Dq0Bt2LNqCn0AtoO9qBPkH7MYBpYUaYNeaGMbEQLA7LwLIwKTYXq8CqsBqsHlaBVuwa1oH1Yq9xIq6P03E3GJtIPAXn4jPxufgSfAO+C2/Az+DX8E68D39HoBLMCS4EPwKbMImQTZhFKCdUEWoJhwlnYdXuIrwgEolGMC98YL6kE3OIs4lLiJuI+4gniVeID4n9JBLJlORCCiDFkTgkOamctJ60l3SCdJXURXpF1iJbkT3J4eQMsphcSq4i7yYfJ18lPyIPaOho2Gv4acRp8DSKNJZpbNdo1rik0aUxoKmr6agZoJmsmaO5QHOdZr3mWc17ms+1tLRstHy1ErSEWvO11mnt1zqn1an1mqJHcaaEUKZQFJSllJ2Uk5TblOdUKtWBGkzNoMqpS6l11NPUB9RXNH2aO41N49Hm0appDbSrtKfaGtr22iztadrF2lXah7QvaffqaOg46ITocHTm6lTrNOnc1OnX1df10I3TzdNdortb97xutx5Jz0EvTI+nV6a3Te+03kN9TN9WP0Sfq79Qf7v+Wf0uA6KBowHbIMeg0uAbg4sGfYZ6huMMUw0LDasNjxl2GGFGDkZsI5HRMqODRjeM3hhbGLOM+caLjeuNrxq/NBllEmzCN6kw2WfSbvLGlG4aZpprusL0iOl9M9zM2SzBbJbZZrOzZr2jDEb5j+KOqhh1cNQdc9Tc2TzRfLb5NvM2834LS4sIC4nFeovTFr2WRpbBljmWqy2PW/ZY6VsFWgmtVludsHpMN6Sz6CL6OvoZep+1uXWktcJ6q/VF6wEbR5sUm1KbfTb3bTVtmbZZtqttW2z77KzsJtqV2O2xu2OvYc+0F9ivtW+1f+ng6JDmsMjhiEO3o4kj27HYcY/jPSeqU5DTTKcap+ujiaOZo3NHbxp92Rl19nIWOFc7X3JBXbxdhC6bXK64Elx9XcWuNa433ShuLLcCtz1une5G7jHupe5H3J+OsRuTMWbFmNYx7xheDBE83+566HlEeZR6NHv87unsyfWs9rw+ljo2fOy8sY1jn41zGccft3ncLS99r4lei7xavP709vGWetd79/jY+WT6bPS5yTRgxjOXMM/5Enwn+M7zPer72s/bT+530O83fzf/XP/d/t3jHcfzx28f/zDAJoATsDWgI5AemBn4dWBHkHUQJ6gm6Kdg22BecG3wI9ZoVg5rL+vpBMYE6YTDE16G+IXMCTkZioVGhFaEXgzTC0sJ2xD2INwmPDt8T3hfhFfE7IiTkYTI6MgVkTfZFmwuu47dF+UTNSfqTDQlOil6Q/RPMc4x0pjmiejEqImrJt6LtY8Vxx6JA3HsuFVx9+Md42fGf5dATIhPqE74JdEjsSSxNUk/aXrS7qQXyROSlyXfTXFKUaS0pGqnTkmtS32ZFpq2Mq1j0phJcyZdSDdLF6Y3ZpAyUjNqM/onh01eM7lriteU8ik3pjpOLZx6fprZNNG0Y9O1p3OmH8okZKZl7s58y4nj1HD6Z7BnbJzRxw3hruU+4QXzVvN6+AH8lfxHWQFZK7O6swOyV2X3CIIEVYJeYYhwg/BZTmTOlpyXuXG5O3Pfi9JE+/LIeZl5TWI9ca74TL5lfmH+FYmLpFzSMdNv5pqZfdJoaa0MkU2VNcoN4J/SNoWT4gtFZ0FgQXXBq1mpsw4V6haKC9uKnIsWFz0qDi/eMRufzZ3dUmJdsqCkcw5rzta5yNwZc1vm2c4rm9c1P2L+rgWaC3IX/FjKKF1Z+sfCtIXNZRZl88sefhHxxZ5yWrm0/OYi/0VbvsS/FH55cfHYxesXv6vgVfxQyaisqny7hLvkh688vlr31fulWUsvLvNetnk5cbl4+Y0VQSt2rdRdWbzy4aqJqxpW01dXrP5jzfQ156vGVW1Zq7lWsbZjXcy6xvV265evf7tBsKG9ekL1vo3mGxdvfLmJt+nq5uDN9VsstlRuefO18OtbWyO2NtQ41FRtI24r2PbL9tTtrTuYO+pqzWora//cKd7ZsStx15k6n7q63ea7l+1B9yj29OydsvfyN6HfNNa71W/dZ7Svcj/Yr9j/+EDmgRsHow+2HGIeqv/W/tuNh/UPVzQgDUUNfUcERzoa0xuvNEU1tTT7Nx/+zv27nUetj1YfMzy27Ljm8bLj708Un+g/KTnZeyr71MOW6S13T086ff1MwpmLZ6PPnvs+/PvTrazWE+cCzh0973e+6QfmD0cueF9oaPNqO/yj14+HL3pfbLjkc6nxsu/l5ivjrxy/GnT11LXQa99fZ1+/0B7bfuVGyo1bN6fc7LjFu9V9W3T72Z2COwN358OLfcV9nftVD8wf1Pxr9L/2dXh3HOsM7Wz7Kemnuw+5D5/8LPv5bVfZL9Rfqh5ZParr9uw+2hPec/nx5MddTyRPBnrLf9X9deNTp6ff/hb8W1vfpL6uZ9Jn739f8tz0+c4/xv3R0h/f/+BF3ouBlxWvTF/tes183fom7c2jgVlvSW/X/Tn6z+Z30e/uvc97//7fCQ/4Yk7kYoUAAABEZVhJZk1NACoAAAAIAAIBEgADAAAAAQABAACHaQAEAAAAAQAAACYAAAAAAAKgAgAEAAAAAQAAAqigAwAEAAAAAQAAAi0AAAAAiuZ9EgAAAVlpVFh0WE1MOmNvbS5hZG9iZS54bXAAAAAAADx4OnhtcG1ldGEgeG1sbnM6eD0iYWRvYmU6bnM6bWV0YS8iIHg6eG1wdGs9IlhNUCBDb3JlIDYuMC4wIj4KICAgPHJkZjpSREYgeG1sbnM6cmRmPSJodHRwOi8vd3d3LnczLm9yZy8xOTk5LzAyLzIyLXJkZi1zeW50YXgtbnMjIj4KICAgICAgPHJkZjpEZXNjcmlwdGlvbiByZGY6YWJvdXQ9IiIKICAgICAgICAgICAgeG1sbnM6dGlmZj0iaHR0cDovL25zLmFkb2JlLmNvbS90aWZmLzEuMC8iPgogICAgICAgICA8dGlmZjpPcmllbnRhdGlvbj4xPC90aWZmOk9yaWVudGF0aW9uPgogICAgICA8L3JkZjpEZXNjcmlwdGlvbj4KICAgPC9yZGY6UkRGPgo8L3g6eG1wbWV0YT4KGV7hBwAAQABJREFUeAHsfQdgHMX198yW69KpF6u6yXLvFYyNTW8GTE0gQPiTUL4EEkJLCD2BBEgIEGoSaiCmGGyqjcE27r3KTS6SLFm9Xb8tM9/bU3GTrHJ3q7vzjMvd7c7Mm/29376ZedMwRSxEJgKUbn30ENdB2bDqsIjNHktcg4IIQjxCFFPcQcSWS6qMeZVwfJLiocRkkcTOoyLUkhEnyryYZjw1NzClcf2oarCYTB1F1KTAdfjQ/qfaF4RI/DCrS0o8vgSUS5B8ySbeo9rw8XdaHiCQEeTAQoQiQKQaX0dERXJloqmspl9GcTOQFPjSyoYOHwNzTVsMuWVum9/YoCTyDYQnQO4OA62MFyqNToQkq1+CbLukBkbYLXM8OqGQlAjw6qg+xHMGWeKIhSNeZJAIxQJPbLxMxGPEawQUkv2+flZrozud70QmhVfxmETsa4QhcArlUMIjqlGuRYOd6xEYg0WZcBQTyiP1FE9Imy1ck9GBkN/iUzngxinittzCTTtcJ3ILI8mdAMVylvtSDOn1VTb3ILP/IJ9ypJ4KuZaKRoI1E9sWiEcw+VRjpQ8jjtATGN8WSfvs/AGPjcW+nwYIEFmkAapoTOqapAFEqNpi6iAJNBpa/iCq8vBV9RMRi4pPVM0c9WCD389hM+eTueOypk7O4lXMJU2n4ChIopgR9TSgYPcekRKo7jXGQVMS6vPuBKpC7X8yxTRrr5lN+KvlB3Zf++AoVAEc/H980Oh9/JUOf3UrUocp2cUYRKAb1X13n1pjn2Y8W60zfLT97SiH48xsBxG6x+YOErJLDAFdETjZbusqngljCHQPAUbU7uHEYvUxAoyofawAJr57CDCidg8nFquPEWBE7WMFMPHdQ4ARtXs4sVh9jAAjah8rgInvHgKMqN3DicXqYwQYUftYAUx89xBgRO0eTixWHyPAiNrHCmDiu4cAI2r3cGKx+hgBRtQ+VgAT3z0EGFG7hxOL1ccIMKL2sQKY+O4hwIjaPZxYrD5GgBG1jxXAxHcPAUbU7uHEYvUxAoyofawAJr57CDCidg8nFquPEWBE7WMFMPHdQ4ARtXs4sVh9jAAjah8rgInvHgKMqN3DicXqYwQYUftYAUx89xBgRO0eTixWHyPAiNrHCmDiu4cAI2r3cGKx+hgBRtQ+VgAT3z0EGFG7hxOL1ccIMKL2sQKY+O4hwIjaPZxYrD5GgBG1jxXAxHcPAUbU7uHEYvUxAkIfy49a8dqxDFD4485AgHMTovZ5Ir3gxwEd6YWNiPLBQWHARzhORnJQpNRQ0RNgJ7EkW+OgfiIU8YyuodcUs6g9xhR4iik5uOHwDoVzF/N8cyAHYhsw4OxBWXaswrFjLIQcAWZRewgpHJakNDRW7vtmJU6F0+akI4MKWip8Ku1tzhs9YUKBubMDPXsoiUU/FgFG1GPROMV3lWDtzDnVWVy1d0NdZblfmHuDEeHGv025v9WC+rcu+P6waei06eOSjHD8I0QmQFnWDDgFqD24xar+boIFlKOSe//aTTubG1yEigZx8nQAjx5ZLSe3ZnHepLmvfLtxy2cF/YecNcBkgKtA7m5mz6J1gQAjahcAabeJT4KjaKsO7d28vaYZYd4gqQJH1pvBbObVr/7PFRwiQjKcqCzOxPtLk+sXi3G5hVOnm1RTkpWDM2oD/gHtkMVuiGJROkGAVf2dANN+GU4Dr/twD4ebiurcbgXz0AKgfsSLSIDz7LHV1ZSQCUS1Dokjqn1yxeuVZ+w9CO1Y3p4m0uThY1LV9JwUo5YZHIjLzGs7qj3+wojaFWRw1viGX+4DoslHz5ZtPd/zmKRYBHvJWVWFE9Vm7XRyLfCihaf2EWOH9M9JBTIzt1ULLL36n1X9XcKGkVuRgXtHeQpJNKoecwHar3ARmIg5L1xuITIv8pKPc5UtsmYPn1E4IEWzxWAYWAugS8g7iMAsagegHH+JoooXX3cew8rjbx/9hTkDVTmKZWgtQBPBanP4LMlep6rImEvKHDi2YEo/cGgxoh5FrAffmEXtEiyMssZqXfhAAHPY2inqgLnE1xYNYpl5SZJ9pvR9DRSGq2obdy9JGDF3TgLrUh3FqCffGFG7gxYBOxggJribtE8eBkpPDsddo1TxqUiqcChgX6H5asS0ZvGB/LMV1lI9GbluXGFE7QZIaEB2A1aAb9ggqLwsm0RVlY5top6cB0VeniOI90uCQYKUxEd5jjp9zKCejFW3rjCPSXdgyhvAGzAExBsSTDAVBYbzA3byVGmJ7IceGLEPjoMZLDDuSiQ/9R9R2fjqqUDr/B4jaufYtN/BSXlIFQSotG2z84gqZqQQsasaHOZYQXrMq27CCQZe6/CD/9WhntoQt4tkX05AgFX9JwDS4U+hMKnOjIlPsY6pMmN5sKtK6IaTCZiq4MZ6A8xSoYpEeaM3dbShG+k6LMLpfpERtTsM4C9R3tjDg42s/a8nnqrFPvH4VB2zD5xUxI+RX9B8rjDCKgvmZFbzH49ct38xP2p3oFKpsuLVnY0NWFDNIkF+WQQHv9a5akvM29q/gmeKsxmpp06CjhNHUWJB+kFf/EADgdhTrk88Jl5bYvbZDQQYUbsBEvScsFpV9f3L1aKERIMq2+MDHE1PUVtSk/jRx1RNRByaiks+Wl6rYiQOuHWOvdpvTRW0JqvJ1B1pLE4HCDCidgBKR5dgoonr2TfqCeIEPOm6QZqbictKbY1JBdNxlhIG/tXKJcuPUJr+0xmWQKTj7nckgF07JQKMqKeE55ibhHBHPvlwH0XJ438zgW+t9Vvppw3htwdKMOUojBG4HJRakjSvFgtBI3AswkFnFtsZQN/It303oekjsvnA1JJjG6nHPnrgOvS8oIEKgdH0WGx6/Z0RtUfQac5RICnzPvcItVBEZpD3CEWtHofWao/SsMihQIBZ1J6iGKjYe5qIxQ8WAUbUYBFk6XVBgFX9usDMhASLACNqsAiy9LogwIiqC8xMSLAIMKIGiyBLrwsCjKi6wMyEBIsAI2qwCLL0uiDAiKoLzExIsAgwogaLIEuvCwKMqLrAzIQEiwAjarAIsvS6IMCIqgvMTEiwCDCiBosgS68LAoyousDMhASLACNqsAiy9LogwIiqC8xMSLAIMKIGiyBLrwsCjKi6wMyEBIsAI2qwCLL0uiDAiKoLzExIsAgwogaLIEuvCwKMqLrAzIQEiwAjarAIsvS6IMCIqgvMTEiwCDCiBosgS68LAoyousDMhASLACNqsAiy9LogwIiqC8xMSLAIMKIGiyBLrwsCjKi6wMyEBIsAI2qwCLL0uiDAiKoLzExIsAgwogaLIEuvCwKMqLrAzIQEiwAjarAIsvS6IMCIqgvMTEiwCDCiBosgS68LAoyousDMhASLACNqsAiy9LogwIiqC8xMSLAIMKIGiyBLrwsCjKi6wBwbQgjpu+cQ+k40kxxVCBBUuzh1prGvjstmRI0qtvRdYSlq/Nt7o/MLCBH6pBZmRO073UeVZBWVfdHY6PSqpr4pNiNq3+AeZVKp83vvPm56ybtJrl8O6pPztRlRo4wyfVJcipwfL0ZZ/ff8z5A1Z1CfNFNj7Bh0eNmPCfiY7+xrEAioRF79xdYiP3/WyH4zTYoxQ//6P1YsKqWIk5xqjcPvDyiEYmoalooo5fqk6R8EKSIrKaXwtu/5yoGN9kSq8tXiti8NonTbhRirWFfu6CosjDoA3Go++U52uRUFYYx4pFI08p6xSBHDKPQ0yJp6Jb75pQ9FTrZJKmdrKouvHzdp2YK4ysKBZo3DuoUYqfopJmV//ib5suEEDKhKVDPnMhXPS/nVjCTELGoQZKLS1wtI0xpnzqAp1QsbeSufNmv3vlm+H5P8t99i4vQkKv9YEI8RMUkJUjY/+9VFz4wnJqvF2lxbVVVdF3fJzPX/3Z+ZxqtIT0AjBpOQFARz/MbPDvjJ5AebFx6WzdPTd5TkHXYpxjTr3WlUV6LGRNVPUcOiV6tu+kXRG5sJVPyyn1CEjTN++cR/v95665x+jKe9Jy03+OrlDp9b2PnPAyrnr7TR6hV8jr+mIUXGuvIURbtFDbST6P6/vIwfvuajp7a6XR7Zo/JI4TDZu9r4i/HbPi1OzhCYTe0tVSlducBBhKw9W3iVFyuOYKSanOWV9eqYQgJ9Af1C1BMVJkrIy59eOOXR9Bf+U21A0MvHiKqEEiQ2bCibdJXw1TJPdjxrqPaWUo4PVxKV0uYGRMCFgqCv6veoVFELpulrUqO+6ifY//mzh6/43aaXt0vUC+pQW1WicKL70y3X3jDtxb+tuXOmobeKOs3TYcdhaEeB8wSsJ5UBDExxmu2gKjuInvYUoSgnKiXckQ/eUh88/9tXDgNDTRaOR243nyAgfzM1DbUq3+z7f88+ukTuP0hfWGOG3jRpiCgho8UnyqhlNEW1TjWWoLhBQutvnR41yomKOPmD54fen//K9unClt38pbP4eLx43qTrklHJu0XTHk3HTS/dff/vSsqbdIIz9sRYzviwwmxOr1PaH80+DX/jnXSBzszRWVz704boC0bKEfn/Bj3a9EIh2vnk9guu5jmledv9U12Gc+MfteSKVf3uv+0fz2aU+EIk77TLhtKxF3ygSms4k1frkWrzURz/FvkZv83RuYqK+l4G5jjzp8suGLJhy8iLXG+/Uumb91Zi/z0P/aWxwO5Q1t39WepIv596tcYrC71AAJOM+3+ZrkCLiuO0dioQlRRtmfSX6Zy+NX9MjNsoDnP6zocfWOdUlv91Q/07q2VS8tXCahVa+3VrdxAevChN1cfPVumFxk7bJLj/g1cATSXFYG7pkXIiQUnuZr+iK6ZRXvVr9KGGgSLfdLj2dz5k9DgcteBa5TAfIJZogE/otXJGnSuq2KG1VOZDbrBnqeY6H0yjAIuKefOGx4n99iG6jvXHAFGRkCzvv/pn+0oqCIc5e9YeihLNFBFE8ZjbJyOo9SkXC4/ZN+T3/e9LckRVE852Lbemqw4Htio2Y9NHcXek6Orvj3b3VEB5cpL6tnn2VcaX3vebwNsPNZLFiHkwpnTg/eoPK6wc53fq+vb3DaXCI9V+xZqtEkH8hqbZ54x0bly8KaGxkRNU67RkfSGNflODlXobPvSkbdgjNywpNqiGeJ7SKoetIdFAUMWiki/2TIV2fx+u8w0Pf3TLlaNel5Hjmj1XPZgl0jPPfWC9JHGCyXpE5XRlatT3+qGC5ygZf460cqXNgrUA/VOTsbnC4xNw0ePP7+cUSwaO/sfUjZknCKLr1HwVUf+Ue/OwQsQR53IyOK/TZm1s1rfZH/0axKRaMv/kL2fnDOBgzhQCTiry2Adun6bSRg9VMUd89kGYWdQT+Nftn0r9GbOI4jfN7M8JPM/xg2xa898+sLRO39lT0U9USmrjrGukp96dtbuOp7LM0d3zvNfd6fusurm6zs/7LdO54r7c4qPblIjQiNZ+05I5ZEzjwQZAbVWYEKiedvE6L5uK+jYqb6XlWfc++6efpS1+vVaQPqvcT+te3lzQtGOvmzzo9UsZ1908f/GQ/vrWUxHKuV4UCwupS67MqUPO9Zcmam1Sss8p2hSlX8WAVH2n+UX5UhRK8PInds/9ec3rm42ORujvCyK09SkvEing8xPH3zXkrU/H332Gzu9/LygRmUko3fFw/tb1VM3/82XgjFaL7l1ltKie9Px7z0G8ntVxtM9HlVHOWO+XP46+yrT/MIFZqKoEq/oQUaD9TxE1XfxM2p++v+ThcS2jf5HJhcgulZqS+d1mGavOfQ5Vblz+3BoeywodcN85MHatZzUV7RYVFkThpo/erLvuxroXlsBcNFgdrYoKjO5hJCqpP7up5PlDv/5ZIoyjRjYdIrZ0FEajdr06D/zQ1JjbjztQYUSCtSn5b5dwFMb/dQxRblG11xpbRgwv+WLL+Lm02CfyAscDgNDu52jWvT///gnvfTfZ9Z2LrqP2dBBFKU1J/abZaMLGnHSzV/ZTonhzb0jyw7CqnlV/lFvUVk2ppW+/a/jl5d+9VuaXsEkE3ypMRB9199AXFwx9aIrI9qAIgtDO5WWWbR+oZseEM61ON91CK8oUnDg5Me6W8bp6p6O+1x/QAc6/d8Rfnz10S+G+feVCQb5KEAz7j6ZP/XDpXUM5rdHKQi8RoLj23UM+NcnaSCrWVfMGJcHLcdSx2Hhdpq4DU7AEppdPEGnJ5B//+eOAn4/y+pDViJCzKs+zdV7dbXck6/raRxoowZeHEs9LT3uwwYBk7Bfi+XpERST4pfh7HtC3pooNi6pNkJo54O+f/d6GzdoSNOxXEvyu/g/cYJPYqr7g2IpJrUIFsGeyIhp8FIPzb8rU+XvdWxozgsu4h6ljhahQNeT/ccomHx1x+O0GXhr+SzMSCkeJKvNL9ZAQJ0UvWS+h9Lnb1mhOPwROAGLIKUzCpNGlryMlVogKvSeUcu2VCrXs/iYzf834G61gV8H/ry+aJ2k5Bi44mjUkzbyM1MCCHp5+X+nm1KbKwbo+nJ4ehvA+GMyb4o1WGwf1vpsaScBxpe/c3vA+Xx/ljuPiEWrYlJkF4yeBImBFHWIh2BSnb+8mdoiqoahN8qPcwVUNu919pNeYE0vT8znBnCFo88/ApwrsJFyGnRPGDdQ2ptAvxErVfxQxjCRMfbqCeFR47H0jqTMXO3zfUr/GUS1QoXmZUxh+mVXfZaixR1SAkj+6W0ILuOz/XiOA0blbv6mVANGW5j5VVbFILfjjbEp03SM5tqr+dnWwPlQ7FMF9gdHnvIefyFdhYJo3WMxm8KL4pXrv9eeJnL4d1RglKqv5g+Pn0dTA1MxzszmiqqosE4JFUSDUONiIeH0n+sRi1Y913mjuqFZj8htWDYMOBIYwOZybpnWq1LShuluCGCQqrJvSdV5PTLLz2Ifi4u+9CdpS4KnGKTbtBhVsujv+YpCoJK6g9Fic2fcgEcBCfn5bFn3W+I/BNio1ZZh0r5naFBmbn9oq9JbQZ88Xe0SlnHNtrcz2mewzSoVHcOxV/YY4v0rVlvP7woMZy7UPEIg9i2qyc2ZObdvJvw8gZSLDgUDsEZXjYV8UxRkOsFiefYdA7BHVnAz+KU8128Sn70gVDsmx10YVROSnfikcYLE8+w6BmCMqFmbHcyRhUuxVFX1HkkiQHDOL+9rAhEPlYAQVDkboM9d0W0nYZygRiDmLCrujAkXh7N5QosTy6nMEYs6itpKU8bTPqRXaAsQgUUMLEMstMhBgfY7I0AMrRRcIMKJ2ARC7HRkIMKJGhh5YKbpAgBG1C4DY7chAgBE1MvTAStEFAoyoXQDEbkcGAoyokaEHVoouEGBE7QIgdjsyEGBEjQw9sFJ0gQAjahcAsduRgQAjamTogZWiCwQYUbsAiN2ODAQYUSNDD6wUXSDAiNoFQOx2ZCDAiBoZemCl6AIBRtQuAGK3IwMBRtTI0AMrRRcIMKJ2ARC7HRkIMKJGhh5YKbpAgBG1C4DY7chAgBE1MvTAStEFAoyoXQDEbkcGAoyokaEHVoouEGBE7QIgdjsyEGBEjQw9sFJ0gQAjahcAsduRgQAjamTogZWiCwQYUbsAiN2ODAQYUSNDD6wUXSDAiNoFQOx2ZCDAiBoZemCl6AIBRtQuAGK3IwMBHYhKKdL+sMAQCAKB8BOVqkSpY0eTBqEjlhQQCD9RCVJ/+P17Tceb1ON/MU0wBLpCIMynohBMsferv29d3HhzCnylLe8FQb5GvxchPtvKTi/pSkPsfgCBMB82QVRMvvxjsUlOvuy3A1TKBd4LSre9u0eSMTU+PrWVukwbDIFTIxBmi4qw+vVT+3kJ17znfmAQdKu0QKlqkz1j40lcEjux9NTqYXfbEOAfa/sWhk+KsLzgid3YMsbv4XdtTR4kwhU4CIqkjXOWeOt9V42mOjSSw/BgLEvdEQinRSWKUDP/xQM06aablv+riK5plC8TVI5HHBa4retVJE49g9f9gZnA6EQgnESl2PHKqw6ae/PtKYOG/eNH365H6+ekAUwYUzGFIhmMKztgLzppo3+pw+aegoYobnr9HSfu/+hvUlXhrL/fbMYHH32hARMC9b+YZuAN7Fxd/fUdtRLDZlEJwaUvzmtCmbddZSEcIbn3pr5d6nq36VfDFCxg6FBB6zRsb0nUqoMVvDMEwkZUxFX8+RMPN+yhcy0YKxyV0n418E97G9/33TeEhwqfx4SjXlU7CZoFhkDXCITHqFGV4kPPzfejEY/PiSO08b3vvAZinPNYIZU+/fUShVJsFzCPfMw71bWGWIwAAuFxTxGC9j72sYTHPna+gdLGV55f1tAvjfCDBjZVuMt3JGaZ1OUr/BjNnAKNABYYAt1AIDxERdyuR78iZNwTswWMG156tblxw8GCTIwHTRXKnLVrPCNMP66VDVLqdBsjajeUxKJAW/GxkKOgTevb8dgirE5+YgZPUc2Lbzg4Xj2w0zJQJImTE4scnh01/Q+tVrDa/zw7I2rI8Y/NDMPQmaKErnhuGSZnPjZFIOTwS++5BA9081dXlN+ShG03mp/b63q/1MxxMPWP0TQ2WRWGpwqLRV3/h1WYnvXkZHgL1v7xc78gqZqVbd7mLIzn+MLBByvVQ+Uw+w8NuTCeUTUMSo3FLENNVGCkd9WTa7H53EcnwMysw099RXkZXPzg5Be8OypHJFI8cGxdqRdcVDIjaiwyKkzPFHqiOt99fDsRrv/TEJ4ou59fQJFPAaJCoNS//8jwFIIzx/GHPEYkMaKGSamxmG2o26i4+T8vVhpM5/0qByr1DU+tUXlwlrbO7kNI+kJ5YDQm+fdnvFANHlw+PF7cWNTTaf9MIbWoMGza/PqL1Zz1tnuHEETWPvoj4WXoW7WhjDlavMM6iFdNI+K2NorUOCGHgs+ftVPbAGKfnSIQUqKq2PHqy03YdMdvczhE1j+9VCWS0k5TKAMhavn2pCEGxTA8s66CryvNzoGhVEbUTtXDbrQhEEKiQn+p+f1/NHD83PsyoJZf9fQyWetEHR84Y9M2Li+eisNHlh1SynYk9TcQNovqeIzYrw4QCB1RYQC//h8v1mHb3IfyoLZf9OBG9USWavJ5sX595cgkhPuNaD4s1a7lRhph4h/jage6YZeOQSB0REWo5oXXXST1jt/mwszorc+sP67SbxOJVWgOFJelZSOafoZxp8e1XRxmkmHSf1sE9skQ6AiBkBGVoorn3vKgvHtuSeMw2fjoMphA1YFAGKJCRrpra+YgjtrGmEubPNubclOxNvOPBYZA5wiEiKhQ71f89V03yv/DjfHg8y99+Dvw9ndU80NJgJOkaldqAU9MYwaVHnFvPTg0E7HOf+c6YncAgRARFZEDf/1QJgV/vNIENnPnX77hBOhJdRKISoW6HUmFosIPKjhYLpceSM/iCFvn1wlc7LKGQIiIqn7/2FeKWvjoHANG5McnvyYi6ZyoYFONxtqdiYWCinILD1fgsrWGQiNm/lRGyc4RCAVRiYr2Pf4DIsMfuUSk1PfDE6s4oiinmr2vtQvqikz9bQhljyN73Y1blKEWGC5gLdXONXWa3wkFUSna9+fvOLnwiQvBnioL/7BLJJJ6dDyqA4QxUSjvWFdVkExR6kR80OXe29Q/mfX9O4CKXWpBIGiiQt9eWvXsQgWPu+9iaGaSpU/uMVK5bXz/FDCLZu/2isEZnGIdl3uo0rOloiANhv6ZTT0FZKfzrWCJCmP10qKHV0rG8x89R4Dx/U3PrBNVmNfXaU+qDWwMUeR91SOSETUN7X/wiLp/d8oAxPZMa8OHfR6PQLBERcg//y/bqfHKR8bA8ih5wWObjdQH1T5uDcdLg1/tN6ii8uKBnQn5IsfnjfUf8JbtsQ8SmUk9CTF2QUMgOKKC3fR++PQe3jLngaEwHFX34V92CZystEF7sh8fYyEhMyUpKTkpyUYkg4gObpYLYeF/xnhvqVy9JXGwETjeljxCP+GhwQUX6aWMUPB6XSzofwcRFOR777kKNeHnv86AbXoPP/e/Ro6ncYmCxCdh0XC4khDfCY0AfsR5GZqWidHy3iqRYE7Oe+UcaAbghvlPVXC5N9ycDev9IzrQmk3pIwWVLfTWV0vBTZzm3O8+V4mtN/42lUO0+u/vOilR+OkzHIfr+/HGfoaXi40nPA3G4/L+2wQmicZflYaoTE2m6n1nQ6MBJV3jeGtf6d/pfaYIN1Z03x/F38+ynPBg7GeYEQiGqBQ533qhkrPDbn0EiLrmUxe4R7EgrytpqlUFmnGrFZz4J1hsrO7b0wzPhBOK5UAlDwtUAlGo7Y6Bf97mL5fNkUxU2N2dHqmp/eOKSyeaIr6NEmbq6Jt9EEQlyP3aS/V8wl13JGqdddrQHGAc37y7FBPoNPnfqzSc7E6liXlerGAucdQP2mQAWWktAUfMFyX/bcUoSyTzFCEF161w8EX7vvvNdazjpydVgyAqQu6l2rKTOxNatuVrbbUpI4atSwHeEmvuogaYFXW8SaXqhbm1OB3tasgLtF4JaisBh4RpdNzFQkQbKph789xnsKLGv+PlwomsP6UjU9to0iuRSTdsFq+5yd46nwT660BKSrgzbclD/cUoYcDGkpM7RsKWD47gK9X5RPYHlvZB66Bd4XTyOAM0IiI6rP5fk1mFpkvRewNS2Hxv/VQVBFExEs+8fMgtCS1Eo0ozgQ18oBFX/+0iNJzupGn/h7F04og/9mzZ6SabxSqTFOCnAFOm22wuhzkDPHk7b/VDoduSsGtjs+pC4K0gnw+/Bd6qSC5st58qGiIGRVSU/Sejrc0CgtM0wDhawbkM8fXNnAXGUds42A4FbTBxomKEfj7MC4BABWWfI6lV3Udta3v8SPvSVAyjGfBUorHhlZyZZvjGqKqLjoIgKpSPT2lfF4X5OE4zn5Q6RIxFIxalAzIGZ8AJXDXChFWYJgX0Dszrg2ECh6TLk4ZECD10QExQ3Aqiqrj/obOnZohDktn8xJBA20UmwREVjqg8alBgiV6AlSqH/JVQoatN6onOKWCnAg08UmtBnmKzxlbY6WdgFG1A5V9TddWcZe83I1nmyK69n9n58T+fYGBWtQuWheB2cEQ9xphQqZpavJqB5QVeguYqVT1AyRMNKnU6VRn5DaqkpEAcxHGKDNSNliDmTfnlxMZ5MN8WK/DSVdZw+7fcff2JwxrR8jTRVM7giHrsk7p2yXDeGZhIK/bD7ihUxh6KDNoGaccG0jR9aB0aNoLUT8j6UuFVpKplrrijZvnYuBH4nb9gNOytgXiDCmtsYXCD5+nO14ZOYp2qsOsqdEQ1ZvMtpMQFJn5ik4GzjFqMhZPan77snzhQRl6i276IilqjFkfTDlQ4MQHR0SnNRuLV6goJYZNp27/zkxUx7Jo6zQWEjKjYMkiArXmhN9WQMkiNs6bA8j43eO+PN6gUVb8YR6GhKnKOI9Dpgg40PcmFFdEqwSopmPumB5OAWw2Kz6ufTfoZTMmJ6FJHf+FCRlToUNCA+aQlb4uqCnaSQIfjpOYn9R8CDz+hHByJDi09bYDALUcXjDj+V+rLkkFBqlYhKDxuem/8aMbTMCsxdETVxlE180l9AcOqlRvGGk90+GsmFrzl0IsixAuRJSXaVAyDbam37fsaWqd+qP2pomB+478eBycVC+FEQPMQhTjQtgAeqpN4qvkBVFhJTWSYr6Ip+uQYIS5OOLLLfeRiHvYmCryXFGbkLFjSPlk8HOJYnuAHDSEIxzdHwVwGwgkCWi9qH4E7rR8nxIrwn2TEX+5OaeemytX8r7HteSK85FFbvFASNWpB6GnB4Rj3/r+5Na7txVQ9StEemATe02xY/B4gEFqiRsFgfQ+w6TwqdBzjr+rXOiCl2VJPReSv9er8caLhTiiJejr1JzC2iu3TvqBryGZRh5ntoSQqJ55GVKWc+Zj6A4zqMbMewqyz0zL7EBKV5zrcurdLWI/Rd5dxIyYCJvbRxqMlJ+0uuYgpYYwVJHRE5bKSe9WDx1Kr6zyykSWqqija1K+WQDneBsOnbVWIY6d8whhcW0T2GRoEQkdUlGCHRf09LxU5cISqbQrveXK9UsD5LnDYYPv0W+hIEcwLbfBJDWxeSng10YZ08FJoY/MJM6W6lydtdEXDfE7MO5cdEI+BC7r5Kfa2IX58OjXPu6fXEMc6Bvkgc8ZWS+/sIgfz/XuXMsgS9yQ5ReLhPz12EFYsqIETMynYUzR2Wht8pN7dq3ZPT4pwescN3Vg/tlthOX8vAjQX2vTdi9Q6JYFpC3L9OvzAQCMP62w1oRVFSnxuXJM2b4oi9WBZEj15ya1OhTsdxISOqDBs34sWavRgTAde9sbnB6aNGpxjw4JKXS+sFNZugnk1UBnAQoeGsjERXytED9YdlDSERO0g9xi6hFHir5K+3vWmKX5AlhjvkRpXusRDMkzyp9iMjPYLxzOehlXbjKjdhZdHqXfOXfrNPmdZWRNvRzQxCRn6mWiuFw3h4vLHJbbtTdTd/Fi8HiHAiNp9uCiX/dOLihs5UsbnQisHU1O+ldoUsKjg+Vciv53d/SeNwJghJWqM+7yhn8+lpABFSWvvr7W215rmlPmnwsvuEBI1OudA9wDelhFTYOcJxpO1TnsAYm+jnoB5b7PR0sEMol4F8PzEtLugV6CwRCcgEDqi0tTC3mVG/aRX/tcTnoT9jGkEesetDiExJXR4+aSLcC7K0a0m4YdvnxzCUpwkjl2ICQRC2kbtXg0O66RhQmBbww4mdziZQY0JLoX1IUJI1FOWs42XWiRRJFzbCiOY5kFdqnZOCgsMgVMgEEaidso9CbrNbXIxZ4IV1NEwfeoUILJb4UegjTAhkKS5p47OecfIYqJK675SlE8+Kkg1F8Sp4C7XiExJ0pjK0abutRlCUEaWRbQicJQ/QT4BJULeMJXPjm9tcHI4N5e4DNqezMBHy2hze/7EkHLUkUVhYzwuZIVol8G+xBoCIRtMoiqtKVWEfFurdYQJnBod2+p/OB6lk8D2F+sEGHb5WARCRlTYhUmb/tzOR9itR+W4lt/aoeidM/XY4rDvDIGOEQghUUEAtDvbmNpiWFt/wY+26x0Xg11lCJwagdAR9dRy2F2GQFAIsDGhoOBjifVCgBFVL6SZnKAQYEQNCj6WWC8EGFH1QprJCQoBRtSg4GOJ9UKAEVUvpJmcoBBgRA0KPpZYLwQYUfVCmskJCgFG1KDgY4n1QoARVS+kmZygEGBEDQo+llgvBBhR9UKayQkKAUbUoOBjifVCgBFVL6SZnKAQYEQNCj6WWC8EGFH1QprJCQoBRtSg4GOJ9UKAEVUvpJmcoBBgRA0KPpZYLwQYUfVCmskJCgFG1KDgY4n1QoARVS+kmZygEGBEDQo+llgvBBhR9UKayQkKAUbUoOBjifVCgBFVL6SZnKAQYEQNCj6WWC8EGFH1QprJCQoBRtSg4GOJ9UKAEVUvpJmcoBBgRA0KPpZYLwQYUfVCmskJCgFG1KDgY4n1QoARVS+kmZygEGBEDQo+llgvBBhR9UKayQkKAUbUoOBjifVCgBFVL6SZnKAQYEQNCj6WWC8EGFH1QprJCQoBRtSg4AsiMRz+zkL3EWBE7T5WIY3JaNozONkRkz3Di8XuIwSYRe0j4JnYniHAiNozvFjsPkKAEbWPgGdie4YAI2rP8GKx+wgBRtQ+Ap6J7RkCjKg9w4vF7iMEGFH7CHgmtmcIMKL2DC8Wu48QYETtI+CZ2J4hIPQsOosdMwhoY7iYwsgkjopHYkOoUaGm0BeSNvDxlHKUcHzoMw9DjsyihgHUaMjSuy0zjqgE8dFhUBFro0YDq0JYxsCsLUqpKzubYFJRz1G4QpWIn8zFqv4QkiDSsyIEaU1SHjV7UxReBKI2C/GUQ7RqxeTcCLesrOqPdHaFsHxUhgqU8DxyViQYOMwjLhk6VEBe3hLxPGAWNYREiOCsoGoHRqpNnw+dyAlI8huBrq2BevzxGnsjO7A2amTrJ0Slg0ap1grF6z/xCmBBRZvQXtMTuuldpxjpPEURb/JDpKnTPBvi4U3gM6Wmn0wgYJsw/GkPauoAfMzP9uuR9YVV/ZGlj/CUhta9VXHVJANRFWLE3PG1KJV4LgqIenyhwwMTy7WvEcBm0/zffaFg3mwFVh5fGixySJFlcvzViPvFqv6IU0k4CmQdPz3epGLQ9gk0BWEcIlTaNzD+5DvhKElv82RE7S1y0ZGOUuAfVR2bcu9M7XQQCnNEhD5WRDOVETU6CNe7UqoEw2g+bl67+IfLkkydE5EYsiFq5/d7Jz2kqVgbNaRwRlhmHO/cWosp8dhvuMbYednAlu7dFeGNVNbr71x/0X/HVYRXXzIAhkoJdPVP7EUdfTxKaCXtF9muSmZRj+or5r7Rqqe3X5qLeV40CrhznkIjlsbvqeQiemIKI2rM0fPoA+HEwWvNYqDteWqeovIN/z4c2W1U1pk6qtfY+xZ3T5MN7CX86dwgaX4BbE8aaK0RkyBiRw6sSACGtVEjQQthKgM9/OlFA4iHM1O+U9cUIgpH/EbsFjeYxvuNBIuR2flnFjVMJImIbPkd62fFLRN+MexUpaHN3xguMdrQGOr6cuzgU8Xsy3udVwl9WSomOyQI4Ix7z8CG9KKlyql6Ulz5UkUEd3+83WArj9iuP7OoIaFEhGbCDyskeLbTpYidDzth/2p1vADT/ikxXeQRItVyRWq5IlTzUVYs6EQJ3q8aZppO5Xlq8l6ao/X45WZJTIjYeanMokYZ97pZXI2Z1CM1WvDb/75/4imcU1Rxzi7URq3ooTcG3BgXscv8GVG7qfkoiyZVOxC/YcO2FPPGKeecuiOvEF5rGGBz4sE6G6Knas72IQjMPdWH4IdPtPrDv9MTh4vrqw+nT501qHPfFBhSuTQlLjCXmkhOVJOSEqFEZRY1fGzpw5ypN/PS5NT0izx1SXbuFNNNYCnV5iU32YGvsJJaTPZUCql9WOpTiWZEPRU6UXuPnzWwIjcB8wY7VOqn6CBR2vTjyDRY2o+wggTOMlpST2V++xAP1uvvQ/DDJxob1//+O82SdjHMxFHDnHMFFVH3zmaNrQkpEcrTU4wBhw9FlnO4EaBEPVyxRz2VGEoCRwdiS4EZdqLwfvSKS6Oou9x/qkR9eI9Z1D4EP2yiKRH6Jw0+RZUPjVI1YG05HoPvijqaLs/S9p9SPl90ihZt2MrbjYxZG7UbIEVbFELI2lWzx7QboQ6Hpfjmg0OsLVP7sFR1fRoCA0wOrDvl2EAfAtH+MH1YBiY6xAgQXPdyyh8LoEuvAmf9zT4JFvQTqsot1b3Wxye0ZHVdu9htr1RiynO06uvLruBgK7UIDMyiRqBSgi0SRrZpzgar4iqvNg7nvijOslyZpGJORX5YxK91r6iXE3Fuf5ir2hLIWVkq7KOC0KiznAczDZE4hZo5/NuUFUOfVKXNv989tb5BwmUpuPlKS8WNiZlYpWUlwzJhqR+P/F/UXW+GfdFafQJE4gR1r2c8r8pC0edXDsMRWM8yixpDBG1/FI6aUxqWZ02dGffhgvTfXdDs2GvKVLC/3J5Ikbc2wygkLJ02Utlv7ddCScyDP/Wj/PFytd1XvqcpEg1qxE4/bMecfek5AsA0443nJeRYjfSeSzMT9r+d8rNEcPsbJxh5ghTYJZUfut+iLHxp3CP2QD+LYs63wjcLez864jk4OodE4igqs6g950E0pOALC2FtqUrjxyOft+5L41kbzh9IjGjrUil9Vum2s9W0tI1vKttrE1qeRZZXrp+TTU2j15tvvEDbgzryAiNq5OkkFCXCBBqgWh0urd9eWj0lp/KrbY+nEVy1OX+4mU8VE2bhshv7vdXq3Vc/coy9bogs4BnDzPGYtLZcQ1GM0OXBOlOhwzKicmrznUqvPu/77eVf48I/3341pq7GFBvs2Q9zpr7wXu1ZOi09UMsra9EE8cfvrhsRqXP8ANlItPIhUXhgh+WQ5BSdmbSZRfHy6yfNrl4/eGLCOw2Yq3KYwTRhLC9ZP8HEWbQ5U+CU4qdOEzzETlBEelBb8I/Vqh+2BmtTVXQSLWSlzvujM055zLXMM8XCuQ3GeiGeR3zpp5cWIN/hMZxa25BvBuZye78ayKsRDFmsEhUznrZQHSOrFdF1D2VOGfI+rXT43Sm3Did17ovP5FH8JDPharb2M2nbUiVu3zBG2zU9UkOsEjV22zQ9ZhKGodPdBw0HD/Aky1g/UPngSnX+OZd4ynD6cB8ltTvTzxYhz7SRyxSY7xexIWaJGrGI614wsnWhY+O1c3BaBrGrPvO8Z5dOGDO8cr5yZMzQKnnamq92FvSHzf3X73DVR7BBZQ5/3Xmjv0DVtaV07OhMh8u894Mk+85Ht1Wdmbm14sKSJ5Ivubyi/neLNls37mpaVfDAGDWC637mntKfOHpL9HuaPnr1qos/KbOXewvPnDT8wMPmPzke9xaXDPq1fV7Obb9pzCwnDVOez6awyX/EdqdY1a83bfSXZxBtdsd7iwZOqM++oZ/ZVPHfbQ2Xja1bqdqHv7u34H77wA3OmyetSUtDWGybpaJ/GbuUyIjaJUTRH4HQQXcqGVdkStgMw6Me8cqijyorFaweLOdumYD+XG7LEserVD718v8+huH0rfojuD0WYk5Ala6NqGJYfKKdeUoUXPzUilqFwgnoOf+4DCaqIgK3KOYjuTMVyWULsb6Oz44okX9G/fEl7v0vOASNBxYKsEc66JsThYJLfNSSbIa1JySwtT9cEsTIbZ9qT37aEhWBPem96qMqJQx+aIGDP4FhEIz5/lbFNCtTA0C7HrjZci9iH+y0JSoWInUFux5cMYAhPeQyRGwf/2QMTl+inuI4m5NhirUroo33bidJLQdRRMXDnbZEjQrthK2QOefDhH84rC9sAkKeMSNqyCGNhgwtuXy/iagZ9vKJhtJqZWR+1GjRVEjL6d4tNyOvP3p4epoQNWL3UQ4p+3qQmerPSeVIqRI9dX/MW1Rt7RBMY49w50sPOBaSqK66y+9Q//v9IdhMBZb5R0OI+TYqoa6Sw37wH0ZNa0wP2jSWJ+Vmj378MjgLJUpwiXmLytW8sUE8a/yAJFPbcjc9iBDpMgTaIBPkmPFDLayaior6P4aJShGRYWx7/7ulaFVm9uQ7klWYkcFWqATeIX9DcZO9bN4gnyMiF/F38J7HMFFJ8bai+sz++9wU1TXsLBp7IRxLz9HoaJF1oKmQXhJEpzf9/G8PmeOipe0Xu0QlO/+w1ek3WYifV5CZNK4fJWA7zMNgARDImr63CcUncs5EmFcVFSFGiQr7KR96fgksmfZry6YpUrD3vXVImDR9TGKX+9pHhd6CKyRNvvzFRqQ4ix3VkXq4xIkPGKtERfUvfiaBT8qY6PNxmPgQLTuM8PIP7ruR41jtr/IZuJ4eqc3eu0+ynkiJyPwdLU2UHqKHecdeD8wHViWXpI1ogxMGWqgmrqo8SrwxPXzeHkbHyO2WEbUOiJ75U7FKVJo23iqYDUjxC8YWFyr4thVtJIZ5VGEPH5xEd6uD8j8v9/qi5M2NUaIiEnfxIN4AlbyanNKuCkLF+NN37c0xVpeSnCENsmhRBRzYEf2YW5H6NVaJypGxV1okDfWGhtZnxFikuTMEGE2NVGXoVi6K4oaWV2/dfssksxglQ1MxS1TOfMEIbXc60tgMa9taKEC4MwbD6V8s8FgYzDuXOH9xdU1tGzgRjkqsEhXm7w8aTBSEZFWWiDYnBdqm6ujrrFxEr7XUiy0cFkXkzk7sX39AL5FByolZoiK6fQNnt3LYGA+LowImlRNnjQ4SrlhJDm9uvWNgvDpl5DYpOlpCMepH1QgVd96cwoavViG7pGIjJsak1KEXGGP3xezJOwQr/cngbOfnDl/1oChBJHaJyo38vcFEpt+zxqWpkGbeOdWeDMNSLGgIYHlXiR8j+YslY9p9IpGNTOwSFfF2RHBljeKGhescUeSMfFBQdMxpCzdnKFKbN+1LSawvkrfVZ0ZF3R8lhr83moPBKK7qrcqLZmiuQtHz0h0/SP6Ade1NZrGVhuNMw2h9dmGzf2hFdXQ8WgxbVO30jyP7xv7lyN4yMKRTJ3zz5KV+33XDYvjV7D7lMJebQhLn1NbIGVEyoSy21UbzhmSnDB4u8Io/6Y5XfsKbE6NoOVv3adebmFl5smV49lyv0xAdi3Ri2KKC+mhywUE5cdjaSwfO31Y/doy2pV1UNMh6w7yepcEiDHwcKbtx8+qG/iqM/fcsdR/Ejm2icgSpyDJSmHjzgP/4A3v4RL5G9CEBdaAklGqOv2aYyW2MhmUPsV31I5kfYOYKk/fiM0fDxqAyYVNS2t6DOPGg35bBn/fTDzZzXBS4qGLboiLup/F2ak/2qo4jzZ5NR85LiAbj0calcH5iQf5y7kDYDd08Og+WPIZTVGjyjnGiiqALivhDZetWq0MW5U63R4FKQqPYLnIB312aBQiqxl8R2Rv4tj1HTBIV/KZQmxFFO98Leg2YL3p6X/0CznxtIjp9NkRv03DHnzj5hqx0eGthX/ToeHdjk6gwX1pq2La+Emb1m6aeS1Vrfr3IJ11+bZT4DDvmVmivWq/RJjxq+/ZHB1FjsXdBHVs80sb1B+q80EngUy+4+q+u18UlaNjo5BjvOoaWypGVW0xaVO/nS+sdXoE3KRKi1QuIkpaYPRAZIvlgushiRQSWhn8sAgsVbJHMIwcZD7kwVeEPrOnnfMMuM/ACtMeio5YL9vFjMn0sWlSM+l0xs2Ceq0BaBhaVIgk6VVq/gdE0iikci0SFDj+f+IszPQPdf1woUU4t5bVzvlmIagRikaiIB+epaRwM9T+Wt1ZKsW89GAVj2VHNIh0KH4tE1ar4lmq+4Pf1qllcerc/CsYIdVB2NIuIRaIeo484GyzssyG2VOoYTKLza0wTVVsiDX+d3HBjdGqHlbodgVh3gWtNAN4Yr8321wIhrBEQACLq/otpixqgJpJKzfGINNdoFK2WCtJMMH861t/PqONhlwWOeaIq2LMvOc1V9PYWjagukn7uLZkq42mXxIi0CDFPVMx5G5s/kb7fL2knTyCupKjy+jFRsnltpJGlL8sTi5NSjsNTxduuJbNFVUTle8plEXMS7nf7zUnHxWE/Ih+B2LeoWMif9BszOADcu+Z93IiwQMtezJob888d+dTrWQljXmGwZ+1fUuI5Din2MwqGri4pbSS4qSRKjgLpmS5jOnbMV/3alpNw3if8o5hTmipKDnqbv732PkNMazUGHy7miXpUZ9oR0xRThXiX2s6O+Zrk6HPHxrfTiKhtCiNwojIzqG1oRMvn6UdUWEcVLeuEooVEepTz9COqHqgyGSFHgI3RhBxSlmE4EGBEDQeqLM+QI8CIGnJIWYbhQIARNRyosjxDjgAjasghZRmGAwFG1HCgyvIMOQKMqCGHlGUYDgQYUcOBKssz5AgwooYcUpZhOBBgRA0HqizPkCPAiBpySFmG4UCAETUcqLI8Q44AI2rIIWUZhgMBRtRwoMryDDkCjKghh5RlGA4EGFHDgSrLM+QIMKKGHFKWYTgQYEQNB6osz5AjwIgackhZhuFAgBE1HKiyPEOOACNqyCFlGYYDAUbUcKDK8gw5AoyoIYeUZRgOBBhRw4EqyzPkCDCihhxSlmE4EGBEDQeqLM+QI8CIGnJIWYbhQECgcBITBNhFFBHUS9rCZo5YZUc3h0M/LM9WBIQlTRlG5Ofq082mLHMLaXsIDqmqQzjDTtmWoz0EjkXvAQJ4WGOKaLSget5Y+NDA1iNEe5Aeovrff0/lr/mZiZ2M2zPcWOyeICBk7K1Ov3Uylde+K/tP5ClsJ97OPtj9Fk68hwaCCqeLthyJ2ypHKHBu4wolK7QdYOvRXrYeelJmFvc0REAYuQL1u2Y4prPI6pNPYDiWkBROaQz8JidwkRsyeGdLmwGfnMNpCCl75HAgICgUpaaganf2JSUKHGwHVOSxQonJhIiryWNKsnGIeFWMzdjpjrPwxOsTLRxWvUQwIZ/CmbSWKTA4YHlpc0NSAg8XiJczHUvycJSc5XlaISCUIWowkE8afj3qrgxl6Y8CJiNylzdZLxvv+GHNrir7+AummD0f7eKFEYalFYNnjNq0tjplxrmG0g8cccPVbR7T0AtSKJzdKGabKfKs+mDXqAvOjUOetcvtlw1mTD2tmBTmhxVqwSCShlXpfPxZHEkuWqlwv81433xtgvLpk/TqAfPXLH7qQp4sqEBJcVLN4sUDDvvLpPX5w5XVK6g1Pqu21Fb5/zTbCUYXOd5/MX7C2qXlP7dtf3C30fc7U5iLzrI/nRDg+mPj/r/9fo0JYw7zkx4plNSGTbaHfzOg/IPDcVc/NE3Zv1IyzJ0o+xPvemYc2VXx/x7J9O/bSAf8xOIl17xyb1ztO8u0w3CVOkld/Jzy0LO/db2+GjVX+V01qnadBYZAaBDgUhGSD2yuh9yIquIx19vJ/Hk3XyBgQ44NeaxpHJUQJ5qwYdbNFxVSy9zrz8jH7nrKpRvQ4KsLZxZw+5f5WhhZ+V5FfgEqsJaskoZePnrO+UZW9YdGRSwXDQHoTPmHPNn0qIygSy8h/spNC+omXG5GOPOhMzL6f75a5bURJ4Jsg40S9LOsvDFV4OASOKsS4rEtlSM+JYAkri1SS59NKHGKHprzcFVKmtapYoEhECIEBKChmDJgZrOMnI0pBjX71s379my8BM4LH5z044NHnLzmMwWTibWIiKqah6q1TodDxQV76/E/fJyoqsgtGQYPJWcJNCVd4z0LDIGQISCAUxTc+iNLKV2+7m4zJk1uXPrG2DwVH37h02F3v3NIAF6SgK8fZGIOOY4oxoB0zbdvyheIZnGpmAJ2FuXcMwwOHjXAiIBbZGfjhUxHLCNAgKvXTCaedmVc3RKnCXFFH/TPxZu+9FPf6//xzJngh5NugXcaVJoXCvHIVUuArhCwJFPHTjlukBFyMKSLibm4ZB1vMblqiGvhoy8daLW7WlQWGALBIiCUUFSxu4DSlZ8svduK9j2DX37x7YZ/551/8DuP5fN1O0XlSHWOt5l6SuTmMlWViYFHqhIYnCrekLlnq5I/SSQy8lXLqZM3NrxqG7tryZk37X5sj8l3H1hWFhgCIUJAKDcLFfcmUlpZmpxMN/z1hzPMNpHs+0P1RKvoX5NhFuRl82//apuoLt+2v0iUvx55sMFEvpk6BaYElv99/eZy++zB/oXbBPrd+cMuX7ll/+Opdbn/xzkbFF+twir/EOmIZQMICJflpXg3SRjlTB0xXa1KuSqrNv96Afm8OXcOUbPPd3xblnOG4pktUr7Odz5PxeKq8zhK6gg0XPsPKa0ZedW1dkfD2dBSbaTjnvlovYtcfd0otfDiVQMuZmOojGAhRAA3GQXiDmRoMqh+CfOiDPOjKG8hHmo0U5fHEqe4Yc4JMRJFa83CsD98tyy+terC5+NqjbkGgtwIU2oyUM5RLRn6xVGFq6+Nz2AGNYRqYlkJ8dBDSmjFAYvaF3PrL41pOB7ui233W28glSDwFnDWjEygKI9absPMlITAN05EaWltUdknQyAkCATco205dbf3Q4laK6PqqsxjT74/mvjot7aM2SdDIEgETphb2r3cOGHb276s8pf3dS86i8UQCBqBXi104ohwyZXZ9U2kV2usgi4zy+A0RKB1CLRnT66qMCyFqUr5XvG8Z8JYbIYAINArohIKKwEIHxi1YigyBPRAoFdEbR0d1fYCYIEhoAsCvSKqLiVjQhgCxyAggHUMTIA65lpnX2FaioLEiJq/B6VXYI4MtJe11YW9MvDaVjHwt5O0rZWHdheaO51E6gywzq8fk20gUmsh6Il71QT2sTnp6kn5tmx3E7LSnZR/BFzgL6veezize30iSp0fLs2zR0Cp24tAm7Z8VZllUNd/YszoLXX62VEAACc5SURBVFFlx9Y9mWInWsZy054qXvXBgltCtRmNIQoyJd7Senvb7HKCnTu3NZjEE22GSmlZlbWzwrWXBfoMalWlNTBe034xtr4IN8vmn0zs3jNR3PT1vqnZodNWt8SeygVGPe/89/D5k+ObP/3UP7zba1+OzZEiecm8jXkFeZ2UpfazH8o8OYkyzr+jn2Z4QxUw3bzg+xHPJ7TmiGteXepxF9x08Qn5Y1TzxO7np51w9aSflB757uO0x3M7K1/rjgwnpYuiC4J1280/MWpzTQOtVagFWwyT9gv2PtOqIu0m9JsABJr+87oh8HBQ02jRArBoOwFArdjRwIG2ZQWETm5xkC/GmisWtljTMtfktRutthJhX12qAbLQ/AyBeK37YARkU2o499CbmQnINKvfDAPV9r/QMgJvhJZbWwm1MkDQctRkItJkbzE98L3Zl6rSmrKR1pY4EEuTE8hcS4KkT/5Eb1z4LUdR7qXZpKW0bXfbkgQ+tYyPJoS1Ox0+9tEkPGneWZTWvmGH/+1v77H8fVnCOSfOkICpvqaOADyaEzwQALfl05Vntud27E3tO2mU0zss9YkRI/i3MGbP6BQMflGsArTaShPYcAJ4p7XbtD16YMa+VuURIAncMV1AwSkFjwMu1JYnB8VCVLWtCjvuSbWEVO0QZo3qVMWQTBMB87FBKESEFG05aJUgzNHCPy7/TbImCphHtfiBiQYBZoNYLAyb+B+BR4Zzz4HqEQqlwvYZVIVVCeBB46HU7dkFMtBSq+L2eXe2mB6Vko/r7rKd49hja1m0oMnWtjFqexqKDy+oGnUx3izv0uaXc4RQQctXi3d8oLAIAiBsa0IBbVuKeHyso79gze9Mw9b2Ni+t/XbYRdaU70fC23Y0EnzjadrDnpwTLh4XA0DbUHe2abZld0flCkQljpfM90T77GDBz8FeKFgttyV66wzxZk466M+P08jn93hwggWeFFN3I59gDNg/RTFBW02RLNSFTFrTCWO/jIxtjSgV+KeRHJZKw8oUrLoRZwbrBvzXKAuR24iDkU8SNFOh6R9JkhleCLcimtvVRGU/h2GS9u43/Z4EARHZ5bWbwbCpMi+oLj4wcQZkS2LAjsLLpb1ikmxEHlXbvAWyJR7OrK2jac2SEokYeShH8zub7wx0veDWoXkDwSrnWlWNn4FtszAH39uIgWnJHmTr94Br24M1kA88muTlte0K4FUGGVr3CiwnvGqwxAxJfgPQHRY9gnCqqm2mETIGCkNiSA4JtXcSAuzkxQf2lAn8Qqii7HwLN3Uix8HUM4jcEkNDEnM5Wg5aWvjXUjAtsRYlEA/R+leUyWZzQgu0rTHgZss3LSd5yf+uDtyFJ9b+tubVkh5+tWOkZRqpQZCphfNuWrVq8Pnf7DLm35zyzvfSiJ9Posq6T4648dBbC6Cn/83nMKVqpFkZnrB9k++XhUUbi80XbViJRlw9kGJ51SdNKPeqUYFWgqKtCMiaYfUtLxUmD1OLvilSTDPnJFT+4DSPGVn7Q7N18mANMLDC3rULjyRMPb+ftGuLNKFimXDroNLF65xJN04J5AOq2fBRlYDOuGnHk8vT7jvr2sStn+x39796Gle8omh2vxVbTdfM4AnvWbOgOsUDWnQXr22cW+DavNJ9RdUX7lHX5AN3Dr6/2zj1bIMhNbAPBiWl369XJlyagw+8+mnaR+nT8zUtL3t5G/fOqGkyWOI96/3DJhoQ9q3f6kqYMLqlvUt3fVDHl7119cj1zZo6kbRpwaGE8TMG4W0bwfkxAa0VeGXA0FU1/c+0NK9dfjBt1gWmyh+dKG9y0Q+u2wYEVE7qVlQJuVPtqlxVlDNo53brGWAfKXau3W/jAjzX8GiuWuo8WGRLt/pKd1UXjo/X6vD64h3pEzKhG1fuHGSX/fV8irOBT43TWOXecGDUgHjEaQsvKW14Y/HU/VIa1CWcs4bEp2gIu4rVhORE4CBYCer99O8VdcVpfB01ppqVan9KPEW+Sp8tzQS1IXVWkfh0SKMli+QgiFDfu9Z+uHfFCru5eEWp6UBG6Tx5SOLqh+uvNnz5JvegnS57LOEu92ufGY2XZny/Ivny/O/eK078RrWVfNvwUIL69T/zxu9858cHL9KqWUy/3mS8dSZVVrw3eri6/GllpuPrH/bdw3vePXzln7D3vzV/GKDhQanjlXmJ/dZ+s+eBQ49tQflNZakzhEcqz9qzZOudVxsDdeamB+3T935ePrfWIcg1VXjtoxVXNi4oyxOe/a7uB2uDx7nzhXFEevM/Q0ZvXqsKdMXfd5hH9//mH7vp9/56zyLXg2a09ama2Z433+KT/zBVMyBk9TPl/ZzLtz2RdmC9w/9u+sA8aJZ4t212bT9w0eg6997Xfjzg7vfgpRz96qV4ruw/v7gxYNvlld/zQt3/hg9vdmvNEHXxM8UFB77+6IkpdW9UIuufM9/fj8wP9Z+/9ObJ3ndfzShYtEy+nHy0mvYftanYVJCrNYTJ/ufX5jTXXfQ7z79XVo7IW1OJJj8ynKAt/yoTKzz1rRUR3fnSNs/ifdkP2d9c4vaYzr43h6A1Lzi5yozfzNrw3g716QmfLi9JG7Ohikz5VR7Cu9/YbP/IPEAq/GkiGHVlwZsNa++Z/gDm6hds3yXnPjBe5Xa8tosqhfcXKFpTxP/+s+Xc51vPnP1muXj+tYvmS1fdwW39dJOKzrklFcmrPzogma67ynq0zRWpbP1J4seq/8hL/TKfK674T07mfWvLF48etkH+Z9LN1d5P82YUk/o7Uj6Wff9JH/fOrrKFg2fuVg6/mJry8x9KX085o0gtPv9nRWVrZhjucCoyNDp9y0YMWKgqvqcn/OApnl3wrduxcGjmi96G2y0QofFXaa9JFIKqbhqXt6hm/qD+a2rfHiuOv++X95U/M+S9ql0PmiduVSRoOrr/OHKpv/LX51Q6Php8SVGt75HER5qqb0lf4P7uQnHIE999PTf+DVn5bug1e3x7rjP9wVPx4bTshdLul/ubZv972RNJ5xSTuttTX3Q3PB7X/6EDsBcmJY0/i3ugZPuF2V8pjZ8MHrpgQ4MPNoKTK260zP2iyDcvN+GiV7/4ecJP69UVU3+xu+S1tOFLFK2gSsUrg4yD3qxR30rhpu5VV59pvHDnx7mG68saH0vgUj91PGvl8tY23jx9s7RsSPKbdX9JmrrO+3SCyZozNm/giz4tB9fDKY8Xfzcu9V+lz8wwJV705DNT7C8o6t4LJ3594IfLTZfXBwon1yz7hf2yz5YfeSDp/IVfX5z5pl/des7sL3fdZZl5cNktGUkLml6ZKNpH/OzBMxKe9ag1v8h9pfiD4ZbcG0ogtezf9DPb9L+t9K4fHj/qynsmWH7vUfdeevlnX19pv6FUUaCp3vyvkca4mfe+ffhpu5BzwTCreENj0ey8pz45O+WhRvnrcYVvvjQo5w0/xIzsIFjA4PDpecaRN6SiGdmGO3ORLbvIjcffMjbOH5+kqKhyu2jD4uh0aegQ3GSDBli/ienxvx6Jpg5UiLpqU/afVLXeXlE5EN5EbJg4958rZ1obNg6ZxC/cNmuiiZ590evzz823IBlaq2Zoc2mBIvsw2/iEIXk73MkXLy+/41oVN/zYMG+ldCC+5sBILZLqatyQn/XrHTaLHYkZiUrOeZfHIbvfaZpRtObKX9mVkiUlfvf76BeD8aBZCyjOPO+7Mo4v8L+c/8BMIf5D2GGg4sfEQrPp4reG3t7iTROHHZmZlZq/bteseBtJn5ihde4RnzrQMmyWGSraEU8OFwwr9lQb52/PXGzcqhz4YiJMGEdc5jiDkjEzBXpofEqcd8FGfmS+lFH+/eq5P13/rXRYPkJE19aMpnOGO+eV5fXjswxFP47MMLjNN95QKo8NNFJVKXnSwLQz3ypP/yW3beZT/VXuqcMS9+WOu2aJeZ51sJOiFnDy1B2fpM62uZT42RfQrat+vEZ+/chr0/AV+0xkimV3Q5rtxvgHkx6bYfr2NyV+U9HSIRfkpa4u+cmdsHkCqGP0pYvPv92AqZJx/7nmL367rTrt0zU3Z+JJyxbPugnyp5YrVuwxXnqbQZz5mr8671cHK67mP9/U/6fZJes/vjj3rV1XXGbY86/FF2a1qCZQnoj8TyjXwKJGQwI0yxLiYVUJ1FfQrxg32vHtlgMlIxEymX1VhOfkJCslxoTK+gLkcCbBgihOlLC0Vxg3AqEZKCNRa1dhZL7sf19dcNaWfb8z+nd4UqCnaZ723/IDuQRpOlFamu/Qycp52tC84qvd8NtTnzLMiuiynWkGPGIszxUS6DFQ4/Qvn1lx4UzwKoI1hJRz5+Bvli7lYMeLJEM/K+KTeYdctmxUIXQ2DLA4BvooWmdKMKYPEJAowswuU2KFH1ykBLomGuzYfNdP7Ns2blQcKlyE0bhAx4ngeMFFVCwKBYNFXJhW7SnfwrvWEno+GhHov0OnCPKF1opBRAa+YpNsyxLjU7HvkJw3dbm0Y8WuEQeaP/H7Z4rO7f6G1xZsbUIVMrTpM2YNGQILH7Rgu27i8F2bdmEzZ6LcpAJONuEmv7ws7jxgVip0BLU4WpspTkwWkfXXEyf6t27x1yoVGy25HD7jdTVTHDhAsmDLsCzDGDvOTfOrpLrJxKO4EXx8hjbpnefBaFYpJgB16FmpaGiqpDT+IK3YTX25POANAPFGcLBQMyweppLt2pupN654kUMtbqoiNWu9m1XPLkMT2bi9X6tutAJFZBA0jxSBnqvGB/iq9QDhG8Vb/lU/Zew66KmkX7F//ujE7z3XZKk4Pq0J+tspyaC/QP9WaTbPuQDAgJStbqjBV/zzqxFLCs/R2vFafjgvDrLEYgooTnO+agE6//HzFxqT7A1aZwBcORjZzAOfzoK+DOQDCTF/buMr3y+ffPfsgLopZ1n1eVliUrn2MkiH/QJgjpHsNxohS60kkIuWLxdwwRDidtOcq55ZMtm6Rp4Qp92AKGLDexv7ZVblGZBH9qstFzGRAzu5WQTtw2SMs9bXJv1hjNbFgKxbA22q748sJvVgnauaYgu2JWB/kTdhck7xon0Tz3zEsa1y9mgkyYg0C5lZKefBS4BTMlueHnLgRiZ/vFSslOrh/YOgvVKisG2PVfNaBBDXpAAKDpwA3qXsC1f/a38pb+bc4M1AyJgP0Q3W8sMjsNOTCK+cJPMcl5N28EiWv0pIaPEOILXO74ddlSATeCzNW6g6+t2WTziRz6Fc4FUAmYnwTIDTgAkisfE1Dbj2edORNNHQXM8VPcdV9LN5I76NKqQE+tleGfxHyONOAOsWAHDzI8JDkw5+BnBZrt+y8EGx/sbbrCpvstltFGyWgQd9AHJCcuOm8wXK+Y4ktTAC2y6cvyhpzR1poBLilCjhjCYfeJd4GCyErjhoR+upcpVvfHbuDf2almj8arEqyGWAHVZxBZ+q4a+ga4YuW7jakzEGIoAD6ou/Dv7NyA/3aFoNdGQRD2u6UXV1MtC0xWaCSpHPmaxF18yl6aqNn6lJWy+52RZQFSVfvGy8dcbS/eAs85BMk3b+C4gRMm2ZYNa8SmCAgKjUZmugNiiS9kZACHiPFdiWy+NFTW6gKEipKiFiPI9HDjtYRX919oi9jcIEK5IIirtjhoqs8dork52rvXuBoCx/kcyZ8sUzCWDeWt4mKF+ZywzEbiczRKSSXOYVUPWbq6beurFyBGzpAVN+oZrAqki11iMYzgTwXmheMXXIT197/qaGBdNmtthspDqJtt1NewDJpvGj4LGhMgpYCyiL4ggIx2nJGLhLYWecW0y8IAxfjdD4uUaBNw8LOA9bC92eVSR9EcoDmHJAO5U74sjSuqrggJe/3vzyGdgPW6QhdKDql+Pk9DE20J7s0R4YU5tGKrCMhhz0zTlTeGX50tvsGukgjLr69X8OnwaNuhxhZ2miiuscuQORKqQHqA1sDcC78t/n3p8Ky66ALoEhL+B+8aLr42jFS2efp+Xj/zTu8rHnvbz8wCiwrhw9/Hb182dQuwH4xHFxYLQgGbKnF28phJWH2q5YGvvByxlwGPDIAt5fJe7K8ZV3DU9vkYfK3yh99RxaK4Fj1WTIs8AwBBgwAj5T4AT1t2z2rnq8eQOLloyxUbI5rrCFBvCYSbDfoSRBVZ4xcA0UGE46MI+zoORzV9dPmGyd/F3T2DMxsafgptpkkTbUaIMTDVq1Ewj08PN7/g4DBrb2cWeK+xkzzI27hkG7t92rrDn2/bCa9833b73LuEU1YIvp8OZcxCnLxOlel/ZUDpdWnkPVCSKxX7aq+J/Gc64paKOVyuVq8lrxh0++avNwUM8e9zjtpddC2zsCIMHzWkxEPDtVo3JSaqkBmuDaKAoHbpBA3Aj9j3P619cQxSG5XEgtd9bVS9Tjp7Kv2rt615Z/729eXOz+eJ1oNtUt3+XjUXW55EWwF1qTA2Gvz+/lJwzd8eRH2//3Z5rZ8vIiaj8/0zUnB+qtOUMPLXQJzoWemVlcOtlZVbFonfdgAzjDIGa9y1lz+PMt+Eg9JX43QDxgdO2zL36/7vH9AwL5kM3zKsSRk0E5hDbt3r5yL9dYuv4rx8FSd5XcJGPqkx1yvzMc/9vorj5Iyor90JiEvQahURqo1CUF+eZ/V3Dm5YOlphbwya59Bqtv/9LGA2U+2be7utylaYVTa901NdXEiDRnhNPH8fETDf/9z97Di/5W1mqjVEUbCdNeJ4riRlnVGsXjxgVTBCyMS7VOSeenZNimZhGSMNHinPdtyY+PLdIMeE1lG0GQq1SwSofXug+UUwGDNwpW6HJ4xLj6z0u13eUlb4BdMHAsYqNI98xXR5uaa+U6V3r/uv/f3pMAx1VcOf/Pn3s0ujW6T+u2LAnZxjZY2NgGwhkqDrC7rAlHJSGELCTFFmyKpSjYhBTssoTKZgOFzW0bbGPZljAGWxKSJVmSZZ2WZOuWJVkaaTQzmnv+se/1n5FkRwKyS4XJ6nfZmv7dr1+/fv1+H69fv//7aoel7HdmdKYIb6LV4oLFA+uFd8pVoXv1dy8+VUiOg1GqaLg87IJdBCzhQZcqlxuumfukw+W58F/tcOQL+QIrMAb4A68mzDVAX0Ya31o2J8w1TMQn8rU1HpnljImyT/unkSAVVLnH1+9Iv/iffRZ6TcfbvZftWep3y53eOEvTuS9OXXJO9K9aVV179siRY0ePe/Mm9lSZmFzzGzVufdHkG9VWpiBZdr7ri6Ofpj2eDMMaNlEQdK2+J2OhpyJ13WdtrrKPSv8phqZrGzsOlQ9bLoXl4rqS6qvsqa+omHF0+WYrxtzxsZQ2tKe3oeLw5OMwFgMiX3XZEHt6f8x9xpnPO09cKh1ur/20/IK545Jz3wSTHd+zp0eZtSq0o6mu/+BB2/BoQdsn43wBe+ikWZ8pfHTSrE1lyqpayg/vO3AuIgEQQpWVF8e6P2iwtvWudZwaHa5ZhZsHMAypHGw/n3K6ajY32bW3wpezKra7ve6LwwcLdhqwNXz/7hqf05AlHKjhqNwi9cDIZFj1yZgntsC8o2mx/CxN0Nc7nk6EmSWs7dJE9acfKHZR+xpZRX5m4MBy5uiwrff949ae7ojac9GZoSOfnFPmJMc3No2qm/Z0zrqyQ4EKzj30WROfqZ/5ZMI6t798atqRJa/raxj67J2SH6kbP5peu9pVezJ0c4yjplJYb7z48gVupOPMsCdUPG+lxj7z+ZoTuw8bNkd7W8pka9MiT59rHap/f+6nMNFDj/g+bxfC7ROJ7YedCdtjoN1MX6O13WXet78wqa3D2u1z7P10vfr3e+KhD4M3yH++MUeXY7GszzEUjI8XF0UWKQbiinUZm6KjUrY/mp/yg2363tnb1q4pSXSdSZP1ri5SJVsHi/K0BWMXC4t1KcacLEYZddvja/wHfzACsqfy71KCtYksJ49raRnY9ssMWhapnbFFPZSiumldAmbx4TDVxO7MYooLpuLWqVy5jCwpVa4JT//FbZCN7LLYrB3dab8qlEXwzvRdpZE8k3HzdkXWFqdQGhuR1DV3TXxYRsoqt3vGmB656bb446rNk1HK7mjaki8/lh3Xm5w7MZCoUKiVvTVFZNbVadxW86YiZczGrSlyk/nmGxhY68CKb3BCXWqpMoS4Vk8cVUTO5eekCO5J3bZfpJIR1XfiVFyq0ZShqtKkxug3JhXKeiqGMn/yd6DSExRC9J1qgfFo79aAliEijlPaFCWPlZytikiN8OVEiX1OKdjhjvHorFlDycgFo5PLPNkQy/nyMyIvna3stnuiIguj8YUZOdIV6apXb/KOdjUoMi3OsC1r6Lnx1uGbnkkwH2jipnI7dtvs3nXV79jsrnX65paeprOtX3wek0sma0qoaj6bJts97rWtGn9tyDWaXRh2oafxnPaJdZjP83JF/3h3c37W7h6NQK8yUDwdZzVPNH46smuHIXJwarzuqO2RDYMvNBpLxeVOcAor5YF3DqxRgPWwSoWG4WIbHKVQgpNR0RzH0I0v7/w+tMAz8Oxd93NwFA5TDvQibLfhgJ2TM3LrlBrcT/unSvD0c/ylp26HFR3noxnHuE+ZoIWdvE+Y8EZEWmxG2MbAMtEjd0/ykaGO6RgFD1t4uw70TjKrSQiNFuVd4FxWOFU3hsK0y03qImQy22yUnjNpDC4BMICE4Q6QpsxmOtY3G6NjZ5XqKY2edk8yRsaqc5mMl99cvwH1GS1vPPZ9lBmeNdk0sewUFaOUuwfYHJpTQMWs0NeXk2SaU/NCrHdGzlMxBsrWM5KWrcYlLGyjJ60MLXARGhNL8cpYBW1tGtPnpSt4BagtHXwIRbNuewxqsgTeMjRozA0Tpi1wXs8Z/SfvMsHZNJqay9aFFc14FJzSaHIrOLlRI3R3shm6vpjcMFyC85bLFHNpoKDI1TyhLtGeZtemUN7zXfao62I5T1+/W1ZsP6/kdFv7O5Wc5kbT62G5sLydOmr4D3EItJc1FN850q7gqOuo07A6X5ftOds2llp4DdFccNBh9RWODd9TVZlpTnVtCsWz8un6tjHdlu0A0FnT64m8fT1z+S3THTcGtaCSVQxRTmD3o62UHDoYxRDYD/Lo+Lf9z9+kl3PWqr1Pb8JpGQugvRvGOXg9sUd5opeUCe5mXvZC/CvRgA/2rOSFx9eA50g+SBegBXgwcwIkgBz/gBSBmyC/oJNn3BhhPiAWQJABVWDNRwwqsG6kEJy0IIJAQOIJyfBjf678lW1ymvMeqX2SbDqwJaJJB6odgAJ8I0gjAsXFKvEv/EdTKMiAIXdRwJ0IsgSS8QgdBAwZhg3Aakk58g6TIoGSYq0icpKBgPCWIR5IhQKID3NAuYHKB1IFEgkoYVrCV5KkBf7af9P3WhyAu/904rVMsSDvUWHJAAT+8j4F4TSpjJJ5OA3iISCo0ZPzrIcB/SpCuniVEiJeFtSzQRxExTZpMJEVMAQiTSYygP0h07leeDdDO9cfel+Rn2vITgAGOLQawtaTzoeU08/O0vQTUfgILn8ICP6IYowMFHkBf5FHIDyEfdBXhABRkgg+kQixAEg1gcZshPN3yryso7SI3QTZJMpzrskXT0TEDpuG7k+FElgzVEa0ioAMYEizkXZSFhL8TUP8QJO/y8jsgt0JUASHSALmQhPR6BDTMWC1ECfc8NMiZoggYnHIIOSJ8kjePlIepJZUATzHKCDBFiMU1ABVI3liDUCLpf38vpsjqbFTZ+5OJGRBX4BhAkKQR8QI5lygbSS4SS0y3Bhg60UIpFsBVjUwhEA1YIqLr4UysKwO0B1kv6TH5mkibfM3UExkVQ/rjsy281T2I9fCrjWQh79inIAForTgynloa+DpCpD5OsSICONHGCgQ+P0z5AFoP5J5OLE8PC4CgDRK/2O+4YicodMeunOB/wvULyLdX3YeBdYgIhNjYsZ8ynzET8nCz0LOQuwKXH68JPcKEDEDk+B/IMf/eHUhSggpbHlpTwxl4x68T42vhFiMlJsvTiIBTH4I0vr5NBIhYATDQr3+x+D7IUPaV5AFs7RnxgOzUziou+fbuVwBd/NUSTye7H23AeZ0e/8Fr5CQGxPY5H23BH2LtfOXD7WOzCZk71gfgkuRFRO+TlCBEYve269lCxr1fy3QXwMAlsMwrX2Dd+uvQcy3WQcv87EWc5w+sAb9NnEHM65vIKjBTP7Kow2OVmlYzILWCZfKKydIgvo31tcwv+EUB/1Gdm5/Y9T/78mFBotb6qtQLJl4Fcwyj/+HostglJIlDjBgKoqHxBgWrS6FubkovM4nZuBfeI3nnxbHFyAQCJQiYDnPoLr8GwcyQHxjaAlwZXJAvq67onHGRsEp1KK5RPC993psymJBBSfT6L1fDDwrqs2vZhlatdoGTh6n4/+SLRXvA8QB1FejlJ4lDhAOMD8VwqJpZ/Kddy8oHCGD7T83cZUwLl4SycWTq6t5SFEsdfG3NZ5/XnulevZquCufQdfumbdTvjJLepI44OeAnFX++sfXMeWnY/KYgL0wjG907IZSvXiQB4dTZB1ruaTFozayCBgyhaPckoOOwDoA8ubqVQZaGJraei1DNmkATAzNFsZLLEEOSNF2jiwV4Mnz0VDmXzIES523Ajkgj0l4PC+xpK9qeiuYNIGw4d0OsAE3ZuvECBxEQzKc3H9Yu06FJuM8J2P/WL9BxYprAbhUStYMsDaQ1b9amKhbPdV2zxq8akqAoSwc2AdGYygCh/RgBADW9HCABEXAw4is+vnwzbC4BcGVgsSBZTgA34cGzZw6iRm3wBGzY3wsIhO9o8DlC70CrvJwodyYPRaGSWfTu1nTFJg5wfDqaDicNQ333Sje7JVr9QEBo0bfv+hxaGglZxccbgYOTkDkvRYZjrLzMBarIgRvrch9VpZWwr0WsO15aUTug1E8ALMMpVLyiuYA49SBvRxcykczk44Pmqa0N9+dr5qqaut/dPPFk52uH3YfMxfeu43/8A8DM0+WPoqeOnyH/r3f9vM7/zHEXl7m5pJuLRVFkr704kHZb0ruN3Z7pis/7jM+CFZj3OD+RlfsD7eJVzNgkq/6pI/O27lBxfeePO3yxd61XeusfLmJPqFcXYr3k6UgcWAZDsgT3bfEupt3j23eqW95ZuCOLdqPv0hKu7D3WNf27LZ3TnR2D8bKqi9cF2Ea64vcmJkDOy7BNzMxbIiPXut48/WcTepTxzQFxOOHMFE1KEQqc7QH+mdrZl11F0uMsrYXhjYoqiuNWWhfxfHe/f/qLG78sjUzueG5vdHF9TVNcbmTf/xSUPiG9dd+Y6+Ry7RESv7/zYGikHue+9l6/Q2VvvFd6Yfd3tnnI24dcQ4/EHaAdVUWhz7VYmndHv0R69sX+fCkxw2OZX0e35GkXcMO71uJD0x47AeyMyshFdObNhTVWNxj9yg3/am75vqQV90TD6XtHe24V7W1Ez5ILbBsQ0HEH2YeUGp+bXtSrf+X6V9qVD+yeo4X0qGP1Y0EvasObKMUvjMOMD6d4zS35o5ta+WdtdmFjGC4q7y1a0eUAXb+qoQI7h8KZLmFTXNwX5fWgyM/eGkpWCpQcp3m8nHn92J49Y0bDpaXgAMVgWK0CkdoiKCNUt22S5W+o8vKnv2Mfftj2aDi8kQu7Kdo1/HBqPjQO5pD1jLaMBmvzFE74Rbp6uRORc46OHiQgsSB5TnAqNOejaAi9QzFXjAV4EI1Ou7iMAebdtjbCEIIWIbDwRXsoThwDopXInGLD5oBQTY+EJ1IMeCzo6zZhnfhwZ+I2uGFK+p2uRGuloTTcr7HUnqPkmYnk/IRm8x1zg0m/jvCDXnqh9czGbWHwJkJbKvAyweoBgKKgeVJlXJWMgcYmjGmED2n4EJPBzhiooYKd/cytxvkC0XMH8jGHFapCCYMjSSjR0dKTcFlY4ACb3fEW0pIgkoPV65Qgaqg0n4AHi3AqRzx+yu4saBmC8h6akzru/VzKrzdPDct+OyYIQWJA8tzAP3Wirl0lGbUDA9eD/hzAjU8JKO2ExYlOH7CPzhBIiIK4KhuiggfHUE1KHgn00E6JM1Mo1MFj4mOFCHhrkbfJHg9YaxOSIBitMzaC3fwAefc7gcPPvgTch6lgL/wZiBu0UnL8sRKOSuXA7RLHCBBijYW99eDj6+x4eQ1cpqRE1dioJqHq2D4eXT0QwYflfRzipG7sjY4a8B/BG9W7tDjpSiB0mlhNJaxXnDCzIIrBIHOCm0utzOyM68M4KEXpUhWuPaWc8LIoGf/K/0ZNzk8AEUcPMBBFs/OOAS4F7pyu0Jq+VdxgDHb6yOJCpNKv6/n7bTrnWWzv8oTZs2+aa/CxU+PJFEWM2/2aOR003sRN4cRXIJs6Mjkrr9v/CDlAVXLkaLNePkE5n61ZrRhNC1BzU7xlNcKR1P5t3z436NZjrLYcFTnc9pbK4d7XuxVnd5+78kx+cBvv3QzA/XXUj4Zd/GQrrRuf/JD8ZKcflVnreQ8cOp52ZGOTlJldLq+qbKpomvnI2GOskqm3yB/s427lKR960vXgDrPd+b8GfkO8esh1pqus2E7MkJ6anuq3zM8k4dmgnAESrWdO9eZffJjqyklet/bM2ZDcXxv75nK2rSnc0GOYcpPMHTNTTbUx98XX9fB2afDbE6Tb3P0TLtjtCFy/Z53xzanSudTK1kYv6rt1BmZT5MpuuITnO3N0/yWEgPFDsxQ59Ny6+xxs8Wx7Q77YN5Wobo7bFO66DfOUdMdcmMS5T17ptG++a5M9KSGge8+YSpZXz2h5NflnRpW+JJ3aLrqanxbb0knBq+w7nVWf94TtvGWdKH1wwv5t4cfq199e4nKVFGtuOH6uMo3Vz+G/rqkIHFgCQ4Qi6nAxh5WnCyv4cW7/ZwPpBLPk5TgIxxvgMOnazj4VA4E8BtOg701HL3OslEMqyCJkC54WRV8UwfUrWhjgtd6aN8sHwHuc/w1C/ycXQEfOeFou92gk7lsIaiBZW1UKCi/ZrXE4ZMfVPqROLCYA1cIKggfbr/BPh/2+AJ8ZBTkDcQNzaBg6w8+I4nTBeKkEMBQWQWaAPRP7Zd0/FYUiDAUB5sriIImgKgP5gUVYKEC8BsMF0SJTRU6QcB9FmrEoLrFlElxiQOLOIBaqCsD6kQxQAZGUNjECA6TJMefRzRYmDafjGXE0vNJWHb+wV8akYrFFucE6p0HkiISBxY48OeCupAnxSQOBA0HAqvHoCFIIkTiwFIckAR1Ka5IaUHHAUlQg65LJIKW4oAkqEtxRUoLOg5Ighp0XSIRtBQHJEFdiitSWtBxQBLUoOsSiaClOCAJ6lJckdKCjgOSoAZdl0gELcUBSVCX4oqUFnQckAQ16LpEImgpDkiCuhRXpLSg44AkqEHXJRJBS3FAEtSluCKlBR0HJEENui6RCFqKA5KgLsUVKS3oOPA/mwgWQXagMBYAAAAASUVORK5CYII=</file>
    </questiontext>
    <generalfeedback format="html">
      <text></text>
    </generalfeedback>
    <defaultgrade>1.0000000</defaultgrade>
    <penalty>0.3333333</penalty>
    <hidden>0</hidden>
    <idnumber></idnumber>
    <correctfeedback format="html">
      <text>Your answer is correct.</text>
    </correctfeedback>
    <partiallycorrectfeedback format="html">
      <text>Your answer is partially correct.</text>
    </partiallycorrectfeedback>
    <incorrectfeedback format="html">
      <text>Your answer is incorrect.</text>
    </incorrectfeedback>
    <shownumcorrect/>
        <file name="Screenshot 2023-08-29 at 1.43.30 PM.png" encoding="base64">iVBORw0KGgoAAAANSUhEUgAAApAAAAJ+CAYAAAAE+zCiAAAKq2lDQ1BJQ0MgUHJvZmlsZQAASImVlwdQU+kWx79700NCS4iAlFBDkd4CSAmhhSJIB1EJSYBQQgiEZlcWV3AtqIiADV0QUXBViiw2RLEtCva6IIuAsi4WbKi8CwzB3TfvvXln5sz55eR8/+98d+43cy4AZEWuWJwKKwKQJsqShPh40KOiY+i4QYAHNEACDGDC5WWKWcHBAQCxmfh3e38XQJPxltmk1r///19NiS/I5AEABSMcz8/kpSF8EvEXPLEkCwDUPiSvl5MlnuQOhKkSpEGE709y4jSPTHL8FKPBVE1YCBthKgB4EpcrSQSAREfy9GxeIqJDckfYUsQXihAWI+yalpbOR/gYwkZIDZIjTeoz47/TSfybZrxMk8tNlPH0WaYM7ynMFKdy8/7Px/G/LS1VOrOHIeKkJIlvCBKVkWd2PyXdX8ai+AVBMyzkT9VPcZLUN3yGeZnsmBnmcz39ZWtTFwTMcILQmyPTyeKEzbAg0yt0hiXpIbK9EiRs1gxzJbP7SlPCZfkkAUemn58UFjnD2cKIBTOcmRLqP1vDluUl0hBZ/wKRj8fsvt6ys6dlfndeIUe2NispzFd2du5s/wIRa1YzM0rWG1/g6TVbEy6rF2d5yPYSpwbL6gWpPrJ8ZnaobG0W8kLOrg2WPcNkrl/wDAM2SAepiEsAHQQgvzwByBLkZk0ehJ0uzpMIE5Oy6CzkhgnoHBHPfB7d2tLaBoDJ+zr9OrylTd1DiHZ1NrdOBwCXvImJibbZnP9NAE6cBoD4cDbHGABA/ioAl3fypJLs6dzUXcIAIlAAVKAGtIAeMAJmwBrYA2fgDryAHwgCYSAaLAE8kATSkM5zwHKwBhSCYrAF7ADlYC84AA6Bo+A4aAZt4Dy4BK6Bm+AOeAR6wQB4CUbBezAOQRAOIkMUSA3ShgwgU8gaYkKukBcUAIVA0VAclAiJICm0HFoHFUMlUDm0H6qFfoFOQeehK1A39ADqg4ahN9BnGAWTYCqsCRvCFjATZsH+cBi8GE6EM+B8uADeBJfBVfARuAk+D1+D78C98Et4DAVQcigaSgdlhmKi2KggVAwqASVBrUQVoUpRVah6VCuqE3UL1YsaQX1CY9EUNB1thnZG+6LD0Tx0BnoleiO6HH0I3YTuQN9C96FH0d8wZIwGxhTjhOFgojCJmBxMIaYUU41pxFzE3MEMYN5jsVgaloF1wPpio7HJ2GXYjdjd2AbsOWw3th87hsPh1HCmOBdcEI6Ly8IV4nbhjuDO4npwA7iPeDm8Nt4a742PwYvwa/Gl+MP4M/ge/CB+nKBIMCA4EYIIfEIeYTPhIKGVcIMwQBgnKhEZRBdiGDGZuIZYRqwnXiQ+Jr6Vk5PTlXOUWygnlFstVyZ3TO6yXJ/cJ5IyyYTEJsWSpKRNpBrSOdID0lsymWxIdifHkLPIm8i15Avkp+SP8hR5c3mOPF9+lXyFfJN8j/wrBYKCgQJLYYlCvkKpwgmFGwojigRFQ0W2IldxpWKF4inFe4pjShQlK6UgpTSljUqHla4oDSnjlA2VvZT5ygXKB5QvKPdTUBQ9CpvCo6yjHKRcpAxQsVQGlUNNphZTj1K7qKMqyiq2KhEquSoVKqdVemkomiGNQ0ulbaYdp92lfZ6jOYc1RzBnw5z6OT1zPqjOVXVXFagWqTao3lH9rEZX81JLUduq1qz2RB2tbqK+UD1HfY/6RfWRudS5znN5c4vmHp/7UAPWMNEI0VimcUDjusaYppamj6ZYc5fmBc0RLZqWu1ay1natM1rD2hRtV22h9nbts9ov6Cp0Fj2VXkbvoI/qaOj46kh19ut06YzrMnTDddfqNug+0SPqMfUS9LbrteuN6mvrB+ov16/Tf2hAMGAaJBnsNOg0+GDIMIw0XG/YbDjEUGVwGPmMOsZjI7KRm1GGUZXRbWOsMdM4xXi38U0T2MTOJMmkwuSGKWxqbyo03W3aPQ8zz3GeaF7VvHtmJDOWWbZZnVmfOc08wHytebP5Kwt9ixiLrRadFt8s7SxTLQ9aPrJStvKzWmvVavXG2sSaZ11hfduGbONts8qmxea1ramtwHaP7X07il2g3Xq7druv9g72Evt6+2EHfYc4h0qHe0wqM5i5kXnZEePo4bjKsc3xk5O9U5bTcae/nM2cU5wPOw/NZ8wXzD84v99F14Xrst+l15XuGue6z7XXTceN61bl9sxdz53vXu0+yDJmJbOOsF55WHpIPBo9PrCd2CvY5zxRnj6eRZ5dXspe4V7lXk+9db0Tveu8R33sfJb5nPPF+Pr7bvW9x9Hk8Di1nFE/B78Vfh3+JP9Q/3L/ZwEmAZKA1kA40C9wW+DjBQYLRAuag0AQJ2hb0JNgRnBG8K8LsQuDF1YsfB5iFbI8pDOUEro09HDo+zCPsM1hj8KNwqXh7REKEbERtREfIj0jSyJ7oyyiVkRdi1aPFka3xOBiImKqY8YWeS3asWgg1i62MPbuYsbi3MVXlqgvSV1yeqnCUu7SE3GYuMi4w3FfuEHcKu5YPCe+Mn6Ux+bt5L3ku/O384cFLoISwWCCS0JJwlCiS+K2xOEkt6TSpBEhW1gufJ3sm7w3+UNKUEpNykRqZGpDGj4tLu2USFmUIupI10rPTe8Wm4oLxb0ZThk7MkYl/pLqTChzcWZLFhUZjK5LjaQ/SPuyXbMrsj/mROScyFXKFeVezzPJ25A3mO+d//My9DLesvblOsvXLO9bwVqxfyW0Mn5l+yq9VQWrBlb7rD60hrgmZc1vay3Xlqx9ty5yXWuBZsHqgv4ffH6oK5QvlBTeW++8fu+P6B+FP3ZtsNmwa8O3In7R1WLL4tLiLxt5G6/+ZPVT2U8TmxI2dW2237xnC3aLaMvdrW5bD5UoleSX9G8L3Na0nb69aPu7HUt3XCm1Ld27k7hTurO3LKCsZZf+ri27vpQnld+p8KhoqNSo3FD5YTd/d88e9z31ezX3Fu/9vE+47/5+n/1NVYZVpQewB7IPPD8YcbDzZ+bPtdXq1cXVX2tENb2HQg511DrU1h7WOLy5Dq6T1g0fiT1y86jn0ZZ6s/r9DbSG4mPgmPTYi1/ifrl73P94+wnmifqTBicrGymNRU1QU17TaHNSc29LdEv3Kb9T7a3OrY2/mv9a06bTVnFa5fTmM8QzBWcmzuafHTsnPjdyPvF8f/vS9kcXoi7c7ljY0XXR/+LlS96XLnSyOs9edrncdsXpyqmrzKvN1+yvNV23u974m91vjV32XU03HG603HS82do9v/tMj1vP+Vuety7d5ty+dmfBne674Xfv34u913uff3/oQeqD1w+zH44/Wv0Y87joieKT0qcaT6t+N/69ode+93SfZ9/1Z6HPHvXz+l/+kfnHl4GC5+TnpYPag7VD1kNtw97DN18sejHwUvxyfKTwT6U/K18ZvTr5l/tf10ejRgdeS15PvNn4Vu1tzTvbd+1jwWNP36e9H/9Q9FHt46FPzE+dnyM/D47nfMF9Kftq/LX1m/+3xxNpExNiroQ7NQqgEIcTEgB4UwMAORoACjJDEBdNz9NTBk1/A0wR+E88PXNPmT0A9UiYHIvY5wA4hrjhakQbiZMjUZg7gG1sZD4z+07N6ZOGRb5Y9tlOUg8tIxf8w6Zn+O/6/mcEk6pTy/8W/wV8SAf11W6wzQAAAIplWElmTU0AKgAAAAgABAEaAAUAAAABAAAAPgEbAAUAAAABAAAARgEoAAMAAAABAAIAAIdpAAQAAAABAAAATgAAAAAAAACQAAAAAQAAAJAAAAABAAOShgAHAAAAEgAAAHigAgAEAAAAAQAAApCgAwAEAAAAAQAAAn4AAAAAQVNDSUkAAABTY3JlZW5zaG90Q1B1vgAAAAlwSFlzAAAWJQAAFiUBSVIk8AAAAdZpVFh0WE1MOmNvbS5hZG9iZS54bXAAAAAAADx4OnhtcG1ldGEgeG1sbnM6eD0iYWRvYmU6bnM6bWV0YS8iIHg6eG1wdGs9IlhNUCBDb3JlIDYuMC4wIj4KICAgPHJkZjpSREYgeG1sbnM6cmRmPSJodHRwOi8vd3d3LnczLm9yZy8xOTk5LzAyLzIyLXJkZi1zeW50YXgtbnMjIj4KICAgICAgPHJkZjpEZXNjcmlwdGlvbiByZGY6YWJvdXQ9IiIKICAgICAgICAgICAgeG1sbnM6ZXhpZj0iaHR0cDovL25zLmFkb2JlLmNvbS9leGlmLzEuMC8iPgogICAgICAgICA8ZXhpZjpQaXhlbFlEaW1lbnNpb24+NjM4PC9leGlmOlBpeGVsWURpbWVuc2lvbj4KICAgICAgICAgPGV4aWY6UGl4ZWxYRGltZW5zaW9uPjY1NjwvZXhpZjpQaXhlbFhEaW1lbnNpb24+CiAgICAgICAgIDxleGlmOlVzZXJDb21tZW50PlNjcmVlbnNob3Q8L2V4aWY6VXNlckNvbW1lbnQ+CiAgICAgIDwvcmRmOkRlc2NyaXB0aW9uPgogICA8L3JkZjpSREY+CjwveDp4bXBtZXRhPgofk0L8AAAAHGlET1QAAAACAAAAAAAAAT8AAAAoAAABPwAAAT8AAELWcLdbDwAAQABJREFUeAHs3Qe8zuX/x/GPmZBNkU1ZiWSEBlGyZZTZEhIVDS0RbSUSCWlZp8jKSBEN608ysrJH9oiQrPP3ueo+v+NY577d932+1/d63Y/Hca/vuK7n9cX7fL/X97qSxZ5+CA8EEEAAAQQQQAABBBIpkIwAmUgpFkMAAQQQQAABBBAwAgRIDgQEEEAAAQQQQACBoAQIkEFxsTACCCCAAAIIIIAAAZJjAAEEEEAAAQQQQCAoAQJkUFwsjAACCCCAAAIIIECA5BhAAAEEEEAAAQQQCEqAABkUFwsjgAACCCCAAAIIECA5BhBAAAEEEEAAAQSCEiBABsXFwggggAACCCCAAAIESI4BBBBAAAEEEEAAgaAECJBBcbEwAggggAACCCCAAAGSYwABBBBAAAEEEEAgKAECZFBcLIwAAggggAACCCBAgOQYQAABBBBAAAEEEAhKgAAZFBcLI4AAAggggAACCBAgOQYQQAABBBBAAAEEghIgQAbFxcIIIIAAAggggAACBEiOAQQQQAABBBBAAIGgBAiQQXGxMAIIIIAAAggggAABkmMAAQQQQAABBBBAICgBAmRQXCyMAAIIIIAAAgggQIDkGEAAAQQQQAABBBAISoAAGRQXCyOAAAIIIIAAAggQIDkGEEAAAQQQQAABBIISIEAGxcXCCCCAAAIIIIAAAgRIjgEEEEAAAQQQQACBoAQIkEFxsTACCCCAAAIIIIAAAZJjAAEEEEAAAQQQQCAoAQJkUFwsjAACCCCAAAIIIECA5BhAAAEEEEAAAQQQCEqAABkUFwsjgAACCCCAAAIIECA5BhBAAAEEEEAAAQSCEiBABsXFwggggAACCCCAAAIESI4BBBCwSiAmJiak8taqVUsyZMgQ0rqshAACCCBwpgAB8kwP3iGAgMcFkiVLFlIJf/vtNylRokRI67ISAggggMCZAgTIMz14hwACHhdInTr1WSWMjY2VEydOxH2eKlWquNeBF4sXL5bixYsH3vKMAAIIIHAJAgTIS8BjVQQQ8IbA0qVLpVSpUqYwn3/+ubRq1cobBaMUCCCAgE8FCJA+bViqhYBLAgRIl1qbuiKAgBcECJBeaAXKgAAClySQmAC5Y8cOadasmZw6dUpeeeUVOXz4sHz22Wcyc+ZMOXjwoCxZskSuvfZaU46tW7dK3759ZcqUKbJp0ya57LLLpFChQtKyZUtp27atXH755ecsb6jrnXNjfIgAAgh4WIAA6eHGoWgIIJA4gcQEyDVr1sQFxKefflr69esnx44di9vB8uXLTR/JP/74QypUqCD6fK5HnTp1ZPz48ZIiRYozvg51vTM2whsEEEDAEgECpCUNRTERQOD8AsEGSN2S3mijYVDDoobB+++/X9KmTSu33HKL/Prrr+aze+65R6pVqyb79++XCRMmyM8//2wK8dhjj5kAGiiRns0MZb3A+jwjgAAC1gmcvnuRBwIIIGC1wOnLz7Gn//E1P6dvojlnXX7//fe4ZU5fgo49fXn6rOVOB8O4Zfr373/G96fv8o6966674r6fPXt23Pehrhe3AV4ggAAClglwBtK6yE+BEUAgoUCwZyD1bOOnn36acDNSunRp0xeydu3aMmnSpLO+//PPPyVr1qymH+W7774rnTt3NsuEut5ZO+ADBBBAwBIBAqQlDUUxEUDg/ALBBsiPP/5YHnzwwTM2ePTo0bibY1q3bi3PP//8Gd8H3hQtWtSMOdmiRQsZPny4hLpeYHs8I4AAAjYKECBtbDXKjAACZwgEGyDHjBkjjRo1OmMb8+bNk4oVK57x2YXeFCtWTFasWCGhrnehbfMdAggg4HUBAqTXW4jyIYDARQXCESC//fZbqVGjRty+cuXKFfc6/ott27ZJlixZpECBArJw4UIJdb342+Q1AgggYJsAAdK2FqO8CCBwlkA4AuTu3bslR44cZtsDBw6URx555Kz9nOuDUNc717b4DAEEELBFgABpS0tRTgQQOK9AOAKkbjxfvnyyefNm0T6QH3300Xn3l/CLUNdLuB3eI4AAArYIECBtaSnKiQAC5xUIV4DUfpFjx441M89MmzZNbrvttjP2qeNB6jI6c039+vXlpZdeMt+Hut4ZG+cNAgggYJEAAdKixqKoCCBwboFwBUjdjg4IrgExU6ZM8vLLL8vtt98u2bJlkwULFsiLL74ov/32mymETnNYs2ZN8zrU9c5dGz5FAAEEvC9AgPR+G1FCBBC4iEC4AqTuZsaMGSYYHj9+/Lx7ffbZZ+XNN9884/tQ1ztjI7xBAAEELBEgQFrSUBQTAQTOL6BnBUuWLGkWiImJkXvvvfeshdetWyeFCxc2n0+cOFHq1q171jKBD6ZOnSrdu3c3Zx0Dn+nzDTfcIF27dpWGDRvG/zjudajrxW2AFwgggIAlAgRISxqKYiKAQPQF9u7dK3/88YckT57cDNuTLl26RBUi1PUStXEWQgABBDwgQID0QCNQBAQQQAABBBBAwCYBAqRNrUVZEUAAAQQQQAABDwgQID3QCBQBAQQQQAABBBCwSYAAaVNrUVYEEEAAAQQQQMADAgRIDzQCRUAAAQQQQAABBGwSIEDa1FqUFQEEEEAAAQQQ8IAAAdIDjUAREEAAAQQQQAABmwQIkDa1FmVFAAEEEEAAAQQ8IECA9EAjUAQEEEi8wIkTJ+To0aPy999/m+fzvT7X9+f6LP76+v2xY8ckderUcvnll0uaNGnMT+B14Fk/D7wOPF/ss/jfp0yZMvEVZkkEEEDAgwIESA82CkVCwFUBDXPbtm0zs78EnnUmmE2bNsmGDRtk48aNsm/fvkTxpEiRQi677LK4Hw2Fgffne63fp0qVSnQe7H/++SfuR0Nl4P35Xuv3J0+eTFTZsmTJIvnz5zez2+TLl0+uvvpq85MrV664Zw2cPBBAAAGvChAgvdoylAsBnwnExsbKzp07ZfPmzWf8bNmyJe797t27RZcLPDTo5cyZU7JmzSqZMmWSzJkzn/F8rs8CyyRFANMA/Oeff8r+/fvP+Xyu73Taw+3bt5szn4F6J0uWTLJnzy558+Y1P3ny5Il7HfjsyiuvFF2OBwIIIJAUAgTIpFBnnwj4VEAvL2tAXLt2raxbt+6M5/Xr15vLzoGqa8DLnTv3BX9y5MjhREjS0Lxr1y7ZunXrBX80oAYeeum8YMGCUrhwYSlUqNAZzxoyuUwekOIZAQQiIUCAjIQq20TA5wIaePRy8m+//XbGz+rVq82lXq2+Bhg9c1agQIFz/nAGLbiDJHAGVy/ln+tHz+RqgNeHXoovUqSIXHfddWf86GVzzloG587SCCBwbgEC5Lld+BQBBP4T0FCycuVK+fXXX2XRokXmefHixXLw4EGzRIYMGaRo0aJn/eiZMe1PyCM6AtpvU8/8rlq16qyf+G1VunRpueGGG6RMmTLmuVixYpytjE4TsRcEfCVAgPRVc1IZBC5NQG8C0bD4yy+/yMKFC83PkiVL4i4966VRDR8aQgI/ehMIZ7UuzT2Sa+uZS70JSUN/4Ed/GdCuBvrQS+GlSpWSsmXLyo033mieNVTqTUg8EEAAgfMJECDPJ8PnCDggoHc6z58/P+5HQ+OhQ4dMINTLnRoo9ExV4DlbtmwOqLhRxT179pgzyvrLgp5Z1mftlqCBM3369CZIVqhQQQI/eoc4DwQQQCAgQIAMSPCMgM8FTp06Zforzp49WwI/Ghj0oXf8li9fPu6nXLly5s5n86Vjf6hN5cqVHav1v9XVO8IXLFgg//d//xf3o3fG60N/oVCXwI/2r0yePPm/K/InAgg4J0CAdK7JqbArAno5Wi9Zzpo1S3744Qf56aefzNAyemmyZMmSUrFiRalUqZJ51rt4eYi5rKvBSG8O0sv1PMTcTT937lyZM2eO6POyZcvMeJc6hNItt9wit912m1SpUsV0aeCyN0cMAu4IECDdaWtq6oDAmjVrZPr06fLdd9/JzJkzTWDUO3L1jKL+Z3/rrbea0Kg3vvA4W6B9+/by4YcfyiOPPCIDBw48ewE+MTdPaZj88ccfzS8lesZSB1HXQFm1alW54447pHr16nLNNdeghQACPhYgQPq4cama/wUOHz4s33//vXzzzTcydepUM7yLngXSPou33367+bn55pvNjRL+17i0GupNJRp6AlMZahjnLOTFTXX6x59//tkch3osal9KPfutwzfVrFlT7rrrLnMcpkuX7uIbYwkEELBGgABpTVNRUAT+FdChWqZMmSKTJ082l6b17I8OyF2jRg3zo2d/dDYWHsEJBM4+BtbiLGRAIrhnnYVHz4JPmzbN/Ojg6HoWXC91165dW2rVqmUGPQ9uqyyNAAJeEyBAeq1FKA8CCQT0bI5eMvz666/Nj47zp4N0a/9F/c9Yz/Jon0aG0kkAF8Tb+GcfA6vpNIqchQxohPasd3Rrn0k9O66/9OhxrOOK6rihdevWNT96HNN3MjRf1kIgKQUIkEmpz74ROI/AkSNHTD/G8ePHy6RJk0SHXMmSJYsJi3Xq1DFnGjnLeB68ED5OePYxsAnOQgYkwvOsZyf1zKQe0xoq9+3bJzo0lB7TDRo0MP0n06ZNG56dsRUEEIioAAEyorxsHIHEC+hsIXpZ+quvvjJ9GrV/o851XL9+falXr55oX0bmN068Z2KXPNfZx8C6nIUMSIT/Wc9Eat/JiRMnyoQJE0TnStd+ktpnslGjRuZyNzd7hd+dLSIQLgECZLgk2Q4CIQj89ddf5j/Q0aNHm9Co/Rmvv/56ufvuu6Vhw4bmdQibZZUgBN544w355JNPzBrqv337dsmZM6fpt6cfPvjgg/L8888HsUUWDUVg6dKlMnbsWBk3bpzoa+03qWGySZMm5heoK664IpTNsg4CCERIgAAZIVg2i8D5BI4ePWrONMbExJhnvYtVpwds3Lix+c+S4U/OJxf5z3UAbZ15RWfn0YHVeSSNgPY91V+qxowZY+Ze1+kWtb9vs2bNzJnJNGnSJE3B2CsCCMQJECDjKHiBQOQEdBYYHch72LBh5j/FAwcOSIkSJeTee++Vpk2bMmZe5OiD2jIBMiiuqCysYVJ/2friiy9k+fLlkjFjRvPLVqtWrczYpsyGE5VmYCcInCVAgDyLhA8QCJ/Ahg0b5LPPPjM/Om2gDrejZ1FatGghpUqVCt+O2FJYBAiQYWGM2EaWLFkiI0aMkFGjRokOD6TTK95///3mR8ed5IEAAtETIEBGz5o9OSKgA1Hr3dNDhgyRGTNmmEG8tT+j/keng3tzxsS7BwIB0rttE79kekZfBy3XX86036R2A6lWrZq0adPG3M2tNz/xQACByAoQICPry9YdEli3bp0JjXpDxq5du6Rs2bLmPzS9RM3dpHYcCARIO9opfil19AK9xK2/sC1cuFBy5MhhbnzSMMkc7/GleI1AeAUIkOH1ZGuOCegg3zqmnc6brPNP6zAkzZs3l7Zt20qZMmUc07C/ugRIu9tw0aJFMnjwYBk5cqToMFg6L7eO8anjTDJYud1tS+m9J0CA9F6bUCILBPQM40cffSSDBg0SHUdQ+zPqoNPat5HhRixowPMUkQB5HhjLPtbhsbSv5Icffijab1LnNG/Xrp08/PDD5gylZdWhuAh4UoAA6clmoVBeFdCA8f7775shRrSMOvTOo48+aqYV9GqZKVfiBQiQibeyZUmdPvGDDz4wox9omXVcyccee4xhmmxpQMrpWQECpGebhoJ5RUBvitHx6Pr162fGB9Q7qfVso/ax0v5WPPwjQID0T1smrIleNdB+knpWUu/g1vE+H3/8cfNLIDfdJNTiPQIXFyBAXtyIJRwV0PmntT/VgAEDZNu2bWYqQf0PR2eJYUpBfx4UBEh/tmv8WukUijrbjf5CqFMp5sqVSzp06GD6Leu83DwQQCBxAgTIxDmxlEMCq1evlr59+5ohQvQmGR3su1OnTtwU48AxQIB0oJHjVVFvutG/6zpIud5ko0Nt6d/1IkWKxFuKlwggcC4BAuS5VPjMSQGdKeadd94xd1VnzpzZXKbWMxM6LzIPNwQIkG60c8Ja6vzneqVBL2/v37/f3LX99NNPm5luEi7LewQQ+FeAAMmR4LSADkg8ceJEeeutt2TevHlSuHBh6dy5szzwwAOSNm1ap21crDwB0sVW/1+djxw5Ip9++qn06dNH1q5dKzfddJM8++yzUq9ePSYA+B8TrxAwAgRIDgQnBY4fP26G+ejVq5esXLnS3JH5zDPPmP6NjBfn5CFhKk2AdLft49dcu65oP8m3335b9JgoVqyYdOnSxQzTlSpVqviL8hoBZwUIkM42vZsVP3r0qAwdOtT8x7Bp0ya588475bnnnpOqVau6CUKtzxAgQJ7BwZvTAjNnzpQ333xTvv32W8mXL5/oL5qtW7eWNGnS4IOA0wIESKeb353K66Up7d+kfRx37txp5st94YUX5MYbb3QHgZpeVIAAeVEiZxf45Zdf5PXXXzfz3F955ZWifSR1OC+6ujh7SDhfcQKk84eAvwE0OOogwnopau/eveaOag2OJUqU8HfFqV1IAgTIkNicWmn58uUmSOqd21mzZjVnJHUyAYKkU4cBlT0tQIDkMPClwN9//22mGdRLTzqeY7NmzaRr164Mz+HL1g5fpQiQ4bP0+5Z0uK9XX31VRo0aJTp+pHaF0ekSL7/8cr9XnfohYAQIkBwIvhLQm2O0j6P+w65DczRt2lS6detGcPRVK0euMgTIyNn6dcsaJHv27CkxMTFmyC/9RVX7SHKzjV9bnHoFBAiQAQmerRbQ4Xj0ktJLL70k69evN3dT6z/qXKq2ulmjXngCZNTJfbNDvbStv6zq3dsFCxaUV155xXSZSZ48uW/qSEUQiC9AgIyvwWsrBb777jszVtuvv/4qd9xxh+mfVLZsWSvrQqGTVoAAmbT+ftj7woULRftZ679LN9xwgxljVv9d4oGA3wQIkH5rUYfqs2zZMtOBfdq0aeZuah0MvFq1ag4JUNVwCxAgwy3q7vZmzJhhfrHVu7dr1KhhbuQrWbKkuyDU3HcCBEjfNan/K7Rr1y5zqVr7OubOnduccdSbZJIlS+b/ylPDiAoQICPK69zGY2NjzU02ekZy69atpm+kXtrOkSOHcxZU2H8CBEj/talva3Ts2DF5//33Td8i/Yf5+eefl06dOjGgr29bPPoVI0BG39yFPeoEBn379pU33njD/KKrfbUfe+wxSZ06tQvVp44+FSBA+rRh/VYt7U/0+OOPy++//27mqdYBfXUwXx4IhFOAABlOTbaVUEAnMdCzkTrf9rXXXiv9+vUz/bYTLsd7BGwQIEDa0EoOl/GPP/6Qzp07y+jRo6VChQrmDGS5cuUcFqHqkRQgQEZSl20HBBYsWGDOQM6fP1+aNGkiffr0kauvvjrwNc8IWCFAgLSimdwr5MmTJ2XAgAFm8G+9zKMDgj/00EPCkBjuHQvRrDEBMprabu9Lhx77+OOPzQDk2j1Hx67t0KGDpEiRwm0Yam+NAAHSmqZyp6BLliyRNm3aiA6H8cADD0ivXr3MTA/uCFDTpBIgQCaVvLv71ZmyunTpYi5r6/BjQ4YMkVKlSrkLQs2tESBAWtNU/i+oTj+og3/37t1b8ufPL4MHD5YqVar4v+LU0DMCBEjPNIVzBZk1a5a0bdtWNm7cKE899ZQZlJxpEZ07DKyqMAHSqubyb2G///57M4/spk2bzNiOepdimjRp/FthauZJAQKkJ5vFmULp3do6zM/bb78t+fLlM79EV61a1Zn6U1G7BAiQdrWX70r7559/msCoYzqWL1/eXL5hsF3fNbM1FSJAWtNUvi6oTpKg3Xj0eNR5tTVQZsqUydd1pnL2CRAg7Wsz35R44sSJ0r59ezlw4IDpQK7jotGB3DfNa2VFCJBWNpsvC603Euq4t127dpWMGTPKwIEDpV69er6sK5WyU4AAaWe7WV3qvXv3mjEdR44caaYe1E7jBQoUsLpOFN4fAgRIf7Sjn2qxYcMGczZSp0Zs3ry5GTsya9asfqoidbFUgABpacPZWuxx48aZs456w8w777wjDz/8MFMQ2tqYPiw3AdKHjeqDKunMWx999JE8/fTTojfW6NnIu+++2wc1owo2CxAgbW49i8q+b98+M3CunnWsUaOG6euYJ08ei2pAUV0QIEC60Mr21nHLli3mbOS0adPM2Ui9xJ0lSxZ7K0TJrRYgQFrdfHYUfsqUKeYfvb/++ssM0cNZRzvazcVSEiBdbHW76hw4G6lD/VxxxRXml/FatWrZVQlK6wsBAqQvmtGblTh06JAZz0z7OOp4jjrrgo7vyAMBrwoQIL3aMpQroYCOF6mzc+n4kXrHto6fmz59+oSL8R6BiAkQICNG6/aG58yZI/fdd59s27ZNXn/9dXPTDNMQun1M2FB7AqQNrUQZAwI6HWK/fv3khRdekFy5csnnn38ulSpVCnzNMwIRFSBARpTXvY2fOHHCzCajoVGn4xo+fLgUK1bMPQhqbKUAAdLKZnO+0CtXrpSWLVuKTgOrYbJbt26SMmVK510AiKwAATKyvk5tfe3ateYfMZ3DWud27dGjh6RKlcopAyprtwAB0u72c7n0x48fl+7du0uvXr1E59TWX94LFy7sMgl1j7AAATLCwK5sXi+ddOzYUTJnzizDhg2TW2+91ZWqU08fCRAgfdSYjlblxx9/lFatWsn+/fulf//+piuRoxRUO8ICBMgIA/t98wcPHjTjOurwPPfcc48MGjSIKbf83ug+rh8B0seN61DVdIrYdu3ayZdffmmG+9FxIzNkyOCQAFWNhgABMhrKPt2HXqpu1qyZbN++Xd577z0zZ6tPq0q1HBEgQDrS0I5Uc+jQofLEE09Izpw5ZdSoUebStiNVp5pRECBARgHZb7vQccj0zj/t51i0aFGJiYnhRhm/NbKj9SFAOtrwPq623mDTtGlTWbVqlekf+fjjjzP7l4/bO5pVI0BGU9sH+9JLIzr2mE5JqJdI+vTpY6bW8kHVqAICQoDkIPCjgE4d27lzZ9PFSKdA1DF5M2XK5MeqUqcoChAgo4ht+64WLVokTZo0kd27d8vgwYPNb7W214nyIxBfgAAZX4PXfhPQq0Vt27aV7Nmzy+jRo6VMmTJ+qyL1iaIAATKK2Dbv6qOPPjJzWV9zzTXmH54iRYrYXB3KjsA5BQiQ52ThQx8JrF692pwIWLNmjehc2jq1LA8EQhEgQIai5tA6R48elQ4dOphLHjqzjN7NlzZtWocEqKpLAgRIl1rb3boeOXLEjJ6hw69pl6QBAwZImjRp3AWh5iEJECBDYnNjpc2bN0ujRo1k6dKl0rdvX/MPjhs1p5auChAgXW15N+utJwQ6deok119/vXz11VeSN29eNyGodUgCBMiQ2Py/0qxZs8y4jqlTp5YxY8bITTfd5P9KU0PnBQiQzh8CzgHMmzdPGjduLMeOHTPjRlapUsU5AyocmgABMjQ3X6+l/WKefPJJExq1o/VVV13l6/pSOQQCAgTIgATPLgns2LHD9IvUMPnuu++a/u4u1Z+6hiZAgAzNzZdr6W+g2t9Rb5jRIXp0rEc9A8kDAVcECJCutDT1TCig//7rGJE6m5jeWKP9Ivn3P6ES7+MLECDjazj8es+ePaa/49y5c82sMu3bt3dYg6q7KkCAdLXlqXdAQPtF6uw1FStWNP0is2XLFviKZwTOECBAnsHh5psVK1ZI3bp1RQcJ1/6OVatWdROCWjsvQIB0/hAA4LTAzJkzTb9IHWz866+/luLFi+OCwFkCBMizSNz6YPr06abvy5VXXmn+odBxHnkg4KoAAdLVlqfeCQV0nEg9sbBz504z9m/16tUTLsJ7xwUIkA4fADqd1SOPPCI333yzuVSROXNmhzWoOgLCVIYcBAjEE9i/f7/p2vTzzz/Lhx9+aMaMjPc1Lx0XIEA6eADExsZK9+7d5ZVXXhEdHHzIkCF0lnbwOKDKZwtwBvJsEz5xW0BvrmnTpo3ooOMvvfSS9OjRQ5IlS+Y2CrU3AgRIxw6E48ePm7lQP/30U+nWrZu8/PLL/GPg2DFAdc8vQIA8vw3fuCugJx30/4qePXvKAw88IIMHD5ZUqVK5C0LNjQAB0qED4fDhw2Zw8G+//dZMScgcqA41PlVNlAABMlFMLOSogA7xpiN03HnnnWbQ8XTp0jkqQbVVgADpyHGwb98+qV27tpmWMCYmxnSOdqTqVBOBRAsQIBNNxYKOCuhd2U2bNjXTH06ePFmyZMniqATVJkA6cAxs27bN/Maoz/qXv3Llyg7UmioiELwAATJ4M9ZwT2D27NnmJESuXLlEr2jpMw/3BAiQPm/z9evXyx133CF///23TJs2TUqWLOnzGlM9BEIXIECGbseabgksW7ZMatSoIZdffrl89913UrBgQbcAqC2XsP18DKxcudKER+3srH/BCxcu7OfqUjcELlmAAHnJhGzAIYG1a9ea/2P05kz9P6ZYsWIO1Z6qcgbSp8fA4sWLzWVr7Z+if7Hz5Mnj05pSLQTCJ0CADJ8lW3JDYMuWLSZEaj97vZxdunRpNypOLTkD6cdjYP78+VKzZk0TGvUvtM4ywwMBBC4uQIC8uBFLIJBQQGer0TuzNUxOnTpVKlSokHAR3vtQgDOQPmvUn376ydxtXbRoUfnmm2+4Q85n7Ut1IitAgIysL1v3r4Cegbzrrrtk1apVondn33LLLf6tLDUzAgRIHx0I33//vdSrV89cQpgyZYpkyJDBR7WjKghEXoAAGXlj9uBfgYMHD0qtWrVEu1BNnDhRbr/9dv9WlppxCdsvx4D2c6xfv765dKBD9aRPn94vVaMeCERNgAAZNWp25FOBQ4cOmSF+tCvVhAkTTP9In1bV+WpxBtIHh4AOz9OgQQMzvqP+1pc2bVof1IoqIBB9AQJk9M3Zo/8Ejhw5Yq6G6XiR48ePN8P9+K+W1IgAafkxEAiP2t9Ef9vTMbl4IIBAaAIEyNDcWAuBhAI69rBeFdN++YTIhDr+eE+AtLgd9Q5r/QtKeLS4ESm6pwQIkJ5qDgpjuUD8EKknOPRObR7+ESBAWtqWM2bMMP1MdFpCvWzNmUdLG5Jie0qAAOmp5qAwPhDQEKk3d+rlbO2fX61aNR/UiiqoAAHSwuPghx9+MHe66VhbkyZNos+jhW1Ikb0pQID0ZrtQKrsFtE9knTp1RG+s0RFCbrvtNrsrROmNAAHSsgNh7ty5pkOyjvavA7amS5fOshpQXAS8K0CA9G7bUDK7BQ4fPmwmuNAhfrTvfsWKFe2uEKXnDKRNx8CiRYvM6f8iRYqYKaMY59Gm1qOsNggQIG1oJcpoq4COE6n9IFevXi3aDatMmTK2VoVynxbgDKQlh8GKFSvMaf/cuXOLDhieOXNmS0pOMRGwR4AAaU9bUVI7Bfbv328GGN+6datod6zixYvbWRFKTYC04RhYv369udNazzjqX7gcOXLYUGzKiIB1AgRI65qMAlsosGvXLnNCRM9I6jA/BQsWtLAWFJkzkB4/BrZv327C48mTJ81fND0DyQMBBCIjQICMjCtbRSChgJ6B1CHoUqRIYf5vy5kzZ8JFeO9xAQKkhxtIT/Xr3Wq7d+82f8EKFy7s4dJSNATsFyBA2t+G1MAegbVr15oQmT17dnN1ja5Z9rSdlpQA6dH20mEPtLPx8uXLZdasWVKqVCmPlpRiIeAfAQKkf9qSmtghsGTJEqlSpYqUKFHC3BzKVLx2tJuWkgDpwbY6ceKENGzYUKZPny7ffPON3HrrrR4sJUVCwH8CBEj/tSk18r7Ajz/+KHfddZdUr15dxo4dKylTpvR+oSkhAdJrx0BsbKy0adNGPv30UxkzZow0aNDAa0WkPAj4VoAA6dumpWIeF9D5shs3biwPPPCADBkyRJIlS+bxElM8zkB67Bjo3r279OzZUwYNGiRt27b1WOkoDgL+FiBA+rt9qZ23BQYPHizt2rWTbt26SY8ePbxdWErHGUgvHQMfffSROfv40ksvmRDppbJRFgRcECBAutDK1NHLAhoeX3nlFXMW8uGHH/ZyUZ0vG2cgPXIIaF/HunXrSsuWLeXjjz/m9L1H2oViuCVAgHSrvamt9wS0G9dDDz0kw4cPl6+//tr0jfReKSmRChAgPXAc6F1oOh5WhQoVzETzqVKl8kCpKAIC7gkQIN1rc2rsPYHjx49LrVq1ZP78+WYIO0Yh8V4baYkIkEncLtu2bZObbrpJMmbMKD///LN5TuIisXsEnBUgQDrb9FTcYwIHDhyQm2++WfR53rx5kitXLo+VkOIQIJPwGNCxHnWgcB2RX/+C5MuXLwlLw64RQIAAyTGAgHcENm3aZE6w6AxsOo0vY0R6p220JATIJGoP7edxzz33yOTJk2XmzJnm8nUSFYXdIoDAfwIESA4FBLwloJexq1atKrVr15Yvv/yS+wM81DwEyCRqDL3T7NVXX5WRI0dK06ZNk6gU7BYBBOILECDja/AaAW8IxMTESPPmzaVr166MUOKNJjGlIEAmQWPob1EaGvnLkAT47BKBCwgQIC+Aw1cIJKFA4KSLhkm9escj6QUIkFFug8WLF0vlypWlRo0a8tVXX3E6Psr+7A6BCwkQIC+kw3cIJJ2Advtq1KiRTJs2TWbPni2lS5dOusKwZyNAgIzigbBnzx4pV66cXHHFFTJnzhxJnz59FPfOrhBA4GICBMiLCfE9AkkncOjQIalUqZL89ddfsmDBAsmWLVvSFYY9cxNNtI6BEydOmAFRf/31V9H/pAoVKhStXbMfBBBIpAABMpFQLIZAEgmsW7dOypcvLzfccIPoBBwpU6ZMopKwW85ARukY6NKli7z77rsyadIkRtaPkjm7QSBYAQJksGIsj0D0BTQ41qlTR5588knp1atX9AvAHo0AATIKB4L2dWzSpImZ3/PFF1+Mwh7ZBQIIhCJAgAxFjXUQiL7Aa6+9Ji+99JKMHj3a9I2MfgnYIwEywsfA77//bvo96oDhEyZM4KaZCHuzeQQuRYAAeSl6rItA9AT0ppr69eubAca1P+S1114bvZ2zJyNAgIzggaAzzeg0hYcPH5ZffvlFMmXKFMG9sWkEELhUAQLkpQqyPgLRE/jzzz/lxhtvlHTp0pnZ3JipJnr2uicCZAS9W7duLSNGjDB3XJcpUyaCe2LTCCAQDgECZDgU2QYC0RNYtGiRuTO7RYsWMnTo0OjtmD0RICN1DAwfPlxatWolAwYMkEcffTRSu2G7CCAQRgECZBgx2RQCURL44IMPpEOHDjJs2DBp2bJllPbKbjgDGYFjQPs96mn1mjVrmrk7I7ALNokAAhEQIEBGAJVNIhAFAZ2dZurUqaa7GP0howB+ehcEyDA7//PPP+Z0+v79+0XHfMyYMWOY98DmEEAgUgIEyEjJsl0EIitw4MABMzZk5syZTbexyy67LLI7ZOsEyHAfA0899ZT069dPfvrpJ3MDTbi3z/YQQCByAgTIyNmyZQQiLTBv3jy55ZZb5PHHH5fevXtHenfOb58zkGE8BL777jszx/Urr7wijPcYRlg2hUCUBAiQUYJmNwhESCAwPqTOmX3HHXdEaC9sVgUIkGE6Dvbt2yfXX3+9FCxYUGbOnCkpUqQI05bZDAIIREuAABktafaDQGQETp48KVWrVpX169fL0qVLJUuWLJHZEVslQIbrGNAOvPobz5IlSyR//vzh2izbQQCBKAoQIKOIza4QiJDAxo0bpVSpUuaK4JdffhmhvbBZzkCG4RgIDNnz2WefyX333ReGLbIJBBBICgECZFKos08Ewi/w+eefy/3338/QPuGnjdsiATKOIrQXW7ZsMZeuq1WrJmPGjAltI6yFAAKeECBAeqIZKAQCYRFo3LixzJgxw1zKzpMnT1i2yUb+J0CA/J9F0K90Ls4aNWqYg/O3336TbNmyBb0NVkAAAe8IECC90xaUBIFLFdizZ49cd9115iSPdjFLlizZpW6S9eMJECDjYQT7cuDAgWaWmQkTJki9evWCXZ3lEUDAYwIESI81CMVB4BIFJk6cKPXr1xedraZ9+/aXuDVWjy9AgIyvEcRrvcNLO+k2atRIPv300yDWZFEEEPCqAAHSqy1DuRAIXeCBBx6Qr776ytzkqiOl8AiPAAEyBEe9dK19HnXKQr10nSlTphC2wioIIOA1AQKk11qE8iBw6QJ//vmnuZStUxxqn0guZV+6qW6BABmCY+DS9aRJk6R27dohbIFVEEDAiwIESC+2CmVC4NIFJk+eLHXq1OFS9qVTxm2BABlHkbgXmzdvNr/JNGjQQHSYAB4IIOAfAQKkf9qSmiCQUECH2Rs/fry5cpg3b96EX/M+SAECZJBgtWrVkkWLFsmKFSsY4T5IOxZHwOsCBEivtxDlQyB0AZ0xrnjx4lKmTBmZMmVK6BtiTSNAgAziQBgxYoS0bNlSdGT7Jk2aBLEmiyKAgA0CBEgbWokyIhC6wOjRo0VnjtMJQFq0aBH6hliTPpCJPQZ0PCn9zaVSpUrmFHhi12M5BBCwR4AAaU9bUVIEQhXQLmhz5swxVxIZvzlURW6iSbScDgMwbtw4Wb58ueTOnTvR67EgAgjYI0CAtKetKCkCoQps3bpVSpQoIXfffTfD8IWKeHo9LmEnAm/mzJlm2J5+/fpJx44dE7EGiyCAgI0CBEgbW40yIxC8QP/+/eXxxx83w/pUrVo1+A2wBgHyYsfAP//8YwYMz5Ahg8ydO1dSpEhxsVX4HgEELBUgQFracBQbgSAFTp48KRUrVpSDBw+aAcYvu+yyILfA4pyBvMgx8Oqrr8rLL78s+h+L3rnFAwEE/CtAgPRv21IzBBIK6Igq5cuXN//Hd+3aNeHXvL+IAAHyAkAbNmww/STatGkj77333gWW5CsEEPCDAAHSD61IHRBIvMATTzwhQ4YMMfc3FChQIPErsiSXsC90DNSrV08WLFggq1atkowZM15oUb5DAAEfCBAgfdCIVAGBIAQOHDggRYsWlXLlysnEiRODWJNFOQN5nmMgMO3RsGHDzNiP51mMjxFAwEcCBEgfNSZVQSCRAjomZKtWrYTpiRMJ9t9iBMhzeOmNM9ddd51cddVV8uOPPzLx+jmM+AgBPwoQIP3YqtQJgQsLxMbGyq233io7duww0xxyQ82FvQLfEiADEvGe33zzTdEOtQsXLpTSpUvH+4aXCCDgZwECpJ9bl7ohcH6BxYsXS9myZUVvnH3uuefOvyDfxAkQIOMo/n2xfft2ufbaa81l64EDByb4lrcIIOBnAQKkn1uXuiFwYYH27dubKQ5///13yZkz54UX5ltuokl4DDz44INmqsI1a9YIUxwl1OE9Av4WIED6u32pHQIXEtApi6+55hrRqQ4/+eSTCy3Kd6cFOAMZ7zD45ZdfzJhQ77zzjnTu3DneN7xEAAEXBAiQLrQydUTg/AJ9+vSRp59+2oz9fOONN55/Qb4hQMY/BqpUqSLbtm0znWhTp04d/yteI4CAAwIESAcamSoicAGBY8eOmZtoc+XKJbNmzbrAknzFGcj/joEJEyaY09Zjx441E6xzaCCAgHsCBEj32pwaI5BQYNy4cdKwYUPTna1+/foJv+b9fwIEyNMQJ06ckJIlS0r27NnNsD0cHQgg4KYAAdLNdqfWCCQU0GF9du/eLcuWLZOUKVMm/Jr3pwUIkKcRPvzwQ3n00Udl7ty5UqFCBQ4MBBBwVIAA6WjDU20EEgjMnz9fKlasKB988IE88sgjCb7lrQo4HyAPHz5s7rqqXLmyjB49mqMCAQQcFiBAOtz4VB2BBAJNmjSR2bNni47Kki5dugTf8tb5APn6669L9+7dzUTqOv4jDwQQcFeAAOlu21NzBBIK6HiQJUqUkB49esgLL7yQ8Gvn3zsdIPft2yeFChUS/S1j8ODBzh8MACDgugAB0vUjgPojcKZA27ZtzdXJdevWSZYsWc780vF3TgfI559/Xvr27WtOT+fOndvxQ4HqI4AAAZJjAAEE4gts3brVdHPr1KmTvPHGG/G/cv61swFy165dUrBgQdHfLt59913nDwQAEEBAzODBeiOddqAvX748JAgggIA8+eST5irl+vXrJUeOHIj8J+BsgHzqqadk0KBBwgHB3wUEEAgIcAYyIMEzAggEBAInnNq1aye9e/cOfOz8s5MBcseOHebs42OPPSZvvfWW8wcBAAgg8K8AAZIjAQEEziXw7LPPyvvvv29OOl111VXnWsS5z5wMkHo6esiQIbJhwwbJli2bc41OhRFA4NwCBMhzu/ApAq4L7NmzRwoUKCBt2rSh29t/B4NzAXLnzp3m7GPHjh05++j6vwjUH4EEAgTIBCC8RQCBOAE9C9m/f39zFvLKK6+M+9zVF84FyMABoGcf6Qzr6mFPvRE4twAB8twufIoAAiLaF1LPQnIC6t+jwakAqeM+5s+fX1q3bi19+vTh7wMCCCBwhgAB8gwO3iCAQAKBzp07y9ChQ2Xjxo3OjwvpVIDs2bOnvPbaa6IDgjLuY4K/FbxFAAGG8eEYQACBCwrouJA6AcmLL74o3bp1u+Cyfv/SmQB55MgRyZcvnzRo0MDcQOP3hqV+CCAQvABnIIM3Yw0EXBPQG2nGjx8vmzZtkrRp07pW/bj6OhMg9fZ7HUl+5cqVwpzXce3PCwQQiCdAgIyHwUsEEDingM6RXaxYMTOTnQ4H6OrDiQB54sQJExpLly4tY8eOdbWtqTcCCFxEgAB5ESC+RgABI9CwYUNZvHixaJhMmTKlkypOBMgvv/xS7r33XpkzZ45UrFjRyYam0gggcHEBAuTFjVgCAQRE5s6dK5UqVZIvvvhC7rnnHidJnAiQN910kyRPntwESCdbmUojgECiBAiQiWJiIQQQOC2gAfLUqVMyb948Jz18HyADvyWMHj1aGjdu7GQjU2kEEEicAAEycU4shQACImPGjJEmTZo4e3XT9wGyadOm5reDtWvXOttPgb/oCCCQOAECZOKcWAoBBET0/orChQuLXuWMiYlxjsTXAfKPP/4wo8br2I/PPPOMc41LhRFAIDgBAmRwXiyNgOsCb7/9thkTUme3u/rqq53i8HWA7N69u2jjbtmyRbJmzepUw1JZBBAIXoAAGbwZayDgssDevXslT5485iRVjx49nKLwbYA8fvy4GTj8rrvuko8//tipRqWyCCAQmgABMjQ31kLAZYGHHnpIvvnmGzOweKpUqZyh8G2A1Jtm9Nb6BQsWSNmyZZ1pUCqKAAKhCxAgQ7djTQRcFVi4cKGUK1dOdMhAvanGlYdvA2S1atXkr7/+MnPbutKY1BMBBC5NgAB5aX6sjYCrAuXLl5crrrhCZsyY4QyBLwOkjgxftGhRM+d169atnWlMKooAApcmQIC8ND/WRsBVgaFDh4rOkb1q1Spnpkv2ZYDUO66HDBkiehd2unTpXD2eqTcCCAQpQIAMEozFEUDACBw+fNjcha0hUm/edeHhuwB57NgxyZ07txk0/IMPPnChDakjAgiESYAAGSZINoOAgwKPPvqoGVx869atkjp1at8L+C5ABm6e+eWXX6RMmTK+b0AqiAAC4RMgQIbPki0h4JrAokWL5MYbb3TmZhrfBciaNWvKzp07RRuSBwIIIBCMAAEyGC2WRQCBhAJ64urKK6+UqVOnJvzKd+99FSD1tHH+/Pmlb9++0rFjR981FhVCAIHIChAgI+vL1hHwu0D//v2lU6dOsnHjRtOdzs/19VWAfP3116Vnz56ybds2yZIli5/bjbohgEAEBAiQEUBlkwg4JLBv3z7JlSuXdOvWTV544QVf19w3ATI2NtYM3VOqVCnT/8DXrUblEEAgIgIEyIiwslEEnBLQSUyWLFlihvRJliyZb+vumwA5d+5cqVSpkkyaNElq167t2wajYgggEDkBAmTkbNkyAq4ITJ48WerUqSNz5syRihUr+rbavgmQevv82LFjRftBpkyZ0rcNRsUQQCByAgTIyNmyZQRcEThx4oTp/9iwYUPx83CCvgiQOvaj9jlo1aqV9OnTx5VjlHoigECYBQiQYQZlcwg4KtC5c2cZNmyYuSfDr2NC+iJATpw4UerXry8LFiyQsmXLOnq4Um0EELhUAQLkpQqyPgIIqMDChQulXLlyMmHCBKlXr54vUXwRIJs2bSqLFy82HVZ92UpUCgEEoiJAgIwKMztBwAmBokWLSunSpSUmJsaX9bU+QB46dMgM2tmlSxfp3r27LxuJSiGAQHQECJDRcWYvCLgg0KNHD+nVq5eZ3CR9+vS+q7L1AXLkyJHSokULc/axSJEivmsgKoQAAtETIEBGz5o9IeB3gdWrV5vhBUeMGCHNmzf3XXWtD5Da93HLli1MXei7Q5MKIRB9AQJk9M3ZIwJ+FtCpDfPkyWP6QvqtnlYHyAMHDpjL1y+//LI899xzfmsb6oMAAlEWIEBGGZzdIeBzgTfffFM0o+zcuVMyZszoq9paHSCHDx9uhu5Zu3atFCpUyFcNQ2UQQCD6AgTI6JuzRwT8LLBu3TopXLiwGdKnZcuWvqqq1QHy7rvvlk2bNnH52leHJJVBIOkECJBJZ8+eEfCrgF7Gzpcvn4wbN85XVbQ2QOrd1zly5JAXX3zR/PiqVagMAggkiQABMknY2SkCvhZ47bXXRH927dolfrob29oAOWbMGGnSpIksX75cihcv7uuDj8ohgEB0BAiQ0XFmLwi4JLBixQopUaKEjB49Who3buybqlsbILUvgY70vmrVKt80BhVBAIGkFSBAJq0/e0fArwI6qLjOlKf3bvjlYWWAPH78uLl83a5dO9E7nHgggAAC4RAgQIZDkW0ggEBCAR0pZtCgQeYydqpUqRJ+beV7KwPkjBkzpHr16jJ79mypVKmSlfAUGgEEvCdAgPRem1AiBPwgMGfOHKlcubJMnz5dqlWr5ocqiZUBslOnTjJq1CjZvn27JE+e3BcNQSUQQCDpBQiQSd8GlAABPwqcOnVKcubMKc2aNZO+ffv6oopWBkgdU+mWW26RTz75xBeNQCUQQMAbAgRIb7QDpUDAjwIPPvig/PTTT6JjV/vhYV2ADMwt6be7mfxwMFEHBGwXIEDa3oKUHwHvCgRGj9Gbf4sUKeLdgiayZNYFyD59+sizzz4re/bskQwZMiSymiyGAAIIXFyAAHlxI5ZAAIHQBA4ePCjZsmWTt956Szp37hzaRjy0lnUB8s477xS9C3vmzJkeYqQoCCDgBwECpB9akTog4F2BqlWrit6F/e2333q3kIksmVUB8siRI5I1a1YzMbmeheSBAAIIhFOAABlOTbaFAAIJBfTs48svvyx79+6VtGnTJvzaqvdWBcipU6dKrVq15Ndff5XSpUtbBU1hEUDA+wIESO+3ESVEwGaBxYsXyw033CBTpkyRmjVr2lwVu4bx0T4DgeF7kiVLZjU8hUcAAe8JECC91yaUCAE/CcTGxsYN56P3dNj8sOoMZMmSJeX666+XESNG2GxO2RFAwKMCBEiPNgzFQsBHAi1atJClS5fKsmXLrK6VNQFyx44dkitXLhk6dKjoWEo8EEAAgXALECDDLcr2EEAgoYCOYd26dWvZtm2bXHXVVQm/tua9NQFSL103b95cNm3aJHnz5rUGmIIigIA9AgRIe9qKkiJgq8DmzZslX758MnLkSDMzja31sCZAtmnTxgzd45cR3G09YCg3An4WIED6uXWpGwLeEdAZ9XRInyFDhninUEGWxJoAec0110iVKlWsxg6ybVgcAQSiLECAjDI4u0PAUQE9KTZr1ixZs2aNtQJWBMg//vhDcufOLcOGDZOWLVtai03BEUDA2wIESG+3D6VDwC8Cw4cPl1atWsnWrVvl6quvtrJaVgTImJgY00+A/o9WHmMUGgFrBAiQ1jQVBUXAaoFAP0i9v6Np06ZW1sWKANmhQweZPHmybNy40UpkCo0AAnYIECDtaCdKiYAfBPLnzy+1a9eWAQMGWFkdKwJkqVKlRMeA1FO+PBBAAIFICRAgIyXLdhFAIKGAdsnTsSCXLFmS8Csr3ns+QB44cECyZMki/fv3l/bt21uBSiERQMBOAQKkne1GqRGwUWDgwIHSsWNH2bdvn2TMmNG6Kng+QH777bdSo0YN0fkj9UwkDwQQQCBSAgTISMmyXQQQSCigZx5Lly4t06ZNkzvvvDPh155/7/kA2aNHD+ndu7fs379fUqRI4XlQCogAAvYKECDtbTtKjoBtAidPnpTMmTPLU089Jd27d7et+OL5AFmrVi35559/ZMaMGdbhUmAEELBLgABpV3tRWgRsF6hWrZpcdtllMmXKFOuq4ukAGRsbK9mzZ5e2bdvK66+/bh0uBUYAAbsECJB2tRelRcB2gRdeeEEGDx4su3fvlmTJkllVHU8HyHXr1olO9zN27Fi5++67rYKlsAggYJ8AAdK+NqPECNgsMG7cOGnYsKHoNM2FChWyqiqeDpBffPGFGWBzy5YtZiYaq2QpLAIIWCdAgLSuySgwAlYL6Ew0efLkEZ0w5d5777WqLp4OkF26dJHPP/9cduzYYRUqhUUAATsFCJB2thulRsBmgauuukruu+8+6dWrl1XV8HSArF69uqROndrKzqVWHQUUFgEEjAABkgMBAQSiLaA3Cx87dkymT58e7V1f0v48HSCzZs1qBg9/9dVXL6mSrIwAAggkRoAAmRgllkEAgXAKdO3aVXRQ8b1794ZzsxHflmcDZGCi8dGjR0vjxo0jDsEOEEAAAQIkxwACCERbYMyYMdKkSRPZtGmT5M2bN9q7D3l/ng2QX3/9tdSrV09+//13ueaaa0KuICsigAACiRUgQCZWiuUQQCBcAmvWrJFrr71WJk6cKHXr1g3XZiO+Hc8GSB33UX8OHjwoyZMnjzgEO0AAAQQIkBwDCCAQbYFTp05JhgwZRMeE1B9bHp4NkM2aNZP169fL/PnzbbGknAggYLkAAdLyBqT4CFgqUKFCBSlYsKCMGjXKmhp4NkCWLFlSypUrJx9//LE1mBQUAQTsFiBA2t1+lB4BWwUeeughWbBggSxbtsyaKngyQJ44cULSpUtnLmHrJOM8EEAAgWgIECCjocw+EEAgoUDv3r3N5evDhw9LypQpE37tyfeeDJCrV6+WokWLmvEfa9as6Uk4CoUAAv4TIED6r02pEQI2CEydOlV0PMhVq1ZJkSJFbCiyeDJAjh8/3sx9rX0gCxQoYAUkhUQAAfsFCJD2tyE1QMBGgQ0bNpg+kDo3doMGDayogicD5FtvvSU9evSQQ4cOcQe2FYcRhUTAHwIESH+0I7VAwDYBvRM7ffr00r17d3n22WetKL4nA2Tr1q1NZ9KlS5dagUghEUDAHwIESH+0I7VAwEaB66+/3tw8PHToUCuK78kAeeutt0r27Nnlq6++sgKRQiKAgD8ECJD+aEdqgYCNAo0aNZLdu3fLjz/+aEXxPRkgc+XKJffdd5+8+eabViBSSAQQ8IcAAdIf7UgtELBR4LnnnpPPP/9ctm3bZkXxPRcg9Rb2K664QgYNGiRt2rSxApFCIoCAPwQIkP5oR2qBgI0CQ4YMkXbt2slff/1lhjL0eh08FyB/++030UHEp0+fLtWqVfO6H+VDAAEfCRAgfdSYVAUBywRmzJgh1atXN4OJX3fddZ4vvecC5Ndffy316tWTdevWmVvaPS9IARFAwDcCBEjfNCUVQcA6AR26sFChQjJx4kSpW7eu58vvuQDZv39/6dSpk/z999+SKlUqzwNSQAQQ8I8AAdI/bUlNELBN4Pjx43L55ZdL3759pWPHjp4vvucC5DPPPCMxMTGyZcsWz+NRQAQQ8JcAAdJf7UltELBNIE+ePNK0aVN5++23PV90zwVIhdPwOHv2bM/jUUAEEPCXAAHSX+1JbRCwTWf7I3YAAAKWSURBVKBy5cqiIVJPpHn94bkAaROe1xuX8iGAQHACGzdulF69ekmXLl0kf/78wa3M0ggggMAlCth0Es1zAVL/0dbBNHv37n2JzcDqCCCAAAIIIICAPQJPPfWUmURFf5n1+sNTATI2NlbSpEkjb7zxhjz55JNet6N8CCCAAAIIIIBA2ATeffddef755+Xo0aOSLFmysG03EhvyVIDUKXxy5MghI0eOlGbNmkWivmwTAQQQQAABBBDwpMCoUaOkefPmsmvXLjOlsycL+V+hPBUgly1bJjqZ+Pfffy9Vq1b1shtlQwABBBBAAAEEwiowc+ZMuf3222Xp0qVmUpWwbjzMG/NUgNTZZ+644w5Zvny5FC9ePMxVZXMIIIAAAggggIB3BVasWCElSpSQ7777zsxK492SingqQOql6xYtWoheys6WLZuX3SgbAggggAACCCAQVoE9e/aYS9cjRowwl7LDuvEwb8xTAfK9994TvQPp2LFjkjx58jBXlc0hgAACCCCAAALeFTh16pSkTp3ajETzxBNPeLegp0vmqQDZrVs3+fDDD03nUU+rUTgEEEAAAQQQQCACAnoz8SOPPCI9e/aMwNbDt0lPBcgOHTqYG2hWrlwZvhqyJQQQQAABBBBAwBKBYsWKmRtpBgwY4OkSeypA6tA9mzdvZhpDTx8yFA4BBBBAAAEEIiWgM/LlzZtXdEgfLz88FSBr1qwpKVKkkEmTJnnZjLIhgAACCCCAAAIREahTp46cPHlSpk6dGpHth2ujngqQFStWlIIFC4refcQDAQQQQAABBBBwTUBHo1m/fr3MnTvX01X3VIDUsY9uu+02+eCDDzyNRuEQQAABBBBAAIFICDz66KPyww8/mDGxI7H9cG3z/wEAAP//L0wBdQAAQABJREFU7d0H3I1l3MDx/yN7hLJXiOwoIzKyt6woZFVWMpNQqVRWdskqRCKysreM7JAdIdkRUnbOe/7X+57nfexnnHGP3/35HGfd931d1/c6zvM/132NMI93E4tsmTJlkgYNGki/fv0skiOygQACCCCAAAIIBE/g7bfflsmTJ8uRI0eCl2g0UgqzUgCZPHly6dy5s7z33nvRKAqHIIAAAggggAAC9hb46KOPZNCgQXLu3DlLF8RSAWTcuHFN62OnTp0sjUbmEEAAAQQQQACBQAgMHjxYtBXy2rVrgTi9385pmQDy+vXrogHkyJEjpVWrVn4rICdCAAEEEEAAAQTsIjBq1Chp3bq1CSDjxIlj2WxbJoD8+++/JWnSpPL1119LkyZNLAtGxhBAwBoCV69eNZd4wsLCJHXq1NbIFLlAAAEEYigwYcIEadq0qVy4cEEefvjhGJ4tcIdbJoA8ffq0+SPw3XffSf369QNXYs6MAAKWEjh27JisXr06UnlKlCiR1KhRw+z7zjvvSO/evSVx4sRy8eLFSB3PTggggIDVBaZOnSovvviinDp1SlKlSmXZ7FomgPzjjz9ER2HPmjVLatasaVkwMoYAAv4V0KsOzZo1i9RJ9Tvi999/N/sSQEaKjJ0QQMBmArNnz5ZatWqZUdgZM2a0bO4tE0AePHhQHn/8cZk3b55UrVrVsmBkDAEE/CtwewB5vz4/uXLlku3bt5sMEED6tx44GwIIWENg/vz5Uq1aNfntt98ka9as1sjUXXJhmQBy3759kjNnTlm8eLFUqFDhLlnlJQQQcKJAxAByx44dkjdv3kgVkwAyUkzshAACNhNYsmSJVKxYUfbu3Ss5cuSwbO4tE0Du2rXL/OFYvny5lClTxrJgZAwBBPwrQADpX0/OhgAC9hZYsWKFlC1bVnbu3Cl58uSxbmF0InErbL/88ouuiONZuXKlFbJDHhBAIEgC48ePN//39f+/twUy0qn26NHDHOcdRHPXY7z9qj3eudQ83hZNT5IkSTy6n/cSuKdjx44e76WhW4558803PaVKlTLv3fLG/z2pU6eOeb9nz553vP3ff/95vK0F5v0RI0bc8v7333/vKV++vCdt2rQe7zRlnixZsngaNmzo2bx58y376ZMTJ054Spcubc7z448/eryXsTzejvQebyd6T/z48T3eqzR3HMMLCCDgPAGNg/T7UOMiK29ilcxt27bNgK1atcoqWSIfCCAQBIFABJDeJcA8GTJkCA9M9cs44i1FihS3BGTeFbDM+94pMzw3bty4pdS//vpr+LEazN28efOW97du3Rr+/syZM8Pf++CDD8Jfj5i2PtZg8vbvuojpdOnSxewT8TjvVZrwc/MAAQScK6DfDfp/X+MiK28EkFauHfKGgAsE/B1A/vXXX57cuXObL2DvHJGe559/3vP55597vIsUeOrWrevxDtIx72lr4MmTJ43wokWLwoO9TZs23aI+bNiw8Pf0S33Lli23vD9kyBDzvp7XO5+tee+bb74JP8bbh8nz7rvveiZOnOh5/fXXPd75bs17jzzyiEeDRt8WMYDUdPR8tWvX9vTt29fz6aeferxTnfl25R4BBBwsQAAZxcr1jqw0X6p66YYNAQTcIxAxgPQOovNo6+G9bt4Vq8Jh7nUJu2XLluHBW69evcL39z2IGBDqJWLdLl++7EmQIIE5bsCAAb5dzb13NKR5XYNRDew++eSTW97XIE9f10vguh0/ftwTL14889oTTzzhOXv27C37e/t5hwex3gGD4e9FDCA1L3oJmw0BBNwnoHGQfqdoXGTlzTItkL4A8vbLOlbGI28IIBBzgYgBpH5p3u8W8TLuvQLIfPnymXOULFnyjsvNvtz6gkLvvJK+lzxVqlQxx3knKg9/7cqVK56ECROa19944w1z7wsUdSe9nK2XwzXP3knNzXF6GdtXhttbM30n9l0y19ZI3yXxiAGkdxUK367cI4CAywR8LZAEkJGsePpARhKK3RBwmEBUAsjdu3eHl/5uAeS///7reeihh0wA9/7774fve/uDgQMHhgd5vkvDQ4cONa8lS5bMowNjdFu6dKl5LXPmzJ5Dhw6Zx7Fjx/Z4lxgz7+ugH1+w6Lu07Z1eKPw1Hfhy4MCBO24ff/xx+D779+8354oYQI4dO9a8xj8IIOA+AV8ASR/ISNY9LZCRhGI3BBwmEDGA1L6D+l1wt9vtI7TvFkCuXbs2PDCbNm3aPaUi9nn0XSrWYM8XDOrAGN10MIu+1qZNG/NcR3Hr8xkzZpjn2rdSn3vX4g5vSaxUqVL4eXznu9+9d/lWc66IAaSO3mZDAAF3CvgCSFogI1n/TOMTSSh2Q8BhAhEDyNuDxPsV9W4BpPah9AVrc+fOvefh3rW3w/eLGKzpwBo9XgfG6KZTAOnzOXPmmOc63Y8+b9WqlXler14987xx48bmuf5TrFgx85ruly5durvedFoe3/uTJk0yxxJAhhPyAAFXCzCNTxSrX/s26RfqsmXLongkuyOAgJ0F/BlAnjlzJjx469ev3z1ZdES2ft/ozbuMavh+rVu3Nq/pwJijR4+axzogRi+N66bfT3rMY489Zp5ry6M+15ZT36YjrfU1fS8qGwFkVLTYFwHnCvi+ZyL2+bZiaS0ziMZ3+UgvLbEhgIB7BPwZQKqa9lfUAE5bB++1vfbaa2afRx999JZdZs2aFf76l19+aR7rJOG+7dq1a2ZScj2/b18dne3rR6n7af9FfV9vOpl5ZDcCyMhKsR8CzhbwdbGx+uIBlgkgdWUI/cKdN2+esz8ZlA4BBG4R8HcA6busrIGdBnm3b/rr3jfQJmJwqPvpPI6+eSJ9/R19l7N95/FN2+N7v2DBgr63zL2vO45+n+lo79snJtedvvjiC48epzffXJQEkLcw8gQB1wpoHKTfH7evmGU1EMsEkPpLXcEiruRgNSzygwAC/hfwdwCp/Sh1JLV+n+jKMjoJt76mI7g1GEyZMqV5T6fn2bBhwx0F0uUE9VjfTQO7iNuYMWPC39N9dNT17VuzZs3C96lVq5bnhx9+8Jw6dcrkQwfm6EhuPbZIkSLhhxJAhlPwAAFXC/imAovKFYxQgFkmgNRLQPqFOmXKlFA4kCYCCIRIwN8BpBZDO6H7JvP2BYIR77UF8l6DbHTlF9++2bJlu0PF1zfSt8/d5q7VCc+1ddO3z93u06dP7/FN4aOJEEDeQc0LCLhSQOMg/c6I2DXGihCWCSD10pGCjRs3zopO5AkBBAIkoEv8+QKsvXv3RjoVXR5Qj0ucOPFdj1myZMktI6J9aTz99NOe2bNn3/UYfTHi2tbt2rW763758+c3aetE4BFXx4m4s36ntW3bNrzPpC/9RIkSefS8umJNxE3ni/Ttoy2WbAgg4E4BjYP0u+DixYuWBgjT3HkzGvLNO3GveC/riLdvkHjnXAt5fsgAAgg4Q8C7NrZ4l0YU74ov4l15RrwrxwS1YN6BN+K9FCXnz5+XVKlSSYYMGcTbPzOoeSAxBBCwj8CIESPEO5uDePtPi/dqiWUzbpkAUoW8c6OJd51Z8c61ZlkwMoYAAggggAACCARKwLtSlnj7Vot3KdVAJeGX81oqgPROqSHt27cX7xJkfikcJ0EAAQQQQAABBOwk8OGHH8qwYcPk7Nmzls62pQJI7/xt4p2CQ7yjJi2NRuYQQAABBBBAAIFACLz11lviXYpVDh8+HIjT++2clgog8+XLJ88++6yMGjXKbwXkRAgggAACCCCAgF0EvEulyk8//STe6ccsnWVLBZAlSpSQjBkzyuTJky2NRuYQQAABBBBAAIFACDRo0MAMvFuzZk0gTu+3c1oqgPSu2mBGSi5YsMBvBeRECCCAAAIIIICAXQSqVKkisWLFEu+KNJbOsqUCyJdfflm8c6HJ+vXrLY1G5hBAAAEEEEAAgUAIFC1aVLyLGMg333wTiNP77ZyWCiB1BPbChQvFuyKD3wrIiRBAAAEEEEAAAbsIPPHEE1K5cmUzEtvKebZUAGmXoetWrlDyhgACCCCAAAL2FbDLlIaWCiCHDx9u5oG8evWqWZXGvtVPzhFAAAEEEEAAgagJ6Ooz8eLFM62P3qVQo3ZwkPe2VAA5depUefHFF+XkyZOSOnXqIFOQHAIIIIAAAgggEDqBU6dOSZo0aeS7776T+vXrhy4jkUjZUgHkypUrpUyZMvLLL7+IzgnJhgACCCCAAAIIuEVA53588sknZcWKFVK6dGlLF9tSAeSePXskd+7csnjxYqlQoYKl4cgcAggggAACCCDgT4ElS5ZIxYoVZffu3ZIrVy5/ntrv57JUAHnu3Dl55JFHZMKECdK4cWO/F5YTIoAAAggggAACVhWYOHGiNGnSRP766y9Jnjy5VbNp8mWpAFJzlDBhQvnggw+ka9euloYjcwgggAACCCCAgD8F+vfvb2KgS5cu+fO0ATmX5QJInTxTV6QZOnRoQArMSRFAAAEEEEAAASsKdOjQwaxAo4uqWH2zXACpnUZ1DqTp06db3Y78IYAAAggggAACfhOoW7eunD17VnRQsdU3ywWQupyhrkSzceNGq9uRPwQQQAABBBBAwG8CRYoUEV2JxurLGGqBLRdA9ujRQ8aNGycnTpzwW4VwIgQQQAABBBBAwOoCadOmlebNm0vv3r2tnlXrBZCjRo2SNm3aiHYgjR8/vuUBySACCCCAAAIIIBBTgStXrpiBxCNGjJBWrVrF9HQBP95yLZALFy6UKlWqyN69eyVHjhwBByABBBBAAAEEEEAg1AL79u2TnDlzyoIFC6Ry5cqhzs4D07dcAGk3wAcKswMCCCCAAAIIIPAAAbs1oFkugLx69appwh02bJhYfSHxB3wWeBsBBBBAAAEEEIiUwPDhw6V9+/amC1+8ePEidUwod7JcAKkYjz32mOhQ9kGDBoXShrQRQAABBBBAAIGgCHTu3NlMYfj7778HJb2YJmLJALJ8+fKmFfKHH36Iafk4HgEEEEAAAQQQsLzA888/b1ofly5davm8agYtGUDqKOwVK1aYgTS2UCSTCCCAAAIIIIBADAR0AE2ZMmVER2HbYbNkADl48GB5++235d9//5U4ceLYwZE8IoAAAggggAAC0RK4fv26JEqUSPr16yedOnWK1jmCfZAlA0gdwl61alWm8gn2p4H0EEAAAQQQQCDoAr4ZaObPn2+mMgx6BqKRoCUDyEOHDknWrFll5syZUqtWrWgUi0MQQAABBBBAAAF7CMyaNUtq164tBw8elCxZstgi05YMIG/evClJkiSRd999V7p3724LSDKJAAIIIIAAAghER6BPnz7y8ccfy8WLFyVWrFjROUXQj7FkAKkKhQoVMjOy22FB8aDXGgkigAACCCCAgGMEXn75ZdNtb/PmzbYpk2UDyGbNmsm2bdvMzTaaZBQBBBBAAAEEEIiiQIECBURv48ePj+KRodvdsgHkwIED5Z133jHNuYzEDt0HhJQRQAABBBBAIHACOgJbu+198skn8uabbwYuIT+f2bIB5JIlS6RixYqyY8cOyZs3r5+LzekQQAABBBBAAIHQC+zcuVPy5csnixcvlgoVKoQ+Q5HMgWUDyNOnT0vq1Kll4sSJon0D2BBAAAEEEEAAAacJ6FiPxo0by6lTpyRVqlS2KZ5lA0gVTJ8+vTRo0EAGDBhgG1AyigACCCCAAAIIRFagS5cuMnnyZDl27FhkD7HEfpYOIKtXry6XL1+WZcuWWQKLTCCAAAIIIIAAAv4UKFeunCRIkEDmzp3rz9MG/FyWDiB79uwpn332mfz1118SFhYWcAwSQAABBBBAAAEEgiXg8XjkkUcekXbt2kmvXr2Claxf0rF0ADl79myzEs3+/fslW7ZsfikwJ0EAAQQQQAABBKwgcODAAcmePbvoSjQ1a9a0QpYinQdLB5DaHyBDhgzy7bffmr6QkS4VOyKAAAIIIIAAAhYX0L6PDRs2lKNHj5pxHxbP7i3Zs3QAqTnVALJevXoyePDgWzLOEwQQQAABBBBAwM4CnTp1kmnTppkA0m7lsHwAWadOHTl58qT89NNPdrMlvwgggAACCCCAwD0Fnn32WUmTJo3MmDHjnvtY9Q3LB5D9+/eX999/Xy5cuCBx48a1qiP5QgABBBBAAAEEIi1w7do1SZo0qXz44YfStWvXSB9nlR0tH0CuXr1aSpUqJevWrZOiRYtaxY18IIAAAggggAAC0RZYv369FCtWTFatWiUlS5aM9nlCdaDlA0idBzJZsmTSp08f6dy5c6icSBcBBBBAAAEEEPCbwKBBg6R79+5y/vx5Mw+k304cpBNZPoBUB2151FVppk+fHiQWkkEAAQQQQAABBAInULduXbP6jLZE2nGzRQCpy/zomtg6mIYJxe34MSPPCCCAAAIIIOAT0AnEdfCMroFt1+WabRFA+iYU37t3r+TIkcPnzz0CCCCAAAIIIGA7gX379knOnDltOYG4D9sWAaQuZZgyZUoZMWKEtGzZ0pd37hFAAAEEEEAAAdsJjB49Wtq0aSN//vmnWcrQdgXwZtgWAaTC5s+fX/LmzSuTJk2yozN5RgABBBBAAAEEjECjRo1k586dsn37dtuK2CaA7Nixo0ydOlWOHz9uW2wyjgACCCCAAAIIpEuXTurXry9DhgyxLYZtAkhfP8jdu3dLrly5bAtOxhFAAAEEEEDAvQJ79uyR3Llz27r/o9aebQJInScpRYoUMnToUGnbtq17P3mUHAEEEEAAAQRsKzB8+HDp0KGDnDlzxsxzbdeC2CaAVGCdDzJt2rQyc+ZMu3qTbwQQQAABBBBwsUDt2rXlxIkTYtf5H31VZ6sA8t1335XPP//cRO2xY8f2lYF7BBBAAAEEEEDA8gI3btwwV1PfeOMN+fjjjy2f3/tl0FYBpK4X+dxzz8maNWukePHi9ysX7yGAAAIIIIAAApYSWLt2rZQoUUJ+/PFHKVWqlKXyFtXM2CqAvH79uoncte9Ar169olpW9kcAAQQQQAABBEIm0LNnTzOWQ/s/xokTJ2T58EfCtgogtcDad+Do0aOyadMmf5SfcyCAAAIIIIAAAkERKFy4sGTIkMERYzlsF0D6Zm/X+SBTp04dlAonEQQQQAABBBBAICYCp06dEp3/0Smr6tkugNTWx0yZMsm4ceOkadOmMalLjkUAAQQQQAABBIIi8PXXX0vz5s3lyJEjphUyKIkGMBHbBZBqUaBAAcmePbtMmzYtgDScGgEEEEAAAQQQ8I9AvXr1ZP/+/bJt2zb/nDDEZ7FlAKnT+Xz22WdmEfK4ceOGmJDkEUAAAQQQQACBewtcu3ZNUqZMKe3atbP99D2+UtoygNywYYOZVHzRokVSsWJFX1m4RwABBBBAAAEELCewePFiqVSpkpk8/JlnnrFc/qKTIVsGkDdv3jT9B3REti4JxIYAAggggAACCFhVQJdg1lX0dBxHrFixrJrNKOXLlgGklrB169Yyb9480xk1LCwsSoVmZwQQQAABBBBAIBgCHo/HDP6tVq2ajBw5MhhJBiUN2waQCxculCpVqohezi5SpEhQsEgEAQQQQAABBBCIisDGjRtFL1tr3KKXsZ2y2TaA1A6pOg9kq1atpG/fvk6pD8qBAAIIIIAAAg4S6Natm4waNUp0HkgnDfy1bQCpn60mTZrIunXrzLB4B33WKAoCCCCAAAIIOERApx0sVqyYTJgwwSEl+t9i2DqAnD17ttSqVUu2bt1q5oZ0VM1QGAQQQAABBBCwtYDO+fjUU0/JrFmzpGbNmrYuy+2Zt3UAeeXKFXMZW0c39e7d+/ay8RwBBBBAAAEEEAiZQI8ePcxsMXr5On78+CHLRyAStnUAqSCNGzc2l7EPHDgQCB/OiQACCCCAAAIIREsgW7Zs5vL1xIkTo3W8lQ+yfQA5d+5cqVGjhmzatEkKFSpkZWvyhgACCCCAAAIuEdi8ebMULlxY5syZI9WrV3dcqW0fQOpo7LRp00qzZs1k4MCBjqsgCoQAAggggAAC9hN48803Zfz48XLixAlHjb721YTtA0gtSMuWLWX+/PlmUnGnzPDuqyDuEUAAAQQQQMBeArpiXqZMmaRq1aoyevRoe2U+krl1RAC5cuVKKVOmjCxbtkzKli0byaKzGwIIIIAAAggg4H+B5cuXS7ly5WTFihVSunRp/ydggTM6IoDUSD9z5sxSvnx5GTt2rAVYyQICCCCAAAIIuFXglVdekaVLl8rhw4cds/b17XXpiABSC6UzvY8YMcL0NUiYMOHt5eQ5AggggAACCCAQcIFLly6ZsRlt2rRx9Ep5jgkgd+/eLXny5JFJkyZJw4YNA/4BIQEEEEAAAQQQQOB2gW+//VYaNWoku3btkty5c9/+tmOeOyaA1BrR4fKPPPKILFq0yDEVREEQQAABBBBAwD4ClSpVkr/++stML2ifXEc9p44KIIcPHy4dOnQwfQ4yZMgQdQ2OQAABBBBAAAEEoilw9OhRMyZj6NChoqvkOXlzVACpEX+6dOnkvffek3feecfJ9UbZEEAAAQQQQMBiAp988ol89NFHcvz4cXNF1GLZ82t2HBVAqsxLL70kOvv7/v37JSwszK9YnAwBBBBAAAEEELibgMfjkezZs5tV8aZMmXK3XRz1muMCyCVLlkjFihVF52DSuSHZEEAAAQQQQACBQAvonI86F/XixYulQoUKgU4u5Od3XACpc0Lq4uVFixYVHQnFhgACCCCAAAIIBFpAZ4BZv369HDhwwLFzP0Y0dFwAqYXz9UHQzqwpUqSIWF4eI4AAAggggAACfhU4c+aM6OBdN43BcGQAqZ1XH3vsMTOBpy5mzoYAAggggAACCARKYODAgWZBk99//90M5g1UOlY6ryMDSAWuW7eu7Ny5U/bu3ctgGit94sgLAggggAACDhLQwTM5c+aUvHnzyvTp0x1UsvsXxbEBpG8wjd7rGtlsCCCAAAIIIICAvwV0zWsdNOOWwTM+P8cGkPqLIEeOHOYXwYwZM3zl5R4BBBBAAAEEEPCbQJ06dcwVz3379rnqiqdjA0j9ZAwePFi6du0qv/32m2TKlMlvHxZOhAACCCCAAAIIHDlyRB5//HHp37+/dOrUyVUgjg4gz58/b0ZFtWvXTvr06eOqiqWwCCCAAAIIIBBYge7du8tnn30mOutLsmTJApuYxc7u6ABSrdu0aSPTpk2TP/74QxIkSGAxfrKDAAIIIIAAAnYUuHz5smTMmFHq1asnI0aMsGMRYpRnxweQe/bskTx58sjIkSOlZcuWMcLiYAQQQAABBBBAQAVGjx4trVu3ll27dkmuXLlch+L4AFJrtGrVqnL48GFTyayP7brPOAVGAAEEEEDArwI6UFcbpzJnzizz58/367ntcjJXBJC+IfZz586VatWq2aVuyCcCCCCAAAIIWFBg3rx5Ur16dXHzVIGuCCD1s/fUU09J0qRJZeXKlRb8KJIlBBBAAAEEELCLQOnSpeXChQuydetWu2TZ7/l0TQD57bffSqNGjcxC588884zfITkhAggggAACCDhfYMOGDVK0aFGZNGmSNGzY0PkFvkcJXRNA3rhxQ7Jnz25aIplY/B6fBl5GAAEEEEAAgfsK6MTh2vK4f/9+iR079n33dfKbrgkgtRKHDx8u7du3lx07dkju3LmdXK+UDQEEEEAAAQT8LLB7927Jly+fDBs2TNq2bevns9vrdK4KIHXOpixZskjFihVlwoQJ9qopcosAAggggAACIRVo0qSJWfP60KFDrp9b2lUBpH7qPv30U+nRo4fs3bvXLD8U0k8iiSOAAAIIIICALQR0WeScOXNK79695a233rJFngOZSdcFkP/884+Zt6lmzZry1VdfBdKWcyOAAAIIIICAQwReffVVmT17tplXOnHixA4pVfSL4boAUqn018MHH3wg+/btM5e0o8/HkQgggAACCCDgdAG9ZJ0jRw4TO+hVTDYRVwaQf//9t2TNmlVoheS/AAIIIIAAAgg8SMDX+njw4EF5+OGHH7S7K953ZQCpNdunTx/p2bOn6FrZ2bJlc0VlU0gEEEAAAQQQiJrAgQMHzFrXvXr1ku7du0ftYAfv7doAUvtCaitkpUqVZOLEiQ6uYoqGAAIIIIAAAtEVaNy4sSxatEi09ZG+j/+v6NoAUgkGDRokXbt2le3bt5tF0f+fhUcIIIAAAggg4HaBXbt2Sf78+aV///7SuXNnt3PcUn5XB5BXrlwxq9MUKlRIZs6ceQsMTxBAAAEEEEDA3QK1a9eWzZs3m1Vn4seP726M20rv6gBSLcaMGSOtWrWSn376yaxteZsPTxFAAAEEEEDAhQLr16+XZ599VkaNGiUtWrRwocD9i+z6AFLXyM6bN6+kSZNGVq5ceX8t3kUAAQQQQAABVwiULl1aTp48KTt37nT1mtf3qmzXB5AKM2PGDKlbt67MmTNHqlevfi8rXkcAAQQQQAABFwjMnTtXatSoIdOnT5c6deq4oMRRLyIBpNfM4/FIiRIl5Pz582ZATezYsaMuyREIIIAAAgggYHsBvTKpA2eSJUsma9askbCwMNuXKRAFIID8P1XtA6lB5IgRI0yfyEBgc04EEEAAAQQQsLaA9nls06aNCR61DyTb3QUIICO41K9fX1atWiW//vorM81HcOEhAggggAACbhDQleqeeOIJKVWqlEydOtUNRY52GQkgI9DpJKG5c+eWjh07St++fSO8w0MEEEAAAQQQcLpAt27dZMiQIbJ7926z2IjTyxuT8hFA3qb39ttvy9ChQ/nw3ObCUwQQQAABBJws4GtE6tChg/Tr18/JRfVL2Qggb2PU5uscOXJIsWLFzOjs297mKQIIIIAAAgg4UEBHW69bt0727dtHN7ZI1C8B5F2Qxo0bJ6+88oosXrxYKlSocJc9eAkBBBBAAAEEnCKwZMkSqVixoowdO1aaN2/ulGIFtBwEkHfhvXnzpmmBvHjxopnWJ06cOHfZi5cQQAABBBBAwO4C169fN9P2JEmSxLRAxooVy+5FCkr+CSDvwbxx40YTRGo/iC5dutxjL15GAAEEEEAAATsLDBgwQHT8g16+LlKkiJ2LEtS8E0Deh7tly5YyZcoU2bNnj6RPn/4+e/IWAggggAACCNhN4NixY5IrVy556aWXZPTo0XbLfkjzSwB5H/6zZ8+aATVly5ZlPqj7OPEWAggggAACdhTQ+Z+XL19uBs48+uijdixCyPJMAPkA+i+//FJatGghCxculEqVKj1gb95GAAEEEEAAATsILFq0SCpXrixjxoyR1157zQ5ZtlQeCSAfUB06oKZkyZJy6tQp2bFjhyRIkOABR/A2AggggAACCFhZ4PLly5IvXz5JnTq1rF69Whg4E/XaIoCMhJkGjgULFpS33npLPvnkk0gcwS4IIIAAAgggYFWBd955Rz799FPZsmWLCSStmk8r54sAMpK10717dxk4cCAftkh6sRsCCCCAAAJWFPA1Cr355pvSp08fK2bRFnkigIxkNWlz95NPPikpUqSQtWvX0twdSTd2QwABBBBAwCoC2i2tePHicubMGfnll1/olhaDiiGAjALesmXLzMo0gwcPFl0rkw0BBBBAAAEE7CMwdOhQ6dSpk+jKM+XKlbNPxi2YUwLIKFbKq6++aqb00V8uWbJkieLR7I4AAggggAACoRA4dOiQuZKoU/d89dVXociCo9IkgIxidZ47d07y5s0ruXPnNmtlh4WFRfEM7I4AAggggAACwRTweDxmrevdu3fLzp07JXny5MFM3pFpEUBGo1pnz54ttWrVMrPW6xyRbAgggAACCCBgXQGd61FXl5s1a5bUrFnTuhm1Uc4IIKNZWY0aNZK5c+eauSEzZcoUzbNwGAIIIIAAAggEUuDIkSNmqp7q1avLpEmTApmUq85NABnN6tZlDvVStk5EqrPZcyk7mpAchgACCCCAQIAE9NK1riKnU/fopWuWK/QfNAFkDCx9l7K/+OILadOmTQzOxKEIIIAAAggg4G+BESNGyOuvv86la3/Des9HABlD1GbNmsn3338v27Ztk2zZssXwbByOAAIIIIAAAv4QOHDggBQoUEBeeOEFGT9+vD9OyTkiCBBARsCIzsMLFy6YaQEyZMggq1atkoceeig6p+EYBBBAAAEEEPCTwH///SelSpWSo0ePmgnDkyZN6qczcxqfAAGkTyIG98uXLzcTjH/00UfSo0ePGJyJQxFAAAEEEEAgpgK9e/eW9957z0wYXrZs2ZiejuPvIkAAeReU6LzUuXNn+fzzz2XdunVSsGDB6JyCYxBAAAEEEEAghgJbtmyRYsWKyRtvvCGDBg2K4dk4/F4CBJD3koni61euXJHChQvLjRs3RD+8CRMmjOIZ2B0BBBBAAAEEYiJw6dIl04gTO3Zs2bRpk8SPHz8mp+PY+wgQQN4HJ6pv6fKGRYoUER1YM3LkyKgezv4IIIAAAgggEAOB1q1bmwEzGzduNOMTYnAqDn2AAAHkA4Ci+vaQIUPMQu0zZsyQ2rVrR/Vw9kcAAQQQQACBaAjMnDlT6tSpI4MHD5aOHTtG4wwcEhUBAsioaEViX520tFq1arJhwwbZunWrsEpNJNDYBQEEEEAAgRgI6GozTz31lDzzzDMyb948FveIgWVkDyWAjKxUFPY7ffq0mXsqa9assnLlStG+GGwIIIAAAggg4H8BHXtQunRpOXjwoJmTOVWqVP5PhDPeIUAAeQeJf15YsWKFmdqnS5cu0rdvX/+clLMggAACCCCAwC0C3bp1kwEDBpgpe8qUKXPLezwJnAABZOBs5cMPPzS3OXPmmMvaAUyKUyOAAAIIIOA6Ab1cXaNGDXn//ffNzXUAISwwAWQA8W/evCmVK1c20/r8/PPP8thjjwUwNU6NAAIIIICAewR+//13efrpp820PQsXLpRYsWK5p/AWKCkBZIArQftD6sTiadKkkTVr1ki8ePECnCKnRwABBBBAwNkCV69elRIlSsjJkydNIw39HoNf3wSQQTDX1Wm0g2/Tpk1l9OjRQUiRJBBAAAEEEHCuQMuWLeXrr782A1V11Rm24AsQQAbJfPjw4WZZJQ0gW7RoEaRUSQYBBBBAAAFnCYwZM0Y0gNTlg9u2beuswtmoNASQQawsXaFmypQp5hdT0aJFg5gySSGAAAIIIGB/gfXr15srei+99JJZccb+JbJvCQggg1h3ly9fllKlSsnx48fNGp3p0qULYuokhQACCCCAgH0F9G9n4cKFRf92rlq1ShIkSGDfwjgg5wSQQa7EP/74w/wHyJw5s2mJZKH3IFcAySGAAAII2E7gypUrpuXx8OHDpgEmY8aMtiuD0zJMABmCGl27dq2UK1dO6tWrJxMnTgxBDkgSAQQQQAAB+wg0btxYpk2bJsuWLZPixYvbJ+MOzikBZIgqd9y4cfLKK69Inz59RGfRZ0MAAQQQQACBOwV0Nbfu3bvL2LFjpXnz5nfuwCshESCADAn7/yaqyxwOHjzY/KqqU6dOCHNC0ggggAACCFhPYMaMGeZqXadOncxyhdbLoXtzRAAZwrrXlWpq164tS5culR9//FEKFSoUwtyQNAIIIIAAAtYR2Lx5szz33HNSvnx5mTlzJivNWKdqTE4IIENcIf/8848Zma2z6ev0BJkyZQpxjkgeAQQQQACB0AocOXJEdLo7XcVNR1wnTpw4tBki9TsECCDvIAn+C8eOHTP/UZIlS2aWO0yaNGnwM0GKCCCAAAIIWEDgwoULZpnC8+fPm4aV9OnTWyBXZOF2AQLI20VC9Hz79u2mJVIvYy9YsEDixo0bopyQLAIIIIAAAqERuHbtmlSpUkX08rW2PObPnz80GSHVBwoQQD6QKHg7LFmyRKpVqyb169c30/uEhYUFL3FSQgABBBBAIIQCHo9HdLqeqVOnyrx586RChQohzA1JP0iAAPJBQkF+XxeH12kKdIR2//79g5w6ySGAAAIIIBAaga5du5qR1jrNXdOmTUOTCVKNtAABZKSpgrejzg3Zo0cPM8VPx44dg5cwKSGAAAIIIBACgSFDhohO1dO7d28z52MIskCSURQggIwiWLB2b9++vQwfPlwmTJggjRo1ClaypIMAAggggEBQBSZNmiRNmjSRtm3byrBhw4KaNolFX4AAMvp2AT1S54jUwHH69Okya9YsqVq1akDT4+QIIIAAAggEW2D+/PlSq1YtqVu3rmggGStWrGBngfSiKUAAGU24YBymo9Gef/55Wb16tSxatMhMaxCMdEkDAQQQQACBQAusWbNGKlWqJCVLlpQffviB2UcCDe7n8xNA+hnU36f7999/pWLFirJ7925Zvny5PPXUU/5OgvMhgAACCCAQVIGtW7dK2bJlJXfu3LJ48WJJlChRUNMnsZgLEEDG3DDgZzh37pyUKVNGjh8/bpY8zJUrV8DTJAEEEEAAAQQCIbBnzx6zRGG6dOlkxYoVkjx58kAkwzkDLEAAGWBgf53+1KlT5j+cLn2ok6tmzZrVX6fmPAgggAACCARF4ODBg2bRDF2a8Mcff5TUqVMHJV0S8b8AAaT/TQN2xj/++MMEkTrZqgaRGTNmDFhanBgBBBBAAAF/CujfsFKlSokukqHBI3/D/Kkb/HMRQAbfPEYp6q+35557ThIkSCArV64UvQTAhgACCCCAgJUFtAtW6dKl5fLlyyZ45CqalWsrcnkjgIyck6X2+vXXX81/xKRJk5r+I2nSpLFU/sgMAggggAACPoGTJ0+afvwXLlwwDR9PPPGE7y3ubSxAAGnTytNR2TqwJkWKFGZ0Nv1IbFqRZBsBBBBwsID239fR1mfOnDENHjrqms0ZAgSQNq7HnTt3mv+YqVKlMkGk3rMhgAACCCBgBYHTp0+bv1F6r9PQ5c2b1wrZIg9+EiCA9BNkqE6zY8cOKVeunGjwuGzZMka0haoiSBcBBBBAIFxAWx71b5MGj/q3KV++fOHv8cAZAgSQDqhHbYnU/6iPPvqo+Y+aNm1aB5SKIiCAAAII2FHgxIkT5m/S2bNnzd8kWh7tWIsPzjMB5IONbLHHrl27zH9YHVijlwrSp09vi3yTSQQQQAAB5wgcO3bMXLbWATPa8pgnTx7nFI6S3CJAAHkLh72f7N271wSROsWP/sd97LHH7F0gco8AAgggYBuB33//3fwN0ql69G9Qzpw5bZN3Mhp1AQLIqJtZ+ogDBw6Y/8CayaVLl0r27NktnV8yhwACCCBgf4GIf3s0eMyWLZv9C0UJ7itAAHlfHnu+efjwYSlfvrxcunRJlixZwiUEe1YjuUYAAQRsIaBdqCpUqCAJEyY0DReZM2e2Rb7JZMwECCBj5mfZo3XWfw0i//zzT1m4cKEULFjQsnklYwgggAAC9hTYsmWLVK5cWVKmTGmCR1ZHs2c9RifXBJDRUbPJMRo8VqpUSXT5wzlz5kjJkiVtknOyiQACCCBgdYHVq1dLjRo1RJclXLRokQkirZ5n8uc/AQJI/1la8kznz5+XatWqybZt2+T777+XKlWqWDKfZAoBBBBAwD4CCxYskBdeeEEKFCgg8+bNk2TJktkn8+TULwIEkH5htPZJ/v33X6lbt66Z3mfcuHHSqFEja2eY3CGAAAIIWFZg0qRJ0rx5czNdz/Tp0yVRokSWzSsZC5wAAWTgbC115mvXrkmTJk1k2rRpMmDAAOnUqZOl8kdmEEAAAQSsLzB48GDp0qWL1KtXTyZMmCBx48a1fqbJYUAECCADwmrNk968eVM6duwon332mfkC6N+/v4SFhVkzs+QKAQQQQMAyAh6PR7p27WoaINq1aydDhgyRWLFiWSZ/ZCT4AgSQwTcPeYp9+/aVHj16yIsvvijjx4+XePHihTxPZAABBBBAwJoCV69elWbNmsl3330nvXv3lm7dulkzo+QqqAIEkEHltk5i2ofllVdekWeeeUZmzpxp1tG2Tu7ICQIIIICAFQR0PevatWvLhg0bZOzYsfSht0KlWCQPBJAWqYhQZGPlypVSp04dM/XC3LlzWbUmFJVAmggggIBFBfbv3y/Vq1c38wnPmDFDSpcubdGckq1QCBBAhkLdQmnq+tk6zY8ufK/T/PAFYaHKISsIIIBAiAS0gUGn6UmaNKmZpod1rUNUERZOlgDSwpUTrKzphOPaErlx40YZPny4vPbaa8FKmnQQQAABBCwm8OWXX0rbtm2lSJEioi2PusoMGwK3CxBA3i7i0ufaSbp169ZmUE379u1l4MCBEjt2bJdqUGwEEEDAfQI3btyQN998U4YNG2YGzYwcOZJBlu77GES6xASQkaZyx44aOL799tvmUraOuHv00UfdUXBKiQACCLhYQAfL6Mwceum6X79+JpB0MQdFj4QAAWQkkNy2y8KFC6Vhw4ZmaSodoZ0/f363EVBeBBBAwDUC27dvNyOtdenbb7/9VipXruyaslPQ6AsQQEbfztFH6ug7nbrh0KFDMmbMGBNQOrrAFA4BBBBwoYAGjC1atJAsWbKYKd2yZ8/uQgWKHB0BAsjoqLnkmH/++cesd6qjszt06CCffvqpxIkTxyWlp5gIIICAcwWuX78ub731lgwdOtSMth43bpwkTpzYuQWmZH4XIID0O6mzTqjLV+na2bpyjU46rv0i06dP76xCUhoEEEDARQLHjh0z/R11cnBdWUbXtmZZWxd9APxUVAJIP0E6/TTasbpBgwai62nrKjbly5d3epEpHwIIIOA4gaVLl5rVZHQd68mTJzP3r+NqOHgFIoAMnrXtUzpx4oS89NJLsnbtWnn33Xflvffek4ceesj25aIACCCAgNMF/vvvP/noo4/k448/luLFi8uUKVMkbdq0Ti825QugAAFkAHGdeGqdJ6xnz55mmgddteabb77hS8iJFU2ZEEDAMQL64//ll182U/ToNG29evVinl/H1G7oCkIAGTp7W6esU/00adLE9JuZMGGCVKpUydblIfMIIICAEwUWLVpkvqu1P7t+VzNFjxNrOTRlIoAMjbsjUj1+/LjpS7Nq1Soz6axeGokbN64jykYhEEAAATsLXLt2zXQ10sUhSpUqZfqup0uXzs5FIu8WEyCAtFiF2C072q9GR/HpJZECBQqYSWiZR8xutUh+EUDASQI6j68uBrFt2zbT5Uhn0aC/upNq2BplIYC0Rj3YPhc//fSTaY08c+aMDBkyRF599VXbl4kCIIAAAnYT+Oqrr6Rjx46SIkUK0+r47LPP2q0I5NcmAgSQNqkoO2TzwoUL8vrrr5tWSF3FZvTo0eZLzA55J48IIICAnQX0x3vLli3NajLa+vjFF19I0qRJ7Vwk8m5xAQJIi1eQHbOnS2O1bdtWEiRIIPpruEqVKnYsBnlGAAEEbCGwYMECc9Xn8uXLMnz4cJaetUWt2T+TBJD2r0NLluDIkSPSrFkzM21Eq1atzDKILJNlyaoiUwggYFMBXW5WlyMcNWqUmRB8/PjxkilTJpuWhmzbTYAA0m41ZqP86qo1us6qduDW5Q/1y61EiRI2KgFZRQABBKwpsGbNGvMjXZcl1IGMHTp0EF1dhg2BYAkQQAZL2sXp7N69W5o2bSo///yz6dyt0/3o5W02BBBAAIGoCehlal0JTAcrPv300/L1119L7ty5o3YS9kbADwIEkH5A5BQPFtAVbPr06WOW0cqSJYuMHTtWGB34YDf2QAABBHwC69atk+bNm8uhQ4dMENm9e3dWlPHhcB90AQLIoJO7O8Ht27ebL8BffvnFXHLRtVkTJkzobhRKjwACCNxH4NKlS/Lee++ZLkFPPvmkjBs3TvLnz3+fI3gLgcALEEAG3pgUbhO4fv269O3b17RGaofvMWPGmA7gt+3GUwQQQMD1AitXrpQWLVqIDkzUS9fdunWTOHHiuN4FgNALEECGvg5cm4OdO3eaqSc2bdpk5i/r168f85a59tNAwRFAIKKAzqv79ttvm/l0CxcubKZEy5s3b8RdeIxASAUIIEPKT+K6FKJ2Bu/Zs6ckT55cPv/8c6lVqxYwCCCAgGsFZs2aJW+88YacO3fOLBOrK8uwFKFrPw6WLTgBpGWrxl0Z++2336R169aydOlSqVu3rgwbNkzSpUvnLgRKiwACrhY4fvy4tG/fXqZPny7lypUz8zs+/vjjrjah8NYVIIC0bt24Lmcej8dMSdGlSxfRUdt6SVv7/jC3mes+ChQYAVcJ6Jy52hdcL1nHjh1bBgwYYKY+CwsLc5UDhbWXAAGkverLFbn9888/zXyRuiRi8eLFZcSIEZIvXz5XlJ1CIoCAuwR27Nghbdq0kbVr15olCLVLT8qUKd2FQGltKUAAactqc0emFy1aZNbU1tGHelnn/ffflyRJkrij8JQSAQQcLXDx4kX58MMPTXcdnY1C17CuVKmSo8tM4ZwlQADprPp0XGl01QWdgLx///7y6KOPmvuGDRsKl3YcV9UUCAFXCGhXHb260rVrVzl79qy51wnBWZ3LFdXvqEISQDqqOp1bmAMHDpjL2vPmzTOXtfUyT6FChZxbYEqGAAKOE9i8ebP5HtPL1dWqVTMzUGTLls1x5aRA7hAggHRHPTumlBpAdu7cWTSgbNy4sXzyySeSPn16x5SPgiCAgPMEjh07Ju+8845MnDhRNGAcNGiQCSCdV1JK5CYBAkg31bZDynrt2jXTX0iXQdTHGlC+9dZb9I90SP1SDAScIqD9HD/99FMTMMaNG9csR9i2bVvRx2wI2F2AANLuNeji/Gv/IQ0idZS2TkKua8W2bNmSZb5c/Jmg6AhYQUCXax09erT5ftLJwHWUtX4/aT9uNgScIkAA6ZSadHE5dBJyvTw0depUyZo1qxnZ2KBBA+aPdPFngqIjEAoBnc9x8uTJZsaIgwcPSv369U03GyYDD0VtkGagBQggAy3M+YMmsGXLFunRo4csXrzYzBvZq1cvqVmzJiO2g1YDJISAOwV0ZPXs2bPNkqw6r2PFihWld+/eUrBgQXeCUGpXCBBAuqKa3VXIlStXyrvvvmsm5tUvcJ1rTUc8siGAAAL+FtCBfTpHrf6A1YUPPv74YyldurS/k+F8CFhOgADSclVChvwlsGDBAvPFvmnTJilcuLBpHdBAkjkk/SXMeRBwp4C2OGrgqFc5fN8v+kO1SpUq7gSh1K4UIIB0ZbW7p9C+L3r9ctc52LRFUvtL1qpVi0DSPR8DSoqAXwT0+2TWrFmmX6O2OOpctNr6yA9Tv/ByEpsJEEDarMLIbvQE9ItfWyR11Pb69eslb9680q1bN3nxxRclduzY0TspRyGAgCsEbty4Id9995307dtXdu7cKUWLFjWjqrXFkSsarvgIUMi7CBBA3gWFl5wtsGzZMtOCsGLFCjNqu0uXLtKsWTOWEnN2tVM6BKIsoEupjh8/XgYMGCA6qrpMmTLmCka5cuWifC4OQMBpAgSQTqtRyhNpAW2J1BaFH374QVKlSiXt2rUz87U98sgjkT4HOyKAgPME/vrrLzO/7GeffSanT5+W559/3lyx0JZHNgQQ+F8BAkg+Ca4X2L17t1kt4ttvvzUrRDRv3tysV6tzSrIhgIB7BLSVcciQITJu3DizylXDhg3NKle5c+d2DwIlRSCSAgSQkYRiN+cL6Hq1w4YNMytI6BJkOtCmU6dOZmoO55eeEiLgXoG1a9fK4MGDzQCZJEmSmBWt2rdvL+nTp3cvCiVH4AECBJAPAOJt9wlo8PjVV1+ZYPLQoUNSpEgR6dChg9SrV49lEt33caDEDhXQ5QanTZsmQ4cOlY0bN0qWLFlEg8ZXX31VNIhkQwCB+wsQQN7fh3ddLPDff/+ZFgn9A7N69WpJly6dtG7d2rROpE6d2sUyFB0B+wqcOnXKXGUYOXKkHD9+XEqWLGl+IOoVh4ceesi+BSPnCARZgAAyyOAkZ0+Bn3/+2bRITpkyxRRAWyPbtm1rpvOwZ4nINQLuEtBBc8OHDzetjlryl156ybQ4Pv300+6CoLQI+EmAANJPkJzGHQI6InPMmDGirRdHjx41E5O//vrr5o9RwoQJ3YFAKRGwicClS5dEf/R98cUXZqnBDBkymKsILVq0MDMv2KQYZBMBSwoQQFqyWsiU1QV0YuHZs2ebP0w6n2SyZMmkSZMm0qpVK8mVK5fVs0/+EHC0wJ49e2TUqFEyYcIEOX/+vJm/UX/o1axZk4UDHF3zFC6YAgSQwdQmLUcK7N2717RI+v5YlSpVyvSTrFu3rsSLF8+RZaZQCFhN4OrVqzJ9+nTTv3HVqlXhP+q033LOnDmtll3yg4DtBQggbV+FFMAqAnq5bOrUqablQ/tbpUiRQho3biyvvPKKWTrRKvkkHwg4SUCXFhw7dqxMnDhRzpw5Y/ol65WA+vXrC91KnFTTlMVqAgSQVqsR8uMIgV9++cW0hEyaNMlcQitUqJA0bdrU9JXUwJINAQSiL6CBovZt/Prrr2Xz5s2mtbFRo0am5f/JJ5+M/ok5EgEEIi1AABlpKnZEIOoCupburFmzzB+6pUuXmmlCKlWqJPrHrkaNGrSQRJ2UI1wqoC38c+bMEf1RtmjRItFptsqXL29+mOkUPAkSJHCpDMVGIDQCBJChcSdVFwroSjeTJ0+Wb775RrZv324mK9Y1dl988UXRoDJu3LguVKHICNxb4Nq1ayZY/O6778ya9TrJf/78+eXll1+WBg0asFLMvel4B4GACxBABpyYBBC4U2DXrl0mmNQ/jAcOHDCX4DSYfOGFF6RixYoMvrmTjFdcIqCDYRYvXizff/+9CRp1FHW2bNlM9w+duzFPnjwukaCYCFhbgADS2vVD7lwgsGXLFjO5sS6rdvDgQXn44YelatWqUrt2balSpQrLqrngM+D2ImrL4oIFC2TmzJkyf/58+fvvvyVr1qxm+VCdtL9gwYJuJ6L8CFhOgADSclVChtwsoCvezJgxw9x0LjudBqhs2bKirZPaZzJ9+vRu5qHsDhLQLh3ap/GHH36Q5cuXi7Y86hyqderUMTdWiHFQZVMURwoQQDqyWimUEwR0fkmdrFxvGzZsEI/HI/pHtXr16uamrTJhYWFOKCplcIGAfn61tX3u3Lnmpj+W9PP7zDPPmAm+dZJv5mt0wQeBIjpGgADSMVVJQZwscOrUKZk3b55psdHR3P/884+kSZNGKleubC5zV6hQQZInT+5kAspmQ4Fz587JkiVLzOXphQsXysmTJyVx4sRm9LS2qFerVk1Sp05tw5KRZQQQIIDkM4CAzQSuXLkiP/74o+krpv3FdBBO7NixTUuOjubWQTg67+RDDz1ks5KRXbsL6NQ6Oi+jDoLRqXa05VyX/dRBMNqvV2/PPfecxI8f3+5FJf8IuF6AANL1HwEA7C6wf/9+0dYdva1cuVJ0vjxtjSxdurRZA1j7UObOnZvL3XavaAvmXy9L79692/Rh1DXh9fOnrY66Aox+/rSFXG/Zs2e3YO7JEgIIxESAADImehyLgMUEtHXyp59+kmXLlole6tY+Z9oqlCpVKilRooSULFnS3BcoUMC0Wlos+2TH4gLamqhzmK5evdrc1qxZI6dPnzat3donVyf2LleunDz77LO0Mlq8LskeAjEVIICMqSDHI2BhgQsXLoj+kddL3nrTgQsaBGg/tCJFikixYsXM2sFFixY1a3dbuChkLQQCumSgruuut3Xr1snGjRtN/1vtMqEBY6lSpcwlaf1xkjRp0hDkkCQRQCBUAgSQoZInXQRCIKCDbzQI0FbKtWvXmsBAJ2rW0bCPP/64FC5c2Nw0uHzqqadYajEEdRSqJLXrw9atW83nY9OmTaK33377zYz+T5YsmfmhUbx4cdO6qJ8P/RHChgAC7hUggHRv3VNyBOTmzZui0wVpUKkDHvR+x44dcv36dXOJW6dV0ZYmnT5Ib3rpm8DB/h8c/SGxbds20+s3VHgAAAUSSURBVCKtrdLa1UE/B9o6HSdOHMmXL59podYpdjRY1M9BrFix7F9wSoAAAn4TIID0GyUnQsAZApcvXzb93HQ0rQYWetNJzTW40CBCB0RoIKlrEutNH6dLl84ZhXdgKY4fP26CRe27qDcNHHXglf540EvROnm3/kjQkft6r3WaIEECB0pQJAQQ8KcAAaQ/NTkXAg4V0Mub2jKplzh9N32ug3Z001HfOXLkCL898cQT5rFO38KULYH/UGg96HRO+/btk19//dXc62O96aho3bQetGVRuyb4bvpcR0yzIYAAAlEVIICMqhj7I4CAEdAWSQ1adBqXXbt2mXt9rEGLLkunm7ZYautk5syZzS1Llizhj/W1jBkzmkumZmf+uaeAdin4448/5PDhw+G3Q4cOhT/WVkZtUdRNl7/UYF6nbtJbnjx5zL0G89riyIYAAgj4Q4AA0h+KnAMBBMIFdNogDXZ0AMbBgwfvuNdBO75NJzvXlUh0je8MGTLc9V7fc3Irmbbu6rrQejt69Ohd73UlInX1bTqoJWvWrGbg0+33GpQzibxPinsEEAiUAAFkoGQ5LwII3FVAA0gNMI8cOWLu9bHvpq9pIOVrwfSdQAPIhx9+2NySJEkS/lhfe9DziPvoefyxfrhOoK2B399//y0XL1409/rYd7v9tfs91/NE3LQFUYPmTJkymRZaDQh9N99rGkCyIYAAAqEUIIAMpT5pI4DAHQIanP3555+il2X1pgGlrqHsu2lrnO/xv//+e8fx93tBL6nHjRv3jpsGbb7XdRSyXjK+du2auWkw63sc8d53yfh+6UV8L1GiRGb9cl3DXFtd9d5304BRL/XrLWXKlH4JciOmzWMEEEDA3wIEkP4W5XwIIBA0Ae2HqQNINMjT+9sf3/78XvtFfF2DRw0iddCJ3jS4fNDjyOxH/8OgfSxICAEEgiBAABkEZJJAAAEEEEAAAQScJEAA6aTapCwIIIAAAggggEAQBAggg4BMEggggAACCCCAgJMECCCdVJuUBQEEEEAAAQQQCIIAAWQQkEkCAQQQQAABBBBwkgABpJNqk7IggAACCCCAAAJBECCADAIySSCAAAIIIIAAAk4SIIB0Um1SFgQQQAABBBBAIAgCBJBBQCYJBBBAAAEEEEDASQIEkE6qTcqCAAIIIIAAAggEQYAAMgjIJIEAAggggAACCDhJgADSSbVJWRBAAAEEEEAAgSAIEEAGAZkkEEAAAQQQQAABJwkQQDqpNikLAggggAACCCAQBAECyCAgkwQCCCCAAAIIIOAkAQJIJ9UmZUEAAQQQQAABBIIgQAAZBGSSQAABBBBAAAEEnCRAAOmk2qQsCCCAAAIIIIBAEAQIIIOATBIIIIAAAggggICTBAggnVSblAUBBBBAAAEEEAiCAAFkEJBJAgEEEEAAAQQQcJIAAaSTapOyIIAAAggggAACQRAggAwCMkkggAACCCCAAAJOEiCAdFJtUhYEEEAAAQQQQCAIAgSQQUAmCQQQQAABBBBAwEkCBJBOqk3KggACCCCAAAIIBEGAADIIyCSBAAIIIIAAAgg4SYAA0km1SVkQQAABBBBAAIEgCBBABgGZJBBAAAEEEEAAAScJEEA6qTYpCwIIIIAAAgggEAQBAsggIJMEAggggAACCCDgJAECSCfVJmVBAAEEEEAAAQSCIEAAGQRkkkAAAQQQQAABBJwkQADppNqkLAgggAACCCCAQBAE/gfIW6TpzAo/EwAAAABJRU5ErkJggg==</file>

    <drag>
      <no>1</no>
      <text>Cat</text>
      <noofdrags>1</noofdrags>
    </drag>
    <drop>
      <no>1</no>
      <shape>polygon</shape>
      <coords>149,105;65,200;250,363;329,280</coords>
      <choice>1</choice>
    </drop>
  </question>

<!-- question: 130284  -->
  <question type="ddmarker">
    <name>
      <text>Question 33</text>
    </name>
    <questiontext format="html">
      <text><![CDATA[<p dir="ltr" style="text-align: left;">There is an array of different objects scattered below. Imagine you are standing at the <strong>bell</strong>&nbsp;and facing the <strong>tree</strong>. Indicate where the <strong>drum</strong><strong>&nbsp;</strong>is from this position. <strong>Drag and drop </strong>the <strong>drum marker</strong>&nbsp;along the imaginary line pointing in the direction of the drum.</p><p dir="ltr" style="text-align: left;"><strong><strong><strong><img src="@@PLUGINFILE@@/33.png" alt="" role="presentation" class="img-fluid"><br></strong></strong></strong></p>]]></text>
<file name="33 (1).png" path="/" encoding="base64">iVBORw0KGgoAAAANSUhEUgAAAqsAAAG4CAAAAABH2vGFAAANBGlDQ1BrQ0dDb2xvclNwYWNlR2VuZXJpY0dyYXlHYW1tYTJfMgAAWIWlVwdck9cWv9/IAJKwp4ywkWVAgQAyIjOA7CG4iEkggRBiBgLiQooVrFscOCoqilpcFYE6UYtW6satD2qpoNRiLS6svpsEEKvte+/3vvzud//fPefcc8495557A4DuRo5EIkIBAHliuTQikZU+KT2DTroHyMAYaAN3oM3hyiSs+PgYyALE+WI++OR5cQMgyv6am3KuT+n/+BB4fBkX9idhK+LJuHkAIOMBIJtxJVI5ABqT4LjtLLlEiUsgNshNTgyBeDnkoQzKKh+rCL6YLxVy6RFSThE9gpOXx6F7unvS46X5WULRZ6z+f588kWJYN2wUWW5SNOzdof1lPE6oEvtBfJDLCUuCmAlxb4EwNRbiYABQO4l8QiLEURDzFLkpLIhdIa7PkoanQBwI8R2BIlKJxwGAmRQLktMgNoM4Jjc/WilrA3GWeEZsnFoX9iVXFpIBsRPELQI+WxkzO4gfS/MTlTzOAOA0Hj80DGJoB84UytnJg7hcVpAUprYTv14sCIlV6yJQcjhR8RA7QOzAF0UkquchxEjk8co54TehQCyKjVH7RTjHl6n8hd9EslyQHAmxJ8TJcmlyotoeYnmWMJwNcTjEuwXSyES1v8Q+iUiVZ3BNSO4caViEek1IhVJFYoraR9J2vjhFOT/MEdIDkIpwAB/kgxnwzQVi0AnoQAaEoECFsgEH5MFGhxa4whYBucSwSSGHDOSqOKSga5g+JKGUcQMSSMsHWZBXBCWHxumAB2dQSypnyYdN+aWcuVs1xh3U6A5biOUOoIBfAtAL6QKIJoIO1UghtDAP9iFwVAFp2RCP1KKWj1dZq7aBPmh/z6CWfJUtnGG5D7aFQLoYFMMR2ZBvuDHOwMfC5o/H4AE4QyUlhRxFwE01Pl41NqT1g+dK33qGtc6Eto70fuSKDa3iKSglh98i6KF4cH1k0Jq3UCZ3UPovfi43UzhJJFVLE9jTatUjpdLpQu6lZX2tJUdNAP3GkpPnAX2vTtO5YRvp7XjjlGuU1pJ/iOqntn0c1biReaPKJN4neQN1Ea4SLhMeEK4DOux/JrQTuiG6S7gHf7eH7fkQA/XaDOWE2i4ugg3bwIKaRSpqHmxCFY9sOB4KiOXwnaWSdvtLLCI+8WgkPX9YezZs+X+1YTBj+Cr9nM+uz/+yQ0asZJZ4uZlEMq22ZIAvUa+HMnb8RbEvYkGpK2M/o5exnbGX8Zzx4EP8GDcZvzLaGVsh5Qm2CjuMHcOasGasDdDhVzN2CmtSob3YUfg78Dc7IvszO0KZYdzBHaCkygdzcOReGekza0Q0lPxDa5jzN/k9MoeUa/nfWTRyno8rCP/DLqXZ0jxoJJozzYvGoiE0a/jzpAVDZEuzocXQjCE1kuZIC6WNGpF36oiJBjNI+FE9UFucDqlDmSZWVSMO5FRycAb9/auP9I+8VHomHJkbCBXmhnBEDflc7aJ/tNdSoKwQzFLJy1TVQaySk3yU3zJV1YIjyGRVDD9jG9GP6EgMIzp+0EMMJUYSw2HvoRwnjiFGQeyr5MItcQ+cDatbHKDjLNwLDx7E6oo3VPNUUcWDIDUQD8WZyhr50U7g/kdPR+5CeNeQ8wvlyotBSL6kSCrMFsjpLHgz4tPZYq67K92T4QFPROU9S319eJ6guj8hRm1chbRAPYYrXwSgCe9gBsAUWAJbeKq7QV0+wB+es2HwjIwDyTCy06B1AmiNFK5tCVgAykElWA7WgA1gC9gO6kA9OAiOgKOwKn8PLoDLoB3chSdQF3gC+sALMIAgCAmhIvqIKWKF2CMuiCfCRAKRMCQGSUTSkUwkGxEjCqQEWYhUIiuRDchWpA45gDQhp5DzyBXkNtKJ9CC/I29QDKWgBqgF6oCOQZkoC41Gk9GpaDY6Ey1Gy9Cl6Dq0Bt2LNqCn0AtoO9qBPkH7MYBpYUaYNeaGMbEQLA7LwLIwKTYXq8CqsBqsHlaBVuwa1oH1Yq9xIq6P03E3GJtIPAXn4jPxufgSfAO+C2/Az+DX8E68D39HoBLMCS4EPwKbMImQTZhFKCdUEWoJhwlnYdXuIrwgEolGMC98YL6kE3OIs4lLiJuI+4gniVeID4n9JBLJlORCCiDFkTgkOamctJ60l3SCdJXURXpF1iJbkT3J4eQMsphcSq4i7yYfJ18lPyIPaOho2Gv4acRp8DSKNJZpbNdo1rik0aUxoKmr6agZoJmsmaO5QHOdZr3mWc17ms+1tLRstHy1ErSEWvO11mnt1zqn1an1mqJHcaaEUKZQFJSllJ2Uk5TblOdUKtWBGkzNoMqpS6l11NPUB9RXNH2aO41N49Hm0appDbSrtKfaGtr22iztadrF2lXah7QvaffqaOg46ITocHTm6lTrNOnc1OnX1df10I3TzdNdortb97xutx5Jz0EvTI+nV6a3Te+03kN9TN9WP0Sfq79Qf7v+Wf0uA6KBowHbIMeg0uAbg4sGfYZ6huMMUw0LDasNjxl2GGFGDkZsI5HRMqODRjeM3hhbGLOM+caLjeuNrxq/NBllEmzCN6kw2WfSbvLGlG4aZpprusL0iOl9M9zM2SzBbJbZZrOzZr2jDEb5j+KOqhh1cNQdc9Tc2TzRfLb5NvM2834LS4sIC4nFeovTFr2WRpbBljmWqy2PW/ZY6VsFWgmtVludsHpMN6Sz6CL6OvoZep+1uXWktcJ6q/VF6wEbR5sUm1KbfTb3bTVtmbZZtqttW2z77KzsJtqV2O2xu2OvYc+0F9ivtW+1f+ng6JDmsMjhiEO3o4kj27HYcY/jPSeqU5DTTKcap+ujiaOZo3NHbxp92Rl19nIWOFc7X3JBXbxdhC6bXK64Elx9XcWuNa433ShuLLcCtz1une5G7jHupe5H3J+OsRuTMWbFmNYx7xheDBE83+566HlEeZR6NHv87unsyfWs9rw+ljo2fOy8sY1jn41zGccft3ncLS99r4lei7xavP709vGWetd79/jY+WT6bPS5yTRgxjOXMM/5Enwn+M7zPer72s/bT+530O83fzf/XP/d/t3jHcfzx28f/zDAJoATsDWgI5AemBn4dWBHkHUQJ6gm6Kdg22BecG3wI9ZoVg5rL+vpBMYE6YTDE16G+IXMCTkZioVGhFaEXgzTC0sJ2xD2INwmPDt8T3hfhFfE7IiTkYTI6MgVkTfZFmwuu47dF+UTNSfqTDQlOil6Q/RPMc4x0pjmiejEqImrJt6LtY8Vxx6JA3HsuFVx9+Md42fGf5dATIhPqE74JdEjsSSxNUk/aXrS7qQXyROSlyXfTXFKUaS0pGqnTkmtS32ZFpq2Mq1j0phJcyZdSDdLF6Y3ZpAyUjNqM/onh01eM7lriteU8ik3pjpOLZx6fprZNNG0Y9O1p3OmH8okZKZl7s58y4nj1HD6Z7BnbJzRxw3hruU+4QXzVvN6+AH8lfxHWQFZK7O6swOyV2X3CIIEVYJeYYhwg/BZTmTOlpyXuXG5O3Pfi9JE+/LIeZl5TWI9ca74TL5lfmH+FYmLpFzSMdNv5pqZfdJoaa0MkU2VNcoN4J/SNoWT4gtFZ0FgQXXBq1mpsw4V6haKC9uKnIsWFz0qDi/eMRufzZ3dUmJdsqCkcw5rzta5yNwZc1vm2c4rm9c1P2L+rgWaC3IX/FjKKF1Z+sfCtIXNZRZl88sefhHxxZ5yWrm0/OYi/0VbvsS/FH55cfHYxesXv6vgVfxQyaisqny7hLvkh688vlr31fulWUsvLvNetnk5cbl4+Y0VQSt2rdRdWbzy4aqJqxpW01dXrP5jzfQ156vGVW1Zq7lWsbZjXcy6xvV265evf7tBsKG9ekL1vo3mGxdvfLmJt+nq5uDN9VsstlRuefO18OtbWyO2NtQ41FRtI24r2PbL9tTtrTuYO+pqzWora//cKd7ZsStx15k6n7q63ea7l+1B9yj29OydsvfyN6HfNNa71W/dZ7Svcj/Yr9j/+EDmgRsHow+2HGIeqv/W/tuNh/UPVzQgDUUNfUcERzoa0xuvNEU1tTT7Nx/+zv27nUetj1YfMzy27Ljm8bLj708Un+g/KTnZeyr71MOW6S13T086ff1MwpmLZ6PPnvs+/PvTrazWE+cCzh0973e+6QfmD0cueF9oaPNqO/yj14+HL3pfbLjkc6nxsu/l5ivjrxy/GnT11LXQa99fZ1+/0B7bfuVGyo1bN6fc7LjFu9V9W3T72Z2COwN358OLfcV9nftVD8wf1Pxr9L/2dXh3HOsM7Wz7Kemnuw+5D5/8LPv5bVfZL9Rfqh5ZParr9uw+2hPec/nx5MddTyRPBnrLf9X9deNTp6ff/hb8W1vfpL6uZ9Jn739f8tz0+c4/xv3R0h/f/+BF3ouBlxWvTF/tes183fom7c2jgVlvSW/X/Tn6z+Z30e/uvc97//7fCQ/4Yk7kYoUAAABEZVhJZk1NACoAAAAIAAIBEgADAAAAAQABAACHaQAEAAAAAQAAACYAAAAAAAKgAgAEAAAAAQAAAqugAwAEAAAAAQAAAbgAAAAARg78WAAAAVlpVFh0WE1MOmNvbS5hZG9iZS54bXAAAAAAADx4OnhtcG1ldGEgeG1sbnM6eD0iYWRvYmU6bnM6bWV0YS8iIHg6eG1wdGs9IlhNUCBDb3JlIDYuMC4wIj4KICAgPHJkZjpSREYgeG1sbnM6cmRmPSJodHRwOi8vd3d3LnczLm9yZy8xOTk5LzAyLzIyLXJkZi1zeW50YXgtbnMjIj4KICAgICAgPHJkZjpEZXNjcmlwdGlvbiByZGY6YWJvdXQ9IiIKICAgICAgICAgICAgeG1sbnM6dGlmZj0iaHR0cDovL25zLmFkb2JlLmNvbS90aWZmLzEuMC8iPgogICAgICAgICA8dGlmZjpPcmllbnRhdGlvbj4xPC90aWZmOk9yaWVudGF0aW9uPgogICAgICA8L3JkZjpEZXNjcmlwdGlvbj4KICAgPC9yZGY6UkRGPgo8L3g6eG1wbWV0YT4KGV7hBwAAQABJREFUeAHsfQmcHEW9f1Wfc9+z972bZHNf5OAOhEsOQcAL8IF4ACIKIor6RPTve/p8+vSJiiiioBwKPO5Dua+EJCTkvjbZ7G72vuee6e6q+v96djdsIBuyy8xkslv12Z3pqe76VfW3vl39q1/9qgozxEM+I0ARJkjAFDGUTDRubxhMuv1aiKYcNTNr3A5ZJwrFko7kfL6HDJUNc65mCMlsiaEMCzqRcbhhfciiJAqCQQnRaEunHokF5i/2CVhkCFMsZCv//JHLuZo/dXHokjBGkUBTTW9s8R1f7ZBURA2ZYKxp/ds3d9UsW+KUEDPpeujUkyn2fVyND4oFE73r2FtN3otG3kW0951W4YwCm4lVst9nGcKM9dPAGOIZFScTrhm7F8qEFJZ71qy1zp9VhDp3NCbjs4sGmBN57Qg1v7L75AtLBSpQJGUsx7wVdDBX2c2/9jW4J1bY1AWvSFWvFQwlbv/xQxGF6su/dR4w8OlPPXjhULR+Sdsbafp+IIvoXact+kAkj0CIEXjD71m9a8bpxeG2ZF9jc0H/KbOpTmJbO2vmBsJrNhUvXygwUUg3AWyMhmByAHnw49j/+PSGP31jYne24Y1TvhsIDqVtvGTrSVdOj7z4h8/+13UiYvSAUqyqYwi/5b5nxjgzRaMZg8ZSQIzBC37HX60X14tNu7XpFXWveSr8ARuh0f6+zf01lWcuevHhxBJ1qMlhRJjML6eDubqh9de/ePQ664TosVa7eOVwwujlO356g4LQmZdc/a1pZ4+SJt+PIPpQoY8eKnYqx2GzRYV2kqB9DwsXz4y/1nhildMSsewpCFFEJSOJhJO0VSULPvHUo9oKhEVqCKJEJnPLehBXjZ9ZV275w86FQJGepro399efup0G/5k6t4I1v5JA0ikzcHx7cSmcpRusM4c7nh2v96E5S6xsVxNqXjMHdCgIz284/+umYGH596/8xRnwqLMtb9HyM6yI7dNnQbrEU72odoXZxLJ9b0XQyXOMbf10R3AWHni9Dfk+NkElxMx58gSMqCBghg2h9zH1iqrWDbttPj80nL7+PmORQ0ru3qXNqkbC7tXHf5K9WjhHxIIIqu3k1vrhJXMg7HWvNF5VrjAg4j7vBSpeEl5WuUQUfk7vLXLOrRf9T9HmspNjcLbJf5meTkWfLpBnFFovaU+epyDVvi4dST6OVqcPGBus8+9kTypfLSitUU/tYNolyyH5K7PV2lrrBc2MGfdWKDN9zp+0zZKQ5fTU3hNs9fXKzFXDiaf2FzEoM3RCe395206j/fH/fOBfL7clSHTt03+9o53Sjrt+euc2jaZaXvpXR8tv/3M7MQjVdEroJAbtILPcQ7FrxaVzXmyF1skYfONbD33Fnmwx7v/Nil03+d58Y/Vf6U2JsmUbm+DsE+HLhhrktz8nPPf25pueup7cc6vw/e3z0u0a21BWmT5AyLW8H6437v3eu+tuXP11glJJhLqu7/m/tWu+/88faGjT9ZY3Vm258PYNL5yt3vuA+N8b/7h69b1t300Np57SX5RiYiBBf33rsuqOLf6zHanGPdByWqL1ZSIyWt9on16uUamkaMO/PKdG34yhtHY71MWapLiN5mr4H/5TkOUz3Y+m7/WTt3/qKgFZf/np6xbvqv/1PLfnwumthvD55MPwDn+44pT0NfRvkTtO9xTcft4/1xV4kLdiRBmVRlR8XA3WQVBcrwv6fnTOc5vSif7U8L8f8/lv/tyDDehn7M6lnpLvzXynyIYLCtE7riUezyX/+3GuuwJQQDuGRLrtpVnHJ98h8+d4B0vb9iRkZxzRBI5tMmwlFgXGBPbh7a+XndSxDQkEdFaSRniSfozm6sYdp6Ge3hOt9wzCzeK56VOOCji+8K2VA127HmyHw6XljwyiXWs/MaSYpjZVfAzUf/ni5LbD4SOZZlflrOhm8yL2nN21Y/v2PdP1lwe3OhZDTN2LP0jnJXyq+6Ifr+u/8qaJde4OV4Jj8BzYTgQZRV7WV6qb8HSLNLdWsG5pQTZnX8+A1jFQWxeUpPD6t+Uqunn/Yu+bPRiISiY1V0f3re7UXjsBKjXZsO5MhNT56fr1pN/m63+8K9FriQAtgxf/evPJDwiXDXE81TAzbfw/aaQdHeKEZIxgxvYJkAN2puOZnv5KhC9PfzvjRhKbySV/+jfCX2h49Ae3l538nVlDv6f2J2ieAjIaWpZO27t3QYWAXTXPqZaNPllKMH3wne59i2xocMP+cilyhrLfV/fCxpUCNMOTGrJRXG1/3XeGaUue9fwfTj/4plddQs9dUVLxb2a7eNmdT89/dsHsIVCkgJ42nWoHYYRP+evqi4diOl8N1h10zvxR9JA3HTc8bgA6hTpEfd9dN2986aUH1745bKb9QMopFAEj/FRAdJv1pPg63UdEjHxzN1R37aoXdCUabV1XtUBq3Tk4LdlaP1/f2DlnQ+NJDsIkAmkmbRjF1X+23/59k6s9C15rqh19w+SP3S+uwCiWViNn1/99WcNvhhVTMbA2AqYndr8xmtzCtY/+z8q04Yn+vetT0DCzHhDH2i2mPoFw8W7LHPjet1GpKN4xCMNY0c/N/YF5Jvya94QZn0r82xOvXWr+nNoBm94ouLdrZtHLG2d1dFs9fmW2vruoDStCar/baTvdvXOvWtybmF1l1+TW0qV7++xiun81eWF77zGkv3F/UsAQglf1PHnwDUdQBZj7Xthoxipf7PmF5fTh89ZPGb+CF3vHg97RFn+07DOrv9RGEEv99fbgbZCD8ecwQm1/r1mSTnZ54i5oh/s+d2Wv5bzQg3DZi//qhYtA17rhqjaElUrBMyx+an9h8Fpp6CoVunFQ7968fnunUF+Y8L7d4xT3r+89dfH2rV57h/vkuW4iFUTaaqxdDIHpYDJD9l67un53XXX6TvG5v7rr6tH3LJz4xJev9T39UGAg5ELoYz9cfWHVyOmr7v1ZywLt0ebb0mrtSKzwS+3BFy+aM/jMlsK/T4NIvPPC8/RHev/sSyusF37xTx0r0fNvX78YXfPabY110V8FvoVr9dtO+I+vfeeTn8Kd9y07fkTQVP6GYVNGG2OlKDAt1ez204Z9pUWztsr6S5+ae89q69LdrLqvc95MOzYMuaggUqX2gTZmjnNN3nCAq2xD3TXD/e/jz9y/xzfPYd70DNPUib/S/X+fK5p5d/+vt5YjVHHmQ1cceOPbX7z9nw9ZZj90PkbBBYEDMDnvvuiOJ+8VZn795kJAz7X4a0/eRuf99byh89af+5/6Npr5799Wkff+b79wl3flLZXoqg1bSfSG1D++q1d+8ltDRoYD0qbmAQO/1Xi7JdCGVpQ270x5C0Lbdk+Xd3pDL5+diFhTkj+UXF4rgQUrldQSYSKHdRHeTpM5vOdnldTVEfNojNpoymoSMs7SvKHhuOKwGEkZlFNy7s61he9BQmJR0WFepKUsaZvA8KlEVEdOR/o5N5IW1otccJF+cetboKDSWAQ57WlkjWhc9pjpklHVgWksyqyuA0/Ce7lMwSMKTpLNd3ive7H346U00dke0eLIQ9Z0S66ejh76xZO2KTNkMTogYpYw2uQz17deXDLJUTrQriLLsI8p3DCwShzi3bADn+AxVUgp3dS++c7lBzrwECm6QC8wgzLC9KGf1veMpGa64nQsA70VguAcMmLBoZSWDAfp7EedMK+b0sF8n/fGpusdKUxFW01lf1OT4NAWPE9j/+rBvg273Me19Yh2UcWSEm5x6WJ3dzFMD5jMSsB7XD0iYrCfPtJkv3mCgNBHX1193jgzPKJSTc6L4JWXDKXs1XGXAN5Tos9T2dS0Q8Nd67rA9/qxlQsNLalK2MJCJMIEncaT4EA4qacHjJc6zu7ynx/UjxoHT5L3v73oJwe3vuNIPdUuhQaBiXpS9AtxFg7FUjGNYabvbdgLnEwx7FcFVRbFKLb7XHPntWjg6QIaLpoyPoEfTgd8/WWOCbPN9khH6SRX/z8cwSO+wpxmJfgKhNg7HXIMOvupFuQQbP4dGsVMJMLg9kXlQasN/NgVkYn7DYHCjFdMJrPzynjbVew7YrA/eKEEZgQexoGAqEJb2Sf6mEcmOgnb3KHeGfZtSTCCe8+qjHUkfSVWcL1CBFtZyu0Fg+w4ZB97l46Xq8feHR6jJWamXd8phpG7uKI4qaIoKbUKiZ6a7mcry8X+pKNjlkEHQh22kgKYJIBj8VRpISZsMjerU2H64zFKVgGaVH8hJYrLVULtFlVStYYOForEDO+M7dX1LR2+HqEIt+wtrShE+/XiTr+DwAytyRx4u5qntWt2rZizsjMcqCyeJoA3K+ld3Uy7vdX1bzUvQeLMEq1IbG8PFg229vqd7cGA3SuZLq8TNNHkKQgHF4v3dQ7GI29+MfOFLhaG9gft4SQMtxqtT77U0+0/L9p18hlzZnu3+6X4wtMroj22Ckfkld3evjjYs/VJTVWY1ctDfiIAJigk1FkbGOqJiELsjSe2hKRln6ZvRObP9C1YVtDsatzjXrS8UjEiIvWX7egLQteKTGolgOsA+clUGNEziVdU3Bstb9vlj7/1VMpRuWIx+kdLxeyQFlSq3u61bS8s8HtSfZZ2yxylzeIzVxPI15vJSLl4u5oRGDMvBFRPUD/F8uiOsprOjW80CJHSi5c6QpuNupJUS6jXs7CzV93UT0VLyaKgbNuUmC6ZKSZ1dU7qm8s8g3IoEcZLgat1yfX6XMuft2oFn7hwlprcGPfOddl12SCVM/fFurekYEmbvv5iZY+lTsLv+SHlsJg5zIpzNYdgjyerNFUxLly6703bbHWP5ayLZwhE24krZ/uKUzQckRfN2VvU1UCE+OrGon3x42BaEEwleG81pvHkdYxcy7mapxUFY1MwxkqV0+pe21f16bLpS0Qq0hajfFFQtcWk/qghLZ+hO9b3JjfvVnetK5ghQlcMFl/hNqs8rc9JXiwYumLE/jHrk70LTo7uIzCW+i6pW+5Bqs1jB4tW0dKY3bXqjT1zxccDp9pMvxU0qZtVbrPKV76D6wq0lDB2VfPx9qe04/yvb0iy9q3RigqJWJWIqiOFFU1LuFY/UaM87T27yJzxwpAxqW1WXAfIV7Ka3Xokwmt93hm7ntAX1W9+rX3noFBmh+Yl2YuT4FVlLet/OHFaySr5c7WmOyAoDWALmMSB21fztHKBdeYfZgY7OfEqO/s4R+OzraLdIxBRcSruhKbj1Nadnk/4XpO+vkQy3Vbhb3K3PJyrecrVkWIxjOUVgX+1r5hVsZUKrE2Rrcgaph0OmurvPqE2/JztwmkyvP8nN03TaEx2m9xIlR+z3wxpFDysnttz3MqC1GBjFBOLuqPD2T+jwFGqdbT2FJ5RJMGUgMn99h+qPc7VfGcx7GAFC4l0vPy6+7w5FkOPDEZxJOWxuzxy7Pm3K06b54VVrgmzggYw2QPnap7XMBiuoI50Mbn73W6L3VMeVJEkkJQl2dTXs2/OqQFFJuCzQmAvoUkfOFfzvIpTTCUpQRIFFu3c39DYhe3BImu8RzBY1SKPxyrCFhgE68jC9dU8r8gMFS89Vdk0ppsv0vTHsGCYOQpHEHv0JjMDE0UwtZq7AyI9GunqbIraMPOUljgdLnCswgQUBETlrA9YDWGUdpA9Wh053q6a9ITONixzApueAi1hVUjwBDVfvLD2mcQMGY7NHVGH6ZvzrxGSDD1DzEjowFAVVgZIP0DDXoBZL505oRvDnjACGBxgHCLnKJgZcq4CCFDh0HTBajswpglD6sTc3hQbsPIugVUkMNTO0WtWjwopPphp+pGApwMsDhTnoBX/YAkghnMVQIDRSaBkWgcwV9mBijHbV7Mdgal5zFDSxsspzVdz3QF40YBuLFIqEXxUzPKcq8BVQmXKYMU3ICkjKfBnEpjGZJHIEixIywj0X6Ca4FzW37SHbE7yIdJ8kMHXANCAT4LAinYUwlF5QI7CfR42S2g0YPFyktTioWSiNyYKMglhD47ZXA63w2oXQRmAuU9pbfawcibvSfM9A/4J4B3TkqyQj9JCjpyraYJRQdTaOgc6QrChlCZYVSMsJCj8ECy2ympnUDLX7k/rbJOXjoe/MwqrwcIVuOehpstOweSo0OaoZHp4WHJ/FvbnRcbeNzWklxR6nBZBlqCPJeopI9TT3pbqlk4PiEBWaFWmcgCqknhk24ammsrge+uV5hIRzlVAG7oMwsC29oL+ZDCaHJBkK/R0kRajqb6wYYn2ibNdVngFHj2zVS4J8f68oFcFyir0/4mY6gp3xc7Rg3v7C4qUIasemPlyBwvvW0HlMBgY2rG7SludlHYTTyJlEa2wTURUFLutc+oHm60Vp3mo2bC+vx4n/W8wkGiy+T4xbcza9rXBYqckoP6meE0wGDB7m2DEktIbxuQCCt6uAspEkJPbYqXNNdN0t6sq/o5cHiMuG9I9A96qeKizNzrNCaYBmEQy5QJBMrScwFQa7Wnf2qMTC7UxYk017Shb4YL+piGKsNymaUPJQeDtKoAM60I2PMKqO71LkgP1RaF3iyt2ohn2WIMfdeFGvYc6C89wwFQmnJsqyUGtH3EWYB7R4i2KSrW9ux2l/ubaGYPdISpK/vCGypkaEa1BhznLKze7avB2FeqNMX0fnYZwbFs3Ir1duyjZzpitf5fdE04JzlrcOBBziuCgP+W4ygxJlHb9ecYiRcMVLouUlLTWyJ4X2hddKBk9dhlribIZVpYr7YhzFbgqsr4uEVvrGXaE++IDif09UbTbgn0WsVS0J3sbB4riKZkJU46qgAwoPrJbstU6RBTZsnZzQNtXbAlvTc6ysuPrEGvdnqSUwUBKTsYGxNuP+H0wmS9s3V1r3a74DdFb4vbWFjjLS21Wp9OCI0KoF3WyuK0MelbpodbJjMIH7g1jTZAdrnB7THapqGuHXiJJZH5103bsUmYH2L71jjlOWM4wR9u/8HYVKoixaKQv5fQ7hK3eqqjmhp4vi4uWrn1uWXF0q7Agf7cOi51PPR0AQdeKOuZYGne31E4POn2VjgFx2rTq/dt3z5otJfduDyxyg4MADER/gOXZiOBcNVFlobjo0lsGHShY1d3vtCPRsMtee1jW9zgGvLXefYmoE5xEs1EBeS5T1KnkrQ/s2f6k5TSkeOX2wjpRLLY4Kh3NjfHpNXZDEpJyjkiUo2zyvEZSuqrZPEmtn/TsGoyQqMiSLOzSbLocsFbaw51NheZEEfALmGoBI4XCdnvOooon3i6yO7C1CA8GutdYLjpuM6ueVwpbFZh+3kZuTM+cqyb9Bsjxkd11BToJSswi6zFzEQnE1HKqwhZn0Y6Yyx6HnRVg08mpFkAThX0LGJOrZydrZWfcW71uXfFrmz9zhaHXnCADR0VK4LWUG1g4V02cE6GSUrer1+hLFTgUCWswOEDshhCSw4MB5A7sJSQBQwE5qpLcVPyR5kJgIAAsywmhWFeCe0hg7oDm/fKyst0FNVYDi4YGrpMkN80q34fFrDOGLTBI5bXb19ICuZP5LSlYL0pVSUuFS5rZZwS7YwkRWtWp16zCMAlsXWRgDRsRodhjg33gakhyrkgNkcVjMHHCNFaJMGCQk84Vb1eBqxjbLIMSVqxW/3yxkLgxScg2JPe3KiVYlSglFhH25puCzSpMWJHi2/Y4BF1uRQmHDgu8JPc19af8hfHWvnZDEJVqc3u93FCVt6vpdjUUF1LI0AzZKbMgxER6ClVwLU5FJRnbKLWJiWjCOQXdAUz36oG1G5fMI8YJQqwlyFD8mYc7evBFZzb3z3AAIC1Ju1/IEVU5V9NcTVE9JfYrqXghrBohsPDvV1VdNxNM3GqiM0iibkskEYHpG1NwLADWfLVXhf2uKknE4S3bUuWv/AyGn/Ers5PJRdVY7O8Fx15zTnhOAtcBTJihA2GzExIeKMMSrGp+z++61P7bawURHOGQxSFpOkmkwHtl6rWs4LDjWqa2vROu8ssuz9qB2k2NWCBs26P1XkWh3evRTK/Z9coJVSf5KohHiqGkaElwF7LAKA2WU3/6VaeQeOKnreAnYKqtNiyKEtB5KvatYGcX7KsvxFuee6eX2UVZ02ErI9Vi7NIqkdH0jnxcKSgABsxGy0Xg7aqJstUd63PFBEMHR02ceqsTZgcmX7mmDpbfcyqEGiScskhTcs61OX1VCs7ra13/tv98ucalhIgiGgj7al3xTQ3lc9zEAF9sPsaai0d1KA8KRm1Fgo4EvMwMLFjhXU+ZCl1/1eKx6ZqYjGqTfPvIMbBmBnimYktxoKr86Xc3B9zltXOVJNVx4LxT1rVVTp/hgPktsNZHjnQj3q6a1RQbLHeJqqT4VSRS65dbVumo7IZpusMpKQJWJJsjBUsFTMW+lQgPsKGLilS62BVwFMTQ+XvuScmBK66iom9hQIJ+FayoYE7IykXgXAWUBQF2PIURGGRRAHy87Eff2xC49QpnT5LohjEQ9goW0TIVBwLA8gwLrQjgs4Ox5EuJlQQVfW1WNyk/rbihdEYxzAdgiBiwtlJuyMq5anLVCguJYKvgses6FlPC0m9trz/VaSRCRlIzBnulhCZbp6a+CivRUV1ACUxSarHdKqhi+WdTsI+WhlPJKPQ3VVUQwX81F60q7FCbm2zyPBerUxItNgNHJDEVUqzCdO9sNxPBSiPAOgGqU5FUlwhHeX4XWSgeLEgXbiL2hB5udiAxETfoYEjb3u6ZltofH0wkkbWiUjYVgZwEzlUTZiGawAkPrLQWo6jXbaeGDn0p2FTCGksYTBFtWsjcP5LkqE5yUvFHlAn4QaLwC5GLPUlpqYQ6DR2FNiWT9686/upwZHZpkonbG/w+05/iiKR91Is4VwFBE2sHuAvJtkTc7lAQrLgC3VtwdTN6UwzbyWBXf50+FVaOfj+bYD1A4ql6beeKALJAB3SPU2vst0snblld7bXM8CO0B/kVkquhAK4DmNUj2HF/EUmITErEbAaFFc8l8KvS+sDB2i4iJbRr0OqWwY/j/VU5FX5T+6nJptXzgyJyeN9V/L1EnXdcz6+fW7SQqpF9TcUzbQiWrM0NELxdNXH2oNe9VdORZoO3XETzCQrYt0VBV2WbFNmfkALFFqeu5qpKclPxR5YLg8bMv3L9zvaK+V6b1GycFbNVFSnL/9GtlBJtW2P1DCcMW8G6dDkJnKsmzBZbMtnSi+eREPhWGzFBI0aSGBZnX1tYGrCWFzYQm2xMxfFonIBhqoLlwV1rXqs9j9Za3PtxFYxa+d0L5Jbujtn1Fk2QBD6HJSeP6lAmoJNaC3zJwS1StCneLXXhjriiDAo42Rp3BcppdxNepJpzrqegEiDB2vTMtXD67gdfVqSi2ZW4Y6AQVk485/TXm5ctK1CoCEQ199fIReDtKqBMWGm9Gh4skVSf1B1W4gaRwoImWNwe2d4bI1u7ioNggJ2CVGUwxcycZSa4Zxzf7BZqbLZ5tCEU7jjjk5J1zkIFBqzA7Aw22NwoAZyrwFUROaN7JBRWbDFqdQuirMaZ4ksMklCs0py+AZuxmMs6TkGswA1SgB1qYEaadboklaWI7bju/fppAd9OS7HV1FPNBYJSOdpgcwrif6jXlae4t9TolGzdeJbeGwi0dlR5pIGuGSRM+vtt9Ra3GyyN0N86VNLJHIdFuOW03z8swOIRPH0CspYGsIqJDjY90w/A9PfJ1e4BnKvANcKk0i3x4gCJJIQOo19CrSmVdoW1cCwVK/FKXa3Vdizh9PYXk5mZh7g38+lMP6EO/z57oKvZEjfnARCDDEgiQQRMeyaZD5EwG1F8TUtAFZZl7H8nRCNeFcZZUYiJUbUwFPGK2M4SUrKlo+rcIngV5sz/PRv1/NFkwpLA4T0JGom67eC9KhDJllCme2BbpVzRNF18ztU0V5mxo8eSTOpqq7Mc6xpThIQcV7AWMxTU4juxBt525nbTUzYQTSbgdMZ0WYBFAU0HK9UBltXcLp3IdQDgH0wGENRQyFUiIs1d0ZQsUM2u7aryyi6Pa2Bde3UJhv3HoJKmLlhYNX2qsKm0w1sIFrQG1EiOpgMcaCCmLvwHIIADaCiqjN273cGSQMLqc9dovQWOQWe5P0o7u/STT7aYy+XBYuRTNlBYMxgWsFBMqoKGas70wTCf0ux55TBwHcAEG7xUkNGxpZ/Z5a4Z1mh13955gZaNZWq3bCv1BCwYthIk0lRc0nKEieY2rOaxkP42562YW7PmVgXg+7Gma8PcEhDmV0fb25UeZB0sSHVXKL16QLUV+WB5K3O/a3O1nKm4puUIWWGqStrPKb3dNbyHzJWTc7RE8IEi8HY1DcWQ6ZRRg6WiKV2CZhYWDIJx1fSIDGx/DY3KlJzHeoAnB9//kG111MmcHHKujoIZ1gCA/j5UBGyRm2tlbFQx+OGhEeBcHYULvNpMPMyegxk71NiOOs8PjyoCnKsHw5/uO4BNxiQr5+rB2BztX5yrB9XAUNchbUKEjyk3v+ogLPLuB7evjq4SWG0cOrjQlzI7Umk9YPRZfnx0EeBcHYU/UNV88cO6N+l+f25WFBuVPz88LAKcqwfBY7I0Pd2d8/QgXPLiB9dX86IaeCGOAIGcOnUdQXn4JRyBsRDgXB0LGR6fbwhwruZbjfDyjIUA5+pYyPD4fEOAczXfaoSXZywEOFfHQobH5xsCnKv5ViO8PGMhwLk6FjI8Pt8Q4FzNtxrh5RkLAc7VsZDh8fmGAOdqvtUIL89YCHCujoUMj883BDhX861GeHnGQoBzdSxkeHy+IcC5mm81wsszFgKcq2Mhw+PzDQHO1XyrEV6esRDgXB0LGR6fbwhwruZbjfDyjIUA5+pYyPD4fEOAczXfaoSXZywEOFfHQobHHy0EzPnusFID/B88852vD3C0aoTn+34E0sw0OQqricGKuNj8h/2zDqx/w7n6fsT476OIQHplJtgWx1ygCRbAgaaVDq2DZ5aJc/Uo1gzP+iAEzFXE0qszme9+aFoptKnpTTSHr+LrrhwEF/9xNBGARe+gLYW/9xa+w8Nrv5vF4u3q0awcnvdoBEyimk2quVQzrH8Hp2AvrVHbvfF2dTRa/PhoIgCqqdmsQmDEQKIIi4wTcw3ckc4V5+rRrB2e90EIMKbrSYMiPd7bm7J4yt12xbSpjnCV6wAHocV/HA0ECBZgo7tUqDceD5POiMPZPSgmO61107yi3eZ0W2DtZgFsA5yrR6NyeJ6jEaAGFaWBpo4WXCSLyq620nLHjCqyeltYbd1fZBcd9jKvnQBdOVdHo8aPjwYCsCFjsvVNoTDiqy2xGdpmEls6RzQcsq1Y8deTvTv6p5fUB6CTxfXVo1E7PM/RCMBY6uDL6+qXxPokm2TRmnpT5W7YqnhAINaAg0ZDFmmd9yIHkni7Oho1fnw0EAA7VX/oBH+rWxnoporV49EiPSlJcKpRratNcZeocWVfZw3lOsDRqBye50EIQMdK2t24wimowQRVw4Y1JVs1uwgW1pTDwQTSbVhiPdMp4+3qQbDxH0cBAdikqajyoZ0zSwJFxdTqpZLFYLJsQRqSBGJP7Et17w0UIpG3q0ehbniW70OAYaG43BHusmoBh9PuUFSVIT3JWDwxEMf9zZHmiqtqYaCAt6vvw22S/UyPA40Y0/P03sDzr2u7e3nSXvxU0/Sd/YUpm5oyqEANPeWKtFQoHqmkWqACt6/maf1lplhDI5aZkZU9KUygne86/L3eOX102br98wREQtCMUqqQYHT1cZbNrYUWJBiYt6vZq4OjLNkkKoz3DIV83geZMtEVTOg+wbARVbTPduyq9IOPNXhd9Sdj3U5R2asmLeAtOHIvRxlXnn3mEYDaBd96M4DsfFYDBEMvX+ntkgQmJ6md0uS7uwl4WIkiYVYa9HYn+jY3IjBZ8XY18yTJB4kk7QOazwx9DyUwTllK5RiLa/og8ncgVTYMSdSV2Du9ge09PVuMGSxhPmycq+9hNpmOhlma9gI1vZfzumGVMIFuP0wCoLoRDxlYEAQZGtae+7rOjLfGnLS4tJxRmXN1MhF01L0cpNuZe3ePOpeHh4KVpJAgWGwieK4amMWSospcp7coRokidPSsKDEntPB2NQ9r7iMXiVEKf8SUAzoruC2bnxDM2SH5F8yZgBIiRkxXFdHlxIIb/6ip5sYy9yXhrq2ic2MYFctIMxTO1fyru4mUyEACvEQp/DOS1OIDsaQe7cNeCzFnMFvski3oVDBKMttEhGc7jYCJ5ERGPKZgYsFU6r33pYgj8b0Si9Xeg4rbm2weQxYZH2PNdj3kSD7M/qDQbIos1N4biuiSRbYoKrK5GNEIi3f3a86yuqBDIgTmhORbAH8AwWozsCqrIobOf+TxfyEp+oD0Qx9Ys1BKIzZVgDvj+mq+VdwEyyOYiz4wwWjZtAnNrlZsNgks6hqz2BjMCaGpcCSa2uCaW5yHTIUbZlRUxZRglVMYi5KgtxJVQ9G1cR8yDDEymHCI5rQArq9OkBt5lwzqEolGwxrpJFeRHNL6Ekns0CKKmyV1JDtdgXI1vOVdhyvvyp0uEEayaBgG0TVTv5Y8KEWx6IbDRNhhGLoLLATQP+T6an7W3vhLBfUpDK4iS1ztu/SUaLO7LQ6iqwjrmpFMdVBJRK0WoML4BWc9hTm4RjFNgue/udAKDXw7+Y6A590SZDhF1BgTfQLCIudq1isiVxmI0PVnWveA6LKX+0RBsULnH2bZI2TAVCU9rndu7IzPPciSlauSfWg+DPqFosRAlYYyC1D2ldJ3W8t/uEKCcVanvy+G3TB7Be6Et6sfCuUxcgG8NRl2kVQ/GqAutxCDmfUYESZSwwj39cV175xWZqTZm383xLCqIJkY1Fx0DWYBnnBX1FEP48MYOlzJOLGDRitR7ruSfxU3wRIJsGSZZq2cRVpf3umvd4mKRSdiKmnHqWhriExbWYJ6dZnmY+cKvP8kRWFKCrxVSCquI6ouhDlY5lTAaCSlUeyCpzBtg50gNDxZXiFgLqhHBY9tq3umfQOxasGCkIQMmYguxdoe9yl+tXPX3oXO/FQCwIQh0CgxiCwICoxbSCYzQYORjL4kOFxb/OZIBuPtal4x7iMUxlwOAtu8r6OwRTthXntVRZKlFImBtUfVvbV0je4zLNb31jL9CDllPqm5zCpJJQmG5aswGNvMDiD8m71/QUtqDqupusCZzOfMJR4VBAR4bQqe2mKxJeLDXe/2ykSAeUtxOZrs67KLqrvOsg2B91U+tqygpWKLwiRBMyiYrUYCKAFWa2xQcyqUStxmNQLLMf8NHWUgK2WFC4vCM17dUe+LJIisUIYcTKosfsn6+YAjuTOqy2aTlW8BVFMkOm0KNK8MJq6k3RjMMlKBICUejvtUcMHl667kW7VNvDzmS5Ji0ks8dv+21iXTEwmRaoypNkGVe9YZhQ5D18DrbuIZZDElODIIKjPAo0ESJdBahgJ0rVJR0GSRC7QCc61LrgNksQ5yKBr8AUwHUAWGzUXRihSH4kfbft6DZtxYKcBoO9GwaHHkqckqrZrKhBpJYKtiGeEqKKypmEuwWl3AV9NRjHM1h4TKalZgCEBYNpeA0FC6L73vh89pbBX9kZfIahsB71AF1t5N91uyWo4JCDfHh5EOXoEyIZI8wlVTtZZtgwnRb3phQ8FHTkwgB54krxAwRyGhJdIQjFlBwUQhsd3AKLoDhtbByR7qGbyVzTdpHgbQs1FqMGSI8FoQzOG2dDEhVvA4w11JHzjmEJiBxbmah3U3gSLBGA9wERpWMO9gGcZ7gLcgxvwSBBEGr+CHETVgoej8CzANEDNF6G3t01QBfFhM6gJfwT0A7qhXtzpNRyzTcTD/is5LNAEEQJ0zGyMZmlA4EKBfRZQiqHE5aI4KeZgOZ8FWKebjuBX0nKhYMUtGoY44SfQkYJcgs2U1Elq8bbdeNMsNTxzMwOb21QnwIh+TgEIHPp5YBW9l0FbBZxXRwm//sEeYcbM7iTXqhlFK0SLnp7oKy1ozXLGwocgaSrbooTafKIF6TQzW2zLoLiS1nqFhK963ykfiTahMoM5RBCYfeOuzZBJJuu2EP2nEVSYoApaI+VYlOC9bVXP7Cl10Ly9pbJEDUamuI+SwMkFOMk97pDhJFi52gBXAfGlwO8CEiJGPicCibhquQAkw+yIwD9Q2k0Idm17KiOhmbWum1pqXAVTRgKuitVvvEjzhQU2hopXE2hWkFBX57entAuAKztW8rLuJFApe8DSlwyQ60xgpQQcFxn3A7Ao1jcVEjDBJjsVN3uZdgFlVEtMFweuNU60/GQkhlhJF1eF2KW5ZkmEVNiCq6cqSdyXnBZoIAiZRmchirdOGTTu6oWImUWaoEsJWamCc3Lp9nukEknfBVLTNYTcmWKjTTRCMChBYcR0WBQIjG9g24Kz5vuDtat7V3MQKBI0naKtI2yGXFsDolQCOqgLSFVhpB5okcLLDKLzun0bS7KXkXYDnhwlgoEIUzBQKImDBghhwFDegowjaDLSqaYsrb1fzruomViCc7k0L4jp90XSWCEO7xMx+FiwKgFhyoHt3eO320hopP32tzd6VZO6zkn6SgKDwDX+wcSAYq9J+jEBXvv7qxIiRj6nMMUhKFnmbHw8K4bXuIFQ+zLUX9SRJ7m/2b3nBcnFJI+iy+RpMgqapOvxpltP8PRSXLjVvV9MwTJIP7JQqV+562jh38M9eN8y1Nh0ABvRUctGFjf0ne7ckfflptDpC9DlXjxCoPL8MFDvoXkllFTvxDNo8b0e40N4f1aih+IMWo99DlTqyemBGYOgtm+f3Mlbx0kbWsU7y+GMGAfBDgv6HyPo3tATJXsYWLrAZxOyhwJwQ451XNKE06Kiplhkog8ds4O3qMVt17ys4dPEpwb6T9jfu7OhW/S4vdEtgECCpJ2k3ZUV10/wWCxhdj2Gu8nb1fVV+jP40x1AxrFwqUkT6upt7dKcCntVIlhAzJLvVXeiVKZHN3vSxGzhXj926O6jkMCMJTJQY64III6xGDBlJw5wjIKqKIMMXKAkU5rrmpYH1oBsZ+wfn6tjYHNtnhhyWYSDg2L6NUaXnXB0FBj/MawSOZf0lr4Hlhcs4ApyrGYeUC8wSApyrWQKWi804ApyrGYeUC8wSApyrWQKWi804ApyrGYeUC8wSApyrWQKWi804ApyrGYeUC8wSApyrWQKWi804ApyrGYeUC8wSApyrWQKWi804ApyrGYeUC8wSApyrWQKWi804ApyrGYeUC8wSApyrWQKWi804ApyrGYeUC8wSApyrWQKWi804ApyrGYeUC8wSApyrWQKWi804ApyrGYeUC8wSApyrWQKWi804ApyrGYeUC8wSApyrWQKWi804ApyrGYeUC8wSApyrWQKWi804ApyrGYeUC8wSApyrWQKWi804ApyrGYeUC8wSApyrWQKWi804ApyrGYeUC8wSApyrWQKWi804ApyrGYeUC8wSApyrWQKWi804ApyrGYeUC8wSApyrWQKWi804ApyrGYeUC8wSApyrWQKWi804ApyrGYeUC8wSApyrWQKWi804ApyrGYeUC8wSApyrWQKWi804ApyrGYeUC8wSApyrWQKWi804ApyrGYeUC8wSApyrWQKWi804ApyrGYeUC8wSApyrWQKWi804ApyrGYeUC8wSApyrWQKWi804ApyrGYeUC8wSApyrWQKWi804ApyrGYeUC8wSApyrWQKWi804ApyrGYeUC8wSApyrWQKWi804ApyrGYeUC8wSApyrWQKWi804ApyrGYeUC8wSApyrWQKWi804ApyrGYeUC8wSApyrWQKWi804ApyrGYeUC8wSApyrWQKWi804ApyrGYeUC8wSApyrWQKWi804ApyrGYeUC8wSApyrWQKWi804ApyrE4KUUYYQ0ymiQ8nNXyj9I30GIs0LeMgoAphDOn48KWJUxMTQrJjI2NClBFFkGTNsMpZikWEGHBbHL5inOBwCnKuHQ2eMc4QJGBlEU0RDoR0dUWFQUq1+plmcbjti8KrCBpIMzMk6Bn4TjOZcHT9wBAsEYSYwpImoYRMivV43ievOVIpVzPLJAhMESgQqcK6OH9vDpeBcPRw6hz5HsNluIiIIxGjYVjhL6Ava9Ei/xRLe1u/1eCv9AqKESPKhU/PYiSLAuTp+5BgF1XRIMe19svwEG0aYIsHQZDE+0Lm7reKkYgYqAJJAfeUhgwhwrk4ATE2QNKKwwVa5LXRyIWbwwge6ihgxxgZ37pJn2JxFKjS7ExDNk4yNAOfq2NiMecbAQlJgm3d2WQILFalAJIKMNCrjtB2Ate6IM90xo9TC9dUxEZzQCc7VCcCmY8FAW19QFyil5IkZKxSkqYiKBpKZIYqUJSLxpk2Wc6oYFqjJXx4yg4CUGTFTSgqYV5GUeFc8r0pAm5vl6jIsY0olwTCtA5rMZH9heeWLWwusBEEHzLRv8ZAJBLhONQEURRihYpLNIQlC5bloUx+TmYYoxVSQdAOGAeCgalbzhgQmmFDGR1smAPGhkvB29VCoHD4O2kkh+mp7DRilmOWk6TGX3G+R9agLaxIRMbz2iWwIcyLvOOYRGA+ALhcPGUGAc3UCMDIRd/yreLmXMFHr8tla+tcI9VpxvV3EgmgQmQoQfMv795Z7eHdgAvCOlYRzdSxkxo4nMBDgqiOEYqST5w2tD2/pP6nS+kp9PQNHAZSgEhMZc/naI36GeKs6NpDjPMO5Ok7A4HJQQlFg9iMP1hXPd0S2NFqOFxcGllRpL74+6AgWy107Y2JtJU0k9yteyiRierTwkAkEOFfHj6KoGzIhXld3nzf1tjxLOLs5OnO+RTvjud9alp8TX5ua/tqaz4Q7Yj0rnEzgXavx4ztWCs7VsZA5RLzBJOjkg2nK6Nm0cd4p4p5HN3rnqbtTio3AiFVxxYvo3UZH9alVxj//4bM2DHZ1F4AdFvGG9RBQTiSKc3UcqAmGjrXW1jgbCIvTFxeJ0ouGT54eeaHQHQ/1NA5uH9RR07JS0Vjs7/UHZnX1PLewDpwFeMgQAryjOh4gCUObNthTCVthXQlSJLp3bad0VtdLCipRU8i6/UW8yOlQQ6Uut8tZ7TZadu72nlOIuAl7PBAf5lrerh4GnPefgu59/x7nKSxF7QE5RZJygdA72GYoia6iShZtq77F7bf3GB1Nsb5YfMkKS2lB/JWaYHq6wPsl8d8TQIBzdRygYcJSkZKgaLzQfVYRfffp4qJGNN0XjRBHl3vBhoYr6hVkVInJAYMktu4qSnUfdxreXlHB9dVxQHy4SzlXD4fOwedgtFSwxnYu9aPQpgq269n1qO6c6hJfrFeQ9r+z1y2sF+pN/2q1RCDY/9BjQlg686T7NxbaDpbCf00UAc7VI0eOUJkmmFXC0pLu519vGzw7outdxZLHg3HZwHexf6ALl1plmp4iGDy9Aa1PCJ66gT4r714dOcaHu1K8/XBn+bnRCID/v9Czq2SmxNxVzuKFbjzY6K4ppYZE6aafv9PZrdgaugwH7e8SZYxoqks5rpTJe9TSyde5OjpqDefqaDYe/hj8/rEQ3t0pW1RXZeXAqneV5WfVd78bcOCm775ARL238EL57Q2dr/yz3+XqeXZH0YnlVBpsqCidRO0qmJHBIfIojRxzHeDw/Bx91qwi19zGx966chFOrllbekplpaP/YVamWHs2GzKVE2RpYvvugDu6ds+JeJN4XCRZJfaovknVrGJgq+kPcTTC0cn1aNzpR89TJxaEyy6Z+eyGUmvbMwPztTa/tONNZ6xwWouBdFEQ7YKlqJsECkLrnxtIzH65o/gT3vVdETp5yEp12VwVAVby+Ohojl8C5+qRYyYJlFKx1Pr6mrgw76TGwNZ3zy9Yjed5tqbUBeEwJYsvc3SItSgxq7B9zbxlO19dPHMPkp3aJPK1xkJKVEVoW48ctAxeybl65GDCcgCyAHoAjhvt5HgUUN/YaGOX1BcH9VketDsunL5ETyC1sKpW89ZecNwsd7Ne5W11Fh+VNujI72o8V8LyR6kksytHZyyO962OvK4YEyRDF3Bq0OXp2eaey2Juimprygo6UpWlVy21FcstbXHLkjpl9/ZZpVrFLNuWvTGlvmoyNQe4b9VbGxOFlqPSXeRcPXKuYiyk/0pLNg06vXO8+3b7T6zfP1jhsm/fEViM/MUbmpyyr572rGpW34zMdRVNZxvrllmPPIP8v5LuXF2KGvxFR4Wrk+mhz3pVQ8MqMCp55+tbtcS6jSlPX7OluXXOtJKqzf5ESrf4pK5Wn+YOuRdu3+ge0MLKSQNJDfpjWS9Y1jNgDIOWKhjxrv7FjqZBCmt5QUzWsz04A+5ndTAeH/rLNFwxI67H+qPFrnBKZk2hE0vibYq/abO3eOd6uUOcU+7V+xp7i6q0UnndwpOlo6PcfeiNjOcCBpo6LCkbaRvY3+kMk6WzfTDYAZar3LKVc3U8dTZ8LbQwMPNfE2SsS6hjuzrfoSk4EUuk2tpo3BHqnTa/hDbudPkTb1acH4TlLSaQRX4loZqEDdy5pa+o0K0MDEZwTZmaXrszp8XkXJ0A3GCyAdzM2dXwZ3SsL5ujwO/WLdRmJRZX/7rOpfNFPRZpbwieXi0cnfHICdzVYZLAzbJ4407rjIBDwtQY3NNbVQf9qxyrAZyrh6miMU7B+qvQrILuCgutw2dyS+eMcgseeDu21GEDlwG2f+MApUwTqytK3PA7ty/KMcr80aIZFRK7m731fpifC7dDBhq6ps0UUY6XQ+Z9qwnUomkKB4tAeglrRJSyPXssJWIs5C1Q06tbVpd07YgVubx+lcIUbHESLGbBdKl7n7XOnhDNu2GiXwjvKQwgKbdjApyr4+eqOWZK0+oa+P8JApaox8WwxWkD8kLtGchSEsBMVE01QYQVro/9hlVQut/cV7tTsBCnV1YUQfLWv9vmyfUKs5yr4+cqpIBRRti9AsZckSQgwWaDdYGwNQUOLAjWDhBgKhYTCIGXJLS94mRwB0itezqZ2Ka7dNklejy2YMBd3FlYkGNVnHN1/Fw1jY1AQEowvATNTpbYrs3FPSGaUokqwAJWGFjMRAN2ZBFAfc1xjY7/fg6TAtbvxrDWIQ7twLVyQtfiej/FguR3B6VWd2GOp5Nzrh6mpsY4BRobnMHQpKaNV5QZSej/oyjdNydtnjLPw3t/qEE9thUAeH+Yy3aTHucllbpoMF1PaN2Dg92tKUvYukDN7WPIuToGIT8kWoCXvUlMWF+VClpXJRYC7u7ekB8WuTI3EwA9FhZfnRwByyjSXXucC5bxwESjRigaSwzsaWiqiIFGnsvAuTp+tMGsCttbwPudIIEZWG8KG3GWUiyCb8BpFc0l2czhx2N/BMBExtxVTjA6u2fYRfNtItoE4hSJri9oXiOGvOPH7qOk4FwdP3pgX4UaZPBvdvy79nRW96OQ6qiIx2JSiQXqF5RVUGcnwdgqPHRwmzjVK4DlX2x5OYJmnmLq6VaLs6JkR8rU2nMYOFfHD7b55jOdN6CLr3e3dWk1RnuRQsRKtqWzvy9YIoFeADaA9IjB+IXnVwpT28ZIi3scIuq6+64om3vbShV29MSG4HEaBsyBzGHgXB0/2PA2NNImgHh3T29Mcfd2l9haQ1WllYYW7w/3OPw+GSa3TgKzKkBj2pGxEXf4GGm4H2wAGx86VYZJLOB0zaRccyfX+Y2fGfmXAqw48J4fbG0Oh2POci/RCt3bQzTSYXct3cOSPc4ed5lPNCaFXRVsAPD+SGqgrYp6CrQaaqSNHPDSkK1yjh9HztXxPwsMxk2RFu5qSRVMQyHdZ090u2dZWjt73C5lT8JhdEesi2erx7RddQQUBmMcSO9DLlliskhF2N6TyUhnsHsH01Op3G6PzLk6Ui1H/p22n4p+daYhu2h7nyB6/T4V+Wb2dw3GSFQKOPpbO6ZZc2vPOfLSj+tK6EXqMosHgrDVfPWF9yXkmnMV2HFGgHVoYyG/klN19SjN9B4XXnl4MfTxRafd3IWVVRSrctqXSpYtgXCnTSgNqsaAxWJMji0usaTBCjIorBkp2xf9jM6+QDTNHzCEnKQwUTKngberE4HbtAJA/xhMV0y1mP4qEMCEZVG908ABGyEX1OakWMsS7lOhHW/RDktcViwn2mW1yaGY7g+gC8BoSG7Zk9vcJsKL/EsDzampBgAdTau/qdGBMRWYC9+CYp6Aqdmg0ZnjrMd6gNkALLWxQ90jCWpcUXTkptgfLLC5PXbz4cztHXKuToxOMBIOJDUJaQ6Zw2YrsMKDIaY9WQQwrpodq9xW5MRu40NTCQJp3eYohJ1mDSSybskS7dvtsim+wrJ+TcyxSs65+qHV9YELTB8rGPYHMgJPYeQfzOVm80pEcBGEia5ge0UaaACTg6so+o5WEcRRsNKZWo0qCnE9jLs3S/rMxTkeRuZc/QAVPzQCmhPoTcGwFbSm0JJiGGhNN6MUfOZN/ppugqC/fqicY+ICo3l31UysR1VZlomejKYG44ama8JgZ2Gue4+cqxNijNmqmowETpqqqxnAjgMNKnyDnSd9kI49xj+w0bnWU6Ho6kCb0+OaBsNVSRIL9fcNxu1MSMITmsvAuTp+tIdr6EBFwSikeTzczKSVgwPnxi89r1LQrlebZ8j7qSPa0S4K7aVWl+AMMF1LRlo2GbCkRU4Ly7maU7iPtcxSna0zFnrjgkKWGYldfSW7NlsrrVZfia+gsmaLRnLLntzmdqxV1ZQvr2QvD1jdQZgBCXq4e6unbe2CSjnatQsXlhSVikkxp/QBrYsHjsAYCDAjFW5qFwo9HtjPyxLZun9n56eWJwZCTft7WFlv6bkFOVUCcvpgjIEIj85bBKha0BONU53ZVE2U3TvitTVqSnWXJjsiSruo51Yt51zNW57kQcGwrAtlKgnF2zpV0Wqz1dcFHXEV2cAVwuV9OR7LbRE5V3OL9zGWGxaJy83C8XgISb1hq+FMbEcqsspyhZQKWpXcGq24vnqMsSe3xQWfKoQ1CRHY3bNX01PQuzFiTocusJSmlBSpOS0N52pO4T7WMks3nEOrHMGUQNjaA3ysNVk0Z5ojScnxGCvn6rFGn6lb3pwaHaYuzPzOM4AA52oGQOQicoIA52pOYOaZZAABztUMgMhF5AQBztWcwMwzyQACnKsZAJGLyAkCnKs5gZlnkgEEOFczACIXkRMEOFdzAjPPJAMIcK5mAEQuIicIcK7mBGaeSQYQ4FzNAIhcRE4Q4FzNCcw8kwwgwLmaARC5iJwgwLmaE5h5JhlAgHM1AyByETlBgHM1JzDzTDKAAOdqBkDkInKCAOdqTmDmmWQAAc7VDIDIReQEAc7VnMDMM8kAApyrGQCRi8gJApyrOYGZZ5IBBDhXMwAiF5ETBDhXcwIzzyQDCHCuZgBELiInCHCu5gRmnkkGEOBczQCIXEROEOBczQnMPJMMIMC5mgEQuYicIMC5mhOYeSYZQIBzNQMgchE5QYBzNScw80wygADnagZA5CJyggDnak5g5plkAAHO1QyAyEXkBAHO1ZzAzDPJAAKcqxkAkYvICQKcqzmBmWeSAQQ4VzMAIheREwQ4V3MCM88kAwhwrmYARC4iJwhwruYEZp5JBhDgXM0AiFxEThDgXM0JzDyTDCDAuZoBELmInCDAuZoTmHkmGUCAczUDIHIROUGAczUnMPNMMoAA52oGQOQicoIA52pOYOaZZAABztUMgMhF5AQBztWcwMwzyQACnKsZAJGLyAkCnKs5gZlnkgEEOFczACIXkRMEOFdzAjPPJAMIcK5mAEQuIicIcK7mBGaeSQYQ4FzNAIhcRE4Q4FzNCcw8kwwgwLmaARC5iJwgwLmaE5h5JhlAgHM1AyByETlBgHM1JzDzTDKAAOdqBkDkInKCAOdqTmDmmWQAAc7VDIDIReQEAZyrU+wAAB2ESURBVM7VnMDMM8kAAlJiWIgkT0AaS6IJpZtAVjzJlEcA1wxDcMUPJ4DFwImpz/0ATyAhT8IRGDcCUuMw1frGnRQS0H3J3omk42k4AuNHQAp+2ZJOddz40/IUHIFcIiAFbvYO59dPkUtBWhiJHowGdjKk1noQSkaRv6eRFtQIAztRcYWA6CBVnHt6lNqRdJB8oDGFZ7vggAwo5hcPHIEsIDCznw0F+qXysu/pxvfKyv5dp8/PslqtjmWvMHZ/+bT7ZlqthX97YTZ83klYz/Fln/tu0OpYuJmxXgu6njLy1EyH1brwRYOxfVVfIsPy+BdHILMI4NIf2c0nQLhIbjpzj+dx/eLI4qeKt5ze5/Gi/fqCV91/vAa5HGp70qVK1u5oYG111/H7bLSYtNKZT9X2lSWvvwO/fX6fxxftcT51Cmo++/TfcDNYFpoULvI9BJQwY4/Z0ezFKPgWY48sqXt5oO9cVN3J/oDR5fsHvojQ7F0DN2P8R9ZZjcRb+zqvENB3htpV/RTkeX5gVw06O8XIYCyzzxKXxhEYQUAQPd50AHPAx6/D29ZL31qO0CWvrT6BNoZQPAVsli4q81yA0bXTPSslpJv0Lv93X+HtPvS0keb6/p3ojFNtlZfhtR1IcNvScfyDI5BxBKSaJ6ADBQE0AeHWp3eiU6+BdzjrvHv9lsEUsqlwRoDekoJQHUIjwwWLrQjVeHoTaeKi/SG09hKE9rHBeFoS/+AIZAUBSSp6rz/fHUJo594FCL1wdYfnxOP33jNGlnQoHg+ZZnWKIk0I4VnYZDYPHIEsISCNkhv+VgdGbTc+a0M/afO+NgN/iY06Ofrw7YgbdUSROJS4yt177t0YdVod0NzywBHIFgJS9HlHWrbnBPF3zwpX9zzxxn99X4ogwS+1rUcGOWS+PX+4nvyyB10qps+Wlfe+sGN+36UDC/7sRHS4sT1kOh7JEfgICEitVw6lXvLCjp/R+tvo2o5fnrJy7vr+sz754C7U1ltyKNnCbX8zdpHqLwzpAOpPL+6+oKprr3SlHbVdfuL/4zarQ2HG4z4yAoLHMRRsg7eiop+VV/woIP1n+MdnyVv/y/OrYvcGpHq90KWSRz7TKumKL7bsEGf/uRJhrxf6/Sv/d07PW3sLv3WLgFI7Wj9ykbgAjsAhEcCNw9Gqv5MKJTIyWhkuk2JvD5bOtHQwjzfSi4qsKNE5/Ol3wVjAJQ/s3u2e78eItjCXH8wGAxsH8KJS4LTeais8ZD48kiPwURHAY/WfxhRscvUf/D0/Jj78RLYQ4KTLFrJcbqYRGD9XscPJbVOZrgYu7wgQGL8OQDuJNXAEkvklHIHMIjB+rmY2fy6NI3CkCIxfBzhSyfw6jkBmERg9xppZyVzaCAJgahme1DYSw78ngoC0bfYRJtv85sVFR3hpRi5jPYHDNvrshR2XBQceOHXOkeYWlg/0CQccMnpr4785x0ja9AQ+q/4D59gb71ouczY/fqhzH7i4+6EZZw0RlG2+s6H4t+4PXIHQ69suP/yEn16viF7dddlYxQRzdhis20camh9PXyksmukbnYQ8Il00NFg+HBs3DpQqIqQd8UdfDtb0Pq/IHu///GFrB3U9qhd+5uCEH/nXn0Y8WT/s+3f2tz/skkyeNx44IXpYecaVwka203rXYS8adXLTaetHfv1zRQtjt9qaR36///sZLP71/XGMkRtRoJk9d8hzH7j6HfEKmNJjhq5pct0FoaHjgz9vcjcdHHHwL/rsSX2M3eAbs5is8cYf0IPTHO7Xc0h1QbDalu4YfVlq+YrE6N+NFz888nPNmWtGDt/7Nv54fpgZZ1bo70Ud6midAy09VPxHiDtyHWDl3bUf+cEYh4DBH0SPYJii+E9HOv+W3vnqiCMO/f6+Ya/GcZRnwpduabrmB7ZDeqBftvyw9hT9tubDI9B54dabx1Wsq2+Apr7r9w9/5elR5ZF+II74JaeFPfDExcNCya9eG4FsVDaxW6oPX6xR12b2cISrSSSLiGkMPs2gQWUOzcVmKSSlL5o+fShnjY74qcJFyqFfBCmGlTFUtBRDB9Iz8yKiD2cwJN7M2iwEG6YT1cAbYfgdBZcOZ6gTIR3n+uxQKsMYyfC94g2d0QkaOjUK9qH5DJCHxobrCY5GSjVcDCjHSB2CyLHuBgo7kg5ECOCSDgGOhg7Sv7bQmjQlDcj1QOnTR8cNP2epkYSQ57CIdMqREh+oAgRHoy6It4+QhmnILOGoCoHb/mDd+Ovhovp5O9dsXQoZDFeScE46M1N2uqJHwIHY4cODwWEjxYKaGa4YOBpVrHSVvgcAhUp7PxeGKhKSqe8/M1SWQ3+aNHzz5c8+9k+66Pqi376cnPGjAlCDHnsghIRzrgNvwZ7fvcYqb3uo9N/wmuevLm+556zYr6PKFy6Comhv/jokzL+pbCg3cl/f9aY6+MDuqysG//F4Ql52QwFij+27Dp7gnfefcM5wmWJ/fUxD1k9cJdO/d8/9Zerqz9Ddv9yNKr+yeJiNKP6XZ2N4ybVVLXf06z88dwVq+P1GhqZdswizX6un3blJOP4r4Pll/OsvPZ6rTSR7fnveEuN/ymf9tkE86wuguxn/90BIuVZdc9PQZAekv/C3DiSdcENA/8U6dufaL5stSM9v2mP/ffKnEQo98QQpv2ExPG4Df3/UsJ571ZB3JFwCEPzlkVjRl1bAufCjj0VAuO8QqMb//mgMWc/9ogVtePyKtX/VfF9ZAQ98651r2ckmGcxA7nuGPdv3+Vqy+q5WhJd8HUqfevqhXnzKNcXo2fVf9W77x6d23JNwX3MmVETqL0/GnV8LNdyYbiW6/7c99h8nXAqFe+QZWnnTPMi/74HHqeP8K4Z1yI1/jKM3vn/+sr/smVX8X+TLn0w89uiAcOq1Qbgw9exD3fi4r5UeoswIeRdvh6lJ7X990bCe+UUnIn+Ur5Se3P7ph59n1TfPor97if2j5ZsmTrHfbiV3bbtK6rz7DU35+JXD4Gy9L9X+/z6xDKG2P6xmC6+vwYi13f0G9V7+8ZHWme39zSZ80mLz7rW7Ok/p/5N8y+w70PnLEXv8Hce1nifWVZ3+683oxG8P3vk2Ov0rB+nOZprDBNBX/9uyrPrzc6Tjv1B15fHyyiQjX7PMv+WmcunaFOs513LaN6orlY9R9jvH22yVdXnwhE8H5DsoM75qnX39FZ66jUMKCPma9CwcRZZWhAYukhd//VTH/B2MfL62ByKfFL8xrFbFP66uvOWagOUXVL+0oMjt/Dn9m6/kiq9W+e4dvkC70brilovtdbs2LFTl+X+kb1V4v3TLSrVmKyNziuvqr54pnh5l9E77tC9/wl1o6qu2u1iibHrZ/KvrxE/D1MQ7nVVfPctXbBnW8YwfO2d94+v10iXxxFl+NOOzSbOwjcfbpNm3slvlE4svPdlSBDfQusx+6jdXWC6E+ZHp8AwWllklAQWfoixyuYhFQTgB7ub9+mriMusp37y2SL2dsHvkU4PnnuN0PcdY8xzX2V+rLsdD+mrq2lJcumgNvctTfcM358unD7DETfZpX/mE54T97CZPE3tUOTV4xgUe28OUaT+01n/tZF9hyWC6EHuPs0nzvs9usC4t/fRJStkuxloW28/45snWT0eGSnmfyUTxDnImnl+BhJ/Gr5OgoHjxBsa07ylYFPHMl4cuHP58Dv17GuXkmbY1bN8S9ZQbF1vP7mKp409LsOuci8o+e5JS0Zj6VDGuAg5A6DvXi6d/KblvmWX5N5arZ3cPiXlhkWCdf79xpnNR1VVzpQVdjK2t9p7/zXnWb45Mtt88DWNRKpRAX43MxyvcSHhksyD8hjH6RVy0j34JV9VIIhK/tAA+8VUfovYOlz39hUyuojn7SOQMvKyNJC5S1rB3PWf0UtK2yNrJvmL9Q5x0X4rOAa5C32qVxftM0lhVUB1nz9gu7iXGo+5zhxXzddbPQ2dik+1241bxyxGS+r3t/CT5fE2aq8IIVx+yXBun5N2Siph+Kf5kw+7e1ur6zYRsn1W1Z6hQDcEzI1T/g/07RkdN8QDRP+59zqDJnwm3UzIb3zhI+s+VnmG7i5a0Eu2X6nDfKlEq/EeEtC2xr2Wr3R9rIan7reowVxuLl7US0nOKfQ1LfQGvHurt0NTC4B6D3YqX7jFS/y1dT/WvWn+ZpNEbLb8efmKewch6430/9KPSRnKHhC+49yd+fJnxAa4+Y/tchJJtlaU97B6xdr2uPWg9zyDX2P6mke1z0XDfyviF+HOdds6YvpPQgculf7EXbB/rJMYDlu8ws2/1qFz2lqY/6TxFY09ar+ohsV9KxUNcpbEFwU6D3YBO3mckb5e+wbSrbb/XaPga691DWK3+jIrmXfMyOQPh4FUXrb9Pxiv/8j8F+BydwsyOJff8tgotO6jT9Bz6TjKVSnX/wjJ7IHWR8pMkiX1buYmm+1bXodOajeR3pFuZcZt47zB/kpcqbxjaBep/Jkni2/I3hmJpr3NBHzHOxJ/tJpGrhXtZdKX/aZ12ned8aahYqQuQcPl9/wt6D3B1HsLVX7ikbTPGaa6iQuAqvF7+9IdihAvv+HMtcu8dSnUkn0Nc/S1U0h/RnyHBzdKTbN8dDfAQJD8mtvdWzzFvd5XtAFfPhhJHT7BFyAW+XZRS/Rq5cSib5JKqXsaucaxJzKwwH8HkudaNH+Dqqt/CKdo1PRjVLxWgAWD/I/+FgJhHxHuHpDQEFjcYNL69hfbUFkeY8ZdHIT/6mHArcDUApWL/Jd3N7hYfMDM4/QBXq8wn4nr1WfoD5XU4iq8c4Wrr7zZQRsnF1jcY+RJeC+fMQBYFoQN+q3gX3HWD/+O0rWBlDArRPX1ZaugC4Oql8Hq5BUl/jS9Ds7qYcRPyN32Aq+t+tx8KNzgr0MnukW4BYd2lC/We8iVmu/fwATvAL8X/gTbqrjfhUuM7+Cl6te0NOD/4jb/rQ1w1F/8YqJuWpJ/3bIMT4TnDXGXwSAGiN0gPQuwm16WsMXh+CorZWnEiYAKBNvjRzQYFrsr/MPTkmahyPyM/Ru5txuUosI3RPwoqTJ9/LzyHArMglErBJ1mL/ySzYvtnlXUOcRWqnbHXLJczdrv4t+E0xieVVWyvf6lpjwnPqgCjhBkGnQtDYAewmrL/qfyErZJu1KFYWzzXAAIQGgvRojCjf0q3q/OQ+rah04O5Kr3K6OVI+D2l30bC1nSiI/pId5vUOnidOPASeKcc/xuEqq7vfSO0df0qhDoHP27qTosPWNnwHFAsbfUbEXuX3GnG7iRvVsMXdBs+d/OTn+95eeGCWNsFpg6invhS59z0mVEfxy/rfimy6fUW02IYNK216+m/GuCrE73yubRuVXnGP06ef9pps4czFK9MNDZ2bHs63c8KmrbE5aAQ7nHOgyPllNfgMx0qzctPvRvRzcUz4ci67K2heFR67eA7vZv/fztXAhxVkYb7zUzmzuQYcw6ZXAwQQsg1CRmGnUQhuCQKko1hIwgLi+hmXSKULKwIyyGH4grrgcUq7taWSllaIrIoiMhhFCFy36iJECB3QpLJvCSTeW//7ndkJgTjbmFRUzNdldfH//ffX//993v9/+9lzu3nq56ZbCQMqQesNS31a6Do7KxvjuJZpA8o4Oc9XqXrblajwCMypKbaT8Z4dkfInNF4oP3k4WoCNh0kaBM7UEvrA9jJzvIMqIbOaztef/n0HoToE6o4oAe9IJzQ0+FMrB5xCXWfNg4BgiZnF1zdkjIRKkNgjLqm2pUYpqOqgfy3BgUdKQl+Sa7PlqKO75Hu2BlwY+yVcWeR9vwV5EI9B8a6CYJBY3F15IxU1NxWiL+a16XtauP+NVSNSaPEADTm41J91xQ8P41lW4/QRHJNPGQGIJ1kzq6AYofrAAvoELrWgCwaRKUo7biG4rHFeCYZ3G3jkDqbQkZPwiA1Yqty8Kcg4aGwYNdbq1q1muGhdtTUTugSAgKzoEQoYiUhFlWSBiu2IEhU4bIPpp+7slh+pEuN6Qjbf//UtXqrPTB4KImY6LEKWKrqCmbKSeBYAzanvvfNXvXoLXyE/9K800htNF7G1CDcAeM7LMMbiDKKA0RgrxOQui4QaIQJWuB3DN9bXqdRmvTXSa3fRSpoiqW6DmJanFpwD7hxtDCPmlZU+TAIQpTg/vZJ6X5+S5tOa8KwEIUtCo9+oQd3Q3oxno6piN278KpSYTLcQOBGE9zCClImIOOO7TXRHgTSDy5y/PE6prCUncAcHtoHk2PSwd5vuY7OlcDX7wC0owpdmQ4+D9sfcwn5/VE4iKMjrBaLlMZxAmC34PuLgEloxPl3NHFTqThccUvqMKhwsBoO4PbRBnwFVbEU9ukwCScDsSCuLFwJjVsqoenn5ANIQrufMpenBapLriIDBKJBMM3HjzwERr3P+dpCdCI2v6J+Y8h4NErZ2IuVWQMbvl9iN744ZW6Spie3VSQEbCAOI5LycwtZXHajcttnCz4mHB0zqpaMN+j27hP5ccFyqgtnnfjikWRZn7aDzlmH0FpRZtyaGaibcV1ouE2evwHblxh+giIW3gnTNoY0ZD2D11CSDhePxP5jbX7ZKDXKrXdvTpI7sMq6ud9OECjn5yhfM4cEralEFG8Q1WruBiFwoNBhN7rA5thbpyWyPLScW+WB/rc91FCdvArrnRodmHDKuIHcD4aLXUlBKgaPxlC1DEyZueHJMEDNpPoRt7K356TKZpJ+vPHJA5zVoAFXv+W3Q5tbOIz0+B8vZI08+7CfOlYXJYRJGhCKCjvSDMSKDk8OqFGZNTfg59kU/5p7nKdJS1v+fTzPiFSRp+FnBlDndhkcrztpmKZoKd2fow0TY0KdfcuR5TyqBDHH5r7LTW33Iwd1Ix59z/QDZ26Xz1oWmqPUYhyRDEVldR6CQs/uW3YQldl6BOTYDwl6+sw+vyQxnOrbGjxWz8wYetQFIHqWlIvzdO22I+eOLsXwIAPqyCmc9N0ph+eNEiQ4P2OfmxSj7+mbDRYbFfMVnv7XHgaMjt2Y92hSpBwWXGWh8VPiZtGj4o7C3eCmZqk7C1lzBakNcInSH6IApuPpRSJMNy5NLGo3FxbUVjoCFcOQY1RhAV1h5yN3bmx8MUT3FX6k1x0IdIvT3coGLXrVl7CGqGmnHm+EAVI6VSEHWPVlqzitx0Sgo82odx/uJSSKYisZZP9SqP9/+QC2Ck/TBid7c+MJOKX8rm5FVfu3yyAe1y9JZrPPXqHpT5aeSBAouVGbGkslSFF2dVUT3fluZUEqFdb4Tofj5EuCUVEy1NjLNCzr26NTo1/9hqYvle3iTwwR/1lyjaarmuPUFOWq7ZBSnXa2+9iLgu1xQ1mGrq+kHVu/EAYWc+rX0c8ebLu25pTQImNbu1n71sO4LkGNjbwcKVPvbr7hU85svkm3r90sI49z0vmT2TvKX2HjcxQzZRef3Ll57dI1t5wB4A7Z3Ms0PXdVGI3k2ukXNnTQ363wZJeili7U+f4HsMlLpOuv051vXEwjd76+vlSR+unj7T8svSY2SZg6d5iGiSdea6fbVr4h5+0L/r1931/28+wBswKuPvHx1uUrn+mVzlQ1zdv+zpL1C7pQTfkmUZ5bwfDw4c1t9M2Xa2YLJ3SRKEWtdbyeJGxTU+LDJzd30K0v1c4I4Vkkzlr37Zli2fFhJ93w1Ntx3KMx6kHqzO93rvubsOi4V1gsOrBp56wacRD3AvvmH8kZz71t4DKOWQWeAD9sG4Xd0O2Kj9mjEaHF5elDC6Sfs/TTmrDUe0qDhDiAajP22OaqO1jn3zXx1rGh0fs57w9amT9TJuyQt5ZoRliz1Gbw8M4MkWdYDPNUfMyKeScwZuZjyZmpuovO4pH4HTlzMCZ0rDVBs5FzbdnuxcokqzU2Yg/bUyDVP+soUljKJ8WWaoudruQc7KVXKCBiszPMYLXo75Ny3wPQhhIcjPpQAQHefbGBKUNMhUJ89UJ88OT5OYlTAt5mmS3y4LHca3lmoTR0mpP7HqDFNJlhm4sVGVaz8r7rIAanXZR8tgY0H7EdHOASBZy9qLivb4mvMh8FGx6Zl5qaHXgc4qv4zTmdl+5kW8drsqyJ2eHC9wAkDlCTqpmw0GYsDljPOrfoEqxjNJY6LmYl3wsdeyabIO7wfmRwWmTqeCEO0PuEVD+rl/seoCWqGMIMD8ozrRmKSRDTJKktg0KSTRAHGIZddMccJQYatRcitYs0FBiyHoK2JwIn8NysEF8l9apcdZo1VVVQx3JxgEgIabA3QyAOsF8eaOJiqcxLAcHjO6vzVOnWUerCWl5O93iZfg3/PcC5kHUs+71ZZbGmKObhcAFOtRMkiJL9JoSLWZFYrWsl3JQlkY9zMStlK8suRYEQ2H4NxwGYUvl+0nGwi3R5NGKibfigFHov3FbYkNx7DDbFSeahtROCjQmS+/IMCWXFbw6ZTrERtiCkseETNGPKlUoyM+TVkmlrwZvjE6XZVlQMNeWU4agm9vH1sbCfJutqIhb8QT7ORHio5EzHuaDS1ZawpHAmaQyclSljvra6e8KS3/IPGOm4pN7r7LTnsylpZpguw5wfc6kmC+LtkWaZy2yGhwCrzY1GQwuUl+MXT428V4vkAIixJMOwgFzPxk8dHp7/3LEzfwoiA+onSs857l9bpI43UQmxmoxs4uhSKeHyzGxJbC5x0bJHI1W+saPBMHel8B0Zq8t7ZlyvsmijjUKKglSp3Fj6Avj5TLxtnJLV2XI5PmqYxXFBXbwmNzgpignPw2cEdnQ2pZw87MeukhX6MTjMAImJyotBuonai435q0o1xmRZarbkR305vB90xduUTEgenLApZmSOhE2aEhv90F8/qXsS44K1TYlUmTOphF8RmDkpSDPR0N4Y+9gKOFuRJM+gA7IfiGdG2SygvoCJZoU0ZtpaK4WkuWM1jGHKmokSxKqs6Tw7zCqRL8LLq6IYR11q+XK4WTJpGRJX4jhyCLYmowiTOiWT86eSosBMw4pAOWllK4XbqtQcos5IZ0bBOBDtGReLQu8Pr2sbXb5AeChpC4PbhyxZqhyTa0YoIzcNVo3Kiey6p/Tl7BCbVeUaasuTIcZos2kRE2G7V0O5hucJwkV8AxVwyAPe0GMSdgn4Kws/nwKOJKJWxz8Ce/XgpFmvcxSeh+/AILcIAWJfWfYF5yhhXxD6E3EMHLn5AXCdo4AYsQ1e/LtLAQ6+Dn4ssBEqZuY78AiIWBgCV/soFUemR7KIvr/qlLCeff2xX8xhgh5QFHqRucCWFhAT1NAISEHLOAmIQFV9o/EUXk+C8ogwiBbhUBI/mDCOOBEYnpsyoYgaZfd8PwN2WEemtkJY9cFgchg5WO5AOcwcfBGHqCeCHOuAnyDmEEAS0IBO5MEq66ecAbQH0QdRt9CVzI/AErFBE28IghbJUJwKBFXxo94uw3EAXqlcRq6cswrFbzdG2ajWV9npPJsbD/TjXVoim66t2pA6gh9GmCvPw/UiNI4CDWKbhxTgEfuS2YtIhA48Ajw0Lgp/XNG+vHqdyvXR8WniPu3rD+oEJi7hIl/jMjca5sCNIg6xxLNyIshVnA0vjZcpgCM8fJsbEEFxhNIntH6Rfb68+62ri8Qo52AwOWT8AB6QRczCNDGUPkZSE6o458tc1jdzTi39lEMU6dGh/xKSOuHg2WAAYiu4yjXxBJLxZQzqJxO+r/5EOlNUPxQ1ty+bj236J9OBqV3qvRk/yfLLE+n5b8epequs/4z+5ce64yO0ztkTr+i+8uDrt/Xe7/iQ3iVwEFtlr+w43zSyZKT7HXTgCbass8/Bnyzd3dR56OBZU07hYIGYuwvydqPf3P/1+eRf5XOn1dsx+XD7ILYKmnExvN8ziJYYdnCDHkTEnSCzzoCf+0y5E8PdWRleDf7OqmIAaYPb6gCd/E1+DdwFDdz1p/ZdmLN/SO/UgN9WvXPdfBG131Z9cdW9c85+W/XOdfNF1H5b9cVV9845+23VO9fNF1H7bdUXV9075+y3Ve9cN19E7bdVX1x175yz31a9c918EbXfVn1x1b1zzn5b9c5180XUflv1xVX3zjn7bdU7180XUftt1RdX3Tvn/F9AK1/yHEatqwAAAABJRU5ErkJggg==</file>
<file name="33.png" path="/" encoding="base64">iVBORw0KGgoAAAANSUhEUgAAAeEAAAFmCAIAAADVnbU5AAAAAXNSR0IArs4c6QAAAARnQU1BAACxjwv8YQUAAAAJcEhZcwAADsMAAA7DAcdvqGQAAGLaSURBVHhe7Z13bF3nfb9ja3DvvYfETUqi9h6WVyzHjpM6dlsHbRMEbdE2BVIUKVq0SFMESNEiDdoiSNAmLuwmSGInrmXH8tKmtkSKW9x7k5d7y87v4fnSJ6yS9BdJtnhJfp4/Tt7znve858b3+z73cw6vyPt+/vOff0wIIYRXcv/8/wohhPA+5GghhPBe5GghhPBe5GghhPBe5GghhPBe5GghhPBe5GghhPBe5GghhPBe5GghhPBe5GghhPBe5GghhPBe5GghhPBe5GghhPBe5GghhPBe5GghhPBe5GghhPBe5GghhPBe5GghhPBe5GghhPBe9PcMxYfA+++/z/a+++577733aNx///20rdMKbGpqanJysrGxsaqqqq6ubmhoiJ6QkJCIiIiZmZnh4WEGT09PBwYGpqen5+TksOUou2vWrJmdnWXatWvXMoZpV69eTQ9zcoitEMsbOVp8OCBQagmHImizKg5ld2RkBClfu3YNEfv6+qJaZB0dHR3lgHDt3LGxsdbW1u7ubs4dHR0dHx+PjIzcuHHjli1bwsPDTfqrVq2ycrUPALuWc3Ehli1ytPhwoJAAddJGnTTIxc3NzWfPni0vL8ezu3btSktLIxrjZR8fH4Yx5ubNm6gcoSNcIFODx+MhbpeVlfX09BCod+zYsW3btqCgIBM6V1koa7ZCLGPkaPEhgG0pJNSMl/Em2u3r67t06dLly5f9/PyIw7m5ubGxsYwkKVdXVzc2Nk5NTU1MTOTl5dE/ODjI6ViYAWFhYQEBAc6sH2tpaTl58mRtbe2+ffuefPLJhIQEs79tGWDWFmIZI0eLDwGqyJ5EI2jsWV9ff+HChZqamqysrAceeCAuLm5kZKSjowMvDwwMIGjkGx0dTV7ev38/muYUezwyPj5eUVGBx4nPBQUFkZGRnIjrS0tLmWTnzp2FhYUImssRpWnckqPpV7IWyww5WtwGVAu4MZaG24lh7RFEZWXliy++SHw+cuRIdnY2ndiZLDwzM5OZmRkRETE6Onr69OnQ0FAmSUtLy8/P9/f353R2x8bGrl69Wl5eTrJOTEzE1CkpKeHh4Zj93XffbWpqevzxx7dt2+bj48O0XHqhke018JLskBDLA/3IRdweaNFsCDTmez/2MetpaGh46aWXEOWnPvWpTZs2od0TJ04cO3YsNjaWyJyRkRHv4OvrS9bGyPaNDk5nu3r16ps3b5K12WWGvXv3kqPPnz9fXFwcFhb21FNPcfpPfvKTc+fOMZhruSdif06kzQy8pIWvSoiljhwtbgMEbY7GoQjR2mwxJj39/f2vvPIKIfdzn/tcTk5Oe3s74ZdQzBiyMAnafjzISHbJzvbcY3p6mpmZDTsTt2tqamjk5uYSsbOysgoLC/H4hQsXGPD000/n5eWdOnWqurqai5KX2TKb5Xd7JWzN3UIsD1Z95StfmW8K8RuAAfEgZjQ1mxCxJCb9wQ9+MDo6+uyzz65fvx5fl5SUIFxUm5qaSj/ZGX1bWJ6cnGQXZU9MTCDiwMBAZvN4PEVFRRwiNW/fvj06OprxmJ3d8fHx7u5uYjUz06ioqOAoh+zqvBheEg0mAXttc69ViKWPcrS4PdAiIEEEbU8YcOLs7OyZM2dQ544dO5ByV1cX8RmHPvLII/iXpExerq+v50TzO4IeGxvLzs5OTEy0x8dMRe4+e/ZsZ2dnZmZmUlLSzMwM43F6fHx8bGxscXHx22+/HRoaeuDAAc7F5ojbXo+9BrbuhwdtIZYHcrS4PVwJWnTFsFiysrLy+PHjubm5u3btmpqaunr1KgbfuHFjfn4+KXhoaCghIaGjowNNE5OJz0FBQSRoTudcepgQ4ZaWlmJqf39/e2Bt/7DQ/m1LU1MTY6qqqvgkQOt79+7lY4CL2uvhWhy1V0KbTiGWDXK0uD1MzYAcsS2N0dHREydOEKUPHz7s4+ODajEmWRjPkoILCgrWrVvHYD8/P8I1wuUURIymBwYG+vr6BgcHicw4lwYj169fb//+EEZGRq5du3bx4kUulJqaioLLysra2tq2bNmC+onSnM61XDWzlaPFMkOOFrcHQgR7qgA4sa6uDvNu3749IyOjwSElJSU5OZmjCDQ4ODg9Pb2zs9OeQV+/fr2/v5/Mi4LpYR7kTtAmevf29tbU1CBfDM6F6CwuLiZBR0ZG4mg+CR588EFyOo4mbqNy5mQ22lzIXhvTum0hlgcqaHEbYGf3qQJ6BRqVlZVk5L17905MTFy5cmV6ejo8PBx3M9JglzQ9NjYWEhLCKYjYxMqYtWvX0g/t7e2cGxgYuGnTJvTNLtZG03if67KbnZ29e/fujRs3Ivru7u78/PyIiAj7WgjjmY2ZaXA5XpK9WiGWAXK0uA3MuQgRbJdQ3NPTk5OTExsbe/bsWYItruzq6qqoqKiurrZ/W4jT8/Ly0DTJNyoqik40jZ19fHwwLLkYFwcFBRGfH3jgATx+48aNa9eu4fG4uLiBgQEuwelcIiAggDFkapTN6SR3XgYDuKIlaLOzvTYhlgeqZnHboGa0CDixrq4OR9tv0ujt7eUQFp6dnaVdVlaGaquqqoi9HCUIx8TE2FfrLl682NfXh5dxK45mGCI+cODAli1bGI/fGYORcT3K3rdvH36nQe4mKUdHR4+OjiL69PR08jtX55XwqngxwAuwFynE8kCOFreHCZoGW6TZ2Ng4Pj6Oo+mJjIzMyMggGre0tKDLiIgI0i4Sv3DhQnFxMWE5NzeXHoIwEj9+/DgnIt/m5uZXX321srKSmWtra5F1Wlra2NgYJ6ampm7bto3JOYXLkay5CoHdNI3HSeKWo+de2Qcx39pCLA/kaHF7IET8S4NoPDU11dnZ6evri50JtnQePHjw4x//eF5eHpIlBc/MzOBTwjIKPnPmDGOw7Y0bN9Dr8PDwiRMnGEayRrica0+WUTCHmHnnzp0YnMknJiawOcNsTiROmy2fEMw2MjKC8e31cCE5Wiwz5GhxG1hQRdOmQjKsx+NB0PixtLS0u7s7xCE/P//IkSO7d++mjV5xOoGXMYiVXbROrI6JiaHnBz/4AZ3It76+HnEnJSU1NTWh7MzMTHsMUl5efunSpatXr5aUlCD6ioqKqqoqTG0eZ0xfXx+vwV6eEMsPOVrcHqZpa5tz7QE03kS1HMLIqNPf3z89PX3Xrl1bt26Nj48nIK9duzYwMNDPz89+1xJw7ttvv02axrz4HXF/97vfra6uJh2TuK84tLa2kqPJ48BnA5OwSydq5qJcqNfBHncwp/vcQ4jlgRwtbhtEjAqBJEuenZ6eDggISEtLS05ODg4OJh1zyDH53Lf0wsPDkfKBAwfIyHi8qKgIF3Oop6fnlVdeQc2IlVNwLrsMwOw3b94kSjM5Dftena/zzw7pHBkZYcv8dOJozkXZjORVOa9oDnuRQiwP5Ghxe5h8gTYKRpT2zCEiIoKYjDFxKCm4qqqKFHzu3Lnjx4+/9dZbly5dsrTL+IaGhmvXrhGf8TKT0Inl7fvUTGJPRYjbxPOwsDBmZk4SOiPR/bp16w4ePPjUU0+hcpI1ErfsDDTsVdFmK8TyYP5n9EL8hpgNaWDSy5cvf/e73929e/ezzz57+vTp8+fP23cwxsfHsSfQxr/2778xuMkXg5Om6+rqGIBVmZB+HI2gDx8+vH79+s2bN+NiHM1gf39/uyJbojTKptHW1kYYJ7k3Nzdz3aeffnrXrl1cgtmYh9lg7rUKsfRRKYs7B2MSe5Em4MeBgYHu7m4EzW5oaGhcXBxBGPMi7qCgoICAgFjnTxr29/dnZWVt2rQJBbPLiQaDH3744UOHDq1evbqrqwsRMxKPo2bDzGuJm3O5Ch8AISEhnEgPh+hhK8RyQr8/WtwGSNAeKRhjY2PXrl0j6m7ZsmV4eLivry81NZV4i5HxJlJmDG5NSUnJycmhH3HjdNqIm3CN4gsLCzMyMkzl4eHhSBx942UuZA+7mRNTY2diOLPRz1mjo6MkaKbiKFfftm0bW9zNa3MytH49qVg+KEeL2wMDsrXEilhjYmIwI37ExcEO8fHxmHr9+vX5+fkHDhywaLx582aUPTQ0xIlskaw9D8HOGDYpKYlhn/vc5+ghQfv6+nJ0YmICL69Zswabnz179uLFix0dHSZiIvbs7Cw5nTm5HMPsEYfULJYfytHiNkCC5kFz9OrVqzs7O0nTZGE/P7/JyUmMmZeXFx0dHRISYr+CgzEej+fMmTNlZWUjIyPkX4IwUuYsVDszM0OUbm9vj4yM3Lt3b1RUFDOTuxEuIZox+Jqp6CQyw+DgIP0tLS18PHDRnp4eGszGi2Fae3kw91qFWBYoR4vbAFeSWNlaaEWL5GikiW3RK6kWC09NTZnB2ZKL8e/Ro0ePHz+OYXt7e1HqkSNHkC963bdv34MPPkjcRusE6qqqKo7idBI04n7ggQeSk5MZyYm4njZ5mQB+8uTJ2tpaxg8MDDDSHmoDyZqtBC2WGXK0uD0wr0EbU69fvx5L1tXVWQ8+RaO4m0Pj4+Nnz5599dVXy8vL8Tjy3bFjxzPPPPP+++/Tz7CNGzfm5OTYF6g5RPomIAcHB9sf1iI+b968eefOncTqtWvXonubmdNReWJiYnV1NZrmswEv20uyJyHOyxRimSBHi9sD1bK1Z9BsY2Nj4+Li7N9zJzl/hLCmpobt0NDQ6dOnf/jDHxYXFzMMzx48ePDw4cOhoaFvv/12a2srkiU++/r6MhjPkpQ3bNjAnExFm0yNfxE9Oi4oKEDiaWlpCQkJk84fCiB6Y+2Ojg7aKJ7Xw0iwzwkhlhNytLgN7EkCW4RobffhMqkW7aanp3d3d1+/fp2kTLhmGOEXt37qU5/avn17YGAggbqsrIxQTACPj4+3b0/TiZrRd2FhIafT9nH+5pbH48HvXAIXM5hYjc3XrFmDxDmKrzMzM/nMWPiqYO6FCrFcUEGL28OyKkI0MyJQbDs1NXXt2rXZ2Vn7TXXPP/98RUUFATk6Ovqpp5568sknc3Nz0S7D0PfExERYWBgjg4ODAwICOAvtYm1CtH1Lr6mpaXx8vLe3t7y8HImjabuo/QonYjshur6+ngtxaXM0KESLZYkcLW6DWwRtjZiYGDIyYi0qKiLh5uXloWNz6MMPP0yCzsrKIt6iYKx948YNTsHFDAsPD0e4ZmH7RRzImrCcn5/f0NAQGxvb09NDGOdETsfsFy5caGxspJ9rsbt161Zc77yu+VfCMFfoQiwP5GhxG5gKgfbcYwXHiaTaQ4cOEWlPnz6NPVNTU5955pnExMTMzMxt27bZT/ls29raSl5OSkqypxaoHKcTmcnCBOSxsTGO0t65cydaJ18HBgban2ghgJeVldXW1nJKTU3NlStXSOiMYVqMbFKmzQvjJdnLE2J5IEeLOwEt4lxsSIOcGxAQ8PGPf9zPz+/o0aModdOmTfv27cO5KNtSMKfQKCkpYYvNsXBoaCidpmnazMAhZmMwSZlgjrvpDA4OPn/+/NmzZwnmBQUFiPh//ud/IiMjDxw4wImMNyObphWixfJDjha3AQbEg9YwG1oDUaanpz/xxBOdnZ2vvfbazMzM1q1bIyIizpw5U1xcbN+Y5lBFRQXiTnYgLyNltE4MHx0dRdb2BWd2GYymMzIyJicncfSFCxdeffVV5ufQ66+/HhYW9sgjjzDAPiEWvhhiuL08IZYNcrS4PSy3srV0TLB1HzJs2LDhwQcfrKmpQakId/PmzdnZ2WVlZadPn0bQN27cGBoaYlhiYiIBmXNtBgxO9GYGGmZY2ribYR6P56WXXsLUhw4dio+PJ1CvWbPms5/97Lp168zL7ouxhvsdDyGWDfq34OI2cG14SwNdkmHZJiQkYGdkOj4+npKSQvjFtn19faWlpdXV1Vg4MjJy+/btISEh6BhHk7jb29v9/f3pYQbSMT00iNuE7suXLyPlZ555JjU19ezZs8j6M5/5DKcTqLk0py98DQsbQiwb5GjxIYCd2Zoi0TQivnLlSmVlpa+vb2ZmJrLGyPbEg9Ad4fy9cHuygY7tN35wYktLC0G4p6enra2N0M1ufn7+4cOHGXnixAlOfPjhhzdu3Ojj42NXBM6au7wQyxd9q1R8CFgVEYFxMQ6lUVdXd+zYsfr6+q1bt+LZ6Ojo6enpoaGhxsZGM/J7772HwRlMvu7q6goKCvJ4PFlZWYwMDAxE9ExCPymbGB4TE/Pggw+SspE4l3D8/HM92RArATlafDiQdtEuAdm8iUkxLPn3zJkzISEhR44cIRQjZYIzI0dHR/G1yZo2+ravdgQHB9NY4/wllzfffPPixYvJycmHDh3asGFDWFgYc9rM9g0QPz8/OVose+Ro8SFAFaFOjAlWUYh41apVU1NTtbW1JSUlvb29CBoLo+CkpCT7cjTDyML3O/+8BU0zgPHNzc0DAwNk56amJrR+4MCByMhI1I+4Tc1AAzjXJhFiGSNHiw8BDEshYUzUSRvtIlAcTYN+8nJ3d3dbW1tdXV1jY2NPTw8qx9eYOjY2ljg8MTGBlBlsP3hMTU3dvHkzNgeOMg+dHLUEzbn2LBun02kvQIjlyiI42q7ISnN3re02jFt2fyU2xiY0Fk67cFd8pLj2xKf2RMLeGtOrjUGsyHp0dBRHo2zyMrv+/v72DqLjhISE+Pj4oKCgwMDA4OBg86/NY5Oza5OzJVYzwDrFr+OWVXDLLtAD+qjzZhbH0UChAIsNWMnW5igNG8aulQ49C0+hQaf1MIa8RoP8xaKlYWNY0ozRGr6X8B+frfsf3N21N8U6DXu/JicnLQ7bADI4uD8GXDibtW/hljnFL8N/N4P/Vvafy10XdNrisrfAvssovJPFcbQ1TMrsmqOtmNhaaDLDWpuRbg/Lm7M4hS1HreDoBxpWeTTY0sNWiBWILQEXWwt0spTYWoNOtroj8XIWx9F2UcoCaFt9uA2rHreTLdguLDyKo9llSxBgJPq2hpnasBnc04VYCVh8sbK3JWDrwtaLPZICblzYZRgN5zzhdSyCo02sfHqz5eqWiMF9JTQYM+38ykorJmqLzpmZGbacSCcDaFBYVohgZ3GIhjnabVibMdYWYtnjFjwNVpB1OgtlbqW4PSwZtu43JoUXsmg5GnvOzs5SK9QHhTI1NYWCJyYmhoeHaU9OTvb394+Pj+NcRqJjxnCISgoNDWXLIX9//+Dg4MDAwJCQELZ+fn4BAQE+Pj7mZcbbVcAq0vqFWFGYhVky1D8rgjbrrrW1lVWWnJxsiYetHO21LJqjrUFlUDEdHR3d3d2Dg4NdXV2ImEPUE/1Ymwbyxbw3b94cGRlh137VgzsMfH198XVKSkpaWlpQUFBUVJT9IJFh1B/DrEytLcQKgfq3JcYasR7bZbk9//zzzc3Nv/M7v7N//3566NezDq9lERxtpWPGxLy1tbVFRUXomF28HBsbGxMTQ1jGtvYFWHumwSmolnriRIZNT09zLqbu6+vr7Oyk7OyfqDHygQceiIyMZBinADO4Def6QqwIFi40YPlwnzo6OlpRUfHtb38bR//Wb/3WM888Q6YhBrHKbJjwNhbB0WDVgzT7+/tPnTpVWVkZHR3t8Xi4/8rOzsa2qNa+iUXpUECMp2GSxebj4+P0oOmBgQHCNbK2RyX0UJFPPvlkRkYGZ3EJ6pKz7EQhlitW55aI2dJjS8x2WRQsjZ6eHhaLbUk2BB3sTKwJCwtj9ZGN7OftjAcaTGK7TEXb5p+7mLi3LIKjuSIVw1uOgqurq8nRqampGPbChQuolk56qDmqZ3JykpGkaYrMTA0UytjYGD3Q29tLf35+PmYfGhpqaWlh137DA6czmKvYFuYvL8RygaVk65flYyHGdu3QnGudb69ytKqq6vLly0g5Li6OO1RWma0IghGBmnydnp7OUeAe1F0szvTzX9fjFGZzD9G2hvioWQRHE3t51ykpjPzaa68Rio8cOYJeu7q6yL98vF+6dIkojbgpnatXrzIyKSmJYVQb/f7+/kzCMCw8ODhICrCRw8PDRUVF1BxOJ0rn5OTYVTiL8TSciwuxfGDxsppooE43i9BpAqWHVWMPAysqKgg0LJmYmBgWCIdYR4w0g5NvaBOJEhMTDx48yCozLTAP8zMneYgGg1lHHGJXjr5nLIKjqQ8uyhtfV1f38ssv005LS+vu7sa227ZtQ9yYl1zMzRfaLSkp4ZOfaHzjxg3OzcrKCggIoPI4NyIigh775Q+NjY1Ym3JkcmKC/SrLwMBAuxbDGENhzV1eiGUE3qTIWU2olqTS2tq6du1aHx8fOulpaGjgrtR+1yvrhSS0bt06FhFSRtmsL4axLsjIHB0ZGSkuLk5JSSHfcC4zc4gbU8I1M9g6sgVFP1e0FyA+ahbhd/zb20wF4N+Ojg6yM+/32NgYPci3pqamv7+fNgWHiFGzfamjvLycqkK1FFZTUxO5ADu7v/yBCVEzxYfNmQQI1/QwM6e4hTX/CoRYFlDVRBMK22q7rKzsP/7jP4g4ZGSyDs7lKJmGyGJfS+VWNT4+HuGygtA0+v7hD3/4yiuvsOJIQqwyVhNLjyUz7cBa4xR6COCon0vQZk1pKd1LFsHR5s2BgYHS0lLUHB4eTklFR0eTo7kLoxqoAATNIfuop3Q8Ho8VHPKltjjKxzulZp//kZGRSUlJ9DCssrKSOzsmRNZsuRZ1zOUYOX95IZYXRBDqnC33kfX19awgbkyJPkTmzMxMQjFBmKVEJLp27RouRr7cd4aEhLDErl69Sna2TMOW+Hzo0KHCwsLExESiN9MyJ3JnebKCWEq2jlhQYFcXHzWL9rey2tvb+RinjHBrVVUVn9LYFh0jaGTNpz01RIMB1AeJGAtTNGiX8ewCQqdQiNJUEionCzCtZWokzkjqjENAP53WEGLZYK5ErNT2mjVrSC3BwcGkGWIKwqWHXQzLSAJydXU1KYeVhWeBRLxx40Zs3tzczAJkHgazDPPy8gg9rBeyNk5nzvz8fJabrSCG8WHgXFaOvkcsgqN5s6GlpaWmpoZ3mkBNGeFfPv/ZpRNTW6mhWoqGTurJbq/o5Fw0TS4gMk9OTlKglqnpYQCnMBKop/Xr13PILgc2gxDLDBYI5c2WxcLCQc2si9bW1ra2NhIMOg4ICCAyk4gJy+QeW0Tp6elZWVmsEQYXFRURrslDubm5JBvST11dXUVFBbFp69atLEx7xGFX4Yoma7u6+KhZnBzNm42LGxoaKAI0yls+ODiIXjlEIk5OTuYejTaypj6oKioPKB3ScXh4OFmAQqTUkDvVQ3YmNTADnRyi7MgL1FxKSgruZh4++TmkqhLLEgqbVcAWHbMiWCksGdYUafrSpUvFxcUcQtaskSjnz980Njay6Hbv3s2i4BRs/u6775KdDx06FBMTwzB6EDoR2xI0y5BhTGiBnbaW0r1kcRw9NTXFnRR1gHb5kEfElAulQH3wqc4ADIt5+/v7qQnajCcIeDwePE7lYWdUjnmBdIyIqSSMTBjH/vZUDpuTC+wejZmZB+zqQiwbTJd2j2hFTppmQRFWMDKLpbS0lCXGsmLLcnOfWqBjTN3T0/PSSy+xXuzfhROfua/ldAI1WYepbIkxuZ0FfB641xX3gMX5NyyUzvXr1ykaPt5ra2upBgI14Ze3H/igpixQM21qwj69OZFOoNqoM3ooOAqIXMAWd+NxZujq6kL0DCYXcJuWkZHBKTiai/Ix4FxfiOUDxY8uwRYyW4O1w6F33nnn2rVrhYWFFD+rhmWSlJSEgq9cucIKiouLO3369LFjx7Zt2/aHf/iHLBMCdXp6+r59+xjP6YwBVhBtJmR+2jTY0u9cX3zkLE6O7u3t5YYrMTGRT3tuzfhIJxpjWCLw4OAg2uUDnDrgc562FQQ9SJlapNSYgU6SNbWI5fEyh2hzyH5sbfrG+9HR0fRzOieqqsTyg/Kmtql2YJe2bYE009bWxgBbUNxlcmPKcktOTmZlYWFWHIto165dn/zkJ3E3q49TsrOzWY82G2kJI1tIYsUxFVh77trinrAI2uJtpoDQKG2qhE91ZJqSkrJhwwaSNaWDWENCQsjF+Jddqsrf358e2hQHBccwao6Co4e8DDk5OdiZfgoRU9Nvn/ZcwqpNVSWWK46f54ocyMK0WTuIlTYrCKWyNOyrqHRylNVHWN60aRMr7jOf+cwnPvEJVhCDzcJkbe5E7S7WbkAZb5O7C4pO6xH3gMV51tHU1FRbW4uXh4aG+KymhigIXHz58mUqafv27VQDWZtO1EyJ0OATHvNylBloeDyeoqIikjif/+RopmI8JRgWFlZcXMwY7J+Xl5eZmWmVJ0eL5QeFzdJggSBi3FpZWVlfXx8YGMgu9c8yqa6uZhg6tn8rWFVVhazt1ySwBpubm1lH6JiQRHZmhvLyciI2Y7Cz5WXCUFpaGquMXabictbvXF/cCxbnu3ctLS3cWFEWOJq3nPyLXgnIRGP7cQfD0DFVRZ0hccqou7ubHjzOLqeQFLA8BYTf0Tf9TEthMX5kZMRCOm1mY1orLyGWJZQ3xc+COn78+IULF1gLWBXVslJSU1OJL/ja/vUAAZkVwXJ79dVX//Vf//V1h7NnzzKYG9DGxkaCjv2wkbXGImLtdHZ2EsaJPoyxdcRHAjhXFveCRXA0n+Gtra3Dw8Ph4eGDg4N8JvPhTD9KbWtr4yOdEqGqKAirCUrk29/+9n/913+VlZVRfBylRMbGxkgB9m8UMT43a1ge41OCjCcRIG5mJmhTZ1QwqLDEMsOx5VxV2wqi8lkFZF7KnrCMna3NmiK43Lhxg+XG7vXr17/2ta+dP38e/7JkWIksFsazahjw2GOPcQOKsjmXxdXT02PPsllHXIs1paV0j1mcgElJ2TtNEfCpzi5QRpQIdqafCIDKGUndfO973/vWt7711ltvoWlqi7s5DqFvyoWRnEhdMpKPfXI3J7LLJPRTeQRwLsR4m02IZcZc+nCWEvF5x44d27ZtI75cvXqVQOPxeGylcIjscvny5VOnTpGUS0tLicycYiuI0ysrK3/yk5+QnIKCgjAycIiRly5d4hLomxxtg9m1rbhnLI6jMSl1gEynpqbYpZIoFCRLlHZ0OvdjDdoY9rvf/e43v/nN7u5uSg3nco/29a9/vb29nbPsI51hiJ5da1jlAZegE1MzxnrYFWKZQcHP3W8631zittK+lUG7vLz82LFjyLq/v58lQBJiCbBGLMGwOlgaLDTSMevu5s2bNTU1HCJ6Mye73KTarwXeunUrIdrmt0O2ppyLi3vB4jjaz88vJCRkfHx8YGCAiqHBlrffQjRYEeDoc+fOIWjKiyqhYnD6yZMnTdmMAarNPvwZT81ZDRHJgR6O2lRWYUIsM6ywKXLKnkURFRW1YcOGTZs2JSYmdnR0cOv5jW98gzjMQktPTz9w4AArZXh4mME0EDQNYBL8vm7dOhI3d64EbUI32ZlgHhcXx7JC31zCXZhaTfeSRXC0mZR6AgrFAi/vOrvue2++psf9SQVwIiVCYaFsGmwtBXAfR4KmAXTicW73zPucpXoSyxVWAUXOuphbS87yYQlg1aysrL17937yk59MS0traGgoKytraWkhFSUnJyPigoIC1h1q5lyL1REREUeOHNm/fz/p58yZMz09PZmZmYielWUzs6yYnMtZe/7y4p6wOD8ztF9fS2XQDnR+Ez+1RQO30hkZGckwCoLgHBsbW1dX19raarVIOvjSl7506NAh2h6Ph9RAGVFnRGl6OIXiIzLQQzG5P+CmHyRrscygpK2qqXYaaJdbT3ZZBawdtrRZGiwTFhfuZl2wvvLy8hhWVVXFomAY/X/wB3/w+c9/njVoP4ffvn07C4cAxABmQMrMT8MSNw3binvD4vw7Q+7Cent78a99+wKoJ0pkdHSUEgG38hISEjIyMmpqavr6+hj/V3/1V5/97GeRLzHZokFAQAB3Z+RolA2kcrYInTkZRnCwSgUVlliWOAlkLuHSNllbGxGzysguLAc6U1JSuMVkySQlJdmv49i6davF7aeffpqFxmAsTMpmgC0WFhFb2ha6mRa4Fj02QNwDFsHRvLv9/f0jIyN8vKNXPq4xLNUQHR1NJ5KljKgDevjYZ3B8fDwf9VQVdn788cc5evPmzcHBwdraWhI3pzMJpuYGDY+zyxaDExDCwsLI3W6dgb0AIZYTbrw1F9PAzpapuQFlKZFUyDesEVt03HqyiHJycgoLC4nMrCzuNVE5R7u7uznELlMhdCKU2R+Y2baMtIZzcfGRszg52r6SSV5my70Y1UMnjaamJhxtN2VUDHVACnYq5H7u0bZt20Z5MZJdThwYGCAa4GKMTD8ZHHfHxMSgb6qTVE7bfl+HnTJ3YSGWF65Dqf/6+noky3Igr9BA0PYdOxYa2mV1EF9oY2HWCDmJZXj58uWioqLm5maOsuLIPWxZfdykshjb2tqYiktwS2o/fjdTc105+p6xOObibR4bG8OzvNNs8SwNPp/58KfCaDCGGqJtBWE/QgTaViVsOYvKI0QzAwMoIIROaiaVBwYGci5jbDCHmHnuwkIsIxYWNm595513Xn31VfIvkYXEg46JyfZrcFA2wrUVhJpLS0tv3LhRVVX1/e9//2tf+9pPf/pT9N3e3o7oSdwJCQncgK5z/tQWPXV1daxWlpJdiItaQ9wbFsHR9mlsbWRKmzrDpDgXvVJhaBfbcsgeJVNY5GIsPGdc54fLBofoROWcwi6HqEWmGhoa4sO/s7OTfs6l35zuXFCI5QNVTbxlS9nj5dTUVI/Hg3zJLkg2IyMDQefm5trtJmGZ4EJGJlwzzM7ds2cPNr9w4cLJkyfp9/HxycrK4gaUU5iNdcdVuIVlJdqHAWeBc3Fxj1gER2NMZMo7TaHw3gNBmArAsxQNbSqJNv61J190ko5ty+l0MmZgYMBOAWazQ0xFRqipqaEcsTP3dJQmAziFrXNxIZYhVDir4MCBAzt27KD4cS65mH7WBRB3wsLCSkpKLl682OL8jTpiEOsLgz/77LOf/vSnyeDHjh1D7qxKpsLUqNz+UlJcXFxOTg7hyQ7BnKSl6XvI4jzrsMfKZ86c4e6MT2/eeIRLWVAKlI7dkXGTNTg4yCE0jXzZ4lmKg5qjzRgqyaI3qYHB3MqVl5dTVfarSrOzswkINhVnccrchYVYXsyFlA/+XDeB9/Dhw3l5efX19Tj31KlT7e3t9tCPAdjZ/uysPUIkJsc67Ny5k21vby+rLCEhwVZiZWVlRUVFVFQUsZp1xHjgQqxHu664ZyzOzwzxbGtrK5WEZPlIt4dltLm36ujo4DPffqzBSPxL0dhXNZAvpUYBUWdEaY5SMVQh5zIDRUYPt2nQ39/PJSgvX19fi9vs6sNfLEumpqbMoZQ6kZllglVJLWVlZefOnWOBoGDGEF8SExM3btzY09PDuiBxsyhYUCyus2fPcsqjjz5KeGJxcZPa2dnJ8ikoKGBCVhwriPm5ll2FhlbTPWMRHM37zda8HB8fTwHxxmNqKgMvU1sMGBsbo7a4BcO2XV1dTc4fP6Qs2K2traWAGMBRDg0NDRGl+cAnAiB3JiECUJGZmZlJSUmU4Fzx6ifRYllDbYPVOXE4Li4uLS2NWF1aWoqp6cfLuHXLli3cYiJoIg5H8S+3rdevX7906RKCfvzxx6uqqmxVEsaZgZEsRmbG5pzurKT7OcUadmnxUbMIjubNJv/y3pOaqRKkjFgJvwEBAcHBwfYQGf8CIykma1ihIF/OYhf5ci4f/tHR0VgeZQNZu7y8nCLz8fHZunUr4nZKd07NbkOIZQOLyB4GUtu0zZvWww0oq4PFwrJC2diWXRZXSkoKCmaxEHpYTc3NzXV1day+p59+mnVHcsrPz0fljLRpgXVn09pVaOuu9F6yCB+GdodFxVAoZF5CMSEaEbNrFqZNBVAllBciRrUUFiLmKPKlwbnoGDo6OpiBjIDKqR4+4S2G06DgrIyoLSsvu7oQywmqndoGVgd1TnxxBcqiwNTcULJqaGRkZLCgGMB9Jwlm3bp13IMi8UOHDv3Jn/xJdnb27OwsKkfoDGYGNylzCWZmFxjjXE2r6d6xaDcsoaGhVAOyTkhI4GMcz3Z1daHp3t5eYjWBmkJBuAyIjIwcHh5ubW2l+DiLfjxuz9QwODUHHo+HOEA0oNT27NlDCaJ4kzX1xIm05y8sxHLBatvsSZst64Ue66RnxvkDhqwaFhRbjtLPiSwi1l1hYeGOHTuysrJYYiwQ86+tFLdhbc5iThprnX+CYP3i3rBozzooF+JzfX09jejoaDQdFhaGo9ExAxhGmu53/qosg1taWvByYmIig+lkDEepM8bjcWRN1iZcMwPhmvs1TJ2UlGSVClQb0LAXIMSyAW/Ot37VA73BwUGWAwsER5Oam5qaaONiVg0riDWFxGkwDMg97MY7f6qf9WL5xlaNO61zBYXoe8ovPi3vGXZFzEv4vXr1KsKlTdFgWG7K7Ot3VgccYjCqxcUcwuP02Ej7VOfejQHc0+FuCo6sTRhPTU197LHHYmNjmYEKY3KbTbUlVggsCsqeLf4lBrFAbImxjuwRIsuHVcZIFgiRiOXDumMYMTkzM5PEzSFbOEo2i86iOZotVVJdXd3X18dnO4YFPuFxcXt7O6HYfvkWPfbVH/uKNGVEsiaAs8tRDhGcmYdd5sTR4eHhe/bsSU9P5xSTMiVog+euLcTKgLJndbBYaADriGXCoqBBp2UXWyPWwNpsWX2Bzj/9ZQbGM4x+m1AsFovgaLCPaEqHD/nKykp6uL2KiIiwguCOjE/7devWNTc3o+Po6GhKh1OoGGDA+fPnMXhKSgp3Z/RwLndqV65c6ezs3Lt378MPP+znfKvaCpT/g4xhS1iYu7YQKwDWC9s5PTsLgbatOJaYLQd6Fm5tZRkMYzD9bOXoRWdx/g0LRUAN8faTlykOj8fT0tLCvRhlgXDpJwJgYcZwX7Z+/XqcOz09HevAeFyckZERGRmJwRnc399Pz9DQ0JYtW/bv329BACNzOlCgv1yFQixjKHtLwcACof7ZpWE9thyAZWJYp7U519o23kaKRWRxcrRdlLqxbVdXV3l5OaamHyljVQJyVlaW/VQwLS1tYGCgoaFhw4YNeLm1tfX69euJiYmE697eXgb7+/snJCSEhoZy1NfX1+qMCmPLhwGyZlp2nSsLsSKg5oElwHKY73IwHS/spwF0uofmznR2tWq8gUV71sHWqoQtJiU4o2PiMKxdu7bP+Y0wOJp0HB0dTYhGx/ZHVUjNs7Oz6BhHY2eSdXh4OP242EoNmN99skEb7HZPiBUFa4HFRWPhgz5bI3Ni/kDTLBB6LDVbg56FA8QisjiOBquS+R0HeqgMYjUNpIyy2aJjKy8L3bgYcQOCppJcnAnmsGkXTk6brapNrEx+k/p3xyxcOMJLWDRH/zJ84PNiuL2yKrFdGuwCbftsdwcIIcSyx4sc7d5wmZGtk/avvO1iwC09Qgix/PAiR7vwkszL7i5bc7f1gBwthFgJeJ2jeT3m31uM7G7dhn7oLIRY9njX9x/n9OxggqZhD0Dchg27xeBCCLFc8SJHm4vB2m4nW4zsfH3jF4873AFCCLGM8aJnHbwSezFOSv4VMdmOuls96xBCLHu88WeGQgghDP17fCGE8F7kaCGE8F7kaCGE8F7kaCGE8F7kaCGE8F7kaCGE8F7kaCGE8F7kaCGE8F7kaCGE8F7kaCGE8F7kaCGE8F7kaCGE8F7kaCGE8F7kaCGE8F7kaCGE8F7kaCGE8F7kaCGE8F7kaCGE8F7kaCGE8F7kaCGE8F7kaCGE8F7kaCGE+NX8/Oc/n285bXfX2mC7Hyn33ZvLCCGE13KLBt1dGvfff/99991H+7333mNLG95//31rc5Qx7LrDPnTkaCHESsfV4C2etf5bJImO8TWdrqPZpQEfhablaCHESocgbCZEssbCfleS1s8WKVt2XrVqlXUyZu40OVoIIT4KTLLmQ9eK1jDz/jr/2ln2JGT16tXW+SEiRwshVjoLNUjb3SUso2Dysu3SBmuDpWzrtFPckR8icrQQYqWDbdmaYX9ZifQQk2/evEl7lYM9erZ+63QG/tqsfTfI0UIIMR+fZx2mpqYwsomb3YmJiX6H6elpX1/f0NDQpKSkkJCQgICAtWvXLszOcrQQQtwVJF9MilhNwYB5h4eHUTAuhpGREcZ0d3ePjo4GBgYGBQX19vYODQ0RlnE3/X5+fuvXr8/IyAgLC6MTU/v7+zMMa2Nwy9dg7l6Y0O8MOVoIsVLAmORitrh19erVg4ODzc3NXV1dra2tuDU2NnbNmjU0OPrmm292dHQkJCQQmTE1jdTUVNx94cKFysrK8PDw3bt3ezyetrY2zkLTnMIwGomJibibBldxZc3R+Vdw+8jRQoiVApLFeGzJzu3t7UVFRQg0JiamqqoK7e7YsSM+Pp5QfPPmzVOnTpWVlVnoPnToUH5+Pp6lH61ziDF5eXkDAwMYPzs7m2ENDQ3V1dVYOzMzk0nojIyMtItyCSax9h0gRwshVgpzsdZhaGjoxIkTV65cQabbtm0bHx9HuCRr5MvW19d3ZmaGiG3PoO3ps/ndx8cHTaNddv38/BAx8ZnIPDY2Njw8zImczrRE6U9+8pMc4qL0yNFCCPH/x54/0GhsbDx9+jSGjYiIQK8oGE0jX4zMmLVr1+JfYCSyHh0d5SwOYVvsHBQUhKk5yx5iEK4ZzwxA/8TExPnz53t7e3/7t387PT3dZrubZx0f/rf5hBDCO7HHDoBta2trL1++PDk5iXPpR69RUVEoG3A3MRn5rlmzBjuzxb+hoaExMTGxsbGkY7TLbFibE9llAA1OsZ8ukqYxfl9fH1eBu8zBytFCiJUCuiPY4mj0+r3vfe+HP/whXs7JyYmPj8fL+Dc4OJgBJGjiMA0Ma9/DM1MD/mUewvXw8DBHTc0BAQG4HkEzLduGhgZme/bZZ9evX8+1GGNXvzPkaCHESgHdoVSkOTs7+7Of/ezll18mBZOgMSxexrz2fJlkjXYtL3MUONGeV3AubRgdHeWswcFBbI6IPR5PS0sLnWyTk5P/5m/+ZuPGjQzjFMzuXPwOkaPFSueWJcB6m2+J5QiOZtvR0fHCCy+w3blzJ0kZI8fFxb322mt9fX2ZmZlscW5MTAy52N/fH0fTIE2TrHE0W9pYnk5yN15ubW3FywidQ2NjY6Tyv/3bvw0NDbXxYJe+M+RosXL5lcUvRy9j7B1HndeuXfvHf/xHkvLTTz/d398fFRW1devW06dPc2jHjh1Xrlxpa2vbsGGD6RWtDw8Pc4g2PTQAI9PPiUj5woULnO7r61tWVtbe3p6YmPjFL37RnopgcyrqbqL0qq985SvzTSFWBgvVTJtVxypymT/gHFq4K5YBptdVq1Yh1vLycgRKaiZEr169GtsODAxwiERMviYm79u3Ly0tjZHZ2dlbtmzJycmhkZubSyMvLy8rK4ugHRQUhOjHx8ejo6OxNgH86tWrTLh7924cTf1YFd1NlNb3OsSKY87EC7B16zI/SIF6OYIr7TFFUlLS4cOHw8LCenp67Ed/yJS0OzU1RQ0gWSsGdktKSmpra4nM7Jpw8TjQw66fnx/9+J2pent7JycnET1purGxkctxiJmZ365+Z8jRYqXAorKVBqwumD8gVgzOh/LcRy8hNyEhASkTgamEiYmJmZkZ3D00NMTRiIgI+3K0j48PY9A6sIuaGUODsy5evFhUVFRVVXXmzBk8XlpaSk9XV5fla2TNMPdyd4McLVYKv3LB0EPSWQidZnCwMWI5QaoFPqexLTGZd5k33WrDOtExyh4eHqaxsDyQNbuMZ9vX1/fCCy88//zz169fR+vt7e01NTX2a5Wys7MffPBBcjojyQScOH/hO0WOFisFW2nG3Ir8NQHHFuGvOyqWB9QASRmHTk9P2y4Qrv39/e05hgVn0zQlQXDG2ribo+wGBwc/8MADe/bsWesQHx+PnTnXvnuXkZFBj3PDNodzwTtHjhbLH0s0RCTuZ4lOrDTW0kLGxsZYhPQDY1iZjOes+fM/gJ5f7hRLCDOmfQbbY2LTMe8+5eHj44NwsTAKJhQzBnEjXxpf/epXf+/3fu/v/u7vurq6qAE6P/3pT3/+85/fu3cvOs7NzS0sLKR/ZGSE+omLiyN02/zm+rtB3+sQSxWq35YcW2fRzf/0z9osGJYfzsW/9jskCThNDtXV1VeuXKmqqup0oKe5ubmxsZEt0NPf39/b20tuYnJWLAvVueDH8DsrmeVnu2LJQVXwblIe1MbAwEBNTQ1SjoqKwq1sKZ6hoaHk5GSOtre3p6enY2pK5cUXX3zllVfKy8srKyupCnSMxCmDQOeXkXIKCTopKYky6+7u5pRHHnmEo1SOXdSuaO07QI4WSxhzMUuLNlvadivKQsK8rMAbN27g4vr6+r6+vsnJSbROuuEsVMvI0NBQAhH3vCxUW0hg/5yXU2pra5mEhUcnZ9njSLuoa22xtOC9ozyswf0T5YGO7blEYmIi/YODgykpKZQHb/26devo/6d/+qc333yTyuFN50OaouJTf9euXZQNU5Ga8TKHqBBCQEdHR1hY2KFDh6gWt6IM5/p3wvwrFmIpQvWyxmwNsJxYFey2traWOjAgLy+PgIOCSTrAQjK9MozVxen2CJLGwlSOpglW9gyENpCbCgoKuIedu6qTjKwhlhy89bzdfEJza/XCCy9wp7Vz506kvGHDBt5uPpj37t07Pj5++vTphx56iDf6ySefJEH7+PhQMJzLDFu3bv3JT36C05mHNHDt2jVmg6KiooqKivz8/C996UuMpyZtPIecK98hKjWxhDGrWmBhJbAk6urqzpw5wxpjpT322GM7duwgFmFhFhhrkkx99epVFhUxGa5fv15cXMwKhJKSEg4B7a6uLmaLjIzMyclhhk2bNjEhA7C283GgHycubewdtMcRfDYbFA+mpk5sgMGHOjdb9PA5zQDrsSfUQOFxc8bHOScygElo8HFuRylOJD53vbtDjhZLG1sPLAa2Q0ND58+fZ5kVFhZmZWXRyZ0pbq2urm5ubmY5BQQExMTEJDukpaWh4NzcXPt7SKmpqdicNmuMGdA0t654nNvhzs7O9vZ2bmPdBWyXFksOSgKxAm0cylvJdsr5dyt02jvLGKAH+Jz+8pe/vG3bNg7ZicTtv/zLv4yKimIMg83dpGbsTA/SDw8PZxiHOIVdoH036Hm0WMLYYnDW1C8cjVJZdX19feQanIuLMTIWBhrx8fGxsbFhYWGsJVYgW9pAOGJLDxKPjo6mzSEWXqXD4OAgp2dkZPj5+dlKFksR6oStlc3ExERFRQX3RrzjvKcUBgXj8Xjs7xa2trauW7cuIiKCT+709HTuwOjMzs7+h3/4B3vcbCVHYYyNjVFRPT09TU1NZOrt27fbryTlEh9KqShHi6UNYYfVYmmFJUEKBtINi23c+csa/f39JGh7Ek0PqwiGh4fZsj4ZwEh2adPDLouTpXvlyhV0TwxH1g8++ODmzZuZgTXMVWydi6WL6dW+aceuCZc3l1oyq9KwYUDZ7N69+zvf+c6PfvSjb3/72wcOHGAMA1C2nWVT2Xc66eRezc6lbVPRpnHH6GeGYmnjOpol0dbWdvz4cVJwbm4uu+3t7adPn75x4wZpiASEuxnGsvT19SUgM4BdbM7qYl2x0miTiTgLZXOU1Hz48GHiFVe5ePEipxCgiNt3f/cqFhHTK5+4KPXFF1+0HxLy1m/YsMG+tsEuBXDq1KlHH32URIyF0TRvOmVmUCpsbZLr1683NjZSXVevXr18+fLAwMCXv/xl+6402Flc1NR/ZyhHi6UK1c96M0ezZSGFhob6+/uTgu0rUFlZWUFBQawlP+fXt0dFRbGW8DWejXT+kB09cXFxrENG5ufnszhZqOHh4WlpaVieG1jyUXd3N6LnVtd+9bvdJouli5UK0mRLm09lKgQRs7UvzAEf5OiVMYCI7VPZdjnKll27r0LKmJ0KxPjcrvHxT13ZMDvLHH03qODEEsYWg9tG0Ki5tbX13Llzly5dqq6uRs3cqH784x8nXKempuLojRs34t9169YVFBTgZaQM6enpiYmJRGaszQxbt27lEPMwSXNzM0uRtYfo3fUpli68g2Cf63jZbqRo2DtrRwEFW2nRds6bww65WD5gGGXGJGytThjpqtlGWvvOkKPF0sa8yZKw1UKUxr/JycmkGCQ7OjqKuBnQ09NTUlJSXFxcV1fH/SyH2tvb7Rt49JeVlZ0/f/7YsWNnz54lOAP5iBBN4iZl79ixgzm5FisZWJl2abEUMWPyJtJAqURmKseMzJvL5zGHZj/4Et6vw0qOBkaG8fHxoaEhTuFOiwnN/hxljF3ubpCjxVJlzsrOOnE1bbkmJiamsLAQsT7wwAOPP/44tj169GhgYGB4eDjK7nDAwp2dnabjkZERwhQnslBTUlI2bdp0+fLl69evP/HEE4cOHcrMzCSDY3xuilm6XAvsBYglx1zFfJBweU9RKh/hWHXNB7/TDqgiTG0/sbCRv4wp3gZw+sTEBFXElhrjo52jwCGbzTnjzlG1iSWMhRS25k1bNv39/WwJ1HFxcRs2bIiKiiLgbNu2be/evWxhz549W7duzc7OznFAygzbvn37wYMH9+3bRzvY+WcIuJ4czTKzVMW6pROcK4ulin3K8j6yxae8v7yzFAwNeuzps23ZnT/nf8NIa9gPmd3Z6KFyrEEPwwxn7J0jR4uliq0N1oBFFdpgP+2xhUED7Pkg/URpnJuYmIi7uTP96le/+sUvfvHP//zP/+Vf/oV7VRIQqYqbX6blFPuniUzIDHRyLjMwz90vObGIWJG4DeIzdqZ+eK/tR39AAfBeWyXYWb8STsfRVI5bZmCf7pxIj3OFX/y85I6Ro8XShkU1d2PpPOVgSbDqAgIC3BXC2mOMu0s+Ytvc3Pz3f//3L7/88jvvvPP2228///zz3/jGN4ad33LHimUG4tXg4CBtelhjwKLlXLsKzF1YLE2sWigD2+UmiS3vNWmad5YG8F7bdzxszC1wrnuIYXyc4/fJyUnKLCIigkM2gKvYYBt5x8jRYmnDGjAFu7ukG1OzuZV0Y4eAkXSynKqqquzZBZ3crlZXV3OWLV1WHQ2Wq7sO59a084Utx88S9NKGd9DeX9q86dxR8fFMMVAbVAtbDvFeu0U195b/7zedXZuBYaGhodx+jYyM9PT0YGruxqxOGGC6d691x8jRYqlC9QMLyRqmVJMsDRYGbdtl6xrZxlgDFnYyA7A4gQk5xQ4BbVTOlmlZePO9YqlhVWH+pY2Uecf7+/vb29sHBgb4aOcWymqA99rebiqBrXs6WKmwdauOGcjjpAF8bcM4xCQcpeGceufI0WKpwiIBGiwJ6wGMDO66sq2tOjpZhBiWlRkbG+sMnxvA+KioKFtOLEvucwlH9LPq3Jk5ao8smQesUyxFqBneVnNocnJybm4uBUA/abqrq8v+PTd3WvYLx+nnrbdT3GKgSDhEPTC4o6OjtraWUqGimCrE+ZV4NowTOWWuRhdkgjtAjhZLFUrfVo6tIlYdW3IQsPxsYViDRcVRO4tGTEzMl7/85S1btqSkpKxbt+6hhx76i7/4C1YXCravcDCGXc5lcpvE19eXlWy7NrNYitjDB3sH2eLowsJCf39/KoEUjKapgdbW1ra2Ntr2HU1kbb/1BTweD7u9vb30VFdXV1VVDQ0NUV1UVGJiYl5eHp/uTGtwCSuYu2SuyuebQiw1zLw42m2zwK5cuZKdnc2CsfB77Nixo0ePfuELX9i+fTvVjoVxLgmI21uL1cHBwSwwwrVNRedLL71EOPqjP/qjuLg4eqanpy9fvsyy3LFjR3R0tC0/sRRxdce7TBnw5g4MDFAzjY2NmJeP4cjISGTNvRSaZgD6DgwMpIcTGcwAJE4bF3d2do6OjgYEBNhHO5rmUz8sLIzycK+CvjmLeWz3zlCOFksed0kAbWBhoGx7cEybHttl/VjKZu3l5OQUFBQQo9LT0xG0DWCkzUObhbdwvbGqWXLWFksdqsIaSDk/P//gwYO7d+8mTVMJPT09XV1d9ryLmOxmZwvUY2NjtEnQfMxzOuNTU1P37du3a9cuV9BAA9yr3A1ytFjyuKuCLZkXt5J3EDE9HHUWyxyEI3ZxscFgRGwNtgywqWhw7uTk5Pj4OAPwsn0Ti12WJQPmLimWJrzRvKc0eE8RKKViURe98oGNZ+3P93DLxSf3unXruJEKCQnx9fWlJAw+3YnMubm5mzdv3rNnD6eg+NjYWPpvqSWYK7sFH/N3hhwtlipW+rYGbGHQwKTt7e3EH9q/nGJYk9yZ0rDBZm0atlDJRCxCOrm3ZUI6GUY/p1RUVJSWlpKhbPzcXGIJwrvJW2wy5c2lx95iO4SLISIiIi0tLTMzc8uWLQcOHCAjE7H379+PkXG3kZeXx5ikpKSgoCDuzPgIt6msDoH5advMd4kcLZYqLAOgwWIA65yZmamuri4qKuJ21R5WmHlZLYwxBdMGjjKeHiZhjJ1uC4wx1qBnZGTk3Llzb731VlNTE7J2+8VSxArGGryPlAFbCoNdKw+zLfXA5zRb+7ep4eHh0Q7E7eDgYDoZRh63GayE+ERnaxPa/OBc6m6Ro8UShvVgS8XWibtmrly58t///d+nTp3q7Oykf9L5w6CMR76kHobRIDHZimIpsstZtBmMiAcHB3t7e2tray9cuPD888//+Mc/TkhIOHToEMPcDwOxFLF3nPca2LX3na09HHNhjA1jyzDbLmxwiLKZG+TAtDaD7TLA6tAa1nPHzBXlfFOIJYXp0grY1gPRGDuXlJSQd1paWtrb2+2Lz9euXeP+9KGHHmKXBcmasSWE3zmdhj0DYZdtW1vb9evXcTTpqbu7G5U/8sgj8fHxjY2NqampGzZsYIa5ywtxT5CjxVLllx3N/WZ1dfX58+fz8/PXr19fU1Pz+uuv05mVlTU0NNTc3Iy7uXW1pxx2V2v3uTTIzvRPO7/xffPmzQcOHEDKHo9n3759nFVeXt7V1WU/+r/LWCTEbaG/Cy6WMOjSlSxgau5AR0dHm5qaaGdkZKBXgjDOnZmZGXP+fnNoaKilZnow8uTkJKcjbg4lJyfHxcUFBQVFRERER0dPTEzYz+tLS0t7enqYjRyN2eVocS9RjhZLFcvRGJMatjLGyzQIv8XFxa2trVFRUe+9915DQ4MNKCws3LRpE84lWdtTbE6hnwasdn6WyKGrV6+ePHkSg7ObkJDAJIGBgenp6WlpaQia8VzFzhXiHiBHi6WKORqTuruucO2xcmNj440bN2j09vb6+PjYV1lJ1naWe6I9hrZwzSTt7e3l5eXsIuisrCziM7F67jtZvr7MzwDmd88V4qNGjhZLFbd0Tc00SME0yLmmb+Q7MDCAoFtaWvr6+tBukPPn5hhmZ7ElGtvPANmln3ZAQICfn19ISEhMTAxCZwCzMZU9vwYJWtxL5GixhDEXU8N4EztbyAV0TI89+jDD4t/x8XEG0yAvs7XKZ4xB0EbfnIWL57s+cL07M0fdS9AvxD1AjhYrCwr+l2te2hVeixwthBDei56sCSGE9yJHCyGE9yJHCyGE9yJHCyGE9yJHCyGE9yJHCyGE9yJHCyGE9yJHCyGE9yJHCyGE9yJHCyGE9yJHCyGE9yJHCyGE9yJHCyGE9yJHCyGE9yJHCyGE9yJHCyGE9yJHCyGE9yJHCyGE9yJHCyGE9yJHCyGE9yJHCyGE9yJHCyGE9yJHCyGE9yJHCyGE9yJHCyGE9yJHCyGE9yJHCyGE9yJHCyGE9yJHCyGE9yJHCyGE9yJHCyGE9yJHCyGE9yJHCyGE9yJHCyGE9yJHCyGE9yJHCyGE9yJHCyGE9yJHCyGE9yJHCyGE9yJHCyGE9yJHCyGE9yJHCyGE9yJHCyGE9yJHCyGE9yJHCyGE9yJHCyGE9yJHCyGE9yJHCyGE9yJHCyGE9yJHCyGE9yJHCyGE9yJHCyGE9yJHCyGE9yJHCyGE9yJHCyGE9yJHCyGE9yJHCyGE9yJHCyGE9yJHCyGE9yJHCyGE9yJHCyGE9yJHCyGE9yJHCyGE9yJHCyGE9yJHCyGE9yJHCyGE9yJHCyGE9yJHz/Pzn//8/fffZ+vuzs7O0kPbtrewcKQ1Fg67ZTaXX9kphBC/jvukDHOrWXXVqlX33Xffe++9d/PmzZmZGT8/P9tds2YNDToR9+rVqycnJ+lcu3Yt/XaI09nahPaflNnoYUI7ZPPbADqtIYQQ/zdy9MewLf8R7r//fpMsIqYHQaNgZMouDfTa5TA2NsbIoaEhTO3j44PEIyIiOJ3xvr6+QUFBISEhAQEBzGNzOlf4GDMzDw3OomHutkNCCPF/sNIdjY4xJjKlwa4FXnbtPwvmNZnW1dWVlpba+P7+/rCwMFxMe2JigmSNmqcdOCs5OTk3Nzc8PJx8bfOwBSzPeGuwlaOFEL8JcvSco8HNudbpeHVO3PQj6MrKypiYGORL58DAQFRUlL+/P3YeHR31eDwkaBgZGWEYuxg8NDSUbUpKCimbU5jTHA1cAn3PXVsIIf5/rHRH838fe1p8ti2d1kPUZZfUfPTo0aSkpN27d+Nl+hnAljE08C8SJ26jXcYTqwcHB7u7u2trazs6OsjUe/fujYuLs2ntQYc1bB4hhPi/WemOBgyLavEmDXLu2rVr+W8yNDTU3t6OeVHt8PDwvn37yNEmccYw3hxtssbO5lyOGpx+48aNmpoaZsjKykLuQUFBsbGxPj4+djo4FxdCiP8LOXruh4QYFmlOTU2x5T9IWVkZhu3p6fH19Y2MjCwsLETcSDw6Ohodm2TteQVax9G0mcE0DfaflC2Wr66uJlzTnp2dDQwMxNcJCQlMq+fRQojfBDn6Y9jTHG0PIioqKt555x0C76ZNm1AzSkXKr776Kno9ePAgPYxBzQygYSHaTsTU/MekTQ9wiN3JycnR0VE03dzcXFpaip0fffTR1NRUDtlFGeboXY8+hBC/gpV+x40i2doHFUkZX5eUlGDYI0eO7NmzZ8eOHYmJicPDwy0tLY2NjWxxLnGbAViVs8ywplpUbrv0I3HTLuKOiIhIS0vbt2/fE088wUg+A1A2h2y822BrL0MIIVz0VHT+X5SYLrEkpvb39w8MDKSBUiElJeWxxx7jKEF4YGCAMRaZEbGdCBiZLYNN9KRpBtDDAPcQ8Tk3NxfRFxcX43r68bJtGcB4YLwQQrisdEejSKCBQ8fGxk6cONHZ2UnytcfNgDd9fX337t37+OOPFxQUBAcHc8jj8SBZ5I6Oh4aGmIHTaTMe4dLPGBM3uCJmqvz8/PT09KtXr9bW1tpgsA8Jtkwyd0khhPiAlf48ei67Ov8F0Cje/Ld/+7e4uLjnnnsuMTHRDqHOkZGRnp6e8PBwdjE4gr506RI+zc7OJkoznkZAQAAz+Pj4MIYGORpHY2r3UTUNTmE2kvgbb7yB9w8ePBgaGkonpzCGQ5w495qEEOIDVn3lK1+Zb65ILN6aHwnCXV1dtLOyssjLZkwGTE9P//SnPy0pKSH/Yuf6+vrLly8XFxfbif7+/nV1dag2OjralSxnscXgqJlOe9ZBD218jej7+voSEhLwvjN8Ps6D7QohhLHSHY1n7aEEDT8/v4mJibNnz7a1tRGch4aGIiIiCLz49OWXX8bLuHX9+vVIGbdu37798OHDu3btCgsLq6ysbG5uRvGDg4PMFhgYiLv7+/tLS0vRd2trK4JG+oh7ampqbGzs4sWLmNq+0sd1V69e7T4YmX9ZQgjhoO/efcy+Fo00ycunHEi49OPZffv20YlSsTC7DHvuuedaWlrwbE5OzsaNGzE4YRmnHzt27Ny5c+zu3Lnz0UcfxfU4nXMzMzNPnz7NbM8+++zIyAg5fXx8vKGh4eDBg/id//iWry1oc4m5FySEEB+wgnL0TecX2qFChGifTCRf97sZhGVcXFJSkpWVhWTz8/Ox9s9+9rMf//jHpOPc3Ny4uDiPx4NzOYXAa/9ukAjMnAEBAQMDA1euXKGfweXl5fX19WTt3bt3FxQUcK3q6mp6OJ0r0uZaMTExDLDEbQ9GnBg9x9xrFUIIhxWUoxGx/QQPD+LZdgf7R4CIlZCLLqOjo7ds2ZKUlES7v7//3//9369du4a109LSsrOzaZOC0WtISAhbPM48jY2NQ0NDVVVVb7/9NrIODg5mth07dpCUmQezM6a5uZnZIiIiIiMjOzs7e3p60DSfFoWFhfbwxNRMjxwthFjIynrWQWK1/7+lpaXFxcUodXp6enJyEkviXHQZHx/PUfuX3zi9oaHh8uXL3d3d7D788MO49fjx4/ZPDRnp4+PD6bT9/Pxw9LvvvothN2/eTMQmIHN0eHg4ISEBa+N0tvTjetp8VLS2tt64caO2tjYsLIzYztWZB0ezFUIIlxXkaP6f4lC2Ho8Hn9LYv38/WzyLjvE1IdeeStM5OztLe2pq6o033igrKyMpY1jciqDZImvOJVkzcmxsrKOjA72GhobiX8IyUxGTGdbV1UWCxu+cRQAns2/bto187evryxW5xJtvvnny5Mlnn312z549vDblaCHELazEHN3b24t5CcIPPfTQKue3bbzzzjt0kpRjY2NnZmZKSkpef/31uLg4dmtqarBwdHR0eHg4jdHRUSZBr5g3MzNz06ZN5HF47rnnULZFbCZEwcyM4gcHB9nlFNJ6RUVFW1vbgQMH+Bjgclu3bsXmp06d6u/vJ0onJyebpu2lCiEErJSfGaJm+zRCghjz6tWrRF2s6u/vj0+RMp4lAvv4+Fy/fv3o0aOXL1+urq7GsDt37iTk7t69e/v27YxPTU0tKCjYsmULykbfRGymHRkZweykYzpRMxPSyYVoBwcH2x9twfLk9KqqqmvXrjU0NHAul2bCmJgYejidmU3xQgjhslIcjZeB8Is9h4aGKisrUerGjRvtr8qyRdmYury8/Pz58z09PfYLo5EmW4IwgRrbMgwLA9pNSEgYGBj45je/iWHtn4Yzg/0jctTMdu4z4YN/HUOD14CU7Tk1CZ1zGZyTk8PL4JOAl0Qnl9CzDiHEQlaKo8199jABmRJj4+PjUaRZm5xLjA0KCkKUhYWF7DISbzY2NtJOT0/HyKRjZM14GlBaWvrP//zP5PHu7u7e3l5sjoLr6urwO8NwMWNwN7umbHsBdE5PT9PJ+K1btzItV+dofX097mZXzzrEvYciVDjwWlaWo60W8eDIyEhtbS16xY8kWfxIhk1xINUSpcnUaHTnzp0PP/xwdnY2FqYnMjIS+TJDc3PzX//1X7/zzjtkcxQ8Ozvb399P4n7yySeZ8OLFi8XFxUx+8uTJt956C1MzOfDZ8MYbb1RXV5PK9+zZk5SUhLKRPh8GyD05ORlHa6mIjxSWgGFtd6vC81pW0PNothQiYGQgur777rtVVVW4kkyNuCcmJi5cuFBUVBQREXH48OGHHnpo//79HBodHX3xxRe7urpwKCcysqGh4Vvf+hZuxchMi6ZJxxkZGX/8x38cHR1dVlaGc+1fuKBv2jdu3JiZmWGGc+fOTU5OFhQUcAqfEyR3GrwSPhhyc3O5rvNihfgIcXXMoiBksKUI3U7hbawUR+NKMKVSjsRhcmtiYiJ+pEyRL9v29vYf/ehHHR0dJGLsOTU1FRYWhmdx7g9+8AOM3NnZiZ0tg586dWpsbIwgjLIpcabdtGnTkSNHaNufQES44eHhKJ703dTUxIUuX748MDDAtRobG48fP04Y5xBX4VOBU9avX891tVTERwflyiqgYql2UoWVLiWHpmnPDxJexgp61mFVSHXedP6cVbDzjYvi4uKampq+vj5EjJejoqLwOFkYC7/++uuc0tvbe/LkSfuqHP3kbqqceQjd5GIMS93D5s2b//RP/zQnJ4dE3NLSEhAQwCUofcL1hg0bMHtlZWVWVtbjjz9OKr948WJ2dnZeXh6D8b5lGT4zLM47r1eIjwQqjQJmOVDn5A/qzWKBwoHXsoIcbXZ26xImJycvXbqEf2NjY9va2tBubm4uA+Li4vz8/DAp4xExCt6/f/+2bdsQ8dq1a/EvviYCj4+PMzMjQ0JCnnjiiU9/+tN4maRMHqefOZkNF7MYMD5rgwEHDhxgcibBznxCJCUloWYO+fr65ufn0+O8WCE+EqzsaRCiuQu0AqaHCqR0nSHC61hBz6MBO6NgzGt3fFQnxTo0NESmDg0NJU2TdhGu/SIkKpg2gub0devWpaenJyYmEqWxNmelpKQkJCT8/u///vbt2/39/TEvLm5tbe3o6MD1OBenr1+/Hh0jaNI3vmb8zMwMUqbNKeXl5eRrrsIY++Y1r81erRAfEdQ8MeL8+fPnzp27fv06MSUmJoZyNXcLL2QF5WhwE7TbwJvx8fGlpaWYOigoiCRrebapqQm3RkRE7NmzB4GSshmAXrE5ORrnVldXE6W3bNnC5AzD0cXFxc3NzUyCrMPDwzkLv+N91kNLS4uPj09RUdHo6Kj9wS1SdmZmJp8ErBNUvmPHDvK4vVQhPjqoyRs3bly4cIHKZ7euro7qpRpZCzZAeBsrxdHgJOn5797RoFi5vyPPRkVFoV3CNW61b1/U19fjVkaiVLItuZie/v5+oq59/Y77xKtXrxK9sTb9w8PDKJgZkDu7rAGETkAmsOB6DnEW+r527RqNnJyc9957b3BwkPhMGPd4PFwiLS2NYbxILRXxoWDVToOKsjYNSpSytIRBFqH4qU8yCmVsi8JOtLPmZhFewMr6fR0uCwuRNrWLiGdnZ6lgpImCycWk3ZGRkenpadzNGCSLi4nV1DSDOzo6kCwZhP6ysjLszCnYGREzHtHzAcAySEpK4hAz4+vGxkYMTmbB9XwYEGQYeeXKlcLCwn379tmDDpbK3OsT4i6gXO2nLxSY9ZBICBwULeGAm8Lu7m5u+Chvhm3fvj0vL487P1sO9nDPqlGm9gZWqKMXwn8BcOVI1SJQdqlvahS9Wr2iXQIIaXfjxo1EacbgaAZMTk5idrbYnDUAVDkSZwxOR8oZGRmcgtnpR9N4HPsjd04pKioiwjz++ONkeVYUWgd7GULcMVQa9UndUp/UFVukXF5eTlAgIsQ4vwCd6sXX3PDhbgbYj1so74VrgX5riEVEjp7P1EBFWpsGVc52YYNaR9PEZEqZgGyCtvHt7e0sAEZy8+jn54flfX19ETGRnJjM8iCqoGn8a1GdVdHZ2VlXV4eaH3jggbS0NLvTZELnhQhxV7hlTIO4YMmAyszKyrKHdaZvKpaqRtPuo7z169e7Pz+0grS2WERWuqPxKVW4METzH4Rd66GI2XV7pqamcDHOpdaTkpKsmgkjFy9exLyImOpH05xoc3Ii95XXr19nDFPZbAQcZI2XSdCEaxKNO17rQXwoUGYUGxXFvVptbW1LS0tYWFh2djZ3b9TeXEEvCATUPPVJYujp6eGeLycnx27mLIDrxm7RkaPn/pagW4hUNluKm+3COgazOXV86tQpxEqUxrCc2NHRUVRUxBo4cOCA+3M/dx4a084vUaqursbj3GmSrxnMamGwDbMtU8HCKwpxZ1BR9qyDO7ySkhIS9IYNGyhaStrKDBYWOVs0zT0fKWTPnj1kbQ5Zvwpy0VlB3+v4lVCCBm0qm6J08yxbesAdxiGKmBvDuLi4xMTENc6vIWUx9PX1kaATEhKs9JlkbuoPUvla55+9MJ6QgqNZADiakTaGAdbmQu6lhbgbrFYpS/IEORpHU7ddXV0ej6ezs3N0dJSMTMSenZ2l6iymUKLuz7opUVWj97DSc7T936cWaZiOXahRytc6iSTs0hgYGDhz5kyaA2XNiUNDQ6WlpQzbuXMni8HK2j2Rs9xnf1zC5nS9zCKxlUAnPYykU4i7BwW/++673//+97Fzbm4uNUaxcQ/HFhfToN5CHezrp3iZG7uamhrqeePGjdHR0ZxiNS8Wl5XuaFMn5QjzXU4n0jQv238fjlqDW8KioiIOUdMFBQX0Nzc3V1dXc8rBgwcpfU60hxjAMnAmnp+ZHrbs2pM+YE5zNA23bYOF+E2gbKx+rHIoP6ui7u7uF154oaSkJD4+nps8S81BQUH2HVMqk2pkGIMp5oiIiJCQEExNu729vbCwcMeOHczGAHCuIxaNle7oOTU6uLVIwy1fO0TDRtJPyjh9+jSSpaC3bdvm6+tbX19/5coVDuXl5eXn51scZhdou+c6c8/jzinEXUKZWcPK1WIynVVVVYQJqjQlJcWkTNHaAEDZMzMzvb291DPQz+709DT1PDIysn///meffdZ+uKJCXXTk6HlMyvSQRFy9zh9zlMqWQ2NjY2+99VZPT8/OnTsxsp+fn8fjOX/+POWemJhIACGSMAkzMCGypm3S53S7BJPQyfxshbhLFjqaLWXGdnh4+Nq1a1Ta1q1bubezMZQf0ImO6UHZDLPfrISyuUEkbdTV1TU0NODoP/uzPwsPD2c2Feqio58ZzkHDihuodYNqppMGWxMrAYQKbmpqmpqaioyMtH+WwuncV46OjhJYGMl95dq1a6lsd0Kwqxg2+fwBIe4OyoyisgZQWtRqa2srhZrs/GUfYrWNBCs/6pO8zDYoKCgmJiY2NjYuLo7qte+DcogEnZ6eHhoayimq1UVnpTva5EshUr6UOG2rdRO0wVFcTHYuLy9vaWlBzdR9QEAAOqafKM0YwgjDSCVs6SFB02lLgjFAg8npoW2H5i4vxF1jpQtWZgSIxsZGShFB2xei6Wxvb3/11VfPnTt35coVDnHPZ+Ot/k3ZSBlHY236aUdFRSlEewMr3dGUI1tXoE7fvKYpUKCIe3t77R6Q4iZu4F96srKyiCGcjqy5naSTfM3amJiYYJGQuOlnWuaxrTW4BPeYXMKuKMRdYkVLddkudUVcIEmgXRwd4vz1ZOLFd77zna9//etvvPHGO++8U1FRkZSURGomL1OoFCSCZhilzumU9PDwMDkjPDzcKtZmFouFnnXMQcN+omLBwSp+cnKS9IGaASkzjIofHR3lRpIoze0hpc8ATiF04GsaIyMjFD0jqfIh5zchMA8rwR5M2xqgodIXHyJY1RKA1RVJgqyAozMyMux+rrS09Ktf/Wp3dzfFyWCKmc7HHnuMoxQtI9nlRKtJFD84OEg942iOWqdYRFZ6mrPStDRtDQq0qqrqzTffPHr06Ntvv13k/LFBSjY2NhbbMsZ+JQ1jampqOjs7y8vLr169Wl9fz5jt27dzd0nFE6Uxu/2ehMrKyv7+fuan4vkkYAbWknNxIe4Wis2eV1ibAqb2ZmZmuI2j3uhki5qnp6dpm8QZYzdzjGdLDzAJuwxYs2YNIZqtDWaAWFxWuiyoS6COKUpzKFmYgExYZot2N23atG7dOjK1pQ97gkGbxq5duw4fPkym9ng8zc3N3GCSQbht5FyUbXkEU58+ffqnP/1pSUkJ64RL2BXnLy/E3UEtuYZlFx0PDAzQCA4OpqTtBs5qGzUzkq2dwpZ+oOZN2RyyCc3p4NpfLCJ61jGH1TcNtlRtaGhoZmZmVlYWdgYszP0gh0zl3APSuX79eiIzpo6KikpOTuYUKtu+zMQWWB4cAhrkaDJ4YmIiCcWuYlsh7h4rYHxKfbIlIhAU0tLSKDY7Sj8VyC0dLqZN6X7uc5/bsGEDlYmXOYXYQZuRwMi2tjZqm9JVlPYG5vW0wrG84Fakmzisk/9E9s+08CyO5tAv1y6DucEkg3d3dxPAGZCQkECVcwoLg0CN5e0BH4dg/jQh7g53/VJ+VBd3bydOnGC3oKCAkqP2iMP+/v7c6r3yyisMplDz8vI+8YlP4HHGM5LCppjN0SwE+5Z0Tk4OlrdSd6YXi4YcPQf/EeAW7YL1A22rV7ftDqbHbE7F0567b7x5k5Fmc3eMbcEWhntIiLvBao+6ouRoo9f//M//pGG/CXpiYoI6RMe0IyMjue1jl9xAEdoX+dE3UI30sMXRtbW1aJr7yPT0dBO3XUgsFivd0Vbibliw/xpzKv3gJ93WY20qmK3tuv1s3QadNqFhw1A2C8P8Ts8tVxTibrACo66oqKmpqaNHj7722mtYODQ0FMPSSRtTo2MgMnNKiPPX7jnFHmhER0ejaTo5BYljecjIyMDy1K1dRSwicvQvjGkOdbp/8btp3Mcg1kkPcJYNtvRBm0MWkGkDDfo5i352bSpr2PIAxghxl1BUVJRVWmNj44svvtjb2xsTE4NeOYS+6Z+ZmfHz82NMZ2cn4o6Pjx8bGxsYGGBAcHAwgkbf4eHhnJWYmOjxeCYnJzds2JCamkr//GXE4rHSHe1Cod9iT2tQ4mxdyTpH5hYGW3psbYAJmhnY0gmMsQntEOvExtuWHiHuHrcmh4eH33jjjdLSUrRLOqbMEDH9NKwOGWlf2EfKuJs2+ZrS5RDQoEQxOFk7JyfnqaeeSk5OttIVi8tKd/TC//u0rZSB6nR3OeQ22Jp/Ya60nQVgN5uc4jra+oE20MkYO8RWpS8+LKhDtlRXVVXVK6+8QhbGsJQfqsXR9lNuAwvTOTU1Rf/09PTQ0BCO5kTUTD9boLPb+fObX/jCF3A089hVxCIiR8//319Yjubf+Z3/jWmXATbGhpmOMe/Cs2yMDaaf7fyB/30tIe4SPNvV1fXmm2+Oj49nZGSEhYXhXAoP2/b29gYFBYWGhhKuOUThWfjA1Cib8aRvj8czMDBgyqanvb09LS3td3/3dxlvkUIsLivd0UIsaQgHCPrEiRM1NTVZWVnk6EHnDxwHBgb29/c3NDSwwPEyts3MzExISPDz88PX7OJuf39/jlqIxtr2ew5KS0uR/mOPPbZly5bV+sNAXoAcLcQSZnJysqqq6u2337ZfX06IJg6j4LVr15KU7WkGYzA4kbmgoKCtra2srAxTp6SksIXw8PD4+Hi2nMLgjo6O8vJyZtu+fbuP82v+xeKy0v+doRBLnTHn9/RHRUURoiMc7OEGvrav1qFgXIypaRCujx49yiEUzDA8Tu6+4dDX14ejIyMj6SRBY2379t78ZcQioRwtxFKFxYtVp6enR0ZGmpubOzs7USqmRr6AbdesWcNRX1/f0dHRiooKQjQu7u7u/sxnPrNz506sjaDJ15zLIRzNhCRoPJ6QkPDYY4/hdzl60dEbIMQS5v333/fx8UGmAQEBBGr829XVhW2R74Tzq8xx9KzzRw5DQkIYQOe6devS09M5C/+ypd9+bwG6Hxoa6u3tbW9vZx7O0g+3vQHlaCGWMDjavsVBlEbN7733HrkYEdNYtWoVCmbr5+dn/1CFoI2I7amIHcLgzDAzM9Pa2lpbW2tPSE6cOMGczz33XFZWljS96MjRQixhWL/oGNC0fcUTWeNoQNYMWL169cDAAJ2YGkEHBQUhYo5yCE2zpZ+UPTk5OTo6ymCsXV1dTeeBAwdSU1P1rGPRkaOFWMKQgudbLOb77iMR2xfmTNysbpzb399PP9GYtrve8fX4+DjKDgwMtCRugxlJ4o6Pj7c/amGDxSIiRwuxhGH9Lnwc4Qbq+X1H4nTSQ8PFjIyOSdCrnN86bT0c4hQsj6bptxnE4iJHCyGE96KHTUII4b3I0UII4b3I0UII4b3I0UII4b3I0UII4b3I0UII4b3I0UII4b3I0UII4b3I0UII4b3I0UII4b3I0UII4b3I0UII4b3I0UII4b3I0UII4b3I0UII4b3I0UII4b3I0UII4b3I0UII4b3I0UII4b3I0UII4b3I0UII4b3I0UII4b3I0UII4b3I0UII4b3I0UII4b3I0UII4a187GP/D859mwMuR8eSAAAAAElFTkSuQmCC</file>
    </questiontext>
    <generalfeedback format="html">
      <text></text>
    </generalfeedback>
    <defaultgrade>1.0000000</defaultgrade>
    <penalty>0.3333333</penalty>
    <hidden>0</hidden>
    <idnumber></idnumber>
    <correctfeedback format="html">
      <text>Your answer is correct.</text>
    </correctfeedback>
    <partiallycorrectfeedback format="html">
      <text>Your answer is partially correct.</text>
    </partiallycorrectfeedback>
    <incorrectfeedback format="html">
      <text>Your answer is incorrect.</text>
    </incorrectfeedback>
    <shownumcorrect/>
        <file name="circle.png" encoding="base64">iVBORw0KGgoAAAANSUhEUgAAAkgAAAHNCAYAAADli4RZAAABJ2lDQ1BrQ0dDb2xvclNwYWNlQWRvYmVSR0IxOTk4AAAokWNgYFJILCjIYRJgYMjNKykKcndSiIiMUmB/zsDBIM4gzCDDoJSYXFzgGBDgwwAEMBoVfLvGwAiiL+uCzMKUxwu4UlKLk4H0HyDOTi4oKmFgYMwAspXLSwpA7B4gWyQpG8xeAGIXAR0IZG8BsdMh7BNgNRD2HbCakCBnIPsDkM2XBGYzgeziS4ewBUBsqL0gIOiYkp+UqgDyvYahpaWFJol+IAhKUitKQLRzfkFlUWZ6RomCIzCkUhU885L1dBSMDIyMGRhA4Q5R/TkQHJ6MYmcQYgiAEJsjwcDgv5SBgeUPQsykl4FhgQ4DA/9UhJiaIQODgD4Dw745yaVFZVBjGJmAdhLiAwBLcUps9vsPsgAAAERlWElmTU0AKgAAAAgAAgESAAMAAAABAAEAAIdpAAQAAAABAAAAJgAAAAAAAqACAAQAAAABAAACSKADAAQAAAABAAABzQAAAADtz1SFAAACBGlUWHRYTUw6Y29tLmFkb2JlLnhtcAAAAAAAPHg6eG1wbWV0YSB4bWxuczp4PSJhZG9iZTpuczptZXRhLyIgeDp4bXB0az0iWE1QIENvcmUgNi4wLjAiPgogICA8cmRmOlJERiB4bWxuczpyZGY9Imh0dHA6Ly93d3cudzMub3JnLzE5OTkvMDIvMjItcmRmLXN5bnRheC1ucyMiPgogICAgICA8cmRmOkRlc2NyaXB0aW9uIHJkZjphYm91dD0iIgogICAgICAgICAgICB4bWxuczp0aWZmPSJodHRwOi8vbnMuYWRvYmUuY29tL3RpZmYvMS4wLyIKICAgICAgICAgICAgeG1sbnM6ZXhpZj0iaHR0cDovL25zLmFkb2JlLmNvbS9leGlmLzEuMC8iPgogICAgICAgICA8dGlmZjpPcmllbnRhdGlvbj4xPC90aWZmOk9yaWVudGF0aW9uPgogICAgICAgICA8ZXhpZjpQaXhlbFhEaW1lbnNpb24+NTk1PC9leGlmOlBpeGVsWERpbWVuc2lvbj4KICAgICAgICAgPGV4aWY6UGl4ZWxZRGltZW5zaW9uPjg0MTwvZXhpZjpQaXhlbFlEaW1lbnNpb24+CiAgICAgIDwvcmRmOkRlc2NyaXB0aW9uPgogICA8L3JkZjpSREY+CjwveDp4bXBtZXRhPgqM+RwfAABAAElEQVR4Ae3dBZyVVfrA8WcI6QbplEZAOqREGiQkZAVEXdBVARVsZVkDawXWwGQJhUW6BCVEkEZCuqRBkAaJof8+Z/8zOzNOz337934+17nx3hPfc+U+97wnwm7+cQgHAggggAACCCCAQKRAqsh73EEAAQQQQAABBBAwAgRIfBAQQAABBBBAAIEYAgRIMUB4iAACCCCAAAIIECDxGUAAAQQQQAABBGIIECDFAOEhAggggAACCCBAgMRnAAEEEEAAAQQQiCFAgBQDhIcIIIAAAggggAABEp8BBBBAAAEEEEAghgABUgwQHiKAAAIIIIAAAgRIfAYQQAABBBBAAIEYAgRIMUB4iAACCCCAAAIIECDxGUAAAQQQQAABBGIIECDFAOEhAggggAACCCBAgMRnAAEEEEAAAQQQiCFAgBQDhIcIIIAAAggggAABEp8BBBBAAAEEEEAghgABUgwQHiKAAAIIIIAAAgRIfAYQQAABBBBAAIEYAgRIMUB4iAACCCCAAAIIECDxGUAAAQQQQAABBGIIECDFAOEhAggggAACCCBAgMRnAAEEEEAAAQQQiCFAgBQDhIcIIIAAAggggAABEp8BBBBAAAEEEEAghgABUgwQHiKAAAIIIIAAAgRIfAYQQAABBBBAAIEYAgRIMUB4iAACCCCAAAIIECDxGUAAAQQQQAABBGIIECDFAOEhAggggAACCCBAgMRnAAEEEEAAAQQQiCFAgBQDhIcIIIAAAggggAABEp8BBBBAAAEEEEAghgABUgwQHiKAAAIIIIAAAgRIfAYQQAABBBBAAIEYAmliPOYhAgggkCyBhQsXygMPPJDge9u1ayfDhw9P8DxOQAABBJwUIEByUp+8EfCRQObMmaVMmTKRNTp79qysXbtWChQoIGXLlo18Xh9zIIAAAm4XCLv5x+H2QlI+BBDwnsBPP/0kNWvWlMcff5weI+81HyVGIPAC9CAF/iMAAAL2Cuzbt0+ee+45ad++vVy+fFkmT54s2tu0dOlSU5AVK1bI9OnTZfHixVKqVClp0qSJ3H///ZI2bdrIgur5EyZMkLlz58rx48flrrvuks6dO8vtt98eeQ53EEAAgZQIECClRI/3IoBAkgVOnTolkyZNko0bN8qOHTska9asUrRoUZPO7NmzRcco3bhxw1yumzp1qowdO1YWLVoko0aNMudcuXJF2rZtKz/++KPkyJHD3F577TUZNmyYLFu2TCpWrJjkMvEGBBBAIKYAs9hiivAYAQRsEdizZ48Jfk6fPm2CpUOHDknXrl1NwLN161bZtm2baDDVvHlzGT16tIwZM8aU6/nnnzfBUb9+/Uzv0e7du2XevHkSHh5ugitbCk8mCCDgewECJN83MRVEwJ0CzZo1k27dukmqVP/9Z2jJkiVy/vx5ef311yMHdadLl06++OILUwGdJafHnDlzJH/+/KbHKHXq1Oa5pk2bSo8ePWTv3r3mZp7kPwgggEAKBLjElgI83ooAAskXKF++fLQ3r1mzxjweOHCgGYMU7cU/HixfvtyMVdq5c6d5qVWrVtFO0fFIeujMueLFi0d7jQcIIIBAUgUIkJIqxvkIIGCJgF5O0yNnzpyRvUoRGekSArVq1ZIzZ85EPPWncwoWLGjGMmXKlCnyHO4ggAACyRUgQEquHO9DAIGQClSpUsWMNXr77belQ4cOcaatAVShQoXMpbY4T+IFBBBAIIUCjEFKISBvRwCB0AjUqFHDJKSz0XT6f8Rx4MAB6dKliwwePNg8Vb16ddm8ebPojLeox5AhQ8xU/127dkV9mvsIIIBAsgToQUoWG29CAIFQC9SpU0d69+5tBmXXrl1bWrduLVevXjXT+0+cOGFmuGmeQ4cOlXr16plgqFOnTmZAt07v18Hb2gt12223hbpopIcAAgEUIEAKYKNTZQTsEAgLCzPZRMxSi8gzruf19U8++UR0DNGMGTMie4xKlCghH330kdx7770miQoVKsisWbNk0KBBZj0lnd6fJk0a6d69uwmeYuYXkS9/EUAAgaQIsNVIUrQ4FwEEbBM4cuSI3HLLLZIrV64489RLcUePHjX7vUVdaTvON/ACAgggkEgBAqREQnEaAggggAACCARHgEHawWlraooAAggggAACiRQgQEokFKchgAACCCCAQHAECJCC09bUFAEEEEAAAQQSKcAstkRCcRoCCKRc4NKlS2ZT2Yi/Oo3/+vXr5nbjxg3Rm85y0z3W9KYz0nSGmu7JliFDBkmfPr1kzJjxT6top7xkpIAAAghEFyBAiu7BIwQQSISAbgvy66+/is40O3bsmBw/flx0rSK96WsnT56Uc+fOmb3T9K9uQnvhwgUT4GiQo8GOBjoRgVBEMKQz0a5duxYtaLp586ZcvHhRIoIqva/nZcmSRbJlyyZZs2Y1txw5cpgZbzrrLXfu3OaWN29eyZcvn5nlpvdZAiARjcspCCBgBJjFxgcBAQSiCWhAcvDgQdm9e7fs3btX9u/fL/v27TN/9flDhw6Z4KZAgQKSP39+E3zo9h8RQUmePHkke/bsJmiJCGD0rwZFoTo0iNJ92c6ePWsCMQ3C9KbBmgZnEcGa/tXyajCn92+99VYpUqSI2bOtaNGiUqxYMXPTtZb0pssKcCCAAAIqQIDE5wCBgApoj8zWrVtly5Ytsm3bNtmxY4foNh2//PKL6YkpU6ZMZDChgYQGFMWLFzc9MtoL5LVDL+XpmkmHDx+WPXv2RAZ+GvTt3LnTPNYNb0uVKmVW59b666KUt99+e7xrMXnNgfIigEDiBAiQEufEWQh4WkCDgPXr15vbhg0bZOPGjSZQiAgCKlasKCVLljTBgQYIevkraIcGUNpjFhEk6n5vGjzqXw0INVCqXLmy2c5EtzQpW7asuUQYNCfqi0BQBAiQgtLS1DMwAnopafXq1bJq1SrzV+/rpSP9Utdb1apVzZe9BkQ69ocjYQHtddLetnXr1kUGmhp03nHHHaKb7NaqVcvc2AcuYUvOQMArAgRIXmkpyolAHALbt2+XJUuWyI8//igrV640A6YjvrTr1q0r1apVEx2g7IXjwIED5rKeF8qqg85//vlnWbFihQlGNSDV5+68806zmW79+vWlevXqZkC5F+pDGRFAILoAAVJ0Dx4h4HoBDYi+//57c9OgSGdz6ZdxgwYNzBezXjaL2BDW9ZWJUkCd4l+pUiWZNm2audQX5SXP3NUxTsuXL5fFixeboFXHdWnvUqNGjeTuu+8293XZAg4EEHC/AAGS+9uIEgZcQGdmzZs3T+bPny8LFiwwPRL6Zdu0aVMTGOnAYj8c48aNk+7du8sDDzwgY8aM8UOV5PfffzcBU0RAq+ObNJBt0qSJtGjRwoxj8kVFqQQCPhQgQPJho1IlbwvoNHsdNzRnzhxz0y/VZs2amR4I/WL14zgX7T0qX768mUmn46J0Vp0OFvfboWtELVy40Ny++eYbMwasZcuW0qpVK9O+oVwKwW921AcBuwUIkOwWJz8EYhG4fPmy6SGaPn26zJo1y6zXo1+aetMxLX6/LBPRexRB46depIg6xfZXZ8l9++23JhBeu3atNGzYUNq3by9t27Y160rF9h6eQwABewQIkOxxJhcE/iSgA3o1GJoyZYrMnTvXzC7TL8d7773XMwOV/1SpZDwRtfco4u1+7kWKqGPMv3o5Tj8PGiTr50GXFOjYsaN07tzZLMYZ83weI4CAtQIESNb6kjoC0QTCw8NFL61MmDDBjCvS3qH77rtP2rRpE9jFCHXm2ogRI4zTxx9/LH/5y19Etw3Rgc2NGzeO5heUB9qjqOOWpk6dagJoXYNJPycaLHllRmJQ2op6+leAAMm/bUvNXCKgPSQ//PCDfPXVVzJz5kwz9Vu/7Dp06CC6RQfH/wR0babvvvvOLFr5v2eDfU839NVB+hpUa3CtSwf06NHD9DRmypQp2DjUHgELBQiQLMQl6WAL6HT8UaNGydixY832HPqlprO0dM8yjtgFCJBid4l49sqVK+YSnAbbusSDjlXq2bOnGeDtxaUdIurFXwTcKECA5MZWoUyeFdBxRRMnTjSXjHSTVw2KdMBxuXLlPFsnOwtOgJR4bV0xffz48aZn8rfffpNevXrJQw89JIUKFUp8IpyJAAJxCqSK8xVeQACBRAvoisp/+9vfpHDhwuYX/gsvvCA6tuatt94iOEq0IicmRUB7Ivv27WuWhJgxY4bZiFcHdut4Nr2Uq5d2ORBAIPkCBEjJt+OdARfQyx3/+c9/zDR8vdShO97rtG39srrnnnskVSr+9wr4R8S26uuecMOHD5dDhw6ZQe4amOvn8e233xbtaeJAAIGkC/AveNLNeEfABfRyxt///nfTW6RjjJ599lmzC7z2GuXPnz/gOlTfSQFdaLJbt25mfzgN1HWRUb1sqeOUtJeTAwEEEi9AgJR4K84MuMDmzZvNGA/d6+zs2bNmry3d/kPXLtJ1ezgQcJNAlSpV5N///rcJ3nWPO730dtddd5mZcG4qJ2VBwK0CBEhubRnK5RoBXY9Gt/rQvc9Kly5tvnDef/99c981haQgCMQhoGtKDRgwQPbt2yePPPKI/OMf/zB7wH3xxReil4k5EEAgdgECpNhdeDbgArofmq5oXLNmTenTp4+ZiaaDrl988UWziGHAeai+BwV0uxpdhHPNmjWmZ2natGlmnNKQIUNEZ19yIIBAdAECpOgePAq4wPXr10X3BatQoYIMHjzYBERbt2416xelTZs24DpU3y8CuoK7boas+8D99NNPUrRoUXn11VfNpWO/1JF6IJBSAQKklAryfl8I6JRonZGmgZFeevjggw/MF4euds0CfL5oYioRi4AuC/D111/LypUrzQy4EiVKyGuvvSbnzp2L5WyeQiBYAgRIwWpvahtDQC+l6ReEBka6D5hOlV60aJE0adIkxpk8RMC/AjrTTX8YaG/Snj17RAMl7UHVDXQ5EAiqAAFSUFueeps9v3T9mA8//ND0GC1dutRs2QANAkEV0MBo9OjRpkcpYokAnZDAYO6gfiKCXW8CpGC3fyBrv2rVKrNT/NNPP23GXSxbtszMUAskBpVGIBYB7VHSQElncC5YsEBKlSpltjTRHlcOBIIiQIAUlJamnmZ6fqdOnaRz585mVpqua6RrGHEggEDsArfffrvMmjXLjM/79NNPRddWWrhwYewn8ywCPhMgQPJZg1KdPwvogNPnnntOqlWrJlWrVjWrCz/88MMs7vhnKp5BIFYBnfWmPa26hpJuiqtb6+zcuTPWc3kSAb8IECD5pSWpx58EdGba559/bi4PnDp1SrZt2yYvvfSSpEuX7k/n8gQCCCQsoD2u27dvlwYNGkjdunVFL1PrqvIcCPhRgADJj61KnUTHGdWoUcOsaTRv3jwZMWKE5M2bFxkEEEihwC233CLPPPOMCZR08LZuvTNmzBhhfFIKYXm76wQIkFzXJBQoJQK6c/lf//pX0fWL+vfvL4sXLxZd64UDAQRCK5A7d26zLMbs2bPNX70Mx4a4oTUmNWcFCJCc9Sf3EAnor1fdmFPXM8qePbvs2LHD7GoeouRJBgEE4hDQsX3aY6s/TFq0aCFPPfWUnD9/Po6zeRoB7wgQIHmnrShpHAIaDDVq1MiMN9IZNrq3VJYsWeI4m6cRQCDUArravAZIOj5JJ0WUL1/ezH4LdT6kh4CdAgRIdmqTV0gFdPyDbougXfs6dX/FihWmBymkmZAYAggkWkB7b0eOHClffvmlDBgwQLp06SJHjx5N9Ps5EQE3CRAguak1KEuiBdatWyfVq1c3Yx42bNggffr0kVSp+DgnGpATEbBQQHt0N23aJGXLlpWKFSvK2LFjLcyNpBGwRoBvFGtcSdUiAe01GjhwoBnr8Pzzz8vUqVOlYMGCFuVGsgggkFwBXU5De3jnz58v7777rlk76ciRI8lNjvchYLsAAZLt5GSYXIH169ebqfv6y1Rv3bp1S25SvA8BBGwS0P0O165da1bh1hml48aNsylnskEgZQIESCnz4902COiCj++88440b95cXnjhBZk+fTprGtngThYIhEogbdq0Zt9DXZNM/1/u2rWrnDlzJlTJkw4ClggQIFnCSqKhEjh48KDcdddd8t1335lfoX/5y19ClTTpIICAzQLam7RmzRrJly+f6D5vP/zwg80lIDsEEi9AgJR4K860WeDrr782+6e1adPG7CpeuHBhm0tAdgggEGoBXYn7X//6l4wePVq6d+8uzz77rFy9ejXU2ZAeAikWIEBKMSEJhFrg0qVL0rt3b/n73/8uCxYsMP+AMkMt1Mqkh4CzAk2aNDFjCXfv3m32ddu7d6+zBSJ3BGIIECDFAOGhswK6oaxO3w8PDxedyl+pUiVnC0TuCCBgmUDOnDnNTNQePXpIzZo1ZfLkyZblRcIIJFWAACmpYpxvmYB2uTds2ND0GH311VeSOXNmy/IiYQQQcI9Av379ZO7cuaJLdzzxxBOiy3lwIOC0AAGS0y1A/nL58mV59NFH5e2335YlS5bIgw8+iAoCCARMoGrVqmbh1+PHj0u9evVEJ2hwIOCkAAGSk/rkbf4R1H8MT506ZWa3lClTBhUEEAiogO6hOHHiRLNFSY0aNcwYxIBSUG0XCBAguaARgloEHYCt/wjq1P1JkyZxSS2oHwTqjUAMgWeeeUYmTJggDzzwgLz11lsxXuUhAvYIECDZ40wuMQQ++OADM8VXB2X2798/xqs8RACBoAvoeERdM2nmzJnmR5TObuVAwE4BAiQ7tcnLDL7UKfwjRoyQVatWmbEGsCCAAAKxCRQoUEAWL14sqVOnljvvvFMOHToU22k8h4AlAgRIlrCSaGwCx44dk8aNG8uJEydkxYoVUrRo0dhO4zkEEEAgUkAXlhw7dqzcf//95pL8ypUrI1/jDgJWChAgWalL2pECur6RrnPStGlTs+5JpkyZIl/jDgIIIJCQgI5LGjVqlNxzzz1mIHdC5/M6AikVSJPSBHg/AgkJ6H5L9913nwwdOtSMO0rofF5HAAEEYhNo0aKFLFq0SPTvnj17zObVsZ3HcwiEQoAepFAokkacArr4owZHOktN913iQAABBFIiUKFCBVm9erWZ5fb444/LtWvXUpIc70UgTgECpDhpeCGlAm+88YboTRd/1BkpHAgggEAoBPLnzy9Lly6VAwcOmEtuFy5cCEWypIFANAECpGgcPAiFwI0bN6Rv374yZcoU0QGVLP4YClXSQACBqAI6jnHWrFmiwZJO/jh58mTUl7mPQIoFCJBSTEgCUQV0DyWdbbJp0yYzPTd37txRX+Y+AgggEDKBsLAwGTlypDRp0kTq1q0r+/fvD1naJIQAg7T5DIRMQLu5ddXbq1evyrx580Sn53IggAACVgsMHjxY8uXLZ9ZV001vy5cvb3WWpB8AAXqQAtDIdlTx7NmzZgq/rnGkA7IJjuxQJw8EEIgQ0Mv6Q4YMMZfb1q9fH/E0fxFItgA9SMmm440RAhoU6fpGDRo0kPfffz/iaf4igAACtgp06dLF/Dhr1qyZ2aKkTp06tuZPZv4SIEDyV3vaXhvtOapfv7507NjRzFizvQBkiAACCEQRaN++vaRJk8aMSdK1kooXLx7lVe4ikHgBLrEl3oozYwhocJQ9e3Zp27YtwVEMGx4igIBzAm3atDE9SCVKlJDvv//euYKQs6cFCJA83XzOFf7IkSNSvXp10a7sd955x7mCkDMCCCAQi4BuSbJw4ULp2rUrQVIsPjyVsAABUsJGnBFDQIMjXfixd+/eojNGOBBAAAE3Ctx1110ybdo0s5q/bnnEgUBSBAiQkqLFuXLs2DEzS6RXr17y3HPPIYIAAgi4WqBevXoyffp0EyQtXrzY1WWlcO4SIEByV3u4ujSnT5+Wu+++W7p160Zw5OqWonAIIBBVQIOkyZMnS6dOnWTVqlVRX+I+AnEKECDFScMLUQXOnz9vxhu1atVKXnnllagvcR8BBBBwvYAuQ/LVV1+Zvds2btzo+vJSQOcFCJCcbwPXlyA8PFxat25tBmUzINv1zUUBEUAgDoEWLVrIxx9/LPp3586dcZzF0wj8V4B1kPgkxCtw/fp1s8aRbgY5aNCgeM/lRQQQQMDtAnqZ7dKlS2Zx2+XLl0vBggXdXmTK55AAAZJD8F7JVgdj6/Hyyy97pciUEwEEEIhXoEePHmbCiS5TsmzZMrOeW7xv4MVACnCJLZDNnrhKDxw4UDZv3mz2VtOVaTkQQAABvwgMGDDAjKts166d6DACDgRiChAgxRThsRHQ6/QTJkyQb7/9VjJmzIgKAggg4DuBoUOHSv78+c3M3Bs3bviuflQoZQIESCnz8+W7v/nmG3nzzTdlwYIFkjt3bl/WkUohgAACYWFhMm7cOPn9999FgyUOBKIKcN0kqgb35eeff5aHHnpI5syZI0WKFEEEAQQQ8LVA6tSpzTCC2rVrm97yxx9/3Nf1pXKJFyBASryV78/89ddfzRohn376qdSoUcP39aWCCCCAgApky5bNDCfQIEk3uNVlADgQ4BIbnwEjcOHCBbPWUd++fc20flgQQACBIAkUK1bMbEmiM9w2bdoUpKpT1zgECJDigAna0w8++KDUrVuXLUSC1vDUFwEEIgW0B0knqOjMtpMnT0Y+z51gChAgBbPdo9V68ODBcujQIQYpRlPhAQIIBFGgc+fO0qVLF3O7du1aEAmo8/8LECAF/KOgM9Y++eQTmTp1qqRLly7gGlQfAQQQEDOL95ZbbpFnnnkGjgALECAFuPF37NghulL29OnTzVogAaag6ggggECkQKpUqWTixIny3XffyZgxYyKf506wBJjFFqz2jqztxYsX5d577xW9vFa9evXI57mDAAIIICCSJUsW8+OxXr16UqVKFalUqRIsAROgBylgDR5R3UceeURq1aolf/3rXyOe4i8CCCCAQBSBsmXLyvDhw6VDhw5y7ty5KK9wNwgCBEhBaOUYddR1jnQaq/6Pz4EAAgggELfAfffdJ61atZKePXvGfRKv+FKAAMmXzRp3pdatWyd///vfTddxhgwZ4j6RVxBAAAEEjMCwYcPk6NGjon85giPAGKTgtLWcP3/eTF3VdT6KFy8eoJpTVQQQQCD5AmnSpDGbd1erVk0aNGgg+pfD/wL0IPm/jSNrqHsMNW7cWDp16hT5HHcQQAABBBIW0L0pdXiCrpGkPzY5/C9AgOT/NjY11B2rV69eLe+//35Aakw1EUAAgdAKdOzYUZo0aSKPPfZYaBMmNVcKECC5sllCW6g9e/ZI//79ZcqUKcK4o9DakhoCCARL4IMPPpCff/5Z9Ecnh78FCJD83b5y48YN0c0XX3zxRalQoYLPa0v1EEAAAWsFdMeBsWPHypNPPmm2aLI2N1J3UoAAyUl9G/J+7733JG3atOZ/ZhuyIwsEEEDA9wKVK1eWAQMGmKn/N2/e9H19g1pBAiQft7yudfTuu+/Kl19+KWFhYT6uKVVDAAEE7BV47rnnRHck+Oijj+zNmNxsE2Cav23U9maku1B3795d/vWvf4nOvuBAAAEEEAidQOrUqWX8+PFSo0YNad68uZQuXTp0iZOSKwToQXJFM4S+EG+++aYJjDRI4kAAAQQQCL1AsWLFzMK7umUTl9pC7+t0igRITreABflv2bJFPvzwQ7NmhwXJkyQCCCCAwP8L9OnTR65fvy6ffPIJJj4TIEDyWYPqrLWHHnpItAepYMGCPqsd1UEAAQTcJaDjO0ePHi0DBw6UAwcOuKtwlCZFAgRIKeJz35t1Ichs2bJJ79693Vc4SoQAAgj4UEDHH73wwgvy6KOP+rB2wa0SAZKP2v7w4cPyxhtv0NXrozalKggg4A2Bp59+WvTf4IkTJ3qjwJQyQQECpASJvHNCv379RG8lS5b0TqEpKQIIIOADAd3Q9rPPPpOnnnpKfv/9dx/UiCoQIPnkMzBnzhzZuHGj6eb1SZWoBgIIIOApgTp16kjr1q3llVde8VS5KWzsAgRIsbt46tnw8HDRmRRffPGF6DL4HAgggAACzgj885//lEmTJpn92pwpAbmGSoAAKVSSDqaj/0NWq1ZNGjVq5GApyBoBBBBAIHv27PLaa6+ZH61oeFuAAMnb7Wc2Sxw2bJgMGTLE4zWh+AgggIA/BB5++GGzDcnXX3/tjwoFtBYESB5v+GeffVb69u3LdiIeb0eKjwAC/hFIlSqV2aPtmWeeMYGSf2oWrJoQIHm4vZctWybLly+XF1980cO1oOgIIICA/wTq1q1rhj288847/qtcQGpEgOThhh4wYIBZMTt9+vQergVFRwABBPwp8Pbbb5ttn44cOeLPCvq8VgRIHm3gyZMny5UrV+T+++/3aA0oNgIIIOBvgUKFCskjjzxiNrT1d039WTsCJA+269WrV816R++9957oPkAcCCCAAALuFNAhEDNmzJCtW7e6s4CUKk4BAqQ4adz7wueffy5ly5aVxo0bu7eQlAwBBBBAwOyNqQtH6l5tHN4SIEDyVnuZGRGvv/66vPXWWx4rOcVFAAEEginw2GOPyYYNG2TFihXBBPBorQmQPNZwH330kTRs2FAqVqzosZJTXAQQQCCYAmnTppVBgwaxBYnHmp8AyUMNphsg6rijV1991UOlpqgIIIAAAj179pT9+/fLokWLwPCIAAGSRxpKi6krZrds2dKMP/JQsSkqAgggEHiB1KlTmx+3bGTrnY8CAZJH2ur8+fNmZVbtpuVAAAEEEPCeQLdu3eTUqVOycOFC7xU+gCUmQPJIo+vYo2bNmkmJEiU8UmKKiQACCCAQU0Cn/etEGw73CxAgub+N5NKlS+by2ksvveSB0lJEBBBAAIG4BHRx33379pltouI6h+fdIUCA5I52iLcUuu5RvXr1pHz58vGex4sIIIAAAu4W0LFI2ov0xhtvuLuglE4IkFz+Ibh27ZoMGTKEpepd3k4UDwEEEEiswEMPPSSbNm2SjRs3JvYtnOeAAAGSA+hJyXLChAlSqlQpqVy5clLexrkIIIAAAi4V0HWR+vbta5ZtcWkRKdYfAmlQcLeArnv05ptvuruQlA4BBBBAIEkCjz76qBQvXlwOHz4sBQsWTNJ7OdkeAXqQ7HFOVi46FfTKlSvSokWLZL2fNyGAAAIIuFMgW7ZsootHfvDBB+4sIKViDJKbPwNDhw6VZ599VsLCwtxcTMqGAAIIIJAMgf79+8vIkSPNHpvJeDtvsViAHiSLgZOb/O7du2X16tXStWvX5CbB+xBAAAEEXCxQuHBhadCggXz55ZcuLmVwi0aA5NK2//jjj+Xhhx+W9OnTu7SEFAsBBBBAIKUCTzzxhAwfPjylyfB+CwQIkCxATWmSujDkmDFj5G9/+1tKk+L9CCCAAAIuFmjcuLHoci4//viji0sZzKIRILmw3cePH28WhixWrJgLS0eREEAAAQRCKdCvXz96kUIJGqK0CJBCBBnKZD777DPRKaAcCCCAAAL+F+jevbvMnTtXjh8/7v/KeqiGBEguayxdXfXXX3+V5s2bu6xkFAcBBBBAwAqBLFmyyL333muGVliRPmkmT4AAKXlulr1rxIgRZnB2qlQ0jWXIJIwAAgi4TKBXr16i//5zuEeAb2H3tIVcvnxZxo0bZwIkFxWLoiCAAAIIWCxQt25d0R/GS5cutTgnkk+sAAFSYqVsOG/GjBlSvXp1KVq0qA25kQUCCCCAgJsEevfuLaNGjXJTkQJdFgIkFzX/V199Jd26dXNRiSgKAggggIBdArow8NSpUyU8PNyuLMknHgECpHhw7HzpxIkTZh0MHajHgQACCCAQPIH8+fNLjRo1ZObMmcGrvAtrTIDkkkaZMGGCtGnTRjJlyuSSElEMBBBAAAG7BXr06CF6NYHDeQECJOfbwJRg7NixZmdnlxSHYiCAAAIIOCDQsWNHM1D71KlTDuROllEFCJCiajh0/+DBg7Jr1y7RJec5EEAAAQSCK5AxY0Zp2rSpTJs2LbgILqk5AZILGmLSpEnSoUMHSZMmjQtKQxEQQAABBJwU6Ny5s+j3AoezAgRIzvqb3PV/BP0fggMBBBBAAIHWrVvLihUrhMtszn4WCJCc9ZdDhw7Jzp07ubzmcDuQPQIIIOAWAb3M1qxZM5k+fbpbihTIchAgOdzsujhku3btuLzmcDuQPQIIIOAmgU6dOhEgOdwgBEgON4AGSPfcc4/DpSB7BBBAAAE3CbRo0UIWLVokFy9edFOxAlUWAiQHm/vcuXOycuVK05XqYDHIGgEEEEDAZQLZsmWTmjVryvz5811WsuAUhwDJwbb+7rvvpH79+iwO6WAbkDUCCCDgVoG2bduyqraDjUOA5CD+nDlzzPgjB4tA1ggggAACLhXQ8amzZ892aen8XywCJIfa+ObNm/Ltt99K8+bNHSoB2SKAAAIIuFmgaNGikjVrVtmwYYObi+nbshEgOdS0GzduFL3GrP8DcCCAAAIIIBCbgP6Injt3bmwv8ZzFAgRIFgPHlbx+4Ok9ikuH5xFAAAEEVIAAybnPAQGSQ/bz5s2Tli1bOpQ72SKAAAIIeEFA9+j86aef5NKlS14orq/KSIDkQHNeuXLFTO/XGWwcCCCAAAIIxCWgq2rfcccdsnTp0rhO4XmLBAiQLIKNL9lVq1ZJ+fLlJUuWLPGdxmsIIIAAAghIw4YNZfHixUjYLECAZDO4ZqerozZq1MiBnMkSAQQQQMBrAvp9od8bHPYKECDZ621yI0ByAJ0sEUAAAY8K1K1bV9avX884JJvbjwDJZvBr166ZAXcNGjSwOWeyQwABBBDwokCGDBmkWrVqZuyqF8vv1TITINnccrrgl659lDlzZptzJjsEEEAAAa8K6L5sK1as8GrxPVluAiSbm00/4HXq1LE5V7JDAAEEEPCygH5vECDZ24IESPZ6mw84AZLN6GSHAAIIeFyAAMn+BiRAstl89erVogPuOBBAAAEEEEisQIECBczSMLt3707sWzgvhQIESCkETMrbz5w5I0ePHpXSpUsn5W2ciwACCCCAgFStWlXWrFmDhE0CBEg2QWs269atkypVqkhYWJiNuZIVAggggIAfBDRA0u8RDnsECJDscTa56AdbP+AcCCCAAAIIJFWAACmpYik7nwApZX5JejcBUpK4OBkBBBBAIIoAAVIUDBvuEiDZgByRxcaNG+lBisDgLwIIIIBAkgTy5s0r6dOnl0OHDiXpfZycPAECpOS5JfldV69elV9++YUB2kmW4w0IIIAAAhEC5cqVky1btkQ85K+FAgRIFuJGTXrHjh1SvHhxueWWW6I+zX0EEEAAAQQSLVChQgUCpERrpexEAqSU+SX63Rrx6webAwEEEEAAgeQKECAlVy7p7yNASrpZst6xdetWqVixYrLey5sQQAABBBBQAf0e0e8TDusFCJCsNzY56CW2UqVK2ZQb2SCAAAII+FFAFxrevn27H6vmujoRINnUJDpAu2TJkjblRjYIIIAAAn4UyJUrl6nWyZMn/Vg9V9WJAMmm5ti1axc9SDZZkw0CCCDgZwH9sa0/ujmsFSBAstbXpH78+HFJkyaN5MiRw4bcyAIBBBBAwM8COlxDf3RzWCtAgGStr0l979699B7Z4EwWCCCAQBAENEDS7xUOawUIkKz1Nanv379fChUqZENOZIEAAggg4HcB/T7R7xUOawUIkKz1NakfOHBAihQpYkNOZIEAAggg4HeBwoULy8GDB/1eTcfrR4BkQxPoB1k/0BwIIBC/wG233cZq8/ET8SoC5ge3/vDmsFaAAMlaX5O6BkjFihWzISeyQMDbAnPnzqW31dtNSOltEChatCgb1trgTIBkA/Kvv/4qugszBwIIIIAAAikVyJQpk0ni3LlzKU2K98cjQIAUD06oXvrtt98IkEKFSToIIIAAAuY7Rb9bOKwTIECyzjYy5aNHj0q+fPkiH3MHAQQQQACBlAjoVQkCpJQIJvxeAqSEjVJ0xvnz5yUsLEwiukRTlBhvRgABBBBA4A8BAiTrPwYESBYbHzt2TPLnz29xLiSPAAIIIBAkAb0qobs0cFgnQIBkna1J+fTp05ItWzaLcyF5BBBAAIEgCWTPnl1OnToVpCrbXlcCJIvJz5w5I/pB5kAAAQQQQCBUAvq9ot8vHNYJECBZZ2tSJkCyGJjkEUAAgQAKECBZ3+gESBYbnz17VnLmzGlxLiSPAAIIIBAkgVy5ctGDZHGDEyBZDKwBUubMmS3OheQRQAABBIIkoDOjWSjS2hYnQLLWVy5duiQZMmSwOBeSRwABBBAIkkDGjBnl4sWLQaqy7XUlQLKYXD/A+kHmQACBlAssWrRIhg8fLrq+mB4xH6c8B1JAwBsCBEjWtxMBksXGBEgWA5O8KwVu3rxpFkjVRVILFSoUeatatar06tVLNm3alKxyjx07Vvr06SMnTpww74/5OFmJ8iYEPCigVyb0CgWHdQJprEualFVAP8Csos1nIcgClSpVMtXX/xdWrVol69evl4kTJ8r8+fOlVq1aQaah7ggkW0C/V8LDw5P9ft6YsAA9SAkbpeiMa9euSapUMKcIkTd7VqBmzZoyZ84cc/vhhx/k5MmT0rt3b/n9999l9OjRnq0XBUfAaYHUqVPLlStXnC6Gr/Pnm9vi5tUAKU0aOuosZiZ5jwjoZYG+ffua0m7ZsiVaqXXG5+effy4dO3aUBg0ayKBBg2Tz5s3RzuEBAgj8V0ADpOvXr8NhoQABkoW4mrR+gPWDzIEAAv8V+Pbbb82d2rVrR5LoL+G2bdvKo48+KtrTdPjwYXnttdekbt26yR6vFJk4dxDwoQABkvWNSteGxcYESBYDk7yrBVavXi0fffSRKeORI0dk6dKlsnLlSjP2aODAgZFlf/755+XHH3+Ufv36ydChQ82PCh2j1Lp1a2nXrp3s2bMn8lzuIICAmP9H6EGy9pNAgGStr5nJwxgki5FJ3tUCEZfUIgqZPn16qVevnlnDJUuWLOZpHaeUP39+GTZsWOSYvaZNm0qPHj1k5MiRsnfvXilevHhEEvxFIPAC+r2is0Q5rBMgQLLO1qSsH+KrV69anAvJI+BOgRw5cpiZa1o6HY+3f/9+mT59ugwZMsTMYtPeJL28tnPnTlOBVq1aRavI3LlzzeO1a9cSIEWT4UHQBfR7hR/f1n4KCJCs9aUb1GJfkne3QKlSpURvEUe5cuWkRYsWZqHHcePGmUtupUuXjnj5T//gFyxYUIoWLcpSGZFC3EHgvwIM37D+k0CAZLExA+ksBiZ5TwroRpt67Nu3T/RSmm7orAtK6qU2DgQQSFiAAClho5SewSy2lAom8P60adPKjRs3EjiLlxEIjsCvv/4qY8aMMRWuX7+++Vu9enUzpX/27NnRIPRSXOfOnWXXrl3RnucBAkEX0O8V/X7hsE6AHiTrbE3KOiD1woULFudC8gi4U0BnsenCkHroL14dS6TbjOhWJDpDrWzZsuY1nbmmA7c1GOrUqZN5ftmyZaZHqUqVKnLbbbeZ8/gPAgj8V0C/V/T7hcM6AQIk62xNymwoaDEwybteYMSIEZFl1EHbughk8+bNRaf2RxwVKlSQWbNmmcUhJ02aZLZQ0AVWu3fvbqb9RwxGjfgbMXsn5uOI9PiLgN8F2OfT+hYO++OX3E3rswluDoMHDzbTmfUvBwIIJCxw+fJlOXr0qBQoUIBLCAlzcUZABZYsWSIvvfSS6F8OawQYg2SNa2Sq9CBFUnAHgUQJpEuXzsxcY3xForg4KaAC9CBZ3/AESBYbZ86cWXQXcw4EEEAAAQRCJaABUsRCq6FKk3SiCxAgRfcI+aPs2bObHcxDnjAJIoAAAggEVuDkyZOi3y8c1gkQIFlna1LWD/CZM2cszoXkEUAAAQSCJKDfKwRI1rY4AZK1vqKzdk6fPm1xLiSPAAIIIBAkAf1e0e8XDusECJCsszUpa4R/7tw5i3MheQQQQACBIAno9woBkrUtToBkra/kyZPHTFm2OBuSRwABBBAIkIAuhZE7d+4A1dj+qhIgWWyeLVs20XVdwsPDLc6J5BFAAAEEgiLw22+/Sd68eYNSXUfqSYBkA3u+fPnoRbLBmSwQQACBoAgQIFnf0gRI1hubKF8/zBwIIIAAAgiEQoAAKRSK8adBgBS/T0he1S0TCJBCQkkiCCCAQOAFdNjGlStXGKRt8SeBAMliYE2+cOHCsm/fPhtyIgsEEEAAAb8L6PdJoUKF/F5Nx+tHgGRDE2iAdPDgQRtyIgsEEEAAAb8L6PeJfq9wWCtAgGStr0m9SJEicuDAARtyIgsEEEAAAb8L6PeJfq9wWCtAgGStr0ldP8iHDx+2ISeyQAABBBDwu4D2IBUtWtTv1XS8fgRINjRBiRIlZOfOnTbkRBYIIIAAAn4X2L17txQrVszv1XS8fgRINjSBroN08eJFthyxwZosEEAAAb8L7Nq1S0qVKuX3ajpePwIkm5qgZMmS8ssvv9iUG9kggAACCPhVQL9L9DuFw1oBAiRrfSNTJ0CKpOAOAggggEAyBXST2kuXLrHNSDL9kvI2AqSkaKXg3DJlyoh2i3IggAACCCCQXAEdz1q2bNnkvp33JUGAACkJWCk5tVy5crJ58+aUJMF7EUAAAQQCLrBp0yYpX758wBXsqT4Bkj3OUqFCBdmyZYtNuZENAggggIAfBfR7RL9POKwXIECy3tjkoD1Ieont2rVrNuVINggggAACfhMgQLKvRQmQbLJOnz69WRpe16/gQAABBBBAIDkC27dvpwcpOXDJeA8BUjLQkvuWypUry7p165L7dt6HAAIIIBBggVOnToneWCTSng8BAZI9ziaXqlWrEiDZ6E1WCCCAgJ8E9Ad2lSpVJCwszE/Vcm1dCJBsbBoCJBuxyQoBBBDwmYAGSPo9wmGPAAGSPc4mFwIkG7HJCgEEEPCZAAGSvQ1KgGSjd548eSRr1qyyd+9eG3MlKwQQQAABPwisX79eqlWr5oeqeKIOBEg2N1PNmjVl+fLlNudKdggggAACXhY4ceKEHD16lFW0bWxEAiQbsTWrOnXqyIoVK2zOlewQQAABBLwsoN8btWvXZoC2jY1IgGQjtmZFgGQzONkhgAACPhDQAEm/PzjsEyBAss/a5KQDtXfs2CHh4eE250x2CCCAAAJeFVi9ejUBks2NR4BkM3i6dOnkjjvukGXLltmcM9khgAACCHhR4MqVK7Jy5UqpW7euF4vv2TITIDnQdI0aNZJFixY5kDNZIoAAAgh4TUB7j3Q/zyxZsnit6J4uLwGSA81HgOQAOlkigAACHhXQH9T6vcFhrwABkr3eJjftJtX1LC5duuRA7mSJAAIIIOAlgcWLF0vDhg29VGRflJUAyYFmzJgxo9lPh3FIDuCTJQIIIOAhgYjxRwRI9jcaAZL95ibHpk2byty5cx3KnWwRQAABBLwgoL1HlStXZvyRA41FgOQAumbZvHlzAiSH7MkWAQQQ8IrAvHnzpFmzZl4prq/KSYDkUHPWqFFDDh06JEeOHHGoBGSLAAIIIOB2Ab3SoD+oOewXIECy39zkmCpVKvOrYP78+Q6VgGwRQAABBNwsoHuvHT58WPQHNYf9AgRI9ptH5tiqVSuZMWNG5GPuIIAAAgggECEwc+ZMadGihegPag77BVC33zwyx9atW8uCBQvk8uXLkc9xBwEEEEAAARXQAKlt27ZgOCRAgOQQvGabK1cuMzth4cKFDpaCrBFAAAEE3CZw8eJF0RlsLVu2dFvRAlMeAiSHm/qee+6RWbNmOVwKskcAAQQQcJOAjk+tVauWZM2a1U3FClRZCJAcbu4OHTqYcUg3b950uCRkjwACCCDgFoFp06bJvffe65biBLIcBEgON3vJkiUlT548snTpUodLQvYIIIAAAm4Q0NWzdQIPAZKzrUGA5Ky/yb1z584yadIkF5SEIiCAAAIIOC2gi0NWqlRJ8uXL53RRAp0/AZILmr9Lly4mQOIymwsagyIggAACDgvoD2b94czhrAABkrP+JvdSpUpJ3rx5Zfny5S4oDUVAAAEEEHBK4OrVqzJ79mzp2LGjU0Ug3/8XIEByyUehW7duMnr0aJeUhmIggAACCDghoGsf6ea0+fPndyJ78owiEPbHZR2mT0UBcequLidfsWJFszdbunTpnCoG+SKAAAIIOCjQvn170duDDz7oYCnIWgXoQXLJ56BgwYJSpUoV+eabb1xSIoqBAAIIIGCnwKlTp0QXDu7UqZOd2ZJXHAIESHHAOPH0Aw88IOPGjXMia/JEAAEEEHBYQAdn6xZUmTNndrgkZK8CXGJz0efg/PnzUrhwYdm+fbsZtO2iolEUBBBAAAGLBWrUqCFvvPGGNG/e3OKcSD4xAvQgJUbJpnP0V4POXBgzZoxNOZINAggggIAbBDZs2CDHjh2Tpk2buqE4lOEPAQIkl30MevXqJSNGjHBZqSgOAggggICVAvrv/sMPPyypUvG1bKVzUtKmJZKiZcO5tWvXlrRp08qSJUtsyI0sEEAAAQScFggPD5f//Oc/JkByuizk/z8BAqT/Wbjm3qOPPiqfffaZa8pDQRBAAAEErBPQwdl16tQxY1Cty4WUkyrAIO2kitlw/tmzZ6VYsWIM1rbBmiwQQAABpwV0cParr74qrVq1croo5B9FgB6kKBhuuZstWza577775PPPP3dLkSgHAggggIAFAqtXrxZd/6hFixYWpE6SKRGgBykleha+d/PmzWaq5/79+yVNmjQW5kTSCCCAAAJOCej6d7q1yIABA5wqAvnGIUAPUhwwTj99++23i25iO336dKeLQv4IIIAAAhYIHD9+3GxMq7PXONwnQIDkvjaJLNHTTz8t//znPyMfcwcBBBBAwD8CH3zwgXTt2lVy5Mjhn0r5qCZcYnNxY+o+wqVLl5ZRo0ZJvXr1XFxSioYAAgggkBSBS5cuSZEiRWTFihVSsmTJpLyVc20SoAfJJujkZBMWFmauS7/33nvJeTvvQQABBBBwqYD+8K1fvz7BkUvbR4tFD5KLG0eLpr8ydMr/smXL+B/J5W1F8RBAAIHECOjVgTJlysjo0aOlbt26iXkL5zggQA+SA+hJyTJDhgzSp08fGTx4cFLexrkIIIAAAi4VmDBhgtx6660ERy5tn4hi0YMUIeHiv2fOnJHbbrtN1q1bJ0WLFnVxSSkaAggggEB8Atp7VLFiRRkyZIhZyiW+c3nNWQF6kJz1T1Tu2bNnF91+5J133knU+ZyEAAIIIOBOgZkzZ0q6dOkIjtzZPNFKRQ9SNA73Pjhx4oS5Zr1lyxbJly+fewtKyRBAAAEE4hSoWbOmvPzyy9KuXbs4z+EFdwjQg+SOdkiwFLlz55aHHnqIsUgJSnECAggg4E6BWbNmyeXLl6Vt27buLCCliiZAD1I0Dnc/iOhFWr9+vVk/w92lpXQIIIAAAhECOvaoatWq8o9//IPeowgUl/+lB8nlDRS1eNqL9Nhjj8nrr78e9WnuI4AAAgi4XGDKlClmX00urbm8oaIUjx6kKBheuBsxo+2nn36SEiVKeKHIlBEBBBAItMCNGzdE99ccNmwYg7M99EmgB8lDjaVF1Rlt/fv3l4EDB3qs5BQXAQQQCKbA2LFjRa8ANG/ePJgAHq01PUgebLiLFy9KqVKlZMaMGVK9enUP1oAiI4AAAsEQCA8PN7sg6CW2WrVqBaPSPqklPUgebMiMGTPKq6++Ks8++6wHS0+REUAAgeAI6GU13U6E4Mh7bU4PkvfazJT4+vXrUqlSJXn33XeldevWHq0FxUYAAQT8K6Azj8uWLSurVq0yuyH4t6b+rBkBkofbdfbs2aYXafPmzZIqFZ2BHm5Kio4AAj4U6Nu3r/m3+f333/dh7fxfJQIkj7dxixYtRG9PPfWUx2tC8RFAAAH/CGzatEnuvvtu2bFjh+TIkcM/FQtQTQiQPN7Y+j/fnXfeKdu2bZM8efJ4vDYUHwEEEPCHQKNGjaRr167yt7/9zR8VCmAtuC7j8UYvU6aM9OzZU1566SWP14TiI4AAAv4QmDx5spw+fVp69+7tjwoFtBb0IPmg4c+ePSvlypUTHZNUpUoVH9SIKiCAAALeFNBp/Tow+8svv5QGDRp4sxKU2gjQg+SDD0K2bNnMbLZevXqJzm7jQAABBBBwRmDQoEFSv359giNn+EOaKz1IIeV0NrHGjRtL+/btpV+/fs4WhNwRQACBAArojGL9d1j/3nrrrQEU8FeVCZB81J4RA7Z19kT+/Pl9VDOqggACCLhb4ObNm6bnqEePHvLoo4+6u7CULlECXGJLFJM3TtIB248//jhT/r3RXJQSAQR8JDBy5EgzxOGRRx7xUa2CXRV6kHzW/pcvX5Y77rhD3njjDenYsaPPakd1EEAAAfcJHD582Py7u2jRIqlQoYL7CkiJkiVAgJQsNne/aeXKldKhQwfZsmWL5MyZ092FpXQIIICAxwXatGlj9lobOHCgx2tC8aMKECBF1fDRfV1ZW9fhGDNmjI9qRVUQQAABdwmMGzfOzCJes2aNpE2b1l2FozQpEiBAShGfe9988eJFqVixonz00UfSsmVL9xaUkiGAAAIeFTh27JhUrlxZvvnmG6lWrZpHa0Gx4xIgQIpLxgfPL126VDp16mQuteXKlcsHNaIKCCCAgHsEWrVqJTVq1JBXX33VPYWiJCETIEAKGaU7E3ruuedk9+7dMmXKFHcWkFIhgAACHhT4/PPP5bPPPpNVq1ZJmjRpPFgDipyQAAFSQkIef/3KlStStWpVef7550XX5+BAAAEEEEiZwJ49e0zP0bJly8y2IilLjXe7VYAAya0tE8JybdiwQZo1ayY//fSTFClSJIQpkxQCCCAQLIEbN26YBSG7dOkiTz75ZLAqH7DaslBkABpcBxG++OKLov9DX7t2LQA1pooIIICANQI6lV/3v2RLJ2t83ZQqPUhuag2Ly6IDCnURyTfffNPinEgeAQQQ8J/AwoULzVCFn3/+WfLkyeO/ClKjaAIESNE4/P3gxIkTUqlSJRk7dqzZUNHftaV2CCCAQOgE9N9P7Y3/8ssv5e677w5dwqTkWgECJNc2jTUF+/7776Vnz56yfv16fgFZQ0yqCCDgQ4HWrVubH5hvvfWWD2tHlWITYAxSbCo+fk5/+ehmiro+0vXr131cU6qGAAIIhEbgtddek/Pnz5s9LkOTIql4QYAeJC+0UojLePPmTWnRooVUqVJF3n777RCnTnIIIICAfwQWLFggDzzwgKxbt07y5cvnn4pRkwQFCJASJPLnCSdPnjTrI3344YfStm1bf1aSWiGAAAIpEDh06JBUr15dJk6cKA0aNEhBSrzViwIESF5stRCVefXq1XLPPfeIbklSqlSpEKVKMggggID3BXSRXQ2KOnbsKM8++6z3K0QNkixAgJRkMn+9YfTo0Wbavy4iqWt7cCCAAAIIiLmsdvXqVRk/fjwcARUgQApow0ettq4Gu2vXLrMjdapUjNuPasN9BBAInsCwYcPMdP7ly5dLhgwZggdAjY0AARIfBLO6dtOmTaVOnTosIsnnAQEEAi2gg7J130rdhJatmQL9URC6C4Ld/qb2uhP15MmTzUDEr776ChEEEEAgkAI7duyQ7t27y6RJkwiOAvkJiF7pNNEf8iioArly5ZLZs2ebTRj1V1PDhg2DSkG9EUAggALHjx8X3Y7p3XfflXr16gVQgCrHFOASW0yRgD/+4YcfpGvXrrJkyRIpXbp0wDWoPgIIBEHg8uXLctddd5ktRF5//fUgVJk6JkKAACkRSEE7ZeTIkWYBSb0GnyNHjqBVn/oigEDABO6//36zCOTQoUMDVnOqG58AAVJ8OgF+beDAgTJ37lzRHqVMmTIFWIKqI4CAnwWefvpps0q2/nuXPn16oYeDMQAAEp9JREFUP1eVuiVRgAApiWBBOv3hhx+Wo0ePysyZM0UHcnMggAACfhJ47733RNeC08Vys2fP7qeqUZcQCDCLLQSIfk3iiy++kLCwMOnVq5dfq0i9EEAgoALjxo2TDz74wPSUExwF9EOQQLUJkBIACvLLqVOnNtNdd+7cKS+++GKQKag7Agj4SGDevHkyYMAAExwVLFjQRzWjKqEU4LpJKDV9mFbGjBnN9H+d9q/3dWwSBwIIIOBVgcWLF0u3bt3Mv2vlypXzajUotw0CBEg2IHs9C53JpqvL3nnnnZI1a1bRrUk4EEAAAa8J6J6TuvnslClTpGbNml4rPuW1WYAAyWZwr2Z36623ysKFC80CalmyZBEdwM2BAAIIeEVg8+bN0rp1a7PHGgvheqXVnC0nAZKz/p7KvXDhwvL9999Lo0aNJF26dKab2lMVoLAIIBBIgW3btkmzZs3k448/NqtlBxKBSidZgAApyWTBfkPJkiVNkNS4cWO5ceOG2dQx2CLUHgEE3CywdetWs0L2sGHDpFOnTm4uKmVzmQABkssaxAvFKVOmjLncpkvza5DUs2dPLxSbMiKAQMAE5syZI3/9619FV8jWLZQ4EEiKAAFSUrQ4N1IgIkiqW7eu6CaPzzzzTORr3EEAAQScFli7dq0Zc6S7AeiwAA4EkipAgJRUMc6PFChbtqzs37/fzGwLDw+XV155JfI17iCAAAJOCWhw1KpVK5kxYwbBkVON4IN8CZB80IhOVkFntO3du9fshK3rJPXv39/J4pA3AggEXGDZsmXSvn170U2377nnnoBrUP2UCBAgpUSP9xqBYsWKmb2MdEzSpUuX5OWXX0YGAQQQsF1g0aJF0rlzZxk/frw0adLE9vzJ0F8CbDXir/Z0rDa6XL9u+Dhp0iSzkOTNmzcdKwsZI4BA8AQmT55sBmJPmzaN4Ch4zW9JjcP++CLjm8wS2mAmevbsWWnbtq0UKFBAxowZI7fcckswIag1AgjYJvDJJ5/IG2+8Id9++61UqlTJtnzJyN8CBEj+bl9Hanf58mXzS+7ChQtmkGSGDBkcKQeZIoCA/wUGDRok//nPf2T+/Pmil/s5EAiVAJfYQiVJOpECusq27nVUvHhxadCggRw9ejTyNe4ggAACoRC4du2a9OnTx2w6u3z5coKjUKCSRjQBAqRoHDwIlUCqVKnks88+M7NJdFPILVu2hCpp0kEAgYALnDt3zqxxpDNodWB2njx5Ai5C9a0QIECyQpU0IwV0Rtu7775r1iLRLnAOBBBAICUChw4dkjvvvFN026NZs2ZJ5syZU5Ic70UgTgECpDhpeCFUArrEv84s6d69u1mbJFTpkg4CCARLQBeArF27tjz88MMyfPhw0Z5qDgSsEmCQtlWypPsngV9++UXatGljdtXWvZHSpGEZrj8h8QQCCMQq8PXXX5sxR//+97+lXbt2sZ7DkwiEUoAAKZSapJWggI4duO++++TKlStmzaScOXMm+B5OQACB4AroSjR6qV5nqn3zzTdy++23BxeDmtsqQP+krdxkljVrVjPrpFq1alKjRg3Zvn07KAgggECsAr///ruZ6KHbh+jlNYKjWJl40iIBAiSLYEk2bgEdN6ADt1999VWzDMDEiRPjPplXEEAgkAI681V/SBUuXFi+//57yZUrVyAdqLRzAlxic86enP8Q2Lhxo/mFqJtLatDEuCQ+FgggMGHCBDPeSMcq9ujRAxAEHBEgQHKEnUyjCpw5c0a6desmOj5J91PKmzdv1Je5jwACARG4evWqvPDCCzJ9+nQz85VtQwLS8C6tJpfYXNowQSpW9uzZzeDLZs2aSdWqVWXevHlBqj51RQCBPwT2798v9evXl127dpnxRgRHfCycFiBAcroFyN8IhIWFycCBA2X8+PFmjZOXXnpJdCsBDgQQ8L/A1KlTpXr16maG68yZM0V/NHEg4LQAl9icbgHy/5PAiRMnzLgDveSmYxEKFSr0p3N4AgEEvC+gG1s/99xzZkVsnayhQRIHAm4RoAfJLS1BOSIFcufOLXPmzDGDt3UWi/YqcSCAgL8EdIKGXlL/7bff5OeffyY48lfz+qI29CD5ohn9Wwn9h/P++++XKlWqyMcffyzZsmXzb2WpGQIBEXjvvffknXfekWHDhpktiAJSbarpMQF6kDzWYEEr7h133GEGbOqK2xUrVpQff/wxaATUFwHfCBw8eFCaNGkiOs5ozZo1BEe+aVl/VoQAyZ/t6qtaZciQQT788EP54osvzHIAffr0kQsXLviqjlQGAb8LjBgxwvQEN23aVBYtWiRFixb1e5Wpn8cFCJA83oBBKn7z5s1l8+bNJjjS3iT9R5YDAQTcLaC9RrqEx6effmp6gJ9//nnR1fQ5EHC7AJ9St7cQ5YsmoGOQRo0aJR999JHpnu/Xr5/ofk0cCCDgLgHdZFZ7fXX84F133SWrVq2S8uXLu6uQlAaBeAQIkOLB4SX3CrRq1Up0r6bw8HApV66cWXnXvaWlZAgES2Dbtm1m0Uf9MaPjBl988UVJnTp1sBCorecFmMXm+SakAkuWLJHevXubX6c60y1fvnygIICAAwK6Vcjrr79uZpzq38cee8yBUpAlAqERoAcpNI6k4qCAbk+ga6ro1gR6+9e//sUq3A62B1kHU0C3CLr99ttl69atsmnTJoKjYH4MfFVrepB81ZxUZufOnWYX8F9//VWGDx8uDRs2BAUBBCwUOHDggDz11FOyYcMGMzawZcuWFuZG0gjYJ0APkn3W5GSDQOnSpc1mt6+99prZrqR79+5y+PBhG3ImCwSCJaDj/958803Rtcp0RWztOSI4CtZnwO+1JUDyewsHtH733nuv7NixQ4oXL24WmPzHP/4hFy9eDKgG1UYgtAK6R2KZMmVk/fr1ZpuQV155RdKlSxfaTEgNAYcFuMTmcAOQvfUCug6Lrr2yePFieeutt+SBBx6wPlNyQMCHArr6dd++fUU3mX3//ffNTDUfVpMqIWAECJD4IARGQNdhefLJJ0Vn2rz99tuiK/pyIIBAwgK//PKLvPzyy7Js2TIZPHiw+ZERFhaW8Bs5AwEPC3CJzcONR9GTJlCrVi1ZuXKl+Yf+iSeekLvvvtvsB5W0VDgbgeAIHD161MxG0/93dKzRrl27pGfPnkJwFJzPQJBrSoAU5NYPaN11fJIuZNe1a1dp166d3HfffWaAaUA5qDYCfxI4deqU6LgiXfk6c+bMoj1Iutij7ovIgUBQBAiQgtLS1DOagK7qq4tL6j/8NWrUMFsh/OUvfzGBU7QTeYBAgAROnz5tAqOSJUvKyZMnzfpi//znPyVHjhwBUqCqCPxXgACJT0KgBfQX8TPPPCN79uwxlxAaNWpklgfQHiYOBIIioD1GOtNTA6Njx46ZmWmffPKJFCpUKCgE1BOBPwkQIP2JhCeCKJApUyYz02337t1SoUIF0UBJL8XprB0OBPwqoAuqDhgwQG677TbR+2vXrpXPP/9cihQp4tcqUy8EEi1AgJRoKk4MgoCOt3jhhRdk37595rKbBkk6223RokVBqD51DIiA/hB45JFHzNYgN2/eNBs/a2BUrFixgAhQTQQSFiBAStiIMwIooJfedL0X/SLp1q2bPP7441KlShX56quvzDIBASShyj4Q0I2d27dvL3Xq1JH8+fObWWlDhw6VAgUK+KB2VAGB0AqwDlJoPUnNxwLffvut6JfJli1bzHpKOsg7Z86cPq4xVfODgK77NXXqVNHB1ufOnZP+/fvLgw8+KOnTp/dD9agDApYJECBZRkvCfhXQncqHDRtmvnQ6dOhgNsetVq2aX6tLvTwqoGOKPvvsMzOmSKfrP/3009K6dWvWMPJoe1Js+wW4xGa/OTl6XKBixYoycuRIc/mtXLly0rFjR9GF9MaOHSuXLl3yeO0ovpcFdDyRbqnTuXNnM9lAp+ovXLhQvv/+e2nTpg3BkZcbl7LbLkAPku3kZOg3gRs3bsicOXPk008/lRUrVpgFKPXym648zIGAHQJHjhyR0aNHy7///W+zsKMOwNY9B3XSAQcCCCRPgAApeW68C4FYBQ4dOiSjRo2SESNGyK233mrGeuiK3bly5Yr1fJ5EILkCV65ckdmzZ5uJAzrLUnuNevXqZRY+TW6avA8BBP4nQID0PwvuIRAyAb3UoZc1NFj65ptvzLpKPXr0MFubpE2bNmT5kFDwBLSX8ssvv5SJEydKpUqVzN5oGhzpWl4cCCAQOgECpNBZkhICsQqcP39epkyZYn7p//zzz9K2bVvp0qWLNGnSRNKkSRPre3gSgagCGzZskAkTJpigSANsvXzWvXt3KVy4cNTTuI8AAiEUIEAKISZJIZCQgM4s0l/+etuxY4cZ4K2b5TZs2JBgKSG8gL2+ceNGM1Ny/PjxopfT9HOiN12PiwMBBKwXIECy3pgcEIhV4ODBg6ZXQNeo2bp1q5mCrYv46VTsjBkzxvoenvSvgF6W1YUcp0+fLtOmTTMzzjp16mTGFumGyhwIIGCvAAGSvd7khkCsAkePHpUZM2aYL0cdY6IrHbdq1crcdJ8sDn8KnD59Wr777jvRRUjnzp0rBQsWNCtd6/paupwEBwIIOCdAgOScPTkjEKvA77//LvPmzTNLB+jyAVmyZDFr2Nx9993mUhxTt2Nl88ST169fl59++smsTaQz0PQyWuPGjaVly5am55AxRZ5oRgoZEAECpIA0NNX0roAO7NZehvnz58uqVavM+ko6wFtveuklXbp03q2cz0sesRFsxGKNOh2/ePHipu2aN29uAt5bbrnF5wpUDwFvChAgebPdKHVABcLDw2Xp0qWyYMEC0wuh+8JVrVpV6tevb2716tUzPU4B5XG82rrv2fr1681q1jqeSG+6HpYOwtceQL3lzp3b8XJSAAQQSFiAAClhI85AwLUCFy5cMKt3R3wZr1mzxkz91q1P9Fa7dm2z5QTLCVjThPv375eVK1eam/bu6XT8smXLyp133mkC1gYNGkjevHmtyZxUEUDAUgECJEt5SRwBewV02xMd16Jf1npbvXq17NmzxwRJ2tOkU8R1Y13dvJSFBRPfNteuXZNffvlF1q5da3qItJdo3bp1xrBmzZomENWAtHr16rgmnpUzEXC1AAGSq5uHwiGQcoGLFy+ang39Qtcvdu3l0Etz2rNRoUIFc9MZU6VKlTK3nDlzpjxTj6agmw1rIKS3zZs3Gye12rVrlxQrVkwqV65sgkwNNDXgzJMnj0drSrERQCAhAQKkhIR4HQEfCmhPk/Ys6Ze/3rZt2ybbt283gUDq1KlNoKSXinRWlQYGRYsWjbx5eVCx1luXVNi7d6/s27dP9BKZ3jQg0iDo+PHjUqJECSldurSUK1cuMoDU+wyG9+H/CFQJgXgECJDiweElBIIooEGCBgsaNGgQETWQ0M149dJc/vz5pUCBApE37XXSwcd6016V7NmzS9asWc3Nykt5usL02bNnzU2XRzh27JicOHHC3E6ePGkCHi2z7navq5jr6/ny5ZMiRYpEBn46q0xv2oOmz6dKlSqIzU6dEUAghgABUgwQHiKAQPwCGoBEBBwRQYcGVRGByalTp0SDk3PnzpmbzrzTgClDhgySPn36yL8aOGlvlQYk+ldvus+YjvfR9YL0pj0+OlVeB6NrOnoJTP9evnxZdJFFfS1btmzmpnnkypUrMlDT+3oZUYO5iIBOgyPNhwMBBBBISIAAKSEhXkcAgRQJaKCjvTu6aW/UIEeDHZ0Wr0FQ1IAoLCwsMmDS4Eln4GlgFTW40q1YtIeKy14pahrejAAC8QgQIMWDw0sIIIAAAgggEEwBLrYHs92pNQIIIIAAAgjEI0CAFA8OLyGAAAIIIIBAMAUIkILZ7tQaAQQQQAABBOIRIECKB4eXEEAAAQQQQCCYAgRIwWx3ao0AAggggAAC8QgQIMWDw0sIIIAAAgggEEwBAqRgtju1RgABBBBAAIF4BAiQ4sHhJQQQQAABBBAIpgABUjDbnVojgAACCCCAQDwCBEjx4PASAggggAACCARTgAApmO1OrRFAAAEEEEAgHgECpHhweAkBBBBAAAEEgilAgBTMdqfWCCCAAAIIIBCPAAFSPDi8hAACCCCAAALBFCBACma7U2sEEEAAAQQQiEeAACkeHF5CAAEEEEAAgWAKECAFs92pNQIIIIAAAgjEI0CAFA8OLyGAAAIIIIBAMAUIkILZ7tQaAQQQQAABBOIRIECKB4eXEEAAAQQQQCCYAgRIwWx3ao0AAggggAAC8QgQIMWDw0sIIIAAAgggEEwBAqRgtju1RgABBBBAAIF4BAiQ4sHhJQQQQAABBBAIpgABUjDbnVojgAACCCCAQDwC/wcvloUtKTNZLQAAAABJRU5ErkJggg==</file>

    <drag>
      <no>1</no>
      <text>Drum</text>
      <noofdrags>1</noofdrags>
    </drag>
    <drop>
      <no>1</no>
      <shape>polygon</shape>
      <coords>397,68;285,216;351,273;475,140</coords>
      <choice>1</choice>
    </drop>
  </question>

<!-- question: 126873  -->
  <question type="description">
    <name>
      <text>Questions 1-3 Example</text>
    </name>
    <questiontext format="html">
      <text><![CDATA[<p dir="ltr" style="text-align: left;"></p><span id="docs-internal-guid-0513b20a-7fff-5c93-7c71-1579d133075b"><p dir="ltr" style="">Use the following example to help you to answer questions 1-3.</p><p dir="ltr" style=""><strong>EXAMPLE QUESTION: </strong>Determine the number of primitive objects in the given 2D objects. <strong>Write your answer as an integer in the answer box.</strong></p></span><p dir="ltr" style="text-align: left;"><img src="@@PLUGINFILE@@/01-03%20EX.jpg" alt="" role="presentation" class="img-fluid"><br></p>]]></text>
<file name="01-03 EX.jpg" path="/" encoding="base64">/9j/4AAQSkZJRgABAQEAYABgAAD/2wBDAAIBAQIBAQICAgICAgICAwUDAwMDAwYEBAMFBwYHBwcGBwcICQsJCAgKCAcHCg0KCgsMDAwMBwkODw0MDgsMDAz/2wBDAQICAgMDAwYDAwYMCAcIDAwMDAwMDAwMDAwMDAwMDAwMDAwMDAwMDAwMDAwMDAwMDAwMDAwMDAwMDAwMDAwMDAz/wAARCAKTApsDASIAAhEBAxEB/8QAHwAAAQUBAQEBAQEAAAAAAAAAAAECAwQFBgcICQoL/8QAtRAAAgEDAwIEAwUFBAQAAAF9AQIDAAQRBRIhMUEGE1FhByJxFDKBkaEII0KxwRVS0fAkM2JyggkKFhcYGRolJicoKSo0NTY3ODk6Q0RFRkdISUpTVFVWV1hZWmNkZWZnaGlqc3R1dnd4eXqDhIWGh4iJipKTlJWWl5iZmqKjpKWmp6ipqrKztLW2t7i5usLDxMXGx8jJytLT1NXW19jZ2uHi4+Tl5ufo6erx8vP09fb3+Pn6/8QAHwEAAwEBAQEBAQEBAQAAAAAAAAECAwQFBgcICQoL/8QAtREAAgECBAQDBAcFBAQAAQJ3AAECAxEEBSExBhJBUQdhcRMiMoEIFEKRobHBCSMzUvAVYnLRChYkNOEl8RcYGRomJygpKjU2Nzg5OkNERUZHSElKU1RVVldYWVpjZGVmZ2hpanN0dXZ3eHl6goOEhYaHiImKkpOUlZaXmJmaoqOkpaanqKmqsrO0tba3uLm6wsPExcbHyMnK0tPU1dbX2Nna4uPk5ebn6Onq8vP09fb3+Pn6/9oADAMBAAIRAxEAPwD9o/2tf2tbP9kzRvCEsvhDxh451Pxz4g/4RvSdJ8N/YFupbgWF7qDOzX11awLGtvYXBJMuc7QFOePMv+HlXiL/AKNg+P8A/wCDDwZ/8v6P+ClX/JRP2YP+yq3P/qGeKKvUAUf+HlXiL/o2D4//APgw8Gf/AC/o/wCHlXiL/o2D4/8A/gw8Gf8Ay/q9RQBR/wCHlXiL/o2D4/8A/gw8Gf8Ay/o/4eVeIv8Ao2D4/wD/AIMPBn/y/q9RQBR/4eVeIv8Ao2D4/wD/AIMPBn/y/o/4eVeIv+jYPj//AODDwZ/8v64z9rT4uX37P/7KvxM8eaZbWl5qXgnwpqmv2lvdBjBPNa2cs6JJtIbYWjAOCDgnBFfGn/BPX/gqT8Qvi78NtY+J/wAZPG/7Mh+G+jeEB4i1LTvh3PqmpeK/DcjyQlTqFkGnMUSRfaPMCgsrKvO1XNAH39/w8q8Rf9GwfH//AMGHgz/5f0f8PKvEX/RsHx//APBh4M/+X9eP3X/BRz4KWmj+J9RPj3TpNM8GaDp/ibWr6G1uZbXT7C/G6zkeVYym+ZSGWIEylSDswQa5jwH/AMFgv2b/AImfA7xZ8R9E+J1heeDvAs9nBr96dMvopNLa7nW3tjJbvAs+ySVgocIV4YkgKxAB9D/8PKvEX/RsHx//APBh4M/+X9H/AA8q8Rf9GwfH/wD8GHgz/wCX9fKM3/Bej9kaDSL69Pxp0Iw6ferYSqunX7TPIc4aOIQb5YuOZY1aMcZYZFdh8df+Ctn7O37NM2mR+NfidpWjtrfh+08U6aFsru6/tHTbuR47e4gMMT+aHaN/lTLBRuKhSCQD37/h5V4i/wCjYPj/AP8Agw8Gf/L+j/h5V4i/6Ng+P/8A4MPBn/y/r5L8b/t13HiX9vP9mvTvBHjLTb34RfE/wv4j1vUJYoYWg1FbS3ikgl8508yLyyXyAyc7g44wPQ/2bv8AgqT8Av2vPinf+Cvhz8StI8TeJ9OjeWSyit7mAzIhw7wvLGiTqOpMTOMc9OaAPcf+HlXiL/o2D4//APgw8Gf/AC/o/wCHlXiL/o2D4/8A/gw8Gf8Ay/q9RQBR/wCHlXiL/o2D4/8A/gw8Gf8Ay/o/4eVeIv8Ao2D4/wD/AIMPBn/y/q9RQBR/4eVeIv8Ao2D4/wD/AIMPBn/y/o/4eVeIv+jYPj//AODDwZ/8v6vUUAUf+HlXiL/o2D4//wDgw8Gf/L+j/h5V4i/6Ng+P/wD4MPBn/wAv6vUUAUf+HlXiL/o2D4//APgw8Gf/AC/o/wCHlXiL/o2D4/8A/gw8Gf8Ay/q9RQBR/wCHlXiL/o2D4/8A/gw8Gf8Ay/o/4eVeIv8Ao2D4/wD/AIMPBn/y/q9RQBR/4eVeIv8Ao2D4/wD/AIMPBn/y/o/4eVeIv+jYPj//AODDwZ/8v6vUUAUf+HlXiL/o2D4//wDgw8Gf/L+j/h5V4i/6Ng+P/wD4MPBn/wAv6vUUAUf+HlXiL/o2D4//APgw8Gf/AC/o/wCHlXiL/o2D4/8A/gw8Gf8Ay/q9RQBR/wCHlXiL/o2D4/8A/gw8Gf8Ay/o/4eVeIv8Ao2D4/wD/AIMPBn/y/q9RQBR/4eVeIv8Ao2D4/wD/AIMPBn/y/o/4eVeIv+jYPj//AODDwZ/8v6vUUAUf+HlXiL/o2D4//wDgw8Gf/L+j/h5V4i/6Ng+P/wD4MPBn/wAv6vUUAUf+HlXiL/o2D4//APgw8Gf/AC/o/wCHlXiL/o2D4/8A/gw8Gf8Ay/q9RQBR/wCHlXiL/o2D4/8A/gw8Gf8Ay/o/4eVeIv8Ao2D4/wD/AIMPBn/y/q9RQBR/4eVeIv8Ao2D4/wD/AIMPBn/y/o/4eVeIv+jYPj//AODDwZ/8v6vUUAUf+HlXiL/o2D4//wDgw8Gf/L+j/h5V4i/6Ng+P/wD4MPBn/wAv6vUUAUf+HlXiL/o2D4//APgw8Gf/AC/o/wCHlXiL/o2D4/8A/gw8Gf8Ay/q9RQBR/wCHlXiL/o2D4/8A/gw8Gf8Ay/o/4eVeIv8Ao2D4/wD/AIMPBn/y/q9RQBR/4eVeIv8Ao2D4/wD/AIMPBn/y/o/4eVeIv+jYPj//AODDwZ/8v6vUUAUf+HlXiL/o2D4//wDgw8Gf/L+j/h5V4i/6Ng+P/wD4MPBn/wAv6vUUAUf+HlXiL/o2D4//APgw8Gf/AC/o/wCHlXiL/o2D4/8A/gw8Gf8Ay/q9RQBR/wCHlXiL/o2D4/8A/gw8Gf8Ay/o/4eVeIv8Ao2D4/wD/AIMPBn/y/q9RQBR/4eVeIv8Ao2D4/wD/AIMPBn/y/o/4eVeIv+jYPj//AODDwZ/8v6vUUAUf+HlXiL/o2D4//wDgw8Gf/L+j/h5V4i/6Ng+P/wD4MPBn/wAv6vUUAUf+HlXiL/o2D4//APgw8Gf/AC/o/wCHlXiL/o2D4/8A/gw8Gf8Ay/q9RQBR/wCHlXiL/o2D4/8A/gw8Gf8Ay/o/4eVeIv8Ao2D4/wD/AIMPBn/y/q9RQBR/4eVeIv8Ao2D4/wD/AIMPBn/y/o/4eVeIv+jYPj//AODDwZ/8v6vUUAUf+HlXiL/o2D4//wDgw8Gf/L+j/h5V4i/6Ng+P/wD4MPBn/wAv6vUUAUf+HlXiL/o2D4//APgw8Gf/AC/o/wCHlXiL/o2D4/8A/gw8Gf8Ay/q9RQBR/wCHlXiL/o2D4/8A/gw8Gf8Ay/o/4eVeIv8Ao2D4/wD/AIMPBn/y/q9RQBR/4eVeIv8Ao2D4/wD/AIMPBn/y/o/4eVeIv+jYPj//AODDwZ/8v6vUUAUf+HlXiL/o2D4//wDgw8Gf/L+j/h5V4i/6Ng+P/wD4MPBn/wAv6vUUAUf+HlXiL/o2D4//APgw8Gf/AC/o/wCHlXiL/o2D4/8A/gw8Gf8Ay/q9RQBR/wCHlXiL/o2D4/8A/gw8Gf8Ay/o/4eVeIv8Ao2D4/wD/AIMPBn/y/q9RQAvgD/gpL/wlPxq8D+Cte+Cnxf8AAcvxB1K40jStU1ubw7PYC6h0681ExyfYdWuZ13QWNxhvKK7goJGc19L18QfEn/k7z9lj/spGo/8AqF+J6+36APln/gpV/wAlE/Zg/wCyq3P/AKhniivJf2qP+Cenwf8A22PEvhbWPib4Q/4SbUfBTySaLN/at7ZfY2kaN3O23mjV8tDGfnDfd46nPrX/AAUq/wCSifswf9lVuf8A1DPFFXqAPla6/wCCJ/7Md7p3ja0l+Ge63+It3HfeIU/4SLVR/aE0c7XCNn7VmPErs2I9o5wRjirP/Dmf9mz/AISrw9rX/CuP+Jn4V0UeHtLm/wCEg1T/AEWxEUsIh2/adrfu5pBuYFvmzuyAR9QUUAfIs/8AwQj/AGVLn4W2vgt/hZnwzZarNrcNn/wkusfJeTQxQyS+Z9r3nMcEQ2lto25ABJJ19S/4Iv8A7NOr658QdRuPht5l78U43h8USf8ACQ6qP7UV76C/YYFziLN1bQyfugn3Nv3SVP1HRQB4T4u/Yc8O+Ev+CefjP4CfC2wtPCuiat4S1rw/osF1d3NzBYy38Vz88ksjSTFPOuGc8sQCQBgAV8q/sV/8E+P2lP2TfgP4q8H2/hL9jbT7+48EN4f0rXdC0/UbbVtWv98Ucc+r3DWpFzEIWuZGXyyXlEYwqs7D9IKKAPzT+CP/AARv+MH7In7Mnxh+FHws+InhPT9L8bQaRqvh/Xr6KUarY6vAtul/FPthYC1mEJMUkbGS33fKhbL1wmpf8EPvj146+BH7SWmeI/FPwyl8X/HHTvDUFnJH4g1/UbWyl0zUUuJRNc6iLm8ZDDGoRi7ncdu2NQDX6z0UAfFPxu/4Jia18Rvjr+0X4n0z/hCLXT/iv8Ix4A8OpKsiTaZei2nhDyhYSI4Buh5jZmxGPk+Va+UrT9mj45fB/wD4KJfDX4bfDnUvhTP8R/Bv7Kljoeoz+K7a7vtCuYU1qS2mWJkUShsspRnjIKoytHhjj9g6KAPzi8B/8EQdf8G+C/gR4ObxfpU3h34e+AvGXhLxFfxvNHfyXGvxS5ls4/L2lIpJ5Mb5EYKqcE5w7/gnX/wSh+K/7Mf7QfgDVfiL/wAKo8T+HfhXpN5pnhnWrLxR4sutcs/Og+zkpZXly+m26SRlhJHDEFHy7ACoI/RuigDxL4t/8E5/g18dP2kNC+Lnirwd/anxC8Mww2+m6t/a19B9mSJ5HjHkxzLC2GlkOWQk7uc4GPLI/wDggp+ydF8PZfCq/CnGgz6imrPa/wDCTax81ykbxLJv+17+Edxjdt5zjIBr7AooA+X/ABJ/wRn/AGbPF3jTxP4h1D4cfaNY8ZacNJ1i4/4SDVE+2W2IR5e1bkKnEEXKBW+Trycx6T/wRc/Zo0O6+H81r8NvKk+Fs32jwwf+Eh1U/wBmP9sa9zzc/vf9IdnxLvHO37vFfUlYnjn4gaR8OrG1uda1bStHtry7hsIZb+6S3Sa4mdY4YVZyAZJHZVVRyzEAAk0AfMV3/wAEKP2Vb7w3r2ky/C3dp/ifVLfWdTi/4SXVx9pu4BcrFJu+1bl2i7uPlUhT5nIO1cauo/8ABF/9mnVfG3/CRT/DbfrJ8Or4T+0f8JDqo/4li6WNJFvtFzt/48QIt+N/8W7f81fQOrfEnStA8Q6TpN9quk2Wq680qaZZT3KR3GotEhklEMZYNIUQFmCg7VBJwK0/7Uk9E/KgD5dP/BDv9lw+E/C2h/8ACsP+JX4Lv7nU9Gg/4SPVv9DuLhoWmfd9q3PuNvDw5YDZwBk5n1//AIIm/sx+KNQ8b3V98M/Pn+I90b3xE3/CRasv9ozG5+1FsC6Aj/ffNiPaO2McV9N/2pJ6J+VH9qSeiflQB83f8OZ/2bP+Eq8Pa1/wrj/iZ+FdFHh7S5v+Eg1T/RbERSwiHb9p2t+7mkG5gW+bO7IBGLP/AMEI/wBlS5+Ftr4Lf4WZ8M2Wqza3DZ/8JLrHyXk0MUMkvmfa95zHBENpbaNuQASSfqv+1JPRPyo/tST0T8qAPmzxZ/wRg/Zq8c+LvG2u6p8NvtWq/EaD7N4in/4SDVU/tCP7TBdbdq3IWP8AfW0DZjCn5MdCwKab/wAEX/2adI1z4fajb/Dby734WRpD4Xk/4SHVT/ZapfT36jBucS4urmaT96H+/t+6Ao+lP7Uk9E/Kj+1JPRPyoA+VIP8AghH+ypbfC268Fp8LMeGb3VYdbms/+El1j57yGGWGOXzPte8YjnlG0NtO7JBIBG1rP/BGT9mvxB441bxHd/DfzdZ1zRh4evrj/hINUXz7EWkdmIdouQq/6PEiblAb5c53Ek/SP9qSeiflR/aknon5UAfMtr/wRP8A2Y7LTvBNpF8M9tv8OruS+8PJ/wAJFqp/s+aSdbh2z9qzJmVFbEm4cYAxxVcf8EO/2XB4T8U6H/wrD/iV+NL+21PWYP8AhI9W/wBMuLdpmhfd9q3JtNxNwhUHfyDgY+ov7Uk9E/KsrxD8TtI8I6lpNnqur6Ppl3r119h0yC7ukhk1G42NJ5MKswMkmxHbauTtRjjANAHgGnf8EX/2adK8bf8ACRQfDbZrI8Ot4T+0f8JDqp/4ljaWdJNvtNzt/wCPEmLfjf8Axbt/zVk3n/BCb9lW/wDhto/hGX4WbvD2ganeazYWn/CS6uPIu7uO1iuJN4ut7b0s7YbWYqPL4ALNn6q/tST0T8qP7Uk9E/KgD5q1b/gi5+zRrl18QJrr4bebJ8UpvtHic/8ACQ6qP7Tf7Yt7ni5/df6QiviLYONv3eKk8N/8EZ/2bPCPjTwx4h0/4cfZ9Y8G6cdJ0e4/4SDVH+x22Jh5e1rkq/E8vLhm+frwMfSP9qSeiflXOeIPjdofhb4k+HPCN9fJB4h8WQXlzpVp9nlb7VHaCI3B3hSibBNFw7And8ucHAB88f8ADib9lX/hVf8AwhP/AAqz/imP7W/tz7F/wkur/wDH55Pk+b5n2rzP9X8u3dt74zzWzdf8EZP2a73xN4x1iT4b7tR8f6e+la/N/wAJBqg+32zSQytHt+07Y8vbwnMYVvkxnBIP0j/aknon5Uf2pJ6J+VAHzV4T/wCCLX7NHgfxZ4A1zS/hr9l1T4XPHJ4Yn/4SHVX/ALMaO9lv0O1rkrLi5mlk/eh87tp+UBRlWf8AwQm/ZVsPhtrHhGL4WbfD2v6nZ6zf2n/CS6ufPu7SO6it5N5ut67EvLkbVYKfM5BKrj6q/tST0T8qP7Uk9E/KgD5stf8AgjB+zVZ+Kr/W4/htt1PU/Dv/AAidzN/wkGqnzNM+wJp/2fb9p2j/AEWNI94Afjdu3EtVHSv+CHv7LuiWvhOG1+GHlR+Br+TVNEX/AISPVj9iuXkikZ+br58vDGcPuHy9ME5+of7Uk9E/Kj+1JPRPyoA+Zbr/AIIn/sx3uneNrSX4Z7rf4i3cd94hT/hItVH9oTRztcI2ftWY8SuzYj2jnBGOKs6N/wAEZP2a/D/jjSfEdp8N/K1nQ9GPh6xuP+Eg1RvIsTaSWZh2m5Kt/o8rpuYFvmzncAR75p/xO0jVvF2o6Ba6vo9zr2jww3F/psV0j3djFNu8l5Yg29Fk2PtLABtjYzg1q/2pJ6J+VAHydN/wQV/ZOuPAum+Gn+FOdF0jUbnVrS2/4SbWP3VzcR28c0m77XuO5LS3GCSo8vgAs2ei8Qf8Ea/2bvFPin4j61ffDjz9T+LYlHiyb/hINUX+1RJfw6g/yi5CxZureGT90Exs2j5SVP0f/aknon5VzenfHHQtV+LOqeBoL9H8U6LplrrN7ZfZ5R5NpcyTxQSeYV8s7ntphtViw2ZIAIJAPEPCf/BGD9mrwN4u8E67pfw2+y6r8OYPs3h2f/hINVf+z4/tM91t2tclZP31zO2ZAx+fHQKBgx/8EFP2Tovh7L4VX4U40GfUU1Z7X/hJtY+a5SN4lk3/AGvfwjuMbtvOcZANfWP9qSeiflR/aknon5UAfOup/wDBHj9nLWfHninxNc/DvzNb8a6U+h6zc/2/qY+2WbxxxNFsFzsTKRRjcgVvl65JznaB/wAETf2Y/C+oeCLqx+GfkT/Di6F74db/AISLVm/s6YXP2oNg3REn775sSbh2xjivX7/9qfwtY/GtPh6s+rX3inyYZ7iHTtA1C/tdNWUSGL7XdwwvbWhcROVWeSMsACAQy57z+1JPRPyoA+Vrv/ghR+yrfeG9e0mX4W7tP8T6pb6zqcX/AAkurj7TdwC5WKTd9q3LtF3cfKpCnzOQdq41dR/4Iv8A7NOq+Nv+Ein+G2/WT4dXwn9o/wCEh1Uf8SxdLGki32i52/8AHiBFvxv/AIt2/wCavTvAf7Y/gP4m/wDCC/2HryXv/CyrG81Lw3/oFzH/AGjb2nl/aH+eMeXs82PiTaTu4Bwcejf2pJ6J+VAHy6f+CHf7Lh8J+FtD/wCFYf8AEr8F39zqejQf8JHq3+h3Fw0LTPu+1bn3G3h4csBs4Aycz6//AMETf2Y/FGoeN7q++Gfnz/Ee6N74ib/hItWX+0Zjc/ai2BdAR/vvmxHtHbGOK+m/7Uk9E/KsrxJ8TtI8G3mlW+r6vo+lXGu3g0/TIry6SB9RuSjOIIQzAySFEdti5bCMcYBoA8D/AOHM/wCzZ/wlXh7Wv+Fcf8TPwroo8PaXN/wkGqf6LYiKWEQ7ftO1v3c0g3MC3zZ3ZAIxZ/8AghH+ypc/C218Fv8ACzPhmy1WbW4bP/hJdY+S8mhihkl8z7XvOY4IhtLbRtyACST9V/2pJ6J+VH9qSeiflQB82eLP+CMH7NXjnxd4213VPht9q1X4jQfZvEU//CQaqn9oR/aYLrbtW5Cx/vraBsxhT8mOhYFNN/4Iv/s06Rrnw+1G3+G3l3vwsjSHwvJ/wkOqn+y1S+nv1GDc4lxdXM0n70P9/b90BR9Kf2pJ6J+VeW6Z+3J8OtV8a6voa+IDbSaJfnSbrUrzS7y00Q34nS2NjHqcsS2U1358ixfZ4pml3h12ZRwoB5NB/wAEI/2VLb4W3XgtPhZjwze6rDrc1n/wkusfPeQwywxy+Z9r3jEc8o2htp3ZIJAI2tZ/4Iyfs1+IPHGreI7v4b+brOuaMPD19cf8JBqi+fYi0jsxDtFyFX/R4kTcoDfLnO4kn6R/tST0T8qP7Uk9E/KgD5ltf+CJ/wCzHZad4JtIvhntt/h1dyX3h5P+Ei1U/wBnzSTrcO2ftWZMyorYk3DjAGOKrj/gh3+y4PCfinQ/+FYf8Svxpf22p6zB/wAJHq3+mXFu0zQvu+1bk2m4m4QqDv5BwMfUX9qSeiflR/aknon5UAfNl1/wRg/ZqvPFVhrcnw23anpnh3/hE7ab/hINVHl6Z9gfT/s+37TtP+iyPHvIL87t24BqyLz/AIITfsq3/wANtH8Iy/Czd4e0DU7zWbC0/wCEl1ceRd3cdrFcSbxdb23pZ2w2sxUeXwAWbPtXxZ/bG+F/wD1630vx18Svh54L1O7txdwWeveIbTTp5oSzKJFSaRWKblYbgMZUjsa9LtZTNAGPU+lAHy/q3/BFz9mjXLr4gTXXw282T4pTfaPE5/4SHVR/ab/bFvc8XP7r/SEV8RbBxt+7xUlr/wAEZP2a7LxN4O1iP4b7dR8AaemlaBN/wkGqH7BbLJNKse37Ttkw9xMcyBm+fGcAAfUFFAHyN/w4m/ZV/wCFV/8ACE/8Ks/4pj+1v7c+xf8ACS6v/wAfnk+T5vmfavM/1fy7d23vjPNbN1/wRk/ZrvfE3jHWJPhvu1Hx/p76Vr83/CQaoPt9s0kMrR7ftO2PL28JzGFb5MZwSD9QUUAfLek/8EXP2aNDuvh/Na/DbypPhbN9o8MH/hIdVP8AZj/bGvc83P73/SHZ8S7xzt+7xWVZ/wDBCb9lWw+G2seEYvhZt8Pa/qdnrN/af8JLq58+7tI7qK3k3m63rsS8uRtVgp8zkEquPrmigD5dtf8AgjB+zVZ+Kr/W4/htt1PU/Dv/AAidzN/wkGqnzNM+wJp/2fb9p2j/AEWNI94Afjdu3EtVHSv+CHv7LuiWvhOG1+GHlR+Br+TVNEX/AISPVj9iuXkikZ+br58vDGcPuHy9ME5+sKKAPla6/wCCJ/7Md7p3ja0l+Ge63+It3HfeIU/4SLVR/aE0c7XCNn7VmPErs2I9o5wRjirOjf8ABGT9mvw/440nxHafDfytZ0PRj4esbj/hINUbyLE2klmYdpuSrf6PK6bmBb5s53AEfUFFAHx/N/wQV/ZOuPAum+Gn+FOdF0jUbnVrS2/4SbWP3VzcR28c0m77XuO5LS3GCSo8vgAs2ei8Qf8ABGv9m7xT4p+I+tX3w48/U/i2JR4sm/4SDVF/tUSX8OoP8ouQsWbq3hk/dBMbNo+UlT9PUUAfLvhP/gjB+zV4G8XeCdd0v4bfZdV+HMH2bw7P/wAJBqr/ANnx/aZ7rbta5KyfvrmdsyBj8+OgUDBj/wCCCn7J0Xw9l8Kr8KcaDPqKas9r/wAJNrHzXKRvEsm/7Xv4R3GN23nOMgGvsCigD5m1P/gjx+zlrPjzxT4mufh35mt+NdKfQ9Zuf7f1MfbLN444mi2C52JlIoxuQK3y9ck59Y/Zj/ZY8B/sb/Ce28D/AA30L/hHPC1pPLcw2X224vNkkrbpG8yeSSQ5POC2B2xXoNFABRRRQAUUUUAecfEn/k7z9lj/ALKRqP8A6hfievt+viD4k/8AJ3n7LH/ZSNR/9QvxPX2/QB8s/wDBSr/kon7MH/ZVbn/1DPFFXqo/8FKv+Sifswf9lVuf/UM8UVeoAKKKKACiiigAooooAKKKKACiiigAooooAKKKKACvkv8A4LHQ39z+zl4Kj0u5tLPU3+J3hJbO4u7ZrmCCY6za7HkiWSNpEDYJQSIWAIDLnI+tK5D4yfBHw78eND03TfE2nDUrLSdVs9btozcSweVeWk6XFvLmNlJ2Sxq20kq2MMCCRQB8h/FXw/8AEzRf+Cif7LrePPFvgXxJbPqHiUWkegeEbrRHgf8AsSfcZGm1K8EgIxgBUx6npXPeFP2oPimf2Tfh9+0fdeP5ry18Z+I9Jju/h+2m6eukQadqWpx6etrbzLbi++2wCeOUyPcujSQygxBWCp9r+LPgToHjn4g+FPFOqael1r3geW6m0S6+0Sp9ie5ga3mOxWCPuiYr86tjORg81wujf8E+fhhoHxEtvEtr4euVurHVpNftNPfXNQk0Sx1F9+69h0tpjYxXBMkjeakCuHkdwdzFiAfLnxk/bU+L/gnUPGvgPw9qFvrHxE8A+NtV8Q3ccljb+Ze+DLOzt9WSBECKmZVvrPTRLw4ZnbdvXdX0T+xv8d9R/aU8Q/E7xVBq6ah4Cj8Qx6P4Sjjii8vyLeytzdTiRVDuZLuW4T5mYAQLtxk59G0/9mXwhpXxv1j4kQaHZr411/SYdD1DUzJIz3FlC7OkJQkxgbmOSFBbChiQqgS/Aj9nDwp+zJ8LdN8FeBNFs/DvhfSDK1pYQPI6QmWV5pDucsxy7seSeuOgAoA+cNe8R/E34z/tpfHDwXpHxX17wH4d8AeG/D2paVFpGi6Tczi7vY9SMheS8tZ90JNshZMbiVTZJGA4k4T4P/tJ/Ff/AIVJ+y/8V/EHxCudZ/4XfrmmaRrfhaLRLC20OyhvtPupUe1IiN6kyNBCWaS7kR2MpEaKyRx/Z+j/ALP/AIc0D4k+KvF9ppyReIfGtnZWGtXf2mZvtsFmJxbpsLFE2C4m5RVLb/mJwMYWn/sa+AtL+Hfw+8KQaCiaB8LLy0v/AAva/b7k/wBlz2sTwwPvMm+XbHI4xKzg7skEgGgD4w8dfti/EfwZ4g0nx34X8VfFvxv4BvfidbaDLfaj4e8M6f4MudOvNXFm1pbJ+71tntVnWBLo745p7RpCGhfFdF8RvjD8XtR+Hn7WfjrT/ivqmhW3wJ1nVv8AhG9Fs9B0uS3u0s9CsdRNvfSz28kssDPIVXyWglXzJiZZAYlh9/vf+CYnwg1K/jkn8O6pLaW2tL4js9KbxTq39j6bqIu/tn2q10/7T9ltpPPLsTDEmRLKpyssit291+yZ4KvfBvxG8PyaKjaR8Wprq48V2/224H9qvdWcVlOd2/dFut4Y0xEUA27hhiWIB87fED9u3V/2afiRPr/jW4m1HwH48+HH/CW+E7BIYY5LfWLGJWvNIhZE8yR7qO4t5YhKXbdFcBTtAUe//s06L44039nbwtb/ABG1w6t4/n01Z9cvYbaCBIbyXMkkUSJGqeXCX8qMlMskSl9zFieO/aG/Ysb44eNPglpZtPDo+HXwu1tfEdzb3TvLfSXNnavDp0MIaJh5avKZJHaRWPkouGDsR7z/AGXJ6p+dAH5l/BrUPHX7MX/BKX42fEjQPil4wutV8PXnjZtMsb/T9GksbO8i1+8H24BLBJWmYxszK8jQZmk2xKAgT6N+KOt/ET9nv4p/BLT7r4m614q/4WN49Oma3DdaRpltZw240bU7lrezSK3E0UBnhhZfNnnmCxKpmfLl/RNU/wCCeXwx1mx8cWM+jar/AGP8RoLuDxBo8fibVYtIu/tUiyXEiWK3AtoJpHXc00MaSEtId37x93f+OvgdoXxK1/wtqmt2CXt94L1M6zo0v2iWP7Hdm3mtjJhGAf8Ac3Ey7XDL8+cZAIAPg3x1+2L8R/BniDSfHfhfxV8W/G/gG9+J1toMt9qPh7wzp/gy50681cWbWlsn7vW2e1WdYEujvjmntGkIaF8V0XxG+MPxe1H4eftZ+OtP+K+qaFbfAnWdW/4RvRbPQdLkt7tLPQrHUTb30s9vJLLAzyFV8loJV8yYmWQGJYff73/gmJ8INSv45J/DuqS2ltrS+I7PSm8U6t/Y+m6iLv7Z9qtdP+0/ZbaTzy7EwxJkSyqcrLIrdvdfsmeCr3wb8RvD8mio2kfFqa6uPFdv9tuB/ar3VnFZTndv3RbreGNMRFANu4YYliAeGeGPil46/a6/aF1jwzpPjnWPhf4e8IeD9A12d/D9jp1xqWr3mrLcyDe+oW11EltClqVVUjDs7uTJhQteQfBP44+I/iL4q/ZL8deLr1/EXiOTwf48u764S3itmvnhayUYSJVRSVjUfKv517X+01+xf4m8UfEfR9R8FeCfA2pWOkeGItAt7q6+I/iHwhqCrHLIy210dOgmXUbJQUKw3BG1nn5/etXc/swfsGeHf2efhd8KdKufJ1vxD8KdHutL07VkEloim88trwpbq5jCSNGu1W3lFUAN1JAPmz9mH9oP9o342aT8JPiHZ6D8S9T0rx1d6fqPiCxvk8HQeELHR7xMyyWJhuzrAe2WSN0M7SPJ5MivCjSBYtr4TftA/EvQP2lNG0P4x+Iviv4C1zVNemgs9NPhPSr34eeI4JZrxLOzs9StYJLuC4NvFFKReXccnmA/uyriMfQGh/8ABO/4Y+GPEdlf6bpOtafbabqa6zaaJbeKtWi8PWt2s/2hZY9JW5FghE/74AQACX95jf8ANUvgr/gn78N/APivSdXsdN1y4k8P3TXukWOp+K9W1PStGnKugltLC5uZLW2dEkkRGiiUxq7Km0EigCl+3J8Tpfhn8HbL7D4q8UeFdb13W7LStKbw3o1rqusatcO5kNhaxXaPbJLNFFKvnTjyohukchVJr5Q1v9tH4xfDz4L/ALVelXuoeMtM8SfCnRdF1zw3qHjHT/D8mtWg1BJ1ZJl0ovp80avaOyfIr4mKvnapr7u+NP7PHhz9oPwdHofiqykvLK3vYNStpLW/udPvLC6gcPFPb3Vu8c8EqkY3xOrbWZSSrMDwWl/8E3PhNpXh/wAd6d/wjl7ex/E6ztLHxVcah4h1O+vdditTKbfzrqad52dBM6h9+/bsUsVRAoB4/wDtP+P/AIq/ALxL8PfAuleMPiF441/4r6leS3N7pGmeGoNQ0aGythcS22lRXot7RFkLDm9kvJEhjkA3yESr6h+xJrfxavdO8XWPxP0jxRbWlhqiHwzqXiVtEXWdSspIUZ1uo9IlktA8U/morIse+MxkpuDE+mfGf9nLwx+0F4bttL8V6aL6GwvI9QsLi3u57G+0y6j+5cWt1btHPbSgFl3wyIxV3UnazAwfBn9mjw78BINVXw+Nakm1u4S5vrzWfEGoa5e3LJGI0DXF9NNNsVVwqB9q5YgAsSQD5X/bF/a2+IPwr/4a5/sHxB9g/wCFYfDrQNd8M/6DbS/2Ze3P9refL88bebu+ywfLLvUbOAMtnu9P8YfED4G/tw/DbwTr/wAQtS8eaT8UPD2v6hd215pFhZW+jXuntp7r9h+zwpMtuwvJV8u5luXASPMrMGdvXPiF+xr4C+Kn/Cff29oKX/8Aws/SLXQvE3+n3MX9p2Vt5/kRfJIvlbftU/zRbGO/knC46DxF8CNA8V/FLw140v8AT0n8TeD7a+s9IvPtEq/ZIr3yRcr5asEff9nh5dWK7PlIycgHzf8A8FQfBepeMfEf7O0eneLvEPhRz8U7S3EulQ2MjK76fflZx9qtp18yMIyqCNhEz70chCnM6X8IfFviD/gpr420Ww+K3ivQm074XeGf7Q1y10zSZda1aQahrQQs01o9lGnLl1jswWPl7WiCssn1f8af2ePDn7Qfg6PQ/FVlJeWVvewalbSWt/c6feWF1A4eKe3urd454JVIxvidW2syklWYGv8AD/8AZl8MfDLxlN4i0u1v31660a08P3Go6hrF7qV1c2VrJPJAkklxLIzsr3MxMjEyNv8AmZsDAB8Q+Cf28viz8cvAHwI8PadD4un8QeM/Cusa94h1TwTZ6DFq95Jpt9DYAQJrMy2MKSPKZZcLLJ91Y0RSzp9U/sT658UdY+GGrRfFbR9X0vVtO167ttIn1dtL/tPVdKwkltcXSabLLaJON7xOIiisYN4jQOFq9N/wT++GLfDbwx4Vg8PT6dpvgqe4uPD9zp2tX9jqmivcGQ3Bt9QhmS7iEvmyK4WYB1bawK8V1/wc/Z60D4DeH73TvDkWoLHqV62o3txqWsXmrXt7cMkcZkmuruSWeRvLiiQb3OFjRRgKBQB8OX/jPxR+y58U/wBuH4r2fjPxTrv/AAr6/g1SHw1dwaaNL1N28M2M0CTslmtyI7fzERfJnjJSBTIZHMkj+xaH4q+I/wCzr+0b8FvDniL4n3nxR074tx6hp2pJf6Zp1oumXlrpsl+LuwNnbwt9lbyZIjHcNMw82AiTIbf9BaX+zt4W0jXPG+oR6NZy3HxHljm8Srcu9zDqxjtI7JQ8UhaML9nhjjKqoVgCSCSSeW+DP7Cfw8+Afie11nw7pWpf2jp2n/2Tpsuq+IdS1kaNZnbm2slvJ5VtIjsjBS3EakRxgghFAAPiT9jnXP8AhGPC/wCxRqXkvc/2f8PfGlz5KHDS7EsG2j3OMfjXongD9oT4p6F8DvgJ8adW+Ir+I7f4ya9oNlqvg06Zp8WkaZba5KqxJYyxwLeCaz86LcZ7iYSCGfKqSpT6n8B/sceA/hl/wgv9h6Cll/wrWxvNN8N/6fcyf2db3fl/aE+eQ+Zv8qPmTcRt4Iyc4vgf/gnz8MPhz46sPEGk+HrmC40e8uNQ0qwl1zULjR9FuZy5lmstNkmaztJG82X5oIUIEsgBAdsgHyh4v/b0+KvgrQX0eLVbPVfEXwa8U65q/wATLk2MI+1+FrC9hKR7VRVgml03UYLhGRQzNYSfwsxrttN/a08deJtb8C+INP8AEu/wp8QPj1e+EdOhSytWik0Cz0zU4WjR/L3sJb7TXuBLu34ZVVgnyn6c079kvwNpXxE8e+LIfDenjxB8T7S2sfFF27yOdXgt4Gt4Y3ViVUCJip2BdwxuzgYp+G/2MPh94Q8A/Dzwvpvh2Cz0L4U3seo+FrWO8uMaXcRwT26ybt+6U+Vczg+aXDGQscsAQAfHni/9on4weHv2YvjF8Zn+KepY+GHxG1zTNM8NwaBpa6bfaZZeIGtRa3jtA1zIxgDRiWCa3YDYW3urO/qvifx98Q/jn8YPjta6P8RNb+HGi/BhrfTdOtNE03TLifWLmTSYNRkuLxr61uf3X+kRxxpB5RxHIzOxdQntur/sXfD/AF74QeKvAV14fSXwn421O81jWrH7fdL9turu6N3cSeYJBIm+cl9qMqjOFAXivFP2vP2H/Gnxr+Kniq/0Dwp8P5LPxTocGkyatP4+1/QpZWVJ0/4melWULWeswRiX5Ybl0DxmSFiEfIAPWP2MPHut/Gj9iT4UeJ9e1KSfxH4s8D6Rqmo6hHDFE8l3cWEMssyoE8pSZHZgoTYOm3HFfGP7NXiDxz+zt/wT/wDDvifSfiX4q1GXXPi+dAkstSsdJe2t4Ljx5cWl46GOySXzLiN5S5eRgrSsYhEAoX7/APgL8EofgJ8DPBngWxumvLLwXoVjoNvcSja88drbpArsOxIjBP1rDh/Yz8AwfCyw8FLoCDwzpmvjxRbWf2+6/daiNSbVBP5nmeYf9MZpdhYpzt27PloA+afix8Xfih8S/h5+0v480P4l618PrX4LTatpXh7Q9G0vSrqG9l07TEu2udQe9tJ5XM00uBHA0CrCkfJdmkrvf2b/AI/+MfHf7YFz4X1jVWudAX4S+GvE8VsbSGPN/d3N/HcTh1QOd4gjG3dsXZ8qgk54/wDa8/4J3eNv2hvHHxKtdK8O/D7TNG+I0EWnP4gTx1r9hNFC9nHbS3d9oEEP9napdwnzTC000e5Y7VGK+Xur3Xxb+wV8P/HGo+Hb/UbHWU1XwxoqeHbbUNN8Rajo9zdaepRha3TWU0IuodyBvLmDoCz4Ub2yAfMnwq/aM+LPxy0X9nDTI/iHceH7n4jv4vXxDqVtothNdTxWE7Lb+QskRhilRQAGMboed8clP8e/GL41+MPjx8Sfh14Q1H41X8fwot9O0qDWvC9l4Ja41e9utOivDd6kNVaFSoMyIsdlbwJ+6lJkYsFi+qfh3+xX8PPhNbeB4fDvhu30qD4bx38XhuKK8uCmlpenNyqqXIYP2D7tnRdopvxT/Yt8E/F/xwvibUrXXdL8R/ZRYzap4b8T6p4cvL2AHckVxLp9xA1wiHJRZS4j3vt272yAeWfE7xL8SNY/Zf8ADUdx8KNE/wCF0fFzSIfCniBJY/tGi+HZTZXcskmoTwLOz2EMjXAjj3MrvdLH5iea0o9z/Zc+C8X7OP7N3gT4fwajcavD4K0Kz0OO9nXbJdLbQrEHK5O3OzIUEhRgA8Vm/wDDJPgkaD8PtM/sOMWXwsuor3wvGLy4/wCJbNFbSWqOW35mPkzSKfOL7i5Y5bDV6VaxGGAKeo9KAJKKKKACiiigAooooAKKKKACiiigAooooAKKKKACiiigAooooAKKKKAPOPiT/wAnefssf9lI1H/1C/E9fb9fEHxJ/wCTvP2WP+ykaj/6hfievt+gD5Z/4KVf8lE/Zg/7Krc/+oZ4oq9VH/gpV/yUT9mD/sqtz/6hniir1ABRRRQAUUUUAFFFFABRRRQAUUUUAFFFFABRRRQAUUUUAFFFFABRRRQAUUUUAFFFfP3/AAU+h1PUf2P77TdI8TeJ/B15r/inwrojaz4d1F9P1SxhvPEemWs7W868xuYppFzgghiCCCQahBzkoR3ZM5qEXJ7I+gaK/O//AIUHN+zp+6+Ifiv42eKfByfN/wAJvY/FTxNZf2FAvybtZg/tf/rm73tpGIBvneW3sYLfzH9V8O/steCfF/h+x1bSfG3xg1TStUt47uzvLT4zeKp7e7hkUPHLHIupFXRlIYMpIIIINfWQ4Mxsnbmgn2bd/wD0n8VofMz4twcdeWTXey/zPruivlD/AIY48M/9DR8bP/DweLP/AJZUf8MceGf+ho+Nn/h4PFn/AMsq1/1Gx/8APD73/wDImX+uWC/ll9y/+SPq+ivlD/hjjwz/ANDR8bP/AA8Hiz/5ZUf8MceGf+ho+Nn/AIeDxZ/8sqP9Rsf/ADw+9/8AyIf65YL+WX3L/wCSPq+ivlD/AIY48M/9DR8bP/DweLP/AJZUf8MceGf+ho+Nn/h4PFn/AMsqP9Rsf/PD73/8iH+uWC/ll9y/+SPq+ivlD/hjjwz/ANDR8bP/AA8Hiz/5ZUf8MceGf+ho+Nn/AIeDxZ/8sqP9Rsf/ADw+9/8AyIf65YL+WX3L/wCSPq+ivlD/AIY48M/9DR8bP/DweLP/AJZUf8MceGf+ho+Nn/h4PFn/AMsqP9Rsf/PD73/8iH+uWC/ll9y/+SPq+ivlD/hjjwz/ANDR8bP/AA8Hiz/5ZUf8MceGf+ho+Nn/AIeDxZ/8sqP9Rsf/ADw+9/8AyIf65YL+WX3L/wCSPq+ivlD/AIY48M/9DR8bP/DweLP/AJZUf8MceGf+ho+Nn/h4PFn/AMsqP9Rsf/PD73/8iH+uWC/ll9y/+SPq+ivlD/hjjwz/ANDR8bP/AA8Hiz/5ZUf8MceGf+ho+Nn/AIeDxZ/8sqP9Rsf/ADw+9/8AyIf65YL+WX3L/wCSPq+ivlD/AIY48M/9DR8bP/DweLP/AJZUf8MceGf+ho+Nn/h4PFn/AMsqP9Rsf/PD73/8iH+uWC/ll9y/+SPq+ivlD/hjjwz/ANDR8bP/AA8Hiz/5ZUf8MceGf+ho+Nn/AIeDxZ/8sqP9Rsf/ADw+9/8AyIf65YL+WX3L/wCSPq+ivlD/AIY48M/9DR8bP/DweLP/AJZUf8MceGf+ho+Nn/h4PFn/AMsqP9Rsf/PD73/8iH+uWC/ll9y/+SPq+ivlD/hjjwz/ANDR8bP/AA8Hiz/5ZVx/xY+Fnw5+D/2C0v8Axh8bLzxFrvmJoXh2z+MnihtW8Qyps3x2kL6ou/bvQySMVigQmSaSKJXkWZcE42K5pThb1f8A8iVHi/ByfLGE7+i/+SPt+ivzkf8AZv8AGvgz4hfDP4h3PxF+LnhO1i+JXg20t/BI+IWtavDPZ33iTTbK4ttaku7+6hu2aCYkxWqwxRNJLG0l6ipMf0br57MstrYGqqVbdq+nbX0fTqe7gMwpYym6tHZO3z/phRRRXnncFFFFABRRRQAUUUUAFFFFABRRRQAUUUUAFFFFABRRRQAUUUUAFFFFABRRRQAUUUUAFFFFAHnHxJ/5O8/ZY/7KRqP/AKhfievt+viD4k/8nefssf8AZSNR/wDUL8T19v0AfLP/AAUq/wCSifswf9lVuf8A1DPFFXqo/wDBSr/kon7MH/ZVbn/1DPFFXqACiiigAooooAKKKKACiiigAooooAKKKKACiiigAooooAKKKKACiiigAooooAK8H/4KPf8AJtunf9lB8Df+pbpFe8V4P/wUe/5Nt07/ALKD4G/9S3SK6MH/AB4eq/MwxX8Cfo/yOgrynxF+zzN4I8QX3if4XXFn4U1q9uJNR1XQhDFBoPjC6ZizyXwWF5Yblw0g+22+JSxhadLyO3jt69Wor98nTjPc/EoVJQ2PNvAP7Rttqfi208JeMtN/4QHx3e7xY6RqF/BNF4iWNGaafS50b/S4U2SEqUiuY4/Lee3txNFu9JrG8feAdJ+KHhK70PXLT7Zp15sZlWV4ZYpEdZIpopYyskM0ciJJHLGyyRyIjoysqsPNvsfjb9mr54J9Y+Jfw/i/eXKXs5uPE3hyBflC2qxwF9WhVNjFZn+3YhmYS6hNNHAmXNOn8eq79fmv1X3Lc05Y1Pg0fb/J/o/v6HsVFc18LfjB4Z+NXh+bUvC+s2er29pcNZXiRErcaZdKqtJaXULAS21zGHXzIJlSWMnDop4rpa3jJSXNF3RjKLi7SWoUUUVRIUUUUAFFFFABRRRQAUUUUAFFFFABRRRQAUUUUAFU/EXiLT/CHh++1bVr6z0vStLt5Lu8vLuZYLe0hjUvJLJIxCoiqCxZiAACSa4Lx9+0vpOi+Lbvwf4Yj/4TT4hQbI20PT2dotKkkRZIm1S6jSSPTYWjYyhpwJJY45Ps8VzIFial4d/Z+1Dxn4gsfEvxJ1q813VbW4j1Cy8OWl4yeGvD8yMHjWOFUia/eNkgcXF+JCs8Ant4rLd5Sc7rXfLS1f4L18/Lf03N1Ssuapovxfp/nt67FP8A4Wx4t/aA/wBH+Hlh/Yvg69+X/hPr6eFvtcDf8vGjWe2X7VnbIqT3Ygg+eC4iTUIDsfsfhP8AAzw/8H/t93YW/wBs8Ra75b674ivI421bxDKm/ZJdzIi79u9xHGoWKBCI4Y4olSNexopxo2fPN3f5ei/p92xSq3XLFWX5+v8AVvI87/aS/wCQJ4B/7Kr8P/8A1MNHr6cr5j/aS/5AngH/ALKr8P8A/wBTDR6+nK/MeOf9/h/gX5yP0Xg3/cpf4n+UQooor4w+tCiiigAooooAKKKKACiiigAooooAKKKKACiiigAooooAKKKKACiiigAooooAKKKKACiiigDzj4k/8nefssf9lI1H/wBQvxPX2/XxB8Sf+TvP2WP+ykaj/wCoX4nr7foA+Wf+ClX/ACUT9mD/ALKrc/8AqGeKKvVR/wCClX/JRP2YP+yq3P8A6hniir1ABRRRQAUUUUAFFFFABRRRQAUUUUAFFFFABRRRQAUUUUAFFFFABRRRQAUUUUAFeD/8FHv+TbdO/wCyg+Bv/Ut0iveK8H/4KPf8m26d/wBlB8Df+pbpFdGD/jw9V+Zhiv4E/R/kdBRRRX9AH4cFFFFAHBfFL4FQ+NfEEPifRNTvPC/jnT7dYLLV7aSU29wiMzxwX9osiRX9sDJMBHL88QuZ2t5LeZ/OGN4d+Ous+AvEFj4d+KOmWekahqVxHZ6V4g0eO6uNB1l2YRIJpGjxplzLKYwlrcSOjNcwRQXN3L5ip6tVPxF4d0/xf4fvtJ1axs9U0rVLeS0vLO7hWe3u4ZFKSRSRsCroykqVYEEEgisJUrPnp6P8H6/57+q0No1brlqar8V6f5fluXKK8d/4U74g/Z3/ANL+GLf2h4Wh/fXnga+nkm3KvyiPRrmacR6dtjICWjg2R+zwRxiwDzXB7H4T/G7Sfi59vtre21jRdd0XyxquiazYvZahpzPvCkq3yTQl45kS5t3ltpWgm8qaQIxBGtryTVn+fo/6fkEqWnNB3X5eq/peZ2NFFFbmIUUUUAFFFFABRRRQAUUUUAFFFeU+Iv2gtQ8Z+IL7w18NtFvNd1W1uJNPvfEd3Zsnhrw/MjFJGklZ4mv3jZJ0NvYGQrPAYLiWy3eamc6kYbmkKcp7He+PvH+k/DDwld65rl39j06z2KzLE80ssjuscUMUUYaSaaSR0jjijVpJJHREVmZVPm3/ABX/AO0X/wBU6+HV9/18x+LddtG/79f2Lv2/9N7sw3H/ADDrqP5NnwD+zRpOi+LbTxh4nk/4TT4hQb5F1zUFdotKkkRo5V0u1keSPTYWjYRFYCJJY44/tEtzIGlb0msuSdT49F2/zf6L72jTmhD4NX3/AMl+r+5MxvAPgHSfhf4StND0O0+x6dZ72VWleaWWR3aSWaWWQtJNNJI7ySSyM0kkju7szMzHZooroSSVlsYNtu7CiiimI87/AGkv+QJ4B/7Kr8P/AP1MNHr6cr5j/aS/5AngH/sqvw//APUw0evpyvyrjn/f4f4F+cj9L4N/3KX+J/lEKKKK+MPrQooooAKKKKACiiigAooooAKKKKACiiigAooooAKKKKACiiigAooooAKKKKACiiigAooooA84+JP/ACd5+yx/2UjUf/UL8T19v18QfEn/AJO8/ZY/7KRqP/qF+J6+36APln/gpV/yUT9mD/sqtz/6hniir1Uf+ClX/JRP2YP+yq3P/qGeKKvUAFFFFABRRRQAUUUUAFFFFABRRRQAUUUUAFFFFABRRRQAUUUUAFFFFABRRRQAV4P/AMFHv+TbdO/7KD4G/wDUt0iveK8H/wCCj3/Jtunf9lB8Df8AqW6RXRg/48PVfmYYr+BP0f5HQUUUV/QB+HBRRRQAUUUUAFcd8WPgZ4f+MH2C7v7f7H4i0LzH0LxFZxxrq3h6V9m+S0mdG2btiCSNg0U6AxzRyxM8bdjRUyipLlktCoycXzR3PHf+Fl+Lf2dP3fxDf/hKfByfN/wm9jZw2X9hQL8m7WYPO/65u97aRiAb53lt7GC38x/VvDviLT/F/h+x1bSb6z1TStUt47uzvLSZZ7e7hkUPHLHIpKujKQwZSQQQQauV5T4i/Z5m8EeIL7xP8Lriz8Ka1e3Emo6roQhig0HxhdMxZ5L4LC8sNy4aQfbbfEpYwtOl5Hbx29YWnT296P4/8H56+b2Nrwqb6P8AD/gfLTyW56tRXm3gH9o221PxbaeEvGWm/wDCA+O73eLHSNQv4JovESxozTT6XOjf6XCmyQlSkVzHH5bz29uJot3pNbQqRmrxMpwlB2kFFFFWQFFFU/EXiLT/AAh4fvtW1a+s9L0rS7eS7vLy7mWC3tIY1LySySMQqIqgsWYgAAkmle2rHvoi5XHfFj46eH/g/wDYLS/uPtniLXfMTQvDtnJG2reIZU2b47SF3Xft3oZJGKxQITJNJFEryLx3/C2PFv7QH+j/AA8sP7F8HXvy/wDCfX08Lfa4G/5eNGs9sv2rO2RUnuxBB88FxEmoQHY/Y/Cf4GeH/g/9vu7C3+2eItd8t9d8RXkcbat4hlTfsku5kRd+3e4jjULFAhEcMcUSpGvP7WVTSlt3/wAu/rt67G/s4w1qb9v8+3pv6bnHf8Kn8W/tAf6R8Q7/APsXwdefN/wgNjBC32uBv+XfWbzdL9qztjZ4LQwQfPPbyvqEB3v6t4d8O6f4Q8P2Ok6TY2el6VpdvHaWdnaQrBb2kMahI4o41AVEVQFCqAAAABVyitIUow13fd7/ANeS08jOdWUtOnb+vzeoUUUVqZhRRRQAUUUUAed/tJf8gTwD/wBlV+H/AP6mGj19OV8x/tJf8gTwD/2VX4f/APqYaPX05X5Vxz/v8P8AAvzkfpfBv+5S/wAT/KIUUUV8YfWhRRRQAUUUUAFFFFABRRRQAUUUUAFFFFABRRRQAUUUUAFFFFABRRRQAUUUUAFFFFABRRRQB5x8Sf8Ak7z9lj/spGo/+oX4nr7fr4g+JP8Ayd5+yx/2UjUf/UL8T19v0AfLP/BSr/kon7MH/ZVbn/1DPFFXqo/8FKv+Sifswf8AZVbn/wBQzxRV6gAooooAKKKKACiiigAooooAKKKKACiiigAooooAKKKKACiiigAooooAKKKKACvB/wDgo9/ybbp3/ZQfA3/qW6RXvFeD/wDBR7/k23Tv+yg+Bv8A1LdIrowf8eHqvzMMV/An6P8AI6Ciiiv6APw4KKKKACiiigAooooAKKKKAMbx94B0n4oeErvQ9ctPtmnXmxmVZXhlikR1kimiljKyQzRyIkkcsbLJHIiOjKyqw82+x+Nv2avngn1j4l/D+L95cpezm48TeHIF+ULarHAX1aFU2MVmf7diGZhLqE00cCexUVjOkpPmWj7/ANb/ANdTWFVxXK9V2/rY5r4W/GDwz8avD82peF9Zs9Xt7S4ayvEiJW40y6VVaS0uoWAltrmMOvmQTKksZOHRTxXS15T+0h4J0LRLKX4h/wBvXngrxRoVvFbWus2guLhL0mUrb2V1p8LqNVR5Z3iitirTb7yQWjQ3Eyyjyqw+N3xJ+JGp6B4f+Ilt/wAKq8J+JdttDrum2OoLd+LVkneGOMzHZ/wi81xstisF001y66rHbwTxXsDtHhLFOm+SotfLb59vn8m3obxwyqLnp7ee/wAu/wAvmktT2Lx9+0vpOi+Lbvwf4Yj/AOE0+IUGyNtD09naLSpJEWSJtUuo0kj02Fo2MoacCSWOOT7PFcyBYmpeHf2ftQ8Z+ILHxL8SdavNd1W1uI9QsvDlpeMnhrw/MjB41jhVImv3jZIHFxfiQrPAJ7eKy3eUne+AfAOk/C/wlaaHodp9j06z3sqtK80ssju0ks0sshaSaaSR3kklkZpJJHd3ZmZmOzWqpOTvV18un/B/p2TMvaqOlLTz6/8AA/rVhRRRXQYBRRRQAUUUUAFFFFABRRRQB53+0l/yBPAP/ZVfh/8A+pho9fTlfMf7SX/IE8A/9lV+H/8A6mGj19OV+Vcc/wC/w/wL85H6Xwb/ALlL/E/yiFFFFfGH1oUUUUAFFFFABRRRQAUUUUAFFFFABRRRQAUUUUAFFFFABRRRQAUUUUAFFFFABRRRQAUUUUAecfEn/k7z9lj/ALKRqP8A6hfievt+viD4k/8AJ3n7LH/ZSNR/9QvxPX2/QB8s/wDBSr/kon7MH/ZVbn/1DPFFXqo/8FKv+Sifswf9lVuf/UM8UVeoAKKKKACiiigAooooAKKKKACiiigAooooAKKKKACiiigAooooAKKKKACiiigArwf/AIKPf8m26d/2UHwN/wCpbpFe8V4P/wAFHv8Ak23Tv+yg+Bv/AFLdIrowf8eHqvzMMV/An6P8joKKKK/oA/DgooooAKKKKACiiigAoorjvix8dPD/AMH/ALBaX9x9s8Ra75iaF4ds5I21bxDKmzfHaQu679u9DJIxWKBCZJpIoleRZlNRXNLYqMXJ8sdzsa8p8RftBah4z8QX3hr4baLea7qtrcSafe+I7uzZPDXh+ZGKSNJKzxNfvGyTobewMhWeAwXEtlu81Kf/AAqfxb+0B/pHxDv/AOxfB1583/CA2MELfa4G/wCXfWbzdL9qztjZ4LQwQfPPbyvqEB3v6t4d8O6f4Q8P2Ok6TY2el6VpdvHaWdnaQrBb2kMahI4o41AVEVQFCqAAAABWF6lTb3V+L/y+evktza0Ke/vP8P8Ag/LTzexwXgH9mjSdF8W2njDxPJ/wmnxCg3yLrmoK7RaVJIjRyrpdrI8kemwtGwiKwESSxxx/aJbmQNK3e+IvDun+L/D99pOrWNnqmlapbyWl5Z3cKz293DIpSSKSNgVdGUlSrAggkEVcorWFKEVyxX9efczlUlJ8zZ47/wAKd8Qfs7/6X8MW/tDwtD++vPA19PJNuVflEejXM04j07bGQEtHBsj9ngjjFgHmuD2Pwn+N2k/Fz7fbW9trGi67ovljVdE1mxey1DTmfeFJVvkmhLxzIlzbvLbStBN5U0gRiOxrjvix8DPD/wAYPsF3f2/2PxFoXmPoXiKzjjXVvD0r7N8lpM6Ns3bEEkbBop0BjmjliZ42y9lKnrS27dPl2/L03NPaKelXfv8A59/z9djsaK8d/wCFl+Lf2dP3fxDf/hKfByfN/wAJvY2cNl/YUC/Ju1mDzv8Arm73tpGIBvneW3sYLfzH9W8O+ItP8X+H7HVtJvrPVNK1S3ju7O8tJlnt7uGRQ8cscikq6MpDBlJBBBBrSFVSdtn2e/8AXmtCJ03HXddy5RRRWpkFFFFABRRRQAUUUUAed/tJf8gTwD/2VX4f/wDqYaPX05XzH+0l/wAgTwD/ANlV+H//AKmGj19OV+Vcc/7/AA/wL85H6Xwb/uUv8T/KIUUUV8YfWhRRRQAUUUUAFFFFABRRRQAUUUUAFFFFABRRRQAUUUUAFFFFABRRRQAUUUUAFFFFABRRRQB5x8Sf+TvP2WP+ykaj/wCoX4nr7fr4g+JP/J3n7LH/AGUjUf8A1C/E9fb9AHyz/wAFKv8Akon7MH/ZVbn/ANQzxRV6qP8AwUq/5KJ+zB/2VW5/9QzxRV6gAooooAKKKKACiiigAooooAKKKKACiiigAooooAKKKKACiiigAooooAKKKKACvB/+Cj3/ACbbp3/ZQfA3/qW6RXvFeD/8FHv+TbdO/wCyg+Bv/Ut0iujB/wAeHqvzMMV/An6P8joKKKK/oA/DgooooAKKKKACqfiLxFp/hDw/fatq19Z6XpWl28l3eXl3MsFvaQxqXklkkYhURVBYsxAABJNcF4+/aX0nRfFt34P8MR/8Jp8QoNkbaHp7O0WlSSIskTapdRpJHpsLRsZQ04Eksccn2eK5kCxNS8O/s/ah4z8QWPiX4k61ea7qtrcR6hZeHLS8ZPDXh+ZGDxrHCqRNfvGyQOLi/EhWeAT28Vlu8pOd1rvlpav8F6+flv6bm6pWXNU0X4v0/wA9vXYp/wDC2PFv7QH+j/Dyw/sXwde/L/wn19PC32uBv+XjRrPbL9qztkVJ7sQQfPBcRJqEB2P2Pwn+Bnh/4P8A2+7sLf7Z4i13y313xFeRxtq3iGVN+yS7mRF37d7iONQsUCERwxxRKka9jRTjRs+ebu/y9F/T7tilVuuWKsvz9f6t5BRRRW5iFFFFABRRRQAV5T4i/Z5m8EeIL7xP8Lriz8Ka1e3Emo6roQhig0HxhdMxZ5L4LC8sNy4aQfbbfEpYwtOl5Hbx29erUVnOnGe5pCpKGx5t4B/aNttT8W2nhLxlpv8AwgPju93ix0jUL+CaLxEsaM00+lzo3+lwpskJUpFcxx+W89vbiaLd6TWN4+8A6T8UPCV3oeuWn2zTrzYzKsrwyxSI6yRTRSxlZIZo5ESSOWNlkjkRHRlZVYebfY/G37NXzwT6x8S/h/F+8uUvZzceJvDkC/KFtVjgL6tCqbGKzP8AbsQzMJdQmmjgTLmnT+PVd+vzX6r7luacsanwaPt/k/0f39D2Kiua+Fvxg8M/Grw/NqXhfWbPV7e0uGsrxIiVuNMulVWktLqFgJba5jDr5kEypLGTh0U8V0tbxkpLmi7oxlFxdpLUKKKKokKKKKAPO/2kv+QJ4B/7Kr8P/wD1MNHr6cr5j/aS/wCQJ4B/7Kr8P/8A1MNHr6cr8q45/wB/h/gX5yP0vg3/AHKX+J/lEKKKK+MPrQooooAKKKKACiiigAooooAKKKKACiiigAooooAKKKKACiiigAooooAKKKKACiiigAooooA84+JP/J3n7LH/AGUjUf8A1C/E9fb9fEHxJ/5O8/ZY/wCykaj/AOoX4nr7foA+Wf8AgpV/yUT9mD/sqtz/AOoZ4oq9VH/gpV/yUT9mD/sqtz/6hniir1ABRRRQAUUUUAFFFFABRRRQAUUUUAFFFFABRRRQAUUUUAFFFFABRRRQAUUUUAFeD/8ABR7/AJNt07/soPgb/wBS3SK94rwf/go9/wAm26d/2UHwN/6lukV0YP8Ajw9V+Zhiv4E/R/kdBRRRX9AH4cFFFeU+Iv2gtQ8Z+IL7w18NtFvNd1W1uJNPvfEd3Zsnhrw/MjFJGklZ4mv3jZJ0NvYGQrPAYLiWy3eamc6kYbmkKcp7He+PvH+k/DDwld65rl39j06z2KzLE80ssjuscUMUUYaSaaSR0jjijVpJJHREVmZVPm3/ABX/AO0X/wBU6+HV9/18x+LddtG/79f2Lv2/9N7sw3H/ADDrqP5NnwD+zRpOi+LbTxh4nk/4TT4hQb5F1zUFdotKkkRo5V0u1keSPTYWjYRFYCJJY44/tEtzIGlb0msuSdT49F2/zf6L72jTmhD4NX3/AMl+r+5MxvAPgHSfhf4StND0O0+x6dZ72VWleaWWR3aSWaWWQtJNNJI7ySSyM0kkju7szMzHZooroSSVlsYNtu7CiiimIKKKKACiiigAooooAKKKKACiiigDgvil8CofGviCHxPomp3nhfxzp9usFlq9tJKbe4RGZ44L+0WRIr+2BkmAjl+eIXM7W8lvM/nDG8O/HXWfAXiCx8O/FHTLPSNQ1K4js9K8QaPHdXGg6y7MIkE0jR40y5llMYS1uJHRmuYIoLm7l8xU9Wqn4i8O6f4v8P32k6tY2eqaVqlvJaXlndwrPb3cMilJIpI2BV0ZSVKsCCCQRWEqVnz09H+D9f8APf1WhtGrdctTVfivT/L8ty5RXjv/AAp3xB+zv/pfwxb+0PC0P7688DX08k25V+UR6NczTiPTtsZAS0cGyP2eCOMWAea4PY/Cf43aT8XPt9tb22saLrui+WNV0TWbF7LUNOZ94UlW+SaEvHMiXNu8ttK0E3lTSBGII1teSas/z9H/AE/IJUtOaDuvy9V/S8zsaKKK3MTzv9pL/kCeAf8Asqvw/wD/AFMNHr6cr5j/AGkv+QJ4B/7Kr8P/AP1MNHr6cr8q45/3+H+BfnI/S+Df9yl/if5RCiiivjD60KKKKACiiigAooooAKKKKACiiigAooooAKKKKACiiigAooooAKKKKACiiigAooooAKKKKAPOPiT/AMnefssf9lI1H/1C/E9fb9fEHxJ/5O8/ZY/7KRqP/qF+J6+36APln/gpV/yUT9mD/sqtz/6hniir1Uf+ClX/ACUT9mD/ALKrc/8AqGeKKvUAFFFFABRRRQAUUUUAFFFFABRRRQAUUUUAFFFFABRRRQAUUUUAFFFFABRRRQAV4P8A8FHv+TbdO/7KD4G/9S3SK94r57/4Kf8AiLT/AAh+yauratfWel6VpfjnwVd3l5dzLBb2kMfivSHklkkYhURVBYsxAABJNdGEdq8G+6/MwxOtGaXZ/kdZXHfFj46eH/g/9gtL+4+2eItd8xNC8O2ckbat4hlTZvjtIXdd+3ehkkYrFAhMk0kUSvIvHf8AC2PFv7QH+j/Dyw/sXwde/L/wn19PC32uBv8Al40az2y/as7ZFSe7EEHzwXESahAdj9j8J/gZ4f8Ag/8Ab7uwt/tniLXfLfXfEV5HG2reIZU37JLuZEXft3uI41CxQIRHDHFEqRr+7+1lU0pbd/8ALv67eux+LezjDWpv2/z7em/pucd/wqfxb+0B/pHxDv8A+xfB1583/CA2MELfa4G/5d9ZvN0v2rO2NngtDBB889vK+oQHe/q3h3w7p/hDw/Y6TpNjZ6XpWl28dpZ2dpCsFvaQxqEjijjUBURVAUKoAAAAFXKK0hSjDXd93v8A15LTyM51ZS06dv6/N6hRRRWpmFFFFABRRRQAUUUUAFFFFABRRRQAUUUUAFFFFABRRRQAVx3xY+Bnh/4wfYLu/t/sfiLQvMfQvEVnHGureHpX2b5LSZ0bZu2IJI2DRToDHNHLEzxt2NFTKKkuWS0KjJxfNHc8d/4WX4t/Z0/d/EN/+Ep8HJ83/Cb2NnDZf2FAvybtZg87/rm73tpGIBvneW3sYLfzH9W8O+ItP8X+H7HVtJvrPVNK1S3ju7O8tJlnt7uGRQ8cscikq6MpDBlJBBBBq5XlPiL9nmbwR4gvvE/wuuLPwprV7cSajquhCGKDQfGF0zFnkvgsLyw3LhpB9tt8SljC06XkdvHb1hadPb3o/j/wfnr5vY2vCpvo/wAP+B8tPJbml+0l/wAgTwD/ANlV+H//AKmGj19OV8NfFT9o221PUvht4S8Zab/wgPju9+KvgIWOkahfwTReIlj8W6S00+lzo3+lwpskJUpFcxx+W89vbiaLd9y1+Yca1Izx0HH+RfnI/RuEIShg5KX8z/KIUUUV8efVBRRRQAUUUUAFFFFABRRRQAUUUUAFFFFABRRRQAUUUUAFFFFABRRRQAUUUUAFFFFABRRRQB5x8Sf+TvP2WP8AspGo/wDqF+J6+36+IPiT/wAnefssf9lI1H/1C/E9fb9AHyz/AMFKv+Sifswf9lVuf/UM8UVeqj/wUq/5KJ+zB/2VW5/9QzxRV6gAooooAKKKKACiiigAooooAKKKKACiiigAooooAKKKKACiiigAooooAKKKKACsjxz8P/D3xS8LXWheKvD3h/xVoN9s+1aXremQalYXWx1kTzIJ1eN9rqrDcpwyqRggGteigDyX/h3/APs+f9G9fAD/AMNrof8A8i0f8O//ANnz/o3r4Af+G10P/wCRa9aooA8l/wCHf/7Pn/RvXwA/8Nrof/yLR/w7/wD2fP8Ao3r4Af8AhtdD/wDkWvWqKAPJf+Hf/wCz5/0b18AP/Da6H/8AItH/AA7/AP2fP+jevgB/4bXQ/wD5Fr1qigDyX/h3/wDs+f8ARvXwA/8ADa6H/wDItH/Dv/8AZ8/6N6+AH/htdD/+Ra9aooA8l/4d/wD7Pn/RvXwA/wDDa6H/APItH/Dv/wDZ8/6N6+AH/htdD/8AkWvWqKAPJf8Ah3/+z5/0b18AP/Da6H/8i0f8O/8A9nz/AKN6+AH/AIbXQ/8A5Fr1qigDyX/h3/8As+f9G9fAD/w2uh//ACLR/wAO/wD9nz/o3r4Af+G10P8A+Ra9aooA8l/4d/8A7Pn/AEb18AP/AA2uh/8AyLR/w7//AGfP+jevgB/4bXQ//kWvWqKAPJf+Hf8A+z5/0b18AP8Aw2uh/wDyLR/w7/8A2fP+jevgB/4bXQ//AJFr1qigDyX/AId//s+f9G9fAD/w2uh//ItH/Dv/APZ8/wCjevgB/wCG10P/AORa9aooA8l/4d//ALPn/RvXwA/8Nrof/wAi0f8ADv8A/Z8/6N6+AH/htdD/APkWvWqKAPJf+Hf/AOz5/wBG9fAD/wANrof/AMi0f8O//wBnz/o3r4Af+G10P/5Fr1qigDyX/h3/APs+f9G9fAD/AMNrof8A8i0f8O//ANnz/o3r4Af+G10P/wCRa9aooA818J/sV/BHwF4q03XdC+BvwQ0XW9Fu4r/T9QsPh7o1tdWFxE4eKaKVLYPHIjqrKykFSAQQRXpVFFABRRRQAUUUUAFFFFABRRRQAUUUUAFFFFABRRRQAUUUUAFFFFABRRRQAUUUUAFFFFABRRRQAUUUUAecfEn/AJO8/ZY/7KRqP/qF+J6+36+IPiT/AMnefssf9lI1H/1C/E9fb9AHyz/wUq/5KJ+zB/2VW5/9QzxRV6qP/BSr/kon7MH/AGVW5/8AUM8UVeoAKKKKACiiigAooooAKKKKACiiigAooooAKKKKACiiigAooooAKKKKACiiigAooooAKKKKACiiigAooooAKKKKACiiigAooooAKKKKACiiigAooooAKKKKACiiigAooooAKK88+O3xS8U+B/Efw68O+CvDfh/xN4m+JHiSTw9Zxa3r02i2Fr5Wk6jqck0k8Vpdyf6vTnQKsJy0i5ZQDV//AIV5+1N/0TP4Af8Ah2dX/wDmboA7SiuL/wCFeftTf9Ez+AH/AIdnV/8A5m6P+FeftTf9Ez+AH/h2dX/+ZugDtKK4v/hXn7U3/RM/gB/4dnV//mbo/wCFeftTf9Ez+AH/AIdnV/8A5m6AO0orgv2bvi1qvxo+Gc+q67omn+Htb03xBrnhvULGw1N9StY7jS9WvNMleK4eCB5I3e0Z1LQxnDgFciu9oAKKKKACiiigAooooAKKKKACiiigAooooAKKKKACiiigAooooAKKKKACiiigAooooA84+JP/ACd5+yx/2UjUf/UL8T19v18QfEn/AJO8/ZY/7KRqP/qF+J6+36APln/gpV/yUT9mD/sqtz/6hniir1Uf+ClX/JRP2YP+yq3P/qGeKKvUAFFFFABRRRQAUUUUAFFFFABRRRQAUUUUAFFFFABRRRQAUUUUAFFFFABRRRQAUUUUAFFFFABRRVSTU/LkZdnQ460AW6Kp/wBrf7H/AI9/9aj+1v8AY/8AHv8A61AFyiqf9rf7H/j3/wBas3X/AIj6R4TudMh1TUdO02bW7wafp0d1dpC1/cmN5BBCGIMkhjikfYuW2xucYU4AN6iqf9rf7H/j3/1qP7W/2P8Ax7/61AFyiqf9rf7H/j3/ANaj+1v9j/x7/wCtQBcorifiV+0V4I+DFzpMPjDxb4V8KTa/ObXTE1nWILFtRmBUeXCJWUyPl1+Vcn5h6iuq/tb/AGP/AB7/AOtQBcoqn/a3+x/49/8AWo/tb/Y/8e/+tQBcoqn/AGt/sf8Aj3/1qP7W/wBj/wAe/wDrUAXKKp/2t/sf+Pf/AFqzfCvxI0jx3pTX2iajpus2SXE1o1xY3aXESzQyNFNEWQkb45EdGXOVZGBAIIoA3qKp/wBrf7H/AI9/9aj+1v8AY/8AHv8A61AFyiqf9rf7H/j3/wBapLW++0ybduOM9aAOA+JP/J3n7LH/AGUjUf8A1C/E9fb9fEHxJ/5O8/ZY/wCykaj/AOoX4nr7foAKK+Tv+C4f7Q3xP/ZV/wCCXnxU8d/B+3kfxxodlA0F1Hai6fS7Z7mKO5vFiIIYwwNI+SCqbd7AqhFfkR8K/wBqvxr4d+J/7IOsfs7ftefGz9oP4o/Fi+tX+IvgLxBrj63pmkQEQm+32ZQCwjiZp1+cltieYjhV3EA/ooooooA+Df2Nf+Sd+NP+yq/EL/1M9ar1qvJf2Nf+Sd+NP+yq/EL/ANTPWq9aoAKKKKACiiigAooooAKKKKACiiigAooooAKKKKACiiigAooooAKKKKACiiigAooooA84+JP/ACd5+yx/2UjUf/UL8T19v18QfEn/AJO8/ZY/7KRqP/qF+J6+36APln/gpV/yUT9mD/sqtz/6hniir1Uf+ClX/JRP2YP+yq3P/qGeKKvUAFFFFABRRRQAUUUUAFFFFABRRRQAUUUUAFFFFABRRRQAUUUUAFFFFABRRRQAUUUUAFFFFABX5qftBWt98Iv+Ck/xl+POiwXV3e/CHR/DB16ytyxOp+GruK/GqR7B954fIt71O+6w2j/WHP6V15toX7OGj+HvjP488bIb28v/AIh2en2Gp2t00UlmIrJbhIwibA3zC5k37mYHC4A5yAfHvwW/aZvvhNa+INQ8Mf2Nqtj8RP2lW8Oy3E6vLG1je28DGaAo6jfhFKsdy88qa9A/a0/bw8X/AAGv/wBoqLSNO8N3K/CP4d6V4u0f7ZbzObm7updRSRLjbKu6ICzi2hNjDc+WORje+HH/AASW8A/CP9nCT4Z+HdX8b6ZpkHiyPxppGpJqMD6j4fv4niaD7M7wmMxRLCsaxzxygoWVt2eLes/8Ev8Aw/4x0L4qweJfG3xI8Ual8Y/Dtr4Z8Q6rqF7Yrci2tmuTE1vHDax29u4W5ZSI4RG2xXKGV5ZJADl9f+OH7QXh79oDwJ8P5NR+Dkk/xS0TUtasdRXQNS2eFPsD2TTRSw/bc6nvW9jjR1exwQ0pXAEDeWfGT49eOfjvpHwchdPCK+P/AAT+0Xd+DpL1Le5g0i5ktdI1pUvfsxkeVR5MiSG3887nUp56BvMX7Q139m3S/EHxo8D+Opp9TXV/AGlalpGnwpLGLaaK/wDsnnNKpQsXH2KLaVZQNz5DZGPNvE//AATX0HWdPYaZ4t8deGdSX4jXPxQt9T06XTpLi01Se1mtXjRbm0mhNv5c8mEeNmzg7zigDzT4nf8ABQnxp+zMPiR4W8Z2Ph3xV418MXHhqPQr/QNGv7Wx1NNduZLOAy2CSXt0Ht54Jy8cDyvOnliNQ7bRj6t/wUL+KHgT4ffF+9u9EbxEngv4d3/jLRvEd18LPEngrSxfWu4Nptzb6nIzTFg0UqtDcKWVZwUXYHb28/8ABOPwfrvgnxppviq/8VeNNa+IE1lc6z4m1K/ittYeWxbdp7wPZR28VqbVvni8iKMBy7MGZ3LP8R/sIXfxG8CeMfDvjX4tfFfxrpnjPw3eeGJor+bSLRLCC6CrLNDHZWFvE1xhQFknSXYNwUAO4YA679n2f4i6v4ebVvH2p+C5/wC2Le3u7DTfD+lXMH9j71ZpIZbqa4f7ZjdGFkW3tfuMTH84VPIvFX7Rfxb+JXxE+L9v8Ml8Aabo3wbmi0ySDxFpt1eXPirUfsMd/NDHNDdQrYRLHcW8aytFcku8jFAECv8ATWi+GzoWj2llEHaKzhSBC7AsVVQozjHPFeLfFP8AYA034h+NfF2s6X4z8f8AgVPiJbQ2vi6w8O3dlHbeIhFEYFeQz200tvKYD5TS2kkEjIkeW3RoygHgXwM+J/jH9p3/AIKI+F/iB4b1rwto3hnxJ8GtA8RRabqnhqe9v7XTr2/kkuLNbhL6JUuGeLmfy2jAWEGF/L3v6n/wU28Q+PPDngr4XN4D8VWvhS81D4l+HtNupprK4uVuY57xIxG6w3VuWgJP72ItiVMplM7q9V8A/skeGfhd8V7XxXoNvdaa+n+D7LwPZaZDJGNPs9Os5pZYFjTbvDr5pXJcjaqjbkEm9+0N+zjp/wC0h4Bh0LVLvV9JksNTs9a03U9LmjjvdLvrSdZ7e4i8xJIiyug+WSN0YEhlINAHjWtfFz43S/tP2Hwl0zWvhWt6nghfE+peJLrwzfmITnUJbcJDp66gCUaNVGGuwVYFsuCIxyNh+05qHgH4bfGPULC5+EXw71bR/iy3hxtRn8NXc8evyNaWDPL9gtJ1udQ1SYSFI445N8nlxrztyfoLwD+yzF4N+LVt46v/ABL4o8U+KYvDQ8LzXuqGxj+124u3uhI8drbwxiUM+3KKq7VHy7sseU8U/wDBPDw54h07WPsuu+L9E1fUvHo+I9nrFjcWhvNF1b7KloTbrLBJC0Rt1eMxzxSgiaTnO0qAeCxf8FNfHWnfA79oC6Nhoer+Lfg8NHuNNu77wjrPhO21aHUQoUT6ZfubuAo6TrvErq6+W4A5WvQ/FH7YHjv9mf406honxRfwbrujzfD7W/Hto3hnSrqxuNN/sp7cz2UjT3My3W6O5G2cLb/NCcxDzAE6CT/gmJ4d1bQ/ijb654x+IfiTUPjBBpcHiHVNQvbIXJ/s9nMDQLFbRwQ5D4ZVi2YUEKrFmb0H4ofsmaB8Ufi5p/jfV4L7UL/SvDOq+Fl0wzRrYX9nqBgadZVK7yx+zIoIcAB3yDkEAHh+l/tLfG3w34o+A2o+Kbj4YnQfjVrosJ9D07Qb1b/w9DLpV7qEaDUGvmjuZE+zpGz/AGWJWJYhFyAPJfgf+1xqf7O37Nnhjw14etj/AMJF8QPiX46jg1BvDGqeJotKt7TX7+aeU6dpo+1XTkMkaqrxKvmGRpMR+XJ0XwH/AGSPil4v+K/wMl17Rvi/4X8M/CO4fVnsvG/iLw5qVpp+NMnsotP099KJuLwhrkZudR/eCK2+Uh5pAfe1/wCCc3hWw+H2j6PpmseLtF1fwz4m1PxZoXiWyvLddW0a91G6uLi6EZaFreSFxczQmGeGRGjI3BnVXAB4ze/8FAvizpHwS12+n8E6m97ovi200eTxe/wy8R2emx6NNbNcyax/YUxGoyLAyNayRJOQHZJfNCEoPdf2Hvj+/wC0p8ILjxKvj74bfEiwlvlWw1jwZaT2MPkNa20whu7Se4uJbS8RpXDwvKWCGIsqMzIrx+x34hbQmR/jf8ZpNd/tRNSj1z7VpCzxKts9v9lFotgNPa3IkZyHtWYybX37kQr0v7P37Mll+z7Z+IJINU13xLr3i7VDrGu65rMtub3Vrnyo4EZ1t4obeMJBDDEqwxRrtjBILFmYA8u/ai/br/4Z4+J//CPf23+zlp/+iR3XleNvi5/wi+qfOWGfsn9nXH7v5flfzPm+bgY5779jX9pP/hpfw1qupf2j8J9R/s+6+y7/AAF46/4Sy0TKq2Jpvslt5UnP3NrfLg55xXqv2CX+7+oqewtnhmJYYGMdaAOD+JP/ACd5+yx/2UjUf/UL8T19v18QfEn/AJO8/ZY/7KRqP/qF+J6+36APhz/g4m8YfG3wR/wS08aXnwHTxB/wlb3Vrb6lPoMUkmrWmlO5W5lthGDIrjKBnQbkjaRwV27l/GjxqnwHe9/Ztk/4Jwr8Sj+1Lomo2ll4kWLTNUQfZ3jJuH1hpk8g/wCk7RJ5RMHlGYMdiR4/p6ooAKKKKAPg39jX/knfjT/sqvxC/wDUz1qvWq8l/Y1/5J340/7Kr8Qv/Uz1qvWqACiiigAooooAKKKKACiiigAooooAKKKKACiiigAooooAKKKKACiiigAooooAKKKKAPOPiT/yd5+yx/2UjUf/AFC/E9fb9fEHxJ/5O8/ZY/7KRqP/AKhfievt+gD5Z/4KVf8AJRP2YP8Asqtz/wCoZ4oq9VH/AIKVf8lE/Zg/7Krc/wDqGeKKvUAFFFFABRRRQAUUUUAFFFFABRRRQAUUUUAFFFFABRRRQAUUUUAFFFFABRRRQAUUUUAFFFFABRRRQAUUUUAFFFFABRRRQAUUUUAFFFFABRRRQAUUUUAFFFFABRRRQAUUUUAeQ/tJeM4vhZ8af2e/GeoaZ4o1DQPCPj+7vdXk0Hw7f69c2MEvhbxBZpK1tYwzTlDcXVvGWEZAMq5IHNex/wDD2D4Q/wDPl8bP/DJ+NP8A5VVFRQBL/wAPYPhD/wA+Xxs/8Mn40/8AlVR/w9g+EP8Az5fGz/wyfjT/AOVVRUUAS/8AD2D4Q/8APl8bP/DJ+NP/AJVUf8PYPhD/AM+Xxs/8Mn40/wDlVUVFAHkP7EU82o/BrW9Sk07W9Ki1/wCIHjXW7ODV9KudLvGs7zxTqt1ayvbXKRzxeZBNFIFkRW2uuQM169RRQAUUUUAFFFFABRRRQAUUUUAFFFFABRRRQAUUUUAFFFFABRRRQAUUUUAFFFFABRRRQB5x8Sf+TvP2WP8AspGo/wDqF+J6+36+IPiT/wAnefssf9lI1H/1C/E9fb9AHyz/AMFKv+Sifswf9lVuf/UM8UVeqj/wUq/5KJ+zB/2VW5/9QzxRV6gAooooAKKKKACiiigAooooAKKKKACiiigAooooAKKKKACiiigAooooAKKKKACiiigAooooAKKKKACiiigAooooAKKKKACiiigAooooAKKKKACiiigAooooAKKKKACiiigAooooAKKKKACiiigAooooAKKKKACiiigAooooAKKKKACiiigAooooAKKKKACiiigAooooAKKKKACiiigAooooA84+JP8Ayd5+yx/2UjUf/UL8T19v18QfEn/k7z9lj/spGo/+oX4nr7foA+Wf+ClX/JRP2YP+yq3P/qGeKKvVR/4KVf8AJRP2YP8Asqtz/wCoZ4oq9QAUUUUAFFFFABRRRQAUUUUAFFFFABRRRQAUUUUAFFFFABRRXg037YGl6D+0D8TvB2v2kGhaN8MvCen+L7zXp7zdHJa3BvfOLRhP3awrZMxbe24P90beQD3mivj/AME/8FKbzxt+x7Z/EVPhze2Hi/XPGEvgfRvBV3qypc3eprqcliIpZxEVh2rFLPMQjiKOGU5fZk+46l+0r8PNA+KFp4F1Lx74IsPHV6E8nw7NrtsmqTF13KEtmcStkAkYTkDNAHp9FY9eb+F/2x/hF44h16TRfip8ONXj8LWr32tPZeJrK4Gj26ZDzXJSQ+TGuDlnwBjk0AewUV5Z8MP2o/hl8bdP1i78GfEXwJ4utfD0aTarNouv2l/HpiOHKtO0UjCIERyEF8AiNv7ppngP9qv4X/FPxp/wjfhj4keAvEfiL7ML3+y9L8QWl5e+QVVxL5MchfYVdG3Yxh1OcEUAerUV4d+25+1x4f8A2JP2c9d8ea9caYJLRPs2kWN7qMdgusag6t5Fqsj8DcVLMQGKRpI+0hDXPfAL9pS+1rS4pvEXxJ+BPjfTE0afxJqOv+FtSOmQadYKxhSRbZ7i8E1uJre9D3jXMCKYggiLLIVAPpKivLvh/wDtPfDX4s+N77wz4V+IfgbxN4k0yJ57zSdK161vb60jR1R3khjdnRVd0UkgAF1B5Iryn9sP/god4P8Agr4S1fQPB3jj4caz8Y5NRsdA0fwpPrENzetqN5dwWsSzWUUy3BVDOJHUbTsUnI60AfU9FebftBfHHQ/2aPgj4p8f+JWuhoXhHTZtTvBbRiSeRI1J2RqSAXY4VQSBlhkgZI8v8Gftc+NrH9oXwP4D+IHw50Xww3xJ0vUdS0O60bxYdbktzZJBJLFexG0t1iOy4Ub4JLiPfhd+GVmAPpmivE/2pv2zfh/+xvpXhq78ea5Y6PH4r1q30WyE97bW2GlkVHuHM8sai3gVhJK4J2J0DEqpt6v+2X8IPD/hyLWL/wCK3w2stImt7e7jvrjxNZR20kNw0qwSiRpApSVoJwjZw5hkAJ2NgA9horxu5/ai8LeEdN8T634u8V/Dfwz4Q0TWTolvrE3i2HYblABNBd+YkcVrcLKHXyRLK2AC2xiUXa8O/tGfD7xf8Ox4v0nx34N1Pwm10liNbtNatptONw8yQJD9oVzH5jSyRxhd2S7qoGSBQB6VRXmnwg/aN+Hv7QcV+/gHx54M8bppRjW9bw/rdtqQszJu2CQwu2zdsfG7GdrY6GsjwV+2b8H/AIk+P4vCnh34rfDbX/FM8ksUWjab4nsrrUJHiVnlVYElMhKKjswC/KEYnABoA9ior5u+AH7aOl+L/gLr3xL8fa54O8GeDR4s1bSdE1K+vU0+2ksLW/lsYJJpZ5dnmyyQSMMFQQ6AL3Pea3+1R8MPDXwu07xxqPxH8B2HgrV5RBYeILnxBaRaXeyHfhIrlpBE7fu5OFYn923oaAPVaK4j4afFbwv8aPCcWveDvEmgeLNDnd44tR0bUIr+0kZDtZVliZkJUgggHg1zfjH9rr4UfDr4hp4R8QfE74eaF4skeKJNF1DxHZ2uou8uPKUW7yCQl9y7Rt+bcMZzQB63RXkXxT/bA+EvwL8TLovjb4o/DrwdrDwLcrYa54ks9PuWiYkLII5pFbaSrANjB2n0rv8AUdRt9H0+e7u54bW1tY2mmmmcJHCijLMzHgAAEkngAUAb1FfMf/DYGsXfxb+DmgLH4JS18c6HrPi7XbnTdVk1mzt9GtIohbT2l4FgV/Nku7Ri5iZNglVd3yy1u/sU/tQn9ov4FeCNb8Q3nhzT/F3jjR5vFFnolpN5Vx/ZD3JFtOIHkeQhYZbVZJB8nmycbdyqAD3+ivLPGf7Unwy+HHhhtb8Q/EXwJoOjJqc2iNf6jr9pa2q38LOs1oZHkC+ejRyBos71MbggbTXA/FH/AIKZ/BD4UReALi9+I/g680v4j6lNp+l6pZ6/YNp8aQxTvNdS3DTrGtvG8Hks6lj50sabSWOAD6RoryfVf2svhXoMdm998S/h/ZpqL2kdo0/iK0jF013GZbQR5kG4zxgvGBnzFBK5HNR+G/2vPhP4y+J58E6R8T/h5qvjNbie0OgWfiOzn1QTQB2mj+zLIZd8YjkLrtyoRs4waAPXKK+f/gf/AMFBPhN+0J8XfFXgbw34y8P3Pibwrq0mkGxOr2ZuNWeK2inmmtIUmaWWGPzDG0hRQJIZl52E12Xwy/aU+HXxr17UtK8G+P8AwV4t1PRudQs9F1y1v57H5iv71InZo/mBHzAcgigD06ivlj9o7/gob4Q8Iahpng74d+N/hv4o+KmreMNN8Kjw+NZgvbrTjJfRxX0lxawzCZfs9utyzA42vGAw/hPov7Yvx1m/Zn/Zb8d+OrO1hv8AU/Dmjz3GmWkwJjvb4rstYGCkNiSdokOCD83HNAHsVFeV/Az9oDwr8a9NuLPRfGvgfxb4i8OxQQ+I4PDmrQXq6XdsGDJIkckjQgvFMFWQ5/dsMkqam+Hv7Svw5+Lni/U/D3hTx/4K8T6/ogc6jpmk65a3t5YbH8t/Oijdnj2udp3AYbjrQB6dRXzT+z3+27o3ir9mVPil8R/EfgjwN4a1zxBqdpod7fajHp1rJYR31zBYmSWeXY080EAlO0gHfwowRXrmjfF3wn4ig8Oy6f4n8PX0Xi+FrjQXt9ShlXW41j8xntSrHz1Efzkx7gF56UAd1RXASfGzwbFolxqTeLfDK6daasdBnujqkAgh1ETi3Nkz7touPPIi8onfvIXG7itbwz4/0LX/ABxqugWOtaTe674fWB9V02C8jku9NWdWaAzxAl4hIqOULAbgrEZwaAOpooooAKKKKACiiigAooooAKKKKACiiigAooooAKKKKACiiigAooooAKKKKAPOPiT/AMnefssf9lI1H/1C/E9fb9fEHxJ/5O8/ZY/7KRqP/qF+J6+36APln/gpV/yUT9mD/sqtz/6hniir1Uf+ClX/ACUT9mD/ALKrc/8AqGeKKvUAFFFFABRRRQAUUUUAFFFFABRRRQAUUUUAFFFFABRRRQAV8EfHb4E+Mfin/wAFWLnRYNA1QfDLxh4I0C68V621k66fcQ6ZqWqTHSxPwrzzyy2QeLOTbNPuGCM/e9Q/YIv7v6mgD8+v2Mv2fPHPiH9qX4m6zrvh6/8ADei/DDxf4tu/A51SCaGDXNU1u9nmk1RQyjfBFaukCOm4H7VdAHgVw/7LHwBl8ZfB/wACfDf4g67+1DD4rl1+11nxX4fk8A2Froo121vRfXV7Jrn9jrHNA11bmUTpqMks6Oqq8jSbT+nv2CL+7+po+wRf3f1NAHzX/wAFNPC3iHxp+y3Jp2iaRq2v6VNr2kN4s0vSo2mv9S8PJfQvqdvBEpDzNJarIhiTLSIzoAxbafP/ANpj48SeM/h3pM3w7+GXim301L+HwrqniPVvhPqM954d0i4hklmew0ia3S8uAk1rYj/j3e2V3hZlmEMiJ9qfYIv7v6mj7BF/d/U0Afl/4l+H3xE8fW/7S/irTl+MnizUPEXg/Rfhd4R1Pxd4Ph0vVLuO+mma6ukt7axtCLS3/tBHLSwh4zDcbyNmF+ltb/Z5tNE/a9/Z58PeGvDEml+CPhB4e17V4bq304xWVrcPBbaZbWiyqojEkkV3eytHwT5IbBwK+qvsEX939TR9gi/u/qaAPm79t3wVrXxZ8d/Azwpp+m6hc6NL8QLbxB4hu47V5bSzs9Lt7i9iWZwCqeZex2aru+8cgdCR4N+0T8K/GHxeT9qC4t/CPiZbz4oa94c+E+kudMmDHQ0ECX2oA7eLVTqOpMZgNh8hfm4yP0K+wRf3f1NH2CL+7+poA+I/2uvgn4sb4tafD8JvDDaRN8Ivg74mHgxrHTRbWcer3y29rY2dvKQIVaOOzkPlbgF3wsw27SOc+G9nafEtv2W/hf4N+H/xH8PeDfAF6vifxFe634M1HRILW4sNPk8q3lku4YjLcTX93HM0ihhK0UzeYzb6+/8A7BF/d/U0fYIv7v6mgD5u/wCCllh4m139mGfSdC0jWNb0PXdUs9M8a2mjWf2zVJfDUz+XqaWsIBd5XgZo8RAyhJHaMeYqkeTfsJfsz6T8Nf2wr/xN8KPDvjfwp8GbbwNH4Zez8X2mpQTS6il+11EunQ6sP7QtbaOOafzFUR2sjyx7Ed43dPur7BF/d/U0fYIv7v6mgD5T/bZ1u58O/tP/AAA1bU9B8Z6r4G8M32t65qFz4f8ADmoa61pqS2As7FZYLKGaUK0d7ekPs2hogCRup/7PPw48/wDan+Pvxj8ReELqDVYtTh8MeHJ7jR2/tKTR7CwgaRrUsgd4ri8luSPL+WXyo/vbVNfVP2CL+7+po+wRf3f1NAH5qfC1viH8JvhT8FNH8QaN438A6Z4n0/V/iN4j8R6B8OrnxX4k0vxHf3TzHT44ltLtNNkEWozq8tzaOXiWWFPLbewqfCX9mTxT8V/hh4X0Dxl4S8ZapY/GL443/jTxcvi/Q7eO4i0fS4nFomqRW8KWqG6bTdPHlhBHJ9ofG9WLH9NvsEX939TR9gi/u/qaAPzy/bl+E/jfx347/aE8TaN4Z8U3Vr/ZHhDwRJFpemSi91vQxevfa59jwM3Za1vWg/dbmBjmjUb+BP4v+Pdt8Sv2ptR1f4feCvGT2H7N3wk1TUtF0d/B17pVxPq2olYbG2t7GeGO4H7jTriNF8lVIlO3Kivtf40fs/eF/j/4XttI8Swas9pZXsWo28mma1e6RdW9xFnZIlxaTRTKRuPRwOeaT4O/s8eEfgNpF7a+GtNuIX1S4+16hfX2o3Op6lqc2Aokuby6kkuLhlRVRTLIxRERFwqqoAPz70b9nHxN+zZ8QPgxaa1q3xh8MeEfBPwotNL0bV/A3g6HxTNaa+0pOrC5t203UZbaWdHhKzJCisscyGXPyN00fwh8BfD/AE7wdqu79pvQ/GVrrGteOtG8Yn4anWtQFxqsk0F7Fc2lnpc0FqLhVjmML21vcKkiDdE7TIP0O+wRf3f1NH2CL+7+poA8i/ZGbxXe/AbR9T8eeG9B8K+NtbefUNasdIs/ssJmeV9kjx+bKVmeERGQGWQhyy72wDXwZ8cE+J37Wvws1fwprFj8WNB8WfE3xpaaP4k8IaL8MVsfC2l6WL+C0lvr/Vrywka/dbK3Qm4tL0bh9n2QpFE7D9UPsEX939TR9gi/u/qaAPgjxyGX42+M7n4UeGPiI3iv4l+IotK8Y+EfGPw3uj4O8QWkLiwur99Slto4o1OnwtLFtvnikUhPsjzzla92/wCCjEPiGf8AYe+IWi+DtK1LU/EHibS/+EasLfTbJ7qWA37pZGbYg4SFJ2lZjhVWNiSAM19A/YIv7v6mj7BF/d/U0Afnn+0h8LvFei6j+0JceD/BviZ/+EX+F2i/CXwGLfSJpftRvjIbm5tyF/exw/abLzHTMafY33Y2PjptM1U/siftj+LZr3wD8Sda0fwz8MvD3hb4ex+G/Ct7q1vqkMDX0l3ALiCJra1nMqWiEXUsI2rExO07h9zfYIv7v6mj7BF/d/U0Afm58Pfhpp3ww+EvwcvvFmn/ABo8GfGXw9od74wTX/DXw6vfE1uL7xDcT3Wp6bcrHZXaiRJkjEqt5Eyo0axTqHkx2vg3VvGPh/8Aac+BniD4pfD/AFTw5Kvg7Wr2+i8G+FL3UtMt/E2pX1mkgujZLci3f7OsrNJNIULTTHzjtJb7u+wRf3f1NH2CL+7+poA+M/gz4O8ReC9L/aY+OOn/AA7bUPiv4i1vV4/DdnqWnGzvtSsNMtorHT7YM6rILe4eyE6gEBxOrDkg15R4B8JeLfjz+0T+z/a3N/8AFrU9B8P67e+NvEFpqXwvXwh4U8OXkFlcCG3s1n0+G9Dme+ATzLq4DokxLu4JX9I/sEX939TR9gi/u/qaAPzRn0jxv4+/4Jl+P/Ctj4c+J9h491Lxdda/8QNPHha7tr270281+WfUbfTHvLf7HqDf2eGRIojMssYCbGMqxtP8X/hPrfxF+F/jvxN8NfEP7R/i/wAf+Cfh9qOheHW8SeB7XwjBaQ37QCa3so/7J02e4ufKs8xBBIkRVfuPIgb9J/sEX939TR9gi/u/qaAPiTwfHpfxm/aa+AnhnwN8P/Hfhr4X/BzTtS183es+Dr/w5YxXq2i6dZ2USXkMMjyLFe3MpITYdo2s5WQJ1H/BVK2XxV8LPAPhTUfC3ibxT4Q8R+O9IfxZBpHhq818R6VZSnUJBPb2sMsjRSTWtvCRsORMfSvrP7BF/d/U0fYIv7v6mgD84v2r/hR45/aM0P4ofET4beEPFvhvRU8D6Z4E0uyXSP7I8ReIdNi1cXWqm2sbtEeILaeZBbRXMaGRpJ8RlHjaS1rugpYeHdY8beEr39pb4ieJvhJ4B1uDwhp2u/DaDw5YWs91bxW8VlbwR6Np9zcPIYoiEhWWONbYl9h8oP8Aon9gi/u/qaPsEX939TQB8BfDr4ej9hr9oDwWPFPhDx54k8MeB/hHpnhvwTc+HvC974ijsNRjklXV0ZbSKU2tzcqth++k2RyIhXzPkcDkda/Zt+L3wd8DfBC58O+GJrLx3q3j7xdqL2ljCLzT/h+niCHUpImuWiJi8iyM8LOEfY8keyMvuRj+lf2CL+7+po+wRf3f1NAH59fsrfsZav4F/bD13wH/AGHren/Bn4SeI4/G+gXuoLK6+J9UvdHsreJvPf8A4+Gtp01WaZsnM1zbscEV9Zfs16/oXxGu/Eni/Tfh7rPgTVtY1aWw1SfW9Bj0rU9fNlm2hu5MEySwmNcQvKQ3l4wqjAr1P7BF/d/U0sdpHE+5VwR7mgCWiiigAooooAKKKKACiiigAooooAKKKKACiiigAooooAKKKKACiiigAooooA84+JP/ACd5+yx/2UjUf/UL8T19v18QfEn/AJO8/ZY/7KRqP/qF+J6+36APln/gpV/yUT9mD/sqtz/6hniir1Uf+ClX/JRP2YP+yq3P/qGeKKvUAFFFFABRRRQAUUUUAFFFFABRRRQAUUUUAFFFFABRRRQAUUUUAFFFFABRRRQAUUUUAFFFFABRRRQAUUUUAFFFFABRRRQAUUUUAFFFFABRRRQAUUUUAFFFFABRRRQAUUUUAFFFFABRRRQAUUUUAFFFFABRRRQAUUUUAFFFFABRRRQAUUUUAFFFFABRRRQAUUUUAFFFFABRRRQAUUUUAFFFFAHnHxJ/5O8/ZY/7KRqP/qF+J6+36+IPiT/yd5+yx/2UjUf/AFC/E9fb9AHyz/wUq/5KJ+zB/wBlVuf/AFDPFFXqo/8ABSr/AJKJ+zB/2VW5/wDUM8UVeoAKKKKACiiigAooooAKKKKACiiigAooooAKKKKACiiigAooooAKKKKACiiigAooooAKKKKACiiigAooooAKKKKACiiigAooooAKKKKACiiigAooooAKKKKACiiigAooooAKKKKACiiigAooooAKKKKACiiigAooooAKKKKACiiigAooooAKKKKACiiigAooooAKKKKACiiigAooooAKKKKAPOPiT/yd5+yx/wBlI1H/ANQvxPX2/XxB8Sf+TvP2WP8AspGo/wDqF+J6+36APln/AIKVf8lE/Zg/7Krc/wDqGeKKvVR/4KVf8lE/Zg/7Krc/+oZ4oq9QAUUUUAFFFFABRRRQAUUUUAFFFFAHx94X/wCCnfjnxd8VtZ0CP4GaHoehxeK9S8JeH/EviL4j3drYeJriy1GfTmbNnoN4lg0lzCIoor2WIzyzJFbtcPuA9rf4gfHOPfn4P/CT922xv+Lw6nw3OB/yK3U449crj7wz4p+y74dsPFXwd8a6XqdlaX2m6p8QPHtre213AJLa7ik8Ua1GY5kZdssTIZd6sGjKRyK5YYVN7wrp/jP9mhbZvAt++u+BdPiUx/D+9gg8+wt0CFLbRL9miMDqs08iW94Z7ZhHDaxHTYTiL+HOPPG7jLDZxi8Hk9alT9jVqQUZwTjJQm4q0/syaSvz+5q5c8FaBvluNwHtHRx6a/vJ/mtfvX3Hpr/ED45x78/B/wCEn7ttjf8AF4dT4bnA/wCRW6nHHrlcfeGR/iB8c49+fg/8JP3bbG/4vDqfDc4H/IrdTjj1yuPvDO/8Ev2i/C/x1tb6HR70WniHw75Ca/4euDEuseF5ZGcJFcQo7lN21zCys8E8bM9vJcwlGPdMjIxVcRuhZUCpnYyjcFU43AKu4KMHd5jEJsGK/GMX9KnxHwtZ0MTKnGa3TpJdn+K1XdO60PvafDmXVIqcG2n1v/wDyZ/iB8c49+fg/wDCT922xv8Ai8Op8Nzgf8it1OOPXK4+8Mj/ABA+Oce/Pwf+En7ttjf8Xh1PhucD/kVupxx65XH3hn1lhiPfEQiKMxlQp8snDIAy5xgNtAy2TKcKUGCSDyy2wiPyxlAApMR3fKMrkjB3IB82WdwFKjFc/wDxNr4g/wDP2l/4KRp/qvgfP7/+AeTP8QPjnHvz8H/hJ+7bY3/F4dT4bnA/5FbqcceuVx94ZH+IHxzj35+D/wAJP3bbG/4vDqfDc4H/ACK3U449crj7wz6zIPLLbCI/LGUACkxHd8oyuSMHcgHzZZ3AUqMUSDyy2wiPyxlAApMR3fKMrkjB3IB82WdwFKjFH/E2viD/AM/aX/gpB/qvgfP7/wDgHkz/ABA+Oce/Pwf+En7ttjf8Xh1PhucD/kVupxx65XH3hkf4gfHOPfn4P/CT922xv+Lw6nw3OB/yK3U449crj7wz6zIPLLbCI/LGUACkxHd8oyuSMHcgHzZZ3AUqMUSDyy2wiPyxlAApMR3fKMrkjB3IB82WdwFKjFH/ABNr4g/8/aX/AIKQf6r4Hz+//gHkz/ED45x78/B/4Sfu22N/xeHU+G5wP+RW6nHHrlcfeGR/iB8c49+fg/8ACT922xv+Lw6nw3OB/wAit1OOPXK4+8M+syDyy2wiPyxlAApMR3fKMrkjB3IB82WdwFKjFEg8stsIj8sZQAKTEd3yjK5IwdyAfNlncBSoxR/xNr4g/wDP2l/4KQf6r4Hz+/8A4B5M/wAQPjnHvz8H/hJ+7bY3/F4dT4bnA/5FbqcceuVx94ZH+IHxzj35+D/wk/dtsb/i8Op8Nzgf8it1OOPXK4+8M+syDyy2wiPyxlAApMR3fKMrkjB3IB82WdwFKjFEg8stsIj8sZQAKTEd3yjK5IwdyAfNlncBSoxR/wATa+IP/P2l/wCCkH+q+B8/v/4B5M/xA+Oce/Pwf+En7ttjf8Xh1PhucD/kVupxx65XH3hkf4gfHOPfn4P/AAk/dtsb/i8Op8Nzgf8AIrdTjj1yuPvDPrMg8stsIj8sZQAKTEd3yjK5IwdyAfNlncBSoxRIPLLbCI/LGUACkxHd8oyuSMHcgHzZZ3AUqMUf8Ta+IP8Az9pf+CkH+q+B8/v/AOAeTP8AED45x78/B/4Sfu22N/xeHU+G5wP+RW6nHHrlcfeGR/iB8c49+fg/8JP3bbG/4vDqfDc4H/IrdTjj1yuPvDPrMg8stsIj8sZQAKTEd3yjK5IwdyAfNlncBSoxRIPLLbCI/LGUACkxHd8oyuSMHcgHzZZ3AUqMUf8AE2viD/z9pf8AgpB/qvgfP7/+AeTP8QPjnHvz8H/hJ+7bY3/F4dT4bnA/5FbqcceuVx94ZH+IHxzj35+D/wAJP3bbG/4vDqfDc4H/ACK3U449crj7wz6zIPLLbCI/LGUACkxHd8oyuSMHcgHzZZ3AUqMUSDyy2wiPyxlAApMR3fKMrkjB3IB82WdwFKjFH/E2viD/AM/aX/gpB/qvgfP7/wDgHkz/ABA+Oce/Pwf+En7ttjf8Xh1PhucD/kVupxx65XH3hkf4gfHOPfn4P/CT922xv+Lw6nw3OB/yK3U449crj7wz6zIPLLbCI/LGUACkxHd8oyuSMHcgHzZZ3AUqMUSDyy2wiPyxlAApMR3fKMrkjB3IB82WdwFKjFH/ABNr4g/8/aX/AIKQf6r4Hz+//gHkz/ED45x78/B/4Sfu22N/xeHU+G5wP+RW6nHHrlcfeGR/iB8c49+fg/8ACT922xv+Lw6nw3OB/wAit1OOPXK4+8M+syDyy2wiPyxlAApMR3fKMrkjB3IB82WdwFKjFEg8stsIj8sZQAKTEd3yjK5IwdyAfNlncBSoxR/xNr4g/wDP2l/4KQf6r4Hz+/8A4B5M/wAQPjnHvz8H/hJ+7bY3/F4dT4bnA/5FbqcceuVx94ZH+IHxzj35+D/wk/dtsb/i8Op8Nzgf8it1OOPXK4+8M+meKfEmmeBvDl/rOr6jY6Lo2jwSXd3e3U8MMOmwxqztJJKzhIo41SRSztsBZ8gIMV4D4p/aT8UfHab7H8K3j8OeF0chvG17YxXi61Cyjy/7Bi83PAMpjvb2I2z5gaC11C2ud8ftZP8ASV8TMyk/YTpKC3nKmlFer11/uq8rXdrJnn4/K8pwVP2mIk189X+H/DdSt8c/2yfir8A7a0i1D4MfD3Wde1YyR6VoGifFLVr7U9UkTYp2ovhbZFEJJYI2ubh4raJrq382aMSoW8U1X/guHr+laj4Ss7j9niTT5tT0S71LxLNc/EOS7g8KXMGva5ootSunaLd3F5vl0V2EltA6jzxuAjQzH2z4c/BfRPhfLq9/BF/aPiXWxF/wkPiO+hhOr+IZI1lZXu5olXcsZceSiKsNvGpSBFht4wv5/wDieUf8Ly1Nmkzv0vWdrSMi/MPiT8QHDktnkbe2cE5wcZH9nfRn4rzbj3PKnD+cV7+437WEIwalyyfuxakrJr7ablu+VPlX4n4h8XyyXJsRm+X0k/ZeztGd3dSqRi72a15W7W2dr32f6XeG/jF8Y/Gfh7T9X0f4XfBjV9K1e1S/sL2x+M+o3FvfW7rvSaKRPC5WSNlIZWUkMGQgncubg+IHxzbGPg/8JG3KXXb8YdTO9RnJGPC3I47eq/3hn86PhP8AEnxl+zNrV7ffDLXLLw3HrF7JfappN7pEd7oeuXTkRm4ubX9zIJyJXzLbXEEs22AStcJEka/eP7K3/BRHwb+0jrNt4a1KP/hCfiBdMY4PDmr3tvMddMcLNNJp0yk/bIY9kqs2xLlIQHuLaBXjZvjfH/L/AB28MXPMXKljMtW2Ip0V7q0/jQu3Td3a95Qf8ybsvV8MvEnhHjKCoUZOjiutKctXa/wOyU1ZX095faijph8QPjm2MfB/4SNuUuu34w6md6jOSMeFuRx29V/vDIPiB8c2xj4P/CRtyl12/GHUzvUZyRjwtyOO3qv94Z9XDgQq7HejRiVy6Bt6jhj82QSQdmQSAh3M5ytSLESxQ/vXVikilQ5k2kAna3OWVlTJxhSSzMNpP8kf8Ta+IP8Az9pf+Ckfs3+q+B8/v/4B5IPiB8c2xj4P/CRtyl12/GHUzvUZyRjwtyOO3qv94ZB8QPjm2MfB/wCEjblLrt+MOpneozkjHhbkcdvVf7wz6yg3KnIm3kA8K/njJAIDcncgKAnHyhyWYBTQg3KnIm3kA8K/njJAIDcncgKAnHyhyWYBTR/xNr4g/wDP2l/4KQf6r4Hz+/8A4B5MPiB8c2xj4P8Awkbcpddvxh1M71GckY8Lcjjt6r/eGQfED45tjHwf+EjblLrt+MOpneozkjHhbkcdvVf7wz6yg3KnIm3kA8K/njJAIDcncgKAnHyhyWYBTQg3KnIm3kA8K/njJAIDcncgKAnHyhyWYBTR/wATa+IP/P2l/wCCkH+q+B8/v/4B5MPiB8c2xj4P/CRtyl12/GHUzvUZyRjwtyOO3qv94ZB8QPjm2MfB/wCEjblLrt+MOpneozkjHhbkcdvVf7wz6yg3KnIm3kA8K/njJAIDcncgKAnHyhyWYBTQg3KnIm3kA8K/njJAIDcncgKAnHyhyWYBTR/xNr4g/wDP2l/4KQf6r4Hz+/8A4B5MPiB8c2xj4P8Awkbcpddvxh1M71GckY8Lcjjt6r/eGQfED45tjHwf+EjblLrt+MOpneozkjHhbkcdvVf7wz6yg3KnIm3kA8K/njJAIDcncgKAnHyhyWYBTQg3KnIm3kA8K/njJAIDcncgKAnHyhyWYBTR/wATa+IP/P2l/wCCkH+q+B8/v/4B5MPiB8c2xj4P/CRtyl12/GHUzvUZyRjwtyOO3qv94ZB8QPjm2MfB/wCEjblLrt+MOpneozkjHhbkcdvVf7wz6yg3KnIm3kA8K/njJAIDcncgKAnHyhyWYBTQg3KnIm3kA8K/njJAIDcncgKAnHyhyWYBTR/xNr4g/wDP2l/4KQf6r4Hz+/8A4B5MPiB8c2xj4P8Awkbcpddvxh1M71GckY8Lcjjt6r/eGQfED45tjHwf+EjblLrt+MOpneozkjHhbkcdvVf7wz6yg3KnIm3kA8K/njJAIDcncgKAnHyhyWYBTQg3KnIm3kA8K/njJAIDcncgKAnHyhyWYBTR/wATa+IP/P2l/wCCkH+q+B8/v/4B5MPiB8c2xj4P/CRtyl12/GHUzvUZyRjwtyOO3qv94ZB8QPjm2MfB/wCEjblLrt+MOpneozkjHhbkcdvVf7wz6yg3KnIm3kA8K/njJAIDcncgKAnHyhyWYBTQg3KnIm3kA8K/njJAIDcncgKAnHyhyWYBTR/xNr4g/wDP2l/4KQf6r4Hz+/8A4B5MPiB8c2xj4P8Awkbcpddvxh1M71GckY8Lcjjt6r/eGQfED45tjHwf+EjblLrt+MOpneozkjHhbkcdvVf7wz6yg3KnIm3kA8K/njJAIDcncgKAnHyhyWYBTQg3KnIm3kA8K/njJAIDcncgKAnHyhyWYBTR/wATa+IP/P2l/wCCkH+q+B8/v/4B5MPiB8c2xj4P/CRtyl12/GHUzvUZyRjwtyOO3qv94ZB8QPjm2MfB/wCEjblLrt+MOpneozkjHhbkcdvVf7wz6yg3KnIm3kA8K/njJAIDcncgKAnHyhyWYBTQg3KnIm3kA8K/njJAIDcncgKAnHyhyWYBTR/xNr4g/wDP2l/4KQf6r4Hz+/8A4B5MPiB8c2xj4P8Awkbcpddvxh1M71GckY8Lcjjt6r/eGQfED45tjHwf+EjblLrt+MOpneozkjHhbkcdvVf7wz6yg3KnIm3kA8K/njJAIDcncgKAnHyhyWYBTQozHnIm4ywwrmdRnlVbli6BkHfAbLPhST/ibXxB/wCftL/wUg/1XwPn9/8AwDyYfED45tjHwf8AhI25S67fjDqZ3qM5Ix4W5HHb1X+8M4vxD/aE+LXwq8H3Ova78LPhHZ6ZbBPnX4u6tPJcPJIIoooIo/CrSTzSytHFFFErSSySxIis8iK2x4h/aNm+IWv3vhX4TR6d4z1y1vG0jVfEIlgvfDng+8RykiagVnWWe7WNJv8AQbXdOMQi6kso7mK5W58NP2arfTvGWn+NPGepj4ifEOxHnadrWp2FvBH4cEoaKW20qJF/0OCQO6s7STXc0Yijmur1IYwnuR+lBx7h4+0zGvSh1VNUl7R9r30gn/NPWzUowmmjB8O4KWlJN+d9P+D8u2rRzX7Hf7Wvi39o7xZ8QNA8bfB+6+E2p+D7XRNV00yeKRrA8QadqjaokNz5LWVpcWRzpjHybqKO4USYkhhZdp9xryj4dhV/bj+LwQkqvgHwIq5GDgan40HI7fTjHTC/dHq9f374Z8S4niHhfBZ1jElUrQ5mo7Xu1pf0Pi8ww8aGJnRjsnYKKKK+6OMKKKKACiiigAooooAKKKKACiiigAooooA84+JP/J3n7LH/AGUjUf8A1C/E9fb9fEHxJ/5O8/ZY/wCykaj/AOoX4nr7foA+Wf8AgpV/yUT9mD/sqtz/AOoZ4oq9VH/gpV/yUT9mD/sqtz/6hniir1ABRRRQAUUUUAFFFFABRRRQAUUUUAfJP7IEaz/DvxMhQbD8SPHCyFmIUg+LtXyOPXCZbkqqFgSwiC+o+a0lt5jtkzCORvMJG0sk7bePk2lp1Bx8qiROGLYPlv7I+B8MvFJaR/KHxH8cFizY8kr4s1s5DDkIMr/tAySEdQr+qyK8U5f97G4dmeRowXgZJSyHABUbBE2MbiQojUHbhv8ALzxA/wCSmzLt9Yrf+nZf1/wDwqtvaSv5+f8AX/DfPl/iF8HtH+JmraVqNxHNY+JfDt00ug+IrNY/7a0GaVIfOmgnZW2OxZFliYPDNkQTRXMAMZTwh+1L4m+CFvaWPxP0xdZ8H21skcnxCsZ4I4obdTu8/WbH919kHzxRtNa+fa4+0XEqaZBHJDH0ufJgfb+62BZFCKGEJEeU2hd2wK29g3IMexixO0u+ZXikfbEu9c7EdtwZ4y6mNuRuUCNUIJOVmclt0gU/I4vD4fF0lhsdT54rRdJR3d4yW27dnzwv70oN2PUyvOsVgal6Dununs/u6vuvyPWfDfiSw8a+H9N1rStQtNZ03VLaG6stRsrpJoL+CUF45YZVOCkiv+7lB2sM7NgcE3/m/wB7EnJXdGQ78lRnARmVlxxnJdSwZtx+Xh8Ntb+Efi288R/DXX9T0m4luZNSvPDmp30knhzxE7ymR/NR0kfTXlxeTyT6esZa5dp7mK92m2Honwe/a+8P+NPFGleDvEQHgf4lSxFV8O6lvA1KaKOSaQ6XdGNE1OBIP3xNrl445I1uIrOR2gr82zjg7E4eEsTgv3tJauy96C688eiX86vDVXcW+Vfp+T8S4XHrlXuz7P8AR9fw/A9d+b/exJyV3RkO/JUZwEZlZccZyXUsGbcT5v8AexJyV3RkO/JUZwEZlZccZyXUsGbcWxHy41ZQAsAjkDErhF+YrlhztOWyy/IucAFQ9ABtSgwU8gKRmMb1G5lXOOeGYjYpAYfc4yh+NPo/6/r+uo75v97EnJXdGQ78lRnARmVlxxnJdSwZtxPm/wB7EnJXdGQ78lRnARmVlxxnJdSwZtxajLbGLOB5LqAAMsAjFWAIA3fNIAApH3toThkYiRoVhAxuiJQYTPzIXPBAyQAT8qn5uRtQBxQA75v97EnJXdGQ78lRnARmVlxxnJdSwZtxPm/3sScld0ZDvyVGcBGZWXHGcl1LBm3FqHyFTAC+QQQWK/JsJ4JHOBuIYr8qbguCoegA2pQYKeQFIzGN6jcyrnHPDMRsUgMPucZQgDvm/wB7EnJXdGQ78lRnARmVlxxnJdSwZtxPm/3sScld0ZDvyVGcBGZWXHGcl1LBm3HP8Twah/wi94mk3ljpuqrE0djdXdo13BbzorgM8aPEZUDNkos0Q27hlAr5+Z/h54u8f/Bv/gobonwqvPidrHxS8Nav4EuvEWrtrulaXb6h4WuLe+S3t5o5tNtLdFgufNuFEVwjY+yPhwN617WV5LLH06s6VSKlTjKfK+a8oxV5Wai4bdJSjd6K7aTwnW5akabT97RPps3bv06LrufVHzf72JOSu6Mh35KjOAjMrLjjOS6lgzbifN/vYk5K7oyHfkqM4CMysuOM5LqWDNuLUBVUGDG6kLtSMboSpJIXqcheQmSNrtjzFwKGRkYquI3QsqBUzsZRuCqcbgFXcFGDu8xiE2DFeKb/ANf1/wAAd83+9iTkrujId+SozgIzKy44zkupYM24nzf72JOSu6Mh35KjOAjMrLjjOS6lgzbi1hiPfEQiKMxlQp8snDIAy5xgNtAy2TKcKUGCSDyy2wiPyxlAApMR3fKMrkjB3IB82WdwFKjFAf1/X+SHfN/vYk5K7oyHfkqM4CMysuOM5LqWDNuJ83+9iTkrujId+SozgIzKy44zkupYM24tkHllthEfljKABSYju+UZXJGDuQD5ss7gKVGKJB5ZbYRH5YygAUmI7vlGVyRg7kA+bLO4ClRigP6/r/JDvm/3sScld0ZDvyVGcBGZWXHGcl1LBm3E+Y8fxeZyRuj+eTkY7R5BGcjevONxkDFsg8stsIj8sZQAKTEd3yjK5IwdyAfNlncBSoxXL/F741+EvgL4ej1PxX4g0/w/bXV4+n6WkvzXGp3YBeKzs4kDTXFy6rMsdvAkskhJVYySIq2w+Hq16io0IuUnskm2/kvyRMpRiuaTsjqgxLjhyfMLYAKsS4OQFz8rMDkAYKDLM3zEHyL4s/td6X4K8SXPhbwlZf8ACw/HenYivdG0nUIYY/DizIjQXGpzbs2NtIjxlEVJbqRBJNb2t4IZGTgfEnj7xr+1APKs5td+F/w7uWia0fTrgW/inxLaSuF8qVJYCdJj8sTOiwyG+zNARNps0Mto+z4N8F6X8P8Awnb6ZplusFiiTPtaZpmnabzWe4kndjJK81yWke4mZ5JJiZJHLhpZv0fKuCadC1XNfel/z7T26+/Jdf7kXf8AmlGScX8LnPGVOk3RwWr25unyXX8vU5hvhXqHxR8RWHif4p3Vl4l1Kwmi1bSPDyQw3Ph3wZcQskiT2Km3R7m7SNIQb243SAee9ulpBd/Z679m/s8OrKn+j72ePcW/1YO9AASDhlcbSTvS5ZnJIdyXpy0xZynysm6T5NmJJAADlSAWjfgnI+ZiQpYh12/lPKcNGieYSmcbAs0/8OBw7l8YAO7amF3Ju+znUvBQilGC0UY6RXko7Jvd31b95tyd3+c1q9XFTdXESvJ9f67dugiweWUjIMot/k/doZDMoAjbB5J3AHbxna6hgw27vzT16aST4337LJ+8fS9ZIHmg72/4WP8AEFgQQ3zHjpvwRuySOa/Su6UFnik+ZmLoDI4wxYybl4zkgKTwCMxAqDvAm/NjX5Wj+PN+/RRYatlmky2T8S/H4wfmw3U9WPIB+av7a+gfb/Xub6+zdvun+r/pn5d4wScuC8c/+vXp/Gp2/r9bl27Eazy7gpEp2s0qqgxuk8wcryuyMDjJKqvT71UfFHhzTfGGkT6XrljaaxYXOfPstRt0nt7kiSFlAjdirDdgrndtYryuAtXLYi3GxE/ebI1WNyInJUEKuc8KCjk4XaQWwDh8rM/2eSb55G+V95xtZgAAS2Cm0t5UmGORwMNj5T/sS4xnB02rp9O/y+b/AKufwlTnKFRSg7Nap9U9Nux7P8A/+CivxA/ZyhGneKLTWvi34ajlRoJnv4IvEWlLHGI4reOWZYodQRg0IMl1cR3K7bh3nvSywp93/Bf47eDf2jPBX9t+CvEGm+J9ISYW05tZN0lhciIO9tcwMRLBcgShpLWULcICRIASI6/K1of9NGAV+dvuxsQMvGeCFB+bknLYy5zuAOG+HtZ1/wAGeJv7f8J+J/EXg/xGkKK2oaNPxcIpdglzbTrLbXWxZpGijuoJfJa5dotjneP85/pB/s+uHeKVUzngFxwGNerparDVHpsopui7dYJxb3gm3I/rPwu+lJmWVqGA4pTxFHZVF/Fj63aVRLTqpJX1loj9g/ml6/vTJH8wO6TzEHLMMYEg3Oh64KsyhQcgnzS9f3pkj+YHdJ5iDlmGMCQbnQ9cFWZQoOQfkD4Af8FX/DtxZDTvjSdG+HmpoyRprpeZ/DerRohEs8txNGE02VtuwQXUpBW4gSK6vZSyp9frESxQ/vXVikilQ5k2kAna3OWVlTJxhSSzMNpP+NnH/hvxLwTmssm4owk8NWWyktJL+aE1eM4/3ot66Ozuj+8OHeJsrz3BRzDKK8atKWzj0fVNbxa6prm8tQ+aXr+9MkfzA7pPMQcswxgSDc6HrgqzKFByCfNL1/emSP5gd0nmIOWYYwJBudD1wVZlCg5Bag3KnIm3kA8K/njJAIDcncgKAnHyhyWYBTQg3KnIm3kA8K/njJAIDcncgKAnHyhyWYBTXw/9f1/Vz3f6/r+rjvml6/vTJH8wO6TzEHLMMYEg3Oh64KsyhQcgnzS9f3pkj+YHdJ5iDlmGMCQbnQ9cFWZQoOQWoNypyJt5APCv54yQCA3J3ICgJx8oclmAU0INypyJt5APCv54yQCA3J3ICgJx8oclmAU0f1/X9XD+v6/q475pev70yR/MDuk8xByzDGBINzoeuCrMoUHIJ80vX96ZI/mB3SeYg5ZhjAkG50PXBVmUKDkFqDcqcibeQDwr+eMkAgNydyAoCcfKHJZgFNCDcqcibeQDwr+eMkAgNydyAoCcfKHJZgFNH9f1/Vw/r+v6uO+aXr+9MkfzA7pPMQcswxgSDc6HrgqzKFByCfNL1/emSP5gd0nmIOWYYwJBudD1wVZlCg5Bag3KnIm3kA8K/njJAIDcncgKAnHyhyWYBTQg3KnIm3kA8K/njJAIDcncgKAnHyhyWYBTR/X9f1cP6/r+rjvml6/vTJH8wO6TzEHLMMYEg3Oh64KsyhQcgnzS9f3pkj+YHdJ5iDlmGMCQbnQ9cFWZQoOQWoNypyJt5APCv54yQCA3J3ICgJx8oclmAU0INypyJt5APCv54yQCA3J3ICgJx8oclmAU0f1/X9XD+v6/q475pev70yR/MDuk8xByzDGBINzoeuCrMoUHIJ80vX96ZI/mB3SeYg5ZhjAkG50PXBVmUKDkFqDcqcibeQDwr+eMkAgNydyAoCcfKHJZgFNCDcqcibeQDwr+eMkAgNydyAoCcfKHJZgFNH9f1/Vw/r+v6uO+aXr+9MkfzA7pPMQcswxgSDc6HrgqzKFByCfNL1/emSP5gd0nmIOWYYwJBudD1wVZlCg5Bag3KnIm3kA8K/njJAIDcncgKAnHyhyWYBTQg3KnIm3kA8K/njJAIDcncgKAnHyhyWYBTR/X9f1cP6/r+rjvml+9+8M0eMtukEij5mPy43g7gQR8pB2YQty2RjLGxYkiaLG5nHzJ97Jb7pA3ZZsFFB2KDk5o+JvFGl+CPDV/rWuanYabomk2TX+o6jeyJHa29vGT5k8jyEKqCENl2I+QH5pMZHksfxp8R/tGyLafC/Om+EZT5N78RNQhltwR94XGhW9xAY9Tzb4KXsjCyCzwyxtqqxz2y+jgsrr4mLqxXLTjvN6Rj6vvb7KvOX2Yt6Gc6sYadei6/wBef32O2+MHx98PfB+axsNRuTfeJvEhYaD4YsZI/wC2vE08ZjMkVnbySAs674neVmWK1hPmTyW0StMOGk+GPi/9pqNrn4kxnwp4NlG7/hBNNv4Lz/hIbeX+HW7nyCSCwhVtOs5XtmEc6SXOp284gj7n4M/AfR/g411cW1xrWta/rktp/a2s63fSX2pX7RiRlQsw2QQK8k00dpbRxWsBuZTFbW+9mrsI2QwR7huj2ozHGS6M53DGTncxHAOXCg7peVrt/tDD4L3cvjea/wCXkl73/bkb2h5S96enMnB6LNU5Tf7zbsv17/l67lbw/wCHtO8DaLZ6TpGn2Gk6Ro0f2KxsbW3SC1soIIgIIY412IkcagbEG1VA4Uj94LoUqAqlx5eSBk7kYoZFxxktktk7dxB+ZGB3UHdEzsesbSqxXcg3kjPT5gGBAAHO4hsScNQsRmYqPmYsV5UEHJAclR1HOHC5UsQcodxXwpSc3zTd2+purJHkPw6kDft0/GELs2r4A8A7QuMLm+8ZNgYZuOeBngYA4wT6zXlPw/l8/wDbk+LzfPg+APAm3e247f7S8aY578Y55z6t1Pq1f7H+A3/Jvsq/69L82flWc/79V9Qooor9cPMCiiigAooooAKKKKACiiigAooooAKKKKAPOPiT/wAnefssf9lI1H/1C/E9fb9fEHxJ/wCTvP2WP+ykaj/6hfievt+gD5Z/4KVf8lE/Zg/7Krc/+oZ4oq9VH/gpV/yUT9mD/sqtz/6hniir1ABRRRQAUUUUAFFFFABRRRQAUUUUAfJX7H37v4eeJpOUx8R/G5V0PMZj8Xay7SHggYBwDgnDuRu27D6dHArxeUEVd/7lolHzxHYr+UF5x8yTADr8oyWkXKeX/shkj4ceKNseG/4WN45VWb5Rv/4S3WJOCeu9YWXO1vu4znCj1GZisEiRlyZUaO3wP9WBFsjAPKghhINuTgQyEFyIyP8AL3j674pzL/r/AFv/AE7K3/A+Z4lVtTfa/wCv9MkSY3c4dTIzzOJFaKTbuaWQO4TsWyr7T1yQSQ6RLUSKn2fdsEsSx7j5ahY3jEiscEfdUhnxjo0QcbFjXZLORLdTeWc/vdqrvGH3ZjVFJHy/KYyGOQyq7ncUdC1UMjqE27n2+SZY/LB2bthIJBVTHNGMdVDOcqAu/wCR6W/r+utzPTS2v9f1b7thEkFs8kn7vNv++kYLsyytGd3Qt/q1ZhgMcJIRu2FKyfG3gPTPH3habQ9VtnmtZEEQ8qf7NPBMk8U0E0UsTb4pkeAywyxsHilijdGDp5z7AlG9HDNIoLzxGVRvB8iKROCdudojBxxkbcKrlqI0xsTEnDLF5TE7yvmyw5yQCMrgHcAQwP3doRqhUlCSqQ3WzWlmtnfpbfp8loJPl/r+v6+Rx/hj4meP/wBnWRIdRVfiN8NbN+JwbiTxb4fsFYhj1lOtlJCASDb3ojt051S7k2t738NfiRonxd8Dab4g0O+TUNK1PcxcxPCybJZI7mKWJ1R4ZY5Iyk0MgjeOVHSSNHDRnzByHtAxLS7y2Ng/1nBzt9mAwF+U/u3Tr5pfh/FXwNtR42vPGng68Hgz4izETTa7YmT7PrckW6OD+1LRJEi1OFQhhQXOZII5JjbyW8xR4vFzbhrA5jecf3VX+ZL3JP8AvRW396cE72f7ucm5H2mTcX16LVHF+9Hv9pbff+f3H1LFJIJFfcQ7GOJi5bKE7mG7G0H5tpwSPlbaFUthokwYADs8uONlAOfmUJuZTnaAA/DDCL9xSRtKV4j8PP2t30vX7Dwn8R9Fu/DviC7kj02w16CzZ/DPiG4d1QeVKJJTYmZpYE+z6i0Re6uBb29xfFVnr3LzEMucv5Y7h/nALbdxONwbaPLAILkggYwzH8uzPKMVl9X2eJha+z3jJd4vZ66aap3T1TP0rB42hiqftsNLmXl0fp3/AB/MNp3cl955GCdxbytz5IG4MQQAdu4LkKigbqEYMykBFA8sqIwEB3xbflwcAnAVW3cE4DnlKjOY4CfkV0UYAx99XCgKOchMgADIVj0kanTKqLKOCFMqgMflZVIJyc9M5Lc/MwAZl+6PNOv/AIYyfHc+uw+BdWk8MrpE3igadcNpY1SWaGzmvChEYneIGbyt4SNvLXepAIjPyBfm79hT9n74xfs96zfXPxD8O/DbW/FPjOeXUvG3jyDxtfXusatcJFIkKwWsmjW0UNnD/q4rdblEhjcEOzMTL9VB3M5w0m9iIgxYh+QXTPHXPJBU7Bxs2ksWQICi+Wh+dDLGqKRjKbDgZ5+YgDa3yr/y0CsBXtYHPJ4XA18AqcXGra7fMpaXsrxlHRP3uV3i5KMmm4xMJUE6qrNu6Xy1+Wj9LabebkXDKoHzHy0AIxsYRZQAY7EkkFflwD5YyWqNGTyUwMRC3VcY3KyfKqjaDkjcGIBZtwLBd+47XFlRVK4wqRNlRvB2napAwuRuzhcAMPmTDZp24GX+M7flIEo3q5bbgvj7xQbA2TyCu9Tkt4pv5/1/X5BtLzKzly+7yywJLfLuMmGA5bk4284LKFTDEN3sq/PjgvI219pVgT5uDnanBA3DIB3qXDNuJsaWNFGDuDQp8mEy3GAuOF2rtKYOwrllf71BmDgOCduC4PJba6iNTwclhjGc7n6o2MrSAd8x4/i8zkjdH88nIx2jyCM5G9ecbjIGIGJPRy+5iuAVO91P8ORhjkEKCGVQWZxuOeE+N37QehfA2DT4NRg1fV9a1pp7fSNA0Sxa/wBQ1Jl8uN0RFHlxQLJLbxm5uGis4nuIVuJYWdWPiXiTRPFP7UStL8Q3/snwhcyCaw8FadNLA7JOrfutamhmePUQ6RkPYIossXUkbjVD9nuR9VkfCeJx8ViKr9nR195q97bqEdObrrdRT0cr2T8LNs/wmAi1Ud5/yrf/AIC/rU7D4m/taajr+uaj4Y+FGm6b4h1bR5TZ6pr+spdQeGtE2gwSiKWOHbqk0cyyeZaWroi/YbuOaeymSPzOe8F/Cd7HxdeeKPEGsXXifxtqcUlncardzSm3tRLGpMNhaPI8en20gihjaOEs06QRNcTXM8P2quk8N6DYeENAsNP0aws9P0nTYLezsbWzjWK2toI4l8qONQDGiKuxQOViS1YHeu4SXYWDyQRrIHBkRVllB2kEGEHLc/MqPuXO5NkfXyZcfpmBwWEy+Do4GPLpZyfxyVurW0b6qMVy7OXM0pP8vzbiDFY+bVR8sP5enz7v107WBLlX8uQY6LMqsyrtX50kXryNu3OCAEWYbhszSQE26x7PMkCeVsaM4Mu0jcqAjli8QwOufLT5TH5ZYrFrcsryRbIS28MFaHMRZXK46oIRxjgW6FMnLJMqk3nEciE9Yd5LkpKqhdoyQCxYZ+8PKGcmOXdrpF2fX+tv6Z4S7W/q/b+mRKfJX5TE6phgYpQilVkiUBGA3eWxj4YchnQ8ZDSukBQn5o0Zd+GXAJaOOR1PH3SpGwbc4V48fdid0h3XSwhXHmTKiI+FwZCZI0bPTIdn9SEkQ4zGzBQfOQFPLEDlZowP3IUblkHzN9zJn2jHK5HJDMZXe0v6/r79+o+tuv3/ANf11HSosfmRlZY4SCpSNSqtG7+gBZcRx3J2rkKFKnJHz/mnq7mX47Xk/wB6ZtM1gbshsg/Ef4gFsuA3Hyg8HBKrzX6UGMbUCBVzLKsbeQR8zEgExnkgJ1H8bEptbAU/mxrv+mfHS/Ij/dvpurna0huPvfEn4gDaSCQ4wTliSOA3OMj+3voIr/jO6i/6dv8AFT/P+nsfmnjDb/UvHK//AD7/APT1MvRxutkIirBHGCrRlk2GPbjbjpuIyuI/unjAaiF9yK6ufL+Uv5bFyTlZSSsYwGOZMkHB+X72QA2EpIeFVCWRtoC7my6ucjZuAXcMEgHLZOCN9LDKZIVZWjkk8tFi+YZV9oIwSzAELuJODlSPvbTu/wBje/8AX9dP+AfwjbuOUiK6CuqRM0gdsuOG2gEgsuSTvEfHAUYBXGDHBGZbXyVwXKFPLYgAL5SZyp4A3Ef8sxjfjYASaWIxxOUWRY1ZihQDysKRHjgMCDtULyNwZxgAcVNDIZ5lBIbEisYjKJMEO+Sx2nbjYD1wGQqCMcztHT+v67fl1WyuiNsyTu8QBkjO75lYMSxjZVbChgeFBGeFClg2SB2X7PP7UvxB/ZL0/wDs3wc+meK/CCYaPwr4iv7lre0Uhool067DTnT7fZ5WYPs81vsiCwx2hknlPERP5Vjt+U+QgcRtgeWyxJtJBZQACBxtXDMpwu3dUtwAI5kxIYwWhYNIG4KFQCGcjccIRkdGxjJavg/EPwy4X45yp5LxVg4Yii9ubSUXprCcbThLbWDWmjutD6vhHjXOuGMYsbkmIdKel1vGS7Si/dktXa60vpZ6n6a/s1ftc+Df2sfD+qXPhe51K21DRVii1rSNZtXtdQ0hpVYx+crgrLD8s0a3ELS2zyQzlJJwjOPT5d0nmgdWxD8275t3CBy2f4DyG6MSdrllr8bNf8JWuqa5ZakUvrPVtFkmksNT0y4msdS0vzGjEptbu3MU8LSR7g/lSjcDIhEi/KPqL9n3/gqjqvgO2Gj/ABltbzX7LbLFb+LvDui+bKkafKV1HT7ZpJXmeUR5nsIGjdp3Elpaxwh2/wAaPpBfs/eJuEvaZzwO55hglq6dr4mmtN4x/jLfWCUkt4aOT/v3wu+kvknEChgc8thMS9Lt/up+kn8L0+GTtdpRlJn3i+6VHK9JP3KltxD5JVQxbPRdwIbo+TtYstD7pUcr0k/cqW3EPklVDFs9F3Ahuj5O1iy1S8O+JNO8a+H7DW9LvrDVtH1eGG9tb+ymS4tr23miV96SIzrIkivHswzB1KbRgCSrYOW/eAZKGOQ5XgYVZMltwYKqqWLE4ZQu5s4H+d8oyjLlkrNf1Z+n4H9NLVXQ590qOV6SfuVLbiHySqhi2ei7gQ3R8naxZaH3So5XpJ+5UtuIfJKqGLZ6LuBDdHydrFlpoPzfvAAxQxyZK5QYVZN27dkBVRyWzztAZw1APzfvAAxQxyZK5QYVZN27dkBVRyWzztAZw1SMc+6VHK9JP3KltxD5JVQxbPRdwIbo+TtYstD7pUcr0k/cqW3EPklVDFs9F3Ahuj5O1iy00H5v3gAYoY5MlcoMKsm7duyAqo5LZ52gM4agH5v3gAYoY5MlcoMKsm7duyAqo5LZ52gM4agBz7pUcr0k/cqW3EPklVDFs9F3Ahuj5O1iy0PulRyvST9ypbcQ+SVUMWz0XcCG6Pk7WLLTQfm/eABihjkyVygwqybt27ICqjktnnaAzhqGjkc4KhJmi2kOB/EwjKtuzndtU5bJyvymQZFADn3So5XpJ+5UtuIfJKqGLZ6LuBDdHydrFlrxnxv+0b4w8RfGjXfAvwt8F6H4t1DwnbW7eI9Q8Q+IrjQ9NsZLkBrezjkjsr2W4uRbsssiGJI4VniZmZpQo9mEm+dWQfNuDRmSTGQr+WoJb5gTuIOGJGOVy5Q/m7+1j8JPhl8LfjH+0jrPxo+Deo+PrX4jw2Fz4H1ix8CzeIZmuJdOttGj023mghk/s2/ku7eJY2d7ffJcwbSWjwn2/AmT4TMsXVo4qLnJQXJFJycpOpThblVSk5csZSlZTXw8zvFNHnZhXlRgpJ23/BXtqmujte13ot7H6NWUl5PpiteRQW941sn2mOOZ5Yo2IPBeRVZkVN3zOijdk7GY7V4X4u/H+LwX4nj8J6Bpd54s8favGbmz0WBJktrRZW2W9xql4kbx6bbFo5WWSf8AeyraTrapPNGLVvFv2UPDvxk+L37Lfw58P+NLjXPAFhpXhmx0zxPfain/ABV3i+YRQtJNbSRXIl0qNyYw0syf2lJ5848rTriGC4f6D+FXwb8KfArQ5dL8KaNY6DbXtzPfXskKM91qV28cUcl3dz5M13duVjEtxLLLNK6gszNynBjcuwOWYmpSxE1WnCUkowfuOz0cp3vZ6PlheVnZzhNNLrlKc5futFrr/l+n6nFeF/gHrfxD8Rab4o+KuqWOtarplyl5o/h3Rprm18P6FL5nmRmaJpNup3cdxHG63l3DGiSWdvLb2VncGUv66qkMZIy+WYxq+SC2SAmWI4YFcNu5+UKyudpLSdgAYArGCpXK7dqKFlXPC7SMc4CcYIR+aHgG90cliUMTsqlmYhwSMHknywDg8lQP9aBx4mNzCtipJ1X7q0jFaRiu0YrRLq7at3bbbbLhTjDbr/X9fgOjPk5ITiPbwU2rGB84DEkhBkbgCGKLnGCyqGqgEe0oXCD5lKnfIvLsm0nO5+u3O7CguTnaRz5quSBsyZm2leFJDnD9FB2ZVxgHBztf5qJUadZAcbijIcJtyWJl4XGeQOVwWHG5ZBg1xl+v9f1/VwkHBJIKuJW3ALtZSoZ2APy7WBGATsHVyX4pzr5rNvGTJ5jbQN2XaLOCGBPC4Aypc5OFCAqSVv3jPnhmnlVs9V8sYYHPTBGG3cZxvT/V0Ku6T5hn5k3qR1DRlpFxjktjJXbk8HYp+el0F0v5HkPw8l839uz4xndv/wCKA8Ac793/AC++MT/fb+ffvncfWa8o+Hkpl/bk+Lu6QSMPh/4CyQ4fGdQ8ZkZPP8JHc9erdT6vX+yHgN/yb7Kv+vS/Nn5XnX+/VPUKKKK/XDywooooAKKKKACiiigAooooAKKKKACiiigDzj4k/wDJ3n7LH/ZSNR/9QvxPX2/XxB8Sf+TvP2WP+ykaj/6hfievt+gD5Z/4KVf8lE/Zg/7Krc/+oZ4oq9VH/gpV/wAlE/Zg/wCyq3P/AKhniir1ABRRRQAUUUUAFFFFABRRRQAUUUUAfJH7IuV+Gvic46/Ebx2gU7gpz4r1ghieMcCQZzt+Xgqyu8fqVzGZY5Rv8tJF8pnIKiIOzrFnAxhPOPI7QqmFDjf5V+yTHF/wrTxWrlIVuPiH47WaTy/mCHxXrK7j0BVTtPOdxQAMSn7n1a6kadpJnXy32yDcqhxFu3MDkjnGQpyP3m8gLueTd/l7x9rxTmP/AGEVv/Tkv6016s8Of8ST83+Ys0wmYysTDH5kz5K5aM482Tdk53FN24A5/doSxDZlRi0Ls3lR7gXdkkb93vhZHdW4+6SkO4kbh5TAhAOVkP2ic7SUZ2KK5mJ4yku7fncQGIBIJ+V4HBcqSfm/X/iR8UvD/wDwUL8GaJqmueHLT4b+KbHWbjTND0q1xdtBZ29rNHd3ly4DhzLLMfJtxHGqqjeaw8kr4OW5dPGynGE4x5YSn719VFOTUbL4rJ6aLR3aIinJ2Wyv9yX/AAPv67n0hFGLeQAyKgjkEJnkZlKgOiuX+YFSSrOe0ZAwQwQhgOIv3m2DzEEeHXyxHvRoQCSBgoygNkZXa5UYjk8xwxbNGeIwsanJKqluVCYYYwqkSu7DqABxiNBkQtapuG2IxAsAEwIzH9nyhwNwCMzO+BkGIEBW3ivPWqt3/r8tfLf1XR21/wAv8/60ElYSrKH/AHSyq6sOjRHasUi4wdgERXKhTtVXJG6Exku5jLDK8ruPMZ5JCThrd1ifOM5AYGR8bjkb0BJYOyIVEEMioHWLaIowGMag4wuWHyp8sioSON0nDFQ5Dpptgc+ZIhXDkr8pTghZUBPDAybOSpG0k7ZGURn9f1vb53/QLX9H/V9f1/Uq+J/D9j4p0m/0vU7Gxv8AT9Qjmt7yyuYVktLiJwFuopIX+Rox506GNzs8t23YBkZuM8P6T43/AGaoSvgS5k8SeCNOTyU+Ht/DEJbC0VygttEvWaI237zzitvfCeB/JtLWL+zoGHld9IBb3BQqIhGxjZFyigsSjlQcAAOfLXkKN8YzG28q1cRxnp86FSQVTCmRlRsEDAAVIx8mVEoyuBGjVJqVJ4erFTg3rGSvH17xla654NTV3aWp14LH4jCVPbYeTT+fr8+//BOv+CH7R/hb9oJL+LRtQSHxFozQLrnh64mjTV/D08yy4ju4Y5JDHvMT+XMjSRywr5kDyQMk79y0wdDLk/cadmGf4k2buDx8wOCW+7ysm0EV83fEr4OaL8T7vS724iSz8TeHjK2g+ILNY4tS8PTsscTy20rLJ5amNYWmhIkinQmKeKeH921jw3+1F4l+Cki6f8UdNbVfC1uskX/CwLSS3/0eNCVe51uxIiFm4UpG89qLi2AjuLmVNNtUKL8Lm3BDl++yl8y/59trnX+F7VL9Ir95rZRlZyP0zJ+L8PiWqWJ9yW1/svpv0v8Ad89D6LcDe4cof4ScgpwCZSeFBUPgv93PQsf9WGtkR73QvgbnWQA5Y4UqePvMGHVQ2whVTJOKnhvxRpvjLQdN1rSr+z1bSdUhtr+0vrO5F1bXtsw3RSxSDcJI3DKUYEiQ/MgGd9W0VQqCTGMhZAfuhQSZec8jO0vz944LPjbX57KMoScZqzW6/P8A4J9imt+gPmOOX5z5ihlD5AyUwGcknj5SVBBzgYZwxG15GXABKqkpjQYYCISIAnoFwP4fkYZwDk/vGSOwBc4EmJZG+fgPtCtznjavfccH5PMUDnyb4xftbaZ4E8V3nhPwhpo8f/EDTp9l5oum3kMSeGVaDzLWfVpy2bK2bepWNY3up42le3trpYps9uXZZisfV9hhIc0rN9LJd23oo+baWu5hicTSoU3VrSUUur/r7j0zxB4l03wT4duta1m/sdI0XSoku72+vZlt7Wzggjd5ZJJHwqJGEdmLABArErHgyV4D4i/aS8WfHxjY/C9v+Ee8MuFE3jTULOK+XxBBKDGsmjQecQc5by7++ia2JS2eKDU4LhZosRfhVf8AxV8U2Hij4o3Vv4l1LTbiHUtH8Ntb21xoPg+6h2sGslaFJJruHEA+2XG5xm5eGOzju5LSu9WPEHlq+3iSLeVx5bBZVd9u4EjmNyPvBstwGRZP07KuFMHgP3mJtWq+l6cfv+N9Ltcm9oy92R+dZzxlUq3o4DRfzdXbt2Xn+TVjlfh78H9G8ATatqduF1LxN4ngjfXfEt4sLax4jkXd5U93MqKCUkkKRxKPIt0ZI4UjjgiUde5M0rHJUO05yoKYDSqA2SCcna+CfmVVV9u4ESMmdXZnP7mIyKwdlG2MAbixIxwI7jHHsUyvy02S2eVZohGfNkWSHYACRK0sgKEKdo2sWPA2qVVxk/LL9HWqzqS56r12+VtNOyVkltbRJWSPhXLnlzyd7793ff11/wCGJIs+ZDKUh+Z4pSJG/dIpVI9p5Pyl5F3ck+XNkhzsNNibKLu+0OGaNCS5EkqRspYuOgc7z0PzFZSGbJ81ZW8+ZpUBbe7zII4iud/ycDk/MzRFQdxxKoYSKke9CWL5jwXVtsZjfBDbkmjQEl87g52nLKWC9RGrvnpb+tv66f8ABIu7X/4b/gGN47+IPh34UeF7nXPFviDRPDegadJF9v1PUruOzs4i8qRLveUhV3uYSuchvLOQxj8um/Dn4k6B8XfC1v4h8Ma1oXifSbxiyX+lajFf2ssp2xSKJY3ZDtdZw+WOUJ8w7iCYPiZYXd14VmuND0Twz4h1rTZFvNHt9XuvsVnA5TyPMWcW9w0JEc1woKQv8x2sTvEleEfsCXR034s/H7S/EFkujeO08cJrXiaxsGL6NZi4toxbPZ3RCPMzw26vNJJHDKJpXYwqpXPuYbLKdbLKuKi2p0+V7x2bjF3h8Ss5L32+W7UUrtM0ST5lLtp5/Ctvv2vsl1R9Lu2IG2h2iRAqq3OzJ2SI5baQCjRBi2P+WbEqCY6dIEjkbILRiRyxZh5hMbB84+UhhEAo6bcyBlXfIUOYZkD7VeIybh5YgKkTDAKtnA3yNjqu+QAgov7x1omyeDKyt/qlGF8vfiUAYP3h5jxAKM7g0bNnBYP4bbt/X9XW7/4Nyba+9/wf+B/XoRzsYEZpDmQRySlixkWQgFOMD7nloCRj5liiymCxb82tcTd8d73P7wiw1b5h855+JHxBGQfnznOCdx+VmO7jNfpFExFqMEPI8BZcKFWUrAgwcjGwl2wCMBDFuBjY4/NvxK62/wAeb9y4kZNP1kpI52BiPiN8QjklyzjIB7lh3zg1/b/0EFfjua6+zl89J/8ADI/NPGK74Lx19/3X/p6GhctlY2W0GQABU+TcDGTEMEhWUgcngKuC2cLt3U6S4S5jJZ4zHIvzs84CbSNxTbll/wBWrE9sNkdSQhtvlEaBmMamKEvEFCYUbSCI8A74wR/D9085jAe0hNy7hnVtrSLuj5Kqp42AKzY8zAHzD5OzE1/sTvv/AF/w5/B/W4NvubfaXkImXa4UblDFyrgja4GC2dpYjK44AckSUyNCcoySbZEViTglw3GW2sQqnkH5dhIGGwG7h5qK5iVgyqD5isp2PFnLNlmIffjgc5zg4akjjaRUwJH2wqkmxsNlVkUjduHzA+rtgjnb94OWl/6/r+vkaWuJGNtsYx5wWKLO0ghosIU5VWBI/dsMIoBL5XoTUpJa8YbVkk3PtPzgjBwoY9UVjGc4BVtpP8W0pF87IfvASgOvk8IzbJN2zOV5OfmBYMyngA1FA2+OMqUlUjciZRiz7Y5MYBVd5wzA/NyVbdjgp2Wob6jtnllcJ9/Y33F3y7TJKCdyqNx+UnrgluFzuJvEedrJtCFlkVmwyjy8OxLDcFA5OWyM887S8wCKRyEcoFbcyb42YL95vkQHJLuQM84BXqCIzMVH7yYq6sFaRnPl8J83RlBwyHIAGBu+UBsmuvkhre5p/Cr4ieMf2aNZ1C++GWuWfhdNbu5brVNMvNLS80TWrmQqhuLm2BhcTfOxMlvcQyT+Tb+c1ykaRj7y/Zc/4KL+EP2j9Qi8P6kqfD/4hXcjCHw7q2o28p1V0jZ57jTZQcX1vF5MrnKxXMKwqZYIEmiDfn6R5kvmpHvf7xJO0liT8pKKejRKpw2NpbdnAJo+IvC+neMtEu9J1mwtdY02cxCazv4RdRTKtwzLvjdWBxsByydVzuJG4fx99ID6GfBXiXGpmVKKwOZP/l/TirTen8aneKqaK3NeM7faa90/ffC/6Quf8JqGCxX+1YRfYk/ej/gnq10fK042Vly3bP2SbKnAEix5VVAwwEm5yDy23fnKksTmTaSBgbkViUXh1jO1VCgsoky5z8xA3ZypL8mTaSowM/m58BP+Ch3xA/Z4sDpniu11z4t+HGjSJJpby2g8R6QqoiJbxyTBINRRiIQXu7lLhdlw8k98xSKP71+Dnx78HftG+Em8Q+B9d0vxPpnnvbT/AGSX99a3JRJDZ3UbDzLe5COgltp1WSJdpdIiAtf4k+M30eeNvDHHfVeJcL+6k7Qrw96jU22npZ6/BNRkv5bWZ/oTwL4k5BxdhPrOTV1KS+KD0nD/ABRb2fR6xfRnXKxKLw6xnaqhQWUSZc5+Ygbs5Ul+TJtJUYGSPdMAsfGVUoo3MocM3zYPOQWwzMCd21mUActkOwFiBMCJX3MVHnqFDbi3I2sCFPVMBcbCAtOddrvuHmhPndpRt3hgTlww+X5QVZjwFUqoBJVfxA+8AMdg2B9hkLRAgnkE7BtJwWLBywPP8TMhAAbJCJIWCA7HHkoWzglpM8kjHOCGDc5GGEmVzxfxa+PXh34NzabY6lc/2j4n1/fHoHhm0MTa34okTYJYbWCR1MhCyRGRpD5VvEoluJYIw0ycVH8LfGH7S8In+JCf8Ir4PuFWH/hBrDULe9/4SK2l3Mo1y5MB4ysMb2NnK1s4imSa61SC4EKevhcplKmsViZKnS7veWuvJHRzfS+kE9JSjqzGVa0uWGr/AK3f9PsmaPiT9pGb4h+J9Q8LfCa3tPFut299Npmq+IVmim0HwRfByjxX5SdJpruOOOQmxtt1wpMSXD6dFcRXFWfhv+zTaaZ4v0/xp421U+PvHtijy6dreo2FvBB4WjkBimg0aBEIsYCHbc2+eeWIpHc3VykUDL6F4f8AD2m+DfDlnpWjWNjpGk6VAlrp9paQLb2thbQqscMaRKoVI4gNgUKFiO3KHG6r7sYHdyHQx/vyGBLLgFFzz1BBDEsN4537QVF1M1VOm8PgI+zg1ZvR1JJ7qUraJ3tyxtG1lJSd5OY0b+9U1f4L5fq7vroRkPFAWC+W8ajIVdvlyBwoAA6NsIAHOVIH74VKUVJCq58tjJBhUyCozlQMMGCjJCjcSSRhVDLTHjEKCM+WyxpIhwSw2ogJUk7Rt3kggbVICqSuNhdKu18SDBGRIxGWcONrE5HzfMMINuHwAEwoYeLudG/9fcN3tsRzjOwSAl8A/IFZt+c42YJkySpOAz520+FF86JRnh4h8ybc7Sdq7QDg7SGxjAwTtjJ3UgbJ3OdshZmY54jbaVds56L8ufmG3JVXP3aIlxIqYxloIxx9w+WSMDHVfvAFcDGSij5ydBPYjgLyW8YRsN5auhLYw7SkBs88nJ553ZP+uqRV81iIhyzExYHCqCAnGOiHIxj92xBZW+8YmcS2P3RkwcbckENIB33ZLEMSeQ2QMTYqWdgXmyEOZJ2ywDD5QM5ycEYBU5PAYjch+SmV/wAEaswhVZYyUXY0oIyMpkbcnPz4ckk7iDuLF1VsM5odi+XtykbPbfNzngFVPIADMR8uEU/KM7Qu8DFJFKh2fcOCCzbzHlOpUlhyCTtbbjeMHeGoywqhTBERDRtjqqkhOQN2HLMBtx2Cqy7sr0Fr0/r/AIJ5L8P5Gf8Abt+MYZizL4B8A53HLAm/8ZMc9+pPBVccfKBivV68o+Hi+X+3N8YEGcR+AfAajO3/AKCPjTjgkDH3SBgZU4AGK9Xr/ZDwG/5N9lX/AF6X5s/Kc5/36pbuFFFFfrh5gUUUUAFFFFABRRRQAUUUUAFFFFABRRRQB5x8Sf8Ak7z9lj/spGo/+oX4nr7fr4g+JP8Ayd5+yx/2UjUf/UL8T19v0AfLP/BSr/kon7MH/ZVbn/1DPFFXqo/8FKv+Sifswf8AZVbn/wBQzxRV6gAooooAKKKKACiiigAooooAKKKKAPkr9kF3g+G/idxI8S/8LG8dMzBeUCeLdXlD9h8vlk9CW2sAxwfI9QlYwDdyhtpJm2l9zABX+QdyRkBs9Pm3blUeV5b+yMgX4Z+KXKmFP+FieO98qJtdceLdWKyrg5LAB2D9f9GK/Kqszeq7SJjGw8ltyoUEYKxIXkEihOQVSSSVOh+XemHzmv8ALzj7XifM4/8AT+t/6cl/Wvr6+FV0qv1f59P6+4JlktrgLhzJHJ9njKyOj71knYDP3gPmXGMliwAG/hPnX4u/Dz4v+KP2rvBnjDQPD/wxn8P+CI9Ut7H7d4zvLS81FLs2iC4ZE0mWODykiACxvINsZ2yLgbvoYStb27zxfu/KjL7jlx+7DuQ3OWALGPIJJWKfnAYPK0JtLkwK08fkMUX73nQ+XhI/lU84yiHbw7xADAbzD4WX5g8HV9rGCk3GUdb/AG04y0jJauLa1foloyYWUr7q7/FfLdaf5dI0bYQyfuyC0QZeJFVRGQoGMll8kBVPKlkwcyRlEdo4ouh8vacrE/yLyiyqpA25G9kQZx8+QATGJHQx+f5caCNkkRFCI3EaMGBC7Tg4lDxhh/z0QDeHjCoZRcx73aQR3KyMfm274nj3s2D2xuBHRVl3LuOCPPXw27f1/wAP+T6StXf+v679ugt0JYRMWyZY1lbzIvRARkN1x5tvFIpxkbnZsqGLPLJFOFDLHHFIHwrbVjUTqyup6qoLgKTwoJOMyNuRMNOkkmyXzJIyxjb/AFjM22QjPBJBkGDw5ikZshirQuzG0IY+Y4hVXyzfO7bnZmyw2g/6Rkkj5HlJZRgIL4ddNv6/r7g2fl/X9fnsx8OY40H7yLClWAlVGTHlmQAHADJHEAN3ygRITtZHFKpJAI2dgGReM5JQgueqrHJ8xIAVWDFHd9skw3Xcm4yMrMwMskZLSb5A8ZPHyko0DkBGCkr8vWOoWH2uF94CmSNGJG3EKyKmQOQflRTIAx+/FndmMvKR/H+u+/fy/J6df62HRsu4KXVfMlCbXjIUbQQ67MqcH97gYDfvH34LboxVHkKs4YW6lVkBUHCNGm/c3cqW4OOSAFVtyJG6e42StI+Y13lsMdgxl/kJwCpDwnB5PyyMwOSHjmAsUlyqpJbxSA7Ts2/Lu3AkkBd2VA/hlTJx+83rdf1+ffb07bhd7/8AD+V+hwo+GWvfDjxJd+IPh74gu9Kvby4a81Pw3d3xl8Na7PLtml8yJ0mOnea8k8rT6cqeZcTvc3EV8sQt5Ot0f/gob4E0m2isviFdp8OPG5UltAv2nkbWLgrkR6LMIh/bLSBolRbFZblRPbxvbW88pt05S48a+Jvi94i1bw18MtIt9Qn0+eWw1TxJrdrdW2gaXLuktZUtmCY1S6haPLWlvIkcUtpcRz3dk4RZe80D9iLwpd6Jq8vjVbvx94n8UWot9T1i6nuYFjAliuQukRiaQaXGksFtIhtGW4JtLSaSe4u7b7QfL4jlknu/26pOrp/Dsq1tNZ3vHl5duf8AefAov2d2v0ThVZtye6/3Vnbmv+HW33K1zi/E/jvxx+1Cnl2U+tfDP4dzsslrLp832LxR4ot8KGSZZoAdHt/Jk82NIW+2hZ4JjPp81vPA+54J8DaV4C8MW+maTaww2Fpuk2TPJcvcPNcCdpppX3TTvM0zTTSTM0sxaUyF5MuuN4k+GHj39nKSS5s5f+FnfDexKyPblbh/F+iWIdSBG378a4NzhlyYLwRWigHUrtjv2PAvjvTfiF4Us9d0u6hns3eVC1xBJbyW9xG8kUqTROiy28kUizRSxSIskTxeW6I6Bm9XDfVPqkf7Lt9Wuvhvfms/4l/e59/i039m/Z2Pm+IP7R+sf8KF9Xp/L5cvT9e5qy5eJkm3J50OwlyCzNuYjc+4jLyO7d9rZboqEvmnDO0soaRAXkdTDvLR/eYc8nMisVBOfly/yzMwagNsBGv7t4mVApyjkRPEzBhwQ29ASobOZSwbGGlcQu8B/MELuqjggtgkSHpkArFwFHzYbYMZRxp6u22v9eZ8/qt/6+/+tHuADxOhLO09uEEkgO4sxErj5sk/fgUhjgFirY2snlokMUmyFxEsTSG28sE4wFG5FUDJ6sF43KSh2l3QKnmbPKnk2ERASyfUtOJG3J90qYnyVLHYkbAEwgsMGtkl2f8ALuske6NdpH3mQ4UfLuc7gFyMYKn9whZ97f8AD/P/ACtfYFdu/Xr/AJ/8MJFM10sc0wWVpAJ3CKCrOySvNyB3yyHAx93CyFSachERjziYIVG3AVsKfnA3E9YnG5WJH7zBO2PayuglnfP+rZ0VijqCU8rKkbOFJUKNw+Vc/LuTYC62maCeOchVMUiTuUTZtCujMqgfwmXzmAx8qksQwIov2/4Hl6Cd9V3/AK/4dde5ynxV+Deh/GPQ7C08QLqE/wDYt2t5Y3mn63f6Re2d0vmRtJHc2ssc8LkSum7fyLk7gRIBUXwa+BXhj4FaXc2PhTTZLX7dem5urm6vZdQ1DULrYjRPc3dw8lxLKFCxr5kkmxEZVKpGN/VWo+wwW2MAwxK3ALHCBGyqjjcpEbLt5KSA5B3M7kh3RrF/rFjCwrt53I6GEKG7llYsrDClRhQQsQXp+u4n6v8AVPaS9nro2+W/+Ha99vN33Kbaba2/4b/L0Wl9hIyBbqYgj70URDB/f/uzsAIyQw3OmOTzGqljGDTgFMinBljBTZzkSA+YhUE4OX2MOSRt3jGUjUNlBuUm2L5rzqyo2AMs0ZCgLztaRUkIVVK4lHBDJUpm33azwMjbxIIXZm/eHzFZTkEtzvJAyWJWUD95mRuR7Wf3f1/W4rL5f1v+W6+4iaTKvmWViyyTSyuxVywiDnGCMjG1jtyWZME/JG1fmr4rkNv8cdUORABpetfIzBMEfEf4gsOPlzjHTKjG7PA4/StNiQNtDLDGA4JbkrvaRd20HbmBVYhVwAm4DBkQ/mnrbeX8cr1TKwzpmqqSAFVv+Ll+PRyQ2B14Ac554fFf2/8AQQV+O5/9e2l/4DLX/PtprY/N/F+/+peOf/Xr/wBPQ/r+tNO/i8kTBg2zayqzfMWBCqEywfqxHGASy/dbLGia3JWdREy72+6zEhtwZdx+U55x8rZCqikgYIpMKJ8PtilckSMx8tnLMqthiS2PmTbt6eWqlgQAoYpCiEQjeDnBiA2uUZyMYxjcEOd/3gRu+UA/7GXu0rn8GrYUO7RAxeY/mAkY3sCMsyEHdtOduCMgH5QdoIUueDzp9g81sBUjLx5KfNydzIenllgSTuJGeCpLJECu4YlTtZnaXam3aYx5nHykgDIO04OBlcAFHwil1i2IgDbTGI0jVHjKDLJwANxPOVJYDcQMKK2a/r+v60BK+weU08aARKrGPESbPliBQMuCY+MMnf1yRllWi5cTSvk581SFWZQPNUgYUj5M5aYLg5H0bmh7SOMonloIS3l8oFDrvhTBGFGMfKBu+ZQOH4p1u3nHcDvMqr5hQ4Em/am9dhJxhGYE5OD94c4Fpb+v6v8AL/Jq1robJHFcXDgJG6SSMoKonLcEqN2M/fkyBuPLfMCMUsc3mzAGcJHNuKkSsww3l/cbKk53kKQDjcuCOELYpftexwfNZo/mWOVTK4CtjJUqMkSIepXc/GMh6dNIyKQ8ksbIjhmLbF773OXyUwwYFTlRkZBO2iOjSe4dbCLJ9pRy6K77FL7Yy3HBdcEMVyvl/u8DPHJzuDWKxRvuaFo1Lh8cRysMFlALKvIZx/EPlBZsrxO+ZmKbXbBVZEJYlN5UlGGGU8bun3VIxgENTYDJL5MoYK0kabX2+bv6hSxQAdZEJGSvXAAXcRaR1/4b+vu66iT0uRySpFJnzYF8tjuIKIBllZ8DIO3KSE7m/wCWbZDDgS6Hq+u+CfFH9v8AhPxT4h8G+I0iEZv9HuV/0pY5JAVntZRNbXix+dKYkuYJfIad2j8uRtyRPOx09m3OgCCNgHb5V8nd8xJyD83VjGxwuTwN3PeN/iIula1NoWnWkmseJb6LMVnBC3kQq/3ZLyYB47eIruw8q5cW0wiSZgIW8PiLKMpzbLqmW57QhWw9VJShUipxl2Ti003fZavsr2PYyPHZjgsbDFZVUlTqw1UovlaXVtqyUf5m9LXvpc+5v2f/APgrBoD6f/Zvxk/sX4datEUW117zJv8AhHNU2bi00tzLGE052cnEF5MUzNbrFd3MrSGL1c/GnxH+0fOLX4WZ0vwfNKYrz4h6lDLBmLAZZ9CguIDHqbGDlb6Rlsds8Mkf9qLFPbj8sdM+Ht54k1KHXPGN1DfXtlcC5tdPsWkg0/TsATgSqzYupkZIgJrhIwpt4pI4oJAWk9m/Z8/al+IX7Hsaab4SfSfEnhWNldfDHiO/uoobUpEI449OvMyvp9upkXNskNxb7bdY4ktmlmkf/K3xv/Z6qiq/EPhjT5pbxwlaastrunKWkn1VOtNx35nK6gv7d8PPpRYao6eV8XTtPrXhH3G+0ktV0TnGNm29Ipc7/R74M/AfR/g411cW1xrWta/rktp/a2s63fSX2pX7RiRlQsw2QQK8k00dpbRxWsBuZTFbW+9mrsPIL2uBzuXyAxBCsWkzySOM4IYNzkYYSErnzX9mz9rjwd+1N4f1C68KXOp2upaHHFHquj6pavaano8sshZVkRhiRWZZEW4gaW3meCYRy3Xltt9OaEJcYXYuzzRHhgMLyiKpyOQxIADZG77yA7D/AJR8R5fm2AzKrhM8pzpYmDtOFSLjOLSVk4uzWlrLa1raWP7DwOKw2IoRxODmp05axcWnF+aa0d/UGbzH3qfvySsOcMCwKJnkFWJBUZIPGNyf6umhlALLhAAHTyxgD5SFIwP72EVguXXI2MBmnKCB8xdY4PKVjkqIFKDceg2HGOQAQCflQEuWu7xJl1IkUNKy8rhncoQAPu5HQr82c7TLls+J5HX5f13CRVQEDCriX5egRVUMF64+Rj1DYU9HT7hc6+W7rIPZsjOAwKyHGOdz9Btw7DhOr0Ntt2GPmETAknaoYQk5H90AAjn7gYHiNjmm/ZS8Tx8krAQcxvk7mL9MFvmA5yDzw3mngAf1/wAEcGydznbIWZmOeI22lXbOei/Ln5htyVVz92iJcSKmMZaCMcfcPlkjAx1X7wBXAxkoo+cjtvZpAeD5k5IP3A0WVJOfYgMGxwQHUfJQq7RhR848rGRxGVQMBtxluNx2AKQdpCrnfQLp8v1Go7MqZwdxEnyPg7pCc7Tnau4YCsM87137m3FyyB2LO+3LGVn5XjIR2BzuU44ORmPDLuUFTTWVDEcqfKaBsAyDJUt5hO7BU/KRkn5SSAzPnIc26QyA8ktuZfmG5iu/p97JCggcyRkDGVxQP+v6/r7xrxySRvGyhZJEJYMAuGeUAj0AOOnIPP8AruadJIGkkcPxumkDHK5zHg9SCCnCkkjGQA68pQih5gMpJuZgASB5obkHAByJOd2AVO0v8rKRRB+9WNv3zrtV2ZPmkIIIJAHIOFI3ksSqgKzMxNAun9dTyH4ecft2fGNemzwB4AXb/d/03xjxjjH02r/u9z6zXk3w6bf+3T8YeYc/8IB4BBWI5RP9O8Zfd5OAeo6cMOM5r1mv9kPAb/k32Vf9el+bPyvOv9+qeoUUUV+uHlhRRRQAUUUUAFFFFABRRRQAUUUUAFFFFAHnHxJ/5O8/ZY/7KRqP/qF+J6+36+IPiT/yd5+yx/2UjUf/AFC/E9fb9AHyz/wUq/5KJ+zB/wBlVuf/AFDPFFXqo/8ABSr/AJKJ+zB/2VW5/wDUM8UVeoAKKKKACiiigAooooAKKKKACiiigD5J/Y+TPw98U5XGPiJ43Kk/MTu8YasrEDB+UjCn5Wynn8nAQ+nw3Cwx+YWATyVaQjo4Adwck4G3Plj73IYEoBtry79kUxQ/DTxS7INv/CyPHDzFTs3Ivi3WA2SDjOGHJKtheqhU8z1Zw0b+TcSssvmkM3zYDJJLyCvbcshCrtYCKRVwSjH/AC98QL/6zZkv+oit/wCnJdP6XzPCqu0pPzf59BhU2qlGMSmGMKpcgKu0xxlmDYAVgqqcgYCzxsFVNyKpEAbYY1SPYSxUyZjG7AZG+Y/u3Y4J5RGDMpWUUiyGWBJC3+vAMmcIoCrJKd23jG6NwcHgLIqYDlIm3MhWFncybhG9xyfnBAmZmBXHzIwgZdpXPJ+Rd3l/I9LLVL+v69SJb/13+d7f8HzJI1aFcBF+XbGEdzIjbHD/AHsENjbDyVw2Mr8uVVkDmFVeEn92FeORwW+U4zkkjp5bPjOEaKTo4BEk8Yiv5Y2URsJRG6MTEFAwAuRgBd6hA4+4jhck+XiNnaaIndLOSrc7Msz7IlI244YlliCgY2yKMKCpDWnp/X/Df5qyG7vXb+v6+/zHbfKI2Ar8+IhIMuHUSKVwQB91QirgK7RqT/q2Utk2iCZM7hKC391cCKJsgnnG0M3PzAxoXwwDq64kEIkY/MLeF2aM/ORgyDGQCeUikxg8qsWflXKpPbFo7iPzE3OiwO64XgxTZYYIAGxMckLlRhhDtFStFzN+X9f1rqF9br+tv+B+QXRZJJG5EiRTIpVirF0KO2eMg5Vum4xsVzhyrAuiPJk8v7PsXzZFOFEULrcFgMcgAN5KYyRhJcfK4kqr4o8R6f4Z0PUtW1W7tNJ0mxhuLy9nupfJtbCBEeeR5CzLtWEQSBsldihHADBMcn4VuPG/7Ttysngdh4N8GkxzReNr+0tr0+IYTIUEmiQCYqoZzLLHf3kTQER2zW9rf2829LlyUqPt8RJQpq15SbtfotLuT3fLFOVk2lZNnVgMvr4qoqWGjd9f6/K9tdzS+I3xXs/h1e2llBYa94l8RaxPL/Zmg6RYPd6jqrRtHE7MoG23gDyqst1cvDBDJPEZpozJC5d4W/Za1n432X2/4rSLH4cniS5sPA9lJJBsUsYlTW7mG4ePU2eEuHtEH2DN1cxMmpqsM6en/BP9nTwr8ArC9fRrQXOt6ykR13xHfqjax4jeHcEmvbhERn8suwRAqpZgiOGOKBUjXvfNaKXeOGXn5mC4KtlwSuAB0Z2HAbjL/dHwua8bSgnQyi8V/wA/HpNrtHV8i8179vtJScD9MyXhChhbVcT78+32V/nbu/8AIpaF4W0/wVolnomkadZ6TpWkwiwsNOsoFggtLeNAttDDEmAsaBfkVcBAhw0YUpV2IDz8go/7yF2KEMHwjO2MD5j1bAHJOQik+YSAG2dUiLriRVVclQ2QGXcAAckDngbAFG3ZkmNWRbaPI3QrHu5H3oQ3K9duCSoO0hMKCTsKrX57KUpNuTu3+ut/U+xSsuUJICsEkf3nVXgxg5chw7cYJ5U5wckgEkTDBryn4w/seeG/iB4x1Dxf4eVfB3xIuS8n/CRafFIBqkkSrCiapaxSImq26wBoQlwWeNJpVt5bOUrIvrW3HyyDcfM2yqBnf/FIAuAeRtJAK79pYIRwzQd4O4CXeBnJVtxdSpbJ+Ulh9xiNpA2YTnPbl2Z4vAVvb4Oo4S626p20ktpRdtYyTi9mnsY4jDU8RTdKuuaL/X+vkfL0PxM8QfDTxTZeH/iRoWqaXdXV5BYWPinTbX7T4d8QySSAgpKrzHT5pnuEjW21Fo9894La2mvVVpLjt4T5EPyeXIVRFIjJAbEbscM2ePL8sRls7gYiThZVPrviTQNO8Z+Hb3StZsNO1jStUtpbPULO9txc299bvH5TQyxyh8pIDJGyMCTvkXa2S9eA+KP2XPE3wIimvvhZfJqfhWzjeX/hXOoxW6QQxxMHNtpF4DCLPDM7iG6Nxbbo4LWKXTYI1dP03KuK8Hj7U8XajV07+zk/XXkf+L93q25U4pRPzrOeDJwvVwXvR/l6/Lva22/qdIybCQd7tEydFWHLKVUNkngYKA5PHmOFbaJcr5W6TbnK7mUmQYjbfnBK4+XCK+Rjau2NflfdjlPhz8XNE+Jd5qGkwGXTfEugzJaa94dvZI49Y8OTvHKIku4lZ9rMpnaKZC0M6Ymt2nhVAeqjUuBIfJbIUuyo2wB5kD4C8bcq+1R0xKw2lDu+lrUalKpaomnuvRq9/RqzTW6s0fC8soztLRrf8vv06P7rCCYsEkZpVYhbjltzBis02dwHynGQpzt4cn/WSUC2RfklRNmPIPlBlAPmlXXGNwA5xkcbFk4O1Sgm2RbxmdoleTG7hpPkZM4AyrIVwB8vzvjHMqukRbeMqXHk26SIJQTtKKqxl2ODlSriQADayJEnzb0VMrXdl0/H+vw+4zV/h/r+v66CeY0pUzsqzlszFiFbMjRvuO3JVTIWbrhd74B8xEZXR5pcMjLIUkfbt3eSxDIAq91DPtK/NuZBGeCpkXzPLcllkbazmSPdmSUhWkfgD/WceW390pu5yzIyONUi2kpL5Aj3yDkSEblBBOSRgqyvz8kjNj5SgPs3t0+X9L/Ltq0k1f8Ar+vu87IkhcyXSPHJseaVZY3OTj5k2u24jdgRROeQWJjYgBsrEsbPbfuh5LtbRBX3BTEpjTZyMH5PLWRCSMruYkGJgrx87Ybax/dL+9AcBeCU29Wy0TMFJ+YNyQWkBakiKhfOFYJK7Syhwyq53M/YnzEjJbA3BMkhjIKNUrrf/Pb5f1oHW73/AK+/7/QfMBPPL5cI2liywhAjBfNfMZQhflVvLGAQSVfGGU+T+aniKRm+OuoukoYvpms7fmA8xh8SPiA4IACbj8nQbAQTkDt+k80SwxFJgsUccbrIplbEUWHXd06jy8dCVMSAKxRUH5s+IAZfjlfq+U36fq6sQ+AM/Ej4gqRkP3zgYZuSDzjNf2/9A/8A5Lyo1/I/T4ZfP/Pofm3jDpwXjr7/ALrX/uNT+/8Aq2li6GSGYrFsSNx8gQhQ4/cABSCgyR8oIzglfmHC0Sj9wsu23MYRWSX5RGTjzWbO1tqkhckn1I5wSqStcowWRo5JSMrvdiAyg9PvcPLnP7sgFegUUMPPnkOxd7BpAdjLIyjbgLuZSpCsy8cA8kqTtr/Yp9v6/r+rH8H+oRwBTLGoMWGAGzKFAZCASAOcIq43JjAI3EFiGrJ56qTsYyqZEHmbnwcsAPn+ViplXKnB2E5A+WnGYM5zJEBGWciUHEY4k3FS4I27kHIBUpxtB4TzCyFN0sQ2gDzHYNExRkXd+8BxlWHHUsCDkFgN2f8AX9f16B5j1dZbsuGRfNfO9MFypwuV+T5h/qyTyAcgnaoFMUiKANMpRH2yMCh4Od5wNuCS77cFVc8nJIyJZEe5nOYpZonG4xZOGXEi4w20DIAypJAJ6D7whEivIrGRPNZhvc7Y3fcYv4eGAwVGCQcKoIbjCa0UX/XzErXt6f1/X+Y6WRon2yEfu1JVHbfkgxEBSxXc27oTn5j1H3QRIqShUA2MyMpgOV2NIcEhSuRtUKDt49WGcOhl8t0f59jsCHyNsgJZFO7dy2Cn3ichRgbh8rIiCqgnh9pbyZQAyupGRhl5Z2Y52jO3pkJivJen9XDpYIWE0aH5pNwUgMTNt3YKOQHOQMYyOrEsCASaz/E3iTT/AAz4fuNQv59kHlgM5jWWWdpVVI41SNHLmV8KqqCzuVRFfcinndW+K7+IdTudJ8Ji01q9t55bS/1VrhX0rRbiMtuS4BcO8qkSP9ngJceXAJHgjlSRbnhX4XxWniG11nXbp/E/iayINve3dvGBpIkRxLDaoqt9nQru5LvO4MSSzSBIzXn/AFuVRuOGV/7z+FfP7T8lp0biz01go0V7TGPl68v236/yJ95a2akoyRmSX2v/ABWlJ23nhbwwgkaXz08nWtSiYby8RE+bGMxtGpaRftIE8ihLRlSQ9P4S8D6V8ObX7Fo+nwWnmzfapzEn7+9uQmJbiR3DNLK+I1eaR2ZiTubcfm0IJBHbiIsq4XaEEpiKny0A5BBUAnGAgOWQ7QRmnyy+RM/3ZPLxI6thNxTADvlAAMq3OekKlQea1o4NRn7SfvT7vv5dvRWT6u92Z4jG1KkfYU1y0/5Vt6v+Z7u7fWystFH5e21FuuPMQfIuQpB8lkAUcHqpxt8sFeQeu6SecfaJXjdQsoZlKvjzeIwNp3LknOA3zYJPzAfKRgbdRFvLsCzhAoO91KOGwI+cnLEjozEDJ6LtZJtg84qOfLWdi5Cx4yCxXs0fOSA2OhBeurb3jhv1Zn654Xtb7XrHUR9s03V9IkmGnarpt3Npuo6YZjGkn2a8gMU8JlTKv5cql1Z0YSDco+pf2d/+CqepeAbZdK+MNpea7pw8oQeLPDmiGZ47VEeMDUdPt2kmeWUqpEthA0LtNJm1skhMr/M6yKJExIisrAEDbEQWMJOFyGAJY53NnPUPwKPPSSPPmoRtyzecu1MEOZdpLbQoOVwT1UHG0EfhXjT9HTgrxQwP1fiPDWrxVoV6do1oekrPmjp8M1KPo3c/TvDvxb4i4Oqr+zKvNRb96lO7pvztdOL84tO9ubmSsfrv4W8Saf4x8P6VrOl3tjrGmanbQX9ne2VxHNb3yShZI5opFzGyTIQylS0bNjDAgM1+FDFIi73RgqR7wpVgXk3A4bBGQOc9T8p808D8jPhD8SfGn7NPiDULv4ZeILPws+rXzX2oaRc6XFeaNrN47Sxm7uLYNDN54UkmW3mgeXy4hM1zHEkS/eX7Kf8AwUP8G/tHajbeH763/wCEC8eXWfsfhzUdQt5G1ki2LSzaXKjj7bAmyTosVxDFGJJorZJYlb/Eb6QP0OeNfDCU8wcfrmWrVYinF+6tP40NXT1dk7yg/wCe/ur/AEO8NPHHh7jGKw9GfscV1ozer6+49FNbvTVL4ktL++iUCAFRt2qX2DGE+crGo4J+VskBh1yAmRtR0qqfMD4cZbO45BMUZUk5PIJIBy3T5Wf+CgsphUcOgReMfIVAUYGBnY7DA2gbiq4Rhuy55Ck7MX3MskjlzgZMaYDHBA9mOQD0LL/q6/kk/ZgZTG4Mhdc7JCSSHYMMOw4BLZIUYG4ZChUBDFro0auBjzIyUVVTGWQgrhcdApJVccYLBZODTlUwMTl4tjGNzGTxyD6ZLBiNu7JkLv8ALtbIaiqFQNhBkK4BwqKpJfBz0Q4PX92xIVm+6V5h5/1/XVhKqssmzAQI3zL/AHQTIkhOedxz8xb1IZGJBc6/aHcMMBvlZQOQHBlYAY5YY6bcsMB0xhqb5mFzuGQXkByyhixIOB1Gc7cKN6Oed28kkg2ArkFYxLGMhdu1FAPHC7SMKy5CcA5RvloAcW3nLHEcymRyxzHJuVCWIyMquOSXK7TsBO7CtMaTgCfO1wTMGI3DKjeT0x8p5Zgu1GVVUFqduMc+VDswkwoIJYnZmPOSpLY4bJB28MCvzgh2pMnl8oGR027RuC/IpH3Rhx8o6EkY+ePobBsjyP4fTPN+3T8YTIR5n/CA+At6jOUJ1DxmT1JIznIBwQCBgYr1evJvhz/yfL8YPbwB4CXI4XjUPGYwB2xjBGF5B+UZr1mv9kPAb/k32Vf9el+bPyrOv9+q+oUUUV+uHlhRRRQAUUUUAFFFFABRRRQAUUUUAFFFFAHnHxJ/5O8/ZY/7KRqP/qF+J6+36+IPiT/yd5+yx/2UjUf/AFC/E9fb9AHyz/wUq/5KJ+zB/wBlVuf/AFDPFFXqo/8ABSr/AJKJ+zB/2VW5/wDUM8UVeoAKKKKACiiigAooooAKKKKACiiigD5J/ZCid/hv4pC/vXb4hePdkY3EHPivWAM4/iGG+X0kTbhn3L6i1wYwZIZOdrzowk2q74CoxGcgMTHk55cgHjYYvLf2Qz/xbXxTuziP4leNZM5ZCg/4S3Wtpz1wXCruQjBY7cvkD1Nna3LPt3CMt92MLkqokwDwPlDOgJwNsYC4CFj/AJe8fWXFGZX/AOf9b7vay/r9bbeFW0m/V/n/AF+HyScJblwpDJEq4M2VwikGMsw6BeQzDoHdBsBjCyRP5N2GO6QxsBKCh/hlKldozhv9WOc4ZWGPL3BkhURPGi5ZoZUULGd5ZCxjjJz97Ozd8+0Ey7WAAQFkSfuIgWVv3KbW3tlwjhnbkjJIAxkjKzB8qjOq/IXvv/XqTt6fp/w+3fqJYxFYbe3342rDbnO5iSEhYnapycrFgAHLhJgrcRinQs10YSQ7vIVIDSIXbzPJUR9AN210A6K4TJKgBUSUExy7vk/dlWKhjtAk5dRxk8sQpAJ+YEBA6tgfEn4u+HPhDp8WpeItWtdHivr77HZxb2mudSu5SXjs7OFB5t3cyRxr5McKvLK0SeWrEqyaUac6suSlG8n0Svr5d+wrO/JHv/l0/RG8h3RjePM3DztmD+95CSj7oPzRrljgHbJ0VQ+zh9f+MTat43uvBngrSV+Inji0ZV1jTbXULe3g8OC4izHPq8zPttY5ZZomVVSW6dEne3trlYpALng74S+NP2lbaK51eTWPhn4AuYvtNrZWFw9r4p8QxFn3xXYa23aRAQCPLt2F/iW3YyabPFLbS+9fDT4b6H8J/A+n+G9AsUsdJsVVIkMjTNK07PNLLNI7M80ksztJLK7s87szPLLI7Z8PNuJcFlt6SSq1lpyp+5H/ABSi1zNfywfX3ppxcH9rk3B9WulVxd4R3t1a/Tz6vseV/DX9khdX16y8X/FK7svGXiW0uINS0zSZ4Irnw74Mu45FdZ7BJIUmmuYiFVr65DTb2meAWC3M8A9tnT/R5MI6hY2jKt8xVjKCVPHLEEZ4O7I4m7SRKZ34Ls7YYEE7mJG1znGQd2ELYygONqD5jGzjyeT8ixv/AAAYThGwp4A4ACH5Uxuk5wK/MM0zjF5jX9tipXfRbRj5RS0Xnbd3bu22/wBLweDo4WCpUI2S/r+vwJLlseeSfk8yZm5642gHrztbbzn5cffjxspWcrcNvYHLrvcMP4UKysGAXGM4LDbjj5jxGCRWMjdfll8rd97lfuZ3nlsFdu7C7iW+bK5T5nb0Zf8AeyGaL8HLKi/9dCT/AAKefK6HQtv6/rcIF+eHjB8yBSmOV2g8Yx7bsY4BB2RnL022zKkTFyDII/nBBYOXKq/J/uggMTg8DMuRTvliIbpGFhlTdtwUVTgkrldoYjJAIXOQq8OeA+Kf7TfgT4LeP/CHhLxLrYsPEXjq5Nho2niznupLyXdGhDiJWEMZmliDPM6I5mjHmnO2urC4PEYqp7HCwc5WvaKcnaKu9F0SV32Suwcknq97L/gebvbQ7tsPbg/JCGjC4GcRASk59cJwPVcjiHk1JK5SGaTY48tpZCuSpiJx8u4fKrepwPlkLBjhmYClpFGXLswBySG3tHnrjO48gtgMigYRQd1NQGcxsAWZgZl2oM5LDJUdD82MAEoOHZmJBrmH6j9rBvLGXaMP5Yj6Dgx/KoOBzgAKQUAJZwWIKQAF4cFCGkgVQCPmCg8gY5XIJBC44JCrjzKaD5oPAkEgB4KkMCpjBBfg8EqGbmQ+iCnR7mIx83msqg/NzIqsFIznnI53BmQpyCAGU6C6M4P4zfs8+GPjlY6bPq1pFD4j0GGSXQfEVpDH/a3hqeVkczWk7pJt83YiPHiSK4UGKeO6iLofFfEV34y/Zlklj8c6cPEfgHTCU/4T+yuYvOsbaFkAutas8RfZ9m9Fe6svPhwt1NMumQErF9SJMFVGUkIpEydW2gkqp65J3E5wcy5JDEfJQD5IOQPlAHBXC+UpBweF4J3AkbARgqjcn6rJOK8VgIqhUXtKP8sul3q4S3i9W/tQvrKEmjxs2yDC5gr1FaX8y3/pfh3TPDPD+vWfjLw5Yanp13Bqel6pAs9rdWUwltrqCa3V/MimXKmN1a0ZWXKlXOBIu5TdMgmm3s7YMkkodYwPK3hTvIY885YpzzGsbFsE1W+Iv7IMmka7f+KPhrq114c8RXdzcajdaBc3UkvhnxFcum9xPbyJM9hJN5tzI8tiI2e4uPPuYNQ8so/GeHfjnbQeNbbwd4tt28E/ECcSm30e9kf7JrDQxs7vpN5LHHFqdulusc5eAGSNXjF5FbuzoP03L8Xh8yp+0y581ldwek4pfE2lvH++m1tzcjfKflmbZBisA71FzQ6SW1vPs9OvXud7Aw8xWKTYiEXyK/mOFwz/ACkj58h8jcNrEZ+4sm1kbG3t7UuRI0SLKpDEowMaljk8feKYUt84KZ4ZQXNDjaqqz7GVYQVO8iQYGc5DEB485wp8xlbIKB43KyxT+WVfzRJudQykFoSA53ZLAhSVLZO24Y/O241pePxR/r+u54i+L8X/AF/n8iQGS0YAYaTJA5f986AhVOACS5iUk4y7TKoAZFaNHxEudxeKGMFnJG4FQjI4K4/hDsCpK7RJg7UEpkIVb/dICsZuQ7MiMzBdriRuSTkrvyMkk8HzG5MNvbtcKiSD980SNIp4O8tFHJgrk/N82cAklVA5cRq0tEl/X9bXv95C0X9fL5L8/wAFmSTZKd6JOYwHbCbQ4S4YccqFLNg7vlEavg+U3H5r+JoA3x61PZ527+zdZiVyjb1DfEn4gD5tx80DO3PO4EAk8Zr9JxMZ0MyZkcqZY0YkB2kQyLnB+TlXHoAyFSNwkX81vEIWP463yCTzANO1gLMIFQnPxI+IKblBwqN82QMeoCnt/b/0EP8AkvZr/p2//SZLz8ttD848Yf8AkjMd/wBwv/T0DQupDslDhghRiUZhvVSuWBDtsOG2Ddyo3FcALmnXIEV03mlIVd95ckbVwCQeQFyBChydxGSMBVzTbcKSGTyirFTst3YoM+V3QAYAJwCMsrDkLnCRkxzJs4ZuM+Wcvncd7KAhILSIW6gFjwpw1f7FLT7vz/rzP4O6A/McaNtjQfJ5QI/0bIVQAQBtbYW6NkbyAHAFK87NI5DsCSSFaYMYnZ1ADYYfxgjbls7SobBCkz5zwGMlt6p5XmSDkMASu8cn7h+6zfeyQVxT4nLpEyGVsFDuWRyHXeQpGNwbIZiT1+6TjKlV8Ks/6/r/AD3Db1GRqjy5WIErllBEbs2wxkgktkuCqjOcAqM52jLY5vstuRFIoW3UsFc+WyhYlGdu4AAcZUhBkg8FctX1XWbfQvDzX17dxWNha24uLi7uZkEEKqIyZi7sUUKOcl8AjOHxk8i3jbU/iqptvB8MlroBLW51+WIxFUKAB9NieLbcbkB2XDOLcefC6tc7ZIVwr4qFP3ZavpHr9366JbyZ2YbBVa0XNaQW8npFer6vyV5Pom9DgP2mtYufDnxz8PPdWXjbVdEv9ImsrTTfDfiNtPvbu8SdMSC3S7tp7gRoWLkb1jRg7FQGaui+FGmv8dfA2n3tzNeWfgedfJg0E3E11PqUIYqV1SW4jMrSiUbZLeN9nySLNNcxSBVvt8IvEvhvX7y68MeMbe3vNUt4ob2fXtMfV7u4mV7j99G4ubfy0/eM4t1T7Mh5hjTc+7pfhb8MdP8AhP8ADzTPD+jfabi0sIWZLi7kE088s8plaZ3WMqXM21yV4G4tjATPztHLq9THzrVotQn8Xw9FBJXT5nFpNyjL3b918X1eOzfCwyylh8PNOrDlSa59F7zlJxl7sZpuKjKF3o37rsjb0TS4tC0azs7S3WztLeKK3gghjeKKGARxqEQJgJtBGBtTARsBQWYWVWQtErRliFG8MrHa29Cx5YqeMY5+XYcbhuAjIRv30WxIyXdZwi8KXHz8qBwHfB3cjLYfNKLdCqIICq/KTGYRjJ2gg4Qj5UZUGDyMjIwSv1KSSS2XTy+X4f8ADHxMm5Pmk9f6/r8wtJPIaKNWZdjIVjcbWHRSNu8DpHIeBt6EZKsSWg3BBDl0IJRRKSAxVXw7LnqVYkkNncefm2sRiQ20nlkgt0Cuf3bb2I5UFeGI3ccAMWLAigMs5xuBRxkF23xkO7iMlfM5U4xjHzEgDGAFb+LXp/X/AA3+Qn1DzfJ8yTzZgG6u0bKzZWJd2NuC/YKQxJwARytI0RiWePyljJhf90gypwkIwBt+bkYztf0yM7aUkeYjBWjUvkAoUChnjxyVXlhgkbvvbhh+lOjXzEjIXcsrrISBvWY+Yvznh8DG3b83QnpjNHT1BaW/r+v66Ct5izeWSw3sUA3MCdzn7p34PydMEFRyBztVk0n2qFH8wlHLeW/ZSWZFIOFPIfswJ2ALnJNJAo86MfOvmbVYoCkkg5y5ACnrKpJ+YBmPAwWKTNl8zFEDLtkMq/KMLMSD9zcowe54XOAfnJazX9f1+AW1/r+v68yQzPnPO9N8gVZWYMVI3qCrbjiQkZ2dAy7RuXOb4l8N6V4w0y60zV7HTta065IE1pfQRXEF2UNvgMjbUZt4GCQQrBeVwFGmv76Vo3LR+Y+11kYPn5N5jI3Hk73zgfdBA42NTIriTYp3Fm38oW+Yt5SkjG5RnaH42jkg7cLkxKEZQcJLTqn2ff8AX9SqVSVOaqQdmtU+3VO/6nsnwC/4KG+Pf2eIP7I8VWuufFjwrnyYZmvbePxHo8QwqQRPOsMGoq58nLXdxHcAi4eSe+Zlij+8vgt8f/Bn7R3g+TxF4I8SaX4i0pLmWG4ltbgrNp0/lwu1vcxkebbXCJLGJIpUWWESYYREeXX5UIoA2x7xtLKu0Kr5z5gAy27exwTvznYcgZ+aTRNW13wL4vGueFPFXiHwb4gjVYDf6RcqpuEEjrEtza3AktbpY/MufKFxBMsRlkkh8uQgn/On6Qf7PnhzinnzjgJxwGNlduk7rDVHp0im6L3+BOLe8E7yP608MPpR5jlfJl/FSeIobKov4sf8V7Ka23aktdZ7H6/rIIWH+rV4SrtkFDFtGMHH3UG7Hyk7QQx3K5oB8gE4GYgD5bFUP7pSwB6hccA5+T51dSCefkL9n7/grN4cltBpfxmfRvh1q1vJF5GsLPP/AMI3qqIrCSaS5lQR6ZI8qkiG8kZCZoViu7qQt5P1+EMJEZd/3eQGRSWEgcklQed2wk+pB/5ajp/jXx/4b8S8EZrLJuKcHPDV10ktJL+aEleM4+cG103R/eHD3EuV57go5hlFaNWlLqn+DW8WuqaTDYQ5i3u7P5cQMqkmQEHBdT8xG3cGXBBOSChDlWmYOA4J24Lg8ltrqI1PByWGMZzufqjYytCOY1YRLHlyroi4YFsptAHCsu1PlYAcKclCrMXJIIQHjfhGYoRliYy3ytnI3AueRw0m3q+35vh/6/r9D3f6/r9BY8JIuUGPN4CgnaY+dgIG1lUBtqgZJPRWVmpkKqERJcbVBEhPIIDlpAecbcEbznqAC0hyKDD8ghOP9UYgPMXB+cKVyePv4+6MbflZPuinqPOuF5KsztkkNne6AA4+8D1O3O5U6sg+Ugv6+48i+HkrSftzfGDexMo8A+A9+4/MCdR8aEZ9OCD0HUfKvQer15N8Oef25fjAegPgDwEAv9zbqHjNSMdByp4AXGeVBzXrNf7IeA3/ACb7Kv8Ar0vzZ+V51/v1X1Ciiiv1w8sKKKKACiiigAooooAKKKKACiiigAooooA84+JP/J3n7LH/AGUjUf8A1C/E9fb9fEHxJ/5O8/ZY/wCykaj/AOoX4nr7foA+Wf8AgpV/yUT9mD/sqtz/AOoZ4oq9VH/gpV/yUT9mD/sqtz/6hniir1ABRRRQAUUUUAFFFFABRRRQAUUUUAfJf7IAcfDzxGdsu1PiP43dWEXmY/4q/WEyARjIMgKAbvmDhhhxj00W26Hb5av+6MeF+433CTnnKDeDkg7mdXXPmyBfLv2QykXw68UMx4HxF8csMLlsf8Jbq5lwMYyEjUY5yHYswVAY/VE/0V/+WYKRAMkeZGPMgTuTtBIQHBLJHwcOoH+XvH2nFGZW/wCgit/6cl/Xp954dT45fP8AP+kFy5lR2+Y5dmgGSWc7C6Dru3BlAAzkvLKu5jJIyjxI7FFFvIty7RptGY2VhI46fwtIyfIBwCQoL71j5bx98VLH4Zz6VYmx1rXNe1GOX+ydG0awOoXt40QWEswX5IrdZfKSS6neG0i861E00SSxeVY8K/ssav8AG1BqPxaIt/D0ha5svAdnNJHHB+58p01u6huvK1MmFFSa2RVsN13cwyi/CwXEfx2MxGGwVJYjHVOSLWiSvKT1+COl9tZNqC1XNdpP0ssyPE4+XLRjaK3b0St+b9Py2xYfHmv/ABj1+/0P4Y6fY6g2nXDWuqeKNaju7bQtJ8stA728qR41S6hmaRXtrWVI4mtbuGe8tHaAv6t8E/2YbT4W6peeItVvdQ8VfEDVbBo9T1i7ebyoQ8yGSCwsmkki0+1IggXyYBmVLS3M730kXm16D4c8M2XgvwzYaHo9hbaVpWjW8enWNnZRpBb2EccYRIoowFSNRlY0VPL+RwFAVVNXUQNOqlE2mSNPL8sYUMnzLjb1C4XldwQYIUEufzjPOMMRi4yw+EXsqL3V7ykv78uq291WjpFtSlHmf6lk/DuGwCVT4qnWT/RdPzC4bzHZycq/msGJ4ZAA6HOegJyDuwCeHT7lDL5bjzRgNschh99WGJMDHO5sArt5Yj5FJDltu7CJJuGIRZCWfAyGbDsc5A2KRvz04zLxQAYkKxgszRCIq8YzIxcttKnrlSThiWwSWZCSzfG+R9D5DZ4C0MiN+8cboyCCTI645wcnPlkjnLFQciUYqSdsvNk/KZJ2bng7QMHOexA53DBAG9PuUNtZgv8ArUZgWJ24kDEnGOmJcLyGCMwOQDlGEUzbQS5WaSNScnLk8uc4B3ApjOAVC4Cxgb6PUL9wRd86qwzukjVgR13pmQEY/i6sNvuUT/WU0oyoBLiNvKLOZE+XO8LISuMbSOWUZXocrw7Nec3EDu/zebDlgpPILkKOpzliTzuG35UDgsS6VVWSXoFL3BPYYX5gc5HRyTncME/fQ/JTDr/XTccjbJgSdhVmY+YctGV4BbkHKrjc2QCrKuXyGr81/ixrHxI8K/EXQfGvjj4IfE3/AITbxJ8WtCW2EOseGLm0t9Lspp007S7LbqqsjGKeWeRpIkRprmUl40CFf0oYFlK5f5mQMhJUb2Ct1wArFuS2FYcbUDOCc/XvDmm+KoLZdTsLDUorO6XUYBcQBzbXMb5jmRSCIpPMGEZQZVIJHzMxX6vhTidZNVnKVCNSNSylfmUrLWycZR0b5W0078sbNa348ThXWlCXNblaf3NPr1srL1e6bRY06Q3OlwGSGSFp7SNXgLpuiLncEJUmM4BKjBaNiCo2g4aaSTzSzMwYsM8lhvw3Qfxfe4AGXjcgDINOk3b5CeZBI4ITcCzADJXqQxBPP3gi4QEfMQN5BxnaFZgzIdmUjUhgMEAL82FGQFIyzbjtPyjd3f8Ar+v61Oy/X+v6/rUCm9mXDuWUjARWZixw+ADt9FYcrvwxVQMsJKDKrt8y/u3JDF8hW+UgnJI7LkEu3zKF5aiJdsi8fcaDK47LGWKgY6jqFC57hEJ31Go2WoYqkq+SARu3KxaRW2kgnlgy5GSTkf67svIPL0HRHy4gjgfcaORiV4BY+ZnduXChgWP95VUs5PDkbLp5h27fvEHoQAkh3Z7IOX3ZRvlDPkrRLIVY5fcUaQ72wd3lEsGPOCMsQRnaOMGNgFoOcFsP+7wGy5G3cgbeX2gqQuUJb5woBBBOGBb6jVBix5gMRVFZgqDKESbVAXpwM7V6Z5HmnkYXxN+GOifFzwNqXhvxJp0WoaPfgRXERaSNkdHSSKRJUKyxzRSiOWGVGWcTBZI2jIDVu4IjcICsmFVFSMJ83bjqrbCQACGCD5mHBVwYKd6BNkbNIjgD5UVT5fORhOGx9xTz8xzmTWlWqUqiq0pOMou6a0aa1TT3TXRilFSTUtU/6/4Y+afEvw28ffs33L3diU+JHw7s5JHa2lFzceMdAsw4DqrHzhrpQznKZguvLgZc6ndzOZdbwJ4307x74Ss9V0u6+02ckRQLdLJFJDLFMsc0c0MiiWOSOaAiaORBJHJbTxvGhiZD9ARL+8VMcM0ETLjqvlnKkY6YJyu3jOdif6yvIfi1+yH4d8e+I7rxj4ec+CfiPPDFMfEumow/tWRFWGFdUtI5I49UhVF8lVuWeRIS/wBklgmfz0/Sco42pVmqWbK0v+fkVe/bnirernD3tG+Sc5Nnw+b8GQqN1cC+V9Y9Hftvb+timqoi4LZTzAzzOxiZzlAu5gMDcCpZwflJJ/hAmSQDyAJUA2AzSqYcJysnAQggEOM4z8oE2Qf3i1ws/wARdf8Ahfr9r4d+JHh7UNKvbu7XTdM8T2Ni0/hnXp5dtugEsTTPpzvJNEgt78xlp5zbQS3+0Tt3kkiA3T/vHWIs2Gb5pAwYsxI4BaPduwpVm2nLLGxT7GVNKMakWpRltJNOL6aPbTZreL0aumj83xGFq4ebpVotNdH93p815WEkcyZVzkM5JVJSdrsZ3++Tu2tngqNwC5GeQ/5reIg7fHDU2RySNM1fC7NiyH/hZfj/ABkJ90dRwSoDHIIHH6U3fEMnmyeYJI3aVnygK4COxIDDLLtcDDHegK52Isv5s69m4+N+o5G9msNVJx82f+Ll+P8AvmTvznc3TO7jdX9tfQQ/5LqaX/Pt/lL7/wBD8v8AGBv/AFLx3b91/wCnqf8AX/DFyUiUEtkpMGCtJlon3uQpPz7SNr5Kn7wYYHGFbPLiKWZXdQySP5iDCn5WYFmyoI2lMMMY8tgX55IG80Q7XTzJEUqzncTlCwIPmE7GK9MnOxs7hlhS8SeKrDwrorajqU5gtFZQHKvK7tI2Y0hVGZnlckxKkQaR3ZQqn5Q3+xcpxinOTtbW/wDwT+EacJTmoQTbfRefQ0pkxqEqhFY5JVWGQSPLAYjK5C4zn5jxwwPynmPFvxCj0fVk0fTbSbWPE0sKyWlkqSPHBu3BJLyfawtIjs3kvtZzDKIhPIuw5Md3rnxg3hobzwf4XuNy3aXSiLV9TgZV+ZNkoNlGyCMFpVN0BPIoW1MaTHpfBvgrSvh5pIg0qwttOilkF7czKjB7iYqA9zNI6l5JnjUmSSVjISuGYlt1cCrVq0V7FcsdPe6vziuvk3ZdbST19H6vQwqtiHzTX2Vsn/ekvxUdbac0ZbYOk/D2/wDE2pW2reLLm2vb6yZJLHS7RpU06zZV82NZUeUG8uEcqwmnRQv2dXjhtny79i0sATcXR4DuUs7I52AJwWdzkMis5GOQSeG5p0cbJAipHJ5aEAJjlioDL8rIFU4jQcFQCX5DAGlcvCYxuYKu2PJZwrlWVckNjBJZh97kDo44HRQw8KPw7vd9X5vv5dulltyYjF1K8lz7LZLRJeS2Xfu3q9WxA72sbvxsVssUbI3ozSMAQVXGfMUs20kr824MMEkQhkT5FkCEKhYKm9t6DJJQY3OwbIOT5asoOcBr3A8oyiTeqoxMi4fYwWRtwLOVTcHBBbjaCGPIFSmMLf7doDb28tRleCyszZCg4GFJ5wWdlY88dP8AX/Df5nN1uRJIqf6RvjlEfzmTCup+QHORtCnyx1YYHmYB28BZIPMj25DAq0e5FD9XIkJ/d4DZIYjoWQ9ApIbLMZLJndm3ISWZj8yfuOuTjaen/PL8Od0l4VYzFurCSLb8pKfKpIA+Yk7U3BQMEYDDIOZfb+vQfVCkfaSG2AEOMgnzPJPncgNtb0ywzhfLXGANysilJtgwLkmIHYHkYuDH1BV2KglVAPJypwSWyHsnmy8ojBHXoxlCHzBuAJQ91IIzwEH3eSrY8hGSUNMkWDLHhmMi/OhOGbOCBkggg/NjcTlXom76f1/X5iW39f1/XzFkXypkIG1RIwVsbc5lXPZcZbphvmAU4fOAyYeZFv2wv56N87Ku2UFdmB22thCAXyc9cKAVGdwbfCbhW2tJvVMtv2/Nt+YAmPaOSTnDA7Th0o8u6V8bcy/fYbSf3kI5OFx0Kj5uVUcPjAFZJJgtHb+v6/qwsUoErMjOzZDyZwJXAEbN+7C5J25ByNwLbRgEYjhQQv5afK6oEI3gNNtJChR8pGQjkYwnz5AYFqcX82AbphsIV9wZSBy5MnIbavAZcnGQo42kEkk+zW8jfvI1cGX5N0flj944OSAoPGCGAxn5icAUumobbDmiLw4xOVmUp8yucq5UBsHcAQDjDDkhjwM5j3+dHkeWDKuVdJfmxI2I8neOAXbABI6FSCAKW9g8hJH8tUKklmUY2NskyA21eMnIbcvLNyMBS+cqJWX/AFYaTYQrlfL+cKQcNtBIkdhyD935W201eyX9f1/XkC6BKTJLhhIoBLhdpaSMYDHCkkEq+zBAYA4XAwxpINyyusfEgO9F+YL96TOcYwCOjFcZ2nLkUhfzC/IZZMy8KDnDIwcHblyEZcYUjKkEknNCrl5FdGZQS7qASNpeTdlMrnPP8PUqcvjKjWmv9fr+f4h9kEbyBIsPmRgRStEDuDD5UbOCMk5zyVc56kH5R2n7Pf7U/j/9kOFdL8KnTvEvhFXbHhTxJf3MUNooHlJDp17mY2FvsaEG3FvPb4t0SKK0dpZDxLHAP/LcktE4YgRzN8kYVvkCnJIz3ByozgqFMgUy7Zt6yRsRMWChgVhHmEgpkcgkjOOcMpwtfB+IXhhwxxzlMsm4rwccRRf82kovT3oTi1OEv70Wm9ndNo+r4R40zrhnGrHZLXdKfXrGXlOL0ktXutL3jZn6b/sxftd+Ef2rfD2oXXhq51C21PQ/s41zSNXsntb/AEiaXLq0sbDbLEGikiW5gaS3ke3lEMu2Nmr0xkCwOShCRBw6upYqM52Oc46lS2doYEEuwUk/jdrPhe11DW9O1JftmnarpUkw03V9Pu5tN1PTTMyJKYLu3MU9uZF3Rt5Uq+YhIYSLkV9Rfs7/APBVDVPANkNK+MMF7r9lEoNh4t8PaH58ltCqFU/tCwtmklaWRo4yJrC3eJnkZmtbRLcvL/jR9IL9n9xLwl7TOuB3LMMCtXTSviaa0+zFfvVe7vCKklvDRyf9++F/0mMl4g5MDnlsJiXpdv8AdTf92T+B/wB2fVpRbeh94kbHJd8bJAJG34ZeAJXzgEdVG/AwpAARTvogYRNGXCDay7wQAihCc98YjGBjO1WJ5d6peG/Eun+M9B03VdF1Cz1LR9UhtrzT7y0uFubW7hmHmwXCOrFJFYMDvDFZMqyPuAFXQ208ny/mYMZD80eFKjLZHzKpySCGZcYZgpLf53zjKLcJKzXQ/pq90eQ/Dj5f24vi8h4aPwB4DVl7p/xMfGZAx24I4wOCPlX7o9Zryb4ecft2fGNemzwB4AXb/d/03xjxjjH02r/u9z6zX+x3gN/yb7Kv+vS/Nn5XnX+/VPUKKKK/XDywooooAKKKKACiiigAooooAKKKKACiiigDzj4k/wDJ3n7LH/ZSNR/9QvxPX2/XxB8Sf+TvP2WP+ykaj/6hfievt+gD5Z/4KVf8lE/Zg/7Krc/+oZ4oq9VH/gpV/wAlE/Zg/wCyq3P/AKhniir1ABRRRQAUUUUAFFFFABRRRQAUUUUAfHn7NXiHT/CHwP8AHGqa1qFto+kaf488f3N5fXcy29pZwr4r1YPNLI3yqBEbkljhcJgfNnPUeF7zxl+1NN5vgiX/AIQzwVdyfbo/GV1a293L4htpcrnRrZpwR+8aRo768jNuWjtXig1K2uBJBzXhT/gmF4x8IfFfW/EI+MPgjxNpUninUvFvhbQvF3wjOrW/ge8vtSm1GSa1aHWrZZrtZpgEvJ42mjVCsJgSSVH9p/4V98dsP/xeT4TZYqwJ+DmonaVXCnnxRhiOuWycgegx/DfHvgfxnic3xmMyajSn7apUmpzmrRU5uSSg1rJJq7kuVPmSjLSZ05ZgsvVR1sc29X7qWnzf6Lr9x0HwT/Z28K/Aaxv5NJs1uNc12OCXXfEt2kbat4leLftmvLpEQuEdiIwqCK2jkCQJDDsjj7xm5kZjghvMODtJO397hskKRjbkkhc7Q4z8vkL/AA6+OjAgfGL4SKCqr8vwb1Hs27Of+EoyWJ7k5GSQQSSX/wDCBfHc3HmH4x/CQtu3n/izeoDLdjx4nHIHy+68HNfjWM+it4kYutLEYmNOU5bt1U308uyt6aLQ+8p8RZfTgoU7pLZW/r5nrcYKvGAqeYsiBTtK84JRcdVXafugZTksGVmJbCP3EewjaAhjyFy3LmPI6feyoBIQ5UoynAryNPh38dU2/wDF5PhJ8vl4/wCLNX+Pk6cf8JPjHt0B5AB5o/4V58dx0+M3woDdQ3/CnNQLBh91s/8ACT/eA+XPccNurm/4lJ8Qf+fdL/wav8i/9ZsD3f3Hr2wbzlNiL5ZYNn90hBZzlgpHzDduODuXO5iNgbgvGm8HewYOAgJ+bl/l7tt2tsKrnJbYSNo8jT4dfHSMjb8YvhIqhmYKvwb1EbcrtwP+KoyMDoeo6AgcUJ8O/jqm3/i8nwk+Xy8f8Wav8fJ04/4SfGPboDyADzR/xKT4g/8APul/4NX+Qf6z4Hu/u/r5nrjnzlcYBEpJIUrz5hBwG6YYgFT91+Vcbjmn7mebLZLF0QnGNpYgqfmBAxncFb5lYBRkOM+QJ8OvjooAPxi+EjrtZCrfBvUTuBbcc/8AFUfn/e/i3Uf8K7+Op6/GT4SN65+DV/hs/fyP+Enxh/4h0zyADzR/xKT4gf8APul/4NX+Qf6zYHu/uPXGBFqd4KiFGV18sHy88OCTnJPythzt+csWcKMPZ3SU9d+GjYB3yWVc43Z3n5SQOhyS4Rs5HkA+Hfx13Kx+MnwkLKwcE/Bq/wDvZyTj/hJ8fMQCR0yAQAeaB8OvjoECn4xfCRgMgg/BvUTvUkkqf+Ko6EkZ7tgbiaP+JSfEH/n3S/8ABq/yD/WbA939x64BujHlEbgI0RwFG1jjZ8wyo+UkYGBlj8jCQAksiCLjPkokhVSANsZbYygHOMcHDZUdGCYXHkc3w8+O84ff8ZvhQ29XUlvg5qBwGbdjnxP0HTHQgAEEAVxf7R/xK+In7KPwf1r4hfED4+fCbw94S0Iwtf34+COsXRtzPPHboQkPiV5SWeWOPKqSoPG0Amj/AIlK8Qf+fdL/AMGr/IP9Z8D1b+7+v+AfSU0RWZ0f7251b5QM7+pwflw5GFBO3IyxZ+KElBdGblR8xKMeQwCbg33jwMK333bO3C5r4C0f/gqhaa5YWuoaf+0F4burG7WK6tZrX9lHxs0E0Zj+RkZdYwVKkEMD8wIGSvFTf8PON33vj3ojqcFgf2TfG2Hz1zjV+jHBIGASOnJz3r6Gvia1dYWFv8f39Dyn4icPxfLLExT/AMUb+fU+94F2tGpHzIy7go3A+STkAAdACMYG3cCNsbkVGIwYAjnb8pikJwQo3lpGyTg4+UNk4ycM0pGK+DU/4KesnP8Awv3RWOQzFv2TvG53MGBLH/ib4zwB/sgALtpI/wDgpv5SRqPj1on7soB/xib436qSw/5i/Tk8dBxtC4p/8SaeJ/8A0Cw/8D/+1J/4iNw9v9ah/wCBR/zPvoo0lwRsdZXZ5l3bgedqbTgE55I3qTtABB2sFqKGRCYWOSkQRgCAGjwwHKjIX7oXYB8zrlVXbur4IH/BTUbCP+F96LggD/k07xvnG8uOf7XyTk/ePI5IIJJLpP8AgpxvhZP+F96IFKsoA/ZN8bYVTt4H/E3wFG0Db0P8QNL/AIkz8Tv+gWH/AIH/AMAF4i8O7fWof+BR/wAz7zMBNsqdWeOSIjBOGDb2GcHcT0IG45B3ebg4klb94z54Zp5VbPVfLGGBz0wRht3Gcb0/1dfBUn/BTxpJWb/hfmjBy3X/AIZO8btjuBzq56N8wz0PTjiki/4Kd+TIrJ8e9FXBB+X9lDxwNw6gE/2xlvmy2SSSS3OCQT/iTTxP/wCgWHX7f/2of8RG4e/6Cof+BR6/M+9lXcPKxtz5Ue0DBY7AyrnGVwR/CoKhmOxeHpvnALvJO1S8xIynBJVyBn5Tk44IKcl2yxB+CD/wU1H2cR/8L70XAiMX/Jp3jfpkE8f2vgcjoBtIwCCAAJH/AOCnW93P/C+tGDNIXyP2T/HGVJABwf7Y64GM9QCQCBin/wASZ+J3/QLH/wAD/wDteo/+IjcO/wDQVD/wKP8Amfc3ifwxYeKvD+oaNrOnadqul6lbSWV9Y3tok9reW7gxtDJE6sDDJGzxbMHId+JAS1eBeKP2WvEnwKaS/wDhhqJ1PwhZeaG+HeoRwRwRQpkvBo16DAtmdpkZYLtriDKwW0T6bBAJIfFV/wCCnYWUMvx50JQHR1VP2TfG6qMLtUDGr8fzPQnbxSJ/wU48vb/xfvRPl8s/8mm+Nsfu+nH9r4x7dAeQAea9rKPoqeLeWtvD4eDi/ii5Xi+mqto+nNG0kvhkmzgx/GnC2Np+zr4iD7Pmimn5O/T+keyfDv4u6R8UNR1fSreVrLxdoIji8SeHbySJNZ0CeZ2WKO5t1LLiTfNslXdDNGFaB5oXhkl/P/xDcfb/AI3ag6mJ/P07V5F3ScOR8SPiC4wSGznb164yQcgGvYvjb+1b4Y+PVjYHWfjboMOu6D5zaB4gtv2RvGP9r+HJpcM8lpPJqjld+yMSxuHiuEj8ueOaJ5I38K8afCP4WeM4fC7XP7VHxFvp7LRbnTfFC6j+zL4imt/GM8/iDW9aNxMkUsTRIZNakjaBH8uUREPujkMI/tP6MPhxxDwPxFLPM9wjhGUXFwjefvWaumkvd1vZrmitFz2u/wAO8SsDl2b5HicqyzGUn7TktzSS+GpGXfe0XbZN2u0tVnal8VZNc1e60nwcttqt3FO8F5qZlT+zNDnV5SyXBWVHedRudreJS/CLM8KSrMtzwz8Lo9M1u013XribxN4ksl8y1vbu0QLpSujiWG0RUbyEIZsnfJM48pJZpQiVu6RoPw30DR7ews/2i9RtLK0gFtDBB+yx4viihjVFQKiLqAVAFUABQAuTjGalNh4Acnd+0lqjs4COT+yr4sy/Qtn/AE/+IAZ9gMYwK/0Cjx1lk5c9eFVu90vZy5U+ll+srvqrbL+WqnhbnEYulhalCEXo37aHNLveXRNaNKytZPmerlt828Cqm4/ZyCTGXwpQIGUYUq3HYAcjpkMQnkEwcAPguuY1+Ysq7Sc7iQxCuAxcEfKDkg4iksfAM0WG/aV1ZmZSrOf2V/FrFgyhTwb/AAAcA4AAyBxUjW/w/LB/+GkdUDq2/ef2WPFxYYJJ5OoHA+Zh7BjjHGO3/iI2WW0p1f8AwXI87/iD+ddK1C//AF+gOLJLI4YmUchgYwZdm1M5XOQDhQVCg5I4BwSk0RiVuPLm+ZchiAd2CFU4UZLyqBhlJKj5sjhsdl8P0t1iP7SGqugG3a37LPi/aRsK42/2htxg/dxjvikFp4AE28ftJ6qOSwC/sseLlxllbqNQzyy568knOar/AIiPln/Pur/4LkH/ABB/Or/xqH/g6BZlZ5rkOock8xhgyBVI3AE7Mj5l5Un69lEUasbjEfmF3BZCRtZiPJAZlymQCozweARkZ2iKTT/h9KxL/tIam27duz+yv4uG4ZXgkagCQAqr7gDOcU42fgBmOf2kdVO4t5gP7K/i7EoI6MP7QweAoHfCjnrlLxFyzRezq/8AguX+XX+vJLwezlbVqH/g6H+f9fk9xiDEcbbI1aVAFkiwPLZVCjaSvysg+Qg534A2kUSsGncszAOXQYlVWdV3JtypXB3SDGcgYXO1qgbTfAEsbh/2lNVk8xSCW/ZV8V8koE3f8f3XAI9PmIxgACYReAVJP/DSWr8ncc/sueMezFv+gj0yTn2OOgAC/wCIj5Zb+HV/8FyG/B7Ol/y+of8Ag6A90a5z5vzByYneFA4ycq3DbsDIXK4wGHJYBzTJh50UqFV3bZHMQXIjyNrNzGTktvxkHcC55wRUYsPAG3B/aS1eRtoj3Sfss+L3JXOSvOodxwe5HU55pVsvh9sIb9pHVXVs5U/ss+L9pDbuqjUNp+8eo5zzk0/+Ij5Zu6dXt/DloH/EH85/5/UP/B0P8ybzPOEik+ZywKA7h/rejjL8Eqwzt+UB/u9KjeQQXLO7rE6MCc7VY/OcknKtgJH9MDq4xhdGX4a+J/ih4Q8EL+1TbWXiTx/q0Oh6DY6p+zj4msF1W7uJ4olhV7rVEjw0kkalmYKgk5ZQc19MQf8ABHzxzbtlPj74XB3Fjj4Sz4bO49P+Egx1YnI5PcnnPHV8VsipT5KjmpLvBp99vy2PQw/gPxTWp+1oKlKL2aqJr71p0sfNRd4vMK72lixgfOys48xjwrMQCuCBjgFMZIVQy8i+z27/AOsUoGbJXAACSKjF89cADO9TwOVyBX0tD/wR38bQQxovx78KjyipVv8AhUk/y4AXgf8ACQYXIGOAO/qaYn/BHDxrGiKPj54VVUAGF+Ecy8hCmcjXwQcbeRj7oxgZzmvFzh7+aX/gLN19H/i29+Wn/wCBr/I+bbpFeVvuq3mMofOXjJwFBbP/AE13ABlbBAUU9ZH+0P5ayFkIYKHLY+aTszL14A4252YLADb9Kr/wR+8bpJuHx78McHIH/Cqbojv2/wCEh9/5f3RhkP8AwR28axKB/wAL58KOqncqt8JrggHIbJ/4qDk7gTk5OWbnml/xFzh7+af/AIC/8/66k/8AEAOLrW5If+Bo+apXEEYUuREyhg0jECMdQx8wE7kWMHg5JySFyCAIplkjbCqXAIY4UBpJQdy5XO7p93qAcvgV9Kwf8EePG0Egf/hffhQsAMn/AIVJMu85Yktt8QDOSzEg8ZJwBQ3/AAR38bNGV/4X54Y2kbSG+FFy4I+XIIbxCRztHv1Ockkv/iLfD1/in/4AV/xL/wAW7KEP/A1/kfNkErl0b58uwX7/AMpYH94MeYRwC3HO3y+c7RlYXaK6i5kVGIZVeRzn5ZMZ3YOcIMj5iDklQSWr6Sb/AII8eN5JWdvj74YJYY+X4T3CED5sDK+IAeNxxk8YBHIzSzf8EePGskbqvx48IxeYCH2fCKb5wcnBzr5yMnP/AOs5H4t8Ptv35f8AgL/r8Cf+Jf8Ai56clP8A8DR80Kpt4A7O8LBcK3lBcA4DHOzJcsc4wpZowNtKZAhlVsD5xKEPXiWRzhcZJwCeEydhwxIDD6XX/gjx40Uk/wDC9/Ce4sWL/wDCprncScZ+b/hIc4OBx0xx0o/4c9+NjHt/4X54axnP/JK7vPQjr/wkWe/5gHrzR/xFzh5/amv+3R/8QA4t/kh/4Gj54+E/xB8Zfsx6pe3fwz1qz8MDV7h7jVdLutKW90XXLp8I1zc2xaKUTkuzGSC5hknMMHnG5jjjiX73/ZT/AOCiHg79pDXLXw9qUf8Awgvj64neKHw7qWowGTWf3TPcy6ZNGwN5BGYpScJHOiqslxbW4kjkbw0f8Ed/Gwm8z/hffhXdkkkfCSdS2Sp5I8QA8bFHXkAZzgYp+J/+CKfiTxroE2lax8avBGq6ZciNZrS++D811BMEcOoZJPEDKeQOSM8A5yoI/kD6QPgd4VeJkamY0ebA5k/+X9OndTei/fU7xVTRW5rxmv5rLlP37wxqeJvCihgsVGGKwi+xKquaK/uTs2v8LTjpZKN7n078OOf24vi8e/8AwgHgMEdl26j4zXGO3Tphec/KpyB6zXg/7E37HvjD9l7WfG+q+OfjTqXxk1TxRYaFoumyXXhZNGOhadpR1RorcyfbLmW7JbU3Pmzu0x2EySSs2R7xXzvhxwviOHOGcHkeKnGc6EOVyjfler1V0nb1SP3vHYlYivKvFNKWtnuvLS6CiiivtjkCiiigAooooAKKKKACiiigAooooAKKKKAPOPiT/wAnefssf9lI1H/1C/E9fb9fEHxJ/wCTvP2WP+ykaj/6hfievt+gD5Z/4KVf8lE/Zg/7Krc/+oZ4oq9VH/gpV/yUT9mD/sqtz/6hniir1ABRRRQAUUUUAFFFFABRRRQAUUUUAFFFFABRRRQAUUUUAFFFFABRRRQAUUUUAFfMn/BYEsP2ENZ2qrt/wlPhHCscBj/wk+lcE4P8jX03XzJ/wWBZl/YQ1koAXHinwjtBOAT/AMJPpWOcH+R+lehlP+/Uf8cfzR5Off8AIsxP/Xuf/pLPzo1b4Vf2Fqt3rng9odLuruV7u+sUiC6b4kkYFt1yqQsyyMHkAuIjuLeWZBc+WkVT+GfinHeavFo2v2kXh3xPcvst7K4vI5Y9X8re8ktlIAxmjWQNlSFlijVHeKHcm7qpED2z7VZ9qumWBdjmNSqkEOQCPLznBLKODu5qeKNAsvFWj3Om6nE01rISSDI0TRbJlcTI4kDK6YidJYyGiZAylW2rX9svCSp+9hnb+6/hfy+zfy0vduLZ/mfHHQrJQxkebpzfbXbykl2lrZKKlFWLvlr5jJtChHDMWl2sM7oVAO3fkheGzknaAzDmmxyZyyom6FXk2q+1jnEjYCpvwGMY6AkHlT8u7im0/wAQ/CVh5D3/AIq8N26uCsxabVdHhUqFEGyINfRBfKYxvJ9oISX95eSSLGvR+DfHejfEfT5JdKvoNUtUnNjOiOyy28y7HME8chDxzKsv7yJ13jBDgHKVrQxlOcvZTXLNa2e/qujVu199ba2xr4GUIe2h79P+ZXsvX+V76O191dWkaQgWWN41VSqKLchGXcFBeMEqqkdd/Byo2LwOcDTpJE1wQhQsJW8uVTsAXeM/LszhIzuY8Z4bhSzsPdWfeVyUkR95KsSihWUgMrfPz90AZ3be7OMolRJf4Y5HYSsSFUFt24Z3KVKFucjGdo25bHX8tf6/A4hvNvtfZGzB2YbJRsDksu3O3ap3uwyPmO1fvHIpjpFDCFzH5TRFBLvXy/LKnLDK7QAkattXI9RjDFZgzW0bbWSQw+XuZmDEkFdvzHqXKY+cFsg7sVJcyj7SZVDqJSrfxb5BuDAbSAchd/yg8AklW3FaF/T/AK/r9BbjZspMyskaysVJ3SjGVO4AFlyf3jqoxkDjGGABBGjXHk4A+ctky7XI2tGMHbvzsUtu6/KAGI5p6nyL/oV3yliqszFzgjd2JHzx8/MozjAC7iyBWDGEK2SkihFdhtZsclsBhlhJhiCT/eGSCull6i6DY5MjcI13xK0hQPtfLfvCAFTfw3ljGATnkHA3AgSVHjUIVRRAdjLkICyBiqoRjlzg5UbF4HOHR7ZYZY/LLw7FPlgNhU3E7CAOuxk+QqCc4JYE7Q77q3dTmWQSAhtxKhsbQQQpU4cjPygLyxXj5mP0GtMskTXBVSpYSsI5VOzClgDxsziOPDMeN3DcKS7P2cq+2NyHZgUlGzeSVxnZhfmkPI+YhBwx4pTKJY45f4Ukd1lZjtAJDZBO5cFCfmz/ABEDbkimzKzW8bbXWXyTFuYsrZOV28nglyuPnBbj5iFJIl0t/X+VhaPS2n9f1/VxrpHDAFPl+U0XliTeuzYwbJGV2j5YlO1crkjIwA1PmOydlZYxIxBy0o2/KQwwWTcRvkUDAIUAYw2AVuZMXBlVWXzdjcbt8g+UgBSAcgByVB7klTvIDgfJ1DGCN8xYqpZi2Sw3HgEjEkQz8wXpgbc0un4/1/X3ahfS9v60GCNWn8raAd+7mXa54eMAHbvztQnd14ADEchscmcsqJuhV5NqvtY5xI2Aqb8BjGOgJB5U/LudbqVPkqpG5HAjWR+CQo5bAYbmDkOQ2ck7ucMJtliljKNJFsH7sKwVV3k7SoHB2svyFQTkKSw3EPbS239fkH9f1/XzGiBZY3jVVKootyEZdwUF4wSqqR138HKjYvA5wNOkkTXBCFCwlby5VOwBd4z8uzOEjO5jxnhuFLOIe5tnXmWQOpDbyyhtuwEHBVsSDnKgA/MVHdxmWZI5v4VldllZiFVS27dkhl2mNvvZ4yVG3JAP6/ry/ruMbzb7X2RswdmGyUbA5LLtzt2qd7sMj5jtX7xyKY6RQwhcx+U0RQS718vyypywyu0AJGrbVyPUYwxWUMbaNtrJJ5Jj3MzBicbSnJIBLsmPnBbOdxC/M+6lC3BlAceZtbgNvkGQwAUgHIAkOwHvyrbyKNtAW4k2UmZWSNZWKk7pRjKncACy5P7x1UYyBxjDAAgjRrjycAfOWyZdrkbWjGDt352KW3dflADEc0/P2e/PBXdKWIVmfccMN3OCR88eT8wHTAAJEfgXTdY+Lfj9vBvgPSrnxT4nilW3urS089rPQfNVZRLqd0iEWMbJHK6vKGmmCyeRHPJiFvF4g4iyrIMuq5rnWIhh6FJXlUqSUYr5v00Wrb0WrPTybJcfm2LhgMsoyq1Z7KKbfr5JdXoktW0Qajq1voekXOpXj21lZ6bG89zPNOII7dSDK7O20FEUhclsfLksDtBPon7O37HPxA/asj0/UdPsk8HfDW+WPHim+lhN3rNiVlCTaVZoknmCQqyxzXixwbZbeeGO9jPlv9O/su/8EvdB+H2raF4t8fXx8W+N9N8m8srGG4P/AAjnh28Db0W0gRE+1FAsEiz3qzMstvHcRRWXEQ+qVVZVXGNkiMyq/wDEpICrycNuc/NhjvyCXwVU/wCS/wBIP9ovWrqrkXhfB04axli6kfee6boQfw30calRc29qcXaR/cfhd9FjDYXkzHjBqpPRqjFvkWz9+X2n3ivc6Xkj5h+IH7Kvgv8AZZ+CvhKx8LaTEmpah8UPhv8A2zrtxHCdY8RyxeNdJxNe3CBfOMZlkRYx+6h3hIYoIlRK+m68p/bNkZPhz4Pyxy3xW+HQbceWZvGGis2c4y3A7ZAAARRyfVq8D6I+bY7NOFsfmOZVZVa1XGVJTnNuUpSdKhdybu22f0HxFhaOGrU8Ph4KEIwilGKskleySWiS7IKKKK/qg+fCiiigAooooAKKKKACiiigAooooAKKKKACiiigAooooAKKKKACiiigAooooAKKKKACiiigDzj4k/8AJ3n7LH/ZSNR/9QvxPX2/XxB8Sf8Ak7z9lj/spGo/+oX4nr7foA+Wf+ClX/JRP2YP+yq3P/qGeKKvVR/4KVf8lE/Zg/7Krc/+oZ4oq9QAUUUUAFFFFABRRRQAUUUUAFFFFABRRRQAUUUUAFFFFABRRRQAUUUUAFFFFABXzJ/wV/LL+wlrGwKz/wDCVeEdoY4BP/CT6VjJwcflX03XzJ/wV/3f8MJaxsAL/wDCVeEdoJwCf+En0rvg/wAq9HJ/9/of44/+lI8nP/8AkWYn/r3P/wBJZ8NSfu7dPkkP3WjMrsoY5i2Z35A6KCThsq5UZ5o3w5bMkIhdjiQONsYJkcnIZcHyyOQMgHJLYyEG0IdjIrYKb127gSfLG5i+45wnQg5i5ORtqQT+fNgS/wCtwBiT76MwAKjzOMIjHPsSOQ4P9zxtY/y86f1/X9diOYGeGbcm6YozSoY1wr+Uvor/ADdsEk4Z/vADHP8AjL4fQ+ItVj1WxvJdK8RWoMVrepIzR3G2ZtkdzB5oS5iRncbJPmT7RIYWglbcvRSn7ZadpkkMvlkqxUhsANllbHLEd127jggEUPcoVyzeZDMTuaRyI5EzJnO/IICg/dJzheiEZzq0Y1octRXtZ+no+jvt1T7G1DEVaMlOk7Pb5dmtmn1T0ezOMsfiBqHhrUrfTPF1hFbXd1KLbTtUs4prjTb9/wDVr5rygfY5JJRDtgkcqzzxLHPcMZNnayQ+egEe8p5jKshJk8v5TEM8licvnIKnhtxBzup6xpltrOnX1lfQW91FdwTQzxXEcbi7RkaMxMhjO5XWNiwKkHBA3qCK4668C6l8LEebwiFuNJtRJNN4cvXO0pG64XT55pStouwp+5wbb9zGq/ZCXkrkvicO7y9+K6/aXy+16q0tlaTevdy4fEtKLVOo+n2H82/c6b3je7bjHRdzLciSLzl/us6ZcEqrKJAxbdyNy45ZEIJBzxUlzHsuSNzhW2RByWUhflXBckb872OS3YYUsGrC8FfEWz8YG6iiTUtO1PTWVb2w1KOSC7t92CMRtuWZCI5lE0ReKRoZvLdgWYbUkHlHaVVMhYipjzH3GzogZVMigAk7sNgbjmu2jVhVipU3eP520+Vno9b33PPq0alGp7OonFrp9zv6dU+q8iQDN/8AMSPNlyTho88MMds48sZOWJG7gKeI4XZCfmKv5cko/dsNzEbs+XkE4MrAjDZwMtuBqQpuv/mQJ5sv3XAIYfJzwQCcRtj7zDKngfKEtSy3IJQ78vN5ZA3AgnO05C7iJR8wBH3gWPBquny/r+tvwMenyGrAGjmgyVAQR4KlvlLsn3OAMhf7m0fMfmXdkaRpLaR/m3B1YoQ8nITzdvOSvO3kqCBgY4BpsVu32WSERo7rB5ewqAU3AJjLcBQYyThApAyAcEVIfmSRwhcLKpY7PnVQfNGQctwCuFwCCeAowVbd9vL+v6/zK6/15f1+QjxB40GWdRK6kfOTx+6+/lipCls8gkliSuHps0uII5y+cRGQttOFLbpCd2SNuVxt3hQMgk8Ar5LNbpjGQ7AyouSrBTHk4YuTuB5ypC5BYYIokfZHFNsCxhDIHQAAgurkZB64Q5YsFJI+9kAPfVf1/X+Qluv6/r+ug64i8q5wS+1tkRbDKVAIXG7I3n96/O7rjCkg5VQf7Q+YsPOl5IDR7sZBGON2PKXnLEgHgK1MuIDEdhWNRsji/wBXiKXqvQEfLmQYVmOcnauQCX+Xu1D5k2iWXG11BDDCkHggE4iOPvMPlPAwBK1SSfT+v63F03/rT+v+CMt2Kk8kNseQEI43sQpz5eQSMyPkAEnK5YNQkAaGSHcVVUERGzfwWZSdnAwQg/gCjc+MgkUtuWWYFo/nAeXyyBuU8sdvIXcfMHIBHBBY5UhsVuRDJCI0aRIvLCFRld2ExzwFGzPCBWGMAkDL3d7/ANXH13/r+vkKztLbSNglxIrGMq0gyF80L3K/OcZKA4OAoO3DmjDInzSSKJHU/eZiB+6+/ltpCjJ6EkHJX5wBP3iswTzAJE3EJ86qG8wZzubgMMLtBz0C7lKxqu6CJBs3ktl1GWBVVjLHDFj8xHIYELwzDFHT+u39eYf1+AsshW3jmLA4hLlsHCkgyFt+4grlMbd4XBwSciotW1ODRrdppRdzqXS0hitUkmuLqRiIkgiWPdJPPJNII44h88khUIpc/P0fwc+C3jb9pzxP/Z/gvQrxNN+0mC+8WX1n5OiaQwMkMjKzMkmoSxlHhMVg0hFxCsM0lmH8xfu79mb/AIJ7+BP2ebyw1+8tLfxZ8RLdMT+KtUh82S0dopY7n+z4JXki02Hy5fJZLcgvHHELia6kDM38afSD+mrwZ4bqpleBksdmSuvY05Lkpv8A6fVFdR5WtYK9Ta8UnzL+hfC/6O2fcU8mNxyeFwj15pL35rR/u4uzs1tN6W1XNsfMn7O3/BNnxr8d10vWviFL/wAIF4D1HZPNov7+HxJrdsUYutxJiEaXuQJlQJ7loZmBGnXMbGP7z+FPwr0L4MfDrSfCvhrSrXR9D0lBDDar5suySUlpJJGlZmkklcvJJJK3nStcOzt5jkydDCuZVONjSyYZQOUZ2LjqD9374yCwLZIjXIqIOPshfaDiAOM5KqCxDZHIKvyx3HB672A3p/iZ4xePfGfibmP1zifFOVOL/d0Y+7Rp725YLRuza55c02tHJrQ/0G4H8Osi4Twn1TJqKg3bmm9ZzfeUn33srRXRLYfvEkaM7naQwbzGLFIz8j5JHIUqOo7jeoPz05GzMDKdjbmeTnBjb7r55yAEwd2flyoVnVgKVlaOUkZ/dzsoYnJ3KuI8kkHJzjnbuGAWIxvSAb2jRX2jcpB3/wCryTk5I4YOWUEjc/zKynBavxjpofb9NDyL9sz5Phr4L/gJ+Kvw4Qp0K48YaP8AL/D/AL23HAYHYpy1esV5T+2M4X4Z+CztEav8Uvh8qjkBT/wm2jYjHT7oViAQSMtxGPlPq1f6afQy/wCSKxX/AGFT/wDTNA/PuLP98j/hX5sKKKK/rg+YCiiigAooooAKKKKACiiigAooooAKKKKACiiigAooooAKKKKACiiigAooooAKKKKACiiigDzj4k/8nefssf8AZSNR/wDUL8T19v18QfEn/k7z9lj/ALKRqP8A6hfievt+gD5Z/wCClX/JRP2YP+yq3P8A6hniir1Uf+ClX/JRP2YP+yq3P/qGeKKvUAFFFFABRRRQAUUUUAFFFFABRRRQAUUUUAFFFFABRRRQAUUUUAFFFFABRRRQAV8xf8FhNh/YM1rzFLR/8JR4S3KE35H/AAk+lZGMHP0xX07XzL/wV95/YT1f/savCP8A6k+lV6GUu2Oov+/H80eTn3/IsxP/AF7n/wCks+G2dpGhcvls+WWGAFIeNSFIPAJXgF89AQ3QKZHVmG9422lzlXOSuTuUb8lSXXAX+EFSRwFVllL7lEifO22QnJQM2MLlScZXec8cDBK81GYVt4JAUEUHKnK7UKBjuDcYwI41X5l6DAY5yf7n2Wn9f8Mf5dLaw6Uqrksu1SwMjSBtqBJGOSzJ0xvPUBdqhcZBCJuSOPf5iiRFjk3s6srb1RuS2OcnBDZ+Ukb9xoVPNB3+aZsq0oKqh3MXjY/KCw4AAOcYQfMQHNBLyJDIhMjmLcMKeGYlyQ2SMFox8u8AAnJPy1SVnp0/r+v+HHtoeQ/HXxl8Rvhh4Zu9S0zXfCep3F/qCabpGkyeGrwy3E1xN5aQmdNQx8u12Z9mUCuQq/dr1p/NXTkadl8xU8x3jiaKPcYnLOARlCW3HBkBA2/MCa4HXvAmqeOf2kdKv9QtlXwx4OsDJpKzTB2vNSm3xibyi24fZ4km+ZgC3nEpnZmvQZh5kjhcCYs7quVUscSKu3hWzgLg5HCjDkKS3k4ClP6zVqvmUNEk23dpXclfZe9y9NYt7NM97NK1J4fD0lyudnKTioq3Nbli+VJPlirtvVOTi9Vpj+Ovh9p/jdobieJo9X0gzyaZqMKj7do8jbSzwy7ZCCzBMx42SRsUeORPkPOHxXq3wljRPEznVvD8Al/4qOziihl0yFGQGS/jDsWO5Yma4gURZklaWG3ji3N3c0kVzF94SRbm2qdsgIOCRzuJJTcQAPukg460rndPKu/y5GLAKDguSXXkZUthUyCADhDhjmuqphE37WD5Zd+/TVbP80tn1ODD46Uaao11z010e6/wy3i9W+sb6yjIh0fUrfWra1vrKW3ntL8JPBcWkqPDcqyiQFJOBJGytI2RuyCWBBPEluISOQotnVycbVjeP51O7OMqB5YB28ZHJGcchqPwxbw/q9xr/g1otH1C4nlu76wihEem+IpfmcPcBI3cSOrSD7TEQ+8xtIk4jSETeE/iolzrcGja/D/wjXiW7MkUNnPdxSjVdi4eeykQYuEXy2LKyJNErBpI4laMPMcXyNU8QuV7X+y30s7bvs9b6K+5dTA88HVwj5oparaatvePVLfmjdW1dm7LqFfbbSFtwYxBwMKBvO1kbbgneXLEfIMkcqccvMUW0xkDb5qxrGQpVBkDCj5iP3RBPAG3B+XLYILhk80qwVghkZM/OWBLthQucHcAflD9OpKkEce61lgV1MYKxlVKlgOYjlQGUAbCeABkHIXBNd8rtHnf1+Q3d5kMf8dxudgrqrEEKGYKMnAEgHBcbWQDdgDKv5TBCGyBGWaRmBKxFtobcMEDb5m07w2D0Y5wrXO+z8xmDRLIZCoZWAGBKN2cqpACj7wXDEgjgKXCM1vGrOGwrRh1bKhwTFnJwQfn5G8NnIBODRrfUOwkpzIW+YSbYxIwCCUOwPBIwu4kR5GSDlRtAYGnrtW+3JkDzsbo9oLMu0spPG4D94SMNzvOQwC028udzLMXi5UOjGQLHgguw34U7cR9ifvMSuAMPmYxag2WHm5wvmEIJeoC5AB+9MAOHA9m6LW1v6/yFrb5f5EdqsIKj5RbMrYA2LG8YJUlhxlQqxjIXjjDMKarbbV9+VYwhgp2hdzbSjFcE7i5bGEBJGCpKpmLVdatvD2m6hqF3eJZ2lraTXU91ckQLHGkcZMr5AAwOSSrAZIyOVr0r9nD9kL4g/tUy2eo6Tb/APCIfDrUX88eKrq5je71e0Id/O0qyWOXfuOQtxdrDEVmtriNb+JvLk/PPErxV4V4CyqWc8VYuNCkvhTd5zdr8tOC96UnbZJ23dkmz6/g7gXPOKMYsHktB1Hpd7Qgr7yk9Fb730T2PM7q8+1eJdK8NafZyax4n8RvJBonh+1EZvtWkGFK28bnZhIjukdmSGFGeSYxx7nT6r/Zx/4JW3nixLDxD8YdTaWxuQl0vgGyWE2m13kK22q3LNML0nbE7R25gti/mW7vf277j9Nfs1/sneBf2WPCj6d4T0iFLzVLaGHWNcljifV/ETxhpFmvJ41/fMiyuEix5UasY4IoYAEr0lG3OjyHaH/fFgeOQA7A56BCDu3fISFVmB21/jF9IX6ffFPGaq5LwfzZfl7unJP/AGitHX4pL+FGSteEHzK2tRptH9/+F/0bck4cUMdnFsVilZq6/dwej92L+Jp7TltulFmf4e8O6f4N8K2mk6NZWGl6TpdlHZWen2Nutva20MeIYo0gUBERY/3ax7fl8vbtk2jGhI3lySc/xTfMT0CR7Q2c9ecFtwPQF1ICUW67vIVxn7kJjxjbnquMYwY1GVx3DFY8ZpsUsskcZEhEskChHL7d370Acnr1H/PTr/Fn95/n5OUpScpO7e7fmf0ptp/XkOC+REZCPlh8lioHZFBIPAC43AjcFHU7UxvpsivbQsAxJgGAwzxL5nUZ53EP7khv+W2aNq48xMBUE23HBiTawUHkFMEPjJGORuT7lOjXMkagbGDQxgqMMpMfGOOCvJwFAwzbkCndUj/r9BWhaKd0VCPKL7Qq/NEAMxkEBiB98AcqdzDj/V0kbYEew4Eex0GflBZCUC84A3bhjdg5Ch8DZUaMpRThPLKxsyiJSCpO04XkZxlFA+8h4aQgASRt5RBY8xMsjMTy5RW385xkZCE7sdAztytHQLaHkX7ZX7j4b+DFHy4+Kfw4iweOD4x0ZyP4eQegxlRwEUHcfWK8n/bJ/c/DTwUh42/FP4cx8fL8x8ZaO4HY4Ckjbj0IRABn1iv9NPoZf8kViv8AsKn/AOmaB+fcWf75H/CvzYUUUV/XB8uFFFFABRRRQAUUUUAFFFFABRRRQAUUUUAFFFFABRRRQAUUUUAFFFFABRRRQAUUUUAFFFFAHnHxJ/5O8/ZY/wCykaj/AOoX4nr7fr4g+JP/ACd5+yx/2UjUf/UL8T19v0AfLP8AwUq/5KJ+zB/2VW5/9QzxRV6qP/BSr/kon7MH/ZVbn/1DPFFXqACiiigAooooAKKKKACiiigAooooAKKKKACiiigAooooAKKKKACiiigAooooAK+ZP+CwDMn7COsFAGceKfCJUE4BP/CT6VjJwf5GvpuvmT/gsDGZf2ENZUMVLeKfCIDDGV/4qfSueQR+YNehlN/r1G388fzR5Off8izE3/59z/8ASWfDElvCkBKpG1uoPzKoxKmImAyAo2lF253beFzu7SRQLNPt2QM7Bhui2xhuVDsCCXyC8gGMY3YODhqjuJFlt2kHl78GUMrbyFaJyDvznbl2wSYxwRkd5rubypWEhXAdpP3nEb/LuQ5YnAXHIAzkbsAE5/uh+R/l5rokRxTeaEEsi79wbEn8MgVCGYFlyA5XjavzODtXrSTRpJjKbEclSrR7VAZk45VT82ASCeuRhsYEsH7giNDIixv5bKpD4AEeCQFKrnI+UbRtYtxziK2jIVI9pjcoFjLIQVJjUjByuRlTlAqk/LlRyS3vd9BLv2JD8pkjkj6ljJEI8JIo4f5MsWz5hb5RzwpIOKjSUQr88vl4I3NuAibG52bIIBbcsgOAO+5SuMudkVgJMJbyLlg5OHBSUHdu2knaEyDuPAyB96nI8wuYx5jCRyPvlmQyBXBwPkDDODxweu1c7gf3tg2Wo6NmGoxliwZmCnII3EGX5QcLuCkcfeyMHaC26obVm2DBYP8AKNilV8xvkkIxlTvPzHonB+YYxUtv8t7B1jDKiqWLZKgSYyW2sTgAkHcQc8LjdUIQxacBIkgiMJU5X5QvlAbcEhV5zgsiqMMMDNG7+X9f1/w4Le3oOuGEhmQ/exLtDMGYhiw2KChYqdm7pj5VxuXIFHxV4bsPG3h680zUrf7fYzZ82NHbfEFnDB1Kyb1dSitG6YdGiyu1sKNKRBKHVQrozlXVcsmGkwwwEw2cMWzyu9hkBgQwTNL9mYEyb9sq/dJZiJHYKWOOenDtgNgbQQ1ROMakHGSunpZ6+ty6dScJKpTfK4u6d7NNdb9zibiz8SfCwuqNqHjHwypJuIruWSXVNLhQ4Cw7Is3qYMZYSE3JEc2HvJHRF6Dwl480j4iaNJc6RqVvfpDK6TFpRHLYTRogaOeI8xTITGzRuitGT8yK2AdFhB5LD/RjAVbYQY9mWViCSR2iCjG37r8785GD4z+H0Wv6zFqtneS6P4nsVMVtfJKzLL85CR3MPmhbmFfNcbH+ZFuXMLQyOGHG6VahZ0XzR/lb1+UvyUtNlzKJ6Xt8PiNMQuWf8y2f+KK+V5R1tq4ze/TO2wxyMDH5MrN5khIEYyrZ5DLjZu+bIxjaNuflikVhbxNtkSTyfK3MzBiR8pXk8Ev5eMOCxAO7Arj7Px7qHhu/g0vxbZx2F1dzC3stTsEmk0/UJMPCpd3QG0uHkKKsUspVjLCkVxO4cDrNb1WPSrM3LefMxlMEEVvC9xPcTPKqRwRJHueaaScpHHAhDSGVIwpbCm1j8OqUq05qMY3cuay5bK75r7K2t3pbVaHO8vrxqwoxjzObtHl15r9I2310t0d0/e0J7iTZOZQrKJArHG7dIuVIG0gHgCT5QehBKnPDPA9hq3xi+IUng7wHp8nifxW0q217Fbeb9h0WWUEpLqd3HvSwjZVaRDL+9dIpEgjmlCwn3b9nf/gm140+N8+l6346km8CeBL1kmGjKLqPxTrVptYmOaT90dL3AK2wfaLto7mQH+z7mMmL7t+Ffwp8P/Bv4d6b4T8L6dDpWi6Zbrb2dvGxk3GVmnkkkdmd5ZJJC7SSsZGld3kleVi5H+cv0g/2hOQ8Ne1yPw9Ucbi17sqzv9XpvVPl2daSdvhapu/xys4n9YeFv0W8dmKhmPFbdCjo1SX8SS0+J68i7r4+los+ef2Yf+CYOh/D3XNG8W/EW8m8XeNbS4tr+OwS4ki8PaBdElka2gCwtdPGRFtuL4SMJ7eOe3S0f9wv1PJJMYWZ2kLRjJDEkLL5nAxyMgONo5/hx5uBgdldSRjYTO23HKhzgAjBI3Pn5TuJP8HGIyUfM+4jrMGIC4PH7w4Py4PQAnaDy5L8V/jnx14hcR8Z5tLOuJ8XPE15dZttRV2+WEfhhBdIRSir6I/uvh/hzLMjwcMvymhGlSj9mKttpd9W3bVu7fW447YWfHyiNpQoXbgIhBHJyoCHJGcgNgbkyUpqx5YJtGSVjxhl3EjeM/xc8tk5eNiW5Uk06Tc5P8MkjMwI3EoxVWPH3shOAMeYcnbsUcDsGDsgRY2j3FQBsVAhKAjO3aQWUjOw4JDK3B+MPbWw3zEVGdsuoDuQQF3rvCvkdBu53rjbkBm8smnGN1Vgxd23GB2bkOwHyqwY5IYEAK2B8zHcSysQDbIu5/LywJdnwUxHuJJIyGVTgFhuZchlwN1NRGZUC4ifIVECcxMSSig4yAFB45wJSWRVG2gBznYSW3rsVT8zNuyy8HOzduOPL3Fc4xht+5SsCEyRqEHEsWcKOi9QACQFQkDADBTzu3EsjEVVA8rCqXl2KvBTcuxARkFTlSoyQeMbk/1dOj2RtGdyeWFhl3Y+Tah2nHygEAncCBtA5whIcnkhdLIiDhrQ/KCrwA4GSRliMA8/fbDHIbdggeaOk0qsZXcZx58yhh/eK7V5z1zwPmHpuT/V1EA6W2zb+88toyCu4k7iXTBzyVIY8EnaDmUZqRgJp5WUo+/zuQQ29XQFV6NuJCg7cMdoB+UYjI/8xv8AzPJP2zSq/DjwYVBEZ+Knw6jU5xvK+MtHA4+XGACCmOGydq43N6tXlP7Z24/DnwWck+Z8Uvhw4O7O9R4w0YE53HI3EfxNyfu8729Wr/TT6GP/ACRWK/7Cp/8ApmgfnvFn++R/wr82FFFFf1wfMBRRRQAUUUUAFFFFABRRRQAUUUUAFFFFABRRRQAUUUUAFFFFABRRRQAUUUUAFFFFABRRRQB5x8Sf+TvP2WP+ykaj/wCoX4nr7fr4g+JP/J3n7LH/AGUjUf8A1C/E9fb9AHyz/wAFKv8Akon7MH/ZVbn/ANQzxRV6qP8AwUq/5KJ+zB/2VW5/9QzxRV6gAooooAKKKKACiiigAooooAKKKKACiiigAooooAKKKKACiiigAooooAKKKKACvmX/AIK+HH7Cmr/9jV4R/wDUn0qvpqvmL/gsMnm/sFa2oRJN3ijwkNj/AHW/4qbSuDwePwrvyr/faP8Ajj+aPJz7XLMT/wBe5/8ApLPh6Mm2jR8SRqrAsZQUXgOH3bTt3ZyS2Np+UZOQaSFGW5i27EaTGGZMeYT5pBYYTJOdxXnG48D7xbeBWgeRNjL87CZSeVKSMMMewWRQCHAySARjaXyziO7YhkDhmO0kb2wVwh+fnPmNtB4G9Omfm/urb+v6/r5H+Xe/qwhO77ol3JsIjkd9xzhQGwxP3k5bBXazYzlizPliWUMD5MUZV1CxqPLDMQDux8u1CBwAN5O48sqhEERiUQvtJiO91ARcrGEP3hh3jxhVHQ8BsCm3LfuSFyoRHkDNtjI/d5L4wp3ZlGdpA+X7yk4otbRf1/XmNaslWGS1vEVdkchIUPtyGP77BOAmSTklQT1PC5DUxv8AWJ8suGQKoDkSSKFk2jcdp3YwcEnB7Dh6fdMIryYlYwMl/mxtXAhw5GVyFyDnk/LgMDhabJF5MwUJICV2/KVR5SBN0KlRkltw5P3gdqdQdNf68xdObyCN42JKG3l58x/LC/vANrfKqhiRl94yc7tvOHqKWMJbO+EJTdvkXGQwjfcA21RjcxO7cuWdhlclaldxdOVM8RWYcFstDINu0FVJGQTKvALKcAcM1CSNOSRtWUklDI5Plv5ZfaNxJDc5yUztGCuMU1+I1pqOvHEU5MuzcjF1eQYU42yDazE4H7vDYGcgNgZyUjTfP5e52kTEZAkAdlBI6h92RuRiWJ++pADGlgG2Rni4PmkZEW3yywyhZVYNgb23Buckn5RgiNCt1Ci73eOVPLAMyuwyoKggnaSEdyRhshMknApdNewulkSLIxkQy7wsyqCRvRWDYTjLDY3MZxjI5wWOaQuzRvHnzjsYvEwba42tkkFWYAuRhcnhflzjBpPqn23xJpug6XbNrXi3xNK8Oi6Lp8sbajq84SN2EO9xlFGwySOFiiiPmSmOFHcfVf7PH/BK6fxWlj4j+MN/5mnOq6kvgGxgt/skasXUwardfvReZ+WRooDDbFmngke/tmLn8C8cPpIcE+F2D5+IK/NiZK9PD07OtPe3u/YjdNc82o7pNytE/VPDjwd4h4zrJ4CnyUE7Sqz0gttF1lLyXzaR86fDD4B+Lv2tNWufD/hXw1NdaDeNLp+reLNX09D4fsYzvglGJPLbU2Uxyxvb2fmAXEaW88lsr70+p/gf/wAExI/2H9a8PeM/A9vpvxE8SaDpzf2hput2nm3PmebOsn/CNTSXAi0NvJuWgNrukt54bSyt5p7fEt8/194Y8NWHgnR9P0XRbOx0fTdHgj0+ysrGD7Pa2kUeEit44kACRIi7ljXhV4BWPG6eFBLGgUfK0abQXC/L5mEG4cAluQRwBxEDya/xM8c/picaeJGKlQrcuGy/VLDQ2lBt6Vp6Tm2uzhFNKUIxmuY/0Q8N/BbIeD8Mlhk6lfS9WW97W92PwwW9t3bRyfXivgv8dtE+MMV7a29lrOha3oX2caxoWt6c9nqGniVWUkqQUubd5I5YY7m2aa0uGtZVt5HEJkHcpM9sA7O+Y2Z5isn3yrfN6bv4BuyFXBBCAFDxfxc+AHhz43SadcapbCz8SaG8raD4jtLeKPWfDk8+wyS2czo/lFxGnmQMrwzxK0d1HLFK6HiY/il4w/ZuWMfEuU+KvBe/e3j6xs4dP/4R63UtG7a3D52d+FjZ7+yiECK1w01rpdvb+c/80PAYfG+9gHab/wCXUn71+0JWtO/SLtO7UUpvV/q7qyh/FWnf/Pt67ddNj2jylWNIZCECBreRmbChR87dRhcDGBjDgH5AgBDmlcrnDiRmeYqPvCTA2hTgtuC8/NyVJGwj5Uz/AAz4k0/xl4V0/WtH1Cw1PStTsob+0vbOVZrWaCTLQTxuu5HhKcoyFkGQ/wC8B31ekVSWXiBceWS3BTDb8sSfvr1OWyQS6MDmvDnBxk4zVmt/1/r8jo0f9f1/XYJFVQcYEREpTHC+WqhkIOR8oJyDuAGeHT7lOZcSbSN3zOHXH8YjDEAgbgWfDZUAnYCqEEtSsd9w2QUZ3UjJb5GlQrk52twcAfdIwVVs/uwkC5KEDPzQiNQMeYUViUHAUEFW4IUAj7qEhzIumv8AV/6/AI2+ZWzuyzgMh27wxOGBBGC+AB91C+5uTsyQL57RgjeXZS/HDqxIk4x0ztDjH3hkqmd1NW3BxE5IBRYmJUg/vJN2cNjqOu7qflbzTwBma6R2EYZpInk2bd/zF9rHB5JC/L0YgcbF+4wMLbMqRMXIMgj+cEFg5cqr8n+6CAxODwMy5FOg3TNGy/6x2VwPmO0gmME/xEKMbv4zuAfYvFErfvGfPDNPKrZ6r5YwwOemCMNu4zjen+ro24c8eXjy8LjpkEqAGCjgjagYBQxydz5UG4tyNZQIdwGUMaNs4+dBmNUOBjDZJIA2n/lmrHLU6fJUhnLFUeMuSOfLIbdnPZuMlvl/vq+QXRL9o8pMcHK4Az8r/K/UZO1sbt2csSWVRtIb5nmRpKWCGQNKWJbA3fIXz/dUAHKsSNwAdU5L6/18h9f6+R5N+2fIR8PvCDcKX+K3w6UjAX73jLR5CP4ckE9xux1UZLN6tXln7Z2R8PvBvyGL/i53w9AQgDaB430UAcAA4BA43AZ6jOX9Tr/TL6GP/JE4r/sKn/6ZoH55xX/vcf8ACvzYUUUV/XJ8yFFFFABRRRQAUUUUAFFFFABRRRQAUUUUAFFFFABRRRQAUUUUAFFFFABRRRQAUUUUAFFFFAHnHxJ/5O8/ZY/7KRqP/qF+J6+36+IPiT/yd5+yx/2UjUf/AFC/E9fb9AHyz/wUq/5KJ+zB/wBlVuf/AFDPFFXqo/8ABSr/AJKJ+zB/2VW5/wDUM8UVeoAKKKKACiiigAooooAKKKKACiiigAooooAKKKKACiiigAooooAKKKKACiiigAr5k/4LArv/AGENZAJUnxT4RGQOR/xU+lex/lX03XzL/wAFfef2E9X/AOxq8I/+pPpVd+VO2Nov+9H80eTn/wDyLMT/ANe5/wDpLPheZg8G/wDd78F96vuwpQnIfOdu7zMHMeOgI43SzsZ1kjDS7G+QoSJMEk5DfKwHEisAT0xwoBwkZMM0nEg8tjIQATtG+XcSgIJyOB8p5IOZOtIqBpvJkJK7ljIlckBS7r8wLDdkZAypyWHL9a/upq+q6WP8u9OvT+v66heNJHbsx86IL5m4lmUruRnwedvHyfMHUA8AqF2l10fJvJ8nys7mLZ2qMLD8x5XKjqfvfLxuH3RGsHnxb/K2eYT86KrmMt5gO4qQ3ylznbggsfmO4tThJ9pmLxkZuD8oWRSQ5WIjdtZQSAHOPmyoPIHFGl9AVkwkw0n+rVN7/OC251dtgO48bXxIwGH6DADZwB0AYEoYjKQHwDHglxxkEBiRMed+NwJUZJwJOsjqFc7ZjgF52G5CEXKtv5JyhVh6gHazE0633YjlVWQ7sEqibVJZC4G3cw5DZ9w2SPlKi2S/r+vn/wAE7CkSzyf8ty0h3FfmUJnb05A+7JyQ2Ny5Vcg4akxD8M8T4P8ArWI8tmZwm5S/qAOOGONpAXhLKBdsZRFaMmMK235XCbwOcYAAUMNqqu4DDYbhvw707Vfi74/j8G+B9Jl8TeKopIILiGBZFs9CMsaPGdSukUpp8TBDIPNRXmWGVYIZpdsTeJxFxHleQ5dVzXOsRChh6SvKc5KMYpebdvJLVt6JNnqZPkmPzbFxy/LaUqtWWijFXf8AwEurei3b3INU1Gy8P6bcXF7cWljZ2ERkluLhkjFvEm/MmXKrGqrAsh+UKPLJG6vSv2ev2PviD+1gbTVLGBvB/wAO9SRZv+Etu7qNbrUrFjLtn0q2RJC4PzKk94IoVWSG5hS/iBD/AEt+yz/wS+0L4a6poPjD4gX9z4y8bWE0eoQWCXMieHdCvIt0oFtbLFF9qkVzGfPvElcTWqzwRWbfu4vqvaojcNjCheOhwvzS7WyQp3AEtk/Ngb842f5M/SF/aMV8Q6uR+F8XCOsZYupH3mtU/YU38KejVSoubf8AdxdpH9x+F/0V8NhXDMeMGqk9GqMX7q2+OWnM11ivc7uSPPP2bv2VfBf7LXh6Sy8LaRCuqXqxHWdauYY21rxHNB5jpLfTxx7pWQyuFTaIYlkRbdIkCRD0NMiOIK56KVKkZVmywYc43MWZAclTzuZz8tEqNPDJEcHJZiNmPnYF8hcZGUyNmCRuO5ZA2adI295GQ5YyOyEHht4Coc57jdtOeSNodM7K/wAq81zbG5pjKmY5lVlVrVW5TnNuUpSf2pN6tvzP7EwuFo4ajHD4eChCKSUUrRSWistkuy2G7lWNCuMAM/yj5FH/ACy28ElQ5ITIOTkqhGNrmhEiBDsXdsgbDAkbj85IywzvVgct8xyCH2qGPmlceT98+ZtPzDduAXcduCPnHz4A2seV6OCFhJMjRhI1ZkkQABVUf6uPgHHB4OD+8H3WIGyvP8zfzGtmQOdhyQ7eXgZzIvKYI9BvxtJI5ZN2CXKS042sjMcIh3FTJuRRu3LlyGC8HLbQpZiSoVWwwhliXB2OYoRjIyMlmA4ByrA9gUwQFjHz0B2ngLcEzgSY34DOxIHf/YBUlhghVWQg8A/6/r+vmeSeJP2c5vBWv3/iz4T3dp4M1u+nfW9X0QRQQeHvGV27vvn1AR2zyW93IGfOoW2HYyRvcLfwWkdtVz4b/tNwal4ztPBnjPSj8OPiHemRdL0S/wBRgnTxCkSCWSTR5VcG7gUpIXjZIbqOHypLm3tElgVvUZAJGYbXbcyIu5QpUkg8sMCNnbDHA3DjoxRRifEX4faJ8XPBd74e8Q2ovtF1IJNOpkktpI3SdXE0TxsHt5opUiljmjKywSRhw8cgWQe5HNKeIiqeYw5+imv4ke27tUS/lnrZKMZwW3P7Jx1paeXT/gfl1szZUIVXkGMowJIMg2sQR6Fg0mRngyAYKt94BPmAZAYsCGOVYy+YoHLHg7sZQkbDgKVUquPGY7Lx5+y5LHIk+ufE74fwMl1erf3DXPirwxAjGEJaLFAX1iIR+WSs8n9oEQTlZ9Wlmjt0734PfGzwv8dvDM2q+D9at9YisXezvYYWZbzR7xdjzWN3C4E1tdws6GWGWMTLkLLFuK5wxeU1aVP6zRftKX86216S6xl0tK17XjeNm7hVTfK9H5/1r6/kdPxs42YC4PVwcnDEqcthsYMZyzPnGCpcySAOJC6uETerb1B2EoF/eE7gABtG47ickj93nIrbTGEPEbZTB+QHb+7KjOArMWwN2CPlLjGymiEToqICWcbVJyfLBdST03Ha+4MRtfO3dg4ceUa9dRwYrIpw4dWBOQS29Y8dM53DklclnUjDsBtqMoHhYAbx5ZUBHD7t3z7c/wAR435AJZPvoTjJJKJoJDj5JVeXHGcO4CrnBHLDPAIcZAWUktUk7F2k3B5GZmUbQfnKEEgNk4+bLKBuZQrgYPyqw/r7v6/4IOwld+Em8zoAAfMLggsoJYEsOVY7lCqVO0BjRG3zxsD5h8xGG05Mu0FQVydx3gHk9lbLsgAJIxLyAh5MyOzKgJMmwDfgA5zkLt5+QgDcD+7o3eVMST91ptxU7OmDIQQRgHoOdoPLMXwKXT+v6/rqLp/X9f11PJP2xgq/DjwXtJIPxO+H2SRtLEeONGzkdepPUswz820k7/Vq8n/bM/d/DXwWDww+Kvw4Rv4Qf+Kw0chcfLjAI+XHXJ2LnNesV/pp9DL/AJIrFf8AYVP/ANM0D8+4s/3yP+Ffmwooor+uD5gKKKKACiiigAooooAKKKKACiiigAooooAKKKKACiiigAooooAKKKKACiiigAooooAKKKKAPOPiT/yd5+yx/wBlI1H/ANQvxPX2/XxB8Sf+TvP2WP8AspGo/wDqF+J6+36APln/AIKVf8lE/Zg/7Krc/wDqGeKKvVR/4KVf8lE/Zg/7Krc/+oZ4oq9QAUUUUAFFFFABRRRQAUUUUAFFFFABRRRQAUUUUAFFFFABRRRQAUUUUAFFFFABXzN/wV7/AOTFdWz0/wCEr8I54/6mfSq+ma+Zf+Cvg3fsKauPXxV4R/8AUn0qvQyn/fqNv54/mjyc/wD+RXif+vc//SWfDDMIU/efuw2N5ZgsaNuZ2YbkAJXa5BAy2ctwQ1PC/LcRkZDEbkIzkNLIGyMdCA2TtGck7j95Wo/2WSNgy2+0AbmXCpgSnH8G5V4xycjJwM7i7HkEb49q5EhjZvvD7+MKpUsMsflyx8tSScjH9zuOmh/l4+yGzL50AkbfNJJF5iuqcBgXZcbVYMBk4yWwQuAxYbpCd4zgy5dyAWZ1LK+EB+/gZfJIIIx04wIZ4/JhdZiEfYVyyxoh3RszksVwctvJwOqgldoJMl0mDtcfMfMRVcf6zfISq8h+CEOcH5VwSo2jbUrPT+v6/rUT6CwybJ/LMkh+ZRtaQ72AdyDncpOACxO3kA8vwaqavqkejW0D3AlMwaCCC3W2e5uLqdmQJBFGivJJJJK0KKsfmM7siIDIyZ6T4K/B3xx+0x4n/s7wPod+ukG6aG98W6jZvDoWlYmmEjIWeJ9QlSRHja3slkInRYLiW2L+an3b+y//AME7PAX7Od1Ya5Lp9p4q+I8SbJvE2p2xeW0uHhkilWwt5Gki02FonMJS1+d4YoTcSXRBkP8AGv0g/pq8GeG/tcswUljszWnsaclyU5a/xqiuoWe9ON6mq92Kakv6G8L/AKO2e8USjjsenhcI7PmkvfmtPgi7aNbTenbm2Pmn9nH/AIJseM/jy+lax47kXwX4FvVQ/wBioLlfE+s2JZgUnYlP7Jzsi3hfPujHPh/7OuIwYvu/4T/Cnw/8HPhzpHhbw1p0OkaDp1v9nt4I2MhzLO0jyO7szSySuXeSWRmaaR2Z3uHck9JE6yXSdW3vDtBbcSPvIcksTgBs43KSNwKkMRFF5iWsTpvDPCfLZerN5m44POTgZ75Az++7f4l+Mfj5xp4m5h9c4nxTlTi706Mfdo0t7csFu0m1zy5ptaOVtD/QXgfw6yLhLCfVMmoqLduab1nJ23lJ/fZWiukUDyiVGkI+ZlkeReD98+WF6E9QOHBzjAQkBUkZvKkznmNnYsT1aKMDdnPTOQctzwrOPuElA2SISggTz4wCQAigpjBwx2g4BHKgE7sY2BRK0E5dgVkBE3zLyGIKkHkkZZQq8OcEhCQfl/GOmh9x008xIl2yLx9xoMrjssZYqBjqOoULnuEQnfUaRh4EVjuDw7SY8SE5cOwHJy2w7iMnI6+d2cqqsfltjag8sFugQZL7hnbtUlQ4UqvygZPEYfCzTTRb87t8RO8ZbIJO08ZJ+YuBj5V/hjIDUeaBvqhkztOj4xmUBsK+VLs4KkHPOVACtnnaADERinPKDuZeR5kkqEMdu1uARjpu+YKygNnoHBZmjgLyW8YRsN5auhLYw7SkBs88nJ553ZP+up0zLIsvQRyGViSMYViPbgBgA/HH8atnfT8gtrb+v67DotsLDd92Noxj5RnYRxgZyVztKqCu9lK7WziPywsWyQ/8sdr7cOV3TYIxk5Y8ggk5IIPnEcSS7nLEf6x2EbfejaKR1ZSc8gNnbg5OFICjkbxl+2HAGfN81QMbSVLkjK4OPnwG68Y3rz8q8wv1GzO0ayyDClDKxw/QkhXAIK8AkHIwOu/aw3B7R5uiiKR87Rqqhcgp8ygA4HC/dU4wfmw4+cIJBKyyM+1ZFE5flMAnbIQcnnnhwSAnAKAhzHKHSDDrtZISNhXhdz+Xt28jGAMLgjIyBKeQeQeX9f0gODC33APLJAbJTnqGz82wPjzD94sfmCqMH8cf2zPg5pnxB+Ivjrxnb6FeNNpXxRN5aftKWuoagG+HsX2iEXlrPaJtlvI9P+xx2UbQmawQXUjfaLJ1mSv2TlVhLxk/PIqFeSx2+WvOcl/lOfm3AAksg+WvmrXP+CZXhXWdC8R+GYPHPxI0n4X+M9Xm1nW/Aem3enxaJeC4nE11Asxsm1FLW5lMxaKK7jDGWQRLHG2F/TvDHizDZDi6mJrVHBvlWnN8PN79uX4ptfDTqJ0Kl2q0WrI83G4edWpCcFsn9/NFq/b4XeUffWnLpe/a+E/2h9b8DeJtN0D4pWFhpV3rV7Fp+i+KvDsV3c+HNbMsgRPOkMWNIupZ2h8u1uZJI5je20MN1fSeYY/XY0AKq6FeNrIqnKlWyYwM54HzqAcr/AXXiqWt+FNP8VeG7rRNW0yx1bSNRsZLK70yeCOe1urdz5Mts0TAxtE0Z2PEQyY+8R99vI4Pgp4i/ZvaO7+Fkn9qeEIlWXUPAF9cPOtxGCUWPRLq4nWLTVETeXFZOpsJDBDHCmmq812fj+XA47Wm1Rq9v+Xcn0tJu9Nv+9eF23zU4aLrbnTvbWP4/wDB+Wvke1ov2lXDDdvUBio34QjczAqMEOcsPlIfaVbkhVa0jzqzBgZ3RSuCGJZiWXaDkMBy45wpBAfbu28R8IPjlpHxtg1Gzt7bWdG8QaPHANW0TXbF7G/0+SV2jjch8xzwsY5oku7d5rWc28wimuhG23uZZBIZiHzGzSyZOV3fKD3IIKFVBJIwcAOuNleTicLVw1V0a8XGS6P0T+5rVPqtb2NoyjJc0dV/l/X9ajZigimaMDylQlVySpj3YGegMZySAxUfKwDeWSQ6RvKkk5y6tNlnPI2x8v1UhjlfmO1QvCkAqWFXfJhhkbkLrj5jmMu+OAwbID4UBsqPlXO4kUpHlfxESLKSrDaWO7BXp/rMjDAqrHdkAko3OPZHkn7ZxWP4d+DgAVUfFT4cxgE4JI8Y6MV4+XHy9UxwTnaB8zerV5P+2T/yTTwUB1/4Wn8Oc44BVfGWjqcDjhSQpGOG52JnNesV/pp9DL/kisV/2FT/APTNA/PeLP8AfI/4V+bCiiiv64PmAooooAKKKKACiiigAooooAKKKKACiiigAooooAKKKKACiiigAooooAKKKKACiiigAooooA84+JP/ACd5+yx/2UjUf/UL8T19v18QfEn/AJO8/ZY/7KRqP/qF+J6+36APln/gpV/yUT9mD/sqtz/6hniir1Uf+ClX/JRP2YP+yq3P/qGeKKvUAFFFFABRRRQAUUUUAFFFFABRRRQAUUUUAFFFFABRRRQAUUUUAFFFFABRRRQAV8y/8Ffef2E9X/7Grwj/AOpPpVfTVfMv/BX3n9hPV/8AsavCPX/sZ9Kruyv/AH2j/ij+aPJz/wD5FeJ/69z/APSWfDIP2aRPmjgwoTLLtRNom46JuUZ45OVwcDO5jzFVlMhePGI2JlVSq7SwBbfu3BXBJJP+rZgMkFoNR1O38O2Ut5d3Nrp1pZwNJPcXBEUFtHGs7MWY7B5aDJySflXJA5Y+k/s5/sifEP8AanXTdV023bwd8NtQEdwvim/ule+1O1dWCS6XagTebuMTqs92sUB86C4hS/jO2X+qfEnxW4W4CyqWccVYyOHpWsk3edSVrqFOCvKcn2Sdt3ZK5/nVwfwLnnFGO+o5LQdSWl3tGK7ylsl97fRN6PzSXUZD4s0nQdMtJNU8W+Im8jRtCsVT7drkoLbxDGXQFEDiSR3k8uGPdJK0SoZK+q/2df8AglVceJ0s/EPxevw9pNsvD4EsorcWYjfznEGr3f70Xqj927xW/k2243EEj6jExL/TX7N/7KHgj9lHwtNp/hbSof7QvraGPW9bvESXV/EkkTuVkv7iMBpWBeSNEx5ce5o4IooVEdekqpLnl2kXeynJ3lwMlvlDZZcBG4K8gDGTGf8AGH6Qv0+uKOM/a5NwcpZfgHeLkn/tFWOq1kv4UZJq8INyXWo03E/v/wAL/o25Jw5yY/OLYvFKz1X7uD0fuxfxNPaUteqjFlTwt4b0/wAF6LpmkaLZWmj6VpcVtp9lYWNuLWCyt4x8kEcS8Iiqq7YxwkZC7UGWqZQrWOWJx5GXwM/IZCSc8jnA+8dpBJZpApNTWiFpE2ICoMBwqghUPzccn5Qw4wGC5IDAZKQo4NmmVDDyg5PO45lOADzjc207hljt+UyHDD/P2UpSk5Sd238z+lVpovImdmjmfzMp85kfAzgkgA4IOcFQEyCzMPlCoMVEcxwtjZHIsZ54wGXk5zkNtPzEsflc7d53HEk0RIdD83mM6ZRQd5LfMFHTJKH5M4ABaTJOKHlDTGT+Ess2UYtw/wAjEHgkk8J0OPuFh8lQgQPEFd0XhR8qKVKfKwLRLg4I2sOMkYY4Vl5SmhlYHdghgN3GdoZSsnGOpf8AhK/My42AgtQ6NErhcCSMlFEabfnQjBUY4/dnAGM7QeJVxTnbYr+Ucxxqzpz8sa4bbtOflXYWIYEZPy7kAC0B/X+f3jZ3aNS7YDhHmbD9GJEbc542j0Y7fu70XG50u2380jlIsAH5QQIvkJA+7wWDA42Ag5CEFqNvluVUf881XcNm3giLggAc/Nyu0MMKpfNLCPOmiIJfc8R5DZwhKkkHceGwcEnaWGQjZejYNl/X3DLiPETxbQXCNF8gbDEMrMMHJLEAueu4EcS4p0jea8mw7i8jsjodxywGzbg8sVB75CHO6MYWo4Rm1ViqOvk/MHb5SDIWJY54UhTls4PrNxUvmHzVz5kxUocMAJJHDllU577SW2ngcHEWAaA20GSMrgtwVcSucDK4dQBjjlWfIHy/NjOxz84c7YJLH5kVSTncdwXaN3L8iQYUfNli3ykjfUfEUX8E6iH32yhpvzw35t/027OmG1ZeQxUygbgu1tpG8n+HDDO4fdLAZMbGmHl8hwh3MilcB2ihO3jdyWfkFssHB5yWHP3eZDE8hls3PB82IyHAHJeUDjrw2BwMhueJsmpZpAkisH2fMyFnyjKGjb7xyDkKiMdz5xkkAhAG3BZEl+Uqxi5V0UkbnKlSNuPnPzHA5YfL5gG0CvdDV7r5Drnb50p65acsTt5HRxk5GAAuCxKZG1gpChR929+8p+dR8yMzuCvAOG+6M9QU2ld+0NtJW2yNz9xp8NnssYUMTnqOhYtnsXQnZQVyfnG4My7kxksCoaVduAcnhivylsE7Dgh0iVt/XcaWWE7kxIiCORcDhlVtkYHHc88DH/PNWbLUcwrt3kCIvhgRwUJZnGTjPzFck45PmMx+WhWLMDkuxKsArgvIWGCVPcsudrjgKrL+7wTTi25Wkzu+Yys6HblcYZlYnKhlU7WYcYZQ4BU0D/r/ACOL+L/wB8OfG6XT7jU7MWfiPRJXbQPEVnDEuseGprhUaWSzneNjHny0EkTI0VxHujuYZYXcNxEfxS8Zfs1qq/EqT/hLPBm55v8AhPrO0h0//hH4QDEf7cg83OcKrvqFlEsMe+d5rTTra2Lye14MkuGVHZv3RUqVVi7eZyByAw+8MZHVw64NNRxMN8bFtzqBIGKs+9RjL443AjOcbdqBVzsY+thc1lGksNiYqpSXR7xvvyS3g7tvrBvWUZbGMqKb5oaP+t/6vbqUvC/iPTfHfh3T9V0XUbHVtI1a2hn02+s5Fmtb22ljjeCSOSM4dSjGVSoGAchlUhmtySiW2JxlXjZz0ywdlUdARlmXccDa2SAsnWvJvFP7Nk3gnX9U8VfCy4tPB2uX08uqa5ogtILPw94yupXLvLqEawyTQTyZkBv7bEuTbm6jv47VbYaHw7/aZtdY8b2fhDxtpZ+HnxDvjcSWWh6lqUEieJAkBaWbSJ42L3kSBHJUxxXkMXlyT21qk0KSaVcqVSDxGAl7SCV2tFOKS15o9V1543VrOXK3ypKtytKorP8AD7+787P13Kn7ZzMfh74S+Yc/Fb4fbscByvjTRA5xuOeduDltoGzCkc+p15P+2Uyp8N/BnPX4p/DgLgqNw/4THRinQ4wBuBC5Qn5lwQ2PWK/0Z+hj/wAkViv+wqf/AKZoHwnFemMj/hX5sKKKK/rk+YCiiigAooooAKKKKACiiigAooooAKKKKACiiigAooooAKKKKACiiigAooooAKKKKACiiigDzj4k/wDJ3n7LH/ZSNR/9QvxPX2/XxB8Sf+TvP2WP+ykaj/6hfievt+gD5Z/4KVf8lE/Zg/7Krc/+oZ4oq9VH/gpV/wAlE/Zg/wCyq3P/AKhniir1ABRRRQAUUUUAFFFFABRRRQAUUUUAFFFFABRRRQAUUUUAFFFFABRRRQAUUUUAFfP/APwVB+D3jP47fsVeI/Dvw+8Ow+LfFzapoWpWOjy6nbaamoCz1qxvJYzcXLLDH+6t5OXPbADEhT9AUVpRqzpVI1abtKLTXqtjKvQhWpSo1VeMk0/R6M/P39lz9kLxV8N77SPF/wAQv2fvjD4v8d2EkOoW9ini3wSvh7QrxMFGt4F12P7U8ZERW4vlmImto7iCO0J8lfqpvj98QixH/DNvxZ2ZZcN4l8EH5CMgEf8ACQ5OW+8M5fqWx8tesUV+KcdeBeQ8ZZrPOuJq+IxNeXWdZtRV78sI25YQV3aMUoq7sjsyCpSyPBxy/KaMKNKOyjFLW1rvq5d5O7fVnk6/tBfEUsC37N/xczlWYjxR4I3ZIxIc/wBv/exwGwPl+UBOtC/H74hbgG/Zt+LJTKg7fEvgheAOwHiHjb0VQcL97LNXrFFfG/8AEpXh9/z7q/8Ag1/5Htf6z47uvuPJ1/aB+InmIzfs2fFk7XSTH/CS+B+D1f8A5j+OSA3TBI+6rfPRD+0F8RYkTH7N/wAXFZAVLr4o8EZILliR/wAT/g/dPOd3Ibdw1esUUf8AEpPh9/z7q/8Ag1/5B/rPju6+48m/4X/8RAmP+GbPix93aAPE3ggKuDxgf8JBnA+8oyChGA2DxKv7QvxES6DL+zf8XMB15PiXwOCV+8/TXwPmbkgYyeSSPkr1Sij/AIlJ8Pv+fdX/AMGv/IP9Z8c+q+48ntv2gfiJAkX/ABjZ8WcoIww/4SXwOQQHLYH/ABP8ccYOMcEKI85pB8f/AIiLAF/4Zs+LDFVIyfE3gj5jvLdf+EgyM5B3D5gyqSXr1mij/iUrw+/591f/AAa/8g/1nx2919x5O/x/+IhV/wDjG/4ssckDd4j8D4YMRuJH/CQY5Gdy9GIBGw80S/tA/EQ+Z/xjZ8WXDFuG8S+BzkeWVU/Nr7c8kEnJPXOBsr1iij/iUrw+/wCfdX/wa/8AIP8AWfHd19x5Sn7QXxEWdW/4Zv8Ai2cSRsT/AMJL4IydqYJ/5GHOT065x1Zh8lNtv2gfiJEkQb9mz4skRiPgeJfA/VXJx/yH+gBOBjGcbRHivWKKX/EpPh9/z7q/+DX/AJB/rNju6+48nh+P3xCVED/s2/FlxgxuD4l8EYKlyzH/AJGHJ3cAjPc7i+BTo/2hfiMTGZf2bvi25GxmP/CTeB8swct1/t/kAE8YxnBUR4r1aij/AIlJ8Pn/AMu6v/g1/wCQf6zY59V9x5Mn7QPxHijG39nD4tiRY2UMPE3ggfN5m7Of+EgPXv1/2vMp6ftBfESKYFP2b/i2oVm2n/hJfBHC9R/zMOfvctzl+pbHy16tRT/4lK8Pv+fdX/wa/wDIP9Z8d3X3Hk6ftB/EaOOIL+zd8WR5IUoD4n8Enawzn/mYAMDLfdC7gQvyqORvj98QixH/AAzb8WdmWXDeJfBB+QjIBH/CQ5OW+8M5fqWx8tesUUf8SleH3/Pur/4Nf+Qf6z47e6+48n/4aC+Irxurfs3/ABcIlC+Z/wAVR4IyxP3yf+J/hjwMZGCBt2qM5d/w0F8RDPuP7N/xb5k3EjxL4IB5TDkf8VDkHsvOVHRsfJXq1FH/ABKT4ff8+6v/AINf+Qf6zY7uvuPJv+GgPiMLfaP2bvixkw7GA8SeB9pI4Cn/AIn+CNpIHAUElthzgPl/aE+IjPn/AIZt+LcijKhX8UeCOVx0JPiBuDgKwOQcBhhuK9Woo/4lK8Pv+fdX/wAGv/IP9Z8d3X3Hk6/H74hA7T+zb8WWXfyx8S+CNxUsXY/8jDwxYj7u3lQ2cAIMX4iePfFnxa8F33h7xD+zF8W7/SNS8lpoR4s8FwvHIkiyiaKWPxCrw3Ec0ccsc8RSSORFeMxSASV7lRV0von8BUpqrThWUk001Vaaa1unbR+aE+Jsa1ZtfcfGGpeHf2iNc8WfD/wVY/Cjx9qfw8l+IXhPXtT13x5448JjUPBdjpWvWN86xvZalcTarCbe1VR9pBvEaN3kub5pUWD7Poor9o4M4HynhbBSwGUQcYTm5yu7uU2oxu9kvdjFaJXtzO8nJvyMVi6uInz1Xtp8gooor645gooooAKKKKACiiigAooooAKKKKACiiigAooooAKKKKACiiigAooooAKKKKACiiigAooooA84+JP/ACd5+yx/2UjUf/UL8T19v18QfEn/AJO8/ZY/7KRqP/qF+J6+36APln/gpV/yUT9mD/sqtz/6hniir1Zf/BUqe80G5+AHiOLw/wCMNf0zwr8Spb/Vh4b8N3+v3VlbyeFvENoszW1jDNP5f2i5t4ywQgGVckZrzn/hsrw7/wBCX8f/APwyPjP/AOVdAHrVFeS/8NleHf8AoS/j/wD+GR8Z/wDyro/4bK8O/wDQl/H/AP8ADI+M/wD5V0AetUV5L/w2V4d/6Ev4/wD/AIZHxn/8q6P+GyvDv/Ql/H//AMMj4z/+VdAHrVFeS/8ADZXh3/oS/j//AOGR8Z//ACro/wCGyvDv/Ql/H/8A8Mj4z/8AlXQB61RXkv8Aw2V4d/6Ev4//APhkfGf/AMq6P+GyvDv/AEJfx/8A/DI+M/8A5V0AetUV5L/w2V4d/wChL+P/AP4ZHxn/APKuj/hsrw7/ANCX8f8A/wAMj4z/APlXQB61RXkv/DZXh3/oS/j/AP8AhkfGf/yro/4bK8O/9CX8f/8AwyPjP/5V0AetUV5L/wANleHf+hL+P/8A4ZHxn/8AKuj/AIbK8O/9CX8f/wDwyPjP/wCVdAHrVFeS/wDDZXh3/oS/j/8A+GR8Z/8Ayro/4bK8O/8AQl/H/wD8Mj4z/wDlXQB61RXkv/DZXh3/AKEv4/8A/hkfGf8A8q6P+GyvDv8A0Jfx/wD/AAyPjP8A+VdAHrVFeS/8NleHf+hL+P8A/wCGR8Z//Kuj/hsrw7/0Jfx//wDDI+M//lXQB61RXkv/AA2V4d/6Ev4//wDhkfGf/wAq6P8Ahsrw7/0Jfx//APDI+M//AJV0AetUV5L/AMNleHf+hL+P/wD4ZHxn/wDKuj/hsrw7/wBCX8f/APwyPjP/AOVdAHrVFeS/8NleHf8AoS/j/wD+GR8Z/wDyro/4bK8O/wDQl/H/AP8ADI+M/wD5V0AetUV5L/w2V4d/6Ev4/wD/AIZHxn/8q6P+GyvDv/Ql/H//AMMj4z/+VdAHrVFeS/8ADZXh3/oS/j//AOGR8Z//ACro/wCGyvDv/Ql/H/8A8Mj4z/8AlXQB61RXkv8Aw2V4d/6Ev4//APhkfGf/AMq6P+GyvDv/AEJfx/8A/DI+M/8A5V0AetUV5L/w2V4d/wChL+P/AP4ZHxn/APKuj/hsrw7/ANCX8f8A/wAMj4z/APlXQB61RXkv/DZXh3/oS/j/AP8AhkfGf/yro/4bK8O/9CX8f/8AwyPjP/5V0AetUV5L/wANleHf+hL+P/8A4ZHxn/8AKuj/AIbK8O/9CX8f/wDwyPjP/wCVdAHrVFeS/wDDZXh3/oS/j/8A+GR8Z/8Ayro/4bK8O/8AQl/H/wD8Mj4z/wDlXQB61RXkv/DZXh3/AKEv4/8A/hkfGf8A8q6P+GyvDv8A0Jfx/wD/AAyPjP8A+VdAHrVFeS/8NleHf+hL+P8A/wCGR8Z//Kuj/hsrw7/0Jfx//wDDI+M//lXQB61RXkv/AA2V4d/6Ev4//wDhkfGf/wAq6P8Ahsrw7/0Jfx//APDI+M//AJV0AetUV5L/AMNleHf+hL+P/wD4ZHxn/wDKuj/hsrw7/wBCX8f/APwyPjP/AOVdAHrVFeS/8NleHf8AoS/j/wD+GR8Z/wDyro/4bK8O/wDQl/H/AP8ADI+M/wD5V0AetUV5L/w2V4d/6Ev4/wD/AIZHxn/8q6P+GyvDv/Ql/H//AMMj4z/+VdAHrVFeS/8ADZXh3/oS/j//AOGR8Z//ACro/wCGyvDv/Ql/H/8A8Mj4z/8AlXQB61RXkv8Aw2V4d/6Ev4//APhkfGf/AMq6P+GyvDv/AEJfx/8A/DI+M/8A5V0AetUV5L/w2V4d/wChL+P/AP4ZHxn/APKuj/hsrw7/ANCX8f8A/wAMj4z/APlXQB61RXkv/DZXh3/oS/j/AP8AhkfGf/yro/4bK8O/9CX8f/8AwyPjP/5V0AetUV5L/wANleHf+hL+P/8A4ZHxn/8AKuj/AIbK8O/9CX8f/wDwyPjP/wCVdAHrVFeS/wDDZXh3/oS/j/8A+GR8Z/8Ayro/4bK8O/8AQl/H/wD8Mj4z/wDlXQB61RXkv/DZXh3/AKEv4/8A/hkfGf8A8q6P+GyvDv8A0Jfx/wD/AAyPjP8A+VdAHrVFeS/8NleHf+hL+P8A/wCGR8Z//Kuj/hsrw7/0Jfx//wDDI+M//lXQB61RXkv/AA2V4d/6Ev4//wDhkfGf/wAq6P8Ahsrw7/0Jfx//APDI+M//AJV0AetUV5L/AMNleHf+hL+P/wD4ZHxn/wDKuj/hsrw7/wBCX8f/APwyPjP/AOVdAHrVFeS/8NleHf8AoS/j/wD+GR8Z/wDyro/4bK8O/wDQl/H/AP8ADI+M/wD5V0AetUV5L/w2V4d/6Ev4/wD/AIZHxn/8q6P+GyvDv/Ql/H//AMMj4z/+VdAHrVFeS/8ADZXh3/oS/j//AOGR8Z//ACro/wCGyvDv/Ql/H/8A8Mj4z/8AlXQB61RXkv8Aw2V4d/6Ev4//APhkfGf/AMq6P+GyvDv/AEJfx/8A/DI+M/8A5V0AafxJ/wCTvP2WP+ykaj/6hfievt+vz40T4pf8L3/bI/Zzj0HwZ8X4IvDXjbUNX1W81v4ZeItBsLC1PhTxBaiSS6vrGGBcz3VvGF37maVQAa/QegAooooAKKKKACiiigAooooAKKKKACiiigAooooAKKKKACiiigAooooAKKKKACiiigAooooAKKKKACiiigAooooAKKKKACiiigAooooAKKKKACiiigAooooAKKKKACiiigAooooAKKKKACiiigAooooAKKKKACiiigAooooAKKKKACiiigAooooAKKKKACiiigAooooAKKKKACiiigAooooAKKKKACiiigD/2Q==</file>
    </questiontext>
    <generalfeedback format="html">
      <text></text>
    </generalfeedback>
    <defaultgrade>0.0000000</defaultgrade>
    <penalty>0.0000000</penalty>
    <hidden>0</hidden>
    <idnumber></idnumber>
  </question>

<!-- question: 126859  -->
  <question type="description">
    <name>
      <text>Questions 10-12 Example</text>
    </name>
    <questiontext format="html">
      <text><![CDATA[<p dir="ltr" style="text-align: left;"><span>Use the following example to help you to answer questions 10-12.<br></span></p><p dir="ltr" style="text-align: left;"><strong>EXAMPLE QUESTION: </strong><strong>Select the segmented blocks that match the whole image shown below.</strong> The segmented pieces are always pushed together with adjacent blocks. They cannot be spatially moved in any way, only pushed together to remove segmentation. However, sometimes the image above can be rotated 360 degrees relative to the segmented blocks. In this instance the answer is B.<br></p><p dir="ltr" style="text-align: left;"><img src="@@PLUGINFILE@@/10-12%20EX.PNG" alt="" role="presentation" class="img-fluid"><br></p>]]></text>
<file name="10-12 EX.PNG" path="/" encoding="base64">iVBORw0KGgoAAAANSUhEUgAAAn0AAAMnCAYAAABLEeToAAAAAXNSR0IArs4c6QAAAARnQU1BAACxjwv8YQUAAAAJcEhZcwAADsMAAA7DAcdvqGQAAP+lSURBVHhe7J0HgBRF2obdvEtWskRzujvv9HL4784z54QJFUSUnHNGkGDOOaCgoqioZMlBcpIsSM7ssjlO2vf/vqqumZ5hFljYMOF7lpfu6enp6emprn6mOp0DQRAEQRAEIeIR6RMEQRAEQYgCRPoEQRAEQRCiAJE+QRAEQRCEKECkTxAEQRAEIQoQ6RMEQRAEQYgCRPoEQRAEQRCiAJE+QRAEQRCEKECkTxAEQRAEIQoQ6RMEQRAEQYgCRPoEQRAEQRCiAJE+QRAEQRCEKECkTxAEQRAEIQoQ6RMEQRAEQYgCRPoEQRAEQRCiAJE+QRAEQRCEKECkTxAEQRAEIQoQ6RMEQRAEQYgCRPoEQRAEQRCiAJE+QRAEQRCEKECkTxAEQRAEIQoQ6RMEQRAEQYgCRPoEQRAEQRCiAJE+QRAEQRCEKECkTxAEQRAEIQoQ6RMEQRAEQYgCRPoEoYwpLi62+soffi/7+wV775Lnh4ebnD0V+bkFQRCE0iPSJwhnSKBwMfzY7fYEFSClV0FecyrU63Sv3+u56/G4Kb73CzbtYMM0PNyjutxX0linA79HSe9d8vtrTmeckjCvtUcQBEEIjkifIJwGrBImhkDJYPlyu90qgfJhf73KaQkKjaPGDo561pqOb9qmz8D9WgrtQzUsfG7V5WfVK73Ts8a2vYiHm66JQb9CTUE/Krbe0zaeeibwdeY5Nb7tNbY/PYLvtfznUa+zP0efxXpeD9cyy5jXeUdX45wa8zo9vj2MvZ8x45UBgZMua8pz2mVImS1PQRC8iPQJQgnYNzrBtsM+IdBwq5vL5fK2vAVutMw06JmgzyuCDNKvsMTMEiMtciw2/pw4XR7HJ0AnwsN9z6nX8jS8w/TzZronxDuGGksNM+/JvSxnehg9b/WrYfxYDeT/NPp5/blUv/pTz1hCbQ1Xz3E/C6vG73VquejP7D/cP4bA/mDR09KCbKbLXUaPw6Lvm59g+KZV9uip6s9KC0s90kN982kw83Gy+MOPzbRs0+Px/F5jxrGePx1KMaogCGePSJ8gBMG7AbQeB8f/WSN9wVr69Li+eDeUajyO7njfVw03cL/eoPN7aOEIvnHV07QeKPjBieP5E/D8SUe3nvRONtjI3idpftT/Vj9/Lv4M9FnUXxCsz+5bBjrmdfpzW/E+z/D0fH/exzyOGs+Hb7qm3we/j/e9TfQzFCN9jDWONR3ffJ1I4HuUBM+v6tL4wV6jh9sElodZ0f/zc1Q+VBmxxlXzHDAtnraK7tfTtH3uE+Bh5vNxfOPYX8vDuZ9mQD+pCDY9f+zvGfj+eqqCIJQVIn2CUAJ6I6h32bqcTjgdDr8UFRXBwf3Wcw56XFjIKUBBQQF1C61wvy/8XF5eHvJyc5GXk4P8/DxKPvJ5WHa2DvXzMH4+Ly9XjaNeY0WNHyTqubzgz/mHp5GHXBo/h+Yjl94nx7zWvJ7m0+81/Ng7zHxG/TmLikysZWKLy+W0dnuzEHNLqBYRvXzt0WLndhl51uHXc5xOnpaeHverZe4oUu9pD78/x/Sr747Hp64Zbh/PO6/q+SLrffh96f1pXriFkedLyaolOL7d+FrCTUufed77Wei1PJ6Rdf/Pq8fjroe6elyPel9VpihmPvR8m7LkW9b+4WEF3sfms5jPZg8vE7Mcudzq8X3j6WVuzYdaPrZp+cV6H+uxXgd02TBlQs+vnr8TyhN1udxxOeTX8Hvo5WwtH1VSBEEoK0T6BKEEeKPDG+zMzExs27YNK5Yvx7Kly6wsxZIlS1T/8mVmmA4PX7xoMRYvtrJgARbPn+/NInqsMncuFs6Zg0Xz5mHRwoX68ezZKtzPw+f/+CPm/UjD6PF8Gnfe7DlYMEc/t4CGcf/CufPUcG9o/DkzZ1J3jtWd7ff83Fmz1PC5s37EHMrsGTNU5tBw+3gq1jT0+LNsr9Xjzqf353lQ86IyT83PwrnzdebR56XPvGzRIm+WL1uK5bQsly9bjhUrVmLlypXqMS/fFStWYBkN5+W4YvkKPYyW7xqru3Y5ZcVy1V3DoWGraXp+oWmuXbMGayirV63GmtWrVXe11V21apXqrlu3FuvXrwuanzdswIYNG7Fh4ybKZmykbNq0GVs2Uz91efhGytYtm73h4TwOh/v5NfzaDWpaP9PjjdhMrzfj87R4XPWY+vmxHn8jfv6Z5oGyiV6zgbJ+/Xo1/6toWemsUp/DLzRsBS0bXobmM5rPrLr8+lUr6fEqWia0fKzp8TJWy59ex9+FPTxMDbee435T3pf+9BNlqV/Z52GqzFP5X0JdDj9eSusLd+dRWQjMTCrvs6nsrF27FkePHoWDRNNInxifIJQtIn2CUBK0weHWjy2bt+Ddt99B727d0btDR532HdGrXQffY1t4eE8rvZ5sR3kKvZ5oi16tntRpTf1PPIWejz+B7i1b6WH0uHvLx33jUPhxx4ceRfsHW6Ljw4+ig+mnbqeHH0NnSjd6fY/HnkAXGqZCw7o/+gQ6P/iI6vLz3OVxTPg99fDWKt0eozxO/da0/GJNI1j4tSeMT+nWsrVvflRonh553Bcax6RHqzYU+qyPU5fCy6F3m3YqfZ5sr9K3bXsMoPSjPNuuEwZa3VHtdQbRMh9B3ZFdu2NEjx4Y0bM3RvbpqzKiVx+M6NcfI4cOxQjK8GHDdYYPx8iRIzB69LPePPvsSDVM5Vl+PMovo0Zx91mMeGak9/FzY8eovPjcC9QtIWOeo4zFC8+/gJdfehmvvqzzCsX7+JVX8Mprr+Elesx58cUXKS/g9Vdfxcsvv6Iejx09Fs+OpPmijBo5WnVHjqB5pYx45hkMGzoMgwYOxmDKkMFDMXjQYHo8CAMHDMSAAQMwoP8A9O3bD/0o3M/h/t69e6v07dvXL/360biU/v37q9cPHKino56nZdu7l34dp1fPXujZoyd6du+BHrSecLp364YuXbqga9euajj3d+zcyS/t2rdH69ZP4Mm2bfHCCy8qcc3NzfUJn0ifIJQpIn2CEBS90eHdtdxq0b1dR9z4+z/iriuvRssrf4/WlDaUVlecPK0v/R1aXXY1Hrvsd3j8kt+qPGZ1H734N3j0givRkvo5D11whbdfPb7wCtzf/HLcR3mw2eV4iNKS+h+18jil7YVXouOFV6Ed9Zu0pdfq7u/Qkd7jKXrM/cHS7tKr0Y7m88nLrw76vD2tL/4tngwY1p6GdaL34HSn+e3b7FL0aXoxuje+AJ2aXFhi2je7DB2bXETdS/3mvQN9HjM9k840/91oHjvTe/Wm+eVhfWiZmnT6zTXoefnv0fu3f0TPa/6KDpRH/vBn3H/Nn9H6b/9Ej9tuw8AnWmFQ1y7o36cP+pC0mAwmIeo/oL/qDiQ5ZCkyz/Un4eFhRn64fwA93793XwwkERo4aBAGDxmCYcOGYcRwEi9bRj5DcjaCBHH4SOvxSIx+djTGjB7jzVgSwbFjx+rH1D/muedJEkkQrYwZM0aJIo83etRoNQ0W1meGPaP61WOSV37/YSS0LHkDB7DkWaJHUtef55/m2Yhan9590LNXLxK1PupxLxK3HiRr3UmWe7C40XOm24uiBJFEj6ej5M+IIi1HHseM35UEr3PnLn7p1KkT2rdrp9KR5M70c55q+xTaUlq3aoU7br8d//6//0P7p9th5sxZyMjI9NvFKwhC2SHSJwhB0c0MBYWFmDd3Pjq0bI3bL7gc3RtdhPfqNcFXtRviW8qXtnxx3vn4PCCf1W6MCZRP6vgyjvKpt9sE79drio/qNqHpNi0xn9B4PJ0v6zSi921MaYLvajfC9HPrY17NOipzKbNr1sXUc+thdq26mHJeA/xI/T9Q9/vaOt9RJtO8cnj+v6vbCN9Tvqlzvl8m0bTtmajev4nqmnzdsDl+qEfzQJ9zxrkNsbDGeVhZpbrKcsqiqjWwqFrNoOH5XVitFubXqG3Ne13MscLzzvmxVj2V2TTP8+o3wkz6LCYz6HObTKf5n35eY1oWjTGFluM7DS9ERxLPh0goB1xyFT7/z3WY1b0n5n/yCebNnKF2JZrw7uc58+ap7uL5C9Tuxrnz56ksoH4etoCzYAGWLFiIJQsX6Syi/LSE8pO1q1rv5lf9FLU7dMVKtQtb76o2w3iXtRXu592l1mt4mH2Xqt79rbs/LflJHTawhLrcz7tLl9H7cVc/R8NpXkx4tys/p7oBWczToXk3/QvpswTLImu3LM+XfRcuH9rAr+PnVah/wcKFtMx8y44zh5cxHz5A+XHWLL/MmD4D06fNwPfffUcyPAot7rsfHUgMp02fjvT0DNvxk/4njgiCcHaI9AnCCZgD7D0oyM9Xx8TxbtM2JBGfk3QdTKmG3IQE5MfHq65JVnwSMgOSnpCC44lVTkxSFaQlVUVqcjUcoemlJVbF4ZSalOpW14Qf11DjHadxshKSkBefTKmKwrgkuGNjaS2m1ZhSTHHH6LhiYyhxcNLzRXG+FMTFoYDmm5Nnm3dOTmKiTkIiMhOTkUnvpbrxvs/A88zh+c+uXgO5VarQa1NoeonqPXkeiun9uavmKybm1LHm3UP99vnneec4vPMfR0mgz+37DCb5NI+8TLJp2awjiXy+8YXoQt/XBw0uwJaLr8Sxx9ogbfJU5B46CD6Bhb9XPpFAnYxSYD/Z4MR4T/jgExn4xAYr+kQIfcKDOjHC9KuTIMwJJ+ZECF/M9E44CYWHFTnUvASmoMA3v/xDxO859bw+wcPEzLff9IPGmoZZFrZp2KejPr91woZ5rJ/zPe8/Xd+0OWb6gcnISMe0H6Yo4evcuTOmTZ2K9OPpJH0seieeLSwIwtkh0icIQTBnVebn5mL+tOno0eJhdG10IRZUq+WVrLNJMQsSyUsxSxtJjpafeFuX4n3M41EsQSrT8DSt8PT1/Ni6NI9qPmJpXEoxyZcaZgSPxuPPwp9BPT7LBJ1Hb/jzm2VS8vh7qlTHW/WboVeTS/FZvWY4UP1cZF9yOY72HYzc5avhIqkoJinxtiLpRl2FrdeL2c0YGB5T9fMr+LEKT9N3Pb/SoMb2vsT+Wt/7nRY0WuCYJb9ST1d/JmuXqn7CC59ZzNHXISx5SmcCi9/MmTPRsWNHJX1TpkxBWtpx1dLnW4YmgiCcLVRLCoIQiNrI0r+C3Dyv9HUn6VtcVUtfoKyUVbzyUkYSVVbxiqnqBh+nouMJMoyX3e6UanizXhOv9B2mx85q1XH8z//A0QHDkDlzHpyHjsBTVKhEh/7T3zd94Up5VL8PLUT6OW+/dxzuGjnRYqTjP65vfH9KGm5Hv163PAdifzX3q3HJzcx7mnj1yXpsMNNV43h3qfrPk28c/f5mGoHjlQbzSr5ky9Tp09HeaunT0pdG82LE2cy5IAhlAdWSghDd2Ddi9tB/SvrmTZ2O7vc9hF4kfSvLWfqiJaoVMcjwsw1/NzsSk/F67Ybo1dgnfdwi6ahSBZkXXYIjHXsg68cFcB4+SoLkpBJgb5mj757+11jlwDvE3m8wwzhnJimmrAWip6qH+5XLEuBx1fi2Ubyvsx6fjFNNPxjBxj/VNOzvw9fnY+lr166dkr7p06Yh/Ti39LnoWd93IghC2SDSJ0Q9uhVDX0DXHt4wsfTN/n4KutzdImykL1gLWKjFSF9Zyx9/N9tZ+mrVR+8GF3qlj4dzPHFxyGnUBIc690LWnEVqVy/c3OKnxY/1SKsGi8apJa4kwSkLTbFPw4iSjml5838Xnmf9Zz22v8YadjpzFjjdkxFsXD3M/x3tQ+zz45U+q6Vvujqmj6XPtJjy8hcEoawQ6ROEANRGiTdctL3hY/rCTfqiOfzdbKlSA6+cdz56kfRNsEmfGccdH4+MZs1xkMVvwVJ4srPhcbmUZKhj16xycKKu+PA+Y8qK1W9+LJQH5r3sKSvKblo8nRNF2ehzIEb62nfo4D2RIyP9OM2PyJ4glAcifYIQgHeDSv9yc3IxU6QvbGKkb2ydBujQsBnG1W3qa+mzWhW5JdQTG4eMJk1xcOQLKFi3SYkfnE5L2vylhdv+9D1sjbpQ+VD/+2Nai8tSxiqLM/8M/Dr/5ceUNDUjfR2sEzl++OEHHD+eZn0HgiCUNSJ9ghAELX3FyM7Owg/ffot2d94r0hcGOZn0+Y8bA3dsFaT+9hoSv+dVi586xq+oUH3vdoJJH+P9caD63eoSLXqXZEmKE/qYz1TWn+HEqekh9pY+vpizv/RpuRYEoewQ6ROEAHiDwxtvFDuRlXEc30/6Gm1vvxvdGjQT6QvxBEofX9Cary8Y/DuLgTMuCakXXoQDnXsh9dupcOw/qC/nYt0RwioRvthlyN5Lw7mVz7T0lYc4lTd6nj30GeyfvTzgaWups0tfR8r3kyfjeNoxNR+CIJQ9In2CYMO34eONN0tfGiZ/+RVJ313S0hcG4V23J5M+0zUnu/BjPrmDj/E71LEH0r6ZAsfBw/A4HSWKByuLUSJ/NdI/Fozwla84lS1mfln4XC433O7yET+97Pj/AOnr3BkdOnUS6atQ9LdxetHfVyTG/Bl8fZGJSJ8gBEFtdGgDnpWZTtL3JdreJtIXLvmZpO/Z02rp02EB5JM70i65DAdJ/HIXLYM7M4u+ft6la20YLClSsYYy3q7teRYnN71W31UivLB/DpOyxCw71ZJOfUb62pH0dezSRY7pq1DMt8HLuqTw9xTZ4UM3dHhpmD/dH4mI9AmCDf+NncdP+vqR9K0X6QvZqItHU3c9Sd/IUkifOcHDmZyMtMuuwNHBI5C3fA3cxzNQ7HB4d/UaAQrcFNifY7jfd0KIYIeXkoq1vHJzczF12jQtfZTvv//e75g+HaF84WVsFz0TmxwVO/wfR1xoHaf/TWmL5JIn0icINswGXG+UfNLX5tY70LtBM/ws0hfSsUtf5/ObYWKdJqeUPm9I/pxJSUj/499wbPgYZM1fAseBwygu9J3cQSVD/dnRkscbSR++MiTY4SWiYi0bu/Sp3bsifZUEL2e76AWKH18s2/RHYuzSF2wtjxxE+gShBGhTjszMDEwi6Xv8ltvRq35Tkb4Qj136upD0TarTCBkJyaf9nfF4zqrVkPnb3+NY2w7IVCd3HNLix2KnZMW3efB2zljwWA65JdG/NTGUKK/54inape/pDh3xzTffIjU1VS0PPUboLY/IxSxvjpE+e4LJUmREl3EWP2td5K76izxE+gShRIqV9H058Us8erNIXzjkBOmr3QhZ8Uml/s6ciYnIP/98pD/yONInfoPC3XvVrl7aIlC5MBtBRgvRmUoRv87tdqljAM9mOuUJt2KW/Rm9PC0+pi8Xs2bNQqcuXdDmqacx8auvcOyYnMhR+ejvxz+m3Ede9I8uc2yfjta+yEOkTxCCoDdwuqXvi8+/wMM33Y6ejS4Q6Qv5xGBdlZqnJX1mWIm3rYs5B/kNGyH18bbInD4b7vQMFHvcVDhoQ6FiysmZw6830heqmOMTy0769LrF4RM55syeoy7M3PrJJ/H5l18q6fOUqWAKwslguWPF44j0CUJUYn75ZWRkYML4z/EgSV/3JhdjDUlfiZIgCYHEYBVJ35A6DdGp4QVn3NJnwnfuyLryt0gdOBy5y1bBnZGJYqeDTchfgk4iKTxeScKkn+NpsQSFJieb/zODp6XD0jd37lwlfY8/8QQ+mzgRR4+lkvTpMQShIvCVSJE+QYg6eAOnd2m5kZ6RjvHjP1PS16nZpVhSqy5csbFBBUFS+WG5W1alBvqT7HVoeCG+rnM+shMSz1j6OI7qNZH+57/hWL/ByJ69AM5DR9QxfuqsXi4v/FdCS5gRppKk6WTPRT7FyMvPw4IFC9C1a1c82ro1JnzxBY6lkvRF5OZWCFX0eszhkifSJwhRBW/A9XXWPCR9GV7p63DhFZhPEuGMizsriZCUXwKl79s6DZGbkHB231dMDBxVqiDz0iuQ1qa9PrmDz+p1OPSGoZjLCm0oTil2galczHyZ+bb3lzfqvegvPz8fixYuQrdu3fDo460w4bPPkZp6TD0nCBWFWSN9u3npRz/9H4mlUKRPEE7AaumjDVNGZqZ3965X+mJF+kI15SJ9VjwxsSio1xDHH2mFrO+nw3nkmLpzh/mBcOotBI+gj2U7jZHLFS14tFmziZ69v7xR70V/Rvq6dumKlg+3xIRPJ+CY2r1bcfMiCFzSdHx/lb+Wlg8ifYLgB6/memPI/VkkfRPHT8AjN96KThdcLi19IZ5g0pdXRtKnEhuLwgYNkdryCWTNmqdO7nA7XV5hOlFUrE2Jeo7LVWhsSng+uHXSflaumceKwLxnQUEBlixejC5duuCRh1pivJI+kmlPsGUpCOWDXkt9P8lMIrEEivQJgh+8EeRddXw2pZa+rz/5BG2uuwFdm12GeXUaSUtfiIelr1/t89GepO+72g1REB9fpt+Xh8Qvr3FTHOk5AHkr18GTlQ2Pi8SPW/tUqTEYidKbjxMlxmxqKh6eF76/7onSV5HzU4zCwkKsWLEM3bt397b06ev06Xmp2PkRohWzJpq1VYXLH3UjDZE+QfCiV3t1CQ0P33DfjUySvkmW9HVqfjlm1msMh7T0hXBi8FPVmuh1XgM8Vb95uUgfx5VSBcev/QuODH0WectWwXnkKIqLrFu26cJE2Dcj3G/fhJjn7MMqlkCpqnjJ0tK3ZtUq9OzRQ0vfeJE+oeLhUsbxCh+Hyx91Iw2RPkHwg1tAXHC5nLTB0SdyfDluHJ4g6etw0ZWY3ri5SF8Ih7+XedVqogvJnpa+BiR95fN9ORISkXbRJTjUvhtSv/pOn9XrvYCzLks6jNmU2J+zP64cKlOqeJNaWFiA1atWKul7hKTviwmfIT01zbtYRPqEioJLGpdJkT5BiDJY9szu3fTjxzHxgw/w+L/+g6ebX4YZjZrDFVv2LUeSsgliYvyk7/vzGqAoLrZcvi81TXq/gho1cajFo8iaswiu4+mgXw1BZIUfh570VS7FcBQVYfnyZeqSLXxM3xeffYHjaenm2tdRvXSEise0LptEIiJ9ghAEvcIXIy0tDR+//z4e+s916pi+BbUbwR0j0heq4e+lIqTPXKBbdUn8CqtWw4FOPZG/+md4snNQ7OaTO1jqfGXJi5iMF5a+FSR9XTp3xsMPPKykL53FmZZRwFIThHLHLnx6vY08RPoEIQBe2fUB7m6kHTuKj997V0lfx4uvxIzGzeCKjRHpC9EESt8Ukj5nbPm09PklJhEZ5zfCoeFjkL92g1f8VJMVlykV8xdd2Dee9o0p/+925mHt6hXo1qWLV/pUSx/f7S5CN7pC6GLKp72cRhoifYJgg1d0LXx615u9pU9JX6NmcMeI9IVqKkr6gt2KzxMbj9z6DXBkyLPIX7Ve36vX6VQnd5jjg0yiCfvGM3Bj6nQWYfW6tejUpTMebPEgvvx8IjLSj6v1L1I3ukLoYspnYDmNJET6BMEGr+jmUhZ8zFVa6jH/lj5L+gI3+JLKjxExu/RNPa9+hbXMIpa6sUnIbdQURzr1RNas+XAePIziwqKAs3r90RuX6BQctzMfa9atUdJ3//334YvPPhPpEyoNI3smkYhInyAEwCu7ae1LSz2Kzz94H62vu0FJ38xGzUkuRPpCNSx3P9asg451m6BN/Wb4vla9Cm2Z5RNJ3AmJyGncFOm33oX0cZ+jcPde7716BTvFcDkdJH3rvNL32fhPkZ7Gl2zhk2FkeQkVi0ifIEQp3mP6SPr47F2+Tp+RvuJzYk/Y2EtCI0r6SPQ61muKttzSd249eGKCj1teYfHzxMXBWa06Mq+/GekfjUfh3v36ci4sfrwxieCNyunCn9/lcmPjxk3o0r037mvxACaQ9B1P5TtyWLvEo3wZCRWLkT2TSESkTxCCoHcvkfSlpWLCx+Pw2PW3WNLXjDbs0tIXqrFLH+/encbSFzBOWYclz/QHvldhjVpIfbQNMqbM0tfx42P8zEbF2qV7wgaGe6PAdfgzs9ht2/YLuvXqhztbPISPPvkEx+iHlke19EXuhlcITUyZi+SyJ9InCDb0ys7H9LkoWvo+HfcpWt5wm0/6KrjlSHL6OUH6qL+8pe9k4V3LWRddiqMduyFz2o9wWBdwLqayxZeBNZuVk21gymPjU5EbNfv7BL4vXw3zl+3b0a13f9xG0vfeuHE4cvQwSZ+LnqmY+RMEgymfgeU0khDpEwQbWvj4RvR8nTWrpW/8BDx28x0ifWEQFrxZISR9HGdiIjIvuwLHWPymkvgdOARPQYEWvyAbFxri/1cOGyAzTXsqA5a+bb9wS19/3PngI/hg3CcifUKlEQrrRHkj0icIFnpF1ydweHfvph7DZxMm4PE77kGHy38n0hficdN3MzPEpI/jTEpB9iVX4PgjrZA17jMU7NwNTyGJnypnQaTPtuEJfD6ScFK2bPsFXXv1w10PtVTSd/gwSbFIn1AJRMN6J9InCBaBKzxvkI8dPYIJn47H43ffh/ZXXSPSF8LhXbt26etQvxl+rFU36LgVn1i44xNRUKcuMm+6FRnvj9Nn9TodqqzZoZLnJ36RjJs+3lZL+u548GG88+GHOHDwANwefRtEQahIfHV/5K57In2CYMO3wnvgdrtx+PBhfPrJp0r6Olzxe/zYoIlIX4iGpY+vyTfjXC19nSlzSPpC6rqKVHYKzzsP6Xe3wPHJU+E8fFSf3GH9RR0eYNtWLX18TN+b772Hvfv3w6Uub0PLQ7xPqEDswseJRET6BMGGET7etetyOXHw4CF8Mu4TJX0dL7sac2qfL9IXomHpc8bFYfq59b3SN7tWvYq5DVsp4o6NQ84FF+FIpx7InD5bi1+RvoCzthz7xiY0NzxlsWFUn9QNbN2yDV179sMdDzxM0vc+9uyzSZ8gVCD2cn02ZTuUEekTBMK3ousTObiVz+124dChE6UvlARC4ksw6VMtfSR9wcavzDiSkpDOJ3c83RmZk6eicM9euArzSYL4KDcWntDmzDeMtvGpl6Vvy6Yt6N6zD+5+qCXefv8DkT6h0rCX69KX7fBApE+IWnSLnm8Dyyu5T/i4pU9L36ckfa1F+kI+/L04AqWvZuXt3j3VCSSu+Hjknt8Yx+5/BKmff43cPbtRnJ9PJZGPZys9gRssTnlwdu/hkzl+rcddjM0bN6N3r9647+FHLOnbZ0mfGkl3BaECOLuyHR6I9AlRi740i28DqzZCtLExw01L3xefjkfbe1r4pC+UjhGTeMPSV0jSN+28+uhUrxk61W9G/Q2QR3IVqqLuobJUUKs2jrZoibSJ36Bo/wHd2mf7MVJ6eGMVqhssm/RR+D7XG37egF69eqHFwy3xDknfPpI+s15G6oZXCE3swhepZU+kT4haAlds81gLn27pO3LkCCZ9/gXa3f8QOl76O8wmiZCWvtAMfy/5JHhT6TvqWv8CdGh4Ib6q0wgZCckh/Z15YmKRf15tHCHxS/1mClypafqWbapsnv6GR5df34+WUEXNp+mn2dxI0tend2+0JOl7/70PsGfPXrX+CUJFY7YBJpGISJ8gWPBKblr6eOPJrRCpR4/i+4lfoXOLR9Duoiswvca5In0hmkDpa0/SN6FeMxxOqRaS3xnv/jW7gFWL37nn4UCnnsias8grfr6TOzQn2wzp8qtPQOJ72toJpQ2YmRfustxt+Pln9OzZCw8++ADeeftt7N69u0TpC6XPIUQeXL7siURE+gTBwqzoLH6qxYT6U9PS8P1XX6PL3Q+gfZOLRPpCOIHS91SDCzGubtOQlb7AeOLikNqsOQ507IGsHxfAefCwdVYvC5BvA8R93pgNk+lQuQ0mfaEIrW0odruwfs1q9Ojeg6TvQbxN0rdnzx6/lkqzXpoIQnkRDWVNpE8QbPCKztLHx/PxxjP16BFbS9+VIn0hnHCXPpWYOOTWOhcH72+J1K++Q+7+vXDznTvUDxG9EeL/TeyY50+2e7eyN2T8/n6h9Wzjzz9jUO8+ePShh/Dmm29g586dfi19PJ75TNwvCOWFX9mM0LIm0icINnhFN9JXVFSIgwcPYvIXX4r0hUH4e8lJSMAPtRuGhfSVeHZvTAwKq1XHYT6rd+K3KNp3AB7e1csbIf5n2yjZYwh8zJjHgcMrGjVvVpfh9WzdmtUY0LMXWj38KN575z21e5ePp+VWS46dyp5/IbJR5dOWSESkTxBs6JWdNja0MXI6inDo0EF8K9IXFgk36TtpSPxy69bDoXZdkDlzHpxHU1Hs4jt36GP8AjdOnFNxuuNVGDQvLH1rg0ifnMghVAb29Smk1pUyRKRPELzwSs6tC3pXksvpVLdh45a+jvc+iCebXSLSF8Ix0vdVnfPRnoQvnKWP59cTG4vc8xvhSPuuyJwxF84jx1BMP0SKPdwKZts46cJ7SkJtQ8ZzLtInhBJ+61UIrStliUifIHjhFd265EWxE06Xwyt9HZT0XSzSF8Ix0vdt/abodP7F4d3SR1HiFxeHnCbNcJRb/KbPgePAIRQXFvKBe3rDxKU2bDdQNN9uB9atWSXSJ4QEZl0K33Xq1Ij0CYIXXtH1JS+cTgdchQU4cuCA2r0r0hf64e8lMyEJ39VphC4kfE80vBDv1WmMg4lVwlP6YmJUPHFJyGl2IVIffQLHP5+Ewp17SPyKqLjqY96o1FrlV2+0wodita6tWrkcfXp1RcuHH8Q7b78j0idUGiJ9ghBV6LMEeUPkdhbBVVSIo4cP4buJWvraNb0Yc6vVEukL0fD3kp2QiO+tY/pa12uGd2s1wIGElLD+zlj83PFJyGvQGOm33oWM98ehcM9+FDudeldvGNyrNzge+nHlxIoVy9C7V2c88nALvP32W9i9a5dIn1ApiPQJQpTBKzqLn5tb+xxFOHrkMKZOmoTOLR5W1+lbUFWkL1TD3wvfcm0WSV/PBhfgiTpN8W7N+mEnfSec1RvD3VgSvwQU1qmL4w8/jqwZc+BOO+69jl94bp5Y+hxYvWol+vTuqqXvrTdJ+vwv2SIIFYVInyBEIbzLzO3hC9wWIe3YEUz/9lt0eeARkb4QD38vBfFxWFi7AfpZ0vd+rQY4lFQ1Mr4ztas3DjkXX4K0Xv2RPX8JHNYFnNUxflb5DR9Y+oqwauUKkr4uPunb7Wvpi8zNrhCqiPQJQtRhtfRZ0nc89RhmTP5OpC9M4iApWlGzDgbXa6qk74Nzzw/bEzmCJuYcOJOSkfWb3+NYt97InDpLi591cgeXX/4LTqhtxIrhcDr8d++S9O0h6eN1UI8hCBWHSJ8gRBmmlc/tcahWiNRjIn3hFE9MLNZVrYmhtRtp6atZH4fD/Jg+v1i7epX4XXYFjnXoiozvplsndxQG2WBxV8f7nE2l/MeteMwxfT17d8fDjzx4QkufIFQk3nWkkteL8kSkTxC88IrO99wl6Ssm6XM5kGZr6evQ+AIsSo6QXYURGv5u1lep4ZW+96vXxeHYxIj8zpyJici65DIca/0Ujn82CY4Dh1HMd7Lw6PtGa9nT151UZ/naN2bW9sw+zPtcBeKk+V2xciW69+mNhx55xHZMn8saQxAqjspcFyoKkT5BIJTsWdc+89BGUu/edZL0pWLad9+h04Mt0alhUyyJTxDpC+FEk/Rx3PHx6jp+x1o/jax5i+HOyAQVXCV+2uxY+HRspuftZSprI0fvCAfN54pVa9CjXz881LJlgPRV7PwIgn1dqOj1oaIQ6ROiErvkcfSlWvhOHPox717iXU/HSfqm/PAD2j/8qEhfGERLn233LknfkQiWPo6LW/yu/A2ODh2F3GWr4c7MUuJHv15Im/TdZfykL0TguTHS17P/ADz06KNe6eN774r0CRWN2R6YRCIifUJUwsLndtuljx/7pI8fO50uZBw/junTpqFDy8fR+fxmWJqYLNIXwlHSZzum76Ma9XAsPinsv7MTLuNiC382V0oVpF/7FyV+ecvXwJWW7r2ci136VHlXfZUPz0ORJX09+vT17t7d5ZU+QahYzPbAJBIR6ROiEvsKHbiim7AEpqenY8b0mej0aGt0aXIxllerFXTDKwmNKOmz7d6NFOk7VZT4Jacg/fd/wtG+g5E1bTach46g2OFQ4sfH9umyrn/oaLhbORs2Mw/e3bt9++EBkr7X33hDSZ85e1cQKhJ7/e9bTyILkT4h6gm+guubwdulj8/enU/S5+bbYwVsdCWhkWDSlxol0qc+I5XNglrn4tCDjyFr9kK4j6fzKbJcyK1ybcEPVbn3tXZXNHyyiYN+WKnduwMH4i6SvudefRU7dv4q0idUCmZdqKx1oiIQ6ROiHvsKzl1u4ePwiRx+0tf0Ysyrfh6csfERLxHhGiV9avduYyV942o2wPEwvffumcYTG4vMxk1woFMv5K9eD09WNjxUlr2CZ2vdM2XflP+KhKWPj5tduXK1n/Rt//VXtf4JQkVjXx8qY52oCET6hKjiVCs1bxi5hY+Fj5OVlYlZM2cp6Xv6wiswq04jdQFgkb7QDH8v62rWwZD6zX3SlxDZ0sf35g0c5o5NRNpvfo9Dw8cif83PSvyoYPuVe/5fpYR1obww78c7nJX0rfKXvl927oTLE673ExbCGVM2TSIRkT4hqjjVSs3D7NKXnZ2N2T/OVtLX+oLL8XXt89X9XUX6QjOB0vdpjXrIjPTduzH6c3O/XQC5P+03fyDxG4P81Zb48QkS3OLHZd2WioPfjVsc9cklLH2r161Dr8GDcUuLFhj10ksifUKlcartQyQg0idEJfYVOrDfSbLncBShqKgQGRnp3pa+VhdfhS8bNkd2YmRfAiScw2e5rg2QvqwoOKavpLjjqiDtd3/E4WGjkTVvCZzWvXpVmQ/cplXINk5vTPmYPbN7l6WvX/+BuO3e+zDqxRdF+oRKg8umPZGISJ8QtZiNj33lplVdSZ/T6VDid/z4cUzjS7Y88hhJ32/wFUlfXoJcqy+Us+LcehjQ4IKolj51iRd1y7YYuBISUVCvPo4++CjSPv8ahbv3waPEz34mrz9mo1fS82eLmTZL38aNmzB0yFDcffc9GPP88yJ9QqVhL/ecSESkT4g6zMqsWhts0mdWdB6m7sjhdiArKws/zvrRaumzpE9274Zs+HtZTtLX35K+CTXrIkckXZ1xXlS7Do7d/zAyv50K5+EjKKYfNieKH/frqPXAfaJ8+Y9/5vB0WPo2/PwzBg0YhNvv0S1920n63CJ9QiVgtgEmkYhInxBV+K/IZgOn8a3s+pgjT7ELOTnZmDVrlro4M0vfJJK+gng5kSNUY6SvT/1meLx2Y3xWsw5yo1X6VEufLbGxyGraDMd69kfO4uVwp2foe/Va64Qu+/wjSIsgd1n87Jh1pKxg6Vu7fj36W7t3x770Enbt3l2m7yEIp4sp32VdzkMJkT5BsKFXdt7YudQJHXz27rSpU/H0g4+I9IVJlPTVa4rHajeKSunjXbv2Ezrsd/NwJSTj8DV/wqEhI5D70wo/8dOyxy1s/j+E7JTVxlBNg/6x9K0n6RtgSd/zr7yCvXv3lsl7CEJpMeXbJBIR6RMEG7Sqqz+169eSvplTpqDjAw+L9IVB+Hv56dz66FmvmZK+z2vUQX6U7473v4VbDAqqVMPxP/0N+58di+MrVnvFj0+s4JiNXflv+IrB97vm3bsDSfruuOsevPiySJ9QeZgyX/5lv/IQ6RMEwreC08puSZ/b5URudhbmTp2GLg/olr6vGzRHkVynL2TD38tikr4elvR9UaM2Sbocg+mX2Fg4qtXAsb/9E4cHDEXWzLlwHDoKj8NB0uc7xs/+v4I3hOrPb+iZQxMpdhZj488blPTdefudeOnFl7Bvzz4Ue8rkHQShVNiFz7dNiCxE+gTBC6/k+jgm3u3EZ+/mZmdj/rTpftInF2cO3QRK3/ia9ZCVEL2XbAka3vXLJ3ZUrYGsy3+L1Kc6IWvGHLjS0lFMP3TUbl7157+rl9HDA4eeITQRj6sYmzZswqB+/XHnLbfhheeex57de5X0qQ1v2byTIJwWIn2CEFXwis5nLLpI+hxwkvTlZWVg/tSp6Hr/Q2h1wRUifSEeP+mr2wQfkvgdS6oadFxJDFzxCSR+v8GhAUN9u3o9LloTWPz4JI4TN3w8pKw2hy6XC5s3bcbgvv1w5823+ktfmb2LIJweIn2CEEXoFZ0v46JP4vC4nSjISsf8KT+g670PonXTy/BNg2ZwxsWK9IVojPT1qt8cj5Ogv1+vKQ6nVAs6rkSnqFp1tav3wMgx+uSOzEwUU9nXZ/KW44aPps13vdm8eYtq6bvt5lvwwvMvqN27kN27QiVgF75yLfuViEifIFjoFZ2lj49rog2ex03Sl3GC9LliY0T6QjRG+vo0uBCtG14o0nca4RM9CqvXQMYf/4rUfoNJ/FbqFj+Hg9YBfb08WjPU/2UJ70bmH1fbtm3DwIH9cPPNN+K5554j6dtD0he8lVEQyhORPkGIIlj2VAufkj6POns337T08e7d5peL9IV4AqXv3fpNcTClunxfp4iHT+6oUgXZl1+JtN4DkDNvMZxHjqp79fK6wMe66m7ZbAjNDyxe33bs2I5Bg1j6biDpG4O9e3bywX48lh5ZECoIkT5BiAL0Cu6TPreb78ih+3NJ+uZNmeI9kePb+s3gOUekL1SDGH/pe6NBc+yqWlO+r9OMOz4BOU0uwNGnOyNzxly4M7NQTOuB2dVbVhtCb2s6ZdeunRg8eDBuvOlGjB07Gvv2kvQVi/QJFY8p42VZ1kMNkT4h6jG3mzIrOvez+PFB5nydvh+nTkXnB1sq6ZtM0ld8TuwJG0tJaCSwpe/V8y/C9hq1RfpOO7FwxSUjp1ETHOnYHXkr1sKTlQ2Py+l3ORf2MbO+8BDTf2r0OHpcLX579uzBkCFDcP3112PM6FEifUKl4S3Tp12eww+RPiHq4VYHfbsp38puWv1Y+mbMmIEOLR+zpK/pibe3koRMRPrKJq6EeGRecCEODx2F/FXrlfipFj8jYrYNIw/h/81j+3qksG07eT3Tz+lWPs6+/fswdOhQ3HTzzWr3rkifUFmYcutXfiMMkT4haglcwTm8UTK7nlj6MjMzMWvmLHR6tLVIXxiEbz8m0nfm4ZM6zB083AmJOP67a3Bo8Ejkr14PV24OiZ9vNy/HQI/0n2090scA+uN9Leh5iqfYqaRv8PDhuPGWW0T6hErFWz6tRCIifYJgg3ft8q2heNcuX6svMzNDpC/MItJ3drHfto1P8Mg8/3wcGjIKqStWwpl2nHzMQRtE265egvv8Yjac1B/s9A/9vG7pO3ToEIaOGOGVvj0kfR6RPqES8JZbK5GISJ8geNEtFOZ4Pr6GGO/eFekLn3hiYrBIpK/U8b8/rw63mqouiV9qk6Y40KE7sn5cqC/nok7usI6DVWuOLQEbTDPch36kWgJpvKPHjmH42LG46fbbMGbMGOzezdLnpLFObCkUhPLElN3AMhxJiPQJUUvgCm526bLs6bN49TF9LH1dW7XFk1f8QaQvhMNi5xbpK5d4YuKR1rS52tWbt3IdPFlZ+nIu1m5c7zrEf9Sl/wJET2PWM30Shx7j6LFUr/Q9O3o0tv/6K1x8cWiRPqGC8ZZjK5GISJ8QtfBKbQ4s18fymeOQ9AaJW/xE+sInWvrOwcLzRPrKOogl8YtLRtpFl+DwoBHIW74G7uPpKHY6vOuN2VCaBEM/F1z6brzzHowc+7ySPv7BRWOr5wWhorCXX1M+Iw2RPiFqsa/Yvn7u6rN5ecOTnp2NGbPmKOlre+nv8F3thiJ9IRxnbCwWnNdApK8MYnb5+nb9xsCVlIT0P/wJR4Y8i9ylq+DOyCTxc6o7d5h1yKxTwaTNrGN6PdPPHz58GCNHPoubb2fpewG/7NwJF01PnE+oaOxl2JTPSEOkT4h67Cs3C5/ZxcvH9aVn52LGjz7p+56Ewr5hlIROWOxcsXFYeF5Dkb5yiJK/mBg4k5ORfs2fcZTEL2vuIjgPH1Utfr7WPu7qFnNtbsE3nma9O3DgAIYOfwY33n63lr5fd6h1TxAqGiN7JpGISJ8g2OAV3Sd9bqTn+KSvA0nfrNrni0CEaPh7cZL0LRDpK/c4U6og84qrcJTWi8xvftDiZ13AWV/EWZ+ZG/zcXY3ZqO7fvx/DSfpuMtKnWvr4tYJQsdiFz5TPSEOkT4hqgq3YZvcuX68vIyfPK30dL7sac1j6rLMaJaEVJX1xLH2ye7csE+zMXo4rIQEZV/wGR3sNRM7CpXAfz9B37jC7eq0/LX4lQE+z9D0zfARutkmfk3fvCkIFYxe+YNuGSECkTxBOQG+ouKUiw9bS55W+IBtASeWHv5cikr75tX3Sx/fe3Vm1lnxn5RRH1WrI+OPfkDp4BHIWL9cnd/BZvd4NJm88aV1S65QdemwN2rt3L4YMG+7bvWtJX+ArBKG8EekThKhEn83Lu3iPZ2Ri+gx99q5IX2iHv5dCkr55Nul7s34z7K5SQ76zckxR1epI/9PffeKXRuLncNBqZGSvpF28etiePXsxaNgw3HTXPXj2hRdF+oRKQ6RPEKISfbkWp9OJ1LTjmDp1Grq0aiPSF+IR6av4mOVaWK0Gid8/lPhlz18Cx6Ej6hg/c1LHyTaiRvpuu/dejHnpJdm9K1QaduErqbyGOyJ9guAHt/LxGbxa+tKOH8e0adNF+sIg/L0UxLP0+U7kEOmrmHhiYlFYvRbSr/kLjnbvi6zps/WdO5T4mev4BRE52q7u3r0bg4cOxZ333YexLH3q4sxyIodQ8Yj0CUKUwRsmcxs2lr6MDH3v3e5PPCXSF+Lh7yU/Ph6zSPp6NrhApK8C4j3JIyaGxC8ORckpyLjytzjcZxDSV6z2ip85MeoEaLv6K0ne4MGDcZeRvh1yyRahchDpE4Sogldy3SLh5tY+lwdZWVmYN2cO+j3VHt0u/z1+JOnjW30FbvwkoZAYJX1Tz2uArvVF+ioltG44qtfAsX/8G7tfeBnpK9eoCzirs3pNS1/AtnT79u0YPMgmfdLSJ1QSIn2CEFXwSq6jVnpPMXKysrFw3jwMb98Jva+6FlPqNUEeiYVIRCiGpS8BM0j6uktLX+WEW/xo/Sg6rw6O/ed67B79nO/OHS6+gDOtV2pd87kfS9+QwUNx730t8PxLL1vX6ZNj+oSKxy58nEhEpE8QAvCu8CR9uTm5WLxgAZ7p0BndfvsnfHH+hchITBKJCMHwd1JAwjG/dkP0Jel7vEFzvE6SLtJX8fGQ/BVWqabu3HFk8EjkLloK59FUdVavvnizb4PK0jd0yDC0uP8BvPgiSd922b0rVA6m7vduAyIQkT5BKAna7uRl5WLJwkUY3rErOl31R3za8CIcSaomEhGC4e+kKC4Wy86th0H1m+Pheo3xUp0GIn2VGGdyCtJ/8wccfqozMmfOs67jp+/VqynGjh078Mwzz+DBBx7C88+/iK1bt8HldFrPC0LFIdInCFELrfD0ryA3D0tJ+ga074xHL70ab5JM7K9SUyQihLOFJG9k7UZ4oG5TPHfe+didIpJeWeHl7omNRW69+jjYvivyV66DOzMLxSR1+sQOD3bu/BWjRj2Lhx96WEnftm2/SEufUCmI9AlC1MLSV0zSl+uVvpYkfW+I9IV0+Hth6Xu2TiM8WK8pnq9ZB3viE+X7qsjE6O/BPswTF4fMRo1waPBIJX6utOPqGD+WPt69++yzI7X0PcctfVulpU+oFET6BCGK8F/JaaX3uJGfk+2VvocuuxovNRDpC+UY6RvbqDlaNW2Ol2udhz0JIn0hkZgYpDZuosQva85idTkXuN1+0vfc2OewZctmkT6hUhDpE4Qown9F55Y+/927ZSl9ONllX2J0t6Qb3ZdXKvr9goXn4Wzmwy59LZtciOdqn4/dVaqX+vvi7+ek35EtZzvPkRBevqdaxmqZnpOI1CbNcGjQSOStXAdPVja2b9umpO/BBx/E2LFjRPqESsMufL5tQWRBa6IgCAwfY2RWdL5WH19QNj83R47pC6P4S99FGFG7ETZVrQVXbFyJ39npyl0oJxykk+dRfQexschs0gSH2ndD5oy52PrTEjz7zDBp6RMqHZE+QYgijPRx3G6POpg8z7Z7l6XvrTpNcSghRW28SptgG0IzPHDcUErgPFd0zDzY58U+f4HD7dI3pF4zrKpVD844f+kra0myz8vZJNi0zzSB07S/z8mGnyynO76ZdtDQd+GJS0Zm02Y4/HQXrPzoIwzr3QuP3Hsfnh892iZ9kbnRFUIXu/BxIhFaQwVBCITXd5bA/JwcrFi8BIM7dsHDl12NV7ilL6UGSUOslRglECZq16yJtZELtlHk8HN8d48i2giaOGPj4Yo9R3Ud9JjvJZtPKaTw8464ePWcTqwa10XvxdMJFr5eWtCo+ebY5p0TMP/B5rvCQvNpj56nWB3q5/k3/Rwehy/ZsrpWXQxr0BwPkvD1aXCBum5fIS27oO9RRjHz5SsXJ4/9cwQm2PRPHr0cuN/bpelwGTHlQJUr1Y2jLg+PtZ7jLj8mEaPHJ5YTml+/rtVP7+EtM0HiP38BUdOORV5SEvb+9neY3aY1+j/wAB6+7Q6SvlHS0idUGiJ9ghDNFLtQkJ+LlUuXolfnLvjv5b9B+yaXYFyjS/B9vaa2NFGZQZlpywySjxnVz8Pcc+tjNvXPpf5F1Wv7ZX7NuphevymmUb6jzKDp8XS4y9P+uulFGN/kYnzSSOdTv1zkzfiGF+CzOo1LzFf0/pNq1fFPTU5tle8oPK+BmUkJnGfOchq+qpp/1lSpgfVJKX7ZQPklIcmbXxOr+mVb1ZrYkFIN2xKrYHtiCnZYWUvDF9Zp5M2COudjQW0O9XPUY6ufh/Njyqx6jfFWwwvx5PkX4bbzqUvL6T3qLjqvAVbXqI311A3M1urnYmu14NlOgh84z79Uqel97Tr6blfSsjDzMrOufxk4WX6s29g73/YspM/DWUTze7Llbc/qqrWwLrkqVlP/Fppvnqf5arnp8PtNbnIhvml2MeUSq2uiH09ufKGtTDfFDxR+nSnXgeWbM5enr74X/yw8t4FfedE5Dyut+V1Mj3+gz//xBVdgyF/+hYeu/Qvuvu4/GDtmpEifUGmI9AlCFFNc7EZBQR6WLVuGrl264PdXXIW/NrsI9194JR664HJvHqfHnNYXXuGf5peiNW1Q21xwGZ5ofhnaUP+TzS71yxM0ziM0jZbWdMxr+TFP+8GLr0QLkr6HSDYfIIG5nwSGc1/TS3Ffs8u8jzktGjQvMQ/SBjowjzRohsfOb666fCHjx2jYEw2bn5CnKB0bX6S6HajL/Z0pXQLStdGF6EbTs6c7pef5zbzpdf4F6G1LTxKN7o2oS+P1ogxo1ByD6jdGbxKoLiRvXWj59Lnw5Ol75R/Q5+Ir0PeKq9Hr0qvQ5tLf4LaLr8J/abnfTsv9KUo/en7gZb/FoIsux+CrrvHL0Ct+j2ElZPjlV2P4Zb/zyzAaZn/9QBqv72+uVen1mz+i129PL71pXPO6YOlHn6sfTZvT7dLfovMlv1HpdeFl6EU/BvyWPS3HbrQcu1J/D2tYW/oxYNKGHj9CeYjGs+cx+g4ep+WuHtP39zCVlZb0A+Jxes0j1H2i8cUl5ikqg+2pDHagchyYjk0voR9INA6VeS4vJjxf7WhYWxqnFZXzR+h7uoM+2/8uuQq3/fufJH0jRPqESkOkTxCiFL3Se+BwFGHz5s14+aWX8PCDD6HFPffh0XtboOU99+PB2+/BQ3fcg1b3PYCn7n/Qm7YPPIynWuhuuwcfwdMPP4YnH26Jp6m/w4Mt/dKewsOfpm7blo97h+thVmia7e9/CO3uo2m2eAhtqb/tA4/gSRrvKep/ssXDeJrm4WRpe/d9ePKue7156p4WNM0H0YGne+8DahiP8zR9rnb0+Xi4PZ3o/TrQe6suzUcnes/O1B8sHWm8DjRt7u9C6fnQYyeEh5vxuz/4qHd4H1pWfelz9bn/EfR+oCV60+P+HFo2gx9vrfsfeQyDWz2huzRsyJNPY8CjrdD/MRrWshV6UzrReB0eehTdaJpqGjRMPf/I4xjQqi29pp1fRj/dHs906Y5hXXuoPNu9F0Z064mR1B3Vo7fK6J59MKZ3f5WxffrjhX4DzyjP9x2A507y+rHWe3BG9+yNMb36YWSvvnimZ18Mp/kZ2a0HRvK8duqK4Z276fmm/sAM6dgZ/dp1RL+nO6j0eao9erR5Gt2feEqlBy2PHrRcOd247LXkZdYSXVs8gq607Lm8BZYDztNUPkw5aU9lq6S0o6iyGzDcvq5w2jzwEFrTutK9U0d8NuFT7Nm9Cy6XSJ9Q8Yj0CUKUEGwl58dutwtpaWlYvmIFJn87GV9//Q0mTfoak76ahIlffIkvJ36lHn//7beYOnkyplGm/vADpn5P+WEKZkydipkzZmLmzJmYRd3ZVubMmEGxHtNzc3/8EbNnz/E+P3fWj2oYj8Pjzp01Sz+ePds/P87GbI6ZDr1OT1uHh8+aNg0zptC88PxYmTllKmZNnYaZNH/BnvNNQ8+bPXPU+8zCPJrfefTe82g+5s+hfuqqxxQeZx6Nu2DOXCyeO++E8DhmevNn/oiF9HgBzfuCmbNUFtLrF9D7z52mM2/6TCzi11iP59M4c6fPwEKaB34d95vnZk+bjh/ps3F3DoW75jkVGle9D32GxfR6zor587D8p5+wbOlSldXLl2P1Mgp1165cibWrV2PdmjVYv24dfl63XnU3lJCfadyTZf0qzqoThq+1hq1buQqr6T1Xr1iJVTRs9eo19N5rsY5et44er+PHKjSdtWtpfnieuKvD87Bx/Xps2rBBPafmmR5z1q1dp7KWXreG3mPV8hU69FmXLVuKpUuWYNnCxVi6YBEWzV+ABfPmYxF9h/z9mvD3yt8vlzeTH2mZzqLlHJiZlBn0XQR7zmQmvXYmfdcL5s/Htq1bkZWVqc6cF4SKxmwHgm0PIgWRPkE4CbziO5xOZGVnIzU1FceOHcPRo0f9wsPS0lKRkX4c6cfTkJ6e7k1mRgays7OQk5NDyVbJpX4TPTwHeXm5KoGPvePm6sf+4fH4uRx6j2xk87SpP4ffzyQnS21EszIz1LxkUpf7TTIy0lWysugxJZvGzc7Kovfk+dTxe0/bfOTn5VM3j7qU/HxKnn5M/XocM9wWeo1+nsblaVH486kuzbt6T/osuTTvudk8TzzvOjk0XPeb+adh9FqeXz3f9Bwlk4brz2nv58+vvw8zPR7Gy4jfj5ejnkc9z4UFBTrcX1iIoqIiFYfDoVLEsYYVcmzjFJnX+oWnaRIwnN9Dvbd/P6egsAD5FJ6+9zXcr95PvyfPj9Npi3rspB8sbisuK/oxn6DEXT47ncczXU7gZyuw3tfMj4n6/kyZoHD5NGU3MNnZwYcHhqfBn8tN88Ot7JG60RVCF7vwRWr5E+kThCD4Vni98vOGklsfStqI6su96K4Ov8ZWeajJ8X8lVSTmOf9xTB9NxdtHE1TRG0a31bUew/Sb6Pub6nkz4/pi5lu/U7D4Y6ZL/6nofutJG773t41jT4lYr1Ej6fnS0+D51P0enm/rsQ9rwjxM/bP+vK/Vn199Xh7TO9x6jRrK6H49bfN681xw/KZlvV7HDj82y/l0MONby0D96aF6CrrPzJ+ZR+76vlM7vlca7K8LRknPnew1gehxTU4PPV9meQpCxaHLnv86FWmI9AnCKfBb+bnfVimcdsXAo5U4qnnSt5Fngr3E/r46ZgMfbGzGDLdP238agZjpBsP7GhX93iVPwz+nhsfT09Nj+14TOC0zxgnwYIrV8eWE15ow9n7fuDzMLF/9WD8XCA/TosXPmeUcuPz09HROBzMNPb731fQeev416rF9nqj3hGEnQU8vOCVNx38Y95uciG8aOsGmF4zTHU8QyhJTXk0iEZE+QTgLTlUx+D3LD04Y3V7B+I8QdHSiNBWSbzw9Nf1an8jo5+2h/73jmPH1cMY3Jv/vP459PIP3OeuvRNRraXoqvjEDp2v6/YbZ/7fG98Z6Ro+vo/uDiZkPPY7qo36bfFnTtWOG6eF62qYFtjSYV2v0dMwQM33ViszfjfrTww3ex6pHDTptSvcS+5hmOZb8av/losczY/NjE0GobOzlMVLLpEifIJwhumIo3Ya9PDl5RUXD+R89r8TB2zJl4P6SXuuPGlO9Vuek72s9Z/7UIPW/HTMtm8zwYO4GTNe8lxluH5exP2/G8ccMD3xlSfiPV/J0ffDzahe02p1+Ou9h3iVw2v6v1e8d7Lszr9fjnAmle5V9bO87q0clE3w8/Zn8P/eZfgZBOFvs5TFSy6FInyCcIVwphNJZhrqi0kJgjx37OMEI9hqD97kSnj8bzLS97xGE0xnHcKrnz5Zg07fPF3eDydnZwlML+t62BGKfL0NZz9fpYJ8Pv3mt+FkRhKCYMmovq5GGSJ8gnCFcKfCGPVoIVhmWZcUYOO2TUZbvW1YELpdQnMfKxG/5WBGEUMKst5G8/or0CcIZEskVQzCCVYbR9PmFsoNLjZQcIdSw13GRWreJ9AmCcNpEcmUoCEJ0Yxe+SK3nRPoEQRAEQYh6RPoEQRAEQRCiAJE+QRAEQRCEKECkTxAEQRAEIQoQ6RMEQRAEQYgCRPoEQRAEQRCiAJE+QRAEQRCEKECkTxAEQRAEIQoQ6RMEQRAEQYgCRPoEQRAEQRCiAJE+QRAEQRCEKECkTxAEQRAEIQoQ6RMEQRAEQYgCRPoEQRAEQRCiAJE+QRAEQRCEKECkTxAEQRAEIQoQ6RMEQRAEQYgCRPoEQRAEQRCiAJE+QRAEQRCEKECkTxAEodLgSjcyK15BEEIPkT5BEIQKhStajxWRPkEQKg6RPkEQhArFiB5Ln9vqCoIglD8ifYIgCIIgCFGASJ8gCIIgCEIUINInCIIgCIIQBYj0CYIgCIIgRAEifYIgCIIgCFGASJ8gCIIgCEIUINInCIIgCIIQBYj0CYIgCIIgRAEifYIgCIIgCFGASJ8gCIIgCEIUINInCIIgCIIQBYj0CYIgCIIgRAEifYIgCIIgCFGASJ8gCIIgCEIUINInCIIgCIIQBYj0CYIgCIIgRAEifYIgCIIgCFGASJ8gCIIgCEIUINInCIIgCIIQBYj0CYIgCIIgRAEifYIgCIIgCFGASJ8gCIIgCEIUINInCIIgCIIQBYj0CYIgCIIgRAEifYIgCIIgCFGASJ8gCIIgCEIUINInCIIgCIIQBYj0CYIgCIIgRAEifYIgCIIgCFGASJ8gCIIgCEIUINInCIIgCIIQBYj0CYIgCIIgRAEifYIgCIIgCFGASJ8gCIIgCEIUINInCIIgCIIQBYj0CYIgCIIgRAEifYIgCIIgCFGASJ8gCIIgCEIUINInCIIgCIIQBYj0CYIgCIIgRAEifYIgCIIgCFGASJ8gCIIgCEIUINInCIIgCIIQBYj0CYIgCIIgRAEifYIgCIIgCFGASJ8gCIIgCEIUINInCIIgCIIQBYj0CYIgCIIgRAEifYIgCIIgCFGASJ8gCIIgCEIUINInCIIgCIIQBYj0CYIgCIIgRAEifYIgCIIgCFGASJ8gCIIgCEIUINInCIIgCIIQBYj0CYIgCIIgRAEifYIgCIIgCFGASJ8gCIIgCEIUINInCIIgCIIQBYj0CYIgCIIgRAEifYIgCIIgCFGASJ8gCIIgCEIUINInCIIgCIIQBYj0CYIgCIIgRAEifYIgCIIgCFGASJ8gCIIgCEIUINInCIIgCIIQBrCmnY2qifQJgiAIgiBUEoECdjKxM88FSzACh9uFz/6ekUSlSd/pfBmnGkcQBEHqCUGIDkjFvH/+a7x+XPKfNUaAyLkp5jlGpK8cMAuYF7bH+9j8+Z7n5/Tz9uH+40gkktCLb931pTw42ftJJJLIiP+6zX9uEjId39qvx7L/eVTMUKtriZx57KHHnmKPihpmEz6RvjLE43Grha0XvPVlqD/9WH0RJ4xjxrM/lkgk4ZKyhKfnvzGQSCSRHEY7AP1Z0ucTP40e98Q/LXfc55sev5LjcjlV9FD6n8ezEolUkvSRVZewQHk4Cx9/CW43fyWCIIQjpnI1KWvKa7qCIIQevnWd+9ghSPq41U/9+eoDEyV5Vtxul4pvXNNH/dY49n77sEijUk/k4IVqF0Dz2OVyqbjdNoO3vgSJRBKGKa+/YO8lkUgiMvQf2YDVyqeEz0if/rO7grd1L6Cf/1T7IA/z8LR8cmdea/ojkUqRPt9C9Sj7ZtHTj/lLYOlzq1Y+I4QSiSTMU15/wd5LIpFEXOg/sgS9U9a/lc/2Z43HXfYH4xDKL1T0n5FAI33ecQL6I5FK273LUmfkzr6Q9Zfka+ETBCF80RVt+UUQhEjHtqZbvWaIkjTu6oe+52m4dgw+TMylnML4hWrx871CeQjHoKZpJRKptN27vDwjdJkKgiAIglDJaHE7uWjYXcQufCJ9ZQQfp5eVlYV9+/Zh585d2LVrl+r++utO1b97927s2bNHIpFIThmpLySS6Aqv8ydLSeMa17AP43HS09PhcDj8JE+krwwpLCzEujVrMG7cx3j+uedVXnz+BbxA4e6LL7yIlyQSieQ0IvWFRBJd4XX+ZClp3JeeJ9cY+xyeo+7L1OVhr77+BhYvWYqMtDS165cxwifSV0bk5ubiqy8m4pGHH8afr/49rrn6alx7zTUSiUQikUgkZZo///FP+Mdf/4a//fnPuPYPf8A1f7gGf6TuH6+9Fv/+v3/j7TffwYH9+9UxgIxIXxmTnZ2Nt996Sy3w6ilVkJyYiOTkZIlEIilValethjrVqqFKckrQ5yUSiaRKSgqqVa2KqlXIN2zDUyjnnXsuhg8dhl937oTLOqlUpK+Myc3NwYTxE3DnnXfiissvx2WXXkbdK1R/yeHnJRJJ+CXY+mzPyce9/LLLcNlll1qPfeM1adwYjerUxUVNmuLSSy7BFVdeiSuv0M9dRq+59NJL1WvNdPi5K2kc81gikYRTrPrhsstxaUB9cOWVV+mYcShcB9jXf469DuD6gadz9dW/x6uvvIo9e/d6ryQi0lfGFBUVYs3qNfjww48wYuRIjKSMHjVKZYyV0c8GxHpeIpGEWdQ6/CyefeYZ/3WaMna0tb5TxoweTY9Hq8ejqE7g8Dij+LXP6v4xo2icMWNp/NG45667cTn9YLzphpvQvXt3jKJhY0aPoXGfxTP02uEjRqguP1bTt563v79EIgmTqHWY6wxax626gesLXXeMwXNjn1PruBmf6w2OeaxeO4bqgDFjlHc8M3wYnnlmuDqnYNGChcjISJdj+soLvhhiZmYm9pJZb/tlO7Zt24ZfftmG7b/8gl93bFfZsX27emyPGUcikYRPeL39hdbxrVu2qPXahJ/bsZ2e5/Wfwv287m+n7ratW1TUa23h1+3iM/137MDAAYPwu9/9Dk+3fRpTfphC42/Dr7/uoDrlF2yl6W2xwvWL/X0lEkn45tcdv9r6fZ7Aw7fTMF2v6OfNc/bxucv1w9Ytm1WdxHVJWmoqioqKvJIn0lfG8IJUF010OtVp0nw2L7f+Oamfh3GcHHrMz/tSFPBYIpGEfni91euuWq/91u0iVdlyeJgerscvCggP49dy3eF0OvD82Bdw9dVXo1fPnli3bh0KCgrAt2488T1878sXavU+L5FIwibKCxwnDrev4/Z1XYUf+w3z9ZvXcZ1gv+WrXfhE+soYXqDmzhymWTWQSF7wghAt8BpsX4v56vhc0bKo8YldeXl5qiJW6zs/b8VD/5thjOnjcXk3L0tfnz59sHHjRlWBn7y+ONlzgiCEPLT68jrM63pOTo7aY8jJyMhQu2c5XJ9wQ9KJTsHrvlWfqHrA16Ueq597/W/9GolUivR5PPqed3x7FHOLlEB4gWsp1Ldlk0gk4Rk3rcce7uf1Wq3bHqqsM1QL3fTp07HkpyU4eOggHCx+1jhcI7i5DqBx9W2TeLj+K6JKn48FVi19vXph/c8/q9ZCri+4btEVNr83v8pXl5T041IQhFBHr8v8g2/3rt2YM3cuJk/+Dt9/9wO+//57fDd5Mr755mvMnDkTGzdtVjeA4PXdXm/46gG+3z+HL9HCdQLHV1dwr65D9LBIo1KkT+3edfmfKePFtsA5prKWSCThFS1e+sedlj7+0/Dxd8+NfR7333MvevTsiTlz5pIIZlnj+P7MfTL5dea1hSR4LH2//c1v0JNeu3b9ejXMiJ6uN/QeBP1Y71Hg6HEkEkk4hddlJjcvD1OnTEH7jp1x33334eknn0aPbj3QuUNntHq8Fdo82RbPPf8ili1bhsysTF0X0evMzz2uD3z342Xp4zqBYtUupv4wiUQqSfr4SzTS5+un/9SXpFv3/PsFQQgjrFWWK1PdYkfhx9Tl62EtWbIILVrcj6b16uE///oX3nrrLezdt0+Np1+no3+D0zS433qOf+2PGDECl19yKbp364afSfrMgdjW26q6Qx+ro3/Rc/ShJCZ6Q+J7LJFIQjZK/orVD8MPP/gQt9xyK/77n/9i4ICBeOuNt/DKy6+gX/9+uOuuu3DzTbdg6OChWLNmrdoVzKi6QYWdwrTy6ZY+PX1dd/jG04lEKkX61ALlP+qqha0e6+FK9Cj8WG0oKIIghCe8/ha5dMs+w5XukdRUvPvBB/jrn/+CC5o3V1fN79K1K1asWKEOvFb1gbXee+sFHqaGaOnjlr4rLrsMPbp3x8+23bumLuHxuXJ3mwrdHvozVb5+JH/yJ38h+2dbdzMyMvEG/UC85eZb8Nhjj2Pa9Jnqvv07dvyK5atWYeiwYfgX/Yi8+6678d333yOvoICrDJqKWde5jtAiqVv4jFRa9Y3tvTiRSOVIn+3PVOamojbxf57/zBcnkUjCJfwLnSWNBYzhXSvLli5Dj7598e9//0fdjvHWW27BPffcja+++lId62fkjVGVLz2mHvWY4V/v9mP6jPSpPQjcIkDjqF061G/frSyRSMI0XA9Q+GSNN99+G3fedx969OpDsrfDql/c6havn0/4XF3D876778P3305GQV4evVpPQ+814PrAJ3uqX+3m1Zj3MYlEKulEDrPA+SvgL+JE2dNftr1fIpGEZ/Q6zPDlmb6e9DXatm2Ltm2ewkcffISePXrhjtvuwMsvvYjdu3YqMQzEXgEXFupj+vg6fb179/ZKn6ktlPBR1Huz+NlaACUSSZiG1mHevfv+e++rO3q1adUG8+fPx75Dh7Cd5G/ewoVqF+/dd96FXt17YOmSn6x6gX8A0vrv9yPQ5hvqOR5Lv4c9kUjl7d61FqjqV33+8DATQRAig9TUVPQbPBj3t2iB9957D7t27cLXX03CE61ao1PHTvjxxx/VJVz4LFw+Js9cQ8tXZxR7d+9efuml6kQOr/QF1CW+OiR4HSMIQnhg1v3s7Cx88sknuOnGm/DHa64l8XsSPbv3xBNPPIEbrr8eF114odq9+/rrr2P37t2qBdC8nn8I8vHFLpqU2+2TPi2EuoZQdYgtkUiFSV/gQozkhSoIgg+znjudLnWZlnvuvQd/+dOf8eILL2Lx4sVK/u6+6y7ceMONqp/FkF4Ej9tIH9UVLhpk7YVx0XRGjRqlWvrsu3dLqk+knhGE8IbXYF6PuaXv448+wk1UV1z7h2vw9FNPY0D//ujTtSvatG6Ff/3zn/jPv/4Pg/r2x/KflqofkGb95y4LHtcnHD7O2OxxVNO3xrEnEqmUlj5BEKIHs3s1KzsbEz7/HP/3z3/h0osuRpsn2mDkiJHo3Lmz+nX+pz/+CcOGDccvv2ynSpkvqUAVL193j4XPhIa5HFr6Ao/pK6mSjtTKWxCiAbP+cjczIx3vv/UWbr/9djz2yOOY9OWXWLdmDdbTj8k1q1ZiHP1ofKJVK9x/3/14m68IsGeP+uFoXq+P+2X543pJyx8/Nqj3onDXvG+kIdInCEK5oStavkSCB3t370bP7r1UK991//0vutKv88GDBqFX7z64v8UD+Mff/6FEkC/YnJmR4X29OpHDHKhHuBxOPPvssyJ9ghANWKsvr8d89i5f3unuu+9Gt85dsf7nDcjPy1cndzmKCtW9dF946SXce//9GDHiGWzatFFdw9PgrQqoyydwsBDa6wdV39gSiYj0CYJQrrDw8S3XFi2Yj+v+cx1uueUWjB41GtOnTVcHYi9auBAfv/8BHqBf53wpBj6hY+evv+oXc+VMv8ZpIvoBwffhlJY+QYgueD3mW669qVr67kC7Tp2xcdMmdYwvn/yVnZeLZcuXo2+/fqolcMzoUdi+/Rfvtfp0/WHC8ElefPaur37gfnsiEZE+QRDKFf41zQdVv/baq7j6d79Dj+49sXrFSqQfT1f30MzLzcWmjRswdMgQ3HzTTfQLvjOWLV4Mh9O6Zh8Ln3VNLT4Dj2+cLtInCNEC1QEkaLzu8yVb3n3zTdxy0824/c478d6772PO7DmYM3Mmvv36G6pDBuDe++7GY489hi8nfoG01GP0On1FTt/uAl0fqCHes3n1YyN7JpGISJ8gCOWIvkH6qlWrMISk7s4778Cn48aR8KVqmbOq22NHj+CbL79E53bt0KtLF1WJsxDyL3FdUfMFVJ3kfg6SvnzZvSsIUQOvv1QPkLzlZKVj4mcT8ATvFfjnv9CxbVv07d4dfbt1Rad2T+KhB+9Cq5YP4/UXX8Cmn9ehqJAvzmzqEJ/06VpH9+k/67FN+CK13hDpEwShHNGXWNm2bRu+njQJn3wyDps3biARLKTn9K93PkOjMD8Lv/6yFT9M/hbffjkRWzZuREFBPj3PrXta+NzF3PLnhMtZIC19ghA18PrL9YATBXkZ+Hn1cnz30ft4dfRovP7KS3j79dfwDuWNV1/Cu2++jO8nfYGtP69GblYaPG6qF+iHYrGHr/3JewsCWva8f9Zjm/BFar0h0icIQjlgqlE+bsal7rSxb98+HDq4BwW5WVQJs8BpoSsm6Sv2FNGv8lwcPXoIhw7sRW4235mDz7rTz3voeZY+fuwsKgx6R46SKulIrbwFIXqgdZjqAbczF9npR5B2YCf27NyGXzb/jB1bNuJXyq4dW3Fw76/IPH6U6ohcWu+pvuB6xlVI4kf1A9Un5hARnh7/mWv1mdrKLnyRWm+I9AmCUOboCpPDrXl8lpwDTkch/fIuoMFFNJh/gTvVc8V8MDX/EqdK2k0VtMuZryRPP8dCqCtuD3VZ+hxF+XjmmWfkOn2CEFVwXeKkOoTrkUJVVzgLcuDIz4EzP5eEkORO/ZjkM3JZ7jhcf/BhIRSuS2iYPnlD72VQx/RxaOoqluyZRCIifYIglBNcaZrjaPi4GoqSuyItdS6WPhcNo8pY7YahUKXNcseVuxE+JYguLYo8jSJngbT0CUKUQRpG67KuT7jrJnnjvQEeljutbKrfTcP0ZaKM+GnRM48D+7mr6ypdV9gTiYj0CYJQjvikT+1aYYkrJrFTUqd/lcP0kxDyXTg8/Mtc/VrncL8WQB6Pp+V0FskxfYIQZbDYKRmjOoBlTYkdH6/HYmfVMyyBPFxLn27Z88UIo32YDk+dMbJnEomI9AmCUI4Y6fPFVNBa4vRxe4Hj6OjWQV/FzMP4xBCRPkGILngd9tUN3jpB1SHUb9UV/vWFPb7X2qPH5X6NXfgitd4Q6RMEoRzxr6z1YzPMXiEHVrC+cXyVuB5HpE8Qog1eh02dEFh3mH7zONg49tf6wj9A7fWDkT2TSESkTxCEcsZU2PZKlPvtlbH9OYN+znfGnUakT4g6pAgrfELm+zHo/VGo1nN7fHIXGDU+96vX8DDu8kORPkEQhHLCXjEHq2D187pS53E0fN0/kT5BYLhsR0/5tgtZYE6Eh5n65VTRrz/1NMMfkT5BECoJUymXVLnq51n47BWwSJ8QLeiy6yu/fN9pvq1htJZpszQCU3pE+gRBECqBU1XbJ1bAIn1CtKDLri6/fDvDDT9vwKZNm5Cbm+tbc6KkeOvPG+zPDDfjBI8/wZ8xdY1JJCLSJwhCSBNYAYv0CdEGX6Jk4YKFeLzlo7jv/hb4fsoUFBbyrQyjB16LWe3Mn+9uGvxnnj8xJ9uXEIipa0wiEZE+QRAqiGCV6Kkr1sAKWE7kEKKNeXPnoXPnzuh35x3oefMt6PzEkyR+U1EQReLHazHr3Yl/5rkT47/z9tSYusYkEhHpEwShAjDVr4kde/VsYqptUxH7Lr0g0idEFMGKp23YgvkL0KVLF7x0++3Ycskl2HnBBXj9P/9Fp/YdMfn7H04Uv4gt7vzBdF3A4dZPH/xcsDqkdBjZM4lERPoEQagAuBI24mZiCFZhc3Slq0/kMK+Vlj4hUvEvp1xuWfi4he/lO+7AtosvhiM5Ga74eOxu0gRv/vc6dOnQCd9M/i5KWvx4+fikT9cJPCyw3vD9QCwtRvZMIhGRPkEQKoBglbMh2HMcXen6S5+09AmRiFVGbUV1/vz5aNetG8bedRe2XHQRikj4imNiUHzOOXAlJGB78+Z47cablPh9/e1k5OfnW6/kiUSitJh6gesCEzMsWEr/+Y3smUQiIn2CIFQAekNUcoVsnjfxcWJLn8Mrfb179/ZK38mI5EpciBxU6adyumDBAnTq2Alj7rwLmy5ohsLkJK/wmTgSE7GjaVO8/7/r0bNrV0z66qsA8Ys0+DOZ+iNY1NKzpfSYeiKS6wuRPkEQKpDSV8i6AjaVuv/ZuyJ9QiThcruxePFi1cI3+o47sOHii1GYRMJnkz17nAkJ2NG8Od6+9Rb07NIFX3/zrU38IhFTfwTL2WPqiUiuL0T6BEEIaQIrYJE+IRLh6/AtWbJEnbQxgoRvy4UXkvD5dumWlCKSQt7V+8ENN6AHyaI6xq+gwJpqJFJ+67GpJyK5vhDpEwQhpAmsgEX6hPCGymFAUeRr7rHw9erWHcNvuRWbLr1UHbcXTPKChXf17mzaBO+T+HXv0hWTv/se+bm51tR9yBpwckw9Ecn1hUifIAghTWAFLNInRBK8O/ann35C/169MPymm7HpssvgIokLJncni4Mkkc/qfZfEr2unzvhu8nfIy8mRcl8KTD0RyfWFSJ8gCCFNYAUs0idECnl5eUr4hvbti2duugkbLr8cnlK08AXGGR+PPSR+b5H4derQEZMnT0Z2ZqaU/dPE1BORXF+I9AmCENIEVsAifUIkwPfP/WnpUjwzYCCG33gj1l15pRI+BJG50sQVF4f9JH6v3XgD2j3VFlOnTEVmRgaKPXwylHAyTD0RyfWFSJ8gCCFNYAUs0ieEO9zCt2yZFr5ht9xCwncVnAmJZy18Jp7YWBwi8XuZxK9r+/YkflOQfvw4PCJ+J8XUE5FcX4j0CYIQ0gRWwCJ9QjjDwrd8xXKMGjIYw264ASt/85syaeEz8Zj+mBgcJvF7icSve9u2mEbid1zE76SYeiKS6wuRPkEQQprAClikTwhpvMXsxPLGl1JZsXIFnh02FMNvuQVrrzqxhc8rbWUQnu7Bpk3xNsllt7ZP4gcSv7S0tADx4/mUdYMx9UQk1xcifYIghDSBFbBInxAOBJY3vizLipWrMHLoMAy99RasIuEryxa+ksISeYjE78UbtfhNYfHza/GT9cJg6olIri9E+gRBCGkCK2CRPiF80GWOL7y8ctVqDB8ylITvVqyuIOEz4fdh8eMWvx5t2+KHH36QXb1BMPVEJNcXIn2CIIQ0gRWwSJ8QTrhcLqxdswZDBw/G0Ntvw+orr4SrDE/aOFXM7mIjfu+Q+PExft9Onoz09HS9bljzaiQ1WjH1RCTXFyJ9giCENIEVsEifEPro8sYtaevWrsWAgQMw9I7bse4KfR2+ihI+e1j+jPipCziT+H3D1/HLzpb1w8Ish0heHiJ9giCENIEVsEifEC6s27ABfYYMwfB778G6yy4r08uynEn4vZX4NdG3bOv61FOYOOkrEr8sa46jG1NPRHJ9IdInCEJIE1gBi/QJoYS9XNlL2EYSvt79+2PEPXdjw6WXwnkGt1Yrr/B1/I42bIhPrrsOPdq1w+dfTkRW1snELzrWHVNPRHJ9IdInCEJIE1gBi/QJoUJJJWqDJXyj7r0H6y+5BIVJyUHlqzLjSojDwUYNMeG//0WvDh0w4YvPSfwyrU8QnZh6IpLrC5E+QRBCmsAKWKRPCGU2b9qAvkMGY2iL+7GGhK8gmYQvJiaoeFV2XPHx2Nu4MT698Ub07dIF4z+PbvEz9UQk1xcifYIghDSBFbBInxCqbNm8BQP51motWmDVJZciPyUlZIXPxJWQgP2NGuGL//4XfTp2xMfjP41a8TP1RCTXFyJ9giCENIEVsEifEGrwWbosfAOeeQbD7r8fK664AnlVqoS88HH4xA5u8TvQsKESP27x+/SzCepyLtGGqSciub4Q6RMEIaQJrIBF+oRQwJQmvg7f1q3b0G/oMAx5oAVWXXpp2AifPU5u8Tv/fEz83//Qh8Tvo08+QUZGhvUpowNTT0RyfSHSJwhCSBNYAYv0CaECl8XNm7dg6IiR6H/fvVh+1VUhfQzfqcLid4DE7wsSv55qV+94n/h5Vx/uicx1ydQTkVxfiPQJghDSBFbAZyp9glCW8K3VNm/ZglFjx6L/PXdj5eWXoyAl/Fr4AqN29ZL4fUbi112d1fuFEr8T16HIW6dMXWMSiYj0CYIQ0gRWwHbp69Wr1ymlL1Irb6GCsRUjLm+bNm3Cy889h4H33oulv/1tpV94uSzD4neoYUOMv/56r/hFw716TV0TWOdEEiJ9giCENIEVcEnSV1IlHamVt1A5cFnjFr5XX3oJw+66E0t+9zs4klOULEWK9PHncMfF4QhfwPmGG9CxbVt88eWXOHrsGNwet7UkIg9T15hEIiJ9giCENIEVsEifUFko4du8GW+88goG3d8Ci0n4ilJSlCTxvW2DCVQ4h+/ccaxBA3z6v/+hx5NPkvh9hcNHjsLtjkzxM3WNSSQi0icIQkgTWAGL9AmVQVGRA1u2bsUbr76KgXffjTl/uMYrfMGEKWISE4PsOnUw/sYb0bNNG3w5aRIOHTkSkeJn6hqTSESkTxCEkCawAhbpEyoaPmlj67Zf8NYbb2Lg/S0w+xoWvioRLXz2lkv+nGkNG6o7d/Qi8ftq0tc4dPhwxImfqWtMIhGRPkEQQprAClikT6hIuLxt+2U73mDha9ECc6JA+IKFP28qn9xxww3o/QSJ35df4dChQyWIX3iuc6auMYlERPoEQQhpAitgkT6hvDElhi+8vOPXX/H6G29gwAMPkPBdG5XCZ09WnbpK/Lo98QQmTvwShwNb/MJ4dTN1jUkkItInCEJIE1gBi/QJ5UFgKWGR2blzJ1557XX0f+BBzPnTn5Bfo0ZUCx/H7Opl8eNdvV9MnIgjR474Xc4lXNc4U9eYRCIifYIghDSBFbBIn1Ae2EsJC8zu3bvxwiuvoN+DD2HuH/+IgurVo174THg5cIvf5/+7Hl1J/D797DMcO3Ys7Nc1U9eYRCIifYIghDSBFbBIn1Ae2EvJwf37MfbFl9DnoYex4NprRfiChJdHdu066l69nZ98Eh9++ilSU1OtJRiemLrGJBIR6RMEIaQJrIBF+oTyhE9OGPXCi+j92OOY/8c/Ip+EL5j0RHv47F5PTAwy6tTFV/+9Dl2fegrvjxsX1uJn6hqTSESkTxCEkCawAhbpE8oLFr6Rz7+AAY8+ikXXXIPcGjXC/l665R2+gPPxunUx+f/+jV5tnsRb73+gdvWeCK+Hob0umrrGJBIR6RMEIaQJrIBF+oQywSoWpnQcOXwYY15+Bf1bP6GEL4eEj1uygomOxD9uEr+0uvXw/T//hX5PPY23P/yoBPELbUxdYxKJiPQJghDSBFbAIn3CWWEvDlb/URK+F557AYOU8F2L7Jo1VQtWMMGRBA/fqzetTh1M+/vf0Z/E7/V33/MTv3BYC01dYxKJiPQJghDSBFbAIn3C2WLKBHd5l+7Yl1/BwFZPYP6f/oysWrVE+EoZc5KLh8QvtW5d/PCPf2LA0+3w1gcf4NiRw2pZhwNcHuyJRET6BEEIaQIrYJE+oSzgy7IcPnIUY195Ve3SnffnvyDz3HNF+M4y7vh4HCPxm/a3vyvxe/2dd0j8jlhLPbQxdY1JJCLSJwhCSBNYAYv0CWcLX3h5/8FDePH1N9C3VWslfFm1RPjKKryrN7VOHUz/698w8Ik2eOOdd3HsaOiLn6lrTCIRkT5BEEKawApYpE84G1wkfHv3H8Cb77yDHq2fwJy//BXZsku3zMPid7x2bcz461/Rr3VrvPnee+rOHaG8Ppq6xiQSEekTBCGkCayARfqEM4Xvpbt33z68+9776EsiMuPvf0cuCZ9clqV8wsf4pZP4TSfx6/X443iHRJuPobTfsi2UMHWNSSQi0icIQkgTWAGL9AlngpOEb9eePfjwww/Rr1UrTPvHP5BXk4QviKxIyi7cgpp53nmY9re/oefDD+PdDz7E/v371S72UMPUNSaRiEifIAghTWAFLNInlBZu4VPC99FHGPD445j6j3+qFj65tVrFhMUv+9xzMe3Pf0H3R1riw/c/wN69+9T3EkqYusYkEhHpEwQhpAmsgEX6hNLAYrF79258/PHHSvi++7//I+E7V4SvgsK3a1P9MTEorFIVU//yV/R58AF8/MEH6nvh9TlUMHWNSSRSYdLHX2xhYaHkLONwOEKyWTwU4ZXW7XLC7Sji6zNYQ4UzgY/B4XW4uLjil2NgBSzSJ5wuLHx79uzBuHHj0I+Eb/K//42MOnVE+CopvNwLq1bFD38l8XvgAXzw/vvYtXtXyIifqWtMIpEKkT5e8dasXYvp06dhzvx5mLtgvuQMMnvOHCyYPx/79u6VDdlp4CDZ27VlE1bOmoE9mzfjyL69Kgf37/f2p9EGweTovj3e4dGYw5RD+/cFDNfLZvuGDZg/bx6OHz9e4QdhB1bAIn3C6cA/jvdQXcnC1791a3zFwle3rghfZSdGi9/3f/0bupH4vf9B6IifqWtMIpEKkb7c3Fx06tQZf732WrS+6Sa0veUWyRnkoeuuw23/vQ6fUCUWasdChCIZJCivDx+Ofzdtgq4t7scr3TvjjR5d8ErPnni7eyeVTzu2xwROh/Z4p1snvGUNj8a80aMrXunVw/v4zR6dVZeXUbfbb8flF1+MhQsXKsGqSAIrYJE+4VSw8B04cAAfU13Zu1UrEb4Qi2nx+/5vWvzee/997NxV+eJn6hqTSKRipC8vD7369EMv+nK3XnEF9lxyieQMspBWkB433oAPP/pQtWIJJ+f48TQMGzYMifEJaJycglurVEG75AT0j41DrwRKfKzKwNhYDKBhXem57onx+rkoTc8E/fl7UjqnJKjHnFsTE1EzNgbTp05FQUEB1Y7WQq4AAitgkT7hZHBL9MFDB5Xw9X3iCS18sks39BLQ4vfO229j586dldqgYeoak0ikQqQvj6Svd99+GH3ffchPSlIrn6T02XvhhXjmhhvw0YQJIn2nQWZmJl568UX84ZLL8cQ1f8fIZpdjUq16+KX6edifXAN7EqqocP+vNGwHhbv7UmrhQHLNqMveKrWwqyotm6Qa2J1UVS2P7dVrq0yIT8ZNJH6Lp09DIUtfBRJYAYv0CSXBwscXAH73/ffRo3VrfP1//4dMEb7QjSV+s/70Jwy8+y688+qrJH67Ku24dVPXmEQiZBPlD0tfvyFDMMaSvqBfvuSkEekrDXpl5RNfvvnmG3Tv2gXfvfcOvnqyNT6q2xDrklKQkxCvlimfWVYYH488elxAXXdMPC3vBHouMUoSB8TEUGJpWcTR509Qn99Nj3l5pCUnq0yNS0b3c2KwZepUuET6hBCEv+fU1GN45/330OPJJ/EtC1/t2lTGdf3J9aj3TFJJyIS/Gz6rd9G112LQvffi9ddeU2f1VsYFnE1dYxKJiPSFSUT6Sg9L31eTJ6NDjx5YvGg+DmxZh/daPoCXa9XCspSqSvbcfBkB6nKcsSQ+9MtTbSCoG21xx1JoeXisris+Rsnx4aSqmJSYjG40TKRPCFXS04/jjXfeRre2bfHdv/6FrPPOC1qXSkInRsKN+E3/85/RgTxhJK3fO7Zvt77ZisPUNSaRiEhfmESk7/QxK6td+pYsWQJnUSH2r12JL9o8jldI/H5OSkEuSQ3LjZviiY9DcSx1aVlHVUj4OE6SPSd9fhY+LnMu6prWvq9F+oQQhoXv5ddfR9fWrfHD3/+OjNq16YeM3FotXMLbN97jkFetGqZcdRUeI2nv368f9u/fZ33DFYOpa0wiEZG+MIlIX+lh6fv222/RrXt3JX28EjsK8nFg3Sp88WQrJX7ratZBZmIiXHExcFJUS9c5HN7dGflx02dVrXoke0VxsRTexas3lrwcnLEJyEishSlxyegbG4ttIn1CCLJm/Xq0efJJPHPTTdjevLm6A0RgHSoJ7fA2jo+//PKf/0Tbhx7Cy2++qWS+IjF1jUkkItIXJhHpKz0sfZMnT0Kv7p2wfNEiwE0rtaMYrqJCHNi6Be906oDXatfBhuTqyEtOQX6CtYtXCVEcJT7Cw59Rf15XTDwJH8cnfcUkfcXnJKIwpjp+JOnjs55F+oRQJDc3D5+MH48ubdrik/9eh0MNGlrl98S6VBJ64T0OfPzlZBK+gW2exMfjPsH+Q4cq/IQOU9eYRCIifWESkb7S45O+Dli+cKGSPjgAD3XzHQ7sWL8On7d5HONq1lInd6QmVkdhXCI8MXG0zHXsYsT9ZrjvefNc+CTwc/FjPoGlKC7BK316ty93E+A4pxpmi/QJIQx/x6lpqZjw2Wfo164dxl/3PxxoeD6VbRG/UI9q4SPh++bvf0f/x6k+HjcOBw4chFtO5CgXRPrCJCJ9pUfv3v0G3bt1wU+LF8ND67CD6hEHdQvpF2RhYS72rVmB6bSR+LBhQ6ysXhuZKVXhJPHh49l84ePb9DFuJ8Y8F07xzb+RPicJXW5CArITE+GwPj8f38etf5mJKfguIRk9aNhWkT4hROHv+eixY/hq0iQM6dQJn153HQ40aoxi2dUbsjG7dL/517/UfZHHk/Dt37dPLtlSjoj0hUlE+koPSx9fsqVbt25YvGQJ+JKfhVacbg/cxQ44i3Kxc+liTGzTCuMuvBxrqtbEcRIfPsGjID6OBIjlh0WJRShBCRGHj3/jYwD5WEC7RIVbuFWPw7u1+bI1fLaugz4bP+ek8OfMoHVWTuQQwgH+rlNTU/ENid+wDh2V+O1vwuIXvF6VVE54e+Zt4SPhG9iK6t9xH6v7JFeW8DGmrjGJRET6wiTBpe/EghnJhbW02KWPT+TgnQUuWjYcvgaUp9hNXRcK8nKw9afF+KRTF3zUrDlWp1TDkaRkZCfy7k6Suxi+hEk8XOckwxGTAkdskhYjEj6+vInfmbBhFZ/0KfGjz6N37ybQc7HqjF4+wSMvIQHfx5P00fgifUI4cOTwYUz6ahKGd+5M4vdfS/ykxa8ywnVN4DCv8P3977qF75NPsJeEr7JvL2rqGpNIRKQvTBJM+rhQsryYwhmphfRMCZQ+xqzMxcUeVcFwv4skgm8ttmHZMnzZqSM+a9IUK/gYPxI/R0K8df06bv1K0MIXy7tASZLiY9Vzwb6vcIiSPkv8WPD4s3CLpuccXkf5ItU0Dg3nY/2mycWZhTDC3Jnjm2+/1eL33//iQGNp8QuF8LaMr6HIJ22YY/j2VeIuXTumrjGJRET6wiQna+mL5AJ6NpxM+vimHeZXpdPpUBVOUUE+di5fiq+fbI0JTZtgVZWqyODLufC1+1Sr1zlK9szu3aL4eJKk8G098LX0ablT4qekL5nKG9+Zg8ajYQ6RPiFMOXL0KL6mOmCYavG7Dvsbn6/Ej+vTwPVBUjFRwve3v6Ff69b46KOPsDdEhI8xdY1JJCLSFyYJLn2aSC6gZ8PJW/qKVUWj+z3Uz61+brgK8/HLwvn4rN3T+OTCi7A6uQqyEpLg5t2e3BJGYeErjNetfu5zEoN+X+EQP+njxyJ9QoTB370Wv68xtFMnfPK//2Ff40ZAbKyIX0WH6prsc8/F9yR8vR9/HB9++KFq4avsXbp2TF1jEomI9IVJSpI+UzAjtYCeDSVJH/2ndv+4XD7p48dKAj3FKCSpWb/0J3zSsQPGX3Qx1lSppi7g7Oa7VZD06WPf+FImVZX0BTtmJRwSbPcuS1+xbfeuSJ8Q7vD3f+zYMdXiN6BzZ3x400043LAhlX85xq+iwhfLziThm/nXv6IHCd87772Lg5VwHb5TYeoak0hEpC9McirpY06rsJ7q+QjiZC19WvL08ZC6pU/H49bP5RcUYs1PP+HjDh3wyQUXYlVyCjL4/rzx+gQOvsSJKybZkqTg31moJ1D69D13+fNw66VInxBZpKal4auvv0GfLl0x7vobcLB+Q1W+9brgv25Iyi4sfNk1a+FHEr5ejz2Gt955B4cPh57wMaauMYlERPrCJCfbvWswhbSkwqqGR3BhDuRUu3fteId7XHC7nHA73cjKzcfqpUsxrlNHfNz8AqxMqaIu5+JMiIMzLhaeuDiSpfC9+GtJLX2ye1eIRLgcpKen45tvJ6NLx4748NZbcaR+XSr70uJXXmHhyyLhW3DtH9GnVSu88OorSCP55h/WoYipa0wiEZG+MMnpSF9JeAtwhBfmQEojfRoa7nag2OWAi5Yv7/7NKyzCuhXLMa5jB3zUtClWp1RFZnIKCvis3ngtS8G+r3CISJ8QjWRnZ1O98C06dO6MD1j8atejsh++LfahGrVL1xI+Pmnj+ZdfxvHjaSG9Ppq6xiQSEekLk5RG+lSB1T30j35RcTM6h/rVY/1sxHO60mfv09JXSL9EXdQtBnkfckkofl62FB+3a4sPGjfGOhK/7ORkOOJj4YiVlr7yJvD7EukTzgYuDjk5uapuaP300/jottv8xE929Z597C18LHzPvfSSEr5Qx9Q1JpGISF+Y5NTSxwWUpE51dWEt5hMTXE4VekDxXdMvGihtSx8P8/BZvB4HnCR9fNcOdYwfyV9+YRE2rlyBT9s9jfHnN8Ga5Co4RmU5Pz7ee1xQuEWkT4gWgpUBh8OBryd9jUefegof3367tPiVUfQxfDUxn4Svb6tWGPviS+pEmnDA1DUmkYhIX5jk5NLHhZNb8KxWPC6sJHwuFj4Sn2LaSBZ7+ExVej4yy3FQSi199OfweNR9eV20vDzFTpI+B0mfmySwGAW0HHevXYNJbZ/AuPqNsD4pGflx8WHbMiDSJ0Qj9tLAJxPwnTseffppJX6H6or4nVWoLslh4fvjH9VlWZ594UUcPnLUWtolr4ehso6ausYkEhHpC5OcSvp0IWWx07tyleyZ0EaSW/r0rt0owFpXSyt9vHQclEI+s5evHeVh4cuj/kK4aZg645eW+/61K/HlE4/hg5Qq+CUuRV++Jc6SJxIn/Z3F0uMEkqp46upbmrFA8fcY+N1WViJB+nr37u2VvpNR0ncuCB76gTf528l4zOzqrVOf1oeTn9wRzbuAT/bZ82rUxNw//gm9HnkUY8c8bxO+8MDUE5FcX4j0hUlOZ/euas2zWvc8ubk+6fOQwER4QQ5G6U/k8LWX0gi0RHl3uZZlFj5zxhlL9OFtW/FO5454tWYtJX5pycnITYiHg8TJE0/iFJME5zlV4TinmrqIsyuWh9F3yeJHkhXsO67oiPQJgsbj9uC7yd/hiXbt1ckdB+s3OKX4RVtOJnu8fSqsVg0Lrr0WfR99DM+9/AoOHTgQduucqSciub4Q6QuT2KXvw/HjAzZyVEBJSIqdDnhoWbPw+UkfH9PHz0doIS6JM5G+U8GvY/kromlvX7cWE9s8jvdI+DYlV1cXcOYTO1wkUUVxJIAkS86YRHU/Wx7GUeIX8N1WVkT6BMFHfn4BJpP4dejYEe/ffDP2Nzz/BPGTFr4TH/O2qaB6dSy85hoMeOBBPPfSy9izZ4/3R3I4YeqJSK4vRPrCJCVLHxVOFjpbC59d+sC7Kd18Ekf0bfDOXvpKGke/3llUiNTNm/Alid+rtc7F2qQU5CanwBkbq3b3clzUz1f+d8fwfXrjSbJCp/VApE8Q/MnPz8cPU6age5cueJPEb1ezZvDwyVpqfTlxHYr2GOHjXboDH3kEr73+Bnbu2qWOlQxHTD0RyfWFSF+YxC59H00Y79u9ywWTxE4Jn72VjzbM3PKnhM+SvsooxJW58pR1S5/9tfwrlrt8Pb8D61fj3afb4I06dbA2uQpyaCPhiifh4yiRou45Seq2bdwtJnkK9h1XdET6BOFEcnJy8N33P6BXl65498YbsadJU1ovZFdvYIzwzbv2Wgxq8QBef+117NixgzZHoXMv3dJi6olIri9E+sIk/tJnHdPHhZJP2nAE7NZl4SPhUbt1bdJXGVTmylNa6TvZfJrXeKyuiYuWbVFRIbZt+Bmf9OqGdxo2xJrkFGST+Kl79fIt27jVL4alrxpJlkhfaTHL2iDSJ5wNp1MOMjMz8QOV9QHdu+PNG27EjqbNRPwogbt055LwDb6/BQnfa9i6bRuctC0KZ0w9Ecn1hUhfmCS49PFxfNZlWVj0TPixJX3q5I5KPJ6vMlees23ps49hf509vBvD5SlGLn0Pm9etwQedO+K9xo2xmsQvi1v8YmOV9DljqZ+Ez2PuaRsCEekThJLJyMjAlGnTMLBHD7xO9e4vF1wAl7Wr17cOBe+P5PgL3/1447XXsXnrVtomhbfwMaaeiOT6QqQvTBJU+ljmnA6f5Nmjdu26qODy2acVU4DtK0tgKoPyOJHDDk/DXeyE2+NSd+7IJxlau2oVPuzUER82bYqfq9ZANsmfIz5OHefniuFj+0LnDh4ifYJwco4fP65a/AZ1747X/vc//EJ1sDnGLxrD2yEH1Wnz+KSNe+9VLXybt2w55foXLph6IpLrC5G+MImf9JkTOUqSPvrFZVr5VGtgBRVg+8oSLBVNeUsfX9yluLiI3DqfBJsPrXQjh95zzYoV+LR7F3zUpCmWJldBWlIyimhD4Ygj8SOxCvb9VkZE+gThVBQr8Zs6bRqG9uiJN268EdupHg5s8TOJlNY+/hz2Xbmmy8K3gNa7wffdj1dfeQUbN2+OGOFjTD0RyfWFSF+YxC596uxdkgvwrlvevcuSZ486ls+/la8iCrB+H59kBqaiqQjpA0mfx5kPD02OpY8viZibV4iNq1fhw6fa4P1mzbCiSlUcI/HLSUhAEYlfqGwYRPoE4fRIJ/GbNn0Ghvbsidf+dz1+uaBk8YvEaOFLxqLfXa1a+F566SVsijDhY0w9Ecn1hUhfmCS49JFg8Zm73KrHMS186jItlbVrN5qkj6fjokXtgIOmx3ftANeBDqh79a5bsghfPP0kJjRpgmUkfYcoebShCJVdvCJ9gnD6pKenY9q06RhM9clr11+PbRdcEDW7eln4lvz2dxh0zz147vnnsHHTpogTPsbUE5FcX4j0hUlOkD5e4ezSZ1r8VCsfyR4PU7t3y7/wBq4o9tB/vv4KptyP6aPQ0oaDvgMnLXOP2wkPfQcehxsud7G62Ov2RfPxdZtW+KJxI6zkXb0JSfoizfR9Bm/xqzghFOkTyhpexnwCxPbt23HkyGFraOSQkZ6BadOno3/Xrnjlxhuwq1lzuON84hcqrfhlFqobipJTsOrKK9Hv/vsx5tlnsXnzJt8lwyIMU09Ecn0h0hcmKVn6uGXPhAVQX4yZBUTJXwUVXvuK4n1PW9TjCqa8pY+vN8/nqzm4hY+/C3OvXlr2bhfftq0YzoJ8bF84F5NI/D6nDcSalGrISEhEYXw8nHH6Th3F6lIQFHXx5kTacFi7gPk5Wxko64j0CWfCyZaiIz8fyxYswMABA/Dm66/hyKGD1jMWEfAV8OVcWPz6dO6M12+8ETuaNfMTv3BMUFmleqEgJQWrr7gCA++5B8/QOse7dP3P0o2sdcrUE5FcX4j0hUlO3L1rSR/vxuVYsqfiIekrJunj5yuo4PqtLHyAG78vyxB3K/BkEjvlv3uXFjeF5Y+mrPuK6bvg+/W6+XIuHnWcX2FuNjYsXoBP2z+N8SR+K5Or4hD9es5LSlbyVxwbR99xIglYirqWnysmQYsYSRhLV7DyUBYR6RPKEjfVQYe2bsH7AwfgnxdegJuuvBxfjh2DnANa/CJp+WdlZSvx696xE1665WbsbNKExI/X4xPXs7AM1Qn5Vapg9eWXYwhtt/vS9nvbL9vC+sLLp4OpJyK5vhDpC5MElT5VMEkweDeuEj4tft5hLF0VgN9KwsKnwq1fNA9K+Lhb8StQRUhfcPiOHSTetAz4VzFfy4/nZdPSxZjY9glMaNQYP1WpjiMkffmJiSR9LF7xcMSkwEni57akjy/x4qFusPJQFhHpE84Ws0Td9J0c3bsbU19/GYOuuRrdqiSjV0oSBp7fEItHjETe4SN6xAj6CvjOHdNJ/Dq2b4+XbrsVe2i95pM7wn4XryV8a0j4ht1/P3oNGoRt27ap+izSMfVEJNcXIn1hkqC7d6kG1XKnJc+7i5eHWa1+5V1wA1cSPpEDlnSy+OiTSXzzwqkoKk/6+ON6KC5VUeoWPxcc+bnY+dNCfNPuKUxodiHWVKmGzOQU2lDE6Qs4U/guHryrl4XPEZtIXZaw4GXibCPSJ5wNZml6qJwf2v0rvn3jZQz4y7UYQcLwY826WFStFl5NSMSoOnWwZOSzyE9NtV4ROfC9emdMn4Gn2j2Nl+64HbsbNYIzwVp3wjEsfLxLl4Wvxf3oPXgwtmzZSp80OtYdU09Ecn0h0hcmKUn6qGSqVrVikiqWLJYrFR5eAYXXvoLoM3d9oqdE1DZf5T0vgVSm9JmWPhY/dSkXj279cxTk4ZcVP2F8h/b4uMkFqsUvM8G6ZVu8FZIv3sWr7tUbw3fxKJ/WPpE+4WzhVuy0g/vwzasvoOfvr8KopEQsSaqKg8nVsT+pCvWn4OXERDxTowaWjhqDwvR0/T1ExFehPwS35s+ZOxut2j6JV+68A7vPD1Pxo3qgIDkZ6y66WAmfaeHTRMe6Y+qJSK4vRPrCJMGkjwullosTw9LF94nl/vLEvoJ4SPq878/vawmfPRW5IpWn9J389Xw8H8ueU3VZhnXLH39+j5KWX9atwccdO+K9ppdgLW0Y+VIuSrxI+hx8r14SLZY+Ps6PW/7Ko7VPpE84G/j2jscOH8K3b7+O/tf8Ds+R6CxPTEFaYjKyExOQmZiEAyR+y6h8v0jiNzQ5CcvGjPWJXwThdLkwb94cPP6kTfziE8plvS2vqJM2Lr8cQ++/Dz0HDsTGDRutT6eJhvXH1BMmkYhIX5jELn3e27ARunByC5vvZAl7KoJg73uyVBQV3dIXOE1zIodu8aMuCyANo4coInHZvmkj3u/SCa/XqYN1tGHMJ/FzeaWPr+eXRN97In3/0tJnX7YifRXESRYXL8usY4fx3VuvoccffovRSYlYnViNfrxUAZ+R7qSyxHegKYhPJAmshbXJ1fFGcjIGxMaQ+D2HAhI/mog1tfDGXq7mztXi9zKLX6NGp7yAc0VIof09eDtif87EQVK+9pJLMPieu9GjTx9s3OgvfNGCqSdMIhGRvjBJSdLHBBbUii+s/H4lpfKozN27flhvxWLuKebj/Fj+9K6xPdu3453OnfByrVpYT+KXy7t6rd28xbzBIAkT6fP/vkT6Kh++NdnXJHw9f3O5auFbk1idhK+qKj+m3LBsuPl+0+ekoCCmGn5JrIoxJBc94+KwdLRu8TNE0jfDLX6t2rbFi3yMX+PGQc/qrcgWwGDvZYbxdoUvvMzX4Rt47z3oPYhb+H62Pkn0YeqJSK4vRPrCJCeTPiE4lSF9J58un/3GF80m6eMr6lCySVY2rP8Z77Z7UonfpuTqyKINozNWn9hhLuQcrEycbUT6hDMh9/gxfPPmK0r4XqT6nIUvN64qldk4uKjMeihcbrT4cfmNhzMmAelUrlfQD5vnqNuvShUseXY08o8ds6YaOfBJW3yMX3sSP76cy69Nm1bqdfxKqj94m+KKT8DKyy/HwDvuQL/+/bFu3Tr1YzRaMfVEJNcXIn1hEpG+0hMyLX1etPSx8fHxUMUuPuGjGIUOB/Zt/wXvdu2sxI+P8ctKiEcexUHyJ9Ln/32J9FUeSvjeeBldfncFXiRxW5eYhLw4PtlIn4zkjI9FUTzJn1VuTfhHTEF8PI6T8K2nsvQmbQeG1joXi0aMRO6hQxHV0sdweZwzdx66duqMUbfegs3Nm8Nt29XL9bnpL+8Eey8lfHwMJl94+fbbMGTwIKxdu1atW9GMqSciub4Q6QuTiPSVntCTPnpP6/g+vouHm69uw+JH9Wwuid8vmzepFr/X+RpZSck4SutKIbecBJSFskqkSV9J32nlfNeRRw7fieK9t9Dnt1fgZS6jqoUvmcoO302GygqVH2dcrLrgeFFcnBI9LrvmGD/ucktgTnwC1scn420SxhH16mHB8BHI2bffepfwx5S2AlpPZpP49aT658WbbsKWiy+Gk9bpihS+YDHCt+zKKzHo5psxbNAgrFi9Go5T/HCKBkxdYxKJiPSFSUT6Sk+oSZ/VzgcHvbdLnXhDj8j4+ESPQhLBAqp0921Yi2kdO2LcuediXXI12kAm0ka1fMQvGqWvMr73SICF75s3X0Pvv/8Nr1SvgbUkfDlxVajcxOnduFx+WOpI9PgEjqK4eJK/OBTwNSi5BZDKlirDPC5JYTaJ3zoSv3dI/EY3aoR5w4Yje89e690ih1za9s2bNxd9u3fHszfdiJ9J/E51ckd5xgjf0qtI+G68Ec8MHoTlK1eigOpKQaSvzBDpO/uI9JWeUJQ+da9e7uf3J+ErLi6Cm+TP5XHD7SmGs6gQu1YuVffq/axRMxK/qsigjQRvPPmsXiVoJF+ec1jO+D69fPeOWAqVE5OAslNSIkH6evXqJS19ZYx9afGyy87IwPQP30XXq6/ESzVqYm1SDUv4WF6sskNlSIfLYjyKYhPUSUk5JBjc6qfvJ61PaFA/YkgEs6lc/ZyYgvdJ/J5r1gzTevVG6pYt1jtHDrk5OZgzdw769eyJkVR/r7v0UjiTkr3rYVnF/sMw2I9EI3w/XXUV+t98MwnfYCxfvhz5Fbw+hzKmrjGJRET6wiQifaUn1KSP35HFj6PevZj73Or6hurMXnUBZw8K8/kCzsvwaefO+KBpU6yvVhPHklNoA8q7zfjkDt7IxpOw8W3bqsAZk6RO+uAD6Etz2zaRPiEYZnnxcaeZaamY8dF76POPv+OFqlWtXbqW8FlljQVD/xBhsdNyx3eS4R8qLH7c8sfH/OkfKVy+dLniYwC5xW9tQjLeI/Eb26QJfhw4CJk7d6n3jySys7Mxe84cDO7ZA6Ov/x/WXXKJt8UvmKCdTWCrA8y0jfCtvvJKDKFtyPBBg/HTsmXIp22z4MPUNSaRiEhfmESkr/SE3jF9gfjmgeeHz/rjLksNz/vmVSsxqWsXfNa0GVaQ9KUlJaOINhRa+mLVGZFFsUnqdm28C403rvxcsPITLCJ9wglYi4p/fKQfPUrC9z76/pOErwafYFRDnaVbbISPyoa/8Fkteqq1j3fp6mtOcpfLq5Y+vu4k9+vXsvhlUvlal5iMD0j8XrroIkzv0xdHN/F14sLzeyupvGVnZakWv8F9+mDk9der6+I5yqHFLzBG+NZccQWG3HwTniGx/mnpMrXrWfDH1DUmkYhIX5hEpK/0hL702dF38WBcJDUsgEWFBdi9egW+fqoNPm3aFCurVEVGQqI+M5I2uHxQPJ8t6YiLU7vQ+DgqvmdvsPITLCJ9QjA8bjfSDh/GjE/GYeD//QvPVtPH8OWR8OkWPlN+THzCx2VJnbBB8ZYrLqv8WI1nxI9b/lgW6Xkqu9lUrtclpuBDEr/nmzXDlO7dLfGLLLKys/Hj3LkYTOV21PX/w9rLLlMnd9jXy7KMEb61JHzDadsxdOAAJXy8TRZOxNQ1JpGISF+YRKSv9ISr9PGuXn3LNjdchfnYvmQRPmv/FMZdeAFWpVRFFm0Y3fG0kWVJI/ErUnc+SIAjNpk2rLxBDV6GAiPSJwTC98pOP3wQMz79BEP+9z88V6MWViRUI+GrRmVBC59P9ljaAoWPBY/LkRE/7qfQ+DyMxU+XUd4O6B8ofEgCi1/WCeLXg8RvU8R9f1lZWerOHUN798bIG2/EugDx47re9J9t+Dp86y6/HENuuQVD+vXHTz/9JMJ3EkxdYxKJiPSFSUT6Sk84SR+LHt+r1/SbW7cV83X8Cgrx80+L8Wmnjvj04kuwukp1dV9T3jXGosa70ApJzJznVKWN7+mvXyJ9gh2+TWD6oQOYPX4chl1/PUZXr6VurVbAwmeVBy4npxI+I4U+8dMter5WvzhL/Hia1h1neDz68ZLFkmKJ33NNm6oWv2ObN1tzGDnkZGdj3oIFGNSnD0bdfBPW88kd9Jnt6+fZxpmQgJ9pukNvvRX9+/fDT8uWIz+/YtfdcMPUNSaRiEhfmESkr/SEm/R5PNy6x/PGwqfjceuTO/Lps6xZugzjOnfS4peiz+pVd+0g+VN3Q4hJpo2rPjj8dCLSJxj4B0bqoYNK+J658QaMIuFbnJCihA8kZqb1ySd8LGvBhc9exvhYPvuuXrv4cVnlcsbT1+LHZTDGK358jB+f3MEtfmnbtllzGs74l8OcnBwsWLgQA3v3xqhbbsaGSy4h8Tv9lvqThe+lu5GmN+yWW9CzT28Svp/UdQOFk2PqGpNIRKQvTCLSV3rCa/euP9759LjgdjnhcrqQlZePNcuW4dMunTHuwovUyR3piQn0i54v5xILD4c2nMHKT7CI9AkMt/ClkfDNnDBe1S+ja9TCTwlVSL5SqBxYx/BRTiZ8LHKBwqdjxrHKGQ1ThyVYw/jYPqhWP56ePuvUHRurjvFbT+L3Ee/qbXi+avE7vn07fZl8xjsRIV9pXm4uFi1ahH5Ujp+99VZs4uv4nY340TItpG3sBprOiLvuRPeuXbFs2VK1fginxtQ1JpGISF+YRKSv9ISz9GloPt0kMy4HXA6Ky4O8wiKsX7Ecn3TuiI+bN1fH+KUnJ6OA5I+P7xPpO5Hw+K4rBxa+jMMHMGfCJ6puGUXCt5iELy+uOpUDKgNcnkxUmdEtdNzlcsMXXS5Z+HT4OT/xs8bXssi7iLmssehwKzU/T6JondyxKSEFn8Yn4dn69TGlW3ek//orf6E055QI+Vq5BW7p0qXoQWI78vbbsJXq+TNq8aNlW5iUjE30g3AUCV9nmt7y5cu8h40Ip8bUNSaRiEhfmESkr/SEq/T55ozm0+2gFOpdv65iuNxALonfz/Tr/ZMOT+OjZs2wpko1ZJL4FfGZvLG6teR0ItIXfdiXBB82kHHkEOZPnIBnb71FCd8ikixu4VPH29F3zyKhWudYxs7hEy90K5+SOCovLHInEz577OLH0+YTOPix7xg/3jYk6Pfi8Vj84hOwIVFfwHlk7dqYSiKTtXdvxH2nXFctW7Ycnbt0wYg778C2Cy6Ag7eVvKyCLMsTQuMVUh3AwvfCXXeha9cuWLx4sfqOhdPH1DUmkYhIX5hEpK/0hHtLH88jt8R4PA44PS4SPusYP0o+id+GlcvxWcf2+KyJbvHje/Xmx/NGOXgZCoxIX/SirsOXmoo5X36BkbfcrI7hswufOoaPy4VVTnTrHrfEnZnwmXjFj/r5tfxYD7OLn9Xix8/Tjxi+V+8Wq8VvWI2aWvwOHlAXj44kuFyvXr0Gbdu3x7N3341fTlf86PkiGm8LbR9G33O31cK31JqqUBpMXWMSiYj0hUlE+kpP2Esf/RXRho3vy+v28J07nCR8DoqbJJDEjzYSO1evxDft2uLT85tgbWIy8uJ81z87sRz5bzxE+qIMazHw8sjKSMfcSRMx/KYbSfhqqpM2vMLHksFlQpURjpY9I3y8S7e0wmcfV7fu+cqdatXjnMO7eu0tfvzYJ35bE6oo8RuYkoJp3Xsg5+BBdYmZSIJPqFm9ejXadumCZ0ngtl5woRK6k91ph5/fbLXwderWHYsWLrKmJpQWU9eYRCIifWESkb7SE+7Sx+0YfJ9eFj91DT8PCZ8rn/qLSAKty7o4CrFvzQp83fYJfFSzFrbQhruAJI2v3ac2zLRR1WWIN9gJqkVFD9fP8fFYIn3RAy+LHL5O3FcTMeSG/ynhW2IJn+8YPioPVr0TuEv3TIQvMErkaBpe8eNhpizaxE+XQT45icaJj0cuid+2xCr4hMSvd1ycEr/sA/u94heu33Ow+V63bj2e6toVg1u0UELHLX7Bljkf+7f1oovwHAkft/AtXrTYmoJwJvB3YU8kItIXJhHpKz3hLn0Mi5+aU55n6869PO8sfOZ4nWKXC4e2bcN7XTvjtXPPw1bagKclJ+v7ntJG2sMXcub7855TFY5zqtGwJLhiaSNuXe6FN7YifdFBfn4e5n49EQOu+w9GVauBn0j4su0tfPSdKwlTYQHz7dLVJ22cnfCZ8DRY+rzix2WQhqmLOFvip+WPhVO3+LH85ZH4bU+sinEsfrGx+Lzdk8jcs1uJnyon6lNGxve9YcMGdOjZE4NY/EjsAk/u4Ovwbb74Eoy+4w4tfItF+M4WU9eYRCIifWESkb7SEwnSdyr4c3iKPUp6fl2/Dl+2bY13k1OwKbkGMmkjwdLHG1a+RVshX9cvNoE2sroVUIef5w2qSF9EQ4ugkL63OZO+QL///Bujq9fE0kQSvriSdunqFj7uGuHj8hJYL51NlOSpMuhr8WPp4/Lo5DN4Y+y7eq3n6UdKPonfDhI/bvHrS+LD4pfG4md9z5HybfPnWU9lu2OPHhhx113YQuLHl3PhbQG3fG659FKMuv12dCXhW7hwofdHoHDm8DK3JxIR6QuTiPSVnsiTvpLnmT+Pm8QnbeNGfPnUE3i5Vi2sS0pBHgmgK5bvz6tvfq/u20tlieWOBdBJz4n0RRb2z2v6Wfhmf/W5Er6xNWqR8FVBJgmfbsnT9YtP+rhlTUufXfj4OXudVBbRZdESP+sxl0X9g4Tf339Xr3oNPV8QF4udyTXVMX6DqlTFF+3b4tiWzarVmz61+syRAN+Dm8t3nwEDMPTee7GORM+RnITNl1yEUbfeil49eyrh43VCOHt4fbEnEhHpC5OI9JWeSG/ps38W/pXPXVdRIQ5uXId3aSP4yrnnYm1yFeTGx8MVTxtVCp91ybtzXbQhdfDu3thkJYUifREKfXa+DtxP07/HwP9dh+HnnYdFVCbswsfRssdiV/bH8J1O/Fr8qMyp8qges4ByWdTiZ1r8+Hne1cvH+KmzemvWxMR2bXFk00Y+G8L68OHBqcqnw+HA2nXrMJC2ocPuvgfjb7geI2++GQOo7C9YsEDVcyUR1WX/DODlZU8kItIXJhHpKz3hLn32eQycW/MZPFbXxEUbvEISoO1bNmNcv154o159rEnm47bi1a4xPo6Pb93miGHpqwZnTAptWEn0RPoiEgctl5+m/4BB1/8Pz9SujXkpNXA8vgp9zyR8JFX8/SrJsoRP321DH0NXUcLH4fc4Qfx4GM2XET995w4tfuo1NF5eXBx2JabgMxK/ESS0n7d+HHtXryLvC2/xC3zM5Xvt+vUYMnAQ7rzuOnRv31618OXn56vnpeyXDby87IlERPrCJCJ9pSfSWvrsc2z/HPbwpV1cnmLkOhzYtmE93u/aGW+ffz5WW+KnhI/FLzYeLpI79zl8VqDeyOuWFZG+cOSET0ifWd3pYcYUr/AtSq6K43Fa+GDEScUnfOZOG/pYz4oRPpOg4kcx4mc/xs9vV298HH61xG8Ufc7PSPz2LV9m7eqNHLiML1+xAh988CHmz5+vtqtC2WLqGpNIRKQvTCLSV3oiffduIPSp4C52kvi51B6ugqJCrF+3Dh926Yz3mjTBz9VqIpvkz0EbSWcsyV8sd+PVRlVtXFVE+sId/rwFVOcq4bvherVLd15KdZ/wkVCpY/goWvj07lyv8FVgC19gfD8+bOJnDQs8xk/vitbixxcl35ZUFZ8lJGNM3br4onUr7F62NOxa/E4Ft+ylpqYiNzfXGiKUJaauMYlERPrCJCJ9pSfapE9fzqUIblc+imlb53S5kEsytG71Gozv1R3vN26MFUkpyKB1sCiBz+aNI6GzTuSg8qXFT6QvnOHPmp+bg6XTp2DwjTdgWK1zsTC5Co7HV6XvNlgLn5Y9FigjfEq2+LuvpAQVPy6bNL8u1eLHn0Pv6vW2+NF88zF+vyQm44v4JIytXx+fP9Eae5b+hGIqL4JwOpi6xiQSEekLk4j0lZ5olD54CuFxkvR5iuFy8f16af3LL8Lm9WvxUbu2+LBZU6yswrdsS0Z2YqLaNWbO3hXpC2/4c+ZmZWLptB8w/NabMbhGTcxNqY4MWwsff6c+4TO7dC3ho+/a/ACw1z2VETWPwcRPzSc/jlPip8spiR8/R+LHLX6/JGjxe65BA3zB4vfTYhE/4bQwdY1JJCLSFyYR6Ss90Sd9/LlccLv4Xr0eddcOcDFxAPlFDmxY9hMmtn8anzdtguUkfQcpfAFn32VceAMr0heO8GfMycrAT1O/x8g7bsMQFr7kakiPr0aCxN/licKnd+mGnvDZE1T8aLhd/PTZxoHil+QVv88fexS7F8wX8RNOCa9H9kQiIn1hEpG+0hN9x/SRENHncrhd6ixej9sJD5UTj8NNjz3IJ1nbsWQhvnuqDb5s0gQrk6sgNTEJjli94dcbf+pXB8vzxpTKHm1IRfpCG/582RnpWErCN/quOzC0Zi3MJuHLSKhGEneyFj77SRuhJ3wc82PE7+QONUwP589QrC49w6HPxcMDWvzG1q2Lzx5+CLsXLlDXvROEkuB1yZ5IRKQvTCLSV3qiTfr4evx8r14Ht/DxdfvUvXrz4PY44XbxbduK4SzMx45F8zCJxO+zCy7EipSqSE1IQGEcCUAsbVxZAGMT4TonheQvgTaifCu3ZMwg6etFQrhVpC+0oM+Wk34cP039AWNb3K+E70ev8FniTtHCp1v3/E7aCGHhMwkqfkr6rBY/+iy6Zdpf/PLi473iN6ZOHYx/+EHsXLwIxQ5eS2jRef8TBI2pa0wiEZG+MIlIX+mJxpY+PldR34yJH1FfsYv63Ch20/9uj2rpKMzNwYYli/Bp544Yd/HFWJpSBam0XroS4uCMI+mLT0BRXFUUxvIFfJPV9fxmk/T1EekLLehz5ZLwLZ/yHZ67/14Mq9cAs5KrIp2Ez3uSgyV0/mfp6pZdfR2+0BY+E55/I35K/ngYzb+9xS+Y+OVb4jcxIQlja9fGhAdaYN8iLX7echGhxUMoPaauMYlERPrCJCJ9pSf6jukrafvFd+xwq7t2sDDxZSzyadn8vHw5xnfuhPEXXIgNKdWQk0SCx8f4JcSigNZTbilxn5MI5zlVMYukryttXGX3bohAnyk/MwMrZ0zD2Bb3YXDNWpiZVEUJn76Qsa43TCtZ4C5dvmQPSx9LU2BdE6rxtvgpWbVa/KxhdvHzntzBzynx4+v4JeMrEr9nzz0X41vcj4NLl3qP8YvI8iGcEVwW7IlERPrCJCJ9pScapa8kuJXP7XYp8WPp4zN7C/LzsXHpEnzdoT2+bXIBNiZVQ15iEpzxsepyLryx5JM8XDFJmBKfjPY0fPM0kb7KhZeFB7kZ6Vg1czpeeuxRDKpbH1MSU5Aal0J1BQsP1RleIWLZ8+3W9ZMmq24Jt6jPYESPP6fVb8RPH4/qa+k04rcjIRmfxydhZM2a+PS+e3B4xUo5uUPww9Q1JpGISF+YRKSv9Ij0+TAtfSx8Wv74zh0e5JHAbV6yCF883Rafs/glVkV2fALUXTsofL/egvh4fJ2YjA5xJH3elr6KW36B31c0Sx9/ltzsLHUdvjEPtlDCN9Vq4WPRUS18Sn609PGJHPoeu3q3LrfwhbPwcbTMBoifarU08sef90TxK6Dyy7dsm0RleXi1avjknrtwbN06uKkujaQyIpw5XA7siURE+sIkIn2lJ5qk7+Sfh4/nc8Hlcirx43GVABZ71IkfBS4XdqxagQlt2+CTJs3VLdtySPS4lY+lLy8hHt8mJKMbbVBl925loi+8vGrOj3j+kUcwsE49f+Gj70cJn02A7C18FXkv3YqIOTaRo1v86PN5PyN/br7FIMufv/jtscRvMJXzj++8HYfWr4GrqFAtXyG6MXWNSSQi0hcmEekrPdHe0hf4GfWJHLrFj1v6uNXPyWf00mhOhxO/rFuLjzq2w1sNG2JNUgpyWfxI+gqpK5dsqTj85tZ6wJ+hqCAfa+bNwZiHHsKAOnUxhcTleFwK1Q3+l2XRXf9dupEmfCb8Ob0tfvyY5Y7lj4epFk7e3vhu2cbiV0jitzexihK/flS2P77jNhxat9oSP4vwKjJCGWHqGpNIpFKkz1RQktOPSF/p4ZMVJpH0de/eHcuWLrOGmpMaIuuenGcCV2p8EWeX00MmxeLnwo4tm/Fe1y54rW5drCXxy06IV7t3jfTJ2buVQ1FhgRK+kS1aoH/tOphGwpJmHcOndulSlPSo+I7ji2Th4/Bn4s/oFT+rxY/FTz8OaPHj19DyKIqLwf6kKviKlmOf2Fi899//kPitUrt6fYj5RRumrjGJRCq1pU/k7+ThCs0sI5G+0mNa+rp27YrFixerldgIX7RI3ykrLq7caFkU865ftxt5Dic2btyEd7t1wUu1zsXG5BpIS07GVJK+frFx2CbH9JUbJc0l75pft2Aeht17L/qdVxvTE1NUC586Vo/kxtQVRvhMCx/3R7LwmZwgfjzMEj/12b137uAWP6tFlMUvNgaHkqp6xe+j22/DofWr4Xbq6/iJ80Ufpq4xiUQqVfokpx+RvtLDIjB58mTV0ueTPn0VOyZwBY+20MIgo6B+kr3i4iJ4+Jp+NMjlcGH/rzvwXsen8CKJ35KUamrDyMf0SUtfxeIkAVk7fy6G3nMPBtSpgxlJKaqFT91pg+sGr/SxzLDo2U/aOEclkoXPxCt+RnJpufjt6lUndyTRMrOd3EHDWfwOJOldvQMTE/H+9f/DvmVLAlr8hGjB1DUmkUilSB9XVpLSR6SvdLAIfPvtt+jRo4d3926krshnDC8OruDgtqSPBjjoX5FD7+ol8XuhVi08R3kqIc579m5FLsXACjjypU/PL7fwrZ0/B0PvvgeD6tZT1+Hjy7LoY9V8smNurWZa+Fhmokn47PFr8TtB/PSuXhY/Xl5q2dEyYvHbZx3jNzQlBR/cdCN2L1og4heFmLrGJBIhmyh/cnJz0aZTJ/z197/HWJKWMTffjNdvvgVvUV6j/udvuw2jb70VL1D/KzfdJAmSN2jZDL3+Rtz1j3/i7bffJumzdkEIJVKYn49JE79Epw4dMW/uPOTk5KiyqLoSlczsbKRTMjOOIzvtKLIzMpCTnYNsHp6ejnU/Lca7HZ7CLTWq48GkOGyS6/SVH7bZ1MI3Vwnf4Hr1MSupKo5Zwgezi9KKvhZf5J+0UVLshwnp5XF64mc/xs8Rzyd36LN6n6lWDR/degt2zpsDt/3kDiHiMXWNSSRSIdJXQBuJt95+B0+3ao1BVEkPGzIEowYPxWjKyIGDMJweDxs2DMOHDsUzkqAZQRk6YAD60vKbMWMGbRTkRIRTkU3y8tpLL+N3l12OB1o8oHbz8pm8nJ49e6outwJGW3g5cLi/d6/eJE69qb8revfoiN49u6B3797o06cfuvfpjY5duuCW//wHNRMS0CwxEQumT0eRSF+5coLwJWvhc1nCx63+PsEJvNNGdAlfsJyO+PmuX6jFj3f38lm9+5KS8HViEp6tUQMf334bdsye5X9WbwURqcIR6pi6xiQSqRDp4+Oojhw+gl9/2Y5dO3di95492LNnr8ru3Xuwix7v2kv9kpOHltPu3buRkZEhlcJpUEgisGzZcrz++msY9/FH+OyzzzBhwnh8NuEz6tfdzz/7POrCy4HD/V98/oUeNuFT6n5CGa+GffH5RHxG3c8+/xzjP3gXL7/0El57+WXsofLH9++tSAIr4PCXvmDzo4fxSQR80sbQu+/GoHr1MC0xBUdjfcJnpMbcS9cufCw0RvjORvq45exsT7IzYnqmOdv3V8tAiZ5N/GgY37NXix/Lsm9XL7/GXM5lV2Iyvk5IxphatTD+jtuxc+Z0Er/AHzr8fYVauRLOFlPXmEQiFSJ9pUbWJaEM4JWWjydNTU3F8eNplOO+bpp5LFHh5UFJs5ZPmi0ZaalqGaZR+LCCiq4MAyvgiGrp885aMZyFeVhnnbQxsE5dzEqqQsKXHKSFzwgft1bZj+FjmdGiYxegUoVeX0zT4u4ZiyNP4yxer4XNtNBpiQ02XmDs4+lp+Fr3XGpa/sP0rl7ezWvb1UvPFcTFYXdiEr6PT1InMn1y1534ZcZUuAortoVbqHhMXWMSiYSm9AmCUOlwlRcK1V5gBRyJu3cd+XlYO+9HPHPffehWqxa+t+3S9V5mRAkNS5C+Dp9d+Mxt81hmtPyVTvx42loYtTSqKLE8/emYE0r06y2xKtU0eHy+2DKFPgOfieuM5X6Ws9LMh20aNA88DSdNQ+3WpfnyFz+WPf9j/Pg5vjblXhK/H0j8niPxe+/uu7Bh2hT1PZUVplybCJVPNHwnFSZ9UqgFIXypzPU3sAKOBOmzz1Nhbi7WzZmN5+99AN3PPRdfVKmOA/HVSfhYRHRLlw736925Rq5Y8Byx8ZREEr849biIuyQyHpvInCw8XX4vZ0yiliyarismnqaRrE4cOfU09Hy5z0mk6VBIrlimnGoaLK48L6cjbXFqXEdMsv5MJLFFcTxfydZnOdU0+Pl4PQ1aHi76LHo+aNnEpFA3iR4HEz99ORfdcsoyTfNN71kYl4z9JH0/xCVidK3z8O5dd2LLlO/LTPxMuTYRKp9o+E6kpU8QhJAmsAKOmJY+mq2CnFysnf0jXm7xEIbUqoMvE5Kxs2ptFMamkJiQxLCgkNCYVjQjfUb4VCsWS1JMFRIkLUqF8QlwnFON5KeKJW3BBMmEW9dIrGhcngbLnmpto2E8DRY/vs1bsNfqlkcOz1uCej+WPJYonkdnjJlGVfU48PX+YWFjaaTPwZ8lNoE+TyyJF02DPp+LpnvqafDyIXFVnyWJPoteXkpolXzSdPjz0bJTy/QE8UtQy8sZT8uThI/nv4jkcw+J3zeU0STkH9x5B7ZMDS5+pSllukzr+2CbCJWP/fuI1O9EpE8QhJAmsAKODOnTx5uuXrgQzz/8MAbUrI3JSVVwML46shKqKoFjKfFJnxE+08Knr8OnWtVIdByWJOnWsTiSFRYllj5uIQuUI3u09HFLmGkd8/CuUQqLE0sfC52WTv/XGnHi8T0kSC5uKeQut7CxjMaa+Uim8VkE/V/vNx31+biVjlvlSNLUZ4nVn4WWhWrtIwHTchhkOrys1DR0yyC3FPLuXQ+F54VlT80fDWdRZtmzt/jxMuV5VMsyIQkFCQkknCSutDzz4+Pxa2IyJtHwMSR+H915O7byrt4Cf/ErTSnTZVpLH/1nPQ7FchpdmO8hkr8PkT5BEEKawAo4/KWvGLm5OVixcAGeb9MGvc+rjS/jEnAwQbdQ5cdr2ShW8sStUFqK9PFuvDuXQkLELX38mJ9Td6IwYWGiabhJnpSQmWlQjCSxaBnZUbtASdB4mq44GkbvzcKkpx+n4lDi5BM/7vJjdRwhvc5Nr2fZU6/hYfH6Od7lzM+xsOnj81jMAqahpq13CfP88DD1uen1PA31HnxMHk+LxgmcBn8Oc/wevxe/J38Wfr36LDwNNW/6uUKSOD5Ll4cp8VPLTb9e7dYmgS6k5cdxxtP70Wdh8duZmITJJH4v1DoXH952CzZNmUzil69kr3QljMuzr5WP/lMxj0OvvEYP9u8gUr8HkT5BEEKawAo4rKWP5iUvNxcrFy/G2LZPoXftOpgYn4jDcbw7kiSDBESdlEGy4WZ5o3ALnpYW3fKVlxBP0WKiW+a4RYvkh+Jh0eHh9HoHiYoSMeovoGEsbjwuSxLfhaKAhptp83P6PVmSWByNKPE8kPTQ+/H78vj8epY7fv8cGpZPcbIg8bQoLElK+nge6DFf+Jj7WZxyaTo8TZY3fk/+HDxMtarRY55fNc8cazk4afoOfm8KyxqPX0TP83zwNFiSeZj6PLao91bvT5+dwvPOZ+bmJCQiMzFRT4ce87CiBJY8vTy4ZZHnhx+rYfQcJycxATuSquDb+BR1AefXrv8PtsyeBedpn9VryiGXZw91SPw8LH9WvyWCQuVh6hqTSESkTxCEkCawAg5X6eNbJ6YdPowls2djZOeuaN/0IryblIKtSdVwnMQvg0Qjg8SIczwhCenxCdRNxFFKKj1OU/1JOJiUrML96nUcEph0lTik0evTaFhqchXdpdcdTkzCMeqmk9Acp/A0DyTRtGj4EZoOT0u/Dz/HSVDDjtAwzn56vz3JKThA4x+l6R8iadpPr99Nw/fT+xxKTMYBmt9DlCP8PIVfd4iyj4bxc3spvJv0ML32UFwivXci9tI0d9I0eLqHaF4PW+Hx91P20Tzsp2V0wMpemi+eBk+T55O7O+nxDsoueq899HgXjbObwl3OXnrdnpSqqqVuJ3W307hbE6uo7g4ato3en7s8bTOfZjo7af5+pfDzv9Dn3Fi1FuZRXqBhT9WshhG33YqVc2eX4tqVVBZVeSbR87j5Stzke3zva77YPkVJIJfX0Ciz0Yapa0wiEZE+QRBCmsAKOFylb/+unfj09dfw2K234oaLL0PH+k0wsW4jLKpVF/NrnocFlMW16mFBjXqqa7KgZm0sql0P8+pw6mLheZRadTD/3NqYX6cOFtDwRXUbYD5lDvXr0DTpucDMpeE8DX7tj7XrYkbd+phWrz6m1mvgzbT6DTG9YSPvYx6HM4uGzaBx+bnp5zfGjPoNMIXec2qD8/FD/fPxbd2GqvtDg0aYXF+PM43G5eGc72lcDk/nGxpvKnW5f2q9hphGr/mehk05vwm+p3zToDG+pe7XDRvjS5oW90+mTKHxTKY3bY4p9Dz3T6ZMakjjN26GL5o0xcQmzShN8XmjJpjU/CJ8dcll+OKCCzHpwsswmcbhfEsZ3/wCfN68ucoP9Hgq5TvKN/x6Gv/Ly67ExEsvx2cXXqS6X1x1NT78zdUYc9nlaHFuLfzlvHPR4/FW6paGp0KXY27Vo/JIcsfCB7cLxS4niR/f91qkr7LR35FInyAIQqURWAGHi/QFvuu6hfPx6J23o1aVqvgDCdOAv/8L42+8FeNvuo26t+hQ/zv/uxWfqmHmOXp8791476EH8OFD92PCXXfh85vvwIQ778InD96HcQ+1wEcPP4C3H3mI8jDebkmhfh7+CQ2f8CC95uEWKu/z8EcewGd334PP7rsX46n/o5YP4Z1HH8E7LXXee/wxfPz0U3jvsZZ4n/IpjcOv/eapJ/F5ywfxKT33aYf2mPB4S0xq0xoT27fD+I4d8CmFux936oQPOnfWjzt1VN0JlO/oNZPptd+2fxofdumCTzt1wDc0jIdPVK/tiPG9euLj3r3wEWX8oIEY168vPujZg/oH4IsB/TC9by9vPqdhU/r2xjTr8VcD+2PSyGH4YtgQfDliKCY+MxQTaBpfDh+Cb8eMwKRnh2PSkEGYNWKYygzKZ8+PwmR67tvRz2D6yOGYaeWH0TTs5efxzWsv4VvO6y9beQmTXnker/brjbv/9S/85arf4t3XX0eh2cV7kqKmyqGH4g4QPirPqsuthTwORbf8CRWNqWtMIhGRPkEQQprACjhspC/gffPycvHlxIm48T//xf/+8ne8PWYsNi+ei13rVmLXqp+wm7NhtcouDj9eT8+tXqq6Wzesx/YN63CQusc2bsShjevx66b12Lp1K7Zt+wVbtm6h/i3Y9st2bNmyBb9Qd8evv+Lopk049us2HNu1Dbu2b8fBX39R/ZyDu3Zgz65d2Enjbd++Q43P2UXDDuzbT9mHvdR/bBe9Zie9hnJo314c2L8PR3bvwPGdlH17cPjQARw8dBiHDx/GIeruP3gIB6n/6NGjqv/o4UPIPnYIGTt3IvXQPhw9dFB1M48epOGHcfzYURw5cgRHrRw+egyHjmfgUGoaDh85isPH05GWegwFmWnepB8/jqz0dORn6Mc56ceRnpmJI+mZOJahc5SSmZWNLEpGVhZyKOr19Bp+XXZ2tgrfhSY7JwfZubnIzctDXm4ecqk/hx9T8vPyVbhFbyd9hg8/eA9PtnkUH739LhxU9k4LLg/ckqdkjwSPUsx3uOGyS9KndvWS7OlUTpmNdni52xOJiPQJghDSBFbA4XwiR35+Ppb+tAx9+w9Cm3adMG36dHUmr3e3nzWrrBGuYifcxQ6VYpAs0DD9NC0P9acfu+l1bg+FHrjovyLquqnLR5lx9GtOhJcLv9ZB/Rwel9QDDnqBh6ZXTANUexM95mm4SEw86vgzmhu1G1L30z/VgMWh2dSPuVcNo/nh1/Jk+HU8Pj9H0/HwiQv8uawTGHh8fk/1ApoRfdgbDedGMX4NhdHvyVMx8DR5SvpzOGlC+nUUFz3D06IPxZ+J31y9F03UTfLFuFw8L3p5WW+t3pPnheeBXqA+gKfIQ/J6DJO++ho9uvfCZ19+qZbDaaPmmz6raeFj4Sss9EqfET8tf/bPJ1QUpmyZRCIifYIghDSBFXA4Sx9Lh8vpwsZNmzBo2DNo2fopTJ0yFYUFBUpO2DpYNgqp10Ubfy1ZWopYUli83CwslrSosDDQNNl4PNRh4WNxUGJlRcuOJVdK2Hz9fBKCmi7JjxIdaz7YHrWM0HRpGjyOEiT13tz1qPf3sMTQMHVMmpulhl6rpEnPB8shz5OZF35fno6WSD0Nt+rS8zxMzQ8/1vPnoRlw00yxmKnPRpjv1EzPfBazTIp5WjQvHieNx8vUydOhz0Lzoudfv0bPB88sTZu6RdQt5PckQVTT8Gjp5tcePXoYX3z+BXp064mJn3+JQhI2g56b4Jj5U8ucj90zsmdPEUUtaz2PPL5Q8fi+K51IRKRPEISQJrACDmvps2DR+mXrVowaPgKPPdIS036YAk9enhIsFhLWCW6F08JkiYy1HJT8sOCw8JBdFXtYFgpJlopQRKKiBM7bQniiQOjpqCYs1WWp8ni4tYmm4XaA3ommTa+lx2oayuJ8gqSmr4TIyJ81H2yL9DqWVQe/Bxuodx54GrpVzS5uZhpqnsDSVgC3M099FpebpbCI5qmI5oM+I/0ZzGfSn0XPn/5jsbLmnd6fl6GHpsOPi+mz8XjcwqiFk15nvTf387zp+aA/NV2alvW5Dh8+gHHjPkbXrl0wceJEKoM8LZ6axtul19nhR2qYmd4ppE/Pz/+39x4AclRnuvaEnp6kQHAOe/f+e+/ee9c2xjYYr+3rXdvsdSQjMrYJxjZRAgmBM0kiKCCUUEASkkjCIFBCASQhkgGDQAQhQDnnMKGn07z/953qM11TarVm1N0z1dXvM/pU1dWhqk7V+frpU1WnnOUgXY+z3dMRRCh9hBBf403AxSh93mXQRy3y5b/yvfcw6JZbce6552Dmo4+iubnZCJ9GMvXlny3MJ6kQiSSpNKgIqtCIRchz6fcrRvBU0FQ+UtMc9DO0OU9EUd4bNa9RYXM+wxqNyoiVIw1tWTOf7zwr4bzHtI4ZSXWkzyyHeT71SnmPsxypqc5kQUZ0XUTOnNY+lV15f+ozzPMp2n1G+gMEHdfpsozyfMy8Rt+rIaKbeql9v5VY+1kW87na2ieTtm7dYoSvb9/r8NBD03HgwP7UqzLhXhbnkflcKSsjdFoumaTPiJ+Ut7xGZ9p+nUhXYba7K4IIpY8Q4mu8CbjYW/rs8uj/2nffqg9WYtCttzni9+RMNDY1mdY8c/6bK+whVfPYfIJFpznyoi19GvJume5dbytKmc5D0+eSiCeSaJGhfkKm1+kyOK11Os/UxDZ0ueQz5IlU+55MO3g5nHVxWi4PRj5DZEvPy9PDrDGVJfN+G2lsubQj9VDfpUepVZ5NG6F5XfvPsBKr0X566vXyTy9EmTplKm7sfyMeFSnfu3eva57p9xwKLRHzel0PXWfZRpQ+/2K3vY0gQukjhPgabwIOwuFdi6yZLHsEK99fidsHDRLxOxePPf64uaJUl7tN8tpa6Q6xjvKnsqXnpIlayF/n0ffoaXip9r2M6Oyd5UlN8KDT4zLUzzhYGdNk2yb6jAqbbd87EvQz9L26LEbpMs5Pp9lwcLeCbt26DQ9Onoqbb/o9ZsyYYa7wzbbclnavkXEjz7rt4h7pa25GUgTfET4J2a9V+pyWSdId6LZzRxCh9BFCfI03AQdJ+hRZO7P8H3zwAW6743acd/55ePLJJ7Fv3z44t+nq2BeRPqO6kE22Dod+hr4/lxLL12fk8n7FfkZHPyddvq3Yvn17Wvgee8w8tmXfoc+TF5nXm6FL+lT4VPCs9Ol5nFb6RAjZ0te92H3ARhCh9BFCfI03AQdN+iwxEQIVv1tvuw2XX3oZHv/b37Bz505Xa19xfBH5Zwk7tyTO4eyU8E2Zij/c/Ac8PuNxc4hXt4F5TSoOR9u20vep8LUd2pX91N3Kp1dtu6TPuSVbcIXD79iyD/I2oPQRQnyNNwEHVfoUvXjh/ZUrcfvtd+A3V/wGMx6fgZ07dhwkflnXKZjfVQUjXZ6t2CVlPfWhhzBQhO+RRx41nU1b4esI7baPvk9b7vSQrbbyxdq38rUJn5E+PZ9PXqOHduWtzvKQrsa9/YK6DSh9hBBf403AwZU+ZzlV/PTuGrfLOl599dV4/HFtbdoq7mBbgdICeBDFsqo+wgr1DhG+6Q8/jIF/+CMefvQxbNq02ZR5Z7DbxUTSET4jfbLPOod2Uy197jDn88lzIn3aKihvNu8nXU+77RfQbUDpI4T4Gm8CDnJLn11SlQ3twPnOwYPRt29fzBAJ2brZkRBH+hxROQjvpOJZ9W7B7lu7d+/GIw8/ggEDBxrx01vJdaaFT9Gitp/nbB8rfdrKlzq065U+K3x6aFfP6UsJKOke0tvPiSBC6SOE+BpvAg6y9LnRFr93330XgwYNQr9rRfxmzDCHG9MtfqmQ1wbz66nwaPnt2bPHlO2N/QfgwQenHlELn2K2g+5rJkTezLl8EnpoV6VO5U7Fzx1twhc3cqjvNZ9BuoW2OhXg7UDpI4T4Gm8CLhXpU7Q/O12/wYMGy7r2x+OPzcDmlJTYcrFBOo62xGlL3p7de/C3v/0NN1x/A6ZMnoLNKtWdbOGzmG2goe83h3ZF9jRSrXht4udq2TNCqLKnr+eh3W7HXZ+Cuh0ofYQQX+NNwKUkfYq2+K1YsQJ3Db4T/UVOZjzyKMUvB7SctOx279ljusa55trrMGH8BHPVbmcP6Vrayl9Dt4sKXZv02fBIn5U9sx3Th+y5HbsPW/5B3g6UPkKIr/Em4FKTPl36uAjCOyvewd133Y0B2uL36GPYsjnDod4iX9dCo+WjZaYdLc+aPQdXX3U1Ro8di215ED5T9hryOeawbts5fTZS8qeyp+Mu6dP3cdt1P+5tGdTtQekjhPgabwIuNemzqKy8844jfv373YBHH34EmzZvNrJiyygo61oItGz0cPluEb7Zs2bh2muuxb3D78Xe3bvblVtny9CWu3lfu9Dz+qzkueRPRE873XYOAzvR2XmSwuDelkHdJpQ+Qoiv8SbgUpU+xXTn8t57GHLPEHNY8qGHH8a27U7nwbacbBCLUx6mhU8Eb/4zz+A6Kbvhw4ebizhyKSt3eZs//SwNbTQ003W7OKKXlr6DtxW3lj/wbpcgQukjxMcENfF0Bm8CLrnDu57lV8H7YOVKI35XXX216WJkx86DO3AmDloWKnw7d+3G3LnzzHmRw4YNM8KXC+5y1mHSPj5E2Ne7g/iLUtg+lD5CfErQk09H8ZZBKbf0WVRiPvxwlZGXK674DaZOny7it1PW1bkq1VtmpYZdf41kMmH64Zs9e645pDt8mNPClyvueRxJEP9RCtuI0keIz7AJR7+sgpx8Ooq3DCh9Do74fYihQ4fi0ssuM+K3f/++tvKy6+0eLxXcZbBv717MmzsPfa+5DnffeTd27dqZelXuuOfjDVJ8lMI2pPQRQnyNNwGX+uFdN9qqt27dWnN+2kUXXYQpU6di3759qeecHw2liO0CZf/+/ZgzZw6uveoa3HPXkLwKnxst51It6yBht2OQtyeljxDia7wJmC197dGLO9asWYMRI0bgggsuwKQJE7H/wAHznLfsgo57fRsaDmDO7NmmhW/40OHmbialVBak89j9x70fBQ1KHyHE13gTcKlKX7b1UPHTFr/77rsPF154oWnxOyDiZ8suKGVwOGwHx9ra+dTMmeh7XV/ce+9wbNy40bSKWgpVHqVSzkHF1hUbQYTSRwjxNd4EzJa+zGi5rFu3DmNGjzHiN2niA+YCBpUdJ4J9uNcK34ED+43wXd+vH0aOHGnKRM9/JORw6P7jjiBC6SOE+BpvAqb0HZp4PIb169ebFr+LRPwmPzAJO3fuNNLnLcegYNdLQ8/hm/n00+g/YABGjR6Nj1evNq2gQVxvkn/c+1JQ9xlKHyHE13gTMKUvOyo569evw6iRo3DpJZfgwcmTsWnLFsQTwbwa3LbwqfA9+cQTuP76GzBm7Fh8/PHHiElZENJRbP0IYj2xUPoIIb7Gm4ApfYdHD2euX7ceI+8bid9ccQWmTJ6CzZs3m+lOeTqiVMw46+GEaeF76mnZH/pj9KjR+HDVKrOfeCn2dSaFxb1PBXVfofQRQnyNNwFT+jqG6c5l7TojfldfdRWmPjgV6zdsNK1ftkyLuWzsIWs9h08P6d7QfwDGjB6NVR98kFH4CDkc7npRzHUjG5Q+QnyGk3DsOVjpKw5LFW8CpvRlx72+yWQr1qxejTFjRqNf376YNGkK1ogIFqv42WVtd9HG07PQt+/15nA2hY/kgrtO2H0taFD6CPEhbukLcgLqCN71p/R1Dm0RW7t2jUjRSJGjfpgy5UFzRau9wKHYysdZ5qTph2/e3Lm4ToRv+NBhWLWSwkdyw9aHYqwXHYXSR4jPCXIC6gje9af0dR4Vv48+/AijR4/GjQMGYOqUqVi7eg3iUpbe8vU7uqwNDQ2YLcLXTyR26BARvg9WIhaNpl5ByJFh60Kx1YnOQOkjhPgabwKm9B0Zeqh39eqPMXbsGAzoPwBTJk12xK+IWvxUXrXT6YULFuDKq67G4EGDjcyyhY/kA1sPiqU+HAmUPkKIr/EmYErfkaPS1E78Jj+ItWvWmjJ1l7Mfy0yXXe+08dyzz+Kaq6/Grbf8VYTvQyOthOQDWwfcdSFoUPoIIb7Gm4ApfbmhxbF69WoRv7HoL+I36YFJWNN2qNef55Ba4Xt20SL0ve46/OEPf8D6tWt4pw2SV+y+78c6kC8ofYQQX+NNwJS+7HjLS/E+Volas3Yt7r9/HK7vdz0mT5yEDfI4YVrN9P3+uGpcl9sK3+LFi9GvXz/8/ve/N3cd0emE5BNbd2wEEUofIcTXeBMwpS8/aLnoVb3jx41Dv+uuxwMTHsDGLryqtyOf7xa+/v374+abb5ZlXpt6lpD8Yvf7rtj/uwtKHyHE13gTMKUvf2jZbNywXoRvIq6+6hrcf//92LBhA5KuW7Z1dfnZ+anw6Z02VPiu79fPCJ92NUNIoXDv812933cVlD5CiK/xJmBKX35RuVLRmzDhAfz2it9i7Jgx2L5lS9vhU1t+XVWOOh8NvUp3yZIlbS18q1evSb2CkMJg9z0bQYTSRwjxNd4ETOnLP1pGW7dsxpRJk3DZJZdh5MiR2LZtW1vZd1UZ2nlpP3zPPfcc+vbta87hYwsf6Qrc+7tGEKH0EUJ8jTcBU/oKg5bTtq3bMHXKFPziol/i3nvvxc6dO9ueSyYLe6WsvXI40tSEJSnh++Mf/4CPPvow9QpCCovuf+4IIpQ+Qoiv8SZgSt+R0ZFy0EO627Zvx4PTH8IvLk6Ln90GhSpL+7mNjY1YtGiR2a633HILPvhgZdthZkIKjXs/L9S+3t1Q+gghvsabgCl9hUX7vtu2fRseefgR0+I3bNgwbNmy2ciXlqUjYfkrU7t9GpubsWDhQrNNBw8ejJUrP2DHy6RL0X3RHUGE0kcI8TXeBEzpKzxW/B6cPl3E7xcYPnw4Nm/enOoMOX9fiPZzmhsb8ezCZzHwxpuM8K1YscJsZ0K6Et0f3RFEKH2EEF/jTcCUvq5BBW/7jh14+KGH8Otf/xr33Xef6SMvX/342fc3NzRgwfz5Inw3YujQoUb4dHsS0tXY/Tof+7dfofQRQnyNNwFT+roOPZSr5/Sp+F155ZUYNWqUR/ycQ76dxb6nubkZzy5chJsG3oQhQ4a0bUs33H6kq3D2aUofIYR0G94ETOnrWrT8dpgWv+m49tprzT17P/74I7MdvNumI9jXN6jwLXoON990sxG+5cuXIxKJmOcI6Q7s/nwk+3WxQOkjhPgabwKm9HUP27dvw0PTH8L111+PMWPGYNWqVYhGo23bpyPlbF+jLXyLnn0ON6nw3UPhI/7AvS93ZH8uRih9hBBf403AlL7uQ/vxmzZtKvpLuWuLn3ap4ha/bNjnVe6WLX3etPDdddfdFD7iG+x+3JH9uVih9BFCfI03AVP6upetW7aYFr8bb7wR94v4vf/+e23lnw7nXD9vqNy98Pwy/P5mEb4776TwEV/h3V+DCKWPEOJrvAmY0tf9bDUtftMxcOBAjBo9Bu++9x6iUecCDGd7qfS1F79mkbuXXnwRN990E2679Ta8/fbbZrsR4hfc+6tGEKH0EUJ8jTcBU/r8wZbNWzBdxG+AiN/oMWPxnoifI3H2SzMtfU1NTXjl5Vdwk7z2L3/5C5YvfwvRlqjzQYT4BLu/2ggilD5CiK/xJmBKX9eSrfy0xe+RRx7BwJtuwshRo/Huu17xazW3Vvv7q6/i9zfdbM7je+edd802JMRv2H3WRhCh9BFCfI03AVP6uhdveW7fvh2PPvoIBtw4ECPuG4n3zaHeKJLJhBG+115/HX/+619x44ABeGfFO6m7enC7EP+h+6Q7ggiljxDia7wJmNLnP7Zt2ybi9yj69++Pe4fdi/dXrsSePXvw6quv4i+33JISvre4LYivsbnGRhCh9BFCfI03AVP6/MmuXbvw5BNP4obrB+COwXdixowZ+PMf/4QBqRY+QvyOzTU2ggiljxDia7wJmNLnX/SWbY899hjOO+88nPzDH5qWv7eWL08968DtQfyKzTU2ggiljxDia7wJmNLnb7Zu24b7x4/HFZdfjjdefy01lRD/Y3ONjSBC6SOE+BpvAqb0+Rdb1tpFi96v1w23A/E7uo+6I4hQ+gghvsabgCl9xQHLnRQbNtfYCCKUPkKIr/EmYEofIaQQ2FxjI4hQ+gghvsabgCl9hJBCYHONjSBC6SOE+BpvAqb0EUIKgc01NoIIpY8Q4mu8CZjSRwgpBDbX2AgilD5CiK/xJmBKHyGkENhcYyOIUPoIIb7Gm4ApfYSQQmBzjY0gQukjhPgabwKm9BFCCoHNNTaCCKWPEOJrvAmY0kcIKQQ219gIIpQ+Qoiv8SZgSh8hpBDYXGMjiFD6CCG+xpuAKX2EkEJgc42NIELpI4T4Gm8CpvQRQgqBzTU2ggiljxDia7wJmNJHCCkENtfYCCKUPkKIr/EmYEofIaQQ2FxjI4hQ+gghvsabhCl9hJDO4M4B7lzixT6X7TXFDqWPEOJrvAmY0kcIKQQ219gIIpQ+Qoiv8SZgSh8hpBDYXGMjiHSL9HWkQINc6ISQQ2PrvjuSyYQZKvF4vE36+vfv3yZ9ivPapAn7ekJIaWLzgc0FzuN0LvGi090RRLpc+jpaoEEudEJIZpx6r9KWSCVnJ2Hbx0o26UskkuZ5DR1nDiGkdEkmWyUPOHlE0XwQj6dziRcn/3TMUYqVbj28q4WqiVlN3E2QC5wQkh1b/zU0N2jSducIt/T169sX/3jzTURcLX3uIISUJu1zgfND0v4QtLlBhyqBGvaxO4JItx3etdik7ti4U9DOr3r+Siek1LH5wJ0LotEW3H777W3n9C1fvty09NkfkDaPWJhHCCk9bB7QnKBS5/7xqNM1X9hxmyPc77Gtg0HDFxdyaOG7pS8tgcEsdEJIx3F+pad/BEYiLbj11ltx3HHHtbuQw+YRRxKd3KGHd9zvJYSUBtYn0tJnfcL5IanTvHnBvsdGEPHFhRy6UdyJ2dlIcTMkhJQW7tyg406C1nP04maaCt5tt91mWvqu79cPb7y53Bze1bc5r3cO5VhZ1PfxByQhpUk6J6QdQ4fusBxqepDolgs5LE7BOhvCPS7PtE0jhJQOaWFz5wlH3Owvcz28a1v69EKO5cvbd9niyJ4jfTrNJnv3ZxJCSgMnBzhHD7W1L50nDs4H7jyR6fkg0E0tfZkL3hkPZkETQg6P5gDND9484Ex3pmk/fYMH3Wla+gYOHIh33lkhIhg1zznY1zKXEEKc/OGc6uHkBH2sEmixuUWH7ggi3dDS5xy61V/u9vwbJ5zmV/tLPz30PsdgMEojMucFzR9333mPkb4bb7wRK1a8bVr/3OfvaRz8XuYSBqN0Il3fndb/9EWjcfnhGG3RnOF+TXvh0wgiXS59Knv79u3D5s2bsGb1aqxdswZr12qsxbp168zQjq9bp0M7zmAwgh4bNqw34Tz21n3n8RrJGb+/6ffm8O5VV16FBQvmy7TV2LhxI9av1/dvMJ/BXMJgMDQnbNzo5ATNAZoTNId8/PHHZnz37t3yQzLWJnmUvjzT0hLBW8uXY8qUybj7rrtwzz33YOjQoRg2dBiGDRuGIUOGmNDx4cOGm+ds6DQGw6/BfbXjkamsvOXmfo0NkxOGDMPZZ52F//2v/ws/+dGPceOAATJtKEbcOwL3Dr9XYri8f6jJLTaXMBiM0gqbMzQXDJecoHnBOoXmhbvvvsdMf2HZC9i/d69InnOxF6UvzzQ1NWLO7Nm46qqr8LOf/Qw///nPcfrpp+PMM86U4Rk49dRTTei0M+TxaaedjlNOOdXEqaee1q1x2mmFi0zzy1dkml++ItP88hWZ5pevyDS/XMPup5nml6/INN98RKZ5FSLs/GxZnXLKKThNHmt917D137tcplzl8Rmnn4mzzjgLJ33zJPzLP/93fPlLX8IPfvADnC554kyZ7uQR53P0s3Xonj+DwSjesHnBmx8OFU4eSDmF5Ah1Cpsffi7+cfbZZ2Pa1GnYunkzkqlz/Ch9eaa5uQlLly7FoEGDcPXVV+Paa681fW1p9OvXry369u3bNn7ddX27N669TpbzunbLlM/Qz8043xxDl1mHhVxuM4/UfPIdxVbeNopxuQu9zDrUsPukho5fe8216Hvddbj++uvbcoB7mWzoY/uZesXuf/3wZPzLf///cOKJJ+LiCy9Cv779zPv1c+x87evdn8NgMIo33PnDmyM0bJ23oa/R97if0xyhj6+56moMGDAAs2fNwo4d2815fRZKXx7RK+82i1X/4/XXsXTJUix7/nm89NJLeOnFF/HCCy/IUMblsY5rvJia3p2xbNkyWc5lsizO8hQiMs0313h+6fNmmGl++QkpGykXLR/vvPMRxVbeNjLNLx+RaV75jEzzzCk8n6/7id0nzWOp+3Zc6/zLL73clge8YfcFM/7Ci+aHxpf/7Uu48MILMe3BqW15xD1/k1dcuYTBYBR3uPNHptCc0xaaL1Lf3eY5zQtm6MTzqZyh5wM3NzeK5FH6CoIWpF49E4tGTd9aegWNjmtotwsHjcec0MfdGe5lKURkmme+ItP88hYZ5pePKNbyzjSvvEWG+eUrClHe5nNd46a+p+Zno+31nultz2vY16Q+JxKJ4K7Bd+GbJ5yImwbehOVvvY3GxsZ2rzPvS4X3MxkMRhGG1OtsOaT99Axe4Xqde5juvD19WJfSl2ecAk09yEtfWvoZXbWB7LzyHYUk0/zyEV1BpvnmGoUm0zxzja4g03xzjdT/8p+p8+nJhqTmgtR42wvbsMnX9uvpPKeJ2t57Vw/P2H76bKJ2XpuJQ00nhPgdmwFcGUPqeip0PBUO7R856Dvdr3SHgzuHHDqPFDddKn22EG2v2BraT062q2bc0w4VTj877XvxLwS6nE6/PvmPQpJpfvkId3N4IShUeRdyP3H2x8zzzSWKs6xd9Twuw7jMR0N2d52WkGiR18TNa2QhkjqU90Df5yyP069WLPVr3KknLbEmc0cOlb72997Vu3bE2ubrxnxugcuQEFJYnHzi5HD9wRiXnJHQkOds6PRkKn+0tuUgeSzJJ5HUrlmcV+rQ5iqbL5zXpiOIdMvhXYsmZ03U9gRKp6Cd5Owu+I5GoTE7TmonyWcU+suocMtd2DLXz88039ziYCHIJ84y57+8C1/W+V5mTbJOYm5Npm6hJsIno+a5uPzwa4pG0Siy1hyX5+3rZVls4k7INJU+eSTL53ymEou14I477mhr6UtLn3MTdbuN3WXmfUwIKSa07mod1kYjqecSLRKNOpT6HrMhL2gTP80DkotkxHmvDNt+PKaET38kOj8U9V3pPBHkfNEth3cVLVCbnO1jR/bc05zHhJAiRetwvCWVXCVJi+jt2LkTH67fiPdWfYgV776L9z5ajTUbN2H3/v0mkYsXIi4pQMVQjwpoArdobtDDu1b6tKXvH28uR0Skr33ucPKJO8cQQooPW381D0Qikj927MD6zZuxSnKIxjoZ18fbZPr+piZEJYdo61+rhLy5LRfYH4UJ7Yg5EZNP1B/Tzg9qOw877p4WNLpN+gqFd6PlMwpJpvnlKwpJpvnlKwpJpvnlIwpJpvnlM/KGflTbx6l0aWJNmgsw3n57BUaOuA+/vuZa/PJ3V5q48NdXoN+AAXjiib9hoyTvqIia/mKPqvSlDt2kl0+mR1tw2223Genr17cv3nj9dfPZbpx1ovQREgRU+PY1NuJ1qetD770X1w8YiBv/9CcM/POfccPAm83jO+8ZgucWL8a2bdtE7vSno9R7rfvabiSRzglW9tpLX6YIIt0qfbZgncScbtE70mRtP68QUWgyzTNfUQgyzSffUUgyzS/XKDSZ5pnvyBfpz5LPFXFrbm7G8uVv4vqBA01nyj/44Q9w2W9+Y/rLOuecc820cy+4ABMmTcbq1WuMxMXj+uvcOWfHvWyRSHvp+8cbb5qWPkt6fdrnFUJIcaI+sHPHTjz66Az89Kc/w5e//GVc9qvL0e+6vrj0yqtw5tl98KMf/wiXXvFrTJk+Hes3bJT3ODnD5A795/IKG/Z0lEO1+AWRbj28q4dutLnVNLkmtNCdJK3jGu4NZN/DYDCKJxT91f3BBx/gzjvvxJf+z7/h5O//AEMHD8bzS5firTffwOwn/obrf3clvn3iN3HB+efjqaeews6dO8379YRsTcjpFsOEkT57eLf/DTdgeeqcPi/pJG9/3TsC6F1GBoPh79B6rId1pz/0CL7z7e/ghK9/Aw89MBHPz5+DBfOfweTx43HV5Zfju9/+Ni6QH4+zJIfs2bVb3pdyB/MneUA+y6Jj+ticB6zz0Wmp+dkIIt0ifXYjWrmzBWyn6TD9vCN+1sizhU3qhJDuJp0wmyMRzJ4zF6efehq+dtxXMWbYMGxcuwqNB3aiuXE3DuzdhucWLcCVv/ktLr7gQkyZPBmbNm3SRCFZOS18el6gnojdEk2f06c97C9fvrxN+tyJWnOCvVDMih+DwSiusD/etm/fbqTvu9/5jrl960fvvmVyR8P+Hdi5cS1eWbwQV/32Nzj55JNxY//+ePXvf5e8EJVMoEKX8gNXftAxEzLNTrUuYiOIdOPh3YML1lvY7scdDUKIf9A6uXfPXowbPRbf+7//F1f88ld49cUX0RJpQmuyRSIir4li19ZNeHnxIsx9+iksf+MNHNjn3ABdr75T4dNuW8xVdjIejcXSF3Jcfz3eSkmft/5b0bPTbY5gMBjFE/KfkT7b0vd/v/tdnHnmmdi+fjWSMc0hkhckP+zeuQNjRo/GT3/yE/Q5qw+efOJJNDQ0aM2Xj3AajzJ9thmmOOj5ABK4CzkIIX5AE6b8vo7HsWn9etx+223mvL2RQ4Zgw0cfpK6gi0tETSSiTWhu2IcD+/ehualJJC8qgievScowJXza8q+f2dLikj5XP32ZkrST7HkEgJBixi192tJ32mmnY8Malb6YczRA6r6eB/y0iN5FF16I008/HQ8//DAOHNgv73YEzhzC9YT8J/+cvOJ9zjwfQIpG+oK6AQgJKpI2TfcqH334If7whz/gP/7je5jywCRs27Be8rQkWj21Q+UvrmLn3A7JOaXD6WTZdKSalGkybs67SZ2fo9JnL+Q4vPRp8qb0EVLMtB3enT7NSN+pp56GNWvWtOURqeRoEelb8Mx8XHH5r3H2WWfhkUes9Nk8kCn0kG86P3hbBIMIW/oIIQVBU2ZcpG/Nxx/hj3/8ozksM2HsOGxYt86InWRVybdJSdxJNDU3Y5sk9Q0bNphhU6Q51TmzE+4krYLXOekLZvImpFQwLX1G+h5qk751mkdkuq3j2tI3e84c/PIXv8SZZ55xsPTp0BPOhWI65mA/y0YQofQRQgqG/hLfumUz7rnzLpOs/3jzH/Duu+8iFou5Ei+wecsWPDlrFkaPG49nFiw04qdJ1/TTZ6TPJvdku376Did9SlCTNyGlgkrfzh07ROTSh3c3btRuWdKtdPrDUQ/pnnnGGSYef/zx9uf0mbFUznGmmqEbJ8ekI4hQ+gghBUMTp56n99CDU/HTk/8LP//Zz/G3J57A7t27za90TbpNzU1YumwZfnf11TirzzkYNXoM1q5da96vh3SdQ7s2aeshY0ofIaWEbel7+KHpRvp+9rOfYfXq1fIDUE8LSaCpqQmrPvwIt95yK378ox/hiiuuwHPPPWf6B5UEIOFonpNBnFs96pg3N+hjdwQRSh8hpKBERchee/kFDLjmWhx/3FdxzbXXYeGiRaYD1W3bd+C1V1/FrSJx//mf30efs842v+a1V32TliVZG+HTJOxMQSzegttvv53SR0iJoGK3bdtWTJs2Fd/59rfxve99z0jd6o8/Nj8QX5UcMlp+LJ5+2uk4/ZRTMXbUSHnuQ8T1Qg8Vvjbpc/43kUHs7LRMzwUFSh8hJM+4k2UrkvEYdm/bhFlPPIGzfn4qfiS/xK+6+mrcO2IExo0bj9/fdLNJ1qedeiqGDRmK9997D5GI/EI3v8f1dkpOwtZP1fa+lnj7e+9S+ggJNtr10s4d2/HkjEfw45NPNp0z3/KXWzBu7HjJIePw17/+Feeee65pAfzLH/+EN199BS1NB8T1Eua84fTpIalcIAP72J0f3NPc04MEpY8QUjg02Yr0JeMt2LphPR6a8ACu+u1v0eeMM3HWmWdLoj4P55xzDq647HKMvHcElv/jH2hqbJCEK8KX1F/pqRujy5+e+6f61xKPU/oIKSFU2g7s34tXly3GH24cgPP69EHfa67D7wfchAHXX4+rf/c7XPnb32D40KF45aUXsG/vLnmTXiwWd8TPSJ8jfs4HOnnBhsU9zT09SFD6CCEFQBOmZlZJuHqlriZeETM9+fr5Zxdi8v3jMOSOQbj7zjsxcfw4LJozBx+tXInGA/rrXJKzht40Xd8r0qedMjvn9enh3TgGDxp8RNLnTujZghDiH7ROxqLN2L55HV79+4t4ZtZMPDd/Lp6dMxvzZj6BZ56eiRcXL8LqDz9AY4Pefk3v0KM/FjV3iPhpHhLpc6OfmT7o6+DOARpBhNJHCCkQmjglrbrFT9JsIt6IHdu2YOOqd7B61XvYuWUjYo0ie6n+tiRjO6GPVfRkmtO1Qkr6YnHcdefdlD5CSgapk5pH4hEkogcQj+43Edm3E5H9uxCL7JP00iR1Nyo5IyppQzt3V9nT2zBqUPoslD5CSAGRxGnETc/P01/deshW78LRYuQvEWtAUhK5OQyjSV2Ss75eHpik676Iw6JX7B3p4V3zWR0IQojP0B99Cb2Tj+SO2IG2QFJEMN5gxpPxZkklLSKAKn5OTnGEL7P0aU131/ZSyAOUPkJIF6AJVJOuyp8dpsO04rVFOtlmSsLaTx/P6SOk1JB6bOqy5Axt0csQRgpTkpfOLfZxe+lTvJnBnWuCmjcofYSQgmETpzN0wknAdry95GXCm4C1Y2dKHyGlwcH1Vx/bcP+QdE93/y9hPsOZkg2ba2wEEUqfD9E+ieJxvf8oI5fQctTDg8QfZEyinmmSas2fO0F7EzCljxDixlvDj7TG21xjI4hQ+nyF7mStWLL4OcyYMQOPPfaYiUcffZTRiZg+fTqmTZ2GuXPnYc0a584OpHjxJmBKHyGkENhcYyOIUPp8hbOTnd3nbPzg+9/HL849B5dddCGjs3HhhTjjlFNMR50PPPCAKVNSvHgTMKWPEFIIbK6xEUQofT7kkt9diaE//xk++vznsf2YYxhHEC995Sv442mn4f5Jk1KlSooVbwKm9BFCCoHNNTaCCKXPR9hd7LJrrsUDP/859vbqhdbycsYRxPv/+q+448wzMf7BB1OlSooVbwKm9BFCCoHNNTaCCKXPF+jOld7BVPomifTt69EDrWVljE4GJN7/n/+T0hcQvAmY0kcIKQQ219gIIpQ+H0Lpyy0ySx+/+IsVbwKm9BFCCoHNNTaCCKXPh1D6cgu29AULbwKm9BFCCoHNNTaCCKXPh1D6cgtKX7DwJmBKHyGkENhcYyOIUPp8CKUvt6D0BQtvAqb0EUIKgc01NoIIpc+HUPpyC0pfsPAmYEofIaQQ2FxjI4hQ+nwIpS+3oPQFC28CpvQRQgqBzTU2ggilz4dQ+nILSl+w8CZgSh8hpBDYXGMjiFD6fAilL7eg9AULbwKm9BFCCoHNNTaCCKXPh1D6cgtKX7DwJmBKHyGkENhcYyOIUPp8CKUvt6D0BQtvAqb0EUIKgc01NoIIpc+HUPpyC0pfsPAmYEofIaQQ2FxjI4hQ+nwIpS+3oPQFC28CpvQRQgqBzTU2ggilz4dQ+nILSl+w8CZgSh8hpBDYXGMjiFD6fAilL7fIKH1FXH910btj8SXtOf+b5OddAuexec77VIpM7zoSvAmY0pcbLA3CfSAzNtfYCCKUPh9C6cstMklfa2vSBORfoSqzfqoT3r8jI/15h45csEuX1ARnHku0JbyEPJLCagvntd4/xXmf816Lmdb2lxt2mSyUviNHS8LZoq7twuIJLN59Xx9xcx8am2tsBBFKnw+h9OUWB0ufVmBje21RiAqtnyifDNWluER7VbLPpyK1DN5Q7GuUttenIl+Y+Xn/dP5moWVoyqtFIioPE/IszHrZ0PUzWmiXWT/PjkuoVNjX6mPnmSPD/dkKpS83Uls79YgUK7Ze2P1b/7dhsc/bH3bpnEQy4S5TjSBC6fMhlL7cIvPhXanAmvFSUYgKrZ+o6dTKjpNgM4f+b0S0AzivzyOpdU8vjyvJmYXWoayBSF+r6J3T6peWPQ3RQcQkjPTph9iVTY06D+1f21NHhDcBU/oOjy0z77rro9IrjdLF7gPtWvPNMyQT7nqjEUQofT6E0pdbZD68m6rEYiOFqsw2obYLna/5s9P0f0eLvNKXfk17vI9zpa0sUph56mN3JETtjPQl5KEjfbrsVvxU+HTovNz1Pp3WLpw1zgXv8lL6smPLyx1melvon/sxCTJ2+yvc1tnJVG+CBqXPh1D6cguv9GnVNS1PXViZ3fNy5meXwhsO9hVtS9Y2kn+8y2aWz4Yukg4Tjt45wpdeGG0xsK19+kzSvE0/Q95oJFbGzf/pUMw8jpC2ZUxB6cuOLS8bFh1zwv6l98LSKiFCMnOouhMkKH0+hNKXW2Rs6fNEV3Bw8tCh/ZrV8Al2GVPhjGtLpNPKJ1NSL3TWwLb2OdKnr3dea/VBX+OOXGlfhpS+7Oi6uvYxeahTDheEEKkLqVxjI4hQ+nyCeyej9OUWh5I++1XYvVVZ5+6/ZOJOdCb0T2VOSsy9xDpdy1AVLy199lFKEs378remdpkslL5DY7abbodUONPysx0ICTo219gIIpQ+n+DewSh9ucXhWvrIwXiTXVuk/owsu6Y7OqjlqSWa0mmVvWRa+vKFnaeF0ndonC2TMP870udsIed/Qkg2bK6xEUQofT7BvZNR+nKLTNKn8GsvO+4kp2MHRWofNWH+dLr+7+if082L09pnHpvIHTtPC6Xv0LSXvrSWl04JEHLk2FxjI4hQ+nyCeyej9OUWh5I+0jmsLLSFtuDZhNg2XcVCJU+HjnC4Hzuvyg133VAofYdGt4wjfu4/QkhHsLnGRhCh9PkE905G6cstKH35QXWhLQHqYyN9TuizTljpyxRW/HLDXTcUSl827HZJb7v0NEJINmydSded4EHp8xF2F6P05RaUvvxi90tNgsmkV/qs4Lk7cqH0dT/edS7FMiCkc9hcYyOIUPp8guxibTsZpS+3oPTll8yJUIcqdG7p0y6bvcJH6esu3FuKEHJ4bK6xEUQofT7B7GSp9Ezpyy0offmlXSJspxJW8LzhFj5KX1eia5oOZ2uVztoTkhs219gIIpQ+n+DcG9HZySh9uQWlLzudTWr6Ot0/Vd/Me8z7Msmehlf4ck+c3mWl9B0aXdP24fwRQg6PzTU2ggilzwfozuVInwOlL7eg9B0eb3LTODRWH1I/Tsw5fZkET8/3807PPXF6l4/SdyjMFkqFjjvrbf4vlSIgJAdsrrERRCh9PsLuYpS+3ILS1wE0obkia4JLPW90Qq/eNX9WLtyCoc/Zx3aYO94ETOk7FO5tYoMQ0lFsrrERRCh9PsLuYpS+3ILS1zE6m+CsRsirXY/cUZhE6V0+St+h8ZaVpZTKgJAjxdafQ9WjIEDp8yGUvtyC0td5OprknFfo//ZQrhN6yNd8RurZfOJdNkpfdpLmVniltc6E5AOba2wEEUqfD6H05RaUvs7TkSSnz9pw/k/qG9Uy0Gr675PPcKamXpMfvMtG6ctOIhGX8oiYiMdjRgKdczFLqxwI6Sw219gIIpQ+H2F3MkpfbkHp6yraJ0i7/+Y7Vbo/W6H0HRpd1VgsjsbGBhPtxI8tgIRkxeYaG0GE0ucjNCkrlL7cgtJXIA7KgZoYtYUv1cqnSbIAedKbgCl9h0ZX1UpfpLlJxqNt0qfbiRByaGyusRFEKH0+wu5klL7cgtLXVWhibC99hUiW3s+k9B0aXVWVvkhzsxE+PdQbj7OVj5COYHONjSBC6fMhlL7cgtLXdUhqPChRupOlPEqNHTnez6T0HRpd1XjcOadPh7ruyaSWX77PtCQkeNhcYyOIUPp8CKUvt6D0dS2aGr3J0kwzkR4/UuxnWih92UkkEqaVT1v4CCEdx+YaG0GE0udDKH25BaWvcGRKhvqobXrqgl4zzYT+OeNHineelL7sJJNJcx6fyh8hpOPYXGMjiFD6fAilL7eg9HUt7ZJk6iiipksn9M8ZP1K8CZjSlx1dX3vxBiGk49hcYyOIUPp8CKUvt6D0dR0HJUm29HU7ur6UPkI6j801NoIIpc+HUPpyC0pf13FQknT+uUL/nPEjpe2zU1D6sqPrq1ft6mFeQkjHsbnGRhCh9PkQSl9uQenLL9lSXzpBOl23WPQ93jhSvAmY0pcdXV920UJI59E6444gQunzIZS+3ILS13VY2XOSZOqEvrzpnoM3AVP6sqPrS+kjpPNonXFHEKH0+RBKX25B6etK0sJnQh9DhSMdbVd3HCHeBEzpy46urx7aLbX1JiRXtM64I4hQ+nwIpS+3oPR1NRmkT0Jbm5wWJxW/I0+g3gRM6cuOt7wIIR3D1p0g1yFKnw+h9OUWlL7CoWkwnQrtmA61NS8tfG3Blr4ux1tehJCOYetOkOsQpc+HUPpyC0pf4cisbzpFkiSlzxd4y4sQ0jFs3QlyHaL0+RBKX25B6SscNg3qMJ0UdaiHdw8WvrT0HTneBEzpy463vAghHcPWnSDXIUqfD6H05RaUvsKhadCGg46p1KncHUr6ckue3gRM6cuOt7wIIR3D1p0g1yFKnw+h9OUWlL7C46RD/V+Fzx35T5TeBEzpy463vAghHcPWnSDXIUqfD6H05RZdLX2lkCgykV5nPbTrhIqfM8wf3nKl9B2eUlxnQnLF5hobQYTS50MofblFV0ifOym4k4SdVgp419sd+cT7mZS+w1OK60xIrthcYyOIUPp8CKUvt+jKlj5vkghqoshEpnW3kU+8n0npOzyluM6E5IrNNTaCCKXPh1D6cotCS583MdgIMu3XT8czl4E78oX38yh9hJBCYHONjSBC6fMhlL7cojukrxTQtXTWVP93LtrIVBYa+cT7mZQ+QkghsLnGRhCh9PkQSl9u0dXSVwroWqY0T/6cTpidqWn0kY184i1nSh8hpBDYXGMjiFD6fAilL7eg9OUfXUtVPefP6YfPmdoenZLvEvGWM6WvuPFuD+/2JaS7sPtikPdJSp8PofTlFl0lfaWErq2stevPKmB79HG+e+vzljelr3ix2zJTENLdlMI+SenzIZS+3KIrpK8U0bWWVOgaOuNunOecyBfeBEzpK17stswYed1rCOk83n0yiFD6fAilL7cotPSVKpoC20fXfE17E7Bfpc8sZ5eUSHHi3g6mrExoZ952PB2EdAelsB9S+nwIpS+3oPQVDk2D3ig03gQczJa+rirN7iK9fmZ76D+zXQ+WPkK6i1LYFyl9PoTSl1tQ+oKFNwH7Tfr08xubmrBnzx7s3bsXzTKMMI4oGvfsQnPDASQSeqEQKfS+S9qj5e2OIELp8yGUvtyC0hcsvAnYb9LXIssze85cjBo1CtPvH4slMnxx5Mi2eEkevyyhw2WpcD8f6Eit9wujRuL50aPaQh/r885zo7BUpi0ZMwozR9+HxfPmYMeOHanSJRb9QbFx0yas37CBcaSxfj02yHDPnt2pUm2PzTU2ggilz4dQ+nILSl+w8CZgv0nf3gMHcMapp6J3KISfhMO4obwCN7niTxWV+KvEH2V8QIUTN8t4KcQfJP4i667jN4QqTVwvMTD1/J/luRvDVfhdTRXOqwnhyzJ+7pln4bXXXjNlG8yv3SNj3rx5GDR4MO64/XbcNWgQo7MhZTdY8sYdt96GGTMey5gXbK6xEUQofT6E0pdbUPqChTcB+036Ik1NGP3nv+L79XWYGK7FolANFrZFLZZU1uL5ilosrqzBIonnKqvxfMlEjVn3ZRU1JnTas6lYKrFEyuiZnsdiQo9euPwTx+J/H30Uzu3TB/947fVU6cq2C+Z3b6cZNPhO/Pzkk3HtD3+IwT/+MaOz8ZOf4I8//RnO+a//h0suuzRVqu2xucZGEKH0+RBKX25B6QsW3gTsN+mLy7z/cf84XNSzBkt7fwJbauuwrboOO6trsDfcE80VPREtq0eTCND+cBUaq6rQUhlCLKARlWgJSejjijBisu7Jshqpm7LeMr2xKoSIeb4Ku6SM3uh5NCZ8+rO4/6Lz0f/ii/Cnfv2w4o03UqVL47PcN248Bp9zDt7/7/8MlJczjiB2H300pokAXil5IxM219gIIpQ+H0Lpyy0ofcHCm4D9Jn2xaAsWPDQVF/aqNdK3VaTvgIhds4hNrCKERFlIpCeEeHmFCFE54hXlSJbLvloSUWGEL1FWLWVRhkSovC0aRP7eq+mBCfU9MeKs0/HCvDkYM34CbrljEJYvX27KNqhfvEdCm/T98z9nzHuMwwelj9LnSyh9uQWlL1h4E7DfpC/a0ownpqWlb1+4GlERu3i5yF1qn9RhQkKnJSS8+2wQQ9c5Xl6JlvJ6I3ga2sKnwqfDjytrcH+vozDsnDPx6uJFaGhowNSp03Dbbbfh7bffTpUusVD6cg9KH6XPl1D6cgtKX7DwJmC/tvRdJNL3ck1PRMqrRHhE7Mod8bH7pbbuOdJXIY9Dsp+GAx16ODchES3vgUhNrRE9benU4UcifGN79cbYX1yAd155GZHGCJItMTw2/WHcOehOSl8GKH25B6VPqmZqSHwEpS+3oPQFC28C9qP0LXRJX0t5tZE+lTxt1bOte7GKCkd89JBveVheUxPwqJb1FAGuFPmTYTwVK6t7YHJ1LcZdfD5ef/FFNDQ2ojXWikQ0joemT8egOwZR+jJA6cs9KH2UPl9C6cstKH3BwpuA/Xd4twUzU4d3nZa+WiN6scpytFRWtsWBcBh7q6vRJOJnW/z0PL9iDl2Hw66HyK5ewBGrqTGHdKcc/SlM7HMGVrz0IvaK8MWTSbRKJGLNmDZ1Mm699da2c/pIGkpf7kHpo/T5CruLUfpyi8zSF8wKXAp4E7Afpe+Z6WnpMy19ek6fhB7O1KtZoxVViFRWoclcuVspolQurykr3kgdujbDVOg6OZEal9eZYUikT4RvXbgOj4eq8UCfM/H+koVoOnAAyZhs23gCyWQM8Xgjpk+ZiNv++leX9Om2Y91VKH25B6WP0ucj0jsYpS+3YEtfsPAm4KI4vJu6QteRIJG8Mj2kW5lq/XLkyEhTEMKKn2earqMe0t4XDuODmh54sroek844BauWLUbzgf1ojcp2iSdF+uJoTcalHCN4cMpk3HbrrXj7LR7e9ULpyz0ofZQ+X+KWPhUYRueD0hccvAnYdy19XumrCDkXcVjpK9NuSypNJMqcc/ys+BVrxGXdNMyhXVnfeLlKrQqtTK8oE9lzWjn3haqwQoRv4ic+ibFnnY43Fz+LhqYGRGWbREX4kknZtgnZPjKMtkQxedo03DZoMM/pywClL/eg9MnXY2pIfMSvrrwK4075ObZ87rNoPOooxhHE68cdh7+cfRalLwB4E7Dvpa88LNLntOSp5CVF+lqN9On5bylx0vFiDSN92opXiVh5NaLmHMYaI37RSr1YpdJ0wKwdL79b3wuTPv1Z3HdeH7yxZDH2NTjCF29NmnP5klJ+MirS52zXKSp9t99B6csApS/3oPRR+nzJGX36oM8JJ+D2b30LQ//93zHq29/BmG9/FyNlOPzb3zbTdDiCcci46TvfwTn/dTJG3T82VaqkWPEm4GI4vGulz1zFK6LktPKlD+22apcuRRrJNukTyRPhi5b1QKxMxa/SSJ+et7hdhO+t2h547NOfwYRzz8bfn12I5sYmR/TE8hKJuLNdtQD1P4l4PI4H5Uca++nLDKUv96D0Ufp8yfDhw3Fj//64/c47ceewYRg2fATulRg6bDjulsd36VBeM2T4vYxDxB13DMLtt9+ORYsWpUqVFCveBFx80qetfHpnDit9mb+QiiF0neIVem6iXowSQrysCrHysBFAPX8vGqrEbr21Wk0tZnzyU3j4jNOw/JnZaGpqEtFLmEgmnXBsLw2lLzuUvtyD0kfp8yVbt27BmjVrsHbtWqxftx7r128wsW7dOon0Y8ahQ8tqw4YN2LdvX6pUSbHiTcDFKH16eLd9S1/mLyW/h563F5X1i5XXGOkzVylXaqufhAjfvupqvFlbj+mf/Symn3U63pk9E5GG/UboWvWQbjyWkj49ptseSl92KH25B6WP0leU6K4YzN2RkIPxJmBKX/eFXoUcK6szh3T1Ao6ECJ+Gdk/TVFWNd2vqMO2zn8ED5/XB63OfNsKnkqfnParo6WFdDUcC228XSl92KH25B6WP0kcI8TneBEzp686oRLys1jmXTw/zhmT9QhXYH6oS4avH45//Iiad2wevzpuN/Q0H0JpsRcJcpZtItfI5rX16mFe2jFOAKSh92aH05R6UPkofIcTneBMwpa87Qy9KCSOmHU5XVsiwAg3V1Xi7th5TPv95jL/ofPx94Xw0NEcQU+FLJE2XLEnZBip6ui0c4TsYSl92KH25B6WP0kcI8TneBEzp677QdTLroefxVVZifyiEt2vqMe0LX8TYC87F83NmYd++/SJ6Uu5RFbyYlH9myfNC6csOpS/3oPRR+gghPsebgCl93RjlTsfLLZUVOKDdslTXYvJnP4vxF1+Al+bPwx4RvkRCtldUyj2mrXwRHUmVVHYofdmh9OUelD5KHyHE53gTMKWv60PXRYe67Nrx8p7qaqyoqcfko47BhPPPwcsL52PvfhU+PWcvjkSy1ZzH15pokRI6+ErdTFD6skPpyz0ofZQ+QojP8SZgSl/3hS777nA1VvY4CpN7HYUJZ52GNxY+g32NjYiJ2+n5e3rxRlzKPNqaRDLVCXNHoPRlh9KXe1D6KH2EEJ/jTcCUvq4JuJez3Gnti1aG8GFlDR6srce0007BykXPINLUIMKXRDSp3bE0IxFrQDLegphIXIt205Iqp8NB6csOpS/3oPRR+gghPsebgCl9eQ4RuoQ5V68C0Ypq0w+f3kfXLKdM12VuqAqZWBeuw9jeR2HKGadh9fOLEY80Iakte/Ek4ok4kq0tUuBRKRVH9vTgLqUvP1D6cg9KH6WPEOJzvAmY0pffSFaI2FU6F2e0VIade+mW16G1stI8F5Xn9oXDeF/W7bGqGky8+AK8sWQxGg8cSG2bVEFkQJ/qaPlT+rJD6cs9KH2UPkKIz/EmYEpf/kKX0dxCTcRO5a45FEKThPa/lwiJBMp4pKYWH4ZqMflovZfu6Vj94lI0NzaktksyFdnKuGPlT+nLDqUv96D0UfoIIT7Hm4ApffkLXaaYLG+0vEakrxItKflLhMoRF+lrEuFbKes0RYRv4rln44Mli9DScMC5MjdVrnb75FrOlL7sUPpyD0ofpY+Qdngr/aGCdB3eMqf05S+SZaH0bdVE+mIVIoKpw70Hqqrwfm0vTDn2M7jv/HOw4qUX0Zy6tZoUamrtdfRwLX0dg9KXHUpf7kHpo/QRQnyONwFT+vIZlbJ8NbJcYcQrZNmM9JWjsTKE96tqMf4Tn8R9552Dvy9bhgNNTabjZXNrtVSZ2m2TjzKm9GWH0pd7UPoofYQQn+NNwJS+fEYFkuWybOU6FOHTe+mGq/GeCN+kT34KI87rg5effx77G5sQF+GLS1Hq1bqFKFJKX3YofbkHpY/SRwjxOd4ETOnLX+jy6fLEU4d0G6rCeK/HUZjy6c9g5Pnn4qXFz2FvcwRJsb1kPCFiFpHy7GgnLJ2D0pcdSl/uQemj9BFCfI43AVP68hfaP59evBGpCuFAWIQvXIvHPvcFjP/FRXjx2UXYJ8InLoZkQm+rFpNhkxSoTOjgFbmdgdKXHUpf7kHpo/QRQnyONwFT+vIX2l2Ldrq8Q++lWy3C98lPY+J5ffDacyJ8DU1IRKPieK2IJZJItMp4UjtfZktfd0Dpyz0ofZQ+QojP8SZgSl/+IlpZgZ01NVheW48Zn/oUpp19Jl56Zi4aG0X44gkkI80ienFzi7V4MoZ4IopkazK15vmF0pcdSl/uQemj9BFCfI43AVP6OhbO/CtkXOev89RlcZZLD+vqchyoDGFFdR3+9vkv4LFzzsbbs55CQ0ODuVgjkUigNa4tfRF5HDXlHkndS7cQJUrpyw6lL/eg9FH6CCE+x5uAKX3ZA/r5FXpxRrnpeDlRVivLUCXPVZr5Rysq0ByqxL5QFd4P1+GRz3wOk889GyuemYNIw35TXtoti+mAOSHSZ0Iv4ogjqs/JOlP6uh5KX+5B6aP0EUJ8jjcBU/oOE6brFRE+lb6yOkTL62S+1aZrFhXB5qoQtldX461wLZ74zBcw5YIL8MKcWTiwb5+UlSN7ppXPlJsT6bHClSelLzuUvtyD0kfpI4T4HG8CpvRlj4TMU/vd0/nEy0OIVobQEhLhCzkieKC6BstravHIpz6FR846A28+PdMInyN7cRmmWvkOee4epa87oPTlHpQ+Sh8hxOd4EzCl79Ch8zN315DQeSYryhDTVj8Nkb794SqsqK7HlGOOxfTz+mDFgjlo3L/XtOxpuarwqdQdWvgKB6UvO5S+3IPSR+kjhPgcbwKm9B069MKNaFkPiXoznhDRMyHydyAUwsoeR2HS0cdg/Nln4K2F89DSeCBVvs6t1dzR1VD6skPpyz0ofZQ+QojP8SZgSl+20PnVGOmLVjrCp6192gHzqlANxh9zLEacfw5eXrLEdLysLXutekWuuVBDW/p06Bzm7Woofdmh9OUelD5KHyHE53gTMKXvcFEp8ww58xLpi4RC+LCyBmN6H4Vh5/XBmy+/iKZoFFGRvZhInhE/TxkVuswyQenLDqUv96D0UfoIIT7Hm4ApfVlCP1skT8MK34rqGowKV2P4uWfhleeewz7thy8u5RJPItkaNyGPuv1LjtKXHUpf7kHpo/QRF3ZHt7/8g7zjk+LBux9S+g4dOk+9y4beRzdSU2turTayd28MP78P3nrlZextakI8KeWpne0Z89PbqjnSp9iS0mFhS+1gKH3ZofTlHpQ+Sh/JQFB3dlKceBMwpe/QoZ/fHAphR02NEb5JR38K915wLpa/+AKaGhuRjElZiuPFkkBCRzzS151Q+rJD6cs9KH2UPkKIz/EmYEpf+9D52PFYRQV2VFdjeU0dJh3zKUw8rw/efelF7BPhS8SlHOLOhRsxibiez9dqO2Hufih92aH05R6UPkofIcTneBNwqUkfUkNH7vS9ej9dDTsP5z66+tmNoRA+qK7DlB49MO2sM7Hy+ecQSbXwJeIieMmYFEhUhnEjfjIGbefzA5S+7FD6cg9KH6WPEOJzvAm45Fr6yuVz9NZq5fL+smqJWvmsGnkcMnfY0K5ZVPZ2V4XxflUtJn3yUxh97llYtWQRmg/onTaSaLX30jWHcvWwbgIJKRdRQHMvXT9A6csOpS/3oPRR+gghPsebgEtN+hzh0/dVIibCp50v69C5xVo5mkKV2F5dg7dq6vHwMcdiwvl98I+lSxBpOIBkQg/htpp+95y7bGhZOJEe8weUvuxQ+nIPSh+ljxDic7wJuJSkTz8jXlEp76swn5Moq0KsXKIi3cq3tyqM5SJ8j37iU3j4zNPx9qJ5aG5uNh0ua2hLn7by+UfvMkPpyw6lL/eg9FH6CCE+x5uAS0n6TOuefJ5GQj4jKe+Ni+jFRfhioUrsC1fhzZo6TP/c5zHtnDPx3rzZ5tZqWka63s5dNlT6tBum1AL7FEpfdih9uQelj9JHCPE53gRcWi19eki3zjmkWx5CQoQvmZK+xqpqvCvCN/Uzn8GkC87FP56ZY4RPBS8ajZqhHtZ1bq2mh3f9/SVG6csOpS/3oPRR+gghPsebgEvrnD55j57HVy5REUI8JO8PVWB/VRVW1NRjxhf+SYTvPLy+YB72NzSgNalX6Tote7aVT4d6mNfvX2KUvuxQ+nIPSh+ljxDic7wJuNSkL6nn8VXqRRsVMqzAAe2Hr64eU774RYy/+EK8umgBGpojiCX0gg29UtcpLyt6xXA+n0Lpyw6lL/eg9FH6fIcmav0CY+QholHEpTxJceNNwKV1eLfMeV+lcw7f/lDYXKX74Bf+CWMvPA/L5s7Gvv37zW3VWqPayheV9fVLz3udg9KXHUpf7kHpo/T5Cj0Us/aDDzB31izMnvkUFi1ciMVLlmLx0uexZOlSLJXxJUuWtMVSnSbhnlaqsdTzeMGCBVi4aBE++vjjVOmSYsWbgEuqpa+8DNGKckQqK7CvugZv1/TA1M9/EWMvOh/Pi/Dt2bdffihK+URlPWPayhfRkdSSFReUvuxQ+nIPSh+lz1fEolFMue0W/EuvXvhCbT1++oMf4KJfXopfXP47XHbZr/Hryy7DJZf8Cr/81S9leIk8vhyXX/5r/EqmlXpcfumluFTKRMd1+IPvfx//ftK3MG7s/anSJcWKNwEXv/Rl/kJyh75XhyqIpuPlVD98Dx77CUy88Dy8snAB9uwX4TPn7MVl2GrGWxMtskTaH1/xQenLDqUv96D0Ufp8RVykb84dt+Pk3j3xk098FuP+MBCvvfgCPvzwQ3z00ccSH+GDDz7AypUrsWrVqtT0j0o6Pv7YKZe1qz/GahnXx6tWfYCxY8fgt7/5LZ584olU6ZJixZuAi1364nqHDc+X0aFCpW93uBrv9eiNqccci0l9zsAbC5/BvsYGxET0zPl7InuJ1iSiEknTCXNxfllR+rJD6cs9KH2UPl+REOlbcsut+GXvetxx1FG47Rtfx5wpk7Fj+3Yk4/LrXf5pr/rym15erUPnN30wd80jRyvrnNlzcPNNN2Pe3HmpqaRY8SbgYB3e1XHnMVzTzV04ZBiprMLH4To81Ku36Xh5pQhfpEmFTyQvGUci0YxErFHyQwtiInwt2vKXWq5ig9KXHUpf7kHpo/T5Bt3BrPRd0aMW8z7xeTxcXY/Bxx+Ppx94ADu27TC/6pN6hV5Se9mPiSXq4ZyDd9RSC+eeonbc6ZvsqZkzcdPAm7Fg/sJUCRf+y58UBrttLUGQvkRFGWIVFYhWVCNaVi/TqxwZFNnT1zRUhdAUCmGtCN/4Y47FlLPOwMfPP4d4S7Ps45IDpO6bPvjMyXwS8vNPfwDqwd1ivXSJ0pcdSl/uQemj9PkKK33X1NTgtR7H4MPqHphVXYu7v/Y1zJ0yGdt270Jc9sNW7YpBEqRk/8DumJ1FvwTj8XQXFSp9AwYMwNy5c1OvIMWKNwEXt/SJ1FVKhMrRUlkhEU7dS7deXleNpMig3lptfziM9+SzHq2qwcSLL8Aby55HU2OjUxap+aZpP6XQ61soKH3ZofTlHpQ+Sp+vsNLXv64Or1XWYndVFTaHazG3th7DTvgGZo4bh03btkHcBpAf93rEV6/Tc74GgrmDdhRt4bOVVDujffLpp9B/4EDMmTPHTCPFizcBF7P02fvl2mgOOS162gefdrockfG4/Oj7MFSLSUd/Cg+ddSbWvLwMLc1NqXLQ/dzZ1w+9XoVd30JB6csOpS/3oPRR+nyFlb5rJem/WlkjXwaVaJEvhs3hGjxd1xPDTvwmnho1Ats2bYDkfXMid1R2TG3ZMp2ymvHSaf1zr6f9MlS0r8OZnpa+UimTIKLbzr39ilb6ZFrbId3yGhG9yjb509uqqfQ119RipXyGCt/E88/BqmWL0dLYYOq4XQ9bHoVer66G0pcdSl/uQemj9PkKK32/qa/FS9U90CDSp+f+tMgXwpZwGPN79sK4k76JhSOGYtfGdeaEbSt9zpeCveWS3m/TEaBSwlZSI31P8vBuUPAm4OKVPj28W4mYCp/eVk2kTztdTupQ6viBqhDeq+2FScd8GvddeB7ef/lFRET49NZqbmxLX9Cg9GWH0pd7UPoofb7CfSHHizU9cEClT74UYhIRCRW/hb1648GTTsTC4fdgo4hfi+yYtpVPZU/Pa1Phc7cMlALuSpqppY8UL+5tqxRzS1/ciF81EmVhET09pOu08DVWhvB+qBZjjjkWIy44D6+99BIamppM3bb1W7FlUeh16g4ofdmh9OUelD5Kn6/QfvoWp6Tv9XA9InqD9Qo970dP+C5Hiwy3V4WwrEdPPPTNEzFn6D1Yu26dETx7c3UVHpU/e6izVHBXUi0PXsgRHLwJuLhb+qz4yXTtlqVShK+6Bquq6zD+E5/EvReci1dF+FQdqVQAACBvSURBVPY3NCGeaDUXbunVugVeBV9A6csOpS/3oPRR+nyFlb6ramvwZlWd+fKIifjpid56greeD9RSWYltVVVY3LMXJpx0Ep4eNgSb169NdeOSlr9SO7zrrqSUvmDhTcDFLH16IYeG/pjTQ7uNoSqsrOmByZ/+jDmk+/cXlmFvpAUJsb1kXOtzRJa/WDth6RyUvuxQ+nIPSh+lz1fYw7vX19biH6FaRMpr5IuiGi0VNfJFUitfFFWIifRFwmGsr67D7N7H4P5vfQsz7x2KLRvWypdE3HwhOoeDVPp0p3XGdQe2U4KIu5JS+oKFNwEXl/RppKUvKj/cIlqHQ5U4ID/k3gvV4JFPfgqj9NZqzy7E/khEhE/2Ye2TMyk/4BLNsgJ69m5Qa24aSl92KH25B6WP0ucrrPT1E+kzV+/Kl0eyLOSc/1NWi2S5ngekJ39XoqmqGqu1O5deR2Piv38LC4fdjV3rVyOhXxRJkTzty0/GW5NRGXcu7IjJPtz29RGw/dldSSl9wcKbgIu1pS9Z5rTUax98O8LVWCH195FPfhoTzj8Xrz63CPv3H0CiReprvBUxPZevVcaTul5s6SOUvnwEpY/S5yus9GnnzEb6KkMievqlobdnqpKh9tpfIeEcHtIbsa+VL475vY/G1G+egMXD78bWTWuRlJ1VDw21xuLyBaKtBVH5EkmYWzQ5/frZ/4KDu5JS+oKFNwEXl/RVSKSlr1mkb0dNLZbX9cSMT38W0885G68snI9GvWhD62wkIj/SYojJD7a4htTdZImcn0vpyw6lL/eg9FH6fIVX+vQCjtYKZ2dFmQpgFbTLBz0BXEN79N8TrsaHNT0wr0dvTDzhG5hz33Bs2b7d9OFn7skUa0WiNSGP4+aLJKhfIO5KSukLFt4E7Gfpe6H+KEQqaoz06S3V9Aebue2adtUiP+K0vr5V2wNPfuGLePyCc/HO3NlobGxAwtxaTaQvri19EdmH9YdaHBH5oVYaB3cpfYeD0pd7UPoofb7iUNKnLQatGaRPzw/Se3Tuki+Sj6tqMLu+F0adcAKeGjcOm3fsQFyErzWm5wepCMXN+UGtAT0/yF1JKX3BwpuA/Sx9S3t/Ao0V9VI/U3VXQi/caA6FRfjq8XZ9bzzyhX/CNBW+BXPR0rjfLJ+eh6v7bdspGTIeE+HTu+rqwd3g1diDofRlh9KXe1D6KH3+QfavbC19RvrM4d209Okh3oi8Rm/lpLExLOJX1wPDvvENPD1xAjZs2YIWc5hXPl6GiXiT+UIJ4leIu5JS+oKFNwH7Vfp+0aPGSN+Bqp5oqQiZPjY1ouaHWQ+8Wd0Lj33hv2HKxRfhpbmz0LB/j9lXNUwrX9vFV7K+bWOFX36/QOnLDqUv96D0Ufp8RXbpS5/T55Y+51ZOIXMDd+3WZXt1GM/U1mHwV4/H42PGYMPmzYhG5YtF++8zh3eD2W7grqSUvmDhTcC+kz6Zt0rfZXXVWNbzGOyvqUNTVRViUn9jlRXYLz/GVtT0wIzPfA4PnXsWXps9Ewf27TOip6LjdLFkpS8TwauvmaD0ZYfSl3tQ+ih9vqKzh3e11S+uV/SWV5svF+33S+/juVPE78mqGgw+/njMHDcWmzZvQpN8UeoVgU5Hr8Hbqd3rQ+kLFt591XfSF2nBkgcn49L6arxS0xONlVXmx5hKn16p+1Z1nemWZcYF52LFvKfQsGu7Eb6Y1HenP03tnqU0LtbIBqUvO5S+3IPSR+nzFZ2VPuc+nnrz9jrTiXNcXyuhrX7bw7V4IiV+cyZPwtYtmxGN6Xl9ujO7d27bp19x466klL5g4d62it+kLy7zfl2+kC/qWeNcvau3VysvR0OoCu/V98ZkEb6pZ5+J956ZjebGvabF3Tmca+tg+/UrNey6U/qyQ+nLPSh9lD5f0Wnpq6hEtKIasbI6mS7Py2vNvTw94neXiN+S++/D7k3r5ctGxE92ZtOXX9vOTekj/sW9bRW/SV/U02VLROqldqekh3QnfvozGH3R+XjjuQUifPuQaNVTLOKmHjqHdvUQr3PrxFJHy2Pq1KmUvkNA6cs9KH2UPl/R+Za+CtPSFyurRUKkT7uIUOnTQ7wxeZ8Ot4frMEfkb8RXj8PSMSOwd/NGI3zadUuQdnD3OlD6goV3//TjhRwLRPouNNLXC3urwng7XIOxxx6L8ef3wbsvLkNE6rZeQhWVRXF+cLl/aOmPsINb/oIeus7Oeju5SKVv+vRpZttS+g6G0pd7UPoofb6i89KnnTTruX3OTdz17h0xeY1e0KGhAmgu7hDxmyviN/6//Q8sG3Uf9uzY5tySzSTbYJxL5K6klL5g4U3A/mvpi+Lxx2YY6VvS+xNYXtsbD9TWYcI5Z+DtxdrCdwBazRISKn62g3SzXvqXWj7zuMTCLX26XR98cEq7lj6dThwofbkHpY/S5ytykb5Yhd7iqQrRsh4S9fKeGgmZJtKnJ5Nvqa7D81V1uO/4r2HmuHHYtm2b7NSO9OnFHekTyc3XkWfM/7grKaUvWHgTsO+kT+b9xLRpOOvTX8SEoz+Nscd+BiNPPQXvLX0WLU0ifDGpWy1APAFE5PUqfVrbzHrpX2r9Si0U92M9xJ3p8K59balD6cs9KH2UPl9xJNKnwmcO65Zpa58+HzbC59zg3Tm/Tw/zaj9+O6qrMb+uHhO/fjyWjBiCPZvW6V5uLu6I67l+5j698u3UGpVpcXNDD41i2PXdlZTSFyy8CdiPh3fnPzQV/9GrJ64+9vOY3OdsrHl5GaJNjc68dfbG8pxBadxJt/NkupCj0NvO97hW3y19kO8ERufjIOnz7F66v7kjiEhJEL/QWekzUqfSVyavM6/RcRvpXzf6fg09BLw9HMaSuh6Y9vWvYcnwu7F74zrzJRRPJpHQW0AlItCbvMfjMUQSCXMbqGLY9d2VlNIXLLwJ2G/SFxG5GzXwevSsqsJ//NP/wOhbb8NTf3scc+bMwexZs/HMrFlYNHsW5slw1tMMG7Z87OOnn34aN954IwYOHIjly5enSreUab/fDh8zBjeddx4Wn3giNov4MTof737p3zDilFPY0kf8wZFLX1rwrOR5p9npDaEQ1lbXY0HPo/DAN0/E08OHYt2G9dAjUK0x5zBvNBlHIhlFUn55J0SgigF3JaX0BQtvAvab9O3bvQs//sLnUCl18bP1PdDnjDPxy8suwwUSv7r0Ulx+6cUSF+KyS36BX/3qVyYuueQShisulXK65FeX4Lvf+Y4pn9dffz1VuqVM+/321ttvw3dF+E795r/j0pN/hN/++Me45kc/wpUyvJzRobj4hz/E//vWt3DRxRenSrU9NtfYCCKUPh+RL+nzhr7fRqRSu5OoxuaqHiJ+x+D+k07Ck8OGYs26dSJ+rUjEk0gkVP5iSMQapRYUx23b3JWU0hcsvAnYd+f0RSJY+NjDmP7gg5jx8MNYtmwZXv773/HSK6/gFRm+8srLEi/JuA5lmp3ekejMa23YeRzJe7syUsv391dfNaGPFyxYgJdeegm7du1KlS6x6H4+88knJWZizrx5mDd/PuZLPCMxl9Gh0HKb9fTTpo5mwuYaG0GE0ucj8il9ev6Cd5p+TqJCL/ooR3O4Bhur6/BMr94YfdK3MEPFb/06RPWiDhG/1miLDJucc/yKAHclpfQFC28C9pv06cVQkeZGNDY0oKmx0VzNG4vHzXIeMvT5jkRnXmvjSObTHZFaPj2XT0Mf63bUSF9YRiy6XzXK/tXQcMDsazre2JAKnZ4KM52RNSLyQ03xZgaba2wEEUqfjyhUS5+GSmAy9fpEZQVioUpEqquxoboWc3odjVHfsuKnh3plh29JOOf4tdoOJvyNu5JS+oKFNwGrHPhJ+vyGrq/TF2Bwv7hIZri1c8PWmSDXHUqfjyi09OkwXiafURGWqEBcxS9chQ3hMOb1OgqjTvoWHr93ODZs3mK6l1B50nP6dKhhK4K9f6+fcFdSSl+wcG9bhdKXHV1fvc2bFT9CSMfQ+uKOIELp8xGFlD4nykX6as29eqMVVYhVViBRqXfwqMCmqmrM73Usxn3r3zHrvhHYtHG92ekTCe3Hzy19es5f3HcVwl1JKX3Bwr1tFUpfdnR9nXv7srWPkM5g60uQ6w2lz0cUUvqcz3Ckr6WyHpFQtZG9RKU8J/OIVYawNVyHhb16Y+yJJ2LOiKHYs3WTCJRzf9C09GlLnzPuJ9yVNEjS57dy7g7c21ah9GVH11fv50vpI6Rz2PoS5HpD6fMRhZc+kbvyMFqqqs2dOlT6YpV6jl+5iF+5ET9t8ZvboxcmnHgClo4ajr2b1yKRiJkTre3hIj8eNnJXUkpfsHBvW4XSlx1dX5U+p7WP+w8hHUXrizuCCKXPRxT68K5+jt6uTe/QYYYVVWgx5/eF5HMq5LPLEZFp6/Wq3h698cDxx+HZkcOwdctmI332PCE/fpm4KymlL1i4t61C6cuOri+lj5DOo/XFHUGE0ucjCn9On75H78zhyF+svBqxsnrEy+pkuny2zKtFpu8NV2NtTQ8sqKvHyOO/iqfGjMHuzRuRiGtXCunDRlJFJLRXZ3nsjJnoDtyVNCjSF+TE0xm85UDpy46ur0qfU1eD/QVGSD5x15eg1hlKn48otPSZK3jNe/U+vfp++awyvVevhn6+ymA5mkKVaKiqws5wGPNrajHyuOOwbPRw7NrwEWLRSKrFT79Q4lJLomJZMSRF/LQb5/YdvHRdpXFXUkpfsPCWA6UvO7q+bOkjpPNofXFHEKH0+YiuaOlT8UO79+h4+8/Q+Wno4d5d1dVYFKrD+K/8G5ZNHItdmzeaTkLNF4rIHpLal18U8dYEWqSSdFevfu5KGjTpC2ry6SjeMqD0ZUfXV6VPw1t2hJBDY+tLkOsNpc9HdIX0ZYv2MujMtzkUwsaaXpgTrsWIrx6HeWNHYtPGDWiJxSFuBcSTInwie8mkPHa6cumOquKupJS+YOEtA0pfdnR9KX2EdB5bX4Jcbyh9PqK7pc8bOt+ISN/+cBW2V9dhrojf3V/7GmY/8AC2bdsmXypJ6BFe8T0JGU9EpdbEtOak1qjrcFfSYpc+uy66Hhp6DmUp4962CqUvO7q+lD5COo+tL0GuN5Q+H+En6XPmWWau9HUihO3hOjzd+xO46+tfx6wJE7BJxS8pFUM9LyaVRA/3ivSJrqTWqOtwV9IgtPTpulD6HLwJmNKXHV3feDyW2neC++VFSL6x9SXI9YbS5yP81tLnRKU57BuT5VD52x6uxbzqWtwtX7hP3n8/tmzbjmRcFt5IXxxJbfrrhgO87kpa7NJn14XS5+DetgqlLzu6vlb6rPgRQg6P1hV3BBFKn4/wY0sfysIyz6pU334ifhXl5qreWTV1uOdrX8PMsWNF/LZBVS9hDvE6d/DQ27dppemqLx13JdV5BqWlz91iU6q4t61C6cuOrq/uN/bwLiGkY2h9cUcQofT5CP+19JXLvGsQLasX6XM6dU7I8sRD5dgSrsGs2h4YfsIJmDliGLaYe/WKcIns6ZeNc89eHY/JuCOChcRdSYMifVpusVhUytB/9zruStzbVqH0ZUfXlz8WCOk8Wl/cEUQofT7Cj9KnnTdHy3ogIfPXLlzMLdsqyxCTZdM7dzzd4yiMEfGbP+xu7Fq/xoie08qnwhc3AqjTCv0F5K6kxSx9dj20DFVuVGZ0WMiy8zvubatQ+rKj62tb+gr9Y4uQIGFzjY0gQunzEX6UvmhFtYlkmcxXpqn4aQfOeqi3OVSFLVU9ML/H0Zh0wjfw3JBBIn6rzReNvVev9uenLVaFrkDuSlrs0ueUX8L0h8iWvvbbVqH0ZUfXV/ehZDK4X1yEFAKtL+4IIpQ+H+HHCzn082PlFal5VSKmh3srqpAw4qd376jCmup6zO15NKaI+C0cMhib168x5/epuDiHmZxDvYXEXUmLXfq0lVTXwTks7pRdQPNPh/AmYErf4dF9yJZbKa4/IUeCu84Etd5Q+nyEH6VPb9tmzuNT+TPn9/WQ8Rqn5a+i0vTjt6+uHh/X98b8XsfggZO+iSeH3oPN60T8zCEmPafPOdwrVUoi/WWkU/Klgu5KWszSZ3Gvj1LKX9vesqD0EUIKgc01NoIIpc9H+FH6IPNp1fnIeKJM5l9WLdM1QjK9AvGKCrRUhdAYDmNDuBqLeh9lxG/BPYOxc+1HSCRjaNWWKj3Eq7ds0zAtWM4t29o6eMmxfrkraRCkz4uuWTBT0OHxJmBKHyGkENhcYyOIUPp8hC9b+tqFzkuWyYQzX102Z1nK0FJZgfXhGizsfQymnfgNPKuHejesQVIqTzKeAKIifvEokokoYokEIiKDlL5D0b5A9FGORVS0eBMwpY8QUghsrrERRCh9PsL/0pc9tNVvX7gaH9bU45mevTHxhG9g1vAh2Lx1K2J6HLdFIppEojUhj+OIJ2MihPk5wOuupEFt6StVvAmY0kcIKQQ219gIIpQ+H1Hs0qfL0hQKYbeI3+qqGszt0RujTzgBT44e5dyyLS5CFpNIqJiJ8CWapWLl5w4e7koaROkrZbwJmNJHCCkENtfYCCKUPh/hd+lzluPQoc9HKypkuUNG/jaERfzqe2LEN0T8xo7Bhi1bENWLOvQWvWKAibhKn57Zl3vlclfSoEifs07OhS/yn05xnigx3NtWofQRQgqBzTU2ggilz0cUe0tfsqzcLF+0ImS6c4mEKrEtHMaC+h645/jj8fiokdiweROiUe2ORMIc3tXOY3OvXO5KWuzS56yHTTwqfVpG9urn0sO9bRVKHyGkENhcYyOIUPp8RLFLn3PbNl3GasQqKxCvLDe3bttRHcbT1XUY/JXj8LfRI7Fx0yY0yRd3zNyqzVvJjqyiuStpsA7v2jKh9FkofYSQQmBzjY0gQunzEcUvfRVIaF9+5XWIVYQQ12VP3bJtW7gWM6tqcOdxX8WsCROwZctmRGNxtCakYum/toqmLVudv7jDXUmDd06frlcwE1BHcG9bhdJHCCkENtfYCCKUPh8RBOnTfvxiZXWynCFn+UISsg5xGe6w4idf1osnjMGujetMB85auZy7TtjKRukjadzbVqH0EUIKgc01NoIIpc9HBOHwrnbgrHfuMHfskGWzh3j1Xr063B6uM+I34rjjsHT0cOzZtMGc36ddt+RS4dzvofQFC+/+QOkjhBQCm2tsBBFKn48ofumTZZLQW7ZpJGSZY7LMkVAVWkIh0+qnt23bXl2HeeFajP/yv+H5caOwc+tmc6/etitVjwB3JaX0BQtvAqb0EUIKgc01NoIIpc9HFKv0IRU6npTlTZiWvQpEKsPmXr3RsnpZB239k2kiffvDYWwT8XsuVIuhXzkOT95/P7Zt3SaVLKm1TqTNOdzroBXPqXzpsYNxV1JKX7DwJmBKHyGkENhcYyOIUPp8RBBa+iDL4yxbhSyrLm/YCF9rWaVZVpVCPcyr8reruhrza2ox/itfwpJ778aezeu11iGZaEXc3J9XvsgTEbE4vXVbHDJmbuqRqSq6KymlL1h4EzCljxBSCGyusRFEKH0+IgjSp6Hi137awcuo66RiuDMcxtKaejx43FeweNidzsUdUhbxZBKJeNRIX6vIX1S+6PVevSp+maqiu5JS+oKFNwFT+gghhcDmGhtBhNLnI4Iifd5wlj/z9IZQFdbX9MCC+t6Y8I2vY+awIVi7YT1ian4x5zBvNBlHQlv79C4ebYd92+OupJS+YOFNwJQ+QkghsLnGRhCh9PmIoEqfN3R9NHTZI5WVaAqFsa1Kxe8ojDnhBPxtyD1YvXYdYslWJOJJc7hX79WbiDVIrYxKSR1cGd2VlNIXLLwJmNJHCCkENtfYCCKUPh8RZOmzF3p4I1GhF32I/IVrsKmmFvN79sKoE7+Jx4YMwZr16xHVizpE/FqjLTJsRmtCz+o7GHclpfQFC28CpvQRQgqBzTU2ggilz0eUSkufhnPBh7P8ycoKxEKViFSHsbG6FnN7HoVR31Txuwer1601LX6tLQnnHL/WuJSUUxndldJdSSl9wcKbgCl9hJBCYHONjSBC6fMRJSV9qWG8LIx4Rdh08RIX8WupCmFTOIz5vXob8ZsxdAjWb9os4ufInHbknEjEzdBWTPfdPBRKX7Bwb1uF0kcIKQQ219gIIpQ+H1FK0udEOWJlteZevdGKKsQqK5A0d/CowOaqaizqeSzGn3QSnh4+FBvXrzWVMJFIGqnT0McqfPF4vF0lpfQFC/e2VSh9hJBCYHONjSBC6fMRpSR9zjo50tdSWY9IqNrIXqJSnpN1jlWGsC1ci2d79cb9J56A2cPuwe7NG9CqV/Ka1j53S196XKH0BQv3tlUofYSQQmBzjY0gQunzEaUnfSJ35WG0VIURDYWM9MUqZZ2M+IkQivhtqqrGMz164wERv8X3ivhtXG0O72rrniN7Tsuf+xZulL5g4U3AlD5CSCGwucZGEKH0+YjSO7wr0ldRYe7QoVfw6iHelopqWccqWS+9o0c5miursK66Fgt6HIXJX/sqFgy/B5s3b0JcW/tE7vTwLqUv2HgTMKWPEFIIbK6xEUQofT7CLX2vhOpwIBRCQqVPJa+sUiQoJGJUaQQp4ZI+lcJiDD28q8tvhE/P5SuvMffqjZfVyfQqM1378dsTrsZq04FzT9x3/Ffx+MiR2L1pAxLxFnOY1xG/ViSkktq7ecyk9AUGbwKm9BFCCoHNNTaCCKXPR1jpu6q2Bi9U12NXOIwWkSFt8dJoEQFqqKpCU0gE0Ihf+rliDCOt2son0VJZgZaKsBG/WHm1yG7ITI/IujZWhbBXymJTuBZPifwNOe44LL1vCHZt+BDRliZzn964SF+L1FG9TZveru2Jp55Cf0pfIPAmYEofIaQQ2FxjI4hQ+nyElb4r62uxLFyDXVU1RoasIGmr1z6RnwaRID38mSyrSIlfWVGHtuh5o+35tmkVaA5VYWNtL8wTIR7/pf+DZSNHYM+Gj9EcbUFEKqhKXzQpkUjgbzNn4gZKXyDwJmBKHyGkENhcYyOIUPp8hJW+AXV1eK2yBg1l9SI+Inipw6EqPk2hkMifSl8IrWWVJlT+gh66ngkVv5pabKzpiXnhWkz4p3/B0hFDsW3DWkT0wo6YFKLesKMljllPzsSNlL5A4E3AlD5CSCGwucZGEKH0+YhEtMVIX3+RvldDtWgo7yHCUwW9c4VKn7Z8actfVKTPyKBe1JESIkf+nGFQI1Emwps63LtdpG+uxIjjv4rF40dj9+aNSLYkgKhU3JZWzJ05CzcPuBFz5sxxCpff+0WLNwFT+gghhcDmGhtBhNLnI9wXcrxU3QP7K3qI6Ij0lTlX6MYrrPTpIV+VQL2VmUpf5tax4o+DWzFNly4h58KPzTW98FTvT+Lur30Nz44bjV2b1iMRj5nuXPRCjhtvvBHz5s1LlS4pVrwJmNJHCCkENtfYCCKUPh/hlr4XRfp2hqsRCel5e073JjqMivjZizhsuK+IDVJkWj/I+reGtKVTxS9kxG9udR3u+8pX8NzIodi1cQ2iiRienD0b/QcObGvp4xd/8eJNwJQ+QkghsLnGRhCh9PkIt/QtDddgiwybQ5WIqfiI8OlhXm3tMxKYCr17hR0PdIjw2XFt5YuYzpydFr8delVvVQ2Gf/nLWDTmPuzZtglPPv0Ubrj5ZsxbuDBVuqRY8SZgSh8hpBDYXGMjiFD6fIS3pW9jdb3poy4aqjDSp4dx9ardhAx1XEUIGiKDpRJJc15fyFzBrN3ZqARqq98mKS/tzmXcV76MxcPuxLT7R+P3Kn3PPJMqXanQqSEpLrwJmNJHCCkENtfYCCKUPl+gO1crYiJ9U279K35dX4vFvY7F6rqjsL62N7aK/O0O98S+qt6uqMf+qlrPtGDH3nBvbAvXY2NNb5Hho8zj3dU1phubPeFeWFV/DB7t2Rv3fP1ruOo/f4hzfvgjTB4/wSliUrR4E7BK36233or/86//C/2u64u3li+n9BFCcsbmGhtBhNLnI1T6hv/5L/jXnr1wbWUIt0jcKnGbxF0S90jcmYp7KisxREKnlUrcLXGbrLOWSXp6BQbJtLsl7gqFcEOv3vjPo4/BZ+p74Iuf/RwG3XGHKVt+7Rc37gSs46tXrcKSxYvx7rvvYv/+feauLIQQQrJD6fMR2oIxdswYfPFzn0Pf730Pd/30J7j11J/iL6f9FH+VuCU1tOOlFrreWhYaQ38u8TMntIxsmfzpjFNwvcR/fv14fPnz/4R7//iXVOmSoKDSF5e6EolETJ2h8BFCSMeg9PkIvWfsex98gIkTJ+KdZS9g3VvLsWbFW1j11pv46O3l+GjFcnwojzV03MbHJRdvYJ2Ux3qN5SukjN6WcliBj97RoZSNlNeS+c9gxsQJeHvp4lTpEkIIIaUNpc9H6AGsSDSKPXv2mIs6kJApyVbTktGq0aphzzewj5PyxlKLhDPUFh4to7YySYVMb2luxoE9uxFpOOAULiGEEFLiUPr8DE9EI4QQQkieoPQRQgghhJQAlD5CCCGEkBKA0kcIIYQQUgJQ+gghhBBCSgBKHyGEEEJICUDpI4QQQggpASh9hBBCCCElAKWPEEIIIaQEoPQRQgghhJQAlD5CCCGEkBKA0kcIIYQQUgJQ+gghhBBCSgBKHyGEEEJICUDpI4QQQggpASh9hBBCCCElAKWPEEIIIaQEoPQRQgghhJQAlD5CCCGEkBKA0kcIIYQQUgJQ+gghhBBCSgBKHyGEEEJICUDpI4QQQggpASh9hBBCCCElAKWPEEIIIaQEoPQRQgghhJQAlD5CCCGEkBKA0kcIIYQQUgJQ+gghhBBCSgBKHyGEEEJICUDpI4QQQggpASh9hBBCCCElAKWPEEIIIaQEoPQRQgghhJQAlD5CCCGEkBKA0kcIIYQQUgJQ+gghhBBCSgBKHyGEEEJICUDpI4QQQggpASh9hBBCCCElAKWPEEIIIaQEoPQRQgghhJQAlD5CCCGEkBKA0kcIIYQQUgJQ+gghhBBCSgBKHyGEEEJICUDpI4QQQggpASh9hBBCCCElAKWPEEIIIaQEoPQRQgghhJQAlD5CCCGEkBKA0kcIIYQQEniA/x+fqRZgJcHSzQAAAABJRU5ErkJggg==</file>
    </questiontext>
    <generalfeedback format="html">
      <text></text>
    </generalfeedback>
    <defaultgrade>0.0000000</defaultgrade>
    <penalty>0.0000000</penalty>
    <hidden>0</hidden>
    <idnumber></idnumber>
  </question>

<!-- question: 130237  -->
  <question type="description">
    <name>
      <text>Questions 13-15 Example</text>
    </name>
    <questiontext format="html">
      <text><![CDATA[<p dir="ltr" style="text-align: left;"><span>Use the following example to help you to answer questions 13-15.<br></span></p><p dir="ltr" style="text-align: left;"><strong>EXAMPLE QUESTION: </strong>The top row in the image shows two views of the same object. The object on the right is obtained by rotating the object on the left. What object do we obtain from the options in the bottom row, if we apply the same rotation to the object in the middle row? <strong>Select the correct answer from the available options</strong>. In this instance the answer is A.<br></p><p dir="ltr" style="text-align: left;"><img src="@@PLUGINFILE@@/13-15%20EX.png" alt="" role="presentation" class="img-fluid"><br></p>]]></text>
<file name="13-15 EX.png" path="/" encoding="base64">iVBORw0KGgoAAAANSUhEUgAAAhAAAAF+CAIAAABcdLRpAAAAAXNSR0IArs4c6QAAAARnQU1BAACxjwv8YQUAAAAJcEhZcwAADsMAAA7DAcdvqGQAAMmdSURBVHhe7J11QFRp//Z/q2sHFiqYqFgoCgKCKHahYmF3t6u7bneH67p2u3Z3IViIAUirqEgICoLSAmLv+3nmPg8vDwoOMIMj3tcfOJ45c+K+v98rzpyZee/ff//9PwkJCQkJidehiPKvhISEhIREjpCCISEhISGhFqRgSEhISEioBSkYEhISEhJqQQqGhISEhIRakIIhISEhIaEW5G21EhISuo579+75+fmlpqYaGxs3bty4RIkSyhMSBQspGBISEjqNW7dubVchISHB1ta2X79+VlZWderUKVasmLKGREFBCoaEhITuwt/ff9WqVYcPH37vvffKli374MGDIkWKIBvDhw/v3LlzmTJllPUkCgRSMCQkJHQRN27cOHHixKFDh0JDQ1u0aNG7d+8aNWoEBAQcPHgwMDDQyMioT58+Xbp0admypZ6envIaCS1DCoaEhIRuITw8/Ny5c6dPnw4KCnr//ffbtm3r6OhoZmZGyEhPT/f09EQzLl68mJSUVLly5TZt2vTs2bNZs2bVqlVTXi+hNUjBkJCQ0BUkJyd7eXmhBz4+PiVKlLC1te3WrRtSUa5cOWUNFR48eODh4XHs2DEXF5fExMTGjRtbWFiwJmlDX19fWUlCC5CCISEh8ebx5MmTW7dunThxYteuXTExMR07dhw0aJCVlRVSQbBQVsqEFy9eJCQk+Pr6njx5kjgSFhZWv379Pn36dO3a1djYuEyZMkQTZVUJzeEdFYyHDx9GRUUVLVrU0NCwZMmSylIJCYk3gfj4eOLCjh07QkND69at27dv3x49etSqVeu1pP/8+fPY2NgbN264u7ufP3/+9u3bSAU5o3fv3nZ2duXLl1fWk9AQ3kXBQCoOHDhAmKUce/bs2b17d0pTeU5CQqIA8fjxY09Pz507dzo5OT19+tTBwWHIkCGtWrXK7e1PycnJ165dO6wCDW5gYNCtWzcyio2NzSsDikTe8G4JBhXp4eFB5t23b9/du3eLFy/epEkTYm+7du1sbW3r1aunrCchIaF9wOx79+6lH4kIBAukYtiwYTVr1lSezj1IG24qnDp1Kjw8HOFBM+ju5s2bFykiv9VCA3iHBIPqpIzWr19/4cKFypUrW1paVqtWDVcSEBBAdCXDUlvNmjWrWrWqvPopIaFVpKamBgUF7d69G+v25MkTUv7gwYPbtm2rkY9wP3jw4Ny5c3S6u7s7vYxsODo62tnZyQsJ+cc7IRjEVV9f3/3797u4uMTHxzdt2nTAgAGdOnVCJ3x8fPbs2ePq6koF43E6duzYtWtXMkfFihXl50glJDQOUv6dO3ecnZ0PHjwYEhJiampKsKDv9PX1NXjt6MWLFyQMDOKhQ4fo/ZIlS/bs2bN///7sjtaWjjDPKOSC8fz5c39/f2Iv1UlcNTMzI0lgZOrVqyc+7JOeni6+psZJhaSkJAMDAzSjffv2rGZoaCi2IyEhkX8kJCRA4ps3b/by8qpRowbNiHVr1KiRlr4bKi0tDXEibcAAgYGBpUqVsrGxGThwYIcOHeT74XlDYRYMlODw4cPbtm27dOlS6dKl8RcjR440Nzd/5ftpYWFhx48fJyBfvHgRE9SgQQMy7NChQ/lbtGhRZSUJCYm84vLly0gFlp+Ub2trO2zYMIJFAXza7smTJ7jGI0eO7N+/nzY3MjJCqLp37966dWtoQVlJQj0UTsEgN1Cdu1S4f/++tbU1sZcqqV27trLGq/D48WPSq6ur68mTJ729vR88eNCmTRvKmuJu2rSp/IJMCYm8ITIy0s3NDb728PCoXr163759+/Xr16xZM+XpAgHtfPbsWRwkR5KYmFivXj0cJGmjfv36yhoSaqCwCQbhICIiAsZHKi5cuFClShVHR0eCAm5CzdskHj16dPXqVScnJwLH9evXeZWIsbgh9EbeoichoT6gZtw9UkFLPn/+vF27diNGjOBvdu8iPHv2jAYsWbKklt5muHfv3rlz5w4cOHDmzJmiRYv27NkT6WrVqlXVqlXFChI5o/AIBicSGxsr7po9ceJEamqqiYnJuHHj8BHE3twSfUpKSkhIyMGDB7dv344/qlSpUq9evUgbFhYWVLO8SCUhkTOgfnHX7JYtW8LDw8Wb2w4ODgYGBq+0bk+ePKHRrl27dvfuXZwZjVahQgVtyAYHFhMTgx2kuwMCAsqWLUtfwxINGjSQn+F9LQqPYIiP/xw9epRqqFOnDoGAIsA7ZPkWmlzh/v37+BG2iR/hcZMmTezt7Qkc5BUkRFlJQkLif5GUlETLYOQxcHp6ep07d6ZxWrRokd1bzTSXi4sLJO7t7Y1X09fX5yW0MFlES99Em5aWhiMk97BfYgcS1b59+06dOjVr1kzeHpkDCoNgXLlyRXwNMtVGRRIFiJnNmzfP+R0LNUGODgsLY8tOTk6nT5+Oj49v3LixtbU1BU01yy/IlJDIDIICbYLHunTpErGeHunSpYuZmVl213yePn3q6uq6detWPz8/IgVK8/jx44oVK9LI6enpjRo16t69OzyuJX/24MEDMo34oF9oaGjDhg1HjhzZu3dveQ9Vdni7BSMhIYFq2759OzaBpNm2bdtBgwZRoHXr1lXW0Bxu3brl7Oy8Y8cOxAN7gmz06dOHEINvkvdaSEiA8PDww4cPb968mcRgbm6Ob4N8s+N6GjYoKCjjK6Ts7OyGDRt2586duLg4egpe2rNnj7u7e5UqVdhO3759TUxMtPRzSUjU2bNncZyIR7ly5Vq3bt2tW7emTZvKvn4ZRb/77jvl4VsFjAnViTFZsGABBqF69erjxo2bO3cu8QKfoqykUeB6LCwsWrZsSQMgGOjH+fPnKXQiCHukzuQbGxLvLGB/jNTy5ctRC3oT6qcZSeGlSpVS1vhfIAykkJUrV27btg2+Zv158+Z16NCBtnr06BEPeC2eDMpmiaenJ1T+8OFDWo821PiNJ++//379+vV79OhBsCBq7N69++7du6SN/HxJSWHFWykY5FaCxapVqxCMmJgYePyDDz6YNGlSAXwZFMpkZWVFxC5ZsiRWiDqmmqn+4sWLIxslSpSQsiHxToEoAON7eXmtWbPmxIkTsDxSMWrUqOy+hwNpuXz58rJlyxYvXnz9+nVLS8sPP/xw/PjxNC9KcPHiRdIJj3k5vYbZp9dQID8/vwsXLsTHx+PM9PT0ihUrpvHvhkpISGAvuMDIyEhYBcFg78pzEv/F23dJimrDApAfcQGkVPFeQj7f3M4DqCpfX1/8CNIVERFhaGhoY2PTtm1bDqZBgwbKShIShRqw/9WrV48dO0YvwOO0AAKAZmT3oaXbt2+7ubnt3LkTXtbX1x84cKCjo2PTpk1FECGs79mzBxMm3vkQLwG8ivVJJDdu3CBzsIvu3bu3adNGUy2fkpJy+vTpffv2eXh4IBuoEbZv2rRpn3/+ubyNPgveJsEIDw+nNCmpK1euUG329vYODg7NmjV7gzcskS1oGDTDyckpODi4atWq5ubmffv27datm/xaEYnCjRcvXqATixYtOnLkyKNHj6ZPn/7tt99m93YxREz+2LZtm7+///uqX13t378/pJ/5zXAE4/jx42wT/0d3K0tV4CnUghzj7OxMx1WsWJFG69GjB9KSnzc2OAVSBQIGsdy8ebNFixY0L5p09uxZKyurL774QgpGFrwdl6SQCopy7dq1mzdvxm5QZ7NmzSL2ZniTNwVclbGxMdHVyMioePHiItWC6OholJjKk7dbSBRWiBuiNm3ahCWvWbMmmkHoZzktWbZsWbEOePjwoaen58aNGzds2IAY1KlTZ+zYsfh34kgWrqdlAgICaPYaNWoQU5SlKhQpUgRpadmyZaNGjXhVYmLiZRXoOFoM/cjDpeBbt26RKlasWAGrIEhIxZw5c0aMGFGvXj22TEhC1eQV5izQdcFITk52d3dHKgCzCDtTbXiZzp07a+mWiTyA2qK+MTv8rVy5MrEDh4Ibun//PirCEvm1IhKFD5Ds9evXod1hw4Z16dIFk4T9p0mRDQqeskdIeLx3796///6beFGtWjXoeMaMGf369XvlL2/j9+ma0NDQ2rVrm5iYKEv/F2wEv4hysP2YmBjyCgfw+PFjJAp/pia/p6WleXh4rF69etmyZSEhIfjOKVOmzJ4928LCgvRz7969M2fOiK94eLN+VAeh04JBmNi+ffuff/6JkaHCiBRUW58+fXTze+2pLbwJSRkThNuilH18fIjP9FX16tUpaI2/TSch8QYBO0dGRkZERAwdOrRr165UPk4fuj916hTFj1VKT0/ftm0bVo9G7tGjx7x58wYNGlS/fv3sPhmHYFy5cgW/RQpp3ry5svQlvPfee1WqVDE1NcWiEV8QpJMnT6IZ2LXXfsqPXcTFxe3Zs+evv/5C3tAYNAypgFXEZ6pY4dq1ay4uLhykra2tvEKQBborGFTe8uXLV61aFRUVRbWRFh0dHXN4P00XgCSQe4yMjCh3GoOOovhISJwLcZt2QjbkVVGJwgEq+ebNm35+flR7w4YNK1WqRHs2a9YMFvb19cXkYZiofBZOmDBh7NixxAKaN4f6p0eQlqSkJDoI16UszQY0V7ly5djRvn37yAR4tbZt2+b8diYC5urqCqusW7cOWWL9WbNmjR49muPPSBIIBk9dvHgRqejYsWMB30qj+9BFwSBpEmD/+ecfLAAVMGnSJAKjnZ1d5gujugxKmTyEA6JD6BaaitMJCwvDcxkbG8uQK1E4AL/funULwTAxMUEwWFKyZMmaNWuiGRQ5ISM5OXnUqFEwMvmDjlDHKkHWsbGxBgYGYoPZgdSOVED9u3btQoQcHByGDx+e8+9qhIeHb9q0iWBx9uzZqlWromFTp07t0qVLlg928PjBgwdIHctz+BzJOwudEwzoFanYsmVLYmJi9+7dx48fP0z1M7/qVJtOAdkgOFeoUOHy5csUN76JHrC0tJSeRaJwgJaMiIigtnHoDRo0yLjiSsiuW7cu/UvUmDt3Lk/RC+KpnIECIRgwAD2C6ryy5VknMDBwz549q1evxodB/WSXcePGWVlZZacWGNDjx4+z/s6dO9PS0mCV6dOnjxw5koN8+cCEYJAwihUrls9bsAoldOiqOqWAudi8efPChQuZMHE3Rc+ePSk7ZQ0NIT4+/vz582fOnKHyEhISlKUaBQ4oMjLyyJEjv//+OztiSa1atczMzLT0TWoSEm8Ejx49gl6jo6MfPnyoLFIBY16tWrWyZcs+fvxYWaQe4Gu2Ca3DBsqiTMB1HT58+KeffoIiCDcDBw6cP38+QSG7OMJ2PD09Fy9e/OOPP7q4uCBs33//PS8fMGBADr4NqeAw0tPTs5yUBNAhwaBQzp07R0FQgkwYmiE+xfPs2TNljXyDKrx79+7GjRvnzJkzceLEDz74YNmyZVik3JZ1zuCAL1y48M0338ycOZOo9PTp00qVKhE1KleuXLx4cWUlCYm3HC9evKBnIVZ4nAfKUhVIG5h3Vsht89Is4iVZ4gWde//+/X/++Ye2Onv2bKtWrZAKHrdu3Tq7YBEXF7d9+3YizsqVK/kvDxYtWjRixIjXftEcDhWpQ/Oye3P+XYYOXZJKSUkhY166dMnU1NTa2hqH7ubm5uPj8+TJkxo1auT/Sg465O7uToLZu3cvnoigGhoaGhAQcOXKFcoUQtfIBwCjoqL279+/dOlS4gVH7uDgMHv2bH19faKMpaWleCdcWVVC4i2H6CBzc3PSc2YzJO64pePat2+v/o1GqAIb9PPz4yUoQcY1LvoIKlixYgUOEh4fM2bMjBkzWAFmz6IrGWAjBAteQqdzDFg3R0dHQ0NDdX5gQxg+/rZp00ZeEsgCHRKM1NRUCB2dIDCOHj2amEnBkSiZPMoIt1KlSpU8X1JkI2vWrFm3bt3t27c7dOhAmKXaECEYHOfi6urq7+/PA9xK9erVldfkHuxlyZIl7IVuQfMmqcDu2DJ91bJlS2NjY2lbJAoHIGtc1+XLl/H7JiYmmZ2QuDk1NjbWyspKfc4VgkGnkMXt7OzEQl9fX+wXzSs+sTtx4kSov2bNmtndpI5j27p168KFC8+dOycua0+ePJkeVP/KNvp0/PhxTg0VNDAwyE6T3k3okGA8fPiQPBEWFtZFBWZLfO3H3bt3IWKU4969e6xWsmTJXN0cHRQUtG/fPnic+ILeDB06FHuC6UCZatWqNWHChBYtWiQmJl69epUKI20QrsUu1P+1r8ePH6MQIlgcO3YMHaKmP/jgg379+lFwtAGCRN2Lj2jIq1IShQYREREXL140MjJq3Lhx5sKm5mnYwMBAmkv978jhVSEhITBA3bp1aRYan55du3YtfytWrDhq1CjUgmCR3e/iwQ/nz59n/c2bNycnJ/ft25dwjzXM7S0zONcjR46wNfbFkUjByAzdEgxY9ebNm6ampqgFS6pVq2Zpacl/Mf5YD0rQ29ubMsK/QOg5BFIBigamXrZs2c6dO3mMCH300UeDBw8WenNG9aO+vXr1ojTbtWtXu3bt+Ph4Ly8vZIOSJdwQBVgz50BAbg0ODkYkCL8bNmwgSbCXKVOmjBs3DrUTr3369OnJkyfJyDQPC7MrdwmJtw50K/2CJJAwMlv458+fIyR4NRsbG/X5GsEgRkRHR/MSWm/37t3ivqY+ffrMnTvXwcGhQja/XEC3Qh1btmyhDWk0GGPWrFmEe2QsD4EeInJ2dkY2yCVkFCkYmaFDgoG1x5LcunWrpQpiIfNNDiDYNm/eHMtPCZI28BFxcXEUaJUqVV5p2LH8bGrv3r2LFy++dOmShYUFXoMwkUHiSM6pU6dYDbUoqwLe39raukaNGpA+tc6zpA1WxtqQGF5ZNOnp6RzJH3/8sXr1ag6sQYMG48ePnzNnDsGZVykrqYDUkdAzxE9ZKiHxliM8PByPVb9+fcxQZsHASAUEBNBKcC4hW1mqBqD+O3fu4LF4QHNh8MVXiWRH3DRyVFTUtm3b/vrrr6NHj+LGxowZM2/ePHqQplZWyiVQO9qfA8BHSsHIAh0SjCdPnmBYRMKg/pSlqkul1KIoynr16gnZoJioSLxA1apVs7xZjUnBaxAsDh8+TAGNGDFi2rRpzD0knnHdEy9DTRApmjZtKr4SgM2yHSwJe+cB/sLf3x9xoiXQJDxUFmUihWzcuBFH4+LiwuENGzYMU4MVQnKyXMui+hEMyrpTp05sX/0rXRISugya6OrVqx4eHjQRDi9LdEZIrl+/bmZmhuHL7v2GLKDTcY1EBOJCqVKlevbsSUORXbLzWImJiXTfkiVL6MR79+61b9+eHhw8eDB7zM+tJQiGt7c3UmRra0s7S8HIDB0SDIgVtfDx8YFVyQTK0v+CadPT06N6SAkNGzYkHLAmxYpz54WUCBXGHJ88efL333/fvn07s04BEUuHDBkiZEbZkArU+pkzZxAM5IHXKktVXyNIHEaZAEJy9+5d6v7y5csRERE8RfVQ+myZGL5o0aK1a9ciA127diW+jBo1qlWrVplNVgYIIqdPn+Y4WSFvGVlCQjdBCj979mz16tXpo8z3MdJfmC2eze2dgbQkjXns2DFaj80aGxtnCesZuHTp0qpVqwj3uDH2Pnbs2IkTJ2rkO0nhE44cxuDg1fyA+rsD3RIMDMvFixdRhdbZ/NYVk1e5cmXsDCVSpUoVLAaywewSCHiW0iFYuLq68uzMmTMnT56M8LySxNmOu7t7WlqacEDK0v8C7alduzblAr/zmDCBQnBsBG1kg3CzePFilIl1Ro4cyY5y/l1YZAxho77ROQ6MDSpPSEi8zaCJaA3aASOFGcp8N5Qw6Xfu3CFV16lTR82EASIjI7FosbGxPCbi49WQEMI9/ZXh+Vhy/PjxhQsX7tq1i//27dv3448/HjBgQG7f3M4OT5484RiwpJADbCMFIzN0SDBw4rAqhgUi7tChQ85FVrVqVWtra5EDoqOjcSWUF4CdibEffvhh9+7dc76ISaGjNzA4gvHKmqBMiSY2NjZUPI4pMDCQpBwUFHTq1Kn79+/jZebMmSO+YEB5QTYgUgQHB6NqyI+5ufkrBUxCp4AzYMapiozCePToEQwCD1KWatIfG6FOQkJCqE8e44fu3bvHfxMSErAdgI2zPDk5OSkpCW4NDw+nBaBdNbevC+CM/Pz8CP1ZnBkDxZkyaKR8cclXTTBWN27cIJQMHTqUBoS43dzcQkNDGSi4mxVu376NTqxbtw6tgtCnTJmCL+QANHill5nCdCJakIO8rTYLdEgwaEgY+fTp07QQTI1s5Nw55FxDQ0MouEGDBjTbtWvXSB7iIqaRkVEO0wwXEHj37t1LTRAjcl6ZxqZ8raysmjZtGhcXh56hQ5MmTZo6dSr1pOYtT8gMekPCoMTlt9PkDVgBwAMxWeK/WWj9lWAd+AsWEOvzl/9mlgQe8F8BKB7CopZiYmLKlStHHGTlmzdvUpYwI8yFvYWbypcvn/NOAdW1b9++pUuXEkYDAgKo7aNHj7KEx9gdfAblTWzduXPnoUOHjhw5sn//fuqEaswVw75ZIHUMC5YLys5c2AxyVFQU40nB5+qzb4w/0aRKlSrjx4/Hq9F6jD8jhr1jg6gFw+Xs7MzojR49evr06QiSEBINgj1iQKEIGvy1LPSuQYcEgz5kqkgJHh4eWPKUlBTomObJoTN5SsRVqJz1R4wYIb57KoeXIEsnTpz4+++/6V6qoVu3bgRq5blsgDJBEMbGxojH9evXSd/Dhg0TDa+s8TqQrDkvEgaSJhMGswx4kN0AQjQwTuZnH6g+wkkb4ysh4lu3buE9L1y4AIlk+ThnamoqpMNrM25SwNEfOHBg7dq14nM28NHx48fhaMga/1ipUiXmlGdhIicnp4MHD+7ZswdaR+CZLBwJE7dw4cJ//vkHzbh48SIbIQ2wHNLPWTMgU9wxXpWDhPJ8fHw4bF5SsWJFbAqWSHx3BbtGhxAtNotWsQLWRNz5rfsgo7u7u9MX1HaWNxtQ2cjISBifCcp5oDJDRBZ6pFOnTqg1Lxffnf7kyRMG38XFhT326tVr2rRpSAWzoI13BPEWVAJl1qZNGykYWaBDgsHEUFs08MOHD6EDOpOmJW3gILLcB5UFSAX5F07p0qVLzZo1laUvAQ6ib+n8JUuWUOV4n7FjxxKl1XxTgcNLT0+H+iliGj7zW3yvBadDG/Aq9UPJGwTkRd8KasZoM7C0JaSgPK0CnB6tAmMCX6vTVGxWGOrNmzfjpvHUGEZmNrNDxGIvX76cFQ4fPsxjBlnYbRLk+vXrV61axcShE7AwLQ2DQx/QuvhwPtuHU5YtW7ZlyxaYFxtBOSH2rCN4mSnA5mNH+ItycF7W1ta4Y47kr7/+YhdpaWkECM5a3H3Xo0cP9o66oDfID6WFt8B4IiEMCFOZc1hkTDDXLVq0oMY4BjYOCRJMYTokgdcigTAglNSvXz9IEGZkNcJNo0aNcCfqk+wbBOXB6HGodBMjpixVOTlGiUEmMDFu6r/pTeFRJIR4Bg0HyRgyj02aNKHpGBxE19zc/NNPP83h1qn849GjR4RCJKpz587yklQW6JBgANoSqyLaic6kw2lvHlA69F5270nQ+ZQmpUYuzu4dBVwn5nHp0qX4R8huwIABs2bNIl7k6mZtcs+lS5cgEcgiV0GbHoD+eBWnpr1C1xRwWBA67Mzg45FRbjSVeVGeVo0Dw7h3795jx45B39ArtPta3cXpr1u3buXKlcg2o4EDZVjYF1zAYNKWzCDMnrECs8/MsmVEhR6GSaFyVB9mR6jYHXPNjEP6rMBTHPOKFSvQDJ7FakRERDC5vJziQdXw7DAaHp8ttGvXrmvXrlZWVrAPmoQkUGMzZszo27cvT9nY2HTo0IHaYOOUCoeBxo8fP56a6d69O66WQMAuCJpsXDm3V0FoDJPeunVrfA/H0KdPH5FNOTDOiLGlLKdPnz5w4EDx/havosAgKWQmIyHpMghPCIa+vj5mHHlWlqoEg9yG52By69Spo34OYGCZfdqfWWDilKX/93/sglmg8JAKxFWrgyPe9OYBxyDvksoC3RIMgKegYfAXtBAlSAFhKr29vQn4FBBFA7L42cePH+NVCfh4NKpTWfpfYEyIBVu3bl2zZg0kBU2QZzF6cLf6xkeA9oCJoAmoJFcJg87B88I1eCXdvyQFicOhjBjDDnFDppwvzcNTuHg4l6d27dp1R/VbN4wtbUxKaNiwYc7jCdFj1Vln8uTJvXv3xr7hT+lMLCSsygqI0JkzZ0gMUDNmnEbFB2DMWQLz4lXt7OyQh4oVK0L9rMMkwuw49OfPn7PlhQsXsvKkSZNGjx7N1kT+gKzJH3h2BIDyQEXY1OzZs8WXTLApeJwCY1/Dhw/HCjC5KAFZEKZD2gkccDpFZW9vD9GzAiGDSoMNGRNKSB02QXXE+yIUAMcvFnKoaAMa2bFjR0G1VDVUxcFwVBzqW3FVito4e/YsU8N5MY/KUhUiIyNpXgaN0VOf3xlbhoUiQbkzC4ZIvefPn6fvEKecs10+gaWgqikMppgZl4KRGTp6eY7iw819+eWXf/7555AhQ/CwGF4ywVdffQWnoBDKeipQWLAwf+lMZZEKFBl8t3jxYszj6tWr2SZhlg2OGDEic3xWH2gVlUpjs2VlkXqAglNTUylBalFZpMOAKB0cHMaMGQMXGxsbw8s9e/YUT0FzhAACO9y9aNGijRs3/vDDD/Ag0pKSkiLWeSXEiEHHSMW4ceMGDx7MtLZv357lkDgTiiFgI8zRvHnz2CO8P3fuXIgbSoL3eS2shNjzEnbNUUHW2HDYn+mA1uFZZIMcwGbbtm3LAbMOXE+s4bWcEaaeLaBqTH3mkMfLmR1S1Mcff/zRRx8tX748JCREeU4F6gpksAZsDonA7KQfXigW5gwx6fzlVWIJYL8cG8KDjmZUBSfCQmSYcRZLdBwMi2iHlwsb0mchnSver1ITyCSjTae8/CqWs5AN8qyySGvgjNjXyyclobvv51Af+FZk4+uvv/7jjz/IoTQS3hbNmD9/PjaEUC/WpDSZXZqNHhZLAI+dnZ3JTwgGTTho0KAff/wRQsHjw/vKSrkEBQTy4Dhgllf2gG6CE8RbjRo1qmvXrtjtHj164NDFU7g8V1dXjD/CCW/C1wQFEgPTlPOosk1ewugRKTZv3rxt2zbEJjQ0FElAAHgtYo9awPKANXEAZmZm+FY9PT2kiBeKjbAmyCLYiDHg2AhGVAsBAjEjC1ISmckFakM2+JtROYD/svHk5GSKhO1zDJkjIKXF3im8jD0KfmQqOeAsh5Ez2ClkJ05EAFVAMFBff39/Dt7NzQ0xJq5xGNp4L1cbYHxQXw5Y+X8mUPMgs9aqA7bGNnlhFvPHRsTVY6ZD24IhKoRJpyRyNcXvAnT9BgCqB2MI3UME6AQsRsUsXbr0k08+WbhwIf3GOvAL9YRLpTr5L3N84cIFnO8333xDK8Jlv/32G9mC7A8dqLaaR+AQ6XlKOVc9AKAJXgipvS2aQc+gB5jxSpUqYfoyzpfHRAR7e/uwsDCGdOzYscgw1EwzZ7btrwRTGRMTc+jQIaYSIf/777/ZGjGiS5cuxYsXZ1oZ3sxEyUJmFuEHGTzLLEPuYhbEEsBCJp2/KJCPjw+Tfvv2bdYBmbWBwYeJ2FHmhbwKAjIwMOjbt+/06dM5O4qEmeK1PMtebt68CaeTa6HyO3fu4EJOnTpFpfES9Wmd4ydIkV3YnVjCcFWvXp1T3rlzJx6IcMPfAwcOoMHt2rXLWwIueFAYlAoDm1kIBRhq/pYqVYp5F0vUAVsDbC2LYADqAbDHAiBx1IISIvVKwcgCXReMDDRs2BC1+Pnnn7/88svWrVtjchcsWABbYSpxZzALHUidYSqhJJbTh/TzxIkTUYvBgwfTh8qG8gFKmTaASkQzqA9BuPTVW1R/cBmDyclmHDMPGAEywciRI9u2bctjLBjajH7v3r1bMGwOgKkhYqQFRk5MTITceTlTJgYTVQgKCgoICGA2+S8Lb9y4Id7BhnEyFAuuR6s4sMwjyZbFZ3cmTZqEk/j888+/+OIL/AEDzh4z1mRfrBkVFcV+xRLABtk1S27duiU+b7F+/XrEbMOGDZGRkfA7yw8ePIj/+P777/mL1Hl4eNjY2DRv3lxNKuTgSUUMF0OawYOUa5s2bchncJOTkxPR+Zzq9xtmzpyJxRFuWvcBg5crV44xfHn2mUHGnx7kxJVFakBM9Cs3yPTR5jgYNW9rzDMoGHEA7FFZJPFf6Nyb3jmDijE1NW3ZsmXlypXp88uXL8My9CGP/fz8BJvs2bMHN+fg4DBnzpx+/fplvmszn4C86GpavUWLFrna7NWrV319fRs0aADb5urd8jcFeO3atWv79++HSS0sLOqqfhWA/iHS7dq1K031jdPdunVr3749pODm5sZTOPQcTo0m5LV4c0NDQ1Scv3DxpUuXGBY4BaJkOzzr7e0tZpOZ3bRpE1tu0qQJrj/jDhyU5ujRo+Hh4WZmZjwlFiItGH/W+fDDD7Hn4u1o0gAb4b+sJjiLJMH08VpKqFWrVuK1nCmVw3K0ylP1a10cFX9ZjclillmOkHBIKA0RgXNHLKdMmcJe1KdCdk0oMTc3Z78iBwMOmBgH5+rp6RGjOdQRI0YMGTIEThQr6D7w4AwXU0lHZPk8E7mT4WrUqBGTm3HKrwWbYvDF3Qr6+vrKUhXYl7gjgIHSqqBSzOdV34fNMTRu3DhXCanQ4y0TDAEqiQKFrWrVqkVyZHapWgpU3F9Pgc6aNYs4QihRv1LVAWp08uRJDA5UkqWacwbMhVmmoyjB8m/D3S8c8MaNGw8fPszwQppwLqQGP8bExOCFjxw5QmND9Dh9wa2IChKSg/WjCaF1Rg+pwETjrKESNs6w0JkwKRSPOMEIbJCFMDhzSi4cM2aMuCVfbAc5CQ4OZr8YfF4iFt6/f58DRsgpCSHkNDn8DsVA0BlfPYk2YOcx++wO8Va99D8eGS1kfSaUY6N46tevj0DCFOLLSjkpDrVnz54cs52d3YABA4YOHYrkqF9ajBtHhcLxqtKZPlXKANZWfWUZ0isu9PH4bckWAgzyvn37eEBayiIYJEgEgw5lMJkaZenrQC5h9pFnBj/LdTlmE0vBACIYGEdlqRqg9tisyMfKohzB+hwDRSVMiRSMzHgrBQNQghg0ogbTyexiA6EwwH8HDx48btw4Gi+jMzWFu3fv+vj4wCw0dobnVQfImIeHB51jbW2t+4JBd23evHnJkiX4Yow/tI7/Zah5inZlkHHciDTkjkLTV6jg6NGjM4x8diDjQwTQMQ4dnwiPMyC4aYgGWoesYU9GFULnMYTOZgcOHJjl+gzzS44xMDCAxLHnYiFLeCH+gGMQb1nDDhVUH/hiNSF1LITiUSBYgI1naBtFwnZY2KFDByQBdFQBwoLs2Br7Qpw4ff4CggUFoCb1ZABt4CzYaZaa5HSoBw4e8IDVlCfeEjD7rq6ujDCCIT4+mQESKh6OymG0mVNl6euAqNMpxLgM7c8AsQPDkVvBQLeQGaIqzoCpVJbmCASDk6LZMRZSMLLgbRUMkJqaig/F7WI54RoqjL+UGkaVsqOwaEJlVQ2BLeNkqTzoI1dvS16/fh2/DAG9FYIBIiIiGEm6BaNNz0PoPGY5nQ/jM85wH1wPHXfq1Ala57wYFvHaVwKihDF5LdtBLeBu+pAtkxQBPI4DgPcJDYwtjICXh8Hp2CzUwAvha5SG8c/w+BwVm0KBYC6xhN0xzgw4fzPInQccw8sXwTlyDonNsk3+CvpmiQgfkDjr85gHIAvjv+NAMFxcXBh/CiALHfv7+yMYTDdCrn7CwKDgRWg0GxsbZiHzaJMwnJycKBu0PGOic0BkZOTevXvXrVu3a9cufF7ma5ivBTH3zp07+AMKUgpGZryVgoFXvXr1Ki444wf1pk+fPnToUIw/pIDtZb6hPJwydJPPO6My4969e6QZCggiy7C36kC8fwsf0QYaPB4tgTGsU6cOBp8oAGt36dIFW51BsigxKgJBYMa7du2KTkP36lyfgXOhAGxj5pVhcKg5g1BgZFYQfM1Tr+xVFrJ+lj1yzLxW+Y9EQSEqKgpShtYplSz3lWCSQkJCUAtj1ZewKUvVAILBZkXozBB7kJycvH///kePHiEYOXcfESEoKGjZsmUrV6708vJCaSjaPn36cCTKGjmCnXqrvpudOkczpGBkRu6S9RvH48ePqULxaYy///6b6pkwYcI333zj6OhIaULHX3755Y8//oibINh+++23v/76q/gxFjKHsol8AAVCq6gndfgxM+goDkBc4VEW6TZQNRMTE3RR+DLoW3lCBUYATsdRqmP0JAox/lV9ZI/a5q+y6L+gSFhOh+aq5lF9jAL9wqvYuLL0v2A5C19engGeiomJQVfwwdu3b6duhwwZglRA/WiGspIaoMFB5nwjIfA2CUZKSsrhw4c///zzr7/+mmDRrl079OCTTz5pken3XMuXL9+rVy+Wf/TRR1ie3bt3z5kz55dffjl58uSDTB/ryxvwGrQBvI9yKIvUA+aa2J5zrUtIvHWAVQnx/H25sMUdzImJibk1SWgG5M5ms1h7Wq969epGRkbZZXREy93dHXKg5U+fPk0CxlPS+w4ODuRjjkdZ73XgXJ6o8LbYu4LE2yEYlAIKMX/+fEIDiQElmD179g8//IB3qFSpUhYjADvXqVNn2LBhrDxp0iSeXbNmzbx5837//feLFy9C98p6eQXtQe0q/1EPyBi1TidIwZAoTKCkSZlZ3hMSEO/6EDJyRbsRERHXr1/nhfTLy31NriV/vHKD4eHhS5cunTt37s6dO6tVqzZz5sxPP/3Uzs7O0NCQV3GE6vcs+4VwMIUcvGzYLHgLBCM6OnrdunWfffbZggULEhISRo4cSYCgIHK+vIhDsbW1RSd++ukndIWgunjxYjby888/X7hwgaSsrJcbUHNUHh1C7SqL1IbwTfJ6qERhAh1Bo5GeXy5sqp1OUZ+mySL79u376quvDh8+TMu/3KHsgoX3799nTWWRCg9UXwL0zTfffPfddzdu3HB0dPztt98wlM2aNePZ1NTUtLQ0BCBX15fQJPZFyJCCkQU6LRgPHz708PD4888/IX1PT8+mTZviGoicXbt2zXJVPTvo6+sPGjSIbEHasLKyunLlCo+//PLLFStWiO/WVtZTDzRGuXLlyCgcmLJIPVB8SUlJud2dhISOAz3I7lo/Dok08PKVpZcBoXt7e//9999ffPEF+SAuLs7Pz2/VqlVeXl4YRGUl1ZUi2D85ORkeF0voxIsXL8IPSMWBAwcIExjE77//vkuXLhmXrZAKujVF9cUzYok6QO3ENWTl/xL/hY7eJcVU4TL2799PGR0/fhzeHzFiBKnCwcEhy93Z6qBSpUqoRcuWLXlAdV67du38+fNkWGqdwqI41PRBlB1FfPv2bcxLvXr1lKVq4NatW66uriRcGxubXN1eJSGhy4DQ3d3dIeVWL/06SEhISFhYWIMGDRo3bgz5Kkv/F3QE6xw6dGjRokV79+5FY3r27Glubo5m0C/0KWGCNF++fPkSJUrg+t3c3GCG9qrfCb979y78wAuPHDlCI/fq1WvOnDmDBw+GK5Stq4BOEDtwirS/+rfVhoaG3rlzx8jIyMzMjI0rSyV0VjCw/8uWLVuzZk1kZKS9vf0nn3xCUGjYsGEergUJYIKqV69O0aAcBgYG+BQiy7lz52B/tlmzZk2KVVk1e1C+tAfVzEbq16+vLFUDiB9WCH9kbW1d56Vf7JCQeEtBbvbx8aG5EIwsn/QOCgqii+k1BOOVb3KQD86cObN48eL169fjqCwtLWfPnj1lypSuXbvSI6LXPDw8sGisycZRHVQEw4ei0L9IBSmEp/r27Ttp0qSRI0di415WJmQGa3j9+nV6nyNRlr4O7JeDr1u3buZvGZAAOicY8fHxJ0+e/OeffygXSHnMmDHjxo1r3bo1NZerq5CvBPVE5ZmYmIgvabh58+aFCxd8fX0pKYIzxZ2zbCAVVBJ+ytbWtnbt2spSNXDv3j328vjxY/GDP8pSCYm3HHQrJE7yRjCyFDYmPSAgAL9Pu5X5309fkhIuXbq0du1aTCGmTXxr5IQJE7p06VK5cuWyZcuSS+hQZINeo3EwWwQRvCPihMMjW9C2hAa2PHXq1GHDhkHrmT+hmRlsgayAYDRv3rzRf7+lP2ewx9WrV/v7+3MMbdq0kYKRGTokGEwtRgOpoJK8vb1x8Z9++unAgQOraPoD22gPxU01UEDlypWjFqlIajEmJoZizfLJsszAT1FMDx8+pEDzIBg86Kz6lWCxUELibQeFvXv3bgJ0p06djIyMlKUq0MtwOoIBU9NWylKVkGzevBmpEF9C5eDg8MEHHwwePBh3mGHXaMDq1avTZYQG0v+jR4/w+0hLSEhIbGwsAgAnjBo1avTo0TiwnN9af/r0aXBw8OXLl9URDKjg8OHDHNuRI0cqVKjg6OjIq9R/3/5dgA4JBgb89OnTf/31F8Xx5MkTfIf4IqDM1aZBsNmmTZu2bdsWI0O8CAwMdHNzu3HjBiEXFalUqdLLhcJT165do2qxNmq6FYGoqKjz58+npqba2NjIhCFRaIDH2rFjB0nd0NCwbt26NE5G14gbZKF7OFckjAcPHpw9e3bVqlX4d+KCpaXljBkzpkyZYm5u/spLzXQlsmFtbd1C9eXQCQkJBBrSDPphZ2c3ZsyYLBL1StCz8AmaYWZmlsMnvTk22h+ryuH5+flBPghS//791by55t2BDglGWlqau7s7SZAEgDGBwT08PDAUcHfe7mRVByVLlkQ2qF0Mjrhbg52Gh4djdqgVns0sG8gYPYBmYHxoA2WpGqA90EK6i9iUK6WRkNBlkLahVxgZ3L9/H4qH2UurPlNNE7EQ5qVT3nvvPf67d+/eP//809XVFYs2bty4mTNn9ujRI7tP4WWA11arVg1REZe2EAw0IDk5OTEx8dmzZ3QoyOFGLNYnXhBKWqm+t1hZmgnPVV+vSU7i2I4dO0a/29vbT506lXiB2ikrSfwXuiUYAQEB1MGQIUOQ9xcvXogveYWgeQrNKK/6vV9lbc2BimTLDRs2bN26da1ateLi4ry8vMi/lDgqhXRRkWJN2oPiE2/QUb5ioToQb3pzFiRoNb/QRkJC94E24Oegb4wU3UqREwKIBVC8+HERkkeNGjUQiV9++WX79u337t3r2bPnvHnzBg0aBH2rf7WHxmc7aA+BAyeHFLHNU6dOEW5QC3b3yvfVAdGBIwkKCkJyXm49LCDRf+HChf/8809oaGjjxo2nq2BjY8N5KStJZIIOCUZqaqqPj8/du3e7deuGyMPIzB8lRS2SZC9dukS1oSJMZK6+y0xNUJGYI/FtqYRr8i91RgNQasgGnogjwdFQVfgRMrL6t+gBjpytIRjt27dv8N9fYpCQeNtB12DDTU1N8Vv8NyQkBNnw9/enZ1ELehZr7+bmhn9nIetMmTJl8uTJ0LFIIbkCxq5s2bJ0Iq3HTp8+fRoWFgZjeHt737hx4/Hjxzz7cl6h6TB59CzhPrNgEFM4JDTs77//PnPmTJUqVUaOHDljxgwHB4fatWurc8/kuwkdEgwxhViGZs2aoRYIA7yMp6A4sAlEDTwFziIqKorKwG7k/6apl4E24InEhSOMjCh36h4PxfHwLEtIHpRsrgQD28VGYmNjbW1tRWtJSBQOoBkYfAsLCzoC5SCO442cnZ1p5KSkJLo1ODjYwMBgxIgR06ZNGzhwIO2sfrB4JcqVKwczQBHYO5oUMcBQ+vr6sseUlBQ0I7NsICT07MOHDy0tLcUnRVji5+e3devW9evX79y5EzPXp0+fWbNmcYRmZmZ5ULJ3CjokGFgGHEpgYCCUysyJhbj+Vq1aUYj6+vpxcXEUHwyOs6DmkA2Qw+XLPAMpQjbwQRwJj7FL9ABlR22hWLdu3RLvYaivWNQxLgYfJCRQG8csIfEGQS+IzzmZm5vD10gFHkvkj379+uHcx4wZg6Jo8J3IqlWrsjtra+v69euz94iICDKNl5fX/fv3+W/58uUhB1bj8d27d+lcOISmjoyM3Ldv38qVK8U1KBp83Lhxs2fPJvqjQ2LLEjlAhwTj2bNn6AFJokGDBtSBslQFigODgHJQlJiFa9euEUWRDV6ip/ruM21QMJpEOGW/FDo7RSqQDYIC9UcEwVKpaZSEo6FMOWBeRZVnvCkiIVHIAFPjisT9jTTy0KFDx48fT79oqebLlCnTuHFjmAHZQJ/QAzoU2UCx0C2Oge67fPkyLpPo8O+//6ITixYtgkCqVKni4OBAsBgyZEiWz6hL5AAdEoxHjx6RK11dXevWrWtnZ5eFjjOulnbo0IHiiI6OxrOfPHkSv1+iRAmSaZYPB2kK1Fm9evXatGlDXSIVCBXH2bZtW/IHh6SslD14CfF81apVF1U/oDRo0CAEI5+RXEJCl1GsWDEo2MzMjC7GIenr66ufxfMAuon2JyvQlU1VP/OOM6PdcHhpaWkxMTGoxenTp+nc48ePnzp16sWLF506dUIqyBYcpAgiEmpChwQDF3/+/Hmmlmk2UkF5IhPwKdSfiepjEMTb27dvUxk4iJSUFJidp7QRNdgmcZVdU3nsq1q1avA+Nipn3qdST5w4sWbNmo0bN165coVSHjZsWO/evSluZQ0JiUIKWgMDR9do8BpUzkClyBO4OjyluOp78+bNcyoEBATcu3cvMTExNjYWnzd58mSkon379oQMeXE4t9AhwSAwRkREoBnQK2zLf0uVKlX5VV81KCwMlN2kSRPiBYaCaEJZkDbEW3DqeH/1gZIhFcuXL0cAoHvxiZ5XHlgGOJ5169atXbvWyckpOTm5X79+OBp7e3v5qT0JCe0BoUIGmjVrhmxAEY8ePbp+/fr9+/d5ioUTJ05ELTBtPKVZinh3oEOCwRTiSmBn1MLPz8/Lyys6Ovr58+flVVBWygSyJIbCysoKFuZVgYGBJ0+epD6ePn2K0oD833377NkzRGjnzp0LFixwdnauU6fO2LFjR48eXT/7bx4k9HAYq1evJlgkJCSIj4yiFsTzV56FhISExoGxE+/AV1f9EFODBg0mqcADectsfvCf38hVHuoAOBgIFyO/a9cuDw+Px48fIwZ9+vQZOHAgeaJ0Nt9DLj6rSfbcu3cvMsNqqEi7du3E117mrT44EoyJu7v7/v37jxw5gnJ07NgRh8Lf7N4sSU9PJxtt2rSJw0hKSjIwMOjWrVv37t3btm2r/79fuSwhIVEwoCsxoPQvyiHvg8o/dEswBNLS0oKCgo4ePXr8+HEfH5/ixYs3adKEINmhQwcLCwuig7Le/4KQId7ScHFxQTbYCJoxfPhwXpWHtw3Y7+bNm5EKqs3IyGjQoEH9+/cn0GQnPxERERzt7t270TkEDK0aOXIkB1C5cuUCu4wrISEhoVXoomAIxMbGXr9+3dnZ+dChQ1evXtXT02vWrBmevXPnzq1atcruLj1CSWBg4OHDhw8ePMiDunXr9uzZ097e3tbWVs3bqFCIM2fObNiwwc3NrUKFCkQE1ILIkl1KiI+PZ3125+rqGhUVxZr9+vVDMExNTWX4lZCQKEzQXcEQQDYIDadPn75w4QKy8f7771taWrZv397Ozq5p06bETGW9/0VcXBwRARI/deoUW6hXr564QsVrc7g6JH6zZf/+/VB/ampq69atof62bdtm92UeycnJrE+wOHny5LVr1xCnjh07Dh48uE2bNjL8SkhIFD7oumAIQM2enp7IhouLS1BQEDGiZcuWnTp16tu3b5MmTbL7mrCkpCReQkAhK5Ab6tevT9ogMZiZmWV5SVpa2pUrV5ycnNCY4OBg1hw6dOiQIUOye3P72bNnN2/eJMds27bt8uXLpB8SDC8h/RgaGiorSUhISBQuvB2CAThOdOL8+fPQNAng1q1bT548sbCwcHBw6NKlS6NGjV55xenFixf3799n/TNnziAe8fHxJiYmyEy3bt2IHeIlLBTUTyhBSAgirEBKeOVNTc+fPyeyoF5btmxxdnZm+4iKvb29+GSGvK1bQkKiEOOtEQwB+PrevXvXVd9fe+LECWJByZIl0YBevXr16NGDB6+k7EePHiUmJnp7e/Mqd3f3qKioBg0adOjQAdlg/f379+/atQs1Qnj69++PCFWpUuWVt2kLxdq5cyfaExkZWatWrT59+rBf4k7VqlWVlSQkJCQKKd4ywcgAuQHZOHjw4J49e+7cuaOvrw9r9+7dG+XI4UMS0dHRly9fPnToEIyflJQkQgaJAernhQhGDq8NDw9HWggivr6+xYoVI4UMGzasVatWvFZZQ0JCQqJQ420VDAGygqur6/Hjx/mL5ScZYPkdHBxat26dw09n8yoEg1TBC0uVKjVq1KgxY8ZYWlpm9403bNnPz+/o0aOIU3x8vLm5+cCBAxEMAo2yhoSEhMQ7AB36pHceUL58eVNTUwsLi+rVqz99+pTYcfHiRR8fnwcPHlSoUEH1ce9XfGiDV7Vo0aJZs2ZkCz09venTp9va2r5SLV68eOHv779+/frly5c7OzuXLVuWIDJnzpyRI0fmIEgSEhIShRJvt2AIQPrIhpmZGST++PHj0NBQLy+vK1euPHz4EG2A5V/5eYhq1arFxcUlJyeTGF7+UReCF6pz7ty51atXb9++PSEhgTwxRQXii/yAhYSExDuIt/uSVBYkJSXduXPn7Nmz+/btI2qUK1euadOmDg4O9vb2r/wOmbVr17Ly8OHDO3bsmPmTgIyJn5/fjh07jh07RmrR19cnWPTp06d58+aZf8xLQkJC4p1CYUgYGYD0yQ1EAUCwQDx8VQgICIiNjS1TpkzmD/qhCh4eHuHh4c2aNatXr17GbVEREREHDx5csmQJgoECde/efcaMGY6OjqyW3cfLJSQkJN4FFCrBEChevHitWrVatmxJqtDT0xM31KINt27dSklJYQWSR4kSJd577z0fH5+bN2+Kr0nnv4QJ8QsWJI+rV6+SJ8aNGzdhwoTOnTvLL5qVkJCQKISCIUDCaNq0qaWlZaNGjapWrRoXF+fp6emm+j3wR48e1ahRA9m4okLDhg1r1qxJsFi3bt3ixYvPnDmDzBApZs2aNWjQoLp16ypblJCQkHi3Uajew3glnj9/npCQQJjYtm2bs7NzUlKSvr7++PHj7e3tT548efz4cRsbG2NjYycVSB5t2rQZO3YsqaJSpUo5/6aehISExDuFwi8YAshGeHj4iRMndu/efeHChVKlShkYGKSlpSUmJpJFWIEIUqdOneHDhw8cOJBQkv8fX5KQkJAoZHhXBEMgNTXVz8/v2LFjhw8fDgwMVJaqrl9169Zt6NChdnZ21apVU5ZKSEhISGTCuyUYAjExMeJ3lnx9fZEQfX39Ll269OnTp2XLlsoaEhISEhIv4V0UDIHIyEh/f//Y2NiaNWu2atUqu+9Il5CQkJAQeHcFAzx//vzFixdFixaVb25LSEhIvBbvtGBISEhISKgP6awlJCQkJNSCFAwJCQkJCbUgBUNCQkJCQi1IwZCQkJCQUAtSMCQkJCQk1IIUDAkJCQkJtSAFQ0JCQkJCLUjBkJCQkJBQC1IwJCQkJCTUghQMCQkJCQm1IAVDQkJCQkItSMGQkJCQkFALUjAkJCQkJNSCFAwJCQkJCbUgBUNCQkJCQi1IwZCQkJCQUAtSMCQkJCQk1IIUDAkJCQkJtSAFQ0JCQkJCLUjBkJCQkJBQC1IwJCQkJCTUghQMCQkJCQm1IAVDQkJCQkItSMGQkJCQkFALUjAkJCQkJNSCFAwJCQkJCbUgBUNCQkJCQi1IwZCQkJCQUAtSMCQkJCQk1IIUDAkJCQkJtSAFQ0JCQkJCLUjBkJCQkJBQC1IwJPKCFy9eKI8kJCTeGbz377//Kg8lJNRDdHR0cHBw6dKlGzduXLZsWWWphIREYYcUDIlc4OnTp1evXt2yZcvJkyfLlCnj4ODQs2dPExOT999/X1lDQkKi8EIKhoS6uHv37kEVLl68mJKSgmCUK1fO1NR0wIAB/fr1q1atmrKehIREIYUUDInXA3nw8/PbvXv3vn37YmNjW7Vq1blz59KlS584ccLT07NKlSoIRvfu3Vu2bFmjRg3lNRISEoUOUjAkckJ6evrt27cRhh07dly+fNnAwKBTp07Ig52dXbFixby8vA4cOODk5MQ6tWrV6tGjB7JhYmJSuXLl4sWLK5uQkJAoLJCCIZEtYmJinJ2dkQRiBPLQtWtXpMLCwoJIId60ePHiRXJyMuHj0KFDbm5uyAYJo127dl26dEFRKlWqJLYjISFROCAFQ+IVIFicOnVq//79/I2Li2vduvXIkSM7duxYu3btIkVecSt2VFSUv7//4cOHEZjo6GgjI6Nu3boNHDiwTZs28v1wCYlCAykYEllx48YNUsXOnTvRAENDQ0dHxyFDhlhbW79SKjIjIiLi3LlzvPbkyZMkD9SiV69e4r2NokWLKitJSEi8tZCCIfH/ER8ff+nSpa1bt5IVKAxTU9NRo0YNGDBAX19fWUMNBAcH71MhKCjoxYsXtra2bKFr165169ZV1pCQkHg7IQVD4j94/PhxSEjIoUOH9u/fD9HXrl27T58+vXv3trCwyMPb1+np6QiPq6srUeP69evly5fv0aOHg4MDUaNy5crFihVT1pOQkHirIAVD4j93zR4/fnzjxo2wfNmyZe3t7ckELVq0qFix4msvQ2UHsgWbDQsLO3PmzNGjR/39/Q0MDEgbiFC7du0qVKigrCchIfH2QArGO42nT58iEjt37jx27FhSUpKlpeXQoUPFm9vKGvlGcnLy1atX9+7de+rUqaioqGrVqtnZ2fXs2RPxIG0oK0lISLwNkILx7gIed3Z2PnjwoK+vr5GR0cCBA3v16mVhYfHee+8pa2gO9+7d8/T0RDPQp+jo6HLlyiEbpA1ko3z58spKEhISug0pGO8i4uPjz549u2PHDg8PD/4La48YMaJTp06lS5cWK2gJCQkJ/v7+rq6u+/fvv3PnTr169fr37+/g4GBsbKztXUtISOQfUjDeLTx+/DgsLAy+3rp1a2RkpI2NDcGie/fuGrwG9VqkpKRcuHBh3759J06cSE9Pt7S07NevX8eOHWvUqFGiRAllJQkJCd2DFIx3CPfv3z916tS2bdvc3d2hZqz9+PHjTUxMCt7dP3v27N69e76+vocOHTp9+jT/NTc3HzJkSLdu3eTnwyUkdBZSMN4JECzOnz+/Y8cOBCM1NdXCwmLQoEGY+jf+2YjQ0FByxpEjR65cuVKyZMnOnTsPHTq0devWMmpISOggpGAUfsDFTk5O+/btCwkJadiwob29fc+ePXH02nhzOw8gXgQEBLi6unKQwcHBderU6d69e9euXVu1aiU/Hy4hoVOQglGYcf/+fTc3N4KFp6dnqVKlIGL8u6WlpQ5+layQDfG1ImQghI200bZtW2NjY45cWUlCQuKNQgpG4UR6ejpufe/evXv27ElMTEQkhg8f3qVLFx3/6AOHffny5aNHj549e/bevXsmJiZ9+/a1srIyMjKSF6kkJN44pGAUQkC1R44c2bJly9WrV+vWrTtw4EAHB4d69eqVLFlSWUOHQUGicDdu3DikQlJSkq2t7WeffdaqVStlDQkJiTcEKRiFDYjE+vXrd+/e/ezZs549ezo6OrZu3fpt/Ez19evXv/76a0ISj9etWzdu3DgdedNFQuKdhRSMwoNbt26dPXv2zJkzoaGh1apV66aCkZGR8vTbg9TUVG9vb87l8OHDISEhzZs3/+qrrzgXKRgSEm8WUjAKCaKjowkWS5YsuXfvXt++fT/77DNra2vlubcHL168CA4OPnbsGMHi2rVrtWvX7t69e48ePSwsLMqVK6esJCEh8YYgBaOQwMnJ6bfffvPy8ipTpoyJiUmvXr3s7e3r1KnDf98KY04dpqSkeHh4bNiw4dSpU2XLlkXwHB0dEQz5rSESEjoCKRiFARjzbdu2QbVVq1Y1MzM7efLklStXatWqhWagHCzR/Q80+Pj4HDx4UFyDaty48cSJEwkW1atXlzdHSUjoDop+9913ykOJtxaofmBgYGRkJK58zJgxRkZG4vuaLl68eO3atSdPnujr6+vp6Slr6xiSk5OPHDmycOHCnTt3ImykismTJ/fu3Rvxk78HLiGhU5CCURiAYISHh4eGhmLJO3bsWL9+fVNTUwgX2fD19fXw8AgODk5LSytbtmyFChV05wpVenq6q6vr8uXLt2zZEh0dbWdnN3Xq1FGjRrVq1UoGCwkJHYQUjEKCsLCwgIAAJKF169YY80qVKpE2TExMUAi0hKiBbERFRaWmpuqCbLx48eLWrVvbt29fsGDByZMna9SoMWHChI8++kj+PIaEhC5DCkYhwfXr1729vStXrty2bVvxo9lFihSpWbOmlZVVo0aN9PT0sPCXLl1yd3e/e/cuK1SsWJG/Bf/exvPnzxMTEy9cuLBmzRqCxcOHD/v37z9nzhwHBwf5PbUSEjoO+aZ3YQCTeODAgbVr1zZt2vT777/PclvRs2fPYmNjr127durUqePHjxM4qlSp0q5du759+9rZ2RXkz2s/evTI09Pz4MGD6FZ6ejoZyN7evkWLFgib/J5BCQndh0wYhQQ3b96Ei2H/Tp06ZfluQaJGuXLl6tWrZ2JiYmpqipwQR86fP+/r6xsUFMTKhoaGIpRoDwSLwMDATZs2ESz8/f3r1q07ZsyY4cOH29jYcMwcobKehISEDkMKRmEACQMNCA0NRRWIDtndXFS2bNn69eubmZmxGgqBxri6ut64cSM5OblixYpVq1ZV1tM0OLA9e/asWrVqy5YtERERpIo5c+b07t1bXoN6u0CZpaWlRUdHE1hTUlLee+89wmtMTAz1QzlleA5y5F0VWJmFOvjVyBJ5hrwkVRjw4sWLvXv3Hjp0yMLCYsaMGercjRoZGSl+JMPDw+Px48c9e/bE8ltZWVWvXl1ZQxN48OCBj4/P1q1bjx079vDhwxIlSpB1xo0bN3fuXPlxPADh8lfMF7MAeFyyZMmcI9fTp0/j4+OTkpKKFi0q3ouCmqFpXlulShUGlnrgWWidNaF1/j558oRna9Wqpa+vT8snJibGxcXxKh4zKSh3tWrVXpvzUlNTCaZMJQpRuXJl8etbwcHBbMHBwQGnwr44hSNHjpw6dYojJDuSaDt37oxBkbJROCAFozCASUQwNmzY0Lx582+++UbNH5CArQIDA3khwA/WqVOnV69e/fv3NzY2Jovk800FSIowcfz4cdTi8uXLhoaGbBk6c3Z2Rjk+//xzJCrDk77V4ExhSRiZWYCsXx58eJlTfv78OcTKwIqzZiEJLywsDJKtWbMmf8lh9+/fh7hhXoZLvJYtJyQk8HK2DK2Lu42joqIOHDhw5swZ/tusWTM0mCWsxmsHDRpEDeAGWAErwFGxO8QDhYC+Z86cSbwjIvCsm5sbu2O/bNnExMTR0bFFixY5Ww3W37Rp04oVK9gX5YEGsHHOy8DAAJsycuRIhIrM+scff/j7+3NsaBjix0Sz35YtWypbkXibIS9JFRJg9Pz8/PCPHTp0UJOIcZTkCTwgDAWV37p1C4oR311In7NE0FMegHvFY/7111+bN2+Gnrp06fLJJ58MHTqUBMOzqAj7gkE0m2ZyAKQGx0Gj/IX1RNbJMkos5FDv3bvHynAoTKo8kSMQ2pMnTx49ehTfDVfyXyQB953xcs6UQdixYwd5jglCAOrXrw/bItVLly5dvnw5o+Hi4iI+5c4WkJAmTZqwDq9lGFm+cuXKjRs3Xrp0CYFnxMqUKYM8sLVz584hyQQ4qJ+txcTEsFNzc3NiBE9B65ypUC92ykmRRdq2bUssOHHiBPulYFifGmBY2Aj7Yqc5zwgrs8EaNWo0btyYAMGp8ZLRo0cPGDDA2toaQWK/8+fPZ5CZa3IkFkQUVYMGDVq3bq1sReJthhSMwgA6/86dO1evXtXT04MUckX0kCMOF6MKT/E4KCgI2oKeYAQoJrecjqlEclatWrVu3TqCBUwBcUyZMsXOzg6mQ4cgU3Zx+vRptI2dFsyv6cXGxu7atWvRokVQM7wMvSKHtWvXFrSOL/b19V2vwp49e7y8vNLT0zk8qF+8PDtg28lPUCSUHR4eDtd7e3sjOZw122eFkJAQxmH37t3wJloCdfLAyMiIAUefrl+/zoGx2rVr1yB3Rrtp06boKDNIVuC1HA+Ons0SERhMAO/DwkQNgNK3atWK/cL4tra2Y8aM6datG1TOOAcEBKAHkydPHjhwICPPs9gIwLOIB/KGQgwfPnzs2LGdO3cmkXDM4qdTeJxDskRiq1atyqyx3+Tk5AcPHrDHqVOnWlhYcPBIDoOMkpFTZ82aZWNjw5rly5dntOvVq8dhZIioxNsLKRiFBLjjK1euQBZt2rTJAwsjFbhF2AqygxfgdNjtxo0buEVBE6+9wP306VN/f38IFG976NAhjgSbOX36dOxnBjWDcuXKoWcXL16E5iCUgvn2dQgXiYK4oWYom/HB8HKmHBWHff78eRSOoJCSkoLgkQMAB9mwYcOcRxJZhdDhenizZ8+elpaWyDbjhsqamJigQ/v37ydAwOx9+vSBQBlJpokXwssGBgYMCwthc7QZHZ0wYQLiCoMzJhwGY0guQR5Qgn79+iEh5AnAlgHkbmZmBnGzQeSNFZAHXsiwP3nyBPZnORzNZvEQ6BDrkww4HY7W3d2d7cPplAovYdIRCdQIWmdYcr4UybOMDFKK/iEzLVq0YC+iNlhCdmHhsGHD0DyWcDCGhoZUEfXD4GSJdBJvI6RgvHn8+++/kAt/X0vKOQCnCVXBCDRwHgRDgA7HhIoLF9AQAgDP0vAYW0E9ynovAZrAuS9evBhTjPfkGGbPnj1+/HioLUvc4Rxx36wDTRM4YMxc5aG84f3334fj2B3+GpIdMWKEtbW1OB1obtmyZceOHcOAT5s2DUvOmcLgjCFMWiHHD6nAvFh1VoN8e/ToAeGSBrD2nDV7IT1A+uz0008/tbe3hzFZjj4xUwgGIYMQA18jS6GhoTj0/v37sw57hJQZT17LpgYNGsSW0XJxVLwWnUBoxQEwmLyWoMOscRhiIerI2KJ/aABhEWGGr4F4lljAhKalpaENiJZYyEGiMRy/ubl5zoKRAU9PTxISdcJ+hRKkpqYyGgQjzoKDFBaBg0FFmGKWyC+oLwTIO0NJqIlnz55FRUVh//G2sLCyVAWMHt1LRx05cuTo0aM0Ibk+b7ch4CsxyDQt2qMsyisqVaoET/35559ffvkl3AQt/vDDD/Pnz4eGoJssh8cpBAYGLl++/Ntvv3Vzc4MHZ8yYsWjRImymuCzzMlgOZUOCuG+Qt/PNFchPKMSoUaNw+hMnThwyZAjHKZ5CuiBi5IQzxQ7j6Dk2zgXPnoNACsD45cuXh7I5iz179qxZswbahXPRHl4bExPDpLDBjH0hDzA7E8ROxRJAeaDTHGHmcUDYAAeGkv3xxx+//PILGQhDwPwiORlr8gAuRmzYQsZCXghNs3fUBdFC7DPfocRjVs5i9lkH7eFIOGBlUY5gfbbM4fEgY78MBZVDgiF4IXWUOodB8aArSBqHLVaTeKshE4Z28fDhQycnJzzs7t278V80JCwjrBaNvW/fvoULF27ZsgVeQDDwg6xQu3bt11LVy4iIiECT6FjYKs8JIwPQB8fQqFEjCwsLjgeCgwXOnj17584dlmfcgkkE2bt379KlS/fv349LhYg/+ugjnDIvEStkBziOM0VgsNIwbHbSokFwPPAXkgxrow0Zl8gYKzQPLecEz5w5AynDs7Aqq2HAc7bbCQkJFy9eZNaYWfFa9IBohTiRaRAS9AMaJbEJguaUAwICmCZTU1NjY2OxEfYOq2L5yR8Z0gLdM9psMDo6mojAdnx9fXnMdphfXi6GF77msOHoJk2asMEMU88GYfMpU6ZMnz69Xbt2bDbjRKg6NsvEkQM4R5ZwPKgdL2EjTLea979y4mwEOczIiLyQI6TaiVkoBEPKY2qbcejSpUu3bt3kJalCACkYWgSdTMMsWLCAbsQb3rx5E77AS9KZPAtdrly5klgAoUBh+D5a9/bt28R8uENsQX3cvXtX0BMEkX/BEIACqlev3rx5cw4PKeLYIMdr167BcRw2lEGS2LZtGwzLTgkWw4cPNzMz4wSV12cP+AuuIV0xCLh7GFbNKyH5QVBQEEfL4bVs2RJ5EwvZLxJYtWpV4dOZJvgUXYHxmzZtyhKx2itx+fJlZB5+xBYwIPxl4gYPHlxZ9QvqED0qAvVDzUIRmX0OgJlq3759gwYNVNv4j2Bs374dS96iRYuGDRuKhZTKwYMHeW3Pnj0dHBzYAhpMNEGi2rRpA62L4RKeg7JhvxkqSEhlmmBzpgxFweBfuHCBcfbz8+PcWef06dMuLi4oCjsl3W7cuJGAi6g4OjoS+3JWegE2wmZJloybnZ2dGExeyFExyMin+I5kNI8g0qlTp9GjR7Nl8VqJtxpSMLQFAj688/vvv9MzNMzIkSOxn7gtsjmsSo+ROQ4fPkzz48r79u2LbMChNWrUQE6E9csVoqKiMJvQHA2sDmWrD2SDoyIHEDgqVKgA68E+kAIHDzvAU6NGjcLMdu/ePecr/lkAF3O0SCnkyMbZheA7LQFuPXXqFFaakbeyssrINAyas7MzxNqjR4/evXsjElAhTMf6eHmylFjtlYB5Dxw4wGgjErh+AgRiQAjjKZiU5WiqeB+YGvDy8tqwYQNUjlz16dMn400FBEN8XQpH1apVK7HQ29t706ZNDMi3336LDNva2lIzrAkLo9/i/XNWo8bIpgwg22QMxQCiK8RNIXsoFuB0zp8/z2roiqGhIcrBsLMOZ8pjbA1nPXHixI4dO6pvNdgLQZla5bUZ0QHtJ0ATONgLCsGY2NvbjxkzBsFjrsU6Em81pGBoC2lpafQqfEF7T5s2DS5ABqB1nB3uEm0QV5mFW8eNpqen02OsbGxsnIf3gdkCpIDFw9Dl7IvzBkiBY4YdMI8QJUcOO6CCn3zyyZAhQwwMDPJA91hgyJRRgq/hwVzpTa5AboCp161bhxlHCThaxE8MMsq3YsUKaBfyBVh4ckN0dDQEjQSKrJAdIGW0kzH55ptviAJslmFxcnLCFuADWM7W2K/4JSvkigjI1COuaEMGybJTRAv+JaUxCGJhSEgImkG8Gzt2rLgyRgwSgkQQAeLCEWP+4MEDshGCUa9ePTEFCBUrUwMsR4ZZTmblL9JOdTGJrAbX81/onj1y5OylS5cuGalLHTAyvJZhFKlFLOSkqGHkoVu3buSVgQMHio95S7UoNJCCoS0gAzAFHAEXYOIgF4DNpOeJGtbW1nhMiDIsLAzSQVfOnTt37do1+h/zm7OxfSUQDLZAZ9KiGr8dhVNITk4mW+zfvx9CRAvJMdOnT58wYULGpZU8AFIrUqQIZIrPrVWrFhSmJWYJDg7G3aMKnAjzAjPCsMLjM1aJiYkYfI4BTndxcWEkIfTx48ejGRm0/kqwJsPCpnr16gW5c/wNGzZkF7wKfwA1Q6b8F3KvWbMmTNq6dWuyCDkmywSxGvviJSioWIJCcHioDkeSweOsRuWgFrh4ceGIv7Vr1yZb4EUymwxWYF8cVb9+/Qiv/AWQOMpBhoDBcRX8l1IhVbCL177n9DKYKQ6MU8tiFPhv+fLl0SqOlmfFpTOJQgP51SDaAt558eLFuFrhAcUbxXfu3CFSfP7553PnzoWkoGDRqLdu3cL8uru70+rz5s0bN25clj58LTw9PX/44QeoauHChXm4opUDsMBw+oEDBzg8nC8K0adPH4gGg0nIUFbKK5KSkpYuXbpgwQJY79dff4W8lCc0CoaX4+csHj58yIB36NAh40Yp6p9AgGYHBQVxMAwg0sVhgNcGNQQjIiICO49VF8yIPAgVwdrD/gwdZUCUZLMwNSBFZRk0DoCS4C/0mqGXT58+ZSEPWDmjEtg44PhFzUhIFDykYGgLUMlvv/2GacUStmnTBsGAPs6cOePs7Dx69OiPPvpo165de/bsMTAw4Nn09HToGFKDxX788UdWyK1gBAYGfvHFFxDikiVL8KHK0nwDGj148CDHSfrhFAgWAwcOJB5p8L4mdvHzzz+fPn165syZ6GgeLse9FgxvXFwcSYIHMDtpAP8uruoIwM6oBX+hbOw/Hjm34y8h8U4AwZDQBi5fvkzkRwBWrFihLPr33927d6MfU6ZMiY+PP3r0qHiTEyImE+AlyfgTJkyA+pW1cwO8/6hRo/r27Qv/KovyB2yyi4vLiBEjSpcuDYc6Ojpu2LCBhKQ8rTk8f/783LlzNqrPPJ84cUJZKiEhoXuQ2VZbYHBfqC79Y13JFmJhrVq1xPcx4GGRkzlz5nTp0gVGZmVsL3Q/ZMiQRo0aiZVzBbZQpkyZSv/9QtN8AvlZvXr1559/TryoUaMGeWj+/PljxowRl3E0iyJFilhZWXXr1g2p27RpE1KqPCEhIaFjkG96awswODoBfRMpMm491NPTMzY2btasmb6+/vvvv99Y9Y0OlpaWyIa9vX3//v35b+ZLJeoDnr1w4QJuvUOHDvm53Sg9Pd3Ly4tUtH79+sTExD59+sydO3fgwIEZX7itDRQtWrRUqVK+vr43btxAU5FM+WaphIQOQr6HoS2gFmSL2NhYwgTpIYMBxYBnvkT+RPVTChhtISp5Q3Bw8E8//ZSWlvbbb7/l+c6lq1ev7tu3z8XFJSYmxsTEZMCAAXZ2dqSK/ByYmnj8+PHatWuXLVvWvHlzTkGz79tLSEhoBPKSlLZAgKhSpUqTJk1q1KiR2S8jFVneUCVSEETyScrsTkgUseBF7r9OKi4uDr6eNWvW8uXLefmkSZO+//77UaNGQdwFoBaAESBgtWnTxtPT89SpUw8fPlSekJCQ0BlIwSgkKFmyZGnVB7yx6rlKjcnJyXA01n7FihVhYWEdO3b84osv5syZ07JlywK+fdPQ0LCf6nu8d+3adeXKFWWphISEzkAKRiEBglGuXLkyqh8pypJgcgDqcu7cuZ9//nnHjh2NGjX68ccff/311969e2vj3lZ1YGNj4+joGBwcfPDgQfnut4SErkEKRiEBaaBo0aL8ffmSVw5IT08Xl4Bq1Kjx8ccfDx8+vK7ql/3fFCpXroxcmZiYODs7u7q6KkslJCR0A1IwCgn+8yFgFZ5n+omC16J48eK1atUqVapUMdXP6mV80vgNol69egMHDkTJnJycbt++rSyVkJDQAUjBKCQQ75wDHqifMEqWLNlehbCwsH379omvo3iz4BR69OhhY2Pj5eWFZsi7+CQkdAdSMAoJCAdCLXigvmAUKVKkQYMGo0aNImT8888/np6eBBTluTcHAwODQYMGcUh79uzx9/dXlkpISLxpSMEoJBAXo4gIqampuSL9okWLdu3atU+fPvfu3duxYwd/lSfeKGxtbXv37h0TE7N58+a4uDhlqYSExBuFFIzCA4JFuuqHlHObEsqUKYNgmJubu7q6enh4oD3KE28O5cqVGzZsmLW19ZkzZ8TPRShPSEhIvDlIwSgkKFGihJ6e3vvvv//48eM80GvLli0dHBxSUlL27NkTHBysLH2jqF+/PjJWtmzZvXv3BgUFKUslJCTeHKRgFBIUKVKkeD5+r4bXtm/f3sbG5uzZs8eOHSOpKE+8UVhZWdna2hJ6nJycHjx4oCyVkJB4Q5CCUUjw7Nmz1NTUhw8f5vaT3hmoU6fO0KFDS5YsuXPnzosXLypL3yiqV6+OhqWlpW3fvv38+fMZX/orISHxRiAFo5Dg0aNHycnJiYmJ/M1bzihRokTbtm379+8fEhKyefNmXXj3G/HjdDg1b2/vvXv3RkZGKk9ISEi8CUjBKCR48eIFBjwhIeHOnTspKSnK0lyiWrVq48aNMzc3P3v27KFDh96so0f8OIatW7fGx8cXKVIkJiYmKipKeU5CQuJNQP4eRiHBv//+e+nSpZMnT5IMSpUqVb16dT09PeW53EBfXz81NfX8+fNsB+VAQpQnChZEipUrVy5btiwgIMDIyGjgwIH9+vVr1qxZ3k5KQkJCI5CCUUhQtGjRuLg4X1/fwMDAK1euhIaGIiEGBgYlS5ZU1lAP7733nqGhYURExLlz58qVK2dmZlaiYL+IELnau3fvokWLduzYkZSUhE5Mnz59wIABVlZWFStWVP8ziRISEhqHFIxCApi0fPnyFSpUePr0aUxMzIULF65evZqSkoJgFCtWrGzZssp6aoDtvP/++xcvXrx27Vrjxo3r1atXpEC+5/zZs2fBwcG7d+/+448/PD09jY2Nx48fP2vWrE6dOlWuXJmzkGohIfFmIQWj8EBPT6958+YmJiZGRkYEjuvXr5MSbty4ERsb+/z5c2RA/GCGOkBg4uPjz549m5aWxgb19fWVJ7SGqKgoFxeXNWvWECwePnzYvXv3mTNnjhw58s1+e66EhERmSMEoVCAZGBoampqaWlhYVKxYERYOCAhwd3f38PBITU2tXr06C9WJCwhGuXLlrly5cv78+UqVKmn1wtSTJ0/8/PxWrVq1ZMkSHx8fjp9UMX36dGtra45BWUlCQkIHIAWjsOG9994rVqwYmaBp06aNGzcmW9y6dev27duBgYGhoaFPnz6FhZENZe1swEbQifT09NOnT9+/f5/goiWnHxERsXfv3oULFx45coTd9ezZc8aMGf3798/yu7YSEhK6ACkYhRalS5du2LBhkyZN6tevz38RDHDt2rUbN26QNlCU8uXLizVfieLFi6MZly9fJqBUq1bN1tZWsz/unZycfOzYMYLFpk2biEEcKsFi4sSJdnZ26l86k5CQKEhIwSjkQBjMzc2NjY2RhwcPHgQFBaEBV69e5TEWvmzZsmXKlFFWfQl6enrPnj27cOFCXFxcy5Yta9eurTyRP7x48SIkJGTr1q2LFy92cXFBhzp16oRajBo1imBRMG+wS0hI5AFSMAo/oOCaNWu2atWqbt265IbY2Njbt2+TG0gb6enptWrVQkteeQMSL6xevXpUVJSXlxfq0qZNm9zepPsyEKpTp06tXr163bp18fHxpqam48ePnzp1avv27Tk2ZSUJCQmdhBSMdwWlS5du0KABaaNy5cqpqanIRmRkZEBAQEpKCoJRqVKlV/J1uXLlyBl+fn6BgYGQO5KT5wRAsGCnu3btWrBggZubGzsdOnTohx9+2KdPH7KLDBYSEroPKRjvEEgJFStWbNy4sYWFRb169WBwNAMxuHTpUkxMDIryyp/1NjAwiI6O9vDwKFOmjJmZWQ6XsHLArVu3jh49unTp0i1btiQkJJAnZs+ePWLEiObNmxfwBwMlJCTyDCkY7xxKlSpVs2bNZs2amZiYIBvQN4IBQkNDExMTyRPIhrKqCkgIL7l+/bq/v3+TJk2IKbn9AN25c+cWLVqEVJw9e1ZfX3/WrFnjx4/v0qVLhQoVlDUkJCTeBkjBeEdRsmTJWrVqkRjq169ftmxZZMPb2/vixYt3794tUqRIeRWUVf/v/8gljx8/dnV1ffToUYsWLdQneqLJ8ePHFy5cuHfv3vT0dBsbG4LFuHHj5DUoCYm3EVIw3mkUK1aMkGFtbQ2Dkxvu3btHjPDw8EhKSiJVoBPielHx4sWrVKnCsxcuXCB/kE5e+yGJ5ORkUgupYtmyZeIrRgYNGjRt2rQePXrIu2YlJN5SSMGQ+M/74cbGxra2tuJyU1BQEFzv4+Pz9OlTwgRAHviLfpw7dy48PNzIyCiHW2z//fff4ODg7du3L1iwwNnZmQ0iFR999NHgwYMbNWokb4WSkHh7IQVD4j94//339fT0GjZsaGFhUbduXRKGr6+vl5fXjRs37t+/L74v3cDAID4+3sXF5cmTJzY2Nq+8xRaNQST+/PNPBIMXstqMGTPGjBljZmaGLMnLUBISbzWkYEj8fxQrVqxy5cqmpqZEgRo1aqSlpV28ePH8+fPXr19PTk4mZDRr1uzmzZuoCCGDUKK8TAXxgxwbN25cvnz56dOna9asOWnSpClTpvTo0aNSpUrKShISEm8zpGBIZAVpo3bt2tbW1iYmJuXKlSNVeHh4nD17Ni4urkqVKs+fP/f39+cxoQEJYX2WhIWFOTk5LVmyZN26dampqV27dp0zZ86IESPq16//2nc7JCQk3ha8hzFUHkpIvIRHjx65u7vv2LEDPUAkCBaGhoZXr1597733Pv7446FDhxYvXpxgsXPnzhMnTiQmJhIsBg4cOGrUqKZNmyqbkJCQKCyQgiHxGhAgoqOjT506tX379gsXLvBfVISyadWqVc+ePZ88ecJT169fL1asWL9+/QYNGmRlZVUAv58hISFR8JCCIaEWHj58GBgY6OLi4urq6uvrm5CQwMLKlSsjHjxo06ZN7969e/ToIa9BSUgUYkjBkMgFkpKSrl275u3tTargLypiampKzujYsSMPSpUqpawnISFRGCEFQyLXePHihZeXl4eHx9OnT62trYkX8n5ZCYl3AVIwJCQkJCTUgjSGEhISEhJqQQqGhISEhIRakIIhISEhIaEWpGBISEhISKgFKRgSEhISEmpBCoaEhISEhFqQgiEhISEhoRakYEhISEhIqAUpGBISEhISakEKhoSEhISEWpBfDSIhISHxZgD9ghcvXqSnp6elpT1+/LhMmTKVKlXS2S9nk4IhISEhUdB49OiRn5+ft7d3XFzc8+fPU1JSnjx5gk5YWlr26dOncuXKyno6BikYEhISEgWNiIiI5cuXe3p66unpvffee7GxscQLHvfq1Wv06NFVqlRR1tMxSMGQkJDII+A4DPKDBw9SU1PxyMWKFatdu7ahoSEPlDUkXgUihZeX15IlS8qXL9+3b9+iRYsiGAxj2bJlmzZt2qxZs+LFiyur6hikYEhISOQFqAUG+ciRI5GRkS9evEAznj592qRJk6FDh1paWsofXswBjx49OnPmzI4dO5o3b96vXz/koUKFCqVLly5SpAhpAyjr6R6Kfvfdd8pDCYl3HhAff3W5Y3UH4eHh69ev37VrV1paGnwH6925c8fd3R3Wa9y4ccWKFZX1JF4CynrlypWjR4/6+Ph4e3v7+/tXrVq1bt26QjCUlXQSUjAkJP4vOjrazc1t3759Bw4cuHjxYlJSUuXKlcuUKaM8LfEqQHkuLi41a9YcM2ZM375927VrV79+/djY2Lt37xobGzds2FBZT+IlPH/+PCws7Ny5c1FRUShEuXLlWrRoUatWLd2PZVIwJN51hISE4JRXrlx5/PjxCxcunD9/PjAwMDU1FSqsVKmSspLESwgNDb1x44aVldWIESMaNGhQo0YNREJQIf81NTVV1pN4Cc+ePWOUKDNzc/Pp06fb29u3bNmyRIkSytM6DPnBvcKDf//9Nzk5OTIykk4ODg7G64kLLBI5A5HYsmXL/fv36V4HB4fmzZtfu3Zt4cKFzs7OaWlpykoSL6F06dKEMIbo4cOHYol405twJq/p5QwaMyUlJSEhAX0VV/PQD6LtkSNHPD09MSvKeroHmTAKCZ48eQLNuahw5syZs2fPRkRElC1btlq1arJ7cwAqe/DgQZzy5MmTZ8yYgWDg9ehnpLdJkyaIh7wwlR2ioqIuXbr06NEjQoZ4xwLjfOXKFW9v77p167Zq1UqsJvEy0Alyraurq5eXV0BAAKGWnqVzT58+jVqQz3RWdKVgFBIQbzdv3gz3kTBwLrdv3/bz80tKSjIyMqpSpYrUjOwAxyGudOn48eNJGHp6enXq1LGwsOjYsaOlpWXVqlXff/99ZVWJ/8XNmzcPHTpEvTVu3Lh69epPnz69fv36zp07r169ygACZT2Jl1C0aNFy5cqVKlWK6kpPT4+Pj8egFClSxNDQ0MzMDKdC7NDNntXp22rRYbyevKf7tWASDxw4QJ6F4Lp27cqIMXToh6+v75gxY6DC8uXLK6tK/C8ePnz466+/4ot//vlnExMTZamEGtizZ88XX3xBkG3atGnDhg3hPlxzUFCQjY0Ny9u1a6esJ/Eq0LPoxL179xITEylC/luyZEn8ir6+PvGCx8p6OgYdfQ8DviPtrlixYuHChSS1Bw8eKE9IZANGDItXokQJvB4+hZqj+CpVqsRfeUd8DmBwiBc3btzw9/dXFqneBt+xY4ePj8+jR4+URRIvAUdcsWLFMmXKoBnuKty/f79169Zjx45t2bKlspJENiBAEP3xKG3btu3WrVv37t3bt2/PuNWoUUNn1QLoYsKIi4tzdXXdtGmTm5sbzWxlZTVt2rR+/foR4pQ1JF7CiRMnfvvtt6tXr5qampYtW5bWjYqK6tSp03fffVe7dm1lJYmXQIQlW/zxxx+U2ciRIxs1apSenn7o0CH8ClXn6OhYunRpZVWJ/wXFdvLkSWwyvqRUqVIsqVChgrGxcZMmTeSgFVbonGCgEDt37tyyZUt0dHSxYsWePXtGRUKCM2fO7NGjhy5r75sFrfv777/7+voaGRkxbrGxsQxgmzZtfvrpJ0tLS8ygsp7ESzh9+jRDh0HGLOPv6IjExESU44svvsD9ybd/sgOhFnHlL10pUixlJiutcEO33vTG7kF527dvp/7mzZs3ffr0IUOG4FZ8fHzS0tKsra1lyHglGDeGKDw8nGD79ddfOzg4MFa3b9/28PB4//33W7duLR1fDqhevXqtWrVguuLFi+OUK1asiE6MHTvWwsLirbg1/k1BjBhqQY2plELXP6UskX/olh3A3GGN8Xc0Knbv0aNH6AQLAQ/wMsp6Ev8LBOPu3bsxMTFxcXG3bt2KiopKSkoSd8czjPI9jJyBSHTo0OGTTz759ddff/jhh2+//faDDz7o2LFj2bJllTUkJCRU0K1LUkjC0aNH//7777CwsGrVquFcnj17BhU+efKkb9++NDNmUFlVIhMYpfXr1//111+RkZF169bFIxcrViw9Pd3MzGzq1KlNmzZlJJVVJSQkJPIKnUsYqampCSokJycTeOG+qlWr4gGhP2hRWU/if0GGsLCwcHBwsLW1bdKkSePGjVu2bDl69OhZs2aZmppKtZCQkNAIdCthkCRWqmBsbDxz5kz+li9fPiAgYMWKFQjGggUL5DeaZYcXL148fPjw8ePHiIe4oIzcAuVpCQkJiXxD525pgO9IFRjkTp061a1bt1KlSnXq1KlQocLz589lwsgBKETZsmUrV67MWKGyPJZqISEhoVno3FeDiE+fmZqaNm3aVCzBNRODjIyMzM3N5fuQEhISEm8KOvc5jJSUlNjY2JIlSxoaGoolCEZqairHiXeWl+MlJCQk3hR08ZPeEhISEhI6CPmxTAkJCQkJtSAFQ0JCQkJCLUjBkJCQkJBQC1IwJCQkJCTUghQMCQkJCQm1IAVDQkJCQkItyNtqJSQkJN4Ynj59GhUV9fjx4xo1auj+B5OlYEhISEi8GSAVhw8fPn78+MOHDzt37jxgwABjY2PlOZ2EFAwJCYn84saNG5GRkTVr1mzcuLGySCJHREREXL58+ejRowjG3bt3WaKvr9+lS5fevXu3atWqUaNGYjVdgxQMCQmJvCMmJsbX13fHjh3+/v7t2rX7/PPPkQ3lOYlXITU1FanYtm2bs7MzCYPhMjMzq1ixYmBg4M2bN/X09GxsbOzt7flbo0YNXfv1MykYEhL/g2fPnr148aJYsWLyB0dzxqNHj65evbp9+3Y8MvHi+fPn1apVmzdv3qhRo6A/ZSWJTHj69CkD5eLicuDAAU9PT2rMzs5u8ODBbdu2LVGiBJnj4MGDx44dY52SJUt269Zt4MCB5ubmFSpU0B3ZkIIhIfH/cffuXQ8Pj8TERBMTEwsLC/lll68EUnH9+vUzZ87gkd3d3eGQ9u3bIxI+Pj5Vq1b9/vvv+a+yqsR/ERoaevHixb179yIVaECbNm26d+9OjREjMn46Pi4uLjg4+OzZs4gKaUNfX5+R7Ny5s6WlpY782KgUDAkJBf7+/ps2baJXHzx4YGRk5ODgYG9v36RJE+VpCRXCw8OPHj3q5OTk7e2dnp4O5eGFu3btiin+559/1q5dO2HChE8++QTlUF4g8X//5+rqun79+gsXLsTExFhZWQ0fPrxjx44NGjRQnv5fJCUlXbt27eTJkwSRsLCwOnXqoC6Ojo4dOnR481EDwZCQeMfx+PFjNze3QYMG0ZClS5euX79+qVKlsMws2bZt2507d5T13m08f/4cdzxjxgxMMdSBJPD4/PnzaWlpYoVTp041bNjQzMzsxIkTYokEiWH16tUictWuXXvWrFnkDEZSeTp7PHz4cP/+/f369RP32tra2i5evBghUZ5+Q9C5H1CS0AiePXtGUeraO2Y6CEYpMjISK0c3YgOhwnHjxg0ZMoSEce/ePXd3d9o7MTGxWLFienp6aInysncPCQkJeN5FixahoFQXqjB58uSJEyeampoyOGIdVDYuLs7Ly6tKlSo2Njbv+AU9ciqRYvny5StXroyKiiIlzJ49e9KkSY0aNVLn7TFGtXHjxiYmJhQemePGjRtnz55lOzQ1VoZSfCPvsUnBKGyAAXHE0FxISAgdW758+SJF5Of5XwEGKj4+HoO8atWqdevW3b59Gxs4Z86c4cOHW1hY0N60K00bFhbm4eHh7e2dkpJSuXJlxpOOfafeD3/69OnNmze3bt2KpiIGBgYGAwYMmDt3bv/+/fX19ZWVVChTpgxERu1RgfVUUJ54x5Cenh4UFHTw4MElS5bgQhixESNGUFpdunShfpSV1EO1atVatWrVvHlzZAO18PX1pRqRIiqzXLlyKHQBl6J8D6NQgd6mQLdv3w4P8l+Iz97evkePHjg+sYKEQGpqKn7t2LFjp0+fTk5ObtasWefOnRkrY2PjkiVLinVQlLt370J/R44c8fT0RDDo23bt2qErbdu2fUdkOCIigiGC+6ioJ0+edOrUqV+/fnZ2dnXr1n3lCDCwf/3119q1axmoH3/88R3UDMT18OHDzs7OV65cKVu2LCLRt29fAhnUr6yRe7x48eL+/fuXLl06ceKEj48PyoFUMxe9e/e2srLKqNgCgBSMQgLozM3N7dSpU/ylUg0NDatWrRoXF0dX29jYoBmUl47caPFm8fDhQxrv+PHjTk5O9HbNmjUdHR0hQfIEJk5ZKRNoEFajS8+cOcPwxsbGoi5YbPx1dm9aFg7ExMQwSkePHiVV3Lt3r1GjRpy1g4MDDzC2ykqvQkBAwPTp0y9fvvzdd9/Nnj0744JVoQc8jrju27ePHsRtdOzYEano0KED4qqskW+Qg0NDQ11UwM3UqVMHQaIUSSHKGlqGjl6Sevbs2a1bt5iA4sWL51ydEoCx2rZt2+LFiylW4jDyMHPmTIoV2YiMjITmiLE4FBFjy5Qpo7zsHQM2LTw8fM+ePcuWLduxY8fjx48ZqFmzZo0ePRrqz86mEfnJZ2QLerJixYoJCQnXrl0jcFCcbJDiLHwX/UgS169fX79+/d9//03lUDMDBw5EA4YMGQJDvVYAKlWqlJaWduHChejoaAbNwMCg0F/BS0xMJIGtWLGC0rp69SqaSlF98MEHXbt2rVChgrKSJoCnMTIyIlXwl/9iDV1dXYODg7E14nqpWE170EXBgPIYBVItBic+Pp76Y9DlhfhX4sGDB/jl1atXr1y5Em3A/E6ZMoVKbd++fb169aytrZs2bUqHR0REuLu7+/n5UdklSpRAM941GYbCiAiQIF1NYjAxMZk6depHH31ka2ur5lDQjS1VqFatGlu7ePEiHCFkA0UpNO+Hw/KkilWrVm3duhXf1rlz50mTJlFUUH/GxwVyRtGiRRkitkPJIcNore5/p16eQZLAQGzfvh2poMA408GDB8+bN2/o0KHaC/RMBJrUpk2bGjVqpKSk+Pr6kgLj4uJYzgFotxSRJt2BuGq8adOmTp06cfKAQR81atSxY8dwdjyrrCfx7780c1hYGB4QVUAAkNXhw4c7OTlRQMoaKoirnwzgxIkTa9eujfSyPi7B398fI6msVKjBCCQnJ0N/+DJ6iaIiezFQqampyhq5BGrh4+Pz5ZdfNmzYEBVBkr///ntY4+HDh291iVIPnMVnn31GjEBE69at+8UXXxA1Hj16pKyhNhjzQ4cOYV/gtcOHDytLCxc4RyrBxcXF0dERmiZITZs2be/evfg2nlJW0jJIyTdu3Fi6dCmEWatWrXbt2lGKOEhIQEulqEMJA4UkWCxfvpxsARWSufDInDnUhoRi5XAu8J28QgUYFjTgr7/+wtoQSNEA/PKYMWNefgfsvffeQ04YSbqXIX369GlAQMCFCxegBsqd8STJKqsWUtA/uD+aSgzU5MmTx48fb2Njk+e3CklssAPjaWZmRk2K8fT09AwNDWW0q1atiiYpq749IHXt3r178eLFBw4cgGtIqNOnT8cmUzN5uDuWcdDX18fknTp1ivIjlpUrV055rlAAu0ZdwVQke9x9gwYNCGGUlrhuWWCX4Cg/0m2TJk1atGhBTeK2STlubm7MJlWK237t9cPcQife9Bb39lCpxPzAwEAoDNHu06cP2sCZHzlyhLLD5lB2lpaWPXv27Nix4zt7IR5gb/fs2XPw4EHcH9m/f//+ZAt1ehILGRQUdP78+ePHj3t7ezP11PegQYM6dOhA+FBWKkTgZGnmbdu2UV14wN69e48ePdrc3FyDl3pv3bp14sSJzZs3e3h4MJ70bb9+/ZgRYsfbchEV3wD3rVmzBq6JjY21tbUdMWIEjQYN5fP2G8bkww8/ZJtff/01I68sfftx+/Ztum/Hjh24LmrJwcGBGRdfIKis8SZAYsZbU+oQ5r179+jobt26EaZNTEw0KGBvPmGEhIRAfxhA0hzGGWuDWR47diyNTTSGB0m1uLYHDx5cuXLF3d0dFiD7ly5dmqkqXry4spV3A9DT0aNH8cu7du3CBkL0kyZNwi+bmpqq42rFxWW4oHnz5qjy/fv30R4oNSIiAj3GjCA5rKOs/TaDPEpLYwBRi/DwcIIXRQVnqX8hXk3AEWyzfv36GGra8saNG7AkhEIlY8wJcLr84bX09HQ/Pz9qafXq1XgIumzIkCGzZs0aMGAAdjX/R87pMyYYXioN2ioEN+lh4TkdhmvdunXR0dF2dnY04MSJE2moN37lAzJEJNB7/lKWcXFxly9fhl3FexuiPpVV84E3mTCwNr6+vps2bdq3bx+PjY2N0UMMGiKRpVihM/oQrnR2doY0ITWmqkePHp07dyYyvwuy8fjxY0aA3iaHxcfHt27deuDAgTgIBi1vFM8GAwICnJycINbg4GD0A/mxt7dnYN/qxn727Jn47uidO3fisxo3bowBfGVRaRYYGoaRtIHvETfgY30wnuJuZl1LG7gN8QELjvbChQskCRsbm8GDB3fv3l2zH9mBVX/66afDhw8jRd98883be2GKfrl69SoNeOzYMQwBfUc079OnD1FSWUOX8OTJE46W7j516hRqTfB1dHRES/AEyhp5BoJR8Hjx4gXNjFBbWFigzJTR0KFDXVxcEhMTs3u/iBIn27LO7NmzGzRogGaiolghCDQpKUlL7/DoCBISEmhs1JGx0tPTGz58OMETiVWezisYamgO1sAiGRoaEtoaNmz41VdfISRv6fvhVAJNQlVQUUggDEh751BUGgeTgmZQzBQnk1WrVq0pU6bgSfHyyho6AAK6OEhcJwdJgv/tt98CAwPhRGUNjeL8+fP4m2bNmuH23sY+FWS1Y8cOnAfdV6lSJVLFuXPn6B1lDZ0Eh52cnAxhQhd169ZFM3744QekTnk6r3gDl6SgP2po2bJla9asIS6YmppOUMHa2pryzS43sRxGI09w5vQhnRkTE4OV8/T0JHaJiy35vOSqg8Avu7u7r1y5ctWqVdeuXatXr9748eOnTZvWqlWr/OcqhhTdpZhw3zgmhhTW8PLyQjB4jBl5s9dkcwXIjkpYv379kiVLqApqae7cuePGjcORUDYaCePqoFixYoynmZkZLMxjMgdHxcTRvYxnBY3ekp830HGbN2/+888/z5w5w8hAgtOnTyet1q5dW0tXIwlYYWFh5BiKrV27dpq9JKhtQJEc+YIFC9auXQvhWFpa0n1jx46FhXT8RER316lTRxBmfHw8dcgpGBgY5CdnFPQlKXG5AN27fv06Ndq3b99u3bpBWLkKwo8ePYIUxBWAQ4cOoUBsoXfv3m3btsXL6EJbagQQ9/HjxzlBf39/Jr579+6EDBhQG5eMYDRfX1/Gk6lhd6K37e3tYV7d/35vRO7o0aMcOSNGIREshgwZIm5hUtYocKD0QUFBcA0Rx9vbu0iRIm3atOnSpYuVlRUOSVmpYEGbIBJEVZw+7rhHjx6DBg3ieIiV2r5ixgRhTO/evfvTTz917dr1bbmGjM6Rv8kWN2/exAGIr0swMTF5G6+B09TLly8nf8OTH3zwQd5/SVeVMwoCpKE9e/Y4OjqWK1cOicPU7Nq1KzY2Vnk6T8Au/f333/QhHFq2bFlzc/Nvv/1WfE2/ssbbCc4LWe3fvz/iRwpmjsUVeeVprYFgAcf9+OOPNjY2jCejCvlu2rQJ7lPW0DEwUOvWrcNzYJbJQx07duS/cXFxytM6AJzN4sWLO3ToUKlSJcxdv379Nm7cCBMpTxcIUC+a4quvvoL1GCgs50cffYQ/UJ7WPjgAzpr90v4MiLJUh0EJIatTp04Vd6yidn5+flq6ZKdtPH/+nP49cuTImDFjIPwGDRrwWHku9ygIwRDvPSBrRkZG1CvWddGiReQD5en8QaQNZEP0JNYYF7B+/XrszNt4wTQ1NdXNzW369On16tUrVaoUEvjLL7+QJZWnCwQMqbu7+4cffmhsbIy616hRY9SoUQcOHGBIC+zNgNdCfCUUA2VoaIisUlS//fabj4+PDk46dAk7f/7552QLDpWwOGXKlJMnTyYlJSlraBPJyckQRK9evcqXL49iTZo0CSoseE2NiIiAf3GK1DO+RFmaJzx58oST0ip9k+wJ9MJSM2LXr19XnnjbAPfSuZxC3759ybhlypTBXp8/f155OvfQ7nsY7IBCWbly5fz588+dO0cz29vbf/LJJ1jmavn47sbMeP/996lCWtHOzo6WIMdcvXrVw8ODbixZsiQS8ra8scFYxcTE7N27988//6SlixYt6uDgMG/ePKIYnKisVCBgSBEJKysrS0tLKgyd8PT0FDdHVq5cWV9fX6u3G70WDBRh69ixYwsXLuQvxzN+/HjkrWfPnnBxgb1doT6KFCkCUzOYtra2CDDsw3jiWJ8+fUoXkCC1ccyMEupOO1BRNKC/v78IFpMnT27WrFnBf4yJE0cnxC86NG7cGO+oPJFLJCQknD59mu3Q11Sjlq46krNR2fj4eB6j94wk0/R23cfPYYsLFWvXroUM0b+aNWtGR0djHdCMsnn9shYtCoa4GYNi3bRpU2JiIglA/OJKy5YtNT7uxYoVq1KliokKNMOdO3dQUWwy5cV/mWwdf4eKXkJQV6xYsXr1avIjZD179uxx48aRMN5IjUJh5Bu6GiVmviivkJAQuogwh2ehc7TxPoqaYKAWL15MGyBgtAEk2L9///r16+t4M1OByHDTpk1r1aqFc4LBvby8IHSeQjYYbbGapkD3nTp1Ck3FYDJ9w4YNmzlzZseOHYk4b+QeXyqKskHpMXMiOpfO5VcewdqXL19m3v/++2/CJTYR4cntRtQEpUWpM1CMGL2JREEmHDxLqPw3a5jUQVhYGEZh3bp1HDajBJnQIAwa+jpixAiW5NmjaEswwsPDOdwlS5Zglps0aUKxTpgwoWvXrvSG9jwg1dOwYUM0g7akJ318fJANAgdKy0gx0xr/oLxGEBoaumbNmmXLljk5OdHbI0eOnDFjBkZAU5+1yQ8whg0aNEA2mEQoDzGjeXx9fR88eIAMa/ae/deCve/YsWP58uWQjrGxMRWFptrY2BS8X84zGE+cPmzOKaAW165dozip2Dw77uzABO3evfuff/55/PgxCYyKYhdvtv45dwrm4sWLZCz4K1c3U6CvGzduxH3CJ0ReEYK19+Fqwh9Tg7CRXImGRA1sCmSCiuBB0aoCrnz1ERkZybzTI9gFQhixe/To0dbW1nh3Ylnfvn2JF/m56KJ5wSBycmSrVq0iWDDQbdq0+eSTT5A1jFXB1CseCsGgmBCnlJQUXAkzfePGDVqIkYKRdSdtcEhYgKVLl5IcMTJ2dnbTpk2DBJs3b65TLgZvyJByeHXq1MFk4V8CAwPpHEw9gwkRKOtpDWRqUVR79uyhjQcMGDB9+nSChc72bXagO2BMXP/NmzexzABn07lz57zftZINHj16xI78/PywSra2tu3bt38jwSIzcD+Ytri4OKYyNTWVGI3nUJ7LHsjD8ePHyZQbNmzA43fr1g3Ko+pwh8QUuFtZT6PgID09PSlvmhGBR9sqV67MkAYHB+PT79y5w6hSh1T+Gx/VDJCKLly4gEXYuXMnvcmkjx07dujQoQYGBrgTliOuU6dOxYYqL8gTNCkYiYmJjPLmzZvJjAEBAfgmzDIMCNEU/OUCRsfCwgLZoKRoSziOMsUgMOvIBqLyZhmZsaKZDx06hBdg0DhO5hIbSAQuAP59GYK8ePCv6jZrHmOynqkAowH+S2/AaxQiskHrwkdEDR6wMqPNqGovD1FO8+fP37VrF8cza9YsAqvGLbm2IUZs69at+ANSb6tWrfB9sJ6hoWH37t0ZUmU9DYGBwsjjN+ERpg8/Xrt27TfObhwAGh8SEkLloBZwcXYmkjrEbnp5ecEn9Aid27Bhw0mTJs2bN48ixP5zUnh/LV0axV/i5Jiddu3akV+xnpR969ata9asSTpkHgkc0dHR+FFkA7zZ6JacnMz4ECzQVErL1NQUJpk4cSImD2HjIP/66y+kDvHAvuezBjQjGFBGUFDQli1bMAJkHwzpqFGjPvroI3t7ezqBg1bWK1iwX9QVG4Ji1atXLyYmBmpmshk7BIxG1SrH5YDw8HDi15IlS/bv309jMFZz585FKvIp/pnBZlU8/xziILtQUqQZHlMu6enp/JcyArGxsdQ9Jo4eZlh4EBERgQvmMRwN4zCtPKY/aV28VWhoKPaKF7JNnkLzWEjaQDBoY+1NNId38uRJxo1Ko7qYO2ZW9y8lC3DMDCYWDyN15swZ+GX48OHEbswyRhtuEh5WWVtDePz4MbMGu0GpmKTbt29DH7oQyLDq9B2CwZxmx/gcPCusW7du0aJFp0+fho6HDBkCn/Tt25ceQQLhaxba2NhoKWEwdBwA+yL8iQsS1DaywUwhG1g6Zo1jgOvoAmGY1ElLGgdtzjBCvIyVm5sbB0wkwqNjQMV1WhiAfMaz9evXZzlGWbwwz9DAB/eIP0eOHCEHQceUZteuXUeMGIEyM77KGjoACI4KOHjw4L59+27duoV+9OnTB2dHyRZwF8G8q1at4kgg7rZt26IWRGwNjhUTSqD29/eHzXmASMBKEAelU1b14yrMEf+lylmZBxzGkydP0ACWo6O8HCJmCa9iHQQV8IAlhAy6lM4RKyDAbFzslFr87bffoHLxX40DjqA5Dx8+jN5Tb+JTVD179iREwj7KSjoJhhHKW7t2LfySlJTUvn17WhqpQPAYTyRk2bJln376KflSs96F/WI5L1y4YGxsLO6tnD179pgxY94Ir2UBx8aJb9y40dHRkaNiKJQnVBBHu337dh8fHwqvU6dOgwcPZtxw92IFlmOZKWayZrNmzcRCzeLs2bMrVqygnn/44YeXJY22og5hEmqS4FirVi0mdOTIkUTGgowaDCMuioHChSCcDg4OdETL//3Wag7166+/9vDwmDx5smZqDILID0hAX3zxBfzLppBfxheqUp7TPeCgd+zYMWDAAEoB1mNwSbjUH8SnrKFNELGZ3X79+tWuXZvaItshHvC48rSGgACgRsghbkLwu5hoAc5anUyKcuAE6WS6hVpEz3AorVq1srKygqP526FDh969e5MgMVysifWD05Uj0A5oDyRw5cqVdAXnBXB/q1evpmOVNXQPzC9Jgr5gSBlAHiMbGR8gEM1cqVKl+fPnI8BioaZAiMSeU+o4OXiNUsedwIPK028ajAySb2pqCuUpi1Rg+YcffkiDMGLNmzf/+eefmXRkQ3laBZagfOiu9qjm8uXLEyZMGDZsWA4fsbx58ybWnnWEbSfu/Pjjj7jSAiATBoQj/Pbbb0mNdDT9iAeF3JSn/wssIFTQpk2bOXPmEDGVpflD3hMG9Ofu7r558+ZDhw4RfwgWBG3MMolbWUNXcf36dWKak5MTBYfL48jhPuYbp6Alu8oEM2G7du2iwiC+/v37Y5qIjdp4awcbu3jxYkIolGqi+ip8QKxmoill9IOd8lfMO9WGU+OsWcJqHCcLeQqTggyIwCEWIrHkbrbJEiSHl7BNuI+OgpL478KFC2vUqPGfI9Am2DsCz0g6Ozuza/QMY4VcNW7cWEtXJ/IAxhkZg/uYhWPHjtEdyCpRkkPNfE0AwcBoI4Eff/wxRluzjUMZkF1cXV2xllT4n3/+CacQ/ZEoZlZZ6c3hwYMHGzZsWLp06ZAhQ6AzVDMqKgo1hU9QNfEGJCOGqLx8C1xgYCCnRh/xQnNzc2WpRhEeHr5kyRKyDg64bt26ytJXAdkgD0EmN27cwPxhBHFRtra2BDttkAmldevWLaaVPRIf6VD0AG3r2LEjvams9F9cuXLll19+iYiI+Pzzz3GQytJ8gg7MLXBDAQEBHAr6xqDASj/99FNISIjy9FsCJhhitbOzg/iMjIzIa3S48pymgd1bvny5eIsCo7d79+7ExETlOU2DKqc+KNzff/8dlaJcqH66MTIykv9GR0ej9AkJCbAVa3IYSKbyyjzhzp07n3766cSJE9mFskj74PiR/JkzZ1J7cA39CQ/iozk1ZY03h5iYGBiE5Ep36Onp4f6++uqrV6ZYzgJPSowjYWj8y2xEwujevfv69ev5r6enJ8wCi23cuFHjoTZvoAEnTZoE01GoGGHYv0GDBviSTp06oQdXr17N7jh54dy5cwkZjKqySNOAzZBwHHAOCSMDaWlpWE8EplevXlRjlSpVcIT//PNPcHAwqqaspAnQa1ilsWPH1qxZ09DQsF+/fpgAcbudskYmYObgtzp16kybNg2NUZbmG7l+05vKxgJQi1u3biXyIFwfffQRybeAP42cfzCv9A9t7OHhQZoTb2zgBJWnNQrY2cXFBV9ADzC7zDHEzQHg9fJ508LLeKj6zgzEgMaDI+AsXC2JgVbkMXniP3d1lCpVWgX0Pp8HIG5lYRg7dOhQYPd3cfz4Pkxow4YNCUm0q/jADWfNyTKqWS7EFQyYWcIrBE13MNcsGTRoEOkB+uBoXx5n1g8KCrp8+TLp1tLSUrPHzIyEhoZCfOJaIp49JSXlzJkz/GXcdCFkcEiMyZEjRw4fPuzm5oZfZlpHjhzJiHXu3Jm0SuRVVv1fILQYVmwrg5bl/Q9NAXd16tQpYpA6t6Jg7Um6zZo1Ex9xxaKhZJwRM8tB8hR9kd25qAlm09fXd8WKFcgS596oUSNkAOA+q2XzyTbixZYtW2ADrDAFoCmeyZ1gIJg4O/HdyLVr10YqpkyZQv0x08oabw8YdyqV08EI0LoMOieCV9U4gwOUmTIClDjcAa0wgFQV7p751uz7kKg4lYoEtmjRAgOuLNUaICAEQ7QWmqQs1T6YJpoTNuQ0EX5kg3k8d+4cvIPHr1q16mv7XLO4d+/evn378HR79uwhbKEBH3zwwejRo+ERcZvNy8A9BAYGUgbmKnAKyhOaAKWFEwfYdgobUsPSia+vxwVrXJ/yAMy7s7MzuZAwBLF26dJl1qxZw4YNYzZfvrqSGazPXHP8DJqWrkPiPHBd0HS3bt3UFFchG3Qco41r4Qi9vb2xMjhRDpXjzDNJMonbt2/HhcBXmDzxoX2yI2KZw0AdPXqUdmBUBw4cqEEnlzvBYBTWrl3LcTOUpqamRDD+arbQCwBJSUn4GrSa2Ai5tGvXTigwuo0l18bpsE1KEE5hxEhjRBkYlnqie/GAdAtpQ1OTytaoMMqU0xFvt2oVJE5aC9NHoCn4O3BoRYwqRdi8eXNGFQr2VH3tFeG9ePHiMCOioqyqNZD9Uallqt93gSDQMCIFLU345gCUlV6FNNX3wVADVCAMrlmngmAgDyQYIRgsYaBoWwYH+2xtbf0Gb2JkxNAJGHDnzp14NbLphAkTxo8fD7up4znoX06NjVDeWhIMbBBVTZOSdXJ1F2WZMmWMjP7zmz10HwpBG1Ib11Sf56dWGfNcvW0JaezevRsXsnXrVvS1ffv2H3744YgRI3JwIQKEy/3790M7GHqOJ5/5JjNyJxhYV46DguMIGFNGAVDoDETOpkBHQEIiqQm5Pn/+PJ6LCEyl1qxZk/kgM9G62kgYdC9Fc/XqVYwnThx2aNKkCQYhPDycqAHLUJqUF3j5Lb7cgkZig0g7uyAjK0u1BlTQ1dWV5IvlKciEkQVQM7KB5axRowZEzFAT4XEDCAZDysAq62kaKBOst3DhQlwUp+/o6EiLDh06lIN5rYXHKTP7+AaqDk7XbOFRBmQXUQYMi1iIWYZKoLCSJUtCathVsbzAgL3gkAhhjJiLiwspEL88bdo08Q2bavJafHw8p8DIc14Z99pqFpAbynr//n1sELlBWao2qDoRNerWrUvv+/n5wTYwAJPCU+SP17rSxMREbB+O9q+//qJCqGqYCrWgy17rLLEF69atw4iwMg71tXWYK+ROMG7evIkn4mxhIv6iH6dPn2YhDcnc81cbbKsRMIi0ysGDB5cuXUqHwym2trZE4IkTJ+JMIyIimBW8IQs1qMYZePToEc7X3d2dcRN3jlMBVlZWiD/DePfuXUoKgouLi2MMKan83F8Bd9NOnCycVQCCQd+yO+ad8F4Adj5nYKLFjb/oB3PKgaEc8DKHx5BiyjRYn2g8jEyqWL9+PapJ5ZAqJk2axN7VFE6qgi0AXgJeSyK5AhvHI9ObCAYBWiwUB0Yp0rlYYGNj44Js2KioqEOHDq1atWrz5s2UOraJEcOucYS5OgxG++TJk2ytbdu2Gv+EvAB8DdHhL3v06JHnEEPgFv2OMFMtWFIYAL0kVPEUvP/Ks37y5ElISMiOHTtWrlx59OhRqsLBwWHy5Mljx46FoJSVcgSeGEPMxseNG6fxGxdzJxicM+4Vhp0zZ07v3r05JtIGQwDZQRyMS24zV8EAysAvYGrWrl3L0eJliMCzZ8/G7Itp4ywQDCqjTZs2mhVkAZxFQEAAFqN169a0h9AkSgHBIHOwhBXQDA6SZqZYIT6QtyOBKdgUgtG0adMMa6k9JCUlXb9+nUPFJmvwUmmewdgyj4glp8+xYWPpfHEdBsHAYuec5dXBv//+SyPQ0n///TfpinaYMWMGwcLOzi7zXbOvxfPnz3GRNJR401uzgoFDCgoKYuPkZsRMWaoKGQkJCRw2xMQo5ep6S56By4YiYECIDAmHxdAJ7FqXLl2oc2UltYFU4FOZBey/lhIGlUMnkocw6fkcIijRTAVMDJEXnkE2bt26RfDlqSzVyH6dnZ3FNajbt29TFeJLPrBBaroQuG7Tpk14BfHuhcYv/OROMMhoqB9hon///mSu5s2bw4D4SowMbg5OZC6pVPQz/5dWNAKmXHxYRHx9I/59yJAh+BqGMuO9NQQ/OjqaIaYyYD1tCAbFLboXFgMZ1MC+INkGDRowkhwPPYw7uHjxIiOJbCC9DHVuj0eIEySOhaTOlKVaA9MNBVDosF6u6FKrYOhoMAYcqaAGACJKSMecMvj5uYJKC5BQ//rrL9IqlSPeroBWatWqlVvGpypoHBIGJhRCyb+SZQZqxMapagQDJcvIzTQmHE38Yr9IHRZYG5E6A5Q0Pmnbtm2I6/Hjx5kXjCZSMWDAgNe+uZ0dSOQ0NZvivLR0lxSBgOKhtjuofpZNWZpX4KSxhhAmow03kq5ocyoTky1kQ1QOWoKpRVbZdd26ddHUadOmYWoxQGqWFgfMyIgvAsETsxHlCc0hd4LBVHGqHL1QPAhCfJ04loGFVAbOJTAwkIGgXjnP/FxayT9w2Vu2bCEC79mzB4NJeX3wwQdjxowhRmS+eELfonMYCmaOdbQhGDALDgvFIkxADVlCGBEH39eiRQu0hDnGI6AZHh4e2E8e095q3qchIASDWUAwIHFlqdYgroBBozga3REMwABitZhcGm/QoEHUJ8JGl4r6hKoQ41wRFqpDWFm2bBk5FS5u27bt1KlTR44c+dp3ILMDM0VVMHrMlIWFhWbfUYA76EcqAV7OLBiAE+eAMenIPCEjz5dcXgvM5fbt29esWYNjowEJBHPmzBk6dChDlx9DiZeCUpkOa2trjV9yEaCqITr+Yog1FcKwhuKmPjHmhNQTJ06wF0qU6YA5UQuYCmoaPHgwUuHo6IjMZOGKnEGC+eeff+C9UaNGde3aVRtUljvBCA4OhvUImDjxDOGF0RiCVq1aMQqxsbEMAX0l3uGB6WiDPLu5PEN8cxRSsWTJEqy9oaEhwWL27Nn4mpfJlwmjmuEXjp9S1sYoI58cz9mzZ7EYxMzs+IUD4FlEhaJBw7CHyBimGEUhG+FN1DGD4g12/CPBhdPRqn8EeDGmG2GjQHVHMIjzS5cuPXnyJF03b948xIwSpQygSGQDrqSSOXLGmWNWx76Fh4fv2LGDYHHkyBEIFxGinDp37pyfq3CPHj2i6hAMc3NzpF2z7ooyIGUCLF3mS1KACqd5EU52zQN2TYEpz2kI8fHx58+fX7FihfiiWYhy3LhxjFi3bt3yz78UG91EX3DkWnoPQ1zXhc2gNc2GGCEb6BDtmZKSQp9evnxZ8Co+RryxSnWhK7mtB1wpDLNhwwZKfcSIEVSp8oRGkWvBoAmpxSwTTwlCxM2bN2/cuDEjwkDQsSQstA4jgJsoMNkgArPrAwcO4ASPHTvGTiHNyZMnT5o0iXF8JXvC5rdu3YKaIRQmTBuCgSbRulQ5ggE75FwKmCbWoaoQCSwDskHMxMJzYKQ6FuasAVhL9sXpYE8K4FcQsAUcIYdH9yJ42tYndcBo7969G7ZiJD/77DPKkoWUK9mO8ecBfoIhoruoT2afiqU+s5MNNIbAh3Ejr0BSlBM5dezYsbVq1VLWyCuoVRIAbQIrwSCaFQzKgG5l+2RWInWWecGyMEpMHJxIQqLylSfyDfaLQogbEc+cOUPv9+vX78MPPxw+fLj4hqj8Iy4uToRayltLgkG2QPBgcKqaKtJ4VcNLCIaVlRVumzny8vJiLwTWmTNnQkGZr3+oD3hvy5YtOBvUgsPWEt/mTjBw4oRBigBv9bJVJz1RE4wCDVC9enW6i3ll3MnvyAZDA5RVtQPolRrFWq5evZqdwhRMACCS5+Br0D9Enr5t1KgRs6UNyqOLUAucOJzF+Lz2Cgb8hWCQuE1MTGC0GzducHi0d3R0NIOf87UU8UYI/ojTKQDBEJekKFZOje7V9u7UATKAWkCXuFrYKoOIUVyYEc2AnanehIQE/B2ygddm0qmQl+NCSEgIlm3x4sWUPVadlp4+fTrdmLeWzgIsITPLtCLttEx+wsrLoKrJUiQYhC3LJSnAULAc5sWL4KYZEIyI8lw+wKZcXV3//vvvrVu3EuAIduI9W8ZcgxfckApaiRBDeWvjMj3g4HHG+MiOHTvCadrgBEC6pcHZOA5m0KBBpGHqM8/7IvtikZlrtDn/77tkh9wJBhVGFUJhTNUrKRi+oDLEOzwQFq7t7t27tAR0SVtCLnSFNk6GQ6JSV65cuXbtWiQKVu3du7e4latmzZo5XweEzTk2uIPiwz8qSzUKdoGJ4AgtLCxoTnWuS4o8YWxsjOzhPvC5cBbgUJkFtpCd8WFfQUFB7ItCp9zVud6SHySr7kBjlrGxzPsbFwz0EorfsWMHJDV37tyXHSj6wdBRn5aWlnQsvMPUE8jQPPiO+tRTffyQWoUysMlOTk6U+sCBAwmpMCAtrcEhZaagbJIZhfGyA8sPSH6cFNmoXr16HTp0eHleGAfORYRRHlBp+TkvGpBhpPuwa1QpqQWjhlS0a9eO0dNsahfXuyg5HBUkoyzVKFJSUrBBNBoznv8omQOEm0ECmzRpwqDlORYw+OvXr6f3Z82axaaUpVpA7gSDAAv1p6amUoI5XyODsilBhoCjZ1Dw/jQGZ4Vlw1gZGBhoxNEI0HW7du2iUvfu3cux2dvbT5s2DZnFCWa4yxxArUdERFDlkIuWBINTpjPJMfCCubm5+m9k0eeMs7jWR1dTx6gv2oN95jGt+HJoE+9hwBSMv5be+MoM8R4G8ws1oLja3l3OYCqJYgsWLCDR4m27deuW3fFQnwgqomJqasoYUgDUJwNLLTGwJDl04tChQ1g/KGPs2LEkFTKf+hOnDjha7BejRztQq5q96Iz4cUYiN9OtrxwH9oiuoPdhYWGUZR4+oSaAE9++fTuxXnw1L2aZBuzbty8b1MaFkcTERE7tzp07SL643qhxQCOQFX+xXPSdslQ7IBATBClCGpbRU5bmBpgkUt2JEyd69uw5ZMgQrXrE3PnBf1VfkU2RUevKohyBu+EEflBh9OjRnMnOnTu/+uqrhQsXwmi0pZrbyQ7YW4bp119//fbbbzFKLVq0+Oyzz77//vvx48c3bdpUWel1wKdzYKKjYHaxULNg45hZeKFEiRJ52AVlRNLk1H788ccJEybggjlrhvG33347fvw4VktZTwXmCAinrNXSESBQkoQ4L85RS8ldfRALYPkrV67Av/iG17IVitupU6cvvvjip59+guAg2c2bN3/55Zdff/012YLinDdvHmMOa4jYoVkwTRQDYEc8VpZqCFgNPBkFwJZzmBdk3srKimbcv38/2q8sVRt4cGdnZ+qQUUJiqYRvvvmG0aNcNSuumcFJUXWcFFykLNI0qBxKmjHEfml8arKAqmPkKd08MANgEJg+ZoGcimC89nJ3PpE7wUDKkPekpCTGUVmkBjCew4YNg9apKtqSLVBheBBU8fTp09Scsl5ugGhh2Dds2EB7b9myhQlGkP76669PPvkkuze3s4PoW86IOcvVeakPKg+IveStLACygWVGJ1COHj16cMqcPsGfs8al4ovFarQTuYq/gonEQu0BZapcuTJMQQ9zjsrSNwHmEad89uzZsmXLQvHqf6QLMaAsf/nlF2xN//796UDcJQYWg8ypaW8MqVJUFjBuGtdaNsukUAmq0st2XkjV1FKlSpV2795NFalfnDQLwrxs2TI6bt++fYwhbY7fJ82wX2Ul7YDKZxe0gzrXD/IGMSlUQn4aVk1wLsQL9pg3ZYqNjd2xYweRmtJF+5WlWkPuOpyMFhUVFR8fnwdtx187Ojr+/vvvVFjDhg2ptpUrV5IMli5dGhAQkKtZQZAxklCn+EGuVq1aYWoIFu3bt8/DlS6mCooR3l9LxcFmUThGL/+eqHbt2mPHjp0/f/53332Hj4bXVq9ejYT8888/kZGRrMDp0EgUelpaWgEIBlUO6C4cZQ7EVACgcw4cOBAUFNS9e/cuXbooS9VGjRo1Bg0ahJX5/PPPGVhOZ8+ePUjIsWPH6EZlJY2C4WKy2BFsq8ErtBkQTpzCzkGNeKpNmza9e/emkOD927dvK09kD6abQSaK0cjkMAzfqFGjqEayGlvDUyrraQ0MGiMGn2j2XZ/MoH1oWNqWMdR2VbN99pJnxxAcHIx1NjMzo+y1l+oykOuxEHyUtyPjhY0aNZowYcIff/wxa9asevXqcarU3OzZs/F37u7uTJKyavbw8PD46aefCBaHDx+mzaZMmcJ/R44cScNzbMpKuQGvEm8GvPYKRp5BTbBxBo2yoN+UpXkF8tasWTNOmdD2zTffUCsoLkNKA+/cuRPZoP44HchCeYE2QaDGbEKpoAD0KQdQS0eOHDEyMhoxYgSlpSzNDSgnrAxRFT1GKnh8/PjxTz/9FAmBTBEkZT0NgWKgMAAVmGe+yA5sljohOtB0Oc9LrVq1OGXCwRkVlKXZ4P79+2QRug9/5u/vT57gwYcffmin+loUeJZ6UFbVGuBxzoiG0obKCtCk1DOpHYeX/4bNGZxLnvdy69YtJycn+p2IDCcoS7WJ3L3pTbbAXHB8+flOLtGWpqamnGHNmjWpMPju4sWL165du3v3Lp2DfXg5bMJKly5d2rp1K4Z6//79jC+2aMaMGcOGDTM3N8/PlTv2SGRBh2gwa2trbVwEZBcks+vXr0NknLVGqJzjpNVbtmxpYmJSv359ugjG9PT0JHJdVf2UkLiFN28iqj7QeOaOs8OVczzwlPJEwYLK3LZtm4+Pz8SJEzPfSpsH8FoxsJgbSBABFu8eM6owiLiAoKyaP1AVYWFhjF716tUtLS01e/cgDRIdHX3z5k2MFBvPoQw4jGrVqjFx586dI2E0bdqUlyjPZQIVdfLkSbqPHsTVshpJF/PXrVs3RikxMfHUqVOMj729Pf9VXqMdJKm+6IlDpeS09DkMRs9X9f14DJ22b+UICQkRN6pBiVCQslQNIN5btmzZtWtX48aNmQjt5a3MyJ1gJCQkBAYGooevvUvqtaDxjI2NIWgItHbt2siGl5cXBodapCBoWlHEYmWEBO+8YsUKgjCF27p16+nTp4uve0NdxDr5wb17986ePQsFs+W83ajwWtC9DB0C2aRJEw3ugmOmZ2xtbVFNZoSBcnNzw/oxR+3bt6fctc3gtBZkGhoaCsPi7jETyhMFixMnTkBkDC/JVSO3tRAHOZ02bdpgbhB4uMPV1fXChQuUHwzLs/R2PseW7YSHhwvBQNo12/AUAGrB1BgYGNBlOVMez9KDUPDp06fpRIg4s6fBEyCZtB4NSHWxweHDh8+ePbt///4ZTUrhMT7Jycka+Sx3zoAfOB7ODkuEqDOMyhMaBUPH7LRq1Qo3ptWqJiVg8ihdQl6uBIPDo+aReRQaEqB+tMRdmZG7in/y5AnVQ3nlXH/qg7qkJ+fNmzd//nziAlWLbPz4448//PDDkSNHaE6CRURExMqVK7/66isqku794IMP/vzzT9Qib5cdXoYIgwRDQqg618TyBrZPYM/54kB+wMhMmzaNkfnwww9pJJbQ+VrqpcwoVqwY7ZSamhoTE1MA169fCawW1UKdUEvQmbJUExA3Gnz//fe//fbbpEmTKFc83SeffPLrr78ePXo0b/drZIaoPThX4zNFpTEsJD+mRp2Nw/KDBw+mp5ycnFBfalUs5xwPHjz47bffUlr0o6OjI+dOw7Z46be5OAtibgFckqLeMJS0KrGSPSpLNQo2jiwxdBBdPm3Ba8G5AAQ+t+dC0kXPUBoCytdff718+XKEJ2PitITcjQWVh7fi9DQ7iMwKHDdnzpyff/6ZiqQtXVxcaMvPP/9848aNv//++5IlS8i8bdu2/fLLLxEMzKwGD4CTKqX6JQ/GmmlTlmoalCDiR01or/7YsomJifjqfEwHfFEADA7lAeG4NWUjcouTJ0+eOnWKYNG1a9dceTQ1wTaJ1FQjpdi9e3fcNM7us88+o0UJxMpKeQWjR21ovPCotLS0NFFyaqoRIbVdu3aoAmk+JCSEJdevX0cnOFNsLEb7448//uabbxiKzPlDQBQAzMDpKIu0BlQclmR3nJeap5ZbCO5GmYD2GlaA7aPuhLPcutWqVauOGDECSiQRhoWFLVq0CNlA77Wq2bkei5SUFBqGWlT+rzkQzPv27UuS+Pvvv5GNBw8e0Ja06KFDhxo0aIDL++WXX177s5d5A3NGiWjP/gtQEMyltvdCGTVu3JjWFW/ZKUu1BkEQKC5+h+4SCwsSCQkJp0+fRuzFDwZriUE4NerTwcFBxF+iDF1Ai2JfVqxYcevWLWW9XALuY6Z4oPGq4ICpBLaPaVDTderp6SGHeA43NzcyvZCKpUuX3rt3r3///nTi+PHjs7s+g2CQNelZMk1uiS+3oFWFxP7HqmhHnzjHcuXKCfMhxEN7gHzYHXvJ7bnwqjp16gwfPhyf/dFHH/GYaIh+wJ/+/v5aihq5EwwsJCeGWmjpaEqUKNGwYcORI0ciG4DYS+pEP5EKOpMHWrovguJj9IGW6g+wcf4ybtoWDM4FjgC4S223LqDcYSWqomD0KQsQYMKot7e3ra3tsGHDBPlqD0xi06ZNp06dimZ89913+PHQ0FC4FTezfft2XHluB5yCh2oZPaAs0hA4VHFRm3pTv1utrKzoPrhyx44da9asCQoKQho5WZoRsczBq3EWkAMll5iYqO0KZ6yoNE6KItfSvigk5JbzhRA0PjVZwLixO+Q2b16nfPnyFP+cOXN++umniRMn0o/r1q2bN28es4Z+3L9/X1lPQ8idYHBi+ipQ6Moi7aBJkybjxo0bPHgwFTxo0KCuXbsyLspzWgCVx0AzZ8r/tQBGjD7U9rgBSpzTocrppQJgcModFcdDYC0L4Pp1FgQHB2/atImT7devn5a+VuhlUCfW1tZz586dP38+hs7MzOzixYt4Gpydn5+fslJuwDRpg/gEAeXKAxETCROTJ09GCzt06PDhhx/+8ccf/CW6KWtkA/QJzYAfcOXavjJJvaGF/P3PBSmtBUq0tnTp0oxergYwD+AUEL88XJLKDAakd+/eiATeheIMDw8X7/tSk+7u7qmpqcp6+UbuBANWpSaAtmsCME+MAuJEISqLtAN2BNOJj7lxgspSTYOyoAq1t/3MYEeIExKr7aEToNAFtO3FsgA/6+bmFhAQgMPS0peA5QxjY2P8OM4Oho2Li/vnn3/Onz+vPKceRD1oL3cK35AryqtTp86MGTPQiZ9//nnChAkt1ftJPvbCviBxXDnlpyzVDgSbI9vaYyFOh8SclJRUAJYL8omPj4+JiUnP9+dDIcw+ffr8+OOPf/31F4nwzp07K1as+Pzzzzdv3hwWFqZ+0MwBueMvWpSMw1BqW3UBu6Ag+FswFzpE02qP0Ck+5kx793VkQIwbVrFKlSpauoKXBUgFnII4FYwcZiA0NNTV1bVGjRr29vav/OhAAYBTrlmzZseOHatXr86w5zZBUnKUN5ShkWbOAkH01AMQS9REhQoV6tWrR/2oz8j4rQcPHrA+nKX+q/IGBg1uFXuk9pSlGgUZPTIykoZlatTRy/yAEyEBoH9AWZQPMPh169bt2bMn8QIrQ2UGBQV99913s2bNOnbsWP6vAeSuw0XxMWFAWaQ1ZOyIB8oi7YCCgF7hVkYz/wOaHahscZVf2/UnQArkjAqGwbF7ECW+r2BOTYDCuHTp0s2bN7t27WppaVmQu84CyCU8PBwv1aFDBzs7O2WpehAXo2hyjZMsA8I2+atqWa3bO/YF31EGFJ6ySGsQtpWhE1WnLNUocHXsBR5ndpRFWgPybGhoyABq0EoyF0ZGRsOGDfv+++8/++yzFi1akH2/+eabRYsW+fn5IbTKerlH7ggFasBB4CW1bZOBmDOsRAEkjPKqX7Jjj9qrD7ZfTvULOdo+HUGdYugKoNxB6dL/+TnFAqZsX1/f48ePU42YqTx/6YBGEBwcvH37doa6d+/euf16BoqBbKGNN2+ZjrJly+KE6NYCKAM9PT3xeb3ExERtkwODhrGDYTlBLb0pyKAxdFC5UFxlqXYA+VDAGokXWQDnNG/efOrUqT///PPnn39O8jhx4sT8+fNJHmvWrPH398/DTOVOMHCszBDnVgDWVRAQtV4AgsEuxF60d15MHnKLZ4HKlUXaAePGBEFD7KgAhk6AymNfBeBkBRjG3bt3X716tXv37qampgUTpF4JguOZM2cuXLhAyiFh5DYoMGKMW0JCQpqm71OnDDgYEfsKYF6obYgPjxIZGYn+KUu1AygIfeK82J02LuUBOohdCIenbTBcnAgzldviURMMF8VJzpg2bRoshLlBMxYvXuzt7a11waC4OT1GswDeTWX4KlWqVDDv3NL2wpJrr9ZF32qvxDMgmEK0k/ausGUG58WOyLkFE2iA+MosY2Nje3t7KkRZ+iYQGBjo7OwMXfbr169hw4bKUrVRUvVF9NSexmcKLkBW4+PjKYMCENSMkiNhaLvCSbT6+voUW1xcHOeoLNUoGD04gXOJjY3VdlXDOeJT5drbEdXl4+ODQsTExMDeCCG9UydPP6icuxcgVvQGlaH8X5ugkRB56EBLlykzgzOiyqE8jRu9DAiXR61rW/8Efd+7dy8qKio/FyvVB0MHUzB0BSMYKaqfz4Qyxo0bp9Vfo1QHrq6uSFfHjh2tra2VRbkBrUtDMW5ayoLwuKBy5f9aA9QDqIQCyLXipETVaWlfqEVycnJoaOj58+dpJWWpdgCDQ3EIBqejLNIo7t+/v27dug8++IBUcePGjfbt2//888/ff/+9jY2N1gWDc6O4o6Oj79y5k4c4k1uwL7QXl6TtTE3TVlB9xSbTpqV9MVxsGf17+WsVNAv2QhfRTjRVAYQzwL7YI/sFyiKtgZK4pkLjxo27du1aAGYiB/j6+h4+fJiz7ty5c95u0xIdi8fUeDexZfH+MxsvgHkBdBCGsgDECU26fPkyPK69U6OehWa4uLisWrXq+vXryhNaAJxQs2ZN5ksb1wMuXbr022+//f7773gs6mHEiBFfffXVmDFjcvtFhxnInWAwVYQa1CIiIgKaUJaqAexnbvWTFsJLohYJCQnatq4MpaGhYWVtfj8w3F2qVCkUV/m/NkHxsTvca95qIregtZhfJkvb0wTi4uLgaPrZ3Ny8YM4uO3C+e/bswbJ16tSJeJE36eJEoInY2NigoCBKXVmqCdA+iYmJdCs9WzCyqqenV6lSJSYFp6Is0gJgng0bNuzcuRM2J2VqqQZonxYtWpiammJYly1b9u233+7atYtdK09rFOwLzYAZNCt+UVFRW7Zs+eabbxYuXEhp9e/f/8cff/z0009JGPm5ips7wUDS4X3qDzJS00pQr8R2VHrbtm1EPGWpGoB9eC2DWAA2mb2oYq4WwztqQbaAWDkpZZF2wCkwQewOFdRq62aA3UF8Dx484K+ySDtg+z4+Ph4eHjQzgqEsfUPw9/fHflarVm3s2LF18vqrDOHh4UggtI6H1axg4OciIyPv3r0bFhZ28+bNAggZzA71pj1xonfc3Nzmz5//888/h4SEtFahjHa+0JuohA/47LPPxo8fT3bEGXz00Ud//PGHk5OTxr9sA2mH62jbPFwgeiUQuXPnzi1YsODLL788ceJEgwYNZs+e/d133xEsjIyMlJXyitwdIgUB61WtWpWDeC2PYzyjo6P37t379ddff/zxxxz9pk2b8AXK02qAQWTmMBHatkjMmehbLV1GBHQsPczpayN4ZgaDRheRlhg3jV/oeCWqVKlSAB/IB8HBwXA050Uza+RHL/IM6gTyombEZy/y4DPwXkjOoUOH8K2UN6dTUUO/yyTAIQnrisSuWLHizJkz1J72ZINKu3fvHpmG81IWaQ60DKO0Y8cOGHzt2rXQa9++fSFBCwsLZQ0twMDAYPDgwb///vtPP/3Uu3dv5Ar6Et/GeOXKFf6rqcEU1wM0QnGU5eXLl//55x+SBJPOuA0aNIhT+OSTT1775S5qIneCwREgXxzWa63r7du3iY0c9xdffHH+/HlRTyw5evSomhabERRXRbXtWwHdxV6odf5qqamQT8atAM6F+oN6EHWGrgCuEQF2hERpO83QoidPnqSWmjRpgl9Rlr4hwF9eXl4cCVSSh8uMGP/du3d///33dERqamrXrl179OiRw1f75QEclYmJSceOHQma7AWmw3J6enpSh8oaGgWzg3yycXanWXtHQtq8eTPHj0cOCAhAJLCeP/zwQ7du3bR0PSoDlDRmyMHBgd39+OOP3bt3J0avXLkSrVq4cOGlS5c0YsgYrlKq78XKJzmI76VnoH777TdcQsuWLXHqpDFKVINeJNe/uOfh4QH1Y6zq1q2rLP1fQFLYmWXLljHNPGAUULnp06fD/ryWqrK2tlbnk1YQN5la3A9jaWmp1av/HCRkFB8fb2Vl1bhx4zwYxteC6aRdaSd2odkf+ckCDp5pwr2yF1tbWw2OGzNChwChqTxgrlHZU6dOYfzhu86dO2uW9TID4ti4cSO+nljdokWLN/hhvfv372/YsIHZ7N+/P1Y3V9GKSjtx4gTuj+6gthlJ+OiDDz6gKTQb0SgDOq5+/foNGzbEQ2A83d3d/fz8OHg9Pb3q1asr62kO165dCwoKYmoaNWqEh1CW5gNEIicnJ5hk27ZtGAVmfOLEiTNnzkRfa9eurVlZygHsiOFq2rSpmZkZ5EDNnzt37uLFi1evXuUI4WLxicU8A8fA7ISHh0PxzJeyNDdAxmhAioqyxMfUqFFj9OjR06ZNw4VAApp1crkTDMIB5waPU9+vvOscLdm3b9+SJUv4Sz4lrU9WgUOnz0NCQqhazqd58+avLSn4KCoqivOvWbMmJKvVKx5Pnz5FMBAz7QkGFox2pdooO85IWaoFCKE9e/YsUkEJUi5MBBJCVaWkpPAAexsdHS3+y3yxMvNCIoyJiYGUafubN2/S+Uw0qkP6DgwM5DF+Cr0HtApMxzzSw87OztAfqVH8XLnGbXJmcLT4enFFnqNljujVgvloVWaIUqHCmcTx48dnZ5teCUb74MGDf/75J3+FOxk3bhwbadu2rTb8EExXrVq1Vq1aETUqV67MRHt7e6Nzd+7cYfYJhflkusxgX8wOxrZOnTrsLv+3AlKTO3bsYJwpMIILXmTu3LljxowhXOK6lJUKEPAPioUcwl0UHlxBL9AFlCKHR0Sg8vPGG0lJScwLXAep5uE9BnoT84Fa0IbYEXt7+zlz5owYMYJZ0IhsZ0HuPgV669atxYsXM0ykaQKaslSFR48ewTLoBCrHIFKpffr0QegYBdEMnMzevXuJkwgGQem1Xy/K+hT38uXLqXgCilarJD09/ZNPPoH1Zs2axWFr6t2nzKABfv/9d9yEsJPKUi0AoWWCvvnmGxhWpFFqkf2Kahbvo1DixHmGFBljNRSFpygvJpH/iuiAORDXo5Ec/ssQ8Rde4Fmmhses/J/9qYCRoZmpVOZdWaRpsMfg4GC6Ys+ePaiaoaFhr169evbsiQBrT6VeRmhoKB4LFvv888+hezVvOGHYMaS7d+/m4NkCBhkGdHR0pAu0fV1FgGnlmDHsqB1mlvBBnXMANBcjqRGHtH37dsiBGZkyZUp+ygDjQuMfPnx4//79+BvySr9+/QhzrVu3VtZ406Dy8UzMJuMJ15E/IEOYuk2bNpBbbgcTIYfx0VrCU4cOHZSlagCl4TDg20OHDtGSzZo1Y5QGDRqEVChraAG5Sxg40zNnzsTGxjKFGTaZZkBvGTvswIEDB+AgTPqECROmTp2KIGcEIliYMqUakFPcjbm5ec4aADHhWeA+hN3S0lKrCYM5xixjvaFyLSUMbB1kh8e0sLAwNjZWlmoBjBuMwL58fX0hKQqRMSTcBKjAEhw6KyBgCCQUzCBzVPfv3+f0+UsVYj+ZRESFKgTML2D6IEeoWV8FphKmo1VwfGTN9u3bU6w81mz+zQwOAEdMZhJXPG7cuEHEwV5xqHp6ehwMvkQbE5cZjO2RI0c2bdpEc1LetWrVUp7IHgwd4wlZL1iwYNu2bfy3S5cuGKCJEyfSHdrwgK8EO2LcKG/mjnBDGxIc8chMPe6Y/MHE5dMnwfLnzp0jcpGc8pb8MCUc1bp16/7++2+Ojdm0tbXFYI0dO1arLZNbYJuIApASBcCEYshEo9E+PEU1MtrqDyZnTTMiG6ampmpekuIleHcS2NKlS+luZhC5mj179rBhw/AiykraQe4SBuNCoIZl/vrrLyH4iIerqyt24OzZs9gB8pqDgwN1icpRmuJVGWBfrPbFF1+wJgYNT6o88SpgbxEnRoQdYV21asSwDNgiju2jjz6imbXBetTTp59+yl+qHytBweWzP7MDg8xeSHLYcOhVWB4xy/wF1DQEgWZDf+IlmXmWx6VLlxZFL14lwJhQl5CyAK9FUXjAdtBy1seoFsy1AqIGfEef4EDRDOoExcKa9ejRg/PlIJX1tABUCoMFM3722WejRo167YUXwtzp06cRb3oEK8pxDhkyhAaB/vJ/0SZvwBDQxdAxh3Tx4kX4rl69ep06dULGYGd8gLJe7oFNXrRoEV6b8s7Du3T4mGPHjh08eBBzQxF269aNTeGucCFvaqxeC1I4XH/lyhVGErHEckF6HTt2HDhwIIOpZjuQ76kQXj548GByp7I0G1D89PWpU6cw6DhChBmv1q5dO8INlFIQ/kOQiJqg1OA7mhNzyn+ZWhi2adOmbAfKwDSJt47Fyq8E0fjHH3+sWLFi7969w8LClKWvAqVMsxGcaVFxR6CWwI4IRkgddfnNN99AQMoTGgU2BJaBXiFr8tmqVavwCMpzmgY2bcSIEcyUm5sbBc2OGGqB0NBQ/ouvpEwByv0ymCPGhO2gChkQW9Yd0DnQ9z///INOoFv4CRsbm2+//dbf319ZQ9PA1s2fP79Jkybjx48nLypLswfp5+uvvxbXB+gOMreLiwsmVHn6jYKpp3nXrFlDLoR08BDEnY8//piC4TSVlXKJvXv32tnZccrwprJIPURHRzOPHIl4K56Agk2khnEkyhq6DZqFyE70FKET/2RmZoZju3TpEgFdWSl7UBIrV66kW6E7ZVE2iFP9SBdSKu74aNWqFS9EaPG7yhraR+4uSWW8oU/wpCyYV06AkEGvzpgxg5bgHHK2eIwmjMlGcME8YH2KVXnuf4HLwA3hg+ACQoaWEgbUiVFdtmyZl5cXgoHV4ly0kTDYeLVq1WBeuAZ3jDvAJjMBDAi2LrPHzyfYJh1IWsJxDB06lNpi+yh0BvgvuoX9AUzWy+CQRPrhqDIgNq474JDEFSpsO8eM1xPGmWjPwXNqmh1VQGcuXrwYdiDvwgjK0lcBYT5+/DjNjOlGgDGAUMnkyZOpdkZeWemNgvGBnc3NzXF7ZNAHDx5QkJQlR84BUwA8m9sEjIn09vZu3Lix+qeJOUO34JDly5ezd2QVgzh79mxRt9q7vKlZMFAUG3VINdasWZOTgt/IHMHBwThdBrNSjr9CCKkGBARAC0xHdm96o50Q5rp162AqHrAXciqU6+joSKbJYeMaR+4EA/fBWJw/fx5zhytnUAwNDYcNG/bBBx9w6GredIFOpKWlwWiMEZGTelWe+F/Q7QgG4QuOo+U03ml0PmexYcMGWIAJQ5DIg3j/+vXra4MfqSoEg/4UFxkR3QsXLjD3yAa74yl6WKyZTyAYZAhCLmfEuEGmyhOFFNQP9E1A5AHpllGFtnAz4r0NoKyXP2Di9uzZ4+TkZGtrizHKLvtDEPhK4iNq4enpSf/jHBGYvn37UsbKSroECs9adccj1cKI0d34XGSDciV5sFB91kawcV0kFTUvDEZERBw+fJiB2rlzJ4SIUZs2bdqkSZNIGNpowAJA+fLlOX1gYGBAwcAq+F0iPmeHZlCKrzwvnoUNcK7U8CsFg2KGbBctWrRr1y7khyg2ZcoU6gqBKXhNzZ1gwOCoBck6KioKT8cRizlu1qyZ+odOLTKylAuthQzw2uzSA2ENTSLNdOjQoZhGP09AY6NYCxcu3LhxIyfFBDMNeMA2bdpoVa5xIpwvHUUBMYB0JuxGlwqTwjjkf++cHRWG0FKg7du3z25sCxM4R4rE0tKyQYMG+LWgoCBG1c3NjaTFIOBjaDNl1TyBIcU+44JpeBr1lfECX0nb09ILFiygQbBWFO3cuXNHjRqlJQuiKVB7derUoZc5L7r49u3bWGPaPDQ0FBPD6Kn5Fi72i47mZGHMnN91YHBYk/HELzOw+OXRo0cjq927d3/5jc+3CwwUGsxgYoU5F6ybv78/pcioIsCYhoz4ngGcK2RIMiac1atXT1mqAhSBpySBrVixgqo2MTGZNWsWlNu6dWtNOaHcItcJg1YkRXJuqBxH37FjR0oqt/0gBg4FhjFr1apFn7+SKHHf586dI8RokMefqb6PSKRg3Cib7d279/Tp/6+9c4+p+f/j+HdzmcsPQ4gQosQyt5hLQr6U3DZSLFa55242G5th/jD360gxK9cst3FoyK3cWuWSkMtQcukoym2J/R7rfb6tVXJOpfPp9Hr8YXXOp3Re5/V6PZ/Pcz7nnEBfX1/ujzJuFmNgJonb/F90FaVLT09PSkqiqrgzyots0ArGzOfv4L7IysqibtwWXFtFnnJqRrjV7DVkAzFG/jHL7Lv79+9j84kdFIGal3prcx+F5b3OjqBAnxTNgjTqsWPH1q5de/ToUWSDv8Hf35+m6t+/v5Hn3ZoXKqNEl11PCGYo2P6MZ3x8PJuOb5nBPzq25ORkqk3xEZ4SzpLKj/Xnz59nGN3d3ZEKb2/vDh06lNeMmx1qZW1tzYyzJ5l3ZINK0j8IA6PduHHjggmMhIFC064czCY0XJqXwA4dOrRx48bIyEjuHR8fH6WpdHJZ9kMZMU0w+EN//fpFT0ycOHHcuHG4idI9L8/voaDY/EuXLqWkpNCj+SfpFkSv15PpqC+puVxWOc26f/9+pILxVg+IoXnM9oABA7ADFZnv6BiUkhtO4EAhyK3MJ0pM6xBOVVeVbn6wwww5YZ8m+/fff1EgwxVVAO5B7keqyuKzt7enFImJiYRU3BnJg91t5KOmheA30DO06NSpUwuONPBfoM27d+8ODg5G9TmG0Zg3b56HhwdHlmMsrgDoOrrF0dGRTUfmyK8euovoclvwziX0JOaPrIzq4ISKzbUEvlOnTm3ZsuXgwYPIKkON6QwICGD6ShCYygszThPSjU55r1NGUIkaKMfr169JYDSqag8SBleRtDhMdReLkZCKVGBTsrOzBw8ePHv27PHjx3fp0qV0+7YcMU0wuIXoGw6iV69eZXxwHJvGTkR70Qx+bbFPlH3Mew0k0sJmL6Ng0PFRUVEhISEMNvdN27Zt1WNQXl5eDLm5rA1zhbGiUYii3PzMzEzmE5g9mobpLcWCY8758bNnz3JPeXp6lvtzP9qH1kKM6ShmVZ0pz5Sy1llS2B1qbpKIvn//Pjw8HKsxefJkNze3/D6kzkRDIsXOnTuPHDlCD2OhZs2ahWCwcCtv2ZENdhkhCeVgTBgN3Ay+jaXGPHK78DfFzgtdR0HoZ/ZaoYekaOwrV67s2bNn165dTDRrdNKkSUwfiY3p4380HGeJsOUwhdSEytA8qMXNmzdRVnwh3ci1+Bi6i6nnGOT2zp07rKkdO3bQtDQSVcKmuLq6musxqEKYJhjANJaXHVBPBBFjqZGNjQ2usNCDBixNPI4KuUqNS4FKfGj19u3bz507hwkl1hEs/Pz82Cml/rXlCEXgtvfp04eWQobZUAxVdHQ0Isdfy7XF+rUS4Af5ccYeb1IFBUNB6Vq0aOHs7Iy5odNQCzTjxo0blBebxiVFH1kqFrwevpjfw46jpOpCdToGHcVgY3rYrXPmzAkMDOzbt6+pd5Y2UdWjJ6le69atWXNxcXEs/ZcvX2ZlZbEBWHMcYzg6D2IcqxB7x+LLL4I6teTAgQP45TNnztCNY8eOJYGhvnS7FqavYmjYsCEz7uLi0rFjR2pCoc6fP8/e+/nzJwvq9u3bNCfbjy4lrUZERNCcvr6+ixcvHjVqVH7XaQKMkhnJyMhYtGgRfTNy5Eh60XDpf2Bt2OybN2/+nPdBeKaiXuGFPSRGsHZZE8gS4S42NpY7yXCQlsjNzdXr9bQLXcLIIR4M1ZIlS/iDqYDxL4ZAZannzJkz1Zm7wrdv3wiyEyZMIHWx7Nj+GzZsSEhI+GNV37x5M3/+fOZcp9OpI5l2FGL9+vXqcQYcIr+WVcgaVT9ieXz//h2poJ1QDjY+BWTpHz9+PD09veDrDE6ePNmvXz+E89WrV+oSggUXjhkzhkjHD/bv3z8oKAjtYTDVAVUQKkZ91q1bp2IoqoyQkORQX3IbU29lZcXwnjhxAlNi+BktYXLCKF/YiVSNgEaetbOz69SpU8F8mpaWhrlDTrA5JZ93URQkATtJBN65cyfmSN0NM2bM8Pb25n8x12NQJcNt52ZSh+7du6NtOTk5Dx8+5I8HNhe1atasWSFbVyyYaHwxzUeStchHh02Fu9vW1hbn265du5o1az548IANiL9DUPmW3ijW6jIep0+fRmkIuOq5bqIbxpCtFxoampqa2rNnT/ajeoFFGR+h1TJUr1WrVvSk0kimEq2Nj49PSUmhY9FgldUYYZwyCoow4M9IyXv37t20aRNH2tvbT506Fclxc3PjgFKffWABUDGKQ84glTZv3lyd1KeMHY6E1RQQEEChiKqmbryKwcyCAQQuHAem+N27dxhqdmK+ZiDFTCw9SjQ26XFnftu+ffuQCnwQ/sjDw2PWrFk+Pj44ILaDxvsVSaAm6rkyWopmYvYIGUlJSXxNNf74oioE48KFC9xM9d5BhkurNlSDVUVVMXQ4ZbZeTEzMrVu37t+/T6qju2g8w6F5MMAvXrwICQnhBxcuXNiyZUu2IR0VHBwcHR3dpk0bPz8/pMI97x2kS747LACKUL9+fXacgq9RCwpITV6+fMm1KDFdd/PmTSpJf6Kya9asIXjRrswdsZ7QjGyU8ZlIi0E9eEDIYMZpLbSBohHFkAr+VYHDcKjGML9gYO7IZWjD5cuX+Zp5JnOoqzB0dB7diWcx8nVPqE7+02sMPNFEPWs0ZMgQVqdm74ai4NqwdVSDwMGm+/HjBznj+vXr3CjCE7mBCw2HFiEzM5O68QWCwTpTFwpAg9EGmGXGFeuAmaCqJFHa7+vXr6yzRo0aqe2PYERERJAnSA+9e/eOjIzcuHFjeHg4NtDT01O9GhmfyEJUv7mKQNex47p27aqegXj06FFUVBSJLTc399mzZwgwsnHv3j1K9+TJE2zyggULUNaiT4ML8L8CpzI7OzuPHDmSzKrxqGp+wQAkgZDB3NJz1A63oob206dPV69eRSpUyFUH/w5W6t27d0NDQ/GAbAEm39vbG284btw4GxubSuoBkQ0HBwcXFxfMCN6NhMFMqrGsXr06t7HYOczKykI18X0kKsTYcKnwH1TG1tZ2wIABzCpVxWTQe+rVVVyLkFB2HPS2bdtoSBoPH43/SE5ORmmIqnPmzCn7WYKVGmpCQ5L7ccc02+PHj0ld5GDcDIEDkBN0gmBRAZ+LV9mh2Shj+/btTXoQxVxoQjAAzWAJEjL4Gj+i8gRDq16HweLjgLwDi+fz58946k2bNoWFhdHBCAxTHRAQgPxo8+kKk8DGsuDwazRWRkYGWywxMfHOnTvcUgpFnxW6jXq9HmtMECFh/O23O668UDScBOmB7UaeSEtLw3CgDVQV+0LjqRfr4JSTkpJYkePHj1+8ePGIESNKyHZVirp16+Jm1CslX79+jU4Qv0hpJLBly5Z5eXkRkQ2HCpaCVgQDG0LCxTsnJCTY29tj/bgQx4fvs7a2xmKXEGkfPnxIsNi8eXNMTAyme+LEiUiFm5sbyxQvaTioksMNQTbs7OyYT2QjJycHwaBWkJ6ezug2a9Ys/8YyvTqdji9cXV1laEtAVbVt27ZEB0dHR2IoVcUpq8CBhHAM8oBIzJw508fHxzL8RznCzKIWlIXqob7Y5OHDh/v7++NUuMpwkGBBaEUwGF2ccmZmZlRUVG5uLpGfdf/lyxdGly/4tthgSyg5fPjwhg0bwsPD37x5M2jQoPnz5yMYZBSLfHqNIWzRooV6HRDlevHiBYIRFxd37949rkUz8s+Jun79OnZPEoYxVKtWDZ/ByqOw7dq1+/TpU2xsbHZ2du3atYcNGzZ79mxfX18ybqV4xMAsUCisTOfOnXv06EG4J7FZjFETCqEVwYBatWoxtw8ePLh9+3b9+vWdnZ1xc4QG5rlbt26FxvXjx48sSvV+v3fv3u3YsSO+Ztq0aepDSS27X5lPcgNRAzFAQlhw+OLExMSUlJTv379TNJbdtWvXSCEIbRtTPnS6KkO8aNKkCRVj3zVo0IBWHDp0KB01evRoKyurSvocWEWCpSON5Z+xIlgkpn3i3t8GUxwaGrp8+fKmTZtu27bN3t5+1apV7MTAwECsnzqG/PH48WOdTncm71NIsdWkYE9Pz6rwVt5Fef78OWEC7YyOjk5OTra2tu7bty9De+HCBbLI0qVLhwwZYjhUMBq9Xp+amkprUU8xy4KQj4YSBjCctra2GRkZKAFK1rx5c7xznTp1+vTpo570/vr168WLF9Xbkr99+xaRWLRokZ+fH3G4ap7iTZxydHREJLp06UK2QEpjY2MTEhIojo2Njaurq51xnxIsFESdF1+vXj1RC0EoiLYEA0gJjRo1evLkSUxMTGZmZlJSUuvWrQcPHlyrVi32YHBw8Pbt27mKeZ4yZcrcuXPVCVRVebCrVatGcRBadXb8t7wPiM/JyXFycvLw8JDTagVBKC+09ZCU4sePH6GhoStXrszOzubPmzx58vTp01NTU7du3RoVFVWjRg30w9vb283NrdCrc4Vfv37FxcXpdDoUl3jh5eUlT9UKglBeaFEwIDk5efXq1WFhYXxNhrCzs3v27NmjR48cHBxGjBjh7u7ercQPVa7ipKen6/V6KysreV8QQRDKEY0KRk5OTmRk5IoVK+Lj4/m2dt5HkYwaNcrT0xOpkHekEQRBqHg0KhiQkZEREhISFBSUlpbm4eHh7+/v4uLS4DcfpC4IgiD8bbQrGPD06VOdTpebmztw4EAnJyd57aggCIIZ0bRgwIcPH2rWrCkf6iAIgmB2tC4YgiAIgkaQNzwQBEEQjEIEQxAEQTAKEQxBEATBKEQwBEEQBKMQwRAEQRCMQgRDEARBMAoRDEEQBMEoRDAEQRAEoxDBEARBEIxCBEMQBEEwChEMQRAEwShEMARBEASjEMEQBEEQjEIEQxAEQTCCf/75P3eSZI0qm7cYAAAAAElFTkSuQmCC</file>
    </questiontext>
    <generalfeedback format="html">
      <text></text>
    </generalfeedback>
    <defaultgrade>0.0000000</defaultgrade>
    <penalty>0.0000000</penalty>
    <hidden>0</hidden>
    <idnumber></idnumber>
  </question>

<!-- question: 130242  -->
  <question type="description">
    <name>
      <text>Questions 16-18 Example</text>
    </name>
    <questiontext format="html">
      <text><![CDATA[<p dir="ltr" style="text-align: left;"><span>Use the following example to help you to answer questions 16-18.<br></span></p><p dir="ltr" style="text-align: left;"><span id="docs-internal-guid-1d86b635-7fff-ffcb-5cfa-a8415e956fbd"><strong>EXAMPLE QUESTION:&nbsp;</strong>The image shows five views of objects. <strong>Select TWO </strong>of the four right-most rotated objects whose shape matches the leftmost object. In this instance, the answer is A, C.</span></p><p dir="ltr" style="text-align: left;"><strong><img src="@@PLUGINFILE@@/16-18%20EX%20%281%29.PNG" alt="" role="presentation" class="img-fluid"><br></strong></p>]]></text>
<file name="16-18 EX (1).PNG" path="/" encoding="base64">iVBORw0KGgoAAAANSUhEUgAAAwcAAAC5CAIAAADyEtSAAAAAAXNSR0IArs4c6QAAAARnQU1BAACxjwv8YQUAAAAJcEhZcwAADsMAAA7DAcdvqGQAAKNvSURBVHhe7Z0FfNRY14d5l8WtxYu30OLuUNxlcXf3xd1lgcUX10UWL+7uxaVo0eJuxX2/93uYE/IO7XRoO5npTMnz+1EyN5lMcu895/zPzU3yn//+978RdHR0dHR0dHR+en5R/tfR0dHR0dHR+bnRVZGOjo6Ojo6Ozld0VaSjo6Ojo6Oj8xV9XpGOjo6Ojo6OOW7evLls2bKUKVMePHjQWDbEjx8/TZo0586de/v2LR9TpEiRKVMmb2/vJEmSFCxYMEeOHLKZA6GrIh0dHR0dHZ2viCT49OkTymb//v0HDhx4+fIlJYieO3fuRI8e/dmzZ8ayIUqUKDFjxmSbL1++8JEN4sSJ8/Tp06hRoyKYnJ2dZZv27dsXKVIEqfQfA4av2im6KtLR0dHR0fl5effuHTLow4cPZ8+e3blzp6+vL3qIkn8NRI4cGYnz66+/RosWLWLEiGgGBFCkSJGULwcBOonvvn//XtQSO+G76KEmTZr06tUL8cQeKGSfsr39oKsiHR0dHR274NmzZ48fP1Y+BMHdu3cTJkxIQHVycnJxcVFKdUIFquXkyZMbNmy4cePG6dOnr169KuVooIwZM1K9MWLESJcuXZYsWeLGjZszZ05nZ2fUEm2ULFky2dIk6IrVq1c/f/781KlTT548QR75+PjcunVL1kaJEiVXrlxJkyZNnTp1/fr1kydPHjt2bFllD+iqSEdHR0cnzCBkXr58+dGjR+fOnSN2Xr9+XVkRBL6+vm5ublGjRiVme3h4UFK4cOGIESMikojfdjj2YJ9Q4du3b0cSbdy40c/PTwoTJ05csGBBqjFWrFjFihWjeqlVWWUJX7582bx585kzZ2i7Bw8e7N+/XxUeRYoU4efy5MlTpUoVhJcUhi26KtLR0dHRsTX+/v5Hjhw5dOgQf4nQb9684e+7d++U1SEhVapU//nPf9BD8ePHz5kzZxkDyjqdQLx69Wr16tVLliw5derUs2fPpBBpUqJEiYYNG6ZMmZJq/PXXX6VcWx4/fvz69etbt25duXJlxYoVNL20uLOzc4UKFTp16pQrVy7ZMgzRVZGOjk74RCZGKB8iRPj48eP//d//KR8iRIgaNSoprEx6IAZEihQpYsSIkSNHlrU61oDafvv2rY+Pz4YNG+bPn08DCcpqA+pgD+0VJUoUWWbhl1++e44MTckGLLDPz58/SyHQjmxM46ZJk4afSJEihTSusvonRmb57Nu3DzkCLFMz7u7uNWrUKFmyZObMmak3m4200WocAC04ZsyYmTNnoo2QItGjR48XL179+vVbtGhBw4XVpGxdFeno6IQfCLpPnz798OHD/fv3Dx48eO3aNWVFhAhbt241nrNSrVq1c+fOyUSKtGnT5smTx83NrXDhwrKWgEHGjI/mb4B4rBNSaJQnT57QLseOHfvrr79oFDXuxIwZM0GCBFQyC3xEmBIUZdXGjRvLly8vlV+2bNlEiRJJufD8+XOkFQuXL19mt7LDhw8f8lu3b982bPK1Edmbh4dH/vz5kyRJwoKd3/1kPd68ebNnz57Jkyfv3r2bKk2WLFnSpEnp84iSsO3eNBztRa84c+bMzZs3b9y4QSFm2L179xw5cnCQspkt0VWRjo5FvH79+vTp08oHIyJHjpw3b17lg46VwZ/euXPn1q1bx48fv3TpEiHzxIkTyrpQETVq1PTp06dLly5Dhgxk0gRUO5n04FjQEGhTOHnypK+vL1JVyqNFi5YrVy5XV9fcuXNTw5A4cWJZZQk+Pj6PHj06cOAAnYEOgOSVsUDgh2rWrFmhQgV+S0p+Hs6fPz9r1qy1a9dSLfgl8oFWrVrhnaJHj65sYR+g25YsWbJy5coXL16g1apUqdK2bVuOM1asWMoWNkFXRTo6IQPnQnKDo5eP79+/Nzk/lDw1bdq0ygdDlM2ZM6eLi0uaNGmyZcv20+as2oL33Lx58/bt21FFT58+ffz48ZMnT5R1ESIQd1OlSqV8iBChWLFi8ePHVz4EglT1ypUrskz8BlmmpTJnzkzO6u7uTmQF42bVMQO6ZODAgRcvXkQMqZfJkiRJUqdOnUKFClGfKKF48eJJubbQGZBEiIDFixcjlB88eEBhpEiRihYtSqytXr16gJGncMzkyZOphKNHj7KMDB0xYkSBAgVSpEgha+2Nly9fzp0796+//sLH4kJz5Mjx559/YrnKapvg8Kro/wywgPOKGDGiFOroWI50LQzk33//JfvctWvXvn37yESJxJ8/f37z5o2ynQG6H8hYtCzL1/nIHoBVZGbYeZQoUQgGDRs2TJYsWYkSJeQWD/kuf7/uS8csNMeXL1969OixadMmFnCjr1+/pqqpW+oQyVK6dOnGjRs/f/48Xbp06sQUiBkzJtsoHwIhsxzU5Q8fPhDUBw8efO3aNWlK3Ast6OzsXLdu3RYtWiRPnpz2MrPDnxYaiDyBYEzSL3KEqqMhypcv36FDh9SpU1OHMWLEkI2tCnbn7+9/69atOXPmLF26lH5CIflJ3rx5K1So0K5dO3SS2Gz4g3NHFM6ePXvGjBloRDpqo0aNevXqhRi1cz+D6T179qxTp04bNmzA7uLGjYs5o2Xz5MljG3NzDFVE/kftsIAHxGGxEC1aNDr3q1evDh8+7OPjQwkpeOHChWVWHatix45N7NHDjE5IIamlX929e3f//v2XLl26ceMGkohe91Xa/Pe/mGjkyJHjxIlDH1O+YEBu3CCzocshd+h7x44dk57p5+eHkCJUsFuJuzK7hS0J4STNxAwXFxcWPDw8CB5Wyp7DAUhSNAradOHChZcvX6YCMfMECRIgVnAICM3cuXPnzJmTclC+YwE0N27nzJkz5NkXLlzw9vbGWRNl3717RyitWLEimXfbtm1TpUqlz9EWqDH0EJH4n3/+efjwISXYS8KECX/77bf+/fujhMJKgtCOvr6+e/bs2blzJ61JO1KC0Q0cOBANjcANZxk1+o/IOGTIEP7iT9zc3Fq2bNmsWbNQ1z95IGkG3gmLs00j4jBprHHjxh08eBD3y083adJk+PDhNriQbaeqCBmEzuXYaN2bN29u3LhRwglh5t69eyzQj+nTZ8+eRVcavvEdxKSsWbOiLsU5kjKSkVMia3V0TIIdXrlyZdeuXcS/tWvXqiMHQH9Lnz49UbBgwYKonyxZsoR0GqA8NxY9RK/esmULTpmeTICX/FUoXrw4P9SmTRv2b2+X/MOWBw8eUFfLli1bt26dlGTKlClDhgylSpUqUaIE7SKF1gahTN8guCKSZBSE9mrdujVZLCmZ8bjUTwjS/8iRI2PGjNm9e7eUVK5cuUaNGuXKlbMfof/mzZu9e/euWLGCviQX9bJnz96oUSM6UsaMGWUbRwfNN3r0aBoCV0PgQ1g0bdrUkjzh/v37ixYtIjlMlChRyZIlqajMmTMr66wMMmD69Om0F7klLrFx48YdOnQgmbSqMrM7VUQtLFmy5MSJE7du3VJVkXF8CgWoImdn52zZsrFMKilPqZJVOjqACj9z5szq1auJdihvdaQddZIgQYJixYrJrFttoy+qCAe9cuVK8rCrV6/KpJZIkSLxQyj4Vq1aFShQQJMxD4fmy5cv5Lvz589ftWrVy5cvo0WLhkcmhpUtW9bd3d32s0OQznik8+fPr1mzhgOTViMXb968eZ8+fX7a9rp+/fq0adOwILmHCKtB3NOHzT8BOaxAN2B3CxYsoAX5SKuRkPTs2bN06dKygePy/PnzUaNGTZw4kaBJsKMJ6tWrJ/f3hQ4kETWzePFi+ZgwYULsDuvDBnGPNriTH6s/fvw42m7r1q2xYsXKkSPHhAkT0LLKaisQ9qpIDoC/ffv23bFjh7yC7t27d6p/kQXalWzMpI3FiROHVS6GR7+Ti5Pls0AuPnfuXP6q+/+6qeFpUVhstWrVyPDkiQjqD+n8hNAxDh48OGDAAHSJeoMMZt+pUydPT0+6VpQoUeJb7Zlm8OjRI46BX9+yZQsiiWybQkronLVq1cLB/bRdlEpACW3cuHH37t3UEtoxd+7c3bp1y5s3L67ZBu7YPIQfOkz//v03bNjAocaIEQO5hmNp0KABWu3naTLO/dq1a7hTuu6HDx9wsG3bti1RokT+/PkDXGW2KwgNd+/epWuNHDkS66O9MmbM2KVLlxo1atj4jietoCFOnz7dq1cvHNqnT58QLizny5fPEt/FPseOHTt48GD16ZrSsWlZbDBXrlxFixZNmTJlhQoVvjopa/b5W7duIYymTJnCIaVJk6ZZs2a9e/e21i/yG2ECPo4EfcWKFd27d0fMJk2aNKIBJycnVAshoW7dumPGjEGiPnjwgCaRuZB8yySifoAFKaFb8C1AabEfDw+PVKlSIarixo1Li/JD/CUp79ChA1kOqQNfkT3o/CT4+/vT9KT4kSNHxrr4S68jtaLLEYO/fPmibGcTpN/SydFGPXr0IBMiutBL8dQkRhcvXqQnK5v+BLx58wb/XqlSpUiRIuHT8QmJEyfGVBEi//77r7KRfYBT8vb2RhPgXhDQHC2OBS3LoSpbhGs4zfLly3PiWBApBBqRtJaerDpkO4fudOHCBZwAQYdToL/lyJFj5cqVNKuyhYPAAc+ePZuG4BTixYtXp04dFKqFrcAeJk2aZHzbZvTo0fFOw4YNK168ONI/ZsyY/ByekxSlatWqcnnHeiAYkGhIol9++YXO1rFjx5s3byrrNCUMVBHxxs/Pb968ecWKFcPvS3Ujz9OlS4cAXL58+f79+60UAx4/frx58+YhQ4agbV1dXSWVoVHLlSs3ffr048ePy7QPnfCN3M5du3ZtmSRLNyDLJ03EPypbhDX37t1bu3YtskBemkjEJV2zkguwNy5fvtytW7ckSZJ89QsRIpQpUwafcO7cOWW1vYJyJcFTryk0atTo5MmTSARldbiDMIy91KxZEyFIaMR7z507lziqrHYoUA87d+7MmjWrtB3BaNasWTKI6xC8fv162rRpeDOJZZyL5Uk+7UtMRCxSIXHjxpVbZYsWLYprkg3OnDmD+q9Vqxa/KJshjGyghpEHuG5+Dvr06XP37l1lhXbYWhVRaxs2bKAe0XpyYlQ3tYkG3LNnj7KR9Xn16tXGjRv79etHLq6OwmEVTZo0Wb16tb+/v7KdTrjj2rVrAwcOFCOn6ekAdIODBw/aYXaIsxs3bhzJA7qN2PPbb785lrMOBTgBnIOYpLu7e69evW7cuKGss3s+ffp05MiRAQMGkF6T7+XIkYNla3jtMAc91LVr18KFCyMjSNxZ2L1795s3b5TVDghtd/To0fbt20segg7o0KGD3PFj5xDLJk+eHC9ePFxE2bJlT58+raywDB8fn4QJE36NixEi/PXXX3/++Sc/QbWg/pUtvkG4JI2JHj06moz+r5Rak/fv3+MMOTAOCVmm+bi+TVXR4cOHq1evrj4/ys3NDbFJQLp//36YxCQyubNnz3IMJOXSA3DHLi4uqLSJEyc6tJHrmARJ5OnpKXMP6YdeXl7nzp2z54QeZ339+vV58+bJ813IJfLmzUsEcpQrFCFi165dKAmiLJp12LBh+HdHHHugOy1YsEBu0kHO4rWJW8q6cAF9L0+ePJyd0KBBg8uXLyvrHJynT58eOHBAZvLSdjVr1nz58qWyzl7Zv39/+vTpOeBEiRL5+fkppRbTtGlTQ/NGaNasGR349u3bRYoU4SMRU9nCCEw1Z86cZAKdO3dWiqwJPZAu17x5c2dnZ9zF8OHDlRUaYQtV9O7du0uXLtWoUUMedYCodHV1lSsCOH1lo7ADQUZSvnHjRvwX2iiK4TWEmETp0qX37dunPqhGx3HBimjHOXPmpEyZksZNnDhxv379UEj2NkklKD5//rxhwwbRcxw/2ohQdPLkSTsc3wodz58/nzBhQqxYsSJFioQkkjtolHUOCO31+PFjXFy0aNE4IxKtsWPHor9tPFlNc7AXzqJx48bEPxJIDw+PadOmvXjxQlkdXrhx40auXLkwtF9//bVcuXLk7fbZcDQH+RJRlT6GPti0aZOywmIOHz6Mk6GVmzRpcvfuXfwnwgjFQ5107NgxcG1wJHXq1KFLoM9sI5E5JHTFiBEjcIl4jFGjRll+0VDFuqqIUHTq1Kk2bdpQm8hMfETGjBlJpEh/lS3sCYmdQ4YMkdvZAAHXpUsXZLKju7OfnKNHj9KOiCHalJxm8+bNtLWyznHgmLdv316wYEGcNScSL168oUOH3rt3zxHPRQWLu3jxojyDgISkUqVKJOsOfUYqyAWCVp48eURDZMqUaefOnY4ixE2CJCpUqBB9D3+eOXNm7EhZEe7gTIsVK4ba4GTJ4bE7O5TpZ86ckVGivHnzajhKhEvJnj07Tcxuja/HobrIKvnFp0+fKkVGbNy4Ue7v9vLyUopsQokSJTCu1KlTr1mzRithZC1VhPFToX/88Yc84iWy4U2ZCA4a0s5dHgp01apVVatWlSNHiZMurFu3zqHd2U/Ls2fPSGelKcl+mjVrdunSJWWdY4K/Hjx4sDoZuXLlyt7e3so6R0MuNsnYe8KECfv06XPN8Db18ISPj0/fvn1FkRctWpSPygpHw9/fv0WLFtLrSG4RCsqKcAot1bFjR5l/jaLdsGGDPVzZUCF5kCfp07VmzZql1bXmN2/e9O7dO6oBeQ6kCrml/GLXrl2fPHmilH7j0aNHuXLlItD3799fKbIJiDC8B22EwMATaqIurKWKli5dSh3JZAgUN/WLHnKgu4tv3769e/fuUqVKffUBESIgRRs1anTo0CFltY4j8Pz58wEDBsgsoqRJk9IJw8f90gh08jY6pDz8Hlc1c+ZMh7t9khizePFisk9OgdjDKYTXmXyksPjDLFmycKb58+d3xCGWL1++IBHkQT5ubm62vDMmDHnx4kXjxo05ZUiXLp39zOdDlNSuXRs1ECVKlA4dOpD7KSssBukjjzsmdi9cuFApNSCqiFVYa5kyZYYMGRLA58yZMwfNxIHZ0s1SFfRMQxN9fUw5MkNZYQEaqyI6zfXr1zt37hw/fnwqiDarUqWKvJdD2cJx4Fxu3bpFWJW35PxiePHk+PHjw0dkDffIrRmpUqWi4cqWLYsfD09TxOicuOxFixahKuichCtSJQcah0DYrVmzxtnZWbzEggULws0cKZMgjP7+++8kSZJwvgh0eqYDXZTn4Nu1axc1alRMqWTJknQzy8UBp48sptHZuSwAFkrmDCzbSf08evSofv36nDhB18XFxR7uzHj58mW3bt1kECtr1qwazut6+vRpgwYN5AK9k5MTMkhZYfjRnj17Ro4cmapgA3wOByDvQSLb3Lt3LyGeumJtnjx5Tp48qXzNJrx+/RpPyMFw2JkyZbJ8SE9LVYSpXLhwQR5zSe2QFR05csRy+wlbOP4bN2706NFDrsJwat27dw8391yEV5BEpDIScatXr+6gj1H5IXROggfpLBGLztmlS5fA983aITTHihUraBrca758+c6dO+foXiI4cI7Xrl0rWLAg3ZKkcezYsaS59n/iJIGdOnUSSVSsWDGTtyCFlJs3b06dOrVWrVpVq1Zt06ZN8+bNS5QoUalSpbhx4/IrMWPGLF++/J9//mknDzV48OABR0jiQcMR3az9rELzkE5s2LBBXsLo7u6u1UwaYM8jR47kHNkzGI8V8SsjRoyQVdWqVZsyZQqyLHXq1IkTJ6axKAcOJmfOnPLdGTNmyBdtBnZEZhUvXrxIkSK1aNHCwsEzzVQRh4Wno9NIvVSpUuXw4cPKunDBiRMnsFu5HINCd4jw83MiF84w1OjRozds2DB8P+AHkIDoIZlplDFjxgMHDigr7BKy7X/++UcehIEn3bFjh7Li5wBhhAL46iIjRPj9998/2vcIGV1r4MCBIggyZ868bds2ZYUFnDp1ytPTkx1KJZiB/NNORoxwKZ07d5bcA2kYhrPfrly5IoMizs7Oe/bs0VBVnz59WmaXJ0uWjDBH0kLTy6p3797JlW4Cn/osWSIg+mz06NFlypRRpzkKtldF8Pjx47p160aMGBE917dvX0uG0DRTRfPnz5eqIQ1q1KiRAz17Lfjcu3ePzIZYS45LNuO4s1zDMWQJSCLaCKtGEoXLfhgYf3//uXPnynMHcufOvW/fPmWFnfHhw4d169bJxAVi7fTp04m7yrqfhnPnzhFIxFVOnjxZKbU//v33XxpLXj2ZJk2anTt3KissAHnRrFkzuUajkjZtWtJpwfi93YkTJ7Yf1Xj9+vUiRYog5qJFizZs2LCwuhzfq1cvaiZu3LiDBw/Wdh5ejRo1OLv06dOTtFSsWBFPgniV282mTJnCj2K2W7duDTA6RSehZtavX9+iRQu5qAdhoooAoUZayAEgRfbv36+UhhwNVBG5eIcOHWgn6pTkb9GiRUQm+x8ZDh30khEjRtD8aFLCz9KlS8Pr1RlH5OXLl2QJJDqYdPXq1cP9KJExxI+NGzfKU0Zy5cplhyO1ONCVK1fisEhJM2XKdOrUqfA00yv4UA9nz56VOzkSJEgwceJE+/SWCNbixYtzkG5ublrd3XPixAk6J/tMlCjR6tWrfQxcvXr1wTeQjOowElZs4xkq5vHz88uaNSsHhpxdvHgx7aissBWIDxlkrVKlirYX8v7++28nJycyyT59+nz69Gnq1Kkse3h4HDx4cNKkSfRSfnfhwoVmpuygd0VAFy1aNAwvpNBhECEcRtu2bUOtGi1VRfzwvHnzEPV0ZZIAJILt+4qN+fLly7Zt2+LFi8cp498t0aQ6GoIkIn9CE2AS5cqV+wnVKqa3Y8cOud5BzofsUFbYB3fv3pWZB5kzZ9bEb/p/4/bt2ySsKvb8sHIBhYEUKFSoEIE/TZo0GzZssDe3icjGiDi8GDFi/Pnnn5roV86RnFniOj3BpMwio1ZVEQv8tLLCDuCAvby8UA8cW5YsWWz8XsLz589ny5aNOiEbR59ppaRplF27dsmj2FOnTi0PLiHGkV/xW7Vr186TJ8+vv/7auXNnM1czP3/+jJyKanjteteuXbU6tlBAvx0/frzMB//nn3+U0hBikSpC2nfq1EmeeUhT+fr6KivCO/SPNWvWqI9iQlD/hBcC7A1yGvGnGTJkQKqGoWWGISRzI0eOlCdipEuXzn5uC0CzFi9enAbCXUyfPj10UZY2vXfv3oULF7Zv3758+XJcdk0DpCicr0rv3r3JXJXv2DHq2EPhwoWPHz9uV8KIiEIvIuvr2LGjVnc5PXz4sHr16pwvEWv9+vVK6ffMmjVLrBhYKF26tLLCPiDXovdKfytQoICG93+ZB/Np27YtP4ry+Pvvv5VSLVAbBQU8YcIEpfS//1WnTkPSpEnNTKVCiGzevJk0jPbKnj17mA/vXblyBUFPXEbqhe7hlhapohEjRkiteXp6Hjt27KeKQ7j1TZs2lShRAsdBhxg2bJhDvEowvIJARwzRFUmntmzZouGtGQ7Ho0ePWrduTUjDSVWtWhUNoawIU9CsMWPGxFX9/vvvr1+/VkpDCCKvVq1ahQoVkvGGoOBXwmpmQ0ihr8pzjIoVK3bu3DmlNKwhsIk1pUyZUpPpRIDmw2E6OzuzW1SRyXBFhJZgnC9fPrnQliRJEvupFgH7QqBEiRKF/hzq0YiQcuLECeknxHulSAtoFHkmNXsO8JrVfv36USg0aNBAKTUFgqlo0aJsRiicOXOmUhqm7NmzJ23atHSzxo0bm3wSt3lCr4rk8RvRo0dv37499WJmeC0cc+PGDXnieKxYsSpXrqwLozDh/v37devW/fXXX9OkSbNr1y7Ln1fh6IgwwnHjp5o1axbmD3g8c+ZM7ty5MZOKFSvevn1bKQ05ki4LCD5cHvTt2xfPvnbtWjc3N1nFD+XPn98hXlaP2/Ty8pInX3Mu9pBY3rx5s3bt2nINomHDhu80evQuaWSFb3co00A5cuRACAYgT548KFpiysiRI2WmCwF7xYoVyi7sBrpW1qxZf/nll4wZM2pyX555Pn78SFIhd8Bpe1ncuFECvO7eWBVhWfPnzzf5Pnzyzzlz5sixDRkyxE6umXBe+Aq8n8wAU0qDTWhUEaa7YMECJBGW065du9ANhocb9u3bV7hwYTwIeHp6htfn89otaCAMmK4YN27cw4cP29VliDCEYNa0aVP8AowbNy4Mkxb8Ju4S6yDaHTx4UCkNOUirhAkTElBTp069bt06DO3r8/7evfvw4QMeiYwwveGdULFjxyay8nNdunQhnChftmOoH0KOi4sLocX87A0bQE3u2LFDbsNOnjx5qEf1AoNypSt+jbE/wsPD4+LFixcuXHB1daW5GzVqpOzCnsDV0NM4vNKlS1v7OjU6VQaKEKkazpmj44n8lWo3fio0xiXDsdgRrcZpRosWjcw/Xrx4HTp0oIegfrA7fO+VK1ewawRi//797WoaiY+PT7JkyTjyatWq3bt3TykNHiFWRZjN+fPn5c7SXLly2UNyE+bcv3+/fPnypOa0QYCnpOtYFQxbnb/ZsmVLvTcaQ3xt0qQJNUMCs3LlyjAJt4hUFIyMhdStW9cSzYq2wzXjl+fOnasUGXHp0iV+wtnZedeuXX379sWDJ0iQYOnSpWErMoLP+PHjObtUqVKF7VMVEJdyNYQms0TCBuDhw4eJEiVitzhJd3f3IkWKFA8EolZkU+bMmTmMU6dOiTirU6eOshc7Q140QUUtX77cet0Mn4bh8EOIZg1ftEI6sWLFCoQdexYmT54s5smqBg0aoIdYW7VqVbKLfPny4UOU7QyNSAv26tWLToskQlflzZv3xIkTsmf7gVjM0caPH3/JkiUhaqAQqyK0KuKdH8PpGD8R/CcHp1ysWDGqBVG/d+9epVTHypw8eTJTpkxUe6lSpbS9HZRckPgk0KB//PHHMAOzZ8+28b0nlnDjxg0yb+oHp6ahSw0+L1++zJ49OwdAzLNk6uGLFy8kWtPcV69eVUqNmDZtGmuxQRJ3GT7kY6FChezQWZsE3UBmxTGXLVs2dFNENQH1zDFA9+7dNbwIMGHCBMInu8VOEVsmr3EjdglgbMNf4pm3t7fc6V2iRAlLrrpaD/okYo4jRMYFfluqVtCB5foUQkTDp0euXr1angaJxJF5RdWrV0c6vHnzZs6cOUhYfnTIkCH+/v5sfOvWrbVr1/bv379WrVqFCxfOnTs326u4urquWrXKDi+SIO/E+VSpUiVEswhCrIoGDBgQJ04csnPMRsPx1XDApk2biD2/GF4EEyYR6GeDzEbGQvCbPj4+ll87O3LkSI1voG4zfENurzB4gK+vB6oQ1k/9Dz4fPnyYOnWq3DKDL7P9Y68lXQPSSkvmex0/fpyGIH+tX7++UmQEYkvcnzqVG+Ukz4qsV6+eowwXnT592s3NLVq0aF27dg2TixFUmjwED/e+efNmyw1KhVbAMXJqQd1pT6sRUIjQ/Pqvv/7aqlUrAq2MT6CD7fNx7dTPhg0bEiRIwEH27NnTGgPV9+7dQytTdbFixRo7dqxWV4Tv379ftWpVDpsKJ9+Te9A4EZQN2lTUUqNGjQLfYSd3gOJsBw0aJBI2duzYO3futENJBDTQ+vXrEydOTO1NmjQp+P05BKqInaIWY8aMSWCYOHEidms/Fyw4Enzu11kGBshy+KihVQcHfnHcuHEyp6Fly5YOcW+wQ0MrY5MY599//215W3/+/DlVqlTYuYBrjhQpEn48AJTjpMqVK2ef+WtgMAdCERXFYZPq2dIo+K1KlSpRmST9u3fvVkpDxahRo2iO6NGjB348GLa/ePFiUluU6/Dhw6UQJbRgwQIcIuUdOnSwH09lBnrgmDFjaCZOc+nSpTY+Zn6uU6dO+C7aCxGj4Qx9NI1M+ULlkDoqpd/j5+cnY+1C/vz5Fy1aJI8+ofz69evKdnbGo0eP6tatS8cj7mo+d4IWIaWJEycOlVCgQAGtZi/JE31k/IkWx4uit+h1MgVHsousWbOinJQvBEIsTjxhr169lFK75M6dO6VLl+aMPD098YRK6Y8IgSpavXq1i4sLdVe0aNGQTl+yKniTgwcPInhRvrQTkHI1adIEt3jq1Cm07d27dx8+fBj8Sgk1hAG5vEgtLV++3May7KeCPKZmzZo48QoVKmjSG2fPno2ipe3A2dmZ+ESHpwUDMGLECPwU/PXXX47yoEi8GBknfTJlypTr1q1TSq3PoUOHUGO0UZs2bSxJEqjnHj160C7sjawUt/7kyRO8NjkrBs4ZST7t7u6+z2hSjoR5fHeiRIkcZewWNyV3U2bLlu3ly5dKqU3AhaZIkYJKJu/V8D0ktF2XLl0MVvU11qpi6/Xr13KF7unTp9jv3Llz2YBQncHwRIBMmTJhaEmTJkUgIojlK/YJmk+OOUeOHNo22c2bN+WiaowYMci3lVKLYbfy9Ge83IMHDyhRHzgukGceO3ZMNjYJ+kzu9+Tw7HOUyBgcNYeKf+jXr59S9COCq4oQFjLmRnWsWrVKKbUPOLbKlSt/bU9T0MbFixcnZ6VScKByodR6YPZ58uThd/PmzWvtexN+WjBFGf9AnWj1yJBZs2apqqh+/fpBXR0m1vLTcePG9fDwcKB5dfhumbtaq1YtX19f5J2ywpr06dMnUqRIadKksfCNgUeOHJHZUTQQ+xw+fHidOnVE5xmaSyFhwoTLli1TvmNgzZo1coGDJNhRLvefPHkyd+7cSEk6pFJkfd6+fdu4cWMqit+tXbu2ha8cN4b4KjEYED3sfJqBrl27Dhw4kIWGDRuWKVNGXgJfqFCh27dvy80TQuLEicP8qYDmQdXVqFGDenNyckK7aHiPmCpWkMhmRm5CysyZM6Vu27dvL0dLxoKBSGG8ePHGjx9vZgQB4d6yZUu2xP06xAvg8QlysS958uTBnLEXXFVE3kwOwa41FK1aQb4oah3/W9EI4yFZIUmSJJjl2LFjrTcv5MuXLySs+fPn5+eqVKniKNdZHAvy2ixZshAUcaNaXak0VkX4cTOzdMlxcehs1qxZM0eJtSBTfLDiwoUL2+Dy7qVLlzJnzowq6tu3r1IUWkhmDM3yHVi3mHmvXr1IeKTtGjRogNdWvmakigi69pbLmWHp0qXIbpIrDWOheRDKRYoUoaJQJMePH1dKLebz589qDA4OXbp0oWdK+g0YOCam7MuOITuSqXvZs2c3P8oSIuix9F4qoXv37kqRxZDU5cuXT6p3wYIFanYkEzQBv2r+3sPRo0cjAWPFitW5c2cUoVJqxzx69Eiu42NTK1euVErNEixVhHGKzaRPn97Y6dgDnz59mjhxIj6R3nPo0CEOT+Xu3bunT5+eMWMGYsg4rYwRI0aBAgXQLlbKmPEFkydPRkpzVIRPpVRHI8hvCLSE219++QWxrpRajKqKpKugngPM0sWhAH0GVTRhwgS2IffFmzjKZN4XL17IgDzY4NFzI0eOpD7xRJYrMFSRar+44xYtWuzevVsuiwP9gdSWErZB823dulW+xar69ev/angcC6tcXFwWL17sEI314cOHtGnT0sO7deumFFkZlFCuXLmoJW2nidD05C1S/1gr0TQwlBsa9itDhw598+aNGBfwrfHjxyv7sm8QLhwwTYbUUIosg17dp08fqYQxY8YopRaDB5OMHTZs2KAWykgh4NPSpEmTNWtWWmH9+vXYC+D0DM7v/65fv06qwyH99ttvNsistOLAgQNoAOI+kk4pMsuPVRHNg7rEueTIkePs2bNKqd3w6tWrevXq0ZzodJMDv7QoXgZrl1anapycnGhXXHa7du0Qksp2mnLr1q2iRYti8BkyZDB+OpaOhWCZyFkJdWXLltVwZg9Cli7h4eExbNgwLJ/lli1bfn31qL8/rYk72LJlC1GqXLly8ogO6U74waZNm9p4CkioOXz4cLp06ThskhyrHjOKRB6yQmUqRRZw7dq1ChUqSPgkMTt//jzdQFn3DaIp7UW7ZMyYUZ7R4O3tLc++S5YsmbiIWrVq2WByoSa0adMGH4UP0fBmbDPMnj2b6uUXLbzWGYBFixaxTxqlcOHCCHHSicCcOnVKrkJA9erV0e5Hjx6VjzhqucRj/3DYpMEcc+nSpen8SqkF3Lt3r0SJEuwQmaLtDYnDhw831K6iioiPu3btknsPAZ0qzo2/ODd+HQoUKEB6v2zZMs6OBnV1dQ3Dt+KHAtwFGoYjL168+I0bN5TSoPmxKtq8eTMVlCJFClvO0ww+agbctm1bMzO/5Pkl0LNnT1LGvHnziikijA4dOqRspCkE7ziG2wd+//13DYP3T87Hjx+JbdQq2l9e76wVvXv3pp+To+/evRtvTveIFy+e4Sb9GrFixfradb4HeZ0gQQJiSbRo0QYMGIB/V3Zkx+BeOU0EH/7O8gtbZkB+yW1HJt8SEAqwply5clHbNMqMGTNM1jbxVX4UUcsBTJs2jbDKV3DoO3bskPuN1ZEkO4eoQ2/EgUyZMsWSJxoEBypz0KBBVE6aNGk07MbPnz+XhyPkyZPHzLvMyDrETwJtdP/+/e3bt8tHnLZDjO3B58+fR44cKYeNaldKLeD06dOyt1KlSmn7iPYHDx5IhePlkER37tyRZzILJBJEUn7UeHaXMWiL/v37K/tyHEh6EXzImLVr1ypFQfNjVdSwYUMqgmqyz5d8Icxl6sC8efPMmJCMELq5uR08eBDlSMft0KGDRLsMGTIgn4mFmge29u3bU3Xs3/yVWp3gc+XKFRcXF1qte/fu2t7+IFfQRBXx0fimDBqxWLFiX5+/W7w45vDHH3/QYaZOnYpbadWqFWvTpUs3bNgw/Lvsyp4hPmU1vKcdW7DSZEnsSOZdaXtXzpIlSySTQfocMPUAm2fPnk2aNAnHR4uQ+8p7RtEWN2/epKv06dOHrJf2Jc1TvmDH4Mo8PT2lDunzSql1uH37tsw1ad26tYYKbPDgwYhvdtutWzczQ3SzZ8+mXdhM2L9/PzkGC/Hjx9+zZ0/gQUG7BR0js4uGDh1quZhTVZEmezMGN0U0Z88dO3Z88eKFXKejtlOlSoXhyItgiao4N7wc1K5dG+9HFmo4nK+DScEZbrE3jh49Kr0xOLc0/kAVeXt7J02aNEqUKNSdUmRnkEtJa23cuFEpMoVkinXr1lUnMPr6+so1byAcurq6Nm3aVNsBW3Qk6Rf7x92EyWPZwh+dOnWiPlEhmt9rHUAV9ezZ09A1vtK3b18/Pz98ATx58sTYUz99+pSMVm4hXrdunUM4cXl1BnKhRYsWGt5tpIJLlaffohQ1THNfv36NHUmLkN2avPaNIGvTpg2nJpsB8kgi/b1797Jnz/7LL7+gAHx8fGR7u4WOtGvXLjkFOphVh4sQyvRefoiOoWEAVuevmL+KWrZsWYKxbAnVqlWTAFyiRAmbTTbXhFu3bsnsWycnJwtnTdAKVJqhPiLs3btXW6+izjlJlCjRmDFjZGhgyJAhiFGso0CBAgHGujC069ev79u3T+5TQxU54qWPz58/yzNCO3fu/MN02pwq+tfwdJYYMWIggYMz7mR76C4yUIS+MXOl89SpU5wFtkfbqz2MDAmD5Lty9ZQOQXtjkHPmzNFq0IjfIh0nKSfcLly4UNvO/ROCs6AyaUfsU3OPGUAV/fHHH/QNwfxbIxAWHTp0oP8ULFjQIW5JQ6mIg0uRIoXm067p5MuWLcOUSDM0vJtJoKpFb7H/efPmmTQonH5iw2vXBJpV3ezIkSPkxLTUoEGDtM2/rQGCW5oJMaftsKgxOHm5Tczd3Z1EUSm1mO3bt0siSjfYunWrNAGRSdYCJQTX6dOnOzs7Y9HIdNqF7VVFq/lgsLWhJseOHcuRcyIWThKnotq2bcuu8EiaK3hVFQGBj8qvXr363bt3qW1+LqgnidNeU6dOpXUwvReBnnlt/9A6UqWlS5f+4Y3h/5v/Hxgy4507d759+zZVqlRmHggUtmBa/E2YMKHJyR/Cpk2bSLbYJl26dGpecvPmTWqHj82aNfvzzz89PT1ZJtZ26dJl4MCB6GX8pmwZatghrkGy1dGjR9OZlBU6oQJ1guyIHTt2mTJl5DqabSA38Pf3Vz4EIm7cuJUqVUqdOvWhQ4foOdiLssJewff16tWLzkn/P3v2LC5YWaERu3btwgcRDuUxIRoSJ06cnj17Jk2alP2T5pLtyAAe+Pn5HT16lJ9evnz5u3fvlC9EiCCDVbKcN2/eNm3a4N/J8cjmpdBuIRdt0KABp0xcxFkppVqD0JR7vvLnzy8vcNUEqpc9s4C2W7p0KRW+Y8cOEk4aSEAqkXhMmTIFy8J1Y2IyNV68LrkuOQap7Nd9OQiIoZgxY2Jc9DfO7vHjx8qKkMMe7t27x0KpUqU0bBQBWaOmDURPjBRVJFeEcK387rVr12StMbgLWoScBPP5+++/lVKHQgZQ6JDv37+XkiD5Ko2CYNWqVcQeGtsOn1EkIGJkqgEGphSZguZkm8yZM58+fVop+u9/58+fz3c5O3myE3ltzZo11UwFyUyEo4vIxqGGBhg+fDjmzZ5xAUqpTqigRUhuUqZMaY0JMevXr8cv4CPmzZvHRxkrypcvX7FixSjv1q2bmRdAHjlyRJ6UTyRziOfikBfKAadPn17bZ3eRdLoZnntLsmGNiVYYFDmMDP26u7vTOkLhwoVNxg88vvGwUNOmTaWc9rX/CwFoC7kORVKqFGkNkkUGaaZOnaoUaYH6POvgQMMhZOXiOCAsOnfu7IhTDrZv3y5TJoL/aByTUBvSKFaqB/xnCsNzzCNFitSnTx+5jI6Z1KhRg0IyB5OjQS9fvqxduzZ2V7duXaXIcUDM7dmzh7ODyZMnGw9bBsbcWNGdO3cePHhA89SvX18psjMOHjz4w0wXz4I8ZAGpqD5l9fnz5/v27SM2lClTRvpHrly5ypUrp6qi8+fP4zd79OiB8JKS0EEUZ7fEHrJbdJiFe/uZuXDhAhkYkYzsGc2qlGqHp6cnrU9X2bhx48OHD7ds2UIherpfv35OTk7Tp0+fPXu2bCmcO3fOy8uLbB5XgvO6ePEihXiTsWPH0i1lG7slWrRo8g4NDlue+STllrN//378Bkln3rx5qTelVDswKNwR7cIxX716FU8nHDp0KFWqVLUMsMHChQvl+jhmvnnzZvku7N27VxZmzJhhZvzPTiABQO3RWOrN6ppD/VCTzs7OBHKlSGuwVhpFrgYGBeeo9hYW0IJmxv7tlpw5c8qIl1Z4eHhYox5I3uRJ9xkzZsQPSNMjd5IanjCO+yLuf93uezBq0g/+ent7k/wopQ6CenZw6tQp8xeCglRF1Mvu3btZaNiwoeYj4Voxc+bMT58+scBJIgalMACPHj1CekePHh3LlEmFQMYpQ5TYqqhykJqi+khWcL44C8Jer169LJQymTNnlvcV3L59m/aQQp0QQVts2LDBx8cH4UKHlAFCbSEwTJw4kYVNmzYNHjz47NmzUk5YKlGixMePH+ls3bp1GzNmDH2GAFyqVKlWrVqRaq9atYqgRech8eI4jx07tmzZMjuPuPR5uiVnwbK87k3KLQfZwd6SJEkifd4aJEuWbNiwYepNMY0aNSKH8fPzo4fMMjB16tR69eqNHz++ePHi5MGYsGhWXATtgoFz+ph/u3btNDxxa0ACQPcjaL19+5ZmUkq1QxJoOi0xUjqDVrA3Ceeurq4jRoygUf7++++bRly+fHn48OEy9wgf7uvry7KEZ2zcGgZuAzh+smuiDFVqSdeStxgpH6yAmAAL9C78nhSqYCykhZ8/fw4sHVxcXKJEiUJvPHnypFLkOBDTxSmR0IZGFdEk9Fq8DDtSn59mh8h0PBbI4xctWnTlyhXEHOm+8QAS8YwOGjFiRLFAAaGzY8cOzq5AgQLq2S1evPjDhw/oaAyYiiPZpe4oBPOVaB6MvFmzZijL169fEzI1n8bxM0BsI/JRdTSWtu7bGLo6sZY+gBOnsaQQrTN//vzy5cvfunVrwoQJhNg1a9bgNTgS3F+iRIlSpEhRunRphBSiimCcIEECovKff/5p58KIfi557ZEjRyyZAxEABCKxlrQsbdq0SpEVyJMnT6ZMmXDuLOMBpBWoeWSEQOukT5++QYMG+HG8fO/evWkO0jwCME1MOUe4efPmnTt3yg7tFgItboo+uWvXLskANYQ0QyY78hMghZpA11IljrSIk5MT2kuF+NSnTx8ULZ6Zs6MhUqdOHdQzchyIHDlyIAfpbCRLoW4v1flYiTRp0shzH+bNmxd4HiTBrm3btuQMo0aNIo2HAIGVeGrtI7QGMWLEkIsMJ06cCI0q4jsyrl6lSpWiRYuK97FDChUqhNWxQObXuHFjQleLFi06d+48bty4adOmzZ07d+vWrUuWLKGPEsDU1x0InF3WrFljGx5ICq9evcI4WcC34k/pN2gjTpzNCIc/np9llhIlSri7u7OT/fv3X79+XSnVCTZPnjy5dOkSC9myZTM/FG8JKFe6Tbp06URqq9DH2rdvzwLl8NtvvxFlEeICHYxu1q9fP1wJXW7kyJEE6dGjRyOM5Ov2CTmiPNAWH7dixQoptJCbN2++e/eObDJ37tzWng4/ffr0kiVLskDlb9++3WRq3rRp0+HDh3Mke/bs6d69+x9//MFm9J/x48dXrFgR68bvq4OC9km+fPnwwAjNgwcPEpyUUo0gPMjMdGSKq6urFGoCXUtU0cuXL4Maa6f+M2TIwGY4RuOrnIRevqV8cDRwUBJT7t69a3LacvAhZllvvjnSDR1MVXt7eytFESKo2RHOds6cOf37989pQAJrp06dkHo0Fn3GEceK8Esy5RHOnTsnC6YRRx+AN2/eyIRtvLxSZJcQLAljxYoVEwsMAK2ujisQqJTvGO57RDZRWKlSJfWpJ+S4MusIpSUT3BDRMow0Y8YM2cYS2Al7I+4uXbpUKdIJNvv27ZMB+R49ehAhlFIrgM3PmjVLzVnVF1HJJRjAlV+9elUKTfLs2bOuXbtGixaNA0ZtKKV2ydq1a5MlS8YZkUgoRZaxfv16DM3JycnLy0spsiaHDx+Wu2kQsrg5pfR7kEF9+/aVtgPCzMKFCyknYnGokSJFIie28zuNiU84dGItPVMp0ohWrVpFjBiRPVvjRpBatWqJ/ySayqB+YJAO8vxrT09P9KtMLaJRrPrgdWuDhsCmMmfOHOrXp1SoUIF6IDnfu3evUqQ1a9asSZEiBfnegAEDpGTgwIFYBL8rpE2btnjx4vEMz6UMTOHChc27Qftk8eLFcvxDhw5VikxheqyIyI3goGlBKbJLEBmtW7fGzU2YMIFcR4xQ5cOHDySvsowSQv9KQCXyjRgxgkI0E9FLNtixY8etW7cQUtWrV5cAvGzZMjYmQGoyris+4unTp+Rn9n/ztr3x8eNHGbNVr5tYCTpA3bp18WjK52/QE9SFnTt3qh8Dg0DHp9eoUYPuRzc7fvy4ssL+QFJgQZzL1q1bNRzCJISnTp1a+WBNcuTIQQ1zFpg2uSzWrawwAqNr1KiRmiOSf0vI4Qj5Om4Bw7fzxLdq1apUKakaolN1aJZDuz9//hzViA9MaZh7qy3qQL7MU5HCACRNmlSc7alTp8aOHSuX82iUQ4cOqXmIwyFvwCQ7MjlnOTj4+vry16pjRXHixMHX0foyVrRr167Zs2c/evRI9a7Lly//559/Dhw4cPr0aWIWyUPbtm0zZswoG5BU+Pj4yJbhD9OqSGYi58uXD8chJXYL/Q/TatCgAVb0119/oX9VoWOMv78/SQn9tXv37pUqVaLLUkjwE5v89OkTeoW/dBR5Gjrgg3AciC1NxpZjxowpj9VHpKOypVAnONAK5JqyrD6O3HrQUrgA5ALLGL+86Obw4cOylvjUu3dvsnYzV6ZlahodCYeyYsUKuTJrh+TOnRsJiOfFG6onaAl4c1rK2dlZbvu3NpEjR27cuHH9+vVxAvjoLl26kMth6Sr4MdQehyT3SwM+XY00FStW5O+NGzdu374tJfYJOhu/xAI+SjUEy1GVR6JEiQLMLtCEIkWKSFWTRchrxaU8AAULFowUKdK7d+9oL6XI4K5FITkixYsXp0MiiTZu3CiBxg6hddzd3WkU6hnbJ7tAuWbIkAFrEi3r4uJCYE2fPn3WrFlz5sw5ceLESZMmIV6xsogRI3J24XgqiAlV9PLlS5mEiCuRu9btH3oh4er333/HOQ4YMABLo4GNBxVoSE6HCDdlyhT17lxcjMS2K1euIIdZ4FvAApVABkn/QDlpkkhxANWrV2eBzrRlyxbzs710jHn//j1SkoXkyZPTylJoVapVq9a5c2cWSJX2799PY8lD/xInTtyqVStyOPLa7du3BzWbEpFx9OhR1DlOZ/78+TNmzPj48aOyzp7AaooVK+bk5EQQ2rZtm1IaWmimCxcuEN5sORORU0B94r5pi7lz59asWZMGUvH09EydOnWuXLnUF45ykFu3bpXl3377jeNMlSqV8X0Y9gnNxN8jR45oGIpk4JwFKoFqlEINyZQpU+3atVngh+SF+VIegFq1ahkbdd68efmLuXGyDuokkRHUJ3WLn9dwbE9bOEIMn79EzAIFCuzevZs8cNWqVViNDPTKHegqhEIgDxk9enTChAk5O1SUw130ILvAeysfgsaEMRw/fvz8+fMskKPIhV4HgmPu06cP/nH69OkNGjSQ2VFASzds2HDYsGFoYdUIly1bJu+uko+gvj0YSYQZxzHcGRv43sVQQP+rWrUq0ptlb29vXRUFn3///VfGovPnz2+9IeUAdO3atXLlys+fP582bZo6CTFLliw9evRo3rz5tWvX8A43btyQcvD19d21a9eGDRv69u2LomrWrJkouSdPngwfPtxuU8bcuXPL5FBq2MIhk1u3bske1IEZ24DNVqlSBZdNkrNv376VRhCTkiVLRu5OrMWW2RjR9s8//8iwhEzawGNoYuBWBaEpC8gFbRU2filPnjzKB01BbLVp00Ymfq1evbpfv36YRmAmT56sZhfY1/jx40VSc6aOeKMTcPxyWQC/IZPZ7RNsX8YghXr16nl4eKRNm1YuEC1cuFDKA0CHkde9YWsO99Qi0ifRfD8YGscvBGDJkiWxYsVCOS5evFgpckwISOSFkmYh73DWdNYMGTLgQOXcgWoiZezWrZs4TXXOJoKJEhcXF/MvnQ0RGEmlSpX4FaoXD66U6vwI2lGeX0JaabOJsWhlsigcB7+Lni5RogQLpUuXvnPnDrG/ZMmSOJTq1avPmDGjZcuWBC0y41SpUtGd2CwwEydOVPZrfyAp8OPJkye38F2Hx44dy5kzJ7saO3asUmQr7t27pz7hhpZqbGDUqFF79uwhvUG8Xr58mRLZAOsbPHgwHUluEixfvjziSdmRvaLefVanTp2XL18qpZaxf/9+cYbaPtXaGA41RK+Kql27Nk4Sh8xytmzZ7L9dTEIWpz7am0pWSkOCzNnAmjR/k6AxxHeZQAJ169ZVa1ue72p8f5IxOEY5OxxgqKeThxVnz56VF13IcFdQmBgrIhdhBeesDrQ4KAg7XGTWrFlZxj7J1y9dukTb02tlA8CfonvIV9iAjySO/GUDkptXr14R5AiEhg01gOPB4CNFioQksuccwt6gN8p0iqpVq6pPUrA2RHcyV5xF5MiRly5dSmKkrDA8RVDu10BGdO7cecGCBQgCpBIHSdaL1UDr1q2HDBmCnJKvPH/+XBbsEHo4J4shyO0ISqlD8eDBA46cs2jSpMn8+fOnG8B3o1ZJfFGreH8Z7cfA379/P3LkyE2bNs2aNYuvkDva/xU09eFSGoKXs3ZzU+20SMSIEeUjphTdFLhE2aBChQoYuDzTgQTVQceKQE28PxjeKiPL9gY9ihZhAYdWv359dbYMhb/88guu7JSpZw5jMr///jt6mlOz2xmTFmJCFSEI8CB4CnmciUODu5TLHHjGEydOkDviLpEm5PqCXEFQh3D79u27c+fO5cuXX7x4kZ5RuHBh1WIth/6E/MdNYyfjx49XSnWCDeZKHSofrA8doEGDBq1atcLHGV/x5Bjc3NxQ28QVfDpajU6FQrp79y6ZrjBjxgyUE75GvtK8eXNZsENatGhB3CJA7t69W26zCB1kU9pe3Ak+SJzPnz+T/5UvXx4XH82AarmcGkmt6FofH5/ixYtznDTN9evX48SJkzlzZhpatrRb6PmB74u0kGvXrsmFaeuBpRBH5IoqRkSdG/RqQFq2bCnb046qEsK4ZFRMPjoQnLVcYwISqrAyih+SKVMmmUyCyZD/q661bNmyhEsaYvb37zhScXJykqkghw8fxu6kMDxh2h3gJcuUKaM+U99xIVD5+fmxwOkQybJly9aoUaN169bt+AYS0Hg0iLy/VKlSWC+ZCr5SfW+aVsSMGVMGLQPMZdOxTxIkSIC4qVSpUgA1hhOR3J3sFsdHpypmeImsrA0A2YVtJomHLTdv3rx165bywYZg4F5eXnjnRIkSmXzNyJs3b3bt2vXkyZPEiRNjfahAdbokojaoi552haqKENzGQ92W8OjRIxkgtyrknPIUHNxp/vz5sZTADBkyRLYJcHYy8Uv54DjgK9QHu9Pl7FlzywyBAGQwPFqTPJBcQu4yCUDUqFFFFWF64XKCrOkGoyHDgSQCVRUF5fsoRymzQKJZsWJFuQFNQBqqd+lrBZmTXDMmhNj5/cD2BgLFZpfPjOF3hw4dql4FEAi0RFkWjHOsAJAjyvgEOZnxrMbwyqtXr8Lkkse1a9ckumPCJtMYBJM0FlGZhihZsmSrVq3CpC+FGlSRqPATJ04EdTNXSMHX2eDSoYuLizhVwifaVAoDQM4gM75Pnjx56tQpklUpP3DggINe0lWfwxIKVXTo0CGZMGAD5I6/Z8+eGT8HAUkk/ury5cvNmzevXr16zZo1R4wYsdwAthYtWjR55fmNGze00ui2gbTtkuEdCeYJ2GCEapkDYTwl2UHBfZw7d06ciJnTEcOjjWn4bdu2DRgwQMrxRJo8qcgYehsGQxz98OHDsWPHlFIds8jlbQ8PD5lwYHvc3NxE+qBlxX2QZ8tDp2TWmkkIA8Y3qdktCL4GDRqwgINzxNR8//79Dx48wFppi+imbrvF6W/dupUWbN26NQbo7OwsD+9gVaJEieRuDEcB6amVUKBz0o2VD1YDd5c9e3bqnMMOKoiiihCsLHB2xrd20rIOeoHm3bt38iYZ/oZ0NIUaC5CDWQ8Ji9evX79z546U0EwLFiwQ6UDlo1NXr169cuXKP/74A/MBua0EncS3Dh8+7O3tzWaOoo3oYHI7sHrvhUkCqiI/Pz/yKlyM+a85BFQBbcYCvrJt27ZSGADCALbHAgI5fvz4yZIlK1y4sKzq169fUMMAlkCqmiRJEn7XQQ3e9hw8eJC/GHCYj0VfuXJlzZo1uDl8hzg7My6PhI/USvlg36hXdVXnGAoiGWAhgW3v0iDtwSnz0+nSpXv9+jUKSUC24tNPnDixYsUKohRrkydPLhZN4CESs8yJk/jKfn428HVBvc9BW1BFMh5/7949eRJeAAg3qCLphOrD5ODjx4/qw6UcDhGvc+fODenYXpYsWaRPEiCsHSNQOVgB5oNWELd24MCBCRMmPH36VDagh5Bs5MyZ093dnTCKXLt///6tW7f4S+t8+vSpWrVqv//++99//y3jfDJZzW7vJaJisX0WzDdKkGHGGoLAxpDW79mzhwXyQgxPCgNAtnThwgUW8uTJE2Aoonbt2taoBCcnJwkeOo7C+fPn1UGU2bNnb9y48cOHD3K1SDpPUMi3cChBdT97gE5O/seChQNFrq6uKVOmRLmqU01tAO5b3iZBi3h5efXv37/FNypXrpwrV67cuXNTyAYEZnGIKrh4Gzwq3W7B3dnmQU00AakgTu/t27dBzTxDsBq/RyFRokRoazrklClTlCKHgq4lc9cssSnqytqDzVhrfMND/BGj/v7+Fy9eHDly5JkzZyiUFLRo0aK4O1KL/fv3z5kzZ+zYsZ06dUJLYTiiYpEXM2fOpARbg6pVq2J6Q4cOnTp16vr16+3tRkI6fELD+7vwFVJikjBOvq0H3VFNO+rUqRNUWJJL10mTJpUbJVDNDvdkKh1rg0eQzA/u3LnTrVu3GTNmyBU0M9dfVI9GpmXP84pQRer4qCXIWxqoKOOnGFgbX19fucCK5e7YsWPSpEmbvxHgRVpsefr0aWnHy5cvo6UIXZ6enrLWgZBMz7EgXmICdI9NmzaZHI9EA6kzlNETHTp0IJXFh9NqJx3w9eyfP38O6tVvweelAeWDdfj111/lUjJHS16xdu3abdu20RYDBw6Ul8A8e/ZMHmkRJ04cSpo2bTp+/Hik6vTp0+vXrx/ggjXtRQKJ6Y0aNYoWbNeuXZs2bb4+Y95Anz59NhigTS0Ri5Zw//794DwdPqAqunfvnvHEK8cFL7lixQoWcPrYW1BXah8/fkwLISHlGayfPn06dOgQC2XKlBEtrDnYPBKNrua4g8Nhgs1SWzMUKFCAfoLcmTt3rsyIVJ9eQS8Cgi4dD1avXj169GhZZf/QJ4sXL84CSoKDl8KQ8uTJExl4l6nNtuH27dvi5khtsXGBGIxHFtSLRHi2tm3byjNtcc0+Pj5sqYkctA2EJbkDxvzwZCig3ypLVoOAqr4TbdiwYYTV7NmzZ82atXXr1tMMTJ06VZ1nSazNkSNH9erV48aN+/HjRz8/P8xKECsLJrI3MwRnGwtJly4d3Uz5EGysdJkiMFiNXO8mYZg1axZJBb9btmzZunXrZsuWjfITJ04EHq9CS+H3KlWqJMaVL1++MwZ69eqFxdWsWTNRokScNRKEYLps2bLZBpBTLQ1UrFgxf/78PXv2xAxfv34tDhPU9pVfsSqcoLJkEjkOFUQi9RIzZsyQdkF7A30jCTqOj3ZVSgMhs2VLlix59+5dPpLvyj2HzZo1e/XqlWyjLVSs3HBBr1KKdMwi89/r1atHQqMU2Za//vpLxpPHjBmzePFiuYtYwGuQ+x48eHDEiBFdu3bFKWTIkIGOFylSJPlK6tSpWavsyF5Bx8ib5Fu0aEHKqJSGEAIbe8B72OzZ1ogwebdglChRaKP33yCUypwMwBfjoMlDSHJokdKlS/OtwYMH8y2CrgN5uStXroiGI/YoRZax3/Bsa+qkYcOGSpE1oWtx8MAvqve+yDLQRqoOQPxt2rRp3bp1CRMmpJA8xNNAx44dMbFggqkis64FzeXLlzdu3MgCwpou8dLwbCStUN//3bhxYzqkUhpsOHipDfSiUmQ1ZOot0ARQtWpVKoRy9dFlXl5eJs0EHSMdkugpJV++fMHiiLz4kHfv3g0aNEj2gPWlSpWKdsQG+QkpZAEniatUQU5Jw9EoDx48eP78uexWQ/De8uvmXzYQUBVJBAoHqsjX11em72BaZO27d+8+d+7co0ePlNUG0D1oedoM3Solj7+98WrVqlVSYg1EFZUpU+aN/t6PYCB9ErV65MgRpci2qKpo3LhxfFywYIG8Hwbc3d0xeFk2SdGiRS9evCj7sVtIG2QcgmQg1Kpo6dKl6AxbqiIyGXngSokSJfDCSun3IIBou0KFCk2ZMiVFihQEYFLVGjVq8C0UlQN5OQKtTNjSShUh6LNnz84OyQyVImuCs1V1T5o0aTJ9D3aEo5bHehmrItneqiQ1vPTp999/11AYqaqoadOmdq6K6AbqfDtq/ujRo1KuXgHs0aNHUMYlDy7Ply9fgMAqoKvk0Q/0W39//+PHj8sTO+vUqVOlShXSRTM3OhAia9WqdejQIWVfGqGqIo5HKTJFwCtozs7OJu9udTjmzZuHmGUBoYPoof3atm3bpUuXPn369O/f/8CBA+QHO3fufPbsGaeMo5RvyeUzV1dXGxgkPYl8Rfmg8yPIHsL22i6+Q8RQtWrV5H12gPu7afRabGynQYMGIw3g6JVSuwdxQJKnfAgtuDnNn2RhHgItrpaFggULInekMAAyJww91L59+w4dOqCQNm7cuHLlSlZxwGqcDgWnTp36+PEj2RduZMmSJdu2bcOfKuscAaSJSGGSe7n0aVVoIPWZgYMGDTI81Pp/EP4nTJhQ3+jV3cZwqAhfgVZTSjWC4L1hwwbS4DOmnlhoIdSwJFQhIn/+/NIzaRdaRwqtROLEieWeA36xZMmSkrFD5MiRRTQjmxB2UhgA5A6b3bp1i3iqFBkRL168Vq1asUCQZee5cuVq06bNrFmzSJ8WLVpEllK5cmWam46BLM6RI4exSDp27JiXlxfxGvtSiiwGF6eOepgnYIOlS5cuUaJE+BH1fYQOyr59+zgL5YNh/oG3tzfO688//xwxYgQiqUKFCt27d3/+/HmMGDFy5swpm8nMPqxXc9szhniJqdDVrD2ZLjyRNm3asHpekSAjwyzQYeQFlhApUiT6EunU6tWr9+7du2PHDpx7bwPlypWTbeyfWLFiGd8B5BBg3evWrZNlT09Pk6oIqzfWrORF9erVUz4EG37o8OHD8w0giIt+gxBOkCajbdGiRefOnQkAzZo1U77jCCDxJQHGC1lDEAQgYsSI6qvcsCCErFwXE4jHNE2pUqUIk0iBo0eP3rlzB3OjZw4ZMgTJ8vc3WMbQdu3apWYmeIbJkydTKLDqjz/+wCpBnRuaL18+KVEh5BPpVM//5MmT9evXy7KGyDQM5UOwQZrI2W3evJlsUAqthLEqEhkkIHdk0iQCJShVhFqlWak6k+k9TYmcYOH8+fPy9CYVOkDZsmVr1KhBJ0QMYTuEZpwnzYcYKl++vEwhJfGYN2+efMVy3r59K/Edz8zZSaFpDCNG/2P37t0eHh58h/6nFFmB+/fvkx8MGDBg+PDh1OmbN2/+NTxBTitIB2USWdKkSdFAW7duxU7wWRQCST8toV7gjBs37sKFC9GzpJUyfax///64QmVfVoBzp4YxZmpbKdIJmqFDh9IoBQoUOHfunFJkWwJcQYNNmzbxEbNftmwZLgP3HbgDyw3h/P3y5YtSFAxev35Nr8A0+GL8+PHxDgIl5DrKRlqDepA7gCy5gkZOSTqBb61Zs6ZSZE2oDXl8MKYU1KVV4lzChAkxcJpJSogxMpUQyEQ/fvyIr0QW4IXIIy9evCh+CZmr1LsBPIZMfaAbcIKICQHnThtRLjskym7YsEF+SHPUK2job6XIYurUqcPpcNhUlFJkTdSbE9u3b2/SKGgOuR6NZeGiOTYCM4XK6u+RifO48UOHDgUwDRIYrBLkmXNEAbSUlKigV168eIG50V0NB/X1apfyfYtRRUDorqBxOr///jtfp7+hDJRSqzFx4kR+CMjolCLD/Fe8nMxC6d69u0nnQyMibtigYcOGct9SAHx9faXTVqhQIXBIRQbRNLFjxybfUIoM05VEvqRMmZIvNm7cWCttoM6ebNmypflGCXJwTy4/WQO6LCqEvG3YsGH0WldXV6QivRa9qdVd8XR3GgyDqVixYp8+fcqUKcMPofNoOaANaP7SpUuLYHz+/DmNivkhIdFG9AOcHbYku7IGqiDTCQ5y9zu+L8zHL+keiAbMW25Aq1atGmkNQREnjk+RbQLwq2EmqfIhCDBReVAs8r1u3brFixfHNNDxJM3+3xg7dqwoMOU7mkLgsdz0iGcpUqTAp9immfghyfzoHvhWKQzAw4cPOTXaC59D21HJfEUe0AI7d+4cNWpUmzZtKleunDx5cvRT+vTpxS+NGTNGqXcDVLuTk1OSJEk8PT3ZeMY3cCk3btzo2LGjeBLUlRySNSAsSeur16EsJ2fOnIgPKscGV9AgTpw4knbu2bOHRpFCY6hGMXZajZPFCQ8aNEjqNjAYHX8zZcqUOHHiACOF6jTepUuX0k/y5s1buHBhKVGJFSsWx4PeVfePQtJk8J5TU0c4QncFDY8h4zfsSm4DknIr4ebmJo/ZRClKCVD5lMvo0aRJk2bOnHngwAHSBoxIIMHgwOR2h1u3bpnsQhiUnAjeO/CDi0qWLOnu7k754sWLsTIppLrIN3LkyEE45hju3LkT+Ca40MFPSDabP39+UXtBEeIGsxwkGzm38iHC10cAL1mypFatWqhCXNKQIUP4GLgGQ4SPjw+7RdwYDwmq0JCtW7fu2rUrTlwpMjhQeTADTlPyZh07wX6aY/ny5bgDXPaRI0eUIrM4OztLxhMYOhu9lCyNDt+3b9/mzZsTbnEEGzduVLaIEAGHQqYF6dKl40d79OiBaUgv1RZig0lLCREEPMCRqZctwgr05b59+zZs2PDPP/8Q56gxEiHsnUquUqWK+jauc+fODRw4kAxt7969cm0USNKkzkmlkDtEUyIu4ZNlNBBedc2aNSRRQu3atak6mkkm6LAT4n1wXrQUCh49eqS53KRzogmIFsHszxZC3dapU4cFEmD1PvwAUKvKkkFSYBTKh+9BLogAzZo1K60jhUFBt1SlsBkIAeqNVxai7odeFJSqMwNGpL7neM6cOQhiWbYSVE7cuHGROMaPwvr3338xEOly6OYOHTpUrFiR1sGIhPbt2w8YMEDmlaOKfH19v5h60D/JEhkFe5A5uwHAvpCASJ/A13DRx9TD7W+P3tAQufCnfDAJdWGMegVt1qxZSpHWqFf6mzRpgpbv3bu3er1ZSJQoUdmyZS0ZKJbXlWBU6oz6wGzevJkGQ5l6eXkh7WvUqIFE5VsISZODgRpC3VLD+FM0uFKkEzRk+aIt/vrrL6xLKbUh9Ebs82vXNAyJI+tlekrdunVl3oBJ+vfvnzp1ahyN8tkAmR9hdcGCBa1atSIfki5nDFkskYAAzGYXLlwgOQOCVq5cuViLdjlx4oSyL+0gz6tatSr7t+QKGgwePJjjT5AggQ0eRrB+/XpxbQkTJqSBOH6VTJkyoSPpMxzM1zr9EVQ4jgiHA97e3lLn165dQ07Nnj0bkUfKK5mxSUijY8eOTQ+huflFUjt6rLJOO/BXcrSEEKXIYuiNMkiA97PGMQcGnUqMpK4aNWq0zAAu2vhqGtmsamtYmckLN0CSULJkSbYZM2ZMUNuAm5sb27Rs2VL5bIr69esbfu2rOQd1s1WI4HgIYbLP/fv3K6UhBG0tUhu9oslRmQHpU7RoUX6L0K8U/fe/+BzsyHASX2cbkwCYn3qIjVSqVAnr6969u7SsXJYlkcMhRIsWjSArezbGz8+PVZjYlClTlKJvEIXJhzEovIrlNYCMJtpynIgNrFspDYKAqghfkC9fPmL2jBkzlCKtEXWJ+Dh//jzHygmTBiE2165dmzdvXnVoC+NJYaBUqVKjR4/GWt6/f2/GAFROnTolg8wZMmQIKoi+fv2axsOr0tJsg1mSoydPnpxf79Spk7KR1RBVRHfH5ypFOkFD02OTNCj+i9RfKbUhxoNVUaJEWbVqVa1atVgmc6IjKRt9D5lWr169aGJSPY5/6tSpAwcO9PT0dHFxoWMTROlpeH/+qshIe8aMGYlPxnFCuHHjBmnxr7/+WqBAAQ3jooBbxDfx69u2bcMkldKQs27dOuIBJ4hPVIqsA9VL5qOGT2OoRuP6BGRTz2/gYXE1AukQe8iWLZs84F7Z9fegljgdxKjyORC0hUxWIMk5fPgwwoia7Natm+by3RqqCOS2EjT38ePHlSJrglyWHJhoF8cAIRPHK64e5F5ugWA5YsSIUaNGLV68eNq0abKANcnLSuUK2sSJEykJDHKE7THAePHiLVy4kOYAZK4sCEgrorKoKyD6nD59WjlQCyBIybERX+haSmkIwdG1b9+endBFp0+frpRaB7yNDNFR+ZcvX6bk5MmTtAU/jawkLj98+PDFixfIFKyGWlVsqWdPkwPhhDZpWWdnZ3ZCE2CJ7KpgwYJIPZqGaqfyqSWMDsgi+Fbp0qUDPFaQVTQ6q+gGlk+u4kfpCfJD8kAmMwRURfDbb79xGlST8llTONUePXpwcOhKuWJqDL22X79+rAXiB+5Muhd1yiHhv0aOHIld3TNAghs4eMC+ffvk6WTGc8cCcPPmTaILe+ZgZCeoItImcnfyeNnGeogqItbqs62DA7q5devWNBZaBONUSm2IqCL6BnaFp6M3AiWB56hi6vTM69evIwtkHEi6rvoVkDBAHMIEyHRlhgpUrFiRWI6jOXbsmLI7I+ilOHe+yx6wTfyUskIL1Nkw3t7eSlGowLrJdrBZrZ6pExR4SZlLRI0R16lMFQT05MmTx40bx5GwAZW/aNGir973G8ou/vtfmolGKVasmJncEf+AqZpRRbjyEiVK8ENdunTBIzVr1oxDIm/GwyhbaAEqkLPgV4gx9+/fV0q1oGnTptIzEe5KkTWh39J7Td4waBKD3XxHAGuSEpOo29AcrQxQe7Ig1KtXD0tUN6MdEUnKgVoAPkrCVvny5QPHuODzzz//yAxXEnilyGp07tyZRkHHoDtRP9gRv+vu7h7YxSlWZKBFixb4Q0iVKpVYH5C84cSSJElCniAVqyLtUrduXSq/b9++CH18XaNGjVjF9ps2baKfKz9jwNfXV4Z7zVzzCSa7du3CMNlVx44dg0plVUyrIr6cJ08e5bOmUJVlypRh/0OHDlWKvmf27NmsRQ+tWbNm+fLl+JpChQoZz6akWsuWLVuuXDlqk6AS+IICKSAJK021c+dOpSgQclWbLHD79u0cEiXsiiQPhWt5A/wQXRWFCASBzF7MkSOHyceFWRtRRVg7eZLcZvW1IxpeHCEb4Ou3bt2KsmEDeibbyNBLYOhytH6Ay2oC0a5x48b40wYNGhCwlVIjUIfdunVjJ5gAW5rcJhTQ/9V5fhaqIujduzemR4BBHSpFVmD16tWS+VHVJvNIUlJcBxvg60kTldLv+fPPP9mgQ4cOymdTyGRSM6qI9FdGptkbNYn3kAsN9evXV7bQAvy4XOipU6eOtsOlhF7pz8OHDyeDV0qtCY5dxD2KhG6MiqWSaYWqVasSdIzHioCax/nbZqYaWXdQNzOGiHXr1tHr8ABDhgyx5NIPoQ2RwYEhMpQiq3HmzJkUKVKgG8jNaBEOnjqnpZTVpjh//nzGjBk5U7K7Q0aPW0QU4kaQOHgVdKdcBwwO2BFfIaVZuXIldnTL8HJc8b34f5MjIMGHvBq3yXkF58GYQaoiDw8Pa9wITTxAELi4uAQ1xi6qCI8mJoo7oPap4kmTJmE2sWPH/lp/RtBvUKz4YkTu+/fv6YV//PEHJ08DB+UNSejHjh3Ld4sUKSK++9WrV6hXSjBX2caq6KoopCBeDa0dQdsUPJioqgjjX7JkiSSCQJ69YsUK9D1+wc3NLXAGHD16dKxpwoQJ9Gq5UR/ZTQKk7DcQZJZFixblW6ifAKNily9fnjt3rnhJ2c/MmTOVdZZBfkb+xD7p/CdPnlRKQwumiullyJAh1DMqgoOoIpLRv/76Syn6nqtXrxJQOSn0WVCX3SU9+6Eqwpmauap+8OBBidmHDx/m49u3b+kVfCS6ywaa4O/vj7Nit5qrotu3b6Ni2TMZ/JMnT5RSa0JFSZZbrVo1xOvTp09l4JOsgO63efNm4qIMv1HzxNeNGzcuXboUC1JBbWCMbABZsmQhlFKIlZGTNGvWDIsTMBYZHgDy5B9OMnN1dd2yZYscpCVgvBx5mjRpyJSUolBBH5areximyfFjbSlfvrya70Hfvn2VFaYgYnKaMox65coVpfR7iOALFixIbHjBaKZMmaTt8JbYFK2jtmBgaCxSC8wTfYajoyRdunTIAGW/IefBgwc0B/vhrzxt1TwmVBFiKkaMGHRcTbpIANg5wSN9+vQmneazZ89kHitrZQhHBal49uxZuc0Pvg7bRYxI55OGpHnwkpkzZ8bSJIk0P1NPXspTuXJlGXu4ePGi3BFKeJBtrApOloPPmzevXMTV+SHkcOJJJSNXSm2FsSoi7Mm1V8DP4rCQ4HRCuiJtGjduXMM7SdvRnfjIV3x8fKQfkvoULlyYLRH3Qel1Tk3ukCLQEgkwh2HDhpUuXZqOjepyNno5Lj/Xvn175WuWweHJq2ERZAEu7YcC0hiqBeFo5vq15XDuVC/ZbVATQYgi+AROasaMGUF1GIQLzWd+ChQeHH/FTpTP36O2F1y7dk0KkVl81FYV4dYlqKNdtFVFdEWZ6EPer56CVfnw4UONGjUwBFy0yaZBpsvFYpqYRFcpNYLCS5cuYQIcNkpI7Iu/hOHnz5/j0gUy8IQJE2KexG88LWH1xIkT6GniiMro0aMlXgANrcllREldsFkLR145HcyfHIlTINVXSq0GNUmFS1XAvXv3gjIc6h/rdnJyIo5fuHBBKQ0EYleuYrOZOsJC6z9+/JjWIb89c+YM6ZP8nEAnxz1yGKAGd8ESf4LUlvnvmDMOXCkNGhN35nO2HBC2h1ZQirSDfBd9QzUVLFhQKTJC7hFFGHIOxjUCVBOpoWj/VKlS0cU5PXo5chIBiAlh3hSuWbOGWMI2mI2fn9+dO3dw07SuYR8KWN3Ro0dl6I8vUvLu3Ts2Y0G1EKvCOXIMWKwDvRQibKGZROxjq1ISVuCk1KlvJA+xY8dGMyFzV61aRccjek0ygMenr5InIYxkDIkwKU+g2LRp04YNG3B5shMVSiRpTpkyJb2xYcOGLi4ugwcP3rFjBz6FPbNDKgHhhWlwGDJP1nIOHjwoD+xHRmBlUhhq8OBIIowRvUKIUko1Bcf65MkTjLpUqVIBbl8VqMMXL15QnzRQkSJFAngSYzhacZcmIZTev3+faq9Tpw7nArQC0kGld+/enTt3Vra2JsRXzpoF+k/g8XJLoHP26NGDc/T19eWMqDplhdWge5QsWZIQQ1DkvJRSI1hFgMDJczAmb+cmdrJWnuF59+5dgjQLnAhnQeaAXxVoepnaglf38PBA9uXMmbNKlSroFRWyaP5+3WmECAQmpJUshxqyIEI+C1iTCNlQw+kQJbF3TnDr1q2EM2WFdaBRMAflg+GK6tChQ/fv30+v4KdxvF/vULh1iwqfPXt29+7d8cmLFy8OIGtUqATq9vjx49mzZyfBU29no/X5Iq1DlkuMfvr0KeZJM8lPd+nSxcvLi8iOx5s8eTKeloaWRkQVGXYQYjAcDgAphs/MnTs3f5UVZqDnBQCvLcNWP3wEZEihZlE87BnJphQZgZvbu3cva8uVKycXtgIg9y9QiagZpegb6KHx48fjJb+ekhFkkyTuf//9N3kDkks2PnnyJDshwKgXsAhXsj3VJyXW49WrVzK2H/gsdIICG0P+UmlYF4aklNoKGStCrMjcQyIlH4m4c+bMIfTKNgGgy2F+HLPy+Rv0wyRJksSPH18diCUa0SHXrVtH2hrg3lc0ClqqRIkSdevWxUNhHWyPd8BN0LG1ukVfnmzLz+HFiPpKaWhB7hN42Jv1hkKJlPgBjjmoF18bDwbjDZXS70E24ZfRrAGerYAwxSMTsGmgtm3bxooVi+DUrVs3XBZguUFpLPUah4wVsWf5qAlt2rRhn8QSkzPSLISsXV58gc7W1uEHBR2DWkXe0YImLYgEQ8aTiItK0fegYMaMGcMxV6hQwUyn/eGd+RyJev0BgrogG0xk5p9cYScvUkotA/OnHjgR4rJSZB2wXFS+PKkhAKJTyR/I04jgYgIY+LZt20zOB8CmfvvtN3RqgQIFTF4UQn0SfGVQzdXVFZ+G1eDWatasSe6hbGSAqI0Z0lvwmaG7Q5B6Q1rxQxx8MCcNm1BFMgWdvSAeg7pkGDo2btwoVxnLli0b4OSBmpLJPQhGcmWl1AhOT2ZvrA7iUUZIWvXldgGg6ps2bdqrVy8EUOnSpSlhS3WepqgiXIPJ39WWw4cPczCcBSerFOkEg0mTJiFEyMDMzwG0BqKKoHXr1kRTUUUoGDNWiioibR337Q0hKrh73Aqt7+npSW8EMlo6nuQhASAGr127NsB9pFOmTCFUk+Aqny2mR48euDlcBikgeZVSagHy7lXOiDRGKdIUUhfSTSTjqlWrlKLvUVVR3759AwyYoyp2GMARE5U562nTpvER0SnNgZAlQc+fPz8SxNAIwaVjx47EFeKB3FOj7QM+JJls3rw5/Ucp0o43b97IfcF0AzN3qGgImqZw4cL8IiGf3iItInAAd+/effnypWRBhF4yIuVr34P3ZgOUnJkgVb9+fU4qmM8rAgKwJRcoL1y4gF2zH6J4586dlVLLGDRoEO4iWrRoLFgydzs4sH9ia8+ePStWrEj0B5GVJsHA0QlFixYVwzGGCsf7oXJMXpGk9cePHy+RGhG2YsUKCjFMmpJMEpEgm6mgvUhgsHciuFIUElDe/BDCzvxMKWNMqCJYuHCh6FNtjQThLxf7qVAqhZM0nkSGR6Y8Xrx4QQ3YcHp8nXigjvoEQPWGdPTt27fv27dv7ty5TZo0MXZw4k9ZILT8/vvviDPMQG78ZksbpEqbN2+mjekxBCGlSCcYbN26NU2aNHTL8uXLK0U2gUw65bfHcmTMmPHSpUvoEpaLFStmZiwEVURPxo6UzwbIqwYPHmzmKi09s2vXrrNmzUKHcaYDBw5UvvmNhw8fVqlSBS9JJq0UWYy4pyxZshjfSGIJ6rNoORGZ86EtcqsEgScoiXDy5EkJurh1RA9OANq1a0chCQmtCaSeOEoqHOfAR/ZmOGQT0Oh4BhgwYABRkwUCnpeXF+5lzJgxNJNsRrMSFM+dOydjD3/++adyNBZDnJDrC0OGDFGKtGbv3r0ivEIXeEIBUZCfixo1Ks5QWkSFZAAxFDduXDbA4desWVNaUEVuuRBVBD4+PrLPwNBVaCDa3czDF+QhnLIr0nVL7qU/cuSIXAdwcnL6559/lFLLuHfvnuwzW7Zslsw4Dj4EQSqBSoYzZ87Qz2mskSNHihVAdcONmT8EN0V2wRel1Qh8uC9y2i5dukiFI4nWrVtHLsGP0kCcICYZ2LOh1WQs87ffflOKgo36xF0OJvg3E5hWRSTEqDYOcc6cOUFNuQop9F25Ekw3JenHDeGSEAc4HWqKX0SB8YtUjdzNEQAOg/rl6+3bt5d6DAx5oXQgYpIcNrKUNmbnOCkyLTqrSCKBY6AEdylabdKkSdZw4gEQVYQmW7JkiVKkEwxoGnn8Pz0E+auUWh/sVn1dAP2TPizd2IwqwoyLFClCp+rUqdPTp0+9vb3RNyRPNDqFahwl1KHRScuGDh26ZcuWr/NWnj8nNzh+/DhJGL8VWP0fPHgwU6ZMWLhWT5fh52QkzMzdCSGF05epV+wzOHMbQwS2LJeTqASEMkIEkYpegYYNG1LJUs9i5vwl7gpsD3geFWkInAABGG2E5qYhVJA+SCg2wE7xIUCvkwUqTVzQo0ePZCdRDC/Cw5XNnz+ftqNQw0EdTpBuQyZtjctnwunTp+UeAk5Zk/HCH0KwJ9RRafyoeYwbUSCm0sqqlGGhQoUK0geAU1CWBgyQSxMuLi40KGL91atXNJkKtvnmzRtsU51PY4kqkhkgMksJj6Hhe4KXL18uHaxBgwaaG1Qw+fTthbvAMeCpEEwTJkygkkkDMB+gUcSyaBEiO5aFIdB1pdUojxMnDrpCymmmVatWEaBl/xgUoody/Ftgvzp58mT2g8byC8kDpWiR/fv383O0SMeOHdXf+iGmVRH237JlS/ZF6sD5K6WWoT59AeGCju7WrRvnLwkBeHp6YiRUCp7F5JVIerAMTSP/gxJqd+7cYQ9UfVBD6xh/+fLlxT/ShHIBWOBIbPCkItBVUahBv9JwKAkydaXI+qiPxqHJ0NDSW4COFPiJQfgOX1/fnj174gLYBtdgPJmXnklsc3Nzo5fyMajnie3atcvDw4PfwgEpRQZQLfhHkmn6rcnL+aGAhAQPjuPAHpUiLaCTY1+co+aTwG7fvi1XwIMJdV6qVCm+Am3btp03bx7OR5DxpDx58ph8HgGNK/elmrkvD+kjTUmqhqjC9WfJkoX6pJBwq2xkMaJXChYsKJPxrQTGxa/Qby2cWxN8Tp06Vb9+fdqlRIkS2EVgsBSaj6PSikqVKilLBgjk6AzRvoIlqohASeLNTmh9eo5SqgX0JXl2Bmg1m9AakKIsXLgQy9q9e/eKFSvICWlcNBN5F61p/OAiZFPg5wbt2LGDcnogYksp+sayZctwerRUiCZX4T/x0vwc+zQzWBgY06oI/4uCZndYuFZTi9avX0+9IHhl0iigUebOnVunTh3ji5fEntq1a7NxgBGjs2fPUrNsYOayxYIFC+iRtITcTGGSiRMnUkfUL/6xd+/eGTJkEL+GCiQNVTayJpMmTaLtdVUUCs6fP4/IkDEYG8wAE0QVoRvw4H369KHtDP306yvDCPkIdDokSTxeYPjw4b169UL6B3DlqH/8/uDBg2fPns2WuAyZ/TdixAjlN75n+vTprMWDG09E9fb2Xrp0qYwkYy9BDZeGFA6JoyWlNpmKhJrHjx8TbzhUzS8Tk+LLG0YFjryoAfI3aljAd8lbOKBatWpB5YhXr17FI5Gi4DcCz/kNjirasmUL3oMK3LBhw7hx49SRDw1VEa6M/hMxYsQmTZooRdaBYCbqH7Eol6hsBpWPXZhkzpw5SqMOHtyvXz9p68DI8K0K8hQTk8wkRFiiioi7KGN2QmOF+kUfQYF5itMoU6aMUuQg+BvuK6cp5doZSQiZLW488FOzQS71kFUqn79x7949d3f36NGjB56paYZLly5JcMdXBzXrxiSmVRG+ftu2bewOOA7LXTCqTWQW/cY4A+aH7t+/j8enIkis5ReBHoAvqFKlCmIF54Vfw3PJKjOqyNPTk4rDfswMAuOsCasy8YrISoPJCNvIkSNlA6vi5+eH4fFzdAvN32b1M0C6T0cn/7DNJXYQVeTs7EzYICRny5bN0A2/Pol1ypQpRGg8crp06QiuctVGBdfcuXNnfMHx48eNOy2dmViOugpKMYgqKlmyJNknSoi+iiFkzJgxRYoUsmcUQFDDpSFFHvyDVQa4FctySO/IxTHkwCNqlkAEXb58uUQI6hCzJRqB8aAUlUNKLR6WUwtqXA23tmjRIhcXF7YJ/AI40jBSJurc5P2wAq6Gn0Cqnjx5kr4hiSmQmGl1HWrUqFHRokXjTK19CxLOkG6GcZGw2ebtHyEFw5G2DgyNhaGpbNy4EV2yefNmLy8vkaq0MidFIkrKbQzpinEOkzVr1tCNAnz+/PmPP/6QnVSsWFGri9EqmKc6mGebGfHW4N27dzg3OnNQqgjZxDn+9ttvgXW5zP0lyUEwKEU/QoYGPTw80GRKUfAwrYqAriZP03FycrJ8GsfDhw9lUkiLFi1M9hg8HYEnfvz48+fPx1W5urpKjBFd2bt3bxmQBw5M+c73XLhwga+T/AWexK4i0zJQRepzgXFeUaJEwRdoODvSDDhreT8Abl0p0gkJO3bsoGPQgkgKrZSBeUQV0bXwtnxECcmFV3omOl5yETwv2hqHRSaHvs+bNy/laAKTkwDoAxx/+vTpTdoq1jHJ8G5ntqEz40GMr/MKCxcu1OTccUxEfQ7eGs+Iw7KKFSvGWWC82rYU7mjQoEEy8bFq1aomk3siKLUkg9PNmzcPPBQkvHjxgmDDNkWLFg1wvZLYQxOzfzNTCEQVkYyJRj98+LB4rVatWgX1iyECpUXkZod9+vTRZIfmmTZtmqSI5NZaTZwIW7AmmXeB+iELRQe//J5nz57NmzdPDS6kIj98dahJ3rx5I3ct0Jf+/vtvrYZyjZHjxLGQV9vG9VkDvGjcuHExkw4dOgSupaFDh1KHeDwsS2Z9AVoKk5fbJFkVnIdTUz/Dhw8nnaC6SKRDKmCCnOxG+kumi5FwWI8fP1ZKQwv9z8fHhwUcJf1GClUwePJpvFKWLFkaN25cv379a9euSW/Gu+EakCz+/v6y8apVq8jecGfyUeX06dOcvAQnpSgQVDQpETWFS5WSOXPm8BNkEnJ5ztqcOXOGM2Wha9euUqITIgoVKlSwYEE6DFkgUlsptT6YGWGeBYKoyBQMG7WUPXv2XLlyNWzYELWEP92yZQvJfZMmTVAzxt3MmCNHjrA3rICgKyX0W3IjOjB9Y8yYMXKPFedIVoRHIHcnuvNDyQ2viMIzEobZueGroYf9nzp1imNmV8aXsLWCWsKWqSW017lz55RSLUBpsWeyC/zX/v37V6xYgetQ1n2D323QoAGeEdNevHjxgAEDOF9lnRFx4sRhV9myZWM/S5cuxcmQlFPtNMemTZvwDPiTH1Y1xyNNSTWqw0WWQyc5cOCAPMJN3hws5daDdDyp4QnyW7dupTdSvVLu0JCc8HfXrl3EEYwOwzSGCI21kqLIxlh04CQkOCxbtkwcO92ydOnSgWOc5XCc7JneKLeGKaWORpUqVZycnNBD+/btwxMqpd8gjeQv/hBVlCBBAlwfIEWQ6fLSJ1ahRjANw+ZBgsNBJ+AW8Jb58uXDQpUVwcNc46FR0qZNyxFMnTpVKQotOHf8L9Uhj19TSr9x9erVgwcPouurVasmJWwzZMgQWeYYfvvtN7XjDhw4sEWLFijHf/75x9vbWx4egy87e/Ysjo9ayJgxo2wZAKIa2fmtW7fwmDLREiTJwzbkbgWrQiNdN9y0TM+WdyzohBTCT40aNVjALyC1pdCq0KP4UXIDOht/lVJD9km4PXr0KN5w/vz5rQxv5JYISm+kKyYK+qHJQGfw9fU9duzY6tWrR44cWadOHQQf6Wbfvn2xFDbIlClT/vz5cQd//fUX2v3QoUNyD2aAMf9QQ1dcvnw5C/R8qVLNwZ1RdTdu3CBBDCxcLMHV1XXu3LkECXJ9pI9M41DWGUEgqVu3Lm2xdu3aJUuWUNsq5F2Us3DhwgV8MV6O5LV79+79+vXDvcAEw7N0Ja+VvQUGn8Nfd3d3ZKuUaAidTWI5y0H5NG2h9w4bNowFnKrceSfljgttJ++PAxo6qGhas2ZNiUqheE4VXLlypU+fPvRAEvJ69eqFYg/BpFGjRvwEIYzYR89XSh0NcYycBZ5BSgCfSW8nq1Q+Gz1fGn+Ip1WFIP4WbSTLJiEuLFq06PLlyzgfUqNy5copK4KP8sumwCw7deqEds6cObMlU9/pi3glfosclzNUSo1Yt25dypQpOQfji19oSTlCsvA7d+6QzBEbMFqUk8QelD6Ro0KFCs2bN69Vq5b0RYSh8v1AXLx4MW/evGyjPlT6wYMHcpWwbNmyVr2/Q+AsZJQVTYbHUUp1QgjxTG5/7dq1q+bX7wPj7+8v44ik0SgYOjMdD98U+B4KFRnsNflOPR8fnzJlyuCCo0aN6uHhkT17dmM57ubmhiGwQPKwefNmHIHxhQw0PatQMJpc3VDfpYBDt8aAv0C84Sfo9jL2oC3EORmbKVCggPGN0EQpXIpQqlQpcRc0H7WtQlpCjMmRIwdJl8khPWH27Nlfgr6hN77hkQ0SEQEFQ/5GiSZX0JAmMom4fv36NnMXdC2yeX4UOUj4UUodmXvf3hFkplFQwKKKQnf/nVxU4evWnu+IEurVqxf9GWFBVoA4UFY4FL179xaTHDBggHTs169fo2OyZcuGBkCY/vnnn8R6wMfSasTrrFmzSgPFixePFMuMvyIikOyJUyWXCN0Lj82pIvDy8sLyUdytW7cmHiilIYQDRV1xlEE9nX3MmDFUB/LL+MaiQYMG8ZXcuXMbT5b8YHi3HD1v5syZuDlqSupXBd0TVJVt375dxsMJNlKydetWqo/41L9/fymxKhy2DM/yu6GuTB1SAXXioW0eprBixQrxevJODFQR8iWoOY9Pnz6V269Q8HykoQmrGD/iHiNKkSIFXZ21Ar1R7cDt27enq5MYyDKnKTsU2InMwsYtWv7Mknfv3sldWpyIVjf5m4SMjROk9kaPHo3xKqUagaWjU11cXDgR4gQ5kuDq6kqOJBjXtoDTMAbnxjYcISGNahdUnYQDpAX5IRUq/7CBfv364TrYRlVF5L78OiWWGzhfp9fhLqg9cmibuQt+iIOX62gZMmRAdyorHBnp6ui88ePHTzZi5cqVxCaQbJmqDuodMmbABUmShjtSX1VrPcje5bJJggQJ1q9fb7OOoSHoVLFKkhNSXHwRbSGmig3evn1bVXuY24sXL3C5TZs2xU5pIHJCMy94AWS9p+Hx4u7u7uq7K0LKD1QRh4V24zdIXkP96FtOW4KKSVV069YteX8Z2Rs/p5R+m3PevHlzk/fUsSV1t3jx4lq1apFeq4/hihUrFk4Nn4V4Mk6w6D0kjmxAS6j6Eb+D5kuWLJmZ+9q0gqgm0hCHa/L5KDrBZ9u2balTp8ZIyGttkDDRdn379qXt6GmbN2+OGTMmJrdv3z5ltRF0M8xE7p/v0qXL1atXlyxZUrFiRbolNk8MphzoA8jxNGnSdOvWjQ4sWnnGjBm4VBkiDTwQRX8m4rITTZ7VtGrVKg6GvVn7NQLYoEjY8uXLm7mZK9TgB1CfuFQ6w9eaNeDk5EQIVMHAqWqBAEZoVKHOsX3kGnz69ImGFuhg0ijp0qVDjNKUKnny5MGbgXplrXbt2uLWzp49K4eBcrUwOuKjxKeVK1fOxjerPnv2rGXLltI9cMKWD3qFOaSjhob6ekHNGE6QVgZptaxZs4Y0xlE5CCmZBF2iRAl6jrLCatCv6JAST+mK5iWCfcIpyOOXqLQ//vijQIECNARnRAXS95SNvoE8YGMSUTYuWrSomcdkAFY8e/ZstmRvdN03oX06xg9UEZA6cNCEge3btytFIQS3K/EARcJOAsjbmzdvUh2sxeOoq1hAelMXZq5TqNy/f3/IkCG4XdHsQunSpSnE+x85coT0Dtq2bUt5nTp11Cy8f//+mAS+Uj5aFTR+mTJlOICaNWs+CuLNPjrBBz1Bt4wXLx4yRSmyJmQwxm+HzpEjR+B7IYmveFW5ABEYDDVVqlRly5atV6/eyJEj1VEueiYGTG8nQSdnwhYIh/Pnz5e1QM8h3CLLsHbSxFAnJyqkGZLqZMuWzQaDbT4+PnIJcujQoQFsXyt2797dqFEjKlZYtGjRym/gAdCmynbB5tWrV7hgQ7uZAKfh5uaGt5EZEmnTpqUTEhFlmhFYeO0JByVPoIgaNergwYOtKltNsnfvXmky/lrpZXY2JvCLwwOAM8E/q5cRggOKnI6HbubrtNSuXbuUFVYGoVC5cmV+kR7CeYX6AUthBU5gzZo1Uu0qGTNmDFz5yBpkE4kNG7i6ui5btkxZEQQrVqyQ4dvixYtbMtLxY1WEtRcpUoTsdvjw4aG7vI2glukFgCNGi6CNTpw4IdaO05S5FMaqCCnD6eFugv+kAZJpb29vPC/ZlfroI4INzqtNmzbozQQJElCCsxNBeu7cuYIFC1JiG1U0atQopGGsWLH++usvB70ebFccO3aMJAOpUbVqVW2fiGMS+jBZiDrNOVOmTDLgh3Xs2LEDa6TjlSxZMsBL79E3OXPmpJy1EyZM2LBhg8npayRAbKN8x/BEbDQQNjJlypSePXui4+mokh1WrFjRfLYUHBYsWMBPcC6jR48OdToVfEjgRowYgSWmSJHCUUKsjAFIc+D9MF5jEK/IILzN4sWL5ZkodEURr/IVC1UR3Qm5T4tXq1YtqAeRWBvcFL0X/deqVStHHJAIAOqfysTKgoIIhaxBDStfCAavX7+W5yZA8+bNlVKb4OvrS/ZFDyEu9+nTxzbPH9YQPz8/4yQTcA7Tp0/fuXOnOqKM6MRTiSQiY1y+fLmUBwXpIskeShHbIS9SSkPFj1URyKi+i4tLqC/9ELfUDoQqpwo8PDw4h0mTJqn3nRmropkzZ9LkCOGQtjdRirQeUTVjxoz69evzQ7JzFbqRp6cnfo2dRza8lKpHjx7Kl63GzZs3pRPQlUM3/0snMGvXrhW/gIYwnpFmJZ4/fy5PiwD6MJJdHhOApk+cOLHxzZ+5c+dGByDoMVRSFnI780Prnz9/3r9/v/p8SMAX0HVjf3uOtuDu7k5uauEVDSKc3N+LgNNk1nZwePTokfxo4cKFTd5vYYcQeETjVqhQIaghLsr37t0rE5vGjBljfJuMskWoIIsjg6JTaf6I5OCDXEYPcS50QgQi0lZZ4bDQ87HEoLgf7GcDqkydOhWtTxW5ubldC/ptClaCYyaEYVP4CtKbt2H0frTQ8fLly/bt2xts5X8kNLynOXv27PhVIEzLrZ158+YlRTSeXROYq1evVq5cOWLEiESEZs2aWSgTg6WKkG/iIIgKIVLTKriPd+/e+fj4jB07FidCZ5IoQi7CmXytEsPtY5w8KRc0adKEcs5T+X7IIQ69f/+eo924ceOwYcOSJUvm5OSkhi5+Vy7q0atQSMp3rMbSpUudnZ1J0MePH68U6VgM+kCuveKVUBVBhS4NQeJgCPQZQydS4CP9OUGCBDipoUOHenl5IdFCql2weYRUABlEd40TJ04iA+yZzmzeNfwQjEJe5k//Vx9kahtWrlxJFWF0xFqHCLHSIjQBshsxGpSuRVm2bdsWlRwtWjS5ZQzxeunSJWV1CKEP03/wkFQUvsK8mLY2T58+lXtmo0aNStZuA/tyIEi8CSgGM42wfPnyMKkc+p5cFcGcp0yZErorOWEC1XXixImSJUvi8XCeqh4IAFaQJk2aVatWmfd71EP37t2xQahbt67lV5yDpYpAvWIX1GsKgg9ZyMKFCzmNMmXK4EFixYolVRAAqoltlO9YDOm4t7e3/CimnvobxYsXt+q9lODv7y/D7Pyc/pYPDcG0CFeYDXWLMCJ5UlZYky1btsiLIJC5/KUDV61aFamhybgL8p3TkZ5ZtGjRPn36mJzTHTrwLGjHrFmzUl3E71DMtrEQzg43R2o7d+7csI33weTRo0ckZhxz0qRJSdiU0kDgQFDnbPbVbRnmR4d6XjlflHv7XV1dw/z+L9oIt08+yfFkzJjRGs9WcFDQi+ojjugbGhppiMCix4wZg6TgMPAbKFdlheOwadMmxAD06NGD0ByAWrVq/XAaJY63Z8+e1ABUrFhRE2kYXFV0/fp1eTRIunTpgvPI7WCCm54xY0aXLl0qVKhAGMhteBuGgD+y0qxkwufeb9hgXsWSJUsSJkyICTVu3Fgp0tEIxC6OW+alzZo1Sym1MgcOHEAbzZ8/f/Pmzdpe48DNKf1y717NrwmizuXZoYkSJQr1PauW8OnTJxQkB4Amw9k5xNjDnj17REeS2JjROrQXNs5mEGpVROuTFrOH+PHjL1u2zB7qR50T9p///KdAgQKhHgMLT2CYI0eOlGFdJBFaxPbT4VUw6k6dOsnB0FHPnTunrPhp+Ouvv0Sekm5t3LhRE6sJriqCxYsXyxh42bJltdUr9CpUFyZ35syZtd/Q6l39Ycvjx4/r1q1Lm0WOHNn22fnPwKtXrwYOHIjjzp49uw2mXTsuqEb6IZBfhsl8fxzW0aNHZa5A9erVLZwgZTPmzZuHJnBycho3bhyZqI+Pz1IjZs+e3apVK1I4Sdkh1KqIPYsCK1my5EPrP1Q2mHBUuXLl4qiiRIlC+m75LZAODTJxzpw5iCEq5Ndff23WrFmYT+ihq/z+++/RokXjeBo0aPBT3eBMSpzacLMk5jl48ODQTe8JTAhUER5BrqAT4Nu3b6/PGv4hnz9/njp1Kt6EZmvXrp35i6M6oWbnzp2urq7o9SJFily7ds0hBiFsDMabOHFiorunp2cYZvxYBLmd+JCmTZs6xM2Ybwwv/qR3xYwZk3AYP358UnMVCjkdDFxgs44dOwZ4AmdwIMt3NzxnP1myZOaf3mtjvnz5Qmon959HjBixatWq4eCWtNBB7128eLE65SNFihR2cvPX69evZU4bZtWmTZv79++Hex8oA6tubm74NAywUaNGGo7YhUAVAf5UshkSPo7JISYHhCH0zrRp00p13bx5UynVsQLyIlKqmkz9/PnzugA1hvSxVq1a+I40adL88AZXa0M21aJFi0iRIuHBO3TooFV6Z1U+fPjQv39/rJiUFHFJXk5PixcvHiUqCKbcuXOTrIdinuLTp0+bNWtGnbDnLl268FFZYTecOnVKknKYP39+KGRfOAC1qirglClTHjlyRFlhB/j6+qovy8PMjx07pqwIj+DeN2zYIDPeyEOM717XhJCpIvDx8ZG8IUeOHGfPnlVKdUwxatQolCzZ5IwZMxzleoGDcvfuXQK/wSdEqFevnsM9wMN6IMebNGkSNWpU+uGUKVPsIeKiG1q2bImKTZQo0fTp0x3lrm8Oe+bMmWvXrh0xYkTHjh0XLly42YhQv+XjwYMH7dq1ix49OhVSv359+xyD59T27NlDao594dN69Ohhh9LNqhw/flweh0MNpEiRgha3t9Tr5MmTxYoVi22YY0Q2rslD8O2TVatWJU+e/KuvN7zD1M/PT1mhESFWRXJVSA6odOnS+kyOoCApT5UqFbVUvHhxfZaiDSD8yxQuEvp58+bp19Hg1atXvXr1kikv+fLl0+RGOU0g9nfo0IGjcnd3X79+/U876vz+/fthw4bJ/dWZMmWyZ0fBoY4fP97Z2ZlDRWQjjH6eSRRIIgSHDBRlzJhxyZIlNrhNJ6RgRPSfzp07i70TfXbv3q2sC0esWLFC1DlUqFDBGrdqhlgVwb179+ReEnoJtqFfrQjM0aNHs2bNSmKBZj98+DBSUlmhYzWQQd7e3pJDJE6c2MfHRxdGvr6+sWLFoh8ScS15BL41uHHjhoeHhzSWLV+Aaj9wynfv3pUHptNGSHllhb3y+vXrQYMGiYaLHj16165dA7+4KvxBaiHvF+KsXVxcLH+SqlXx9/dv3bo1sjVixIgcLULWsR7waAY/P78mTZrEjx8fY4GmTZs+fPjQGvIjNKoIRK9xZLFjxx4+fLijjIHbBjR7//79qZzIkSMPHjxYj802g6petWpVmjRpqHz65/79+0lwlXU/GR8/frx69WquXLlwjnny5AmrF0eYgcZav369DPg7OTlt3br1p7rKzMlu3ry5QIECNFDcuHF///13zZ/FYA1wbv369ZObsDhy1Hb4eK9+UNAoQ4cO5Uw532jRonXu3Nn+/TlJ+J49e1KmTBnJ8A5jhBHi2yF6lxnOnTuXIUOGXww34SOMaAjrXacKpSoCLy8vGcjiL6FIHw4RkK6HDh0qVKgQNWPmXQE61oPeKOP8rq6uEyZMcIj5vJqDeRJrqYT06dMH/2WCNoamGTt2bOrUqXF2KVKkWL169U+iYp8/f75gwYIkSZJw4nnz5iXJdKygdeDAAYQsvQsyZ84cXuf2+vj4IAFJsThN5HuzZs0c6FLvnTt3qlWrFtXwEtksWbL06dPn/Pnzjph43Lt3D5cur8yKESNGmTJlrH3LSOhVEYwbN056TO7cuQ8ePKgrADh16pSnpyd1kiNHDl9fX6VUx7bgAuRSGvJoy5YtP1vPxJvLuxo4/WnTptmzLnzx4gUNJLfPIOCGDBkS7mfKE5nmzZsnb08j1ob5XYGh4O3bt1OmTJGH7iLs8ufPH/6eY3Ty5MmiRYvKKBG0a9fO3q5B/5CLFy8OGjRI9Ct6onDhwosWLXKsOXycAmJUvWhbvXp1G7xyziJV9OzZsx49ehj6TAQPDw/9kfDIIDInqRCH63/hiZcvX27atEmEkbu7e5g8yjms8PPzK1asmAyez58/PwwfvBt8jhw5IvkVjq958+bheKoiAn3nzp0FChTgZDnlqVOn2uG83eDw+fPnK1eu1KtXj57266+/IoxWrFgRPob6kK3//PMPEU3mEiVIkID830Gfjoh+nTt3rvqC+kSJEnXt2lXzm7asxIMHD8qVKxf52yvSsmXLhqOwwVUpi1QRPH/+vFu3bvKgQldX12PHjv20UgBJlCVLFuoBWypbtqx+d17YIpcyCT/EnpQpUx48eNAh9IEl4C/Wr1+fN29e0nd5ErFDPCYROPJJkybFiROHIyfKNm3a9JXFr8K1QxBAo0ePJvHlHPmLJHL0GZnYVJ06daJFi0bD8XfWrFn+/v6OO5uC4PXixQtSfXnpJ57cxcUFN+K4ZwQc/O3bt+vXry83XtD3kiVLhomhMOyw+5E2YCaHDx+uUaOGOARUUfz48UeNGvX69Wvb+ARLVRE8ffoUYUSSRzfKmjXr7t27HboPhY7Hjx937NgRv0AT4ib0JznZCWvWrHF3d8cXyG0B4eZ2DJNs2bJFJi8nTpy4f//+DveovT179lSsWJGABFWrVl29erWDjqMEBpd44cKFRo0aSeKbOXPm5cuXh4/e+OnTJ6SejMtiaAULFlywYIEjPv8aIb5q1apixYoRiTkXZ2dn2uv48ePKaseHlKlkyZIy3VAYOHDggQMH7KcfPn/+HK3WuHFjddYaeqh79+42fjiWBqoIOOhevXqlSJGC08iePTvCKByPgQeGtmzfvr0o8Q4dOvxUb6Kxf/AFrq6u9MxUqVL9/vvv4fLZUfg1NET+/PlJBMlMZs+e7aB6guyic+fOEpZw33/88Ycjzg8NAM5w7969OXPm5KRwERkyZPj777+VdeGCDx8+bNq0iYhL9+McY8SI0bJly9OnTztKFPi///u/8+fP9+3bV+6tA0TehAkTwt9zB+7fv0/fq1SpkjwPAhIkSMCJHzp0KGwNzd/f//Dhw3SbbNmyyYFhKSwvXrzY9tmdNqoIOCvCj2QMmTJlOnHihLIivEMW2LZtW5kOVrZsWft5raOOCi5bJDsULVrUUS6rB5Njx461atVKTK927dqnTp1y6CEWQhGqTuITKWPNmjX37dunrHNMvLy8iEOG3vd1RvnRo0cd/TZpk1y5cqV169YEM04TYZQjR4569eo5xJuOxowZkzt3bvHhEDt27IULF4bXcWWkKo0ybty4JIb3NEO0aNEI2WQjGzZsUDayIaixLVu20FU4BnVuO96sT58+J0+eVDayLZqpIvjy5cu6devc3NxI9ZIlS7Zo0aKPHz+G49t/ODWSJORtlChR5LL6gQMHwvH5Oi44gosXL9avX59clpYqVKjQpUuXHH0Qgp72/v17Eiy8G+eFQxk0aFD4eA8Dmcbu3bvz58//66+/0l5x48Zt37793bt3HevSPL3u6tWr5cqVIy+PbKBbt263b99WVodHUHtnz56tXLkyLhF5RNt5eHiMGjXq3r17djjfFO9NA/Xu3Vse5MEB00ZNmjRBNISDEUrzcO4PHjxYtWpVnjx5ohru3ufcSUJKlCixePHi+/fvv3v3zhpDfZgwe6afkBuMHDlyxIgRKVOmpP5lYjvHED169Fq1al24cCEMp4FqqYoEMtdSpUoht2PFitW8efPjx4+Hy/nXnJTMCMP+gYYMxVshdWwJrnnYsGFyE3jixIm7d+9OdqusczSePXuGbihWrJik5tha06ZN79y5o6wOFyAg+vfvny5dOvINCVpjx4718fF5/Pix/Qctf39/Mm+5aoY4yJw587Rp036Sd4eh1728vAi3nLg0XOrUqSdMmIBgspOb1J48eXLw4MHffvtNzEfaKFu2bAsWLAiXw3hmoLF27txZtGjR5MmTS23wF8hJkEdoF7h16xYSit4b6kFoZJafn58ooXz58lHb8lsCkih+/Pju7u6TJ08mXw3zkYX/8E85NO0g/GAVyEDqka7WtWvXhg0bKuvCBTjlhQsX/v333wgjcvTWrVuTpidMmFBZrWPH+Pr6tmvXbt++fSyjKkjfCxQoIMmiQ/D8+XMc+urVqzdv3ow+oKRgwYKI8gYNGhjPoww30F7//PMPDvru3bt8JJ0tW7Zs5cqVq1SpQo4r29gbCFYc4Lp16x4+fIi7r1OnTv369QkGyuqfA9oLFbt169bLly9LSaJEiVq2bJk3b95MmTLJOyJtzL///nvjxo0zZ86sXbuWBsKNSzkRmky+Z8+eJUqUkJKfjUePHpHVr1y5cseOHcgXpfQbaKY4ceLEjh2bFkyWLBkixtXVNV68eMrqoHn37t3NmzdfvXqFRWALx44dU1Z8g6Dp4eFRuHDhDBkykDmQsqoX0cIQq6gioMOtWrVq+vTpBw4coCqbNGnSuXNnEnRltSNDRr5o0SIMnvjEx/bt2yOJEiRIIGt17BwSER8fHyQ7GRJ5YcqUKdFGNKKk9XbOs2fPxo0bh0S4ffs2H/EpmFXFihXVp2SFS16+fEn6cfz48VGjRr19+5YSWo1EC6+SOnVq2cZOIKsWDSfDkJ6enm3btq1Ro0bkb89c+an4/PnzoUOHNm3aRA5JUJTCFClSpEuXrnTp0jly5MiaNavNpPzevXu9vb0JzxcvXlQPBjD8pk2bFi9ePH369ErRz8rHjx/JuOjDVBTd+MuXL8qK70G4JE+eXL1NzAwfPnxAHL9580b5/A0EFl43S5YsuXPnRmChkpUVdsLXASPrQJ3iyMgMUOI4hUqVKiHSrXGp0mZw8HQahG2MGDE4KTpHhw4dyNeV1ToOAj2TVtu8ebO8coHUByMfMGAAmU2YD94GBQ5Lbhum72G2dD9cyerVq/E7yhbhnffv3+NAUBjYHacfLVo08svhw4ffu3cvzFsNz3Dy5MkhQ4a4ublxYHJ4bdq0ISSEy/kDIYKgePXq1e7du6Pdpe3owDFjxnRxcfHw8Ojbt688mo+K0rYdaRR2C2fPnuXX06RJI4+PEfPhSOg/W7duJcHQ2ygA/v7+Fy5cOH/+/Pz584lxKHvaDj9JpQW4+GUSNpCLp/wV+K6zs3PVqlXZ2+zZsxGmeOAwnDlkHmuNFQns/PLly+PHj1+/fj21QNXUrl0bR5Y4cWKHS578/PymGMDYsC5yi4kTJ5L30FGULXQcCjonUmPkyJELFix49OjRp0+f4sSJM3DgQOJuokSJ5B7jMIfO9vbt22fPnrVs2XLfvn185LDjxYtXt27djh07yntwlU1/DghgPj4+Q4cO3b9//6tXr7C+lClTtm/fvkKFCvHjx8cwZRKSbaAtZLLFpEmT5syZg5cnACBbCxUqRLDPkyeP7hxU6LqvX7/evXs35nb69GnCAYKecmqMWqIb586dm15dtGhRJycnuTbKQkgrEIvGXrBl4s68efNIGyihmfh1JBe/Ejt27Lhx4xKegYydkPSzWVCIoOqoNxZEsN68eXPPnj07d+5EaMoGJsEkixQpQtCnQaWkWbNmtCltTW0DC1Jun1hXFQn8BC5s8ODBR48eJeHLnj17q1atqlWr5igTcUhGDx8+PGDAgEuXLvERzUvm0adPH92cwge3bt3CgS5ZskTesJMuXboWLVpkzZo1R44cYTtTh1yNRHatgSdPnlBCxM2fP3/Tpk1xNz9595s+fToO+siRI3fu3OEjPrdcuXIZM2Yk1CU3YNW2Q0bjDW7cuLF8+fKTJ0/SOjRHkiRJCO0VK1bEuTnQTDXbQ4a5aNGi48eP+/r6yq2FygqDSML0ZNZRyZIlUbrYo6xCwZAGmLwiI9Ao7BPJ9fDhwwMHDiil33B3d/fw8Khevfpvv/3GbpVSHZ1A2EIVCVgCgYekiuyKZJceX7lyZfJyO0nKTUKesW3btvnz5/OXRJCYlCFDhnr16rVr1+7nnCgQjtmxY4eXl9fGjRtlzgFhlbSVdB83Ki/ytCVEixUrVpCTEW5lsirRApVGuG3QoAHHJpv95JBibd++HWHEX2KhJLUEPGJn5syZq1SpUqhQoVixYsnGWvH69euZM2cSfU+dOnX9+nX50USJEpUvX75ChQrZsmWzt6lOdguB4NixY8SFTZs2nT179sGDB8oKIxC7dHtZRhVlyZKF7V++fCklASCFQDMpH75BByDK4LcRW/xVn9OooxMUtlNFgBdbvXr16NGjZfwtQYIEhJxixYp5enqqT5SyH86cOfPXX3/hcO/fv89HZBA5erdu3YhJdnvzi44l+Pv779+/f9asWd7e3q9evaIEl0qQy507d+HChQmxKVOmlC2txLlz5wi3Fy9eJE7g/dV7ZAjzxYsX7969u973AvPhwwfC4datWw8cOEDDiaiNGDFi4sSJ8SpRokSh+dTpnETWggULhlS4PH/+fO3atSzQNPwKzUSOJKtQzE2aNCHHQw+Fy3sAbcCdO3eePXtG2/n4+MiLUJQVFoBOLVCgQKtWrcjAaW69aXSCj01VEfz7778ofZLyGTNmXLly5fPnz/ipSJEilS1btlatWgSeGDFi4MjCagDp48ePOL6VK1du2bKFHF2msnJIefLk6devH2bGsSmb6oRHSP3pA3TL6dOnjxs3Dm3ER0IsHRJ++eUX8s5Bgwahlui3CBT+Kt8MOYgeguubN2/27NlDZ5N7mL98gw1SpUo1cuTIcuXKyQHofc8M1Bitxl9acM6cOZs3byarIb5K84Fs9p///Icm42P58uXd3NykMChQqEePHmUBJ8B+WJDpKTFjxuS7HTt2rFSpEsmS+Cv9erqF0HZUL/VMbZM2k5+wgFSiHZUtvgfDMTYKdE+RIkWSJk1K+7KQMWNGsVC9XXRCiq1VkQop3dKlS9Eft27dunfvnhQ6OTlVqFCBPo08Sps2rS07NPHp2rVrGzduxKXeuHGDEn49Q4YMpIDVqlUjMtlyFqeOPfDkyZOJEyeij9FGfoaXhEg53jZv3rxIlqJFi6ovpjB+NAPpqfG0ktevX8uNiiyzoI7/nz59ev369YRegoGUCHHixGFvKVOmnDBhQvi+5d6qXLp0ae3atciau3fvvnjxghL8zPv372VtSJFG4a+rq2vjxo1Jk/Tnk4UhmMyyZcvc3d1pCKVIR0cjwkwVCUgiUoENBh49eiSFqH4PDw+ESNWqVa0dFTj9Xbt2+fr6Xr16lezk/PnzMlEAl1e2bFnSQYd4jI2O9SC40jPlMSdXrlzhowwbGIM2Mr4o4+bmZjz1ByXEF0X6sGD8rBRjCLrp06dHiOfKlQt3nyNHDvXFTDqWgKKVvAsZiiRFGNGI6CRaBJOXbQIQMWJEXJA8X43lwoULJ0mShEZxcXH5Ce/709H5qQhjVSQ8f/783Llz+KlZs2Zt3rxZCsnIs2TJQrwhKSc1z58//w9HvIMJuufEiRP4SpLIY8eOIcsePHig3tdAKGrWrBmCjBCVKFEiKdT5ySGCoo2EI0eOzJ8/H0GvrLOMKFGiVKtWDUlUvHjxtGnTEomD83g0nVDz+fNnhCnaCD9ALqSUfs8vv/xCXhTH8F5xNBB6SMp1dHTCPXahilQQRsePHycvv3DhAmkcnotohIeKGjVqtGjRIhkmG+GkPD09EUws16hRw/zzsi9fvrxjxw5Zvn379qlTp96+fcuvfPjw4dOnTzIXgf0DGWH16tVTpEhBcEKEqc/70tEJAJ3n1atX9ByWT548efjwYSlfunSpPO7cPHTgAgUKlChRomjRoi4uLnyMFSsW3Y9OTj9UNtLR0dHRCQvsSxWpcFTIF8KMj4+Pt7e36Bh5ZIsxwRnKNnmCBCEycmdnZ+ITxIsXD6WVKFGi4OxQR8ckITIlvafp6Ojo2CF2qoqMuX///oULF+ThFteuXWOBNP369ev+/v7KFsEDGSQPBCMjL1SoUEYDmTJl0p88pKOjo6OjowMOoIqMuXXrFmLoy5cvd+7cUe/lefTokXoVwySFCxeOGzdu7NixZWYSqkguwOno6Ojo2DN3797F269YsUKeY278nMZkyZLlz59f/tasWVMp1dGxDAdTRSb59OlTUE87FZycnGROko6Ojo6OQ4ASmjBhgvmM1xiEkaB81tEJFeFBFeno6OjohBvQQ127dg38+o5g4uXlpWsjnVCjqyIdHR0dHbvApB5KliyZDAIlT56cZaU0QoTDhw+zJV9hWf6qsNn48eN1baQTCnRVpKOjo6MT9tSqVctY3KBsUEgoG2MlZIYJEyawvfLBQJcuXdBGygcdneChqyIdHR0dnbDk7t27SCJ1CpElIz3oKnalfIgQIX/+/F5eXsHUVTo6oKsiHZ1QgivHj0NQd8ew8HXcXx/G19EJGgwHY1HNB3tBElmoY4yHndgVRqoLI51goqsiHZ0Qg8MN0WxQ0UagfNbR0TEQQBKhh7p06SLLFmJ8QU0XRjrBR1dFOjrBBd+Nnw0wrzNE6BMddHSMKVCgAHpFlg8dOiQjrFrBntm/LLNn9i/LOjpm0FWRjk6wCDBfQcDV5suXr2agu2PQT3hkYCGwitIwIdbRcVzIMSZMmCDLmksiwVgYYadeXl6yrKMTJKgiHR0dM9y5cyeAv0YA4V4pV7b4EYEfoMIOg/91HZ3wh7FAIU9QSq2A8egsP6qU6oSKAwcOKFUZiFy5ctWuXXvGjBl+fn7K1o6Jrop0dMwRYNRd9JCyLoTwxQDqip0r63R0fjLUsVUSBqXIaqg5CT+qFOmECjOqyJgyZcqcPn1a+Y6joV9B09EJkgBPQNHkypc19qmj41gYX48OZgw6c+YMecXJkye3bdsmJc7Oznny5MmZM2fz5s3lHZdBYTynm50EGLjVCT7e3t6FChVioW3btqlSpZJC4ebNm8ePHz9x4oTyOUKEpUuX1qlTR/ngQBi0kY6OTkCMR4lIMTUc12FXaqIM+oiRzs+G0vWDd0nr9OnTZcqUUb4QBD8cmeCHZEt9uMgS1LEiFpSi76EhateuLdsAwkhZ4TjoY0U6OiYwnqRJlolLNdYxlmOcvMKdO3e03b+Ojt0SooGiZcuW1a1bV5adnZ3r1KljPESxe/duGToiSHt6ekphUCRPnlwfLrIQdazIfIUbt5qfn5/5kTy7w6CNdHR0vkPVKCxYaVq0sRJiQSnVsQ5BzYcg0JLaBpX46lgDVZH8cJL10qVLZUuaadSoUU+fPlVWGEHQ7du3b3BaUJ12TUKiFOmEENWOfljhtJds2bZtW6XIQdBVkY5OQIwn+gRTEoXOBbBz+RbYYM7pz0xQqkjF4Xy346LU+I9y8k2bNslmSCJNpu4am5uVUp1wT/BVERKWhpONTcpZu+UXOWgdHR3h8OHD6jNUgn/hbNasWbKwbNkyWQgO7Fyd7rBixQr1gpqO9UD9IGFV1DkQ06dP79evnyzrWA/18V3mr2E9e/asQYMGsrxnz56sWbPKsiVgbqo5GyskHWsQL148bE2Wd+zYIQsOga6KdHS+Q5VEeG3zjlvF29vbz89Plv39/UMkjIx/xfjeNB0rUa9evZ5G0FinT5+WpHbEiBEEY9lMx0qQdShLZlm5ciWmxALKVRNJJKi2FvjZqjqaU65cOVm4ffu2LDgEuirS0fkfuGzVXRo//M08S5Ys4W9qAyysXbvWUBxc1B/Sh4vCBIKumtRevHhRFnSshNrDVYFikjFjxvAXtdq8eXMp0QT1R48cOSILOtYjffr0srB7925ZcAh0VaSj8z+MB4rUwXbzPHv2TAaHShtgYfny5devXzesDBb8kD5cFLbEiRNHWdKxMupYkRn7wnxk8BWDihcvnhRqQvLkyWVBv4JmA7RtO5uhqyIdnf8RzEkPxuzYsUOG+uvVq1exYkW1UBaCiTpcFMzrCzo6Doo6VhTgOe/G3L9/XxZy5MghC1qhSjF9UFYnKHRVpKOjYDzVIPiqSK6XpU6d2tPTs3z58nIRTcb/gw/OWvw1zloXRjbG29u7V69eLIwaNeqHz7zRsQHqA1TVZ4bp6NgMXRXp6CgEc8aDMdevX1++fDkL6q1MsuDn53fmzBkpCSbqj+ozHnR0dMIBqg/MmTOnLDgEuirS0VFQB2lCdPlMFtRn9aoLM2fOlIVgol5Q0O+OsRl47dGjR6vvderZs6eU6+joWI5670LmzJllwSHQVZGOjkJw5oEGQK6U5cqVS715mAU+shCi+/NBVUX6PFCrggb6zzeyZcsm186cnZ1TpUql35ZvA1TjCs7MHs1n/4TCxnVCjXo3bp48eWTBIdBVkY6OguqCzcwDNebMmTNyp0yLFi2kRJCPIX1wUYiihY6OgxKcu8DU6UTnzp2TBa0IqY3rhBrco8wuKFOmjGO9B01XRTo6oUS9RlaqVClZENSPIX1wkY4NmDFjxoFvjBo1qm/fvqlTp0bC9urVK2/evCF6pIJOKMiXL58smLlSrD7nRsKqhqg/qo8VWZVnz56puWL//v1lwVHQVZGOTiiRoaDatWsHyIT4SHrEAj5dvyhjb2TMmNHzGz179hw+fPi1a9f++9//0o5+fn4opJBOk9cJEeqkPTOqKF68eGJBtIi3t7cUaos+VmQ9cHply5Y9ceIEy2QdGJqUOwq6KtLRCQ1IInlMUZUqVaTEmCZNmsjCypUrZUFHRwfUK2h3DchyYFQLYkHD1EKVYsG/o0InROAY8+bNK5Kobdu2ZB1S7kDoqkhHRyFEM3vUq2N169ZV5u4aQaGsnTNnjiz8EH0eaNjSqFEjWdi2bZss6FgDundwbresU6eOOlzUvn17TYSR8ZPrZUEn1CxZsmT099BkcePGxfXJbMu+fftOmzZNNnYw5NX5Ojo6qrP28vJSioJAzD6YnD59WvmaWfhR2R6XrRTpaMeBAwekellQir5n6dKlssGMGTOUIh3roHZ1FJJSZAqsTN7aC7ly5Qqq4disbdu2Qa01RnYFPzRwnaBQ7cgMZhrLIdDHinR0FNQM8odPl1YfU2Q8dTcArJJt1BhgHjVv1mc86IRvMDQZEL17966Z4SI3N7c9e/aIMDpx4kShQoVy5849evTomTNnent7y/gEJalTp54+fbp8xQzGP6SPFWkOzVSmTJm+ffuSBB4/ftzh5hJ9h6KOdHR+etT3DJhPYUGeSIQjUD4HgTj0H24mGH75K3oiaw3QqVK9LChF3yPXayCYY3s6lmA8XHTnzh2l1BRPnz5t27atbBwUCCM/Pz/lC0GgbKrbl86P+A//lM6io/PTkzx5cplUhKeWdDYwZ86cyZYtGws4a/MXzvv16zdixAgWNm3aVL58eSk0CYms+lBs3SStgbe3t/oM61SpUkkhvHz5cvny5XJJFP26Z88e9YGcOlZFtbWaNWv+cDz1+vXrK1eu3L1797Fjx+QuB0DIurm5VaxY0bxxAcYlY0UiwqRQR8ck+hU0HZ3/oV696tq1qywERvXg9erVk4WgUIXOP//8IwtBoQ7v62P7Oj8J48ePlwU6vzoPOihQPz179ty6devz588N+fxX+Eha8kNJxM5V+1J/VEcnKPSxIh2d/0HyavzsXZPDRXHjxiVbTZ069bVr15SioMmdO7fcpPr06dN48eJJYQCMf/TQoUP6vCJroI4VBQUNumrVKn2gyJaoQzhgpZ5/+PBh9UnZXbp00VWRzg/Rx4p0dP4HMkgdrTE5XLR582YZwFdfkm8e9QGvZh5cpP4QP61LIivh6ekpAwxBgcbVJZGN8fLyUjs82uWHdzmEFGNJxA/pkkgnOOiqSEfnO4wH9tVEVkW9FqZeHTNPjRo1ZCGoBxcZ/wq5rCzo6PwkIIzUEVkUzA8vpQUfdqVKIn7ih1OXdHQE/Qqajk5AjAf2zUy7thzja2f68L7OzwlWkD9/fpl5DcGZfG0edtW1a1fVhLHfw4cPW8+KdcIZuirS0TGBeoOM9VyqcTBg//qtMTo/LVgBqYjxFTSEUejuPEAMIYnErAATMx6O0tH5IfoVNB0dE6gO2li7aIiEAXW3+vC+zs8MquXQoUPGV5Cxjv/85z/Bv6CGKbExyYyxWaGr2K0uiXRChD5WpKNjGuOpmjhWhAvySD5aCHs29t36fWc6OkKAkR5BBo34ixkaWwqb3blzh69AgK+w5fjx40M32qTzk6OrIh2dICH7NL4TDT9r+YRoa+xTRyc8gcohbVA+hBBdD+lYiK6KdHTMYTxiBKSqiJjQ+Vx8fYA8WB8l0tEJCsMY0FeUzz/CEtvU0VHRVZGOzg9Ax5C5Gk8FxfMKymez8HW+G0AP4cH1SaA6OsEBYYQFiR0ZGxHmkzx58nz58mGJLOjWpKMJuirS0QkWAa58CbhjfDESB4ydMr5bZjwcOXLEWE4Job6/RkdHR0fHquiqSEcnBCCMgn9fTGAQQ+PHj9eTWh0dHR37RFdFOjohxjDb4SvK5x+BDNJngOro6OjYP7oq0tEJPao2CmrGQ+CLazo6Ojo6douuinR0dHR0dHR0IkSIEOH/ARxWHVC2ebfqAAAAAElFTkSuQmCC</file>
<file name="16-18 EX.PNG" path="/" encoding="base64">iVBORw0KGgoAAAANSUhEUgAAAwcAAAC5CAIAAADyEtSAAAAAAXNSR0IArs4c6QAAAARnQU1BAACxjwv8YQUAAAAJcEhZcwAADsMAAA7DAcdvqGQAAKXTSURBVHhe7Z0FeNTY14dZvGhLgVK8hRa34lCguLu7O4u7O4u7++Lusrg7FC0uxbUFist/v5c5Id9sjbYjnSl5n4eSuclkknvvOed3kpubP/79999IGhoaGhoaGhq/PZGV/zU0NDQ0NDQ0fm80VaShoaGhoaGh8QNNFWloaGhoaGho/EAbV6ShoaGhoaERHPfu3Vu5cmWqVKmOHj2qLxsSJkyYNm3aS5cuvX//no8pU6bMnDnzkSNHkiZNWrBgQTc3N9nMitBUkYaGhoaGhsYPRBJ8+fIFZXPo0KHDhw+/efOGEkTPgwcPYsWK9erVK33ZECNGjDhx4rDNt2/f+MgG8ePHf/nyZcyYMRFMdnZ2sk379u2LFCmCVPpDh+6rFoqmijQ0NDQ0NH5fPnz4gAz69OnTxYsX9+zZ4+XlhR6i5LuO6NGjI3GiRo1qY2MTJUoUNAMCKFq0aMqXgwCdxHc/fvwoaomd8F30UJMmTXr16oV4Yg8Usk/Z3nLQVJGGhoaGhkXw6tWr58+fKx+C4OHDh4kTJyag2traOjo6KqUaYQLVcvbs2S1btty9e/f8+fM3b96UcjRQpkyZqN7YsWOnT58+a9asCRIkyJkzp52dHWqJNkqePLlsGSjoivXr1/v4+Jw7d+7FixfII09PT29vb1kbI0aMXLlyJUuWLE2aNPXr10+RIkW8ePFklSWgqSINDQ0NjXCDkHn9+vVnz55dunSJ2Hnnzh1lRRB4eXk5OzvHjBmTmO3q6kpJ4cKFo0SJgkgiflvgtQfLhArftWsXkmjr1q23b9+WwiRJkhQsWJBqjBs3btGiRalealVWGcK3b9+2b99+4cIF2u7JkyeHDh1ShUeRIkX4uTx58lSpUgXhJYXhi6aKNDQ0NDTMja+v74kTJ44dO8ZfIvS7d+/4++HDB2V1aEidOvUff/yBHkqYMGHOnDlL61DWaQTg7du369evX758+blz5169eiWFSJPixYs3bNgwVapUVGPUqFGl3Lg8f/7cz8/P29v7xo0ba9asoemlxe3s7MqXL9+pU6dcuXLJluGIpoo0NDQiJjIwQvkQKdLnz5//97//KR8iRYoZMyYprAx6IAZEixYtSpQo0aNHl7UapoDafv/+vaen55YtWxYtWkQDCcpqHerFHtorRowYssxC5Mj/mUeGpmQDFtjn169fpRBoRzamcdOmTctPpEyZUhpXWf0bI6N8Dh48iBwBlqkZFxeXGjVqlChRIkuWLNSb2a600WocAC04duzY2bNno42QIrFixbK3t69fv36LFi1ouPAalK2pIg0NjYgDQffly5efPn16/Pjx0aNHb926payIFGnnzp36Y1aqVat26dIlGUiRLl26PHnyODs7Fy5cWNYSMMiY8dH89RePNUILjfLixQva5dSpU5MmTaJR1LgTJ06cRIkSUcks8BFhSlCUVVu3bi1XrpxUfpkyZRwcHKRc8PHxQVqxcP36dXYrO3z69Cm/df/+fd0mPxqRvbm6uubPnz9p0qQsWPjTT6bj3bt3+/fvnzp16r59+6jS5MmTJ0uWjD6PKAnf7k3D0V70igsXLty7d+/u3bsUYobdu3d3c3PjIGUzc6KpIg0Ng/Dz8zt//rzyQY/o0aPnzZtX+aBhYvCnDx488Pb2Pn369LVr1wiZZ86cUdaFiZgxY2bIkCF9+vQZM2YkkyagWsigB+uChkCbwtmzZ728vJCqUm5jY5MrVy4nJ6fcuXNTw5AkSRJZZQienp7Pnj07fPgwnYEOgOSVa4HAD9WsWbN8+fL8lpT8Ply+fHnOnDkbN26kWvBL5AOtWrXCO8WKFUvZwjJAty1fvnzt2rWvX79Gq1WpUqVt27YcZ9y4cZUtzIKmijQ0QgfOheQGRy8fP378GOj4UPLUdOnSKR90UTZnzpyOjo5p06bNnj37b5uzGhe85/bt23ft2oUqevny5fPnz1+8eKGsixSJuJs6dWrlQ6RIRYsWTZgwofIhAKSqN27ckGXiN8gyLZUlSxZyVhcXFyIr6DerRjCgSwYOHHj16lXEkHqbLGnSpHXq1ClUqBD1iRKyt7eXcuNCZ0ASIQKWLVuGUH7y5AmF0aJF8/DwINZWr17d35WnCMzUqVOphJMnT7KMDB05cmSBAgVSpkwpay2NN2/eLFiwYNKkSfhYXKibm9tff/2F5SqrzYLVq6L/6WAB5xUlShQp1NAwHOlaGMj379/JPvfu3Xvw4EEyUSLx169f3717p2yng+4Hci1aluXrfGQPwCoyM+w8RowYBIOGDRsmT568ePHi8oiHfJe/P/alESw0x7dv33r06LFt2zYWcKN+fn5UNXVLHSJZSpUq1bhxYx8fn/Tp06sDUyBOnDhso3wIgIxyUJc/ffpEUB88ePCtW7ekKXEvtKCdnV3dunVbtGiRIkUK2iuYHf620EDkCQRjkn6RI1QdDVGuXLkOHTqkSZOGOowdO7ZsbFKwO19fX29v73nz5q1YsYJ+QiH5Sd68ecuXL9+uXTt0kthsxINzRxTOnTt31qxZaEQ6aqNGjXr16oUYtXA/g+m9evWqU6dOW7Zswe4SJEiAOaNl8+TJYx5zsw5VRP5H7bCAB8RhsWBjY0Pnfvv27fHjxz09PSkhBS9cuLCMqmNVvHjxiD1amNEILSS19KuHDx8eOnTo2rVrd+/eRRLR635Im3//xUSjR48eP358+pjyBR3y4AaZDV0OuUPfO3XqlPTM27dvI6QIFexW4q6MbmFLQjhJMzHD0dGRBVdXV4KHibLnCACSFI2CNl2yZMn169epQMw8UaJEiBUcAkIzd+7cOXPmpByU7xgAzY3buXDhAnn2lStXjhw5grMmyn748IFQWqFCBTLvtm3bpk6dWhujLVBj6CEi8d9///306VNKsJfEiRNXrFixf//+KKHwkiC0o5eX1/79+/fs2UNr0o6UYHQDBw5EQyNwI1hGjf4jMg4ZMoS/+BNnZ+eWLVs2a9YszPVPHkiagXfC4szTiDhMGmv8+PFHjx7F/fLTTZo0GTFihBluZFuoKkIGoXM5Nlr33r17W7dulXBCmHn06BEL9GP69MWLF9GVum/8B2JStmzZUJfiHEkZycgpkbUaGoGCHd64cWPv3r3Ev40bN6pXDoD+liFDBqJgwYIFUT9Zs2YN7TBAmTcWPUSv3rFjB06ZnkyAl/xVKFasGD/Upk0b9m9pt/zDlydPnlBXK1eu3LRpk5Rkzpw5Y8aMJUuWLF68OO0ihaYGoUzfILgikuQqCO3VunVrslhSMv3rUr8hSP8TJ06MHTt23759UlK5cuUaNWqULVvWcoT+u3fvDhw4sGbNGvqS3NTLkSNHo0aN6EiZMmWSbawdNN+YMWNoCFwNgQ9h0bRpU0PyhMePHy9dupTk0MHBoUSJElRUlixZlHUmBhkwc+ZM2ovcEpfYuHHjDh06kEyaVJlZnCqiFpYvX37mzBlvb29VFenHpzCAKrKzs8uePTvLpJIyS5Ws0tAAVPiFCxfWr19PtEN5q1faUSeJEiUqWrSojLo1bvRFFeGg165dSx528+ZNGdQSLVo0fggF36pVqwIFChjlmodV8+3bN/LdRYsWrVu37s2bNzY2NnhkYliZMmVcXFzMPzoE6YxHunz58oYNGzgwaTVy8ebNm/fp0+e3ba87d+7MmDEDC5JniLAaxD19OPgZkMMLdAN2t3jxYlqQj7QaCUnPnj1LlSolG1gvPj4+o0ePnjx5MkGTYEcT1KtXT57vCxtIImpm2bJl8jFx4sTYHdaHDeIezfAkP1Z/+vRptN3OnTvjxo3r5uY2ceJEtKyy2gSEvyqSA+Bv3759d+/eLa+g+/Dhg+pfZIF2JRsL1Mbix4/PKkfd1O/k4mT5LJCLL1iwgL/q/n9sqpstCoutVq0aGZ7MiKD+kMZvCB3j6NGjAwYMQJeoD8hg9p06dXJ3d6drxYgRI6HJ5jSDZ8+ecQz8+o4dOxBJZNsUUkLnrFWrFg7ut+2iVAJKaOvWrfv27aOW0I65c+fu1q1b3rx5cc1mcMfBQ/ihw/Tv33/Lli0cauzYsZFrOJYGDRqg1X6fJuPcb926hTul63769AkH27Zt2+LFi+fPn9/fXWaLgtDw8OFDutaoUaOwPtorU6ZMXbp0qVGjhpmfeDIWNMT58+d79eqFQ/vy5QvCheV8+fIZ4rvY57hx4wYPHqzOrikdm5bFBnPlyuXh4ZEqVary5cv/cFKm7PPe3t4Io2nTpnFIadOmbdasWe/evU31i/xGuICPI0Ffs2ZN9+7dEbPJkiWLosPW1hbVQkioW7fu2LFjkahPnjyhSWQsJN8KFFE/wIKU0C34FqC02I+rq2vq1KkRVQkSJKBF+SH+kpR36NCBLIfUga/IHjR+E3x9fWl6Uvzo0aNjXfyl15Fa0eWIwd++fVO2MwvSb+nkaKMePXqQCRFd6KV4ahKjq1ev0pOVTX8D3r17h3+vVKlStGjR8On4hCRJkmCqCJHv378rG1kGOKUjR46gCXAvCGiOFseCluVQlS0iNJxmuXLlOHEsiBQCjUhaS09WHbKFQ3e6cuUKToCgwynQ39zc3NauXUuzKltYCRzw3LlzaQhOwd7evk6dOihUA1uBPUyZMkX/sc1YsWLhnYYNG1asWDGkf5w4cfg5PCcpStWqVeX2julAMCDRkESRI0ems3Xs2PHevXvKOqMSDqqIeHP79u2FCxcWLVoUvy/VjTxPnz49AnDVqlWHDh0yUQx4/vz59u3bhwwZgrZ1cnKSVIZGLVu27MyZM0+fPi3DPjQiNvI4d+3atWWQLN2ALJ80Ef+obBHePHr0aOPGjcgCeWkiEZd0zUQuwNK4fv16t27dkiZN+sMvRIpUunRpfMKlS5eU1ZYKypUET72n0KhRo7NnzyIRlNURDsIw9lKzZk2EIKER771gwQLiqLLaqkA97NmzJ1u2bNJ2BKM5c+bIRVyrwM/Pb8aMGXgziWWci+FJPu1LTEQsUiEJEiSQR2U9PDxwTbLBhQsXUP+1atXiF2UzhJEZ1DDyANfNz0GfPn0ePnyorDAe5lZF1NqWLVuoR7SenBjVTW2iAffv369sZHrevn27devWfv36kYurV+GwiiZNmqxfv97X11fZTiPCcevWrYEDB4qR0/R0ALrB0aNHLTA7xNmNHz+e5AHdRuypWLGidTnrMIATwDmISbq4uPTq1evu3bvKOovny5cvJ06cGDBgAOk1+Z6bmxvLpvDa4Q56qGvXroULF0ZGkLizsG/fvnfv3imrrRDa7uTJk+3bt5c8BB3QoUMHeeLHwiGWTZ061d7eHhdRpkyZ8+fPKysMw9PTM3HixD/iYqRIkyZN+uuvv/gJqgX1r2zxE8IlaUysWLHQZPR/pdSUfPz4EWfIgXFIyDKjX9c3qyo6fvx49erV1fmjnJ2dEZsEpMePH4dLTCKTu3jxIsdAUi49AHfs6OiISps8ebJVG7lGoCCJ3N3dZewh/XD16tWXLl2y5IQeZ33nzp2FCxfK/C7kEnnz5iUCWcsdilCxd+9elARRFs06bNgw/Ls1XnugOy1evFge0kHO4rWJW8q6CAF9L0+ePJyd0KBBg+vXryvrrJyXL18ePnxYRvLSdjVr1nzz5o2yzlI5dOhQhgwZOGAHB4fbt28rpQbTtGlTXfNGatasGR34/v37RYoU4SMRU9lCD0w1Z86cZAKdO3dWikwJPZAu17x5czs7O9zFiBEjlBVGwhyq6MOHD9euXatRo4ZMdYCodHJykjsCOH1lo/ADQUZSvnXrVvwX2iiG7jWEmESpUqUOHjyoTlSjYb1gRbTjvHnzUqVKReMmSZKkX79+KCRLG6QSFF+/ft2yZYvoOY4fbUQoOnv2rAVe3wobPj4+EydOjBs3brRo0ZBE8gSNss4Kob2eP3+Oi7OxseGMSLTGjRuH/jbzYDWjg71wFo0bNyb+kUC6urrOmDHj9evXyuqIwt27d3PlyoWhRY0atWzZsuTtltlwNAf5ElGVPoY+2LZtm7LCYI4fP46ToZWbNGny8OFD/CfCCMVDnXTs2DFgbXAkderUoUugz8wjkTkkdMXIkSNxiXiM0aNHG37TUMW0qohQdO7cuTZt2lCbyEx8RKZMmUikSH+VLSwJiZ1DhgyRx9kAAdelSxdksrW7s9+ckydP0o6IIdqUnGb79u20tbLOeuCYd+3aVbBgQZw1J2Jvbz906NBHjx5Z47moYHFXr16VOQhISCpVqkSybtVnpIJcIGjlyZNHNETmzJn37NljLUI8UJBEhQoVou/hz7NkyYIdKSsiHJxp0aJFURucLDk8dmeBMv3ChQtylShv3rxGvEqES8mRIwdNzG7178ehusgq+cWXL18qRXps3bpVnu9evXq1UmQWihcvjnGlSZNmw4YNxhJGplJFGD8VOnz4cJniJbruTZkIDhrSwl0eCnTdunVVq1aVI0eJky5s2rTJqt3Zb8urV69IZ6UpyX6aNWt27do1ZZ11gr8ePHiwOhi5cuXKR44cUdZZG3KzSa69J06cuE+fPrd0b1OPSHh6evbt21cUuYeHBx+VFdaGr69vixYtpNeR3CIUlBURFFqqY8eOMv4aRbtlyxZLuLOhQvIgM+nTtebMmWOse83v3r3r3bt3TB0yD6QKuaX8YteuXV+8eKGU/uTZs2e5cuUi0Pfv318pMguIMLwHbYTAwBMaRV2YShWtWLGCOpLBEChu6hc9ZEVPF9+/f3/fvn0lS5b84QMiRUKKNmrU6NixY8pqDWvAx8dnwIABMoooWbJkdMKI8bw0Ap28jQ4pk9/jqmbPnm11j08SY5YtW0b2ySkQeziFiDqSjxQWf5g1a1bONH/+/NZ4ieXbt29IBJnIx9nZ2ZxPxoQjr1+/bty4MacM6dOnt5zxfIiS2rVrowZixIjRoUMHcj9lhcEgfWS6Y2L3kiVLlFIdoopYhbWWLl16yJAh/nzOvHnz0EwcmDndLFVBz9Q10Y9pypEZygoDMLIqotPcuXOnc+fOCRMmpIJosypVqsh7OZQtrAfOxdvbm7Aqb8mJrHvx5IQJEyJGZI3wyKMZqVOnpuHKlCmDH49IQ8TonLjspUuXoironIQrUiUrug6BsNuwYYOdnZ14icWLF0eYMVKBgjCaP39+0qRJOV8EOj3Tim7Kc/Dt2rWLGTMmplSiRAm6meHigNNHFtPo7FwWAAslcwaWLaR+nj17Vr9+fU6coOvo6GgJT2a8efOmW7duchErW7ZsRhzX9fLlywYNGsgNeltbW2SQskL3oz179owePTpVwQb4HA5A3oNEtnngwAFCPHXF2jx58pw9e1b5mlnw8/PDE3IwHHbmzJkNv6RnTFWEqVy5ckWmuaR2yIpOnDhhuP2ELxz/3bt3e/ToIXdhOLXu3btHmGcuIipIIlIZibjVq1e30mlUfgmdk+BBOkvEonN26dIl4HOzFgjNsWbNGpoG95ovX75Lly5Zu5cICZzjrVu3ChYsSLckaRw3bhxpruWfOElgp06dRBIVLVo00EeQQsu9e/emT59eq1atqlWrtmnTpnnz5sWLF69UqVKCBAn4lThx4pQrV+6vv/6ykEkNnjx5whGSeNBwRDdTz1UYPKQTW7ZskZcwuri4GGskDbDnUaNGcY7sGfSvFfErI0eOlFXVqlWbNm0asixNmjRJkiShsSgHDiZnzpzy3VmzZskXzQZ2RGZlb28fLVq0Fi1aGHjxzGiqiMPC09FppF6qVKly/PhxZV2E4MyZM9it3I5BoVtF+Pk9kRtnGGqsWLEaNmwYsSf4ASQgekhGGmXKlOnw4cPKCouEbPvvv/+WiTDwpLt371ZW/B4gjFAAP1xkpEh//vnnZ8u+QkbXGjhwoAiCLFmy/PPPP8oKAzh37py7uzs7lEoIBvJPC7lihEvp3Lmz5B5Iw3Ac/Xbjxg25KGJnZ7d//34jqurz58/L6PLkyZMT5khaaHpZ9eHDB7nTTeBT55IlAqLPxowZU7p0aXWYo2B+VQTPnz+vW7dulChR0HN9+/Y15BKa0VTRokWLpGpIgxo1amRFc6+FnEePHpHZEGvJcclmrHeUawSGLAFJRBth1UiiCNkPA+Lr67tgwQKZdyB37twHDx5UVlgYnz592rRpkwxcINbOnDmTuKus+224dOkSgURc5dSpU5VSy+P79+80lrx6Mm3atHv27FFWGADyolmzZnKPRiVdunSk04L+e7uTJEliOarxzp07RYoUQczZ2NgMGzYsvG7H9+rVi5pJkCDB4MGDjTsOr0aNGpxdhgwZSFoqVKiAJ0G8yuNm06ZN40cx2507d/q7OkUnoWY2b97cokULuakH4aKKAKFGWsgBIEUOHTqklIYeI6gicvEOHTrQTtQpyd/SpUuJTJZ/ZThs0EtGjhxJ86NJCT8rVqyIqHdnrJE3b96QJZDoYNLVq1eP8FeJ9CF+bN26VWYZyZUrlwVeqcWBrl27FodFSpo5c+Zz585FpJFeIYd6uHjxojzJkShRosmTJ1umt0SwFitWjIN0dnY21tM9Z86coXOyTwcHh/Xr13vquHnz5pOfIBnVy0hYsZlHqATP7du3s2XLxoEhZ5ctW0Y7KivMBeJDLrJWqVLFuDfy5s+fb2trSybZp0+fL1++TJ8+nWVXV9ejR49OmTKFXsrvLlmyJJghO+hdEdAeHh7heCOFDoMI4TDatm0bZtVoqCrihxcuXIiopyuTBCARzN9XzMy3b9/++ecfe3t7Thn/bogm1TAiSCLyJzQBJlG2bNnfUK1iert375b7HeR8yA5lhWXw8OFDGXmQJUsWo/hN35/cv3+fhFXFkicrF1AYSIFChQoR+NOmTbtlyxZLc5uIbIyIw4sdO/Zff/1lFP3KOZIzS1ynJwQqs8ioVVXEAj+trLAAOODVq1ejHji2rFmzmvm9hJcvX86ePTt1QjaOPjOWkqZR9u7dK1Oxp0mTRiYuIcaRX/FbtWvXzpMnT9SoUTt37hzM3cyvX78ip2LqXrvetWtXYx1bGKDfTpgwQcaD//3330ppKDFIFSHtO3XqJHMe0lReXl7KiogO/WPDhg3qVEwI6t/wRoClQU4j/jRjxoxI1XC0zHCEZG7UqFEyI0b69Okt57EANGuxYsVoINzFzJkzwxZladNHjx5duXJl165dq1atwmXX1EGKwvmq9O7dm8xV+Y4Fo157KFy48OnTpy1KGBFR6EVkfR07djTWU05Pnz6tXr0650vE2rx5s1L6X+bMmSNWDCyUKlVKWWEZkGvRe6W/FShQwIjPfwUP5tO2bVt+FOUxf/58pdQYqI2CAp44caJS+u+/6tBpSJYsWTBDqRAi27dvJw2jvXLkyBHul/du3LiBoCcuI/XCNrmlQapo5MiRUmvu7u6nTp36reIQbn3btm3FixfHcdAhhg0bZhWvEoyoINARQ3RF0qkdO3YY8dEMq+PZs2etW7cmpOGkqlatioZQVoQraNY4ceLgqv78808/Pz+lNJQg8mrVqlWoUCG53hAU/Ep4jWwILfRVmceoaNGily5dUkrDGwKbWFOqVKmMMpwI0Hw4TDs7O3aLKgo0XBGhJRjny5dPbrQlTZrUcqpFwL4QKDFixKA/h/lqRGg5c+aM9BPivVJkDGgUmZOaPft7zWq/fv0oFBo0aKCUBgaCycPDg80IhbNnz1ZKw5X9+/enS5eObta4ceNAZ+IOnrCrIpl+I1asWO3bt6degrm8FoG5e/euzDgeN27cypUra8IoXHj8+HHdunWjRo2aNm3avXv3Gj5fhbUjwgjHjZ9q1qxZuE/weOHChdy5c2MmFSpUuH//vlIaeiRdFhB8uDzo27cvnn3jxo3Ozs6yih/Knz+/VbysHre5evVqmfmac7GExPLevXu1a9eWexANGzb8YKSpd0kjy/98QpkGcnNzQwj6I0+ePChaYsqoUaNkpAsBe82aNcouLAa6VrZs2SJHjpwpUyajPJcXPJ8/fyapkCfgjHtbXL9R/L3uXl8VYVmLFi0K9H345J/z5s2TYxsyZIiF3DPhvPAVeD8ZAaaUhpiwqCJMd/HixUgiLKddu3ZhuxgeYTh48GDhwoXxIODu7h5R5+e1WNBAGDBdMUGCBMePH7eo2xDhCMGsadOm+AUYP358OCYt+E3cJdZBtDt69KhSGnqQVokTJyagpkmTZtOmTRjaj/n+Pnz49OkTHomMMIPunVDx4sUjsvJzXbp0IZwoX7ZgqB9CjqOjI6El+NEbZoCa3L17tzyGnSJFijBf1QsIypWu+CPG/gpXV9erV69euXLFycmJ5m7UqJGyC0sCV0NP4/BKlSpl6vvU6FS5UIRINeKYOTqeyF+pdv1ZoTEuuRyLHdFqnKaNjQ2Zv729fYcOHeghqB/sDt9748YN7BqB2L9/f4saRuLp6Zk8eXKOvFq1ao8ePVJKQ0aoVRFmc/nyZXmyNFeuXJaQ3IQ7jx8/LleuHKk5beBvlnQNk4Jhq+M3W7ZsqfVGfYivTZo0oWZIYNauXRsu4RaRioKRayF169Y1RLOi7XDN+OUFCxYoRXpcu3aNn7Czs9u7d2/fvn3x4IkSJVqxYkX4ioyQM2HCBM4uderU4TurAuJS7obQZIZIWH88ffrUwcGB3eIkXVxcihQpUiwAiFqRTVmyZOEwzp07J+KsTp06yl4sDHnRBBW1atUq03UzfBqGww8hmo34ohXSiTVr1iDs2LMwdepUMU9WNWjQAD3E2qpVq5Jd5MuXDx+ibKdrRFqwV69edFokEboqb968Z86ckT1bDsRijjZhwoTLly8PVQOFWhWhVRHv/BhOR39G8N8cnHLRokWpFkT9gQMHlFINE3P27NnMmTNT7SVLljTu46DkgsQngQYdPnz4MB1z584187MnhnD37l0yb+oHp2ZElxpy3rx5kyNHDg6AmGfI0MPXr19LtKa5b968qZTqMWPGDNZigyTucvmQj4UKFbJAZx0o6AYyK465TJkyYRsiahRQzxwDdO/e3Yg3ASZOnEj4ZLfYKWIr0HvciF0CGNvwl3h25MgRedK7ePHihtx1NR30ScQcR4iMC/i2VGNBB5b7UwgRI84euX79epkNEokj44qqV6+OdHj37t28efOQsPzokCFDfH192djb23vjxo39+/evVatW4cKFc+fOzfYqTk5O69ats8CbJMg7cT5VqlQJ1SiCUKuiAQMGxI8fn+wcszHi9dUIwLZt24g9kXUvggmXCPS7QWYj10Lwm56enobfOztx4kSNn6BuM/5EHq/QeYAfrwcqH96z/oecT58+TZ8+XR6ZwZeZf9prSdeAtNKQ8V6nT5+mIchf69evrxTpgdgS96cO5UY5yVyR9erVs5bLRefPn3d2draxsenatWu43Iyg0mQSPNz79u3bDTcoFVoBx8ipBfWkPa1GQCFC8+tRo0Zt1aoVgVauT6CDLXO6dupny5YtiRIl4iB79uxpigvVjx49QitTdXHjxh03bpyx7gg/fvy4atWqHDYVTr4nz6BxIigbtKmopUaNGgV8wk6eAMXZDho0SCRsvHjx9uzZY4GSCGigzZs3J0mShNqbMmVKyPtzKFQRO0UtxokTh8AwefJk7NZyblhwJPjcH6MMdJDl8NGIVh0S+MXx48fLmIaWLVtaxbPBVg2tjE1inPPnzze8rb9+/Zo6dWrsXMA1R4sWDT/uD8pxUmXLlrXM/DUgmAOhiIrisEn1zGkU/FalSpWoTJL+ffv2KaVhYvTo0TRHrFixAk4Phu0vW7aM1BblOmLECClECS1evBiHSHmHDh0sx1MFAz1w7NixNBOnuWLFCjMfMz/XqVMnfBfthYgx4gh9NI0M+ULlkDoqpf/l9u3bcq1dyJ8//9KlS2XqE8rv3LmjbGdhPHv2rG7dunQ84q7Rx07QIqQ08ePHpxIKFChgrNFLMqOPXH+ixfGi6C16nQzBkewiW7ZsKCflCwEQixNP2KtXL6XUInnw4EGpUqU4I3d3dzyhUvorQqGK1q9f7+joSN15eHiEdviSScGbHD16FMGL8qWdgJSrSZMmuMVz586hbR8+fPj06dOQV0qYIQzI7UVqadWqVWaWZb8V5DE1a9bEiZcvX94ovXHu3LkoWtoO7OzsiE90eFrQHyNHjsRPwaRJk6xloki8GBknfTJVqlSbNm1SSk3PsWPHUGO0UZs2bQxJEqjnHj160C7sjawUt/7ixQu8NjkrBs4ZST7t4uJyUG9QjoR5fLeDg4O1XLvFTcnTlNmzZ3/z5o1SahZwoSlTpqSSyXuN+B4S2q5Lly46q/oRa1Wx5efnJ3foXr58if0uWLCADQjVGXUzAmTOnBlDS5YsGQIRQSxfsUzQfHLMbm5uxm2ye/fuyU3V2LFjk28rpQbDbmX2Z7zckydPKFEnHBfIM0+dOiUbBwr6TJ735PAs8yqRPjhqDhX/0K9fP6XoV4RUFSEs5Job1bFu3Tql1DLg2CpXrvyjPQODNi5WrBg5K5WCA5UbpaYDs8+TJw+/mzdvXlM/m/DbginK9Q/UibGmDJkzZ46qiurXrx/U3WFiLT+dIEECV1dXKxpXh++Wsau1atXy8vJC3ikrTEmfPn2iRYuWNm1aA98YeOLECRkdRQOxzxEjRtSpU0d0nq65FBInTrxy5UrlOzo2bNggNzhIgq3ldv/Zs2dz586NlKRDKkWm5/37940bN6ai+N3atWsb+MpxfYivEoMB0cPOZ+jo2rXrwIEDWWjYsGHp0qXlJfCFChW6f/++PDwhJEmSJNxnBQweVF2NGjWoN1tbW7SLEZ8RU8UKEjmYKzehZfbs2VK37du3l6MlY8FApNDe3n7ChAnBXEFAuLds2ZItcb9W8QJ4fILc7EuRIkUIR+yFVBWRN5NDsGsjilZjQb4oah3/W0EP/UuyQtKkSTHLcePGmW5cyLdv30hY8+fPz89VqVLFWu6zWBfktVmzZiUo4kaNdadSXxXhx4MZpUuOi0Nns2bNmllLrAUZ4oMVFy5c2Ay3d69du5YlSxZUUd++fZWisEIyo2uW/4B1i5n36tWLhEfarkGDBnht5Wt6qoiga2m5XDCsWLEC2U1yZcRYGDwI5SJFilBRKJLTp08rpQbz9etXNQaHhC5dutAzJf0GDBwTU/ZlwZAdydC9HDlyBH+VJVTQY+m9VEL37t2VIoMhqcuXL59U7+LFi9XsSAZoAn41+GcPx4wZgwSMGzdu586dUYRKqQXz7NkzuY+PTa1du1YpDZYQqSKMU2wmQ4YM+k7HEvjy5cvkyZPxifSeY8eOcXgqDx8+PH/+/KxZsxBD+mll7NixCxQogHYxUcaML5g6dSpSmqMifCqlGkaC/IZAS7iNHDkyYl0pNRhVFUlXQT37G6WLQwH6DKpo4sSJbEPuizexlsG8r1+/lgvyYIap50aNGkV94okMV2CoItV+ccctWrTYt2+f3BYH+gOpLSVsg+bbuXOnfItV9evXj6qbjoVVjo6Oy5Yts4rG+vTpU7p06ejh3bp1U4pMDEooV65c1JJxh4nQ9OQtUv9YK9E0IJTrGvYHQ4cOfffunRgX8K0JEyYo+7JsEC4cME2G1FCKDINe3adPH6mEsWPHKqUGgweTjB22bNmiFsqVQsCnpU2bNlu2bLTC5s2bsRfA6emc3//u3LlDqsMhVaxY0QyZlbE4fPgwGoC4j6RTioLl16qI5kFd4lzc3NwuXryolFoMb9++rVevHs2JTg/0wi8tipfB2qXVqRpbW1vaFZfdrl07hKSynVHx9vb28PDA4DNmzKg/O5aGgWCZyFkJdWXKlDHiyB6ELF3C1dV12LBhWD7LLVu2/PHqUV9fWhN3sGPHDqJU2bJlZYoO6U74waZNm5p5CEiYOX78ePr06TlskhyTHjOKRCZZoTKVIgO4detW+fLlJXySmF2+fJluoKz7CdGU9qJdMmXKJHM0HDlyROa+S548ubiIWrVqmWFwoVFo06YNPgofYsSHsYNh7ty5VC+/aOC9Tn8sXbqUfdIohQsXRoiTTgTk3LlzchcCqlevjnY/efKkfMRRyy0ey4fDJg3mmEuVKkXnV0oN4NGjR8WLF2eHyBTjPpA4YsQIXe0qqoj4uHfvXnn2ENCp4tz4i3Pj16FAgQKk9ytXruTsaFAnJ6dwfCt+GMBdoGE48mLFit29e1cpDZpfq6Lt27dTQSlTpjTnOM2Qo2bAbdu2DWbkl8xfAj179iRlzJs3r5giwujYsWPKRkaF4B1f9/jAn3/+acTg/Zvz+fNnYhu1ivaX1zsbi969e9PPydH37duHN6d72Nvb6x7SrxE3btwfXee/IK8TJUpELLGxsRkwYAD+XdmRBYN75TQRfPg7w29sBQPySx47CvQtAWEAa8qVKxe1TaPMmjUr0NomvsqPImo5gBkzZhBW+QoOfffu3fK8sXolycIh6tAbcSDTpk0zZEaDkEBlDho0iMpJmzatEbuxj4+PTI6QJ0+eYN5lRtYhfhJoo8ePH+/atUs+4rSt4toefP36ddSoUXLYqHal1ADOnz8veytZsqRxp2h/8uSJVDheDkn04MEDmZNZIJEgkvKj+qO79EFb9O/fX9mX9UDSi+BDxmzcuFEpCppfq6KGDRtSEVSTZb7kC2EuQwcWLlwYjAnJFUJnZ+ejR4+iHOm4HTp0kGiXMWNG5DOx0OiBrX379lQd+w/+Tq1GyLlx44ajoyOt1r17d+M+/iB30EQV8VH/oQwasWjRoj/m3y1WDHMYPnw4HWb69Om4lVatWrE2ffr0w4YNw7/LriwZ4lM23XvasQUTDZbEjmTclXGfylm+fLlkMkifw4FNYPPq1aspU6bg+GgRcl95zyja4t69e3SVPn36kPXSvqR5yhcsGFyZu7u71CF9Xik1Dffv35exJq1btzaiAhs8eDDim91269YtmEt0c+fOpV3YTDh06BA5BgsJEybcv39/wIuCFgs6RkYXDR061HAxp6oio+xNH9wU0Zw9d+zY8fXr13KfjtpOnTo1hiMvgiWq4tzwclC7dm28H1mo7nB+XEwKyeUWS+PkyZPSG0PySOMvVNGRI0eSJUsWI0YM6k4psjDIpaS1tm7dqhQFhmSKdevWVQcwenl5yT1vIBw6OTk1bdrUuBds0ZGkX+wfdxMu07JFPDp16kR9okKM/qy1P1XUs2dPXdf4Qd++fW/fvo0vgBcvXuh76pcvX5LRyiPEmzZtsgonLq/OQC60aNHCiE8bqeBSZfZblKIR01w/Pz/sSFqE7DbQe98IsjZt2nBqshkgjyTSP3r0KEeOHJEjR0YBeHp6yvYWCx1p7969cgp0MJNeLkIo03v5ITqGEQOwOn4l+LuoZcqUIRjLllCtWjUJwMWLFzfbYHOj4O3tLaNvbW1tDRw1QStQabr6iHTgwAHjehV1zImDg8PYsWPl0sCQIUMQo1hHgQIF/F3rwtDu3Llz8OBBeU4NVWSNtz6+fv0qc4R27tz5l+l0cKrou252ltixYyOBQ3LdyfzQXeRCEfommDud586d4yywPdpe7WFkSBgk35W7p3QI2huDnDdvnrEuGvFbpOMk5YTbJUuWGLdz/4bgLKhM2hH7NLrH9KeKhg8fTt8Qgn9rBMKiQ4cO9J+CBQtaxSNpKBVxcClTpjT6sGs6+cqVKzEl0gwjPs0kUNWit9j/woULAzUonH4S3WvXBJpV3ezEiRPkxLTUoEGDjJt/mwIEtzQTYs64l0X1wcnLY2IuLi4kikqpwezatUsSUbrBzp07pQmITLIWKCG4zpw5087ODotGptMubK8qWqNfDDY11OS4ceM4ck7EwEHiVFTbtm3ZFR7J6ApeVUVA4KPyq1ev/vDhQ2qbnwtqJnHaa/r06bQOpvc6wJzXlg+tI1VaqlSpXz4Y/v/j/wNCZrxnz57379+nTp06mAmBwhdMi7+JEycOdPCHsG3bNpIttkmfPr2al9y7d4/a4WOzZs3++usvd3d3lom1Xbp0GThwIHoZvylbhhl2iGuQbHXMmDF0JmWFRphAnSA74sWLV7p0abmPZh7IDXx9fZUPAUiQIEGlSpXSpElz7Ngxeg72oqywVPB9vXr1onPS/y9evIgLVlYYib179+KDCIcyTYgRiR8/fs+ePZMlS8b+SXPJduQCHty+ffvkyZP89KpVqz58+KB8IVIkuVgly3nz5m3Tpg3+nRyPbF4KLRZy0QYNGnDKxEWclVJqbBCa8sxX/vz55QWuRoHqZc8soO1WrFhBhe/evZuEkwYSkEokHtOmTcOycN2YmAyNF69LrkuOQSr7Y19WAmIoTpw4GBf9jbN7/vy5siL0sIdHjx6xULJkSSM2ioCsUdMGoidGiiqSO0K4Vn731q1bslYf3AUtQk6C+cyfP18ptSrkAgod8uPHj1ISJD+kURCsW7eO2ENjW+AcRQIiRoYaYGBKUWDQnGyTJUuW8+fPK0X//rto0SK+y9nJzE7ktTVr1lQzFSQzEY4uIhuHGRpgxIgRmDd7xgUopRphghYhuUmVKpUpBsRs3rwZv4CPWLhwIR/lWlG+fPmKFi1Kebdu3YJ5AeSJEydkpnwimVXMi0NeKAecIUMG487dRdLprJv3lmTDFAOtMChyGLn06+LiQusIhQsXDjR+4PH1Lws1bdpUymlfy78RgLaQ+1AkpUqRsUGyyEWa6dOnK0XGQJ3POiTQcAhZuTkOCIvOnTtb45CDXbt2yZCJkE+NEyjUhjSKieoB/5lSN495tGjR+vTpI7fRMZMaNWpQSOYQ6NWgN2/e1K5dG7urW7euUmQ9IOb279/P2cHUqVP1L1sGJLhrRQ8ePHjy5AnNU79+faXIwjh69OgvM108C/KQBaSiOsuqj4/PwYMHiQ2lS5eW/pErV66yZcuqqujy5cv4zR49eiC8pCRsEMXZLbGH7BYdZuDefmeuXLlCBkYkI3tGsyqlxsPd3Z3Wp6ts3br16dOnO3bsoBA93a9fP1tb25kzZ86dO1e2FC5durR69WqyeVwJzuvq1asU4k3GjRtHt5RtLBYbGxt5hwaHLXM+SbnhHDp0CL9B0pk3b17qTSk1HhgU7oh24Zhv3ryJpxOOHTuWOnXqWjrYYMmSJXJ/HDPfvn27fBcOHDggC7NmzQrm+p+FQAKA2qOx1IfVjQ71Q03a2dkRyJUiY4O10ihyNzAoOEe1t7CAFgzm2r/FkjNnTrniZSxcXV1NUQ8kbzLTfaZMmfAD0vTInWS6GcZxX8T9H9v9F4ya9IO/R44cIflRSq0E9ezg3Llzwd8IClIVUS/79u1joWHDhka/Em4sZs+e/eXLFxY4ScSgFPrj2bNnSO9YsWJhmTKoEMg45RIltiqqHKSmqD6SFZwvzoKw16tXLwOlTJYsWeR9Bffv36c9pFAjVNAWW7Zs8fT0RLjQIeUCoXEhMEyePJmFbdu2DR48+OLFi1JOWCpevPjnz5/pbN26dRs7dix9hgBcsmTJVq1akWqvW7eOoEXnIfHiOE+dOrVy5UoLj7j0ebolZ8GyvO5Nyg0H2cHekiZNKn3eFCRPnnzYsGHqQzGNGjUih7l9+zY9ZI6O6dOn16tXb8KECcWKFSMPxoRFs+IiaBcMnNPH/Nu1a2fEEzcFJAB0P4LW+/fvaSal1HhIAk2nJUZKZzAW7E3CuZOT08iRI2mU+fPn39Pj+vXrI0aMkLFH+HAvLy+WJTxj46YwcDPA8ZNdE2WoUkO6lrzFSPlgAsQEWKB34fekUAVjIS38+vVrQOng6OgYI0YMeuPZs2eVIuuBmC5OiYQ2LKqIJqHX4mXYkTp/mgUiw/FYII9funTpjRs3EHOk+/oXkIhndNAoUaKIBQoInd27d3N2BQoUUM9u2bJlnz59QkdjwFQcyS51RyEEX4nBg5E3a9YMZenn50fINPowjt8BYhuRj6qjsYzrvvWhqxNr6QM4cRpLCtE6ixYtKleunLe398SJEwmxGzZswGtwJLg/BweHlClTlipVCiGFqCIYJ0qUiKj8119/Wbgwop9LXnvixAlDxkD4A4FIrCUtS5cunVJkAvLkyZM5c2acO8t4AGkFah4ZIdA6GTJkaNCgAX4cL9+7d2+agzSPAEwTU84Rbt++fc+ePbJDi4VAi5uiT+7du1cyQCNCmiGDHfkJkEKjQNdSJY60iK2tLdpLhfjUp08fFC2embOjIdKkSRPUHDlWhJubG3KQzkayFOb2Up2PiUibNq3M+7Bw4cKA4yAJdm3btiVnGD16NGk8+AusxFNTH6EpiB07ttxkOHPmTFhUEd+R6+pVqlTx8PAQ72OBFCpUCKtjgcyvcePGhK4WLVp07tx5/PjxM2bMWLBgwc6dO5cvX04fJYCprzsQOLts2bLF001ICm/fvsU4WcC34k/pN2gjTpzNCIe/Hp8VLMWLF3dxcWEnhw4dunPnjlKqEWJevHhx7do1FrJnzx78pXhDQLnSbdKnTy9SW4U+1r59exYoh4oVKxJlEeICHYxu1q9fP1wJXW7UqFEE6TFjxiCM5OuWCTmiTGiLj1uzZo0UGsi9e/c+fPhANpk7d25TD4efOXNmiRIlWKDyd+3aFWhq3rRp0xEjRnAk+/fv7969+/Dhw9mM/jNhwoQKFSpg3fh99aKgZZIvXz48MELz6NGjBCel1EgQHmRkOjLFyclJCo0CXUtU0Zs3b4K61k79Z8yYkc1wjPp3OQm9fEv5YG3goCSmPHz4MNBhyyGHmGW68eZIN3QwVX3kyBGlKFIkNTvC2c6bN69///45dUhg7dSpE1KPxqLPWOO1IvySDHmES5cuyULgiKP3x7t372TANl5eKbJICJaEsaJFi4oF+oNWV68rEKiU7+iee0Q2UVipUiV11hNyXBl1hNKSAW6IaLmMNGvWLNnGENgJeyPurlixQinSCDEHDx6UC/I9evQgQiilJgCbnzNnjpqzqi+iklswgCu/efOmFAbKq1evunbtamNjwwGjNpRSi2Tjxo3JkyfnjEgklCLD2Lx5M4Zma2u7evVqpciUHD9+XJ6mQcji5pTS/4IM6tu3r7QdEGaWLFlCORGLQ40WLRo5sYU/aUx8wqETa+mZSpGRaNWqVZQoUdizKR4EqVWrlvhPoqlc1A8I0kHmv3Z3d0e/ytAiGsWkE6+bGjQENpUlS5Ywvz6lfPny1APJ+YEDB5QiY7Nhw4aUKVOS7w0YMEBKBg4ciEXwu0K6dOmKFStmr5uXMiCFCxcO3g1aJsuWLZPjHzp0qFIUGIFfKyJyIzhoWlCKLBJERuvWrXFzEydOJNcRI1T59OkTyasso4TQvxJQiXwjR46kEM1E9JINdu/e7e3tjZCqXr26BOCVK1eyMQHSKNd1xUe8fPmS/MzyH962ND5//izXbNX7JiaCDlC3bl08mvL5J/QEdWHPnj3qx4Ag0PHpNWrUoPvRzU6fPq2ssDyQFFgQ57Jz504jXsIkhKdJk0b5YErc3NyoYc4C0yaXxbqVFXpgdI0aNVJzRPJvCTkcIV/HLWD4Fp74Vq1alSolVUN0qg7NcGh3Hx8fVCM+MJVu7K1xUS/kyzgVKfRHsmTJxNmeO3du3LhxcjuPRjl27Jiah1gd8gZMsqNAxyyHBC8vL/6a9FpR/Pjx8XW0vlwr2rt379y5c589e6Z611WrVv3999+HDx8+f/48MYvkoW3btpkyZZINSCo8PT1ly4hH4KpIRiLny5cPxyElFgv9D9Nq0KABVjRp0iT0ryp09PH19SUpob927969UqVKdFkKCX5ik1++fEGv8JeOIrOhAz4Ix4HYMsq15Thx4si0+oh0VLYUaoQEWoFcU5bV6chNBy2FC0AusIzxy4tujh8/LmuJT7179yZrD+bOtAxNoyPhUNasWSN3Zi2Q3LlzIwHxvHhD9QQNAW9OS9nZ2clj/6YmevTojRs3rl+/Pk4AH92lSxdyOSxdBT+G2uOQ5HlpwKerkaZChQr8vXv37v3796XEMkFn45dYwEephmA4qvJwcHDwN7rAKBQpUkSqmixCXisu5f4oWLBgtGjRPnz4QHspRTp3LQrJGilWrBgdEkm0detWCTQWCK3j4uJCo1DP2D7ZBco1Y8aMWJNoWUdHRwJrhgwZsmXLljNnzsmTJ0+ZMgXxipVFiRKFs4vAQ0ECUUVv3ryRQYi4Enlq3fKhFxKu/vzzT5zjgAEDsDQaWP+iAg3J6RDhpk2bpj6di4uR2Hbjxg3kMAt8C1igEsgg6R8oJ6MkUhxA9erVWaAz7dixI/jRXhr6fPz4ESnJQooUKWhlKTQp1apV69y5MwukSocOHaKxZNK/JEmStGrVihyOvHbXrl1BjaZEZJw8eRJ1jtNZtGjRrFmzPn/+rKyzJLCaokWL2traEoT++ecfpTSs0ExXrlwhvJlzJCKngPrEfdMWCxYsqFmzJg2k4u7uniZNmly5cqkvHOUgd+7cKcsVK1bkOFOnTq3/HIZlQjPx98SJE0YMRXLhnAUqgWqUQiOSOXPm2rVrs8APyQvzpdwftWrV0jfqvHnz8hdz42St1EkiI6hP6hY/b8Rre8aFI8Tw+UvELFCgwL59+8gD161bh9XIhV55Al2FUAjkIWPGjEmcODFnh4qyupseZBd4b+VD0ARiDKdPn758+TIL5Chyo9eK4Jj79OmDf5w5c2aDBg1kdBTQ0g0bNhw2bBhaWDXClStXyrur5COobw9GEmHG8XVPxgZ8djEM0P+qVq2K9Gb5yJEjmioKOd+/f5dr0fnz5zfdJWV/dO3atXLlyj4+PjNmzFAHIWbNmrVHjx7Nmze/desW3uHu3btSDl5eXnv37t2yZUvfvn1RVM2aNRMl9+LFixEjRlhsypg7d24ZHEoNG3jJxNvbW/agXpgxD9hslSpVcNkkOQcPHlyrBzEpefLk5O7EWmyZjRFtf//9t1yWkEEbeAyjGLhJQWjKAnLBuAobv5QnTx7lg1FBbLVp00YGfq1fv75fv36YRkCmTp2qZhfY14QJE0RSc6bW+KATcPxyWwC/IYPZLRNsX65BCvXq1XN1dU2XLp3cIFqyZImU+4MOI697w9asbtYi0ifRfL+4NI5f8Mfy5cvjxo2Lcly2bJlSZJ0QkMgLJc1C3uGs6awZM2bEgcq5A9VEytitWzdxmuqYTQQTJY6OjsG/dDZUYCSVKlXiV6hePLhSqvEraEeZv4S00mwDY9HKZFE4Dn4XPV28eHEWSpUq9eDBA2J/iRIlcCjVq1efNWtWy5YtCVpkxqlTp6Y7sVlAJk+erOzX8kBS4MdTpEhh4LsOT506lTNnTnY1btw4pchcPHr0SJ3hhpZqrGP06NH79+8nvUG8Xr9+nRLZAOsbPHgwHUkeEixXrhziSdmRpaI+fVanTp03b94opYZx6NAhcYbGndVaHw41VK+Kql27Nk4Sh8xy9uzZLb9dAoUsTp3am0pWSkODjNnAmoz+JkF9iO8ygATq1q2r1rbM76r/fJI+OEY5OxxgmIeThxcXL16UF13I5a6gCORaEbkIKzhn9UKLlYKww0Vmy5aNZeyTfP3atWu0Pb1WNgD8KbqHfIUN+EjiyF82ILl5+/YtQY5AqNvQCHA8GHy0aNGQRJacQ1ga9EYZTlG1alV1JgVTQ3Qnc8VZRI8efcWKFSRGygrdLILyvAYyonPnzosXL0YQIJU4SLJerAZat249ZMgQ5JR8xcfHRxYsEHo4J4shyOMISqlV8eTJE46cs2jSpMmiRYtm6sB3o1ZJfFGreH+52o+Bf/z4cdSoUdu2bZszZw5fIXe0/Dto6uRSRgQvZ+rmptppkShRoshHTClWYOASZYPy5ctj4DKnAwmqlV4rAjXx/qR7q4wsWxr0KFqEBRxa/fr11dEyFEaOHBlXdi6wOYcxmT///BM9zalZ7IhJAwlEFSEI8CB4CpnOxKrBXcptDjzjmTNnyB1xl0gTcn1B7iCol3D79u27Z8+eVatWXb16lZ5RuHBh1WINh/6E/MdNYycTJkxQSjVCDOZKHSofTA8doEGDBq1atcLH6d/x5BicnZ1R28QVfDpajU6FQnr48CGZrjBr1iyUE75GvtK8eXNZsEBatGhB3CJA7tu3Tx6zCBtkU8a9uRNykDhfv34l/ytXrhwu3kaHarmcGkmt6FpPT89ixYpxnDTNnTt34sePnyVLFhpatrRY6PkBn4s0kFu3bsmNadOBpRBH5I4qRkSd6/Sqf1q2bCnb046qEsK45KqYfLQiOGu5xwQkVOFlFL8kc+bMMpgEkyH/V11rmTJlCJc0xNz/vuNIxdbWVoaCHD9+HLuTwohE4O4AL1m6dGl1Tn3rhUB1+/ZtFjgdIln27NkbNWq0adOm3T9BAupfDSLvL1myJNZLpoKvVN+bZizixIkjFy39jWXTsEwSJUqEuKlUqZI/NYYTkdyd7BbHR6cqqnuJrKz1B9mFeQaJhy/37t3z9vZWPpgRDHz16tV4ZwcHh0BfM/Lu3bu9e/e+ePEiSZIkWB8qUB0uiagN6qanRaGqIgS3/qVuQ3j27JlcIDcp5JwyCw7uNH/+/FhKQIYMGSLb+Ds7GfilfLAe8BXqxO50OUvW3DJCwB8ZdVNrkgeSS8hTJv6IGTOmqCJML0IOkA28wWjICCCJQFVFQfk+ylHKLJBoVqhQQR5AE5CG6lP6xoLMSe4ZE0Is/HlgSwOBYrbbZ/rwu0OHDlXvAggEWqIsC/o5lj/IEeX6BDmZ/qjGiMrbt2/D5ZbHrVu3JLpjwoGmMQgmaSyiMg1RokSJVq1ahUtfCjOoIlHhZ86cCephrtCCrzPDrUNHR0dxqoRPtKkU+oOcQUZ8nz179ty5cySrUn748GErvaWrzsMSBlV07NgxGTBgBuSJv1evXunPg4AkEn91/fr15s2bV69evWbNmiNHjlylA1uzsbGRV57fvXvXWBrdPJC2XdO9IyF4/DcYoVrGQOgPSbZScB+XLl0SJxLM6Yjh0cY0/D///DNgwAApxxMZZaYifehtGAxx9NOnT6dOnVJKNYJFbm+7urrKgAPz4+zsLNIHLSvugzxbJp2SUWuBQhjQf0jNYkHwNWjQgAUcnDWm5ocOHXry5AnWSlvECuyxW5z+zp07acHWrVtjgHZ2djJ5B6scHBzkaQxrAelpLKFA56QbKx9MBu4uR44c1DmHHVQQRRUhWFng7PQf7aRlrfQGzYcPH+RNMvwN7dUUasxfDmY6JCzeuXPnwYMHUkIzLV68WKQDlY9OXb9+/dq1a4cPH475gDxWgk7iW8ePHz9y5AibWYs2ooPJ48DqsxeB4l8V3b59m7wKFxP816wCqoA2YwFf2bZtWyn0B2EA22MBgZwwYcLkyZMXLlxYVvXr1y+oywCGQKqaNGlSftdKDd78HD16lL8YcLhfi75x48aGDRtwc/gOcXbBuDwSPlIr5YNlo97VVZ1jGIimg4VE5n1Kg7QHp8xPp0+f3s/PD4UkIFvx6WfOnFmzZg1RirUpUqQQiybwEIlZ5sRJfGU/vxv4uqDe52BcUEVyPf7Ro0cyE54/CDeoIumE6mRy8PnzZ3VyKatDxOuCBQtCe20va9as0icJEKaOEagcrADzQSuIWzt8+PDEiRNfvnwpG9BDSDZy5szp4uJCGEWuPX782Nvbm7+0zpcvX6pVq/bnn3/Onz9frvPJYDWLfZaIisX2WQi+UYIMM6YQBGaGtH7//v0skBdieFLoD7KlK1eusJAnTx5/lyJq165tikqwtbWV4KFhLVy+fFm9iDJ37tytW7d++vRJ7hZJ5wkK+RYOJajuZwnQycn/WDDwQpGTk1OqVKlQrupQUzOA+5a3SdAiq1ev7t+/f4ufVK5cOVeuXLlz56aQDQjM4hBVcPFmmCrdYsHdmWeiJpqAVBCn9/79+6BGniFY9d+j4ODggLamQ06bNk0psiroWjJ2zRCboq5MfbEZa02om8QfMerr63v16tVRo0ZduHCBQklBPTw8cHekFocOHZo3b964ceM6deqElsJwRMUiL2bPnk0JtgZVq1bF9IYOHTp9+vTNmzdb2oOEdPjEuvd34SukJFDCOfk2HXRHNe2oU6dOUGFJbl0nS5ZMHpRANVvdzFQapgaPIJkfPHjwoFu3brNmzZI7aMHcf1E9GpmWJY8rQhWp10cNQd7SQEXpz2Jgary8vOQGK5a7e/fuKVOmbP+JvxdpseX58+elHa9fv46WInS5u7vLWitCMj3rgniJCdA9tm3bFuj1SDSQOkIZPdGhQwdSWXw4rXbWCl/P/vXr16Be/RZy3uhQPpiGqFGjyq1kjpa8YuPGjf/88w9tMXDgQHkJzKtXr2RKi/jx41PStGnTCRMmIFVnzpxZv359fzesaS8SSExv9OjRtGC7du3atGnzY455HX369NmigzY1RCwawuPHj0MyO7x/VfTo0SP9gVfWC15yzZo1LOD0sbeg7tQ+f/6cFkJCyhysX758OXbsGAulS5cWLWx0sHkkGl3Nei8OhwtmS22DoUCBAvQT5M6CBQtkRKQ6ewW9CAi6dDxYv379mDFjZJXlQ58sVqwYCygJDl4KQ8uLFy/kwrsMbTYP9+/fFzdHaouNC8RgPLKg3iTCs7Vt21bmtMU1e3p6sqVR5KB5ICzJEzDBX54MA/RbZclkEFDVd6INGzaMsJojR45s2bK1bt16ho7p06er4yyJtW5ubtWrV0+QIMHnz59v376NWQliZSFE9hYMIdnGQNKnT083Uz6EGBPdpggIViP3u0kY5syZQ1LB75YpU6Zu3brZs2en/MyZMwGvV6Gl8HuVKlUS48qXL98FHb169cLiatas6eDgwFkjQQimK1eunKsDOdVSR4UKFfLnz9+zZ0/M0M/PTxwmqO0rv2JSOEFlKVDkOFQQidRLnDhxQtsFLQ30jSToOD7aVSkNgIyWLVGixMOHD/lIvivPHDZr1uzt27eyjXGhYuWBC3qVUqQRLDL+vV69eiQ0SpF5mTRpklxPHjt27LJly+QpYgGvQe579OjRkSNHdu3aFaeQMWNGOl60aNHkK2nSpGGtsiNLBR0jb5Jv0aIFKaNSGkoIbOwB72G2ua0RYfJuwRgxYtBGH39CKJUxGYAvxkGTh5Dk0CKlSpXiW4MHD+ZbBF0r8nI3btwQDUfsUYoM45BubmvqpGHDhkqRKaFrcfDAL6rPvsgy0EaqDkD8bdu2bdOmTYkTJ6aQPMRdR8eOHTGxEIKpIrNuBc3169e3bt3KAsKaLvFGNzeSsVDf/924cWM6pFIaYjh4qQ30olJkMmToLdAEULVqVSqEcnXqstWrVwdqJugY6ZBETyn59u0bFkfkxYd8+PBh0KBBsgesL3Xq1LQjNshPSCELOElcpQpyShqORnny5ImPj4/s1ojgveXXg3/ZgH9VJBEoAqgiLy8vGb6DaZG179u379KlS8+ePVNW60D3oOVpM3SrlDz/+cardevWSYkpEFVUunTpd9p7P0KA9EnU6okTJ5Qi86KqovHjx/Nx8eLF8n4YcHFxweBlOVA8PDyuXr0q+7FYSBvkOgTJQJhV0YoVK9AZ5lRFZDIy4Urx4sXxwkrpf0EA0XaFChWaNm1aypQpCcCkqjVq1OBbKCor8nIEWhmwZSxVhKDPkSMHOyQzVIpMCc5W1T1p06bN/F+wIxy1TOulr4pke5OSTPfSpz///NOIwkhVRU2bNrVwVUQ3UMfbUfMnT56UcvUOYI8ePYIyLpm4PF++fP4Cq4Cukqkf6Le+vr6nT5+WGTvr1KlTpUoV0sVgHnQgRNaqVevYsWPKvoyEqoo4HqUoMPzfQbOzswv06VarY+HChYhZFhA6iB7ar23btl26dOnTp0///v0PHz5MfrBnz55Xr15xyjhK+ZbcPnNycjKDQdKTyFeUDxq/guwhfO/t4jtEDFWrVk3eZwe4v3t6r8XGdho0aDBKB45eKbV4EAckecqHsIKbM/pMFsFDoMXVslCwYEHkjhT6Q8aEoYfat2/foUMHFNLWrVvXrl3LKg5YjdNh4Ny5c58/fyb7wo0sX778n3/+wZ8q66wBpIlIYZJ7ufVpUmggdc7AQYMG6Sa1/n8I/xMnTqyv9+pufThUhK9AqymlRoLgvWXLFtLgC4HNWGgg1LAkVKEif/780jNpF1pHCk1EkiRJ5JkDfrFEiRKSsUP06NFFNCObEHZS6A/kDpt5e3sTT5UiPezt7Vu1asUCQZad58qVq02bNnPmzCF9Wrp0KVlK5cqVaW46BrLYzc1NXySdOnVq9erVxGvsSykyGFycetUjePw3WPr06R0cHPAj6vsIrZSDBw9yFsoH3fiDI0eO4Lz++uuvkSNHIpLKly/fvXt3Hx+f2LFj58yZUzaTkX1Yr9FtTx/iJaZCVzP1YLqIRLp06cJrviJBrgyzQIeRF1hCtGjR6EukU+vXrz9w4MDu3btx7r11lC1bVraxfOLGjav/BJBVgHVv2rRJlt3d3QNVRVi9vmYlL6pXr57yIcTwQ8ePH1+kA0Hs8RNCOEGajLZFixadO3cmADRr1kz5jjWAxJcEGC9kCkHgjyhRoqivcsOCELJyX0wgHtM0JUuWJEwiBU6ePPngwQPMjZ45ZMgQJMv8n7CMoe3du1fNTPAMU6dOpVBg1fDhw7FKUMeG5suXT0pUCPlEOtXzv3jxYvPmzbJsRGQYhvIhxCBN5Oy2b99ONiiFJkJfFYkMEpA7MmgSgRKUKkKt0qxUXaDpPU2JnGDh8uXLMnuTCh2gTJkyNWrUoBMihrAdQjPOk+ZDDJUrV06GkJJ4LFy4UL5iOO/fv5f4jmfm7KQwcHRXjP6fffv2ubq68h36n1JkAh4/fkx+MGDAgBEjRlCn7969+66bQc5YkA7KILJkyZKhgXbu3Imd4LMoBJJ+WkK9wZkgQYIlS5agZ0krZfhY//79cYXKvkwA504NY8zUtlKkETRDhw6lUQoUKHDp0iWlyLz4u4MG27Zt4yNmv3LlSlwG7jtgB5YHwvn77ds3pSgE+Pn50SswDb6YMGFCvINACbmOspGxQT3IE0CG3EEjpySdwLfWrFlTKTIl1IZMH4wpBXVrlTiXOHFiDJxmkhJijAwlBDLRz58/4yuRBXgh8sirV6+KX0LmKvWuA48hQx/oBpwgYkLAudNGlMsOibJbtmyRHzI66h009LdSZDB16tThdDhsKkopMiXqw4nt27cP1ChoDrkfjWXhojk2AjOFyur/IgPncePHjh3zZxokMFglyJxzRAG0lJSooFdev36NudFddQf1426X8n2DUUVA2O6gcTp//vknX6e/oQyUUpMxefJkfgjI6JQi3fhXvJyMQunevXugzodGRNywQcOGDeW5JX94eXlJpy1fvnzAkIoMomnixYtHvqEU6YYriXxJlSoVX2zcuLGxtIE6erJly5bBN0qQF/fk9pMpoMuiQsjbhg0bRq91cnJCKtJr0ZvGeiqe7k6DYTAVKlTo06dP6dKl+SF0Hi0HtAHNX6pUKRGMPj4+NCrmh4REG9EPcHbYkuzKFKiCTCMkyNPv+L5wv35J90A0YN7yAFq1atVIawiKOHF8imzjj6i6kaTKhyDARGWiWOR73bp1ixUrhmmg40mafX8ybtw4UWDKd4wKgcdw0yOepUyZEp9inmbihyTzo3vgW6XQH0+fPuXUaC98Dm1HJfMVmaAF9uzZM3r06DZt2lSuXDlFihTopwwZMohfGjt2rFLvOqh2W1vbpEmTuru7s/Gsn+BS7t6927FjR/EkqCs5JFNAWJLWV+9DGU7OnDkRH1SOGe6gQfz48SXt3L9/P40ihfpQjWLstBonixMeNGiQ1G1AMDr+Zs6cOUmSJP6uFKrDeFesWEE/yZs3b+HChaVEJW7cuBwPelfdPwrJKBfvOTX1CkfY7qDhMeT6DbuSx4Ck3EQ4OzvLNJsoRSkBKp9yuXo0ZcqU2bNnHz58mLQBIxJIMDgwedzB29s70C6EQcmJ4L0DTlxUokQJFxcXypctW4aVSSHVRb7h5uZGOOYYHjx4EPAhuLDBT0g2mz9/flF7QRHqBjMcJBs5t/Ih0o8pgJcvX16rVi1UIS5pyJAhfAxYg6HC09OT3SJu9C8JqtCQrVu37tq1K05cKdI5UJmYAacpebOGhWA5zbFq1SrcAS77xIkTSlGw2NnZScYTEDobvZQsjQ7ft2/f5s2bE25xBFu3blW2iBQJh0KmBenTp+dHe/TogWlILzUuxIZALSVUEPAAR6betggv0JcHDx7csmXL33//TZyjxkiEsHcquUqVKurbuC5dujRw4EAytAMHDsi9USBJkzonlULuEE2JuIRPltFAeNUNGzaQRAm1a9em6mgmGaDDToj3IXnRUhh49uyZ0eUmnRNNQLQIYX82EOq2Tp06LJAAq8/h+4NaVZZ0kgKjUD78F+SCCNBs2bLROlIYFHRLVQoHAyFAffDKQNT90IuCUnXBgBGp7zmeN28egliWTQSVkyBBAiSO/lRY379/x0Cky6GbO3ToUKFCBVoHIxLat28/YMAAGVeOKvLy8voW2ET/JEtkFOxBxuz6A/tCAiJ9At7DRR9TD/d/Tr1hROTGn/IhUKgLfdQ7aHPmzFGKjI16p79JkyZo+d69e6v3mwUHB4cyZcoYcqFYXleCUakj6gOyfft2Ggxlunr1aqR9jRo1kKh8CyEZ6MVAI0LdUsP4UzS4UqQRNGT5oi0mTZqEdSmlZoTeiH3+6Jq6S+LIehmeUrduXRk3ECj9+/dPkyYNjkb5rIPMj7C6ePHiVq1akQ9Jl9OHLJZIQABmsytXrpCcAUErV65crEW7nDlzRtmX8SDPq1q1Kvs35A4aDB48mONPlCiRGSYj2Lx5s7i2xIkT00Acv0rmzJnRkfQZDuZHnf4KKhxHhMOBI0eOSJ3funULOTV37lxEHimvZMaBQhodL148egjNzS+S2tFjlXXGA38lR0sIUYoMht4oFwnwfqY45oCgU4mR1FWjRo1W6sBF699NI5tVbQ0rC/TGDZAklChRgm3Gjh0b1Dbg7OzMNi1btlQ+B0b9+vV1v/bDnIN62CpUcDyEMNnnoUOHlNJQgrYWqY1eMcpRBQPSx8PDg98i9CtF//6Lz8GOdCfxY7QxCUDwQw+xkUqVKmF93bt3l5aV27IkcjgEGxsbgqzsWZ/bt2+zChObNm2aUvQTojD5MAaFVzG8BpDRRFuOE7GBdSulQeBfFeEL8uXLR8yeNWuWUmRsRF0iPi5fvsyxcsKkQYjNjRs35s2bV720hfGk1FGyZMkxY8ZgLR8/fgzGAFTOnTsnF5kzZswYVBD18/Oj8fCqtDTbYJbk6ClSpODXO3XqpGxkMkQV0d3xuUqRRtDQ9NgkDYr/IvVXSs2I/sWqGDFirFu3rlatWiyTOdGRlI3+C5lWr169aGJSPY5/+vTpAwcOdHd3d3R0pGMTROlpeH/+qsiV9kyZMhGf9OOEcPfuXdLiqFGjFihQwIhxUcAt4pv49X/++QeTVEpDz6ZNm4gHnCA+USkyDVQvmY8aPvWhGvXrE5BNPX+Ch8XVCKRD7CF79uwywb2y6/+CWuJ0EKPK5wDQFjJYgSTn+PHjCCNqslu3bkaX76ZQRSCPlaC5T58+rRSZEuSy5MBEu/g6CJk4XnH1IM9yCwTLkSNHjh49etmyZTNmzJAFrEleVip30CZPnkxJQJAjbI8B2tvbL1myhOYAZK4sCEgrorKoKyD6nD9/XjlQAyBIybERX+haSmkowdG1b9+endBFZ86cqZSaBryNXKKj8q9fv07J2bNnaQt+GllJXH769Onr16+RKVgNtarYUs+egV4IJ7RJy9rZ2bETmgBLZFcFCxZE6tE0VDuVTy1hdEAWwbdKlSrlb1pBVtHorKIbGD64ih+lJ8gPyYRMweBfFUHFihU5DapJ+WxUONUePXpwcOhKuWOqD722X79+rAXiB+5Muhd1yiHhv0aNGoVdPdJBghsweMDBgwdldjL9sWP+uHfvHtGFPXMwshNUEWkTuTt5vGxjOkQVEWu10dYhAd3cunVrGgstgnEqpWZEVBF9A7vC09EbgZKAY1QxdXrmnTt3kAVyHUi6rvoVkDBAHMIEyHRlhApUqFCBWI6jOXXqlLI7PeilOHe+yx6wTfyUssIYqKNhjhw5ohSFCaybbAebNdacOkGBl5SxRNQYcZ3KVEFAT506dfz48RwJG1D5S5cu/eF9f6Ls4t9/aSYapWjRosHkjvgHTDUYVYQrL168OD/UpUsXPFKzZs04JPJmPIyyhTFABXIW/Aox5vHjx0qpMWjatKn0TIS7UmRK6Lf03kAfGAwUnd38B3/WJCWBom5Dc7TSQe3JglCvXj0sUd2MdkQkKQdqAPgoCVvlypULGONCzt9//y0jXEnglSKT0blzZxoFHYPuRP1gR/yui4tLQBenWJGOFi1a4A8hderUYn1A8oYTS5o0KXmCVKyKtEvdunWp/L59+yL08XWNGjViFdtv27aNfq78jA4vLy+53BvMPZ8QsnfvXgyTXXXs2DGoVFYlcFXEl/PkyaN8NipUZenSpdn/0KFDlaL/MnfuXNaihzZs2LBq1Sp8TaFChfRHU1KtZcqUKVu2LLVJUAl4Q4EUkISVptqzZ49SFAC5q00WuGvXLg6JEnZFkofCNbwBfommikIFgkBGL7q5uQU6XZipEVWEtZMnyWNWPzqi7sURsgG+fufOnSgbNqBnso1cegkIXY7W93dbTSDaNW7cGH/aoEEDArZSqgfqsFu3buwEE2DLQLcJA/R/dZyfgaoIevfujekRYFCHSpEJWL9+vWR+VHWgeSQpKa6DDfD1pIlK6X/566+/2KBDhw7K58CQwaTBqCLSX7kyzd6oSbyH3GioX7++soUxwI/LjZ46deoY93IpoVf684gRI8jglVJTgmMXcY8ioRujYqlkWqFq1aoEHf1rRUDN4/zNM1KNrDuohxlDxaZNm+h1eIAhQ4YYcuuH0IbI4MAQGUqRybhw4ULKlCnRDeRmtAgHT53TUsrqwLh8+XKmTJk4U7K7Y3rTLSIKcSNIHLwKulPuA4YE7IivkNKsXbsWO/LWvRxXfC/+P9ArICGHvBq3yXmFZGLMIFWRq6urKR6EJh4gCBwdHYO6xi6qCI8mJoo7oPap4ilTpmA28eLF+1F/etBvUKz4YkTux48f6YXDhw/n5GngoLwhCf24ceP4bpEiRcR3v337FvVKCeYq25gUTRWFFsSrrrUjGTcFDyGqKsL4ly9fLokgkGevWbMGfY9fcHZ2DpgBx4oVC2uaOHEivVoe1Ed2kwAp+w0AmaWHhwffQv34uyp2/fr1BQsWiJeU/cyePVtZZxjkZ+RP7JPOf/bsWaU0rGCqmF7GjBnDPKIiJIgqIhmdNGmSUvRfbt68SUDlpNBnQd12l/Tsl6oIZxrMXfWjR49KzD5+/Dgf379/T6/gI9FdNjAKvr6+OCt2a3RVdP/+fVQseyaDf/HihVJqSqgoyXKrVauGeH358qVc+CQroPtt376duCiX36h54uvWrVtXrFiBBamgNjBGNoCsWbMSSinEyshJmjVrhsUJGItcHgDy5F8OMnNyctqxY4ccpCFgvBx52rRpyZSUojBBH5a7exhmoNePjUu5cuXUfA/69u2rrAgMIianKZdRb9y4oZT+FyL44sWLk+heMJo5c2ZpO7wlNkXrqC0YEBqL1ALzRJ/h6ChJnz49MkDZb+h58uQJzcF++CuzrQZPIKoIMRU7dmw6rlG6iD/YOcEjQ4YMgTrNV69eyThW1solHBWk4sWLF+UxP/hx2S5KFDqfNCTNg5fMkiULliZJZPAj9eSlPJUrV5ZrD1evXpUnQgkPso1Jwcly8Hnz5pWbuBq/hBxOPKlk5EqpudBXRYQ9ufcK+FkcFhKcTkhXpE0TJEigeydpO7oTH/mKp6en9ENSn8KFC7Ml4j4ovc6pyRNSBFoiAeYwbNiwUqVK0bFRXXZ6L8fl59q3b698zTA4PHk1LILM3639MEAaQ7UgHIO5f204nDvVS3Yb1EAQogg+gZOaNWtWUB0G4ULzBT8ECg+Ov2Inyuf/orYX3Lp1SwqRWXw0rirCrUtQR7sYVxXRFWWgD3m/egom5dOnTzVq1MAQcNGBNg0yXW4W08QkukqpHhReu3YNE+CwUUJiX/wlDPv4+ODSBTLwxIkTY57EbzwtYfXMmTPoaeKIypgxYyReAA1tlNuIkrpgswZeeeV0MH9yJE6BVF8pNRnUJBUuVQGPHj0KynCof6zb1taWOH7lyhWlNACIXbmLzWbqFRZa//nz57QO+e2FCxdIn+TnBDo57pHDADW4C4b4E6S2jH/HnHHgSmnQBPJkPmfLAWF7aAWlyHiQ76JvqKaCBQsqRXrIM6IIQ85Bv0aAaiI1FO2fOnVqujinRy9HTiIAMSHMm8INGzYQS9gGs7l9+/aDBw9w07Subh8KWN3Jkyfl0h9fpOTDhw9sxoJqISaFc+QYsFgreilE+EIzidjHVqUkvMBJqUPfSB7ixYuHZkLmrlu3jo5H9JqiA49PXyVPQhjJNSTCpMxAsW3bti1btuDyZCcqlEjSnCpVKnpjw4YNHR0dBw8evHv3bnwKe2aHVALCC9PgMGScrOEcPXpUJuxHRmBlUhhm8OBIIowRvUKIUkqNCo71xYsXGHXJkiX9Pb4qUIevX7+mPmmgIkWK+PMk+nC04i4DhVD6+PFjqr1OnTqcC9AKSAeV3r17d+7cWdnalBBfOWsW6D8Br5cbAp2zR48enKOXlxdnRNUpK0wG3aNEiRKEGIIi56WU6sEqAgROnoMJ9HFuYidrZQ7Phw8fEqRZ4EQ4CzIH/KpA08vQFry6q6srsi9nzpxVqlRBr6iQRfP3x04jRSIwIa1kOcyQBRHyWcCaRMiGGU6HKIm9c4I7d+4knCkrTAONgjkoH3R3VIcOHXro0CF6BT+N4/3xhIK3NxU+d+7c7t2745OXLVvmT9aoUAnU7enTp3PkyEGCpz7ORuvzRVqHLJcY/fLlS8yTZpKf7tKly+rVq4nseLypU6fiaWloaURUkW4HoQbD4QCQYvjM3Llz81dZEQz0PH/gteWy1S+ngAwt1CyKhz0j2ZQiPXBzBw4cYG3ZsmXlxpY/5PkFKhE1oxT9BD00YcIEvOSPU9KDbJLEff78+eQNSC7Z+OzZs+yEAKPewCJcyfZUn5SYjrdv38q1/YBnoREU2Bjyl0rDujAkpdRcyLUixIqMPSRS8pGIO2/ePEKvbOMPuhzmxzErn39CP0yaNGnChAnVC7FEIzrkpk2bSFv9PfuKRkFLFS9evG7dungorIPt8Q64CTq2sR7Rl5lt+Tm8GFFfKQ0ryH0CD3sz3aVQIiV+gGMO6sXX+heD8YZK6X9BNuGX0az+5lZAmOKRCdg0UNu2bePGjUtw6tatGy4LsNygNJZ6j0OuFbFn+WgU2rRpwz6JJYGOSDMQsnZ58QU627gOPyjoGNQq8o4WDNSCSDDkehJxUSn6LyiYsWPHcszly5cPptP+8sl8jkS9/wBB3ZANITLyT+6wkxcppYaB+VMPnAhxWSkyDVguKl9mavCH6FTyB/I0IriYAAb+zz//BDoeAJuqWLEiOrVAgQKB3hRCfRJ85aKak5MTPg2rwa3VrFmT3EPZSAdRGzOkt+Azw/aEIPWGtOKHOPgQDhoORBXJEHT2gngM6pZh2Ni6davcZSxTpoy/kwdqSgb3IBjJlZVSPTg9Gb2xPoipjJC06svt/EHVN23atFevXgigUqVKUcKW6jhNUUW4hkB/17gcP36cg+EsOFmlSCMETJkyBSFCBhb8GEBTIKoIWrduTTQVVYSCCcZKUUWkreN/viFEBXePW6H13d3d6Y1ARkvHkzzEH8TgjRs3+nuOdNq0aYRqElzls8H06NEDN4fLIAUkr1JKDUDevcoZkcYoRUaF1IV0E8m4bt06pei/qKqob9++/i6Yoyp268ARE5U56xkzZvAR0SnNgZAlQc+fPz8SRNcIIaVjx47EFeKBPFNj3Ak+JJls3rw5/UcpMh7v3r2T54LpBsE8oWJE0DSFCxfmFwn59BZpEYEDePjw4Zs3byQLIvSSESlf+y94bzZAyQUTpOrXr89JhXC+IiAAG3KD8sqVK9g1+yGKd+7cWSk1jEGDBuEubGxsWDBk7HZIYP/E1p49e1aoUIHoDyIrAwUDRyd4eHiI4ehDheP9UDmB3pGk9SdMmCCRGhG2Zs0aCjFMmpJMEpEgm6mgvUhgsHciuFIUGlDe/BDCLviRUvoEoopgyZIlok+NayQIf7nZT4VSKZyk/iAyPDLl9vb2QV2w4fT4OvFAverjD9Ub0tF37dp18ODBBQsWNGnSRN/BiT9lgdDy559/Is4wA3nwmy3NkCpt376dNqbHEISUIo0QsHPnzrRp09Ity5UrpxSZBTLpVD+n5ciUKdO1a9fQJSwXLVo0mGshqCJ6MnakfNZBXjV48OBg7tLSM7t27Tpnzhx0GGc6cOBA5Zs/efr0aZUqVfCSZNJKkcGIe8qaNav+gySGoM5Fy4nImA/jIo9KEHiCkghnz56VoItbR/TgBKBdu3YUkpDQmkDqiaOkwnEOfGRvukMOBBodzwADBgwgarJAwFu9ejXuZezYsTSTbEazEhQvXbok1x7++usv5WgMhjgh9xeGDBmiFBmbAwcOiPAKW+AJA0RBfi5mzJg4Q2kRFZIBxFCCBAnYAIdfs2ZNaUEVeeRCVBF4enrKPgNCV6GBaPdgJl+QSThlV6TrhjxLf+LECbkPYGtr+/fffyulhvHo0SPZZ/bs2Q0ZcRxyCIJUApUMFy5coJ/TWKNGjRIrgOq6BzN/CW6K7IIvSqsR+HBf5LRdunSRCkcSbdq0iVyCH6WBOEFMMqBnQ6vJtcyKFSsqRSFGnXGXgwn5wwSBqyISYlQbhzhv3ryghlyFFvqu3Ammm5L044ZwSYgDnA41xS+iwPhFqkae5vAHh0H98vX27dtLPQaEvFA6EDFJDhtZShuzc5wUmRadVSSRwDFQgrsUrTZlyhRTOHF/iCpCky1fvlwp0ggBNI1M/08PQf4qpaYHu1VfF0D/pA9LNw5GFWHGRYoUoVN16tTp5cuXR44cQd+QPNHoFKpxlFCHRictGzp06I4dO36MW/HxITc4ffo0SRi/FVD9Hz16NHPmzFi4sWaX4efkSlgwTyeEFk5fhl6xz5CMbQwV2LLcTqISEMoIEUQqegUaNmxIJUs9i5nzl7grsD3geVSkIXACBGC0EZqbhlBB+iCh2AA7xYcAvU4WqDRxQc+ePZOdxNC9CA9XtmjRItqOQiNe1OEE6TZk0qa4fSacP39eniHglI1yvfCXEOwJdVQaPxo8+o0oEFNpZVXKsFC+fHnpA8ApKEsDBsitCUdHRxoUsf727VuaTAXbfPfuHbapjqcxRBXJCBAZpYTHMOJ7gletWiUdrEGDBkY3qBDy5ecLd4FjwFMhmCZOnEglkwZgPkCjiGXRIkR2LAtDoOtKq1EeP358dIWU00zr1q0jQMv+MShED+X4t4B+derUqewHjXU7NBNK0SKHDh3i52iRjh07qr/1SwJXRdh/y5Yt2RepA+evlBqGOvsCwgUd3a1bN85fEgJwd3fHSKgUPEugdyLpwXJpGvkflFB78OABe6Dqg7q0jvGXK1dO/CNNKDeABY7EDDMVgaaKwgz6lYZDSZCpK0WmR50ahyZDQ0tvATpSwBmD8B1eXl49e/bEBbANrkF/MC89k9jm7OxML+VjUPOJ7d2719XVld/CASlFOlAt+EeSafptoLfzwwAJCR4cx4E9KkXGgE6OfXGORh8Edv/+fbkDHkKo85IlS/IVaNu27cKFC3E+glxPypMnT6DzEdC48lxqMM/lIX2kKUnVEFW4/qxZs1KfFBJulY0MRvRKwYIFZTC+icC4+BX6rYFja0LOuXPn6tevT7sUL14cuwgIlkLzcVTGolKlSsqSDgI5OkO0r2CIKiJQknizE1qfnqOUGgP6ksydAcYaTWgKSFGWLFmCZe3bt2/NmjXkhDQumom8i9bUn7gI2RRw3qDdu3dTTg9EbClFP1m5ciVOj5YK1eAq/Cdemp9jn8FcLAxI4KoI/4uCZndYuLGGFm3evJl6QfDKoFFAoyxYsKBOnTr6Ny+JPbVr12Zjf1eMLl68SM2yQTC3LRYvXkyPpCXkYYpAmTx5MnVE/eIfe/funTFjRvFrqEDSUGUjUzJlyhTaXlNFYeDy5cuIDLkGY4YRYIKoInQDHrxPnz60na6f/nhlGCEfgU6HJInHC4wYMaJXr15If3+uHPWP3x88ePDcuXPZEpcho/9Gjhyp/MZ/mTlzJmvx4PoDUY8cObJixQq5koy9BHW5NLRwSBwtKXWgqUiYef78OfGGQzX6bWJSfHnDqMCRe+ggf6OGBXyXvIUDqlWrFlSOePPmTTwSKQp+I+CY35Cooh07duA9qMAtW7aMHz9evfJhRFWEK6P/RIkSpUmTJkqRaSCYifpHLMotKrNB5WMXgTJv3jylUQcP7tevn7R1QOTyrQryFBOTzCRUGKKKiLsoY3ZCY4X5RR9BgXmK0yhdurRSZCX46p4rpynl3hlJCJktbjzgrNkgt3rIKpXPP3n06JGLi0usWLECjtQMhmvXrklwx1cHNeomUAJXRfj6f/75h90Bx2G4C0a1icyi3+hnwPzQ48eP8fhUBIm1/CLQA/AFVapUQazgvPBreC5ZFYwqcnd3p+Kwn2AuAuOsCasy8IrISoPJFbZRo0bJBibl9u3bGB4/R7cw+tusfgdI9+no5B/mucUOoors7OwIG4Tk7Nmz67rhj5lYp02bRoTGI6dPn57gKndtVHDNnTt3xhecPn1av9PSmYnlqKugFIOoohIlSpB9ooToqxhCpkyZUqZMKXtGAQR1uTS0yMQ/WKW/R7EMh/SOXBxDDnhFzRCIoKtWrZIIQR1itkQj0L8oReWQUouH5dSCuq6GW1u6dKmjoyPbBHwBHGkYKRN1HujzsAKuhp9Aqp49e5a+IYkpkJgZ6z7U6NGjbWxsOFNTP4KEM6SbYVwkbOZ5+0dowXCkrQNCY2FoKlu3bkWXbN++ffXq1SJVaWVOikSUlFsf0hX9HCZbtmxhuwrw9evX4cOHy04qVKhgrJvRKpinejHPPCPiTcGHDx9wbnTmoFQRsolzrFixYkBdLmN/SXIQDErRr5BLg66urmgypShkBK6KgK4ms+nY2toaPozj6dOnMiikRYsWgfYYPB2BJ2HChIsWLcJVOTk5SYwRXdm7d2+5IA8cmPKd/3LlyhW+TvIXcBC7igzLQBWp8wLjvGLEiIEvMOLoyGDAWcv7AXDrSpFGaNi9ezcdgxZEUhhLGQSPqCK6Ft6WjyghufFKz0THSy6C50Vb47DI5ND3efPmpRxNEOggAPoAx58hQ4ZAbRXrmKJ7tzPb0JnxIPr3eYUlS5YY5dxxTER9Dt4Uc8RhWUWLFuUsMF7jthTuaNCgQTLwsWrVqoEm90RQakkuTjdv3jzgpSDh9evXBBu28fDw8He/kthDE7P/YIYQiCoiGRONfvz4cfFarVq1CuoXQwVKi8jNDvv06WOUHQbPjBkzJEUktzbWwInwBWuScReoH7JQdPCb//Lq1auFCxeqwYVU5JevDg2Ud+/eyVML9KX58+cb61KuPnKcOBbyavO4PlOAF02QIAFm0qFDh4C1NHToUOoQj4dlyagvQEth8vKYJKtCMjk19TNixAjSCaqLRDq0AibIwW6kv2S6GAmH9fz5c6U0rND/PD09WcBR0m+kUAWDJ5/GK2XNmrVx48b169e/deuW9Ga8G64ByeLr6ysbr1u3juwNdyYfVc6fP8/JS3BSigJARZMSUVO4VCmZN28eP0EmIbfnTM2FCxc4Uxa6du0qJRqholChQgULFqTDkAUitZVS04OZEeZZIIiKTMGwUUs5cuTIlStXw4YNUUv40x07dpDcN2nSBDWj3830OXHiBHvDCgi6UkK/JTeiA9M3xo4dK89YcY5kRXgEcneiOz+UQveKKDwjYZid674adtj/uXPnOGZ2pX8L21hQS9gytYT2unTpklJqDFBa7JnsAv916NChNWvW4DqUdT/hdxs0aIBnxLSXLVs2YMAAzldZp0f8+PHZVfbs2dnPihUrcDIk5VQ7zbFt2zY8A/7kl1XN8UhTUo3q5SLDoZMcPnxYpnCTNwdLuekgHU+mm0F+586d9EaqV8qtGpIT/u7du5c4gtFhmPoQobFWUhTZGIsOmISEhJUrV4pjp1uWKlUqYIwzHI6TPdMb5dEwpdTaqFKliq2tLXro4MGDeEKl9CekkfzFH6KKEiVKhOsDpAgyXV76xCrUCKah2zxIcDjoBNwC3jJfvnxYqLIiZATXeGiUdOnScQTTp09XisIKzh3/S3XI9GtK6U9u3rx59OhRdH21atWkhG2GDBkiyxxDxYoV1Y47cODAFi1aoBz//vvvI0eOyOQx+LKLFy/i+KiFTJkyyZb+IKqRnXt7e+MxZaAlSJKHbcjTCiaFRrqje2iZni3vWNAILYSfGjVqsIBfQGpLoUmhR/Gj5AZ0Nv4qpbrsk3B78uRJvOGiRYta6d7ILRGU3khXdAh60mSgM3h5eZ06dWr9+vWjRo2qU6cOgo90s2/fvlgKG2TOnDl//vy4g0mTJqHdjx07Js9g+rvmH2boiqtWrWKBni9VanRwZ1Td3bt3SRADChdDcHJyWrBgAUGCXB/pI8M4lHV6EEjq1q1LW2zcuHH58uXUtgp5F+UsXLlyBV+MlyN57d69e79+/XAvMFE3l67ktbK3gOBz+Ovi4oJslRIjQmeTWM5yUD7NuNB7hw0bxgJOVZ68k3LrhbaT98cBDR1UNK1Zs6ZEpTDMUwU3btzo06cPPZCEvF69emHYQwhp1KgRP0EII/bR85VSa0McI2eBZ5ASwGfS28kqlc9680vjD/G0qhDE36KNZDlQiAtLly69fv06zofUqGzZssqKkKP8cmBglp06dUI7Z8mSxZCh7/RFvBK/RY7LGSqlemzatClVqlScg/7NL7SkHCFZ+IMHD0jmiA0YLcpJYg9Kn8hRvnz55s2b16pVS/oiwlD5fgCuXr2aN29etlEnlX7y5IncJSxTpoxJn+8QOAu5yoomw+MopRqhhHgmj7927drV6PfvA+Lr6yvXEUmjUTB0ZjoevingMxQqcrE30HfqeXp6li5dGhccM2ZMV1fXHDly6MtxZ2dnDIEFkoft27fjCPRvZKDpWYWCMcrdDfVdCjh0U1zwF4g3/ATdXq49GBfinFybKVCggP6D0EQpXIpQsmRJcRc0H7WtQlpCjHFzcyPpCvSSnjB37txvQT/Qm1A3ZYNEREDBkL9RYpQ7aEgTGURcv359s7kLuhbZPD+KHCT8KKXWzKOf7wgKplFQwKKKwvb8ndxU4eumHu+IEurVqxf9GWFBVoA4UFZYFb179xaTHDBggHRsPz8/dEz27NnRAAjTv/76i1gP+FhajXidLVs2aSB7e3tSrGD8FRGBZE+cKrlE2F54HJwqgtWrV2P5KO7WrVsTD5TSUMKBoq44yqBmZx87dizVgfzSf7Bo0KBBfCV37tz6gyU/6d4tR8+bPXs2bo6akvpVQfcEVWW7du2S6+EEGynZuXMn1Ud86t+/v5SYFA5bLs/yu2GuTA1SAXXgoXkmU1izZo14PXknBqoI+RLUmMeXL1/K41coeD7S0IRVjB9xjxGlTJmSrs5agd6oduD27dvT1UkMZJnTlB0K7ERGYeMWDZ+z5MOHD/KUFidirIf8A4WMjROk9saMGYPxKqVGAktHpzo6OnIixAlyJMHJyYkcSdCvbQGnoQ/OjW04QkIa1S6oOgkHSAvyQypU/nEd/fr1w3WwjaqKyH35dUoMN3C+Tq/DXVB75NBmcxf8EAcv99EyZsyI7lRWWDPS1dF5EyZMmKrH2rVriU0g2TJVHdQ7ZIIBFyRJGu5IfVWt6SB7l9smiRIl2rx5s9k6hhFBp4pVkpyQ4uKLaAsxVWzw/v37qtrD3F6/fo3Lbdq0KXZKA5ETBvOCF0DWu+umF3dxcVHfXRFafqGKOCy0G79B8hrmqW85bQkqgaoib29veX8Z2Rs/p5T+HHPevHnzQJ+pY0vqbtmyZbVq1SK9Vqfhihs3Lk4Nn4V40k+w6D0kjmxAS6j6Eb+D5kuePHkwz7UZC6KaSEMcbqDzo2iEnH/++SdNmjQYCXmtGRIm2q5v3760HT1t+/btceLEweQOHjyorNaDboaZyPPzXbp0uXnz5vLlyytUqEC3xOaJwZQDfQA5njZt2m7dutGBRSvPmjULlyqXSANeiKI/E3HZiVHmalq3bh0Hw95M/RoBbFAkbLly5YJ5mCvM4AdQn7hUOsOPmtVha2tLCFTBwKlqgQBGaFShzrF95Bp8+fKFhhboYNIo6dOnR4zSlCp58uTBm4F6Z6127dri1i5evCiHgXI1MDrio8SnlS1b1swPq7569aply5bSPXDChl/0CndIR3UN9eOGmj6cIK0M0mrZsmULbYyjchBSMgi6ePHi9BxlhcmgX9EhJZ7SFYOXCJYJpyDTL1Fpw4cPL1CgAA3BGVGB9D1lo58gD9iYRJSNPTw8gpkmA7DiuXPnsiV7o+u+C+vsGL9QRUDqwEETBnbt2qUUhRLcrsQDFAk78Sdv7927R3WwFo+jrmIB6U1dBHOfQuXx48dDhgzB7YpmF0qVKkUh3v/EiROkd9C2bVvK69Spo2bh/fv3xyTwlfLRpKDxS5cuzQHUrFnzWRBv9tEIOegJuqW9vT0yRSkyJWQw+m+HdnNzC/gsJPEVryo3IAKCoaZOnbpMmTL16tUbNWqUepWLnokB09tJ0MmZsAXC4aJFi2Qt0HMIt8gyrJ00MczJiQpphqQ62bNnN8PFNk9PT7kFOXToUH+2byz27dvXqFEjKlZYunTp2p/gAdCmynYh5u3bt7hgXbsFAk7D2dkZbyMjJNKlS0cnJCLKMCMw8N4TDkpmoIgZM+bgwYNNKlsD5cCBA9Jk/DXRy+zMTMAXh/sDZ4J/Vm8jhAQUOR0P3czXaam9e/cqK0wMQqFy5cr8Ij2E8wrzBEvhBU5gw4YNUu0qmTJlClj5yBpkE4kNGzg5Oa1cuVJZEQRr1qyRy7fFihUz5ErHr1UR1l6kSBGy2xEjRoTt9jaCWoYXAI4YLYI2OnPmjFg7TlPGUuirIqQMp4e7CflMAyTTR44cwfOSXalTHxFscF5t2rRBbyZKlIgSnJ0I0kuXLhUsWJAS86ii0aNHIw3jxo07adIkK70fbFGcOnWKJAOpUbVqVePOiBMo9GGyEHWYc+bMmeWCH9axe/durJGOV6JECX8vvUff5MyZk3LWTpw4ccuWLYEOXyMBYhvlO7oZsdFA2Mi0adN69uyJjqejSnZYoUKF4LOlkLB48WJ+gnMZM2ZMmNOpkEMCN3LkSCwxZcqU1hJi5RqANAfeD+PVB/GKDMLbLFu2TOZEoSuKeJWvGKiK6E7IfVq8WrVqQU1EYmpwU/Re9F+rVq2s8YKEP1D/VCZWFhREKGQNalj5Qgjw8/OTeROgefPmSqlZ8PLyIvuihxCX+/TpY575h43I7du39ZNMwDnMnDlzz5496hVlRCeeSiQRGeOqVaukPChIF0n2UIrYDnmRUhomfq2KQK7qOzo6hvnWD3FL7UCocqrA1dWVc5gyZYr63Jm+Kpo9ezZNjhAObXsTpUjrEVWzZs2qX78+PyQ7V6Ebubu749fYeXTdS6l69OihfNlk3Lt3TzoBXTls4780ArJx40bxC2gI/RFpJsLHx0dmiwD6MJJdpglA0ydJkkT/4c/cuXOjAxD0GCopC7ld8JfWv379eujQIXV+SMAX0HXj/ZxHW3BxcSE3NfCOBhFOnu9FwBll1HZIePbsmfxo4cKFA33ewgIh8IjGLV++fFCXuCg/cOCADGwaO3as/mMyyhZhgiyODIpOZfQpkkMOchk9xLnQCRGISFtlhdVCz8cSg+JxiOcGVJk+fTpanypydna+FfTbFEwEx0wIw6bwFaQ378Pp/Whh482bN+3bt9fZyv+TWPee5hw5cuBXgTAtj3bmzZuXFFF/dE1Abt68Wbly5ShRohARmjVrZqBMDJEqQr6JgyAqhEpNq+A+Pnz44OnpOW7cOJwInUmiCLkIZ/KjSnSPj3HypFzQpEkTyjlP5fuhhzj08eNHjnbr1q3Dhg1Lnjy5ra2tGrr4XbmpR69CISnfMRkrVqyws7MjQZ8wYYJSpGEw6AO594pXQlUEFbqMCBIHQ6DP6DqRAh/pz4kSJcJJDR06dPXq1Ui00GoXbB4h5U8G0V3jx4/voIM905mDdw2/BKOQl/nT/9WJTM3D2rVrqSKMjlhrFSFWWoQmQHYjRoPStSjLtm3bopJtbGzkkTHE67Vr15TVoYQ+TP/BQ1JR+IrgxbSpefnypTwzGzNmTLJ2M9iXFUHiTUDRmWmkVatWhUvl0PfkrgjmPG3atLDdyQkXqK4zZ86UKFECj4fzVPWAP7CCtGnTrlu3Lni/Rz10794dG4S6desafsc5RKoI1Dt2Qb2mIOSQhSxZsoTTKF26NB4kbty4UgX+oJrYRvmOwZCOHzlyRH4UU0/zk2LFipn0WUrw9fWVy+z8nPaWDyOCaRGuMBvqFmFE8qSsMCU7duyQF0Egc/lLB65atSpSwyjXXZDvnI70TA8Pjz59+gQ6pjts4FnQjtmyZaO6iN9hGG1jIJwdbo7UdsGCBeEb70PIs2fPSMw45mTJkpGwKaUBwIGgztnsh9vSjY8O87hyvijP9js5OYX781+0EW6ffJLjyZQpkynmVrBS0IvqFEf0DSMaaajAoseOHYuk4DDwGyhXZYX1sG3bNsQA9OjRg9Dsj1q1av1yGCWOt2fPntQAVKhQwSjSMKSq6M6dOzI1SPr06UMy5XYIwU3PmjWrS5cu5cuXJwzk1r0NQ8AfmWhUMuHzwE/MMK5i+fLliRMnxoQaN26sFGkYCcQujlvGpc2ZM0cpNTGHDx9GGy1atGj79u3GvceBm1P65YEDRr8niDqXuUMdHBzC/MyqIXz58gUFyQGgyXB2VnHtYf/+/aIjSWyC0Tq0FzbOZhBmVUTrkxazh4QJE65cudIS6kcdE/bHH38UKFAgzNfAIhIY5qhRo+SyLpIILWL+4fAqGHWnTp3kYOioly5dUlb8NkyaNEnkKenW1q1bjWI1IVVFsGzZMrkGXqZMGePqFXoVqguTu3DhwsafGOtd/eHL8+fP69atS5tFjx7d/Nn578Dbt28HDhyI486RI4cZhl1bL6hG+iGQX4bLeH8c1smTJ2WsQPXq1Q0cIGU2Fi5ciCawtbUdP348mainp+cKPebOnduqVStSOEnZIcyqiD2LAitRosRT008qG0I4qly5cnFUMWLEIH03/BFIqwaZOG/ePMQQFRI1atRmzZqF+4Aeusqff/5pY2PD8TRo0OC3esCZlDiN7mFJzHPw4MFhG94TkFCoIjyC3EEnwLdv314bNfxLvn79On36dLwJzdauXbvgb45qhJk9e/Y4OTmh14sUKXLr1i2ruAhhZjDeJEmSEN3d3d3DMePHIsjtxIc0bdrUKh7GfKd78Se9K06cOITDhAkTkpqrUMjpYOACm3Xs2NHfDJwhgSzfRTfPfvLkyYOfvdfMfPv2jdROnj+PEiVK1apVI8AjaWGD3rts2TJ1yEfKlCkt5OEvPz8/GdOGWbVp0+bx48cR3gfKhVVnZ2d8GgbYqFEjI16xC4UqAvypZDMkfByTVQwOCEfonenSpZPqunfvnlKqYQLkRaRUNZn65cuXNQGqD+ljrVq18B1p06b95QOupoZsqkWLFtGiRcODd+jQwVjpnUn59OlT//79sWJSUsQleTk9zd7enhIVBFPu3LlJ1sMwTvHly5fNmjWjTthzly5d+KissBjOnTsnSTksWrQoDLIvAoBaVRVwqlSpTpw4oaywALy8vNSX5WHmp06dUlZERHDvW7ZskRFv5CH6T68bhdCpIvD09JS8wc3N7eLFi0qpRmCMHj0aJUs2OWvWLGu5X2ClPHz4kMCv8wmR6tWrZ3UTeJgO5HiTJk1ixoxJP5w2bZolRFx0Q8uWLVGxDg4OM2fOtJanvjns2bNnb9y4ceTIkR07dlyyZMl2PcL8lo8nT560a9cuVqxYVEj9+vUt8xo8p7Z//35Sc+wLn9ajRw8LlG4m5fTp0zIdDjWQMmVKWtzSUq+zZ88WLVo0nm6MEdm4USbBt0zWrVuXIkWKH75e9w7T27dvKyuMRKhVkdwVkgMqVaqUNpIjKEjKU6dOTS0VK1ZMG6VoBgj/MoSLhH7hwoXafTR4+/Ztr169ZMhLvnz5jPKgnFEg9nfo0IGjcnFx2bx582971fnjx4/Dhg2T56szZ85syY6CQ50wYYKdnR2HishGGP0+gyiQRAgOuVCUKVOm5cuXm+ExndCCEdF/OnfuLPZO9Nm3b5+yLgKxZs0aUedQvnx5UzyqGWpVBI8ePZJnSegl2IZ2tyIgJ0+ezJYtG4kFmv348eNISWWFhslABh05ckRyiCRJknh6emrCyMvLK27cuPRDIq4hU+Cbgrt377q6ukpjmfMFqJYDp/zw4UOZMJ02QsorKywVPz+/QYMGiYaLFStW165dA764KuJBaiHvF+KsHR0dDZ9J1aT4+vq2bt0a2RolShSOFiFrXRM8BsPt27ebNGmSMGFCjAWaNm369OlTU8iPsKgiEL3GkcWLF2/EiBHWcg3cPKDZ+/fvT+VEjx598ODBWmw2G1T1unXr0qZNS+XTPw8dOkSCq6z7zfj8+fPNmzdz5cqFc8yTJ094vTgiGGiszZs3ywV/W1vbnTt3/lZ3mTnZ7du3FyhQgAZKkCDBn3/+afS5GEwBzq1fv37yEBZHjtqOGO/VDwoaZejQoZwp52tjY9O5c2fL9+ck4fv370+VKlU03TuMEUaIb6voXcFw6dKljBkzRtY9hI8woiFMd58qjKoIVq9eLRey+Eso0i6HCEjXY8eOFSpUiJoJ5l0BGqaD3ijX+Z2cnCZOnGgV43mNDuZJrKUSMmTIEPKXCZoZmmbcuHFp0qTB2aVMmXL9+vW/iYr18fFZvHhx0qRJOfG8efOSZFpX0Dp8+DBClt4FWbJkiahjez09PZGApFicJvK9WbNmVnSr98GDB9WqVYupe4ls1qxZ+/Tpc/nyZWtMPB49eoRLl1dmxY4du3Tp0qZ+ZCTsqgjGjx8vPSZ37txHjx7VFACcO3fO3d2dOnFzc/Py8lJKNcwLLkBupSGPduzY8bv1TLy5vKuB058xY4Yl68LXr1/TQPL4DAJuyJAhEX6kPJFp4cKF8vY0Ym24PxUYBt6/fz9t2jSZdBdhlz9//og3j9HZs2c9PDzkKhG0a9fO0u5B/5KrV68OGjRI9Ct6onDhwkuXLrWuMXycAmJUvWlbvXp1M7xyziBV9OrVqx49euj6TCRXV1dtSnhkEJmTVIjV9b+IxJs3b7Zt2ybCyMXFJVymcg4vbt++XbRoUbl4vmjRonCceDfknDhxQvIrHF/z5s0j8FBFBPqePXsKFCjAyXLK06dPt8BxuyHh69evN27cqFevHj0tatSoCKM1a9ZEjEt9yNa///6biCZjiRIlSkT+b6WzI6JfFyxYoL6g3sHBoWvXrkZ/aMtEPHnypGzZstF/viIte/bsOAoz3JUySBWBj49Pt27dZKJCJyenU6dO/bZSAEmUNWtW6gFbKlOmjPZ0XvgitzIJP8SeVKlSHT161Cr0gSHgLzZv3pw3b17Sd5mJ2CqmSQSOfMqUKfHjx+fIibJNmzZ9a/CrcC0QBNCYMWNIfDlH/iKJrH1EJjZVp04dGxsbGo6/c+bM8fX1td7RFASv169fk+rLSz/x5I6OjrgR6z0j4ODv379fv359efCCvpc8eXJMDIVhgd2PtAEzOX78eI0aNcQhoIoSJkw4evRoPz8/8/gEQ1URvHz5EmFEkkc3ypYt2759+6y6D4WN58+fd+zYEb9AE+ImtJmcLIQNGza4uLjgC+SxgAjzOEag7NixQwYvJ0mSpH///lY31d7+/fsrVKhAQIKqVauuX7/eSq+jBASXeOXKlUaNGknimyVLllWrVkWM3vjlyxeknlyXxdAKFiy4ePFia5z/GiG+bt26okWLEok5Fzs7O9rr9OnTymrrh5SpRIkSMtxQGDhw4OHDhy2nH/r4+KDVGjdurI5aQw91797dzJNjGUEVAQfdq1evlClTcho5cuRAGEXga+ABoS3bt28vSrxDhw6/1ZtoLB98gZOTEz0zderUf/75Z4ScOwq/hobInz8/iSCZydy5c61UT5BddO7cWcIS7nv48OHWOD7UHzjDAwcO5MyZk5PCRWTMmHH+/PnKugjBp0+ftm3bRsSl+3GOsWPHbtmy5fnz560lCvzvf/+7fPly37595dk6QORNnDgx4s078PjxY/pepUqVZD4ISJQoESd+7Nix8DU0X1/f48eP022yZ88uB4alsLxs2TLzZ3fGUUXAWRF+JGPInDnzmTNnlBURHbLAtm3bynCwMmXKWM5rHTVUcNki2cHDw8NabquHkFOnTrVq1UpMr3bt2ufOnbPqSyyEIlSdxCdSxpo1ax48eFBZZ52sXr2aOKTrfT9GlJ88edLaH5MOlBs3brRu3ZpgxmkijNzc3OrVq2cVbzoaO3Zs7ty5xYdDvHjxlixZElGvKyNVaZTx48cn1b2nGWxsbAjZZCNbtmxRNjIjqLEdO3bQVTgGdWw73qxPnz5nz55VNjIvRlNF8O3bt02bNjk7O5PqJU+efOnSpZ8/f47Aj/9waiRJyNsYMWLIbfXDhw9H4PO1XnAEV69erV+/PrksLVWoUKFr165Z+0UIetrHjx9JsPBunBcOZdCgQRHjPQxkGvv27cufP3/UqFFprwQJErRv3/7hw4fWdWueXnfz5s2yZcuSl0fX0a1bt/v37yurIyKovYsXL1auXBmXiDyi7VxdXUePHv3o0SMLHG+K96aBevfuLRN5cMC0UZMmTRANEeAKZfBw7k+ePFm3bl2ePHli6p7e59xJQooXL75s2bLHjx9/+PDBFJf6MGH2TD8hNxg1atTIkSNTpUpF/cvAdo4hVqxYtWrVunLlSjgOAzWmKhLIXEuWLIncjhs3bvPmzU+fPh0hx19zUjIiDPsHGjIMb4XUMCe45mHDhslD4EmSJOnevTvZrbLO2nj16hW6oWjRopKaY2tNmzZ98OCBsjpCgIDo379/+vTpyTckaI0bN87T0/P58+eWH7R8fX3JvOWuGeIgS5YsM2bM+E3eHYZeX716NeGWE5eGS5MmzcSJExFMFvKQ2osXL44ePVqxYkUxH2mj7NmzL168OEJexgsGGmvPnj0eHh4pUqSQ2uAvkJMgj9Au4O3tjYSi94b5IjQy6/bt26KE8uXLR23LbwlIooQJE7q4uEydOpV8NdyvLPzBP+XQjAfhB6tABlKPdLWuXbs2bNhQWRchwCkvWbJk/vz5CCNy9NatW5OmJ06cWFmtYcF4eXm1a9fu4MGDLKMqSN8LFCggyaJV4OPjg0Nfv3799u3b0QeUFCxYEFHeoEED/XGUEQba6++//8ZBP3z4kI+ks2XKlKlcuXKVKlXIcWUbSwPBigPctGnT06dPcfd16tSpX78+wUBZ/XtAe6Fid+7cef36dSlxcHBo2bJl3rx5M2fOLO+INDPfv3+/e/fuhQsXNm7cSAPhxqWcCE0m37Nnz+LFi0vJ78azZ8/I6teuXbt7927ki1L6EzRT/Pjx48WLRwsmT54cEePk5GRvb6+sDpoPHz7cu3fv7du3WAS2cOrUKWXFTwiarq6uhQsXzpgxI5kDKat6Ey0cMYkqAjrcunXrZs6cefjwYaqySZMmnTt3JkFXVlszZORLly7F4IlPfGzfvj2SKFGiRLJWw8IhEfH09ESykyGRF6ZKlQptRCNKWm/hvHr1avz48UiE+/fv8xGfgllVqFBBnSUrQvLmzRvSj9OnT48ePfr9+/eU0GokWniVNGnSyDYWAlm1aDi5DOnu7t62bdsaNWpE/znnym/F169fjx07tm3bNnJIgqIUpkyZMn369KVKlXJzc8uWLZvZpPyBAweOHDlCeL569ap6MIDhN23atFixYhkyZFCKflc+f/5MxkUfpqLoxt++fVNW/BeES4oUKdTHxILh06dPiON3794pn3+CwMLrZs2aNXfu3AgsVLKywkL4ccHINFCnODIyA5Q4TqFSpUqIdFPcqjQbHDydBmEbO3ZsTorO0aFDB/J1ZbWGlUDPpNW2b98ur1wg9cHIBwwYQGYT7hdvgwKHJY8N0/cwW7ofrmT9+vX4HWWLiM7Hjx9xICgM7I7Tt7GxIb8cMWLEo0ePwr3V8Axnz54dMmSIs7MzByaH16ZNG0JChBw/ECoIijdv3uzevTvaXdqODhwnThxHR0dXV9e+ffvK1HxUlHHbkUZht3Dx4kV+PW3atDJ9jJgPR0L/2blzJwmG1kb+8PX1vXLlyuXLlxctWkSMQ9nTdvhJKs3fza9AYQO5ecpfge/a2dlVrVqVvc2dOxdhigcOx5FDwWOqa0UCO79+/fqECRM2b95MLVA1tWvXxpElSZLE6pKn27dvT9OBsWFd5BaTJ08m76GjKFtoWBV0TqTGqFGjFi9e/OzZsy9fvsSPH3/gwIHEXQcHB3nGONyhs71///7Vq1ctW7Y8ePAgHzlse3v7unXrduzYUd6Dq2z6e0AA8/T0HDp06KFDh96+fYv1pUqVqn379uXLl0+YMCGGKYOQzANtIYMtpkyZMm/ePLw8AQDZWqhQIYJ9njx5NOegQtf18/Pbt28f5nb+/HnCAYKecmqMWqIb586dm17t4eFha2sr90ZZCG0FYtHYC7ZM3Fm4cCFpAyU0E7+O5OJX4sWLlyBBAsIzkLETkn43CwoVVB31xoII1nv37u3fv3/Pnj0ITdkgUDDJIkWKEPRpUClp1qwZbUpbU9vAgpRbJqZVRQI/gQsbPHjwyZMnSfhy5MjRqlWratWqWctAHJLR48ePDxgw4Nq1a3xE85J59OnTRzOniIG3tzcOdPny5fKGnfTp07do0SJbtmxubm7hO1KHXI1EdqOOFy9eUELEzZ8/f9OmTXE3v3n3mzlzJg76xIkTDx484CM+t2zZspkyZSLUpdBh0rZDRuMN7t69u2rVqrNnz9I6NEfSpEkJ7RUqVMC5WdFINfNDhrl06dLTp097eXnJo4XKCp1IwvRk1FGJEiVQutijrELBkAYEekdGoFHYJ5Lr6dOnhw8fVkp/4uLi4urqWr169YoVK7JbpVRDIwDmUEUClkDgIakiuyLZpcdXrlyZvNxCkvJAIc/4559/Fi1axF8SQWJSxowZ69Wr165du99zoEAEZvfu3atXr966dauMOSCskraS7uNG5UWe5oRosWbNGnIywq0MViVaoNIItw0aNODYZLPfHFKsXbt2IYz4SyyUpJaAR+zMkiVLlSpVChUqFDduXNnYWPj5+c2ePZvoe+7cuTt37siPOjg4lCtXrnz58tmzZ7e0oU4WC4Hg1KlTxIVt27ZdvHjxyZMnygo9ELt0e1lGFWXNmpXt37x5IyX+IIVAMykffkIHIMrgtxFb/FXnadTQCArzqSLAi61fv37MmDFy/S1RokSEnKJFi7q7u6szSlkOFy5cmDRpEg738ePHfEQGkaN369aNmGSxD79oGIKvr++hQ4fmzJlz5MiRt2/fUoJLJcjlzp27cOHChNhUqVLJlibi0qVLhNurV68SJ/D+6jMyhPlixYp1795d63sB+fTpE+Fw586dhw8fpuFE1EaJEiVJkiR4lRgxYtB86nBOImvBggVDK1x8fHw2btzIAk3Dr9BM5EiyCsXcpEkTcjz0UIR8BtAMPHjw4NWrV7Sdp6envAhFWWEA6NQCBQq0atWKDJzm1ppGI+SYVRXB9+/fUfok5bNmzbpx48bXr1/xU9GiRStTpkytWrUIPLFjx8aRhdcFpM+fP+P41q5du2PHDnJ0GcrKIeXJk6dfv36YGcembKoRESH1pw/QLWfOnDl+/Hi0ER8JsXRIiBw5MnnnoEGDUEv0WwQKf5Vvhh5ED8H13bt3+/fvp7PJM8zffsIGqVOnHjVqVNmyZeUAtL4XDNQYrcZfWnDevHnbt28nqyG+SvOBbPbHH3/QZHwsV66cs7OzFAYFCvXkyZMs4ATYDwsyPCVOnDh8t2PHjpUqVSJZEn+l3U83ENqO6qWeqW3SZvITFpBKtKOyxX/BcPSNAt1TpEiRZMmS0b4sZMqUSSxUaxeN0GJuVaRCSrdixQr0h7e396NHj6TQ1ta2fPny9GnkUbp06czZoYlPt27d2rp1Ky717t27lPDrGTNmJAWsVq0akcmcozg1LIEXL15MnjwZfYw2uq17SYiU423z5s2LZPHw8FBfTKE/NQPpqf6wEj8/P3lQkWUW1Ov/58+f37x5M6GXYCAlQvz48dlbqlSpJk6cGLEfuTcp165d27hxI7Lm4cOHr1+/pgQ/8/HjR1kbWqRR+Ovk5NS4cWPSJG1+snAEk1m5cqWLiwsNoRRpaBiJcFNFApKIVGCLjmfPnkkhqt/V1RUhUrVqVVNHBU5/7969Xl5eN2/eJDu5fPmyDBTA5ZUpU4Z00CqmsdEwHQRXeqZMc3Ljxg0+ymUDfdBG+jdlnJ2d9Yf+oIT4okgfFvTnStGHoJshQwaEeK5cuXD3bm5u6ouZNAwBRSt5FzIUSYowohHRSbQIJi/b+CNKlCi4IJlfjeXChQsnTZqURnF0dPwNn/vT0PitCGdVJPj4+Fy6dAk/NWfOnO3bt0shGXnWrFmJNyTlpOb58+f/5RXvEILuOXPmDL6SJPLUqVPIsidPnqjPNRCKmjVrhiAjRDk4OEihxm8OERRtJJw4cWLRokUIemWdYcSIEaNatWpIomLFiqVLl45IHJLp0TTCzNevXxGmaCP8ALmQUvpfIkeOTF4UX/decTQQekjKNTQ0IjwWoYpUEEanT58mL79y5QppHJ6LaISHihkzpo2NTTTdYCOclLu7O4KJ5Ro1agQ/X/b169d3794ty/fv3z937tz79+/5lU+fPn358kXGIrB/ICOsXr16ypQpCU6IMHW+Lw0Nf9B53r59S89h+ezZs8ePH5fyFStWyHTnwUMHLlCgQPHixT08PBwdHfkYN25cuh+dnH6obKShoaGhER5YlipS4aiQL4QZT0/PI0eOiI6RKVv0Ccml7EBPkCBERm5nZ0d8Ant7e5SWg4NDSHaooREooTIlradpaGhoWCAWqor0efz48ZUrV2Ryi1u3brFAmn7nzh1fX19li5CBDJIJwcjICxUqlElH5syZtZmHNDQ0NDQ0NMAKVJE+3t7eiKFv3749ePBAfZbn2bNn6l2MQClcuHCCBAnixYsnI5NQRXIDTkNDQ0NDQ0NDxcpUUaB8+fIlqNlOBVtbWxmTpKGhoaGhoaERFBFBFWloaGhoaGhoGI72zIuGhoaGhoaGxg80VaShoaGhoaGh8QPtDpqGhoaGhoaGEbh27doff/yRLl065XOkSLdu3fLz84sTJ461zIaqqSINDQ0NDQ2NX4Ng2Llz59GjR5XPP7l58+aBAwc+f/4srzaK8vN9zEAJ30IqqYX29vbjx4+vUqWKfLQ0NFWkoaGhoaGh8Wv+97//1axZc/369fLR2dmZkmfPnn38+FEuETk4OLx///7NmzeRda/NiRs3LpshM/z8/OLFi/fu3buTJ08inlq2bDlnzhzZiaWhqSINDQ0NDcvi5cuXV69e3b17NxHKzs6OoPvp0ydlXYipVatW5syZtXnkjcj9+/ddXFy+fPmSK1eu0qVLFytW7Nu3bzdu3Hj9+jUyqGjRogijV69ePXnyJGrUqGyZKFEivoVyevHiBYKJZm3btu26detq1649e/ZsdJLs1qLQVJGGhoaGhmUxatSoJUuWXLt2jQgVK1asrzqUdSFm6NCh/fv311SRETl58mShQoVoiwE6wjAR4Pjx43v06JEvXz5UUZYsWZRSS0JTRRoaGr8LuLsPHz6QuSqfQ0yUKFHIfWVBHR6hYTpatmw5b948FhwdHUuVKpU0aVIp/yXfvn3z9fXdtWvX/fv3u3btOm7cOE0VGZFPnz7Z2tp+/vwZ2dq7d2+lNDSIKnJzc5s1a1auXLmUUktCU0UaGmHn8ePHOF/lQyiJESNG8uTJEyZMqHlts+Hl5VWlSpVbt24pn0NM+vTpCxYsyAJ/a9eubWNjI+UaJkJUUezYsQcNGtS9e/cQ2siLFy/Wr1+/f//+w4cPY5uaKjI6379/p1EMV0UlSpSYPXu2k5OTUmpJaKpIQyOMXLt2rW/fvhs2bFA+h5IECRKULl16+PDh8no+DTMwYMAAKjxevHi442CUTeTIke3t7Qmxymcdvr6+d+7ciR8//rp16woXLqyUapgGUUV2dnZz5sypUaOGUhosb968GTx48IwZM758+SIlmioyOsZSRTly5Jg1a1bu3LmVUktCU0UaGmFk+fLlbdq08fPzS5MmzdevX6NGjZolS5aQu2AvL68bN25Mmzatffv2SpGGiRFV1KBBgw4dOsSMGVMpDQCNaGtriwxSPuugsbp06fL+/Xty3Fq1aimlGqZBVFGcOHHatm1boECBlClTZsuWLZh7l48fP8aUkFCvX79my0+fPmFfmioyOqKKEiVKNHny5GrVqimlocHyVdGPG+0aGhphoF69epEjR0YSHTx48M6dO3fv3n3+/PmLX8E2z549w4mPHj06bty4gwYNUnanYXr69++P0xs8eLDyOTSQH2fNmhW1tGrVKqVIw2S0aNGClsK+4sePnzhx4uTJk+/fv/9///ufsvq/YFAlS5aMFSsW23t4eBw/frx48eJ8HVUU1Fc0wsa3b99i6EAVKUWhRHSqm5vbqVOnlCILQ3vjh4ZGGCFMYkIJEyYsVKiQk5NT6tSpSaH4GDy4lRUrVuTKlWvLli14hyNHjii707BsokePTtBVPmiYhZgxY1atWjVnzpxkESzs3r074JNoHz9+HDBgwJ49e6JFi9a5c2fMKkmSJLIqDA/za4QEXN+HDx+UDxEOzcg1NMJI7ty55S4MfvnGjRsXL15EJMmqoHj48GHjxo27dOkSO3ZsXPbbt28vXLigrNOwBr5///769Wvlg4aJiREjRvny5Xv27FmsWDE/P7/WrVtv27ZNX+tgQbNmzVqwYEHixImHDBkydOjQODpEGB04cOCXJqmh4Q9NFWlohJEUKVJEjRr1zZs3s2fPbt++fbt27Q4dOqSsCwy2nDFjxtGjRzNlytSxY8e8efMqKzSsBxTwuXPnlA8aZsHDw2PSpEktW7a8d+9ev379/vnnn2/fvlF+5cqVQYMGoYRsbGz69u3btGlTkg3K+evo6MjCnTt3NFVkaaRMmdLCR3ppqkhDwyBIYb98+fLu3btjx46R1OK4lRX/5f79+40bNyavJaxWr169WbNmpL/iuzXMjKenp7e3t/IhlBCPX716pXzQMBckEqifP//808vLi78kIUeOHJkwYQJpBslGwYIFW7RooU6U/PnzZwplWcPS8PHxsXCpqqkiDQ1DyZIly9y5c/l74cKFVq1akcJ+170iUQUltHbt2i1btqCfunTpgniKFStW/PjxY8SIoWyhYUYImbSI8iGUEHrLlCmjfNAwGenTp48dO/br1683b94sJYkSJerUqVO5cuWePHkyf/780qVL//3339GiRcP0MC4MSjaDt2/fPnjwgAUk7MKFC6VQw7jg4sIwGyqQQPL38ePHDx8+lBJLQ1NFGhqGEjly5MyZM69evZqE9fjx4w0bNty0aZNc5Ac/P7+ZM2d2796dgDps2LARI0boe3AN64KIu3PnTuWDhslwcXFBFf3777/6w6vTpEkzevToHDlyEJI/fPiAiZGE1K5dW26cqdjb26dLl06W1bmLNIzL1atXfXx8lA+hIVWqVH/88cfTp0/Pnz//+fNnpdSS0FSRhoZxwBGPHDmyTZs2d+7cadeuHYkshSS7U6dOHTRoUK5cuSZMmFC3bt1gpsnR0NAIHpSQ/iWK69evy7UHfRBJDg4OLJCuWOiMOFYLgiZZsmQsIDf9XREPIRUqVJBxRXfv3g3YdpaApoo0NMJI6tSp/b0cMV68eL169WrRogXW3rdv35YtWw4ePHj8+PHku717927atKn6zLCGNVKmTJkoUaLcv3//8uXLSpGGGcGsli9ffunSJcJqmjRpKDl48GD9+vWDao5///33+fPnygcNY0DNFylShIVPnz6pl8PDBnsI2z04U6OpIg2NMKI+ma9PwoQJhwwZ0qRJk1evXi1atGjWrFk+Pj4zZ86sWLGissVPokaNSi4rQ46UIg3LRh6fITaH7d6BRhhQ54giBl+4cGHjxo0seHh4HDt2bMmSJfb29vv3769Zs+b58+cDXrpAFT158kT5oGEkbG1t+St3MKUkbJAiWubASk0VaWiEkWjRosmlYH/Ejh27W7duNjY2eA25cY5U8ndVCUi5iLI47gg8H5plQqMY6NA1zANRExth4d69e1OnTi1UqND9+/fLlSu3Zs2axIkTN2jQ4K+//mKD69evV6tWbfHixe/fv1e/iMVFiRKFjaVEw9JIly6d+tigRaGpIg0NI3Px4sWWLVvioEmGSpcunSBBAnLZ3bt3K6s1wpsnT55oMzFaBehX9BBKqEOHDt27d0frVKlSZfLkyfb29rJB3bp1R48enTx58rt37/bo0QPlJHmIi4tL0qRJv3//vnHjRtlSw0KIHDly1qxZlQ8WiaaKNDSMyZUrV/r06XP48GEbG5vBgwdPnz69fPny//77Lz59165dykYa4crLly/9/PyUDxoWz6ZNmw4cOPDHH3+UKlVq+PDhzs7OygodtWvXnjFjRtWqVX18fMaMGTNhwgQZTqRNWWRSvLy8sCPlQ2igHS18eKWmijQ0jMajR4/at2+/e/duklT0UJMmTdKkSTN+/PgSJUqglhBG+/bts8wBhr8V7969s8xHgjUCcuLEiTlz5nz48MHDw2Pu3Llp06ZVVuhB4tG7d++8efO+fv16xIgRKCQskegrU2YoG2kYiWzZsvFXLrh+DQGXL19Gtk75SevWrdG47CHQ4QeWgKaKNDQM4tu3bzKa4eHDh1WqVDl69GiiRInmz59fr149GUvIxzVr1uC4796926pVq2nTpqmjHzTMjDYtgtXh4+ODiVWqVGn9+vWJEydWSv8L8TV37twTJkwoVqzYp0+fNm/ePHToUF9fX1RRgQIFlI00jAFV7e7uHj16dJbLlCkTO2js7e1lATk7ZMgQ1KqwdevWuHHj5smTx9XVVfZpafzxr/aaGA2NsJI8eXKy0k6dOrVo0aJDhw5IIrzw6NGj8+XLp2zxE5m4iKz38ePHs2fPZnsKixYteurUqZkzZzZq1Eg20zApx48fp4HixImzevXqsmXLKqUhhm81aNDAxcWFJitcuLBSqmECUDYtW7Z8/vw5MXXy5Mnp06d/+/ZtwoQJySiiRImiqltSEXkBy5s3b9BD7969a9KkiXp7lM0oYXv5qGEUcGW4OPyY8jkInJycyANZKFiwIJmhFAq0S/bs2S32fUeaKtLQCDuiiqpUqRIjRox169Zh/Bs2bAjqta8y20rfvn1xB+PHjy9VqpSmiszMs2fPkiRJ4ubmNm/evBw5ciilIebJkyfOOjRVZGpUVRQrViwiKBCMaTu0UdSoUdXZ4e/cuUObsoA2+vjxI2v1hxOhX69du6Y+26+hESJQRRoaGmFDpnlFBhFiSUkXL16srAiCDx8+VK9eHbeeJUuWnTt3kgfj33/5LQ1j8fTpU9orXrx4VL5SFBq+f/9uY2NToECB69evK0UapsHHx4dkQ1/Q/PET/eVAiRs3LobJwuTJk//3v/8pe9TQCBnatSINjbAj14o6dOhQsmRJVFHp0qVRPMq6IHjx4kWlSpVOnjwZM2bMr1+/Ro8eXbtWZDbkWhELvXv3bt26tQyPCDmXLl2i7fLnz4+QTZUqlVKqYRpIIQ4cOHD+/Hn52KJFiy9fvuzbt+/hw4dYGc2H7pFV/tBJoz/QQ0jYgPOEaWgEj6aKNDTCjru7+9GjR4mULVu2VIp+xfbt2/Hs169fl4+xYsXSVJHZ8PHxKVq06K1bt8I8c2bkyJGrVKlCkwU18ldDQ8Oq0VSRhkbYWbx4cZMmTZQPYSJOnDhr164tXbq08lnDlHz//v38+fMHDhx4/fr1//73vwcPHsSNGzdBggSPHz9GKsk2WbNmlXcaeOtgIW3atEmTJtWt/PGeFqRw8eLF5aOGhkYEQ1NFGhph5/nz59OnT1cDaqhIkiRJ3rx5CcD58uWzzJnvIza4Ph8fn5gxY8aOHRuR9OLFCylPnjy5jY0NC6yV55sSJ04cP3583UoNDY0IjqaKNDQMIszvjo4SJUqMGDG0B2Q0NDQ0LAdNFWloaGhoaGho/EDLUzU0NDQ0NDQ0fqCpIg0NDQ0NDQ2NH2iqSENDQ0NDQ0PjB5oq0tDQ0NDQ0ND4gaaKNDQ0NDQ0NDR+oKkiDQ0NDQ0NDY0faKpIQ0NDQ0NDQ+MHmirS0NDQ0NDQ0PiBpoo0NDQ0NDQ0NH6gqSINDQ0NDQ0NjR9oqkhDQ0NDQ0ND4weaKtLQ0NDQ0NDQ+IGmijQ0NDQ0NDQ0IkWKFOn/AFkbwm+dV8zZAAAAAElFTkSuQmCC</file>
    </questiontext>
    <generalfeedback format="html">
      <text></text>
    </generalfeedback>
    <defaultgrade>0.0000000</defaultgrade>
    <penalty>0.0000000</penalty>
    <hidden>0</hidden>
    <idnumber></idnumber>
  </question>

<!-- question: 130272  -->
  <question type="description">
    <name>
      <text>Questions 19-21 Example</text>
    </name>
    <questiontext format="html">
      <text><![CDATA[<p dir="ltr" style="text-align: left;"><span>Use the following example to help you to answer questions 19-21.<br></span></p><p dir="ltr" style="text-align: left;"><strong>EXAMPLE QUESTION: </strong>The images depict a square piece of paper being folded, once folded, a hole is punched into the paper. The paper is then unfolded. Where are the punched holes located on the paper? <strong>Select the correct answer from the available options</strong>. In this instance the answer is shown on the far right, above the letter D.<br></p><p dir="ltr" style="text-align: left;"><strong><img src="@@PLUGINFILE@@/19-21%20EX.PNG" alt="" role="presentation" class="img-fluid"><br></strong></p>]]></text>
<file name="19-21 EX.PNG" path="/" encoding="base64">iVBORw0KGgoAAAANSUhEUgAAAk0AAAC/CAYAAADjP+hjAAAAAXNSR0IArs4c6QAAAARnQU1BAACxjwv8YQUAAAAJcEhZcwAADsMAAA7DAcdvqGQAAG3mSURBVHhe7d0J/H1TuT/w5vFK99JfZayLMmb80Y8oMhMqpQFXSSJR6t4MCSG3uSiJutVtoG5RonlQIvxClDKWaxYyz7/f+v/em+Uex97nu8/Ze3/H5/N67df3e87Ze6+1117reT7reZ71rMelQCAQCAQCgcCYCNIUCAQCgUAgUANBmgKBQCAQCARqIEhTIBAIBAKBQA0EaQoEAoFAIBCogSBNgUAgEAgEAjUQpCkQCAQCgUCgBoI0BQKBQCAQCNRAkKZAIBAIBAKBGqhNmu6///70j3/8I11yySXpsssuS5dffnkcM+y4+uqr09y5cx/uEaPjjjvuSFdccUW69NJL0zXXXJOuuuqqdOWVV6abbropXX/99elvf/tb8f3NN99c/HXuDTfcUPz+v//7v0VdbrnlluI75zrc89prry3OVc8777zzkXPd87bbbnvkOdzHvf3v/FtvvbW4l8/q4V65XH9vv/32R8pxXr5Wvf/+978X3zlX+T67Jp/rs3v2nvvXv/41XXfddY+c6175N3X2uzo5x/+uVSd/leN7v/ut93n85nPv86iHtsjlaJu77rqrqJPztY3z87nq4fBZee7ruZTlr8++V09lKNtv7n/jjTcW93Otvz4rz++u851yXet9PPjggw/3iNGgbLJIX3Bf5Wob7yu3hWfxu/99R4bltnGNc9Xdb/5qZ9+P8q49r2fL53re3G753FynfK7f87t2H9f2v2tt5bze58nP53ncy//OyePA52HftfbMfa73Xbs+v2vXuW/Vu1ZO/7tWpvvl+6pzrpPrnJ+fLz+P3/qfR13uvvvu4p4+O488mjdv3sM9YjQo03PpS+Ot25RHp5KFE6FXlXnxxRdPWPnKncjnV67+pV/VRW3S5MZf/epX04te9KK0yiqrpNVXXz2OGXS89KUvTTvvvHOhgJvixz/+cZo9e3Zafvnl02677Zbe8IY3pK233jp95jOfSe9///vTZpttlnbZZZd01FFHpbe97W3pZS97WfrABz6QPv7xj6dXv/rVac0110xf+MIX0gc/+MG00UYbFcePfvSjtPvuu6d111037bjjjunXv/51ce7aa6+d/v3f/z195zvfKZ5hrbXWSp/85CfT5z73ueJ/9fjmN79Z3N/v6uFeb33rW9N6661X1O+HP/xh2nzzzYvDeUcffXRaY4010hvf+MZ0xBFHpAMOOKAo913velf62Mc+VlzrGQ466KDi92222Sa96U1vKv7ff//908tf/vL07ne/u/jsOT3PRz7ykXTwwQcXdd5ggw2KOr3nPe9Jr3zlK4ty1Mk9lOP7b33rW8V9PIN28Tyexb2+8Y1vFGV79k022ST94he/SG9/+9sfeYenn356etWrXlW0q/ZW1qxZs4rnU4///M//LM5V7mc/+9m01157pQ033LB4Ps/++te/Pm277bZFW2hLdfTMhx56aNHW6rDffvsVn5W3/vrrF+/Sd9r3Na95TTrppJMKMtAEnnu11VZLxx13XNpqq62K591nn33S9773vaKdtI33ccwxxzzyrv/7v/+7aBvP55pTTjml6GPe9a677lq0s++1hXf1+c9/vrhWW3z4wx8unnmdddZJe+65Z/roRz9aXLvpppsW7+7www8v2sW52tDzvuIVryjaT7t619rZbx/60IeKd61tvC/vVD/Wtj/96U/Tm9/85qIc/UTf1SfUw7Wex2/u9bWvfa24l2f3HlxrHHi+nXbaKf3ud78r+p/n825OOOGE4jfPp/95Bteq85FHHpn23nvvoix11qeMTdd77k996lNp4403Tm95y1seedfqtO+++z7yrvWp3netPZSpTu77jne8o6ize3ofrtOn/Kbf/Nd//Vfxnfen7bwPbZ3reM4556TXvva1xTMccsghhbJrSpq+/OUvF+2x0korFf2pTP51dSjvBS94QXrxi188IXrVMy+11FKFLJ6I8ldYYYW09NJLF+Wvuuqqped0eShXX9ev6qI2afrjH/9YDFid2eAiaOOYOQeFSaiZmTfFySefnJZddtn09Kc/vVASFC/lddFFF6Wzzjorff/730+//OUv05///Of0q1/9Kn37298uOrU+iMAQwmZHv//97wsFSQGbIf/mN78pFMzPf/7zYgbt3P/5n/8p7mlm6z5+dx9l+exas1rnOPcnP/lJYRFANPyGYJjhqtOpp56a5syZk/70pz+l448/vijnD3/4wyPXnnnmmemCCy4orvWM5513Xjr//POLZ6PM/OZcdTjjjDOKz57Tvdzn3HPPLer83e9+t5hlu586qJOZ+89+9rNHrjUzPvHEE4tnuPDCC4u2UgefPY/28lnZrlWOa0877bRihv6DH/yguLfzzLi0qedTJ/VAylyjnRBQ56qPcigy9XSe89XDfT2rczyP+3p+baTcv/zlL+nss88u7oPwUvwsJk2AxDzzmc8shB8C/ZWvfKUo3/vy7MrNbZPftdmsevgdeXdu77tmLfHutFt+19qm9127V35/rtU3PKsjv2vlOte7/O1vf/uod53bWBuqY37X+rI6seooTx1dq45+U6466Pt+c3h3xoH/vVPjwLtwX2PHOFAnz+e5ne/detfupc75XRsXxpBzkS3vXn1637Xf3De/a23jvu6jLdRDe3v/ylWOsacP5X6if+pDnsd99Q3P515m/u6l/sryPK51X/2fVUh9EDgEi5WiqfUbwUN8EWQEtkz+dXUgkMijid5E6FU6nVzfY489CrJbdk6XB+K95ZZbFmT6i1/8Yuk5XR4mewi9/lYXtUmTjmwmZbbr/2zajWNmHAa02VAbpIlCMKvOlhCWGoL43nvvLSxZlKlyfPaXW4Cb4Z577ilM/erjN985l3mfq4cp3/8sGASpc312T+5l93G++zh8JoTvu+++4hznKu+BBx4o7uHcfK3/3U+ZZrfq4Fz/OyfX0ed8rTJ89r/vfM7n+uuz793LeY5cZ2U6J5freZzb+zx+cy/30R5+673W/67VNrlO2shn/3t2dXatOvTX0bk+e07n53fgOvfNdVZOPte17tXbFu6V25hrhfJkBUFOm4D15vnPf3563eteV9yP0nVP70+Z6qxODp/L3rW2ym3j+7rv2t/8fLkc5/vfd7kvK8dfv7uHe/nfterjXmXv2rm5XT2P35zrut537XmU6//8rvP7qnrX7qOO7uU7n4d517ktXFP2rpXhO9c61N+5+VrP657OzXXKz+d5cjm+y8+Tr2VVck+EikxCzNy/CVgnTd6QN4TVM43XwYPDIsdaOBF6ldwlgxEmRLjsnC6Pr3/964U1n5fBhKbsnC4P5Pt973tfQV7rYijSxJT7zne+s5j5BGYWmLDbIk1mjhQdcz73hgMhN2skNAPTF5QlSw43DwtEE5BHrEysOZTef/zHfxRWHgq6qcsmMLnBgsX1ynKHhDWBfsPigLQNa7XSzxyuG6XPqbu++4lPfGKk8ZDLHrbeGayNXPWstCY0o6BJ+ayjXNOshsjwsPD8iPUobQ/c9azUQZoCraNN0sS8zsokdoRbwCzDwBUXYuA2FYKByQvWCy4Z8ULchE0gJodrQ5/JcUC77LJL4S5CvkcV5IHJDy5J1ibuREqzCYYhTX7Xt1jV9F+WIvoQ4ckB8iYGrGcU+VjKfFjSpHz3VgarGMuq/u9adVG+uqljnfKHJU3amiUQweH2V6ayXcuVqnyTFs9Vh8gMQ5rcz/Nn66jyPD/3tnfgM+sRqy3rY53ygzQFOkMXpIkvW+yDgafzCm4V3CkmIjA9gTQR1GIpCLgmyKSJstIvuX0FDSPjYooI18D0BFcSOYIgjydpopCVLVidW8vCqCWXXLI4BDRbMGFCgMzp62Mp7mFJE2Lh3oLvxRcvs8wyRdmCyZUvNsvYIlfrEJdhSZM20u4WDLDyvvCFLywCyf0V1C2gnqtPPFwdr8EwpAkR4qYVi7TDDjsUQdxLLLFEWnzxxYs28Jmr071wlDrlB2kKdIa23XPbb799oeAMLoNBYLPVmVZWCfDV3wLTD2bI4lAQmzpCehDIIyusCHJ9SAyMwGUxKlZYsWIqLzD9IJBcPIpg8qaW6TqkiQVFsDoFT3bpY8qnbHNQPmUuzkpwsxg7K1bF2Q0iQ3VIE1KobuQj/Sto3KpXqxsFrveW7z5WXAp9sCqMK9y1VahDmtSRzucRYMnVVlZTWtDh+ZTtPaifMUmu/9u//VsRq2oRy6CYszqkSfnqiaga1ybcz3ve89KTn/zk9LjHPe6R40lPelJaaKGFisB2z3TggQcWumaQ+y5IU6AztEmaBB9aikyoWLEDBhZzM0Fk6TcrgtU6gekF/ccqKIqHhagJBIJbsk+hZcFMQRDUFMt73/veQrlyVwSmF6zUs9qNi65L0pQJC/lHuVtFLP4SGRG4zJpJITtYNriK9DnpMJAWQc5SYvi+DGORJr8bJ5/+9KeL+7HwuLc+7nvWLHV2KN/qQ+SOtYmulh4Cqakaa2ORJvdktVWm2FNtIA1JXoWrfsrWTsY2L4HVmAiOFXnqrD1MaMowiDRpU+OaZU2wNkvWU57ylIIcPf7xj38UYcqH7/3uYAW0Ki8TtzLiFKQp0Bnads/J78LaIDYhw+BjGRDgaaZEOBE2fPiB6QHvEhk+7LDDWnPPiWvoVZz6KKEurw9hS8Fyq/QrxMDUBWUvGFzag67ccxStPop0ZBIuBcQgy0UGsoFAIASsM4iTGKBM7jMGkSa/kX8sONxuiAh52dvXq2AMSBuh3tniheT0YxBpUlfPgLAJpVBH6S7qlE+OI0SendXJRKmMOFWRpkyYuEKRr8UWW6wgQmVEqepw/qKLLlq0r/QhZQtEgjQFOkObpMnMg7IzWHtJU4YBx/QsPkCHNpibCsbA5ICZuXgLcR8si02ANImDExNXJshZNAWHS9BI+Obg3MDUh1gmuXVYIfqJyLCoIk2UOCuFpItcPaNYvll4uLKkWCFDybbePjiINCE5X/rSl4oEmHSv/FbDQLsIjkacTCCsNPR8veUPIk0Io0SwCJNcesPGCCKO7i/pKncl13n/xKWKNGkXn9VbWpFhCVM+nvjEJ6bnPOc5RfwZDtPfV4I0BTpDm6RJEkGDiBVAbpR+IEiEjRwelKIZVnbjBaY2zDalCJA5WhxbE7BIItbuWaY4zSytqiOUWTXzbDMw9SGhKGslpVfH8jEIVaSJFUvWdsTB5I4rbFioG2sNUiQWB3nvvc8g0sTNxb2kfGMFCRkGyJH7I3usZKz3kpv2ttcg0iQBLX2PMCFQ/YRnLDifhVf58jtaHS2GtRdVpMlESLnLLbdc4ZIrI0R1D4Rr4YUXLlyW0tr0IkhToDO0SZqscmJuRpyqZm+UICEiS2zegsRS9cDUhtmqbNpiQ8yCm4AQRL64PaoUJ0XIsim2Qn/jJojg8KkPhEYQtPfZhaXJ/xQqiziXXBO5hyRxESPuiEjvZKGKNCEQSAYrEaI1LGHqhfI9i8zXgrd7Y/zKSJNJq3FqhZpgbuWPCu2p7oLIBagrpxdlpMk16oVkLrDAAqVEaNiDxUn8I7LdiyBNgc7QdkxTztNU5p7LIAxZEQgUfnmr6licwlU3dUGAE4jeZdOYJvewB1l/TFM/LFOmXJFvCpKbIILDpzb0ITFN4naayoMy0mQLHOlPxONwkzV163KtkWNIEJdiLqeKNCFqSIbUAs5pWr5gbgsntttuu0J/5zYrI02ssdrVYp1jjz22yMvUFIgXaxeCRIfk5y8jTWQ+1yvC9IQnPKGUBI1yWFnHOt1r0QrSFOgMbZImcQLcKoSFfjUIhAXLgNUblJ7tBgiXCA6fmiCQBWkLEGWCbwLWR7lqBlmaMsycxTiJkbACSR0ogyy8A1ML3p94HxOwti1NZA4lro9ykXExNYV7cA+bLEoNkOODqkgTK6rUBVzZbUB50gLYlFc8WH6mMtIkNEIMl3HCQtYGWJu4U8lw3oVsOSsjTQiWZ3/a055WuUpulIObz+Tbe8gI0hToDG2SJu4ZAkkwsNUYg0CAOcw+rEAR42RAVy3hDUxusPoISBVcO2xgaz/II+SbsB1LcepDFCLiJLbDLvtm30G+pyZYIgRYkwljEeax0E+aHNxS+oi+1YZlW//T91lvxOrk2Joq0mSbqbxDQhtQPuuRRRFcdLmsMtIkztRkRNv21qkJlI8AsjYdffTRj8QWlpEme1NaXV1GfJoe3K2eKyNIU6AztG1pevnLX14IhrEsTRk5xkkcwwYbbFDMWgz4wNQC95yZJitRGykHBq2eKwO3nP5nEQJlgcCHq27qwdhnZerCPUehc4vJJUbuUPhtgMVcriN6NMcJVZEmq72kXGlz4QJZK/EkF5V8TlBGmoRAyK4t1ULTMdoLLnIEhVs9j7ky0sQSt+yyy5aSnqbHiiuuWHgtMoI0BTpDm6QppxyQ8n5QTFM/CDB9T1I7sQaROXzqAWkS0E9QleWNGQbev340VkxTPyhHcU0CY3PyuwgOn1ogNyRxzHmTmqCfNFHeSJNA6DaBKFiQkLc5gSrSZGJoUjBMvx4LLKvcXshYXrVcRppMamzLIoFnm+OCS9VKaGN/EGlCZGyLUkZ6mh7ImOfPCNIU6Axtkiar5+xRhPhUrZ6rAgFpwJktyRxuAFjS26ZwCXQH7w5ptpS7qRyhfNZbb71HMhMPA+5e8RpiLGxJgTi10bcD4wPvy5YlXD5txzTpo0iT+Lc2gYDQnwKy82SxijTJbYQ0tek+Jmtt/+K+OSyijDQhV/axQ0ozkWkDtjUSXO8YRJoQGHvZlZGepgcd5vkzgjQFOkObpMnqEUkHDZayPE11YNDZcsVedQahAd9kWW5gfEAw2vrCnnFN8zSRR2bkVXmaxgKFlIPDWZ246nxHcQYmNyhbyo+yazph6idN5IiYJrKlrcUCOaYJSRfTZKIHVaRJ7BOrTFNrbIbyWbdsqyJxcI4JLSNNcinNmjWryJPHitsWvLP99tuvSD+Q9UgZaeIWFPNYRnqaHILK7Uvn+TOCNAU6Q9vuOUvFDdZh3HO9IMgIFFsMiGuRAC776QOTF8gNsiQ2ranpP6ccsNpnFMVJkVCQLE5Ik/4onqONJdaBbiFJIxKAfLTtntMvEBsxTYg0l3JT6PdIkezeArERKKgiTTndgAlmG/Bc5O4aa6xRbJjtWaGMNCFUcpqZjPauNGsKe9ZZhCEWLY+xMtJkk10TmVGzgFcdT33qU4sNf6WqyAjSFOgMbZIm8SSSEnLRNElYmQWRDi/nE1ddk0Rsge5h6bPEhJSCVAFNwNIwbCB4GQhrfdLKHiumCO3sPghMTuhDVmFy9bftngMEQ/yPFXosmU0hkauJAoLi3rm/VpEmqwMt+ReG0AZMVKxas9rUyr1cfhlp8rxWsFmoIyi7DUube3ODC6mwfVJ+Z2WkiXVLfigpAtpMOYA0eZ+91rMgTYHO0CZp4tsWBG4lCf95Exh8lKb4BmkMKNIgTpMXrEuy8orZ6FUSo0BsiCy/Vvg0IU1AYSJO3BeUlf8jOHzygrL1/in1pu++jDRlkqGfiv9p4vpnuaI/9S155nq3EqkiTcpnaZJXiHxrak1D1KwY5XbsJYFlpMmzKlMiTG3chr5HAk2UkMBszYMy0sRFLsD/RS96UUF0ygjQsAfytcIKKzzGnRukKdAZ2iRN4khYmaxcamNPOQKFgjMgCT8Wp8suuyxinCYhWHDsBydfDLdaExDoUlcgTU2tDaAPWeHDNUCRWiJtyXcW8IHJAxYmq2gFK3dBmtxTsLnYO1s5cVmN0sf0HQQEKbFoQZ/K5ACqSJN6cONxZ7m2SR9HhshEk1Tuvl53YxlpyuCeQ2hY9Mj9USxOZDACaNUgwtbvbiwjTaC9bbX0vOc9rxVrE6sV7pJXLWYEaQp0hjZJE5+yQMMtttiiVZ85hcziZGWeGCdCoA1lGmgPBC8lQlg27Us5psl7bosgqx/iZKGC1Z36p3sHcZpcQLhNuCRIbTumKUPcFGIu0SOlKoayLnHQXxwyb3PLmSToT/37LVaRJkBoKHQuaHF34qCGIS7O5Q4/6qijClcb95jyevvyINIk3pSlS93lwxo2KJ7sdU+8YaONNnpUUsuMKtKk3dQN0XzGM55RSoTqHk9+8pPTYostVsRy9cucIE2BztAmaWJpsOpJoGWbrjTCk7/aqg+Cxkwpr1IJTA7oP6wEbViauGLrbqNSFxQKRcMiYHYsVk4fbWMrjUB7yJYmrt6mE6Mq0qRPUfoyc1tJZ0JWN9ZNP3IvsTkIONcU60k/uR9EmripxHyKw2FRlV6hl1iMBc8joF0oBPLH4pPJXMYg0sQiZQIh1k+yTcRpGPnPrcn6L/jc/fGGftJVRZqcp3xuRZNrxKeMEI11uG7llVcuCBNrXX/5QZoCnaFN0mQgEkJtued6QYASPurLJ88a0STYPNAuxFOIb2AhysueR0V2z1EObVsUzeoJbAIduTfTjxinyQNpK8QHUcZNCXMVaQL3NvGyAwFXGQIhSBrhL7Nu6ocmbpQ0smNyYPJmvze/9RIWGESagLxl8VFHK9rcU78sc9e5t4kjC5ll+65BOD796U8XsaNl7TSINIHxiqB6bvLURIX81lb9yERReyEhJh2ejZuRRbCs/CrSBO5nHHoWq94QIEcdd53z7F0n5tGzuU+ZjAjSFOgMbZImg3DU5JZ1YHAQKmZZzMsGehflBIYHi42VTwRl09VzObml1ThNFWcZCFpWUZYCQbSUVRCnyQFWjxNOOKGQJWXKcBgMIk0ZJl4sTbYhsaoOiaKMkSNWSaRa/5ACBZl3Dl2pj+rvVXUcizQBiwvSJS5JnA83G5kmCF6ogzZw+N8mxs7TX1m3TBrlwqtyX49FmgBxEouEOLmnXEvqawNgCyaUrQ3El9nXjWXOueqgzQaNz0GkKYNbVHZyMVlizBZZZJEiQBwxeuITn5ie8IQnFH+lKPD9s571rMLT0BsP1k9WM4I0BTpDm6RJno6meZrGAuHHlG6fITM0Qo5QajPDbmB4UB7cBAR+UwKSt1Ehj9qKaeqHGIwcHC6bMuXIfVelXAPjA5YLQb0IQVcxTf1AHhAgpITLS5zQbrvtVih9JIFuZEF32FTcghfXVClsqEOaMih/JJ61adNNNy2sWKz1ufw99tgjbbnllkVfRarUdaxkrXVIE+SJKAuf8lwjUScSaVwgU1Yvb7bZZsUkA1nCGTzfoOevQ5rA+DbOkRuTbSlrJMBcbrnl0jLLLFPoppe85CUFWbLIiHVL3xhL3gdpCnSGNkkTxcPShMx0bQFCnI455pjCjUPYEAyDBnGgWxCMZqTM5k3dc72WpqbWhrGAONmLjJuAoiHEox9NHPQhpFmQdVMrY13SlOG9k4Onn356YVmStFGWa4pfjq9hLKjDkKaMvFqYlYdcVr5gb8SHBa7MdVaFuqSpF8Ya96R4MisLESRZtln+ENlh4v/qkqZeeEdyTekDyBH3Ixkv5mvYGNkgTYHO0CZpooAoH1mY//SnPz38bTcgYAgDwlXQsK0JmuaGCowOM29m/dVXX72wFjRBjmmqildoE/q9Jehm1ZTMWWed1cpYCIwGcUVWyHJHTQRpIldYIV3DfYS4+993w9RnFNKUyzch7C8fYRlmLIxCmpRv0oDksD4pWx2MQ+UPY/kbhTQpn8uyv3yyhRV4GARpCnSGNkkT5dPF6rkqEEwEgpUsrAVM1/pzYPzBXI60WlVDyDeB94gIS2HQVHHWgfqKWxFXQslylUSM08TAAhJyRKzPMEq6DOKPxL9QvvqR+43XQfmbQNKtOX3CeB5itQSLI58sv2XndHmwFgkYFwtlfJWd0+WBLHKlBmkKtI42SROzMrcK3/94rWwz+6LgxDgJDmfaZ+UycALjB6RJRmTuBDPTJkCaxDBYrdRVTFM/1Fngq3gOFgp9ue4y9EB70IfsLEAvNR3DLB1iZGwAbmJFgY/Xwa3E6mplGndz2TldHqwsK620UkEaJ6J8MVGyrotT4uIsO6fLQxzWjjvuWLyHugjSFKiFNkkTYcckrMOOp6uMWRdxsqpOEKUlyyxQ46VwAw/FNEk5sPbaa7finhMbxTTftXuuF5L8CfIVcEvo5yzLdVw7gXaQUw6IKWpqZWTpWHjhhYug4hVXXLEgEeN12NrDai8rwpZddtnSc7o8ll566bTAAgukRRdddELKX3LJJdNCCy2Unv/85xftX3ZOl4eklxaTDLPHX5CmQC20TZqscLDypO08TYOANDmYgfnQuXbMtJoq70B9IE3yrtjtvS3S5H2OJ2nSh5SnHyP+NvlF/hGnwPgAabK0XSByU9LEPcfaIKaIfBOXM16H8cDizvItv1HZOV0eAsctysmrzcrO6fIgC0w8JCoVXF52TpcHa9P+++9fkO+6CNIUqIU2SZO4EIRl2223nZDEkxQeASlz+MYbb1wsIRYQGegeFByyJDC/rZQDVYkGu0ZewSQfjSXoVlOFq258IIGjeCZEo6l7bthA8DZhPAwbCN4mRgkEbxOjBIK3iQgED3SGNkmTAFp+bC6y8QgELwPiRNlaKmv3cfExE1WXmQSrWyxLlv6BW60JxjsQvAwULeIkTo5s9H8Eh3cPfcgKOq7RIE2jI0hTkKZAR2jbPcfKtOuuu46re64fhC3LgH6tLiwX8n9MlAKeCbAsmEl+zTXXbM09Z9nxeLrn+kHYyz0mxkm2Zqu62hgngWogTNxz5FLT8ToMaSIzuHXICZZFiXplq5azSEZueZpYvxDnOgRsWNKkn+tvAuHF1SlT+Q51UadLL720tsVzWNKkfJMd+fVkAZcR3bMr34Tht7/9bZG8VhtxY4+FYUiT+2l/kyQeit7y3cdknPURP7HgpE75QZoCnaFN0kTByFzLwjMZciYRcBKkIXL2idK/gzh1A8KcoLPrOeHaBDm5JSE+0e+LezAHhyPgYkV8F8Hh3YCL30pYmeXHgzRlssQ67d1y6YvLtBmtYG5BzFbBISCUsBWWVnXK2zSI0NchTZS/epG9xgyywFIr+7Yylb/88ssXdVEnkwnkzbhg2R1kiatDmnIMH1LDLSqejEtajrSclVsAPVe5VYCSbbIE5vIHkZc6pMn1xpL3k137sp/bUkUWcHrJprxkgVV47mVltMnUWHGGQZoCnaFN0mR2tNZaaxXEac6cOQ9/O3EgkK677rpiAHH3mMHaoTvQPghw+XBYGymhJmAZtB0PeTTRKyAJdgKasiQjKSITAivtAu2DtcEYRUyaEtM6pMlvCJqcSkiCJfqC0Fl2WF0oaVYOAcUWuCAwm2yySZH/aNDkoA5pMmZYaJERMtPKU4mBZeA+44wzin7GYo/MCei2jQk5JsBcluxBbvA6pAlhQhatVkRM5NhDmlh4kCNlu4/JsDqafCrfpBgpGkQa65Amzy90ghV3lVVWKciixKauxUtY3fyOSCOMftf+VkWayAxCkKZAZ2jb0iShWlcb9o4CA5twM4gMegpZnw+0CzNvgsyqMwqvCbKlybYVk8UySLlxU9gLTD/yrBHj1D7sKoCQcEkNUsp1MIg0UdgsFvoaC6IJlZQZ2Q1EHiLLSLtJgD5tP01JGylw+bz8rZqEjUWa/O57JAUZI5fcm2zS740nriiH8hEfdZN1H8nZaqutihViVa7wsUiT8t1Pf0YUpWsx6UXUtIsyla0N9HMylIvOIhskB4FjGTJRKsMg0mQiov2RIc/vHcmnxA1npZ/3ZVKi7f2VQ+2yyy4r+gZ9hatIRCscwH3KEKQp0BnaJE0UiWXaEx3T1A/ClyCSZE3dBBoTKoH2QDCa/c6aNauVmCYugomOaeoHYS6uyTJ2CoHQD+LULriIuNLJpaaEuYo0uS8LC6Jgh30uOZZxJGGQdYuyd47YJmSLVchfrq3+uvpcRZqQAfJRP3eOhLAmmXVSW3CDswJZTq/uLFBl420QaTKmWLK0M/LnHKTEs40FBIYbcb/99isW/LCKlfGGKtKUCROCJCUEd9zxxx9feATGsip7N94lculashzRM6HpR5CmQGdokzQZCGJaxH9MNlJioFJwkp0xLxOUhM1Eu3+mC8xMzQRZGduwNMnkPJksTRmUlrgSfZzg5rbz7JRBoDm0LUuT+LiuLE0UNJccdw/iMsoEDxFBiBAHcZMIfj8xqyJN5I78RfIoIUzDxgC6tzGm/7HsIiYsMr3lDyJNCBLCZOsppGus+KR+IHdIno3ZETckxhjoRRVpcq3y8Q0rUxEmzzNM+cgdXYM0IX1nnnnmY8oP0hToDG2SJqyfpYGLbjLENJUBcZKOQFyCvYkIlCoTb6A+tCFTvViQfgE2LHJMk3czGUktAY8gclE4uG3UM4hTc4hpskoMsRlk9amDMtLkr7i7DTfc8JFVtaMCcSFLlllmmULe9ca5VZEm5ZO5rJXKr7sargyZOAkS5ybsHStlpEn/dAi0R7bUPX83LDyfSY1YMHXoD8coI03KYeE77LDD0ute97pipeSoxNizGnfkhElW/wbxQZoCnaFt95xB9I53vGNSued6QbkbuHzzrBniA/oHXGB4EIyWJ5s9l8VwDINe9xzhPNlA+COGZrvvfve7C+VEgDcli4GHJl6UOrdP03dfRpoET7NkSY0hfqeOS6oK6ifOBwGwvx2yl1FFmriS9t1334JsszA1saYpQ1zP3nvvXbRZr0WnjDSRfaxKSJaAaxafUUmTa9RdWxoDLGe9qCJN6mXXAOezuI1SNrjOJI2ljMUMAetFkKZAZ2iTNAkEN1AJqsmQcqAKBjtBZkAzr4txmogM5tMJLHjM9FbX2FW9CcwcJ0OeprEgvkNwOKVBCXLVRYxTMyDeLDCUXhekifvPsn5bfOhfoyrtDDqT4raijfzL5VSRJjFxyITJmnOals9ShrBtuummRTnZal5GmvRN5SN5vq8TQzUWlC+YW2yS++fnLyNNSA6SJ42A5KVNV6AivIiXhRnauXc1YZCmQGdokzRRIJSdnB761WQGZUzpGWx864gTotdUiM1UEIACVK2sqVpRUxfexTrrrDOhGcHrIgfGIk3cFJE5vBn0IavYuD+bEuZ+0mRsW6Ul7o5Fi9WlKdwDQSH3KOpMEKpIEwuPMWJ1YBtQvuB546V3RWcZafLXajmWLm70NsBNxsolTlRsUbbclZEm1lhkUfsLnm8K79N7lYLggAMOKILbM4I0BTpD26SJy4v5dypYbgw6QsagZ+I99NBDC8EyGeNoJjsIS+b+Nvaey6SJG3UqvAtuOUqe1ZKioLz6A3MD9cDFJS9RF3vPIWGUK8sERd70/hlcbtnakWOkqkiT8AVB2Pp2WzjrrLOKhQlcXjmovIw0adPZs2cXRCZ/1wa4xlib5HKSKgHKSJPvvA+EhpWvLXhGRFRZGUGaAp2hTdJk9oJ87LPPPsUAnexAmhwG9bHHHlsQPqb7NgXKTAGLizgU8QplS6CHAXkk0Z57Tmb3XEbuR4iTFUUmDayWQb6HByuTBRoSTDa1MvaTJgqdlWX77bd/5J21AZMEcZz6bbawV5Emq4u5H5u6pnqBIHERiwXMpK2MNOmTyy67bEFyjK22wC0pz5VJZ9YjZaSJa87EwvltWmNZ7bzXI4888uFvgjQFOkSbpElMB9+6lSGTJbllHVDMBAsrCTO71R1Tqf6TAfoP4bXxxhs/SkmMAjFNeRuVqUCaMqyEEjPCBbL11lsX7oo2xtVMgj4kf1IXgeA5CNvErk1470iLfsu9CFWkyRYhzmuzX1t0w9KCtOTJahlpItOWXHLJgtA0WbXXD3FiyjbhzPctI03eqdANbrQ2xwW9471q64wgTYHO0CZpkuyPW4WpeqoFVmfiJOaBtYCLKM8aA2Mj524x26WkmsBMnBvBkuqminO84dmNA4GxYuWssGtzVj3dQdlrP9mq23bP9Vqa2oT3K9FlXUsT2dKmpcm4Q1CQsZyhfJClSQxUWULIUZEtTeKVBpGmbGmS8qFN0qa/SLYZlqbAuKBN0iQgNie3tGfQVAPiZDBLgJmDw83cppK1Y6JACZAl2qwpaXIPq/Dk6plqpAkoJLNf44AFQKxfm0piOkMfkthSXFPTcddPmvQlilRcke/aiGlyX/E5XLKSXOa0A1WkyXdimjKRaQouRm2FCAoxyGWVkSZblAhB4PocNqHmINgJgHVVTNWgmCbB95Jh0jltxjS5HzJsf8CMIE2BztAmaRLTZBWRwTIVYpqqYObIRWBpbhZwEZ8yGIiCfbEkN22acoA84sZwz6lKWFneBISbWbM6GRuC5SnZQDXE27BaULZNCXM/aQIZuGWRZgFsw9rjnbLu6PfISLbgVJEmFhH1Un4bUD6CYqN05DzHKpWRJvVgEbMFC9dxGzFdnhNZtHqOxWnQ6jnWQy48E9ImOZoyXE8+WLWqXZWfEaQp0BnaJE0GraSEhIV+NVWRZ48EjpmZwWdlWKAaVpAxu5vxNl0ZlC1NUhdMVdJEoFMo2sSGrBQY90ibbpnpCO3FRW6n/S5IEyKLNFim3tQiCnQmsiQkgXUxl1NFmriSlG0y1gbIJaTFwgl1yeWXkSbWTt4Am/2yyrRBmlisxHMhTdIf5PLLSBNCx0W36KKLtmJJ1MZkhDhKHCaXA0GaAp2hTdIkiHPttdcuBuVk3UalLgxoAkHmcNvC2KtuKrocxwtmmBdddFGx7LjpyhwxTbZHQL6aKs6JBkFuMmFJtuBwQbPhqquG7PwsBvRS2zFNYOsPJIecYg1vakEW+M0iLW1J75YsVaSJkkfadt5554LMNCUO4pNkBDfR6CUNZaRJWSxhrJ8Wu7SRKwk5sVralizaOBOxMtKkTeRqEvd63HHHNXYRmti6v7xPXIS9bRmkKdAZ2iRNZokIk1mHWfVUh0EowSKTPuFLMAVxKodYBoSAHBGL1AR59dxUtjT1gtJGnOz39a53vav4P4LDy2FbEgrPKsSm776MNLlnllPIOaI/ajnil1h5uJK5X3vJcBVpUg/Ppy9YNIHEjVq+VXPcUuKEkJHsGoMy0pQh9IDL+Oijjy4ITW6bYcBiSsZrX+RE+b0oI01gcQc5Skd861vfesSdOSyMH+9xyy23LPhL/7ZdQZoCnaFN0kRpcs9QDITRdIDZbg4OJ+hYnAjLiHF6NAhGs17u2aYzSMqEIpoqeZrqgJDPMU45pgXRbMNFMp1A2VKqlF1TK2MZaQIkBmEQvM1CIiZpWKuWe9g+xf0F+0uP0fsuq0gTkI2+32abbQpLtt+H6edkj7hBeptMIpsQpt5nHESarLZj7XItCw3iMszzc8W7P1IiPkyqlhwAnlFFmrjwEBykiYWKd4LuGWYcOJ+ukajUXpfIU7/+CtIU6Axtu+dmz549JVMOjAXEyZJWM1SD0ViZLgq9DZh5Ci61p1dTS1NOOTBVV89VQX+RANOqOkpDJmcKcJSZ/nSFPvTNb36ziL3pwj0HFDQSa4k8lynLJouyPqzMMgXuO78J8EcCyAITRIrfvfrrOog0gZVstlThhqbYWWDcWz2rCIT+o44Ik4nFZpttVuw75/n6MYg0gaBs7cOiyx3K4tVPvHqhTspHenAG7r2VVlqpiFEqK7+KNIF7ydXERWnhECudNtRmY5WPnLnWar1XvvKVlTmfgjQFOkPbpMkqEjFAUz2mqR8GM8FqZig43AqfqbxCsG0QuNrDDL6tmCbyaDqRJoKf0hMwzBpLqVFuZu6Bh8AKwyLHDd4laXJv/RSpYXFCZI8//vhKd5lr/CZAfddddy0UNosYq2oZ0RqLNCHLrkWcWEssFnBvk7Oq50aWyB9kY/XVVy8IkTFSdv5YpAlB41Kzmm3NNdcsVqCx2FTF22k/Qeesa8ii5yfvWdjKyh+LNCnfBALpNNYRWDqjqnzjBtHUnsiiXHp5BWQZ0QrSFOgMbbvnBEXylwvonG4gTAlAK0/keqHcjZ/AQ5Y4K4Nk/G0qR8yiufkEepYpsKkO7hBtRWFoLzN9M+1AKhShGML+wN5RUEWagOJ2IAKsJciLpfCCiq1sIxfF3NjWheKV8RqxYSG0zQvyguBVkfqxSBMgTogABZ+X4ttNgT5GdqTwUDfyRplil5yjLrJru29V+WORJiDznWeiI88Rd53tYMRpeT5lawP5n8ROISp4gvH5ve99b6D7fBBpyvC9VXSf+cxnCsuR+1uJ5zMCqw/4a3GJd8m1Lehdm7JEGkf9ZDUjSFOgM7RJmswQzdoM7P7AvOkCQsLsilncjNNsk+CZ6cikibujSkjXxXQnTUCRIwh5r0ZtF8QpFQHglCaF3dTKOIg09YLy565CDlxDgYv5QVQoXoTGOxK7JAZKsLp7VlmEoA5pyrDg4Te/+U1xb6SB1ae/fGRBDI+Vf1bssU4OKr8OaQLjixtcXxQg7tmVr0zlOxAmaRJ8h0yJiWLhqSIsUIc0AYuT+p188snFJNQqU+XnZ/fXO9H+PusXVilyEw5CkKZAZ2jbPWcpr8Hav5piOoEARhIEYJqZ8u8ztc/k4PBs7ifYKYEmQERnz55duEObKs7JDGOOddYMmrJicaIMBymj6Q4uGgsKkIhBpKAO6pKmDOcg6t4JcoBEyXLN0sN1NcxkYBjSlEF+cAEi0JS+8rnDKH518lvdvlGXNPWCi50LkBXJdfJlSQ3A2oQoknl12hHqkqZeKJ+Hwvt3nbb/0pe+VFic9AttWrf8IE2BztA2aeKftgx0usU0lYEQYdqWWM4sjHCqO6inG5AmM1BKgpJqgkyapkOepjqgEAXEUrLkMeU5U4kTZS8lA2tKl+65rjEKaWoTo5CmNjEKaWoTQZoCnaFN0mQVBJ+8WTNf/XSHmTDFbsmt4HCxBtPVLTkWCEYzRKkCmqYcYMFDRKdTyoFBsCKIe4SSoei4ivqXcM8UULZIM0tPU8IcpClIU5CmQOtokzRZFWQliNUdrA4zAZQ6oSTWQM4SAn+6pVuoA24lq2EEylo+3QS9yS1ngqUJEERuGbEjXL5I1EQom4kGqxtFa9PepoRZfNCKK65YxFharSguaLwOqTeWXnrpIlyBFbHsnC4PqwGXWGKJtP766xf9qeycLg/eBikJlK/9y87p8rC1ivhKqSHqIkhToBbads/ZOFIuo+kc09QPwp2Cs5UCAYE4sTjNJFcd95xl4pYOiwtpguyeQ75mCmkCxMmqIApPMOxMDA6nj1gp5GtqGtOENC233HLFqqy88my8DivRFltssbTKKqsUK23LzunysCBnkUUWKeQxi1fZOV0eUhIss8wyRfnav+ycLg8Wb8TNooK6CNIUqIU2SZOVLzorIaFfzSSIQRHjxBzP4oQ8sEDNlOBwliaKjmtWwGoTIE32p5rugeBlsCqIxU5wOKuT/6ty0UxHWIJuOb3A66aWJsSTlcceawipic14HVbYbrLJJsXqL66ysnO6PPQb1lrpA1j9y87p8uAWY3W2Ik9wedk5XR6C2K36C/dcoHW0SZpkZzWjs4Kqd/PKmQCkySF3iBUfYpwEhzeN75kqoJQou9VWWy1dccUVD387GsQ0makSfjMhpqkX+hALS3Z12mqD0rOyaCbASilEg7u7KWFGmrQhy6c2zWN0PA6TpbyRLxlQdk6XB6sviz/5Lqaq7JwuDykEWPrIwpxPaTyPnNsqSFOgdXRhaZIxdqZubJtjnASHU/zSEZhpTnewhljxJEleGykH1l133Wm3jcowYLU0nuStEdCbl3xPd+hDiBPS2JQwRyB4BIIHaQq0jrZjmgQ+zrSYpn4Q9lbVSUcgKB4JmO7uSjFNnlE2Za6JJsh7z820mKZ+UPaW38vS7PD/RCig8YRFFKwUrNbjmadJWVyjUqXIQi2AmMVTotWcIZvrUIxZHQI2LGlSPmut50Z0xOIon272PyuuiWjdGLdhSZNnMt4kKJYfSvJeZasDOSZXk22S6q7qHIY0ZeuQdjJRUL52syDEX7mqbDHDzVo33CFIU6AztEmaBLHaF0iW45lgXRkEQpBlgNCRORwRkIZhurqb9B/JGaWcaGP1HPfmTFo9VwWuDfE9YpyQAEqljbE6WeFZKU1KdzwsTfqXCY5kmhQsy7BYMmEGXHsmPf63+s6EAAlBLBAR1tUq1CFNiIJn5M723GSx7Vzo4ly+g/xQJzKEBRuxYoUdRCDqkCblm+yQS/oVciKkwHYxAtlz+QKrlY8n2NoFsTQ2XV+FOqTJ9WSkRTMm3LZLYak2QVC+tvfXZ7GS4qMk3vRs3ukgBGkKdIY2SRMXguWthNXFF1/88LczG2aGZqqvec1rCoFojE1HIkC5c6sgO03juMgjeZrcc7qSzGEgnslSfKvqKDTjjMIcb5fTeIBFAXERk9J0nAwiTRS2iY2+qixta4k80i8LNmIiOzU5hiQgH4jMGmusUYxlBIPlpYq4jEWalO9a5bNqbbvttsXiB2WwKp111lnF3nbK4LIU2Iw4G1+C25En961qo7FIk/JZ1pRh0cpGG22UNtxww2K5PksfTwEyhdAgifYDtBG78AskxlgfFHM4iDQp28FqpZ0RJc8uTYB4WOkmxPGJi73wwgsLCytrPZkguN19rSyls9ynDEGaAp2hTdKkI3OryI8xk91zvSCszcoIZgPeQJ6OQfIUAAFPAXAzNEG45x4NigFxYsnbfffdC2VIqYy1/9ZUBCXO6sJN16V7LrvDBItbni8xrTY1Vq0E1Z/1PaTA/9paQDkixSIiXtFedFVJfMciTe6LMLHKO48VBUFAMFiwcvkO/6uT8pEp40P+KZMxGw6XYSzS5PklI1a+cArkRtub5LE+9Zav7yE43O4IlDazN6RrqlbK1iFNiBdrkvZHllncWJ6Ur1xt5K/P9FPeYob1S9wsYlTVR4I0BTpDkKbukQWkAaxtDj/88GLcTScQ9DJZtxEITinM1JQDg8DyZtYtOJxlggKbbsHh+pBNWQWCd0Wa9ClEQjuy7IjZufTSSwvlPMh65zcEAgkiN1n9EAPECcnohTKqSJPfWI+sLmPhEkOFMCh/ELJ1BrmxL5trubLLrPqDSJN2JauVz7LGNUf3D1qhmYkOUsXyhrCxDLHKla2WrSJN7qEdufm0nzp41wjhWGPdtcYAssdVqn3FmpXFUAZpCnSGNkmTGSJSQBCZNQX+D4iTOARBndqHuXk6rTAkTJnVzVqrYijqgiKQSbiOIJ1pQAAoOTN0rpTpFhxOmQtCplSNmSaoIk3yBnE3cXdxeyFMw4IVFCEQ78PihOD3krxBpIlFSyoC1hJK370Qgrpwb9e4N+LBSoU89z7jINKEsFmOz2r5ne98p7CiDSKL/UDuEEXxT9qXqxCZ6UUVaUL6lM/FlxO4IpzDPL/yufW48rbbbrsie35/+UGaAp2hTdJkxkBQ2ELAbCjwaBCqOTicsGFxGmZFyGSG5xLMyQLSVI5YscT8T9k1VZzTEdpajBOlT/FYgEEZDaN4JisQQi5e1qamhLmMNBlryuBeQzaa5BRDXAStr7766o+x+lWRJt+7hoXHc5K7o743AezID4sTC12vpaqMNClHO3BFIi1kv/E1SvnaEVHkKtPOVhb2ooo0aQvWaKTfOYOsW4PgOt4MC4/EZPVPQIM0BTpDm6SJ0pw1a1YRMMiEGygH4Souwj59hJ5x19QVMdEgfM3gzTrrLouuAvfcS1/60qJdmirO6QrKD3GSfZ4CNnsfdsY+GWES4VnEx3XhnmPtZV2ShFV/bVqG2CvtbwKkzhlVpIn11EowwdzIxDAWnjKceuqpxf0OPvjgwtqS338ZaTJGyXlyR7C9tmgKqQiQIwTUs+Tyy0iT3xGd5ZdfvojxRDqbICfUNXlQj962DNIU6AxtkiauAsHOVpfMxE1r64KgJjCY5rUXgTfVLXMCVSlx7goz0CbIMU0zObnlWKCcuFVYmbjpKEhjjsVpKsPSf4qeLOnCPcfK5HvWDkq3KcnUR41jW6a4d0YVaTrppJMKMkHnkgNNy0eIPve5zxWTDHGTmQSWkSak6sQTTyzqZXLThhWXHEParJruJYFlpIlcQGJWWGGFwjLWdGy73ru1x5xwh96g9CBNgc7QtnuOj5mv3CqTQDUILMKUULHdAqIwlYkmwUggc6sR3k2Q3XOUWhuCfTpDG4kLoaDMuH/+8583tvRNJCx3NxYQkaZKtZ80IShiCll5EPyxAq/rgJtIfI+l+LYMYUmCKtKkTvZE485rA55BLKHyWfo9K5SRJuPSpEbqE6SlDbBuig+TS0psUW7TMtJkb8r999+/yHnVVEaA94kkuqdD388I0hToDG2SJkuiDVSCKgLBxwZCQMgybRNmZkuCRKciWDhYCRDmpmZ/geAscFbFNFWcMwGIE4WFDFgRhkRNVeIkBxWF14WliYLnDrehuPZp6prLYMFxTwQpr2SrIk2s8FZ+NXVN9UIaAu/eirpMRspIE/ehHRt816auZz3T1shTtnSWkSaEWAwUQpzJZRtAjFgOkdaMIE2BztB2TFPeRiVimuqBMBfjZDXNTjvtVAQ1EnKjBkhOFCgJ8SgEcpsxTRRdYGxwjyKtrE2UlZWsw66KmgyQd4hFgru6KanpJ01kHCuPwOk2YfzusccehR7N1uIq0iSJpMlRG1auDARpn332KSy0OQdcGWkykV1mmWWKrNqZyLQBfQ0RJLtyMHwZabIiUv9sO1WGSYL3yoqYEaQp0BnaJE1mu1alGBgzdcPeUaH9ZRlmYSEACLqm8Q7jCUIQaRZf0KskRkHvNirhnhsOOWEhiwbFOdWCw3PKAUvhm1oZ+0mTvywSArfbhL6PIOi32e1VRZq4nZ3XJpmVtZvMQFpyMHoZaWLFXnzxxQt3XhvyPkOfE1guBcAg0iQfFYuclXZtlo+0ea8mnhlBmgKdoU3SJE6AoIiUA8PDrJpwE6CJOOUMxVMFXBSWiVs92WQZN0RM0+gwjk1eBOdSmm0rqK4hLs7CCHKpbdLEdUS5klFtgmVVviSpRPJksYo0CRhnaRq0b92wQJAsBlD+IEsTckXWy8RtbLUFsUTemRWEg0gTImy1Z9txd1YQIo3cgxlBmgKdoW1LE/OzgWHQBoYDgkDAsTiZDU+l4HBKgCwx42war0CprLvuurF6bkQgCWKCBNzusssuxaquNt0xXQLpYAmRvLDtmCb3o9xZO8QUtUHI3Vd/t4yfeyhPGKpIE9koEJsruy2IA5MfDUHJOryMNIm3sn+b2Kc2y7fsX2bvL37xi4WbGMpIEysicqn8prsG9EIKCQlGxUplBGkKdIY2SZNBYam4ARwpB0YDQW62xtRsRQri1EZ8R9fgBmp77znJ+yKmaTSw/JnRU9LIAxKVrQCTGfp6l3vP2fZDYkUWrazgm8A95B5iHaagswWlijSxIEtIaq+1NsB6xoJjkiFWKJdfRprod+SCFdJK5zYgbg5/QM5ZNXMsZhlpQohZo8SUsYg1dVG6XnkmB7KTi4XLCNIU6AxtkiZC2oxLzo6pugpsMkAMCgVnVZ2tFgRZGpuTmUAQ1gJM20g5kFfPRUxTM7D+5eBwLnP/C0Buqqy6hBVWLI3f/OY3W3fPAcXK0mNCon81jffS1+3DZpwKT8ioIk2IDTJByTunafkmKvS3zNgss/l+ZaQJwRJ/tM022xQrzdpYbKJ8rkEZxt0vl19GmhB5ZHHJJZcs2qqpi1J5LHubbrpp8Q56dViQpkBnaDumifDA/COmaXQQPA7CntBBICyVbtOk3jYIRFl5ZVqOmKbJAX1I+1HUSAJlaTLT5sqttiHeRl/n6umCNJmMUKgSLJJRTSciSJiJok1/ZRjPqCJNLFMCphFZ3zft38aclXt2GPBsg0iTNlAveeEQx7KNfocFV5uVe+RUlltQRpqUbwWfRR7qO8qef71AerlEWbmUl8uGIE2BztAmaYqM4O2CQCVY+erNpsQLTdZViYSx5eKEdBaSo4KlgZtX3Em455qDFVBckxxOiBOL02R11eWUA5RrF+4592RtkYSXUjeeRi1HYLUxqa9y0XFVZVSRJvWw9N6m3d4H69Co5Stzr732KlKVcHf1kswy0pRJjb3vlM8Nrm/kthkGnlX54sOQ3P5JchlpAlm7ZTCnI+gek61R4DrhIGuttVYREtBPwII0BTpDm6SJYGYhIJD0q0BzIE5ie8zMJIZDKCZj2zK1E6JmsJJSNkEOBLftQq8iCIwOxMGkRhJVst7/TcltF9CHuHkFN3dBmgBRQVzE1iA90gQMWxZSR2+ycrB2sIr2WjqqSBOwxLKksTa5h4ziw1icWAqRIivGvEvEqNc1BmWkKQPBsNKO9RHhMF6HKR/R8n70JW5fBKk/PqyKNKm78q1idK096BCgYYibtubmY2FTB8k9+8sP0hToDG2SppwRnCCJjODtgUBnGSDozBAFUzKtTyZCQTAKSJXctNdNMQq459Zff/2hhXlgMLwjrjrKWkCw1a5tjPs2IUBbviHKtGn/riJN/qf4EQbxl2IGWbfyas1e8tELVk8r5XJAMzmH4FPi/aRrEGkCFjW/kZfqYZNi/V3dqspHOEwkWArFRFlhKzapbJIyiDQBTwDC+OpXv7poa8+EvFSRR3VSvntZ4m/bEkmMkSPt248q0gTuheiwtJFn8jchjvpiVfnaxcQM4SRnuAS9O++trA8HaQp0hjZJk1UvVs5h/0zXgXbhHZnVbr311oVAMF4nC3HKgeD2wGoaCJ5jmiioyUQMpwO0p9hDVhYKy4on3w0z0+8S0g1YCEDZNX33VaQJKG6EXG4friKrDAWfIzPIg6BpLigHKwbFz0JiyxBBz5buW6hRRhhA3QeRJlCO1XQSwlqKjzCyKiurt3z/O9d+ntrFM6266qpFXrSq8sciTSCIWwoGLi4r+lgflW+C5pnzs5M7iKGJsHQo4lYlMebmrHLzDiJNGYgi8i77v3ZwPy75/vJ9RmgRO+0phozVXVqKqn4bpCnQGdokTb3bqDCzB9oFASEmgEBgiSEUzNAmA3Ld7LpP0DVBbKPSHbLFgFWYewQBp2ApqMkAlhR9mqJvSuTGIk0OZMTye+QBEZg9e3ahC7nDjTNESgyQ2CE56LiN8+aw+nuVZaQOaXItQkFuquvGG29cEBiuK4HlFL5kt/IQmYga8zm2EdkdZBmqQ5qMLe0t+N7iHRMez8jyJjWDslmhPIN2XHPNNYsYJivVyHd9puod1SFNXIqIqHLcn+5g+WJppJfkf1J/8kCW+xVXXLHYY0/dEDj92DssQ5CmQGdokzRRmDLe6tgGbaB9mB0TwoQCAcNNMBlinMyGWTDMwgniJmBpsMKGUmpqbQiUg8JlWZCzRz9iJWYtnGhwPVHU6tbUNTuINGVQup6b1YW7EkGhtFlAuI+0DxKDSAhgRnBY0RGBKsICdUhThvohAaxsyBplr+6sP+qgfKQOWVBHpNLEZFD5dUgTaGPuPTKEpYsl2+q+/PzqgCR6fvfi3rWKF2GqIixQhzQB4sSKJK5MnJn2Up7n1/a5fG5Q5EoslecZK11BkKZAZ2jbPWd1jgDDcM91B4LOclszPi4WAmWiSSol3PY2KtxzTRVnoBqUtcUbZvEUnNVIgxTceIDipqDJpS7dc2VwDgUuTkagsf5sSX8OTEd+nDOILGQMQ5oyEAjuKcREmcpHJNQlx1wNIkq9qEuaeoEIiUdEzLghPbs6iGESgzQWUexFXdLUC+Ujr/ok6xdLk/gl/ZJrbpBlqx9BmgKdoW1LkyRrlsBGcstuQXh4Z4LD+feZ7Am8iXJnsTRx+YiVERfRBL3JLcPS1C30IdYdcSosC9m9WocYdAETL3EzSMN4k6Y2MQppahOjkKY2MQppahNBmgKdoU3SZEbC0rDFFlukOXPmPPxtoEt4b9wG4iGY1Y3h8VYQoEzBomakTTP95pgmwj5imroHgoQ4CYZGesWraPeJIE6IsoUE/jbtx1w7JnBIPCuFfjleh3EpwJwV2ErXsnO6PLi7yGEEVA6nsnO6PFiKxMxxd7KQlZ3T5SGlA3mIPNVFkKZALbTtnjO7iZQD4wfmckpBAkyBolwbE+EaFRci3kNgcVM50ptyICxN3QM5Yl3ilmEd8A5NelgPxxtcMZ/61KcKt1DTd297j6WWWqoInrY4xXON16G8hRdeOD33uc9Na6yxRuk5XR5iAhdYYIG02GKLFcHrZed0eayyyippoYUWSosvvngxoSs7p8vD6sINN9ywsPTVRZCmQC20TZp0WHE2QZrGDzk4XM4WOXhYasY7IzsTvNklS2NbeZoipml8wVIoANuO9eKcuOrG27XCLZdXTzUlTQggi6XFEoiYIOfxOihrhAFh4fYsO6fLwzt8znOeUxBGSTDLzunysBjIVjV5tV/ZOV0eymc5tc1LXQRpCtRCm6RJAJ/8JeIjBO4Fxg8sTpQeYW15MrcA4jpeLhYmca45SeesemsCdadsmPXD0jS+0IeQJQqHe4vlZzxX1elDgp9NwOoGHVcBWSGLjAO6TZD1eB1cjKw9VoAJ4i47p8uD1ZeFywRKeoKyc7o8cj4nhEl+qbJzujwQJzFtVmLWRZCmQC20SZoIWPswWUEXeZrGHwiS9/jxj3+8mGmZsRvT4xEXhNywdll107QvEfSzZ88u3I4R0zT+4KrLweFcXFZzIcXjESvHSslKKslk0/IiEDwCwSMQPNA62iRN8vQQFAIAzS4C4wukycEyIKeLFWhM8+MhtFkoLFGWAK+tlAOUXViaxh/6EJJhPNuqQpZ/Sng8CCwXr/0LuZqbvvsgTUGagjQFWkebpMmScys2dt5550g5MIHg1iAoJYOT5dcWBYRol0DUxKOwNDaNacopB+rsPUfBO4dl04oZifBkb5bhmHtJLEteRt/U3TPTYPsKLncuJtZj21ZUbZvRFk4++eTC0kjpjSdp8rs8SVxZ8p/pP64ly3bffffCesviph/VIWDDkib9WK4zRNU1kkvmfux/sTn6eN3g/FFIk6S0Ytq41Lg2lc3SeOCBBxbuNkk1rUKsg1FIE/5Bhiifmx8ncQ8Wc7JMO9Yl7kGaAp2hTdJkwPHjyzA83oHIgUcDkTCeCVvWAnFCXb4TCkfsCCsRJdUElCbyJTahSkhSSoSoZIiyJROulKT/kUSCl7BlafMbJaCvI/MTsSpsqsK75HbPO8ojUV1aDih75Vky35Tk1iFN+pEl+bZLQbK5JMUCCeJeZJFFimDqRRddNK222mqFxS33I0kYBxGIOqQJUfKMxg3ljpyw0uuz/f1Y3QR3+1/CR0TImKtCHdKkfG5Xe8CxTOcJR84Armx1QD4QZ78Z31LLcJ0PIo91SRMLtcSh9gDUtsiSVAH52f3VLspH4uz3Z3Iu3nEQgjQFOkObpCkHghMW+lVgYkEge68SYMrSjowQ9l2sSLMPlFQHhB9B2AQ5ENzMt8za4DsLDcx+CVJBywQuBWHTTwqDIqJ4uXsIXvmHWAzcm+UJcaI0AmODBSQnLmX1MDnqyuLkvdnXDcHvkjRlC6UgbcqZ3HrGM56RnvrUp6YnPOEJ6XGPe9yjjic+8YnpyU9+cvqnf/qnYo80xIJViOWpDGORJuUjXfor/Wv7IXVFGEwE1Es/drB+IQGIk0S2yJP7mgBUEbexSJPyrU71XpES8sGmwcYKUmTsuD85zsKG/OAIVkYba/IvsShXEbc6pMmkSLZzfcqzI+WeC2lmVdMX9AOpMOzFJ5WNw3tlefJcVWM4SFOgM7RJmggRMzWK7KKLLnr428BEg4Ljptpuu+2KeBHjvIyMNAGiZNWTWXobMU3ciu7ZS/AISMqPsPYclAIlQ0EMsh6xViFgZtOsBXl3f0Svjqsl8JAlUXC4lBbIJ2Xvu7bbbzximvQjfUKwud/lUnrSk570GKI06Hj6059eXCuflXv1K+9BpMm5yI5+K7WD86z2YvEaBFYhkwXua3mI/EUsyqyxg0iT8sl75Ff50sRYZVZlEQPXGC+sQtrV+JRU11gve0+DSJN7kUmIDyu4TYC5ZZG4/nbM8P48vwkP4kTPGM/uXTYJDNIU6AxtkiYzArtkm/kbtIHJAQJHfBABKsD6Ax/4QKEw2gTSYpmzDZsHCd86yBv2ygrdKxBZHghbriLKm+tRvyW0Bylvgti1FJU+6nrb/bCMDXKxBP4P2pBylgqAVUSMkzFOkbUJVgYuGPuOdUWa9Cl9VMZurjcWpDJiNNax4IILFgof2eknLoNIk76IfJCTSLw+qR+XKf9eeAfuayyL/ZEDyWa+Yo36MRZpQk4Rlte97nWF9Vn5gyx7rsl9wPMgJfSGyViZLBmLNKmXsrn8EK+8OtNvZcjlI+rKy3GPyHVZipMgTYHO0CZpojQlkzNYI+XA5AKBLHcMIbLlllsWCf/adKESpraLOPbYYwt3ThNUpRxgzicIuSgI41HkVd7dn0BneeOCaOoGmkmgALUfFw2Fz7rcZh4nBMA923gvVaTJyl4uriWWWKJwx5URojoHN564J+QIkeit7yDSxPWmH0sLwhWpflVkoQzGsmuMZS4trkLvoLf8QaSJS07skCBv5C0TlrowJskSYx3xMXlhJepFFWlST+V7dnFT4qncb5jnR5xMeATsc6tKc9JffpCmQGdokzQRAJtvvnmx31NYmiYfCFtuKnFHTNzie9oiTmI7KAOKioWoCbKlyQwyWxu4BrjUuP/Uv4mljMIRS+Fexx9/fOP6zjRoP/GLCAlLARLVb00YFZJbSl0hjmYsy8tYKCNN+hErzTLLLFMQpsc//vGlhKjuIdbJViUUt3IyqkgTgvDZz3427bjjjoVCJ3eHISy9MIkwhq3wI3t7rX5lpAkxUZZAc+9NQPmwhCXD85El7iMmCRHqRRVp4lrHNQS8s7B5H6PAdVyVyBcXvRisXgRpCnSGtmOaCAp9KfI0TU6YjXrXgsMpFBYnBKTXojMKCEYm/zZSDpTFNJFN+urqq69exJE0tUJQJGKbuCqRscBwYDE47bTTCjcpckIBthFcj8wKRhZjkwnzqCgjTVxBLJlPecpTSknQsAdr07Of/ezC5ds7UawiTcaGgG4WIlbPpv0YWeKiY/nznLn9y0iTMY5oca0a/00z90MmR9rUWM3ll5EmFiKWrZVXXrmYrIy1Am4s6INiobQzctQrw4I0BTpDm6TJjNOeYdwebbp+Au3D+z7yyCOLjUWtnjH2m8zsxQZRomZ+BHMT5JQD2dJEELu32am69rs7RoHYqFNOOaXoqxR0U+U1E6G/CA63qo61w2w/v69R4T0L8KV0u7A0sTKxhg8b+D3oYK3i6nPv3I+qSJPgZ65Bgd9tAPHgJjOZMPnJbVZGmrSDjb0RXRsitwETG4RNfJb75+cvI01kjBik5ZdfvqhfU4LtnZI7cgNKxdArd4I0BTpD2zFNa621VhEzwxoQmLwgcJjXCRXB4VYsCQgdFWZ5hLb7NY1xQZrExpFHlI+66qesT+RV1TLvYUC4I06CgS051xaB4UDpcQmxdnDTWIXFZdLk/Vx66aWFm9fq26ZEtow0saz+y7/8Syn5aXJIRSAoOvejKtLEIiUGqd+dNCqQJCvKXvnKVxbutuxqLiNNl19+eVEnLr1eq1gTeEdIrsUBUiVkF2EZaUKIfce6a2w3JU2u916NXy5CVsqMIE2BztAmaTIoKCH5PgTqBSY3CFwBnQQriwuyMmoCTASE8LaEuamlKW+jIrhTHc0mxYGwYvYHvI6KLHAJe4kELd0OjAZuJqveBBcLDBbfMipxdq0cQBRg25Ym7iGurDatTPmQ4wkZyBOPKtLENcb92GYcnWBqK+GMkZzuo4w0IaK2OUIomo7RXnCRaVeB2Tn1Rxlp8k5ZJKUmaZrLrRdcfUgT8pYRpCnQGdokTYI3ZQMP0jR1QDFZwmyWLMHdqLNQSpKg3HjjjRu7zzJpouzUj4AlkN27qSLth6BYq3girqkZvCtxTdyzsjcjUaMQJ9ZqW5ZQhIhHE/STJsRe3boiTdxuedVwFWliETLGELi2YKWh53JfK1ihjDSZGCy99NKFGzETmTZA7nOPGUfaGMpIE7Ikv5LJdT6vDViUkElbRpCmQGdo2z03e/bsYilybKMydZAVCmVlxmomTNAPExzOLG/lE0HZNMA0xzRxdVA+LE5IndxKbZMm1gHC3r5qgWYgQyS9pBgpcVYjVsJh3DDIq9Vzrm3bPccipn+Ompdp0CHZpaS+rD5QRZq4mK0ObbMfm6CytHBTZUtXGWlCrpZccsmC0LRJWsS1kRniDQeRJrm3WLSNtTb0TUYOhpffKyNIU6AztE2aZs2aVQTmRUzT1IM+IOeK3CcsMMPEHZg5i0chpJvOYvtjmtRL0DqF43PTWAhwD4cgVrPkyCvWHihRgcFcdWKchnlnLCVWWFl92zZpQuytXJMmoIz4NDme+cxnFvfOVtoq0iQhpf7dRlxehjZG2Ex6jEEoI03IlSBssU/apC1wy4uJ9FxZj5SRJqtrWSJZJJvGPfbCgg7ySobyjCBNgc7QJmkyyxTTYrA0CSoOTAwoKTLACh/xQywwdWN9CEYxC22458ij3pQDFJB95lifKIA2XBuUuHuziohpapomIfB/ENdCMYpxEhzOAllXvlCA3r8NdL33JugnTQ7WkCYJLasOliakQYwgVJEm8lEdshutDZC7mSBJCAtlpEmZdmwQ+5TJVRvwriwEQJAyGSwjTdxoQjdMgNpId5CBLLG0qUdGkKZAZ2iTNDGpWzknYzNTcGDqAZEg5AVVmhWKk6jjatV/zDhZF5rKkbxFglirbKUghFkvqrZNGBbcRqyhtsEgdHMAa6AdICrimihTwb9IVB0LJBlic1bJIpu6sPpJE1DilueXbco76iHlgMzgFHTuR1WkiQuJdVPMVhvQpu5lQmFFXiYtZaSJuxuxs4LP+2gDxj23IJnPkpVd+mWkSSC69uCJkPm9rvWxCt6pJJfeMUtXtvJBkKZAZ2jbPWcHcIM13B1TF5QV8zkBJwkfQctdkhVPGQgv5MosGtlpAuWJjbPCJ1sblE9OWX1EOA+qSx0gXoQ9uUe5B9qHGCLxJvI4ITDyuI0VS6MPCVRmPWnbPQdijriy2oprQpgEgYu3U+eMKtLE6ibeS90Q96b9mP6WRkFZ+nQmImWkCaEyUbBYJ+/b2BTuhxx5Jhbg/DxlpIlMoSPoG1anpnFV2o9rkjWzf+ITpCnQGdokTYQiC4G0AxEIPrVB+OoTZsaUHlcd+VAVHC5exDtHRPr3gRoWZaQpu3xe8IIXFG5AAnjUmSrhjtRzQbJqyF8T6AYUmxgnCRWRFbsGINhVZEEfsoRdrqYuSJM+TZH+8z//cyvWJvFRz3ve8woSkskJVJEm48RY0h50r744aj92L6SEy4sc75XhZaRJOdrUNldigBAen0cpX3sqX2ZxhKnXNQZlpAmEbSCYrMnqOOo7dh1XqLbcfffdCxLWiyBNgc7QJmki6OxpZkC26bMPjD8IUgdrAcGHYEjKl/PA9EP8kVVP9nOrOqcuCGJLswnb7KJRF3EYZsm2P2HBGEXYg77J7bjssssWSrypGyhQDe9I+1pmTjZYWUtZVsWlCRam7LhhM2EeFWWkSX2s3hLbs+CCCzbee076Asv4WUJ761tFmpTPkqYPq5uM3qMSB6THfZTjPr39uIo0ORAJe98Zz+R+FYEdBGTYxEM7WoGaY7kyqkgTKzRCY3wjmr2/DQPXiX974QtfWOT16m1jCNIU6AxtkiaWAIOBZYLZNDD1QaATSILDBXlbWlz2bglR7gnJIptm1y7bsBe4F8RtUDasFoRmVgR1QZlwZ3DzmR1LMjjM9YHRwDLIGmCFmbbXV8rcM1bOUXTObUpmy0gTIPis4uKA7Bs3qsWJi88qT1uS9Fs+q0gT6HNyFon/Eyw/rMWFhYebMY8DLi/l9ZZfRpoyjCsWVulFTHDVZ5jyERaTFhYjS/29y34SXEWa1FP5xqDyWbL9Pgxx8/5sByN9AeKHsPaXH6Qp0Bm6iGkSDB4xTdMHlJdVOQStoN6y4HAuF7LE8v2m7jn373fPAcHKPWimLpEgmUX5sGwpvwruQXEKMrYjOneGFUQ50DwwPvAOkBXEOrtU+i0N+hCF25V7DvyP5FC8m2yySVpooYWGSkPAOmXDXys87ftWtvGuflVFmpSPyNjzkJtOEDPZmVe+VQExsMqTNY6FCWGydQkS0Y9BpAkEYhsDJrgIjASVyFMVeUHIlO86OiO/w1/+8pePeYdQRZrAvfLkRcwk/oEEeidV5fte+a476qijirGPgOsvZekbgjQFOkObpMnqKULIKiedOzB9QCnoI1xnMocTeNxcmXSIORK7YmVO093LqyxNGYQnxWFlFuEtE7A4GESOm4Cly0FZCBrXL7/4xS8Ws2IuIpulInZVAjrQHShQChpZsEwcceqVPawWFF6XlibIJEC/sIKSqxYR4m4rc9n5jkXKOUsttVThlrLCtGqCMIg0gfogWwiAPszixM2kr7KcuCb3Y/9nMul856ozS6tnK8NYpAm4uyWN9S5YnOgC78a4do2yTVxMSkyCETSWIWMcaUNsq/TGINKUYbzK/q98ky3WbO9f+QgkOeKvekp6aoJENlipx8IkqL5qDAdpCnSGNkmTWAEdmjCMmKbpCf0ESRFbRCgRahQEBcBNwV3RNOcRYrbhhhsW96xSnBSeHFKsUhYfmPWb+VpFQ/hyvVGIlAHL50orrZT23nvvwq1QJcQD4wPvLgeHszSQGyyIFCArIgVK2ZcR5mEwiDRlqAvlq5/oIxYacNk97WlPKwiSQ14n3y266KJpxRVXLPpRlXsxYyzSBIib/q1PIkLiBvVl1lB5yXI/Zs3ac889i9+FP3CRI1Zc4lWoQ5rAZMeEg/VV2ZtvvnmxmENMmbKRDpMMxE68opVqPrM4VbUp1CFNgJSJhTTR5qXgsrQQhBVOBnHkB7HiylthhRWK391zrMUbQZoCnaFN0mTptjgBCrXffROYHiAomfEJJfvDSTFwySWXFO4xsU5Ws7SRcqB3G5UyUDgULZO+80499dRCmXAfUlZm4hIJUpzqSshSnoNWbgXGB9nKw11K74hxouTF6mSLCiLVpaUpI9cFQUduZMvm9kJO1lprrSKnk36OVOhHl112WeEOc82gflSXNDn0SeUjIgiEPE5WuLkeSUAYjDPtYkKiz7v/oPLrkib30O6eyfhFVhA0Y0fMkOSvLMsSwArm9yx0hfLVvQp1SZN3jPyx2AlsFxyuTyBRxjD3ocmQbOfiGY11RG+svhGkKdAZ2iRNOaZpq622ipimaQwCi/AkkCg8rjqmekSZoOoiT1MVsuKhGFk3xUZQuAKKWRC459xHnQcJ+cD4A1EQ44QkmGhRymJkpJTw/rqKaSqDvuEcypsVRx9SH+4qdWHVzCvU6vSjOqSpHyYBXNLKQhDUweF/S/U9x1hkIaMuaeoF8mSs4ATGjrKNa7IcoWNZq1t+XdLUC+RJWymfO067Z7mCrPp9rPeYEaQp0BnaJE0EnoEqbqTu9huBqQnCkxJhqhffQED5n6IYK6B1LDDHc0VEoPb0BwuH+CXWFMH9LCriZrrKCD5eGIU0tYlRSFObGIU0tYnOSRMfJjMgZsf8F8fMOcSPtEWa5LwhKAhArjqzfCZfBMpMxdYqBrOZnM9+853PUuzri67xv78++9/v+Vozrt77+uyvc53ns/N89r/rnevgRsrXup8AQ39zuSwV/s/luj5/Vl/397/7u5dy3cu1Pvs+P1++1jn5GXx2rs/5Wv87XKcu+dx833yua/NvzvW7+vY+jzr0P4/f8rX9z+M7/zsnt43PytM2uRxlOt9vvnOdwwzUbBRpEoOE6IgLaZos0iSOxdJs0/Oogzqpf26L3Mbq47P/1cm5vc/jf/fof9d+95vPrsvP5+h/19oxvy9/23rXrnOu33rPdW3vublO+Xl853nyuXWex3f+d84o7zqfq865Hv767Fmc61rn+s25/s/l5N9ynfOzu058kBgarjCHHEKCrJsS5hwwrZ/qk2Xyr6tDm4qlE580EXqV1Z+LkVvLGC07p8tDPCHCaix7x2XndHkIGPf+OyFNOrhI9CWWWKJghkztccycA1leeeWVWyFNTO2rrbZaetaznlXc195lAgv9b8WFTOFmP/zl/NSEiu+QLLEoVt4JDvW/v/KACCz3O/O9IESBo+7LBei+Yg38da44AApcAj338pt7Odd+R2ayfOTqpNzsFrDzOB+61Vju4zNrmev97zv1d3//u79gUOW6r7r67NnU0XniANRBXIBnoAhyOYSJa9XLbw5uLnVSrvZRR3X12bnu5Tpt4Vy/iz3QFtrRc2QloY6uFZvhN+W61vPk5/M82sZn9XBtbnN1zvl0XK/uLNGu812us8/O9UyrrrpqETxrF3Wm9CYg8GRZVh/PoX7K6X3X6qSN87vWLzyP+mob70O9/K9tPI/2da3v9QW/5bYR6Op/v+ub2jk/r35hMuBdi/HofdfqoezcFv3v2ueqd62vetfuW/auPY9z1Un753ftmWVhVp7fXKtOylCuMjyP33z2PO7lf9eT873vmkXGPf2mPsryW++7zn1ZnZWnzurjs/Z1rjZTb/fxHK7TBq7VJuqQ66zNfKcNHfqqQGMJJxFmFvCmpMk9X/KSlxTjXLxbmfzr6hDMrmxtoe+VndPl4dkFTmvviSjfu1133XULeST5Zdk5XR4bbLBB8ez9mcoHoTZpYh4VkKcTa1zLcuOYOYdVI9wqg/Lc1IXZFXO0VRiUDMWSV2QQsJIjWuVESPrMMuE7Qtdh5RXBb6ARynnQ+c2syUAgsN3XtVlhEMrOdR6l5jwxMQS279TB+QS8+woyVi4lzELiszoR6q5zL0KfYvHZ9ZQJxeI3dclKyG8Eo88CRpXtPPVwrXM8g/srR90NZt87328UqOvUSbnOseReW/jsXG3j/3yu3ykp56iDa41hf3M56uQ8n3ufx2fPo238751Q2N6T58tKTTnure7Od672Un/19lnd3Ns9KD1liotoAukEPKf6eg7tpBzv0191zG2c37V+4Br1dXge70UdLQ9HIrw3n92TQve/e3ke17uPfqIc98/Pq521ifvqP671vMpGFga9a5997xmU0/uu8xjpfdf6snuVvWvnqoPn6X3XrlUnv/nc+zw+G2vu5X/1QGzy+FK3PA48u7pnhec79Xfk51Nn7aos5/qsPs5VhnPz2PS/urlWe/o9j1X103a5HdXf+2Gp9Bud1NQ9ZxIngHki9JoVxMaX92ZCUnZOlwfSpM2NAyS57JwuD33K+FU+0lp2TpeH57cCkVW1LmqTJmxe8JsAyjhm3sHSyHTdNOgSJBlDnMQoCKCUIVwuEZ8FVXLZWeUkF4nP/vedJbcOS19dQ2C6xrX+95vzmJzzfV1LKPrsr3OdJ67KeXzqfvOd35zPDeC+fnM/ZvN8rjpxL/o/l+te+bP6Osf/rnVuLld9fFaG+zkvX+sc9/Kdz/n5fO/8/Hyuc1+fc7v1nqttes/1uzLzufl5/M3l+N1vPrs218nhedzL/71t43zl+ZzLye/Lub5zL4fPznXf/DxcaoOWQteB2EpL0ge969zGflOP3nftUH/X+q3/Xfve/f3vXM/iep/dz//5fbmm911rI9c6z29N3rXrnOO+vee6tvdcv4/1rtXJb/na/DyO/nft3N53ndvGb/ld+8137uVwrXN765yfXT2cqwznuk9uC+e61rl+971rcxvndsx1EgTu3Q1KtFgXYuK4BMvk3ngc2lHbCuQu+73LwzjUxjmQvOycLg8B3PrsRJXvkF9qGFlUmzQFAoFAIBAIzGQEaQoEAoFAIBCogSBNgUAgEAgEAjUQpCkQCAQCgUCgBoI0BQKBQCAQCNRAkKZAIBAIBAKBGgjSFAgEAoFAIFADQZoCgUAgEAgEaiBIUyAQCAQCgUANBGkKBAKBQCAQqIEgTYFAIBAIBAI1EKQpEAgEAoFAoAaCNAUCgUAgEAjUQJCmQCAQCAQCgRoI0hQIBAKBQCBQA0GaAoFAIBAIBGogSFMgEAgEAoFADQRpCgQCgUAgEKiBIE2BQCAQCAQCNRCkKRAIBAKBQKAGgjQFAoFAIBAI1ECQpkAgEAgEAoEaCNIUCAQCgUAgUANBmmpg3oP3p7m3Xpkuv/jydMU1N6fb5j78QyBQC/enO2+6Ov3twnPS2WefPf84J80578L0p8uuTtfdNr9vzZv38HmBwNiY+8Dd6Z5brkwXz/l1Ou0np6QfnHxyOvmHP0+/OPPCdPF1t6c77n0whYgKPAYP3pPuv+PqdOn5v0/nFnJoTppz7gXpgkuuTFffcme66/7oN3UQpGlMzE0P3H1zuv5XR6fPHv7RdOQJp6Wz/v7gw78FAjUw77b0t7O/n044Yp/0ngMOS4ce/uF0xBFHpI988uh09Dd+kk6/7NZ06z0PpqBOgcF4MN1901/TpWedmr73X59MHznkA+mA/fZN++67b9pv/wPTgR/6aPro8WenC6+6dT5NDwQejXn33pBuv+LkdMz+708f3G9+fznksHTY4f+Zjvj4kemo476WTjjl1+l3f7463Xj33DQvJnKVCNI0Fubdm+684YJ06rvWSOv+6xJpte0PSh8+7daCkUe3CtTC3OvS2V8/IO21zmJpsfXfknZ62+5pt51fnbZcb4200orrp80+dlY656o70v3RoQKl0DHmpQfvuT795cefTR9/+2ZprZXWTK94w55pr4M+kT551FHpsx8/MO2/xxvSRrsem75/9t/SXQ9dGAg8gnl3XpKuP+PAtM0SL0yz1t0ibfnmndPOO7w+bbf5+mntFZdLq77stWnHA7+STrzwpnTnA3PTg0GcShGkaSzcd3X6+0VfTnuvuW7aatYL0mrbvDVt/7Ez0q3zfwp7U6AWCtL0gfTvW6yd1vnQeemcS69PN99ybbroR59PR+20Vlp49iHpK+dcmW4I23igFJTX3HTLbz+RDtlhs/SKTXZJe3/z/HTpdTelm2+7I91xx/zj9tvSrbfclK65/pZ0x933hWwKPAYPkaaD0jZLzU5vO+LEdNJfbkq33HxzuunG69O1F/0sHX/Qm9MbNtokvfRNn0w/uvH+dEvM4koRpGkg5qZ7rz47/fGru6WXbfjedPj+O6Td/m2HtOkOn04/+cfcdMeD0akCNVCQpgPTf2y1blr/Y5elv9xwr56Vrvntf6cv7bJWeva6h6VvzLky3RSkKVCGeffMn6Fdnn5wwFZp+1fvlN58yPfTudffne6bL396JRCXyoMPPljEyIVkCvSjIE1nHpy2ecHL0h6f+Wn62XUPCRz9Zu69t6Yb/nhi+spBO6dXzd40bX/cX9JF8/tYiKTHIkjTIMy7PV0759vpG7tvkNbb68R08o+/mo474K3ptZu+Je37q1vS9XdGHEqgBjJp2mJWetlhp6dTfvrr9JsfnZC+dMT70p6vf03a6qAfpzP+eku6OyRUoATzHrglzbv5e+mQLddMr9rh4HTIKdek+3z/0M+BQC1UkaZHcP+16fzvHp723eQlaYkdvp1+/pe/p7ujkz0GQZoGYO5dF6c53/1I2vMVr0i7HX9ZOv+aS9MZ//UfaZ9XbZzWO/B36Y83zJ/tRacKjIWH3XPv22TFNGvvY9IhBx6Y9ttl6/SqDdZPa270jnTQD/83XXEL61Mg8FjMu+e69OClH01vmzUrvWaPz6fj/hBh3oHhMSZpSvenq3795fSFnddIz1j7sHTCuVelW0IoPQZBmioxL9172UnppP98e1pr9T3SF/54Xbr81tvTFT/+TDpy11em//eyw9JJF9+YbnogWFNgDDxMmt6z/gvSctvsnd6y627prW/YMm328tlp1stend7wsdPSWVfeOn9WF30p8FjMu+ua9MD5B6Ud11g7vXavL6SvXHR/YWWK3hIYBmOTpgfm//719NV3zE7PXPWA9NU5EWdZhiBNlbg7Xfq9w9Mh262W/t+LN0s7vmuftM/735/eu+ur02vXWzkt/NwN0nu+d1m64KYIuQyMgRwIvvlaaZ1Dzk6nX/i3dPXVf0uXnPGt9N3D3phWWWa7dPD3L0wXRAKwQAnm3XdjevCao9O71lk5bbHTR9PHTrutsEoGaQoMg7FJ093p8p8dkz6x/UvSgpt+Lp38x2vTHdHJHoMgTRWYe+d56eQj3pF2fsV66RVvOyAdeOjh6cNHHJGOOHT/9L5dt0sbvfgFaf39Tkmn/PGW+fw8EBiA0kDweemBm3+fLvzue9K6z145vf0LZ6bTro2eFHgs5j14R5p311np2J1emjbf9K3pLZ86PV15X0qxDiUwDMYiTXP/cV761TH7pJ3WfWla50NnpbP/9/bI91WCIE2PAUk0N91xwRfSR/b4t7Tta/dJn/rxfIX22zPTmWc6Tk8//dZn05FvXjGtsNnB6dM//HO6LnpWYBBKSNOD992Wbv7LfNL9qR3TKs99eXrv1+eksyNpaqAM8+aT6bn/SH/4yl5pj223SBu97v3pE6ecny7++93p7vuz4puX5s19MN13xx3pnvvuT498HQg8jDLSNG/uA+mBe25Nf//b+emMEw5NH9z19WnTrd+TPnHmLemq2x8Ia2YJgjT1Y958xTXvjnTRcbukd+y0W3rDIaemK+bLrP9LWTEv3Xvt+emyL78xrbPCq9I7P/fTdPp8ZRedK1CJh91z7914lbTa3iel//nJGel3p/0gfefIfdM+r90wrbjpoUWepmuCfAcG4IFrf5m+c/gu6Y0bbZjWf+MB6WPH/zz94nfnpQsuvDBdeMG56dxzzky/Pu28dMm1t6Tbg38H+lCQpjM+mLZZao30hvd9Ln3ux2ens3/323T6z7+fvv2Fg9N7d9g6vWb7d6Y9P39muno+6743lFopgjT1Y97d86XTBelLb10vvWmXA9MHTr6uSBT3qP5z3zXpjsu/kN652rJpmz2PTcf87qEYg0CgFAVpOiDt/pKnpic9fYH0TwvMPxZcKC3yr2un9Xf4UDru3FvTdXeGlguMjQduvCD9/luHpL02XSEt/ux/Tou+cIW04mqrp9VXXjot9dznpIVf/qF09C8ujZxfgcfgIdJ0QNpm8YXS8/5pgbTAsxdMCy64YHrmAoukJV+ycXrt+45NX/vNX9Ot8/tOrEmpRpCmfszTY+5KN15xUbrsiqvSVbfcVxCmR/WhufelB++5If31wj+kS/52Q7rhjrA0BQZg3n3pjr9fNb+/nJ3OOuecdI5jzu/T78//Y7rosqvTjXc+UCQqDATGwrz770p33nx1+utF56U5v/5ROvXEb6Xjv/719LWvn5BOOOmn6ZfnX5mu+cc9sSVP4DGYZ8Pe269Kl5z3+3RuIYPmpDnzj3PO+X0678I/p0uuvCH9/fZ7kwXhQZqqEaQpEAgEphjmzZ/czb3vjnTbzTek66+9Nl1z7Q3pxn/cle55YP73ofACgc4QpCkQCAQCgUCgBoI0BQKBQCAQCNRAkKZAIBAIBAKBGgjSFAgEAoFAIFADQZoCgUAgEAgEaiBIUyAQCAQCgUANBGkKBAKBQCAQqIEgTYFAIBAIBAI1EKQpEAgEAoFAoAaCNAUCgUAgEAjUQJCmQCAQCAQCgRoI0hQIBAKBQCBQA0GaAoFAIBAIBMZESv8fHtzWyKrnVgIAAAAASUVORK5CYII=</file>
    </questiontext>
    <generalfeedback format="html">
      <text></text>
    </generalfeedback>
    <defaultgrade>0.0000000</defaultgrade>
    <penalty>0.0000000</penalty>
    <hidden>0</hidden>
    <idnumber></idnumber>
  </question>

<!-- question: 130273  -->
  <question type="description">
    <name>
      <text>Questions 22-24 Example</text>
    </name>
    <questiontext format="html">
      <text><![CDATA[<p dir="ltr" style="text-align: left;"><span>Use the following example to help you to answer questions 22-24.<br></span></p><p dir="ltr" style="text-align: left;"><strong>EXAMPLE QUESTION: </strong>The image on the left shows an unfolded cube or a folded cube. Which of the cubes or unfolded cubes on the right, folded or unfoled, can be made from the cube on the left. <strong>Select the correct answer from the available options</strong>. In this instance the answer is D.<br></p><p dir="ltr" style="text-align: left;"><strong><img src="@@PLUGINFILE@@/22-24%20EX.png" alt="" role="presentation" class="img-fluid"><br></strong></p>]]></text>
<file name="22-24 EX.png" path="/" encoding="base64">iVBORw0KGgoAAAANSUhEUgAAArwAAAFACAMAAABp3F+OAAAABGdBTUEAALGPC/xhBQAAAAFzUkdCAK7OHOkAAAEaUExURR4eHhzB8vBkcODg4FZWVm1tbXV1df///8fHx7a2ttra2m2zbSEhITIyMqmpqZOUlP79/SQkJPj7+1RUVPT19D4/PkNDQ4CAgGFhYSwtLKytrYuLi+Tk5Orq6nBwcO/y79DQ0EhJSLu8u5mZmTc4N7OzsyXE88LCwikpKU5QT1pbWt7e3p+fn8DfwKSkpN/3/mbW97Ts/GhoaJnLmej5/no8QfaXn5/l+uZfa3S3dMXFxdHo0TQlJqxMVDsnKZfj+qfSpz7L9F3T9vm8wf3p6x9cbh2LrHba+PvM0B0xNobAhv7v8Z1IT14zNhy56NJcZvN7hbRPWGg2O+Tx5Cqu1VqPWjCaumq1y8Kfo42qjUGBlF6YXlJvUniseCH/Ku4AABnCSURBVHja7d1pQ9tI0gfwkhFU4wNk4xPb+ARsriRALnJMkpkkM9k5dndm9n6+/9d4XviSLevqbtmS+NfLBIQs/VRWV7VaxAhEQoNwCBDAi0AAb6oiu7+fxVEA3kTG/u7uPo4C8AIvAniBF3gRwAu8wIsAXuAFXgTwAi8CeIEXeBHAC7zAiwBe4AVeBPDGNTAxB3gRCOBFAC8CAbwIBPAigBeBAF4EM6NUBrwJDjQpgBd4EcALvMCLAF7gBV4E8AIv8CKAF3gRwAu8wIsAXuAFXgTwAi/wIoA3zoGJOcCLQAAvAngRCOBFIIAXAbwIBPAimBmlMuBNcKBJAbzAiwBe4AVeBPACL/AigBd4gReRKLyiQIox1rtDRdX9ybeA93HgvSk8uP3X5eGYiGh46bmBQV4zAFKOahl4HwFeq1bdWf8/3WZ1ZqHQ9djAbr6pG6+pRtekvboFvKnHW65fdNaJfKgN7RxG564b6BX7ugGQUMMryLqoAW9S8bbb7UCpZ6dac/5cef+kseqheOyygUIjGw5AexolL09Kqddk4k7lAHiTifeSiE4DDdVuVv+pc1xfP14arNvAebHaCQlgdi+SH9aFqyel1CuYmC8LAnjjEKEn5uwFqwAcrA7VWldm3tVEc91QbXJvKYPXZZPTzZkqiZeJmc8LO8CbwOgUJwnIb6hWWaoiZA973ipOVu8wdvPN8ACqRMdCiH7zyHUfiVVSr5juz02wkgPwxisOiQ6J6iGGapaoVfxZ1MuOoZoU3uk1c+uWeokVUq85359aoJID8MYqSgUaWhdE2YBDtVJ/L2CbYmyrTLQKjSwr4b3ywisUEu90f4KVHIA3VnFANOA+0Z7nUO1qmj9Pb0dE+aDF/9ZiqFbpsBreOtG5uydTPvHO9idQyQF4YxVVKnaYK1RsewzVzpmZ2zf1kK3YYXZ5qCaF96rf7x/XqkQXJXdPQj7xzvcnSMlhU3jV24aPwe4057p+Kc+GapeDscQRbAhm5pN8UxaArdpQKXl5MqUT72J/HvxLDsAbp1LZ9G63PKJCyXWoZuv9hpzzUuxzuVfcZw146aLt4UlIJ17b/viXHDaGV7nnnUy8oZoUXaJxp9PpdPaIbtb9QKtaX+79huU7sA3VpPBmLcuyyt09op6XJ1M28dr3x7fksDG8yj3vR4D3xPaBK+tOXF75+6vSYSW8s/LyEVHLw5OQTbz2/fEtOWwMr3rPO/V4W0sjsP7amy9TqJ0Gi/Xg3SM68PJkSibepf3pVG9igle95512vE2i2vkkBkRHLiMHJb7EevB2Ki61stnmhGTiXd6fHe+Sw+bwauh5pxtvuUHF2Ze6VSHqug17Ffgq4x2cnp6e3jSHRIWy5x8w5RLvyv48FGKCV0PPO9V4r+y9iSuiW/eajTRfZbyLacJd7z8g5BLv6v5QTPDq6HmnGK81tHeFyyPK73gUHCX56sFbrJiDst8fMKUSb2zxauh5p7va4H8USZEvRQ1gsTkhlXhji1dHzxt4lfhuEG+Ys21y/PHq6HkDrwrfTeIVMok3vni19LyBV4HvJvEGP9smJwGvlp438Mrz3SheIZF4Y4xXT887SaF3cWmXIyTiiTfo2TY5GXi19Lwfb7iefhFLvCJ84o0zXj09b+CV5btZvMHOtslJwaun5w28knw3jFeETryxxqup5w28cnw3jDfI2TY5OXg19byBV4rvpvGKsIk33ng19byBV4rvpvH6n22Tk4RXT88bpTIpvhvHK0Im3pjjDd/zvn/56eMZmhQc9DFWD74bx+t3tk1OFt6QPe/7r4ZhGAbwcvBnsE0RG7wiXOKNO95wPe9nZ8bZ02dPSsDLYRYQMEVM8HqfbZOThjdMz/ulYTx9kuB73m3hdeG7BbwiVOKNPd4QPe9nhvFdogds28O7lu8W8HqdbZOThzdwz/v+bGYXeMPjXcN3G3hFmMQbf7yBe95fjacMvPJ4HXy3gdf9bJucRLwBe973xtkT4FXCu8J3K3hFiMSbALwBe94vF4kXeGXxLvHdCl63s21yMvEG63l/Mp4BrzpeG9/t4BXBE28S8AbreX80ngCvDrxzvtvBu/5sm5xUvIF63mdGCXj14J3y3RJeETjxJgJvoJ53CvBufmKOJ98t4V13tk1OLt4gPe8U3DZoPoqKYW4LrwiaeJOBN0jPOwUDNuB1OdsmJxlvgJ53CkplccK7xdsG59kWicYboOedgiZFfPBuc8DmPNsmJxtvgJ538tvDccG73VKZ82yLhOMN0PNO/sSceODdcpPCebZNTjreAD3vxE+JjEOpbOvtYefZFonHG6Tnjcnoqni3PzHHebZNTj7eID1vPAakhDcOUyKdZ1ukAG+gnjcewJTHG4vJ6M6zbXIa8AbreePRdzm8MXkMyHm2RSrwyve8gTcpD2A6z7bJ6cAr3fMG3qQ8+u482yIleKV73sCbkEVHnGfb5LTgle15A29Clntynm2RGryyPW/gTcZCe86zbXJ68Er2vIE3GUucOs+2SBFeyZ438OpZXLq8WbxsmpwmvHI9b+DVsqz/TrWm9/OOVOfLUytJeOV63kmJzU3MkXmhiijcaP68pcZ0d4qVo93a1Wm3VQr1+1alUE4SXqme9+MMza+yOig8aN/FneLqrhV69drh8Xm2HOj3O41egvCWPwxnH3P4oQy8MnilXiJo1aqXEezjuesFNqpenDSv+t225fldVTxJDN43r3N/zj7dn7nXb4A3NF6517eW6xedSHZy4Htbmx+Ob2uDU7Gz9painx8kBO91LnfXmfW8O3e53DXwhsMr+eLsnWrNimgvd4OPzhq9+l7zpp9duoya+fNE4H2Ty13be97Xudwb4A2BNxRd++vwtA/VbNELVV7IL8Z3+5PxXb3YSgDe8utJpl30vK9zr8vAGxRvSLqLoxjFUG1NyUEmCr36XqFRjj/eD7m7RcFhciLuch/ShDfKUllourOjGNFQbRGtolKpN18p9qy44+3kctObnUXPe/FvqcAbXZNCgu70KEY2VAtScvCJ0VHtplvibHE37nivp4l3qed9t37MBrxLeKXoTo5ihEO1MCUHRwzrzf3L1ZJDfPHeLUZni573m7lo4HXDK0mXmSIeqkmVHKjYOxk8rHwZTEsO8cCrHMA7O4rSdJkp4qFa6JJDw6wdd9eWe+vFHT14I6L3OjffbTE/IaXc64j2YRsXkH68CnSZKeqhWoiSQ+X2sN9y/32r2ijrwRtNscGGd3Hb4I7Xedrsq08vjppxFpX+7eNVostMkQ/VgpQciuO9K+E71aHT6FkxxvttXliwDdg6uW+Bs4599el5PDE+up157avbbhhvUfXqG1m8uVhXcijUm6fZgDuRLe7GF6+1GLAtSmWWy4Bt7f2effXpeTwzPrlsQKidebF1vAmLpZJDvro7OG+H+v1+fhDfzDsvldkfzHMpla0dadtXn57HU+OlywZYKfWaDLxyJYfGUe2gW5L4/WY+vnjnDQnbI9FuTYq1NU776tPzu4Yz494Nr1LqFcAbUcnBI8axxTtrD9sXo3BrD6/vLn11pt6nxle3DbBK6jUZeGMW28U7nZhjWwbIdWLO+r6+bfXpaXxnnN274xUqiRd4gdceb3K5a/sCbO5TIl1mVC1Wn57ZXTeGm+OVT72m3GHQOzEHESe8fJ3L3R3NgBx5TEZ3m8s6X32amfnJU8NltDbDKxQSL6ZlAu9K7n3950LIn+6PAbk+RTBbfbr05NnTM+PsGXvilU29JgMv8Drve6sLIlWPtovr81vT1acNwzCMr/fsg1fIJ17gBd6VCLjoiNeTs/cvP308O/v46eW95z4QS6dek4EXeJ0RcLknDWsWEEunXgG8wOuTeD3Xe1JeLYZYNvWaDLzA65N4PVfaU16ni1g29Qrpw4BSWYrxBl5cWsMKicSSqdeUPwxoUqQYb+Bl/TWsTUssmXoF8AJvgMTrsa6/8qrgxHKp12TgBd4AidfjjSrK72Mglku9AniBN1DiXZd6//L9i79m1N+EQyyVek0GXuANlHidqfcvLzKZTCYTQpvwwyukEi/wAi/7GVq292Mmk3nx4w+W+tsfiWVSr8nAC7wBE+9K6v0+k3nxQ/B7Xq/37pLvZeNzKQEv8PoKEkt59/swAzavN56T/3XjfSUBL/D6AlqA+cvcrsSyCyt8l/AKicQLvMAbwM9czIvMC5bGu8J3ec0QM3ziBV7gDcDHXCTeH1TwLvFdxivCJ17gBd4gesRstPaC1fDa+K6s1mSGTryYmAO8QfBM0FgvMj8q453zXcErQideTIkE3kB2Jmr+urhrUFonzxROvEFSr8nAC7wULvHO2GQylha8RKZw4BVhEy/wAm8wOUIvXiLTsUKpGTLxAi/whoCj67ZhPV4RMvECL/CG+MrWM2BzuW0IeOsCvMArNVjSUSpzHbAFHDSiVAa8UmUq9SaFe6ksYLlO8TCgSZE6vIEbBIrtYa8mhe9FJIAXeJ0bCN6aVZqY49ke9r2KTAZe4HVuIMSkGPkpkT4Tc3wvIwG8wOvcQKjpiJKT0f2mRPpeRyYDL/A6NxBuIrjMY0D+k9F9LyQBvMDr3EDYR3BCP4AZ4DEg3yvJZOAFXucGwj/8GOrR90APYPpeSgJ4gde5AcnHzlmRrhveYI/fAy/whky8y8+da1x0xDf1CuAFXucGZJda0rnck2/qNRl4gde5AdlF7nQutOebegXwAq9zA9LLi2pc4tQ39Zr6DgMm5qQIr/TCzhoXl/ZNvSKqw4BIMl75JfX1Levvm3pNBl7gdW5A/mUm+l6o4pt6BfACr3MDCq+R0vYqK9/UazLwAq9zAwov8GNFup54A77IEHgfMV6VV6eyIl1PvParymTgBV7nBlReWs2KdL3xiiCJF6WyR4xXMvHO3lqtRtcb7+K6MvUeBjQpUoLXlMVrrsMbkq4PXhEg8QLv48UrnXgnohTp+uCdXVkmAy/wOjdgyuM1V/BK0PXDK/wTb9zwtvKqqwg1tO/TwZ5KnNSPxiKOeIXKURZ2vFJ0/fBOri2Tk4O3XJU+FNGVT/L5wwOZGNROzGqDiIiOY4jXVMFrLvBKny8fvMI38cYLr1WvKx2OaPDScNQN9Qul7P7hyXhkP9nN2OEVal9wghXp+uJl0y/xxgtv7aKmfkj04y2Z+YNgP9rpHjfrlXW3PvW44TXV8JqsnmZ8PoXwS7yxwntQ6QzVv4yiGEPV8jW/m/Xzqz2z4HG2e6VY4RWqYwuhfoPn9ylMkxODVxQuu6Q+DIikAHCcv7j+cPft9etvdx+uO8v3CKeHu70REZH3YLPQ1ogXQUS0EbzWzsNDx++Hdgrn3CT1AkyoHSu1J1Hy2eLv33K2uPudmbkjDmrr7xHWR6A7502162nrG9hOhMW7UysQEQ1vd7wLDTfMVVIvfYf66dN5Xrw4Lrtv8TqXy/057ndKpc7v13e5XO7fe0eF0Hkifwq8CcN7PB92j469Cg015kvlfrk0XiIanrtt8U0u96FcMvMHpe5p87bX+F8uV5H6mmsC75Yj3MScGyIaXRyeNsdE+a5HocFiHijPVJLA27u6uhqcVNzLscTfctfMzLXF6Cv3XxeeP33+8sevv/7x5fNPa//7FngTFN0i0VGZ2WK+aex7FRqYeaw8R1QC7+60XNAjKnbXb/F1bnJPfJHv9U+vmrXdei7XWEv3izGPLz/JFB2AN0ZRJzJnN5Mlr0IDM7dVHyxRwcudI5dq7Dzz8tHtaNhmZr7OfWOrnRX9g0Fz79bsDYtERPT5V8P48vmnYvGnz18M49fPEkUH4I1PtPJEO/5DusLD7A5D/eESWby8Q5Rvud/zMvOo3h6Oulz+kMu9WR1vtroP/zSMP/bq40ojP03Ca/UWu8CbjOgTDX1/qFy9mWVpdb7yeHlI1HevNtxdXzd6pd//1/u/XG6aiZfjmWF8N8vil93+8T8N4z8XveHIUXQ4AN5ExBXRid/PWPVJ+6pcVF3GQhHvCdGVyxZ/v3PWeVfi/mxudxrfGWf3zFxqZ8X+wWFzr35ULRSJKH8IvAnB6zvArl1YjrKVwlIW8nhv3fEyd64//N9/c6+/3X34d6NwtCb+YfwjwD8djce9Cl0AbwJKZX2igl8trdqZ29HAVwFvwfW2YT743GGLuUuN20NHGEawfzs8PDwk4N1ShGlStPNE3tJFYTqgK42UF81Uw5slyre9tji0PfVdObaWf+ql8dT5q0+NlyF3Enjjg5dviXozEWuLRJNCwyRJkwa+0njbVZdbnNkWO0R0OsPr4PvJeLZuDPcJeJOLNzsiqraYma1m/srrIOypvuNACa/VrRCNsl5bfCCiwQLvCt+PxhPnrz4xPgJvcvFap0RE1drgpLK+PTw7CFa4iS6m0IW32mw2axcNIir2Pbc4IKKaHe8S3zNjTQ+mZJwBb3LxMp/PVRbOPQ5C6NnRptCDd9G57XqfppP53ATbL835Am8a8VqdQZWIRuNa2+sg1JTfqKiCt9DbO7d8TlOPiMareOd8cduQRrzMzOXspR8NqTmGptjAQZ1usVSkWbtwZS8qxxYGbOnF638QsrIPAopN4e0SERXX4SWqHFsolT1evIfyz7GKzeA9JiKi9lq8RJVj48xx3/DkzLgH3vTj7ak8hi02gXdyU951wUv0xZl6nxpfGXhTj7eluIqAiB7vZKGDviven341/rl8Yz+dmAO8Kcd7pfoQ9JxvZHgnj05cueKlz4bxH3vb4jtj3RgOeLcaeheXVlqjew3fqPC2bI9QkqveL+MZ3ydPDZfRGvCmJoiZuZMn0sQ3KrzTqRcnHninjwEdl0pPnj09M86eMfA+ArzHmlZQMUVkeKflkAsvvEsPYH69Z+B9DHjr2hYAMqPCO51tXPXEO3/0/Y+X93JnHniThtf3AaAY4J12AEc+eKcrluWrxxbwPgq8+xT724by7E+0v3/x11evfvvb87c++1Lx4Au86cF7oo1uZAO26aS3tz9n5vGzPF/gTU2pzGpooxsZ3smaEr+8ymRe/PhDsfj+7+8ymVe/kCRf4N1WaG9SPOijGxnePSKi55nMu3/N7nnfv8tknpMcX+BNDd6aPrqR4R0T0S+ZzHM6XAzYnmcyv5AUX+BNDd6hPrpR4bWKRG9fZZ5PHgSiud5Xb0mGL/CmBW9XI92o8GaJ6OfMu+mbUeZ/+13m50D7uMoXeNOCt6mRblR4T4neZjLviahnx/s+k3lLEnyBNy14qxrpRoW3SfQ8845osgAQ2VLv86D7aucLvCnBe6mTblR460R/y/ydiChv2fH+PfO34Pu74Au8KcF7qJNuVHgLRL9l3hMRUcuO933mtzD7POMLvCnBO9ZJNyK8bSJ6lSnOHgSyrRSdeRVuvyd8gTcleLXSjQjvuQ3vqRLeCV/gfbR4NS60F/A0DWhx23ClcNsw4wu8jxSvKTZ8UIl5l+YDNqpJD9hssyaBd0uheWKOVroR4a3SvFRGu5KlsgXd3UvgTUfQUCfdaPCW8jRvUtCRVJPCThcDttTgvSxopBsN3kkDe9IepopEe3iZLvCmBi93R/roRoP3YDIR/VXm+WS5spATc1bpAm968PJ5URvdaPBO52z+MpnA2wk3JdJJF3hThNf/yffIXt8abItHC63v3lM2zGT0dXSBN01417/ufRMvzg62xfljSr+8ymTe/Sv4Y0Dr6QJvakplzMxe0yJD0Y0E785iZ0I9gOlGF3i3F5EscXqih24keJeezH/7/Ldgj7670wXelOG16lroRoJ3+Wshv8dERAp0gTdleLk81kE3Erwr11WdFekCb9rwcqeqgW4keFd6gFVWpAu8qcPLraE63UjwrkSDFekCb/rwcrahTHcTeKmkSBd4U4iXRVGV7kbw7ijSBd404uV+XpHuRvD6vmk2f3Ipu5PAm1i8Pq22IDHS/nmHq9PejhXpAm8q8ZYLFSvUb3ey5weHe/XezFfhwtL+edvjFb0DRbrAm0q8vUYnyO9Y7e7+VfPErKxOR2tUOhF84NLJst6aIl3gTSPek6LnpIny5cPxYe12PHR7d1CxcRnNRz5s2P/krSJd4N1eRDExZ3LDm++v/dru9m+aexdV/yWoGw9RfeZ+wzZjfqxIF3jTEouDcJ5v2r+rW+J0UNs9qgR/2UrhJrK9tLK2YdtQkW4s8CoH6NrOVqtYZ+by0ggs1LsFC7Uo97M9Hi6970eBbhzwInTiLTcaJxeVkXwmiKLQ4DVsk6cLvCnDa/VGt1WVl7hGU2hYikEjr4Uu8KYM724xy1zq3tSO5JJvZIUG12GbPF3gTRdee6Hhcr9ZD/2aiugKDUuFltVumxRd4E1VqWy50MDM3HkYnPRiUWhwG7bJ0wXe7YX+JsVOsb5+jNQ9rpmNrRcaXIZt0nSBN0V4y42qV6Gg1T+8rWy10LBu2KZAF3jTg9cKMqOhLK72xsWtFRqWh22KdIE3PXh3i0Fvoa3sabNe2EqhYWkvqHK7pxTAmxK8LjMaPAZN54Nde0l4M4UGe+xcKkYLeNOB11FoCDZw6h7UjhqbLDRsJoA3SXjHqhNEagy8iO3gRQAv8AIvAniBF3gRwAu8wIvQFnon5iCAFwG8CATwIhDAiwBeBAJ4EQjgTWygVAa8iQ00KYAXeBHAC7zAiwBe4AVeBPACL/AigBd4EcALvMCLAF7gBV4E8AIv8CKAN86BiTnAi0AALwJ4EQjgRSCAFwG8CATwIpgZpTLgTXCgSQG8wIsAXuAFXgTwAi/wIoAXeIEXAbzAiwBe4AVeBPACL/AigBd4gRcBvHEOTMwBXgQCeBHAi0BsP/4fw66KViuVy5gAAAAASUVORK5CYII=</file>
    </questiontext>
    <generalfeedback format="html">
      <text></text>
    </generalfeedback>
    <defaultgrade>0.0000000</defaultgrade>
    <penalty>0.0000000</penalty>
    <hidden>0</hidden>
    <idnumber></idnumber>
  </question>

<!-- question: 130247  -->
  <question type="description">
    <name>
      <text>Questions 25-27 Example</text>
    </name>
    <questiontext format="html">
      <text><![CDATA[<p dir="ltr" style="text-align: left;"><span>Use the following example to help you to answer questions 25-27.<br></span></p><p dir="ltr" style="text-align: left;"><strong>EXAMPLE QUESTION: </strong>The image on the left shows a cube intersected by a ray. The image on the right shows an unfolded version of that cube. Indicate the intersection points of the ray with the faces of the cube <span>by</span><strong> selecting TWO possible options</strong> of the intersection as shown in the image. In this instance, the answer is a, b.<br></p><p dir="ltr" style="text-align: left;"><strong><img src="@@PLUGINFILE@@/25-27%20EX.png" alt="" role="presentation" class="img-fluid"><br></strong></p>]]></text>
<file name="25-27 EX.png" path="/" encoding="base64">iVBORw0KGgoAAAANSUhEUgAAA34AAAIGCAYAAAALL10MAAAgAElEQVR4Ae2927Md1ZWnS1VF1FOHHyriPBL1dMLRx1Q/9EM98dD90H2CiuPTdQki6LCrfccFsgtj2YVdGIPLBhsDvuELBeImCUlIoDtCEhIIgQRCQkKgTP6c2TG2euDca81cK69zjJz5KUIx986VK3Pm+H1zzPHLmWvtGwL/iAARIAJEgAgQASJABIgAESACRCDrCNyQ9dVxcUSACBABIkAEiAARIAJEgAgQASIQMH5AQASIABEgAkSACBABIkAEiAARyDwCGL/MBebyiAARIAJEgAgQASJABIgAESACGD8YIAJEgAgQASJABIgAESACRIAIZB4BjF/mAnN5RIAIEAEiQASIABEgAkSACBABjB8MEAEiQASIABEgAkSACBABIkAEMo9A1PjdcMMNgf/EAAZgAAZgAAZgAAZgAAZgAAamxUCdf8X4YXIx+TAAAzAAAzAAAzAAAzAAA5kw0Mn4lWUZ+E8MYAAGYAAGYAAGYAAGYAAGYMA3A7oyi/HDxGLiYQAGYAAGYAAGYAAGYAAGMmUA45epsNxx8X3HBX3QBwZgAAZgAAZgAAZgICUDGD+MH3d1YAAGYAAGYAAGYAAGYAAGMmcA45e5wCnvInAu7lrBAAzAAAzAAAzAAAzAgE8GMH4YP+7uwAAMwAAMwAAMwAAMwAAMZM4Axi9zgbnj4vOOC7qgCwzAAAzAAAzAAAzAQEoGMH4YP+7uwAAMwAAMwAAMwAAMwAAMZM4Axi9zgVPeReBc3LWCARiAARiAARiAARiAAZ8MYPwwftzdgQEYgAEYgAEYgAEYgAEYyJwBjF/mAnPHxecdF3RBFxiAARiAARiAARiAgZQMYPwwftzdgQEYgAEYgAEYgAEYgAEYyJwBjF/mAqe8i8C5uGsFAzAAAzAAAzAAAzAAAz4ZwPhh/Li7AwMwAAMwAAMwAAMwAAMwkDkDGL/MBeaOi887LuiCLjAAAzAAAzAAAzAAAykZwPhh/Li7AwMwAAMwAAMwAAMwAAMwkDkDGL/MBU55F4FzcdcKBmAABmAABmAABmAABnwygPHD+HF3BwZgAAZgAAZgAAZgAAZgIHMGMH6ZC8wdF593XNAFXWAABmAABmAABmAABlIygPHD+HF3BwZgAAZgAAZgAAZgAAZgIHMGMH6ZC5zyLgLn4q4VDMAADMAADMAADMAADPhkAOOH8ePuDgzAAAzAAAzAAAzAAAzAQOYMYPwyF5g7Lj7vuKALusAADMAADMAADMAADKRkAOOH8ePuDgzAAAzAAAzAAAzAAAzAQOYMYPwyFzjlXQTOxV0rGIABGIABGIABGIABGPDJAMYP48fdHRiAARiAARiAARiAARiAgcwZwPhlLjB3XHzecUEXdIEBGIABGIABGIABGEjJAMYP48fdHRiAARiAARiAARiAARiAgcwZwPhlLnDKuwici7tWMAADMAADMAADMAADMOCTAYwfxo+7OzAAAzAAAzAAAzAAAzAAA5kzgPHLXGDuuPi844Iu6AIDMAADMAADMAADMJCSAYwfxo+7OzAAAzAAAzAAAzAAAzAAA5kzgPHLXOCUdxE4F3etYAAGYAAGYAAGYAAGYMAnAxg/jB93d2AABmAABmAABmAABmAABjJnAOOXucDccfF5xwVd0AUGYAAGYAAGYAAGYCAlAxg/jB93d2AABmAABmAABmAABmAABjJnAOOXucAp7yJwLu5awQAMwAAMwAAMwAAMwIBPBjB+GD/u7sAADMAADMAADMAADMAADGTOAMYvc4GndMflwIEDQYGUn6fUd/rq884WuqALDMAADMAADMAADFxnQOvsUPPvhth2fRNBTD+Qbr755k/Mkeqg7datWydtlnbu3PnJtcnP8JWeL2JOzGEABmAABmAABmAgTwbUM8T8nWzD+DlbEVTBYi3GL89BSvJFVxiAARiAARiAARiAgb4MqH/A+DkzeHXCqmCy8le3z1S3s+JHQpsqu/QbdmEABmAABmAABrwzoD4C44fxMzeSGD8SpveESf9gFAZgAAZgAAZgYKoMYPwmYvgUMBVs1YrfTTfdtPFZueo+TzzxxCefnzt//nyQ/7fffnvQfeW4n/rUp8Jtt9228ZqeT79wRY4lxkxa7YPuK8e+8cYbN7ZL++ijj24ykXJceY+cU96jv8u5q1/iUmf8Tpw4sel9sX5qf2lJxjAAAzAAAzAAAzAAAzCwzIDW8Kz4TcQAqmCLbdXkifHS19WEqTHTzwFWTZbuq231WLqfmjXdR9u67fI+HXC6b9Vk6jZ5vxg72VfPJa/p++W1unPI8cRM6nlolwc4MSEmMAADMAADMAADMAADwoDW3xi/jIyfCKsrc2L4xOyJ0PKzGiUxVLLiV11xe+CBBz4BQhNE1YyJ0ZL3yTHUSMpxdeVPVwdlmxrMKmRi4NTQVc+l+1bPpfvJseV4cj1qEKtmUI2t9peWxAYDMAADMAADMAADMAADywxITS3/6/5FX9E3WQe0ah60T2Ii6rZXjYnuL4aibrtcX2y1adX2W2655RPzpOcQE1O3va6vdbHVY1ZX5WL7Vk2UvmfRJMkjmmoQdR9t1RBWj6NmTM6nZlL2r55fV/XEsOl2PaYaPN2usdVriZ1L99FjLLaLx9Rj18W1bnsdA3Xb5Tyxvq3aXsdA3fa6vtZtr+tr3fZVfa27trq+1m2v62vd9rq+1m3nGq4ncBkXMn5y1iHna6sbD3Xb68ZD3XbGyXzGSR0zddvrmKnbDkuwZMmS8Mf/fjHQOhrj938csAZEzUhdAVy3va44qdteN4DqwF7sX91+sl1NmL5HV/vktepn/vT1aqsmL2bG5P11xk+NpMZP9tXjLpq0xX1j59L31rUSPznH4v+6uNZtr5vk6rbL+eoYqNtex0Dd9rq+1m2v62vddq6BCXxKLDFOrvMqebRuTNdtZ6wz1qc01uv6Wre9jvu67YyH6Y4H0Y7//WKg9fQkjd8cxVfBqsYqFoeYsZNHO3VfNV3yyKY+QhkzXrFtcowhjJ8aJCno5Jixc+n1Vvuu10Dbb/ATP+IHAzAAAzAAAzAAA/NhQOtqjN9E7iKoYKuMX/UzeGKY9HNy8l41eWr89AtS5D3VO+piwiQRxMyYbO9i/MTo6XGr75e7eHXn0j5V3yv76jeJyh09+Z3/xAAGYAAGYAAGYAAGYAAG6hlQH4Hxm4h5UMFirZgpgV1NlZglMXTyX1fX1DDqPrHjyDY1aEMav9i5ql84EztX7FGN6nEwfvWDm8RHbGAABmAABmAABmAABpQBraExfhMxfrpSp8JVWzFzYvJ0mxpBEbtq9NQsyWqgGkIxYLLypr/rPlXjpdvkePqsveyvMEmr/dPHN2Wb9mdx9VH20RVI2a/uXLJd9tW+SSu/qzmtnp+fSW4wAAMwAAMwAAMwAAMwsMyA1uQYv4kYvylCrJBVjegUr4M+LycQYkJMYAAGYAAGYAAGYGAaDGhNjvHD+G1auRtyACtkGL9pJIUhtedYaA4DMAADMAADMAADPhjQmhzjh/HD+MHAaAyQ8H0kfHRABxiAARiAARiYLwMYP4r90Yt9/WyefnsnCWe+CQft0R4GYAAGYAAGYAAGbBjA+GH8Rjd+DG6bwU3ciTsMwAAMwAAMwAAMwIAygPHD+GH8YAAGYAAGYAAGYAAGYAAGMmcA45e5wOrwabnbAwMwAAMwAAMwAAMwAAPzZQDjh/Hj7g4MwAAMwAAMwAAMwAAMwEDmDGD8MheYuzrzvauD9mgPAzAAAzAAAzAAAzCgDGD8MH7c3YEBGIABGIABGIABGIABGMicAYxf5gKrw6flbg8MwAAMwAAMwAAMwAAMzJcBjB/Gj7s7MAADMAADMAADMAADMAADmTOA8ctcYO7qzPeuDtqjPQzAAAzAAAzAAAzAgDKA8cP4cXcHBmAABmAABmAABmAABmAgcwYwfpkLrA6flrs9MAADMAADMAADMAADMDBfBjB+GD/u7sAADMAADMAADMAADMAADGTOAMYvc4G5qzPfuzpoj/YwAAMwAAMwAAMwAAPKAMYP48fdHRiAARiAARiAARiAARiAgcwZwPhlLrA6fFru9sAADMAADMAADMAADMDAfBnA+GH8uLsDAzAAAzAAAzAAAzAAAzCQOQMYv8wF5q7OfO/qoD3awwAMwAAMwAAMwAAMKAMYP4wfd3dgAAZgAAZgAAZgAAZgAAYyZwDjl7nA6vBpudsDAzAAAzAAAzAAAzAAA/NlAOOH8ePuDgzAAAzAAAzAAAzAAAzAQOYMYPwyF5i7OvO9q4P2aA8DMAADMAADMAADMKAMYPwwftzdgQEYgAEYgAEYgAEYgAEYyJwBjF/mAqvDp+VuDwzAAAzAAAzAAAzAAAzMlwGMH8aPuzswAAMwAAMwAAMwAAMwAAOZM4Dxy1xg7urM964O2qM9DMAADMAADMAADMCAMoDxw/hxdwcGYAAGYAAGYAAGYAAGYCBzBjB+mQusDp+Wuz0wAAMwAAMwAAMwAAMwMF8GMH4YP+7uwAAMwAAMwAAMwAAMwAAMZM4Axi9zgbmrM9+7OmiP9jAAAzAAAzAAAzAAA8oAxg/jx90dGIABGIABGIABGIABGICBzBnA+GUusDp8T+2WLVtC3X9P/aQv3CGDARiAARiAARiAARjIhQGMH8Yv+d0dhS7W5jKwuA4mCRiAARiAARiAARiAAU8MaO0dav7dENuub/J0IfRlOgNL+Ym16DgdHdEKrWAABmAABmAABmBgOgxo7R3zd7IN48eK4OArggpdrCV5TCd5oBVawQAMwAAMwAAMwMB0GNDaG+OHwRvc4NUlAoUu1ta9h+3TSSpohVYwAAMwAAMwAAMw4I8Brb0xfhg/jB8MJGOAycDfZIAmaAIDMAADMAADeTOA8aPYT17sK3SxloSTd8JBX/SFARiAARiAARiAARsGtPZmxQ8DmMwAKnSxlkRgkwiIO3GHARiAARiAARiAgbwZ0Nob44fxw/jBQDIGmFjynljQF31hAAZgAAZgwB8DGD+K/eTFvkIXa0kS/pIEmqAJDMAADMAADMAADEyfAa29WfHDACYzgApdrCWpTD+poCEawgAMwAAMwAAMwIA/BrT2xvhh/DB+MJCMASYDf5MBmqAJDMAADMAADOTNAMaPYj95sa/QxVoSTt4JB33RFwZgAAZgAAZgAAZsGNDamxU/DGAyA6jQxVoSgU0iIO7EHQZgAAZgAAZgAAbyZkBrb4wfxg/jBwPJGGBiyXtiQV/0hQEYgAEYgAF/DGD8KPaTF/sKXawlSfhLEmiCJjAAAzAAAzAAAzAwfQa09mbFDwOYzAAqdLGWpDL9pIKGaAgDMAADMAADMAAD/hjQ2hvjh/HD+MFAMgaYDPxNBmiCJjAAAzAAAzCQNwMYP4r95MW+QhdrSTh5Jxz0RV8YgAEYgAEYgAEYsGFAa29W/DCAyQygQhdrSQQ2iYC4E3cYgAEYgAEYgAEYyJsBrb0xfhg/jB8MJGOAiSXviQV90RcGYAAGYAAG/DGA8aPYT17sK3SxliThL0mgCZrAAAzAAAzAAAzAwPQZ0NqbFT8MYDIDqNDFWpLK9JMKGqIhDMAADMAADMAADPhjQGtvjB/GD+MHA8kYYDLwNxmgCZrAAAzAAAzAQN4MYPwo9pMX+wpdrCXh5J1w0Bd9YQAGYAAGYAAGYMCGAa29WfHDACYzgApdrCUR2CQC4k7cYQAGYAAGYAAGYCBvBrT2xvhh/DB+MJCMASaWvCcW9EVfGIABGIABGPDHAMaPYj95sa/QxVqShL8kgSZoAgMwAAMwAAMwAAPTZ0Brb1b8MIDJDKBCF2tJKtNPKmiIhjAAAzAAAzAAAzDgjwGtvTF+GD+MHwwkY4DJwN9kgCZoAgMwAAMwAAN5M4Dxo9hPXuwrdLGWhJN3wkFf9IUBGIABGIABGIABGwa09mbFDwOYzAAqdLGWRGCTCIg7cYcBGBiagf9697bAf78xGFpvjkcOgQH/DGjtjfHD+GH8YCAZA0wO/icHNEKjvgx4MH2fffC4G/PpqS+iTV99eT85AgamxwDGj2I/efJX6GItSWR6SQTN0AwGYCDGgBq/2Guptn3uqSL5HFd3bZ/fVoSisGfFgy51MWK7PR9okLcGWnuz4ocBTDY5KnSxloSTd8JBX/SFgfkw4MFgfP4pH2ZLuP/HbUW4hvFLVmuQa+aTa9C6udZae2P8MH7JkrFCF2sZvM0HL7EiVjAAA54ZcGH8nJgt0Qnjx3j1PF7p2zz41Nob44fxw/jBQDIGmGDmMcGg87x19mD8/nFb6WKVTcbCF54uwofX7JnwoAu5wZ4DNJinBhg/iv3kxb5CF2tJRPNMROiO7jCQHwMeDIaXVTbhW4zf1Y/sP3PoQRfGe37jHU2noanW3qz4YQCTGUCFLtaSOKaRONAJnWAABtYx4MFgiPH7yMEqm8SKFT/GzLoxw+swMjYDWntj/DB+GD8YSMbA2ImN4zN5woA9Az6M37XwkYMvVBEev/RMET74CF0Ym/YMoMF8NcD4UewnL/YVulhLMppvMkJ7tIeBvBjwYPz+l6MVvy8/W4YrH/KoJ+M8r3GOntPSU2tvVvwwgMkMoEIXa0kg00og6IVeMAADdQy4MH5OvlBFYvSVZ4tw+UN7XjzoUscM2+35QIO8NdDaG+OH8cP4wUAyBphY8p5Y0Bd9hQEPBsPLF6pIPDB+jAtyIwxYM4Dxo9hPXuwrdLHWekBwfpIyDMAADAzDgAfj98VnynDVyZe7iPF7/yqPejK+hhlfxJE4dmFAa29W/DCAyQygQhdru0DMe0h+MAADMOCPARfGb+NPKPiIzdeeK8Klq/Z98aAL49WeAzSYpwZae2P8MH4YPxhIxgATzjwnHHSfl+4eDMYXnr4Wrl772EVuw/jNi3/yHXp7ZADjR7GffEJU6GKtx0FCn0jeMAADMNCeAQ/G74tP+/gTCsLP7c9dC+990D6OQ7PnQZehr4nj2XOFBtPQQGtvVvwwgMkMoEIXa0kc00gc6IROMAAD6xjwYDC8/O08idXXny8wftRayWqtdeOT1+eZw7X2xviRjJIlI4Uu1pKI5pmI0B3dYSA/BrwYvysO/oSC8P1P28tw4Qpf7sJYz2+so+l0NNXaG+OH8cP4wUAyBpgkpjNJoBVadWXAg/GTP5p+2cEfTZcY3vH8tfDuFXuePOjSlSneZ88PGkxbA4wfxX7yYl+hi7UklGknFPRDPxiAAWXAg8H4yrNl8LLid8f2AuNHzZW85tLxSEtuFga09mbFj2SULBkpdLGWxERiggEYgIE8GPBg/L78bBGufOTjWz237CjC+cv22nrQhTFuzwEazFMDrb0xfhg/jB8MJGOACWeeEw66z0t3Dwbjy89cC5edfMZPjN+59/mMH3lgXnkAvX3pjfGj2E9e7Ct0sZYE4StBoAd6wAAMdGXAg/H7yrNFeN+R8WPFj/HUdTzxPtgZggGtvVnxwwAmM4AKXawdAmqOQXKEARiAAXsGPBi/r4rxu2ofC+HxmzuL8Pb79n3xoAvj054DNJinBlp7Y/wwfhg/GEjGABPOPCccdJ+X7h4MxlefK8Klq/aPVwr7YvzeumTfFw+6kAvmlQvQ24/eGD+K/eTFvkIXa0kOfpIDWqAFDMBAHwY8GIyvPVeGi06M310vFOHsJXumPOjShyvea88QGkxXA629WfHDACYzgApdrCWZTDeZoB3awQAMVBnwYDC+trHi50MXjJ8PHaqM8jOazI0Brb0xfhg/jB8MJGNgbomW66W4mCMDbozfhz7+nIMYvzcv8qjnHMcC18wc4IUBjB/FfvJiX6GLtV4GBv0gScMADMBAPwa8GL+LTr7c5e5dRThzsV9Mh2DSgy5DXAfHsGcJDaangdberPhhAJMZQIUu1pJEppdE0AzNYAAGYgx4MBi3P1cEjN9mPj3oEuOFbZt1Ih7EYwwGtPbG+GH8MH4wkIyBMZIZx2SShAFfDHgwGF9/vgjvfeAjLt/edS28/p59Xzzowli15wAN5qkBxo9iP3mxr9DFWhLRPBMRuqM7DOTHgBiMzz54PHzuqYL/zmLwtw+fTj73M8bzG+NoOj1NtfZmxQ8DmGwSUOhiLUlkekkEzdAMBmAgxoCHlSVZ8bvgZMXvu3vKcOo9vtwlxgrbyCEwkIYBrb0xfhg/jB8MJGOABJ8mwRNn4mzJgAfj90+OjN93dl0Lp3jUk3mGWgMGDBnA+BkG33JCtjy3QhdrLfvFuSmSYQAGYGA4BlwYv+2OVvx2Fxg/ai5MDwyYMqC1Nyt+gJgMRIUu1lJ0DVd0EUtiCQMwYMmAB+N3x/NFeNfJo5737CnDyQs86mnJJOcmJ86dAa29MX4YP4wfDCRjYO6Jl+un+JgDAy6M3/YivHvFB2/37CnCyQv2ffGgyxz45xrtWUeDZQ0wfhT7yYt9hS7WMkiXBykxISYwAANTZMCDwbhjexHecWL8vrenCCcwfslrjimOHfpMzh+LAa29WfHDACZLxgpdrB0LdI5LEoUBGICBtAxg/DbH+/svFuH4u5u3WTDpQReL6+ac9uyhgb0GWntj/DB+GD8YSMYAyd8++aMBGozNgAeDcaejFT+MH2Nu7DHH8WFsHQMYP4r95MW+Qhdr1wHL6yQ1GIABGJgGAx6M35btRTh/uV+8duzYEW699dbwmc98Jsi8Ja38LtvbsHjv3jIce4cvd2kTM/btxy7xI36LDGjtzYofBrDVBLYIUpvfFbpY2+Y47EtCgwEYgAG/DLgwfjvKcO5yd7N15513bpi92Hwl2+T1pgzeu7cIx96x18uDLk1jxn72vKBBXhpoLsP4YfwaT159k4BCF2v7Hpv355Wg0BM9YWC6DHgwGN/YMH7dYrjO9Okc1tT8/WBvEV7B+CWrNcgd3bgnbnnHTfMWxg/jlywZK3SxloSTd8JBX/SFgfkw4MP4FeFch0c95THO2BxVt63JY5/37SvC0fP2+nvQhTxgzwEazFMDzWEYP4wfxg8GkjHAhDPPCQfd56W7B4OxZfu1TsZPPsOnBVKTVvZfxzfGb178r+OB1+HBggHNZxg/iv61k9ZQgCp0sXaoc3AcEioMwAAM2DLgwfh9Y0cR3u6w4qdf5BKbp2LbZP91vP1wXxGOsOK3Nk7r4sjrtuOa+E87/pq/MH4Yv2TJWKGLtSSUaScU9EM/GIABZcCD8fumGL/322sSm5/WbdPrrmvvf6kIh8+170vd8bpu96BL177zPnt+0GDaGmgew/hNwPj9bu/poAl7yq1CF2unfF1z6juJf9qJH/3QLwUDmhNTnKvuHN/cWYS3Ohi/MVb8fvRyGQ6+3f0bRuuuse12D7q07TP7k7NgYBgGtPbG+Dk3frmYPplwFLpYqxMS7TbXJp8EPEwCJo7EMWcGNI9bXuM/7yzD2UvtzdYYn/F74KVr4dC5j5M9XVMXdw+61PWN7eREGBiXAa29MX6OjV/V9MnPUx8UCl2snfq15dj/9y5fDV98aM8mI5rjdXJN4042xHd+8fVgMO56oQxnO6z4jfGtnj96uQgH37bnwIMu5AN7DtBgnhpo7Y3xc2r8cjN9kmgUulhLIvKViKqmr2r+0MmXTuiBHh4Z8GAw7tp41LPbKtvQf8fvx/vLsP+t9quPQ2vrQZehr4njkQNhoBkDWntj/BwavxxNnwxMhS7WMnCbDdwUcVo0ffI7BYMffVIwwDnQuw8DHvLFP+8sOq346XWvM39N/3i7HO/H+4uw/y17pjzoovGltecBDealgdbeGD9nxi9X0ycJRqGLtSQgHwkoZvpEGwoGH/owTtBhCgx4yBey4vfmpX68yGOf8pk//cIXaeX3Jn+0varTT/YX4WWM3+Q/rlLVlJ/7jS3ilz5+Wntj/BwZv5xNnwxyhS7WkgTSJ4HFmNeZPtnPQyG32F9+t2cGDdAgxoCHfPGtF/obv9i1ddn24IEivHTWnhUPunSJH++xZwcNpq+B1t4YPyfGL3fTJ0lDoYu1JBXbpLLK9Ik2FAy2+jA+iP+UGPCQL8T4nblo/7k60Q3jx/id0vilr3nyqrU3xs+B8ZuD6ZNEotDFWhKNXaJZZ/pEGw+FHIzYMULsiX0bBjzki7t3leENJ8bvpwfLsPdNexPqQZc2HLEveQcGhmNAa2+Mn7Hxm4vpk8Gr0MVaBvdwg7tNLJuYPjkeBYONPm20ZF808sKAh3xx98aKnw8mfnqwCHvftO+LB128MEo/7HlEg7QaaO2N8TM0fnMyfTLAFbpYSwJImwAk3k1Nn+xLwZBeH8YEMZ8qAx7yxd27inCm55e7DBX/nx0swosYP77cxbDeHIpljjPdeUlrb4yf0UCcm+mTZKHQxVqSSdpk0sb0iTYeCjkYScsI8SbeXRnwkC9kxe+Niz40fPhQGfac4VHPrjzxPh8co8O0ddDaG+NnYPzmaPokYSh0sZaEki6htDV9oo2HQg5G0jFCrIl1HwY85Itv7yrC626MXxH2nLFnyoMufbjivfYMocF0NdDaG+OX2PjN1fRJslDoYi3JJE0y6WL6RBsKhjT6MA6Icw4MeMgXW8X4veeDp58fKsJujB+PeiauN3PIJVzDcDlMa2+MX8KBOGfTJ4NXoYu1DO7hBnddLLuaPjmeh0Ku7rrYPj47xJgYt2HAQ77YursMp9/r93jl4lx14sSJTublkcNF2PWGPUMedGnDEfvaM4MG+Wig+Qzjl8j4zd30SfJQ6GItyWXc5NLH9Ik2FAzj6gP/xDcnBjzkC1nxO91jxU/mqarRu+2228KNN97Yyfg9dqQMO1/vZ0KH4MODLkNcB8cgX8JAewa09sb4JTB+mL7rgCp0sZZB3H4QN41ZX9Mn56FgGE+fpjqyHxpMhQEP+eI7u/sZv8VYP/rooxs3Lxe3N/n90cNFeIEVv06muUl82YfcCAPrGdDaG+M3svHD9P0RRoUu1jJo/5AVvzUAACAASURBVBinIWMxhOmT/ngo5IaMC8cahzfiSly95Iu+xk9W+2JzVXUVsCnvjx0pws7X7dkgj9tr0JQZ9kOroRnQfIbxG9H4Yfo2D1yFLtYODTjHk7/T92H44kN7NkybtGICu8aFgmEzy13jyPuI4xwY8JAvxPid6vio586dOzdM39atWz/Jmbri18X4/fJoGbaf5lHPObDPNZLjvTKgtTfGbyTjh+lbHvwKXaz1OlCm2q8hTZ/EwEMhN1Ut6PdyLiAmecfEQ774rhi/C93irCavyqlu62b8irD9dLe+VPvQ92cPuvS9Bt5vzxEaTFMDrb0xfiMYP0xffFAodLGWRBKPWZe4DG36pA8UDMPp00VT3kP8p8SAh3zxL3uK8NqFbqtsuuInZk/iXn3ss4vx+9XRIjyP8ftk9XRKLNNXcm8uDGjtjfEb2Phh+uqThEIXa3MZWNbXMYbpk2vyUMhZx5bz149tYkNsqgx4yBey4vdaxxU/uRZ5zLM6V/VZ8fv1K2V47lQ3E1qNa9+fPejS9xp4P7kGBroxoPkM4zeg8cP0rYZRoYu1DOTVsWsSn7FMn5ybgqG/Pk00ZB/inAMDHvKFrPid7GH8htThN68U4blT9mx70GXIuHIse6bQYDoaaO2N8RvI+GH61sOv0MVaksf6+K2K0ZimT85LwdBPn1Xa8RqxzY0BD/niHjF+7/pg6/FjZXjmNVb8cuOc6/ExvtChmQ5ae2P8BjB+mL520Cl81ZaB2yyGsTgtm74PB/8shYdCLnbtbOvODbEjdmMxIPnisw8eD597quC/sxj87cOnB58fxuKI45KjYGA4BrTmxvj1NH6YvuZQfvrTnw51/xnczeNYjVUK0yfnw/h106eqFT8Tw7kw4CFffO/FMpxwsuL322NFePo1e/496DKXMcB12vOOBps1wPj1NHwCFKZvM1QMsrTxSGX6RFcKhrTaMpaI95QZ8JAvvvdi4cb4/e7VMmw7yaOeU2aavpOTp84Axq+n8cP0kQQsk0BK0yfX6aGQs4w352a8w0BzBjzkC/mMn5cVv9+/WoSnTjaP31isedBlrGvjuPZ8oYFvDTB+PYwfps833Lknn9SmT+JJwQDzuY8rrm84xj3kC1nxO+7kUU+M33BsMU6JJQx0YwDj19H4Yfq6AcdAHSZuFqZPtPNQyMHQMAwRR+I4NgMe8sX3xfi940PrPxwvwpMn7PviQZex2eP49pyhgU8NMH4djB+mzyfMc0kyVqZP4kvBAPtzGWdcZ3/WPeSLf91bhFffsf9cnfD07yfK8MRx+7540IXx1X98EUNi2IUBjF9L44fpY6B1GWhDvcfS9Mk1UDDA/1Asc5z8WfKQL/51bxmOnbc3W8K7mD4xf9bse9DFOgac355DNLDRAOPXwvhh+mwgJTlcj7u16RMdKBgYA4xHGGjKgId8ce++Mhxz8qjnkyeK8Ifj9vx40KUpQ+xnzwsa5KUBxq+h8cP05QX+1BKZB9MnMaNgYBxMbezQXztmPeSLezce9bSLQZU/+UZP+YKX6jaLnz3oYnHdnNPHOEAHWx0wfg2MH6bPFtK5Jwkvpk90oGBgLMx9PHL9zceAh3whn/HzsuJ33fg1j99YrHnQZaxr47j2fKGBbw0wfmuMH6bPN8C5JxhPpk9iTcHAeMh9zHF9wzHuIV/Iit8r54e7pj58yB9vlz/i3ucYQ7zXgy5DXAfHsGcJDaanAcZvhfHD9E0P6JySkDfTJ7GlYGBM5DTGuJZxefaQL36wz4/xe/q1Mvz2GI96Mu7GHXfEl/iuYgDjV2P8MH0MnFUDZ+zXPJo+uWYPhdzYsef4jH0YGIYBD/niB/vKcPScvdkSpp55rQiPHxsmtn0Y9aBLn/7zXnuG0GC6GmD8IsYP0zddoHNIRl5Nn8SWgoGxkcMY4xrScOwhX9z3UhmOYPw2PV7qQRfGYJoxSJyJ8yIDGL8F44fpY5AsDpKUv3s2fRIHCgbGR8rxwLmmzZuHfHHfviIcOecjjs+eKsNvXrFfffSgC2PbB5PoMD8dMH4V44fpm98A8JT0vJs+iRUFA2PE05ihL7559JAvfvhSEY46+XKX504V4dev2GvmQRfGrj0HaDBPDTB+/8f4YfrmOQC8JL4pmD6JFQUD48TLmKEf/ln0kC88rfg9f7oMvzrKih9j1//YRaN8NcL4lWXA9OUL+BSS11RMn8TSQyE3BU3pIzkFBnzkC1nxO+zkUc/tp4vwy6P2Y4M8bq8B+QENrBiYvfHD9DH4rAafnHdKpk/6S8HAeLEcL5x7Wvx5yBf3i/F7236VTdjF+E2LX/INeuXIwKyNH6aPQW05qKdm+iRWHgo5S804NzkDBpoz4CFf3P9yGQ45MX47Xi/DL47Ym1APujCOmo8jYkWshmRgtsYP08dAGnIgtT3WFE2fXCMFA+OmLevsP19mPOQLWfE79LYPDV54owyPHsb4kRN88IgO89RhlsYP0zdP2L0kuamaPomfh0LOi470gzwCA6sZ8JAvHnjZj/Hb+XoRHjuyOmYpmPKgS4rr5Bz2rKGBPw1mZ/wwff4gnFNimLLpE50oGBg/cxqvXGs/3j3kiwc2HvXsdx1DcbDrjSI8cti+Lx50GSqmHMeeJzSYlgazMn6YvmnBmVsymbrpEz0oGBhDuY1Lrmc8pj3kC1nxO+jkUc/dZ8rw80M86smYG2/MEVtiu46B2Rg/TB+DYd1gGPP1HEyfxMdDITemThybPAEDwzHgIV/86OUiHHhruGvqwwfGz4cOfTTkvWg4dQZmYfwwfQxUy4Gai+mTGHoo5Cy15NzkEhhozoCHfPFv+8tw4C37VTbhZs+ZIjx8qHn8xmLNgy5jXRvHtecLDXxrkL3xw/T5BjD3BJGT6ROtKBgYT7mPWa5vOMY95AtPK34vvlmGnx20N6EedGGcDTfOiCWxbMNA1sYP08dgaDMYht43N9Mn8aFgYEwNPU44Xr5MecgX/7a/CPudPOq5980i/PSgvd4edGHc23OABvPUIFvjVzV9Wx57KTyy4wT/iUFSBr740J4NoyStmMAckiwFwzwnihzY5RrSs+shX/xYjN9Z+1U24Q/jl55Bxj0xh4HNDGRr/HTCod32ySoNsUgfi5xMnyRPZYhEujmREg/iAQPLDHjIFz8+ULpZ8dt3tgwPHbA3oR50YbwsjxdiQkxSMJC98WOlj5VOCwa+/si+DZN0/1NHs1jp02REwcDEpCx4apVL2vQ3t7zH/O8fOxtuuf/AJzetLPv7N/cfCNIfyz54OPdnHzzuMgZe++VBM/qwLZtaLnvj56k4oS/zKZrFbEqilDYn3TX553RNXMv0x6VyadV6LRi99iulTv/wi7Phb+7f78JoiAH9B4xf+NxThQs9Fjn02q/Ffo71u9d84aVfudQKGL9y+kVPLjDmdB0YP8ZVTjx7vxYthKz6KQWj1blXnde6X9a6SGx+sr8ILzv5cpf9bxXhx/vtc6O1LtZc1o0Zy36pJtLW9W/s7ZbXv+rarPul2qzq45Rew/hh/MySzJQGStu+Yvzsi5u2mrH/dDWznpitC5M6dq37Za2LxOUnB4rw0lkfbGP8rutgzaXH8aJjRdq6/o29HV3ieUK1GTv+qY6P8cP4mSWZVJBbnAfjF0+gFlpwzvy1sJ6YKZjijFnrImP/wQNFkC9V8ZAHDrxdhn972X512FoXxssyj6qJtFasosuyLqKFamOly9Dnxfhh/MySzNAwezoexi+eQD1pRF/y0ch6YqZgirNkrYuM8YcOlmHfm/ZmS/py6FwZHnjJvi/WujBelseLaiKt1dyELsu6iBaqjZUuQ58X44fxM0syQ8Ps6XgYv3gC9aQRfclHI+uJmYIpzpK1LjLGxfjJ38/zMN4Pvl2EH70cj1XK/lnrwnhZZkA1kTYlC9VzocuyLhIf1aYaqyn/jPHD+JklmSkPnHV9x/jFE+i6uPE6cevCgPXETMEU59ZaF2Hpp4fE+MX714W1Pu85fK4M9/Oo58a3evaJ41jvtRzHOlakHev61h3X8vpX9c26X6rNqj5O6TWMH8bPLMlMaaC07SvGz0eh1VY39p+mbtYTs3VhUsetdb+sdZG4/PSgn8/4HTlXhh/yqCfGL1J36liRtm48j73dOl/UXZ91v1Sbuv5NbTvGLzIApyYi/fVXrGL8/GnCOMlXE+uJ2bowqWPbul/WukhcHjpYuFnxO3quDPdh/DB+kbpTx4q0deN57O3W+aLu+qz7pdrU9W9q2zF+kQE4NRHpr7+CFuPnTxPGSb6aWE/M1oVJHdvW/bLWReIiK34vOnnU8+i5Itz3kv04tNbFmkuP40U1kbauf2NvR5f42FRtxo5/quNj/DB+ZkkmFeQW58H4xROohRacM38trCdmCqY4Y9a6yNj/2aEivHjGx5e7vHK+DD/YZ98Xa10YL8vjRTWR1mrOQpdlXUQL1cZKl6HPi/HD+JklmaFh9nQ8jF88gXrSiL7ko5H1xEzBFGfJWhcZ4w8fKsMeJ8bv2Pky3Ivx41HPSN2pY0Vaq7mJPOY3jw3JBMYvMgCHDDDHig+k3OOC8Zun7rlz7fX6tGiy6h8FU3y8W+siPDx8uAy737BfZZO+HDtfhHv3xWOVkl1rXRgvywyoJtKmZKF6LnRZ1kXio9pUYzXlnzF+GD+zJDPlgbOu7xi/eAJdFzdeJ25dGLCemCmY4txa6yIsPXyoCLvPxPvXhbU+7zn+Thm+v9fehFrrwnhZ5lE1kbYPY33eiy7Lukg8VZs+sfX0Xowfxs8syXgaCEP3BeMXT6BDx5njEWdhwHpipmCKc2iti7Dx88PyqGe8f6nzx/F3ivD9vfZ9sdaF8bLMgGoibWou9XzosqyLxEa10ThNvcX4YfzMkszUB8+q/mP84gl0Vcx4jZh1ZcB6YqZgirNrrYvw5GnF78S7Zfjei6z4MV6Wx4uOFWm75sG+70OXZV0kpqpN3/h6eT/GD+NnlmS8DIIx+oHxiyfQMWLNMYm19cRMwRRn0FoXyQ0/P1SEXW/E+5c6d5x8twz3YPz4cpdI3aljRdrUXOr5yGPxPKHaaJym3mL8IgNw6qLS//jgTRkXjJ+9Bin15ly2eltPzBRMcf2tdZFx+cjhMuxy8uUuJ98twj0vxmOVModY68J4WWZANZE2JQvVc6HLsi4SH9WmGqsp/4zxw/iZJZkpD5x1fcf4xRPourjxOnHrwoD1xEzBFOfWWhdhSYzfC6/bP14pfTl1oQzf3WPfF2tdGC/L40U1kbZLDhziPeiyrIvEVbUZIsYejoHxw/iZJRkPA2CsPmD84gl0rHhz3HnH23pipmCK82eti+SFRw4X4QUnj3qefq8M39mN8WO8LI8XHSvSWs1n6LKsi2ih2ljpMvR5MX4YP7MkMzTMno6H8YsnUE8a0Zd8NOozMT/55JPhL/7iL4JOhtX27/7u78KFCxfW5kgKpjhLfXQZanw+ergIO92s+BXhu3visRrqepscx1oXxssyA6qJtE00HGMfdFnWReKs2owRc4tj6hwXav7dENuub7LocNNz5iZU0+tmv/jATR0XjJ8PHVLrzvlsdO+a7x9//PENw/enf/qnUeMnc92nP/3pcOXKlZXFGAVTXPeuugw5jh47UrpZ8Xv9vTJsZcWPL3eJLDjoWJF2SP7bHIs85jePtdFx3b7q4WL+TrZh/CIDdF1QeT0+eOYUF4wfDMyJd+tr1aKpbT9kpe9P/uRPak2fTpB33333ymKMgik+3rvq0lbHVftfX/GL92/V+8Z47Y2LZfj2Lh71ZLws86hjBeO3HBtrXlSbMXKCxTF1XsP4YfBWFjYWcE75nBi/5eQ9ZT3pu289u07MOgGuamU1UAziKgasC5O6vln3q6suddfTZftjR4qww8mjnmculuFujB8rfpF6U8eKtF04H+I91vmi7hqs+6Xa1PVvatt1vsP4RQbi1MSkv36KU4yfHy0YF/lr0XVi1gmwSbvqs37WhUkd49b96qpL3fV02f6LI2XYcdp+lU36fuZiEe7eZT8erXWx5rKOI8t+qSbS1vVv7O2W17/q2qz7pdqs6uOUXtP5DuOH8TNLNlMaME37ivGzL26aasV+09eq68Tc5DFPnSR3795dmyOtC5M6hq371VWXuuvpsv36ip8Pxt+8VIZvvWBvQq11seayjiPLfqkm0tb1b+ztlte/6tqs+6XarOrjlF7TOQ3jh/EzSzZTGjBN+4rx81FoNdWL/aatV9eJWSfAJi0rfu0Z6arLkOPxF0eKsP10+74P2Qc91tlLZbgL48ejnpF6U8eKtMpL6tbaYNVdr3W/VJu6/k1tu853GL/IQJyamPTXx+QuOmD8/GjBuMhfi64Ts06Aq9o/+7M/C3/5l3+5shizLkzqGLfuV1dd6q6ny/ZfHi3DdiePep69VIS7XrAfj9a6WHNZx5Flv1QTaev6N/Z2y+tfdW3W/VJtVvVxSq/pfIfxw/iZJZspDZimfcX42Rc3TbViv+lr1XVilj/VsOpPOegE+eCDD67Mj9aFSR3D1v3qqkvd9XTZft34+WD87ffL8M2dPOppzWUdR5b90rEibV3/xt5uef2rrs26X6rNqj5O6TWd1zB+GD+zZDOlAdO0rxg/H4VWU73Yb9p6dZ2Yn3vuuY0/5SCrejoZaquG8K//+q/X5kbrwqSOX+t+ddWl7nq6bP/l0SI87+RRT4zf9TxjzWUdR5b90rEibV3/xt5uef2rrs26X6rNqj5O6TWd4zB+GD+zZDOlAdO0rxi/aRuJpjqznw+d+0zM8qUtf/VXf7Vk/P78z/88bNmyZe0fbxcGrAuTOg6t+9VHl7prarv9V0eL8Nwp+1U26fe5y2X4xg77vljrYs1lHUOW/VJNpK3r39jbLa9/1bVZ90u1WdXHKb2G8cPwmSWZKQ2Utn3F+PkwBG11Y/9p6jbExCwG8P77798we08++WQ4e/Zs49xoXZjUcWvdryF0qbu2ptvF+HlZ8Tt/uQxbMH7cKInUnTpWpG3K9tD7WeeLuuux7pdqU9e/qW3H+EUG4NREpL/+ilWMnz9NGCf5amI9MVsXJnVsW/fLWheJy/UVPx/sn79chC077PtirYs1lx7Hi2oibV3/xt6OLvGxqdqMHf9Ux8f4YfzMkkwqyC3Og/GLJ1ALLThn/lrIxPzZB49vrCRI8cJ/YgADMAADMDAUA//te7uyqZUxfhi/bGD2VOBj/PI3G554m3tfrO/ISnHhUQPrflnrIpr85pUyPPuaD30ufPBxuOP5a+asWOtizWXdWLXsl2oibV3/xt5uef2rrs26X6rNqj5O6TWMH8bPLMlMaaC07SvGD+PXlhn2786M9cRsXZjUsWPdr5S6nDhxImzdujXcfPPNm76o57/f+fPwP//lV2Hnzp2fzHW33377J/vcdNNNn2xfjOOBAwfCpz71qU/2ld+r+1Rf02JKW+mH9Of8+fOfvOfdK0W4Y/t1zle9V49x4403fvLe6nn7/pxSl1hfrbmM9Um2WfZLNZG2rn9jb7e8/lXXZt0v1WZVH6f0muYXvtUTA2iWbKY0YJr2FePXvYhvGmP2I8bKgPXEbF2YaBwWW+t+pdLl0Ucf3WTQtLCR9j/f+t3wH//7lzbMm8Zn0Rzq9sVWzGL1WFXzuPhadb/qz2Lw1DC+90EZvv58sWFCq/us+nmxT0P8nkqXur5ac+mxX6qJtHX9G3s7usTnVNVm7PinOr7mG4wfxs8s2aSCPeV5MH7xBJpSA841Hw2sJ2YKpjhrKXQR06eFTKwV4/f//L92xk/6JEZT8tHFq2W4/bnmxo8VvzhXY+V2y3GsY0Xasa5v3XEtr39V36z7pdqs6uOUXtM8ifHD+JklmykNmKZ9xfilnbCb6sJ+eepiPTFbFyZ1XFv3a2xdZCVNixht5TFOeexTY3Lfs2+EL/3w3zdWBHXbGCt+i6uBYtq0T9LKuS9dLcPXIsZPHgnVvqVox9Zl3TVYc1nXP8t+qSbS1vVv7O2W17/q2qz7pdqs6uOUXtO8hPHD+JklmykNmKZ9xfjlaTCa6s9+afW3npitC5M63qz7NbYut9122yZz9cADDyzNY48fK8LTr23mcWzjJ3qImdMCC+O3Of7WXHocLzpWpK3r39jb0WUzpxpv1UZ/n3qreQnjh/EzSzZTH0Sx/mP84gk0Fiu2Eau+DPSdmBc/ryWGok2fKJjiDPfVZZ0GWsBIW/dY5G+PlWHbyc3f6pna+Mnn/ORa3v+wDF99dvlRT1b84vys03/o1y3HsY4VaYe+rqbHs7z+VX207pdqs6qPU3pN8ybGD+NnlmymNGCa9hXj52Mib6oX+01brz4Ts5o++ayYciDGoPronm6va60LE6/96qNL3TXpdtVNixh5xFNfq7a/ezW98ZO+Vb+1U/t2+cMyfCVi/PQaqq2axeq1DPXzmLo06SPjZTnfqibSNonhGPugy7IuEmfVZoyYWxxT8wzGD+NnlmwswB/7nBi/eAIdO+4cf55x7zMxi8mT/33YoWCKc9dHl3V6LH6pS9W4V98rxu+pE+Ov+Gkxtdiq6ZM+Xf6wCF95tmz8rZ7V6xjy5zF1adLPvuNlx44d4dZbbw2f+cxnNh6nlVZ+l+1Nzl+3T99+1R23yXbVRNom+4+xj+X1r7oe636pNqv6OKXXNEdh/DB+ZslmSgOmaV8xfvFCsGn82I/4tWGgz8Qsjwi2fbRzsW/Whclif/R363710UWvoa5d/Axd3Qrt714twlMJHvXUYmqxFb6eeOKJjfn1g4/K8KVnlh/1XHyP/M6KXzwH3nnnnZs+O7kYO3m9jpl12y3Hi44Vadf1c6zX+15/joZcYq3ajBX31MfVMYPxw/iZJZvU0Kc4H8YvPmmniD3nmF/s+0zMGL/xeOmjy7pxvGj81Fwtvu/3G496br7GMT7jp8VUXSv9qzN+fMZvsz6LGurv60yfxr6r+etrfLSfXVodK9J2ef8Q7+lz/eu06aqJXFeffg0RF9VmiGN5OIaOE4wfxs8s2XgYCEP3AePXbCIfOu4cb55x7zMx86jneMz00WXdWF78jF+debq+4rf5Gm+55ZZNq0Z151o8R3VVcdVr58+fD/LoafVzfnKD4cNrZfjC08srfnV9r+tX3+1j6tKkb10KeVlN0oK1Sdvlsc8u/WpyvU32UU2kbbL/GPt0vf51pk/16mr+uvZrqBipNkMdz/o4qgfGD+NnlmysB8EY58f4bS60xogxxyTGykCfiVk/K1b9jJiYwWqRr+epa60LE6/96qNL3TXpdvlbfVrASHvTTTdF57Dfv1qEJxc+47e4WqjHXGxlla56jioTq4yfHmfxPBi/6zmry3iRz/BVtVj3s+yvOjRtu/Sr6bHX7adjRdp1+471epfrz92QS6xVm7Hinvq4OnYwfhg/s2STGvoU58P4YUpScMY5rnPWd2JW86cTYtvP/HUpmFJoZ92vvrqsi5Gsoqlm0lbNu773D8fLJeMnf++v+r7Y3/+T9y8+EioreXrcbsavCF94evnLXVjxWz9f6Be5VHVb9bPsr1o1bS3Hi44VaZv2d+j9ulx/7oZcYqzaDB1vq+PpuMH4YfzMko0V/GOeF+O3fiIfM/4ce17xt56YuxRMKRi17tfYuiwadiloxETJaqDG98EX3gpfeuDpjccudfviaqG8T8yfGjt5ffFxUDGBekxp1xk/WS1cfNTzWlGGf9zGo55duNRitU1b1avJz1361eS4TfbRsSJtk/3H2KfL9eduyCXOqs0YMbc4po4hjB/GzyzZWIA/9jkxfvMyHmPzxPFX82Q9MXcpmFJoat2vFLosrsppUaPtf/of3wh/9dnr3wRZfVRT/syC7tOkPXDgwKY5ctH4rTuGGMs641f33rG+2TOFLqv47sJl7gZDNZF2VezGfK2LLnXsrtre9hq69KvtOVbtr9qs2mdKr6k2GD+Mn1mymdKAadpXjN/qQr1pHNmPODZhwHpiti5M6mJk3a8Uusgq3eLqnBY20v6n//+Pxk9X/DRe8khvdd/Yz2K+Yt8Y2sb46d/yK4oifH7b8mph7Ly6Tfs6ZJtCl1X97cJl7o8UqibSrordmK910SV3Qy7xVm3GjH3KY2tuwfhh/MySTUrgU50L44dhScUa57GfmLsUTCl0s+5XyoJJjJgYucXP/f1/33g4fOlHz9R+WU/d+2Qlsfr4Z0yv6qOcWkxpK182I/1ZXClUTVa9V4/Bit8f55Hcv0REx8rUjF/uhlzGvWoTywFT3Kb5BeOH8cP4DcgAxu+PE/YUEyN9npZ+1hOzFvPeuLHul7UuoscTx4vwxHE/PH9+WxGKwrY/1rp05TLnPxugmkhrlUe66JK7IRctVBsrXYY+L8ZvwGJ/aHE4nu3k2Cf+GL/patdHd95ro7v1xNylYErBinW/rHWRGP/7iSL84XhhVkwv6ixf7iKf9VvcnvJ3a136cLnO/HX9W3ES/z796qufaiJt32N1fX/X61+niRqNrtp07VfXOCy+T7VZ3D7V31UPVvwwgGbJZqqDZ1W/MX62hc0qbXgtP22sJ2brwqSOaet+WesicXnyRBn+8CrGr8qItS59uZRVJnnEUD9fJq38Ltur19n25779anu+6v6qibTV7Sl/7nP968xfV9Mn19+nX0PET7UZ4lgejoHxw/CZJRkPA2CsPmD88jMXY7HCcfuzYj0xWxcmdQxZ98taF4nL9RW//ozVxbjt9i88XQT5Q+5t3zfk/ta6WHNZF0vLfqkm0tb1b+ztfa8/R0MuMVdtxo5/quNj/DB+ZkkmFeQW58H42RY2FppzTjvNrSfmvgXTWOxY98taF4nrkyeK8HtHK34YP/sVnLrxZjledKxIW9e/sbdbXv+qa7Pul2qzqo9Teg3jh/EzSzJTGiht+4rxszMBbbVi/+lrZT0xWxcmdQxb98taF4nLUyfL8DuM36Z5I7J7zgAAIABJREFU3loXay49jhfVRNq6/o29HV3ic6FqM3b8Ux0f44fxM0syqSC3OA/GL55ALbTgnPlrYT0xUzDFGbPWRcb+tpNl+P2r8f5Z5IYvPVOEDz6y7Y+1LoyXZf1VE2ktuJRzosuyLhIX1cZKl6HPi/HD+JklmaFh9nQ8jF88gXrSiL7ko5H1xEzBFGfJWhcZ40+dLMLvMH6b5nlrXRgvy+NFNZHWam5Cl2VdRAvVxkqXoc+L8cP4mSWZoWH2dDyMXzyBetKIvuSjkfXETMEUZ8laFxnjsuL322N+vtXzK88W4fKH8XilyknWujBelvVXTaRNxcHiedBlWReJkWqzGK+p/o7xc2j8zp8/Hx544IFwyy23hBtvvDGoSNLefPPN4fbbbw8nTpyIJocnnngifOpTn/rkPfL+AwcORPddhPamm2765H1yrq1bty69T85bPX61b9Wf5VjS/0cffXTpGIvnbXrM6vHl56bXtXi+FL9j/OIJNEXsOcf8Ym89MVMwxZmz1kVywTZnK34YPx4pjM1ROlakjb2eYht5zG8eG1J/raX5O34ODKAYPjF1Ksq6VoyVvKcKhJi1xfft3Llz0z7V/as/L75PTGb1dfk5dvzF9y3+LuZzVR+6HFPOseqYi/1O/TvGL55AU+vA+eahgxZNVnpTMMU5s9ZFeBDj99tj8f5Z8ILxG9f4Sb1x2223LdUuTbS2HMc6VjB+y2PVUhfhRrVpwtAU9tEaHeNnbPzEwC2uuKk4q1oxilXQYiaqqUFaPM9Qxk+OK6uEdSt0sT4v9iX2e9PrqsYn1c8Yv+XknSr2nGd+sbeemK0LkzrmrftlrYvE5enXyvC4o0c9v/ZcES5dtR2j1rqMySXGrztbY+pSl6OabLful/V4aRKjNvtoPY3xMzR+XU2fiLdozmImqqlBUhi0XTy2gBU7vu6/rpUVyhicXY9ZZyRj50i9DePXffJJrRXnm75W1hOzdWFSx7B1v6x1kbg8I8bvFT+f8cP4seIXG686VqSNvZ5im3W+qLtG636pNnX9m9p2rdUxfobGTwyRClFtxXjJZ/aqj3PK7/IYg+63aM5iJmps47d4fDFkddcUGyB9+hw7nodtGL/pmwkPHNGHZhxZT8zWhUkdJ9b9stZF4vLMKVnxa8ZRXRyH3H77c9fCxasfmxX3ci3WuozJJSt+3VkfU5c+Y8i6X9bjpU/sYu9V/4DxMzJ+YppUhGq77hl1MVfyaKh8CUxV2D4mqnp++XnRVMp52hw/9uhqta/6c5tj6nu8txi/7pOPd23pnz9trSdm68KkjknrflnrInF55rUi/MbRit/Xny/Cex/YjiFrXYbicrF+ki+Tw/h1Z6uvLlIzVuvIJl/uV5e7qtv79qt6rC4/W4+XLn1e9R7VCONnZPyqq3cqRt0jkauE1Nf6mCg9v7Z9jd9iEpDjaj+rbZ8+V4/j6WeMX/fJx5OO9GUaOlpPzNaFSR2n1v2y1kXismH8HK34/dP2Mly4YvvoqbUuQ3Ap3wYuNYXUD8q/mD7Ztu7Gue6/2A7Rr8VjNv1dNZG26XuG3q/P9S8abjXlQ5i/Pv0aIkaqzRDH8nAMrfExfkbGTwWotnV/qqEJMH1MVLUP8nNf46dJWI8rK4Cxa+jT59jxPGzD+E3DMHhghT70Z8V6YrYuTOoYsu6XtS4Sl2c3Vvz6M1YX47bb73j+WrjwAY96to3b4v5aNyxuXzQgi6+v+t1yvOhYkXZVH8d8rev1i7mTOm+xb1JDxurIxf3W/d61X+uO2/R11abp/t7305oc42dg/PSOiIogbZ05agqSJsPqMeU8Td5ffY/8HBuwTY5f9xk/+XxirB9Njhl7n+dtGD8/hZZnTujbMJxYT8zWhUkdR9b9stZF4vLsqSL8+pVhOKuLc5vtd2wvwrtXbPtjrcsQXNaZCoxfd7a66hKr4bSejNWRbcaL7Nu1X23PU7e/9Xip61fX7aoNxs/A+Mnn81QAbRf/PENbYWMDcGzjp32va+VPOaxa7o/1ue5Ysl0Se9u4pN4f49d98kmtFeebvlbWE7N1YVLHsHW/rHWRuDx3qgy/Omr7aGVVny07inD+su2Ys9ZlCC4xfsMz1FUXreGqnA/5c9d+DdUH6/Ey1HXocbS+xvgZGD8dLCqCtLJNxenSxo5pbfzkeftVj6/G+lyNSeznLrFJ+R6M3/CTUkr9ONe09JOJ+bMPHt+4MyxFAv+JAQzkzcD//V9uC//h/7pxaaxLvSCvoX86/W++/ZGNRYz/8dCJbOP+3763q1dt7qmm0Joa44fxW1p9jC3RdzFpClmdqe1yTE+DKNYXjN+0jENMQ7ZNR0PrO7JSZHrkxbpf1rqIJs+fLsMvj/jRhxW/YR7d04/KVOsK/V4BvtylW+7uky+kzlt8Gkt0WPW0V9Oc2adfTc+xaj8PeWxV/9q+pjU5xg/jN7rxE9gW//yEANvW+C0ml7bQp9gf49dt4kmhDefITxvridm6MKlj2rpf1rpIXDaMn6NHPb+5swhvv287Bq11GYpL/VIRLWTFDMoNa4xfN7766qLGW/WomvK6HNVke99+NTnHqn2sx8uqvnV5TfXB+GH8Ohu/xUdJ5Q/Oyxe5xP6On3zer/oH6QXamPFbPGYXuC3fg/HrNvFYasa5p6uZ9cRsXZjUsWvdL2tdJC7bT8tn/PywjfEbZsWvjvk+2y3Hi44VaftcQ5/3Wl7/qn5b90u1WdXHKb2G8TMwfArI4t0qESP2eKXu36TtY6IUBm1jfWlzfDF4i3eA5NiLS/9tjtkkBh72wfj5KbQ88EAfxuXBemK2Lkzq+LLul7UuEpftp4vwS0fG764XinD20rjjoY4H3W6tizWXGofF1rJfqom0i/1K9bvl9a+6Rut+qTar+jil17TGZ8XPwADKnz1QAartqi9CWQdX7JtCxVite58+L1/tR+xxibYmLbb/Yn9i+7DiZ1sY1PGSWwKsu062++SvThdrLq0Lk7q4WPfLWheJixi/Xzh61BPjx4pfbLzqWJE29nqKbdb5ou4arful2tT1b2rbtc7H+BkYP4EltiLW5086xAxck78NKOdUGLRdNGjS37YmLbb/4nFj+2D8fBbeuSXAqSVs+hsfF9ZcWhcmdVxY98taF4nLjtfL8JijL3fB+GH8YuNVx4q0sddTbLPOF3XXaN0v1aauf1PbrjU+xs/I+MVMj4iy+DjkIliyKhj7ELM8XqmiVtvYl6roMWXlUT57V91ffpbtuo+2sf6uMmmxz/ktXlvbY2pfPLc86hkv0D1rRt+mq5n1xGxdmNSxa90va10kLjudGb+7dxXhzEXbsWatizWXHseLaiJtXf/G3o4u8XGp2owd/1TH11of42dk/MSoxUyXCHPLLbdsfElK9ctQxGTJI5gqXOxzeNXXdT9pZXvVzIl5FNMVO3/suAJlU5MmX+4ix6ieX3+uXk+bY6YaFEOcB+MXT6BDxJZjENtFBqwnZgqmOJPWuggnO14vXK34YfxY8VvMX/K7jhVpY6+n2EYe85vHhtRfa3GMn5HxEzHFJKkQbduYQRNDFzNzbY5dt4oXM35tjht7jLXrMasmdshBMcSxMH7xBDpEbDkGsV1kQIumxe2pfqdgijNprYvoLyt+jzp61PPbu4rwBit+ZuZmVU6wHMc6VjB+y7nEUhfhRbVZxc6UXtOaHeNnaPwEmNg3fKo4q9rYF7D0OZ6ca/FRzCrQXU2aHLfus4Zdjynvq/bN088Yv+Xk7Ukf+pKXPtYTs3VhUsezdb+sdZG4vPCGfMbPD+9bdxfh9fds+2OtizWXHseLaiJtXf/G3o4u8XGp2owd/1THV0+B8TM2fiK4rLLFvuxFRVps5VHQxccmq+C0PZ6cu26lT4/bxaTJ6uMqk9blmBKLVcfU/lq1GL94ArXSg/PmrYf1xEzBFOfLWhcZ9ztfL8Kjjozfd/eU4dSFwqy4l5hY68J4WR4vqom0VvMVuizr4mG8DM2DegmMnwPjp+LKo5+ykrf4GTkxULJNDE+bP/lQdzwRX44n55J99Pyr2qaPkYqJFGMqXyqzypzKuZoeU2HVlkc940lqlX59X9PJqe9xeH967XKOuTWXFExxnq11EeZlxe+Rw7ZGqzr2vrP7Wjh98eNG8231fUP+bK0L42V5vKgm0g6pdZtjocuyLhI/1aZNLD3vqzU0xs+R8fMMDH2LJ4bFuLDi1yxOi3Hjd+LWhQHriZmCKc6ttS7C0i5nxu+7u4twikc9zczNqvxiOY51rEi7qo9jvmZ5/auuy7pfqs2qPk7pNYwfhs8syUxpoLTtK8YvXgi2jSP7E8cmDFhPzNaFSV2MrPtlrYvEZdcbRXjksJ9xdM+eMpzkUU+XdYfleNGxIm3deB57u+X1r7o2636pNqv6OKXXMH4YP7MkM6WB0ravGD8/hVZb7dh/etpZT8zWhUkds9b9stZF4iLG7+eOHvW8Z08RTl6wHWPWulhz6XG8qCbS1vVv7O3oEh+Xqs3Y8U91fIwfxs8syaSC3OI8GL94ArXQgnPmr4X1xEzBFGfMWhcZ+7vPlOHhQ34+4/e9PUU4gfFzWXdYjmMdK9JazVmW17/qmq37pdqs6uOUXsP4YfzMksyUBkrbvmL84oVg2ziyP3FswoD1xGxdmNTFyLpf1rpIXPacKcPPHT3q+f0Xi3D8Xdtxba2LNZcex4tqIm1d/8beji7xcanajB3/VMfH+GH8zJJMKsgtzoPxiydQCy04Z/5aWE/MFExxxqx1kbG/+0zhasUP41cGxsvyeNGxIq3VnIUuy7qIFqqNlS5Dnxfjh/EzSzJDw+zpeBi/eAL1pBF9yUcj64mZginOkrUuMsZlxe9njh71vHdvGY69Y/voqbUujJfl8aKaSGs1N6HLsi6ihWpjpcvQ58X4YfzMkszQMHs6HsYvnkA9aURf8tHIemKmYIqzZK2LjPE9Gyt+8f5Z5IB79xbh2Du2/bHWhfGyrL9qIq0Fl3JOdFnWReKi2ljpMvR5MX4YP7MkMzTMno6H8YsnUE8a0Zd8NLKemCmY4ixZ6yJjXIzfzw7F+2eRA36wtwivYPxc1h2W41jHirQWXMo5La9/1TVb90u1WdXHKb2G8cP4mSWZKQ2Utn3F+PkptNpqx/7T0856YrYuTOqYte6XtS4SlxfPlOGnB20frazqc9++Ihw9bzvGrHWx5rKqR/Vny36pJtJW+5TyZ8vrX3Wd1v1SbVb1cUqvYfwwfmZJZkoDpW1fMX62hU1bvdh/2npZT8zWhUkdv9b9stZF4rL3zTI8hPHbNM9b62LNpcfxoppIW9e/sbejS3weVG3Gjn+q42P8MH5mSSYV5BbnwfjFE6iFFpwzfy2sJ2YKpjhj1rrI2N/3pqz4xftnkRt+uK8IR1jxc1l3WI5jHSvSWnAp57S8/lXXbN0v1WZVH6f0GsYP42eWZKY0UNr2FePnp9Bqqx37T08764nZujCpY9a6X9a6SFy8rfjd/1IRDp+zHWPWulhz6XG8qCbS1vVv7O3oEh+Xqs3Y8U91fIwfxs8syaSC3OI8GL94ArXQgnPmr4X1xEzBFGfMWhcZ+3vPFOEhRyt+P3q5DAfftv3MobUujJfl8aKaSGs1Z6HLsi6ihWpjpcvQ58X4YfzMkszQMHs6HsYvnkA9aURf8tHIemKmYIqzZK2LjPF9b/oyfg+8dC0cOvex6bxrrQvjZXm8qCbSWs1N6LKsi2ih2ljpMvR5MX4YP7MkMzTMno6H8YsnUE8a0Zd8NLKemCmY4ixZ6yJjXIzfgwdsV9iqueZHLxfh4NvxeFX3G/Nna10YL8v6qybSjqn9qmOjy7IuEi/VZlXspvQaxg/jZ5ZkpjRQ2vYV4xdPoG3jyP7EsQkD1hMzBVOcU2tdhJ2XzpbhJ46M34/3l2H/W7ZG1FoXxsvyeFFNpG2S88bYB12WdZE4qzZjxNzimBg/jJ9ZkrEAPtU5MX7xBJoq/pxnXvHXidmqlYLJ6tyrzuu1X6v6PPRrf3P/gfAPj511o8/fP3Y2SJ+Gvs4pHe9//uGqy+v32q9U2nrNF176lUtdgfHD+GH8RmAA4zcv45HLhDDV60hVGNWdx2vB6LVfdXEcY/st9x8If//Ym26MhphQ6dMY18oxtxHXu7vHwGu+8NKvqc6Pi/3G+I1Q9C8Gmd/nZwIwfvPTnHGO5jCwmQE1IpZxeflsGX7s6FFP+byhPH5qGRMPulheP+e25Y/428Yf44fxM52Ack0AGD/bxJYrV1wXXE2JAQ8GY/9bYvz8cIPx86PFlMYSfYWboRjA+GH8MH4jMJCj8fvd3tOfPEYzVALiOExmMJAvAy6M39kiyBeqeOHspwflj8rP+8tdvGhBP/yMC7RIpwXGb4SiH4DTAew11rkZv6rpk5+9xp1+MfZgwA8DLozfW2X4t/22RqvK5E8PFmHvm7YaedClGhN+tuWB+M8r/hg/jB9F/AgM5GT8MH3zmhQoAtB7KAY8GIwDb5VB/nbeUNfU9zg/O1iEFzF+bvToqyfvJ19OjQGM3whF/9QgoL/DJ65cjB+mb3g2GG/EdC4MeDB+8sfSPRm/hw+VYc8ZWyPqQZe5jAGuk3zvjQGMH8aPO28jMJCD8cP0MWF5m7Doz7SY9GAwDrxVODN+RdhzxlZHD7owlm0ZIP7zjT/Gb4SinwE13wGl2k/d+GH6YFhZpoWFrgx4MBiy4veAo0c9f36oCLsxftxwpvaEASMGMH5Gge86kfK+aRRhUzZ+mL5pMEYuQCfvDHgwfoc2HvX0w8ojh4uw6w3b/njQxTu79M+WUeI/Xvwxfhg/7rqMwMBUjR+mb7xky0RGbOfGgAeDcejtwtWK32NHyrDzdT7jN7exwPWS/70wgPEboej3Ii79sEs0UzR+mD47XhirxD5HBnwYvzLc/5Kt0apq++jhIrzAih83nKk9YcCIAYyfUeCrEwE/51f0Tc34YfryY5C8gqbWDHgwfofPleGHjozfY0eKsPN1WzY96GLNJue3ZZD428Uf44fx467LCAxMyfhh+uwSMJMfsc+ZAQ8G4/DbRbj/JT+c/fJoGbaftl2B9KBLztxzbX7GG1osa4HxG6HoB7Rl0OYWk6kYP0wfrM5tbHK96Zj3YDC8rfj98mgRtp9Op0GMdw+6xPrFNlsuiP884o/xw/ix4jcCA1Mwfpi+eSR5JnN0tmLAg8E4cq4M9+2zXWGrxv9XR4vwPMaPumOEuqPKGT+T9+sYwPgx+EjAIzDg3fhh+pgU6iYFtsPGUAx4MH5Hz8tn/Pxo+utXyvDcKVsj6kGXoRjjOH7YRotpaIHxG6HoB/5pwD+mTp6NH6YPPsdkn2PDlzLgwWB4W/H7zStFePaULSMedFFGaG1ZIP7ziz/GD+PHit8IDHg1fpi++SV5JnY0t2LAg8GQFb8fOHrU8/FjZXjmNVb8rJjkvOTDuTOA8Ruh6J87VFx/GTwaP0wfEx5jEwZSMuDC+J0rwn37/Oj++LEiPPOabX886JKSQ85lyxvx9xV/jB/GjxW/ERjwZvwwfb4SLxMhesyBAQ8G45XzhasVv98eK8LTGD/qjhHqjjnkFK6x/9yJ8WPwkYBHYMCT8cP09U+UTDbEEAbaM+DD+JXh3r22j1ZW2fndq2XYdtK2Px50qcaEn9uPLWJGzLoygPEboejvKgbvy2cgezF+mL58mCI/oOXUGPBgMI69U4Z/dWT8fv9qEZ46acuyB12mxjL9tWWW+A8Xf4wfxo8VvxEY8GD8MH3DJUomHWIJA+0Z8GAwXn3H14ofxq89R4w9YgYDwzGA8Ruh6AfQ4QCdaiytjR+mDwanOnbodz7sejB+3lb8/nC8CE+esNXYgy6Mc1sGiP9844/xw/ix4jcCA5bGD9M334TOZI72nhjwYDCOnS/Cv+71w8W/nyjDE8f5jJ8nTumLn/GBFuNrgfEboegH3PHB9R5jK+OH6YM972OD/s2HUQ/G79V3fBk/MX1i/izHgQddLK+fc9vyR/xt44/xw/iZTkC5JgAL44fps02mubLMdcFVVwY8GAz5jN/3X7RdYavG78kTRfjDcVumPOhSjQk/2/JA/OcVf4wfxg/jNwIDqY0fpm9eiZuJGr2nwIAHg3H83TJ8z5Hxk2/0lC94sdTPgy6W18+5yZ9zZgDjN0LRP2eguPbrCTWl8cP0MYkx7mDAIwNiMD774PHwuacK/juLgejikRn6RC6DgXEZwPhh/Ej+IzCQyvhh+sZNkExAxBcGujPgYWXp5AVfK37yx9vlj7hbcuVBF8vr59y2/BF/2/hj/EYo+oHaFmoP8U9h/DB9cOaBdfoAh3UMeDAYJzYe9fSj0dOvleG3x3jUs44ZtvthFS3y1ALjh/EzvfOYa2IZ2/hh+vJMyLmOB65rnrz6MH5FuOdFP/F/5rUiPH7Mtj8edCEn2DJA/Ocbf4wfxg/jNwIDYxo/TN98EzaTNdpPiQEPBuPku0W4Z4/tCltVM4wfY7jKAz/DQ2oGMH4jFP2pReR8/hLHWMYP0+dPa8YfmsBAnAEXxu9CGf7FkfF79lQZfvOKrRH1oAtjJj5miAtxGZsBjB/GjxW/ERgYw/hh+pgQxp4QOD6MDcmAB4Px2oUyfHe3rdGqxvS5U0X49Su2nHnQpRoTfrblgfjPK/4YvxGKfgbRvAZRTO+hjR+mD6ZinLENLjwz4MFgnHrPl/F7/nQZfnXU1oh60MUzt/SNvJozAxg/jB8rfiMwMKTxw/QxCeU8CXFt+fLtwWB4W/HbfroIvzxqq7kHXRj3tgwQ//nGH+M3QtHPgJrvgFLthzJ+mD5YUqZoYWFqDHgwGLLi9x1Hj3pi/BjHUxvH9DcvZjF+GD9W/EZgYAjjh+nLK9kyeaLn3BjwYPxObxg/P+zteL0MvzjCo55zGwtcr58xOHctMH4jFP1zh4rrL0Nf44fpY5JgHMHA1BnwY/xsjVZVxxfeKMOjh23740GXakz4mVwHA+kYwPhh/FjxG4GBPsYP05cuATLZEGsYGI8BDwZDVvy27uputHbs2BFuvfXW8JnPfCZIwSSt/C7bu7Cz8/UiPHZkvJg36ZMHXZr0k31sOSH+ecYf4zdC0c9gyXOwtNG1q/HD9MFOG87YF148M+DBYLx+sQzf7mj87rzzzg2zp4XSYiuvt43/rjeK8MhhW2496NI2buxvywzxzyf+msdCzb8bYtv1TZ5BILHlA6lnzur61sX4Yfpgto4ntsPGFBnwMA+//l7RacVvnenTOqit+dt9pgw/P9R9BXIIDjzoMsR1cAzyIgy0Z0BzV8zfyTaMHyuCre9oMhDbf8YP09c+ecEZMYMB3wx4MBhdVvzkMU4tjpq0bR77xPj5Zpacgj65M6A5DeOHwcPgDchAmxU/TB8TTe4TDdc3T8Y9GL83Lpbh7hfarbDJZ/i0OGrSyv5NGd9zpggPH7LlwYMuTePFfrasEP/84q85DeM3YNHPQMlvoLTVtKnxw/TBSlu22B9mpsKAB4Nx5lL7z/jpF7logbSulf2bavLim2X42cF2RrTpsZvu50GXpn1lP/IdDAzLgOYzjB/Gr/HExSBcPwibGD9M3/o4whoxgoHpMuDBYJzpsOKnhVGbtimne98swk8P2mrqQZem8WI/W1aIf37x17yG8cP4YfwGZGCd8cP05ZdMmSDRFAY2M+DBYMiK37daPuo55oofxm8zI4wZ4gEDaRnA+A1Y7ANvWng9x3uV8cP0wYlndukbfA7FgAvjd7EI33qhnaZjfsZv39kyPHSARz2HYozjtGObeBEvjB/Gj5W+ERioM36YPpIuEy8MzIUBD8bvzQ4rfmN+q+dLZ4vw4AHbMeBBl7mMAa7TlnXivxx/jN8IRT+gLYM2t5jEjB+mDy7mNg643nkz78FgiPG7a2f7Fbax/o7fy2+V4Sf72/dnyLHkQZchr4djzTvPoH87/TF+GD9W/EZgYNH4YfraJSYSOfGCgekz4MFgnH2/DP/cwfgJf+vMX9s/3i7H3P9WGX6M8aPuGKHuIGdOP2em0BDjx+AjAY/AQNX4YfpIximSOeeAM28MeDB+b71fhrtafrlLNY7y2Kd85k+/8EVa+b3NH22vHm//W0X48X5bVj3oUo0JP9vyQPznFX+M3whFP4NoXoMoprcavy2PvRR0khUDGNuXbfACAzCQIwOa+yyvrc+Kn/R7586dG3/MXdohruPg22X40cs86jlELDkGeRMG2jOA8cP4DTKZMfg2Dz41flr4YPo2xwdeiAcM5M+A5j9Lrc9eKsI/t/xWz2p/hzZ+h86V4YGXMH7VGPNz/rkAjf1onL3x04mHdtsnK0/EIm0sMH1+Eh6TD1rAQDoGdK6xjPlb7xedP+Mn/R7a+B18uwg/ejmdBrHYe9Al1i+22XJB/OcRf4zf3WlNgCZc2nnEHdM3j0TKhInOMLDMgM5zlrF5+/0yfLPjl7tIv4c2fofPleF+Vvx40oinzWDAiIFsjZ/lRMO5lwuAaky2bNkS6v5X9+Pn1XEkPsQHBmDAMwMujN/lMnxjR/dHK6vG78Ybb9z4vJ8UTrfddlunwvXI+TL8EOPXKXaeWadv5OKpMIDxM3LcUwFkjH4qdLF2jPNxTBIyDMAADKRnwIPxO3e5DFsGMH4yX4kJFI5OnDixYQC3bt3a2sAcPVeG+zB+rePG+E0/fol5njHX2jvU/Lshtl3fBBR5QjG2rspPrB373BwfZmEABmAgDQMejN/5Kx8PtuJX5UZW/GQFsLqtyc9HzxXhvpfSxL+uPx50qesb223ZIP75x19r75i/k20YP1YEW09s6xKHQhdr172X1/NPSmiMxjCQBwMeDIas+H1jZ/d4Vh/1rHIpq30yh1W3Nfn5lfNl+MG+7o+eNjnHun086LKuj7zenVliR+xWMaC1N8YPg9d6AlsF1qrXFLpYu+p9vEYygwEYgIHpMODBYJy7XISj48BLAAASZElEQVQtO7rHbGjjd+x8Ge7F+CWrN8gX3dkndnnGTmtvjB/GL1kiVuhiLYkmz0SDrugKA/NjwIPxOz/QZ/z0833KcddHPY+dL8K9+2xZ8KCLxpHWlgXiP7/4a+2N8cP4YfxgIBkDTDbzm2zQfH6aezAY56+U4c7t3R+t1BU/KZbU/Om2Ll/ucvydMnx/b/f+DDGOPOgyxHVwjPnlFDTvrznGj2I/ebGv0MVaBnX/QU0MiSEMwIAHBjwYjHeulOGOAYyfxLM6Z3UxfXKM4+8U4ft7bfn0oIsHPumDLYfE3yb+msdY8cMAJjOACl2sJRHYJALiTtxhAAaGZsCDwXj3gzL80/PXks1v62J44t0yfO9FVvzWxYnXyUcwMA4DWntj/DB+ySZGhS7WMtDHGejElbjCAAykZsCF8eu54jd0zE6+W4Z7MH7J6o2h9eN45NGpM6C1N8YP45csESt0sXbqA4r+MynAAAzAwHUG3Bi/521X2Ko8nHy3CPe8aDtGPOhSjQk/2/JA/OcVf629MX4YP4wfDCRjgIlmXhMNes9TbzEYn33wePjcUwX/ncXgbx8+Tb5nzoeBGTKA8Zuh6NZFmEIXa637xvnnWaCiO7rDwPAMeFhZunBFPuPnZ8Xv9Htl+M5u2/540IXxNvx4I6bEtAkDWnuz4ocBTHbnR6GLtU2gZR+SGwzAAAz4Z8CDwbjwQRm+7sj4nbpQhO/usdXOgy6MX1sGiP9846+1N8YP44fxg4FkDDDpzHfSQfv5aO/BYLz3QRluf852ha3K/OvvlWErK37MNdQbMGDEAMbPKPDViWBuPyt0sXZuseB651MEozVaz40BL8bP04rfGxfL8O1dtkbUgy5zGwtcL/nfCwNae7PihwFMdvdFoYu1XgYG/SBJwwAMwEA/BjwYDG8rfmculuFujF+yeoMx3G8ME7/84qe1N8YP45csESt0sZYkk1+SQVM0hYF5MuDB+F28WoavOXrU88zFIty9y5YHD7qQE2wZIP7zjb/W3hg/jB/GDwaSMcCkM99JB+3no70Hg3HJmfF781IZvvUCj3qSB+aTB9Dal9YYP4r95MW+QhdrSRC+EgR6oAcMwEBXBjB+y+ycvVSGuzB+yeuOrgzzvmWGicm0Y6K1Nyt+GMBkiVihi7UklGknFPRDPxiAAWXAi/H76rO2K2waD2nPXirCXS/YMuJBl2pM+NmWB+I/r/hr7Y3xw/hh/GAgGQNMNPOaaNB7nnp7MBiXrhbhq44+4/f2+2X45k5bI+pBF3LCPHMCutvrjvGj2E9e7Ct0sZakYJ8U0AANYAAGhmDAg8F4/2oZPK34YfwYW0OMLY4BR10Z0NqbFT8MYDIDqNDF2q4g8z6SIAzAAAz4YsCF8fuwDF9x9Kjnuctl+MYOVvwYq77GKnrMRw+tvTF+GD+MHwwkY4BJZj6TDFrPV2sPxu/yh2X48jO2Rqs6Bs5fLsMWjB9zDfUGDBgxgPEzCnx1IpjbzwpdrJ1bLLje+RbFaI/2uTPgwfhd+ehjVyt+5y8XYcsOW/Y96JI7+1yfLePEvz7+Wnuz4ocBTHb3RaGLtQzW+sFKbIgNDMDAlBjwYDCuOFvxe/dKGe7YbrsC6UGXKXFMX8m7OTGgtTfGD+OH8YOBZAzklES5FooCGIgz4MFgXP6wCF9+Nt4/C90ufPBxuOP5a6a51oMuFrHnnH7GAVrYaYHxo9hPPgEpdLGWZGCXDIg9sYcBGBiSAQ8GQ1b8vuToM37vXinCHdttOfOgy5CccSxbnoj/tOKvtTcrfhjAZAZQoYu1JJBpJRD0Qi8YgIE6BjwYjA8+8mX83vugDF9/nkc965hhO/kEBsZlQGtvjB/GD+MHA8kYILGPm9iJL/H1wIAX4/fFp22NVlWLi1fLcLvxH5T3oEs1JvxMvoKBdAxg/Cj2kxf7Cl2sZfCnG/zEmljDAAyMyYAHg3H1Whm+8LTtZ+qqMb50tQxfw/glrzuqGvAzeW/ODGjtzYofBjBZIlboYu2cByPXzmQEAzCQEwMejN+H1z4Onlb8MH6M8ZzGONcyPZ619sb4YfwwfjCQjAEmi+lNFmiGZm0Z8GD8ZMXvi8/40U7+oPxXnrV99NSDLm1ZYn8/DKPFtLXA+FHsJy/2FbpYS0KZdkJBP/SDARhQBjwYjKsfFeELT/vRBOPnRwvllBZN5sSA1t6s+GEAkxlAhS7Wzmnwca1MNjAAAzkz4MH4fbjxGT/bFbaqxvJ3Bb9i/HcFPehSjQk/kwdhIB0DWntj/DB+GD8YSMYAST5dkifWxNqKAQ8G46NrZfhf2/wYPw9/XsKDLlZMcl7y4dwZwPhR7Ccv9hW6WDv3Acn1MynBAAzkwoAHg/FRUYZ/xPhtmuc96JIL41wH+XpqDGjtzYofBnDTxDAmyApdrB3zvBybBA0DMAAD6RjwYDCuFR+Hzz/l5885eHj01IMujMN045BYE+sqA1p7Y/wwfhg/GEjGQDUJ8TOTEgzkyYAHg3HN2Yofxi9P1slh6DoVBjB+FPvJi32FLtZOZeDQT5I8DMAADKxmwI/xW93PlDp+eM3+W0Y96JIy5pzLD/9oYa+F1t6s+GEAkxlAhS7WkhTskwIaoAEMwMAQDHgwGNeKInze0Wf8PKxAetBlCL44BnkKBtozoLU3xg/jh/GDgWQMkKzbJ2tiRsymxoAHg1EUZfj8U36+1RPjxzie2jimv3kxi/Gj2E9e7Ct0sZYEk1eCQU/0hIH5MqDGz7T99rbwuaeKYNqHu7dtOr+X/jA25zs20X6+2mvtzYofBjCZAVToYi3JaL7JCO3RHgbyYsCL2brlhwc2GS/rfv3N/T76w3jLa7yhJ3o2YUBrb4wfxg/jBwPJGGiSnNiHSQwGYAAGYAAGYAAGhmMA40exn7zYV+hiLYN7uMFNLIklDMAADMAADMAADMCAMqC1Nyt+GMBkBlChi7UKJi1JCgZgAAZgAAZgAAZgAAaGY0Brb4wfxg/jBwPJGCCJD5fEiSWxhAEYgAEYgAEYaMIAxo9iP3mxr9DF2ibQsg/JDQZgAAZgAAZgAAZgAAbaMaC1Nyt+GMBkBlChi7UM4HYDmHgRLxiAARiAARiAARiAgSYMaO2N8cP4YfxgIBkDTZIT+zCJwQAMwAAMwAAMwMBwDGD8KPaTF/sKXaxlcA83uIklsYQBGIABGIABGIABGFAGtPZmxQ8DmMwAKnSxVsGkJUnBAAzAAAzAAAzAAAzAwHAMaO2N8cP4YfxgIBkDJPHhkjixJJYwAAMwAAMwAANNGMD4UewnL/YVuljbBFr2IbnBAAzAAAzAAAzAAAzAQDsGtPZmxQ8DmMwAKnSxlgHcbgATL+IFAzAAAzAAAzAAAzDQhAGtvTF+GD+MHwwkY6BJcmIfJjEYgAEYgAEYgAEYGI4BjB/FfvJiX6GLtQzu4QY3sSSWMAADMAADMAADMAADyoDW3qz4YQCTGUCFLtYqmLQkKRiAARiAARiAARiAARgYjgGtvTF+GD+MHwwkY4AkPlwSJ5bEEgZgAAZgAAZgoAkDGD+K/eTFvkIXa5tAyz4kNxiAARiAARiAARiAARhox4DW3qz4YQCTGUCFLtYygNsNYOJFvGAABmAABmAABmAABpowoLU3xg/jh/GDgWQMNElO7MMkBgMwAAMwAAMwAAPDMYDxo9hPXuwrdLGWwT3c4CaWxBIGYAAGYAAGYAAGYEAZ0NqbFT8MYDIDqNDFWgWTliQFAzAAAzAAAzAAAzAAA8MxoLU3xg/jh/GDgWQMkMSHS+LEkljCAAzAAAzAAAw0YQDjR7GfvNhX6GJtE2jZh+QGAzAAAzAAAzAAAzAAA+0Y0NqbFT8MYDIDqNDFWgZwuwFMvIgXDMAADMAADMAADMBAEwa09sb4YfwwfjCQjIEmyYl9mMRgAAZgAAZgAAZgYDgGMH4U+8mLfYUu1jK4hxvcxJJYwgAMwAAMwAAMwAAMKANae7PihwFMZgAVulirYNKSpGAABmAABmAABmAABmBgOAa09sb4YfwwfjCQjAGS+HBJnFgSSxiAARiAARiAgSYMYPwo9pMX+wpdrG0CLfuQ3GAABmAABmAABmAABmCgHQNae7PihwFMZgAVuljLAG43gIkX8YIBGIABGIABGIABGGjCgNbeGD+MH8YPBpIx0CQ5sQ+TGAzAAAzAAAzAAAwMxwDGj2I/ebGv0MVaBvdwg5tYEksYgAEYgAEYgAEYgAFlQGtvVvwwgMkMoEIXaxVMWpIUDMAADMAADMAADMAADAzHgNbeGD+MH8YPBpIxQBIfLokTS2IJAzAAAzAAAzDQhAGMH8V+8mJfoYu1TaBlH5IbDMAADMAADMAADMAADLRjQGtvVvwwgMkMoEIXaxnA7QYw8SJeMAADMAADMAADMAADTRjQ2hvjh/HD+MFAMgaaJCf2YRKDARiAARiAARiAgeEYwPhR7Ccv9hW6WMvgHm5wE0tiCQMwAAMwAAMwAAMwoAxo7c2KHwYwmQFU6GKtgklLkoIBGIABGIABGIABGICB4RjQ2hvjh/HD+MFAMgZI4sMlcWJJLGEABmAABmAABpowgPGj2E9e7Ct0sbYJtOxDcoMBGIABGIABGIABGICBdgxo7c2KHwYwmQFU6GItA7jdACZexAsGYAAGYAAGYAAGYKAJA1p7Y/wwfhg/GEjGQJPkxD5MYjAAAzAAAzAAAzAwHAMYP4r95MW+QhdrGdzDDW5iSSxhAAZgAAZgAAZgAAaUAa29WfHDACYzgApdrFUwaUlSMAADMAADMAADMAADMDAcA1p7Y/wwfhg/GEjGAEl8uCROLIklDMAADMAADMBAEwYwfhT7yYt9hS7WNoGWfUhuMAADMAADMAADMAADMNCOAa29WfHDACYzgApdrGUAtxvAxIt4wQAMwAAMwAAMwAAMNGFAa2+MH8YP4wcDyRhokpzYh0kMBmAABmAABmAABoZjAONHsZ+82FfoYi2De7jBTSyJJQzAAAzAAAzAAAzAgDKgtTcrfhjAZAZQoYu1CiYtSQoGYAAGYAAGYAAGYAAGhmNAa2+MH8YP4wcDyRggiQ+XxIklsYQBGIABGIABGGjCAMaPYj95sa/Qxdom0LIPyQ0GYAAGYAAGYAAGYAAG2jGgtTcrfhjAZAZQoYu1DOB2A5h4ES8YgAEYgAEYgAEYgIEmDGjtjfHD+GH8YCAZA02SE/swicEADMAADMAADMDAcAxg/Cj2kxf7Cl2sZXAPN7iJJbGEARiAARiAARiAARhQBrT2ZsUPA5jMACp0sVbBpCVJwQAMwAAMwAAMwAAMwMBwDGjtjfHD+GH8YCAZAyTx4ZI4sSSWMAADMAADMAADTRjA+FHsJy/2P/3pT4e6/02gZR+SGwzAAAzAAAzAAAzAAAy0YwDjh/FLbvwYpO0GKfEiXjAAAzAAAzAAAzAAA30ZwPhh/DB+MAADMAADMAADMAADMAADmTOA8ctc4L53Bng/d5dgAAZgAAZgAAZgAAZgYPoMYPwwftzdgQEYgAEYgAEYgAEYgAEYyJwBjF/mAnN3Zvp3Z9AQDWEABmAABmAABmAABvoygPHD+HF3BwZgAAZgAAZgAAZgAAZgIHMGMH6ZC9z3zgDv5+4SDMAADMAADMAADMAADEyfAYwfxo+7OzAAAzAAAzAAAzAAAzAAA5kzgPHLXGDuzkz/7gwaoiEMwAAMwAAMwAAMwEBfBjB+GD/u7sAADMAADMAADMAADMAADGTOAMYvc4H73hng/dxdggEYgAEYgAEYgAEYgIHpM4Dxw/hxdwcGYAAGYAAGYAAGYAAGYCBzBjB+mQvM3Znp351BQzSEARiAARiAARiAARjoywDGD+PH3R0YgAEYgAEYgAEYgAEYgIHMGcD4ZS5w3zsDvJ+7SzAAAzAAAzAAAzAAAzAwfQZ6GT99M+0NgRgQAxiAARiAARiAARiAARiAAe8MhJp/N8S2e78Y+seAgwEYgAEYgAEYgAEYgAEYgIFlBmL+TrZFjV/dzmwnAkSACBABIkAEiAARIAJEgAgQgelFAOM3Pc3oMREgAkSACBABIkAEiAARIAJEoFUEMH6twsXORIAIEAEiQASIABEgAkSACBCB6UUA4zc9zegxESACRIAIEAEiQASIABEgAkSgVQQwfq3Cxc5EgAgQASJABIgAESACRIAIEIHpRQDjNz3N6DERIAJEgAgQASJABIgAESACRKBVBDB+rcLFzkSACBABIkAEiAARIAJEgAgQgelFAOM3Pc3oMREgAkSACBABIkAEiAARIAJEoFUE/jcQOBcPYULtiQAAAABJRU5ErkJggg==</file>
    </questiontext>
    <generalfeedback format="html">
      <text></text>
    </generalfeedback>
    <defaultgrade>0.0000000</defaultgrade>
    <penalty>0.0000000</penalty>
    <hidden>0</hidden>
    <idnumber></idnumber>
  </question>

<!-- question: 130266  -->
  <question type="description">
    <name>
      <text>Questions 28-31 Example</text>
    </name>
    <questiontext format="html">
      <text><![CDATA[<p dir="ltr" style="text-align: left;"><strong></strong></p><p dir="ltr"><span>Use the following example to help you to answer questions 28-31.<br></span></p><p dir="ltr"><strong>EXAMPLE QUESTION:</strong> The grey plane slices a cross-section out of the object depicted in the image shown. Imagine you are facing the slicing plane head-on. Select the cross-section you would see. <strong>Select the correct answer from the available options</strong>. The answer in this instance is C.</p><br><img src="@@PLUGINFILE@@/28-31%20EX.PNG" alt="" role="presentation" class="img-fluid"><br><p></p>]]></text>
<file name="28-31 EX.PNG" path="/" encoding="base64">iVBORw0KGgoAAAANSUhEUgAAA2sAAAJBCAYAAADY9S10AAAAAXNSR0IArs4c6QAAAARnQU1BAACxjwv8YQUAAAAJcEhZcwAADsMAAA7DAcdvqGQAAP+lSURBVHhe7P2H1x7VleYNf3/A9007gHKWEAooAE49Pd3TM9Pv9LzdbbdTt7ENmJxzRkjkHE3OOecgJAFCSCghCRA5GRuMbQyYnIOEzndd19771Kl6HmH3NGDAZ691rZOr6q77frTqp73Prv9PqlatWrVq1apVq1atWrVqnzmrsFatWrVq1apVq1atWrVqn0GrsFatWrVq1apVq1atWrVqn0GrsFatWrVq1apVq1atWrVqn0GrsFatWrVq1apVq1atWrVqn0GrsFatWrVq1apVq1atWrVqn0GrsFatWrVq1apVq1atWrVqn0GrsFatWrVq1T5Wex96CXoG+gV0P7QEmg/Ndt0CzYRmQbdCt0Nzobug5dAj0K+g30OvQh9A1apVq1at2l+aVVirVq1atWr/YVsFEaCehwhjhK0r0HkKdOCHKe24MqXNV6T0M+inmPjv0A+gfwXJ/Qv030Fgfwf9PfR/3knpn98zfQ/6d2hjzNkS5c4op+EYx+B45+K4hLt7IYLcKxC6dS3VqlWrVq3aF9EqrFWrVq1atdUaQQislMBNgqPHIXrCzoKmAp42BS39Cyb8I0DsHwBW33ozpcmvpTQREDYRCya8nNKkl1JaF5r8IkpovT+gpF6AQHvU5OdQuib9HmuhdZ5NaRw0FhqD9tcIdzj2d95IaZO3UtoTF3UMzn0tLvJ+6FkI3YJIXFq1atWqVav2ubcKa9WqVatWrWX0Vr0NMZSRcHYzIOgEaBcQEL1jfw8o+xuA0nqvG5hNBkStCzBbD2C2PhZ9HUD2TegbgDHq64CxrwHCqK8Dur4O+FJJAPudaf3fooS+/hvUqWfQ9vp6v3Y9jfOgnIhyHWgMRMj7rwC/b+Pc2wDiDse1XQGAW4IP8TtcM7oEm9WqVatWrdrn0SqsVatWrVo1GQENbKR9YxcBdPaHNgT8/E+A2bfeBUhhwrqAs3UBZ+sDjr4OfQNw9o2AM0DT1wlnhLIAMwIZ4ExQhpJQRgAjmLFOOPsawGx9h7H1Xes9hdK13q9cv0Qb5fooWV8XmvxkSpNQToAIcevhmH+Dc30b598RMHnyOynNAWA+CdCkZ7B63KpVq1at2ufJKqxVq1at2l+wMWQQXJPugS4DnO0H/WQFAA1w9i2AzroAnvUIZyCdr0OEs28S0ABm0vONMqA5nH2dgBZwBiD7Or1lgLIQoexrLkLZugQxh7J1AWHr/QJtL9d7An0o10XJuvR4WxybjHIitA7n41jfxHG/g2vaAZ/hxDcBboBPnE5JUKpVq1atWrXPulVYq1atWrW/QAOHKePiVYAz7j37yUoAGjq/+Rbg6Q0IcPM1ApqHNVLynBHKIqzRvWYKawxAA5wpfJFg5nAmT5kDmTxjIUAZYYwSiBHKoMkELQevXD7mQPao1Sc/uipNfgR62IX6uuhblyXa1CRoIkv2P74qffMXq9J3cI074rOcBXBbhs9MbxtuQbVq1apVq/aZtApr1apVq/YXZAx1XAqdBkDbErDyf1ZYUpAAtG/Qe+bhjV8HnH3N95xR3yCgFWBGr5kUoYwUwxkZukgwYwkoY7givWXrhZesALN1AWCEsMkAMNUFYiaBVwCYa/LDHwLEPkyTH1qZJj+4Mk2iHliBOvSQl9CkB6w/j3l9ItZNenhl+tbjK9MPn12Vpr28Ks143/bnVWirVq1atWqfNauwVq1atWpfcCOEENK4F+1wNH4AQPuv7wCMXgdkvWZw9s3wosW+Mw9r7A3OlADEQxm/Tjij5yzgDFA2mRAWcOaARhAjkBHGzDNWQBnLhxMgioDGOqDsIcDZQwAzh7FJ9xtsrfvQB2ndB95Pk+97L02CJt//Psp3pcn3s+3i+HL0Q5M5xrmor4tyXbQnoD6O9UdXpH94+sO00/Or0o3vpfSi369q1apVq1bts2AV1qpVq1btC2rM6sgwv4XQoR+m9L0PUvprAAmThDDEUXvPKO49KzxoytpISCOYFd4zAlokAgnvWST54B4zJf5wOFvfAS3CFyWCGmEMmgQYk5fskQ/TevSaAcxanjIBGkEMYAb4mgiwmkjwQp1gNvHed9IkaOK9b6N8O028ByU0OfrveUvtUhPvfitNhibezflvag3Xj0e53iPvpb99ckXa+tkP07UA2edxv7ifr1q1atWqVftzWoW1atWqVfuCGT1DL0NLUTkS0PFDUAc9aczi+DV6zwho3Ifm3rPsQeOeM993Finz1+Ves1B4z34FudeM+8soJvxY36FMpXvPtMeM4YuEMYYgZiBjGOMHgC/C2AdpXZTrEsSWNx4xAtnEe94BgBmQSYIwAhdgyzWJWob60jdQmiaqfD1NWvo6+l9PE5a+Jk1c8lpaZ0nRhjhnAjQGWveBd9PfPfp+2vX3H6ab316VfgfirdBWrVq1atX+XFZhrVq1atW+QPYatBw6AZC2ASjjv70NEHsdAOZeNIU4QkoQwtBGlxKDFNkaCWfMpqgMjYS0AtC078wBjZ4zApm8ZiwfXZXW971lhDOGMdoesg/kKZt4X3jLUNJjJigDnMkjVgCZPGBvpgmEMGjS3QZhhCrC1yRAF8FrIsCLwDUB9Ql3oX3Xq9KEu15JExaXejmtQy2ycqKL/dREzKc4dzyOM/net9I/PPpe2vP3K9OsN1clsFu1atWqVav2qVuFtWrVqlX7Ahi9P+CldBagYhM0/u4twBnILbI5fs3DG5XBEVqfkOaJQZQcxAGtfKcZwUwp9Fl6WKMyMmYwY0jjKsu+iHIS95g9DEB7aEVaT0k9AGj3fZAmC9DcWyZPGcAMpYUuEswAZQIzwBjBrPSMLQvP16tpHcDUOosBYg5fExa/lMFrnUWoL3wpTVj0omnhi9aG1lnwB8j75qNU/Q8u9HEcdRPX27F4vsl3v57+CdB20HMr0+K3V+kl29WqVatWrdqnZRXWqlWrVu1zbgx5nL4qpR1WANJAE1/ne9GYap9eNAe09Z+FfO+ZXkQde9AAaHrXWQloALOcPh9gpmyNAjP0OZixpPdsErMyUsy0yJBGANpkJgAJrxlDGu9910IZfd8YNWmZQVrLY9bxlE1a8oo0cdEraTw9YoAoQRpLABnhanyGMNShdea/ILE+3usT5j+f1rkT9TufT+PnWbnOvOesxNj4eWxzDuo+d4KO8UIah+OMW0AwfCX98LH30ql/WJl+CRiujrZq1apVq/ZpWIW1atWqVfucGhOIPAQdhsp33k/pm0wcQkiLvWj0ov3OIc3DHCOLo7xoniBEgBZhjfScQZMAZ5OYCEQZGlel9R75MK0rKGNoY6TDtz1nsd+M4YzcZzaBe83udSgDkDGMccJSA7J16CW7y8CMQLaOQhYZuhihiA5jC19Kkxa/BFB7MU0EjE2UF+yFNJFeMAIWJAjLoPVcGg+tM+/3aRw19/eoP2ua+2wafwfL3+X6+Dt+J7FP9TnWP459nKv56ONxIJZjAXF/vfzNtM0v308z3liV3qppI6tVq1at2idsFdaqVatW7XNmZASwWboJ2vADwNmbAKoiYUgkC8lp9hnq6HDGEEftQQOk5Xed0YPmIY4MbVyvyNi4LqV9Z/SYlWGNBmeTlr+T1oXWW879ZgC0e95OE+5GfdkbafIyQJn0hrxl6/iesgmLbV/ZOoteSeMWvJLGL3hZYYcGaQxT/IPgbOIC84xNBJRRBDJ5xKDxc6E7nksTAFQBZRMAaesEhFFzfiuNp25n/TdpHMpxt/8GfaZ1WO+oWcM26+i7w441BscdA2j7X/e9mU54bmX6PUC5etmqVatWrdonZRXWqlWrVu1zZNybBt5SApF/fBfQ9ToU4Y7F+9DiBdVKGBJhjtSTqEeoo3vRlMERkMa0+gpxpBdNe89WpvUc0tZZboDG95VZaKOlzWeKfKXEv+dNCFDmYY3ab7YEUAZNoBa/kiZyr9kies48uQcAbfwC7il7UWGLEwBn4wlogCHC2QR6y+Y9L68W4YyervB4saQ3LICMMDWeAmARxsbdBs1+Jo2Holzntl+jH5r9a7S9Do291crxaj+d1sEYFXPYr7r3jb39mTQG17M+PsM2T7yXFr39YXqnElu1atWqVfsErMJatWrVqn0OjN60N6G53JsGYvtvbwG2PKujXlrtXjSFOroXjRkc6UFbH3Cm956FB40JQiDbh8a9Z9CDH3o6/RVpsr94mqGNk+8jlL2bJtxj+84m04NWpM5XUhCGONJ7tuS1NHnpq7bXjB60Ra9Y9kUl+bCQRiXzcDCj12zcPADaXPOaTYQmyGtmQDZhnoUtjpvzOwBYhCu6x4ueMUDT2NsAY4Apg6unBVtjbyGAPQ3IeiqNRznuVpZPofwVxn6lUvVZKCn23fJLlepT24X22Jk2Ro3n2lt4rKfTaBxzDEDyn5e/mi58YUV6Ht8LQ1OrVatWrVq1j8sqrFWrVq3aZ9zotAGTpctQ2eC9lL7xKoDreZSxJ80hjS+rzhkdfS+aUuy790yhje49Y7ijXkTNfWhFan2FN9JzpuyN9tLoCR7aOFkJQbj/7HXtN5u87LU0EXBm6fLpNSOkvQwoeylNgiYytJEJQABohLNJC2yf2TjtM7NwxrHaJ0Ywg+QxI5S5twxANqGAsrHykpn3K2CM0DTWYUxABqAaM+spQdc6ALDx0NiZhDCW1JMAsCfTeLWfTGNn/ALtX6COkmPsQz00jiXmaC40HmvHEd6wnhqD84yZ/dv0rfnPpQOfeifd//aH6b26l61atWrVqn1MVmGtWrVq1T7DRlD7JR7+T1iR0rffTJaGP8IdAWl8cbW8aNyPFoDGvWiENPegrfuoec+4By1eTq19aPd/oPeeTX7gvbQu4Gyyp9YnmE3w95wxOQiTglBKCsK9Zg5nk5a8nCbfBSiL1Pn0mkE5K+Odz5u3DKX2k0GEMnnNGM7onjLbD+b7xzxsUVL4oXvI5DEDhEkAJADTeHrBBE0GUmNnAJ5msCRQAbRmPCHQGnMzNB11lKbHIbZRTn8cY4+ntW96DPXH0jj0jUFJjfW+sTeztHlao+NyfXP8taD18Dm2fvjVdPurK9K7FdiqVatWrdrHYBXWqlWrVu0zbA9De3+Q0t9zbxpT8NOLxmyOLiUNKSAtsjnyPWiWxZFp9lemSQ+uSBPpQXuQHjQmCmGCEEsSMnm5vZBa2RsjxHHpG3q/GVPpE87i/WYMa2QafSYDYZbGSf5Os0iVb2nyn0vjPAmIwhi5vwxgNi7ALOBMgPZM3h/GvWFjAWVjbjHPmcBMYYm/TOvc+qs0nh4yQNoYgBmhLHu9AE5jAE5rA8jWdqAidI1jXQJ83fio4GscgWz6o2nMTY9Y340Yu+HRtPYNj0hjKc3FOOpjbmTb+uwYXGvr1cd5aPPYYyCC5ffv+UO64cUV6YMKbNWqVatW7T9pFdaqVatW7TNqy6BN30vpW68AxOhJ86QhEerItPvr04MGEdC4B42ZHPkOtEnK4Gjp9bX/7IH30qTlhDMLbWSK/Un0njGtPkQ4m0g4W8p3nRmYmV6y95vJcwYoWwAgW/hCmgTpXWR8N9m859M4gNk4hjHSa+bp8Aln9JxFBsZx3F82myGNv05jHMzGAswibFEhhQI0DzNU6KGFJ46f+UQaTzADkAnC3AMmz5eDkuoAKwIWQWscIYvAdcPD6INQjqNufAj9D6fR17MP9esfSmOuo9BmHWNroz36ugfR9yDm2vwxmv+w5q+tMcy9HiXbXKe1ADd8jv81/9l03rPvpXftq6xWrVq1atX+r6zCWrVq1ap9xoxJKu5YldK/vQXweglAFt407knzpCGRcp+hjgp3fBSAxhdWP/yh7UG7H6DGPWgAtEnL302T77N3oDG1PjM4EtCYtZGANoEvoeaeM73njIBmYY3jmUbfU+lPWGihjYQz7jVTKn3tObN3kBHSxs8pEoBIloVRXrPZTRij7S2zcEYl9iCkzTBvGb1m5i0zMGPY4rgZ5imTh+wmlOHhYgk4ajxjBlQqCVWALIHUtQZdobWvfQCw9UAafQ1K1Mdce3/WWPSPve7+tPY192McJfpY5xjnjuZa7xt9zX1pDMc07z71j+HxAHFDcez1b3sqHfPUW+kPH65Sgphq1apVq1btP2oV1qpVq1btM2TvQLM+TOmHrwPQ/gAQA6R9LUIdPdyRmR2VNISQ5p60SBSid6HxBdX3AdL4kup7LMSR4Y3raP8ZMze+rhBHJgmxF1Izrb4lBol3nekl1Av4Emrbe5bDG/lyaIY1cu+Z9pxZQhDtPfM9ZwxnZGjjBO45u/XptA7gjGGM4TFj0g95zmY9mdaZ9Ys0nuGMN1soI+Es7w0Lb1n2nhmkjXUvWUAZvWOjrweEAZLk8UKd0DWG4HU9wczAi3C1NnU1Icvqo1EfffVy9JnGXLM8jYXGoM6xtVCudRXq0NpRckzlvepb+6p7MR91P4bOAXAbjvXr3fKLdOjjr6bffvBhfR9btWrVqlX7D1uFtWrVqlX7jBhT81+3EqD2WkoTmTwEkPa12I/moY7xXjQmDpn08IcKd5z0gHvRAGhMFMKXVOvl1MsAaEstvT7fezZxmcGZ3n/GfWhMq++AxsyNExe8qLT63Hs2kZkbAWfjtfeMnjPKXjY9zuFs3GwAGuHsdnsfGaUsjYCzCczOyFT3ALMJ0HhmXHSP2Rho/Iwn0jjAmXnM6Dljco/H0to3UgZl4256JI1XKCO9ZI23bOwNBmQBZWPp0aI3jF4vQRl0NT1e92GMcEbwImDdC/C6tymvvCetTV11D+oEr3vSGIFX2X+35q11hSnqo6+4G3OgolQfxWMA4qhROO96+IwHPfpSeuKdFTW1f7Vq1apV+w9ZhbVq1apV+wwYPWrXfpDS915JafIzgLGANM/sGO9FY9KQyQWkTbrvffei0YP2Tpp8rycJ0T60JoMj96FNWvqyQhwlABr3oDHEcaL0PEDNQhspZm8kpI2dY+85k+fMvWdMCsIQR3u/mb/bbNZTCmc0jxngbKalwafXjPvNCGbMyBheMyb6UMIPgpn0iOCM5dq+N2wcwIx7zBTK6OGL8pgp3NBgjF4slqpfdZ88XqOuDG8YgQxgBsAyMDOgWou6HPXLl6UxVywDYC1z0EIdc8ZciTbGqLVdoy+jlqpvLZaqL8WYiXX2rU3hWBnccN5R0LrTH0573f98euLtFdXDVq1atWrV/mSrsFatWrVqf2ajt+X6FSn968spTXoaUAZI034096Dx/WiCtIcAaQ8x1NEATQKgTWCoIwCNe9Am3f26edEAafSeGZgxxBFazBBHhjdCfDE1szcyxHGuec+YIISJQSy80faeMTkIQxsFaCiVTh9wtg7El00TzBjeyFT6TJkvz5lCGS21PT1n42c8lsYr+cej8poxG6MSgTDzIr1lSszBRB7cU/ZQ4l4yaqzgjH1s358ifJGhihF+2JJDmeRAttZl1FLUCV8oL1uSRqE96tIlgKslAC2UqK9VaPSld6GELrlL9bWh0aiPgtR3yeI06uLFqC/KYt9aEOfxeDy2yUBuJMoJ+BxTAGy/eX9l3cNWrVq1atX+JKuwVq1atWp/ZpuJJ/d/eSmlCb8CmEX6fc/syNT79l60FcrqyP1ok5hqX4lCGOpID1q8qNo8aNqD5un1CWYMbZToPWOCECUJcS8aIG387b9LY5ix0QGNoY2WudH2njEdPcMbCWfjb2VSEPOg8d1mAjOofG/Z2jc9nsbcSM8ZwxkBZNOZgZFQ9rB5zVS3TIoWxviA9pWNu57esvvT6KsYumghjOY9My8Z94iNgUYzPJHeK0DZWvSK0fslb5Z5yeQpc0ha61KAGSFLIEbYImjdlUYStqBRai9Koy6iFqeRkrXXgkZjbPQlC1Vf60KWplGqL2h0IUv0axzreUyI5zCIW5xG4DomXHt/mvbgc+nlDyuuVatWrVq1P24V1qpVq1btz2R8XL8D+pcXUxoHSJvsCUMY5sisjusK0j7QS6sn3feuII2ARi/a5Ht8H5qHOUYGxwnce6aS7z57IWdwtL1nzxb6nXnN5D37TRpLQOP+M4Y20num95wB0DxjYyud/oxfpLUBaHyvGT1nhLPRN1pCEHrORjNDI8MamQiEgBaJP9xLxv1lypoo3Z+hjBrH+tXL01gHM3rMGMqoMEYBWQFlCk/08EN6yARoS9La9GjRG+ZwRmAiLI2WB4wARTl0hRzERrtGCb7mQwQxjF2I+gXz0Y8S0jjLC+6U1qLU5jjGLjDZcUIL04gLFqYx+CwHPPB8ekO/gmrVqlWrVm31VmGtWrVq1f4MxtDH+aC1HwHUmPFRWR35AuvI6ugJQ5R2n+9F4z60u5lu3/ei8X1oTBZyl+9BA6TRizaJYY7cewaNI6TN/X2awMyNyt4IzbEwxwl3FKn1AWfjfO+ZQhtvsf1nTA4y/hbAmUDN9qDZi6jt5dOENKXTz0lBLH3+aL6vzNPm811lTJ1vae3vyyXBbCy9Zr63zBJ6tOFs5OX3pFEQ4cy8Z4AxKO8TU8iigdlalywBgKHucEaNvHCReckczALORgq+DKQIVyZA1/nzHLwIXN4+vynXgkZznO3z5nl5h8R69HM+51Kq65isWzn03LlpDD7P8Y+8kN6sHrZq1apVq/YRVmGtWrVq1T5lI6g98GFK272c0reetqyOk+Ml1oC0eCfaBAAaNQmQNoEp9xnqyCyOfFn1IoY6MoujvQttIsMcFd7IBCGRvfFZpdaP7I1MEDLutt8AzJhi3959Ng6AFu8/43vPCGZjZwLOZlhafYMzvuvsCYU4Kp0+33HGbI2x9yy/cJovmGYK/QeUMp9eNGZntL1mlhLf0uIblK3tGRjlNYOY+GMUIMb2l92dRl66DHJvmUIaDczGQNxHxrBFAzPzmDFkUVAGGCOQjXQgo4dstDxjACZoNGCM0EV4GunQtdZ5cwFac9NIgJTE9rmAMLXvUJ+gDPVR58xRuda5czAHOhtt9Zk4PvIcWzNCa7EmxGPg2EMw/tfX3psu+tXL6Z2VFdiqVatWrVrvVmGtWrVq1T5FYybAJ0FrB7ya0t88xcyOgDS+G829aMzoKC/aMtuHljM6Lmao4ysKdVzHAY3vQdM70KCJSrP/e8/c+DvL3DiHUEY4s8QgY6ExDG30d58xtT5DG/kyaoY1jmZooxKE2P6z8TNiDxoAjR40QtoNBmfagybv2YMOZuY9E5xBEdZIz5neWQYYYxr8CGUkmBHIIpzRAI11S/ox5rJI+GFgNuZSQJmHMAaU0Us2Wl4zAJnCEx3Owlt2vgFa6Q0bBYAaDVgaff5cAddIQpYgjIBF3S6NOJtltAlgtwPKILZZnj07jTxrdhoBsVzrrNukUaiPyiXm+jjFNSb2356GAfL+acaDacbvXq/AVq1atWrVerUKa9WqVav2KRkfx18CrZ3wekr/4+lVltmR4Y6eMCQyOk5YCjiLRCEQszkyzJGp9rkHjS+nNi/a79OEuc+mCXxJdWRwJJzdFuGNfOeZhTaa1ywSg3DvGbM3WkjjuOlPKKQxhzUyMQizNt5kGRsjlb6FNtq+M2VpZGIQhjYSyihAmWVpJJyZ10zvJ2NWRsFYE8IoKLvMvGVMADLi4si0uAhwtljS3rJLFgPK3GMGKFPoIuVAlj1m8pAZlIWXjGBm9TvSiHMowBcASbAF6FpL0GQANRKANeJMlGcStG5Tu1T0EchGnnlrGnmGacQZt0gjXSNOR3n6LNQpG8tzzizqXI9jjcG1bzrnsbTspXfSispr1apVq1atYxXWqlWrVu1TsvfxMH7RWwC1pz5MEx76QJkdJwvUCGlvpkl3v5EmEdQIaIuZbt/CHCd6uv117nxBiUIszNEAbcId5kGz5CC2/8wyNwLUAGjZe8bEIDObsEZ60vjOM72M2kMbFd7I95wJzMJz9hCALBKEEM7Ma7b21RbeOBaARs9Z7DezcMZ75DXj+8oIaUyVTyhT4o/LAGTQ2pctVkgjU+CPAqCNAJBxj1l4y+QxA5SNJqCFpwwimAnOPIRR+8ncY2aA1oQcmkfMvGMjzqLCy2XwJQADnAm+CFKnA76gDGIAryyHrFGYJxAjkJ02UxoOjTjdNPy0GeibkUac6uJYWed81rHedEsaj8+w26JfpF+/80FN6V+tWrVq1VpWYa1atWrVPgXjQ/j8lSl95+kP07j7308TI7Ojkob4e9HoTfNkIY0XzcIcc5p996Ixg6MlCPm1JQa5jWn13YNGr5nEvWaQ3ncGzXg8jSecQUwKMkbeM9t3xrBGam1PqT9GoY0AMsDZaAez0ZTCGosMjVfdncZCY65oQhpHMV0+95ddTijzrIyekXFtpsEHiDHpB8GM3rLRF9NbRhCzUEZ6y7i3bCSAjCGMoy+Ym9Y6nzBGrxn3fBmMDT/bgExSaKJ5yghlBmfmDRsOGBt+BuoOYIStUfJuGTARuARbAikrR6AkVA0/BWB1ikEZgYsgNoowdsrNGLtZ5YhTpqM+3fpORgkNP+kmk9pNXfPQtnWmodA6581JRy5/Jr2zsr4yu1q1atWqNVZhrVq1atU+BXsG2vz3q9J6j60QqGVIW+qApveicS+aZ3O887k0gWGO0u+Uap970cYWe9AY4khAoyy8kd4zvvvsCYmAxj1n46Dx0x9N69z8SBrP955RfCE1wCz2nTEpiNLqA87GEtLoLQOcsVyLYAZIU1mEN2rv2WUENA9tVMr8pQpntJT5iwBn3GfGVPgWyjjmEu4pWwgQWwDNTyPlMWMYI6Fsnu0vO88TfECENO4va/aY2Z4xwtiwM1mfbWI4I71mEcbo3rFRADUC2vDT6A2jl8w9YvRqCc7M60XwooYRrk5tQGr4yeyfnkaeOh2QZmAmODtpehp24k1pGCBMMIb6iJNvxPwb04iTUJ54gzQMGnGSlRT7OB4ixHH9wBNvTF+78M509VMva19jtWrVqlWrRquwVq1atWqfsL22KqWDX1qVJj36fhp/N5OHvNG8vJrhjgtfNE/aghfkRWOiEIY5TgCgMc2+3ofGTI6AtDEMcbzt6bTObU+lCbcyzPHJNN6zNkozAGoKa3wMkMaSCUGoh9xr9rBJmRu59+yBNPoayj1oTAxy7fI05qp7oXske8cZ4YwCnF1pyUAIaiMvWWJeNIAaE4GM1r4zAzW9v4y6kLLEH/SaKRMj4GzkuRHK2EBZ6Tkbdd4czGEoI+rcY0YPGr1mZ5oCzhpAu01gxnBFwhm9ZLZ/zLxl9IpFiOLIUyjAl3vCzNtlHrFhhC9oGOGLbYAUQUyAJTC7MQ37OcALGvbz69E2jUB7BIEMfcNOMA1VeV0aDg37OYRyqLc5j8cIsKM377vX350ee+MD/+VUq1atWrW/dKuwVq1atWqfoL0HXf7WqvR3T3yQxi4lpHFPmnvRFtCLBkCjJ40vrb7jWWVzZIjjuNlMs2970BjquM7sp1DnO9Asvf74mYA0wdnjaaw8aIQz33N2PRODGJCtLa/Zg2n0tdxz5pkbte8MkueMXjMLaVyLUMaMjSjpNWNI4xh5zJYCzMJzZmGNCm0ElI28qEkAEvvMRl1QZGQEmDGckXvLCGYjz52X1j6f2ReZ0n6ukn4o/T3KEWdbycQfypooGCOYGZBxb9kIJfdgCKNpuPZ90Wtm5TAAD0WP2VAA2VB6xuQpMyATiCkkEXAG+BoZXi6HLMGTZLClkpAFDVWf11lSx1+LEuKc4wFg0FD0DUdf1vHXYAw67uo09FjK6sOO837XUPQRHPea90h66b0V9gOqVq1atWp/0VZhrVq1atU+IePj9hLQ2o+fYujj22mdu5h+n3vSbD/aeO5F4z407UVjmCMgjaCmJCEQX07NJCEMdQSgRajjGGZxVKgjQxzNi6aU+gA0JgdhaGO872w095zRcyav2f1pLF9IHQlBfN+ZwhmLjI3ymrEkoNFrxrBGBzQlBGFII8FM4Y3mNYsMjQSzkecZnNmLoj2c8TzCGXQ2QS1S4APOAGVrEczOmZ2Gu8eMYEYoG8E9Zg5lSvABGCOc5X1lHsaYvWUezjjMPWbDGKroYYYj5SVrwhEbOHM5eJnHyz1fBYwRuko4I5DldtkH/emwVujYq6Ar08Cjr0zrnn1LOuOBZ9JbK2pAZLVq1ar9pVuFtWrVqlX7hOw3fJ/a71em9Za/mcYveilDmtLue7IQetLGerIQgzR7SfUYTxIyLnvQCGiWwdHCHOlF43vPLHMjvWYmes4srHGtqywhiO03sz1nY6++N41xQNN7zghonq0x3mtmYGYJQZgYhJ6z0ZeY50xwRs/ZhfPT2p4UZFRkZtQ+Mw9hlMxrthbALN5PRiBj0g9KHrOzmInRNPz0W9Ow029Jw06bJeX9ZdAowhlgzHRzGgWNdI/ZyFPoKZtu8rDFYT+HWBLO3FNGjfAywhENrALCGvgaDg09jiJosQ8lwIvl8BMg9mE85g8VkBmc0WM2AiUVsCZga4EZywbShh59RRp2DMsrdY7vXDE/LfrdKzU7ZLVq1ar9hVuFtWrVqlX7BOxt6NLXVqW/v/+tNE770SxpiGV1fFZ70fjiantptWV0FKTN+pWl2WcWR74DTWKo42MANcCZUuwXYY4AtLWvjRdS2/vORispiMGZpdL3F1F7Ov0xVxDQuOfMQhu114xwJkCj18ylbI3hPWOmRgttjLBG7jszr9ncNPIcy8wYIY3KzOjZGUedbXvKlJVRqfHdUwYNZ/IPyBJ+mNeM3rJhzMLo3jIrLdPiSEqANj2NoseMnrOTDMy0l6wDZ9xTZlAGEEMpMMulgZYAy0uDKgJZgJiBlkGbQ1eIfd6vccCbQZzNM7VhbXiGtavS0GMowFkL1q5IQ6BROP8et9+fnnnjXftBVatWrVq1v0irsFatWrVqH7MxeO2R91aljX/5QRq/+BXbjzbPUu4L0OhFA6BxLxozOo6dRU8aU+4bpNF7ZnvQmLnR4GxtgNloiO89G3eDhTjGO8+osf6OM+09I5g5oCmsUe83M69Z3nN2iafSv5SJQBb5u81QMpU+k4AoIYi908z2mlk4IzXiXH/J9NnmPRvt3jOCWfacKemHecz4bjIl/jh9ZhoFhbeMYYzDCGNqu9eMe8uUhdE8ZSM8jFH7zZh9ESDG7IojFcZI75jtLRuhBB8MZzRII5y1FHBGIEPdQhYdpk6gJ+yaNPLn1mfgZWpAy0uvc3/ZsGOtVFijhzYKxnQM9Hs91suTdtxVmGPetGH0olEENgAaQU3Q5uW3zp6ZLnjwmfT2yupfq1atWrW/VKuwVq1atWofs70BWjvhhZVpvbteSWMBaeOY0VGQBjhTyv2nAGi/sv1o2odm4Y5jZ1iqfYU3Mr3+jQ9JzOKoJCEMc2RqfUKap9UXpEkAsyvtBdSj3GtGjQKYreUhjdxvJiCTFpvXDHA28gJLo09I07vOCGl8x5m8Z/MEZ5ad0Up72bSFNnLPGVPnr3WOhTYOV8r88JzxfWaW/EOJP/i+MnnKGMJIMLM9ZqNOjVBGSwBCKFPyj5MtzT09ZmUCEIEZMzAyqYfDmvaZCd6sDA+akn4I0lgnjJn3KyCsrBPYCFhDuK+MQCa4CtgCiB3vMEYQ8zECmO1B49qr1M95mqO5WO/1ofSoYc4IwhoBzSFt2NGXO6ixvEztIUdcloYedXn68TUL0mMvvem/rGrVqlWr9pdmFdaqVatW7WM0etUWv7MqffvBt9PY+c9byn33pI27lYBGUDM4s31oj6dx0Dp8WfV0e0H12koWYklClCiEmRyZvfFaAhp0JdPqe2p9AJql0iec0WtmHrS13XM2SiGN9JoxCQjDGS0ZCD1nBmcMaWTGRksIovebne/JQABlw8+ek0acRc8ZQxwJaAZma50NKHM4Y2gjk4EwnFFJQBjOWLxkmi+WHnbyzWnISfSaAcwAZ3x3GeFM7yWDmJWRIYxDAF7MukgYG+lQRhG2LJSRoY0oXYQyCWs0hjkj0D/qRJbmRRO4cW3eY3ZNGkkPG+qCMkKXyxKANBoi4GoAbbiAC23U5SXjPJRD2H8MPWY2h2AmOOMxUA5hyCO9aQ5pAWfyogHKrI7ySEDakZeqHHj4xWncCVenU+/+VXrrg5X2A6tWrVq1an9RVmGtWrW/AGMQ1QcfrEhvvf2O9LaX3fbbb78rvfWW9Zms7+13vPT6O/9pvZfrqzte2d9jzrsUjqHy3fQu6xpjWdRjXrkW+shjS80x3tVxGulcXpb196Hfv/NB2vep99L4O59LYxnmeNvT8qAxk6O9By0AjeGNlmqf+8/Kl1Ovfa2FODJ7Iz1o8qL5S6nXvuJuybI1MrzREoLQa1buNRstWRr9kQxlJJQJzPheMxPfa7a23m9GOJvT2nM2ElDGsEZ72bR5zSIZiMIbtd9slrxnkQiEe80kZmP0BCABZSMJZu4lY1bGoT+3vWW2p8xBC/UhhCrCmoDNwItSunyOQRHaSAjL4wQyQZtBmvU1njSFL6q0tjxpLnq+6A0bQaFOBZBl6FLb4GvoMd7PdRT7CWqCNVML1tBPZW+aYM0ALUBt6FHmSTNQM1gbgnIw9K+X3J6WP/tS+uD9D9J7772P31pH7+H3p/7mNxm/y95+pz0Vx+lI/RiPOkqdX21fl+vFcbr1WE9169GOelermcvryNcS/VCrz9Wdu7o5uY1rfh/3ulq1atU+C1ZhrVq1vwBb+eGH6dnnXkwPPfR4eviRJ9Ijj/wiPfzok1ZCLB9h+7En06PQww9H3y/So+iXOOb1x1B/7LFfSo8+Cnld7WKspcd/lR6HWGcZeuxxrmEZwvgTGIMee/xJn/eUxtSP8oknnkqP/wLlL6y0+tN5vNRjT9j57Bqa64nPSj3yGD6nX3fzGW3e47y2R3ktPY/9OK7jCV3rU+kXKJ/E9Zz5+Avpb5e+lNa69ak07lYA2i1PprGANIY4MtV+7EEbe+ODelE1AW3M9ffr5dSEs9FMEsJ3nxXvP9O7zwBoo/Qi6qVpLb6Imun05T0zQBvpHjOGNdq7zsxrxjT6IwFk5jGDPKSRnrO1zrkjjWYpQGNII188zYQgzb6z2HNGOBsFMaSRpZKBcN/Z6QWg+V4zy9BooY16iTQgjfvMCGEUXyAtsHIFgHXDGFVGHTLPmsthbbjADBCmcSuVKMRL9TEU0T1pksIdCWkMcXQwczhjiOKI47mvzEAsEoFwjHvN6F0LIKM4P8OaSocxtLVOJdvWP/wY248mMBOcEdJcqA8DnFEEtSFHXJoGHXZRGn3clWn3GxemB/C39iR+Z/G75d9druNvhb9b/s1K6OPf9sPRhvi3/+gj9ndfzmuOgeNJ+P3730r8bdixm7lcG30PP/qEjm3/tqB82PSQyuLfHJZ+HRLW6Rr83x/97ekzFZ+L50e/rofX5v1xfdGOzxPXbO1mPT+37gXP5dcSesiv8SHXgw89mn7xy1+n96s3s1q1ap8Bq7BWrdpfgNGrRsBZtuy+dM+9D0j3Ln8oLb/3Qenee1FHm333Lrd21JfnMfY37VDMZf2+5Q9rTlucg5JzNBfH0Fxfz+OqRPu+h+2491n9PpZoc+59aps4znNJ0X+/j3F9ofIzlLoH/ffwuu7B/aD8elV3xWe45x6f25Ufi+UDy+9PM5c/ln6y5Nk05vbfZEAbO+PxnMWRXjTtQ2OI43UENH/v2bXLAWnQlfcmvph6DOBsNHUF33kGOJMXjR40QhpT6VNMBuIvob7Q329WhDMyEQiBbBSALLxlzfvNbk8jPFuj7TmzbI30mCkZCKGMQEaPGcMafb/ZCL7fTHvOIhmIpc4fBkDj+8wMyug5MxHQhis7o+0pM5gyEZ4UpkjPFvtV0vtl8ygDKwMzesQGH2fAFinx2adjxlwXU+5HnaCWPWiQhT3SM4ZzEbwc0gRXBYQJwI4FXKE0WEMfgcvb5i0zADNPWZQOY6xDQ9Cf+yLUMUANgDZMcm8a4GzoEZdIQ4642OqHX6RwyG+cdG06Zcad6Z4l96RFi5ZJC12LFlpbfQuXoo9ifVla4OPsX7BgSbEWcxajpDAW/Qu4XrJ+W2dru+LY/AV3YY2158+/S22V0J13Lm7k7Xl3Lkrz5kEsoRjPa1zRzsdj2T32fKxTX3MejpXHDdn5UPLc0Nx5C9PcuVCUXr8D5Zw75qdFuC+vvcGcrtWqVav257UKa9Wq/QXY2+++nx55+BcAkwcbuCHYFGraDRip//5HfLwNTAFHpe7HXPYvL8cCoqIuYV45HvOj/4/NK6VzPmLn7o6FyrWd45SfV20CmPq9DpXz7F6U6/G5MXYvdMSyp9KE255Ka/OF1UWafXtJdeNFsxDH5UoQsjb3nUGENHsx9dK09uVLlFKfiUGotZUghC+hXmTeswsWpNF8v5k8ZwWYQSP4omlP/kEY4wun6SUTjKHOd5uZLKSRUCYJzGaat4yZGaHwljGkkXvOqGavmQEaU+abDMq0v4weNHm26AUzEIsQRIKUPF3qAzgRoghunpFRe8ccqgzCbK7gLK+1Yw1X+9o0hKXPI5RpLTM1Un68SA7C5CFDjmHoonnIYn9ZA2YOXUynz7qXTKcfY8MdvoYcZWK9gTbWA858HBp8JOvmQRsGUBumvWkGawZqBmlDAWbUkCMuEqgNOeyiNOjQC9OAQy5MG50/I82ZvzTdfdfdafHiuwEUJtYXLzIJugAai6FFbPtYAJrm+rosBzWb09RbApixDICTcDyCmsDP2+W4IC7LgK8ELskhLABwvivXY065BhKEBax1xtVftn3unXcaCJoakCtlQLdQ48+98JL/C1qtWrVqfz6rsFat2hfcVq1K6ZVX3wRQPCJvUACIea86YJbrMe59gBsCWNPuBYwKAKJKuGmdqwNLHymBGMtO/5+guNY4f+6/H9cCNfP8Ogso696j6LNxmxsixD5034Np1vLH008W/TYNv+lxeweawIwJQgBp1/JF1Q5pADR60BjeqNT6VxDOlubEIAxtlC5eADFb40JLBHLR/DTywni/mYU1GqDZPjNmZKRyCCP3lfnespFnegjjabekoadaAhC91+xUT6N/OuHMPWQOZCMZ0ggYG3qiecyYAISy7Iz0mAHQMpQR0AzMIuwwgEwviwaECbi8n0AVQKZ9XzGuOYAohSZyjsFahjgoz2M/FP12LOtnewhAzUQvmnnPCGdK9HG0QZp5z9h2Dxhga7BDloGXwZegS30NhA0/5nJAm3nKwlvGkn0CMmV1NBgjpA3hHrQjKPeiuRjySEgbAkAbDDAb6hoCUFMJUBtyyAWp/0HnpfVOuCqdOuPOdO/Se9OSu+7J4LUY8EZAMzl8Cdh8PCAOMlAr5hHAvFR/1NXvALY6BZQBqkpIU1942xy82M51l2CqADXJ4S4grDW3q15ALRRAltuEsbIsYa2oh+fvjjsWpF899Rv/V7RatWrV/nxWYa1atS+4rQKtPfv7P7TC9qQAFAGHQUiGlSzrIyx1Ya0cM7UBjuvLtuTQ1XjB7DzlWC5VL45Z9hfS5+jRF58Jxy8+X/7s3pfntOY1c/JY9HXbkHnVHk7HLHsyfeOOX6e1mCjkOsAZ0+yrbLxoo68GoDHFPl9KHQlCmLmRnjN60S628EbuO2No42gAGlPpjzp3blrrfOgCvufMAI3JQBjKqD1meX+ZhTKOEJzNSqPO9OQfOTMj95fdnEaddnNaC4owRu4vU9p8esoinJHp8glm3Gt24vUAtRukeNm07ScjnAGOCmgiIFl4IdvmzWLijhiXp0t9KLXO5tgYsy9aqcyL8oYRynwcxzZQ8zE/by51HKxlqWtoQK0McZQAY5I8agZqg+gpcxijN8y8Yh6yKBBjmn0IbcKaAZmNDz4SJcQxwprgzD1nnKeEIUzHD1gjsGVoY/3wPw5rgwBra+5/TvrpedPTrfOXKhzSwMs9ZQ5YGdCKvt48aCWYld40Qliul/CF/iZE0vsAUVEGZKkd4w5oDaQBnEoAk9p95Vir7dBVqjWWy2a8hLWyryt50yiFZ1p5+5w70yOPPuH/ilarVq3an88qrFWr9gW3Dz9clZ781TPp7nvub8FGAyteCkbawNOeF2ubNaXUB6CS50rrUOKYeW0Lwoq6qzxXVi9rYp5dS3k90fZxP3drTdGXx/i59dnjWNa2vXSm6MvzWBJ+Mf9BtG+759G02fxfAdQeNg8a4eyae9OYKBnmyAyOVyzxEMfwoAHMmFaf3rOLzXvG0Ma1LrB9Z2udb8k/GM44snin2SjP0DjK32lGKV0+REiLrIx80TThTJkZfW/ZCGgUAY1wxsyM0EgKIKY9Zu4tU0ijJ/jgHjG+MDrvEyNAncD09wFiAUQmJenAHPVDSthBaPIU9wxDjGyJgjmtMWiLFPj0eo3EupFK6sF5KDkHc1mnLBEI4cvOL1hDyWMI9tQ2OMshjMcZmIWHzKDN6vKeAb5MACuHsVCAW0DY0KMuTcO138xAbLDE5CBWWt08Z9SQI1FCw7QfzfakEdIY6siQR6mANYHaoRcA1s5Pgw4+L/U78Ny03rFXpJOmz01L77on3SUPWdtbtjjAy8cM1LyvFPrCQ8Z2AFv2mnlfBrMOhDVgxrqVeS7AKcoMVA5lLQGemnE7Zrkm+rtrmrqN0VPWGnMoU9vV9aDletEXoMb9a3PmzNe/OR+sqC8kr1at2p/XKqxVq/YFt/dXrFRmNMEaIKOElFx3AIl27hecdPo4Fyr7uspzlscxIMJWwFcJYZzPOX7+OJ/AqZhnxyzbrtZaO1d7Da/DFG3J15V17jvLdYKaJxKJviz3UvKYLE+564n0t7c8kdbyTI7ch7Y2MzjqHWh3F160yN64EGBm3jODswC0yNbIZCB8txnfaWZhjbbHDFAGMBvh7zNjko/hAjLoZPOUMV2+MjC62gk/mqQf4R0jmFn6e8AYSoYx0rvFvWDyUEFKzkFYEmQZdEWKewKRycCJGgmAU5ZEqOXNwlquV3KOo3k8zEF/rDOoMll2RdtHVh6D7cjAGOtYz+t0Dgt3zOsEZCaC2pCjDNYIZ7GnLEIaA8gIY8OPvtQ8Y962/WYGY2oDxIZT6IsMjoMJZg5lAjOIQGZwZvvRCGsUPWpDD2MJMAsv2qEsqQvSUIEadPD50Hlp0EHnpoEHnJM2v3B6mg1QWebhj6U3jQlDSiBrwKzpLyGtbAu22BZ8eduVASrDGdX05Xnen9dofge6BFXWDiCL4+c53XoBXl0J1ijMjXoX1uZrv1oDZh8Na4sAawvSkqX3pjffetf/Ja1WrVq1P49VWKtW7Qtur7/5jsIOe0BHCS4BKQFAnX7BD8FLfSiVidH683ih8viRmER9xdzyXNGOsVI911lbKutlX6df3rFc9/6Y05kfc0tYy2J/0X4Q7TvueThtN+8JhTuupSyOALMr+IJqA7S1KHnR/L1nF96ZRip7I19AHclBDM5Gs9S+M0sIEvvNRvq7zEYwAQj3mQHO6C2jl2yYhy8O5R4yhi6eHKGLhDJ7X5lCFrm3jKXS3JuHLJJy2F4yA7MIISSYDQbUWAINwo+BjmAJENUFKXmrJNS9HeP0Zo2AmE1RsMTMiTwG6pKHIUYZ+8dYai7qkW2RIYvUCB7b11CxRhDn59c6SGPyohHOLkebnwlQ5iKMjVBpwEUphT5gjd6z2F82mOBF0WMmrxhgC+VwQhk9ZGo3QBbJQkyN96z0pDH0cbCHOgagDVUdgHbI+WkwII2gRg0GrA3Y/6z0X4+7NJ07c15aehdBrYSwEr6adh4HQKleZHrMYwFroU6bILVwgdcdwAzGHMpK9dbXUQljagOoFhCqYqysc15AFyTAKmEMINbuN/hqAZrGQzYvYI2Q1gCbhULSu8axF/7wiv9LWq1atWp/HquwVq3aF9yef+HlnIY+QwjKgJOWBENtcGr195j/Ee2AoFafHzeDXzHWXQOVqfljXPVoQ/osscb7epN97uKzF2tiTPWAMfb1VnfRu3YfdOFdD6f/Z8aDaRTDHJUgZBFKqgh11LvP/L1n9J6df0ex98ySgoyG1hKkmQfN3mkGONN+M6bJn5FfMk3P2chTbkwjAWZDAWV8wfRwCnAW3jJ5zABllsreoYx7uwhihDL3QAmmHHyGH2thgUpRT1CSl4mhgRDHCEY+zveFsZ73eKneQBXFPopwJ8BzoCI0aZznUB/bPIaXPB7OS1A0WES/n4NzuE7gF+f1Y/GYPM9Iv858HX48ec4ofK7BDF2EIn3+cHnODNSU+ANANuwogzPbZ3ZJGiQgMyhjO7xlseesFc7YFT1nhwHKWqWDmkPaYHrQCGqAtCGHAM4IaAefK0ijhhx4Tho47aw08qBz0l6XzUx3Ap6WeJhjAFoGL5UNqKkfEBVlqBwLQJNnrAtrFMCp1Yd2DzALiIMIWq0x9TVwZmqAbAHruR9S/5IMWNEfsBUwlvsL6KJsbjM/wxrH2UZZgpq1DdaYwv+OOQvSM7/+vf9LWq1atWp/HquwVq3aF9yeevq36e67LQSyBSVej3YLdhyQcuhgL3DVgiRIxynGszTu5+h1LOoBZA2YlXPy+VBa3a9J7eJzeFtlwJXGbV2eR+BS6fP8GJTeQ4c+vVut6Lc+G3vgngfTknseSvvd+UiafO29aSQThPC9Z57BkWGOaivUcZ69kNoBzV5A7Sn19dLpePG0ec+414zeM+4zswQgTPphiT/kNeN+MkCa0uQDyvK7xuQxMxCz8EULWQzvlzxXHgJIeBlMaCGQCWAALQ4yFgZIMTzQMh8SgjIsCYC87ZAklXVIsIX1rAvMjkSJ8xuQ8bwEKB6HbR63gTVBGs5rwMaS12p1ZmzMkOgqoW6En4/tEYBMSwZix7DPhWP4HjO9lBowFu84o0dN+9AEYyG2DcyaEMaLsvdM3jGBF8MXL2y8ZdDQwwBf0oVpEEBssGAMcxzSqMGAM3rTCGuDD6IHjSGPKA8EoAHMhhx4Vhq8P3VmGjztjDRg6unpn066LF152/y0lOGPhC0BmsOYl+FBCyAr38dGZfDytQsXleGMgCtCG+sAJnrVAriaOR1QowRrvYU3Rt09aFCGs+jnPLU5zjU2ZtDVO6zRiyYR3DrgJWm+aR6V+4s5heIdbbFvjS+/r7vWqlWr9ue0CmvVqn2BbcXKlB597Mm0LGANkFHCTA8JgByWWv1WrnYdJIBiScDJ54k1DfB050sOZLnd1WrGdLwS2Mpzsx7n9f6oG6D5Om/HMfJLw31Nj7a/QPsB9M1Y8mD67vTlaaTef8YEIXfaPrTzUV7gafaZyVH70AhoFt7I/WfDFdY4K40inDmgMbTRPGc3AtJ8f5nvMyOYaZ8ZwxkBZfFiaO4XK6GM+7kMlggpBJgAFcCJZyy0sD4mxTBI0UuZWadHydPNt+DNj2HgZkAkwHJAkhcMpUCIbQnzAUoBUAZcDojKmsj+yKqIMc+kaHvHcH6UXEug4trwhmWY9LW8Hr33jNeA/jiPQA1zLLyRa8yTNhzHltjGZx58eIQ0sl4CmnnRBh92CcTSAI1wNkR1C20cRDA7xEMbAWvZg+awJiBTWCMADWUA22D3plnY4/mAMgt5DC/aYEDa4APPNh1AUDtDGgJY67/f6WnS4eelo667FaAGGHN46qGAsLJd9hfjGcwKSCtlEObyOdEOb1nZjr4MaQAlgVeWzQkACyhr2qupt0IbA7IagKPmlXUBGOuAMChgLaCsVKTt1xqU9KwxhLwmGalWrdqf0yqsVav2BbY33nwnPfjQY0ou0gKXAmYIKaEMXCxLQOrAUj5WbvvxoDzHj9/MaaAoxqOex3GemP/HpPmt0vv9OuQVU9mGraxivdQdd8X6gLS7FVL6QLpv+QPpxPkPpPWvXpaGKUFIpNY3D9pa5/H9Z57F0QFtxBmAMsj2nnmWRuoUhjUapAnOTr7eREA7EWBGOZxxnxnhbDgzITKEkfvBFPYX8GIgY3BFzxEATHBmMKJ9Vdxj5eF95ThFiLEMh3GcjseNYOTtgCiDM4c4jA0+wsZ4LbFO7x/jGIBpkADMgDDGAyaHQbputt3zFYCl82q8ED8zSsKfIE3HivPatetc+GyCU/+cAagR0mhhjbwv5i0TlAnW6DW7GFAG0XNGKCOMHQ4dZtAlWJMX7cI0DFJiEIqQRq+Z6oQxZnW0MkIdY1+aPGoHEtDOMW8aYe0AA7VB+5+ZBk07PQ2aahq432lpGMBts3OuS7fNW5wWd8Aqq4Cx3O6tHyJQqXQIy/0qGxCTvN0AWRvWrK/dlheN0BUShNm8ALI7O+MBXBnUJPaZp8zGUfaALvY3CkC700Mcm7YpQh8lQBr75s5bmObcMT8tXbo8vfX2e/4varVq1ap9+lZhrVq1L7D94cVXMsB0wYTt3iTwinneNs+Yj8WxUNpYOd+U+4o5eU1x7rId6/JY0bbjNmV3np3Hy0KxV0/1DrCpjTVdqBOUlYp+nyMvJeD3LpQ73XJvGnvpojTCk4QIzLgHzTXybL77jElCZmnvWQDaiFMZ3niT9p4NpxeNnjN60dx7FpkZuceMKfIjU2JkPlRYoTxnl6cRAWeADybEKNPFDyOEADgidC/SwtMjpAyEASooCW8RAshjhfdJe7nohQsIwrlKIKJHTGDk/QZU5sUyGLO6vGbHWL2UvGWu2EfGc9K7J1hDqesIYEOdc+0zs92Uuh7Jzqfjos5jBqTJm8Z7hM8d8DrYwYxJQobjPlFsE8yGMdxRYOahi4QxQtnhF6gsQxkNwFDPMOYCjCmsMaDs4HPRd66V9KI5pBHOBjHckZ40edMIamekwQC1wdNOS4MAaYP3OzUNmnJa6rvPyelvj74wXThzblq6aJkAKqCLamCrASaFMrJdysdadYjAlOsLi7r3B1Bl+biNQeprQ1wzv6ybCF06JpRBSzDlbdZb/azbuqbtwCW556zoy/PUdi+aw1mAWim+GJvX/dLLr/m/qNWqVav26VuFtWrVvsD2618/m5Ytu08wotC/Am5K2GngB2PFnFCEMWp+HItj7FPpa2KezoW6r/9jaq4lriPaGI/jRN3n9ehHPYNXCVkt4AKg3YM5kOrlmphTglrnOPRQcv/ffffen66/6/70j9fclYYoe+Pt2n820vee8WXUFL1o2n/GF1AD0CKVPsGML5q27IxlhsZrtOesSWN/pfaZWUhj40USQBFIwkMGDSGMHWF7p8pU8AqzE1S4WOeYoM3AJO/HOpJQZ8czOeAAdgRSBB8HIsIS4YlQZOBGIDLIUhijtynBEvsBgTqWPGZ2bI4TEM2bZxBFoIqsjDnhRzFn8OFxTIIX74OBnKAN9bgGlnYM9OOYyvDIewVAG0pQ83DGrAxndh+bfWd23+hFozfNPGUGaY0XzcCM0GZ7zwhp0TZYi4yOShaSSwc1hTsWsMb9afKoGawNmtrA2kCo376npLEHnZ0OvmJmWvRHwKvbZx6tAroKqCI4RZnrnMO25jZjuU/latZ6fXUK4OrRT6gqIU1lG856A7Cy3e0r52dvGsGsALdS3LdGPfvsc/4varVq1ap9+lZhrVq1L6itWPFheuKJpzKslVDCsoEfl/oAQT6vBxQVah2j0yewWe7j0QfQ6TGv6Mv95blQbx1TKuY7SEW9NY9jUMAVQxdVh2KsN8U456vv7mIMx1l2D+4l5tyH8ti596b1LluYhgLQIr3+yNNnpBEEM+4/Y3mKARqTgvDdZkwMMszhbPgJDmbM0ujZGS09voUUyksUoYiED0CGwhUJU4ILBy4HjICJQYADAZqH4EkOFUp2IYAL79BFgDXztCn0j9AW4ILzDOJ+Le3pgrwUgDl4UYIneaoMhhRayJJg5ONaL9nxYp8Yx/R59NlcaAvYCFReai4kMFUf1kNxfIOw5px8QTWvQWCG8wo8/Rj6fLhnAWeDD8Vnxr0wryPvicMZ7lfcTwt1LO6ny7I1oq7SRI9ZBrGO54zZHIfkfWhnq67kIfKkAcz2J5ydmQYC0CLkUQKkDSKkTYH2PRk6JQ3c56Q0ANro9CvSrDsWau+aQKcFVlYnNAV0ZfiKeYSfYh3BqCylmBvrPmpuntcGtRLIyvmsB0BlqR/K7WLM1TuYNf0BYHl8XoCZzwsgm7cwz1VdZQNr9K796qln0qq6ba1atWp/JquwVq3aF9T4MtdHHvmFICMApyWCUSn19Q5rAUU9FOsKaa73lzCVQao4lkILMRZt6yvGY11ZumJu2RdAJhHSCFh334fSx9AmgOV6rGnNRb1zjDyGPoLaUtS3mb4kjThrdhquPWgFnCm80V9EHS+fZip9ptBXxka+04yeM4AZxHeGNQk4Gg+VgQyBw71dACq9y0tQZjCRIayAB744WW2CQ/TLC0SIszrXaG8VwGTYEQ4oOLZgjSDjHieGBxqwOSQJfAyIDIB4jT1hSn2YF+8ks3nNGgMxA0I7D+fZ5xx+lAMbrkFJPaA4th2f18Z1cTyTHQN13jfdO+vXObTGQDQyOCoxiO9BC4Dl/eS9yPvOdE+5z8zqQ1GPex33OLI3CtaUvdFAbRABLbxmAjMDtQbWzkpDoSHuRTNAg6adngbmvWklqAHQBGmANWrvE1OfPY5Pf3vEueniGXPTssXLBEnMqhgg1FIBWSxL0BLMsIw+tGNd9OW61vq6kM8v10nFtZTHiXa5vryGVjvqH6ES0lr9AC7VAWrR7ioArdue62JGyEce/UVasbLSWrVq1f48VmGtWrUvqL344ivpvvsfERA14NOum6LOsoCgLK4pAQt9DkdapzLW2RzVNacZ75YEnzhvM9/GFKYY832NAVRTjzk6TtGfFZC17L4MWtbnQBYAtqyY2x3zMsT2/ShvXnRv+j+X35kGnExAA5wxtT4B7UTuN7NsjeExUwp97TVjOCPhzJJwRNILhvIFiAgoCC3uNbP9UeYRM08ZPTzl/qdzBGeCAoeEIQUwhGy+wZxC8wgdhDdCB6CE8GdA53WV5m0z7xOvA22FWQYsRelQ5HWBJcXPgvZwJuzAZyL4CbQAf+y3PgNDefYEUTwnvX2o43yDDoFwHYMOJbhxnQGW7TGjJ8yvkef28zZQx2vhOXEOzNEazCeIDffjKHujIM3vMz73cNyXYbzPfo8EvAJf85QNlbeM99PvMyEM93/owSwBYxBBbeD+Z0mD5DkzOIv0+0NQEtKGHGAZHhnqyKQhDHXUnjQKcMZyMProUVMbGiDPmsFaP8DaWlNPTYddeXNavIB70hpAIui0IKmXsahn0Ik1Xu9Ka2KMpSuv8XocN6/x8dzPud0y6mUbIoiVbevr6T1TnWXRVom2zWNf2S7BbKHB2Vy0GfpY9DPJCCMF3n6nJhmpVq3an8cqrFWr9gW13/7294ILAx5CUQlRjQyyfE6nP5T7CVLRZunr8jFins/N6vajFGR9xLjmoJ5DEtnmmqIdfQFYIQFaiKCFsoGyEsKW25jqvSjWQ0uWLccxlqf7sOaUOcvS18+bnQbRa6aMjb7vjICmNPoQ4YwvkmYYI2ShgwxnNDgbCpgw4CGIGJxlUAIgEMrkNROUEbpQHog+QsGBAAIAQACB9jrJkwMoICwcQI8O1wTEWXieeYMaCd7QxwyF8tRxnN431gE1wzxscpAUAGkyGLMwymG6dkJRhGT6HIhglPfSuYbl0EvOByh56OFwlDxveLoEZtDAQ+waAtbs/E0pbyDG7di8LruvKjF/EN9rBtmcC9IwHZ/eRd7rCzxDo92LYYfiHvsLqYcC0IZB/A4G4f4NFpAR0ADAArC41/xOUPp3QRAbxO9mmpXWtj1og6cR1mwfWpRMHjKY+9G4L40etALOBkUdgEYx/HHg3j9PA/f6eeq/5/FpjV2PTpuefnm6jaGQ85ekO+f1Alt6B5mB1rz5BjEEJwGNw5EABmNS0V8qv8ssH9fKgLFmbDXA5mOtY1C+VufN9aata5O8n8AFrXYdxznf51m9vbY3Cdq6sDZnvl46/uqrb/i/rNWqVav26VqFtWrVvoD2wYoP0y+ffMZApACb3gDs3hjvQpP6urBW1JWkw9oBay2Y4vFCeU0DV7letNVHoPLjxFj0tdquEq6ivRRQRfHzlyXTcAvAsthu+mJuWbdyeVqy9F7A2r06xq43LUjDTrouDWVSkBOuSUMZ1nhckwzE9p1xz5l7z+hdYjjjkYAKAokAg/Bg3iyG2TWJKSyUkZBlKdwZUkdAIBjYg//QAx0GIJby3BAY6NnBvIEACK6J9TwWPUKEEHmJCCJRqq/xIuk6cE1DBTf2XjDJIUmAJEgyyCKsDcdnUWgm+gWcPoegpBKSh+wQg7YYG44yAxrOR6+XgKqQPF+ENUh7yiDbW8ZjYUxtHs/gjvfWzmHrdU56yiB+nghvjM9KUBuE+2DhjHavzGtJ8f4ZiA2EBuHeDlXbYJnfh0q0BW6EM4hAZlkcDdDCg8YXWptOU4ijvGkhQJlleiSsMdyxA2iCtBNdJwDWTkj99wCs7XxU+l9HnZuuunVuumsBAIzgQXgJEFIIIGEG8n1bKgkw3peByKGl7M+KNewvIasotc7H8vvQfDwDnbdba1DP52cZfbxWn2tjnOf1cszn59T8MdfnsDQAg+I8vWiua95cBzfU59yxQFk0X3jhJf/XtVq1atU+XauwVq3aF9D4XqBHH/2l4CUgKMsBjKGNBljW3/ZgNfUWbEVd6wrA6qXe7Qu4yn1lvRj/KDFtfq4TqgRoAV4NZGUBrLK6fagvQbnEAYwwlkvNZftetUP3oO+WhcvS9y+fkwYdx6yN9KARzC5LTJvf7OViWB69OwQVwgQgAaLXSl4cwgJhKeAAYGUQcI6Bl0OZsgFS/vDPfU162I8+hwEDNqxhyB3qA/an180AgpBHuBjKYwvoCB1Wjz1WlOBN11NAnMRwSZYGPIIeSF4/aFgGIIMhKuZpr5f32Xrz3HG+HYfQZKVBk9+fuEcYY/gnz5FBK+q8p17P1yXAY51lcx6WhNFh7MNxBWL8jPzMkIExhHtCT5m8ZfKYGZRpj5knAhEsoy+8ZQP5HTikKZxxKr8Xesv8u5p6ehrCbI6x/2wqgEyZHVFCAjOKUDYFcEb5vrRB+xLSAGd7EdDoTQOk7Xl8Lgfsflzqs8tRacyUE9PPr56ZFgpEzCsU0NPASeMxavdbXWOdvlyPNmRA5Cr6WRcwZchrYKpUzMvrfG0uY9zrq1Vv670+t5xXKH9+1j3kseznOkEavWsCNsAa5+C4v/nt71PdtVatWrU/h1VYq1btC2ivvPp6uv+BRwU1AiGX4KiErxKWWvKxXuauTlqH86kdSTw6x2Mpda4rt1kW6nrMCGOqZzjrCWCtNsGrA1xLlvSsZ0iLfh+7q2gvRfse6MI5d6X/euZNaSBDGwlphDMlAaHo0QmgIGwY8BB2BDyCIcKZeWf48E/vjPYzeTZAeWAge/A/LSebsPTtKFW3ZBQDlZDC4C08boI1gEOE4FlYninAYyDrASYoDeIsKYY8cvTCyRPH+nlpmK7fIErwJhDyuqCqKemlG3SQQZfaPmZhhgGB1i8PVsCZ1njbYUprJB7D1ut46OMxy+uIJCBScW7VdQz/TK4hB5+ThkHhKTMgM7AdHKCbvxuDtCH4joZCQ3S/7XtqEoNQ9h1p71l8b14fOCUAzUIbBwPQKMKZZXgsAe0kAJuDmoc8DtyzAbQBe1DHpoG7H5P67npUWmPHw9IuZ1+Z5sxZAFgyyMjwArGtzIZzFwhG8hiARGJdawxarG7gUrapgLW5MdfbNhYQZmVuY1724HWOF+OlxyzW57GPkD5rq11cc0vmKctgJiDzusZ83PsltO/w+pNP/jqtWPmh/wtbrVq1ap+eVVirVu0LZvzf3+dfeAmg9WBPAHI4ynDVY9xBKretLGGstb6Yo7LbB8kbVrR7U0BZC8wcziSvB4xlUMuQZWVAVpR3LbkHwAWhjPYS9pW6qyhdi3N5t8T6UpRLF9+djpp+Zxp73BVpkDxo9J55KJ6DgwBD3ilCgXmyAgIITHr4dyjTA76g6/Q0QJ6XeLhnOJylah8gb4w//Lt3xoCt1BkGEDyue9wIfoQLe7GyQVyTJp7g4deD6xqqxBgGbbrWqOP6s9cJn0f1DDvWzvu6tLfL5hL4GMrJOVoLCVKjz/vVh7m2v848XDEn9tvFMWOsafM+cy7vdaMc3knhmngdhFB+JoFZyL+TNpQBxnCPKN47S6OPMmBM9xTfAaGML6nWd2LfzxDIQhrNY8bvUHvPwoPGTI70mjG0UZ6zEsgMygZ5KThD2R+ANgCAJm8aAW33Y027HZP673Z06r/LUan/zkekNXY4JP3wuPPTjNvmpvl3LlC6eYGZQMPq0ReK/hachAgunb6ecx38SgDyMiuDWM96wFFrvov95TF5vjzm54+xVlnO66xrQhvtvJIfi33x+XifypKac/v89OBDj6V33nvf/pGtVq1atU/RKqxVq/YFsw9WrEy/fuZZQU9WL7BUhhS2QMvH8rgAziEuYC7mlsftrQ9qHSv3GZTldkBZoYCypV6Xp8xhrfGaOaQFoBWQlmGtA2WCtQxiKJcYjC0GiGU5pJV9S9C+c+HStN0Vt1rCjNhrpVA7eoEIEQ47hcxj5iFxKglkeMgvHu4jFG4QHugtqYQ91NsDvo9NAaRpvovrXRnaCHEOckP2Pz0NPYAQR8gI0Dgje4Z4XQI4QIo8coCWvP8KCq+bPG8KCSQ8WZmBByKQCkoheqo4R2s4l0Kd4yzLY66+jvPHMaAALAEg2rrHhLUMed72UgAHEepa18O18Z3w8xFiC0gzgDbANcgloBHKDKZN6PN7zP1msedMgK06Idu+r8H7ocT3N4DfaXjOstcsAM3gbADhbK8TAGtWWpij7UkzL9pxgDWDtAGANGnXo9IAgFr/nQ5PX93+4PTXB56SLr3ptnTnvAVpzpw7ARvzHdBQEszmoB99lPod3hposzIrjxu4lGMBMaUChjIc9aK5rXobrFTG8QRUpp79xVp6Bcvx1SmOF/Xexou2fd7mc9+O+8n/oHrjjbf8X9lq1apV+/Sswlq1al8we+fd99IvfvF0Wra0ASLBUQvGyrGi3Rt8rUaxpgtiIYJWlHku6w5gUbc2wAxzDMIMyHj90SaE2R6yAs4AXWp3oUwwRrhqPGPUXYuXqVzENuCLGd6yFhVSe6m0EHC20OtLFt2dbp57V/reuTelAQzHk/cnIIGQw4d/e8gfzBA5whke9u2hvkkeETBmYW/28N5/b5R4cOdDvMleeBwP+QFxBABlB+SxBHkNMAjaCoAbwgyDrBPiAG7mxeP+KUKIKQAl9l4pOYYDnEGMeZ3CI1iGUhJ6hhJ8YswhiHvluGeObc6NvXMqfY6EPnr6tE6wZvNj/x3rQw4iSBpkxTlDzbFw/zE3xq0NyFPbj0Uw43EJY/GZFSpqYYz8zgi1FnLK+0T5/YtEIKjrfvv9J4RF1kYBNdvxXbGcYp6zAfhuA84IY4MdyAYQxuQ5M+/ZoNiHFnC2p4U6lp40ARokj9ouRwrU+u90aFpju4PSsJ0OS8dfdoOyF94BuGBZisAhWGO7C22lCGRlGfNy2wGObSjqLCPtPRUQFnXBnI+rHZDFOSw7yuvL+mrmfqRiTW9rO33xOebeYe24Ryz578wrr7zm/8pWq1at2qdnFdaqVfuCGf/398GHHxPIlCAV9VwCkpqxnmDVVTnH2tbXhTWbZxAW7XIt1SussXQ4a7xnBaxJBmcBa1E3QCtVeMsczhYT1hzSMqwJxKxciJJwtmDhEoM0aUlawPdXoX7XwmXpolnz0/889Zo0QABBAMCD/4GQe2bkkeEDPsMYHdIEWYAzKjwrsReJHpVB0AB5U/Agvw/aDmvywGC+HvwhrhcYCNwM/mwflIlhd6GAOUnXY1A3GBCiZBf0DhEqHeJsDxy9cQYz9MgNw+eiJ06fCSBHiONeLu6Fs7qBkCXaYGZK3gcDInmsHJTs9QIEQhszUPO1gjX2E84KoOI465wT4lwCnLcVqujnMFhjm8BnxxKsacyOayBawpoBa973x/siKPP7g3tmsGbfI+/3ANz3/vu4twzfxRDA82B8NwZpJwuw+b2xb9C+JwLUTgSIA87wvVqY4wkFrB2f+juYDQCYDXI4Gwg4oxfNwh4BabsfnfrvihKANgCARvXb2UFtx0PTgB0OTX22PTAN2O7AtM85l6dbZ89Lc26fl26X7nShLoBD3ZVBTkDSAFwAikFaAysBai05sEVdoPPHoCrGyzlelzernNMZb8/F+VCPPWWl8nX5HPXN8+v7COXPAFhjPX/uOQv0b8ALf6gZIatVq/bpW4W1atW+YPbiS6+ke5c/aADUgqhOCTjS2DIDquiL+t0+HvPKOdZuHy/eY2ZwZvPieCwDyMq6hTgapKlNOHNQM0ArgC0gjZ41964JzFoetQLQeoG00OJFaBPOWrBmgNYbrAnYFtyVTrhhdpp0xPmpP+FFD/t4oBf8NLBk3hb3nBG2CF8MdxOUNWFug/byvUjyqngdD/MEN84fRG8b1zqwBRCoJAACHhRup7p7d6IOmCBQDKAnzqGN4EFQo8dNMCJAA4h43UoTvW/hGVQIpcZZEnIMdiiGVA4jzAlWbd+c1gmGCGgm89rZmmizbuBkECVg0pidJ/qtzWMTurgeba4jiKl0uIOiDAXYxXWEB42QKg+jg1kDvFbyfnEPGtvaN8h76/dd95Zp9VEfuh8gWt+JgfVgglp83ygJa9qDFuJ3j+859qGFFy170AhqEiHN96Xt6nvTHNQG0qO2Mz1qhwnW+u9wiGCtL7Tpz89LM26ZI1ibPXtumu3QppKQRnCbY23uwwp4m3NHA3ICFMDJHQC5O9RvYZUEu4C0XCcQeV9ZD8+UQMml8YChEoyi7lC1OpXzrd3zmO3xGOuc168114t2OacEV6bvnztvUXr6179LH35Yc0JWq1bt07UKa9WqfYGM2cp+87vnMiAFXLXkYwKqgKtot+ZZ+yOP0VsfyqUUocsVcwLEVCeEFXMEZAWIGawVYOYwFtBmHrQi1FFgZvUMZSwFY43CgyYwc0gz7xmgzDUf7fmAM73c9867MG4vEJ52xcy09sFnAYIAP3hYj71lBlH2gE7I0t6jwoOiB3Nm8VMmP38oZynZAzvD3jK0CeoAd3rYxzHdyxbeNgNBO6+uw9sWihfya3OPXPa0Obg1XiOG+TmwsM/7DegINSa2NVfQ5mCnOeatC9ALKawQYwotdOAyKDQZDLYVoYjZ20UwQzmgmM9z5zk+bygBTEDINktAnlLo27g+C69D6/DZeH2EVn1+JgchnPn94b3z8EaDM9xXZWk0MNO9FkgbmBmUAcL4XfF7w/ce3lILcTRAkwLOsvcM37/2odletIHFfrT+UD+BGb1otjetn8IeCWnQDoemftsfnPptR1A7IH11q2npO4efnq6bfku6/bY70m0uQtttWQ5xGeTuzGV43LLcK5chDoAWZakMPOGFIhx5n8CngKUSksqxPMchT20/FtuxJtpRLxXrYn4o7z0rFfN76ZdQN1hrxm7HZ3308SfT+x984P/aVqtWrdqnYxXWqlX7AhkfJJ785dMZhkqAEkQ5NJV9uV6OdUT4ivVxjBLCumpBmINYj3HCmgNa1KMdsBZgVsJZN+SxBWougVkGNQOyDGgBZfKYGYgRzPjS3vl6ia+XOX04X/C7ON02Z0Ha7vzr07Bpp6YBhDI+qPPBPDwmEup7UvSQ0YNyXOrvHpP+se9I3hI8nMtzcow8KYQ4PbwzFE4P9njYp/Tw7wBIUIMYajfA38Nl4ZUGaybMmWIgwXGV8vqgLg+RwxoApfEi0XuEtuqnKuRPsOJzhgJqzMtUAJ1KgI/mEIS8HwqPVA635DrOjdLhMPqjDACMcYM89jlsySNo9XLcxgwADcyi9ONS+mx2XbH/TH38nIAz2wtokKt7Rfk95j3kvjOBMjSY91NQbuJvwMJYHc5QMtzRPGfuRcuQhu/Zfwvx/dNzNgAaCDgzmQeNMg/a4WmAe9H6UYA0etP6C9QOSv0Aav222T99ZfMp6b/uc3S64Nqb0m23zkm3UoC1UrfdBmCjAtgEb+Zpa8Obqam3oa0R2u6BkghvDjstRV8BQ6HeoMraxbzVrM9re8zzPs3vHMv7W+uK/pjbG6zd/8Aj2hNcrVq1ap+mVVirVu0LZO+8865STGt/l6CoF4gCEOV62SYsRd8f6c9SX3Pc1txynivArDcYE5ABxKxuIBalyfehFZ60BsgMziKssYEzC2kMQLOwRgLakgxnBmgGZ3qHlJIfMKlB87/zd0I33DI3bXDq5XhoxwO6gMofwN1TYrIHcqsDxAhnfOgu9huZLFGEiQDnD+8SPS58wD8+DeJ5HAIJbiECHL06QxwcdE0EB+6NgjjHYAJ1loIMhxDIvEcGJywtWUaACtsovT+Smgzcl97E8Cga9BHqKM5pQkBNBCOGagreHJYoS9Jh4CTIi/7VlDbHzhdzbRznY+nnKtcYjPG6UGLcrqsBMgNc1AFjAb6EYCZ64b0ybxlK3bsIZzQJ0Hh/9T0YnAnICOf63ugl5XdoAK59aPKgUfxNGKCZ58ySheTfBbM7huhJ2/EwE+Cs3w4HO6A5pG13oECtL0Ct39ZT01c23Tets/PB6cRLr0m33HI7NDvNQklZ2wDullsAbrcC3KAMcPS6Ochlzxv7cr2EN/e6ObyVCnjTHjjCnENchiEo+noba6kFTT2PUbZLGAvAKkFLwpwefYXimFb2vC5+Hu7Ffeutt/1f22rVqlX7dKzCWrVqXxBbtSqlV197U2GLBKIArQxcVIDUamCqVxXrBVu9rO1CWPQtKcalAsxiLhWQJq9ZIabVJ5gFrPUGaQZohfesKNtetAC0uwzMAGgEs3jJb5N9Dg9noXh4w0PoJTfdmv73kWenvgAw7ikauLt5Q1rZ+fKDt+8xwkM3vSJ84Fb4mrwk5i3hA/mAXaBdWR6Fh3jMd3Cj92WQoA3gBygUCNBTk+HNElVYsooQ+tlWH/fEhdfP+uQNEoiYpy1Dyt4np/57Wb+8dmgL7rjvTvMJcDZX3juBjtVtjADEfmtrPxfaw6YaHDWQZOfsT2mNQxMU++wkzTVpLUGQInSpz8BLcAkJKDOMGUxG5k1bh35eq86PzyNPo3/e7DEzKCOMGQwXYAwpayPuaWRvZEr9JqzRgKw/JejG94bfB79H86oCzARo0C70ovlvZmdPFALpd8Dfw86NF23ATu5BA6T1254eNMoArf825k3rtzXKrVFuNTV9dbMpafQO+6dDzrk0zZp5W7pl1m1pJkrWZwncZqdbbg1ou13Adgtg7Zbb2CbAzRHANd63dhhlA23ufROgteEt9rZZvYAy1POrA1h3GGqNBxRFX2dOjEdft91Vj7mCtfa6UjHWXR/iZ+R/9rzy6ht6l2W1atWqfVpWYa1atS+IceP7s8/9QWBD8DEoK0CtK4cuwlL0teHK5+V2CWHlGrR5PtYdwMr+6CvLgLOyLkBzL1oObSwALSRQE6wZkLU8aV4GnJkAaGWYY3jQIMKZedDwQCY484c9PYi6+GCKB9Uzr7k5/bcDT059dwRo4eGaIWp8sLaHawIZPSGEMAezCFdTyBo9I5T1DWBiiAA4HocP67uwPNJC4QSE9pAvMCQQ6MHfAU7eGwOG/oI4QETRZ3OsPihKARxhBIBCKHEvEUMsB6DfYMU8ckqSEXvwoEickeHNS4M6Ax7u48oQBKkefS6GEKqucQIf2yXoxVrrY0mPYGTTFHRhntVtrdbzWlj6uF4+3Vpj55R3TJ/DPn+AmVLq70P4ZfiiwbDuqd9Pwlk/KNq6v4Iy+04U1urflXlU+R2a1zSAPgN8C8xsH1o//o74e/CEISFCWn950ehBMy9a362nAdQglH23gracCk1Ja2y+Txq+9X5pn1MvSDNn3CrdDM0ArIVmzQK0zbrdSve4NZ43AzjJPW69hU5mcCs9bfF3gno7XLKBttuVrMT/vvQ31ikLldBkx/G+KLtzinnduaFYY/WmX+1yrhKqdNaizc/G+u+fe7EmGalWrdqnahXWqlX7gtjKlSvTL3/5jICG8COY4rvJCk+YYMlhquwr2+ojSPXWv7q5f4rusjK8ZgFnjeesUQa1AtBUdsIdBWwMb+wBabYXLTR/gXnSeoM1gppgTQ9zfNiLB088jMaDKR5aj7v8hrT+1J+nPgxH84fpAahT/en5oLbzUDWID9ns76s+Pnj7AzjXOayZx833JeHhfaCgjQ/09LLhAd/3uClM0mXZAunN4X6441I/hl0C5qKv326xT45heAXYCTYMRvROLwCKoIReJO/TOABGe67kVeL+KwJNgA2BzgCO/SyHEOo0zj7r7496fx3HwC8gSUAIKayQUKa2ebjy+8gEa6xD3k/Pn+AS/TbP5rIde8gIhnEciv2CTqzLYYy6Jn6u8Jz5Z8b9MZjFPcJ9Uom+uHfs67+79fGeEp77e1gj1U8eUYOz8JwJ0vA9EtBiH5q8qYQ0lAMD1vg72IFwH5BmvyH+bmxP2oGpv+9Ly7AG9ResTU19ttwv9d1i37TmZnunQVvsk7Y//sx00/SZafrNs9L06bMEbII2F71tM2fOTjMFbgZvgjWFSPpet3K/m3vbGlDj38U81W+7vYS2UAlr4WVr95VwpX62i74MSZ3+qOexsr+cW5bFsVT6+lJln9aVbT8W96yx/tTTv8W/tR/6v7rVqlWr9slbhbVq1b4g9sEHK9LDDz2htPSCow6YZWjy/l7bPj+PZRHUTEtZ11y22/NKECvbqhPE2O6AGRXA1hugRd28aabsUQtA83BHedBCLU+aA5rvR7O9aHgYC0hDaV4AA7WAtMiodyseZg+96Jo0cZ9jUx/3djBVeuwb4oN0f4albYuHaba3PkAP2P0xh/P6yjti4oM44c3AjZ4Ugtuh7mmhp46eFj7Y2wN/7G0KaLMQTPPgEMr67UpoaLw8/VCPpCYRohfQlj1DAWGCFZSCNcKIw5zPU7IMziHYRMITyteypEeKpc21fpsb4Nes4fr+PB/qgi1BloGewRzmCKwM9Fhyft89DRb789i+VnN0XAJZHL+BxsHqt8+j65AcznRtrJvXLN53ZglecL8YeurezIBjtgcSjAVohDJIYa8OaoCxfoAwC4c1OFNbgGZ70CjBGRThjuFtVWZHib8tiJ40/IZY9sfvSr+vrQ3WCGkMfey7xRSpz+b7pD6b7Jn6/2z3tOkRJ6drrrsJoDYzQ9vNN99SAJuFR/aANWk1sBZ/DypXB2vxnxxNKcjpFd5Y99JhqCX2lf38GxU4NTCV55UlVAJWWWb48jk95vmcXHaOFZ/n0UefTCtWrPR/datVq1btk7cKa9WqfUHszbfeTffc+4Cg56NgLPe7AqayunPLEuoxv6MMYQ5que0SkJXetMUfAWkOZwFqBmnuRaNHrRPyGJBmXjTuTeOeNM/qmEGtgbQMaJRDmgEaH1jv0AMsQW3mzFvT1LMvS2N2OzytyYdmPThHKBrD0PYzbbWfPURvDW3FcZ8rAeK2PRCgR8Aj6HmIG+Ete1Xw0M4HeD7Y+0N+eGfkoYHCc6N9cgAGZRNk2CSBITxx6DNvj+2vU2ieg5sSmABGBGQCOAOVQRpn3eBE+7IEMJ7ohPDGMoDHoSeP7YE21xRzIxSTe+4ovZpAJQHO1xO0UNoLwQFcOK6gjOIxMJd9mufnVB9LnDP2kQkOdV7O4XmjbUDGazEdJzgLgA2wtTZg1yE4EoIEnCmTJ8Mddc8J0v596LsxT5kSg0D8/rQ3MUMZwxwNzOlZzd814cw9aPl3QdgnpHE/2jb4fcVvzKXfl35vhLR9U18HtTU33j2tseEu6XtTj06XXnlduumGm9MNN5puvIng5p42gpvDm3nZfG+bw1v2srn4dxDgZn8bAW0NuNnfTtTxtzSbf0+F8PclKHLosXbTl6GpI83rjrHdQwZXuV3Oj/5yvBdQC7WAjX3FHF778uUPpQ9q+v5q1ap9ilZhrVq1L4g9/8LLGY7kTVviXjAHLJPDVgCYt9Xn7ejLba5f2rRjPs+jdkBXocVR93mSQ5mNG7CVgJbBrANnLQHOTA2gmcKT5nJvWpk4JECtBWvyAJhnIECNXgUmYuBeHnuIvQ0PtrPSHqddlEbteHBaEw/K/aQpemDmw7K0GR+coS0gjRm4ZfGhG9BGjxs9cAZshDcLl5TnTeBmnjZLSOJhkgABeWn4vi0mpdCeuQAFlubZCbFP3jiCXQCc5OF7nrEyvHEsBxHqNBaAYv2EvEEOdBIBCCX3win5SfTHMb2t0kM0bf5xaTDnOyhmmHMoMw+e1QP45PHy+mBCHuezH2K/QZiFg9o1EEa9zrk8N/v0ueyzDNwDn43w6tJnFdjG52Z/3C/bPyj41X2PfWcENQ9p5PcjOIt9ZwxrPNThjCGvHvoqQDPvGb/v/J3jd9B3G/wWImmIZJDGLI+CtC38PwPwu+q3FUp61ALUNt079QGorbnRbunLP94p/a/dDkrnXnJluuH6m9L1109P198wPd0AcLvxRve0BbCFpw2/8ba3LfaxBaw5sIUC2Bza2uDmnraANgezrKJNCCrLUgKkECGp2+f9rXq0y7LoVxhjOf6nqjgOPxf/vXrnnZq+v1q1ap+eVVirVu0LYKtWrUpPPfVbAY7AiHDlnrAMXRm0CuAqYWp17VIxBvUAL5fGCWYEMfYVZXjNBGOlMqgVCUMCzlqQ1t6XFnCmMEcPeWy8aL4nTaAW71XyBy88hClUCw+BfMC8lQ+deAjlw6kgDQ+tM2Zyr88terjlw+7Wx56RBm81Ja252V72kLwZHpI33UteDZUU+vpuvnfqJ4DbN/XDQzWhrg8frvGwzf1F/eRx48N443Gz5BGEOO5xM2hjqnY+6JsIcAC2HQ5LfQkEBAOCgrw55tGxUDtTX5WACnp5AjJ2JWSYJ64fAMQ8csxSiLpC+QxKIjGGvEfoGwy4IdQooyEF6CH4yBPn/QIclXbMrBKIoAAkAlOAIuFKgOWlAVWUDln5fI00RqBESRiLPWRM9tFP52Zf87lCkfyD4meUBLgs6TE7Kg1iZk714T46GFsYo91fu/cO0wpjNDDjvkSTQZkShDCs0cFsgOCce9BM+u4V2gjxd0EwE9wb6Pch9OO3syb/I2CLfVMf/LZUbuaQRo/az/YAqO2a1thw5/SVH22f/vtO09LpF1yWrrv2hnTttTem6667Sbrh+vCyzWi8bB1w6wKbhUiWwFaAW3ja9LdTghv+rgRrBmxNiKQptx3Aot6Vxrzs1su+PD/+rlvjKP1v/vZIcKL+nucp1825vbc58/U5+W/Miy+/5v/yVqtWrdonbxXWqlX7Ahhh7eFHnhAICZYAViWk9YA1n9MCsNW1Xe00+h1YI5A5lGk8YC3AjCDmYKa+DGft/WeNivejtTxoPfelNe9Ii5dYF7AWe9PucE+aHujw8MX//af4gInS9uYwwQJBjZnzAGp4iJ1+88x0Ex5wr8FD70aHnZj6b8qH493xkIwHZD4kb4z6xrt5H7Vn6gto6wug60Pp4XqftCbArQ8fsh3awtsmr4lDW19l+GOJB/htLSSOD/oDBG4EOPPQKIyOoZKh8MRRgId+DnOCC9SZvZLwJm/QroAQKHvjMqhEn88LQGFd8FZ46ARyXi9AyKDP4Ecw5OUgzNExVJoCFDO8Eb4IXugbLAhjGCf7OR/gxTpLqJV5EXUDMtbjWnguAy/KPq99TnuvWXxOgljsK/M+1X1M8GteM91TyTxoA3l/3WPWX9+Necv6bW/7E5uQRgj1PgHj9Kx6GSGyFuZI+W+Cvw+JkG+QxuQh+T8H4j8I+Bvkbw+gtuZPd0lr/GTH9OV/3yb9zfZT0knnXJyuvfq6dPXV1wvYAtoaL9uMHBopcMvAZlkjmYAkwiIjW6T9fTi48e+lUBfWJIcy/Z153VTU8beYS4iQFMBUjuV2zPM55dzcdmjrjvW6DsePsUbW3+6zfn4u/lvyzG9/r39zq1WrVu3TsApr1ap9Aezd91boha2CpQAzQRUBzSHNIeuj1AKwgLCyrrbPLceg7CUjkC0yIIs1ArMYd0hr5IDWiwctwh0JZiWoCdAKT1pOHoLSMjyaLNzRlP93XQ+LBmqCNTxo8gGU76ESqOGhVaCmB9kZgLWb0pV48P3xQcelfj/Dg/GGu6Q+G+2Ccue0xk93VpshaGswFI3QBogLmOsDuKOnTQ/a9Lb5w7c8JhHSxtTreEjvw4d1hr4R2gRvBm7xwK+QOUgwQDjwkDrLQEloMHhQuJ1Awr09O1i2QYbryRu0M+HDvHH9dym9cuGpY5uQQq9cgAthhrBnEBbgQzAiABKG6MGTN8pLE9eXpQFgA1KEuWPSIEGZgVZZD8VcQV9RJxjymLouHd+uR+fRtXsJcR8ZobUfvWP6nLgPqOtVDH5vbH8Z5glyUWeWRpQZiFHy/gqcy71mkBLLQPKYMdGMQCw8p+ZJjb2MgnR874J2gJlCHBXqaJ4086IB8ulB429HcLYXflPuSdN/EjD00X6Pa/54J2iH9OUfbpO+sc3e6bgzz09XX3lNuhK65pobpBawaS9bA2yCNcgSkFhoZBvWDNRae9kyqJkC2nIoZPydhRzgrN8BiGUp9GWQinEvy77WHFe0Y6xsl/25rzhnqyzFvk7/HOjxJ35VYa1atWqfmlVYq1btC2B/ePlVwQ7BqISvEtQIVK2xjjKQ9VZGPdRp94CwaJf9qGcYI5jJo+aJQqIkpKnsxZsW+9E6HrXGm2b70lp70wBolukRD2oANXvgsodIegFuxcNlPHwK1vCQOuPmBtbkgbj+pnTZFdemf9v/qLTmT3eUB4MPxmuy/AkekvGwzMQOenCmNt7NvG18oAa0ycsmbxtDJC08kokhzMvmArT14cM7YK2/HuYhBzY+7Ct0jlAAGOizjWWY1L4nB7j8ugD2SfTGGdAJ6gLk3AOXPUWAFPPCEU74ImbWOcfCLNmfQ/4EPAFAgDVBzxHywhn0EIoCfNhvJaEoYJDzbB2ACn2COMIVZF6uAui4JtfZj2Pu6mujzuvRuay/gUuei+c16dz4TAQwlQRYfv64F/rMDZD1BYz13Z51gi9fz4BSgGz327KAmheN+80CyvRdEdQKr1kfhjeqJKiZV9X2n+E7x2+g35b7mgjy+H3024K/kb3TmptQ/O2YF00ioOn3RUijdsZv0kBtjR9tB1jbOq2/5e7pyFPOSldecVW6/Mqr01VXXZeuvub6Bti0j829a1DLu4bffuxfmxHp/XuBNXnZKALarW1YE7BF6XBWetsC1krvW3jbZvMl2wFIAUlRQgFcGbaKOeor1/XSH/W8vnOM3FeOdfp53fcuf7DCWrVq1T41q7BWrdoXwH79zLOAmrvSYkDRXYAnAVgZwugwxvDEFpyxr2wLxFBX2VEJZmwv8j73ogWYLYx6CWrqb7xmTR0w5pBmgNZ40AzU4j1pJgJapOMPj1rsS4uQxwbUPJubh0XpQcsfFhWyhYdLPXB6mFcOf/R9anyQZcjY9dfdmC6+/Or0vSmH64H4q/++rco1Ntg+fXUDQBsfliU+OO+c+oTnTcAWIZJ7pjW1p40P3+Zpsz1tLj7Eh4eFD/HhdfEHffO4Gbw1EMd9T+bN4UuT5dWhh8dBov/2DnQBcvLE0QPHOiHEYIReo4CTfgKUCK8k3AHWBDGAG4CbXuAszxOgKGAoQEjeOwIQ11hdICRYIhDZWnnsJHuvXEAgj8nxBq6spAzIDBzteM24QZddH4FTn4t1esVcVrfPxs/fl9qO3jH3krGdAdf76DlTaCPE+ykvWgFq8pjxu+A7z1ASsLfGd0bPqL4385pJ8qASzgBk8p4ZsK+5udUZKqt9jvh99ONvg+G2HurYV5Bm4Y7m0aV2Tmv8BL83/ocBfodrbLBN+uq/bZ2+/IMt0rpb7CZYu+KKK9Nll1+Vrrzy2uxduw6wxqQj3VBI7V/rwFp+F5v/fdwyqw1rBmxtSItQyKiXgJY9btHHEmqBkM8NeJMcmKy/AbY8lucVIBf9vrbs766dndcXZVlvlfPxue/Qv3sfrKjvWqtWrdqnYxXWqlX7nNuHq1J67PFfCXr4ELE6GCv7WvMIXF35nKwCyKKvVxiDLEmIw5j3ZUgrRBhT6cAmdbxoAjUPeYyytT+tBWoe9liCWn7wigdEPkDag2T2DuBBlA+krb1qN81SqNh119+Urr3m+nThZVel7+5zaFrjh1ulr/5gq7TGv20DYNsWsAZoo1fjJ/S07ZD6yNsGCdqgDG0MkaR3hMlIqL3wQN4Jj0RpHjd6WvgQT1loHBOT9OEDPwCuj2cILEFOL0h2oOP7uAwkHOS2NY8cIUP7qggbEuvmiYu62hlYAu4M7Gx/FksHImjATk2/zfEsiBxjqX7CkPXF+r7e5nqWCjsEUAm8VGIe+30u5w2Mc/E4lI7BNo9v59B5dD0mApi9lLx5ebklcCk+r98Twu0ACn16N557yqg+CmEEIEO817znCmXU9wDhO9HLqUvo7uE1C9Fzxu+a3z/q+B0Q0vpuwt8EfhsMc+RvhZ5Zgj5/Pw5o/F2tQW8ufmv63f1oe/3ngf4D4Ydbpy99d7P0tS13T8eecW66EqB22eVXpyuvukZ718K7plBIApvDWg9g81BIAzYT/z66aoMboC3Azf++5FlzIIs+azf9kv9tEobKepaDkvrz37OXrXYb1EooE6wxaUiPdTxXnJtt629dQ55rJT8n/x167fW3/V/gatWqVftkrcJatWqfc3v33RVp+fKHBT4ZpARmBDEHNO8vFd6vqLf6Hcx6KOCsaGcg+wgw68q8ZiH3pgnQDMrkRXNQE6QR0FCGN60JfSz3qBHQCm8aFA9c8VAY+2sUtuWgdsssZn5sQO0mPcDO0N6ea6+7MV2Hh9yLAGvf2+vg9NXvb5a+/L3NBWz0ZOhBWV62EL0c0I89XJIeN3nadtVDd34Al8eEyUgM3ORpI7iF8gO97V3S+7QIcRE6ibKP6g4GkMGCgwO9PPL0GGQoeQkgbgC9bwIQC9PrT48cFPutBCgOcvTQxf44Jjkh1BB4DOJM8tb5HLY5roQoPqZxb5sMoCykEHMJWyjl2dvOM19ynY/bcZo+ersEYOyXDC45j1BGBYRJ2+IzQJZ90T5fhliU7KMEZVFqjnnKCMS6j/J08j6jxH02ILPvwL4HficG2vGd9SWI6btjie804Jzft2DdAK0P96HJewbht8H9jxLDHPG7YYjtGvgd8fckEdLwW/vqjwBohLR/28Z+j9/bIn3pO5ukb265Wzr+TMAawyCvuDpdcWUBa9cC1pjS/4abe3rXHNQC2GY6sFnCESj2sIX4t+NqwRr/tvLfWfOfI121gK2j/HdbQlPZV8BTdzz3F2M9QC/3t9vW1z4n5+i6vJ91/tvy3HMv+r/A1apVq/bJWoW1atU+5/bSy68JyORZ89DERRm8GjgLaCNk5T4XoStK1TuhjSWYxZyy3YKx1UCbwMy9Z7k+31R60yjzpKF+J+oOavKmeRKRnqBmafktmUgH1vCAxgctexDEg6KDWglr9lDKB9VZLVi7DrB27bXXp0suvyr9cO+D0xrf2xSwtikejrdwYMODMh+YKT4809vGuodI6uGaHjao78YObD/Dg3iRiCTAjQ/wDH1bM3veIEGchU7ywd/2M0EsIcKBMk1SBAd54aiAuCaRhYGcAUh/1OUhIpSgpOdIoKI+h5ptPdxPQMMwQPM+9fXXCwjkJI41XirWtVZ9Dn5Yo3EX+229ARfrfTCH9YGEQqjl/YJ0DB2H18E0+Oy365InjNcF9VHd+/E5+mxtgCqPo8NrfG55yIpSgIaS3ksCGe9TP91DeslwPwPOXLzvvP+NZxRy4Ja3DN+hwRm+U4U1QuE5c/G3kLOKcs+j9qJZuCMT2NCTRs+t/SeA/WfAV//dwh4lenu/u3n68nfx2/zOxul/br1bOhmwdgV+swQ1wRpAjbI9a+ZZy3vWCGv0JrtK71r2sOlvxMMipcLDJuHvySGN0EZIy162TnhkAFkPYCsgKfpynX+/AUsxb04DVG0w87b3ab63ox4AFvNLaNOc2TZuY3YtuY2Sn+2Xv3zG/wWuVq1atU/WKqxVq/Y5t9/+7jmBD4GIcFYCWnjAop6BLCAMKufF+qZtc0IZzgoYW7TQYa0ENK8HmOV6wJqDWsDZAoc1gzT3pEFlPQDNSgBaoSb8sQE1hT7lhzY+bPn/8jusRRjXLMo9CAqBnG7AZvvVbkrXAdYuv/zqtNG+h6S+//qz9KXv/Cx99ftbpK9QP9gyreEPzWvoAXoblWtuwBBJAhsfsG1fm8IiGcomTxsexvlgTo8b4K2vwt3w4L4JHtwJcHiIX0OZ/+xVAP0C3ihCgGDAPHDKGMgyoM2lMDzBhXmBCG8EjhyuRyAhxG0JOAGQWDZKA7q+WwFm0E+wUQggYYfQth0TnBDkrCQIEe40BmkeZOGXNp/9ORQzi8e0Pnr7WPJY7CNkZW8fz4U+jjGxio5D+IqxrVjGi8bt/AGbagvOCKCEMIYqFp+Tn533Id8LA9w+uFe2l8zCGOUx4/0UiKEuAZZ53zdln99/fh/0nhHOGNIYcIbvc01+tyWYoVxjo93SV8OLpoQhlqjGAI370Rju6J40em8p/LbkSfshfm+ENPwG6VH76vc2S1/Gb/Mr/7Jh+pftdk9nnn2+wdoVlhHyqmuuS9cyBPIazwjZhTX3rJWw1gqH/KOwBt3WDocUrAWosSzFPoe1st4SocnhSMDkir4SrqK/3dfUS1iLud3j5n7Vex+X0M/P/8CDj/q/wNWqVav2yVqFtWrVPse28sOUnnzyacFQgJXBVyGCVglexbxmro9157oEXwFj3Xq3D1qwyIAstwPQQmgL1MKj5iGP8qAJ2NCmVy36CmCLpCKR+TFAzcIg26AmWMMDFsX3qVloFuWw5g+cBmt8QOUDK7PjAdZuBKzdgAfb625MV199XZpy9IlpzI+3Tn/1Lxulr3xv0/SV726GEqKX7YdbmodD2jp9RdBGT5uFRq75Y8scucZPIzSSdfOeMLNfH4W8RRZJC5dsPC6WZEKJJuiNofeN4XMEAcGBeXEMFgwg1nRPHMUXKsvjA+Do73uoWFoYH5NeOKSgjBA/gkyEVUqAnP4Amv6AHoVYOgT1EQi5p8pLerA4bwA0EFA2AGKfzSM0oQ3FumbttDyv/7YGWBkWXfk4Asr2tfCc7G/Jrz9gzIAMELbVlNQf9f76vAFm5jVrQhkNytYUkOF+EsJ4vwOUUef3IGmMXjPznJkMygTiAPLsOSOYyYPmcJYhbaf0VQc0/l4YSqvkIbEvzSFNHl3+5r6P39z3Nrff4b9ugt/lxmnAdzZKG+yydzrnvAsBalelqyIE0t+3FqBWZoNkGCT/gyKDWsCasqK2PWytlP4hgpr+llyo8z9DbmPpwNaCtw6sxR62FrA5FLXaIbRLKIt6b4q5Nq89N46lsdlFn8/rntfWsX4nPvectGzZfen9mmSkWrVqn4JVWKtW7XNs77z7vv6Hl6CUIUwhjB0I68CX5mVQ83k+Z+Fi856FdGyWDl4tMCvLqFMLAGglrBWQJlAjnLVArasSzrxOr1p41hj66F41QhpFYJszt6dHzcQHQT4gOrDx4VIPmA2s8WG0N1jjAy69Eieefnb6l20BTd/ZOH0JD8Z8QP7KdwFtDIukh+MHeHiG6G37SiQhEbAR1naw9Op8ECewAdYseyRgbUN/Xxvr/hBvwAYR4KC+7n2j6KFZQ54aet4M3vLeN3l1UAe89eMLuQlxAgx64yzjYL8t9lY4pbIPEkwYTik4MWjpvxWADjBDD5NAjiDjIBehlZaG3rxT4bHiGEMr+2/jIZaQgZLDmdYwBNPGOI9rBYOab+vo0eNcwqHtFzN4jPOVZdQ1n+IxCGVYEyBK6LRrt8+nkMWQPGYGZZGd0zxo5jnjvVtjEwO1frrHEL1mHtaosNXie7CwRgO1NTfaHRCG703hrxC+2/xePhczh0bSEEqhs/FbYcgjYJ970wzU/D8DFIJLbxpAjf9ZgN/gX3174/RX/7xh+tZPt0q7TTs4nX/BJQp/vOrqa+VVu+aaG/Vi9/yetWK/mkAtwxoBzd63Zp41AFp+UbZ72HqBtVkMg6T0d2VZViMcUp5sqQA1rxOIrAxQi7/TsnRY6gAV+w2gOv2ups/AK0Ar+lX6sSWdvzlm7s+K41iSEf679tobb/m/xNWqVav2yVmFtWrVPsf2yquvp2VL7wMIGSyVgKUU+q22gRO1SPMx5pAWc+MYMa8ljftY53gUIaysE84EYgvv6glqADLtV/O2edCsP+AsvGqCM/eosQxI0541gRqBzaDN9q3RuxZeNT50WVk+JEYoZOxbiwfPMhukQiH58mA82DLl+ennXJC2n3Jg+uaG26Y1/eH4y9/5maDtq3hg/qqgbXOB2xrythHY8HD9Izxo84FbD954AJenzQFOWf3M29aHHjd53yg+1BvA8aG+L8Ml46FfIGd189qYB45qXswNhTcOYEG4YFgewUKwAXjTvjj3ErEtuBPgEe7okTNoEdhxjxy9dIQbBx3CHT1RCr9UH0BoS9QFRYSj6KMMlgyisAZi3cCq9Gq5HBxtT56dYw2eh+d3ETK1d8/7NSbYogigvG7v8+s3KDPvWPaQUYRclP0FtQWMCYrtXuoe697yBejuKWPp93sNwJm8o/qu6C3bOX2VIAb14fcpr2okCfHwRores5ycxsIdBWfUv29tv6Ef2n8CENAY8ihIw+/uy9/ZJH3p2z9LX/rnjdLYf9s8/WibXdJ+Bx+RLrzossT3q13lSUXCq8b9ajcA1m7E71qJRQhrUOlRm1HAmgANEqzh70OgNtP+Vmb6f3SEVy3+ntphkCaB260GX11YowLO2m2rSwFMRV1/2z7Ouv2tN/Xu+Oy8D836ymPkNb3MyXNR8j972Obn4f7Y5194yf8lrlatWrVPziqsVav2ObbfP/cHg60CmgRb9I4JwtDnEFaOB5BFXe2Y6/MykMXaol2GOQaElUAWdYJY9AnSQgSzok0oE6i5Ry1ATR41h7RQG9aYWATARs01UBOsFSGQ8VBmD4n+8KgHyMa7Fg+iGda4bw3iA632ruEh98zzLk57H3R42mSXvdJ/3Xi71O9ffyZg+xLATcBGT5s/SBPauKeNHhA+bGuvEaCND+KRiGRNPJibDNz6EN5cAXC2b4kP+ig3tH1vliXQQufkiaPHZkMLsVuDbUIE90EprNIAw0Iq3SOHPsGHPECEEkDdpnuY58jDK+lJYnifwEUw4yAnEXrQ5/Czhu/b0h4uQNGahKPNDJgClgzAWAeEEfIcrBqYgng8iKVCOnWOvQFqEOq5z8+VQSvka1kP6CSAmoeRcwzI7POwbp+Pdb3TTEBr9yI8ZAQw7i1j6KLure6r3fO++A6491Bwxj55ymxfIgGNIY05rDH2ntFb5klCKAN4+z3oN6FwRyYNMQnQKP2eAGoKedzUQW3j9F/w+/vKv2yUJmywRfq3bXdNW++2d5p66FHp4kuvUOijsj8S0iL8kSn78Xtm2v4ANf7WDdYs3FEhkAFoIYe01r61gDWB2u3yrNnfUwlrDZjJs8a/wVIFsGX532xWb32FBFxelop1uU9tzm2PtY4f9bKvGAtYi8/09K9/4/8SV6tWrdonZxXWqlX7nNrKD1elp57+rUFTBqqALocqB6/wvGlOCO0S3P5UtaCM6rYLyYPW7SOcLfB9aQFopQBk2bumuoOaAM1ALXvSulI2yAVNGKR71wRteDhUaFXAmqsMhzRgYzjkrQ5s5n2gJ+KcCy5N+x5yZNppn/3TFrvtm/5hix3TsO9vmr70LxtqH9uXv21eNknhkUzzT3ADsLmXbQ15SoqEJIQ4hUq6lJI99rnR62KiB86Eh3731igJBT02ggOAAuqSQuu4B4peOYMIll8F0BE8BBbuFTIQgbinKrxDBDtAyxqCPIMWS3RiynCz2Z6pHxRgp310gB+B1Sa+n0uQ1ACeQi8JY4Q/HyPscZ7tCesFoKCybkCJeYRKSGMat3WsEzztWl2aZ6GK5mFk3dSXdQKsgJaASyAL2f2Le857rZeeU2zLE+rfg+DawMz2nO2gsEYlmaHwva4p+XctMDM4429CvwuHszUghdM69GtfGr23hDT8zvh74+9u4Hc3Sd/YcOv0kx12S9vuvm/abq+p6fDjT9L71a71ZCLX3WDeNEGahz/Ge9UkBzQLeWxCHw3UHNAEafY30iO5iP5+AGyENHrVCjWgZn9r0e6CGttlWaq3PskBarV9qAvGOoCWhfZtt9u15DWlOnOpDGsQ78cjjz6RPuSLLqtVq1btE7QKa9WqfU7t3XffT48++mTi/rAMXAS0Re7xCrgCIAVo9ZDgrg147OdaQaCXUVeb0OV9JYCFyr4Idcx9DmilCGjco1ZmfgzFPrXwpIU3TSqhzSGt5VlDmYENEqz5w1kX1uLhU+FdeEiVh8E9bAyJpAfiwkuvTFMOOybtPOXAtPO+B6Tt956afrj97mnyT7ZWlkg9QH97Y4VGfrkANj1sU3wQ/yEexAluP9w6rSlg40M6gA11azvA0csiaAtwa0Sv21epDQAE9NwwvE4eHBehQaGULA0wBG+CNkiZKK2+RsAcoQRwwjY9SAFxLAV4ghkDOsGbhwf229RDLQk87HcgyhI0AaAcwPqxpPL4Xsp6uQbqAihBoR8LWoN9Or7BlMnGdM4IU4R4bgl1XlM/ZtZkf3gXHcj4WRQu6mDW1+HMPGe8H/RUxv0xCIs9ZXFvBWkEZ3nMTAbX4TUDWKvE9/fv7k0FnNFztqa+Y/ecaR+awdkaTFKj3wpDaU36/fB3xN8Tflfcm/b/Y/gtQG3cv2+e/mnLHdNmu+yVtt9jv7TdnlPTjvhd/vyMc9JVV1/XeNNuJKhRtkdNHjX+rvn7nuGhjxnQivoM86KZJ60DaIAztW8NWMPf0mpgzf7OHNK6wt9it92AUdMu+1sQ1YGpGDdI++RgjSKs3bv8wfTuex/4v8jVqlWr9slYhbVq1T6n9tprb6Z77n1AUJRBiqDmwFXCVdk2eR9AbYHD2oKPgrXiGAKvLqwRvHqDtRjrReFJK7NA0oMmSAtvmjxqURaetRBALUIhS8+a7VsrEo1Q+aEND2d6OIyHSvMMlHvXAthmRDY8PNheduV1af+jTki7Tjsk7bLfwQC2A9NO++6fNt913/R/ttw5rf0jPGx/+2fp//tPG+GBGtD2r9zH5iGRSgZh0LbGDza3h3OFSJonRZn9WNL7JhnAKQsgRY8MHvz7/NjgTa8FYJZASnWG2DGEkuDmHjiHOtUJF4AM7YvzjJSCD8IIPXM/YdgewYRtAzvCy1d/2ojt0itn6eatbtkOHYAIRAQmCtBEBUQRsAzAHJo22iN9dUP36DlEWWZMA0YmV4nz5f16HMN5v1qAJpN49OVceQ95jbanz47D+XbtuU9tBzJ5If2zZw+ZA5lAbAfcR9xjwrI8ZTukr2TvpwGZec/cKyqZ90zvQwOURbr9JkkIvWYBZigjWYjDmfZAhpeWkPYv+E3900/TX/2/P01Dvvez9N823ib9dIfd07Z77JO232uqPGrb77N/2hm/y1PPvlB71G4oQh6zR62EtelMphPhj/i9A9T0u3dFyGOGNZa3zPa/Ff97IazRq4a/I0EbVMKahL+zFpxRZRvl7NsAQiwJQqhLAUaApQxUrJcQleUw5nMC1qKd670JYzp+UfY2J497Hz//XUvuSW+8+bb/i1ytWrVqn4xVWKtW7XNqL774clqy9F6BT8BThqtSDk/WbkNYBrDV1Uvw0vqmXcKZ6oSw6Oc1sb/s68xpedEC2EpQkyet8KhlQGtAjYCWYc01pxdYmy1Y84cuPXDxIZEPkQZrsX+N3oJ4QM3ARi/bjFvSldfelA45/pS02/6HSrtMBbDtd1DaZcqB8mhstMs+6e832zGN+uEW6at4wP4v39nI3sn2XQBbfhBn3ZJEhPdkjSyDuQiFo3J4HB7219Set/C6BQyYx0aA4F44JaggwAkgXAI5k0Iro2TIXgkmaPfJiTAIeE3IpcIqFVrZhAISdmzfFuuEIJSEopADFhNyCJrkwXLwQjvAieAlQCQUCg7tnHYO1AWVBE2HyQCsjTgHQtnMYzvm7JL6+jFiP5l5x/h5XP75CbJ9dD8g3ovwjvF++v1eYwO71/R66t6zL74DgpkA2zyk9JoSvgVpP9gK3y0BDQK08/tWBlHKAS1DmtfpnaUn7b8oxHajNBSQ9q0Nt04/3HYX7U3bYc8pBml775923OcA/AYPTLvuf1g649yL03UAtcj2eFNAWoQ9QpFM5GZBWoQ7FmGP+v17SUhzz1qGNIGaQZv97bQBLcMYFB7ssq8rwk+AEMuuyvFe1QWsst36u7c+O66PF33mfUe7WL+68/Jz8t+eF196xf9FrlatWrVPxiqsVav2ObSVK1el3/z2OSURKWFNcOV1ZmEkFKlP/Q5fKq3eAjRPt9/Mi3VFvaMugPXoL2Et2q4WrLkCzCQHtgxpJawR0lDP3jSBW5NgJHvXHNZUdh/C/EHRHjAbWMvJE1AGrPFB9robbk4nn3NR2ufQY9LuBxyedjvgUPOyTaUOTrsA3Ohp+xmg7R+32jlN+MnWadAP8FD+XTx048H7S3wIZ3II338U4LZG6Pvod4Cz9OwBbfTEhMdt67QmIIChdL3teTOoMLgQTBDg0M7Q5tkomeQiYE5AovBKh7if0JNEEdjMSxeZKiX3yoW3LqAuYEhAJEAySGrqDUAZ3BlY5RBNwpcDFBNz2DkamIpzBljl63DvYVyb1Xf0Y9i1x/wYs+Pws+1ggEavGWSeSxM9mbqX/76d3psXGRrtlQzmKRNM/zD6zXNmYa6m8KJRAnF8t/Ki8Tv2711ZRP338GVB2qaAfMv02O/7m6a1frRF+ttNtk8/2n73tM0e+6bt95iSdgCk7bD3NP0nASFtp30Pkldtz4OPTOddfGX2pEXY438E1izb4+3/IViLv6Fcd0ArIU11QZK1s8o+r+vv08tunX/DmqfXcTR/z6EuhDX97fk8X/SH8njx70Spco6uF5/1N7951v9VrlatWrVPxiqsVav2ObT33/8gPfHEUxmMMmyp7X0OTlIAF+c5jAWkSTHH5/MY7Xb7eBm6ShCLkiBWhDaWfXksAC3mlbBWhj5CBmcdDxu9ae5ZywpQQ51eNcGa63aWAjYPj9LDGB+88MClB0pTQBsfSJWaXA+qDP26Pd2Ih9zTmGTk8OPSngcdlfY48AiDtv0Pc2gzYKO4p22z3aek72y3R/rWJjuk0Rtslfr/YDN52v6KCSKgSPuv/W0ue3DfROAmeOPDPD1uhLfwxGSIgwgFOXTSIUGeOO6HCg+Pw8W/bWsv6wbIyTMHmAvPnOBOgGIQ9xVBHb1v9CIZ1GW4A8hRBnQEPMCPZGBnEEUgcmByUCIgRVt9Aib22dzwagm+eFyAlB2TmTI55n3yeNmYwhN1nbwmAy67PofQjmJOhlaJcGtqPGUNkBmUNfeX9/wrkUrf95vpu/i+h7ZCFuJIGZwJwAVm/E7xHdOz6p7WL39n0/RXTMGP750Q3xf9I/59y/S1DbdL/2fLXdKPd9gjbb07IM0BTdrngLQT907Su6v/LICmHZr2P/rn6eIrrmnDmUIdQ+Ep9tBH7k0jpBHKCjjLgObi7z9AzUr/O3FAi7q1+XfUKEOZ5H9rDkcBTD1AyOsxL/pbEBX13sCqR1/7OAQ6XU/Rb/U4d9SL+V5vjjFX9+HJXz6dao6RatWqfZJWYa1atc+hvfXWO+n++x8R/BCqBFeCqlAHrqJdgll40GJOAWe5z2FMdYeuEspadSjgq6yXYJb7o89FKFPpQBZQpj1qDmuhgLNWO7xr7lGLul6QHcDmXrZmP4s/lHVgTQ+fBLVCbPMB95xLrkpTjjgh7XXI0QC2IyVBG4BtNzws74qHZmm/g9OuUwhtB6at95yafrrzPumft9ktffNn26cxALdB3980rfFtZvTbyF5o7MlJuD+JErAJ3PBQ7x64LIe2HDLJxBShAAdBhUGbvD8Ob+ENYjKT8BTJK0Q4Aaj0IawQ3KA1N7CSCTIamDGg64IQoYmlQIig5TKYo5gQxeqCLpY+9hWI83hMvr5gjR81sBWvN9CLxb0t0OK1qN5cl64N6qM18Tk4jpIAps9k63IIo7RN+grBjNDKeyVQQ8n7hXvJ0MWAMINlU3jK+J20oMzrJsKZgVkWgOxL/+qARkBHvT/AfK0fbZm+vvF26X9vsUv6t+13T5vtuk/aHr+dHfYinFH7y5NGSNuJ/ynggEYx/HHX/Q9Px55+brry6hvakOZwZoAWkNbsT8seNQFb8bvPkAYFjLknLYCNMGaA5uOs6+/Ipb8r/o25Z83rAUldYAoIinbML/t7U7O2gam2Yq7NaV1DyM/FOtf0OibZMZg0hffg4YefSB98sNL/Za5WrVq1j98qrFWr9jm0V197Iy1dttwAKGAqAKuAp1D09wAwr/docx3areMVYwFieaxQAFjUc3/Amo+Xyt60DqzlsMcC2rqwZiphLTxrrDewloENsKZ9bAS2/D/wfECLB7PmQTPEPiZXuPDK69LUo05M+xx2bNobwEbtdfBRac8DAW0HGLQFuO2Wwe0ggBtD1Q5I2+Dhe0OA23e23TX97abbpwkAt6GAsjUJa//8U2hDE0CO79FSZkk81DN8kg/5azBcTp4ZSN43hwOV3AsVEEEV8AbRA7QmIS73haeIEIeSAFcCHoElYC6ATgLgOOyEZy7AR3AnQGpkEOWA5VK/gxOTdait48QcHncbhXsqeyLOH5kUv+IeQiXv8JJzS/BkqGjOtInSIIzyuQ6tFPeVWVZG1HmfVMf94f3j/SygSyGsqqNPIB2hrSa29S4077fvDlBGjyrEkjDeB9/foB9sltb+0VbpGxtvn/7PVrukH+2wR9p0t33wG9kv7bD31LSj4Iy/G4i/H8L/fgcL0nbl74uAdsDhJv6HwUFHpJ+fc2G69vrpSohDL1qGNIJZeNFC4UXzsEfzIheeM4Ga1wPGynqhDGfxd1PUCTjN31EJPa74u8t/f4W8rw1epu5YjzbWq65kJe3jxbzcjjFfo/afIN6Pu+++P7399nv+L3O1atWqffxWYa1atc+Z8b0+zz3/YrNfLaDKywxdDkkxJ5cYWyAVIMax+b4u1saxUA8ojLEWrN3pfYCuXBb1rGj7WtYDzNQ/r4E286p14K2AtTaooc8hracAafSuSdy7ZmUrHLL0ssWDmz9cNg+Z1Jx0xbU3paNPP0+hkAQ2QduhxwjYpIOOhI4AvB0BeDvcwY0P1wcrVHJ31qdaUpLt9p6WNt9tSvrxDnumf95q1/Q3G2+X1tlgyzSEXjeAGoHtr+h9+zYe8hU2afuY7KXIBDbz1GTvDYBN8Ob12P8WXp6AOfaZDOosbTygBCW9SAEsghbulyO4AGgM6CzMshQhh147hV0KfgBEKk1rot0nYIqwhPLLPyR0FYAFhbcvH9uvQdcRfXEd0FeYtMP38xG2lPoeyi+S1ucwqf6DLQCrBNZom8JLVoaaftlhjGBs4GXQlcNVGbLI8l9/Jn0F0nv2BGP87ugthf6ZyUE2Tn0wzu917X/fIn1tw23SP2y+c/rBdrunnwHct9x937QtAG1H/B4I9OE923k/iklsDNBKSGP4LUWvroTf3e4HH51Ov+DydMNNM92DZgoPmrxoGc4c0ORBQz170prXWAjEHNYaGOuAWan8txL7QP8EUKNaf3e9tNXnAIX+ErIEY95WXV6vZk6M2992s47H0pzyHIW6Y/SimdqfhfeG/0a+8urr/q9ztWrVqn38VmGtWrXPma1YsVIvw85Q5TIQA2A5dLHdBbJYk8cCwKJezi3mW3p9Qloxpjahq93O9YC0UMx3xZ60ck6vsDb3o2AN9Tu8jjK8buXetawWrFl679tnA9r8YS5grXxQax7O7tD4tXgQPvG8i9O+R5wAUDsu7QuV0CYdAmiDuK8twiQJbnscCKFkJkmCG71u9L7tAXij503whgf3DXbaK/2/W++a/vpn26d1frJ1Gg6Q6gtg+NK3N0n/5dsoUf8rgMSXAGWUwEIwRlhzGPsBYQ11B5CAtS+rz6EuQvkENYA2gY3BT0CSAdGW6csORtG/pqDNFLDGOVHPwFXI+tuerQA6hhyyzeN+hcfk+XQuXlMBVl5fE9fOa+Zn+PL3TAFkAi99Logl2617FFDr+r7BbYBv6RnLMOYesa/Q4ymvJyGaYawb+kvRf5r+yz9tCP00ffmfN0x9AGzDf7BJGrfBFumvN942/e/Nd0o/2Ha3tPHOe6Vtdp+ifWd8uTplmRwN0LTvEYo9kPqdOKBJ+g8AyAFtT3p1uX+Sv7NDjk7nXXqtQh/bsMYXvZceNIe0UPQJ1pr+Hh4zqPSk5Tr/Rjie/1YayOn5d9QZc3Cy0EJr6+/RU/d359rfqvWXYKa+rPbfcHed9VkYYzlHQt2O1V6zuusnrPHflhdeeNH/da5WrVq1j98qrFWr9jkzJhd56KHHHXp6AlQGrACxsg8KoIqy7O+ORZ+UoavT1xmf57I6YMzHrb/zHrUAMlfXoyYIU1/AmSmgTPXwognSGlALWFPfHKv32Lcmr1rAWzz0NQ9s8qj5gxzfzXbjzbem0y66Mu175M/TFGjfI44XuMnTdjigjTrsGAM4PDxT9LZpf9uB1BF40ObDNh++4xUAeDDnHrdpB6c9oN35kL7fQWn7vQ9IW+6xX9po133T93bYM/2vLXdN39x0xzR+w23T8A22Sv0ALl8GZPzVdzcHtG0uECOkWB1jAhiHMIKOg4z1OYRhXnii1hBsudgWiDmQOazlcQIW+vUibwIX+hRKyDr7PAwxZ61Uv4UnMrW9Ep3EWoggx1Lhizov2waGJoKanZv1Nf8N1xewxs8qjyC9hA2gWRio1fW5WeLeBLSVkBsQR2BbI4vAZolguKeQKfT/C8BMpTxm1IZpzX/dOA0F8I350eZp/Q23Tv990+3Tt7faJW2ww+5p0133TtvvOSXtvNe0tIsDGsMb6UHjy9V3ovdsCpPSmPdst/0pBzMoPGeEswxoDmncN7nXoaFj0lGnn58uu/pG96QR0MKjBkijAswKIIt2K+SR6gJZwBjLkAMM6yXQxFgATbe+ujHJ/9ZYD1gKKCv7e2vH/Dzm4xniOscPb5n6u+oeYzXiveK/Jb/5zXM1yUi1atU+MauwVq3a58zefvudtGzZfYIZgRZArAVs0f4PwZoDV2cs+iQHsB59nfEAsTy/6O9tXO0C0OLdagFqGdJY93YL1gLSonQFqNGbFrBm3jUDtoC1ADXBWqj70AfRs8YwsnMuuzrte9SJgrUpR50AoSS0HU4dZ5LHzbxu3Ne2D71t8oL4wzZkD+JHWkgbHswVMkmAm3aotacdkvZAe088wBPg+HC/3d77p8257223fdP3d9wr/e9tdk//bfNd0nqbAOI22iGN+PG2aQBAqE8BORSB7EsOZl+GCFYBataHtpcckxeNIMVjEJoEUCWwGVT1IWBB8ooBygy2IJaQ9psFrKnOkiBmsGYQZ2tKWItz63wObQGVdn6rx2ej4rMS0NaUpxCA5mv0fjOCG8QywLYU4fZL36WncjN5Ly2xi+0T7PvdTVL/72+Shv5g8zT6R1ulyT/dJn3rZ9ul/7n5juk7W++afrzDXmkTgNlWTKu/99S0y777SztPAZTRa+b7zghmEuHMFV7WXac1kNYNcwxYkyfN1cDaMdCx6YSzL07X3jATAEYvWrEvTR61wqtWAFpAm8Ea6oSzDrStFtYKEVxyu5gXUNMbpJVt62vqPSDJ2/q7VNsBrOhvYC3m2Ji1va8UxnXO7rl662O7l3nxGX/x5NM1yUi1atU+MauwVq3a58j4n7cvvfx6Wrz4bgFNhi2CT4aoADCHLY1F23VnMdZVntvuKz1mvakHhLUArANnXUDr9JVg1gI1qAVppQpQC1hrCdBGSLNQyLaXrZQe+gLe/AEw+viAefHVN6aDTzwj7QdI2w/QpvJIQNsRJ6T9AG2UQZuVOUSSD9cHMylJ1LsAxwdzC5ek902lP7TznW6COIEc974djPbBSjqxHT1we05Lm+4xLf10F0LcPumfttsz/Y+tdkt/A5D72qY7p4kb75TW3nD7NBwwN3CDbVP/HwGMCFzhwYIEcNCXADdfIrwRkDD+ZYihiYI41RvIKkErPGY9vGbeZ7L15m0zsa4XfqPM63hdPBdLruG5C5DMdYwbaBpsGngGwAWANgqwC1AlBPbD8Qfh3EM32CYN32DrNOrH26TxgLH1Nt4u/fWmO6S/32yn9I9b7pK+u93uaQMA8iYA5S33nKIsn3whNWFsF0peshLK6DkLrxmgjJ4zhjR6WGMAukJk+T0TzALkHcgU3sg+bwvQ8PsxQMPviL+tw45Le6J+6gVXpBun35puEZAB0lwNkDUQVsKagKwYkxzQWrBGOWR1pT2ePqcnzHjfrQZHpljXzO0ViLp90c6yv83WmkIZADE3g5nqPH/Msevo9Zo6aq7dS3w+vhD8gQcfTe+8W5OMVKtW7ZOxCmvVqn2ObNWqVemZ3/xe+80IPhnKirqBlqnxmDXzYq7qedzUgi0v/xRl2CrXd0FM6mVNzCOkAcLKegvayjphDUCm0uEt6j3BjR42AhrhzEGtBLRegK2Hp02am27Hg+E1N85MJ55/adrvaIJayIAtNEXwRo+bh0g6sO1zqO1v44u1A+ByRklKD+Z8QD/C4c2FeoAb07RbCKWVBDh64PYQzBkUCOL2OTBtQ0/cXgQ5euOmpH/faZ/0rzvtnf5fwNz/2nqP9Ldb7pb+GkD39c12TpM33Smts/GOaTSgbuRPAHY/2S4N/fF2aeCPAHcAsb4SgQqQJYhiohArA9yYOER9AjcDPfZ9KYS51JdZeh/r0S7nfhnrv/QDg7G/QkmAJKAZyJnHjcBJzx49fH1QJ3j1wzX2hwYCAAcDwEbgM6z10+3S2j/dXt7HST/bMa2/yU7pW/jM/33LXdP/s/Vu6Z+23SP96w57pu/vtFfaAPdnYwDZFntMSdvsNTVth/u3vYcw8lUMu009yO5zeMfo9UQf33kWbQKZ9pp5afvO8B0RzBzE47tlaKx97w5kLAVlvUi/GwKaaR/+tg4/Pu1/3KnpnMuuTcz42MCalWr3BmuAsAxrVDEe4NVDDjRd8eXQMcegxktvr1aEp976S8WcbtkV+7PoYfN+HythrVyXrzU+SzHWm8o5/Hwzcb+WLF2e3njjLf9Xulq1atU+XquwVq3a58hWrvwwPfzIEwKTLmgJglZXj3bUoRKich9BqWiX/d129HWBKyuOzyyPUjHWUQYxydv4jBpzEMvj0YYaUOsCmkkhkEVdKrxsGdS8Hv0xl2O5rv470/SZs9PpF1+dphx9Upp2zElpKoX6VMBbS4A4yrxu5mWbIh2v0rxveNjO4ObwxtA2f2jPQn944Mz7Eg/61ma98cLZi7oD5gwaLBMlE5oQKOj92QFAt/0+BwjotoK2gDbbY1raGGD30932SxvsOiX92877AmL2kqfuH6F/2Gb39Pdb7Zb+jpC3xa7pmwC9b2y+q7x36wL2JgGC1gEMjQf0jYPG0qO3EQAQkLQWteGOadRPqR3SqA1drHt7NLSWl2tvtH0ag7VjsW4synU22ilN/tlOaX2c62sArW9A39p85/Q3uI6/A3T9j612B3jtnv5x2z3TP2+/V/ourvsHO+6dNsBn+Mku+6Sf7rovIGy/tOnuUxVKujU+73YAsB32ZYIP94bxheYod2HGToexXQVhbLPfwxYDxKY6NB8Q99sU34Xk3w1DXuM7LBXfMb9/gzL/PTiYCe4lQr8LvyHpiBPS3tCRZ5yfLr3mJoCWQRkhLFRCWAvKOoCW2w5vyvzoABMgZvDl9WKsCzNUrsfamO9j3TXdvtWqA1sfpfCAWb05R3jVyv7Ga4a2vIA9r9XmFG18LoaV8j/PXn7lNf9Xulq1atU+XquwVq3a58jeeW+F3q9G4MgwVkBYBiSv3yk14915ZVup8wlP3l+WcTzJAeujRKha3VyDsbJdeNMCxjpQ1gPSCGClF60soQh9DEjTnjWHrgxr7kULEOsCW9mO+YQ1/q/9+VfcgAfkC9O0Y0+RDNYaTWNJWKP3TclIwtsGUMPDtZUuhkviAdz2udH7ZuDW9r7xgZ4QZyC3twMcH+z3RB8zAsZDf4TOmQgKBLs2yO1OuIAsrBJCnd451gkhUdJLR0gRxEBMiLEDQG97wM12EmAPwLfVXgC+PaelLQBBm+2xX9pkd9PPAEYbodwQkERY+uluU9JPdt3PxTpBCkL9p7tMkfdvQ/RthJJgtQmOtSmOSbjacq9paWucY1tB1gHS9jg/gXMHCtdD6NpxX1xnAV58ObmBlsGWtB+By8SXSu/Mz8nP6wrPpdqqm3ifbG9hGb5o95bv2Yu+8jswKOP3Fd+ZhcIqnLEDZuExy56zLpy5lNQGvycmutnniJ+nE865JF1/0y3ycJV70f4csNZVF3iiL9Tt79YFR6sBtBKc2v3t4/Q4j19zWfY2J4ttyebFeTnGe8Z/u557/qW0qiYZqVat2idgFdaqVfsc2UuvvJ4WLlwqCBHgOEAJqtQmVFk9QCwUfZpXrI31eYx9MQdqremqM7dUhrA4j/qa8ay5DmkOZNFf9rVAzYEstwlpHyHBlgNaBrUCwizpSNR7UQF11B3QZdfPTCecf7nCzygC2/4Et2NOzhK0HXOSwiTlYcNDdYBbK2TSYY3ek30pPLirfSgBzvoIbIS3UOl1CaALEAiIYxmhdbEHas8DDebkkaPHBxLQKdGJgR377GXLhBICnoFdiKnjG1gxeNl9GjSVkMd9WYUAONkLpT7M4Vwm01A/+rSXK0p6rho4sjUQ2xyHBFA4l80jUHEc/ayrbWNZPI6Pcb7W4NoFrlB4vlT3z28hig5hud1RgJh7zATLKAXSIf8+DLg9DFbfm33f9p3Hd03vK2GMcEZZWyKcFVJyG9dhp5ybzrjkmjR9xm2ANQeugDQHL+uz8MbcX4wLzG4xMLG+sjRACThpgUzAi/fnMc6/tQ09Mf6RfSx1LhuP45fz8nz2e1ijzWMZ67vzra88r+aWba/fwmN5Xeq2o8/7eR+5b+6pX/82rfzwQ/+Xulq1atU+PquwVq3a58h+/ZtnDWQAKYIaB6E2hDVgFv25Xs73se66Vr9DVqkcpgg1fe129JXt6OutPxQApnllWShgjSCmdgfOSnUhrXdY8/6YE23VS2+b9RHWrr/51nTShVcC1E6DAGqENge2gLYMa+Flo/BwPfVI7nEDqFGENfRlcOPDuB7QzdMWsGZtq8dDPmFNYZS5bYBWgh1DKqNfyU0O9jokeAvI4Hvh2NZ+OQh1AV4BdbuFCDZREtYANbtJgDzBXbQNdtgWKAmcHKjY9jFK84oxG/cS4niogUgK14G6wZfNU38+Rszz9bhGg7M2dFG7s+Tn9TbH7PNbvZxLxb3jfQswC3AmsJUAze/BvhP//vh9tmCsqbdgLQANvw160VTH74i/GZbUEaedly66miGQBl2CsJCAq1HARlPvjAlA7DgxNyugJUDFAcfAByXhzMMHDZCa8QxDsZZ1b2u8SD6S58dcV9lflmW/ydtxbi/LY1sbc4vriLrg1MsMq4XimDyexrGW9++RR59IH6xY4f9SV6tWrdrHZxXWqlX7HBn3q80BhMx1b5Qgx4GqaRfQ5fUG1qgC1hze2uu83a274tz5fOozkMrz4kXW0S7UBTD1Fe3Vys8ZXrUWmBUAF2UAV8wx+IJKKCv7vF9wVtQbWGN5p2CND2lnX359Oubsi7N3rQesCdgM2mwfWxEaWWaSVHKSxutmYZLQ4ZSFSZZhk7HXzRRtPOTLW2P9AXA5jI710hNHcECdqd+jHWDRyCCEYZYBJVmEFZR7+AuZBSxYY2ON9gD8xRqDnChXIwciHj/64lxMumHHCVn/7vQMQqzvxfPmc1HWjj7N8Xp8TvV5PaB1j4Oi36CrBWAejtrAmN0/7Tn0e9mqS+V3AeXvzhWwFnDWFeHMNYWQFiV+U8cxZf+NswARhAmA1x+DNYcLg4+eY/+3sNZjLpTBqNOf5f3lvO6a7v6x6Nf5o8/L1jjX5nZnjh8vz0VfgBfbuh8xp5wX0jGac3Hf2vL7Hkrvvf++/0tdrVq1ah+fVVirVu1zYu+vWKn9aoQGwoqBTxuIunDUGyy1AK2jEsICkPJYAU3R18yzc8V40+f1Yl208zHKMMhi/h1ZgK15RdhjAWVqO4ypHyJo5b5QvGdNY+Ydi3YLyoq+UiWwcT29bJdeNzMdd+6laf/j6V1zYCvATfvZGBIpD1s7NNLAzSRow8N3gJuFSTq84UGdMq9bG9oEblT50A+pHzAQpfWjBCSw3PtQg7c21JmnLu+bUt1AQxkIM5h05ODCuuZ2xltZDQE7Bn4OdS21+wIOWcbx8zE1145jbZ+L+mqvs1DMyZ+vqCu5i8b5ma0dXkq95JxzYkwvP+ccu1+E4XwP2Y77qrInnEWYo7yp/j2X4Y3ynrlyH34rIXpspx1/ejrtoqsUAjn7tga8MnxBAR63YLzsK+e0oCTq0e6oNyCKkMcAoexli/EYK9ZJfp5YF/VuO8/tdV3MtzV5fZ7HetmG4jihTl/Xm9ar8rExH2C8ZMk96e133vV/ratVq1bt47MKa9WqfU7sldfeTPMXLBE0NKAD6HGICRgq1e1roIj1pq0xHcPn8bid/vbaTp3AlaGL9RiLPs5xlXMgAlmeAwnCesx3SHNAs3XWzgKUBWwFpAm2SgBT3eexXY4XczK4xRxXQJ1CIWfMTifhQfmQk89JB+ChWSGRBLeAt2MLaAtwC2gr63zoPvpE1MPr1njcFDbp9QiVDLCLvW/ZG1fWoTKs0uAu2pSBW0CcgQVLAzvBhcNGVgaSBlKirzWvUGuOYMgl4GnAKMthiXOyx6pYk8GKYzGOcp9D7Lq6smtot7tqwKr38fbns3vDeuse+j1rVIYzUg5nvP8SICzX+b01cNatC9oLQGMW0v2OPjnth9/OYaeemy646sY0C7CQIeKWBsZaQEYFrLg0Hu0Y72W+wRfrBkJZhKDVrNE6wkwvdQMrA51ot8eh1rGac/YY7563tzZKec06fSzlUWO7KEv1uIcdEdR4/xmZ8Nrrb+ldmNWqVav2cVqFtWrVPif2u989D2hZJAhpQ1QDPi3IifFiLK+DWA/FuJV+zLK/e9yufE54w6LenN8hK45FqX/1CgjrrV2WksNZhjSAVpSErN7qea6DWKmAtYCzqMc4vWu34MHxnCtvSEeeeVHa/4TTAWxnQKdBhYet8LSVIZKrl3vdGDaJh/MIm5x6dANu0S9gC5BjXQ/9BnMBZqH9OnVrO8TJw0PgCKgzjw+howUkbAtEGniJvh7zum0X19AjJXAqAMpgysZ6gz+t5XgAF+dAAkqvh0ewvZbnjGuOOoTrarUhXmseC7G/0yfPWCjuoe5ZMcZ2SO2AMsogrCuDMhOBvetFk/AbMVA7JR144pnphPMuT1fdMKsBEMJDCRclnOS+EpLK/l7gqhjL63LbFX29qZjT9b41YtuP7XPLugCql37KjhXHK45TznWVIGYg29QjHLQM/+S4yeZmlWDsYh+zxP5eGSErrlWrVu3jtQpr1ap9Tuyxx36pzISElNXCmvoKtfo783K/la1jluNQOwyxM9ZbG8eMshzr0S4AjCrrZV9rjkMWjx9jAV8CsrJOuPL5NtbMyXIAs7mdvk47wxvqs1Fedt3MdMzZlwDWAGoAtvCsGbSZ2tBmmSNb6gKbYI3etgC3Dry5DNJYet0f+Ft1AkAuHdYEdI0EGpDBXJSAC+6ZU9tCKrsyMPH3xqmvmMc+l0CNIOPgQ+0dfb6eZQBTHI/Hj+MZMDWhm2oXXsAWbEUdYpkBqiX087h+nn2Keu6Pdke6P/RO8h4d6e2o837iXgeYNZBm30NL+N4EYlHie55ylMng7OSmTUhzTQWoTcXvhh7dsy69Lt08czagpQAHhjtGO2DFx6yvAJpyDP3hPVO9O6/V5pxe+mNub/VSeW2hXuYJjjDGsjXGvnKN1zUv+nusa6Ar+rSvj2pBmtUN0nw8z7M1rfWYY69JmJN++atn0oc1I2S1atU+ZquwVq3a58De/+DDdPc9DyhFdAkyWR0IygAV/SyzCigLlXOL+QZDRf9qZABl8w3AepmTZYDVGnOg0liUPl9zYlxjfoyij0Cl0qGqrP9HVXrQuooxQRvOcQMelE+79Np0+Onnm3etgDaWqgvUTkvTUIZKgFsduClBiVRCG4QHe0keNwe5Qvux9DlNSGXUyzGHOMCEwO0IQoSBRemJMzVQEgDVHi/Huu2AnC709FR7HkEHpdoBXqVi3p8gHh9leV1xbLYzaOVxk61rrkNJX9SP0u+dxHuG+5lBjMI9DhijrM/6y+8je80ggZlgLTxoqOM3QE8aNRWwvx9+J9Thp52XLr5mOqBhTgvWWuBTgEuPfm+Htyt7vMp1rgC3mKP5sSfNPWZ5rodGln06XtlejUpo4hqDK+/TMayvme/9RZ/1t+GrddyOesCb95WAVs7XPCqHm94hUJs1a0566OHH08qVFdaqVav28VqFtWrVPgfGvRCLFt+NByCHNYFUAz4BLyUAtdQLiLXGo9/rzXEDmMp6Mx51lZ3z92hLTV/rGJhr7bIO9fKZNB5zUBKe1PYkIuoLj5i3c18BXqvTnwprPOatfEH2tdPTEWde8DHBWjubZAY3QVlbETLJUq8I8Id/9lmd42wXYMBxyQAuIINSn4OGQRzL8L59tGKeqVhHYTxDkZdRL9uSe/MMsAyK8lpCk2TjAXgmP2aAmSuvzaWpNzCT/PO35hVzYx+ZjRl4xZreYK2871OONHiz/ub7asEaS36XGdZCbVhjCOSpl1ydrp1+S5rtENMFilAJWK2+mOPro49lrMkq5rXW+fxyXbR7qHvM8liu3qAq9/n8HvCE/rJPIFUcp6m3jx0esgxdBZzpeBwv2upzNXNdqM+cNTstu/u+tGLFSv9Xu1q1atU+HquwVq3a58B+/9wf0p3z7wIkzG+gRXJocXChbMz6mrnRX4BPC87KOtcWJY/bGo+x5pituboGK22tqTx+lFJnXtO24zXrQgSvZi7hSWUJZg5XoZwNMvqiXpbFuDxnrrIv6k3f/HTVjbekY8+9LB2AB2iDNQO2LIZChvRetnZo5LROaOT/LayVY/Hwv3pYs3pARlYJGxKgRO+DQ92BxWCsUQBN1HuM+bpyrdoaN9lclAKeZqw93/ozSJUqztMDALWOsmNKRX8+R1YDakwEQmiNrIxlAhCJ99DvY65D5f3WfVbZhDnaPPekFd9XA2dtSMvibwW/n8NOPT+dd+UN6eZZtxsg9ZbowyV4wlgJUS2g4rpiXMfzNVnFvNY6n99jXTmnXFe2o8/VO2Ctrm3qtk2rX8t6tDOYBXh12nlNp16eJ+ZSM2fMTvPvvCu9/W5N31+tWrWP1yqsVav2ObBf/urXBaQYxBjcGMAEzBjYOAxhDsMHG9BpQ1JZj3Ze52VWj3ahVj+P6cftzG3Ox2NF3ebEXrI8v1yrMo670OahP+8/IzgFbPXW7q2f9VK99N9+ewFqqAesEdBMaGPN9Flz0tlX3JAOOfXcdMDPAWyUQxv3su1/vHvYWHazRmaA6wXe8HBOcY9SwFsJcBnkVtNnauCthDn1OUhE6GQJF1mAEMlBzurlnGKsnJPnGtSwHmXruNF2BQTZcbv9BXBlEHN46/Q16sLjR6t7DXmM/cUYvWR2bQFeqPOexn1V6W1XzuIoFWP4nrIXLXvTCGdRmkdN4m8Fv6mTLro6XXnDTAGEQiA74BMA1YKiEqY+ak2pcm7M784rxyADx/JcnO9rfG4AD/vKemh1wNWd11NzPnJOwFp5bpUOXFGPMcnHehPDH1XHMWfMuE2f+Q8vveb/alerVq3ax2MV1qpV+4zbBx+sTA8++KjgIO/dKoGmBJ9Wv7UNkiC1AWQ+VgJZBimf09txoj6H9VA5J4T+8HxpbmvMr6U4NwEoj6NetgVLnXPp2DFWAhbqAVJsN2XhIdOcnh6z9jq0HdTKeaEAt1jHLHB659p5l6cDTzw7A9v+rtLbZlkjA9wiCYn1WX8Jb/S0Obzhwb30vpkaONtf46YMb16PtuqAgxawRR8Ao9VftMt6b22TQx9B5SPWlvPKOU1YYKzpjhsoBcRlQCrUbffWz+MJmtiPc1ACLr8mQZWuASrOHWBla31Maq6TL0Df7ygCF+q63808jaPP9qCxj/VGU48GlEEE89iTRimZCIXfhITfyDT8ps68/Lo0fcZs/PYMjAgXWYChXsGrqwAsB6hW/584lpN8dOfkegNp5XveelOA1OrGouzOiT4DKLQLgLKSc3yexss5Xvc5szAnA1gv0jiP44rEIqrPul1zfv3Ms/4vd7Vq1ap9PFZhrVq1z7i98ebbaemy+9JsQEIASxteHK5aagORtaPu7XIMZYBVwFCpsk+AlNXu61nHeFyT6n4dRR8BSGNe77ajnvui5Fyey9ewXkJXKMCqmVO08xxXQJqXc25vz+8N4ngtN864PZ1x+Q3poJPPAbCd5cAGQKPkYTNQCwW8NaGSjQzYGO4W3raAti6sYSyDHOX98sSYrG2gJngDNGi+92UBHqxswKLV7k1/bFz6iDn0+rnnr1SGG8rPkaFJ4LR6MGvENXassr88Rwv4vM/mu1TvjEl2b8p6V4KwYqwEM1MDYhbe6CX78J3yuzNg4x4186gFrB1z3mXp0utnNIk9CEe9wVJvfV2tbq2rBTpQOVbO4TqVpXo5Z2/Ha9e7822sK40BjMq5pUrAymJ/qOxTaVKikBjrRRqP62DdAc3WAtzQfuSRX/i/3NWqVav28ViFtWrVPuP24osvp4WLlgom2nDUhpcWBAmKOkAWcOTj5TrVY9xBq9ScOWXdICVARXVdj7dVRr19nDvmtudqThyvVe9tvFTRXyjDGucU7QxX3r86lTAmDxr1EbDGY9MbSO/aBddMTz+/6Kp04EnhXftjsOZjhLRcB6i5d417kywhCYCLJcGso3bopCs/8LPtwBbCWAlr7BNQOFhMQ0kJMAAjGvPxvI79MT/aLFXvtF3dec1xOn1Q67yh6ENp4GVrA6DiWHmtrsPXoYz+mG9i24/ZQzbGuoUvxvGjH+t4PJ6rFwnIfE5ut9QLrFHs03cXfT1h7dRLr0s3zLgtzZ4NMAEQMd1+y5PWha9QOVbOcQUoBbh0x3uT5ulYXNMcoxn30mGnHCsV5+uet1xnUFTMjf6iXc4JD1pOFLIarQ7OAtw+Gt7oWTPvGjVj5mz9x1q1atWqfZxWYa1atc+4/eZ3zyWm1yccEAx6QIz3BcgEKJmsrwtN0W7WNH1lf0t+/u6xND+uwa9HijXFHPapXpQtles1v702zyn7umNQAFYDVVaWyiDnAKa+DGjNWLvetOfwmLnvznTtzbPxIH19OiBgLXvYzgSgWTikvY+tgbQG1FiarL+BNgM3gFdIEBaghrFc934ft7kGaYSCWBeQQIhoAM7mRV1jUMBGwFlXAXuc25rvivHeFGtaa3GeOL+J9d6PQegRjHldQKW+mEP4ibopYEljmFeCl8aLus0/KR+jWUvZ/ZIHM19jCOMxBpnHLNZ7m/0uwlkGMq/nOfgOKY7td+xp6djzLk8XX3szYGSuXuNBSJNiTxgVcFYAWQapj4C0qBv8GAD1JoFQOR7H9HMqNLLoC7Dpba3G1O9tL6Oe+3197tcxWbdj9zpetqVmbqg3ECN8dftCAWe5Pcu8aaGbb741zbtzUXr3/ZoRslq1ah+fVVirVu0zbNyv9tjjv1QIJGHij8FajHVl0FOs9XqGnLIdx+Oxvey21Vd621xlPebp2MzGyDV53Opq+5w4t+CnaNt4rPP5LZUQ1cBZCWGhGLd6U0o+//bb5zWQFmXUQ2gT1Gw+Slwr0/hfiAfpEy66ykAtRGBzWKOnTUlHCjWgZvX/O1jjPBsPaGvBGku0DTLQj1J96i/muAgcUWYAKRTzA1Ay7OU1ENs+t3uscj9dozheWS/VnQ8FoEEZ1rIAO612wJb1C8wIa+V4D1jrjOe2fWZdFz8bJK9Yp0/9uN82zrU+D31/FNaoaB9ne9VOueSadOOM2/Cbm9eCNYFKQFKAUinvF8BECbXAKeQgktcWinWq+7yYmyEtznUbxhzO8lw/RtNuxuL4dk0xt5jj68p5Vlp/VrR1nJhLFXNcnwSs8ft4+ZU3/F/watWqVfvPW4W1atU+w/bW2++k5csf0oNZhhsHFgMaq8dYwE/ZVp/Ksj/Aicfw/iK9vcbUZn+0m/P1OKcr6la250fd1hR95Zw/RbG2FwVM5XYBZ912BjvBV7NuNh+EA9hK+ZzeZMebn26YeXs69bLr0yGnnW/JRbJnzcGsrLvK0Eh52o63soE2q+ewSAc5tnuAXA8FzHnb6/K+FW0BnEuQAVBoPGwGHdbmHGtnqd+ALMbsHE2f+n2ejhmw1oK2Zrypd9bmuq1pQKrpy3NLxTqWOqfDE+voa44TYz6e214vryWkY9oa63M4834CmCAMY21Aa+pSwBrKBtKsPgWwdox71QhCPTxqBCSW3borgMVACqARYyVQeV+AiK1D6fU4Tq535uVzeGmyOV3ZMVCPeexXX8/jC6jiOOXx8rqiXayza/K6K8IVW3WfU4JYzMn9DmNNn/WrXsAaM0Ky/7e/fd7/Ba9WrVq1/7xVWKtW7TNsr7z6Wlqy5F7BWgMZprKdoaeEoGK8nN8db/qaend+b8dQW0DW7s/jBJkAIpaa2/O8GmMiD4ceUwNAUQ/FMXO7gKYMVF6W8/J8rvc5uU9tG8vH8jllOXsOII717jyIx7lt9p3pomtnphMuvBqwRq/aWRnacnbIaBPWvJQIZQFvAWsOcgZo7LNyGh7eM7A5vIUIYWU9oK300hm8RdsFKDBYM9goAa45TiGfa3MMTHrO8f48z+VAw7oBjUGZ5GNNf7EuzluCEiEoQKqjgC7W83qoHI96HM/AzMd8fRzDgIvre1dA1lSdo+krxxTWGP2oN/3NvrQoBWv4rpm45tRLr0033sz08AXUCL4AKF5GH9uEEEEPSx83gPG5atuaPBfwUbatHu0Ya1SusbFmvYSxLJ8birU9+npbG/J+wZLm9TxGgFZZBlh11cxpj2tNB9CsH33ddgFrM2fOTjNm3pYef+KX/i94tWrVqv3nrcJatWqfUVu1KqXfP8+XYS82T48ggXDBsgCNO6zf4An9gCKb5+MxltsdSHHQKNVjfgFTdh1Rx5wC2MpztY/R1Ms+idfg9dYcP257Hq/X675O9yPaeU7Um7XNebtzijpEMFYpDxvLYhxzW543P9ZsL+/A/b+R3rVLr0uHnXER4OzstL+HQxLeBHBFeGQX3qYRxArlvhLgXAFwGbZcgrTO2NTjHVTU73OjjDWECFdATQBOgEfjyaMXiGqPR7u7zoDI+q00eGrGApa8LwOblXbOZp2t9XVZvjaPodQxCVideQ5i5dwAt7JsKdZyLNcL8Z5IrLMv2nafmnHzlqks+gzSIJaFCGtHnXNpuvS6GYIVeaQIWqWHTJDT1KMdfbauO977+pi7urJUs6ZbN5ixNs/jdUKO2s08gVLuQ9vHSijK0rxo+/G836AM9V4AK9cdqnL/rFhTzmc75rCPgNY5Jo/Dfl9PzfRjT7/51nTv8gfTh/j3u1q1atU+DquwVq3aZ9RWrPwwPfnLpzOMyBskQCjAxcdC2SMVQOPtFqhoXruvHGuO5ePd+cW46lxXnKccz30syzWhGIt+b/dYr7EYjzqU+4t2qd760RZclXOK8f8MrBGW6X279IaZ6ZjzrjBA6w3Wcll41j5KeGgvAS573+R1c+GBPyBMY+q3dh7z8R59UAl3BkeECCvLfoKHxhxSSijTnCi1tjvetMt+nafos3kGROU8q6OfZTE3gGu18tcfWLszV+dp+gzWrCwhL/o11j0GxXsisc6+aPu9yuN/DNbOaMHaQaecm06/7Lp0M0CAoY8Ek/CeEYBCAgnBTLtfY1zTaTdzfcyPl4/DMlS2e4wVx4txrzfn8uPmNSYBTwFCAT5lvYSrmFuuKZUhKs8LGUg1xyr6imOxv3uccl5T92MUdcIa106ffktauHBpeufd9/1f8mrVqlX7z1mFtWrVPqP27rvvpfsffFRp4QUCBbyUijGDB7YLoa+ZZ+0ecwga7AfgEToMZIpxP0Z5LDuer+v2sVS/12NM5yikcRxT52rajWxtHM+Ob3UqA5PX1ca6FlyFiuNq3uz2+pCOg/udjxdjOK+O6yDXzG+fj2vm3jE/zbx1bjrn6unpiLMvFqxR00IENPaxhKYx6UgviUdC01gSpFzWv3pYsxDIj4A16o/BGsYJECyzJw4KMMnz2OfQlKU+V9GfQQwQU67r7TitPii8aQKuvM5kx2zqAiHK201f4SErxljP45zLtvpOSVPYlgzO8rGjzuPk9fy8vGaDsRaIsa/TlnDPLdQRQl2Ahu/XgO2MtB/qR555cbr8upmCqdY+tUJM3x/13mAtQKzbJjD9SbBWqjvmx8n9UV/dsTTfx6CAHRtrlMGIEOTHiLkcM49XsdYVa1pgxWO49yzmZ/jSvKYdc5rjWN2Ob2155NA3E2151HQME2HtjnkL0suvvu7/klerVq3af84qrFWr9hm1N998Ky2+6257UIiHGD0wFPKHjGjbO4Xw0MUSD0QU97i0EhKgvHX2XIGFwMTF8VzHOCFR4jq24xguHUcPXnPTLWr7A5/33+rn4rjNK66bdYZxQZrrD4p27VZvXTfVuYa8phT6dL5inubq81i/rbOynKN5cUyWPi+/x8qvS2IIFkp+lllFvfl8d6RLrpuRTrrkmnTUmRemw04+Ox1y8lnpkJMggJqE+sEnnpkOBrBJrJ94RjqIAryFDgSQMUvkgaxDkVUyEpQc8PPIJunz8MB/EPoPRv2gE06DvAR0UTweZeM4h8qmfTD7cEw7TlsHHn+qXtx9II/jOgDHPgDAciDEvXAHsI8CgLDfxthnpeoxBqixOscBhjxG2af1UcdawFAck22GZeZj5vP6eKtu2t9LHYvXzWvCPH0uzDuI7RPss6ju4tiBADaVLju2nVvXzeun2MZnMNB1qIYE2hxjiXu5P/cdss16zEM9f7eAtcNOOS+deem16Ybpt6ZZM2drT1QpJrTgu724T0r13Ob4bT3mS4SMWVbXvy0OMQKRGPPxHuu8rvPpnHaufA2a53P8Wm5GOXPGrRDnW19eD83EMZpjNmtvnnkr1t5qa1w8lon9HLd2nuNrrd4um/OEinHv45yox3Gb86G82a5JJTT95lskq5uuv/7mNOtWJhn5vf9LXq1atWr/OauwVq3aZ9Teeeddpe2//4FH0gMPPprLBx6A2H7wMfQ9mu677+F0//0YY//9Ns72ffej/0GIbV/7INY8EMd5yNoPPvi4yoceetzE9kOc58eK4/o13P8ghONLPBb7vP9BncPm5uOw/YCVMV91HkdtPy7Ea5bwmZgFk3s/7r3vwbT8Pq9D99z7gOmeB9K99zZ9d99zf1oG3aO+h9I9WGfrbS2Pcd/9lB+fbS/t8zTnLq+Dpe6n1zmf16YSfToXzsnrCfF8i5fdl86bPiftecalafsTzkk7HH9W2v64s9IOx1opHXtm2u6YM1Vuf+wZaftjqNPTttB2qEtHn562Ofo0CP0oqW2OPtXqx7AOHeV9R7k4hnKbI09J26Hc7qhT0rZHojyCdZ+DsTzflccwX2uOcPE4nH/kydJ2ru2po6hT0g4YZ3sH1Hd07YS2pDZLq1sba1ge3dR5DJbb8ZhYx3OWimuh+Nm2ZnnEyapvyxLa9nCUFOvQ9ix5nRKukefE8e0am+uhdi60C65rZ2inENazP+bpM+Ce7gTZsU7FtVOnef006PS0A763HfB9bo9ye3xfrO8IWXla2snbO2F8p2NPTzsfdwbKM9NOx5+Tjrv0xnTz7Plp8eKladHiZXo5/oKFSxRmx/oiaOGipl9j7MO42guWpjvn35Xmz18M3aX9r/MXWCktgO6E5rG8S+8Io9QHqT0Pbc71PtY1h8fzY/HY0oIlaf5ClnelBfN5frRRXyj5dce1xfXiGhd6PY6TzwXNnbdQ1zA3XuzPl/j7a0PCox+vEWECo8hEm7PbUhzHOh4jNG+ufTYdG59/Pj4/78M8Cf24jnl+fr7n0uaxzuvwa2Kbx/MyronneuaZ3/m/5NWqVav2n7MKa9WqfUZt1apV6f0VH6b3P1iZ3n8f5fsoo47+FStWpQ80/qHKrjRn5ao8j2W0V36IElq5knvjINY/tFJzoDhOPg/03gcr/BoavSet6CEbi3q5zutZduz8WdkuhQuUYqw4r+p+nNa5vZ3HNb9zbe+x7qX0QXoXYp0l9c5770u5/S7aXb3TUzF//i+fTRtfeluaeNh5adIhZ6eJB5+dJhx0Fsoz08SDzpDWOeD0NOHA09PEA05LE6adltaZdmoaP/Vk6BRpnaknpXFoj52CEmJ7/H4npvFTXPv9HP3Qvj9HG9r3BOjnaQLqE1CfiPGJqFOTpBOyJmN8EoX6RIrz92F5PPpNrE/c5/g0YZ/jcDzWj5PUhtZR6XP2Rh2aSKF/0j7HpsnQpL0htCdPQXvf49K6cXys0Tl87Tp72fp8HK7xcYrH4PVxXe7zY3GejgexznNMnnJ8Wn8/q68HrY/2etDXvJ/19fC5WV+fJWR9WIP6uqxzPUreq3X3M62He7ru1BNRnoi2aTK+l3Wh9aadnCZPOyVNwvc4GZq0/6lpXXy366Fcj+WB1OnS+vj+v3bwGenr0DcOPit945Cz0jcPOyd97dCz0//8+eXpgsUPpedfejW9/vqb6VXqNejVN0yvvZFeiz6Ur6GUWHflNaHoV/uN9Mrrr6dXXjXxmK+80rSpl195TVKbYy71+dxcV3+zJvqtbNrN3NfSS6+8Woy/nl56+dXcF/PZp/bLNl9zcE9CL7bqr/QoX3yR4nj0FWvKY6Ge58dc1P/w4suQ9bP+wosvpRf+8JL3o+31F/4AvWBj1FtvveP/klerVq3af84qrFWrVq3aJ2SvAPxOWPJYGnPclanvAeemQQedmwYecE4asP9ZaaBrwLQzoNPTgKmnp/77nZb6Tzk1DZhyShqw7ymp3z6npP77nIySOin13fsktE9K/VD23evnUr+9T7T6nqh7qfqeJ0Ccc0Ie64+69Zv67kEdj7qJ9b67o777can/HselflBf1Y9NA6D+u1PoR9l3t2OtZHs3zEHZF2322Tyrq73bMVbyGBKPifNAOg/WrrHrsdBxaU0ca02UfSCeg8fvg7V9dHwXr8uvL8TxmMP2AB57T5QAwJjDdn98zgHUXhz3z8467s0AiGVzn9jPOd72sQG8l3ub+qnE97KvfTcD9j1Z318/fI/8Lln24/e6n33H0rQzXfj+DzgbOicNPNB+H/0POi8NOPTitPG1C9Ojr7ztv6Rq1apVq/aXahXWqlWrVu0TtF+9/k7a6qa70pAjLkmDDj4vDcED+eADz4HOTkOgwfufKQ3Cw/sggNsgPMwPmnpaGoQH/IH7nZoG4WHfdHIaCBAYBIijBgIMJPSxHARoi75BLNkGRAxAOQCljdkctdHfn9ABkCN8DFQdMAIRdAZ4vT+AbgAgZ2AWxgQ/Dj2cr7KR5kAEMorzeYxBBB3NPwHnM7FvoM5DeLIxW9McJx8X1zgI8ESo4trBe1spyOI6Xx/jg/bGGijOyX4bw+cFZGkd6gNQZ3sgj6f75vcmj1mf3b8Q7mHce34nALSB0OD9UOf3hu9wML5LaiC/U3638V0D0AZT/P75e8DvYvAh50trAur/7uxZ6ZanXkwf1PTv1apVq/YXbxXWqlWrVu0TtJV44J7/u1fSP1xwa1rzwHPSkEMvSEPwUD7k4HMd3Pyh/YCz8EBPEdoIbHjQZ7kfSoAbJQAACAyZChggFAgQAAwoBXACuZPTYLbRz7qAQjDhbYcK1qV9qJPSYEKHgwnBT/BHqHGwGYRS40VJyAvQa/q7YBRAhXFADkWI1DkcfNTPc8R5eZw4B44VbR6vuQZbJxjdK9ZzHtfb2BBoMJRhK4850EIBsoP2xT3YF2PFfdF1YmwwxmyOjdF7xntPKBsIkLZ7aoA9mKCN723I/mekIQC0wYK0s+z7VcnvG7B+EH4L/A3wt4DfxNDDLkz9Dz4/rXX81en05U+ldxmXXK1atWrV/uKtwlq1atWqfcK2ctWqdNFDv02jj78q9Qeg2QM6dMh5emind2XIQQQ2gzZ5X6Ah4XGbiod+wNsQlIS4IYABwttA974NBrwJFhwcBBIZJqy0MQIFQQ9rIEKfPEEAucGUw8jgKYQUaw8ECBGIWBJ0BGcORea1ayCIYCTgIURpXQCczSMQDSAk7e2wIw+hndPq0QYg4Rp4vEH7Yr3WxFqeyyBrAI6jMQKZA9UArJcEWl7nHH4unkfnLc4piOU9MBFsGYLa3EeuIfBS1k9As/vI+3m6fw8sCdkENPvuhvC7lAzIhwDShh6E75yeNHpZAWeC90MvTAMPuTANOurytOX0ZenlCmrVqlWrVs2twlq1atWqfQr2FoBt7zn3pRHHXIkHc3tA54N6fnCnl03gBvnD/aB40JdXJsIl3VvjMkCwcDt5dRR+F6Jnrt2nEMuYizFCm4BtqkOIZNASYGNABBBCnQowogh5BjIGQEPQpgRDPkfHYFug48d1aIwwT14HoYlwxZLewSGERq3ldWCMcIb2YLY1j2BppQCrUHwG1d0LaR5Hljifn5efeQDrvBflPfJwxoAzu0/od6+n7uF+hGh8B/KeGWATrge7J83CHM/x7xZALkCDCOrhYeXv4LCL0uAjL0/fvnxeWvr8m6lGP1arVq1atbAKa9WqVav2KdkvXn8vbXrDXQK2wYddnIYcfnEafCge1PnAjgd37V8qpAf7gxzkFCoZAGfw1gBcQBzaZbm/gx3Bgt44gYZBntXDK/T/b+8+4CQp6/yP3+v+l3MOwgYWvTvvDIABAwIbWTKKJAmiBANnQgXPQFBQcgZFRSWKJMlxw+SZzTlN7NyTenLo6Z7Z3//5PVU1Mzvbu8zsTqjq/rxf+3117pnt7umubz9VT40qKva0lhdTVGxBcY57xWq4vLiZPeoyW8LsoROnELkFafg63s9wS5H7M0eOOz/TifOz9Dz9Od7P1uN6ubdNn57nxa4yau7HFis33nF7qJcNPxbm9/CKl3doHxsT97RzmXcb9zKTQ77vFrNrNT+X2bZUOyXbKWjuao4mziiaKeWmpM2yRd2Led7Na+DQnzwuxzz0mjxXnZTMEFUNADCCsgYA00RXhyyKtsqpT6yU2Tf/1k46MltLm4lT2MwCvK4a543AmAI3x5yeY47Psdu4jZqYRAubLW2mwF3jlTdTGszhbHfbt9mmSOhpLXS2uOmhLXbuaVM6vBE6G1tMTEHRYjK6rHjlRkfxtPTo+W4B0tjipefrcVPGbNzz7OVa0Ox96fnuhBt7lCY9zz1tjs/W4yZOmXIO9bxDf+CcPzr2tvoz3OhpXU109O898n9xi+rw/92cN3zaeWzs42OKmC1l5vxD7eOmh/qYORkZPXOeC/t86HZouk2iLdlu0dYCrqNn+jxqObvRLWgmc0YVtSMeeFHuWlMr7QNZ95UCAICDsgYA06g3OyhPbI/Jcb9+Q2bd9ITMMYVtjllon/3jR2TOjSZ2Yd4befmNMxJj45S4WaYI6BTvuv2TVxCcuCM7e8QtFDryYwudjgC5Jc4WPVM67HU0TgnZo5S4xcS7jb3Mlhg93yk+XvR8O6GGrhZo8o7hETxzaI7roa4uaFcZHD7P/VnmUG/j/Vx7GxPv0DluSpdbnPR8PZxjYrfrM7cdvl/397X3o4ejfvc9/78j///Z1+nj4pxnR8hsEXMeL+cx0+s4o5p2JsfhgqbREq0joea5cUdDnZkdzfN4oyllJs6qjua4eY51lUctafqc6/P/n3c/L99ZuVXquvpZ/REAsBfKGgBMs9Z0Vu5bXydH/PQlOfQnT8jcnzwuc25ySpstbD/WBftRC/pegXNHarxt3LzYkqBxi5seHuoWOOc8LWxuuXBLiRYS3c+blg9nKnn3fBOvnDin9XbmUONe5tzWKz8jBcgrSXr+IT/Q67mn3RKoxcde157n/Xzn/vRye9/D13VyiBY5PdSSZi7X87wi5v28kdFD5z7mmN91uFh5v7/et8Y+Jm7ZMpeNlF7nvDnm+OjL9fw515vT17uPqY5u/tC5jfP4O9sczvqhPi/uSJqWbPs8OnEK2iPmeXZK2pybHpdZP35c5t35rFz+6jrZ1tYnOmsoAABjUdYAYJrpcnlzelCuKdkm77rnBTvCMvfm35qF+CdsadORF2f0xVvg11Ul3YV+LQI3/FrmmFKg8QrcnBt0tTtdfdJZbXJ4VcrhER+n0B16rVdGtHyY03poztPjWkjmmiIyx+Yh59CueukUFa8QHqo7+DaHTjF0ioyziqZe5pY/Pa6raOppW5b00DntbN/llil7P7+wxc2WSfc6WrZskbIFy1zXxP4M87vO0vKkP1evr/fnHp9jo7+T/h7O72zv35YqPXTilKyHzP/VHOpIpfm/6/n6/7WXmfN0BNOueqqH9jbmtraUOY+nFjM72qmPv5Y0uz2aHuoo2iOmjJnnT0dNdVVXff7M4VxT0mxR0+f5rmflrGfLZU1TF0UNALBPlDUAmCHhnqx89c0Ncthdv5dZpqx5hW22WaDXhXtn9UhnFUknWtqcSUl0tTrdBkpXk9TMGTXDoN0+SouELRZOwZj9I1Mw3PKixUMLnVM+nJE5ex039jJzuznmNs7uBZxyM0ePm+vbnXvrobkf57iJub69jnt7W/a05Ljlz/4Mk0NMudJCpeVIy5tTpn5pznd+N1vGhn9H5zZeubKFU6OXmdNOuXKu75RLvdz5mfZ23nn6e5sc6hYre9r+zk6xtee5scXrh+YxtddzCpj9/+jj+6OHzWOg0cfYnDaPv/NYm7ijZ3PM8zNXnzsdKXUPtaQ5Rc2UNH2O73xWlvy2WFbGOmQ3RQ0AsB+UNQCYQbVdabn4xTUy925T2G75ncy95UmzQK8L9U5p05EYu+BvF/7NcXekZo9V7IZXl9TioIdOybAlTouEOa2HWrZGCpxTRmz0+rakuJe7t9USoseHr6fneyXGLTmH2pE7Pe7c1is9znGnuM01P9crXl4OvU5v55YvG+93cwqW87vqcXOo17fXdX6OjftzvdsN336PuP8v+7u7pUofB1u8vP+L9390LzdFTWPPM4+nroqqmeU+tt5pu4qq9/jrc6HFzMQpaqac2efQFDMt4bc+aTP71t/JIbc8Jcc/vFJeamh1XwEAAOwbZQ0AZtim1l656MVV8q57nrcL9HNu0YV8U9ZMdKHfWfB3o+VND91y4I222cIwXN5MTHmzpcIemqJhy5xzWg9t+bAFxCkl9nJvpGhUvNNOWdES48aOPul5TvHRjF4t057nliXvMm9VzUOvN+ebeLezq296x831tajZ+7LHnfP1Pp2f5/xMPW0LnXu5N9plfy9zHXvc/V3t/8UtXPpY2KLlPg6zdZTSHI4uYfZy8xg6h3raKWT2PH2c9fAn3qiniS3RTrH2nis7SqrF20SL2hyTWbc+JYseXSnP1TSLzgwKAMDboawBwAzbbRbc1zV3yRdeXy/vuu8Ft7Dpgr4u8I/EGXXTQ3N6eNRNV5nUsqClwSkPe2zjZuOUDmc1vZHzbBnRomIyV097RcQcn2Uvd0rOcNyCYy93j3uFbrjUjS5I7nG7jZ05Pde7jlu6nBEuvY5bxtzj3k6j9bT9vfRnmnj36x3Odculnvb+Dzr6ZWdi1Ou7v7ctscNlS89z921nHwfnsbL/d/c6TvHVx9Jcz1xuJwUxj61uh6bXd06bojz8HGixNoda0uxz5ZSzuTpSeqt5LjW3PyMLHyuSp3YlpD875D7zAADsH2UNAHxAR1rWmsJ2yavr5D/ufdGOwuiC/th4IzV2P212NTtnJGf0KpNzve2ltFTY0uEUDS0cw6XDvcyLzlRoZyvUaFn5iZYcLWVOgZnrlhktc3PtTJXOcS1DXnEbnsFSC5J7vlOK3Oh17GWjypV7nUNMwTrUva53H97PdUqhc779PezP3TPe/8G7zJYs9/+jqyY6o4/uY2GOH+qedh4fHaF0445YjsQpw3afeDZuOXYfd29Vx+FC7Y6izb3NPH9u5t39gpzwRLH8dmdCujOD7jMOAMDbo6wBgE9khpzCdumr6+VwLWy3PW0W9r04C/52lGaPIueUN2/UzSkQTnHbc2ILZ3VKO3mJGy12XvmwRcSUlVm2sJgC4xYdW+Zs4XEOhwuOlh0TPd8rQGNLn3cdpxBpifIu1zLlnLb3797enjaX2REtLWV6P3pbc75ef669f+dy+/vpbd2fNbpgecVr+Dzv/2n/f4/LLHNcD23p8h4j93FwZuR04l2uj+ds+xg6BVljH28b73nQ58R7fszp25+W2bc/Y57Hl+TE35XL83XN0kNRAwBMEGUNAHxER9i2tvXJF97YKO+8/2U59FYtas8Ml7a9y9rv5DC3HOj5wyM9bjmz21ANlzWnfOi2cLZ86HG3pNgCp0XHjVP0vKLjlB47eYYbLT6HavnRkmVLkDl948h19VDPs+XPliq9vRYsc7k937nd2Ovqaec2zs+zo2LmdvYy87vMvckpZ97PsWXKHnf+b97/0f7f7f/JOe2Vr9k/cYuY+//f4zEysduaaW4xpewmc6jRx0tHzm42j7M7smkLmY15LsxjP3ok7TB9LvT5uudFOfnpClkW7bBFHACAiaKsAYDP6GJ9XU9Grlq5Tf7752/Iobrgf/szpgSY0na7O4KjhcCWBC0GTkFwRt6cUbbhbae0dNysq02a6Gp6GnOd4eOjy4pXbG42pciWHqcgaTEaKUfeabfcuaXLibmNez29zCtgs/Q8c7vDdIRq1HW9820hM4d6XVsI3cuH78c91J85XMBMDhtdttzDebf+Vg6z/y8tWqZkuf83OyKmh275Gim1zkiZ81h5j51TyGwpGx45M9HH1z7GzuOtz4cTfez1uTHH73jWjqi964FX5MznV0tFU499PgEAOBCUNQDwqWR6SK6vrJEP/GqZzDIlYO6dJne4xe0OJ3YExy1qtkDYQmHKhyktowuHHX2zhcONPd8pJoe5h155mXuLU2Z0583eSJQtPLbM6XFnVUItTFrqbGnSkmdy2C3OecMjd+75zqFznnNdp1wd5pYsp0iZ6Gl7mbme+T2cET+3oLm3ccqWEy1mtpy5Gd52zP6f3PO0kNmS5kb/r260xNrHwXt83MfssOHHyBnJnGMfN7esmcJsS5r7HNjHXw/N8zP7zufkPT9/Xa54a7OsT/W7zyQAAAeGsgYAPpbK7JaHt8Vl6VPl8q77XzaF4DlbCvYoCnuVNRNdPc8c2tX0TNGwZU1PezGnvVG4kfLiFB1bYGyp8QrOSDmyJcw7bg9NIfJKkFumbKEaVaycMqW3da5nj7u38wqVdx97ne/GKWXm/rzjpozaUmZ/V6dgeQXUxj1ts8f/UU+b/7vmNr2ePi4jj828281jZaIjmIfpKKY5zylr7uPsRR9/+zxogdaiZp6Xe16Qj/xmufywqkZqOgeENR8BAAeLsgYAPtc3OCSvNrTKZ19ZL//9s9dllhaDO56zZcEWBS+2SDxjp4mfc5s78mOOO6tKmsvseabQ6eicV9rcaMkbGV3SIqeFxik6ozPbxBam4XI0cr2RETqvFGnRck7bQ3Pd2Te717f378QZ9fNuo5c5GX16nilWczWjfj9vtFDvwyml7v/DxNmmTP9P3nHn9HCJ1evaMuaUL6/8eo+PLcLm0K5q6j6uzuOsj7kpacNF7VmZbTLv3pflBFOof7klJvHeDKs+AgAmBWUNAAKgf3C3rG7qlitXbrer2b3jdlMUTGnTwuAUC2+Exz3UyzV6vhYNm5EROWc7qz1Lmzd65BQe9zJTckaXIlvibJky59tVBd3YwpQ7zu30Nk5Z0jjl0C1SdmTLid6nzfColrmtOfRKmHe+Pb7Haff3tcVqzHmjcpj9P5rjJvYx8B4b+/g52WPEzJ7Wx2zkcs08fezv/L0cYh7T//jpa3LeS2vlRVOoOwaY8REAMHkoawAQENndIpG+Abl7Q0iOeWSlzLn3JTuqc5hdNdKUh7u0QDgjbrZcaHGz5U0PTfHQmONz3NKmJcUZcTMFzRYXN1pq3DLjlaTR0QI1e2zx0vsxx+d5Rck97pWp0aXKKUxOvIKohzoaqIfz7nhKDr/THLrn64Qdeh09Pc8WJyf6+3uTfDi31xGxkez5M9zrukXVjjjqYzH8OLmPoeYOZ1VTvdyevuv35tBEH1+Teea0jmzOuedFee8v3pKrS6tlU3u/pFnvEQAwyShrABAgWgcGBofkrXinnP3iGpl3/ytyqK4SeffztlQ4hUPLhSkVdzsFY67GK21aQOyIm1OAbLzV/rTYuKe9kSdbxPQ8uwsB57gtUKaMaSHzSp4tSuY287ySZK6rZU2Ll70f/RlakGxp0uu4xcn8Xnpoy5Y5b85tz5rbPGPK2jO2mOn17P7mzOE8ve6osjY6TtFzru/8DHOo55tDjT3fnHbOc0uayRwtXXrcPF5e4d2juGlRM5lnHl99PPVwtnl8Z5uivODJMvnVjkbpyQzJkPP0AAAwqShrABBAWtqqe7JyTUW1fOSRYjnsvldkjlssbHGz5c07dM+30ZEhp7xpyXEKjClSe5x2ypwzOqXlxilxWnrsddyy5ZQiZ8TL2b7LO885tMft/Txry9dhd5mfcZc51OJoC6MbW8Kc41qkvO3x5rnXdYqVezs9NL+/Zo6WKnu++Vl6W+/+TPS6wxlz3lxTtpyMlDHvPg8zhWzu3c75c/V8W9KczDGZfc+L8r5fLZfL39wsJY09YnoaAABThrIGAAHWZdrCs7UtcuGr6+U/f/qqKWwvmJKhJc07fH64dGh50+MjGRlNmmcKildinFUptQg5RccWHHNoR6S0hGlhcwuQU+q841qYnMtH305P66jY4aasHe6WIjtKNvrn6+/o/kznPL29nq/Xc34vb3VFLZt6Gy1rusqi9/sO39792aNjC6H9uXpbLWdutIi5h06c0bPRj9tck9nm8Tz83pdlyVMVcu/GqER6BphEBAAw5ShrABBwGdMatnf0y+3rGmTp05Vy+P2vyJx7XjLFzZSOe5yyMdeUDaeMmBKnh3rZqNJit8MaW9b00JQhZyROL9OC5JYeLUxagtxy5RUnHd3yRri8y3VVQ72OvT891IKlt9f79cqWvU/3d9Dz9ffyfh/9/XTES8+zce/H3s47f1SJcy/3/m/edYd//vBt3LiPi2bePU68kqbbpc2972X5+OOl8p3SXVKa6JBu5hABAEwTyhoA5InUwJAUxdvl2yW75GOPl8hhWtruNWVDi4gpHfPMcRtz3J6252s5cUqdU1qczNNRuDtNbJlx45ab4RG5UQXIKVBarrS46aFe1znPmZzDva133K5uqMfNz7M/S+/XKY12ZMteR3++8/vY69rTv3fu37sPva173eHVPr149623G3W+t1qjc32vnLllzTw++pjMMvd5iDk84tfL5ZI3tsgz9c0S6826jzQAANODsgYAeUQ3oUr0ZuTFcEquWL5dPvjwSjnk7hflHaZ4aUE73C1stqxpUTOX2fJmi4xTWLQAaZmxRcked0a2vKLjlC53tEqLkpY3G++4OXRLmR73Yguf+T20COp92RJljnuFS3O4/RnO76Al067WqT9TC5W7iqdzmbneqIJpi6c51B1T63XtoTnPK6TeaXueOT7P3Je9rR53C+xck1nm8kNM/usXb8q5L6+T3+xslJrOtAywziMAYAZQ1gAgDw2Y1hbtyciTta3y+dc3yfseWib/fNvv5RAtUfc6BcUpbFrUnNEkW9TsKJsWGj10SpFXdrxVKbUseSXJGXVzju95/shldhVG93I7qmXud3h0y423+uG8e5+Xw73j9rQ7Muhex7u+/X3tdfS087t71xn+Xd3r2MvsdZ3jw4fucS1ph5rf7d/uMGXxZ2/IKc+tkge2JmRX54Ddvx09DQAwUyhrAJCntGQM7t4t8fSQ/K5OS9tmOfI3K2XWfa/KO3SUSouaLW1O6bHlyS01zqqSWmhGitFw6XFLkRMdzXJLnS0/XqlyjjsFaqRQjdxuz7zT/B6H36f3rwXyJVPSXtpzFFCPm+uNjAg6hcyLd9/25+ihW0id27mH7n3p5Yfb+3/JThzyDlPU3vngG3LSs1Vyx4aI7OjMSnaIkgYAmHmUNQAoEMmMyDP1rfLlZVvl2N+Wy+E/fU0ONWVljlty9iw1bulxY8ubnu+WotGx1xlz/sjtnGih8g6HC5WNU6a0rOn929/hPqesHWZLm/4uTkZ+L72ee3v3voavp/fhFjX7s+ztnPvT8/Rwzt0vyixz34eZ0nrUw0Vy1kvr5IEtcanuHqSgAQB8hbIGAAVEy0hrdresTHTKT1bXyadfXCvv+fmbMvdenYzkZZltioyOuM3VMqPlx40tQ14h8oqSnm/jFia9zBQkLUmHu5eNFCnnOiMFyrncju5p3NN6eLiWNRP78+xtnQzfj3vecGEzcS4zMYf2vt1417X/p/teljn3vyz//eBrsvSZKvnKim3yZE2T1PdmxTwkAAD4DmUNAApUZ3ZINrb2ymO7knJVSbWc/vs18t5fvmVH3HTkadZdL9hRqLm2+DgjXaPLkD1uS5N7WsuSm+HT7nW8wjT6cl3N8bBRI142pqQdbkrVPI3+THsdJ95p5/6c2w1f7t23vc5L9nfWEcPZ5nr6/3n3g2/I/CfL5bJlW+SBLVGpSHZJsn9QmIUfAOBnlDUAKHDp3SLR3qxUmgLzy+0J+UbxTjnpmUo54qHl8q6fvWFXldQZEnWmRDurojvyNXr0yytnTqEafbkTHS0bLlZ6uXcd9zLvdqPjXb7H9e39jDrfPU9HAnX7M/1dNe/62evynl+8Kcc+XiKXvrVVblsfkdfDKanu7JdenTITAIAAoKwBACxdE7B3cLckegdkU6pHnqptkeur6uS8l9fJMY+XOqNuD7wis0wpO/RuE1PcZpl4I2a2UI0pUd5pp6yNucy9fI/T9728x/W848PnmbI31xxqOdPf45C7XpB/v/N5uwrne3653O6qQIvm10t2yoNbk1JiCmi4Ky0dmSEx/zUAAAKFsgYA2Iv2moGh3dKdGZSW/oysTvXZfY59r6JGzn5xnXzssVJ5369WyH/9YpkzmnXX87Y46eGh5nCWKXOzTZmyO+V2i5yWLS1atnRpEXOLmT3PnnaiRUzP09vqfej96YyN/27yr3f8Xv75judl7gOvmZ+/XD7x21I57fk18vXiHfLTbUl5PdYtDd0D0jGQtdPuU9AAAEFGWQMAvC3tPKa7SXb3bjtByfq2AXkh1C4PbE7I1WU1cv6rG2X+UxVy1CNF8t5frzQl7GWZc58pW6Z06QiYjsBpgfNWqdTY0TlTxLzTmneY/PudL8i/mvzLnU4BfI8phR97okxOfna1nP/KRvnKyu1y45qQPF7dIiVNvRLu3y0Z88sNmd/N/AMAIG9Q1gAAB8yOwJk0Z0W2dmakONklzzek5JfbGuX2DRG5pqpGvlG8Qy5ftlUufmOTnPfKBjnrpfVy5kvr5KwX18s55vi5JheYsnfxm5vlSyu2yZUlO+W75TWmkDXIfZuj8mRNsyxPdMm6VL809A1J15ApjvanAwCQ3yhrAIBJpyUubdJljqRMkWvMiMT6d0tD76DU9QxKTXd2j9Sb80Mmsf4hac7slg7TxrQEMlAGAChklDUAAAAA8CHKGgAAAAD4EGUNAAAAAHyIsgYAAAAAPkRZAwAAAAAfoqwBAAAAgA9R1gAAAADAhyhrAAAAAOBDlDUAAAAA8CHKGgAAAAD4EGUNAAAAAHyIsgYAAAAAPkRZAwAAAAAfoqwBAAAAgA9R1gAAAADAhyhrAAAAAOBDlDUAAAAA8CHKGgAAAAD4EGUNAAAAAHyIsgYAAAAAPkRZAwAAAAAfoqwBAAAAgA9R1gAAAADAhyhrAAAAAOBDlDUAAAAA8CHKGgAAAAD4EGUNAAAAAHyIsgYAAAAAPkRZAwAAAAAfoqwBAAAAgA9R1gAAAADAhyhrAAAAAOBDlDUAAAAA8CHKGgAAAAD4EGUNAAAAAHyIsgYAAAAAPkRZAwAAAAAfoqwBAAAAgA9R1gAAAADAhyhrAAAAAOBDlDUAAAAA8CHKGgAAAAD4EGUNAAAAAHyIsgYAAAAAPkRZAwAAAAAfoqwBAAAAgA9R1gAAAADAhyhrAAAAAOBDlDUAAAAA8CHKGgAAAAD4EGUNAAAAAHyIsgYAAAAAPkRZAwAAAAAfoqwBAAAAgA9R1gAAAADAhyhrAAAAAOBDlDUAAAAA8CHKGgAAAAD4EGUNAAAAAHyIsgYAAAAAPkRZAwAAAAAfoqwBAAAAgA9R1gAAAADAhyhrAAAAAOBDlDUAAAAA8CHKGgAAAAD4EGUNAAAAAHyIsgYAAAAAPkRZAwAAAAAfoqwBAAAAgA9R1gAAAADAhyhrAAAAAOBDlDUAAAAA8CHKGgAAAAD4EGUNAAAAAHyIsgYAAAAAPkRZAwAAAAAfoqwBAAAAgA9R1gAAAADAhyhrAAAAAOBDlDUAAAAA8CHKGgAAAAD4EGUNAAAAAHyIsgYAAAAAPkRZAwAAAAAfoqwBAAAAgA9R1gAAAADAhyhrAAAAAOBDlDUAAAAA8CHKGgAAAAD4EGUNAAAAAHyIsgYAAAAAPkRZAwAAAAAfoqwBAAAAgA9R1gAAAADAhyhrAAAAAOBDlDUAAAAA8CHKGgAAAAD4EGUNAAAAAHyIsgYAAAAAPkRZAwAAAAAfoqwBAAAAgA9R1gAAAADAhyhrAAAAAOBDlDUAAAAA8CHKGgAAAAD4EGUNAAAAAHyIsgYAAAAAPkRZAwAAAAAfoqwBAAAAgA9R1gAAAADAhyhrAAAAAOBDlDUAAAAA8CHKGgAAAAD4EGUNAAAAAHyIsgYAAAAAPkRZAwAAAAAfoqwBAAAAgA9R1gAAAADAhyhrAAAAAOBDlDUAAAAA8CHKGgAAAAD4EGUNAAAAAHyIsgYAAAAAPkRZAwAAAAAfoqwBAAAAgA9R1gAAAADAhyhrAAAAAOBDlDUAAAAA8CHKGgAAAAD4EGUNAAAAAHyIsgYAAAAAPkRZAwAAAAAfoqwBAAAAgA9R1gAAAADAhyhrAAAAAOBDlDUAAAAA8CHKGgAAAAD4EGUNAAAAAHyIsgYAAAAAPkRZAwAAAAAfoqwBAAAAgA9R1gAAAADAhyhrAAAAAOBDlDUAAAAA8CHKGgAAAAD4EGUNAAAAAHyIsgYAAAAAPkRZAwAAAAAfoqwBAAAAgA9R1gAAAADAhyhrAAAAAOBDlDUAAAAA8CHKGgAAAAD4EGUNAAAAAHyIsgYAAAAAPrTfslZbWysXXHABIYQQQgghhJBJyAsvvOC2rbe3z7KWSqXk3e9+t/zBH/wBIYQQQgghhJBJyCGHHCJFRUVu69q/fZa1pqYme2fnnXeetLS0EEIIIYQQQgg5iNx55522Yz3//PNu69q/ty1rn/vc59xzAAAAAAAH6he/+AVlDQAAAAD8hrIGAAAAAD5EWQMAAAAAH6KsAQAAAIAPUdYAAAAAwIcoawAAAADgQ5Q1AAAAAPAhyhoAAAAA+BBlDQAAAAB8iLIGAAAAAD5EWQMAAAAAH6KsAQAAAIAPUdYAAAAAwIcoawAAAADgQ5Q1AAAAAPAhyhoAAAAA+BBlDQAAAAB8iLIGAAAAAD5EWQMAAAAAH6KsAQAAAIAPUdYAAAAAwIcoawAAAADgQ5Q1AAAAAPAhyhoAAAAA+BBlDQAAAAB8iLIGAAAAAD5EWQMAAAAAH6KsAQAAAIAPUdYAAAAAwIcoawAAAADgQ5Q1AAAAAPAhyhoAAAAA+BBlDQAAAAB8iLIGAAAAAD5EWQMAAAAAH6KsAQAAAIAPUdYAAAAAwIcoawAAAADgQ5Q1AAAAAPAhyhoAAAAA+BBlDQAAAAB8iLIGAAAAAD5EWQMAAAAAH6KsAQAAAIAPUdYAAAAAwIcoawAAAADgQ5Q1AAAAAPAhyhoAAAAA+BBlDQAAAAB8iLIGAAAAAD5EWQMAAAAAH6KsAQAAAIAPUdYAAAAAwIcoawAAAADgQ5Q1AAAAAPAhyhoAAAAA+BBlDQAAAAB8iLIGAAAAAD5EWQMAAHmjJzsku7oHpLi5T34X65IH6trlhh2t8q3NzfKFdY1yweqEnFkZk1MrYnJyeUxOM4efNqcvXJOQL65vlKu2NMuPd7bKz+rb5Vlz+7LWPqntGZD+wd3uTwCA6UNZAwAAgTJkelNm927pHRySbZ1pW6pu2pmSy0wZW1QSkQ8sD8lRJkcuC8kRNg3yfpP3veXkvTniXabX0+vrbTV6Xx80WVoWlS+bMnd7dUpejHdLjSmE+vOz5vfQ3wcApkJelbVwb4YUUPhwBIDCoO/3fYO7pS0zKLU9GXkq2iXXbG+Rs6vitkjtq4BNVfTnHb0yLJ9ZnZAbdqTkeVPewr1Zac8M2RE4Pp4ATJa8KWu6doJ+G5brTZXkZ/RDEQCQn7Tw9JoP92hfVqpSffLTug756sYmOaEsmvMzYaajq1R+c3Oz/KqhQ9a290u8PytpvlUEcJAoaySwoawBQH5qSg+agtYvP69vlys2NNlVEN+/LJTzs8Bv0dUvTzHF7WumWD4S7rTFrXVg0P2fAcDEUNZIYENZA4D8oqu4v9LYI9/d0iJnVsbloyvDOd//g5JjisJy9qq4XLetVd5s6pVEf9b9nwLA+FDWSGBDWQOA4NM1BXV7ryciXXLRmqQsKInIUQEZRRtvdJKSRaVRO9vkc/FuSaazbNeGgrHbvNgHzB86awUfGMoaCWwoa/AMmU+CwaEhGRgclP6sSSYrPf39kurslliqXWqaU7Ix3iKrIo1SEmqUtxoa5Y2GJif1I3nTnF4RSsqyhoSUhRtla7JFGprbJNnWIV09fdI3kJEec9/6MzLmZw2ZnwngwLVnBuWxcKedNv/oFeFpnyhkuqOzTOpo4aXrkvJcrFv6BnkPQf7TL2O+v7VFylr63HMwEZQ1EthQ1grLbjs99m7JmoLUOzAgrX1pSXb1yq6mlJQ1JOXV6qg8si0qt2+KylWr6uWilTvl0yt2ymnLTVbUyEkr6mTRygZZUByW+cVRmV8SlQWaUvdQYy5bUBSSE4oa5OSV9eZ2tfKpFdVy9opdcnHRLvlGZa38eGNU7t0Slce3hWVZbVS2JVsl3NErye5+6exPy0A2a39PjfkHYAz9dl0n3ngp2W2n2tcCk+8lbWz0/6v/769uapJlzb328WDUAflIl89fTfbY1/xNu1J20iBMDGWNBDaUtfylxUxHytLZQekwpSzR2Ss7WztlVbxVntsVkwc2h+W69RG5vCoiZxTVmSJWL4tXhkwJi5jyFZf5ZXFZUJ6QRSaLzfGRxOQETakmuleW2MRkiXf9co1zP3p/x5ealJj7N8VukSl2J5lSd1pxg3y2vMEUxJDcsa5ent4ektJoi6xr7pRdqS5pMoVSR+SydiSODykULv3yojs7JOWpfvnethb50PL8WtXxQPOxlWG70+717Wm73zbeJZBPYn1Z+bi77aluw1nc0strfIIoaySwoazlF12lMJ3JSEt3n2xpapfiWEqerm2S2zeE5OpV9XJpVVhONsVovnmzP644KsebMrWgzJQok0UmtmTZ7F3CJitOmTMxhU8LnZa4hfZ3ML+LKXALTVlcYkrcKaUR+UxFRK6oaJDrV9fLozsTsjzUJJuSKYmZ8tbeP2D+r1lbSoFCoNur7OwakAfq2uX0ipj5vKaojY5uo3duVUJ+HeqQ+p6MXaYBgk6X0n6ys3WP1/qt1W32SxuMH2WNBDaUteAbHByUrr5+CbV12W3Ffr0jLjdsSsglFWE5uyIqp5hStLgkIos0piQttqNe+x4Zm/mY39f8fovM4UI3i0yJW2oK3NmlDXJZZVi+uyEud22JyfO7YrK9pcOU015bUiluyEf6qu7IDMoryW750oZGO4qU6/2cODm2KCzf2NQkRc290sMCLQKurLVvr1WcdXRta2ea0bUJoKyRwIayFkxaSvoHBiTW1imv1TfK7ZsictXaiJxf1iAnl4ScESstPSY6Upa7FAUn3miclriF7v/tRFM+zzLl7aurI3LD+rA8Xp2QDcmUtPf02QJLcUO+qOvJ2NG0k8ujciSjaeOKzhypo4+/DnXaHYIDQdRvFswvWJPI+Rr/zpZmSTN8PG6UNRLYUNaCJZPNSrKjSypCpqCtq5eLq6JyxqqknFBmSo2JV2pyFZ58iy1vGndVypMr4nJxeb38aF2DPF+TkOqmlPSlB5htEoG2KtUnX93YxGjaAebY4rBZqG2RzR1p9xEFguPemjb7xUOu17aeX92dYXRtnChrJLChrPmfjhANZDKyKd4i922KyBcqQ3JqcUgWlyftxB2FUs7Gk0WmuC0sM+W1NCbnFNfJTaurZXUoIY1dPXY1SSAo9Bv1l5M9cmpF1M54mOv9m4wvui3bZ1bHpaSlz273BwRBY39WzlkVz/ma9nJSecy+V+DtUdZIYENZ8ydb0LKDdhbE0vq4fLeiWk4qCcsnTBFZaAta8FdtnLrE7GQpOqPlguKonGxOX1Iekoc21Ul1c5v0DmSZURK+pa/M5vSgPBzqtNuY5nrfJgeWMyri8mysSzr53IPPZcwywHXbW+X9OV7Ho3PU8pBUpvrsbiuwf5Q1EthQ1vxFV9nr7h+QmtYOebI6IV9eFZHTS3S/ZhG7rZYzMUiugkJGZ6l7qKtIark9riQmJ65skC+W18n9m6OyKtYibX1pybIzXfiILm7p9lV31bTZCYFyvWeTg8uJZVH5lSnCLaYQA36lBezMyljO1/DY6No1Db0Z9jH4NihrJLChrPmDjqTpjI7rk23yyy0Ruayszk4OYguaKRqMpB18dHIS3c+bbud2fnGNnU1yebhFmrp67P7bmJAEM00nErlxR8puZ5Xr/ZpMThaaInxndZvE+5l4BP7TOjAo393anPO1mysfXB6SG8z7BiPG+0dZI4ENZW1maUHoGxiQHU1tct+msFy+JiFLS8K2UFDQpi7OrJIJOa8sJHduDEtRLGW3a9OdiAMzobp7QL6/tWV4x7dkavOJooj8ZFdKwr1sywr/GDLLBCuaeyf8PnBGRUxKW/qkj7VF9omyRgIbytrMyQwOSk1Lm/xiW0y+VBWWJSURO/JjZ3bMUTDI5EZXKdVdAJxQFpdzKqJy07p6WZ9osTNIAtNpR+eAfHNzk3x4BUVtOvPxorBcu61FGnoobPCH5oFB+dzaZM7X6/6iM0PesKNVWgaywkoiuVHWSGBDWZt+ul1ae3evvFablC+akqbbUGhpYHu0mYmOYOrjv9Q8D5+pjModa6olZEq07iYBmGo13QPyrc3Npqix/7SZiI5g6EJuhH2xYYbpNmcvJXrkiAPcl+LplTF5NNLBct0+UNZIYMMf9fTSbaO2JVvlG+XVckpJyE41z+qO/ojuSHxBaUIWr2yQS0pr5LEdMens6+dbSkyZUG9Grt3eIkevpKjNZHQbwdurU3ZUA5gpHWZ5TLc/y/UaHU/eZ/L5dUnZ2JlmspEcKGsksKGsTQ9d5THR3iXPbgvJKRVxmV+RtNtN5SoNZGaj+6471jw/p5kyfcOaelkVb5W+AVaTwuTR5aim9KDcUd1mt53K9d5MpjcLSqLy61CHdPGZiBmgr7rvbW3J+dqcSBaUROS6ba2S4ouHvVDWSGBDWZtaOoFIj1nQL4s0y7cr62RpaZj9pAUkulrqgrK4XFpaK6/WJ6W5q4/9s2FSdGeH5LFwlyw2BSHX+zKZmZxaHrM7ImfH2Zhu69vT8oEDXP1xbD6/NikvxLsZXRuDskYCG8ra1NGZBXWGwadrGuWiclPSSuPuaFpkr2JA/Bl9vnR7tk+VheWODSHZ1tQu/RlG2XDg9HP2jaYeObVifPtQItObT1fF7T6ugOnSlR2Sz6xK2NUYc70mJ5pjisJy9eZm2dHFZFmjUdZIYENZmxqDg0NS3dQmd2wMyVkVZqGfkbTAxo6wmcMTTb6xKiTFDUnpTw+wXzYckI0dafnM6kTO92Pij1y6Nml3pQBMNf0YeSTUKR+Z5F12nFWZkAfrOyTL59QwyhoJbChrk09ne6wIN8pXyqrlxOKQLC6L5ywBJFjRyWAWlkTlsxUheWh7TJq7eihsmJBoX1a+ubn5gGd7I9OTo8zzc932Vkmy02xMsZrujJy7avK/vNGp/L+5qVkejXS6PwmUNRLYUNYml073vrw+IWcU1dlV6JiOP79iR9nKk3JmRUQe2hKRRHs3hQ3jkhnaLQ/UdjBFf0BybFFEHjcLulk2/MEU0WXue2vb5aiDmAFyf1liPrO+s7XZrmYJyhoJcChrk6c3PSDP1JgF+bKQLChL5FzYJ8HPUpOFprAtKWqQO9Y3SKyz226fCOyLLu6/1dQrxxWz0+sgRfdbtSrVb58/YLIVt/Taz5Ncr73JyJHLQnLZuka5eWcbr2GDskYCG8rawdM3wa6+tLxU3ySfrErYCSlyLeST/IndkXa5rt4ak+uqaiXU3iVDjLBhH+p6MnLFhkZWfwxYPrQiJNdsa5E4O8zGJNMZYW/b1ZbzdTdZ0QlLjiuOyP9tbZGdTDZCWSPBDWXtIJkF9M7+tDxd2yznVsZkod3Jde4FfJJfcSYeMaWtOCQ3rg9LTUu7DA6ybxvsqWdwSH7d0GFnaMv1Hkz8ncWlEXku1iVpVofEJNGXUnFL37SsEq1fOJxeEZe7atoLfnVIyhoJbChrB6fbFLXnapvknFVJu+ojRa2w4mzDlpDFxRG5alWd1LZ2MsKGYfqZWpnql3OqmP0xyPnc2qSdBp2/bEyGDrPc9cX1jTlfa5MdHV071nw+XbA6IWWmIBbya5iyRgIbytqB08lEXqhtlHPcqfkpaoUbHVFdaA5v2RSVSFsnk47ASg0Myo93tsqHVzCqFuTotOoP1rdLvy4kAQdBPxqeiHTmfJ1NVT64PGQ/n36wrUVaBwp3mY+yRgIbytqByQ4OSnFdXM7VyUTYRo2URmRhRVKWloTktrW1Eu/qpbAVuGXGBO0AAC6jSURBVEHz/Be19MlJ5VM3gQCZvnyqMi6bOtKMruGgdJplrvnFkZyvsanM8eZnLiqJSEWqz66GWYgoaySwoaxNnBa1NaG4nLd8mywsZ9ZHMpKFZTE5oyJuV43VHWejcPVkh+T7W1v4TM2THGGex1t2pexyEnCgvrJhelZ/HBt9H1poypp+6aCTmxQiyhoJbChrE6OjJdG2DvlW+S77xre4grJGRqLbsC0sj8ulVSEpCjXJQJZZ5AqRLs/rtNzzzXtErvddEswsNn/jGzrSzpMMTNC2zrR8bOXMrRJ9vHk/OnpFWJ6Odbm/UWGhrJHAhrI2froA1tbbL7/YFpOTypzt1HItsJPCje4zZ7Fuv1YckW9X1smulg4ZYha5gqPbNn13a3PO91wS7Ny8K2V3cA5MhI5mnbcqYSf8yPW6mq7oF0i6DVuyv/C+SKSskcCGsjZ+fZmsvFjXKOdVOBvr5lpYJ0SzsDQu84sicvfGkHSYgo/CojNA6v6Ncr3nkmBHv6jTbdeA8dJq/7tol3zCfCbkek1NZ45eEZKPrgjLVZubC26VXsoaCWwoa+Oj07Fvb+mUr6zWBXFG1MjbZ0FZXD5ZGpYVdUlWhywgA0O75Uc7WnO+35Lg5yizjHRfbRujaxi3bV0Ddur8XK+nmYiWxmNWhuXNxl73NywMlDUS2FDWxqerPy2/3tkoS3WfWpQ1Mo7o9mvzyxLytdIaCbd2MDtkgdjemZalZYyq5Wt0NbbzVsWlrifjPuPAvumXNz+tb7erHuZ6Pc1EjlzmjK7pvt50dspCQVkjgQ1l7e3pqNqWxja5uFJHS5hQhIw/i3S20OKw3LaqWvrSLNwVgl+HOuQDPlowI5OfY83f9AvxbvcZB/ZtTVu/LC3z3+479D3qE0Vh+U2o0/1N8x9ljQQ2lLW3193XLz/dWC+LmaafTDBLyuIyvzQu562sltXRZkbX8lxTelAuXdc445MIkKnNUctC8r2tLXx+Yr90UpHba1K+fT/Q3+uydUmp7SmM3cxQ1khgw4fN/umydWU4KWeX1DGqRg4oS0zJX1AckZvXNdjVaZG/Slv6ZJF5znO915L8ytlVcdnMRCPYB/1abl17v6+/uDlimbMGwM/q2wtiG0zKGglsKGv7pzP5/aCqVuaXxmQJ26qRA0pMFpbE5fzSelmdSDGVf57K7t4tD9Z3yEdWzNx+lMj0RadAfyHRbZebgLF0VO3C1cmcrx2/5dTyWEF88UBZI4ENZW3fdFu10oa4nFpUJ/PLG3MshBMyviwui8mJJWH52faEdPQVxionhSbel5UrNjSZz1C2VyuE6CQNN+xoldTAoPsKAEY8E+vK+brxa26rTklvnn/zQFkjgQ1lbd960mm5d80uOa40bnd0nGshnJDxZkFJRL66Jio7W7vYdi0PrW7rlzMr4znfZ0l+5tJ1Sanp5ssX7KnFFHhd9T3Xa8av+ejKsGzpTNvVN/MVZY0ENpS13HRhuqG1Q64orZUFZUlZkmPhm5CJRPfP9+mysLxU3yzpLN/G5xPt3s/GuuR4doRdUNFZ/ipa+/J6ARcTo+8F/7elRd6f4/Xi91y0Jml3NZCvKGsksKGs5ZYdHJQVDUn5VHnE7tw418I3IROJrgq5qCQqt22KSqq3332lIR90ZofsjrD5/CysHGGe71+FOqQ/z1cfw/iVt/bLcQH90kYnQ3klkb+7pKCskcCGspZbW0+f/HhjWBZWNckJZgE718I3IRNLTBYWReTykhrZ2txht4lEfoj0ZeXLGxpzvseS/M6125nCH460WYi+fH2wd93xCVM0+/L0ywfKGgls+JDJrbGjU762OiLHVzTK0pwL3oRMPAtL43JKcYO8FW6R7BB/e/lia+eAnFXF9mqFmEvWJiXRn3VfCShUuvbgo+FO+djKYM8Gq9P5X7O91f5/8g1ljQQ2lLW9DZqF6DXxVvlMeUgWM10/mcQs0lVqy2LyxI6o9A1k3FccgkyXacpa++wEMrneY0l+58SyqNQyyUjBC/Vm5Et5Mrqu2+hv7cy/qfwpaySwoaztbSA7KL+taZaTSyOyxCxY51roJuRAssSUNZ1o5Jb1DdLGFP55Qd9Cn4p1yVHLmbK/EPNB87yXmrLOJ2nh0m0WdR+LH8iT9wAdXfv25mbpyebXq5qyRgIbytreuvrTctfmqB1V07K21JS2XAvehBxItKxdVhmSBGUtL+gCzd21bTnfX0lh5MlIp2TZ2X3B2t41IGdUxHK+NoKaReaz6o3G3rya6ZSyRgIbytreGju75cfrGuwoSK6FbUIOJjq76FnlEYn3sRpkPmjLDMoPtrXkfH8lhZE7a9ryespz7Ft3drdcs6015+siyNFJUr6xqUliffmzPSZljQQ2lLW9RTq65f/W6/ZFCbNwzWqQZHKzqCIhpxfVSqw7/7YJKETN6UG5YiMzQRZy/m9rM9P3F6jq7oxdFTbX6yLo0f/XC4nuvJlshLJGAhvK2t62t3bKFypDsrCEokYmP4vLE7K4JCLhHkbW8kG8PysXrE7kfH8lhRGdrj1fpzvHvuloar6t/jg2nzT/v/o8+ayirJHAhrK2t4pEm1xUputssxokmfwsMmVtaUlYIpS1vKD7WDstzxfYyP5zdlVcegf5LC00ryZ7Ar1PtfHmd9EuyYe5RihrJLChrO2tqqlTzq+I2Ikgci1sE3Iw0dVrFxeFJMx033mhvjcjC0uiOd9fSWFkaVk072bOw/7ptlzHFBXG7jo+ujKcF6NrlDUS2FDW9rbKlLULKylrZGqyuCwuS0pZDTJf1JrnMeg7wiUHF11o76asFQxdVr5+e6scuaxwdtfxva0tgd89BWWNBDaUtb2tbuqQiytCblmjsJHJjW6ztnRlvYSZYCQvVHcP5M3+lciBRSdi6KSsFYyVzb0FtxP8o0wxXdbU6z4CwURZI4ENZW1v21q75EuVIVnEBCNkCqJlbQkTjOSNXaasvT/HeyspnOjz38lnaUHoGRyyO4wuxGXlMyvjMjAU3Nc5ZY0ENpS1vdW0dso310TsQnWuhW1CDiYLzevqtNKwxHrYZi0faFkrhEkGyL6jzz9lrTA8Fe2y23Dleh3ke3QNgjuq29xHIngoaySwoaztrbGzR364PiyLdNuispgsLY3kXOgmZKJZYrKwNC7nFNdLvJeylg90NchC2naF7J2jWA2yIET7MvL1TU05XwOFkk9Xxu3uSoKIskYCG8ra3jp6++W+zaagletEELkXugk5sMRkvilrF5Y1SIKylhdqTFk7egVlrZCjE8x0Udbymu5T7eFQZ87nv5By5PKQ3LgjJekA7imbskYCG8ra3gYyWXl4V1JOLI3IYiYYIZMYLf/zi6Ny0+aotKcpa/lAp7Q+vriwJhsge2ZRSZTZIPOcfilzSjn7U9R8sjImFak+95EJDsoaCWwoa3vLDg7JikiLfLpEJxnJvdBNyIFEy//ikpg8uTMu/ZlgrkqCPYV6M3JSGftZK+Towiv7WctfOqp2y65Uzue+UKNT+bcODLqPUDBQ1khgQ1nbmw7uR9o65curo3K8TrPONmtkkrLIvJ5OMYev1TfaLwUQfLH+rJy7Kp7z/ZUURj63Nil9ugCFvLS1M82qzmNyTFFYSlr6ZHeAXvaUNRLYUNZy6+jtk5s2RmV+RZNZyGZVSDIZicmC0rhcUt4g6xvbZChIn3LYp8b0oHxhfWPO91dSGPnW5mbpp6zlJd0065OVfBmTKxevSUqzef8LCsoaCWwoa7llBofkzdq4nFIWlQVM4U8mIYvLdBXIiPxkfVhaevrdVxqCLjUwKFdvac75/koKIzftStlV5ZB/fhfpZrl4H9HHpai5zxbaIKCskcCGspbb7t27pbopJZ8trZfjy5I5F74JmUh0VxCnFzfIk9uj0jfADrHzhU4scWs127MUcn4T6pAMZS3v6DZZC0qYPGh/+ciKsLQNBGM5krJGAhvK2r519aflnjXVcnxJXBaXJ9l2jRxUdGfYl1SEZE0iJUND/N3li7T54Hw43MlnZ4HmCPO8v9XUY5efkD8yu3fbSTR0qvpczzsZie4oOwgvf8oaCWwoa/um2xStCiflnLKQzC9vzLkATsh4sqQ0ZnewftvmmLT2sgpkPtEBleXNvXaD+1zvsSS/oyMv2zsHArGwivGrTPXLieY9O9dzTvbMB0yhXd+edh85/6KskcCGsrZ/qe5e+dHqWlPWEnaboxMYXSMHkEXlSTm/pF6Kw80yyKha3tnQkZbTK1iwK8ScvzohsT52w5FPdDvU/9vawvLwOPM+ky+tb/T9jrIpaySwoaztny5Yl4YSclZpvSwsj+dcECdkf9ERtaXmtXNj1S5p7e5xX1nIJ7pj7EvXJXO+x5L8jk4uowv3yA86Se/z8W45lpHyCeWjK8PyRKTTfRT9ibJGAhvK2ttr6+2Vm9aH7DZHuRbGCdlXTiwJy/zKFjmnNCRrwwmm689TqYEh+e7WlpzvsSS/c19dm/SywVreaOjJyOfWsiuOiUZH1y5b1+jrHWVT1khgQ1l7e7qAvb6xXT5TEZHjy5kZkowvOiGNjqodX9UkP6rYYffdh/ykn52PhTvl4yv5Nr6QMr84Iiube9leLU/o3/HLiR6Wgw8wOhnLfbXt4telSsoaCWwoa+PTOZCR+7clZLFZAHe2Xcu9gE6IFy1rWu7PKQvLzmSr3R0E8ldxS5+cynZrBRXdXm1bl/8nVsD4hHszsqgkmvO5JuPLRWvM30SnP/8mKGsksKGsjY9Otb4q0SYXldTJQvNmvqSU7dfI/rO4NGZXg3xmV1zSGSYgyHd1PRm5ZG3Srg6U672W5Fd0Wen/tjZLYz/bq+WDrFkUure2PedzTSaWO2vapEcLhc9Q1khgQ1kbHx0V6ezrlye3R+Ts0pAsKmP7NbLv6OqPi1c2yDVVtZLo7LYbrSO/9Q0OyS272uRD7JepIPLxorBd9XWAnWHnhXXtaTlyGX+7kxHdnYXOkOu3vwzKGglsKGvjp4WtsatH7t4alxPK4nbkRBfKcy2sk8KNviYWmdfGFeV1sj7RKlmm6i8YryV77HZMud5rSX5Fd9Wwqo3tUPNBxhTuz61lNtfJjM6S2qPDlT5CWSOBDWVtYnQq/+0tHXJJaa0cXxKRxeVxu8PjXAvtpDCz2BT5Cyqj8mZDE6s/FpiG3ox8ZnWCVSHzPEcsC8nXNjZJMs0qkPngwfoOOXJ57ueaHFh0R9mrUv2+Gl2jrJHAhrI2cQPZQakIN8nZK3bJceVJRteIm4gsqkjKicVh+eWWsLQz+2PB0c9Q3V7jKFaFzOvoKpCPhjuFNSCDT6eaP4OJgaYki0ui4qdFTMoaCWwoawdGC9ubNVE5wyygzy9LMLpG5ISyqN0X3/d0O7W2DmZ/LFCVqT752ErKWj7nJPO3vrGdWSCDTpd5r9nWyrZqUxRdw+CXDR3uoz3zKGsksKGsHbjegaz8fHNETtbJJMrijLAVcLSsH29eA/+7KiQ7m1Ls/LqA6UQj39jUlPP9lgQ/R5plpB/taJU0w2qBt7a9Xz5ZyajaVEb3PRnr88fmAJQ1EthQ1g6cflSnevrkN1tCcmp5TBYwwlaQ0YlmFpXE5HNVEVkVb7W7eUBheznZIx9ewQ6y8zHHFUekqIVVnIMuNTAo39/WkvM5JpMX3b7z25ub7SQuM42yRgIbytrB0VXdkp09cv+WqHyqRKf01wlHci/Uk/yLFrX5JTqiFpV1yZRks0w4AGc7mC+sb8z5nkuCHV3w7ORzM9D02Xu9sccW71zPMZnc6L5plzX1Og/+DKKskcCGsnbwdCQl3t4lD22LymllZuHd3Qfb0jEL9iSf4qz6urAkJl9fFTFFrd3OFAoo/Q752ViXfHQlo2v5lGOKwr5Y6MTBifdn5fJ1TNU/XXm/yZWbmyU1MLOfkZQ1EthQ1iaHtw+2h7fF5KySellQ3ihLzMJ87gV9EuxE7PaJ801R+1pVg2xuamdfathLUzorX97A6Fo+5dtbmqXbZ/uOwsQMms/qlxI9dtvDXM8xmZocUxSR30W7ZnQqf8oaCWwoa5NnaGi3dPUPyFPbwnaBfmFpTJaUamFjO7Z8yVJ3ev5FJVG5fnWdVLcwoobcMmah8Pfxbla1ypPoqlwlLX2+2m8UJi6VHrTFIddzTKY2F69NSk33gPtMTD/KGglsKGuTS0fYevr6ZVW4ST5XVicLShOypJwRtnyJrvp46qqk3LOuRpo6upieH/uV7M/amSH5XA129Pn74Y5WRtUCTp+9W3e15XyOydRHp/J/OtYlM/VnRFkjgQ1lbWroanFbG1Pyg6paOVFHY8qd7dhIMKOrPS4wuag8LM/ujEpXby9FDW9rYGi3vJbskZPLmR48yDmzMi6r2/rZCXbA7ezOsIw7w1laFpXanoz7jEwvyhoJbChrU2dwcEhqWjvk/m1xubAs5KwWyXZsgYtOy396SUiuXBWSqmiLZLJZihrGrSk9KDfuaJUPrWDHu0HMx1aG5b7aNulkVC3Q+swC7vmrEnZ0J9fzTKYvd9W0zchU/pQ1EthQ1qaWzhTZ3tsnr9Ym5MrVYVlaEpH5Or0/O9AOQGJ2VwznloXlwY0hqWlpt9slAhO1rj0t569OmM9XCluQctTykFyxoVF2ds3cdjaYHE/FuuTDfGHii+g+KLd2pd1nZvpQ1khgQ1mbHv2ZrOxoapN7NoblUxVRWWjKwCJT2ChtPox5Thbp7heKw/KVVSF5PdQsbT197OwaB0y/1X800slU/gHLYvN+8HKyW9J8SRNo4d6MnL0qzqiaj3LRmoTpHNP7d0VZI4ENZW366MJ+qrdfqmKt8q3KWlvW2Im2v7K4JCoLKhrtNio/31ArdalOSWez7jMIHLi2zKD8YFsrn7EByYeWh+WOmjbp4jMy0LRn31qdsqOkuZ5nMjPRXSc8Eel0n6XpQVkjgQ1lbfrpVO/xjm55ZluDfL54lxxXnpCF5UlTFiJ2avhcJYJMbex+00xxPnllrVy9ul52NrdLOsO2aZhcWzvT8pnViZzvxcQ/0RGYL65vnNFpxjE5ilt65RQm+PFlTjKfu92Z6fuMpayRwIayNnMGMhnZkmyVezdH5KLyBplvCpuWNlaNnL4ssfvCM4+3KWqXVzTIW7VR6elP6z4Y3GcJmFyvNfbIfPa95uvoe0NpS5/7jCGodFcLN+1M5XyOycxHRzt1lxjTtZYxZY0ENpS1mTVkSkFvf7+siTbJDzZE5TOVMTvV/2JT2ChtU5clZVFZXJ6Qk83hN1aH5amdMQmlOtjBNaZc1vzN/7KhQz5exPZrfsyxpkg/Fe1yny0ElRaAZU29bCfq83yqMi7bOqdnBJuyRgIbytrM01XttLR19JnSFmuWOzZG5HNVUTnZlIpFJbojZh39yV06yPijj+FiHUkrDsvpZWH5+rqE/GZrWEKtHXY6fkbTMB30VdaSHpSbdqXstPC53pfJzOQ4U9QeqGuXHqbpD7zUwKB8bWNTzueZ+Cc6Q+6121qkcxqWRSlrJLChrPmLjuy0dPdKZbRFHtgUks+W1cuJ5XFb2hbZ/bTpaBsjbuOLs/2fPmb62C02j+NZZRG5fl1Inq5JSLUpaboqKjDd9Fv/HV0D8u3NzXL0CgqbH6LF+YYdrRLty9pCjeDSWQafiXXJ+3M8z8R/0c/p5c29U/59KWWNBDaUNX/SHWqnenplY2OHvFzfJNeuqpHTS+rl2JK4zC9vtKNtzmQkTEiSK7od2qLyhJ005ISiermkvEHu2ByTslhKGrt6ZYAdW2OGZczrb01bv3x5Q6N8gJnqZjRHrwzJVVuaZWf3wLRtP4Opo8s1utuFXM818We+urFJEv1TO/MyZY0ENpQ1/9JlBl09UotFU1ePFDck5e5NEbmsrFYWrayXT5jSptPMa3HLVVgKMbqq44KyhHlskrKgqEGuqqqT53dFpb61SzrTA2yTBl/R7dcqUn1ywZqkHMFn74xEJzn43w1NsrEjbZeBEHxavHM918S/0S+silv6pvTLEsoaCWwoa8GRNUWj3xS3WFuHvF4bl+vW1MuZxfWmrMXtKNISHUUq0JE2XcVRH4OTS8PylcpaeWxHXDYlmqS7r98WNJbB4Fe6cKIzD55VFWOnvdMcLcifX5uQ9e1p3iPyRENPRj60gpHqIObkspg0pwfdZ3LyUdZIYENZC6Yhs4TXlx6QhpY2eWVHWK4q3yXnrkrIKZWNstQUF1tgTHSkKZ8mJ/H+P87/KSYnlSXkzNXNcvGqiPykYoesjzZKW0+vDA5O3Rs+MBVKTGE7z/wNH7mMBc3piI6oXbIuKWvb+t1nAEHXZxZiz6yM53y+STCi2xpO1VIpZY0ENpS14BsaGrIFpb6104643b4pIleuici5JSE5rSImJ1bEbXFbVBKRRebQ2S2AFh7/rj7pFLKY83ubw4X2eExOMUX0nLKQfHlVWK7dFJefbYvbGTRT3T0yMDDAdmgILH3llrf2yWXrGhkZmOLoNmr/u7FJNnSknQcfgad/P8/Gu5hhNeA5allIwr1TM/EXZY0ENpS1/KFFJTs4KL3pAUl2dElxfVKeqW+Rn+9qkmvXheVLpuBcWBWVM8pNaSuOyAJTfhaUxmWhrkZpMnP7dTNFzP0dFprfYYHurqAoLKeYsnmOKZufX5Mw5SwiN6yPyKO1TbIs1CQ1zW3S0dsnA5ms3a4PyAc6i51OOvLNzU0sdE5Rji0OyzXbW+y+nXjnyB+13QNyThWjavmQqzY32z4y2ShrJLChrOUv3VZrIDsoPem0RNu7ZHNLp5Qn2uXlhhY7UcmNm+Ly3Q1xubSiQc4sqpWly+tkvllAPL4kLseVJ+V4naSjIikLzeGisoQtVBotdWNXrVw6Kt55I6ssumWs3JSx8oS9T71vzXxTFheYYnbCijo5p7hWvqojZhtjdl9zj+2IybJoStY2d8n21i5p7uqRdCbjbINGQUOeygztlk0dafnh9lZ2nD3JWVgSlduqU2bBPsOsj3lEJ+r5eX27fJgR6bzIh5aH5NXGHvfZnTyUNRLYUNYKgy6XaMHRoqOjb+39aWnpTUusq1e2t3RIWbhJnq+Oy2+rG+WhXU1y59a4XL8+LFdW1clFxdVy2vJqOckUqiVm4VFXp9TVEnVU7nhTwjQ6Rf7o4wtM7KqLxaaIFTXISSvr5IwV1fL54hq5alWd3LghLA9sT8pjNU3ydE2jvFaflPXJNqlNdUmyu0/aevvtCGF2cMiOnLFchUKin8WxvqzcX9duR4JyvXeT8UcnbllaFpVHw53SmNbRePeBRl7Q1YdPLY/lfO5J8KJ/r59dk5Be8/k/mShrJLChrBU2HaDySpyOwqVN+ky60hlTmLTQ9Uu0s0c2JVOyPt4qq02q4ikpj7VKSbTFpiiyZ/Q83Z9ZZSJlrp+SteY2mxtTdifUCVPEmnv6pL0vLT0DGfvz9OfqTJe2lFHMAEv/DnTChGdjXfLJShZEDzS6THP+qoS80dgjadPSeH/JL93ZIbmjuo0dYOdZdJT0vtp291meHJQ1EthQ1jAeuoBzsAEwcfq3o9uxfX1Ts53BkOn9xxd9nHTfTd/d2iJbO5maPx/pc1qV6rd/F7leAyTYuXhtUiJ9kzfZSN6UNV014KyquHy6khRKurKUNQDwM10oTfZn5Z7aNjmpPMbC6dtES9oZFTH5VUOHtA3wGZev2jODcsWGxpyvARL8vH9ZyLzntdsR8cmQN2UNAAD4k67y9UZTr3xtU5McWxRhlG1MdCfXC0si8p0tzVLa2isDbJyWt/SZfTHZnfN1QPInn6qMy9q2yRkZp6wBAIAplzVLLQ29GflVqFMuWpNklM2N7ptO91H3ZLTLTs5CT8tvbQODdrKrXK8Fkl+5bnuLtJvn+2BR1gAAwLTRVdi3daXlll0p+WRFYe9f6pxVcbuK6M7uAenVje+R1/QZvtYswOd6LZD8i+5zcn17v50Q7WBQ1gAAwLTrzAzZ/bL9aEerLCmL5lzYydfodO23mrK6y5Q0XUUUhWF1Wz87jS+wfGZ1QroPcip/yhoAAJgR+oVzT3a3rG3vd3ambRZk83V7Nv1/6epvt1W32Vke+5mOv6DoDrAvWpNge80Ciz7fK5p73VfBgaGsAQCAGafFZUN72paZU8pidlsunXgj1wJQUKK/v+536ZMVMbvvpZ1dTMVfiPQ5fzjcyahageboFeGDGkGnrAEAAN/QBdtd3Rl51CzcfnlDoywpjcpHAjTipvt81YXypWVRuXJzk/wu1iUNPZO3zyUET7QvI5euS+Z8vZD8j74n3LC9VQ60rlHWAACA7+hG+S3pQSlr7ZOf1bXLF9c32n2QfbzIn6MTnyiKyJmVcfnqxiZ5KNQhVak+6cgMMZJW4HRfWzqq+kFmPy3oHGPet3R17wNBWQMAAL6m+x0L92al3BS3xyKddn9kF65JyOLSqBy5bGYWgnUH1jp69rm1Sfne1hY7glaV6rfT72cOdvo35I0tHWk5q6qwZz0lzuja1zc1Se8BTDZCWQMAAIGhEzXoiFt194AdvXrclLcbd7bKlzc0yRmVMfnoiqkpbzqi92lz/zpydvPOlDxlypnO7lfbk5HUwCD7R8NeOrND8hPzWmFSEaI5rjgiz8W73VfH+FHWAABAIGk/0lE33XebFjgd1drakZbXGnvk16EOuXlXSr69uVkuXZs0RSsuS0ujcqwpXbpKmn7TrQtQevghc/rY4rCcWBaVc6oScvm6pB29u606JY+EO+TNph7Z2TUg8f6stJpipj8vw2yO2A99bWwzrxnd3nLsQjspzGhp/9rGJvs+MhGUNQAAkDd0IVlHuXQETguVbjPUP7hb+kx0x9O6GlKPKVtjo+fr5Xo9vb7eTm+v96P3B0yEvo4uXpOUo5aH8jK6GjCZeHR2WF2VeyJvKZQ1AAAAYBLpiO/GjrQk+7PSNjCYV+kw0S80BnfnX3SLMi1SU5mJoqwBAAAAgA9R1gAAAADAhyhrAAAAAOBDlDUAAAAA8CHKGgAAAAD4EGUNAAAAAHyIsgYAAAAAPkRZAwAAAAAfoqwBAAAAgA9R1gAAAADAhyhrAAAAAOBDlDUAAAAA8CHKGgAAAAD4EGUNAAAAAHyIsgYAAAItGo3Krl273FNvL5PJ2Ou3tbW55wA4GIODg5JIJGyGhobcc3Orra2VHTt22OP9/f32dCqVsqexN8oaAAAILC1qF154oV2gGa+BgQH54Q9/KFdffbWk02n3XAAHYvfu3RIOh+WrX/2qvPzyy7a47Y92hRNOOMHeTr8wueWWW+S2226T9vZ29xoYjbIGAAAC67vf/a4cddRRUl9f754zPqWlpTJnzhx59tln3XMAHAgdqb7++utlyZIlUldX5567b//zP/8jf/Znf2bLWjableeee07mz58vb7755tsWvUJEWQMAAIFUUlIi//Ef/yEPPvigXfCbCF1IvOKKK+TjH//4uBYwAeSmX3zMmzfPloq3WwVSjS5rSkfXLrnkEjnllFNYHTIHyto00hflRD9MlL7wD+R2AADkq76+Prn88svlPe95j7S0tLjnjtDPTi1kRUVFUlZWJh0dHXstSG7dulX+4R/+Qe666y73HAATocunp59+urzzne/caxtQvUxXOd6+fbstdPF43J43tqzp4TPPPCNz586Vp556avh8OChr06Snp0d++tOfjvuB9ugL/84775SKigqGhgEAcK1cuVLe9773yZVXXmknKfDogp6WN90m7W//9m/lT/7kT+RP//RP5Z//+Z/l1ltvtaXNo8d125mTTjpJIpGIey6A8Vq7dq381V/9lXzrW99yz3HoFyX6N6oj13/0R39k/wYPP/xwW8be9a537VHWVCwWk4985CN2VUpdrRIjKGvT5L777rPfJKxevdo9Z3y05Ol6wPqtxbZt29xzAQAoXLqQp6Nh//RP/ySvv/76HiNm+iXnd77zHXuZlrnPf/7zdgROV5f813/9V7nnnnvsqJzSknfDDTfIf/7nf8orr7xizwMwfj/4wQ/kL//yL+XVV191z3FoUTv00ENtTjvtNPs3+IlPfML+HWpxG1vWlF5HL6upqXHPgaKsTQMd/tWhXZ3t5kBoSdNv/vQDRcsbgInTvx39W9LZpnRBTY/v3LnTvTQ3/SBpbm6227MwYxzgH11dXfK///u/Mnv27L2+yFy2bJm8+93vtqNlOj24/h3rminLly+XY489Vi699FI7vbjSkvfaa6/ZkYG7777bngdg/I477jhb1kZva6Zfgpxzzjn2/Icffnh45DsUCtkvT/78z/88Z1nTNdD+5m/+Rn7zm9+450BR1qaYrqurj4l+k6BDvLm0trbabxEaGhrsB9BYvb298qMf/UiOPvpoWbdu3V4vbgD7p3+Hjz32mF1NQ6f51r+3s88+W77+9a/v9+9JL6uqqrLX08Ox27sAmBn6ealrnCxYsMAuAHp01Ssdcfvrv/5reeSRR/ZYnaq7u9tuN6OTkoz+4nPDhg3yL//yL/b9YfTqlAD2T5dfDzvsMLvm2Gj6BYqe99GPftQuw46mm/XMmjUrZ1nT2SD/8R//Ub797W+750BR1qaYbth8yCGH2HXqx9q0aZPdJ8XChQvlYx/7mBxzzDHy6U9/2n6jMHYETb8pPOKII+wqkd7qGwDGR0e3P/zhD8vPfvYzu/C2ceNG+2GxdOnSt/3yQ0fWdMY4XT0j1yQGAKafjpjpZ6d+e59MJt1zRTo7O+2Cnk7JX15e7p67f/r+8N///d/2G3/+xoHx27Jli13N8cQTT3TPcWjp0jXKvvnNb+71GavLt//1X/+Vs6zp9m+6bakuC2MEZW2KXXXVVXa4V1+Ao61atcoWNF03Vz9U9NsHnfb0//2//2e/VdBZcUZPKKKPr754jzzySD5MgAnQ0TBdoNN15b2/nYmUNb38jTfesPtxeuKJJ5joB/CBfZU1Xc35a1/7mp3AQEfDx8MraxdffLH9rAUwPjoqrQMSY8uarlqsy7bf//73c37Gjp0N0uOVNR01xwjK2hTSEbBFixbZhcKxM1XpalX6QtXt2PRbBr2uPoZXX321Xcf3vPPO22MbGb2N7vjzL/7iL+wHC4Dx0Y2cdUY4neTHM7qsafnS6YR1kgKdxlv/Fsd+gOhqHPrhobNa6apUAGaWbm+qn68nn3yyXbXZo3+f+lmpX3rqNmqj6d+1jrb99re/3WNGyM2bN9sFyy9+8Yu27AEYn9raWvtZqgMOo+mqxjrz44UXXrjX5gP65Uqu2SCVro2mEwPpFycYQVmbQlqqPvCBD9hv/3SbGY9+SOjUpd/4xjf22EZN17XXBUbdvk1H3cauO68Lm7o/mEcffXSvFziAvemHhH7x8W//9m977PTWK2vz58+XX/3qV/ZyHQH/4z/+Y/v3qiPfY0fQ7r33Xvn7v/97+40hgJmlqyfrAp3O4jh2oiDdPlW/oNEvP73ypZ+Z+h5wxhln2M9Y/WLGO18XLHWtlhtvvNGeB2D8dJRMBxlGL+fqZCP65ebf/d3f2WVhr7DpZgg64YgWslxlTS/Tv10m+9kTZW0K6bd6+qGgq0JqERtLR9R0ooM1a9bYbxN0Favzzz/fvlBzlTUtcroO8Pe+9z0mOgDGQSf10Q8FnU11NK+saUnTqbz1cv3y5KyzzpJ///d/tzv31HXxR6usrLQzz11yySV8WQLMMP1Mvfbaa+1EIvq3Ofpvsrq6Ws4880z793rHHXfYXeboiJp+dr7jHe+QL33pS7bsKV141C9C9XwteQAmRr800bI2drVj3UewLs/qfAsvv/yy/TvUUe3jjz/efjGaq6x5mw6NHRUvdJS1KbS/slZfX2+/xdOd/+mCob6gdepg/XDRFyplDTh4L7zwgv3b0ol5RvPKmu6oU7dv8bZl0y9Qbr/9dvu3+NnPftae59FRcN2uRWe+oqwBM+/3v/+9XdVK95s2+lt9/bzV7Uz1SxjdLlw/Y/WzU6cEP/fcc+1Co/cZqqtN6sKmTuk/9gsaAG9PP2e1rGk5G03XItPRbZ2ARIuZ/q3q565O2KVflI4ta/oZq9u+6UhdrpnRCxllbQp5Ze0rX/nKHmVNZ6vSder1G3/dZkYv123XHnroIbn11lvth0qusvbiiy/aMkdZA8ZH/570Q0Qn7BnNK2v6bbpurzaavpfpTFX6YTJ6uxZ16qmn2i9Txt4GwPTTkXPdllS/qR+7cKefuevXr7cLkLo/Nv1SRmeD3bVr1x6rOOsonG4/o7PWsS9FYOL0Cw/d+bxuQqDLt6Pp6aefftou8+rs5/rFiu5qQzfnuf/++91rOXT7cv1b/PGPf8wy7hiUtSmkGy3r7I367d7ofb3ovtK0jGlR031RtLW1DX946LT9ulpWrrKmOwvUjaa11PHNPvD2vIl8dDXj0byypgt5uf6WTjvtNLuuvV5vtMsuu8yWNV3tCsDM0gU6/TzUv2VdzSrX37KWNt1+RrddG7sdql5fFwx1Jubi4mL3XAAT9eCDD9p9Fb700kvuOSP070zXWtG/wX19IaIj47rLjfe85z17bYMKytqU0m8bdAIDnYZ09Au0rKzMTjzy/ve/XyKRiD1PP0R0X2q6L6g//MM/zFnW9IX8J3/yJ3stQALITUet91fW9jV1v+4wW1ef1IlGRvPKmu5YF8DM053yLl682O4ce6Lfxuvnr36Tr2urjP5CFcDE6FooOjurTuh1IDOq6mftRz7yETsoMXqVZjgoa1NMV73QhUUdQfPoSJpOUqDna5HTD5qjjz7aLgTqB4euHqnr+Oo3ER79ZlDXtddtZrwNowHsn+7jRf+udNuW0byypqs7jv22XU+/+93vtqPYY1d31AlI9P68meQAzDxd0JvoBCH6Jc13vvMdu/rW2NWdAUyM/j3pZHkf/OAH7TZsE6G7xrnmmmvs52s4HHbPxWiUtSmm3+jrti/6zd1ouiGzTmCg5Uz376IlTNfn1SlOvaFg3X+FR+9Hd8p73XXX2f1AAXh7OsOqzhan24SO5pU1nXxAty31tinVb9d1dSpdBVJHxUfTb/v071JH3HKNxgGYOfp3rH/v46Vfhmq5Y5UrYHLoGmS61omuPTaR0TGd4Eu3axs9qIE9UdammK7KqPt10Vlw9DEaq6GhwW7bphtK74veh84cqYWuoqKCBUVgnHSCAd03oX5jN5pX1rSU6aoXutCm26zoNqP6d6b7Uxv77aD+nepMkCeddBJ/gwAAYFpQ1qaBftNwyCGHyE033eSeMzH6bYOuC6yz6YydaQfAvuk3fboti45g67YtHq+s6bahF110kd0wWke4deZIHT3LNRvV448/bldb1p12UtYAAMB0oKxNAx0O1vVxdWbIiQ7z6iqPut8n3R/b2rVr3XMBjJeWK92/0pNPPume42wDqqdfe+01O8mAzmSlU3frCLauTjV6e1Gl69Trdqa6jVsikXDPBQAAmFqUtWmi6+TqguBEN7zUyUhuvvlmefXVV5khBzgAOjOVzr6qO9scO8OqR7dV00kG9MuRXKNmOlW/zt56ww038HcIAACmDWVtGumC4L4WFvdFV8XSb/VH71QbwPhp+dLZIHWH8rpj+YnSUTYdGddp/uvq6txzAQAAph5lDUDe08J15ZVXygUXXGBXgZyIqqoqu3uNp556aq9p/gEAAKYSZQ1AQdD3KJ0euL6+3j3n7enItu5T7a233mJyHwAAMO0oawAAAADgQ5Q1AAAAAPAhyhoAAAAA+BBlDQAAAAB8iLIGAAAAAD5EWQMAAAAAH6KsAQAAAIAPUdYAAAAAwIcmvay9973vlauvvpoQQgghhBBCyEFk6dKlk1PW0um03H777fbOCCGEEEIIIYQcfC666CJpbGx0W9f+7bOsqf7+ftm1axchhBBCCCGEkElIKpVy29bb229ZAwAAAADMDMoaAAAAAPgQZQ0AAAAAfEfk/wP07XxUvrVnfQAAAABJRU5ErkJggg==</file>
    </questiontext>
    <generalfeedback format="html">
      <text></text>
    </generalfeedback>
    <defaultgrade>0.0000000</defaultgrade>
    <penalty>0.0000000</penalty>
    <hidden>0</hidden>
    <idnumber></idnumber>
  </question>

<!-- question: 130283  -->
  <question type="description">
    <name>
      <text>Questions 31-33 Example</text>
    </name>
    <questiontext format="html">
      <text><![CDATA[<p dir="ltr" style="text-align: left;"><span>Use the following example to help you to answer questions 31-33.</span></p><p dir="ltr" style="text-align: left;"><span id="docs-internal-guid-71a5232f-7fff-9a4d-9516-b66267993b9f"><strong>EXAMPLE QUESTION:&nbsp;</strong>There is an array of different objects scattered below. Imagine you are standing at the <strong>tree&nbsp;</strong>and facing the <strong>flower</strong>. Indicate where the&nbsp;<strong>house&nbsp;</strong>is from this position. <strong>Drag and drop</strong> the <strong>house marker </strong>along the imaginary line pointing in the direction of the house. The answer in this instance is shown below.</span></p><p dir="ltr" style="text-align: left;"><span><img src="@@PLUGINFILE@@/31-33%20EX.PNG" alt="" width="603" height="1027" role="presentation" class="img-fluid atto_image_button_text-bottom"></span></p><p dir="ltr" style="text-align: left;"><strong><br></strong></p>]]></text>
<file name="31-33 EX.png" path="/" encoding="base64">iVBORw0KGgoAAAANSUhEUgAAA0wAAAVCCAYAAAA2R3n9AAAKq2lDQ1BJQ0MgUHJvZmlsZQAASImVlwdQU+kWx79700NCS4iAlFBDkd4CSAmhhSJIB1EJSYBQQgiEZlcWV3AtqIiADV0QUXBViiw2RLEtCva6IIuAsi4WbKi8CwzB3TfvvXln5sz55eR8/+98d+43cy4AZEWuWJwKKwKQJsqShPh40KOiY+i4QYAHNEACDGDC5WWKWcHBAQCxmfh3e38XQJPxltmk1r///19NiS/I5AEABSMcz8/kpSF8EvEXPLEkCwDUPiSvl5MlnuQOhKkSpEGE709y4jSPTHL8FKPBVE1YCBthKgB4EpcrSQSAREfy9GxeIqJDckfYUsQXihAWI+yalpbOR/gYwkZIDZIjTeoz47/TSfybZrxMk8tNlPH0WaYM7ynMFKdy8/7Px/G/LS1VOrOHIeKkJIlvCBKVkWd2PyXdX8ai+AVBMyzkT9VPcZLUN3yGeZnsmBnmcz39ZWtTFwTMcILQmyPTyeKEzbAg0yt0hiXpIbK9EiRs1gxzJbP7SlPCZfkkAUemn58UFjnD2cKIBTOcmRLqP1vDluUl0hBZ/wKRj8fsvt6ys6dlfndeIUe2NispzFd2du5s/wIRa1YzM0rWG1/g6TVbEy6rF2d5yPYSpwbL6gWpPrJ8ZnaobG0W8kLOrg2WPcNkrl/wDAM2SAepiEsAHQQgvzwByBLkZk0ehJ0uzpMIE5Oy6CzkhgnoHBHPfB7d2tLaBoDJ+zr9OrylTd1DiHZ1NrdOBwCXvImJibbZnP9NAE6cBoD4cDbHGABA/ioAl3fypJLs6dzUXcIAIlAAVKAGtIAeMAJmwBrYA2fgDryAHwgCYSAaLAE8kATSkM5zwHKwBhSCYrAF7ADlYC84AA6Bo+A4aAZt4Dy4BK6Bm+AOeAR6wQB4CUbBezAOQRAOIkMUSA3ShgwgU8gaYkKukBcUAIVA0VAclAiJICm0HFoHFUMlUDm0H6qFfoFOQeehK1A39ADqg4ahN9BnGAWTYCqsCRvCFjATZsH+cBi8GE6EM+B8uADeBJfBVfARuAk+D1+D78C98Et4DAVQcigaSgdlhmKi2KggVAwqASVBrUQVoUpRVah6VCuqE3UL1YsaQX1CY9EUNB1thnZG+6LD0Tx0BnoleiO6HH0I3YTuQN9C96FH0d8wZIwGxhTjhOFgojCJmBxMIaYUU41pxFzE3MEMYN5jsVgaloF1wPpio7HJ2GXYjdjd2AbsOWw3th87hsPh1HCmOBdcEI6Ly8IV4nbhjuDO4npwA7iPeDm8Nt4a742PwYvwa/Gl+MP4M/ge/CB+nKBIMCA4EYIIfEIeYTPhIKGVcIMwQBgnKhEZRBdiGDGZuIZYRqwnXiQ+Jr6Vk5PTlXOUWygnlFstVyZ3TO6yXJ/cJ5IyyYTEJsWSpKRNpBrSOdID0lsymWxIdifHkLPIm8i15Avkp+SP8hR5c3mOPF9+lXyFfJN8j/wrBYKCgQJLYYlCvkKpwgmFGwojigRFQ0W2IldxpWKF4inFe4pjShQlK6UgpTSljUqHla4oDSnjlA2VvZT5ygXKB5QvKPdTUBQ9CpvCo6yjHKRcpAxQsVQGlUNNphZTj1K7qKMqyiq2KhEquSoVKqdVemkomiGNQ0ulbaYdp92lfZ6jOYc1RzBnw5z6OT1zPqjOVXVXFagWqTao3lH9rEZX81JLUduq1qz2RB2tbqK+UD1HfY/6RfWRudS5znN5c4vmHp/7UAPWMNEI0VimcUDjusaYppamj6ZYc5fmBc0RLZqWu1ay1natM1rD2hRtV22h9nbts9ov6Cp0Fj2VXkbvoI/qaOj46kh19ut06YzrMnTDddfqNug+0SPqMfUS9LbrteuN6mvrB+ov16/Tf2hAMGAaJBnsNOg0+GDIMIw0XG/YbDjEUGVwGPmMOsZjI7KRm1GGUZXRbWOsMdM4xXi38U0T2MTOJMmkwuSGKWxqbyo03W3aPQ8zz3GeaF7VvHtmJDOWWbZZnVmfOc08wHytebP5Kwt9ixiLrRadFt8s7SxTLQ9aPrJStvKzWmvVavXG2sSaZ11hfduGbONts8qmxea1ramtwHaP7X07il2g3Xq7druv9g72Evt6+2EHfYc4h0qHe0wqM5i5kXnZEePo4bjKsc3xk5O9U5bTcae/nM2cU5wPOw/NZ8wXzD84v99F14Xrst+l15XuGue6z7XXTceN61bl9sxdz53vXu0+yDJmJbOOsF55WHpIPBo9PrCd2CvY5zxRnj6eRZ5dXspe4V7lXk+9db0Tveu8R33sfJb5nPPF+Pr7bvW9x9Hk8Di1nFE/B78Vfh3+JP9Q/3L/ZwEmAZKA1kA40C9wW+DjBQYLRAuag0AQJ2hb0JNgRnBG8K8LsQuDF1YsfB5iFbI8pDOUEro09HDo+zCPsM1hj8KNwqXh7REKEbERtREfIj0jSyJ7oyyiVkRdi1aPFka3xOBiImKqY8YWeS3asWgg1i62MPbuYsbi3MVXlqgvSV1yeqnCUu7SE3GYuMi4w3FfuEHcKu5YPCe+Mn6Ux+bt5L3ku/O384cFLoISwWCCS0JJwlCiS+K2xOEkt6TSpBEhW1gufJ3sm7w3+UNKUEpNykRqZGpDGj4tLu2USFmUIupI10rPTe8Wm4oLxb0ZThk7MkYl/pLqTChzcWZLFhUZjK5LjaQ/SPuyXbMrsj/mROScyFXKFeVezzPJ25A3mO+d//My9DLesvblOsvXLO9bwVqxfyW0Mn5l+yq9VQWrBlb7rD60hrgmZc1vay3Xlqx9ty5yXWuBZsHqgv4ffH6oK5QvlBTeW++8fu+P6B+FP3ZtsNmwa8O3In7R1WLL4tLiLxt5G6/+ZPVT2U8TmxI2dW2237xnC3aLaMvdrW5bD5UoleSX9G8L3Na0nb69aPu7HUt3XCm1Ld27k7hTurO3LKCsZZf+ri27vpQnld+p8KhoqNSo3FD5YTd/d88e9z31ezX3Fu/9vE+47/5+n/1NVYZVpQewB7IPPD8YcbDzZ+bPtdXq1cXVX2tENb2HQg511DrU1h7WOLy5Dq6T1g0fiT1y86jn0ZZ6s/r9DbSG4mPgmPTYi1/ifrl73P94+wnmifqTBicrGymNRU1QU17TaHNSc29LdEv3Kb9T7a3OrY2/mv9a06bTVnFa5fTmM8QzBWcmzuafHTsnPjdyPvF8f/vS9kcXoi7c7ljY0XXR/+LlS96XLnSyOs9edrncdsXpyqmrzKvN1+yvNV23u974m91vjV32XU03HG603HS82do9v/tMj1vP+Vuety7d5ty+dmfBne674Xfv34u913uff3/oQeqD1w+zH44/Wv0Y87joieKT0qcaT6t+N/69ode+93SfZ9/1Z6HPHvXz+l/+kfnHl4GC5+TnpYPag7VD1kNtw97DN18sejHwUvxyfKTwT6U/K18ZvTr5l/tf10ejRgdeS15PvNn4Vu1tzTvbd+1jwWNP36e9H/9Q9FHt46FPzE+dnyM/D47nfMF9Kftq/LX1m/+3xxNpExNiroQ7NQqgEIcTEgB4UwMAORoACjJDEBdNz9NTBk1/A0wR+E88PXNPmT0A9UiYHIvY5wA4hrjhakQbiZMjUZg7gG1sZD4z+07N6ZOGRb5Y9tlOUg8tIxf8w6Zn+O/6/mcEk6pTy/8W/wV8SAf11W6wzQAAAIplWElmTU0AKgAAAAgABAEaAAUAAAABAAAAPgEbAAUAAAABAAAARgEoAAMAAAABAAIAAIdpAAQAAAABAAAATgAAAAAAAACQAAAAAQAAAJAAAAABAAOShgAHAAAAEgAAAHigAgAEAAAAAQAAA0ygAwAEAAAAAQAABUIAAAAAQVNDSUkAAABTY3JlZW5zaG90H7Z3JwAAAAlwSFlzAAAWJQAAFiUBSVIk8AAAAddpVFh0WE1MOmNvbS5hZG9iZS54bXAAAAAAADx4OnhtcG1ldGEgeG1sbnM6eD0iYWRvYmU6bnM6bWV0YS8iIHg6eG1wdGs9IlhNUCBDb3JlIDYuMC4wIj4KICAgPHJkZjpSREYgeG1sbnM6cmRmPSJodHRwOi8vd3d3LnczLm9yZy8xOTk5LzAyLzIyLXJkZi1zeW50YXgtbnMjIj4KICAgICAgPHJkZjpEZXNjcmlwdGlvbiByZGY6YWJvdXQ9IiIKICAgICAgICAgICAgeG1sbnM6ZXhpZj0iaHR0cDovL25zLmFkb2JlLmNvbS9leGlmLzEuMC8iPgogICAgICAgICA8ZXhpZjpQaXhlbFlEaW1lbnNpb24+MTM0NjwvZXhpZjpQaXhlbFlEaW1lbnNpb24+CiAgICAgICAgIDxleGlmOlBpeGVsWERpbWVuc2lvbj44NDQ8L2V4aWY6UGl4ZWxYRGltZW5zaW9uPgogICAgICAgICA8ZXhpZjpVc2VyQ29tbWVudD5TY3JlZW5zaG90PC9leGlmOlVzZXJDb21tZW50PgogICAgICA8L3JkZjpEZXNjcmlwdGlvbj4KICAgPC9yZGY6UkRGPgo8L3g6eG1wbWV0YT4Kg95oQwAAABxpRE9UAAAAAgAAAAAAAAKhAAAAKAAAAqEAAAKhAAD0OxsucuUAAEAASURBVHgB7J0HmBVF1oZLNymiIKIiJsyoKIo5Z8Q155zTmnNgzTnnrCirYlaMrGnNK+aIAVFMKIqIYVEMu3r/fs9u3f/OyMAAA9yZ+9bzNH1vd3V199tD1/3qnDpnilJRkkUCEpCABCQgAQlIQAISkIAEfkNgCgXTb5i4QQISkIAEJCABCUhAAhKQQBBQMPmHIAEJSEACEpCABCQgAQlIoAECCqYGwLhZAhKQgAQkIAEJSEACEpCAgsm/AQlIQAISkIAEJCABCUhAAg0QUDA1AMbNEpCABCQgAQlIQAISkIAEFEz+DUhAAhKQgAQkIAEJSEACEmiAgIKpATBuloAEJCABCUhAAhKQgAQkoGDyb0ACEpCABCQgAQlIQAISkEADBBRMDYBxswQkIAEJSEACEpCABCQgAQWTfwMSkIAEJCABCUhAAhKQgAQaIKBgagCMmyUgAQlIQAISkIAEJCABCSiY/BuQgAQkIAEJSEACEpCABCTQAAEFUwNg3CwBCUhAAhKQgAQkIAEJSEDB5N+ABCQgAQlIQAISkIAEJCCBBggomBoA42YJSEACEpCABCQgAQlIQAIKJv8GJCABCUhAAhKQgAQkIAEJNEBAwdQAGDdLQAISkIAEJCABCUhAAhJQMPk3IAEJSEACEpCABCQgAQlIoAECCqYGwLhZAhKQgAQkIAEJSEACEpCAgsm/AQlIQAISkIAEJCABCUhAAg0QUDA1AMbNEpCABCQgAQlIQAISkIAEFEz+DUhAAhKQgAQkIAEJSEACEmiAgIKpATBuloAEJCABCUhAAhKQgAQkoGDyb0ACEpCABCQgAQlIQAISkEADBBRMDYBxswQkIAEJSEACEpCABCQgAQWTfwMSkIAEJCABCUhAAhKQgAQaIKBgagCMmyUgAQlIQAISkIAEJCABCSiY/BuQgAQkIAEJSEACEpCABCTQAAEFUwNg3CwBCUhAAhKQgAQkIAEJSEDB5N+ABCQgAQlIQAISkIAEJCCBBggomBoA42YJSEACEpCABCQgAQlIQAIKJv8GJCABCUhAAhKQgAQkIAEJNEBAwdQAGDdLQAISkIAEJCABCUhAAhJQMPk3IAEJSEACEpCABCQgAQlIoAECCqYGwLhZAhKQgAQkIAEJSEACEpCAgsm/AQlIQAISkIAEJCABCUhAAg0QUDA1AMbNEpCABCQgAQlIQAISkIAEFEz+DUhAAhKQgAQkIAEJSEACEmiAgIKpATBuloAEJCABCUhAAhKQgAQkoGDyb0ACEpCABCQgAQlIQAISkEADBBRMDYBxswQkIAEJSEACEpCABCQgAQWTfwMSkIAEJCABCUhAAhKQgAQaIKBgagCMmyUgAQlIQAISkIAEJCABCSiY/BuQgAQkIAEJSEACEpCABCTQAAEFUwNg3CwBCUhAAhKQgAQkIAEJSEDB5N+ABCQgAQlIQAISkIAEJCCBBggomBoA42YJSEACEpCABCQgAQlIQAIKJv8GJCABCUhAAhKQgAQkIAEJNEBAwdQAGDdLQAISkIAEJCABCUhAAhJQMPk3IAEJSEACEpCABCQgAQlIoAECCqYGwLhZAhKQgAQkIAEJSEACEpCAgsm/AQlIQAISkIAEJCABCUhAAg0QUDA1AMbNEpCABCQgAQlIQAISkIAEFEz+DUhAAhKQgAQkIAEJSEACEmiAgIKpATBuloAEJCABCUhAAhKQgAQkoGDyb0ACEpCABCQgAQlIQAISkEADBBRMDYBxswQkIAEJSEACEpCABCQgAQWTfwMSkIAEJCABCUhAAhKQgAQaIKBgagCMmyUgAQlIQAISkIAEJCABCSiY/BuQgAQkIAEJSEACEpCABCTQAAEFUwNg3CwBCUhAAtVJ4Ndff01TTDHFWC+uVCpFHdZTTjnlaOs3pp3RHuhGCUhAAhKoGQIKppp51N6oBCQggeojgJhBAFEQL3xnzfKf//wn/fLLL7GN/ez77rvv0rBhw9IPP/yQfve738W2LIhY58LxHEt9trdu3Trq53bYP+OMM6aZZ545/f73v4/zIaqoW9kO9dlOfYsEJCABCdQmAQVTbT5371oCEpBAVRBALLFkkYI4+emnn9KgQYPSs88+m9555500cuTIECzU+eabb9Knn36avv/++0aJmH//+99RD3FVX/TMPvvsaaWVVkrzzDNP6tixY5pvvvnSdNNNVxZQCC6O4ZpYLBKQgAQkUJsEFEy1+dy9awlIQAKTlQDiBwtSXhBN3377bfrXv/6VXn/99XTbbbell156KcQS+xA8LBREENsQM6x//vnnEFxYilq1ahWChzosoyvUoS3O/ac//SkWrE3dunVLiy66aAgnxFO7du3SH//4RwXT6CC6TQISkEANEVAw1dDD9lYlIAEJNDWBbBnK69w+YiZbdBA1iBPWWG2wDn3++efps88+S++991766KOPwsVu6NChieXLL7+MfViapp122rAAIWBmm222cKNDxNAOVp/hw4enhx9+ONpbc8010/LLLx+iCeH1448/xjVwbSz5ehBCU089dRzz1ltvpRdffDF9/PHHcX2IKfYvsMACYX1aeeWVU6dOnUI4IciyaMv3m9vM9z0h68prnJB2PFYCEpCABJqWgIKpaXnamgQkIIGaIcAPfERQXiNgEBD5hz9r5hp98MEHIYyYT/TVV18lRArLiBEjQjyNGjUqBBACiYU2aYelc+fOae+99049evQIIZQtPvkciKubbropvfrqq2mrrbZK3bt3T3/4wx/CukSd+oVtuQ0sU7j7DRkyJD333HPpqaeeCvGEaMPyhNVpwQUXTEsvvXRaaKGFUpcuXdLcc88dx+f7zPdc/zzj+p3ryvet+9+40rO+BCQggYlLQME0cfnaugQkIIEWT4Af+tn9jR/+WHbyXCPc6rAADRw4MERRFikIqSwSWLNUliyYll122XTMMceEEGJ/3p7rct6XX3453XrrrWmGGWZI22yzTepUWIQaU7huLFWssXohnO6666504403xmeuFfHFvCYWXPbWWWedcNtjzlObNm1CWE2IwMn3nu8/3x9riwQkIAEJVAcBBVN1PAevQgISkEDVEuDHPKLi66+/LkedyxfLPsTGJ598Up5vhHsbImbw4MER0Q5LEuIDEZAFQhYGCJa8LbeZ1wgRLEw77LBDQjghWtq2bRvt4FLHgpscbnlXXXVVWId22mmntMEGG6SpppqqUYEasmDKAgVXwYceeihdc8016fnnn4/75nq4/2mmmSasTgSLYK7TkksumRZZZJE055xzhnjiWhoq3GP9UsmD9ilsy25/9ev7XQISkIAEJg8BBdPk4e5ZJSABCTQbAogKREmfPn3SE0888RtrEK52iCIsS/zwx3qU5xBxbBYjWSBw4wgIBFFDYok61Ef44BrHXCYsOggmBAWiheh2zDeinQcffDA9+eSTYQXaeOONQ2hRN0e9y+2xpuCWx3ylfA2s83Vy7b169UrnnXdeBKJAKOEqiOsgc7E4P2HKuR6ugXlOzJ1COGHlyiHMYUFd2qbwvfJ+8/lYV36Oyv4jAQlIQAJVQ0DBVDWPwguRgAQkUJ0E+KGPS92BBx4YoqT+VbIfITE6K0r9uhPyHfGRrTiIHRZc5lgQbVjA8tyj6aefPs0yyyxpjjnmCMtQvrYsTMi/1Klw3aM+2xA67du3D3HDvfTr1y9deumlYcVaddVVIxDFI488kr744ou4Be6ZgvBCtHGueeedNy222GJp/vnnj2tDLHKNHTp0SDPNNFOIPq41izSOz2KKzxYJSEACEqhOAgqm6nwuXpUEJCCBqiCA0EAcEKRhn332icAI43JhWaBkwTIux46pLsIJscG10Tbn4TtrBA8FMYOFCqFVv7A97+MYBA3zkmiX499///309ttvx/a11147rGe46hHZj5ItZ/mctIEYwuqEhYl2uDbO0akQZl27dg2rFwIOqxdWK6xmCDbqcK25ZFa0mT+zj+8WCUhAAhKY9AQUTJOeuWeUgAQk0GwI8IOdH/6E/j7ttNPSzTffHNacxtwAYoIlt1H5478xx4+pThZBlW0iKPL5EDSjK9TJQoT7ygWxg2jJxzPnCuHEdlz7KOSJIshEvh+25XOypr3KNtlPewgixBELViwEExYuIu4hsBBRROObddZZo06+Bs6T74/2c3vxwX8kIAEJSGCSEVAwTTLUnkgCEpBA8ySA+GB+EqG3Dz744PTaa6+N9UbGJiTG2kCVVuC+soipvMSGtlfW4TNCjwXLEu56WKJwH1x44YXTMsssE5YoBBQufuynXUQY58xM67fpdwlIQAISmLgEFEwTl6+tS0ACEmj2BLKL27vvvpu23377RKjwxhasNlhWcEGjILxyQIjGttFS6lVajirvCQFFxD+EE1Ymcj4RFZD5UMx/wsKVIwJWHudnCUhAAhKYNAQUTJOGs2eRgAQk0GwJZDczAj8gmF555ZWy61ql21i+QSwhiCSCH8w333wRUAFLCgXRQICGAQMGxMLnllC4Z4QPrLAeEQACkcNcKJL1sh0XPMKRE7ocKx2R93LJliTaQFzmoBUIKBYsUAgo2mUfBfbZ9RCuLBYJSEACEmh6AgqmpmdqixKQgARaJIFhw4algw46KPXt27ccFW90ggmrUpcuXdKqRXQ5fsS/9957kaMJKIgBcisxr4eocy+++GId4dBcwSF4WOBB1DxyNCF+EJcIJoQNQSV69OgR7nYEkMBSh5BiH8fVLxwPS4QXc54QoHBdeumlw3UPt70cXELBVJ+e3yUgAQk0HQEFU9OxtCUJSEACLZoA7nQnnXRSuuCCC8K1jpvlB3/9H/sESphtttliIdQ3SW1zsAREADmUVlxxxQio8Oijj4agYn9zL4hAou0hcCjko+L+cWlkQdQwP2ndddcNZnfeeWcaOnRofM6WokoGCLBsNYIbXAkYQb4nhNNyyy0X+Z9ok3NS3yIBCUhAAk1PQMHU9ExtUQISkECLJMCP/tNPPz2dddZZ6fvvv497HJ1gYgc/7rP1g+OyJYof9fz4x8q00korRZhuLE3Ma8oWmuYKb4EFFkiLLLJIRBQkJDkud1n0YCmCB6KTZLckusVd75///GfUg2P9wrH5ePbBkO/wQyAhStdcc8209dZbh7se57BIQAISkEDTE1AwNT1TW5SABCTQIgnUF0xZBNW3MHHz/KhnwXKSxQDfKdTHGkNgA9ZE38MSQ2lIgMXOKv4HIUOUO+Yp4Wr3wQcfRJQ77hVLE+HEETkkvsWahmDEevTOO+/E/syooVuk/Vz4TH0EGAEi9ttvv7TFFluE9SnXcS0BCUhAAk1HQMHUdCxtSQISkECLJsAPfSxMZ555Zho1alTca0M/9BFHWJmYt4MbGfOfhg8fHgKKH/wszMVBYLzwwgshMPJcntEJsGoHyz1269YtBCDzsuBDcAZE5siRI0PcwATxRI4n3BJx3xsyZEgEgRjX+4MfnOaaa660//77px133LEcDGJc27K+BCQgAQmMmYCCacx83CsBCUhAAv8jgKC58MILQzRhKcFCUl/cVH6fYYYZ0uabbx6i6K677kovv/xyCAfaQTTgkkdwhP79+8c+BFlztTARgAFrD+LorbfeCi5ECGQ7SX9xv+OeYcY9Ei1viSWWSK+++uo4hWnPf4wIJgqCCQvTDjvsEMEm8n7XEpCABCTQdAQUTE3H0pYkIAEJtGgCiKGnn346XXTRRenhhx9O3377bQiDHJiAOTQIBNzsCPSARWW77baLkNj33HNPfCdgwZNPPhmignk8iAwEE65pCKlsZWpuILmvFVZYIQQT85Jggcsha1wOEUlECCSkOKKKoA3MeSK8+KBBg8b5drNYxUJ3wAEHBOccbnycG/MACUhAAhIYIwEF0xjxuFMCEpCABCoJEJyBBLZYRh544IFElLtvvvkmXOxwwZtxxhnLc3UIepDzBpFvaamllgox1a9fvzRixIi0/vrrh4i49957I/gDgiwvledsDp9JMLveeuuFG+J9990XTHC7QwDiirjggguGeEIgwYLw4oQff/DBB0NEVVrmGnO/iFGOQajpktcYYtaRgAQkMP4EFEzjz84jJSABCdQcAebksBDtjUhwvXr1SoTHRkhRcnQ83M+wqpDElcIPfMQU25jPRGJbXNKItkeuItYIAPY3x8J9Lr744hHcATGJJQkWFKxBbdq0CVGJUOTe11lnnXDRQ3RmS9243He26hGV75BDDkkbbbRRtDsubVhXAhKQgAQaR0DB1DhO1pKABCQggYIAgiZbQxBFAwcOTM8880xYjJinQ4jwLIhwR8OaQgCEPOcGiByPwGjVqlVYYNiPCMt1cvtZQOXt1f4AWrduHRY0xB9scsn3w32w4LKIeER0IqDyfeZ6WKUo1EUYsWZf5Zr91FtjjTVSz549Yz5YFmjss0hAAhKQQNMRUDA1HUtbkoAEJFBzBAjUgChCIBDc4JJLLkkEeCCENoLoq6++iv2IBLYhEogUx49/lso5S1kUVELMIqJyW7V+5n4QOIT75rrzQr4k3PNIUgsjCvXYX3n/bK9/v7SZC/vqf1977bXTUUcdFXmdsOJZJCABCUig6QkomJqeqS1KQAISqDkCWJ4QQk899VQ6//zzIzgE27AcIQqyYGJeEwvbKITWxpWNNXN9sute/vFfKRCqGSoCCGvR66+/HiHSuW8K24mIt/DCC6c333wz9ud7hwmRBLn3tm3bxrwn8lFxzyxZPNEGbnwEeMAyBafBgweH5W6ttdZKe+yxR7RPPYsEJCABCTQ9AQVT0zO1RQlIQAI1R4Af9wgkAkDcf//9MbeJBK7ZHY8f8yzUy4KB+TfkD1pttdUiVxOCizoIieYilPKD5noRgoRO79OnT0QCxPLGdsQOEfKIjpfnahHRbt11102bbrpp5KrCRZH7xwIHgyyYsmhiP/OgYEMdOMMbwUWuK6x3WWTma3ItAQlIQAJNQ0DB1DQcbUUCEpCABAoC/IgnAARhwokARzhxPuO6R0EMEB0OqxI5mrp37x4WFrZTEAjNTSzl62aNICIPU44gyL1jNcrCh3lOXbt2jYh63DtRBJnrVSmQKu+/kkclIzjnenk757dIQAISkEDTE1AwNT1TW5SABCRQ8wRwScNFDcFA1Djm7/AjHysJ+Yc6d+6cmNuD9YUf/PnHf3MGh+WMe2SNNWnIkCEhngjDnq1nnTp1imS9uNdhdeLemfPUEu6/OT87r10CEpDAmAgomMZEx30SkIAEJDDOBLCKIJhYIyBwIWPhO5HcCAaBixkFoZCXcT5RFR3AvSGUWLifLAIRSrgl5u05GAZ1YMNxCCbd6aroYXopEpCABOoRUDDVA+JXCUhAAhKYcAJZDGQxxDoXRAILJe/P+5rrOt9PXuf7yPed12yvvH++txQG3ItFAhKQQEskoGBqiU/Ve5KABCQgAQlIQAISkIAEmoSAgqlJMNqIBCQgAQlIQAISkIAEJNASCSiYWuJT9Z4kIAEJSEACEpCABCQggSYhoGBqEow2IgEJSEACEpCABCQgAQm0RAIKppb4VL0nCUhAAhKQgAQkIAEJSKBJCCiYmgSjjUhAAhKQgAQkIAEJSEACLZGAgqklPlXvSQISkIAEJCABCUhAAhJoEgIKpibBaCMSkIAEJCABCUhAAhKQQEskoGBqiU/Ve5KABCQgAQlIQAISkIAEmoSAgqlJMNqIBCQgAQlIQAISkIAEJNASCSiYWuJT9Z4kIAEJSEACEpCABCQggSYhoGBqEow2IgEJSEACEpCABCQgAQm0RAIKppb4VL0nCUhAAhKQgAQkIIFmQ6BUKpWvdYoppih/9kN1EFAwVcdz8CokIAEJSEACEpCABGqUAILp119/TYilKaecskYpVO9tK5iq99l4ZRKQgAQkIAEJSEACNULgl19+KYslrUzV9dAVTNX1PLwaCUhAAhKQgAQkIAEJSKCKCCiYquhheCkSkIAEJCABCUhAAhKQQHURUDBV1/PwaiQgAQlIQAISkIAEJCCBKiKgYKqih+GlSEACEpCABCQgAQlIQALVRUDBVF3Pw6uRgAQkIAEJSEACEpCABKqIgIKpih6GlyIBCUhAAhKQgAQkIAEJVBcBBVN1PQ+vRgISkIAEJCABCUhAAhKoIgIKpip6GF6KBCQgAQlIQAISkIAEJFBdBBRM1fU8vBoJSEACEpCABCQgAQlIoIoIKJiq6GF4KRKQgAQkIAEJSEACEpBAdRFQMFXX8/BqJCABCUhAAhKQgAQkIIEqIqBgqqKH4aVIQAISkIAEJCABCUhAAtVFQMFUXc/Dq5GABCQgAQlIQAISkIAEqoiAgqmKHoaXIgEJSEACEpCABCQgAQlUFwEFU3U9D69GAhKQgAQkIAEJSEACEqgiAgqmKnoYXooEJCABCUhAAhKQgAQkUF0EFEzV9Ty8GglIQAISkIAEJCABCUigiggomKroYXgpEpCABCQgAQlIQAISkEB1EVAwVdfz8GokIAEJSEACEpCABCQggSoioGCqoofhpUhAAhKQgAQkIAEJSEAC1UVAwVRdz8OrkYAEJCABCUhAAhKQgASqiICCqYoehpciAQlIQAISkIAEJCABCVQXAQVTdT0Pr0YCEpCABCQgAQlIQAISqCICCqYqehheigQkIAEJSEACEpCABCRQXQQUTNX1PLwaCUhAAhKQgAQkIAEJSKCKCCiYquhheCkSkIAEJCABCUhAAhKQQHURUDBV1/PwaiQgAQlIQAISkIAEJCCBKiKgYKqih+GlSEACEpCABCQgAQlIQALVRUDBVF3Pw6uRgAQkIAEJSEACEpCABKqIgIKpih6GlyIBCUhAAhKQgAQkIAEJVBcBBVN1PQ+vRgISkIAEJCABCUiggsCvv/6apphiilgqNvtRApOMgIJpkqH2RBKQgAQkIAEJSEAC40qgVCrFIYgmiwQmBwEF0+Sg7jklIAEJSEACEpCABBpFAMGEWNLS1ChcVpoIBBRMEwGqTUpAAhKQgAQkIAEJNA2BbGHKwklLU9NwtZXGE1AwNZ6VNSUgAQlIQAISkIAEJCCBGiOgYKqxB+7tSkACEpCABCQgAQlIQAKNJ6Bgajwra0pAAhKQgAQkIAEJSEACNUZAwVRjD9zblYAEJCABCUhAAhKQgAQaT0DB1HhW1pSABCQgAQlIQAISkIAEaoyAgqnGHri3KwEJSEACEpCABCQgAQk0noCCqfGsrCkBCUhAAhKQgAQkIAEJ1BgBBVONPXBvVwISkIAEJCABCUhAAhJoPAEFU+NZWVMCEpCABCQgAQlIQAISqDECCqYae+DergQkIAEJSEACEpCABCTQeAIKpsazsqYEJCABCUhAAhKQgAQkUGMEFEw19sC9XQlIQAISkIAEJCABCUig8QQUTI1nZU0JSEACEpCABCQgAQlIoMYIKJhq7IF7uxKQgAQkIAEJSEACEpBA4wkomBrPypoSkIAEJCABCUhAAhKQQI0RUDDV2AP3diUwPgRKpVJimWKKKWIZnzZGd8yvv/5ap13at0hAAhKQgAQkIIFqIqBgqqan4bVIoMoIIJIQNb/73e/iyvj+448/ppEjR06QcEIYtWrVKhba/OWXX6K9fJ4qw+DlSEACEpCABCRQwwQUTDX88L11CTSGwL///e/08ccfp5dffjl9/vnnadiwYbHOFqfGtJHrcAzLH/7wh9SxY8e01FJLpeWXXz5NN910IZrYbpGABCQgAQlIQALVREDBVE1Pw2uRwGQikMVP/TXWpBdffDH17t071iNGjEg///xz+umnn0L4TDnllImF4xpbshXpj3/8Y5p33nnTRhttlDbZZJM055xzTpDVqrHnt54EJCABCUhAAhIYFwIKpnGhZV0JtFACeS4RwocFS8/333+fnnrqqXTFFVekJ554Ik011VRp2WWXTTPPPHO46LVr1y61bt066oIlC6GxIeJcuPQhxJ555pnUpk2btN5666Udd9wxLbbYYnH+SjfAsbXnfglIQAISkIAEJDAxCSiYJiZd25ZAMyGASPrPf/4T1iLWAwcOTH379k2PPfZYevPNN8N9brPNNksbbrhhmmGGGcIShIUIkcTC8eMSsAEr1fvvv5/uv//+1K9fv/TZZ5+ltdZaK+26665pmWWWCRE2Lu01E8xepgQkIAEJSEACzZCAgqkZPjQvWQJNSQCxQ9AFhM8333wTIuaWW24JCxCiZd11141l0UUXDXc85jJ9++23Efzhyy+/DJE1LteD0KIthBHCCSvTbbfdlp599tnUuXPntPHGG4fFafbZZx+XZq0rAQlIQAISkIAEJgoBBdNEwWqjEqhuAggkCoIIwcQ8pOHDh6fbb789XXnllWH9wZK09dZbp5122inc8AYNGhRzmf75z3/GHCbEDnOcOH5cyu9///uYr7TBBhukbbfdNgI+vPHGG6lPnz7p7rvvDjc/RNp2222XunXrFk1nl8E8X4rr1gI1LtStKwEJSEACEpDA+BJQMI0vOY+TQDMmgABBNDFXiQAOWHmuvfbaWBMFj8h1W265ZVpllVVS27ZtEyKpV69e6emnn05fffVVWSTRzrgWBBNWJuZCrbDCCqlHjx6pe/fuCWvVgw8+mO644440ePDgtPjiiyfcAP/85z+nmWaaKaxRWMEQSggnBdO4kre+BCQgAQlIQALjQ0DBND7UPEYCzZxAFjpffPFFuu+++9INN9yQXnrppTT11FOnzTffPO2yyy4JlziEy0033RTueQMGDEijRo0KoTUht4/QQfggesjFRKS87bffPhbmT+Hyh2h6+OGHYz8BIXbYYYe00EILRU6oLJgm5Bo8VgISkIAEJCABCTSWgIKpsaSsJ4EWQCAHZyC30gsvvJAuvfTSEEOffvppWmKJJdKmm26a1llnnTTttNOmv//974m5TAgpotohZrLQyigq3fEQMix5Wz5XXudjsuDJdbFyzT333BFenPlL8803XxoyZEgEnUDIce7VVlstbbXVVmnNNdeMaH31z0FbFglIQAISkECtEcj9Yb5v+kNyJ9K34p2hR0YmM2FrBdOE8fNoCTQLArxQETtYdv71r3+F9eayyy5Lzz33XGzHJW7//fdPCy64YEI8XX311ekf//hH+uSTT8JlLwul7BKXxU7lXCheypT88qZOrse2/B3hlb9nSxP7CFPepUuXCPhAbiYKLnrkgGL+VKdOncI9j3lVBIfg3LTDee0QApf/SEACEpBADRGgD6R/zn00Iql///7p9NNPDwr77LNPDDjS11KH/ZbxI6BgGj9uHiWBZkWAlyqF3Eo33nhjQiy98847Ya3B5e2www6Lz4T5RigxVwlhxXGVoigLoHzzud38PQuq/J11fpkjaqhPG/nlnkVW/k6up1lnnTXmNRFinM/Mn8ItkJxQ7Ce0+U5FIApc9PL5FEyVxP0sAQlIQAK1QqByEJLBxVNPPTVc7fEk2WOPPdJxxx0XwZTofxVM4/9XoWAaf3YeKYFmQwBBwnykq666KiLRYUUirPc222wTgRcIxMCIFOKEuiNGjEjfffddWeywDVEy/fTTp1lmmaVsOULA5MJL+/PPP4+gEHz+05/+FDmbCO6QhRYBJci5hAjL7c0111zl/Wwj+h4velwEGR3D6vXBBx9EB0ASXfavscYa6ZBDDonw5JxfwZSfgmsJSEACEqg1AoghFvIn0jfSz9LvEm32zDPPjL4bJmxjsYw7AQXTuDPzCAk0OwI//PBD5DpipGno0KERge6cc85J88wzT8xhQkghcrbYYosQRAgmlg8//DDmMjFqlcOM77jjjuX5TASJyIX6N998c7rzzjtD5OBWx3wkrERYgriGJ598Ml1yySUhrNq0aROR+LAkZUHFmnrkZGL+1JxzzhmugksuuWR67733Etd86623RkCKs846K6299trRdr4G1xKQgAQkIIGWToD+mv6SwUe8QRjUJM0H/SJzf/EmQUAx/3e33XZLCyywQAwsMhiJdwaWJo5nsTSOgIKpcZysJYFmTYDACRdddFGMNPFiPeigg9IBBxwQeZdwzyMR7cknn5zIjUTIb17GLCSyfeKJJ9LFF18c3xFc5EjCosPLmHUuBGrAAvTWW2/FC3q55ZaLKHe8mKmbLVePP/54+tvf/pbefvvtcAXcd999o4lch3pff/11zF/CFW+aaaZJhx56aGrfvn24FpDktlMxn+ncc8+NABWV15CvxbUEJCABCUigJRKgj2QhJQiDlI888khEsOX7m2++GWlBCNzE4CUCCS8PFgoDn7jsMQ+YYv8ZGBr1j4KpUZisJIHmTQBBdNppp4V1BwHDZ/IbYa5//fXX03777ZcOPvjgcKPLyWixHuGq99FHH6XzzjsvBAz1EUwdO3ZMHTp0COsOwooRLqxCjz76aLjLrbzyytEWL2tCkSOGED6cm/Y4P3OljjjiiLTXXnvFfl72jIoh2Ag3jkvB5ZdfHuIKUcV5jz766HTPPffEaBnWJiL6+cJv3n+bXr0EJCABCTSeAFYlvDboI5nPSx5F+lj6W/pDBj+nm266dOyxxybc4LEisZ06eHwgmIhIi0u9FqbGc1cwNZ6VNSXQbAkgWrDW9OzZMyxFZ5xxRrjl4YLHXCWsTLjQ4XpHAlvyM+HuRuLY4cOHx/7zzz8/Jo6Sn4nw3kwmRTS9++676a677grXPb7zsmb0inYfe+yxcAVEAJFLaemll07PP/982nPPPSNcOJYjxBDufORdQkQxt4q6HH/llVeG1QprGAKP+v369VMwNdu/RC9cAhKQgATGlQBiJ4ub/JmBysMPPzyi4uFez1xf+nDmBVOH7/S9zDtGZDEYudJKK0X/y9xgBkQpWKsotJ/bzueKHf4TBBRM/iFIoAYIECiBEN177713WHEI8LDIIoskQnQjpnClw1pD7iXqUH/11VdPxxxzTNS/4IILwn2PlyhWIixIjF7hC3377beHBYqgEryEmWCK3zRCC8tUr1694oV9wgknpPXXXz/hksd5GQHDqkVgB3JC0d5rr70WwggLFOdByCHgjjrqqHAzOPDAA9MDDzygYKqBv1lvUQISkIAE/ksAUYPoQdDgjcHCdzw2vvzyy3C5I7k8fSXBl6iPFapr164R3Ak39q+++iq1bds28h7mucX09RyPtYl8iBSsURxrqUtAwVSXh98k0CIJ4GZ33333xbwlgiqcdNJJadVVV02bb755vCwRNViNmB/EBFHc7BiZ4gWKLzSjVjnMONHvevToEQJnttlmS3369AmRRDAJ8ighxmiLlzbCB8GDCx+fRyeYEGgEgyAPFMfssssu4TLA/CkE03XXXReueEsttVS47xFefP7553cOU4v8S/WmJCABCUigPgH6RgYWmd/LPCWCICGaGFhE3CB88MpANOGCj5ii0F/TT9NnMqhJv0rApXnnnTcsTAyYMv8Yzw4GO0l0axk9AQXT6Lm4VQItigBzg0hGi5WHF+yFF16YFl544bTpppuGOxzChPxGJLLlpYlLHseQuJY1L1/M96yZ24TwwfrEi5e2cJ3jRYyFiSg9a621VggxAk2wMOF0dIIJF7u//OUvcV7mM9ERcE2ILka5aBfBhNsBL3TEFUEosGwxh4nzOBLWov5UvRkJSEACNUuAPpY+N8/9xfJDH4dLPZ4e9M2II5bsPgcs3OEZsEQcEVCJPIv01XxnrhMLfTjtYn0iRciiiy4abbz44oshoAjuxCApniRcBy58eIIguiyFy2IB/L8ZLaUhAQm0WAJYlQjHjShp165dBE5AkCBOmINEPqYTTzwxXqKMTvHC5gWLVQpXPkazsFLll2h2ycNXGkGESx8jXwiZU045Jdz7iMx3zTXXhLWIyDyjE0y45BFwgrxQuPYxeXX55ZdP2267bbgIkFOid+/ecX2rrLJKRPd76KGHYv4Vwoxt+lq32D9bb0wCEpBATRFg4PHuu++O+b8ImznmmCOED9sGDhwYnh/0rdklj/6PhUHF7t27xwAoA5/Ux1rEXGQCMiGi+Pzyyy+nV155JVJ24E2SXd85L/06g6DIAn4zMKhKoCfSe/B7odaLgqnW/wK8/5oggABCeBAWnJco4oQRJsKI8/Lk8/bbb5/WW2+9sAYxEpVHlgjSQMAHhAojXbjoESyCOUc5dCmBHrBGMe8J6xAvWlz0zj777JjDxOhXfcHEsSTYI6ADLoC8oOkEGFFjZAzhdv3114fLH5YlhBRzmIjEt+KKK0Z7uOlRFE018WfsTUpAAhJosQQQKswnws39xhtvDCtRFkT04YiWLFzoownmQN/JfGHmKtF3Zvd5+lP6WKxDuOqxD4GUB0+Zz8TgKYKJ4ynUYT+F3wlE0mOOMQOj+byxs1b/wcJkkYAEWjaB4uVYKsJ3l4oXYmnGGWcsFUKkVIQTLxUudKXihVwqhFCpdevWpWJiaKlbt26lYqSpVLi8lQqzf6l4AZd23313LNFRtxiBKhUR8koff/xxqRiVKhVJb0vFC7VUiJxS8YItFa4AAbOwSpW22mqrUmHWLxURfEqFhatUvIxL999/f6mYeFoqou2VCiFWKkbRSsVLv84DKIRTqX///qXCTbBU+FqXCnfCUjG6VioCU8R10m4+D8dbJCABCUhAAs2ZAP1gERq8VAwWloqosaVi4LG07LLLloogSdE3F+Im+mr6z0L8lIocTKUi8XupED6lQhiV2E8/TZ/L90022aRUuL2Xiui08Z2+v3BjL+28886lYpC0VIigqMsxhXdIqXCPLxXJ5kuLL7546dJLLy19+OGHcT3NmWlTXjumN4sEJNDCCWTBhKjh5VrMDSoVwRNCtPDSZDuCCeHEUliXSkVo71IxqlUqIteVttxyy3gRs4+6hWm/9PTTT5cKK1LpyCOPjDZpB7FVWKJCACGYCktUvKgRTLzcEUxFJL4QTIWrQalw5wvBVASUKL3//vulwtpVevXVV6OzQJQVgSdCjPHyzoKpGFmLTqQIFBHHtvBH5+1JQAISkEANEKgcPCxc4kurrrpqiKVi7lKp8KYoCyJEVOFpUSpc3ktFgvgYCKX/ZfCTNQuCqUjfEf0tA4z0pfSdiKHCYyP6YAZQi/nFIZoKr40YJC2i55ZWWGGFaJ/+GhHnoOR///gUTDXwn9BblAAjVkWQhhBCCJUiM3ipcLWLUasioWypmMNUKuYThWWJ0Sa2MQpV+EqXijlMpcLcHy9jRrAQU4x4FQEaYgSKES5evLykeRkjiLBMFXOjSkUepxBgjFoV85HKFqZiTlOcG8HEC/mtt96K8xdud6UiT0RpiSWWKBUuAdEmxxZR/MqCietbYIEFSsX8qt9YpnzSEpCABCQggeZKIHtbMOCIcMHDogh4FJ4hWI7o/7AuFclnS0W+wxBGCCW254WBTerSz9J3Z1FE/42QKlz1Qjwx+Nm+ffsYBOV3QREEIvp+6hx//PGlIjJfqZi3rGD63x+Tgqm5/q/yuiUwDgQKH+Zwf8MMz0sRd7oi2lyp8IEOYYLIYUQL1zfM/Wwv8jmUikAPJSw5RXCFsvWJl3Ax96hUBHkoFYnxSkUY8BBMvHyLOVHhwsel0V4RACLED656WI8QUkUy2xBL2SWPDgKrEu4DjIBltwNe+nzmWoqAFOFCWCSvjU4hCyZe5hYJSEACEpBAcyeQLUz0iQxU4uqe+0TW9ImIGSxOeIAweMn2SsHEwGXuOxFN+XPuV/M2tldapNhOWywIr2JucakINx6CyX72v39ZCqbm/j/M65dAIwjg8laEFC8x/wgrEGKmiEhXKkKOhkAqEsyGrzIudliCiqAQpSKqTrQ8bNiwUhHIIUaeeJEimIpoeyXaRHhh3sedjxctlqF77703hBEv2WIyaQgd2sK8T4eAACuS5pUw/d9zzz3xQsYdr8jDVB4h40VOx8BLHAFXRNIrFdF9wjWQ8yCYEHm+yBvx8K0iAQlIQAJVT4D+jD4SjxAsSPR9WdQgcOh/cW+nfy5yKEafjBCqFEx8zt+zeKpsg/6TthBbuPbhXYK7H/1t5bFYsRgQzddU9fAmwQUqmCYBZE8hgclNgOAMuNzhaoeLW5HcLsQMlhtGsZh7dOedd4ZFCasSC6NcRc6G8GXGcpRHpniJ77vvvqUiH0RYmYqQ4iXM+bzMEU5F0trwrWZ0inYI4JDdDBBQRUS98KdmIuo///nPQFNE2IsRLdrICy97rFb4cSPCmICKqOIeiiR8sS23O7n5en4JSEACEpDAhBDI4gTvDVziEDW5P8yCieAMjz/+eGnHHXeMvjBbinK9Ma1zXeYxF1FxS0Xk2lKR57B09NFH1zkXbdA+AZ8clPz/J2pY8eIvwyKBlk6gsAZFiG/CfBdCJHIrHHTQQRFWlPxM5DQi/wLhugktSphxQomSXZxcTORuIOEdpRjRSosttlgqAkGkjh07RtJZkupRtxihimR3RbS9qFNE5YnvtFUIrUSI8gceeCAVI1epsFRFAtxCYEUIckKdFwKq/CiKEa9UiKpEcts11lgjjiGPFGHFyfd07rnnpmK+U5yT81okIAEJSEACzZVAYV2K/oww4JdffnnkNCS9BqWwDEUeRPpNEtAX85Aj1UcxKBmJaDl2bKUQTNH/FwOb5TDkpADhHEVQpgg/ntsgoXwR0CkVrvOGFP8fFAVT/utwLYEWTKAIVRpipQj8kIq5S5GfgSR1RcCGSFaHKLrssstSEREvci0hmsjRQO4HMotzPEKrGGsJSkXEnVRMFk28eHnZkseBHEoIF+qwRvBwDC9pBBjfyTFBffazcDy5JAp3vWiDNccXLnupCBiRevTokYoJr5Fctwj8EC91BFsx+hU5mTiWwjksEpCABCQggeZKIIseBFMRGTZyGvI5F/bTpzKASKJZktHS7xaeFiGacr2G1hybF/pfxBe5ExnAfOGFF0KQ0f9yHgYnSSxPHY6hfq0XBVOt/wV4/zVBgJcgL14E0d/+9rdIiseNFwEgYhQJKw8vTCxFxRymyBaOCMkvz9FByi/R0dXh5cr2XPhOfV7EeXuuw8gZhe3UKeY2pSJnVIilwiUhrFvFJNdUhDGPpLqFz3Uk1Ct8ucvCS8GUSbuWgAQkIIHmSIA+sHCBi0vHk4KE7R9++GFYlxi0zIKKfpGBQwY0qY9gyv3q2O4797vUK+YCx6ApHiR33313tI8A61R4iOB1UuQ9jIFO+leOq/WiYKr1vwDvv2YIFBHq4qVaBGoIN7sipHf69NNPw72tmEAaWcB5AReJZdO1114bFqmJDQeBxMILH6tWMQk1FfOjEgKObUVgh/K14DpQROcLNzysX7zAWRRLE/sp2b4EJCABCUwKAlkwMcCJhYdBTPpCtmfBRJ+ZBxqzWGqsYKq8B/pR+ly8PhgwzW3hjnf44YenIiiUfWwFMAVTBQw/SqAlE8gvXEQGc5rwgcbsz7whXNt22mmnVOReirlGL730Uioi2EWdIkdSWZzwUh6fF3MlV85PG7z082fOX+R2iqXIO5EGDx6ccMErkuCG60GRnyntvvvuadVVV01FIIjoPBBKtEGhHYsEJCABCUigORPI/TSCCKtPkd4jvfPOO9Hn5f4yCyYEVF7G9Z5piz6UgUoKg6X0y0UKkNSzZ8/w9OAaOFfuZ8f1HC2tvoKppT1R70cCYyCQxQ5rgjggjBBNt912W+rQoUMqEuWFcCL4A/ON7rjjjlRE0okRKF6aefRrDKcY46788s0Ch5c9ARwYSVtrrbVCDBURgFLv3r1DyBUJ9iJARZFzIhWR+BJzp/I95DbGeEJ3SkACEpCABJoJgcr+jXlKRd7C6J9x0WM+MSKGOuMrlBrCQFAmxBLzmov0ICGkOI/97P8TUzD9Pws/SaBmCPCyzT7R7777bvgr33DDDSFIEDDME+LFiameUS4EDOJqQkse1aIdRrd4MRc5llKRkDaNHDkycQ1XXnllKvJERQQ+LF4sM800k653Ewrf4yUgAQlIoFkQQKywEAWPCLRFEvgI2ESfjIcILvZNVYqUIWnDDTdMxx13XJp77rlDLCmUfktXwfRbJm6RQIsnkH2ieSmyECXnqquuSn369ElfffVVvDR3Klz09txzz3hpEw6ceU2IpxxefEIg5dEsxBIv6CJxbYg2rEtEylu1cL3bZZddIqw4UXooCCxf4hNC3WMlIAEJSKC5EWCA8/jjj4+ByyJHU4ilPN+IPhFhlUv973n7mNZEsGXeEoKJiLaW0RNQMI2ei1sl0KIJ8ILlJZxfrlibGMW666670hlnnBFR8sixtPbaa4elich1WKJw3SNfEnVxDeB42qFUvrTHBA/XuiKLeETgQTghkq655poYPWN+EgEo9thjj1Qkpy2PdNE257JIQAISkIAEWioBrEevvPJKGjZsWPSt5EfENZ28gw8++GAMKHLv9V3k6aPxzMCNj74S93ki6XXp0iXmJ7333nsR1IF9DD5SqEPfSl+OZwmDpPTPlDfeeCPSe+D9wRxj+99irnQB6/+laWDyHwlIoJYI8ApA9LCMGDEiEsvigvfUU09FMtullloqrD3kRKIOkfVwC+Azx7JUvoRhl7eNjuM000wTViXcAJ588slEAl3aJNgDo1yEMiXhLS/x/GIfXTtuk4AEJCABCbQkAgR4OL6wJj3zzDMhcOgDyVeIgML7I/etrOebb7605JJLRj/KZ/Iy0YcjpnDZY40AIlQ4QgrrEW3kvIoEfECQ5W0MYGJtohAEYpVVVkknnnhiiCn7YgVTS/p/5r1IYLwJ8PLFxI8IwuWO0SXmEpHQlpct2b5JcEe4bxLW8lJlXhEjX3zmZdrYESh8sl999dV05513Rm6ljz76KNrG/W/ppZeOwA/cCG3ywrdIQAISkIAEaoEAwgaxdMstt4QLPEnc6ZeHDBkSuRRhQL/INoIzMbhIpFv6bQYZsRrRN3cqcilRb9CgQeERwkDlAQccEP03XiR4iSCI6HMJXd65c+dEfici01IX7xIi1zJgynaLgsm/AQlIoCCAYGLJViPWQ4cOjSS2uAIQnQdhxEgXZn5GpsjhgGDiOy9mjkc0sXB8Fjt8rhRTjHx9WCTjGz58eLyIeSnzImeuEm3ldvLxPiAJSEACEpBASydAX4ngYSEqHoGX1l133RAwRKzF5Y6S+1n6ZD4zCLneeuulbbfdNvpmXOhmnnnmqMuAJClELr744nCtI0UHKUNoizxLuPIxgIkLPOLrgQceiMi09MmdCtFFn5zPFw3W8D+65NXww/fWJTAmAry887wmQo/jA82LnMJIFgslv+T5jMjhOyWLJCxFiCD2sY3PLMyR2n777SO/EiNilXWiAf+RgAQkIAEJ1AgB+lc8PXBXf+KJJxLpNLIHxyeffBL7ch+cvTpwr1tmmWUi/QdRZxE4uc+lv6U/xmpFUKdzzjknPEYIrMR25gwz6EmSXPpz+mjmUJHM9qyzzgrrUj5P7s9r5FGM9jYVTKPF4kYJSAACvFTxZcYi9Oyzz6aXX345/J+7desWvtG8aPv37x8jVtRllIr5SETd46W/3HLLpQUWWCBGwBZccMEIW451Cl9pRsHYxnc6AV7WeTRL+hKQgAQkIIFaIpD7QQYqGaQkeTsCBlGUC+5xWIboZ9mHxejkk0+OFB1Z9NCXUhiEzMfSd+9UBHUgeBN9de5vWed6WRQhko499tgIvsQcJ9rN+/J11OJawVSLT917lkAjCfACzy9xXOlYeNkicniJ8vn1119PJ510UrzEcSG49957w/yPyx7b8YXmhZzdB3hB8/LNa9rgO0sezWrk5VlNAhKQgAQk0CII0E/SDzKH6fTTT4+5SM8991wiEATbsT5hFaL/xWpEwIczzzwz5iEx2Jj7UvrRXOi/OZb6p556arriiitiEJT99MH049ThWPpsouUNHDgwbbnllumwww6Lfp26tFHrRcFU638B3r8ExpMAL1l8pxFImPoZ6SLhLb7S+FszWfW0005LG2ywQVibxvM0HiYBCUhAAhKoGQJ4bdB3brrppjGniDlHDFZm8QMIxBUDlFiCCMo0NkFD8CbSghCVFvFEQYBVlhVWWCGsSiSQx/vjkEMOCcE0trYr22jJnxVMLfnpem8SmIgEeGGPHDkyxBFRdzDdL7roounxIq/S4MGD0zzzzBPZyTfaaCMF00R8DjYtAQlIQAIthwDu73/9618jXyGudFdffXWk8uAOsxWK9f77758OP/zwmA88NlGDax4BHfbZZ58I6IQVim20k0v37t3DI+T6669PK6+8cqPbzse39LWCqaU/Ye9PAhOJACZ8Rqr69OkTE0SJpId5n5Es9imYJhJ4m5WABCQggRZLAMF05JFHhjWIHElYmxiEpF+tLD179ow6pPqgNCSaEEWII9KEkOuQCLW449Eea/azbLbZZuGSh4WJhLWIMTxFGmq38lpq4XOTCqYMPYPjQVgkIIGWSYCXLS/eyy67LF1yySUhngj0gJmfl7OCqWU+d+9KAhKQgAQmHoFXXnklLEGECSeC7CmnnBK5EXHJo2SxQyhxotkRbIn+GGFTOX+JuvTH1Cd400UXXZTwBiFnE3OeWrVqFfOhvv7663D3I3gEAZ5uvPHGEGJ77bVXBGhybjEkC0FaiJz/t8f9d9sE/VvZnKp0glB6sASqmgAvaCxMmO/PP//8ePESEe+ll15KhECdd955dcmr6ifoxUlAAhKQQLUQyKLnyy+/jGAOuLzPPffckViWZPJ5zhG/rVkICY4IwjJEUCX24+WRjRX8Hmcb4ohcS1iXcPGjDjmXEFokqSXxLcfg4sdncjcRTAIXPbZT39/zE0EwVcsfntchAQlMXAK8jHHDI+rOlVdeGQKJrOGY/Ymyo4Vp4vK3dQlIQAISaDkEcrQ6LDoIl3333Te8OMibhHhCUOWCCEIMMdfohBNOiNxJeHiMTtgggEhA37t37wjURB1E0FxzzRXC6bXXXovtiCdShRC8iTlU7KdkAZbPXavrJrcw1SpI71sCtUaAlzcv8dtvvz3ClQ4dOjSCOxA5j4g+Wphq7S/C+5WABCQggfElwCAk/SqCCe8Nos8SIY+8hrjUUbJoog6fEUlEt9t5550j6FKHDh3CokRbuNoxB+qWW25J1113XXxGLLGPNQtiCOGFWCM/4sILLxxiafXVVw+rFeeknkULk38DEpDAeBDghcsLlsR5+DtjvufF3KlTp4jmQ+I9PuN7bZS88QDsIRKQgAQkULME6GPpX1988cV08803R/qOESNGJBLXMgeJgclccMdD7HTu3DmRVL5169Yhpt56661wryNgBIOblCy48rF5PfPMM6cddtghbbLJJiG8mN9kqUtAC1NdHn6TgAQaSQDB9Nlnn4VYIqoOI1PkjejXr1964okn0hxzzKFgaiRLq0lAAhKQgATqE8Bb4913300HHnhgJLDdeuut06BBg9LjRfqOnE8J9zwCLbHOCeJph2OxHmVrFH02Qqx+wT1v4403jgASRMXju+W3BBRMv2XiFglIoBEEePF+/PHH6cQTT4x5Sz169EhdunSJIBBMUHUOUyMgWkUCEpCABCTwPwIInBzFbqqppgp3OCxLzGfCUsQa93fmDQ8ZMiQEEW51WSxxPFYk+uIZZpghPf/88yGsKoVSdrHL2xBZu+++ezrppJPCUlX5MKiT61dur8XPCqZafOreswSagAAvZV7YhCIlg/jiiy8eE0/79u0bI2DOYWoCyDYhAQlIQAI1Q6B///7p0ksvDQE022yzxZp+9h//+Ecieh4iCEsR85MQR4gd+mI8PLbYYos0bNiwdOedd0bgBrYxd+nDIlQ4bSG0EF1YnhBBOXEtggt3PsKUE/gBkcScqeWWWy6CSrRr107RVPwFKphq5r+hNyqBpidA9B3mKfGCXnvttdOqq66aLr/88ggtrmBqet5qEMeOAABAAElEQVS2KAEJSEACLZMAQoWktXhtvPDCCxGQATHD/CPmLCGMsrUHtzmE0yyzzJLmnHPO2N+1a9eY90SEPbYz34lciYQQX2qppdKnn34agontAwYMiH3ZyoSFCrGE+x5CivYPPvjgtNtuu0UuqHzelkm+cXelYGocJ2tJQAL1CPCiZQ4T4UqxMDE6teKKK6bzzjsvXvYIplNPPTVtuOGGEcmn3uF+lYAEJCABCUjgfwQQRAR6wKUdlzuEEkKHVB0Ef0DI5IKQog8mOEP79u3D4oSAog3qIYo6duyY3n///RBC1GF7mzZtIoLtww8/HMfQBpH2CE/O+vFibtSiiy4a85EZBKUfz66B+dy1ulYw1eqT974lMIEEeNFi4ifT+E033ZTWWGONtOWWW6ZevXqlBx98MEa9sD4hmHAbsEhAAhKQgAQkMHoCiB1ED+Xuu++OcODrr79+euSRR9Jdd90VYqryyGz1QTzl4/jMssgii8QgJgIIaxXue1lgIZoY7OR4ttE/77rrrtHGrbfemg477LAIUz799NPH6bA65XNVnr/WPiuYau2Je78SaCICvNzxo77++uvDqsQI1pJLLpmeeeaZRDhTwopnC5OCqYmg24wEJCABCbRIAvSpCBssPViA9ttvvwgRjtWJAEs//fTTWO8bcYM7HRYmrEMcyxwmjs2iCvHDuSh85nzzzTdf7CfnE9FujzzyyJjXxH7atDiHyb8BCUhgPAnwwv3222/DukQepi+++CJM/0wWxd96oYUWCusTlideyBYJSEACEpCABEZPAGsPhZyGF198cQxEEjEP0ZKj37EfC1IWPHyvLNRlPhKFz9Sl3SzGWLOdPpl8TQxmIqqyGMNtb+65507nn39+6t69e4gv2uCYWi9amGr9L8D7l8B4EuDFSx6IPn36pLPPPjuRrJaRLSLwUAgrznb8oBVM4wnZwyQgAQlIoKYIEJDh0EMPTY8X7nQIJQr9LRajnXfeOQJDPPbYY+m7774bLRcETi6IpSx28na2ERRitdVWS7jdEdkW93oK52Hu0yWXXJLWWWed6Lvz8bnNWl0rmGr1yXvfEphAArxYEUk56AM+0z/88EN67rnnYrQK9zwsT8svv7wm/Qlk7eESkIAEJFAbBF555ZXIt0QOpSyYuHPE0mabbRbWJwQTnhzjUnCty9YiBjcJO04/jfsfrnjZZY/ktYQ2z4OdCqb/UlYwjctfm3UlIIEyAUapPvnkkwgr/sADD4TfMy9jLE5YnnjZEjFvrrnmKh/jBwlIQAISkIAEGiaAYGL+EoOPWTDRt84xxxxhEWJOEn0sffC4FtrJogl3efpprElE02MQlKJgGj1VBdPoubhVAhIYCwFe1kxEJWcEI1QHHHBAJLo75phj0tNPP53WXHPNdOGFF4Y/9FiacrcEJCABCUhAAgUBQojvu+++kc+wUjBh6Zl22mlD0JDMlvnC9MNZ6IwNHsezUJ+cS3vssUe45ZFviYS2eR9Jbi+66KJwyWM+FALLYtAH/wYkIIEJIEDiWgQTIVC7desWvs+4CvAy79KlSwR9wE/aOUwTANlDJSABCUigxRNAyCBOEC/HHntszC3KbneIGcQRVqZtttkmBinJ18QxiKpxtTbhnkeOJ9zyyPP05ZdfxrkJ+jDTTDOFSx65FXHdyxapFv8AxnKDWpjGAsjdEpBAwwQQTCeddFJEyqMWwoh5TLzAccXLYcUVTA0zdI8EJCABCUgA8YPwwXJ0+eWXR/9JJFoKooX9JJU94YQT0rXXXpseeuihOuHCx5UggZkIJ/7SSy+Fix9zmDgHYcWPO+64tOCCC0aTiCsEW60XBVOt/wV4/xKYAAJZMN14440hlLLpnpc+oUlPPvnktPHGG5u4dgIYe6gEJCABCbR8AvSbLIgT5i/tvvvukdMQEYNoYc38ogUWWCC9+eabEX6c+liFKksWN7kt1rlU7mvbtm2accYZ07Bhw0J4EVoczxD6bVzqCTlOfc5t0SXPvwEJSGA8CTAahUsALnmY9HmZU/JLmtGps846K3yktTCNJ2QPk4AEJCCBmiOAlYkos1dffXVEo6VfZckucoik3OdWwskCh8FL6le667EN8cN25jBttNFGIcB69eoVLnm45/Xs2TPmLiGmLHUJaGGqy8NvEpBAIwkgmEh4N2jQoHihc1ilhaldu3YxWtWmTRvN+Y1kajUJSEACEpAABHDHY1CSgcf+/ftH7qQRI0aEuCHfIcKnfsmCiO2IK4RVrpcFE2uE1QwzzBB1SDo///zzh3v9KqusEoElsiWqfvu1/F3BVMtP33uXwAQQYHQruwKM7uXKtiygNOlPAGgPlYAEJCCBmiKQrUPcNEGViDi72267hRsen3GHb8jC1KFDh9S+ffs0fPjwmA9Fglvao0/GzY5BzJEjR4YbHtvZRsS8o48+OixP9Nd6hfz2z03B9FsmbpGABBpJgBd2Fkt5nQ/No1r1t+f9riUgAQlIQAISGD0B+lcGHR999NF0+OGHp6mmmioEDXmavvrqqxBB7MfbIwsi1oQFRzQRrZYoe3iC5P4YcTTddNOFkMJKxbFs22uvvSIyH2HL6bPzYOfor6w2tyqYavO5e9cSkIAEJCABCUhAAlVKIIug3r17pzPOOCOsSmzLAonLxu0OaxDiB6HDZ9ZYibIFKq/zseRWovCdOU6tWrVK++yzTyIfE2LKMnoCCqbRc3GrBCQgAQlIQAISkIAEJgsBxAyCiATx11xzTXrhhRfqBHHgopiH1LVr1zRgwID4zFyk+gUBxUIgCaxNuOthQUJUDR06NI0aNSrtsMMOMeeY81lGT0DBNHoubpWABCQgAQlIQAISkMBkIYBlKFuZmIeUk9hWXgwCB4sRFqY894hjRlfYTpvUywVRRsHKlC1PeZ/rugQUTHV5+E0CEpCABCQgAQlIQAISkECZgIKpjMIPEpCABCQgAQlIQAISkIAE6hJQMNXl4TcJSEACEpCABCQgAQlIQAJlAgqmMgo/SEACEpCABCQgAQlIQAISqEtAwVSXh98kIAEJSEACEpCABCQgAQmUCSiYyij8IAEJSEACEpCABCQgAQlIoC4BBVNdHn6TgAQkIAEJSEACEpCABCRQJqBgKqPwgwQkIAEJSEACEpCABCQggboEFEx1efhNAhKQgAQkIAEJSEACEpBAmYCCqYzCDxKQgAQkIAEJSEACEpCABOoSUDDV5eE3CUhAAhKQgAQkIAEJSEACZQIKpjIKP0hAAhKQgAQkIAEJSEACEqhLQMFUl4ffJCABCUhAAhKQgAQkIAEJlAkomMoo/CABCUhAAhKQgAQkIAEJSKAuAQVTXR5+k4AEJCABCUhAAhKQgAQkUCagYCqj8IMEJCABCUhAAhKQgAQkIIG6BBRMdXn4TQISkIAEJCABCUhAAhKQQJmAgqmMwg8SkIAEJCABCUhAAhKQgATqElAw1eXhNwlIQAISkIAEJCABCUhAAmUCCqYyCj9IQAISkIAEJCABCUhAAhKoS0DBVJeH3yQgAQlIQAISkIAEJCABCZQJKJjKKPwgAQlIQAISkIAEJCABCUigLgEFU10efpOABCQgAQlIQAISkIAEJFAmoGAqo/CDBCQgAQlIQAISkIAEJCCBugQUTHV5+E0CEpCABCQgAQlIQAISkECZgIKpjMIPEpCABCQgAQlIQAISkIAE6hJQMNXl4TcJSEACEpCABCQgAQlIQAJlAgqmMgo/SEACEpCABCQgAQlIQAISqEtAwVSXh98kIAEJSEACEpCABCQgAQmUCSiYyij8IAEJSEACEpCABCQgAQlIoC4BBVNdHn6TgAQkIAEJSEACEpCABCRQJqBgKqPwgwQkIAEJSEACEpCABCQggboEFEx1efhNAhKQgAQkIAEJSEACEpBAmYCCqYzCDxKQgAQkIAEJSEACEpCABOoSUDDV5eE3CUhAAhKQgAQkIAEJSEACZQIKpjIKP0hAAhKQgAQkIAEJSEACEqhLQMFUl4ffJCABCUhAAhKQgAQkIAEJlAkomMoo/CABCUhAAhKQgAQkIAEJSKAuAQVTXR4t6lupVEpTTDFFi7onb0YCEpCABCQgAQlIQAKTkoCCaVLSnoTn+vXXXxOCKYum3/3ud5Pw7J5KAhKQgAQkIAEJSEACLYOAgqllPMff3MUvv/ySEEk//fRTWJn++Mc//qaOGyQgAQlIQAISkIAEJCCBMRNQMI2ZT7Pdi2Vp+PDhaaaZZmq29+CFS0ACEpCABCQgAQlIYHITUDBN7ifQROdHIFH+85//hGVp4MCB6fDDD09bbrll2nTTTVOrVq0SVqcpp5wy6jm3KTD4jwQkIAEJSEACEpCABMZIQME0RjzNa+fPP/+c/vCHP6RBgwalI488Mt1///1p9tlnT9tss0069NBD07TTTpuoo3te83quXq0EJCABCUhAAhKQwOQjoGCafOyb9MxYj7AaIZaOOOKI9Nhjj4U4wvI088wzp1122SUdf/zxcU4CQmRLU5NehI1JQAISkIAEJCABCUighRFQMDXjB4oYqnSze/PNN9PBBx+cnnnmmRBL3BriiOAPc801V/rrX/+aNtpoozTddNPFcQisvIwNA+fKbn+ILT5///335W2007p16zrbp5lmGoXZ2MC6XwISkIAEJCABCUigqgkomKr68Yz54pivhHBBEA0YMCDc8B5//PGYx4SQygIHMYMb3qyzzhrzmQ477LA044wzjpN7HsIri7MPPvgg3Xjjjen555+PbVzln/70p7T44ouHQGM731dbbbV0wAEHjPkm3CsBCUhAAhKQgAQkIIEqJqBgquKH05hLQ8S8+OKL6aijjkr9+/cPkYRA+uGHH8qHM6/p97//fexr27Zt2myzzVLPnj1Tx44dQ1yxb2wFwUQhTPmtt96ajjvuuPT555+XRRlWp6mnnjq+jxo1KgTa8ssvn+69917nTI0NrvslIAEJSEACEpCABKqWgIKpah9NwxeG5SiLossuuyxde+216d133y1bezgSEdSuXbtwm/v222/DNS4nr8VVbsMNNwzRM8ccc0RbDZ/tv3s4Z7Zaff311+kf//hHGjx4cPrss88SAolCJL4srKg/99xzp4MOOkjB9F+E/isBCUhAAhKQgAQk0AwJKJia2UNDkGDNGTlyZLr00kvTxRdfHJYexBAiBTc9hAuR8fbYY480ZMiQdPbZZ6cXXngh/fvf/w7xgvAhYt4mm2wS85o6deoU+2hjTNYm2s8FC9Ynn3yS+vbtmz788MM4b/v27WONOx7WpZVWWinOg7izSEACEpCABCQgAQlIoDkSUDA1o6eWBcuXX36ZLrzwwtSrV69ITpsFCWKKiHj7779/CCbmLCGg3n///RBWV199dQgjRBHH4EK33nrrhWjq3Llz1EU0jS2CHteBa959990Xc5QQb5ybdtmHBWvzzTdP5557bsyvakaIvVQJSEACEpCABCQgAQnUIaBgqoOjur8gft555510yimnpH79+qUff/wxLhiLEYKlQ4cO6eSTT445SliQ2I5VCRH06aefhmjCfe+bb74pixusURtvvHE6vgg5jsCi7tgK52LBaoUlCytWtkxxTqLlbbfddun8889vVHtjO5/7JSABCUhAAhKQgAQkMLkIKJgmF/lGnjdblUg4+/rrr4ewIccSLnG4vlHYh9jJYikHecCKhLChsMYy1bt373TiiSeGkKIeIgxxtc4660RI8q5du4b4QfggnrL1Khqp+AchRkQ+8jvhmkfdfK3TTz992muvvdJJJ51UcYQfJSABCUhAAhKQgAQk0PwIKJiq/JkhQnB5e+qpp8IN74knngh3OC47Cx5yLCGCyLGEmx3iqFLs0AbCCPEzcODAiKiH2KFdwo1Tf6qppoow4IcffnhadtllwzpFGyyjK7T53nvvhesdQi6LJerOMMMMac899wxL2OiOdZsEJCABCUhAAhKQgASaCwEFU5U/KSxJ1113XbrooosiEh7WpFwQQAsssEA64YQTYi4SAoqS5yjleqwRRYgmhA15lGjzyiuvTETQy6KI41ZYYYV02mmnpS5dujQY3Y42OPfHH38c7nyvvvpqtJ/Pp2DKJFxLQAISkIAEJCABCTR3AgqmKn6CuL0999xzYa1h7lK24iB+ECzzzTdfuOERuAHRw/4ceIHv1KFQHxc7vlOHfUOHDk2XX355Ou+888K9L1uaWK+11lrp6KOPjkS0BIDI58vt5esgrDjBHbAwUScXBVMm4VoCEpCABCQgAQlIoLkTUDBV2RPMYuS7775LL730UjrrrLPSgw8+WHaRQ5gQVGGxxRaLOUfdu3cvu9XlYxFECB2CO+Cix1wnrEtsY0E8sUaEMc/onnvuiQASWKhoPweCIIcSlia20Xal5Yr2sCxtv/32adCgQQqmKvs78nIkIAEJSEACEpCABJqGgIKpaTg2WSsIEyLa3XbbbZHjiEh0hPDOhYAKWHX22WefNP/884eIYR/WnzxPCcvUG2+8ke66666o06NHjzTLLLOU92fBhBDCOkQ+p/vvvz/yOWFhQkwxp2nttddOBx54YFiaEFOcI1upaIPoeJtuumkIpyzWuBYtTFCwSEACEpCABCQgAQm0BAIKpsn8FLPQyEIEsXTVVVelCy64II0aNSosN4gTCkJk6623ToccckiaffbZw1LE9kr3O8QS85P+9re/pQEDBoSFaYcddkh/+ctf0jzzzBPHZGsT56R89tlniRxNnPeLL74IUcR2LFNLL710OuaYY9LKK68cQorrZeFY3Po22GCD9Morr8Q2jqEomP7LwX8lIAEJSEACEpCABJo/AQXTZHqGWXgghviMBefDDz+MSHg33XRTGjZsWFxZFjXt27eP3EZYfGabbbYQLAgfCnWwCtEOUfQI9Y2YYT/bsEphLTriiCPCxY76WJdy4Vjq33333emGG25Izz//fLRJPSxNzGni2CWXXDK20yblo48+CgvTa6+9pmDKMF1LQAISkIAEJCABCbQoAgqmyfg4s6BhbhBWnksuuSQE0/fff18WIIgZIuGRIBZLEWKJbRSsSRS+I4CY80TEvEceeaS8L++fZppp0korrZQOOOCAtMoqq5TnNSGKsgBi3tTjRbjx44sktlin8pwlLE2rr756IuQ4FieO4dyPPvpo2mOPPcKFMLfB+bQwQcEiAQlIQAISkIAEJNASCCiYJuFTRFRkgYLAyZ8RJ8xZIsz3119/HeIn18WNjoS0JJYlwSwlH4d1ClGD8OrXr18ILvI10XZl+HEEFW571F188cXT7rvvHhan+vOaaBc3QCxcZ555ZoQfz8lxmduEaDr00EPTcsstF+1jjTr44IMjn1MlRgVTJQ0/S0ACEpCABCQgAQk0ZwIKpkn09BBAWGUQJSyIFxLH3nHHHZFjiSSwWJbYnt30ll9++ZivRCS8nJCWdhBEiCAWciohcJizRF6kfA7qVBbOSaH9GWecMVzpmJvEZ+rSbp4rxXXhnnfxxRdH8IjcDscussgiaf/9908bbrhhiDwsVtSvLAqmShp+loAEJCABCUhAAhJozgQUTJPw6eVod1hriDBHMlosQ++++26IFgRJFi9YcciFtOqqq4b7XL5MBBFCifL000+na665JsKODx8+vHxsrju6NcIJa1OHDh1irhPBILA0IZZYctu45zEfijxN/fv3j6byvoUXXjhc8Yiw17t37xBpeT4VFRVMoyPvNglIQAISkIAEJCCB5khAwTQJn1q24CA0EEuE/f7Xv/4VV4CIwY2O4A4bb7xx2nLLLdOKK64YFiH2UbKbHuLkzjvvTJdddlki7DiWKcRMbj8qN/BPFky0Neuss8bcqF133TXNO++85ePZx4J7Xt++fdNpp50Woo7AFJyHNuacc844L0KN66k8t4KpAfhuloAEJCABCUhAAhJodgQUTBPxkSE6ssUoW2feeuutmAeEdQhBkgUIlqN27dqlPffcM+22224R3CEnkkWgIEj4jpUKNz4sPwgvRBZt1HfBG9Nt5Wuhzswzz5zWW2+9mNe01FJLRTucK7dH8luCSFx77bVhccrCKO/P4iqfj2vlPvbaa69Iipu3u5aABCQgAQlIQAISkEBzJKBgmohPDVGBEMoWIuYFkeuISHRZAGGdYenYsWMIJcQSnxE1WYzkulijrrjiihAvgwcPDrGUhcv43gYCp23btmmNNdZIBx10UGLeFNecC9fxww8/RNQ8LFoEp0Ck5WvL9fKa9ghjTvQ8LFMWCUhAAhKQgAQkIAEJNGcCCqaJ+PQQMwgOBAhWoVNOOSVc27KVhn18xrLTs2fPWM8000xxRVlk0QYiBNc3xFKvXr0ijHc+dkIFE+ehLYJKrLbaaiGaCDue22WdLWUvv/xy5GMiEl9DhWtF8HGvO+64Y7RD+xYJSEACEpCABCQgAQk0RwIKpiZ8agiLXBAOFITO7bffHnOWBg0aVI6SlwUJeY1OP/30tMwyy8R8JbZzLG0hNPj8zjvvhAseASJIaJv3ZzGTzzk+awQT7SHcWrduHTmazjrrrNS5c+cQO1xHFnismTOFe971119ftp5VXgfXjOg77rjjEgElOJ72LRKQgAQkIAEJSKA5EOC3S/794m+Y5vDEJv41KpiamDHuddmi8uqrr0Yi2sceeyx9/vnn5TNlAYJYOuOMM9Kyyy4b85P4z0lBgNAOOZAQXOQ6uu+++9K3335bbiPXLW9oog9t2rSJoBOHHXZYWmihhWLOFE0jrFhwxyME+tlnn51uueWWuFYsaFxzLoQq33fffdOxxx5bfuHkfa4lIAEJSEACEpBANRNQMFXz05k816ZgakLu+T8YTZKM9oQTToiACT/++GMICkYpEBaED997773TVlttlRZddNH4zjZKFkLUI9z4ueeeG8IkR8JDSOU6cUAT/oPQ4zpIkLvRRhsl8jTNMcccIZrYnq+Raxg4cGCIPXJAZQGYL4Uoefvtt19YmfI21xKQgAQkIAEJSKC5EMi/tbQwNZcnNnGvU8HUBHwr/1MhJgj5TRQ7RBNiCSGCqGBp1apVJKPFXQ1LDPWx3JCbKRe2PfPMM2HFIRcSYonCeRBS+Xy5flOteSkgijgHbnUEbiBqHzmbcsmij3vBxfCCCy5Iffr0icAQ1GE/94iLIVaoxRdfPB8a1+2Lp4zDDxKQgAQkIAEJSEACzYCAgmkCHxLiAvFAyO8slk466aT09ttvh0DIAoR9CA9c1XbffffIt4R44NgsQmiL+s8//3y44b322mshuBBIE0sk1b99roVzIfIIOb7SSiulww8/PHXr1i3uL18r10k9ovWdf/75EdTiiy++CA4cizshkfcQTXPPPXc58h6cLBKQgAQkIAEJSEACEmguBBRME/ikmL+DePjyyy8T7mmXX355ev/998utZkE1//zzp6OOOiqts846EVyBY7AsURAetIOY+Oijj2LuD/ODEFOUvI4vk+gfhBHCZ7rppkubbrppuBfOMsss4Z7HPixirLm2Tz/9NP3973+P+/vqq6/iOO4N17511103RCLztbI1jeMsEpCABCQgAQlIQAISaA4EFExN8JQI6ECAg3vuuScCMyCAsphAMOGeRnCHxRZbLIQGQiQv+fQID5LannPOOalv377lHEuIDNqbHAVRx32Qp4kQ4QSfwErGtbIvF64RoXTddddFslryRSH+sqUJscR8qJVXXjkf4loCEpCABCQgAQlIQALNgoCCaTweEwIG0YAg+OCDD9LFF18cYbaJYofAYDt1WIiAh1ta165dw6JUfz/fmef00EMPpeOPPz5c3EgUy3bEVm5nPC5zgg7h/Cy5tGvXLqxjWMmwlnH/lMp6WNluuOGGdOKJJ6Zvvvkm3PKog7UpiyZyPVG4r8pjY6P/SEACEpCABCQgAQlIoMoIKJjG8YHwQx8hw4JF6OSTT04PPvhgOegBYomChWWfffYJywwCg/psyyIEFzwKYunee+8Nd7YhQ4aEuMBiQ/1qKlw3Icc33HDDiPCHAMz3iiDKIpE8Ub179w7R9NNPP4UlCmZYpBBN5GciMW62UuU2qulevRYJSEACEpCABCQgAQlkAgqmTGIc1ggB5uxccskl6emnny4HQ0AEIHSmnnrqtMMOO4SbHtHm2IaoYMkFEYFF5tZbb43EtcwDIlACBTGVLTi5/uReI3hYuAcEIIEt1lxzzfhe6Z7HveKiyHwuIgVyX1lQMe8pB5FYfvnly/OgJve9eX4JSEACEpCABCQgAQk0REDB1BCZetuzCxkWIRLRkmcIixDbsZIgchALuK4R6AC3NHIYsY1CHaw0uR0S0hJdjiARuK9l0cF+jsnH1buMyfY1ix7ugWsjqe0VV1wR0fOwnLGNfSwU5jTdddddYVEaOnRo3F9mQNS8nXbaKaxvCMrMZLLdnCeWgAQkIAEJSEACEpBAAwQUTA2AqdycRczIkSNT//7905lnnpmeeuqpEAlZSFB/zjnnDCG19dZbJ5K3UrLLGW2wULDAkLvolFNOSd99913UwQ2vORWsaD169EjkkyKYQxZLCL98zwhB3A1xw2OuF6ywnLFGNBFifeeddw6LHMez3SIBCUhAAhKQgAQkIIFqIqBgasTTQOh8+OGHqVevXuFq9tlnn8XcIw7lh/5UU00VouHII49MSy65ZLiaIQywvGTLEXWxQr333nthfbr//vsjIW0WGj///DNVmkXhmrkvBA5WNIQfc5vyvWThA7evv/46AmIQJRChmEUjdTp16hSiae+99w5mzeLmvUgJSEACEpCABCQggZoioGAay+PmB/4nn3ySrrrqqnChyxYhXNDY16pVq5jLc3wR4a5Lly7RWhYFWFoQBgiJ77//Pj355JPp0ksvTY888kgEiagUU83NwsQ9ZVc8IgFee+21YTXiPrLrHTBggWhizheiiYS+2X2PejAjiiBzm/IcrrE8EndLQAISkIAEJCABCUhgkhFQMDWAmh/6WIkGDx6cLrroorAsMS8HocAPfX70t27dOtzSyDG04IILhjhAILGfkiPh8fnGG29MPXv2jLk99a1JWWBRr7kV7pUEtbjX7bbbbuV5W1kUwQthSG6mRx99NCEs33jjjWCVBSN5qvbff/8QnkTig0dm2Nx4eL0SkIAEJCABCUhAAi2LgIKpgedJJLwBAwakyy67LCLZYVmiIAAos846a1p//fUjxDZiCYHAj3yWXAfBxY//V155JW277bbp3XffjWNb2j9YmhBNa6yxRoRHX3TRRRP84MC+LH6YA4ZoOuuss9Lrr78e87eyaJptttnSAQcckLbbbrvy/K+Wxsn7kYAEJCABCUhAAhJofgQUTP97ZgibSqGD+xyhs59//vk0atSo2Icoosw888wRMnzLLbdMbdu2DUsUx1Zal6iHVYWEtFdeeWUIBQRUSyyIHvgRCGLVVVeNIA/M5cLClgVRZgtLxBJC9I477ghXRVzxYNu5c+ewUm2yySapY8eOZaHVEpl5TxKQgAQkIAEJSEACzYNATQsmfuRTWPODnR/3P/zwQ8w1wg3v4Ycfjh/9WEiyWCIM9q677poI8IBVhe1ZbCEKcpuE0u7bt2/M2yHfEvWa2zylxv4Jc9/ZioRoYj4SrndLLLFEWWjm/bSJkBo4cGDkabrvvvvSiBEjyvOhEKMI0cMOOyzNMssswY32s+Bq7DVZTwISkIAEJCABCUhAAk1BoKYFEwARMtnyQxhsotfhMkY0O3Iu5YKYIhT2Nttsk/bYY4/4MZ/35XUWS++//366+OKL0w033JDIt1RLBWEzzTTTpNVWWy2i5y2yyCKJOVsIphwAAx6Ipo8++iiCYJDPCcsTheMRSn/9618TliYElIIp0PiPBCQgAQlIQAISkMBkIFDTggmBg1jix/y3334brnOXXHJJwjqULUc8E/ZjLWGOzdprrx1zbBqyeCCQEEsXXnhhJKSdDM90sp4SLrjYET2QeVtY4nCvy9HzsqUJ9jBGmGKNIl8TkQQpiFPmNG2++eZp9913T/POO68Wpsn6VD25BCQgAQlIQAISqF0CNSeY+KGeLUGssXrwQ/2mm25Kp556auRbIlABBcsInwmbvddee6WNNtoo5ulkkZXbQQTw4//DIlfTLbfckhBdn376aQityjqVnysFWbagsD8Lsfy5st7E/jPl3FnQcK58vXyuvK78nWvL1842vlNyGzPOOGMkpiWCHqIpW/LyMdlF8bXXXgv3vLvvvjueRZ73NP3008fxBx98cFiaMpM4if9IQAISkIAEJCABCUhgEhCoOcGEKxg/3LMoevHFF9PNN9+cbrvttkRCWn7s84OeeoQNZz4NIa/nm2++EEv5mdAGyx//+McQVldffXW6/fbb00svvRTBHrLYQJCxICayQMhtVNuae8/3z7Xme8jXCRf2Z+GTtyNw2M49si8fR/0ZZpghrHKIpqWWWirq5Qh6HAcbWH/88ceR4JZ8V1j42E6b7dq1S927d49gECuuuGIdgZbP71oCEpCABCQgAQlIQAITi0BNCqZs4Xjsscding1hv4lox4909vHDn/lK22+/fbiFIZaykOBBsJ+F+liVEFv80OdHf2WOJdpCFCAgCBCx0EILhejC3YyC2GI7c6dI7opQ4DwsFEKZY6ma1POgcKfDukNBzCAuETncG/dE4IsOHTqEG+MXX3wRViH2ZS5ZUOX7Z05Tt27d0lZbbRVzwHDZow7t5ntFoCFYyVdFwA3uG3a0kQNJHHfccYnoe2yzSEACEpCABCQgAQlIYFIQaPGCCbHCwo9sfqTzIxwXvF69eoVl6eWXXw4hUCmWFlhggcgnxHwlhAPH5oWHwo97fuiTV4m5SriSff755/G8EA3ZwpKtJByLO1+PHj0i0EH79u2jvdlnnz2Rs4jrQRwxj4q6FMQEQomACI888khsm9j/cL3c+9Zbbx2CCKFCBDvuB+FEBEE+c9242HHNLPfcc0/q169fmUuldSozgBciFEsTQhTrHSXfL8+Gz3BENJ177rkhoBCV7Mshy4met/LKK8exmXNuIzb6jwQkIAEJSEACEpCABJqQQE0IJn5w8+MasUTyVEQOFiEsGrlQhx/na621Vtpxxx1D3GBp4cc4x+Yf5XymLsvZZ5+dzjnnnDrBHfKPeNrN1hPaPeqoo+JHf58+fcqWrDZt2qROnTqV28vXguhaeOGF0/zzzx/nePbZZ/OuibpGlGy44YZhCXriiSeCFxYkhBLXlDlONdVUIei4LyLZEX6dQBcIpcyr8kIzO+qT3Pa8886Le6usw+fMDtHEnDLqffLJJ+U2EVlE3zvkkEPSKqusEtdE27n9+u35XQISkIAEJCABCUhAAhNKoCYEU/4hj+sbYql3795hyUDQ8GMb6wllmWWWiR/+uM7hNja6H+L8qEc8kEdov/32S48//nj5h379h5GPRygcccQR8eP/uuuuK1fj/Fhg6heEHYEm/vznP0fYbSxZk6IgmNZbb70IsHDrrbfGfcKm0s2Q+8/3heDbZ599EqKKRLRwHlPBapYZd+3atcGqnIM2mRNGiHfCj+eS3ft22WWXtNNOO+XNriUgAQlIQAISkIAEJDBRCLR4wZQtI4gQXNwIdY2LGz/e+eGP1YSC5aNnz55phRVWiO+ImWwhig3/+ycLpqeeeiqCQQwYMKByd53PWVhwLs77zDPPhNDiWvJ5cx2uMxfOO88886TOnTtHEl1c9SZFQTCtvvrqweWBBx6oY1nj/NnCxGcEJZYmogdigSIyYGME03LLLRdzlHBFbKjAGJHGvDJEE9ELs6WJY+CJqD3llFNCVDbUjtslIAEJSEACEpCABCQwoQRavGACULaKkIiWH/YkRUWg8AOfH98koz3ooIPSggsuGG55uX5DcNk/ZMiQEAt///vfG6pWtsRgYdpzzz0TCW3vu+++qI8oqhRJlY2wD0Ex66yzhrtbpYWnsl5Tf0YwMc8KEde3b9+xNk/ACoTgsGHDYh5TFn8NCSdYN0YwcWLY0B5zqJgjdXyRqwnmsMEqx7Vi3UJMWSQgAQlIQAISkIAEJDCxCNSEYMrwEDpEsttuu+3S008/HdHe+MHPD+8555xztO5x+dj661GjRqU99tgj3XDDDfV3lb9nAYFgOuaYY9LGG2+csEyxnUAPzMnhMxanXDcHV8DCRECFo48+OoJLlBudiB8QIZtuummIIII4IFC4LgQK14Xg5DNL3s6cL+YcnXnmmeU5TE0hmPJt8swQTYRtv+CCC2LeGcILQUk0PQSYRQISkIAEJCABCUhAAhOLQE0JJiDyw//+++8Py8Tee+8dLmjkCkIA4GLWmMKPeKxFHP/QQw81eEgWQQimI488MkJrv/rqqxFK/J133on8RMzJYY4SogkhgkhiftS8886b5pprrhBab7/9doPnaModCCbmMG2xxRYxb4jrJvAFc78QlFjg4IfYY47RzDPPnDoVQSuwRh166KEhmLK4glH9Mi4WpspjOSfulLgJYh3k/ETbw+rENWbOlcf4WQISkIAEJCABCUhAAk1BoOYEEz/k+cH9YZE/aY455gjxki0ilZaeMcFlLg/zoA4++OD05ptvxg/20QkEfsizIBSwRn3wwQeJMOach2uYZZZZUtu2bWN+DufLbbAPwcSCOxpzeSZFQTAxlwsBiSWM68YFDsECK6xPzz33XNwHFjaSyhJ84cknn4ww7XDhfvP8rPrXTHsEs8AyRNAH7rcxYof2uA5c/4hKSAQ/rE0EkKANRJpFAhL4P/bOA96K4vzfk2LDhggqoCJ2ESuKil1jwxrFHo1dYzdoiLElsfeIPfausaESsWOJHRUrogjYEJWABWv8xT/P+8/cz+F6+73AnnOe+Xz27jm7s7Mzz5y7u99933lHAhKQgAQkIAEJTAsCVSeYMkQewlv6oI2AIDw4E6lmt7UsdnL5rBEDWEBIBEdAMCGA8raePXuG1Qa3viwcKAfhgqtZp06d0i233FIjpKKgafgHa9JWW20VcywRSTAHm4ATFibGNzEGi0llqS/WMcKKv/XWW+HiWN+YrFxlBBNBNRBMtB2hinhsaqJ8QsHDHMHFsU0VuU09h/kkIAEJSEACEpCABCRQSqBqBVMphOZ+5kEftz7c0BAL9SWsIogEBAeWGFzK3nnnnXjIZztBHXjwv/3226cSRXPNNVfaeOONw/qFcJleCcG02WabJcKFM3ksY5ZI1HWllVYKdz0m/EWwIFQI+sAYq4ceeijdf//99VqWcv2xpjFmjFDhiMKWiFYEJUEwYIpog3EWm/k8riUgAQlIQAISkIAEJNBWBBRMLSCJYGKyVlzyGG9UX8oP9FiUCPpAoAmi6vGwT1jutddeOyxJJ554Ylhbcjm4uhGYApc9rFjTM0oeggnhdOutt6bvvvsuqkT9sXhts802MZksgTMQTF26dEnnnHNOLIRMr8vKltvEmiAXe0yZO4kJf2l/SwVTjqAHX8VSKWE/S2DGEeD/GXdiEtZnrnP5f5Vt/q9CwSQBCUhAAuVIQMHUgl5DSPztb3+LyHATJ06stwSsH9ll7IADDoh5mJ5//vl4kCDAxI477ph69+4dIcdLC+FhY6eddoq5hhBTBF2YHgmrzyabbBLCpi7BtOWWW8bYoXHjxsXDDxYjglnAgnmSGksIr3XWWSdc8phjCoHlQ1Rj1NwvgeIT4H+ZCaavvPLKeIm08847h5Wc6xxCiusg10OTBCQgAQlIoBwJKJha0Gu4quGKdtFFF8WkrfUVkd3GGIuE8DnmmGMi2lu2MBGNDuHwhz/8YaoiEBZEyMPSRJCIbOmZKtM0+IJgYpwSgq22YCJYA+ObGH+EOOLhZ4EFFkiXXnppiCgsbk0dwzRw4MC03HLLRX4foqZBR1qkBKYzAQQT0TyZTJpxmrga44bct2/f1LFjx3hJRJV8QTKdO8bTSUACEpBAmxBQMLUAI4IJ8XPxxReHYOIhoC53tCwGcF3jzSvC6OWXX66xMCGYllhiiXT00UdPVQtc4gjhzRghItA1JkSmOriFX2gDAo0HHEJ4I4B4M0xCwK266qoRsOG6666LaHXUacEFF0x8ZzLgO++8syZ/fVWgPbx5xiUP9zyYZUb1HeN2CUig+AS4VvByB8F0zz33hEUJoYQrL9E111tvvZiGwP/34velNZSABCQggZ8SUDD9lEmjW7755puYD+iSSy6pCYxQ10FZSCGYCOyAyBo6dGi8ZUUU8SCBhQnBRGAFBARCZJ555glrDm4sl112WV1Ft/k2HmQWmTKnEvMwDRs2LD311FM150AwYWFad911Q/gRqY56Ejnv3HPPjXFWr732Wp2isaaQKR8IJrHnnnuGKyPtpQwfoEoJ+VkC5UUgv1QhcihTLZx++ukxJUH+v+b/nBcx/fr1S4ccckhiQu6ccp783bUEJCABCUigqAQUTC3oGSZt3XvvvSPEdnYxqcvClItGMCF8OIa5hHhQwLefSHgIp9tuuy2yIiB48GAepF122SVc43gAaajsfI62WBOdD1caxigRzS8nHnqWX375cMHD4sXAbtrNG2TGLxFinQiA+eEpH1d7jVVpt912C8GULUyZX+28fpeABIpPgGsT88S98MILiekRCGozfvz4n1R8ySWXjLGaWJjnm2++uAb6v/8TTG6QgAQkIIGCElAwtaBjED2IHx4OmiJm5p9//phPiUlX33jjjXhYYJwQQR8WWmiheDM7YcKEGCzNQwSua9tvv30IJtz4sGhNj0TkuhVXXDEi9o0ePTraRvuwMLF9qaWWinDq1JV6EsWPoA+42DXFwoTlbP/990+nnHJKNMcHpunRq55DAtOOAGKJFz6M5yRiKNcqXvzUTozbxJrO/z8BbXjZ4v9/bUp+l4AEJCCBohJQMLWgZ7JLHmOYCMjAjb8h4YQVCXcUAh1MmjQpBBNWJgI7ICIIG872sWPHhuUJEcU+wpAfddRRqaFIfC2ofr2HZKsXocWZa4kHH9pF+1ZeeeWwMj322GMxAS/be/TokdabMjahf//+TRrDhFVp9913TwhHzqVLXr1d4Q4JFJYA//v52vDKK6+k0047Lf7/87a6roVcQ7jmbbTRRmnAgAExHhKX43wNUDwVtrutmAQkIAEJTCGgYGrBz4C3qgcddFC6+eaba9zQ6npIKC0aqxGudrxpJS8LLmyseZDggYEFIcGbWNzjXn311QgS0ZirW+l5WvOZui2++OIxUJvP+bz5YYa6MR6BoBC4Di4yZcwT7oYEfeDBiYefhhJR+LbeeusQTBzHfFY8NJkkIIHyIcD/Ldct/t+ZsPrUU09Nzz33XDQgX9tqtyZf9xjDdOCBB8YE1lxLuMawL18Dax/ndwlIQAISkEARCCiYWtALjPFhjBHWFm709T0k1C46i6K8vfS4LEpYM2aIh4j8YII4mV4JAYMLXq5PPi91JeW3wnznM+2fPHlyCKict7411rR99tknXPIyN9ppkoAEyocA1yOuD1i+sbKz8BKFbdnKVLs1/J+zkIcJu7GcE0SGax3XEgVTbWJ+l4AEJCCBIhFQMLWgN4gS99vf/jZCb+cH/ywoGiqutgipLy/5ECOseThpzHJTXzkt2c4580Kbcrvytrym7GyB4nNT6ohL3m9+85t0zjnnJKxNlE15JglIoHwI8H/P/zsBYLAuPfroo1F5/pdLrwlsLL1+IJj4jmWJ6yeWpkWmWKlzPo4vvSbU/h4Z/SMBCUhAAhKYAQQUTM2Ezg39vffei4ANzz77bLw1re+tajOLLnz2LG5KH4KodP7eWANwMyRYBmOYclmNHeN+CUigWAQQRYzdvPrqqyPi5bvvvjtVBXmJhDjiulhbQJGR/cw/x8S2BLdhzCYviEhZjHF9yAv5TRKQgAQkIIEZSUDB1Ez6iAMsTER6euKJJ5rlktfMU1Vc9vbt20eULAaJmyQggfIkgKgZNWpUGjhwYEwp8PXXX8cca4xxREjhopuFT10vkxBACKSFF144EWBmww03DAG1wAILxITW2dU3v4jx5Up5/k6stQQkIIFKIqBgakFvEtHu4IMPjqAPPBBwQ8839xYUVzWHIJj222+/mNyyahptQyVQYQQQQ4MGDUonn3xyRMzs3bt3WmeddRL/3wR/YU42omzm62LtayPb83gmxksilAh0s8oqq0R00E6dOsUEt127dg0BBb7SMhRQFfaDsjkSkIAEyoCAgqkFnfTtt9+mI488Ml1++eUREpwiSm/oLSiyKg5RMFVFN9vICieAYHrkkUfSiSeeGPMuESZ8k002iSA1gwcPjjGKCCeETV0Wpoyn1NWO4A+IJ+aCY4wTUzD07ds3yiWiJuWQKLP0uFyWawlIQAISkMC0JKBgagFdokPtu+++8ZaVmzc383xDb0FxVXOIgqlqutqGVjABoncSFe/WW29Nn3zySYzn7NmzZ8I176677kpnnnlmTInAtTFH+mwODo5DQOGyRzRS5m5jnBPbFUzNIWleCUhAAhJoKwIKpmaSxJLEIOedd945PfPMM3ETVyw1DaKCqWmczCWBIhPI45OYwJtJt4l4yfglInpieSJyHpNu59Qc6zuCKLvrcTzueczddsABB4TViW3kMUlAAhKQgASmJwEFUzNpZ8G0ww47pOeff76ZR1d3dgVTdfe/ra8cAlkEZfHCd14cDR8+PFz1sDSxL+drTsuxJHFcLpsxTox9ZOFz3t6cMs0rAQlIQAISaA0BBVMz6XEjx8KkYGomuCnZEUz7779/Mkpe89l5hATKgcCYMWPCJe+aa64JF73W1BlhhLWJhfFMxxxzTOrVq1drivRYCUhAAhKQQIsIKJiaiU3B1ExgJdm1MJXA8KMEKpAA45iYbuGCCy4I9zy+tybl+Zm6d++ejjrqqBjTNPvss7emSI+VgAQkIAEJNJuAgqmZyBRMzQRWkl3BVALDjxKoMAJcG3HL++qrr9K9994b0fJwW8ZSxMJ+luak7H7HGKmNN944/fGPf0yrr756jcse5eU8zSnXvBKQgAQkIIHmEFAwNYfWlLzcoHXJaya0/2VXMLWMm0dJoBwIcG1EMLGeMGFCuv3229PFF1+cRowYUSOYWhMgJ49lwq2XzyTGO5kkIAEJSEAC05qAgqmZhBVMzQRWkn3uuedO++yzTzrrrLNKtvpRAhKoFAJcH4mix5qQ44Qev/TSS9Obb75ZI5pa2lbc81ZYYYVwzdtmm21i3iatSy2l6XESkIAEJNAcAgqm5tCaklfB1Exg/8vOg03Hjh3TwQcfnI4//vjgyC4feFrG06MkUEQCXB+zlSlfK7EyXXfddTF3E3XO//Psb07iOEKYr7HGGukPf/hDuOhxfGk5uezmlGteCUhAAhKQQGMEFEyNEaq1Pz8EGCWvFphGvuI6s9hii6Xjjjsu7bbbbjUPOT7gNALO3RIoQwJcJ1mYm+ntt99Ot912W7rjjjvSW2+9FXM30aRSodOUJnKtYJlnnnnSXnvtlQ499NDUpUuXODTva0o55pGABCQgAQk0l4CCqZnEFEzNBPa/7IQGXmqppdLJJ5+ccKfBbYdtJglIoDIJIJbyJLdffvllTGZ7xRVXpMceeywCQzS31bx0YcHKxAurI488Mi2xxBIhvPK1xBcwzaVqfglIQAISaAoBBVNTKJXkUTCVwGjGRx5k5ptvvnTQQQeFlYmHqZlmmqkZJZhVAhIoJwI//PBDYuF/H6FDiPEbb7wxoueNGjWq2U2hDMpCHK288sqpf//+aYsttkg59DjbFUzNxuoBEpCABCTQBAIKpiZAKs2iYCql0fTPPOwsueSS6a9//Wvafvvt481zfgBqeinmlIAEyolAqdvd999/H4Lp9NNPTyNHjmxxMxBFHTp0SPvuu2+8gOncuXONlUnB1GKsHigBCUhAAg0QUDA1AKeuXQqmuqg0vo23v0S4IkLe+uuvHwPDebjxAadxduaQQKUQeOihh9Jpp50Wk9sioFqa5pprrrTHHnukI444Ii288MJRjNeTltL0OAlIQAISaIyAgqkxQrX2K5hqAWniVwVTE0GZTQIVSIDrJuOZmND21FNPTUxoy/eWJiJu4t574IEHRvRNIvNhsWYxSUACEpCABNqagIKpmUSzYMKtbNiwYXGDbs1kjM08fdlmVzCVbddZcQm0mkC+Rj7zzDNhYcLS9M0337S4XFzymMD2kEMOiUlsuS5rYWoxTg+UgAQkIIFGCCiYGgFUezc35rFjx0aUpiyY2MZiqp+Agql+Nu6RQKUTQDAhaB599NHEGCbW3333XYubzSTYe+65Z41LXr7+6uLbYqQeKAEJSEACDRBQMDUAp65d3PhHjBiRdtxxx/T6669HhCZcS/INu65j3JYispVjmPwlSKB6CXCNfOGFF9IZZ5wRrnlfffVVi2EwhmnvvfcOwbTQQgvVXH8VTC1G6oESkIAEJNAAAQVTA3Dq2sVNn8kXmQfklVdeibemiqW6SE29TQvT1Dz8JoGiE+C61lYCJF8jhw8fns4+++x09913p8mTJ9cgyPtrNjTyAQsTUfIOO+yw1LVr1xBM1LWt6tvI6d0tAQlIQAJVRkDB1MwO58b+3nvvhWB67rnnmnl09WbPgunMM89MG2ywgVHyqvenYMvLgADXOazpbRX6n/JYPvzww3TRRRelK6+8Mv373/+O8rOFnv1NTQsssEA69NBDYxwT4oljucYomJpK0HwSkIAEJNAcAgqm5tCakpcb87vvvhuCiUhPpqYRUDA1jZO5JFAEAoilSZMmpTFjxqT27dunRRddtFUR6LIYwo35b3/7W7rtttvSl19+GQKHc5Fynqa0f8EFFwx3PNzy5phjjihHC1NTyJlHAhKQgARaQkDB1Exq3NTfeeedEEwvvfRSM4+u3uxZMDkPU/X+Bmx5+RD49ttv04MPPphOOOGEtMQSS0Rku+7du0cDagubplh18jG45HENwCVvttlmS3POOWeaMGFCuOdl4dQYJaxeyyyzTDr++ONTv379prKENaUujZXvfglIQAISkEBtAgqm2kQa+c5NnbekO++8c6wRAq2ZT6SR01XM7iyYdMmrmC61IRVMYPz48WngwIHp/PPPDwsOk8T+7ne/SznAAtdBll/+8pdNsjyRF9H0/vvvpwsuuCBdc801ab311ktrr712uueee9K//vWvxES2WVjldX2Iu3Xrlvr37x+R8madddbIxjVGwVQfMbdLQAISkEBrCCiYmkmPGzluKjvttFNMvsgDww8//NDMUqovexZMWpiqr+9tcfkRQDAhbM4777xENDsmit12220jMh3WHaxD/E83NWXBNG7cuHThhRfGGKYtt9wyAjcwme1VV12VPv744xBhOW9DZbdr1y4xF96RRx6ZevToEccpmBoi5j4JSEACEmgNAQVTM+khmN54442wML366qvxdpUbvKlhAgqmhvm4VwJFIoC159lnnw1XPEKBf/rpp+E+16tXr7TpppumFVdcMWHlYQJZgi7MNNNMjVb/iy++SExYS9CHJ598MgTPMccck7iOnnLKKem1114L4cM1trFr6swzzxzWqaOPPromiExbBahotCFmkIAEJCCBqiOgYGpml3Mzf/vtt8N3nhs9QkCXvMYhwmn55ZdPuORtuOGGYZXzjXDj3MwhgRlBgOsc45hGjx6dBg0alK6++uoYu4koQawQpW7xxRdPyy67bFpuueXCVa9Tp06pc+fOad555w1XPcrILnJff/11uu+++8LF75lnnomy11xzzfSrX/0qjRw5MsZLTZw4seYFFMfWTpSVF+qx+uqrpz/96U9pk002qcmaz1ezwQ8SkIAEJCCBNiCgYGomRN58MoaJeZjefPNNJ65tIj9cF3krjYtPnz590nfffRdvpXnwMUlAAsUikEN98/+JkBkyZEi66aab+efMGgAAQABJREFUQtzgVsf/L/t46cEYonnmmSfE0mqrrZZWWmml2JYFE/lw8Rs8eHB66qmnEuKJbSxcF/7zn//EC5S6RFIpFcQQx+TE+Kdjjz02rb/++rrkZSiuJSABCUhgmhBQMDUTKw8S3PQJ+sCDAw8MjmFqHCIPRrwRZiA5D1S4/LCt9AGo8VLMIQEJTA8CiBdeDnG943+U/1fmn2Oy7sceeywNGzYsJvDGzS67z3EtZMECxf92trwjdPiMxYq8jQmjxto3yyyzhDsgY5j22muv+JwtT1qYGqPnfglIQAISaAkBBVMzqXHDZ8Jagj4wHxMPCKTShwAeMPiel3wTz+vS7flGn8vIDx+l5XEO8uV9uZzSh48sPOraR9l5fz5Paflsm9aJByhc8gz6MK1JW74EWk8gXx9Kr1WUyjXnm2++SR999FEIprfeeivma+IaxT62ZwsUlqNsieLYfK2jzNLrFPvmmmuu1KVLlzTffPNNNR4KaxTnm3322RNCCTG28MILR1hx5oZiDFW+tuUyKc8kAQlIQAISaEsCCqZm0uRN6SOPPBIWJmaq5yaNGGCNpYnPJPLxEJHX3NR5oGAhb+kDSe0bfc5HORyXF76T+E65LOQlcS62kyibffkc1ImF+rGNJR8XB0yHP9RvhRVWiDFMG2ywQQ2H2m2fDlXxFBKQQCsJ5GsMlieEEdcerilMRvv555/HtYbrDUtT/sdx62OCXCahzddQqpjLRygRWIKySj83pexWNtXDJSABCUhAAknB1MwfAUKEwcvbbbddvD1t5uFVmx3BxOBwLEwEfeDhiocdH3iq9idhwyuQQOnLmOb8b5OXY2tfE3J5+WVQc8qsQLw2SQISkIAEZhABBVMzwXMDJ3LUXXfdFW8/uZGPGDEiQut27do1IujhXoIrCuHHmbOEkLyTJ09Oiy22WESXGjt2bLiz4FrCeJ5s7Zk0aVJ68cUXI29+QKB6uKkQupd5Snh7ywBrzkU5lEvi7Wvv3r0jH9H7mCAyP1yw5g1u9+7d04QJE8JlpvQtbhTQxD+UBQPeHNMu6kRZRMbCRTG3heIQSXm+ls8++ywsTGeccUaEAUZ40sZcxyae3mwSkEBBCeTrAteAbPHm/7ux/3HycywLeUuvC+zL+/P20mtjQVFYLQlIQAISqDACCqYWdCgP+/jVcyPn5k0UKfzrmUwRYcBn9uGyh489eXEtweWEPAyURhwhghAaPCiQEFmffPLJVG4s7OMY3FAohzyIH1xXOFd2eeFBg1C/nBtRhGtM6YMKogYhRxmILB5oWpNgwPkZs5CjZCHSqG/pAw37SEx+SfsRiIxVgE9+qGpNPTxWAhIoFoF8PSu9/rS2hrlMymnLcltbL4+XgAQkIIHqIKBgaoN+zjdzbuR8zuv8ufQUtffVvvlzTC4vH1eap3aZpXmzUKmrDMrK5ZQek8/RkjXlIHxyuXwm5e/s53NpHrZRT8QS+3LelpzfYyQgAQlIQAISkIAEJDCtCSiYpjXhCiwf0YNlC+GD4MnfswgqtV5hiSIv28iXBVM+VsFUgT8QmyQBCUhAAhKQgAQqiICCqYI6c3o2BeFTO7GtttUoi6QsrDimdp7a5fhdAhKQgAQkIAEJSEACRSGgYCpKT1gPCUhAAhKQgAQkIAEJSKBwBBRMhesSKyQBCUhAAhKQgAQkIAEJFIWAgqkoPWE9JCABCUhAAhKQgAQkIIHCEVAwFa5LrJAEJCABCUhAAhKQgAQkUBQCCqai9IT1kIAEJCABCUhAAhKQgAQKR0DBVLgusUISkIAEJCABCUhAAhKQQFEIKJiK0hPWQwISkIAEJCABCUhAAhIoHAEFU+G6xApJQAISkIAEJCABCUhAAkUhoGAqSk9YDwlIQAISkIAEJCABCUigcAQUTIXrEiskAQlIQAISkIAEJCABCRSFgIKpKD1hPSQgAQlIQAISkIAEJCCBwhFQMBWuS6yQBCQgAQlIQAISkIAEJFAUAgqmovSE9ZCABCQgAQlIQAISkIAECkdAwVS4LrFCEpCABCQgAQlIQAISkEBRCCiYitIT1kMCEpCABCQgAQlIQAISKBwBBVPhusQKSUACEpCABCQgAQlIQAJFIaBgKkpPWA8JSEACEpCABCQgAQlIoHAEFEyF6xIrJAEJSEACEpCABCQgAQkUhYCCqSg9YT0kIAEJSEACEpCABCQggcIRUDAVrkuskAQkIAEJSEACEpCABCRQFAIKpqL0hPWQgAQkIAEJSEACEpCABApHQMFUuC6xQhKQgAQkIAEJSEACEpBAUQgomIrSE9ZDAhKQgAQkIAEJSEACEigcAQVT4brECklAAhKQgAQkIAEJSEACRSGgYCpKT1gPCUhAAhKQgAQkIAEJSKBwBBRMhesSKyQBCUhAAhKQgAQkIAEJFIWAgqkoPWE9JCABCUhAAhKQgAQkIIHCEVAwFa5LrJAEJCABCUhAAhKQgAQkUBQCCqai9IT1kIAEJCABCUhAAhKQgAQKR0DBVLgusUISkIAEJCABCUhAAhKQQFEIKJiK0hPWQwISkIAEJCABCUhAAhIoHAEFU+G6xApJQAISkIAEJCABCUhAAkUhoGAqSk9YDwlIQAIFIfDjjz+m//73vzW1+dnPfpZ+/vOfxzY+s5gkIAEJSEAC1UJAwVQtPW07JSABCTSRAGIJ0VSaEEx5G59NEpCABCQggWohoGCqlp62nRKQgASaQSCLIw7RotQMcGaVgAQkIIGKI6BgqrgutUESkIAEJCABCUhAAhKQQFsRUDC1FUnLkYAEJCABCUhAAhKQgAQqjoCCqeK61AZJQAISkIAEJCABCUhAAm1FQMHUViQtRwISkIAEJCABCUhAAhKoOAIKporrUhskAQlIQAISkIAEJCABCbQVAQVTW5G0HAlIQAISkIAEJCABCUig4ggomCquS22QBCQgAQlIQAISkIAEJNBWBBRMbUXSciQgAQlIQAISkIAEJCCBiiOgYKq4LrVBEpCABCQgAQlIQAISkEBbEVAwtRVJy5GABCQgAQlIQAISkIAEKo6AgqniutQGTSsCP/74Y2Ih/exnP4tlWp3LciUgAQlIQAISkIAEikFAwVSMfrAWZUIgCyaqi2gySUACEpCABCQgAQlUNgEFU2X3r62TgAQkIAEJSEACEpCABFpBQMHUCngeKgEJSEACEpCABCQgAQlUNgEFU2X3r62TgAQkIAEJSEACEpCABFpBQMHUCngeKgEJSEACEpCABCQgAQlUNgEFU2X3r62TgAQkIAEJSEACEpCABFpBQMHUCngeKgEJSEACEpCABCQgAQlUNgEFU2X3r62TgAQkIAEJSEACEpCABFpBQMHUCngeKgEJSEACEpCABCQgAQlUNgEFU2X3r62TgAQkIAEJSEACEpCABFpBQMHUCngeKgEJSEACEpCABCQgAQlUNgEFU2X3r62TgAQkIAEJSEACEpCABFpBQMHUCngeKgEJSEACEpCABCQgAQlUNgEFU2X3r62TgAQkIAEJSEACEpCABFpBQMHUCngeKgEJSEACEpCABCQgAQlUNgEFU2X3r62TgAQkIAEJSEACEpCABFpBQMHUCngeKgEJSEACEpCABCQgAQlUNgEFU2X3r62TgAQkIAEJSEACEpCABFpBQMHUCngeKgEJSEACEpCABCQgAQlUNgEFU2X3r62TgAQkIAEJSEACEpCABFpBQMHUCngeKgEJSEACEpCABCQgAQlUNgEFU2X3r62TgAQkIAEJSEACEpCABFpBQMHUCngeKgEJSEACEpCABCQgAQlUNgEFU2X3r62TgAQkIAEJSEACEpCABFpBQMHUCngeKgEJSEACEpCABCQgAQlUNgEFU2X3r62TgAQkIAEJSEACEpCABFpBQMHUCngeKgEJSEACEpCABCQgAQlUNgEFU2X3r62TgAQkIAEJSEACEpCABFpBQMHUCngeKgEJSEACEpCABCQgAQlUNgEFU2X3r62TgAQkIAEJSEACEpCABFpBQMHUCngeKgEJSEACEpCABCQgAQlUNgEFU2X3r62TgAQkIAEJSEACEpCABFpBQMHUCngeKgEJSEACEpCABCQgAQlUNgEFU2X3r62TgAQkIAEJSEACEpCABFpBQMHUCngeKgEJSEACEpCABCQgAQlUNgEFU2X3r62TgAQkIAEJSEACEpCABFpBQMHUCngeKgEJSEACEpCABCQgAQlUNgEFU2X3r62TgAQkIAEJSEACEpCABFpBQMHUCngeKgEJSEACEpCABCQgAQlUNgEFU2X3r62TgAQkIAEJSEACEpCABFpBQMHUCngeKgEJSEACEpCABCQgAQlUNgEFU2X3r62TgAQkIAEJSEACEpCABFpBQMHUCngeKgEJSEACEpCABCQgAQlUNgEFU2X3r62TgAQkIAEJSEACEpCABFpBQMHUCngeKgEJSEACEpCABCQgAQlUNgEFU2X3r62TgAQkIAEJSEACEpCABFpBQMHUCngeKgEJSEACEpCABCQgAQlUNgEFU2X3r62TgAQkIAEJSEACEpCABFpBQMHUCngeKgEJSEACEpCABCQgAQlUNgEFU2X3r62TgAQkIAEJSEACEpCABFpBQMHUCngeKgEJSEACEpCABCQgAQlUNgEFU2X3r62TgAQkIAEJSEAChSTw448/1tTrZz/7Wc1nP0igaAQUTEXrEesjAQlIQAISkIAEKpwAYum///1v+uGHH9K3336b5phjjvSLX/wiZRGlgKrwH0CZNU/BVGYdZnUlIAEJSEACEpBAuRNALLEMHz48jR07Nm244Ybpl7/8ZZppppnSLLPMkhRM5d7DlVV/BVNl9aetkYAEJCABCUhAAoUlgAUJMcQa69LFF1+cPvroo3TIIYekcePGhWhaaqml0myzzZb+85//RF6EVH2Wp1weDS79XFgAVqwsCSiYyrLbrLQEJCABCUhAAhIoHwKImdIFMfT++++nf//732n++edPnTt3TiNGjEjvvvtuWm211dLcc8+d3njjjRBVSy+9dJpzzjmjsbjtZevT//3f/00lkrBY/fznP498rHO+8qFkTYtKQMFU1J6xXhKQgAQkIAEJSKCCCGBRQuQger744ov07LPPpj59+qS55porrEkInkmTJqV27dqlCRMmpPPPPz/y7bPPPqlXr15xXG3BRJmIIxbKJpFHwVRBP5wCNEXBVIBOsAoSkIAEJCABCUig0gmMHz8+3O+wJiGSPv/889ShQ4dww0PsIHJwv+Mzwum5554LwbTSSiulRRddtEYYZcsR1ilEFgLpww8/DGtTt27d0uyzzx7lVDpP2zf9CCiYph9rzyQBCUhAAhKQgAQqigBudogWRA5udgRtQPRkUZPXNPr555+PBatSjx490swzzxzHZiClY5Cy+14WUogpUqnl6IUXXohzfv/99+mqq65K8847b9pvv/1CXJVaonL5riXQUgIKppaS8zgJSEACEpCABCQggTR58uT0+uuvx/gjxhu1b98+BBQChnDhWexgEcJyNM8888QYJYRVa9Knn34aguuzzz5Lt912W+rUqVPafPPNU8eOHUO45fO25hweKwEIKJj8HUhAAhKQgAQkIAEJtIgA1qWXX345nXvuuRHAYZdddglXu2+++SZtuummiYh3WRhhNSLl6HdYo1qasgWKNeOYEG1Ys4iux/lKrVwtPYfHSSATUDBlEq4lIAEJSEACEpBAFRPIggYE+TNWmvyZdXaxy2smnb3lllvSddddl7bddtu00UYbpXfeeSesSiussEJYfbKlB3FFGazZhttcSxJlEDTi66+/DksV8zbVTi0tu3Y5fpcABBRM/g4kIAEJSEACEpCABMKNLosaRMlXX30V1iBCfCNA2MbCZxZE05dffpnuvPPONGrUqLTbbrvF+CHGFJEQMlksZbwcT8qCK29v6prjORar1tNPP5022GCDOCfbOFdLy23q+c1XnQQUTNXZ77ZaAhKQgAQkIAEJTEWAAAsIEtYffPBBeuCBBxKR7Xr37p2WX375CKqQLUPZnQ7Xu5EjR4a1p2fPnjFf0rQULdSN8j/++OM0dOjQtOyyyybGTSHgsuvfVI3yiwTagICCqQ0gWoQEJCABCUhAAhIodwJZMGFleuWVV9KFF16YHn744ZhUdr311ks777xzjEkqtRwhsBhDxDGllqdpxYI6spAYC8X5EXFE3MvbEXO1LVvTqj6WWx0EFEzV0c+2UgISkIAEJCABCTRIAPFByiLotddeSwMGDAjxROS7gw46KO26664RBa+2+1sel9TgCdpoZ64nlqbsQohYI2oeE94yD9MCCywQIqqNTmkxVU5AwVTlPwCbLwEJSEACEpCABGoTwFrDPEf3339/jFOaddZZ02abbZZWXHHFCNmdxzDVPm5GfqfOzzzzTMJNcJVVVomAENPSPXBGttVzT18CCqbpy9uzSUACEpCABCQggUITwIJDFLp//OMfEVChV69eEcAhjxFChOTPRWkIYmncuHHhHkiQijnnnDOEXVHqZz3Km4CCqbz7z9pLQAISkIAEJCCBegkgfvJCplKLS+1xPkS8Y3JZQoXjjnf11VenHXfcMW2zzTYxAW0uhzJqH1tvBabjjtNPPz0E3sYbbxzWpel4ak9V4QQUTBXewTZPAhKQgAQkIIHqJcAYH4IylIodBA/fa0eWGz58eHrwwQfTmDFjImT3xIkT07777pv222+/1LFjx0KKpNKevfbaa9PCCy+cVl555Wkera/0vH6ufAIKpsrvY1soAQlIQAISkECVEkAY5WhyTPT67rvvxvxK3bt3jzDhpZO+jh07Ng0bNizyEEABtzusNYwHIh8Cq6iJdn733XdRPepdxDFWRWVnvRonoGBqnJE5JCABCUhAAhKQQFkSIAACFiPCbuNyd8MNN8QcS3vvvXdae+21E8EcGkuMDyqqG15p3V966aVoD1Ym2lVkgVdabz8Xn4CCqfh9ZA0lIAEJSEACEpBAiwgwAe3AgQMj/PZGG20U7nmIHyainW+++Soq9Pa5554brnhbbbVV6tSp01TjtVoEz4Mk8D8CCiZ/ChKQgAQkIAEJSKBCCeBah2BiAtqePXum3XbbLVzssDjlyWaLGMChJd3x9ttvR3S/zp07hxgsWiS/lrTJY4pBQMFUjH6wFhKQgAQkIAEJSGCaEBg5cmREvLvnnnvSDjvskPbaa6+Y2BVLU6W4rTGGifYQtIKJa7GgzTHHHNOEp4VWHwEFU/X1uS2WgAQkIAEJSKBKCOSgDx999FF68sknI4rcSiutlNq1axeR8irFukR3EvShf//+qXfv3mnrrbc2tHiV/ManRzMVTNODsueQgAQkIAEJSEACM4AAQR9effXVGNtDZLzaQR6yZWYGVK3NT0kEwN133z2tu+666eCDD3YcU5sTrt4CFUzV2/e2XAISkIAEJCCBCifARLRnnHFGWJQ222yztNBCC6XZZpstrEuIKUKO48I299xzp5lmmqmsaTz++OPpuOOOi1DozB3VoUOHsojuV9bQq6TyCqYq6WibKQEJSEACEpBA9RGYPHlyuuKKK8IdD1HUrVu3tMgiiyTmZHr//fcT+7t06ZK23XbbhAWqHFz0CHNOoq4ErsifR40alR577LGYuLZHjx7RRgRhFk6Rccofg0FkEq6bSkDB1FRS5pOABCQgAQlIQAJlSODDDz9Md9xxR0TKQywQTpxt48ePT+PGjQvhceGFF4Zlhuh5RU4IJNwIv//++/T555+H5QyLGeKpdgAL5mVCGC633HIx8S5t7dixY1jUykEYFrkfqq1uCqZq63HbKwEJSEACEpBA1RBAXJC+/fbbmMD2hx9+CMFBEAisL6+88kq6++6704ABA1Lfvn1/MsapSKBoC+1ANDFeiYh4ffr0CUGEECy1HJEXixP5F1tssdh3++23R96lllqq7N0Pi9Qv1VAXBVM19LJtlIAEJCABCUigKgkgLnBhw/qCVSULKEJws+/FF19MZ599dszPtMEGGxRaMFHfCRMmpEmTJqUnnngi3Xfffemggw5Ka665Zk37aBcptzl/pu3XXntt+vLLL9P2228fVracNw7wjwQaIKBgagCOuyQgAQlIQAISkEAlEMhCCdFBwrqEi9oll1ySmNyWqHIrrLDCVFaaorWbNiB4Ro8enW6++ea0zDLLpG222SYCVrCvPgGEeGLBBRGRtdFGG8VYLt3yitbDxa2Pgqm4fWPNJCABCUhAAhKQQKsJlFpbEEy45T3//PPplltuSW+++WaE4t50001T+/btCy2YAEHdhwwZkm688cZ0wAEHhEteY9H9aD/HYWX77LPPYgwT455MEmgqAQVTU0mZTwISkIAEJCABCRSQANYVFiZuRRzMMsssiZDhuK8xhofABwgEtpOyZenhhx9Ov/nNb9Khhx4akfKwuNQOnFCE5ub2UZdPPvkk3XPPPemLL75IO++8c+rcuXO9lqVcd47HokZCXNVnicr5XUugNgEFU20ifpeABCQgAQlIQAJlQABR9PHHH4fVhKhxH3zwQQgkosJhSUFYjBkzJjEXE4KJ+ZYQRLjgvffeeyE2DjvssLThhhvGPoRE0QQTYgcRSN0Igf7kk0+GWx7jlhBLiLy6BBCWNPgQOp39Xbt2DesZ+RVNZfDjLlgVFUwF6xCrIwEJSEACEpCABJpCgChw5557bkSDw3o0ceLECNrAnEo9e/aMgA4IBvIhoBARCJA555wzrbXWWmn99ddPRIzjOwmxVETBlN3pEITXX399mmOOOdIee+xREx68LsFEOwlocc4550T48f333z/aCyei6dV1TFOYm6c6CSiYqrPfbbUEJCABCUhAAmVMAEHw2muvpRNPPDEEwGqrrRYud1hPll566QiIQPPyfEVYW0iID6xNCyywQIxZQjhQFgvWF5aiJepMvXAtRDTRRixGrBsSeP/617/SlVdeGcJps802S7///e9jEtvSNiqcitbbxayPgqmY/WKtJCABCUhAAhKQQIMEiBj31ltvJSab7dSpU43LHYIAS0pjYiALpZwvrxs86XTeSR2xjGUXOwRSu3btamrRUJ3hw+S2zNmEuCKqHm59c889dzCjEFiVCqiagv0ggRICCqYSGH6UgAQkIAEJSEAC5UAAIUEiqMNLL72UPvzww7T66quH5QgRgbBoSEyUQxupI0IJQUOgCsYvYRnr3bt3TQCLprQjuyIyluuqq64Kd8RevXrVuCAqmJpCsbrzKJiqu/9tvQQkIAEJSEACZUggCyYi4V1wwQXpwQcfjDDbzEuUgzuUYbPqrDJtvO2229LQoUPTjjvumPr27dvgBLuwKRWL2ULFGK+TTjoprbTSSmm77barsVQxpskkgYYIKJgaouM+CUhAAhKQgAQkUFACCAECG/Tv3z8NHz489evXLw0YMCAttthiYZUpFQ0FbUKj1UL8PP744xG8gQlnCSXeoUOHqQQRhZCvdCl1tWN7HgdFhEAiCy6yyCIhmMjX0DioRitohqogoGCqim62kRKQgAQkIAEJVBoBRACC6YwzzogAECussEIiTDjuZoxrqgTBREjxsWPHptGjR0e75plnnjrbhShiriXyI4KwGpUKIfZnHiNHjkwdO3ZMc801V+QtzVdpvxHb0zYEFExtw9FSJCABCUhAAhKQwHQjgABAHBA2fMiQITG30qabbhrhxAn4UEljmBCGtJdUWwhl4EQDRDwypmvFFVeMwA5ZIOU8ec0EvySEFXl0yctkXNdHQMFUHxm3S0ACEpCABCQggYIRyMIBawpi6brrrkuDBw+OUOLHH398uOORpxwEU25LFja1v4Met0OEYU60C6FDYh+fEVTPP/98Ov3009M666yTdt111zTffPPVWJTysXlN8IdZZ501AkdwTiLomSTQEAEFU0N03CcBCUhAAhKQgAQKQgCBwAM+AoJw4ldffXV64IEH0qqrrpq23nrr1KdPn5hbieoWXTDldiCWslCi3nwuFUV5G2tSFld8RihhHWJS3lNOOSWsbIcffnjq0aNHbC/NS34S7B5++OGElWndddeNOakUTP+fjX/rJ6Bgqp+NeyQgAQlIQAISkEBhCCCYWLAu3XLLLenUU08NkfSnP/0pLEsICCwu2dWsLsFQ2pgsVBrLV3pMW3wuFX7UecyYMWneeeeNYA7UqT63u9rnRvyQHze8d955J8pgPiraTxl1tYtzP/roo+nCCy+MsV8Ef0CgmSTQEAEFU0N03CcBCUhAAhKQgAQKQqBUaDD30vnnn5+6deuWdtppp9S9e/dwLctiCTHx9ddfh7giAMRss81Wsx+RQVnjx49PX331VYQhZ9wT4chxVatLaLQVgm+++SbmVGJSWdJHH32U/vGPf6Rtt902EQUvW3uaImIYt8T8U7Slc+fOUXcEGPWHQ+0yaDehxXHdu/fee9Ptt9+ellxyyWna3rbiZjkzloCCacby9+wSkIAEJCABCUigSQR44GdBDGBlevrpp9Pf//73GK/DpLWLL754lIMIwk2N6HKIprnnnjstvPDCIQ6IDIfQQCzdc889iTmOunTpEuN51lxzzbT88suHuKIgzpNTtuZkMUU9ckKY5O15G2vyIGZyojwE0t13352GDRsWbaBuHL/bbrvFuclDWU0p79VXX42JaBGEe+yxR1pqqaVq6lxa91wPxBLueDfccENEycNCx0S4Jgk0RkDB1Bgh90tAAhKQgAQkIIECEkDsEOjhpptuijmFCCuOhYW5hhBFiJwcXhwBstZaa4U4wrrzwgsvpM8//zxxDOW8/fbbMfHtVlttleacc84QTVidSFlwIH4Qaogxjm3fvn240eV8tRFxfo7heI7LVqVPPvkkxB5iboMNNogxR9myVLuM0u+5HnmNWMQ6xZilAw88MC277LI/sSpxfBZtWJWuv/769Lvf/S4scu3atQsx2ZRzl9bDz9VHQMFUfX1uiyUgAQlIQAISqAACCJdLLrkkRAOWG0QR8xQxjqdnz54xb9GCCy4Ybmh33XVXWHW++OKLEDBYoxAZW2yxRQgsrDWLLrpo5KXcNdZYI80///w1lp5sYcJ69eSTT4bAwhpFwAlc+bJFCDGTP+djsCCNGjUqPfjggyFuOAaxkvMiaGq7z9XXPeSlXPJjQRs3blzUmzbncUuIRcpGCGFp4hjqhGULYbjvvvuG4ONYJvll/FSpRaq+c7u9egkomKq37225BCQgAQlIQAJlTACrDUIEAYNgQoQwlgnhwxr3uyxehg8fnp544olESG3EAeG3V1555RAVCA8ExkILLRRR9xAVO+ywQ1pkSkAEtudEWQgmJn7FwkR+xlAhTMhHfRijhMWp1OqEuHnjjTfSwIEDE66Dm2++eQg78lMm9WHJdW1IPCGWSJwPgZQT23NZWM8mT54c8zHNMccckSULLb5wHLwINvHuu++mjTfeONwamyPc8nldVwcBBVN19LOtlIAEJCABCUhAAlMRwNr02muvpWuuuSbEzgEHHBCWKcQHIgjhgoggZWvNVAVM+cL+LKqYF2rEiBExXgrBhmjK+zgOYcf8SAitLLII741ooRzEF6KP85aKodrnrOs752GhTX/+85+j/IMPPjhcEMnPPgQV58VtkfIZA3bMMceks846K1wTycO5s3Cr6zxuq04CCqbq7HdbLQEJSEACEpBAlRNg7BJucowFwuKyzTbbpD333DNc+rA6IS4WmWJlInIeAqO2kEBY4f5GWG8sTswNhQDD5Y7xROzjGAI7MF5p0KBBaZlllol9lIlweeyxx9KNN94YeQ877LCwCjHuqiWCiXMwTmnIkCExLxXjo4gOiBCijoizHAWQuhP04qqrrgrBtNxyy4Voq6udVf4zsflTCCiY/BlIQAISkIAEJCCBKiGAJQdhwYI4wHWN8OS33nprCCRCbiN0Bg8eHN8JkEBgiBw8ImOiHNz7EEgsWIkQJFiJCC7B/qeeeioESt++fWPsEGLm17/+derdu3eUjYUH6w7ugpMmTUqXXXZZiDaEWn1ueZRLKhVvfMay9Mgjj6Rrr702zoH4I3hFdtV75ZVX0jPPPFMz3gp3QNqIC+Fpp50WIk4LU+5d17UJKJhqE/G7BCQgAQlIQAISqFACCCSsOi+//HK4vxGx7vHHH0+M9VlxxRXTdtttl5577rkIv43IYH4kRBNudNnqg7DAOsT4KSbQRRgRKIIxU1iWNtxww7A4Yb3CwrPPPvskLFaIrtVWWy3c8hgLdeKJJ4bQIbT3P//5z5hMtlevXkG+LsHEeRFArBFJfKYefH7ooYfSxRdfnJZeeumEpYow6mxnIRFOHGGEsEOQ0V7CkO+4445pvfXWCyEVGf0jgToIKJjqgOImCUhAAhKQgAQkUIkECDl+0kknpZtvvjnEDFH0FpnidodwQEAgZBhHhAXquuuuS0OHDk3HHntswkqE+CEhVFhwwxs9enRE1kNMEakO9zuEE0EcsEAhaDp27BjjmSiXRHhx3AGfffbZxNxPHHvUUUfFhLIIHaxIHF87ZaHGdvIg+j7++OOoP1EAqTMuhQS9KBVcHIfVjIlqOSdR/Wj3pptuGsIqC8Ha5/O7BDIBBVMm4VoCEpCABCQgAQlUOAFc0O6777506aWXhmhBYGyyySYhNrDy4F7329/+Nq299trp0UcfTQMGDEgbbbRR6t+//1QBFBBCuOAhRAjugJjK1py8BmW2CmUBg6hBhJH69OkT8zi99957cZ5TTjklXPo4JuePjP/7w/YspiiHkOpYwXbZZZcQQFiqCKuOux0JSxLCK7vxUWeOQzCxj4Twq+tcsdM/EvgfAQWTPwUJSEACEpCABCRQRQQQCbjLPf/88zFxLOHFmYeJ4A+41h1++OFplVVWiXmbiDTHBLUXXnhhuNtlTAgvxBWudlh0sE4RUIGEAEHcZIGTBRRrzkm0PII/IJiwSH344YfpyCOPDJc5LEz1CSbKZh/lEMSBcrCY4ebHcZyXtr355pth3WJC2w4dOnBYnWVSFinXL774RwJ1EFAw1QHFTRKQgAQkIAEJSKASCSAoEAhYXRjPhMjAQoT1JQduwAKD2xzzNhFFjglq/zwlVDfCKCcECyLrnXfeSUsssUSMHcoR6LI7HefiPFngUD7jo5gslrFKnIdEhL7jjjsunXDCCWEpQsjkMvL5GltzTLYkYUEbNmxY6tevX1pyySXj/LrdNUbQ/Q0RUDA1RMd9EpCABCQgAQlIoIIIZBGDIMnuatlqg3hi0lci5mG5QeiwENkO0ZSj1+HWhoUpCxvWWXwRHAK3OMrmXCTKwOpz0003hVBab0qQhTzOif2MdSLC3a9+9auwOLGN4xFxRL/DxY7xTwRqoKy6EnXAPZB6MD5q/PjxIb46d+4cwSYUTHVRc1tTCSiYmkrKfBKQgAQkIAEJSKDMCWCFKRU6fM4iBJFCmG9c89ZZZ50IyIAlCXGEGGHNWCVc6CZOnBiCBlFDYs2ktLvuumu4yBERj8RxjHUiP/M0YfHp2rVrWLayCx2CCBGG61+uC2uCSjDeiWM5Dtc7RFvOEyco+UNdCV2OxYp2kXfjjTcO4ZTHLJVk96MEmkxAwdRkVGaUgAQkIAEJSEAC5U2gVCBhAULMsEaEMBcSwR0eeOCB1LNnzxA2WHgQLORDFCGEsCARPhwBxRgmRFT37t1jWX311cPljm0cS1AGrFXMvbTIlGh8WHoQZtSDlAUc27MQYh8L46kIgY4FinDhlIHIYqmdyE9ZV155ZQi+HCadkOjUTcFUm5jfm0NAwdQcWuaVgAQkIAEJSEACFUIAQcJkrszFhFhB3BCem/Dg601xmyOQQhY4NBlRgvBgOyKEhChCwGAdev3112MSWsQSggVL1IsvvhjCa++9947AEIgvhBnii7KwNjH2KVukKBMBh6jCve7tt9+OsVWUz1gpIuHV5V6HWOIYznfggQeGaDvggANi0l3GaLGYJNBSAgqmlpLzOAlIQAISkIAEJFDGBAjnzWSv//rXv8IKhCWIMT8EeFhrrbXSnHPOOZU1B8GEKEHc8DmH70b8IL4uu+yyCFlOwAj2rzdFdBEJD2vU4osvHqSwAGGVwmKFhYoofIyP4hgWtlEWggw3vQsuuCCi4SHoCH+OGELQkRBJpVYphBvueIQZJ8AE9aEdbK9LZEUh/pFAEwgomJoAySwSkIAEJCABCUig0gggTsaMGRMR5R5//PGwDiFAmIcJcdKtW7cQGgiX7LYHA8YKYT364IMPQrQw1oigDggpJqnFhY6Q44wf2nLLLUPgILSwRl1zzTVp3nnnjaAPHEM4cqLmEfSB70xEi2BiIlssSoMHD47IeoQQX3HFFdPZZ58dYgqxlOuEOEMQUSfGMJGHbVdccUW48WHJqsuNr9L60/ZMOwIKpmnH1pIlIAEJSEACEpBAYQkgKhBICCdED+Jp4MCBIZyOOOKIEE1sJ3w4IiaLDiLQIWBw5SNRDqKHYxA1iBkmwX3ppZdiAlysPMy3hEVq3LhxEU6c8+ICiKhBSBEQgmMRU4yR2mmnndKoUaPCdY/t99xzTwi1gw46KNz/EHFfffVVnJs6YB279tpro16EKydoBZPy4sLHuXLdyWuSQHMJKJiaS8z8EpCABCQgAQlIoAIIIHQQNyQsQLjJnXLKKen6669Pu+++e4xDevjhh9Po0aNjnBF5ECm44DEh7JprrhniBYHCvEoEZeAz5eIad+yxx4YV6g9/+EMIJyxQI0eOTCNGjEhvvPFGzPPEGCosVgglJsdlriesRQgoBBDudZtttlkIoZdffjn17ds36kL4cwQXifowIS7l77DDDmmNNdYIoUTocsQSScEUGPzTQgIKphaC8zAJSEACEpCABCRQ7gQQNySEBfMXIXJwg0O0YBEieAOR75gjCUGC2EF8rLrqqhFQIc+NRFAFXN+wVmEZQsBcfvnlEQhiwIABiaAP888/f1iUGDfFhLdYiTjvggsuGMcus8wyYV3ivLj0MY7pvPPOi4AN55xzTho0aFAiD4njccljwUKF6EKYcR7EVxZKtC9/jgP9I4EWEFAwtQCah0hAAhKQgAQkIIFKI4BQYd4jxjPhhocwwmKz9tprhwjBwsS8SiTEE9/JUypICCRxyy23RDhwRA3jirAQHXPMMREaHAvWpZdeGpHyKIsgE4ccckiIqfPPPz8sS5RLWPPDDz88bb755mH5YtLbO+64oyYqH5H6tt1226jD008/HVat3/zmN2m55ZaLOlEGi0kCbUFAwdQWFC1DAhJoFQHfALYKnwdLQAISaBMCWGtw0UM4YW1CCGGtwXpUaonic75ukwdhkkUTlh4CN+SQ4IQpJwgEYoYgEogltuVIeliocO0rDfyAGEI8rbvuumF5onGUy5ipbJVinBPR8jgv+6gP4ckRcHxmrWBqk5+FhUwhoGDyZyABCUxTAtx8uZnh987Ni4G/+YaWb7r5xlv7TeW0rBjnzL77+YY/Lc9n2RKQgASKToDrIilfk0s/522sWbJI4jMpC6b8nTXXWMTSQw89FGOQmKeJsUvMw8T+0ms+x2fBRpCHu+++O3Xp0iXyxQn+dw6Oy+fK2/Oa7ezPeerLl/O7lkBTCSiYmkrKfBKQQLMJcLPkTSPuEgzWZU4PXDsIFYs7Bzez0reA+MxPrzeC1I0l31Cph0kCEpCABNqOANdYEsEkmE/pkksuiTmY2J6v/bWv+Vi3VlhhhQgPToS7LH7arlaWJIHmE1AwNZ+ZR0hAAk0kgMsFg3T/PGUSRCYRJHrSaqutFqFqcaVANBERiQkNiWaEYJqeKb+J5Jy1b9rTsx6eSwISkEAlEuAaSwQ7ru0PPPBAOuGEExLR7djG/QB3P8KBI5KIuocbHx4JCCbCkjO+ScFUib+M8muTgqn8+swaS6AQBPKNkBsfbwtLBQefuUFyIyQaEtGNiJyUE/7w7GdZeeWVY+b2bbbZpsbak/O5loAEJCCB8iXAfSLfH4YMGZL+POXlGS553A+IvEdAh4suuigxrxOCiZdsWKN4sXbnnXdGaHDc9PQAKN/fQKXUXMFUKT1pOyQwHQlwA2RAMDc+BuFyUywVTLPNNlv4njPh4XXXXZduvvnmuEGSB7HE8dwESe3atYsoTOeee26Er52OzfBUEpCABCQwDQlwreelGuHGGZOEYEIcMQkukfHWW2+99Lvf/S7maiIvCc+DrbbaKtz3EFFsVzBNw06y6CYRUDA1CZOZJCCBUgK8AWRc0mmnnRYzuRMaNg+2ZU1gh6WWWipudISmRVRx0yMaEpGNEFvcRMmLlYlxTQimPL9G6bn8LAEJSEAC5UmA634WPIxf4jo/bty42Lb99tuHkMKSROQ77iu8fENcMTktczjhspctTHm8aXmSsNblTkDBVO49aP0lMJ0JcFMjwtGzzz4bg3iZryMLJqrCTS3f2LIVie1Yl5i0kIAPTGiIz3q2TOF+cdJJJ6WVVlop8rGdhcTbRhaO58ZbasmKDP6RgAQkIIFCEuCaTeK6fcYZZ6QLL7wwvf/++/HyrGvXrhEUiPGs7GeyW16k8RJt/fXXT9dff30IJo7XwgQF04wkoGCakfQ9twTKiAA3PoTS22+/Hdal5557LgbvjhkzpuYNIkIJ6xIDdSdOnBiuFxyXb5oIH258peOZ2EYkpI033jhmjs+CiGPIy02ViQjzTZVzePMsox+OVZWABKqWANfx/GLs/vvvT3/961/TsGHD4pq/zjrrpOHDh6eFFlooXLUJCsG9ATftAw88MB177LHxmWs+IsokgRlJQME0I+l7bgmUEQGiFz3yyCPpsssuS0899VSIJ25kWeBkIbP88sun3XffPT3xxBPhs471qdTSVNrkfAxrbqzZkkQetjHeickMt9hii7TllluGyx43Ts7JfpMEJCABCRSXANd1rEa85OJegBBiLBOu2QglXrgxTxP7CfhAfq77THJ75plnRvRUBJeCqbh9XC01UzBVS0/bTgm0kgADdZmh/ZRTTgl3OsQNNzeWnLix9ezZM+27774hqpjNnTeG2b0u58trbpIInyx+cNOrK3Xs2DFE2B//+MeIpEQerUx1kXKbBCQggeIQ4GUZ9wiu8XgoHHzwwemZZ54JjwK8B/jMyzVCiXOfYEEw7bzzzunss89O7du3j21e74vTp9VaEwVTtfa87ZZAMwnw9m/w4MEx1mjEiBFh5ck3uCyIsPwgpHDJ++KLLyISEqdpyMLEfo7nhsiNNZeVhRTfCRbRr1+/dOqpp8Y4KLZlkcXxJglIQAISKB6B/EKNewNu3P379w+3bgI+9OjRI7bddtttEfAhvzBjgvM//elPIa6IuFrqxVC8FlqjaiGgYKqWnradEmglAUTPO++8k84777x01VVXhXtFfUII8YMf+qyzzhrCiUARrUkIMELQcrMlghJJwdQaoh4rAQlIYNoTKH0BxkS0J554YuKFG+55vFzjOp7dtnMgIF6QDRgwIB122GEJ8WSSQBEIKJiK0AvWQQJlQoB5lXgb+Je//CUiHdVX7bnmmiv16tUrrbjiiulf//pXevnll+OmWF/+xrYTFIK5Oo4++uia8Uv5rWNjx7pfAhKQgARmDIFSwTRo0KCYyJwXarhq43qHW95HH30Ulia8EhBNCqYZ01eetWECCqaG+bhXAhL4HwFufLwJZP4lXOOGDh0aN7e6ABEpb5tttolxR4QdJ5QsA3t5m5hdNOo6rnQbeVk4L+HI999//4ialH3Z2WeSgAQkIIHiEsjjl7hen3POOQkr09577x1RT7lP5MAPV199dUw38frrr4eQ4uUYXgVamIrbt9VWMwVTtfW47ZVACwkgXLj5MXD39ttvj5vfW2+9VWdpuM1hFSJsLDdKwslyHAk3vvzWsc6Dp2zkGIQRayxJK6ywQrhoMPt73sbaJAEJSEACxSXA9Z5rOfeOQw89NN13330xee0mm2wSLnlYmrAw8TKOKKzHH398jGfKY5gUTMXt22qrmYKp2nrc9kqgFQSy2GEsEyFfr7jiip+UlgUNO7hJInjyDZPP2U/9JwfW2kAYWcpipndCzB5xxBEhwhBblKNgqgXMrxKQgAQKRoB7Btdr3LmJkMeE50S/QzDhksd8fcztt+yyy8YktnvttVcaOXJkjHXaddddYyxswZpkdaqUgIKpSjveZkuguQSyhYnjcK8bOHBgOvnkk2vmxyjdXzpnRrYmcdPkc76BUk7+zufaCZHFDXXttddOhBNnnctgbZKABCQggWITyC/NEEEEcfj6668j0uoaa6wRL9IICEQQCLYTNe+ee+4J7wVeyK233nphhSp2C61dtRBQMFVLT9tOCbSSQBZE3ADHjh0bFiYmsc2WIIpnH6m2lSk2TvlDGSz5GMQTkxrWlXDrW3LJJeOtJBYmBgKbJCABCUigfAiUCia8BHjZdeyxx6aVVlopIp5+9dVXYU169dVXIyAEk6Kz/6ijjkq//e1vtTCVT1dXfE0VTBXfxTZQAm1DIAsmfM7xQyfwA2OYspDhDSE3P26IzJ3BwndEESHGmdkdf/TPPvssffLJJ+Gaxz6WuhL5d9lll4iMRyQlzq8bXl2k3CYBCUigmASyYHrppZfSkUcemT799NN02mmnhfUIDwKu/3/729/SJZdcku688850+eWXpxtvvDH9/ve/jzFPjmEqZr9WY60UTNXY67ZZAi0gkAUToV+vv/76uMERjGGZZZYJMTN69OjwT8ddD4FDwAc+c4Ps1q1bWnXVVWNC2xdeeCHdfPPN4bdONUqtUpyDBdG1+OKLxw123333rXHjUzC1oOM8RAISkMAMIpAFE5PW/uEPf0jcJ84666y0+eabh8s1rtfDhw+PfYxtuuiii9I//vGPmHOPIBEKphnUcZ72JwQUTD9B4gYJSKA+AogZLEmEfh01alRabrnlQhyRH8sRYgjr05gxY2JQL/MwcYNkYO+iiy6axo8fH6FjGfj73nvvhcWIMnHRwwrFzXP22WdPhJtdeeWV0wEHHJBWWWWVGhGlYKqvZ9wuAQlIoHgEuL6TuCccc8wx6aGHHgpxtMcee4TXAdd07guHH354jIllDNMZZ5wR450QTNmDoXgts0bVRkDBVG09bnsl0AoCuE/wxjCvmakdaxA3PbYxHunNN99Ml156aUxYu8gii4SVady4cZEvu+3lSHncTImChyhaYoklQjRhWcJCteCCC4ZlinOQDzHFuUwSkIAEJFAeBLgvkLg3XHPNNWFdIhIeC9d+rulMbI716dxzz0033HBDunrKnEynn3566tevX7h2l0dLrWWlE1AwVXoP2z4JtBEBRAtiiTULKVt88jbWL774YoSNHTx4cIgo8rGdGyc3Rz4jfkgEdujTp08M+kUosZ+xT7WFGHk5Jp+P7yYJSEACEig2AYQS13y8CJj0HCvTlltuGVNFME6V6/orr7wSFqUtttgi3PGwRp133nlpu+22S7POOmuxG2jtqoaAgqlqutqGSqD1BLjxsSBcsm86pfKZGyNBIJjNHbeKL7/8MvKxnZslaxLHkxBHbO/Zs2fcLDfYYIOYZ4mySJyDm2nOr1gKLP6RgAQkUDYEsjcC1/qPP/44xibhbk1An06dOsV94I477ggLE27Z77//flzz88S1uuSVTVdXfEUVTBXfxTaw0gkgKLLlZ0ZZYTg/s7UTZvzKK68MIYSLHYlxTUxaSOLmmQUQ37EwYU3C/W6rrbaKMLKLLbZYCCUEFe0xSUACEpBAeRLI9yau56+99lqMVVpttdVifCqu1yTmZyLwA4EgBg0aFAGBEEyMYVUwlWe/V2KtFUyV2Ku2qaoIcEPKfuK8xZsRlhjGJDF/Bjc5JiJk/oyNNtooEVGPyEdYnMhDypYmbqAEd5h//vmj/mwnkt5BBx0UExjmsUusCT9LfpMEJCABCZQPAe5PLLz8GjJkSExCzr2BgA4IJu5XjGeaMGFCWJ0Y54RbN9NW7Lrrrs7DVD5dXfE1VTBVfBfbwEomgLUmL7QTUTEjBBMiaejQoTFQd5tttkm77bZbat++fYikRx99NNwt3njjjahbri++6etNmcn94IMPTpMnT47oepSx9NJLp7XXXjvEFHk7dOgQbnvdu3eP8U1sm1HtrOTfkm2TgAQk0NYESgXT/fffH/PqbbjhhumQQw5JXbp0CSFFkAderK211lphhWISWyYrP+mkk+L6zzV/RtzX2pqF5ZU3AQVTefeftZdAIQhgPXriiSfSmWeemRi4i4Upu1KMHTs2gjoQ/YjEm0asSViOtt5665h3A8sYguree++NkOXM3cSkt4yDYh4OBNSee+4ZliduwNw8tTgVouuthAQkIIF6CWTBxPWaqSiOPfbYmGOP+fVwxeZa/u6776bjjjsuoqIilnhxxpQUt956a4gqPCh0z64XsTumEwEF03QC7WkkUMkEeAPI3Ey4URAq9uijj45Jamnzhx9+GPNqIJh69OgRA32JisSktssvv3waOHBgzOeEiGJBJE2aNCl98MEHMektN1REE8EhuMFqYarkX5Jtk4AEKolADvqQLUR///vf04gRI8KCxPWfl2WMbTrxxBNjjj7uC+Tdb7/90gknnBAv3hBbviCrpF9FebZFwVSe/WatJVAoAogYLEl/+9vfwnL0+9//vkYwMQcT7hYPPPBATEzIgN/HH388wsfyxpH5N3beeeeacVjcGLlhUiZLTrypzGIp58n7XEtAAhKQQPEIZAsTNUMc4X531llnRUAHxigx4TmT1pKY3JyxsNwzmLz217/+dQglrvcca5LAjCSgYJqR9D23BCqEADfFt99+O1188cVx02MME3NskIiQd+ONN6brr78+LFD4qZP/+eefj4kKceHbfffdQzBxY8wiCdGU30pmTOyrvS3vcy0BCUhAAsUmcN1114U1af/99w8rE/eG0047LV1xxRWJsU2Mc2JqClywt99++5iHiWu+LnnF7tdqqJ2CqRp62TZKYBoTYAzTsGHDYib3TTfdNLHkCQe///779OCDD6ZTTjklDRgwIPXt2zcE0+jRoxM3T4I8ILD0U5/GnWTxEpCABGYwgauuuiqmniDYzxprrJEQTrhz33LLLREllfFMRx55ZLxwO/nkk2Nuvnxv8GXZDO68Kj+9gqnKfwA2XwJtQQBRxKS1b775ZsLlbqGFFqopln333Xdfwk2PYBB//OMfw4qE3/q1114bAmrjjTcOEcVB3BxZsuCqKcgPEpCABCRQ1gQuv/zyCC9+4IEHxssyvAsQQggpxqiOHz8+IqcyzokgQAsvvHDcL7QwlXW3V0TlFUwV0Y02QgIzlgCucrjZ1TW2COsTFib81PFJZ3AvN8h33nknPfTQQ2m9KaHF8V3nWMKLMxaK/SuttJIDfWdst3p2CUhAAm1KIIcQx8JElFSi47333nvp0ksvDcHEfYQAQYyHveCCC8IKxf1AwdSm3WBhLSCgYGoBNA+RgASaToDId4QcZ1JbXPWwMCGimJwQv3XE0rLLLhsWJdwxyLvUUktFpD2tTE3nbE4JSEACRSeACGIic16grb/++mFtOv7440Mcrb766vHijdDiRx11VNpnn31Sv379nLi86J1aJfVTMFVJR9tMCUxrAliZWLAUlSbc655++un017/+Na288srhlofbxT//+c8IEoGgIkAE4ggLE28ScdNgvo655567tCg/S0ACEpBAmRLgXoAQInQ4LtpMFUFUPAI8ML0E3gYEA8Jd++GHH05HHHFEQkRxT6h9XylTBFa7jAkomMq486y6BNqKAG4QJG5K2b0ONwiW0sQND4FDfvLxncQks99++20c365du5g3aaaZZqq5yRFBj7mZcL3AykSACG6MEydOjDyUw7kQSKuuumrcKDfbbLPSU/tZAhKQgATKmAD3CF6G8ZoDRC8AADPjSURBVGLsL3/5S1pmmWUifPiVV14ZUVRXWWWVEFRMWNu1a9d02223xSS3NLn2vaiMMVj1MiWgYCrTjrPaEmhLAoggEq5yX3/9dZptttmm8hlnP+Lmk08+iclkCRXONvIinJg3g8lmEVwLLLBAzNK+2GKLxSzts8wySyIiHr7qY8aMSb/61a/iDSIueZ9++mncCJljo1OnThEwYocddohAEDPPPLM3ybbsZMuSgAQkMAMJEABo7733DndsQokTIIgXac8991wIJoIFHXLIIYmJzXnhdtlll8W9hHuM8zDNwI7z1EFAweQPQQISCKGE1YgxRLjPdezYMWZYBw03qwkTJqSXXnopvfHGG2ElQjiR/5tvvok1bwyzlQoLE64WuFIwqBeL0csvvxyztuOSR9AHAj7w9pCgD9xEu3fvnnr16pU22WSTtNxyy0WPYHVyoK8/TglIQAKVQYAXckxUftddd4VQYnzSo48+mk4//fRwz8YCdcwxx6Q+ffqkoUOHhvv2TjvtlLinKJgq4zdQzq1QMJVz71l3CbQRAcQJy/DhwyM6EWOMuEFxgyPhcz5q1KgQSPWdkvyIKxLiafbZZ0/bbrttzL30yCOPpLPPPjvmW2KAL3mxUuGWh+giyEO3bt1icC/HZxc9/dahYZKABCRQGQR4YUZEPII+7LXXXmnkyJER3IFgEC+88ELcf5iz77zzzouXdmxnrj7uGbrlVcZvoFxboWAq156z3hJoQwIIHG5GX3zxRViYiGKEVYgxR7jiZdc7LD5ZFNV1evZRDgufe/fuHRPWUt4//vGPuEHimtfQIN5cRl7XdR63SUACEpBAeRHAjZtADngXYEnaZZddwp37mmuuCdHE9r///e8RURVRRSCgc889N7wPEEwmCcxIAgqmGUnfc0uggAQQT4xHwo8cixPWIUJ9f/nllz+pLaKGpXbCMsSCm91JJ50UExDeeeedMSEhbxZ1tatNzO8SkIAEKpsA7tf7779/vJTjvoALNmOVcOlm3CwTmd9xxx3hzn3LLbeESzfTULRv3957RmX/NMqidQqmsugmKymB6UcAdzgSogbLEmOaeAPIzOtZ6GBB4uaH697HH39cEy0vW5cQSwgpxiNxYxwyZEhMXot1aeedd64pZ/q1yjNJQAISkMCMJMDLONzt8DYgvPhWW20Vbne4ZePR8Nlnn8XC2FbuGQSEYC4mAgAhrEwSmJEEFEwzkr7nlkABCZRajRBAuFEQBY9AD6VjinDfu//++yO60YcfflgzKJdjuDGSllxyybTvvvumwYMHR0CJE044IdwwsvAqYPOtkgQkIAEJTCMCWJFOPfXUuC8QYrxDhw7p9ddfT+ecc05ifGvnzp3TWWedlc4///z4vscee4RrnveMadQhFttkAgqmJqMyowQkUEoACxOR8xiUy9tABBRiK1uZyDvHHHOkhRdeOMQS4cYJ/LDxxhtrYSoF6WcJSEACVULgiiuuSIMGDQrXvPXXXz/E0NixY9Njjz2Wfv3rX0dEPPJgiTr44INjqT3NRZWgspkFI6BgKliHWB0JlAsBxBEue7hS3HzzzTHe6aOPPgr3PAbr8qYQEfXmm29GJLwVVlghxBVzb5RaqsqlvdZTAhKQgARaToB7xhlnnBHz8TGWqUePHjUBgngBR2RVPBruu+++dOONN4bLHtNSIJh44Wbgh5az98jWE1AwtZ6hJUigKglkaxI3OsYxsTCPEwN455xzzrToooumDz74IA0cODDGQa2zzjohmBZZZJG4SVYlNBstAQlIoEoJMD6WKHnPPvtshBXv27dviCTc7fBM4J6COzdTTjCpOfcPIqx27do1XPgI/mCSwIwioGCaUeQ9rwQqjAA3O94OclPEgsQgXSLrMcCXuTd+9atfhZ/63HPPXWEttzkSkIAEJNAYAcTQySefnC655JK07rrrJoIAMQdfDhKEaMrpu+++S5dddlm64YYbEuOYdt1115rJ1HMe1xKYngQUTNOTtueSQBURQDghop566qnUv3//tP3226dDDz00JqctvTFWERKbKgEJSKCqCVx88cXhlrfMMstE8Aciqdbloo1gYloLAg716dMnzTfffHomVPUvZ8Y3XsE04/vAGkig4gjkKHnc9O6+++4I9oArRr9+/ZyxveJ62wZJQAISaBoBJqK98sorw2K055571iuEeOHGQiKsuEkCM5qAgmlG94Dnl0AFEkAwYV2aOHFiYsb2u+66K/31r38NtzwG7mphqsBOt0kSkIAEGiEwdOjQ9Oijj6Ytt9wyEQjI+ZUaAebuwhBQMBWmK6yIBCqHQH4zOGHChHTRRRdF0AfCjy+22GLhfqFgqpy+tiUSkIAEmkqAyKpETyUwENFUnV+pqeTMN6MJKJhmdA94fglUGIEc/IFmjR49OubTIOrRhRdemLp06VLT2qaIJsqqna+ubTWF+kECEpCABApJgGt36UIlDRVeyK6yUnUQUDDVAcVNEpBAywlwQ8Qlj3DjDzzwQPrzn/+cmKDwhBNOiLeKeXwT+Rjj9NVXX8UbR86IOGrXrl2aa665Yh9R9sgzyyyzJKLr8VaSPAwSri2kWl5jj5SABCQggelBgOt+afI6XkrDz0UmoGAqcu9YNwmUIYEsmJiPickHmYeJGdv32WefcL9AMH322WcxeeHrr78e69deey3ePOKe0a1bt7T00ktHnpEjR6bx48enjh07ptVXXz383omWxFvJuiIrlSEuqywBCUhAAhKQQMEJKJgK3kFWTwLlSIAxTFiObrrppnTeeeeFWNpkk01CBBEI4sUXX0xDhgxJr776as3cTbSTt41ZDOUoSQgwtuPOx+zwe++9d5p//vnLEYt1loAEJCABCUigDAkomMqw06yyBIpMAIGTBROTDp555pkxOSFudm+99VZEzvv222/DbQ9rE5+Z8BZRxPc8CJhtfM8uG7jlrbrqqunAAw9Mq6yySlid5phjDt3zivxjsG4SkIAEJCCBCiCgYKqATrQJEigSAQTTf/7zn/TRRx+lc845Jw0aNCgsQoSPZR9jkXr06BGWJMYnjRkzJn366afRBNYff/xxiCjEUo62h/sdQooyFlpoodSrV6+00UYbxbLAAgvUiKwicbAuEpCABCQgAQlUBgEFU2X0o62QQKEIIHSefvrpNGDAgBiTdPjhh6cOHTpEHQklu+CCC4Z4Qlghkoiix+cXXngh3XHHHemZZ55JkyZNCgsTB+Gmx5JFFMIL4XTIIYek3XffPXXq1KlQ7bcyEpCABCQgAQlUDgEFU+X0pS2RQGEIIJjeeOONdPPNN6cVV1wxbbXVVhHpLlcQdzsS7nbZBY/vRNZ7+eWX0+WXX57uvffesDYhkhBIOchDdt1jzcSHZ5xxRlp33XWnKoeyTBKQgAQkIAEJSKAtCCiY2oKiZUhAAlMRyG55TFKIZYhQ4VnwTJWx1pdsQWL+pttvvz0xK/y4ceNi3BNl4cJHHsQS5yAQxLHHHpt22WWXOEet4vwqAQlIQAISkIAEWk1AwdRqhBYgAQnUJpCFDyKJBYHTWEIAYZnKeXHRQzgNHz48jRgxIn3wwQcx3umTTz6JfLjy4eaHYNphhx0UTI0Bdr8EJCABCUhAAi0ioGBqETYPkoAEGiKA8EEAsSCYSt3u6juOvNn9jjXH5OP4zpgm5msaO3ZsRNVjnBMiivFRG2ywQQSEqK9st0tAAhKQgAQkIIGWElAwtZScx0lAAvUSQPzklC1G+XtDa46rnb+ubQgyhNNzzz2X1lhjjbTIIos0VKz7JCABCUhAAhKQQIsJKJhajM4DJSCBGUEgW6IQTZMnT45gErPNNluTxkjNiPp6TglIQAISkIAEypuAgqm8+8/aS6DqCOCel6PszTzzzFXXfhssAQlIQAISkMD0JaBgmr68PZsEJNAGBPJYJ9z38tIGxVqEBCQgAQlIQAIS+AkBBdNPkLhBAhKQgAQkIAEJSEACEpDA/yegYPKXIAEJSEACEpCABCQgAQlIoB4CCqZ6wLhZAhKQgAQkIAEJSEACEpCAgsnfgAQkIAEJSEACEpCABCQggXoIKJjqAeNmCUhAAhKQgAQkIAEJSEACCiZ/AxKQgAQkIAEJSEACEpCABOohoGCqB4ybJSABCUhAAhKQgAQkIAEJKJj8DUhAAhKQgAQkIAEJSEACEqiHgIKpHjBuloAEJCABCUhAAhKQgAQkoGDyNyABCUhAAhKQgAQkIAEJSKAeAgqmesC4WQISkIAEJCABCUhAAhKQgILJ34AEJCABCUhAAhKQgAQkIIF6CCiY6gHjZglIQAISkIAEJCABCUhAAgomfwMSkIAEJCABCUhAAhKQgATqIaBgqgeMmyUgAQlIQAISkIAEJCABCSiY/A1IQAISkIAEJCABCUhAAhKoh4CCqR4wbpaABCQgAQlIQAISkIAEJKBg8jcgAQlIQAISkIAEJCABCUigHgIKpnrAuFkCEpCABCQgAQlIQAISkICCyd+ABCQgAQlIQAISkIAEJCCBeggomOoB42YJSEACEpCABCQgAQlIQAIKJn8DEpCABCQgAQlIQAISkIAE6iGgYKoHjJslIAEJSEACEpCABCQgAQkomPwNSEACEpCABCQgAQlIQAISqIeAgqkeMG6WgAQkIAEJSEACEpCABCSgYPI3IAEJSEACEpCABCQgAQlIoB4CCqZ6wLhZAhKQgAQkIAEJSEACEpCAgsnfgAQkIAEJSEACEpCABCQggXoIKJjqAeNmCUhAAhKQgAQkIAEJSEACCiZ/AxKQgAQkIAEJSEACEpCABOohoGCqB4ybJSABCUhAAhKQgAQkIAEJKJj8DUhAAhKQgAQkIAEJSEACEqiHgIKpHjBuloAEJCABCUhAAhKQgAQkoGDyNyABCUhAAhKQgAQkIAEJSKAeAgqmesC4WQISkIAEJCABCUhAAhKQgILJ34AEJCABCUhAAhKQgAQkIIF6CCiY6gHjZglIQAISkIAEJCABCUhAAgomfwMSkIAEJCABCUhAAhKQgATqIaBgqgeMmyUgAQlIQAISkIAEJCABCSiY/A1IQAISkIAEJCABCUhAAhKoh4CCqR4wbpaABCQgAQlIQAISkIAEJKBg8jcgAQlIQAISKHMCP/74Y7SA9c9+9rNYGmsSefNxHEPK2/j+85//vLEimrw/l8u6rctuciWamTGzyXXPXDOrZhbX5Oz5fPmA/P0Xv/jFVP3D/tK6lH7Ox7qWgATahoCCqW04WooEJCABCUhghhDID/b//e9/EwtCh4frxhJ5/+///i/yZ3HE97ztl7/85VQP5I2V19D+XLfS+hX5AT+LFNbwYA0j6gzbaVl3GP3www/Rl7kPOH9d5yzdxufS7w31h/skIIHmEVAwNY+XuSUgAQlIQAKFIpCFTxY6PNA3JpiyIODB/IsvvkhffvllmnnmmVP79u1jzYN3WwqDLDw4H2mmmWZqtI4zEnLmw5o6syBeYIJwygJzWtQxi1bK/uabb9JHH32U3nrrrfTVV1+lWWaZJS2yyCJpzjnnDHFE/eirOeaYI3Xo0CH6blrUyTIlUO0EKlowcSEhcTHJF7+GLnKl+af1DyPXh/PkN275zVDex/eG6jut69jS8mkPbaDuuU0tLcvjJNBcAqX/x3z+z3/+k77//vt4kOCBMCe2ffvtt/EQNNtss1Xlb7WUVeYCLx7MJk6cmOaee+40zzzzTNfrEHVi4drh9SP3St1r+urf//53Gjt2bHrvvfdSly5d0vLLL59mn332RsUID+Xjxo1Lb775Zho+fHh6++23U7t27dLqq6+e1l577dS5c+c273d+U4888kj8vtZdd9200EILNVrPulvetlvr+j/gDPCF66uvvpq+/vrr1KdPn2DMva0txWTt1uR76Oeff54GDRqUnnjiiTRhwoRYuGYtvPDCIZjycQi51VZbLfXr1y916tQpb3YtAQm0IYGKFEzcCEjcbPk8efLkuEDz9qWhByMuUiTeJPHAwHeOYd3WD//Uiwe2UaNGxQ2LGx3n4sLHBZq3fcsuu2xafPHFy+qhgZvKyy+/nD777LO0yiqrpI4dO5ZV/eMH4J+yJpDfYPNbHDlyZCz8Htdff/34n6Jx/H89//zz6cknn4yHtk033TQtsMACZd3ullQeVjwscn1j/fHHH6dhw4all156KX3yySeJh9qtttoqrpstKb8lx4wfPz7OPd988yUW6mb6KQHuIQilBx54IJYPP/wwbb311mnfffcNbj894v9vyQ/j9PWdd96ZxowZEw/fiCau3d26dUsHHXRQ2nzzzdu036kv5zj22GND5A0YMCDxf4e4m5Ep88givdQyx7PDFVdckW699db4Hf7lL38JQZmtY9NK0FMX6nXHHXeks846K7377rvRr/T3P//5z7AI8vKH/1+WWWedNe26667Blv4zSUACbU+gYgUTb4Y+/fTT9M4776THHnssxAk3Ad6a1XeRw/TNG7BXXnklPfPMM6lr165pzz33rHmTVN9xLekWLnKcb/Dgwemaa66Jt99zzTVXnIsbH+b1/fbbL/Xt27clxc+QY7jAjx49Ov3xj3+MC/qhhx6atthiixlSF09anQTyww9rXkbwv/Xggw/Gw85xxx0XD/88jODiwr5LLrkk9e7dO7GPN/PVlGDEwoNsFkz8/95www3p9ttvT5MmTUr8Dx988MFTvc2eloyoz7333pueeuqptMkmm6S11lqrEBaIadnmlpbNPY57BbyuvfbaED6IJfosWxnqumfBmJd1Q4cOTRdeeGFaeeWV0z777JM++OCDdN9990W/c91eZ5112lww8QLjggsuiJeCBx54YLzE4CXmjEz8/mECT/4PshjiOoE1BwvPySefHC8zzznnnLTGGmtEHl5uTsvEC4v+/funu+66K3Xv3j1dfvnlcd064YQT4tlmzTXXjPvtiBEj4plm9913j3svVjuTBCTQ9gQqTjBxkctvsrj4I3xYeHt89913p0UXXbROilwsMbtzDG/sXnvttcQF6aabbgo3Bcqt6+ZTZ2FN2EgdOSc3EB4OEHVDhgyJumP232677eJmssQSSzR43lyvvG7CqeNNMvlye5pzbEPlc9OhPb/73e8SrgR/+tOf0vbbb9/QITX7qAMp16lmRwMfWlLv2ufJ3+s7d+k5Sj+XVqt0e+nn0jx8bmhf7bw5P+umMMll53Vd5ZVuIx+pOWWTP5ef12wj5e/8BkilVoG6zpXzR+aSP3l7PoZdpXXM+0sOmeoj5ycPa96g8798yy23xAPaKaeckn79619HfixMWFIef/zxsDDxYqIpFqZcr9I6TVWB/31prJ51HVO6LR+f13lf/p7XbOczD3ZcU3jR0ljKx/L2HJcsrMC43rGdbS+++GK6+uqr07PPPpuOPvrotOOOO8aDcz4ul9/Y9/ry5e211/QZb9LPO++8xEMgD/6bbbZZzW+p9vny8fVtz/sbW3N8aaqrb5tyjqbkKT1P/tzQcQ3ty/9riFyYPfTQQ4mHZkTTvPPOW+f/DeWReFl35ZVXxkP4HnvskQ477LCwVPA/w28Jyx6/pdL/41zflqw5L/VFqOH6hxthz549p/JAaKit9Z0zt6euPis9pr6yc7343+E5gcSLk/z/QPupKy9OcYnD2tOrV68QTC1lU19dOHfpPjhxL+UahSXupJNOSrxURSB/9913Yeni+nbppZdG3x1xxBEhfLNYLi2Lz7SRPsCCVmpF47w5/T/27t3FsmpbA3j9FyaCfRB8gaiBsYWvTBADUVG60UATQURNBBUNfCGKgoIGdUARETMjA2kDQRAMNTwt+IfM+/3GPV/ddfbdZXE8pxWamrB61V5rPsYcz2/MOffu6pTPbY+3/t4t5bl32ulfvxLJttXGc1inY9sZ223bz+pv+Vp6vN/WUe+snHHgz+bAFZcwYaDdG8Fe0iMB+uabbw7O5UuSHI37vsKgf/nll4Nvv/122jhnfeedd85Kqy9X/rdLHQHnwKFwipwjIPfqq68enD9//v85nl0a9LF1ZPqq81KX8+o4WwdpPKX124fP/6lTkih99913kzA5zvN7xwOMu72MjQZlS0fp9Ux9c/HM3+q3zTTc/LNtp86WX7ufO/Z2XF21j3bb8d3VbZ+loTSV732+rddn7XPfXT/bNv7WrvT1rm15sX2mbmlsX9txPXNVL7Ztt/QY19X3+vC5RR+K98AQAO57EABX9a911Ctd/lb6znPz6Dj/+/b//m271i/d2z68c+nDXRu7zFa07ZhImBxZaukur/q7iUb7qfz30dUxtu88K3+MX1o8b5/uW/pLj3v57e/2q642yvbe93wGf4f/3dFtvWmUf1rXc2OYl510fs7Rq5tuuumYbjtLn3zyycHnn38+R3wkmaXXvTTqc9uvsfqsPPDZmO74sa94z/86buTo02effTZA+rnnnptdDseNgLDqORrKW/11ru59bvzSoh3ekLdnAJtdhG1bz/sZGFVXUc9l/NaZF5t/jNv5lgaf/a1Needz33ve933uWduZR59r37E9U6fjee7oqd0HOyGS20cffXSANRI7Tuu3z7aRND322GMHTz311MzRDwrsymlLU9/1bgx99t66Phu78/CZHHzeBdTelS5tSrO7Ni3aerYtxvPMXRLob/JVt3xvH/28bV9+Ogb69ttvT3tH26699trxY/pyPB+PJJMSpttvv336pyPG3eVZ52Ic742vLproUuewO5/S6T2btgP42muvjZ1K0tjhjTfeeHDLLbccH9+3GyyRMs4bb7wx/o3/9VkxZ3zhB/lm8dkCibjsxz28V9eYEkNXaXWM+eqrr54jk/jTeu1XYmauEkn9q3/DDTccnAvGKq/5Eqd82LY5SeTNxUkfdczZzqaFmvLDwpU5oNsuG9+Ax3bO3JXycD6c/XPGgT+JA1dkwsQI6zztKlk98/0gqzG+LLmvMHyG6deCrEhrc3h4OEFoF0zta/9Hn9W5StasDnIw77///sF99913HIhOcg7a1skaXz3POLYGjPZfB+ZzwUCdpbbqe1en5dlJRb2TaNLG+OgqKDmpH3W2NKvX8d1b6sB9Lo3a+vskIONd65hn54c2V+euzvY9ejq2PtR177V972+0uetDUd9nRZvOZztu+59KJ/yjbYEbPuq//bXPjmEOnZOx1eu77efSWsCijb567SNFHXZRfgGe+tRGP4o6Ch12xNR31+zOonvbtz7QKjj6e/e9fr13b+m8Pd/Sr23rma/37tu/vQcQrMB++eWXc6zm/vvvb9dTdzsmWpX2Yzx/l+6OoZ7xle381NXGCj2e4ZUA78iRPlzlVXk3nfzzn7ZXB136AtbcjQNEAHDliTp05Oeff54dBkDIcVjvjam+oq26SvkIPPFzFmr4uttuu+2YVsDno48+Ovjqq68OXnzxxfFFaACy9cUfdv7GUtCObnMGjNT1zkp96VavdPi7RVu6I1GSMPlOzbmArsP43+uuu25oA7I8/zXAq99F9WMUQB+QB7ShzWdHqa3E6xf/rNRbPFMHjb4X6hjmVVdddSxrbfHSbo3v2QCAClAIIGuD9/uKPl3Gw1/8KzjFJwDQVbCnHn4aj57oF1/QCpTjofrG1h4f0adoJ0YAme54C4Q6tiW+Pfjgg3P1F9S0KV3u+kYbEOv7Mb4P40ieUw0WOfzgQ081sNOOY350Fs/wd/tdYP16j2e//fbbzMMz9fGNvFo8Zx/iLFmVzuqXd/hhvuoA6viEF0C2+W51Tn+V248//jg8RiOeuOtHf9qV/6XFXXs8//rrr2dhhfwcRYQTHAfFG8f07dq5+w6TZIOMgXk4w3eNm2Dps7qgPp1VDx/ppISCTlsEUNBX2Rq7z8jl79nldfLEWOZg/uzi+eefn+8W4pmFjXfeeWd4IuGzYNJ56o8tsnG7xuTjKDKdcqzQkVcnbqp/9MECMz1U8MbOGr2w4MQ2Ojc6QNfI2Pfg2Aweq2+hFA3mDn95x/bwg+x8J/Lhhx+eZEx/TtZI9vkMduC7pnTDaRW2S75kaUGZbpZn+3zJEH72zxkHLhMHrsiEiaErHIYg8sQTT0zg/r2ESX3tBBTgiuEfJmAz5MuZMJVOxwEkTGhwTrrAzmfzEFhdHC2Hwbm4OFPOpT8YwbkIAN6px4lxeHXQHY+jF4zcOUxfvBWU6jzVa2kwFKDRwxkCK+5o06ZOWhs04OP2eefgHYfN0QrIwI53pdM7Be0covHMxVl99RR1OFBtWm9ebP7RTkARdAUKjto81NfWfPVnTi5jmb+ghjbt0ddxBXLt/5az5PTB3HzWB1BuHugBWvHaPAUJfairbyBD32j4vaJfgU6QE2zJ71wC5RZ06cP80OXSN5rV99x4/aUs781DADNPgReQ1V9pQde+ghZ6R8/8rK3Arw/tBX7Agqwdofriiy8m+N17770DMoGhm2++eQAW2sxJ0HUUTjG+HzsBIvBUHX2ph3fu+ke/wElOxrUbYuWzwKlyKDh2rAsP6KQLEPjhhx+Od5jIjN6TkTbGAQD0rfiMX+wDX/ERX6v/7A0N5IJv+KEYE3/8mASd016fwFR/1AXNlU3bTeN//qMP86E3voDvxxfoFt4Aao4L4Sm6zAEY4a8AmnPREUCIDgMtfulMOzLuWPoHmAHso6OjkSuAYv5Wru/Mrjp5S5gkL475kA/5koF+/BqXyzxa8JTM7Fr51TX8M5a2h/GjgI65l4626/277EoDfH4NjL3THXaKxw899ND8+hcZ2vXCD3KlA/TDj+TQbfMEANVHHz8IcDo1wEbxAqDHu0ceeeTggQceGGCNBmBO/2IEWbPl/viOY4F8cxOJ0ty7fisziR/9lpAYk+6ahyNVaCIbY1W27Iod8BH0hX14BoQ7lk0m5Rt+/pqE0dE7vgGf6CZ/IyEkV3FLvBMPymv0kY87f2ie+rC7aDz0qY+fF3I8D5BWjyz8KAp9qD/DX3yTSDSmmDu68Jm+oqu2JelQX9/sR3LvIgfgHk/Ig73QAXzhQz1jS+SqnfaAtsSO/XVuxpIQmI8+6A375UfqL6+//vrZRaVL+wobeu+99wbce68df4SXduzw9Zlnnhn/R5fpXmMXWd56663zIxnskj/AD7bgZIvj9urQKXxko74vJgk3x/pf45KR4pm2FjToI30nZ0cY+RLytShljr6DZoHVuOzHQiv69MUGJSPkbO52p9AhGcM3O8v66mKA3So7aHRY3+Zqh8vODn/x6aefztcW8J4sLM4YS8JGBnbA7G7iN57xLxbQ0E1f2CM8pbzwwguzG8Y/+iqE75dLeNGNj2TAj7NBuiTuwkV0kz3UJqazs3/OOPAnceCKTZgaxKyYWB1imKclTBwd4wRAOBJAAtjihC9n4STQJlhx1JxWv2sh4AKqvsDOCXO4HK1Ax6EIzEBDv4PhM4coeHCiArTvEVnx54gFXQ68vxBmXgI7/gC6Vl6BhfLP+18TDK3A6RutgjvwJtACbRyu/vEPnWgzvlVhAA9POe8GSsGZA7eC1MDPKaOTc0Wni2MGaIEwjtbf6PcOILz77rsnuBq39dHbwukLhr7cDwA00RKwOGB0CSaCgT4ef/zxCUT4JlgDW0AD56wvQVKgcgncnpMPUCHYAMVW3QRQ83ekwjtt/dwrACvANNiXzt7x3PyABHwBAvCNPMgdf8hHPQGPPPBUIBKk8McPHJCRgCa4mKOgbZ70RVuyBpDxAc3mTqb7CnqsSgJDAhow0mSDzB3lMR5w7dekyLSryhIzP1yCZmCQLQJE/kaXSx1glCzxia4BTuQmuAueeAywA074J9ADxfQP7UqBEz0la7KhE+j/6aef5m9f3LYQQd8906e5ATIANLmhCY2+uwiEskeJgbHN3Tj8ATBLHv42fzLVl2O/eA3goQNw0A7PAUF8Z9t2dPYV8wGQ8BvYMA/6SCf0hx92hNz1a74ffvjh8MuY7ArYwFM6oL+tbeAHG7Xr9vesYJM7UA6E3nPPPTMv8/FjGN5bbbc4AuDSRXygM2ggB/276Nb3338/siUjn+mL8QBj9Jz0/VF80Lekz5h0Gk3aaWOuknN10AW4sS+7COzY+OwVbZIaP+AhcdSfJB7/2B8bIRvP1fOFen6ETZAbnuAxgA/I0wM/pkDmfvjCqjg+qU/eLn8bn+5a9OJr2CHfR950iB8hb32YFz1BQ3+oAT/5PXrGx7B9dz+KIA4Z0xh0QDvHL8naHPCXf2Qz6LQK7zL2lkZ0KuqQDf2XfIot5Ej3yc2db9cfe9aOXvBBYhQwzceJqU1A+B87CYAve+bf2RheoxmwZnfe8+P6weeXXnpp+mIbZGu3BP/QQa76p58ScMn6XXfdNbsreEWmCl6Il3jnvb74DnqkT7HRIoCEx7z2FfUkJ5IPdczX2PTOJV7Sd/6YbUlm6RKZs1PytPPEJxmf7CQ85m98/CC/Jqr0i2z5yc4DXepUt8hJ8imxoA8SDnMQT9FIHvTMkcq33nprZN2ESSLLh7AT/CQTx1vFLG0+/vjj4TU7f+WVV8bm0c0vS35qX2zW+3OJPXjgaLOFFH3w688+++yM++677479WVyhP+aPn75XB6vog2z4K99rpsM+e27hCQ/sZH/wwQcTW/CcvdamLCCo9/TTT4886PXWp+2T6dmzMw5cDg5csQkTZnFAHJegwyGcljBxVgAT8Gd1ieOUPAFFdWSXQwgcg5WgC0mYgBMBgFNVOBnOx/GYXwMmBVcOUCABXAUSwFKABsY4bw5GEUwFRMDZ+WZBwIqNLXQgmuPn0CVPwI4gwCkBSQr+qS+w6hdtiiAI1ABzVr4kAhwhRwm8SRSAXKtGnK45SBzMA6gAQs2B0+N89a2O1TEBAhhQzE/CImD423iCs0CiCNr691zZdaLmL8ALAsAnRytwA84CLL7jBcctKFhN4/AFDkFFgBe8BTa8wGtgU11fhpcImCdA1F8GFDiddzcfK80CFlDrGAV+SGBPKgIYMGO10ziSCHpnXAAH6EJ7ASydMC9gEcDQN5rxQyID4OGfwE2HgSj94R/a8E/SpN02cG/pIx/giR1YobTCCZiSo3H8YhN6ABfg1FgCc5MmugfY4rPgDjACMPqlE+r7XpGgTx7mLVlRn+4JlHYpABUgjG5JlMgM2CVz7fBHoAcWgF20SYSALfxn13jHroAJYwPJ5oY+3xvEb3pGt4E3vOU3LJwY31gFwBYX3nzzzdEjcgMAgUHzYYuHWZ1FA9ANvEkegH5Ans6icV8xPtroLB2iN2zUPCze6I+uSfDoJLAMxEhGJRjAL1mTFZoVdNB9hU2glc6yVeXJJ58cnvIfFi74D/MHIIEX/TY57XzoFwDH/tkk/0VPHekCaI0BYJIlvrFrtseeTirmTUZAqF0diQ97RL+Cz+apDnkbR1LIHiXqdNqczYd++c4a/uAVcCf5shKuPTsB+gBX/pMs8Zes6bQdAP5WH/SazuI7m8f38pQ9udiEI4XshOzxhx9Dp/HoMkAJCJoHG8Rf86lO8McKvaTLxvLT2/SG7rN3/CQTtstf8z/8o77M36KP+QPp+K6gr6V6gF4AldyaDJqXNuRvLvSZnuuTjbMjesm26SUda+xiR2QvZhqbHou95s4H4DOZiDXG5WP5SvygrxIE+sIHiw/slAz0xR7JB23eizdd4NEHOvkDtLJ/c+OfJXEWNvgXvGTLJ5X6cD6WnPg54+EdHtN1c5QU2S30nhz5d0m8cSTg4pqFLN8rMl+xgH/Rl5griWAzEgS6a+6Vya6cxAL+2bh26sQFOqIvFx7TEzzWtgmTJIWdGoO/hH/ov0RLO7GejrM3fKbXfKwFRQtu7I5+WhiUDPFn/Cc/ZgzxWqxmG3hN99Tx3S8xBr38OZ5K8PQv4VNef/310WHxFy/4cMmfuZEhXsMS9EURv/kSuIfeo7F8Kt+m4tk/Zxz4MzgQ5btiSwDTym7LihNbCS4rDujUucYJrTjBFcNcCRQrBrwCMuY6tfEfrJCgswLOVhzrSlBfWYE57sn4cTwrDnklSKwEqZVgtbIrsuLcVoL5SmBZASIrDmXFaa8EkBXQsRLgVhzSCuCaZ/oyTkDrSmBbAQQrgWrFOa4E4JXgtOKsFnoSDFYSoJVV15VgswIEVoLcirNccYjr8PBwBWjPeN7pJ8BjJdlbWflcAVgrX0SeeegnAGXF+a4EmpUV05VAueLsZw4B0iuBagUArazCTRs0BJxOvaxErgCPlR2BFWe/8v94rATGlcC5ArCHVrJOwD/mmz88S9CaPhPohg9x0lNP/2SN9qz4rwD0Fcc89ZMsrYCUFQe+kgis7BKsJCUryccKGFlJPFcC6NQ3Br3Kqu5KsFgBoUMD/uF3ku8VIDp8zSrdv9C3+wFN5BZAshKUV4D90IN3Fy5cGN4FVAz9AakrAG/qJdkZmQbMrKwCrgSwoTsBeuZGX/AVPwM+RqZknWC2AiCHf7u0+IyfZE6mAbujJ56RdRKmlUR63nsWQLfIkUyy27ayGzrPEmhHZ8gsO1IL/Yrn9DrJ+fRtruwsYG1lYWMF+K8EydEvfM8q8AowXOfPnx/9CqAfOrS5dOnSygrqysr31JkB8o93AfEriwArgGBk4R256A//kiQNzfhjHuRpLt5l13ZsLcnKIjvPAwJXEsLRSzphDHMJYB8bTXIx+qIvOoAP+Eef8CCgduRaGnfv9JVtmz+5sSn9oDdgY3Qjix+jF/SFbiYZWddcc83KkZXpTn3zcPkbLS19ji94liR+dLvv3Y0ZYDq+KIB05uC5ubI/PiogeyUJmLmTaXbbVhL0FfA4ds22X3755ZWEZ+wlCelxP/raLWjUdxKl8XP8S5LPf9FNtNPXAOMVUD0+i2zwAS38IV3J7tPK7s34fLaKVnaVnYd5Tkf50hwfGp+ShZyxhYDJlcRo+cwn8pUBlMd+N8nK8HLLU3TjC91I8rHYIP9In/lKNOkjSd284wsVOhiQOP688qzczIEe4WcSvqlPvwKeV0Ds8JfvqnzNl5zEBr7S59MKPctRrpGPu7HNw5VEfWSRpGn4wC/SP/Yt1iQBGtngO99Eh+hqThZM+9JFj/RBn9mB4lkS2LFh/Cw/vDNXsk2yM3qNFoWvY9vkhp94p6DZ84DxFfA/uqgNe+QD2Txfjn5195XaBl9J58yFbXjey3gB8OuOxFKy0X95xW9k8WNskC16J/6KseKZ2MI2xNckLiuJxbomtpokZ/RjH019ho7sxCz+nWzpfuWuDj/M3sT3LHQMFiBXNPBf8AAcQzfwsDygl+aTJHjakgP9NSf1kjCN701SM3wkO7E3O45DP9sRr5OQjg6JTeU/umAGMSwJzfRvrCSQ4//wmF/HAz6Cv8dnOggXJHlaScxmbuj1zr206/+snHHgr+KAbP2KLRxAEybO899JmAByAIeh1jleLkbpHzDnFDkSzm5bOGwOR4LCmUl06kg4SCBewuSdOdbRcKjAAiAvWRHgOPyscA+I04f2gqHgDURzfpyyd4K+pFEClBXyIUnfwKMxOT4Bo04cnRIYQUySAFAr5V9WvdYdCToCHFCBHkUQlRBKajleBe0SV8EADVnZGprdszI8gAmvBGNFkBCoW9Cvf/Tqi3M2D4FdXZfAIfGRJBZk4AVaJBNZ3Trmc/uTKAD5WelbFy9enPecPlCMzwKYghbjA32SRGNkNa7k7b2jSVIDGDWxA17IOz+xPDyVgLXgG7AsyJCH/s0VCHFlJXcCqWANbKOBHpE/+QDxEo/Kof1u7wIo3QFWAHJAUhJlzsY3HvkKuABVVkIHcBY0eWcOEg2BVFtt6AqAnBX9ufBaIS9/n09iBHQArX1uPPQDAvisH7STg3EtFqBrW7QB1rNTdbwQYQwXXmcFeECaRJKM0Ys2faKBDnrWQr+z+zygr7bmPUAB5AKTgJP+PQfWAJKsvq+jo6PpxjiufQXfCv4tEuC/MbMTMfRkJ3Fsgd2qC8wA3NnNmOf6rO6hYXccNOEZeiX5FhKAcaV1yzM2YEFBfe+0BZABRPooYWT7khOLKhJJtgoY4lG+/zELM5Ig8uJPTir655uaMGXXZRIQY7aYlyQbqM5uwcgbDUrpM2d6ATBLUrKaP7SRpfmybbYLYAJyfBJb8xkwZavozg7R8Mac2An9yg7PjLPlq3HLbzZAJ/ATnXiXVfjhF1/FftiCQseARAAab8xTv3hN7haUJEz47Tn/i3b80XfH7HzZugUJY+Azuk4q3vEPfD5Qz3fpDw3uLnLl5+ledoXGdvgRPp8vEFfNQXIJ1PMvxtWHOeijtOmLbzMufRZjAOqj2AP7aDFvCaukj5/Qlzb0kZ7uJkze8Xv8Ol6zCW3QhQ/iDFBvbM/3FX0o4hFZ0xGJCtq9c9EnPpPfb2LQOeKP+eOh+fM/EhSLCpIlOsZWJEiSR8kAf2Qx87QFtPYt6WH3F+OTjNu5mK8FOrq7TZjoIZ3mE7Q1tvjWduaT3adZ1PT+5SxsiHuVER/PL4sr2UmaxUS0wyjwBJyQndxJBLN7N+27eISX2fGe+UuYLFjAA2IaXoi3/LS75Lfyp0fqGlNihkb0uqqT+j4rZxz4KzlwxSdMjJLjkDABnqcVzh1IkoBYgeWg6jxPa/tH33PKAJvVOwnCdofJOwGAk832/awiGQdNHIl3HJ535qp+HYzgbMXMbg9g7B1naqUVUAAYrQ5L0AAdK04Chj4VAcAqLODRnQHjcvRAkeBp1V+/vbTJMZJxft1h0objs7puhQngASoV7Thzq3BArQRMMQbnDMAADwImAKEeB8xRA7udcwPYNM4/+jVu+cTZC8Z3JGEDasgZiBeEARaf8Q0YAZDQKFDrB+3tC0AVbKyGSVAVPBUw7RBa0VS0wUeBXHCRfJ+WMJmDNgIWXpGPQG7l2o4gkFE5oEvCJ/gINALktgjc6DQXK9wArOQqRyVGdvQCmNOfcU8qAhcgm+MWs6qI99pJHAW7BjTjSYiADomy4Fu5qyO4SwTMjf75bCfJirndtH9kdVohAyCRbO1O5HjSPNcHeQj+EiZjoQ3wMx5wD6iQhYI/Lnpk1d/72pXn5kzW9BEIZX9tRwb4DtgdBdSVP9rluM3wj12YT9sAgnYkzQew1gbNfA7ZG8d8Fc9PKt650A2oagNc0VGJikTXooG54y8+8ld8nMRJKd/Lg+1Y3pENGeAxvSKTbWnCxB8Zm0za56VLl1aOEh3vfuF3E+ocvZn62gCqkl26ezFAD/gz7kkFrduECfhnn1teoaM7TBaPcnRqbLnzdFfYKF2wgJHjSQN06b5k20V/8VASCpjTJX5GwiSBsCNph43PlXjxnYCuRL7ywQ/FmOhy4QW7UN9Or11rQJN+sUN9kZdCb9FAl9WlL+2Lr7KjK0EiG3xDq11HwJ3vRocxtdGnBEHC7sRBx5iB9vyjDdvVxnzJz3xc+nT3ni82b2CWHuKb+hIHCZNxAHa2hVf4rj3ajKGf3s3Bc3rNL1kc4ytrr8iUMN0R/2xhh2/TVhFT6Kqklb9vfPLOYoTECBhns+zTbpF4gYdbmal/UsFfyasEbJswqS+O6ov9WeQhq86NLNDFx6DT/OilpBxt9P5SbIZNaSfOdMGpMj+JJrunYpakRgLWRLljo8u44nATJnpFdpLxJkx0vgkTnhpf8iuG2VW1iCgmko+CRnxgY3aZ+GdxQ1IFK5C3XSaYw0IQf9dYoH+Lk/Q6x1ZHznSEbPic8oOc8MtY2lyMj4B9LHAcxefWv3lnvq6zcsaBv5oD/wMAAP//0Y2ovwAAQABJREFU7N0J3HfVvP//zXFMSQiVqFBRpLmMFRGaDQ0UISEOjnmWY54yy6yS0kAhZEiDklSmSmlQkaFkns9x2P/1/Jz/uh/frt9139VV931f93W91+Pxvb7fa++9ptdae+/Pe3/WWnsY53D45z//OZ5xxhnjmmuuOd7znvccL7nkkmus7d/+9rfx4IMPHm9605uO//mf/zn+7//+7/ivf/2rPtcYeYYHKOe3v/3t8R73uMe4xhprjEcfffTVUvr73/8+/td//de43HLLjYceeuiCfcr23//93+N73/ve8fa3v/143HHHVXlt+5//+Z/xz3/+87jvvvuOq6yyyvjxj3+84v3jH/8Yf/azn42HHXbY+LrXva7iqu+Tn/zkcfnllx9f8pKXjI5Rpj/96U/jm970pvGud73r+NrXvnb81a9+NSrLueeeOz70oQ8dN9tss/GCCy64Gpvf/e5349ve9rYqj3L1oKxnnXXWuNVWW43bbLNNlaHvu+qqq8bHPOYx1Ubf+ta3avNPf/rTceuttx4f/OAHj8cee+z45S9/efzKV74yfuELXxhPOumk8Zvf/OZ45plnVpmUt5e5pzn5rf2uvPLKqsO66647fulLXxp/85vfjK9+9avHRzziEaM8le+vf/3r+LGPfazK/shHPrLSnkzHMX/5y1/GT33qU+Otb33r8alPfWrVXdove9nLxjvc4Q7jhz70oYqCn/Rwx/VVr3rViM2igjbzufTSSyse9trp+OOPr3LqxyeccEIloU6//OUvx+c///nVZz796U9fLenf//731ZYPe9jDxsMPP3z8xje+UW2l7b///e/X7yuuuGL84x//WHleLfLEP+rxhz/8odjvscce4zrrrFPt9LjHPa7axfmCy29/+9vx3e9+d/UJZdYHe7BfXzrttNOKj/pg853vfGd81KMeNe622271v+PF++EPfzjutdde4/rrr1952K6++p9+uN56640f/vCHK4523H///ce11157fM1rXlNldXwP8j3wwAPHjTbaaDzyyCP75qrzqaeeOuKzww47jD/+8Y8X7FOnr371q6M6ar/Jupx//vnVVx//+MePl19++YI42u2UU04Z9ZvHPvaxxQvzAw44oPrwC1/4wqv11QURJ36oY2f5mc98Znz2s589fuITnxjPPvvsaj95rr766uNb3/rWqrvjcTzkkEPGVVdddXzzm988kdr0P7WnsmL89Kc/veqiToL0BJxdGzbYYINROdRfuXycl9rspS996ei8deyLXvSiccMNN6yySnumQXvg59rr+oKf8vbgHLfN9WOFFVaovt/bQNkny//KV75yvN3tblfn3j777DN+97vfrWuAMvvor65l4hxzzDHjxhtvPN74xjeutnJ9UC8f54dzXj9yfL/O9Lx822af9tdmz3nOc+p69etf/7ruOc985jPHe93rXuP73ve+Skt9MH3/+99f27Vn5+ZbHbfffvvqf+ecc07FcQ7f//73H3feeee6V+DSy+L684pXvGLcdtttx89+9rNVls5sum9ldk7rL66H73rXu6ptpdnPVdcZbfzOd76z+p/6Y+ga4Hz5+te/Xvm4H93nPvep+8eFF15YPDsbefutrj7K6570nve8p87HT37yk/V/L6P0t9hii7qWurb14FqmDe1zXmLdg2sY3ve73/3qeqzf9n6tbK4PnVOPM923dDfZZJO6X1500UUL+pJj9YGddtqprm36KEbqhdeJJ55YfV9/Uxac3vKWt9Q21xt9Z2qwTZqYTPbvqcfh8aAHPWi8yU1uUvfgfj6Io5/Iyz32Lne5S32OOOKIys814aMf/WjdF/793/99fP3rX199Xhzl/tGPflTn8C1ucYs6R/RDfbUHx4jvvn+jG92o7mv6n3L/5Cc/Gfdq12b3v1ve8pbj0572tLqXSLun7/7s/L35zW9e1yX2hfpOBmV0ne3n4Ne+9rXxzne+86hMjrc/IQRmG4FhthXohipPv6Ax7t0UCKaLL764krdvYcFJfNBBB9VNmyHg4jTdRW1qGv6fum1heUxuF8cF2IWYWJoUTD09FxU3Aoa3m0wP4rnouvExIBhOLlr9BtUFE0PezdrxjCOG5ZOe9KQSB0SMC+gb3/jGcaWVVqqbZy+TfH/wgx+Me++9dxnsLrwf+MAH6kbKsPHbjbeXU7n874a44oorVp69rMrFoGC4LkwwMcaJF+m5MG+55ZZ1I1Rm2yY/0pWmC7Hva7op2i9twswNllFPkBGI/WahvsQq45MYvOyyyxbUTd74uZC7MTHGXvziF9d+BsvLX/7y8U53utOC9pGf9Nw0V1555TJorkkwicNwZ/wQuoSZtlGO5z3veePd7373Ek/qrjyMCob43e52tzKUbO+BkaF86kFcCuLoy52j/iFt/WVhofexbjC5kRLX2nHPPfcsw9sx8vvgBz843ve+9y22k2kyWtxwiR1iSduqK8PkGc94Rhlh0vDBzHb1Z4QTyoJyd0N+UjBhymhYa621xuc+97l1zGRd7NcfGcQ9rd6WhMgTnvCE8eEPf3idF+LZpwwMwic+8Yn/j2ByDVFvBq1ri+N7UD4Gpn2uHUSy7/32268eFvT6qfvCguuPa8Huu+9eRqIyitfrQRh6IOE4eTNinPeMJtsng/2T5bPP/+rnYQMBtuuuuxbvvs+3/qzsrpvOE8drT+XQP/HSPtpRuRiIzl199NJLL5XEgqCuxInjxF9UmBRM2223XT3s6saldHwc4yEHg01793N0sq76tevd6k1cMhiVl0GGWQ+MW3Gdz9ratYZgcp/w0ER/F/Q755nrIHGmDP0c6mnJ2zH6t2uKhybqK+gvDHjGuGs3loI4ziUPBd7+9rdXurZLvwsm7aOPiaP8jFAilhDApZdDO2DxkIc8ZPTgZLKe0pwa5O2ap409hPGgo/OTpodg2lIbfO5zn6t8lMv1e5dddhmf8pSnFA/H6kePfvSj6zqDGzHag2uzOK67vf1xJRDVW7/1v3QEdXVf2a+dL3gqk+Da4n5FMOGgL/Z94jOw3dNwdE96xzveMX7+858vsSTt3maV2EL+qCfh5yHYVMGEtYcERJlrqX7sowzKoy7O81/84hfF3j3Etcv1A5/e5rL2wMr9gyDtfWSySL0dbPNA6YEPfGAJJtd4edsvbwyki/nqrZ8TG+4X+r59Hi562EjUaEsPOnAQCBoPLj2YcC+WrjiTAQPtL75+973vfa/ylT6+7pH6jr6oDZRJ+sr385//vK7rt7nNbarsRLZzDB/9DhO8J+892tA9lWByvZbPZOhc5CGeMitjr9PksfkdAouLwJwUTP0i6SR282FouqG7sfR9vp2Ek8E2N1BPdW92s5uVEWwbg3zyWL9tc5HxcdL6yO/aBmlIu19oXJBceAkmFxOh73NhfMMb3lAXFBcoocd3c3RB5H1ys+ziQXlc6HmmeJj6zckTb0YXAdYv2C5ODD2Gvf1Cr7f6KRtR5ukpA9eTR4YUQ3gqGzc3Fzwi7SMf+UilpR7ScRF3kWXwuHgKyukmS8jc+973Hk8//fTablv3jvEgaBdlUm8fN+MT29M9XoteVt+LCsQczwSj4wEPeEDl15mJJ/555503br755nUD4rFTvp6+fKVBXPYblHg4ulnbRhgI6owNI92Tuv2aESDuooI6ugHyNE4+fcXUTUq7dQ+TMjH6umDqfUYZBTcxZXJjI5wYe/aJ59t+bai95TtdUAftxPtJDAj6G+ORscVAc5PWturGAMSVSBS3B0a/GzOPTRen9vNyMISIA+kqF2ZuhP/xH/9RaTG4BMfrE9hrP3k5L+TtHPd0nRHgSXGvo/TcXAlkfQsjdZWWfBhoe7WnpZ7ienAgiKvN3dSVwY2810V6BAPBqD6e/tsmjnONgaPd5ONJP28oA58BIU0fZe7pVYZT/uDsXNcHfPdz7JLmHWeQu5Y5d/V/6cjX9Urf80ADR/0Fq953la8H5e3MGEQ8bDyOytUfPugrz3rWs0qEum443n7pEfBEsbZ0ruDIGJKOdnEdkZ7yYnXyySfXOXdiO1eVbbqgTD48O7wonqgTGPqvdmaAEnHq6jfDlWHFk+d6gUNvc+n7zZBVJtdx1zWixfmsz7lmEAnaCicPZFxrGGwMRN4EbagfMvaVgwd5qrHc66Ls+gLx7drBaCc69C/XG+cEkS9PaeKMJ1FHoPV2k5666DP6M+Ht3FMf/diDFMcTUoxe6bj2eAiBhX2Ek/bQjybbvZfVt/IyoHm+POSZ9FhqY30fA0a/hyDqgafjXcuIGu2gX7sGuTfolwx0dcLMOY8vY5mXVj+Wr+uE+5V08CCm1dk+1xV90v1FfW0XiAzCHkMeT/2g79OvcNFPcHOvkg7OlzbxLv1+HlRiC/lz1FFHVfpbNuGszs5fableEG+8an10gn7c03QNdV0mjnjYbNf2rmtEjn7neqhv61Oum0Sn+4TzdDJoL/GdU+pIWKnzv/3bv413vOMdi6M62eee7ZrFw6PfemBqRIy20recL/qec9UDA2Vw7mqX/dq9iJ2x2mqrVXs5B/DvQTmUQVmdO647vT+5FhCj7Cn3cee64/tHGuIqu3xve9vbVhoEpxEdRk2ovz7gvHOsa4V+4pz2gANr5dWO9ktbe/vo786vHXfcscqnb0yWvdch3yGwOAjcSKLDHAvtxCIEh+ZOHtpFamiGz9Cedgxf/OIXh3ahHtoJWDVuN+ar1VycdoIO7WQd2oVoaN6HoV1chnZCDu2iteBY/zejYmgX1NrWLkpDGxJX+bWnlPW94OBF/OjlcEi7mA3tojG0C93QbmBDu/lWOZXJce3p8dCMkaE9TR/aDbPKJJ7ytgvb0C7yVe52kVpQ93bxre1tyMXQbmRDM0aG9jR4aDeXitOelFc67cI1tJvb0C7iVYYXvOAFQ3tiLfmqZ7soLaibNJsnamgX8KozFpN1bjfEyqu5+Qf5thvd0Nuj3UiHNrSi0m5PYYd2k63yi9MMlqHdaIYDDzxwaMbS0G5KQxMzQxMEQ7vxVFu0YS1D87IN7UYztKGWQzPGikV7qjsol3JMtlNV4P//g6Oytgv80J4iDu2GPLSL+NCGUlT6/dh2Yx+ayCyWbajY0C7wQxtaUEzFbzec2t+ezlU7tRvP0G6qQ7txVl9p3rjqb+0J+NCMiaHdiIdmcA3SasPnhtVXX32hZVSv9qS00mpic2iG/NAERpW13cCHZrRUnu1GNTRDcFBWfaXdnIYmKod2I1rQ9vpFExJDuzEN7QY67LXXXkMzICue9tDmymabvi69qQFT9XUOtaevQ3uSXP2g3bCHZgAUI+3bhgkN7UY6NCOq+qe6NvEyNINuaIJtaDe5oRkUQ7upD+1J7IBZM7aGZrwOTVQMzsPmoat2aDfx2t5u0sXPdzPQqu2cG84BLJrxNjThMuDcjKIqiz7XPF+1vd2oK/9mVAztIUP1Y9yaYTk0oTdovzbkZWg38epPTZwM7Ql2tU0zRoZmXNc50YzdoRk9Q/OYVp9sBnq1s/7UDN2hefCKnTI08TjY7xxshnedI+1BRrHxLY328KIYLqyfOteaAVrnYnu6PDTDufpfMyqGZhgPzSAammCoejRjamiGS/FoxlJtb4Zu1dv5qX8rh+DcEPRh15NmUNY1xTnpetIM5zq31Nc+54D2aWK2WLtu6kfNGK9+7H9tqZ2dv80rPzRxVVyVqz0wqXOyCe7K1/WsGcO1vzZM/FEmoYndOt+aSKg6Y4Wb9nfOOj+awK9+pk81kVh9T3/TP9XVNV+Qr+t4M9aHJtwG/QEr1zXlFdpDmqGJkmrzJqLquoixoB+5Pjn/nGeY68PNk1n7J695+kLzJA36n/6sXPKyXZ91bZdOE8FDE9pDM/aqHVwf23DjoRnpg2tu84LWeeF8xlIfaQ+o6trh/oWLa7drn/pqK3m4bjaxMOg7zXgeXA9dh9ShGaBV3sk/rldNcFX7S9PxOCiza2x7mDK0BzdDEyfVZ5sgqD6MqTxcF9TF9Uab6pvK69qqb7k/OC8di0V7YDHoE84r/Vffcu90HmLq2/XDNdR9THznnPNI33CtaQ/hirE+7R7SHi4Ot7rVreocdU/U7srpGuO3j+uKOmGuHAs75zB0nWgPpYb2gKb6iv7ivGgCuMqsbdVT27lXtQd/xb2JkqE9FKs46uKeqq20h7ZqIqr6sHZQF+ycM+71+pLtvc9i56M8ro/uha4pTaxU2fXB5u2pc1/dDmrnnD7uei5d/V+6yuFao8/pX67fzqMmfupe1cR9dQfXfse7v072E2VQJvff9sCo2sKxrpnK5nxyHV6jXcebMKx0be/18FveroVsLvcQdZBuE0V1XXTt1nfcz11TpCeO80o+yo+18vV8tZ++6d7IntEHXCvbg4IF17fJfp7fIXBDE5iTgqlfeNqTk7oIM2wYhIxvRpETzQVn0sAWx0ndnibVhc5J6ULu4syYcINwEgsuUAwqRqo0fLenq3VBcFL3C8eiGsvFUzpuIgwTN2xihqHbnrCU0efm5SLYnlyXoeDC3IZDlOHqBiQfFxk3oDYOvy7kLmAuxOpzWRMFBB9hoR4Mj+ahKAPejcCFW3CzdwNjRDPoXcgY2C5ERJS0GWD+Jx7k68NocrG1XWAgMw7Uww3ZjcVNFTtsGQIMfDcjhirjVTourM0LUjdYbcQId3F3s2lPdqv8WKhzvxG0p09D8xqU0eoGi6U2ld50AW/7iBh5tKfjxQaTSbHgxq0t+g2S4GDEu9C3p7LFj0Fpu5uX9saaEaMd9B9GK15uYowIQsINlhHAAO39aGo53Qz0JTcDN0dC3I0TOzcdbc2AZmBhjjdDAj83d2nr227YblqMNf3YDZOxyXjQn7Cwrz1BLmN46g2zlwtTnJQHNzdiRoryyFO9iUD9zbHtyXTd+BiYDBc3OsasfAkScbQrQ7gbnB48YIaPuukTzRNZbSNNfaF5NquvaXMClhDUf/UvfVjb6CvYMQCJNOXUNs4v7UWA64fOLWliTYAyDB3juqDdNt100zpvcNMPGKbOKfkxmLQlwabuBC0DSVsREwwMRpf+hD/RwFBhoGoT/VX9GHb64nR9lRCQPkNff2N4Oid9lJnBqd3937w89dH3nOf6ijzl1UWG81XAQlBugWhgbOk/jCWGtusdI9W1zXnf83Et0I6uJ4xT57Y8+nWCCHHeKzfjR3sK2kBbdLbaWLtPDfqjIH15axf9TdmJFkYy1gSuBzvaQcDPeaauxLDfnam+4zjpNc9QCWbnjzLpr/qNeMqHjf6hvbWvvuRagouP646+4Rrk/953e17aWtvolxjo0/q+ttD3XVP0Xf2MwPbgwflHyGtj7D10UAfXCw8ysFAu/RH75t2oPLQ1AaEf6HPuTfj7rZ8pt/qpm2tEb/cC1v4oq/uiawI2rgvOH+crgaUcxIVyuO677mDm3NEW+oR9vgkRx+vjjGjtg6E6YaP+zg/CHzd9xP3HdUB8HF3j9C//6/OMeXGJONcz7UI0qLffDGznkPp5SCktwsI9TN1xx1t6+rh6EdvEMc5TAx7OCW1D5ODSvDh1vXGd0AfVi1jUfxz3pHY9IG4JfCxc57U/Dq5JWCmre6o0xXWM64J7pvPMueD/3j7K0c8D3+K470tDnsqIlzbAXFzi3vVZ++vv2kC69jsXHO9a7JzUX1xbsFUn134PUF2LtY3tjhfkrzzOH/HU1XGC49RNvq5N6tOvMXXAxB/98bLWjx3r477h/uMckLf+IciDDSRPbSh955BjPBSwTZC3gLl20vf1Ben0fXVA/oTAYiIwJwVTv+C4gbmoMeRccFxMt2o3Sl4FRqvjXCwEFyU3ECeuC4yT243ESekG5KLrxikdJ7YTlteH4eDbPhctF8Brc/LK203OBdENwVPCfqNx4WWoMe4Y6we1J0kMQU/25cfAZXyLr7ye4ogrTfUjPlygPe30lNDNQz1cgBhrboSe/rkQ2e4iLC2Ggouqi6Mn1m7WjCpPcex3YVR/os7FlVBxk2U0KyejwM3cxxN3Nyjl4Q1QTsaZi7CLvRuiPFzsGJqeLLp5u8l72upG2r0k+CibG6E2VDc3CaKFMSaouzItjH1vNyzasK6qD+G0RntKNhmk7YKtz6i7m67/9RM3TDdgItBNiSEhX0HZ21CFqodtjA783LgIAGXH380Wt+mCY9wkGfFufsoivjaTN6PANqJInyQEGBJuTIwH+bWhVNWe0tcfGdEEs77Q+4g6MP4IIGlh1m+Wk+XSz7Wj/iU+BrbJTxtiwBDRJuqMwUnNmNb+btRu3ow95XeTYwjr5/qRm6Z+jC/WjDjGOjHoOH1C/9TODBeCRR/w0ICwx6E/rXdOaCPGHSPCfiyJCgarNteX9HP9S191I1emNky39jvGOcw4Z/CfeOKJdb5pY+ciA0PfxVuZXS/UV5kZugJjT/lwVn9lxFXfc/4IjEDXkoX1U23m2uNJt3NeXs4xvPBneOgH+GPFG+ucda1z/rn+6HsMDX1EPv0jf+2kDQX10VbYYyiOc7Z7K8STHi5tuFXVyzVSfG2jzzGGGU14EznKoIy9T+LN2Nfn+7W2Mp/4o0zyUnd10a8JCuzVRR9gaElfmbW145XDt3NEX2JM92Cf9PRf54B2Flff83BLn1TXno52kq5j5N05uQcoA2HV+784Qv/ux+oT2r7Hx8f11X5lcP3GQX3Uk2GOm+A4/VXf0zeVX5ncC/TbblwqY+esTtLCt5+D2gsr57i69jJWJu2PdPV1fQgb+3HSPxnARL285MNod5+Qpvqrj/NIGdXFfcIDEH1RGrY5Xvn8r644Y9gZKLPfWBIZ2ti1SLquDfK1Xxn0X+eQa6HzQFn9ryyYOMf0Nfk7x/o1XhraQFmcR9LpHuzOoX/jIT9p67Paz/kgf2zVSbsqr7bCRH+3X/sJ+p3j8CSW9Cttp06uEdKVD47aU9vYL8jXR3CMj//l5SPdXi/f2pntIj5+jukPwZTTdvuVV36C4/Q3+5232kMZxeuhl8f/eAjaUB30o8n9yqgstsmjl78iTfnjOGXsZVUu/UwZBGnJQ7t2FvLHDKtexp6Hb8dreyxct66pDFOKlH9DYMYE5qRgcpJ6QuHJEEOzXwDcJNz8PNFy0jpZXUAEJ2gXSm4eTkIXjH7ieqK1RjOu+4XCTY1h4YT19NNFUHrX9uRVJhcJQsJTOUFcwT4XBjcbxgDDSZlcIJTHBYih5iLkBuSiKo60HOMpl/ierDreb/tdJD0tcvNhlLiIrtHq5CZpv5uBm6ELleNc3BjwJzUjWBpuRPKUprK6cLlpMNI96XHDM7RBWdWtG2KehDMYDP9xcxN4mRhobsIMXIaWdOWJp7rLwzZ5eDrJkMTYhZohzIh0Me9BGRcWtJugPxgix8hgiKurNHtcHHzUDVsGsjqpuxsjw3GrJgL97nGkK33lwxxDBhBDE3N1V4/+RK7fBMSbDP0GpW9hyfAgOhid4jMc5KHNlFl/7vUSV/pEBCOmB3VhIEkTQ+3ihqr+yqi/TNa/x+vf0seMWJE/A0AcooOIYTgI0pCX/sHoUF77Jg0qBoU64SY+Y0l53PyUkYGFK2MHQ8c5P6XhPHCsvusjH/VQB31Kn9Bm8hBfH5S/Y9TBR1v3/qd8jrHd+SSeejFa1UN7dy62i+t425VLXrg4/3sf1k+JYukpo2N6UCbnkuMJ/cm+04/p3/JXPuenb3Vwvojj/14GZer933bXAcE2+5w/vQ49bd99mz6Do3LirD3sY1jhgqmy9PQc53jpKouPvtzLIK6y+YjvXFYO34uq72SZ/NbOyiZ/cX0L0vSZLih/P85+ZRHkqw7aRLkc08tkfz9u8lh59+D4/unbFvUtL2WUbi+T37b7xk7wux/ntzzss82xk7yk4/++zfH6oo++qQ36vkWVre+TR89bPOn18vVzqW93nKAMPfRjp+tfvfzSnKy/uLja33lKR3Cc43tefkvbcZNlc2zfJ+5B7UGi65r7ORHTg3T0VdcQD+mcn4Ydu/dPF6TZ+UlX/M7c795m4uqb/ne8+vTjpOH/vq+nN11+tjleuKbj6qDr+KenfU3pL+y4vn2ybH3bNaV5bYsqPen374XFm8y3HzNZrr4t3yGwJAjMScHkwuVm0g0WFzEnHqPMzZ0R209EN2TBhZEx0C+WtjnG/z5usm5OLuJOWBdO6fvfRVMe/UYg7jWFfmF2I/fpF1rx5Otjm7Ttn7x5yJtxo1x+O0Z63UjrbnYGlH29rsrdb66MB3HUyU2y11WdMPG/p3PEjCfZjFlc5ecjLYaVcdqMRJ4EcaWr3NLWBsrohuV/+8XzEboh5X/H9uDpk3L145TFfhx6cExn34/r+6b7lr/AODeum8eAd0UQv6chL8f62IYh4ace8lSXzqu3WWfnu/NRt36cdOzzEUe5pwudq+P9xksa2lDoaWOjPJ2ndAXxtG/v073OvT7i9zI4Dxx/TUE+4kgD/56nMuChPkI/pn+rY6+3bx9p2C/0/X73bf0Y23ro+/rx/X/f0us8xe1BPxV62Sb39WP6d6+f/3va8ur59eMmvx03GY8INIRT3+KNJXB6+cTDjZjyAMd1hBdrUWWazKvn4/hFlWkyTn6HwFwl4LxyLrguG6HgwZIHXx6+Oe/6Oe/BEs81r7MhkIbNul4lhEAIhMBMCcxJwdQNxH7xBMc2wbZuzHQjpHZM86dfnHt6Pb5vhoy07OvHXReDRhwfQTl8poae7tTt/pev/KaGXh77JtPvx8nHMcLk756eOOISQ+Zj8Ap5Iu6GxMjuabphGT/O+8K7ZChCD+L39GybzG+ynrbjaNtkXfw/eZw8J9Pr/0tbG0wea1sP4njyzqDtT715BYgKXjXejF7fHsf/U9O3r+fRy9zztd3x6qEO/X9xelq9buL2ePZPDd04njxGGlOfXPZ0e5n699T0HCfIV3CcskymVzsW8UeZehC35923Kaswud3vzqH/nvp/j9/3T/3f8T7K7ruH/r+y9N/9WMdIr2/323GT8Xs6k8f2Mjh2sj9OF8+xkx/HeMptmK8hfoY5rrHGGtW3ePw85dbnCCaeMmLpru1p+GSZJ8s0+Vs+6iL046cr02Sc/A6BuUzA+eC88ODGfDrDpv3vnHJ+9YeHPOF+GzJqQQsPupzfCSEQAiEwUwJzUjC5gF6bsCjjQxo+U4/x/6LSn3r8osoxmc5kvMnt4i9s3+R2x03Gs2/yf/sXFRzb4/jmbbNAAw+SeRLmFBEagv2ephtqZi6SOT3dmzI1j56m7fKYvGktrHziTA2Tx/bfjpvu2J4Xj4qhfiYF876JR/RZRMA8hh4m0+hp9zR6HpPbryle3z/d92ReU/dPl8fUY6b7f2FpSs++haW7sHiTefS4PS37+jbxJ9Pox/T9PR3/93af3De1bD1+z6Pvn8yjpzn5PXX/ZB6Om7q/x508bjLvvv+a4onjY+icOY3mXfEmedjAsDP8zpNu3jgCnRfW+YJF9xr2vBb2PVnGhZVnYXGzPQTmGoEumJwX5pud1IaLm8fkXtTPO54kQ2vNbzX6oYul/nBnrjFJfUIgBJYMgTkpmJYMurmdC8PPRHILLhjWQHww9NyofJs7Yj6PSeyGAHaDeDZRUQfzw6xeZ04bA3arrf5vUQxDDBNC4PoQcC7wSPkQTeaImWhu1SceJU/BGW8mtet3Fo/wP+ET4+36kE/cpU1A3/cR9OclJebl2b2uPOWGahNKBBOvknPRsFcLNhBKHpC5N/ksqTIu7bZJ/iEQAouHQATT4uE6J1I1nI0BaLI6j1K/MbppWaXIwhDmg83Gm5EyunlOLsRAMJm7ZMGDGKxzoosu1Ur0PubbueGbEcc7q98x5nhliXNzDvU5x/iejQ8YlirMZL7MENCHJ4P/l1R/llf/EE79Ou539z4pi08vp9/93jVZ7vwOgRAIgetCIILputCah8e66fDU9JsPBG4+bkJ9cYG+bbbh6TdQRqzfyuwG66MOCSFwfQnoV5Oh96tu1Nmnv03+H+Ntklh+L2sEJu8Fyt77/JKox2Te/ZpuWz+nbOvl6dt7ufr2/n++QyAEQuC6EIhgui60cmwIhEAIhEAIhEAIhEAIhMC8IhDBNK+aO5WdTQSmPgGdTWVLWUIgBEIgBEIgBEIgBP6PQARTekIILGYChon04SOy6r8Jpj4GfzEXIcmHQAiEQAiEQAiEQAjMkEAE0wzBJVoIXFsC/WWvfS4LwSQYU5/5VNeWYo4LgRAIgRAIgRAIgaVDIIJp6XBfkCvjmafBggSC35OhT2ad3HZ9fsvP6nHeAzOfJ8F2zkuCgUUzLHkrz/4uK++tsmhGb/fr06aJGwIhEAIhEAIhEAIhsPgIRDAtPrbXmPLf/va34bLLLqvlh70vwseSxN0DIYEVVlhhuMMd7lAvv5xclW5SZF1jRu0Ax1vm+MILLxx+8YtfDBtttFEtd2z7TESDeEKPf23ScGw/XtxrE8dxN1To4vSPf/zj8Otf/7qWRLcs+uIuh5fmfvaznx3OP//8ehs90eQFpl6uGA/TDdW6SScEQiAEQiAEQiAEFg+BCKbFw/UaU2W8e7fR0UcfPXz/+98fGNUM6b/85S/14j1GvOWwl19++WGNNdaodwdtuummw21ve9sSVOLzEl1bD4W0vNzvHe94x/DDH/5w+I//+I9h5513Lm/TTObR8FIJvRzXRnQQS+L5FuR7bctfEa7Hn57vb3/723oZLwZeurvlllsu9nlEBNohhxwyvOc97xm828pLf9/0pjfVm+i1YUIIhEAIhEAIhEAIhMDsJRDBtJTahgHvDeVeCnvqqacO73//+wcepwc84AHDVlttVUY845rI+cEPflDep1122WXw8QZzAujaCiaiRn4//elPh9e//vUlmJ75zGcOT3rSkxYsQHBdMHRPkTKYn8PzZYjZNQXlEFc84aY3veli9+70MvU8L7/88uG5z33u8M1vfrPE45577rlYBZP6qvcFF1wwvPSlLx2OO+648hi+8Y1vLMHGq5gQAiEQAiEQAiEQAiEwewlEMC2ltunigWfmxz/+8bD33nuXUU3QMOJtN/fll7/85fD5z39++NCHPjTc4ha3GF772tcO2223XYmUSa/O5G9V6l4c24kl+RFkZ5999nDFFVcM66+//nC3u92taj/VyzMZt6c19RjpGeJ35plnDre+9a0rvanHVOITf6QrjvyV6e53v3vVs+fnUOXt//vuafZtU+s5kXz9dJxjCCSCVDCsUX6CuUQYH3744cNb3/rWYY899ijB1ONN5tO3VcRp/vRj7VpYuRzjw8v08pe/fPj4xz9eXsI3v/nNw2677VZCeJqkK87C0px6fC+H4/2eGm+6bT2NHrf/PzVu3z75PTW9yf97etcmnck08zsEQiAEQiAEQiAEZiuBCKal1DLdsPT9s5/9rIbIffvb3x7e8pa3lOenF8v+K6+8srwTRxxxxPC0pz1teNWrXjWsuOKKZRzbzzj16WkSGd2j0g1X30ROFyC+++ptk9vk28WFIXPS7Hn04/q2X/3qV8N//dd/DQ984AOHXXfddYGnph/X69C/pfuTn/xkOP7442v+1I477rggfWVTRnF7WW0TeLDE7eVY1BBCx4mH6QknnDCsueaaNeyuxydCDz744OHd73738MpXvrLEaS+fb3F7Pr08i9rfy9jLPXls/y09Qy4JpgMPPLA8hB/+8IeHRzziEdUGyiQvgljdlNX/k/WUhjY1x83x9hGqPHv9eHH8Fuyf/F/5/vGPf1QafbEJaQq+e/nFV1bfvF/ScDxvoOB/Qb15QA0rdayhore5zW1qv/R6/nVw/oRACIRACIRACITAMkwggmkpNx7jkogwp+hb3/pWeZCe9axnXa1UDOS3ve1tJaYe/ehH1/yXVVZZpYxWRvRVV11V3hTeGx9zZAzbM2SvG90MXUauj/Ts8+nGsnQYvj6M8J6WgjCYb3WrWy0wmh3D83XaaacNb3jDG2poGeP/Lne5SxnOPc/JSsiHwPr0pz9dCyAQWdtvv30Z5TxdytKNcZ4hwwcZ5AJxuNJKK5WgYNhPl77j5KFuymZumLy23XbbYYcddqi4q666atXly1/+8sDDg7l5TL/73e/qs9xyy1U91b8b/D0vaSuPtIkETNTXohGdobItLMjjZS972XDQQQdVPEMw73nPew7nnHNOiTt5rrPOOsO97nWvBUJlMm+eMYtGmO/GU6gN1l133WGDDTYY7njHOy4QPAQVsYgDwaMvqBe2yi6+7T5Ezj3ucY8qsrxwv+SSS4aLLrqoxBUBJz0eOvPntIGgr2gfaUlTXjjc7373K4GqLbsAqwj5EwIhEAIhEAIhEALLMIEIpqXceIzty9pKec9+9rOH008/vYaLPeMZz7haqRjqFgl45zvfObzgBS8Ynv/859diEAzns846azjjjDMWiJ1LL710IKY233zz4f73v3899ZcHocSjdPHFF5fhzVC+z33uU9uJI6vnMZT9ts9Keo5lDPNkPOxhDysDnyHM+CdGjjrqqBqSx2iX1mMe85hayKALn8lKMLK/973vlZeFJ82QQAa/YXlPfvKTSxQ5xvDE8847r1iodxd6W2yxRZVhUavaqSejn2fJcDtzv6wGuEZbNGO99dYbntTmbFlE49hjjy0Bus8++5R37Bvf+EbN61JPgsVCEFYm7KJJGbD77ne/O3z1q18tgUvg3Pve9x622WabYbXVVivBtyjBRPB0D9PKK688POUpTyk85rBpMwKIgOKpIz4tANIFLaH5xS9+seql/ESQ9rLSnzYm+nBUf95IC0wQs0SzOm+22WaVFjFkaGefE0fg6E/En8VGTjzxxOKg/dWZMDTk0nBCIt78OuXsi5Xorw95yEMqX+KJMHvsYx9bDKU5XT+Y7BP5HQIhEAIhEAIhEALLAoEIpqXcSoxchiyRxCB/zWteMzz96U8vw5RgMIyKF4JYIiR896FsJ510Ug3xYkATLbwGBIcV4Dz532uvvWolPMY9wcTQZTATFBZ9YGjbzsj+whe+MBjy5xiCQVpWlGOUE0477bRTGc28GYx/xxNMBBsxs8kmmyz47p6RSbQMbUb+fvvtV3Oy5MHYvutd71oCgQeL1+LQQw8tTw6vBgNcYMgr1xOf+MSqu6FfxAl2U0UKEYmjoY2G/hEU8thwww0rPhGi7DxjBAMxgZfFNdSVcPjP//zP8koZhkbEEUvqTFD+6Ec/qvIRZuLxfhFexFMftjZZb7+Vk6dm//33r6GAWDhemQgzAobAMRTuQQ96UIk5glJQHuV9+9vfXjzMYePZkvcHPvCBKg/ByVuGizQ+9alPVV5+42BOnD5A+HzlK18pwa2uxI3+oNzmtr34xS8ub5XV/GzTLwg6+4jhjTfeuPrjueeeWyv+EUXSx5Sg4zXTD5/znOeUgJvaNlWh/AmBEAiBEAiBEAiBZY1AM+YSliKBJljGJiTGNkRtbEOgxmbcjp/73OfG5sEZmzgam0E6NmFT+1/96lePzRs1NoN7bMZ7HdvE09g8TGMz4Mcmrsbm/Rm/9rWvjVtttVXFOeWUU+r45jka21CtsXkKxuZ5GNs8nqq1OE0MjE1EjW0xibEJgLEZ5ePXv/71sa0kN7ahbWMTRGMz4Mcm0MYmHurTDO7xS1/60vjQhz50bB6asQmaKkMTGAul6Zi24MLYDPuxrRJX+TZBMGJg3wc/+MGxLX4xNuN7bMb62ARjpdm8OmMbVjc2r1lxUWYfHMTtof9uQxTHNs9rbJ6c8b3vfe/YhrKNbXW8OgyHJkCqPo9//OOLVRMrVde2IMPY3o1UZWhenUq7CZ2qZxMWYxMPYxMqlR42ytqE3dgE7njppZf2Yvw/38opneYlLL5NHI5NZI1tCGbVE78mbscmasY27G1sQwYrbyybiBwf97jHVT4vetGLKm3btZn+0YbVVV2aeB3Vzb4m6qrP2NdEzNhE5IIyNc/h2ERN9bUmQEf87W9CdWwieWxCtvqT9LW177bCX7WPevj/sMMOG5vYLcbiaid9UPs079T4iU98orYtyDQ/QiAEQiAEQiAEQmAZJuDpd8JSJMDIbx6csQ3tGtsT+zJm2+ppo097T9LYhlSNbbje2Oa+lPFMKDCMm3dhbHNyFhjE0vFhMBNPjPM2fGtsw8Bqm3iEBMHCKG/DtqrWXXwQLM3DMK611lpjGzJX+6TXvBSVRvNqlKEsb4azeG0Y1tjmIZVB7dipAmYq1uaxqvybl2r8yEc+smA3w5wYa8P+yggn+iYDo7ytajc2b8z41Kc+tcSH/NV1MnQGxA5x2YbKleBzjH0CNkREmzc1tmF7JRaU26d5+sbmRalytHllFaet6De2lfTG+973vuPrXve6EpNtoYvxFa94xdi8LiX+mqeqxE9lMM0feRMaL3zhC0diCUuiuDNTJsLOPm3TVkWs8uDSPHhj80ZVW3/sYx+r1G3HRDsRkkSbftK8ZNUuzSM0tqF9Jab0E23WQ/M8js2zVYKpDQsswWT/McccU3nLX32JRyKoeaWqnG1oZqXdPJhjG8ZXbJtna2weq/q0RSyKXfPmVRtr64QQCIEQCIEQCIEQmAsEIpiWcisymi9t3gnCg+elDc0bGZ8ExWc+85ny/HjCz6gWHM+7wzvShqyVscrYJx58dyHBy8TDwJjnpRCPKCKkJgWTeOJ071NbeKC8KPKSnnx5Mmzn9WI4286rwCvBmD/xxBMX5C+fhQX5817Jf1Iw8b60RS3GNrSwysdI70F6PrwmvFwEzaWNlzIQDpPBNvXhRSFOCBOeF8E+Qdr77bffeOc733n85Cc/WWmrv/28UA9/+MNLhEjDdl4ldWyLR4yEkrht2GR92ip7JTLf9a53leevMljIHwKCJ4oXhxeGQOzlJaZ4j+zj4WtDI2sf1gQJXqs3z9eRRx5Zqau3ekqzDZ8rwcSj2Ib2FRPeQQJP+/PaTSeY9B1CnPCSFqaEUJuLNrY5cPXdhuyNPGs8dPKUDm8cryaR9qhHPaqEFXHlODwIVZ7H3l8XgiObQyAEQiAEQiAEQmCZIRDBtJSbihjg2WCQ86AQEoxTxvLU4FhGtuMN4WP0GnIn2G5//zCAiRzGb5u4X8cQLG11uGkFU5uXUgZwW4hh5KEQpEXMEExt0YQyhLsgs91wQZ4aZej5VsSF/JF/H5KnHMosEDG2G0JH0El7MjiOx2frrbcuT0tbPKLyY+jLtwf/44YPj0tb7GGBYOrHyIvwmRRM0vfhfSECeI5449TV0Lu2EERxIzyVo38ILHHUq9el5zP1m7ghhg27I8Ck2/NVJiKMwNEHCFP7iFK/tXMXWdLtgsmwRV4vnkTDJnmcCCBx1l577RJfxAyh0/MiBNt8s0rT8Ex54CZNwzw/+tGPjjxHhFNbYGPUHwgh/YkIItr0BeVsi49UHPHsJ7rxMMzvmnhM5ZP/QyAEQiAEQiAEQmC2EohgWsotw+Bn4Js/xEA94IADFloixzJEGaaPfOQjx7aSWgkCBjGjdzIw4tsKcWXwGkYl2EbkTPUwiWtuDqGwMMHEyDe3yLHKQNS0hQhKlLVFKa4mXCbLMfm7CyYGPk8NQSIwsA0dW715UXiGeNAmg3oTK+bNGPJF3NnW4/dj/d8Nfx446XUPUz9GudviC2N7P9MCD5P6qJd2aCvB1VBIZZAHMcBLZ77SokTAVP49v/7dBRMvknbpok+ZibyTTz65RA4v23HHHVd54dIWcBjbogolUtqqdJWc45XF3DfD58x9a8vN19BOgkkc9SMKDe+TR283IuvBD35wCaa2OEOJqc7NMYZD8lQZ/veEJzyh0uG9IoqVx1BCPAhxQzjlJ1xT/eug/AmBEAiBEAiBEAiBZZBABNNSajTGuA/D10IOhjkZjmUIlWC7/ZPB/4xbT/p5SQiP5z3veTU/xvE9juMM4yMYeAsIKtu6YGLsGk4ndGOa54EBzbNgCJbACCYweJhM6Lc4gTzEYTwrK++LvKaWtRKY8ocI4UnhnSAMpSUwug1D4xVpq/GVOLJdmt3Qv7R5MNqKdjW/yFwd+5RjMl/H2sbzw3ui/oY1Tgbs2ktrKy8MejritlUIy5NDOGIl8DRZdKMt+T221fcmk6q4jrN9qsibPFAehEhbmXDBkLzOEoPuSVJebWMYnji2G95mkQ7zsQwhFAimXl79htDGVTvbJ752McetD+/r9eQ9NFyP1+q5z31utSORqZ21g+OUyTBBIk7dea/MpZIn8c0LyMskb4JSHPv0iUtbO5lD5n/Btu6Bkk9v89qZPyEQAiEQAiEQAiGwDBCIYFpKjcSgZED65tloy0mXYdw9TAzLqQZm3yaOIV3EjRXPeAQE++0jfvqiB1aE6wYto91CB5MeJgJDPIY/j4H0LEIhML4Z0u94xztKMFnVTeiCybwVi0QoC2FBOEhHftMF+/ocJqKFt4MxTWyIywA3jNDKfF3kqQ+jm8ejvWuojPXu1VDuyeBYZZOuVfIIBotbqLe8pWkRi/YC2asNyRNPmdWbMLL4hKFltslbGobEEZ9tqfLy7MiD6OGtMryQSJguSEM5tQlvEG8RwUhsGopnv7LxYPE+dS8j9j7KxNNjoQxzjnp6BI3hccrbPUDyV8f2nqnyDBHUVsLjsTrxxBPrmwePALPAiGGdBKU2Jo4srGG4ofLKW7saotjeC7WgT0jfYhCElPbQngSaPHgJzanirdQOjuUVa8u016qI6iltdUgIgRAIgRAIgRAIgWWFQN7DtJTWgW+GY73TpomFoRmbQ1t1rd7v0xZ/GJqBXO/paQZ/lc57boTWqSqO/5shP7TFIYbPfvaz9e6eZjQPbc5Ove+nCY7a7mWz+7X3HjXDud63dGl7QWoTKkPzVAzNeB/23XffYfXVV699zTgemjCqdyV5R1ETL/Xen+ZtqncAtYUEhrZCXb0jqgmuKof3MHl3TxtOWC/LbYZ3vd+piYsq79Q/yqy8yqSs3oHknU3eE9Q8K4Nyq1ObyzPssssu9TLc5hGq9wDZ5/1DXrTqJbTTvRS1GeJVl+aZGZoQqJf9ei9QE5bFwHufBC8J9n4hDJqAqLIoW1uIod415f1CbU5VvZTW+6CaGBzaKnZDW057aHO2hiYS631F3o/VhEG9z6ot/T3te5i0WRO+A74vfelL671VTRgNbTn2Yqcu2DYPUb1QWNu2IXND8yDWS3ebcKmyNoFV76ny/iwv2G1Cql7uq2z44dXft+Ulst6J5H1b+lnz3FV5vWDXO5+8qws/71ry4t0mroe2Sl69A8v7tLwfSr5NENb7nvRJzOSrPk2sFd8mkOolxl6aq81w894r73fSR5pgqvczeYeUNNtS8vWuKO9nmq79pvaX/B8CIRACIRACIRACs4FABNNSagWGJyO9Pdkv45Mhy4hsQ6XKKG9Lipdoad6PMkQVUxwGsMDobF6NMmrbE/7a3rwTJUCkxUhm5DLuu9HuBaRtDkoZ4AzzttBEfRj9bXGAKou0CZk2pG1gYDfPRL0gtXlISli0ZcoHL1UlTqTXvCv1klyiTDwv4CV+pgvqQrS1hQWGNidmIEYY0kSAOM1rM7R3LtVH+Yg5L7ttnoli0jw8JSIIg+lC5+O7ee3qpazNG1JGOtHU5n2V+CEaiarmaal6Ei9tjtTQ3k1V4kXaXtLaFo6ouhJ1hCNGzQNTL/RVvrZIRb3kV7pd3E5XLuJDfYm+5u1aIBb2ai8WVv+2SEO1CT64tjlJJToIXu0tPnHWPEoVn+AiJNdoorMNryvu6iK+ftE8cPWSY/2iDZes/IjNTTfdtF5e64W2grwIQEJSWxJNWOuHxK9+gUMbolj9SBz7lAkv6XvhLuHl5cBtGGC9uLbNnap+6DjcCLc2N65YOXa6FxtLOyEEQiAEQiAEQiAEZiOBCKal2CoMW94AIoIRyRhlpDKQCZ62AEGJHUZwD8SA4NvxRFdbBa88AYxdoqkN+SpD15N/xwiMV96ItvhACa025KyOIyQY2oQFEUEItMUkBp4G6fBGtCFWVSbGLgOduJGu4xnays+IJ6SILJ6GhQXeljZnq+otPd6otkDBAiO6DVMr74k0iQKeFAZ4W2hgaMP1youysLRtJwI6xzbcb2gLRJQAIQyIija/qeqEKSaM/DasrZi0YYElNqRjP++UeH5j1N7JVAyVXz74+rT3J1WenbX4k0E+uGsfQdwueHht2pysSr/HsZ/HhpemB/kTa+rDc9OWoK+yayPs9QfxlFU5HM97SRzZLh8C1XHK04O2ItCkqXxEOHGsfHjhoxzS7X1PXGlKWx6CtOWhLPLvx2pv/UQevZzSSgiBEAiBEAiBEAiBZYVABNNSbClGJUOVATtpRBJNAm9TF1JTiyluN0oJLOLLh/fFR9zJNB3LyBXkJw+GLdEiSGPS4LedeHIc47vn1bdXpPbH/p5WN5b7voV9y58h3fPvxnjPX37K4xh1IkiIOOW5LkE+0pF+r6c0be954WufPO0T7FNf+dnXj7Wvs7PfvmvrLen8pCFIp7etdpnM4/+O+L9y+C1uL1PvL4TOVE9bP67H73F9T5f+5HH9t3LhoEzy6Nz6ft+T+fR6TZf+5HE9/nTb+r58h0AIhEAIhEAIhMBsJBDBNAtbhbFKhDD0GdWTwmeyuIxPx3ajtQsPRu90hu5k3Nn8u9dLGdVpOmN8Npc/ZQuBEAiBEAiBEAiBEJg7BCKYZmFbEkE+hMKiBEMXSo4VHN+3XVvPxyysftWh11+dIphmYyulTCEQAiEQAiEQAiEwPwhEMM3SdiZ8rotQ6Md3wXRd4s42BHOhDrONacoTAiEQAiEQAiEQAiEwMwIRTDPjllghEAIhEAIhEAIhEAIhEALzgEAE0zxo5FQxBEIgBEIgBEIgBEIgBEJgZgQimGbGLbFCIARCIARCIARCIARCIATmAYEIpnnQyKliCIRACIRACIRACIRACITAzAhEMM2MW2KFQAiEQAiEQAiEQAiEQAjMAwIRTPOgkVPFEAiBEAiBEAiBEAiBEAiBmRGIYJoZt8QKgRAIgRAIgRAIgRAIgRCYBwQimOZBI6eKIRACIRACIRACIRACIRACMyMQwTQzbokVAiEQAiEQAiEQAiEQAiEwDwhEMM2DRk4VQyAEQiAEQiAEQiAEQiAEZkYggmlm3BIrBEIgBEIgBEIgBEIgBEJgHhCIYJoHjZwqhkAIhEAIhEAIhEAIhEAIzIxABNPMuCVWCIRACIRACIRACIRACITAPCAQwTQPGjlVDIEQCIEQCIEQCIEQCIEQmBmBCKaZcUusEAiBEAiBEAiBEAiBEAiBeUAggmkeNHKqGAIhEAIhEAIhEAIhEAIhMDMCEUwz45ZYIRACIRACIRACIRACIRAC84BABNM8aORUMQRCIARCIARCIARCIARCYGYEIphmxi2xQiAEQiAEQiAEQiAEQiAE5gGBCKZ50MipYgiEQAiEQAiEQAiEQAiEwMwIRDDNjFtihUAIhEAIhEAIhEAIhEAIzAMCEUzzoJFTxRAIgRAIgRAIgRAIgRAIgZkRiGCaGbfECoEQCIEQCIEQCIEQCIEQmAcEIpjmQSOniiEQAiEQAiEQAiEQAiEQAjMjEME0M26JFQIhEAIhEAIhEAIhEAIhMA8IRDDNg0ZOFUMgBEIgBEIgBEIgBEIgBGZGIIJpZtwSKwRCIARCIARCIARCIARCYB4QiGCaB42cKoZACIRACIRACIRACIRACMyMQATTzLglVgiEQAiEQAiEQAiEQAiEwDwgEME0Dxo5VQyBEAiBEAiBEAiBEAiBEJgZgQimmXFLrBAIgRAIgRAIgRAIgRAIgXlAIIJpHjRyqhgCIRACIRACIRACIRACITAzAhFMM+OWWCEQAiEQAiEQAiEQAiEQAvOAQATTPGjkVHy4jdsAAEAASURBVDEEQiAEQiAEQiAEQiAEQmBmBCKYZsYtsUIgBEIgBEIgBEIgBEIgBOYBgQimedDIqWIIhEAIhEAIhEAIhEAIhMDMCEQwzYxbYoVACIRACIRACIRACIRACMwDAhFM86CRU8UQCIEQCIEQCIEQCIEQCIGZEYhgmhm3xAqBEAiBEAiBEAiBEAiBEJgHBCKY5kEjp4ohEAIhEAIhEAIhEAIhEAIzIxDBNDNuiRUCIRACIRACIRACIRACITAPCEQwzYNGThVDIARCIARCIARCIARCIARmRiCCaWbcEisEQiAEQiAEQiAEQiAEQmAeEIhgmgeNnCqGQAiEQAiEQAiEQAiEQAjMjEAE08y4JVYIhEAIhEAIhEAIhEAIhMA8IBDBNA8aOVUMgRAIgRAIgRAIgRAIgRCYGYEIpplxS6wQCIEQCIEQCIEQCIEQCIF5QCCCaR40cqoYAiEQAiEQAiEQAiEQAiEwMwIRTDPjllghEAIhEAIhEAIhEAIhEALzgEAE0zxo5FQxBEIgBEIgBEIgBEIgBEJgZgQimGbGLbFCIARCIARCIARCIARCIATmAYEIpnnQyKliCIRACIRACIRACIRACITAzAhEMM2MW2KFQAiEQAiEQAiEQAiEQAjMAwIRTPOgkVPFEAiBEAiBEAiBEAiBEAiBmRGIYJoZt8QKgRAIgRAIgRAIgRAIgRCYBwQimOZBI6eKIRACIRACIRACIRACIRACMyMQwTQzbokVAiEQAiEQAiEQAiEQAiEwDwhEMM2DRk4VQyAEQiAEQiAEQiAEQiAEZkYggmlm3BIrBEIgBEIgBEIgBEIgBEJgHhCIYJoHjZwqhkAIhEAIhEAIhEAIhEAIzIxABNPMuCVWCIRACIRACIRACIRACITAPCAQwTQPGjlVDIEQCIEQCIEQCIEQCIEQmBmBCKaZcUusEAiBEAiBEAiBEAiBEAiBeUAggmkeNHKqGAIhEAIhEAIhEAIhEAIhMDMCEUwz45ZYIRACIRACIRACITAtgXEca/uNbnSjafdnYwiEwLJFIIJp2WqvlDYEQiAEQiAEQmAWE+hiSREjmGZxQ6VoIXAdCEQwXQdYOTQEQiAEQiAEQiAEronAv/71rzrkxje+8TUdmv0hEALLAIEIpmWgkVLEEAiBEAiBEAiBZYfAP//5zyoswRQv07LTbilpCCyMQATTwshkewiEQAiEQAiEQAhcRwKG5HUPE7EUL9N1BJjDQ2AWEohgmoWNkiKFQAiEQAiEQAgsmwQIpj6PKWJp2WzDlDoEphKIYJpKJP+HQAiEQAiEQAiEwAwJdMEUsTRDgIkWArOQQATTLGyUFCkEQiAEQiAEQiAEQiAEQmB2EIhgmh3tkFKEQAiEQAiEQAiEQAiEQAjMQgIRTLOwUVKkEAiBEAiBEAiBEAiBEAiB2UEggml2tENKEQIhEAIhEAIhEAIhEAIhMAsJRDDNwkZJkUIgBEIgBEIgBEIgBEIgBGYHgQim2dEOKUUIhEAIhEAIhEAIhEAIhMAsJBDBNAsbJUUKgRAIgRAIgRAIgRAIgRCYHQQimGZHO6QUIRACIRACIRACIRACIRACs5BABNMsbJQUKQRCIARCIARCIARCIARCYHYQiGCaHe2QUoRACIRACIRACIRACIRACMxCAhFMs7BRUqQQCIEQCIEQCIEQCIEQCIHZQSCCaXa0Q0oRAiEQAiEQAiEQAiEQAiEwCwlEMM3CRkmRQiAEQiAEQiAEQiAEQiAEZgeBCKbZ0Q4pRQiEQAiEQAiEQAiEQAiEwCwkEME0CxslRQqBEAiBEAiBEAiBEAiBEJgdBCKYZkc7pBQhEAIhEAL/P4FxHIcb3ehG9d///u//Dv/4xz/q941vfOPBp++z0e+p2+rg/AmBEAiBEAiBG4hABNMNBDLJhEAIhEAIXH8C//znPysRQuiPf/zjcO655w5nn3328Ne//nVYaaWVhpVXXnm4yU1uMhBVwoorrjisscYawworrFD/508IhEAIhEAI3NAEIphuaKJJLwRCIARCYMYEeJSIIWLp+OOPHw477LDh17/+dXmR/vu//3u45S1vOfzbv/1bHcOztOaaaw5PfOITh/vf//4zzjMRQyAEQiAEQmBRBCKYFkUn+0IgBEIgBJYYAUKpC6ZvfvObw1vf+tbhjDPOGHbeeedhtdVWG4488sjh0ksvrfI4jjfqXve617DffvsNj3nMY65Wzj6sr3ui7OS16tv7wZP/X9tj+3GTQwN7etf0PZnfNR2b/SEQAiEQArODQATT7GiHlCIEQiAE5j0BYsLn73//+3DAAQeUYDL87pWvfOVw3/vedzj88MOHiy66aPjb3/42nH/++cOvfvWrYYstthhe9rKXDVtttdUCfv/6179KHE0VNNK2j2dqMkweZ78w9RjbphM7tvUwmU7ftrD9i0prunR6evkOgRAIgRBY8gQimJY88+QYAiEQAiEwDQEiwuf3v/99iaX3vve9w21uc5vhBS94wbDLLrsMv/vd72ou009+8pPhwx/+cHmfHvWoRw0vfOELh/vc5z6VYk/DQhF/+ctfymNFgBjKd9Ob3vRqQup//ud/Kj9xDPcjzm5+85sPthNt4tnn2z5DAe3j2fr3f//3Ota3YJt5VvIVx/HLLbdcHed/HjF5iC8oizLZJ5798r7ZzW5W+UQ0Fab8CYEQCIFZQSCCaVY0QwoRAiEQAiGAAPHwne98Z3jXu941HHfccSUszE96yEMeMmy55ZYljL773e8Or3/964dTTjmlhuIRVPe+970LIAFi/tN55503/OAHP1gw/+mud73rsNFGGw13uctdSpTI50c/+tFw1VVXDX/605+Gyy+/fLjb3e5Wc6F+/vOfV9rS4WkibtZaa60Sb9IVx9ypBz3oQZUeIXTBBRcMZ511VpWf2CGk7nGPewzrrbdexZPW6aefXgtYEFWrr7567SfqLrzwwuEPf/hDDS/cfPPNhzvc4Q7pDCEQAiEQArOIQATTLGqMFCUEQiAE5juB3/zmN8PnP//54YMf/GCJCwLI6njmKu25557DtttuO5jf9MY3vrEEUfcwrb/++oWO8DjhhBOGr3zlKyVeCB5D9wgTw/p22223Elc8SATZMcccU8P8eLV23XXX4TnPec5w8cUXD7xbBA6P0J3vfOeKR1AZFvjDH/6whNqTn/zkYY22Qp//P/7xj9e3ctz61rceiDpl33333YdHPOIR5aU66qijho985CPDZZddNqyyyiolupTDMEPl22STTYbnPe95JQznez9I/UMgBEJgNhGIYJpNrZGyhEAIhMA8JtCHp/HWEBZHHHFEDWMjkggjYoRosRDEG97whhJO9r34xS8eNt100xpG9+1vf3t4z3veMxBej3/840scme906KGHDoby7bHHHsPee+9dy5Pz7Lzvfe+rxSQMqSNWnv/859ewOsLIvksuuaQ8SbxYhNNHP/rR4Re/+MWwzz771HZD6Q455JDh/e9//7DuuuuW4LLUufJLY+utt64hhTxgp512WpX7pJNOqiF7G2ywQaUpDx6uddZZZ3jpS186PPKRj5zHvSBVn46AcyPDNKcjk20hsIQItJMwIQRCIARCIASWOoEmWsYmQMbmbRnf8pa3jLe73e3G5ZdffmziaGwLPVT5HNM8OmPzFI1tDtDYvELjmWeeObbFGsbmqRmbsBnbsLva3rw8tb0NsRvbwhBjG+o2tmF548EHHzw2j9LYhsaNzZs1tmFw461udauxiaCxeZdqe/M+jW3I3diG443NQzQ2kTO2oYJjE1XjO9/5zrEJskpbWZ7whCeMd7zjHcenP/3p46mnnjrKt4m48fa3v/3YPGPjgQceOP75z3+u+G01v7EN1xvbqn/jm970ptrWxFylu//++48//vGPl3o7pACzj4D+nRACIbD0CMTDtISEabIJgRAIgRBYNIF2K6xV7Mwv4rF5+9vfXkPirILH82NBBMfwGL3uda+roXs77rjj8KIXvajmAxli10RHzQnybqZnP/vZg7lL5g8ddNBBQxM6NaeJ54nHyLwkw++acClvEC+QtHx/4xvfGAyh47HiWdp3331rkQb/y3O77bYrT9TXv/714c1vfvPwve99rzxgvEbKqYyG6ln44alPferwlKc8pYbiyetzn/tcDTF89atfPey000616t8VV1xRXicv5jVnKiEEJgno9/EwTRLJ7xBYsgQimJYs7+QWAiEQAiGwEAJdMJnX87GPfWxoXqZakMEwNYLJKnKOsfDCa1/72uELX/jCsP3229eQPIs5mEdk7pNFGAyZax6fYdVVV625TF6AS4AZhrfDDjvUUuXEjSXKxSOmmheoFpe4053uVAsvMFANC/TuJ8MBDbUzbM7cJQs6ON58K+kSSBtuuGEtc948Y7XqnSXKrYS32WabDRtvvPFw5ZVX1rHN41TpeH+U8k8NMYynEsn/IRACIbCUCbSbT0IIhEAIhEAILHUChh0Zktc8QjUkz5C2qUPyHHPuuefWkLvmvanhcG01vPHXv/712FbWG5vXaGyLRIzt3U3jz372s6qToXdtPtHYlh4f29LgY5sPVcPm2oIOo09b3KG23eIWtxhXWGGFsYmb8ROf+MT4/e9/f9xrr71q6F/zGtVwvjZfaWwesEq3Cbvxy1/+8tjeATWK+7jHPW5s85SqLIbs/fa3vx3bIhSj45T7pz/96dgWlRiV29DA5mlawNz+hBAIgRAIgdlJwNO6hBAIgRAIgRBY6gSIBnOU2jLfNb/HHKa24tzYhryVsFFAxzRvzthWn6t5R0960pPGc845p+Y4mY/0gAc8oOY+NY/U2BZTqOObx6kEUPMOje29TjVfqK1UV2kSU+Yzvfvd7x7binclZqTZvFglfMyfah6nKkfzLI1nn312pdnLIm/zqcx1asuej1/84hcXzLdSj0svvXQ0h4owa4tZjNIgvoiyY489dqkzTwFCIARCIASumUCG5C1lD1+yD4EQCIEQ+D8C7ZZVQ+7MYTrggANq+JrhdeYbGZLXFmaoAy3ZbUhe8+7UKnQveclLhgc+8IE1VM8cJsPkHvawhw3mPhlK1zw7lV5b7KFW2ZOWpb77ED9Lj3v3k3lR5h1JzxyoJs5qHtNb3/rWmktlfpNV9gyz68PmLFluCXLlNffI3CYr9932tretFfbsNyTvfve7Xy0fbg7T0UcfXSvqveIVrxge/ehH14tq0wdCIARCIARmL4EIptnbNilZCIRACMwrAgST+Utt1buheXzqPUlEixfWEjBeYGsZb4sxED8WbLAgg/czmVdEpLTV7AZzhCz0QIxYwIEYOvLII2ubdNowu3oPUhuet0D4tCF9NWeqrVJXCz8QOMSadz694x3vKFFDSCmD0AWTYywQYc6VY5VXmYgq86PMk2oeqxJqX/rSl0pYNS9VzYeyfLgFKAiqLgbnVYOnsiEQAiGwjBCIYFpGGirFDIEQCIH5QIBwIYg+85nPDF5CS0S1ZbhrRbvHPvaxJVS838jLXokT70+yEh5R4p1HBMwpp5xSYss+L5HlYfrd735X72ryctp73vOetSIdzxLRJHhxrJfdEjm8U8SX9NtwusFKeFa+22abbYa2fHiVoQsmeShnm0dV+bZ5T4MV73ivvJeJx8kLcy0QIX2r7CmjF+ISh8rs5bZtyfP50LypYwiEQAgskwQimJbJZkuhQyAEQmBuEmjziWpYXFuwoYRJ9zoRKISOYW9WuuNpInaIDvt4kto7j2o/75KX3xJKBI3Ag7P22mvXqnnSEMeHaBKk1wUakWWfvG0nduRlu+N9+n7pd+Emvpfj/vKXv6zlxNdYY416QW5bEKJW6rvqqquqvNIizBxHKCk3j1RCCIRACITA7CQQwTQ72yWlCoEQCIF5SYD44H0hRIgSgXDxfxc6RIzQRYs4vFC8QD04RjriOu4mN7lJHUPs2Cb09Huc/t339/9992N7en2f/30mhZe8iSJ5ToYeV1rK3BacqHSVvac/eXx+h0AIhEAIzA4CEUyzox1SihAIgRAIgRAIgRAIgRAIgVlIIIJpFjZKihQCIRACIbDkCfAA9WCeUVsWvLxak0P0eIK6p6gfm+8QCIEQCIG5TSCCaW63b2oXAiEQAiFwLQj0uUiG1pkDZeW7M844o+Y8WQRizTXXvFoqGUJ3NRyz+p8uhLvQTdvN6uZK4UJgVhKIYJqVzZJChUAIhEAILEkCXTBZLc8qfe973/tqcYn2ottayW6fffYZNt988wXzpGJ0L8nWuX55mS82KZrML0v7XT+miR0C841ABNN8a/HUNwRCIARmKYHuAVhU8a7NMQuLf01xLT3+uc99bvjABz4weFdSX3jCCnvrrbdeLf+9884718p3C8sj22cfgS6YevsTTAkhEAIhcF0IRDBdF1o5NgRCIARC4AYnMGnQGhI33Up2jrH6HM9AX5FOQab+3wvHOBa6kTx1e/+/f3t30jHHHDMcdNBBtay5OUw9rjysZHePe9xjeFJ739Nuu+1Womk6L0XPt6frGNt81EFQ/sm4k/tsj0Hf6d1w3509vpPsb7gcklIIhMBcJhDBNJdbN3ULgRAIgWWAQB8Ox5Dtgkmxu9Dovxm9Pl1QWZb7N7/5zeDdTd0I9v3b3/52uPzyy+vdR4bYiXPX9nLb293udvWepF/96lcLxIvj5XPxxRcPJ5988uD9T9LtZZJ3LxMhYy4TwWReE8+TuD34La53Knm/0vLLL3+1csnLZ6pgIgTlJ8hj6nLkPf18h0AIhEAILB0CEUxLh3tyDYEQCIF5TaALDd/Egm9enf5uIu9Q+sUvfjEQNwJR4aWwF110UR3n+P7yVy+E7WLEtzS80Fa6XYgQN14gK13xpCe/7rUirPpLcAks8Xz3QMhIm6fp9re/fQki23r8nr//l1tuuVosYoUVVihxJI1VVlmlXrxLtK288sr1EV8goLxjyv9+97ykmRACIRACIbD0CUQwLf02SAlCIARCYJklQFQQL5PGfRcPKmWfY3yICd/EiZXo/P71r389XHrppeUluuSSS4bLLrusxAphw1P017/+tdKWDkFD5AjED0+MNImh1VdfvTxIjrOPqBEIHMJFerZbxMELbi+44ILhyCOPHM4555wqx2SZxZOOj+2TvwkawXblt+T4RhttNNz97nevsv30pz8drrzyytqnfMqsvspBSNmmPLe97W0XCCRluvOd71xlJqh4w+54xzuWp0r6XUT1b3n3oGw99HJ2wdW35zsEQiAEQuD6EYhgun78EjsEQiAE5i0BBnr34HTBQUTw8PgQCsSDIXO8QIa9+eY5MmeI2Jn0+PhNzBATxMFKK600rLXWWjW0DWRD3Hy6l8dv+YlDhNz85jcvcUMw8Nj0MjnecbYTLL/85S+Hgw8+eDjkkENKsNnePUqOlTdhpjz22SZeD9J1vDryHD3taU8bHvOYx9QxhKD3N6mb4/785z+XZ8yCEgIBRSASVsQiNj2PXmbCjrhS/1VXXXXBb6LMUD8fjJRJHOXTFurouwurXt58h0AIhEAIXD8CEUzXj19ih0AIhMC8JMAwJwoICwKBOCIiCCIrzJ177rk1H8j/RANj3v4usggcYoNnyGIKPCmMfyJhxRVXLBFBABFFXaz49iEIiARCQ+higUCxz2dhQXlPP/304dhjjy3hZE7SGmusUaKG2CFKiJXTTjut5jTd6U53qmXFlVN+PS8CiEdMng996EOHLbbYojxCPV/17cKKSCKuBAyw8jH/Sjr2EWd4mntl2KHt2E3Oz5I/RgQTTrxSm266ac2r4qVS7i6guvDr5cl3CIRACITAzAlEMM2cXWKGQAiEwJwg0I37ycow9icDoUBsGCJHABku9/Of/7y8Rueff/5wWRtKRxjYT0ARBjwlRBHR4UOYmL9D9BBMhp8x8g2pmxRCBI/85Sn47r9tn/z0fb4nt/s9XSBMCKM//OEPtZsgU07zmggX5SFMTjjhhOHTn/70sNlmm9Vy4hZykGYvh3TUVT2Vv8eT6ORxk+XoZey8/d9FpN8+na+ydA8UrjxSGGP+4x//uPgrZ8+biDKU7y53uctwt7vdrb7xJaTUjxduUkjKS+jfk/tqR/6EQAiEQAgsIBDBtABFfoRACITA/CLAcO8fxrfAwPfpw+UY67whPB3m+5x11lk1pM5qckQHg583o8/LIYwMozOUzG+GPLHBYCcqfAvy63nWhok/XVB04cGonxQe/dDJbZNx+v6FfU+X3uQ2YuXzn/98vcB2hx12GPbYY4//J6nJ4/2+NmEyjuMnyz9dfGz7p4tRws7iF5c18UT4+SamtI//iVoBc+JUW6yzzjrD2muvvUBE8UL5EEm49fL7P8JpupbIthAIgflOIIJpvveA1D8EQmBeE2As+zDMGeVEkHlHjHJzjQw760PE+nLcjHGeo9VWW21Yd911a/U3wqh7a3g9DKdjlBNFXfhck0CYLQ1BlJjj9NnPfnZ4Unvv0u677z4ritaFDe+WD2HHI9U/hvhZzILHz3yx3l5EEVG7RvPw3ec+96mhfDxR2s9cKO2mvZaV9pkVjZFChEAIzCsCEUzzqrlT2RAIgflAoBvWk3Wdagw7hjAwV8bQL+LowgsvHH7wgx8MP/rRj2q7+H3ekFXneI0Y3LwW5vTwKpl7RCBJ30e6/cNbYVv/nizPbP6Ny4EHHlheptkimDrTye/JNvWbMOpD+ogn4teHiPrud79b86N4C4kt7ao9eZ823njj+tbG2pN4sr+nL8+poe+buj3/h0AIhMBcJBDBNBdbNXUKgRCY1wT6Cm0gTA57Y/iaf8SY9iGOzjjjjPIi8UYwpHkieBzWaN4IxrSFBfrwOp4lBrVv3qNuNHeD2v/9t7z97kO8+rG2z/ZgWNtRRx1Vn1133XXaIXlLow5T2U7lrUyT2wgonsM+pFIbW1SCILYoh9X6CCziiFjqbc7zZDiltjcPSnvrR/KXpo98+qe38dJgkjxDIARCYEkQiGBaEpSTRwiEQAgsIQKM2UmhwltiEYa+SANj2SpxhtzZxui1Kp3V4SwWcM973rOGahlix3NkwYA+52UJVWGpZ2No4mGHHTZ85jOfKbH0+Mc/fqmX6YYoAPFEDBJQPIu8ioZbEs68UMQ00azPEM0Es3dM8SrqH8QT7xOBpJ8JXTT5TgiBEAiBuUoggmmutmzqFQIhMKcIEEHX1ihl9HrPkYUZfvjDH9ZQu/5SWB4FhrMFATbYYINhvfXWK5FkTgtPAkOZQBJ6nsvakLrr2/D4HXPMMcMRRxwxPPrRjx723HPP65vkrIjfPUS9XYke/cFiETyOhmZage/73/9+CSjLmmNBUOsn66+/fvUVHkeC2pDMqR5MfbSnPysqnUKEQAiEwA1AIILpBoCYJEIgBEJgcRMgcoQumhil3Vj1m1eA4WvY1XnnnTeccsop9T4kL2k15Ip3gCiyWIM5SAxgHiUCqXuRpNON3f67D7fq+S7ues6G9LtgOvLII0swTbdK3mwo53UtQ2/TPqROfO3aRY6hnL0f8T7pR1ZGJKIIcN4p/YXY5nXafPPNy/PUvZG9r0x6OedTv7mu7ZHjQyAElh0CEUzLTlulpCEQAvOYAGOWwUskMUz9NnSMIDK8zlA7XiRDq6yQxuhnyBJHhtnd+973rhXtDKmyvLdP9yTNY6zTVp1omI2r5E1b2MW0UX/jfTKck+dJv9LHDOEjoIhz4kn/4qm8173uVb8JcgJc/xQimBZTAyXZEAiBJUoggmmJ4k5mIRACITBzAp7cM+a9e8dQOyuf8QB4+m+fIXXmmpis7707d20vMjWB31wk+4il7pWaeSnmfsw+h8mwPPOXHve4x839Sk+p4aQ3St8iwM19IpR4n4h04knfI9otRU+gW2Z+k002qc8abeEQ3s2EEAiBEFjWCUQwLestmPKHQAjMGQJ9KFOvUBc33rfjKb85Sccff/yCle0MkTKPxBN+k/O9U8cTf0OmPP33klir3hnOxwD2tL+n2fPI9/9LAG/vYDIkb6eddpozc5j+35oufEv3EPU+qe90b5FtRGWf+2Q5+u985zvl2eR9EtZcc83hgQ98YAkn3k39sYc+vNT/0pRX+mWnk+8QCIHZSCCCaTa2SsoUAiEwLwl0Q7LPBbFqmWFQVjHrK9sZdseLZA7JGu0Jvk8XSZ7mE0nTPdVn5E4avfMS8LWsNG+KFfJ8HvWoR82aZcWvZfGX2GHdC8XradU9niYez29+85sl6r0DinAi5jfbbLP68H4SR+Lq7/ql/q7PdkG2xCqQjEIgBELgWhKIYLqWoHJYCIRACCxuAoxI80bMFzn//PPL+PTk3vAn4R73uEcNedp6661rXlL3IhFJeUJ/w7UOz92hhx5aXiZD8nbfffcbLvE5lpI+KxA+BJBhe971RDh5x5d+7H+eTnPpiKcHPehBNefJO73EJ5T6Q4I5hifVCYEQmCMEIpjmSEOmGiEQArOXQDcqGYbd09NL25+qE0rf+973hq997WvDt771rRp+x8hcffXVSygZ1mRVOyvdrbTSSmWATqYRg7PTuP7fPExeXPvpT3962GWXXWoe0/VPdW6m0Pu2fj35G8P+olyLkJx55pm1XLl3fxkyapXG7bffvobsWba891/pCP28mPq7duZPCIRACCxhAhFMSxh4sguBEJifBKw6JngKzxgkhoTf//73NeTOMKavfOUrw6WXXlrvvbn//e9fyzZbvMF7bywLblW7yaFL/en8pHFZiebP9SLA2P/c5z43fPKTnxy23XbbYe+99552mOP1ymSORdYXu2CaFD/6fV/N0fwmHqdzzz23xJP+bMjexhtvXF4nDwWssOccmUyrpzfHkKU6IRACyxCBCKZlqLFS1BAIgWWTAONv8sm5/8358K4kHiWeJU/erWi34YYbDptuumm9JNST+L6yXYbcLbm2t+gDwWRY3nbbbTc8+clPzpDH64mfCCJEDdkz1+nss8+ufq/vG7JnbtM222wz7LjjjrW6o37vnCGW8kDgesJP9BAIgetNIILpeiNMAiEQAiGwcALEUTf4PGm3iANvUh+iZCieRRwe8IAHDFtttVUZjla7YzAyFrvBmKfsC2d8Q+/pgunwww+vVfKe8IQn3NBZzLv0CCahe44sFHHVVVcNl7Ul8s11Ovnkk4ef//znNVzPHL2dd965zou+gEk/j/r3vAOYCodACCxVAhFMSxV/Mg+BEJgrBLoHiUHXjTpCyYf36NRTTx1OOOGEGorkibqFGgy722KLLYZ11lmn5ibd/va3L0+GOJPpRCwt2V7CC3LAAQcMX/ziF4d999132G233ZZsAeZobl009fNCHzdkj7fVcD0PEbz7ynuePEQwRM+DBItEGJIqTKYRr+sc7SipVgjMQgIRTLOwUVKkEAiBZY8AwdQ/3ZDznhpLgh999NHDSSedNFhmeZVVVqn3Jj3kIQ+ppcHNTzJvo3uTlr2az70SE0wf+tCHhuOOO27YZ599hl133XXuVXIW1ch5w6v3pz/9qV7I7OHCV7/61cES+re5zW2GLbfcsobqbb755gve50Rs9fNsFlUlRQmBEJijBCKY5mjDplohEAJLnkB/Yu4ls9/4xjeGL3zhCzUEjzFoYvuDH/zgmp9hlTvzk3iZCKUYfku+rRaVo2XFrZDnPUyPfexjs0reomDdAPt4jbrnyDnEI2vxk9NOO60+vE8WiLCs/iMe8Yg6j5w/OW9uAPhJIgRC4FoRiGC6VphyUAiEQAj8HwEGndCH4PnNcPP/lVdeWYs4fOlLX6r30NhGJJmTsf7665dIMjepD0nyLfTv+id/ljoBixN89rOfraXFd9ppp2HPPfdc6mWaywVwnvTzyQME55iPFSSvuOKKeg+ZRSJ4aS1V7n1OD3/4w4eHPvShg/l+VpwkqLrocj5lGOtc7jGpWwgseQIRTEueeXIMgRBYRglMGnaMsz4hnVA6/vjjh89//vPDRRddNNzxjneseRf3uc99SijxKPVFHJbRqs+rYvMImkvDy2TxAS+vTVjyBJxvzjPznAzXM7fpYx/7WA2VJIh4bW95y1uW19bCHN5R1sWW/RFNS77NkmMIzFUCEUxztWVTrxAIgRucAGOsP8VmVHv6fdZZZ5UB9+1vf3u41a1uNTzmMY8pj5Jlkpdffvl68h3j7QZvisWaoBXcvIPJ0uK8S7vvvvtizS+JL5yAc45wMkzP6pIHHnhgLcdvPiCxxJu03HLLDc961rOGvfbaq+YIOt7DjAimhXPNnhAIgetGIILpuvHK0SEQAvOQAKNNYJyZ3/LTn/60PEoWBTDXwqINVvIyv8JT71vf+tYLht0x3iKYlq1OY0jeUUcdVR4mc5j22GOPZasCy1hpu1eoD031bVtfQe+73/1utYWHEh5SrLDCCrXf8Dzno2PNaXrYwx5W3sBNNtmkzkHnXT93fUdALWMdI8UNgVlEIIJpFjVGihICITD7CHSPEuFjToWn3Icccki9eJNHiZFGKJlXseKKK9ZCDmrBQOuGXzcEZ1/tUqLpCPAemsN05JFH1nuYModpOko33DbnVhc2UnXOebmthVMs7X7eeefV3CXL7pu75HyzsMr+++8/nH/++bXqpAVUfvKTn9ScJsMot91222GttdYq75P0+jlovmH/fcPVICmFQAjMdQIRTHO9hVO/EAiB60WAsdXfo2SI1ne+850a7mOJY4aZxRwIJRPPY4hdL9SzJjLBpK2POOKIWs46L65dvE1DLDnPDIUker71rW8NfeEUbbHhhhuWB/e+971vzVdyvr3vfe+rpd9/9rOfDdtss83wjGc8Y7j44ouHL3/5y7Ucufc2OT99LN3v/BQimBZvWyb1EJirBCKY5mrLpl4hEALXmUB/yk34+M2jdM455wzHHntsvXTWxPN11123hv0w3izuwADrQ338Tlj2CXTBxMO04447ZpW8xdikzjPn21//+tca5vrBD36w3sX05z//uV5eazikd5YRPeYEEj4XXHDB8NznPrfOO3OVLrvssuGFL3xhrUjZV6r8+te/Xl4pL8C10qEV9fr52s/TnvdirF6SDoEQmCMEIpjmSEOmGiEQAjMnwHCa/JjD4sm1Ve94Ghhvm266aQ0FWm+99WpiuYnm4gi+uxE281Ik5mwhwHg37LIv+pBV8hZ/y/zud7+rhTasgkcEEUmGu/Iu8RZ17+3f//734QMf+MDwqU99anjBC15Q3t2Xvexlw2qrrTa8/vWvr2F4HnT8/Oc/H0488cTyVF111VXDox71qOGpT31qHe8BB+FlKKB0+wOPxV/L5BACIbCsEohgWlZbLuUOgRC4wQh0sWRI0OWXX14vyzS0x/yI/oTa+5QsD26Bh4S5TYAn8V3veletfsiTsdtuu83tCs+C2hFCFlAxJI8nafXVVx/MWSJsJh9GnHrqqcMrXvGKElGvfe1r63zcd999azl/3qmtttpqwbA7K+ldeOGFw2GHHTZYtdK+vkjLRhttVA8++qsBZgGCFCEEQmAWE4hgmsWNk6KFQAgsGQI8Sob1eDHmV7/61RoS5IWYffK497vwKPWn0f1p95IpXXJZ0gSsvMbI/sxnPjM87nGPyyp5i7kB+qIP5jF5eNE9Ps4zYqmfb0TVG97whlpa/GlPe9rg47x85StfWavovfSlL63hkwRXD9Kzsp5hluYffuhDH6oFJR75yEcO5qats846tfR/Pz7fIRACITAdgQim6ahkWwiEwJwjwHBimPXAEPP/b37zmzKkDj/88Hq/i5XvLBHOoDJPiXBynI84jLluwPW08j23CBBM5i9ZWpx3KcuKL/72nTw35da9vn534XTyyScPr3rVq+ol0C95yUuG+93vfuVh8s4sw/G22267mstkrlKP59t5S4zxHvdhtobc3ute9xr23nvvYbPNNiuPVb8mdNGW87ww5k8IhEAjEMGUbhACITAvCDDIvNeFEWQYjqfV5557bq2qZYK4ZYoNA+JVsmyx4UB9+B0DqocYUZ3E3P3+4x//WEPyvvKVr9TiArvuuuvcrewsrxnvr4cUztfXvOY1NSfJ3KVHP/rRNXTPvjPPPHN4znOeM/AEv+lNbxrudre7Tftgg2gyv8mwPMvGW4nPy2/NlbK4hwVdbnrTm9Z1wjnvOtG9XbMcU4oXAiGwmAlEMC1mwEk+BEJgdhBgAHVPkRdemgtx8MEH1xLEDKXtt9++FnYw14FXKWH+EmBUv/Wtbx2+9rWvDS9+8YuHXXbZZf7CWMo1J3I8pDjllFMGXiUvrTV3aYMNNihB47z2sMOy4l4o/Z73vKc8wwubm9SvA7/4xS8GD0p4EX/84x8P5jR5SbEXT5uraO5UvMlLufGTfQjMIgIRTLOoMVKUEAiBG5YA42gyWO3u+9//fq1+RjAJFnNgEK+55pqD4XjiGJqTMH8J9FXyeCHMc8kqeUunL/TzV3u87W1vq3ll5pTts88+w8orr1xCyjGGUPI6HXfccbUgxO677z7c+ta3nrbQjifChL/85S/1AmrC2LufLBJhNcwddtihvj04IZrEiWd5WpzZGALzhkAE07xp6lQ0BOYfAYYR8WPCt2E4lhm2VLR5S+YtbL311oMX0N7hDndY8LSaYRQDaf71lckaGwZmrkvewzRJZcn/7uehuUuvfvWrh9vc5jbl8dtkk02Gm93sZgsK5Dw/4IADhv33378egLz85S+vByALEzk9XQkQWzyKZ5111nDooYfWfEYeJvOhHv7whw/3vOc9a87UZJwFGedHCITAvCEQwTRvmjoVDYH5R4Ah5amx1bEMvfF9pzvdqd7J4kWWK664YhleDKt4leZf/1hYjQls3iWCyUtP99xzz4Udmu2LmcBvf/vb4c1vfnO9d+mZz3xmvUvJA46p4YgjjhgIJR6h97///SWcDKu7pqCtiSHzG81pPP7442u4rgUi7n3vew9PfOIThy222KJW47umtLI/BEJg7hKIYJq7bZuahcC8IMDYESafABNAhvGcfvrp9dTY+5SIo63ae1gYP2uvvXYNvzOnSTxG1sLmPMwLiKnk1QjwOlh57ZhjjqkV8gwDS1gyBJyP/Zz0wMODDgs5GIJHEFkZz8IMU8NFF100fOQjH6kHJOYzecH0NZ3T8pGH64BrQH/A4qW35jfxMtrm4QqPkzQtBNPLOOnBmvw9tWz5PwRCYNknEMG07LdhahAC85qAJ8MMHoHR43PVVVfV+5QOOeSQGorH4LH6naE8Jo0zpLrR0+GJlxACCBBMH//4x4ejjz56eMpTnlLvYgqZJUPAeel85vElXPbbb78SL7xLvD2WDJ9OnPR3qfEYrbbaarWC3rUpsbykJ1/fPkQSz9YJJ5wwWCmRZ9rKezyND3nIQ2pRmH7dcbxrRzzU14Z2jgmBZZdABNOy23YpeQiEQCPAQGLgGH7jt0UdPvGJTwxnnHFGLRlsQQdzle5617suWCY84EJgUQQY315a+8UvfrFWTiO2E5YMAQKmC6Zjjz225i6tuuqqtZiDBx7TeZd6yVwHCJ9r8iz14xf1LR2LQpj7aN7jpz/96bp+bLPNNuV1JKB6WeV3Q+S5qPJkXwiEwNIlEMG0dPkn9xAIgetBoD+N9pTXQg5WyWLYXHLJJbWog3erbLnlljX8Lk+BrwfoeRaVYGKs+1hu3nLTCUuGANHTz2dzl7TB0572tPIu3e52t1uiwqQLsCuuuKK8XLxN3/ve9+raYuVEwwOXW2658jApc0IIhMDcJRDBNHfbNjULgTlLoAslFfT7ggsuqDknBJM5BuacWC6cV8lS4Z4EOy7DZuZsl7hBK8ZTyVA3f4Zg2mOPPW7Q9JPYwgk4T4kP5/Jr2otqDcEzd2nDDTcsL/KSPIeVRfDtlQTnnXfecNBBB9Vw31VWWWXYa6+9SkwTcv0a4/glWUb5JYRACCx+AhFMi59xcgiBEPj/2DvzuKum/Y+v1+v3aqAkDTdDVEqRsYiuIalQXCRDhjTSqHkipVJpLs2DCA1IZjIUScYyNEk0h0KFSsS9f/y8v/euxyNP9Qxn2MNnv16n83TOPnvv9V57WJ/1nRJMgJlfLEb79u0z17tp06ZZggdqqNx4443uwgsvzIhV0sxvguHHYHOcV48//rjFMGFJUNKH1HY6Fh0KByOasC4hWEnagnBJl+sb9xziltatW+deffVVc9Pbs2ePq/lHIplmzZq5U045xYQepNJ1jKntJe1NBOJFQIIpXv2t1opAJAgwcPn666/dvHnzzAWPOAPilG6//XZLBUyNFgQVLwmmSHR5Shvx66+/WsY1sqS1aNFCgiml9J1lpxswYIAVn+3du7e5vhGjmM7rGcHEwjulCpYuXWpWbTJxUtMNYVe9enWLm0wxLu1OBEQgBQQkmFIAWbsQARHIGwFmln0gOPElK1eudFOnTnXvv/++1VW69NJLHS+KTDK7611p0jnAyluL9et0EsDC9Oijj7qXXnrJNW3a1F133XXpPJzI75vrlRfXK9aloUOHmjskWfFIEU7SB75jSdcESGaXO46Dc4RyBdR/QlhT3+22226zbJy46HmBpXsQtLSIQPgJSDCFvw/VAhGIPAEGKyzff/+9DaQYoGzevNlc73CZOuOMMyzVry9UyeArXQOryHdGDBqIhYlMixQxZRBM8hAtySHAterFCJMdZCccNGiQxR7efffdruYfLm/EJQZp8cfsLd2LFi2y2CYsT5QwaNiwod2TaA+CyYu9ILVBxyICIpAzAhJMOeOltUVABNJAgAEKbndTpkyxuJLDDz/cIZSuuOIKV6FCBVewYEEJpDT0S1R3ifUAywGFa2+66SZ7RbWtQWiXt8aQWKFPnz7uueees4QKd9xxhytdunQgBYcXeYgmjvujjz6yuLf33nvP4pk6duwoF70gnFw6BhFIEAEJpgSB1GZEQATyTsBbhhiMeAsRf2/atMlNnz7dBrFky2IG94ILLnC4vpCRSlmp8s5eW/iTAIVrZ86cadYOipUizrUknwCio3Pnzq5kyZKua9eurmrVqs7HIyZ/7znbgxdMXuwhnNasWeMmTZpkSSHKly9v7pzXXHONWb+5t7H4+1rO9qa1RUAE0k1AgindPaD9i4AIZBBgUMEAhHfcWHBxwS1qxowZbvv27e7KK690DEAoGkn9Ew0+MtDpjwQSIE7umWeecXPmzHENGjRwiCYtySXwww8/WKIN0rkTu0TtqyJFitg1HuQJkcxCiPOGEgecN7gN8x2TO03/iIMjxgmRFeS2JLeHtXURCDcBCaZw95+OXgQiRQCxxAuxtHv3bgu6HzdunAmnG264wbVt29YdffTR9r3EUqS6PlCNYeBLLA1FkEn4IAtTcrsHIUG2OWKWSpQo4Xr27OnOOussExfcC8J0rWNpInHFhx9+aC56JIYgIQ2p6Ym1DFo8VnJ7VlsXgegQkGCKTl+qJSIQagLexYV3UoYTQ8KLwrPM0DLooFgkAyjN0oa6qwN/8CR9wAX0+eeftxo7xDFpSR6BHTt2mCsbRWGJW2revLnVXWKPYbvWsSpxD/vll1/cl19+adbx+fPnWxHtO++809WoUUOpx5N3KmnLIpA0AhJMSUOrDYuACGSHADOyfgaZ2BHiGB588EGboS1Tpoxr166du+SSS6wQLQMR1vXrZ2f7WkcEckoAV9Dhw4c7BrrdunVzWDe1JJYA1zIL1/Knn37q+vbta1blgQMHWrIEhFJYr3Xvpoe1fMOGDTbxQyILYrO6d+9udaWIzWJhXd9OJoO0iIAIBJOABFMw+0VHJQKxIMCgybvhIZZwYxkzZozbsmWLpedlZv/UU09VvFIszobgNJKsZwTvUxi5TZs27sYbbwzOwUXgSLwVBlFEqQDcbnGBJD4RKwx1l6KwcH9jQujHH390b7/9tnvooYdMIOHiWa9ePUsG4YUjLEhDrkUERCCYBCSYgtkvOioRiAUBBhPEi+DnT7zIkiVLzJ0FF7zatWvbjCwgfD0TWZZicVqkvZHeJY/Afc5FueQltksQTD5WEYtyp06dLE6xX79+ViqAsgFRuNZ9O6HHOUWc1gMPPOC2bdvmLr/8cjuvKlasaG6H/h6XWNLamgiIQKIISDAliqS2IwIikC0CzKh6N5R///vfbv369TbzSmapk08+2Wb0Kf54xBFH2KCKjTJ4Clvwd7ZgaKVAEtizZ48NbF977TXXoUMHWZgS3Etc/7xI7PLwww+bhal69ermlnfSSSeFLm7pYHgQhn5hcujNN9806+Xq1aut8Hbr1q0dpRKoJce90bvnRUEw+nbrXQSiQECCKQq9qDaIQEgIMEjCqoT44X3ZsmWOQG8GEWSQatasmQVFk0lKA4eQdGoEDxMXqkGDBllK+969e1uK6wg2M61NYrIENzVilygUfNddd5nVBetSVCdHEEQkgyBma+rUqWZxqlatmmX/pOZU/vz5TUjS/rAlu0jryaSdi0AKCEgwpQCydiECIvBfAgwYfMzS8uXL3cSJE23QcNlll7kWLVq4ChUqZAwacFHRoEFnTjoI/PTTT27AgAEmmPr06SPBlIROoO7S2LFj3axZsyx1OyUDSpUqZRMlUXVP89YmJouwrOOGTL0vLOu33367O+eccywrKLhhoEUERCA4BCSYgtMXOhIRiCwB74LDzCkzrPjykwlvxYoV7uqrr3a4pVDYEauSd0vRLGtkT4fAN8wLpjfeeMPJwpTY7uJewDVO7BL1lvibzHj//Oc/bUfcA7j2eUVtoa3+XkjbvvvuO6vVhDsyWfNuvfVWux8iHDO3X+55UTsT1J4wEpBgCmOv6ZhFIEQEmFVlkMBDn0x4b731lmXCI3XzFVdcYW54pUuXzggC94MD/x6ipupQI0IAwcQgfsGCBRJMCexT7gVYjSnsSma8p556yooCk4kQkcB9giXK175vo8dKDSpSjpNBj9g5LO0NGzY0HqzD+liboszEs9C7CASZgARTkHtHxyYCESDgBROpmhctWuQmTJhgmfGwKtWsWdOVKFEiYzDArKoGBhHo9JA3QYIp8R3IwN9bWLgP3H333VYugFixs88+2ywsid9rcLcICx/PiVAiIyOiaefOnZaZ8frrrzerO/dECabg9qOOLD4EJJji09dqqQiknACDJF7bt2+3AQHxCjz8qbVC2nCSO/A9gwKJpZR3j3Z4AAKZXfLuueceFa49AKecfOzvBViWR40a5XBDa9KkicXuFCtWzCxPcZosYSLJTyZhdWNCiSQYjz32mFu3bp3dH3HRq1y5smXQgzUM48QoJ+eX1hWBZBOQYEo2YW1fBGJIgIEACw93ZkxxvSFmqXjx4pamuVatWhbczAwr6yCW/KIBgSeh93QRIN31sGHD3MKFC1337t1d/fr103Uokdkvg32sKtRa69GjhyV3we2RRAdxnDDxAtK/09FkC1y7dq1Z4RFPNWrUcF26dHGVKlXKOA9YXwkhMnDoDxFIGQEJppSh1o5EIB4E/MAI4UNQ87PPPmuzptRVat++vfNiKR401MowEsBFavz48W7x4sVmDSXWTkveCZAZb/To0ZYZ77bbbrOaayVLlsyI08n7HsK7BW9t4v5JIe+hQ4e6d99918HpxhtvdL4+FfdVCabw9rOOPLwEJJjC23c6chEILAFqrGzZssUsS1iXypQpY8HMF198cUba3MAevA4s9gRwycPCRIISrCGyMOX9lEAQvPPOO5YZD0vK4MGDXc0/Yhj94J/3uFuXYcQLDliYpkyZ4lauXGlWONyYzzrrLOMl9+W8n4/aggjklIAEU06JaX0REIEsCfiAbsQSKYN52H/22WeuTp06lgmLGVKKUsZ9UJQlPH0YKAI+6YNPK37dddcF6vjCcjDe2uwz4/Xr18+99NJLNnnSqlUrd/TRR2fE5WR2yw1L+xJ9nP4eCjcyim7cuNHc81599VV32mmnucaNGztq1hUpUsTcG9m/atUluhe0PRHImoAEU9Zc9KkIiEAOCPiB0e+//241lhBLGzZscJdeeqkFdpcvX14P9hzw1KrpJeCTPrz55puOpA9kLNOScwKZ3cywmHTr1s0szEOGDHHVqlWzOKacbzX6v0A4efG0atUqN3v2bCtwe8wxx5jFk4Q51G1inXz58mkSKvqnhFoYAAISTAHoBB2CCISdAILp119/de+9956bNGmS++qrryw1LrEf1Fjybjdhb6eOPx4EvIVJdZjy1t8IJhaKVffp08cG/bfffrsVqiYBjKwjWfP1rnncV1lwb3766afdzJkzLdV48+bNXd26dU18+oQZWW9Jn4qACCSKgARTokhqOyIQMwI8zHGv82KJAHksS9u2bbMZ+UaNGjkCulnkbhOzkyPkzZVgSkwHcm/ARfeVV15x9957r8XnjBkzxrK/IZZ0X8iac2YLE/dY/k9pBkQTtZpwyevatau5OxcqVCjDPQ+ecnnOmqk+FYG8EpBgyitB/V4EYkrAu9vwvnTpUqutsnnzZnfHHXe4q666yuE+wgPcC6uYYlKzQ0hAgikxnca1zwQKg3tEE/E3FKo98cQTbWAvwXRgzrBj4d2/duzYYVa6qVOnWvwXxX//+c9/mqUOUQVPWe0OzFTfiEBeCEgw5YWefisCMSbAQ5yYpU8//dRSMFNfpWHDhuZu48VSjPGo6SEmIMGUmM7jHkFZgV69erm9e/eaW94NN9xgrmSyMGWfMWLIiyZSs8+dO9csTdxnuef+61//MqsT68j9OftctaYI5ISABFNOaGldERCBDAKIpWXLljlmO0nwQDa8Bg0aOBI8KEVwBib9EUICEky57zQG7X6hDlvPnj3dyy+/bPcGLE3lypUzK4jcxzylQ797wYQ1H24UA0eIcu8l8yjJNLj/HnbYYcY2cx/IRe/QfLWGCGSHgARTdihpHREQAfOT9w9uZoe/+OILq6VCFifc8K6++mpXqlQpzXDqXAk9AQQTrmOkFcc6oix52e9S7hF+YL9o0SJzxyNF9vDhw21Qnz9/fsXZZB/nX9b0918+xD2PmKYHHnjAJqnuuusuV7169QyXPIRSVu55iCmJqL9g1X9EIFsEJJiyhUkriYAI8LDmxQzn1q1b3cMPP2yuIViVEExyw9M5EhUCP/74o7v//vsdacURTKrDlL2eZTCOWOI+8Z///McNGDDATZ8+3d18880mnMiYqSVvBGDshRMWPAQTxcEvvPBC16VLF6vXhCDiJfe8vLHWr0UgMwEJpsw09LcIiMBBCTAYImX4Y489ZkHcpA2/7bbb3PHHH29CSjOXB8WnL0NCYPfu3W7s2LGOgqEdOnRwN954Y0iOPP2HyT2CZe3atVag9ueff3YjRoywAT0uY1ryTsALJkTp+vXrbfLqxRdfdGeffbYjbTuWJix5TG7x8i56uj/nnb22EF8CEkzx7Xu1XAQOScA/mP2Ke/bscXPmzLEkD2eeeaalCiYmgQX3Dz2QPSm9h5nArl273NChQ938+fNd9+7dJZiy2ZkMzHkxkH/hhRfMqnTTTTe5Tp06uX/84x9Zuohlc9Na7X8E4Mt91t+beUc0PfLII+aiV6VKFUuuccopp/zlfoxw0v1Zp5EI5J6ABFPu2emXIhB5At69hoctM8WkBn700UctpW2LFi3ceeedZzOYgMjKXz7ygNTASBLwSR+IYbrnnnsUw5TNXvaD+XXr1rmRI0dauYFhw4a5888/39zD5CKWTZDZXA3e3KOpdeUt/88884yrXbu2a9OmjatYsaJtCVHF/Vn36GyC1WoikAUBCaYsoOgjERCB/xLgQcsLyxKZriZPnuxOOOEEmzlmBpMBkB7EOluiRsALpgULFrjevXtLMOWgg7lfkMFt9OjRFvuFyy6FVpl0kWDKAchsrAprrHmIJqxHxJYSMzZv3jxXr14917x5c7ux+EqcAABAAElEQVRfsym+l2DKBlStIgIHICDBdAAw+lgE4kqAWUs/U8z7r7/+asHvzBQXLVrUxJIvlshDOPMrrszU7mgRkGDKfn9yj/AL94LPP//cYpY++eQTN2XKFIurYUCPWEI0aUkcAdjD1i/wJ3sp8Xfvvvuuu/LKK60uHpNc/j7t19W7CIhAzghIMOWMl9YWgcgTYMaSBzGDG/7+6KOP3JgxYxxxHT169LDK8vny5bPvNWMZ+dMhlg2UYMp+t3srNANyJldw2SVz27nnnmvvJUuWzJiAyf5WtWZOCXDP5sU9e8WKFSaaqJNH5rxrr73WHXnkkTndpNYXARHIRECCKRMM/SkCcSeQecaSwrSIpQkTJrivv/7aUodTVR6xxOBIYinuZ0t02y/BlP2+RTBx3+CeQOzS4MGD7b5BoocmTZrIDS/7KPO8JtYmfw9HNE2aNMnt27fPtWrVygSsshTmGbE2EGMCEkwx7nw1XQT2J8DDlgEQQcSrV6+2GWLSA/PAveqqqywWgYER1ifeeWkRgagRkGDKfo96wcQviJ2hflXZsmUt9os4R7nhZZ9lXtb092624UUTbpEDBw50JUqUsCQQZ511litYsGBedqPfikBsCUgwxbbr1XARyJoAYmnLli2W4IEBEEUn27dv7woXLmw/8IIp61/rUxEIPwEJpuz3IYKJe8LGjRvNdXfRokWWbADrEskeNKmSfZaJWBOxxAuhinVp2rRp5iZZqVIlE01Vq1Z1BQoUOKSQ9QJMngSJ6BVtIwoEJJii0ItqgwgkiAAPyW3btrkZM2bYi0xLFO489thjzfKEO54WEYg6AQmm7Pcw9wziZp544gk3atQox4Cc2lXly5c3saTMeNlnmcg1veXvhx9+cI8//ribOXOmq1Chgt3P6SMK2x5soV95yUJ4MEr6Lk4EJJji1NtqqwgcgsDu3bsdFeNJ8sCAB/caMizx4PSWJc0YHwKivg49AQTTgAEDHHWYlFb80N1JZjwK/a5Zs8Z17NjRXXPNNRkDcgmmQ/NLxhoIJmKaEDyczyTj4MUkWMuWLc1t0t/L/XsyjkPbFIGoEJBgikpPqh0ikAcCPFxxxfvggw8c6cNZyIhXo0aNDLHEZ3qwQkFL1An8+OOPbtCgQSaYVLj2773trQ98g3Vp9uzZVqiWzHi9evXKGIxzv9A94+/8UvEJfcR9nQW3um+++cbu7dzjb7nlFnfTTTdZbBPf00eyJEFCiwgcmIAE04HZ6BsRiAUB/2D9+OOP3fjx4913333n7rrrLnfeeefZLLFmiGNxGqiRmQhgaR05cqSbP3++pWW+/vrrM32rPxmI82KgvWnTJjd8+HD3/vvvW4wMhWoLFSokSAEjgLUJCyBeAyTyadeunSXyOeKII0xQSTAFrMN0OIEjIMEUuC7RAYlAagkgmIhbuvfee93KlStd27ZtHenDEUoMiBT0m9r+0N7ST4BgeeI+nn32WUt6QuITLf8lkNm69Ntvv7mnn37aJlrOPPNM17lzZ3fSSSfpnhGwk8VPiiFycTOlsC3nOPf6Sy+91Go0sY6sgQHrOB1OoAhIMAWqO3QwIpAaAn7Qw6ziL7/8Yi41FJvETYOHqC9yKFeN1PSH9hIsAhRgJUgewdSoUSNzYQrWEabvaLh3+NgYLBZYl6j5g8WC+we1fjTwTl//ZLVnL5i43+/du9ctXrzY3POKFStmIhdXSibG6Df/ymo7+kwE4kxAginOva+2x5aAL3DIg/TDDz90ffr0caSdJbvViSeeqAFPbM8MNRwCu3btsgHlwoULXbdu3VyDBg0E5n8EsFJw38C69MILL1hmvDJlypgb7xlnnJFhmRaw4BJANJEAgsK2xKkyScZ9H9HkX8E9eh2ZCKSHgARTerhrryKQVgIEajOTSPxBz549bQB03333uZNPPtmOS254ae0e7TzNBEj6MHjwYLOcEM9Xs2bNNB9RcHaPWGIhMx5WaYqjtmjRwqxL1GrDiqH7R3D6K6sjQfR+//33do6/8sorjriz22+/3ZJA8FxQ3GpW1PRZ3AlIMMX9DFD7Y0PAD3T8DPHOnTvdxIkTHQ9MUijXrl3bWPDA1IAnNqeFGpoFAQQTabI/+ugjm1AgziPui79/cH8goybuigimypUrm1tXxYoVbRIGwcRLS3AJ4GFAP3766aduxIgRbuvWrZbcpFatWpawg/6jv1lHiwiIwH8JSDDpTBCBmBDgAYhliYchA8LJkye7l156ydwxyAJ2+OGH6yEZk3NBzTw4AV+4Fpc80mRfd911B/9BDL71Ey3cP1atWmWueBs2bHCtWrWyukvcP1g0yA7+yeDFEG6VPg4Ni1PXrl3dxRdf7ChQ7gWyrE3B708dYWoISDClhrP2IgJpJ8CsIgtJHqZNm+amTp1qaWWpt1SiRIm0H58OQASCQiBz4VrqMN1www1BObS0HAeDZz+AZpD9xBNPuIceeshVr17dUomXK1dOVqW09Ezed8ok2muvveZwyT7++OOt8HDVqlVNNCF+fbbUvO9JWxCBcBOQYAp3/+noRSBbBBjs8GBklnjBggWOQeDpp59ugdqnnHKKBjvZoqiV4kLAW5i4Vnr37u3iXofJW5cYQH/55ZeWEGPjxo2uffv2rl69epYZLy7nRtTaybOBumMUHyYJRLVq1cwNlSQQLLhny2oYtV5Xe3JDQIIpN9T0GxEIGQEeisQdLFu2zGYSsTIR1M5MIi42vPRQDFmn6nCTRkCC6a9ovWCidg91l6ZPn+7OOecc17p1a1e2bFndP/6KK1T/49nAa/v27W7ChAmW+bBp06aWCKJo0aKKZw1Vb+pgk0lAgimZdLVtEQgQAVIlDxw40D333HOub9++NmuOrzqWpwIFCgToSHUoIpBeAhJMf+WPYGJCZfPmzRa7tHr1aqu7VLduXbt38J0mXP7KLCz/QyzxDMCSROZDXLSJceUZUfOP7JB6NoSlJ3WcySYgwZRswtq+CASAAIU4n3nmGRNM9evXt4xIxYsXNxc9Ypv0UAxAJ+kQAkNAgumvXeEH1bgojhs3zmJdOnTo4HDnZcFCrSWcBOhbH9+KF8LcuXPN++Dss882d1Sf/TCcrdNRi0DiCEgwJY6ltiQCgSLgH4LMDi9ZssSyfZHJatiwYe7UU0+1GWE/c6wBT6C6TgeTZgISTC4jyQMDaqxH69evd+PHjzcrRLNmzdwVV1zhihQpYuvJupTmEzaPu+c5wMJzgGx5PCNefvllq6+Fex6ueSzKmGcY9E9MCUgwxbTj1ezoE2C2kAccD0CK0y5dutT169fPMuPlz59fs8LRPwXUwlwSkGD6Lzg/kCYz3gsvvOCmTJnizjjjDHfnnXe68uXLyw0vl+dXkH9Gn5M2nsRAPDv69OnjqM+EFwLCWJNrQe49HVsyCUgwJZOuti0CaSTAg4/kDg8++KC50TRq1MiyWh155JH24CN+SYsIiMDfCUgwOXPX9dYlavVQpJYYpjZt2rjLL79cmfH+ftpE4hM8E3g9+eSTbtCgQe7CCy800VSmTBk7JySYItHNakQuCEgw5QKafiICQSXAAMcvWJgovElaZOprUGejcuXKli2Ph54EkyeldxH4KwEJpv8KJqiQEID4RwQT1iWKm1aqVOmvwPS/yBBgoo3nCFnzqNVH35NWv2XLlq5kyZLWTi+k5YoZmW5XQ7JBQIIpG5C0igiEhQAzgzzMEERr1661uKXvvvvORNMll1xibhU8EHnQ6WEXll7VcaaaQNwFE/cQPyj+9ttv3ciRI93ixYvdHXfcYYNnb6VOdb9of6kjwLNky5YtZmX67LPPzJ275h9Z88im5xfVaPIk9B4HAhJMcehltTE2BLxg2rNnjxszZoxlPOrUqZO78cYbLUA7NiDUUBHIAwEvmObPn2+xHFw/cVq8YOJ+8uGHH7rJkydb4H/btm2dz5qWeeAcJzZxaivWxUWLFrm7777b+v2uu+4y66KfbJNgitPZoLZKMOkcEIEIEcANj4fciy++6IYMGeJq167tOnfu7EqVKmVWJ/+gi1CT1RQRSDgBBBPxG2+//bZZaa+55pqE7yPIG/TWJerxzJ49273//vvu2muvtcx4BP/zvQRTkHswccfGtTBt2jQ3c+ZMd+WVV1rCj3/84x8Z54CeKYljrS0Fm4AEU7D7R0cnAjkigLsdbhQUH+R96NCh7qKLLspw09PDLUc4tXJMCSAU7r//frOuMLter1692JHgXvLJJ5+4SZMmuWLFijmsS+XKlYsdhzg3GGHsnylkWN2wYYMVtOWZQgZWieY4nx3xa7sEU/z6XC2OMAFc8ZgRfvjhh12TJk1c48aNHbWXcK3hASfBFOHOV9MSRsALprfeesssTFhX4rbs3LnTPfbYY5ZOvGHDho56PAULFowbhli31wum33//3c2bN8+NGjXKnXbaaVamAvGs50msT4/YNV6CKXZdrgZHlQC1Ul555RUL0KZKO9msSpcubWKJWUKy4ukBF9XeV7sSSQDBhEvem2++aYKJLGFxWhgoU4uHzHi7du1yxEFecMEFun/E6ST4o62cB7h48855gFseE3K33nqrTcZhedQiAnEhIMEUl55WOyNJwM8A0jiyWXXr1s0x2MN9olq1aha3xDosqp9hGPSPCBySgE/68MYbb1jShzgIJu4T/l7BPWTWrFlmXbriiitcs2bN3FFHHXVIblohegSYbOO84Pnx5ZdfOhI/7N271w0cONAxMecXvteEnKeh9ygSkGCKYq+qTbEiwAONArUkehg9erQVlrz55ptd/vz5JZJidSaosYki4AXTggULLCV/nAQTiWPee+89K3bNALhLly6uevXqdi/RgDhRZ1g4t8NzhoK2uObVqFHDde/e3Wr84fJNPJNimsLZrzrq7BGQYMoeJ60lAoElwADno48+shk/shf16dPHgrNxpVDcUmC7TQcWYAIIpgEDBjhvYbrhhhsCfLSJOzQsCdRte/DBB92zzz7r/vWvf9kEDFk2EUsSTIljHcYtcX5s3rzZ9e/f33366acWy8Q5QpwsiwRTGHtVx5xdAhJM2SWl9UQgIAS82wzvDGAIzp44caKbPn26Gz58uCMFMg8uvtcDLCCdpsMIFQEfw7Rw4UKzMMUl6QPB/e+++64bMWKEIyYSC0KtWrXsPiKX3lCdwgk/WJ4n3j2PdPt9+/Z1FDC+9957XZUqVTQ5l3Di2mDQCEgwBa1HdDwicAgCmR9cDHAoLMhseJEiRWxm+Pjjjz/EFvS1CIjAwQggmAYPHuyWLFliMRt169Y92OqR+I77yo4dOyzD5tNPP201l1q3bu2OPvroSLRPjcgbAc4PXO9Yfv31V/fII4+4qVOnOq6N9u3bm2ueLJB5Y6xfB5uABFOw+0dHJwJ/I+AFE1+sXbvWBnbUS8EVr0GDBjbT97cf6QMREIFsE/jhhx/sumImnSD3OFiYcO398MMPzbpERjRquV122WWyUmf7rIn+il4wYW3k2YNr3rp168wSSa2yQoUKRR+CWhhbAhJMse16NTysBHho4RqBy8zcuXPtoXX55ZdbkVpcJLSIgAjkjQAWJgrXklacwrVRT/rAJMz27dut7hJpo88//3xLJV6hQoW8gdSvI0XAT9bxTowsZSxIv3/GGWfYdcL5wneKd4tUt6sx/yMgwaRTQQRCRgCxhGhauXKlJXrAjea+++6zrEV6UIWsM3W4gSTgBRNZ8nr16uWimvSBwS0vJl+wppH9bPfu3VbD7eqrr7ZMm4HsIB1UWgh4McQzCCvTli1bTDDh4dCxY0eLny1QoIB9R8IhLSIQJQISTFHqTbUlFgR4aG3dutVNmDDBzZkzx3Xo0MHdfvvt5orHQ0rB2bE4DdTIJBLwMUy+cC2urlFcvGCihhv3EzLj4VrVrl07y7SpmJQo9npi2sS5g5WJxChYmYidJUlIpUqV7FlEwiGdP4lhra0Eg4AEUzD6QUchAtkmQKIH0h3feeed7oQTTnBjxowxlwhiEHhISTBlG6VWFIEsCSCYhgwZ4j7++GOLYapTp06Gq1GWP0jwh34mP8GbzXJz3E+ouzRs2DDH38QuXXzxxRmD3ix/pA9jTwAvB541eDiMGzfOPf/88+7GG2+0yTvS0GsRgagRkGCKWo+qPZEkkDnYlliDBx54wLJZ9ezZ0+qk4AbBOprVi2T3q1EpJkDSA9zTli1bZu5pFOlMlYhhPyy4Pf38889WNoBrft++fe6oo45yxxxzjKVzpjB1Xhf2xbYnT55s1iXc8MiM5we8mnzJK+Ho/p5zx78Q3CQd4nwZOnSoq1q1qpKFRLfrY9syCabYdr0aHhYCPJRwfeBhhCji4UQgOtYlHk5lypSR60NYOlPHGQoCCBUst1xruLySVIXrMNkuRn4AimAjRpGsdWvWrHHffPONCaYSJUq4U0891VJ+n3322XnOiMn9ZOnSpXYfQaBhXTrvvPPyvN1QdLIOMmEEyCo5c+ZM98QTT7iWLVtatlbKXGgRgSgRkGCKUm+qLZElgGBi+eqrr8xViMHU6NGj3TnnnGNCKtkDuciCVcNEIAsCP/30kxWBRjAhIojrSdVC0gViiShE/csvv7izzjrL4kKwIm/bts2tWrXK4ouaN2/uTjvttFxnJEOcsT1q6RCr1ahRI3fzzTe7I444IlVN1X4iQgDhjagnDo5C6ogmitnmy5cvJRMNEcGoZgScgARTwDtIhycCEOCBhEvOvHnzXO/evd1VV11laY9xweOlRQREIHEEEEwDBw60otD33HOPq1+/fuI2fpAtEYdI3NTw4cPda6+95s4991xL702ab65zLE9ks+M+QHD9bbfdZuKJTTJpkh0XOixJLEzCsB3ce8uXL28B+yeffLJ9p39EIKcEOJ+ee+45c2Ulq2STJk3MhRRhnp3zMqf70/oikGoCEkypJq79iUAuCDDIITMetWGWL1/uxo4dazN4PIwkmHIBVD8RgYMQ8IKJtOIIplSlFffpvbH6fPDBBxZL1KpVK9ewYUOHixP3AaxCXP8rVqxwfEdx2cMOO8xakx1LM5Mv3De+/vprs1JjXWrbtq1r1qyZK1iw4EGo6CsRyJoA5xPn3ueff27JiLCGUvDZu3fqGZU1N30aLgISTOHqLx1tTAlgXVq0aJHr27evq1u3rsUwkULcC6bsDJRiik7NFoEcE0AwDRgwwLJRYtFNVeFaxAwTI19++aUlnCDzGNc57nIE0hcvXtwszSRpwF2wRYsWlpnMu9Fl5z6A6MKS9eKLL7oRI0a4o48+2u4n1apVy7V7X44B6weRI8C5++uvv7rx48c7ih/znELQE2OLYMrOuRk5KGpQpAhIMEWqO9WYqBBACLHwzmv9+vXmIvTFF1+4SZMm2eCJBxSuDnoQRaXX1Y6gECCtOC553sJEuuRULVzXpPfGkvTggw+6xx9/3CxI1LkpWrSoiR0SQSB0OnXqZBYmLEPZvQ9wP/nuu+/cyJEjTTRRw+2OO+7IiF2S+1Sqejpa+/HPo88++8wm9jZt2uTI4nrllVe6QoUKRauxak0sCUgwxbLb1eigE2BQw0wwL6xLTz75pBs8eLC55tx7771ynQl6B+r4Qk0AwUQxTrLU9erVK6VJH/x1T0wICR6oubZ27VqzPCF0ihUr5k455RR3wQUX2OvYY4/NUYwIA1uEIBk2sUzRPmKlsiu4Qt2xOvikE8CtlIQluI3WrFnTRD0xcnLLSzp67SDJBCSYkgxYmxeB3BBg0IRoYnCDew5pxHF3INUxaYW1iIAIJI8AaZKJF1y8eLEJimuuuSZ5O9tvy5knS7A0kTWPZA8cE0KucOHCrnTp0q5kyZI2c5+Tgai3LpHo4amnnnKNGze2tOnUd9IiAokiwDOL2L9vv/3WkhRRCFnxcYmiq+2ki4AEU7rIa78icBACfpZ5z549lvb3oYcesoENPuG4zORkkHSQ3egrERCBLAgQw4SF6Z133rHJCgq65mVBqBzIguO/y/zO3/4e4H/nJ1H4P3FNvGfXfc5vm228/vrrFp9FexjUEmuS3e3khYF+Gx8CCP1HH33UTZw40WLsSChCMWR/LseHhFoaJQISTFHqTbUlMgQIymaQs2XLFteuXTubZX7sscdchQoVrI168ESmq9WQABLAkjNkyBC3ZMkSi8NAVBxo8UKG69W/Ml+fiBH+719sB8sxv+MzxI/fht8HEyJsy6/Devyfd79k/tt/ltV75m1TkJdaOTNmzLCBbJs2bSwWKqvf6TMRyAsBsjgSw4SLHolTcCHlvOa81YRfXsjqt+kiIMGULvLarwgchADxCwxu8AXHfYaCkvfdd5/NBDMA04zwQeDpKxHIIwEvmEi5jTtsgwYNDrhFBAkvFi+O/Mr+Oz9I9CKH65vvEE579+51+fPnN1c7PmcbfmDpt5OXd/bjhRztIXYJFzwGsxQXTeS+8nKc+m10CHBe40JOtjySFGGhJaMjiUqYINDzKzp9HaeWSDDFqbfV1tAQYJCzceNGy171yy+/uHHjxjnS/voBlR44oelKHWgICXjBRC0k6snUq1fvoK1AkHCdErtBLZqdO3e6EiVKuLPPPtuVLVvW5cuX7y/WIa5vXyqA4rGkDL/22mut1hLb2l94HXTnh/iSfSHUcO/lPvL000/b4LVp06YWV8J3up8cAqK+zhEBXPI4p0iR37VrV4tlIrlIzT+SQPiaYTnaoFYWgQAQkGAKQCfoEERgfwI8cAg4b968ucNthvTBBM0y+NHgZn9a+r8IJJYAgomkD8QwMdC76qqrMnbA7Ll3j+NaJCkDlhsyz/E5Wex27Nhh4okZ9dtuuy3LgSKlAkjt/dxzz7lbb73VdenSxRI5sKNkWH3ef/99axP3EGKXyIzH8fp4qIwG6g8RyCMBf31wreAhgZWpSZMmjhT2XBPe0prH3ejnIpBSAhJMKcWtnYnAoQnwsGFmjgEb6YRxocF1RosIiEBqCHjBhIVp/7TiCA4/cYFYevfdd+11+OGHmxX4hBNOsO+xNj377LPmdkedo/PPP99c72gBv1+4cKHVemJQ2b17d1enTp0MS1SiYzzIsMeg9ZVXXrEiuLj4+to4yRBnqekl7SUMBKjLhJUJt1OEOlZXRLoWEQgbAQmmsPWYjjfyBHDVeeGFF6z4Hwkf8P0uUKCALEuR73k1MCgEvGDKKkseExqIHAaCL730ksUakjb59NNPt9ggL0BI3DJ37lzLFnbppZe61q1b2/e0kWQulAjAMoVrHFaoIkWKWPP97xPFguN9++23bQIG6xcCsHLlyiba2Jcs1okire1kRQBvCRKNPPzww2ZhwpqKu6oWEQgbAQmmsPWYjjeyBLwbA/EPWJVeffVVC5o97bTTMlyAItt4NUwEAkQAiwxZ8ihcS9KH/bPkIaiY1MACRVwGMU5YbHA14jrmhRj55JNPzCXpuOOOM7da3JH4DksPFmSSL5BBjFl3futfrOOX3AiazL//6quvTJwRK4WLb8uWLS3BBNtnf7nZvj82vYtAdgh88cUXrlu3bna+Idg53yXWs0NO6wSJgARTkHpDxxJrAsxa46qzaNEiG1xdeeWVlhnPZxVicKNFBEQg+QQQTMOGDXMM9MgmV7169b/slMx2WImwBpcpU8bilhAp+1+juOuNHTvWygG0b9/e4je2b9/uxo8fn1E4lrgOLMjUfmIbxYsXz3DdY6e5GViyHe4lHM/8+fOtphQWLFyizjvvPImkv/Sm/pNMApyLWFuJ16M2U+fOnV3Dhg3dEUccIcGeTPDadsIJSDAlHKk2KAK5I+BTiY8YMcI9/vjjbtasWTZQ43P5fOeOqX4lArkhgGDCyvvxxx+7Hj16uMsuuyxjM0xscE0yEPSTGVlZaViPaxi3vfr161tqZaxQWK0oikt84iWXXOKwPrG/r7/+2gaQiDMsVuXLl7d95kYwIZY4PgQdxUM5DlyhiKUqWrRoRlv0hwgkmwDnItcHkwdcS2eddZZNCDLRwLnNS4sIhIGABFMYeknHGAsCPFhWrVrlGjdu7HDDI0ibARYDHz1UYnEKqJEBIYDL3eDBgy0xA2nFr7vuuowj43pEDHlrEoNB/uZzXvyf71euXOmmTZvmSAaBG1y5cuXsO5/sgfTjxBLhple4cGH7nto1S5cuNZclfnPsscfmahbeCyb2hesf1iVcC8855xxrh+4nGd2pP5JMwJ+LiPeBAwdaMWjc84j7I8W4v46SfBjavAjkmYAEU54RagMikBgC1HGZOXOmPVRIxUpdFhY9UBLDV1sRgewS8IJp2bJlJjSwBO2/II64Nv2AkHcWPiNuiKLT69ats6LTZMCjLADfvf766+ae5FOOI4pwycNFieyYWLb4HbEeFPz0gmz//R/q/2yL+8hTTz1lkzCUJvBuUBJMh6Kn7xNFwF8fnMec+3379nW1a9d2rVq1cqVLl7bzO1H70nZEIJkEJJiSSVfbFoFsEmDwRUwE8Qz4eyOceJhoEQERSD0BBNPw4cOt4Caz4ViCvEDK6mgYFPLCsvTNN9+4F1980azFNWrUsHThRx55pH3Pb8lYN3r0aHfmmWe6jh07WsYwtk3tJmo5Pfjgg+byRzIIBFNuJkw4FpLGYF3CBQ8rGbFLflty8c2qF/VZMghwTXB+I5i4rkgxzoRC//79zeVc52IyqGubySAgwZQMqtqmCOSAAA+T3377zT3zzDOWMYuaLMQa6EGSA4haVQQSSICBHUkfsNJwPeIim9XCtcuAEHejXbt2WapxLDpLlixxJ598stVeQiwR88T31KLBzZZEDAwaSTdO3Sau/+XLlzuKy+bLl8/dcMMN7qabbrJJE0SOFzpZHUNWn5FAgmQTHEuzZs2sNAHWJY6VgassTFlR02fJIOAFE9vmPJ4xY4ZZPsnYSFwdSU60iEAYCEgwhaGXdIyRJMBgy7sr7Nmzx2ImiF/Alads2bKRbLMaJQJhIIDgIK04cUYEql9wwQUHPGzWReiQQpxitbjxIZBIGc47dWhYyKyHYELA4IY3e/Zst3HjRhMvuOvhlkcCiKuuusrVqlXLMu8hbBA42Vm4n7AwQOV4SB7DZ1jILrzwQhus8v/cCLDs7F/riEBWBDjnMp93JDvBskpcXZ8+fWxigXOSdSTksyKoz4JCQIIpKD2h44gdAQY2fvaNgdmdd97p/vWvf1naVaxLenjE7pRQgwNCwFuY1q9fbxamatWqZQz69j9EXPCIzWDS4/jjj3ckbiDRA6/vvvvOPuc333//vYkfajqdeOKJZo1CYCGoKOSJpalkyZKuVKlSFmu0/34O9v/Mg9Jt27ZZ2nKy891yyy1mrdYs/sHo6btUEuB8J6HRnDlzTMyTgZLJAiYPmVDQIgJBJSDBFNSe0XFFngBiiYcEyR4Izib1L7POVatW1Wxb5HtfDQwyAQQTFprPPvvMBNPBLEy442FlYiHbHQuTHbwYHHKds+B2x0w6Qgq3Oz4nXpF7AP9n0OitP/7dfpjNf9gOr8WLF5t1DMsU1iXiqJiAYZtaRCCdBLylacWKFY66ZBUrVjQLLhMInLs6T9PZO9r3oQhIMB2KkL4XgSQR4AHBA4TimPhz48JDsgeCtPlcMUxJAq/NisAhCCCAyFb30Ucf2YCOWKMDLf46RpBw3bJ4ceKFD5/v//LfsT7f+d/w/5xal/1+EXpTpkyxeMgGDRrYfQWrVeZ9sX0tIpAuApyrWGGJDUTcc53564vzPvN1kK5j1H5FICsCEkxZUdFnIpACAjw4mJ2mSG2/fv1chw4dbNbNPzRyOmhKwSFrFyIQCwIIDwZyJGJgYEdMUXYWL1wONOjz3/ttsZ7/7EC/8ese7J1t8PLWJdb1sVfcR7A25WX7B9u3vhOBnBDAssr5SBZHYpiI2evSpYu542Fl1SICQSUgwRTUntFxxYIAWbiIXSK+YcKECZaNyz9QZGGKxSmgRgaQwA8//GBJWEgBTsHX+vXrB/Ao/3pI3EOmTp1qsSEcb9u2bTNSlsvV6a+s9L/0EEDU83xDvOOKTjbYnTt32nl7zDHHWK2y9ByZ9ioChyYgwXRoRlpDBJJCgJiG1157zd1zzz1mWWrUqJE9MHDx4YEiC1NSsGujInBIAt7CtGrVKtezZ0930UUXHfI3qV7BW6bYL4NQZuyxihFHRd2lf/7zn+bWy3qyMKW6d7S/rAhwLvrnG+ck5+ujjz5q9cIuv/xyd9hhh2X1M30mAoEgIMEUiG7QQcSRAHESVD0nAJa4AwJgWXioyH0mjmeE2hwUAggm6jBt2rTJXNuqVKkSuOvSDz4ZeHKc48aNs4K51HDCak3qct1LgnJG6TgyE/DnJdklSUxSp04dexZSs0yLCASVgARTUHtGxxVpAjwwqEfRokULq3aOLzeFJSWUIt3talxICGS2MGGtoY5R0BafbALB9Morr7iBAwfaDD0DUGKuFA8StB7T8exPgJT8rVu3dt9++60lPDrppJPMGrr/evq/CASBgARTEHpBxxAbAgglFtINUyeFZA/333+/q1evnrLixeYsUEODTsALps2bN1vSB5/qP0gTGv5eQrwV8Y/cT8iM16RJE/ePf/xDLr1BP8l0fJZWf+zYsZbCn7IauL6SYp/FW6GESQSCQkCCKSg9oeOIBQFmhVl27dplGYI+/PBD98gjj7hTTjnFrEtBGpDFokPUSBHIggCCafjw4W7Dhg3mkhdUwcSgksQUI0eOdEWKFHGdOnVyZ555ZkY9G91PsuhcfRQoAtQ6o8Dy1VdfbZMTxOB5sYT1VIsIBIWABFNQekLHEQsCBGezfP75565Vq1YWt0Tga/HixRWYHYszQI0MAwEvmLZs2eK6du3qghjDBMf169ebdWnp0qXu1ltvdTfddNNfiudKMIXhbIv3MVKTCavounXrrMRGhQoVLDGET4cfbzpqfZAISDAFqTd0LJEngGD697//7ebOnevuvfde16tXL0d2PNwQlBUv8t2vBoaEAIKJpA+ffPKJWZhq164duCPHrfeFF15wQ4YMcaVLl7Zsm2eddZYdJ0JJZQkC12U6oP0IeI8LrLmjR492DzzwgKXw59zFuiQL037A9N+0EpBgSit+7TxuBHhAMBhDKDEYo25K5kFO3HiovSIQRAJco1h+P/74Y0srThavICy4Knl3JWq4jR8/3r311ltmWWLi5aijjrLDRDDJuhSEHtMxHIyAP5dxTScBEqnwBw8ebOcxYknn8MHo6btUE5BgSjVx7S/WBKi9REYrsuIR4Nq/f39XsmTJWDNR40UgaARIpICF6YsvvjALEwO5dC9eLPnseAsXLrRjJHapR48erlq1arJSp7uTtP8cEfDnMkVsu3Tp4t5//30rsXHeeefJwpQjklo5FQQkmFJBWfsQgf8R2L17tw1ynn/+eZtJu+yyy1z+/PnFRwREIEAEvGBas2aNBaJfcMEFaT86L5h4J96D7GIMMBs2bOiaNWtmEy+akU97N+kAckAAwYSbOu7ozzzzjOvYsaMVcaeOWKFChWRhygFLrZp8AhJMyWesPcScgB/o4GLw/fffW4Drvn37zB2PuhNaREAEgkUAlzxcg8hAd/fdd7trrrkm7QfIfQRBxCDz5Zdfzqi71LNnT9VdSnvv6AByQ4BzmvMZwbRx40Z36aWXOp6JuKoTl6cJgNxQ1W+SRUCCKVlktV0R+B8B/1DgwfDee++5du3a2QCnb9++lh1PoERABIJFwAsm4oMQTNdee23aD9ALJo5t4sSJ7qGHHrIBJln8yCzG4FIDzLR3kw4ghwT8eb13716bTCRukFIb559/fkZNphxuUquLQFIIJE0wcRH4C0E38aT0nTYaEgIIJa6FPXv2WOzSvHnzbPaaWesCBQqEpBU6TBGIDwFECZm7SNuNIDn33HMD0Xjcl0gWQ2a8b7/91lyY6tat6w4//HCbpdezNhDdpIPIBYH//Oc/7uGHHzaXdQoxX3LJJXJXzwVH/SR5BJIumBgosijjSfI6UVsOLgHOfx4EuBx8+eWXrnXr1mZVIgMXs8JaREAEgkeAGCaKweJCSzD6ySefbAeZbkGyY8cON2PGDCtLUKNGDdeyZUt3/PHH24QMqZjTfXzB60kdUVgI8KwkW17jxo3N0tShQwd3xBFH2OHznc7tsPRkdI8zaYLJI/OCSSe7J6L3OBHg/GdWGCvT/PnzLUVx/fr1Xbdu3VzRokUzrLBxYqK2ikDQCXgLE4Kpe/furlKlSkk9ZO4PvHhO8vL1Z7h/+Bf3EQrUIuT4DMsX2cQklJLaNdp4Cgls27bNBBPJkWbNmuXKly9v14Um3FPYCdrVAQkkXTAdcM/6QgRiQgALE9XMqZkyffp0d//991tMhB8caTIhJieCmhkaAggm0oojmEjZnWzBhBji5cWSL2LtJ1wAh3WJ+8cTTzzh6tWr5zp37uxKlSoVGqY6UBE4FAGSIVG8lmclLrHEDjIhwEuLCKSbgARTuntA+488AQZCu3btsmK1y5cvd+PGjXPnnHOOrEuR73k1MKwEUimYsCx999135o5E4dnq1atnxDZ66xIDyQULFrjRo0c7Zt8RcQ0aNFBQfFhPMB13lgSYXHz11VddmzZt3G233WYeGcTnYWHykwhZ/lAfikAKCEgwpQCydhFfAgyGWAgexye7WLFiFrBN3AFCSg+B+J4banlwCXjBtH379gyXPMRLZmuwv7Yzf+6txnzmFy96/G/9Ov577gOIIeoq5cuXz1GDhvgk/ua3DBZJ8DB58mSLXapVq5atQ/plv02/Lb2LQJgJcE2RXvyWW26xhA9kgvRueVwPWkQgnQQkmNJJX/uOPAEeAP/+97+tbkq/fv3sQUBacWbNGAwhmDToifxpoAaGjICPYdq8ebPFG1apUuUvFmEvgvw7M+Nc61zLv//+u7ng8rfPXsd1nnnA52OUwIJgIjYJF6R3333X1axZ0xJNVKtWzfbJOlimR4wY4UhGQXFP1qHgNfvQ/QNCWqJAgGsB93WelU8++aSd82STlVteFHo3/G2QYAp/H6oFASfA4Iu4JSqZE7B99dVX2+CKwZYCtgPeeTq8WBLwgonMliR9ILmCX7huEUW//PKL++mnn8ydjllxxIy3Bn3xxRfmVkcmzBIlSlisUbly5VzJkiVdkSJF3GGHHZYhoNgeNWgQS1iZNmzYYKIIlyQEF/sgAJ4BJIU9W7VqZdvhd7JQ+17RexQIMPHAeU1hZrJTkhypadOmdq1knnCIQlvVhvARkGAKX5/piENEgFnnNWvW2ACIhwHxS6eddprNKtMMDXhC1Jk61NgQ8C55mzZtskFb1apVre1cw7jHLVmyxOohrV271mGF+vnnnzPiLPwsOQM/hJG3AB155JHuxBNPdKeeeqq78MIL3ZlnnukKFSpk2/Wi6YUXXnDUoEFo9ezZ09KZf/rpp44yBFu3brXPSPjgLdN+27HpGDU00gS4dph0YNLg9ttvd6effrrr37+/TTLoWRnprg9F4ySYQtFNOsiwEiBY+8UXX3R9+/Y1yxLB2sQxaREBEQguAW9hQqQwy125cmWrp7Zu3To3c+ZMu6YpRM21fMwxx5jAqVixoitcuLC5yjG4w7WIhSQNq1evdqtWrTJrFKKLdRs1amTZ7kj0wMQKoontDx482H399ddW5Pqss86y/VF7CSsX7niIKdaVWAru+aMjyxsBrpnevXvbdUMx2xNOOEHnfN6Q6tcJICDBlACI2oQIHIgAM89Tp061YpN33XWXu+6665Qi9UCw9LkIBISAtzAhdJjkOP/8881t7s033zQBQ7pxrE4kYCD5AkIJaxEutj4+yYsgZs0RV1imPvvsMzdv3jz3wQcfmNAiEQypk4lHQgR98803FsuESx+ugLjzYV2iPg11l6644gpbNyCYdBgikBQCTDZMmjTJIZYmTpxo1x/Xlb+2krJTbVQEDkFAgukQgPS1COSGgJ8B3rlzp80UM+AZMGCAuePlZnv6jQiIQOoIIJgQKrjTIpj++c9/ut9++80sRIglhBHxSMWLFzcB4xM+YPXxf/uj9fcC/s9A8PPPP3ePPPKIWalwz23btq276KKLzH3v7bfftvpPbAPLFi6B06ZNc5dccollxitTpowsSx6s3iNLgEkGJifat29vCSAo9l6gQAGd+5Ht8XA0TIIpHP2kowwRAQZIfpBEjEPr1q1NKPXp08cGWSFqig5VBGJJwLvkUR8J4XLyySfbNe3FEDPdiCOu86yWzJ971zl+y4JLHlnxhgwZ4hYvXuyaNGliJQdIIsFsOnVo6tSp48gO9vzzz1tJAqxLJHwg8F2z7FkR12dRI7By5UrXsGFDuw7wziAGUIsIpJOABFM66WvfkSXADBmDJgZGd9xxh7nd4GJDhiwtIiACwSbgXfIy12HKyxFzL+DlBReuusRCkTnz8ssvd6QQnzNnjmUHo+4MhTs5hscff9zV/COFuM+Mh/hS8HteekK/DQsB3FM7depk7qxTpkyxOCY/+RCWNug4o0VAgila/anWBIAAAyMvmBYtWmSZrai9dOutt5r7jm76AegkHYIIHISAF0y43zHRgYUpr4sXTAS0I8RIWf7JJ59YUghc75YtW2YJHSjaSTY94jdI/oB1iVgpb9WShSmvPaHfh4EAFleEEtcBmSNxi1Vq8TD0XHSPUYIpun2rlqWJALPIvKjLQqVyUhD3+6MQH2mEGTRJMKWpY7RbEcgmAe+Sh2DyLnnZ/OkBV2MShYVEEv6+sGvXLktJTnIHLE3UaMP16IknnrDkECSEaNmypcVKce+QWDogXn0RMQIUfCfNfufOnc3SxHVAmn4WP3kQsSarOQEnIMEU8A7S4YWPAAMbXqQIJnCcAHFqSRx99NEmpDToCV+f6ojjRYDJjhEjRpglCAuPj2HKy2SHtzqTAOaVV15xb7zxhrndkTKZpA8XXHCBO/bYY62A7fDhw13BggUdsRukE5cbXrzOP7XWmZcGk40tWrRwpNenhiEp+LmOeIbqmtBZkmoCEkypJq79RZ4AYombOvFL9913n2W4wiXPF7HMy6Ar8vDUQBEIAAEvmL766iuzMGEdzsviJ1G4L5D04aeffrJU4cQykW0PoURacrJqUoaA2m033XSTa968uStatGhedq3fikBoCeCSSgFnrLK45Z177rk2GYlY0sRjaLs1tAcuwRTartOBB5UA7ni///67e+mllywT1t133+0aNGiQMTOmG31Qe07HJQL/JeBjmDZv3mwxTFWqVMmzO60XTbwzaeItTgz++D9CCqvTyJEjLVaDdOYXX3yxBoY6KWNJgOtk7969ljly/PjxNvlI1jzimPDa0CICqSYgwZRq4tpf5AkgmJgpxoWAFMHEK5x++ukOn2zNjEW++9XACBBAMOFOS6FZZrgvvPDCPAumzFi8aOKdhXuGL1r75JNPWoIYYqewPMkinZmc/o4LAa4Jro/58+db4hOsrWSLpMgzoknXRVzOhOC0U4IpOH2hI4kIAW7yW7ZsccQhbN261T3yR5HKI444wm7+si5FpJPVjEgTwGWOOkkIJuKIiC/yIifRDWe7TKZQc4l9+tgl6i4xwaJJlkQT1/bCQMALphUrVrimTZtaHNOoUaMsKYq3yoahHTrG6BCQYIpOX6olASGAa83HH3/sKFR7zDHHmIUJFwIeAMyKaWYsIB2lwxCBAxAgO55P+oCl59RTT02oYEIkZV6IlWKCBZc86rY1a9bMarb59RggahGBOBHAZZWFJCkkXiGukNpl//jHP/QMjdOJEKC2SjAFqDN0KNEgQPzSW2+9ZcHi1atXt1oSEknR6Fu1IvoEEClYiIcNG2aWH+ownXTSSQkVTEye+AEhVue3337bDRw40BI/9O7d2wrZcs/gWHTviP45pxb+nQDXB+c+qfcHDx5s7u24uZ9//vmyuv4dlz5JAQEJphRA1i7iRQDBtGDBAnOvoa4KM9RaREAEwkNgx44dZmEilqlLly6uUqVKCRUvCCE/ICQTGEHtixcvtqx4FLgmY54WEYgzASYVWMgk+cADD7jHH3/cnql169Y1waTED3E+O9LTdgmm9HDXXiNMgBkx4paeeuopR4a8K6+8MsKtVdNEIHoEEEpkq8M1D8GUiDpMmSn5+Aw+e/nll20GvWLFina/QJyxyLJkGPRPTAkwoeAtrNQtI/lKmzZtzF318MMP1/UR0/Minc2WYEonfe07kgSYncZ1gDimMWPGuPLly0eynWqUCESVAPESxBRt377d0op7EZOo9nrBxOQKgezPPfeca926dcZgkP1IMCWKtrYTVgJeMFHAlrg+CjzjnkdtMl0fYe3V8B63BFN4+05HHlACzEojmFauXGmuBGXLlg3okeqwREAEsiLg6zBxLRPDhIUpkQsDQTLjzZ071wRT1apVHXWXypUrZ7PqygKWSNraVtgJUA8Nbw3SiTPBUKxYMQmmsHdqCI9fgimEnaZDDi4B3AhWrVpl7jylSpWyQO4CBQoE94B1ZCIgAn8jkFkwIWQSbWFih6tXr7aYjC+++MLiHIl3ZNacJBASTH/rEn0QYwLfffed69evn9uwYYPF+1WoUEGCKcbnQ7qaLsGULvLab6QI+ABVEj4QkzBo0CB388032+x0pBqqxohADAhkJZi8e1Bum+/vEd6V6IknnnD333+/FcW95557rEgt2+Z7v05u96XfiUCUCPz222+WUnzKlCk2yYBrHtYmLSKQSgISTKmkrX1FkgADKWovMcjhxv7www9b7SWKUJLRR4sIiEB4CHA9b9y40dKKI3ISkVacbbItLNBk96K2DHWe5s+f7zp37uyaNGlin4eHko5UBFJHgOvmmWeesWumb9++rk6dOi5//vypOwDtSQT+ICDBpNNABBJAgBs6gmnr1q0WLE7ChwkTJrgzzzwzI9NPAnajTYiACKSAgE8rzjtlAfIaw+QFE+/cJ1566SULXj/ttNMcdZfKKs4xBb2qXYSVANcNnhtkymvatKllyytcuHBYm6PjDikBCaaQdpwOO1gEEEwsn3/+uQ2AcOmhtsrpp58erAPV0YiACBySAFnySCtO7EQiBRNiibpLFMV94403XMeOHW0AyGw5sUtaREAEsiawZs0a16FDB6tRRlKl4447Tq6rWaPSp0kiIMGUJLDabLwI4G7Da/ny5a5///6uZMmSbvTo0Y5ZMAZJvLSIgAiEgwATHqQVJ0teIgUT9whSiHNvwPrctWtXV/YP6xJiSYIpHOeGjjI9BMiUd+eddzqsvlOnTnWnnnqqrpn0dEVs9yrBFNuuV8MTSQALE2mC582b5wjgbtCggWXI8y44EkyJpK1tiUByCWSV9CERe/zqq6/c0KFD3WeffWZpxGvXrm2bJSseLy0iIAJZE8AyS8bKTZs2uQcffNCdcsopEkxZo9KnSSIgwZQksNpsvAgwc0yGvKefftoNGDDAilB26tTJgrwRS5o9jtf5oNaGm0CiBRMTJySGwQ0Py9WJJ57o7rrrLlemTBmzTJMIQveIcJ8zOvrkEti7d6+bNGmSe+WVV6y+IRYmeW8kl7m2/lcCEkx/5aH/iUCOCTAYQjBxQ589e7Z79NFH3X333ecuvfRSGySppkqOkeoHIpBWAsQwIWxw/8FtLjdJH7gncG9gQQytW7fOtrl06VKLXaLsgGq0pbWbtfMQEdi3b59Zlh555JGM5yuCickGeXCEqCNDfKgSTCHuPB16MAgwKOL1zTff2IDonXfesRiFiy++2NKME9CtG3ow+kpHIQLZIYBgIu339u3bXZcuXcz9Jzu/y7wObrqIJq59/n7qqaeshkz58uVdnz59XNWqVWVVygxMf4vAQQj4kh1MZLRr1861atXKJhyYjJA760HA6auEEZBgShhKbSjOBBgYbdmyxQZEZMrDdaBy5crmpid3mzifGWp7GAn4pA/r16+3OkznnHNOjpvBPQGhxGBu7dq1dm9YvHixueu2aNHCHXXUUTnepn4gAnElwKQkLq24staoUcMmHYoUKWKTlTxjtYhAsglIMCWbsLYfeQLewoTLDcVqiWWaPn26VSLnOxZZmCJ/GqiBESLgBRMFbClcizWIazkn1zFiiYX3559/3tKUM4nCgA8rk2bFI3TCqClJJeCvvZUrV9qEw/HHH+/Gjh3rihcvbvvVtZRU/Nr4/whIMOlUEIEEECCge8mSJTa4IqB7xowZCdiqNiECIpAOAt9++60bNWqUQziRVrxSpUq5EkwIrC+//NLE0qpVq1z79u1d/fr1M1yJciLA0sFB+xSBIBDAWovr3erVq13btm1d0aJF3eTJk12pUqXsulTClCD0UvSPQYIp+n2sFqaAAFalN99804K5L7vsMkdhPS0iIALhJIB7LTFMv/76a64FEy0n7mLWrFkW01i9enWbUCEzHgM8BauH89zQUaeegBdMFJLu16+foyYTgumEE07I8URG6o9ee4wKAQmmqPSk2pFWAgim+fPnu0GDBrnGjRub20BaD0g7FwERyDWBnTt3mmDKaZY874LLjrEeEbs0bNgwq7vUoUMHd/XVV2dkxpMbUa67Rz+MGQEEE9fT7t27zVr76aefugkTJjhc87jmZGGK2QmRpuZKMKUJvHYbLQJ79uxxTz75pCV7uPvuu931118frQaqNSIQEwIMwIhdosAsEyE9e/a0tOI+juJAGPieFzFLDOAY5L344osZNWNIT07sktzwDkRQn4tA1gT8tYeLLJbfFStWmGAqXbq0XU+6prLmpk8TS0CCKbE8tbUYEuBm/v3339sN/N1337X33NRtiSE6NVkEAkeA6xmXH9IX41JH0gdimA61eLHkB28ffvihWZdw66OIda1atTKsS4falr4XARH4kwDXFi+uR+ocUu+Q5ClcU5TtkIXpT1b6K3kEJJiSx1ZbjgkBbuT4VhO3RGA3N3SCUrWIgAiEk0DmOky+cC3XuRdDWbWK77EqsVDE+uGHH3bjx493xDT26tXLMRuuRQREIHcEvOX2lVdeMesvqflvuOEGV7BgwYNel7nbm34lAn8nIMH0dyb6RARyRMALJgZHuAo89thjEkw5IqiVRSBYBH766Sdz/SFbHoLplFNOOeQBch/wouqzzz4z69JHH33k2rRp45o0aeKoGaNFBEQgdwT8tUWsMIkfiBVu1KiRO/zwwyWYcodUv8ohAQmmHALT6iKwP4HMgmn58uUmmFSUcn9K+r8IhIMA1/O2bdtMMBGbiEtexYoVs33wuODNmTPHBBMlBu655x5XpUoVy4qnRA/ZxqgVReAvBLxgWrhwoSOBSu3atU04yZvjL5j0nyQSkGBKIlxtOh4EuJGTTWvixInu448/Npc8CaZ49L1aGU0CX331lcUw4VpH0gcEkx+wHajF/nsmTUgY8cUXX1i2TBLAYF3ie1KJaxEBEcgZAVxdqXVIvNJ7773nSKx0ySWXuC5dushymzOUWjsPBCSY8gBPPxUBCHAzX7dunaUUJx0xRWslmHRuiEB4CfhsXCRz8TFMB2oNQoh7APFNv/zyiwWkT5o0yZ177rlWw8lnxjtY/NOBtq3PRUAEnE02kLGyQIEClqK/T58+jnpm9957r561OkFSRkCCKWWotaOoEmDmi7oQuAkceeSRNmAqVqxYVJurdolA5Al8/fXX5pKHhalbt24HzZKXWTBhXRo8eLClJW/Xrp2VFyhcuHDkeamBIpBsAjxnsdBi/e3bt69ZnEaNGuVKlCiR7F1r+yJgBCSYdCKIQB4JcCNfsmRJxsCKCuTMhGkRAREIHwGsRSRrwK0OVzrcfw7kkodYInsX1iPinWbNmmV1lygr0Lt3b1etWjWlPA7fKaAjDiABrkvShzOZ0e+PpA/ECo4ZM0aCKYB9FdVDkmCKas+qXSkjgGCi5go3cQJRqQ+hRQREILwEi7GH7AAAQABJREFUGJRhKdq6dasJJtzrDrR4d7ylS5e6+++/361fv961bNnS3XzzzRrMHQiaPheBHBJgcoKJiW+++cbc37H+jhw5UtdYDjlq9dwTkGDKPTv9UgSMgLcwDRgwwF1++eVWpFJoREAEwkmAgRmiBwsTs9hYmE499dQskz6wLi9inignMHPmTHfBBRe4O++805UrV85ciBS7FM7zQEcdTAJksBw0aJBZdCWYgtlHUT0qCaao9qzalTICVB+nmN7AgQPdbbfd5jp27JiyfWtHIiACiSWAAFqzZo0bMmSIuQAdyiWP9VeuXGkCC8tU+/btXb169TLqw0gwJbZ/tLV4E5CFKd79n87WSzClk772HQkCxC4wuzx8+HBzybnlllsi0S41QgTiSAABtHr1anPJ2717t8UiHcwljximp59+2pJEUOC2R48ejhgmhJJ/xZGj2iwCySDw888/u+nTp1vafpI/kPRBkxLJIK1t7k9Agml/Ivq/COSQAIMqBNPs2bPdQw895Bg0aREBEQgnAWKSiEnEwkSGOwrPVq5c+YCN+fbbb00sUR/mjjvucNddd51qwxyQlr4QgbwRwKOD5+zLL7+ckVhF9c3yxlS/zh4BCabscdJaInBAAl4wzZkzx2a+qLuiRQREIJwEEEyUCSCBQ6FChUwwkSWPZf+Z7H379rn58+fbdX/iiSe6tm3bWuzS/uuFk0T2jhqLXOYlTm3P3G79nToCWHTHjRtnmWkvvfRSZaVNHfpY70mCKdbdr8YngoAEUyIoahsiEAwCXjANGzbM4pDIelmpUqUsD27z5s1u9OjRVneJRA81a9Z0+fLly3LdqH7oBZN/J/WzFhFIFgHOMwTThAkTXM+ePV2tWrVc/vz5k7U7bVcEMghIMGWg0B8ikDsCxDDNmDHDPfHEE27atGlWsyV3W9KvREAEgkBg586dFpPIe9euXS0miYEa1hMvDHANevPNN92kSZNc2bJlXZcuXexdFpYg9KCOIaoEuCaZpFixYoW5zRIvKJEe1d4OVrskmILVHzqaEBLYsWOHCSUy5eFbXaFChSxTEIewaTpkEYgdAQTRpk2bHBYm0opjYWJQtr9gYp1Ro0a5999/33Xo0MGR7OX//u///ua2FzuAarAIJJHAL7/84qZMmeKee+45R9KHiy66KHZW3STi1aYPQkCC6SBw9JUIHIoAgyhmvCZPnuxef/11xTAdCpi+F4GAE8Alb9myZTZ7ffjhh7tevXqZ1dgLJg6f2KVXX33V3IKOPvpoi6U4/fTTTSzJwhTwDtbhhZoAll2y5M2aNcuSPlxyySVyyQt1j4bn4CWYwtNXOtIAEmAQRV0IZpqXLFniHn30UaekDwHsKB2SCGSTgBdMWJgOO+wwszARw+QFE+/euvTWW2+5Nm3auMaNG6vuUjb5ajURyAsB0orjBsuEBcXiSfmvLHl5IarfZpeABFN2SWk9EciCADVYvvjiCws+9TNfxx13XMbgKouf6CMREIEAE0AQYWEaOnRoRtKHk046yY4Y6xFuevPmzXMjR440FzzSjl922WWKowhwn+rQokOA6/PZZ591Y8aMsZpnZMlT0ofo9G+QWyLBFOTe0bEFngCC6fPPP3d33323ueM8/PDDVkgv8AeuAxQBETgggY0bN1oM07///W/XvXt3y5LnLUxfffWVWZQZtF1//fWO7HgkfdAiAiKQGgJz5851Y8eOtYnKOnXqKK14arDHfi8STLE/BQQgLwS8YOrfv78rWbKkGz9+vGaa8wJUvxWBNBPAJW/lypVmYWLmmhgmLEwIpv/85z9u4cKF9h2xi926dTPRhOteWBbawaJYq7D0mI5zfwIIJuow9ejRw0kw7U9H/08WAQmmZJHVdmNBAMG0evVq169fP3fssceamw51WDQYiUX3q5ERJODrMA0ePNgVLlzYrMc+8+W2bdvcAw88YBm6rr76arMuUbA2TNc77fPWMqVjjuAJHIMmeZc8JixUuDYGHR6QJkowBaQjdBjhJOBjmJjp+v333y3pwzHHHBPOxuioRUAEHILigw8+MCvSUUcdZYKpYsWKFrtEJkxil7A8kW6cDF2IJYRHWESTBJNO8rAT8BYmBBPxgwUKFAh7k3T8ISAgwRSCTtIhBpeAd8lj8MRCulNc87SIgAiEkwDWl/Xr11tacWKYevbs6SpXruy+++47sy6RnatRo0auadOmrlixYmatCZOlBsHklzAdtz9mvcebANfkI4884ogXxl1Wgine50MqWy/BlEra2lfkCCCYvvzySzdw4EBXtGhRC0SleKUWERCBcBJAMK1bt84E0+7du83CRI2ld955x65vrvOuXbuaiMKqFBbLUube8C55mT/T3yIQBgJck5TxWLBggbvvvvuscC1pxcN4HYaBt47xTwISTH+y0F8ikGMCzNZu3rzZbuB79+61pA8Uu9QiAiIQTgLeJY8YJq5l0obzThrjjz/+2LVq1co1bNjQFSxYMJwN1FGLQIgJ/PTTT2bppe7hoEGD3BlnnGHp/UPcJB16SAhIMIWko3SYwSTA4IrZ6Pvvv99iHB588EFXpEiRjKDqYB61jkoEROBgBHbs2OE+/PBDm7XGHe+5556z+MTatWu7jh07utKlS2tG+2AA9Z0IJIkA1yYWJuofDhkyxArFy7U0SbC12b8QkGD6Cw79RwRyRgDBtGnTJpvpoj4LftUMprSIgAiElwAuayRxIY348uXLbWCGJZmYieuuu87hAqRFBEQg9QT27dtnkxdvvPGG69Onj7nGyg0+9f0Qxz1KMMWx19XmhBFAMDHThdsOKYdnzJjhSEGsRQREILwEEEwsJHqgthpB5uedd54JpipVqth3mtU2DPpHBFJKgGsTi+/EiROtDhqZKslaqUUEkk1AginZhLX9SBNAMG3ZssWSPqxZs8ay5FHkUosIiEB4CTAo27Nnj3vmmWfM/YdZ7c6dO7tbb73VFSpUyBqmWe3w9q+OPNwEEEy45XXq1MldeeWVSise7u4MzdFLMIWmq3SgQSXw448/mlCimN5DDz3kqNmiRQREIFwEEEn+RcYtXGyHDRtmVuNatWpZ3aVq1aplpBGXhSlc/aujjQaB3377za7J2bNnm8W3Ro0asjBFo2sD3woJpsB3kQ4w6AQIQp00aZKbN2+eCaeTTz5ZSR+C3mk6PhHYjwDWYsoEYDlCDH399deuf//+jmK1WJeaNWtm2fL4mV9nv03ovyIgAkkmwATluHHjzBV+wIABrkyZMsqSl2Tm2vx/CUgw6UwQgTwQYEZ6586dbsqUKSaYSPpQqVKlPGxRPxUBEUgHAQQT1zOFMXft2mWutqQSx9W2d+/e7qqrrjJBhfVJdV/S0UPapwg4t3XrVstKi8vs8OHDrVC8ajDpzEgFAQmmVFDWPiJLgAEWgeEMrBYvXmzZe8qXLx/Z9qphIhBUAlyLeRk48fvPPvvMzZo1y7377rvul19+sUQuP//8s7v44outWO1FF12U4ZKXl30FlaGOSwSCTuCbb76xrLRMavDcLVGiRNAPWccXEQISTBHpSDUjfQR++OEHi1164oknHHWYqlatmr6D0Z5FIIYEcKVD8PgXLnU5Tf3NNohb+uSTT9z333/vVqxY4V577TVXrlw5d9NNN7kLL7zQkdDFxy5JMMXwRFOT00KA65oU//ny5bNJDFzxdu/ebQVsJZjS0iWx3KkEUyy7XY1OJAFu3NOnT3ejR4+2zD0NGjRI5Oa1LREQgWwQYOLirbfecliECAQvW7ZsNn715yq45FF7CZc8Asup8/Lmm2+6mjVrunr16lkmLmKXvDueBNOf7PSXCCSTAIKJCQ2uvQ0bNri+ffs6rldZmJJJXdven4AE0/5E9H8RyCEBL5imTZvmxo4d66gLoUUERCB1BBA5uMRi4S1ZsqRr165dtmIJGYh54eNjmPg/gunxxx93CxcuNOtS3bp1bYBGi7Aw8fK/S10rtScRiCcBrk0Wrrv333/ftWnTxp122mkmmIoXLx5PKGp1yglIMKUcuXYYNQIIJpI9PPDAA7IwRa1z1Z7AEmDGmYXBFO5zFJfFKoR1ifosPr0/wiazuPHCyNdR4v9+W35d/j9nzhxL+HDDDTe4M88801yC/MCN9Q4knPz2DvR9YIHqwEQgwAT85AZW37vuustdf/31rm3btq5w4cIBPmodWpQISDBFqTfVlrQQ2Lt3r6MmxKBBg9zdd9/tWrVqlZbj0E5FIE4EECa44b344ovmErty5UqzDB133HFm5cU19thjj3WffvqpCSIEFPEOxxxzjImdzz//3L5j/QsuuMAGXogcsl6+/fbb5o5HYPnxxx/vqMN0/vnnu8MOO+wv4mrz5s3ugw8+cF9++aV9V6VKFXfWWWe5YsWKZaQezyzW4tQ/aqsIJJKAF0wLFixw9913n2vevLm78cYbM1L9J3Jf2pYIZEVAgikrKvpMBHJAYN++fe7ll192AwcOdLfffru5A+Xg51pVBEQgFwQYQJGcgWQrjz76qNVlwTJUunRpswhdd911Jl7eeecdN3fuXLd+/XpXqFAhV7lyZYtTIiMeggsh1bVrV3fllVdaIPnMmTPdM8884yhSy3fUV2M/uAGxzcMPP9wxScLAjYx6Rx55pCWEQDQhnmrXru2aNm1qYk1iKRcdq5+IQBYEvGDCwkR9NOqiNWzY0CYqslhdH4lAwglIMCUcqTYYNwLETzBQYtaLQRfuQFpEQASSS4ABFFambdu2OUTO1KlTzXJE/BLuOkcddZQlakAUEV84ceJEE0TeCkQdF65brErdu3d31157rW2HOETc+rp16+aOPvpot2jRInO3RSj16tXLLE1r1661+AlcAVu2bOnq16/vsHARhE6mPazMbO+II45ILgRtXQRiQIBr3S8vvfSSeXO0bt1aFiYPRe8pISDBlBLM2kmUCZDudMmSJSaYmF1moKWZ5Sj3uNoWJAI//vije+yxxyzhSsGCBU3UEHeUP39+O0zc6kgGQYxh0aJFXceOHd2//vUvy4i3fPlye8eaxDU7dOhQsxohgpj4QCRRk2nkyJFWb+3ee+91derUMasWxaqxZnG9n3feeZaOnEyZZOpj/8RZkJJciwiIQN4I+NhBaqMx8UFWWiYvmBgpUKCATXrkbQ/6tQgcmoAE06EZaQ0ROCgBBBMDL27gZcqUcePGjbOb+EF/pC9FQAQSQiCzYGJghSBq0qSJWZjYAYIJcYP1B4tRjx49TDARj4R1mNlr6rtgberXr59ZlBBQ55xzjmPbGzduNJc8rEUtWrQwNz8Gbbj54Y5Htq4zzjjDkkJgcdqyZYvFPLVv396+88klEtJYbUQEYkiA65rrlLT/JFh6/fXXLbX46aefnhErGEMsanKKCUgwpRi4dhc9AtzMiY8YMWKE3dDHjx9vsRLRa6laJALBI4CoIYaJiQqsSkxcEAzuLUy//vqrWaCGDx9uIgrBhOss1ihinhiIIWqo70LilieffNJSkl988cU2AUKxWpJH4LpHynIsUQ899JCbPHmyuQRSown3uwoVKtj/EWFFihSx5BJYqGRtDt45oyMKFwHvksfkx6hRoyxZC9cf1yWLrrFw9WdYj1aCKaw9p+MODAEEE3ELuPPwjnsQ8RNaREAEkk8gs4XJu+ThqoPAYSDF64UXXrCkLBxNZgsT/2c9BmSUB+AaZiB29dVXu86dO7sTTzzRhBcFM1nY1k8//eRmzJhhAo39sT2SQfD3/os/hv0/1/9FQASyT4Drk2uPeEWK1n799ddmNcYlluevrLjZZ6k1c09Agin37PRLETAC3My5kRMsTqpiZruJldAiAiKQfAKZBRNWpXvuuccEDIMoXoiW1157zTJrUZAWgXPNNdeY26wXVBwlQmjIkCEmhMqXL28lAhBeuOvhCsR+sEjhyke9p2HDhrlNmza5Ro0aWWZM4pVwzyVrJvcE1uO37EOLCIhA3gngHtuzZ08TSbjYUiKAhWtciwgkm4AEU7IJa/uRJ8DgaPv27RaM+sknn1i2LmIltIiACCSfAFnwvEsewqZx48auevXqJoiIceBaJDU4WSxx6SHG6eabb7b4o8yCiVThbAfX2m+++cZdccUVrukf6cGJS+T/1GZiRvuqq66ymEXWI9kLQokCmpdeeqmjLtOqVavcCSecYLWgcOHTIgIikBgCpO4fPHiwK1u2rCVloUwA17AsTInhq60cnIAE08H56FsRyBYBBm3ENTz11FPm1nPJJZdk63daSQREIG8EEEHEHRE7uG7dOisai0ssMUgkaShcuLBl1SKzFlakiy66yJJCkDqcGAg/2MJ6tHXrVpvweOSRR8xFj0QP3lrMII3seZdddpkJr6efftrSkK9Zs8bEV6lSpWz7CDTqsSGsSAqhRQREIG8EvEve0qVLXe/evW1ygtT9XNsssuLmja9+nT0CEkzZ46S1ROCABLiZU9iStMVz5sxxBJc3aNDggOvrCxEQgcQRwA2Omefnn3/erEA///yzq1q1qrvpppvMIkSab1zyiHsg3gFhRGwSlihEE2mJWfic77ESUZSW+ktkvGMwdv7551uqcDLisT7rYZFatmyZFa3+6KOPbD2K4l5++eW2PkIrswUrcS3WlkQgXgS43nC7+/DDD821tm7duq558+YZgileNNTadBGQYEoXee03UgR27txps9gUyGQGjLgGLSIgAqkhgNhBwBBnRAwRYqVYsWIWU4S7LN9hSULAsC6Dr+LFi5sFyCd08GKKCRBEGNYoitvyPZYiMt/xe9bzQoi/ycLHunzGeiR/8Pvy76mhoL2IQDQJcE3yYiJj0qRJZumtVatWxmRHNFutVgWNgART0HpExxNKAgSTv/rqqxaQSlFM4hv8TV4BqaHsUh10iAhwre2/8BkiZv/rcP91/fXp19t/O5m34bfJZ144+d9n/p3fR1bfZV5Pf4uACGSPAJMeuL3znCXhCtZcXV/ZY6e1EkNAgikxHLWVmBMg2BwXHopVnnfeeRY8zoCKmWplyor5yaHmi4AIiIAI5IkALrVdu3Y111qEU8WKFSWY8kRUP84pAQmmnBLT+iKQBQHcfJYvX241IohxoBo5AeMUsZRgygKYPhIBERABERCBbBKgOHyXLl3MakyCl+OOO87+zubPtZoI5JmABFOeEWoDcSfgXXkIFh80aJAJJ27oWJqwMCmOIe5niNovAiIgAiKQFwIIpl69elntJYrXqjh8Xmjqt7khIMGUG2r6jQhkIpBZMN1///3ugw8+sBTHpDVGMPmg8kw/0Z8iIAIiIAIiIALZJPDOO+9Y7SVKdpBYSSn7swlOqyWMgARTwlBqQ3ElgGAiXgkf66FDh5pgogo59V4kmOJ6VqjdIiACIiACiSDAM5ayAd27d3d33nmn1TmjaK0WEUglAQmmVNLWviJLgBs6BTQfe+wxS3vao0cP16xZs4wUxmTV0iICIiACIiACIpAzAqT3nzhxoj1fhwwZYrXO8ufPn7ONaG0RyCMBCaY8AtTPRQACCCbqv1C49q677rI6Ef3797fP+V6CCQpaREAEREAERCBnBL799lt3zz33uM8//9zc3c8880yLDc7ZVrS2COSNgART3vjp1yJgBMiSR0a8hQsX2o2d+KXhw4ebUEIsqV6EThQREAEREAERyDmBVatWmcdG2bJl3QMPPOCOPfZYTULmHKN+kUcCEkx5BKifiwAEiGHiRWpxMvngLkCmvBNOOMGsTBJMOk9EQAREQAREIOcElixZ4m6++WZXo0YNN3LkSFesWLGcb0S/EIE8EpBgyiNA/VwEcMfDwsTy1VdfuYEDB7o1a9aYYKpSpYoJJrnk6TwRAREQAREQgewRYAKShcnGt956y7Vt29Y1adLEtWvXzpHwQc/U7HHUWokjIMGUOJbaUowJcHNHOBGcOmHCBDd58mQ3ePBg16hRoxhTUdNFQAREQAREIOcEmITkuYqr+9SpU920adNsMrJevXoWv6RyHTlnql/kjYAEU9746dciYAQQS7x+++03N3v2bEc9JmbCqEyuRQREQAREQAREIPsEMk9CUq4DtzyEU7ly5exZS0F4LSKQSgISTKmkrX1FlgBiiYW6S4sXL7Y4plNOOUX+1pHtcTVMBERABEQgWQQQTLjjbdq0ydzxiAt+8MEHXfHixW2XigtOFnlt90AEJJgOREafi0AuCHCTX7t2rVmYfv75Zzd27Fh33HHH5WJL+okIiIAIiIAIxJOAtzBhWaJY7TXXXOM6derkDjvsMIc7nmKY4nlepLPVEkzppK99R44Alqbt27db6tN33nnHjRkzxpH4QYsIiIAIiIAIiED2CPAsJX7p7bffdt26dbN44NatW1sGWgSTLEzZ46i1EkdAgilxLLUlETACu3btMqFELBMZ866//nqREQEREAEREAERyAEBYoKfeuopN2LECPPaqFOnjlmWiF+SYMoBSK2aEAISTAnBqI2IwJ8E9u3b5+bNm2fxSw0bNnQdOnT480v9JQIiIAIiIAIicEgCu3fvdqNGjXKvvvqqmzVrljvxxBPlindIalohWQQkmJJFVtuNLQHvRtCzZ09XtWpVN2XKFN3kY3s2qOEiIAIiIAI5JYBL3rJly1zLli0tDpiEDyVLlszpZrS+CCSMgARTwlBqQyLwXwI+8cOgQYPc77//7h566CErtCc+IiACIiACIiAChybAxOOLL77omHi89957zbWdhA9aRCBdBCSY0kVe+40sAWbGvv/+e4tjIvHD9OnTXfny5R2F+PC7VnafyHa9GiYCIiACIpAAAsQvzZ071xIojRs3zp1zzjmWHS8Bm9YmRCBXBCSYcoVNPxKBAxPAwuSDVXHHGzx4sKtRo4Zl/FE61ANz0zciIAIiIAIiAIEffvjB9evXz61evdrc2hW/pPMi3QQkmNLdA9p/5AhgYUIwPffcc3bD79ixo2vevLmlQ6WxsjBFrsvVIBEQAREQgQQSoJ5ho0aN3Nlnn23ZZosVK5bArWtTIpBzAhJMOWemX4jAQQkgmHC/++STT1z//v3d8ccfbz7Yxx57rOM7CaaD4tOXIiACIiACMSSAdwYLz8lFixa5Vq1aWQzTrbfeagVrY4hETQ4QAQmmAHWGDiUaBLjp89qxY4cbPXq0++ijj+z9jDPOsM9VPyIa/axWiIAIiIAIJI4AiR5YSJY0fvx4N3nyZIthqlu3ritQoEDidqQtiUAuCEgw5QKafiICByOAWMLCxE1/2rRpdtPnxn/xxRfLwnQwcPpOBERABEQgtgT+85//WGIkJhtxZV+xYoUjnfi5556rhA+xPSuC03AJpuD0hY4kIgRwJ0A0Ecc0e/ZsK2A7bNgwd8UVVzgqlGsRAREQAREQARH4k4B3ZecZuWHDBnfttdeaOzuTjqVKlTJXdrmz/8lLf6WegART6plrjzEgwM2f2TL8sNu1a2fBq8yYFSlSJAatVxNFQAREQAREIGcEvIVp6dKlrnHjxq5+/fquV69eFr+UL18+xf/mDKfWTjABCaYEA9XmRMATwMq0Zs0ad8cdd7gKFSo4CtmWLl3af613ERABERABERCB/xEghonn5oQJEyyGaeLEia5WrVr2bf78+cVJBNJKQIIprfi186gT2Llzp2XIW7VqlRs+fLj5Yke9zWqfCIiACIiACOSEgHdlp/4SZTh2795tLu1kl0VEqeh7Tmhq3WQQkGBKBlVtUwT+R+DXX3+1auVky8PS1KxZM1ewYEHxEQEREAEREAERyEQAl7wFCxa49u3buzvvvNPdfvvtrlChQkqWlImR/kwfAQmm9LHXnmNAgAcAacW5+Z9++unmlseMmRYREAEREAEREIE/CZAo6b777jPLEgmTyI6nREl/8tFf6SUgwZRe/tp7DAhs3brV9ejRw/E+ZswYE04xaLaaKAIiIAIiIALZJoA7XpMmTdyuXbvcrFmzLEtetn+sFUUgyQQkmJIMWJuPNwH8svfu3Wu1JKZPn+769u1rmX9Ij4pf9v+39y7wWk7p//8131fnA52lonNIikgRpgMqSqGYktBEKVKk+pK+jskkDXKa1EhNDhViHGKSSJmoVFRIoaGzDjr39Z2/z/X/rT0bpb3bh+d+7vu9Xq9n389+nvuw1nvdz73WZ13XupZGzwiVmux7hNJDAAIQSDoBtZULFiywyy67zC666CIbPHgwUWWTflNErPwIpohVCNmJFwE1AlrAdvr06d4AtGvXzgYNGmSlSpVywVSgQIF4FZjSQAACEIAABLJJQBHytOaS1izUQu/Nmzc3IuNlEyK75ykBBFOe4uXkSScQIv8sWrTIevfu7RalsWPH2rHHHpsR+SfpjCg/BCAAAQgkm4A8Lnr16mVLly61iRMnWtWqVfG+SPYtEbnSI5giVyVkKE4EgmBSePH777/fI+ZpPSa5HBQuXDhORaUsEIAABCAAgSwTUPsol3Rt58+f7+HEzzjjDA+OJC8M3NWzjJId84EAgikfIHOJ5BJQQ/Djjz+a3A2mTJnic5i6du1qAwYMwD87ubcFJYcABCCQeAKyKql91Fzep556ym655RYbMmSICyctv6G1l0gQiAoBBFNUaoJ8xJaAQosrff755y6UChYsaA888IDVrFmT9SViW+sUDAIQgAAEfouABhQ1mKi5vEOHDrVp06b5PKaGDRu6iEIw/RY9vstvAgim/CbO9RJHQCNoahi2b99uw4cPtxkzZtjo0aOtcePGiWNBgSGQFQL6vYSEW04gwRYC8SKg37le27Zts4svvthq1KiR4Y4nEYVgild9p3tpEEzpXoPkP20IKLz4+PHjfS5Tz549PQhEyZIl0yb/ZBQC+UFAbjohSSwhmAINthCIFwH91iWK5K6utQoVIU+RZJXkiYFgild9p3tpEEzpXoPkP20IyDVv4cKFdvXVV1uFChU8dKpG1EgQgAAEIACBJBKQS16PHj1s2bJlNmnSJI+OJ6GkF4MlSbwjoltmBFN064acxZCAVjIfOXKkTZ482d3yWrZs6b7aMSwqRYLAIRHI7I6nE9BpOiSMHASBtCDwySefuDte69at7Y477rDixYu7WFIgCBIEokQAwRSl2iAvsSeg0bQ5c+ZY37593dLUvXt3K1q0qK/JRAMR++qngBCAAAQg8P8IqD28++673bI0ZswYO/30090VLwBisCSQYBsFAgimKNQCeUgMAQWA0IjaFVdc4WHFtYht7dq1MyIF0UAk5lagoBCAAAQSTUAeF126dHGL0rhx46xixYqJ5kHho00AwRTt+iF3MSOgSa4//PCDPfbYY/bEE0/Yn//8Z5MrgqxLeiGYYlbhFAcCEIAABPZLQEttaP5S8+bN7aabbmJtwv1S4sOoEEAwRaUmyEciCIQQ41rV/JprrrFmzZq53/Zhhx1GRKBE3AEUEgIQgEByCYSFajVX8f777/f5vI888oiddNJJvh5TcslQ8qgTQDBFvYbIX6wIhJDJmzZtsv79+9uKFSs81HitWrWIChSrmqYwEIAABCDwSwKKFitvig0bNthVV11lxYoVs4cfftjKlSuHYPolLP6PFAEEU6Sqg8zEnYBG1ySa9u7dm7Em01133WUdO3a0woULx734lA8CEIAABBJMIAwaPvroo/bggw+aAh/16dPHihQpYoUKFUowGYoedQIIpqjXEPmLDYGwqrlEk+YqzZ07N8N/Wwv2yS2PBAEIQAACEIgzgY0bN/rC7evXrzcNGDZp0sStTixUG+daT/+yIZjSvw4pQZoSkEvCbbfdZh999JEppGqDBg2Yx5SmdUm2IQABCEDgtwlo0FCDhTNmzLABAwbYJZdc4oOGcscj4NFvs+Pb1BNAMKW+DshBQgloDYpZs2a5S4Jc8rRoX8mSJRNKg2JDAAIQgEDcCcgdfejQofbaa6/ZsGHD7JxzzsEdPe6VHpPyIZhiUpEUI/0IaLRt1apVvg6FJsJOmTLFqlWrln4FIccQgAAEIACBLBBYunSp9erVy+rWreuhxBXwCOtSFsCxS8oJIJhSXgVkIKkEJJh27NhhTz31lN177702cuRIu/jiizPWY6IRSeqdQbkhAAEIxIOA2jkFetD8JM3fVbAHuaDfcMMN7pLH3N141HMSSoFgSkItU8ZIElAjoteCBQusW7dudvzxx3tDogZEYkmhV0kQgAAEIACBdCWgNk4eFAULFjQtVCuhpIFCDRIq2EOBAgXStWjkO2EEEEwJq3CKGx0Cakg0+rZ161ZfwO+5556zZ555xk4++WQXUmpgSBCAAAQgAIF0JSCrkto5WZi03tJDDz1knTp18ih5VapUIdBRulZsAvMdC8GkHyPuSwm8e2NQZN27ei1atMjnMmkhvxtvvNEbEUKsxqCCKQIEIACBBBPQwKDasi1btth1113nViYFODrrrLN87SU8KRJ8c6RZ0dNaMKmjqRR+kIimNLv7yG4GgXXr1tmVV15pe/bs8TlNRx11FIMAGXR4AwEIQAAC6UggDAq+8847NmjQIDvxxBPt5ptvturVq7P2UjpWaILznNaCSUJJLwkljWAgmBJ8J6d50SWUXn75ZevXr5/17dvXBg4cyP2c5nVK9iEAAQhAwOy7777zUOJz5syxW2+91dq2bWvFihXzNo45TNwh6UIg7QWTRi8QS+lyu5HPAxHQfbxy5Upr3ry51axZ00OMly1b1ifLaiAAt4UDkeNzCEAAAhCIEoFgVVLfTHOYJk2aZHfffbe74d10001Wu3Ztz24Y7I5S3skLBA5EIK0F04EKxecQSDcCamC2b99uo0ePtvHjx9uQIUOsa9eu7qKnRkejcFhQ061WyS8EIACB5BFQexamSmzYsME9Jt577z277bbbfOkMFmhP3j0RhxIjmOJQi5QhFgT27dvnC9n26NHDJ8NqVK5UqVIZEfMQTLGoZgoBAQhAINYEZFVS0mDftGnT3B3vuOOO8zlM9evXJ5R4rGs/voVDMMW3bilZmhHQWhU7d+70EOPjxo2ze+65x6644gqTkMLClGaVSXYhAAEIJJSA2jKJJVmXbr/9dps5c6bJFa9jx45WunTphFKh2OlOAMGU7jVI/mNBILgwaLt48WJTePEKFSrY008/bRUrVsxYxyIWhaUQEIAABCAQSwJqw/SSYJoyZYophLisSoqQJysTg3+xrPZEFArBlIhqppBRJ6AGJrgxbNu2zRuZ559/3p544gm74IILvAHCJS/qtUj+IAABCCSbgNoytVU7duxwV7zp06f72oIXXnihlShRglDiyb490rr0CKa0rj4yHxcCQTBJNGlkbu7cudazZ087/fTT7bHHHrNChQrFpaiUAwIQgAAEYkogCCatuzRs2DCrU6eOL1hbrVo1F0tYmGJa8QkoFoIpAZVMEdODQFhTTKNzWshWkfJmzZrlgqlly5Ye/EGNkQQV1qb0qFNyCQEIQCDuBNQu6aWk9mnv3r0+F/ftt9+2a665xs477zwrWrQobVfcb4SYlw/BFPMKpnjpSWD37t32yiuvWO/evd0l76GHHrLixYt7Q6QROjVKJAhAAAIQgECqCUgsyTtCW7VP7777rg/4aS3BwYMH28knn2wFCxZMdTa5PgRyRADBlCN8HAyBvCGgxmf16tW+fsWCBQts1KhR1q5dO2+UZF1CMOUNd84KAQhAAALZIyChJA8JLbC+fPlyGz58uHtHaMBPkV7LlStHm5U9pOwdQQIIpghWSjpmSQ9MvdSZx10s5zUolrIyvfHGG+7/fckll7hoUqOkhGDKOWPOAAEIQAACOSeQWTC99dZbdtddd1m1n+Ys3XjjjVavXj0XUvQLcs6ZM6SWAIIptfxjcXVZQ0JHXiNMdOZzXq1qgLT+0po1a9y1YcmSJTZ+/Hhr0KCBW5nEmQQBCEAAAhBINYEwWLpr1y6P8PrPf/7TevXq5XOXihUr5oIp1Xnk+hDIKQEEU04JcjxuYnlwD0iASjBp8qwW/evfv7/PZRo5ciSCNA94c0oIQAACEMgZgY8//tgGDBjgA3tyx6tSpYqLJQ3wYWHKGVuOTj0BBFPq6yDtc6DRJSUeiLlXlcHCpK1WS9fifwo1/uSTT1qTJk0y3B/DyF7uXZkzQQACEIAABLJHYMuWLTZmzBibPXu2XX311daiRQsPACGxhEdE9liydzQJIJiiWS/kCgIZYVqDlenaa6+1888/32RlkjjVizUtuFEgAAEIQCC/CQRX/NAWffjhh75QbaNGjUxtVeXKlT1LDKTmd81wvbwigGDKK7KcFwK5REBWJM1lklCaOnWqN0pXXXWVu0JqvlhosHLpcpwGAhCAAAQg8JsEJJjkNq5w4WvXrrURI0Z4OPGhQ4daq1atfN2l3zwBX0IgzQggmNKswshu8ggE97zFixdbnz597PDDD7dx48a5f7gaLKxMybsnKDEEIJCeBDQ/Vc90pTDglY4lCeX43//9X9MCtcOGDXOrktzHjznmmHQsEnmGwG8SQDD9Jh6+hEA0CKhxWrduna+ePmnSJLcy9ezZ0xte/MOjUUfkAgIQgMDBCOhZrpTungEqhwTfypUrPYx4GNC76KKL7LDDDiM40cFuBL5POwIIprSrMjKcRAIaxZM1SeFar7vuOqtQoYJPsK1Zs2ZGAIgkcqHMEIAABCCQGgI7d+60yZMnu7t4s2bNrF+/fnbUUUd5kAeWF0lNnXDVvCOAYMo7tpwZArlGQGJJPuM7duywsWPH+iK2Wufi5ptvNq1zQYIABCAAAQjkFwG1R1of8M4777TNmze710PTpk1dLMl6hmDKr5rgOvlFAMGUX6S5DgRyQEDuD2qg1BBprQvNZdq+fbs98MADPsFW38svHve8HEDmUAhAAAIQOCCBzO3Mxo0b7eGHH7aXXnrJFITo8ssvt9KlS3sbpROorSJBIE4EEExxqk3KkggC27ZtczeI22+/3cOM/+lPf7ISJUq4y17hwoUTwYBCQgACEIBA/hEIwYeC5egf//iHz12qVq2a3XrrrXbcccchkvKvOrhSCgggmFIAnUtCICcENMq3evVqD+M6Y8YMu/fee61Dhw62Z88eK1SoEI1WTuByLAQgAAEI/IqABJPaHqUVK1aYBuw+/fRTu+WWW6xt27ZWvHhx2p5fUeODOBFAMMWpNilLIgjINU+v9957zwYOHGh169Z117zy5csTACIRdwCFhAAEIJAaAppH++STT9pDDz1kZ5xxht12220mK5PcwXHDS02dcNX8IYBgyh/OXAUCuUZAEfM00rd161ZvuCZMmOBzmq6++mpfRJBGK9dQcyIIQAACEMhE4IsvvrBBgwaZ5jANHjzYFB1Png1y1Qvuepl25y0EYkMAwRSbqqQgSSEg14gQAEJrXwwZMsTFkybgnnTSSUnBQDkhAAEIQCCfCKjd2bRpk0dpff755+2KK66wLl26WKlSpdyyRMChfKoILpMyAgimlKHnwhA4NAJquJRkZdq9e7dNnz7dhg8f7q55o0aN8khF+k6WJqxNh8aYoyAAAQgknUCYtyQxtGvXLtOi6Q8++KC1aNHC+vbt62suqY0JYon2Jul3TLzLj2CKd/1SuhgTCMJJrhETJ060qVOn2j333GO///3vPWKevi9YsCCiKcb3AEWDAAQgkFcE1IbIm0GC6Ntvv7WbbrrJVq1aldHOFChQgIG5vILPeSNHAMEUuSohQxDIOoHQoH355Zd2//33e6QihXgtV66caa5TaNCyfkb2hAAEIAABCJgHEVIbI1e8xx57zJ577jl3xbvyyiutbNmyGZYlWEEgCQQQTEmoZcoYWwJyvZMw0uvFF1/0UOM333yzdezY0SfiquByk1Cjh7tEbG8DCgYBCEAgTwjs27fPXfFGjhxpZ555pt1www1WvXp1vxYDcnmCnJNGlACCKaIVQ7YgkBUCEkJBDGltjJ49e7o7nkK+KgBECA6hcxHBKCtE2QcCEIBAcgmozVBSu6I245tvvvEorDt37rQ777zTmjRpkmFZok1J7n2SxJIjmJJY65Q5lgQ0KfeVV16x++67zxo2bOghX2vUqOHBIdSwYWGKZbVTKAhAAAK5RkAWpTBvSXOXxo0bZ6NHj7bu3btb165drUyZMrl2LU4EgXQigGBKp9oirxA4CIH169ebXCfknte/f3+Tr3nhwoVdNKnxQzQdBCBfQwACEEgwAYmlMP/1448/tv/+7/+2aj8tTHvjjTdarVq1fF5sgvFQ9AQTQDAluPIpevwIqLFbsmSJN3Ka3yTxVK9ePXfTw988fvVNiSAAAQjkJgG1G/JIWLt2rYukpUuX2rBhw6xly5Y+L5ZBt9ykzbnSiQCCKZ1qi7xC4CAENDK4Z88emzJlirvmtWvXzgYOHJjhRkFjdxCAfA0BCEAgwQQ0d+mHH34wrek3efJknxfbuXNnX99P7QfzlhJ8cyS86AimhN8AFD9eBCSYNEKo0cEhQ4bY7NmzfVHb9u3bu2tevEpLaSAAAQhAIDcJ7N271x5++GEPI37eeedZv379rHLlyn4JeSmERWpz85qcCwLpQADBlA61RB4hkEUCwf9co4CLFy+2W265xXbs2GGPPvqo1a9f38+iEUQlrE2OgT8QgAAEEk0gc5vwxRdfWK9evbx9uOuuuzyAUICjhdCxMAUabJNGAMGUtBqnvLEnoMZPYmj37t327rvvmtZlaty4sa/OXr58eXfZ0yihRgtJEIAABCCQXALySNBLbYLaDg2ujRkzxgYMGGAXXXSRFStWjMG15N4elDwTAQRTJhi8hUCcCMjatG3bNg8L++STT9q1117rq7QXKVLExRKuFXGqbcoCAQhA4NAJSCyNHTvWHnzwQbv44ovtmmuusQoVKriQwhvh0LlyZHwIIJjiU5eUBAI/IyBfdDV0a9ascde8uXPn+rZLly4m0UQj+DNc/AMBCEAgkQQklt5//31vH6pUqWKDBg2yY445xsUS0VUTeUtQ6P0QQDDtBwofQSAuBNQQ6vX5559b3759bevWrTZhwgSrXbu2r7UhK5PcMXDPi0uNUw4IQAACBycgDwS9NC/pww8/tKFDh3r7oBDiTZs2zWgTmLN0cJbskQwCCKZk1DOlTDgBhRqfPn26hxg/++yz7dZbb7Vy5cp5gylLU6FChbA4JfweofgQgEAyCASxpAGz7du3+3ylt956y2677Tbr2LGjHX744ckAQSkhkA0CCKZswGJXCKQrAVmZNm3a5GszaW2N/v372x//+EcfXVSjiYUpXWuWfEMAAhDIHgEJJg2U7dq1y+ctaY5r27Ztfc0lueQxvzV7PNk7GQQQTMmoZ0qZcAJyu1NauXKl3X333fbPf/7TJ/c2a9bMxRJuFwm/QSg+BCAQWwIaMAtzViWWJIg0x1WDZyNGjPD5SoMHD7a6dev6IBrtQWxvBQqWAwIIphzA41AIpAsBNZha1FaN5pIlS3xy75YtW3w191NPPZW1NdKlIsknBCAAgUMgoDZAYimEEJ85c6bdcccdvk7fnXfeaS1btswI8oBgOgTAHBJ7Agim2FcxBYSAeeAHzWNSo6nRxVmzZlmfPn3s2GOPteHDh/vIIpwgAAEIQCB+BPTcl1AKz/9vvvnG5ystWrTI3fA0b6lMmTI+oIY7XvzqnxLlDgEEU+5w5CwQiDQBNZT79u3zBlOjhzt37nTf9ZEjR1rz5s3t4YcfttKlS/v3wXUj0gUicxCAAAQgkCUCev4HVzzNZR09erTNmDHDtMSEFqfVs1/tgp79CKYsIWWnBBJAMCWw0ilysgmo8dRr7dq1dtddd9kLL7zgLnq9evXy+UxqNHHJSPY9QukhAIH4ENDzXs91DZQ9+uij9vjjj1u3bt2sR48edsQRR/h3euaH/eJTckoCgdwjgGDKPZacCQJpQ0DWJo0krlixwrp3726bN2/2RvTMM8901w0EU9pUJRmFAAQgkCUCr776qgf9KVWqlA0ZMsQaNmyYESkVz4IsIWSnBBNAMCW48il6cgnIn10uGhpRlGvGTTfd5JGSHnjgAatevXpywVByCEAAAjEjoOf8smXLfP297777zm688UZr06aNFSlSxL0JNHiGYIpZpVOcXCeAYMp1pJwQAtEnoAZUoim4aUycONHDjLdu3dpHHsuWLZuxqC3WpujXJzmEAAQgkJlA5iAPS5cutXvvvdc++ugj6927t3Xu3Nn0jA9tAM/4zOR4D4H9E0Aw7Z8Ln0IgMQQknhRi/P7777e///3vvqDtVVddZUWLFnVBxSTgxNwKFBQCEIgJgSCGVq1a5ZFQ58yZY127drXLL7/cKlWqhEUpJvVMMfKPAIIp/1hzJQhEkoAaVq3RpFCzw4YNs4ULF9rQoUPtwgsvZD5TJGuMTEEAAhA4OIEdO3bYPffcY88884x16tTJrUtVqlRxNzysSgfnxx4QyEwAwZSZBu8hkFACEk2a06QgEGPGjLHFixfb9ddfb+3bt/d5TiFIBNamhN4gFBsCEIg8AT3DlfScVhTU8ePH28svv2znnnuuXXbZZT4/VW7Y4RX5ApFBCESIAIIpQpVBViCQagKyNMnffcSIEbZ8+XIPN96hQwcXUxJVBQsWxJUj1ZXE9SEAAQjsh4AEk8TQ7t277dlnn3U363POOccHv2rUqMFyEfthxkcQyCoBBFNWSbEfBBJCYNeuXfbee++5aNq+fbu75ymiUvCJV4NMggAEIACB6BHYu3evvfbaaz5vqXDhwnbnnXfaaaedxmBX9KqKHKUZAQRTmlUY2YVAXhJQAAiNUsr3ffr06R5ZqUSJEh6OVhH0lPR98H9HPOVlbXBuCEAAAgcmoOe1Xkp6Ju/Zs8fFkgL4yBvghhtuMFmYihUrhhvegTHyDQSyRADBlCVM7ASBZBAIgknb77//3icLjx492k488UQXT7Vq1TKNYCoVKFDAfeWTQYZSQgACEIgWgfC8Vq40eKVIeFqQVguRDxgwwC644ALTIrUkCEAg5wQQTDlnyBkgECsCcr0Lrw0bNrhomjRpkp1//vk2aNAgH63USKZGMCWaSBCAAAQgkP8EJJj0rJZ1adGiRe4J8Pnnn/vCtB07dvS1loI3QP7njitCIF4EEEzxqk9KA4EcEwijltoqKdz4I4884i563bp1s549e/qoZWiotY/2xT1PJEgQgAAE8o+AnsPLli2zu+66y+bNm2e9evUyPafLlSvHgFb+VQNXSgABBFMCKpkiQuBQCITRS0XOW7lypT3++OP2yiuvWPfu3a1Pnz4umsJ8JoklBNOhUOYYCEAAAlknIIEUns2y8Mv9TmLpzTff9Gdzly5d7IgjjmDOUtaRsicEskQAwZQlTOwEgWQSkCAKokhhxjWf6a233rLOnTtb3759fRQzWJdw/UjmPUKpIQCB/COg57FEk8TS+vXr7e677/aBrHbt2lm/fv1M4cMZvMq/+uBKySGAYEpOXVNSCGSbgBpmWZgkhvRe/vGPPfaYzZgxw10/1EDreyUtlkhDnW3EHAABCEAgywTCAJWWfHjwwQftqaeespYtW/paS8cccwxueFkmyY4QyB4BBFP2eLE3BBJHQEIpJL1fsWKFjRkzxhe4/Z//+R9r0qSJiyZ9F0QT1qZAjC0EIACBnBGQVUmDUeEZu23bNhs1apRNmTLFrr32Wo+Gd+SRR2Y8f3N2NY6GAAT2RwDBtD8qfAYBCPyKgBrr4Du/cOFCe+CBB2zTpk12++232+mnn+6ue/peognB9Ct8fAABCEDgkAjIii/RVKhQIZNY+tOf/mTPPvusBTe8qlWrYt0/JLIcBIGsE0AwZZ0Ve0Ig8QTUaEsUaS2mmTNn+mryRx99tA0cONAaNGiAe17i7xAAQAACuU1Az12lH374we677z4XSxdeeKH17t3b5ywxQJXbxDkfBH5NAMH0ayZ8AgEIHIBAEEwSTVqLSQslKhDEzp07XTQ1b948Y6RTjbhe2pe5TQcAyscQgAAE9kMgPDe1lXVfz97hw4fb008/bZ06dfLlHSpXruzr4e3ncD6CAARymQCCKZeBcjoIJIWAGnGJptmzZ9uIESNs9+7dNnjwYGvRooW75YmDBJNc9EgQgAAEIJA1AsH9WSJJz1ANSE2YMMHGjh1rbdq0cbFUqVIlH4xStDwGpLLGlb0gkBMCCKac0ONYCCSYgBr1ffv2+ejn/Pnz7Y477rCtW7fabbfd5lGb5G+vFAJBJBgVRYcABCCQZQKyKunZKjG0bt06j0z63HPP2aWXXupiqUKFCn4u5otmGSk7QiDHBBBMOUbICSCQTAJq1IOLnsSTLE1aQFGi6ZZbbvGR0CJFijgcRFMy7xFKDQEIZJ+AnqtKmrN055132tSpU01zlvr372/BsiTLkyxLWPCzz5cjIHAoBBBMh0KNYyAAgZ8RkHhSIIgPPvjARdOaNWtsyJAhHsVJoknfB9GE+8jP0PEPBCCQcAJ6PgY3PKHQs1KL0g4bNszeeOMNt9grwIPWWQoCifmhCb9pKH6+E0Aw5TtyLgiB+BEI1iY1+vPmzXP3PIkmRc/r0KGDFStWzAutRl4vEgQgAAEI/IeArEp6yQ3v22+/9QVp5YZ3+eWX+yuzGx6DTv/hxjsI5BcBBFN+keY6EIgxATX0YYRUgmjRokU2dOhQX+T2xhtvtD/84Q922GGHeYcgWJpijIOiQQACEMgWAT0/9ezUwuC3/7S23dy5c+3666+3yy67zJ+dEklhsEmiigQBCOQvAQRT/vLmahCIJQFZmJS0Da/Fixe7e96yZcusb9++Hgq3bNmyLqwyj5AGF5NYgqFQEIAABPZDQM9JiSQlCSEtTvv999970JxPP/3UevToYe3bt7cyZcr4QFMQS9o/8/NT/5MgAIG8J4BgynvGXAECiSMgi5M6BMuXL7dRo0bZO++8Y127dnXhVLp06YzoegULFnQXlMQBosAQgECiCQQXPAkhzf9U0JxJkyaZxNK1117rrswSSyQIQCAaBBBM0agHcgGBWBHQaKlGT+U68sUXX/jq9B9//LF17tzZOnbsaEcffbR/r84CFqZYVT2FgQAEskBAgilYil577TWPhicL04ABAzKs8Vk4DbtAAAL5RADBlE+guQwEkkRAYim4m6hTsHbtWh891Sr1DRo08AVu69Wr50gydxwyu50kiRdlhQAE4k8guCurpHrWbd++3ebMmWMPP/ywv5cbnhamxbIU/3uBEqYfAQRT+tUZOYZAWhEIgkii6a9//av97W9/M4mlW2+91Y477ji3MElcqQOhVxh1TatCklkIQAACByGgZ2GwvMuaNHnyZH8myk1ZlqXTTjvNihcvfpCz8DUEIJAKAgimVFDnmhBIEIFgbdJ206ZNNmXKFHv88cetcuXKvmp9q1atPOy4Rl9xz0vQjUFRIZAwAnrGaUBo3bp1GYNH9evXt2uuucZOPfVUK1q0aMKIUFwIpA8BBFP61BU5hUDaEtDIql6yIG3evNmef/55GzlypM9xGjRokF166aVWokQJL1/oVIRt2haajEMAAoknoOeYXnr2KX3yyScm1+TXX3/dRZJCh9etW9cKFSqUeFYAgECUCSCYolw75A0CMSCgzkJIsjJphFWWphdffNHGjBnjEaK0ir3Wajr88MNdWGl/7Rc6GeF4thCAAATSiYAGivQMVACczz77zIM7aKmFc8891xekrVOnjn+HK3I61Sp5TSIBBFMSa50yQyBFBNRxUAjdIKJWrlzpLnrTpk2zhg0bWp8+fezEE090P3/tg4teiiqKy0IAArlGYNeuXW5RevTRR93trlevXta0aVMfIEIo5RpmTgSBPCWAYMpTvJwcAhDITEAiKIQcl/VIo65r1qyxZ555xp599lnTwrb9+vWz1q1b+2FBWNGpyEyR9xCAQJQJ6LkVnln79u1zsXTvvffazp077fbbb7dzzrfPp3UAAB9cSURBVDnH521qn7BflMtD3iAAgZ+8Xn76Yf/HXwYiEIAABPKYQHjkZO5UbNy40d5880174oknbMeOHR4MQqvcV6hQwQWWxJVedC7yuHI4PQQgkCMCwe1Y2yVLltjEiRN9UdqqVav6XM0WLVpYqVKl3MrO8yxHqDkYAvlKAMGUr7i5GAQgcCACW7dutRkzZtioUaPsq6++cv9+TYg+8sgj3UWP0dgDkeNzCEAgagTmzp1rsipp27ZtW9M8TS2nQCS8qNUU+YFA1gggmLLGib0gAIF8IKCFHBcuXGhPPfWUvf3229a8eXPvaJxyyin5cHUuAQEIQCBnBGRZeuedd1wsLV++3C677DLr1q2b1axZ012QsZTnjC9HQyBVBBBMqSLPdSEAgV8RkJue5jgpGMSkSZN8XlOVKlXspptusvPOO8/3D+HJcWf5FT4+gAAE8omAnlV6heeRAtRowOcvf/mLD/jou+7du1vHjh2tUqVKnis9sySYSBCAQPoRQDClX52RYwjEnoBGadeuXWsvvfSSL3KrNUoUWUojtaxXEvvqp4AQiDyBIJb0rCpYsKCtWLHCnnzySZs8ebI1atTIxVLjxo2JhBf5miSDEMgaAQRT1jixFwQgkI8E1BmRpWnbtm2+0OPUqVPtww8/9Oh5V111lR199NH5mBsuBQEIQOA/BIJYCsFo5s+f7+srSTR16tTJLrnkkgwXPJZG+A833kEgnQkgmNK59sg7BGJKIHRINHqr999++61Hm9II7hlnnOHrNZ122mnu3qJ95Oqi/QgMEdMbgmJBIMUEwnNG2dCzRmJJ7nivv/663XfffaZIn4MGDXLXYS2PoIQLnmPgDwRiQQDBFItqpBAQiCeBIILUWfnmm29swoQJPj+gePHiHkXv8ssvtyOOOMKtUdpXo7mM6MbzXqBUEEglAYkjvbR2nMSSonqOGTPGxo4d62sq3XzzzdamTRsrUaIEz6BUVhTXhkAeEUAw5RFYTgsBCOQeAXVUJJo2bNhg06ZN83lNmuN0wQUX2ODBg939RfsoqTOjkV0SBCAAgdwioOdLeLbMmzfPrUqK6NmyZUvr0aOHnXDCCT6XSc8eiSoSBCAQLwIIpnjVJ6WBQCwJyHoURNPevXt9naYXXnjB3fTKly9v1113nbVr185Hd7WvEqIplrcChYJAvhIIVm5dVM+e8ePH26OPPurPmp49e7pgCi54QVBh5c7XKuJiEMgXAgimfMHMRSAAgdwgoM6LXrI2/fDDDzZnzhyPTKUw5IpIJRc9bdVhCR0dOi+5QZ5zQCB5BPbt2+fPEg2+aG2lv/71r/aPf/zDzjzzTBs4cKAdf/zxHrVTQik8b5JHiRJDIBkEEEzJqGdKCYHYEAiCSaJJaf369fbiiy/aiBEjTCO9Q4cOtVatWlmRIkVcWCGYYlP1FAQC+UpAz5gtW7a4G/Ajjzxi3333nV1xxRWmSJ01atTA9S5fa4OLQSC1BBBMqeXP1SEAgUMkoLDj6tBodHfnzp02a9YsF02rV6/2uU2yNtWvX591mw6RL4dBIMkE9HxZsGCBPfjggzZz5kyrVq2aR+fUYIwCO2g9OD17SBCAQDIIIJiSUc+UEgKxIiArk1KwMsmKtGfPHlu2bJn95S9/cYvTUUcdZUOGDLHmzZtbyZIlfV/tH+Y2aUuHJ1a3BYWBQLYJhGAxOlDPEQklufu+8sorPlfp66+/9kWzZVmqVKlShlWJZ0e2UXMABNKaAIIprauPzEMAApkJSEht2rTJ3nzzTfvzn//sa6N07tzZR4YrVKjgAkkTt9XZCeGBMx/PewhAIDkE9LzQPCUNpOh5oO27775rcr/76KOPrGHDhnbllVdas2bNrFSpUhmDLckhREkhAIFAAMEUSLCFAATSnoA6PBoxVkdoxYoVHn781VdftWOPPdb69+9vjRo1Mq3hpETo37SvbgoAgRwR0HNCzwy9tm3b5gMtioCnhbK7d+9u3bp1c6tSsEozHzJHuDkYAmlNAMGU1tVH5iEAgcwEQudH24IFC9rmzZvt7bfftoceesgnbLdu3dpHjCWgNA9BHSa91CEKnaLM5+M9BCCQ/gTCb1zPhfA+uNRt377dPvjgA3v66aft/fff98GV3r172xlnnOHPCJU+HINgSv97gRJA4FAJIJgOlRzHQQACkSegjo7mJCjsuNxsNC+hdOnSdtlll3lgiKpVq2aEDQ4dqMgXigxCAALZIqDngF7B+izhI/GkCJsTJ060Z5991p8THTt2tK5du9rRRx/tbrt6JjCQki3U7AyB2BJAMMW2aikYBJJNQB0kzU9QJ0nWpq1bt/oI8rhx42zJkiVWt25d++Mf/2hnnXWWiyg6Rsm+Xyh9fAkEy1IooSzP8+bNswkTJtjChQvt7LPP9mfBMccckxFVU88DLEqBGFsIQADBxD0AAQjEkkCwLmkbkkaMQ1AIueCsWrXK2rZta506dbIGDRr8zAVHx6nThJAK9NhCIH0IZP7dh1xr+YHFixfbCy+8YJrbqHTDDTdYhw4drHz58m5lCr95iSV++4EcWwhAAMHEPQABCMSWQBA9ofOkrUTT7t277ZNPPrHRo0f7GivqLMkV59xzz7WaNWv6KLNc+bQvbjmxvT0oWIwJ/NL97l//+pe99tprblXSe63R1qNHD2v2/yLg6dkQnhcSSuF9jBFRNAhAIBsEEEzZgMWuEIBAfAiEOQzqRD333HMuoBQMQm56LVq0sIoVK8ansJQEAgklsGHDBnvvvfds6tSpNmPGDI96pzWV2rdvb5UrV3Z33YSiodgQgEA2CCCYsgGLXSEAgXgQ0OixRqA1kixL0ldffWVTpkyxadOm2a5du+y0005zVz1tZX0KiVHnQIItBKJNQPOUli9fbi+//LIvZK35jPo9Syw1btzY3W/1DJDrnazIJAhAAAK/RQDB9Ft0+A4CEIglgSCYtA1udzt27PAOluY3vP7666b5DhdffLFH1Ktdu7a76WWePB7mOjDPIZa3CIVKAwISPPr96ncZAjRIKC1btsx/wxJLe/bscbc7udsqVHiZMmV8Xx2jhMttGlQ0WYRABAggmCJQCWQBAhCIBgF1orSA5fz5831Ueu7cuT6nqXnz5ta0aVM7/vjjvYMVrFN0tqJRb+QieQQ02CHrcLAQ6f/PPvvM3WtffPFF+/77761OnTrWpUsXO++886xcuXIsVp2824QSQyDXCCCYcg0lJ4IABOJCQIJIwunTTz+16dOnu6ueLEnnn3++d77k0qNQ5SQIQCC1BPbu3WuzZ8+2t956y9544w1fSkDWpHPOOccjX0oo6beKJTi19cTVIZDuBBBM6V6D5B8CEMh1AsH1TqPWW7ZssQ8++MAjbM2ZM8eKFCliF154oc9xOu6449ziFEa7ZXEKCetTIMEWAodOQL+t4D4n0RN+YxJKmqP00ksv+YCGlgs45ZRTfImA3//+9z+zKOkcCKZDrwOOhAAEzBBM3AUQgAAEDkJAE8bXrVvnC98qop4ElMKPt2nTxi1OWvBSQkouQsFNiFHtg0DlawhkgYCsvWGuUlgbSa6ykydPNg1gfP7553byySfbH/7wB3ebrVq1qhUtWtTPjFDKAmB2gQAEskQAwZQlTOwEAQgklYAEkJJGqDWqrQ6a3PTUaVuyZImVKlXKo28pHPmJJ57o+2pEXPszqu04+AOBXCGwdOlSF0oK5qBw4Y0aNfLfXrOf1lKStbdw4cIZ15ElKlijMj7kDQQgAIFDJIBgOkRwHAYBCCSDQHDPy1xaRdD79ttvPTjEK6+84iPdVapU8VHuVq1amSxOSsGd6JfiCSGVmSbvk05AvxO9QtL74NIq65KCsGgNJUWv1O+uVq1aGRalSpUqWbFixfx4HRd+WyFqXjgnWwhAAAI5IYBgygk9joUABBJFIHTq1CnT+927d9t3333nHbp33nnHLU76TBPOL730Up90LkDq9AXhpY4cnblE3TYU9iAEwu9DuxUoUCBD9Gh9tPHjx3vEyq+//trq1avnUe/OPPNMq169ugul8FsMlwiCKfzPFgIQgEBuEEAw5QZFzgEBCCSOgART6OhJDG3cuNGj6ilS19tvv+0CqXXr1r6OU3DVEyQdg2BK3O1CgbNIQG6v8+bNc2uSrEqaO9ikSRNr2bKlz1XS3EHNF9TvT+KK31IWwbIbBCCQIwIIphzh42AIQCCpBNRhUzAIbYPVSP8rWteCBQvs1VdftQ8//NC0IO7ZZ59t7du3t/r161v58uUdmY7TSyPijIon9S5KVrnD/a5S671SuPcVjXLhwoX2zDPPmKy1GljQ76Vt27Z21lln2VFHHeXhwYOlVscrsArzlBwjfyAAgTwmgGDKY8CcHgIQiC+B0OkLHcHQ+dMouYSTwh6rA/jmm2969LwGDRr43Aut51SmTBkHo46hAkuo4yfhRQcwvvdLkkum30gQO+Ig65DS1q1bPWS/ot5prpKsR6effroLpYYNG1qFChV+5noXfms6Nvze9J4EAQhAIC8JIJjyki7nhgAEEktAQkjCSSPniu7197//3RfYVMAIiSVF9pLVSWvHKIXOJC5Gib1lYl3wcH+HYA5ytXvttdfsb3/7my1btsyjTcr1TmucyYW1bNmybkHS7wFhFOtbg8JBIC0IIJjSoprIJAQgkE4E1DmUWFJHTx0+/b99+3YXT5999plNnTrVZs6cacWLF/fRdLnsSUCVK1cunYpJXiGQLQIaRFDwBgVyUHRJBUxRRMmLLrrIWrRoYRUrVrSSJUu6UAoWKVmisLpmCzM7QwACeUAAwZQHUDklBCAAAXUOM4+Mq9Mn4ST3O1mdVq5c6RPb5Yq0bds2a968uV1//fUeWS+sJxM6jaIZjg8uSViiuMeiQED3o5K24aX7Xq8gdOR2J3c7uafOnj3b9uzZ4/OSFE1SViUJJS02G34v2upc+r1kPk8UykseIACBZBJAMCWz3ik1BCCQIgLqBIaOpdzzNMquTqRG3LUQbuXKlX20vUOHDla3bl1fjFPiS8cp6ViJJQRTiiqQy/6MQBA2ukf1XiJJrx9++MGDOMjtTve3Bgm0ZtJJJ53krqhaaLZEiRJ+fweh9LMT8w8EIACBCBFAMEWoMsgKBCCQDAISP0EEBcvR2rVrTSHJ58yZ4+HJFXGvTp061uwnVz1ZnxROObN7Ep3MZNwrUS9lEP8hn6tXr3bL6bRp0+zjjz+2QoUKeUjwLl262AknnOAud/osCKtwHFsIQAACUSaAYIpy7ZA3CEAglgTUyQwj8kH46H8lueytX7/eQ5I///zz9sEHH9jhhx/uE+FPPvlka9SokdWuXdsnxUtA6XidL6RwPv2vzzP/H/ZhC4GDEQj3Tri3wlZCJyR9JvGve1ZCSYFNdM9++eWXVqVKFevUqZO73slSKmuS7sVwP2Z+H87HFgIQgEBUCSCYoloz5AsCEEg0AVmY5NakCGJaCFdr08hlT51UCaauXbvaueeea0ceeaSP4ofgEsHlL4RtVgc3dFITDZTCZ4uA7rMgiII7aBA5EvcKaqJId1pzTC53WkNJa45pTpLWTlKkOwUxyWwVzVYG2BkCEIBAhAggmCJUGWQFAhCAQCAQOqvqpEo8bd682a1Oiq43a9Ysn/tUqlQp76BqYc969er5/KfSpUt7lDGdJ4imcE62EMgOgSC+g3iSIPrkk0/8PpS73eLFi2337t0e6bFNmzYukkIAB10HsZ4d2uwLAQhEmQCCKcq1Q94gAIHEEghznAQgjOyr4yrx9P333/uo/ksvvWRffPGFh2pWlDFNpJd4atWqlR199NEunBS6vGDBgvu1Mul8IWGFCiTiv1W9h/oO90D4P5Re95+i2SkcvgKTKBy+LEnvv/++u+BpTt2pp57qc+yOP/54X1xWAknnC0IL61KgyRYCEEh3AgimdK9B8g8BCMSWgDqfoXOrDm14rwJLOAXxNGPGDA8WoY6tXKQkkBSRTJ3a1q1b+8i//pd4ClYnnU+dYr3U0dXnv+w0xxZsQgsW7ifVuVKItKjPlTQXSZEbFQZcYe/nzZtnc+fOdbdQhb6vUaOGdezY0V3uFM1R91nm+ybco36yn/5wPwUSbCEAgXQngGBK9xok/xCAQKIJqLOrjq46wXKZkmB66623XEB99dVXLrKOOuooO/PMM61+/frutlehQgVf+0bBJNTplUVAookUfwJBNKmkum9kQdJLURrlbrdo0SJbunSpCyYJci0sq0AjmpOkoCMK5qAod4ih+N8rlBACEPgPAQTTf1jwDgIQgEDaEQiCKYgeCR91dGURUMdXgSI01+Tbb7+1f/3rXz4Xqnz58r4ezgUXXOChy0uWLJkR7rlIkSLZ6gzr+nSe0+O20T2iOUe6N2SN/PTTT11Yr1ixwq1K+lz3gkSSBJIE9rHHHmtHHHHEz+YjyTJFnadHnZNLCEAgdwggmHKHI2eBAAQgkDIC6gjrpRQsRdoGlztt5WolC8L06dN90v6aNWv8ewkkuespaISsB5qPUr16dQ9lrlDQ6hwH161QQImkcD2917XUgaYTHQjl/Vbcw0t1IfaZhYy+CxYkBQzRvDeJJM15k4hW9EXdA3KpU51r7lvjxo1dQMvyGOpddatzhfoO18n7EnIFCEAAAtEhgGCKTl2QEwhAAAJ5SkDCSeGgZWWQC9b8+fN9Ir8sUFr7SZ3iwoUL+9ynWrVqeRAJWaM0d6VYsWK+lk7ZsmUzXLJ0PnWmg2BS5hFNeVqFGScPYil8IO4K0iBxJEuRQn7LcrR8+XK3JK1atcpd7+SCKUGs8N9Vq1b14CASTHLTDCIpnJMtBCAAAQj8/wQQTNwJEIAABBJCQAInJHWw9b862RJPctnTuk8SUZrsL/c9WSUkhmR5UmdaHeymTZu6m5belylTxoWUOuGk/CWgepPw3bVrl7vTSSjJeqT1umQ9kgDW3KTDDjvM1+pS1ES52J1wwglef1q/S3UbLEiyRqmOqcv8rUeuBgEIpAcBBFN61BO5hAAEIJBjArJKSCT90gqkjnKwFmkr972vv/7aAwDIjWvjxo3+XsJK77XWk1z4NNdF1idZobRIqT5XkiufLFHZnQ+lY4PlJOQxbPVdlJPyHZLeS4hkTqFcmT/Te5XvQGXUMbL6KZiHrEZ6bdq0ya1IEriqI9WHxK0i2ykYg+pSx4R5agrYUKdOHRe3sh7qe10vc370Xp+F736ZR/6HAAQgkHQCCKak3wGUHwIQSCQBdZKVQmf9l/+r0x1esj5s2bLFFHVPi+bKkqFOvCxQsmLoe4kjue1JcKmzLmuGBJUsGVpgN1ij1GlXx/5ASfnQdbUNFpAD7Rulz0O+lXelzOG29b++D6z1/y+TuMlqJLEqUSRxumHDBn9JEMmlTlvNO9I1ZDnS+RSkoVq1ai5gJY4kYGUlEucQRj6zeNMxB8vLL/PG/xCAAASSTgDBlPQ7gPJDAAIQOAgBddDV6VanXhH4JJD0UodenXit2aN5ULJGSVhJRGlfJQkHde7VqZfVSQEF5B4ma5SEk4SU3quTLwuHBIAW4Y1bp15iSC6PcqOTaNH/cpuT1UgiSe+DBU9zj8RS883EW2JUXMRS/Bo2bGinnHKK85RlT1HstI++F0MSBCAAAQjkLgEEU+7y5GwQgAAEYkcgiB8JJ3X2w0sFDZYVCSjtpzk16uiHtX3kNiZhJSG1evVqt56oYx+itskqJRGgY3VeWaf0qlixoinwhNz7dI0gqLSPAhRIdElYBYtOgB72k3DQdXKSJFZ07WARk9iR0FFSPvReLnGhfGF/iR1Z47R/SCq/RJHOp7yFc0nwyBIkfopWGOYWSUhqcVixkdCUlU7HyXIUxJFErPIRkhjq/Poc4RSosIUABCCQcwIIppwz5AwQgAAEYk1AnfDQMdf7/aXwffhOQkb7aquXBIICE8jKInEgtzMJC72Xe58EhoSHziOxpe90nASCthJiOodEkISSBISEQ8ibRIJeweVPIkfCStYriYeQb51f7/WZXiF/4ftwPokh5UH7a+FfiUBZ0mQFCmXVZxJCwQqk6+t8yr/KKqETRJ/KqfwoWEYok8ogURSsRxJJ+kxJ5Qxl0v96H1LIa/g/5Cd8Hv4P37OFAAQgAIGcEUAw5YwfR0MAAhCAQBYJqEMfOvXhvbYSE3JLk3AK4kjiSeIq7CfrjESIhFAIgBCsKAp48OWXX7rg0mcSDHpJmOilFK4bvgtucBJfsmgFkRH2Uz4k0CR6FOBCokjWJFl8ZBHSftpHWx0vIRQ+D+JGroiyIIU8yFomcaQ86jjtF/KjPGZ+r/9JEIAABCAQDQIIpmjUA7mAAAQgkBgCmV3HVGiJh8xiQf+HV4CiY/SSyAhze/SdjpP1SWJKgkv/h2MlaJT0f+akfSSYtFaRrFSy/ASRE/bXPhI2ElQSSTqHri/RI9GW+ZwSRDrPL5POoZT53EFk6fPM34f3+pwEAQhAAALRIoBgilZ9kBsIQAACiSAg4RBEgsRH5vcCEP4P24NBCeLol/tlFjaZv9Pn4bq/dQ19p1fYV+fY3/6Zv9c+4fzh88znCN/ps8xiSseRIAABCEAgegQQTNGrE3IEAQhAAAIQgAAEIAABCESEAIIpIhVBNiAAAQhAAAIQgAAEIACB6BFAMEWvTsgRBCAAAQhAAAIQgAAEIBARAgimiFQE2YAABCAAAQhAAAIQgAAEokcAwRS9OiFHEIAABCAAAQhAAAIQgEBECCCYIlIRZAMCEIAABCAAAQhAAAIQiB4BBFP06oQcQQACEIAABCAAAQhAAAIRIYBgikhFkA0IQAACEIAABCAAAQhAIHoEEEzRqxNyBAEIQAACEIAABCAAAQhEhACCKSIVQTYgAAEIQAACEIAABCAAgegRQDBFr07IEQQgAAEIQAACEIAABCAQEQIIpohUBNmAAAQgAAEIQAACEIAABKJHAMEUvTohRxCAAAQgAAEIQAACEIBARAggmCJSEWQDAhCAAAQgAAEIQAACEIgeAQRT9OqEHEEAAhCAAAQgAAEIQAACESGAYIpIRZANCEAAAhCAAAQgAAEIQCB6BBBM0asTcgQBCEAAAhCAAAQgAAEIRIQAgikiFUE2IAABCEAAAhCAAAQgAIHoEUAwRa9OyBEEIAABCEAAAhCAAAQgEBECCKaIVATZgAAEIAABCEAAAhCAAASiRwDBFL06IUcQgAAEIAABCEAAAhCAQEQIIJgiUhFkAwIQgAAEIAABCEAAAhCIHgEEU/TqhBxBAAIQgAAEIAABCEAAAhEhgGCKSEWQDQhAAAIQgAAEIAABCEAgegQQTNGrE3IEAQhAAAIQgAAEIAABCESEAIIpIhVBNiAAAQhAAAIQgAAEIACB6BFAMEWvTsgRBCAAAQhAAAIQgAAEIBARAgimiFQE2YAABCAAAQhAAAIQgAAEokcAwRS9OiFHEIAABCAAAQhAAAIQgEBECCCYIlIRZAMCEIAABCAAAQhAAAIQiB4BBFP06oQcQQACEIAABCAAAQhAAAIRIYBgikhFkA0IQAACEIAABCAAAQhAIHoEEEzRqxNyBAEIQAACEIAABCAAAQhEhACCKSIVQTYgAAEIQAACEIAABCAAgegRQDBFr07IEQQgAAEIQAACEIAABCAQEQKJF0z//ve/M6rid7/7XcZ73kAAAhCAAAQgAIEoEPi///s/z8Z//dd/RSE75AECiSOQeMGUuBqnwBCAAAQgAAEIpA0BDez++OOPnl8JJkRT2lQdGY0RAQRTjCqTokAAAhCAAAQgEC8Csi5JNMkLJrziVUJKA4HoE0i0YNIDKLNLHqM20b9hySEEIAABCEAgSQSCWEpSmSkrBKJGINGCKWqVQX4gAAEIQAACEIDAgQiEQV7mXB+IEJ9DIG8IIJjyhitnhQAEIAABCEAAAhCAAARiQADBFINKpAgQgAAEIAABCCSLAK56yapvSptaAgim1PLn6hCAAAQgAAEIQAACEIBAhAkgmCJcOWQNAhCAAAQgAAEIQAACEEgtAQRTavlzdQhAAAIQgAAEIAABCEAgwgR+91N8/39HOH9kDQIQgAAEIAABCEAAAhCAQMoIIJhShp4LQwACEIAABCAAAQhAAAJRJ4BginoNkT8IQAACEIAABCAAAQhAIGUEEEwpQ8+FIQABCEAAAhCAAAQgAIGoE0AwRb2GyB8EIAABCEAAAhCAAAQgkDICCKaUoefCEIAABCAAAQhAAAIQgEDUCSCYol5D5A8CEIAABCAAAQhAAAIQSBkBBFPK0HNhCEAAAhCAAAQgAAEIQCDqBBBMUa8h8gcBCEAAAhCAAAQgAAEIpIwAgill6LkwBCAAAQhAAAIQgAAEIBB1AgimqNcQ+YMABCAAAQhAAAIQgAAEUkYAwZQy9FwYAhCAAAQgAAEIQAACEIg6AQRT1GuI/EEAAhCAAAQgAAEIQAACKSOAYEoZei4MAQhAAAIQgAAEIAABCESdAIIp6jVE/iAAAQhAAAIQgAAEIACBlBH43Y8//vjvlF2dC0MAAhCAAAQgAAEIQAACEIgwAQRThCuHrEEAAhCAAAQgAAEIQAACqSWAYEotf64OAQhAAAIQgAAEIAABCESYAIIpwpVD1iAAAQhAAAIQgAAEIACB1BJAMKWWP1eHAAQgAAEIQAACEIAABCJMAMEU4cohaxCAAAQgAAEIQAACEIBAagkgmFLLn6tDAAIQgAAEIAABCEAAAhEm8P8BzhaZAkeREFEAAAAASUVORK5CYII=</file>
<file name="31-33 EX.PNG" path="/" encoding="base64">iVBORw0KGgoAAAANSUhEUgAAAlsAAAQDCAYAAABQyO7RAAAAAXNSR0IArs4c6QAAAARnQU1BAACxjwv8YQUAAAAJcEhZcwAADsMAAA7DAcdvqGQAAPBOSURBVHhe7J0FnJzV9b/rbhTa0pZCKVYo7u6SACEe4u7uxIW4u7sQYiRIFOLElbiHJDgkwaF+/v/nNHd/k2Uiu9l3d2b2+3w+9zO74yvvnec959xzv2VCCCGEECIyJFtCCCGEEBEi2RJCCCGEiBDJlhBCCCFEhEi2hBBCCCEiRLIlhBBCCBEhki0hhBBCiAiRbAkhhBBCRIhkSwghhBAiQiRbQgghhBARItkSQgghhIgQyZYQQgghRIRItoQQQgghIkSyJYQQQggRIZItIYQQQogIkWwJIYQQQkSIZEsIIYQQIkIkW0IIIYQQESLZEkIkPf/97399/Pvf/7Z//etfpxz//Oc/fcRex+N4vBBCRIFkSwiR8CBC//nPf9LGP/7xD/v444/t/ffft3fffdfefvtt279/v23evNnWrVtna9eu9RH7NWP16tW2fPlyW7Fiha1Zs8av43Ljxo126NAhf86vvvrKBSz29RiSMSFEZpFsCSESliBZRKL+/ve/25dffmkfffSRS9SIESOsTZs21qxZMx9169a10qVLW6FChXwUKFDAR8GCBa1w4cI++Dpfvnz21FNP+dfcj+tLlixpLVq08OecPXu2bdmyxSXu888/d7FT5EsIcTZItoQQ2Q7iEkYsfB9SgV9//bWL1b59+1yuFi9ebDNnzrSBAwdauXLl7JprrrGLL77YrrvuOrvvvvvsscces0ceecQefPBBu+eee+yyyy6z888/32666SZ74oknLG/evPbQQw/ZAw88kDa475NPPmn58+e3xx9/3B5++GG/X5UqVaxz5842ZcoU27Rpkx05csSFL957FkKI0yHZEkJkG4gKkapQJ8Xgey6/+OILO3jwoMsNqb7nn3/eOnToYDVr1rQiRYq4SN1666126aWX2jnnnGM/+MEP/OuGDRvamDFjXMRmzZrlkampU6darVq17P7777fu3bvbwoULfcydO9dvjx1I3NKlS2369OkuWES5br/9drviiivs5ptvtjJlytiAAQP8fgcOHPDoWlalFiVvQuQOJFtCiGwjyBapOQb1UUSvtm3b5nJVp04dT/0RYfrb3/5mv/vd7+yXv/yl/eQnP3G5+u53v2vf/va3fXznO99xmUKCPvvsM38uUo0Mvl+yZIk1atTIRYzX4PXC7bGDiBW3IXukDomiET3jPfz617/217/kkks8EobAIWV79uyxTz75JC3alVHC7yHIphAitZFsCSEiAYlAeohW7d271weSsnXrVnv11VdtxowZNm7cOK+Voobq6quvdrlBrH70ox/Z97//ffve976XJljf+ta3ThjIFpGn4cOHe+H79u3bPfL03nvveaE7X7dv394qVKjgBfHIWJCbEFGKHVxPxA0B+/DDDz1K9vTTT/t74r3wnoiokbYsVqyYdenSxebPn+8/H88dnjc9sa8Rvue+vJdQiC+ESG0kW0KILAehQLQQFuqrHn300bRBfRX1VqQAL7roIpeZH/7why5PIWoVBlIVT7TC9T/96U/tL3/5i914440e5ULaatSoYR07drRevXp58TuvU6lSJRe7RYsW+cpDImnI2Y4dO2znzp12+PBhO3r0qB07diwtSoawEW275ZZbPMJGfRjvlQjbj3/8Y/vtb39rN9xwg9d3jR071oWPFY2xz4O4hZRp+tRprIAJIVIbyZYQIstBIpCO3r1724UXXuiRoTCIVp1MoDI7eD6eF2kj7feb3/zGfv/737scEZHiElmi5ouC+KJFi3p0ilGiRAlfyUh9WNeuXW3YsGGeKqQGDGmjwP62226zihUrunghWoghr0vUjddD6KgpIw3K83Tq1Mn69+9vL774ossd0a8PPvjABY50JWnLk0XChBCph2RLCJHlIBFEdxCXv/71ry4l6QUpdiBLIbIV7/YzHTye12LwfFwiYUgeX3OJLJGqJCoWxq9+9Ss799xzXdLCCkeiZUgUMvWnP/3J7r77bq/dClG42NfjNZA67nveeef54DHIHalIasdIO9JagvQpBfmkVfkdIV7x0ptCiNRBsiWEyHKQBVbtUaROwTtyk16MYgfygrCQomMgRZkVLx4X+9jw/cmeL/314b0wEClu5zLUkaWXwvDc6Z+H77k/Mhfki7q0u+66y9OdTZo08dTm66+/7vVlFNyHtKPquIRILSRbQohIYKXe7t27rXr16vaLX/wirpAwkBoiQtRvsQLx+uuvt2uvvdajSFwfokiJPvjZeK+IJT8v0sh1RMKQLYrr+ZqBgP3xj3/0An/aWrRu3domTJjgNWUsIKAzPuIVIlyKeAmR3Ei2hBCRQGqMgvGmTZt6ei59RIjBddxGig7pCF3e+bp8+fJeB4WoxJO0RBpBtBAsUo8UzvO+EUnSk/fee683VKWOjOu4b0hrImbUtZG2zJMnjxfz9+zZ03uCsQURNV6xhfVCiORDsiWEiASiMHRe79Onj68YRDLSSxPX/eEPf3AZYTUhkS1khTovxIOVfojYz3/+84QWLt4btWCsWrzqqqv850CyiGIhU9RuIY+sxORnQbRiH4t8xaYcL7/8cpezevXqecSLaNenn37qwiWESD4kW0KIyKD9wahRo1xAQr1TeklBSChQR0r4GgELER+Eo3jx4r71DtfHPjaRBhGtK6+80rcJojbrZz/7mdd4hZQiEoZQshcjBfjxfpYgXeHnR96I+pFSrVatmvcmo65LqUQhkg/JlhAiMpAtOrgjW0hEvOhUiOowuE9Y3cclabfQTR554b7xniOnB3JFBI7oHBEtBIsIFpcXXHBB2kpHxCm0woj3PAx+vjCCfBEZbNu2rRfSK5UoRPIh2RJCRAayRcNPVuHFky2+R6qIbCEi1DqF9Bv353rqthAZvk4fGUuEwc9Ag1OiWjRrpagfwUKqQsSOKBVChnTyu+D7eM8Vb/Azs6F2gwYNbNeuXUolCpGESLaEEJHx9ddfe6E3jUSpRSLdhjwwQqqQCBArEdnwmcahrNBDuki9IV758+f3+i0ej5ilF7acHrwn3n+IwLHqkPdP2jB0yA+9vLjuwQcf9J853nPFG/yuiPCx4bZkS4jkRLIlhIgMxIDu6ePHj7fKlSt79ArxQFCoZyL6Q9SGQfE4UpU3b14rW7asF8rTHoE+XXfeeec3CssTZfCe/vznP/sqSt4nUkiEi58V2SKahSzxMxKlu/322zMU2eL5WURAXy72lpRsCZF8SLaEEJFBMTcd0tnYef369da9e3eXqiBSRK5IuyFSSArRLFbi0WuLSBDpOKJBsZ3biWwlUnSL90I064477vD3zc/Cz8Tg50MoiW5ROE/0C/kKPbjiPVf6QToVmWNTbcRVNVtCJB+SLSFEpCBcRGNIKe7bt8+mTZtm/fr1s9q1a/sqQ6QE0UJSKILnkoFkcEk9FNEwvg8pyCBd6WUlpwbvDeFCqpBCUqRc8nMR0QppRMSL+4WfJQgVz8Fl7M8XBve94oorbMCAAb6/olYjCpF8SLaEENkCksBWNPSLokP66tWrrWrVqmkCQloRQUG+KCZHMhiICuk4UnPURLFvIRtCszk0/asSZdD6gZ8jrKpEFGlUyntFtLgemaROjbQiLSBIDyJoRMDCCNE9npOflwggCwSee+4538haCJF8SLaEENkK0kUqjJWK8+bNs2LFirlgkFpDSKhnQkqoVUK6SL317t3bXnjhBZs+fbq9+OKLNmfOHC+8T5TB+6EujcalyFH4OUj/IVWIJNfRwgHBHDRokN9/6NChHuXr37+/D74ePHiwTZo0yWbPnu1RQDbznjx5su3cudOjg4psCZF8SLaEEDkC0oBwrVq1ytq0aWM33XSTR32IbiEqRH9oaDpr1izvRE/tF/stMoiQJdLgPbHx9vbt210MWXGIQAZxJJ2INA4cONCL3Lkvex9+9dVX/nXs4Dp+Vp6XS77nvqRiJVpCJCeSLSFEjoJUUIu0bNkyj/R06tTJhQXJYm9ABIRIWCKLBu8tyBGpPrbXmTJlinXr1s06d+7sjV03btzot3EfFbkLkbuQbAkhchQiNkSGSJER6Tp27JjXdfE9tyW6aEGQLX4O3jMDSUSuGJ9//nnabeFSUSohcg+SLSFEjoN4pJePcF0ySEnse40dsZzqNiFEaiPZEkIIIYSIEMmWEEIIIUSESLaEEEIIISJEsiWEEEIIESGSLSGEEEKICJFsCSGEEEJEiGRLCCGEECJCJFtCCCGEEBEi2RJCCCGEiBDJlhBCCCGSkmTZjUGyJYQQQoikA9FKhr1TQbIlhBBCiKREkS0hhBBCCCHZEkIIIYSIEsmWEEIIIUSESLaEEEIIISJEsiWEEEIIESGSLSGEEEKICJFsCSGEEEJEiGRLCCGEECJCJFtCCCGEEBEi2RJCCCGEiBDJlhBCCCFEhEi2hBBCCCEiRLIlhBBCCBEhki0hhBBCiAiRbAkhhBBCRIhkSwghhBAiQiRbQgghhBARItkSQgghhIgQyZYQQgghRIRItoQQQgghIkSyJYQQQggRIZItIYQQQogIkWwJIYQQQkSIZEsIIYQQIkIkW0IIIUQu5b///a8PES2SLSGEECKXEmRLwhUtki0hhBAiFyPhih7JlhBCCCFEhEi2hBBCCCEiRLIlhBBCCBEhki0hhBBCiAiRbAkhhBBCRIhkSwghhBAiQiRbQgghhBARItkSQgghhIgQyZYQQgghRIRItoQQQgghIkSyJYQQQggRIZItIYQQQogIkWyJpCV249TYjVQzOv7zn//44GshhBAiq5FsiaQDKfr3v/9tX331lR09etTeeust27Fjh23bti1DY+fOnfb222/bF198Yf/617/8OYUQQoisRrIlko5//vOfdujQIZs+fbq1bdvWqlWrZkWKFLECBQpYwYIFz3g8/fTT1rBhQ38epIvnFUIIIbIayZZIaGJTfSGatX37duvRo4c9+OCDdvPNN9v9999vDzzwgD322GOWL18+y58/v4vX6UaePHnsjjvusLx581rv3r1t9+7dLlzhNYUQQoisQLIlEpqQMvz66689XTh79mxr2rSpy9Ujjzzika1JkybZ1KlT7eWXX7Y5c+bY/Pnzfbz66qunHNy/V69eVqxYMXvooYesRYsWtnbtWvv000+VUhRCCJFlSLZEQhIb0fryyy9ty5YtHs164okn7L777rPatWvbxIkTbcGCBX7Zr18/69atm7Vv396effbZU44OHTr4fSdMmGDLli1z6ULgHn30UatYsaLL28GDB09IKyraJYQQIrNItkTCEVKGDArgFy1aZI0bN7bbb7/dI1oIFZK0ZMkSa9euncvXVVddZZdeeqldeOGFZzQuueQSTz+2bt3a5s6da8uXL/dUImnIJ5980jp16uRRrs8++yyteF4rFoUQQmQGyZZIOJCaf/zjH3b48GEbNWqUPfXUU3bDDTdYqVKlPIr1+uuv2/PPP2/Vq1e3yy+/3H70ox/Z9773Pfvud79r3/nOd85ocN+f/exnLmiFCxe2MWPGeC3Yiy++6FEzolyVK1f24vl3333Xo1wIl2RLCCFERpFsiYSDIngiTQ0aNLAbb7zRR5MmTWzp0qW2cuVKr9MiynXeeefZ97//ffv2t7+dNr71rW/5iHdd+usRrh/84Af2y1/+0gvl+/fvb1u3brVNmzZ5mpE6Lorouf7AgQMe4QrpxDCEEEIkB7Hz9scff2yffPKJn9xnB5ItkRCEg4ADYObMmb6i8A9/+IPdeeedNnjwYFu9erVNnjzZihYtan/605/shz/8oQtTiFKFyFYQqXB9GOH2MLg93A9h++lPf+pRrtKlS/vrrF+/3oYNG+YpxVtvvdVq1Khhixcvtr///e8uXQylFYUQIjkgMxHmblaeN2/e3Fv/cHLNdVFnLiRbIiHgn/3999+3sWPHel3WxRdf7C0ZSBu+9tprHs2655577Fe/+pXLEZJEpApx+vGPf+yyxCA1yOBrhIz7MrhP7G3IV5Atbvv5z3/u4/e//73XcvXp08cFb9q0aVa2bFm79tprrVChQjZr1qy01YqSLSGESA6CbFEWQt3vn//8Zx9DhgzxRVjcFmWUS7IlchyEBdFiRSEpQ4rdmzVr5oXrrBTk7KN48eJeW4WIXX/99fa73/3Oa7U4WIh2ValSxapWrer1VrVq1bIyZcr4c51//vkuShS+0/y0Zs2a3sz0iiuusJ/85Cf+PKxw5Hoey6hQoYLXhyFcGzZs8JQmt1900UWeVty4caNESwghkgDmampuP//8c8+cUI7y+OOP2y9+8Qv77W9/ay1btrS9e/fae++9Z0eOHEnrtZjVSLZEjsMZB60dSpQoYb/5zW9clEjZDR061HtgIV6sPqSeimjTjBkzXIquvvpqFycK5immpws80vbOO++4IFHnhTgRHdu8ebPfh15dCFTnzp09RYm80aOLx3Cw8Rxs5TNixAiXtr59+9q6detswIAB9pe//MUljVWQUZ4BCSGEOHuQJno08vkyfvx4P6FnYRXZC+p+Odnmc6B+/fq+sp15/8033/QoV1YLl2RL5DjIFjVS1GkRiaIdw0svvWQPP/ywR51IIxL6Jc++f/9+FyqakiJipPaosWJvRArrWcWIMPH4rl272iuvvGIffvihffTRR7Zr1y7bt2+ft5OgrQORLjrJL1y40GuxOKvhPrzWnj17/PHlypXzflxdunTxGjJWPyKCki0hhEhsmKcp+xg5cqQLFifoF1xwgWcomP/5mvKRP/7xj94OiCwJJ+98HgTZ4jIrxEuyJXIcDgg2haY4nX96zjCGDx9ul112mZ+FID5Ek4hUEZGioJFViUTCSCPSZ4tmpYSCiVzRLoLb6tWr5/clfIyw8T2PR6iIkJGaJJzMbR988IFHwEhZImgIGwXyPA9nOzw/Z0GSLSGESGyQI+ZoTr6PHTtmU6ZM8VY+zOeUofz1r3/1dkK//vWv/XOG3UgoNWEXETIZfGYQEUPUvvjiiyyp0ZVsiRyHf2JaK1BzxUpDiuFJIbI6kPAuEa1Bgwb5mcff/vY3lyZWklCTRd0WrRs4IyFaRYSMaBTPw2bTSBlRLeqvECV6dq1atcobpbKXItEzomSkDpEvnn/gwIEuWwgfxfEU7fOeyO9LtoQQInEhKsUOIJSOUPf73HPPeTlImzZt7JlnnvGWPiy0ou0Pnx9Eu/jMYPcQPoPC7iLjxo3z8hGegwL6s53zJVsix+GfOES26O5Oyo7oFGKDWBHZIt9OCwaEi9opwr+sLGRVIasLESVEK0gUBxNRK0LCpBF79uzpj6FZ6YoVK3ybH85mgmxxYJKypAieTvJEyAg9U/PFQdeqVSvv60XNFgWWki0hhMhZiDQRvWKnD6JQSBFzOduvcWJNXRYLrq688kqXqrvuustTiDfffLOfPFO2wu3M62RJyF5wee+99/pqeKJgtP2h/ISeXIwQ6cooki2R4yAupPaIIhFZIuRLywUOAPpcrVmzxgvYSf3Rg4t0IgcBuXZki9YNHFiIFRtQU/TOShMOFtKPhJERJ9pJnEy2kCv2XmTFI2c1vB7vAdkjvchSYQ5MXpfIWFbk8IUQQmQeolik/Xr16uXlJxTAI0fM9Sy2YsV56KvI/M1tfBZw8nzLLbd4CUqlSpXspptusrvvvtuuueYaP6kmpYiwIWXXXXed1a1b11ctkmbk84DFVBn9DJBsiRwH2WK1CAXvnIEgW2ybQy79nHPOcQljxSCSxP04yyA0zCoSZAux4oAh3chKw5IlS3oUi7Aw6UEK3wkNUw+WXrYIKVOzxUGLlCFZnCERDSN9SM0YBxebV/OciBzvgQNNwiWEEDkHUSZOlqnFQrCY4/nMoMciKUKyH2RLOHGntATBQqC4HyfrzOlkSlj8xAk7z0P2hAgXz8dzUddF/0UkjNIVFk5xci7ZEkkHy2xp7cBqEf6pSSNSlM7BQUNSZIqDgnAvuXVqs2jtwNkHt3NAcT1iRdSJ6BQHDwLGfocUv3OWwsFyMtmiGJIDlz4s1HiRKqR3F5E1pIsCeVKMvCZpTZBsCSFEzkE6j2J2hItSEuZrUoV8ZlCTRSaiU6dOnqFAopAwIl2cpCNbRYoU8WgXt5177rke3SKFyOO5L5ExTupZKR9EK2zdllEkWyLH4R+XQnZECMGivooidYSJ/Dn7FnKWwT8+BwJyNHv2bP8a2aJmC8FCtOjwzsFG0TxtHUg9EvKlVxdhZOq4uB/tHng9hAvxIpI1Z84cD0cje/T64gDkuUaPHu2yhQgSUua9SrSEECJnYR6mCSn1uqw2ZM5npxFkic8Lam7JapAuRK5it3Pjc4PPAE6qiW5RjsLnDNkV7stnCOO2227zzwlWMPJctAZSzZZISvjHpSs7BwrRq+eff97bLhD+pWkpabxGjRp5Pp0UIbJDewYOqrCRND1TKLKnpov8OwXyhIRJK9JXi9WNHDBsbk19GJErzoKo60K8aGTXuHFjf00kj/AxByNhZ/ZmDDVbFO2rqakQQuQ8zMP0V5w3b56LE3N0WGlIzRa1WZxgI09hizcGX4esCGlCRItoF49jIGpEunguPgv4jOE6siV8zmSm6alkS+Q4yBZnJuTMESq26EG42GYH2SJlSISKVgzUcpEvpxie1g7k5TkgCBOz3JdlukS8uI5VJzQ3pQkqgkU0jKgW8kV0jIOQlhE8N60eSDVyoHHmQ6iZgwvZou0E4WNETLIlhBCJAfMwpR9kH/jsQKCYu5nDiVBxokwakJQg1wXZio1whRHSi4gVz8WJOFEthIz78tycwLPaUbIlkhJkC+FBjkgbsqIEwWL1B6sFWQFCJIuVhtyP1Yn0zaIVBAcRZy0cBPS/QsY4SDhAKIJE1qj/IlWIJNHklJov0oKkBIluIWQ8J7l7DjYORg4s3gt7IlIPQJ8WQsxE3nhvki0hhMhZmIdZAIVUUQQfxAk5YmU7m0xThpJetuINHsfJNvM+NVpkOqgFJsLF7Xwm8HnyxhtvqGZLJCccMKwkZOUfYWAK5fv37++CRI4cIUK6uKSWilQihY/k5UPol4gTm0dzO0LEwcXBwYFChIxCeB5PDh8x48yFMxgOLLb8KV++vN+PsxseS08WUo6Ep3kfrGwkvUg0jSgZ71l1W0IIkXME2UKqqKli/g6yRR8t6riY65nTuT69YMUObg+fGYgaq+PpvcjnRBAx5Iut4SRbImlhJSCRJ4oVWfWH+BB9IgpFU1FWAZKDR7AYHBSxZyocCBwUpA9jz2I4SIKQkXKMfXy4jcgYeXluD0X4pCypIyMtSVdh5I6UIxG20NROsiWEEDkHskVD0+nTp3sDU+Zw5nTmfy45meZzg/n/dLLF4HEIG4/h5J06Yj5TeC5Ws1O7S8mJCuRF0sI/L4WORI3Yv5BIFdJFMzlSfKTu+JroUryDJLMjHFxcImkUWVLbRV0YtWMIFpEyasKoK6NDMWc1HORCCCFyjrAakWgTJ+pEpZjPw/yOJDGvhzk+du4/1eCkm/Qjg4VSiBon4WQ5Mrt1j2RLJAQcNEgMBw4F7USzaLsQ+mWxepCeWXT/pbCdsw0OgIwcQLGDxwXR4mBk6S/7ZlHTxYFLN3lenwL51q1bew8vtoXg/YUUoiJbQgiRc4TPDYrk2fmDOZt63fDZwPyOcGX0s4L7EyVjlSKfD2xazfOzuIrXy8zcL9kSCQX/xES5yMNTuE6dFaFgit4RLVaCzJgxwwsY6fLLgRTvYDnVCAchoWWkjbMXCiyRLNpAUBTPwUWrCFpQsMoRyZJgCSFEYhE+M2hezWcGzU2p1wrtHDIiWekHokVEix1L6MUYTrQzg2RLJBwcOESR2DaHFYjkzkkrEmWiGzDtG0j11alTx5f3clBxJnKmA9HirIVWDjRDZdkwqUo2vw7tJ9gUm/YTbN+TmWJIIYQQ0YL4cCJMao9O8pykM4/T7Z0a3tiT8XCSzWdAEDC+5qSb68P9Ygc9uBo2bOhd46kNY/BaqtkSKQFnD/wzM/jnpqcWKwORICJO/PNTqE5qsXfv3h79opEptzEoZmeEr8P1YXAgsuKRvlp0jSeaxd6HIUffvHlz39KH0DTvQdEsIYRIPDgpp8ko9bUUyXNJI1Pa9ISieISL1CLyReE7NVghtchJd9gnkeuCjHHJIioWU5FFQeDYn5et22gFRDoxo58Lki2R0AThohM8hfNsBE3BOoXrdIWnOekLL7zgB8P48eNt0qRJHpFiM2sOjnCZfnBQImvIFiJHrp+2DvTkokg/s0WQQgghsgeiWWQ5aPFAe5/HHnvMT6gpcCd6xaBUhJ6Kl112mWcz+B75YnUhNcEsxKKwnuwJLR+QMlankzVBxLiOzx12LOHEnj6QrEiUbImUgn9ohIt2C4RyESnSivRUYff2smXLWpMmTbyInX0NqbFCvMaMGXPC4Iwk9nvuxxkQaUQOJBrYhT0S//73v/trCiGESFyYq1k41bFjR99Emj0QkSSiWogWUSrkiYan1P7SHoLNp1m52KZNG2vbtq1/hpA1CSfcF1xwge+Di7xxPZLFZw3Cxv0pOUHyJFsi5eCfmigTtVPHjh3ziBTd3llByBkJhfKcsSBgNCONNzho6N3F4KDhuksvvdS3Y+BA5YAN0ayMHkRCCCGyHz4TqO1lT1x2IGFXEVKIod8Wg68RLm6jWfa6detsz549Xo/LoCM8zbMpIeEzgagXqUY+X5AuLolwETEjc8JnUGayHpItkVQgQvTj4mBhhQhF8qQUqb9iCx/aN7AXFmcxCFXIx3OgsNUCZzFs/4NgDRw40NOIhw8f9uck/y/REkKI5ADZIhvBanLmeFKELJgiskUqEFFCtDjJZr5nrg+ZC+Z6Lr/++mtv+UPH+NA2gnothCu0fuD5KJannpfV6ZlZNCXZEkkHZxWsQOGg4ayGYkXCuhw0HAhsGl2/fn1PFyJYiFeXLl08z85ZCfdFrng8zxMGB5BkSwghkgNkiQJ5UoIUshOZCi0fkCXki/m/Z8+e3r+ROT6IFgThYjEUUS/kLBTJI1w8D7JFGhJhI/1IFoTHZBTJlkgZOJC2bNlitWvX9ggW2/2Qhye61b17d/vkk0+O31MIIUSyw4k3/RE5mW7WrJnvoUt0KhTHMygbIc3ICfbJ4MSbHl3UZoVVjKH9AxEyGmvTf5HFVJItkeshOkU+no2mOROhTovQLw3uJFtCCJFaIFuhQJ7B4inqeJEsRIlLWv3MmjXLZetkmQtki1WN1HUhW7H9uMKG1hTW16pVy+VOsiVyNRww9ORi02rORsjVc+DQW0WyJYQQqQWytXv3bo9s0RoIGSKTEStbrE5kqx1KTrh/euHiOm6j7IT7kjakv1boyXXJJZf4vrxEzejxuG/fPsmWyN1Q4L5s2TLP3RPZomCSsxxFtoQQIvVAet59913fyg0honUDq9NjZYvPAEpLiIBxQo5cBRAvMiLcVr169TTBYkUjKUVWI/JZQvE82/ZQZE9BvmRL5GqQrZUrV3q4lzMUusrTuE6yJYQQqQfSQ8seMhrVqlXzFeihZivIFtkN6rZ69OhhW7du9WJ4FlMhXnwm7N271z8faF5KmwgiW3xm0OQUUSNLwtclS5a05cuX+2NPlo48FZItkRLwz49s0XCOVhCckfzpT3/yVCJnOpItIYRILZj3iVR99NFH9uKLL1rVqlV9RSKCFXptIVx0lGc1IbVXRKcomOf+fE37IG6L3WM3rELkeUhLlilTxh/DyvfYyFhGkGyJlICDjgJI9q169NFHvSiS7vBEuBAvyZYQQqQmCBDbutEvi7ot2j089dRTvjcu0oRwcUmUihqssH9uaIyNmMWuQAyDKFnp0qVt/fr1aTVfmUWyJVIGZIuzFbbfeeKJJ7wnCuFfRbaEECL1QH7Yyg0RCmlBmluzxQ79FkktIlOIFCsMiXCFvRHZY5fteyiGj119GJuCpAyFLXqIaIVejKQulUYUuRpki1AvBxqDFhCc4Ui2hBAi9aBRKXJFywe2cCONSPsGhIqMBrVXpAeRKzadfvzxx61Ro0a+h2LFihWtU6dOdv/99/vnBdv1nH/++X5fGpoiXETDqP2lxxaNsnnsjBkzXL4yKlySLZEyULj48ssv2yOPPOIpRA4Mzl4kW0IIkXocOXLERo0a5aUjpAUpcqdON0SoGNRfIV9kOVihzobVnISTTmTFIdez6TQixm2UoLDFG7IVarbYnBpZ437jx4932cooki2RMhBGnjdvnqcQWZHIPokcgJytIFusQhFCCJEakNo7dOiQjRgxwgvd6fSOPJEWDHVXCFfY65DaLL5mIFBEtVhIRfNr2j7Q8gEJCzVcXI+E3XbbbR4Nmzhxor311lu+GCujSLZEyoBsLV261AoUKOC5+EKFCvnKFMLJ7I0l2RJCiNSB+ikK4ykfKV68uAsREhUrW+lHiHYRqQpRLtKFPAYJ42tuJ6pFROyWW25xgaMWmJN5asTUZ0vkajjbWL16tUe1ECwOJvLvfN2vXz+lEYUQIoWgQJ66rd69e3vJCMXuSBJ1WpxoU+CefpUhsoVYEb0i5RhqtEKRPF+TDWElOzVfpBS5L1GvYcOG+Ul7ZlYlSrZEyhAiW3SQZ0kvZzgcdFxykHAGJIQQIjVAemhKSvd40oBhRSF9s9iYmqgU8hQrW0G40g9ki4gWYoVo0Y2eSx7P7dT+UoyfmeJ4kGyJlIECeTYTJceeN29ey5Mnj5+ZUDRJSwhkTAghRGqAbO3atctXIZLyC+JElIstdkgRpo9snWwE4SIyxhY9NEBlJWKQNT5LJFtC/H9Cny0ki2XAHTp0SGteR66dYkohhBCpAbK1c+dOFyNkK0gTGQ3KSMhwhGL3WLE62eCxRLdoA8Hm1tR0xUa2SFciW0ojilwNka3QZ+vOO+906eKAY7WJ0ohCCJFaUKh+8OBBa9mypc/1SBEDcaJmi4gXtVYIU0aEi4gY7YOIcBHpIuJFHRe1v8iWCuRFribIFr1TOLOhWzAHGeFf9dkSQojUggjTsWPHbNy4cb7ZNFIUhIuMBt3fSSmG6FQ8uYo3iJLRk4seW8gW47HHHrPFixf7xteSLZGr4SCYNm2adxBmBQmrTOitwllK//79JVtCCJFCUDvFFjrsiUhHeFJ9iBXSxTY9pBE56Q6F80Gm+Jr7pL+e70kjIllkR1hcxQpHWgmFZqaIlmq2RK6Gmi1aP7AnVuPGjdMGtVtcrwJ5IYRILRAfSkQWLVpk9erVs7/+9a/eF4uTbDIc6SNafB9WHdJTK6QXuUTUeAyPRbAoQaFuC9GixURmarUCki2RMnDG8fnnn9sHH3xg7733Xtr48MMPXcTO5kARQgiRmCBc4WS7XLlyPmhySnQLuYoVLr4m83HhhRf67QhXuB4B4zaiYQxKUNiJ5O233/Y+jpmJaAUkWyJl4EBAqLiMN4QQQqQeYY6n5xYr0UkBssUOKUAiVqQMiWaFS2qyKJynNxflJtRkEdVCsGh0yiXXUXTfo0cP+/TTT8/6ZF2yJYQQQoikJcgWEahOnTp564arr77a04mXXXaZNzlllTrXP/zww96wtGjRor7ikG3d+D5fvnzen5Ht3riO1exc/9JLL/niq7NFsiWEEEKIpIbIE3W5e/bs8b6KSBJ9F7mcO3eu7y7CakJSjRTUv/HGGyeMDRs22Nq1a23jxo3+PV+vWbPGPvrooywpQZFsCSGEECLpIbqFGLFCkSbWYfA9Nb3hkvtweSaD58wKJFtCCCGEEBEi2RJCCCGEiBDJlhBCCCFEhEi2hBBCCCEiRLIlhBBCCBEhki0hhBBCiAiRbAkhhBBCRIhkSwghhBAiQiRbQgghhBARItkSQgghhIgQyZYQQgghRIRItoQQQgghIkSyJYQQQggRIZItIYQQQogIkWwJIYQQQkSIZEsIIYQQIkIkW0IIIYQQESLZEkIIIYSIEMmWEEIIIUSESLaEEEIIISJEsiWEEEIIESGSLSGEEEKICJFsCSGEEEJEiGRLCCGEECJCJFtCCCGEEBEi2RJCCCGEiBDJlhBCCCFEhEi2hBBCCCEiRLIlhBBCCBEhki0hhBBCiAhJadn673//mzaEEEIIIXKClJUtBOs///mP/etf//IhhBBCCJETpKxs/fvf/7YjR47Y0aNH7Z///Ofxa4UQQgghspeUky0iWkSy3n77bRs5cqQNHz7cdu/e7fJFpEspRSGEEEJkJyklW4gUUay33nrLhg0bZnfddZdde+211rBhQ9u+fXtaalEIIYQQIrtICdmKrc9CtIYMGWJ33323/fKXv7Qf/ehHduGFF1qjRo3s4MGDfh/uf6YRrnA/LhG5f/zjH34ZomR8rZowIYQQQpyMlJAtUoQIz/vvv++ideutt9rPfvYz++53v2vf+c537Hvf+579+c9/9gjX+vXrXZjOJKXIfXjujz/+2F577TXr06ePde3a1Xr27GkTJkywSZMmWe/evf1r0pZCCCGEEOlJmcgWxfBDhw6166+/3n7605/a97//ffv2t79t3/rWt1y6fvzjH9sf/vAHK1++vK1Zs8b+/ve/nzalGCJXK1eutPz589v5559v5557rv3mN79xebv44ovtd7/7nd1+++0uY6eTNyGEEELkPpJatpAbhOnw4cNWv359+8tf/uJS9YMf/MAjW3x/+eWX289//nOXrx/+8IcuR6VLl7bXX3/dvvrqK3+Ok0kSz03EjBWNr7zyij377LNWsWJFK1mypEtbpUqVrEqVKta6dWvbsmWLZEsIIYQQ3yBpZQsR+vrrr73wvWrVqnbOOeekCRXRpyeeeMKmTZtmK1assLp163okCglj/Pa3v7Vy5crZsmXL7NNPP/Xo1clEKcjYF198YYsWLXK5euqpp6xYsWJWqlQpe+aZZ2z16tX+HEIIIYQQ6UlK2aKOimjTq6++6lGmX/3qV16XhUj98Y9/9KjTggUL7JNPPvF0IfVU/fv3txtuuMEjXggZKcGyZcva0qVLXbhOlVJEtj7//HMbPXq0Pz/Rs5/85Cf+XDfddJO99NJLimoJIYQQIi5JJ1tEkN555x0vTs+bN6+nCJEsBOqCCy7wyBMRK+QoFM4z3nvvPe+5dccdd7gocf/f//73HuGaN2+eF8EjXPGkC5Ei5ThlyhR/DWrAgtwhW7Nnzz5+TyGEEEKIE0kq2WIV4Z49e2zQoEH24IMPumhRBE/6EAmqWbOmLV++3D777DMXrZACZCBp1HaxevCWW26xX/ziFy5cpBQLFChgM2bM8EgYYhYvSsVrI1XUgYXCe4SL50LWhBBCCCHikTSyhTwdOnTIevXq5a0dgmgxWB1Yr149W7dunYsWwhQboUKeuI7o1N69e709xL333puWUqTG6/HHH/d0ICnFIGix8PiFCxd6wb1kSwghhBBnSsLLFtKDOJEGHDNmjN15552eBqR/FhGt0LB069at9uWXX6Y1HUXO+Dr01OI6hIkaLqSNGq7rrrvOm56SDqTAPl++fDZ37ty0FGSssIXI1iWXXCLZEkIIIcQZkxSytX//fuvevbvXW9FDC9FBkIhwEaWiMzwShUwhRXz94YcfugS9+OKLXuMVW7/FKsZ9+/ZZt27dXLiIbvF8RLhYaUibB1KKPCa8B56TgvzLLrtMsiWEEEKIMyYhZSuk8LhElBo0aGC//vWv0xqVIkeI19SpUz3tFxvNYhC56tGjh91888120UUXWePGjV3IQoQrDIRs3LhxXuTOc/L8pCfvv/9+mz59uke4QmQNSWPl4hVXXOGiJdkSQgghxJmQULKF2CBLiBCRpJ07d1rlypW9tQNyQ+qQwnZk6Pnnn/cVhDwmyBNChECxCfXVV1/t8sTjeHyZMmVsw4YN3i8r9v48B9EvIlqkJxEo9lQkpUjaEJnjPfF+SDFeeumlki0hhBBCnDEJJ1tIEAKEGNGMlLQh0SzaLdD9nWaiM2fO9O15Qk0Vj0GGWG1IpIqViiHdGCSNmqzChQt7ETz1X9w/pBWJYFH8TpE8ohWK5lmlyP15LdKKpCzPO+88yZYQQgghzpgcl60QzWJQS/Xmm296Dy0iUexlSHQKqaG1Q4UKFXwPwtCENAxk6Y033vAaLNKLpAIRrCBFQdYQqYceesgGDBjgqxKDcJGGRPCQOCJcNDylcSliRSf68ePH244dO6xjx47+3JItIYQQQpwpCSFbyA4tGzZt2mRdu3a1u+++21N/iBarBeltVaNGDe+hFVtHhaDRSX7OnDm+ZQ/F60SlQgF7+sH1RLwQJPpt0bML4SIyxnsIz4Xo0fCUonnSlnfddZd16tTJrw+RNp5PsiWEEEKI05FjsoUwhUEd1cqVK61hw4Zea0X/K0QG2bn++uutQ4cOtmbNGr8fkhVk64MPPvCoE53k6bXFY04mWmEQ8SI6dfvtt7vYbdu2zSNqoVaMlOGsWbOsePHivjUPssf9r7zySt9fMRTp81ySLSGEEEKcjhyRLWQpNnXIBs9EppCZUKROGo/WDiNGjPDVhdwvRLNI/bG6kE7yRJ2Qs9NJVhjcD+Hida655hrfSJqIGqIVar8osp8/f77Vrl3b+2ohfYz0Mod4SbaEEEIIcSpyTLYQJ+SG3lWs/KNOCqFBYGjzQDH75MmT7aOPPnK5ClEwHkO9VefOnT3qhWjF1med6UCaiFpdfPHFVqtWLReuIHK8BgXxdKTnttii+NjB+2Vl5Ouvv378JxNCCCGEOJFslS1kKUDtFfsREpkiyhQK4Vk1WLZsWVuxYoUXwiM+CBAiRNRp8+bN1qRJE982B1mi8P1Mo1qxg8eEDaVZ5VitWjV766230qJu1HCRtty4caP36UIGQ1QsPAeyRcE9KdDYn00IIYQQJ37u52ayVbZCGpAUYJs2bbxnVUjRIVuIVokSJWzVqlUuO/yRgvwgWnSSb9q0qa9SzKxkxRs8D8LVrFkzFy4Ej9dH8hikMZs3b+73ia3Z4mtWP7JCUv9QQgghxInos/F/ZJts8QtnI+gtW7Z4nRSd3Vk5SGSJS1YcErEikkTUCzELj6NeK0SYQpF6ZlKHJxvIE++B90QxPjIYiuaD7LFykfcXRI/H8d5JZU6bNs1lUAghhBD/h2Trf0QuWyGaRUqQ7W7oCE/PLOQGaSIV+Le//c3atm1ru3fvTmvFwGN4LJElViLSY4vVgUG0siqqxeC5ECie+9prr7UuXbr4xtaxRflEunbt2mWtWrWyv/71r2kpTOq5SHsSjUMmw/sWQgghhIDIZQtxokXDyy+/bOXKlTtBtChuv/POO61v375e9M59seAQTUJe2LKnZs2a3tE9/WrAKAbvDZlCqrZv3+7CxftCoLgkwkWPrttuu81rzUiBEu2qXr26LVmy5IQNrIUQQgghIpMthAlBef/9923ChAm+FU7ozI6g0M2d69jw+d133/XIEZISZIuO7osXL7Z69eq5oEUR0Yo3eA3e43XXXeeNTOnDhfTxs/C+EC62BaLtBK0puC+CduGFF1qpUqW8KSoNWoUQQgghIBLZCpGpd955x/cTpD0CHeGRklgxoe0DkSBShSFdx9e0e5gyZYpvnUMndyJa2SFaYQThosFqy5YtfSsghIv3Ft4jRfMI180335z2c1FAT8sKNrBGuII8CiGEECL3EolsIRnUN1FsTg1U6AjPoO6qfv36tnr1ahcSxCVEs/gaQRs9enSaoFEbhfzEk6IoB2LHa7MFUKVKlTzKRisIfjYIwjVw4EAXLu5L9I1O9gULFrS5c+d6nZpkSwghhMjdZKlshYgW9VdVqlTxCFaQEESLNCL9rNavX29ffvmlC0tIz/G4t99+2/r16+dd2RG00BIip2SLAnjeP/VihQoV8ianoX6LwfsnBUqalBYQRLd4zzRlfeCBB2z48OGeRpVwCSGEELmXLJMthIJi8h07dngvLFbpIUlIFsJyxRVXWLt27TzixYrDICBBtN577z0bOnSot1JAWrIzbXi6wftAoBBIRDG2aJ73TwSL2jOEC9lC0vgZbrjhBhs5cqTXn/EzSrqEEEKI3EeWyBYSQW8sUmdEgBCTEI2i9oku8ePGjfNViYgKxfCIChAdIhL27LPPpu1DmFPRrJMNZAtpJNpGUT8p0PAz8LMzEKoxY8bYjTfe6D8Dj+OS7ydOnOg1X5ItIYQQIvdx1rKFcBw9etReeeUVr1X6xS9+4aLEQE5Ip1HsfuzYMRerMIj0cEl/KiJGf/rTnzwixOO4TJSoVhghrUiX+0aNGtm+fftcHPk5wjhy5Ij/rGzhw8/O/WkPkSdPHv/9UPjP/YQQQgiRezgr2UIcKGifNGmSPfnkk97OIUgJ9VnI1wsvvJCWRgvRLL6m2Jw+VkWLFvXoF5LFYxNNstIPIlxXXnmlbzdEV3t+jrC1Dz8fPyt7PobNtUkn8nt55JFHbNSoUd42ghSkEEIIIXIHGZatkApDmBAHWjvcd999aaKFNCEZderUsWXLlnk9U4hk8VguiYSxnyD3IRIWT2oSdfDzIVBsL0QPMFKKpFDDzxdSivPnz09bJMD9f/7zn9u9997rqxdJm/I7EUIIIUTqc8ayhUQQuUEqKHBna52ePXt6J/UQmaLWinQgkkHUJ9Q1hYFgsNEzNUxEwn7729/64+JJTSIP3jP1WOzTWKtWLVu7dm1aSjH8rAjYihUrXMgQMyJiCBcrLXv06OFtI/h9BHkVQgghRGqSIdkKorVhwwbfFJptbRAtBAT5uOqqq3yzZqI96TdmRkBYcThixAiPhCEeiZ4yPNXgvSOXF198sf8u2FaI9GBshIv2FkhngwYNvDkr6VVWZiJcvXr1UoRLCCGEyAWcVraCOITIFFJB+i/scYhAIFp0W6eJKXVYYeVd7GNZiUhE68EHH/Ti8VCfRZQo9jL94PrY2+KJT1aM9K8T77Vjrw+X/A5ofMpqyjfffNN/R/y84edGuOjPxf6OQbh++tOf+ubbPIZULPcTQgghRGpyStlCAojWMNhWh+112EyabWlCo1IiW/fcc493fSc1xn2DaITHst0NvbfoO4VoBFEJzxGkBhGJHeH6MHhcPFE628Hz8nq8F76OHelfn8vwvsN9+JpUYcOGDf1nDQXzXIZo4NatW61169YuZjweSaPVBVExHiPhEkIIIVKT08oWwhCiUmyhQ0E7csGgn1aRIkXs5Zdf9qL3IAxcIhms1Fu4cKGVLl3aBY3HpJcbCsgffvhhX7mIyNWoUcPq1q1rFSpUsLx58/oqvscee8xbSFx++eWehksvS2c7eD/ID/VmrDSkAStSRIqQ60iP8rNTn4ZU8TsgmsfPEJ4DgfrDH/5gTz/9dNreiKFmDZBO0oZsbs3Pwc/OaxLtqlq1qm3ZskUpRSGEECIF+YZshagUgw9/olXdu3f3qFRsITx7HFauXNlrkigO53EBRIvHzps3Ly1tGCJDiAlfB9lg+x4Kxqlrop3CsGHDvCfVzJkzbfz48TZ27FjfDof2EogYew8Gwcmqwc9D41UK/tkuiJ+3bdu21qJFC69BI93H+6IbPO/1uuuu8/cf+zMFgaQWDUlcsmSJy1b4vXDJ74RUI8J16aWXpkXI+JnYf5F0Y+xjhBBCCJH8xJUtZIkP/QMHDrhoEOkJexwyLrroImvfvr1t27btG9GY8Hj2BCRig1AFIQmD7xEVnrNVq1ZWsmRJjyCxuo9apltvvdVuv/12v2QQ1aKRaKlSpbzFROxzZcWg8WjhwoWtZcuWHkWjgJ8idrq/s30Ql0S1uA8ixnvj/ad/nvBzERFjIQCRvViCcO3fv9+6du3qETMiZDyGCFfFihU9EkhUTMIlhBBCpAanlC1qtBCLIFpEtliBiJTQQT3UZ8XC90TFEDFSb+mFJEgJI0S2EBqEg8hQSC/Gjl/96lcuXOw9GEUakZ8LySJliXjxGkgQP3N4T7xXpJMIHAIYT7YYXI84Dho0yKUpHvzeEFkiaddee23a65BqRTxff/11//0LIYQQIvmJW7MVhIsUYf78+V1GSAUS3endu7eLFhGak0VfuJ70I7204glJrGyxspF6LeqYwkBqwuD7a665xgoUKODRJsQk3nOezeDne+KJJ7ybPQ1Z2USb1B6X1KWde+65/j1SyPu9+eabXY7iCVeQrcGDB59Utvj98Pvjd9S3b1//+fi5EDxSlOwjmT4qJoQQQojk5JQF8qxApFYJyWL7GbabOXjw4DdSh/H48MMPvXg+vYwwYmWLdhHUZT3zzDO+YpG0ZZcuXfz6jh07+go+oknUSiFDrGaM95xnM4hmUdhOvRapvDJlyljZsmU9DUpTUgr2q1ev7inP4cOHex1aiLrxc8Q+15nIVgChpYaLnw2RI0WK9IV6LyGEEEIkP6eULdKBpLsoTqeWiFWJFMOHFXYng8gNrQ7OJI1IATpCg8w99dRTvgoRyaE+q0SJEi5sjz76qKcbSfURhYr3nGczeE5en/dCXVaxYsWsePHiXiA/YMAAlyw6xSN/YVUmokV062Sydao0YixIFcJFxJBaMYrn33333dP+joUQQgiRHJxStoAoFtIQJItxsvRhgPvMnTvXC8ARkPRCwvfICrJFs09WArKKj+17SNGx8pEUHi0WuJ7icYSLdFu81N3ZDiJbyBbRLdKF55xzjqcTH3roIZc90pm8B9KYSB/fB2FM/1y8PxYQsGckW/aciZjyO0a4WIVJz630qzuFEEIIkbycVrYyA+mxBQsWuByllxEGkhIK7pEXelcRJUKuEC0eF1sIT5sJIk7UM8U+T1YNZIv6MgZ1U7w/JI/+X48//rgX6HM98kjNFs1I44kWA4nkZ5gzZ44Xwp9phIrfGd3mwx6LQqQ6Z3LiJoQQqUBkssVKRto4xBMSRAW5Qrao00Ki+J6oEsJDRCm2NotWCqTxWJHI/WKfKysG74PeWETPQh0WgkVak+J9aqmQQ6JuzZo18+al8Z6Hwfuj/grZOtUignjw4XOmciZEMsOWXmz9xYb2IQIs+RJCpCqRyBYRHdJotDKIJySk2pAXIlnUSdFFHslBYqjVQrhY/RjuT3qxUKFC3oaC+8U+V1YMZCtPnjze+iG9bLEKMkS2iFhRrM/7ifc8jJBGpM8WHyL68BDiRDgmWNFMk2LqI2fMmOF9+ahf1MmGECIViUy26CFF24R4QhIiW9RB0ZWdNGGQLQrTKYSPjWxRQ3XTTTe5xJwsfXc2A+mjZos9HpGlIFtEu1gdGCJb1JZRyE47ipO9D34u0o1Tp05V7ZUQcUCoqE3kBIdjmwUnLAxZtmyZffTRR0qjCyFSjkhki42XO3fu7MIST0gQFQayxVkt+xAiKRSlU5tFGpHIFtdxP1b3kc67+uqr4z7f2Qyen0gVz0+tWHhvCBY1W7wX6reQQZqq8qFAp3vuE+/5uB9NT1m9yYeGZEuI/8GxwDHBgpsXX3zR0/Kc3BBZJrpNTz+26Hrvvfd07AghUopIZIv0WcOGDb3w/GRSwkCupkyZ4vsEIlfUZpFWYNKlCJ2zXq5Hsuh1RWTpVM+X2UFk68477/TXJILFICpHpAvB4nYK9klj0vfrVBE2ZIu+ZIsXL1ZKRIgYOB5oH8PG9fSxo0aTY4ZjCeni5IwSghdeeMGOHTsm2RJCpAyRyBar6po3b35C3VW8gUwNHTrUN7QmskRD0V69enm9F1sCkVKk9QL7InI/VgYiM/Ge62wGIoVY8Vp33323Sx2pTF6XQeH8vffe60X6ffr0cSk8lWwhZUuXLpVsCXEcxImTMESL9CEnM0SuY48dhIvdGjjuV6xYkRbdknQJIZKdSGSLWqV27dp5+g0pOZmYEEFCYih+Dyv/KJCnsSld3IlwIUCIG6sWWeWXfoLOikHxO9Eoome0oqhSpYr3/2rbtq1169bNo3R8jwjy/anSiLw/VlfOmjUrQ60fhEhVOAZYmXv48GHfwJ7azFAbGXvs8D3HDxFmjjV2sOCxSikKIZKdSGTr008/9ZVGRIxOJVsMIkEUwxMF45LUIzUcXPI9KTzqOS644AL//lTPldnBc1KjxSRPSjN2XHnllT4oikf2aGfB+4v3PAx+Hpqf0meMDxjJlsjtIEu0eiBaReNgTsJCPWbsscP3XM9xTvSLgnnqP3k8x5GESwiRrEQiWx9//LFVqlTJI0bxzmDTD24/1WACJgoWb4LOqhFeJ/1AnkIdF18zTvUegmyFmi19QIjcDrJErRblAdRfxh7LYYTjh/mC26jnos3Knj170iLEHEtchq91bAkhkoUsly0mwKNHj3oa8ExlK5FH7IfBmfwcyBZF9cuXLz/+GxEid4Msbd++3dP09N5jXiA6zCXHSxCv2OOI66iNJJW/fv16O3LkiJcnEC0OkS6GEEIkA5GlEWvXrn1GacRUG5y1U2S/atWq478NIXI3oTCevnUIFDtBsOqYOslTpRQ5llj5S00nLVdmzpzp4nXw4EFvHyHZEkIkCzlaIJ+KQ7IlxIkgRjT5pXEwK47ZpH7Dhg3Wpk0br8U8WfSb64l8Ub9JUf2NN97otVwsYhk9erTt378/rS4ypBaFECIRiUS2vvjii7Q+W0yY6SfRVB6SLSFOhCL3LVu2ePsWmhhTZkC0a/Dgwb4J/alKDcLJGoMI2A9/+ENvGXPttdf6PqV0oqfVjGRLCJHIRCJb1FeEmq2TTaKpOiRbQpwIIsRqxA8//NBFixouBGzy5Mm+ujcjc0SsdBEVI8pFlIznlGwJIRKVSArk2d+MxoSIR7wJM5WHZEuIb8K8EDsQMBr/0mcPeYp3LJ1qIF2kGNnKi/1KmXOEECJRkWxl8ZBsCXFmvPnmm54KpAg+M8IV6rlKlizp0S3qt4QQIhGRbGXxkGwJcXqYJ0gtrly50rfrYp/UeKsSTzWo9eIxf/3rX61fv36+gbVqt4QQiYhkK4sHZ9vsrciHiBAiPswT9Mtiw+nZs2d7Z/nf/va3fvzEO65ONdh9gpWOrHKk8F6yJYRINCRbWTz4mdnUevXq1cd/I0KIeDBXUNhO4fz06dN9o3m258roohoiXBTL16lTxzZu3Gj/+Mc/jr+CEEIkBpKtLB7UkBQoUMC2bdvmvwudZQtxcoJwvf322zZ27Fjvo3Xuueeesh1EvMHKZ7YC6tOnj73zzjseNdOxJ4RIFCRbWTj4cKCRa+nSpW3v3r2qHxHiDAitIZAkUoFVqlTxGq54x9jJBrVbv//97z26tXXrVm8toeNPCJEoSLayeLDnW/78+b2JoyZ7IU4PxwmpPwZbfb300kt2++23xz2+TjaIhHGiw5ZAs2bN8q71rE7U8SeESAQkW1k8qDlhS5IDBw5ItoQ4QzhOGKT/qHekfguBineMnWxQXE+T1IEDB9r7778v2RJCJAySrSwcpBF/9atf+Sbc1KCEDxAhxJnB8UJUODPzB6nEK6+80gYMGGAffPBB2r6JQgiR00QuWxldWZTMQ7IlRObhWEGOtm/fbmXLlvWi93jH2ckGskVkiz0XmYOIkkm2hBCJQCSyxVll0aJFXbYymgpI5iHZEiLzhONl9+7dXiT/ox/9KO5xdrKBbF1xxRXe4JQ5SGl8IUSiEIlsvfvuu97+QLIl2RIiI3C8UO9Yt25d++lPfxr3ODvZkGwJIRKVSGSLJoXFihXLVDfoZB6SLZHbORvBCccL2+60b9/ezjnnHD9ZY5xJOQKydc0119iwYcPS0og6/oQQiYAK5LNwxMrWW2+9lfbhIURugP/1L7/80nvM0TMro//74XghMt6uXTuXLQSKcSayxXxz880324QJE3wbIMmWECJRiES2WHZdpEgRRbaOf3gIkRtg9d/69eutVKlS1qBBAzt48GBapOtMjoVwn8OHD1vTpk29jcqf/vQn+/Of/+z9604nXD/84Q/t/vvvt1deecX3SJRsCSEShUhki7PaggULqmbr+IeHELmBL774wiZOnGiXXHKJXXzxxZ4K3LVrl3eHZ0ue08kPtyFnlCF07drVzjvvPCtfvryLFy0dmE9OJVyc3N144402ZswYO3LkiPpsCSEShsgiW1qNKNkSuYuvv/7a5s2bZ/fee6+nAIlIcSzQ0Z0VhkgUQnYy8eJ7usjv2bPHmjRp4s/RuHFjmzx5sj355JMe6TpVSpHr//jHP1rz5s1t//79/jo6/oQQiUBkkS2tRnxbq6FEroL/d1YBPvfcc1ayZEm78MILXX7uvvtu31Whc+fOLk7Lli3zxqXUZpHuQ8Co9WKLHUSLzaSJUDF/sNCmY8eOnh5kdeLJ5hOOPW77zW9+YzVq1LAdO3YosiWESBgikS1qLthug7A+Z6LxJsdUHEz4nI3Xr1/fP0jUwVrkJjj2+Z9nf0O23GnZsqU9+OCDdvnll/sm0cjXddddZw899JDLWIcOHTzlN378eB+jR4/2x9x6661eo4U8/eEPf7BLL73UT2L4/lRRLeYb5K5hw4YubZItIUSiEIls7du3zyfZIFtMhJkd8SbVU90no9dn5eC5f/3rX1ujRo18+TqpEsmWyC1w7PP/juRQp0W/rLlz51qvXr08skV0CtlisGrwzjvvtHvuuccjX3zN5tO0brjgggu8XotBpIrxu9/9zi666CIXt7/+9a9ew3XZZZd5fRi9tegcz+PLlStnU6dOVesHIURCEYlsURTLJIpocTbKJQP5CgJ2quvC9VzGns1yGW5jkGbgMv3tYcReH+/5snrwvES2aMgYlr5rshe5DYSLgexQx0WxOjVbS5YssRdeeMFTic8//7xvGE2KsE2bNl5n1axZMx/h69jr2rZta/3797dx48b5Yxljx461ESNGeKsHBIt6MdKTKo4XQiQaWS5bTLJMeNdff73LBwPBiR3xrg/XnWzECk3s48JjY28/2WPSX5/Vg+cm3VGrVi312RIiBuYFCtaRL6Je1Gh9/PHHvpiGlDuDExRG+Dpcz+B+9M6ivovHM6j3ImUZrqO4ntfRMSeESDQiK5Dv0aOH99pBPEqUKGFVq1a1ChUqWJkyZeyJJ56wQoUK+Qqjhx9+2K9niXeePHl8FSM1T6xG4rEPPPCA13CQIiDV8Oijj1q+fPk8JcFtFNDy9W233ebpCL5nXzVeI6Qm7rjjDq8TKVy4sN13331+X67PyCDt8Ze//MXOPfdcrwvhkroSBoW7SBYpxPPPP9/q1aunAnkhTgHHBdGnjLSESJ+W52ueg6FjTQiRyGS5bAGT4ieffOLhfFYnvfnmm352SrSH4nnSjNR1kVrYtm2biwm3sYKIJdvUWxw9etTPZomSbdiwwTZu3GibNm2y7du3++O4fuvWrf7c4T6bN2/2OhFei9fg/uFxvA7PzX3C82VkrFu3zl599VWbNm2azZ4929Mh9BRisPpqypQpnsogRbJy5Uo/4w4fAkKI+CBIZytJ4TkkW0KIRCUS2UpP7CQYOzHGjtjbYom9z5mOzD7uZANhYiCR4UyaM3JG+J5BGiMMbtPZthBCCCGyRbZSgSBcQbrSpzSQKoQrCBmXEi0hhBBCSLYyQIh0hZGeU90mhBBCiNyJZEsIIYQQIkIkW0IIIYQQESLZEkIIIYSIEMmWEEIIIUSESLaEEEIIISJEsiWEEEIIESGSLSGEEEKICJFsCSGEEEJEiGRLCCGEECJCJFtCCCGEEBEi2RJCCCGEiBDJlhBCCCFEhEi2hBBCCCEiRLIlhBBCCBEhki0hhBBCiAiRbAkhhBBCRIhkSwghhBAiQiRbQgghhBARItkSQgghhIgQyZYQQgghRIRItoQQQgghIkSyJYQQQggRIZItIYQQQogIkWwJIYQQQkSIZEsIIYQQIkIkW0KILOM///lP2vjvf/+bNoQQIjcj2RJCZBlI1r///e9vCJcQQuRmJFtCiCxFgiWEECci2RJCCCGEiBDJlhBCCCFEhEi2hBBCCCEiRLIlhBBCCBEhki0hhBBCiAiRbAkhhBBCRIhkSwghhBAiQiRbuQz1QBJCCCGyF8lWLiPIloRLCCGEyB4kW0IIIYQQESLZEkIIIYSIEMmWEEIIIUSESLaEEEIIISJEsiWEEEIIESGSLSGEEEKICJFsCSGEEEJEiGRLCCGEECJCJFtCCCGEEBEi2RJCCCGEiBDJlhBCCCFEhEi2hBBCCCEiRLIlhBBCCBEhki0hhBBCiAiRbAkhhBBCRIhkSwghhBAiQiRbQgghhBARItkSQgghhIgQyZYQQgghRIRItoQQQgghIkSyJYQQQggRIZItIYQQQogIkWwJIYQQQkSIZEsIIYQQIkIkW0IIIYQQESLZEkIIIYSIEMmWEEIIIUSESLaEEEIIISJEsiWEEEIIESGSLSGEEEKICJFsCSGEEEJEiGRLCCGEECJCJFtCCCGEEBEi2RJCCCGEiBDJlhBCCCFEhEi2hBBCCCEiRLIlhBBCCBEhki0hhBBCiAiRbAkhhBBCRIhkSwghhBAiQiRbQgghhBARItkSQgghUpT//ve/9q9//cv++c9/+tcMkf1ItoQQQogUJIjWW2+9Zbt377bPPvvMvvrqK79OZC+SLSGEECLFCFGsL774wpYsWWKzZs2yN9980/bu3WtHjx61f/zjH37b3//+97gRr3BdvNtExpFsCSGEECnEf/7zH49eIVREtdatW2fbt2+3d955xzZv3mwHDx706xcvXmybNm1y6fr3v/+dJlVc8n0YPBfPKenKPJItIYQQIkVAiJCnjz76yNOGRLPee+89+/rrrz2FeOzYMR87d+60UaNG2UsvveSRLoQqyFSIen366af+PJ988klazZfIHJItIYQQIklAeELkCgFKH3EiErVnzx5bunSpR7JCqjB9pOrjjz/2Oq4DBw7Yl19+6dfzPIwPP/zQZWzZsmU2ZswYW7Vqld9HspV5JFtCCCFEkoDwEGlav369pwdJB37wwQdpMoR8vfvuu542JILF94EgU+FrbguyFns9z09EbMGCBda7d2+v+fr8889PeC6RMSRbQgghRJJAim/RokVWsWJFa9++vY0fP94mT55s+/fv9+gUIEVEvbhvRgUJ2Qr1XqQRETeiYETHJFuZR7IlhBBC5CCxUSZEB7FBdkLaj+tD5Imo04gRI6xOnToecdq4caNt2LDB666CDHHf8NjwuDOFui6iZaQS078HkXkkW0IIIUQOEhtNQnJWrFhhK1eudOmhyD3UXAHRprlz53orh1C4Hq94PaOSBTyG1CMSh8ClX6UoMo9kSwghhMhBkBmkBtnaunWrtWzZ0sqUKWN9+vRx6UG4QmQJsXr//fe9TouvsxLeA5GtQ4cO2eHDh70OjNcIkTZJV+aRbAkhhBA5CBKDTCE7rCDs16+fPfDAA1a4cGGbOHGiR7tCZAu4LyOr5Sf2fRBpCylN6rYQMERMZA7JlhBCCJEAIDukBmfMmGE9e/a0YcOGeTqR62JlK7vg/dCfi+J7VjcSYctqwcstSLaEEEKIiEFS0o8AIkVrBRqIrl692jp16uR9skgVUjdFKi+kEbMbus3TaZ5LUokic0i2hBBCiAhBphAmZIXLkKILwkVrBdo5DBo0yGu18ubN60XwpO3Si1l2s23bNu8y//bbb+dIdC1VkGwJIYQQEYEohdon0oEUwO/YscNXFYZoFdcTPerbt681aNDA2rVrZ1u2bEmIonSEj7YSpBNzKrqWCki2hBBCiIhAtOjGjjyRImzSpIk9++yztnfv3lNGipCsKIrgMworH9944w1PcSqylXkkW0IIIURE0D7hhRdesHr16nnB+7x58zy6FdvOIZFhj8QpU6bYrl27XBxF5pBsCSGEEBFBjRZ7GD7zzDNWqlQpmz17thfDEyVKBtkijbhp0yYfFOuLzCHZEkIIISKCNCAF8K+//rq3c6AQHmlJhBThmUA0iwJ59mBkdaTIHJItIYQQIiKQFVJxtHKgbosGpRTLMyg6J/KVyNJF8X7nzp2tdevW3thURfKZQ7IlhBBCRAQrChcsWGAdO3b06BARLlJyy5cvt9dee803kkZoEkW4eB+xAzns37+/DR482N577z1PKyKKSFeyROcSAcmWEEIIEREIyZ49e7ytQ5UqVaxRo0be2qFq1apWsGBBa9y4sQsXEa6cBnEiEkdRf9gXEbli5SQrKqk127dvn2+Qze20ryA6J+E6PZItIYQQIiIQEaJbCAqRrDlz5tiLL75oQ4YM8Z5a1apV8zoupCUnQQqJWBHJIvq2fv16XzEZCvnD7aREES96b23evNk7yyeCKCY6ki0hhBAiIpAthCVIC5cherRs2TLr1auX73+Y07KFMJEmpLlq+/btberUqV7Yz/sNxIoXt9HGAnk8cuSIolunQbIlhBBCRAQSEgaSgmixGpFGoYgWKxTpKM/1OQkiRQNTJIv6LNKFsaIVCz8LcsgG1TRqpeGpZOvUSLaEEEKIsyRErYgQISKk3IheEfVhX8F33nnHZYboEREtarVq1KjhfbeOHTvmj89JeO8HDhywoUOHehNT3lM8geI67ktqlJ+Tmq6cFsVkQLIlhBBCnAWIx+HDh721Aw1MafNA0Tt1T5MnT/boVZcuXax3794+atWqZfny5bNu3bp5BCkn90AMkkhakBQi3e4p6I9Xh8X9qNXavXu3yyMyyXXi9Ei2hBBCiLOANBoRoWbNmvlKw5YtW9qYMWO8pmn48OHePZ7Vh2HUr1/fC+QRMlb0ERnKKdlClnh9om8zZ860FStWeLQq3vshWodIUtM1ceJEfwxSllPvPZmQbAkhhBBnAZ3V+/Xr5xtM00uLNBwr+li1R2qO+iz6apE+XLJkiUsWKUXScIgOwpOTkS3eAxGr7du3e8TqZPJHBI6fAdkaNGiQR7hCGpHnkXSdHMmWEEIIcRYgTWzUvHDhQi8Yf/fdd71tAlGfIDN8jawwgszEjpwgvDb9syjSRw5PldLkZ6GWC8miBQTpRkQS2Qw/q4iPZEsIIYTIJEFYkJABAwZ4CnHr1q05WoeVEUgNEnWjroxoXLxaLQg/C5dE4hBMfs6xY8fahg0bPMKl+q2TI9kSQgghzgIEhEjPI488YjfccIONGzfOC86TQbYo7Cct2KdPH/86/XvmeyJWsalOLvmeejN+blKlkq1TI9kSQgghzgJkhChP8eLF7YEHHkjbRzDR02pIE7Vaa9eu9Vqt9LLE7UTokKr0Kw+5jUG6lPozydapkWwJIYQQmQShokkptVotWrTwCBFb2CApySBb1I/xXuO9X1KMpAhZpcjPFE+meDwixn35WsRHsiWEEEJkEEQFOSFdyJ6HNCgtVqyYr0YkWoR4JIJs8R6QJN4Pl4zwvsLPEK7n+3A93yNYrLLs37+/HTp0KO7Pw8/PKsZQJC/iI9kSQgghMgjigVywIq9JkyZWqFAhmzFjhveeCi0dYkUmvahwHY9nxIpOVsFz8j5YaUgfMN4n3eyJYKV/Pb6O/Z73ymOpxXr11Vdt27ZtniZM/zPwGISMtCn9t4huifhItoQQQogMgnggVG+99ZbvcVinTh1bsGCByxaRrbBND20SaAvB14gPQsIl+wpSK7Vp0yaXGq6LJ1xBhGJHPGJv570hWDw/UTckcOTIkd7eAblLL02B8HhqtKhBC/3AQoow9nHcj/dM1/nq1av7ayByIj6SLSGEECKDBDFBMIj8sNdhqVKlrEOHDi42tIHg66ZNm/ro2LGjCwlNQbns3Lmzd5Zv3ry535fnoPYLqQkEoUN2PvnkE5cgXo/XTQ/3JWLF7TwP2wBNmjTJtwmii/0rr7zi/b+4X7zHc12Itm3evNm6du3qESt6b8WLhBH5oscWnfPZdgixk2ydHMmWEEIIcRYgQd27d7errrrKx913322PPvqolSxZ0lOMbdq0sTJlyvh+iIwnnnjCa7xGjRplI0aM8EskjL0UiYoFsUGMEJiwefWqVav89tgIEwRRQsyIaFGszz6NRNR4TqJovEfuczLCc/B6tHNgOx5SiETowm1BuhhEtYjkPffcc15ET9Qs3nsT/0OyJYQQQpwFRIPWrFnjUsUm023btnVZ4Tp6VyFLpNu4nZQbl3xPChJJQW7Yk3D06NG2d+9eF5YweG7aMlATxfNRkM71iBWrAEPLBQbXE4liK505c+Z4NIwIFAOJCvdBluLB7Twv9+exPD/fc39qsyiE5zqeg2gbKUaiZR9++KGnHNkLMsjiyV4jtyLZEkIIIc4SpAhBQTaIIiEsyEsg3E6kCGGi4/zKlSs9vYgcITLIF9fHyhHSEgQo1E4xeC4iSqT8eD7uz2vw2nSEp+aK6BOPQ4aoDUPq6IsVBCoe6a9HrHhOUoqsSkSweB1ej8Fz8T1p0CpVqnhEjfcd+7MLyZYQQgiRbQR5QrqooypRooTlyZPHW0YgQ6TuiHIhU4hOLEgNjwv7MBIJmz17thfhEyGjCJ8WDS+88IKnD6nd4v5Tp0610qVLe30YkTOe50wiT9wHOSNi1bp1a08bEtni8QgeUTQGUa9p06ZZkSJFvI4ryNaZvEZuQbIlhBBCZBMIEFGmJUuWuAQRDXrwwQetR48eNmHCBKtYsaIPolOkCIOwIF7UY7300kvWrFkzK1++vNeD8RzIFQXtNB9dtGiR71dIZIvHs99h7dq17f7773fhQuhOJkK8Brchg0StECpEq1GjRjZ58mQXQB4XIlk0cOU9UOjPz8HXyBfPI9E6EcmWEEIIkQ0gIESeWrVqZQULFvQCegrle/fu7VEuxIZ0XdGiRb3uK3YlIAJEOpBIFvdn42iK00lFMhAuImJEvSiIJx1Jo9G5c+e6KA0bNsxXDfIc8WSI63gNUpXUiBGhoiCfpqa8J6JX3M7jeE+0q2AVJZKFzLEqkVQokia+iWRLCCGEyAYQFQSIlYusSiQSRKTqxRdf9OsQKUSJdg2FCxf2tB3yE2QLgSJlSCqQ5yHFF2q5qM8iasbXRJ6QOorwKVxHsFjNOGTIEH+OeLIVJIrnYzUjKyRJafI1tWS8FrVbQbh4Ha4Pqx6pVeM2ER/JlhBCCJFNIEJ0c58+fbqnEpEipIo0IJEtIkZ9+/a1hx56yCNXCBQgMkS6EChSgUhRiHoFUeI+RJaQK+6HvLEaEjEi6kW/rZPJVoDnQPhIY/J6YUUi75n3Sw0Yj48d4T2c7DmFZEsIIYTINpAihIj6JyJF1FUhR0SgqLkiotSwYUNPz9H9HTlCuIgcEdVCgogmhZWLiFCsbPFcRKRo/YC4hRWDPObll1/2CFUQJK5HpkL0DML1XMdliHax6pEoHHKIMPIc4syRbAkhhBDZBJKCwITL8DV1V+XKlbNq1ap5GpGarHHjxtnzzz/vPbuoj+L6Z5991tq3b+/d6Uk/UjQfRAtxo7aKCBlyFXpicTv3I8oVRIn7s3qRaBUtJBC6eJEpHktUC9HifRAxC72+xJkj2RJCCCGyCYSGgcQgOESn6F2FTF1zzTWWN29eb4xKx3mK6KntYpPrypUr+/6LbAlUtmxZX5FImpFoF/VbpBbnz59v69at80ajRLCIThHZQrBChCu8fkhnTpkyxeWMyBnvKT1IFYXyrJDkPVFoz+tJtjKGZEsIIYTIRpAd0ogUrbOPIo1NkazHHnvMI1b03KINBJcM6rsoVGe1H/2ziEQhQDRDpdaLFgxEvOhMT/8tUon03SLlSK0WES1SgQgWAkbEi0GhPfsn0iqCNCaRsViCmBEtQ7ToCUYrCSRRspUxJFtCCCFENoLAkNYjqlSpUiW75ZZbfE9F0oREm5AZZIjoFIPvqe+iJQN1WPS4QsCIgD355JMe/aKtAwJGATtyRTE8EkczUmq1KHZnux++pjcXwkZNGLVh99xzj/fK4nFIFBGuMBA0NrWmTQX34zmIkkm2MoZkSwghhMhmSOkRgUKQECOalJIipN8WaUCiWES+qJGi4J1u8fTnonievlZ8jTjNmjXLevXq5YX1iBqRK0SOWiyiWjNmzPC2EkgXr0E6sG7dut6Xi9cissb3yBZCxuOpyeI5SG+uXbvWJZAu99ST8RohHSnOHMmWEEIIkQMQHSJyhNwgS7fffrv33qL1A81Oqc1CkJ5++mmPXtEBvl69ep4uRLKos6Lmi8alCBPNRyl6JxpGupHieiTqtttus4svvtgeffRRTzlSeD9ixAiXNGq8aBHB16FBKilMUpRIVs2aNa1x48aeauQ5Q9G9ZCtjSLaEEEKIHCDURJGWI9JEzda9997rPbYQLbbwoSCdSxqSLl261BuI0n4BoaLGilWHCNTdd9/texNSp0VEik2jSfv98Y9/tPPOO89uuOEGTzmG7YCov0KwqMcinVm8eHEvwq9QoYLLHV3s2UaI9CEF9AghYhjes8gYki0hhBAiB6E2KhSrU+geokzvvfeeR65Y/UctFnJFCi9ElhAuBIwIVIECBTxyRQSKeiwiY0jW97//ffvDH/7g8sa49NJLfRCx4jUo1EfQeF1SlC1btrQxY8Z4WwmiX/T+4n0gWqrTyjySLZFrYKKgHoFiU84kwxka1zPZRTmRhNdiCCFELMwLSBRzE3VcpAeZq2IL1cMcxQjzCNcRcSI6RX0X+xhSFE9bCIruf/zjH9v3vvc9+8UvfmFXXnml/e1vf7Nf/vKXHuWibxZb/CBRpAaJhhExowg/NFtF5riN98Zraf7KPJItkStggmISoasyS6k5G6S2gYmKCScsi45qMglCxxBCiHjEzj/pvz7V3MRtzF8U1hONuuuuu+wnP/mJfec73/HI1g9/+MO08YMf/MDuuOMOL54PAhWe+3SvITKPZEukFGHiSD8QKhoAMslcdtll9vjjj/uu+tRDUCtBTxrOJKOC9xDOSoUQIqthbiECxYkk6USiWj/60Y/soosusnPPPde/J8LFdcyDpBAVrco+JFsiJWCiIdzNmR3LlwmrExKnbwxheXrTsCqHyea73/2un/X95je/8eLR66+/3lf3UBMhhBDJSIieE7HiZPJXv/qV/fnPf7bq1aunpRSZ94huPfDAA97SQS0csg/JlkgJSAPSr6Zdu3Y+udAPhku2t+jUqZP3mWGFDyF0ZOtnP/uZTzyE2JmEWAH0xhtvaOIRQiQdzFuhTGHBggW+ivDXv/613XjjjdaiRQtv/YBkffvb3/bLJ554wjZt2pRWbC+iR7IlkhomGYrdqb+iMSBRKuSJCYVwOVL1+9//3i644AKXKyYbLv/0pz95aB3ZYlx99dW+6oaVOaQcKQxlIHFMRpIwIUSiwvzEPMWg8B25Yp77y1/+4l9TOvG73/3OTzQ54aRBKSsWtcIw+5BsiaSFCQYxYtKgmR99YkgLMqGwAofJhjA6Ew1fUyz6rW99y+WKdGI40+P+559/vveeGTp0qHdUZrCEmo1dSUuyMoezRiGESDRCZAtxohaLflrnnHOOb2x90003+epDvmbO42SUPlps+SPZyj4kWyJpYaIg9cf+YJdffrkvaWYyQbQYhNHz58/vEkWfGaQK2WIgWeFrJIzHUeOArBH1YtCLhtQjPWzYOoMCek1MQohEI8gWaUFWXVM+wfxFbRbNTpnXmN+YAyVbOYNkSyQtyA/7f1GfECSLyQR5YhDNYtUNxaI09wuRrfSD60M0DAkLg+uZmHgOViyGbSqEECKRCLLFYDEQm0vffPPNvrUPJ5ucPIb5jXmR5qZ0oleBfPYh2RJJC+LDxMJeYqwsRJhiI1Z8jSwR4WJQwxUrWelH7GPD99Q3sF8ZG75Sv6WJSQiRiDA3Mdi/sFChQmmReaJb1K2Gsomf//zn3j2euVMnj9mHZEskNXRcnj59utckcOYWK0sMrqNItHDhwn4f5Cn9fU41mKDuv/9+W7hwoRfia3ISQiQiQbboJM9+hogWA/Gi79aFF17o8xmyxVY++/fv18ljNiLZEkkNYXA2YmXzVGoS0ssSxfDXXXedtW/fPu0+nN2lj2KlH9weUpFsDkujwLDFjxBCJBJBtBisqi5TpowNHDjQ5s6d6y1xiMzXr1/frr32Wp8DQ2RL81n2IdkSSQ2RJto1TJ482Zc4p5cohInJ5dZbb/XbWYVItOtk9VthcDtRMFpGMElR30AxqSYnIUSiwbzEXMgcNWTIEMuXL5+98sorHvlnxfa+ffu8iWnTpk19hTZzGo2fNZ9lH5ItkdQwwRDd2rlzpxd9hgL5EL0Khe9hhL5aQbjCfePJFmL28MMPe3E8G7PyWpqchBCJRpAt9nrt0KGDFShQwJubEo1nYQ8ni7t37/a9YUkrdu7c2T744APNZ9mIZEskNeFsbuvWrVaiRAmXKCJSCBWixeB7RpAt6haCdDEQq/Syxf2vuuoqn5Tos8UqH01MQohEhLmJwdZkrVq1slKlStny5ctdtohsTZo0yfr06WOLFy/23TXYaYMWEZrTsg/JlkhqkC1C5USf6CdDESg9t+grQyEoHeT5msGKRVbokE6kWP63v/2ti1d62SLSRUNAJiwaBLIKUQghEpUgWwhU48aNfTueefPm+dxFZIsGzWxfNn78eG+FU7duXT+JlGxlH5ItkdQgW2yrM2XKFKtUqZLvg0gXeM7cnnrqKd8brFixYtagQQMrV66cNWrUyLvNN2/e3G+jNUSIgCFetIdA0ti+p1u3bj558RpCCJGoxMoWrXDuuusur2MlqkXkf82aNT4nTpgwwbfqqV27tgrksxnJlkhqmCxobspZ2ubNm70OgQnm/fff94anLVu29AgVoXUmGOq6kDKWRFP8jlyx4vDiiy+2e+65xyciVi2SPiSqxXMphSiESHTCieewYcN8fuOkkxoualqZG5nTELCCBQt69Ovw4cOa17IRyZZIaphgmEyoTWCELsp8zVkeK3NuueUWu+iii3zLHrb0IXKFZFGvRW0WKUa2t2ADV1o87Nixw9577z0Pv/Pcki0hRCLD/MQ8xXzFSSInlOzveuzYMY9srVixwuc4ViNSRsHJ57vvvqt5LRuRbIlsJasPbp4P4YodTDqc0VGzQHM/ROvcc891wYpdhchAuJAttrVgQuJxQdp47jCEECJRYY5izmLQ5uGZZ55x2Tp69KhH/mfMmOHtIGjQzHxIWcWhQ4c0t2Ujki2RbQQRivoAD6sTOYtjcildurQXh/7tb3/zuizqs0K7B+SLrXxofFq5cmWbNWuWr+ihsDRWuoQQIlEJssUcy9zHfNevXz+fy4jQ9+3b12tXKaO48sorJVs5gGRLZAthMiDMHfUB/tVXX9lrr73m8kRRKM38SA22bt3azj//fBesUBRPxIsO8VWrVrUnn3zS+9MMHz7c673ovMzO+EeOHHGBYyLT5CSESDTC/Mpg3iKi3717d69hZT6knKJ48eKeXrzmmmt8ux4iYMxpInuQbIlsgckgjKhhcnn11Ve9CJQ6LFpDIHmkCR988EGv0yLCxaAVBGd9yBihdiajokWL+sTEJZPS1KlT/QyR59DkJIRINGJla/v27d7agb5aLBQiQv/66697tIttfIjw0/6BDau5f3bMyUKyJVKQsNSZ9g70laH7OxMKQkXjUwSLnfBJHRJSZ5UOMsVKHpZDr1692vcSo+Zh1KhR3giQ6FZ2ROWEECKjBNlijqLulLmra9eu3jWeNCINThEtWtr87ne/8xXaSBlzpea07EGyJVIOJhzqFrp06eKdk4Ns7d2712rVquXRK3bGnz59un9NBAzJCmeGDCYh6rYYFJjyvc4ChRCJSqiJJbLPSSYnlvPnz/eTTOY4OsezATXNnymvePvtt9PKI0T0SLZEysEEsnHjRi8QpXaLyQeoX6COoWHDht6Xiw2s2SG/R48etn///jSZilebJckSQiQDnBzSvJRSiNmzZ9u4ceM8bfjiiy96nRZ7J7Zp08a/VmQr+5BsiZSDGoUtW7a4SBFGJ9IFyBXd48uXL29vvPGGR7yQMVKFNPgLZ4ZMVuExQgiRTDB/TZw40Zs4E8Enwk/bB+q2SDGOGDHCGzfTj4u5UpGt7EGyJVIOhAmxIpIVu68hcjVo0CDf9T5MPBTScxaIlFGXRcSL1YtvvfWWzviEEEkHcx5pRArikS1WV3OCybxG/Rb9BytWrGivvPKKR/01z2UPki2RkjCBpJ9E2HpnzJgxviyaiBZhdLa2oI6BPRWJerVt29bq169vixYtcmkTQohkAoFCsGjUTDkFC3xog8OJJR3lWZXN/omssmZRkGQre5BsiYQmVprC1+kHUkTaj/oDwuJMNkwiDELqoRaL6ymKp7kftVssjWYvRLbx+dOf/mSXXXaZXX755R75YtseyZYQItkggk/qkC7ye/bscdniBJM2OJs2bbL27dt7c9O5c+cqspWNSLZEQhPqqIJEcRnEipA4exiy2oYQOcubiUgRHic1+Nxzz/n3rDTkvoTXmWCoX2Dpc5EiRXzrCrbxYZx33nneh4uaBlpBCCFEskF5BG1vSBUS2aJAns2nSR/OmTPHmzg//PDDvlKROVGylT1ItkRCg2ghWdRULViwwHtgbdiwwftosbqGszTEib5Zd9xxh91www12xRVX2IUXXugideedd/rWFKQNqeEidM79kTEK6Gn9cPPNN9s999zjG7UyAVHvFW9FohBCJDpEtiiHyJ8/v59sMqfR9gHRGjp0qEf2n376aRs7dqynFVUgnz1ItkRCw0RAVGrhwoU+YbCdzhNPPGEPPfSQN+j75S9/6R3hwxY8bC7Nvodc8j3Xc5/ChQv7xNOyZUufhIiCBYljEuL70CUeyZJsCSGSEeZL2tkQwWKvV1KHdJQfPXq0z6GkFOnBxYkmq7a18jp7kGyJhCaIDyJEzQHRp/vuu88uuOCCtE2lYweSFUaQLsa1117r4fRy5cr5Hogsez7ZGZ0kSwiRrBDZoo8WskVUixXWL7zwghfIs0IR0eLkk/YPtMBRbWr2INkSSQECRL0WXY9JJ7Zo0cJuu+02+8tf/mIXX3yxDwTsZz/7mUvWt771LR98jYSxHxgrdNiyghA6k4ykSgiRarAwiMal7O1KixsiXUePHvUI14ABA/yElYVBrMCm5lVpxOxBsiWSBiYFBisMSf89//zz1r9/f+8Uz2bSrVu39gL3X/ziFx7Nio14XXLJJS5oTDJEt3bu3CnZEkKkHBS9s8iHdCEnpsgW0S1qXNl8mnQiUa/evXt7b0HJVvYg2RJJCaHvL774wlfeMCj0ZMsdCkBJM7LZ6s9//nOPdJ1zzjlpxfJsQl21alW/r2RLCJFqhKam1GmxoIjaVGSLutePPvrIlixZYqVLl/aTVCJb2rIne5BsiZSBSQOJYpUNW1XQL+upp57y7sn0lbnqqqvs97//vTVr1szef/99TTBCiJSDSBY7ZbD5NOUSyBcnppyQUopB7y2aOSNkRL4QMdVtRY9kS6QUCBdnb6QJV61a5dtVMOHwNZ3ir7zySk850k1eCCFSDcSK1Yisug5d4kMJBieYyNjevXv9pLRVq1a+WEgrEqNHsiVSDiYUJpbQ/DQ0QKXG69FHH/WVOVwnhBCpBmlDth6jbKJr165elxUbxefrsAn/5MmTtQ9sNiHZEilNEC8mIHbCp6EfZ3IKmwshUhHShkOGDPHIFjJFpCs9oeaVoQL57EGyJVIaZIuJhdQiS51ZobNt2zZNMEKIlISoPWUT7JJx8OBBzXUJgmRLpDRMNMjWO++8493j2bqHBqlcH0LnIfoVBt+HEfu9EEIkOsxVRLdIFdImR3NXYiDZEikNssQKHPrLsCci0a1QMBpquWj4d/jwYV+Vw5kgeyhyHYLG9++++66H25E2TVxCiESHeSr25FHkPJItkdIw2XCWx1Y/NPIbNWqU9+WiaJQl0GxhQQNANm5t0qSJ75bfp08fXxrduXNn/7579+6+ryICxvMJIUSig2RJtBIHyZZIaZAjolcsgb7//vtdoGbOnOkyhUjRh4t9E9nqh0ao9OG67LLLvEXEhRdeaOeff75/zz5iS5cu9ahY2KxaCCGEOBMkWyKlQbY++eQTj17ddNNNli9fPt8zLG/evD7Y3ueGG26wP//5z/bHP/7Ru83/+Mc/tu9///tpm1n/4Ac/8NvpPD9p0iTbvn27r26UcAkhhDgTJFsipUG2qMdq2LChR7FIESJe48aNszlz5vgWFjNmzPBtfritUqVKdsUVV9iPfvQjFy3G9773PRcwIl/XXXed75zPNhgUnwohhBCnQ7IlUhpki6Z9NPcbOXKkF7+TCqTgnVouBlEqOsoTAaOOiw7zt9xyi/30pz9N28ga4SLaxQhb/qgZoBBCiDNBsiVSGmSIGitEKqxCPBWsOKR4ftq0aVaiRAm7+uqrPaKFeCFapBT5ukCBArZu3Tq/vxBCCHEqJFsipQmyxTidaIX7IlBEvA4dOmTz5s3z3fFr1apljz/+uBfZk2akjQR7Lkq2hBBCnA7JlkhpECgkCyk6E9kK92XwPdCPi55bRLJYkYh89e/fX2lEIYQQZ4RkS6Q8CNGZStHp7kfk6/333/faLlpKCCGEEKdDsiXEGYKIIVtEuhini5QJIYQQINkSIgMgWAylD4UQQpwpki0hhBBCiAiRbAkhhBBCRIhkSwghhBAiQiRbQgghhBARItkSQgghhIgQyZYQQgghRIRItoQQQgghIkSyJYQQQggRIZItIYQQQogIkWwJIYQQQkSIZEsIIYQQIkIkW0IIIYQQESLZEkIIIYSIEMmWEEIIIUSESLaEEEIIISJEsiWEEEIIESGSLSGEEEKICJFsCSGEEEJEiGRLCCGEECJCJFtCCCGEEBEi2RJCCCGEiBDJlhBCCCFEhEi2hBBCCCEiRLIlhBBCCBEhki0hhBBCiAiRbAkhhBBCRIhkSwghhBAiQiRbQgghhBARItkSQgghhIgQyZYQQgghRIRItoQQQgghIkSyJYQQQggRIZItIYQQQogIkWwJIYQQQkSIZEsIIYQQIkIkW0IIIYQQESLZEkIIIYSIEMmWEEIIIUSESLaEEEIIISJEsiWEEEIIESGSLSGEEEKICJFsCSGEEEJEiGRLCCGEECJCJFtCCCGEEBEi2RJCCCGEiBDJlhBCCCFEhEi2hBBCCCEiRLIlhBBCCBEhki0hhBBCiAiRbAkhhBBCRIhkSwghhBAiQiRbQgghhBARItkSQgghhIgQyZYQQgghRIRItoQQQgghIkSyJYQQQggRIZItIYQQQogIkWwJIYQQQkSIZEsIIYQQIkIkW0IIIYQQESLZEkIIIYSIEMmWEEIIIUSESLaEEEIIISJEsiWEEEIIESGSLSGEEEKICJFsCSGEEEJEiGRLCCGEECJCJFtCCCGEEBEi2RJCCCGEiBDJlhBCCCFEhEi2hBBCCCEiRLIlhBBCCBEhki0hhBBCiAiRbAkhhBBCRIhkSwghhBAiQiRbQgghhBARItkSQgghhIgQyZYQQgghRIRItoQQQgghIkSyJYQQQggRIZItIYQQQogIkWwJIYQQQkSIZEsIIYQQIkIkW0IIIYQQESLZEkIIIYSIEMmWEEIIIUSESLaEEEIIISJEsiWEEEIIESGSLSGEEEKICJFsCSGEEEJEiGRLCCGEECJCJFtCCCGEEBEi2RJCCCGEiBDJlhBCCCFEhEi2hBBCCCEiRLIlhBBCCBEhki0hhBBCiAiRbAkhhBBCRIhkSwghhBAiQiRbQgghhBARItkSQgghhIgQyZYQQgghRIRItoQQQgghIkSyJYQQQggRIZItIYQQQogIkWwJIYQQQkSIZEsIIYQQIkIkW0IIIYQQESLZEkIIIYSIEMmWEEIIIUSESLaEEEIIISJEsiWEEEIIESGSLSGEEEKICJFsCSGEEEJEiGRLCCGEECJCJFtCCCGEEBEi2RJCCCGEiBDJlhBCCCFEhEi2hBBCCCEiRLIlhBBCCBEhki0hhBBCiAiRbAkhhBBCRIhkSwghhBAiQiRbQgghhBARItkSQgghhIgQyZYQQgghRIRItoQQQgghIkSyJYQQQggRIZItIYQQQogIkWwJIYQQQkSIZEsIIUSu4b///a8PIbITyZYQQohcA6L1n//85/h3QmQPki0hhBC5BkSLoeiWyE4kW0IIIXINki2RE0i2hBBC5BpUsyVyAsmWEEIIIUSESLaEEEIIISJEsiWEEEIIESGSLSGEEEKICJFsCSGEEEJEiGRLCCGEECJCJFtCCCGEEBEi2RJCCCGEiBDJlhBCCCFEhEi2hBBCCCEiRLIlhBBCCBEhki0hhBBCiAiRbAkhkorYTYT/8Y9/2BdffGFffvml/f3vf/fvGf/85z/tP//5z/F7CSFEziLZEkIkDYjWv//9b5epd99912bMmGFdu3a1Hj162NixY23atGk+5s6dawcOHPD7CiFETiPZEkIkDUSrEK23337b+vbta3fffbfly5fPHnvsMbvpppvshhtusOuuu84efvhhGz9+vH311VfHHymEEDmHZEsIkTQgW6QJFy5caPfcc4/9+c9/tk6dOtmzzz5rjzzyiF1zzTV23nnn2eWXX25Dhgzx9GKAqBiPJ9rF4PvYwW3xBvc92XXpHx97fXjNcFvs9em/F0KkNpItIUTSgKB8+umnNmLECLvgggvsL3/5iw0ePNgWLFhgzz33nLVs2dJuvPFGu+OOOzydSB0XIEGff/65vfPOO7Z//347dOiQffzxxy5u3Pb111/b0aNH7f3337e33nrLjhw5Yp999lna/cNjPvjgA4+qvfnmm/bhhx/68//rX//y98TjuJ778VyhdozX4Tpu4/GffPKJp0APHjzo9+PxQojURrIlhEgaEJM9e/bYM888Y+eee6795je/sfLly9vzzz9vmzdvtokTJ9p9993n4+WXX3bhIXqE1CxfvtzGjBljffr08RTkiy++6MKDML333ns2f/58Gzp0qN/+2muv+etMmTLF2rVr5xI3aNAge/XVV702rGfPnn4fRIrnXrRokQ0fPtxGjx7tl1OnTvXHI2y8Lx7L8wwbNsyfk9fv0KGDvfTSSy52QojURrIlhEgaiBTt2LHDmjRpYr/97W/tl7/8pRUqVMgFaPv27S5d9957r9dyUTyPSJFKJPLVvHlza9GihXXu3NmqVatmJUqUsFGjRrloEcEiQkbtF49Hunbv3u1yhLhdeeWV/hies23btlaxYkWXNURp1apV1qBBA6tbt66/D25/+umn/bFEu9asWWOVK1f257jrrrv8dUl5Ul9Wr149fx0hRGoj2RJCJA2k/I4dO2YjR470ei0iW7169fIUHRGm2bNn26OPPupSQxqRAnnkrGHDhpY/f36Xq02bNvnjkSiK6+fMmeMRKurAChQoYH/729+sS5cudvjwYb/u8ccftz/+8Y8uRosXL/aoFqsfd+3a5WnBgQMH2gMPPGBNmza1pUuXetTq5ptvdqlCxLZt22Y1a9a03//+93brrbem1ZiVLFnSV1LyOiK5UK2dyCiSLSFE0kDNFvVVpOkuueQSFxiiWUS8uJ4I1hNPPOHF89OnT7ePPvrIU4dIDrLF7dRMLVu2zJ588kmv+0KSiEAx2rRp4xGosmXLuljNnDnTBYzXKVq0qEsaosT1PA8iV6NGDbv00kvtqaeestatW3vU66qrrrIHH3zQo19E3Ih8IYfFixe39evXezRtw4YNHtUKdWUieZBsiYwi2RJCJA3IFnKCxCA0Qbao5UK2qKNCtohsIVsUtpNyvPjiiz3StHr1ao92ITqIz69+9Su/RIior6Ke6s477/TnLlWqlNdqkXok5XfhhRd61Ix6MaJjvB4pQh5P5CtPnjzWvn1769atm0esEDOel8gV9VlIHPVlRMT4sI4dQojURrIlhEgaYiNbRJNOJlv333+/F5+zcpC03RVXXGHFihWzlStX+v1I7RG9ou6rUqVKtnfvXpc4rq9Tp45HvHgM9V1EuJAk6sNIMVLsTsSMlCbiVLt2bbvsssv8kmJ40pykNBmIHfVg6WULJFlC5B4kW0KIpAHZouB90qRJ3vYB2QrNS9m2h/oritxp/cB9KGAnwkXRO/VZdJZHlBAo0or05WL1IfdD2KjdooUE9yfNSNqRtg3IEmnLwoUL+6pGVjkC7R+o4ULC8ubN65ExhI2IF/VbrHZE5Iiu8XiiZQgZP4cQIvcg2RJCJA1Ek4hWde/e3VODyBZpvo0bN3rEaMCAAXbbbbd5U1NWH3Id8kPqj1WLFK8jXB07dvQC+SpVqnhqkagWz03tFylGCuoRLArvEbAJEya4fFE4T6QqyBJRMtpBkKK85ZZbrEiRIl6fVb9+fX+trVu3epF81apV/T1RbI+QIXeKbAmRe5BsCSGSBiJKb7zxhheiky6khoqWDES35s2b58XrFLQT3eJ6VhOS1iN9yApCbqemipWFDHpxhagW8oNE0XCU64lM0ayUSBoyRyNVCuuJoAVRQtCQL2rIkL4yZcp4epKvWRlJ0T2vjdzxfqpXr279+vXzWjIeK4TIHUi2hBBJA1JEwTlNRBEiJIdBam/Lli1+PbVa9MPielYLImh0j9+5c6enD2leipitXbvWU4pEs0KkCokiykV6kIgWtzGQLiJqrEBEkoJs8TieH6EjisbzE+kiVYjEkd5k5SHRNYRtxYoVHknjNqUShcg9SLaEEEkDkhPkKQxEiEvEhktWFTK4nut4THgcUSlu435IFcITxCnA9+H62BF7XSzhOiSMtCKvGQQuXI8kch2vye18L4TIPUi2hBBJR6zwBNlJT7zr4GTXxxKeEykKIhf7uDN5DiGECEi2hBAiBiJSRKMQLFYVUnRPUTvpwCBhkq1o4fcbL+ooRLIi2RJCiBgQLVKN1F7RFf6cc87xNhOsUKSZKQXziICIhiBaIf0q4RKpgGRLCJHw8IEbRjzCB/TJRmzdFLVbXMZ+H0YojmclIZtJn3feefa9733PfvjDH9r555/vjVEpwKewnsfHe6307/Nk7zv2/uL/4PfB74W/mX4/IlWQbAkhEh4+dIMc8SHMQI5I9TEohkeAECU2h2bFIqsDWYHIYDUgqwBZLUiX+SVLlvgehawOJILF6kT6b73yyiu+sTTtI373u9+5aH3729/28d3vftfli9vou0ULivD8rHpkax4uaWTKe+D9sOqQFYwU5vN+w3vnZ+F7fh5+NnEiQVAlWiJVkGwJIbKVU32Ahg9YBAQRYXUfooK00LNqz549Lk60VqDn1axZs1yQqKkaPHiw9e7d2zu6t23b1urWresNRtloulGjRlazZk3fJJo+WDQZpas7qUG+JmL10EMPpe2L+Otf/9qjWQgWovWtb33LvvOd79j3v/99+81vfuMbXdNTq3LlylarVi1r3LixPxdb/bCfIj29evXq5Y1NETPeJ+0peN80OkXKDhw44D262NaH1GQQydNFcyQgQiQfki0hRLaBKAShYIQoD1JFXyuK0BEqaqOIPpGyYx/EYcOG+ebOCBJCg+AgOogSEkUneOQnCBD7HSJWSFa7du18g2geHwSI/Q2HDx9u48aNc0krWbKk/eEPf7Cf/vSn9uMf/9hF60c/+pH94Ac/cOFiIFp8z+2/+MUvvJaLDvaPPPKIvy+61PN+KlSo4JflypWzokWL+nsK75P3zddctmrVyjvh87OxpRANWNetW+cySXQMwQwRsdiU5ZkImRAisZBsCSGyBeSA6A2tFGgCSspv9+7d3oiUfQz79+/vHd6JRiFLbH1TsGBBlxW6ryMoiFazZs1cnogeIUuTJ0+2adOmuZiRDnz99dd9ixyaliIu7E1Ix3ZSi0SSEDrSfCHliNQhQuyHSOf5Bx54wLfyYXueu+++2zelZqsdpIr3w7Y/7Kv44IMP+v2QJl6PdCJb/dAxnvQk+yryvthrkffJz0fEjQ2rEa4aNWr46yJlyF7p0qVd1LiOrYbodD969GiP3PGzENkjJUkULGwvJIRIDiRbQohMg0DFjvQgBMgB9Uv79u1zEUI82L6GLW2QKGqg8uTJ4yv/EA7Sf0gJexOGtgtEfWjDQBoOeWJzaMSJ6A/ixqBui0gQIkI0iMHXCF6IDKV/v9yO8CFqM2fOdPGipgtpI+03duxYf08IFVJI5InBe0Gm6GKPCPH6PBeDKB2Dn5v3xG28T7YBInVIbRf1XogZkkYxPqlGftZOnTq5TBKpY9Prhx9+2Efx4sU9TUkkbOLEif5ekDtkkZ+Zny894WcUQuQ8ki0hRKZAXviQR6gYfLBzGVKCRJKI8JCmI1pFSg1xIFpE9IgoEdEq0nvsbcg2OkgMhe2ICSLB8yAtIZUWXiu8XmxaLVamAuG6k8FtPDevwftGzII0MRAu6rGIUHE77yEMHsd1XIb3EN7TyUbs++c5YuvS+Fnff/99TyGGmjRkj2gf+zhSVxYib9SXEV1jr8U+ffq4HJJ+5Tl437GvweWpfgdCiOiRbAkhMgXygGiQFkSOiNYQISJCg1wRsSI1d/PNN3u6jegMG0iT9kNiKBR/8803PeqD7JxpgXh2wftBYoi+sc8i7ytq+LkZQZSQMKKCiCsRMSJh7PtIBIz0KtJ1//33+yC9SVSMDbOJzhH54rFBBiVcQuQcki0hxDfggzlIT+xAAEJaEFmaM2eODRkyxFNc+fLlszvuuMMF6/HHH7cSJUp44TiF6EuXLvU0ImJF5CVEXEJ0h8tEkawA7wnZInqEbPF+swt+D/w+wu+IyzD4/RHBChEw2llQ8E+UkNQjAkb0C7klKoac0faCujX+bkFsY/++sV8LIbIeyZYQ4hvw4cuHfIhc8SFNvRGRFQq+Sf1RV0Qqi1orCrxJdVFTxMo60oektShCpxs7zxP7gX6ykUjw81MbRVE+9VzZKVsQ7/eTfvCeECdqw4h+0TuM3z9/HwrtWWSABNPuAiEmIkZ9GH8foopIW0iFJqLwCpEqSLaEyIWc7AOV6/nQJX319ttvezE4okGjT/pHsUoQweJDnFV1yBWtGViBR+SEyBVyRvSFD+5kht8DUSMK9nNCtjIKf7sgx9S70cuLhq2kFVnZiAzTFZ+/HX9HVnRSbE/UkftSL4YYs1oTeRNCZB2SLSFyGSEiEqIYXMZGRzZu3Oir7BApUmh8QJOSIpJFWpCmocgHNVqsCOTDPdQF8VypEh1BtlidiKQkg2xB+HvyXnn/RK1oF8Hfib8XKx8RZ3qC8fek1QR/Yxq/spCBFhzcxtesskS+UuXvKUROItkSIpcRZAtBoi0BrQ9oYzBq1ChvyRC6qpN6IhXFdawWpG0DRddEvBCskHZKVfj5KDTnd5DdNVtnA3/fMGK/5+chYknkimJ7UqS04SDliFCGtDArRqn/og8Yvcy4H9ImhMg8ki0hUhg+ZEO0KXxPio80E3U7FFZTk0RbBiJYpAbpuI54UfxOlIueVmHFIB/Y4cM71UGuSCMiIskkW6eCv1sQbcSLvyvRTArtKaR/6IlHrNHQNtbv5eHWqld7l25WPdJnjMUC/P0D4X8rt/w/CHE2SLaESFHCh2EYyBKRKWqs+PCkdof2DHygUr/z/PPPe4E1tVfs18cGzyF6FUZuAimh1xWRvlSRrUAQpPA/ws/20vxX7N4+Ra3Bjt7WYHtv67V2tPV+Zai17tLOu9xTaE+0i472/G+Ex4XVpBIuIU6OZEuIFIUPPz4UaRFAVIJ9AUkN0hYgb968HsWiQJp9CNkKhpqt2JYAuR0Egs71FMjTPyzVZbNKnWpWd3Enq/tWH6tzuLc1PNjP6u/ubaM3TLPuswdb1dFNfb9J/n9o60FnfyKkoYmqEOLkSLaESGJioxNBkrgkikWECpliY2Z6LyFYNOhkI2bki07tQbBCBEv8HwgEK/VII5Jii02hpRoUw1879Amrd6iPy1bsaHCor9Xe39Mq7+ho41ZPt4YzO9r9LQra9ddfb0888YRHSklF8j8X/g/DkLQL8T8kW0IkMXyYIQHU4BBhoOCd+hu2eaHImc2TkSz2IWSFIWlE7sP9w4dhGOJEkC3q2ohs0fUeKU1F+NtXrlHFqs1r8w3RSj9qH+plVfd2scZb+1irhb3tkXoF7a9/+6vd88C9Xv9Ho1tWMPK74ven/ysh/odkS4gkBtHiw40oFisK+/fv7z2UaDRavnx56927t/daoiFp+BBEssTpQRZYgUlki0ahqRrZQs4v6f+gpw7jCVa8gXTVONDduuwaZU0Wd7dbxhWxS++92u4v9IjvKECkjLo/pF7CJYRkS4ikgA+s2PQMH/z0T6J3Esv36Y1EF3f6YbFx8siRIz0qwzL/sD0L8iDROnP4nbEikwUEydJnK6Pwf1S/ZzMrPrthXKk63UDQah3saVX2dLYKi1rajRML29UP3WR5KxbwlhJz5871ekBaR+h/T+RmJFtCJAHIFh/2pArZAodVg6QKSXEhWESxWGFI0TKpnLAHIY+LHeLMQbZmzZrlspWqBfL027ptaGGrvr9bXJk60xErXWUWNrPbhhWy6wvdYQ+UzOM7DyCtRFdZsKH/Q5EbkWwJkaDEChKixf6Ey5cvtz59+njnb1YW0vmbhqNEsfbu3et73YV6LHF2EPVJtT5b6enQoYM1ebFzXIHKzAjSVXVXZyuxpKk9MKC43Vr5IXuw2GPez+2FF17w1bGp+LsU4lRItoRIIJArRIkPo5D6Y8Xg6tWrfZscIlhIVrNmzbyOiIL3IFjcN1bQxNnB75OarUaNGqWkbLFReJGOFazN5sFxxelsBtJFXVetXd2tzOqWVmhgFbuh7oN2+4N3eU0h2wIRVSP6KkRuQLIlRAKBKPGhzocQqcANGzb4PnU0lSRdSB0MvZ/27dvnEhYES2Q9RLb4XRORSUXZYo/Ehs+1s3oHzrwwPjMD8aq/t7eVWtfCHute0i5qcKtdddVVlidPHk+Fv/vuu1q4IVIeyZYQCUIQLQrfiWQhVggWnd6JZFE/xL6EobO7RCta+P0m20bUZwr1U+VHNrAq6561eofjS1JWD08x7ulupd5oZY/2Kmm/r3qdXX311d6hnzQ4qxf5v+Z/GvGSfIlUQrIlRA7DhwsfMqQDWYY/fPhw36uQDYH5IGJ7FPYnDMXFQbAkWtGCXFEjRxox1WTrueees9rDmlu93b3iilHUo8b+7lZyVTN7ZEQZu6jsDXbLLbdYly5dfC9ONdoVqYhkS4gchA8TNgSm9mrMmDFek0W3d/agozP3m2++mbYPneQqe0GuiLikmmyRtqs1tZUVXdM0rghl1yDSVW1fV6uwqrXdP76UXfjE3+yu+++24SNG+PFAy5JUElyRu5FsCZHNIE18iPBhwsos2grQJ6tMmTLWoEEDGz16tLdvQMK4n0QrZyCyQqNYOvGnSs0W/0uzFsyxCsMaWM1tXeNKUHaOtNWLe7tYxddb2x0Tn7bLH7rOnixb0F577TUXQ44TRblEsiPZEiIbQZqIVBGxouFjx44dfXUW/bJoTopkUbPFh0u4v0QrZyCVhQjTZoPIVip82LPoovXMHvbU4rouOvEEKCcG74XVix7pWtzKbn2+mD1UJI+3NmF/z7ByUceCSFYkW0JERBCl8AGBQNGQlDN2Gj1S/M4qw379+tmaNWv8Nj5QdAafGPD3YqsjUrqpkEbk//D1Lavs6ZG1rPLmDnGlJ8fH4T4e6UK66i/tYmXqV7Kb891lVapU8b8BOyKE40PiJZIJyZYQEcGHMx/YXH7++ee+tQ7L7VldSF1W8+bNbd68eb7CEMkK99WHSGJAZIvFCUQeSSMmuwRTeN531nB7dE5Vq30wZwrjMzQO9rZntw2zktMa2NNVS1nBggX9mKEbPccTfw8dLyJZkGwJERF8EJAyPHz4sM2YMcNq165thQsX9rosUiO7d+/WnnEJDAJM882nn346JWSL/7dqrerYMxvjiE2CDtKL9fb1tk4rhlizoe2tRI2yVrp06bQTFUWCRbIg2RIiC+Esm4FoHTt2zPtl9erVy7u+EyFhxeGuXbvss88+S6vLEokJXfnpbVa5cuWkTyMi9WNfes7yja5szxwcGFdsEnk0PtjfGm7vY20W9LUeg3p7jSMbr9Nwll5oEi6R6Ei2hMhCmPRJP1EAT1SEhph8WLPVzrJly7xAWamP5IC/E9v10Oss2WWLfTUr1q9qTVcnQfrwJIMCeqJcYza/YJ3nDLS+A/pZkyZNrFixYn6c0aNLiERFsiXEWRArTYgWBbyzZ8+2du3a+So2Or9T9/PWW2/5EnZETCQHyNXSpUutfv36Sd36gf/RGa++ZHdMeNrqHYovMskyPK14sI9V293FRq2dam3n9PFWKa1bt7b8+fNb48aNfUP2EGEWIlGQbAmRCZjI+fANRe2IFG0b6IJN8TvRLOqy2Ow39MsK9xXJAX+v+fPnW7Vq1ZK6Zoufo2ytClZ/Wc731cqqEfpzVdvVxQa/PsGmTJti4ydO8FW+TzzxhD377LN+gqOaSJEoSLaEyAQhXUgBPKsJKYCnjoQVU23atPH0E3u9xcqVzraTC/52ixcv9g7yRCuT9UN78ZLFdv3o/HGlJdkH0tVofz8bsXmadZkzyKa8MNVTvm3btvVVv7179/YFKkLkNJItITJIiGqFdg59+/b1AngiIDQm5Yw6bLEjkhf+xmzX06JFi6SVLVbrlWhe0RuFxpOVVBlEuRpu722DFo+zMTMm2OxX56R1/2dhik50RE4j2RIiA/CBy4cwm0YvWrTIC3RpTkraIhTAh4ldk3tyw9+ZvymRLTrJ832ysXLlSrtqUB6XkXiSkkqDKFebvUOtxdp+1vnF/jZt5nSrWLGi108ShebvpxMgkVNItoTIALQDOHTokD3//PN+xkwPpkGDBqVtnKvJPHWg1oleTtWrV0/KAnneb/lB9azYokZx5SQVB8JV40B3q/9GD6s/qZ395bJLfN9R6ikVbRY5iWRLiNNAhIpJmt5YGzZssPbt23s0q2bNmt7eAfkiXcOHm6JZqQOyRbdytuthRWmyfVCvX7/e7h75tMtHPDFJ2XF8y5/bJz5tT5ctYU899ZS371i4cKHXUfJ35W+pY1VkJ5ItIU4BEzIpCOqwxo8fb+XLl/ci+K5du9qqVas8bcjkzf00eacW/F1ZjUgPJ6Qr2WSLLuttZiVvX62zGuu6WsGWZWzFqpXeGoI9SBnDhw/3psJapSiyG8mWEHEI4sQH7oEDB3yz6Hz58vlWIaQQuY4JW4KVuvC3p8iaLuXUbCXTh/PmzZvtqYEVrN7O1K/VijcenFnBhkwd5YtYPvjgA99QnG2yOIaJTBOhJu2v41dkF5ItIWJg8uVDlZQgacO1a9d676wyZcp4ETzb77Chb4hmidSF/wFaPyBbydZBvnv37tZkUger/2Z8GUnl0WR9byvTpLLt27/P/2Ycq4gVaVWaDOfNm9ejlWzzEza0FiJqJFtCxMDESxE8+xq+9tprXq9D2nDo0KF28OBBv03kDvigTsYO8qTJio+vbeW3tosrI6k86h3uY4++VNn6zRzuIhULdZU7duzwBS2lSpWyqlWr+t/1ww8/lHCJyJFsCXEcIlXI1LvvvmvTp0+3KlWqeP8sNo9GtLTVTu6Cvze1WuFDORk+kBHCkc+PsSrjmlqdvbkvhdhoUy+r2q6Obdq06fhv5ET4m3J8s+Chdu3avpqYOq73339fkWoRKZItkevhQ5RUA2e++/fv9yalhQsXPuHMV2nD3Af/D5MnT7aSJUsmjWyxAXqNSS2sxLrmcWUklUfDg/3s6Rn1rfuUAR6ZjgfHMEJKKcDy5ct9EUHRokVt2LBhaauKOdYZinaJrESyJXI1TL6c7SJUbLHTuXNnFy0aIdIQkualyZI+ElkLUU4ki8aYySBb/J9OWTTTio+vYzV2ps4+iGc66m3pYbX6NPFGtKeDvyV9t3bv3m19+vRJO+bXrFnjoqZWLiKrkWyJXAmTKBMuovXee+/ZtGnTPKVQrFgxP8slQsBqQ53h5l6QLfa8pGVAMsgW/8fNp3S2Akvqe3PPeEKSqqPJwQFWY0Yre3ZkN++ldTpChIvjn71NBwwY4CsVKR1g5SlpRW7jby7hElmBZEvkOsJEy9krm9Q+99xzXptFumjChAle0xE70WqyzZ0g2+x1SdQjGWSLYv7anRtbi+0D4wpJKo9a27tZjWHP2Ny5c4//Nk5POLaZC+ijRz8uCucRLk6+3nnnnbS0ohBni2RL5DqYYJlEiV4xwSJarDhj9SHpxDDBSrJyN8gW/x/58+dPeNki9dVjYn8rMa2+NT08KK6QpOpoemigtX+5jzXu1NzT/hmFvysnV/TjmjVrlu+FyRZNY8eOtb1793q6UXOBOFskWyLXEM5imVgphB8yZIh3hG/RooXXarBUPBTHql5DJJNsbd++3So3q2Et3xgQV0hSedTc083Kj27ovdAyA8c5f1uO+U8++cRrNymcJ9Lds2dP3/eUlDK3J3p0UyQuki2Ra2CyZNKk+3v//v29Fqdbt26+TJyzVwmWiAXZou1HossWDTsHzxxlj8ysZPUO940rJKk6qE0rtu4ZKzSp5jf6amUG5gCaGXPyhXCxryJNjffs2aOItzgrJFsiV8AEiWhxlsrkyVkrW/CENIHOWkV6YmWLqEmi/n+88+67VrpBRXtmbe4qimfUerOnFRpd3aZOnXr8t3F2IFPME4gbJ2EdO3b0vz/ixfcIlxCZQbIlUhokK0S0EK3WrVv7qiN6aVGzRUoxiBb31VmrCPDByuIJxJxankSULd7Tc69MsXumlo4rI6k+ym1sa48MKe19s7KCMF8gXcg2c8TgwYPtkUcesUqVKtnWrVv9epUaiIwi2RIpDRMiaRY25m3Tpo2fpfbu3ds7wnObECcD2ZoyZYpVqFDB5s2bl5Cy9elnn1rR1uWtxqqOcWUklQcpxEfHlvfGs1HA35uTMdpAMGfcdttt1rRpU1uxYoXXdnGbZEucKZItkZKEM9SPPvrI5s+fb40bN/YPzVGjRnm7B4mWOB1EMGj9UKRIEXv55ZcTUrZenv2K3T6+mNU9HF9IUnlUWf+sPdzl6ZN2iz9bYqNc1HlSdkBUnJ0lZs+e7RLGbfxfSLrE6ZBsiZSDiY+zTvrkUMtRrVo131CaVBANDyVa4kwINVsFChRIyAJ5Im95OpawsitbxZWRVB/3jisZWVQrwFzC350yBFpDcLJWokQJP3Ej6klPPv4OiSjiIrGQbImUg7NNukJPmjTJ++U0a9bMFi1a5D14dAYqzpTYAvlElC36wt0wLL/VOpj7NpyusaaTPdGyRKb6amUU/u7MKQhX7AkczU+RPa4LKUXNL+JkSLZEysBER9SK8D6FzUyI9NBiw1lWF+nsU2SERJctup33WTk6royk+rhnUimbPGPK8d9EtIR5BeFCqkLz0zp16rhwsVKVVCb3YUi4RDwkWyJl4MOQNOELL7zgPbQaNGiQJlqaAEVGSWTZYrPl+3sXs2YHc1e3eEa9VV2teJPydvTY6fdAzEqYQ/gfQLioBWVrIISL6DnCxdyDkKlMQcRDsiVSAiZCln9TuEpEq169ep5m4TqJlsgMiSxbdevWtU7zcl+3eMbd00rZ+NnPu9jkBMgUKUXkisU3RLcKFSrkG1iHnn3AvKO5RwQkWyJpYSJjYmPS5YNx4cKFnlrhg2jVqlWKaImzIshWwYIFE0q21q5da3lGV7Dq+7vFlZFUHo3W9LCKjav5xtE5Cf8LzD2czL366qv+P0K3eSLp/N8wJ3Gf9POP5qPci2RLJC1BtpjcNmzY4GlD9jpcvHixNo8VZw3/V7R+KFy4cMLIFimsDn27WJ0X2lm9g/GFJFVH/YN9Le/UKjb8lXHeOy+nCfMPwsVinHvvvddKly7tJ3ps+ROK5oUAyZZISpjEGITz33jjDW82WLlyZVuwYIGK4UWWwJL+559/3ooXL54w2/Vs2bLFSoyrYxW3PxtXSFJ6rO9mNTrWt23bth3/beQ8/E8Qxfrwww9twoQJlidPHqtYsaJHu2h8iozFi3CJ3IdkSyQdTFxMcJzdbt++3bp37+6ixdklS8GZ4DS5ibOFyNbYsWM9RZQIssWJRb/pQ6309EZWe1/uavfQ+M3+VmJSPes/bViWbc2TVYT5COGiFQTbO4XFObxXIlyak4RkSyQVTFh86JEm5Cy/a9eu3rCUBoP0uwm1EkKcLaFmK1Gamu7Zs8eqTWhmJde1iCskqTxqbupitfo1tdWrVx//bSQOQbb4f2GV4vTp031OYnuwlStXunBxu2QrdyPZEkkDH3YMzhT37t1rffr08ZVA1NUgWpz5c7smNZEVBNlKhNWIvPa416da/mk1rPqernGFJFXHM28OstqTWlm3UX0SLqoVIHKFUDFi+/x16NDByxxISYvcjWRLJAXh7BGhYif+oUOHumgNHz7cVyZxvSRLZCWJJFvs59lkUgcr8noj34A5npSk6qi+tbNVHdbYF74kMsw/DOYiNrofPXq0r4zmkh0tcvL/R+Q8ki2RFATZYi8y9iejCJWNYffv3++Tm2oiRFaTSLLFwo/aHRpam11D4gpJqo5mhwZbp+l9rXmHVgmxAvF0MAcxF/G/w0khc1WTJk1sxowZ3mVec1TuRbIlkgImKVIIFCqzOqxt27a2b98+iZaIjESRLQqv203sYQXm17F6b/WNKyWpOqrt6mIlR9axefPmHf9tJD7MRfyvUO6wY8cOa9mype9o8fLLL3tLiFPNVeGxIvWQbImkgIJ40ghMWrVr106rg9DEJKIiEWSLD9+NmzZauRbVrOWW3NUxnnRp0VVNrMTk+v63SDb4f+F9r1u3zmrVqmVFixZ1aTxV/ZZkK3WRbImEh+gVKw/ppYVsLVmyxCcxIlqamERUBNnKydWI9IzrPXmQ5Z1dPa6QpPKoub+7FRhd1Td9Tkb4fwkpRRqdMnexj+LGjRvTThRPFeUSqYVkSyQ01Gmx8rB3794+UbHJNL20mKQ0UYko4UOSRpVEJHJCtvj/3vPmXivaoaLV29g9rpCk8iizuqUVGlLVhTNZCfMUkXmkkRKIZs2a2ebNm70GTSUQuQfJlkhYmISoV2HlIaLFcuojR464gGmCElFDzQ11NpUqVcoR2eKDeMSUMfbwCxXjykgqj9qHetmDo0v77z8V4H+HjvK0qSlWrJh16tTJO+Ej9JrLcgeSLZFwMPkwOXHmR40DotW3b187dOiQUoci20C2iEbQYiQnZOvIsSOWp1tJq7Ih923NU2llWyvQuXzC9tXKKGFOox/giBEjrGzZsjZgwABfsUiZBLdJulIbyZZIOJh4qGnYtGmTh9w5C9y6datPSpqQRHZB1IEtoPhgnDt3brbL1vNTJ9u9E0t5lCeekKTyuG1UYXvllVeO/yZSB/6H6JnWrVs3r+EiWv/ee++52GtuS20kWyJhYLJhMPFwxtelSxdr2LChrV271qNc2f1hJ3I3yBZpHz4U6XOVnf9/pMpv713AyqxvFVdGUnlUf72DFWlSxr744ovjv43UgpPGDRs2WOPGjb3pKQt+qEsL859ITSRbImHgwyw0LiXEznYX7J7PpMttmohEdoJssRE1BfKkE7NTtkhb3j66SK6Mat0yoYjNmj/7+G8i9WAeY05bunSpPfPMM94zkCg+0XzKJBgi9ZBsiYSACYhJhiLSkSNH2lNPPeXL7pN5JZJIbpAttlqhzxbNdLNTtnjNwWsmxpWRVB71Xu9iZetUTIpu8WcD8x1z20svvWRlypTxUglWXfM/pwVAqYlkSyQEiBYT7Pz58+3pp5/2DVzZT0yTjsgp+ODLiaamLAq5Z1TxuDKSyqPeoT5213MlbPqCF3NFdIe5jXqtQYMG+QpFtvbRauvURbIlEgLqtKhjoDt8/fr10wriszOaIEQsOSFbvGb1ZnWsxYKecYUkpcfKLlatRW0XkNwC897u3butdevWvt/rwoULUz6ql1uRbIkch7PYsEKHlV9z5szxmgYmItUviJwiJ2SLOp58YypbzQM94gtJio6GB/rak+Mr24S5k/33nhsgehUi+izAKF26tG9avXPnTv9fU3QrtZBsiRyDyYRJ5ejRozZx4kSvXRg8eLB98MEHPgkxNOGInCK7ZYsP3WbD2luVua2s7qHecaUkVUeNNR2tdrfGHuXJTfA/xTz30Ucf2bBhw3xrqIEDB3ozZ81/qYVkS+QYTDR8wLD0mZWH7I6/fft29dMSCUF2yxYtTkqOrWOVd3SMKySpOpruH2ClRte1ETPGpmy7h9OBWO3bt8+aN29uhQsX9r5uzI1R/8+J7EOyJbIdRIpBIeiuXbusTZs2VrVqVVu0aJGv0FGBqEgEslO2OMHoOLOvFZ1Vz2odyF31WlU2dLBaA5/xDZpzK8x3tH54/fXXva8b/bfYfD80O9V8mPxItkS2w4cWg/Th8OHDvU6LDX/5njM8nc2JRCA7ZYsFIZXHNLEyG3JXE9MWBwZb3TGtrN/ogb5Zc24Gofrss8+8HQQrsnv27OmLBTj51LyY/Ei2RLbDxMFZHJGs8uXLW/fu3X3fQ00mIpGIla2o+2zRPLX5gPbWev/QuFKSqqPy5g5WZXhjW7ly5fHfRO4G4aL9Q58+fTydyP8d+0MiXJofkxvJlshWmEwIjdPAr0GDBlanTh3vnqw6LZFoBNmKuoP8/v37rf6Y1lZyRTOrF0dIsmW83dcvef16b/X1wXX1fPzvum885ixHi0NDrNtz/azts+1cJsT/4P9sx44d3ganRo0aXsvH/6JkK7mRbIlsBaHiTI3Vh0WKFPGNWPleE4lINIJsFS9ePLKNqDkeZs2dbdU7N7DWuwbHlZIoh8vV/5epeLd9YyBkZ3rfMxhVdnSyEqNq+wIZ8X/wP0FK9eWXX/bI/5AhQ3wLMzICInmRbIlshfThsmXLrFatWta1a1dPH6qflkhEgmwVKlTI62iikC1qclqN62yFFzeMKyRRjsxE0Yh0xbs+o6POod5WZGkjqzKluc8J4v8I0X8246dui+g/O2uEzapFciLZEtkCkwRCxQRCt+R69ep5x/jQJV6RLZFoBNmi91EUBfIcD8vWrbASPapZo225q69W9X3d7KnRlb1jujiRMFcS3VqzZo01atTI2rdv781OkTD+DyVdyYdkS2QLTA5sMj1t2jSrXLmyf3iFMzVNHCIRiVq2OB66jOtt+efViSskqTxKL21u5YbU09Y0JyHMixTLsxk6W/mMGzfOm5+qWD45kWyJSAmTBmdk69at84LPjh07+ibTnL1p0hCJCrLFB10UssUxsWXvdnuibzmrubVrXCFJ1VH7UC+7d2Rx36JGnBoi/5s3b7ZmzZpZzZo1vQ+Xmp0mJ5ItESlMCpyJUeDZo0cPX0b/6quvpq0+ZAiRiITIFj2P2K8zKz/gOPnoN26w5X2xqtU9HF9KUnVUXNLKSnWspqjWGcAJKQuIZs+e7cXy7dq1807zXC+SC8mWiBQ+oEgXsrKmYMGC3i2eomBJlkh0qJlBtooVK5blrR8++viI3d6/oFXa8mxcIYlkZFFx+9mO64bl8x574vSEk1XmTHpvMYeGFdwiuZBsichAqIhgsblsw4YNvdXDqlWr1FNHJAVRrkYcMWakPTS5nNU5nE2F8RH1yvKRgXYQ1Ra1s9L1K/i8IE4PcyhRLFZssp1RhQoVrHr16rZt2zb/f2ToxDU5kGyJyGAiYAsetuIhFcOu9seOHdPkIJKCIFtEE7K6Zuvue++x0VtfiCskyTYyInHXjslni19XX62MwpzJVj4jR470UoxRo0bZxx9/nLY6USQ+ki0RGZy9rlixwlfS0CsmdumyEIkOssU2Ollds0VD33vHl4wrI6cb/2tC+r/O7mnXe2Qp3XUJOGov7mhV6lX3OUBkHCJc7LxBloA5lS2O+B/VfJocSLZElsPBz/jwww9t0KBBvpqLDy3qDJgwFNkSyQAfZIgRrUoWL16cJR9qX3zxheUrV8i6rB0eV0jijf9tn/PN6xq83d+avzPEOr0/zkYcedlmf7rCln/yhg++5jpua/HOUL9vZGnEMxj1D/Sxe0eVtFlL50kOMgFzJoM6whkzZnhqu3Pnzvb+++9rPk0SJFsiS+HApyaLDyr29Kpfv761aNHCtm/fLtESSQV1MpMnT7YqVap4882skAQ+KB8ZUy6ukMQbJ+vyHkSr2/sTbeLR+bb06Abb+PY269Sziw++5rqJx+b7fbgvj4n3XGc9zqBmq/rr7a1Ou4Z+AiYyD/PnwYMHrUOHDlatWjVveqoO/MmBZEtkKUG2aPUwYMAA7w3z2muv+Rm9REskEyGyVbp0aZs37+wjMjQxLd+5ltV7vUtcIfnGOIXEBNGadOxVW/zROhs6ZZTly5/Prrv+Oh98zXVLjqz3+wThivdcUY/G+/pZ/mGVbdqCF1UYnwUgV6tXr7bGjRvbwIED7Z133vH/Tc2viY1kS2Q5TKjUE9DAlL29wmQgRDKBbFEgX7hwYW9dcrb/wwhbgTFVrdabPeNKSUZGp/fGeURr0YfrbMjUUdahTxd7558f2fiXJvng6459u/pt3If78ph4zxX1qLyyrdXv1cwOHDhw/Dchzgakis7y/fr189WJNIflZFZzbGIj2RJZChMBKw5ZeUiYm02nVcQpkhH+b+kgz+qvs12NyIdhzTHNreyS5lnS7mH4kZc8TUj0CtHa8tU+W/b5G7b48w0++JrrEC7uw315TLzninI02zfQyg6uaxNenuy/T5E1EN0itV28eHFvdEp7HS08SGwkWyJLQLIYYQUi3Y67d+9uH3zwgX9IKcQtko1Y2Zo5c+ZZyRbbrJQYXduq7OgUV0oyOiiApy6LdCFRrKWfb7KxR+fYwA+n++BrruM27sN9eUy854pyVFjbxuoMaeZ9oUTWwf8ijU4pki9atKhNmTLFW0Fonk1cJFvirOEA5+DnzIpaLc60aGC6dOlSNTAVSUuQLVo/zJ07N9OyxTHQfHZ3y7+grtU6ePYpRMbyTzdbl97d7O577va0IdGsAf9fstq/N9oHX3Mdt3Ef7stjwuNLzm9ieXqVtjvqPGbXlLnLri51R5aPG0vcY9fcfaPdc/+9vqKzatWq3xg06GQBDX2j3njjjeO/MXEm8H/FHFumTBl75plnvLWOtvFJXCRb4qxBtjjIWZbMh9KTTz7pW0tQECxEshK26yFycDbb9WzYsMEqjmpo5Te1PUGYzmZkVrYqrGpjD7YpbHlbF7cucwbajP2v2eufvWErvtiS5WPxkfW2dOcq++ijj47/Jr4Jv1PaFyAN3bp18xpPVtuJM4PVnfzOypYt673g+J8ViYlkS5w1sVEtGu7RcZud6tXqQSQzRLboD1eiRIlMR7Z4zLCRw63p4LbWan/WrQbMTBpx4IpxHsVCsuLJUVaOtZ9vt027t9imTZsyNAcgXUS7FOU6M5h32WeSJqddu3a1Q4cOad5NUCRb4qzhA4Ud/Dn7f/TRR61Lly5pq2N00ItkJcgWRcizZ8/OlGzt2rXL6oxqaaXXtIwrTYyT9dI61YgtkKcI/mQF8hTPc5+pb8yy+8rnseFrno8rR1k9lhzbYAt3r/CazYxCfRfCpQjX6eF/EsFCtCpVquQrXtnWR+nExEOyJc4ahIpUQIMGDbyzMc1MmQQy8+EkRKIQK1uZ2a6HqMPUOS9Y+cH1rMnufnGlKbODNg7PHfu/1g8IF1Es0oYMvka0QuuHsh2qW9+5I+KKUVaP5Z9vttfeXmUr92/I9BxAhIv0mDg1/H450WWHA9pAPPvss7Z//37JVgIi2RJnTViBSPqQ3i+ff/65C5iiWiKZQbao2UK2MpNGPHz4sD0zsr2VWNY0rjCdzYhtakrjUqJXpAupz2LwNdfR8LTLsqFWtG0FW/Pl9rhylNVj2SebbO6uJX4CdjZQw6V04qlhjuX/kl6GiBbF8jSRVu1W4iHZEmcFBzsHeseOHT30T61WZs9mhUgkgmxlZiNqVorNW7PQCgyrYnV3fXMFYmZSh7HjZNv1UAjP4Gvfruf/31a8b3XrMXeIrfxia1w5yuqx8O3V9vr2NWcdXSG6xSpFcXrouzV//nyvL+zRo4fPyTrZTSwkWyLTcDCTKqGHUMmSJW3kyJFpUS0hkh2iA6QR+d/O6HY9NPZtN7yLFXmtQVxZqvv22W0KnZGNqO+t+4TN3L/g/4tQVsjWqZ+DFOKLO18766gW8By0hRCnhzmXBUrt27f3HodLlizxkwXNxYmDZEtkGs5cmRB79+7tfXRYecQZvQ5wkQogW+PGjfP/baIsZypb/P+v3/uG3T2smFXf1TWuLGXnYAViVO0d0o/Fb621ZRtWZEnNEL9vouXizODEl3Q3kdj+/fv74gT+DpqPEwPJlsg01Gqx6zzNCRGuo0ePqjBTpAwhskUdzKuvvnrGssVx0XVIT8v3cs0s2ZrnbAcNRuOJURRjyvbZ3vspq2BuEacHoeL/kzrB5s2bW/369b2kg/9FyVZiINkSmYIDmKal1LSwCoZ9uqgbyEiqRYhEJqxGzGifraNffGx/HZbHKu3qeKL4vP2/9N8J12XDyC7ZWvbWOlv6+tLjv4WsQbJ1ZgTZQq7Yx5M5eerUqd4GQrKVGEi2RKYggkUPIbaJaN26tb355ps6qEVKgWyNHz/eateu7RHcM/3/7juonz0+veo3xecs67QyO7JOtk5Rr/X5Fpu2Y6598FHWRbVAsnVmBNliXt67d6+34SHCdeDAAc3LCYJkS2QYDl6alr788steU8EmqBTGC5FKIFsTJkzwXRE2btx4Rh9an376qd1f7FHruXnsN6QnJ6JajJPJVospXaz3wm/23uI6bkt//anGsrfX2Yo1K7P8g12ydWbwe0e0GESzRowY4Vv4kP7m/1jkPJItkSE4e6IQk6XFAwYMsDZt2njHZ9VqiVQjRLZq1qxpq1atOqM04rBhwyzv85XiSk9Ojahla+WnW+yV7QvtnQ/ePf5byDokW2cOwsVgkdK6dev8d0cbCBYxMT+faRpcRINkS2QIDloKh1evXm1Nmzb1mi0K47P6jFaInCZEtpCtlStXnvbDig2XH2tU2JptyJkI1slG1LK15J11tmrTGq/ZzGokWxmHufjIkSPWt29fq1Klip8oMGdrpXjOItkSGYIPHORq+PDhvhcX20TwoaSDWKQaQbZo/UDfotPJFvd9ckLluMKTk+NsZWv85pn+HGHE3tZv/kir27WpHXr3Lf/9EPWeOHGi7du3z38nRFXobI40McL1lCGw20S4npO3eEi2Mgd/B+bmokWL2sCBA12+OFHWPJ1zSLZEhmBCpTCeAswmTZrYnj17/MDWQSxSjZBGpEkkq21PJVucgBTqW8lqbugcV3hycpxKtmIlKnYEoUK08jxT1Gbsf82/X/LxBqs57Jk0Sev64gBr1bVdWs1mrGylFy8EC/kKohV7PTVG3JYeyVbm4H/Vt4t65hlf4LFz507N0zmMZEtkCJYWv/TSS957aNKkSfbxxx8rPC1SktBnq1SpUr4Vyqlka+bMmVZ4bHWrfbBXXOHJyYE8BcGKHWcS2Yp3HwQM4Vrx0RvWdXhvGzBkYNrvJp5spY9acRvXc3uA+8SLbkm2Mg5zMX8PThZeeOEF39tz9uzZLrWap3MOyZbIEHQlbteunUe1WGKMaHFg6yAWqUaIbFWrVs2WL19+Utn68ssvrcT4ulZiVbOTNjGtl0NtHxiZla0QxUKuYm8nylWhb1175cBi6z12gD333HPHfxMnylbs90jTrFmz/Dqkiu/Tj3B7LFwvMkaQLQaNTTkx7t69u8/dmqdzDsmWOGM4eNmFv3Tp0n7Gz4eMEKlKkK3TrUZkeX3xkbWt2q4ucWUnjJwSrqyObCFbzUd38G15xk8Yf4IkpZetWLgfg9viiVU8JFtnB9382V+SJqdbt2496f+wiB7JljgtnA0xWG3EWSxhaZYWq92DSGWCbFHzQjQm3gcVkd1W7Vtbj2kDrdmhwXFlJ20koWzFr9lqZt1eGWTLdq62tWvXev0VKSoIUSuEiuuWLVvm1wO3IVnpa7ZOhWTr7EB+6YNYsGBB3wUhrBhVhCv7kWyJ0xLC0pwlcZbPhw87zOuAFakMssUKw7p16/rJRbz/d1pCVBrZ2Cpv6RBXdGJHvTjXZcc4G9lipF+N2P+10bZ+9xu2ZcsW/50gUEgRA7kKka3YFCKDr7kO0q9S5GsVyGc9/H12797tLSB69erlqxKZyxXhyn4kW+K0cMByBs9Z7AMPPGCDBw9WsaVIeYJscXIRL41IAX2/cYOt1oSW1uTAgLiik37kRBf5a8rcZa9/9sYJQnU2Y/HR9bZo9wr/4I4Sft/sUCHODnY1QGZZVUsDauZytYHIfiRb4rRwUCJXdIy///77PR2gg1WkOiGNSL3LokWLviFbRHZqD29uFda1jSs5iTLuqPNYWhrwbMfyzzfba4dX2rr9b0QeHSHSRb2RyDzM0awgZ1NqUonTp0/3k4So/3bim0i2xGlBrDgjevrpp61OnTqeThQi1eFDCdmiqenSpUtP+IBCxMbOnWRPT6hj9ffGX4GYKCNPr9LWZc7AuPKU0bH04402d9cS75YfNfzOR40adfw7kRmQLebv7du3eyqxZcuWvtWaZCv7kWyJ00JRJR869913n/cT4kxJiFQH2Ro3blxc2Tpw4IA1GtzayixvEVdwEmmUnN/E8rYuHleeMjoWHlplq3esz5YP627duvnqZ5F5gmwdO3bMevfubUWKFPHdEELtnMg+JFvipHCgMqnSHZu+WgUKFPDCV6UPRW7Ao1djx/rq2zlz5qQJBh9UL66da49MLG+19/WMKzgZHVHXcj3YpvBZR7dIIc7c8WrktVqA3Pbs2fP4d+JsCKlE/ocfeeQR376HOi6RvUi2xEnhIOWDheLg/PnzW+vWre2TTz45fqsQqQ2yRWSLwuIFCxakyRZp9OYD2lnxhY3jik1mRtQrFSusauOF8sPXPB9XpM5kLD60xlZtWBN5VIuSBQrjDx48ePwacbYwl/N7LVmypG/h89577+mkOZuRbIm4cCAyqXIGNGTIEHvyySdt3rx5HpIWIjdAGpF2BY0bN7aNGzf68cBxsfbNN+zasU9Z9X3d4opNog7SiQhXZiNcz2192dNRUUJEC9FS+jDroc6O3T9Ii+/YsSNyaRYnItkSceFDhSXChw4dsqZNm3q/m5BC1BmRyA0Q2UK2iASEnlJc17ZPBysyt35coTmr8Xac67J4EOEipUgNF9LFKsUzaQux5NAaW7FixfHfTNbBBz6rDpEsarRIHSqiFQ3879LKhBPnGTNmaFViNiPZEnHhg4UUIr21ypUr5xMhm06Hs3shUp3w4cTJBlud8H9/6PAhe6zCU9Z393NxZeZsR71sEC6GF833Ku1tIYh2xTYt/cYofof95s4/e3F1aEKaVYMoFu0dWHWoaFa0MHczn5coUcLat2/vjamVqcg+JFsiLuEsnqJKNjJlywdWJepMSOQW4slWpx5drOjL9eIKTNaNnNu0Ot4oN7+ZNW3XXMd+ksP/71tvveVpcXrHIbcUzuvkOXuQbIm4MLGy6mjo0KF+Brp8+XKPdOlMSOQWgmw1atTINm3aZIcPH7b76+ez1lsHxZWShBlEx7IoQtZwVx97tHdJW7lhtT6Ukxz+fjSnHjlypC94oo3P559/LonOJiRbIi5I1c6dO/0siLYPe/fuddmijkuTrsgNBNlib8Q1a9ZYjx49rND02nGlJKcGqxijXMlYasEz1qJ3W61CTgGYt5nDOXEmW0ELiLBXoogeyZaIC8WT8+fP93AzO/SzkgUBU2RL5BaCbNWrV89eeeUVu7P9U1Z/W9b01TrbkR2bWjfb2d+KdK1ki1Yu0XGfAiBbiBURWjrJs1/i22+/LdnKJiRb4htwUNLIdPTo0b7FAx80X375pV+vqJbILcRGtkgl5p9YPa6UpOoovqSJNR/6rBdSi9QhtPPh/5reW4i05vXokWyJb8CBxxkP2ztwBsSyd9KHQuQmkK2wEfUVre+3yts6xpWSVBxtdg+xSh1r2+xX5yqqlWKw0Omll17yE+nFixdr+7VsQrIlTgDRYnJl41I6xpNCZONSnfmI3EaIbNGX6KH+Ja32wV5pMvK/Fg2sGowdJwpLMo9iy5tY/dGtfQ9IkVowv7MrCCcRnEyQtRDRI9kSJ4BUceZDA0NqVYYPH+5FlJItkdtAtsaMGWPX3nK99Z8/2uofPrVUsb9hdtRSRT3a7B1qjXq2sMmTJx//TYhUgrl8z549Vr9+fa/bYvspET2SLXECFEuyPPi1117zztkvv/yyLw8WIreBbNH88bYOT1qFbc/GFZNvjGxqShrVqHO4t5Vc29xqjG9uu3fvPv6bEKkGJ9B9+/b1prKq28oeJFviBDjo2D5j7Nix1qFDB298x3JhIXIbnPFXblHT8o+obLX29YgrJ6k2auzrZk+9UtP6LRqlVWopDCfQpMgLFy7sJ9RkMyRc0SLZEifAAUedBnuUUSDPPmVcJ0Rug+huwYGVreT6Fh7xiScnqTT4Gctsam2lx9f3jYpF6kJR/KJFi6xo0aI+17PBOIugJNjRIdkSJ8BBuH79el+FSOsHws2SLZHbYHl85+f6WP6pNazm/u5x5STVRq03e1rRl+pZ52n9tPo4xUGqqNuqU6eO1apVy/bv3+8ZDEW2okOyJU6AZqZz5861Bg0a2KxZs3ylis52RG6DE47qQ5tahfVtzyKqlVwrFCvu6GCPj6qgqFYuAKmiUXX37t2tZMmS/v+ufRKjRbIlTuDjjz+2cePG+UpElgdrex6R2+AEY9D8MZZvZg2rc+D/2j2k+igxs6E9O7Srolq5AE6gQ91WwYIFPWUu2YoWyZY4AYrju3Xr5qtUKI7XwSdyG6zCq9uvmZVb3jJX1Goxah3saTcNya8ViLkEZIui+AULFniRPCUjn332meb7CJFsiROggWmXLl2sWbNmtm/fvuPXCpE7oG5lyrqX7fZpxa3mge65RrbKzGhirdu20YdtLoG/M//rq1evtmLFilnXrl3T9r8V0SDZEmlwAFKv0bRpU1+JqGZ3Irfx7vvvWb0Bza3EkqZxpSQlx5u97ZKeD3jBtMgdENlCrNiUmpIR9v48dOiQ6nMjRLIl0kC2NmzYYI0bN7ZJkyZpGweRq+CDZtmu1XbzpCJWbX+3+GKS4ZH4RfKlX2pszZs3P/5bELkF5vujR496F/lSpUp5c1PJVnRItkQaFMayMWlYiagNSkVugp0TmnVtZWUXNI8rJak46u3qZXd2L6BarVwKJ9QUyZctW9bWrFmjxRERItkSfobDGQ0H3ogRI6xGjRq+FJjrhcgtvLFtsz3Woqi13T0srpik4ig+u5G17fbs8d+AyG1Qt7Vw4UIrXbq0vfLKK75FlYgGyZZIy99TINmqVSvP4Wu3f5HbaPlsayszJ/fUajXa3sce71TKNm1/4/hvQOQ2OKHevHmzlStXzlckah/c6JBsiTTZIpVQvnx5Fy4Vx4vcxN69e+2ODvmt0a7/iUi9dGKSiqPIvAbWflAXfcDmcjixrlatmrVu3dpb/4hokGwJly1y9WvXrvW9svr3768JWOQq2rdvbyVmNPg/GXn7RDFJtdFi2wB7um1FW7VhjYqiczlkNFiBXqZMGdu5c6f+HyJCsiX84KIYfubMmfbII4/Y9OnT1Tle5Breeustu7LHI1Znf+7pFl9oYX1rPbqzItjCPvnkE1+RSL8tUoqSrWiQbAk/uOgmPGbMGHv44Yd9N/hQNC9EqkNPuaLP144rJak42u8cZlVa1fKVx0Jwoj158mSrUqWK7xqieT8aJFu5nCBVnN307NnTSpQoYbt27fLrdNCJVIcUyi1DC1qVPZ3jikmqjfqH+1rxRY3tmTHPekRPCLIYZDWIbM2ePdtPvNVJPuuRbOVygmyxTQ8tH8jbHzx40A82yZZIdUaOHGnln2tkdQ7ljm15WuweZPV7NfMPVyGAeZ6NqPPly2dDhgzxel2VkWQ9ki3hB9ubb77py3/pHs+GpFwn2RKpzJEjR6xs0yrWa+VIq5cEnd7PdrDPY7FVTa3OpNZ+vAsBSNXWrVutZMmS1qFDB89ycLIt2cpaJFvCpYrCSIrjO3furINM5AqmTp1qVcY1sdp7e8SVk1Qb1fd2tQIzatqIxc/pREo4zPUM2j9Qs9WsWTM7duyY/3/ocyBrkWwJDxkvX77cbrnlFhs2bNjxa4VIXViF12BwS6uzoIPVPxRdVCtR+nUR1Sq5voWVndjQ9u/ff/y3IHI7QbY++OADa9mypT3zzDNexyjRynokW8JXo1AYeeedd/qeiEKkOvPmzbNqw5tYze1d48pJVo1ESU/WOtDDik2ra/1fGKbiZ5FGkC2iWd26dfPIFicikq2sR7KVy+GgoiBy+PDh3vaBnd+FSGX4YGk9rbuVeLWx1TsYX06yYtRLoMao5be1t7yjK2gbLvEN+AygTnfw4MFWp04dX40uIc96JFu5HA60jz/+2Hr16mVFihTxr4VIZVauXGnVBzS2aps6xhWTlBuH+1iJKfWt17C+qtUS34D/idDUmrotSkooLRFZi2QrlxMrW2zVwxmOEKnKl19+aT0WDLNH5lf1Oqa4cpJlIzFSiDXf7GHXD8lnhw8fPv5bEOL/4DOASBalJGXLlrX58+e7fImsRbKVywmyRRdtIluSLZHKbN25zaoNaGQV1rSJKyZZNxKnlcTTU+tZ165dj/8GhDgRPgOIZM2dO9cKFChgEyZM8MamImuRbOVyONBYfcJGvIpsiVSGD5AJK1+we2aW8WhPPDHJqpEwqxD39LBruz6mvloiLkG0GK+//rpVqFDBnnvuOclWBEi2cjnk60NDU2SLYnkhUhG2p6nXtalVXdE+rpicOM4uMlXv7cSIbBV5oY516tTp+G9AiG9CCpHBvojsIsJiqa+++ur4rSKrkGzlcpCt3bt3ewqxVq1aytWLlIQPk3lLX7WCnctb+/0j4opJVo1EWYVYb1tPu69DIUW1xCkhusXnwI4dO6xu3bo2aNAgyVYESLZyORxkLPUtVaqU91nhwBMi1SA93qB9E6u6pG1cMcmqkUjtHgq+VNu6D+h5/DcgxMlh3udzoEGDBt4CQrKV9Ui2cjkhfFyoUCEbOHDg8WuFSC2Wr1tpD/R+2prs7R9XTMI4e1lKjPRhky19LF/rUrZr3+7jvwEhTk6QrYYNG0q2IkKylcv55z//aQsWLPDu8axCESIVadC8sVWa3yqumJw4Mi9LiVIUz3hqdi3rNqqPt7oQ4nQgW9Q0smp15MiR+r+JAMlWLodVJ3PmzLE8efLYli1bjl8rROpALco1/fPa/2vvPJursK5w/SvyLZlkUu5k5k7axEmuS2I7xjYYA6aD6L2rgOhFoogiihHFIHoH0ZvpmN57b0YUU02xMRinfFg3zwpbkQkBBOdIp7zPzB6hcyQhDmev/e5VUwuf3Vfr5TxbseHV6n10rNXt0sSOHD+qtADx3FCVPnToUMvOzrarV6/qvRNhJLaSnCC2KlWqpAG1IiHp3LmzNVze5YnC5L9WDOVcvej6cG1b6z9rmN25c+fRK1AyOGR10CYfVKKTHJ+enm5nz571fF4ROSS2khzEFp2DEVuff/75o0eFSAxu3LhhP+z/qs8GbH9h+BPFSSSWt3qIAaHW+8Qn1qJXe9uxY8ejV6DkSGwlJ8GzxTDqixcvSmxFGImtJOe7776zpUuXutg6d+7co0eFSAzIPRk4cKC9M7mBNSzoZI2OZlm7zyPf0DQW8rU6XhplKasyrc+0QXb9+vVHr4AQzwZxfeXKFevTp4/16NHD/yzBHVkktpKcBw8e2Ny5c61ixYrybImEhRD5yGljrO70VEtZkGEN9vd6ouh68Zytss/X6nIyz1KHd/G0ACFKys2bN23AgAFekVhYWCjPVoSR2EpiuLkwF5E4PQnyan4oEhkqb0mWz1ucb62mdrVqi9pbw129rP2FYU8UL/G02l8abtW3d7KO8/u5V0KIkkIYkV6LnTp1ktiKAhJbSQxi68svv7R+/frZhx9+aNeuXXv0jBCJC6Hz48eP2ydrplmHT7pbuUVNren2Pi5YniRk4mG1OjPIqhe0s1mbFyr8I16Ie/fu2ejRoz1BnpQSia3IIrGVxGCUcR0jtpiNqN4qIpmgcSOersmb5lrbQZ3s1YUp1mxHlnW4/OwWEWHFQsd4ft/ae7ta47mZ8mqJFyZUI6alpfkIN4mtyCKxlcQgtqjWQmy1bt3aKxN1KxbJBp4uQuhztiy2Rjlt7fV5/xJdu7Ot3YVh1u7i0KeIr9joq9X281yrPSfVJi2e7hMhOCS1j0VJQWyNGzfOPVsSW5FHYiuJCZ6trKwsr0bkz0IkKwxhv3rjms37dIFVyWlor82oY01Xdreue/4ltgr/HWJM+5fAwpvlrR4eEz1ltRoe7WMVpjbxNAD2tMSWeBGYH0oYkWHUEluRR2IriQliq2/fvlarVi1Plhci2WFf0BB0wsQJ9sofXrHf9XzPGh7u80ShU9YLr1vKzDQbnz++6HeX2BIvAvm7/fv3tw4dOqipaRSQ2EpiMMi3b9+2ESNGWKtWrTycIoT4N4TYuYj89a9/tf+bU87qzkq1pqf6W/vC2KlebH1msL02toaKW8RLwVlw+fJl6969uzc1ZU6iBHtkkdhKYthM3ODz8vKsfv369vXXXz96RgiBp3f58uU+oH3nzp02atQo++vk+tZgbkf3dEWjOWpJV9U5bT30I8TLwFlw6dIl69Wrl+Xk5LiXS2IrskhsJTFBbA0bNsxbP6iSSYj/QLI5gos9Ery+jDEZPX2cpcxItZT5GVZvX09rey73iUIo2qv98SH2/wZU0r4VEYGUEs4CQolMIJDYiiwSW0lMEFu5ubn2zjvvqIO8EI/xpAPnn//8pycQj1kyyVpP62pVF7Sz+jt7WLvC0vV0fVjQ0r3SQkQCEuSpRszMzPSzQDlbkUViK8mh3HfatGn2/vvve1KkEOL5oFUKfbry182w1PE9rNzCJtZ4W69SaY6afmiovdtTuVoicuDFRbxnZGQoQT4KSGwlOTQyXbBggY/rOX36tD8m97EQzw8hRvbOtC0F1n5Ipv1pfm1rsq13VEVXhUUtbMykTx79BkK8HNh8wtHMRmRwOyFFnQORRWIryUFszZs3z8UWoREhxIuBp4ucrnnbllrTnPb26pw61nRXVsRFV9eDH1vVzHp26YvLj/5mIV4OhBXerM6dO9uYMWM84iEii8RWkvPgwQObPXu2vffee0WeLSESAQ4QQiFhldZNnYHX129etwVrlli1nMb2l1n1rPmBfiUaA/S09f6yFpY3e5xatYiIEPYJ9p8QImKLUVYiskhsJTkY7KVLl9qf//xn27p166NHhYh/OEC4THBjx+OE56k04RD76uuvbM7cOfZG/4/svRmNrdXJgU8UUM+7sg5/YvU6NFF+pYgYVN2yTpw44Q1NJbaig8RWksMBtGLFCnv11Vdt7dq1jx4VIv7Bw7R//37r3bu3e2/v3r376JmnU9wDRuUhe4TDCIIXoKReslu3btmkSZPs9bzqVntW+xdqjpp+eaRVWt7Ghs4brZ54IiKE9zPv7+3bt1vt2rV9GLXEVuSR2EpyOEhWrlxpf/rTn2zZsmWPHhUifuHgIOfkwIED1qNHD3v99dc96bewsNA9Xffu3fMyd7y6iClEGY8jYMJjLB7bs2eP5zQePXrU8xv5Wlbxr6F9CovneexpYoz+RZTXvzO5vtWfk2ENDve2ds/Zp6vb0VHWKivV9u7d++inCfHy8F5lz6xevdrHti1cuNDnhIrIIrGV5HBwbNy40V577TWbOnXqo0eFiF8QTLt377Z27drZz3/+c/vBD37gTXunTJnijxM2588FBQW2ZcsWD59PnjzZO7HzPEIMT9S6deu8OqtTp07e6JHDiPFW7BnE3KlTp2zJkiX+syZOnOg/98KFC35QPcvzxTiUsTPyrS7NUQvSrd7eHk9tjtr50mhrsDjTBs4Y4b+bEJGiuNhq2rSpnwe8x0VkkdhKcthkeAAqV67sN24h4h3EzqFDhyw9Pd1+9KMf2Y9//GNr27ate26PHTvmIosb/G9/+1urUqWKNWvWzJv64t2lwS+JwosXL/Z5oYit+fPnW5cuXaxRo0Z+ICHGyJkaPHiw/x1z5szx0Evz5s19DzFT8VliC9h7586ds3FLp1ib6d2s2oJ2Vm9nd2t3/r+bo3Y8PsI6fNzFNmzY8Oi7hYgMvFfxyJJOgtjavHmzfy4ii8RWkhOqUJiNOHLkyEePChG/cHgQKmSm4W9+8xt74403bM2aNe6NwuuFEGvSpIn99Kc/tcaNG7tYys/P9yG8CDHmIOIVq1Chgnuuzp8/bxMmTLC3337bsrKy3KNFDljVqlU9THnkyBEPxfM5C29ZScIwfC17cNL62ZaW39PKLWhiDbf2LGoZwcePtqZblyUDfWadEJGEM4AcLTy0devWdU+vPFuRR2IryWGjcZhw+HTt2lU3GpEQhP5xv/vd7zxni5AgogZvEt4tvFC//vWvbejQoZ5HRfL85cuX/c+EUSpVquRCjT0xfPhwa9OmjZUrV87FFYUkeLR+8YtfWMWKFf15fk61atVcbCG8yOUqKeRP4jGbuW2hpQ7tan8oqGmNt/ay5icGWK3Z7W3RluXP5TET4nnh/cQZEEb1tG/f3i8T7BO91yKLxFaSw4a6evWqh0k4gFSFIhKB4mLrzTff9NAIt3UOEQRNWlqa/f73v7ePP/7Y87B4nOdDvlfNmjXtl7/8pYssDqFFixa5yKK6EU9Wt27d7Gc/+5m9++67nq+1bds227Rpk3sFEG0v4xlAdF26dMkW7lppzXM62P/p/5Y1SW0ur5aICpwBXDa4MPC+Vvf46CCxleSwqThs+vXr52W/6hwsEoHiYovwH2IIzxaeW8aSZGdne7uTILZCBSGii5t9ixYtXIwRWkf44KliEZ7k+0eMGOE/m7ALYUee46LCR8QSP+9lQbDdvHXTdhza7YOBdQCKaIFHF6GFJ5cCjLAfROSQ2Epy2FAMICUUwm1e/XtEIhDEFqFAEt/nzp3rIoqDJMyA++Mf/1g0By4cLnykRQRhwp/85CcupvCK0RQVUbVq1Sr3bNEz65VXXnHBRRUj3jIep1cRPx/RJkS8wIWC6AbeLc4AhREjj8SWKIrXU5HFgSREvIOXiVYM5Gv98Ic/tA8++MD69OnjyesIopYtW7qYIs+KKiz6ZHG4sDhsSIznewglMje0YcOGnkyPR4s9smvXLk+i/9WvfuXTF8h5pFqRFhEnT55U7qOIK5iLywWD9j9cVCS0Io/EVpLDpiI0MmrUKE8Y1sgekQiE3CzEEeFx2jtMnz7dDh486PlX5GxVr17dUlJSbMiQIUVJwYBQon3D8uXLLTMz09tEILbYI8ePH/dQIReUw4cPu1eLXEfEFkILMcd+ikQYUYhoEy4YNO1NTU31alzyFkXkkdgSfpOZNWuW39K50QuRCJDzRNgQ0cXCe0VOIg1FEVd4oBBP9LrCmxUEEh/5Xr6WkCBfy/fzs8jH4jkWhxI/k0am5FQRjmQvIdbkGRDxApcMLtkMoeajvLLRQWJL+OYiLwWxRcIwB0XIYREingk39+KL93Z4fxf/M+tJ3/P41xb/vPjXFV9CxAtcEKioxfuLh4v3tYg8ElvCbzaERKja6tmzp9/YeUybTgghEhvaPtCsl1A4uVu6LEQHiS3hoopQCF3k2XCETsKtXQghROJC/zYu2VQjYvtFdJDYSnIQVAgrNhlu5Bo1anj+icSWEEIkPly06SuHd0uNc6OHxJZwYUXyL03tGMxL3B6hJbElhBCJC7Z/7969XplLZa36LEYPiS3hoookybFjx3pfovXr10tsCSFEgkN+7sKFC30WKJXoavsQPSS2hN9uKGmn/xBJ8vPnz/cKRR4XQgiRmODJGjx4sEc0aNSrtg/RQ2JLuKhik7HZKleu7KN7aMwoz5YQQiQupI+QGE/j3xMnTuiCHUUktkSR2GImXNOmTa1jx46qShFCiASFizTtfUiO79Chgwsumv1KbEUPiS3hG49NRr+VHj16+AiTkCQvhBAiscDe//3vf7c9e/b4KKoJEyYUDaAW0UFiS7ioYpEkz0DqOnXq2IYNGxS/F0KIBAR7TzL8smXL3N6vXr3a83bl2YoeEluiCMTVmjVrPJQ4b948e/jw4aNnhBBCJAqILTxZ+fn51qBBA/dw4elSNCN6SGyJItho+/fvt9atW1teXp6HFYUQQiQW2HoamObm5lq7du182LrEVnSR2BJFsNHOnj3ryZLZ2dmeMCmEECKxwNaTHN+9e3fr16+fVyUSQpTYih4SW+J7XLt2zXJycrxC5eTJk48eFUIIkSjgxfrss888X4vkeKWMRB+JLfE9iONPnz7dMjIybPfu3UqYFEKIBOObb76xadOmWZMmTWznzp2qQiwFJLbE9+CGQ5I8vbZWrlzpn0twCSFEYkCo8Pbt2z6ejXm4hBMVPow+Elvie/zjH/+wffv2WdeuXW3q1Kl2584diS0hhEgQsOfk5mZmZvqoHmy8iD4SW+J70P6BXK3evXt77tb58+flYhZCiAQADxYX6q1bt3oIcdasWd5fUUQfiS3xPRBW169ft/Hjx7t3a+/evb45hRBCxC8ILS7T5GvNnDnT6tWrZ+vWrfNkeRF9JLbE98DF/NVXX1lBQYGlpaV5J3k6DQshhIhfEFtcpumv1bdvXx/Tc+DAAU0KKSUktsT3YEM+ePDAVq1a5c3u5s+f7zchIYQQ8UsQWyTEt2/f3jp16uR/VppI6SCxJf4L3Mq0fUhNTfVO8oQV2ahCCCHiE2w4KSG0esCrxagepoRIbJUOElvivyCUSGI8rmYS5c+cOaOKRCGEiGOw4bTymTJlitWtW9eT5LlYy7aXDhJb4r/gBkQ5MK0fcDdv3LhReVtCCBHHYNcLCwstPT3devToYZcvX/bHFLUoHSS2xBNBXNHctFmzZjZp0iRPmhdCCBGfEC5kRE+NGjVs8uTJdv/+/UfPiNJAYks8ETbm0aNHvfHdgAED7MqVK+5ulstZCCHiD/ppcXGuWbOmRyvU0qd0kdgSTwTXMgJr0KBB1rJlS+8qz+akTFhuZyGEiC+uXr3qvRM7dOjgObm6OJcuElviiSCoGEo9Y8YMq1atms2ePdtvRtqgQggRX2C36anVqFEjrzC/d++eLs2ljMSWeCJsxL/97W+2fft2S0lJ8apEmuEJIYSID7DjLC7KjOapXr26rVixQl3jywCJLfFE2KCEDC9dumS9evXyvizMTAzPCSGEiG2CHae6nNxbCp6OHTumrvFlgMSWeCJsUpLkqViZO3euValSxZMqJbREWcN7MCwhxNPBjoeu8cOHD3fhxWPaP6WLxJZ4KtyAaH73/vvve5NTje4RZQkHRKiK1WEhxNNhj1DYtHTpUh88TesH0kNU6FT6SGyJp8KGpIqFOYnvvvuud5MXQggRH1DoRM4tni08XAgtFTqVPhJb4plwE1q2bJm9/vrrtmTJEvVnEWUKF4CwhBD/G/bInj17rH79+jZ+/HhvTq0QYtkgsSWeCbegc+fOed4Wk+KpSmTD6nYkhBCxC1WHEyZMsAYNGtiuXbv8oqyLStkgsSWeCRuT6fA5OTn29ttv+9R4DTAVQojY5ubNm15NThgxzEIUZYPElngmbFBuRLt377Zy5crZ6NGjPVFeG1cIIWIPLsJEH7gY0+6BinIVN5UtElvimSCq2LiED0myZPMyPV6eLSGEiD2wzbdv37bc3FzvkchFmdxbUXZIbIlnwsalguXhw4c+LZ42EGvXrlVjPCGEiEG4HB88eNDbPWRlZXkIkcdE2SGxJZ4bPFxHjhyx2rVr+42JPC6FEoUQInbAJj948MDn2tapU8fWrVtn33333aNnRVkhsSVKBANMhw0bZlWrVvW5ifJuCSFE7IDYwpOVlpbmaR9K+YgNJLZEiSBRfuXKlfbRRx/ZpEmTlCgvhBAxAHaYRaX4qlWrLCUlxb1bSoyPDSS2RIkg7k/PrczMTO+5dfr0aY1+EEKIMiZUIDLxo0+fPta4cWPbt2+fog8xgsSWKBFsaLoQT58+3asSuUF9++23EltCCFFGYH8RWgir9evXW61atWzAgAEuvGSbYwOJLVEi2Lhs6EOHDrlnKy8vz27cuKENLYQQZQgXYeYgDh8+3BPjP/30U0+Ul22ODSS2RIlh89KZGKGVmppaNAZCCCFE2RAaTzdp0sR69OhhZ86cKRrPI8oeiS3xQlBKvHr1ak/CzM/P9ypFblba2EIIUXpgc1nXr1/30GH16tVt4cKF7uVSPm3sILElXgiEFYny3bt3t4yMDDt16pRXwWhzCyFE6YEtxoO1detWrxKn5QNeLXK4ZItjB4kt8cKQD7B06VKrW7euz966f/++3NZCCFFKYGsRVYxSGzp0qFWsWNFmzpzpXi3Z4dhCYku8MHix8GjROK9169b2+eefy7MlhBClBF4tZh4ycLpBgwaWnp5uJ0+edAEmYguJLfHCsKHJ1aINBPMS582b57lcEltCCBF9sLV37tyxUaNGebuHgoICb82DCBOxhcSWeGEQW+RpMS+RBnpUJl67du3Rs0IIIaIJNhj7Sxue3r17u1cLT5fEVuwhsSVeGDY0m538gHHjxlm5cuVs2bJlRaFEebiEECKyYFexvSxG8ZCj1aZNG1u8eLHbYmyybG/sIbElXhrE1f79+70SplWrVnblypUiIaZNL4QQkQObim3Fg7Vnzx5r27ate7ZoNK1+h7GLxNYLIhHxH3gt7t69a6NHj7Y333zTb1g8huDS6ySEEJEj2FZsbsjVmjp1qlck8riITSS2SghvdG4VLL2x/w2vCTeqY8eO+ZgIqhNv377tj0tsCSFE5Ahii/ysdu3aWa9evez48eOePytiF4mtEhLe6BJa/yGILapgpkyZYm+99ZYtX75cr5EQQkSBhw8fem/Dpk2b2ooVK9z24gAQsYvE1gsgb8334fUgb4ubFX23qEzkxnXp0iUXXHq9hBDi5QmXfexs165dbdCgQXbhwgW3vbrcxjYSWyIiYARY3377rc2ePdsqVKhgs2bN8j5canQqhBAvDvYTO1o8glCvXj1bv369ehvGCRJbIqJwu6KTPNUxTJ/ft2+fGwjduoQQsUq4LMaqaAliK1QgYls7duzoXi0JrfhAYktEFDY+3i2mzjN9nmoZVckIIWIZ7BMrlsUWv9/169d9BmLNmjVt/vz5Po9WxAcSWyLihNytzp07ewLntm3b/EYmhBCxCGImlj1E/G4kxa9Zs8ZSUlKsb9++VlhY6FGDWP69xX+Q2BIRBwNAJ+MlS5Z4K4icnBy7fPlyTN8chRAi1ggikErDcIFt1qyZbd26tWgsj2xqfCCxJSIOm5/8Am5eWVlZ3nRv1apVnsipZHkhhHg+EFMILYZNT5o0ycOHkydP9s9lR+MLiS0RNXB7b9682Zo3b+5DUvFuye0thBDPB0KLHFjsaKNGjbzw6MSJE35pFfGFxJaIGtzKbt68afn5+V6mTKNTBJjElhBCPBtsKJfUAQMGWNWqVT0pnnY6PC7iC4ktETUwCIQOjxw5Yunp6d7olLES6nQshBDPhsspvbSIDpD7ev78eUUH4hSJLRFVEFzffPONJ8vXqFHDhg8f7vkGIIMhhBDfB7vIIlR49OhR69mzp/fU2rlzp4cU5dWKTyS2RFTBaODJoj/MmDFjvBkfRgNDwpLhEEKI/xBsJpfSCRMmeK4WcxD5XFGB+EViS5QKuL5Pnz5t2dnZNmzYMBdfEltCCPF9EFshfNimTRvr16+ft33Ahor4RWJLlAqhqoYJ9Q0aNPAO83weXOYsIYRIVoId5AJ67tw5rzxs376999SiU7wupvGNxJYoFYIhYZZXZmamhxN3796txnxCiKQHG4jnCm8/Xi2G+NOfcM6cOXb37l3ZyARAYkuUKlQnbty40TvLk/iJ+MLrpVubECJZCWKLUWckxbdo0cJTLhjqrzytxEBiS5Qq3M5u375t48aN827ICxYs8GpFGRQhRLKCXcQGXrlyxS+h9CXcsWOHX05FYiCxJUodbnAnT560jIwM7721f/9+v9EJIUQygtiiAfSoUaOsevXqXn1I+BABpvBhYiCxJUodDAjeLDrKM8F+8ODBfqOTURFCJCN4sBBY5cuXt9zcXLt27Zrns5LDJbuYGEhsiVKH/AQEVxiuSnUi4cQHDx744ywhhEh0sIUsOsOnpqZ69WGYfYgdVC5r4iCxJcoMjAklzvSRadu2rW3bts1LnDE0QgiR6CCm8Orn5eVZ69atbd26dX7plDcr8ZDYEmUGhoZeWySC0rwvLS3NDh065DldMjZCiEQF+4b9o1iINg+tWrWyqVOn2o0bNxQ6TFAktkSZglHBm0Wz09q1a9vQoUO9u3zoOaOQohAikcDmYdvIW8XuMWR60KBB3uZBQitxkdgSZQ7GhUqcESNG+LDqgoICr8QhQVRiSwiRSGDTSIjHi9+lSxfP1VKbh8RHYkvEBNzoaAfRrVs3v+kxoiKM8xFCiESA0CFiCy/WwIED3dYtWrTIw4lKhk9sJLZETIChYUzFnj17PHerY8eOdvjwYRdhQggRz3BpRGRhz/Dajx071sfxkBh/8eJF7zOoi2ViI7ElYgIMEWHDe/fu2erVq73/Fl4uboAyQkKIeCZ4tPDWr1q1yho2bGh9+/b10TxcMuXVSnwktkRMUPzm9+WXX9rEiRPtvffe8zyu4GKX6BJCxBvYLewXto30CC6SWVlZduzYMRdf2D3ZtsRHYkvEFBgdjNLly5etd+/eLrio2CF5VAZJCBGvnDlzxpo1a2aVK1e27du3F3m0ZNeSA4ktEXNggAgpkrPF9Ht60FC5o/wtIUS8gT374osvvHlzhQoVbPbs2Z63RXsbnhPJgcSWiDmC2x1v1saNG61x48aWnZ1thYWF7nKXgRJCxDrFvfQff/yxe7TGjBljt27dchvGklcreZDYEjELhojGf/PmzfOEUip46LCsHAchRKyDmMJekX9Kw+Zhw4a58NJlMTmR2BIxC4IKYcUEfAxWu3bt3AVPA9Tg4ZLoEkLEEsFu4cGihxZ2i55a5GwpdJi8SGyJmAfDxbBWBFfLli19hhgCDMPFc0IIEStgk7766itbuXKld4cfPHiwVx6ql1ZyI7El4gJyH86ePeuGq1GjRjZt2jR30QfvloyYEKKsKG6DHjx4YJs2bbKMjAxfW7Zs8cdko5IbiS0RFyCqKJU+ePCgde3a1erWrWsLFixwI8ZNkiVjJoQobbA72CdsEJdCpmB06NDBvfDLly+3O3fuKHQoJLZEfIBBw5iRME9jQNzzbdq0sX379nk4ERc9zwshRGkSbBOCiokXCC0G6lPYQ4NmCS0BElsibsBoIawY6bN+/XpvEMgMRQZYF088lYdLCFGaYHuoNCRs+M4773heaSjkEQIktkRcgZDCVU9TQDrL16lTx2+SzBgL3i3dJIUQ0QY7g73BHpE/2r9/f/vLX/7i+aR4tCS0RHEktkTcETxcCK7Fixdb9erVLS0tzSt+MHwYOXm3hBDRJNghKqUp3EFo5ebmuvCS/RGPI7El4o6QI4GwosR6yZIl3mV+6NChbugwgBJcQohogF1hYWcIHY4fP97tz8iRI70ljTzr4klIbIm4JBg8DBuCi+aBhBMnTZrkN01CiogxCS4hRCTBrjC79fz58z7Vonnz5h46JEdLQkv8LyS2RFxT3JU/YcIEr1DE8F28eNENojxcQohIgS3hIheEFkPyP/nkE7tw4YJytMRTkdgScQ3GDyOHAcTgUQVE/tbo0aO9CWpxwSXRJYQoKcF2cLHDq3X16lWbMmWKj+HJz8/3dg/YHyGehsSWSAgwhhi8S5cu2YwZM/zGSQ4X88gQXAopCiFeBOwGFzZsCB50BBYpC5MnT7bCwkL77rvvFD4Uz0RiSyQMGDyEFTdPPFx0mc/JyXGXP0JMIUUhREkJHi0aKlN1WLVqVQ8dcrFDaOkiJ54HiS2RUIRb6PXr1z1ZvlKlSpadne2GkdwuDCPGU8ZRCPG/CHYkLEbu0EfrzTfftCFDhnhOKPZEtkQ8LxJbIuHA+CGqqA5CcJUvX9769OlTlFshD5cQ4llgJ/CUI6xGjBhhb731lqco3Lp1q+jSJsTzIrElEo5wK8UgciMlpFihQgXr1auXj/bB9R8El0SXECIQbEJISSDns2/fvvbRRx/Z/PnzPZQoD7l4ESS2REJS3GgiuGbPnm3169e3bt262e7du+3+/ftuNEMoQAghuIRhE+jdt2fPHs/Rat++vS1fvtwePHjgXxNsixAlQWJLJDQIKW6hodN8ixYtrGfPnrZp0yafX0ZYUTdUIQQ2AFvBGLCNGzda586drW3btj4SjMeEeBkktkRCgwHltspCcG3YsMHDienp6S6+wsBYBJdElxDJB3uevY8duH37tq1Zs8YvZJmZmUU2gueFeBkktkTCgzENouvevXu2detW69Gjh7Vu3dpmzZrl882UOC9EchJsA+kGBQUFHjbs3bu3ffbZZ/6YhJaIBBJbImnAqBIm+Prrr23nzp3WvXt375kzfPhwbw0RjKoElxCJD/s87HUGSFO5XK9ePRda5HWSDC+hJSKFxJZIGoJx5RZLsuu+ffs8VPDuu+9abm6u3bhxo+h5jGwwxEKIxIK9HfY4YUJ6aH3wwQc2YMAAO378uFcsa/+LSCKxJZIOjCgerocPH3rz04ULF1qNGjV8ev+hQ4fcCEtsCZHYUHXIfmd4ffXq1W3VqlXu9da+F9FAYkskHRhTvFehXw5tINauXevjfRBdK1ascKPLc3ytjK8QiUHY++zvXbt2WUZGhvfgo+Lw22+/1SVLRA2JLZG0BCHFwstFngaT/KtUqWJjxozxhoY8jnEWQsQ37HMuWBcuXPD8rEaNGvlA6ZUrV7r4Cl8jRDSQ2BLiEXSMPnDggCfIkig7cOBA27t3ryfKyggLEX8U37fs71OnTtmoUaOsTp061rFjR9u8ebNXKGt/i2gjsSVEMWgBcfbsWcvPz7eWLVtaly5dbN26dd6jixCDECI+QECFYhcuTFQgZ2VlWdOmTW3QoEF+kSKFQKFDURpIbAnxGORq0XtrwYIFXq3IWrRoUVG1ohAitmGfIqIQW/TKoggmNTXVe2jNnDnTL1SkCGg/i9JCYkuIx8AA4+GiJJwk2pEjR7qXi8n/58+fLzLQfJSxFiJ2CHuShdiif9a4ceOsVq1a7tXasmWL3bx503O3tHdFaSKxJcQTwBBzK6bfzueff255eXlWvnx5a9iwoVcu0qeL5/GCKbwoRNkT9iz7kX158uRJH7tDH72cnBw7ffq0e7O0X0VZILElxFPAgHMLvnr1qk2ZMsX+8Ic/2CuvvGITJ04syuNi6ZYsRNnCHmQv0sJh9erVVrt2batcubLNnj3b++mRII8YE6IskNgS4hmEmzK3YqqZ+vTpY2+88YZ17drVDh8+XNSfRwhRNgSvFqKK4pZKlSp5ruXBgwd9f5IWIC+0KEsktoR4DsKtGYNNLhfJ8+RxUdk0bdo0792DGON5IUTpgZC6ffu2bdy40RPg8WaRX8meDPtRnmdR1khsCfGcBMFFWJGS8f3791t2drY1aNDABg8ebNu2bfPKJxl2IaIP+wyvFbMMP/nkE8+nZFFt+MUXX+jiI2IKiS0hSkjwcJE8Twk5+VstWrTwNWvWLLt06ZI/z9eFJQEmxMsRLjssvFkIqk8//dS6detmKSkpngS/Y8cOu3v3ru8/7TkRS0hsCVFCMOJhYdQpJafxaa9evXwESN++fX30Dwn0IVdEhl+Il4OcLPYTDUrJxcKbTBifxsOE9emNF1o6aL+JWENiS4iXhEOAsCJeLkIYzFds1aqVTZ482U6cOOFtIoJ3S4eAEM9H2C9hzyC0Ll686A2GGbXTpEkTH71DkUrxwfFCxCISW0K8JBh4xBSiC28W8xVzc3O99JyE3SVLlnhzRW7dfJ0Q4umwp9hPCCg+ErJnX+E1rlu3rocO16xZ4/sKERbCi0LEKhJbQkQIDggOBzxZ9OVaunSptWnTxquj+vfv7zdwDg0hxP+m+OWFCwqCat68eV6Igjdr7ty53mgYb7K8WSJekNgSIkIEscVNm0WlVGFhoYcTq1Wr5p4uGiwyY5HDhK8PB4sODJHshP0Q9gS5WVT4EjJ87bXXrG3btj48mssM+4u9Jm+WiBcktoSIIEE0FT807t275wn0JPPSDDUjI8M2bNhgt27d8kODG3z4PiGSFfZK8AyT/0g7hw8++MDeeecdGzJkiD8WPFnF95kQ8YDElhBRhgOBUSHMZuMAqVq1qn344Yc2bNgw27lzpwbjiqQHoYXIYtA7lYWtW7e2cuXKeRieWaS0c+BSIkS8IrElRJRBRIVkX7xctIUggb5Zs2Z+qIwfP97zuUiuL35zl/gSiQjva8RVeI+Te3XmzBmvMmRwNI1JEVkTJkzwal4mM7B/FDIU8YzElhClQDhYWBwcjPz57LPPPDxCTgoNGcnnouKK8GKoXOTrhUgkQriQi8e5c+e8kCQrK8uaN2/uIovZhkeOHPF2DiHErn0g4h2JLSHKAA4PKhNpxLh582YbN26ci6709HQbM2aMN20kQTgQDhwdPCKeeNJ7lvc91YRz5szxhqSILBoC8zkjsLhsIMaESCQktoQoIziAuLkTJmH0CEnzeLrq16/vJe4IMG74iK4QhlSvLhFP8L5l8Z7lIyKL1g2pqaleoUsD4ClTptjRo0fdk6XcRZGoSGwJUcZwuCCkSBBmruLy5cstLS3NqlSp4u0ihg4daocOHXKPQDi4hIgHglcLbxXhQuaHvvfeez7Wiu7vwZNFAQnvbQktkahIbAkRA4SbP6Ir9OdatWqVde/e3cqXL2/16tXzIdeMK6FdBIcS38MKB5oQZUXx92NYvJ+ptGVYNOFxWjhweaDvHJ6sO3fuuMjiPS+hJRIdiS0hYoggnFiIKrpn06OLMSV16tRxjwBhF8RYqNIi9KLDSpQliCtEE4v3LQUgmzZt8jxEestVqFDB8vLyisLifH3x97oQiY7ElhAxCgcSQorwIR4CEump2qJHF+XxiK6TJ096y4jiuS46vERpw3sO8U8YnHAhjXsrVqxoKSkpnntIwQe9svBkKS9LJCMSW0LEKBxIeKxYCK/ini5mLdaqVcvnxQ0ePNjWr1/vSfaEIENYJngPhIgkvKd4b4XLAGKfnELEP4PXP/roI+8hRwNfcrJCC4fiS+9LkWxIbAkR43AwhcOJj6F6cfXq1R5ebNy4sbVq1coFGJVe5MPcvn3bPWIciEJEEsQS70GGrW/fvt1bldAfi3ws5hdOnTrVxRc5WYixgASWSGYktoSIM0JeDF6sK1eueEf6+fPnW79+/fywI4Tz8ccf29atWz10U1xwBeFWfAnxOE96f/Bn3nO0byDpfeDAgT4BoWXLljZo0CBbuXKld3zH08X7k/epxL4Q/0ZiS4g4g0MvhHFYHGokHTNXjl5dCC3COR06dLCRI0e6B4zngqeLhXcihBuFKM7j7w+EE16sLVu22MSJE61bt27uSe3atatNmjTJduzY4c+H1iRBpPFzios1IZIZiS0hEgAONQ5HenVdv37dwzi0isDLRZNUxNfYsWM97EOlGOEdDkYORCGKE8QWXiwKMKZNm+YeLPq+0YSUhHcE/KlTp9xzihiTqBLi6UhsCZEgcEgiuBBSHICEcxjwSwk+Q305MKtWrerCi+HXhBkJQwaPV/BI6OBMbIr/Pxf/v+bPvHfwkiKyeM/Q361cuXIushBd5AOGqsLgxRJCPBuJLSESiOKHaFgcihygp0+ftoULF3qjVLwUb7/9dlELCQ5R2kvgGUOocegi3BQKSjweF+X8n+Pt5P1BLhYTCxBXhAqHDx/uA9NDpaveD0K8GBJbQiQBHJAcsHgkqBKj7xGeC5KbGZ9SqVIl69Spk+fg0M+LTvX379/3A5kDViQG4X2AcGJMDh4sBkAjwBHeNM7t3bu3Ty8gzw+RjiDTe0CIl0NiS4gkIHi4OGhDrhZCKnT6HjFihLeQIGRUuXJl92xQ0r9kyRLv+k0riRA6Ct4NPiqUFFuE/xc+hj+zEEz37t2zy5cve0L7jBkzvEFu06ZNvfEoSe+ECfft2+dhwuDVDO8Z/R8L8XJIbAmRRIRDOBAOZPK2Lly44CEjDl3GrFSvXt271XMgDxkyxIUXBzXeEEKO9FriEJfgih2CsAqeK/5PDx8+7MPNR48ebV26dHEPFrlY9MYiTEjRBI1Hg8DS/6UQkUdiSwjhByyiCe8V4UPGrnAIz5w50wYMGOCHdFpamnu/WrRo4V3rye/Zu3evnT171m7cuOG5P88KO/L36DAvOeF1e/y143NEEmIZzxUFD4grel7RAoT/N4ZAk39FYUSfPn08fLxx40YvnsBjiTjT/4kQ0UViSwjhcOCGMCGLQxwBhReL/J2dO3d6nyXye2ieykgWxBciLCcnx1tN0IuJRGv6LnH442EJYSh+Zvj5Otyfn+KvHQtBy+tK7h2eK5raLlq0yMfjZGdnW2pqqnsjGeWUmZnpBRCEivFI8v+CFyt4JMP/hxAiukhsCSGKeJII4jEWhzwHNfMZjx07ZitWrPCmqTS3JCRFPy/yf/B8de7c2Z8jJIkAQxTwvXjOJLaen/C6B3GFx5FQLq8r45l43evWrevzCBmXg/DNy8vzYdB4JhHJoVVD+H8sjv4fhCgdJLaEEM8FB3PwhoTQFQKKtgCMaSE0RTUj4qt58+YuvipUqOBCgIR7RAC5Q3hiaIhJsnbwtITw45MEweOEr3nW15U2/+v3Kv7448+Hz4PniteU/miEA3mN9uzZ4yHByZMne+iWsCBiltYd5cuX9/wrRuXMmzfP+6YR0kVc8XN4TVl4seS9EqJskdgSQjw3xcVBEA3hMcQCYUcEFIc+lW309SLnCw8MbSYQYYQfySHCC0MiPpWQJN/jiUG0Id7IJeJnIRrwyiAagtDj7w4rVgivSfj9AuF1QZyy+Hfwb6K4gDAruW68VoRo8RROnz7dixF4bfBU1axZ072FeK/CsHFaNaxZs8a2bdvmIdswdJy/J/xfPL6EEGWLxJYQIqKEAz54v6iKI/xFzhACoaCgwL00hBrDIGMWfybHqG/fvpabm+uhMoQFQ7bXrl3r4Ui8YsePH7fCwkIfS4TQYBFiwyMUkvSDMAsLAfSiwqP49/Ex/Ez+fQhBelHhTeL3QDzxb2VYM4sk9AMHDriQ5PdnzA0ClH8XXfxpINqjRw8XoFQI4g1s0qSJe6/wBpLkjmeL70dYhcaz4d/4Iv8eIUTpI7ElhIgKwfsUxElxgULFI+IIcUIDVSroCEOS6I0IwYPTr18/r6BDgDRq1Mi9O7Vq1fKkfIRZr169XLQRRhs4cKB7hKi0W7x4sTflZCFuEGokiCNYED6INYQfi1AdHxEyLD4Pj7H4Wjx0LLxuhPXWrVvnPxsRhGiiHxnikN+DhqAIJ5LT8eax+H3x6AXvHvMq+bfx9YQHEV94tfj96OTP6xGEJMKKMCCvW/HXk49CiPhBYksIUebgoUFA4LHBU0SzVQQHITaGau/atctbTSBuqK5D3CC2EDfkiBFiQ+Sw8ArxORV5zIJ8//33vV8Yf0a4IdTwGrEQc3zke4KIC4+x+Dx8DwIJoRTCoAgnvofP8cjx++ClohM/DUPz8/O9dQZiCq8WbTLo3M+/iVAr/8bgpQpiSp4qIRITiS0hRMwRwnWIED6GXCeq8hBjhCYRLCSSE7bDK4UXCmGG94lFwviCBQvce4RAY02dOtXzoliEKcNHGn7iJRs3bpx/HhZfz0e8ZXjH1q9f7x8Rf4Q0WXjlCGuSa8bvw+9FuI/Efzx4oflrEFXBMyVhJUTyILElhIhJECPPuxAvrCDQWIgbxBmCJyyE2uOLRHVyvhBwhDb5PDwevoafQ/gTwRfCemEVF0+P/z7/6zEhRHIhsSWESGqKCyIJISFENJDYEkIIIYSIIhJbQgghhBBRRGJLCCGEECKKSGwJIYQQQkQRiS0hhBBCiCgisSWEEEIIEUUktoQQQgghoojElhBCCCFEFJHYEkIIIYSIIhJbQgghhBBRRGJLCCGEECKKSGwJIYQQQkQRiS0hhBBCiCgisSWEEEIIEUUktoQQQgghoojElhBCCCFEFJHYEkIIIYSIIhJbQgghhBBRRGJLCCGEECKKSGwJIYQQQkQRiS0hhBBCiKhh9v8B+zMZIXnYUEMAAAAASUVORK5CYII=</file>
    </questiontext>
    <generalfeedback format="html">
      <text></text>
    </generalfeedback>
    <defaultgrade>0.0000000</defaultgrade>
    <penalty>0.0000000</penalty>
    <hidden>0</hidden>
    <idnumber></idnumber>
  </question>

<!-- question: 126869  -->
  <question type="description">
    <name>
      <text>Questions 4-6 Example</text>
    </name>
    <questiontext format="html">
      <text><![CDATA[<p dir="ltr" style="text-align: left;"><span>Use the following example to help you to answer questions 4-6.<br></span></p><p dir="ltr" style="text-align: left;"><strong>EXAMPLE QUESTION:</strong> Determine the shadow cast by an object from a single-point light source. <strong>Select the correct answer from the available options.</strong> The answer in this instance is A.<br></p><p dir="ltr" style="text-align: left;"><img src="@@PLUGINFILE@@/04-06%20EX.png" alt="" role="presentation" class="img-fluid"><br></p>]]></text>
<file name="04-06 EX.png" path="/" encoding="base64">iVBORw0KGgoAAAANSUhEUgAAAr8AAAJQCAYAAACHCwy5AAAgAElEQVR4AeydB9gU1dn+BcQCaiz5YjSaKGqkiBhjy5e/BQRUFFAUKS+92Bu9GCVGjcYaCxpRY0NFDfaCnyZoVBIbKkWwi6BiQRHBWMDnfz1jBpfXLTO7Z3bnPPOb65pr33dn5uyZe+5zz2/PnplZS5hQAAVQAAVQAAVQAAVQICMKrJWR/WQ3UQAFUAAFUAAFUAAFUECAX0yAAiiAAiiAAiiAAiiQGQWA38wcanYUBVAABVAABVAABVAA+MUDKIACKIACKIACKIACmVEA+M3MoWZHUQAFUAAFUAAFUAAFCsLvWmutJcxogAfwAB7AA3gAD+ABPOCbB4ohflH4feWVV4QZDfAAHsADeAAP4AE8gAd88YCCerGp4FLd0JedpJ40SDyAB/AAHsADeAAP4AH1APBL7zVfYvAAHsADeAAP4AE8kBkPAL+YPTNm5xs/3/jxAB7AA3gAD+AB4Bf4BX7xAB7AA3gAD+ABPJAZDwC/mD0zZufbPt/28QAewAN4AA/gAeAX+AV+8QAewAN4AA/gATyQGQ8Av5g9M2bn2z7f9vEAHsADeAAP4AHgF/gFfvEAHsADeAAP4AE8kBkPAL+YPTNm59s+3/bxAB7AA3gAD+AB4Bf4BX7xAB7AA3gAD+ABPJAZDwC/mD0zZufbPt/28QAewAN4AA/gAeAX+AV+8QAewAN4AA/gATyQGQ8Av5g9M2bn2z7f9vEAHsADeAAP4AHgF/gFfvEAHsADeAAP4AE8kBkPAL+YPTNm59s+3/bxAB7AA3gAD+AB4Bf4BX7xAB7AA3gAD+ABPJAZDwC/mD0zZufbPt/28QAewAN4AA/gAeDXOPxed911ogdZX2nwNHg8gAfwAB7AA3gg6x4AfmPA78yZMwOQVNFy5169eqUWLCdOnBjUVV+zbnb2n8DHA3gAD+ABPIAHgN8Y8Dtt2rQ1oDcEYOCXhkSY4gE8gAfwAB7AA354APgtE359MTg9v340RF/8RD3xEx7AA3gAD/juAeDXIfxuscUWQc+w9hCrMc4999zg/3vuuWf1/23atFnde9y+fXuZPn16sCzsVdZtjjvuuGAdLU/hVbcPt8vdRj9DD6Cur+uFn6//6xANXZ4PfnX8b1iebqOfGa7vu6GpP6GMB/AAHsADeAAPFPMA8Fsm/Kpw4RzC7pQpU4L3FFCfeuqp4O/cIRHh+rmvuq4eoBB+c5cV+lvhNjyohdYZP358XvgN61h/OwXgsExeCQ08gAfwAB7AA3jAqgeUgYpNBZfqhi5ECe9GEMKY/p/vvbA3NFxPe0zzvRf2fup6+rfWMcp7Wl5Ytr7mAma4n4UANYRfXU9hN/xsfQ17dnWZ7pdCsf6d+3n6f1i21lX/1p7YsHdW66L/h7qEwKzbhXUO6xCuE+57/Z5f3Va3CXujw3qE62uZ4RyWFX6G/p/vvXzHIep75R6bsN5h3fTz8r2Xr7753ota33zrsQ/ffxFUffLpG/W9fPrmey+K5urj+uvl80i+96LWN996+eqb7736dctX33zv5atvvvfy1S3qe/nqm++9tOxDvrpFfS/KPuTTN+p7rjXPt1/sw5oZlO/YuD4OUTRPe/vV+mV1VnYoNhVcqhu6EC3Nhqy/fyGgFtv33J7VXEjVshREQ/gMoS0sKyw7t6c4BOkQbMN1wm20zLCc3LrmvlcffsNl9V+1IeeWoX+7PjaEdumArkZoJ30covom33r56pbvPQsnHvahdHvI55F87+XzSNT3ohyHfO0y6nv56pvvvaj1zbce+1B9L0XRXM+j9ddz7ZtKvFT/nJ+l/5WBik0Fl+qGWRJK9zUffNbXQHtr1exhr23YwxpCcTgcIbcB5JZdLvyGgBw2BK2DllsffuvXq379+T+734Q59hx7PIAH8AAeyIIHgN8Y3f658JvbcxoCay5ohrCrsKlGCv/P3S78W5eHZYdl6Xtxen7DssLXcAxvbp20zPD/cL3wVd/X5cxogAfwAB7AA3gAD1j2gLJPsangUt3QsjD59k3H3YawmPuqkBpe4KY9ruGdE0J41d5YLU97fcPt9KercAiELssHv+HPW2GvbthbHPbq6nZheQqv+r7+r58T1iGE3Vy41b/DHuDc7fPtM+8RgHgAD+ABPIAH8IAlDyj7FJsKLtUNLQnh676E8Opr/ak3gYoH8AAewAN4AA9U0wPAr+c/9QO/BEY1A4PPwm94AA/gATzguweAXwPwmzsMwndDUn9CFQ/gATyAB/AAHkjSA8Cv5/CbpDkom/DBA3gAD+ABPIAHrHkA+AV+GbuNB/AAHsADeAAP4IHMeAD4xeyZMbu1b67sD70xeAAP4AE8gAfiewD4BX6BXzyAB/AAHsADeAAPZMYDwC9mz4zZ+XYc/9sxmqEZHsADeAAPWPMA8Av8Ar94AA/gATyAB/AAHsiMB4BfzJ4Zs1v75sr+0BuDB/AAHsADeCC+B4Bf4Bf4xQN4AA/gATyAB/BAZjwA/GL2zJidb8fxvx2jGZrhATyAB/CANQ8Av8Av8IsH8AAewAN4AA/ggcx4APjF7Jkxu7VvruwPvTF4AA/gATyAB+J7APgFfoFfPIAH8AAewAN4AA9kxgPAL2bPjNn5dhz/2zGaoRkewAN4AA9Y8wDwC/wCv3gAD+ABPIAH8AAeyIwHUgG/WokGDRowowEeSLEHrH3zZ3/S0ZtF/nPu4/yffg9Yy8tUwK8aXyvCjAZ4IJ0e0DZqLfzYn3TAL/mfzjZPFnNcQg9YzH/dt2JTwaW6oauTB+FHIwsbGa/p9ILF8HOVX5RTGUST/+ls82QxxyX0gMX8130rNhVcqhu6Cn3Cj0YWNjJe0+kFi+HnKr8oB/glt9KZWxwXN8fFYv6rN4pNBZfqhq5CH/h1Y1AaOjom5QGL4ecqvygH+E2q3VEumZ4GD1jMf9W12FRwqW7oKvSBXxp4Gho4dSjsQ4vh5yq/KAf4JTsKZwfa+K+NxfxXXxabCi7VDV2FPvDrf+Mg4GwfQ4vh5yq/KAf4Jf9s51/Wj6/F/NdjWmwquFQ3dBX6wC/BkfVwSfv+Www/V/lFOcBv2tsv9eMcW4kHLOa/6lFsKrhUN3QV+sAvDbOShsm2yfvHYvi5yi/KAX7JoOQzCI1rp7HF/Fc/FZsKLtUNXYU+8Fs7UxMoaB/FAxbDz1V+UQ7wG6UNsQ5Z66sHLOa/HotiU8GluqGr0Ad+CQVfQyEr9bYYfq7yi3KA36zkAPuZzXO1xfxXLxebCi7VDV2FPvCbzQZFkPpz3C2Gn6v8ohzglyzzJ8s4VvGPlcX8Vx8Umwou1Q1dhT7wG9+MNGA0q6YHLIafq/yiHOC3mm2RzyL7q+0Bi/mvGhabCi7VDV2FPvBLY652Y+bz4nnOYvi5yi/KAX7Jk3h5gl5+6WUx/9WDxaaCS3VDV6EP/PrVEAiu7B0vi+HnKr8oB/glE7OXiVk65hbzX49fsangUt3QVegDvwRHloLEx321GH6u8otygF8f2zR15rwb1QMW81/3vdhUcKlu6Cr0gV8aYdRGyHq18YrF8HOVX5QD/JJLtckldK+O7hbzX71TbCq4VDd0FfrAb3UMTFCgc7kesBh+rvKLcoDfctsV25HJPnjAYv6r7sWmgkt1Q1ehD/wSAD4EQJbraDH8XOUX5QC/Wc4G9t3++dti/qtvi00Fl+qGrkIf+LXfeAhIv4+xxfBzlV+UA/ySb37nG8ev+PGzmP96zItNBZfqhq5CH/gtbjwaJvrU2gMWw89VflEO8Fvr9snnc45I0gMW81/1KjYVXKobugp94JeGm2TDpezK/WUx/FzlF+UAv2RM5RmDhunV0GL+q9+KTQWX6oauQh/4Ta/pCSSOjXrAYvi5yi/KAX7JSXLSsgcs5r8er2JTwaW6oavQB34JDsvBYWHfLIafq/yiHODXQhtnHzgPF/KAxfzXfS02FVyqG7oKfeCXRleo0fF+OrxhMfxc5RflAL/kVDpyiuOQzHGwmP/qlWJTwaW6oavQB36TMSxBgK6uPGAx/FzlF+UAv67aGeWQ2Wn0gMX8V52LTQWX6oauQh/4pcGnscFTp+99aTH8XOUX5QC/ZMX3WYEW9rSwmP/q02JTwaW6oavQB37tNRYC0NYxtRh+rvKLcoBf8s5W3nE81zyeFvNfj3GxqeBS3dBV6AO/axqNhoceafOAxfBzlV+UA/ymrb1SH84hLj1gMf9Vn2JTwaW6oavQB35pqC4bKmW595PF8HOVX5QD/JI57jMHTdOjqcX8V38Vmwou1Q1dhT7wmx6TEzgci3wesBh+rvKLcoDffG2G98hSKx6wmP96bIpNBZfqhq5CH/glJKyEhNX9sBh+rvKLcoBfq+2e/eLcrB6wmP+6X8Wmgkt1Q1ehD/zaaWCN124oGzZdRzZs0rjgvEGTxrLB+jqvLU3X+25ust7a0mTdRrL+Og1lvcYNZd3GDaXx2g2kUUM72vh8IrEYfq7yi3KAX5/btsu6r87/po1lw/rzf88JxfO/Efm/VvrOeRbzX31fbCq4VDd0FfrAb/rMXm4gtt11C3ni2u7y75t7yr8m91hjnnFTD3nq+h7yxF+7y+PXHC6PTTpMpl/ZVR65rLM89OeD5d4LD5Sp53aUW89sJ9edvq9cMeY3cu4Ju8pJPVvJwK4tYswtZWDX0vOAzs2lruMO0nXvn8ueLTeVX2zeNADycvfd8nYWw89VflEO8Gu57cfZtyj5/2Tk/P/fqub/NuS/FDrWFvNf97XYVHCpbugq9IFfO/D729Y/kbcfGCQyf4zI3JEF5lF53s99T/8eJfLyf9+bp3+PjDjruqOjzXNGiswcJitmHCdvPdBfnp3cQ64eu4/8dNP1CoZAoXCw/r7F8HOVX5QD/Fpv/1H3z0T+b0L+1z/eFvNf97HYVHCpbugq9IFfO/DbapuN5P/+fLDIC8NFZg0XealW8wiRl0rMs0aIKAAraM8bLfLK2GCbCYN+JY0a2Tkm9YOsnP8thp+r/KIc4LecNmVxG/Lf5nnDYv5r+ys2FVyqG7oKfeDXToNp/vMN5Ooxv5XPHjtWZLbCZ4rhV+FYATh3njtSPnr0KOm4x5b0/uaMPbMYfq7yi3KAX4sgW84+tfhv/i8l/02dPyzmP/Cbc4Ivp7GzzZrg3nKbDeXMobvI/Nvqagy/Ct0len7D5bnwq3/PHSn/mNhFmv2sqakAq8SrFsMPaK0MWl3pR+fHmhlaSTut9baa/2cN3UXmTTGQ/1uS/6GfLOa/7luxqeBS3ZDwsxNaockrfW3dbCMZ27eVPHBhJ1k585TvelV96/2dPTKo900T2spGTRoBwEZvdeMqvyinMogGfu2cR8L8v1/z/3nf87+dbNiU/FcmAH5zMBn4tRNYlQJv7vZ7Nd80gN+LTt5Tlkw/xp/e3/pDIOaOkqVPHif9O+0A/BoNP6C1Mmh1pR/wa+dcslfzTWRsn1ZyYZD/R/ud/0+Q/+G5HfgFfgGhIsNEGqy1lrTbZTMZ36+1jOvfWl688UiRF2s15jf3cyMOf6gPwPNGy/M3HinamxGGQFZfLYafK3ijnMogGvi1Ab+5+T+2f2t54QYL+d9DWm9L/lvMfz2XF5sKLtUNXYU+4Wcj/Bo2WEsO2uN/ZHz/1jKqdyu55fftZOUz+tNXLojW4u8y4Te4YG+EPHLZwbL5JutmGoAthp+r/KIc4DerX4pz91vz/8Cc/L95gub/yX7n/yzN/0Nk843Jf2s5B/wW6cnMbdj8XRrQGzZcS7r+dvMAfsf03UnOGPorWXz/4BT89KXAHRGA61/8NnuEfPvCMBnXr41ouGfVB8BvZYBn7cThcn/o/LCRK5qPXf73+/z//dBfyfsG8n/VC8NkfL9dyP9XbGUg8Av8OgM6fRRxt322COB3bN+dZHRdK/n75V1rfNFbbk9zmQA8Z6R8+MhQabvr5s608g2igV9bwe8SXistC/i1Ab/1839UXSt5lPw3cc6wmP/AL/DrrHE2athAjmy71RrwO3H0b+U/T52Qgp++YvT+1h/7q73Bc0bJE1cdKq23+5EzvXwCYIvhVym0sb2bLwTArxX4zZP/oyzl/2Hkv6HeX+AX+HUGc2s3aiC92v88uOBNe37H9Gklvx+8i7zytz4ievuwmt3yLOz9jdjzmw9+tf5zRsrlI/eWdRs3cKaZLwAM/LoBPYD5hzoCv3bgt2e+/L/DTv5PHLm3rEP+O7veq5Z5CPwCv85ATuG37oBfrIbfEICnnnuAyMzhInNGfDf+Vy8kq/YcjuVViA3mUSKzc+Y5o4LeXe3hXT3rY49z5/lj5It/nyhDOmfv9mfA7w+hrZbBbemzgV8j8Kv53zFP/p/T0U7+/0vz/5fOzpl0ftQuV4Ff4NdZQ1b47XfgtquHPYTjfs85Zjd59LIu8uTV3eSJSYdVfdbPfeaG7jLz5p4ye0pvmXdHX3n1zv7y5j0D5Z37Bsm7Dw6W9x8aIov/b6gsfvRo+eAfx8gH04+VDx4/Vj54Ys3503+fILee00E2atLYmW4+BCDwW7uQtgS6+fYF+LUBv5r/ffPm/69Tm/8LyP9I5zGL+Q/8Ar+RzB8F0DT8+ndqtgb8BgDcp5UM69lchvWozTy8Z3MZ3adlcO/h3w3aWSYMbiNnDN1Fzjp6VznnmF/Ln47bTS44fne58MTd5cKT9hR9QMdFp+wlFw3bSy4avub855G/kfED28hGTYHffCDDe0ByXA8Av3bgN835r/cedpL/g9rIj8h/74c+AL/Ar2P4XbPnV+E3DfOYPt+NQR7dp5UEc10r0auRR9W1DO5JrPclHtm75fdzr5YyUufc93q3DO5gMejgZtJ0vWw99tLiN/+4kMb6yYA98GsJfu3n/+BDmknT9dd2dt6M0rFU63Us5j/wC/w6a8SNGzWQwYds94Oe3zTAr6s66AM8hnbeXpquR/gBg8nAYNZ0BX5twK/mv3YMaEa6ytu0lRPkf5ftgV8Dd30AfoFfZ/C7wXoN5egu261xwVvawqvS+pzav7UM7LSNNFmXnt+sQRr7mwzsA7824HeD9RpkIv8Haf7zyx/DHlycEAg/G+G3SdOGctxh28m4fna/+Sv81nXYWtZbp6GzLw21/kkryudb/NnLRXZRRuVATP4byf8m2cn/9cl/4NdF+BN+NsLvxxutLSccvoNt+B2wsxy+9xayztrZutcv8Fs55LnISotlkP/kf6W/yFVr+1OD/N9S1iX/gV8XYUz42Qi/zTdeR07u/ksZ1y8dF7klEYi/G7izdNj1J9KogY1jFqXXV9cBfoFfF1mfrwzy30aWaP6f1F07P2znf/tfk//52rFv7+l5rdhUcKlu6GpnCT8b4bfFpuvIsB724XePFptmasgD8Av4usr6fOWQ/0byfxPNf/vwu3vLzch/Lnhzc1Ig/GyE31Y/XleG99zR7JW+2pM8vn8r2XWHjQk/A+GXD8R4z02mx9GR/LeR/z/LQP6f2n8n2fWXm5D/BvKfnl/u9uCsIf/8J+vKyF7NzcJv8HNen5ayc7ONnGmmDdCHWQElDtCwbvUh0lfNgV8/MqBUTm2dkfxvsx3572vW5NYb+PUEPkoFTxqW//yn68uo3i0Mw29rGdW7ubT8eVMvgNWlJ4BfYDb3xOHyb+DXBvxmI/9bSMtfkP8u23+tygJ+gV9nILfNT5vImD4tzcKv3uD8lO6/lO1+ur4zzVwCapJlAb/Ab1InKeDXBvxq/o+us5//229B/ieVBdUsF/gFfp2B3LZbNDUNv6cOaC1Hd9leNt94XWeaJQmsLssGfoHfpE5MwK8N+N12C9udH3qP92O6bi8/Jf9NDIEDfoFfZyC33c+ayti+rcz2/Cr89j9oW9l4g2w92lhDAvgFfoFfG5Dq8ktxblnNtrSf/wM6bSubbNjY2TkzV780/20x/1XvYlPBpbqhqzDkm7+NUN1+6w1M3+NR4bdPx1/IRk2AX1dtn3KAavLfRv5vt1VT8/nf94Bt5EdNyX8LuQ380vPr7Fuswq/eCiaJh0ukoUyF357ttpIN1svWo401JCx+87cQ4Bb2Afi1Ab/bb7WBjDee/7321/xv5Oycqdnqw2wx/4FfT8znQwPZYesNbcNv/9Zy2N5byHqNs/VoY/WexfCzAI4W9gH49QOASp2Dtt96Q9vw27+1dNtnS/LfwD1+NTeBX+DX2TfPHTMAvwfstrk0zKBngF+GJyQF2sCvDfg1n/8DWssBu5P/SeVAtcsFfjMIMqW+wZe7fLftN5Zx/VqbHfagP+n9tvWPnX1ZKFfnWmwH/AK/SZ2cgF8b8JuF/P9/O/8P+U/PLxe81QJC0vyZ+7XeVMYbhV99utu4vq1kz5abEn5Gwi8pmKPceF8UgF8b8JuF/N+rFflvJd+UpYpNBZfqhq5EIPxshN+Bu29mdsyX9mjrAzx22/FHwC/w6yz7XGWoz+WQ/zby/4DdNpPx/Wxe8Bzm/+7NNyb/jeQ/8MuwByeNucFaa0mX3/zEcM9vaxnVq4W0abahE73S3IOfr24KKD4DFnWP1xtbTb2AX//hV/O/817283+X7cj/amZDkp8F/AK/TmBOw6/bPlvIOKO3utFHGw87ckfZcasmTvTKB5hpfg/4TS88JnmCqEbZwK8N+D3Mev73IP+rkQfV+gzgF/h1AnMNGzSQ7m23Mvuzlz7a8rhuO8iWm2Xv0cYaEsAv8JvUSQn49R9+v8v/n5nO/+O77SA/I//N/AII/AK/zuC3V4etzd7tQeF3aOdmstlG2Xu0JfAL+CYFvlou8GsDfnu2t53/R3XZTn5M/gO/ekJ0FYiEn//h16hBA+nTcRuzj7dU+B10cDPZZIPsPdoS+AV+XWV9vnLIf/I/DU/wLFaHIP8PaSabbkj+52vDPr5Hzy89v056fhs1bCD9D9zWdM9vvwN+IRutn71HGwO/wG+SJzfg13/4bdhwrSD/rd7qUq/56H/gNuS/kTs9aJ4Bv8CvM/gd0Gk7s/Cr4der3day/jrZe7Qx8Av8Ar/+A6q246RmhV/Nf8vw22v/raUJ+e/sF/8kMyVK2cBvgoGQVNCksVzt+TUNv/12kkP/35bSsEFyJ5A0HtewTto7FyVQWAdQjusBen79zxTz8Kv5v/eW0oj8N3Me0HNbsangUt0wbsgVWp/w8z/8rMOvPuHtwD23TKznJITMtL4Cv0Btofyu9H3y30L+2+751fw/iPx3xnyVZoaL7YFfen6dAJ32iA7o1Mzuz14afnsBvy5ChzIA6VwPAL/+w2+Q/wfZzv9O5D/wq13F9Pz6H1iuexn33nlTGd+vlRS7atbHZfqtf0xdK9mzRTYfbak+oecXYM0FVpd/A782ziV7tzaa/33Jf4v5n5qe3xtuuEF8nm+88UZJcr7pppukkrlQ3Sopc41tJ0+Wyy8+S8YN2EXG9rUFwGP6tJLTBu8pN157udx00+SKjsMamlV4TKtZlsXwcwlwlFX+lwP1ls/Zr3UvlK+u3q+0rReqR6Xlrt7eeP7/bvAezvPflecLHVsX74fH12L+pwZ+iw08ZpkfCqz4/DM5f8wRMrquuane39F1LeTME9rK58s+8eNAJFBLi+EHsJYPrC61U28x+a/AF8uWyvljyX//j+QP98Bi/gO/PzzOvFOmAqtWrpIpV58tI3v90hz8nn1SB/ls6cdlKuP/ZhbDzyXAUVb5IA38+p8PugerVq2SKZPOkpG9djSW/y3lLM3/T5fYOFBl7IXF/Ad+yzACmxRW4PkZj8iYvrvI2D4tzQTg6N4t5OIJA+WLFSsK77jxJRbDD2AtH1hdagf82gmPmYbzf8WKL+wcqJh7YjH/gd+YJmD14gosXvSWnDPsEBll6Nu/DuP465/HyjcrVxXfecNLLYafS4CjrPJBGvi1ExyLF74p5ww72Fz+X3uJ5v9KOwcq5p5YzH/gN6YJWL24AiuWL5PrLjpZRvTcwVDPb3O57Zo/Ft9x40sthh/AWj6wutQO+LUTHiuWf0b+2zmcq/fEYv4Dv6sPL3+4UuDRu6/977gvG3d9GNW7udx900Wu5PGyHIvh5xLgKKt8kAZ+vYyEgpV+9B57+X8X+W/qHr+a18BvwSbMgnIVmPXcdBk/aHcZU9fCRO+v3u3hwduvKlcOE9sBv+XDHWBcXDvg10RErN6JWc/ay/8H7iD/reUY8Lu6yfKHKwXeX7RALhh7hIy0MvSh3y4yY/pDruTxshzgtzjAWTsxVHN/gF8vI6Fgpd9f9LZcMPZwO/nfdxd56jHyv5qZUI3PAn4LNmEWlKvAihXL5bqLRxi55U0rGT9gN5k/e2a5cpjYDvgFfpM6IQG/JiJi9U58EeT/cEP5v7vMn0P+J9X+a1Uu8Lu6yfKHSwWmTZ0kY/q2Fn06mo+PNP6+zq3k1EG7y8K3X3cpj3dlAb/Ab1InKeDXuzgoWeHv8n9nGeP9LS81//eQd8h/xvyGrldqdhWGhF+oqp3XV+bMlDOO3UdG9/b9aW+tRB9tufjdBXYOThl7AvwCv67yvn455H8ZDTLlm7wym/xP+SGKVT2L+U/PbywLsHJUBZYtXSIXju0meqeE73tRd/Lv7z6t5PShe8lHixdG3XWT61kMv/oQxv+1Afw0wu+XX34p//nPf7ycv/7665pn0LJPl8hF47rJqF6e53/fVnL6kL3kQ/LfWWdnWnIW+K15TNitwC1Xni6j6/x+0psO2/j9Ub+RJR8ssnugIuwZ8FsbMEzLiSLJeqQNfhcsWCB/+tOf5Mwzz5SzzjrLq/mMM86QSZMmyccf1/5R7Lcayf8JR/+vfEz+A7/heZJhD6ESvBZS4LGHbpVx/dvI2ELjfvu0CsYEK2D+cG4ZjBfTMWM1netayOlD9pSPFwO/SQIQZWcXrtMGvwq+++23n7Rr1867uW3btkHdp02bViiWq/b+Yw+Wm/81zvzcc06Q/3sBvw0aAL9hywF+QyV4LaTAuwsXyIRj96ucDOkAACAASURBVJWRvZrLqN4tgnl07xby3awB11rG9m8j4/v/SsYP3FXGD/y1nDpoNzlt0O5y2uDd5bQhe8jpOg/dQyYM3bMms37+eSM7y9KPPyi0m5l4n57f7MJp0l9M0ga/Y8aMkQ4dOkinTp28nBXatcd6+fLlNc2md995WyYcu09w14dS+X/qf/P/dy7y/6g9ZYKjWc89mv+fkv/Ab9iagN9QCV4LKfD1V1/LtKlXy61XnipT/nJaMN/2l9NE59snnSF333y5PHzPZHnsoakyY/r98txTj8hLzzwuc1+YIfNeelpemf2svP7y8/LmvBfk7VdfkgWvz5JFr8+RRW+UmN+cI4venOtoniMfvfe2rFq1qtBuZuJ94Bf4TQqC0wa/9913n3Tu3FkOOuggL+G3Y8eOcuKJJ8rixYtrmk069jjI/7+cKrddddoa8+1Xl87/V/Pk/8Ig/+fKojeKzM6yX88hmv8LyH96fr9vS8Dv91rwFwpYVwD4BX6zAr/Tp0+XLl26eAu/2mO9//77y5w5c6zHEvtXJQUs5r8ybLGp4FLgt5hsLEMBWwpYDL+kYI5y431RSFvP7yeffCLdu3f3Hn6nTp1qK4TYm5opYDH/gd+a2YkPRgF/FLAYfkBqPEhNSq+0wa+2yl69esmBBx7o5bAH7fnVoQ/nn3++pOG2Z/6kHDUtpIDF/Ad+Cx1t3kcBFFitgMXwSwrmKDceVKcRfi+//HKv4VfHK3fr1k2WLVu2ug3zBwqUq4DF/Ad+y3UD26FAhhSwGH5AajxITUqvNMLvww8/LAcccIC3Pb/a+6s916+99lqGUopdTUoBi/kP/CblFspFAUMKWAy/pGCOcuNBdRrhVx8SoUMHfL3dWQi/t99+u6EUYldqpYDF/Ad+a+UmPhcFPFLAYvgBqfEgNSm90gi/n376aTBswNfbnYXwO2rUKI9ShqqmVQGL+Q/8ptVt1AsFUqSAxfBLCuYoNx5UpxF+v/zySzn77LO97v3VYQ89e/bM/D1qUxSj3lbFYv4Dv97akYqjQPUUsBh+QGo8SE1KrzTC78qVK+Wqq66S9u3bezv0QXutDz30UHniiSeqFxR8kkkFLOY/8GvSquwUCrhVwGL4JQVzlBsPqtMIv9p6nn32Wdlvv/28hd9w6MPEiRPdhgGlZU4Bi/kP/GbOxuwwCsRXwGL4AanxIDUpvdIKv7NmzQru+ODzuF990tvw4cPjN3i2QIEcBSzmP/Cbc4D5EwVQIL8CFsMvKZij3HhQnVb4Xbx4sZx88snSoUMHb3t/9Y4VAwYMEPUkEwqUq4DF/Ad+y3UD26FAhhSwGH5AajxITUqvtMLv0qVL5fTTT/d63K9e9KYPu5g+fXqG0opdda2AxfwHfl27hPJQwKACFsMvKZij3HhQnVb41WY8efJk2Weffbzt+dVxv/vuu69cffXVBlOJXaqWAhbzH/itlnv4HBTwWAGL4QekxoPUpPRKM/w+9thj0rVrV68fdazjfidMmMCjjj3O31pX3WL+A7+1dhWfjwIeKGAx/JKCOcqNB9Vpht9XX31VBg8e7PX9fnXc71FHHSVvvfWWB0lDFdOogMX8B37T6DTqhAIpU8Bi+AGp8SA1Kb3SDL/vv/++nHDCCV5f9KZDH9q1a8f9flOWqT5Vx2L+A78+OZC6okCNFLAYfknBHOXGg+o0w682tzPPPFPatm3r9bhfrf9tt91Wo/TgY31XwGL+A7++u5L6o0AVFLAYfkBqPEhNSq+0w++1114bjPn1+X6/ers2Hff7+eefVyEt+AhrCljMf+DXmkvZHxRIQAGL4ZcUzFFuPKhOO/w++eSTcvjhh3t90ZuCe/fu3UWHcTChQFwFLOY/8BvXBayPAhlUwGL4AanxIDUpvdIOv/qktx49engNvzruV+/6MGfOnAymF7tcqQIW8x/4rdQVbI8CGVDAYvglBXOUGw+q0w6/2rx9v+ODwu8BBxwgkyZNykBasYuuFbCY/8Cva5ckXN63334rq1atkpUrV8o333wjX3/9tXz11Vfy5Zdfyn/+8x/54osvZMWKFcHYrmXLlok+pejjjz8Ofu567733JOqsP4+VmrWsDz/8MKhDwrtN8TVWwGL4AanxIDUpvXyA33HjxgXwqBDp66xPexszZkxw7qhxnPDxnilgMf+9hl8FwSVLlsjChQtl0aJFRWddR+cFCxYE89tvvy1vvvmmvP7668Fzz+fOnSv689bzzz8vTz/9tOg4L30k5LRp0+Suu+6SKVOmyK233hrM+ne5c1hG+HrLLbdI7nzzzTcHTxW66aabROcbbrhBrr/+evnrX/8q11xzTfCknquuukquuOIKmThxolx66aXy5z//WS666CK54IIL5LzzzpNzzz1Xzj77bPnDH/4QPJ5TA0+fUX/iiSfGmnWbYrOWN3bsWJk9e7ZnTZnqxlXAYvglBXOUGw+qfYDf22+/3VvozYX1Qw45JOggidv+WT/bCljMf6/hV3s59QrWIUOGBDfx1ht5F5qHDh0arKfrhrP+lDVw4EAZMGCA9OvXT/r27St1dXXSs2fPYIzXEUccIYcddph07txZ9IKBJGb9Nl5s1p+q8s1643KddVnua/i+Xt2bO7dv3z54Rn2c17CsQq9a1sEHHyx///vfs50MGdh7i+EHpMaD1KT08gF+33jjjeA8kAuSPv6tea1PrWNCgTgKWMx/r+H3k08+Ca5gVcgrBGhR388HmCGUJgG9SZTpOoy1l6DYrEGqy//2t7/FaUes66ECFsMvKZij3HhQ7QP86tAy7QRxnbHVLk/PczqEgwkF4ihgMf+9hl89yWjPrIJktUMkC58Xwm0xANYvFzrkQsccM9lVwGL4AanxIDUpvXyAX72+4rjjjvP+jg+a1/rLp8I8EwpEVcBi/nsNv/fccw/gm+AFGFHgV3vddUyxjr1msquAxfBLCuYoNx5U+wC/en2JXmehPac+d3zor5l627aZM2faDSv2zLkCFvPfW/jVOx7ohV76TdbnMEpz3aPAr/a69+7dW15++WXnDY4C06OAxfADUuNBalJ6+QC/2hIfffTR4DqKNGd2qbppXmuu6wXXTCgQVQGL+e8t/OrFbieccIL3P0OVCqtaLy825EGXaZBqoHIRRdQY8XM9i+GXFMxRbjyo9gV+9Q5B+qCIWmdypZ/frl274I5AfiYRta6FAhbz31v4fffdd4M7NOjPOJWGAdvnv3dllJ5fBWD9KVBv/aY/DTLZVMBi+AGp8SA1Kb18gV+9r7k+Itj3c44OVTvppJN41LHNqE5kryzmv7fwq/fg7datG2N+Exzzq18KSvX86nIdeqL3FdaHbDDZVMBi+CUFc5QbD6p9gd/ly5fLmWeeGdwy0ucOE+2s0KFqL7zwgs2wYq+cK2Ax/72F32uvvTYAX+70kL/X1lU4R4FfDdNhw4aJ3nqOyaYCFsMPSI0HqUnp5Qv8asu+7bbbpG3btt7/2qj7oA9vYkKBKApYzH8v4Vdvq3XqqadysVvCvb5Re351Pb2CWJ+Wx2RTAYvhlxTMUW48qPYJfvUXx3333dd7+NVxvxdffDG3PLMZ1873ymL+ewm/+ihjfWKbjl1y1cNJOfl7kKOO+9UeYn0sNJNNBSyGH5AaD1KT0ssn+H311Velf//+3ne86Llz5MiR8tFHH9kMLPbKqQIW899L+H3iiSfk8MMP9/7CAx+AOyr86no33nij0wZHYelRwGL4JQVzlBsPqn2CX+140bsM+d7xEg4X5BaV6cnYNNfEYv57Cb/6OF2FrbAB+wCRPtcxyrhfPRa/+93vRO+/zGRPAYvhB6TGg9Sk9PIJfnXInV7cq8MGfM50rbvuwyOPPGIvrNgj5wpYzH/v4FfDJ3y4BfCbf6iCy1CO0/M7YMAA+fjjj503PAqsvQIWwy8pmKPceFDtE/xqS7zqqqtMjPvV3ms9l+qjm5lQoJgCFvPfO/jVMUqjRo3y/nYzLgE16bKiALCu07VrV5k1a1axNsQyTxWwGH5AajxITUov3+BXn/R22GGHeT/sTu9XrB0Wn3/+uaepRLWrpYDF/PcOfufNmxfco9D3Z6wnDawuy48Kvzo84oEHHqhWe+RzqqiAxfBLCuYoNx5U+wa/L774otTV1QUP93GZs7UoS8+j77//fhWThI/yUQGL+e8d/OpjdPUbK0Mekh/yEIZxFPhV8NVjcv755/vYtqlzCQUshh+QGg9Sk9LLN/j98MMP5eijj/b+ojfNdz2Xcr/fEuHHYrGY/17Br15MddNNN3l/m5kQKn15jQO/48ePly+++IK4MKaAxfBLCuYoNx5U+wa/2rTHjRtnYuidwq/e8owJBYopYDH/vYJfHZukcNW+fXvvr7T1BXy1nnHgV++//PbbbxdrRyzzUAGL4QekxoPUpPTyEX6nTp0aPPrd918gFX67d+/ORW8eZnI1q2wx/72C34ULF8rAgQNNjLWKC78aspXOGnQ6xqv+3LFjx6A3vdCrrq/bhtuHf9d/1auH9f7L//73v6vZLvmsKihgMfySgjnKjQfVPsLvP//5Tzn00EO9H36n5xS9UFn3hwkFCilgMf+9gt/nnnsu1T2+IZyGkJgLmblgqZCos/Zgl5p1vdxywr/rg6f+H35+7msI2Z07d5Zu3boF3/L1UcS9evUKLtro27ev9OvXL3hqkV75O2jQoGAePHiw6DxkyJDgaXo6xk3nY445Ro499ti8sy47/vjjRa+GZrKlgMXwA1LjQWpSevkIv/or5JFHHhl0CIQZ6+Orniv0lz0eUGQrr13vjcX89wp+b7311qCHUgEwhMkQJOO+5oPOqEBaf9vcz9YLvxQyNRgVMBUu9XGY2mOtIKkAqfCokHjiiSfKySefLMOGDZPhw4evnnUM1ogRI2T06NEyYcKE4Kbq5513XvAs9ssuu0yuvPJKmTRpklxzzTVy3XXXBcE1efJkufnmm4P5lltuEdVqypQpq+e77747uKH5448/LjNmzJBnn31W9Krl2bNni95BQx/b+frrr8ubb74ZDFtYsGCB6Ky97fpUo/feey+4Knjx4sVSbP7ggw8Y8+s6eVJQnsXwSwrmKDceVPsIv9okNd+108FH6M2t8/777x+cb1IQM1QhpQpYzH9v4FdvxH3aaacFP9EoSCpAKjjmQmOxv/UChTPPPDO4G8HFF18sl156qVxxxRXBDcv/+te/yg033BBcTKcQGYLjbbfdJnfccYfo+C69IlYB8t5775X77rsvmO+///7g1l4PPvig6PzQQw/J9OnTV8PlCy+8ENz3du7cuTJ//nx57bXXVsOlQmUIlAqM4axXEoezPjDi008/lc8++0xWrFgRQOVXX30VjM/Si/++/fbblDYVqmVNAYvhB6TGg9Sk9PIVfi+66CIT8KsdSforn3Z2MKFAPgUs5r9X8Pv888/LM888I2+99VYAiwqHn3zySaRZAVJ/qtI7EehT4kKIVKheuXJl8FhehUmAMp/1eS/rClgMv6RgjnLjQbWv8Ku/rFno+dVfUnUoHNdqZD3lC++/xfz3Bn4LHxaWoAAKJK2AxfADUuNBalJ6+Qq/+kue9prmDiHw9e+2bdsGQ+mSzhHK91MBi/kP/PrpRWqNAlVVwGL4JQVzlBsPqn2F32XLlknPnj29v+ODAnu7du3kj3/8o3z99ddVzRU+zA8FLOY/8OuH96glCtRUAYvhB6TGg9Sk9PIVfnXonAKjhd5fvWhbr6Nh3G9NYza1H24x/4Hf1NqNiqFAehSwGH5JwRzlxoNqX+FXrxfRC6cVHH0d7hDWO7w9pt4JiAkF6itgMf+B3/pHmf9RAAV+oIDF8ANS40FqUnr5Cr/aSPTe8/vtt5/38KsQvO+++wZ3M/pB4+eNzCtgMf+B38zbGgFQoLQCFsMvKZij3HhQ7TP8vvzyy6sfLhT2ovr6qj3YZ5xxhixfvrx0ILBGphSwmP/Ab6YszM6iQHkKWAw/IDUepCall8/wq/dnP+WUU0wMfdBbnuk99HWfmFAgVwGL+Q/85h5h/kYBFMirgMXwSwrmKDceVPsMv/oQovHjxwePqfe1xze33jqEQ5/0yYQCuQpYzH/gN/cI8zcKoEBeBSyGH5AaD1KT0stn+NXGoo+TtzLuV+9cceONN+bNAN7MrgIW8x/4za6f2XMUiKyAxfBLCuYoNx5U+w6/+sh7vU9ubg+qr3/r0IezzjoreOJp5HBgRfMKWMx/4Ne8bdlBFKhcAYvhB6TGg9Sk9PIdfl966SWpq6sTBUdfobd+vRn3W3lmWirBYv4Dv5Ycyr6gQEIKWAy/pGCOcuNBte/wu2TJEhk+fLiZcb8Kwg8//HBCSUKxPipgMf+BXx+dSJ1RoMoKWAw/IDUepCall+/wq03xnHPOkbZt25ro+T3wwAPlT3/6U5UTho9LswIW8x/4TbPjqBsKpEQBi+GXFMxRbjyotgC/l112mZmeX73obejQoSlJHqqRBgUs5j/wmwZnUQcUSLkCFsMPSI0HqUnpZQF+9bHA3bt3F+01rT9+1rf/dR969eol8+fPT3kqUb1qKWAx/4HfarmHz0EBjxWwGH5JwRzlxoNqC/CroNi7d28TF70ddNBB0rVrV7nvvvs8Tiyq7lIBi/kP/Lp0CGWhgFEFLIYfkBoPUpPSywL8arM/+uijRYcM+NbTm6+++++/v5x33nlG04zdiquAxfwHfuO6gPVRIIMKWAy/pGCOcuNBtRX4Pemkk8zAb/v27WXYsGGydOnSDKYdu1xfAYv5D/zWP8r8jwIo8AMFLIYfkBoPUpPSywr83nnnnXLwwQeb6PnVHuz+/fvLyy+//IMs4I3sKWAx/4Hf7PmYPUaB2ApYDL+kYI5y40G1Ffh94YUXpHPnzibgV8f96kM7HnjggdhZwQb2FLCY/8CvPZ+yRyjgXAGL4QekxoPUpPSyAr/ffPNNAL8KjvnG0fr23n777Sd/+ctfnGcJBfqngMX8B3798yE1RoGqK2Ax/JKCOcqNB9VW4HfVqlXBk94s3O5MQV3H/Y4bN04++eSTqucNH5guBSzmP/CbLo9RGxRIpQIWww9IjQepSellBX614V5xxRUmbnem8KsQr/cu1uPOlG0FLOY/8JttT7P3KBBJAYvhlxTMUW48qLYEv3fffbeZOz4oAOvQhyeffDJSRrCSXQUs5j/wa9ev7BkKOFPAYvgBqfEgNSm9LMHvO++8I+3atTMx5jcc+jBp0iRZuXKlsyyhIP8UsJj/wK9/PqTGKFB1BSyGX1IwR7nxoNoS/H744YfSp08fE485VvjVOz6cfPLJsnz58qpnDh+YHgUs5j/wmx5/URMUSK0CFsMPSI0HqUnpZQl+FRJ///vfS4cOHcz0/urdKxYvXpzabKJiyStgMf+B3+R9wyeggPcKWAy/pGCOcuNBtSX4/eqrr+SSSy4J7pSgPacWZu39vfXWW73PMHagfAUs5j/wW74f2BIFMqOAxfADUuNBalJ6WYJfDYTHH39c9t57bxPgq/Cud304++yzM5N17OgPFbCY/8DvD48z76AACtRTwGL4JQVzlBsPqq3B77x586R3796mbnnWrVu3eonAv1lSwGL+A79ZcjD7igJlKmAx/IDUeJCalF7W4PeDDz6QYcOGBXd90F5T3+eOHTtKr169ykwONrOggMX8B34tOJN9QIGEFbAYfknBHOXGg2pr8KtN8cUXX5Q77rhD7rrrLu/nO++8U/QuFkzZVcBi/gO/2fUze44CkRWwGH5AajxITUovi/AbuWGxIgp4oIDF/Ad+PTAeVUSBWitgMfySgjnKjQfVwG+tWzefjwLFFbCY/8Bv8WPOUhRAARGxGH5AajxITUov4JeIQYF0K2Ax/4HfdHuO2qFAKhSwGH5JwRzlxoNq4DcVTZxKoEBBBSzmP/Bb8HCzAAVQIFTAYvgBqfEgNSm9gN+wlfGKAulUwGL+A7/p9Bq1QoFUKWAx/JKCOcqNB9XAb6qaOpVBgR8oYDH/gd8fHGbeQAEUqK+AxfADUuNBalJ6Ab/1Wxv/o0C6FLCY/8BvujxGbVAglQpYDL+kYI5y40E18JvKJk+lUGC1AhbzH/hdfXj5AwVQoJACFsMPSI0HqUnpBfwWanW8jwLpUMBi/gO/6fAWtUCBVCtgMfySgjnKjQfVwG+qmz6VQwGTt7oEfjE2CqBASQWA33hABwBH1wv4Ldn8WAEFaqqAxfwHfmtqKT4cBfxQwGL4AajRATVJrYBfPzKAWmZXAYv5D/xm18/sOQpEVsBi+CUJdJQdHayB38jNkBVRoCYKWMz/1MCvisuMBnggvR4A6KIDHVpF14o2n942z7Hh2IQesJZpqYBfa6KyP9FPfGiFVngAD+ABPIAH8EA1PQD8voLhqmk4Pgu/4QE8gAfwAB7AA7X0APAL/EotDchnE4B4AA/gATyAB/BANT0A/AK/wC8ewAN4AA/gATyABzLjAeAXs2fG7NX8Vsln0YuBB/AAHsADeCCdHgB+gV8n8KtGSstM2KQzbDguHBc8YNcDacl/rQc+s+szV8dWfVJsKrgUg2GuXBOWMlIxk7lchi/xZa4v+Rs/4IHqeIBzQHV0xs9udC7lV+CXnuFI36JLGckl4BYrC/h1EwwELDriATwQxwOcA/BLHL/Uet1SfgV+gV/gFw9E8kCtw4zP5+SLB2rngVIwUazTwuUyOkBq5wGf2l8pvwK/gE8k8CllJJfhVqwsgo/g8ymAqSt+teIBzgF42Scvl/Ir8Av8Ar94IJIHfAo+6sqJGg+49UApmCjWaeFyGR0gbo+r1XZSyq/AL+ATCXxKGclluBUri+Aj+KyGNfuFt9PsAc4B+DPN/qxft1J+BX6BX+AXD0TyQP1w4X9OhnggOx4oBRPFOi1cLqMDJDueqyRfSvkV+AV8IoFPKSO5DLdiZRF8BF8lgci2+AcPlOcBzgHl6YbfaqNbKb8Cv8Av8IsHInmAEK9NiKM7uqfBA6VgolinhctldIDQHqK0h1J+BX4Bn0jgU8pILsOtWFkEH8EXJfhYB5/gAbce4BzgVk/8mayepfwK/AK/wC8eiOQBwjrZsEZf9E2zB0rBRLFOC5fL6AChnURpJ6X8CvxmCHzatGkjagh9jWKe3HVKGal+uL344ovBZ+l2+nfudP311wfLtt5669y3I/2t5eXWi78JQjyAB/BAYQ+Eua/ZGc7Tpk2LnaO6bRomzgGFjzXt4HttSvm1oJsx2PciWjDUU089tRp89djGDb9SRsoXinvuuWfwmfoaTosXL14dwHfddVf4duRXfGnLlxbaFvuAJ9PsAc3M3NwMYVjPCXHqXc45IHKwx1gxd1/i1J91s9VOS/kV+M1Iz+/EiRODAFToVVOMHz8+8eCbMWPGatDVv3W6+OKLg/dygThG7gXbEmLZCjGON8cbD5TvAc37XGDs1atX8H81OkDiZHvUdXP3BV+U7wvr2qlPik0Fl2IwW6bSb/saemr4MPzimL+UkQqZ7JhjjlkNu/Pnzw/+1rJCGC60XaH38aUtX8bxIOty7PFAfA9oZubmZv3/o2qq26Vhyt2XqHVnvfi+8V2zUn4t6GYMZscsYW/vlClTAvgNe4HD/6OYvJSRCoViLvDqGF8tR4G43Alf2vFlFN+xDscbD1TmAc3M+rOeA+LqqmWkYeIcUJkf4h53X9cv5deCbsZgdgymQxz0eIZjvMLxv2FPcBRzlzJSsVA87bTT1ghfBeJyJ3xpx5dRfMc6HG88UJkHNDNzczPs/KjG0Ldyc77Ydrn7gjcq84Zl/dQnxaaCSzGYHVPpsSw0h0BcqhGUMlIxk4UXvoV1eOSRR4qtXnSZllGqriy3412OJccSD1TmgTB3Qx3L6fzQbSs5BxQN9ZgLOQdU5ofQB9ZfS/kV+DV+wZsObVAT1P+ZK/z2X//9Qg2ilJEK5ZeCrm6rQx4OPfTQ1X8vW7as0CZF39eyCtWR9wlFPIAH8MCaHtDMzM3NQueEUrppGWmYcvelVJ1ZvqYXsqRHKb8WdDMGs2Ga8OK2+j284bf/qPf8LWWkfKGogBuO89XbmuWO/y3nNmf6GfjShi+zFMLsK56tpQfCW5tpdoZz1E6P3HqXcw7Id16o9D3OAbSnXF8W+ruUX4Ff4z2/hYwR9/1SRsoXaAq4up0CcNjTG47/1ff0nr9xJ4KP4IvrXdbHM3igcg+Ucw6Im+9R1uccUPmxzEJ7KOVX4Bf4jTSMoJSR6odWoYdZ5L6v9/yNOxF8BF8Wgpt9xOdp80Dcc0DcbI+6PucA2kaUtlHKr8Av8JsI/OY+wjjs9Q3DLVym5qy/LFyn0CvBR/BFCT7WwSd4wK0HSsFEocx2/T7nALfH1Wo7KeVX4Bf4TQR+XQdeWB7BR/BZDWv2C2+n2QOlYCLM6KRfOQfQTqK0k1J+BX6BX+AXD0TyQJTAYR1OTHjApgdKwUTS0BuWD/za9Jfr3CjlV+AX8IkEPqWMFAZT0q8EH8HnOiQpD0/hgdIe4BxQWiN8lB6NSvkV+AV+gV88EMkDBHt6gp1jwbGotgdKwUTSHR9h+XSA4P0o3i/lV+AX8IkEPqWMFAZT0q8EH8EXJfhYB5/gAbce4BzgVk/8mayepfwK/AK/wC8eiOQBwjrZsEZf9E2zB0rBRNIdH2H5dIDQTqK0k1J+BX4Bn0jgU8pIYTAl/UrwEXxRgo918AkecOsBzgFu9cSfyepZyq/AL/AL/OKBSB4grJMNa/RF3zR7oBRMJN3xEZZPBwjtJEo7KeVX4BfwiQQ+pYwUBlPSrwQfwRcl+FgHn+ABtx7gHOBWT/yZrJ6l/Ar8Ar+R4VfNlIaZ0Eg2NNAXffEAHqjvgTRkf1iH+nXjf/xa3wPqlWJTwaW6Yf3C+B+D4QE8gAfwAB7AA3gAD6TZA8AvPbt8icEDeAAP4AE8gAfwQGY8APxi9syYPc3fQqkbvSR4AA/gP6jTNwAAIABJREFUATyAB6rjAeAX+AV+8QAewAN4AA/gATyQGQ8Av5g9M2bnG3V1vlGjMzrjATyAB/BAmj0A/AK/wC8ewAN4AA/gATyABzLjAeAXs2fG7Gn+Fkrd6CXBA3gAD+ABPFAdDwC/wC/wiwfwAB7AA3gAD+CBzHgA+MXsmTE736ir840andEZD+ABPIAH0uwB4Bf4BX7xAB7AA3gAD+ABPJAZDwC/mD0zZk/zt1DqRi8JHsADeAAP4IHqeAD4BX6BXzyAB/AAHsADeAAPZMYDwC9mz4zZ+UZdnW/U6IzOeAAP4AE8kGYPAL/AL/CLB/AAHsADeAAP4IHMeAD4xeyZMXuav4VSN3pJ8AAewAN4AA9UxwPAL/AL/OIBPIAH8AAewAN4IDMeAH4xe2bMzjfq6nyjRmd0xgN4AA/ggTR7APgFfoFfPIAH8AAewAN4AA9kxgPAL2bPjNnT/C2UutFLggfwAB7AA3igOh4AfoFf4BcP4AE8gAfwAB7AA5nxAPCL2TNjdr5RV+cbNTqjMx7AA3gAD6TZA8Av8Av84gE8gAfwAB7AA3ggMx4AfjF7Zsye5m+h1I1eEjyAB/AAHsAD1fEA8Av8Ar94AA/gATyAB/AAHsiMB4BfzJ4Zs/ONujrfqNEZnfEAHsADeCDNHgB+gV/gFw/gATyAB/AAHsADmfEA8IvZM2P2NH8LpW70kuABPIAH8AAeqI4HgF/gF/jFA3gAD+ABPIAH8EBmPAD8YvbMmJ1v1NX5Ro3O6IwH8AAewANp9gDwC/wCv3gAD+ABPIAH8AAeyIwHgF/Mnhmzp/lbKHWjlwQP4AE8gAfwQHU8APwCv8AvHsADeAAP4AE8gAcy4wHgF7Nnxux8o67ON2p0Rmc8gAfwAB5IsweAX+AX+MUDeAAP4AE8gAfwQGY8kAr41Uo0aNCAGQ3wQIo9kOZv8dTN314m8p9zH+f/9HvAWsamAn7V+FoRZjTAA+n0gLZRa+HH/qQDmMn/dLZ5spjjEnrAYv7rvhWbCi7VDV2dPAg/GlnYyHhNpxcshp+r/KKcyiCa/E9nmyeLOS6hByzmv+5bsangUt3QVegTfjSysJHxmk4vWAw/V/lFOcAvuZXO3OK4uDkuFvNfvVFsKrhUN3QV+sCvG4PS0NExKQ9YDD9X+UU5wG9S7Y5yyfQ0eMBi/quuxaaCS3VDV6EP/NLA09DAqUNhH1oMP1f5RTnAL9lRODvQxn9tLOa/+rLYVHCpbugq9IFf/xsHAWf7GFoMP1f5RTnAL/lnO/+yfnwt5r8e02JTwaW6oavQB34JjqyHS9r332L4ucovygF+095+qR/n2Eo8YDH/VY9iU8GluqGr0Ad+aZiVNEy2Td4/FsPPVX5RDvBLBiWfQWhcO40t5r/6qdhUcKlu6Cr0gd/amZpAQfsoHrAYfq7yi3KA3yhtiHXIWl89YDH/9VgUmwou1Q1dhT7wSyj4GgpZqbfF8HOVX5QD/GYlB9jPbJ6rLea/ernYVHCpbugq9IHfbDYogtSf424x/FzlF+UAv2SZP1nGsYp/rCzmv/qg2FRwqW7oKvSB3/hmpAGjWTU9YDH8XOUX5QC/1WyLfBbZX20PWMx/1bDYVHCpbugq9IFfGnO1GzOfF89zFsPPVX5RDvBLnsTLE/TySy+L+a8eLDYVXKobugp94NevhkBwZe94WQw/V/lFOcAvmZi9TMzSMbeY/3r8ik0Fl+qGrkIf+CU4shQkPu6rxfBzlV+UA/z62KapM+fdqB6wmP+678Wmgkt1Q1ehD/zSCKM2QtarjVcshp+r/KIc4Jdcqk0uoXt1dLeY/+qdYlPBpbqhq9AHfqtjYIICncv1gMXwc5VflAP8ltuu2I5M9sEDFvNfdS82FVyqG7oKfeCXAPAhALJcR4vh5yq/KAf4zXI2sO/2z98W8199W2wquFQ3dBX6wK/9xkNA+n2MLYafq/yiHOCXfPM73zh+xY+fxfzXY15sKrhUN3QV+sBvcePRMNGn1h6wGH6u8otygN9at08+n3NEkh6wmP+qV7Gp4FLd0FXoA7803CQbLmVX7i+L4ecqvygH+CVjKs8YNEyvhhbzX/1WbCq4VDd0FfrAb3pNTyBxbNQDFsPPVX5RDvBLTpKTlj1gMf/1eBWbCi7VDV2FPvBLcFgODgv7ZjH8XOUX5QC/Fto4+8B5uJAHLOa/7muxqeBS3dBV6AO/NLpCjY730+ENi+HnKr8oB/glp9KRUxyHZI6DxfxXrxSbCi7VDV2FPvCbjGEJAnR15QGL4ecqvygH+HXVziiHzE6jByzmv+pcbCq4VDd0FfrALw0+jQ2eOn3vS4vh5yq/KAf4JSu+zwq0sKeFxfxXnxabCi7VDV2FPvBrr7EQgLaOqcXwc5VflAP8kne28o7juebxtJj/eoyLTQWX6oauQh/4XdNoNDz0SJsHLIafq/yiHOA3be2V+nAOcekBi/mv+hSbCi7VDV2FPvBLQ3XZUCnLvZ8shp+r/KIc4JfMcZ85aJoeTS3mv/qr2FRwqW7oKvSB3/SYnMDhWOTzgMXwc5VflAP85mszvEeWWvGAxfzXY1NsKrhUN3QV+sAvIWElJKzuh8Xwc5VflAP8Wm337BfnZvWAxfzX/So2FVyqG7oKfeDXTgNrvHZD2bDpOrJh08Y/nJs0lg2bNJYNdF5f57Wl6XrfzU3WW1uarNtI1l+nkazXuKGs27ihNF67gTRqaEcbn08kFsPPVX5RDvDrc9t2WXfy3+b5ymL+q++LTQWX6oauQh/4tdNg2u66hTxxbXf598095V+Te6wxz7iphzx1fQ958q/d5fFrDpfHJh0m06/sKo9c1lke+vPBcu+FB8rUczvKrWe2k+tO31euGPO/cu4Ju8pJPVvJwK4tYswtZWDX0vOAzs2lruMO0nXvn8ueLTeVbTZvGgC5y5OBlbIshp+r/KIc4NdKO690PzT/Nd8rzv/Tvs//ExPP/63J/7WKM4jF/FevF5sKLtUNXYU+8FvceJUGUjW3/23rn8jbDwwSmT9GZO7IAvOoPO/nvqd/jxJ5+b/vzdO/R0acdd3R0eY5I0VmDpMVM46Ttx7oL89O7iFXj91HfrrJelJNzXz4LIvh5yq/KAf49aENV6OOmv8LfM//Tdcl/+vBsMX81/ZQbCq4VDd0FfrArx34bbXNRvJ/fz5Y5IXhIrOGi7xUq3mEyEsl5lkjRBSAFbTnjRZ5ZWywzYRBv5JGjewcExcnPYvh5yq/KAf4ddHGLJTRctuN5P8u8Tj/Z40Qzf+1yf81vgBYzH9tb8Wmgkt1Q1ehD/zaAa0WP99Arh7zW1n62LEisxU+Uwy/CscKwLnz3JHy0aNHScc9tlyj8Vs4MVWyDxbDz1V+UQ7wW0nbsrRt8//m/2fkv6nzh8X813ZXbCq4VDd0FfrArx34bbnNhnLW0F1k3pS6GsOvQneJnt9weS786t9zR8o/JnaRZls2NRVglZxkLYafq/yiHOC3krZlaVvN/zM1/2/zP/+3+xn5H3rTYv7rvhWbCi7VDV2FPvBrB35bN9tIxvZtJfdf2ElWPn/Kd72qvvX+zh4Z1PumCe1kw6aNAGCjt7pxlV+UA/yGkJD11zD/H9D8n+l7/reVjZqQ/+pp4DcHk4FfO8DqMrD3ar6JjO3TSi48eU9ZMv1of3p/6w+BmDtKlj5xnPTvtAPwazT8gNbKoNWVfnR+2DmXBPnft5VcZCD/P3uS/A/ZAPgFfgGheleBho1DXxustZa022UzGd+vtYzt31peuOFIkRdrNeY393MjDn+oD8DzRsvzN/aQ1ttulPnjbjH8XMEb5VQG0cCvDfjNzf9x/VvLizcayP+bjpSdm5H/FvNfmaXYVHCpbugq9Ak/G+HXsMFacuAe/yPj+7eWUb1byc0T2snKZ06u8V0fYoz9rQ+/esHerBHyyGWHyOYbZ/v2NxbDz1V+UQ7wm9sJkNW/Nf8Pysn/W36v+a9DH3I7Imrxd5mdH8EF2//N/03If2s5B/wW6cnMaoiVu98afl3+d/MAfsf03Ul+P/RX8v79g1Mw9CEGANe/+G32CFn1wjAZ328X0f0rVxvftwN+KwM8aycOl/tD54eNXGnYcC3p+tvv8/+Mob+SxQby/1vynzG/uV3EejJ3FYCEn43w00cRd9tniwB+x/bdSUbVtZJHL+9a44vecnsaIvYA1AfgOSPlw0eGSttdNwd+XwECXeUe5XznJfKf/K/OLTErzP9fk/+WMksZtthUcCnwayOwXPZINmrYQI5su9Vq+B1d10omjvqt/OepE1Lw01eM3t/6wx8UhueMkieuOkxab/ejTAIwPb9Af1InPuDXxrkkb/6PtpT/h5L/hjo/gF+GPTiDOQ2/nu1//t0Fb313kjF9WsnvB+8ir9zRR0RvH1azW56Fvb8Rv/nng1+t/5yRMnHk3rJO4wbONHP55SPJsoBf4Bf4tQGpSeVEo0YNpFe+/P+bnfy/fOTesi757+xX/6QyJUq5wC/w6wzkNPzqOv5iNfzq0AcF4KnndBSZOVxkzojvxv/qhQTVnsOhDAqxwTxKZHbOPGdU0LurPbyrZ33sce48f4x88a8TZUjnXzrTLKkTketygV/gN8oJpZx16Pm1AdVra/4fkCf/zz3ATv7/m/wvp42ncRvgF/h1BnIafn0P3Hb1sAeFXx36cM4xv5ZHL+siT17dTZ6YdFjVZ/3cZ27oLjNv7imzp/SWeXf0lVfv7C9v3jNQFtw3SN59cLC8/9AQWfx/Q2Xxo0fLB/84Rj6Yfqx88Pix8sETa86f/vsEufWcDrJRk8bOdHMNqkmUB/wCv0mdwIBfO/Dbz7P8f6fc/G9K/ieVB9UqF/gFfp1BnMJv/07N1oDfAID7tJJhPZvLsB61mYf3bC6j+7QM7j38u0E7y4TBbeSMobvIWUfvGoD5n47bTS44fne58MTd5cKT9gxu0H7RKXvJRcP2kouGrzn/eeRvZPygNvIjws/ET1/VClo+p/CXB+DXDvymOf/13sMu8v/UgW1kI/Lf+/wHfoFfx/C7Zs+vwm8a5jF9vhuCMbpPKwnmulbB3ShG1bUM7kms9yUe2bvl93OvljJS59z3ercMerIHH9JMmq6/tjPdkuipdV0mPb+F4Q2wrUwb4NcS/NrP/0EHN5Om62XrsccW8x/4BX6dQVzjRg1Eg0EfcpEG4E2iDrpvQ7tsD/wauuoXeK0MXivVD/i1Ab9B/h+yXTbyfz06Pypt97XeHvgFfp3B7wbrNZCju2y3xgVvSQBoLcs8tX9rGdRpG2nCN3/vf/aqdfjy+d9BN/BrA36zkv8DNf/XpefX9/wCfoFfZ/C7SZOGctxh28m4fnZ7fhV+6zpsLeuv09CZbq6HKCRRnsWfvXwPbyv1B35twO8mTbOT/+uR/953fgC/wK8ziPvxRmvLCYfvYBt+B+wsh++9pay7drbu9Qv81nZogBXQzbcfwK8N+M1O/m8h65D/wG++MIv7HuFnI/w233gdOam7wm86LnJLYnjE7wbuLO1//RNp1MDGMYvaSwz8Ar9xcz3q+uS/jSz5Lv9/aT7/O+xK/kdt22lej55fen6d9fxusck6MqyHffjdveVmzjSLCp+1Xg/4BX6TOpEBvzbgd4tNNf/tw+8eLcj/pLKgmuUCv8CvM5D72Y/XleE9dzR7pwftST61/06y6y83caZZraE26ucDv8BvUicm4NcG/G6Vgfwf37+V7PrLjcl/A3f7AX6BX2cNeeufrCsjezU3C7/BcI4+LaXNdhs50ywqfNZ6PeAX+AV+bUBqUlmSlfzfuRn5n1QWVLNc4Bf4dQZyP//p+jKqdwvD8Ns62L+Wv2jqTLOkTkSuywV+gd+kTkz0/NqA6mzkf3Np+XPyP6ksqGa5wC/w6wzktvlpExld19Is/OoDLk7p/kvZfov1nWnmGlKTKg/4BX6TOjEBvzbgV/N/TAbyf7ufkv9JZUE1ywV+gV9nILftFk1kTB+78Kv3+D2m6/by043XdaZZUrDqulzgF/hN6sQE/NqA3223aGo7/we0lmO6kP9J5UC1ywV+gV9nINdsy6Yytm8rsz2/pw5oLQM6bSubbNjYmWauITWp8oBf4DepkxPwawN+t/uZ/fzv32lb2XgD8j+pLKhmucAv8OsM5Lbbqqnpezwq/PY9YBv5UdNsPdddQwL4BX6TOjEBvzbgd/utNjCf/306/kI2akL+J5UF1SwX+AV+ncGvht/4/nYfcKHw22v/rWSD9bL1XHfgF/BN8qQE/BqB3603CG4FmcTDhdJQpuZ/z3aa/9l6tL3V/Ad+gV938Lv1hrbht39r6bbPlrJe42w92thq+CUJdJQd/QsD8GsDfnfYekPb8Kv5v/cW5L+Be/xqPgO/wK8z+N3RevgNaC0H7L65NMygZxj2EB3mAN94WgG/NuA3E/m/G/lvJd+A3wyCjB70JObdtt9YxvVrbfaCNx3S8f92/p9EtEvieLgsE/iNB3RWThDV2A/gN5k8dtn+o5SVhfz/besfk//0/K4lroKR8LMRfvu13lTGG4VffbrbuL6tZK9WmxJ+RsLPVX5RTmVfDMh/8j8NY3qL1SHM/z1bkv9W8k6/0BWbCi7VDV2JQPjZCL8DdttMxvezecGb9mjrPYx3b56957prW9c26qq9U05lsGhNP/LfRv4fuPtmZq/5CPN/tx1/ROeHkc4P4DehIQAqbJbmBmutJZ33+onhnt/WMqpXC9lluw0zdVxDDwO/AGtS0A38+n+u0Pzv8hv7+d+mGfmfVA5Uu1zgN2OQGsKM61cNv8P22ULGGb3VmT7aeFiPHWXHrZoAv0a++Vc7bPm8/F8ggF8b8NvNev4fSf5byjDgF/h1AnMNGzSQ7m1/ZnbYgz7a+PhuO8jPNsveo401JOj5zQ9ulk4GtdoX4Nd/+P0u/7cynf/HddtBtiT/zQx/A36BX2fw27P91mbv9qDwe1SX7eTHG2Xv0ZbAL+CbJBgDvzbg13r+D+3cTDYj/4FfPSG6CkTCz//wa9SggfTpuI3Zx1sq/A46pJlsumH2Hm0J/AK/rrI+XznkP/lf7E4LaVgW5P/BzWSTDcj/fG3Yx/fo+aXn103Pb8O1pP+B25q94E3H/PY/cBvZaP3sPdoS+AV+kzy5Ab8G4LdhgyD/rd7nXeG33wG/IP8NXe8B/AK/zuB3QKftTMNvr/23librZO/RxsAv8Av8+g+o2o6Tmhs1XEvM53878j/JHKh22cBvgoGQVNCksdyG1sOv305y6N5bSqMGyZ1A0nhcwzpp71y1w4nPywZ00/Prf6aYh1/N//+3pTQk/82cB/TcVmwquFQ3dHVyIvwIvzSM6ypWB33Cz0F7bplYz0kImWl9BX6zAaKuMj1OOeS/nfy3OuxB8/9A8t8Z88XJh6TWBX7p+XUCdPqNeMBBzewOe+i3k3TaC/hNKogoN7twDfz6D79ZyP+DyH/gV7uK6fn1P7Bc9zLu3XpTGd+vlRTrQfVx2bi+O8mYulayZ4tsPtpYfULPb3bhNOkvJsCvjXPJ3jsbzf9+5L/F/E9Nz+8NN9wgPs833nijJDnfdNNNUslcqG6VlLnGtpMny+UXnyXjBuwiY/vaAuAxfVrJ7wbvITdee7ncdNPkio5Drmau/F7o2Lp4P6yvxfBLGuooP9oXBvWWq7ZQq3JctLViZYTtsNzXQmWXW94PtjOe/6cN3pP8N3SnB83m1MBvsYHHLPNDgS+WLZXzxx4ho+uam+r9HV3XQs48oa18/vknfhyIBGoJ/EYDOYA3vk7qLSb/FVjx+Wdy/hjD+b+M/LeUb8Cv/5mTmj1YtWqVTJl0lozstaMx+G0pZ53UQT77dElqtK52RYDf+FBn6USR5L4Av9Vuzcl83qqVq2TK1WfLyF6/NJb/LeRszf+lHycjnAelWsx/4NcD4/lUxZkzHpExfXeRsX1amgnA0b1byMUTBsqKFV/4dCic1tVi+CUJdJQd/csC8Ou0qda0sOdnPGo2/79YsaKm2tbywy3mP/BbS0cZ/OzFC9+Uc4YdLKMM9f7qMI5rLxkr36xcafCIRdsli+EHoEYH1CS1An6jtUEf1lq86C05Z9gh5vL/r3/W/F/lwyFIpI4W8x/4TcQq2S10xfLP5LqLTpYRPXcw1PPbXG675o/ZPagi3O3B2MUeScJs3LKBXzvRsmL5MvLfzuFcvSfA72op3N/qLKdo/vRcgUfvufa/435t3PVhVO/mctdNF3l+VCqrvsXwiwtprJ9MTzHwW1nbTNvWFvP/bvLf1D1+Ncvp+U1bchioz6xnp8v4QbvLmLoWJnp/9W4PD9xxlYEjU/4uAL/JgB9A/Urwq0L5zmTLtCkw6zl7+f/g7eS/tawCftOWHAbq8/6it+WCsYfLSDNDH3aRpx57yMCRKX8XgF/gN6mTHz2/5bfLNG75/qIFcsHYI+zkf79dZMZ08j+p9l+rcoHfNKaH53X6YsVyue7i4UZuedZKxg/YXebPmen5Uams+sAv8JvUSQr4raxtpm3rFUH+jzCU/7vJ/Nnkf1Ltv1blAr9pSw4j9Zk2dZKM6buzjPH+lmet5NRBe8g7b79u5MiUtxvAL/Cb1EkK+C2vTaZ5q+/yv7Xo0zF9fKT993XW/N9dFpL/jPkNG5xSs6swJPxCVe28vjJ7ppxx7D4yurfvT3v77tHGi99dYOfglLEnwC/w6yrv65dD/pfRIFO+yStzyP+UH6JY1bOY//T8xrIAK0dVYNmnS+Sicd1kVC//4ff0IXvJh4sXRt11k+tZDL/6EMb/tQF84NdeZCxbukQuHNtN9E453/ei7uTf331ayelD95KPyH9nnZ1pyVng117upGaPbr3ydBld5/eT3vRnuwlH/698/MGi1Ohai4oAv7UBw7ScKJKsB/Bbixad/GfeYiT/f3/Ub2QJ+Q/8hk2GYQ+hErwWUuCxB2+Vcf3byNhC4776tArGhClgrjm3DMYK63jhms91LUR7foHfBubCL0mgo+zoXxaA30IJ6vf7jz00xUj+7ykfL6bzw1qm0fPrd76kuvbvvvO2TDh2n+Cq31G9W4jOo1fPCratZWz/NjK+/6/k1IG7yviBv5bfDdpNThu0u5w2eHc5bcgecrrOQ/eQCUP3jD4ftadMcDTrZ583srN8+vEHqdY66crR8xsd5qydJJLeH+A36dZbm/LfXbhAJhy7r4zs1TzIfp/zfyn5b67zA/itTS5k4lO//vprmTb1arn1L6fKbVedtsZ8+9VnyN03Xy4P3zNZHntoqsyYfr8899Qj8tIzj8vcF2bIvJeelldnPyuvv/y8vDnvBXn71ZdkweuzZOHrc2TRG3OLz2/OlUXO5jny0XsLZNWq7D7XXc0K/AK/SUEw8GvzdPD1V+7zf9HrJbJfzw3Osl/LIv+t5j/wazN32CsUcKoA8Av8Ar9OmxSFoYA3CljMf+DXG/tRURSonQIWwy8pmKPceF8U6PmtXbvmk1EgigIW8x/4jXLkWQcFMq6AxfADUuNBalJ6Ab8ZDxd2P/UKWMx/4Df1tqOCKFB7BSyGX1IwR7nxoBr4rX37pgYoUEwBi/kP/BY74ixDARQIFLAYfkBqPEhNSi/gl5BBgXQrYDH/gd90e47aoUAqFLAYfknBHOXGg2rgNxVNnEqgQEEFLOY/8FvgcK9cuVIWLFgg77zzzhrz22+/LcuWLSuwFW+jgE0FLIYfkBoPUpPSC/i1mRnslR0FLOY/8Csin3/+ubz++usya9YsufLKK+X444+XE088Ubp37/6D+fDDD5chQ4bIKaecImPHjpXnn39e5syZIx9//LF8++23dtzOnqBAjgIWwy8pmKPceFAN/OY0NP5EgRQqYDH/Mwu/+gAGPUk9/PDDcvTRR0vXrl3lwAMPjD0fcMABcsghh8iRRx4pN998szz99NPy3nvvpdC+VAkFylfAYvgBqfEgNSm9gN/y2yVbokA1FLCY/5mD3y+//FIeffRRufDCC6Vfv36y//77B8B70EEHSadOncqedfv27dsHZSlM33HHHbJ48eJq+JLPQIHEFbAYfknBHOXGg2rgN/HmywegQEUKWMz/TMHvP//5Tzn11FPl4IMPlnbt2on22lYCvPm2VQju0KFDAMI6fOKGG24Q7WVmQgGfFbAYfkBqPEhNSi/g1+dkoO5ZUMBi/mcCfj/55BO5/PLLg/G7Cr2V9vLmg95874U9wePHj5eXXnopC22EfTSqgMXwSwrmKDceVAO/xUNDL75etWpV8ZVYigIJKmAx/83D79y5c2XgwIFBL6+O6c0HqUm+p6DdsWNHOfTQQ2Xq1KmEWIINlKKTU8Bi+AGp8SA1Kb2A3/ztVn8xfPXVV2XChAnBMD39+6uvvsq/Mu+iQIIKWMx/s/C7fPlymTFjhvTu3TsYh5sk4EYpWyFY51tuuUU++OCDBG1K0SjgXgGL4ZcUzFFuPKgGftdsr998843MnDlTLr744qCzRofnaQeK3n1If8HUuwvpOkwoUC0FLOa/Sfj94osv5JprrgnuwpDEuN4osJtvHYVfrc/o0aODewhXy7h8DgpUqoDF8ANS40FqUnoBv9+1Tr1V5jPPPCMXXHBBcPchvRhbzxnhuUR/udShdHV1dXLJJZfIiy++KP/5z38qbdpsjwIlFbCY/+bgV38qUvDVwNBvy2FwpOVVw0wDTAF44cKFJU3HCiiQBgUshl9SMEe58aA66/CrD02677775Iwzzlh9XUqxIXragaIXVeuvmsOGDZNp06aJjgtmQoGkFLCY/+bg9/bbbw++LRcLj1qDsAKwfqvXsVyffvppUn6lXBRwpoDF8ANS40FqUnplFX4/++wzuf/+++WYY44JfqXUzpqov1SGvyIqBOt95rWMp556SvRXTyYUcK2Axfw3Bb/6hLYePXqkYoxvKcDW8FJAnzJlChfBuW6plOdcAYvhlxTMUW42H3fKAAAaPElEQVQ8qM4a/H700UdBb+0JJ5wQnAP0PKDng1LnjELLw3OJgrM+mfTJJ58UBWsmFHClgMX8NwO/ejuzo446Kvg5qFBIpO39MLT0EclMKJBmBSyGH5AaD1KT0isr8Pvhhx8GwxuGDx8eQG/UXt445y3tPdbeYL29pj69dMWKFWmOFermiQIW898M/F577bXBT0aVfIOOEzKu1tVv/cceeyxX73oSAlmtpsXwSwrmKDceVFuH36VLl8qdd94pp5xyStC7q3Ca9HkqvFhu7NixwdAKbpGW1eR2s98W898E/P7rX/+SLl26RB4v5QpcXZWjYahX7zKhQFoVsBh+QGo8SE1KL6vw+/nnn8u9994r+qTPzp07Bz2y1bwWRT9LIVg/W4dYPPbYY3SypDVgU14vi/nvPfzq2KbTTjstaOSuYLTa5ejPXz179uQpcCkPgCxXz2L4JQVzlBsPqq3Brw7Be+ihh4Jf9LSHV/M96Z7eYucsheBwiIVeGPf000+L3mGCCQWiKmAx/72H3/nz59c8XIoFT9Rlevuziy66KKoXWQ8FqqqAxfADUuNBalJ6WYHfefPmyQMPPBAMb1DYrWYvb9TzjNZJf2nUW20++OCD8vrrr4veX5gJBYopYDH/vYZfbbSTJ08O7psbtfGndT0NJP1WvmDBgmIeZBkK1EQBi+GXFMxRbjyo9h1+tQPmiiuuCO67qz2saby/fP3znp5vdEjEkCFDRK+XeeONN2qSK3yoHwpYzH+v4VcfYXzEEUfU9Cel+qFS7v/hz2M6LosJBdKmgMXwA1LjQWpSevkKv4sWLZLzzjtP+vbtG4BkrYc3lHPuUVDXeeDAgXLVVVeJ7hMTCtRXwGL+ew2/f//73734lh01lNq1aycXXnihfPnll/W9x/8oUFMFLIZfUjBHufGg2if4XbVqlbz//vvBELXu3bsH559wPG3UnE/betrxogCsQyL69OkT9AS/99573H++pombrg+3mP9ew++kSZNSOa6q3HDTANJ7QC5ZsiRdzqc2mVfAYvgBqfEgNSm9fIFfHR97zTXXyKGHHroaFsvN+rRuF14cV1dXJzfeeKO8/fbbPDo58+kvYjH/vYbfwYMHm4JfDUTtRWD8FWmTNgUshl9SMEe58aDaB/h98cUX5cgjjwyuL6nlnRuqBc3hhXH9+vULLopLWx5Rn+oqYDH/vYZfHWvl+09O9cNMhz7MnTu3us7m01CghAIWww9IjQepSenlA/z+7W9/M9fRUv/ck+//vffeW5577rkS6cBi6wpYzH9v4ffll18WHXOl31DzNVpf39OhD/rTGrefsR4nfu2fxfBLCuYoNx5U+wC/d911l6nzTNTz43777SczZ870K6yorXMFLOa/t/A7ffr0YOyVtZ+gFH4vvfRSLjZw3nwpsBIFLIYfkBoPUpPSywf4vfvuu4HfSgKEbb1WwGL+A7+dOqUq1BR+L7vsMuDX66iwV3mL4ZcUzFFuPKj2AX7p+bWXaexRdAUs5j/wC/xGbwGsmVkFLIYfkBoPUpPSywf4pec3s9HHjgt3e1jDBErNrsKwnPD7xz/+wbCHNY4I/6BAcgoAv+kARVeZm6Zyysn/5Jyev2R6fvPrwrvZUMBi/nvb8/vEE0/IYYcdZuLpbrkXH+iwhyuvvJJhD9nIFG/20mL4pQkAs1wXH+CXnl9vooqKJqCAxfz3Fn6/+OKL4Fnq1u72oM9b5+raBFovRVakgMXwyzJwpmnffYBfen4rig829lwBi/nvLfyql/QG3Nbu86vw+9prr3neVKi+NQUshl+aADDLdfEBfun5tZZo7E8cBSzmv9fwe8kll5i6z68OeTjhhBPko48+iuNL1kWBxBWwGH5ZBs407bsP8EvPb+IRwwekWAGL+e81/D7wwAOmen611/fcc88VHdLBhAJpUsBi+KUJALNcFx/gl57fNKURdam2Ahbz32v4XbZsWXDRW+4FYz7/rfD76KOPVtvXfB4KlFTAYvhlGTjTtO8+wC89vyUjghUMK2Ax/72G36+//lrOPvts0eECPkOv1l33YdCgQYz3NRwgPu+axfBLEwBmuS4+wC89vz6nF3WvVAGL+e81/OoB1fv9dujQwXv41V7fP/7xj/LNN99U6lO2RwHnClgMvywDZ5r2HfhN11NGczuS9ttvP+4+5DxN/SvQYv57D79LliyRESNGSPv27b0FYL1jxRFHHCEzZszwr1VQ40woYDH80gSAWa4L8Av8ZiJEPd5Ji/nvPfyqn/7+978HF775es9f7bn+wx/+4HHToOrWFbAYflkGzjTtO/AL/FrPT9/3z2L+m4BfNZbe9szH3l8F9r59+4pevMeEAmlVwGL4pQkAs1wX4Bf4TWvuUa/vFLCY/2bgd+HChQFE+jb+V4F96tSptDEUSLUCFsMvy8CZpn33AX6520Oq44nKJayAxfw3A7967B9//HE59NBD5aCDDvJi/K+O9Z04caJ8+eWXCVuX4lGgMgUshl+aADDLdfEBfrnbQ2X5wdZ+K2Ax/03Br9rrmmuuCW4blnYA1rs76IV6H374od+tgtpnQgGL4Zdl4EzTvvsAv/T8ZiLm2MkCCljMf3Pwq09H+9Of/hRcAJdWANahGUcddZTMnz+/gNV4GwXSpYDF8EsTAGa5Lj7ALz2/6cojalNdBSzmvzn4VUssXbpUzjvvvOACOB1akHvfwlr/3a5duwB858yZU1338mkoUIECFsMvy8CZpn0HfrngrYJoYtMqKGAx/03Cr3pB7/97/fXXS5cuXSQtt0DTp7idccYZ9PhWobHyEW4VsBh+aQLALNcF+AV+3aYVpblWwGL+m4VfPfgrV66Uxx57TA4//PCaArD2PiuAX3nllfL555+79iXloUDiClgMvywDZ5r23Qf4Zcxv4hHDB6RYAYv5bxp+Qy+98847Mnbs2GAcsI63rdZYYO3p1fnoo48OHsMc1odXFPBNAYvhlyYAzHJdfIBfxvz6lljU16UCFvM/E/CrJli+fLncfPPNcuyxxwZAqvfXTQKCtUzt6dWxvX369JHzzz9fPvvsM5c+pCwUqLoCFsMvy8CZpn33AX7p+a165PCBKVLAYv5nBn5DH3388cdyyy23yEknnSTaC6wQrEMSKgVh3V7L0rlXr15y2WWXybx588KP5RUFvFbAYvilCQCzXBcf4JeeX6/ji8pXqIDF/M8c/IYeeP/99+WRRx4JLopTWFV41SEKIQgXg2FdFs7hNocccohccMEFct9998nLL78s33zzTfhRvKKA9wpYDL8sA2ea9t0H+KXn1/sIYwcqUMBi/mcWfkMfrFq1ShSEn376aZk8ebKceOKJUldXF8wKtPXngw8+WLp37x48Srl///5y6aWXBuN533jjDfnqq6/CYnlFAVMKWAy/NAFgluviA/zS82sqztiZmApYzP/Mw2+uB7799tvgDhF6lwh9WIYC8TPPPLPG/K9//Uveffdd0XW1d1dfmVDAugIWwy/LwJmmffcBfqdOnVrx0Lha32O+nM/fb7/95LnnnrMeb+xfCQUs5j/wW+KgsxgFUEDEYvilCQCzXBcf4Pcf//hHMCxOrxMpByJ920aH9en1K3rx9uzZs4nAjCtgMf+B34ybmt1HgSgKWAy/LANnmvbdB/hdsWKF3HvvvTJ8+HDZf//9Ayj0DWij1jd8Kuq4cePk4YcfFt13pmwrYDH/gd9se5q9R4FIClgMvzQBYJbr4gP8ho3kk08+CS6UHjJkyBoXSEcFy7Supz294ZNQR44cKY8//rgsXbo03G1eM66AxfwHfjNuanYfBaIoYDH8sgycadp3n+A3bCt6Tci0adNkwIABohdBV/PhSS4BWoFX71jUuXNnOeWUU4InotLTGx5lXkMFLOY/8BseXV5RAAUKKmAx/NIEgFmui4/wGzaUL7/8Uu688045/vjjg55TX4ZE6NAGrWvXrl1lxIgRwfAGBXomFMingMX8B37zHWneQwEUWEMBi+GXZeBM0777DL9hI9HhEHpHiHPPPTe4FaZeLKZDCVz20rooS+vUtm1b6dGjh/zxj3+UBx98UJYtWxbuBq8okFcBi/kP/OY91LyJAiiQq4DF8EsTAGa5LhbgN2wreq/3mTNnBg88Ouyww4IhBWmB4HB4w1VXXSVz584V7bVmQoEoCljMf+A3ypFnHRTIuAIWwy/LwJmmfbcEv2FMKFjqLcLOPvvsYGiBjq0NLyhz0YMbtQwd3qBzly5d5OKLL5a33nqLp4+GB4nXyApYzH/gN/LhZ0UUyK4CFsMvTQCY5bpYhN8wKfQJorNmzZI//OEPcsQRRwQXxoW3EosKsOWsp5+hQy969uwZAPiCBQvCKvGKArEVsJj/wG9sG7ABCmRPAYvhl2XgTNO+W4bfMCn0aaD6tFAdZ9u9e/cATJPoCdYydUxv79695bzzzpN58+aFVeAVBcpWwGL+A79l24ENUSA7ClgMvzQBYJbrkgX4DZNCxwQrBF9wwQXSrVu3oCe4nJ7d+tvouGK9e4OOM77iiiuCIRcrV64MP5ZXFKhIAYv5D/xWZAk2RoFsKGAx/LIMnGna9yzBb5gWCsEvvviinHPOOcF4XB2mELcnWIFXZ91W7zV8+eWXy2uvvSZaNhMKuFTAYv4Dvy4dQlkoYFQBi+GXJgDMcl2yCL9hTHz99ddBL+2ZZ54pdXV1AQDrAzPq9+zm/q/Aq3duUODVnl69vdrChQvl22+/DYvlFQWcKmAx/4FfpxahMBSwqYDF8MsycKZp37MMv7lpofcKnjRpkuijk/VitXwQrO8rCB933HFy8803Bz29uWXwNwokoYDF/Ad+k3AKZaKAMQUshl+aADDLdQF+1wyLRYsWyfXXXy9HHXVUcPGaDofQoQ06n3jiiXLHHXfIhx9+uOZG/IcCCSpgMf+B3wQNQ9EoYEUBi+GXZeBM074Dvz9MCR3CoEMZbr/99uDODcccc4zce++98v777/9wZd5BgYQVsJj/wG/CpqF4FLCggMXwSxMAZrkuwG/hhND7BC9evFiWLFlSeCWWoEDCCljMf+A3YdNQPApYUMBi+GUZONO078CvhYRgHywrYDH/gV/LjmXfUMCRAhbDL00AmOW6AL+OGinFoEBCCljMf+A3IbNQLApYUsBi+GUZONO078CvpaRgXywqYDH/gV+LTmWfUMCxAhbDL00AmOW6AL+OGyvFoYBjBSzmP/Dr2CQUhwIWFbAYflkGzjTtO/BrMTHYJ0sKWMx/4NeSQ9kXFEhIAYvhlyYAzHJdgN+EGi3FooAjBSzmP/DryBwUgwKWFbAYflkGzjTtO/BrOTnYNwsKWMx/4NeCM9kHFEhYAYvhlyYAzHJdgN+EGy/Fo0CFCljMf+C3QlOwOQpkQQGL4Zdl4EzTvgO/WUgQ9tFnBSzmP/DrsyOpOwpUSQGL4ZcmAMxyXYDfKjViPgYFylTAYv4Dv2Wagc1QIEsKWAy/LANnmvYd+M1SkrCvPipgMf+BXx+dSJ1RoMoKWAy/NAFglusC/Fa5MfNxKBBTAYv5D/zGNAGro0AWFbAYflkGzjTtO/CbxURhn31SwGL+A78+OZC6okCNFLAYfmkCwCzXBfitUaPmY1EgogIW8x/4jXjwWQ0FsqyAxfDLMnCmad+B3ywnC/vugwIW8x/49cF51BEFaqyAxfBLEwBmuS7Ab40bNx+PAiUUsJj/wG+Jg85iFEABEYvhl2XgTNO+A78kDAqkWwGL+Q/8pttz1A4FUqGAxfBLEwBmuS7AbyqaOJVAgYIKWMz/1MCvisuMBnggvR7IMqCx769IUhrQ5tPb5jk2HJvQA0m1/1qVmwr4rdXO87nJndDQFm3xAB7AA3gAD+CBNHoA+H0FY6bRmNQJX+IBPIAH8AAewANJeAD4BX4T+zkzCcNSJkGIB/AAHsADeAAPVOIB4Bf4BX7xAB7AA3gAD+ABPJAZDwC/mN2J2dVIaZkr+TbItvQm4AE8gAfieyAt+a/14PjFP35Z00x9UmwquBSDYa7cxlLKSMVM5nIZvsSXub7kb/yAB6rjAc4B1dEZP7vRuZRfgV96hiN9iy5lJJeAW6ws4NdNMBCw6IgH8EAcD3AOwC9x/FLrdUv5FfgFfoFfPBDJA7UOMz6fky8eqJ0HSsFEsU4Ll8voAKmdB3xqf6X8CvwCPpHAp5SRXIZbsbIIPoLPpwCmrvjVigc4B+Bln7xcyq/AL/AL/OKBSB7wKfioKydqPODWA6VgolinhctldIC4Pa5W20kpvwK/gE8k8CllJJfhVqwsgo/gsxrW7BfeTrMHOAfgzzT7s37dSvkV+AV+gV88EMkD9cOF/zkZ4oHseKAUTBTrtHC5jA6Q7Hiuknwp5VfgF/CJBD6ljOQy3IqVRfARfJUEItviHzxQngc4B5SnG36rjW6l/Ar8Ar/ALx6I5AFCvDYhju7ongYPlIKJYp0WLpfRAUJ7iNIeSvkV+AV8IoFPKSO5DLdiZRF8BF+U4GMdfIIH3HqAc4BbPfFnsnqW8ivwC/wCv3ggkgcI62TDGn3RN80eKAUTxTotXC6jA4R2EqWdlPIr8Av4RAKfUkZyGW7FyiL4CL4owcc6+AQPuPUA5wC3euLPZPUs5VfgNyPwO23aNFEzhHOvXr0iQW/YQEsZqRiwulym9QjrxGuy4YG+6IsH/PdAmzZtVud+ufmvPuAc4L8XstSeS/kV+M0A/E6cODEIrvHjx68GR31P56iNoZSRXAJusbK0HlHrzHqENR7AA1n3gGZmbm4+9dRTq2FY/46qD+cA2lJUr6RhvVJ+BX4zAL/1w68cY5YyUjFgdblM61FO/dmG4MYDeCCLHsiX/1OmTPlBh0gpbTgH0H5KeSRNy0v5Ffg1Dr9hyMUd5lDfxKWM5BJwi5Wl9ahfN/4nlPEAHsAD+T2gmVk/N8PeXx0SEVU3zgH59Y2qH+tVV79SfgV+MwK/uUMeymmEpYxUDFhdLqsf4uXsC9tUN4TQG73xQO08oJmZLzf1PeC3dseFNpGs9urvYlPBpfkaCwcr2YOVhL5hzy/w69+xS8IP/7+du9FpGwajALr3f+lNFsqwKvDnNv2JfQ8SIiOjSq9PnGtPw2tywECWgfYsv32e2/nNMpB4zyu/m+/sVqgfmeR+es0K0miF9cxzt5P4T9fqeyZ2Bhhg4MtAmzNv581HNkU8A9xTK91TlVc7vwHluO36Ngj97m+b/Py2B5PZSpOZa+WVgfsNtLm/fR7ZHRsi/feOc6Ov7e9f4ePe6x69J+fu97RKZpXXXzUDtheK49edtXFtn/f+B7gK0rsmRS73crnKROo6uVvVgN/zy+6qds9cd9VZlN+And8zgI6frSApvybYw4qvLDCwnwHPgP3GdOf7tPKq/Cq///85bHQjVJCUXxPjyI9zfDCwtgHPgLXHL+3+q7wqv8qv8svAlIG0ydP79bBn4NtAVSZsgHxnxc3ns6i8Kr+Kz1TxqSCZ+D5/s5twjQEDDLzKgGcAW6+y9YrXrbwqv8qv8svAlIFXTFBe0wOVgTUMVGXCBsga45hyv1VelV/FZ6r4VJBMfCa+lEnV+2Q90YBnAPcrua+8Kr/Kr/LLwJSBlSY+1+pBzcBzDVRlwgbIc/Pm91yelVflV/GZKj4VJBPfuRvVRCc/Bhi4sgHPAD6v7PP22iqvyq/yq/wyMGXgdnLxZw9DBnIMVGXCBkiOhRXu+8qr8qv4TBWfCpKJz8S3woToGjll4DEDngGP5cbbZ3KrvCq/yq/yy8CUAZP4ZyZxucv9CgaqMmEDhNMrOD2uofKq/Co+U8WnQbrK54HbV5MtAwww8B4DV5n/23UY8/eM+co5Nyejj1/PAgbXyvBdO78MMMAAAwxkGlB+7exaJTPAAAMMMMAAAzEGlF/YY7Bb4Weu8I27cWeAAQYY6A0ov8qv8ssAAwwwwAADDMQYUH5hj8Her/oc2wVggAEGGGAg04Dyq/wqvwwwwAADDDDAQIwB5Rf2GOxW+JkrfONu3BlggAEGegPKr/Kr/DLAAAMMMMAAAzEGlF/YY7D3qz7HdgEYYIABBhjINKD8Kr/KLwMMMMAAAwwwEGNA+YU9BrsVfuYK37gbdwYYYICB3oDyq/wqvwwwwAADDDDAQIwB5Rf2GOz9qs+xXQAGGGCAAQYyDSi/yq/yywADDDDAAAMMxBhQfmGPwW6Fn7nCN+7GnQEGGGCgN6D8Kr/KLwMMMMAAAwwwEGNA+YU9Bnu/6nNsF4ABBhhggIFMA8qv8qv8MsAAAwwwwAADMQaUX9hjsFvhZ67wjbtxZ4ABBhjoDSi/yq/yywADDDDAAAMMxBhQfmGPwd6v+hzbBWCAAQYYYCDTgPKr/Cq/DDDAAAMMMMBAjAHlF/YY7Fb4mSt8427cGWCAAQZ6A8qv8qv8MsAAAwwwwAADMQaUX9hjsPerPsd2ARhggAEGGMg0oPwqv8ovAwwwwAADDDAQY0D5hT0GuxV+5grfuBt3BhhggIHegPKr/Cq/DDDAAAMMMMBAjAHlF/YY7P2qz7FdAAYYYIABBjINKL/Kr/LLAAMMMMAAAwzEGFB+YY/BboWfucI37sadAQYYYKA3oPwqv8ovAwwwwAADDDAQY0D5hT0Ge7/qc2wXgAEGGGCAgUwDyq/yq/wywAADDDDAAAMxBpRf2GOwW+FnrvCNu3FngAEGGOgNKL/Kr/LLAAMMMMAAAwzEGFB+YY/B3q/6HNsFYIABBhhgINPAqfLbftinDBhggAEGGGCAAQZWMvB38PFncM4pCUhAAhKQgAQkIAEJbJWA8rvVcHozEpCABCQgAQlIQAKjBJTfUTrOSUACEpCABCQgAQlslYDyu9VwejMSkIAEJCABCUhAAqMElN9ROs5JQAISkIAEJCABCWyVgPK71XB6MxKQgAQkIAEJSEACowSU31E6zklAAhKQgAQkIAEJbJWA8rvVcHozEpCABCQgAQlIQAKjBP4BgX6Fe0ayssUAAAAASUVORK5CYII=</file>
    </questiontext>
    <generalfeedback format="html">
      <text></text>
    </generalfeedback>
    <defaultgrade>0.0000000</defaultgrade>
    <penalty>0.0000000</penalty>
    <hidden>0</hidden>
    <idnumber></idnumber>
  </question>

<!-- question: 130267  -->
  <question type="description">
    <name>
      <text>Questions 7-9 Example</text>
    </name>
    <questiontext format="html">
      <text><![CDATA[<p dir="ltr" style="text-align: left;"><span>Use the following example to help you to answer questions 7-9.<br></span></p><p dir="ltr" style="text-align: left;"><strong>EXAMPLE QUESTION:</strong><strong> </strong><strong>Select THREE options </strong>that combine to make the complete shape shown below without overlapping. Pieces may be rotated 360 degrees. The answer in this instance is 2, 4, 6.<br></p><p dir="ltr" style="text-align: left;"><img src="@@PLUGINFILE@@/07-09%20EX.PNG" alt="" role="presentation" class="img-fluid"><br></p>]]></text>
<file name="07-09 EX.PNG" path="/" encoding="base64">iVBORw0KGgoAAAANSUhEUgAAAr0AAAH/CAYAAABaXGUiAAAAAXNSR0IArs4c6QAAAARnQU1BAACxjwv8YQUAAAAJcEhZcwAADsMAAA7DAcdvqGQAAP+lSURBVHhe7J0FgBzFuoV3d2bdJQnuFy738e7loRcnxJW4GxDB3SVuxLAACRFCPIHgTgjESZAkxN1l3cZnds/7/56tTU9Pb7KEyO7sf8ihe3vaqrqr6qvq6uowiEQikUgkEolEIS6BXpFIJBKJRCJRyEugVyQSiUQikUgU8hLoFYlEIpFIJBKFvAR6RSKRSCQSiUQhL4FekUgkEolEIlHIS6BXJBKJRCKRSBTyEugViUQikUgkEoW8BHpFIpFIJBKJRCEvgV6RSCQSiUQiUchLoFckEolEIpFIFPIS6BWJRCKRSCQShbwEekUikUgkEolEIS+BXpFIJBKJRCJRyEugVyQSiUQikUgU8hLoFYlEIpFIJBKFvAR6RSKRSCQSiUQhL4FekUgkEolEIlHIS6BXJBKJRCKRSBTyEugViUQikUgkEoW8BHpFIpFIJBKJRCEvgV6RSCQSiUQiUchLoFckEolEIpFIFPIS6BWJRCKRSCQShbwEekUikUgkEolEIS+BXpFIJBKJRCJRyEugVyQSiUQikUgU8hLoFYlEIpFIJBKFvAR6RSKRSCQSiUQhL4FekUgkEolEIlHIS6BXJBKJRCKRSBTyEugViUQikUgkEoW8BHpFIpFIJBKJRCEvgV6RSCQSiUQiUchLoFckEolEIpFIFPIS6BWJRCKRSCQShbwEekUikU4lJ2gzVXa9k6Xg45WUeANd6qPlopISjptAe71ezTxfWlqq+YTFm+qt/c94fU6xgs7BePy/dg4cHxw3Pp+vQqu4/FtxJxKJTpkEekWiGiIFMsc2F9i+4zoYHswKeeM67FOp4OOdSug1j79gn26ZnYPRCs70drvdmj0ejwa/DHEnJjoGXAEGzO6ZYJmd64mZ7tOgczAe3/wcjOK4UVDL8cLxo/42WsUln4NIJKp6EugViWqIVIF8bHPBbQBFEweCA5uhxmjjOuxTqeDjBZ37SYZe8zgMdCCMnXqbnUNlrIc2BXEnJjqHUkeAS2F2zwRLfz5/y6WeoHMIPr75OVQkfdyq+DFa/c7rikSiqieBXpGohsiskA42t/BxS9axHQwPDDW8XG/jOuxTqeDjnUroPRb86K0H0tNhs3MwWsGZ3rytmlfrnZjoHErcATZ/OhAs/Tn+PdN9bDiH4OObn0NFUvGrjx+j9XEpEomqngR6RaIaImMB7X+E7X+M7fNRYe2jAp3+LinxkN1ldunmj9oPuUddCgIbOA3m5UbzY+dT5eDjlbdcl7I9BCOqxZGhhM2Aov72S82pNZSNS44FP3r7z+H02ewc+PrqbbYdX3tf2eN7l9sDN9nf3YWshZlCTZOj5qUMgsblfK8F2g+BRgfLeJ4nbrojjOcQdHzzcze6hMLP8ePv2kCmeDGPY45HP/AK9IpEVVMCvSJRDREXxAw0ym63Cx6vkwpzKsS9BAnEg5o1YCBwIPj1EfT6wTjQ3lJ3gD0Ewh5a90zaS+dgPC861bIwMQjReftccFGYXZ4Ssk+b93ocBHwM7QzKJbQvgv6yv9iEfmSOj8CWQ94Xx1/VN50nw5rOWlwZXOKzUbj4fnDD6fbC6Spr2adKg68M+ojp/DCoxQz3leVuA0SUQWboq57W/iuDff5bqzBR+DWw9TLYUghNIFdaeEWiqi+BXpGoBokLan5Zqbi4GDk52cjOzURWTiYyszNxJDMLWZk2ZGe5yU5kZ9N8dhHNO4J8JMcW4MPZxTiUVXRGnUvnnmew/3zLwpGTT2HNo3MtwmEK4+EslzafmcvxkI3c3CyKkyPIyT5EYcpGJjkr2+/s7CzykQDnULzlGpxH+znTNp5TLoUpN/dQgA/TdT9kcGbeQeTkH0FeHoWD7odcuh+yM3ORm51H++ApxUXmEWQeOYzMzIPkA+T9/v0bnJ2VWS2cS9dYb77+2dn7aep3dvY+Wo/CTvdONoU/l+LXQ5UkrgD4n5T4wVdZoFckqtoS6BWJaohUaxQD7+LFizF69GgMHDYCA4eMxoBBr6P/gLcxcNC7GDiYPZ6Wv0l+3T9v8IChbwSa1ut/hj1k0BsYavDAwW9RGGhKvw8cOpY8Bv0Hv4H+FE7NND9g6Gv0+xgMHvIqhg8ejlcHD8WrQ8ZhNHncoHF4feA4vNl/LMa8MjLAY/u/inEDRgV4zCuvnnEbz2ncAFo2cHiARwwYTR4T4FGDRmD04BE0HYaRAwbRssF4dehwDBs0kPwyXh3+MkYOGYIRtM6IwSP9HjQKo4ePCfQw2hfFc3Xw6GF0nXUeNWwUhXkYhYPigszzQwYPxrBhwzBq1Ch88snHGvzykxIFvXrwFegViaq2BHpFohoiLpC5lZcL7TFjxuDiiy9FcvqFSE69CilJtyM1oQW5JVITm5IbIzWpAbk+zTcKdFIjJCU3CHBicn0k0rpn0sZzYmvhSWhO591EO/fkxPqIT7gL8fGN/ab5hJRrkJj6L6SlXI5z0y7FxbXI8f/EpXH/xD9j/on/jfwnro68Elcn/m+A/xP/P/i3wf8b968zbuM5aY67KsD/Sfg/8jUBvi7+KgrXlbg86RKcl3QuaidloE5aEi44JwkXX5CAC8+PwgXnR/h9XiQuODeGHI/zz400mNbTfqv6Pv+c6ACfd3YUzqljLf+N5889LxFpGXGoVbsWevXohw3rdgcM7aZv8RXoFYmqtgR6RaKaIiqP+aWuvPwcjBw5ChkZ58ASdTGi4hohKrYzoq0PIibsBUSzw59GdMRjiLY8BKvl8SBHWx4OdsRDZ9RRdA5GR4c9T2F51h+e8CdovUcRYb0f4dYnEWF5gtbpi6jwpogI+y+sYVfg3IgrcXPCTWiQUA/1EhugfnwTtIhqjjaWFmge3TjATaOboUlMiwA3jWl5xm08pyYxzclNA9w4uhEaRzUhN0PjyJbkVmhhpanlTtwSezUuiD0P8dZ4XH0JgV7Hf+HxB/6NRx88Hw88lEJOJWfggQfrkM+m+drkWuR0PPBwKh58OIXWTT++aV+n1Sbn8MgDGeRa5Np45P6z8HDf8/BQ7wvx8P1n46EHzsMD/f6BRx69HLfefBZSEhPRpXMPbNi4TwNevRl8BXhFoqovgV6RqIaIy2SGXu6XOGwoQW/qZYiPbovkhJFITnwPadELkB75E/lnpEctRHr010iP+Rwpsd+a+Jvq4ehFSIlZSP6+bNmXSKIwxcV8i8SYz5AeOw214wcjLb4v6hAM3pzQBL3r9MQz5zyOJ895Ck+f9TxezngZg1P6Y3jycwa/QH6xWnoYnf+wpOfJL2FYYn/yQLyaPhDD0h7HM3W6omnajbgq8Rw82PEqLP++M/bvuBcH97XEvgN1sfdAPXJD7N3fmNy0zDR/oAG5Pq1TD4f2VcL77zy9rugc9t1FboBDexvi4J6mOLC7GQ7Q3/s5vHt6YfPWhzCofxNcccm56NWzGzZt2Vnewqtv6RWJRFVfAr0iUQ2RBr2lDL15GD70NWSk/BtxlqeRHPUFeQ3SwvYiNSwPyZqzyYfIB5AUlhXk+LDc6uPwbHIm4iMOIyH8MIUpn+bzkWjdQ4D/C2pFf0iQPwLnhfdEw8iueC7lKYxNGYXXksbirfi38G7Mu5gUNRHTIt8M8HTrG5hhfb0a+E3MsIw3+B2/IyaUeSImRY7DxOjhGJn0GDpE3on/hGXg8Y7nYte6ZnAXN4Lb9S+43efT9ALyhXA7LyFfBrfjcv+U/3ZdBA/95nNUE7vqkM+Cz3ku+QJadgG8zrPhdZ0Nl+NKOIrvRF5hb4wdVReXX5iMbp1bYeu2jQK9IlE1lUCvSFSjVIL8/GKMHPYuaqVei5jI+5EQ/RWSorYjNTwXKRFOJFkdZbZrTrU4g5xs8VYTu5FspfOl8CRHFiPJUkQg7ERMuANxBMGp1jWoE/UDwe9bOD+8DxpH9sFLqcMwMW483o96FzMjJmNW+AeYGT4DH1gnBXi6dTKmW6qDp5CnBniGZUaZpxMUv0+eiomWtzEhZjxGpA1A+8RmuDr6PDzZ6TJs+6MBivNvhM12AQFtMkEhOxVeRwa5Nrz2c8hn+edpmc+RjhJ7RiVc+zTb5ByciShxJJPT/H87aqGUwudzpsBtvwiOwhuQX9wGr435L666JBW9urbFtq0byl9c01skElV9CfSKRDVE/tEbfMjNKcbwwROQnnwtrNb7EBv5LRIsB5Ac5kJCmA9x4V4yTcNKyKW0DAFOJCfTetXDfK6lZALgMAJgCmM8zcfQsrjwYoL8Xahl/ZZAfhTqhHfHnVH34amMMXg3/jWtNXdO+ATMDpuMGeFTMT/s3QDPDZuEOWFTqoEnUzjeC/DcsOmYSzA/l8I1N4L+tlA4afpBxLsYEz8InWMa49qo2nik81nY/Od/4fJcA2fpuSgpjaEbKZocS/WnBHIS4Msgp5NT6O/Eo8uP69TTbLNz4PNNpnOn37Vw1Ka/CXxpfa/3PLicVxP0NsFrr16Lf12Qhns6d8LubduCgFegVySqHqIiQSQShZrMCuUS7YMTTmTn52Hw0AlITP4vIi29kWL9gaDvABLCC8k+MoHucewHyepght2jTiIQjotwItpiR2w4QbBlF86K/B4ZlnE4N6wnGlrvxQtpI/Fuwmi8HzWe4HAy5mnQOBEzIybio/BJ+IRgd37YRA165xJUVkuHT8GCsBkUllkUlvcJdt/GrPB3MD3yXbwaNxCd41vj35bz8VDXC7B5/Y2wO/8Ft+8seJAEb2kiwS/Bok+ZgTFUnEaJJ42gNxkl7vPhK74G9qLmGDvqGlx2SSp69OiCbVu3al0aOE2x/JVJgV6RqDpIoFckCkEFwK6yQK9Ar7JAbwUW6BWJQlkCvSJRCCoAdpUFegV6lQV6K7BAr0gUyhLoFYlCUAGwqyzQK9CrLNBbgQV6RaJQlkCvSBSCCoBdZT30DhPoPQq93/0l6P24DHrnCPSW2Qweq6vNoLeZQK9IFCIS6BWJQlABsFvm0hIqnEtdyCnIx5DhE5GcejOirH0IehcixbIf8WEF5JoHvXUiv0ZGxGs4P6w3Qe89eD79FUyMH40PIscT7BLwEvQy8M4In4APw94j6H2PQHhCDYXeBHgRR/dRHN1kZTaFx+rqYOgtLmiK18Zcj0suSkbPXt2wbcsWgV6RqJpKoFckCkHpYVdZoFegt9x/p6WXwLeklIclI/vYZvBYXS3QKxKFsgR6RaIQlB52lQV6BXrL/be6NyTRfZREgKhsBo/V1QK9IlEoS6BXJApB6WFXWaBXoLfcJwq9pakEval0P5VBolcPjKFggV6RKJQl0CsShYC44FXWg67eAr0CveU2gd6ZYe/6oTd+ADontMR/rOfgkU4XYCNDr+tf8Pnq0H2UglKCQ7YGiQK9Ar0iUTWSQK9IFALSw67P5yuf11ugV6C33MeE3v7okticoPcsPNLhQj/0uv+FUm9tgsIUAySGmgV6RaJQlkCvSBQCEuityAK9phborcACvSJRKEugVyQKAQn0VmSBXlML9FZggV6RKJQl0CsShYAEeiuyQK+pBXorsECvSBTKEugViUJAAr0V2Qi9XsRbHIixeBBDYU2ybEftyC8Fegl6Z1H4FPR2TmiG/1gEegV6RaLQkkCvSBQCEuityAK9phborcACvSJRKEugVyQKAQn0VmSBXlML9FZggV6RKJQl0CsShYAEeiuyQK+pBXorsECvSBTKEugViUJAAr0VWaDX1AK9FVigVyQKZQn0ikQhoBOF3khLb4LeH5BqOUAwW0gOdeiV0Rs0VxJ6H+t4ETZt+K8GvT53BkFhGfR6UwmCU1DiITgk8/zRr7MROAaAZNW1+rpcuQl4BXpFotCVQK9IFAIS6K3IAr2mFujVLNArEtUsCfSKRCEggd6KLNBraoFezQK9IlHNkkCvSBQCEuityAK9phbo1SzQKxLVLAn0ikQhoEpBr4/K81I3QW8BQe8kgt5bEGX1Q2+KBr014UU2gV7NlYTeRwl6N27wv8hW4qlVBosEhjro9QOvHnqrswV6RaJQlkCvSBQCqjT0lniRk1+IIcOmEPTeVgNHbxDo1VxJ6A0evYHAkFtDy6C3lKA3GByrswV6RaJQlkCvSBQCEuityAK9pj5h6C3r3sBm6OUW3gBorO4W6BWJQlkCvSJRCEigtyIL9Jr6RKHXq+vOYAqN1d0CvSJRKEugVyQKAQn0VmSBXlOfIPRydwatS4MGvX5ANIfH6mqBXpEolCXQKxKFgCoFvfJFNoFe5UpA77+tBL2dLsLW9f+F2/kvuL0ZVHEK1RZeZYFekSiUJdArEoWABHorskCvqQV6K7BAr0gUyhLoFYlCQAK9FVmg19QCvRVYoFckCmUJ9IpEISCB3oos0Gtqgd4KLNArEoWyBHpFohCQQG9FFug1tUBvBRboFYlCWQK9IlEISKC3Ip8Y9L4d9yqmWN/EbALcOeRZYe/WSOh9qOvF2MyjN7iuhLukFjxIgbc0le6nMkgMia+w6S3QKxKFsgR6RaIQkEBvRT4x6H0nfhSmRr5VBraTCH4nCPQK9Ar0ikTVXAK9IlEISKC3Ip8Y9L6bMBrvR40nQJxMgDsZc8JrZvcGgV6BXpEolCTQKxKFgAR6K/IJQm/iaEyLJugNn0xQOEWgV6BXoFckCgEJ9IpEISAueJX1oKt3xdD7A0HvAYLZykNvEgFldXAw9HoRH+5AjMWJuHAvhXsnzrJ+jVoR4wh670WDyHvwXPpATGDojRqPeRr0TiZIrBz08ktvZ9rGczIzr7cgbLoGvfPo7+mW8X8RevmFtmRykg4YQ8EEvOQSCluJ+1z4bFcL9IpEISSBXpEoBKWHXWUz6I209NagN1WD3kJy5aC3utgIveyEcDtiI9wE+CVIi9iBc6xfoXbEGILenqhP0PtM+rCA7g0a9IZVDnpn07IzbeM5mXk2hWdB2AcEvTPp7/cwI/KvQG8K3UeJdJMlkONMwLH6utSbBp+HnQyf6xyC3n+juLCJQK9IFCIS6BWJQlB62FUW6K089L6dOBpTo8djdjgD72SahlZLr0CvuQV6RaLQlkCvSBSC0sOuskBv5aH3raTRmBwzHjMjGHgnY1aIjdMr0GtugV6RKLQl0CsShaD0sKss0Ft56H0zeTTeix2P6RYG3smYYakc9M4Ln3rGbTwnMwv0mlugVyQKbQn0ikQhKlUY82gO7FJfKbw+B7LycjF42IQy6O2HFMtPSI04TDBoIzMUniybg+jpdDKBbaBpOYGvH3q9BL27UDvyW6RZxuHc8HsIeu/Fc6kjMCZpDCZGvY2ZBIjTyVMjCAyDoPddzKVlevPy0+n5JjaeE7+EFwy+M/BR2HQC3/cJlN8j2J2gfXVumuVdjEociA5xTfGfqLPxSNfzsGHDzSh2/RseX20C3ySaEhBqX2Yr+zqbt7bBtchpBvMy43oZZ94lseR4CgdBPL+Y501BqScdPnc6PJ4UeJz/i4KCJhg39npceGESuvTsjC3btpanKa0ySelMJBJVDwn0ikQhqmNC71AFvX0Jehch1XKIILGYbAavJ+qSM+7gll4fQa8TsZZixIfbCXa3oFbkNxr0nqNB730a9I4l6J0U+Q5mh00l8J2K9y2TNChU0Ds/bCJBL8EkA6XO82jZmbbxnLgl1wi988KmEfROo7Bw6/B7mGmdiFm07geWtzE6cQBBbxNcHXWWBr3rN9yCItd/4CFQZeh1l0NvWQupBrRGpxvMkHm8dc6Ay6GXR6GgMDH0ujPgdWXA7UmF2/HvYOjdLtArElVXCfSKRCGqykEvd29YSNC7nyCxgOwhmwFs9XRymDvIDPex1nzERxQgzboetaK+DoLe15PGYmrkuwSIUwlu38f0CIJey0R8FD4Jn4RNIvhl6GWY5C4ORz3vNJu7WBhtPCd+Ec8IvR/S8o/Jn1IYPiLPtlBYwt/BdMtbGJvwCjrHNsQ1kbWDodeXCLc3CV5vMkoJELVxes1gsjIuby0+g+YuGmrYNT4nTxpKXLXhcdSCy5UGt/1qFOQL9IpEoSKBXpEoRHV86L0JkdZ7CXq/Q6p1LxIicgkIGQrNAfIvO4L2dYadHO4IdJgLCWF2xFqKCHqLCXY3m7b0vpU0Dh8Q9H7Ij//JMyImYxaB4QKafho+WWvx9QMk96E96nmn2bPCg208J78DofcjAtxPw97B52Hvai3Xcwnq54e9hZkRr2NcwkvoElsf10ZmBEGvy5sIlycRHk8SSjzJBIkMj2UtvnobAdf0IxbcpeBMm8capnPRzrE2hScDPsfZ8NjPgtNJ4Gu7BvkCvSJRyEigVyQKUVUOenshJfJbgt7dBIk5BKsEhWYAeyKOcJ5xJ4fbAh1Gy8N8iI1wIT7MjbSInQS9/j69euh9O+k1zIicgAVh0whwpxHwTsFs66Ry6OUWXz9MTgswdxs4nZ4ZHmzjOc0laDdC74LwNwl438QXYW/jE4Je/gjHh/T37IhxeC3hBXSLvQvXRaYHQa/TmwCnDnpL3QyNRhMIG6FXa1k1rKe9CHeGrZ0XQ28GAW8dwF0bXvvZcNsIeh214Cy+lqC3qUCvSBQiEugViUJURuj1lbrh8bmQnVOEoUMmIC3leq17Q5L1KyRatiEmjKG3iODQTnCoXvziLgEuE/sqYWN/2tPvoNZf7r5BuV50ONliR0LkLiRH/4xE6zuoE9EH9aK74rlaT+PNpOGYHPM6ZkZMIEicgNnhb2OaZTzmRbyDj8LewRyCxdnhwS+yVRfPJy+gcH1C/pDmZ1n5xbxpmE7xMCb1ZXRKaoxrYs7FU53Pw+b1t6HYeS1crnNR4k4Lcqm3FjmDKlWpZIJhXyJ83uO71Jd+XPtbhA2wbGZP2vHtpfWM9jCUM/TSvI8gmKC+xJlBrk2uhZLC/0NRbmu8NuZGXHRRDLr1aIvtW7cJ9IpE1VQCvSJRiOp40JuecgOBX2+kRH6NFMt2xIflIjGMgddDRpkV/BptDpl6J9L2Z9pG6E0k6E2k848h6I2xFCExcjtSo38k8B+Pswh660d1x/MZz+Kt+BGYFPU6ZhAUziLPINCdZnkH8wgQP6K/eeSG2TQNemms2vj9shfZpmE+eaZlGoVzGj6IfAdjU15Gl8TGuC46GHp5VIMSF0Gh3h6CQ4LeEi9BMMFjiTfJP+TXcWwGuUbzZ4GPdoeo2KUEtcc1v6QW5CRyAh0rjhxNjqIw0vm7Ushp8BX9B0V5fui9mKC3e492Ar0iUTUWFQsikSgUVRnojbX0QXrkN0i37EBSWB6Z+71WAnrDXcd1AoHlGXcQ9NK5hbkQF+5GnCUXyZGbkB79LVKsb+Dc8N5oGNkTL6a9iHdiR2GK9S2C3UmYTp5GsDvNMkEb6YBf/JpDwOv/5K//i23VzXPCZhDszsSH5DnkDywzMT1iGqaVQW+3hMa4McoEeglyfc5agXafRa5NIJtO5jFuUytlM8g1uoRdcnx7vakn6ER4ffHkOHhLoslWeLzx/uHK3GnwFF+D4vy2eH3sf3HxxbHo3rMddmzbLtArElVTCfSKRCGqykBvgqUvalu/QS2C3pSwfILVAiRHFBIYMviSuauDsV+sZsMLYiaOsxBcnmEboTcp3InUMB6azU5hP4LUyHWoFfWl1qf3vLDeaGy5By+n9MfkOP+LbLMi3scMy/uYZp2CaRE8YsJkgl7+3PAkgl7uH2t8Yax6eFbEBzSdTuA7neanE+xOx/uWaZga9Q7GEfT2iG+MmyKDoddLkOt11Am082zyWfC66DdXGrwEi9wifDybQa7RJb4MAlHa73HsIkg9vtNMnFE2Tfa/pEfw6/ImwUUQz+F1Fd5O0Nseb4y7CZdcEocevdpj5/YdAr0iUTWVQK9IFKJS0KvA11viKoPeQgwd/C4yGHqtfVA76nMC3x1IC89DijULKZFHkGLJJxfQ37lIiTBz4XEdz8OCGRxnzTutTrQUBziZhykLyyT4zUGSZQ/SIn9DnejPkGYdhXPD7kGjyF54Mf0lTEwci+kx72J25DR8ED0Nk+KmYGrkRMyyvoc5lkn+L7TxMGYRk0+ZZ4VPOa5NtzMzf0pZ5+lWOn8OA3lq1ERMjJ2I96ImYFLMmxib+iJBb0P8N7I2nuzC0HsHQe81cLoJAglu3Y5zAu06H273eeSzyfS7pw48nrOOa6+PgPk49vjOhqvknAC7S4Pt8NYKsJPsMpqOabTTcz6tex75bDjpeM6SdP/UczGcrv+Bs7gJCgu747XXGHpj0LNXZ+zYLi29IlF1lUCvSBTiUvBbCh/Zg7zcAowY+i5qp12HiPA2BL5vEgQuQVLYOiRYfkW8ZTX5N8RHrCGvRWLYiTk+fF2QU2M2nlYnWH4PcKL1VyRbVpJXIdm6FMlR36BO3AdIiXoZGVHtcWtyWzx03v0YmPosxsQPwviYMRidMA6DU17FqNhBAR4TPRhjDX4tdugJ2bgf9uuRw49r0+1ihgb5teghAX49agDGxgzAyLgBGJI4AIOSBmB44ksYkfASXkl7BG0SbsJVUTHo3fEC/LqqBbIK70SW7WrkFF2DnMJrA5xbdN1pdV7x9UE2rlNQeB2K84/vvKKbaPsbkWejeds15KuRW0zhyr8NOTnNkJvdCbszH8GIcbfh0sti0KtXL2zZGjx6g4CvSFQ9JNArEoW4FPR6vW64XDbk5uZg6ODXkBR/GaKs/0VidD8C31fJbyEhksxT63iCxHfJ7yEp8p0TcpxlvIlfP62OtwY6wfoGkqLGk99CUvTrSIoZhbiopxAV2QXx0XVxRcKtqJ/WEF1TW6F3Ylfcn9Ab9yXfix6p3dEnrlOgYzujT0yg+8Z2OSEb96M5qtvxbbLdfXFdAtyb3Ce+a4D70TH78W/xXXBPYhf0TOqCexN64p74buiU3BL/jb0C5xP03nX7xRg5uj7en3MXpn94B2bOugmzZt4Y4OkfXHfKPIM9/foAzzRx0HbTrsOs94/vmdP/S74RM2fQ/IxrNM+a8V867k20j9sw64O7MOn9Zrin9//ivHNj0bVrV2zfuY3SkleztPaKRNVLAr0iUYirvKVXa5HyIC8vG8OHjUZG2kWIiboQCTE3Iy6yOWKiWxMA3k3zLck0b21Lbk/LePkJOLJVkGMjW5xeW1safDdirK0RQ7/FcJgprJGRdWGNvJ7i4p+oFXMpLqbKwL8J+q6J/Q+ui70e18b9H66OuwrXRv1PkK+JuirQkSdo437IV1v/fVybbfef6EBfTb4u+n8NvlrzteRrYq7G/7GjbqD1r8EVMZfjrKg0qiBE4uxz0vCvf2fgf69Nxv/dmIHrafrfaxMDfd2p843XJuDGawJ90/VJQTbb9iY6t+P6ujRyStl+4nHzDYm4+fo02p7CSb75hmTceH0qLrogGskJ0ejevSt27d0Gj8cTBL4ikajqS6BXJApxKej1eLzweJ3IzTuMGTNmol2bLrjr9qaod0d73HFbJ9x2e2fceUdb1L2tNZmnHVD31o647QRd7/YuQW5cr/tp9V23dg1w3du64vbbO+D2O1r5fRud112d0ODO9mhw+91odEdzNK3XBE1uboAmt7RAs1tbo/ltzdDstvpoeEuDQN/eBA3vaBbgBhSfJ2Ljfth1bz++zbZreBvtT+fGtzZFs5uaBLjhbS3Q4LaWmhve6neDW1rjLgr/7XfWw61178Ttd92BunfS9I4byTfgjjtvRt07bkG9O28NcP26t51SG4/X4K7bg2y63V3Hd4O6d9H2df37qXcLTXlZXUoTd5Dv1Oab12+IZvUbo+3dbTFq1EiC3i1wu90B4CvQKxJVDwn0ikQhKX7cqswFMrf0lqCk1Auny45Dhw9i06bN2LRhGzZt3E7eQX/vxOZN28nbyqZsXm7ijXuO680b9wZ7Ay0/jd6yaa/BtGzzLvLOMu8uC+8WOj/2ZprfRFM2/U3Lt1A8baG/t9JvAd60Fds2nzpvoGMEmM5jI52P3mbbbaJ1jdbCpfMm2tZo/z7pGJs3ad60meOCvRGb6e8t9PeWLRQfW7aeNm+tpM22rYw3b6ZrrJnCyeEjb6N42EbXXjNd443rKT7Wb8TWrdtw4MABFBcXwul0wuVylYOvQK9IVD0k0CsShaSOwq4y9+n1+jxUULvgcNhgsxXD5fTA7fLC4/bB66F1QsweNwwu1UDFaNVip2y2js8d6BKPF6Ve3ymzellK2XiObLPtuBVSbz53s21P1Mbzqs4OCh9d0xJ3oNVvKh4ZcBl6VdzyfgR6RaLqIYFekSgkFQy9PgJeXwkX0lR4swmCVUGuCu7K210t7HEz+OrNXTxsAfb5/CCjtx6MjmXjdifTfG30VsB1PCtI09tsPXHlzddafx3UVH8PiESiqi+BXpEoJBUMvezSUl858LJLShiIvNpys/UrtrdaWA+oR+0Hf2WzN+/1wKPsKzW6lGLi1LkyMtvO/8JioE+WzPZdnW0mXqq3j6992b2jtjHeGxXtSyQSVS0J9IpEISkuhANBleHW37rrKoM9KshLaJ5bRUvpb/wF68ChKltB/VFTPBDf6038GrRdICT77aaV9fbQhqfS+pZa1apoPE+z7YxAxjZud6I223d1dlD4yFQFDHD5b2Xr66V+My4XiURVUwK9IlGNFRfUrko4EJ79rh4yQo6ZzWS23pm2GViZrWe0AJlIJBL5JdArEtVYMQx5KmEj8JqDYlWUGQQabSaz9c60BXpFIpHo70mgVySq0TLCbGVdPWQGgUabyWy9M22BXpFIJPp7EugViUTHkRF4zUGxKsoMAo02k9l6Z9oCvSKRSPT3JNArEomOI4Ymo6uHzCDQaDOZrXemLdArEolEf08CvSKRSCQSiUSikJdAr0gkEolEIpEo5CXQKxKJRCKRSCQKeQn0ikQikUgkEolCXgK9IpFIJBKJRKKQl0CvSCQSiUQikSjkJdArEolEIpFIJAp5CfSKRCKRSCQSiUJeAr0ikUgkEolEopCXQG8IyexrTEbx15nM1jueT/dXnSp7niKRSCQSiUSVkUCvQQxbRp9KmR2vMjZTZaCQtzVb73iu6JgnIn04jmWz8zBaJBKJRCKRqDIS6DXIDKyMMHYyZXa8ytjsPMzWM4q3M1vveD6Z4Tbb/4laJBKJRCKRqDIS6DXI5/MFWcGu3idLDG5mxzyezc7BCIRso3g7s/WO55MZZrPwmNnsPIwWiUQikUgkqowEeg2qDHwJ9P49mYXHzGbnYbRIJBKJRCJRZVQloZcBS0GWghuPx1Puvyu1f96vfspSx9NbrX8sm21nZiPYeb3egLBV1nxMo8yOZ5TxvNnGc2LzMfjceJ73w+sZpbbXSy0z+42lLSsJdqnHB3jpfH1kXuajZW5vgHkZOEh6G8T7V2FXYVF/660dh4/npQqE2r/2t85qHTq3Uo8XJW6Kd5ryNuW/l+9HZ1pmdky2Oif9eenjS4sfnXg9vg7qWui3M7Pah35e7dO4bmWt349yZdYxc9B2FcRfkI3rmNi474qs4lHZ7HjGbUrJ/uuuM4UnSMZ1+NxOs8zi3Shj+NgnU8Z9m52TmU+3gs+BFwaalxnXM+ZfmulfgM3WOc02nrd27kbxMsP9X7ntyCbHNNpsXyd6f5xMq+MqGX+vrCsrs22Nrpx4PU6vep+YTM/BeA1N1jlRVwVVOejliNEnAgV5XOg7HA7NLpfruFbbud3uIOvX47/Veuo4Rqt9/VWb7Ud/7IqsP9eKbLZ/s3XMbNxOn/koH+s3Zf5dgYNapocJM2v7JHgscZF5WgaS5fMMoAyWDMHGjJh+U+spG/fP52BMYOpvvY/mFzTPMG04lt+8XtnvCq5o9uh2uvX0pt9Mj2mQOmeOE3VdVDwat+F59ZuZ1fr6eFBWy9Q6euvXY/Oy48m4D2WjKrOOacHJy4w2rmNmk+MZbSperF1TnY3ibU2OGbT/SqxTWRuvjbqOepttZ2ajeJlx/8Zt2EYZt2GbyWw9s/M32mw7o0+mgsPMCwPtozSuPzdtPcqjjC7PI5TN8obT7ODw0XKjeFl5XuY3V/KM2+mvgRYPlQzf8fajbFzvRG28p8xsPK4/Gsz3VxkfT2bbmLly4vUo7o+ZYVVOpudgvIZ/Iw8zuiqoykGv/kZkwM3NzcXGjRuxfv16/PHHH1izZo02fzxv2rRJM2+7YcMG03V4Oa+zefNmbcrL/vzzzyDzesczH8do3u+JeOvWrUHetm1bkLdv3x7gHTt2YOfOndi1axf27Nmjee/evQHet28f9u/fH2BeZmb+7cCBAzh48KDmQ4cOBfjw4cOajxw5gszMTGRlZSEnJ6dC87Vk52fnoiAnD4W5+SjKK0BxfiHshUWancW2ctsKigLsLLbDZQu03W7X7hOn01leaVB/K/DnZfy33l6Hy2+n3z4XretwBtj4O1sDbZryMredjkH2Oek3nT1l56G3/hxV5YMzXwW8fK78mzpnfYXCuI7aXm/jOsbw8jK1P715u+PZbLuT5RLaf4lWmTnq4NZSWs+wjhlklFAhrC/MzGx2Dj6uQHElTGdj/LLVEwHlEjov476C1iEb1zGzsXBgm61ndGVktm8zma13ojbKbJ0Ttdl1PXmm/VO06u2m+4Ovv0oL2npllW69gyGYNjbco6fbweELhkutcqYDXrbZdsZ8ge9/s2MabbavU2ljGjGz2TbGZWfCZgq6XkHAa76dUcb9sE3PwXD9uHJjtt6J2OwcTreqFPRyBPDNx1POZBikPv/8czz66KPo27cv+vXrh/vvv1+bP555PV6/T58+uO+++3Dvvffinnvu0cx/9+7dWzOvw/t/8skn8fjjj+Ohhx4K8sMPP3xcP/LII9p+9Ob96f3YY48F2bgO+6mnngryM888E+Dnn38eL774YoBfeeUV9O/fHwMGDMCgQYMwZMgQDB8+/LgePXp0kMeNG6f5tddew+uvv44333wT48ePD/CECRMwceJEvPfee5onTZqEKVOmBHjatGmYPXs25syZg7lz52LevHlYMO9DfPLhR/hswcf4/ONP8cUnn+HLT9mf46vPvsDXn39J/kKb13vhN9/hx+++D/DChQvx448/4ueff8bixYuxZMkS/PTTT+Xzy5Ytw8qVK/HLL78E+NcV5JW/4LdfVuH3Vavxx+pftanevGzNr79h7W+/Y93vf+DPP6jCtWYt1v9B5umadZo3r98Q6I3+ipTeqnLFFRhVQVHmigpb/zdXXHbv3l1eUVGVELZZRYYrJ/oKiqqkcIUkOzvbtBLCzsvLC3B+fj4KCgoCXFRUFOTi4uIAq8qH3sZCks1QrreXfDx4YJutEwTGukLtr7jUsB+2cR3et2q5VeZCXw/FbOM6bOM6ZjYej20Wf0Yb45Nttn+jzY5nZuN2ZudgXIdttq/K2Gz/p9JB50CFvJcuo96q0shxq7YxVm7896MRGILvq9PtoPCRg0DEALzsymzHlUyzYxpdmX2ZrXOi1gPVsayOW+G9UEmr7Y9ns22NNpMxrujMeanBx5cKs96m52C4fmaV+xO18fjs060qCb1szmC4MB87dixuuOEG3HLLLWjQoAEaN26MJk2aBLhRo0Zo2LBhgPXLeLv69euXT9l33XVXuZs1a4ZOnTqha9euqFevXsBv/HfdunVPyLyt3rw/4zp33nlnpaw/J3VeZlbhZHPYVXiP5Yr2o35Tx9Nvw9aH4Y477sDtt98esA82/87L9a7L4bmT4qfuXah/F+2X1mvcsBEaNaDrRm5Yn86f9s9TvRtTeHi9Jo3oHqDrq82X3QNNmzYtd4sWLdCyZUu0atUKrVu3Rrt27dC+fXtt2qZNG82d6Xp36dQZXTt3QTe67t27dUO3Ll01d+/ardw9undHrx49cS9VlnrfS5Ulch+qNPWhClPf3n3Qr09fPHj/A34/4PfDDz0cUKl54okn8PTTT2t+9tln8dxzz2mVFlVBGThwoFZJ4an6e/DgwRg6dCiGDRumVUxGjBiBkSNH4tVXX8WoUaO0ismYMWO0iglXSt566y2tIvLOO+9o5soIV0omT56M999/HzNnztTMlY8PPvhAm3JlhCsh8+fPx4cffoiPPvoICxYswMcff1zuTz75BJ999lmQv/zyS81fffWV5q+//hrffvstvvvuO3z//feaFy1aVF4BWbp0qebly5drXrFihb8ysmIlVpP1FRCe/3Wlf37Naqp0/Pq79puqhChzRWTd72u0ysifVBHZYOL1a6liQt6w7k9s4grJho3YRObpFqqcbKHKyLbNW7Bd522byBtoOXn7xs3YtWUbdm/djj3bdwR4946d5d5FlRX2/t17gswVGL25MqOexCirCo3eqiKjr9CYPWGpyPzkRV/h4Xn1Nz9xMS43Wq2nKkPKZhUlo43r6M2/c2XKuA2bK1SFhYXlv/OU/9ZbX+my2WxahUtfAdOWk+2VsKOYKmhkp80Jp90Fl90NRxFPPbTMDXuRE0X5RUfX0UwAbGIPra+32+Y4+lSKn1KZPKliu+2OAPN6+idebLUt75OfLvGTKON2msuOadw+0Pz7UZfvV2djBdbMTjYd83h20bka7TbYxesZTRUNvZkJjMv0T7L0FT6eN1tfWf2uX08/z1b7rci8rv5Yeputr98fr+OhypLHwxVL5h0vLadKpYcrXYFW67B9XgJXn4mJHfmpBKETAXYpbee3j+pivIx/5+UeN++zbHnZb/71aTlX+Gi+lH4vpfWUS9i8jH4Drc9W8aw3cxtPGWR5XsG+glvFdmz+W1U+TreqHPRyZHDE8U3BGf8bb7yBu+++W4MCLqS5wOWCWW8usLngPp7VeqrAnzVrVjkAqIJ7xowZmD59uracp/w3Q8OpMreQMqDozS2mevM6DDB6v/vuu0FWwKM3A5HeDElckdCbQcrMDFoMXAxfDGF8DfR++eWX8dJLL+GFF17QQI7NUKc3g54CQG79Vi3iapkyt6g/+OCD5S35qoVeb26l5xZ7nlct9z169NDcneC0G4ErV1y6dOmiTY3u3LkzOnbsiA4dOmgwrKxAWJmXMTDzfcfwzBDdvHlzzVxB0gO2gm6ujHFFy1gBMy5Tf7PVtmbm4/DxeF4dSy3jqfE81G/qd56q5TzlStCtt96qVU64MsJh02+jzOFVYVY2rqNfz+w3tr7iwVZx27Zt2wB3oIpI53Yd0IncuX0HdGnfEd2oMtKtUxf06NwVPani0bMrVTy6dce9VPm4r2cvzTx/T/ce5ct697oHD/S8l3xfgO+/pzeZ5u/rg4f73I9H738QjzzwkOZHH/T78YcfwZOPPoanHnsCzzzxFJ598im8/OQzeOmJZ7TpK089h4HPvoDBL/cP8JD+AzB04CAMHzQEI4cMw6tDh2PMyFeDzJUVvTltccVFVVrU0xSjjU9WOD2rpypcmWEb8wpl9Ts/bVF5zdSpUzXzPOdtKp9j8xMZtUyZ8z7OJ/VPaox5qspP1W+q4lSR+fdjVaY4H/7iiy+0+U8//VSb8t96f/PNNwEVrB9++EGb1/v7b7/TngwFmJcZ/OO3i7Dou5/w0/c/4ecffsbihYtp/mcsXbRUmy5euARLflyKZT8tx9KfltGUTZW2xSsDvJL8i8ErFlMlb/ESrFiyFCuXLtPMfxvN6wV4iX9do39Zthyrlq8oryTyvN6rl6/UprzeyqV0jrSf5T8tPq6XsX8OtKqc/lWbPVX7/ZfVAeYKrPHc1ZO3AP/6a6X922+/4ffff9e6QLJ5ns3L+Xf1tzJ3k1y3bp1m7sKo79rIy9auXRuwjt78G0/VdtyVsTLdHdVy9dRv86ZtNN2OLeRNG7diw/otWP/npkCv36z9tnHDVppuo3V3aOtv3hTo7dv2BHjb1t20fCe2btlF3q39vX3bXuzYvhc7d+zDrp37sXvXAfqbl/u9c8ceWrYPe+n3fTvZVPneRZXv3VTp3n0QB/ccwqG9h3Fo3+GAJ4+qQs6VbK6Iq0o5myvpXEllptO3divoPROqktDLkcORxBHJmT9DDmd2HKlcq+favd5cs1ePXY9l1Qqgb0nQ+pjSlGuuvG9uiVCtHzzlv40tICfTZi00+ptGmW+m41k91tZb9b89ltXjc73VDc2Pz1VrFLdQ6a0eyfPjeu5jfKy+x2qe19E/9ldWGYPqb60yH2Nmo8+g+G99xsZevXo1Vq2iTJXMGTC3KKrMV/2tMmc2z3MXCG6F5JZJ7irBhSgXqlygcvcJnnJBy5Uibt3kLjdcGHPhrQpyLvC54GdA4BZVBRIKNvTgoWBFVXhUJebtt9/WupFwRY/ve4Yh1d2EAUlVUvhvhiaulHBLMHdjURURbinmygh3d+EKCU+5O0zPnj1x7bXX4uqrr9bAnysaXAFRXXgeeOABrcKh/7tfv35aBURf8VDu1auXtk+uaHAlgysU/LREVSq4ZV21rrMZcPWVCoZudisC49YtWuLuZgTLjQnSG1HloV59zQ3vqocG/DTgzrpoXK8BmjRoiKbcuk9TXnb7zbdovvOW23DnreSbbw3yHTfdgttuvEkzz9elde+6/Q7Uve0Obbs7brkVdW+9Xfu73h13avvlYza4oy7q0bK7aB1tG1rH6Dto/7fRPnkffPy6t/F+gn3bbbeZmisg/JSEn4bwvNHGpztsXtdsud76Jy36JzPqd57XV8bUkyEzq8qaqrDxtvr964+j1lfrmZnX1a9ntKo88jpqG3UuysYKIlfqgpY1bkL3U6BbNmmGlk0D3aIxVd6aUOVW57ubUoWX3Kxhc7RqRpW2Zq3RpH5TbVnblm3RvlUHdGzTMcidWge6Q2uq1LVpSxW69lplrmvHTlpFzuhuHamSdxybbXcsd+/cBd2p4tirS7fjuie5RxfaTmezRoPKmBsfVEOEsqqoHq2w9sI93XoEWKu49rwnwPouiZzfsNXfxzJvp7ZV+ZRxHTbnY9y4wvmcPr/jZezevXuXzyvzOtw4ozfno9zFUeWdbGP3R715ffaTVKl+mirUzzz9PJ568lk88fjT2rJAP6utw78//dTzePaZF/D88y/jBYOff+4VmvbHiy8MxEsvDsTLLw3CKy8PLnf/V4ZgQP+hGDhgmOZBA4eXeajmwYOGYehQqpSPoLJmBJU1I8fh9dGv440xb+LNsWUe9xbeKjOXUWz1hJHLLi7PuFzjsozLNC7vuFxk2Ge+4hZugV6DFPSqiGHY4wjkG43Bg0GVHxGoZvO/arVfdkW/6c9BXRienirzsRnw9TaeG1ud37Fs3I/ZvniZegSjbNyGrdZVrmg99vH2xebf9I95jmXt0RlN9fvVb6/fn/43ta1aj+fVvozWr8+VHVWZ0leK9I9WVaVJX1lSlSP9vKq4qIoI38NcsVDLVCVGVThU5UT/CJsrG1zx4AqHehzO5oqH2TK26hfMFQuuRHClgCsYW7Zs0f7m9MMFAQMnwzhXEIwVCn3LBs9zi4lqQTFarc/zxgqHvpWHrSoaXLngftbc3YHN/bCX0HT5z0uw9KefsfjHRfjph4Xa1D//IxZ9/4PWd5un/Bub//7+62/x7Zdf4buvvqb5b/DDN9/iG+4Lzn3Cdf7y40/x2YcL8On8j8r9Cfnj+R9qXjBvvt9z52P+7DmYO3MWZk+fiTnTZ2DmtA8wfcr7mmdMJfNU5+lTpmLa5CmY+t4kTJ4wEZPemWBqLhCM5oKCKzhcuVH9543WP41hc8VHVXjY3GLMT2GMVn31uULE5mVcIeJuM6orDT+5UU9vVLca7m6jN78jwE9xuCsOm5/k8JMb4/sG6n0IY0VKbwUGqtDn9VXhrzc/BeJ1GCZURcxoPYQwmJjBidb16L5A30/LjO57Tz/06UWg04v21dNvXsbTXl3vQZsWbXH1Vf+H/7n8Kg2I7+1OoETr3tezd4B796BzMPi+HgRWDHO97kHfe++jc+iNB/r0DfL9vQPNyx7sS3Cl80P9HiDfT/NsgrQ+gb/rzevx+g/f/wAef+Dh4/ox7ckHPwE5anWt/qr5Whuh0Hh+fO4cF8ez/omfHmLNzGCrzOBtfPLHFXKjuaLOv/F6Ztsc64mhquQr6yv7+m50eqsni+pJYqu726J1q3aaeb5Fi9Zo3uzuADdr2pIqiE3RsEETNKJpk8YtaNqM/uZlR924YQs0btSSfmffjaZ0rzZs0JzcDA2owsa+q24j3HlHA9xxe33Nt99WH7fcfIfmW2+5E7ffTpXqO6mieSdVLu+kSuldjdG4HlUiaVueNq5HFVJaxjarYKsKNVdMVbdGjgt+os6Nh3pWYfYR6CUZgZMhgaGXb3Zu6eWIY1jRR56ygsi/arUtQx7Pq3Pgv3l6qqFXHwblyqxnto6Z+fz15mXGfRnXUesdzwqk9TZbz7hPIxCz9edj3E6Z96/Ol3/nv9W82lZ/Lmpf6jcz64+jX6ZfRy1Ty/W/87wKA8O3mtcfn/etlrHVvoznyVb7ZfNverjX70O/rX57tQ0DPM8z1PPfDL7c4suZMj/+ZXBXlQP9/nnKVssqsv4c2Ly+qmDo96estuPKhX49T9moGDwahkcbDeNov8Ry6/od8tRRVAxbPlVEtJE/CmAr8I/+UUTzhQbbaJ2i7FzkH8lC3mEyTXOOZCKXprmZ9HdWNgpyeDQR/6gieVk52rKcrCxk0XqZh49o0xxej37TO4d+yzx4CEcOsA/i8P4DplZPTZRVhaaiJyjK+n7A+ooOz+ufshht/J0rQqryw+Z5/ZMX/putnrYYzS01+se/RqtHyuqxMleUuAKkNy9T5nVUpcporkzxVFWmjPtRVpUr49Mc5VX8eJwfmev8yzL/o3+9Vy//FauWrcYvS1dh5VLa3xLadtkqcJcF7sowdeL7aEpQwS3Cb7/+jtbdgX9b/jNV5Axe8VOgl/3ElbmyLgNl3QiMx2cbH/WbnueKwK4LK5f4uzuYmddbXdZd4LflK49vWve3lasCrJ6W/VWrCq7e3L3DaGPXDe7WYez2oZ7E8VM4VUlWFWZlVYnm3/j9Ab3Vkzv19O54Vuvy0z21jOeN5gYEzkP5aSA/AdTPq+456p0H/bsP/KSQp/w3r/Ppp1/gs0+/xGeffYVPPvkCHy/4DB99+EmA58//GDNnzMGM6bNpOhezZ80jzy+bHvWc2R/R9EPMmjmf1ptP68/D1CkzMGXydEx67wPyNEycMBXvvjMZ77w9CW+Pfw/j35qIN15/myre4/HauLfw+mvj8cYbVCF/zejxeGscVdLHvqW1/L4++g2tEq4q4NxliyvZPOUKNlfGuZLMlQEGfG795UYfffnG81wunglVSehVhSq3hHGfNAW93KKmIk1vVeDrXZn1zCL9RLerjFT49A41GcNnZjMZ16lsHBu3M3NlrinbKF5mtq3Rxv1U1kad6P1hup2P4tBDFYSyUQ727tyldXfgbgaclrjFms+d05nahufNwlMZncxz18OyEZqVzdbRX5Nj2WzbyvhknsOptNl5Gc+9studTBvPoTLmipF6OvN3bbZ/4zCFbE4vXie/0FasvSTJ3QS4n/lP3y/UXgTj0UOC98/n6TX45J17ZXy8iuqxbLa/41mrtBqucWWul9l5mm1nXMfMlTmemc3Owcxm2xp9otuZWT111D99NOumqbp2KnMjhtH6l0b5aSXPM0NxN1GGUJ6aWf9UkhlMPZ3UW98VUm9ViefKNXd34Ccz3Oef92mW17NPt6oc9HLmyzcNTzniGXr5kQW/+MCPj1XBrLdZRBrXMVuPj2fUiW5XGZld9FCTMXxmNpNxncrGsXE7M1fmmrKN4mVm2xpt3E9lbdSJ3h+m2/FwWTzkDIEvD5/E0Mt9fRl6uU+ygl79+VcUnsroZJ67mXk9oyuzjtHGbf6KK7MvFYdn0mbnZTz3ym53smw8/l+x2f5OxKZhdlOlL8A87BzdmJRu+KnDxnV/an1qu3bopHWt4WX8W/D++Tw5z9D75J17ZWwWd5W12f5Olc2Oz67sekYbt6uMzfZjZrNtjT7d27GD7uMK1uGpfv+8jBmKKyhmLMVW58HzvE5F6xmt1mV+4/KFRwbiLkr8nguzHEt/fsqnW1USevmCcGRw7YD7H3JfGx55gf/m342RdqLm4xlltp7RZttVRupm0jvUZAyfmc1kXKeycWzc7u/YKLPrdTJt1IneH6bbadBLU7avFPt27db6aTL08lvxXOtXmRVvf6ywVkYn9dxNpM5R79OtyhzfGJYzYTMZz72y250sGY9/JmwqShsB5ooipR1+QuKyObBh7Z/aC2hdyqCXP1jDaSp4/xxGMxvXCy0bZbaOuGIb06ACR2Uz3lH59l+12l7tm+fNzomtjqPOwWi1DzMzv3ErM7fwcp9uhl5mN5Y6B71Pt6oU9HIEcIRypLG4ZZc7QXNLL9cauLZQ0QUyujLr8TKjjNuwK7NdZWS2r1CTMXxmNpNxncrGsXE7M6vrqLfZekaZbWdms31VxkaZ7asyMt2ON1WDzdM/Hi+WX1hi6OWnJpwpla9bJv32eldGJ/XcTWRch7czipdVxieqk3kOp9JG8TKzczf6VIr3bzyHyth4jn/HpqoAernVl/uPb1i7Dt15NIROXfDzwkVa33NeJ3j/FEa6dQPMywLWObU2i7/K2mx/lbFRZuuYuTLHN65jZrPtKmOzfZnZbFujT3Q7M1V2PaOMUKo/F/6bYVT9pubNjsXWb6OstlXW71+Zl7N4nhtVGHYZenkEB37RW+3b6NOtKgm9HMksjiiGXX47kyNO1RaMMotMMxnX4e0qoxPdzqjKnmd1ljF8ZjaTcZ0TvTZmNtuX2XonKrN9VcZGnej9Ybodb6oBL4WdJgf27NXe1ue3aXmoNQW9+rgx2w+7MjqZ525mXs9o4zr6TPlYNm5XWR/v+OyqILPzMp67mcy2O1k2Hv+v+GTJdN+qYqjMT0boH88z4G5ev1EbI7pHl27aiCJan1/uMmQmPlW9T7PMwldZn4h4O+N1rqwqc3zjOmY+UZnty8yV0cnczhifZq7sduo3zvOYqbgxka26j/I6x5Pah1H6/FRvdS7cd5jH+ebuDVzeMASr34w+3apy3RtYKvI4ongcVIZeHvuUO1nzxeOIMrsQIpGoTAy76kU2KsAP7NmHwf0HoE3LuzFv1hwU5VEm5PVnVCrzkTQlqolShbGWFrSWXlpI6YdfZtu2aTP63HMvgW8PLFn0kzbSiJamRKIqLpWvn4r83bhvvRmsGXr5KT0PY8dPFhX0Kjjm9c5UeVOloZc7Q3MtgaGXaw3cveFMR5hIVC3EyUPr0+t/XHtw7z4MGzgYrZq3wJwZM1GYm6eN7qDSk6QpUU0V3/d8/2tpQUGvj6HXhe2bt6Lvvb211l5u6dW6N1TU0isSVSGpfP1U5O/GfbMVtzH0ctdUZjYee5tfnBborUAqIjhSWDzMBn/5iqGXv3Al0CsSVVKcPNQjW/p3aN9+jBw6DC0aN8WM96ehMCdPe1NdpSdJU6KaKr7v+f7X0gKXPRr0lmhdGXZu3aZ9xIKhV3uRraxPr6jqiq+n0TVRKl8/Ffm7cd9sTj98DH4arwYh4I/N8NjEDL0sXudMM1yVgl4VGTxl8Zh0PKYoQy9HII8Zd6YjTCSqFuLkwS/mlPXp5Y8kjBnxqvYJ32mTp6JAoFck0sT3vSp3yqHX49M+lrJr2w7tC2IMvfxVQDWOr6jqSuVnetdEGePgZObvxn2zGXb5GDzlsXx5uFn+SiN/uEOgtwJxZKhI4ykPwsxfL+GPU/BXPQR6RaLKimGXMnt+jZymhw8exJhXR6Fh/QaYOnkK8nNy4dW90MDpSdKUqCZK3ftaOtDSDP3jll6XG7t37sJDDzyInt17YCFDr8ul/SaqKuI8K9B8HY0OXi/0pe5r5ZMp477ZXJawmN+Y1SZOnBgEvep6qG3OhKpc9wYW9wnhef7SCDeN87e333nnHS0i1W9nKsJEouohzvyp8giGWi+OHDmEMWPGaN9Fnzx5svaigaQlkShQKi3wlAtv/roUv4zTo0cP7fOz/Oa7KqdEZ14lJT74KH/Tm6+P0bSmwZLnnWxxPKt0c+DAAY3ZjNBbFVTloZe/V33vvfdi/PjxWkRKQS0SVUbB0Pvaa6+hfv36Wg2chwPkzEnSkkh0VGbQ+9BDD2kfSGLo5c/XqhYt0ekXx73eHg9/9pc/BXzUnKcZHQi8bMnzTrZUXDOj6aGX0w2/n1VVypkqD71cS+DuDW+88Yb2bWdV05aCWiQ6loKh980339SglzMjfrtWZVKSlkQivyqC3m7duuG7776D0+kU6D2DMkKvz8fvJQRa5Wt6BwIvW/K8ky2+HhzXzGj79+/H22+/jccffxwLFy7UuqoK9JrIf3MGQi9nNPwiG7dS7d27V6BXJKqUgqGXM6F69eppT00EekWiYJlBL39ViqGXG2AcDodWuIvOjFSepezz8dfCBHqrglRFhBmNGyi5nHniiSewaNEijeUEeisQ36CqxsC1aoZe7k/16quvahGpatpqHSmwRSIzHYVezuRzcrK0Fl6GXq5AMvRKVyGRyFycJjh97NmzB3379kXnzp3xzTffaNDLy0WnXpw3Ge3zOuH2OuCCG8WlThS7bVQ5cdM1ccHlouVkB21bTDDs1V7i9cHjsAkznAZx/HLcqj69Cnp//PFH7ZsL/FtVuA5VHnp/+OEHrXsDQy9nQAK9IlFlFAy9EyZMKIde7tMr0CsSmYvThIJe/pRq165dtZZe6dN7+sR5U5B9Hni8BLglbjjhgd3jRIGtGIX2YrgIdN1kJ21rJ/Diec4DfbSOMMOpF8evSjfGll7Vp7cqXIcqD70//fQT+vTpg5EjR2Lnzp3lmc6ZjjiRqGorGHp52D/u0ztu3Dh5kU0kOoZU4c3Qq/r0KujlNCM69eJ4NjM/Pmc24BEBNm/Ziq+//QEff/o5fv19DbJy8uDylsLpIfjll9x8bhD+CjOcBqn4VemG3yF58skn8fPPP5f36a0K16HKQ++yZcu0PlXDhw/H9u3bBXpFokopGHqnTp2qDVk2duxYrXuDQK9IZC5OE3ro5ZZeHkmIyyROM6JTL45no71egio35Wl0CY7sPYSp70xBz4690LpJG4wcOBJb1m6FvdgJr4fguMQHR4kL3BlCmOHUS8UvMxr3hefBBxh6lyxZArvdrsV7VbgOVR56V65cqY2TyNC7detWgV6RqFIKhl7+qmHDhg016OWWXklDIpG5OE3ooZf79PLXQfmFHE43olMvzpuM5u+CuOwelDpKsGrRCjzctR+uOuty1LakoukN9fHhhNkozClCiZdzvlLYSpwoKvG/fCj53amVil9mtF27dmnd6Bh6ueGS+8JzvFeF61DloFdFDGc4/BiDI+yRRx7BkCFDsG3bNrlxRaJKqKTUD7tqmpubjenTp6NZs2Za/3iGXk5H3Nqr0hJPJV2JarL0aUG1WD366KPo0KGD9nVQgd5TL457DY48PDKDT3shzUn5mKPUq30m2ldsh+1AHt4fPRNN/90cV0ZfiovDzsJVKZfjhb4vaa29zkICX48Nbp8Ldn6prYT2o3OJ5HMnXYrLmNu4Kyp3o3vmmWewatWq8pbeqqBqAb3c0jt48GCtpVegVyQ6vsygd+ZMKiSaNsWwYcOQmZmpAa9Ar0h0VPq0wNDLLb0CvadXHPem0FtC0OslNih2Yt2iNXi67XO4OfUm3JZ8A+qm3Ij/jb4cLW9sgXnvzkXBoRw47AVweh3aS20CvadeZtD73HPPYfXq1QK9x5K64fXQy4+XBg4ciC1btmgRK9ArEh1bZtA7a9YsNGrUCAMGDMDBgwe19CXQKxIdFZctLE4HnD54bHj+qpRA7+kTx31F0Ot1eZF1IAczR89Gp8s6o6G1Hh6+qDdevOIJNE+oh5vSr8eA7i9j+6/bkF+YB4fHTtfRKdB7GmSEXu7e8Pzzz+PXX38t795QFVTloXf58uXakDH9+/fH5s2btd8FekWiY8sMeufMmaON3vDiiy9qhTm3ZAn0ikRHZYReHnpJoPf0iuO+Iui1FzmxdNEveLzt02ga3QT3RvXA25ePw/QrJ+KZjEfRIPpO3HNtNyyYsACHszJh99ppjyUCvadBZtDLZc1vv/0m0FuROFLUDc+FMUeeGr3hpZdewqZNm7TfBXpFomOrlAdmZ+gte5lNQS+P3sC1b+6rqF4KVWlJ0pSopksPvdzwwoPs86dUGXq/+uor7TGtQO/JF8e33nwdSgh6uQ+vhyCV+/PafHQ99hzC5PEfoNVVbdA2ohWGpwzCl1d8jO8v+QITzhuPXvE90TijHgb0HYD1GzahyFEIeN0o9TFXMPyW0P5ono4hOrlSZQmXKzzSFndvYOj9/fffBXorkv6GZ+jlyFPdG7hvyMaNG/2JgVxVIrAmS10vvdX1ket0psXxzm878wcovBr0zp07V+vewBVIbunlNCbXSCQ6KpUWeMqNLocOHdLeQO/YsaP2RTYeUUig9+TLrOzgoRp46vJ64KB8LM9px5pf1uDF+59B04y78GhUb8yvPR1/XLwCa85biW8u/BLDUoehYfSd6HZzN3w891Nk5fHQjAS9TmIKMnE03HSJ5QqefHG64OvFaYS7oo4aNUprYGHolT69FYgjRd38CnrVkGXPPvssNmzYUB6xVSUCa7L4OhjN10dvXiY6/aJURP9n6OXuCz7k5eXg448/RvPmzfHKK69g//795WlN0pJI5JdKCzxV0PvUU09p0Mstvdxixfma6ORK5UV6eymeHQRQRXYb7B4X9h8+hFkTP0C7/2uETtEN8WbiYCxN/wa7av2JfWmbsLbOSsxJnYb7Uu5F41rN8MrjQ/Hbuj9ho22dNjfcLh7jtxReyholxzv54nTB15HTCHdF5VGC9NBbVVTloZc7QfOQZU8//TT+/PNPaZ2qQtLDrbK6hsey6NRL9eVl6OVpfn6u1iexZcuWAr0G6e9NZVHNlLr2PFXQy8MuMfTyOL0CvadGHN8KdpVdlIe5KP/ill4nscAfv6/BC32fQ9OUm/FC1L34KmEWtiWvRVbcHhRFH8aBxC1YnvwDBsf3R6uwNuh5Z1/MmfkxMnPy4HBz2URlFmWHPm7qZfClBXqL/p5UWcJphLui8ld0ubGS+/QK9FYgdfNx5Cno/eOPP7QhY7i2vXbtWq2flYpc0ZmVEXjZKsM6lkWnXlpfXio0FPQWFORpLVUMvap7g7oeNT0t6e9NZVHNlEoLPFXQywW3gl7p03tqpMp9vYtL3PCgFE63C4cPHcaMqdPR8vp2aB3VABPih+K3qJ+RlXyYgDcfPksxCmIPY3PyH5gR/x4eCOuDxrWa4oUHXsaff2xAns2htfAy8Ja66BrTJTQeT/T3pOKQoZe7oo4YMaIcenlZVVGVgl4W3/zKnOlw0/gTTzyh1bYZehVY8e+i0yezTIkrIFw50be+q1E3WDzPN7t+Hbbo1Iuhl2FXTYuLC/H999+jTZs2Wv94/Yts6rrU1DSl7m2+R/meVRU4yWsC072aD+V4UWFSYeXxrLns4XTzySefCPSeBHHc6tNYRabkiJzCQuQV52PVqtV47MGncWethnjc+jAWJn2JPbGbkB+bCWdEMZGMF/bobOxL2YBFtb/FyKiBaBPbFJ3u7IwFH36FfZmHUAwbuYj2l03n4L+n9Rb9PfE142vLfXq5ewN/RZfTzpo1awR6jyWONGWGJ44whl7u3iDQe+bE8W3MJI5mTn6oZTNI8Q3O106/nK2unejUKwh6bUVYuHAh2rVrp2VEPKQMXyN1Tdg1NU2pe5vvUYHeQHHYVVzo50M1XlSYeMphzMrK0iqJbdu21frEy5Blf1/6++hYttm8cHp9yMvPx5wpc9Hw6iZoGt8Co5JG4Lf05TgYswuFMTlwRdiIZDxwROXiSNI2rDn3F0xPmYhelo5oeF4DrW/vxi3bkevKJ+y1wQ0XnUNgWcYW/T3xNeNry9DL3Rv4I0jc0svcJtB7DHGkKXOhzBHG0MvdGxiAOWL5BuXfRadPHN/GTILN14NBQbXwcksIm+fVMoHe0y8z6F20aJH2mJbTEg8pI9Drl7q3BXqDxWFXcaGfD9V4UWFSYeXPdb/wwgtaZXHBggUoLi7WlotOXPr76Fh2Or1wUJpc+/sGDOk7BA1S78I9ll74sPYc7EzfjEzrIdgiCzXo9YU54LDmoSB2P7anb8DSWt9jSNRLaBnfEt1uuxdfzv8B2bn5KPIUw1tKaZxgWuV7yqK/J75mfG0ZcHnQAYZefpFt3bp1GghXFVV56OWX13jIGAZf7t/LERuqGW5VFse3MZNQsKvgll1YWIhdu3bhyJEj2nIFvAK9p1dm0Lt48WJ06dJFS0v8+Emg1y91bwv0BovDruJCPx+q8aLCxOHjcObm5uLll1/WoPfDDz/U8jdeLjpx6e+jY9nl9qKAAOqjGV+i5797olVYQ4yMHoKVdX7GocT9yAsvgNPiJOi1wxVWBGdEAdyReTgcuxPbktdhdsxU9Lb2RoPkJnj16bewd9thrX8wp3E6Ce0a6y36e+JrxteWG73Wr1+vQS+P08sMJ9B7DHGkKXOhzDUGhl4eIJz793LE8g3Kv4tOnzi+jZkE38jcnYGvkwJcbpl/4403MG3atPJ+owK9p19m0LtkyRJ07dpVS0v8ooECPHU9a2qaUve2QG+wOOwqLvTzoRovKkwqnHl5edpoJ+3bt9egt6CgQFsuOnHp76Nj2e6wYe2WLXj+wQFoEt8QT8b1wYcZM7Gp9hrkxeXAEemD2+LVWnrt4flwkktoPt96EIfjdmBpyg8YmjYIjaOa454GD+O7DxehqMAGFwMYFUMq31MW/T3xNeN45C5ADLpDhw7VXppmAGYOqCqqUtDLiYHNEMVTLoA48ri2wAU1t/SqTEl0esXxzjc039gKYj2Ud/C1crhtKHI7sftQNt6dOAm33FoPjRu3pULiSxzJzCI4LoSPoddDYOE5ClnHslznv6kSKpj5q2xejzbvshVjxZKl6NqxE5545FFsWb8Rbod/oP3QjnMuzAKtv8800392rsBRXBQ485Hj2It8+wHYnNlwO21wF7vhLvTCaffB6XD4TfMOmwd2myvAjirqoPN0crq1k4vg4H74lJbtRQQEdg+ZfrNRGKnwKnHa4aXwctrl28PrqzkvsrEZermlt1OnThr0Sp/evy+OV5+PK5dHzR+N4Ggt9dL9Rfcc3XRwZmbiww/mofV/OqJDeGe8ljwGK8/6DtlJG+GzHIEzohA2SyHcYQUoIXvJzvACFEcWwxadjz0pm/FR7enoF94DzWu1xOCnx2Hfln0ocfAQaFSGefg86FB0bB7DNyhfIIsqL1Xk2G3cLXUDBg5k6B2A9X9ugoPyFe0joVVAVR56uZbAfap42DJu6ZUb8cyIrwfHvR56UULg67Wh2JmHrIJ8fDDnEzS/uxMSki5CWvoV6Nr9AXz59Q/Izs6jWrsDxQReesg6lvl4or8hE+hduWQZunfqgscfegQb1/1JcOMfczS045zzi0Dr7zO2x+fE72vXYP6Hn2DGrFmYNmMSps17GzPmvYc586Zh7pyZmDNzFt7/4H28P30ieQLNTy37e0qAP5gxqwp6etB5TmfPmIjpM9+h+cmY/sFMzPhgAmbPeBdzZ02g8NJ05mT8umwVinILCP6pglRCgEJpvqZAL4eRuzdwowv3hZ8/f75A70kQx20Q9PIngrlRhMp+L+VLjvw8bF+3AY/f9yRuSqqL3tYHMb3OB1hfewXyErfDE5EJR1g+QS/dmwboLbQWwRlVhMNJu/DjWZ9jSOzzqBt5Ezo16oFvFnwJDwEvvyDnI8D2lk3pUpfnB3qLKi8j9A4i6H355YHYsH6zQG9F4sTA1kMvP4blztD8KWL+UIVkOGdGqhDg+FfQ63YVwuXJR15RLn75fSM6dH0MtWvfCmvEdYiOvBmXXtoQzzw3Fn+s2QkXZS6uEgdoSyo4jw++fDzR35AJ9K5atgI9unTFw/c/gHW//yHQW2abpwgTJr2D//u/a3DBuWfj0otq44JLa+GiS2rj4gvPwqUXnoPLLjwPl1xyLi6h5ZdcmuGfv6Rsmd4XXVT1fPEFQed5GYXrsgvTyWm47II6uOz8C3H5JfT3xYm44rI0XH7xebjiosvx9MPPYNcWSr/c4uuj+6UGQS+HMzs7Wyt/uHvDvHnzBHpPgvxxGwi9fF+53S447XbAVwpHXhE+mb4Aza5ujqbRLTEyeQy+zvhG+/JacdxBAt0c2MNzCXrzg6C3wMp9e+0ojDuCDbV/wfzUKegc2xS3nX87Bj72MvKzaRs6B60MY8imKZ+TMV9giyovI/QOHjQM/V8ZjA0btsDpEOg1Fd94bD308tAXnOk88MADWLVqlWQ4Z0gqU+D4V9CLUjecThs2bdmFIcOm4n+uao+oiLaIt/ZDQuT9SIxrixtu6Iuxr83F3sOHYC8phKOUW4yCMxej+XiivyET6F29YiV6deuOB/r0w++rfhXoLXNucQ5GjRuBc85JxflnWXHnTWejUaM0NKyfjIZ3JaJJ3UQ0q5eMJg1pvlG03w0T0Khekva73vXrxlQ5N6gbF3SeTRoko2nDeDRtFENTmq9fC40ax6NJ0wQ0bJCBKy9JRWpMHO7t2h17tu+EzxPY3zlU7xcVJp5yHsdDlvGwSzxk2dy5cwV6T4I4bo3Qy09b3B473A4HQFnW5j82YehDg3B70s3oF3UvFqTPxaY6fyIvfh8cUTlwhuXBacmDwxoMvflRhfBaCKAj8nAwZTNWpH2Ll5KeQcPkJuhxW3v88fMy2BxFcLp4lCEeR95FZZI7KF9giyqvIOgdPBwDBwzBpo3bBHorEicGNmeuaspvmXP3hvvvvx+//PKLZDhnSP6Myl/geQmkNNP12bf/AKbP+Bw33XQv4mIbE+w+jZTIsUi2jkV85KNIS+2E1u1ewrc/LcGB3D0o8hTBS7V6f6ZC+/T6KDEEZzZ8PNHfEOdAFI/l0Gu34deVv2jQe3/vPtq89On1u8BRqEHvBecloXXTS/HFRw/jl5XdsHJ5O6xc2hyrl7bAb8vuxuqVzbD6l4Z+r2xBv7XEiiXNA72sXhV0QzpXPt+jXr68OZavaILlKxtp88uWtcbSVS2w7Ne78dlXbXB/32tx+YXJ6HdPN4LebQS9nFa532XN6dN7LOjl35VFxxPHEcUV/6fFGd1DlC/pzcDrJfD1elwozi/G3Bkfoc01bVDPcifGZgzDyvQfsDd2A+yRR+Ai2HWF5cNjpamlAJ6wIoLeYvjCCuEKz0dhVBF8Fgfc4XnISdiDLam/YULK2+ga1x0NzroVr788FDu2b4LNTsDssRFwO+B024LyBbao8qJkQdcWcNjdWLd2I4YMGYlBg4Zh86btcDi4UlG24hlWlYJeFicKvtkUYDH0Dhw4EH379hXoPUNS10Nr3SXRFeKlKLQ58T3BbOeeT6N27XaIsfZBcvTrSI/8BGmWL5FgGYtoaz9cfMl9ePy5kViyegnybflwlRBs0facQNxOD0rc/k9L6y2Fyd8Uxx9fL4ZeohWPw47ffllVDr2rlq+Az1UThiw7Crt++wteFWYOf0FRLsaMGoV/nJeKeztdiO0b7kd+fifkFdRHfuF1KC68AY7CW2G33QC7/RqaXg978e1wFN8Bh+22ADvtt1Y5O2y3wlZ0S4CLim9GkZ2m5ELbzRTOG1Fgq488e0PsOtAZQ4fdhksuiEbvnh2wc8tW7r5P8cVdk2pO9wbO7/hFNu7Ty9A7Z84cbTgmXs5xEMrxcHLFccRxxfHmb9nV8nydPW7uakDw6SrCFrrfXnpxKOqe3QKdY3tjTq252JP0B9zW7QS2eQEuIdAtCXOQaT9hBK7hOXBFEgBbC+CNzEVRXBYykzPxY8Y3GBj3POrH3IY2t7XED19/iZy8/fDCDk8pHddn166l0aLKy8e1YpLL6cP6P7dg+NCxGDxoBLZu2UmVRX/8VgVVeejdsmVLOfSuXLmyHLxEp098PTjetWvj48KAhyvzYMOW/Xj48aGodVYjhId1RlzUK0iN+gzp1t+QblmLZILf+OhXEWntin/+bweMGDcBm3bugc1FGRxdW36sxKVpqefoJ4qVpSD5m+L4M0Dvml9/xz3de6Dfvb2xculyeJ0CvRz+Ykc+Xh83DldeWAd9u12EPdt6EwzegSLHv2B3nQ2H6ywqkM+H23s23bcZfnvOowL6PDic5wbY6bykytnlvAguOv8Ae8+Fy+e303MO7O6zyFej0HUd9hxugREjrsc/LowQ6NVB7+zZs8tbepVDN92cTB0fem22YrhdNuQfOYJPp36Cdrd0QbOwVhiSPBQra/2EvNgtKA3fVyno9VgLCXgL4I7Khy0mD4VxuViXtg4fpExBh7AWuDX1Pxj9/EBsWbNOyxvtjkI4vAK9f1cKeh0OD/5ctxnDhozBkMGvYseOPXC53PRL1UgnVR56t27dikGDBqFfv35YsWKF1uVBdHrlvx4MvT4q/H3wEKsePJCH1976BNfd2A/R0d0RYxmGpOhZSLOuQ0bEQWSEH6b535ASswDWsJcRl9gdDZo+hdkfLUVmNkGvt5SgoYAuuJPALDizkYLkb4rjzwC969esJejtiT733Ivli5fQsprYvSEYeovs2Rg3ZgyuOP9s9O56HnZt6wR78V2w2/8HdmcdKowz6J4n8GV7UshJlA7S/X8TFOvtcqdWQROku+n8dPa668BHoMv2umrD7ciAjUC+0P0P7D1cDyOG/wf/uCBMoLdsyDKG3pkzZ2rQq+6bUI6Hk6vjQ6/dVQynvRA7flmPET0HoWlGczwQ9iA+qT0Pe1LXw2nZT7SSUyno5VZed2ShNoKDM6qYINiOA0n7sCJjMQZGP4d6YTfggYY9sXDuNygt8Gj5oMfn0q6l0aLKqxx67W6s+WMjBg96VWvp3blzL+U5VYfbqjz0btu2rRx6ly9fTpHHNQbR6RRfD6/XrRV4LqcX+blufDj3e9zV8DmkpPZAQtQQJEV+itrxfyAlfD9SKCNKZVt2IjlyOaLDpyHa+iLSMnqgx32vYdFPW5BXYIfLQ5lWSSF8zuCXCKQg+Zvi+DNA78Z163Fvj54EMvdg2c+La2ifXjPozSyD3nMJes/Gru2t4LLfSff6Pym/SaPoS6R4TEOJJx0lvjjaLoqmsQSOBL/O5AC7HFXPHlcKSn3pAYY3he6LVL9pvtSVCJevFmyei3CQoHf0sGtxxQVWgd6yj1O0adNGg17+DLG6b0I5Hk6uKgG97iJkHdqPbyctwL1XdkG76DZ4Lf5NrD5/OY7E7YSbYTa8qFLQC0ueBr2OKBu8FidRjhtFsYexO2MT5teagU5hrdDqwmZ485nXcGj9AZTaffDyOZXlCXqLKi8Fvfwi2x+/r8eA/sPR/5Wh5S29JVXkTbZq0dI7YsQI9O7dW2vpVTejZDQnTxyXxvgs9fKLULSMzS+vUIbl9HjhcDqxevVK9O71PBKTmyM6sg8SrJORYv0dtaIykRBmR0J4MRIi8mn5ISRH7UBa9FIkRE+EJaI3/nnlQxgweBrWbdhFQGFDqduuva3Lx+BjlnrYXipkpe/23xZfU05PlI64srh5/UatlZe7ODD0OoqpUKCCXaUns/ug+ksPvH6rPES52F6AcWNHEuTV1ro37N3dHA77jXC6LoHbm0RxFE/Am0z3JzuRoDFBm8KXHGyC46pnhlvjefI0iaIjgaYxFL5ICmcK7K4LcDj7Rowc/g/888KoGg+9+fn56N+/P1q1aoXp06eX9+mtPmmFz9HoE5Mx3VQ6/Koc4fydK+IeSocOOhMXzfITvxIfilGErb+vwmv3D0DjpCa4P/4B/FDrC+w4Zw1y4/ZoY/KWhFFepUGu3lQJYdjVpvx3LtyWQrjITksRTYvhiSim+UzsTdiK5akrMCBmMBrGNEW/Ox/Gso+Xw53rQqmtBG4qgzz8cQwuj5jftHs+0GZBpsVBromibEG7vWzFLvy6eg1efmmg9iIbQy93h6wqyaVaQO/IkSNx3333CfSeIqkMXG8FuxqAUk3c63NRbdyNbTt349UxY/G/V96NSGs3xEX2R0rkF0iz7EJaeCHiqVYdH+5AfEQB4i3ZSLQcRLJlHZJjFiAy4lkkJnXFzbf3xsTJC7B//174nDZ/5uKiREHH4mNqx5bLe9LE6Yihd8uGTeh3Xx/tZbYli36Co8gPvdr1JpVf+5CSsTgKLLjZRbYijB07HFecn4E+XS/G3j3NNOh1uQl6fSkUR4lUEJa1ioaUUyg6kgji4wh6o+AjOHY4L8KRnOsJei/BlRfF1mjo5XDyZ4cHDBiAu+++Gx988EE59FYXcQtrsIPz+8rYmG7MbLZdOfQqMxwRWHoov7d5XchxF2BX/l58OWsOHrutJ1pF3o1hSYPwa/pP2F9rAwpj92vQ6zsm9PI8D12WB1cEQa/BXmsejiTtxqb0zZiS/j7axnREs/Na4e1X3sH+bXtR4vQSh7vgLHXD5fXQufngdZfC4yYQ9nAFiE6d24G4eKpEmCtjM5mtZ3RVldbQS6fH0Lt61R8EvQMwZPBw7OSWXorfqlKmV4vuDa+++qrW0svdG0I5wz1TUolJJWKOY3Cid7o04GUY9XmdyMrJw6w5X6F+o55ISmiNqPDhSIycibSoNUiLyEViGMEuZUzx4S6yncC3GAkEwglhB5BoXYG4qLcREdEXyWnN0anbK1i4aBklhiKUuqmmzcDLrbs+uq7MJnJ5T5r4ejL0bt+8BQ/27Yfunbvipx9+hLOspVelJXUfhJYCgZet7nPlIlshxowZhsvPT0fvLhdhz+6moQ+93nSaslO1VusSTyyl8QyC3ksJerml9zKC3rgaD72FhYXai9QMvdOmTdOgV8sfq4n4mgXbmAb8XQ+Ovc7RMvlY1rYtNbisDOEyRWvtpXm31w2nzwE7/ZflysTyDb/h1ScGoktGUzxmfQCfps3A9uS1yE7aAXvkIW0sXi+VK5WBXg+VOUb7IvKQn3AQR1IPYdE5i/BSrZfQIuFu9GvUFz98/h1y8jKR581Fka8AjlL+iJKHiiIKDxdJfNpcPGnwy+H0d9FQ1hpqDA6OT3ZgfKr8Vm/jOmbm9aqigqF3IIYO8ffpdbkoEqvIaVd56N2xYwdGjRqlQe+yZcu0QroqX/jqKo5Pjm+OX35ZkDv3u+0OSukU15RJFVPmv2jRb+jY8SVk1G4Nq+VJJFg+RXLkCqRF7kdyBEFuGMFumK/MBL/khDAPEsNtNL8TydE/ID72DURF3YMLLuqGp597DevWbqLjuPyZRdmxStz+ER1EJ0d8XRl6d27djkfufxBdO3bGwm+/g9N29FEti6ehl67ovjoO9BYWF2L06KH4x3lpuK/zhdi9q0kNgN5a5No0n07Qm0JpLoHCWBsOx+UEvTdj5LArcOWFiTUOejlcLJUfch9efqeEoXfq1KnlL7JVRan0q7cR0PwOBFVtGQ8jqXfQOv6ywWitrNC5pITAtDTQR5Me3S+cxxM4chR6PG64PHYcydyHObM+xKP1euPeqNaYkPo61tVaipy4vbBFHYKP+/MS1HrL4fbY0OuleaN9YTkojjqMwqg8bKm1AZNrvYceYb3Q9oI2eGfIeGzfvh3F7gK4CMRLCdS1cyXIpSjUwNfjLtXAzeVyweO1B5pWMDooPilezOL0RMzXtSoqCHpfJugdOhK7du2D20UXvIqcdrWA3tGjR2vdG5YuXVqWsAR6T7b8GSQlWIpfTtilBJ48jisnfmeRDZvXb8ErL7yDs+vcjZjYHoixjkda9C9IjdyEFO7GEOFAQgRDbwm5lAzNcQS+yZEuJEXkIyVyPRKjFyAu5hXExnTHNdd2x4gR7+DwgTwNsL0OyhjomBrwMgSLTor4ujL07t6+A48++DC6dOiIH77+VqC3zAVFBRr0XnZuqga9u3Y2Dn3o9dQhACH7apVBL4exDkHvP3Ek+xaC3n8S9CbVaOjleYbewYMHo2XLlpgyZUqVh14+N72DgZdtAKkSfkmZPzGts3Edsh5ulTlf0dvjtZGLA8z5OefrbpsDjqJiFOcVoSjLjgPbD2Dj6nX4av7HeKHPc+h8bjM8ZumGT86djx0Z6+GIyYU7PIsoJQ+lBK6ecP4IxfGhN3idQiA8H05rFlxhRTiUshvfn/MNhsQPQ9vYtriv3n2Y/t5M/LHqN2xbvxlZuw/DdrgIzkwHioscsNtclB9QuejksYRdcHuKA2yDF8XgfslHHRSfJhUJs0qDcR0zV9V0Z4TeVwh6hxH07ibo5UqDQO8xxBeVLy7fBLt3HcKbb0xAjx734KeffqKCyElrBBZiVSY2q6lUBqmvvZc4SuCxl4Kje9/+LEya8gVuufVxRFm7IT5yDIHsZ+Q9SLYeRHJEHpLDHUgO8yEhvDTAieEu+r2Afi/2rxv7K1KiZyAmoj/i4zrgrvoP4ePPViEnizIFF52Mh66mjabM29p5UQFbym9+8nVna2+9kUXHFFcatD50/nkuePhzso899DC6duiE77/+RiuAOJ2p6x+KEGMUh9DHX4TSucBWhBFjh+LCi9LRu8el2LujCcHftZTXXETQmwivL46AkF/8MoHH6mp+wU3r3pBO90YaQW8K4KpDlU9/S++wEVfg8otrXkuvChNPOYzcnYFbelu0aIHJkyeXj95QVaXOWwGSmfl3lc/ztIRfHnbTco+LrjN33yjS8l8wqNA68HG+S/DntMHptsNJ69i9RbC5i+FwulDosiOH5jNLipDpOIhs20GqSGYj/0gWDmzdg21/bsCfy3/DH9+uwtK5P+OrCV9h3riPMOWFyRjXaxRerP8Uul/aFj2T2mJMwkD8VvsnHEzarHVp0NtDRkTxCbmUYJhHgCiKzER27CFsrrUe81Jn4/Gwh9C1Vls81PA+vNprOF5/ZCymDJmE+e/Nw+dzP8fPn/6I1d//grVL1mHHml0E6oeRm5lL90Ux8ouyUOA4giMlucjyFSDfY4Od8lmOMo+dm4cpjVB8lTgJ2j0E5AS/lJGQOW4pRkuo0uBz0zpU6eBWb5ov4UqJl8rfsilXUvh66V1V0x3fWyyuGK5evVob6m/IkCHYtWuXdq9VFQn0isoTUwD0epxwu1ywO3z48uslaNnqMSQmtUS05XGkxsxDauQqgthDSLZkEdQWEvAS3JpCr5eAl3+jaUS+fzSHyJ+QEvU+rOF9UatOM/S8tz8lki1abdpeVIhSF7f0qvMS6D0hmUDv3h278MTDj6Jzuw745ouvBHoFejUL9B6VChNPOYwMvcOGDUPr1q217g2hAL164OX1tTRB/+c+rD7Ka73cLcFL67ld8HocKC3h1ggyga1mJ0Ex2WUrwP6cw9hxaC827N2JlRvXYenqxfju+y8xf+ZsTHljEt4Y+DqGPPQinuvyGB4gsOxydTu0uLAJGqc3QfOkJmgb3wIdoprhXksnDIx9Bp9lzMaOtLXIidp9kqE3n6A3F8VWgvHoIziQvgurai3Bu9Y38FDYfehovRutE5qjaXxDNEypi4bn1kezy+n8/tsBvRr3weNdn8XgR1/Fa4MmYOo7s/DhnE/xJeWhi5f+jBVrf8faLZux++Bh5OTbUVRM8VtM8Wt3wWMrRIk2Hr2NGJjtoPil8pVjlKBW6yPu4C4gpXBqrfBH7e8HfDR/Vq6q6Y7vLZZA7wmILypHoEDv6ZFKTHrodXuKkF+Yi5+X/Ip+D4zE+ed3QmRkHyTHTCHYXYWEsN1+iI0oKmvlJagNCwReDXppGcMw/5Yc5tEAOSVsF4HvCsRbX0dERHtc9s+OGDBwArZuOwyn00kZrgs+qv36z+so9FK2QKaaMcoya7nsFcsEevft2o0nH30cHdq0xReffCbQK9CrWaD3qFSYeMphZCjhITP54xT8IhtDryrcq6LUefM5HstaHk95LOf3DF88ioLT44bHTcDl9hK4OOCwO+EotCHvUDYObt+DDZs3YNWq1Vj49Y/4bN6XWDDjU8x4by7eHvEeRj3/Op7q/iIeJEDseWNntPsHQeR5LdCqdgu0T2mOzsmt0SOpI3on9sADCb3xZMzjeIkgd2TCALyd8iqmxb6N75IXYHPGb8iJ2wNnRPZJhV7u4uAh8HVY/OCbG3MA+xM249e4n7EgeiYmx76FYTH9CbxfxLNxT+Dh2PvRO7oX2sd3RKv4tmiW2AqNUlqiYUYLNDyvJVpe0Radb+iK+xv1xbOdX8BQKiPfHTgVc8Z/io+mfIOlHy3Gii+W4rdFK7F93Xoc3rMbudlZlK/YYffYUUz2uqliUUzlmc3fyGOjPNrlc2l2sumaaK2/ZfmzclVNd3xfsQR6T0B8UVXCFOg99VKJSQ+9Dpcd23fvwpDhk3DZZd1gjeiJWCt3a/gJqZaDZDvBrpNA1k32A6859JaU/c5m+C1BuoUgOXwXwfOXsIQ9DWtUW9x8c19MmvwN8vKcdHyCWgI2/3kdhd4SOOhKu+j+4DH/KPHzpReZywR6D+zei6cffwJt726FTz9cINBbZoFegV4lFSaechgZeocOHaq9yMZ9ekOhpZfX0fJ4h0MLX0FRIY5kZWLvzj3Y8vsmrFv8BxZ/uwI/fbUM381ZiPlvfoSpBHSDHxuNp7r1R6+6D6Hdv3uh1aVd0OqcdmhfqxO6p/VEz7heeMDaCw+G9cLjYX3xYviT6B/+LEZEDcLrcaMwMX48ZqV+gE/rLMC3tb7C4toLsTJtEf5IXYLNqauwO+VPZCXugj36CLz8gYmTCL2+MBttXwQX9+2NyIU94jCKrHtxJGYrtsb9jg0pq7A6bRlW1V6KpWf/iK9rf4aP0uZgSuLbeD16JIZG9ceLkU/jCesjeCjyAfSm8rBXeEd0j2iHLtEd0DmhIzpmdEK7czuj1QUd0elfHXHfzffg6TZPYNRjIzB5+Hv4aNIn+O7jhVj47WL8vGQF1v2yDrvWbMORbQeRczgf+Q43Cl02FLntVAmhCgcDcIl0bzjZqvLQu0dBb/deWLRokUDvKZCv7BGKHnozc3MxY85HqFu/NxLiOyDG+iISrHOQFPEnAWsBwawTSQS5Rw3NQdAbzqDrKuvi4CGXIsNKv4UdQnrMKqQnTkRszMNISWmG9h1fwopftiIv16YBLd8DDL38ooX/rWACX+2NYJURyHWvUBrwsmm+bFSMA3sYep9E6xYtsWDeh7AXFpXFcU2H3sJy6L2vxyUa9Do16L0YHl8SxVE8QR9DL4FhOTjq56uhK4BeVzn0/hP/uDhBoJegkPv0Nm/eHJMmTarWLb0qf8/Pz9NeEF/5yy9Y+OOP+PTTTzFt8hSMGTgSz/Z6HPc16o4m19+NRle3QKMrWqDJRa3Q4oI2aFunPdomd0D7mC7oar0H90T2w4Mxj+Dp6KcxwNofY6JexQdx72Ju/BR8mTIPi9K/wE8pX2Jp2kL8krEUq1NWYm3KGmyrtRW70rfjcO19yErei+y4vciJ34WcmJ0oij0Ad0wOnJZsDXIDzS+kEcQez6bQa4c3rJjM+8kniD4Mj+UgnDEHkBe7G1kJO5GXfBhHkvZhT/I2bEnegA2pa7Gl1ir8kf4TfjnrWyw+51N8fdZcfFhrGmakvoNJSaPxdtwgjIh9Ga/EPofHox+mOLkXXaK6oXlkUzSJa4yGSfXQ6KwGaHxRYzS4tDHqX9kIt/+7Phrffjfu79APQx8biIkj3sbMqXPw9Y9LsHD5Yqz68w/sOXJAaw32QHVxUK4e0Ltq1Sq89NJLGvTu3r1be6pQVc67ykEvR4wyR9TePUfw+mvvoGvXHvjqq68oE+JMx0OFl0DviYjjlRNOoKlEI/EbluyiIgd+Wrwa9/R+Aeed1xGxEU8gyTKV/DNSInYSuDoIeglwTXy0VbdiJ2hDm2UjJWo9UuM+RmzUWFgtPXDJZe0woP90/Pn7gbKvhTHs+iFcO08eN5H+1ltUgThJMPRyiy+Pf0w+sGefBr2tmrfAR3PmobigUMuo1H1QVTKlUykOoRF684sLMHLcMFx8cQbu7X4x9hH0epzXw+u5hCpfDLsJFH8Mufw54gy/+Wtm2tfNTICyOtgMet114Cy+TIPe4SP/icsujBfoLWvpbdasGSZMmEB5Y5GWHymQrGrxoM5bf348Zdjl8pRH5tm2fTMmvz8F7Tt3wg233Y7/+fd1uObK63HzJf+HO+tch3oJN6NFZD20i26OblGd0MfaF4/FPoFXEp7DiKTBeCd5PEHfTHyU/jG+zPgK36d+jeUpP2Jt+nKsT/0Tm1I3YEfKJuxL3oJDyVuRk7gNOQSVOfEHkBOXhZzYHBRE5qGQbLPkwU72hufBR/ZE5MFNdtIy/egLf8Vm0Bu8Hu0/PDvARZFZQc6PPYjceILyxO3ITN6IA2nrsT1jLTZlEMCn/4jVFPYVad9hSe1vsPCcz/DJ2bMxs/YkvJk2GiMS+uOlmMfxdNwDeDT+PvSK7YB2MS3QMPYu3JFwG26NvQm3ptyA2y6+Hlf/82pcf/OdaNCqFQa9OhKrf/uVKqDEOi6HVg56PC7Kwv39fP25WNUT32ssrhiuXLkSL774IoYPH449e/gzxPyEtmqcN2FK1RJHjDIn0n0a9L6Nzp274vPPP0dBYT483OeTb4AyCOJH3aLKSWWKevsIjLSM3EuZfLEP69bsxHMvvIULzm+NpNhHEBs2EamWFUgK20nOJzO4+gJg969Ab7w2bm8+Ei0HkBy1BnER3yLOMg4xkffgpuuewxtjP8XuXfvhcnK/s6NDuSjQ1VtUgTh/MUDvoX378fzTz2gtvR8S9EpLr98CvQK9SipMKp9k6OWCW0Evf6yCAZLjoCrGgzpv/fnxVA+9RQW5WL58GZ55/jn87zXXUb6bgjoR5+CW1GvROaUJXqrVD1NTRmBe+nh8mTYdPyZ9ihWpC/Fr4ldYl/gDtiUsw76E33AgaT32pm7DoaQdyE3YgyKC2oKETBTEZ6IomrsPHERxxAHYow7DHplJzoXdWkiQWwQHga2LIZfg06cNM1ZA0wJ4wgsIegsIenn4MSOoVs6Vg14e/oyXH7WblhntIvh2WnO0MBRH70dBzD6Cdm6ZJohnmCewP0jT/SnbsDtjM7bUWos/M37DutpLsDr9eyxJ/QyL0j7CD+nz8WWtGZhz1kS8dfYIDMh4Go+d1RttUhrjf6KvQKI1HWdfcCVade2KuZ9+gr0HqPxz2OBlC/SeVBGmVC1xxCgHQG8nBb2UUOgG8EOvPxMW6K28VKaoN+WJcFOcMlzu2ZWDaZO+wU239UAM1UrjowYiLmwB0qMYeIsIWnmEhhLERjhpyvOBNoNco+MtNsRQJhNPmU+SJZOmO1An5RNERTyF1MTuaNfmaXzxxWfIOlJE4EGJycfnzNfan+j1FlUgzl8M0HvkwEG8/PwLaNPyboLeudoX2VTByK4qmdKpFIdQoJcs0GsqFSaVT+qh95133tGgl8OvXNXiQZ23/vx4qodeV3Ehco4c0fpdPvPci/j35dfg4shLUDflFrxw0cOYdfFrWHbB11h74TJsPftP7EneiUMJRwjyDiAv4YAGt7bYgwSCB2ELPwRneBa8YbkEjtxaSwDJpvwdVF6wGWZ92tTft5a7Gbh1wMvDiTGI8jo8Fq87oghOcjCoVs6Vg14e29cRYO4CYTToXBmQNSCPyKdzY3NrdC6daza8FHZHRDYBfTZsMdkoistGfnwWciN3IzeKHLOb/t6D/KQ9OJyyCRvrrMDyi7/GZ5dNx4jzX0DPjA64KuZ/cH7ty9GpS19MX/Ax9mVlai8X+jxOSpsEuwK9J1XVBnpV9wabdG/4W1KZYoA1JnIjJycTn3+yGF3bv4z0jM6IsjyKhIjpSAr/FamWQ0gOtyMxogRxEaWIsTD0eoNsBrlGx0Y6EUWZTGyYi/ZnQyJlHCnRPyPO+jZiIp7EeWd3wAMPvIDFi9aguJD7ofmvsx52lUUViJOEAXqzDh7GwJf7ay+yMfS67JTRlxWM7KqSKZ1KcQgFeskCvaZSYVL5JEPvyJEjNegdP348CgoI4MqAsirGgzpv/fnxVA+9JQ4bXEVFKCooxNIlKzD0hSFoeNVduC7+GvRO64GJZ43BqnMWYtN5v2Fv7Z04EnsE+ZZiFFJeXRBeiMKwHPIhFIcdhMtyGL7IHJRGFqDU4odJP9j67dHgUoEmt97mEyjma10anGXg69Wg19/v1kN2UznjjLDrtvtrrhz0Brf08ocrjAadL38Yg78I5yGYdxGMuywUNoqLEg2KHXCGZcIWdpji4wg5CzaCYCet64lwwEvlZInFDbfVhsyYPdiU+jsWX/Atpp8zEY/G90ajyHq47twb0a1zL3w0/xPsy82FnQpkJw8X53LAQ7wj0HtyVSWhlyOPzQn1wIFDePfdiQS93fDtt9/C6eJhqxTsKode5nuyxPGpj1OOLreTEqOParKlVOv3urR+vDa7G8uWr8fjj7+Ff1zaGZGRjxKcTkRy5G9IJuBNpJptAmV8CRFOxEd4CHy9SAorCTKPzhDo4NbfxHAPtM8Tk5PC3ATVBMDh6xEf+T2iwqcgNvYh/Os/XTFi+Gxs356Dgnw7AYgXpfz1ihI3Td3w8ffcNRgWVShOFpzRlDnz8BH0f+UVtGndGrNmzoTTIdAr0CvQq5cKE085nDzCAX8Gn19kY+jNz88vD7tyVRKfD58fnzvbQ6DkIWhyswmcXGSfmz8ERBBFYSvMzsGm39ZhzCsj0eSq+qgXcxv6xfXCrNqTsOKC77Cn1p/IjT4EZyTBnQUosvgIfrkrALfSZhGcHoY7IhO+iCz4wrMIBP0ttmz+/C+/fOZvVT0Kl36A9Pfj1fryatDLfWxzaR9+e8nBoGru0nCCU4ZbrYW5iCA12EHb8HLaTm8fAa3RIMgvJbAtDSN4DSfYpb/dFAav1hJMFQgqw7gvsjc8h5xFMJxJoJupLfdElMIe7kNRuBPFVCk4ErMda2svxocXvI9nk55A/egGuOOCBriv56P46puFyDmQA7uLKiYevmYMifxOC/EOd+Mk89TPPlUz3al0wWlm2bJlGvRyf3h5ke04MibaQ4cO4b333iPo7apBr4ug1w+6elfNm6AqiONTH6elvlIq0B2UiKhG7bOhmOZtdhe27ziA4SM+wL//fS/iY1shOnoQEqIXICVyKwFvNsFuIUGvjaYOJDC0al0Z/MOUHdsMvoHQa+bEyD1IiFyFGMsXiIoZiPjU1qhf7wnMmLkQBw9ma1+ncTsLCHQddMkJeAmCeVQCUeV15MgRvELQywPtT58+Xcuc+J7ge0NlWKEuDqFAL1mg11QcLhaHjRtdOI3wZ/D5i2xvvfWWBr0c/qoqfV7P9vjcQWb4LeFvxlL4ShxOOHILsW7FH3jj5THo+K+70dRaD89HPY0Z6e9hTe1lOJK4B4Ux+QS+JSiwupBn5T65+dpLZ54Igj1yaVgO0UQOwZ5ZX1xutdWb4bQMdHXAW0LgGOCg/Zhbg14qmxh8zQDXzNo2Za3AxzaDr5vC5qGpXdvOf/7cJYKglJaXf/5YO28C3ogjKI1wwU3bFVN4CyKyqOKwF7sSfsPC2vMwOOV5tLDcjVsy6uLBTk9g/oKvcDg7X/v+Bw/Xyfedj66TNlKR9kEmPetU3TKP7z02j7W/dOlSDXplyLJKyJhoBXr/ntSNqOKUW0dLqdZfUuqg2j9leO5SZFKmN2veN2jY5AnEx7VDUvwjSE2YgaSopUgK30/QW0gm2I0g2GWXd2Uwg1yjKwe9yVGZiI/YSMf8HfHR78MS2RdpyR3QqdMALKMMudiZD6+bMiuC3hK3E14n5RACvX9JCnpbtWqlDbTPQ8vwPcH3Bpvvk1CXQG+ZBXpNxeFicdhCFXr56Z6XLyjd+1rfNjetby/BnvU7MfGlt9DtfzqgQ1g7PGV9FB9mzML62r/jQMouFEcdRmHUERRG5qDIyiMv+MGXW2u5Xy40gDWDTCP06rs8KOeTdRBc4b6CfXqhV+1DgS+39vIx/V03/OCbBY+VKglUCbBbDyM3YRv2pfyKpRmfYnTiK2huaYK65zTGU91ewA+f/Yzc/CI4+YVtG79QLtB7qiXQG+JSN6KK01Ktf6cHLreNElcpCopKsWzVVvTqPRQXXXQfYiOfQmLUG0iP+xkp1m3g0RoSw53a54S1ERq08Xf5pTX/mLvHd+WgN44yufiwA0ilTCItZhmS48cjKvwRXHppHwwc8h4279hM+bNNg163oxiuYjuFQ677X1FmZqYGvTzQ/vvvv68Nv8T3BN8bbL5PQl0CvWUW6DUVh4vFYQsF6PWWEkQZ7IIHzhJ/lweP2wmPw0sG7MUObP5tI97t/xbaXtkKd1ruwP2R92N66mT8eu7POJT4B3LjNsEWdQDFlhwUR3A3hULtkT/3e4UOKgNtBr3+rg5HbbZd5Xx6obesVVfbD5+3Pjxl4BuWC1v4fhSH70Z+0lZsPmsJvq09C0Njn0PziMa488K6eLrfC1iycAXycvK192mc3H/XxR8NEeg91RLoDXGpG1HFKX9Pnft0eX2U2VFBtn7DIbwycCou/2cXxMUQ9FrGIS36S4LPtUgJP4wUSuyJ5AT9EGUMvRH8JTYzyDW6ctCbQLXmFEsRQXYR0qybUSfpC8SFj0FsVE9c/9/umDD1A2Qe2UvAS5krZdb+7g1y3f+KFPS2bNkSU6dOLX8Tne8NNt8noS6B3jIL9JqKw8XisIUC9PoIco0mvIKDoJc/ccsvR3lcJeBi1e5xodhWhD9/+QPjx7yOJtc2Qd2oenjC8iBmpb2NzekLcSTpVziid8MVngMn5dU82oKXpgybPFKDES79NkKvmRkaeXu9zfYV7NMLvdyay/2NGW75WAy83OLLYeC//S3WxWE7kB+xEbtTf8EXtWZiaMJLaB3WAnXPofi8/2n8tHARsvPz4Pa5qPJB8VfioftNujecDlV56D148CAmTpyIzp07a6M3cCakdegmH70JagL86G/6yttX4gyw20UJudSttfLl5Hnx0YLVaNDwWSQmdECc5RUkhn+C2lEbkBSRRXBrRzxBa0x4CQFoSVkrLwGq1s2BP0FsBrkVmeHW4/90sfb5Yv5CGy9jKObfueWY52kaUYCkyB2IsU5HdPTjSE1vhPv6voCFP61EYZHdnym4KCNy870SPKKDNpwdz1MGH3if6F3zlJ2djYEDB2rQyy29XIBzZqQK+poggd4yC/SaSoVJlUNc3owbN057OvL6669rozdUpQL8RMTh0lv7pHtZvsh5J4+Fv2LxYrzwbH/c9I/6qBtdH0/WegCfXTgRa8/7EgdjV6EonMCX+/RaHQScdHMQ+CEsqww6zYA20KAy4Lg2hdDj2wxyja4s9PrX5y4M3HeXAdff99gTkQttPGGCYge3/lJ5yHDsthShOCYbuQl7sSnlV3x/4ScYnPYiusS0x13pddGxRRfMWjAbuUWH6T5ya/eS3sZrw64u4nyB0w2zxYoVK/Dcc89h2LBh2Lt3r4zecCypzEZB7/79+zXo7dixIz777DOtHyIP4aHAxg81oZf5BkvB2l+zEXpLSmxUsyxEQVExfl6yGe07DkCds9oh2toLaXETCTiXIC1iD5LC85AQ5iyDXh9BL3dpOI3Qa92LGMu3iIt+FVFRrXDJpY3w0suv47ffN8HmoJqxjzIZXyDsKgv0mis3N1ereXMBzn16VUsvpzmV7qpKxnSqxKET6CUL9JpKhUmlB4be1157TUszPGXo5Up3dRaHTW/+vK02JBa/60HXl+dtjmKs27AVrw+fgi7X9EKzmMZ4JvJRzE57F5syliEndjscEYfgDssEfyLYq7VwZpMZFI3Qa4RObj21G0zQrAdetgmEVsbBxwt25aGXuyzo++4GQ683kvbJ04hCFEUdQlbcDuxKW4dFGV9jaCLlt5a2aFTnbjzd82X88ONS5Nhy/aMnaeVXIOAarw27uqgi6N23b582ekNVUbWAXv7mefv27fHxxx+XfQbSn0CPgm9NgBgjtFXORuj1wU6FfC5laLvx7PMf4Lxze8IS3hPxkcOQEfsDksK2EvTyV9dsWpeGeLpDzgj0Wg4jLmwDkqI/RULsK0hMaI9rrrkXr46ejW27dsHpKaTao117PGe0QK+58vLyMGLEiPI+vTyeoj6jVZlWKEugt8wCvaZSYeIph5Ghl1t4Oc1wiy8/Hanu0GsUpX7t2nK5ynkn56FFbjuKXG5s3rgXU8bMQvvrO6Jp/N3oG90PM5KnYG3yEuSlbIUrdhdsloOwhfFHGrLAH6AIhl7DC2rh+cGAWWWhl8+ZW3g5HATA2otqgdDris6BIyoLxfEHcSR9M7bWWoHPk2diYFR/NLK0QpMrO+D5h0fgm++X43B+LuxeG6U5D99kZVcgNGQGvTxOLzNcVXo6UuWhl/v0cgHdoUMHfPTRR1pBfRRqKJIJ4zjZhr7MwO34NkKvp8SN7XsOYNTY+fj3v59CXNQjiLOOQ2rM50i1bibYzUKKhaCT4JP77/qh10vQS7B7Wlt6s5FgOYL4iF+RYJ2BeOtLSEm8D02avoIZc77A/sMH4HLzWM7uIAv0misnJ0cbaJ/7J3JFkjMnLsD14MsOZXHoBHrJAr2mUmHiqYLeN954Q4PeMWPGaNDLy0NLHGYucz3a9WX4dfFYvj4Kv82F3dv24t3XJqLDLZ1wZ3w99LH0xtTY8Vh71o84kL4GmYk7kat9dvgI+GtrQdBbBopHnUtAyR+R0Flr7a2C0Mvnq21TBsA8FjEt00NvfvwhZMbvpbjYirXnLMEX6R9gcOwzaGttj0ZXtMPLT43Aop+WI4ufEnA/XR5vnhkwxG4jI/Q+//zzWiMLQ29VqihWeejlYZZmzJiJTh07adDL3RsYZAJhJrQLar9UWP+ajwKvA17yEQKfT75cgjvrPYboqF6IiRiIROvHSI/6TXtxjYEzjsCXPzShoDeWoVcbqqwMenmc3giGViPYHssKemk7dhi/CGcGvbScziHRQtBrzSX43Y2UqJ+RFjMV1rBHkZHRBT3u5f69K5Cbx/2gXNrg6/7+UYFPAAR6A8V9etXXpSZMmFDePzH0CvGKJdBbZoFeU5lB75tvvqlBL7/QFqrQq+WXfJEpb+RrXOoiKiPo9Rbb4HHYsWnLRowf9RpaX9cad8fejWfCHsa85IlYlb4Q21I2IivhoNaXlV9qO9oyyqZ5DRT1ziagLAh0lYVe7rLBXRx4nrs2ZJJ5bGL+FDFBr6UQh5MPYk/KTmys8we+qjUPo60v4x5LJ7Q+uz1eeXgkli/5BcWUx3g9DjiKcqC9NUjFkv/z+oHdG6qzKoLeAwcOCPQeS0HQezgb06fPRtcuPTB/3gLY7Qw1/t94vVDMeCsnvom4uqgzL2Lzp2d58HGCP+Y7X6kHrhI78mxFWPLLH+j7UH+cdfbdBJEPIT7iPdS2bkCtiD1Ip5psKo+iQPYD7lEnBkHsybX/OATT/AEMax7irTl0bkUEv0VIJvBNjP6ZQPttJMffhyuvaoWhw9/HuvU7UOSgzIhD7ymFz0Vz/IeXatI+N81z+D10jzgJgKmGTfHgz1yCMxt2qMmYlrhPL2dCTZo0wTvvvKN1dxDoFegV6D0qFSaVdmoC9Kqw6l3qofxTK0MIht0uuO02bF6/GVPGfoC+/+2LLrFt8bD1PsxIehtbUpdgT/IWZCXuQ370PtitWX6oJOBlONTAUe+wHO0rbHrzkGf8EpzeZhB6uh3QLUM7z1wKVwFN7bBZCnAk7gj219qOP2qtw3epX2FIxBNoFlMXrS9ugjEPjMDqH1bicNZhFHsL4fYWwOMtgtfHHwXibnh+SAwVcVjY+tEbpHtDJaQSoCqoM4/klEPvvLkLYCvmxy4CvVRqkctgV5knPIwXf7SBgZeHPaHapIsyLZvLi/WbDmHAkCm44spOiI3phtiIEUiN+hS1LNuREX4IaZTRJIc5tc8Cn37o5dEhuOuEncC3CPHsMI/2yeLkiCyC3w1IsXyNpJiBiIlpgltv7Yu33pmJrTt3wuXhlmzKmB02LYPW+ktxzZLHJKYKQKkGvIHQqxKo3qEmDpM+LXH3Bi64mzZtqkGvjN4g0CvQGygVJpV2akZLrz+8eivgpUSg5anaVzyddhzYvh9zXpuLvjf1RpO4Bng08l7MS34Xv9RajL1JG2GLPAQv99nVXv4qhoNfbtNaSHUmcAyGXgbJQJtB6Om2v5VXZ+1Tx054CHoLrdk4GLcDf9RZjA9rf4qBUcPQLqwVGl3ZEoOfGIw/V6xDQXY2Fcc22N258PgU8LrL05EW1yEide8I9P5FcaTpC+qsrDzMmDFHg965c7lPr0CvX8HQW0qV81I319K9Wk29hGGQEpjb48OhI25Mnvwz7qz7AmJjuyE+chBSoz9BRuxvSI84gNTwPIJP/giFW+u6cPqhl7tNMPT6jx/PDiuh8+HPHRfR8Q8iKWwtkiKnITysD5KT2qN1u2fw6ReLkJOXgxLY4XIUwueiTJpc6qb4oXBzBaCUgNgIvTVBwWkpS3sZp3nz5hr0SvcGgV6B3kCpMKm0U1OgN0iULvhrbaVl0KvZWQy33Y5d2/Zi2uvT0OWOLmgQfwf6Wbtg6jkT8Hv6QuTGbIbNekADXw/l23YC2iBwDMs3gV5/K6reZhB6um3sFuELp3KGyqbiyHwcSdmNDWnLseDsyXgy8Xk0sLZBs8va4LlnRmDR4qUotttQxN0aeMQkjwJeikeKV76FuM90KKUhDgtboPcvSmU2qqDOzs7HzJlz0aVzD8yZ8yGKCnmoD4FeKrXIx4beUoJej8eG/AIbfvhhM9q1HomMtN6IingasRFTkWxdhbSoXUiJyEZyuI2gkkdo8BFwEnieKejVRomgc2BzS6/2wlwxHT+fprsJiD9HnHUEIiMewAUXdceTT4zFb79thJ2A1+OkCKBo8Tnp3nBRPLjp3qCoKS0pG+i7hkMvf5yC30TncXoFegV6BXqDpcKk0k7Nhl4uS6hc4bKE4Jc/V+xyebSnrfu37cO89+aiT+PeaJ5RH/cl9MCMhDHYlPod9if+isKofXBZCuGmcsUIjho8BkEvg25OgM0g9HTb3z/5qL0EvTZrIY4k7Mea2sswJ3kCXoy9Hw3jWqDZ1Z0w7uW3sHLlGrpPiilvLdGG6vK/LOyhtHMUeDl6BXrPjKo89OZkF2D2rPka9M6eNU+DXv0b5zVLHF7OcPmxCGVGRHjlZqCj+8rloERGmRR3mne7i7QX/9as2YEXnn8fl17YD7FRjyI5/h0kRy9EkmU7AWYWwaR/JIUkgk+GW4ZOnjfaDFZPlpMIeJO0c+Bj++g8GH79L8zxZ5D5i21pkfuRGrUCqbGzER/1ChLiu+OGG/ph/LuzsWvPfsqMXVoU+Qj2S7kvmrcEXgLf0vI+vDzV8vIaIL5XOBPidOI3v8jGb6JzS6/6uhSnJZVZ1YT0xCE0Qm+BrRAjx/JnuNNxX49LsFegV6CXphxOhl6uKHKaGTVqlNYPvkZAb1lGWcL5KLmU4sLr8MFp92gjOriL3Tiw4yDmT/4YfZrchyYJdfFsWDd8kvw2fkv/Egfj/oAr8ghBYhG8DIwRTvgi7ORilLLDjM4nn76W3hKyj86thKz1HyZzP2SjPQTobjp/X4QDXksRhSkX2TH7sTF1LebXnoln4h5Ea0t9tPtHa7z69Cj8+esGZOZTmAl4PW4/4Hq8PngoDr1a+qFldG9xu0uo5bkqPAp6X3rpJe0dEhmn9zjiSNNDb25OgdbCy9DLLb4MvTWtdeqoOIH4W3i1VsuyUSzYXBjxV09cbgctd9HfxXC68rB3334CnLm46YYnkBRD0GsZSdMFBI7rkBSRSTBpN4XQ028eyeGoGYCPtv76nRx+UBtWLS2KgD3qLcRan0BKUkc0atYPH33yIw4d5pcF7BTuAq1WzfHidnOmTfm3waEvvlc4jRw1v8jGrVbcp5fhlwtwTmMsf6Ug9NMUx0ow9BZhBEHvhQS9vXtcKtAr0KuFj8Npt9u1j1LwiCc88gmnoZqQTlR+oLf2moSnlGCuBG5XCQGwF/t3H8bMSbPR765eaJ/QEE+H3YfpSePwa/xXBIfb4LLmwM4tpFY3PBYCRwJf0DRopAaCSz/4HrUZrJ4s+yL4E8rc4szHLdSOb9Yi7SLwdRCUuyw2OKxZyI/Zje1Ja/Fl2hd4Pu55tIhthjb/bIlxjw3HusWr4CW4Y7zzUiFjbn+eQ6nHH9EhJDPo5TTD0MtsUlUk0FutxAmlYuj1+mz0GwFvabH2pmhewSF88/1PaNr8USTGdkNs2FAkWT5CSuQqpEbuRyIl5sTyIcPOtCsBvVQbT+GWactGCseXSLBMQkL040hMboB7eg/H4qVbYedMx22nRGaje4QLaP9bsvrMu2bcO3yv+GFXmQvs8ePHa9DLBTm39HLcsGpKvHCsCPSSBXpNZQa9/FSEx7bmApxfBq0J6UTlB3rze8H8moSH7gU3wS+b/mHfkQOYO2Meutbrgibxd6JPTFdMSnwd6zNW4XDcHuTE5sAWU6ABpCfMgVILYWE1gV4nwW5RRCEKY3KRE7+LgHcVvkidixeiX0T9qBa4+7quGDlgLNau/oMqArRPbzGK7UUmsKvsz3MEes+cBHqrlTihVAy9TnchZUTcwmtDMRXk6/78E48++SrOP78DYiIeR3zYB0i1rEKaZQ9SKCEnhrmrFfTySA6JlGkmh2UiKXwDge9ixFvGIyysEy69tBsGDJ6FHXsztUTHg6u7PfajcUUZjt6hL75XjgIvm6H33Xff1YYsGzt2rECvQK9mgd6jMoNeTjOtWrXSHtXyy6A1IZ2o/EBvJ2UVDm8p7J4SMsWNm5bRfWGjfPZg5kFMnTINHep3xC1pt6NLVA9Mqz0Ni9MXYVvyeuQl7oZX6+5AeY7FZExeAsyqCL0OSzZy445gT62d+LX2Unya8QH6Jz6FpvHNUP+qFhjcn4B3/WY43Hb44NDKHMpSTGBX2Z/nCPSeOQn0VitxQqkYev0fafDCZnNj6+a9GDtmIq6+pgcirXcjKXYYUqxfIN2yGRmWLKSE2QkgXUiK4I9EmEHo6fbxoVezBurFSA4/QAC/GYmWjxEb/QziE9qifsOnMOWDT7F/30G6d7iAdlGMOWjK4/Tyy2xHHfrie8UPu8rcnWHixIka9PJLOfwim0CvQK9A71GZQe97772H1q1b13jo5VzTRdHjJDtKKGf10O1D94XT5oTXYceBXXswffo89Gz7MO5Mvxu9wvrh7eQ3sTr1O2Sm/YHS+N0oJfB1W3OrDfS6rHtxOHk7Vp2zEu/XmowX459Ex9gW6HBdWwwfOAKrV/2BojxiEpcbTocNXi/dNxQv5sDL9uc5Ar1nTtUCeufNW4AOHbpQTfID5GTXvLFFWfrMh82AW8pfHKOsyM0DXpcUaUOUuRwOyphd+OD9ZWhY/3kkxXdCbNgLSLF8hFpRa5EacUQbqSHABuD02wxMT6WNx+cvtPEoEm5tNIlYC03DSshexNM5x1v4AxaZSIhYhvjoiYiLeQW1at2PVm0HYcGny5Bvy9H67lIUEbjwm7P8URP/CA6UJfkjNcRlTEvcsjt58mS0adNGg16GYPWlHFXYh7o4lEboLS52YfSYkbj4ojT07XYx9m1uQYXYNQS9l6FUA0OCXQbfUIdeVx247Zdr0DtsxBW4/OLEGv0iG6cNLsAZejnNDBo0SBsBReXBNSXNKHF+Wv5hH63RxQ2vzw6Hs4jiyaG99Ldn7yHMnPMROrTohXrxTdEn7EFMSxiNDef/hIL0PSiOzIbdWgB7eC5cBLaeMB4hgcf0Lft6mwabPKxZnimsVsZGcFX2EuQy6Loi/H11+QU1Lx2XxxRm+8L4pbsCuMPzaJ1sOCyZKIo5jJ2pa7EgYyaeTHwcTWKaoON/2uOtQW9i3W9/wlHML43TveLhPs9eMsdJ6A+ryuHSS6UJNqeZZcuW4ZVXXil/kY3joqqoykMvD1nGLb0d2nfG5EnTtL8Fejl+vJTpcD9eB1weStAEvR5PAd1wdixesh49e4xGnYz2iIl4GGnREwh4lyEtYjtSeDzecEegg4CTbQamp9LG4x8Leh20rFAD3+TwnUiK/BIJUe8gIux+1DmnEx5+bAz+3LwBdidBro/jygU3VQjYHi8PG1Nzoff9999H27ZttTfRubuDQK9Ar0DvUakw8VRB76RJkzToHThwoPZZfJUH15Q0oxQMvZyv2jTodbmcZDeK7SXYfSQTs2d/hAfrPoBuce0wOOpZ/FDnQxxIWYeCyL2wE0zaw3MIevO00RECPlms/V11oDcveR/WJC/G2IjB6BbTBV2u6oZxr7yOP39fp31auNTt0V7qc7v5pWkeE5/LGR6PV6BXQe/evXvLy5mqoKoPvVl+6G3fjqH3ffq75n06laW/qdg8BJWvxEMQ5x/42kXAW+zIxtYdOzFw0DRcecWDiLHeg7jwt5ERvZCAdxvSqHadqo17y0OU6W0ETrYZmJ5KG49vAr3hHoJecriLbKfl3ErNX4/7E6kxixAdMQ6RUb1w/Q0PYOL783HgcB7cVEhzJsSJju8bvqdqSmFlTEvcnWHmzJlo3759+Us5Ar0CvQK9R6XCxFM99HL3Bi7EDx06pMuDa0aaUTJCL3cfc7mLNej1ePxd64qKqHJN8zsO7sSM0e+i75Vt8KC1D2anT8KOtNUojNsFZ9Qh2CMyCTxzCHrzCUiLyP5xcP2AWnWg92DyNixJ+hrPhz2MLmd1wEv39cfixctQ4MyH00v7ddjhdhLwuqic0V6iJujl/r1leW6o3iccLr1UmmAr6H355Ze1cXr37Nmjlb1VRdWge0Mh5s9bgI7cvWHqdCqoa96A+iz9TeW3D16fG94SBzw+G2z2bOw9tB9vT5yDW255HEnxDyE2YgjSrD8Q6P5JcHhEA96UCP7CmREwzWwGpqfSxuMfA3p1TraUIC5sHxLCNiEm7FNEhPVHauq9aNLyCXz8+UrkF3PNm7s2lMLn5XuLIrOGlFXGtFRYWIi5c+eiQ4cOWmbE4/YK9Ar0CvQelQoTTxX0cpcgfpGN+ygePHhQC3uohv9YMmvp9XjtBL62svdJCGyIHx1uF3KKD2PR/E/w6H874aHI+zErbRJ21voDtqT9cMQcJug9ROCZSRDKnyVm8GVYrXrQuy9hKxYnf43nIh5Ft8u64LWX3sA2Sg92TxHsBPvg/rs8igWPy0vh1+LBK90bFPQOGzYMu3fv1ioEVSUeqjz0FuQX46MPP0Xnzt3xwbSZyM/jWqVALw/FxY/quU+vr9SB/MLD+OLbRWh29/2Ij29FkPgSweIkZET9RrC7ExmR3H/Xpb0IlqyN2KC3ETjZZmB6Km08vhn08qeJFfByV4cSAt1CJFozkWI9gpSoXxEfNQmRloeQktEEfR8cjdV/bEeRjSoGZWNLcgbFmXdNkDEtFRUV4cMPP0THjh21zIhfyhHoFegV6D0qFSaeGqGXvzAl0HsUerns8Xdx4JfL3f6XlYg7iYKRnXMAX06Zi4ev74qnCRjnJb6P3el/ojDhEIoij8BuOUhgeYQgNIeAlD9VXDWh92D8HixN+h7PhT+B1me3xtCHh2L7bxvhcdL6XmIQgl4tXrS44fuCux1yI4tAL1cSBXorIY4Yjjh103A/xC+++AJdunTBtGncp5dbpzixMbnwDcWPq0MfgFWccEasmW6sEhdlynYPZTrAr3+sw+PPD0Od8xoi0nof4i3vIj3mRyRH7keyJYuAt7gMJs2As/o6he7glHACd0sekqK2IDFmGWIjX0d01D248qrWGDXmLezZu5cgxgu3w4tSHneHauX+8Xu58sRfJPPfS8EOjcxKpSmG3vnz52t9erl/4uHDh2tcBbKU/vOVErjpXOSwa6M3XHxpGrp3ugC7Nt3th17vhWWjN5A96SjxJBEcZlC6q0XzyVToxZs48Yy7hIA80Lw88DxLfQS9JQS95BICYC9Dr7M2PI4rcDDzRox49V+49MI4gV7KZ7nc4TTTv39/rU8vL1flU6jGQ6XE4fZSHFAB5CPQ5Sk3LsDtwpHs/XjvjUnoeSlVFiyP46u0BdiXtBW22EzYwqniEH6EnE1m6OWW3mBILSUgDbSC4qP2f8aYW4vzUBqej9II2pe230Az7OrtpvU8EbwtH4e/yGaneYZghmEeUzgPjohcHEnci1UpyzEkYhC61e6MFzu/gE2/bILNboOzxAUnh5/uAaNrojgdsBlwV6xYoXUHUt0buEJUVdKJQG81kYoTBb38mV0eqaGoyEk3VT5GjJyKy67oDEtEO8REDEei5QukR69DsvUIAWEuQa8apcEcHqur+bPJ2ieSI4qQErUPKTHrkBj9ESItL8BqaYRGjfpi3rzvcORwIcEL5cfFlHlSAqyp0Mstve3atcOAAQO0/okCvX8HehOC7Uk54y7xGh18rgK95lJh4imHkwvw6dOnay+yqe4NAr1l4nD7CPL4q5cEvGzu2wq3E/v278SIF0aiY60mGBT9PL6v/QX2JW6DPToLjrBDBKInC3oLyLx9AUEvbUMu4S4TBnMrr96eSkJvdvwBrEv/Ha/FjkaXlA54oEE/rP5+FezFxXB4HJR/CvQqcTpgC/T+RXHE8E2jMhWBXr9UnCjodVNtmvsPZWYVYuasxahb90nExfZFrHUIEq1fICliPUHvIYLBPHJh2SgNqmtDMDxWVycSyGvQG+5BijVXA9/EyNWIt85AjOVxnH9uV/ToMQTffvc7nJQYvfwozsVv19ZM6F2wgIf/66C1Wu3fv1+g9+9AL/3t06Z6p1ZBMwwHnqdAr7lUmHiq9dEkz5o1S3uR7dlnn9WGX+JlqnwK1XiotEooRXkoDy2z10dxQeXS9i0b8UT3p9EhrglGJw3B0nMX4mD8TtgtWXCGZRKInizo9YOvtn54EZm7N/D+jA7cjj+SURnozYs5iK3pf2JyyrvoGtcBXf+vI35asBCOQlqPoddJwE/3gNE1UZwO2AK9f1EcMXzTqExFoNcvFScKeh0Ebtn52fjqu5/Qpv1LqF2rGyzhLyKOYC/Fug6p1kykRub7uzWE28k8agNDL7/IFgyP1dderYuDNk/hTKKMLD6cwNeyEglRbyPacg8uuqgTHn/qNfy2Zg1cXsrk4Afemgi9H3/8cTn08lAyAr1/B3pNIJd+P9P2utID7U4LOk+B3mNLFd7s2bNna316n3zySezatUugVy/OOtT3iWnqpbK4xGXHmlWr0e2uXuhkbY630kfj14uW4VDcbtjDsuEJI9A9adBbRPb3B9bWCXcErcPmD1DoXVnoLYw8jB0p6zErfSp6xnZCq4ubYP74Wcg5eIjSEN0HAr3l4nSg0o1A718QRwzfNCpTYej97LPP0KNHD22M0ZoIvf44oQzFVwI3ZSweih8b3UR/btmM/kPfwIWXdEB0VC/ERr+B1NjvkBG9F+nWYiRRgvYDL7fy8tBk/HKYWUuveqHtr9q4n9PvJO3TxCWaEyh8CWEOxFMmmhK5EynRnyI++iVERt2N62+8B2+9Ow0HDx+gApwzJu6z56ZCnD9YQSW6Jr6P9K7+hZlKT2yG3k8++UR7kY0f1apWq6qSGZ0qcfj0DoJemx2jxg7DJZekolfnC7F3cytT6C31JqPUXYtcm+ZV1wGGxqplH52r3iV87kZzWLwEvwS8WvcHTxzgSoXHeRlB7/UEvVfWWOhV9wmnDe7TO2fOHNx99914/PHHsXPnToFeJQ42ZZOlVC6VUlxwlzt3qRuOwmL89N3PaHNDe3SxdMCktAlYe8GvyIzdCweBrpeA0v/yGrfQsnnIMgZXnjKk8jL+KltxkI0wy+syuPL2pZT3l4Y5Db/7Hbwf2k47j0DoZYD20jIPQ3F4LoqsB7EvYRM+T52N+2N7oMlZ9fH2K2/i4I49FF4X5QsCvUoq3TDgLl++XCtjhg4dKi+yHU8cMXzTqEyFxxZl6L3nnnu0t2hrAvSqm0dvltdLtSgKarHbh627D2Ly9I9Rv+kDiIlth5jI5xEfMw9J0b8g1ZKJ1HA3Urhltxx6uZW3oj69asSEv2qzfZ1eHx3NwVvuxHAXUqzZSI1ZicTYCbBa+yAltQ3atHsS336zDAXZLng9HM90//DoF1qLL8cw/0/v6l2Y8X2jT0s8ZBmnpU6dOuGFF17AgQMHtMxISd1noSR9HGjzdM2N0FtcbMOYscNxycWp6N3lYuzf0sYUeuFLoURYm+br0Lx/FAQe3aGqWxulgWBY71JvfFnLNYG7h+Z9VsCdQOG+CAezriXo/SdBb2yNhF4FLRxOhl5++ZNbeh977DENeqVPr18c7KOjFlBc8Bfa4EL+kQJ8NONTNP9PS/SKvA8zk+dgwzlrkRu7D25LDnwRDLXqgxR6B47eoIfWiq0Amud5e27pNXZtYAcey9/im1c2LSKr3xRY8zZ5sFkOITtuG35O/hRPJ9yPZrUaYOTDI7BnI90HLjulJWIRLfwCvZwO2Jxmli5dqo12MmTIkPKnI1VFVR56VUGtoNc/zFJoQ68xAZWWDRPjoJuJ2yQPHLFh9kc/o13nF5GS0QbRkU8iOXYqEqKXI9Gyg2CQuzIcfeRfI6BX+2CFk+xAHP2dyOHm1t6YH5AQNwaWiHtx9tnt8PBDo/H76l3IyWTwLfWPqViiwE/BrnJoQS+39H7++efo2rWrBr3c0ivQK9Ar0BsoDhuLw8kFOHcJ4tEbVEuvQK9fHGwj9FKMIXNPJiaOnYJGlzTGg5GP4OPUj7G1zgYURB+Ez8Its9yiGwihfp8I9Prh1D8tazXmLhNGG45VWeh1EfTmR+/Eryk/YFDiM2iT2hwvUbm7cfmfcNtpfa+/e5jRNVGcDtgCvX9RWsFEN43KVIqLi7WCmqGXv4zD3z4PdehVYVfmT+l6PT6t47zTW4Llv+zAQ0+8jUuvuJdgrh8So99HQsSPSIjaQdCXS9DHY9iCwM9TA6DXVwa9NvCnieMiChDDY/tS2JP4M8XRmxAf+RFirKOQENsPV13ZE68On4nd2ylzpFvI7XFp0Et3HcW80aEFvZyWvvrqK3Tv3l2DXu7TK9Ar0CvQGygFLRxOLsD5nRLuEqSgV6WnUI+H44mDHQy9NhzYug9jXxyHpuc2xfPRL2Fh+jfYk7ER9qgjQAR3IWC4PQqgR30i0MvrloGvBrhZ5KNDlZXbcKzKQq8vPBM2615sTl2BN5OGoWsiVX4a/T971wFgRc11t/dGE3v99LeLYEMFEZWiqNioCoqiooi9INKbNOlKU1SkiGIXlWrvdJUuvZftr+7u+e+Zt4G87Cw8FpAtc/A4b2eSTJLJTU4ymeQJ/D7zZ/hype6UohJIvyN6aQekI3oPEVbDJIVGVSq66B03blzhOokVS/RyEWy/Lx9ubzbWbtiEQYOn4bKrOiAhuRWiInqKsJstwu8fJMfsQIKIvzgRvRztTIpUH7GVZ9FLgS+iNyIbiZF7kBi1CwkxOSJ+KXxzkBK1CWlxP8v5ySJ+u4nwvR31r38Y0yd/j53buWUkRR+/OuaR5Uhn+RK9OTk5+Oqrr9C2bVtL9PIDA0f0OqLXEb3BUKKF6WQDPnPmTLRs2RJPP/001qxZs8+eyns+HAxMtil6fQUZWL1wOV5u9zIapDVAv6RX8XPVudhceQXcUTtF9LqPsOglRaBagnc78iPUcmgGjXuFKnoLwnbCHb4J6yovxJupw/BAfAu0v7wt5k+bDXcmd15T6XdEL+2AdETvIcJqmKTQqEqFDTUrnfvvvx+jRo3Cnj17ypXoNY2F5Ouz3FwxTMkL5oHbJcYljc6WrVsxbfosNL29M1JSWiA26hkkRb2LSpGLUTlyO5LCuOOaSddBmRzuPihThNYKEBoTI/zHnElSggMsEHqFbiE/aONvSV94NpLD/kLVyJ+QEjFZOgRPo3rVFmh73yuYP/93ZGftZesmDX6gkVPkM+CzKMswbcnlcmHWrFmWLVH08gMDnqM7oqyn1w7KpoLJZ7ufruzdGDpwKP536slod99x2LDqZmRmXwiX7xS4/Unw+pIkoMrS8UyC3yNHroggv+02grDcHCXa3Y+i/OCku6QgBpYx46oOQrXqg4h5l68atuy+AgNfvRT/OzkWj7RriXWr1gRELzsJIm5YlpiPqtyUN9D2CaaR9sH2h6sHderUybIZfqijbKo850NIyJe0WxtUSNnweJHj9mLJD3+g422PonFUY4xO7I3lx/2O7Ukr4Q3fIyLSBb/QFKEBsWmSwjOYnvAMeEWkqt3UfOKOKy7wWl7Ybvm9TY47LPrCd8g9d8ATsUOuU8hSVPNDN3l+4oebWgQ2t+AqELyfGadc+KOykRO7GzuS/sb71d9Bm5R2aHnW3fhswofISs/g5nMi6LiEaGClj/LQbpQUKt0cqPztt98s0duzZ0+sWrUqaHDlWKPUi17OQ+QrWa7eMHLkyHL3IRvTakf2jBRduW5kZXjx3bd/ot0DPXHKCS0QF/UoEiIHIDniS1QKX4NKYrhcs7YkTAnLOygDS50Fc7/gPHZMlgosWSqz5PB0yYudwh3C3YFj5FbhFqRFrUelqJXyey7iIocgIb4D/u/M1uj+ygQsXbIcfrcHfpfPqrB08jmUZdiJ3jlz5lii98UXX3REbyFzs/fgtUFDcdZpJ+GB+07A+lW3IyuntgjAc+Dyp8Dti5V2PQk+f7zYYyp83jTrd54vHgXeYOYfRZr3Iv15CQdlXn6C1JfBZHr8IqL9/jQRu5WEVSRdJyLXXx2b91yOAQMuxlmnRDmiVxO9TzzxxL4v0ZVNled8CAmG6M3IysH8T2ah9dXN0STiVkyqMgqrqy7AroQ1Iki5c5oISUtQmgJXrdyg0170+qyR4AxRL2R2IfmbonqnXE+36NW4b76vde/AaDNXafCLX4pwvyWG94tdRX9kNrJj9mCXiPZPj5uGx1I6ouWpd+HN/mOwccNGeD1c5cMRvYRKtxK9XL3BEb0hwGyo+SEb51RxHuLw4cPL3YdsTKtJpptQBuRyebDyny3o1f0NnHd2SyRFtEVK9ACkRk1FWsTvqCy920pixKlFmCvkR22HzxRhchF6jzkDaWRaM5Aavle4R35zfWLuQrcLqRHbJZ92ITFiM5IilyA5bgaionohOfpe1L36aYwd+4FUXpuk8vJYhslOBvOdz6CsN2amLbEBnz9/vjVV6Pnnn7fmJzqi14+c7HQMGjwUZ5x+PO6/7yT8u7IlsrJvQa7vcmT7jkOON0mEbwp8eZVE7FYXHm/99ntTpaEPZgHXwD1K5FQE835ef6WD0oorR6o1evMK/fqqSbk/UXgqPJ7/k/SegU27a6PfwItxxqkRjugV+/j666+t6Q0dO3Z01uk1YYjenbvS8fGE6bj7wjvQIqo1ZlSaiHVpfyE9doMITYrPXPisDSQOLnDtyPVzfdYI7U4RuDuQF7EDXqE7bCtcYVss5kRkIVfoDueIcJa4p9hVH7vxNwVvtnXNK/HxSlvmlbbEFLykPyIHmdEZ2JO4DvOrfoEuyZ3RunozvPpMf/yzfDm87sAAlSN6A29KCb6d//333/HKK684ojcUmA01R3q/+OILa6R3xIgRFWKkVxUeHmlEmzdtwdQpH6P+da1QOelWpEU+h6qxbwlnomr0IlSO2Ig0qQAqRa4ryohNB2VauPg/CFPkHskGU8K3HHNWkgowmHsLuRuVwrl0m4jeiA1ICluJtKhFqJr4OVLjhyIu8gFUSr0V9zR7Ah9/+iWycrKtuUh8dakatbLemJm2xAb8xx9/RLt27az5iatXr3ZErzArJxMDhwzFaWceJ/XMqVizoh32ZjZHlvtGZHkuQLb7LLi950rFLfRcLLxEfp8Hj/ccOR9Mj/f/jirN+/l854bA8+DzXhhEj/dMKev/g8d9ATyumvDkXglX7rXIdNfChl0N0WfgFTjt1BhH9Gqi97HHHnNWbzBhiN4NG7Zi4oDxuPOspngk4Ql8ljAVm5NWWevdcv5snghJrwhSU8wGtgvWVlsgTTdCjha7ReRmxWzG3vj12JWyGjtSVmJb0gpsT1qDXakbkB6dLvdLF+EbGPG1xLb1QRtHmgMjvlyH1xOx2xLRnvBMeKzRZhvRG54r4WUhI2ErFlT5HkMS+qFNags81+ZF/LZgAXy5gbexjugN6BXaAkXvH3/84YjeUGE21BVxTi9B46EA40j3vLlzJf3tcFzVC5AU3QhVYrqheuIkHJ84E8fF/YEq0StE2K1C5ZjfizJ6yUGZFrnooEwRwZgkAltnauSSY87K0YsLuRSVo/7aT/7NDkHMAukYLES16AWoFvU9qsVMwnEJ/ZEUfz8iIq/BmWdfjaef64wFi5ZaDVx5Fr0U9dwph6KXX6KvXLnSEb3CzJwsDBjyGk45qyrua3MaVq94FLv23ouM3CbIzL0G2TlXizi8XsRhHRGHNwhvlN91keutg2x/3SBm+eocRQbfi/R76x2UPk89iS/jv59u12Uicq+AK+c6uLIaw5V5G3KzbkV67vVYv+NO9H61Lk49NckRvWIf33zzjSV6O3To4IheE4boXbl8LV57YQAaVL0RT8Q/h7nJn2Fbwr/IidwuopfzaHNE9HJklyOvGi1RypUXNGpiV7EgbDdyorZhR9J6rKu8Gssq/44FKd/iz6TvsSj1d/xddSl2x+1AeixXXQjM6+X83kCYXMWB98uEL2IXXCLEXRIvV+QOuORvW9Er8U2PykFmwk78Xfk3jE0cjjYJLdCm0UP4Zt631goOjugNgGmnLVCz/fnnn9aObI7oPQiYYXoDzExkBnIeIhvq0aNHF05v2F+wdD/lBT4R9ZYhefKweNHfeOH5rjjrjIsQHX4aUuIbIS22A6okDETluDEi6iaJuJsqnCy/3zb4DlLlejCnIC1magn4vvCDI8JKsR8WYdH7TRPa+9eZGv2hQZ6bFsTKEveqse+havwYVE0ahKopvVAp9X6EhV+NmLgzUfPy2hg4ZKC1mgGFIcucKn9lGbQLpkM10GzAKXofeugha6R3+fLllsjXbai82ZLUJEXIjjI7zRS83Jhkd8Zu9H+1P045Pg1NGpyKGVPaYP78ZsI7Mf+7Jpj/fQPhjfhx3s0GGwkblgEynsFx/26+8NuGwhsDv+fdidnzb8ec7+7CjM9aot2DNXHKSQlWvcvOEesjkuWJLH/lZD+U3fPI+oDtD6fXPfbYY/vywhG9YkkFgbTnSz5IowV/jgvLli7FUw88jYZJDTEkpS9+qzILuxPWiwDdLgKSH41xRzZ+WEbxuX+erS88S4RohrU9cJ416sv5ubkoiJB2MMIl/nciM3oD3AmbsC11ORZU/gFfV/kEbyaPwauRvdA3qgeGxQ3FtCrT8UOVn7Cmykpkxm+WcDehIHKTKJ10YRYQzrm7Ik7DPfCKmPVGZ8Ibs0eoRDbjRFHOeAV2ecuPyEZ20nb8VWUhplV+F+0T2qJ5zbvx8QcfITc3O/BNiNsrwt9ndQCkZ7jPTg7E8gbaA8sD5/QuXLgQPXr0sFZv4IontJnSgjIjejkPkSO9gXV6y7fo9Xo91nH7tl0Y88abuPqq6xEfWwUxkScjKb424iNvR0JsM8TFtEZc1IPCh7VjMKMjghkT1Q6x0fcfnDFtghndVvzef0QYG/1AUZb0fpHtDD5QxE1sZHvERRbmUXQb4b1IkM5DTExNRMecgNTK1XDd9ddhxowZ2Lt3ryUOy0PFRLtgGnTR+8svv6B9+/bWSO8///zjiF4RvenZInoHiOg9oTrOOiUB9a6uikb1zhCeikbXn4hG9asJ5dwNxxusXoYYHPeb658grIabb6giR/m73ulocH1lNLihMurWqSad7EpIS062lrfTRW9FEHqm6J03b541vY4jvewoctRK2VR5z4sDIb+w3vCL2Cvw+uHLduGPH3/H/bc8gIbRDTC+2gj8dfyPyIhbb42ocqUEv4heX0RR0RvYPphU8325XBg/WstCTvQe7E5ch63JS7Gm0g/4sbKI3aSheDn6aTSPaI0m8fegSUoL3BLdCi1iH8OAhMF4P+19LKj0GzYnLcfe+FXIjdsBt4TjFXFdECbta7jEWYRvgYjgggiKa/UxHanmGTN+cl7EeG7CdqysvASfV5+BJxIeRsNTbsCbo8cjY+8eR/QWgvbA8uCI3kMAM0xVICwUSvTOnj3bmt7AOb3btm0r96LX4wnMLf35p9/w1JPP44LzauGUk87DqadchJNOugLHV6+Pk05uLL9vw0kn3hPgSU1x0ik3FuEJJwXzxJMaid9bQmDDIJ4s9ztZzh8JBsK/2WDw/U46uZGtX5MnnmjHW4N40snMixuEDeS33OukW3DCCXXlWEv+Phunn3Ymrqh1hfUqhkIwPT19X8NXlkG7oJ2oBpqi99dff8XDDz9sbam6bNkyR/SK6M3OSZcO9XBcXusy/O/003DWacfjXDmee/qpOPeMU4Qn4f/OPAFnnnW8QZ47sQywaNzPPuNEnHPGcTjnzCpylN+nnY5zTz0TF/7vLLl2Bs487RxceP5leOmll6y530roqQa7/JWT/TBF73fffWe1P48++qhVP/CcsqnynhcHAtPN9Ps8XhG9PuTuzcB3n81Hs8ub4dbwmzG12ptYVeVX5MSshz+c0xsCopcfnhUVvSJCOQJrTX/Ya63pmxe3C+lxm7Gh8nIsPv57fHv8R5h83Ai8EtMR94Q1QuPUurjj3CboeEsHvHzfS2hzzf2oX6UR7ki+G48kd8Jrld7Al9Vm4s/qP2BdteXYVnkd9sRuhjtyFyBCFyKyQQFskR+yqaXUKHgDc4zzJC5c2swVux3r0v7GnKpf4PmYJ9CgSn0M7zsEO7ZuckRvIWgPLBOO6D0EMMNUBcJCoYtejjgMGzYMW7ZsKfeilw0yG5kNGzZj3twf8P7UTzFl0ueYMuVjvDftY0ye9pUcZ2Py1PmYPOVH4XdybhYmv/9FUU6eGcQpU2Zh6pS5B+fUr4I4bdo3wllHhFOnfmPD4PtNnfq1rV+TUybPDuZ7c4Tzgjh5qqSdeSH5ZuXT1DmYNl3Cn/6xpHUypk+dhk+mf2KNgu7evdvK+/JQppgG2olqoCl6uZTMI488YoneJUuWOKJXRC+3ol6yZAFmzJiOt999G1OmTcX0ae8VUspHIae+/04wp00SvlcGKPE0427xLUydPiHwe+r7mDFlCj56/wOxh/elTpmGafL7+++/tz4eZqOlyhKP5a+c7IcpevnxJ9800m7++usvR/QWQtUb1vQGEXu7t2zDJ+M+wu3/dzuah9+FDypNxPq0BfBGrhdBu13URkD0BtbNDRa9XDLME5FjjepmxG/G7qR12Cpid0HST/is0gyMrjoYnZNE7EY3x+1pTXDnRbfgqTYP4p2hI/HzzK+x5Oef8PXkjzH0mYFocWUbNDjpHtwSez86xb2EwakD8FHKNPxSbR5WpfyJXfGr4InbjrwoEbRRmciLzBUGpj0ERptF9Fof0+2AP2KXiN6dcEdvw+bUFfiu0jfoGfsSbqnUAN2e6oxVfy+Dz+V2RK+A9sDy4IjeQ4AyIsuQpFCw0uEatbNnc05VWwwZ8ho2b95arkSvnmZF7m5D4eUWQ8rJdgt9cEvH1OWS3rSIlCwxsmxXLnLleq7bL/TI+Rw55gXTxQ8B2XHYz9xcCcMl7jW67ejmagY6c+H2uI4M3XY075dTjD+Jh0Zu4hFMl1DyRafkW45FyY9CZud65Ch5lpsJj/hzZTFsjrC7RQTxNS7LmFRgZRT7y9J+0cv84VIyfE3LNUcpeplm5Vb5K18IFrz7RG+h4LUoz9vjzRXmYG/mbmTlZklesWxIecqR8pTjlt9SNqTTEEyP0FsGyHgGxz1HbCdH7CzHnSkUsUF3ubulnkmXeiJD7CNT8iHT6ijpr/NJlqnyV072Qxe97BRyd6kHH3zQmhZUnOgtz/lRLCTJBXmSdtaTvjxs/3cL3un7Jpqccgvuj2qLT1KnYWvKP/BEbhZRGxC6/rDd8IqQ9IXvkd8ifMPTRVhKGYzci8z4ndievA4bqv6DldX+xO/HzcL78W+hf0J3PBTXCrfH3YTGp9+NJ+98FuNfewM//zwb27etkuexE15/OjL27MLqJavw+eSv0aXDANxxUTsRyM3RPPoevBL1IiakjsbcKp/hr8q/YGvacuxOWIt0EdhZcTuRHcNVHqRjF+YR5sAXsQfuKO7uxrm+InqjtmFb8mr8Vmk+BiX0QpPERnjq3sexWMS2NztHRK8IX45453NDqUC9ezCWN9AeaAdK9PLNKUUv3xRR9JYWGylVopdgxrBAqEolN8eLb76Zi5Yt7kX/fgOxeVP5mt6gG4Ei02dSpfNQmVcgealTss2knb/yRLs8VuUrmIUiqJDlbVUQijguJfP4449bpOilqCGYT+UTfIbBtARvoejlSjDq6PVKh8fH3bb4/IuWD7NclWWq9AezaJrNekidZ3liOOURalSK6aTg55xeTgmi8P37778t0WvaFlnhQNHr5Tq1YjfSsdr892aMeGoAmhx/M55IehZfpX6FLbGrkSuC1h2RDi8FrjW6mynClys57EVe9F7kxO3A7qSN2H3CBiw/6U98f9pMTKk6AX2Tu+HBsDZoEtYItxzfCA/WfQDDug7Hj9/8iJ3btkpnbQ9cnu3weXch35ctcZAOakYOtm3bhQV/LMNH73yGfu174b6L78RdsY1wf2RL9Eh4BWPTxuKbqh9jUbVv8W+1pdiRsg7pcduBGElQpKQrrEBEeQ6yonbI711CCuDt2JGwBkvTfsKYhGG4K+4uPHbbI/hx5tdwZ4pg9khnUjpI7C65HdG7T/SSK1asKFVvT8uA6PVg9qx5aNWqjYjeQRVW9Kr8OGSaoteOdv7KEe3y2M6dKQLKm+ilwOVSMhzlpehdvHhxhRS9gekN+4Uvj345UvBaIlj+pvAxaV9myiYp/IsyuLzQXXH1EK+X1zLDZ00wnWysOaeXUxu4koUa6TXziqxwkCTne1kePNYr/lW/r0KXli+gSeVb0L1Kb/xQ5Qdsj9tYuAEEpzBkCbkLWmAbYU/EXmTFb8PmpLVYmvo7fj5uNqZVewvdkp/H/dEt0Tj5VtxyQlM8cH17DO4+AnO+/BabVq9A7t5dInRzRPBmw+MWIe3JRIE/FwU+KZ8eP7JdfmS5vdi9dy+W/vIrPhk7Af3avIw259+NpvGN0CauBbqnPIu3qwzH9yd8iX9SF2JbwgZkRGbAY83vlXIdJh1hTr0oXGnCHbULO+PXY0XKn5iWMhEPxLdB8yvuwceTpyInK12ef6COYDHw+h3R64jeQwAzhgVCVa4etx/z5/+A++9/CIMHDcXWLeVr9QbdCBRV2o8ITYErDX4R2vkrhTQbYNLOncnQ87h8i1421qyMuHIDRS9/V0TRSxaAwleeOcWeCGCKPjXqy/O62CVDLWtlhdacZpM2ZcbOL8lr5bXM8HkTTCcb659++smaEsR5vXw7wjcmZj6RFQ6cyutmPSk24vJg0beL8OhNj6BJ4q0Yetww/FnlT+xN3AV3mAuu8Gxrs4gcEY/Z0TuRHr8d21PWYMVxCzD/hFl4p+rr6JvYGfdHtkD96Lq4/vh6uP+6ezHqxWH44aN52LpiIzzp2fCKwPWK2M3NzZK6Kxc+jxt5Xo8I3v3zaVltu/L8yM13Ice1Gxm71uGv3xdi+tjJ6Hzf82j0vwaon1QHzeOaonP8M5iU/JYI7u+xIu0fbE3eDFdchrV8modbGkfsQF74Xngl7ntitmJ9ykp8U+lTdIx+BLec2QgTx03Arr2iSUT0so7Ip+D1Sg1jUz5MljfQXlgnOKL3EMGMYYFQlavb5cO3839EuwektzeYH7KVf9FrR5XOQ2VR0SuNd4E07hrt/JVWliRfTD+kKl/BLP+il6O7XKOXW6ouWLCgwopeUs3tDZrjK40X/7YrH2a5KtuU9ItqCaKNO7MMqbzgb14vjzBFL1c84Rq9XMGB9qPW8TZZ4SBJznPTbrzITs/E7A/noNmlzdE07g68ferb+Lva39gdswtZUZnIiNmNPfFbsTNxvYjdtVhTbRl+rzYHHxz3FvqkvYL74+5Ck8i6aFi1Hppf3Rx9XxyIT2d8hi0btsLv8lsCm/dyefLh9bEu81rTCfK8UhY9pGgCr7jziUP5zRUlXHke+emG15WN9Owc7NqTicUL/sGIQWPxSKuOaHxRE9SPuwFtI9uiS0wXzEh7Hz9UmoO1qcuwJ3Et0uNWwRO53Vo7mNMx0kWwb01ajx/SZqFzzFO4qfr16Nf3Vfy7dR1y/YG574wLPJI1NuXDZHmDqiMd0XuIUBWtqlz5IdL33/0kvez2GDTwNWzdWr42p9CNQPHog/mls+JBla8DsSyXK8K0JYpevp599tlnrUac83vZgCt3FRV6Hik6sIeqo3SWNyh74JE2wxVP2Emk6GVHsaKO9BZJs5/Mg8fnQYYIyndHTMGNpzZEm4R78XG1KVif+reI3a3IjM1ARtxWbEtZjrWnLMRPx8/Cp9WnY1jyAHSMfhi3hTVCvdRr0axmM/Tu2A+fTp+NNet2IEvEk1c6ILRHr9cnHXR+QBiwVb/cV7fXPO3vAmuqjt+assS3NyTXFPaJbmAYW7Zsw68/LsTEYVPR8eancftxd+DWmFvRMfIB9I55AR8kT8CfyXPxb9Kf2FztXxG/G+CL2ILcmI3YnrASi1J/xuD4/rij6h14ruOL+GPJIuxxZyPDJ8KXHSYKcTOvbFjeoNJE+2DnkB+xde/e3RK9apWg0oAyInp/tkZ6Bw0cim3lTPSq+Ot0cPShyteBWNafBeOv2xJHdfkhznPPPWe9ruVKDuyVK3cVFXoeKTqwh6qjdJZHsEwwbRS9tBPOg+eymZwT74jeQooAzc+TPPK6sX3DDgzvOgo3H3czHo9vj88rTcG65CXYHfsvdiavxaZKS7Ggymx8Um0ShiT0w3PhT6FtWGvcGncz2lx0L7q2745pYz/AmmXrkLE3F7lun5X3aloRR9/5t2mndtz35oZTDgqFr/WRmYTFZ8pRx9wsD3ZtysDCuYvxVq8JeLzRw7jl1Ca4IfpGPBj9IHrH9sb0k6bjuypzsFbinpEo8Ypfh13Ja7A09RcMi3wVLZPvwdP3PIVfpFOUKXmQ5fdYwrqii162M5wGRNHbrVs3R/QeDMwYZp4qwI7odXA0oCqeA7GsPwvGn+lQtsSKhxXQiy++aIlevrZ1RK99WXBgD1VH6SyPYBlg2ii0OLrbqVMnaytiCmBH9CoWIM9PEenDhn82oHeHvrgz9XZ0SX0GX58wDauP/x3rqyzCoipfY2719zG6Sn88kdQe98TdgcbJDXDHWU3x1N1P44M3Z+Dv5cuxbfd2a/k8tyewHCXFqS56yaJxKEqpzeTZBQtfnif4TBmuO9dtLYfq8bmwZcd6fDPvU/Tt2Rt3XX8HGp3SEPXDbsR9iW3wanIffHL8h/ij0g9YlboYm6pzo4wf8UbiYLRPbI2n6z6K776ZK8LfA3eeH/7C5dvMONmxvEGliaKXGx/17dvXEb2hgBnDzKsootfBsYEqNwdiWQfToNsSK/tVq1ahc+fO1vQGbsbhiF77suCgYoP2wHJA0bto0SJL9N57773WVAdH9CqKvvMDfm8B1v65Bi/e8yJuS7oFXU96HjPOnoh5Z36EL6pNwRvxffFS7JO4LaoJrk68Gg3PboAOTR/AO8PfxF+L/sL2PbuQ7cmApyAX/gKujOFHgQTOdt6kaad2lJhaVMKXVIKZYVhztvNEsMvR5clBtj8dO1xbsGnTP/jyg2kY8ER3tLm0OW5Mvg63RDXGw3GPok9cP0yuPBGzT/kMs876AqNOGYx2qc3wcI1W+Oy96fDmuODh+u7MFE77sPLnwCxvUGmiwOUbxX79+jmiNxQwY5h5juh14ODwYNoSRS8XCn/55Zetkd6ff/7ZEb0OHNiA9kC7oOjl/ETuYNi6dWvr7YgjehULRa+7AMvmL8Uj1z2E6+Pq4dkznsDocwZh1AkD0DmsEx4Pa4+7Y5uj8Wl34uGmHfHWa2/ij3nfYufGjdZyX35+peZ3ocAr+crVGBimkPfQBS//Dg10Fzziq/yqsAqsD96YAKknvXIftw/pBbuQ6UrHqqWrMXfqd+j14KtoJaL21mp34a7I5ugU+wj6pnTF2DPGoM//euD2xAZoetaNmDpqPLyZ2Vb9yo/FmTH786h4ljeoNFHgcrvu/v37O6I3FJgNNTenmDeX6yQ+jr59B1irN6hemwMHDoqHaUu0G24J+corr1i7S3GkNysry3JXWiokBw6OJZQdKJtgY835ic888wxatGjhiF6NXAmoQFSjOzsX8z6dhwaX3oRLYs9Fs+qN0bH6vWgVfRvuiL8FDU69De1ueRLDXh2Pb+f9hPXr1km9kyH1kQdcMtDjccHvdSFf/uZWvlz7N98TqLsORvt6i88imLoA5iot+X7eSwS2x2ttIex35Vn0uiQ+7jxs27EbfyxcgkkT3sVzD7+Au2rdJeK3AZrE3YDmIoLvP/Ve1Euqgyur1kK/3oOxZ3cWsrNFuEt8fD5vkXjasbyBbQzTz44iP5hWopcCWIne0pAPpV70unILRe/DInr7vOqIXgcOQoRpS6x41Egv1xzl9qqO6HXgYD+UHSiboM0sXbrU+vizefPm1tuRirpkWZE0U0TCjx1bt+L9idNQ86yaODnheFycdC6ujb8Mt598M55p/BRG9BqFmZ/Pw8qN27DL7UG2X4SliFy1LrYSoQUiernBBEdeC0Jc69a+3goIXZ1FRa/Xuh9Fdp7bZwnePHc+PLny2yc+JFiXiO8t6dvx64KFmDRuGl5s9QKaX3wHbjqhHq5KuAxnR52FMyudho6PPYu1azZaG2kFRpId0atEb9euXa3fjug9AFTGqIbazc0p5n0vovcx9On9qrUjmyN6HTg4OIraknuf6G3Tpg3mzp3riF4HDjQoO1A2wcaajTY//qTo/f777x3Ru48iIgt8WLN6JYYOGoKzTjkTqSkpuPDsC9GycSsM7voa5n4+F+vWrcK2rF3Yke/Crjwv0kVVcpSX236T/NCsQM5DxKK1zq5P8pLCs8j9itK+3uKzCGYR0Sv3K6DQ9vqtNX4peDm67PeIjPfJc5c4ZOZ6sNO7G9s8e7F+t4jfH37HlLGT8HL753HDhfXwv+PORtXKVXFv6wfxx+/c3ZIiXq0eUTSuJssbAmnfL3o5p7dLly7WR208x2ulIR9Kvejlq4Zv5/9gid7evfpj08atjuh14CAEmLbEOWf//vuvNb2BX6LPnj3bEb0OHGhQdqBsgqKXr2fZUWzWrBnmzZvniN595NJ++Vi0eAFe6foyrrr6ctzapDFeev5lfDxjJlYuX4vszL3w57rgFkGb4XMjh6O74o/CUy0nxt/YR8lHvwRbOKf3YLSvt/gsgmmK3gLrXhzt5ciynBfBS+HL+3Jarl/IfSa8eR7kCF1yMjMjG5vXbcRv3/+KUf1fx8P3PoYrrqyNNve1x8wvZ2PP7gyrjvWLqLeLq8nyBlP0cvUGfjTNNyU8R5SGfCj1otcrJe+7b3+05vT27tUPmzY5oteBg1Bg2hJfva1bt8565cSRXiV66YZu7RsQBw4qDpQdKFL0Ll++3BqxouidM2eO9fEnbUZnRbAdM28oermz36JFf2LA4P54udtL+OKTT6wVGTL25kjb7YfHlQPkimcRkJJNIi5FaJJKiBaKUYgYtb5go+jNk7yk+DTuVxyLgueCyXgGttqWulDuVWDdS45+SQOXGPOJO4kGo8Jl2Pxc3UF85rm81tJmPnGX782HJ8eN3MxcbFy5Bd/P+snaJfalF7viiy++xq5dewvjtL8+PRDLG4oTvZwTr4veY50PpV/0SkH78Ydf0OHRjpbo3bJ5u9V4041yfywyzoGD0g7TlthZVCO9uujlNYJ25cBBRQdtRjXOFL1c5o+i9+6778asWbOQkZGxz6aUu4oKpn3btm3W7o4UOrt27bI6BaqN5lHllU6VxwfikYRd+KHQLt48si7liD/rU87zZhnhB47qXhURzBeWB67Tq6Y3vPTSS9aSf7Sj0oIyInp/xWMdnkCvnv2wceMWR/Q6cBACTFtiRa2P9LIBd0SvAwfBoM2QtB821lzxhKL3rrvuwjfffOOIXg2qXmHdodpl/Zyqg0zy/MF4JGEXfknIuKu08u/AdIbA3xW9PDD9TLsjeg8RqmAxA0mK3p9/+g2PP9YJPXv2xfp1m6wCRjfKfUUtZA4cHAimLbEh2rBhg7UfOuf0fvXVV47odeDAAG1GiRc21hzNY0fxzjvvxNdff+2I3kKotpf1BoUOX2Ezv1jPqLxRR51lKb/Uc1ZU8dfTw/Tqaa6oYPqZN47oPUSoAqUKGUXvLz//jo6PP4WePfpg7dr1juh14CAEmLbEinnjxo3o0aOHJXq//PJLR/Q6cGCANkPSfthYr1+/3hK9d9xxB2bOnOmIXg1MO/NBtck86nnDI92YLCsw4800sR5lOpXQVWnVWRGhnrUjeg8BqlDp5OoNf/6xCB06PGGN9G7YsMUqbBW1YDlwcCjQK2u+itu0aZMlerm7FEUv59+xsiIcm3LgYD9oN7QZvh3hIvu33347Pv/8c+zZsydI7NBdRYWqX9RvBf18eYdKa0VKsx1Ux4eiV21DzKX+Fi5caJ0rLXlT6kUvV29YsGAJHn20I3r26GvN6XVErwMHoUPZFRvwLVu2WKK3VatW+OKLLxzR68BBMaDdqLcjnBJE0fvpp59i9+7djuh14MCAsgdOc9FF74IFCxzRWxzsRK/PW4CFC5bi0Uc6SmPdBxvWb3ZErwMHhwBlV7Qbfmnds2dPtGzZ0mrAHdHrwIE9lOjl2xHazG233YaPPvrIGel14MAGtAfaAkUv17bmjmyO6D0IVOOsk1sCLlooovfRjtLb7m19yOaIXgcOQoeyK75+2rFjB3r37m3tLsUG3BG9DhzYg3bDtmbz5s3o06ePJXo/+OADpKenO6LXgQMDqv3g/F2ubf3qq686ovdgsBO9XENaF73r/t3oiF4HDg4Byq7YSO/cudNqwLnQPhtwR/Q6cGAPXfRyof1bb70V77//viN6HTiwgWo/OI1uxYoVjugtKXy+AixZ/Je1DfErXbpboldNmCaYkU6l48BBUdAulNhV5EgvRW/Tpk3x4Ycf7tuRjVBHBw4cBOyBolfZTOPGjTF16lRrAwaeVysV0J1jOw4qOmgLBKc3cLOOIUOGWNt380M2tXFHaUCZEL1Ll/xtzel95ZUe+PffDY7odeAgBNiJXo70ctSKonf69OmO6HXgoBjQHpTopc1Q9L733nuO6HXgwAam6H3ttdesTV2U6C0tOq30i15vPpYu/cfanKJb155Yu9YRvQ4chAI70csvz/lVLb9EnzZtmiN6HTgoBrQHJXppMw0bNsTbb7/tiF4HDmxgit6hQ4daW95znV5u2VxabKTUi15uTvHXshV4ouNT6N6tl7M5hQMHIcJO9PLLc35Vy49ypkyZ4oheBw6KAe1BiV7azE033YQ333zTEb0OHNjAFL3mSG9pQRkQvXkiepej0xNPo3v3/aJXCV1H9DpwYI/iRC8/MKDo5ataR/Q6cGAP2gPFLacE0WZuvPFGjB8/3hK9bIN00eu0QQ4qOkzRyzm9nTt33vchW2lBqRO9ZkPNioXD408++aS1qP66deuscwTdOQ21Awf2sBO9bLAHDBhgzemdNGmStaWqarSVXTlwUFFBO1ACVtmEejtSv359jBs3zhr51W1L9+PAQUWF0mO66OXqDb/99psz0nsg6JUJyUpnyZIllujlVpDcB90RvQ4cHBymLfFvil424JzTy5Feil5eI9TRgYOKCl3A8si2hvPgaTPXXXcdRo8eje3btwfZlu7HgYOKCtoD7YDr9K5Zs8aa3uCI3hCgVyYkK51ly5ahU6dO1qRoR/Q6cBAaTFvi32zA1fSGd999d9+ao4RjSw4qOmgjpPrNtkZNCapbty5GjBjhjPQ6cGADZQtcp/fff/+1PmRzRG8I0CsTkpUOt7Sj6OX8kA0bAqs3EHTnNNQOHNjDtCWSIpevnSh6+VGO2lJVuXfgoCKDNqDsgEe2NXwbQpupV68ehg8fbr0t0W1L9+PAQUWFsgXOg+c01GHDhjmiNxTolQnJDFSi96WXXioyp9epbBw4sIdpS+TevXutHjh3l+L8RI780g3B66UVTEtJ6MDBoYBlRrUrqv3hroVswK+//npL9HJ6A93oPJJlTZXdg/Fo4r++n4OyD9V+qJFe2soLL7yAX375xRK9paUMlXrRywxUope9BmYmKyLHEB04ODBMW+Jvil5WRk2aNMHYsWODRK/qTJZGMI4loQMHhwLVrijboU1wjVFOa+CHbOwwbt26tUg5I48U1L0PxqOJ//p+Dso+VPvBOb1r167dJ3p//vlnR/QeCMrgHdHrwMHhwbQl/ub0Bjbgt9xyC9544w1H9DpwcACwDHGkd9SoUZbo5TQHR/Q6cFAUjugtIcyG2hG9DhyUDKYtkZmZmRg5ciRuvvlm60t0R/Q6cFA8aDMUva+//jpuuOEGDBw4EFu2bDmqZU3Z7cF4NPFf389B2YcjeksIs6F2RK8DByWDaUskRS9HrSh6KX4d0evAwX4omyFpL2pO75gxY6zNKbiKgzPS68BBUTiit4QwG2qK3r///huPPfaYlYFcvUGJXuWGv02aBmtHugsFofgz3RTHkkKlVU/zwSH5UOALYgFYMINpugm4M1jAXfCYdp32+c6jgnm9rNMOdu50qjw5UrRDETf5pFzIk6Nffvjz5Hc+MvfsxZhRr+P2W5pg1LDh2L19J+ALXNt3pFuNZtgkKziWQ1WueU79VrSDWY6V34PR9Bcq7cIqKzTz086NHULJBzNsu/B5zgzHzp0dS+rPhJ0blj2Tdu5M2LlR8eNv5UaPN8k2iFOBuE5vv379sGnTJuuevKany/RnR929uh/PHS2qex2IdGfmpxkOWdSvxF/M/GAsLh8OHn5RlsQPafory2R6TNi5+6/BezJu1GdccICi9/nnn8cPP/xg7fxZWlDqRS97DRzpfeKJJ6wMXL16tVUJqcJ8OFBh6LSDnTuTdrBzZ1IvpIp27kyE4iYAFv4jwUPPaxUvuzQeTR5r6Gk+1DxQ7hVLjELxWuCTBswrHZlC5qRnYvwbY3HX7U0x7vU3sGeHiF4KY96KIpdimX9rNONEqoaLvw8FZjhHmyXFkQwrFJjlQOXtweIQiptQYReWSbt42sH0ZwfTTXHuFHid9zP9kKGAYo4Nsk4dduGSbG+40gmnN/Tt29dq0HleB/8288WOut2oMOzchEJTqPKcGZa6j04zHDt/djQhQSHPH0w70RsKGL4ZJzuYaQnVX3mCmQekHUri5nDIZ8GjI3oPESrzVAFmBnJzio4dO1ojvStXrrT2ceY1lcnKj047KLeKdjDdhEoVX5127kwyriXxZ0e7ys8E3alrxbkhzLDtKrMiboQK/M2wzbT9FzTjFCpN2Lkx84403TAO5nPQ43cgmmHZUb+3ounGGt317Re9eR4fCrx+ZO1Nt0TvHbfehlHDRhSKXnEr/+V5vAHha9Aunqqs6fc3ocdP0S6so0kzX+ziYBf3UPyFQvoLJSw7mG5Unuu0A8M3aReHUGj6M+NUHM142oVt5890w3uqNCk3Zth2pDsz7nbgeRW2EsJmWDw3YcIEa6SXW+HzbSOFMKm7V/4VVXx1Kvf8rdJourGjmRbSzk0osAtHpUFRxU2neb88dohVW1BIq/Ns0LwfacLOjR3NODBedu7KM83nUlwe2LkxYbo5XPIeLOOO6D0EqIelCjVHeil6H3/8cTz66KOYO3euVelwXhU/KFDHzZs3B5HnTHJ9RZ3btm2z/Ou082e6oT8zLPP+pOmPNP3ZcefOnUHkDkC8p047f7ynii//pr8d23eViDt37Da4R5geTCOeKq6kihN/27krjeT8Vp1chN50o9Kn084N087fDIMbQJhu7Kjc6rRzZ96fNN3s2r4Du7ZJHLZuw44tW7Fj81ZL4K5evhLDBg9B45saoFe3HtbfO7cG3G3fvAW7C/3pNMuezn3lLESqcqHTLlyTdv5CoZkvdjSfO2k+h8MhV8zQyWXjTNr5s4tTKP64mYJOzuPmvFSdbIRCYSj+TDckl/nSyTl9HKw4GFnfF0clNO2oi81DoS6gSAo+0w3jPn78eGtziu7du++bYkfSPf2ZjT+pi0iTxfkh9fgohpJmu/uYbki78E0q4aSzqDuJqzHS6/dR9ATTLo0HD9u+c2OGE6o/O3cVjcxnE3buSkr1XFnGHNF7CGCm6YWZGcg5vW3atMEVV1yBDh06oEuXLujWrZu1LTHJishk7969i5C9dJ09e/ZEr169gsjXVyY5j0snP2YYNGhQEAcMGFCEofjj/tQmuRakSS6Vo3Pw4MFFwuKXxTzPMLiYOgvd0KEjgzjM4ii5vp+mG3LE8NcNviEcG8wRI4qQH3yQfB3IhoJrwXKVgP+SdvEKhWY4/NDLdMN8NWm6UeQHY/zqm/lhhm1H5VZnKHHgczbdDH9tqCVuhw6S8jBQypmQf/fq1h33NL0TZ59+JprdeRf69+oj56XMDRqCEUOGYvSwERg5dFgQ7cojqd+bv+2uh0LTnx3t/IVCM19UXHXyOZnPwnwOJJ+PSc71PBjNcGgb3A1PkaOIb7/9dhHq18m33nqriJtJkyYV4ZQpU4pw6tSpQfzggw/w4YcfBnHGjBlB/Oijj/Dll18GcebMmfjqq6+COGfOnCKcN29eEOfPn7+P3377rUU2hiZ//PHHIPLc999/j59++sla5J67O/35559FuGjRoiAuWbLEajd0Ll++vAj5wQ0/jmYjzS3ueeQ5nfTbv39/q/156qmnrDhs3LjRmturBjg42MC/ddoNmLAjxs6f6nCxo2vS7OyQZseJNDsaZmeEZIfHpNkhoV/9Ov2ZnSvSDDs7WzozOR6NXmRnuZCVabCIv+B4W+FIxyI31xVEu44P3etxt+tM0Z1dJ4HUxX9ZpS40dZ10MHf/tehlXUvRS/vlc7e7/7FAmfiQ7a+//rJWbrjssstw/vnn44ILLsDFF1+MSy+9FDVr1sTll1+OK6+88qDU3fE3/daoUSOIvIdJVnakGZZOM5ziwjJJvyp8xdq1aweR92N4l1xyCS666CIr/STz4txzz7V43nnn7TvyGt1ddNHFwkuDeWENXHhBgPz7YvLimkV4ycW1rGt0c4n8fWmNy1Cr5hUS56twWa0rJe+uEHcXW3FSz4Hpufbaa4PizfTxvMpr9dxq1aplneeR1xRVWOq66Ya/der5XRwZR973YLzwwguLkPnIawxD5b9JPQzznIqDSpuKj6K6rvLEJN3o4ZPFxVHd2zp/3vm48NzzgljjwotQ86JLcMYpp+Kk6sfj/878Hy4693xcfL7Yk5C/LYpfnSxnJs04hEqWTR5VnFX6VLzVdZPKre6ex4NR5a8i/at8OhBNf8qvTlVWD0aWYd3OaRc8qrqD12kvV111lXWNx6uvvnpfmVB+eV7ZliLtzWSdOnWsV/HcQYxry/K3CpPX69ata53jkW5J/uZIJv2QvM7z11xzjeWHfzMszms12ahRIzRu3Ngi13/myiA33XRTETZo0MBiw4YNg/zopF/1m2FxExVF7iLI7bN53iTP33777bjjjjtw1113WbzzzjuD2KpVqyK87777rAGVtm3b4v7777eODzzwAB588MF9v/mGkflTvXp1qxw89NBDePLJJ4PI1YX43Ql/P/3003jmmWfw7LPPFmGXF18SdkbXl15Gt85d0K1LYNBGDbhQXNuRAxr6oAY7gvoACTufqgPKjjI7cmRxnTAORqiBCXas3nnnHbz77rt47733MHnyZEyfPr1IR4h/syP08ccfB/jRJ/jk4y/w2acz8cXnX2Pml7Pw1Ux7fv3VHMz6Zi5mz56PuXO/w/ff/YQfvv9ZOjW/4McffsUvP/+BX38J5h9//GHbwVmwYAEWLlxodW4WL16MpUuXWqROIDkFcs2aNUEdl1WrVlnnKMY4Uk+yk6NTndc7LGbnYw87ILsMSofA7JDwDQuFnt6x0IU/qToYSvzTnZ0b5U6JfBWmTrfbbZGi3+pA5Agzsyy6MrMt7vs7S/4upF1YDINhqc4Df/N8oGMSoHKr/63uz+OKFSuscsky//XXX1vXdV2nBPKxQKkXvXw1wR7xd999Z4100KhpuGq0hOf00RBFGrPJiRMnWsZNqpEU043daA7J0R9WImrkzRwt4jmTqkLSqUZzD0QzbDIwahvwr0Z6WQly9FiRf3PEl9foxgpvyPAgDho0FAMGDMGAVwfj1f6D0L/fIHHLMIPZv/+rUgn3s9ivX38Jn5Xuaxgs/hnGQAlDH8HmyDbvzwpajXSr+OhHuqUfulPx5t99+vTZd175JfmbblTlb1KFodN0o+JzMNqFpa6pNNhRfx56OLo/Xif5W7njUb+uRvF1Krc69fgpqmeh3k68Ks9tQJ9g9u3ZCwPk/JABA63R3RGvDZXfg6zRYGtEWH4P7j8Ag+TZ67S7n4r7oVLlmZ4nKl8Ui/On8oi/7fKBz1rlg6JZFkiVR4rFuTPJMqozlLdJ5hsl5Y6/eZ6kG765Um+punbtuu9tliL/fvnll4uQ3zmY5OiK4nPPPbeP/JvXOYBA8m+KM4o0Uhdn/JtCjoLvkUcesY5cQYfTzPh9hU5ef/jhhy22b9/eEoUm27VrZwlICkslLu+9994ibNmyJVq3bm2xRYsWuPvuu/eJVgrapk2bWgLXJAUxqQQyhTAFtE6KbZMU41yKjOKdop7CnwKfR9U54Hl2ANjJYMdBnVOdA7pjx0B1EJQ/hmGyQf0bCnkjGt4QIDsCFPkHirvqEPCacmf+zXxg/lD8k+pvk7of1ZHgeeYv85kdhubNm1v5z+M999xjnVMdCj6TAJuhRfPWaN6sNZo1a4V77m6JZve0KsKWLe4TyrMVtig8tm7VRthWnrOUA+F99z2ANgZV2WEHRJHli1TljW9+WS4VWT55ZLlkJ4RHnlPllmVa76ToVNdZ9pW9dO7cOYhdOr+MribFXk3SvllHqDpGryMUVd1zoPqH9RrrOr0eZB2o6wVS6RLV+RkumuGNkaMwdvTrGP/6GEwYMxZvjh2Pt8YJeRS+OTbQ6TFJnaRInWR2iPjmiG+U1N/Tpk2zyI4SO0effPKJpdFo83xGs2fPtkS7Ps3EEb0aTNHLoXLVm1A9CbMXxWs8r5NuTeruVJgm7fyxx8OjcqP3cBRVz0yn6Yb+VK9O0c6fHVWPj2T62Zvk/D2+DlOvyfg3X0MF9Tr3ZgVxL7knU3qtGdi9i/Nyi77GIhnWvt7tnt1yTu65NxuZGTnISM+xwlJzCOle3Y9/86jmb6ow+FvNzVTx5XkVf/XKT4Wn0qjiQir3OtU1nSoNijyn4nGo1MNUaTTJa3TL+OuvLxk/FcaB4qJfN2m6LY4qniqs9N17kLErmHt37LJGJnIyxHYyMgt/Z+4bCeDvzN3iVx/FENrdz4xnqFRxtAtTj78dmdcsF/pvncq/TjMMngulDJluSD5TnSzPdq+vTapRI1X+lT+eV6/H+Yqdo03q1Th/85wasVKjUDynU/nXyVfvdMtRLbpRo126P4bL0S++4lev/7lKjnrtz7/VyBlH0ThdQI2omeQ3FzzSDUfezKkGJEftfv31V2uKAtft5HQFDmTYUU1p4LQINpizZs3CN998Y40YcToFf5vk1IsvvvgCn3/+OT799FOr4eWopM59I5Qa2Uhzqsf7779vTftgI84GXTXqPHJghY0+G3selTjgwAsbdzUowqMaSSXVNZ3j3xgToAiRcaPfwNjXhWPHWuFxEMZuIIakG4bH+yhxYzcwos6rARLVkTSpRJQSVDxHgUUBZnbs2CmjkGPHi0d2zKzOWNfueOWVHni5c1fpRHURkdgZzz7zgnSkgvn0U8/jqaeew5OdnhFx+TSe6PgUOsmRtP4Wdnz8KRGmTwZR70RR8FJEmSJYnVedKpKdJzWCz98c0Wcnih0qJeBVR8qOFPeKZofhDr5NuPW2IKoOhEnVEVOdGL7d0KneaCjyHDtgJlUHTb0pMd+gkPp5+mEn7qbr61udq0Y3NsDNDRriloaNLPJ3oxtvCtCIkx31sPlbdRb5m9dV50ulgR0unuPbJT4D2jG1jjPSWwxM0Uso8avm5PCoeg08qgzUaQfl1sx8nQdDcWHrYSrawYzn4ZD3ZJqYJzwWJfOH6d5P64MDiVq+oiQ5L99bhF6vdAA8fGWRDY/8Znh0r77SZRh8DqSab0WyQ8H4KHGuhD07DTyvXpnwN/OI4arz6prddXVuf9qKJ93p5Dn9uRRHvRzoZF4r2F1X/vX76/HVw1bu1DW76wejcqv7UfmnwvW55bcrmAXWOrySFhZza2ky8ev27lvOjKs38MgVH3SqeOo043QopH/GU+WTmVfFUU+zHoaiygOdphs76uHq4ZtUcT0Q7cJX5xkG06HOMX6qY82/2TGmzbADwI4Tf/Oc7k4PlzTrBJNMi7onqeLJc3qa1HWe41HdU3XWSdq27takyidS+dH9qmdCMhyVJp16WulG/1tRDVyY1AcX7KgPNigq92pgQQ0yMO/tztMPj3bhqfsoMuwiccwMdDiz0zOslVQyhXTHdKm8sUuDSh9/qzjoAyBmx079NjuWqmypzpfqiOnnVIdMdcrYidKnAKiO2aZN7GRtl+tbsX7dJvy7diPWrllfhCtXrsWKFWssLl++Gsv/WYV//l6Jv/9aib+WLceypf9Ix0mOBlUHitMZOK3h999/tzpPnFNNshOlfpPsUJH63HB2njh/XB0pwDjnnJ0pk+xcKarOFOew6/xSOlWff/RJEPUpIIoc9WRniuQoKDtUakRUkR0s1bEi9Q6VTv3ttd7R0qmms+gjvqOGFnLYcIwePgJvjBiF14X8zW81hg/hW9/gt4iK6s0ZqUaiOTKtd4TMN1jqGyv+Vp0mjhRzqgPLNesjvS7n38cCpUr0qkpaJytQ9dvMMOVe/T4YSwp1f7swFUMB3amwFFWadJpuSBMqLN2PHp99LBSpQWR0g6IsYshgfgHznYIgQG5GYcK8J/9mQ8VKkxUHR0g4wsIRJ1bYdGOmU/0OBXRvUr+/ogm60+9LmuGQJYV5T4Zl3ovQ46jcqHuT+vUD0QTPFQlLBK3JfLElHvMoZEWk5EunqED8WdctPxKGnDOpp0XRjJN+b0U7f3bneU6Fo9ITCk3YhW2C/lT8FM1wSTMcO9r5NcNWNN0ptwyHgpFChSvTsFHjCB0bHo7usYGm+KDooVu7cEzqcSSLu7+ign5OxTuUcPTryo3uj1RimkfzmkklnNX9dT88p67rVPdW1MMpzk1x7tQ5/bq6t+6vJAzYGSnh0bZs7mtHvVOhwlKdDda5iuqc7tek8q/+Nv2oa7o73c3+84wDO05+ETXSUZIONI9eg3RTlPv9eqWjvf/cfuqdHrYfeueA12gT7AAokU9Bz6PpXvenyL9N0p3qnNhdt+iScOS6TnUvneycqKPqFJluFFXHRnerUz+vOl66H/O6YrZ0isgskh0tdris83JdOkuZ0vFix8mk6lCReqeK+cw85lsvddSpOlD8zTdh6requ2g3er1xrFDqRa8yMJ2mm2OZgYcLuzSGgpL6swdFWTDz81np76ed6OU9Vf6r+FDwspfL10r8+IavN9gjp2HSnV5p6gwFduUjFKi46TTDIY8UQo2n6aak5Zj+zPQdbZqwS7OdP5N0d6RgF74dzHjawS4sk2Y4h0KVX7QHNuCcRsD5trQZfrh31llnWeQrVY4CcWTNDIO0QyhxtYPpxo6hwi4OodDuniWlXfjliSw7Ou3clGUyTRTaStBTrKq/eaRNcMoLR0DZQeT0E7Y1FFvKjwqDR1UujnReMbzyRJV3OpmHB6OdP5LXmE8lbd+ONEqd6DWpV2KKppuyDLv0hQK7vCk56DeYoYheFmYaCQs0f7NS+uyzz6w5PVWqVEFqaqr1wQfn4fEa40wjMOMdatz1Z64YCujOvJ8ZDnkkEUrYppvi3B0M9Gem72jThJmOUONEd0cKduHbwYynHezCCoVm2GRx7nhUjQzn3HJuJeci8kMvzgn83//+h5NPPtma18jXsxxpMsOxg+nGjnYw402WFHb3DIUlhV3cTdrdz2HpphKVSljxObIt4Qgppy/wg0iu0sIOIlc74YdtnN/NUUrlT4lThkf/+t869bKiaLo52ixpHELxZ+fGjsw3naHmlR2Ve5XnpQGlbk6vCbuMLE8oafpK6s8ebGyCGYroVQbBIxtuNsoUvarBPv74460vnNkbVw023R7ZuB8c//X9jgXs0ng0GQrs/NnxSOFIhm0XlklVoeu0g5075V/ZDl8fcrSX8xj5ERlHrfgxSnJysmVPnE/I14RmOHYoaTyPJMw4hMqjCbv7lWWasHNTHsjyqtoZ/k17oS1wri/nlvKtIlegOP3003H22WdbH9mxE6leq9Mfw6BfQtmAfg91zYTpxo7lDSp/dJppViJWp50fBeWvNMARvaUAJU1fSf0VRUDo6gxF9OoFXI30suHmF8hc4uicc86xRC973uyZE2acFY82/uv7/dcw03e0GQrs/Jk8kjiS4duFZVIv/4p2sHOn/CvRq7+65Tw6rkTAL7+rVatmNer8CIfXzXDsYMZT3etg/o4k7OIQCo8U7MIub7SDnbuySgX+VuWW4oo2Q3JeKVcc4cdrHFjhG8YTTjjBanu4ogin1NEP2x4zvCPJ8ga7NKr8PxDt/JVGlHrR66D0wq7gs3fNuVb8EpUL83NtSlZIeq/bgYOKDNqJGh2hkOVbEL6OZSPB31xSjMtOccmfM844wxrN4oL7qrEv7Y2KAwdHEqqsK7thx1DZjXpDwlUZuNwYN7fhCgJckk+1ORS/yt4YhmM3FRuO6HVQYqhGWCcrFn6xyXUvudMUF2nnnF72tlWl5cBBRYad6FUjvewwcjkjrnPJV7XcHIArodCmlI0pEeA03g4qAlRZp73QVih6aQf8zbWmuZQW14dlB5HtDTdT4EoDvE53ur05oteBI3odlBisQOzICofrE3Kkl7sUcT6ietVEOnBQkUEbMEUvO4UUvLQbfszGrZ65CDwbcC4FRPtxRK+DighV1nW7oR1wGhDX8eVOaRxg4TbRnE7H6XVcwYG2RdKv8scwHLup2HBEr4MjClZGXOicH+Jccskl1radnNOrRK9T4Tio6LATvWzAuUMYt37lig0XXXSRtUA85yzyFS7XyqRbR/Q6qGhQZZ12o96IqN+c18sNK7hsGXcJY2eR2xBzIwvalXLviF4HCo7odVBisAIxyYqFI1PcaYZLyHAfekf0OnCwH8pOdNHLXYu49/9JJ52EmJgYa71efpDD3ZC4RSzXH3VEr4OKCFXWVfuh2w7fkHDqD+f1Pv744zj11FOtbXjZgWRHke2OI3od6Cj1olcV+IPRhJ0bO4YCGkpJGArs/Nnxv4ZdXoVCNuCc3sA5vax8uCc3Ra9q3FXFczAyrKMJu3uWBpj5eTRh3utQ7mfn16QdQnFn92xM2vk7FjDTEgpVGlTDTbugqOWHOFzmr2rVqtaSf7Vq1bI+ZqMdcZoDP3bT84C0g+mGtItHKAwFdv5M2sXJjibswiorYFwPlr7DgRm2HcsbVBngCC63Rf7uu++s6XN8s8i25rTTTrOWL+O2wrSX4tqcslSOHBxZlEnR+1/DNJhQGQrs/NmxrIAjUaxsONdq9OjR1raqfEWrGni7tNnxaD9nu3s6KB2wezYmj0U9YEKvkxRDgZ4O2gsbcK7YwD31OT/x6aefxjPPPGORv7t374758+db24zqfkk7mG5CjVdJYeaB3f14zoyXHcsT7NJ8JGGGbcfyBtoLyZUZuCoQ7aNZs2bWh5//93//hxo1auDll1/GkiVLLHfMA0f0OtBR6kWvWVhVgdVpB9NNce5CgV0cQmEosPNnx7ICVSHxtdOWLVusbYn1j9j4HPR0FcfDeV6hwO6eDkKHblfFsaSwezYmDyf8IwXGwS5eByPdqYaYR9oM7WXjxo3YsGED1q1bZy1Rtnz5cuvrdJ7jXvZqBRSddjDd8J6hwIxnqP7M+6l76rRzY0cTZjhkWQHjerD0HQ7MsO1Y3kB7Ue3L3Llzra27+YaEb0PuuOMO9O7d29q9kFMeuMoD3Tui14GOUi96VaHVqXp7inYF2HSj3OkMFabBhMpQYOfPjv81zLwKler5MM4Uu3y9pP4+FDKsowm7e5YGmPl5JONpF5Z5v1Ch21VxLOn97PyZPJS4Hi0wHgerm+yo3Ko80P2rjSrUXEQ27mzkzfQr2sHOnbrXgWgXz1Cgx1/RLiy7eJk0wXNmWGUFzNODpe9wYIZtx/IGpkktWcYVGvgRG0d8P/30U+ttCNfn5UehatoQ3dm9YeSzcVAxUSpFr14Rs4CaFapOFmq6MWG6Ue70Qm9X8O3O6/4OhXocFO3chUIVr/+KocTdzp/KZ7rnb+XXzu3BeDRhl5b/AgdKn35NxUvlH6nOhQI9rAOFaZLX6fZgUDZFslHR/1YsLnyddveyi7N+TvFYg3HQ00La5YMd9TQpf+qo8knlq12+KdrBdKPuo9N0Q6q4KfK+oUAPQz1nChNFpuNAadDjRehxZDzoX5F/K+juTKhrOvV7HozKjx6WuqbyRZ0vjnp4inbuTKjzyg/vp7s3r9tRuTmS0O99KOGX1J8J+jPTyQ5hVlaWRX2QRZVBHlluTH92cdDjdzRoIhQ3xwKhxMl0EypLA0qd6GXGsFCysCpjVwWXVAVZFV7lzqR+XVXiqtLU3alriqqS1t2ZbkKl/rDLI/V8VDSvHegZVSSa5ZXlQ7+un1flnCN+pF4mddI9w2R+m+A5dU9F5U+Fr2zJjnq4Zjikcsew7OJG6uEVR7uwVRnib7phWKYbnlf3VlT+dJr+iqMep0OhmWaVrzpNN6GEU5w7k2YekHbuQqEZbxWWHqfi8o7X1P3pV79u91xIu2s61DnTnQ79/MGox0nRzt2BSD8qv0riX/nVqZ61GZ66l57/ByLdKr8HAsM9EjTvU9x9VZx0mgjFDaHyTJHpVuVOked5ZN2p/j5Y3Anz/kebZpzI0gAzToyrCTMtxdEMqzSg1ItelVE8sgCzkIeSeXYZr59TbtR9FFUFovtRvw+X+v2PFUOFnV+TdlDX1LM7nHTreXcoLGlYdv6OFM280fNHv79yx79Nd+q6HZQbncq/ImGGbZLX6EanHqaifk35Kwn1+5jkdYat2+Oh0i5ck0cbdvEKhfpzKS6PVX2lM5Q02oUVChiW6U89IzMO6roej4PRxIGuKfCaHp9DoR6+ojpvwnRHHiicUMn841GB4TEPlYgj1X10mnlO6mWFYZp+1HmTJQX9Mkzeu7h42jGU+5tuSDO9eh4pmuf5t8oXRYb1X4L3s8sHk6UBZpxKmld2aS4NKPWiV72u4KsLfszBCeo8clksLtpeHHldd8M1+7iqAMk5P/yb5G+d+nnlXr0+OVSaYZN6HIujuq9OlZ4DUcX9QLS7Xyhk3M048WtykyqNepzs8uZgZPhm3I8kzfSRXOj8aJJll+TmHSTLcXHkfDWud0zyt+5e2QBZXFj0Y5Jh8cNCfmBIbt682fpbpzqvyF3C+IGVSXWeH1lx6SAeTTc8Fwrp3478oIurGpD8rZPn1q5dG0TlVqfpz450Z4YVCunXjLNd+sx8scsbOzfM44NRPUud+vMj+VzNssAyosqjolmGFHmNtkwbsbMlZevqurIl+uORf+t1oCJtnLbOeoP1u07OZVbzmdkGqDceagRaFzR21AWOotkAk3Z+daGk3JjhsJ3ib7pV8dPjpYeh084Nw1PXdT8qjup+B6Pu/0D+VPg67dwdjAy/pOGo+B2ITItJM//syDJCt4wPj+pvnbxmd8+jST2firu/Hcy8O9ow4xTqPU1/diwNKPWil2Tl+Msvv+Ctt97C0KFDMXLkSLz++usYO3ZsseRSWdylheS2hOSECROsv3mNbvib53SafnjPiRMnlojcoMHkpEmTgshzkydPPiDphut0loR2YYXCUOL59ttvFyHd8b76OebhoZJ5r57FodIsC3ZuxowZU4QsU0eLXL6NHDVqlFV+Sf42yfMjRoywOHz4cAwbNsw68m/dn3LHa7SJwYMHB5EbGgwcODCI5rUBAwYUIXcB69+/v0Xuad+nTx/ri2iTvXr1stizZ0/06NHDOprk+VDIJbl0du3a1eIrr7yCLl26WORvnTzHpYl0Krc6TTd25DJhJSH9mvdTcdcZSr6YbuzcMb/5THRy8wqTfIY6+axZRnS+9tprRciyZJLljOWWy6nRllh3mqTtqGu0Ldajqg7gkfUH6wuupapz+vTpFrn18ocffmjxs88+s/jFF19Y63t//vnn1t888hzJdVm/+uor6wOmb775BrNmzbLWZdXJL/u//fbbIHJNV5P80t/kDz/8gB9//BE//fSTxZ9//tki26DffvttH7nrF/nnn39iwYIFWLhwYRC5bNbSpUuDyE0UTC5btsw6/v3339byjiRX7uCGJVzFgyt42JEfbelkJ0x1oA7UKTI7uuwEqc7zgcjOi0nV2dE7MSbNgRGSnZmDkZ0JnXrHR9FO9NKdErY8qr912vkz3Rxp6pqGNAUhaQfTzdEWvqHcj+dM2qXXDKs0oNSLXhZYGvKQIUOsLW25PSf32ebv2rVrW0fuXnT55ZcHkedM0t/BaOePi8QfjNx9zKTpRt2jZs2a1nVu08vfpjueM8n1B03Sv04zD0gz7FBpFwczfXq+KdqFFQqLSx+P5n0PRMbTjJNdvphuSLt4mXlgF5ZJu7DsypVJ+jX9qTSR/NuMs6Iex+JI/9zs4LzzzrM2QeCWnbznxRdfbN2fec2w9PuTfA6MB3/zOt3q9y6OdnEw3TBM043+PA9E0x+p4qw/i4OR/syw9XJYHE0/pLq/TjOOdGcX3sGowtfDsaN5fzva5YOdG5WPinb3tYurXi+R9Mcwdf/6PYsLS53XqfzpYalwFBnXK6+8MojXXHMNrr32WmuXyOuuuw716tXbR/7N8+ra9ddfby2D1aBBAzRq1AgNGza01oK99dZb0bhxY+s8N0PgRghcKqt58+Zo1apVEd57771o06YNHnjgATz44IMWH3roIbRv3x4PP/wwHnnkEYsdOnSwdhR74oknrJ35yE6dOlnr0D777LN48skn8dRTT1lrN/Pv5557Di+99JLV+WLHih0idkbZSVWdIXZc1VF1atkBsuvYmJ10dmTYiWEHhoMQ7MC8++67QWRnhp2XadOmWR2XGTNmWDuhkR999JH1N8nfXF1BdWRIdlx0svOid1jmzZtXbIdEp+qcsFPCDV7YGfnz19+w8Pc/sOiPBViyYCGWLVqMpQsXBfEv6YCoTgY7F6tXrw7qULCzoci/1ZsdvhUyOxu6P0WGp5P+9Tc7JM+pt1H8W3+Do8gODN3xPjyqN0o8rzoxfJujd2jU20H9OqnC08M3O0DKv071dki/rjpCPG+65dsd/ua92SFih4W6rrSgTIz0shBxdIcVUtu2bS1DViNWPPJvcwTEHJkizRElO5qjNKQ5wnO4ZGXF9QVZcbFSY2Wm8/nnny9CutdJv6z8dKoF7XWG4o9xMGnen3E2R7Xs0maOopH0ezCa8XzxxRf3hafux2fRrVu3IJojgOazI+2eszmKRrLB0KkaD51mOSuOpj876iOsqkFSo7Em2emzG50jOXJnNmR25KgxR4fZALPzeMMNN1gNIkfp2KixoTNH3Em+tVCN3oHeBJgjeWYjSZpuzLcHpBm2He3ePOjnGPbUqVOL3M+OdukpKc23PaQ+KnooNIUIR1v5jHjk3xyBZbk4GO3KkxrN12mWT9qAaTem/ZGmvdNuTXtmHcK6h3US6ziKOAo8JfIo+B577DFLEB6MFJJk69atLWHZsmVLS3Sa5KYFOu+55x7cfffd1rquFKpNmzbF7bffbpHilYKWpJhVv0m6Z9tz8sknW7vlUWxTKN90000WKZBJJZoVlZCuU6eOJbivLhyoMclr7IyqziRFu97h4Hkl8HWhT9p1DuiG1DsB6hzJ8HTyHrpbkvFh3Bjn4kg3ehzZseA5kr/18Pk3wzOvKar7Kf/qb528p5nHzPf69esHsWH9G9HohpvQ+CbpmDRohCaNGuPWRtJh0Xj7rYHOCnnXXXdZ5UOVGb2MqPMsY6oTY/L+++8vQtWZ0cltxXWyo8Myz/JPO2Anh3ZhUrXtPNKO2DbSzlSbx7ZRb/9ok8pe2a5R+5jtk2rjzLdCxZHtE4+qjdLfRKq3R+q8eqvJuoodIIr+0iR8S73o5WsH9oZYKbPCY2+Rf6ueC4/6nDpFs1dF0t/BaPbQjjRV75Gvr9QrrJJQ+dep904VQ/Ebij92PMwerp0/vberaOfOpHk/dU/mmerlmnlJspesk8+QbnXyvFk+zLSQZlh2/uzKlR2PpD/VO1c99sMhe+AUuRy54qgT17lk75y9dvbiedR77qTq1R9o/qeav6nTdEOabuxoF75Ju/upuPG3mmdqurFjKPcLlXbhm/lJqtGTA1GNrOi0G7kxqUZxFHnOLFemG+VOJ8ueWT/STkwbNO2I58w6QLmlrXN0TX+Vz9/qNb9Jc3oAuXjxYmvHRzWNgFMLTHLKAcu2TjUdgVTTE9R5/q1GCtVvTmfgCCJHEtkJoQCmqGJHgiOSHGUkuT4sRyfnzJkTRE674Agmp2JwNFONcqppGmoqB6/xb46G6qOknO7BEVROAdF/c4t3jq7yNzttk6SzxQ6lOa1MJztfaoqf2bkii5v+pTpX5jQsRTXNSokffeqUEkx6x4qCS02L0kmxRvFGMacGQijudLLzpA/WkOxAmR2njo90QMdHO+CJDo+h02OP48nHOuKx9o8E8aF27awR+Pvuu88aSONAAP+miKXAVeJXid4WLVpY5G+eN0nhrNPuuhLZiqrDRdqdI9kZa9KkifWWgZ0x/rYj3dE9O3KkGZbq4OmdO/pjuCb5ZkMn32woqg6hui//1v2p+PI8B1WYnyzPrAed6Q3FoLjpDTQqFm5WUPzAgWJYTVC3m9tDf0eK+hyi4mjen7Rzp8I7UNihhGXnxo6mPzXXRqc+D0fRLhwV5wPFXZ+DRdKdGZYdzXDM+yh3ZjxNf6TuV/k3aYZD6vEpjmbe2ZFhhXI/001x5H2VH7v7kWY87ci8YBhsNFlxcUSfAojnVD6Zb1lIu3urczrN++nuFU03oYRjxwP5U3/b3S9U6uEeiKH4C8VNKGR6eFTh8HmZbuyo3OrUn8mBaPqzi7/ppjiyjOl1A8MvLn46lR0r6ulXYapzB6KaJ0p/etxVGIp0q5/nkcKWI3gURBS46rUtr5F0r4dB8oM8zl81P8hT4fIcrylAQuwAAPrmSURBVHEurDkfln9znqyaO6t/5KfmxfI33eofB5LqA0P6U0dSdQTNDhg7a8qNoupgkapDpHeeSbqhX72jbNc508lwWOeYnSk1QKF3nMyBEdIcsGHHiJ0g1RGy+MeCfVxM/rn/b8UFf/y5r7ND6p0fdnbY0eH0CbspFua8cHPuOGnnh2VIJ6dwKKpzaoqHIjtOnLuuOk2qg8TO0ieffGKRnSVFNf+d5DV2othhYgeJHSW+/VJvxdhR4vFgZGdKdZbUnH3zGylSP88O0EMPPWSJfZ6j6KW9lQaUCdFLo2Dvmq8IWBBZYdANM5FuWEmpSuxAZNgHI8M1qVecxdHufsW5UWkj7dzp1xXt4mXnzqS654EYatimPzs3dmGVlHp4fDbmvUgzTsUxlDy2ox6fUEl/5v3NcO3c2LljXPVrdvcjzXJsR4ZB22HFx545R0nYwDBcdd0uDjqVG7v8NONk+rVzw/uaMN3Y0c6ffg913fQXKkMB7xGKP9ONXdztoOebSheh7mtePxSaz089Q5N6vIu7p+mGVOXELC/8zet63jEM5c4ubLrVqaDCMP2QKjydCvSn3IUSB7qnaKHo5ZQKihOKTiVcebTzp1OFrfKA51Ta1HkltA8UFt0rqnN2eaT7Md3YXTOph6Wo0qBo+tX/5m/ljn+rMMxrinr5UOHwaFK5U1SdCOad8g9/3j4W+KTdF+Z5pHxrzLe5ryL/ZngqTPX7UKjCPRBNPyoddlRljaRfumWHiR0fXtM7QqqTxaOi3mFih0qtumJ2dkjVaVJUHSkKV9XJUW+x1BsunmN4/E337MDwjSKFL98YMFw+/9KAUid6TbAQsufI+SJ8hcHXTnx4BI1AHU3awXSjDFSn6aY4d6HQBB96KGGbbkKlHUw3oRY8M052/sywSdMfWRI3oTIUqMpWp17JKdqFbzIU2D3nUO7HeB0pmOlV5H356pSvoWhP7FDqcbHLKzvQnclQoKeXLC58B0cOfDbmMzWfAxkKzHCKC8tkSf2FysOByh+GQ1ugqFA2wfP8zcEWil7OC+aUBYoAXqP40AWM7rekVPmjs6Q4kmGZYL6ZcbeD6eZwaKbFrt6x80d3Os1wSDt/R4oM/0jBLq4scyZDcWPHUPyZbpQ75i3tgCKXI8v8YJMjxRTDvFYaUCZEL1+bcKSX0xsOR/TqhV5RL/R2hYkMxZ8dTdBfKGGbbkKlHUw3DD8UmGmx82eGTZr+yJK4CZWhQM9bRbs42LkzGQrozoyn3f3s3BwpmPdSpD1xjhXnd9GeSip6Swo9veSRDt9BUdg9U/M5kKHADKe4sEzSnbIhRTt3JeXhQOWPCku3B56nkOXr7nbt2lmva/m6WYleNvB0TzdK8Or+S0KGa7KkOJJhmbB7hnYw3RwOzbQwDiZU+dJpws6N3f1CYShhHel8N2nmCxmqO5N2cT+YG0Xeg3ZA++A0Okf0lgCsQDh0zjm9/LrRTvTaPZRQEGohMHEk/dnBdBMq7WC6CbXgheLPdHMsWBpR0ucc6rMJBWbYirQZil5+6MAvg/9r0WuGfSTT7MAeds/UjqHAzl8otHvOdu5KysOByh9lAzppGxS2bHfYgCvRy1e49McGXrnT7ciM3+GypDiSYZmwK1d2MN0cSdqVq5LCLvxQaAfTzZGM59FGKHE33SgStAOKXs4jps3wI0pquNKSB6Ve9LJSYS+BX4iykeYkczvRywzVGQroznxoZjikCZ4z/dnRDgcLmzDdhEo7hOLGDmZa7PyaYZOmP+X3UN2EypLiSIZlB7vwQ+GRgl0ek7QZftzAxptzeo/U9IZQYfo7FL8OSgbmsflMzWdAhgIznOLCMmkHO3cl5eGA/pkOZQPqN+2C7Q+nMPBDJy4zxc4iRS/nRRJ0o/tV/s34HQrp32RJcSTDsoMZdzuYbg6HZlp4LhSY4djBdBMq7RCquyOFUO9n5+5IUZUt2gA7hVxthGtRc9lLrkZDN6UBZUD05kkvYSdGjRotovdp/PLzr8jOzpEMFIPOC2RiqHlpPiQ7hgI7f3YsyyhpekLxF4qbow27OITCkuJIhhUK7O7HSokVEr/q1UWv3mDb+bNDqO4clA4cqWdlhnM4YZUWqHToYoq2QEFLcqSXy6BxOSyKXi5BpkZ6ddGr/B5uvij/OkuKIxlWaUAoaTHdFMcjhaMZdnGwu+eRoolQ3BDqPG2BnUJ+O8KOIldzcKY3HAL8PmDb1p144/VxInqfxU8//YbMjFwUSKdC6hfJ6UI6cODggFCNM5e14dqRak6varDZgJeWismBg2MBln/ag06O9nIpLH74yU0LuGyU+hqdNqPcOXBQkaHaDtoEV4ngG0XaDFdx4MoOjugNEXl+YMf2PRg7ZoIlen/84RdH9DpwUAKw0qG45TqPFL1q9QY22I7odeBgv43o5EjvkiVLrOl1XOSfa6A6oteBg2DQVgjaAqegct1gDqxwyTJH9B4CWJfs2rkX48dPxFMier///mdH9DpwUAKwUmLFw5EqLr3kiF4HDopCiV1FroPKXeO4Axg3deH0IEf0OnAQDNoKQVvg2sDsHHLxAW6bzl0vHdEbIvKlLtmzOwNvvvmOJXq/+/ZHR/Q6cFACsFJixcMPcbi9piN6HTgoCtqATjbg3P2L2+Byi1XucOWIXgcOgqHaFyV6+UaR341wK2vO6VWi+Fij7IjeCW9Lr+EZzJ/3PTIyAl/OMoMdVCTwedNwdDoIFUrYUvRyH/kOHTrs24ZYNfCOTTmo6KAN0FZINuAc6V2xYgW6dOmCxo0bW4vucwkmQnUYS0uDXtGQL88qr0Cek0bWYCYdHH0oG1CilyO9nN4wevRoy15Ki42UCdG7W4neJ54uFL0ZgWtORVPBwOqLz1yng1BBe+FHOfz6vGXLlkGiV9mSI3odVHSYopdLlq1cuRKvvPIKGjZsiClTpuwTvXSj3Dv472Eneil7TfIZ6XRw5KFswBG9hwk70cuFjwlmrlOIKxIc0Xs4YKVjil5Ob+A5VSE5tuSgooM2QHsglehdtWqVJXobNGhg7TDliN7SATvRa0f1PBWdeu7IQ9mAI3oPE3aiV59P5RTgigRH9B4OaCu66OUaimvWrLEadVUhObbkoKJDiVhSid7Vq1eja9euuPHGG/Hmm286oreUwE70+kU0mORz1OnUc0ceygaYv47oPQxIeS0ietXyF47orWhwRO/hgLZiil425pyzqCokx5YcVHQoEUuyAddF7w033IBx48Y5oreUwBG9pQfKBpi/jug9DPh9BdaSZRPfmoSnn3oOc+bM3yd6mbkOShlYl5g0kC+VUEGBsIiALQkdHAyqUaa9UPTOnj0brVq1wkMPPWQ15lyHVDUCTmNQccEyYrIiQtkLqWyG04B69+6N6667zhK93FZVoaLmU2mA/qyOBh2EDpVfuujlCkGjRo2yliwrLflZ6kUvde3ePZmY9O4UPPfsi5g39ztH9JYS8BkcjPnS89YrkQA5Qs8VA/j8aAiHQwcHg/UcCvOeb0fmzp2Le++9F+3bt3dEr4N9CLbRACsidHtRonfdunXo06ePJXq52P62bdv22UpFzafSAP1ZHQ06CB0qv5To5ZJlHOkdOXKksw3xoSBfdFFGeg6mTJ6O55/r7IjeUgSzgrBY4AtiXr7PElrBlPN5/HgqIHzlSTK0EtLBwWA24vPmzcN9992Hhx9+2BG9DvYhyI4LWRFh2osSvf369UO9evWsdUe3bt1qXVNuHRwb6M/qaNBB6FD5ZYreESNGWNMbSkvbUiamN2SkZ2PKFIrelzBntjO9obSA+V+E+e4g+vM8lqjS6fcL87ziPiB88w9rxNfBwaA3DOx0zJkzB61bt3ZGeh0EQZURnRURur2wTqPo5dJ+/fv3t0QvX9du2rTJsiXl1sGxgf6sjgYdhA6VX7QZit4vv/zSEr3Dhw8Pmg50rFHqRa/Pmy8iNwNTp7yPZ55+HrNmzbVWbyCcQnlsoYRrXh53JQowv8AdYL5L/s6VBsMFt0uEr8cnHRi/PE+O/FL0ylH87xe9FFsm+Xx12rlxcDCohkE14BS9nNP74IMPWuuP6qLXQcWFaugVK2qZ0IWUspmNGzdiwIAB1vQGjlw5ove/gF7PKwZDf1YHYoEN9et8zvrfig5Ch8ovJXq53T1F79ChQx3ReyhgBnIS9Pvvv29l4KxZs5zNKY4xVEVTgFyhS8glrwIC2Of3SCMhItfnxpYtm7F44WIsX7ocWXuyUSAdmDw3xTHdecWNxxLAEpoVpsn9YlfRweGAz4wN9fz58605vQ888ACWLFliiV4ikOcOCLMshsqyDLv0sMzorAjQ061E75YtWzBkyBDUrVvXasQpeulOiSUHRx7q2w+detnUn1Nx3OcuL/A3n6XPetvI8ALXeXRE7+GDeUkwb10ul7VK0OOPP27ZjSN6DwFK9H7wwQfWl4DcQlVtTuEUyv8eQZUEcuDPzxHxmiOVicsSsF6/C7nuHGzavAOTJ3+Ep598BX16DsYvP/2JPbt3w+3OskSxIv0EKrTgyqaggM/WpIPDgXpu3377rSN6DwKzPIbK/x58ZiZLBrv0mKwIUHUcSXthI84P11577TVL9LIRd0Tv0YcpeO3biWARTCpBy2fD5RgpwFxul7RT/MZEOv58poXPVYWhh6nTQehgPhJK9FKrPfbYYxg4cKBlP6UFZUL0cg7vhx9+aPUaOE/EmdN7bKAqB9UQ+PIyhdlSkbjkfEC8Zkkl89eK9Rj9xodo3KgDTjmxLs4/5wY8/2xf/PTTH8jI3CN+PRIGP3QLLFvGj9nMyoYMCF2dDg4HKl+/++4760O2du3aOaK3GOjl8FD438Nvw5LBLj0mKwJ0EaTqOn6IM2zYMNSpU8ea5uCI3qOPooI3IFJ12tVZ+nOh6OWg2bIVy/H3qhXYnZkhbVQuPD6vNeqr3KmjSQehQz0LJXq/+eYba9dPzoV3RO8hgIWRc3hnzJhhiV6u/abWfOM1B/8NVEPAPGehJr2+DBG8OSJePfB4c5GVlYGf//gHPXtPkMbhEZxwXFMkxNRHSsK1uLzW3ejTd7QI4lXweAKjwtbKDcLAvODgD+K4lm9A6Op0cDhQFfn333+PNm3aOKL3ADDLY6j87+Gz4cGhyoJOu/SYbioCVF1Hqnzgkkv8IOfaa6+1VnFwRO/Rh53oVc/jQORzodjl7w0bNuDjjz9Gl1490HfwQPyxdDH25mTBmxdow+jGasukDlTPXKeD0KHaD1P0cqk/R/QeAljwOLJL0cvpDZ988on1N8+rysnBkYcyekXmNQszdydiBcFC7c3Jh99bIILXhx27MzH/u4V48ukhuPDCtkhMaIb4mAcRF9Ne2AKVKt+Kq+vcj9FjPsDqtVuQ686GL4/TVFzw5Qp9UqmJePZbH8BJw+3oryMO9Sx//PFHtG3b1hK9ixYtsp4pwQagYsIvxU0aPc5NL/wQ0+djY0jRwzwrAGfbsE6X7LPOWef5hkL8+vO9FvMKAuXWmplTCLqh3agGQUHVXcq2AgU+mLxXMOUc76kTuUVIMEx1T/5f7iL0Wf8PhC4NvsSZc+v9/jz4vPtFg4pTII78ez8DoZV/BNIemANPss3hUmUUvWzEuYSZen6kgyOPfcte5vHDZ06FI/eLVSvvvWQePO4sePJcyPG6ke3zYG+WC/+u2Yr3Jk5F67taosb/XYo6l16PkUPG4++Va+HKl3Dln0fcUiC7XRTJ7MQEU3/GpLIpB0Wh8oYj6NQH/P6KopedREf0HgJY0FjhsLdG0cujEr1ExW2ojy50QydVg0iy0mHBzveLVPB6RPDuxqx5v+HxJ/vi/HPbIzGmLRIiX0HVpPHCt5AUMwjx0U+iauVWuPXWrpg0eSY2bN4Et2+XCIQMWkmh6HVbc4S5tq+DIw8+R1ZMFL3333//PtHLSp/gc62YKBS90ulSS+2xI6A6eCzrzBtlB7pN+K1VS/bbhFc6gKRyv8+d/K3cqDB4VL8pS00q//tJt4ERr320Eb28jwo7IN4KAuJWbMsvwoDx8/lzrbn4Xh87mQw30Gjxt4on19M278e59nSnszyC6WKeq7zgdyTclIKilzuzcYc2/dk4OPJQoper/FD0Br4DCdiWKt+eHC8KKHo9Wcj1ZMMtndEte3bg518XYmj/Mbj7xntw4Ynn4NT4k3BqzGm4re5deOONt7Bu00bkuHKQk8vvUYq+aVTUnzFZXsv7kYDKG+YnRS93/uTbeUf0HiJY0Di9gSO8zECO+Dqi9+hDN3RFFmoW6JycHKtQ+/JysHHLenz02Td4oH0vnHL6bYiLvB8xYS+jSvw0HJ/0HarG/YDU6JlIjByDmIiOOPGENrjrnhcwfcYs7Ny7TRriTORm8+M2aVQd0XtUoZ7hzz//bIleLlnmiF5C8kWEb2AzFa9Fn4+jvW4RhXLkiiRCS/gVUPyx4RU3HnHvFb/MNqmGWGy9vmxpoAP+KJqZp0o4kcx/ks9CXeNvxsGkKTjtGBDpIlw1qnBZN1r3pQj3upGflyHn9sLvy5L4ZUiaeBThK9coZpUfkr/pNzD1aD8Dwju4XiiP0J8R84Gid+zYsZbo7dmzpyN6/wOovFXlmc9B74Ra5dsjR38e3J4c5Oa4RFxlYP7879DjhX5ofMmtuCy5Bq5NrYEbjq+Dy+Jr4qKki9Dqtnvx6QefY+v6bdZIsdfDlYTU8ptmed//jEmWCwf2UHnD58M2hTt/durUyRG9hwpmJJco+/TTTy3RO336dEf0/gewM3ZWNKrSYYO+bdcOfPDx12hxb1ccf/y9SIh7CHHhPZAS9RaqxMxDWvQCpEQuRloUOUuuDUJM9AOoWrUpmrfshq9m/YRst4QnosERvUcffIYkRS9HeR3Rux/MF5ZzJfo46qtGfjk66s8LjIzyb57nSKk7JxM5e/cgfcc27Nq6GTu3bMK2HauRkbkNmVm7kZ2dLQ1yIGyrgRa7UQ22asTV37rYVVRx2E+10sl+UmCbVGJb3dOd65J47sbuHauwbctibN+yDFu3r8TuvRuRnrFN4rtL/AX8qDJCfx6PhGdNf9jPwHrcwaNh5RGqPKjnlJmZifHjx1uit1u3bo7o/Q/AbCU5zYhkG2G+ffHnF8At5TI3Nxu7d2Zi1ue/4KUHX0b90xuiTlRd3BbeAA8l34VOpz2MNpVa4rqwa3FZ4qXo2OwJfP/Fj5xdZ60h7/EH3vCY1J8xyXLhwB7KDgJ1h8daGvOpp56yRC93MCwtKBMjvRS9n332mbX8BdfrdUTv0YcyckXmM8WR1YjKcdWqVRgzYToaN+mAKlWaIjLsESTHDkLVqLmoFr0YlcI3oFLEblSOzJDfmUgL24iU8NmICxuCmKiWOOnkZrjv/lfw5Vc/gyvQOaL36EMJml9++cUSvQ899JAjegvBtozTANR8XX9+rgjBHHj92fD4suD2ZIo43IntOzZg5aql+PW37zB31if4ZPrbmPDGYLz2ajcM6NMZ/Qe9iAkTh2HGR1Ol0v8Wy5Ytt9Z43b17t/WGRB/91RtvuXsR0h6CWVT0ctqCSYpt3m/t2rX4448/JJ6z8cHktzFqaDf07fUY+vR4FAMHvYzxbw7FBzPexey5X2DJ0j+tear8YIsLywfixWkQwWFXRNHL50TRO2HCBEv0du3a1RG9/wE4hZykeUhRtDaqov3owjfX50WWJxcbN2/Cx+9/iXvvfBzXn3ijCN76uDfhPjwd+wheO+5lvHpiN3Su9Cw6VG6POmHXoO4J16Frhx5Y+vNfyMrIhpvTfIw3JqT+jElH9BYPVRfQZviMuDTm008/7YjekoCiV+3jPG3aNKtiVhlcXivdY43A607OqWL+FsDvzUIBG2yXH3/9tRQD+7+Na+s9hbQqzRAV9ShiowciOeE9JMYtRmLUdiSG+ZAY7hHmIll+p4Zlo1LUP6iS8AUqRY9FXGQ7nHLKXXj04aH4/fe1yM4psD4qyM/PQr5PVLD0sh0cWSjRy5HeRx991Jri8Oeff+4TveWx8TYbLVKJNcVAw1o40itC0uWWRlDKfq7HhfS9e7Dh3zX489efMHXSBPTs/iwee7QFHnzgVrS9rw7uanoBbrz+ZFx3bXXUuboaal99Aho2PB+333oVmt3dAA/e3wxdXngKb785Ft99NxfrNqxFZsZusaNsuS/XDhVxrT5Kk3urFU3424TEHq68XOShcK6tNPrZngzkerPFfjKxa/s2rPr7H8z7/msMG9kbzz/fHvc2vwN339YITRrWQL06J+Kaqyrj2trHoV79E3HDTafi9qbn4762V+PB9tej4zN3YeDQ5/HFN+9h4dIfsG2n2KVrq+RJJvL9HskkwOUSMSwZllcg+SR1gk86B2Z+Kqr8LmtCQQlevaxQ9L7zzjuoXbs2XnzxRWsnQ+WO1x0cGlT+KtqWEclWqxng4jIiev25ktcetwhdFzxy0evzS9nPw4pVGzDljel4uMHDqFPpatSJrIP74u9F97iXMSLyVYyPfA3jooZgRHwfdEt9Fi3imuHqhDq46bzGGN51JP5ZsAJZ6VlgEffke+FGtoSeK/dnxzKEeDqwoPKHHRKSqwQ988wz6Nu3ryN6DwXMRM6n4lJljug9fDA/TZqGTaoRKB7pxufNhSvbgyWL/kW37q+hZo17ERN3J8LC2orgfRXJMR+jcvwvSIz5F4kRGSJ684V5lvBNCvMgJcyNtIgtqBy9UI6fIim6G6Ijb8NZZ9yFV7oOx8Ily62G1Jcn4poNuwhgM54ODg8qHznSS9HLFRx00VsebcmubDOdOrlyAYUvyzqX08vL8yArdxOW/fU9vvziHQx69Vk82OZmNLyuBmpckIKLzg/DNVdHoFHDMDS9LQKtW6Xg4YeOt9i8ZSpuvCkSl1wUhtNOCkO1tDCcc0oirq51NprdeTMGv9oXc2Z+g7V/r4E7ywOvW8S1SxpxL+9LWwsIXk4l0Ms+yS6JzxqNFlvgHxTqEu+d23dhycKFmP7eO+jR+Tk0u6chLr64Ok4+IQwnVw3D2adEoJbEp0mjeLS5r7IVz7YPVMfdzVLQ+OYY1K0bhlq1JJ7nheHiGom45ZZL8czTbTHm9UGYO+tLrFu9Cll7s6x7+nxSN8hNJRfln8Q/L2dfPppU+c24lyVYea2VFf5N0fv222/jqquuQufOnR3Re5hQ+XsgFog9UuQW+ET18g2D1w2PtA8uEaSZ/hzs2rMbS/76B8Neex23X3Mnrkq5HFdHXIY2Sc3xctozGJ00EJNiRuH96DfwXuQYvB0/HCPS+uK5lKdxR+IdqBVVCw3PbogRPUbh33/Ww5PJ9s4LV4F0SEX6cni5SJzKWFn+L6HyR4lergf/5JNPWnPg1RJ/pQFlQvTyQzZOb+DqDVOnTnVE72FAVdQ6KW5NMlv9vgJ43PK3HPdKT3je3GXo8OhwnH9+a8RFt0ZURBckxY1CSuyXSI5YipSIrUiM3CtC1x0kehPk74DwzUZa+E6khv0j195DTNjzSIxtjZq17sWAIROxdsN2ZLukcWUv3sNR3+B4Ojg8MA/5/H/77TdL9HKtXr7+5keJBJ97eYNZhkjWGTr52pRizir7IjzXrF2Bzz/+AM888QDuuPlyXHfl8bjm0kTc2SgFT3Y4CUOHnI33Jp+HTz49HzNnXoT586/A77/Xk7ysj9nzLsP7H1yIiW9diqGDLkHn587AI21OxF03V8LVNeNR94qTcPctddDlmafw6fsfY8Wy5chM3yWiNzB/lke3OxeBD+eC4804unLFNsQmfblu7N68GQt+WYiJY8bghSfb4fYGF+Oqi1NQ56pE3HVbJXR89GT07HIehvSrgYnjauKLz67Ajz9ejd9+vwbf/3QtvplzJT79rJbUqZdg/Phz0Kfvxegg6WvSOAk31k1Dw+tPQdvmN2Jg7274Yd58bNu6GW6+XqYw8OTC7cuuMKI3KysLEydOtEZ6HdF7+FD5q0jbY6dTp9+TgTxfJvJ9HAjJFk85cOdnIMObiU07dmDmp9+gy5NdcVONBqgRdREaRFyH+0XwdhdROzK1LybHv44ZkePxifDDyImYFjUWb8UPw4D4nugY/yjuiLkVNyTWR+urWmPKiGnYvUbsMMuNHFeGdOw8cr+i8SxrZfm/hMofXfTyQzbOgV+/fr11vTSgTMzp5Rxe9SHblClTHNF7GGB+Ms90mpWNVeH4rM61ddy6ZRdmfvULHnt8LE46sR3i4h5EbHh/xIZNR2rMHCRFLEZK1DbEh6WLyHVZUxoSw3MsJkTkIi7CLUcXkuRvCt9qIoRTw/5A5ZjpIpL7ID6mBa6+thPGTpiDzdsz4RfDcXu5a1twPJ0K5/Cg8vD333+3RC93ZeNvzuEk+NzLG1jeTZrlimLS68mzplGtW/8vxo17HS1ua4QrLqqGBnWTcH+rFPR65TTMmHwuFv95NbZuvQa70i9CetZF0hm8CHuEmdk1kJ55MTJyLsPuvVdgz97rsXXzjfhn2dX45fsr8OHkC9G328loeUc06lwRhuuuqowWTeujT7cXMfOLKVi7drXcf680Fm6Lga/Hg+Ppl3h6cj3WB3N/L/wFH04SsftEezSudyGuuiQG19cOwxPtT8Ko4Rfi048vw08/1MC6f6/Dru03In1vHWRl15JOpcQ15wLszT4Xe7IukN9XSNzFze46WL+pEX797VpMfPMcdH2xGu5rFiHxDMNVNSrjofvvxEcfv41NWzZatukv8EtY6XD7s4rEU1Hld1mzW8ZXLyu0C4reSZMm4ZprrsELL7zgiN7DhMpfRXvRK2LX70KeN6fwdy6yxUY2btiC2Z99jyebP4v6p9bH1fFX4Y64W/FUwqPoFf8iXovvjjfjh+L9yAmYEfYmPop4C9Mix2Jy2Ei8G/UaRse+ir4JXcR9B9wedjPqJF6Ljrd1wrdT5yB7a7p0LLOljLus1VjMeDptUPFQ+aNEL6c3cKRXid7SknelXvSyQqHo5UivI3oPHwVc4N76WIcNkxiykF+vcu1OjzRmqsD6vSKChLt35WDGBzPRstWzOOW0+xAW1gbRkV2RGCGCN/IPVI1fgUqxm1A1IRvRYXtE6LrlWlZgxFeYEJEjotdjHZPCs5Acni2CN1+4HlVjfkNyxCQkRL2ApMQWuL7+85g0ZTY2bdtlvTxVceQxn8+ZRkO7ceqdEoH5yIpHid57773XGvWtGKKXIkzKkzCw774qX3nwuD3IzMjC77/9jpHDh+KmG68VwZuEu5pUwugRl2Du3Mux9t/62L39KuSKqM1xnYFsTxpyPJWR664Gr/8E+PNPkoayOjz+U+V4Ory+c8WOLoLbdQnS91yM7Ztq498VjfHlR1eiT/eT0LplCmpeGIPLLjkRrZpfj0GD+mPevNlSt+2w7JBziwPxKzyKKHDl5mDdmpX4dMZ76NO1I5o2vBQ1z01G3csT8Oj9J2Nw///D93ObYvXKhiLSGouYvQQ57jORk3uShHmSxPE4ePMqw+Wtglx/InJ9qRLfE6z4Zmadij3Z/4e9WZdj8+Z6+Gfpjfj6s8vwaq+zcGvDSrjg3ATcesdVmPjOeKxctRIenxu5IkT8BRTogSXOVH4qllWhwPiquDMdrA8pevmWkR+yPfvss1ixYkWQGwehQ8/ffXko9mi9adGY5/FYIy8+vvmQOiov14Vtqzfhgzc/QrtbHsPVVa7HNVHX4Nboxni2ckcMTumN8SJ2X48dgHdiRmN6+FuYHjYRH0RMxLthIzAp7DW8Fz0MExOHYnTqQPRJ7oJHEtvhhlgRzsfJc23WCYvn/4GMPXvhclNsB5cDsqyV5f8SzCdCaYgffvjB+pCte/fu1s54pQWlXvSy8HNO71dffWX1GtT0BpXBvO6geKgPYxQDcwGF1Dek/Pa4KHjykeviqI3fGvVyZWfjX6lg3nt3Jm5v+jiqnXgTohPuQUxkTxGvn6Fq1DIRvTuEu5EakYlUa/Q2T465Bt1y3h/EpDAXUsJzUClqE1KjZyEherTwcZxw4h1oeW93zPj4W2zdtRW50vh7vH4RDl7ky1HUikZJiFP/HBJoM6y0OaWBU4U4veHXX3+1VhUgyqMtWR98cY4sF7iXnpyXUwjk7xxp1Lg+p8/lwbZtqzDnm5no+uzLaFD7AtS5NBqdHj4OH39QB6tXX49de2rB5akhHcHzpSN4pgja40X0VRKbSZVzaUHM86cgT67liQDO85yCPPfpyJejTwRlfnZtZG65Gn8vuQyffVEDXbuchuZ3Vkfd2sm4pvZpeKR9M6nf3sHa9WtEkHK5M4909qTnKXa7Z9deLFvyN0aPHIa7bquHa2pWRv2rROy2PQkjB1+K7+ZcJ4L4BmTuvQWurBpiv+eKSD5FGu8q8HgqSRyOQ74I9Dyh31W1SLxJl/s4SdMZIjIuRPbeS7B762VY8lt9DB9UE7ffnoCLasTghutrYmC/7vjz19+RmZkNn+Qly5QSBbpA4G9V5gLGyspHZ+mELsqYDoJvAbhyUN26da2Pc/7++++g9Dpi6ODYn69yZFOkUYlevdzkuTgC7JX6aTf8GZnYtHA5pr0xGY/e/Cjqpd6AGyIaol1sK7yS0gkjq/S1pi68GzYKUyPeKsLp4ePwvnBq5DhMEU6MfQMj4geiR+LzaJvYHNfEXI0bT6+D/k/1w5Lfl0pH2C3x4pSj4M5cvqRBapTCBAk5cFQYX50VEcoGOHhC0fvzT7/guWdfRM8efazRee5Uybyhu2NpL2VipJcfEXz99dfW/JDJkydjx44d1nmiPI5OHUkEbVlqiV4peSIYuYuNtFiSwWywfPD5c+D2Zog48CF9bw5WrNiMN17/BE1ueRHVqt2B6JiWiInpiuSYaagSswjVY7aKoM0RukTIcnUGBEiRqzOMYjhY9HKub0p4HtKiMlAp5i+kxc5BcvRwxEY/iOOqNce9bXriky9nYtP2zSJ6ucNUYH6VFW+fNLJCS/hWzLqlxFAVTkUWvVx2i6slWCuTSN2xZ/t2fPnxR3i83YO49OwTUe+ySHR77hTM/vpCbN9WX8TxxcjMrQJvfiXxU038VxFWlnqnMvw+Ebkm8+KlAU+U36nCKiJ+q4lmPQ6eHBHBuecgP/dSeLKvROae+ljzT2N89fF16PJsNRG9UbjkoljccVtdjHtjJP5athi5mVzlwYOMnZn4/ccFeLXnANxc/zpcdE40mt2WgpEDr8R3s2/AquUNkZ5eV0TrBdLY/E+E+cnCEySOImL9Va14FHiPE1YT8St/uyl6KdiD6ZXrPt8Jki4R677TJR3/Q1bmlVi5vBHenXwRWrSOxsUXxOCqWmeh8/PPYunixchxpVtzwq23Q1J+rNfShngJNHAkDVZn6QTjq+Ku0kHRyzXiKXo5euWI3kMD80fPV0v4ajRFL9263Hnwia3uTd+NJT/+ifG9R+Peevfhxqo34PboJuiQ8BB6JXbB8MT+mBA/Eu+Fj8X0sLdF3L5VhNPDx8txvAjg8SJ6x+Od6DEYHzsUIxN74eXkx9Aq5jZcFn0pbr6gCYb1ewN/L18ldp9plWu1zCDj5JXy7Sl8+8K3j/neoh+7kRURygb2id6ffxXR+xK6d++N9es2Sb5QzwXyR5WHY4FSL3qZQVx38ptvvrEaai4bs10aKtVAM3MdFA/V6CsWsILmmrg0ViHFoy8vW5gpnVY3cnN8WLZoE/r2/wBXXPkUKqU9jNioZ5AQNxQp8VyhYSGqRG9GWtieQhGbJ+R0hULRawlgk8GiN0HcJYbnIyXCg7ToXSJ8NyAp/HMkxQxFZNhjOO20B/DAQ13xzexfrG0i3W6Jn8tnCXUV7wIfhwcqZuVSUqjKpkKLXh8/FJPy5JFylZWOuV9+jvatWqLW/52E+pfHY9Sg87FsQX3s3FYHOVm1RAyeIY1bVQlIRKxfCdoU5PsrFbJyEAOiNyHgzp9s0e9NhNedDK+rClxZ1eDOPlF+nw1XZi2k77gRC3+5AgP71UaTBpVw3umJaFj3egztNxx/LfwV6dt24duv5+Pl555C7Zpn4+JzYtDuvhRMeedC/LO4ATLT64nN1pSG+RSpC1Os+yKv0n7mpwWOIn5hiV+Jp0cEvC+pCAvEHcWvz5MSOEp4WbnVkZF1GTZsuRIzv7oEzzx1OmpeEoYrLz0Tg/qzMfvbqp8pDLgKCOtjljElXlSZKw+i98MPP8R1111nLbjviN7QwbxRecq8Yj2j8leR59U1iiYyJydPOnNZmDtzDro89BKa/N/NqBd/HW6LuBlPJz2GfgndMCZuJN6JeRPvRbyFKSJ4PwybLMKX0xqKkuKXo75ThO9GTcDb0aMxMX4wRiS9glfiHsWdCU1QJ6Euml7VDEMHjMa/6zZY5Zpkx45p4Eec3AyD8fRLO5rn4drZwWkhKyKUDSjR+8svInqfewldX+mJtWvWS90UaGOU3ahy8V+j1IteZgob5VmzZllzet966y1L9DJjCUf0HhiBD2L2s0Aa/wJp+PM8LhGPYsh+j/Res5HrSseOHXswf84SvPT0G7i4xlOIi2uHhNj+iI+chLSEuagkgrdSzHqkRexGSli6JmS9hSw6qmvH+Kg8CVPN8+XHbTlIi/wDabEzEB82DFFh7XHa6S3x/DMTsHDBKmnUsyQhUml6A5UMWWBNd6iYlUtJoSqaiix6rbcGkKM7C8v++BUvdXocNc8+DjdcmYZRr16Jf5c3ETFcD9kZ58LnPgN5Iv4KvHGSOSJiPalSBlPEZlKlPMp5O9G7b9SXI70UyiJ8RSRTUPJvS0yK+PTnnSg2d7LY3uWS/zdhxYp7MGLoeWh2e2XUPC8VN11dAy9K3MYNG4mnHmmHq2pVQe3Lw/FMp5Mxd/YV2La1Njy5V8HjOgeunBPkt8THIwLXI+LWX01Y2Yoj8pOEyfKb50X0+iSeXoreRGFCEPP9cciXY55XhLqb4jcV3vwTkOM6E7nu85CRfgPmfiei75kTcGWtVFx92QV4c+xQazkitaEF62MlYJQACDRsZVf00i4oerkFPkUvp9k5ojd0mHnpF/XDLb+DyLn2co0Ck/WRtcHKxj34fPrn6NjyUdQ/uQ7qxdRGq8imeD7lcbxWtT9GJw3FxMi3MDn8PUwOexeTwiZiavjbmCEC1yTn9r5vXZ8ooneiCN63MCF6DCZGD8WEhP4YmdgNnRLb4bbwRrgi8Uo0qX0b3hv3njUXVcWLz5gfceojvWyHVPp0VkQoG1D1wK+//Ibnn+uMV7p0x+pV6yQfA20MqWznWORVqRO9eoWjaIpefXqDOjoI5J1JySCDUshEAOR7M6UhzhHDlUZKKp2NW9bjM+lRt39kAM753/2IT2yDuOiXkRw7FclRPyAlegUSIzcjMWIHEsN3CznSq4/mKuHLkd/9TBEmh+UHMSE8T8gRXx+sTSwsdxuRGrkIKZFfIDZsAOIiO+DCczuge/cJWLL0H2sJM65LmucqgJ/rhnskLflF1zIlVblRfzsIQOULP2SjLXH1BiV6mU/l0Za4yUqgLAR2c+I2vbmu7Vj9z994rW9PXFfrdFxTIxZ9u1yGvxc1R1ZmQxFwNeDLrS7l7TgRthSBEXKMktpcRCQFr4hdi3lpKMgXsakxIH4LR4FF6OaLG+RXtq4FRn4T4RNR6RXh6XEfJzxThOuFyMhpgBWrrsenn1wjwvZ0XHFJGC48/ThcdcG5uOKC43FLwzgMHHgavvv2QmzfeSmyck+Hy308/CJ0/ZYYl/t4RdR6RPD6AgI3EE85T+ZRBDPOjH9gRDgwIq3RFycU8etLkjRztDfFms7h8Rwv8TwNXtdF2LmrPr7//no89+S5uOjsZLS+uym+/OpTbN22Hm631CnSsRAVI2Up0NmgmGHey0kbll6ouoNk+aEI++ijj1C/fv19opfnj2XjXVag56NF1jMFLBtij5y7npclnSsPfHk+6WzJuexcbFy+Bh+O+xj33dAGdSrXRt2wq3BPXBO8FP8IXk1+CaMTXsW4iCEidMdhatg7ltidUihqPxCRa5Ki1xK+cp2cHDUR70ZOwDsRozE+dhhGJA9G37gueCyqPRpFNcBVaZfjoVva4qtpnyF7z154vNlwe3Kl85cDN9eRL5D2qEDKel7RpQXJigr1nDky/scfC/DCCy/j5c5dsUKep9fDOdqFA3BSNwS+M/rv86pUil5WJKoy4ZGjCHPmzLHm9HJ6A0WvKlh07yAAZXA6AyJ3P/O5EYGoRq97lzRmGWLIbmzZ5saHH89Hm3Y9cfLJbay5tQkx/ZAYNRVJ4QuQEr4VyeEZIlSzgmg3imuSojcpvCCIgTV8g8mlzCpH7kTlmEVIipguwncg4iMexRW1OmHYsGlYu3a7NMiMu6RB6hufS3qLPpdtmvWGyCkf+6HyhqKXW3pT9HKjCjboyu7KG1S6mHaKXp/fhbX/LsO749/CnQ2vw2XnReLJR6pi1pf1sDf9Zrj8FyLHVx15IkjzPJVF/IkA9MWKiI0W++GIaYqQYlJEpSV6k4Mp10zmi+jMF8Gbn5ckDEx/8Eu4fk4zcFeH33UScr1XwOWrj+07bsX8eTehd4/T0aBOAi49NwxNb4nFqNfPwbJ/rsOevVfC4zsfLm9VeP2Mm4TnFcEqQjpPBHCehBkQvDaUuATiH4hLHv1rNEd+ORrs84nwlXv53CeLzZ0Ft+9C7Nh1FT75qCbuuSMZV19WFQ8/0gI/fP8lsrN2yn3YofZJngsLR9mtD2jLmOjVwbLDNuiTTz7BTTfdFCR6OWrFI+ngwKAtMp9oj/x2hNtqF3ATCOTCA5eISemQZmVi3dLleHPgSLSu2xI14y5BvfA6uCfyLjyZ1hGvJnXByOT+mBg/ApMj3hDB++Y+IatoN7XB5LQIjvi+iUnhYzEuejSGJ47EG8nD0De5O9ontcV10SK0q16JF9s+j4U//4HM3HSxz1y4pf5w5+XAl+8S25a4C9Xz11lRodJOe1mwYBFeeL4zXnqxC/75e6X1gXxgNRqO7Ov1wn+LUi96OVTODJw/f771AQHXSuT0BtVAV+QCZkIZnE7pPgfR58qWdilD8jlH9KMfGzftxTvvzsOdd3dG1Wp3ITzsARG8vZAc/TlSIkTwhu0MCFcpKQkiYnXaiVyT9qJXjfDuJ0eA0yI8qBK9DZWi/0Ra1BeIC+uP+OiWuK7ew3hn0mfYtGW99LizhG5LwKhyYkeVfpYnBwGofOH0BopeLln2008/WaKXYANe3sDnzzqEaeMrt+zsTMz++gs80LIZap6XjAdaVcGXn9XExo31keuphVwRvNneOGvua4FXRCunJoj444hvSUUvR0z3TSfwi4DOk/ALEgrdSxh5VZDtOgHe/P8JL0N6Vn0sXXY5Jr51Kl7tF4ePPzkdazfVlHhdIYL3osJlxuJFOMRa8bLix3gyvhLvImJXUeKii16TgdFfgxT9FP+uE5GXe7rk5YmST2dh4+ar8M5bNXBnk0Rcc9UJ6PryI1j4x49w52SLSA5stEFhk5df2MAVEbxk2QDthm9DuCto48aNrZ1B//rrL8uWWK5Yxqy61kGxUHmk6mdfnlc6UCJ2KSL9Ocjx52Lnnp1Y8NMfGPbKINxyyQ2om1ADN4RfhUfTHkS3yl0xqMoQvJ40Am8mjMF7MRMxLewdvG99uHboovd9a1WHN/FOxDiMjxqLMbFjMCF2FEYnDEDfyi+hXUoLEdu1cf0ZN6L/SwOwaMkyZOW6rJVfvAUeK+6k3xnpDYJKOzXbwkLRS/61bIUjeosDjUMZBjOQDRWHyr/99lvrAwJuBblt27Z9DTTdOQhANzpFtdqBYr7PazVKLrcXa9dlYszY2bj5tmdQuVoTREa2QVL8AKQmvIPUmB+RErUcSRE7EdhswiuCNT+IdiLXpK3olbBMxou7wKoO2UgN3ygCeKHc/10kxnZC5SqNcHfzZ/DlzO+xY2e6Na/K6+er6kCjY1KVHSv9jujdB+YN84RbD1P0tmrVCj/++KPVoBO0tfKWX6o+YdrZUdq0cQNGDxuIeledg9saJuLtNy/AhvX1kJNbV8rV+VKmTobPmtYgYtQi5+6KUPRT8JZM9Abm9ipRGScCs1Dw5otQLZwWAVRHfkFVaUirwFdwFjJzz8aW7Wdg1ZqTsHHLGcjI/Z8IhLMlbmfIM+SKDPHwuqIDolfCtuLpE6Eu/ouIXUWJixK9ReItLCKEJb4FIq4LPBK2qzoKck9BvusMeHJPRVbmRVj5dwO8PqQWGtRJQaPrzsb0995C5t49UreI8PXxi/f9wtd+tLdsgOWHNjJz5kzceuutlu0sW7ZsX7liGXNQPJg/rHeYX1aeifBx5bmQ4xPBK+Iny+PFli07MO/z+ej+cHc0OOUGXB5xKZrFNMRjSW3Qr0pXjEp+DWNiRuLtmPGYFPmmCN638UHYJBGwInxLIHqnh7+JKRETMDFyAt4U8Tsx4m1MiXoLkyJGYmxcH/Su/Dzui22Bq2Pr4oazG2JIr6FY9fe/lnDz+n1wSfnOFeGeY81HDm5zyYoKlXZL9C4MiN5nn30RS5f8I/WvI3ptQQNRxsEMZEOsRnrZwx4/fnyQ6FVHB4ECV4SFqx0o+qTgedwFWL58K4YO+wJ16zwnorIVYqMeRmLUcCRGfIm0qD+QErlKBOp2JIS5EBtGUSqiN8ITRDuRa9Je9LqF3LltPxMi/HLknF+PCN89qBS5CWnhP4v4fh2xkQ/ihOPaolWL3vjs89+wY0+G9LZ9yHa7rVE8nSwPquyQToO0H8wf5seCBQushrtly5bWrjlK9KqPNcoTWAbUkZ3nJYsX4PH2zXH5RUno+tKZWLzkGuzNvAAuEZMuEblSWiWf4gLi0Jq/yzmxFLmcF1sy0RsYzaXApRt+MJYqnc8qQjX1Qf52V7XC9YnQzEdVaVSrWPHJdh2H7FxudnGelO1zRTSfCr/447xc8JjH1RokXlZcK8s5NZ/XhhK+Er0okKPBAorhIErY3ljALe5d1aQlOwkF2UIKcwlvz54amD3zErRrcRJq/V8cenZ+DqtXrIDbky31Nm0zIHzZyJUH0ctlM5s2bYoOHTpg6dKl1nmn/Tk4VF2s8otrZWf7c+ARa8uSNumvVevw/psfo0PTJ1Cnaj3Ui7gOdyfdhefTOqJvtVcwMqU/JsYOw+SI0dbKC9NEtH4QNhGfhL2LD0soej8In4CpInrfEgH9VvjbeC/sPQnzHXwqAnhq5BCMrtQbzyR2xM0xt+CK2MvR9MrbMXHYRGxZswW50u64RLzlMv7cRKkwfTorKlTaleh9XkTvM0+/IPXuX6I7HNFrCzvRywqHopcf34waNQrc0o4NOEF3FR0qz3Sjs8h5vC4RMV4RM3mBRih9Tw5+/nEJ+vSciDq1n0NybGtER3dHUtw4VImfj6oxy1Elcl1gR7WITBGiHOX1CAtFb7hfGBCyqWF2NEUv3RuMzBXmHJDJERmoFLEGqZFzRYwPQkzUvTjxxFa4r81gfPnVQqRnSJUp7Y3Pz2WSci3BFhipDJQJlQeO6N0PlR9Lliyx3po0b94c8+bNs+yL55mH5S3f8uCyGlkugJ+xZzemvDsetzW4GA3qheG9Sadj5+7L4feeAj/Xr+XKBiI0C6yPvUzRyA/BDNFrR0tYBtMUwdbqCj5+KEeBSjcUvvyATAQvl0Pzihj2VpZ4VbLi5fdUh999kpw7XtxrH6RZwtwmDla4OuWc5efQyBFuTsfw+7jsWhWJwwnwZVVHvqeypKMyvK7z8e8/l+DV3qej1rnxuPv2Jvjiq0+xNztrn+jdL3jLRnlS5Z5H1YEmOAWIy2beeeedaN++vdVx5DW6KS+2ciRgV39Y69nKOQ/bco/Yo7Td+e585GbnYfXf2/HO8Bloc317a/3dm8Oux+OJD6BzpafxenJ/jEsYJIJ3OCZFvoEp4eNF8HKUdz+nho3DtPCxeD9inHA8pkdyPd5gEWwnhM11fEmOGn8gx2lRYzAhYSiGJw3E4zFP4rawO1Er6jLcU+8eTB43CetXb0KuiHUPhP4ceAtypJ7xyl/yt4i5iqpI+IxpE3z2XL6Q7czLL79sTUtlJ1FptmONMjWnl8ssOaK3KFSeqQpHJ3xcnikTBflebN+xB1/P/BNPdRqJc//XDimxj4u47IvE+IlIjf8SVeKWoXLUFlQK3xEQvBHZ1ihsQPQWjvAeCdEb4TookyNykCbxSA1fKCJ4MuIjX0F05J0444wWeOyJAfj+pz+QkZVhlQM2PEwr84DCV88Lp0HaD5UfFUv0euGyOkR+/POXVMIvdMRN156CJx49Dr/8fCUyMmtKn/AEEZZcbiww8nr0RS+F6HGa+1Q5z3nDwdMUAqJXjp5qYsPHi+gVf5bYJQvDN+9vSyWUD5UcyZZ48ShCvcB3IvJcFMNJYmOco3wWdmy+CNOn1cKtN1RBvWsuwPARr2LD5i1wubmpTGB6Q1kXvfxNG5k9ezbuuusuS/RyXjyvOaI3GHb1B/9mPU0hxDrG7XIhNyMLfy1ZiaF93sBtV9yNK9Kuwg3x16F9Qiv0Tn0JQ5J6W2L37ZiRmBwx1hrd5eoLR1P00t2H4W/i/cixmBg3AqMShqB7Wk88kvwo6oXXxZWVLsMjt7XHV9O+xt7d2XBJ28r92Xz5FL0e+AtE9nIks4IWBz5nZS981hS6Xbp0sUTvokWLrGdfGlDqRS8rFTWnl6J39OjRFVL0Ml906lB5xrzSyf36OcLrcWVj585MTH//e7Ro1Q1n/a8Z4mNbICGqpwjM95AW/xsqx60UwbtLhGaOiFU1ustpCPt55ERv0akSJpPl/tb6veFbkRrxO5IjP0RSTFeJd1v837mt8cTT/fDrn8uQkyVplaLg8wWMzSsVkSo7euWr8k2xIkLlR0USvZwGw/nruTlu6fB9gjtvq2PNQX19+HnYsOFa5LrPh4+jqd40sZdU5PO1Pte2tRWOR0j0cvmwfW4lPN5v3zQFTqfgdY7wVt5Pbirho9hlHCjKxa8axTUpIrUo98fnkFhASpj5ItLzq4vw5bq/sWJvMWJnJyM781ws+ONaPPP4qbi8RgIef6wlFi5cgqzsDLnOKUds6KQ8lWHRS3LghbbSrFkzPPjgg9ZSf+p6ebGVkoBp16nqD53+wrZJfgAeH/Zu2YZf5n6HXs/2wq01muKaxKvRMPZGPJh6L/qlvYQxsa/irfAR1sju1LAJ1vq6nHpAHk3RO01I0TtdwpkUPQbjYkZhcNIA9K7aA+1T7keD6Hq4ufqN6NGmOxZ/y7bHJSKXK8JkI7/Ag7x8bn7DV/f25cHMq/IGPmtlDxS9nPferVs3a7WT3377zTpXGlDqRS+PzKzvvvvOmtP7+uuvO6JXqEPlmRK7Oj3uHKxctQ7vvjsXze8ZgFNPfQixcW0QE/UiEmMmobII3jRuKRyVLiJTxKa1koIXiSJg+WFZ4EMzEb0RR1D0hkjGJS0iB5Ujt6Jy9BKkRs9ATFg/JMS2w3kXtEH3Xu9gxT9bAqLXWh40X0Sva1/ZIc18U6yIUPlRkUSvj+ny5mPHjp0YN2Yo6l5zFlrcXgmff1ILu3bVlPJympSfNBGVXEM3SUQvPzKLLyokj6joJSlERbxam0ckFB4ZNs8zrGqBUV6O9npTJY4SN64gwbipaQ3WFAnt3opWPHVqI8OHRElzvgjrfAmzkPleuX9B4XJm/hNFDJ6J9euuxJgR56N+nSjcc/fVkrczsTd9j5Qjv+QvGzopU8dgPc6SQJV7Hll/si5hW8OBF85/b9GiBR544AFr1ROe53W6pc1URDDtOlX9wXxRbRJHRK06OdeD3es3Y870T9H1oRdww2n1UDf6WtwT2RRPxnVAr8TOGBc/EO9Hj8KHIl4peBVNsat4JEUv5/hS9M5guPzITcIcEzMMI1IGoFva87g/ujluDb8Rzc+8E8OfH4G//vxHyn+O2GeW2LVb7NMjNutFgd++7jTzqrxBPXemjZqNK5z06NHDWmqWH0yz41gaUGZELyscZp4SvTQmgtcrAlRloqgbTSDPAq+QdPJV/4b1WzBx4sdo0OApHFe5FSLDOiEmYgiqpXyG1JhFSI3YheTIdCSF5VrLkCVZ9IjgRaHw9RWO8nLawZESvcGrQNhT7hHhFdHrQ5WoLFSJ2YjqccskPtORHNsDKYktcdnlj2H0iKnYvCEDuTmBKQ5cQkaVHZVPXABb/a1YEaHyo2JNbxBtKFXFmjVr0Kvn87i8ZnV0fPAU/PrTtcjMvFCunWCtrkBRydUV8kVUFhRwBzZNRFo80qKXQpSjvIlCuV+BhE3Rm89rnMZA0csRaLXkWbwIcnFniV5xa80L5hxfmzhYAlqjFe/98QmZ3GBDwtu/4YZ0Dlxy/3zmVyUpLychJ/t07NhZE5/NuAL3NE1Ek5svxLg33sTu3TslL7lMXKHoLSM2p8o9j6boZcPNjz8pen/44QerflW2UlbSdySh0q1TnWO+Mf+stqiAH0+7sf6fVZgx4V08eEszXH9ibVyXcC1aJ7fA8wlP4LXEV0VgvobJkSPwYcTrmBw2zBrp5dSG9yLHYFLUG8LXixW90wpF7/sieqeJyDVpJ3o5sqtzSmRA9H7ETSyE74q7t+Web8QNweBKvdGl0tNoF9scDWPr4Y5L7sSwviOxdOkS+DzclMWFfOngcXONAl/RsmCXV+UN6rkzrdRsXMu6V69e1mAlBy0d0RsimImscH7++WdL9I4bN87a9lIVGl6vCAgYioi5AqloC0SccGHvgsB8Mn6kw9HOfF+2GJ8b3lw3fLl+rFz2L8a//hluuv5hVK98N+LCnkBc+AgkxHyCtNglqBy1E2lh/FitcN6utWYulw7jcmR2gvbokSI6iHIuMNLMUWaJY+QupEauRuXY35Ec/Q7iojuhctVmIuafwOT3P8DmrVtEHIgO4PbKVpGg2PXCz/lWBXLOyjO+emI+qvwMZnkH08jyooveuXPn7tucIvAhYKBy5rE8QEqBJebXrvoHzz7VBtdcUQ3Pd6qOxYvPg9t1gQjeE4WxFgPLf3EU9TCmAxxBcjqDzgLffx0v3q9Q6FvTKapYop1TQLjihDXX2HUaMtIvw5xZF+DBtqm4vs7peH3kEOxN3yyCR+zPTzukQQZ30suCval4UryxEefoLkVv27ZtLQHM82R5spdDhcofdfR6XXJWRK50dri0pFtE7970dCxe+hdGDx2Lu+o0Re3ql+GaeBG8qa3QJe0lDEsagokxY0XwBlZUmB4u4pPTGkSI6pwmgtQUvaGypGFNFsH8loju0TGDMSS+F7olPIOWEbfj2rircMe1TTBhzEhsWb8WXn8mPAVZkgfSEPOto5T3IEr5oFZhPpXX8qI6Okwf69wVK1agZ8+e1rRUDlpS9NKNyodjlQeO6C0jCBjLftGbl+8SBr6O9vvz4PVIr1oqmtwcFzL25mLpojUYOmgCbqrfEZVTb0F85MMiJIchKfJzJMf8gbSoTUgNz0ZyGOfrlmbRK/HiB3UifFPCN6Nq3CpUSZiDhOiBiIvtgOrHNcPtdz6Mjz+dhT17cpGTs1cqXo/V4BaIyLXyKD9X8ozClyMz+ysek+UdTCMrmoooelf+sxSPtr8btS+rgh4vnY7lK2qIkDkfBfkUvfHCOBGVySJ6C+fLFhGA/z33rxUc4H8vxu1Eb1VrxDefKztwJNp9soiaC/DzT5egY4dqqFP7JAzo3x279260BIDfV35EL+fxchdDkiNXHMU81g34sYbKH3V05btF8+UhR+rgHLcf6VleLPzzL/TpPgSNr2yKy1IuQ52Yq9Ai6W48W+VJDKnyKsYmjsakKK6b+xamFopSuykIx0T0crQ3YgzGRg/DqNgBGJDUAx0TH8b1EdfjktSL0aLxXfjonSnYtW0zsnP3SHnndqFiMlIeghkYBWU+ldfywvTponflypXWSC+Xx+Q3WXyjSDfH2mYc0VtGEDCW/aLXEnFwS1NCYeeDTxoYt9uHnOwC/P7LenR98U1cdtF9SEpohbjITogLGykichbSYlYgOXorkkVIcipDYPpCKRS94dyemHHjnGKJW7gbyeGZSI3cIYJ9KZKiP0FK/BuIjXgc1Y67BS1avYTPvvgRe9J3wePNsdYK9flFxEku5YN5lbNf+O4b8Q1meQfTyIqmIolePn1WwH8tWYCWzW7C5ZekYGDv/8O/6y6TSvh/yPNXLdzGt3BXM19labQ4vcAUgBWRNqLXX10EL6c7iOjl1Av38UjPPAtLl9bC88+egCulU9Gl81PYsWu91M3siNO2OBWt7IpetjEsQ9zUpV27dtZOhpwWpIvespCeowGmWxe9mf4sZOXlwuXLw66dOZj15Y945Yk+qHfBLbg09krcHN0IHdLuR4+qL2Bgak+8Ef8a3o0OTEl4P/xtOb4twlcYwZ3WSiZU7VjSsKaETbC2Kp4YOQpvRg/H6NiB6MOtilMfwrUx1+CaqpfjodvaYP7n32Dvnp3SKZS8cIn4E5Grk2v56mWlvNSvOpg+XfSuWrUKvXv3xiOPPLKvnaEblQ/HKg8c0VtGEDCW/aI3ryBLKIVIhBznsXLu3PrNWzHzqz/Qof3rOPe0x5Ea9QDiI/sjLW4qKkX/ipTw9SJ69yIpkkuR+URY+pEcSVFZikWvRYpzzgXOE6HuEvG7DWnRiyUtIuKjxyE58SGcflpzPPxIf8z/4WdpcDdKngTWCfV4fJJHuSJ9MjXhu3/uqs7yDqaRFU2FEr3S4LACXvTnr7j15tqoeVEiRr92CbZur43snDOk/qDoTRQmF247zLmy1aVi0cXfsSLnEeu0c3M0aSN6fSciX/LImt/rFXqqIiv3VKxecwVefukE1KyRiKeffFjyd61VN1P08m1UWRe9tI3Fixfj4YcftnYy5PJlPMfryk1FBNOui15Pfi68fhc2/bsFn036Ck+0eh71TrkRV8Rfjdvjm+KZpA54rUp3vJ7UD+PiXsM7EW+IuHwbH4a9a+2wNk04JXwS3ouYVGKhaseShsWP6KaEjcPk8DESpzfwbuRoa+5x36rd0SaphbVN8hXVL8VzD3TCrz/8iOzMDLET+U/a6iBK+WAZUeWlvNSvOpg+XfSuXr0affr0wUMPPYRZs2Y5I72hQmXgL7/8YjXUY8eOxYYNG6zMJcp7ZcOCoci88Pkp2DiCwlUKXPB4s6w9wDdu3Yr3pnyGFi0648Tj7kViZEcRhL2RFP0RUqL+EAG8TYQjN5zIRoKI3ARr2oALSVHZ1vJggVUb8oQFQtgK06PJFBHaOpOtD9744RzFOcUud3LjB25epEZmoRKnZ0QsR2rMx0iM74rY2JY459x70enZvpj7w3fI9OyAl0vISDEJjIjnCF1C/g7sPGayvENVNFw/kbbE5ZeU6CX0Rry85Af3Z/FS9C74CQ1vrGmJ3jdGXIodu+uKWPufXOf0hlTkedJE9HJ93Koieo8Tj6YArIik6OUHd4XTKvySP34K3sAmHtaqEpJnLu9Z+HddbXR75VRccmEcnnziYWzbugZ5fp+1bauP2xDLPwWWLZax0gpVHzCOqpGmbbCzyN3YWrdubW1UodtLaU5PSaDyQGcRMMnS/PrEyCQnrI0ZdubswvJVy/HeG+/igfptcF21q3Fj1HW4O+52PJPSAQOSXsYb8X3wZvQQvBs9Au+LkJwRNlYE7wRMLxSaU0SQTo6gUA1egcH64CwsFBYVryVnILypEidysgjgNyNHYlTqILxS6QW0jW2NayOvQv0zrsWr3bpj6aI/UZAr5d4vnQCWHyn3Xin//gIpRywn0gnn/N6ysprJoUDZC4+0jbVr16Jfv36W6OVuhllZWfvsiW5sy9R/gDIhevkaiaKXixxXpCXLVGWjV6iqYPm97FH5kJm7C2s2rMbEyVNx+x2dcNJJTREV3hYpMYNROW4ykmN+EfG7WYSiGwlhuYjftwavHCOyhBkiOkVIhnG1BQpQCt7/XvQWXfVBxC6XSVOiN5yilyPAPqRE5CItIh2VInajcuxSpCVMQUxkD8TEtMX/XdAaL3YfjD///hV7sjPg9eXB48uRo/Qy8yl6uW5ooOxUNKiKRonee+65B3PmzNknetm5pBvlrjyApuPxuLF08c+4pdHlInpTMGzwRdi87Vpk5pwrDfYp4HbAAdHLkd7KlrgrKgAdktyowto22RK93DxDRK/7AixfXhuvdD4dNS5KwrNPPYYd29bCL3U099vnWslSkxU+kbIhepUdWHUtRzDFNmg3nJ9I0fvVV19ZDfuxbsCPFlT6dTKNTK9KsyV6pSrNcLmRlefHrqxM/Lrwd4waNhptbmyF61KuRIOYa/BIfGu8kPQoBiS/hNfje2FC9AC8Ez0K70WNEjE7SkSvHMPGiKgdG8SioldYRODa0U68loxmHCaL8H0nagwmJo7CsLQBeC7hOdwTeQeujbkMd1zbCOOGjcC2vzfA5+aKFdycJQ+Zrky4/W5rXq/kokVOedBtorxAlQ3axr///ov+/ftbonfmzJnIyODa3Y7oPSiYOcwkfkRA0VuRdmRjoVAVjZo/xgqYBcrt9iA7NwdL/lmKoaPH4fpGzZFaqQkiI5sjLrIfKsV9iUrRf4hAXIPU8HQkh+WL6C0QcrqAmidL4ZstIrOsiF4gSeKWEpaHNIlzpTA3KkftRaXYX5AS+wFiol5BVOwduPCSVug7aASWrViHrByXNMqZ0mjlgFsW8+M26/1TBYSqaHTRy9dO7IHzvD5ydawqpCMNpsItz37537+jdfNGuOziqujd7f+wcvWVyMq9UETvqcjzpSHPy/m8qcfog7Gyw4L8lELRy00zAjvFZWbWwC8/XY5OHU7GlbWqoXvXZ7B7J5eV5NKJ0s3M59z6/eWJZYtlrLRCxY9knUtS9HKxfS6/xOkNX375pfVxG6+V5rSUFCr9Jtn+sC3iMY8fUPvykJtXAJc0wwv/+AuDXx6ApjVuxpWRNXBbxE14LKUthlbqhhHJPTAurh/ejRqCyRHDMClqNKZEjBYhOxrTw3gsG6J3qpybEj4O02LH4O2kERiS2A/PpD6Ju2JvxZUJNdDimqb4aNRUbFu1Ef5sKR+SV7nubEgpqpCid+DAgZbo/eyzz5Cenr7PnujmWLUxpV70qgz6/fffrZ09hg8fXiFHelWFw/Qy7VnZXvy1fCMGvvYerrq2A5JTbkdYWEcRfv2tLYXTYleIUNwuAnKvMEfEIufqwhK+gXm7Svi65HpZGukNTIVIE1aSdKREiqCPXoaU6O+RkjARUdFPID7qPtSu/SDGjpuJdet2WQ1WYNUGxfLXSIUCVdHoopevnTIzM63z5VP0cvmkbKxb+xeefbIdatc8DU8+crLUJxdLh6iGtTlFni+58EM2bgNcOIfVRvA5pOhNRr7kT76PKzecAL/rVOzecSU+/fAitLyzCq6vcwZGjuiB9D2brOkNNDW33xPUwKs6rbRCr3NV+6PWHaXdcIOKzz//3PrWhHVyaU5LSaHSr1OdZ/tjDcKI6M3z5UsHJwO/zv0TPR/tgTvPaoT6UVeiWcQteCmxEwan9cJbsUMxMXIY3g0fKaJxjIjHcSJ4x1gMiN2igre0it4pcm5S2Fg5voEp0W9gQuxw9E/tg6cTn0CT8AaoHXcp7r+2OT6fMBWuzbtRkOtBTk4m/PmSXxVM9K5btw6DBw+2RO+MGTOwe/du67pyc6zamDIhepk53Ouconfo0KEVUvSqfGAlu337dnz340J06zkGNWu1tz7kignvjNio8UhN/AJpCUuRFLXDErRpInhTwrJF5OYK+UGY2nSCy4EFdlsrM6K3cIviFBHraXK9kpAbalSKyUZaxC5UiVuE+Ig3ER/WBWmJd+KWxp0x5b252LlzLzxufuznKzS48lfZhAJV0eiil69p+dqJ58uj6M2HPHdfFrZtXo3+vTqj7hXn4r670zBnztnIzOaObGdIw50kojdBBK8IXz83cyDtRV9F537Re5wI3lPgzz0L2zdfg7fHnIPG9RLR6MYLMHnyUGRlbBVRxHXEAZeP8+j3lydVp5VWqPiRqt6l6P3nn3/w7LPPWqKXI1dcd7QiiV6S7S7zwmJOLnZv2IIZEz/AE3d0QOOT66JhxJVoEd0YLyY9hlejumFCwkhMDuf6u5wT+xYmhwWE4zRrUwkRv5YAHifXyobonRw5EW9HjMd7En9uZvFOzHi8FjcIvRO6o0PSQ6gXVhuXJVyAp+68Hz999DWyt+6C3+uCVzp+FVH0DhkyxNq2e/r06di1a5d1Xbk5Vm1MqRO9qsJRmUMwA9WcXk5v2Lhx475rdFvewDxgZap+51t5EViWLDPXi69m/4pHn+iF8y+6B3GxzREb0RMp0VORErtIjiuQErlFRGOWJRztBWb5IUUvV3hIjspActx6JCcsRrRUsAmJnVC5cnPcffdL+HLmr0jPzADX7OXC4fDtH8HRjU/9bZ4vL1Bliq9pn3vuOdxxxx3WXCuO9BJK9OqVUlnPA0afadm6dSPGjB2BK686H/WuT8CHn9bC9r014c47UxqkBLGtGBG/sSjgNruehCJiz6Lf2PmslKzne1TpD6wRnO9NsaaA+H2SV75EabhF9OafAbf3XKxZWxuv9rgAtWskoEXTepj58Sf7PlpRgxNlCVadW1gHMA0UeBzV5bqjtBtuUPHpp59aX6OXRdGr7FqlT68LFQmmTW+H+FVonscLb45bOjw+rPlrJd4aOhpNat+AK9Jq4IbwengkviW6pnTE6LR+eCtxDMZH8uOvyQa5SoMhMMMpMI0VFkw3pZTvRL2ON+NH4tXk7nggrhmui6iF6ypfhOdaPoY/f/xDbCHT+gA9L49vPJin7AT6JTsDHaryAlWeeOTb1c2bN2PYsGHWutZTpkxxRG9xMI2Rf7PiVHN6R44caa3ewGuEMtDyBJUHTDfJisftdmHDxs348KPZuP+BHjjjjHsRF3MfYsN6iuibgdSIBSJ2NyMlYgdSwtNF8OYKOYJrLxbLCzlNwxoJjvAiOVrSHbsVSVG/Ij56BKLCOuKUE9viwXZ98c3s70X47oE3V6obd64l8FTe6oaoszxVSIRqwLgnuhK9nJvIkV6iPIre/LxAGtLTd+GLLz8SwXsZLq0VhdcnnIe1my+BO/80Eb3JUha4bFmCiF4RvI7oLSTnNnP0W0SuiN086RDk+WOtDoI3L9maGpKdcx6W/nU5Oj9zJmqel4iH7rsbC39dvG95ovIgehU5ctWlSxerEf/444/LlehlOkyq+pFHptWXz+kcbrizc7DszyV4rddgNL3mVlyUdC7qRV2FBxNa45XkJzAoqTMmJAzCpOgxeDdioojc9wy+W1Q8lmHROyVsPN6LHofRCUPwQtKTuDfuTlwRdimuO+U6DOzxGpb9vQy5XhG+Po8lfr0+t0WuY13W61cdqjzxqEQv38xzXWuKXmd6QzEwjZF/0+h+++03S/SOGDHCmt5AYyToprxBpU2JEJ/Pjw3rt2LixKlo2vRxnHT83YiPaYvE2G5Ii/1AhO6fSA3fICLXYwldjvAGqKYslF9yugPX9OUHbpwKkRyVg5SoFUiJ+0g4FEnxD+K0U1rj4Ud7Y/4PP2LvXjdysrOs0RsaphK/JPNaZ3mqkAhlKxS9zz//PO6880588cUX+0Qvyx3TrVdKZT0PuFsh05Cbm4mFi37F3ffcjIsvTUaPPudjyYrayPGfA7e3KnzeyoEVHDzJgLuY6Q0VTvRyuTLpCAjzfXHgrnV+Xwx8eVFw++KRX3AusjKuwA8/X4WH2pyMmucfh5eeeRLrVm2xbEsJJqIslSPGVdUBqg3ikW8Yu3fvboneDz/8cN9i+2WtrmBcVRoZf/WcdPI8nyHJv3nMycuVuiIdv3/3G/o83QsNL7oJV6TWxo1RN+DR+AfQN/VljEzuh/HxgzA5cgTeDxsnfBuTw98JppwrIh7LsOh931pu7W28FzMew5MGontaZzSPa42rY+rj5svvwugRY7B67SprOoyaGsI8V2WrvECVJx5ZXrZs2WJ9g8XVTt577z3s2bPHuq7cHKu0l3rRS7KAcE4vRS+Hy9njpiESvFbeoNKmKp/Nm7binYnT0eCmu5CafAXiw1shOe5lVE4aj5TIb5EauRFpkRzd5VxYtdYtP/g6FnNz/1smR3qQHBH4wI3zk7ldcVLMv0iN+wGV4z9BUlQPxIQ/iLPOao2nn+uL3/9Yg5zc/RV6RRK9TBPBD3JeeOEFS/Tyg5zyLHoLJMlMl8ebi3/XrcTLrzyDGpediHvbnoGvZ12PLE89KQdnwOc+EXnuaihwp4no5cdsNiKwwoleoY/LuFVCvjdNOgWp8EqHID8/WToKXMHhcmxdXw9vv10TjetXxw3XXooxr7+GHTt2WXmu7Mp6DmWoHDGuqg6gLfBvpoOit0ePHtbqDe+///6+KRzKbVkB06PSyPiTfF46eY11o6ojOb1j+449+PGbn9D9oW5odGpDXBlxOZrENkGnxE4YmPIqRicPw9jY0daSXtPCxlticErYWyJ0i7KIeCzDonda2FhrjeGpEW9hQsJojEgbjOdjn8bd0c1RM+4a3HPjfXhn/BSrHff7JF89FLzSkSrskJcXqPLEI8vNtm3bMHr0aEv0vvvuu9i5c+e+8kY3xyrtZUb0cgtIXfTSEOlWVarlCSoPWHA4mvDTj7+gwyPP4fjj/g8xUtFUinkSx6WMR/XkeSL8NqJqJKwNJVKsj9bcwjxL8FYE0ZsSlSeiNzC9ITFyLxIidyApMlPE8HpU/v/2rgNAixr/bi9soVrO884rf887Pc+u9N57r9JUBDt2EakqiErvvRcBFSugIKggIghioYj03rZ+vez7/14+ArOzH7IiUnbz9DHfzmQySSblJfNLErMFpeI+RJHIVxEb0wT/vqkOeveegI0bd58Su7qS1wXRyoJUIRGME8EJOc8//7wSvXopGUKngT4y/pd7GgS4cL6qK/w4euwAZs2dhKo1bkW58sUxZMgt2Lm3OlyOG+BzXYeA608iekuI6D3D6g2FTfQyjl5JE+/VCHqukk7BlfALkXMVnK4r4Mwsg+/WlMNzz/wFt9yQgpaN62LpJwvh9meq/GMVvTrvXQ7Q9a8uC/ybdQRHrritKkXv3LlzlejV7i63+Ok4Mn7h6j6WGR13tkEU/O/OXYzHWj2FCiUro2JURTQr0hjdSz2KASmvYnjcCIxOGIsxkeMxVQnBaZgbMRUzRPxybVs78whHOXe5it45UaNE3I/BzIhxmBQ3CmNShmBocm88nvwQykdWx20lKqJlrU6YO2e+dAhPwOnwivANrcbE9C0o0PmJR2qXI0eOYNy4ccq8Ydq0aTh48GCu/Hax4n5JiV5dEK1kAjFzcMY57RDZcyjoqzdoMca4sYe9/efteG3g67jpxvJIiq+IYnGPoGSRMSgRvxzFY4+I6PMjMdotwo8bUJBc1SD0yd++KkJ4hheUlwO5lXJu+tSqFEyHxOh9SEhYhZSk6YiN7oGk1Na4+Y42ePWN6fhp2xE43Dnw+iWtJb2DXsl7nKjBZXi4jVcBhK5kuD0kbRObN2+ey7yB+U6XwYJSGTMuLEskG+91677B/fe3xg3XF8FDXW7C56srIMshwtf7L3h9JeB3XqFserlmr/q8n5MiniQixx8vf1uWM1Oit4BvYuEvqkwauEVzwFNSRO9VyPFw6+EEOJzFkZleDW/PvhMNahXHDX8phl7PPo7Nm1aLQA6NDuo67HLNS9b2iHGh8ONi+9y+e+bMmarcsMzw+uUExkvHTQsQ3ebw0zvfHXf6zBYezkjDpu9/wpg3R+P+Wu1QuWRp1Imujq5JD+C5xGcwKOENjI2bgimxszExejqmRs3BdOGsyJlqlJeicL6IXyvfEtqFYzhhnEcEyzn7fReD9nDNZzzlODt6CmbETMH02CkYmTwYryS+iK5xHVE7vibuKV4R97d+GosXf43Dxx1qx7acYMhshuA70O/kci0vGowTRS8nrk2ZMkWN9E6YMEGN/PKaznMXK55G9F6CsFdImRlZWLvmezzc7SX87dpGSIpqL8LuVZSM/xBXJuwTcetEvIi806LXI6QApDAMJ3LtzCsmLxeGF70utaJDcrQDKfH7UbzIaiTGTEJM9OOIL1IXd5bpgNHjP8TPu04g2+2Ex5ctaR4a+eU6vqH0L1ifnggdn59//lmJ3mbNmhV40ct46AadFTEXTO//Sk/c8r+rUKViKsZNvAG79t2FbP/f4EMx+ETc+V0UvZzEJQxS/HIyV6IcjegN+lOlc5CE9MxrsPnHcni553W44+Y4lLvlVkwfPwnHDu2X+0LzEQqa6N23bx8GDRqklvrjyBW/kPA8r19OYLx03Ph+NPk3B1lYTnw+F9Iy0/HN1xvwxkuDUfOm6iiXdDtqxFbAfUXaoU+x5zE4dQDGxQ7HzOjJmBs9A7Oip2FmpByFsyOmnxS9FIUFW/SGwjZFmTdQ+M4STo0bhgnJr+HV1GdxX0IbVI6thDv+Ug5PPfwSvvr6W+lUuFSaM//wXeijzm/8fblB5yvGi+WfE9emTp2qvowY0XsGWF+6ps4YhUn0Mt6MMysfpgntgLIzglj+6Tp0eWAgrrumPeIjH0HR2FG4MnENisXsl98OEb0OEbvZQpcSvhSB4UWuneEF5eXA8KLXIfQjJQpIjQ5K2jB91iApbhpiYx9DsVJtUaPOi5j/7gYcPuGAO+CE25cuBdWJoIhf7trG5c2COQUrbzFfEVx66cUXX8wzka2gil6WI12PZEgHcsE789G4cUXc9J8EPPzoldII3YHj2f+BU4Seh6OZviuR4z1pwhCkAExVKxgY0XuVNNZXSHn5q5Sb27Fw4R1oUq8I/vuvZHRp1xWrV6xFdmYmXI7Q53GmN9P9cs1L1rLAuNC8geuO8gvJ5MmTc+0wdTmB8dFx0+HnbzXCqwSvDyeOHMNXn3+Nlx7ri/J/qoA7I25B4+haeLxEFwws0RMjiwzApNghmB01Fm9HjsW7EROwIEoEoRKGk04KxClK+BZ00UuxS9Gr/+bI7/yIkZgbMwTji7yM/qnP4MHUDrgz5nZU+mcVvN77dWz9fhOyMjNUvmLaM835HnSZ0fmOvFygw8zwMz5paWmYPn26WuKPZg5G9IaBLohW6oxQmESvzhT81MSj3yeZyAscPXocb7+7HM2b9cSfrmyLIrEPIT5iBFJivhBuU7asRSKFJ4Uv7VzDi1w7wwvKy4HhRS9Hejni7RfmIDUqE8Xj9qJo3CoUiRuH+PhncdXV3dCuw2gsfO9rHDyRBocvGz4/typ2wC8iOBDklsUFK2/psrJ161b06NGjUIhexoUNuT76/EFs3bETrw58EaXv+gfq1E7B9KmlsWtfZTj9/5aG/wb4PX8X0XuFiL4rJdFKybGYCGEKXiN6XZ7/INNZBus3lJaO019R+s541Kl5M2ZMmouD+47A43PCFwhtdFJQRC/BssFGm3NK+IWEI1ds1HVdfTnFkWHVcWP4Sb4rvjPGU9nvvvUunuz6DCpdXx2lo+9G8+SGeKJIV7xarAfGJQ/CzKihIl7HYH7keCyMGK44N2qcHMcqzufmEyL+uFJDQRe9c06KXordhcJ3FMfJ3yMwNfZ1DE3uh97Fn0OH5JaonlwZre5uhpmDJ2LPjtNzk/gudJmxC9/LBTrMJOPATqEWvWPHjjWiNxx0YbSSiceCuGnTplyil+cJJmBBQ+jTOnt/ockEyuZUGhKP1y2N80GMnTAflas+jBLFmyI26mGkxE9HsfjVIuwOISXqhAg+hxJ9KdHcbc0jpPjlRhVc3UEo4tDKohHBc2R4IXohmSLhyE3uNBfaXpnCP5Gj3lHpSI05htTY7SiasBTJiWORGPsUrvlzJ9z/4OtYtmIjjqWlS3p7lC2b158F6XIgmFOwVgbRZUWLXq7Ty9Ub9ES2gip6GS/GPTSKFUB6ZhaWL1uM+9o3xd23JeHRrn/GihWVkJ5VAS7XLfB5bkDQeZWaxAU/xW9R5Khd2ih4i4XErp9i+KTwPRvDCcpLgidNODTzhJ1in8uVJUmnuyS8nuuQ7boHBw7XwoKFpdGwYQrK3HOliN9u+GHT93A5XfBLZ9F7ss5mHX055yXdBulGnBNzuAQTO4vjx49XSzDxvG7ELxdY48Wwa1J0MY5cU7V90+b47zX/xm1Jt6NZ0aZ4tEQ3DLiiD0YUG4hp8SJ4o0TcRk4SsTdeROwIEYPDMTtqjIi+cXibo75q9QYRgydFbm7yfG4hOUcErZ12cXkpiN65EgaO7Fo5J5pHCa9cXyik6F0k8WdazIgZgZFxg/BakX54LvVRNI2tj9Lxd+CBGh3wwewPsPeXfSE7amnrOaeE+UlTlx07L1UwvJrMT9z0iEuVUfRSt3Eimy4vFzM+l5ToDQcmEBOKI71cW3TMmDFq9QaeI/SxICEYZIZn5mDDwd4fC0QAPn8ALl8QP2zbgdfenInSZe9DkvTAYyOfQ3L0LJSK/x7Fo/aJsHWI+POK6HWiaCTpEoEYGvVNUVv65h4dzT3q+1sYXoheTHKpNo5wJ0dxpNsp6ZKFItGZcsyWDsExJMdsRFLceyKIByM6ojn+/Z+2eObZkVi+cjUy0rl+oleJXo708h1cypXMbwXLEmEVvdxZiiNWREEVvSTrCZJx9Lk90tjsxISRb6BBzVtRpXwkBrz8d6ljKiIj6zZ59zfA77hSKpc/S6JdKcJPmzcUPSkGKXZ5XQvfszCs4LzIDIrItdMebl9I+PpE+Hr8V8MTuBVH06tg1ZpKUhf/H265OR7t2tbA+x8sQEbmMbXwPtPa4wl11nXaX+55iXEhOTFHi15+ruXfukPFeF4u4PvQ5VzHjb8ZF9YNL7zwAm7+29/w1/grUbl4JTxYsgv6luqFN4oNwrjkoZgRPVIEHs0ZROyJ6LWSS3eFPu+f5rmK13O9748kRS9Hdq2cHTNVBL9ck+tK+EpY31VxnyhpNRaTYkdhdOIQDEjthYeT7ke16EqodHVFPNnqGbw/60McO3oMbq9bOtuhvKQ7jPyt35OVl2p5sucrrm7CVU44kY2bitE8yBov7fZC45IXvUwYJpLeOrUwiF5+VietwlelQzBHGh4gyy2dgC17MeD1ybjj7ntRJLEtEmNeEpG7CMWiv0XJqOMoFukW4WtErxK9agOLgMTdjdTI/SJ+N8lxEeKjXkBcTFPcdFMbdH+mN75evQVuF9d0dcDtcUjlc/oTra5wLmfo8Ftteguf6A29U6/Lg82b1qPnsw+g9B0lUataPIYP+xu277oD2d7rEfD/VQriNQj4uD5tqlQ0FIsFSPTmGtHVtIdb4hfg8mSpUudch+OZd2Ltuqp45eV/okrFZFSueBOGDR+IXbu3QmomVVcx3zDrWMvM5Z6XGAfGhxNzuA1+48aN1ZHrjlrrh8sFoXd0Wpyo8nDStIGfoClQKt9VHv9I+jsqJInoLdoF/Yv2xJuJQzEpfrSIuzF4O2K8cJKIvYm5SGFqF6t2FgbRu1CNaE/CzMgJmBIzRi1lNjrxDfRJeQEdk9uhYnR53FbyDnRt/RCWf7ocWc4s+L2hvFRQRC9Xy+F61lyyjDuz0WzGGi/t9kLjshjpZSb47rvvTu3IVtBFr1SzilbhqzK7nPXIpWxvECcynVi3YRN69RuG/9zYDnHRzVEk5mUUjX0LJeM2i/A9gWIRWUb0UvTSzpfXIoOSJkyLNJSM3ooSiW8hIfolFEloi//+ryVe7TsZP/2wGy4Xt4hkxRNaZ1QX1ItRQM8ndGVpXb2h0IleLlGXw0mifqQdP4Z3F05Hy2bV8b8bi6F+7WRMmXI9du0vA4fzNrg8/5C8IKLXzRUcrhYWINHrK4EcX8lcDBd2v/cquETwZjnK4ocfK2PksDtQs0oC7rz1KvR4/kmsXb9a0uoE/AHO+nepPERTLF1eCkJeYviZd1hOOMLbqFEj1YjTFMAaz8sFjI8u5ww/SdFL8x8eOcA0qM+rKP+f8rg1/g40S2iKx5O64Y2kVzApaSjmi4h7RwTd25FTMUtEn5V2QUieq3g91/v+SOZX9L4VMQNzRPjOjJyIaVHjMT16HCbHDsNrRXrh2SsfR4uijXF93L9x699vxxOPP4E136yB28l2p+CIXm5d/fbbbyvR+/rrr5/SbTpe2u2FxmUx0suEoXnDU089pXqhhUb04vSIL80bApIOonfhkii72GhnpGP12m/x9HMjcf2/OiIxviNS4gahROwKlIrdjVIxx4zoVaKXNr4S3qgAikdQ+OagZORxpEZ9jmKxsxEX0QNxcY1R9s7WGPrmVGzdsv3UepUsoOSlXNnkFzr81nV6C5vope2cF344XFwg3oe9u3/GhAmD0bRxLdxyYyk0bVgECxbehR27KiAj63a5968AV3LgphUFSPTmeEshaKM93DkijL0ieh2u/2LXzqoYP+pmNK6bjPL3FEf3xzph+fIlOJZxCMEcl9RNpG6sC5boJRgv2r5zAlvDhg3x5ptvnpqYo+N5uYDvQ5dza92mRS8ntn636iv0erwHat1YG2XjK6BxQmP0T3kco1P7YFb8MBGgE0UATseMqKm5yCW77DxX8Xqu9/2RzK/onRsxS0TvDMyKmIIZkRMwM2ocZiaOwOCU3njxmsfR/ormuDHpv/hzyl9QqWIlTJs5DcePHlfvo6CIXm67vGjRIiV6BwwYgB07duSKl3Z7oXHJi16CicStU2nTWzhGevNCZyTGl/QGgvDlBHH4WAa+WrMdjz86An//6/2IiGiBonFDlPC9Km43isUcEKGbLqKPO5Zx57KgCN2Tqx5E+YSh9X3tzCtwL42Ja3lpD2dAyPM8+kTwuyX+FMG5mRqZiRJx+1CiyKdIShyI2Nj7USS5FmpUuR9zpr2DA/vT4JTeBRsBpvfpyibUIfl1XrqVEvHLL7/gpZdeUiNW77zzjpqQQzCuuiLSbi97cBF4n/8kpbKVd+nzu0T8Cr1OZcqye+8WjB03DHVrVcT//SMC7Ttci8Xvl4cjqzFcrn8hJ3AtfE4KQRG9vlLIcV8hiXW1vGo5BkUEW5gTkOs2hhOdF5RaqKu/ORkvRa1OEXT/GUHX3+T4F7XjGnwi8ANXqU06skToe3L+KvG/HUcPtMKCeeWV4L39plJ4+vH2WP35R0hPOwiXO1PcO6Wh9pysmyh4T6Z9AYGuAyh6udg+y80bb7xxaocpXr+cocu8tX3JlLh+uWI1ejzSE5X/Wh5l4m/F/cU7441SL4l4G4I50RMxK3oG5kTOxszItzBVjpMoAkXkkbNE+M0QwTtdGE48Xl6cIIJ7vHCMOtptludHTBOxyx3opmF25DSJu/yO5bnJeEfSYX7MJMyKGYOxUf3Rt+gL6HL1A6iVWgf/F3cD/nPlf9G+aQd88sknOHz8UC7By3dCXi7Q4dXkms8cVKHo5U6GbHcYLx23i9XGXDai98cff1SilxMJCqPotVdMbq8LnoALTmm4MzJ9WLpkAzp0GIrixWjm8CRSo6cjOeJTFI3eJqLvEJIinGoJr6TIcKI3ryjMKyYvF9FL8vyvi15u6FE8+ihKJa5HieQZKJr0MuLjGuGq4uXRuul9+HTZF8jMdhZI0atHejliVdhErxQgeZ9cxYEj+W71Sd7rz8QPP27EkDcHoULZG3DbrQl4oft12LS+kQi7MvC4r4PHVRxBLyd7FUfAUzT0OyAiN1g8NwMl8zCPCL3QDCN61Si19xrAc50crxXBeyV8jkTJvsXgkThmea4R/guHDpbF8sXV8dADpVDm9mQ80L6ZdAgWIP3EYTgcWZK8HJmiWUNI9AYKoOjVQoQjoNyUguWGm1RwYg7r44IgenW51+1L0B9AVno2lr2/HE80exjV/1QWDeLq4qkiXTA6qT+mxI/ElNgJImqnYXrUbBG9MzE1arISvHOFs0XszRQRTOEbXkheTjyb6J0iAvd0vGnm8VbkdDnP1Rxo1zse4yPewOCo5/BcicdRP6UBbk+8G2X+rzweaf84Fs58G1yRKtMZWrdXi8LLrR7WYdak6OU29+3bt0f//v2N6P0tYEbQE9m4TmJhFb3WiikQ9MIXyBZyjVVOQDiGtxasRO06T6B4aiskRD6DorFjUCx+JYrHbkXRqBNI4YYVIl7ziF7+tjGvkCxYopfuSsRkoFT8jyiR+A6KJg5HXEwLFE8qi4qla2H2nLeQlp5RoEQv40Bo0VsYR3ql4Kj3SVLMMM6egAfp2SJ8f9iMwa8PRIVy/0PZW5PQt8etWP91dRE7d8Ht+QcC3j/Lqy0l6ZOMoIjHnECxfDGPCL3QDCd6GS6aaPhE+PquVm4CvmhJsKJw+f+CTPftOHC0LD5dWgYP3f9XlL49ER1bN8B7C97BkQOHJV6A0820C8LnD616ohozOX8ymxUY6PzC2ejcfrhBgwZ49dVXsX//flVWmI8ud+hyT/I9etzSkZE4H95/GB/OeAfd6t6LmsWroHlsHbyU+jgGp76CUclDMT6BqxNMxbQo7sbGz/uhtXjnRU7FHGXukHdN3suPZxO9kyTek0T0cmLfJBG9k06K/wmYGz0OE6WD8GZsP7wQ9wCaxNTBzbG3ouottdDrqT5YsXglThxOU6YlvkBo9YaLLQrPFTr/aFL0fvTRR+jUqRP69etnRG9+wYRhpUKb3qeffrrQil6CaaErJ2qroJ87tmXJFQf8Pgd279mPKVPfQaVKj6BIXEvERjyE1PhJKBG/DCXidqBYdLoIQBG6eUQvhXBu5hWSBUv0lojNls7APqTGrkCR2JGIj3kWsbF1ceP19fFIlyewZu3XcIsgKoiil5VP79691eoNhVH00ubUL+e50yHX7fVIVDlBNNPpwubNP6JP7x4od8c/cPuN8Xi513+xaWNNSZs68Lr+K2/2L/DnFIWXGzf4i0sZLJaLOcGUPMwjQi80w5k3+BMR9BZF0EN7Xgm7r4ikSRF4RAA73aVx9FhzfPpJRTzYqRT+969kNKhTFrNmTsGRQyfglcRyeaXDIHndAxGE0mnQk22ZxQpK1tFgI806gLPRuQRT/fr1VSPO2eiMc0Fpg3K1L/JuvUEvsl3ZOLRnN2YOH41W9zRBmdjb0Tq+EZ5NeRSvl+iP4SmDMS5+nDJjmBs5EW+L4H07YhoWRE7DfBHC88iwQvJy4tlEL9cqDi3ZNjtqPGZFj8f0iLGYGjUc44u8iYHJffFk4qNoHFUTd8Xcjmr/rYrX+ryK9evWqfkUrHet7czlWv/qsGtyXsySJUtw3333oW/fvkb05hdMGC16OZGNs2YLq+glTlVKEu0gW+scF3ICmfC60+FwZmHX7oOSRu+izN3PIym+I2IjeyI5egaKxaxDauQetYxZXtHLv3Mzr5AsYOYNUXuQFLUeidGzEBcngjehFf7vX23x3NODsW7NemRJA+cRoVSQRK+uZFh+2Gi3aNGiEIpeiR8PQr+PzMHxrACcUp4cPjd8OQ78tGUdhr7ZA7ffdCXK3xmDV/r8Bd99WxXZ6XfB4/07XL5iIgaKifgrhoCPu5adZk4wOQ/ziNALzTCi1++Nhd+dCL8rVY5J8Hti4REBnJHxDxw6WA3LltTEQ/cXRenbYtC0Tk1MmzIOu/ZthtPlFpEbhMPrhCOYLd3tTOlHnBa9KtsUkKyjwUaabRBno3MJpnr16qlO4549e1Sceb2gQJd/lzub3Rm4gk7J19nY/t16jOozGDX/XhnVYyvi3shmeCHpCbxZ9DWMThyFGTGTMD9yEt4V0fuOiN6FwsIjeseJ6B0noneciN5xInrHYUrCCIyNH4iBiT3wSOwDaBTZAKXj7kGTO5thxCtDsGXDOmQ7M6S+kfYlGNIwXKf3cq57GXYrKXqXLl2KBx54AH369DGiN7/QhZDmDYVlc4p8gdHmVzWfiCy/V2pmF1yuNDVytXHjPslkM3H7HZ0RH9cKCdE9UTR2IYpGbUDJuL0oFn1MxC+36g2gSBTFLMLQLi4vTVpNMjRDwlcEL1esENGbHJWB1Gg3ikfloERkFopF7EJqzCokRk1HXMyTiE9sjDtLP4pevYdhzZpvkZ6eJunJSogFlBWRCCaunRxW4IbjpVlpsRwRbKxpY8Uly7ikDBfZ5zV+YuPxYlZI5xtq5ZNcPPkJPhc58ssd27xwOl0ibpz4efM6vNbvRVSv8B+UuTMCr/a/FevWVkKm82Zkef4iwvdP8LhLwee6AgFvSQTUlr0iHn0iJIXBQJLipTHSS1L0coWGEmpk1+vkLmtF4PXHSXyi4UEKMh23Yu/+Svh0aR3c3+nvuOv2kqhVp4qa5Ldj5xa1PTdtdykASZ2fJAXD8PKFbnNI3UjznF6CiWZBNA/auXOnan+0+4IEmqwEg14Ec3xSLqRrk5WGtV98id6P90bNv9VB9Yhq6FikHXoVfRIj4/tjTOJQzIwfKYJ3tAjfscKJeDdyipDbEOcWiZzgFV5cXvqkKcPbare1SSdXlOAKDhTEIoyjJ2BmwjBMTB2Awcm98ZJ0Cu5LboNqMZVQPrUM2lRth+nDp2P7D9skTV2Sr0J5p6CAcdFlgWXGOtJL7UbRy/JiRO9ZoBORI7206eWi4Eb0CpTolUwjjbUkgtArUisbHm82nG7gm/V78HzPMbjh3x0RH9sOSXGDUDz+AxSP3YhiUXuRKuJP2/cWPNGrR3ldwmykRB8QkXsAxYUl4n5EiYTlauvm6MgeSC7aAmUqdcSrgyfg+83bpPedJRW+U4SBG143K6aCKXr5uYnmDYVS9AZZp5wmK2G/NECsS7h5BYkcB7Zv/gFvvtILFe6+FuXvTMJLT/0P67+pIZ2iWnB57xJ3V4nQDY32+r2p8HpSRPBS+FLwJgtp3sCRVZsIvdAMI3ppihGQMHokjB7/NZLv/4Gjx+tg2bLy6NL5Ctz87wTUrFYGo8cMw779O9UqDaxbCrPo5RJM/DLCnQy5uUtBFr1+qfdop8337fWSbqRlHMXK5SvxdMfnUblUZVSKKo8H4ttgYOLzeDN5IMYnvCnibxTmR47FAhGBCyMn4+0o2vgWJNHLyWmheMyLmoS5alOOkXIcjVkxNGd4BUNSn8cTKZ3RvkhTVIoujRp/qYInmj2G96YuQtreNPidXqkj+HWk4Iterkpx//33K9NUziUxojefYCJt2rSpEK3Tawczh4hbK6XASORZO4UoAtjvp4nDCbj9HhzPcuGLrzfh6eeH4G9/b4ToqFZIiRuI4nEfiujdiOLRB5UoTFGjohzttTO8yLzUGF70Mvwc5c1G0egTInSPokSMxDdqC1KjlyAldjwSEh5DYnIzVKjeGUPHjcEPv6xHtjcdgRxp1P0u5AhpM10QRS9nCvNzExvvwil6Q3HU9AekEaJdKke21OgWbeycarvizd/9gEH9+qDS3f9DlbuvwMt9/4X16+vgSHoZuDx/EsFbSlgCPk9ReF00G0hVDPqLhmx8w4nQC80wojcQuEKEezERu1dLnCvhyKHa+GRJXXTuUAL/+kc06tashmmTZ0pe2akET3a2iF5uPnFyw5bCJHq1sOXEnHfffVd9IeFWvRy5YjoQp9OiYIDxZtzUBCs5qvjnuHEo/RiWLP4M3Vo8hFtTb0bViDJ4MukB9CvVG0NSXsa0mBGYGT1GjX6+FTlJhG/BEr1cpWF+xHQ1yquWbYsZh1nxQzEjcSjGJw3Eq6lP4emiHVE3uSLujrkZ1f9VCf2e6YfVn32FzMPSvjh9CHgkz0j1yrX3C0o9SzAuuuww/zDvLFu2DF26dFEbi3EnUCN68wkmEndk6969eyFdsoyZQ9kynGbQI5EnJf76lAg0NjhunxeuQBAnnE58vvobPPRYH1z3t1aIjeyGZKmQisUsRsnYH1Ei+ihSIzJEIGqTACvDi8xLjXlFL0d55VqkW0RuOorGHEaJ+F8kzhuRFPEREqPeQGJcN/z5r23RpGUvTJzxNjbv2AyHLw2eHK45KmknPXGPg5MDC6boZfmhTSI/0xY+0SvMkXdqoT9AO1WXhVyqTuodKVpZaekifDfhtX79UKfqLahUPgb9+tyIbzfVRHbW7fA7rkfAfR0C3ivh83LEt5hiUE1y47q92pb2IjKM6HW7rxXRe52I3v8hI601Fr9bG/d1+DtuvD4W9WvXwMSJ07B9x25Jh9ByXFr88e/CLHq57iht4Z977jm1s6HVDr4ggdHh8nM+Hyd8hpahc/kCyHB5se/wccyZNh8ta7VE2eRb0SSiBh5JfRgvF30R4+KHYVLsaEyPHo85kRPzCN7LXfTOi6CN8iy1MsWsmPGYGTdaxO4gjEp5FS+nPI8HktqgbpFKuDPpJjS6tS6G9x+Odd9sxPGMDLhdTmmy3cjxB0T4crQ31JkoKGBcdFnQonfFihXo2rUrnnjiCWzZskWVJSN6zwImDBOKI73sLRTOiWxhRG+ONEZBObI2kv9p7uByuOH1cLcpN5xSGWdLATsuPfP3P1qCNm164oqinZAS0xtFY6eiePQXInp3iDg8gNRIh5rglhLhVcIxRZh35Dcc84rQ88egCHK/MKB2WUuVnBo65mYyJ6mdErz87ZF7gWKMQ+RxFI/dgWIJnyEldhYSo19GYkI7XHNtA9zboR/efX8tDhzJQLbLAS+XXQK3gZT8xmT1SsFUhZO9cRZQ3ZjzXeSHlx50JcPPsr169VKid8GCBTh+/LiqhLSQ0ZVXQYB+d6fJ90kRc5qBIEWvU5m1eH2SF4ROV0D+lg6k5I2gdH62/fQjRg55Q0Tv9bjn7iT07vdfbNpQEY4TFeBz3oSA70+SZ4oj4CyJgIsrIlwholeOZxS9JUJHEaQ5isVOUYnUPO7PxJNLoilhe3LCmp/r8HL3uJBfoS2Gr5TsK+GRv/2+4qEJeZ7/4cjRqli2uDa6dvgzbr4pWeJ3K6ZMmo49ew+pDXC4yoVPTeiUBppCSMqE5uk8ovO8lZcvdP5nWdANOI/8XMt1Ryl6aWq3detWVWYKUnnR4LuWKEvcJeuI+OVKJ6wXOUgpf2Ln9r2YOnYqWpRphEox96B5Qgs8mfwY3kh+HaMSRmCqCEJ+/l8YMUGE7qQ8nBvJ1R5OM7zA/OPIEdt5J3k6DOEYWoqMu62F7p2GORHTRfBOwdS4MZgQPxRDU/qgf/IzeCilE2omVsZdyf9Ds3INMWXwJOzeuhsOaZedIgA5gKLWs2ZZknIVlPJVkPKNvcywQ7hy5Uo89NBDePzxx7F582ZVXrTwvVhxv+RFLxOQicTNKWgXQtHL7ez0CEThEL35A9PETpcnDXv3/4JZ099D7crP4E8luiIppieKRc/FVQmbUCp2F1KjjiM5IhuJIjITInOQEE1Bax31PRPDidXzw5DYdQo9J39DBG3eLZSTuMWwuFdU2w1nieBl+D0i4ndJPD8XkT9F4tUTReJa44YbWuOhh1/HsqXrceQQR3OlsyA9cE7cYKVkZUjoFhzoSoail+YNjRs3xpw5c9SyOayEiILWeOcHtK2j/WJuhipmHllRc5Tv+x824tUBvVC6wj9QunIx9O37b/zwXT04nRXhcv4FHscVQPYVyJFj0C3il2YPwZCJg5Wh3dtCG1dwNDggIvTczSJE3Ko1dyls5fkiboP+BGEREevcREP8l7D4PVfB40lVJg2e4J+R5bke+w/dg08/qYZ72/wJ/70hChUq3YaRo17Hnj274fPmSAc6VP9aWVjBfMCRK647yu27OXLFXUKZRy5mA/5HQosYHUf+ZpvCY2ZmJn7a9CMG9ngVlf9VCaVjy6JFfFs8X6I3BqUOweS4CVgQMRHvRYzD/EgRvha+FTlRjZRayQlh1i2Hw/H3bENsH21ecHI94bf0esJC/m0nl2HjiPUc9exQOObETMKUhNEYnTQYryf2R8+Errg3oiEqRpbGXSVvRfvqLTB90hTs3bkLXodLCpEUURG6zENWFrQ8o+sITdabX375JR555BE89thjqrxocxnGn24uBi550UswcdhL4AxArtNrRG94WAsUyczl9mZJWrmwf+8JjB+5GFUrPoPkIi2RGN0DRWPmiZj8CkWjjiJV2fdCCd/4CIeIxnAi187wgvV8MDUieFLQ+k6SgpdLrOVmEt1JuBXVSg3pKBZxTPzYgRIxq1EsfgYSoiSuSV1wx+2PotdLk7F27S5kZ3IkF/C4uUe4A8Ec2ydwoRG9hQPhRK9u5HlkOWJl7XCmY+u2TXhjSE9Urvl3VCgXgX4v/QMb11dDVmZ5EYr/FbF7BQIemjikyN+pUvaK5hK8F0T0+sQfkmYWXrqRa7hK6oJS8Pj+T3gXDhyuhPc/uBUP3n8lbvhnNKpVvh2jRr+Jfft3wOnKlozA+uT0yI1mYQXrU7Y5H3/8MVq2bKlGrjgQw/O67BQ0hBO9PJ5qX1wefL9mA3o99hLKX10JZSOqoEP8I3gp9WWMSxqFOWoVB65yMDEX50VOugREb+hIf+dETcHsaP6dV/TOkbDOE/HOpcq4/u7M2HGYFDMMIxMG4PVivfFi0uNoG9dYrdBQ6dqqeKLTk/ho4Uc4sGevpI8b7mwncrzSnvhyt81kQRe9LC9fffWV6iA+/PDDajECI3rzCSYOewlG9P46dOWUm371Wc7lDGDb5oMY+OpU3HFnGyQn1UVSzPMoGf8WUqM2oVjkYRGKQRG+ARQ5o52vneEF6/kgTReKSHiKiNANkYI2L5MkHCHhKwI4Og3JsftRInYjisctRrJUTrERD6NIfBOUK/s4XnttDtav3yYChXa7HimAImbcnJl80i4vRyp2CwtapaTjY0RvbtCEJSCdHCutlTfrGK7o4JEOZLYjHT9uXo/X3ngOjerfiGoVkvHS8//ExnW1ceJ4FSlrIiq9V8HrT5J7iighe8FFr4jboFf89tJ+l+YMReGR5zjdf4PLVQF7d9fCB+9XRqcORfG/GxNQp1YFjJ8wHL/s2Aqvz6VELzt8LBfWdCALK1g+mB5cgql169Zq9IrLaLIB12WnoEHVifLOdVvCuPIcywPTgp/ps06cwGdLluOJ9k/jrhKVUC6iATokdsHA4n0xNWkYZsWMVaIyN3ML3osjermucEiEc0LabGE40TsrivdydHoMpsaNxLjkYRieMhB9kp5Bt8QOaBpVC2Vi70aTm5tjwPODsfarDTh69Bi8TpdaGzwogpdrg0uDciodNQsa7HUF88g333yjTIEefPBBbNiwwYje/IAJwwTS5g1DhgwxovcMYIVkJ0dsaOfrlcLHdSY3bNiKvi8Pww03VUVKUjMRk31EPL6DYiJ8S0a55BgQEZwtwjOcyLUzvGA9H+Soc0IkGUCCiNuEaKeIWqeENTeTIh0hiuBNit2L5PifUDTuPfk9GNGRHVGiRGPUrfckRo1ZiB82/6JmoQdEwHAkl/ZVetkYVkLyby6qxCtAUPlBYERvbqhOjhK6Vobs7XTe4OhvEJzgJh1Il5Sj777Cm68/i9rV/o1KpVPQ54Xr8M2aKsjMrACH619wi3gNBBOlgroIotd9DYKeq04K32IieovBF/yzGuE9fLAB3ptfGvd3/BPuuCURjepVx5SpE7F930ZpkEImPiJrJN4i5tRqFrkbssKKUMfHpxbbb9u27amRK54rqOnCvM+4aZFGst1lnJVwkXo04HXg8NGDWPrRZ7i/6eO4q2Q9VEmog65J7TG4WC+MThyM2VHTcnGO4qUgekXMRk0Q0TtBRC9tj/OK3pki0hco0TsKExOHqs04ehV7EZ3i7kWNyMqoXrwi7i3TFpMHTMUP325DlsMp5cgFv9sDj/zm0e9mOoXyiZUFDfb4Ma98++23aqUTblCxbt06I3rzAyaMFr3sMWibXi12jej9dQRzOCNfCp005Ky0MrOy8O336/BMz+fxf/+uh9iYlkiIGIJS8Z+K6N0rdKJkjBepEaRbxKdb2c6mKDvZ8AL11xnOPjivu2Q75XlJkd6TpK2uMDpb6Bah7kdipAjhyEwRw1lIiNmN1MSdSEr4EimpM+Rcb8RE34vklKpo0LA75s1bjF279sLtzYTPn6Ua9FzmDEr0FMzRGit0JcOJoNycokGDBmqHKa7eQDB/GOSFroMoCjniy8o8OzsLW7auxcgRvdGw3h24564IPPfc3/DN+opIz6oMt+fvIjivAjzXiAdy9KWIEE1EjkdEsAhbrt+biyJcQ7SIYzsphrnrWy5S8IqIVisziJAWAQ3vnxBwJ8Hrjpd3eqWE+x/IdNyJQ0ca4J2F1dCmxRX4z41FUa9BBUyfPlHyw0642TArYROqJ3gsDGUiv2CasMH+7LPPcO+996plmLToLSzlhuUglDdYX8rvIIWcG26XG8cPZmDulEVoXqkTbi9RBtUSq+K5K7pjSImBmJI4HTNjZotonYt5UTMwJ2YyZkRPxkwRnrNEWM6NmIm3lMjMLUzDiddzZR4BHcURXgpe2heHRp9nq2fy2aHJazNEEE+JnYhJkcNE8L6O4Ve8gudTu6NDQltUiKiA0sXKoEut+zB79FTs/3kPsjMdyJY8knWy06zTicwJFvzBBB1X1pWh+tKjRneff/55dOrUCatWrVLneO1iDq5c8qKXicNEMqL3XMBP9u6TwvdkARSxl+E4jE8+/wiPdH8F1/3tXsRFdUdS1BgRuV8J94sIPSF0y2+PCFC/MjOgED29aoNmXvGal/kUvSe3Pz7Nkza9FiaL6E2Okt/iZ5EIHxIjHEiOyUZ89PcomrQOifHzEF+kL2KjO+OaP7dD67Z9MPetz7Bz5xG4pGL2+DLhFdHrD4RGeu0s6NCNM0Xvyy+/jPr16+cSvaYshYce7dUjFDyy8vZ40vHTj99g+NB+qFntOlSqGIGXel6NtWsrISPjLvjdfxfR+yf4XMkiQOPg98SLEBahKgKWO7XlIs/ZGE70qslpVtJm1yp65e8crhnsjobXlyDl/ToJy43Y/svdWLToDnRqXxJ33pKEZi2qY/rM0di1Z5savebyVFrQaLK+MAiB6cF3ztno7du3Vwvuc0UhnScKA7So0eQGFmpNa0kX0b7Yu+0Qxr02HQ3uao674u9GuyKt8XxidwxLHIEJMRMxK3IGZkdOxSwRmjOEMyNICs0ZIjQvrOjlphIh0avti7kU2RS8LWL3HTWyOxYzY8diSsIojIobiIFJPfFsicfRJrEFasRWRZWrqqJro254d/IC7Nu2Qy1rQVM5p88Dh+oM5E6riynyLhR0XFkeSJaXjRs3KtHbsWNHfPHFF8rUkteM6P0VGNH7exBG9AalkvKn4Wj6Hnzy2Vdoe29vXHFlC0RHdBEhOR7FotagVOxOFI+i8OVWxTkiLmkzy/Vvzy5e8/L8id6USBdSeRTBmxzhlDCdQErMXhSJXYriKfOQENcbcYmt8a9/dcL9Dw7CBx+txqEjGXA5OZNUGi1vpqSIW32+NaLXiN78QoteO4M5QTgc2diy+XuMGtEH9evegMoVktGv93+xZlV5HD98C1xZfxEBWkyEQRHJg0XAFR2CImD/SNGLnFTp5MXC6S4Bt/NW7N1dHu+8fZcI3qK49eYENG5QFZOnjMS+/T+LMM6W8sDdk7j7oC1+Ul8YhMD04Aj/559/rhrwzp07qwad5wpLudGiRpNfD/nVzCtCJuCSY5YX2zbuxsAXBqPaP6uhYnR5dCjSFn2L9cGQpDcwKW4cpkWNx9TIMZjBNW6lvaHw5TJgdsF7MUTvQgnLuxHjRPSOxLyYoZie+CZGJvbFqynP4aGi96N+kXoonVAGNf9ZHS90ewkfL1qCYwcPwit1QNDrkTKXDR/TA0b0khS9/BrSo0cP1VFkh9GI3nzAiN7fg7yiN8CRCU9oTdKMrGwsXroGDZs+ipIl6yM28hERvhNQPGYJisVuQdHIYyIufXLOK0euf+u1Ma94zcvzJ3q5tXAxYdGITKRG7UFqzPcoHr8cyYmDkRj/BBKLtMA/bmiMZ18YhS+/+gHHT2QosSudb4m75KOgQ9LELQ0995U3oteI3vxBi16mj9UejZLQL9eczizs3PkThg3tixpVbkH5e0qg9/P/xoa1VeB2VBdR8B+55y+S/66UDmdJ+GnG8AeK3mDgamlwrpUG5i4c2V8PS96vjPbtSuG//4lFk4bVRfBOxO69v8DtyVLbC3Pd7xzQvt2I3jOBaUGByyWYKHgpfPXEHKZVYYDK8xZy627Oi1CbIkmZyJG0cGV6seaLdXjxkR4oU+oelI8pg4dKPoDexV7AiCJvYmLMSEyJGiGidwxmcjRVhC9F6XwRohdb9M6NGIV5kcPk3CBMTuyP0am90TvpIdxXpCUqx1fErUVuRc3/1sKAF9/EunXfIy0jEy4nt/7PUp1HrvWdQ8nLbextaVVYRS91W8+ePZUdPE2DjOjNB4zo/T3IK3r13hY+jzTeUlcfPpqNuQsXo1qNbriiZGfER72E5OjxSI3/EqnRu0R8OpAc5UBKtCO0y5mVYcRrXp4/0VtM3BWX+4tFHkHR2G9RNHGJhHM8kop0Q0pqc5Qr/xj6D5iIr9f/jGwX11Z1I+CV/COil1CmDSJ8uSGBEb1G9OYXWvRS9LAi55FlycNGHwFkOY/L+Qxs3bwRo0a9gtrVbkPNCkUxsM/f8M2qssg8Vhoux43SGF4Lb7AEAsGif6jodTn+CY/rNhw9WA3vzbsLD3cqhTtvTUDDehUxbdpU7Ni3DZnZJ6ShdkpYXGrr8kCO/D4pdjVVfWGgwLRgh4d2iffddx86dOigJukUZtEbkDZFTdryuST/0cQhW0SND0eOHsOyxcvxaIuHUfXPVdAgrgYeir8Pryf0x8T4EZgWNxozYkeJ6B0toneciNKJl4TonSqCd2rUG5gU2x8jknvg9eLPoktCc1SPqoC7i92Ne6u0wbhXx+L7b3+GwxWUTqO8d790hgIOePzZUr6zpW7IlPLsypNWhVH0sp7kUrMvvfSSWvFk+fLlRvTmB0wcUove119/Hdu3bz/VQJuG+tdhLXg6Q7LyZobUjfj2XYfx+rBJKF2hI+ITmqJIQnfERM5Acsw3KBaXjpQYh4jhY0iMOYHkCIpdP0pw9Dc6S0hR7BGRynV084rZcAztpsYd107TvumEojKp4OiuF1dEenFljAelIo+jVNQPKB47H0UiX5EwPYRiKe1QscLDGDbsLWz+6YBapcLv90klFNpWNhCUhomT+VRjLpW1ZBl7upAFHTqOu3fvVtsQ16tXD3Pnzj0legtL432u0GJQ0yvlyMOlzCzcvH2z5MMhqF/rTtSskoiXnvsbvl5dCelpd8OVdaX0Nv8mwvRPasTX5+NWxSJ4ffFKsOYlhayFNI3gSK6FOU5x570aXu4EF7gSPhHHmZn/xv595fD+u+XRud2fcfcdxVGvYXlMmTYcO3b9KOHOlLwQErVno0EIfN9OpxNff/21monOkSvORmcdyjq1oKWVPR+Eix/bZbsbf44PDhHCh4+m46MFn+K+ul1QvkRl1IqpiWeTH8XwxJcxOW4IpseOxOyIUZgbMV7thrZAhOnCiEknV1Xg2r5kbqH6e1ZveIv+ypHr8y6MnIq35fj2yRUaZojonhI1AZOjh2JK8eEYULwnnr7iIXRIbYmKMeVRqURpdKreGvMmzMXu7XuQlZWl2k3djrLjaKcd4dKqoEHHi+WBZBpxq+5XXnlFiV6ufMK2mWWJ7ni8GDCit4BDp5+mzpRW4evy+rHhh5/Q/7Xx+N9tXZBYpA2iInujSMwCpET/hJTIoyJsM6E2f1Ajt6T8VoLXdVL0UqhSpIYXulaGVmjg5DgL7YKXVCYUHhSXZ5USlpRwlIjchqJRHyIpaoCErwuuKNUKtWo9hwkTF2HXnoMickPxo72Zx+tQn3BDwleL3hwleu3pQhZ06IrWiN5zQyj/nKZP8plXOle5KB0sbk87ethANG1wEyqVjcaLz/4Fa1aXRlb6LSJQr0fAdyX8wWJS9pLg8ySKeE2SiswueIWBlNzkcmY20RsSwiXhdl6BYOD/4HJfj717SovgvREd2sTj7lsS0bheaUyaOkSEyA4R5hlQdu05odGns9EgBL5v7srHdUe7du2Kdu3aYe3ataphZ32jy1ZBAeNjpx3MH3ndBODxe+GTn8f2Z2DR1PfQtlJH3JNYFs1imqJnyrMYkvIqJicMxuzo4SI6x4kgpSjNO9J7PkUvtxPmcziivEBE73sRs/B+xBw5PxXTIiZgQtRYjEl5HQOTX0L35K5om9oU5SPuRvXrqqF78274YPZbOLB3r8oDenRf1QHSjnIbczvtCJ9WBQs6XiwPJLUFv8oPHDhQbejCjV2M6M0HdOVrRO/5gbXwMdMx/XzSWJ/IOIqvN2xAj95jcOPNbREf3wqJMb1QNPYDEZ/foWjkEaRGuNSobIqiCN0o70nyd4jhRK6doW2DOTnuNPMKXu625pTnZqJY1BEUi9iLElEbUDz6AyRE9ENidGtce01jNGnWHdNnvoftO3+RyihTClp2qCISZcvPt8q+iuYdXKZMxVviX0i1HeNPGNF7btDlRtMvGclnI0d/s7Ic+OXnLRg3eiDq1roV1SpdjZ4v/BNr15RF2rE74HT8Q9z9STplyfA440OTz8KJ3mBybvq5y1pu0Rv0FYfHXRwu59/Er/LY/UtpzJtzGzq3L4LStyegRZMqmDRhOPbu3wKn6ziynSdE9F7cz4uXG5hWLBsUOzRp4MYUXLZs9erVSgTxWkErO/a8TtphbUtOuZFzTo8bbjnSfG7nTzsx7vUxqPa/2rgjvgxaJbXGcyWewhtFemNSwuuYGz1ahOcEzIrirmhTMTcqNPrKbYLPp+idI6J3rtw/V54zT57zTtQsvBMxEzOjJmFykXEYnTwCfUv2wCNJD6B+dE1UTCmLev+qiee6vYBlH3yEwwd3wReQ9kSt/BOKq24/82MqFzatChh0vJgmSldIXbhXOgpvvPGG2rp70aJFRvTmB8wspBG95xfWQhjw5Ugj7MDxjMP47It1ePrZYfjPv+9FQkxbEbJvisB9HyWjfxTxeUhEr0MJUu6SFrK9FYGqBK9TLSkWTuTamSj3JUYGc9EuekNbDztQLOYgisVtQmrMcqREzURK9EAJVztc/89m6NjhJby1YDH2HzwMpzNTVJsXfhdtLmna4FWilxMLctREnVBDL/+jgO0unG/wXRNG9J4bdF2kGRQGbPS6AbfLq7Ys/mnrNxg78TVJ53KoVvVK9O99PdZ+VREnjlSGM/N/Uu6ugc8tYtYXRvCS3HTCStr02kSv211K8v7VcGTdin07auOdWXfigQ5/wR03x6FNixqYMnU4duzZBJfnhIgQaXCCoW2WGX6D/EE30By5+u6779S2qpyNziWYaPKgxU9Bgm4brLRDlQG7G8lWPqlgpSsAj9S5WVmZ+PGbr9H3hb6oelMdlIurhJbxzdG9yKN4I7kfpiSOwPSocZgaPQ3TY2ZgdhSXL5uBhcLzKXpnRU4Sv0X8Rk8RoT0V82KmYHr0GIxLHIohxV/DS8kvoGNSW9SLroWKqeXQtEwTDOo9SDqqG+HIzpJyzfbFB79Xr2MdIuNsrRM07eC5PGlVwKDjZRW9Bw4cUPOwmjRpgoULFyI7O/tUuvF4MXDJi16dkNyG2Ije8wtdEH1OKkEpxEE3Dh9Lw8ovvsMjDw/Ddde2R5Ho7igSMQbFY5ejeMyPIjwPISnKhQQRvdw1jZtWpIjoTYnKFkGaecpG10q76C1iE7xkEoUuhbSIXa4NHGImisVuR7HET5ESPxVFovqjREp3/PtfnfHoo4OwcuUmHDiYBo9URG6XSzID4MkOVUrKptfnUqO86oLaYa1wg++aoOjt27evEb2/E2zamKK5KFmNJjQOdxrSnQewY+8mjB73Bpo0LoMalRPR58WrsfbL8jhxsCKCvhuln1ZCsidHevVoL213ucmE/PbxN3mF8ErAewWCnuJqQwpuMRzwlELA/08RFtdj967b8f6CO9H13lTcc0sRNKlTBu8umI3d+zdJ7j8Mjy9dmCWdQbeEL5QPDPKHU/WkNOJcgql79+5qIhuXL9MjV7xWkJAfkRbOTdAn6RQMwJXjhyvokd/Syco6hlUrVqD7fc+gwhWVUC22CtoW6YCeqS9gVMoQTIgZg4kiQqdGcx3fWSJ6Z2EBN6zII3qFYQStnXMjRNgKue6u5gwRvRzVnRkzGTPjJ2Na4niMjnsDryf3R89iT6NjTDvUjq6KSonlcW+Fdpg4bBK2/fyzCF4fglKe/WxfpHoMek6LOi3e8oPCKHrJw4cPY8SIEWr3T06apj20Ne2YLhcal7zoZeKQnAVI0Wu2IT7/CJkDhDIhP9dRBL37/hrc27E3rryiJaIjHkPRxCkoWmQ5UmI3C08gKdolAhYnhawXRSOdKBqVhdMmDyGmiJC1r95gH9UluRYwN5yg2QT9K87VGqJ2o0TiFygSOwIxkQ8jObkd7r7nSTz3wlis+GI9jh5LV2HXhYgFiAxIj9zKHBH0FllykoUPuoLhJydOLqhTp44Rvb8BulL/NTINmR9ZP3GmssvlxNZtGzB25CA0qf0/NKiRgJd7/RVffVkJmemV4XL+FX5vCgLu0G5tIZF7JXK8V4moLS7nRdi65bfrGuS4r4HfweXOionYvRo+z3+ks3cn9u65B4vevg0PdCyFMrfHomnDuzFt4igc2LcbLs9BOL274M/hCg0OCSO/eJyMkEG+wbLD98ovjtwOn0uWcd1RNuL6nRc2ME3C5f88DOYg/ehRLFnwPro164a7r66A8lFV0DGpMwaUeAUj44ZhfNQYTKNJQ8RcEb1zMScy70hvOIYVvZEzFeepnd5CnErhK6J3atx4jEkejaEpb+LlxJfwfLGn0C6pDapEVEbFYnfh4fpdMXvCPOzavU9NTPV5JU7yakXHS1xCHVrGiXHV7U1+EC6tChrs8SPZtowfPx4NGzZUW94fP378VHut77nQuCxGeplAeqTXiN7zD6Yx05FHFk6m7cEjJ7Dow8/QuNlzKFXiXiQmPIOEhFEifD9DcuwvSI3NFHFKwatHckPHcxW9tPNNiQigeJQDJWOOoETMdqTEfIaU+PGIi30QJa5sjCo1u+DN4dPx/eatyHBkwMOdpFipChl+CuCQgDeiNxx0BW1E77mB5eNstOZFlqPQLO9s7Ni6GRNHDULz+regVuUE9Ov5D2XqcPDgzcjM/JOI40RxXwRBvwhfjvj6rg6JXk/Jk8L3SgR59BaVRrg4nI7rkJ1+N/buriKC9yZ0vS9V2fC2blIJc2aMw4kjR+FxSYcwxw2n7xi8fm7BzVVNaN5QOPP/ucL6Xrds2aIW2+e2qlyCiZ9r9bsvbAgn5MLRKekmMgfHjh7DBwuXoF3DB3FHyYqoHFsbT6Y+gSGJr2JC7DBMj56ghOrciFmYISI1nMi1M5zofStimlybhnnCuUIuRzaNojd6EiYnjMawlCHoldoLD6V0RfMizVAuujxq/qUWHm7WFR/M+xh79h9BuseNTK/TiN7fAHv8yBMnTmDKlClqpHf69OlG9OYHzCxMJG3TO2zYMCN6/wDoEVOSDbXTnYm9B3Zi2qyFqFK1GxKKNEJEVDekJk1BasJqEb3bUTQqG0UjOeJLMctRX5yz6OWWx8WjXCgVewAl4tagWNw7iIt4A1GRD6LU1Y1Qv2lXjJ82FT9t3wQHG3FfOvxcI1LCy7AzzBxZI43oDQ9dQRvRe26wV+jhqMWRzpdk0OeH1+HCgd071Yhvw9q3onbV4ujz4j+w+svSOHz4bjg8f4fLd5UI0xQRuskIOIqFBK8SvmRR+DypUu9x1YdrkZV5F3b/XA0L5pXFva0TcPdt8WjZtBrmz5uOg/v3S0Odg8xsNzwSpmyPQ8qLW8JCwRsq5wb5B8uNfq/btm1Dnz59lHnD4sWLkZGRcUrQFDaEE3Lh6JZOljsgbYrkw737DmDyxNloVqMdbkkpjUZxjdCrSHeMEeE7NW445kRPxuzI6ZgemXdt3XAMJ3oXnpwINy9yqpocN1M4IXoMJiaMxMiU19C/WC90KfYAaiXUxN2xd6Hm9dXx8uN98eXyz3Ho2FGkidhNl7B6/NJhNaI337DHj0xPT8esWbPQrFkzTJ48WbU1LEdG9J4FTCTaUlH0Dh8+3Ije8wxmPKajzqgUkH6fAw7XEWzfvQ3DRs5CuYqPIDG5PeLj+yM5YQFS4r9A0Zj9KBp9RJk1FFVr6p676C0WmYaS0UdRIvY7EdQzkBDTF9HRD+Lav9yHlm17Yfq8tyUsO6QCdcAfzBTBmy01UEioaTIOoQJlRG846AraiN5zgy4fv8bTefB0vuRmMBS+wYALW7ZuwPixg9CqaRlULheHPj2vxpcry+BEZhVkuW6Cx1cSQY74ukT4cmSXgtebKkyC31tUyubVyEj/J/bsqIAFM25B2+YlcOfNsejUtp40LhNx4MjP0vFziT9ueIM+OEkldCnIQw1vfhtqg9NgmvG9ct3Rfv36qXV633vvPTWSxTQtjGUnnJDjOTtZT/s8LhGPTjid2di9cy/GDh2LGnc2RJnEimgf1QJvJjyHiXGDMCt6nBKq02PDi1w7w4nedyMm4W3hvKhJmBEzCdPiJmFE0mAMTnkZLyU/gc4JbVAzvirKpdyDjuVbY9KAEfhhzdfIyDyGLE8GjjvT4PW71A5zRvTmH/b4kZmZmcqWt0WLFsrMwYjefICJwgSi6KUt1ahRo9SOUkw4Qh8Nzh32AqkKdQ5HhrjOrRtbt+7CqwMn4V//aY/IiNYoktALSbGzkBS1HsXit6NY3PHQJLQooEiUX87ztwepHAWOdKOYCF0rUyXXcRIcRXIJcXdlXDZKxu1Cyfi1SI1ahISIlxEf0xZXFW+Cdq1fxaJFX+PgYamIOGqmdlPjmrteqYik8ATz0r58jLpHhK+VhRG6graKXtpZHT16VJ03ZenXYS0jZLgGL7T+rVA6VoryOxggJW9KnnW7s7Fzx2aMGfEaqle+CRXLR6F3n+uw9puqOJpeAU7fX8TvUtK6/jm0lFlQhK43AQ5PPNyBK5CefT127rkH775TGm1bJOGGG1LRsGE56bxMwr79v0iHMBse/zFhulpiKaDCwnDxHxVEg3MA37UWvb169UKbNm3UbHQtekmD8GAdrFYNCXILeBdcIoB//GEbXnmmP6pfXQE1I8qjS1xH9Et+AWMTX8fU6FGYFTcFc6InYq4I17fUyO00LIyYrtbvtXKuiFsuR0axG1qDV8Sw3DMnYgxmRI/ExMShGJH8Bl4t0hPPJDyEzsktUCOmDEoXuQ2dK7XHO6Pn4dC23fBksLxkwxd0KHIt66CUH7+fHVe2iSHqch+u7BvkBecILViwQIleDlgePHhQ0jE0QEVcjHS8bETvpk2bjOj9A8HMp9Oa5DJf/CTq8XiRne3Gmm++x3M9JuJfN3RBbGxbJEQPQErieyiW9DlS4n5EYtQRJMf4kBgdOCl63SHRG+HKI3qLKkHslGvpKBGzB1cmbBb3H6Jo4ngUiemL5KT2uO5v9fFAxzfw8YffY//+LOl5s3dtE7OkTczml4URuoI5k+jlp3iDM0OLG83wFbb+knCa/NJAMr/6fFxST4TvLz9h/Og30aj+TahWLRa9XvgHVq+qhmMnysKRfSPc2TfBk/0nBP3XwOO7Gi7vdSIWbsfOXWXx9sI70b7tlbjj5mJo2LgK5sybiMNHdyubXa9XGDgOfyBT8jmXJpMgGPxu8H2zreHKQTRvoOidP3++Eb35QCDHp+gLeBRpNpCemYkvly5Hzw5Pomqp8qgcURUd49rjlaQXMT72DcyMHovZMeOV8OVSZfNF9C4IK3pDa/CqlR2i5FwU1/qdglkRYzEtdhhGFRmEAUl98ELJJ3BfSmtUirgTlYrfiSebPooPp32IE7uOSznjVsoetYlRaCOjk1v34/QmFJrmPecfrB+5pJ8WvZyPtZ+mV5KORvT+CpjJmEhG9P6xsIteCkMeaerAfOlwO/Hlms145LHhuPKauoiJ5jq+I5AUPxcp8WuQGnsIqdHefIne1Eiv0CE8IPdsQNHYZeLHGMTGPIL4uBa47Y5O6Pboi/hi5WYRANJb9HBCDislLgyeW/TmgAL9t7Mwwoje3wemn5XhkVvwWqlEr186kY40ZGUfx55dv2DCmDfRuP7dKHdXLPr0vAFffVUJx45XgtNxDwKe60XE/hXZ7r8iM/t/InjLyPu6EV27XInbbk5Cs0Z1RfBOwvET++B0pUtZpeh1wx/keryuUPkwove8gO+b9eHOnTtV2WnVqhVmz56tPtfqetMgPPi1gfQFJP8L3SIw3d5MpJ04gGUffoj7mnfGPVdWRNXEmngktQuGJvXF1JjBmBk7FrNixlmELzeuyC16ucsaBS+F7uxoEbtk/FTMiBuH8UmDMTC5F55KeBz146ujQtzdqPTne9C9XTd8umgpDu8/rsqH0+uFW0S5XwQ5R6S5kVEO2LawjclPR9cgHFgmuKTf22+/rXZk4yYVRvTmA7pCMaL3jwUzn05r0ucLZUbubMa1Pf1Bp/TOHfjs8424v1tPXH1NQ0RHPI24qCEoGvcpSsYfRNHI/I30qvV7I51IidyBIlGfICFqOmIinkR8fCPcemtXDHxtPtZ9u1nEgQ8Olw9ZUnAkZFIhcVe13KLXLizyz8IHXcEY0ftHIlxeC5Gjvey4sQPH7YrdHid27fgFo4cPQ43q/0TFCrF44fkr8eVXd+JoWmV43bfD471R8v//sHdfObz/3v/QvkMMbvxPBOrXvwtz3pqI/Qd2iJ9O9dlY3rCIXtqwn/4Eq2nw+8A0ZL3INa4HDRqkGvFp06bhyJEjp+pNg/DgstBctswnP3z+IDxSz3glz2a5jmLHzs2YPn0m2tZtjztL3Y3qcdXxVOLDGJs6ANPjR4l4HX1a+EZNyiN6adLwlghebjoxLWYypsROxviUsRheZBBeTn4eDyd3RvOERrgj4RbU+XcNvNnjNaxb/TVOpKdJGQzA5fPCwzZOymc4YWstQ5oG+QPTkoNm77//vvoy8tprr2Hfvn2qrBjR+yvQFYoRvX8smPl0WqtMKfpH2k45z4baJaI3Sxpgr1QWbnz4yQo0bfkcipVqibj4B0X4DhPhuxol4vbkT/TGHEZq3M9IjvsM8XEjER3zDEqUbIHKNTpj5Jj52PLzIWS7suH28tkixvysMCV8EiAjes8duoIxovePRLi8dpqcWOnjwv0Bt+TxDClnbvyybRvGjxmBBnXKoGqFVPTueS0++6wsju1pgMzj9bF3V228M+9udOlQEhXLlkCLprXw1rz52HuII7wZcDjFH7UUGcutPIevWagb6YvRsBQ0MA1ZL7LsDB48WIneSZMm4dChQ+qaaYfOjJDoZT0eotsXgBdC2sx6Hdi/Yx9mj5uKFpWa4q7Ee9Ayqhn6JT2PqQkjlPDliG/I1GFCHtG7MHKqMmngCC8F74S4SXit6Kt4Mf5pPBjbFvViq+GemDvQrlw7TB0wFVvXbYXX44NTOpx+ZXLBciNtibxbblHPomKKy/kDy8ySJUvQrl07DBgwwIje/IJiTK/eMHbsWJVwPEcwAQ3OP3RjqSt0Nqoer1P13I4dO455cxeiUdNnUKx4XSTFP4Hi8W+hWNQ6pEbtErGbjWTJWYkicBMj3fI7INd8KBGdJscdIoTXoXjsYhRPGIqEqM64+ooOqNvkMUye8zZ+2rEZHi5x45H3nsNPTb9Og/xDlxWWH1ZA9evXN6s3XADocqQ7lUEpTzls/akERKjy9/btX2PkiL5o1Pg2VKlZFI89+x98uKQeNvzwAOYvbIQObf6GcneVQPt2VTBr5nAcOrxLOile1VEJlU92AkMjVVaRfWYa/Bbw/TGtKXLffPNNJXonTJigdpxS7/Rke2SQFzpfWsn2hKY+HFRxOLOx5/ttGNd/JOr+twHuji6NZkWbon/R5/BmiX4Yk/omJsWPwNTo0ZgZMxrcYY1bFc+JmCYcj7nRYzE1cQSGJgzAa0l90KPYw2geLf4k3IXb/3IHmtVuiimTpmHv7gNwZLm5+ah0DkPvzFo2rX8b/HZY01KXCXLp0qVqXWtOAOXKW7ymV9/i9QuNS170MhFZ2WzcuBFPPfUURo8ebUTvBYDOwKQWvTRzUMuZSUN94MARTJ6+FJWqPIrU5E6IjxiAlMgFKBb7HYpGHZLfoW2Fk5T9LlA80iWi9wCKR3+HEiJ4k6UCi47ojOLFG6BZ816YveALHMlwIdsbGuGlJrCP6oajQf6hy4oRvRcWuhydagzCiF4gE7t2bsSYMS+hbsO/454KkXjk0b+gX//b0KRxCu6+LQn3tqiIhfNHIytjr/jjglt6hkb0XhjoepAid+jQoWpiDgdgKIJPp7tBOOj0sZKC18NlzALcxMUN34lsbP3qBwzq/joqXlEZFaLL4cnEhzCgZG+MTH0DE2KGY1rUWMyJ4mjvDCyImK1E78yYcZgUNxQjigxA/+QeeCrxUdwb3QSVI8qhdKmy6NqqGz6Y/x4OHzoq7y8oZcarvoZ4PV4VDmvZtP5t8NthTUtVz51M008++USJ3hdeeMGI3vyAicIEouh98sknlXmDEb1/PHQGJlWjKpUTDfwpevl5yOHwYMfuY3hzyBzccWc3JMS0R9HE3kiJW4ii0d+cFL7pSI3KRPGoLLWlcNHo1SgaOx/FEwchKeEB/OP/mqHzA8/ivQ9XYPf+DPDLLLd+VJ9o+f/JQvNrNMg/dFkxovfCIk9jEEb0ejkRzXUMO3esxbhxvdCk6R0oW7oo7ro9CXfcUhxdOzfDB2/PwpED2xHwZEn5yxLBS9t7I3ovBPT7445SI0eORPPmzTFixAjp/B+wpLtBOOj0sZKDKLRp52omagDD4YTraAa+XroGL9z7PCqKYK0ZUQ1dEjvj1eJ9MTZpGKbEjMHsqImYFzFdBO8MTIuZiLFFhmJw6qvoXeJ5dCt+P5ok1Ee1uApo9H8N0ePBXlj6wafYt3cPnF4P3NK2uLlmteR/38nyYi2b1r8Nfjusacl6TtV18ps7F3bp0kV9qf/ll1/UeSN6fwVMRFbo3333nbLpNSO9FwY6A+v0D1VOoQZWTskRcLqcWL/hR7z40gjcdFM7xMfVRXx0HxSJmoXU6PUoGrMDxWN3oVgMlyRbJufHoEjcc0hObIX/3twWT73QG0uWfYyjx07AIwLAKb1wt0tEr0sacTcLDAvFr9Mg/9BlxYjeCwtdjnRjEE70Br1CXzZ8nmP4eet6jBk5GA3rVcCt//07OrVrhXfmvYVDu/cgIGWOn0GCgRz4vKGvYEb0/vHQ7487THGEl6KXtr208dXv1SA8dL60kuup+7jjmbQrnKAM2tg6s3HswBEsf+cTPNzoPpQvWQFVYyvhwSKdMah4f4xOehNT4kZjWux4TIofi1EpQzGwWH/0KPoMOhRpg6rxlVGhRDm0vrMFBr8wDKs/X4ejaSeQlnUc2T4HnAE35IlwBT3S3piR3vMNa1qyPOg66YsvvsCjjz6K5557zoje/IIJo216x40bl0v0XoxEKwzQGZhkJuVnKIpeZlYa/KudagIuZGQdw5drvsGzUsn8/f8aICqqI+IiBiIl5mMUi1+P4gnfomjsp0iMmiSC+GkkJbXAnXd3wUv9RmLd92tw5MReuN1BePxuqQSl4eDr5MoRogm4C04uyjU7DfIP3TAb0XthYW8MgkroSlor0SsNrYhYv5ui1y3XstT22rt+3oPpUyaiV4+e+HDRRzh2SN6RlDl+DvFLx5Dlz+/Xpkfc+CI0qhKqD/NDg/zCWhdy22HuLMVtVV9//XXs2SMdEVU/mrJzJuh8eZrMq6GNhriaCcUvRJBCxGjA70PmkRNYNHkuWtdogztS7kDdyBp4oWh3vFGUI75DMK7IcIxIGYLXSr0i55/BAyKKa0RWQ7niZdGhWntMfX0qtn+/C5kOF1w5InDhhjPoUoJXnqaOUmJUWKxlU/9tcG6wpiXLg66XVq1apb7S07zBiN58gInCxPv222/RvXt31cvmWm86sS5GohVG2DOzytAeqaiQhbSMPVj5xVd48MG++Mvf2iIysjMSYl9HatJEpBSZgMTIgUiIfgzFU1uierWnMGzYAmz8/mdkeU7AE3SqVXPttrqhijF3ZWnw+6AbZpYfil6u3sB90fXqDfq6QaheOX/5j/dambdhtQpXXca4exEbCQotnvN6aU/P3QhPL90XHvbnhaPBb4Gu/zjSywlsFL1cAUWvJKTfnRFNeaHLz2lKWuW4pRR4FPnb5cpWo75et4sVEfZs+xnTR01BvbsaoGxiGbRNaIrnUrticKl+eL14f/Qp/hK6l3wCTeOaoVxEOZS/qiwebdYVn85ejL3b98CV5VDmeO6gQyRvdp4wmPf0x0GXFZJfor7++ms8/vjjak4W6zOe16L3YryHy2Kkl5XKunXr8NhjjynzBn5SYmIywUxDfWGgM7JukEmfQ85JI+z1Z+LoiaNYumwVHujyOkqVao6Y6A5IKvIEEuIfQZHYDvjzn9qiQf2nMWPaB9i+fT8cTgcCOS6pmIKgds4teI3o/SOgy4oRvWeHPe/9vvxnFZtk3oreKpp45N96S2Ou0uCRQqIFr9pqO4fXz/S+7M8LR4PfAr4T1nkUvVyqrEmTJmo2OndoYwPOa/r9GeQG0yU3KXq9Ugq4CQRHfL1w+1zwSd52SbsgmRxBtxt7f/kZw18ZjPo31UKlyDtF+NbF01c9hGevfAIPpHZGo4QGqFKkOmr9oz6e7vwclixairSD6Qh4fdKmcKKnAx6/E96gM08YzHv646DrMJLlYv369co0lYOW27ZtU+ep37TbC43LQvQygdauXavsQozovTjQGZnprUWv1Cfqsyw/UclZnMhMwwfvr0azpk/h6qtrIjq2HGJiyuDaP9VEm5bPYOHcj3HkwCH4pJHIUZ+2OFKcA7+PflsFL2lE7/mGLitG9J4d9rz3+/KfVWyS4UWvbgB0vUZB4PO74PWx0eYSfVrw0q6e7+pMYbI/LxwNfgt0vZeVlYXp06ejUaNG6nPt1q1blehle8Q8cjEa8Usd9nIU4ulOHX+7uDKQ5HE3TXxE/ObQzCH7CH78/jv0e6oPyl11J0pH34x6JaqjScn6qBRfHrfG3ISKf62MF7v1xVer1uJ4Rhr84rfTkyVHjxK9Tmc2cuTd2Z9v3tMfB60VSJYZ7rHQo0cPPPHEE9iyZcupsnSxcFmIXrf0+tasWaNGemnTq7eyI5iwBn88dEbWGVbRLb1ol1ut5uCW3jVnyB45kIH33vkUTZvch2uuvQM3/Ksy7uvwHD54+zMc23sM0vVGwC29PBG6PpdLTd7xurmVpxG9fzR0mTGi9+yw573fl/+00NTM2+Da/effXp9DXPIzIMUvZ7rrrYW14M19z2noa79Gg98CXf+5pM6iHTxHejkxhyNXuj7kdSOm8oLpEo5MK52uzoAHGZ5suET0BvifCF93wIl0ZxZWr1qHJzo8idJ/ugs3pPwfbk65EXeW+h9aVGqAkf1H4Ie1P4rQzUa2NxPZ4t6DbCkxoYnXOZwg6gr/bIM/BvqdkmxTfvrpJ/Tu3Vvptx9//FGdu5htzWVh08uK5ssvv1Qjvfy0xGVidE+B1w0uDHRm1pk2oJYXY4XPBppr6wbhdrqxb+9+jB83Efe274ynn+6BD95bimOHT4hAZg+e90nDzZ6+9MYBpzTsGeIvRa6VpytFTYPfB13RGNF7djC/MT04gkfqPM98qfNm/kG3VuaF3T/1fDbaObQXDU36odgNuft1v3JfPxMNfguY7iTbogULFqjNKSh6OdKr88lvzxeFA7rM5CbbktMM5Egbwu2AhQGp/1VHQvI/lxk7fjwT77+zBG2bdMT/Xf1/uOnaG9G2XhtMHTUFO7b8gqzMTLg8DhHMTvXV0e13yd/sJHqRE5BnSduky6+meU9/LHR5YVpv3rwZffr0wcMPP4wNGzac6iBeLFzyopeJ5nQ68fnnn+ORRx7B5MmTlehlJaOvG1wYMBMzs+qKQ49wWKkmI3jd2LV7J1au/AzffbdRLeDOa/o+NZKbw4ZceuMieoNmosEFgS4rRvSeHcx/rGMoclj/8GuT/owdysN/fB41ZeLSANNdk+uUv/vuu2jdurVaTUh/rjWi98yw5+P80u8PdTg9bj/27zuCObMW4tEuj6P7Q09i0VvvYf+OA3A5XHC4RfB6XPBwCTQRvbqcWtscO817ujBgWrOM9OvXDw899JAyU9Vl5WLBiF6DfIMVBTOrrjg4scZObilJ0cuRKbdbet5ScbESInmv9iM0mkvxy9m7/Gybu8IzldL5hy4rRvSeHUwLCt3s7Gxlx8kjBXBoR0KOuv7x+ZPPsNPgwkPXdyTbnQ8//BCtWrVSE3P46ZbnrfWbQW7Y6/Z8MyegypzbLW2IB9iz+zBWfLICX3z2JU4cSUPQm6PS3S3tjccnnVIufxY8vW619b3Z/Tbv6Y8H05hpz8meAwcORLdu3dTyZaxDeV67udAwotcg32AGZYXBNCdDgjU3xYW44zsJHflplu9Kvyd1n/wUb4Ra+IYaDFMp/bHQ78CI3rODeZANKhvdUMMb2oL7Yo9SGFwc8J2zfPD9L168WIletkdcP57nmTdMvRUeTJdzIc0TQuJV/PADblcOnI7TX13cnE8ibih0ldg9SX0/3wupO6l2GvyxYBoz/Xfv3o0hQ4aga9eu+Oyzz+BwONR57eZCw4heg3yDGdRamXB9xTw8OdFG2SHK70AgZL+jC4CqkFiJkcqe66Spw8mKStNUSucfuqwY0Xt2MP+xsdQdNp33Tb4snND1lxa9tOllI86Z6TxvRO+ZYa3XfwuVTa4qd4Cf8zl5lPaCQpe7gXq4brWI3ADbG9q+C/1CQpdXvptwotfgjwfTmWnP1ba4ZTfLyyeffKK+nOm25mK8i0te9DLRONKyYsUK9TmJy8UcOXJEnSeYsQ0uFpj2Z6OpYC4V6LLCHdleffVV1K1bF3PmzDklenVH0sDA4DSsYokjjHqk9/7771cTc3iO7RHL18VoxAsqmJ7nQoOLg3DvguWC7c2oUaPw4IMPYtGiRWqzHV7TZepC47IQvRzp5bA413kzovdSgha2v0bTCFwq0GXFiF4Dg/xDN84ky8jSpUvVRLb77rvvlOjled2QG5wfWNP9t9Dg4oD5307qNH6Z51KzFL0LFy5EWlqaunax3tdlYd5AG5Bly5apreyM6L2UYBW3Z6KphC4V6LJiRK+BwW+HbsTZFt17773o1KmT2h6fopfUDbmBQWEE87+V2hyIem3KlCno0qWLWuP62LFj6poRvWcAE4czp2kLwsWNZ8yYYUTvJQOruD0TTSNwqUCXFSN6DQx+O1h+2O7Q1K5jx47o0KGD2mKV5cbY9BoUdjD/W0ntxvLCkV3OHaHopX47fPiwukYY0RsGTDwaPvOTEjenMKL3UoJV3J6JphG4VKDLihG9Bga/HWyoyZUrV6Jz585o3769Eb0GBifB/G+lFr204Z03bx4eeOABNeJ78OBBI3o1mADhEo4jvZ9++imeeuoplXhspHWi8bOSgYHB2cHyRHA2LddNbNCgwanPTYQuUwYGBqfBcqPbJpYRzi+hPW+7du3UYvts2E07ZFDYoTWbnRy0/OCDD9TqDaNHj1ZLmOkBFiN6zyB6mWgUvVy9gY00R3qN6DUw+G1geSKM6DUw+G1g28TyQXKklys3tG3bFl9//bUSvfrLo4FBYYVdu2ly0JKilx1Frte7Y8cOpdu03rvQuORFL6nNGziRjbYhtAnRlYz5JGtgkD+wLBFG9BoY/DZo0csjd5Xip9o2bdpgzZo1qg0yZcegsMOu20iWCy5EwGX+OPFz0KBBSvRq/cbydKFxWYleTmSbOXMmDh06dCrRTA/bwCB/YFkijOg1MPhtYNuk2xoKXU7Koej96quvlOjVZcvAoLDCqtlItick7d1pEsSOYv/+/dW2xCxLvGZErySAnUw8Do+///77SvS+9dZbaqRXj/Aa0WtgkD+wPBF79uxRE9nq1auXayKbKUsGBuGh2yI21LTj7datm9qg4ssvv1Sfak2H0aCww6rbdHkhqdX4dYQ2vb169cLWrVtPCWK6u9C4pERvODDRODz+zjvvKNH77rvvKptebctrGmoDg/xBVzCcSPDyyy+rbYjN6g0GBr8O3YDzyDKybt06tSU+tyKmfa/b7TZlx8DABt3eUKPxi8hDDz2EHj16YPPmzeo8y9TFgBG9BgaFBEb0GhicG1h2SLY33IWNu4M2b95cTbDmjqGmHTIwCA+2K5zw+fDDD+PZZ5/Fjz/+qM4b0XsGGNFrYHB+YESvgcG5QYtefpLdtGkTnnnmGTRt2hQfffSRmnNizBsMDPKCZYZajetZc58Fdha/++67U+WJvNAwotfAoJBAVzBG9BoY/Daw7LAtorjlSNULL7yAJk2a4L333kNmZuZFG7UyMLiUwXJDrcavI9RvNAviby14dZt0IXHJiV5r5UJS1HIi28KFC1Wiffjhh2q2uRa7RvQaGOQPumHm6g2cRVu/fn0jeg0M8gG2Rbr8UPRyQk7Dhg1Vu0TzBpYd7Ya8GI25gYEVVmF5sfIjywWfza8jzz//fC7Re7FwWYhefj6aP3++Gh43otfA4NxgRO/lDV03WmlwYcC0ZvqTW7ZsQd++fZXoZbvEQRkjeg0uNei8aM2Tdv7RoD7jc3744Qe8+OKLaqk/2veyvFyscnLJi16SopdLlbGXQBsqI3oNDH47WK4II3ovX+jGStPgwkA30DxynVEu+UfRy3WuMzIyjOg1uORgrSc0df7U/KOhNRw7in369EHnzp3VSg5aDJMXGpfFSC8rFTbOnP1nRK+BwblBV3JG9BY+6AbmYjU05xP2uJyJ5wvaPy0Udu3ahTfeeAONGjVSmyWlpaUpu0UjegsHdH7QvFRhDyfzpdZVmn8k9DOp0X755Re88soruPfee9Xa1rqtoZsLjctipDc9PR2zZ89Wovfjjz82otfA4BzAckUY0Xt5QteNVuYH53rfpQp7XMLxfDam9MvaLnFzlyFDhqBx48aYPn06Tpw4YURvIcHlVJaYJ62kVrLqKvKPhC43bFd27typdgHl2tbcnY1rWzM8F0O/XfqiV9Lk8KHjmDVzLh59tDs+/ugTHDp0TK6x8qP70NGeEc8ndVjCXdPUL9jKcO7yw/wgv/eFC5ed+UG4+8KF4XLhqfxlYTh358pw6fVb+Gv+aVjP2d2fiaz8KHo5EadmzZqnGm29wL6uGMPdS57pmbxHV2Ka9M/upz7yfmsc9LUzPVtfs7oJd6+d2o2VVn+t/lgZzi/7feEYzq9w7s4Xw4XT/h7CMZxf4Xiu99nDFM6Nhk6jM7mz+2VNV/7NcNndaNKNdh/uen5ofxZHeocOGYkG9RtjxvQ50j5JeyTtVJBt0lmow2KljqdmODf2dCLzex/B3/penV5nuofUzzgb7fdZw/NbaPeHDPe8/NybXzfh/LfT7k9+mR+/wrkJR/t9zEdyOjcl/9mpy6xmOL/CPcd6Tp8Pl352hktXfY4dRX4doej94IMP1IpcOlz63guFS170+rxBHDuahimTp+Phhx7Hp5+swPHjGeKObnlD6Mj7rDxX2P0hGZ4L+WLszw/HcAjn7o+kQXhY8++5kBWBFowUqVbxqCsv7cbai7dS51c7eW3//v3o16+fskmcN2/eqc+zvK6fZX+mZrhw6ufrc+Hc6jJk9VOf1254jtf131bq+8OR1+3P07THnwznh92NDuOvMdzzwjHcvfmhfgeaPGf3W79/K+336XuttPsTjnQXzi87w92bH1rTP9x10h5uMtw16z3W6zzqZ1jd/xYyTbV//M1Rq2FDR6JRo2aqXdq39yCcDo9cp9D4dYZLPzv5HGs8rHHQ4QjnRp//NdJ/7ZfO6+Hu1W6stD+PtIc9HO1+k/lxc660+x2OdBcuPnba/eY5az2h08/OcPeFS0+7Oyt1WK1lm/S4/Xno9UhdYKftPh1vK61h1rTfp++1koMkdno8HkX+drlcp44UuOwovv7668ok6O233z5lB88wMC2YjhcKl7zoZa/mhIjcMaPHi+h9DCtXrFIi2O/LkQSWTCNHr9d3KsE17S8pvwz3wrWf/B3uHtKaaTTtbsJlMrsb0lqgzkRrGmmGc5cfhLsvHO0IF/b80B5uMpw7O8PdpysQK62F+kzMz33hnheO4e4Ll3522v1hGHieR/s1+zOYHta8aU8ra2WkyVnmPLLR5jqjHOmdPHkyDhw4oK5x6SVWUKyoNHlOk9es5D2cZEpyrVKSlRnNkSik+Vv/fTbSPclRZ/3bSpo02UmzDK7ZTR4+fDisG33d6u7gwYNnJTsGdvJeK8PdZ3dDhvMrP+SIvJX79u07qxuS6zDbyZGW38pw/rDxsjPcvfkh86GVv8evcGHV6aHTjcdzIcOlf9O/jRs34uWXB6JunQYYOPANbNzwAw4eOJIvan9Y5shweejQoUN58pDOv8zzZ6LO32ej9uvX3DMMduowWxku/HaG8zucu/NFncZW6rxgzRPh4mNnuLxm9yucG2v50LTnz3BuNFkeaAe7Y8eOvPxll1zbnYvbt+8Kw+15+PPPP+cin6Gvbdu2TZHbBFv5008/qdUXrOSyfXZy0wmWDS5J9u233576zdUalixZgueee061OTSp0yZBuu1lu3ehcBnY9EJEbroSvd26PoIF89+RDLFXGrR0HDooDd+REzhy+GieghWuUgjHszWS1oqBv8903/Hjx9WLtNLuhrQ+O5w/4dyEY7jnhXMXzn87w91nZ7j7zpX2cJPh3NkZLlzhaM0Hv4f2Sv9MtAsRVrxnykNW2itY3qsrUXulqIUBKz1WVKSuuFhRbd26NRdZUdkrJVZC5OLFi9Us2kqVKmHAgAH4/PPP1Y45urIi+Te5bt06rF27VlVcJGfeaq5evRqrVq1SExPoB221li9frrZmXbp0KT755BN1ZIXHZ9Ien0sO8vPW+++/rxb2X7RokdpwhpvPcASA5DJQdrKitHPWrFmKM2bMUJw6dWoeTpo0KRcnTpyIcePG5eLYsWPzcMSIEbk4fPhwDB06NBfffPNN9cnOSo5m2Dlo0KBzIt+NnVw1wEpuMkL7bCs5S/ps5JJb+WG4e3v37p2LNJWxMz9uuIRRz5498dJLL6m/6c7+fH6RsFOHQ19nnO1uNHmNacRJNL+Hr732mkpvvk/617JFW9x6y51qtLd3r36SH0Zi6JARZyXzzODBgzFs2DCVp5i3Ro4cmYujRo3KwzFjxpzKm+PHj1e05+Nw1Pfwt/U+fZ7+ktZ7yAkTJuShvsdKfb+mPS7k6NGjc5HxsbvRZcxKppGd9jJI22o77eWPtJct2peGK1922vNBuPJmz7OkPf/r/Gol8zzzvp0sEz169FDr2lIoPvXUU7n55DN48slnc7F792dy84mn8fjjj+chd0Szk+e5HCznTD300EN52K1bN3Tt2jUXH3jggTzs0KED2rdvryartWvXTpF/t27dWu1eePfdd6Ny5cqqzqZ+4eCM1nuFVvQy4qR1dMvnyxFRewIjho9Gg/pN0PXBh6XyGXSyAhmGN98YKo1N3sYnXGGwk4UoPwXNeo8ubPqa/X4rrX6Q4Qrp8OEs8KNycdSoMXkYruKw0+6GDFdR2akrLH3PmfyyVm5kuLjaKzP6pSs1XcFbw6ypr1tpTTsyXPqxEbGS795ewZFstKxkpaepK7hwbnheCwzrbyvtFSEbW2uFZ6/cWKnpio0jrqzcSO5L3r1791MVETdj0WSlxCX7SFZOmuEqpgcffPCMZOXUvHlz/Oc//8Ff//pX1KhRA506dULHjh1VBdWmTRtVSfGoSfdks2bNVOVFcjcqK3mNbvQ1fsai+USDBg1ykZPnyHr16inyt/167dq1w5I7yNWtW1eRv2vVqpWLHEUg+Vvfo89ZWa1atVysUqUKqlatqsi/q1evrs6djazA2XGwsmLFinkY7t4z0RoG+s+/6Qd/8zqPmhUqVDj1XH2d7q3h0cwbpmqoamfV6jaG0sZOaxjIcM87mxuGQf+mn/pdMN5WMn/a39+ZzttpdWPNE7+VzG/MlzzqPF2xYlXc8r/bcc/dZeU5dVC/XiNl42tlfbKejfWZxxuiYYNGUkYaC1lWcrNx46Z52LQJyx7LYUsR3K3QqlVr9dvOFjbSbcuWrcV9G8XWrUNUf8t5Xmshbuz3NZNn8XlnY7NmLXKxycnwMh4NGzZW8WzalGE/zSYSF3XNwkYNeU9uNpB7G0haMb0aNAixXl2pOyykm3r1Gsi7OX2udq16qFWzrrz3OvL+9N9SF9SoJXmH+aGW1B91T71fXa+wPtL1C8nzdlrzhSbzmZ18Vi7K82vVyk2es7N2bdZrdeR3LfGHrJkrTCEyng1UvMlQfmJaW8l0CcWH4eZv5l1OvtR1NuvqVq2YP+Sdt2gh+SdUz/O3lbxOd1ayjdDU7UTbtm1PiV2Sf1sFMN2yLVu2bJn6Skh9R52ndd+FwiUnevUor/6M6/UGcfjwcel9TpLMU0cqmXIofU85lC9XCeXLV0bp0uXlXGncc889uVi+fPl8s1y5cr/K0qVLh2WZMmVQtmxZ5Ya/7Qx3j51ly1QQPyrmIuNkZRkhn2OlPYxnCoM9rmwo7dR+0v2pcFmeZb0ejnTPNGdPTt/P89Zw6fvpTvunr+fnHZyJ2i9NHSYrdZistJ5nmHi0+8Vzd9111ylaw26lNW2tjTwbdp3G4eKo7w8XVv23/R7rffq5IRGTV5zYyXDQLeNx22234Y477lB/U0RQGPBIdxRO+hzFQt5KN9RAWEUrj3YBy0qVYlgLYl2BWskKVFeOFN4U4Pfdd19YUrBTuFPYU+STFPwU/+wM6A4COw1PPvmkGhXhSImdupOhyc6HHnHUIzJ6NFGT59i5sdI+CqRHguy0drBIdsLsI1HsrHEEkB073ZFkx5KjbroDaO0w8jfP8Rp/s1OqO7H2UTtSj/Jp0hZ16pQZuchzuTktz8j5lClT8kX7feS0adMU+Zuj7jStIfk3J1RytJ5HK7V7K8M973xSh0sznJuJE6YK5ThxKiZPmibupmOC/J2L4ydLWufmqFHjcnH0qPEhf2wM5xePfJZ6X1NnShpOOyvp7mycMnlG3nslXoyblWPHTMzF8dIm2+9jOjCMjAOvjxs7MY8/+pqV48ZOEj8n2zhR8vV4RX7pHSt+2e8jdVioEXgcOULuGTVBceSIcRgymAMwY5U/DM/4cZMlrHx3DNtE+T1JvVOd1/hbv3t73tOkW51nw12fOXNuLnIi/uzZb+XinNn8gpWbb731di7OF3LXPzv5RYxfx/iVjOQXMyv5FY1f0/R1/uYXNpJf2/jVjeTXODv5pe5spHDlVz1+3SNXrFhx6sivfvz6F478asgvoVrjUe9daFySI71W4Uub3swMJ9av26gyPUd5X31lEF4b+AZee+1NDODfr+bvU4WdepSOI3Ns2PRnt7PROmr3a9Qjer/O3uj5Yp9cfKlnGNr85qdBNtZWhvM/XAPPe63UYdV/0439eXZ/7e71iKX9HmvY9HktPOznrWQ6Wz8FkRxFtQuKcMLDPhIbjjoPcERXjwZbvxSQVgFCoWEdHbdSj3xTXLAS1Q0lj/qTuj7HClFXmLrSnDlzpvrkw2X59Kd7TjDjhizhPvXzvL62YMGCPJWgrvTCkdfojkdWfqwMdYXINbBphkBzBG2ewAqOf9vJ61Y3rAR1pUeuXLky129WhCTNIcKR5hKsEGlOoU0r7KTZBU0waKJB+7Hvv/8+l32Z9W+ad9AeTdupWWm1adOkTZu2oaMZid1Gz26PR9IUxW47aLUt1LSbtdAE59dMd+iGZjO8l0ee00d+FqR7bWrFv7WpE22frfbRv8asLCeys9y5mJHuyMXMjGw1ImOltts+G7WNtybtvnm/tgXnOYZVu9X+axtxK/U1Tau/muHus9NqQ/57efyYHNOyJI0c8nc20k7Qrt2ZixlyntesTDuRmYecs2IlTfc4b8VKmvGRvHb82El3NjfhSb/OxnD35WW4cNvdMF1I/g6ZHkp+tbkJx1Dc6edp8hmctM448zr/zntvunoH6hrdyfHgwaOK/EJ84ICUEwkHj1xlQ70n5T6U9/gurflVnyND5SR8XmI+ZF7mXAd7/gyRcyhO0yF0Or256HL58jDvJLW885X0HA3+ts87spL6Sc/xCA0g5p6fRPK8nfoeTe02HLXf1Gv2v62Dl5ralEGP7BZ60auhha9KIEkTt8sPl9OnCjsLFJcwY2EiOQp86NAR1ShYaW94fo20pWSDdSajdG2wbqW18aPNpfVv6/mzcicndOw9C/NO+iBzGbefgfZ7+Mxw4dT+aXtR+336upU6Dvoa76Oo4G/tL49ML57TBvNWgREuPJr298B3ZLWdJe12saQ9L4Sjfvf6b7swsZMCg8KClaKdrAR51BUoKz098UtXgjyvG2d9Tk8W0xWYroz4t55EZr2mGa7S09SVjq6wrOQ9DBOP+px+Hv2yutU8k1/62fytKzT+1v4x7GdyY6U+b73f7sZKq3uSFauuK8K505WvlVZ32q31ut0v7UY/R9N6z++lTn++H+ZLliNtm80jywrzEN2xfuQ9uvHQDYiGPZxhGTi9jJamz5uTi35f3vuYDva0CUd7/Kzh1f5Yyes8b42T1b2V4WB/Vjja/TkTz/Z8kqsKiZeqfWLahV0yysc0PDvt7yEcQ25DK0Cc9v+PozUep5+XN+z2+5gupNejKWkfxi87/T6WS+at0+R5mjfSPz6L6W2/j8/gO+AXYV6nVjhy5Kh0gH/AmjWch7BWtQkUnTo8XPEpGDgtukj7+2Z+Yb60g9d1XrK6t5PPsFLnEyt5zk67G9Kah63P/jXosGnovzV1OO3nyXAI5460wn7O6k6Tz2S68jeh0uoC45IUvYROIGYEVsA8MuOHMmwow6sKQH77/eEbqfNFnUE0mfF4ns9hI30mwcDzZ2NoeRFrJREM09vzKyFhZThxwHN22t38Guleh8v+PBXWM/it76M7pgv/pqijWKRQ5agUG3Prs+y0F2ztj5V0p9/JmWj392z38Lr9OZpWN6QOl536PI/2Aq6vaT+s/vOa/br2U1O7sdJ6jc/QFYj1mTqvWsnzfIZ2z7+t0Pfb77GGx05rGOwMd51/22l9HhnOza/R6r+VZzpvJ/1gWPU7IK3hOROt6aB5Jv/t4Q3nF92yg8jRf5psaBMO2nPzqwRHxNnx0mGkX/ZnkeH8t4dB/s/TuIZlGL/yw3Dh0uT1M6WVnXZ/yXDu8sYvL8P5FY52v8O5YdqIl6odsgscTauY0cyTvvTDRuWW91toFXq/heGeZ6eOx9nus4dJkiHPffJa85wL55c9zoFA3jx66hlyXacJf1tJQcy05pFfK9Z9swGDBr2mTKBoZ8oJu/xSt2f3fqUf2Jby+RTZ9nyj37X+m3nU/t71eZK/7dc1re9c054G6vzJtNS0p51KP5vfOnz6+da8aiWv69/aHaH/tl63Uj9H80xuePw1aHdWavA3n38xcMmKXg39cq20J2S4xLe7+T20g88LF6780O53ODfheK732QsQC1p+YH9eOFLo8kjoDM7GmCOe/FxNkwCaDfAzPEdleS1cRULaES6Nw913Pml/XjiGu8+OcIU9v37ZGQ7h3J0v5rcsXa7I77sJRy02NXnO7ld+qdOZv3WZYKdx06ZNakLh1Vdfjeuvv17ZcHPyCcUvTU/4yZXgs38f+Hy+x1/jrzdqBueCcOl8OSM/cbG7yctgDssSy8Fp5ge6HLAMbdv2szJTvPXWW3HzzTerOQcsO7SZ5xcTjh7rwZtw9dz5Rfh4nh+acvl7cFmKXmZYO+0I5+ZcaQfPhQvXJclzFL12f6wNtqZOGx75NyseVihsuJ9++mnVaJPsdXO5KzbqZ/LLjnBpTHc8/0fR/rxwDHefHeHchPPLngbhGA7h/D9fDIf8urtcYI9LuHeTH/L92P2yv78zueGR4G+WG4JCmjbJnLT3z3/+U03y46Qz2mnTXppmOHTLe3nU950bdAP6a7y83/OliXDpfLmC+SM/cbG7ycscEb125ge6HLEzyHkQnHjLSbqcxMpywzkHtP/ndZZZtk8sN/z9xyJ8PM8PDX4PLnnRa208NHXjoRkOdje/h3bwXLhw5Ye6sdIM5yYcz/W+PJ9U8tmO2Z+nG3krCWvjT3e0n+KELa5AkJCQgKuuuko13hz5ZaN+prSzI5w7nvsjaX9eOIa7LxzsbsL5lR+Gg93v88lwyK+7ywX2uIRL9/zQ7s+Z/ArnjiR4XZcvdgopevlJ9rrrrlMrWXCyIycC0m6edt66PFr9ODfoBvTXeHm/50sT4dL5cgXzR37iYncTnlJ6cjE/YFlgGeKcC05K5ggvV87hcpacaMuJsZw/QnM7li+KXro3orfw4pIXvdZG4vdX9OcP4cKVH+qGUDOcm3A81/u0PZGmqqfyAfvzzkRdifBZtNvlMiZcfupvf/sbSpQogWuuuUatz/fFF1+oyU0UvnY/yHCwx+WPhv154XiuCOdXuHSw0+CPR7h3E475QX7eodU/XtdClo0yV57QoveWW25RI1dcs5mrc9DeV5sU6fvOHQzX2fjHl7nCh3DpfLmC+SM/cbG7yS/PDpYDtimcN8J1zv/85z/j3//+t1oOkV9MuEoQR4A5YZrlhWKX7n9f2ckPwsXnfNHg9+CSF70GvxOsl6w8R7CR1o2tJsHKg9fYGNNul8uBcZSXi3ZzPVc23BTBNG+gQGaFc6ZR48IGexqEo8Hlhfy8w3Cil0eWD5YhbrLCUV7aI3Kt5v/+979qYXkuT8fGXd+v/Tg3MFxn4+/x3yA8wqXz5Qrmj/zExe4mv8wf2KZwGT+aNFxxxRVqoIVrktMe/qabblLrg3OJR5o4aJvePx7h4nO+aPB7YESvQb7BRpaNM0WrFq4EKx2O8nIdWFYw3JGGn5dYCd155525RC+pe9y8//c13AYGlx+sglWLXpYhjvTyMyyXK+NnWX4d4cxzCl825Bzx5XJ/LEP6Pl2GTDkyKKxg2WFnkO0Nd5nkpjuc0Mb13mnq8I9//EP95rKXusyQBoUTRvQa5BtsWFlZaNFL8G/aGtJuilvussLhrllz585VSy3deOONajcubmBAYazvNaLXoLDCKlJZBnQnkGKWR5YTlikeuWEHt/DkCBZ3ruMGHNqdtQyZcmRQGKHzPpfyo9DVJkH8KsI25/7778ff//53ZTLEzqQ2DzLlpfDCiF6DfIMVBSsM3eDybx45QsUtBvkJ9l//+pfadpaCl9vxcuklbuHLkV/ufKXNG6wNtoFBYQLzvM73WvQSbJApdrk5Be13OXmNjTcbcZajLl26qIZbfzHRI75W/wwMChOY71l+uEwm17fmturVqlVT23PTlpfL/3HghduUszzp9seUl8ILI3oN8g1WFFbRS7DCYUPNT7G0Q6QNFW16KXSvvfZaxMXFqZ42JxlwK1lOZjOi16Awg3le53ur6KWIpdhlY81RK27X3ahRI1Wm2JiPHj1azVKnONYNtxG9BoUdzPsceGH78thjj6nR3jp16qjBF5rX3XPPPRg5cqTqTFq/khgUThjRa5Bv6EbWKlrZc2ajzdmxnCzAzSgGDhyo7A8pfFNTU5XJA0d6uZUq3VrvN421QWGDVaTyyLLAcsQGmV9DuJg+F9bnZJzbb78dNWvWRP/+/fHtt98qd6Quh1a/DAwKG/TILckO4fvvv692M+TXEdrCc0J1r169sGbNmlOmDWyDdEfToPDBiF6DfIONq1X0spHWDTArFFY6nH3OCQNcTJ+7SFH4cumYFStWICMjw4heAwMLdJnSDfLx48fVurzclGLw4MFqIhtNHGjWQBtfljmWIVNuDAxOdxpZdlgu2Aaxc8gyQ3OHDz74AFu2bFHmD9otR4Xp3qBwwoheg3xDN9BatJJshLX41Uee5+5RXFuUI7yLFi3Cvn371DVrz5x+mcbboDDDXqZYhihu2UizzHBWemZmphLFeoSK7nifKTsGBiETIT34otsgliGuhEJzOnu50W2PQeGEEb0G+Ya9gda2haQWtKx09DX2ummjyIablQ+v6cqHpF+m4TYozLCWKZYNlhGORNFOnmXIWmboTpP3mbJjUNihy4AuR7q88G9dZqxtEq/pMmRQOGFEr0G+oSsWViAkKxN9jpUJoRtoHq2juqSubKx/60rLwKAwwt5YW8sLqTuSurHW92gaGBRm6HKg2xUeWWYIfdTlSl/j36bsFF4Y0Wvwu2EaYAOD3wdTfgwMzh26DTpTW2TKl4GGEb0GBgYGBgYGBgYFHkb0GhgYGBgYGBgYFHgY0WtgYGBgYGBgYFDgYUSvgYGBgYGBgYFBgYcRvQYGBr8ZnAltpX0iyZkmjoS771xhfx5p9/9Cw/788xmGcPELx8IIexowrQwMDAzsMKLXwMDAwMDAwMCgwMOIXgMDAwMDAwMDgwIPI3oNDAx+M6wmBZr2T8zhYL/nXBHueXa/yQuNPzoM4fy3szDCpIGBgUF+YESvgYHBb0YwyB3CuMtRAP4gd94LbfXpD+TA6/UhGPDJ+UDIsWiQHIpScOc+7jRGkQoE5HpA/KGDoAiVkFAWxzzmhH4H5cg7c+SYk8O988mQE7963sln+0N77wfEHZ9L/3KCFD8+dS9BMRSU+/l88SHkl3Ijf6nnyN/qPyIU9lAUeIbhZHzlN/9Xfso58ePkDXLOL89m3HIkPEyfHPjkWfIXryo3Abmu46HCK3Eg/CFv5R+5znMn/w7dxfAxfULhJYN+j9zDuNIPeZYwR6Unnxe6K5Tm8kzGjeHkX0w8FX+VAiEyTnykcnMSTD8VR7o7yZP3hUCfSfod8kPFhf7/HqjbdchO+iUHpm0O8wp/h86q8NGNXJH0YDj8EjWvirf8L/GmS7km4eJPuj156iSs8TEwMCgMMKLXwMDgHOCGx+MS/RCAO5Apfzvgcrvg8AAe6kO/Ax5ec3ngzZJf3P8e3LYacDr8OHEiCz4f73fBG3CJQAlJnfSso6JWvEKKWB/cOUI5H8zxwOPjc9xK0LhccqeIa49P/PFmwO+R53ndyPa54RQZRL/go7o5Aq8nG45sL9zcFluJYCAz65iELUPpHkofkYtwB7PhpH/iwOM6ghyfXFFxked4DsmPbBGzoplE21FoA3K/hEe8FE/4rGxkizD0eOQE9Z+cOZyVhUznQUmbbBFjIWeBoEOFOf3ECfGaW3Z7JcziW3Y2vA7xUx6SlZYJF0W0iGd6xGAEAh44sxwh8ek5Lk/3wcFr4g5BibXEk+/AJe4oun0eEcZyn1v+ZdpnZByDR54RlJe0d+9BOQPsTTscCpMkbcDL57vgznYh6JUXKWnPONCd2tCVCSUnQp0HCky30CnvwI+0tDR1noLT7XKcdHyaSnCGbj/FsBDxCvHXz3whoZakR8DDEGQJJZXkb+4uq0Su5B+v/Ccpi4CDHRanPCkDAbdH4urBUUnLYNAj6eBEeqa4lfhIcoc6Mup9ybszMDAoVDCi18DA4DdCBEOA4ouiTIQJhUfWoZOjjyL9XCL8ROQ5vGnKqegiZIuQEtkqIsYHr1tEqTjMESHr8qSJEBFhIqrXQYEcEFHrkPv8ImBE9FLuZFPlikc5IlJ8ARGmTqcarHSLePEEXXLOIRpZhJ48S2S1yKUgnG55qBrxOyj3ciRUZLnHjQz6zTCJcs12OkQIS+hFCbm9TmRmHxW/RDyqEU2KPvHPnaPCnJa+X8J3VAlu+hWQsPn9GeJEjvK3T/xBTqbEmeJcnivnsp3yW364RUD7/BIv8S9H4k2x6PFT8IfShQL6hAi5LJdLPBJ3LqcS3F4Jo4+CTxz6xB+Onqt4uEQA+o4hQxQhZZvHJ4LecRxup4jooPxmjBkHeSBH0r2SzkE+U96JMzMTPqd0DCSt3eLWJenHcLiyxb10PnwuuZvRFyHuF/d8VxS8mV4K51DcQyPUjLdL6JBOgA9ZmdLxEKHN52Zm/w7RK/cHc5hW4rfEXw0+y7mA74SkRRqCHqY4wyD/5HjhkfyipCvFsOQNl0/yk6Sj2y3iW04zzh5JL5d0urzyzozoNTAo3DCi18DA4DdCxJQvAz4REl+t/gbbd+0SMZeJVZ8tweKlX+B4plfEhU9E3x5sXLsOyz5cjYxsL9KDItbkPEcTf/5pC75YsRgrVnyMHzf/BJeIFIpHl9eFXVvW4bOl7+HTTxdjyWcr8N4nK/DJ0mX4/IvlOHRkN9Z8vQqfLF+JxSu+xNIVn+LTFUuxfPlnWLV6HZwiKinjHG4KQyfS0rbIvR9i2aefY+myZcKP8OmS5di8ZSec8jynaJ9sp9wh4jAt/SC++WYVFi9eghUrP8Phw0fh8YhodYsAFGH6+RdLsWz5J1iyZKlwCT759GN5/gos/vxrZIkfvqwDWClh/HDxMuw5kB4a8RY1dmTvFiyVuDDMq5Z/jk+XfYqP5b6PPl2B7dt3YfOP32GphN0jotGTlU6lhrQjx/Htxg1Y+elyrFn5Bfbt2yeiVsSqhMef48CWDcvwicR//3HpKFBke7Oxa+f38owPsD8zW3U+qAz9kgbsLLiy2JHwYP/ePfLOVuOTz5Zh1VcrkeU4JmLboToXOdLR+PTjJVi+ZBk++2SJPHsxln28DIuXfYZDmVlKbJ60xmAOEN0oYloEanbaEayS9Pplx04R/QGkcbj/HEUvTTa06OXDAtLpUA+VDsXRw7uw4pOV2Lb3iBLgOUHp6Mh7Ybi8WVnIyk7Dxu/XYaWk7/pvv0eGV2Iucfv+u2+w5ectRvQaGBgY0WtgYHAucGLfnr2oU7sx3lm0BEF3OlrUr467SlcSMbc6NBrn34Pezz2PVg3vh1sE4AH3URzcvR2v9O6D+jVrokblu9GoYXVUr1kbzzzTGwcPpsEvYmTetOGoUv421KhRFeWr1kSlWo1RuVINVK9eBVu2bcQTTz6EStWqoWq9JqhWrw5q1KuFWnXq4emneyHD5UeWCCGXLwt+5wl8990nqFSxLCqUr4oq1aujcbP6aFC3EerXb4MZ8z9ENsMp+ufLFcvRqX1LVCp/D5o1aooateujbIXKeP/jxcpEID3LiYcfeQCVq5QVVkCZ0mVRs3ZtVKrTEFWatMWhY8exee1nqFu7Mv53R2mMnboQov/gzDqCz96bh8pVK6JqzTqoWbYKqlStjvL1GuC20pXx1vx3MHL4m6jaqDmOp4vglbD/+O16NKhdD1WrVEWDGrVQr3J1NG/SFGPHjIf0DSQ82ejRvS2q12iAIWNmQ339D7rw9sIpqFarDD7ftBkeak3a+ko6qKF2EbwfvfcOGtSvj3IVKqBW/TqoV7camjaqhW+/X4+DTocSvW1atELZu8qgQZ1aaNG4PhrVbIBKVWtg614R3eIlrQ9Ck8VCojcgz/1i6fu45cbrMXrMWI6PKwEtD83F/Iper7j180kUvdIL8kgHKiRQs/DDd2vQtEEzTFnwnsQvCK9b3l6OTz3Bl52JCRPHoVKVimjdvKm8o5p4Y8RE0f0+jBg+CM+9+BQ8FMhG9BoYFGoY0WtgYJBPULyIyMgRseBPw7Rxo9Gg5X04kMER3IPo3Kg26ldrgrotW2LP3sNweA/iuW4PiHBqjROihjLFzbRhQ1C7TE30feF5fL/xK3zzzbcY2LcvmtSqjsGjxiPL68PhPT/im/Vr8c2aVWhUpzYatH0IG9Z/hx82/QSncz8ef6wDOna8H+u+34rPv/4K67/fhG82/ojtO/arEU6viBvamiKYje1blqBqhbsxa/pbWLv+G6zesAKr1nyOVi06ol23Z3BEnB3afRid23ZEhbLlseKLL/H5mq+x+MOVqF3pblSpUQVrv/8ZNHHd8uMP2PitXFs8GzWqVcZrg4bLtZ+wUkSq25uBOWMHor6I11oNm6Jlx/uQ4XSLMPMh/dBebNiwHt/98BUe6dwZ9Vs9gOUbf8L6H7Zi98HDGPX6i6jbtgOOnjiGjMP7cF+HTvLcJpj71nSs37AOX325Ch1aNkNz8XfVhu0QKYjeT3VC7QZN0aFFJ/ywcSs4ieyttyaifq3/Yfmm7SE5R3Hn9yInkIbNmzaIcG6CFq1a4d0PPsTXmzbigw8Xok7VMmjTrg22Hc6Ez30MD7ZogIbSyfhi9bf44dt1+GHDJny2YSMOZzrg8PvgE7HLUe9gQJ4QdGPX9h/QoFYF1K1fG6MmT0WGvIBMUcZZbreaSMYJaBztdruyJI1cqjPkkneULe7SsijIHfBJGB3Kftop59JA4wiHiF5PxhGlS13OIDz+bPy0YRnK3HMPxry9QtltU6QHPQH4RNh+t2YFatWsiuWfr0BG2jEMGTFS3o2kVSCIn7d8j0aNq+PzrzaqzhfzCG3NA14KX4aIYeRvAwODgg4jeg0MDPIJThbi6B6NdA+iW4e2eLL362qKEfy/oFO9KmhRpxVqtWiOAa+MEDmRif5PP4a6VZriuIhGH46gdf2G6P30ADgdLjh9TmRxQpqIvYfbN0eTNu1xwuUV1XpCTSbLTj+OFvXqoMUDz8DnC9AyQnAcT3fviC73dUW6wydiyQuPuOXIpsNNcSTCXAktirIsbPvxA9SoVAZTJ86WayJAvcdw/MRxPNDxIbS4/xGkeYP49P2lqFGhOt5790PxU8Il+icowTj089eoK2JpwMhxUItM0N7U58KOHatRp0ZVvPfBchzNdoITrgL+dDzRuSnue7A7Pl6+ElVq18KnK1cp3clRVq4gEAwew/OPPaRE/GGJizwa7mAOxrz2NBp0uA+Hjx3GF598iLtuvxvvLVkDl9sJh8cDr9eN3Vu+FXFZAz0HjhaR50G/Z+5HlVp1UbdyJfTt+RIyMzKxcvnHqFXpNiz/fqfEXjznEKg8N8d3HIP69EbdmrXwxddrkO7z47hLwu3Nkue9hzp16uCd5WtF9B7B460boEGNxsiW9+XNzpR4+3FI/HBIRJSGln99Ep+ACE6fKwMD+r6Ajm0boVL1yhg9Y5a8Z79KPy9NKyTRskXEfr9xLbp26YgGDeqiet06eKHfq9h1PEuZc9zXqi4aNGqA16XDU6dmRdSvVwMLl67CcZ9IX2865o2ehAoVaqN526Z49aVuaNq4EYYv+BzZHE8OSD7kQf6bMOIlNG3UQjpbWXj33bfwyedLQDNlyRpwOzLwYFfJq8+/Ape8R6/Eh5MN3YyUGpdW3yWEBgYGBR1G9BoYGOQTWvQ64D66A41rVcWbE+YgQ5SF3/0Tut/bEM1rtxQh3Be1a7bGN5tWYnDvF1C7UmMczPJj//Ef0KRBE4wbsxBpIljTRLCm83u4JxuThr6KqnWbYMfB46JB0tTCC46ME2hRPyR6+TnbzZlrSMPz3TujavmqqFmviQi/mihbuTLqNGyBn3fug9PNqWx0J0LTn4Etm95HzUrlULVCPdxTtjyq16+GJg1boWmdlhg1YyaOuU6ImOqL5vWbwZntFiEuAk+EqCs7XfTQL2jerg6ee3lAaCBQxTMbu3atQe0aVTBr/vvIEiWeln0EP32/GjXL3o757y5BZnY2mrdsiud79ZfrcpuILJ8IvGDwKF54tAsat+mCYyK+AvIcTlAb81p33FOrHjKdmZg6djjatGyLX/ZlqclYHAB1S/pkH/sZzzz+ENo9+Cw8IrwH9OgmQrA9pkx4HbWrl8GHi97G4kUfoHLpili+aY+IXnkAwyxCHb4MdG3RCm2aNUe236vWnBC5KB0JicuWjWjevDmGTp4vivYEuojIr3xPNdRr3A41q1RCTRHvr0yciHSn6nHgWPoxZTLgcWfi82Ufo23z+vhm9VIleifNW6D8TRehzuXfmF/Sjh7AGwP6YOyoIchIO4J33p2P8jXrYObHK5GdnYHHOzeXZ9TEuNkLlJC+797maNfteZyQdP12xUdoXrE6pk6djx37fsHAXg+hroRn7Htr4KBQFdEbkDzhlU7A0EHdUL9Wa9St8wiaNKklaVwDcxYtAZfQY0fl1QE9JIxNcEjENkd62YnyqeFwI3oNDAoTjOg1MDDIJ06P9G7f8AXqiJic/cFnyBBBGnBvR+f6NdCuYQfsOHYETZu0Rbv7muKp+9ujYY1WOCYCY+ehb9G0UWMMHzpTyYw0ESNccovrZY16rRfKVqmLn3YcFg2Srj44OzPT0LJBXbTs8qwI0aCIPTo+gRee6IRaFWugep1GqCoiqHrduqhaqyF27D4It5ertlJwuUVsZuL7dYtQr1o1VChdG3XrN8Ud5e5Eh9Yd8dO6zTjudiLDfRy9n3kBjWo1QFaGA9keH1xyd07AhZzszejwQEt0e6YXvDwpIjXgdWLnzq+U6J2x4ENkqclcaej34uNoJuEQLQ+/uHnzjf6o3bgltomGD03Q8yEneAQvPtQJTVvdh3SK0ZyApKUf4wc+jqrNWqmR3pkTR4kob4KjmUBGZjbconoPHz4gz07HAx3aoUn7R5HtysSrz3dF0zb3wus7jM7t66Nrx5aYMmYialVtIqJ3v8SevQkqa3mGKx0Pt7sX97ZsJfF1KTvmzIAfHm8m0g7uwO233y4dgHclbsfwdPumuOd/ZdCwWQdl11tFBGmv0aNwPEPSw+dXpgRcfi0j/YiIzCr48J05OLD7JzRp0RRDJk5GprwiPpm2th5nuuSLNHz39Qo8+9QjaNOiAVo1qYtKteth8uKv4XWkoXvnJmjUpDGOSbr5JC1ee+lptHrgWRxwedC/+4PoUL02MjL8yJQ4fLVsHipVLI8RC7+wjfT6Maj/g2hcvxVWrtwmnYR0PP5cN3R6+Cm5V2Ironjs2DdQUUTv1h37lbz184sAM5kRvQYGhQpG9BoYGOQTp0Xv6qUL0aJeLUxZuESN9Abd+9CtSQs0qNwE6TlOLFj4FspVvR1t6lZH/eotROBSDB1CfRGLPZ7uh+Ppx5Dly4BDxNex/VvRrV0jEXH3I5OKKZChRK8rMx2tGtZDqwefQ6YIIqVRgsfwwiMd8Fjnh9SSZWkOJX/U53iulsCRUa4hq8wbchz4+ftPUKtSVXzwzudIF8/fX/IeKpctgz5P90Smzydyx4d3Zr2FOpVrYeH8d5V5Q7rXC58I4q3rP0ItEfKDRs4RASdeUr363di+fRXq1qyG2YuWiHh0we3Yi7ZNaqJOlRq4u1wN1K5eCfVqlkP5GvUxdekPyozBQWNSEb09u7VHs1ad5D4lvRAMejFhwKOo07YDTmScwJJF89GgbkOMn/YuuBSbU9S2x+PG1o1fo1Gdeniu3zAERFDSvKHDA11FTKfjy8/eQ+PqZdFRRG2Nao2x/DsR/4w/U0bEXcDrwOihg1G3Vm0sW7EC2dIxcORwtQwH3ntrOmrUqIFFn62D33MUDzWrjXpVGyItO0dEoUfSyI0jTE0Jfo6bttJ+uN0OTJo4GnVqVMSgl3ti0Cs9UFXS477Hn8T8xUtVpwHSGaAoTTu0E/e3bYQezzyO9V99hn3bv0OVOvUxfNFqCV4GnujYAO3at8MRyR+Zbg9e7/kkmnR4Coe8ORgmv5uXKY8sCYsnx42DO9aiWtXKGP3uKqj1JsT/HE9QvcPxQ/ujTq2a0iHwiqB1o2e/3qjdtC2OH09X72zatJG4+fZK2LX/mFqvOTQKzoAa0WtgUJhgRK+BgUG+wZn7nDSVdWQnatQsjaGz5yGb4iE7Da1r1UflOm2QIX9npu3Ei50boEbFSqhSrwP2pfFTfQ6mjRmCCnfeigF9++LTjz/Fp0uXoG+/53HbHbdi8vRZyjY3KOQEJNr91q1bDx07dlZmEJx3xGWqHu/aDl07t8QHH3yANWu/wRdffYPV32zEmnUbRASGNnQIqnVmHfhl4yrUqHAP5r/9johZIF30zfABr6BBuVsxYcoUZMmzDu/bh/vathPRWhUzJ03C2i++wPy35qBh/bZo0qQrNm3eIYJdAkDh5/Vh+5YfUanCnXhr1lx1btmyT1C1ejU8/NjTePbZZ/H000+jT58+qF+/Ppo2bYqjziw4fR41AvxQp/Zo3e4+HBdlmOmUDoQrDaMHvYgazRqLu0zs3LMDTzzyIOpWq4jBgwfh67VrsGjRIrRpcy/q1m+Ob7dsRVA6BX2fegztHnxYOhMiXtP3YvQL96NO+TIoU6cDln+/DZlqcwkRviJ44Xcpu9pGIuCbN6mLdxbMxtdfLcb4scPRsEFTNG3WDvsOHkdOdhbul+e0aCidlMOi8uU9ck1eK93SyaAYXvLRu3i6ezf06tkdTz3VVa1q0aBJY8xd+L7EVfKDuA1IGPbt2omyd9+FiePGwOPIxIzpk1G2Zi1M/HC5KOkcPHf/vWh7b3sRuZSeXrzy7FNoeW9X6RQAX3/+EepXK4Ply5fDKx2RkSNHqvSc9NYiZPpDpiGu7BPyLAdWr1iMOlUr4qN33kXmkXS82LM/mnfqghMMr8jwkcP6onKtejhwLB3eACfYSWZSyzgYGBgUJhjRa2BgkG9o0evLPIS27Rrhkb4DkMGhTI8DzWs3QM1G9yJLhKDXdQS7138i4q06qtVri0wRQulZWfCkH8Lrr/TBbTffjOpVaqBenTq4/Y6b0LPXizianqnG3ShwSI/HgwYNGqBLF4oXnxrFpTR67skHUUvEUKNGjVC9Rk1Ur10fVUVwV6hSHQ43fRCdx80qvC5s27AKtatWwPQZMyWcavwXgexMdGhYFfUbN8b+Y9ysIohd27aJu6qKDWvXRrmypVG5Yh28/8EXaoQ5w50FrzO0jNaOnzejTs0qWDB3gQgn4JFHH0a9+vWUcCS4OxmF9+TJIvDKlsWGzT9KuJzICXhw/72tRfR2wgnxSkUn4MTQV15A7eZNcUxEIW1hf/z+W7Rv3VQ6FVVQoWJ5VKlSBY0bNcP4CdPVKGoATvR47GF0eugR7DmRLkmShvStX6JVwzqo2KA9lq7bBFeQCp09BbmDI9/SWVj41iy0btEYTcRdg3qV0FiOTRq3xNpvvleDnsHsDNzbvAUayHsUfa5sXu2i1ynv0JWVgewMEZsiqv3eDGz+6Vs0adoAU2ZMV2OmJAVlgOsNHz2KHtIRqFShAlo1a4pGDevh7oqVMW7Bhwi6Anihaye0aNVaTYbMcKZhyMu90aRNJ2UbfGTvdvR78SnUqlUL1157LVq2bIkyZcpg8ryFyPZLeMSN0yHxZzx9TowdLh2qe+5B66bNUa16HSz86BMJSw68vkw8/eT9aHFvJ2S6/XBz3TIBN/swMDAoXDCi18DAIN/QohcUKINfQeMujypBC0cW1nyxGiu//g5ZXr+IkaMIZu3Dd99+g8++WIe0bC+yRRjDnyViKBvbt23FqtVfY/Xqr/Dz9q1Iz0yH0+dTn95drmwRWNz614mVny/HuvVfq00ZOOueWxdvWP8l1qz+DF999RVWfP4FVoo/n69Zh1VCp8enBDM3m3BkpiH7+CF8vepz7D94UPzPQYYnBx4Rd5vXfIov5dnbftktAi4dQb8PB/ftxY+bvsPK5cvw3cYN2LvnILijsFvEHjcwDnpFBYpQyjxxXG3GsHfHPhGAbonHl9jw3Ua1egSFoU/iwTTau3cvPv/8c+wSf73if2bmCWza+A2+XvctsjkIS+HG1SC2bMBnq1Yhy+MSQeaCy5OJEycOYL3E+/PPV2LdunU4cvg4PC6/spd1i9jctnEjVq9fr/52ZRySkwfx/YY1+GjVOuwSIcylxSh0uVYvNxHxOiXtOenu6BGsW/MVVn3xCdas+gLZEhC3dFq4QUWOPPebr76Ua1/CIZ0Ml+u02NUMyPsJCilouSqFTzoDaSeO4IsvV+LnnTvk/cl9QRGafB5HUoUZx4+Jn6ux7uu1yEo/jvXffYe1m3+By+mV97ACa+T8cemQeDxZ2PLDOny1fkPIRELCf+zQXvWeP/30Uxw+fFjyy2r8vHufGvVXxjYi6r0ieAPybpwixjeu/wZfyfvey3WFpZeULu/W6UiTTkp5vPvxp2r1Bk5kYx6hTbWBgUHhghG9BgYG+cYp0SuCZ9WXn6FCk3vxwy8HRJ941DbA2SISnX4RWj5Ol+IWtV54uKOZCBSnnAt400VwZMlfQSVK3CJm+aXZJSLK4fMgU4SuSCa51wunKwPc/MDrc8Dvo/0rV0FwixAVUcwJZBRi4lK8UGYRTm8AmdlOJToz009IEJ0iZkX45YhYkzB7fAGcyHKKmKLCOib+uyUsORJGv4i/TPj9Ig4lDFySy0/x5nKK33LN5xa6RKBSOHpF8MmzaUbh4moOlF4idMWdW+LucrnU8ymq+ExumezIlvCL6PV4HeJS/BZR6BSB7BU/fBxShVuNtDq9oVUP5Arc0jkIcuMFiTPTnPqRkXVIGNNoYCxxoclEtjJiFonoOiz+Z6g1bvlB35/jlTBK+vNv7pAWEJ898i4ckr58rnQs6J8ES8R3AK6AhM3PdR1os+1HlpNbJYsTu+iVhM5hmnG0lGYkkjY58uKzsrLglUBmi/h051AYSxrLdYpfCuT0NL57uVfSjqtZZMlLo/ikXa9bwpXGIEpnyB/MhCPggZq4qEw0pLND0S7MzMxUo/9Mce7cRvK3V54TkA6E6uxImqk8Ix0sP1+IhGnlZ5+gTu0qasUQh3R8mGfcbhHtcr+BgUHhghG9BgYG+cZp0cvRVB+69ngZc99dIr9z1IioyJTQKCOFmyddjjQOEEEiAo3jpaLOxBMRwScnplEoB2hjyd8UMOos9+USIUgxJz5yG136ERRhGRDByj27JBTKhMAvYk7dIR5kOT1q9FSN4okrCib1CfukuOESYU4RfNyuFiKuskWMelwhNcn/KIc0KdR53idh5Tq8fGpQhCg/3ntFyMqfDLD4LWckbn4JG0Uiw0TwyLSiUFNuRMCJVBOtyk2S5RfvFQRFRKv04KivuPdTtMkzRC7KVa7te9IhE0jcMOZZNF0QxegXcRl6msTRny5XXMgQweiSePNZAb8I9dBtIkJpbiCueYJkT0OOTBp6HXo3DgmnpIszS0WNaWoXvafu50+KTB/DL38LXBLHTLeITe0x84kcc0RZez2h58lLkCPFqgq1/BaxLZfYWeJsQW9QxLNc4Z+Mm18nlIBC1SXk+wkw7uI313PmInUqjuKGacfJlqHNM+S6vKvxY0dh7JiRSHdZ8hyFMsNuYGBQqGBEr4GBwW+GGn0UUUGBSYFHIUzyHK+dESJ6csQN3emRussDDCdFEmWTDjN/U56dFmb5gghbfroPitgNiEClcLskwGCcDAoFJHnBYUmKUKpKKFQnKnTp1Lk8DA/mReZRjhBzxTsljiXvSQ9GPDOi18CgsMGIXgMDg98MigmSn/L1qKadYWFEr9xuRO8ZYUmK8yF6CYpe5lMjeg0MDIzoNTAwOGfoUV6KXD3aqxkWRvTK7Ub0nhGWpDhfolfnUSN6DQwMjOg1MDA4Z1BMUETo0V3+5jkKjbAwolduN6L3jLAkxfkSvTqPGtFrYGBgRK+BgcE540ymDOHOKfD8yXtE/lo1zmUAu8Bi6Pn3b42F3CNCTqeA1ceLCks0+POivBtbGOwhyX3OyjND51H1psSpypuKl0zKGxgYXCAY0WtgYGBgYGBgYFDgYUSvgYGBgYGBgYFBgYcRvQYGBgYGBgYGBgUeRvQaGBgYGBgYGBgUeBjRa2BgYGBgYGBgUOBhRK+BgYGBgYGBgUGBhxG9BgYGBgYGBgYGBR5G9BoYGBgYGBgYGBR4GNFrYGBgYGBgYGBQ4GFEr4GBgYGBgYGBQYGHEb0GBgYGBgYGBgYFHkb0GhgYGBgYGBgYFHgY0WtgYGBgYGBgYFDgYUSvgYGBgYGBgYFBgYcRvQYGBgYGBgYGBgUcwP8DQiPwglcUoOUAAAAASUVORK5CYII=</file>
    </questiontext>
    <generalfeedback format="html">
      <text></text>
    </generalfeedback>
    <defaultgrade>0.0000000</defaultgrade>
    <penalty>0.0000000</penalty>
    <hidden>0</hidden>
    <idnumber></idnumber>
  </question>

<!-- question: 130255  -->
  <question type="multichoice">
    <name>
      <text>Question 10</text>
    </name>
    <questiontext format="html">
      <text><![CDATA[<p dir="ltr" style="text-align: left;"><strong>Select the segmented blocks that match the whole image shown below. </strong>The segmented pieces are always pushed together with adjacent blocks. They cannot be spatially moved in any way, only pushed together to remove segmentation. However, sometimes the image above can be rotated 360 degrees relative to the segmented blocks.</p><p dir="ltr" style="text-align: left;"><strong><img src="@@PLUGINFILE@@/10.PNG" alt="" role="presentation" class="img-fluid"><br></strong></p>]]></text>
<file name="10.PNG" path="/" encoding="base64">iVBORw0KGgoAAAANSUhEUgAAAeUAAAKZCAYAAACGODNFAAAAAXNSR0IArs4c6QAAAARnQU1BAACxjwv8YQUAAAAJcEhZcwAADsMAAA7DAcdvqGQAAP+lSURBVHhe7H0HYB3FtbZlFRd6CWCwAXdjIIT0vNSXl7z/5SUkJAHSH4QETE2AAKbXEHovxvTee++26R2CO7aKrd57vffq/Oc7Z2Z3ryzLkqwrXcnns492d9rOnXK+PTOzs6PIYBipSCSIYnF3YRhO6OzspASLwbCpwUjZMHJhSn1Yw4jZsCnCSNlgMBgMhjSBkbLBYDAYDGkCI2WDwWAwGNIERsoGg8FgMKQJjJQNBoPBYEgTGCkbDAaDwZAmMFI2GAwGgyFNYKRsMBgMBkOawEjZYDAMS2BzEYNhpMFI2WAwDFsYMRtGGoyUDQaDwWBIExgpGwwGg8GQJjBSNhgMBoMhTWCkbNiEYPOPBoMhvWGkbBgx2DDl9o6UEUpCGocbDIZBhpGyYVghIMwugFtCTwN0z6lR1w2HSCcgX3E97RY+3xubf8TvWpYbwuCXWV9zaDAMDxgpG9ILnZ3UUllJzWsLqb2qmlrWrKHGlZ9Tc26uSMOKlXJsWr2aRd2a8/KotbCI2itKqL2ygtqrqzhuBTWXlYl7g5OWgoJ1pLWomFpLSqm9tJw6amtYaqm9to7aWDpqqtmd0yiv4HBF1Mbh2spKqLWCw7JI+hWV1FbB96xit7pqijc0UEdDIx/rKcbptVdzejW11FbJaVXzdRUL0hY/FvbDPTs4z7H6Ooo3NbE0h8JptSNN5Ku+QeK2c9rtdRy3Aed8r3rcTyXR0pIkcOvg+HEJy/GRfiPu0UgxTl+kme/TDLcmjtNKibY2ire3UaKVj82cRjQ/HDYmaTcn3QfXcYnbTp3tKgmWeGsrC6fl0hVxceL+OiJy33hMpDPGx8AvTLc7kXv5a47XGefHlwQTN7enTj7aq1OG4QIjZUP6gJVnfX4BfXbeP+nzPx1KeX8+nFYf8Hta+b+/oM//d3+R5T/9tRxX/+JAyvvpL9V9vwNo1R8OpdUHc/hD5tDnR/2NVv/lSLn+/MA/0qoD/kC5v/69SB6nl8vXq52b+HPcVX89inKPPI5y/34i5R59POX+jY9H/D1IR+IgvUMOo1WH8H1wr6jwffNPmEvFp55Jq1hwXHPSafT5MZzmkZzOn4/Q4+HHyDFJcK+jjqc1p5xJ+edfSMX/uoTWnnuBSNFpZ9Hnc8+g3GNOoFUnnsrhj6PPOd1Vx59Mn/M9IIWnnEGFc0+XexZccgUVXnENlV1+lUghu+WxwA9hl517PhWdcS4VnXUeFZ3zT5GC8/9Fef+8iM8voLKrr6Py+bdQ3vybqezGm2ntZVdR0Xn/knDFF15KhRddRisvvpQKLr5c0i+69Eoq4TBrLr6CSq68lgpvvZMqbr+LKm67i0r4WHjtDVR2DcsVV1M5Hwuvu5FKL7+aw15D+fNuopLr5ol/EbsXsxTdchtVPPoYlT3yGFU89ChV3Hyb5AfHkjvvpcrb7kySorvuk2PpHffIfStZqh57ksqfe4GqXn6VGl9bSLUvvUwNi5cKORsM6Q4jZUNaAAqzjq3exUw4n+z5JSqcNJUqd5lMpRMnU/HEKVS+y1Sq2GUKX0/n82l8PpWqdp4sxzL2L+HwJexXMnEWFe06nd2msUzl8NOodJfpVLnzFA47mdPktNi9fGcWjls6cQYVT5pFpbvNYvdpVDx5NhXtNpNKJs+kMk6zdLcZki7iIr2iXVkmafpIB/kp4TQqcL/dOQ7HLeI4ZbtDcM6y6zSOw/ng9Mp25fT4HPeq3JnDc95wrwqkufssWjt5LyqesQ8VshukmN2KpszidNmfBXkp3XUmlfNvLOf0S3abLWEKd5vGMoPyOeya6XtR6TSW6XuLXwkLwuI3rp06W65xT0mbf28J57V4qpZByYwvUtEe+1DBjL2pZI+v0JqZX+L7cxgOXzpjLyqctjfLHlQ0dQ8qwzmnVzhtNq2FcNjVe36FCmdzHKSx91cpd499Od6eVDRtTyrhfOXP/CLH20vO8/h8DUsRxy3gtNfyPfNn70vFX+T7fvGrtGafb1KRS6t4jy/RGk4vf/aXqYDDwK2Qj5/v/XU5X8ttZu2eX6Z8lrx9v0W5X/2OSMXXvkdrvv4dyjvw91T/wUdmMRvSHkbKhrRAU0khfXby6fTx7C8yCTNhMdHWMmlWM2lV8bF2Z3UrnziTiXUWy0x2n8XuTFDiNp3PZ8h1NfvVMelqPPipIK0aTqeCybFmZ4TnNPi6CnEnMHEzMVYywVbtAplG1bgn+yH9Wr6umYBrF94dqzlsBe7PcWvkmsl+EvK+u0glP1TguobPKyZN5jjqX80PB5I3PCDwdZ2E5wcPTquC81DN8ar491ZxvvFggd+O/CBsKcepYn+kj2s8LOAagnTLmbgRF3mEP9zr+AEGR+SzFvlEWq4scT+4o3wQ36dVw/Er+AECvwHXKLdy/r1lLk2EreY84Bx5QXlU8r1r+AFGfi8eVCQvPm96RFjJD6dfyb8Z57iHlIWUP9cPwqIeUAYuDsrE/x4R+a1oB/ityAvioz3McKJtBHVdMmEi5f78V1T/0cfc2oyYDekLI2XD0IItl6aiYlpyxrm0jK0sWKcgIihTECmUK0ijhs9xhB+IsJJFFfgsdQvIV68hFRwGBA1BXFXSCKPunqwhNRxfSQppeqWu96tkd/hX8DlIs4b98QCAc38vTwJIC9YzyBsCUqrmIx4Sqv2DAJMXCA55qGJ/kK4SMMhR7w9CxBHhlaj1PjgiTZCfkCCTqT4cuIeF4HdoOSDtCnZH/iW8CwM3pCXlwEdfNvgdIHmQpRI2SBwkiLgaXtPH7+M64vC4d/UEkCLyPo3TZ7J0BB6Uh+SX4/J9hVC5PLQ+UTYgV02vmkXSZz/kD/WBPCuB6+gEHn6QnxquAy0T/H6c82/mckSZwA2/BQ8C8sDA9yxg4s4/6A9U9+77lIjFfAN0R4MhPWCkbBgy6JB1Hi0+5UxaPntfUd5QviAPJUYmFFiIIkwSfKxlqwpWGJSsWIgIK9auDldXCsFBcYP0YCnDinJWmFh98EO60/h+GPqGlYl0QEKw8mDVessNRIl0lCh9WISpFkucCUjCT5F8gjAk/0y+eCAAIYFYQIgqbLWxewWHA2mB5HFP5BkkiDiwcpXEQW5MzkiL3ZDfSuTfEZJP25MpiFbCsz/CgwTVqkd5KEHh91awpYlyUQJXKxW/CWWDfOE3QzQvIEf+vVyGsKKRPo4oB1isYpG7e6CucA8tX5Ql8q75QTikjXB4MFGLOCR31AdIGGWEe2ha+K1a7giH3woS9/nwv1dHJpTg8XCBsseoCkZEQM74fRB5cOByKt59NhX84WCqf/c9G8o2pCWMlA1DA0/IJ51GK6btyYQBAtQhYy86jLm7SKUoXpAm3EAksIiUEIRk3HA1woKEhcT5GkOeMiTLyl1IiuPptYaHJYX0QKiq9NVfLUEOx+mK1QolL+kj7d05DMdn4kD8IDxfI7zmHX5KsEqCStK4FsJnNyFYhJXwuLdas3jgQDh5WHBhNV84eqtYSUytSLgjbSYxDg8C1Pxx/qVcQYLshrRYpOw4DfwWGRbmo+RH/FgkvOYFJI5yUKtWSRsPSVInHFbKkn8zLG+Uhw7Ra3gMn6uVHd7XP0CJlS2WrebVk7k+QLnwHA5lKQ8ukj7qCL8JJI/8oYwQFmFUZDRiwnSqn6AjLL5uEB5WOB4UinebRgUH/Z6ali4zO9mQdjBSNgwJMGT9GVvIK6bNZqUJ0gLZsLASVuLR85oJU2R4E4TjLUO1sBwJeRLEkdOpZ6uoYQLcoLRZ8cvwLggFQ6MaBmGVHHAfWItw1/CwOlX4nN1rOK2AYDlOHcKzeOutSsjKxw3zLwTO+UZ+QHwgBsk3E4uQrORZSccfEQ+/Vyxv/N5JIHKEdUO17rf68kG+dGhWSVDS599b4/Itv1WISn8r0vVzub4cNR0tSx0BQFiNA3IT0mU/H16H/kGQIGTcQ8NLXjifmBtHetHwyJOE5TTl98g51xXIk8sI90VY/3uDBw38Vi8TkL4jeC5rSR9D5PzQoMPYHCZIG/eZQWvYLVr/iIP8YvRkDd9z9c9+SU1LmJjFYjZ6NqQHjJQNgwu2kBsLi2jJGefQij2+RDrnCoFSVeVdxcoaw5BeIev8KpSpGxJlEWIQ5esJloUVPc4x5AtSxjw0rC/1c0obRzl39xXCg+LG8LLOFct9JD9IT+NUMSlo2iAT+OmQcdf8+PTxG+Q3gSDFIgV5wA0k5PIk4tKH4FqsUF1khTRlgRmnH/4+jav3Q3qwLjE6oG6wYOV3Ogny74hJ84f8YpGc/lZ9uIG7S1fuhbRBYsg/rnGO36xlpvnUtDWOityTw6uVCsG9ESaSH1xLPNStEi0eQjQNzSv89b4aT8oRD2fOgvajDvog4fIhaeIeiDeNylx8iYc8cxwZMZDfNkPmmAt+93/U+OFHlMB7zQZDGsBI2TBo8K89fTb3dCbkfURpwoIUpe0UKUgqIAgRvVYLiv2ZDJL8oMj5HCSiR5UKpC1znjq8GiWDgERZSSshR/IBAnDhhCD46MlEr/UIqw7uMpzrwoviRzw5h4RkofcA8YDkcA8V+b2Iv44gLBOP5N3lxfnJub8H0mHSQTnoynGcq7+EEaJ0AnKXtPCb+VryrnmU8gFZBYK4GAHQe2recU8Nrw8+6gcS1TLVMsEwNoaYq2V4X3+jhJXfEv4eja/D434tQODuxP9O/3t0fht1y/mRtsBpyz0iaUpYduOHJzxE6RC7lgvaBPxlpTznee3kWbTmT4dSw8efmK1sSAsYKRsGB52dVJ+XL3PIK6fOZtKEslRCVMKAUnXXUKw4h2KFshXF6ggPChj+EkaVvRKbIwlcI14QBtcq3l8tVhUsCJIwrODF6vb5cffT9Jw4N7Vice3zh3ON539DEIdF09J5UU/+UX+91t8i9+YjSFCsR3Fzv9Pl28fX8KEf0g8IKigDLHwCuauf+rPA4pTyBWEhHYhPW+/jr+GnQ9G+vPW++vtB1pga4PByP38P/GaExTXOnbvcC0e99qKk7MrWhdG607D6W5Cu3l/zA3+VMO8sGKXAUdzwsIL0kR7mopFff1++5gePNbvPklXZNsdsSAcYKRtSDFZzeO2psIgWn3YWrZixlyMPpzihUEWBOoXqlLAqeL0OzmVY27u7sBxP/H16uGaF68Opn7uGIpYjxOVBzr11qcpayIf9oND16O4XnGs6Pj+atg+r+fD30njuOkhX0xA/GeYO43hC0etIWkEa7p4+Ty5seB/Ng/8t6he9F9zZwsScsIvjHy78Pf1v8OmLRSrxkB7S0nOfpi8XjY/wGH5Xi9bnQdNb91zz5s/dtct/kCZE7qdugQQPDy4uH8MHKxcmKE9db4C2h5XsOieOuPrAgqHs3P0PpMZ/L7advwxDCiNlQ0qBPYibVq2mJaefQytmf0l20QqUOEQUsYq3sqIKOgyj7iKBgg7Dh3FYJG29RyAuvp57RY1rpKGkHPg7kTD+Ws4Rdl1/PUbSh/i8Q/HDHfmVPGv4IK9O5DdJeA2naTnC65J3iSPnKvDz9/BpK3l2CYO8yG/QVdNRyxfnMmrgRNKK5Ce4rw/j44pfeC8h/IifP/flpvd3dYN4cIN/RDQdFd9WNP0wrk/TH8Xf31fiuWsnGge/UR9GZDGZDH+7kRMQ8ySWPxxCjdj5y+aYDUMEI2VDytAZj1H94iW05G8n0opZOoccKEwoU4goy/Baleu656Gid25IQ46OYHGNo5yDfHCEQvZuOPcEGQ3r/OQc/n7OV9NPupeLE8QNBOFV8a/r50TS9OGSCU6OcI+EC+/rfosjMHUP4wdDuBIG5xxf0tEwkoa449zlAdfuHj4ujjqU7+L7c/FzeRNBPIRx6QTuSAfhvbs7d9c4at5deKQrbggT8XdxQ0m+DtNz6ci5umn6YXpJc/fsrw8heNcdD2FYzY8hf/bj8Fjwhjn8NVNm05pD57DF/FmXoWwb2DYMDoyUDSkBXjOpX7VKCNnPIXurxytJVaiOVCPi/bwiDUnMEw2IKkqwqli9UoefX4ik4TWM95OwgR9WLGs8H18WB7lrCefiBOk5CdLAkf0rI+4+jPxWl47+bv09QXz4IX0f3ocL7qdxPCl7EvHhfFkG6cDPHeGuRBSeB/cWf++H8C4OxK0092lA5D5uKFjdYHWG8TRNnIfhfFjJpxzVDRLkBXFkCNz5OTeJGwkflkPolkTMLJJm1E/yo2lLnnEu/vqaHa4xx+w3NtG59xm0ZveZlH/IX/V1KdeeDYbBgpGyYcABQsanFZcdP5dWzPxiEiELSQRK2ilMpzQDZezEK9uoIH6S8oXIdaiwg/hBeuE9xY/v58N6N4SNEkXg5/IXhItI1E/ygHPcx7shjNzbkYOP4whGriWu3tOH9b8n8MNRwqq///1y7f3k3nof/1v1YUTDedH0w/T0N2g9BOkgrhPJAyRIMxI2It7f5yMI69z0iHs7wTXCuGN0SiEqmnYkPYj4ufuB0BEX98DDQJC2y6+c89E/KKDsOCzmvGvx8MHhMccsO50hLFvQeN0qn/3zDznM5pgNgw4jZcOAAkPWdSs+p2XHHC9zyPgKkipiVZRKDKHC9BIlA1XSKqGbKuSkMD4O0pM0IWGYJEFYUcgI666RJvv5+wR+/lrcIvdxaWt4Rw7OTx82cK6/0RNe8Fs573qN+Oon95O09Dx6rW4aPnCTOC4+/EX0vuoeCtz8KvMgnPeX8KG73lvdNIzLi+RZ/aTs2C8gPbhJWD36Og7cgvS9n76GJmHkmJxOUlpeIn5S9i6+Tzf4TT4td66/RfPrf6dPJywvjJDoULasipfFX34+HKuyp8uq7LVzjqGmxUvcBiMGQ+phpGwYMGBxjMwhH340rcCn/VixQZGGihcKEUo+WcF6hepJL7xmQTg5V2Wqfl7hwt+74dwpaUeYGIbVuC5sJIyPF/qHyluUujv66zAf6udJIggLNwmvvzFIx0vgrxKSB9xdfuUa5+73RSS8t8+/O8p56C8PC5ImBOeRax+Pz/V+uI8XXPuwfB0JI+EDd/Xz9/L3R1x/rn5OXFzZEAR+6/i76QPE9xL1Zwl+MwT5ETd/jTg+nIbVvDo3Purv8P7ReBBsvqIL/YL34PmIoWx5XWraXrSG23PzylXJQ9lG0oYUwUjZMDBgJdX4+edMyMfQSnwfWJQ3K2JHkNEhZx0mhoJ0bqwc/YIlJY1QOXv/QJHyMUgrEtanLenKsGQknnPXNLAACNcaT/xEnOKXNDV/av3yuR8WjcSJpu3dfRrRtCQNFybIo/xu3MP9DuefdES46Lk7hqJ5k3P5PSwunxLW+YVk6cJLOcAvnAaQuJInnHP5yDalCKd+/lyuJd++DiP5h+DeSAtxInlP+k3+6NIN6gFxnR/yGaQBdz/07OIFIg8gKoGfxHfxIOLujyycFo4+jKYLYsZviiz8gkjYmVSw63TK+7+/UMvqPJtjNqQcRsqGjQbm3DCHvPyYE2Qva+ym5YlClWyoAL3y12vnBuXnyDsIL+frugcKWK5BMnyNo3MTxQuBvw8TnCMs0nPxvDsLwiuBws+lhfzJPXx8TVt2rwquXf78kUXSieQpPNf76znKgQXWfJe8ILyUnbtvQEqSrstTEBbXGjYob8SJXMvvjbhLWHctItfhXHUYDuXdJT5+A45diFLCunBBebj7iDvy6fxEEEfC4bd6v+R8+rz4uOrO50gb5y4voR/ChvfSPCC8c3duetQyDn4zP4hg33F1820BdY1dzWbIHHPBX47QxV/2upQhhTBSNmwU5LWnpcto6ZF/l689lYmyUwUvyi9JoDD1XJSuH152ilGVdeQcfusTxI+eI11Ju5v7ekXMIvcN/JzChrv3k/y7OCwgCs1LJO8cT9LAb5RwzvqGm/jj6OI5dy/R+yalHfHvjpzEz8fhow/v40jeRNxvDY56jyAt+X3ufj4OziWsxtHweh9/D/X3YV3agfjfEbp1vZay9Om5dNYR8feEq+ECUvVu3t2dJ/tF8xzGi4rE8edSFqE7tvDE5yxlsddER9hIj61lmWOeMpvWHoE55qVmMRtSBiNlQ7/RmYhT/ZKlOoc8eRaViwJzIoTrlbwnL3bzhMAiyhFu/lyuWRGK5azXXmnKOYal3TkkfEc3JAkN765BBO7oz8Xfn7trHL3FBPFpSXoiUM4uDQk/PfgKE/IfkrTGQVqBQndD6Z5o/T2ibiphnqLhQn8Xx0kYRu8j+XDugUh+Xd4krD9G7xumE55rXLl26YplzMdgg5Hob/RxxXr2ZYHyhPi4yAvS0nPfDiBdX0lTfxcH6cHdh4eb3JP9EScSD+dBWhFLPnxoQH59PJ93SHJYfY8Zq7L5XrLzF7vLfWfQmml70JrDjqS2wiIjZkNKYKRs6BfwkkjT6lxaMudYWrG72xcZCs8pPVV8etQvGHmlqso68HfuXoEH6cBNFKH6CQF4ReoVLvwlnE+Xj/7a+cvRnev9Im4s/r5eQatb6K7xwrnhIG3x0zz5a40X8XNhfXo+j2EakfjryZ+/v8RBHuDvw4q/S9e5r+vn3LjM/L3l6O7d9ffgQcenERBYJI6GQ5ruXK41neC+Se4uDecW/A7nFtzf3TM4d/kQceE0vMsbRH5TNB8a3vsH7k4kvE+n62+HIL9Ij4/6iUt87hErs/UeWPyF+xcwUef+4RBqybU5ZsPAw0jZ0Gd0xmJCyMuPxRzynmIhe+WpQ7Os/DwJOGXnFbEqP3b3AuXo3EQQR9xxxDC4S0f8uyhgF0biB2FcPuSeXfLhJRJGlbDG9cO6EH9PzYuGCyxiL0hf/PXcD/nKeeDn3JLiabpyf38Ua83F4TwjnJxLWkjHxZGj+018rSuXfXw9D+LKNVY3u9+IdCUuwvswek+JCzd3DPIo5wjvy8Yd4Ya88bkPF9yzq5tPJ3Itbt25cx59nYu/u3d4jfyGv1/j87WP59x8WmH7iPxmCK6dXzCH7OLDTT6fKX7hUDbSreFrDGWDmLEqu2XFSnuP2TCgMFI29AlY5FL32WK2kI+hz6ftJVtniuKHYnTE4BW4KMFulT4UIuJBEUI0jTC+D+eUpJMgDVzzETtoqcIG2aib3C8SJjhHfHeEm6TlFK1cR8N7Yf8wHXcu1z6vnpQ0HZ+euiGcPyKP7lr8Nc8+TFI5iL9Pw7lx2ei1xtG86u+UsM4tOa47lyPyFabl04iGl3uIhPkI84dz/f2Bn6SHdPXai8Rx8Xxc8fNxXRwtv4gfykTu4f2dH87dtIV3k3y4c6QX3A9H59ddWE3D/Q4+11X43YRFmvDnsH6OGUTsy8DvZFYwdTYVH3s8tX6+2ixmw4DBSNnQayghu/eQd/eKyitzkIQ7euUGRRdRdgE5wYJJco/4OXcvkrbzDxR8NJy4h3kQP3EPw/g4QbzIeUgSCIt8qeKV3yVu6h8QkE/bWZ3ihms5aly99uF10ds6+fDpsCQN7zs3kUgcf+0tNu8m55JWeD+ftpKLusNaDutKw/t6kHJ1fsGcrPstkgeXjuTBPwy4dOSe7jrIj5PodRKpR+/lzoOwzg1Wqv+9we9x4s8lzUg+YSlLWi49HNXqdteIh/TXOXd5EzekwWWGeKhjWfyFOeaZulf2RCzqc/4shVP3oOJjjqO2wmIjZsOAwEjZ0DtgL2ss6vrzHFoxZZYqO4goslAxeoWnShxh3DWOfqEWxxMFKOeeTKDoQiUbhImE9cSg55qm+HuBn5wjjUi8aHq49opczuEWySeICsLho2n4+D6Oz4vG1yOIRK0ovpZ7urgQ+Z3sx+J/p/eXzxy6cBpPywRpCikFZRLm24cPCB35cyJhnb/cxx8lnF5LODniGu7hb02KL+lzWEfgwb3ZrUZIKwyvedWwPr6/j+Qbwn54/ze4H44uTNJ11zyIH5/jGuXh3XFP5x6k6cIG5yy+DFVcnuQ3ufKAyH0jaTjBor7wPeYwLQ2vW3IWHXEMtRassZ2/DBsNI2VDj4CKicdi1MCEvOyvR+ocMisqKCNRfKLkIkrMKTbZ4hHhvLs776o8xc2locrWE4SLL+4I6+Ig/UgcCYujhAnDaxx3dP4aPuKHcxc/jOPuK/7unhB3HobzYXBUkvB5Ca3rMKxPQ+/p4rjwSowuLodTfxcmKBOIppOUZiCIrxLG9emwe3DOYX0+XBifRnjfUMQyD+7r0uySFw3j3CQPfM7uQX68u69D8dMwfitQdVM/vXeYhuTLiwvnr6Nx/YODuLmw0XgSXo4aB8fAjwX503OXpnOXeCBmWMzspyNE6o78yxzzrtOp5G8nUMvKz22O2bBRMFI29AgQcs37H9DiQw6jFVNn6+cXI0pLlZs7d4oqIAHvLn6qKKNDvBImepS4/hxp+HScssW1KESfhvpHBffWPPA1wghZaDyJizDij3AqCKPp+zTC+HqONBDGkRJE0nbpOQKROHwefOAf1+6ofjj6OE5cvqL39WGCeVYJpyJ5wraQkhdHXNHfDAnKR8/DMoiG0XvKPfjo76Fu8Me1pivxxQ3pwN1fw1/zGKQt4XEOP3dPL+yv6cE9kn9/H5w7ieZH03X5dccgfbg5kTjsLul5tyAN9ztdPoI4SdfrpufTQjjMMWPIHR+skNel3AiHrsqeSWum70Ulf/8HtdrOX4aNgJGyYb3AE3/tx58IIa+evIdYBF6BejIJFSsUs/fzQ5k412OysnNxIIgnRwjHZ2snjOvDIN3ovUPRPHg/Pfq0Q6UaiRvxE8sKQ6kSLsyT+Llzf+3PPcmE94M/fjsE3+TFHs94tUj9NI4SUFKaLp4QrITFufOTOMh35BzhIRMnu/2ZNd9alhrW30vTR3pMHpM4fXnXNvx9Gs/FlbzpuUxJ4MMMPt8RkTzKUeNIHUE47Wh9+Xz48HKOMvbxfXnj3NVL+Psi1wgj9+iSlpTjur8l8EOdShzn7/Pmw3RJT+NFz335qfhz7y8PXeI2S+eYJX2UCZ+z+5rdZ1DxUX+3OWZDv2GkbOgWCSZkzCEv/csRtGrqnk4JQ2FCcUWUlsj6lKQ7ujjiH1Wwkbhq+Th3KFcfVsTd2/tJvEh4Ufo+vMuL+Ls44ufDqZuEi4SVe7j7qmJngZ+L70WvI3PAIp6kZrHoFpwVE/XbvGqJOn/JO0TvmfTdZhCtS0vmXD3R+vByPpMqJ7G7WGnuXkF6mhd/H9kKVIgDcdidJak8kF5U2K+cw8r3hSdp2WAeVfKGfPK1xMVvcOGRJki/nOMEZOvu78PpQ5krZ4nvw+DoxLvLb3ZxcT+Ek/sjHRy9nz+HO8oCccOwkp7/rT6ODx+5ljxJOPf73P2CeD49+OEId3ZDvdXvPFnKFuXl0/KvS2GOufiov1Frbr4NZRv6DCNlwzpIxGJiIYOQV07fK3wP2R9ZASkJhQpLFBjEKS9xgyXUnZ/EC681HSUhESFPl64TiYdziadhvX+QRjfncu3dXN4DN3ceukWVr1Pe7nfqffUoeXfpBelI2jNlZa5aj9Op1u2RLZYV0nJHfw+kU+uIKFD8kd/tw/n7gmhr2R/v0Mq9XDmovzuXBwpcc1ghZj1iiFU/4o/wuB/C4FyPuscz8q958HH0d/m8uXtI3FkSBr8NDx8Ii/z5NKWOEdb9bo3v/Jy7/FYWTRPH8Dq8J9xc3Gh45+ePkqZc+/B6rmk5gZvkwYf3acIv6u/OEcZJkIZr0wgvDy1iLft08KClxLxm8gwdyl612hZ/GfoEI2VDEkDIfg4ZFnK5KGUoHSgnPnfXoqCdAvNKC9feT45egUUkiCOKzLlDoUXChG5Oecq13lviRO/j7uXTDOO7e0fS9nE9qSc/NKgS9+E1vVAxq5J2YeTapx/mCcSGzwBWgpRZWYO0qiZyHMSVeyAttprF0lUrGopdrS3ED8MGpMTi44Iw63bZne8FUla3Mgw3Ix6u3REPTJVseescKPKjv0vmQ/ncP1Dp78LwOfyYUDACMHF3PmLjDITBB//1wULLTe8p+WVS1vSx8xXuhd+kBBXUjwsP8XUl92SpdHnVcFqGEs65eb/gYUPO2U2uXTouvMT1RxdG8uuvERb+XgK/MG0J4+O562hY8fPh3P3x+7W+UU4odxcX0wYcfu202VR20qnUUVxiQ9mGXsNI2RAAQ201H3+cNIesiksVUqDgkhRUxJ3DqXJXpS8KdD1xIF7pwQ9E4YlPSCMyHBoNL+lIuDCu+PG5iFjZqjQ1LOcH+3C79DUdF8fHc+dJ6XA+fJxgVMCFkbziHOEwX7szk9KEKc5ymkqlTJQYApaVuUyOEp+Pmi5+K/KF+0ChT6MS7Bgl88T+XvDHb/T30XIEqeJ+5ZNCosV51KqU+prIVi+nV8sEHobXeWX/vWCER/oIA2JB3nGO/EJgkSMtbDNZ4YnclYk+VKAMNV0ICB3kXokjhwvqx+VLrXb9HZJHxJc09Pfp0eUriOf8RHBvjgd/l75PW66Rrour+dR4Pi29rz9PDi9uiMNHTdPf06Xh3SWc5l3TQx2zyP7meE3QpReJV7DrNCr9x1yKVVQaMRt6BSNlgyARZwv53/+W154+n7oXKxgMXUKg9LwiSlZWoii9MpNzHKG4nALzCkrcI0cWkKdYS849qsiD+F2PkfT0PFS+KpqGz4OECcK68yC/GkfJBtfIixKuKnUfXv0kjrsWNxyZvEDCao1OlvlVkKsedd7RW5IgaYgvw4pJfG8huxli7SIN3W9Z760kjvuyxc1+pRwWC4uQtqSDOJzPcpn/RR5h5TLxcjzUXakQ5zTxR/r4DbhHDROvHpEfWLg61I75ZNyznO9Tht8UkCjuhcVlPm8g7RnyIIGwxXwPhAepI7ymDWKOlBN+j3vI0rrQMvD+ep+IH7uF73zjnnDzRxfHxcNR4uLo6lbOkZYLI7/Bpa9hXDzxR31HwrPIww+ukX7knhpO8xpcs+BVKXkgk5EF3EvzijKsnDCV8rkNiMW8Zi0Wa7geZzB0DyNlA8U72qn6/Q9o6aFz6PPpe8uQNRat6Pyis6ygdJzSU4XkFVvoFkrETeJCuUFpqZvfRCQgREkrVJxhOsmiYVlceslu7ugE7iJwTwrr7+mE/fy1hlelGp7jCEtWRdz88DPnQ+dVdXEUiBJzxJo/zOGiHJEuyhLhdV4XAoLFPXUu1oncB3O7syQNkBL8ca9SiT+DiRukgeFjfAQE85e4v8aF6P11AZI+VOGIoWadH1arFiSKvOk9kBZIGee6sljvocSs6UoZwg335LAgZdyrVsJrOngYQF7lN/s47O/LVo7eTfy1DNTdEbBvO1395Ny5wU/iu3ryfl3C+Xv6c6nLaP3LdShBWLgj/S7XGl/F+4k/8oyREiZnyYOI/g7UHx561k6dReVzT6f2/ALX6wyG7mGkvIkj0dFB1e+9R4sPPozyp2CVNZ72odygaFUp67xjRCl1OYolmaQgw6MIp+cVpidzCSNxIE6ZBtdeMbtrf2+RiMKV+yqR+DTD+0TcnMLGQ0AQ1wkeEOQovyU5Ltz8xwiw6hnEK2UBa5iJSUcTQHRKyhUcFoueQIBqeXLehchnSdrwF0J34ZG2J2RNg61crK7Gb8I9Ob4n2ApZPT2T6iZAZnD6amlXuDLxDwtYAIZrWMi49qSvc8C6EluImtNEPkDYGI5GeKQnpI5ykHzC6tU05IGEw8sDCJ+XSVnoAi+ElSFupMnpgfD1oQBhkusQ5SVuOLry1rJWd1/uXUk7OI+k592lznz6cg63MG1xC9oUzuGm6fkHCGmXwXkYT93g59LDkd00Tb0O/Pge+pCCoWzkUe+J1fTyutSMvans5NMoVl7uep/BsC6MlDdxVCxdSu8eejit3n0Pp8B1CE4IDMrGDTv6YUlVVE4xiXJyikeuoaC88lMlJ8fg2p2zaHzn5u/Fbl7hBXHkqIo4CO/i+/ljjevzhOswjUBx+nQ4TqCgnb+XILw/Ik0mICFKvq7g+IV8XcDpr9xtDypktxKWXC6Xwh13pNKdJ+v8MN+jhEmqbMJuInDz52v53qt3mUz5u+xORWxZFbOfDOVPwG/cncpduKjkcvhCDlvK98G9QXjlfK9qTgP+FRN25/h6XsYPA2s5jOZFf6/MqbMlh9+PvCAdnzbmjyXPfMS1lAXKCITMcWQRF/IGC5uPWGfgfw/u61dpwx/D74gTTVPKD/WLdCFSPzo8LtcsWn/OPyLi7upKSBNu3YgSIMKgDCN1y25BOLkv7qP3CtwknHPn3y3XgaDNIU0fXu8T5Bfh/bWLUxMMZeOhTeODlOtY6ndiYubyLD3hZIpVVup2eQZDFxgpb9JIUO3rb9GSn+5PK6bMZoXuhitZuXplqkpdlY/MFYqSUiXklVqg4CSMXqvyhTvOVYKw4g8/hIFV6MIEfkhflaGGg3LzceGn8eRawnq/ZAnu6+4j6Ym7Ty+Mqwo4DKdHWMdq4Vbs/U1ae9yJlD/3DMq9+HJafuZ5VMjKNSr5J55KeSedluT2+bEn0NrjT6KC40+ktX//h8jK08+hojPOodXsl/+3E2jNX48MZPkRx9KaQ+ckuS077Gh1c+4Fx59My46fS3l/OSJ0d1Lw58NpxZ8OpfzfHUwFhxwm1/m/P5iW/eZPlPvr39GyPxxCBUfyPfi3rGG/VQf8nlYe+EfK/dXvRPIO/APlHaTXeb84aB1ZyeFzD/6r5uu3/xe6s+T+/ADK/dYPqHQ3tq75QaKOCUota1jqvuxx5LLlNqX14UhP6oOv3ciFCLtJG3TXUu9y9P7s59KV+Kg/5x8QKvzFz7njPAgDcXEi8b34uJK+d4v4RcME5/DnhxeM3vgV2UrMGMqG/xT6fNeZtPrCS6m1rtb1Q4MhhJHyJo5EQwNVP/gw5f74Z1QwCU/3GIIEuerCHihFKFYVKB5WdnJMVmDriobzEigskF0krrq5oxcoMviJuwuL+0avXTjEE6Xozr2fuiEPej9/72hcCRe5To6vCh1DukUsxUyWbSWlFG9opHhzM7U3NVKspjZJOrxU16i48xhLS1UVtVdUiMTrGyheV08dlaEbpM1LcQm1l7ObE1xDWr07W1ntVdWSH+/eWlRMbV4Ki6iVBedwbylYE0jrmrXUWl7O96mUuFG/5vwCas7Lp+bcPGrG9eerqKWLtLIf0pd8rS2kVrix1LA0LVtORdfPp7WzvuTKDw95mO/Wh72ubcbXXVQ8kUr9SFsJw0m8yLXUF47eDdeob3eu7iExq79PB3kJ8xPE92nxUcL4PEfcfVp6rnkM0sG5XGNUyZUBu8OClkV9LIv32IdWnvNPaqpia9lg6AIjZQMlGpuo+uHHaNUP/h+tmYT5MFg2IGMdvoRiwhClft2nqwUSKjZVRu4YhOGjV1biFyq6QLE59yBNXIubi+uvnSSlxceoNSX+QsQaT4TDyVBi4A9x17hvxC20xnDOwvEKJs2gXLaA481NrsRGJvxoKo5eotjQaGtnLEZljz9JubO/JK9hYZ4agrlyrArH/HRXYvaC8vf1qW3M1Ymr67CO3LULG3xxCuEkfRAgwrh6hRuOEZF7QJyfv5Zzl4b31zB6L3FnkTaN+0oYDavtRf207aN9Ia6uO8DwPlbQL5n9ZVp14WXUzA9HnYm4KzmDIYSRskHREaOax56g1T/8H1q76x5MYtjGERYziBmKCguq+KmflZFsLMFKRpRnF+UlytK7i5LSY5IgjDuXYUxRdk7xOfGEHMRx4pUw4vi4Gj+8Z1L6EpZF3H2YLveSI+7nFCv8cX+X9yKWVSefTu11da6wDN0ikaCKJ5+l1UzKIGIMX2PhGAhaF425MndtB+Udlr2vr/AYTIUgnNRHWCewQvHQGPhLGhouIHR/LeH52hPpBHVHWmE415b8NY649veTdJ37ekTD+WtNE4vf5AGFf/8yEPIFl1BHvbUjw/phpGwI0NnaStUPPkK5/28/KtwNxMxP+axchIRFiemiIcwxi8JkRZOkrNjfKzO1IKAoQwUlSgvnOOKaRfwDRebi+nMWP9+scZ0gXuRegWWMcN7dicbx/j4PKmJh+7Td0ecBi7owx45XlNZMmkkr/nIExcorXEkZukNnPE7lTzxNq/b6mqw+x9A1ViLr6vGwrJNIT9qGv9ZzdfP14q5xHoTVdocV6lH/oL6du7rhHG7OX8Kru4jzk/Ys8fjI7n4jEB9f2r/Egb+Pj6Ne633Rpp2/DNmj3WEzmam0dO+v0KrzLhQL2WDoCUbKhgg6KVGvc8yrf/S/bigbykWtnOqJUDZQOrCY4Q6lpgpSFZhXTjiPEKD4hwpN3Rwhu2s9R5gwLRGc+2tOw8cP/CJHTde5+XMWsYxFQbprnIvFHaanaer94Y4NMSAIX8SS+9v/M1LeAPzw9WomZWxeUj6JyQ5rEbi8/RaUWh940HN1Eripv39Qkvpzbsnn6i915tpUVHR3LT33cXAfbQu4n9Z51F9E/EP3QNw9fFuKhgvCc7rBa3nsJiNK3G8CQt5jX1p1/kXUVFBgH6gwbBBGyoZkdHZSvLGRqh/pMscMRSpD2VCcqlAxlBwMZUNJiaiiVUWoRKiKzYtXZKFSiypKHy5UgpqOpCVps38kro8nCpFF5o5Z1PLhePB34X0YP98o+ZJwoR/IQreERBpYhT6dyXka5RkpbxDeUs7b8ys6ZItha6kPbQdhfWkdBeWOegBJw0/qA37uYS8SJzmeO3fxw3TV6kU8HyfaPoLrSBikpccu8SSMP7o0nFt4TyfuN2pb1dehylhkDvmiy6itssI+TGHoFYyUDd0i0d7OxPy4WMwylC3v6nqiUvKT95phEbBS8mSoissRqSgrVWJesYly837OX+I48eEDNyg7PspQpfP3btG0RFm6tMQ96ufOJY9yrmF8OLmnpIsj5tIhOkSP8yI+h6XcUWGk3BPEUn70Ccqb/RUuW8ynovxcu/DiyxxtIlLPwTnqjMP5Ognajo8r/pF6RVz2l2M0TaThrlVcuCAdPrKgTUicSHjvJ9c4urwkxXH3FDc+atsCMet7/iDk5Xt9lVZdcDG1V1e7EjIYNgwjZUP3cBZzzX0PUN6PfyqLv/DOrmwmsbNuEKFztCoyfAfFBAUG5YRrlkB5sWgYdfNKMrSsXbhIeL2GslPFF8QT5anXXkGru7sWcW6SpzA/mqb6azxNS67ZHXPI+D4wdqjS1eczAlJura1xhWPoDom2Viq59U5ayaQsO5pJOaPNaPlG60Dc5LxLW+lSX0KKzs/Hiaaj19rutC2GYXw8fx09an60XSWFD/w80Yb+2JVL86j38XlSNwxX65A1Nm0RQj7/QmopLJK+ZDD0FkbKhvWDlUmippYa7ryLVn3z+7RmV92SUYcOp1C1m3OV+VkZyoZyYiJzStIrMAkDPyddlZ+eqyJWCZXrunGcQoQg/cAd144AcB0JE72/uIl4xRoSgOzfjC0j+eFDv9qkH18o5PgrD51jpLwBJFpaqBzvKU/fi8twhuyh7svW17Wcs/g6iLp5UtX249oWi7j5c05TyNK5a/vy9c7xJQyH5fbY9X7+GLi7/GHDEp3zxgOA3lcfDvSBIGhbLn9RkXyJO/tzmynlOEtllfXF1FJUZHPIhj7DSNmwYbCybb7jDlr1te+6OWYov6myaxPISywIWTiF4Ww+n6hfHooqPlFgXqnBDeGhyJyf+juF6K9FsUbcREmq6DxgGM+HV2WKo7uX+EfTc+GRVpAuJFTCIGIM18Paw25UsJSXzzmWWmqqXIEYukOsrY1Kb7yJCvBREy43tAH5tGEwP6x1onWv9RKtb2kP7trXqbdWhcCjYaXO2E3q3D0QiruG82n7hy6NH2kTaAvi3008dx2EdeF8fPEP3F274TZfzH1h8b7foFUXX0HtNdU2h2zoF4yUDb1DIkaNt91Oud/5r2COGcSIzwpijlmUGys6XSTF16ykVLlBaXVRgF6pORGlBr+o0kN4Tj84j1xrWBdOwrtw/tr5BffzR3Fz9xCCxn3VIkZYEIDEgwIXS3mafAACFt/qPxyi+xUb1otESytVzLuJVs3aVx5m6rgc8eAmxCX1gHag5e7rwy/I0zqFH9cPH7Wu1M3HDc/DdiDpOZL3ErQLIV7Ec9f+6P3FDffEuT+yX5CXSDx3b79q3LtrGtNkDnnpl7/JhHy57MpmMPQXRsqGXiNRV08NtzIxf/dHtJYtZpljZvLSudfoHJxaSErIoVILlTOUKkvk9ZVA/LU7igKUNDQtVbARhemPPjzEx4EClWvnjnCRo8RxVlyQJ8m3CyPpzJTh6+VzjqG2WturuCd0trVTzV33UP7MfbjsZlLjTnhIw0PbZNce1q2LsB5824i4yzXqEPWA9pPsHw2vR61vqbeIn8TDNc4j10lzxi5OUtpONH/6ABGmrflBvku4DS37EhPyRZdTS2GhzSEbNgpGyoY+IcHEBGL+/GvfCeaYQWy1IDQ+ytwcLGYWDClCaalFqueBsnPuUcUnRxdW3aHIEc6n490Rjo9ekbq0AyXr3cUa5nP483VgCUv4UKn6sJqu5isIz+E8KXeYpdwjsPq6Fu+47/kVKuN2gdX5KNNKefDBPL0bRZFyDusuqC8v3s0d5dr7cT3p/G/EHdcsSSQr7pqu3BP3F3e0Ce+v1z6NpHy4NOX+zs3nx+cJ95Mha7GQr6CW4mIuBJtDNmwcjJQNfUd7B7XceSetYmKGxSxD2ayg/FekoKzkdSmQIpSbDGWHpCrKrjtFB4UpRBqG8VasnMMd5Omuo0pX0vDhfVifRvTaKVSZN3bn4o/4cq3pw11ImZUu3lMu+dsJbptNs4LWh3gsTtUPPUJr9thXPt1YgQc21D2XpXzOUB7g+Ii6wAOXe+iSunF1JNcod+enYdXdtyERSUfjhuFcehC+FpJGnbpwQV17iaQZ+EfS0mvXHoLw2s6QNj6BufhLX6dVl1xJsYZ6VwoGw8bBSNnQL+A95gbMMX/3RzrHzCQHQhZilveYWbGJ9alKTBQlxCtSJ6oA3bkoWihBVqQ+rqSpfnhXWcJDWU7w8ZPTUzcXRhSquz/EncNfCNnnTdwcYSAezjldeTebwxUymayae8aI/yDFxgKWcs1Dj1IBk7IskttFvyyG8q3FDnCuPpUIVYJrlD3CujqOErYcg3Mfjo/8wKRhvbtLk6+RnjxUSXqhiB+O4qdp+ftK23XXUT8ZTRFxbYTvC0Je+pX/oFWXXkmtZWWuBAyGjYeRsqHfwFB2/a236eIvzDHDEmKFJ+QZWfwlr0s5pSfK0Ck7KF45dwQri2jgjjBOKco1wvA1tmsU5SjKFYKwLjzCiNKPkKsXF07c/D3hFhB7KCAOWPlQ6Pqu7SzK33UPJuUzKd7a6n65oTuAlKseeYzy9/iSlJ0+FDmLFQsApXxdHaA+UOaoE6lv1ItKUK/i7+vc11FYf1qfmp4e9VzSRjtwbnIM7hFNI5pW5FzSY3F5lHTdOaZoMIcMC3nlNddTU2kp/3AbPTEMHIyUDf0H66J4TQ01MjHjdSkMZWOBD5SiErBazNgLGKuy9T1mKD8WdldFiaOSaSgRZRhRiOqXrLSj4uNomuG5CJ+LdewscFHaEB+P05WVwDhnf3zlqIIfLGqYoAv4dwkptzS7H27oDomODqq5/0EZvsbDDB6ysMkMNmLROleROvRlHVy7MEKGLFIPETepJ3ct9enCJMXFwx+mUJy7pOHj8fkEZ1lH4sgR6QVHxFE/H08f9jSMn0NefuPN1FpVzX3A5pANAwsjZcNGA0PZ8h7zN75Ha7H4C8O+rNDk03qsyOSdZVjLXrm5eUavVFWJql+UmP1wpypW5yfnXlk6P4kXCQdx6aiijZBvxF+ssOBaFTTyqNuH4nUv+M+kYvbH8DV+p2H9QPlU3XEXrZHV17PYWtbPNqJ8fZ1Fy1rcXB1JGF+PTmT4WeJp3WoYbVvBtfNXQfywjfh0/PSHtgGN6+PouaaV5C73duFxzm1W9rL+0jdo+Q03yUYpBkMqYKRs2HjAYm5soPpbbqP87/wnFTIxV4iyVWLWoWxWlm4oW5WcWjSBQoY4xekVa6AovUKV8M4vElaPqkyjaQRKV+JpWusVjq+CBWBs7XP+oMzxXWlsmAJL2Ui5Z6B8Ku99gPL2+LKsMSh3UxhBvXDdSz1Kebs68Ue4y3VY9xLOnyMcH3WeGOEi8US6pO2uw/jdtKlIOJ9+V3dJK5hD/pYMWbdW2iYyhtTBSNkwMAAxV1UxMd9Kud/+IRWyQsYcM4gOxIxXp8RixjC2WM0gQBCzU7KiLCOKE2GdiLIUha4kGxW1ZHycSFqI566jEoZ16UZEtg5lUsbe17LNJqeNTTDWcpyVf/sHxVvNOuoJGL6uvO9Byp3NpMwPNlJ/KFuUPcpXyhj14ss8Ur+BcJ0hHETCoX4Rzsd18d11Unpwc/FkisKnE6QF0Tje3acVvWeQrvhPCXbqWnntPGopL7c5ZENKYaRsGDiwsorX1sjOX3hdSt5jFqWJzSN0jlksEGcxy7CiG8oOCDdQiE5xCrGGSlSu+ahfjeJzl46kLen4cHqt1q+6eQWs/ppmGF7vqx8WmCXnmB8HKa/hNJbNOcZWX28Asvr67nupeNY+7sHG1akTrQ9Xzrh2daz15kkwIrjGw5jEg5trCy6+iLsO4jo3PUfdQ9w1BG0vEgdrHoK2A3ekI2nwvbhtFk2aRp995T+o5MabqR2bxxghG1IMI2XDwALE3NxMTbffTqu/9QMZytbXj8KhbFmNy8pRXpOBMhRi1rlHr0CVjPnIbvK+s1eWTkSJeiIXPyVruUbciJ/6q9RMiNxHFD6UNtLDuRcmZraOMDdeyedrOW9GyhsGhq+r77ibCmbq6mvUe3TFvT5EubIXEobAzZGk1IOvK18vep1Ulz4Mx4nGC/1d2hH3aHh/LeH9NcL6doZzbpMlk6bSkq9+h4quv1G+mGYwDAaMlA0DDxBzfZ0MZed/94dsbUTfY2YlLMTMChHK2FlIYtF4hegUZaA0WbwlJWFcuOQ4UPxe4XoS8H4+LXUXNwnn3MXP3VPuhTxi+9CpsjMZFnrhgxS6eYhhfehkUq695z7Knf0VGWGo5XLDKEm5lDvqSutL6kHqz5W9iKsbd9SwLBzWj4Ro/Xl/pB2JE0nLn4sfn2scTUuuXTo+vI+jD2R85Lovnjidln75W5R39fX2HW3DoMJI2ZACdDIvMzHLHPNtYjHLXtl4j1mULOaYsbqWFSKTHl6ZCpUujkrAXqLXXtkGCl2UqT/3pOzcRJyilXNVxOG1pitxIS6+nnsFDktZh6+NlHsGRkgqrp9PeTP2kocwJWX99nYSsaJcpYzdMShzfQDz9QQJHtBcfF9vSuLRcBBtP94ilrByHd7ThxF3HF0YDYd2OYUfIqfTZ1/5NhVedyO1gJBtyNowiDBSNqQOiQR1VFfJUPaqr32bilgBisXMylSGskVZ6itIYuWyf/CeqShMT6IhsfrzwM8pZlG4oqg1nCh/Pk9S8jjiGucSXsVfqyJXBR748/katvaMlDeMeFMTlV58OeVP3VOG/vXddD5yGeJ9b0wFaH1oHfjy13qFqJ+6J9dVcO79XR1JOi6+blKCMK4dyDnSDMPLUDncuwrHQfwSfnAEIZfceAvFGxqMkA2DDiNlQ2rBSq2jvp4a/apsbMkpijIcyhZF64ay1S1CzCxeuSYNYSOcHOHnwsItOHfHqHAasv1nVz9cI0/uXO+H95R1QVkhCz5IYaTcM4SUL7pMSFm+ICaL5nT4uR71K+WMOvL1zddS1lq3wTVL0sMW6gZx5RwCP0fAEgb+kbbhjriXHp27xA3D+DxIW5o4mUo5z0u/+QOxkONW14YhgpGyYVAQKy2juptvobzv/YiKZX7ZK2wmYFi4onhByjqULaurnQJVxapKV4gZ7t5P3L2CdkQt52EYVcZOcUMB45rd8dWgpHCSD++G+yP8DCrghwSzlDeMKCnjK1GVeODishMilnrDKImrjygJSzlrnWg9IIyrp8AP9eHbio/nwnaJ49PV+PDrxp2PsOI1DIasp9GS7/yICm+/izqqqsxCNgwZjJQNgwNWcrHycqq96mrK/eq39etSoqT9UDbm86A0MccMgSLXeWdvCQl54hgoViVOUbaiXFnJOsUbKGBJx/kHbggbCSek4cMpwcOCx2IlvG+7hvNmpLxhYJersquvp/xpe8vDVd0EfB2K69aNfPjylfJH3Un9haJ14K9RR5F68XUDN5eWpqF+8pnQwM2Fk7gqPpyEQd07sseQNeaQF3/vv6n47vuoo7rGCNkwpDBSNgwq8GpJwyWX0iom5iIs9mKFCAWqG4ywQFlOACmz4oQynzjZKdhQqSYrV1W4oqhx7fw1jCpnUcCinF089yGKIByHkZ2i3HX4/jT2b2ZLedeZss2mkXLPkG022dIsmLmPrBOQIevAUk4mRylvEb72R+cHCYa32U+P4QNXUJcSF+1Hw8poiIR1/kEYvkZ67j6+XaCOi9lCXswWcsm9D1Ki2fY2Nww9jJQNgws2QvBhh9rLr6T8b3yXSmCNyvyjDmUrMbPiFKXM7iBmKOGI0g6Us3NTxRv6+2Fsr6yTwkC589HHVXLQawyZY0ESiBgPBTjHkGs+k3LeRZfJKz+G9SPe1kqV+JznzL24TqdRxSR8aQv15+rA1UPVBIyQaD34+tE68ru+4Zr9uQ0EcR1JS3zn5gk5uI6IxIX4e/h0pb5DQl723f+mojvupnh9g/sVBsPQwkjZMCToKCujmsuuoNwvfUO25MQ2nJgzVIvZkTAr0uAjFqxI/eIer2ijCjo6RynKHyLxcK6KWMla0w785QjlzfFhuctcKF/DUubrMs5bniPlRCyGZwoRw7rA8HX1LbfT6llfEnLVr0OF9aNEDHGfcRSCRPlrOF9fXetRwyJ+spuc+zqU9J17JI2o6L35YYHvJ0PW3/4vKrz9bopV42tPVquG9ICRsmFogFXZTMy1l1xGK1mJF4pCjs4xqxLV95iVmEWJg5hFucLNCRSuV8pCvk4JSzxVxBJPFLNT0i6u3sdfe1LmfDApV/JDAr5ylL/rDLWUmZQN60eivY1K7ryHVu75VZmP13JXCTaJkTrQctd6cG5dRNycdaz+yfUoD1i+3oIwjuTlnMWRva9rebhjy71o0gydQ773AYrX1RshG9IKRsqGIQVel2q4+FJatce+VMqkLEPZTIiyKhsWNBQ4lLMocp1jVuXrFK1TxlC4Oi/sSFuUsovn/JOUuosbxHduWKCE+VB5d3oXbHiC4etZQspsKrtcG7pDoqVVLOXS6Xtq2bkyRrnru8rhtSdPqR+pI7jpUetEr6Ve/LWI1rGKxtc6RngfVv10+Nr7sxv7F+86jZZ8+0dUfM8DRO0dLucGQ/rASNkw5OioraUatphz9/2mvC7lNxgRa0iIWRWsWFuemL1S94pZlDGUr1PkTkEHVrb39+eirB0ZR0TnkrHhBb4QxfngcPmTlJTj8bjLsaE7JNraqfLW26lgBj5IgY95oPzwQOTKPVJnvv58fYibE38duPk6c+dBGCFbpI26xHw07hUhZNcW0JawVsHPIWPIOl5ri/YM6QkjZcPQA0PZxcVUc9GllLvP16kEFrMbyq52c8ywmGsm6Gcf9ROLEUKFUnbnocIOJSAACNx8GCdwl9XeEhaKna9B/pwHWX3tSJls+LpHwFIuv34+5U/fW95T1nLUj40ExCpuKGtPmHru60YfrDSsiLhFriMipIu4Lr3g2h0RV6YkWGQO+Ts/oqI77rE5ZENaw0jZkB5gJRkrKqY6JubP3RyzfoNZV2XDYhaLyFtAQp4RYu4iUWUfujkryilxEb5WQtZziQN/PveLlfzq63iLfU+5J8BSLrvxZsqdvieVcn3VcnnXcd2h/vyIhX5HW+siuV6S61IJWgk1rDMNs049uvNg+oKv5bU2F79o0kyZQy6570FdZW18bEhjGCkb0gqxikqqv/gSWrXXV3Qo2ylXWfwFYgYpu6FsbwnJ1pxOAQdKOlDO7j1ZhOVr9YucSxyN55U8jjr8iWtd6LVq7pnuPWXT6OsD3lMuu+kWIWUMX9dN0I9SoJwxRy/1xfWi5azlrmWsbqgzL1o36qb+6ibx4MfuQsKSJq5VNAzqjv0mTpY55KXf/TGVPvgIdba2uZwaDOkLI2VD2iFWUipD2flf/pYjZhAtlLEqZ1Xq2I6TZaJaYl6RJ0lAtF6Rh35quTlid2FF5NyTAR85fXyQApuHdOADBYZu0CmPKvG2Niq/5TYqmPFFKsFaALwS5S1lfsgpl5GPsB4C0pVrDiv1Gz5I+TByFD99OBOSFjeXhkvTp4VrvPa0ZrepTMjYqet+XWVtMAwDGCkb0g8Yyl67VohZLGYhV4gqeB2m1DnmWhxFEatCV+sZilwJWQnAK37vh/CapljcgV+EpCUMVmBPlw9SgJTjzU0ug4ZkeFJupdIbb3JzyrqHef2Eqbrdpnye05WvJ1VXB1pHTiSMErDWAdxCv4CAcXTuSsgaDm54GMjbdTp98v0fUcn9D+uiLptDNgwTGCkb0hMgZraYMZT9+ax9ZfEXFLhYXfIeMyttvpZhUSFgVeSqxPUIy0mGtEVpO2KWa3fulTmOEt75Q7HzUT/UP5PWTJolw9dGyj0j3tRMpZdcEXy6sQ4PTLtM5nJEfYUPQKFFCwJ2pOzPMTXh68/VoZ9KkLp1Yb2/P1d3rW9YyCDk8seepM5mvPZkhGwYPjBSNqQvQMwVlVR38aWU+8WvU6nbklMUsCNmsbRYaeuqbFXMovSdklcShnJXP3VTZS/nkpYT9tdXonAOiwtW+FS21J2l3GJ7I/eEWF09FZ9/IRXJV6J0i1IslKuYhCFnX/5aP0rMWjcqSrzBQ5TUka8nhPfhNB0laV/HSsxCyGwhf/oDtZATrbYwzzD8YKRsSHvEigp1jnnfb8kGI1UYGmVl7S1mKGTdmAIK2ilxIQFHulDwcg0/KHYN4xW6Knu+5iMWjWFxkiweYz8Q81oWkDIWMhnWj1g9k/LZ/6Q1U2bzgwy+suXqQcrXE6weA1nHX0XO3bUPGz1XwuZ4iM+C95DFQv7ef8nGIPE6m/83DE8YKRvSH/E4xda4OebZX3ZD2SExy4IiKGkMcwbDn1DqXnHjGkclYE8Eqtg9cevrT9jrGoL5a7wrjfO1bJ0bKW8YSsrnUxGTMt7vRjkH1qwr7+iDkNYJ6kItXakPHCfgGNapJ97AXwhaz1G3IOT8XafRJ9/HKutHKd7Q6HJkMAw/GCkbhgcSTMylpdQgc8xfStpgRFZfM3lC2ddCiYNoWVFDYQfkCwXOR3l/VZS5I4aIP4Y/y/F1Iz6v2WV3kUq8VsPuutDLhq97Qqy+jkr+eREVTNFtNlHGwTvlvg5cufuylzCBsJuQsKsbjufrLTgKIXt/rbO1u84QC7n80Seos8N2XTMMbxgpG4YPOjupraiYSk89i3L3/prOMbNi1ldoJsvnAlV5YycuVvKOmEXZgwBYdDcpPU+SgDgwjzxTPs5fw+ewwvN334NWnX6OfbpxA5CFXpdeKQu9sHLdzw93fTgSYnXnQrAsWm8Rv2h4idOVzJWQC3ebSp/+54+p5P6HKNHc6nJiMAxfGCkbhh06CtZQ2RnnyuIvvyobShrzwH4oGwu/hJhhRQspsDjFHyVltbw0jg6H4+jjwhKfQfkzvkR5V10nw+iG9SO6zSYs5ZBQtWzDByQuW5Csq4doOJEgToSIk8LqlEX+btPo4+/+kEoeepTijTaKYRgZMFI2DD8kEtReUEClp50VDGXLHLNYxv49ZlbiQsx4P1YJWRS7I/CQIHAMz7sSBd6vLWBSzr/xFr6v7X3dE5JJ2e3mtctkKWtf7lIHKHOUMfy9iLUMso5c81HWCSCeEDTOp8jGIPm7TadPfvBjKn/6ObaQbZW1YeTASNkwbCFD2f+YK8Qsn32EwgcBrPMes1rRSg4qNRMQBkpfiUKHtZWclUCw+5TuQpU3ax8j5V4gmZSnUh3XA0Ye8NlGJV2QK8pYyzcYqvbEC8GcMtzEmuZ4EB+e/fHAtWbXafTZ//spVb34im0KYhhxMFI2DGvEysup9NQzw/eYhQAwH6wKHJayWMtQ9MFQNpR+hIDdtZKykoEIn8vuUI6UOxPYO9lIYH2AxepJuXKXmZEHHaxs12mGoNxdGQvpSlkjbNSNwwV+IGQMWU+hAnwP+Sf7UcVTz8pDgMEw0mCkbBjeYEupddVqKj3tbFq999cic8wgXyUAJQMlX//ZR08MXjwJyzyms55FjJR7jTgs5auuo8Kps+WDFFgRjy9F1WMaQepFy1TKX8pdH5CC8pc6COtE3F0cEHLebtNoMQj56eco3mi7qxlGJoyUDcMenYkEteXmUenc0yNzzKzUWfn7V6BUdC9rIWwhbVX8GoaJ2w2dCjHzdQWng2Pe7rMofx6Gr7Flo2F9kOHr6+ZRydQ9pDyxL3njTro/eTWXfUi0Ws7eEpah6S7XPqz/fCfeQ17ys/2p6qVXKWFfezKMYBgpG0YIOqmtsJhKTzpVNhgplVdyQLi6V3aw/7IIE4B7XUoXduEId1hw6oatIbH3dQW7585kS3nezWwK2pxyT4g1N1PZZVdSyWSUPT/UcBni84n4trIQL8oX5Y2yFhIOyVfmld15SMocnuNj68zFP/kZVT7/Et8k4e5mMIxMGCkbRhCYmLEqG+8x7/MNmWNWqwxzzCAET76YY8YR1+rnyQHDrPpFI/hhPnoaFUyaSXkXXUbxFlvl2xMSTMqll1xOhbL3Nfa9xpw8Hm7wsBMlXZQtxF2zBH7ir3UDCzlpDtlWWRs2ARgpG0YWOhPU+jnmmM+i1Xt+hUpYwcM6A/HWsmCO2FvMOPrFX54UsEsYFimJHxYn4X3YXWcIKds2mz0DpFwGUp4yK/h2ckC0AdlqfQTEHJlX1jDqjtee8nabTkt++guqeOZ5ijfZHLJh04CRsmHkIR7XOeaTT3NzzCADHcqu23myELEnCLHWHDlgqBTbbELwyUF555ktvUIs9mJSjnUYKa8fnUKcpVxOBVNmy2prlK0fsg5ef0I543qCkjAehmRrVKkDhEf5Yy9rJWTMIXe221y+YdOBkbJhZAJbchYWU8lJp1HeXl9lclWSACnLXtlCFs5alqFsWMYYagUxzHCWNZPzhKlUzEQCUrZtNntGrK5OPt2YL3tfY7RBSRaEG5CxXKPM9Vy3SNXyR5nDutY55P2o8tkXqLPD5vENmxaMlA0jGJ3UsnIVlZxyJuVjr2ysAGblj32tIeHCI1htWKkNcpgpG44E22yyGz7dKMPXHWax9YRYTTUVnXKG7BWOV6KwwCsgYRG+ZjIWkg7KPrSgsRgPq6zltScZsratMw2bHoyUDSMbiQS1LFtOJSefnvTZR6zIljlmEIUcYUHjqFYbyKJS3rPF8PU0I+VeoKOmRki5aPKeXH54BQrlCGtYH3yEhEHKzkoWN5wzGZez5MmQ9f5U/coCe+3JsMnCSNkw8tHJFvOq1VR05LHBe8zh6utZTBpY3MWEPFGJGauuKyfpLlQI51dfkw2ldgu/nYon5fLdZsv7yQ0TMF/sXj0LiJjL3Z87QvarrBf/78+pdtGb1BlPBGkaDJsajJQNmwh0jrnomOMod8Y+8rqUDFsLCat17IkZbrCYMQSLd5Xzd52llnKbWW89wZNy2e78oCNTACBfDEtjrlitZllQ58gZflhIhznkJUzI2MvaL+oyUjZsqjBSNmw6gMW8bDkVnTCXcr3FzISh5IyFYHi3FqSh1h0WHWHhV96UPSnvyuso3ozXcowu1odYXT0Vn30+FU3RbTZBxOHcsS6086+eYQ5Zd+qaTov/RzcGsb2sDQYjZcMmhs54nFqWLqOiY4+nVWwBFzPpimXsV2BD2HqDxSxznUwkuTO/ROX33G+rrzcA/0pU0dQ9hZRRlpgOwPx98GEQlC8WdbE75pCXH/h7qlmwyOaQDQYHI2XDJomW3DwqmnO0EHMpE6/OJYOcdSEYrDsZvuZzbLNZ9eDDHMu2eOwJMUfK2GZTSHlntpb5YUemBXaZxcJu7oEHn19cuv8BVPfWuzb4YDBEYKRs2DTBRNCymon52BMof8Y+TBxueJUtORnGnoS5UH0lKi8g5bjGNXQLfLkJpJzPlrLsGz4Ri+V033Gdt58mFjIWdS1jQq5+dSEl2mz0wWCIwkjZsOmis5Oaly6j4r/9g/Knf5EJQy1mvAalc81T2dKbTLkzvqik3Gmk3BM8Ka9lUoZlDCKW16Ewj8znsJgxZL30lwdS9WtMyDaHbDCsAyNlwyaNzlhM55iPOY5W7zrLbcmJuWVYzfqVqMBStmHWHhGrb6CSCy6mksk6VF3JDzY6j6yrsLGoC3PIGLIOt860QjUYojBSNhiwKnt1rrzHvHLPr1Ahk7N/fxYLvfJnfMkNXxt6QryxMXmhFxbPybvI+vlFzCHXvvGWlLfBYOgeRsoGA5CIU8uKVVT0939QPhMzXo2qBjGzYM7ZLOUNI97AlvKFl8qcsg5f46tbU2nt5D1o2S+ZkBe9QZ22K5rB0COMlA0Gj1iCmj/5lNYecay8m4zXpeRd2pn7UPHtd4m/Yf2I1ddTyQUXKSnLIrmptGr36bTyN3+iujfftlfKDIZewEjZYIigMxanpk8+o/w/Hy5zzFiVXbDrHpR3yZUDRCrpa25vbM48Ka+euodsU7qaCXnxb35PjR9+LO+HGwyGDcNI2WDoCmanpiXLZI45f8pelMvknHfJFdSZsA0ueoLs6HX+hbR6yiwqnLwHrTroT1T/9rvyURCDwdA7GCkbDN2hs5Mt5sW05vBj6NM996H8eTczKYfWnk0vr4uOqmoqOPFU+mTGbCFkmUO2IWuDoU8wUjYYGN2RrAxlf/QJ5R/zd8q7+npqq6+j9oYGitXWynm8ukaknc87GhvFrYP9Yhwm3toibl0l3rKuO8JiN6xYc3Oye0sz+7X2WjqYALGQKuqG6/VKwoVnwWcp/TXx7060tYp0drBbPCYPJJ2dMRQKJTrZHyuoYQHHcZ6Q6/aySlrJpPzRnw4RC9kI2WDoO4yUDYae0BGjpn8vpvxr59Gnfz2KlrPlnI9h7SP/RnnHHE+rjztRrlfOPUPcVh9/Mq085QzK/delfDxzHVl70ql8PGMd96iUnn0+5V50Ga0663wqPes8yrvocpFVZ/L5hZcF110lN3Kef80NMuTurws4/3kX63X+VddR/uVX05r5t8ixYP6tfA65xR1vlTn0ArkO3daRW++ktXfcQ2vvfYDW3v8wreSw7157PdV9+m8bsjYY+gkjZYNhQ2BrsGnJUsr7yxxaMX1PKthlGq1lyd11BuXvMplW7zqT1uw8RfbQxreXl05WwVz0monTqZDd8yZOpdxJ02kNnxfuMpWPU6hw52mUj281S7gZsrAMcVbvNouWTJlBn/Nx7S7T5V5rOA7CI2wuFp5xWrg//BBucSQ80lk9fR/K3W02rYqkhSPSX7H7TAmPfb/z+P7IX/4kPufrlbtHwk/W8Mt2nyHhc/l34n6Is3r2VyTcCg6/lMO9tcce9N4f/0S1sJA7bO7dYOgvjJQNht4AxPzxp7RmDlvKsiUnviaFL0nhm8AzqH5CKLU7z6RqyMRpVMdkjesqJudyJlKs5sY2nnCPxsEe29gBq5bJumZn7BkNN3xpCXH185I+bDV2y+LrGn4gqGOyRtwyvhf2m8Z3jPHJxFpOA/fV7xrj29FIR7cRxQc3yjj9Us6TfMmJyb5+wnSXDw2LTVPKJ3JeOD/4fCXClvMRn7XUD0zM1N/Fx7VTZtNnf/ijziHLN6dtxt1g6C+MlA2GXgJbQ2KOueCwo8SCxMcV6pjMsGsVCLWcyQ7kCZITNz6v3dmRNEhXCE8/0iCfhWSSK3fu5ZN0o5L6CRrHb/NZw/7VTP5lQv66BWgZk28JX4OU63f2DwbY0hIEDKLVtOCG8HDDPt5IRx8ScI30kXeE0fDICx4m8KUs5B3hkb7EZT8JLyQNwfeQp9MqfkD5nMujgR9YZD7aYDBsFIyUDYa+AIu/Fi+l3D/+WYi5XIiSCZlJtYRJtmwSW5FiQev3mOWDDExe5WyZgsSEDNkP5AZLFHHkE5GT1B0kiDggPhyVFDmskLaSI6xckDRIuXaX3SVuJcfFPtO1eEgAcbr8+LQRH+nXchxY8MhbLadfJ+lPTgpfnhQe99XvICM/CI+8IewyJuQlfzmSGpav4CcWs44NhoGAkbLB0FcwMdd/9DHlH3qEDGVj6Fi/EwwCZkt5glqfIE0M/+rQNMhSLWC4wWKt4Wtv/coe0eIHmcGkyETPfpWcJggT1jAsXB2Kns7x+XoC3EGasGJhKbuvMgmR6n31niBV5MkLSB9HdherHg8SuL/LC9KT3+MfKtTq16HtqTJCsGrybCbkI6j2o09sYxCDYQBhpGww9AedcWp4730q+OtRlDdtbyZQR6hMckKOfsgYpCwECGsWBAvi1M9DgoRBqDoHDeLDkDCLzD2r+CHjGhlmhpU8XT4xCYsY94LVinQRDuSrcTQfCFOLOeggL5oHWNxybxcepKzz3Dp0ruSObyBrONwX4TCvXMrxV07fOyDkRCzmCsRgMAwEjJQNhn4C7/CCmPMPneOGspXwsEgL5AmSVFJzwgQKUcJz87IcB6Qn4ZgYxWqVc4gSMaxg8eMjFpjpIi+9lwxrC+FqGp7YQeIgZllg5uJ44tf02C+41xSxuvGwIA8DnH8JI9caHlZzGR+XT9+Lls85RoaszUI2GAYeRsoGw8aAian+w49p9S8OoNzd9mCSxCprtXYx3CsWLFuskOoJTIBuSBtzwCBVsZqFYHUOWsiY3cRKFVJW4i3nsLXsJ9Yvh0caGNZW0lTC9UQrbrCg+Vjp5oclfaTHYUDoQRxOR+e49V54UJD7sYgb0uS0EH7VFB2yrl+6zP14g8Ew0DBSNhg2Fgkm5g8+pPzfH0L5U/eS1cv6OpIOGwtJypC2zuFidbTME/MRq7cbdlLLVIeVQY5q9VYJacJNF4VhGBxhMdQs1jYsXUfcITGrm6yQZkKGH4alQf4aDkd117yE94GVjNXe9ZKmEjGknP0+n7qnDlnbxyUMhpTCSNlgGAjEYtTw1juU/8c/U8HkPfU9ZiE+JTg/7yvELGQH0lMiBAl7glQCV4IFkesRfgiLoxtadmG8+DhCvnzU+WsNL69AIYwjWYi/xlHPsbBM33HGg4LmhR8G+Ig55KWHHUV1n3xqc8gGQ4phpGwwDBCw13PDO+9R3oG/1/eY8RqUzBk7YuajEK0QMYgTFrCbdwY5ijvCKikGhClHR7Zd/CSsC9M1jhCrDKO7MEjf+3E+dHFYGL6S3WQlN645b2VszX8+bS9adribQ04kbFsQgyHFMFI2GAYMndQJi/mNNyn3lwdR3uTZpLt4Ye5YyQ/WLoa2dfW0krAQI4uQIeaehUQdYco5CFlJOUlAsiwyR4zw3q3LUSxrHPlaRf0CUpajpqWWvXvtyc0h13222N5DNhgGCUbKBsNAIxGnhkVvUP7v/o8Kpu0tFjPIT15r2tlbzJhfdnPM7C7D2Y4wo9arEi3CO1IOyBPnCKfXiCPpYugZ8VyYIA2WYGhciNjHD/013lQ3h7xXMIdsQ9YGw+DBSNlgSAHkdalFrwsx5++OOWYmZrFQQcAQEKm6KVH61c4hma5Lms7i9oTr/BEniVhFkD4I213LPfVcw8E/jCP5wnA65wNzyMv/fiLV/fszI2SDYZBhpGwwpAjYC7rhdR3K1r2ysVkHW8zYiYuPsvgLli2GsoVAlZiVTKNDznoeuAmZhpazpAU3xHVhQ/L1cZTIPQmHFjXi8RGrtTk+Vlkv/9s/qDk/X+aQDQbD4MJI2WBIGTrlPWbMMecd8DvKn7IXVUycJURZ4zYDkfnmnWcwUStpBu8MewIFeQoJO3Hk6knXi78OhqjhBrJ1594C92GVjF1aHEfnkPekpUf+nRpWrLQ5ZINhiGCkbDCkGvGYm2M+mAqm7k0Vk3TrS7WYlZiFKIU4YdlCHJlGrF7ZoUusXu/n/CVMGC6MFxJxOMStRxnOdkeZQ562Fy096u+yMYi9h2wwDB2MlA2GlKNTvjNcv2Ah5f/mT5S32x5smeITibCIlZiVJJkwYTEL2Tpr2ZFylHDFAnbE7InVk7jED9yRliNnl07gx/fG4jJsnbli+l604riTqHH1aupMGCEbDEMJI2WDYVDAxIz3mF9/k1b//Ndujtm/LsXEPBG7cCmpQmAVq8UctaK9v5Kqt5ThHpCyOwabkjh/IX1H2HI9UVeB47WnZcecIHPIBoNh6GGkbDAMGpiYsfjrjbeo4Ne/1aFsvC4VzDGDKEG4IOWZTNZMpG7ParWkHQmzBEPYnmS9cDh/LX4BOUfCcRgMWePzizKH7DYGMRgMQw8jZYNhMIEFVPE4tbzwAq096A9KzLtgjtkRs1jMIFZ8QpGFyTTYtzogWiVbP4ydNJTdjegiL0fW2KmLRbbOPPo4ql+23OaQDYY0gpGywTAE6GxtpdYXXhSL2b8uBQs2XJXNBAriZULF16FkiFssZrg7UhbCddc4+uuoRAmb08V7yH4OucleezIY0g5GygbDEAFbcraxxbz6+z92i7/czl9YlT0R7zHDGp7lvjjFpMoWrp9nVss5OqQN0vVD1eouc8ggb/i5OeQV0/ekpcfPpaa8PJcLg8GQTjBSNhiGEvG4EHPBT39JBfIeMzYYAeliKNttMMLWsq6gjljEIFp3LqTr/MQfpMzX+MCEfjt5qq6ynrG3ELK89mQWssGQljBSNhiGGFj81fLcC7Tm5wdQvnz20S/+YnKeONVZzGrx6nwyRIlXLGNH0gEhu/ljvcZrT1No+ex9adk/TtVFXTaHbDCkLYyUDYY0AOaYW557nvL+336RLTmZmCfAYp4ii7/UKlaCBuHCX61lWNZ6FME5hONhDnn5HvvQ8pNOo+b8ArOQDYY0h5GywZAmkDnm55+n3P/6CeXtPlt2/gK5CjEzuVZiSJuJ2FvHOozt5ozhBj+4wY/PsXUmFnUt/ccp1LhqNd/Ats40GNIdRsoGQxoBQ9mtTMxr9vs1rZGh7JlMsHhlCoQ8WYgZZIyhbRnehrUsVrKSsX99qnTiZFo+64u0+NSzqC4314asDYZhAiNlgyHN0NnaRs3PPEOFP/sVFe4KUp4lxOw3GJH3mJmI/dxyYB1DQMgYst5zX1py1nnUsGYtkQ1ZGwzDBkbKBkMaItHSQi3PPkd5//UTKtxlemAx+6FsXdDlrGM5TpcFYRWTptEKtpBByE2FhTZkbTAMMxgpGwxpikR7G7U99xzl//dPaS1bzJVsMVc7i7lml8lMzFOoVoarMa88g8omzpQ5ZAxZi4VshGwwDDsYKRsMaQwQc8uzz9Kan/9a3mPGULYQM5MxiBlSPglD1tPp8z32pc9PO4vq8vJtyNpgGKYwUjYY0hyJ5mZqfuZZKvjZr2jNxGlUwRaxvBolm4tMoVIm5eV7fpmWnn0+tRcWGSEbDMMYRsoGQ9oiHH5OtLVS63PP0eof/DetkRXYM6h04nQqYWJetseXKffMc6mtpNSFNhgMwxVGygZDmsNTc6JN55gL/mc/WrPbTCpiUl42a19adcqZ1FZQYHPIBsMIgJGywTCMAGJueuppyv/ZL2nxF79Bq08/m9psDtlgGDEwUjYYhhPYGI43NFDN8y9Q0S23U3tJiVnIBsMIgpGywTDcAGKOxSlmu3QZDCMORsoGg8EwYoFRlKESQ39gpGwwGAwjBlhbEBWMpgyVJIye+wEjZYPBYBgxAAWmHykbMfceRsoGg8EwItGVoIdClKBxZugdjJQNBoPBkAJ0UqJTidlIufcwUjYYDAZDStDp/hkp9x5GygaDwWBICUDGXgy9g5GywWAwGFKCgJQxtWzoFYyUDQaDwZAS+KVmMrVs6BWMlA0Gg8GQEnR2dooYeg8jZYPBYDCkBJ6UjZh7DyNlg8FgMBgGENGHkb4+kBgpGwwGg8EwgDBSNhgMBoMhTWCkbDAYDAZDmsBI2WAwGAyGNIGRssFgMBgMaQIjZYPBYDAY0gRGygaDwWAwpAmMlA0Gg8FgSBMYKRsMBoPBkCYwUjYYDAaDIU1gpGwwGAwGQ5rASNlgMBgMhjSBkbLBYDAYDGkCI2WDwWAwGNIERsoGg8FgMKQJjJQNBoPBYEgTGCkbDAaDwZAmMFI2GAwGg6GP8ISJv178X4+on5cooml4BG6DQco9JQ+/qBgMhtTD+pvB0H+g7yScMIU6F0+m6uL9NYyTCNmKH1/jCHgy9tIX9JmUcWOfqaQMssTZL+rW1d/ExERloNBd2iYmJhuWdbhKyBNncScaIurq4+DYlQvjiYSIuMEvIn1Bn0gZSctN3U3k5nKmmYjFYpRgf4++ZcVgGNnw/SXabzYGXkEMRFoGw6aKsA/hrydkiML7B4QMrovHA1IWgnbug07KgL9B9GY4IjMdHe1JpGwwGJIhHTYFYjAYNgYBtbLEhZK79i3wHIhXSJkNUIwMR63naGDPj176gn4t9MJNQMIgYH8uwk8PPgM+MyYmJutKVAVsrHSXvomJSe8ltI5h6Wr/DAgX/tGw+j/of0LOjgM1rXX7ZF/Qt+FrThxELIQcuZl/eujrzQ2GTRHoJQMpBoNhYxH2pmjfEhc5UeLFsDWO4ux5z587bvSAm5e+oN+WcvRoMBgMBsNwx7qcFl7jTEhWL3ERhnfHKDdGpS/oEym3trbSqtWr6O1336X333+f3nvvPXqHzz94/wP64AMTExMTE5ORJx9++GG37uBB5b/3adnyZVRXX9ctMfcFfSLlwsK1dN2119Affvd7OvCAA+i3v/kt/eagg+i3v/0t/emPf6Tf/+53Ir/7LeS3JiYm/ZawH2mfCv26XpuYmKRefv/739PvuO+B//6P+Q5uv/3Nb4QHDzrwADr3nHNp6dKlsggMGBRSXr5iOf3l0EPpC9tvT5uNH09bbL55IFtvtVXStYmJiYmJyUiTrbbcch2+23yzzegn//M/9Oabb1JHR4fw5aCQ8ueff05HHXUUTdlhB9plpwm066RJcjQxMRkY2W3XXeU4aZddRNbnH5WJOyPsxHXcTUxM+ibal7TfddfXorLbbrsF/W7ihJ3pl/vvT2+/9dbgknJNTQ299uqrdOON8+j6666nedffIHLjDfNMTEz6IL7/+POu/pAb2P/aa6+V86S+Nu9GuuCfF9D3vv1t+s53vkMnn3wyp3Gd+CEtxLmOr+e5dExMTDYsN3Tth/Ocu+t36E/Sb70/rq+/nq6+5mq6huXxJ56g4pKS4NXgQSFlLAevb2igyqoqqqioEKmsrKSq6mqqqqwSqeBr72diYrJ+Qd+p7KbPwA1+ZXxeVl6ubhUaBn61tbX0739/Svv/4hf005/+lJ566ikq53DVVdWSFuKWIy2XvomJSc+CvlNVWR26VTCfRXjNu0evq5gH0c/KK8pF6rhftre3ByQ8KKQM4AZ4H0t2NOFj9Mbi1+XaxMSkZ4m+999V4O43J8C5fy8yd/Vq+vWvfiWk/Prri2TILOrfXVomJibrE/QZ32/Wdx69Bve5zUL4SJ2wjvnavacchlfpC/pMyuj0sJhln+suN8R5d0RtYmISSkDC3GfQhdvb26iouIg++eQTWrVqFbW1tSmxOn+ED0jZuWF9xy9/+Ush5QULFigpu77XFXA3GAzrB/rPmjVr6MOPP6K3335LZNHC1+itN9+gFStWUGtri4TzfRJH3y/jCay2dvt/uf7Xtc/3BRsk5WhyPiOejL0fjv7c72oi4UxMTETQX/y5jDLxg62nyqamJrrjrjvpoF//ms4680zKy8vTOOyHMEGf43Pfz4SU3fA1SBnDZogD+L7n7yn38n3WxMQkEPQVHOvq6uj222+nP//5z3TIIYfQscceS3PmzKGDDz6Y/n7iSfTyK69QXX198GAMcAocP8bWMRZ26Tad3rfrffqCvlvKvrM78W7y43Dej0wYDJsK0DPQV3x/QV9ZW1REhx15JE3eYQf6nx//mJ555mm2llvVnwXdXMjZHQGQ8s//93+TLGUMnfk0QcTyJRt2MzExWY+Ar7jPYE3G6aefTj/6rx/RcccdR3feeSfdfPPNdOqpp9KPuU/+5je/oRcXLdJFXK6P4Z+QcqeScmcnpnQj/hHpC/o+p+xEnsYj5/4a818+jImJybqCr6n5DQYaGhvoyaeeoh//6Ef0tX33pW987et0xhlnyCIt35nxN/oQDHS1lEHK3vqW8K5P4tzExCRZfD/xUlpaSnPnzpVNsR568CFZxFWDBZWffUbHHnMMfXmffej2O+7Qh18XX6QTo1AQHcIedEsZSUtHx4343GfME3JU4G9iYrKuSH9xHXVNYSFdeMG/ZH741LPPpp//Yn868MADaenSJQFxd4du55TZPSq4jxGziUnPAuDNBljKsIifevIpWdfR0tJMn376KR33979LP3v88cf5wReWsVKv9K/IOXqdTy9KyJC+oO+WsrtBcIwIsqWuBoNhQ0Afevfdd0URnHb6aXJ+0UUX0f/+5H/p7nvupvr6egkDC1jIlc+VzDuFlP0rUcHwNftE+yDC+35qMBjWD4xMnX/eefS9732P/vKXv9C8efPowgsvpEMOPpi+/rWv0dFsLf/73/+WESjfD0HIYh+zG66l/0l/c4ZrRPqCPpOywWDYOPiO2tjQSHfccQftOXs2/ePEE2nBwgV0yaWX0Pe++1064YTjqaioSMIJKcdZESRY+Ahglfb+P/95Mil36fx9VQYGw6YKkPJ5555L3/72t2UI++yzz+I+eAL96Y9/oP/45jdle+lFixZSa1urhPek7F9XlIdmuItvMiH3tR8aKRsMgwx5smZZxdbuP44/nnabtCv9+le/prPOOkuezL/8pS/Rr/ffn957/31ZrIU+zcGZkFXQxWEp/6rL8HXXzt8fhWAwbIrA8PVpp50mU0LYsRLfeVi2bBl99NGHdOkll9APf/hD+ucFF1AhPyij7wJCxty/hKBx7haBAb7v9acPGikbDIMJ7qCYKwaJvvD88/STn/yEfvCDH8hWmRguO//88+m3Bx5IP2Br+ab58+RVDUCGx4SZ5bLbOeWunb8/CsFg2BSBhV6YU8YXn55++umgP+FVw7ffflumlI4//jhavmypkG9XeFL28H2vP33QSNlgGGSgk+IVjIuYhL//ve/RtddcQ0uWLKHCwkIqLi6me+69l370Xz+ko448ilavXq0dmzt9J8xkmcXSOWUjZYNhYOBXX++33340/6abKD8/n3JzV9O7771H5557Hn3n29+miy++hC3qcu5T6Id4OoZo/0I/k/lmuQr7Xn/6oJGywTDo6JSPph999NF08P8dTIsXf8ZP2X6ldSd9tngxHX/c3+mPv/8dvfnGG/K0zozMfnE+tPJ5B5PySiNlg2GjgL6h5FpVVkxXnXMW/fx736WDf/dbOv+UU+jkk06iI+bMkT425/DD6a1FC6itHXPK+vpTlJQlFe5rInB1fa8/fdBI2WAYVKgSWL58Od3LFjGGyhobG8UNljA2IsDX2EC02MAAW/zhvWbZWzfextIiYYyUDb2FtYCegP4Yo+aaSnrnpefpnqsupZsuOIduv+RfdNul/6JbL7mA7rnuavrozUXUXF3JfdT3Qe6TQszcx+Sv79l67vtef/rgkJEyTP2ly5bRG2+9RR9+8KHIBx98QO+//35ayQcfQD6gjz78iF5+6SV68pEHqbaq0v2KgQHmFh958AF64cUX6aWXXqQXX3xBBOfpKM+/8Dw99tijPb5H21cgrY/YenzhhfT93V0FecWwc3dzTOsHum2cmpoaqbqmigm5QTq47gYEYoW0U1srvsZWKTt7aefHdn6t7MdKwZNy11eiunT+/igEj2VLl9Gzzzzd7e9OR3mB2+Q777zjcj/wKCsroyf4AepF7qvDQp57TvRJxwD2UY+83DzZda67ekhHQdt488031qOvuH9wf4u3NFF7bS01VpZSdWlBKOXF3BcbuR+hj7IIKaMfelLG4i61jgNChri+158+OGSkDCWCubQLL/wX3XLrLXTrrbeK4Dxd5KbbbqXbIHfcLnn73X//mP7nK1+mvBXL3a8YGPxl333o13vtSbfMn0/Pcmd66skn6amnnhQrKh3ldrbg/uf//T9qadFN2gcCsBYvvvhiuvvuu7u9ZzrKLbfcQtddf73sXd17aPcFCXsCTkASag0r+XLHBwHzEzncRQEgrHNDmBXcBn/+s5+ljJSvvPJK+tcFF9Czzz7b7W9PN7n7nntke8RUYeEbb9DhX/saPTV79rCQJ/fci/7vv/+bKqur3C8YONzDZX32mWfSc88Nj7bx4IMP0kknn9xDPwWtoj864YfjRLyN+yVGrkL3BLbUdEQcj2NrTbyfrG74QlQCX4mS9IYxKWP4bunSpfIEk26CJ8xmtoBibTGuzGZ646b5dP3UKXTxL/enypJi9ysGBhfvvTfduP329OjRR1FNeTlqlP9z5XNddq3coRYAC5L++te/6lznAAGkDJKDRTJckJubKw8ROvzcW6ilLE/YEVL2FrA8jWN4DEPVYhm7J3Txh1ubpJHqhV74kPsbTETDBXil5Zxzz3VXA4+F775Lt3z966wxR1FnmgvyGMvKpjP224/KKwd2VA94+MGH6Hk2HoYL8CGJq9kAbG5udi7J4F6i/7ivgHixnzVGrfThGRv3dASiBIwPyiSTsvZpbyuvq7f7giEl5fvuu0/m1gB5+brLDxlqgfprZ3J+m63ke7f/Ai3JyqGbf/a/A07KV+w5m97PzKGF4zenu5iYq5oaWfmiTPqnUFMF5AYLGfCJM+x6g63oBgrDmZT7YymH4js0htb8ApKugid1PAB5/9ST8g033DC8SLmqis457zx3NfAYTqQMSSkpP/SwjKAMF2BnvGuuvXY9pCxazUnY17S/af8LHpb56N3COFGBu/Y33/f60weH3FL2pJwukPfNnLSxsn37nnvo0WnTqDY7m9ZkZtGNKSDlS9hS/jgzk1qzM+m1sWPpfhBzURG1cWUiH35V31ADOUADW7t2rZEyo3+kHFUCXcV39mhd49wrAu+f+veUjZSTYaQcYmSRMuD7Xs8SkrLvr10FftrffN/rTx80Uu4CT4Bt7e308e230XPTZ1IJW8jto0dTPhNzKixlkPJHozMplplBLVmZ9N5mm9HLc+ZQWV5e0kNC/9TrwAINzEhZ0T9SBlCT0drEebRzdwXc8AQfdnoj5WQYKSeLkXKIDZNy2Fe6ivY3iCfdaD/tKt5/3fT6gk2elKXIpcy04MVCZrJ5+Y7b6dFdd6OizDEUzxpNHaMzaEX2WLph/18MOClfyqT879E51JaZTa1sMbfwA8AHW29Njx1zNNVwp8JDgpBy18rtW10PCJAHI2VF/0m5O2j7U+lasdrhsZjEw0g5GUbKyWKkHKJXpNyNrIvuQvk+GxX2cX2vP31wkydlDEjEQHjxVia+Dkpwvt5nC/mhbbajGhDyqExKZGhDz88YR/MCS7lvBd0TMKcMUo5z+m0Zm1E8cxS1MDm/OG4zuvnQg2WpPtcs/9e5DTyPId8DmIVeAw3MSFkxsKQM+E7eFXBL7txGyskwUk4WI+UQGyJl9BAv2tNUegcfy4vC973+9EGzlBO6vD0Rj1NLUyu9ft+99OT0GVSck82WKxPyqNEsGdIZ12SMjZDywMHPKXeyNd45isl5VJY8CDRmZtGC7DH01OGHUwkTYaKDraV4jGIsfOZiDy7QwIyUFQNPyj0j2rmNlJNhpJwsRsohNkTKUUqNCnrO+mRD8H2vP33QSFmWt8eoqbWNXrj3Lnpijz2ohBs05pA7WBJiKQ8NKbfx/RuyMumNrbahJ/72Nypew8TMZnICy/VlfnHwgQZmpKzYeFJeXzePuod+2rn12kg5GUbKyWKkHKI3lrKQMPcVWVPkr7sR77ch+L7Xnz64yZKyLyi88N3U3kZP3nEr3TdxIlVkZ1M8A2ScTTEm46EkZQydd4zOpOas0fTGttvSXcceRZXcwPC5MM2/l8ED7mukrNg4Uka9+S4e7eZRt2Q/rXNcp/6DFEbKyTBSDjHy5pTRR3xfgbHj+0zXftj7vuT7Xn/64CZKymFhdTCxvH7vPXT/LhOpLmsMdWZlUDsWdmWMo47MoSXlWMYYlvGUyBxF7dmZtGDsOLrtqCOporo6qcIhgwXcy0hZMbCkjOuubl4A+PnVnUbKXYGP1Bsph2KkHKJnUo72OfQv38e6SpSsNwzf9/rTBzdpUu7Aa0/33E3PTZ1G5Vk5FBudRe0smEtuy2RiHmJS7siAtT6GLfcMyUtLVha9NmYcPT7nMKouyCf5vu4gA+VmpKwYeFIGom5RP4iR8vpglnKyGCmH2LClrP1s3feQ0Xei573vS77v9acPbhKkjCKV1cr4Cg+2SuNCSjAhv3P7bfT09OlUwmQXGz2KCZiJeNQYJsMsJkJYqkNsKXOe4iztfN/20WPYYh5NjZzXd7fcmp456iiqKS6S+Frp+soUfmsqgXsYKSsGZk452ul7hr4SpTXcHSmvD31VCoCRcjKMlEOMzOFr37e6Sv+APheVvmCTIGUUSSyue5h2JmLUEovRS7fMp4e23Z4qMrOZeNfTsIWoh3JOGdfIA47+fBS14j3mzTanZ/76V2lomGNOxNtlwRpoUppA3/Vwr4AGZqSs2HhS7huindtIORk2fJ0sRsohNkzKAPrIwClNT8Ze+oJNZPgarxK1ysrlpuYWWnDvPfTQ7rtTTWYOtbP12V2jhnQwKXcyKXcOMSl3FfjVY445O4du+8shVFpeRvGYe+hgYu6PEu4tkLaRssJIOX1glnKyGCmH6B0pDyzQ56LSF4xoUpYCkSM2B4lTW3uMFtx3Dz0yew8qycZ87WgmuJ5JOR0s5e4kzmExx7xo/Hi6/9ijaE1BPiWYmPF1If7FmnAKgDI1UlYYKacPjJSTxUg5hJFyL5FqUkZB6JB1ghJ+68x77qZHp0+nMhBy5ihqyxpNsVFjum3UkPQl5Qx+oMiR96hb2dJ/e7tt6ZFjj6GSklLqTOi7dvj9OA40kK6RssJIOX1gpJwsRsohjJR7icEgZf8hh3hrK71z0010zxd2oEqssmZCxlaWIL92kGE3jRqSzqSMBWmtmdnyO7DJyJubb053/vXP1F5XFzaEFKzORrpGygoj5fSBkXKyGCmHMFLuJVJByuFPh5XoLGSuCHx+8fHJU6gsJ5uJNoPaR7OVmTFeV1fLvHH3kq6kjMVesJIxH96WmcXhRlOz25Lzib/+hSqKiynuRgkGGmhgRsoKI+X0gS30ShYj5RBGyr1EKkgZFJHAa0/4IDUfcY8Pb7uFnpmJzy+CkEfLO78JJr34qPWvuvaSznPKyDvmxONsMSM8HjDqszLp7c02p2ePPJIqmTBk6B7bcbJghTbewNtYoIEZKSuMlNMHZikni5FyCCPlXiIVpAxCxmtBmFdt5fRfvvMOemz33WltTo6QVneNtydJZ1IOJTkMXpd6Z6ut6YnDD6OyygpuEAl5QImxDMQcMxqYkbLCSDl9YKScLEbKIYyUe4mBJmX98fpKEAj5pXvuoru/8AWqzRrD5MrE2k3D3ZAMD1JOFsRp5A758rjNZEvO+rZWJmUun0SM77TxtjLK2UhZYaScPrDh62QxUg5hpNxLDBQp+5XGEJw3MQktfOA+emDWTKpmCzkuW2Vmc0Nd/6tP65PhSMp4+MAHNVqyMum1sWPprmOPpFLOLz5N2dkJ6XsjiQJxjZQVRsrpA7OUk8VIOYSRci8xkKTsJdbaSm/deTs9is8v4mtPTMjx0fi4xHgh1+4ab08yPEl5NLWPHksx/u1t2Zn01tZb0+PHHE2lBQVaTliNztIfRQ0gnpGywkg5fWCknCxGyiGMlHuJgSJlXczUKQTx1vwb6fEJO1MpN8gOJjl8VAKfP4xh+HrEziknC1Zi46Ma2FxEP2Ixmt7eeht6es7h1MKKC2XlyyyK3jYbNDAjZYWRcvrAhq+TxUg5hJFyL9FfUsbPw8yobs4fp1gsJhbyG3fdSQ/tuBPVZOVQKxNRIiOL2tlCbs8Y1+NrTz3JcCRliH7Ewn32kdOpz86iBTlj6JZDD6a66mrZVEUbSt+VNeIZKSuMlNMHZikni5FyCCPlXqK/pAwq7pBV1u3UyYTcxum8x4T8LD6/mI25Y51X9Y2zPwu8vAxXUoZgGLuT08E5Vp7LHPOYcfTcYYdRdV6ezjHHWimRiFE7Go7Ly4aABmakrDBSTh8YKSeLkXIII+Veor+kDFrGxyXi8QQ1tbbRq/fdS09Mn0ZFbA1iuLq7BtpfGc6k3J3Uc0fFHPPTRx8ti7/46UbIOZGAQu9dw0EDM1JWGCmnD4yUk8VIOYSRci/RX1LGD4yzddfU1k5P3nEL3bfTBKqSj0tkMIkZKfckbZkZ1Dg6k97Ycmu685gjqYqJUBqNkXK/YKScPjBSThYj5RBGyr1EX0k5+GGJBLW0ttJr995ND+66GzUwIYPAYqNzmEDX/3GJ/shII2Wki8VfrXyvl8aPp9uPOpJKKyoohtXYnA8t4Z4bEOrBSFlhpJw+sIVeyWKkHMJIuZfoDylDEhzvA1aET+2xh3ztSRY14fUffJwhQ+eUB0pGGilj4ZesRJdV2Zm0cOx4eV2qKj8/LN8NNCCEMVJWDAdSjsbpC8xSToaRcggj5Q3D61MvfUHaknL4M/hH4S//sPb2dlpw91303G67UxETMj4uEcsYQ21sJcvrT0xk3TXQ/sqIs5SZkGMZmbIyu2N0FrXyQwxel3plzhyqKiyUvGyo+aAejJQV6UbKXTs/rru69RZGyskwUg5hpLxh+L7Xnz6YtqSM5/54Z0wXdSViFGtpo3dumk8PbLMd1bGVF2MCA3Hh4xKeOLtrnBsjI42UITF8XSpjM/5dY+Wzjw3ZWfTO+M3oCSbZeHOTNKAEyr2zXd5nxuacUcDfSFlhpJw+sOHrZDFSDmGk3EtsiJT14xJxJuU4NbW20IK77qCHd9+dynJy+v3ecV9lJJJyd4I55jczs4WYK0tKtNwTHRSL88NQF9sZDcxIWWGknD4wSzlZjJRDGCn3Ej2TMn4I28qxBDW3tdMr995NT+wxm0oyc5goQZLdN8SBlk2FlPE5yyYQ87jN6eGjjqA1BfkUj+E9Zq4D+ZBFCDQwI2WFkXL6wEg5WYyUQxgp9xLdkTIyr/sz8w9xn1988c476L5pU6k0O5vamDjiTIzdNcJUyKZCygm+Tzwjk5r5geftbbel+489ikoryrGHqYxYRI1l1JGRssJIOX1gpJwsRsohjJR7ie5IGcOmMo/pdup65e476daddqLGLLWOY0xcbTIfygTWTUMcaNlkLOVR2TLPjN+LV6ZeHzdOXpeqbtL3mP1+2RBcGykrjJTTB0bKyTJQpOzbUFQefPBBI+UNoGuZ9QVpZymDmNtbW+mjO+6gJ6dOpcos7OE8WlYN4+MSbdjXepDIatMZvh5Nzfzg044V7JyH9tGjaVH2GHrwsL9QbeFaIWNAG5eRsoeRcvrASDlZzFIOYaTcS0CJ3Hf/fUrKnGdYYzGWVibkRffeQ4/vMZvWZOvHJTCPjM8vdjAxx4QoB0ewS5iQsiPHVJLyRzJXjvtlyUMIXu8CKXeXr4EW3AvverePxqtSeN87gxq4U7+5xZb0zNFHUUl+PkU/+WikrDBSTh8YKSeLkXIII+VeQkn5flq2bBlfYT9rorb2Dnpj/nx6ZJdJVJKVwyQMCxnbZ+qcZwzHQRZPyuiMhaOy6aYUkfI7mVlMinjvmgnRz5/zffEQknJhUsaoQDsefvD9aT7HlpwNbD2/tc129PScOdRSWSGvR+FVtTVMyof8+RAjZSPltIGRcrIYKYcwUu4loETuvecuWrL4M7HAOrAxyL130+PbfYGaspmQmBi6EuRgCsixKTuLLXX3XebMUZSfMS4llvIVe86mz9hK7eQHDwxb454gyE7Ohz4UDI5oh47eM4MaM8fQgqyx9Mihf6b6ujo8P1FJQT4d/hcjZSPl9IG9p5wsRsohjJR7CSiR+9lSxvB1B1vIr997Dz0xaxZVMRG2Z2FuM5tJIYsJMouPOB9syZKtKHXXsFFClvmZqRm+vnzPPemj0TkyGoDhZMybw2LF5xeHWjDH3JKVJZ99fARbcq4pkOHrw/7yZyNlI+W0gVnKyWKkHMJIuZfAlpn3PXA/LVmyhF7H5xeZkEtzsmVuEyTQkYGPS+CrT5jPhRU32IKhc8y5suXIRwzzrszKoetTNHyNzTtAxuhQmOMFOXftaEMinBesyG5jy/2trbahZ448gha/8xYdfvjhRspGymmDwSTl4SBGyiGMlHuJ9o52uu22W2neKSfRHRMnUXHWWLGQOzLZWmRCjo0ey4KFXUMnjdk51J4xjpqYjGtYlm++Od32859SbekAkjJX2Nyv7SsfhygavzlVZ+ZQZeY4quMjpHYIpS5zDJVljhXBdWn2OHph+x3pyv1+Rv/v//3PgDZyT8qlTMq+IWPxX7Rhp5tsEqTs0sBCP4hPM92koqKCzjn3XJf7gYcn5c4s1k9sNKS7xHJyUkbKD0VeiULZ+1cm07W/1jEpX33NNUbKGwKUyPmnn0Y/23Zbum4zJjsmpJvHj6f5LDhPB7nJ5cXn63LO52Hf+z7lrlzpfsXA4Lv/8R/0l4kTae70KXTKlN3opFnT6JTJuw69cF5O5rycM3UKnebc5k6fTD/YfVea+YXtuLHXuV+w8QCxnXf22XT00UfTqaecQmfPnUtzzziD5p56Ks3l63SUY445hq66+mpqbmlxvyK1iHbuVJPyddddRwceeBCdcfrpdDrqopvfny5yCreRvx17LB19zNEu9wMPPKD85Ic/pLmHHkqnHXwwnXzYYTT3r3+lU/k8XeWgX/2aampr3S8YODzwwAP0y/1/SaedcSad7cq/u3pJB0HeTjj+eDrqqCONlDcEPHV/8sEH9OpNN9LbN980LOSl+TfQI489StUD3NBfef0NWv3ZJ1SSt4oK81ZTfkEBFeavTg/h/JTlrqKK1Z/T2vxc2YJzzecr6KX77xnQ4Ws03AZ+oi0tL6fyYSKwzmDh97XT9RfR+6SalBubGqm0tLTb352ukgoC8kD5SnlUV1NlVRVV8BHn6SxVnE9YrwON5pZmKiktkfYP6a4u0k2qa2oGrZ8Cvu/1pw8OGSkPdwxmBacDNrGfm5aItrlUk7LBYOg/fN/rTx80UjYYhgmindtI2WBIX/i+158+aKRsMAwTRDu3kbLBkL7wfa8/fdBI2WAYJoh2biNlgyF94ftef/qgkbLBMEwQ7dxGygZD+sL3vf70QSNlg2GYINq5jZQNhvSF73v96YNGygbDMEG0cxspGwzpC9/3+tMHjZQNhmGCaOc2UjYY0he+7/WnDxopGwzDBNHObaRsMKQvfN/rTx80UjYYhgmindtI2WBIX/i+158+aKRsMAwTRDu3kbLBkL7wfa8/fdBI2WAYJoh2biNlgyF94ftef/qgkfIGYErNkC6ItkUjZYMhfeH7Xn/6oJFyD+hPgRoMqUK0LRopGwzpC9/3+tMHjZR7wIYKFH7+w94GQ6oRbWdGygZD+sL3vf70QSPlDaCnAoVPfwveYOgrom3MSNlgSF/4vtefPmikvAFsqED7W/AGQ18RbWNGygZD+sL3vf70QSPljUS0wPtTAQZDbxFtW0bKBkP6wve9/vRBI+WNRLTAN1T4fa0cgyGKaPsxUjYY0he+7/WnDxopDyBQ9N0WPyqlH5VjMEQRbT9GygZD+sL3vf70QSPlAUa0+KVCEgkiSD8qx2CIItp+jJQNhvSF73v96YNGyn3ChgoX/i4ME3Ei1sESo854DLWkYjD0E9HObaRsMKQvfN/rTx8cclJOiBU5zKRbcoa7k3icOjvaKdHeysc2IeUeKwZ+fay4kQiUEdpDnMsvzmWmx/SWRCLucp96RNuQkXIX4HfG0f9Sh7BtDg/BHgqpQHI/7V5ibIx05z5UgvwOZl/wfc9LXzBkpIxCeunFF+nIww6jOw48SOS+3/2OHvzjH4LroZQHuuQD+br1gAPosj8fTPmsEJOBQkels1JIMAG3tVG8qUmOnfF29u6ZlD949x268uwz6LXHHho2ctV559Gb77/vfsHGo43L6ub58+mkOYfR5ZdfQVdccQVdftkldNklF8r15ZdfTpdddllayYUXXkT/+te/qKyszP2K1CLahroj5YHEk08+Sf88/3y6/vrr00auvfZauobluuuuk+P8q68W92vm3Uhnnn02HfynP1HusiXuFwwsli1bRqeffnpatsPu5OKLL6ILL7qIWlpa3C8YOLz72qv0u4N+Q+ezDkDflHtyP8XRl8+ll14a5CUd5OSTT6JPPvnE/YLUI0rIPen+7jBkpIxsvvrQ/XT69tvRq5k59OLobHpjdA4tkPMsejsjJ5C3WBaxX9RtMAT3Rd7e5Hu/xsfLN9+C/nPSJHr/vff0RwjwSyDOQmZyiTU1iuCcYqwse6oYfjh5+OGHadusLDqY078iM4suyhhNl7FcOJqFj7hOF7mA5V8svxg3nm66ab77ERuPtsYGuurQQ+noL+9NbyxaQFXVVVRRsoaKiwqptLyMKior0k6WL1/Oyu9iKioqcr8itYi2ob6Qcl+VAnDVVVfRNVddTe+8/Ta9+eYb9Mobb9Abb7xOr3PdLFrwmrjhiGu4L3ztFXrj9UX0+usLaeGCV9V/IYddqGHh9vqihRJGwgZp+bCcFod/06W1CG6Ix+dwEz++hrwOd3f+5ptvcphX6Wh+WP7yl/ah5qoK9wsGFq+9+qoo95qamm7bQrpJaWkpHXf8cQP+wIiW9MYN19N/bLYZ3XvlpVTM6ZeVl1NFYS6V4LyCz7vJz1AKyuICfsD84IMP9EcMAjwZe+kLhnT4+v3nn6V5E3ai+qwcas3MpnjGGJH2zNHU6SSRlUmUmSHSmZnJ11kplEy9J5NhImMsxUfz/fi+Lez2+mZb0F1HHE7XX3k5LeWn5hAocCbkzjglWlspxuQCwblYyphT3kDFvPPOO3TyUUfRA7/cn/49fguKZWdSW3Y2l0mOlEfnqOwhl3Yuj9joMdSSnUMVWePoaibmN26c537BxqOtsZHuOfTP9MC4zeiW736fljIZdHDZoVyliNMQUHg3XH8DlZSUOJfUItqGUk3K826Yx8T5Rth2+5HGRqHLPXHm84Jh2TgcuGm0tzTR2/OvoxunTaPTv/MNautol/ADDZTxrbfc6q7SHxiJPPOss1IyivMmk/KFrIsfmjKVFtx2CzVhVFDqK7XTB/2BNBM2lubNu8Es5d7g7eefoRsmTGBln80kOIoSo0YxCY2iWAYT8KisIZPEqBxqyxhPrUzU9UzMi7bdjh466URau2YNPfzII7SMLaQosMI60d5OcVjITMjx5iYlZczzcYPgWumxYtBYrr3uOvr8k4/p0f33pw/HjOUHgUyK8wNBYhTKYtTQiauXWKbWDaSOHxhSQcoP/ulP9GH2OFrND2mP/NeP6d9sBSU6YqJg0N372rhTBd/RoPCuv+56KikeeaR8ww03KCnzuf+9QwncH2Qsc5l87GBpZDJ4+erL6NmJu9BHrEPO/eo+1JpCUr7lllvcVfoj1aR8IxsupVlj6dnpM+jl226m9licdR33U7QTSJogzuWA+W1Mc3z00UfONfXwfaY/fWfISflGtpQTWWwljx4lFnIzW6uQOCv9IRMm5lgGW6ucr9e32poeOfkkqq6toXYm3gceeCDZUkaBgziiVjLmcTgsxVlRcqOQMD3g448/puuuuZo62juoIj+f7jzoQPqAibk1C3lha30UW+4R6c4tdcJ1wdLGdRLjOgJRt7H1Po+PqSDl9zP5AY3bweox4+g+tphXffSBWkZQxhBMEXQpz742+oEA7rkpkHI6IWwHcWpprKVnL7mQHtpmW6rmB9j8jCw67yv7UBxTRimAkXKIt26aT9dmZolOqMrOoSd22YVeumU+tbMejHEdob3J4qp+tLuBhs8LSBl6drCA+0alLxhyUr6ZLeVOtkxhgXXw0xcqug1DyLDQhkqYfFpzxtCnm21JT/z1UKovK+WnwBi1tbXQvffcRUuXRhaTsIJIYB4ZFjI/uYOcIdxCxa83laKkfBXF2uMyLFdRVESP7bcffZyzORMgkxQTICxmEKSe46gSD9xTISBlpD+aGrOz+KEpQ+qpLWNsSkj5bi7rj7LHUpytcjyg5TNB37XvvrT6k4+4Y8UojhWdrGz62shTAeTBSHkw4PPulD3Xfyv3tdeuuIye234HauJ2GeN2uZotZZAy+mIqYKQc4q2b59M1IGXuo9AJmH58bNxmtPDaa6iZdR9IEPVkpDyMSZlGueFrtlIxfAyiGTTJyBCrOCbWcQa184NB/egsemXrben+I4+gyjUFQpSdTLBtbP3e/+CDoaWMwmaigCLwZBwQMoau+0DKWE3axo0Hg28goMJPPqaHf/0r+nTs+IAQOzhfHaNz5DzG5TUY4supKSuLWrkjoryamCwv4boaaFJ+iC3lxZljuR3ofDp+71ru8Hd/57u09I1F1IEpgoCUuVzl79AAeTBSTi0wZaHDoehH+lpLW0sTvcp95ZlJE6mc2yQe4OLcZ1eOHkPnfNUsZY9UkjIWet00GqOZY5iYMcqZRY1cF0/vvju9duvN1NrU6PqpTDpJnKHsp0bKfUBAymx5YVgUFlmcBeSoFmGKBcTDHbqDG1cHd+r20RlUzY3rtS22pKfcykXMX0FQrBi+ftCRshQ0Gl6ElGVhF5QCk7JuGNI7q04s5euuk8aDG6FBYx4k97NP6bGf/5zez8FCOO4E3BE62CLAE2oH5zVp7jdFgnIKH2Iw554pVuz1fD3QpPwwk/InTMbED0nxUWO4HfDDEv/u5WPG0uM//C9a+cZCUTYJlG2ig2JcWOunotQC9WqknFrE0A+4rjvj3Le4bzQ0NNALV1xMT++8M5XxA6LoCX44JD7m8YPcuWwpo4+mAkbKITCnDFKOsYEQxygn66QY64TS7Bx6evp0evfmeVIPIOXORDv317j00763wo0H2r6Rch/QPSnDChwcwsF9OrDKmokG57AEF26xFT3zt2OooaJYChON2xdpMKe8dClKXUkZBAHLOCoxJWVvKW8IUVJGeG8N4t4NRYV05y/2o0+yueEzEcMyQD7xINHJZdXd7xpIEVIOLGasxGZlyB3ymhRYyphTFlKWuWs8iWfKg1NrZgYtHTuO7vqP/6DlXPadCS6beCfFYD31onxTAdSPkXJqAYUe54cv1HV9QxM9denF9OTW21ClvJmQKW0E0yzoBwXcNjF8baSsSDUpY6EX9ICObLK1zHUAQ6EwK4ce3HEneunmG1kVspHR0Ult3P7iCdaTQwDRp0bKvcdQkzIsv3YmN8xJQfG/t/mWdO9RR1J5eZk0apCjJ0ogSspa2I6UoRBBxjJkzcc4KxIcZUORDVdIV1LGvWVRC1+zAxUUFNC9Bx5An222OcWzYC1zOWXk8G8YOlJO1errrqSMPKCzt/LvXpKZTfP23ZcWc3npak88jadGCW8IqCcj5dQCfQn9C6usX7r2GnqelT3eSpCHaRkpMlJeH4aClLFYF6N4tUzM9++wAz1/603U0NTMdch9NYFphb63w40F2r6Rch8w1KQMwRBpfRZbyFtvS3cfdRQVFhVxgwY5KjFGCzSJlOEAf4QFMTNJgIxxjuHVzk5262VldCVlD6lQJp44P3EuX/wZ3XPQAfQpW4wgKMyjdfd7BlqGmpRlioGPHXxPDJGtzsiiu//zh/TpokXUxkQ0lE/gRsoDD2nzLr84gpBfvu5aenbiRKrmdo/2gCHTGLcDI+X1Y0hImXUCptegv+tysunJadPolVtvpsbmFtWpLv5gAm3ISLkPGHJLGY0nM4te22obeuSUk6m0ooKVPBcotsbEzgRdECVlAQrckXKnkDKfY44ZVjIWOSR6VxnrI2VOhNOG1R2jDk5/5fKldPsvfkYfZOdQE1sMIMzuftdASjqQMjq6TDOwdYT3pVeNGUcPMTEveyvc3GKwh7FxTyPlgUe0Llsa6+iZSy+mZ3baSdZ6YESrg6U9YzNuDxgpMlJeH4aGlDOlbmKsG7DpUjkT8+PTptKrbDGjXlC3Ur+ct8EC7mek3AcMNSm3s/J/Y/zm9MxRR1BVVaUMV4ME8R5kd82mKylLgXtS9oIhNwypouH1ovEhjfWRMmJj0CeOr03F2yjORF/NDw6P/vzntBhKikkKpIXfgrJLBUmnw/A1OjksZcz9Y5QAC82WMzHf8/WvU/7SxRK/77SzcUA9GSkPPJBT9MPm5mZ65rJL6Kmtt5GRLLQB7Crn69+Gr3vG0AxfQ3dj86VMfnjC6FYG1WRm073bbUdv3HS97m7o0hgsoO0bKfcBg0XKYm2hkWSM5/SVzBq5Y78/fjN64rC/UH1JsTydwyLF4hK8AN9bUgbxSsGDnB0R49iXylgfKeNM8iFpJaSjAeW5q+nhX/+aPhu3OTWzwopDSXEZtuGVJSG0gZN0sJTltTV2w/x/e8Y4zlOWbH26gi3om77yVVr23nvyDrOUHbbl5FLrrv4GEriXkfLGAzlrxVFee+IHYm7nbU2N9Pr1V9ELE3amOiZhefiU9jdG2h70g+oII+X1YWgsZe6r3E/xxkS76Fq81jiaqthifnqHHWjBLfOln6M9yutS0GmcXt9bZ++Bexkp9wGDRcqyKQkr8bbROdxgsqk+O5te32JLeubIOaxQdZV1bwque0vZLQhjQhdLmwUdQqSXlbE+Uu4O8Md9iv79KT26/y/owxxYD9liPehuZOggamEOhKQDKaM9IB9+I5MwX6NpZVYOPfH9H9CSRQupHcTsVux2pHgOC/VgpDwQwCp67T94KK5jQl5w7RX07KRJVMkPmV3boxe0RyPl9WOoSFn7KQT91PfbUVSTnUUvT51C7918IzW3t+m6m3i79FO8cpoqiL40Uu49BoOUocjbR49j0uIOnDWamjMzaMFW29BjJ/2DmqqqJB+9LbiupAwgnljZTvpaAUBvSdnnU4Q7Xe6K5XTHgQfQ+2PGUjsWwWAnLH5CTQh5dl8efRUlv/Qg5e7yh61IV4/bjB7+/n/SJ++8o++VY/ohrqs9U9XdUQdGygMBTBnhPWSiOm4DT11yET36hR2pajT2Dli/HjBS7hlDScrd1RdGusrZGHpq98n01K03MTFjSo4NF3mDYt31OwMFtH0j5T5gcCxlKPQcFj5yo3hj/BZ079+OpfKaGrE4E4neF1x3pDwQ6Iul7JHghgwCKqmuohsP+CX9ewwrMVkIo3M63ZdF3yXdSRmCqYnVWWPo6m9+i/69eAl1xqDooZz7Tka9BerJSHnjoPliSzkWo+aWFnpo3rX02Lbb6tsF3L7Qd7urb4iRcs9IN1JWPTKa6rmf3rHFlvTErfOppY3bLFvM/EcTTgHQxoyU+4DBGr7Gil3Mvb69ORPykUdQYXExJWKYQ4Yi632BpRMpY0crWZnN7Tl3xQp6kC1mfPaxhYl5YEca0puUYxnj5UEEdfz56Gy64xvfpCVvvcUkFW7J2ddO0RsgTSPl/iPGbV2nfXTrzNeuu5ae2WUXquf225mF0S28WgO90H1bNlLuGelHytjwCNOHo2TL3sd23ZVeuXk+NXG/x3ocGEcy0ujuMVBA2zdS7gMGZfiaG0oNP3kv4qez+4/7OxWXFEslyRwwk1pfkF6WMlsYMi/TIe8xr/r3J/ToL/enD9yWnN2VRX8k3UkZ26Ni/10Mj+FJHBbzEz/4T1q5aIEs/pK5fUfOAwmkNxxIub+/O5WkjDzJKBUf6xsa6JWrL6OnJ06kMizGZFLWtRFQ4utvx0bKPSPdSFm+NMf9FPWLD/7gFbfnJk+ht66/jhLtbdoe0E/dPQYK0taMlHuPVJAyKl8XBEFJZ1Ary+tbb0MvHv93qq2u5spn4ovjSyYdsv1bX4ornUgZKlj25O5s4ydNPGAkqHLlSrrjF/vR+zljZYN4XYmNL3DhHd/+bTaS7qSMV2Ww6ly3S+Ujd/oVY8fTQ9/9Hi3jckV5eot5IIH00o2Uu/5GXPf3dw80KYerbHHG7Zz7YUtTvXx+8clttqWyrByuRyh2tZCxJ/366hxipNwz0o6U2Q8f0pHFtqhf7tNl2Vn01M47s8V8o9SbWcqKEUPKXnm3ycYC4/hpLJMauNLf3mxLevi4Y6mqUt9DRmMV9aD/+4R0IuUoEAfDgfhtlSUl9Mgvfk4fjh8ve2TrVqLuVbD+lCtLOpMyBO9HYnEbFDTy2ZKVSStHZ9Od++5LBe+9I/WOkRG8P46PHPRtfKR7oMyNlHsPlDlWWfutM9uam+jVay6nJ7fbXueQud66q9v1iYY3Ul4f0o2UIaJHZPQDH7LQzz7W8cPYA5ttTm/g07UtLe4Bul0e2lCT/Wu9IdD+jZT7gIEkZT/khUqHtdSYmUmLNt+Knjj0EKpaUyCNVKSPBRRFOpOyEo/+xqJPP6HHDvg1fTJ+c2rPYouDSU4sSn5g6anTdCfDgZS7E1haKzitR/7j27Tk9UXUDtLi8pUywjuSGwmUuZFy7yGfXpTpFqLWllaZQ8aQdSk/PGJEq7s67EmMlHtGOpLy+qSaifnZ3Xej12+dTw3NzZx59FNuLwPUT42U+4CBJWW8qD5GvqLUyKS8YKut6aETT6CKokKpXE/KG4N0JWXA/z4hZ1Z+ucuW0r0HHkjvjhtHbUzMeI85NkrLuS8yXEkZQ/d4XWpVzlh69D//ixa/+SaXC3eQOJ7EN36/bNSTkXLvgTKH9VPX0EiPzLuWntl5ZyrHtMPo9b+L3JMYKfeM4UTK2EOiJDubnpgxnV6+7RZqQVvm/GMzGW45etN+Au3fSLkPGNg5ZVbcHA9Dtgu23pYeOmUu1VRXy3AlXh8aCKQzKYfgRpDQdwDXrF1L839zAH0wBrt9cdnyw0r3Zbd+Ga6k3MltCTsLYdRkZc4YuvX7P6DPly+X8tUPjvSvw3ggnpFyz/D3l4dFfjCua2qS95Af33ZbqseQNR4U5ROk3dVfz2Kk3DOGEynjlVW81liZlU33TZpET9xyI7VDF8JaFnLWldn9AeIaKfcBA0nK2LWriZXvm5tvRff+/VgqLi8nMYjiUFZcwXrLjcJwIeUEP2GClPGjC0uK6I4Df0WfjtuMmlkRdld2PclwJWWMnMj6AiZljJ6sYovsym9+k1Z/8pFuyQmigHCZ9weoJyPlnoF7+9GbtsYGWnjtlfTYDjvKnH9nFvf10fi4xFiu2763SyPlnjGsLGXupzAa8BGLeibme7f/Ar10603U1tKsfdT10/60ZcQxUu4DBoqU0RBq2UJ+bfMt6OEjDqfi4iJRuhi27sBcVh8LZX0YHqRMhGcR3ccb200mqODfn9Iz++9Pi8eOlYcXzOFhhboqtZ4Jb/iSMj5gMIbz7C3m0bSEO/wD3/kuff7aK0xi7VLeUF79AerJSLlnoN+hfBvZQn79Kt06s5zrAmSsq3D5nOunP4rcSLlnDCdSln7KbSHGD84J7rcVOTn07LQp9O5NN1Brc7P8FhAzWnJfWzPav5FyH9BfUpZwbAlB8WIrPhDywq22puf/dgzVlRZLJer3jGNCUAO1X8xwIWXQjKajDyQJTrdo8WK6++f62cdGtlRQxvGMcdIhUIYgv+7LeniSMkTzzQoD7YvzDAtt6djx8h7zijdf5zLidoJ5ZkxvcDmhnfS29FG+RsrJQLvDdBH2H1dJRD6/OEH2sm7ntgYSjY1iUhZS7b7uNiRGyj1jOJGy6BhOCx8M6uS0YDgUOWJeeMtNFG9rdTqdeyimnjgPfemnRsp9QF9JGQq6gxW2WD8ZWCSSQa05Y2jBZpvTs0cfSQ2V+B6yX9DVP2XUE4YLKUeB9HyZ1BcWyutSHzMxCylnssXCFiReSVlvmbMMV1IORX8b0kBa2GDk/q9/Qz77qA8tbUzOHfqZTM3OBoFyNVJOBu6lO3V1EGeImthCBiHj84s12Xhlrbu66Z8YKfeM4UTKEI0X6qA4Cz77+Mg229JrV12hb0+AkOOt1MFtrLdLNdEmjZT7gD6TMvth/kGGvTJHUVtWFr252Zb00JzDqaZorc49OAJKBYYlKbMI8aBx8HnR6tX0wP6/oKXjx0s548PxbVi1zp2r+zIfCaQcCtKDxfxZVg7N2/fLtPSDD6ijPUZsMHOHb+Gc9K78UU9Gyl2BvtfB0ilD1i9fdy09y/27jvspVv93Vx/9FSPlnjHcSLk7gdFVwsT8ELehhbfdQk2NzTCUWfihDye9ANq/kXIf0Pfhawx74YtPGdTA8vpWW9O9xx4jc8iyd6qIkXIU0YaBOXbc4/PPPqN7DzqAPsGqbCaouHyYvHulOdJIGYJ3mNuZKFZwh3/g+/9JHy5aRG0d2JITX6zpXdtBeRopJwP3wsr2eibkF6+9hp6fOJFqsbMcty0lz+7roz9ipNwzRgIpIz2sBSnPyaKnZ0ynV269mZpaMaqFjYB6ZyujTRop9wH9mVPGJhgNmZn06rbb0aOnnExl1VVcSTqPxUWRgkHrEMORlJOAxV/4hmmMiXnlCvm6FD77iNfI1teZRh4pc1oZmLfKlFGCXP79D/7gP2nxe+/JtqUYUQD80aNr58K5kbJC7iMnRA0NDfLaEz5qX8OKWxQr9+94P199Wp8YKfeMkUDKqFtsyYlR0crsbHp88mR6+tabqMm19aisD/AzUu4D+jx8zcq6MTuLXh+/Bd133N+pqqZGhzOYbPDVpFRjuJMyhvbxmTyUVyKun328Y7+f0oc5ObIAh7orc5aRRsqxUWNkoRE6O75as5ytuRu/8hXKW7pYyl+G+jdQD/DflEnZp+rvgWt87emFKy6hJ7feRvopyhYb18iaBW4zA6mwjZR7xsiwlPW1RugA9NW6rGy6c8utaMHVV6ke822vhzYOPyPlPqAnUkZF4NoPq+K6hYkAhPzUXw+lisI1utJTJv5j1IZzl26qMOxJmaUDK44TbdxpWYnzddnSJfT0/vvTinHjqVUsGxAg6gFfXtKONrJIWdsS1iW0j+aHkcws6pCh7Bx64OtfpxVvvUExJjiAu5P87Q6op02VlP36BC0hvQf2sl5w3bX0wi67UA2GrLkO8fCDfdflXfH1PGj3V4yUe8bIsJQxyoK+qju/xfnhrionWz5i8da8G6ilqUnaoYq2ya6tHW3TSLkPWB8pY4Ifcwnto/Fe7Rh5rxGLRd7YYku2kP9GdcXF4Y/FxiB87O2q2Y3BcCdlQFMPGwo6b8Hiz+jpX+xP744dSy1MUnhfsJ3LHUO8sqf4CCNlCNLsYGsZ33nFb8TnLvOzx9BT/+k++8gPevJFsU686x1f5yMWKD8oPNRbMbfHwUC0bQwlKcc4TayyxsMdyqiB6w4fl3hh4iSq5nL09QXCFOE67K4ONkaMlHvGSCBliBAz9BDfAzs2ghsqsrPohWlT6d1b5juLGYYGFhhqP422eLR/I+U+YH2kjJWa2FygHR2cn7KbmSgWbLUNvXLiCVRXU6NPRH38oQOBkUDKUaDj4n44Vq5YQbfvvx+9lzOW2rH4C9YNK7z2jHFCjiONlLsTWHMrx46nh/HZx48+0k9jcp3EuMODfKJAuW2qljLmjPxbDnVcb5hDfnLb7agiC3sHDKxFvD4xUu4ZI4WUuxPcp5yJ+ZmJE+nlW2+iZm77+L14FU8fpMM2j3Mj5T5gvZYyPobNpJzI4orPHCWvPWGVdXV1lYuZrKAGCyONlKONBpRTVF5Gdx54AH06jomYiRlPpTF89nETIWVIjH/3qswxNG/ffWkZ13MsweUTb2fB61IhUGabKinDQoZJ0tTcTM9dfSU9su32+vlFqbfBESPlnjGSSRmCBb/47OMdW2xJT2Hxl6zKZv0Zb+Uchm0e7d9IuQ/oaU4ZQ4otWVn0Fhf6PUceQWuLi+UpaCA+59VfjDRSDgFrGU+ZCVqxbCndd9CB9Nlmm1MrdzqMVkDZDgkpQ+kOMinLLnHc7pZmZtGt3/s+fbLodepAh3fTJKgd39E2JVJGOt46xk5dzS0ttJCV87NsrdRhM5pM7rejscIairr7sh1IMVLuGSOdlLEdJ+5fzwYcVmW/fOvN1NjQxG0T/VTXF/n2b6TcB6yPlLHLlGydufU29OA/jqe1JaUUk8/uYc8lI+WBB98z0S77ZMfaE7Saf989v/yFvC7VgFW0suALxIgNRkYuKcvmNKPHyvQJFMzqbP3s49LXF0ndCClx/Qgx8REKb1OZU9bhQSXl5sY6evaKy+mZXXahCraQ8SEBtBEs6sLoRndlO9BipNwzhpqUU9tfYbiNo3Ys/mJdga9L4T3mBWwxx2S/Ae2faK9yNFLuPbqSMj63B8VYx0SwaPMtZC/rmqoq6kRBx2OseNqGkJJHLinjju38N4aX8uPt0phL8vPpkf1/QR9mj6G2YPhaNxkBac3j+hppw9e4RytbyXgolO1c+b6rc8bSI9/+NuV+8pEQMurIv4qxKVnKXtE1cj09c8mF9ORWW1MVK0PsUwwLGQ9QGFLUD510X74DKUbKPWNISJllMPopBIu/0E+xkRTuW8UW8xM7TaDXb7pe9sqGDjNS7gdAyjdM2Ik783jqZOWLVyea3ecX8bWnutISeQ+5s7Odj+3Uzj/OSDk1kGVMfGv9GD3e1SWqzsujO9li/nj85twBuPNl5Yg1BLmRO0YqSPljJmXt2Nrp44NMyphH1y8YjePOjo9YjKblnCfMMS//5JPgs49oh6Uj2FK+cd6NASljC1IouIamJnrpmqvpqS/swA/O2fIp0I7R2e61J64rfpDBQxuIMrWiI2qoLyXnKCljNG3gYaQcwpMy6lxHtLKog/voYJEy7hFjvQBSRj9NcN3DUKjMyaaHtt6GXrhlvnxdypMy9sq+zki5d3j3+WeZlCewJTZe5qSwU9cCfH7xmKPc1pk6XJYuGMmkHAUsQfmwAEvuvz+lp37xC1rOD0vYCAL7RkMRX88dMBWk/C6n3cbtAOTYxFYrOhsUMYgZHTH1oq9d4IFAz0dLfpayNQiL+fNXXqT2tjZ+QGRSLh3JpDyPFi1axImwYuM+2NrcSK9ddy09N2lXGbKGAsZIQpJ055YigVWOkRR5YON6K2BiACm3cd2kAkbKIUDK13GfaOaH9Bg/iEEnNHNfDdcEddevBloi/RQPCCx4rbEyO4ee3m0yvcNttZl1CjbjbImBlK8zUu4NPnz+ObqJSTmemU0NXKivbbWNDFnXlqyVRtWfH5RKbIqkjKfMwiWL6b79fipfl8Je2XhlKhVzyo+44WtsgynzuxhGZgvdD1OqFTbYovfF/NXKMWPpye99XzYYQTWVjWBSvo6VGtLlVKi+oYGev+wienHCzrLWAw/Q3RHlYAjqQh7YsrN0qoEfFLGPgQ1fJyPVpHwzk2F7xlh5IEJ9YPU91pwMbj+N3gvnTNCch9KsMfTc7lNo4c3zWYclKN4ep3nXX2uk3Bu84+aUY9nZtGjzLempuSdRXXVVMB/gZajhCxUd/sEHH6Kly5bJ9UAhSsrpMjLgGxM2isD7upWlpXTnQQfSh9grmxVhKkj5ISbl9/gBTT92PkqsZDwR+2ExuA2VYJu/OIayc8bQ7d/8FuUt+UxIeaTOKc+/cT69/vrr1NzcTM9c5rbOxAMZNpXJGMcPSjlDJGO4LWTrcKm0DR3SLGCFbKQcItWkfC0/nDXhc5zcN2At+7ndrv1mSIT7aQU+z/qFHenlm2+k5tZWumHePCPl3uCdF56l63fZhd5iQn50zuFUW1RI+I41BqC6/qihFFngw408VZbyJ598Qtdcc42SMt8rnSC5icnEPuXn59H9IOYtNqfrWRGmYvj6rcwxsm8yrB+8noT5QggNsWCOu40VD3aaW8rW/I1f2pc+euF5upxJuXAEkvI8VmIvL1xIC+fPo6d32omamJBhIbdy/cRBjqz8Ui4g3PW4o310esuZ87WSSeKcrzIp2/C1IJWk/NZN84WUa7PHMCGDiLmvcr9Il36Kue52tuTrs3LooR12pDeuvYauuvxy+pj17GDB973+9MEhJeU3WKn9dupkuu33v6HPP/2EKsvKqaqklEorKqg8DaWouJhuvfVWWjLApPzhRx/RVVdfRS0tLUL86SZtba2ctyZq5SfOlfy0efv+v6DDsrIHlJQx/3PDwQfT/dnj6G22lj/iTvVxRg59kpFNn7EV9Ckfh1I+zBhD73Nn/wSSlUWPZ2TRqft+kf6PH1Ly8/Pdr0gtop071aR8zWWX09zf/ZbunjyZlnB9lLASLmWpGp1NFVwe5XxezuWQUuGy7u4+Zdw2ijgfZWy1F2WMpdXcFt/kPJ755b0p1tTofsHA4tVXX6VzzjmHli9fLoKNZT5btiw4TzdZsmQJHXPssVRWXu5+wcDhmeuvp1NzcuitsePoPa4P9FH01c8i/WWo5CP0U5aPuX9+wg8Ki7hdXLT77vS/3/gGvfDSS+4XpB6+7/WnDw4ZKSfYKryPlfpsLrC5x/2dLrz4YrrwX/+iCy/4J13Ax39deFFaCfIEOeqoI2nx4sXuVwwMFrJF8rvf/pauvOpKuuqqq9JKrr76ajlecfklwfXxcw6nqePH0Qt33eF+wcYDDyTnn346XfSzn9L8P/xGZN4ff8/H39LN/NDm3YZSkI/bWW7kfN3wpz/SaXz+m//+b8pjghwMRDt3qkn5iksuof3Gj6dzt9mGbthuB7qeBcf5LDduvwPNG0S5bvMt13FDfua5fF3LcjqH+Z8Z06kgL9f9goEFRsfOOvMsuuP220Xm3XY73cqC89tvuy0t5aILL5R9yQca9z/4IB3w/e9rX3B944Y//SGt+uldLDfx+TzO10UH/4l+9q1v0NNPPO5+Qerh+15/+uCQWsotzc1UWVkp81YtbIXh6AVKOjhnP/FnN38+qBK5bxM/ieO1mIEEVoxWsCVeVVWVvsL15M9RZ+VlZdTG5TFQQLNtaW2hDi4LfKUpbaXdCZ93tLezhd8g0w6DgWjnTjUpo981VZRTC6SyQqTOHQddInlYn9Rz/6nmtpmqNRkoR3z8QKTDHdNYOtwxFUDazU1NFI/2izSTeKSfQpr44SSWotfluoPve/3pg0NKyobhhP4pd8PAIdq5U03KUXSXAtyiAirs6rY+6UvY9YnBkM7wfa8/fdBI2WAYJoh27sEkZYPB0Df4vtefPmikbDAME0Q7t5GywZC+8H2vP33QSNlgGCaIdm4jZYMhfeH7Xn/6oJGywTBMEO3cRsoGQ/rC973+9EEjZYNhmCDauY2UDamAtZeBge97/emDRsoGwzBBtHMbKRsGEtpOrL0MFHzf89IXGCkbDMME0c5tpGwYKETbibWZgYEvx/6Up5GywTBMEO3cRsqGjUPYLnw7kbYSPTf0G9Ey7WtZGikbDMME0c5tpGzYOKBdaNuQNgLBbmju3NrNxsH3PS99gZGywTBMEO3cRsqGjYFvG2gdnUzGnfFYIPKpPms7G4WgfPtRjkbKBsMwQbRzGykbNg5oF3FtIwkm4XiHiBBzAm2JiRp+GtjQR/i+56UvMFI2GIYJop3bSNmwcXCEEbGSqZ2JGe0IH7KIO8K29tMv+LLrTxkaKRsMwwTRzm2kbNgYSLtwhCxE3N5OnW1tLO1EMWc1swVt7ad/8H3PS19gpGwwDBNEO7eRsmFj4NuGWMVsISda29yxVYjZW8/WfvqHoHyd9AVGygbDMEG0cxspG/oLtAhpF7CU2SoGEXsRQsZ3h81S3ij4vuelLzBSNhiGCaKd20jZ0F9Im0DbgCXM7QZWchIxMyl7K9naT//gy64/ZWikbDAME0Q7t5GyoT9Aa5A2gRXXaDNsGYOI481NISn74WuEs/bTL/i+56UvMFI2GIYJop3bSNnQH0ibwCYheAWqPSTlWFPjOqQcx/C2tZ9+wfc9L32BkbLBMEwQ7dxGyob+QNqDs5L9wi6RlhaKN6m1jJXYMt9sc8r9hu97XvoCI2WDYZgg2rmNlA19gbQDtIc4Ngpxr0G1hXPJ8ebm4Lyzg0nZ3lPeKPiy608ZGikbDMME0c69qZHySPotg42g7Nj6TSTcO8hYYc0WsSfigJDxahTeU3ZD11bm/YMvu/6UoZGywTBMEO3cmyIpJ0bIbxlsSBsQkuU2ggVczlJOGr52IvPMMVt5vbHw5defcjRSNhiGCaKde1MjZRBygonF0DdI/Ytw2WEuGfPEEVL2i73kXPa+1tehEGektJ2hgO97XvoCI2WDYZgg2rk3OVJmQsZqYEPvEdQ/jpgjdlay7OLlSFkIGedua00lbhu63lj48utPOQ4pKce4cbS1tVFLS0sgzc3NSefpJMgT8osvqAwkoGziWIDB6FqZ6SYA8opy8Hk2DA58+QMpJ+UOVt5Q0MMIsKb7+WtHLHwb0JXUWMAFa5hJGQSMcwxVe7KGXutFm0E5o/+3Y6HYMJLBfKgLyr0X5dkVQ0bKcW4MN192Cf3HrJl0wnHH0WmnnU6nzD2ZTjnpBDk/9dTT6JRTTkkrOfEf/6D/++MfafHixe5XDAyefvppOuig39App54qcvLcuWkpkrfTTqPfHHQQ7TJ+HC147GH3CzYeMVYKry56nW7657n02nnn06ssOHY9H0pBPrzg+gWWR+bNo+rqavcrUoto504dKWv4Wy88n+bs9zO65YxT6Pa5J4rce/zfgvM70kB8Pm5juesfx9Fvf/IT+vjTTyX/A401a9bQTVzXd91++7CRO1ja2lq1SqUd4CGLyRmfZvREzCLWsWsrvWkvz7/6Ku05eTKdtv22dNFOO9PFLJew+POhFOQDEnU7Y8cd6L+32Jyeefwx9wtSD1+WvS3TKIaMlBOsRB44eS6dvvWW9Oh5Z1N5STE1NjVSQ2M9NTc1dWupDrWUl5fRddddJwpxIPHUU0/RvHk3Un5+PuXl5qaV5Obl0SqWvFV8ztfvLVxA/2Jl/e2ttqD8FcvcL9h4YNTk+ksupqO32ZYeHZ1Nj2Rm0dMZ2fTE6Cw5fyozc0jlGc7L45yvR7Oy6Am+fiBrLJ24zda03w++R6tWrXK/IrWIdu5UW8qXX345fXOPPejMHXekx0Zn0vOjR9NLXA/PcX28xGXxMssrEXk1IyvpPOqP867+/tz7R897kxbkeXHjdsL5eozr5tDsHHqfyyIVWLBoEZ349a/R61OnDAtZOH0aHfzjH1N5RYX+ALQDJ2I1O5HrLtIj2Ltg5XL647bb0LvZY2lxVjZ9npFD+aNzaBnXw2puH7lDKAWcD+RlpcvLp5lj6NaJu9Bvv/UNeuzRR92PSD36VKZdMKSk/Pwpp9ITY8bRc1/YkZ751wVUU1cHE5o902/uCEM2dZy/+fNvHHAl/Nyzz9Ljjz0mlScLWlxFpoVw/jqQSa6S+uIieuGoI+mVL+xER++wLRWtXQOfAcPzd95Gt++wA9Vkj6FmJr4YK91W7lgtmaMplplBsdEsOA6ydDApdWSMpzbu6O1ZmVTPiuipzbakO487li6/5CIqKChwvyC1QH14pJqUH3nkEbr80kvp5XPOoFe2355a+Hd3cJ20c1l0jlIhd+zN+cb6J5+PFokzIePYzvmqyMyhyzNG06oFr7lfMLBY+O67dMvXv855GMX3TG9BHmPcRs/Yb7+AlH1bWJ/0BSX5uXTszjtQIZNye1YGJbjcUQ/on50ZnIcMHIdG4hnjqI0fnNFvW7Kz6IVttqPnLjif7rrtNnruuefcL0g9NqZ8h5yUF7DF0cIF+MIOO9Hjl19Gra0t1AZ/t9ggHSaJfMHW19czKc9PKSmnC/wWezi28xHz6fcccTi9udkWVJIzRkh57dq1LvTAAKR813bbUzw7mxKjuLOzconzEUKjsoZMEixtIOWs0dTEBPD8uM3ogVNOpKrKSrrtrruoYM3AlsP6EG0fqSblJ554gubfOJ8aKyvoiZNPpBf54bmZiTmeOYqV8BAIt4XoNdpEGz+saX4yqDZzLF2RkWmk7CQgZW6jgG8LXaU/KM5bLaRcNXqs3EvqBvcEMY7KZskZMolxP8XDY2NmNj262eb04MUXUEtTEz3J7fn55553vyD12JhyHlJSfvaUU+hlftoiVnb13MGe3XEnevWaq6ipuYli/ENACDG3s8xQA3lIFSk/+8yz9Ogjj6bF7/RA2cNij8djVMsW8eOHHEwvMRm1sKVUxaQJUi5Zk+9CDwxAyvdvs60QYZwVbwc/ebcyEbRyJwMxdtcJB0Nwb1hlzWy1L+KHhodOPZmauf02NTbSnXfeIfONg4Fo+0gtKXcqKc+7EadUV1dPD55wHL3CD2T1XPcxJr+EWKt4YNFzPQ6m8IMStwuQcydLAxPEtVw/RsoqXUl5IIGHcU/KsdGj5OEI/bSRLVP0WZDzUAke0ho4Pwu2354ePfssasSWodwHHn30EbaUn3W/IPXwfa8/fXDISDnOSuRpJuWF2WOIWNGjUuu4Ib2yww703IUXUG11tRCDJ4ehBgp2UyFl5MOXfVFuLj1zxBx6c+wWMqTcwQ2+KHtcykj53m23Y6XCip87N4ZKWzNZ+Y5mi4gVzVCIWOv8gNDAZPTe1lvTS3NPpOqycjy1UENDPd16y80jcvgapHzjDfMoztFjLE1VFfTS8UzM3D9ruU5U+WIIWYct/flgCYi5KSuL2jNZEfP9a0bn0FXcXoyUVVJJypi2AilXMymrhcx1Mjqb2wTqJrScUym4j5fodV12Jr2+00606KyzqKke06HoB3F67LFH6dlnjZR7hB++XgRLOWMMK95x3LmzqSFnDD2POWYm5oZaJWb9UXyUf0MD5GEkkzLmjWVzhkQHH1XBN5aVMSEfQW9vva3Mo8b5SRRzRiVZOnydClJ+gO/lLeW4s8ZkCBtPwYMg8sTNyj3OSh9WQAcr/Xq2AJ7ackt6+uQTqbKslNoT3A65rLAw8Q62lNcO8Nz6+hBtH4NCymwpY3WHSGeC6srL6dkzz6QF221HtVk5/NCE8sqWvgtyRNl1VZ6pEFXAGL7GPdla5+sGtpKvYHIwUlZJJSmXrs0PSBn30lETJmT0UxaxWN15ygQP7RkYrh7Dgod3jLZm0xP84Pz0OWdTbUW5M+g4wyyPP/64zSlvCLCUQcoLs5iUWflhOEqGpbiDNfOT+MvbbU+LLr6Q4u3tFI+xwom3ydxmq4s/2EDBjmRSBiFjBXRC3l1kBdzWSo/99S/0Oj8kNWah0/nON0o6Y6pJWZWLdnR0cr1OraDtYYFIO4blZGFXBlWycnthzDi69dQTZV49OnLT2NREd9zhh69TX3fR9pHyhV4PP6zD1wyk4UdOmqqr6OETj6dX+cGsnRUh6geErKLtI9XiiVnbxRhxg864ki01I2WVVJIy+v26pMz3ZD0ezUOqBPUvD88ZY6ktYzPus5n84JxJT40bR0+ffqr00+hmM2i/jz32mJHyhuAtZU/KuppSSbmDC7wsO5ueZGJ+6eorqb6hgckCioHtuQHeuKO3QMGOZFKWfXG5fGMdcSoqLKT7jpxDC8eMpYYszN0pKQ4uKeOeaiUPFinHWKnH2OKCwsfwLKyvBdvvRC/OPZFaa2uEjGU0waEpiZRTj2j7GJSFXl1IGUf8/sa6Krr/xBNo4bbbUyOTIebxsOK1g5Vkd+U60LIOKfO5kXKyDL6lPHikjBG0DljI3EcT3PbqmJRf3nEneumsMynuHpwh/uEZ7dZIuRfoiZTR2fDkXckd7dkv7ECPXXSRNK5Egi05EPMQAAU7oi3lzrgo3LX5+fTA0UfSW1tuqXO5XBcgKHSGkU7K8YwcfvIeyySTIfPnr22zHT19xmlUU1JM2L1MxJETsCmRshcMY2PLxtqaOi6b02nBDjtQgyzwgdWMlbeprysj5Q3LSCZlff0qR6aWWrntvTRhAj1z/rlUW10FRWak3F/0TMr8JMSFHsvEKygZ9PxOE+iJC/9FVUyKcbzwjrnlPv7QjQXuN9JIGfcLGi4LFtc9eOQR9BYTo7xuwvUijX803g0d+aQsbZAtPiwgem7cZnTfqSdTRQU/DLo3AERcXoFNhZSTIKTcJptAVZSX05Onn0avbL0NtefkSHvpvlwHVoyUNywjefgaEueH5kb+jY9vvjk9es7ZVMn9tBNbw3Lb7Ar0ASPlXmBDpNyeMZ47ub4XCWJ+ii3mhZdeTPGOdvmRIJO+/tiNAe41EknZS1tdLT162F9p4Zhx8gpSB9cJhq1bM7GgZ9Mg5Ri3NSxoe3mLLenOU0+i+rY26sQHc2LtnDs8DCZjUyRlpBdPxFg6iLhsqmpq6L5/HE+vcrvBVAcIs7uyHUgxUt6wjOjha6736uxsemKrreiui/9Jtc3NulMoPzzL5lNdgDZrpNwLbGj4GitgY6OymRCy5BxD2c/vuCO9fslF1IidvxiDSWEo2JFAypgR5WYiZ9JgEgmqzM+nZ+bMoTeyx8hL96gHPBS1sJLFNAIIGp1hpJNyY1YmvfGF7em5U06mKswhxzEMBgJiS9nlMYpNkZTRftpkCJ+tkkS7PBw3VVbQ4/wQs2i7L1A9+q20F6yS5fpzfbq78u6vGClvWEaKpYy61vfS9R6o9wY2GhbtsBMtOOtMeQ853oktQztkT4t1KVn7gZFyL7AhUtZOB2LGBg4Yzs6gWibol7bbnl6+4DxRBJgDhWKQCuEfnsolYCjY4U7KSL0N5YQV1lxuKLPKgnx66fDD6f2ttqY2jEyIosOrLVCorh5GGClrG8umjgy/MUgGW3nc0Tffkl6aexLVlhYL2YCQQT4dfN5dzWySw9eMMMVQ6TTVVdOrZ3B/3mY7quOyjDNBtsvUh75z3l099FeMlDcsI4GU0U+h99uxwjpjDF8zB2Rn0Wvbb08vnXO27DbHjY//s+bHtArnzUh5I7AhUvYV3VWgPF9mi/nliy6gxsZGog5YM3hKggLtnwLqDZD2iLCUuZzibAHiXpUN9fQANgbZckt5F7e78oaMJFKGQtehed2YBA9+TZnZ9NLYcfTs3BOooabadfQN18WmSsrdAQtrGsrLZJThpc23kC1JMR2AjT7aM8ZxPeoUyECIkfKGZSQMX2PxIEbq0E/xRg766VPcT18+8wxq5n6Kth1deLk+wN9IuRfoCymjE/pz+NXnjKFnd9iRnrzicmpqbZVhxoRM8KfOVkbBDn9S5gYSa6XOjjiVlJfTrXMOo5dl60wmvx6smZFFynidYrzMk8t6BX7Ie5Xv+egpJzGxYe6492Q2UkkZcfpCyv4+GF2oqquTOeaXxqNdYRoK9TeOyx4rs7uvk76KkfKGZfhbyuCDcfLwjAWEeD3x+a23ofvOOkO+5Qz0tn0jjJFyL9BfSxlDGDHugDVZWfTMjjvRY5dcRNU1mP+Dpayk3NdC6A2Q5nAlZShLvzAukYjLNnn3H3UEvTZ+PLVmYw4QC3QwTbBueUNGEinL0HxGDre10dLhF+KVu1PnUnlVZVj+rqw2BLOUk4HtDDGlVFFVTY9ymb7GZYstOfEVJ/Tb7uuj72KkvGEZCZYy9ptHu8Ec8ss770xPnncu1TQ0UBxD1a5d96Z9I4yRci/QX1LGLi7t7l3SeiZm7MX79PnnUn1NuCWnJ6CBBNIbjqSMFP17e1gIUVdYSE8fMUe2zsQQI8oRc3+Yt+muvCEjy1LW9oWPS7w4fnN65NSTqaSkRB5WElhq3QcYKXcBl5+sV4gTVVdU0vNnnyWffaxmghhIhW2kvGEZ7qSMOsbwtUwtbbcdPXnO2VRRUUHYKwAbHfVlVBR9wEi5F+gvKXdw52vLypS5BjxFtbLifnWb7WjBuWdTe3OTVJqRcjJAyCgTkMgTf/4zvb7ZVtTIpIQyhJUsC+rYcuyuvCEjiZSxqKsmJ5ueHb8ZPXjKSVRdV0+JmC7qIiaUvsCGr5OBR5oOrISNt/JJjBoqK+jJuSfRq+M2l/feu6uP/oiR8oZluA9fgwewqOvJsePowbPPpLr6Rups11fxMM3k23VvWjfCGin3Av0lZcwvYD4Q84LYQQjzghXY7IEt5meuuIxaGxsipNz7itsQkN5wIWU8Q6IMmGU4TQwpxqmqqIjumnM4vTZ2LNVxYwchxzOwx/MYPvasMIcrKUN5a541PtpWEyvuhdttSy/OPYFaW5k8sOgt1sYPcx3yHe++wCzlZKDd6T2ZnmWTEZIVsg9gjnnLreTdUl2JjQ8JjJN2hzrqWm8bEiPlDcuwspSlLtEW9Dvq+NBJPYast9+enj/zdNk6E1OTnQnuofzwjJUffVk9hDZppNwL9JeUIfoBfKzm5IpEeK7Eau6UzzMxv3ze2frZR6lEfPEoIa/+bCxQsMOFlPFWbQeG8uPYFjJOxQUF9Mzhh9OizTajliwu427KtCcZjqSMdgGrWDasx4MHtxE8jLy57Xb0AlvItRiyRoeR157w8JLo8zJBI+WeISM0LLU1tfTcaafIVFMddopjBdyRod9lhnRXfz2JkfKGJaWkPKCWMr74BEMLW7XCQMigWs77gp12ohfPPovqWJejn6qRoeLPegv0ASPlXmBjSLk7gdKtZIv51S/sSE9hQUBtLd/ELZlnYtpYoGCHzfC1zO3xb2aWKa+ooIePPore3mY7qs3Jlg7QXfn1JMORlLFIBJtXQOnjG9ANmTpk/dLJx1NtUaESBsp7I8rcSLlneFJGOdeXl8sc86vbbqtTT24tQ4eszO6+DtcnRsobluEyfA3jStYIsf6GNHA9PsU64IVzzqaG4POL/W/HAOIaKfcCA03KsJ51S84semb7L8jrUi3t7fKFdhlO69Oz1bpAwQ6b4Wtn+eHzizcc8Vd6dfzm1MLERO4TjH2V4UnK2LBepzdasVJ/iy3p1tNOopbmJiEKdHZ5YNuIMjdS7hnewpFyxiLDujp6aO5J9EJWjnuPGSNd61/1vz4xUt6wDJ/ha4yYjOe2oB+XeGyzzemes86gBtZdcd92XDvqLxDfSLkXGGhShsi2nFy5tdw5n9hpAr10zVXU2NgQPG1tjBJGvHQmZf80Kb+RpahwLd195Bx6edx4WRiHp1DMw/fnfdHhSMqd/ASOeI2s+BfsuBM9ePop1IjPumGYGlMbXFYg542BkXJvwflIcP7iRJVVVXT/Sf+gF7fcimq5XfovkPVFjJQ3LMPHUua65Ae0utHZ9MKEnenRi/8lW2dCh2FaaSCAPmCk3AsMvKWsH7HAMnp8Y7M6M5Oe2mFHev6f51GjGwbx0h+gYNOelN3vq8jNpaePOIJe33Jrapa9iLGoC/N42Fay73N4w5GU27kdNGRn0ivbbUdPnH4qlZeVCSl0dmLl5sB0diPl3kNeOUPf4weiau5Hj3Pff437Z20W6rr7OlyfGClvWIbLnDIeyqpysukVNqKe+dc/ZdoR3VO+BtjHVxTXB/QBI+VeYOBJGfHYImRFjs8NgoSquMO/+IUd6GUm5oa6WnlPdySRchg6fDe7uqKCHpszh97Zamv5ak+cSRjzdvgUZn8/rTccSbmerbAXx46jx089maqq8C1uPLDEdPP6jZzK8DBS7h2Qg3bJC6ZVOqQP1pWX0Yv8sLRwm21l8aE8TEv7ypY2i/7cXb1CjJQ3LMNh+Bq6Hh/AeXqzzejls8+i2soq6aMYVcFCVfTUgQD6gJFyLxAfYFKGIK5+mQaLRzJlxybs/PXc9jvQwksuonh7KytnFBg/hfGTGJ7DekvRKNh0ImXkW17hiXfwT+HfxRZIe32dfH5x0dixOmfnyAxlKa8ccPl0LbPeSLqTMuo8MWosH/HhEv38IvZffnruCdTc3KxDYdzRUVZ4E3lgnr9HLikjzkBbylEgfTwk1dTU0P0nHk+v5oyjukx+aJQph3HUJiNe0AHd17eR8oYlHYev47InAl5lzZL31mEhP7P55nTXmadTS2ur9FMxk+VVTm4jeruNBtIyUu4FUjGnvD6p4caAzz4uuOhfYjFj0UkC77txYQ1XUkbYWKyd8H5toj1GxWvW0oNHHkELxoyTnc56sjT6KulMylgggrUEHRljWJFnUW1WDi3Y/gtMyCdSPT6/yB19Y+eO1wezlPsHv74D9YL3mB86+SRauN32sp0iXonBuhAszlvf+/NGyhuWdLOUOzLcJkXYY4IfuGrYQn51x53ptbPPpJaWFmkLaBP9a609A33ASLkXGExSbuensgpupE9vs+3/b+8rAOM4rvetA4HZSUP9N8xp0iZt06QNNG2gSQq/Ng1DA23TJIWAg03sMDM4MTNJtmVmdmLGmJlRsiyWDvX93zd7K6+Uk6w7Heyd57Ofdo92Z2fmvW/eG8LYt95AgVTUQFAImZtYqJbZkcGMtVf4mgOWfAj4g9i1cyeGPfYI5rdvj2q1sErDXkY0YldSpmfscWRJ+qTuSBq5dOaUtsdIvXoWxXt2GYquGmCalCNFvEnZHANBKRaPecLLnTHz+BNQIbrK3aU84jlzW81w5a5J+chiN1LmMr5ejmmRBhe7K6YedwImv/qKNMrEFoe6FTUpGzgqSJnXYp9VpduNKSechOFvvoGDQrAcTMCwb1PAjLUDKVsLmoatoKQEQ8VDnteuHTxuDuLioK7Y7chDsbOnzBHlPlHyKnZT5LTCkJdfQrHykA1vTHlkofyKNXT4uvlQ6xj7/DhYUIjRnV7E1DZt4cvMlDpHGxC+3DUpH1nsFr4OSjnRU650uzCiVWuMeKVzaFCXEaqOtq42BbyuJuUmILGkzNVixMCrecwZGH/c8Rj76SdqC7CmZhw/twMpq9ZkKL0lBwvR+5//wKysHOUhm3NyAxliqBowaNGIXUmZdYXGudzpxJQOHTDwhWdQym3d/NLQMkduxkfPFbSn3HzUBL1imI2xHgVFRRjc8QlMlsYVG9As29qytpa7iCblxsVunjKjHyVSRoxWch5ycWWlNMaEkP3VcsU4KqmAOqBJuQlIJCmrEdkc1SlK6xNSPsjpUsd+D7NefxUVRQeblHH83C6eMsOxBdu3YWJoLetKp1saHRzYlqkGt/mPEk+ZxplLZ8487kSMeuE5FHCUNdeyVtt4xmo4V8PQpNx8cAlcL8dFcElcKbsiIeYxLz4nZXo8SqVOHyZj1gGjHmhSPrIk3lOmnoZPC4WbS0w/6SSMf/UVHKool3rJriWOxI+/nlIHNCk3AYn1lI1r+jKyhbyMMAo3sZjatj0mCTGXHCqSXDT6uuSviGSkSuVhMGOTQcrGJmXyfk0o1C7/S3buxLh//hOL2rdHqVR25htD1iqUK3nJPAyXD9GKHUiZZWiseW6kgc9YJQ2QaS1bYvLzz6Bw71415a0m4FHdErFY7/xI0KTcfHBEB6e/sH4bU6ZqUFZUgImdO2G22o/Z2MSCm89QfzlQiOMHNCk3Lkkh5VC5cD0ErqhHfWXZVTrcmH7ssZjzcmdj6UxVL/2qIebheei68QLrlCblJiCRpGyK0UdlGHjew9PCidkclf3m6/BK643GnDuRsOVeXS8jmbHJIGXaK794fqzArMwkgtEPPoD5LVvDw2lOdZ7R8CRiLckmZTY0OCLXI/fllJkap0MaI05Myc5B3xeeQUVpiaXySxnKXzat4g1NyvEBU1xWVIgJj/8Hk7Ny1PQZLgbDaBAXv/GpaJAm5cYkGeFrU08rxOHhQk7sTivnWA93ltrtqaLE0FMroqudkYH31KTcBCSDlOsLCU0tMHL88Rj70Qcoq6w09tYVUq4RsYIZm5TwtZCx2u1J0rVHvME+jzBknaM8ZO4nHe65Yi3JJmWOnmdY3px7zYVB5nQ4BpOe6yhkZOytakQ5Eot0JWX+JlmkzK4Z3p/lyelSQzo+qQZ/cblUGnnaCK80zNgVpUm5YUnGQC+zC43ETJtRIrZ1yrHHCSG/hEB1lfpttHWyOeD9NCk3AXYgZQqn0xQ53WpJzuHvvI2CwoOo8XOXpbq76zJjE0nK5rkK8/gD2LV1G/IeexSzWrdWBoh5FS/PuL4kPXztYJ+5sSJZpZDzrO8dhzEvPIdDBw6o3zGnIq34sYD2lOMASa5KswgHNRaJdzXyfy9gxnHHqcaYMvgZHATGoyblhiQ5njIbSm4EHfSWnZj8/f+HMa++gjKxm2Y9bE6djBa8nyblJsA2pJyRqXar4T6vk48/EaPeeF2tNGRMlzIy1DwmipR5PzWVR/W11aBAPOQRjz2G+dz2zs3wHUO63F0nUQ0X45gUUlbGl3XDgWoh5Ik5rZD3wrPYt2+f0d0Q+m0yoEk5fhCtUw1jTm0rKCjAePG2ph/7PZSLsWc4W/cpNy7JCl9z4xtOT5zUvr3aQrdQyk4tnZmAgZcNgTqgSbkJiMcym9GIVypWFbc0FPG43ZjU4VhMeO8deD0cMBQKpYWO3Hqua9ev4k7KPPLerMz+inKMeOB+zBEyqhajwxAeV7HyckPwFpFvLhGNJNtTrhZDXBEi5F4vPINiIUN2MxjRjET0HoeHDl/HF1x1j3rAdVFLiosx7PlnMcmdpVZtY58yG2yalMNLMsLX1WJDi+W+Y7JzMIjbL1ZWIeDn4D12MdXtDkwkWJ81KTcBdTxlUSqTlM0WcEMLB8Ra2E/J/kpjQfwMFGe4MLF9B8x5712UlpVCrQilMjV+pDyBpDzCIGXeKSj39IsxOrB7F0b+82FMV33I5hJ13H+UA56YR+GfKZZiDIrj+eGGUmJJ2YGCzEx8/b1jMfL5Z1BcVYkav9FgCQS9oV8mB9pTjh+YapZuDb0sNY85iHLxuvI6PoEZUkeKRWc597WmBdfMdqFC9OITTcq1kmhS5viWQnFqph5/PKYKIavtF0VPgwEffBwTE2U9jAWoA5qUmwCTlKcKKRtbC2YocvQKSdIQk5wTIby318HFRThVigTNJTldqo953BuvoXT/XjEIxhSb4niR8vjxGCmVRkpPGgBc+yKI/Vu3YuRjj2JGu3ZicFxq9CnzhX02PhoiyS96kYkRNlikwSRHKmE8SXnAsd8TBc+W+7Ev2YmyjCxR9OMw6bmnUbJPykJVcs5pFWXneei3ycDRQsrRXqO5MO+qpkpxWVxJR2XRQYzt9JLa9tHYBc2FameWeMqZ+EyTcq3Ek5T3bN2sSHmfu5UKV3OsR7EzG5NP+D6mvPqKKiN2O9BuiqKqDWCSF7w26q8m5SbAJOXpJGXxTkmQnHfqcdJLMjykhAkJTpEczw0pzsgRMjgB01/pjPJDReKVMYQWH1IeN24chg3Lk8IzjE9ZUREmP/wwlgohV0ojhSH9uiJe63fei4+wXNgg8KuGi+Gdm6S8a2dsyYik3P9731N1gCHzCjlOyWqJkS88h4P72YdsLJtpmOvkEjKhSTlxYBpY9vSYuT3pxE6dMPuYY42GfGgajg5fH5a4kbJUhb3bt+GFY4/FfldLNb6F054mZbfClM6dUHTA2LveDnXGBNOiSbkJMEl5ppCy6heSisQQsk8MMVu/9MySKaxsFZnZmND+GEz68H34Jb2lJfEa6DUOw4cPV+cMz3LpzK+zuP2iMe2JoepkCQm5zO1W/bpqSpKQ5T6HW5Hyzp07VZpjBTN8zfIvl3tMy2mNsc89qbZfNAfbRVrB4wkdvk4cSMbsSpITZfTLyw4h79mnMN1NPXGiLNOFjzQp10pCBnqJXWAUL791W4x98QV4y8pq9dRoPNsDTI8m5SbAJOUpVCohYnplJAHTa1X9pfKeqmQ8JkrMii3nHFBVJGlTS3K+8xb2i/Ht1rMnNm2OcfhaKkv+iHwU7N6ttl+cpZbO5J6jXCSBe0Nz2cxkCbdcM8rDLJMCZ1Zc+5QZMeFqTuPFQy4pKUaAq5mJkpuSbJgqls6kzDEOJikbYypsACZD0sL+SUpxcTGGPvcMph0jdVFIKBGecq19sLnE01Pes2O7IuXtWTmYecKJGPfKy2ofAQ7lMlbrMgbHJhvW+j8yf6Qm5SOBo6/HCSlPFk+ZI/ZUX7J4RyQBUzjgJ1kSaJGptgXk1KMiOY7tcCxGPf0U3n/rTWwQgxhLMHzd7bNPMerx/2Ju2/Zq2lNQ8sPn5HxMjk7PSJrUiDBszfIIZjjVCMvtmTmKlAvjEL7uI2Q8o30H1Yd8aM8+tbcEld2o1pFV7njBVDSScp8+fbBdh68TCqZGbfso6SouLcUkIYUxQg7vOJwJ85R5tLPE01NmhIykPPbkU/DNW6+hqkju4Tf6je1UU6z1X5NyE0Aj8vkzz+AF8Qi7ibHvLa3cPnIcIDLIBtIzw6VkoJxTeor84/+dgJ+ddy4WL1okT6BMg3qW5iJ36BDceOqp6CNe4kJpBCyXxskSIeRVcr4ig+JOqiyStKyWtCyTtMx3ZmKqeMp/adUK29auDj1BbDBW8uHBk07ChOefQsWhAtSoaU9A3WVckg9T0dLaUx4+HB9//DHKysrU/Hy7SXFJMYqKD6nzndu2occT/8Ef2reLKyl/fsUVKG3TJiWk6Jjj8OL//V9cSHnLujW4qH1bvH3//Zj39Wx8u/JbrFzxLZatXIkV38q5zWTV6tX4+JNPMHbMmNATxB+m7kWjg0kjZY4wHpKXi67/ewF5n39sSxn22UfI//j92teDv/gEz//jH1gvlTCWmDFlEu44/TS8fuGFeP9HF9teXvrhebj0Zz/DnDlzQk/QfPg91XjlhedxzoknoOPTT+PZ/72IF1/8n5KnXzCOdpNnn30GDz34ILZs2RJ6ivjCqtzxJuX+/frjtltvw1NPdcSTTz4px6dsIx07dkTHpyRNQsRPP/0MnpHG/YMPPoTLfnYp1ixhgzn2WDh/Lm6++WY8/vjjct//4oknnlDypJwzHXaT//7337j7nrtxSBouscbMEXm4WOzVAw89hOdffAnPPf+8reWFF17AX/96P6ZNnRx6gvjD1L1odDBppEyoBIfOCZ5HZ0LiDzNtXIdaEq7eixVUPtCo+vyho0/1uVPM13YSDnoLRwLNQdDvw4alizF10iSsXLkKq9euxZrVq5SslBa4Vfje6lWrsGqVcc7javNcPudn6vPa766s993D1zU+r3ut2nPzWg18l9ddtmyZGoiWCFjzO96kzD5B9hNWV1fbUpi2+sI8iFf/N8Pl4e5pZ4m1jppg3VB5LUfCuMdhArKbEExrIsdGhEtDU5FUUtbQCIvE6U5Kwarc8SZlDQ2NI6Mh/TJ1Lxod1KSsoZEisCq3JmUNDXvBqmum7kWjg5qUNTRSBFbl1qSsoWFfmLoXjQ5qUtbQsDGsCs1zs1/MSsqzZs1SpEyo7wSN6UKmaGhoxAb1dcrUtfowv1f/+01B1KRs7TSP9uYaGhqNwzqYRi0zGdIxrip3SxhS5ufW72loaMQGpg5STL6z6pr5nvXc+l5TETUph0tcpDfX0NBoGqhbVqKtH772clcerX8aGnGDyXUURcYW/jM/5/smzM/Mz5uKqEnZTAANhXmuiVlDIz4wldvUrnB9yuGMhHmuoaHRPJj6RD2zch3XZLeSMWF+15RIEDEpW2/AxJmtd577JXE6bKahEVtQ56hX/oBf6RjRkKesvhsyGKqhLN+36qyGhkbzYOqWqVdK50SsesZzq0SCqDxl3sRMhDUxpjHQ0NBoHpRuiT5ZYSVZKynPnj2rTvja1EOraGhoxAbUJ6suhtMv8/2GPm8MEZEyL13fUGhoaCQeXNrzL7fcokh5zpzZtQO9NDQ0EgOTbMmJZvjafM9KyOZ7TUVEpMyWQVVVpVqIv6KCR5HKSrXMoPVcixYt0YvSo6oqtZxk7fvy2vysSs7XrlmDP//pT4qUp0yZojaOqOL3a39nfF+LFi2xEeqeqX9Kx+TI1+amLdQ/q/ecEFLmjefPm4chQ4ZgyOAhyB2ai7y8PCWDBw9GXm4ehg0bpl7n5h7+jOf1xfwsVhLuHtFIuGs3V8LdJ1oJd/3mSLh7RCrhrtscCXePaCTctaOVcNdvjjR67ZBeWXXJ+tnw4cPRpUsX/Oaaa3D1VVfhlZdfxlD5jHsg8zMKv8fvN3ofLVq01NERq4T7jO9RLynUM/We6NqgQYMwfdo0FBYW1kaTE0LK27dtw5uvv47f3nADrvnVr3D99dfXynXXXVfntRYtWuIjv/3tb3GD6OAPL7gAZ5x2Gn7205+q9/ne73//e+N71333d1q0aImPkA+5g9iKFSvg93Nn6QSR8v79+1WL4Jlnn8VTHTuq7eteeOF5PPfcc+qcR26T9fzzz+NZ+Q5fNyb8Tqwk3PWjlXDXj1bCXb85Eu4e0Ui4a0cr4a4frYS7frQS7vrRSrjrRyu83jNyfOpZEdEj8x5Pc8tKed/Qqxdq36dYf0/9+tdjj+GSiy/GOWefjbvuugv/+9//1Pt19dC4l/W3WrRoqSvUuY7Pv4CnXuB2rN/Vl//974VavaJYv0M94/Hxx5/Al192waZNGxNLyhzhuWfvXqzfsAEbRbiqEEeB1p7zKK/N93lMhMTjXuq5mnnduKQrlNdRSwyeq77EIq9sK3y25uZ5GNkoso7HUL7xHo3loVW3KLNmz8b//fGPuPmmm1T4bAM/27y5zm8oR7quFi1Hu2zYKLooOrJepL6e1dcdvq5vD9R7Ijt370ZlVWUtCSeElIn6N1GvQ+caGhpNgCiM0iEqTkh4UNML1ed8I/SBAnUuqPb0Nd/bIgR826234k9/+hO++ebr2g0prLppItx7GhoaIYh6HFYRQ4f40ngr9LdWtyh1pxya3zl8PPz9w99pOppMyubF1aRpec0jjYj5mRXmd8OJdQ5lLMG0qLljzRTzmWIF85nD3SsSiXW6YpEmSszTZdNybG5+sR6Y58GA1AuuAcIolwhfk269IgHFu5J2knCtAQggEPDLkdOe+MMarF+/Tgj5/+qs6MWRn+boTytinRcaGukGk5OUvRbdoy5SPaltAfMz6papz6KPwaB8QymyIUq35XuE9XqUSBCxp0zwJoybWxNgGh5rIqyvw0ksETOSEYklbEt+Ye4RjRwt6Qp3j2hE1Xth4Ro/RZ2qtHrks0pReh6VfvCeIvyMv6OhCMoPAjQE8inDZYcXDzHmKStStvzeRKx1TUMj/WA4T17RlSoRHv08yidsCht6KzpI3eW5fD8Q9CmdNAjZV2dFS6WDFokEUZEyb2y9Oc/NG1vPEwnz4Zsr8UC4+0QjsUa4e0QjsUS460cjsUa4e0QqchURUeyARxq1XnikYbv/4EEsXbMG0+fOxdTZczB93jysWL8epRUVyijQIFDZFdla0mEl5enTp9dZZpOw6qiGhkbDYGP24KFDWL1pMxatWlUry9auxaadO1FaVSX6R0429MvkONVYFh2uUR4zCZsNZ+Oz+hIJoiJlIpqbWWFNcCwk1gh3j2gklgh3/Wgllgh3/Wgk1gh3j+ZKtDB+S6EnyzCzH9t27EDX3n1wx9334K5778ND//gHbrn9dvzt4X9i9KRJOFhaqrzngFiEgBgEawzHSspcPISkbIL3Mg2EhoZG4ygpK8PYqVPxz8cew30PPID/Pvkk/vXf/+Khhx/Gc506YeK0aSguKVHfPWwHRI+V56zYWhFzjXjRfH34O9bvNx1Re8psJRhhNeOm5mszEVq0aKkrDEHzSOzftw8ff/gBrrj8ctx888346MMPMXjwIHTu3BnXXP0r/OmPf8QkIeZy8ZiVCRBSNkmdsJLyjBkz6pAyYd6HsJ5raGgcBnXjUNEh9OrZC+eec45aJe+zTz/FpyKc+nTzjTeqWQ6TJ06oXcrW0KbDek2Q+9ilq8Z08NPQ+9bvNBURkzJvUEvIoWNDrxuSaBKqoZFOmD5zJv78f/+nFh0YMzIfB3ZtQ9WhQuzZshFvvvE6rr3mGnz6ySc4ePCgfFv0hZ3PbJ2HBphYSdncJcoKs+Fs6mv9xrMWLVoM/SgqKkLP7j1w1mmn442XO2PPto0im7Du26X4XHTw11dfjUce/ieWLl9ukK78hv3IQTXIi9ppCK9nRqf4HatEgqhImTe23txU+Pqvze+FEw2NoxVsUXfv1Qs33XQTXn/9dVSVFIu+eIV4q+XTALauWYXBfXorsi0vLxOGpSEwyDgQ4NSngJofeYuFlOtvSKH0L2R0jqSLWrQcrULdoKdMUr7w/PPR4/PP4Kssk8avR8SLTevW4ZF//hNX/PIKDBw48PDYDRWxCnGeKfK+ghxMvTMlEkTdp6yhoRE5qKBcQ/6NN95QK3FNGDNKFN0jH0ir2y8KL8Yg4K1EVUU5PJ5qaX2ThL1iQDi62giPEfSU65NyfeWPxiBoaBxtMEmZ4etPP/0MVeWV0jY2Bm8d2H8A77zzDi77+c/x1Vdfqo0oTL2qL/y+/DHOLQ1i9ToCaFLW0EgogigsLFB9x3fffTdmzeJeyCRlUVx6u16f8qQpPp9XfaamXoi3XBs6E6kfvtakrKERBUQ/ig4eRLdu3XCOkPInn3yqdoRSuiPEXHjggLz3Ca666ip07dpVkTJ/Y+qWEnUZ+RsiYsIMjZsSCTQpa2gkEqKghw4dwquvvopbbrkF+fn54hELKauPahTx7tu/H7PnzceiZctQIgZC9FuFos1wG4+alDU0YgPqY88ePRUpf/aZeMpCvGZwmrrIqNbPL71USPmrkK4aRKy+E9Kx+rrW0PtNgSZlDY2Ewlh4p5u0um+68Ua8/HJnNdCERMvAtE/Id+zkKbj9nnvxznvvqU1gCHNgimEK6o6+1qSsoRE9rKT8qZByJUlZ9IbrCKxctQoP/+Mf+NXVV2NYXl5oQKWhh6JdxllId62apvQupH+R6qAmZQ2NJGDe3Lm49957cdWVV6r9yfft24fS8jIsXLQIDzzwgGqZf/H5Z4qwCSq+8pbVK03KGhqxAnWs61dfqW1QO3XqhA1bt2KXNIYXLluOV15+RU1bfObpp9VGFJwFYeiUIepvSM+suqbOw7zfFGhS1tBIKEirAZQVHkC/3j1x7W9+o+YpP/P883jjnXdw7z334OqrrsJzzz4jrfSVCAQYLjPXvWbr3DAHmpQ1NGKBGhQfKsLQHt1w8YUX4g9/+ANee/VVvPPW23jyiSdx3XXX4b777sOc2bON2REckCmNY6tumedWXbO+Z32/KdCkrKGRUIhCi3JzBaDdu3ZiUP/+ePTRR3DrrbfizjvuwIMPPoiP3n8H3y5fCl91pTICNWoEthCz/OPi+KT1cFOi6it/JAYhUsOhoZH6YJ2vQXVVBRYvnIe3Xu0sHnFHvPZKZ3R+8Xk8Lw3j9999B/NnzUR18SH5Lr1k0TOljw3MSVbv1HtPJBJoUtbQSChIqcZOFAG/D2UlRdiwciW+njEV06dOweply3CoYJ/Rd8W1dtViITQGNAJBYwS2XGHz5s0RkbJ53pCYBkZD4+iC1H/Rw+ryQyjYvQ27t2zG3h1bsHPDWuzZtRWHCkUXq8pFD7mGADef4EZMnKLIcwO1esRz4606ukWJBJqUbYDi4mKsWLEC3377bcrIiuXLQ6tNaUQGI/RltLoZlhYF91fDV1mK6tJSBHwMkcl3SL4c2GVV7lqVj3yecu01GhETnA+9QTzx1WvXppSUlpWFniC2YM7s3r0bq6XO716xLGVk06oVqhEXS7CBuH/HNgQ9HhW1CTBzOKWX9dUGwuc1B0VyRzW+ZgN3X0GBGpMRHvI+vd9AlTxXhZIaf6VIFQLVci7v+3we+T11jDu1ydEytIt/TTHRkG41BUklZfaZ/a9jR7z89DMpIZ2e6oiXnn0O27ZtCz1BbDBp6ECcdkwH/Psff8O7772H90TeeutNvPfuu+rcTvJuKE2/+fWvMXzYsNATNB9VVVXo0b07XnzqqbB5b0f5n6Q1Lzc3NCKzqTAVlEcaCSp3fbGExtSf7yp4PPuU2di6Va79/q9+lTLy0JVXYmR+fugJYo+nOz6Fy7Oz8IbDgTczHPjA4cR7Ijx/K5ki6Xlf0sFzlRZ5/bbI33Na4qx2bXGgsDD0BLFBmTR8br3pRtz9y1/imRuuxyvXXo3XrpEyuOIKvPybq/DKb65W7yVVJA1MiyFX44lfXI4/ShqZ9vCgjhi6p1bWE69YHdlgDnrkGNoJqo6OUhrWLVP3otHBpJLy1wsX4osbbsCO409ICdl80vfR9dprsWbNmtATxAbf5uXhqbZtMey+e7F74/qQEWbzs6GWXfLx9ltvqX18Y4Xy8nJ0kYbI0lNPC5v3dpQ5p5+JXh9+gIrKSnmCyMnP+I1FlPIawr/1YVXueJJy4aFD6PT3vyPocomFEBORAjLx3HMxYfTo0BPEGJKFk3MHKSLenpmDfc5MlDiycciRhYOSRyV87cxKjrhdKHXkoNTllrS4USSvv85uhW4334hb/vD72il1sQIX1vjXo4/hhet+g+5is5Y43Vgl+bJKjkszMrHG4cbaJMsahwsrMwxZ7HRhorzX6YILUFlaGnqKhkB7S32h8Nx8bR4J83PzdXiYuheNDkqNTh7mLVmKwTfdpJSqJgXE63YjT1rla9etCz1BDCAFtio3D92dTnzTpi0G33YrtmzZLC00KcyAMdrWLrBWsNdffy22pFxRgZ4ffID97dumTH3YcswxGPzRR80g5chgVe5EknK4Z7ebKFIeMyb0BLFGDaaNyMXH4oGWu53wOzLknhkIUDLk/kkWb0Y2PGI/ApKu9e5M5P7u91g3fy5e6tQp5qTs8XpVpGzlogWY/kxHzGrfAZVCyj6n5IUcIXnCvEmaZBjHQOjodTqwxpWJruedr7qHIkd0em3qXjQ6qEk5AokLKQuW5g1BH1GqCpcTyzKz0fXmm7Bryya1wb25XJtdBuKYFezNN9/UpFyHlOMPq3JrUq4r8SVlKFL+kuQj3mBQiJCE7BMS9Ml7NS0ykyoB8VJ94h2ul+NX11yD9WvWqOVZO7/8csxJmV0177//PjZv3oLywgKMe/JxzGjZFh6xXQFnC8kbB4It5Fzyh8dEC+/rF0L2SiMhKPUiKK83O7LR7dzzoiTl6GDqXjQ6qEk5AomPpwwsEVLuKaRc6XapVviqzByMvONW7Nyw/vCghYCxgbZdoD1lTcp2kniSMnOQpPxZhkHK9L7omVZI/lQJGZEEkiUkIY948JvEZgy44QZsWb9GNeBJns8/+3RcSPnD99/FFiFldqseLNiP/If/hm9atkax5AVJuSZEkDwmWhQxSzmxjNh4ore8w5GJflI/PJqUjwxNygZIyv2kxV0dUnKftHhXtm6D0ffejV2bNiglU1NhIizceMBMgyZlTcp2kkR4yl+JjgZbuEOesksRgCJGvk6UCAEzNMtzv6OF8tZXZ7fE6JtuxKali9VoaI5C9kp9ePHFF+NCyhzsuXnLVvjlXhz+VLRjG8Y+8jBmfO94lEid8UkaVaNB8sfHhoyk0dqQiKcEWvDehx0cv6Rlo5vha+0pNwmalA2wT3mAtLyrpUVX7chRCs9+miWtWqPPX27B/rVrQtNjGMrmNBpjAQlV1JHb3JhAk7ImZTtJoknZGi4NyP3jKUYYliTsgFfsgz8jS4XNK4R41rvcGHDdddiweCF83F1MlTnUeafOneNIyluMoVDqfkGU7t+H8eKZz2nfHmWMHkiDwd8iU9LLyILkkbw2nyOeospDyJn5E2AZSVltE9vaXYevmwZNygIpMHrK/Z0uVEvlMe6VqSoWQzDLXZkY8NvrcWDDeuHkABDwwR/0q/7myM1t7KBJWZOynSSRpMzBVQYh02sNn55Yi/KMlSconqjYCa+UzWqneIAXXYC9q1eqri1z/AnBTU/i6ilv3qxe8768J+9XcbAQ4//zmAplkxCZZhJytSJp07bFV4xGEoVhdPa5t8BOya+empSbBk3KBkjKA4SU2U/F+1DxSMpsbZbJPRdmtcSwu+7EzvXrwelySvmCnBsbucGNFTQpa1K2k6Q7KdPrZH82iZkjnddkt8TAX/8a+9auUlE0c9EMs7wTRsqhOkYhQR/YswuDHvkn5rZui0pJp98pdjOjpeRTVtjnirXUJWXjnpqUI4AmZQMNecp+UXiGYark/SVt2mLovfdi09Yt4ilTAdibE7nBjRU0KWtStpOkOynXyH05wtrvdGBddjZyb7oZGxYvUkTI6ZMkR+tA0ESRslm/eOQysIzmcQ/iIR07YmaHY1AmdcjvcEt+kSTDPVdsRZNyM6FJWSDl1RAps2L5M7JFGVvIZxlY0rIVuv/h99geGvwVbaHHApqUNSnbSdI/fC0essuN1Y5M9BEPefXixfB7Awiq1afYQK+LRJFyHdQwPV7VSDhQUIBhTz+Nme2PQVUmPfzwzxVr0aTcTGhSNtCgp+xwwJPRUrUyOQfQL58vd4pS3nAdDqxfZxS4/D7SQo8FNClrUraTpDMpswyqXA6sdGXho5/8BOs3bVKjrNVI6xov/4RSeRjJIGXWNX/AB7U2tHjthQUHMOKRf2BuTiuLbYuvaFJuJjQpC6S8GvSUQ+LPcMArZMyh/hzksSQ7B+P+cgt2r1trKXAeDZJOBDQpa1K2k6QLKavpVtR7uT4XvuBrryMD60XnR173G+xduUJtBBEM0iP1gbtth1u9IBmkzHT42a/NtIn3zmhe6b49GP7Iw5jfpi3KQlOl+FzsIzdHR4fLh2hFk3IzoUnZQGOkrIb5KyUVYxAyApVSub9t3Rqj7rzdGJUthW7sYCJKygEfoevGE5qUNSnbSdKBlKnrnFvL0crVziyjES5lsCozG6Nv/C22LFygPFAWKachyd86qzJbkZTwdT2Yda/gwAFM7/gk5nTogFKxcZzH7HW4hZhdiqTD5UW0okm5mdCkbOBIpFw/HZQqEnN2S3S/6bfYJAoSDNQgIIroF3JmCzXe0KSsSdlOkh6kLGSVka2mEVF8biFk9iFf8Uvs5MIgoQWEmlKmdiFlU0oP7MfIp57EtDbt4XMKebI7TnnOBnHGSjQpNxOalAVSXtGQMsM+Pncmlruy0OeWP2PLpk0I+qQCNDDwI9bQpKxJ2U6SHuFruWZGjpoKGXA5sEb0+4vLf6GWzjRglGdTGt12IGXCrH8Bcen3iMfc77FH8XXL1vBwupSQcjDDmEscK9Gk3ExoUjYQFSmLAjO8xTRx5a+8e+/FjvXrUeNna9qYrxhNhWgqNClrUraTpEufMq/JMSTrclphyG9vxJoVKxShBWtEr8MGqsPDLqRsgt1r9PR37dmN/v/+N2a264ASyU8uwRkuH6IVTcrNhCZlA9GQMvuYq5yZaiEBLki/vHVbDL39NuzcLB6zVAJTojHKTYEm5YZI2cjveOS79ZqalOtKOpAy9b1S8nxdZjZyb7wR6xYsgN8XRFAINtLFguxGyjWcLhX0g4sSFhw8iFEdn8K09segSJ43XF5EK5qUmwlNygIpr2hIWU2XcjpCS9hJ2sRgrMzMQf8br8f+dWvV6j7WFX5iDU3KdUmZuWyVhsCBOdHCWpaalOtKOpAydXqd042+l/4Um1YuR8ArZRqoVtOMvOJlRgK7kbIaJc7BqHweSVtZwQFMfvJxfC3OhDki28wH9q03ZPeOJJqUm4l0ImUz2yM3gdGRMoWhH2MJu2xVscs5MMSdjaG33Yo969epcJFRIYSc5V8sR2XXknKEFa4hpDopM2+twlypnzMk5IZGyzYFVuXWpFxXUomUmafUbZ8jC8GMLDXoqUoa2OuzstH7yiuxb80qpVZcHasm6FFToCJd69524WsRI/2Go8DVxwr37sbAR/6p1souEtvqd3B54WyxaTkqf8Ll3ZFEk3IzkS6kzCw3K531vKmIlpQpxvJ1xu9oIHzym+WtWmPCnbdjz8b18LN/WU3oD8AbYeVoDIdJWf5HUfHqIx1ImcPraDzVAqihPDHzhX8VKfO90OtIYc1jTcp1JZVImTrLfmMum8lldDnSenVOS4y59jdYv3ixIixKNGVnwm6kbAWfzYzkca3s/H89guntjkGp5AWXEeX8ZW77yDEz4fKvMdGk3EykMinXz2yemUI0uSDka80h5XDCrdOWCjH3/ctfsHnrVlECUQTxmoM1sdtbykrKsbhkqpMyCZdkXC2ictmsH6F6YGZTbeOtqfXDAutvNCnXlVQiZS6dG8gQHXcw2tUC61yZGHL99dgyfy78Uo6McClSDt07GtiZlFkn/fKMJjEXFxYg/9lnMYNLcqpR2Rlqy0djbYbwediQaFJuJlLaU2Y+KwtrZDj/mlkfaWHEmpSVssu1lrmz8IUY7a1CzHTl1JJ8zVL1w7D2Kcfiiqk/0MvoHiAxUwyvWP1VwjwyCTlaWOuTJuW6klp9ylnyW/m96OnqDBc+/MlPsHb9enhJxKEyMwdqRgs7k7IJ9azsYgv4UXTwIAY98QTmtGqjbFdQ8tqMAEYimpSbiXQjZRMRFYZ8JbakzN9lGWEgZwsszc7B0Lvvxo4NG1DjF+IQxVfhsQgrSn2YpMyrNO9KBlKflI3qYJKykSdmDzM/Md5rTl5Z65Mm5bqSSqRMva4W/Vyd1RJ9f/0brORURiknY+c3o640F6lAyoRaUyHgU6Oy9+7bj/6PPoo5rduiTGwhu+LC5V9jokm5mUgfUv5upkdSGLEkZY5i9Do48MtoiXscGVgklXzkPXepTSxIxmbYqDnQpFyXlM18YK6Shmtf1RjEbPYlNwfW+qRJua6kEilXupxqNb6RN9+EjUsWgQGVYICN5aOQlOWfn9OlOA9bbNLeffsw7snHMad9B5TpPuXEIx36lBvL9KYWRuzD1/Jbh1st2RfMcKNcjMDiVq0x5Hc3YeemDTEl5Vgh5UnZrAvyLEaph85ocTnYjq6A5dNoYK1PmpTrin1JmTpsTPHhd81pT8OvuRo7Fi2AT8izRi2N64dPyio2lJw6pMzn5RgMxpfUXGbJg/KC/Zj8+H8wu117lLg4Kpt5yPzOknOGtsPlsyGalJuJlPaULWCWNyaNQr4Qa1KmsFL6M3Ikb415zB4u2+fIRG9pnRdsWK9irGqLtYBHWqqRT5fSpByelA3waHjI35Xoza5VuTUp1xU7kjI/87IrKaOl6ielh7zGlYUPLrkEWzesrY1aGfVFykrdKTZIFVI2nv0wzFHnRdz28dGHjW0fJd+C3ClP7JlP7CSnglrnNdfJc03KzUM6kfJh1Tos5ntHQjxIOZxwsZElLVth1N13Yif3Y2Yr3edHIPBdg34kaFJujJRZ8iRghiM5V5y+gEnIlOhgLSNNynXFbqRM0vA53PJ5qFEsurcquyXyr/0N9q7+tpaQeYwHUoeU68KssyRnbvs49J8PY06bdqgS28juOBI012YwpoJ+N981KTcTKR2+Dj0Dj5T6pBwJEkXKXGCE06UWt26L3LvvwqZNG+EXruA8ZqPvs+nQpByGlNWTGLWBRHyYjE3RpBwvsZ+nHBrb4RQ9drbAGiHk4X/4A7YuWmAMuOSUoNDUp3gglUmZUGMwJG8K9+3FiI4dMavDMagQ+8hlhf1cdEWTcnyQFn3K8hxK5Nwk5oggP0gUKVMYRuN9lua0wuc334y14jGrjcnV9J2mp16TckOkzHwkAbOPzErKfN+U6GBVbk3KdcWO4esgvWTxkNc73ehx9a+wbtkyBKScggGpG3LNaMqmqUhVUj4Mqbtc71vy60BBAfKeeQaz2rWHJzNT8tW6JGfdPNek3EykKimvWbPmcIbLc5gSGa0dRuJIOVMtXMBwWlA85uWuTPT785+we+OG2r4c1UJtQiXSpFyXlI2yZ76ZJGwQsyFWQqZEB2u5aFKuK/YLXxtLZ65yZaHrNddgzdq10viVC5GQ1XoB8UXqk7LUXyFljntR06XkOfo9+ii+yWmton1mvmtSjjFSlpRFwSSnQ08hpxaJGPKjRJGysbwfr+2CVwwGl/lbLB7z2Ntvw551a40KFErWkaBJ+bukbF0s5DAxW9+jRFVLFKzKrUm5rtiNlH0ZDrV0Zv4N12PLyhVq/WoukuEP+tV5vJHqpMwcYgRPkbIIlwnev3sXxjz6ML5p2w4VUhaH817KRfKbtlKTcjORLgO9motEhq95TY4I9YnQsJQLOS9r3QZ5d9yO/etJzEIdqiIJocixIRrRpFwvfC3PYAzaUWcWCcg75vuU6GFVbk3KdSVZpMyoE0cDG/rkFslQg5I2ubIx4sYbsW3hfCFjLilJfRJykTpgTAGKL9LBU1a2h9MJ5czcI768sABjn+6Ib9p3QDE9Zsl/9jFzcw+OmaFoUm4GNCkbSCQpU4zpBEa/DK/vkwpsbvvI/ZiNVn21tFR9qOYyeKF0WqFJ+bukbORTXULmMXJaDA+rcmtSritJIWVO03FKI1ekwuVWkSefHLmW9YDLLsXO5UvhV+HqWNWApiMdSLk+mIuU0oICTOA85tCSnMx/ZS+lTDzyWpNyM5CqpLxixQp4PNW1QoPIRQDUiEoVcjFadU0qGHlbkbIofKJIub7wHlXS6lwlxDzgttuwZeMGMSY1CMgz1QS8rGGhxB6GJuWGSJl/Q4Qs9cDEd3MwcljrkCblupIcUhZCcGQKEbiUx+x1ObA2uyV6XnGF2n7RRDRl0FykJSlLPpq2tWDvHvR/5J+Y07I1qqWecsEkf0aWmi6lSbkZSFVSXrZsGSrFEFcIkfBYXV2tKqvP51XKYO6AotaYDkljBUNS7isKz1aeca/EkjIl6HDAI8+3rHU75N53H7Zs2iiELBUq6JW0HyYXE5qUv0vKh8G5yYeVkX8jU8vwsNYhTcp1JVmesl/NRXYo/VmXk4OhN92MNWIfDue9MXgy0UhXUlYi/9jfvGvPHvT7978xs/0xxlrZUgY+tbuUJuWokaqkvHr1auUZU1j565NvpAWR6PB1fTEWOshWCxxUS2uf+zH3v/Uv2LF5ozIoZuvUOjJbk3JdUq6Lw3XAlFjAeh1NynUlWaTM/mQu/bjBnYUhv/s9Vi9cKHYhgGDAI3nP7ovkIB1JuRbiJAQDHJktHnNhIfKfew4zOhyDEhcdG0eIlGlLNSlHDN2nLJDySj4pG0vYcbUchuH8ko7Vrmx0/82v1SYWDMvXr2CalCMjZTPfIqfIwzCvQWhSrivJCl9XuF1Y68rExz/7KbasXoWgj90+1BdOe/puhClRSGdSllqtbBLne3PU3MGCAxj1n8cwM6e1Kg/aTE3KUUKTsgGScj9ReJOUg0LKahRhwkiZi4pwBSKKEY7jAIpvs1oi/47b1JKcHD1qesyEJuXGSNkA86pO9ETeo5mOVElNWH+nSbmuJIKUu4iO+jMMUqaOcAe2NTmtMOxXV6k+ZK5AxbXkOYWnihG00G+TgXQmZeYrN+9QXWtB5jeX5NyLkQ//DbND2z6qrgVxNAJSXjucbk3KTYUmZYGUF0m5lyg8l5EjEXtDBM2KZXjMNALxFXN9Xm8GGwRicOS8TIzyEqnko+65WzxmLqAfhFcqGINympSbQMoUq3LKa0XKIYkUVuXWpFxXEkHKnzkcqHS6UEM9EY9spRDyqP/7E7YvXay6dowGGL3kYG05JwtpHb4WGHnLv0a+02Eo2LMbeY//B1+376DKyePIUrJTiFmTchOhSVkgBbY6Nw/9pBJVMTwmBOnloCt5HWxBEXJuwX6SBAgbAZZzLmdX4RBibtUaQ39/M/atXS2VX5Ls16RMORIpK9A6M8+onKGXhimJHFbl1qRcV+JNynOHDUZ30U/u9OQTO7DamYkRv7kG25csMrZfjDKv44V0J2UrSMhmFI+h7Ikdn8D8du0VMXPt8S3i4HQ973xNyk2BJmUDRvjajcoM9oEYE+C54hYHLJCU4y1qRZyQBEINAVPoNTOUvVyMUPff3Yw9W7eoNL/55pualBsg5foKWSvymSbl+EgiPOVPqQtCzKvF83rv4oulkbpKRY+sAyHtgkSRsh2emJ6y8pYDAbWobVFhAYY89gi+zmmlNgPZIra0W62nnJgUm7oXjQ5qUo5A4uUprxJPuYd4pCVOt/KUjVVqhJDlyNfsw1JpMM8TKZKOgLQ2FTFnt8TY227FgXVr0fntdzBz9pzQQzQfqU7KVsWrr5D8R2PAv6lGyuGe246SCFL+Qgh5VWYbDL72WuzetAF+yVruRc4cZj7bgZTNMicpv9SpU9xIecvmLbXPbSewa60mWIN9+/Zh6FNPYlab9lgrtrWHDl83DVZSTgWJl6c8J3cQujpd2OXORpkKY7tU2LgqdJ5MqRAPvtiZpdJVKvJNqzbIv+cePPHgg5gweUroCZqP+qScCtJY+LquQsrRMGHqs8PHyGBV7oSQsls8ZWmUpYJMPC/+pNyxVSuM/f3vsWXxQlWEnPGUvElPjYNeY6dOneNCyu+99x62bdsWeseGCNX7osIDGPnsM+j/vePxmSblpmHOggV4+fc34tvTTksJWXzmmfjohhvULlGxxMhhebixZQ7eaN0Kb7VuibdtJG+pNLXCJ0LGfP1quzZ4qEMHHNOmDXr27Bl6guajvLwcH3TuhOlnn4WVktdrTzk1bBnYScaffz66S0OiMVI2fGOablP42pTIYFXueJEyv33w4EH86cYb8d6vf42Pr74aH/3qanVuZ3noil8iPz/feIg44KNXXsEZUu/fef55DBk6FLm5ubaWoZLG2267Peak7PF48NJLL2HChPFYtXKlkhUrlmP5cpuIpGfZsiVYtnQJVq78FrNnzcSLv78ZD59/Dio1KR8Z68Tj7NTpJbzx8Sd4++OP8Y4Iz+0qr3/0Md56/33s3Lkz9ASxwXoxsIN79cKab2bj2/nf4NsFc7Fs0QLj3EayYsE8LFmyBKuk0vf5+AMsnTMz9ATNB1dF69+vD15643W8KXn9nuR1uDKwk7z67ntCBCOV9/BdHFZI9jmyz+u75BwZrModT0+Zad26dSs2bdqEzXJMFSmNo9Ed8O6beOzRR/FFt+7o0bu3NEh7hKSnbeW1116LeZ6QlLt06YJXX3kVb7zxhi2F411ef/11vP3223hZ5NlnnsHLnTsrGxNlkCpimLoXjQ4mlZTDIUF5phEpWDC1hWOexL+0Uqk+1E0rX5kesUHEarpMLSHbl5Trg1cw5ahHbUboHLE3QmVjFlGCi8vUvWh00HakrKGRqqirenxlEDJH6AZr/CKpScp2QPKfg/dPj7w8upCcMjN1Lxod1KSsoREj1FU9vjJD1YeJ+TAhR24srMqtSVlDoylITr0xdS8aHdSkrKERF5jkW5+AeR6dobAqtyZlDQ37wtS9aHRQk7KGLRBN5bUvrMoYvWdcH9b8OdpIWUMjlWDqXjQ6qElZI6mwVlw7rYjUHFifySrNhfUampQ1NOwLU/ei0UFNyhpJQ/2KG2nltSe++0wUY0pU88DrmNCkrKFhX5i6F40OalJOU0RbIRIFa/rsnM7IYdmq0SKxiALwOiY0KWto2Bem7kWjg5qU0xSsCGrRiggrRKJgrayRVlo7gk8gTyR/jf5j8/msz9lcWK+jSTk50Pmp0RSYuheNDmpSTn2qkKAAAE7MSURBVFOQjP2BgCJmOyLaCmtH8AlCVCx/OQWq7jPxVSye0ppXmpQTD2te6rzVaAxm/YimnmhSTlNwQfqqqiq1W4wdjYcd0xQtSMjhxASf9LtUHTmseaZJOXkw81XnrUZDsNaRSOuJJuU0BUmZmzxwvVd6zU2tGJFWIA0DzDWTjJUi8s0QeB6LXLWWjSblxMLMRzNPraKhUR/NqSOalNMUNNIlJSWorKw0NmEPvX8kaCMTPZhz8cw9a9loUk4ezHw1G7s6jzXqw6wX0dQPTcppChrpg0UHlbesBnyF3tdIXViVW5NycmDmp2rohvJX57FGfVjrRqT1Q5NymoJGuvBgofKWAwGuuayR6rAqtybl5EPnrUZDMHUvGh3UpJymoJE+UFCgSDkWC1doJB9W5dakrKFhX5i6F40OalJOU9BIHzp0SG1yfpiUtYFOZViV+2gk5XR6Fo30hql70eigJuU0BUdfFxcXqz7lw6SsxgYbpxopB6tya1LW0LAvTN2LRgc1KacpODK0oqJCzVXWpJwesCq3Dl9raNgXpu5Fo4OalNMUJGXOUaax5jmhzXNqw6rcmpQ1NOwLU/ei0UFNymkKVgS/32fbFb00Ioe1HDUpa2jYF6buRaODmpTTFKwIJGRzPqVG6sNajpqUNTTsC1P3otFBTcppDPYl23VDCo3IYVVuTcoaGvaFqXvR6KAm5TQGK4PZn6yR+rAqtyZlDQ37wtS9aHRQk3KaQxvl9IG1LDUpa2jYF6buRaODmpRtAm06NY4Eq3LHm5R3bt6InZs2wOfxoEKuHeBuYyJ+ee31Jlc8nurac84wqK6qQqCyAps3bVTTAOMBrow3dcpkzJo5HTO+nqOOdpepkydj69atoSeIHXbv3YulK1Zg45Yt2LBpEzZs2GBrWb5sGWZNHIuSvbtDTxB/mLoXjQ4mjZQZVh2el4c7L7sUX154EbpcdBF6yrHPhRfK+Y/Ue8mSr0SYjq8kHZ9dfIl6r7e8fuuiC/HwDddi3erVoaeIDQL+AAb36IbOjz6M3HffxNB338HI117GqNdfxjB5PeKt120hQ955Wx2HvfsGpr7/Lp5/8iks+3Zl6CmaBxrW9154Djdd8yu88cbreOeDD/DWW2/hjTffxLvvvou33n7bdtK5c2c88fjj2LVrV+gp4gurcseblN9/9VWcfeyx+M+lP8GbF0vdD8kblvNki5kupul1kcs7tMfsefNCTxA7MAfXTJmES47pgKfv/yv69OmDAf0HoHfvXujfvx/69aP0tY30799fyR133IE+vfsYDxFD9O3bB/fec6+hl6KjdpPXxH68/aaInL8p8sBfbsGpUpcXz54ZeoL4w9S9aHQwqZ7yzBHD8cb3T8JyZyaWu7KwPiMLa0WWu91Y53RhvdOZFNkostmRiU0ZLqx1OJTMdbrxzmmn4v4//A4rli8PPUFsQFL+/JOP8ccfiaE5pj0mZWdjktOBiZIHo9q2weSMzKTKFHn2KXKcKPkyyeHCyOwsjMlug/+cdhrmivcQC3jKy/H53x7CEyf/APkffYDdu3ejoLAQhYUFOHjwoC1l/fr1+OC991VaEwGrcsePlI3v9+7VG/fI9bte8iMsyMzCzgwntos+bJa6sDPDjV0tki1Geni+xeXCt5Ku51xurIiT4d08bRqeyM7B4GuuwbIZ00N5G5DsCjKja/PaLkJ89eWXGDt2rDqPJfJy8zB69Gi1aqDX61V1z05SKeKv9qq0bZo/D32vvxZPXnwRivfvDz1B/BGuPJqKpJLygonj8PlJJ6FMSNgnJBRs4UBAlM0nJFiTkSHSImniy8iBV0jI72iBIiHHISeegPFdu6B/n95Yu3Zt6AligRo1SnrM2DEY0uMrDL3vLszMykaVy4lqEY8YHOZLMqUmwzj6xAgG5LxayqrQlY2vTj4Fa2NIykPFC5mR0wb5J5+MGb16qNAk/H7D6IW+ZwdQyVhm+0XJv+zyJfbu3Rv6JL6wKne8PeVRo0bhyx49sHr0MORfcJ6UdyYCzhYIOEQvWyRXgmIbgqKjfkkLz3k8IIT8gdTNTTNnhJ4gttg6aQo+dTixWoh50GU/x8IFCxBg/gbsN+XQTA/r5pgxY9R5LDEsLw8TJ0xQ54x4mvXMDiJ/4JV0BeR02+JF6HfVlfg6qyU+/KHUYWlIJwrfSVcESCopzxNS/uqkExEUUq5pIWQoopRNlKumRVZSxZvRUgjRiUPiGQ455RRMHz5EtbyGDR+OtevWhZ4gNuC0JbZoJ06dioqiQgy481bME++kyiX5IMI8CShjZORPoiUgDRMevc4MIWU5l9clmZnoJV7t+ilTQk/RPJCUc++7T0VNSiXfR0qezx46GH4hG7UftI2mdpmKRlLu8kUX7N2TXqTM35CUu33VVc11nzs8F91PPQUHnDkISoMsoBprzqQJdYHikbT42XiX81JHFj4XXY0nKX8szkK5NJJ3iXxy5hlYumA+fOIp+6VuMs/ssiaAmYYvxVNmOcYaw/KGYfz48aFX9oA5/ZPiFw9+25JF+Ornl2KrNNb2S7l9eO7ZOFRwIPTt+INlYJVIYAtSJgmytUujT++wQio9FZ9ec7KEDQMSz+QzzsCM7l+hWoyT1+PB0CGDsGbNmtATxAasUOPEU548aSKC0vI+uG8fRj74Vyxq2xZl4qUbRjCZhpBpcKmyYeSAjSdPRiv0E085lqQ8RDzlJeKRBV3i+TidGH3WWVicOxCVVdV1FM4OoKKlKykTI0aMUKQMyW6/1Ml5eUMw6pxzsN2dI7rhkjrgTJoEFSk7pdHqUqTM1xVCyp+JJxsvUt4wfSo+EuNe5nbBJ7Zql9ONkT+5BKsnTYDH66mtn3ZqPB5NpMx6bhLz1nlfY/S1v8Y6VxZ8Ykf2ZjgVKZdrUj4ySMrdFCm7lQdGIvQ73PBI5VeeoVK+xIryDCUdB0TpJn//JMz94lNUlpaiRsjA561GbpxIeeyYMRgvpOwN1MArhbh7/VqMuf9efJPVGlWSFob0aYCUqHPJI+aX+V4chQ0CGsFKIWUvy0byqNyVjZ4xJuXBD9yP5XJdI0TuxAEh6PGnno7pPXugvKKiVukireTxANOQzqRsesoMA/rkGn6vF8vEY86/+GLsyMxCpTQWfap+8JglDWqjLobTqbiI3KtCCJINed63RDwikmbcSHnSJEX6lVInq9kYEK98Z2Y28n95ORZNm6bCuOxjjTa/44F0JmXmspHTRh2nbQgGA1izeAHyb7oRq3NyxFZJPXE5sFPq6vtCyiWalI8MknKPk06SVLDftIUy/vTKEqncJDevtLL9GTlCfC2UN1ggJNj/Bz/AlJ7dUFFVqfoomLEMX+fl5cU8fK1ImeFrUXx/jVQuuRcr2N7t29D1/nswR9JTQgPEPrQWmZJOGkFJv2pAJEBCecX7M7/YWGKfd8+TT44pKQ+/7z586zTKgt0HPjF8pUIAuUL+JObKyipFylIY8gup7OpvcsD6kNae8vDhipRVHss1mO+MFC0aMQzDzz4L+7MylZ76MzKlrFqFyJE6bERS4ikBitybjQLqA8eAVIjhjRcpMw8Yvu5CUnZky/PmSBqoj3I/qZ99LrkEG+bMQg2JQRGzURa+0G+ThXQmZT9F8rsmUC357lX5zZB175/9BGuzWopjR05xSt3IwL4MNz7Q4eumoZaUM7KVshkemdHyra+I8RAakIAoFlv6ipRFsfdLi3v08Sdgcq/ujNyFWmBGSIqkPHTo0Ph4ykLKk4SUzXupUJgU5qHiQxh6zx1YmJ1TG0HwSOvP9EzCPVeshQbQJOZgC/b/S55JXsWrT5n35H2CYgT5jAXimQw/7TQVylZ9zH4xegEvvNKA8YR+n2hQ0Y4GT5ngNVgfVZ30+7E0bxB6n/R9KZdMNd7AF+p28oX0ON6i9FaI2Kj/WYqU6bmzzzfefcoVytgbY16UXkgjdYfYjF5nno51M6fDx4GJPq4575fGvOR/6PfJQFp7yqL7gaCx4U7A68OaRQvQ77KfYb0js7b7U5Gy1JX9Ykt0n3ITkWxSVl6y3JsjSjmylKOsx59xBr7p8hm8lZWKIK0hqUSRMu+nvGWKvC7asQ0jH3wAS9q1V4NbaAg9UvkC9BLCPFeshcbHGPCVGFKG6rd2yn2dxgAzue9OMXz5Z52Jr4cMVn3MwQDzhkSUnD5mltHRQsrW0GwwKB6gkM7c/OEYdtFF2CPE7BfdUY1EVR/jr7uJJmXmYC0py32MdBikzOgAw+hbpd4O/eUvsWTaNHg8fjU2pCbIJmN0+R8LpDcpB5T++8WHWbloEfJ+dzM2iuPCesgIhjkehmWlSTkCJJuUa1pw0IaQsrT0Scgjf/ADTOv2FUpLy2oNEb0DM1MTScqm8DW9k+0bNmLQ3x7E11nZxqhTttjVgJtwzxVbqSVlHpNAyqwPfOZ9TieGn3wyprGPmaHsgBg/UcxkgGVztJCyFfRQaqQ++n1BzB09UvUx73VnKm+Z3Rrh6k+sxTakLM/LdPiknpIItgop5F5xBeazPIQsguItR5v/sUA6kjLtsnnkyPfl336LQTfcgHU5OWITGc0zBumyLmpSjgLJJ2VRbjH2heKFcR7ypL49UVntFaNDQ/9dDyyRpGxCFaq/GjXinezdvRuf3HcXvnG6VQibhBXumWIttaQs5ZMcUpb7OcQIitJxuhTnMU/v2weVHmPUK81mNJW/OeC9jkZS5mIZ7MdjvleJrswaORwDzjgDh8RjppcSrv7EWpIZvuZ9eD/TU2b3l1/slxrjIbIzMxPdL7oQixctUMRhlkF9vU4E0pGUrU4S+5A//dlPVb++z2l0o3gyWsKbkaXqiCblKJBsUmbIeo/bjTGnnYopvbrDI3mnwqIBr+SqPUhZXsh7JB9pdctnBQcPos+Df8WClm2k1Z4YI5hsUvY53KrfXy1cIY2RAvGY804/A0vyBiHgMwZ5mC3oRIH3TFdS5m8a9pRr4Je6yP68moAfVdJY/DpvCHL/3/8Tj9kt5WXVXXorh+tRrCSZnnI4UmYXGAmAnhplq9TXnkLMG6ZNUWMgoi2H5iLdSNnMRxLz1oULMPSKX2KLOFQ+qXdehxPVUjacAsXGofaUo0QiSdloOZHEDENB4cIgE085BfM+/1QtZK/6gQLspwiENfJJ8ZRFOEUqKOliqJbpKti+DZMevB/LWrcO9TFLfok3yRGhNAqx9qCjJeX6FdMq9XGk8LWaBqZGvLrltQu7HZkYeeZZmDeoL6qqqkJXSRz4DEdl+FqEI1+lQkojkfeU+ur3Y9mIXIy+6CLsooFkFEcN0stWI+hZf8LVq2jFVqRMvZAjR4KrWRzyvJy+uMmdhTGXX4Y1k7n2gDSo1XWsf+OPVCdl5hHrmlGPja4Avrdl4XyMuPG3WJfJCIXUNbF9qq6JmA0jErIm5SiQKFKm4rDPR01lyODAFKcaZT2iXXvM/KoLqspKQ5kXlNwUQpa0UeojKZ6ywHhlKWT5zr7Nm5DPecxOt3jMQlRiBBm68QuR8XnD5UO0Ei0pR4IjkbI6CikHWtAr4WAOLjDiwqgfnIKZPbvBUyWNKpU39Jz9am5tZKoQGVgOR2X4Ogx4D7/fh5Wjh2PMhRdgl0v0TIylQcgc/0ADGbuoTqJJmQhHyrw/06Ea+XJkfyZ1g6+98tn2zCyM+vml2DBjmqqLRh+zF9VC0okYCZEWpCx1i1FC5h11evWSBRjxq6uwPpskTPI16wXPDd4gh2hSjhKJIGUWFAmES2Zy2oYxqMuN4W3bYU6f7lLYhlfclIxLFilboQpZ/jHNFVLJ+txxC2a7M1UfM8Pxai1gIWfO9w6XH9GILUg5TLogUux2YfTJp2D2gP6oJjGJwVNTJeQYT7AcjsbwdX2YusOQYkA85gX5w9Dr9NNRkCn1xGV4LWws1sRwpkCiSZk5eCRSDpdONhy3i252OfccLJo9XY0U5uYzKvQvdifeSP3wNSOXxvgF5t2yFSvwyU8uwTqxEdWhMTW0AfXzXZNyM5AYT5mhJS4M4gSkIItcLow/80xM7dGNOafS0dSMswsp8zumMSw8WIi+f3sA89q2VQ0PNjo459qskLEQu5IyhUse7pMyzZcynT1oEKqkjNgNEQwY01EiU4emg3mvPeXD96CwTlaKxzw5bwj6nHcudrs5FoD1UYhT1ZvwZRipJJqUiWhIWdVd+Q2n8/X9yU+wYPp0VFf7EPR4VEQn3khlUjZqrdSroAd+bxDfLlqEftdeiw2cG895yJKv4fKcokm5GUgUKasCEuNdIgo17syzMKVbV5SVldchwKZknB1IuRbyHYZ0uILQ9s2bMOQff8O8Nm3USls0BLGcnmJnUmadUevbiqKOOOMMTO/XB+UVlcoTCbI7Ik5gGWlSrgt2G7D/lIO/ZowypkvtcGUZ4x5iWB8TTcrMwahImXXT4YJfnn97ZiaGXXklFs2YriIKqi8+VD7RltGRkKqkrKIudDwokjdrFs7HMKnna7PZLcI9EsTGtSBnhK9TmpSbgcSEr7mwQQYOOt3IPeEEtXRmSXkF1GIIgWpJRdMzzFakLOByfhwAFvAHsXvrVuT+9R7MdGepJTlJpOHyIxqxMymrJTk5XYrdEu5MjDnlVEzr0Q2VlZVKsZmXkeRpU8HraVKuCy7o4BMRboanyotFQszDL/ghtnNjAGkUhyu/aCRVSJkDL6ukPqslSEW2C6kMvvwyrJ8zU5WLWS+jLaMjIVVJWZGxEmO3pwG/vBxrslqqfGQXHQd6eh3ZYhs0KccciSBlEgqnagxv3wET+vc2RjKLAQtwlLW0WCOB3UiZATA+A0e/cl9X7hfa786/YJ4QMwe2hcuPaMTW4WtJB8cKUGH5nTI5H/aDk7FgaH+1HKdJzLEGr6lJuS44eMlcj5iDc9h/umT4UPQ56fsoYthRjXkwyo263lCZHkkSTcpEVKQsn7FeqiVIpVHCZ+buUl1P+QE2CDFzxzPTK4wHUpGUWV9p05SHvGQhuv/4IqwSm8BtbNkNwt3pOKCOeRsuzymalJuBWJMylYMjdI0CMaYpqGlPZ52Nr7t1UaFehjXZT8HVoNRGE0ZSmgS7kXLtgvcc1UmpCaJ0726MeoDbPrZTHrORl9w8gCPP5byRytyQ2JmUmTbOUVTPJ2mjR8K556POOgvfDB6slks9TMxylL+RlHlD4PU0KdfF4bwlyXDwVw28kq5Zo0Zg2LnnYFuW0VgMZriNmRAclR1FfUw0KfOZoiFlCrc6VUv5cp59hvxeCJrEPPjSn2HlpPFq9y3OpuBiRdTfWA7/ShVSpmvEUda0YUaXHLdfnIvh11+nFgapdpKQaQMYATSmooXLa1M0KTcDsSRlpagkCyk0zmXl3N29LjcmfP//YU7XLigvLVGERzHNR2RZZT9StoItS3NZ0D0b12HMA/fim5atlBHglBS/GEK2MLnqTbj8a0zsTMoUhrGC8l2mi0aSXsl+pxOjTj8dX/fohqqqcskfMXcclS35E4vpKCwjTcqNg3WR9ZIe4bLheRj5ox9jp5tkJnVJ6iGn73kzIh+VnUqkbAjTaegdv0vZIg2UsZdfhhWTJqjoHbeGZXSB9TNWSBVSrpFGnJ9TUdV64cDaFcsx8obrsTKbq3NFHvHTpNwMxJKU/fSSREjGnIbBTfIHn3gCvhEP2VNprGUdrYEyYXdSrg2HyXH/9m3oLsQ8y50JrxAzN7Ggd8Il6MLlX2Nid1IOJ6wD+1xZyOe2j717oqra2MQiwEgJCbqZYBlpUm4crIesz6yT1J0FY0Zh6AXnq1B20MUIBzdVMXQ/Ekk0KRPNI+XvCr2/zdJA6XfJxVi0aKHat9qI5NXGv5qNlCFlbnWpGiTAqpXfotsVV2BtVo4atBpNJEWTcjMQS1Jm6JLLMbLfqtjtxsiTT8akvr3U1n7KiwwZh2iNFGFnUibM33KABENhRRUV+JILjLRsiSoxKCTSaKampCIpM81siBS6XBh+6qmYM3SIsa2en0rCgFnzDB/zOV1Jmb+JBSkTvLtKh9RJeoEzR+ejm5RHgTQWubtUNEY30aTMZ4g1Kat6LcTM6VKfn3M2FsyejYCP3mLz66YJu5OyWTdpl+lQ0EPufuUV2Cp5Yow/oL2Khgs0KUeNmIavpZIHHC4xwk5MPO88TOUqT9XeWoKKBexOyoch11ALFNRg984dGPzw3zG/XTtUcSpBGoavwwuX5aThF49ZnpvbPs7LHaqW5KQRYD43J3rC32lPuamQdLA+BoBqnx+zxo7C4Isuwg7xFLkIRPjya1gSTcpErElZbWKhpku1wC5pOA75xS+wYuoU+L0chGpEGJQtCN0/GtiZlPlcfD5DFwPYOH8uhv72emzIEi7gojOit+yKJCeEy7/GRJNyMxBLUuYAkn3S+h5xysmY0aMrysvKpcBZ8DRWsRk+kTqkLN6yeIMm+WzfshnDH7wf8zKzUSkGIFz+NSap6Sk7QsuOiuEUBd8rxDz8lFMws0d3eMrKVN6Y+RMNWEaalJsGpoDb7NH4CjvDI3m+KH84xl10IfZlSnmHKb/GJNGkzPTHmpTVOtlSvzkQzCfCbR+5Vvb6qZNVmZn1M9ryI+xMymwQK1KW446lizDy2t9gNfuQRVe5djrXWvCJp8x1rcPlX2OiSbkZiBUpUyk4yjqvbTt83Us8ZE+1GjjBqRkeUanIJj41jHiQMgsstqQsCi2i1rMKcEQ2pwX5Ubx7FwbedZtaK5veCYnWyD+3yvf6eWqVVCRljr439lXlIDcavwwUuN1q28eZvXvBU+2pnXpRiwiynWWkw9dNA1OggrKqcczpe374PR4sHZ6LIWeeqZbk5JQX1eUgtoBeJMkuXLlS0oGU+awkHmOHKWOZ3I2ZWRh4/nmYN3euIit6zAYiL0PCbqTMZzLqI/vOpZEmDTTOQ+7ys59igzw7B6XWiK5yBUZjcw+hpzB5dyTRpNwMREvKxkbWxuYL3CWEHvK4U0/F1z27KgJSUwyUAQioKQaxCV6nkqdsVWN6zUbFOFR8CH0euA9zW7VW83mZz1QAjxAhd7YhAYbNb/leqpEyaCz5W2msBaV+QTxlriy1V66ff/rpWDKwv5qOoqoK64oYiEh685if2lOOAJZkME2s50zzN7lDMPT738ce8ZhZv4yNVVgnrQ3HupJoUiZiTcoUozHsFitMAjHmNLOPuccPf4j10yYj4OHiQGzEVKv++EidCzuRMou/muMKAuImyfNwfMfWhfMx5Je/wGZX7NZFp2hSbgYiJWVWXJ+a2sMtCiktUMBpT2ecgXlffIKqyoqYhH0aQiqRshW8ngoXiRzctgXjH7wfi9u0AXfLouGjMfCIB92Qx5yKpBxOeA1eb4+kPf+sszCvbx9UVFUpz42hVS9DrKH0HAnMU03K0cGsi6qu+/ziMQ9F/oUXYrc0rjnAh9P2uBIW9byhckx1T7khYSh7ozsLoy77Ob5VfcziVfrFpqmol+k5Nw328pRZ3kbUjgGAVQsXYMQN16lR1hVuri0RPj+iEU3KzUDkpMx+wlbKOw6K4haJguRJK3tG969QUVoihX14SlA8kKqkbHrKKm+khbpv80YMeugBzJcWKj0ShnbpMZuVuL6kCymbwmfe43Jh2A9+oJbkLC+vUIEVYxOLptEy81OTcnQw62MwaBCzT/Rq/sgRGHbJJdhvEjPLXupZuPJLZ1Km/auS+rklKxt5V/wSC2bNgo/RHM4cqIlshr3dSJmEzO0XudtT/+uuw/qWYsvVGgrh7U60okm5GYgufJ2lWtKHxMsbIEZ1Yv8+8EqFZcg62kxoKlKVlOtA2KdGWt/79+3Hh/feqbZ95JzJGjZ0wuZ3+pEy+5q5wEilGL4RPzgZ0/r0RrXHK0bDpwijKWAZaVJuPtT0NK8PnmofZo8ZhX6nnYZD0lhkf2u4sqMkmpSJRJEyhavT0WPe5nKjy3nnYeGs6cbywDWR2QY7kDLtmQkOvF21ZIHafnGz2B1GOo2uyJyw+RCtaFJuBqIhZY6yLszMwpgzzzCmPcnz1vg5cMDYqi+eSAtSDgjxhKZLFRQWoj9D2a1bo4Lha2VsvivpRcq8FjdIkOuLR1bA6VJSl77OHQpvdTW1qUmKxM81KccAQc7NNfbMVbtLicc85PTTscuVrRpO4cow0aTMHEwcKXMJ0paKsBgN3Opwo8+Pf4zlkyfAHyrjpparHUjZTKfazW7BPAz9za+xWew3d3ajc+VRo9AN+x8r0aTcDEQcvhYFUH3Ip56KWV27oLSiXA2EMAZ3RToMInKkAynT+PkCHOAkIl7zns2bjD7mVm2UktTJb1W5Q5Vc8j5tPGWOSZBrq+ko8sx7xfDln3EmvunVA56qCpX/R/KY+R1Nys0H1zxmdxPnMat+fXGnVo7MVdOldok3dXgAohCg1D3WSdbHdCVl2kAuiat2QuLR4VIrf4257DKsnzRB6a+BI5drMkiZqTJSVpeQNixdjHHXX4e1OTnwuah/LlQ7s1RXJPUwXF5EK5qUm4HGSNlQOrccs5RSstV8UBSC2y/O/eoLVKm5poaHbPZVRPbokSMdSJkqrfYZVvOYA8ogHtyyCQMf/CsWS/6WizC8y3zndA2SVrqFr3kt1ic+H3ee4YhfrpM+5uRTMLMn18qusiiTURb1S4SfaVJuPlgfVRqZ1lAuB/xeLBWPedQFF2BvJolZbAKnDWW0MmyD1I9EkjKRyPA19Y1LkPpbcJyHkLPoINfKzvv5pVg/S55PsskIZdMZMWaYhCvlZJAyXSO1U5jYZWPhpho17WnQ1VdiozyDJzTv2LD1bHw03E0RrWhSbgYaImVjNLADHgeNZku1+AM95Lx27TBhQB9VCesjsseODmkRvm4AnC7V946/YC4Hf7nd8LgYXnJJeXDbOSkbMT7pQsoUw+NyiQZQeY170OCO/MHJmD+kP/xq20cxKgEPPHLOnbetYBmRlL/44gvs2bMn9G58Ya0X8SRl/iZRpBwOKsU1ASzP57aPJxl9zE4pIxEaWtY99jknipSZnkSSckOyW+7dVXRuw5xZas4vByZyHEQV59sbSa2DpISvJV1qQClFDPXKpYvQ7Uc/xHoHl0GuS8DxyjdNys1AQ6TskcrHyeNc2YX9foWilBO4FV+3L+UBjeqnHladJQ7pSMrWilO6bw9GPHg/5rdthyqXGBwaQhVGayXkSBJLH1KuL1ykgPfYI40/TpdiH3NVFVv7HLEuhBeo2z3C/NKecuxhjsyWP2ou65xhQzHggvOxJ1NIUBrn7Is0tn1MHCkTySZl3oOOyk53JgZc+jMsmDoV1Woes9gLP8dCfJeWE0/KUnYcryK64vMHsXLBPAy67lqscxthaupyuGeLtWhSbgYaDF9zEE6GWw104CjrcWecgelCyOViuFVfn9LZ6IxNc5CupKyUSY70DLdv3oShf38Ic1u1gk/tx8zRkZlp5yk3JGp3KbcbI04/HdP79EZZZaUYPTE0wbq7bzO/NCnHD5Jy8QYD8Agxzx45HMMuvljNY2Yo2+fgvrrm2JOjx1MOyv3ZH7stKxvDrrwSC6dNE3sh6WP95Jy+ekgkKdMuqwaVNBLEjGDNiuUYfONNWJNjLJ0ZUJtLxD5UHU40KTcDDZEyw6UkgCJRvqEnnoApvboLIYtxDHzX8CQS6Ry+llRI/lbDL63cndu3odsD92E2NwygZyKG8OggZRp6hkql7rmcatvHab16orKqWsolEOrHCxkfEU3K8YCZXkk7ByOKPlRVezF/zCjkXnAB9jtzjD3CQ/Xi6CFlriWQJd6yPLuQ3I6sLPT/6U+xeNFCgxCDRlkzv5TjIkgUKVvXh+D9Vy2ajx5XXYkN2dmKkGnP1Tr0LWK7cldDokm5GQhHysxI7qNZyDAi5yH36wWvPFPQzwXtOXk+XO9JYpDepMw+Ku45LPkr2cxtHwfefTtmSUu3RDxmVvSjgZSrHNnGvG2XA2WZWRh16mn4ZugQNR2FhoflwyPLKF37lImkknIoyWbfJLx+yf8gvhmeq/qY92VyVDIJMbHh6y8cziSTstRNjvVgI1medZcrE91OPRkbZk5XYyBM22GWeaJImfdjOXH7xW2LF6Hfz36C9Y5M1dVg6K6kXfKNXQ7hny22okm5GSApd1ekLIoVykwOLOI6uBPPOB2zvvwClV4xNqxw4iWz0KMzMbFBOpMy78gAbZBTy0IRiQO7dmL0g/djbvv2QlYkSRohTktxiWHIRJ+TT0678LUaYCgGRM1jlvvuk/NRZ52NRUMHiMdcpcpHe8rxB1OttvvnYDvxmLk4UMDjweJhg5F74YXYnkWjz0ZiptSPbFQ43Io04+kpfySkwtkJrCdBRlSUPiSmbio9EDJWg2BF96gbHDi1SYh55M9+ipWTJoh94sCvUP2UNH/ZJf6kTBfJJ/fkiOs1C+Yj94brsVrtRsf0sf+/pRyzJe3GMzCv4i2HSdloBOwXe6VJuYkgKX8hpMwVXYJSaGwBHnC3Rv6pp2BW1y9RyaUzVVgmIE/Z8ND/RCG9PWVDwYwcpkdozB/lPOZBD/8NC7M4v9ABr8slpMU+5hz0O/mUmJPyYqfpBTnEYyU5sqFmGL9ECO9nkLJhdLkH9W6XW237OKN7N3jKSsXoBRVh7NOecuzRQHL5HKyPHPy1aPRIjPnRj0JLcrrVOtkVUkafxslTZpJIyh/K9bm0L+sFZydwG1TWU9Ybkk5cJdQ4JSmrfZgVKbdQ5MdtH/N/8QusmzJR6qZfrf7FYYlfdOkSN1IeN24cC0VF1gKSQVuWLkbetb/GqpyWqJZ8MiMZbDzQQ2ZEIRFC4jcienJfsRualCPE4onj0eOk76v5h6zkB0XB8tq1V9svVlVWwuyrsAvSnZStMEOHlD3iMQ+66zY1j5lbzNEw+OW8WxxIeaHUATPsRYPjlfsor1lFURIj/nrnTAu3fRx58smY070rqqtYNzUpJxL0/sz66BE9XD48FyPPOB2HXByV3QKlbqfyZOMZvv5cPL8KIUR6Yz6pE2w0MrJnhkoTI/QGTU/Q8NKVx5yZhYEXnI8Nc2ZKXknZCyvHy1OmDczPHyE3MWwVQ9a9L/kxtomHzEiTVZeSIez+pKj+dyFphq8/uuBcIeWC0BPEH6buRaODySXlCePR7aQTEXS7UCjKNfKMM9X2i5wbGu0DxRMk5dzcXKxZuzb0TmxgR1JmOtTADUkLV13iPOah996FBS2NBhT7tmJNyiNU+DpLDI144mJsOI2CBE0DRGLmnOJ4Ce9hnvNe1tcUPnOheEajTj8d8/NyERAS3L/36JinHM01Yg2mwSRldmN5/QF8kzcUfX7wAxwQj7lUGk3xHuj1mZByqYPrNBvTsUwCMsfCJE2EeNgw4ZKc3YSY10+fiqDfr8ov9qRcI55yngpfsyxWLVuKnldfja2uTARU5IANaDZWkicGIRvRC0ZgTU+56ID2lI8Ihq+7CikXSQtr8llnY3a3L9VqSlydi6RAQuAx2TAzNlGkzMpuB5h9p2Lu5QWwZ/s25D38dyxq106tlR2PPuX5bk6hMAZoMJRM42d4B0kWUW6ubrZHFD7/zDMxv18f7Ni+FZ99+RX27E3vPmXWAzuB2sFuLZ+Q85xxYzD8Rz/CxsyW+DROfcrElqlT8UGGAwVO9udKnSQRSp1Qg76SJVIvjXPxENmAlUbJNtHLEZdfjo2TJ6HL519gFMPMMUZebh4mTZyIdUsWY5jUv7VZ2WrGQjWjXGpzCQ4GZYQrGWKEylk+zB+W1R6pFx+cfw4OHtgfeoL4w9S9aHQw6aT87qmnYZgY92+6foGqkhJ2HYNbS9gJZsbGNXwtLU87ecpWqOSwsSBGcO+2rRjy94cwLSsHX8YhfL0gsxXK2OrmIC+lZKaX7AIy3EkTtewoF88X43NAGg3D/t8PMOqDd/DRB+9jtw5fJx7quWrEaw5i0ZhRGHz5ZXipdau4kfLaqZPxZk4Otma1QWFmJoqlLlDKhIhKQufJkiKRQieP2TjkdmG56NBQ8V4f/cst6DdgYOgJYochQ4bg4zffxICbb8ZK9iGzn9vF6IHoB8diCAkGRHhMhrDbq5qjvyU9tCUcDPeeeMqluk/5yJgyejRuOuUUDHr7dezYsQM7du3CLpFtu3ero91k+/bt6N69O1bHgZTHjBmDCRMm1Paj20mCAfFKfF41j5k7cu3fuw8f3ncnHhOPMVakXFFWilcfuF8NpskVRR8upE8Z6c6yheRlt8Sw7MPpGSSv7zu2A35xySXYsGGDPEF05BcJrMod7/D1gAED8Pjj/8WcWTPV9e0gM6ZPr3M+ReqecT4Vb3V8Chd979i4ha+nyb0uFtLveNwxIh3wtM3kmQ5t8WybVuqc6ftru7Zo53bjtddfNx4ihujerRvOPPYYvCaN0z4tMtBXPNKuGQ45ZmCgeKo89pH3kiG9RbpLWvpJOpg2putT8Zb/nJON5UuWhJ4g/jB1LxodTBopc9PufkJw1/3icjzdsSM6d+6Mzp1exEudXsKLL71oS3nppZfwr8cew9o4hK+HDh6Mf//rX3jl1VeVItlK3npbHVlGb7zxBl5/+x08+fjjuPd3N2HNwvmhp2geqjwefPbF5/j4mSfR/9VO6CfS9c3X0fe1zuqc79lFzPS8K3Xi6fvvw66tW0NPEV9YlTvenvL8+fPw2Wefonev3ujVq5ethGnqLccePbqjd285F+kqXv0777yDnTt3hp4gtth74ADGjR6F3WtXY8u61di5cR22bt4kx/U2kHUhMV5v3rwZO7Zsxoz8YVgyO/aNlBUrVmDke29h2rvvYJrkuTqKjH039J5dJJS2MW+9gU/fexdb4lQ3wsHUvWh0MImeco0axXqo6JDqR66urq5ztJswXZTK0KjwWIPXLSoqShlhuRUXF8MvjatYgNXWI8Qcj7yNGUK6ZaoYlc0rdYN7xUZHfZHBqtzxJuXUROKflXe0RQ6bCUlQYlTdUicJu2XkSGLdN3UvGh1MavhaI5XBimZbdUxLWJVbk7IV5jMeLc8bQlIf9SjK5yhg6l40OqhJWUMjRWBVbk3KGhr2hal70eigJmUNjRSBVbk1KWto2Bem7kWjg5qUNTRSBFbl1qSsoWFfmLoXjQ5qUtbQSBFYlVuTsoaGfWHqXjQ6qElZQyNFYFVuTcoaGvaFqXvR6KAmZQ2NFIFVuTUpa2jYF6buRaODmpQ1NFIEVuXWpKyhYV+YuheNDmpS1tBIEViVW5OyhoZ9YepeNDqoSVlDI0VgVe6jkZTT6Vk00hum7kWjg5qUNTRSBFbl1qSsoWFfmLoXjQ5qUtbQSBFYlftoI+V0ehaN9IdZX6Opt5qUNTRSBFblPtpIOSjPQdHQSAWYuheNDmpS1tBIEViV+2gkZe7tnS7Po5HeMHUvGh3UpKyhkSKwKvfR6imny/NopDdM3YtGBzUpa2ikCKzKfbR6yjqErZEKMHUvGh3UpKyhkSKwKvfRSsoUDQ27w9S9aHRQk7JG2iFdiKg+rM91NHvK6Vq+GukDU/ei0UFNyhpphWiUIFVgfa6jlpS1p6yRAjB1Lxod1KSskVaIRglSBdbnOprD1+lavhrpA1P3otFBTcpJQP0CM0X+GEeNqFGbl2kI63NpUtbQsC9M3YtGBzUpJwFmv1hjohE5mG/pbLStz3XUkbKFkNPlmTTSF2Y9jaa+alJOMFhA9UlZ/tQR62fqc40mId29KeszHZWkHAioYzqWrUZ6wdS9aHRQk3KC8Z3CakTqfE+jcTCLxGD7/X5lvNMxx6z14GgjZZapKletCxopAFP3otHBpJJyZXk5igoLUFJcguLiYhSXyPHQIXkt5zaUQ5I2Cg1/tPhOYYl4qqvV9UtLS+0vZWUqrQUHDqh0xwrMi3JVHwpRXlAQtZRJukpFwn0WaykTKT1UpMgiEVD1JYR4k3JVVZWq69b6nyw5JFJUVKQk3OcUprVM6ma0z3sk+LxelEhZV1dWSt5UqqMndLSjeETKxJ5Wx1BHTfCa4crAzkLb1Rx9iBTmvaK5Z9JIOSDE1vOtN/GHs8/Ce2+9gS+/6oovvvgCn33yEbp07YrPu3SR1/aRzz//HB9//An+/e9/Y926daGniBzWgmK4lZgwfhz+9a/H5Pof46MPP8LHH8nxI+OYbGE6PvzwA3zy/rvG608/xcMP3I9zTj4Zc6dOUumPBUgqn8u97jv/XHQ75VR0Fel18inoKff56pTT0P1Uyqnqs4akh3ynm3xHHcN8Hq30OOUU9BaxXpfpevn00/Dgdb/Bti1bQk8RX1iVO96k3LNnTzz79NOil1+F1Qc7SZcuX+L9D97HSy+9FEp97LHw69m46dKf4ZNHH0b3Rx5Bn388hKH//Ls69hbh0S7C9AyStD32u5sxoHfv0BPEDiNHjsTTf/wDuv4hNeSTP/wenf/1L9XQTBRM3YtGB5NGykExInnPPYv/tWqNAf9+DDu3b1WeUllZKcoqKlAuUmEz2b9/P774/AtlEKNFuMIaO3asMoK7d+/Grl271NEusisk+7btUK+XzZyKN66/Hn88ph22blyv0h8LMC9G9+qBLh2OwUZnJraI7HFkYYc7C1udLuxxOg1xZITOHSHhe8Zxr8v4zl71eWxln6Rlb4YLu+SeOyU93zjdeOfHP8bjD96PrVu38gmMB4kjzPpCxJuU2QidNmUyKsWQhdMFW4l4hTt27kCnzp1CqY89FixahCsvuQRvnnsOpkidXCp1YrHIPKkHi6RuLMtIvizJyMYSRzYWutyY7czC/+TY++XY50mekHLej3+EyuxsVChpaTlSclAeOtY9Nz83v1v/c/M71u9a3wv33YavZZxnY/8xx+KjW29HpdSTRMHUvWh0MKmkPOH5FzAxMxszWrbFsOeeQ1FxsbhMftU3GH8T13QwUzl4qKSkBN3Ei9+0aVPok+bBfMbx48ZjxPARtQOV6hdoMoVp8jKRQaBw907k3n4rvm57LP51/DHYtXOnSn+sMKl/b/Q5/nhUC7kGhHxrWmTAn+EQ4XmLpEmwhQPejJaolHT5nS2w3eHC5+edh0XTJqNX377YvoP5EP8ay/IwEW9S/vLLL/H111+HXtkfBYWFeOW110KvYgzJQuZ35xdfxOK+vZF36mkoc7vgc2bA43IgKPUTUleTJdQTCnWGafFLI7Uo042eDicmvvVG6CFih2FjxmD8xRfLvcPri92ktHUbfHbbnZqUjwSS8kQh5ZmubHikcs+W1syol19GSVEROdkI7UbxQPGAmbHsl+jWrVvMSNnEhPHjMXJEfu19kv3MvH9t40COfpHC/Xsx5J47sUBaoPuzMuNCyhP79cYQ8ZTRwiVESDJsAZ8YGZ8Qc02LzKRJQDwQb0aOaixsk0Zkv8sux4rly8VLK0f/fn2xU7y0RMBaLzQp10XBwYPxI2XBhg0b8LLYp0op87ndu2HICSeiwO1GwGUQYTBD6mvSRAhZSNkrdtTnMN6rcrnQW/Rm4isvh54gdkg5Um6lSblJICmPe/55THFno0YqU5nTgZnHnSDe8zMoOligpj4Eg/YZcck0xIuUTU/ZDs9pgqSsPPeAH3tXf4uRt/4Zc1u2QZV4iUUug5T37tgW+nZsQFIeJI2zmhZuae2LFyL1gt5pFT1n8VaTJmLcAk4ndmVlY/RVV2HFrJkqbyrKStC7RzfxlDUpJxuJIOVXX34Jfq8fXq8PMwcNwJgzzsQul1sajWxEisfcwpkUqVGNWJfoi9MgZSEiX0YWBgpRa1LWpNxkBEKkPFs8j2CGWxnecqng89u0Q+6/H0PhgX2KmE1ySDaYsUcLKTMdzHc2iLZvWI9hd9yGFdltUE2lF6LcndkqbqQ8tH3IU5bWvhG6dqrwNT2BZIhKh8OBLVI38y+7FKunT4VPjDLDORXlZejTuzd2aFJOOhJByp1f7oxKyWd253g8Hizv1xdjzjwbe51Z4qU6hBDZ3UJv1RCeJ0LYcGSjoEK8Y9XFQk/Z6UYf7Skr0eHrJsIMX89yZQMqPNhSKpMbnswso4/52WdQXHRQkYM8FX+heu2StRw9MzadSZmGRoWsA17hG5IOUL5vL/LuvBWLW7YTZXcJOUl1EYXf53DHn5RFmQxJLCmTgL2ObLlnSxUOZGNxoxDyxxf8EKsXzYeXjRXmk6SXg4z69u2rSdkGSFT42uf3qzxlHfB6vZgzeCBGnPh91aXjEWKmx+rPyIGH0Z2Q1xpvCSgxQtcBpTtsIDgwUHRVk7L2lJuMOqSsKq9bVShW5ArxyGa1a4/pzz2DUiHmmoAogpCFr0YUIfT7RIMZm86kLCZdhaqDYnSC/iD27N6F/LtuxbycHGmBM0TGMmLfbgsUCWnFlZQz2JdLhWLY2vAGTAWLpwSU5yH3lPv7nS54xLCtz8rGCPGQ18z/RpWPdUUpTcr2QVwHeglMUuYaBcxTkjIjeL6qSszt1hUjThJilsYb6yu9ZhK010GCjH/dVcQsBGw0LF3ynqRD6u4geV+TsvaUm4z6pFwjBj8gBpHhQg7uKZAKPlUM9KgXX8CBwoOMFioPriYY/cIdzQEzNp1JuaaGeesT4x7A5nXrMOjuu7AoKwfl4iGzb5eVO2GkrAwL7ymNtASSss+RBW9GlmoYBpwtsNUthHzllVg7eRL84hWZSz2a5aRJ2T5IlKdsLhykoiWSt2rchceDWUMHY9R552KfOBSsP6p/NyNbk7INRHvKTURjpEwjzNZmqcOJ2e06YMB//oO9+/eLIgREfKErJBbM2HQm5WCNEI7Ilk0bMfDee/CtVGSOeuYgJ/aPsXKnOylzpDWJ2e9yYrN4yr0v/TlWzJ4Nn9djEDK9I7YOQ9CkbB8kkpRVvoberxGdqRG75KnyYu7ggRh5zjlqVDZ1JiCecvh6FlvRpNy4aFJuIjjQq2FSdsDPfj3x0HxiHKe3aoe8//0PBcXFyjASkT5oc8H7pRsp837WQXQHDx1Cn7/ei4WtWiHg4ohj9lORqBIcvk4SKbPu8bm3ujLx2YUXYenSJSpCU+NXPe5GIi3QpGwfJDp8fRgk5WrVxebx+TFdiHnIiSehRIg5YfVWRJNyw6LD101E454y+2MYRhRydrZAuRDztO+dgIkv/Q8V7GOWh7T27SUCvFc6krKZlwe3bcTIO/6CeVmtUCWkxAZRtRCUx+mWsjg6SNkr3s2GrGzkXfFLLJn7DQLMmwC9Y5LyYQ+ZYL5pUrYPEu0pGzCO/poA/BwgKcRc6fViWr8+GHHyKdgrusNxCuHqWixFk3Ljoj3lJuJI4WuOgvW3yFTk7FdzY92Y1b4Dxjz3DA4e2K+uYTxsdEYnUvBe6UDKpBapJvIvYHjJNUHsWrsK+bf/Bcszs1EhhoSDnbziIVc5s9QUKI7qZOVOF1KmEeOzGGJMe6IR2y51bMwvfoE1kyeJ1+MTI0sxBhjWpWQDmpTtg+SQMnWJgyQBDpLkmAx2AXG61LL+/THu3HOxT2wXR0KrBUaELBl1Cob0KVaiSblx0aTcRByJlJWhVJPjs+QzwzBXiMc8p007jH7snygTYiapBIP+kOGU89C14wFmbDqQsof5pKY9ecEhKwVbN2P0bbdgVcvWqlVvEJaFtFgeaUbKfB5vaBoeR1qz4bFJGiMDfnQRVsyZjYDPG2q4sDzM43ehSdk+SF74mjWknsjnPiHmRQMHYOwpp6HQxagfF8MRgs7glCnqWezqtCblxkWHr5uII5JyiABMYQWgcKnDr1u3xbhnnkJR0UG5EAfgSAtVvJpIHz4S8NrpQMo1yvsTLzlQg70HC9Gffcg5OWrRAWt+WyWdSJkei48heU5bkWf2Orl0Zg4G/vhH2PqNQUJNVSRNyvZBsjzl+jDznGNfAl4v5vfsgaEnnKjWouaIfnrJnAPPpVvD1c9oRJNy46I95SYiElJmpTPPufxiuTsT0475HkbI7w8UHVJ9ojUBD69qXDwOYMamPimLl+wXL9kXUKOs+/z1HswTD7mS8ylDI6zDSXp5ylwlLMcYvObKwOasHAy76mqsnD3LUCBJR1MVSZOyfWA3Ujalgn3M/fsg75yzsY+Dv5wZ4OI0AbWuerj6GbloUm5ctKfcRETqKZvC9wNiUEucLswQA97v8cexv4BrZbOP1Bj8xSyIzhQ1DF43VUnZCPNzsQPOsw1i64b1GHr3XVia00p5iz6HKHEjLff0ImUaLqlnUod2SB0adOVVWDJjOjxiPAMRzoHXpGwf2IWUraipYUTKj6qqanzD6VIXnI+9LvYr09bFrk5rUm5ctKfcRERLyvRy2B+oNiwQmdOyDQb/9z84dLBAhYyYASShSDPiSOD1UpWUVShNhAalYOcODL3jNixr01r1pTKkxmlPnoxWYfObkm7hay7ssM3pRhcxkkvmzYXPaxjPmkC1pKLpZaBJ2T6wIylzEKUxWBDwVHowJ3cIhp12GvZlGt0n4epnNKJJuXHRpNxEREvKPjGoRl+gMaLRJ7+Z07Ydpj/7NMoPFoonaIwqjjQjjgReLzVJObQkoEjh/n1q6cz5nPYkniLz0C9esrnpQ7j8pqQTKXO1uI1Z2cj96SVYu3SREUHwe5Wx1Z7yYeiBXnUROSnXqIGUPqlfEGKWH6K6uhpfd+uK4cedgEK3W9kvo17yaMp36+yRRJNy46LD101E1OFr+S7DP9zflv0yXNLuoMuFWVLRJ3d+EeWFB0IZwf7lkOds3LJZ4HVShZS5zAXn2KKGBoSroAWxZ90aDLj7LizMzkE5lwB0iAJncK/gLJXv4fLalFQlZRorHw0URa5RLQ2RbW5j+8UNUydL3kgWCRHXBDnHNKCmtkQCTcr2gR09ZcMC8Q+XZhURPeRa2TMH9sfoM87EDndmyGPmqGxjQx7av3B1uTHRpNy4aE+5iYiWlE0xPue0HeP7XGDkm2O+h7H/egTF+/bCz/7loE88Ib+cS8aE7hstmLGpQsqcVcu5tTVq4Ysgdqxfh/zbb8WC7Fao/k7Y7MiEl4qkzHrE3/qk4cGNATiwa4MrE/k/vxRrp0xWO/zUBKkwh5tskea+JmX7wJbh6xD4bYrZjeSVslrGbR/PPht7hZg5Xcov9ZP2j/sg06aFq9MNiSblxkWTchPR+DKbRybl+sJKyaXtZmS3waDHH0fRoUNg/Eh5jOzUaSaYsSkTvlabS4jxkNMDhQUY8ND9WNKyHUrdQnJREFwqkjLJWHnITkm/CNey/vz007FlzizlFR/u4og+zzUp2wf2C1/XBX/BrjUl9Jg9Hnw9eCAGnXoqKkQvgxyVLXW2sbEdDYkm5cZFh6+biOZ6yvVFVUxpcXLbx6ltO2DkS51wqLiYa+BJprB3JzrjZIIZmwqkzCsYo6wD2LNnN/o9+FfMbS0esih+jRBTNP1WKekpi2HiSnA+IeQtWVkYePnlWLZooWqkMYyo+pJFmpPnmpTtAzt7yibM8mC9kz+o8noxtX8fDDz5ZBSIfvrUOBl32PrcmGhSbly0p9xExJqUacS5LCdHFJeKTP/e8Rj98isoKjhgeEU0wnJUChEFmLF2JmXT82MrnM+6bc1qDLj3bsxrJYTs4oAuhnJbSr5SacPlX8OSiqTMiIDa7cmdhWHX/BqLhbi4TzS7M6wh6+ZAk7J9kAqkbEVNDbtPAoqYZ+YORv5552FXbR9z+DrdkGhSblw0KTcRsfeUOfiLK+U4VciyTDzm6W2PQd5jj6B0315FxmafTjRgxtqdlNXziYe8d/1a1Ye8tFV7VIlycu1qKi0bLZE3dlKPlFmHqoSQN7ky0e/SS7Fy1kx4PVyXmA6KTwpTk/KRoEm5LmJNykY0S65FYpayWzh4EEafeTb2CzFHSnaalBsXHb5uImJOyqHfsVL6nC55nYEKlwszs1tj1OP/RumholpSjkap+Bs7kTK/efjbRgSAvz90sBAD7r4TC93Z8vzMTyFlaax4HZmqsRIu744kdiVlGqNw79NAbZU60Ov8c7B1rhCL5EtNjZBxwIdYrvumSdk+SDVS5ox4NRhVPGZll7weLOjdCyOOPR7lbhc84jEHlL5lKZvW2FrZmpQbF+0pNxGxD1+LsGIqYuYSduI5S8UuFmLmyl/Tnn8WFUJYatUvzkeVFiqnwDTVQDNj7UTKTLdHnkUteuH3SKs7iIItm5F/J0dZ5xhKLflBcmPImgobNs+aIHb2lPmMfrXIf7aIA1Vi0DbI8+decQVWCyEzVG00xCTHJH+Zb803qQY0KdsHKRe+Dh3VmVyPjepqjwcz+vbCqO//ALvYx8xR2Rz85chStqyhQZqalBsX7Sk3EXEh5TDCClvsdGImt3184nE1SlMYTJRASJlzB0PpORKYsfbylGsQUGTsFwcwgM3r1iL3jtuxMKsVyugh18uH5ohdSZmGiCNWAy2ckkaHGiizOTMbI39xOdZNnaQMKAk52nEER4ImZfsg1Ui5PlQ9lev6qquwaOBAjDnvPOwTPWYd5zgZ7jDFxmc4PdCk3LhoT7mJSBQpU9TgL3cmpue0wZCnn8Z+IWZxLNWyisbI7CODGWuvPmX2SYkhDtRgs3jIA+66E6tatRWSMraGC5cP0Yp9w9cONYXEXC50u8ONnmIsVs+aAZ/XA39o+gn72eMBTcr2QaqTMhuOwaAxLoRz6L/JG4r8s87CIZfogNRtX4YQrZBteD3QpNyYaFJuImI9T7kxYX+MuqbbhVmt22KoEPPBIqOPWY1aDqWpMTBj7UDK1oJm2vcdLED/++7B0qwceIWc2JceFM8xXD5EK/Ye6JWpBrJtcbvx1cWXYOnSJapczWlPZl7FA0kn5T/9SZNyCHafp9x0iLfg9am1sqf374shJ56EIqnbAdHtmgYbp5qUGxMdvm4iEukps4XJTRfY4qyQys3pUqM6dUIZ92MOZRoJrjHwO3Yg5cNEE8T+TevR7967MT+rJTyihNwWjpstGDs+NUZkkYmdB3pVyzNvkgbJ0KuvxpKv5xgREDGcXEAl3kgmKTM68tD99+Oeu+9R5Kk95dT2lGuhxol4VMOy0uPFtAH9MOKMM7BH7S6lSTka0Z5yE5FYUuaGCySr0OAvpwtT2x+Lcf9+VE2XakrG8XO7eMpsQOxctwZjbrsFi3NyUKk2lXALMWcrb5nPGi4fohX79ilnYCuXzrzil1g2fRqqSUx+H/xBPwIc2KUQPwOaaFK2orKqCt9+uxIrlq/AoUOHmlR3IoEm5bpIFClTtz1Sh0nMnFPP6VKLBw3A+LPONvqYRR9IwoYO8Nx4rUm5YUkGKTcHRwUpU0gsnMesRuk6XDjkduOblq0xrONTOBTaxMIYECSeqPwzTboJfp4MUvaKqOFoXMe7JsDkoXjXVoy4/S9YKemvpKJKC5obS/jl+RjKDff8zZFkkzIjHAzf+bl5hrxHI8TGxzZpjHz1wwuwaeZ0+H3GLk9qiokQcvz95OSScryhw9d1kShS5pXV0sDUeqnH9Jh91dWYP2QQRp16GgqdXGCE5OxW9kxFxkQ/NSk3LMkIXzcHRw0pq9akalUa11X9zOJBz2nTFlOf6YgybvvI0HCgWlqqXlTXU7xkkTIJOSCGgFOf/JK+AknnyDtvxdJMTgHKSIhiJJuUScCMcDAS4HO64JOGyGaGrH9yMdYuWaR+G09D2RA0KdsHaRO+DsF6B56ze2Jujx4YeuJJOODKgtfF2QYkZ9EHsZucfaBJObxoT7mJSDQpNyQc3Tj9uBMxrvNLOCCtbTUKMuBDIEAf9TCSRcqQdLCP1O8PYtOG9eh73z2Yn5OjFgZh6zjcM8Vakk7KnKfpyFR95vSaN+e0DG2/OEX9TkU2NCnHFJqU6yLRpGyC9Zr3o3Dbx+mDB2DYuedij1t0Q0WPuJFFKzkKEWtSDiualJuIRI6+bkwY+i1xZWJ6h+8Z06UOFCgSrAly7afDSDQpm4pYwwaCP4AtQsiD7r0Hy1q2RpW0kgMO9huH72uNtSQ9fM19szOMnXR2OFwY8MsrsGzGdHikDhl5pkk51tCkXBfJImXzXjyy+6raLx7zkEHIv+B8HBBipq30O4SEM7Sn3JDo8HUTYRdPWfUxMzQq95zRsi2GPvssCosOqVC2CmdTGeRIlJSUoGvXr+JOyureoTm27EPet38f+omHvFxafEEhZK80JOg5JiyPkkzKHHXKJQd3iDfwyQU/xNKFC+DjSmYBNpwST8YmNCnbB+lKyochDXRxFGqk3ldVezE7dwgGn3YaSjMz4VEbzug+5YZEe8pNhF1IuVoIhrsoMRTs41rZ7Tpg3AvPoZxLcgop0gMzpyElylMmGfOeNACHtm1B/l23YR6XzmTImiHcECkba+OGf65YSvJImX1mXMPciU1Z2Rjyk59g6eJFkj810mgxpo6oVkuSoEnZPkifecoNg5upCC0DvqAi5mn9+iD3hBOxK9MNrmZnLDFM3ZHGrCblWtGechPREClzJKFByokJzXIAkZf77jrcinRKnELMHY7BpBeex4EDB2oJkopIT7lbt64xJ+UJ48cjf0S+8vkopqe8bd1a5N0phJyTgxJpMPhE0XyOLPhaZFryKL5iLLxi5FUiSHnQMcfKPbhykeEd+6U8Ngghj7vyCqydNlXlTY3fq/r9fcH4rNTVVGhStg/S3VPmHdVa/VwamB6z6IHH48HCPr0w+txzscttzGMOcHokF9TJyMRg0R9NytpTbjJMUp4spExiJMlUO50qFENjrFp9CRDuM8xpBT4nKzLPHTgoBDit3THIfeoplO7bI4oQVFOTiuMUviYpj8zPZ8eRmg7hF9mxYT3y7rgdS9u2EW+eDQfmEUXSKsL8ooR7ppiKImapJiGvlZU8nqTc97jj5PlyEHRKg4kesisT/X9+KVbOmA6fGCEV0ue0NU4XMX6WNGhStg/SP3xt7agxxpuw4e73ejA/dwhGnXMuijgaW8i5SnTGL413TcqGaFJuIsyBXjOFlH3iDdHgV0ml8so5l06kV2b0kSReSEKejJaYmd0K4/7zmFr5i05ZvPqUx44di7y8XFE0P/dzk/sVIfcvf8baTO4Ow20oxUtNkjCsb2wjJ566lE/QEf/wdbWQMRtqO6TV3/O8s7Fu5rTaiIX8CX07+dCkbB8cDeFrK9itRp1getRa2X16Y9z3jG0fjSmEGegtjfjJb70R+kXsoMPX8UXSPeUZQso1GVmKCOkNKsMvhJw8Me7PUBD7MqcLSUx86UVUSEu8tDg+fcr0lIcNG6aUfffOHeh3/31YlJUjHjLD+YwaJE98kgbuS01iJlGye+GAI1OR8i5JayxhkjJHWaulM3/+c2ycOUMMkF8Rsurft4FBNKFJ2T5IlKccbjnTZMD0lNlIZWStyuPBdNGfvFNOUaOyGWXqK/o7+c3XQ7+IHbSnHF8knZQnCSlXi9GnV8ZQMkOmJOhwmZto4aAqbvvIUPbYJ5/Azm1b0K13b2zavDn0FLGBGb7esXEDBt99Jxa2bKWiBgznc9UeDnhKlrCRovqvTe9ZSLnAmRVXT3lrZibyr7wSa6ZOgVcMjy9ExqbQICVTzHRoUrYPCgoK8Mqrr4ZexR7r16+vJWWWvZ2g6mOwRvUxc1T2qPPOw063GwNEb3X4WpNyk2GGr6e4s1HsylIhbIatKey/RIYckyjc1IErSPldblQ4XJjesg2GPPx3fCQtT+7QE0uMHzcOXT75CEMe+CuWtWkj9xRCdInX7uTgM2MgXLKkRoQeMgdfBTPcalnPHVmt40bKb554EgZd/CO1MEigmgO6gLozxpMPmmRKOpPyV19+pcPXFjA69qqQPsPFtoRa6z0Aj9eLhXlDkXfuufjE4Yw7KaeC6PB1E8EW54fPPotns7PRVTyjbplZ6JmZbRthmii9LO/df0x7nH/qKVi0cGHoKWKD/GHD8Me27dCvTTsscmZiqchCkW9dmVgWep0sWSyyQNLB8yWh8+ki/zyuAzavXxN6ghggGERuly9x9XHHYXT/3li5ejXWrFiGld9+i5UrV9pKVqxYoY4LlyzBe++/j23bt4ceIn3w4Qcf4qVOL2H4iOEYITJgxAgMFOG53SQ/fwR69uiJxx57LJT62GPdunV49rlnUSjkX1JSjOJi+8ihkhIUyfHgwUK1OcnBoiKM6/YVbjv+eEyIAyn3HjwYT/7qlxh+2WUY+fOfI+/yy20tfa64Ak/ecYdqRKcCkkbKHKQwfvwEDPz4A0wQD2l8v14iPBrC95IufXthcq8e6pxpGtmrOz56uTO2btgQeorYYP7cuXj5lj+j961/Qf9bb1XC8z6W13aSbpKu+yS985cuDT1B8+H1eDDws8/w0L334jM5Uj7/7BN8IWK+tpt8+skneP/997Bv377QU6QPVq1ahaG5uRgzYQImiIwUGRU6t6OMEe9txowZodTHHps2bsQT//0vPvnkU3zyKeUz28inrIsiH3/0IT77/HN8/sUXeO+99/CgENG0YUNDTxA7bNq4SY2BGT99BiaI8GgVvmcnGTtlKqZK3bBtlKMekkbKBAcqqBG1Idirp+a7YPqCHH1pSXMswHzgurapItXVVagSsZZds1FTA5/Xq65L5bG7qOkocrTLwJ+4Is0frykIBgMq/Jlqwjoab7B66CoSOySVlDXC4Wit3lqtNTQ0NDQpa2hoaGho2ASalDU0NDQ0NGwCTcoaGhoaGho2gSZlDQ0NDQ0Nm0CTsoaGhoaGhk2gSVlDQ0NDQ8Mm0KSsoaGhoaFhE2hS1tDQ0NDQsAk0KWtoaGhoaNgEmpQ1NDQ0NDRsAk3KGhoaGhoaNoEmZQ0NDQ0NDZtAk7KGhoaGhoZNoElZQ0NDQ0PDJtCkrKGhoaGhYRNoUtbQ0NDQ0LAJNClraGhoaGjYBJqUNTQ0NDQ0bAJNyhoaGhoaGjaBJmUNDQ0NDQ2bQJOyhoaGhoaGTaBJWUNDQ0NDwybQpKyhoaGhoWETaFLW0NDQ0NCwCTQpa2hoaGho2ASalDU0NDQ0NGwB4P8DSWQymhVH80oAAAAASUVORK5CYII=</file>
    </questiontext>
    <generalfeedback format="html">
      <text></text>
    </generalfeedback>
    <defaultgrade>1.0000000</defaultgrade>
    <penalty>0.3333333</penalty>
    <hidden>0</hidden>
    <idnumber></idnumber>
    <single>true</single>
    <shuffleanswers>true</shuffleanswers>
    <answernumbering>none</answernumbering>
    <showstandardinstruction>0</showstandardinstruction>
    <correctfeedback format="html">
      <text>Your answer is correct.</text>
    </correctfeedback>
    <partiallycorrectfeedback format="html">
      <text>Your answer is partially correct.</text>
    </partiallycorrectfeedback>
    <incorrectfeedback format="html">
      <text>Your answer is incorrect.</text>
    </incorrectfeedback>
    <shownumcorrect/>
    <answer fraction="0" format="html">
      <text><![CDATA[<p dir="ltr" style="text-align: left;">A</p>]]></text>
      <feedback format="html">
        <text></text>
      </feedback>
    </answer>
    <answer fraction="0" format="html">
      <text><![CDATA[<p dir="ltr" style="text-align: left;">B</p>]]></text>
      <feedback format="html">
        <text></text>
      </feedback>
    </answer>
    <answer fraction="0" format="html">
      <text><![CDATA[<p dir="ltr" style="text-align: left;">C</p>]]></text>
      <feedback format="html">
        <text></text>
      </feedback>
    </answer>
    <answer fraction="100" format="html">
      <text><![CDATA[<p dir="ltr" style="text-align: left;">D</p>]]></text>
      <feedback format="html">
        <text></text>
      </feedback>
    </answer>
  </question>

<!-- question: 126860  -->
  <question type="multichoice">
    <name>
      <text>Question 11</text>
    </name>
    <questiontext format="html">
      <text><![CDATA[<p dir="ltr" style="text-align: left;"><strong>Select the segmented blocks that match the whole image shown below. </strong>The segmented pieces are always pushed together with adjacent blocks. They cannot be spatially moved in any way, only pushed together to remove segmentation. However, sometimes the image above can be rotated 360 degrees relative to the segmented blocks.</p><p dir="ltr" style="text-align: left;"><strong><img src="@@PLUGINFILE@@/11.PNG" alt="" role="presentation" class="img-fluid"></strong><br></p>]]></text>
<file name="11.PNG" path="/" encoding="base64">iVBORw0KGgoAAAANSUhEUgAAAl8AAAMTCAYAAACfUnK+AAAAAXNSR0IArs4c6QAAAARnQU1BAACxjwv8YQUAAAAJcEhZcwAADsMAAA7DAcdvqGQAAP+lSURBVHhe7J0HYBzVtf4tbVNxA2MghF4TSEKS90JJqCG9v+SRQk1IgCSE8NJICP80ElLoxr1ig7sxxhjce6+49957Vdm+53++c+dqR9LKlrTa1a50vtHRzM5OvTNz72/PvfdMG1KpVCqVSqVSZU0KXyqVSqVSqVRZlMKXSqVSqVQqVRal8KVSqVQqlUqVRSl8qVQqlUqlUmVRCl8qlUqlUqlUWZTCl0qlUqlUKlUWpfClUqlUKpVKlUUpfKlUKpVKpVJlUQpfKpVKpVKpVFmUwpdKpVKpVCpVFqXwpVKpVCqVSpVFKXypVCqVSqVSZVEKXyqVSqVSqVRZlMKXSqVSqVQqVRal8KVSqVQqlUqVRSl8qVQqlUqlUmVRCl8qlUqlUqlUWZTCl0qlUqlUKlUWpfClUqlUKpVKlUUpfKlUKpVKpVJlUQpfKpXqtIon4hSLx5xPTStsNcQWT/C/CGZgTpyt5SnBw5kU53ROxFvm+atUqqQUvlQqVZ1KJIAMZ4aGhgvbNNuW7YO+GPISFDXwITTWMnWm9JQU4bRQqVQtVwpfKpUqpQBe8MQ0tYAVwCxK8LZjPIYxcAE4BDqibBHDXy0BQSzA2qE+Ug+YStWypfClUqlSCtDQ1ALKhXm7UWwbYBflcYwhA/MYTGD8j+IMX5W8rFRJYsU8k4UswS1XOprp5OfTqWpZ1/oqlaplSOFLpVJVE9p41ddD01ABugBfcXi6Yjxm/oo7n4P8oYLHsUiMYuEEVcRismxDgCXXVAVhOA+cszPPzj+TsB7SRqVStSwpfKlUqmoysNP0YowQkBDwihjvF49kf4f376PNu3fRKf4uHA5TguErHuHlolFeNszrhGUL+SQLWZFIhDZv3kzr162jYDBozqIBgCvgVs9lVSpVfkjhS6VSicTjhTZXmRDYAY240KOROSrBY6l+5C8ObNtCf37yt/Ta66/TiViMKhi4zDIMLtEIxaNBhi9UQOY2gLgByeCS8VptXrWCnnnwQfr1l79ISyaNp2g4VLVkfaEqxtuJxThd6rm8SqXKbSl8qVQqUX1BoKGCIw0RJABcgCo3fB3YsY36/exR+u7559GY3j3pJOALkMHLxHkUYjyLSUux3IUOC1pW9jM8VluWL6PXfvA9+s+5nenPnc6mV++8g9bPnEYxePTMwrJsfaQeMJWq5UjhS6Vq5TJFemYKdWwV7emjceyBIYrBCuAVYrLav30zjf/d72jARRdRl3M60fRur1A4WkGRMJNXhJfmdaRa0mwqJ1Uz7eQTQ1IsEqGd61bTQAav1wM+Wu3z06q27ahvu7b08uc+S2tnTaNoBCRq5N7G6YRekMYDplKp8lkKXypVKxdgIRPCVhFFAm274gkGhniIEmzweO3duYXe/NUTNPCss2hpaVt6o307mvrqy1QRq6BQNMzLocrObCdXZbCrBnjxAKjavHAe9fvh/dS/Q3ta7/VQuc9DFWzrSkuof3sGsLvupFXTJlE4WOnaQv0Ui8VkPyqVKn+l8KVStVZlsBoLW0UTrxj24YAXGs2HEnHavWsnvfm731Gv88+nRSUltKNtO+rfuTO90+VlCsXKiPGMl81tvDAplzxC+cTnGgmHaOOShfT6/fdSv7M60mqfl8p8fgp7PBTxFjCEeWlTuxLq264dvXTn7fT+uLEUqqyQLTXkfLE/6QXJ+1SpVPknhS+VqrUqQwW3gIFjbvAK8v62bdtKA3/+M+rf6RxaXlxExwIB2llaSt0ZVMa9+BzFYicpkggZ706egIWAFw9hBq8N8+fS6z+8n4Z2PodW+f100l9EIU+AKj0+ChYWUKywDVV4PbSxpJgGn92eXrnzDloy9i2qPHWSt5DcVn0kvUYVvlSqvJTCl0qlajIBHKrAS6KlhhgQwhSKRmj96pXU/+GHqW+HDrS2KECnfB4GEy/tLm1HPdq3o8mvvEjxWIVU20WiUYqifZgz5IpqHos9vigf74ZlS2jQDx+gQQxe6wM+KpPz81Alw1aQzzPSxkuxAgYwTwEFvYW0vW0RDet8lgGwMaMpXOUBM0N9hB6q0TwCVZVKZaTwpVKpmkQABkCX6ZsI8ApSAlWN8RhtXLOKBtzzfRrA4AWvTwXDR4ghpNLrpT3+YupZWiptvuIMXIiLhZAXeJm3YAiDRa68ascNRXJsCAHB4LV56SJ67UcP0uudzqbVAT+DZRGFCwuccyygSEEhRQt8PM/P4wJKFLRhIGMAKy2iEZ06UtfbbqOlY8ckqyD5n3tfp5PETstUiBCVSpURKXypVK1EKKClnVCGVN3jFWQLUYT3uW3LJur/6MPUrwq8CgRMKtEOqtBHRxi+urZvT2O7vsLwFZPejujRJz372OABy4UefrXAy/m8c8tm6msb1/vQuD5AQW+RnCfgC56uaCFgy8sQFqB4QREl2jCAyTx4wIrp9bPa0Qu33ELLp06maJThU7ZcfwADoGovSJUqf6TwpVK1AgG6JHJ8BjwkgiHwTknI1EgVeIUZBrZsWEcDf/oo9e/UidYVBajM53i82hQKeEULCulAcTG92vkcmtyti8AXIALVjtbw+qHmlhuC5Hx5wLHu2riO+v3oAQbL9tK4Hm280Lge3q6yggI+R4avgjY8bsPA6eHpIoavYoq2CVCMl4nz/EpvIW1lABvYoS29cvvttGLiexSNmECsdl/1kcQOyxEPoUqlOr0UvlSqFi5pmF3PAryhsnAQT0TYKngGg1ciXAVeQ3/5OL3WubNUxZV7PQwmqIYzHi+0f4IHaL8/QN3btqVJUu0Yo2g8RuFoRLxe4qlrZvhyp509X7Tx2r5qhXi80IZtlTcJXoDLILxdDnzBywcAg0XbeNgYOhm+ogU8zcvhe4Si2NyumF5jAHv59tto+fhxFLKvImqAAMFIQ20DplLlthS+VKoWLFQ1ohdeJiQYAo8Xg1eCEK8KFpWqxl2bNtDgR37C4HUurZI2UAZKAF4hj2n3FGcYgednf0kJvdKxg1Q7opdjJW87gu2a3TSr3Ech58uDhJNYtoQGP/xj6t++HS33+arAC3AJA2jF27SRtl6obgRo4bMAGJ97tA3PA4QxhKJRPtLmlM8rAAYPGKogl7wzloJlp5y911/wgCEdVSpV7krhS6VqoTIekLhYUwuOFTEyHi8LXuh5t2vDehr1s58yRHSoAV5eHvvEG4TPMIDK7pIierlDexrXoxvFwjEK8uEKfGEHvNVckAUvtMfauHQxDXroQXqtUydakwq8HE9XlC3WBg3t/QxhbFLtyFCG+Ri3AYDCAxaQKkmkh/GAlUgbsJdvu43mjxouYSiscAz1ETyGeB+kesBUqtyUwpdK1QIF8EKvwUyoCrwSaONVHbx2rFpBIx58gIaddRZtYPAy4RYMeIULTaiFcKGPP/ukQXoFf7fT76eX27Wj8b17UpzhK86HDcihBNo94RU8zQsQVeAVCdOW95eKx2sw4ngFAnTKVdWI6kMBLjYDXqhW9bKhbRvOv5AhzMAXvGCwBMNZXKogkwCGNEMj/KHndKQXb7uV5o+sDWAYziR4v9QDplLlphS+VKoWJimaqzxHTava4AVj8IrHaPfaNTScwWR4hw60vaiIAQuN6tswUBiPl2njhXZPAfEEAUYAYHuKi6kLw8z4vr0oHmRYYN4yvR1527BEdgHCDTaSljwAYjavXE4DH3qQ3jinE61hsDwp4SRMBwJ4vAxw1QavuACWqW4EfAHOLHzBqKCQEgxfkcIAb8uG4DBhKIYJgN1CC0ePpFBFedWRuY/xdMI9gF6j6gFTqXJLCl8qVQsSwjKIxysr4MUwwNMAr73r19HbP3mYRnU8i3YweEmDcwavKMOVNDhnyEBsK8AXgMR4gwqpzO+hbaUl9NK5nWnyoNcoHo2bF29TnIL8P4L2ZFFGjSx14nNDjcEuHvikd61fS288/BPq17GjRK43cbwMKMEAXAawLHiZ87Tghc8WtpAOdrpqHpZDFSSDaTUAa1skkfD/8+mbaem4tykSNo3wq46NhzNJ2oCxqVSq3JHCl0rVQiRFsSWkDMgU9dXBCx6hfRs20JhHHqYRHTrQtkBAYlcBQtC2K8pWBRwMFBZKqACesDYUhOertJh6nteZJvbrTfFIjCLMCWV8DhXxCIXjvD/UnmbB+eUGGXOu8BrFac+m9dT/4YdqhZNwg5fb4xWv5vEqdM7ZmAEteLtqwhfmeTidiqoBGILRbmtbTIM6tKXnPvNpen/8OKn+dANYfYT7QsJQZOjeUKlUDZPCl0rVAoRejZn0bkjhLeAFz0ulgBfCLexavYree/xxGnPeB2iz319V1QjwglmwEGPgMAAC8GLIKCjk5T20vaSYup17Dk0e2J/iIQaEMBrcM4Qlggw/DBqAhgzLDTEGafhsoxHpPPDGIz+h3h070BKfeVdjVRsvB7xwjhhLD06BLfRsrA1e1txpYuHLzksFYGiEv8XpBfniLZ8RAAtVAICTQ32E+yNT7QBVKlXDpPClUuW5AEbyKp4M1c0JeKHdFVxQDF2MehTkgnzTyuU0isFk5Nln00YGL7ww2rTxcsDLgS23oYcfwCKM9k28TJBBZjcDTdfO59AEtPlCA3GGrwQ8XogbRgiTkaU6R5aFGYDX1uXLpHF9rw4dqsJJoP0aqlTdHi948Mw0YMtAF86z5rm7LQlb1QEMZgHMtAEzoGcBbHC7UqmCXDBqpIShaKgHDJ5KgLoGY1WpmlcKXypVHguFaSZfKyPFOoBLjAtsLuPhPVmzdAkN/uEDNPLccwW8JICq4+2SHn0METWBwxpiXAW9XkIUeIDMroBfItxLg/uI6e0Yj/G+MOG8KTLTsvCCMeJ4bVm2lIYyWPbt1ImW8fkZjxc6Dphjtg3njcfLgFdcPF6w04OXtZppZOHLfHY3wk8C2FYGsEEd29Lzt3yGAWyE6QXJhy7XyRnOJDTAN+/PzHy6qlSq1FL4UqnyWMbj1fSFKDYpRTlDF6LXu8Fr7cIF1Pfu70gbL1Q1wuMF8BJvUOHpwQsm3i8GFnjJ0CZsr89HPc7pJJ4vhKuo4F2FGL7MeWUHECy44Pw2LF1Mb/zkIRrAYLm8KpyEC7z4mAFeFr5MA3tUOdYfvKzVBWCw6r0gDYChDZiEoehkekHOGzaEKk4cr0olnEN9BADTXpAqVfNJ4UulykPZ6qNMSVCEwQvR62uC16DvfZeGtm0njettGy/j9aoNE6c1Bhc0wj9QXESvnttZPF+ArzLefzgaNUFC6wkTjZHdtqlWjUuabl+9ykSu79xZwMuEk0g2rneDl2lcj6pGr4wbCl7WLGzJZ6SJ+zO2W1cYis5nSSP8ucOHUrC8TM5GrptzXmcSzlc9YCpV80jhS6XKN3Fhman392GTxgA/IZ6ABwpBT6O0fvEi6nf3d2hYu3a0U+J4mUbzjQKvKiuk/d4AvWKDrPJ5IXQF2iQBLhE6o6lfrC14wtu06Yd9YfrA1k005Gc/pQFnn00ra4AXqkire7wseFUPJ9FYs+uTC76S8xjqJEJ+EsDQoxRhKIaf3Z6eu/EGmj9iOIWdOGAGv+qXZuIByyDEq1Sq1FL4UqnySNKrMYONpcEjBryk1Tvv0Hi8ti5dQsPu+QENb99eAqgGGbxibfB+Qn8ynEQjDN6iA8UlEmrCNrgXdHDgyA5NJdmWs237GdMnDx6gd//8/6jXuefSMp/fVDU64IVAsKnBy3q80ocvWBK2UgGYuxek8cJVhaHo2JaevfFTtPS9sRQNNzwMhfSC5PVUKlX2pPClUuWJAAnwQGXkXY0wgRJXVaMDXpvRuP6B+2iotPEKcKEfYPDCewrxWpzGVbW57Qhvs+c5nWh8H+P5ivA5CmTGcCxNF6FdYETO0WxL8IRB9vCePQxef6Ke559Hi/x+Oh5ItvFye7wAQojSb3o1VgcvC0npWRJiAWAJx5toTQCsDd6NyQDmBHit8BVKI3z0gvz3TTfQordGV0XCl/OTqTMLAKY9IFWq7EnhS6XKA2WqcTS2iGq9OA8JQhUU2gAhrISpaty6ZAm9+eMf0SgJJ2HAC70VowWIUI/qMDc8NMYKaL/XT6+2bUvju3Vx4Mu0Q7LVgfUFiNNJtoFtOdvDgDQ9vH0bvfP0H6nbeefRPIauYy7wcjeuB/ygjVcSvEzjegtGqc+tcWa3JwDm7Ds5j/freMBshP1Kpxck4oD9+4ZPOe+CNGEozBWuX/o1VVqrVKozS+FLpcoDSQBVLhybWqYaE1V9UTYeS4gHB7yWv09D7/2BK46Xn4EL5gKvdOGroJAO+IupZ8eONKtvb5JG4Dgmtkx4vCxcYNsHt2yid576A/W+4AM0x19ERwMlDDQpejXyccLjZbxcyXASmQAva7bxfk0AM/uDBwzXwd0LkgGsbTENaV9K/2EAmz34Dao4jl6Q9pyb/t5RqVSNl8KXSpXDwuttpPDMBHjxduMSSgLVewx3AC+MIhHasmghDf7RD2lo+/a0STxeKOyNx0tekN0E4AWQQHuxfV4fvXpOJ5r5+gAKM3whtGrEgaWmkECXsy2kJdL0wGYGrz/8nvpcdBEtKC6lY/4Shi00ajfeJBNCwhxjXR6vVOfUdObaR0oA4++l2hcesCSAoQ3Y8LPwLsibaNYbg6j8+LGq+0fGKpUqJ6TwpVLlqEz4A6ahDBSaBulQzRjm/YC4eB8WvBbMpyHfu5uGdehIWwNFUtUYEfDyUoxhCW2R0gEvwAM8Z/AsARz2Mth1Y/iaM3iQeOHCMRwOgqumH2A1FXjt37qF3nnq99SXwWs+g9dxgJdATKG8MijmtLUSr5fj8XKHk0gCUOatmgdMPrsNx2MBzMcAVpjsBXlOR3rx5pto9uDXqeLECSQE/iQNrCRdnLRJJfeyKpWqaaXwpVLloNzQ0NSy4IUejRJOIsaQI+AVpa3LltCbDzxAIxm8EE7CvCS7Kdt4MXi18VOQgQtVe4javq2khF469xyaPeR1ksj2ET7vON4hCR8YeuE1PB1whjXBC9NH9+6ht//8J+px6aXVwAseL/e7GmFJ8LLhJFzeqCya3ScAzB6bNRsJP9oGvTNrxAHr1JH+ffONNHfYUAqVl0s6QJIWruF0OtP3KpWqcVL4UqlyTPDOZKqNF7YobbvQsB7tvHhfFHHaeC1dQkN+8D0a3q4d7WDwMiEWPAJLTVfVyDAnjcX9AguVXi/tK21LXc7rbODLOZ4EQ1eCyimeCLGZo66vBBhqgBd08tBBGvf3v1HXc8+luYHiKvACsMBibAAaVDcCNONtvHzMFrxgFniyb3a/qQCM0AasRhgK4wErpqEd2tK/PvXftGj0mxStrJR0gJAmNl3OpPoup1Kp6i+FL5UqhyTemgwVdtiu9GpENSMIBx4vHoVDIVqHqsb776ORHTvSlqrI9cbQLivdqkYYqvEANYA5016pkE75PbS1tIRePrczzRryBsWjfHx8TKFEnCopxOMoRfkw+WO9ZNIumYYyxSufcOJ4dTv/PGlcb9p4eeX8ACvweOEYATMAzcyFk2i82f1LFWSNMBTSCF88YACwpAdsZ0kRDW9bSv+58QZaOGQwRYI1AAwJW4977kzfq1SqhknhS6XKIcUARBmQKV6dXo2AL3iYeIQ4XmvmzKEB3/omDWPw2lT1kmxErgd8NU1VG7aBbZlqPVSVoRqzkMoYvna1a0s9zzuXpgwbKp6vCANYOQNBRTxCwUSMIpwk8fiZC38BBMfjZQds78junfTO3/4i4SRmFJU4vRqN5w3R+W2QWHevRncbr1Tn01xmr4UAmKRl0twAZhrhF1a9jHs4p/GrH72OFnEalx07KmkkacbwJSE9nKEuybf1JWCVSnVGKXypVLkg631wCsWmFLYIn5cJJ+ECrzCD1/x51P/u/6VhpaUSTgLgZRrCG7M9/mpCQGMs2YAdPQbRjqyAyhgOdpSWUNdzO9P0oYOlzVeMaSvKQyRRgf8UY/A6U7JI2mFs01Gm43Rw+zZ6+5m/Upfzz3eFkwB4mZeBS+N6HJccn/F4ucNJpDqP5jWknzmu03rACooYvtAIHx4wD+1tW0oTSjidr7uWpr7yIh3auUPAtFp6OeO6ZJY8w4VQqVT1ksKXStXMQqytTEUXR2Fp/BrwerHBgxRDVWOYVkybRr2//S2JXA/wAghZ6LIer6YCr6QBcABexuuEV+Ts5n2/ck4nmvXGQKl2pDAfYyLICXOSx6gmO3PauMFAzhlxvLZvpXf+3x+p56WX0WwnnATieNUCLzaAYPbDSTTWkgBm2+HZa2WOmQFSAAyR8E0YiiCD2GFOg8lt21LvK6+kMU/9gXasX2femOCkG+SeTiWTyqdfRqVSnVkKXypVM0uqgDLg8QJ0JcELHi/ehwNey2fOoF5f/xoN4cIYbbyyA17GADcGCMzre/b4fAJfiPMlvR0ZvhJRhq5EGZ9FhK3+QIAxYPbgju309t/+Qn3cvRqdNl44R9urMf/Ay1oSwFJXQZq2ajg3pDNeR4TOBUeLSmhuCQPYRRfRqN//jvZu22rg30k/yD2dSpLaGbpnVarWIoUvlaqZhGofFHyZUC3wwn7ANeEwLZk+jXp+4+s0lMELvRrLvaZ9lwWvpqxqrMuihW0owuCF8A77/Axf7dvTlNf6U5TTBI6vqAAB2r/VXcALBDhD1WdeD2283vvrn6n3ZZcxaLRj8CrmczPAlwq8arbxyvS5N53VALAaVZDWcL44d7QBQ+/VY5weANJeF15Io59+ivZu326qIJ10hNzTqWTTWqVSNU4KXypVM+lMBVxjhWI0mgB8uTxeERNOYvX8edTrW9+gQRJOotgJJwEoSTauh9Uu6JvWZD8MCwCDncVF9KIT5yvIEAB/F47/dKljv605PnboIL33979S7w98gOZVhZMw4AUDcGH/yXASAK/q4SRqHmuuW9UxO/CFc5SxA5IwC2AxJ3wI0mVBUQn1OO88GvK739DR/Xsl/dyqz/2pL+NWqRonhS+VKstClQ3aJGVCKAqldRc8R4lkHC94vNbMm0v9/vc78sqgjY7Hy4aTgEcoGx6vasawgBdF7/cFktWO8HzxOUitljPUlJ1vv5MpXgG9+Ca98B96+ZJLpVdjzXASAl5s7sb17nASKY8xLyzpAYMZ4DLnJK9GwjlbQzqwGQ9YiXRC6M4ANvovf6ZD+/c1qgoSbyVQqVQNk8KXSpVlZaq9DIpAvBMRhSHe1yivDGLwijB4rZ0/j1773t00tGNHWh8I0CkfejUCuhCWwHhIqhfomTPrjZHPBYW0O1AkEe5nvvGawJd50bdpuxVzeVYwz8KAnZaBz/nYvr303r/+Qb0/+EGa7fRqdLfxEvBy9lsbvLJ7/pkyew4mfZPwBY+mVCdzGuA7eMGiAmBeOsZpv9AfEAAb8uRvad8O0wvSyqbx6WSXkftapVLVSwpfKlWWJDGVeMiEsFVU1eGdiIl4lBJVL8mOCngNwLsaAV5+v4AXgESqGp3XBmUTPrAv62WD7XderD1n2GAp+KX9EZ+LseogYMd2Gh7EI3t20aRnn6Eel12WjOPlQa9GA16ADdsg3VTFAUyS4SSyee7ZMHOeAC80uMc1NlXKSAdU9eJ7xDaDAcCQXgDW7uedS28+/RTt2rRJqqjdsuldl/C9eHMVwFSqeknhS6XKkjLVuN5CChqoSxsvB7wioQitmTeH+n7nf2hYhw61Aqgaj1fzwAf2aW0fw1dXhq95I4ZJNamgFZ+TrQLDYGWnMQakHdq5nSb+8+/Sq3GWO5yExzTmF+DgfdiqRoAXYmFZ8Ep1bPluJl1x7qZKGWMzDeBGOhgDdJv58ICV0MKiIurzwQ/S8F//inasW2tgyiX3dUglC8z8z5mjUqnqksKXSpVhZbRXmBR28BTZxvUOeIUjtGLKFOr1zW/QyHZtaXNVAFXAl0/GtkF2qgI805bcbwHt9/qpmwNfAKqQVJuagtwOcqoYLJDx+PCunfTOP56h3ldfTTPbt6fDxcUOaFjwMucHw3SyqrHlgpfbAJumI0USwND2zVbDwgyQIb28dMJfTAuL21K/iy6iEb9hAFu/jvDGBZv+9ZFcM8dzqVKp6pbCl0qVYTWk8GqQLHiBttC4C5DHf6FQiJZNGE+97vosjSotpR32XY0FDF8Fph1Uc4IXDPs23pc2tM/nox4OfIW5sC/j80KoCbT3cqednUbhfmT3Lhr37N+p+1VX0QwGL1SdxRgiEi7gsvtIerySbbxSHVNLM5w/oNPCF+ATVZCmyhkwatIf06ZdGHpBFtMShtgBF15Iw574Je1cv16AuCHCdcroDw6VqgVI4UulykcBvPDaHdPM3oAXMxh6NS4e/y51vf1WGlVURLvYTDgJgJevyuuRqrDOpgkcAYz42BDny8IXCvqqTgNsVcCFwYGAk4cP0bv/+Se9eOmlNLVtWzpYAo9XARGfm90+YMO0czINz5PhJJoXOpvDzDmbdIAJhEnaJAHNhuJAPLQT/iJaVFxEvT5wPg397a9p/65dxqPlXAvIPZ1KWD4KrxnuU5VKVUsKXypVhnSmAqrRQoGWwuMVDoXo/SmTqOtnbqYRPq94vPD6HgNefqmKywXwMoW/8cCgwN/r8nwJYCHCfSTI51fO5xfiMaqxDHgFy8toWu8e9Pwll9CkkhIBL4AEwEugCp4ehsxKr08iu8cYvlpGOIn0zAIYINSCaJX3k+8JNL63AGY8YEW02O+nXugF+cQvad+O7bVA6owAhqGBXjOVqrVI4UulyoAyCl7yoml4vBi+XOC1fOoU6vmlL9BbDCTb/QwgHqetTxs/F6g+qX5LVTBn0wABJryF33ha2NyeLwtf8SjDl/NuR8AXUjR06hQteH0Qdf3odTSewWtfKXo1MlQ5HhxsP1rgpaDXz/CF3o5mvrHWUdVYPwOMwgx8WbMeMOmsUOil44Eims/W8/zzaOjvTBiKmm3AznSf43t5f6R6wFSqalL4UqmaWBkraLBZRKuXqkYHvPgjCjeAV48v3EVD2rWlrT4GEIYSwJbAF4+zHkD1NAbPVKwNGv2n9nwlIkQhPrdQIkSxRFga35cfO0Zz+/enVz5yLY1tV0r72hrwQtWZqT7DuQK8AgydgAfeF7x8Dpjlwrk39zFg/9Lrk9MK3kdYKgADfBkIM2EoFvkD1Ovcc2nob35F29esFgBz64wAxtdPqpAVwFSqKil8qVQ5LsEtFFzwCrk9XjwLbbyWTZlMXb7wORpVWkJb/D6q8HqkEDXgVd0z1JwmBbwDSij4pbF3HfAV5POtjEf5TONUdvwYze7Tm7p87CP0NkOX9XihCtXAF6oavQwMATZ0KOD98Xy879BAhVO91kyGfUdwjAjzUOO7+po5D2Opvq+P2dc52TTDveEGMAvoUgWJ927yGAAGD9gSBrAe559Pw375OG1ft9a055K706g+HjAFMJUqKYUvlaqJdKYCqFFyvAYhisgrg9zghXASi9C4/o7baVhJCW33e6uBl7R34mnxADkFcHMb4MvAkgl7gHZZgC93kNVEmCTcRDgRolNHDgh4dfvE9fROu7a0q6RIwKsaRLSx4MXnbj1edn8CFgAMM5+c+Q02bNO13YZYtMBDZXxtyny4NqmXOZNJ5wQ+t7Tgi7eRBDDcI+Y+QegNxD6z8CX7crxf1gOGRviIA/bahRfS8P97gratXEnRaKRB97zxgOHeVQBTqRS+VKpcFlgrBhCx7zzkggvgFTHg9cJdd0qvxu2BQLWqRoBXnKfTKawzYfBWoUCv9BZIL8yg09uxOzxfw4eK50sa3McrqfzoXprdu6eA17sd2gt44RwNNAAU4EFD2y4HvHieAJZ8B08Oz2vjl2WSx4BpwEb92oDZSPjJdbA+rH7r41ik/VSRn075EWfNpEGqZVMZzhHVqThnez1ThQkRaKoxz8w3aWQ8XGYZdHawvR1lu/xdsjdoclvwgOH6lDM4Br1FAmAIQ9EPYSh+9X+0c+NGA8sNBDBpN6YApmrlUvhSqdJURjxeEIOXEBcbquKkvHLAa8mkCdTtzttpFBeGCCdhoASFqa1qzD3wsobjtF4VeL72MHzhxdpzbYP7WIKCx47S3H596dWPfYQmdOxA+9GrscAAloEDnJ+fIp6iJHjxfAteSIOwxyfQEC0I8Heml1+soEhgDd6o06UPvjNt0tA5IMDpWcRgB5Az66NH4JnWB2TBgxTnY6ks9FEFby/Cn7FdfH8mLxyWQegHHAMAzIAU1jc9RbF9ewx2fxgnzYCbnC/OneEK6RICVPGyETakmwGxZFUwoEu8YM50Ge/PpKOJA7aguJR6X3ABDf3l47RjQ8PjgGH5WAw3twKYqvVK4UulaqTw6z0zwSS5UMJLsRm6YgxdiHsl4MW7ioZDtGLKROr22TvE47WTDRCDwtaClwQa5YKzZmGeK2ZBQUJfeAvoEBfwr559lsBXlAvmymCQFg0fRi985Foa1baU9pZwwc/LYL2EVCsCFnwGjDxe2Ragqxp48fKAnUqPnz/DUwX4gtfIw8CHasrTpxG2iYb7pwI+BpckvAH4ADOV8pqmur1fOF549rAfE9wWEOet8vhF2eR8TmP4HutLOvE5GeC0UMjb4DHO2b28HcMkjTm9EOUeaQK4wrrYP44DIIgXbGP7mG+8YwbAsK41fAfDNrHskeIALQwE6KWzOtIbv3iMDuzebZ4FF0yZT3XDFb5DuzGVqrVK4UulaoTw6z0SCWcMvuS9hlEuvAS+jAMsEqykVZPHU++77qB3Skpohx8hFUxVkfFYOB4vnrYFci6bFO5cmO/l436F4WveW2/SscpKmjfmTery0etoTGkx7WTwKseLwAEKDAxhXifo8VAZQ1U5A0Ftj5eBEsyHV832fEx6eRho+HsLfqnSCh4ptI1Co3NsA5CF9bEupgE+mC9AwvNqro+qX3wPcEO4D3jL4gXFbH4q86EHIWKQoWqYl8W+aqwPwzwcG/YhAObsW46FDfHbDJTx8rw/Ae4a6+N4cRwwgUBnWwAvmJ2H9JLttLEhKND+i4+P51eBGS8PA6xhvWN8Dst9PnqjUyca9rvf0J4tmykmjfABXPyfYexMQVbRljEa4Rtc1lGpWpcUvlSqBspWm8Qz8ss9ztuPUDQeBXdJZAmUX9FIiFZOnUj9Pn8Xjff7aBfbCS7AURhXebwAAlKI5rZZb42BJQ/t8Qakzdf81wfRgtEj6blP/Te9xeC1m8ELHiZprO73CISdYPA6WhSgQ/4AnSr0CHACHABWBlDQPsq8PBydD05ifV7vFBvWL+PP5fwdxiH+HBJ4ZdiAZ4kBBuAE6EDD/TB/h3ZaWO8k1mXDdmTMaR8C3PB2sK4AjKyHfSOgrZcq+TOOIVJYzOcBK6IKhq/jvG6lF3HOeFu4hjw228D1NEFxo1iPDeePbWCfJ3m5Y16vHA/SAPMq+HMQ1avw5vGxV/Iy2B4AFYBXzlaB4+U0LOdlT/L+Aa2SDgxR+A7HgnZdFZyGpzjtyrylvA8+Vp53gtMA+xMvIn9/krd3kqHrpC/Ax1BMC/kHwCvnn0cDfv4z2rx+nTTCx3OBZ6Tqxein+YECOMOzdDpIU6laohS+VKoGSDxeYTTCauLCAptjlosnYhSNhaVAisRjJuQC4nhNmUi9vvA5eqe0hHZzoXgSQIKCG4U+F5gAh3wDL/HUMHTsZXh4tWMHev6e79MvbvhveuXss2lR27a0jQFhB8PIRgaN9Qij0a6E1vF4G0PZBgaA7bzeDgaVjZwO69hW8/LrGOQ2BUpodXExrSwppaUBP73Pyy7i8QoGhSVs7/t4XFREy0qKaSlve7W/lJYzTKxhOFnJ36/0+ngZr6w7NxCgJc54EdsCtoX8eT62y7Yw4KMlvL3FDMNL2DB/Mdsq3t4iBqDpvP25gSKaxMczifc3sxjb4P2zYYzvsc4yXh4R5ecUGZvB8+ew4ftpxUU0mdeHvcvnP4nPH+MJJUmb3L4dTeP1p3ZoT9N4nSm87BQ+1olsWO89rIdj4HSewMu9x9t8l9PlHT4mbGvcWR1oHB//WF5+dLv29HbbdrLOOGyD02pc21Iaz/ZOu3b0TseO/H1bWWbk2WfRv3mfD37gfPrLU0/R5k2bpE2iha+q8WkATH7MaCBWVSuTwpdKVU/hF7x552AGqhqdxvXxeIKivI8EYlxFw1TO+9p+8CC98OMHqTsXsBu4sIQXo6oqiWFGeuTlAXjVrBYz4RsK6CADVpfSUvrspZfS1y+5iP72wQ9Qt3M6UQ8Gha6dz6EuF15IL198MXW79CJ65eKL6HUu6PvD2/KBD9CACy6gV9he4OmXr7mKuvI2Xr72w/TstR8Se+aqK+nvV15Bf736SvoHT/+N7ZmrrqC/XXM1PfOha3j+VfQ8L/f8h67m9a+mVz56Hb3yyY/Tc/9l7F+fvF7GL336JuryyU/wd5+g5/l7zH/+U5+U8Uv/9Ul66TOfppdu+TQ9z9b1xhupP9vLvOzvbvxv+sttn6FfXf8x+i5D5R8/ci11/cLn6bWvfIn6f/2r9PJXvkI9vvJlGvjFL9DAL32B+nz1S9T7a1+i7l/7MnX9Kn/3ja9Rd16uxze/Tq9+59v00t1306vf+gaP/5e6/M836cXv3k1dvvdd6vfAfTTgvnvotR8+QAPu+QH15+l+D95PfXl+//vvpT4/vJ9e/9EPacAjP6Y+Dz1IA3/8I7H+P36IBmD6sZ/RwEcfFuv/00do0E/N9GC2UT9/lIb+7jc04o9/oOFP/Z6G/vZXNPhXT9AIHr/521/z+NfU9fdP0quvvkqrV6+mYDBoPMN8H0tV5BngC0JHC3jMpMOFStUKpPClUtVDKBjkNSmZap+CMgcN7LnACidiFElEpAALJRJ0pKKc3u32MvW/6mqaU1RMh4qLpSoIAGbbAaHKsdExrLJo1vMVE/CCFdDegkLqyqD1ChfwU0aNoNkD+tO8NwbSbNiwwTRz5HCaOnwYzRwxnOYNH0JL2JaNHkVL3xpFS956kxaNgY2i9ydPoGVj36LF48fRvIkTaMGk8bTwvXdo0cT3aBFP17Ipk3g8QdaDLZ8+jVbNmk5r5s2mFfPm0Mr5c8XWzJtF6xfNow08fz1/Xjt/Dq1iW71gPq1eOJ82LVpIm5YtpQ3LltDqpUto3eLFtIlt/YIF9P7SxbSK5w984Xn61hWX0R++/EWa/tZo2rJ+Le3euJm2rV9H2zZuoL083rOO521YT3s2rqddPN7C8/dscmzjRtq1ZTPt3rqV9m3aRHu2bqHd/Hn79u20h+3gzp10aOcOOrRjOx3atVNehn1gz246uHuXY7vpCH8+wNOH9u6hI3v30mHHMH1k/z5j+/bSUR4fk897ebyXThw4QMcPH6KjR4/QETZMix05TCd4fGrfITpx5CgdP35cwAvPifFkwfNl2oHV57nBjxp5xhTAVK1ACl8q1ZnEACS/yjNdLYJf/2wCXxQVbwF6OqL4qjx2lKa++Bz1vewymh8wAIZ2RxXwfhWaNkf5AmAwwJfxhBXSfo9fItwvfnMkhcIhqgiFKMgWqghSuCJMlaEwlYfDFIpwqvA0enyis0NZNEIn2Cp5fiQalnlRLMcFeDDCsBxkCKh0DNMuw3fl0RhV8HXFPmER3hagAd6aEK5DhK9HKE6JEF+BKsNnMx9eySCb9fKg8XiItxHBPLZ4jMd8DcPhCM3hc/vLlZfT82d3pCH33Us7GLakPR9imkV5WVQ387LRWILXT1AZX/cw7jf+Xnpb8DgW5WXREFB6X8gflbHh1eO4N+39iXsGryRHfw15ExUWtAaucaY5iWR97AfAY6EHLbWiPA+vdZKN2OX5M3Yti/FnPm2qwNecjnZd3lLVAJCKsDVEOAfjLTPnolK1VCl8qVSnkW2PwqWBMyfzQkGMRvfYJ4q0kGMnjx2hSc//m/pecgktLCqhg8VokI4G2iZavAWwVLCTiwb4Qu/EfV6/xPma89YogRkAAQp2JEElJ8Ap/gwr55kozMMMWSigmY0EHOQaOd8JvPJ3lQwyIYYaCyu4hDCE7hAPI0NOBU8G2bAuDL3zBHh5G4CXMMOJhRIgBDgIxyTr87iMP+O6AFZwrXBMgC5pYO4sxyszfIVo3huvU7fzP0AzSorp9UCAhjzyMB3auVU8nTiweDTE+3fAjVfDuWJ13qhAnD1+gA7mJXibOFfsH8cmHibeF6AH2xRo5++ZCMUAbrI+z5d1OQ0jSCPsgg3niDTgKeeHBm+LP2NZrIj1cA1wbSSuPR8rQFfSXPYKWDOeKxwX4OlMvR3rklxbtKtUqVqwFL5UqjpkChBTmGRVKCCxT7hGuGTEyHo4jh/cTxNffI4GfPjDNNfjpSNO1aPEtsonAEOVIx8vegge5GPvJaEmRhlwYotFOA3Ygnzy5QwTZVywl8ejVB6qoEiwnL9jBBBgMB4nwALGADMAgHhu+Pt4PExhXr6cYaGCySmUQLUYF+y8TbwvE4BiYM4BMN6GQJR8x/AQCfE4yDAXkvXDvH48yibLM5dgzMsBWKSqDfvkaRlj27ydCt7mrFEjqfuHrqFNbUtoQ9tSeq5tW+r94x/SxnXr5LwSMT4mbJf3AaABY8ETRvEK3lYZb8fsPwhcip9gO8n3SZjvCOCS+Q9JmuB4cH4MXYkEr584xekYFqBLrn+Cl63ke8usV7U+D1hX1udjwr4TiTKG4Ajfg/CoMZxSpUwl+JgSvJxbWF8G3i6GxsrsH1WXjd+GSpXLUvhSqVIIBScK4eaSFDpwRMABAFbgj/DUoDA/tmcPTfr3v2jAhz5Ec3x+OuoAmI18LgDmtK3KRUOgU4RDgLeuwlNIe/ym2nHeqOEGHhi6YgxICQYdSpQziFQKfFQyBMUZJAhA4BTMgC5cJws9tnrYlNk8zaBAvA4jGIXiIV6fU1HMeHkwCGwBnHhb4kFyBt4R/zegEWLQkRd9J7A9Xp+nISwHjw9MYI2Pwxq8WLhm5Qx3k0cMo2cvv4zWBgJ0ks93McNXz/btaOAjP6b1a9dQZYhBJlbB+6/k44nw9pyjwIsukQYMTXi/Z1zOB+AF35y5P+W47XlXGxjeOA0TcZw/sItTQbaH9W0a8AhL4thNoslnI6zP++P14ScMox1iAsvxvmX/zjVwlsc5yxjznG2lI2wDYNwU21Kpck0KXypVTXFmj8I46x6vmsLuUT6i+ozpCwWyFMqxhDSafu+Vl6jPRz9KM71JDxgCYuYygCGCOqK9V3oCdIo/lxV6aK+vSOBr7lujTJoDNuFRQuVfoow/mN5zZWHgAyq9QKRJUDCFc0I8RsZbYq8b5sM7xGCDdnTwcMHrxSBnEtctTltAWA1vC9ZLMLjEAF5yDbB/1Ckml7H7xLEnx7xUJCIeuCAfNzoNvHDF5bTJj9ckeemUz0sbS0vojc7n0Gs/eYhWL1nC5wdQ4mODRwlVzzgmNkwj8j96who4hA+0hsfJOWZJDx6SwrFE+YiNNxDbcVpuma+tXOdcXbyc1N3yOaLNWQzb4898TNibleyVt2HHTSV4Ji1cq1QtSQpfKpVLtsqo7sIoy0KBxoUnvA5S8KPQk0IwQYf37aX3Xn2Zelx+GU1nADvMwIXo7dUALMca4ePdhLECPx9jgIIFBRRk+Nrt8VP3TmdXwRccMiEGjSBDSBRVayiAeZ40bneSpZokjYwHq7ZwHdmQZoBYua61ry1/K2CDbdUWr8fpDWdXnevzfHvvSLsnhjC0W8JnNOaf8+Yo6nbZpbTR56egl83jo1NeD61lAHv9/PMEwFYsX04VEVQLOgAmnjveLm8b1ZBgHhxiYwTkwqHjuFKd4RmFlcFs4LAsC2mIzhDN/mNIpWpCKXypVFZcwORiOxMufinCRALvCxfDXBhxCewA2LHDB8UD1vO662gaAxjek2heG+OqgmToaW4AI/Ru5GNBPDIq8FGCDceHF0fvBXy5PF9wXKEhfDlPAEGYmdDmW153WdeVkWt2uuuGcvsM4JL0mKUQNo2639NIqh9x/AI4gDkGMQYyNLifO9rA12YGrpDHKy+qDnEaIGbbutJiiV024KEf0dr3l1FQ2mrB/WcADFsTjyf2f/pDOL1k3cZuwNl/M/EP0lI8YDn2bKpUjZXCl0rFQuZuvAK5mblLYS6G/3DBGAADUJSdOE7ju3elnpdfbjxgrjZgVb0gAT0poCibBvBCD0dUPeIdgjg2vAYH1Y5dAF8jhxt4iTB4MWBWMGyG+AQBXTw7L2QhUBr9o/E+n0cwWElzRg6jV666kjb4fc6rkAIGwAp9dIKBbFW7Eupzbifq9+Mf0daNG6Wy1AIY/H3m2uMuaL3wgXtDPGCng2SVKk+k8KVq9TKZOqqKcrtgw9HVAjBUA3FZVH7qJI3v0ZV6XPthmuovogOBAMONeecj3jVoqyBTQVE2DS9sNuARoDKGrxN8TLsZSNDma8nwYVLFhOqtWBwNrcv42pTzdTmDyyoHBUiyYRjCoQgtf3s09bviCtrM523fR4nrYwGs3O+hjW1LqH+7Uup17/dp85YtLgBDWzDTCL+1Axi8X0jX1psCqpYihS9VqxY8FaetbsoxJQEMVTBo/M0Q5gDYyWNHaWLP7tTrI9fR9OISOuxFr8KC6mEouNBPBUXZMni+4JGr8KKnYwGdKiigXV4DX++PeUvgCyEmKG56KaJxuZxcHsngkWkSj+pTvJtz3nvj6OXrP0IbAsUU9eIl6Gj7ZgAs5EH7Ny+VoRE+A1jXkhLqec/3advmTRRCQDFUPzKEqQfMCM8sekHyhDNHpco/KXypWq2QiUelfU2+Fe4GwEzxzoWz4wFDG7AjB/bT+Fdfob7Xf4xm+/10IOCvqoKEIa5WLgAYQBBAiKrHPT4DX8veHkNhhi9UOaK6zvSyy9cClu8tvr8QaiIUidJ8B77W8DWJMHCaa4J0aOOE3YCn0ittwABg/UqLpQpy7dKlVCnhFqwh3ITxfbZmAIMHzMR3UwBT5acUvlStUtKAGRl3nmbeOGogo/SIA6S4ekECwCZ2e5X6fuxjNA3vgvSZ9lU5E4YC+2YDCMIrhwj3eJH2onfHUhnDFwLKRp1zzE/hyoQpHo9K70S8zmjB+HfopY9dRyuLiyjoK6RKbwGbV8ALPUDR8cACGDxgCMba/+yzacAD99PaZcuoMmy8X1IFKV4w4wHL51RKV3h+JYq/SpWHUvhStT5xpo3I5Bjns2zRK34QxGcAgDF8AcCOHjxAE7t3lSpIaQPm81HQ68kJACNn36h2Q+P7/d4AdUWbr7FjJDAp44XgC2TOMZ+uE6Ae1cEVDAYhAWILXy9+5MO0KuCncoYveP3Q9g0hN9AODmlhPWCogsSL0zcgDtj559EbD/2QVi1YQBUhA14GwNDuqbX7v1Sq/JXCl6p1iYELv5hbSnWFgS8HwBCGwgEw1EgeO3yIJvbqQT2uu5amBIpov9/vigPmFa9Ts8QBc8ALlmhTwPBlItzbNl/SsNypCha4yJdrJfcVH38cQU2DFIyZdyrGGb6WMnx14euwkuELL0QHAMfb+Nl8nAYeSRc3gIULfXSSYXl9aTENPu9c4wFbutQVhgIAhipIRTCVKh+l8KVqNULBKLGCWlhBhbOBWQBzV0GWnzhBk/v1oZ4fuY6m+AO0nwt/4wHzcAHv9ILkgj+bAIaYXzLNYyoooEOFhfTaWR1puQNf5pycAUCTL1VLnOwIxIpI+HgVEd6lKFHxGb4Wjx9LL3/kWlrN6V+Gl6FLGvj4/L08BoiZNEE4DtsLMuhhUPN7aS0DmETCf/B+WvP++xTi+7g6gJkr39rxS1NAlU9S+FK1GpnMuWVm0Aa+agAY2qvzzIryMgGwKg+YKwxFc8QBs/AlY4avfQwfPc4+q8rzBdlApXbIC/FhIhApqgTxIiS8TTHKl0I8X1MmULdP/TetKi6iMl8SvuIFRTz2JIGUDSDmDkOBSPh4FVHvDu3p1W9/m7Zu3Vo9DAXvD6kFy5ekypTy5l5RtXopfKlavKRhboxhJF+qrxopnB3QxRTD1QEMccCm9e4hbcCmFZXQgSIDYNUCsWYpDpgJtGrNS7uLSqnbuZ0FviTmmlTf5ee1kij3eJk1lUubL7wLEfC1cPxYehGeL053afPF6R1tE2BD1aOpdqyZRlUeMC/igJlG+P1KiqnHPd+jjevWUSiOzhbuRvgGveVGaMVSAFPlgxS+VC1aVdVWLRy8rHCWBsAYvIS8GMIcADt59AhN7dFVwlBMLykVADMhDwwMZDMMBeACbZzgfdvPMNiT4WvpmNFUydcKvR1x9PmqODo/IDI9QkQwG0WDMZo//l164eMfoxUMT2jzhThn6PEYKfRxWpiq31RpBACzvSABYNvat2cAK6Ie//sdWr3MhKGIp6iCbC33e11SAFPluhS+VC1XXACJx6uVyQ1g0vMO8Q7wKiKeefzQQZrS7VXqBwArLjFhKNAGyQGwrPWC5H0A9gAX+/wB6tn5HFrw5kgqB3zxdUOMLHsWeakE3utIFGKrDEdpHsMXejuu4XM16c3g5UGg1dTgZc3dCN8CGDxgb5zdkV574D5asWABnQpW8nWu7QFr7fihKaDKZSl8qVqmuPCWdkNsrVEodoy5qiARhoKT49jBAzS1Rzfq/dGP0ESnEX6yFyQDGAMBvC6pYKBpDC/YNuEWKhn69vuLqBfD19JRIynK8BVCVR1Do4kPj3EeFqKALzYEWS3nHwALJrxHz19n4CvCwAmoqi/k1gIwBuYt7dpKI/w+P/g+rZg7lyrCBrwEwPh646obAGvdACLn38q9gKrclMKXqsVJoAtVjSopeo0fxAlDIb0gTRUk2oC9eu2HabzfzwDkigOGNmAAMC70mxrCpLqxjYeBwk/lvJ9TDGF7GChebd+elowYIdcN3JXAux1RAZmolDPIJwny8HkgSj+icUViUVoCzxfD12qfn8/d0+B0dQMY2oAhEKuEoTi3Mw28916JA1YWcjxgCQRk1SrIKskPMQUwVW5J4UvV4iQZrWa2IqQC0CUJYNGqKsiykydo1sD+1O0j1zGABWhfAAU7AMx4peAFa2r4AkTE2ngpUeATb1uQQWRXAcNXxw60bPSbBr742BKIDu+0Y8K1xJAPssdpjjghABYJBWnZ5PH08ieup5UMujFO31RpcybDtXD3gjSR8Etp+HnnUq+7v0MrFi2kIEKpVGsDph4wSPMEVa5J4UvVcoRCWjPYlEoCmNMGzGmEH6ysoNkDB1APxAFzhaFw94IEMKULYRLGgreD7cG7hjALeK1ODA3uvYGqIKt4XQx6O9p3PIrfK4/KTbQxRI/NKI8j0Sh/jlIkEqJl48dRV07j9Qy38CimSqMzGdKwJoDZMBQDO7anPt/9Lq1dtYoq5e0NALAQX2LzMm730FqleYMql6TwpWoZAnhxoZc3pXQzKAlgqAxL9oIMVlTQjP59pQpyEgOYDUNRFQesidqAYRsAL7xOB54vAF600Eu7GCK6dTqLVk4Yx6AFXEBvxzhVMkCYgKL5c1mljSHuRQy4H1lxhrBl49+hrtcxfPmKBDhTpU99rQrAPEWESPhoA7a9fXvqX1pM//nKl2g1A1i5pFv1RvjiVURa8tBaJWnQis9flTtS+FLlv1DY5Uvp3MxCKklFVMJ6wHgO2/HDh2jUv5+l/1xyMU2GB8wFYDD0ymusx8YaoMF40bwMXUXS5quC4WsbA0Sf88+jVQxfpr0eLinej4igE4CH/Lq28H7hmOEBQ1EfiYRp6fhx9JK0+QpwOtaO69UQc3vA3L0gN+Jl3Axg3b79P7R2+XKqiIQkDEUiUclHUc7jEMMYnhXcA633eYnzfa8ApmpuKXyp8l7W26Cqn5BSVWEo4AVDYRRN0MHdu2jIU7+n5y78oADYkeIAg5eFJgfAHABIxwBzQY+P4auQKn0+2skABs/X8rFjpNoxHAMcMigkTrGhx2OeXVu+FzFEGMKCPF3B4wUTx9N/rvsQrfDD43f68BL1MQtgNcNQIA7YoA7tqdfd/0uLZ8+mk6EgX2HARoitnA8OMMbpKX+t95kRAEO+oVI1kxS+VPktFHQKXg0SUsvggfGAxdGzEIVRPEH7d+4QAPvXB86nJYEAnfLhBdxNC2AIKoqqTGnUz7bH66Hunc6mlePHMaygrVecJFApgwIXkzjkvJR5xyNRRTQJXyu9XjlnpKmkK6dDqjSqrwmAFVYHsK3t2tFghtkB371bwlCcDFZK2ItqAIbqt3xqTJcBwTOpAKZqLil8qfJaAK/WGEi1KYRiFxVjqJqKAcCiXBDx38E9u2nIH56kLmd1pBU+X3UAa5MEsNNB2JkATbZVaBrg7/Ek4eskF4aobIRPzhxhvsmkKuJlxCNRNqJYOEZLpk6m5z7xMVqC1wt5C6mSAQygFPb4OD3SBDC+NtYDZtqAeWhTaTGNOfdcGsoAtnb6NKoIBqsBWDyO907ytXeqIVurpJpbf7ypmkEKX6q8l7xPD+2XNBNtsAwqAMDQBgyhKOAPIzq6bx8N/+MfqCsD2PIaACZtwAAMzudqIFDD3N9ZI14P4xgbquD2eH3U/ZxOUu0YjMcltGr+4jSnKKclxRkhY3wmfCLxUIyWz5hGL/7XJ2hpwE+nGL7QkSHoBSwFOB28tdKooQYAS7YBY7BjANteXERjOnWiwegFuXA+VUZN8FUDYBV8zXnM6d3af7sYAFMPmCq7UvhStQgh80Q1gqrhQnEcY/DCi6ABYfA6oTwuP3mCRv7pafGALXUAzDSYdwCMzQ1gGNvvrdWCBDvN0GWq3gpoV6FH2nzZF2vn7VUEuMbYEjEKM0JKmkYNfK2ZPZNevfkGWshAdIrBCNAZR7iNgiIeF1YBaWPNtgGLSBWkCedRyTC2u6iI3ulwFg3+xtdp0+xZ5qXlPJDjAUPbOsQiw++W1vrTBemhbcBU2ZbCl6rFSABMM9BGKQ5wYFgwFX5RtAoSAKs4cYKG/78/UteOHSRAKAJ7AppQ4CcBzFRDArzw3ekAzK4Lw3KJwja0n9cf0LEjrWD4cocCsOO8UZzTMMIpyOOyUJDKmbzCfAqAr7UMPn1vupFWB/xU7iukiKSDj6ELAWdNOtT3dUNnMqSxBbAgj/cXFdPwQBH1/8Lnac+GNY5XEanrVEEmGBR5KorwYPJd65T2glRlUwpfqhYl8ZwogDVO8Iok4AGoDmBHDx6g4X94knqedy69L43wPQ5EAcScNmD8GTBlLRV44bOsB9BgMAAcYNm9vH73s8+iRe+OFfiy5V++FYTwHgFgYrE4p11IBol3GorTujmzqNvNN4rn64THI28PAHzFC4p47Enb81XTkM5I3yoAKy6h0QxgA774BXp//DgqO3mSU9e0AUOvUrxNAJ+S6Nv6hDNHcFxtA6bKhhS+VC1OCFegANY4oeCRd0AmTCBWYBiqqhCGYsSTv6M+F3yAlnMhbgEMQGV7QdYEr5rwBQOkES8r0e55jGqy7V4/dTnnbIEvvFg7r68cp5X0Hk2gUbtp80XhOG2YN4d63HQDLQvAe2jafEUKAmJxhq+a6dQUhusDyAOAoWH//qK2NKaohHrf8Cma+cYgOnHsqFxrY+Z6I/WR/q0ZPwBgmn+oMi2FL1WLlHrAGi/55c/pZz1g5j/R/h3bGcB+S73PP5+W+2uEoUAvyDbGA3Y6+HIblo0WeGhncQm9eG5nWsjwVcH7xSuF8rrwR5iMRAWnIUNYhCfDCVq/YD69esunaXGRga8KbwFVMBCF2NDmK1X6pGtIfwtg0UL0iPQygJXSxJIS6n/TTTS1dy86sn+/CTkRc7yeAmD2lUStUzhztIPT/EOVSSl8qVqsTC+m1vwbvvESD5i0gUkCGDxgB3buoBHoBdmpEy3z+asDmLsK0gUBdRovFwF8+QL04jmdBL4Q4wvwJR4juXb5eP1wzIwwfPxBLr8R0mEdw1d3hq/3Ob2CDEMhhqEg4BNVsKnSponMDWDwgCEW2P5AMU0qbUv9PvEJmt6nN504ckSC7OKF6xbAUOGsAKY/4FSZk8KXqkULEKEZaCNlASwR4YI4CWBHDuynEX9+ml5x9YKsBWAMFafzfMFLhhhfCBC6vdBHL3Q6S95/GOICLxLj6xVhi4f5GOBzy0ME4HRChPsyPp8Kvv/WLFxAXW+9hd5HhHtU0XIaIH1Ol0ZNZVUA5uE0ZwsygO0N+GlaaSkN+tR/05Se3QXA+CIbAGPwUgDDXefkHXwtVaqmlsKXqsXLtGPSDLQxqvKAuaogAWCnjh+jUc/8pRqA2fZeqcJQuEEg1sbD3wcoWOiVdztu9zjvdpz4rrT5isILE4kxDJzkA6hkyy94lkKb0wxVV1FOqwif05YF86nfZz7tvNuxkHPe6umSSZNrwNcC1wcAVtUIP+CjKSUl1P3aa2lqv74UDAaTACbtwADdGHBGrVOt98xVmZbCl6p1SAGs8XIAzB2GAgBWWVZGIx0Aq14FaV/GbQp9C2ACXpgnvfyKKVzgYwjw0DaGr66IcD9hHIXh+XL2F8cLoZ2XQeeL5B6T4zfAGItFKRoO08Z5c6jrp2+kZUV+8fjVBKRMG9Lepr8JQ4H3axbQAT6eqX4/9bjmapry+kCqqEBbNT5wxwOGtx+0VgCTZgut7qxV2ZLCl6rVSD1gjZdJu9oAdvLoERrxp6epx7mda4ShgAfM9IC0YShMmyMEVy1kEDCgFivw0m6GsP4fOJ/enzxRXkSN1wvJmAFGXqsNnhEAy/FrhzQCdPFYQhbwAPiCF2zL4oXU9/ZbaRWnD9KjJhxlyxDSwlyLwioAO1gUoAkMz89feglNe20AlZ86RYkYpzVfblsFCQwBk7WWpwfXDoNKlSkpfKlalRTAGq9UAIZPx/btpbf++AcJQ7GsqGYYCrRvAnAZ8EIvP0AYwitgjOrJ3Qxgfc87j5ZPmkAh3gde/eyE/2T44n3w5cqHS4b0ieIVPvDasaHwBnzBNixeRK/ccTstLfJTjKEnFRhlwySeGF8L6f1YE8D8furzketoat/edOzgQdMIv1ovyNbhAYtrrC9VFqTwpWp1UgBrvCyAVQtDwfMO795Fbz79FPX84AcdD1j1MBTwdgG+Khm+UOjjtTqocgwWemh3oZ96dT6HVk0Yx2W96SWIV/TE46baET6XfCny8aYAidIv6QRwjFOUQWw9w9dLDF+LGHKifM6pwCirJl5JA8JuAJsaKKKeH/0oTerelY4dMgAm5rrmLRbAcM0w8FilyrQUvlStU07hqGqEJO1MYWx7QQLADu3dS2/9v6ekCnKJP0AnGcAiTq9HC2ARLuQR9iBc6HXgq5D2+gL02gUX0OqJ7/E248SsQhRDgCz4wBB4wrSfyitxeiDWXJgnK3l63ZIl9DLD12IGnIjHdEZICUXZND4GeMBsFSTgeH/AL43wX/uvT9K0nj1MHDB4wATAbCBW9IIEgvFpysnmvwSWAc0t5oxUuS6FL1XrlUCEZraNkhRWtQEMVZBvPvNXeunss2iB30/HAj4HwFD9yADGhbz1gqHnXaiggPb5/FXwJZ4iRJeIwnvEACYVm/l4jUyPxzCnCWzd0iVS7bgEni+Grzifuw1ImxKMsmV8DPCAmThg8IAV0j6+ZghD0ffj19OEV7uYMBS4DNYDVgVgLQRVcC+jcT2PVapsSeFL1cqFAkQz3cbIeAu4VI5XfxXRyWPHaPS/n6UXGcDmVAEY2nkZD5hAmNfEnAKA7fP5quCrnAvBCr4c8o7vvL0saHQf5rQpo3iEUyWSkDZfqHZcyPBV4WPI4fMPcnpIuzc3DDWToYoYQGyrIAXAioup38c+ShO7d6WTJ04YB6QLwNDiL98BDPewtM9T8FJlWQpfKhVLAazxQiHM2MUW5bIZxTFRsLycRj//H/o3Q9VcAJjftAEjW/3IhTy8LeU8bxsDSf8LPyjwFeT10dsxDysaHeFOQrysk2wMLGH+zPC1+f2l1POuOyXURKXXeb0QWyWDDjojpAKibBoBAvla2CpIANhhBrAZ/gB1uepKGscAVi0MRQtpAyY/IBS8VM0ghS+VioXiI3+LkOaVFF5cGEsvSBTICLfAKj95kt78x9/olc7n0MLiIgNghQbA4m180vC+wuehraUl9PKll9CSKZOkwXr+ghc6BzKOxJEGpxjBQgxfPBMv1l68iF684w5awKBp4Us8TQV+QtDZZq9+ZLMAZgKxuhrhe73U9coraMrAAVTG11SqIJ1ekPkcBwxBcPWZVzWXFL5UKkeaETdeSDm014rjdUCohnQADD3mRjz7d+py2aW0oKSYjjJ4oA1YogCeMACICbLa7ZxOtHTi+Pz1QvBhowYW7dVisThjV1jgC5/h+Vq3ZDF1kQb3xvOF6kaJcyYginZXOdD+i80AmIEvC2BHA34BsC4MYO+9+AIdPXTI1Qjf7QEDguU+Oou3i+9PVDeqVM0lhS+VyqV8BDA5Yi5HmH0aLVP94nxohLBrtPfC64GqAEwKY6LD+/bSiH88Q92vuJzmerx0HB4wLtTjUsjj3Y4e6nnBB2jp5ElyHHXqtN/xH8rS0yxT17XFXMEGnjBH3AghAcI8YtCKxWIUYfQCfMXRaTPM8LV4sTS4R6gJwBeqXFH9Gi3Aq5ZyCL4w5usSk16QuD7mVUTwgE3zB6jXddfRpG6v0uH9+/jc+KQBYFLt7HjB0NZNEiM3hfsLcdfy8TlXtSwpfKlUNZRPGTN4QyJhoYG6wAfmNkBcGAmvoLyEyYf6bsRZkalPqttQsPG0QJiQEBdy8Ibx1KG9e2jUv56llxiyZhcXM4D5JOxEtMBL23wBevGSix34wjpYt7qst6LWtZGqr6jsX97FzWPnRORrCMfgTJhxNQEWGZawPn8yxXL19U8vPlYcMzx94uWCR4WvSKKM06DcVDsykG1atpRe/ewdEmoiyPAFoAl50OszIACWC+BlzQCY6QXp9oDhVUSz+NoN+PjHaUKXVwSq4QEzcdn42sTYOC0NjOWmYuLxcu4HlaoZpfClUuWpABqIgnWKDeBjmAHwUL+iT5aLG48PXuMTAaSIqwYkV59toJAN8m5D/D/G/9H7LSSG8Aox+R5whP9ERw8dpGF/fpp+3q4tTQ0ETC9IBpCtPh+9ePHFtGLSeF62gtcFvNQoIHF+sGriZeT9j7yO+JoQdR8IxWcj54BVDBjINOCtahsYY/0Knl/GR2zWj/AWpMG8bMcsa1KUB2yrWs84rM+AhV6NvJ5ACLwqccxD70A0uOfFGL62vr+Mut/1WVpQXETlDnwZAPNKm69UENTs5gCYOwzFAYbmaSUl1O/662niq13o2IF9cu9JD1V5JZFJb1x5m0q5IGlLmAreVapmksKXSnU6oaCtKmxzSPA0MChF2MI8Lb/mpd6MixeBDAMcdcnABC8Ti3PhGReAqxBcYpxLBPk747WyqlVoSboAck5yeVvOhW+EKqXaqUzmodE5XhUURvUjb8sC0PHDh+jFv/yFHmUAm8MAVsGF+SYGkBcuutCBLwYhVF2hTZFrl3K8rhnmE5NN4hSzTQVV8P6AQMBA84IinIMblFiuafHU8NLolQgvFdaX1xnFcQ4VvGwlxaKm8wDSwWyH98ljGTCOop7xBCViJ6kiGjJ75fkxx/Ml6ShJnKBta1ZTry9/kZYUByjkM6E2Ik51Y0rwyRXj43MHYhUPGF8zeC8HXfthmvbPZ+nUkYPmWiNd+Xxxzkhd8WA6171ZxcdmoDkHjkWlcqTwpVKdRihko3g5Mo+zKuyvrn2iEAEYhBke+Njw2UECU+ihBIyh4KvrmHk+lonwmEtMwBdeYl2JKjyGkESE4SeCbSer/7BtM0bB6nzGvuMADHiMEGqVCziGkESY5/G6KJAr2GIohG0jfF6tvLycujzzDP2CAWyRP0Br25dS96uupFXTp3I6hwW+pCR3HHBVwMPrw7B/U7WJbQb5+oSpgo8F/ir4rRB7DO/nCzFYYjlzDfnYsD4Psj6W5TSMR4J8mgxezvqyvKzP6zI0IQWkVxzW5e+QpjLG9sKAr0oGzRCd4nkAWBjOO85piPTF9hjlaMPq1fTKl79kItwDvtDpgOHmdNWN+K65qyPxLkjbCzIZB6yQDjOAIYTIgMsuozndulHlqeOSrvCCIXnkH4NsMlBu8wjXSns1qnJRCl8q1RmEgjzCBa0UutkQCowoowwXGjWFY4g74JVgYMAhYSlU89nCHyAV5nVTNSxGAVnJ34V4+zgnQI5dF5CAmiOcL9YFOICB3FtAUYo4XFheevaB/dgwXyrqhGrMd/Z4UDVqAUw2yAdx9OQJ+tdTv6PH2ren4Wz/uuJy8XwlGLxi8D6F4hQKYRpnkDwC4BMgqYyPLQh4CvPGeJs4Djk5bJ8Nu8L5yL55HYNd5lzgncJxBQWgeI6zDs/GwmZ9Pg98hXNFOkDwltmXLmMWDOcpxusxrzm9G802YIywki671qymAV/6osT5QigHwAygBoBTF2BZ+GpuAIPhWNE7E/CFXqqRAg8d8xfRNK+Xel5wAU1imK48eUzSF5chgesGAI3ZKtzsC8diXnSOI1KpcksKXypVPYQebACijAMYb1/apjieFik4XPsEQsD3A29NhL9zWEEKeQNFCQGTkAAUqtUYFlAQ8jyYaZ/D4MImnh9nGutgPkAjGk1QJZ/rKd5+OfbBhuPAuILtpGMh3jY8SnhxdDmPKzDNhioezDvJ0zA7PxaJcFnMUFnJxts/cOAAvfTHp+ih88+jJ6+8glZPm0xRhspoJEhhLriDvHyUx7FIiA1j87mSofEEjyt4HMHybBiHQ8YiQV6frYKny9lCPI15kZCxIE+fYqtkC1VWGsO0Y2H+HK6opGBFBZWzhSrKqbK8jIJlZdXG1QzznPkVznS5zD8ly29cvJi6feHzNLeoiMKFPgNViHnGICPepRqwA3PDV64AGKARPSDhBTvh99Lukrb0nj9APS++hKa89CKdOHpIYB7tB8XrleBrBw+Y3LvZk9zvfI/ieVGpclEKXypVPQUAyaQHzLZLsQbgQ5UngGDX7l20aeNG2rFhHW1fv5YN43W0c/Vq2rNuDW1fvZK2rl5FG1Yup/XvL6NtS5fQjiVLaMuyJbRx2VLa+P77bMto89KltHnJYrFNCxfQVl5m/YL5tJE/b2BA2LRoEW1YsIA2L15Ea+bOpfXz5tLKGdPFVkyfRsunTaX3p04RWzVtEq2YMonWMDQt4zHs/QnjadXUSfKdzJs8iZZiPHECLYKNHUOL3n6L5r/3Ds1/ewyN7dWTvnvrrXTXRR+kwX/5Ey1+cwQtGDWc5o8aQXPfHEULRwylhSOH0pKRw2gZT88ZMYy/G05zhvH0GwNp7sD+NM+x6QP60bQBfWlWn940k216vz40s29vms3TbpvepxdN6t2TJrNN6dGNpnTvKtNivbrLZ9jEF5+jt5//D0146Xka++9/0oR/Pktj/vNPeu9fz9I7/BmGz2Oe/btMYxl8xrst3/rXP2Te+L//lcbwev/81S/p8es+THO9XopIhH9U4ZlXLgnYMNS4QccNXSYeWPXvm834WNAA/6TfQ0eL/HSwuIg2duhAA9u1p7/efhstnTGNKhiS0fkixvDFKM/wxUDOU4JCWWKhKB+DxvFS5bIUvlSqBkiACFUZGShFTNuyuDEGPewLv96PHTtKXV55hX7wrW/R//vqV6TtEKwLW887b6fXPnsn9b3jdup1x23U7dZb6MVP30Q9brqJet5wI73E08995maZB+uK+Z/6FPW/4Qbq+9//TYN4utcnPk79/uu/xPqw9frEJ6j/Jz9J3a+/nrpd/zF68UPX0CtXXSn28tU8vvoq6srT3a+6gnrw5778uRtPd+N5PS++mHpceQX1uupy6snzsBys1yWX0IuXXUovXHABvXj++fSvyy+T8UsfvID+1qkTPdm+Pb103rn02oUXUm+e3/MDbBdeQL3OP5d6du5Mg87tTEM6n0Pdne/68Ly+HTtQ/7POYutI/THN1ottQIf21E/mdaTX+PsB53SS797g+QN4/NrZZ9MAtkFnsDdKiqlfaSkNOecceoO3M4LXx/zhbEN5O6POOpte5+Ma2rYdvXl2JxrB5/EG22A+lyG8zOizz6LXO51N/4+X+eYlF9ODF3yA5hchtIQJMCvwBeiqAV4wN3zB25QL8GWPB0Fyy32F0lt1X3EJLeA06sFpNODRR2j7utUU5OcDHlSJ90aAIL6veSob3OX2GqtUuSyFL5WqgYJXKiK/rJu2LYmp3mPgcgZsX9qb8b6mT59O937pi/RrLszf4sJuKoPB9OJimh/w0wK25T4vLebxIraFbEud8bxAgOYWmflm2QC97/fRaq+H1nr9tMHjp3U8Xu8ppPWFXpm3zhuQ+avZVvCyy4uLeHmvrLPG+X5ToYe2FhbSRl5mE9vmQh/P89Fmj7GdngLaXuDhefjOT9t4ejMvv4G/W+tj4+2swZhhZB3bet7HFm8h7UU4A4aSXbyvnX4/7eb97+F19/O8gwwsewr8PO2lfbz/PR4v7fUFaA9va3+BT2wPH8N+/u4Af3fY46FDfGwH/SV0oIBhoQ1vg78/zMd/mI/jkJfhgc/rgK+IDnL64fNB3tYBMS8d5X0e4vEJX7GMj/LxH+bvjnuL6Bjv4zgf357SEjrCaXrUH5DxIT9/5zPzDvA5TeJr1P26a6nXT35Mz990Ay0uLWZ48Zlejnw+Al4p4MsNO9ZSLZMtw/5xzADGKFuY0/Y4n+MyPt/XzjuPht1/H+1atkSqhVG1bTop2Ab3aHuYeQG4TNMAbeOlyn0pfKlUjRDACB6wps/oHfTCL3c2/IqH2wAAtmTWLHrx85+jsYEi2sNQcorBo4wLwSB6z3m4YETkdDZEUJdAnjz/FH9fySCD+Wijc4zXq2DAQciACM8vZ4hAQRrnAjXGcFHJnyv5M177E+PlsC23BXkdrGc9NxW8XAWvE2WLOdMV+L4QhTXaCKGBdqEzbRps49iwjRC2x8eIzxJ+gY8JniBUs1XIcj7ZByLho70R2kclGMQSDFEAgBBvo4zPp4xBC8eMRuAh3n8Z768C++PtRXk7CcTRwjZkfRyL02ict1HG4zJeB22YsP8gL4/18RltssTrJMsa8IjL/r0yjYbzJziNMMa6CBqLuGVhD8MdAyWqGLtddhm99c9nadnkydTjy1+k+QxkYd6fAJVsOzXswHIBumAWvGy8L0k3Buc1Pj8NPessGv3wT2jv6pX8PEQEvMQrzPetvHZI4Cvz1X9Vcbywb5UqD6TwpVI1UhbAmtoDBqEQEfCSggzGABYO07JpU6nLbbfSOC789gKkvAEp/M3LkAE4BQxQxgAPgAITIoDneQuoHMbTFVin0MfQEjDgwfMAPTb4JwraGC8LUInwOMifQ7xtC0gCBrz9Sv6M7WH72AY+Y32BBl4eY2xX2i3Z9WC8XXh88BqbEI9Dsg0TSyraxs+f/XJ8gB7sD22isJ6BIbMejkvOifcjMMnbwPgUPmMf/Nkeq4AEtuVsQ8Y4Xl4fy5u0Y+jiaZyP3R6OG2MzjfMBOPExOvMQq0vORwzzfHSwqJQmMpg82/kcGvPcf2j/wYO0dc0a6v3VL9NShJrg9ZLrJCEnFw3HJ+Al6YHXIjHQ+zy0lu+9YQxeYx56iPajqjEek96lNtSE3L+ALvRyzbCwr0x4olWqTErhS6VKQwJgscz0gpQGyjyYDwbAAHsrZ86gF2/9DA1r3562lJbSySKGFS4c4XmKFhRRRYFX4EuAh+EC3wGmBBzg5eF5FWxhBpx4QTFbEX8HUAEQBRh+Asmo6wwsgCjxXmGazcKLKaCxjQCPjUco0cbnWLLgFujBmE3CKzjbwffYLiArXGj2CzPHhG2aUAzWqrbnfMZ0yONjUON1eJ9UwLDG6wU9RTzmY3GWxXL2mK3J9jhdAF8VPA2wAFRFeBtBbxHDBtplucELx8ppzMeEbVmYxHchBxgBXocYvKb6i+gfDF7Dn36KTp44wXRAtH3tWur+1a/Q3OJi8QyabcIDZ16sbc8pl8ymtwUvGMBrvd9PA9Eu7qeP0J4Na6Vnq4QewT0aAXwhcC8a2GdH2sZLlY9S+FKp0pT1gDVlAYAtwQBgMBEKN/6LRWO0YMIE+vstDGBcCO4qKqJKgadiLiwBHn6BJwscAAXxZDkQhWkAWdBrQMes46NooZenAV6AqGQBDIixY/FWYex8D+AC9KA6DwCXYOghgI/zvSyL9cVr5ExXrcvfs4UZxEICYKaABwQZmEsu5+4NKNWHPMZ2ADEmdAPgi4EJEOScv13eGpZHSAcb1gGfAVSA0JjsE8frkc944beFL3yHYwJ4CXQ56+I7QCzSMegJ0KFAMc0KBKj7BRfQmL/+hQ7v3W1q3CJJ+FpQFKAyXyGVOeuGGBRjDqzmkuH8BLz4OJMer0LawPfa4I4dadB999LWFStIOqDwfQ8zPxDQZhGWDVmPl/ZqVOWfFL5UqiaQFEJcEGQPwCK0dNIEevHzn6V3fD46JF4UQAi8QAAFLkQBOoAWAAOb8d4AHgyEmULVR5VeVF8mq9pQ8LoLYncMqprfwUybKN4mW1298lKtZ+cDvir5uCpluvb+T2cAPpwbvHI4V0wLBNZYzsKbG+Jg2Jfsz67LBiAzaYV0NOAl+2GT5fEdpxUA1kCshw4GfDSzpIReveJyevMvf6Yje3ZJoFunvTnD15oqz1c5Ly/Vs7w9ePzcsJsLhnNEWuBaWCCGx2sDg+WQTmfToB/9kDYuQeN6RJfl2xHwY99iIOElslPViEb9eO5UqnyUwpdK1USyVZDptD0xFY0OaLEwBbMAJt8B8PgPBc/SSROpy0030tt+Px3woMG5nwtPbxIW4CVyoCIJJzDHC8YQgKo3C151wVOqIKDWbGEt+6jxXX3MHJeBKEynWgZ2um2j/RmqEU+7TIp51vCdhVNjSAs3eCXPEQ35g+K1YjjxeMXjNZOhqt/VV0tMr93bt1EoFklWxTEf4N2OgK95xUWc3h6GN1PlCPDC9rH/0x1ftgzHgPO04AUr83lpHd9fCKMx6N57acOiRRQJM1Xi/ZtyrzN08UkitIQJL5HZCkdUM0q8PTwEKlWeSuFLpWpC2SpIAaQGyqCVGdzCJ1iVB8xW8fAfql1WTJ9KXe68g0YG/LTdZxrho/rMeLgMgFkwsoWrzAdUAMC4oBWPF89PVRjXtJrLVFmK9bNqae4f54a0ERCsAV72O3i8bAeHEIPX8UCRVDX2uvQSGvuXP9G+HTsoHI9QkMLymifcCqh23LFuLfX82lcNfKFnJq+fBLzk9Ul1XNkye45u8DrF4LXG76OB7drSQMfjZcALNyTuRge8+D/u0UxLPF78owMhWFSqfJbCl0rVxLLd3hvjAUviV/WiDJ+MOR4wfHAADPtZNWsmvcQANpQBbLM/YACsDdotwcNSHcAMfCVBI1m9lqyuw3L1NXcBnq9mqyNxPqZ60aQJ0sieZ03wOlxUTHO8Pur5wQ/S239m8Nq6RarCookIxRLlPK6kRJTvAQe+ejB8IdREhbfQ9KjktDftzZq/2lHOm88VEF4NvBjmB7ZvR6/d833asmJFVVVjErwQQLXm3ZoZ2R822rhe1RKk8KVSZUAoIBrbC9KglxncwieYgS+egkkjZ+MBWz1vLr369a/SoKIAba0CMAMRxtOFaXi7DHzVBDALXxY26ms1C/J8M4AXzJwP0gkeKZNOFr4AXqhqtOB1DB4vBq+XO50tjesP7d3LcGAD5DKdxE+xnTQvl2b4QpuvVxm+ZpSWSPup47xNhPsIecz1SXVc2TKcH84T52Yb15+04IXo/g/9SKpN4XFygxf/vJAB92TGxfc6vF2N+UGjUuWiFL5UqgwJgGTe19jw4skU4snBClMwFHlVxZ4DYDGGvdVzZtNzd95Or/v9tJ0BodKL3nToBWgAzIKYhYpk4Wu+qwvA3AV1qvl1Wc3l3ZZq+WxbdfDCPKQBeooCwsw8G67DtvFCVeMCr5deYfAa+fRTdOjAfrnGyesEQGDiigdNpHeebXs7zuH10L4OHRykjZ3rOjSHyfm5wAuGDgFo44WqxkEPPiDHLtDDp8Q3GZ9l9qsaIwyxCl6qliSFL5Uqg8IrgyKNrCoxxXlysMIULDWAxWjx7Nn0jy9/kYYUF9NOhKFgAKvyeok57by40K1eCKcGMLuMe9lU82uaXa4uS7VOtkxCTlQDLyfUBI8Bp+IVxGcHuix4HfMX0VwGk67nnUdv/e2vdAJxvFi1rhFfd4BXkKfL2DavW0tdvv5VmltcJNH8AXQS84z30VyG8xbwwr3ggBfCSawPBKRxPdp4bV25Uu4pAS++x7INXhCeH7w2SKVqSVL4UqkyLPxiz6QHTCLhQ7YNWCxOC2fMoH/ecRsN4YJ0B1vIk+wFCbiApwPhHQAZFoRMYVwdwNI1Aza1LdWy2bTq4GVhk8FL0sdACcYWvPC6pSMMXng3Zr+LL6a3nv4jHdi9S5K99rVJzgnx/0oe71i/nrp/8+s0q6SEggxx2H7NY8qm4bxxDPC+mapGeOM8Al5DzupIg+69hzYuWUzRZmxcD2kAVVVLlcKXSpUF2cbCUgfVQCULczNYYQqGwhAm23YADPtaNnkS/fuuz9JIn5d2sgUFwEyVGgpbCxb2FTnJQtkAGKxmlPnGmC3oYXY/zWmALgm/wdPmeEx7uGrgxekCQDXmpaMMXvMDRdTv0ktpLBrXb98m17T2NeFrkUjiCaK/A413ueALkfDx1gCbHqcL45EJs9ejeq9GE7leAqje8wNaP38uRUJhA15yPs0AXs6gUrVEKXypVFkSXrtifsk3vO2KLYjsYIUpmBSKgC8XgMEDtnr+PHr5jttohN9HOwTAEIjVQ3iVkAWwIApip1BOFs62EX76jcGxPbelWiZbVh28AJbmHAFeAog8Hy8FrwIvTqPjDF4LAwEacOklNOaPf6A9mzYSquJqXwszbedjQKcLaO/GjdTvf75Fc3k7EU5XVDk2R3pgfzhP4+3y8vUvpHLnXY0D27algT/4vonjJeCFmwj3K8Are70aVarWIIUvlSqLAiChYXwmAEzm1gQwLjzXzJlNPb7+NRretpS2+czLtPFaoPoCGNqJNYUHrLmtZlWjMYTjcLxQAiXW24V08TJ4+Wkhp1mfCz9IY55+ivZu3kQxvMlAUtzIXI0an53rCy8YtG/LZur/v9+RBvcR3q8bvgQInWPMpGE/BrxQ1YiAvB7p1biWbdA5nWjAD75Hm5Ysrgqgisj1Brrg8QJ6ZUcmNbO1N5WqeaTwpVJlWQAkaacFSGqgbMFkBytMGTNVkPINAIx3A9hbz4Vqt299Q8JQAMDQBsy8ANsFYOLpMUCAwtoNYE3VBqy5zIIXppPg5er5yecNKBEIdeDreCBASzwe6oqXZD/1JO3bupnT0rbdkxSWlHZfh5rCtQB+7bXwVVTE+0G6u6odcWyuY82EWfAyVY0+PgbH48XghThegx64j7atXmmqxlE7Xs3jlT3wUqlai/ipVKlU2RY8I8YD1vBizRb4drDCFMwU+DwlH/gfAIwL1bWLFlKXb36dhpSW0DYGi1AhPGCohjSFMgAMjfDdvSBhtg2YqYLMPwhzg5ex6uCVYPBCWy+cewhw4gon0cUJJ3Fg756qNl4mYZPXIZUEsHmI8LiCP+9h+BrwnW/Lux1DhV7Zn4XcTBvOHV49ACVePI63GgC8TDiJdjTw3h/QtlUr5fxMr8bsh5OAsrcnlar5pfClUjWTAGDoBckTzpz6yxTtycEKUzApNFGYQg6AAQgAYP/+3GdpMBe8ewM+hi7zIm53FWRNALMesCSAVS/cc9lOB14CQA54VfB3xivkkXASC3w+6tq5M73xhyfpyJEjkozutHZPp5J8y+kf4mnA124HvhYUBWQ/1uvlPtaMGPbD1zZSYCLp49wRYX+z30eDGLykqvH9ZfxDgO/DMB+otGXLPnipVK1NCl8qVTMKQCQFXyYBDO2OnDZg2Nf7UybTf+68g4aVFNMeBrCgBwCGNmCAj5YDYKnBC14nB7zYqsXxKiyUXo1oXI82XggncWj3DidNa6Zxcrq28F2EL2mYouEoeKaq2hGvF6r0MAzx/nAMpkep+xibxnC95JrxOaPaONrGx1ZIlQxeWxm8hnfsQP2+dzetWTDPtPGCx8sFXo7vNCsyVZzZ2ptKlRtS+FKpmllSnQVAyhCAmWKUDdvnP7ymZc28ufTyV79Mb/j98ioiE4YiNYBZD00+AVgq8MJxA7xsZPnq72osYPDy0hJOj/4Ar6d+T/u3bzNg4AxW7ulUQkN1vF4oEQ8abxKDzd7Nm6kv2nwx8J7yeOgUH0dQPG3mHZzuY0/Xqq4T2rEx6EULzDs+4fHazuA1om0J9fvu/9KqubMpFApTQno1NoPHy7nfs7Q3lSqnpPClUuWApHhvpAdA1nUNVpiCSWHK25VvXL0gVzKAPffFL9CQtqW01ekFaQCsRi/IFI3wDYDlZvuvujxeERd4AUwEvPhzpBC9Gj20mNPgtc7n0MjHf0671q8VSLXwVV9h2VgiStFEBYXiYYrDowT42rJFgAcR7iu9Hqrg/ZoXayPNmw6+7PUBbMG7hl6NMARQ3c5wOYThsvfn76IVs2ZQKBzi+yBBkTga1QO8shtOoqFpq1K1JCl8qVS5IgYkG5qgoUIh5h6sMAXDVi2EVVVBxmO0fuli6vqtb9LAoiLa7PMzgNX2gKEXZMQp2N0FfC4CWF0eL0CXVPOlAK9TfN6rfF7q0aED9b3vXtr8/lLpoGA6RcSQjEi5M4MxvuZlYmwhClN5jCEMYb4Yvvbt2E4D7vk+zWb4CaLa0QsIRBgPB7yqHXPjzZyfPTd4veDx8tA2Pr9Rfh/9647baOmE9ygUDMnx4n6LJhA6A+eJOySLOlN6qlQtWApfKlVOiQt58YA1HMIEEFyDlTCBmKmClO9Q8PEfPGDrFy2iVwFg7drSFn+gygNWLQwFF+phNjeAmd6CuQNgtcHLROk3ca0AYQZObFUjgowCvFYynPRrV0oDfvQgbVq2RF7iLOnGaWNh2KQaUvE0cpI16oYvp7PDge3b6PXvf5dmMeSWe827HQ28OtW3rrRttMk2+FwZ7nB+uD7wsgG8RgZ81OUzn6bFM2ZQOBiUY8I9ZqoaYQ2/3xolThtTzX6GtFSpWrgUvlSqHJNUETYCviALCXawwhRM4AuFLgo/7IP/4OXZsHwZ9fj+3TSktFTCUKARfs0wFOIBK0wW9kkPmIGv6uCTXUsFXqjOqwIv/s42rjdeIY+A1xqvl15hIOr+vbtp+0ZErjcR6a3caVgfYWlUO8apgoJ4s2OME5g3uW/bVnqN9zGnuJjhy0PlACNOtzA8jQywaXu+eH14K6OFgE00sMe5FspbDeDxev6zd9Dy6VNNHC/cWgJeaOfFhvugYaeZlhqapipVS5TCl0qVozKFYsMLKoNdycEKUzABsDhKYMzgMf54P2uXLKZ/f/4ueoML650MJGiPJJHwuXC3AJaqF6T1fNUGoOxY7f06bbwERAx44Thx/DBUNZYBvBhMehf56ZVv/w/t2LKpKj2qUg4eGh4aJl4+EeYEPclT5dKDUKodGb76wPNVUiLvUTzGx1PhNccDDxWOz31ODTKcO0OxBS+cL8BrL1/Ht/gcX775Jlo+dbJAtoBXHGeFalU0SMM9JgeecRmPbpZ2plLluBS+VKoclXjALCQ1UAIPrsEKUzBgBUwkXjCex/tau2wxvfCtr9OQ4mLawQBmwlDgXZDeJIAxNGBaqvFstZlj2QawOsGLgaYKvBhMcNymqhGv1PHTCoaSfu3bUi8Goh1btzrp4AIvZ2ickJ4AMDRoR9Ul0V4XfKENlq36tGDoPqcGGdaHxwsN7AFePE88XgEfjSkuom633kKL330nWdUoQ5arGh0peKlUSSl8qVQ5rCoIaETBZde1gxWmYIIa1rvmABgKyLXz59ILX/g8vcEAhipI0wbMx6CQbAOGsQnbkKLNVy0gyoydCbzwguyqxvVseKH1Sa+XVvp9NOjss6jvPd+n9UsWMSDF5PyT6WTH6Qhtm2LS7qucP+1i+Or9g+/RjNISPhaPVIEizlg64GW9jhLHy/F4oTH/bj6/MSXF1OO2W2nhmLcoWF4hVZ8GLgFdaFyf7vnVX0iH9NNTpWpZUvhSqXJc4gEDJDVCBiOSg5VBDAtgxgAgmIkQC+sXLqDnv/1NGsSwYBrhoxckCngHZBhqAA9VcbMcAAMMCFBUg6Kmt9rgBQh0ebxQDedAF0ARbbzg8QJ4vcbg9dr999KmpYspFo3wOTseL2ectizI8TjI4FHJs/Y48DW1tJQBySuglA6gShrjHAUyzXVBANWdPi+NLgpQ99tuoXmj36TKMkY/gJdUoRrwMkeXHSEN4P1TqVTVpfClUuWJGltkmsI2OVhhyhgPDjAAHMzMBG1YtZxednpBIgxFhTfAsGUascP7BcCxAGbaLbnNAYQ0AKMuSw1eOK5kG6/q4SQKpI3XagYTeLwG3HsPrZk/lyJhvPzHdd522pGZY6whsmmJIcbgAT/T/h3bqe+9P6BpDF9oZC/Vjc55VKVVPU2W5/UAXjhnpH3I66HtAC+Gy1c/82la+PYYqigrY+jio28G8DLQpR4vlaouKXypVHmkxhZmptBNDlaYgsE3gUb3KDQFRPgPnzctW0p977uHBjCArQsE6ETALwU+oAa9H1G1ZwDMQJjxgFkvmPlO2iU54JCOEYy3lQq8qjxw2Fc18EKvRp80ru/P59AH7zJcspjCoaCcuaSFVL2aT1aYqmn1ldmqGWzvyUM7d9CA+++h6ZyGaHeG9ECaER9jQ9JH0pTTVzxeBdbj5RGPF3o1vvKZm2nhe+MoVFlJpnYR/3AM2QUhAVDcRyqVKqUUvlSqViILBHawsnAhc22h6cSnQhXktuXLqfv/fod6tW1Lq4pKGMAC0n4KcIPejxbAAAYm7leyEb6BBWNuiGiMWfhKzkMD89OBV4EBL6+XehX5qcu3vyVBZaXXnzlbHpkqMZl2yaRHbauPJI6VU9Vmt3uA4as/Q+w0PhYcG84Dxyvn4aRd8rxSmyzDyyZ7NRZSyFdIuxi83mTw6nLLp2nJ5IkUhkcPuxfwQrUqjxtZbd1Q4d5p7MviVarWJIUvlSoPVRMW6iuDHMnBClMwafVk2z5ZAGOQ2LhqBb149/9Qj5ISWuYvohMMM9YDht6P8OJYQBCPjANg1aogG2mp163u8ZJlGLxsZ4BIgYnjtcLroZ4IJ/Gdb9PuLZvl3KSNF8Y4PzlvM4YwlcoaIvf2kJLAnv0MXz0fuI8mtTXVjjjeKvhiO1P64Hvj8aoeTmKP30tvMXg9f8N/0/vucBICW07jeplu6Fk0TghKq228VKozS+FLpcpDoYB3F/INkV3XDlaYggl6STsh/sxj03aHaPuGdTTk0Ueo33nn0bJAMR0P+BkkCqX6sRJVkI4HBwYAMx4wxAlz4KiRZreZnIfteavAy3q8bDgJNLo/5fPSWrYB7UrF47Vl3Wo+AzkhnB2Pzdm6zx8yc6tbY2S3G+b9oLfjXhd8hTw+p9rQnE91b15qc7fxwvkCMPcwdL1dFKCXb76R5r3ztqlKldBd2Du8e2w4z8aeRAPV2LAoKlVrlMKXSpWnMujQuJLVrmsHK0zBjMem+veoUtq3dTON+9PTNOCDF9IifxEd8Xsp6DUAZiPgW1gyBgDzsRkISwUWdZl7O2Ye1kfUfYBXsnG9rWo0Xi+Ek/DTKgaTgWd1pH733kMb318qx14FXvB4yZ85Lyt8SmWNkXgPGUZCvN8y/ryT4avv/ffSFJ+PQny80lkB59RQ8BLIhMfLR2OLi+jVz9xMs98cSZXljHjMPgaAsu/xwntCY857MFUq1Zml8KVS5bFqAkRDZLAqOVhZ6BDvF8NDlTlLHdy9k9798/+jnhd8gGZ7PXTQ55UwBxbArEcHYIRpUwUJAKveHux0BjBBwNBU4IXtSeN+bNsBL/F4MaDA4wXwQq9GBDVdt2hBtXAS9uzMtFFybm1rnLAmXFAhivK+AWBocD/43h/QTC/DKh8nwmAYUD29V9AdQBXnjDZeqGocWxSgrrd8mmaNHG56NYJ75BwtePExNP4E6i3cF6hqdKenSqU6sxS+VKpWLIMhyaGaLHQ5XhyJ1g4g468OMYC9/Zc/Ue+rr6JpDDz7XABWrQqyGoB5xIwHrG4vmF1HAEuWs9WXAC9AFwMLgwsa+mN/qILDS7LL+BhW+wBe8Hj9gFbPnU2hUNCcl8AIjrz6eZo5tS09AX7K2U4RAfxiCTrM8PX6fffQ1KIiOsnpVObzUAUfb7QAwWtrp4VNuxhAjeELaRFk0EXj+rcYvlDVCI+XgJecmwEvs298NkeSacHbpW28VKqGS+FLpVJxWV0dStwS70YchSyqlqLyGTqydw+9849nqPull9C04iI6UBSoAjBUAUpDeA8DhANTySpIeHtSe8CSVWwGOtCo3ni80LjetHfCMhHefjkvU+HAFxrXr2c4GdChHfX63t20isErEg6bs2IwMe2gzHlamc+prbEy3BPjcTkbPFIMQ8xfR3btpMEP3EdTAgE65fHRSY+HyhnAIgV+OV+390umq9IB4MWQyekK8Brr9Urj+rlj3jRVjY7Hy7Tv4g84z3ROoJ4yUG5MpVI1XApfKpXqjBLvl5gpbAExmIZH551/PUu9rrmaZjEcHPR7pRE+4KsKwBgeAE1ijhfLeLIwnfT6CFTx8qhCNNWKBr5g8A4JePFyqLIDdAG+QmwVvE+Ek+hTHKBud3+HNixbUiOAqvHMuDEB06ksLWED6GwYTVCUQShMQWYhPgLe/bF9e2nkow/TnLZtOV38jreOz73AwKi0/XLOD2Oce03wQjiJl268gRZNmkChYKW08aryeGUxnARfeGbKqHq8VKo0pPClUrUwSRucDHkkBGYcCdrwfo7s30ej//1PevmyS2iW10PHAj4BhyoAY3N7wJJtwAyAoRoS3wG8LLAZr5cxqWYEnLHFvEnwAryg6m4D77N3kZ+e/8bXaNOqFeKhM1DCx+ocbvXjTm1pCywSJopFiEKJiLzXMQr44o0f3b2bhjz4AE3z+aRa1oIVFQBEDaBKr0epTjXghfNF4/rdfI6IXP/CjZ+iBe+9I+3IDHjB7YW2ZTjfJjmDesmdliqVqnFS+FKpWqDC4bD0QGtqoeCtDjJmGm3ARv/j79Tj4otonsdDRxCGwg1gDE2pAMwdMsJAF75PglfUBV8CXmzl/BnesXIBLy+9XlREL3/rG7R+5ftyLEnwgiWPEcJUKmsqwRkUj6FtXIgwSA9Annd09y4a8sD9NLW0HZ3yFQtUAbBslSo6F5j2cKYnJ9IpLI3rffQ2p+WLN91Ac99+i8IhJ4CqeJ2SjeuzxV6RaNQJUqtSqdKRwpdK1QKFKqEoF5KZ8IABZqoDjZk+vm8fvfXPZ6nXhRfSXAawowwNqDJzAxg8O24AgyFavvX0JNs94TsLY8YAXkE2QFq510MbGL4GdWhP3e/+Dm1evVKOwR6bOW8zbWXm1LYmVwKeqVO87XKmFT4CZpWje3bTcIav2cUlVOnzUBkD5Cm2aBsEXDWdEBCtH/AloTP4HPcyeI2z4SRGDa8KJ1FV1SjVjTwjIydRXUhPayqVKn0pfKlULVjRSMR4X5pYBmuSBbGdPrhrJ737zF+p12WX0Xx/gA4wIAU9heKpAoChh6IFMACGqX4zoGXBC14gzDPtvlAd2UZeY4SG/AC4Mq/xeI3o0IH6/+B7tHrenGQ4CRckVD++uq3pBTgKsVXK65kiMVM1O+QnD9G00rZ00uejCj73Spw/ejvCwyfeLgZQePX4fI/wuU70+6nnp2+mmcOHUvmpk1XgZTxeFrwycwY1BY+XtvFSqZpOCl8qVQsWGslHGMCkx18G5AYcCJ8OM2iMe/F56nH55RLXSgDMa15FZAGsKj4Xz3OHWgB4AT6k0T2PIwxdaCOFVxiJx4u3tSkQoCHt2lHf73ybVs+dI70aASFyLBJAlaccs8eUyjIr7CFGIQaWck77gw58TS8tlZ6ZUQbSZBgJC6AGSAFesxhKe37yEzR72JBa4JX0eGXhLJx01QCqKlXTSuFLpWrxMoUnqiEzIYEeR3b68IF99M6//0X9P/xhmsUAhkCsaOcE+AJIVTJwAabg2bLVjYAPzMMyAl8Y4zMbxmhcvzVQREMZvHp87Su0fNoUCgWDBkIcE+CyYxb+p7Jsyb5eCEAK+Joibb68ApaoasR5Ge+fmT7Mhpdvv3LJJbRwyGCqOHlSekxWgVdVOInMnwX2m6mqa5WqtUvhS6VqBUIBil5ymfKAuQUAw/6O7ttHE7q8TD2vuZqmM3AgDAXea4i2W+ixCNCyr9dJVkMaA3iZ8BLmczmvu4Oh641AgP716Ztp8bSpFAZ4wdPlmEACmx3cwidr2ZS0vePxUYavQQ//mN4tKaVTnoADXPB++Y0XkO1owEfT/H76x0UX0owB/ShYXo7Ok7x+9sELwn7Qc1alUjW9FL5UqlYiAAk8YBKKIQNyA4/gDxfeR/bupbH/+Rf1vPxymu3x0CHpBWniXAGqrOcLn23Vom0DZcJMmKCte4tLaESgiH5766dpyZTJJtyC2QvJa5DQHglg4hpqKlvwZfftPo5jDF+DH/spTSoppmABYqHhXAsZPnmawQvhOWYzeL186aU0vX8fioRCAl6MyzzA+4TArbytbMAz7wdtBbWNl0qVOSl8qVStSPB8oWA1L2BuelnYgOz08SOHaNxLL9Irl11KM7xeOlHkN54fhg6AlY2IDxOvl3jD8NodP3/nlcj5bxYV0R+u/TBtWLpYtolNC9rw+aBRu0w7Q3NK3gTgAJL7eABfAx/5MU1gwAq28cr5S09PgBef91yGzC4MXjMG9GXwChJCxEp8fvScRMR8ZzvZEOArpuClUmVUCl8qVSsTCnI3JDSlDG4kQcFOH9q3l4b/42/U4+KLaUmgiI76fQxbhVSBsAtsADAJKeF4vmIMX6HCAB3gZd8rLqZ/3XADLZz4nmxLvD8MCIAE6/Uye21e8IIAg7ZqV45IICZBR/j8+//sURrbvgOd9BY559iGTvi8tKCkhPpccw1N6d6Vyk+eEI+XeTESPF6mzVV2zk3beKlU2ZLCl0rVCoUCNiLhGTJT0LphwaBDgg7u3UPvPvccdbv4IvGA7fd7qcJbKNHqEUoCMIIqSBPTq5B2B3z0Tmkp9bz9dloyZYoJ7gmwAWwBSKw5Qy5KQIxB9+ienTToxw/RuLPOoqNFxRT2MHRyGswvKaaeV19Nk7t2oZPHjlavajQvbpTtZFycjvLuzgx1ylCpVNWl8KVStVIZeEE0duOpaWqlAqLj+/fTW//+J3W/5mqa4vfRXp+XKj2ogjRVjiEGL3jB9jB8jUevxttvo/lj33Z6NRqvkkGt6kOuyR4Vot3HomE6sn8XvfGzR+jts8+i/SVFdDRQQgsDAerN4DXu5Rfo+OFD8qIg9I5EE32AV7bODdcf0JWNfalUKiOFL5WqVQuN8DMTQLMmPNhp9Pyb8Oor1OvaD9NUBjCEoQgX+hi6CiUMwx6GsHcAJnfeQUvHjaXKsjJemdcVL5fdLsa5K6Qm/FaReIKCsQgd3L9T2nyN6diBdpS2pVn+Inru4ovE43XiyOEq8IolYrwuLHuS669xvFSqrErhS6Vq7YK3heErqwB28AC9+9IL1PtD1zhxwBCCwk+HCz30ttdHL9x0Iy0YO4bClZVMMryWA17G72XAK7nV3BOOU+ArlqAww9eRfTtp8MMP0dvt29OsQBG9csml9DYDaPnxY8KVeAG3AS8M2Tk3XO8owAtVoyqVKqtS+FKpVAI3CN+QCQCDagIY9ocegJO7vEI9r/0QTWYA29i2Hb3H4PXipz5FiydNpHAQL5Hm9fIGvMxRSvUoPvE/dFbEC86P7d9Ngx75Mf2jtJT+etFFEk4iWIF3NfJCaMrmYJc9x4wLsBeNSugRlUqVfSl8qVSqKkkDcVBDBuTGCjt9/MhhGvvSC/TMFZfT30uK6bfXXE2Lpk4yxwDogvFygBLrEUpuxWzHbqv5hbTDq47CcrwRPnYYwkYc3reXnn/0J/TNSy6mkd1fpVAoJPOd05QzsOeYecHTmd3wFSqVqroUvlQqVZVQIEvjaxBBBuQu8O30if37adTLL9KfvvsdWjiFwQuSqkbjQbLeILdBmGuH5heOIcajCj7gCorysZuQEcYOHDlC3bt3p0GDBtHxU6eojOfhtUPwO5nzy9454CXZmXrVlEqlqp8UvlQqVTUBvMQzkqUqSOjosWO0d+9eU+3J+7ceOAxu+LIy3ySH3BCOOcKjEE+h2Tx/RLUiz64IhWgPQ2ZZWZk0rmdEw2xJ62wff6bAWqVS1V8KXyqVKqXgActGIFYAF9pFYYzYY8lwEgAUM7YGme+qDzkjgA0bKvVQrRhD8kV5HmKqIT1jUYrw+cUAXQAzaXOVnePPubRSqVqxFL5UKlVqASIYiDJZBWm8bAa+AHvofYf52G/+eLxqC1WNp9gq2RJ4/VE4RPFIWBq4h3CugC4sxOdZ/QxVKlVrkMKXSqU6jRiOGBRQDdnUEnyCB8gaQA/7c7xg+QpeEJAqxOcES8QjAl8xhq8Qp2VZIk4RQGaMz4G/z7QyBc8qlarxUvhSqVSnlYEjxokMFuJu+EoFCzLfNeSDcJRosUaJqFQ5wttVwecGjxgCqpolVCpVa5TCl0qlqpcyFQkf27Rty+oCqyR2mSGfJB0XUKUaDlE5T6Mqsun9iLUlEJsCZFUqVfNL4UulUtVPXJALSDRxgY72XZFIROCuLrDKR+iqpnhCPF/S0N6ZlWnldXqpVC1cCl8qlapBkjZZjqeqqZT3cHUmZQhcU8n2FlWpVLkrhS+VStUgoToLvROzARKqhisTVcMqlapppfClUqkaJXhYtKDPHekLslWq/JHCl0qlapRQtSUFvnrAckKpeomqVKrclMKXSqVKSxImQr0uzSbt1ahS5Z8UvlQqVXrigl/eBakAkH0J+Gq6q1T5JoUvlUrVJDIeMAWBbAnVvhhUKlX+SeFLpVI1iQACiGWlQJB5SVprZweVKm+l8KVSqZpMxhfDg3rAMiNOV3RyQBqrVKr8lcKXSqVqcmXiRdwqZq943MRYU6lUeS2FL5VKlSElxFOjagLZ9nSanipVi5DCl0qlypjkVTcahiJtIZitVuWqVC1HCl8qlUqVw3Ja0TmfVCpVS5DCl0qlyrg0DljjFI/FpAepSqVqWVL4UqlUqpyTaeOlHi+VqmVK4UulUmVNAhPqATujYrGo9mpUqVqwFL5UKlVWpdWPpxHShg0N7FUqVcuVwpdKpcq61AOWWvKGAO0dmsfCPZ1PpmouKXypVCpVDkhaeCl45blw/eoyVCPnjiWqTH4Kmf/6gyhrUvhSqVTNKpP1t16hGjYWjWpVY4uRQZnq4BXNQYuw4VVVySNWZU8KXyqVqlnV2sNQ4Nz1dUwtUW74sh6nVBDUnBanOO6/RAxTCmBZlMKXSqVqdsHzE4ngl3jrEno1qserNcgCmBvIcsASgC9UPfJ9yIPCV/ak8KVSqZpdqHoMh8OtygOGcwZ0tvZqV1VzCncfoEvhK9tS+FKpVDkjNDiPMpDwhDOnBYrPDR4vhS5VLgj3IRreK3xlVwpfKpUqpxSNRijRgqvi4N2LMnypVLkgPGn4rSNmZqmyIIUvlUqVcxIPGLxDLcgDhnMxcby0iFM1v6znVeGreaTwpVKpck4CKgi/0IJeKo2G9frKIFWuyQ1fquxJ4UulUuWsACz5HobBeLy0V6MqNwXmQmsvha/sSuFLpVLltMKRcF57jFDViHNQqXJVptG90lc2pfClUqlyWrZgiOfZq3fE44UAss6gUuWq9B7NvhS+VCpVXigSjeRVFSSqGtXjpcoHKXxlXwpfKpUqb2TagMXhVnLm5J7kdS2xmLbxUqlamCyk2iEdKXypVKq8EqrycrkXJILEop2XSqVqWXKDF4Z0pPClUqnyTmhPJYFYc8kD5hwTYpSpVKqWJwtddkhHCl8qlSovhSCsudQLEh4veTWSSqVqkXKDF4Z0pPClUqnyVulmgE0l8cSpx0ulatGy0GWHdKTwpVKp8lrNHQkfvTDV46VStXy5wQtDOlL4UqlUeS1kglL9iPZfzdAGDPCXbkasUqlyXxa67JCOFL5UKlWLEKr9su0BSzcDVqlU+aMkdpkhHSl8qVSqFiPE1ko3U1SpVKpUSmKXGdKRwpdKpWpRggdM4mxlqgqyGao2VSpV88sNXhjSkcKXSqVqYeJsET0PMwRJ6Wa6KpUqP2Whyw7pSOFLpVK1SJlXETVtG7B0M1yVSpW/SmKXGdKRwpdKpWqxQi9IxOBqCjXVdlQqVX7KDV4Y0pHCl0qlatFCJpnOS64lgGqaGa1Kpcp/mZwgOaQjhS+VStXihQb4jc0sm7rqUqVS5aeS2GWGdKTwpVKpWoWQWYoHrJ7Vh2i0n24Gq1KpWo4sdNkhHSl8qVSqViOJA1aPKkh9V6NKpaqpJHaZIR0pfKlUqlalM2Wc5jv1eKlUquqyeYcd0pHCl0qlanVCL8h4Cs8WPF6p5qtUKpUbvDCkI4UvlUrVauXOQJsiQ1WpVC1XNo+wQzpS+FKpVK1WEgcMQyIh0yqVSlWXLHTZIR0pfKlUqlarqmy0nj0gVSpVbsk+w2baWF2y39e0+iq5n+Q+G6uchC93oqipqbVsy6SS+zFZpZqaWku1BCE4DCzVtzD3MtaqvkUPZ5kykvaf7u/Fqg/pKIfhy5xaXSYJJ4lVfZ77s5qaWn5YJpRqP2pqai3XDFDhP5oToBkBOs/AzBLm+6RhcE9jgGTpeJxiCWN2+8mlzJCOchS+ODHQG8k5PVgyccxntM+IplzGTKupqeWPNbWwzWSWq6am1hpMGCAB8IpWmfnGyC5jzcxjTGPAcvOD/V44IxKpapaAJdxDOsrZNl+gTntyNU8SnyPRKEXZtK2GSpWfwpPrtqZWprarUqlyU4YVwA5gg4g4cZIckTQLVxAACzyBEDNY1v0dPtdkEfvmCzuvscr5Bvc1TxLTsViUIuEwxTjB7DwddNAhfwebvdmMr6lMBx10aB0DU5JjxvMFX1b1fMDIfrIQBfgS4892+eQ61QHLfk71XUOV4/CFhInLS3E5pcwc+RwVs6Sqgw465PfgzvSa0nTQQYfWMQh4iceL4YvNDV/V8gO0FRfjORjzWjWXk7Ze8Joxb7hlljZjO91Y5WabLyQKXH1seBebvAzXnjR/F2cYM4mmgw46tJTBnfk1lemggw6tZAA3oKH9mdgA3zNTwIETZcNnCM4csWrLgj/gSasOXXZIRznb4F4SyJoz2O94pkyrVKqWIzzVTW0qlaq1yp0D1MgRmCHg1EHNmoUvtyfMCp+wjGUOQyLJIR3lJHyhIf3xEyfowIEDtH//frF9+/bJZ9jBgwfV1NRagB1IMa8pTfMLNbXWZ5YV3HbwYO28oNoywhpJzoCdOHGcQqGQgJlbLRK+cEKHDh+iqVOn0oABA6hXz57Ut09f6tmjB/Xp04f69u1L/fr2U1NTy3PDs5zJ5znT21dTU8s9s899KjvtsswZYq55EyZMoN27d1M4HHYIpbr3Kx3lJHytX7+envnbM/TFu+6iGz75X3TLZ26psttuvZXuuOMOGVu79ZZbqy2jpqaWP4bnF2afZzvPTltL9T1Mn381NTWbH9g8wZ03YNq97O233e5wxG0yvuN2wxTuZWBP/PIJWrJkCVVUVFTxiXtIRzkDX/ZEMF66dCndf+99dE779lRYWKimpqbWIPN5vVQUCJCXx6m+V1NTa7nm8/nq/ewjn4D5eZ2a333xc3fR9OnTqaysrIpP3EM6yknP1/Lly+nhn/yELrngAurYoQOd06mTmpqaWr3tPLaLOnemc846izqdfXa172p+VlNTa7nW+RzOB1LMP52BO5BPfO+736VZs2ZReXl5FZ+4h3SUU/BlTwh1rEOGDKGn/vAHevyxx+i3v/kN/ebXv6bf/vo39Lvf/FYM01XG36upqeWhOc+wfb7d835rn3WeZ8ew32D5X/1axr/6v/+Tabvu7377W3ri8cf5F+vn6LprPkR33nEn/YR/yNl849e/+hX9kr//vyfMethGze2rqanll8nz6+QHyXzDPNNP/eGPVc9/Mm/hZTkPsNPubfzfE0/Q47/4heQTaAO2edMm0+g+xZCOcs7zBVVWVtDOnTtp7dq1tGLFClq1coUzXklr1qyh1atX06pVq2glf8Y8NTW1/DQ8w3i2VyxfLp9X83Nd9Wxj2lnOPvOYXrFiOS1///2qPGElj+3y69ato0WLFtGvGeZuvPFGevTRn9LYsWNlPvIOrAPPujGzDexT8hUeq6mp5aFx/gCzfGCfZ5t32PlV+YrznZhrfeQlyBve5/wF461bt1J5WZkTa7SFVztC6NYZjoSlh0EoGKRgsFLIEybzXGM1NbX8tWCo9vNtn23zXbDquypz8gR8b5ez30UiETp06BA9++yzdPPNN9Mffv97zlRXSfgafFe1DTGznt2nmppafhqeZZkOJc39rLs/h8PJ+e55Keczh0SjrhdrSxyw5JCOchK+rOJ8osg0EYnWnrxbkhAp5qtUqvwTnmRYVaRp/rUpz78TYdp+D+GTXS75nRmOHDlC//jHPwS+nn76adq4caP5VvMLlaqFynn6+fnG6wijkWiVRRie8MOrKi/hPKN6ToJpzLevMUSwVZ6W+e5ps333kI5y0/OFAdFn7TscOTGRKHawkoRwItTqoIMOeTBUwZIz8LMrrxCTZ9hkcZg+deoUbdiwgWbPni1VAEePHpVMVb7n/2K8LWSmdl3Mg+D5+utf/1oFX6hyTOYVyf275f5OpVLlj/jRdsYJOnHihFQjoofihEmTaCLb+EkT6d1336XJU6fSipUr6djx406ewQPyHjNlpiUvYuaIR3mLgDSAl5MvYB27njOko5yBL/eJIBEEuqp+8ZohleQbZJrIPNXU1HLf7MDTeMbxizQqYIWBszqev23bVnq1Wze6/7776KmnnqIFCxZQRaU71g4vVwO+bA7hhi+si7aj7kxTMlEcB48hzLM/9GrBoQ466JDTg/WM48fZuvXr6cUXXqAfPvAg3XvPffToI49Kh5v773uA7v3BPfT0H5+WAO7Hjh+T/AN4Ja25JAPBD0HmjmiI84cIz+L8QMz86IOSezVDOsoJ+JLzNpMinFQ1+EJmWSOjNJk4f0Zmie/lk0qlyifhKY4hE5SM0DzDgLEF8+fTPd/7Pl36gQ/QXbffSYMGDRLvFyTPvWOyPo/t71Po8OHDAl+f+tSn6Pe//30VfOF7m09Y6JOMm/OSqvwG+YqamlpeGf83+Qb/SPvFzx+jO++4g+655x765z//Sf/+17/oyd/9nr5393cloOqjjzxC7737LpWdOiV5gckVkC/wDznAF4MX50LyOZGIVMEdZJe1QzrK0WpHk5G6zZ4oxuYXKs8Xw7cqlSofFeNnOMqZGwAMzzGe66NHjtCggYPots98hq686CL65Mc/Tr/+1a9p48YNWMDJD1z5hGseVCd8yT7McpiOcj4injPM4+/t4N6mmppa7lrV88rPNOALzRR+9KMf0de+9jX6z3/+Q4sXL5YejosXLaL+/fvTN7/xTYlk/9xzz4mHHDJbsXkJPOkRNsfrhWkAnixhl00O6ShnG9zbqgQDWGbafHaqGviTSSxDveklg0qlag7h2UaDWPyggtCzaMnSpdJLEb9ev/2t/6HPf+5z9JUvf4WmTJlCkXDYASUjmWZzy1Y7ItTEH/7whyr4AuBZyMN/+Yy8xNme26ryFzU1tZy15GDga86cOfSzn/6UHnzwhzRq1ChpOxrh+ZFIWNqOPvbznwt8PfPMM7T/wIGqdWV7whI82HyiCsCwhJHdmx3SUc42uLeuPpyeMSdxxGpeALuMmppafpl5rs1TTBSsrKQ333yTfvzQT+ihHz1Er77alZ544gm6/fbbqWfPnpxh7pflIQNhZpDPzn93my83fEl+4YwxyDSqLOSXrT0eNTW1/DL8N/A1b/58euxnP6Pv3n039erZi7Zs2SIxQ1evWU2vv/EG3fuDH9Dd3/kOvTZgAB07dozX4mffyUfAHIAuySfEwCAmt8ByZk/Vh3SUs54vmyDJJLbzjJJzVSpVS9Hhw4fo2X/8g/7nW/9Dr7zyigRBfX3QIPrWN77Bv2h/Lr9s4SlDXiBttmxbLQw8D7lClefrhuqeLzMk8w2ZxnxZT6VS5aPsk40G96hm/MVjP6dP33QTff+736W///3v9Ne//I1+9ugj9OUvfon+6/qP0SMPP0wzZsygSv6hJ2s7eYPxeHG+4lgSwrBMK4IvlUrVOmQzMUAVokyjZ9ItN91ML7/0Mi1auFDg6+tf/zrdfvsd0vAemSYyTInnE+WsMc5bcBreQmjzhWoFVDu623ylyixlnjM71fcqlSq3hecWgIT8YMniJfJqIMDXl774RXr88cfpsccepx8++EP60he+SJ/8xCekIf5bb70lHXgMVPE2HA84PF8ArwjyF8zD1iVbwD/sqfqQjnIevmqeoGaPKlXL1BHODEePHk2fu+MO+tDll9OPH3qI/vnsP+mXjz9Bt95yK334yiv587MCV8gQbYgZziEJTcYEwHjA9wiy+pnPfKaW56umzFwzP9X3KpUqP4SAqvPnz6ef//RR+sZXv0p/5x9g06dNozkzZ9DS+XNp9Juj5b2NX/vKl6VNKbzqoXCY1zR5gFQ7AsAwDQiLOl4vHqzMp+SQjtTzpVKpmk0AKKk2ZDjavHkz/e53v+Nfp5+kGz/5X/TIw4/Qk0/+nn7x2C/oy1/+Ml171dX8C/ZHNGf2bCqvcGJ+OQBm4QvZo/V8ffrTn24QfKlUqvyVbfP1i8ceo/vuvY+GDB5Cx48fl9cOoaMO3nyBYKv33XsvPfDAAzRx4kQ6VoZwE6nhCk0abNtzq+S3ZkhHCl8qlar5xFAEdz/eozZ58mTxet1555301FN/pGHDhtLbY8aIvfzyy3T7bbfTFz53F3Xv3p327ttnVscA6AKEwQXGAnz97W9/q9XbMVVmaeYqfKlU+S7b2xEN7u/5wQ84/xhGJ0+e5PkRAbADBw7QyJEjpTH+D3/4Q5o2bRqdLC9z1kYeYA2ynjC8XceZxbL5hR3SUc7BFwgVvRCay9A1FYVBPggFCjwAx/iYm8uCfL1wHLksHB8aYW9duZL2rlhBezHOou1Zvpx2rF1jXpOVg0L6VOA+SvE8ZMPQ9gK9kgBYH7v2OgmCiOoDzC/jX6YVFeXSFuynP/0p3XTjTdKmA68QQZwuU+2I5xWhKmDxKs/XTTfdpPClUrVo4dmFmffAzpszmx7+8UP01S99UZoeLJw7lxYvXkTz5s2jIUOGcN7yMH3pC5+np//4R1q/bp2AmenJ6DYj0wDffLZ7sfmFHdJRzsHXypUraOzYsTRr1qysG3pAwBVpg6/lutDweOa4d2gi32Sz/vnPrNt7bO/zTR2O4AbOXeGhnPn2GBrwla/Q5DvuoBl33knT2DDOhM1km+VMT2cbwvbnh35E5eLizj3hPpo1cyZNmjQp5XORaXt33Lv02muv0W9+81v68pe+Qr169aJjiGYvUG/s0KGDNHDgQPrf/72bfvTggzR71kwq51+t8kNJMkjE48EPgQjD10GFL5WqVQjPLn7URikWDdPKhfPpj7/8BX31rjskpMTTTzxO/+/X/ydtvfCqsq9/6Qv0y589SuPGjqGTx47w6vZHm3lHhoUvm/NYfzpM5jn5iB3SUc7B1/jx48UduHv3btq1a1dWDb++3377bWl7kg+Cl+6tv/6VlnXuTLvOOivrNuvii2lqnz5ULl12c1foBTN34Gv0XudzaE9hAR0qKKQDPD6cMStk89FBTwGt8Ptp7Ne/Rs8yBKD9QS4KL6NF7x80QM32c4f9oQ1Xn969qV+//tSje09avmwJxWNoCMtZXgLtwSJUUX6K1q9fx5A2kHr37EnrV6+kUGU5cxe+x2tBwhSLhxz4OqTwpVK1CuHZNfAVj1fQvi0bafzgQdT12b/Rc3/5f9T173+m7v/4C73497/Sc8/8hbq//BLNfPcdOrB7C+cxlRTnH2zIO5IAZnIDmAEv2+jezGvR8AXP07p165xP2VUwGBTvVz7B1wSGr4PFxXwl21Aii4b9bTrnHJrDhWauwxe8I4vfeJ0WnHsuRfi4YwVtKMxgFG/j4XPxZsSiBX7a5/fRTAavHYsX0Yjhw3MWvtAuojk9vhs3cobJP7q2b95Iu3buoLITxzlbgycL0ecxxis+whQKldOBPTtp57bNdOrkCQYvxPsy3wO8YEQR8ZL99S9/0TZfKlWrEPxSDE4MX+GKI3Rk707avWUDbVm9nLasXFZl2zeupUP7dlGw/LiAFyVMnmF/tCVc3i/kCCnhq8aQjhS+XMpn+EoFSJm2fIEvBM5bOGSwwFcI4FVYQBXeAgYkA2JNbfE2BXSUwWv+F++i7YsW8sMdoeEKX3UK8DVz5kyplgVkofqQOEPEC27RExIZKzJHgFU0FqRwKEixGH+P5QTS3PAV5fM4QH9h+LrhhhvqFecr3UxUpVI1t9Ar0Wl6AI9WrJxCbNFYGecVeMVQBecl5ZJXmOXww82Zdn0273Y0EGZD17hzB5tf2CEdKXy5pPDVMMs3z9eiczsLcMXbFFKsyaxAgCvaxscWkO0f8npp0u2305aFC/hB5gNgw3vGFL5SC/CFXkpo9I8MkOIMVwJfDFeOZysRYbDi+Ziu+qUqbbxMO68kfMXE8wX4Us+XStU6ZLLZ5ABskvczClw5mTDnDfCkSwgJNvy4s+BlQkrwPHzP09bjLt9Lhx6j5B7MkI4UvlxS+GqY5SN8xfi4AV+ApFTn1BiLFRQweHnZ/HTI46Fpn/kMbZ4313FXmwd0xIgR0nsvF5VL8BUDcAl4Gc9WguwvUjNfoMwBrjgyR/4MALNAhgwWbb7wWhGN86VStQbh+eWnmEd4luEtj8UdyOL8ROIIClwBssLSwzEWSwKX5CU8beDMmIE2x5wej5DNL+yQjhS+XFL4apgpfMHg+fKyFdJBHzxet9Hm+fNMYY9fTMgRWApfdau65wsZHjJC2wvJmMzDL1nJGI2Z+QbMLHghe7QN7mu+WDtVZmnmppeJqlSq5hSeX/NTF2PJF/DDzDGTTzhm57vnIT8RwIIZCIOZvAbr4LORzS/skI4UvlxS+GqYKXwZQ/XjHr+fpn3xC7T+/aXyIIvj2wEvSOGrbrnhy2akyYww2QvJmJX5vioDlQwS88zLuRW+VKrWJH72AVBiNt+weQcb/6ir9rnqexjyjdqWzFuS+YPNL+yQjhS+XFL4api1VviK15je5ffR3K9+hTYvXEAxfvDFzV3jwVT4qlvV4QtC2tXMDFPJnUEiQzVpbuFLqx1VqtYjecblObc/fo1HS55w69my4yoIc3+20+55Fs6MZFuuIR0pfLmk8NUwa43wBdhCb8lIoU/aeu1xwGvXgvkUk2jJUX5Uaz+WCl91qzZ8QUhBd0ZYM0XN99XhywgR7rXNl0rVGpR8djFlzD24l4CSS1XPX1LBl3u+kXvLGNKRwpdLCl8Ns9YIX7E2HoYvP0W9hXTA56NZX/g87USvxlhtb5dbCl91KzV8QTUzyJrCr1sAWHXcVfhSqVqf8BQnzTzVDX+ysYY7z6me99j8wg7pSOHLJYWvhlnrrHb0yvrHvR6adOsttH7xInkEz/QwKnzVrbrhCzKpm1o21c1gpfClUrUu4Qm2P8NqGr47ndVW3UvY/MIO6UjhyyWFr4ZZq/R88XpH/F6acssttHbBPNMt2dXeqC4pfNWt08NXXTLpnSojVPhSqVqP8PSmgq6kmWVSmf2uvrL5hR3SkcKXSwpfDbPWAl+IWA/DugcYvKbeegttnj+XwStOUcSSkUacp5fCV91KD76cDJHhykrhS6VqXcITXAVb/KyLOZ9NHpHaTIsuTNVPNr+wQzpS+HJJ4ath1hrgSwKoFnjEdvt8NPNzn6OtixaaR4+hCwB2ZvRS+DqdqsOXO2u0cs+rbmAuAasq76OJ86XwpVK1JjlPMtqAcn4vPR1lMN8lDbm18XeZOcml6iO7vB3SkcKXSwpfDbOWD18IoOrjZQtod8BPM776Fdq+cIF57FDqN+DhU/iqW9Xhy2aOJoM05p7nNpP9mUb3yS7hCl8qVWuTyRNMwFSAF3pBmzwimV9Yq96DsSGy+YUd0pHCl0sKXw2z1gBf8UITQHXmN79BWxm8ojG8zJkl8FV/KXzVrfTgC4PJbO08hS+VqjXJnUcArGzwVAtZNU3hK6UUvuovha/6qbHwFedl9gR8NP2rX6GtSxZTNGJfV9FwKXzVrbrhywqZXGoDA9f2fKVu83U6pZuRqlSq5hSeX5tvpIIuk19Ut4bLQpcd0pHCl0sKXw2zlghfiOOVaIMAqm3osM9L0+64nbYjnIS0I4hSpIEeLyuFr7p1es/X6SXwFUc2mD58pZuZqlSq5hSeX3f+4bamebZtPmGHdKTw5ZLCV8OspcEXXo4dLfDzMl465GXwuuUW2rJgPj+66T+4Cl9168wN7utWVTbI19iuo/ClUrVG4fm1+UBNaxrZfMIO6UjhyyWFr4ZZS4OvaIGXop5C8XhNvu1W2jxvrhTaWP9MhfeZpPBVt6rDV8OUKiNU+FKpWqsy+wzbfMIO6UjhyyWFr4ZZi/N88fy9fj9N+eydtG7pYi6wAV3we6X/QCt81S2FL5VKlQ+y+YQd0pHCl0sKXw2zfIcvvCQbwVNxLpje5ffR7C9/mTYtXkSxRIxisRjVL4rXmaXwVbcUvlQqVT7I5hN2SEcKXy4pfDXM8hm+IoUFjiGOV6HE8Zr79a/RLrwkG9WMxOCVaCr0Uvg6nRS+VCpVPsjmE3ZIRwpfLil8NczyG74KKQzw8piqxjlf+bIBryiC8zV9IazwVbcUvlQqVT7I5hN2SEcKXy4pfDXM8rvasVDGh71emnLXXbR58SJZjpqojVdNKXzVLYUvlUqVD7L5hB3SkcKXSwpfDbN8r3ZEOInJt91G65ctobjzSgo8XpmQwlfdUvhSqVT5IJtP2CEdKXy5pPDVMMs3+FpYBV8eOuDE8do83wknEYtRLNFULbxqS+Grbil8qVSqfJDNJ+yQjhS+XFL4apjlG3zNY/gKFRTQHp+PJt31WQmgKo+QU9WYyaJX4atuKXypVKp8kM0n7JCOFL5cUvhqmOUNfDFcLRn8hsDXdgkn8SXavmSxeXy4UE73IaqPFL7qlsKXSqXKB9l8wg7pSOHLpXyGL2IYyrYJfPXpk/PwFeOCd9GI4fT2ZZfR7G99k3YtWshA5jw4ZyiUm0ojR45U+KpDmxS+VCpVHsjmE3ZIR1yK5pbeffddmjVrlmSgBw4cyKrt3buX3n77bdqwYYNzNLktFJqjn36aVrdtS4eKiml/USkdLCrKih0uCtDiCz5AU/PA8xWNRumd/v3oT3feThPeeJ1Wr15Na7hARqG8LguG/XTt2pWOHTvmHFFu6cSJE/TW6NHyowcAlurZyJRhfwsWLKApU6YofKlUqpyWzSfskI5yDr6WLV1KPXr0oFEjR9KI4cOzayNG0KhRo+jAwYPO0eS2KrmwmjDmLRrw3HM0oksXGs6GcbZs4Esv0cK5cykcDjtHlJvC8U2eOIFeeeF5GsHX900GjTfffDOr9vrrr1NFjkIqoAc/egYNGkQj+RmAly7l85EBw/6QNosWLWrUfZQqI1T4UqlUmZDNJ+yQjnIOvlSqzEgL1paoVBmhwpdKpcqEbD5hh3Sk8KVSqfJWqTJChS+VSpUJ2XzCDulI4UulUuWtUmWECl8qlSoTsvmEHdKRwpdKpcpbpcoIFb5UKlUmZPMJO6QjhS+VSpW3SpURKnypVKpMyOYTdkhHCl8qlSpvlSojVPhSqVSZkM0n7JCOFL5UKlXeKlVG2FD4qrm+StUyhHvabWeWPgenl80r7JCOFL5UKlXeKlVGWBd8uZexqrmuStVyhPs6XsPqvtf1WTizbBrZIR0pfKlUqrxVqozQwtfNN9+s8KVq5cK9XT/4Up1ZNr+wQzpS+FKpVHmrVBmher5UKrdwf1tTpSObX9ghHSl8qVSqvFWqjFDhS6VSZUI2v7BDOlL4UqlUeatUGaHCl0qlyoRsfmGHdKTwpVKp8lapMkKFL5VKlQnZ/MIO6UjhS6VS5a1SZYQKXyrVmWXvfb3/6y93mmFIRwpfKpUqb5UqI1T4UrV02fu2SYZ4nJ8P9IRUnUmuVJMhHSl8qVSqvFWqjFDhS6U6s+TOd8BLn4H6yeQWySEdKXypVKq8VaqMUOFLpaq/9Bmov2xa2SEdKXypVKq8VaqMUOFLpaq/9P6vv2x+YYd0pPClUqnyVqkyQoUvlUqVCdn8wg7pSOFLpVLlrVJlhApfKpUqE7L5hR3SkcKXSqXKW6XKCBW+VCpVJmTzCzukI4UvlUqVt0qVESp8qVSqTMjmF3ZIRwpfKpUqb5UqI1T4UqlUmZDNL+yQjhS+VCpV3ipVRqjwpVKpMiGbX9ghHSl8qVSqvFWqjFDhS6VSZUI2v7BDOlL4UqlUeatUGaHCl0qlyoRsfmGHdKTwpWrxQsEbDYcoFo0Q3mDGH+XBwXQ2DPsPh8NpP6yq2rKZoDttFb5UKlUmZPMLO6SjnIOvtYsX0ct/+xONGzeO3n77bRozZoyMs2HY18gRI2ntmjXO0eS2QqEQTRv3Dr3+q/+jyb97Mis26cknacJTf5DpUb/+FY3p349OnjjhHFFuqqKigq/rCPrHr5+gYU/+Vo571G+yaLy/Z37/eyqvKHeOKLdUWVlJ0yZPomG9etLYPn2ybsN5v8uXLqVIJOIcUf2VKiPMNnxFo1FauXIlDR06VPKQt956K2uGfOv119+gft270+GDB50jyg8tWLCAhg4ZKueQ6twyZdjfm2++SV1efIm2r1/nHE1uC/fvnh3badSA/jRr9Cia+9borNvoIYNp8+bNFI/jJ2XrlM0v7JCOcgu++FymDn6dfnX+eTR9zFt09OgJOnDgAB3kTAUZaqbtIO9r0sSJNGfOHOeAcltBFJpdXqYRbUtpXXExbSwqprUyLqJNGbSNvI/lbD0v/CA987Ofy/XJZVWWl9Nwzjj+/IUv0KzOnWk7n8M2tl2wkmLaxekn0+14zOcl0+3bJr8vLXG+53nFPHZ/j+/s93YelsG2eP4OtpU876XLL6eyE8edI8otnTx5ksb+6U+0vvM5dKRDezrUPnt2rH0HWnTxxTS1Xz+qCAadI6q/UmWEeJazCV/4ETRjxgyaOGECbdu2lbZs2ZwV27RpE61fu4YG8I+hp++7l/bu2uUcUX5o5MiRktdu2bKl1rllwtZv3UobOM22bttGo7u9Sj++9RbalEfwtYx/oPzwls/QAM53Z3fqRNPOPotm8nhWFmwq2wsfOJ8WjR1DsVjMOarWJ5tf2CEd5Zzna9Hrr9OEwkIaf+21tGbhfLnpsiX88p4/fz4tYMsHhbiwmtuzO83nAp4K+FKyJQp53KYwM1bgo0ihnyoKC2gRw8TMnj3FQ3ns2DHniHJT8Owgk587fQrNfOhHtJthKMHnYNMsUxbna5Hg8fE2BTT8gouoMkc9hICviQxfBxk8qQ0fe5Zt4znn0Jz+/fMavpBvrFq1Sj4jy8q48X4ioSCtGjqYxl52KY3832/TkT17ZP/5orfHjKE9e/c6n1KcYxMa/pnpBK18dxyNY5gYdvOnaceOHWbnOS4c9/Yd22nEawNo5iOP0JbSUorZPCzFM9Uk5srLIpyXTff5aP3okRRX+Koa0hGnbA6JzwXwNY0vdpnHQzNv+BRtmjrZtJdJxOUGzKTyEb7md+9KiwNFFCsooLCnkEKeAoq18WTMygt9tOyqq2jpgAF09OhRGj9hHI+POEeUmwJ8zZo1SwrHg3t304T77qVtxSUUZSiKt/GyFTa5xdjC/CMiyvdyBV+bkXkCXwnOdLNtLQ2+Mik52nicQnxPrxk5nGZfeRVt5vv4nW99g47s3u0slR8CfO3enQVvHa49p1kEaTZqJE29+GIq57xy9Kc+Rbu3bXEWym3h/oWHcPz49+jQ7p004xeP0ZaOHSnCz0+q/KepLFLAxpCHvH92oIQ2vDVK4cs1pKPcgi8W4GsGF1bxAg8d8vhowa2foU2TJzJoVAqAmdPPjPIZvuKcZtECnxT4cc6MAWPpWRvHkp/L+dfPoiuvpEV9+1AlX48TDBPvvvdO3sAX2uXg3jmyaydNefgntKG0LQX5vKJ8fhEHlJLnnaZxxhXmTCvC2z7J12OEwledpvB1ZpkjNMcaDgVp+fBhNPfKK+gU32t7+T4b+z8KXzVl0wwWLDtFa4YOpflXXy0/hiq9Hhp1ww15B1/vvvsuRaJROrhzO8165GHa1KEDhfgZQn4TZUCKMizFkP83kQG+8IM+yuXxTK9fPV81hnSUk/A1izOTRBs/30xeOhDw0/zP3kmbJ02QHmv8E4Zi/CsmvdNOrXyGrwQ/KHF4pzhjAXw1hWFb0TY+HnvoGF+T+ZdfTvMGcCFZUSHpf+rUKf4lNl48YLms6vDFA2dkh/bvpZmPPkLr2renMH7hFXo5o/FIOqYChIaaZF5yLQqpksfq+arbFL5OLxxfLB6jOFtlZQWteGMgzeQfQajOTvD9tY/vL/V81VZU0ixK5adO0Oo3XqeF119Pxz1eaQoQKvTRyBtvpLyDr/feowjKP+Rhu3bQ9Mcfo7WlpRThewGAhB/fyHvi/Fyla/gRiR+kAnRsM71a7WjzCzuko5yEr+l8wYkvNmACF3+fz0fzbruVNsycTjG+8NFYhE+76Xtc5Dd8GTcxHphUBVxDDfAFT1qswEsnOHOfx78Y3x86hIK8T/R2wcOfz/CF4fD2bTTrl4/T+g7tKSQZDGfMUqClTpOGmIGvQp72KHydwRS+Ti94/AFeJ/lHz4J+/WjRpZfQcX7OcY/huT/AaThO4auGuIRg8KooK6PlnG8t+vjH6bAXTSdMzUCIQSUvqx0ZvgA/9n4+snc3zfi/J2hNhw4U5nsCPyJRRZjqOWuoWQBDOYyyZZbXq/BVY0hHuQtfUn3GNxIXXBG++If8Ppp26y20fPZMiqH9l8JXRuFLPGkMD8cLC2jGNdfQqhHDKcyFjDz0Uv1LdIoztnyDr6T4DoqEad/WrTTz8V/QhvbtpYowdVo03BS+6m8KX3XLHFuCKirKaV6fPrT4qqukw4t4pPl5x3Oq8FVd9npGwkFaNnI4Lfz49XScf8CjJsWCRL7Dl1UiEaPDe/fSzN8/Sas7dpSmDk31A1Lhq7ZsfmGHdJRb8MXnUhu+PPzQ+CWjOerx0Lv8IK2bPcNZPL2TrymFr+p2gm3eNVfT8mHDKIiqxkSU95pM83yGL5xFNBqhaCxMB7dvo3mP/Zy2tWvH91ny/JH5uNOjIabwVX9T+KpbOLZQZQW93683Lb3yCmkoHvYUcCHLeaLcXwpfNWWv56q33qJZnH+d9HooImkGYG1Z8BWLRcXQ03XWb39D69q25fIy9XPWUFP4qi2bX9ghHeWB58s2iDa/XE5yhjOeH6j1c2Y6a6SXAG61dvjC+jBMl7MtuPxycdnD4xWLhykiBVhS+e354owL/+BFjcfpKBcCs370I+kFiRAR0TYBihT4OD1Sp9WZTOGr/qbwVV3GrwzvfkLCSawcPIgWXHYplYnHy88QwfcmpuVZV/iCcAXd13Lle+/SZL6vyjmdYoUMX2jTiWknj2sp8CV5ciLCFqVj+/fSrF/+gjaWlJhekAVFko81Ng9T+Kote4/ZIR3lgefL3AQGCrwSx+oU/5KZ/l+fpA3TpjAwhaRuP+pUhaWj1gxfqN7FL2rE8cKv68VXXUlLXxtAQc78k1lbdeU7fLmFczuyaxeNv+9e2skQgl/KJrwG2oGlTrPTmcJX/U3hq7qifKxo24ogyiuHD6P5V1xOZTXSzBaMCl9Gcc7/0SkB+dWq0aNpSufOFOR0QbyqqjSTsqRlwRfkvnsP79lFM3/2KG1BL0jOf0wvbvODuqGm8FVbNr+wQzrKA8+X6XlX88Y4zDfCzFtvoTWTJ3EmZavE0lOrhq82PopymlewLWTwWty3DwUR3kP2lPoma0nwZc4xQXv37qFx999PW/nXY5jvvcY2XlX4qr8pfFUX2vGEGCIWjxxJs666mk5I/lc9D1T4couvH8NXJedHaOOFqsYyPHv83FVLsxYKX1b2Xt63cwdNfeznEgcsWmjydnc61NcUvmrLprEd0lHewheIfn/AT3PuupM2TJpAEZtx803aWLVm+MK6ZZzWi/hX9py+fSWcBG6106llwRduHfQiitOePXto6iMP07p27SWGTqr0OpMpfNXfFL6MbCBpxDRcMmSIBFA9yfcOeuGiAHSnmcKXkVxXTrfgqVO0cuhgWnD9x+ikB94eNBmo7rVu6fAFSc9YNgDYlCd+SevbtaNgivKzPqbwVVs2v7BDOspL+MJNEfZ4pWrooN9P8++4jTZPmURoeIj2O41Va4YvdF2ff/VVtGzwG9KzKs4ggof4dGpp8BXjDC6e4HuIzx1RpOfyr8e14r7nNGKQMplQ7bRLZQpf9TeFL4iPgp83PHvv9+9Dsy67TILzArwQvwn5oDvNFL4gTjPO7yvKGLyGDKbFn/gEHfWauIRRAdbq1W2tAr54QPUraoIO7NtHM379f7SS87CI5GG4h3D+yTQ5nSl81ZbJLZJDOspbzxcKtmgBevx4aL/PR7M/fTNtmDENdyknCd980mC1YcoX+LIXPR34QpqaX4eFdJw/z/uQE04ijHASAC822UvdanGeLzH853uHM5gjnNnNf/wXDoChIDQRpOuTeSl81d9aM3xhzxI6hy3I4LW0d09agsj1heYZNb3zaud/rRm+5AnFD0MGL7wyaPWwobTg49czeHF5cbo0E5Bo6fBlluUMTO6pY/v30dwnf0ur27WlkJy7CVFSnzxM4au2bH5hh3SUW/DF51Jf+DKG+fi+jYShmPKxj9L7EoYCAfYAEA1LnNYEXyZyfaEEUJ3L4LVm+FDC++LMtuuXbi0NvtxCBgM7vH0rzX78MdrYrp38ekSvW6RzqjR1m8JX/a11wxeqiaJyjy7s25cWXXUlgxdeZJ86ray1ZvjiiykeL9iSt96kOR/+kOT/ZwKK1gBfbiF94AU7vncPzf3972hVh44SyzAqITfO3JFI4au2bH5hh3SUt56vmoYb5RQv+85HrqNVC+fxlpAwDbtJWhN8xdr4pev6zCuuoMVDGbyClaZzOz+w9VVLhi8jeCRitH/PHpr48MO0raSYYoWp07OmKXzV31orfGGv2DfWX8z53vzLr6ByhoJUaVTTWjN82eu1YMK7NOWiiyToLMAqVTq5rdXBlx143SMHDtDU3z8pr1OL8PlL5IAUaeQ2ha/aqkpTZ0hHee75Spr01uPCrtxbSBM/9d+0bu5sQhswuKdx89VHranN1ylOJ7wke+mggZL5o6q2oWr58IU2YKbt2759++i9B+6XOGB4N9yZPBMKX/W31ghfslf+oQNv8/vDhtEc/hFUzvdJrAA9087cO61VwheuIbw5nE8vemcMTTjvPAkngTdx1MuTIyDReuArKfMj8uD+/TTl/56Ql3EjDliqNHKbwldtmdwiOaSjFuP5QiBW+0b3Ix6PtAFDI3z0gjTwdeakasnwZdLQpCMCDy656ipa0s+EkwBc4H2NDVVLhy/cL8hmTMeDOB3ZtZOm//BB2okwFJKuSG/OmFKkucJX/a01wZfZk9lnmJ+91cOH0bwrr6AT/EyiOgiN61HopUont7Um+LJpBgtVlNPqEcNp9iUXG1jlMsKkWT1qRwQkWh98Ifcyr+RjANu1g2Y9+ghtZQAzkfBN+ZrqnlP4qi2bX9ghHbUY+DI3inkY8ZAd8Plo/h2302YJQ1HJd2Ccqr8cp7ZaKnwh/ZAusBP8/ULO7AW8Ksp4K/xoAr7MJhuklu/5Sso+bIf27aHZP/4xbWjXjsIMV9LrVu7V6mmu8FV/ay3wJcWf9ESLyY+e1cMG01x+Fk+igON7BfldffI6WGuCryjSDC/JPnWS1gx+gxZ85CNUhmdOzh+BkOtZVYt0boXwhbvb3OHmXj+4czvN+ukjtF4i4aPjms3Dqt97Cl+1ZfMLO6SjFgNfNQ3v6NvHADbvs3fQusmTKBIOU1QCsdadYC0TvuARRDqaxvXzrrqSlr0+yARQZSA1XsHGqTXCF1Lr6K5dNOMXv6D1HdpLJo5wANaraE3hq/7WWuDLxGCK0qnKClr42mu04NJLpKfxmaqwU1lrgi+8waSMwWs5wklcfz0d8zQu8HFrhS+37P1+ePdOmoae3O3b849IdCSqDbEKX7Vl088O6ajFwhcsyjfMgUCAZtx+G62cPpVi/IsTyVeXWip84Vf18cICmn7NNdK+BNGzpTBKA7yg1gRfSXG6RSO0f/s2mvnLxxnAOkgk/OpprvDVEGs91Y4JieM1t08fWmjbeHEelypNzmStAb7sdQlWlnO+NYQWffLjdFzieKFNXMPLBIUvK05X/hFweP8+mvLUU7SqY0cKiyexepoqfNWWzS/skI5yC774XJoKvrCOeWWOhw77fDTlk5+gdRKGAjeyjGqpRcIXf0ZVI8JJLB8xXN4XhzAcqGpMV60RvnDrRBm+orEwHdi2lRY88Ut5j5ppP2FMMi2Fr3pba4Av7CNUWSFxvJZeeSWV4z2qsAK/3C+p0uV01lrgKx6N0uqRI2jeddcxeOEF2Xj/rHq+0hW8iagCB4DN+v2TtMYJpVMtvdgUvqrL5hd2SEct2vOFAhBxmQBhx/iBnXzZZbRu1nTZT6rkawnwFeW0QxA960IuY5t/1VUSQBXgRfGQeRO+s4101Frhy2CreY3H4V07ae7Pf0ZbStvKe9TChX5pP4FMS+GrftZS4QtFlKnaj0rj+uUD+tLSyy8T8Iq28cu9UuvHUj2tpcIXni0JkO38OFz19hiaeeGFdMqDZ4rhSwJr47mqnSZnMoWvpOTeTEQEwI7t20tzf/MrWl9aKgAmTgu+P00epvDlls0v7JCOWqzny5pdl3ibQc70pl1zNa2fOZ1vOib/WJQiyByd3Qt8zZtH8+bOdebktlLBV5h/GYbwi5oz9nLOsBZccYW8MggFRFOrdVY7VhcewKNc6E184H7ayfAS9cLjil/oJoitwteZraXCF37kII9B+0q0V0Ibr4oU598Ya6nwhVd8oYF9hNNtwXvjaNLZZ0s4ica0i6tpCl916ygD2MzHfkab0ZEIPw4477I/IhW+krL5hR3SUW7BF6up4aumobHm9BtvoNVTJwu84DUyVi3B8xUp8FWB16Krr6Il/ftx5s/nKTdKejdLTSl8QSZd9+7dS+/efz/tKCqiMF+HqNy7Cl/1sZYKX/B44dlbMmIkzbrqKunwkur8G2MtE774OnCahSrLacnoUTTtkkukXVxT5f8KX6lln4H9u3bS5Mceo61nnSVxwMT7Jeml8GVl08oO6Sin4IvvrwzDF2LpeOhQkZ9m33E7rZ84gcKoipN9J6rgC96vfFDqasdCKufxYs7s5/TtQxUVFbxkejdJXVL4MkIVCWw3F34THvohrW/bloK4bxW+6mXZgq/TqeY2GqKa8GXuhwSFQ0FaOWyYgNdJvgeihbVf9txYa2nwJXAcj1MQvRqHDaG5114r8QhRBYZyIFUaNNQUvk4nNKOI0Y6dBsA2duggeRiiBih8JWXzCTukozzwfJmMJtXD1FADxIU8phH+QZ+PFtxxm4kDFg5Lhpnf8AVI9dAxzrDmXXEFLR34moAXHii0ociEFL6MkLroSYv4TYcP7KNZP31UunDjZdy4JhUMYQpfdVtLgi/ZCu8Lz97ygQNo7uWX0Qm+/ghHIiFfmuiHJArFlgZf5Qxeqwa/QQuvv56Oe5D3e0jeQcvPUKo0aKgl4YvLAYWvasJ9a2PQwQM2/YnHaRXCUDjlCq7BbL+fNrw1SuHLNaSjnISvyQwQCenVgnpnQ9/IaJrC0KUW7XHwglHEAZtzx+20cdpkhhT+pZqH8DW3RzdaUFxKCc7gkcnPveYaWjHchpMwv2Yyg14KX1Z4BM2DyOnNv94Pb99Gs/Eaj44dKcT3G+BryMWXKHzVYS3N84VwEkt696IFl10qAVQR8gYQIW/gqJEfpWOACFhLgK9gebkBr098gg57GVQlzQCs6DWc+vwbY4AvjEN8LRS+kpLci/dhvbZH9+2h6b/7La1t244BzHR0mOUrog2jFb7cQzrKMfhKCHxN5Ycjwb9MwoUI/oYMhh8YzmSaxrAtkDzGhXSAaX7Gp/6b1s+ekYQvtnwQ4Gsew9fComJpTzL3Qx+iNcOHUpgLA3NjpHdznEn5Bl812+RkQvI+Uc6cDm7bRvOf+CVt6NBeXvj+OhfEFQpfKa2lwBfgvoLvtSW9etKqK6+QF9cnC373dPpmO9ZEeXyAt52P8DXm7Tdpx44dFOV89/0Rw2jxtdfSCZ+p7ciEoTxBpytJO4WvOoUfkICwI/v20vwnf0sIQxEq9NA0huJ1Wu1YbUhHuVvt6PxCwS+fpqp2TGm8/eOeQnr3ox+htTNm0MKFC/Ouwf20QBHNv+ZqiYcTrKgwtwU/QJlWU8BXujdwfeSGr8zvz2w/xul/gAuWmb/8Ja3u0IGGflCrHeuylgBfyDdWrFhBSwYOpCVXXMnghSozP58f2is1vZneaJw3ch55gH9U5iN8vTN2LO3fv4+WTXiPZl55JZ0sxHnZNl5NbybNGMT4nkOTgHyFr1iG4UeeA6k1idNRvj4z/viU5GHTvD5t81VjSEc5BV84GcDXBFTVeBELx3i8AF+ZMlRBBhm+ynl67GWX0aB//iN/Qk1wpj+5Tx/qfv3HaPmwoRQOhx3XcXbs5KlTacEXb6VqyKTc1Y6pziNzFqdD+/fSmJ/8hJ676qqc9nxNePppOgD44kIp27ahc+e8hi88d7Nnz6JBf3pKQrtU4Ly4sI+38UnziUxYnCFCGkIz5O3g/GvM/+QXfCGlAV+j+/eiCeedJx68hHRI4DRD+tU436aw5PszfXTSW0jDbr45r+Br2/ZtNIHz20zDl1vY74lDh2jmk7+j/h07querxpCOcs7zNW7MGPrbR66jQZxxDsyS2X314ofxJ3feQaPfHO0cTW6rsryMer/wHD147700bPhweovT7s0336xto0bVtlTLNcBGjx5NgwcPpl69eklhV1+5b1o7bT9nSujuP2HCBOrRvTsNHzaMhjGoZtaG0Qi+HsOGD+W0Gkmv/vuf9Jf7fkCVZXiRee7pFEP0kO7dqPcD99Hwh3+Sdev96E9oxrvj5MdEQ5XqHso6fPFxjxk0kJ688goaedFFNJZt3IUX0rsfzJyNuehi2c87F15Egy65mP753e/Q3l07nSPKDw3q0Z3uu+5aepvPZRyfx1i2VOfaVOa+LqMuvpj+/YXP05o1a5yjyW3h/t24cSN1fbUbzZgxg2F/dlZs+vTpMn5rxHB6/GtfpYX/v73zAIyjuva3qrupppME0htp770ADwj8k9ATSKWFjunlhYTeQ4AkEGrovZhu495lS7Lk3ruaZdmyJEuWrF626fc/585c7aw8knY1u6ud3fNdH++q7c7cvffMN3dm7syJ/WHPREbnCV2ckFjyRQ2srqkJNZU70dRQj4Y4RfNe8/neBtRWVaKxPnyZGEp8Ph/Ky0rV4Y6SkhKUUOe0BnfWoq1bsXXzJmzdtNESm9T3dRQXFe3ztwMGvR+/fnl5udrzDwdro+1dYgknLr4Aobm5Ka7RZEZLSzPa2trMpUk8uH5YUFva29FMj/EOfl+vl9tQ5O3Arg3FW774HJn6mmqULClE2bKl8YmlZtDzLUsWY9P6deozdBO1VbtQvKRg33WLZZh1VkqPa9asoX7abC5N4sN5hHP9UMXKlStpO9kwYF9KZnSe0MUJCTfypUjdzzZ6cAeh6Ob7OJKkwecNhp++5u93B4zfiwPB5tp3SUZ4rXQkOn0to3UdeoL+05/aPkH/Dfgz9egc432Moom3fA0JLlrUmDHAZ9o39HeD/lshldF5QhcnJKZ8CY5QzYKvWAn4ECDZ6vZ07RNKyOjnPK8Lb5icNqRwMN6l7yIIkWLXflJCvlIc9WnFKW8JgsZoccHiBJGvJEQ1CiVfJF5+EiyvZ18B8/HEsvRzli+HjSgcdGPtKbwxNMNaBCES7NqOyJcgCLFA5wldnCDylYT0NAw+tOgnufJaRr9YyCj40CPfe05Pqhdr9DJZCwJG9HwtCBESbD3B9iPyJQhCLNB5QhcniHwlKaphBHjGdWP0y5AwYwRMPVejXoZ8xYNgc6XCG0JTvKzBRRAiwWxRqmhEvgRBiAU6T+jiBJGvJEU1DBKaAJ/XpUa6jFEwHQEe+WLhoY2S00YUDsa7mO9lI1/qHDX+mSBEgG5T1rYj8iUIQizQeUIXJ4h8JSmqYSip8atQo12meOlRL/oBPcZ35CtUuli4WAL5/DRaDl5e/h1BCBPdrqztRuRLEIRYoPOELk4Q+UpSWGsM+TLEJkACxpPj8RWQKvhEe/5ZHOQr2FSp8PuxEFqXhcWLRZCXd4CNpCBY6WlXVDQiX4IgxAKdJ3RxgshXEsJNQjUN2uAY4hWA3xwB0zLWEzGWL6OJ8rIY72UsAwsXyaApXsb3zUcqghAuPe2LikbkSxCEWKDzhC5OEPlKUlTToA2OukM9iw6fXK+FSwfLmcMGNBDGcljez/L+PBpnfF//nCLGyyMkF6p9mUUj8iUIQizQeUIXJ4h8JTW6ibDUGGKjC9lO8HkcUO9kES8tWnZFEMLFrt2IfAmCEAt0ntDFCSJfKYC1segSf/g9+RCnDtnQCc6xa9MiX4IgxAKdJ3RxgsiXIAiuxS4RinwJghALdJ7QxQkiX4IguBa7RCjyJQhCLNB5QhcniHwJguBa7BKhyJcgCLFA5wldnCDyJQiCa7FLhH3Jl/V3NL3/VhAEoS90vtDFCSJfgiC4FrtEKPIlCEIs0PlCFyeIfAmC4FrsEqHIlyAIsUDnC12cIPIlCIJrsUuEIl+CIMQCnS90cYLIlyAIrsUuEYp8CYIQC3S+0MUJIl+CILgWu0Qo8iUIQizQ+UIXJ4h8CYLgWuwSociXIAixQOcLXZwg8iUIgmuxS4QiX4IgxAKdL3RxgsiXIAiuxS4RinwJghALdL7QxQkiX4IguBa7RCjyJQhCLND5QhcniHy5GN6gdHR0oKWlBc3NzWhuajQe4xJN9H5N8Hi6eEmMBRKEOGOXCEW+BEGIBTpf6OKEhJOvlStX4ul//xtvPvdc3OP1Z5/Fe++9p5K3G9hdtQs3Xfg7PHr3HXj7rbfw6quv4o033sDrr78el3jkkUcwefJkJYCJTFdXJ/Ly8tQyv/fuu3j3nXfiFu+//z6eo7b11N8fgbez01yixKK9tQVzPv8Un7/1JnInT8SSyZ8jj4KfxyNmffQ+Zk75Aq2treYShY9dIoy3fHm9XqwsXIRPX3vFdv1iHTmffYJP33sXdS7JW5r8/Hy8+OKLePPNN+MenCc/+ugjtA2izQ0F3H7LiorwxEMP4tVXXsHb7/A6vG67brGKZ595Fls2b0IgEDCXKvXQ+UIXJyScfM2cMwdLxu2HxvR0NA7Pjmvsyc7G9F//GqU7dphLk9jsrajAiz/8AaZcfSWqy0qpU/jou84aRCSsXrUKBQUF6ExQqdDwyODs2bOxcOFClJWVobS0NOZRXFysYv2qlXj2qivw59+dB08XjxImHnv37sVjd92Fvxx1JCYNH47cjAzMp8iLYfB7zMvIVPEh9bvXf30O9lZXmUsUPnaJMN7y5fF48NGECbjoW9/ChDFjsJDWjeuP181u3aMVug6nUzx59NHYsXGjuUTu4NNPP8VGWuamxr3UBhviGvX19er9d+3aZS5NYsPttzgvF48e933Mf/E/qKEdb5bthgb79Yt2NFKO+GLSF1i3bi1tZ/zmUqUeOl/o4oSEk685OTnYdNBBtGS0aHGOzqws5J53nmvkq5mWc+Z3vov1o0cj75prULV1C/zcMXhDQxFr3CJfPKJSWFioxCteBKj+m+rqsOqJxzH/8MPxzkUXwKcO0SYeXD8zZ87E7Ndew/JTT8UeErBARhq60zIo+DFGkW7EDpKIOb/6FVqqq80lCp9gGhw6+eKRr+XLl+OLt97C8ssuw04SMB+vW1r6vuscrVB1R69P0UTPZxxzLGo3bTKXyB1MmTwZu6oiF+5owMI8a9YsV8nXjvx8TB53KPK+912s+ehDdLS1OWy5kTFv3jxspDYmI1/B4gSyjsTCKl+2SSeG4Tb5aqrYgenf/A72UgIuo4S/5MorUEMC1k2dw+/nUbDYIvK1L6pLUv031+5W4rX+6KNRRp/PZxf8MWHlS48MlhRtRcm8OVhy2qmoG5aNAMlDgAQsNpEJT0Y6/FQ3lekZmPerc10tXytIvpZQG6ui9yr80yWoGDUKflV/salDP4WXpNVLddhKuWumyFdEuFW+5h08DnXUZ5Z+/3vY+OEEdHR1Gi04DkIk8iXyFbNwq3w10cbLk56JbSNGIpcPQZYWU2cNUPipedCj+fvRRuTLgOuXR7q4vpmWvXux7IknSLyOQjslyh0Unya4fPGGiA+Xer0eFM+djUUnn6ySvJfCR23LS+Gj5ywUUQlqs12Z9EjysJMkYq7L5YtHvhZTX/DT++zasA6LLr4YZVnZhmCSaHIdRrf+0tVrcwTla7O5RO5A5Ct8rPLVSX2Hc/7y73wby0nAuP1xvjcyUewQ+QrNN1ycIPJlCbfKV7PaG6YNJCXlsjGjMff3v0P1tjLVIfkwJItBLBD5MuD69flJdP0+dJC8LP7737D6iCPQRgmSD91V0YZywkXukC9qNPDScpblLcDc43+KWpYHkqOuTGOUJUD9JBrBAsEy0k11VEmvmwzyxW2MXylA/W53cTEWXHQBSqjeArSeLK+q/tLt6yPS0PXHEttOz2eLfEWEW+UrZ9yh6KK2FKBops+/8GtfxYp33kGXzxAwP+90m38TbUS+RL5iFm6VrxZKvixfvDfcRbFj2DBMv/AClG/bRh2SzwGLzSFIkS8DNcJI0dzZgdl/+xs2HHAA2mkjy58Hn/dTTY8fukS+lKRQ+H0+bF+7BnNPOB57aPn9GTxyk6XWx67vRBp82IylpJvabSU9uv2wY498mfXH0birEjOuugJlJK9cf95041CuXX1EGlx/3L6433eIfEWMm+WLd7KNw89paM5Mx9IvfQmL3nkbndQOWfz5aEcsEPkKzTdcnCDyZYlkkC9f2jCVmGtGjMCUiy7E9u3b1e86bSh2iHwF67WF6mDmww9jffYwBHi0SH0ePPLlLvnSkH6hO+BH2Zo1mHL8T9UhSHWCt02/GUwkq3z1QBtB+P2o21OHSVdcim0kX9ESLw6RL2e4X76C+Z53uAtJwAref1eNgMUKka/QfMPFCSJflkgG+fJmZFNizoKX9oi2jxiOvIsvRl1xcUw6jMiXkRQ7mptQ+OjD2DB2rBIvPkTn4c/BzfJF7cUf8JA/+FGyeDFyT/pf1FH/CPYXZyKR9PJFr8n1F6BSXbkT8664TPVHv01dDCZEvpyRLPLlyTB2ttszMlD49a9h1YQP0NXR4bhN2yHyFZpvuDhB5MsSbpcv3rP2p6epc0H4EAdf7l42ahQK+SrILVvUhpRHNNTJ4eZrOCFV5YtPq1cXMlA9NtfVYsVjf8fGQw6Bh+qb670rc5g6v4eTo3tHvgAfrR+6vfD5fChZuABLTv0Z6oZxss+kPe7hqn2pKQ9s+tJAkezypeuvu9un3rt26xYsueQiVIwZTXVHfZR2kHxKzu3rZ6AQ+XJGMhx2NHI955wMesxGMz1f/p3vYOOECehs05PHRu8cMJGv0HzDxQkiX5ZIhpEvtVGjddGHOJSAjR6NxVdfhcqtW2lv3Au/OjnTeZdMWfnq9qt63Fu7Gyv/8QQ2HHkkOi3tSEkwPbpZvkLpJsHwoGguT0NxGuqGD4Mvg+U+S20E9HpHEskuX73hd6jeuB6Fl/4J28eMhSfDkC8WWbv6GShEvpyRLCNfOtfrfthMseJ738UGngeso53+kHaezKuwnSLyFZpvuDhB5MsSySJfvdfLQz9nAcsZfw0qWED8fBK+8w6UivKluhwls6aGBixR00l8CW2qzg3Z1ZFc8mXgIQHbOncuFp5yCuqzqL2lZTmSh1SSL4Y3WhWbN2H+5ZeqQ5DG1BPWQ7nhh8iXM5JJvnq3DZ73cTEJ2IoPJ5hXQfr4BcxXGjwiX6H5hosTRL4skYzyxXtFPCTtycxE+dixmHPhhWoaCu6MqjjolKkmX8aVRN1ob2tDweOPY8MRR6p5vHgD2nsEKBnli6WTb6S+aeFC5Jx4AmrVugfXOZJIRfnSU79sLy7C3CsuR3EGn6MZKu3hhsiXM5JVvjgP8Yh0c0YGFn/j68ZJ+LTTRC/guJ2LfIXmGy5OEPmyRLKOfPFM2J5MPgE8EzuGD8fs889HVRlvaJ01oFSSL1VTlMD4JuK5Dz+I1ePG0UbPmH6BDx/1ToLJKF88gWiABMxHe9Pbly3BnBOOx25aN6Ovch3s2/b6ilSULz7j0sfz7vn92FNZiZxLLkQp9U2jTvgxsvoT+Ro8yStffBI+zymXoXYMC790NJa/9aZqo07buchXaL7h4gSRL0skq3zxxI7G4SG+EjINu4cNw2xaz10lRfQqAbVB5Q1DpKSCfHGaCahT7ANqPXMevB8bRoygBMiJji9y4FGvfUcvknLky/yfr4TkBLxt7VolYDwCxpM+8kn4xjqH1oVdpKJ88bsY70X/00Pj7hrMufgSFNGGUkm8qr/wBEzkyxnJK19G3vGnD1e/057B84AdjZVvvwUfj4CpTM/X4EaOyFcwX+jiBJEvSySrfNkFT8TKhyB3lJerQyG0T26+avikxsgXX9XoR1t7G+Y/+ihWmTdNHqh9JqN8aTjp8L1DOQlvX7YYOSeeiLoski8eYc0YptbZrk6skYryZYXrj9+1gTb+cy+6GGXDsuHLNKaKCWcEUeTLGcl8zlfv4IuBlh5zDFZ/8D46u7pUvx1Mmxf5EvmKWaSSfPG5Jnwz7pzx47GruIg2Bjw5HzUn3iUPk1SQLz5Pp7m+HoV8cv24ceB7HYZzeCiZ5Yvh0S+uGz4EuTU3Fwt/dgp2jxhGYhreCfipLl96eXjal8qyUuRccTnKR4+Gh+rDrr56h8iXM1JJvnhknm9FtPg738bqjyagXU1DEfkVkCJfofmGixNEviyRKvLFe9bejCwlYCX77YeCa8ejZjN1Kr9f7ZGHSzLLl+palGSaamqwnMRr3ZFHoZPq15eWTdLAozv2dasj2eVLw/PG8YZsw5w5KDjtVNSO4MMd9nVijVSXLw0fAvJTO6vYuhn5l/0J5TyyalNfvUPkyxmpJV98Xmo2GinfL/7+97D+wwnooJyo+kQEIiXyFZpvuDhB5MsSqSNfPP8XJW/qlB76/RLa4y64/DJU0wbA6FjGsPRATSvZ5IvX19hIG+vfXFuL1Y//HeuPPgqtaiJDfXI9S4N93epIFfkyJhINoIvWrWjObGMiVupH3MaM8+G4vuzqR+SLUS2Nr4Kk2LV+HQovuRgVI0ZQO+N64j7ad/2JfA2eVBv58tHOdiAjE3szMrD8e9/F+vffU+2WXphf3XiTARD5Cs03XJwg8mWJVDrsyB3SOLcknTqzMRP+gosuQHU534ybT6g2ZsLvj6STL1pfH98FgNa9qbkZy/7+KNYfeSTaVZ0ZdRyOeHGkzsgX/0dpiMJL61eSMw+5J52kbsYdoIRvTCa676E0kS8D4535fz4EGUAVLeuiiy9EaSb1TRJ9Y4TakNne9SfyNXhSSb44dL7nxyb6u2Xf/AZWvWfeC5IvuOKcb75XX4h8cS8NLU4Q+bJEKslX7/DSnvZ22uOefuEF2LZtm7oCkqM/kk++SLwo+CbZOY8+ig3jxpniFXmkinz1YAoYX1HF94Kce8Lx6mbcfBI+jxjuWz8iXyGY9cexm3aAZlx5Bcqo7vyq/vgwd2i/FvlyRqrJV+/gQ5BLvvQl5L/zFjqpz3Ku5xH//hD5Cs03XJwg8mWJVJYvf1o2fPS3NSRgUy64AOUkYEx/DSyZ5EuvZTOty8yHHsL6MWPUPdO4XiKZf0lHysmXCcsrX7zB01BMNqeh6Fb10Lt+RL5s4eX0+1FXvweTrrycBIxHW/dtfyJfzkh1+eKph7oy0kwBe9sYARsAka/QfMPFCSJflkh1+VIJPSsdO7OzMe93v8MeErD+mldyyVc3PJ0dWPjwA9gwbLiqh67MDBIwvvR/X3kYKFJVvjgxe33GzaTLVq/GvOOPxx7ay+7dn0W+7OFl8Qc86nFP7W41DUV5pv1hW5GvwZPq8uVL4xvkZ/QIGB+C5HbcX18Q+QrNN1ycIPJliVSWL+7Exr3mqFPSY/nIkci/9E+o2boFfrUx3fccMLfLF6cQdXJ9dwBtDfVY9ugj2HjAgepqM74YgcWLJcquvgaKlJUvCr56j+8n5/f7UVqwCAU/OwW1fDNuqgeV9HnSXwqRr33hJTEuYuB5wLpRX1aKwksuQvnoUWqaE77aVl0so+pQ5GuwpLp88cTb3Be96cPQStuM5d/4BtZ/8AE62tr43VT0ViyRr2C+0MUJIl+WSGX54rB2ZJaHbaNHo/CqK7Fry2b4fF3w8Z6Rpb25Xb58JF18gn397hosffwxbDj8cHgsdeAkUlW+QukmMfGgaP48NQ3FbhIwnt6ET8DnEPkaGN7h4WlgCi69BNvGjkWXqj8ekdUbX5GvwZDq8sVhnITPfTCNtiFpWPnd72LjBGMeMH+3l/IjnwcWRORL5Ctmkery1Ts89HqlJGALx4/HjuJidPtC747vWvnideCNMSWXxto6LH3iCaw9+mi0ZUSv7kS+gomqizZ0G2bPRt6pp6JuGI8m8vmFWSJfYUFLR8teQQKWc/llagTMGEHMEvlygMjXvrGXXo/nAVv94QR0dnWS+IeeBybyFZpvuDhB5MsSIl/B4D0inpivKyMTZfvth5zLLkONmobCbHb06Fb54mk0ePlb9+5V4rXhqKPQxhu0dL6k39gTdBoiX0FYcrs8ndicMx/5p5xsXAVJYdS1yNdA8AEgX8CHbVs3I+fKy1GaxTdO5r4u8jVYRL5Cgy/q4PzXSDugPBP+0gnvq1Fr1UPovRmRr9B8w8UJIl+WcLd8GSfgRlO++M74nkw+9ykL5SNGYs5vf4uqbaU9Dc+t8sXJpIOSb+HfHsGaww8n8aJEps6l4SvL7Osj0hD5CuKn+uZL2TmZly3Kw5zjf4rdvOFQ9ZNF9ZOB+SJffcKHHv18Dh3tNPAOUM7FF2CrRb7aqc+LfEWGyFdoGPmeTwfIQiu9buGxx2D522+hi081MYvIl8hXzMKN8jWV5GsvLbuHknFXJh+O4D0YPnneefDcXyxgLCV8rklldjZmn/drVBZvVc1u5cqVWLRokSvkq4A2jKUkX7zcHR0dmPXww1iz//7oUOtK62gextEngzsKSmTGI4uwyBfXuUpV3QF18QZPQzHnxBNQz/VE9V5FMf9cka/+MWuR1mNv1S7MuPpKlLOA0QazlfqnyFdkuFG+KvLzMPugg9Fh5nsP5eZ9co+D4Nfki4w437fQtmTp0Udj+ZtvqLn7WLfminyZ2SJYnCDyZQk3j3yxOLAo8QbfmMk4usEjFFxHu1jAfnO+mgnfPSNfLUoSS0pK1IjX/AfvRzGtRyCD9/jM5KMfoxScyDpYhuk9Ul2+NJys+N6hai9+w3rMPf541FPdVFK7nU5S3yTyNSDGIXOgfk8dFl58ASqonfFIxUyRr4hwk3ypFsp9Jj8f88cdii7KVbyjzVcq2uXqaITaHlLOX3r0UVj+7jvoop0mGfkS+YpZuFG+vvjmt81zaNLgo3XgS4hjGXy5+7YRI5B38cWY+8kntMFxx2HHxYsXY/P6jVj02OPYsN/+8FHy8qcNp8+dpTL6wXuPfF5ON9WZyFcQnbT4KtNtSxZj0SknY1NWNubJyFdY6PXge0/U7qhAzpVXYCv1R0O+Nhm/5BJEvvom2C4D6ubXWr7mjjtEjdbrUXreeYxF6G1iO+WwZV/7GtZ/8D5mTZ8u8tWrOCHh5Gv23LnIPeII7N5//7jHDpK+6b//PUorKsylSWzqSRJf/NEPUHDggdhIsfnAA1B00IEojlHw629Q73UA5n35S3jwF/8Pn0z4AO3t7eYSJSYsXzMp0b917XgUHH44dlNCaUijoD3HvfQ8VtGQkUHvkYF1lCjf+P1v4O1KXPmazol140a0tbXFJVopGpuasG7GDLz/05/iw/PPQ7OL5WvZ0qVYQDuOdusaq2ihds2HcKf97nd47ZvfxO5NG80lcgcTJ07E2nXrUFtbG/dg6fr8889RNUTy1xe6PVrbpPqK2m9RXh7eP+QQbMvORnX2MFTTTkt1Fj/GLvhUk5KsLEz7wXF47PrrsWLFCjWPX6qiPxtdnJBw8sXnEX1w553IefjhuMechx/C5Jdfwu7du82lSWya9u7FB88+jen/+ifm/vtJiqdiHvPU+xjv9fJDD2LWjOkJP/LF53hNfvMNPHvaqZhz0kmYT7GQNsy5MYyFJ/0vcuh9FtDjpyefhBduvgFe2ttORFhOp06diskkqDxCyCM4sQ5+Hz4UnE/x3N8fxWsP3o9mkqZIsUuE8ZYvn8+HZcuWYcKECXGtPz7kz88/fv1VPDX+GnUyvpvIy8vFF198gQULFmD+/PlxDT6ENoneu7Gx0VyaxEG3SVW43aqRrwCKNmzA81ddiRmXXYbpl1+uHmMdMy+9FLMvuQSfXHE57r70T1hMbY4nT05Vej4Xszgh4eSrq6sL9c3NaKQ9u6GIptY21zQu7pi8183DwHxFFO+PxDr4PfV7+XxedTImfy+R4frZU7UL5atXYefq1XGPMnrf4i1bEna4nts7jwRsoWUsLi6OS/D5d+qxtBSb6X23l5erthwpdokw3vLFr93QUD8k9cdRVFREsTXhd4J6w8u7l3YgWYD4Md7BI76J0ydVdlXPVIvk9krCxeJFCVc95yMMVdRP9+6pRT218YY9dep5rIPfp4Her6qiHC1NTWrZUhX12ViKExJOvgRBEMLFLhHGW74EwSm6HXJLVI+meAVox0iPfNET45eFIUN/Sro4QeRLEATXYpcIRb4E92G2RDXiRcFXtfaIF18hbAT9Z/6+MBSYn1JPcYLIlyAIrsUuEYp8Ca7EHO1S4sW39gmQbPEpMGZo+ZL2OnTofKGLE0S+BEFwLXaJUORLcBu6HapzvLRs8fm0ni4j+FY/SsBIznrOwBXiTc/nZBYniHwJguBa7BKhyJfgNlQr5EOKWr58vhD54q+VfAX48COLl7TZoUDnC12cIPIlCIJrsUuEIl+C2+AWqEe9Qka8LKEEjOVLTbErDAU6X+jiBJEvQRBci10iFPkS3IRug2pEi0e8bMRLBUuZKV/SYoeGns/KLE4Q+RIEwbXYJUKRL8FNqPbH7VOdbB96uNHX2bGvfKnzvqTVDgVGvQeLE0S+BEFwLXaJUORLcAu6/YUecvQo6Qp0daqwyldAjXzxOV/8t0K86fm8zOIEkS9BEFyLXSIU+RLcALc63f4M+QoecmT58pN4eTra4Wlv65EvNfeXOuFeGAp6Pi+zOEHkSxAE12KXCEW+BDeg2143zPm8LOd7GfJlOeRoypcaHaO2bPy9EG+Cn5lRnCDyJQiCa7FLhCJfghtQLS/AtxAi+bI50d7T1owACViXZeTLKl9C/NH5QhcniHwJguBa7BKhyNfApOI6JxKq1fGJ8/pcL4t08eFGdc6X+dzb0R6ULz4pX+RryDCyRbA4QeRLEATXYpcIRb4GJhXXORFQrU1frcjnbvHhxl7yZRUwjp7v+709fysMDepzsxQniHwJguBa7BKhyNfAyOhJ/FEtjeWJpYsiECCZ4pPsvfTYS7x09HzfS6Furi3yNZQY2SJYnCDyJQiCa7FLhCJfAyMb8fijWhpLrwo+d8sLvsKx9/lefLiRw/o99TsiX0OO+gwtxQkiX4IguBa7RCjy1T9qjWUjHneMlkZ1HuAwDjmqk+1tDjvuEyRq6vww/txk1HLI0J+hLk4Q+RIEwbXYJUKRr/4J0Abcxxt82YjHjZ52ZoqXMYpl3qvRE5zR3ho82sVi5g/Q1/w36u9IwIQhQ3+OujhB5EsQBNdilwhFvvonQBt0H59nJPIVc3T70oXlqztgHnIk8dIn3FsnWFXnd/n4kCT9npYuigA/8msIQ4b+HHVxgsiXIAiuxS4Rinz1Da+r3+eDl+SLN+ZC7NFtjIt15EuNeqnzvkiy9BxeJF3qFkLW87tYkrn9iiwPOfpz1MUJIl+CILgWu0Qo8tU3vK4+2sB7urpoW+83vyvECt2+dDHkywx1/pYhYUrE+PMwR7nUz3oVYeixfh5cnCDyJQiCa7FLhCJf/ePxeNDe3q4kTIgdum31FD5fi0evrALGosWHIeGnL1nG+PfMoCIkFsanEixOEPkSBBcTjSTgZvT6W+tA5Kt/urq60NLSAg8f6hJihm5Xuo31tEGSLn5O//VImF0REg/r58PFCSJfguBS1DkhfJjCYRJwM8E0GKwDka/+4VGvhoZ6tPNta8x6SbU6iAe6Tq31q5/3V4TExfo5cXGCyJcguIyerm85LyRV0etvrQORr/5pbW1FdU01CVgDOjo74PV44OVJPM3zjVKxTmKBrse+iuA+rJ8fFyeIfAmC4FrsEqHIV9/wura1taGG5GvPnjo0NzerkbCOjqCE8VQUPVfaCY7QdWi0MqMI7sX6OXJxgsiXIAiuxS4Rinz1Da+r12uccN9OEsbSxSfg87xfPPFqQM1BJaNfgmCH7he6OEHkSxAE12KXCEW++kavryoBnrhTZEsQwkX3E12cIPIlCIJrsUuEIl9901cdCIIwMDpf6OKEhJMvXiEeBh+q8PH9tAQhxeDzfOz6QzyCZ1tnORoMwTQY/HuRr76xW99UWn9BcILuP7o4IeHka+XKlXj1lVcwceJEfPbZZ3GPTz/5BLW1tebSJDZ84uy8efNUzJ8/Py6h3isnR8WnH3yAdcuXqfNFEhneuG/YsAFTpkzB9GnT4h78vitWrECsbufiNBFwO5oxYwY+oM/Trk/EMj7//HO8/957WLp0qRKxSNHrbl3/eMtXwO9D+dbNyMuZj02rV6Fo5XJsptgUp9iwbAkK8vPQ1NxsLlH/2K2z0zqIFH43/lwmvfIyFr34Ytxj8YvPY9Zrr6ByR4WxQC6gtq4WUya8j9yXXsBSWv4Cm/WKZcyg2FFaOugdpWRA9x1dnJBw8jVzzhysXr1aTQQY72hqasJ8kotSamBuYE9dHV78z39QWFiI5cuWxSWWLlmCZSQS0yZNwm1nnI6Z77wJH9+BP4FpaW/HvJdeRuHXvo7th4zDtjjHusMOxUcPPBAzSXWaCPiKN5avnTt32vaLWAeLcW5urjoJPFL0ulvXP97yxevwwbvv4jdf+xpePeQQTDzwoLjFZwcciHcpHvrJj7G9qMhcov7R62xdb+vzeLFk9kw8QX1j0ahRWDJ6tIrlFCvp61jFUvP1Pxs7Ftf+4ufIoZ1It7B9y2Y8c9LxmEXrsMxcF66z3usYzVhBsYzeY9qYMfi/rx6DBdOnp/RtqYI9xyhOSDj5mkPytWXLFvOr+NLZ2ak2Aq6RL9rITJs2Df4YjajYEaCNWOOuXSi47Ta8d+wxWPfFFwnfGVs7OlD48ssoPfRQavHU5OMcjcOGYeJDDyXsIW2WL+53dSTzQ0FxcTEKCgpcK188srqMdkw+fPrfWHbqz7A3MwP+zHT67DNiGNy26D3S09GUnobpxxyL2k2bzSUKD73u1hJP1hTk4fPRY9CdYaxLN60HB2IQ3WmZ8KcNQyA9A1VZ2Zh84QVq9H7Z8uXm0iQ+1cVFmHrKSdhLnzl/7qrebNY1WhFIH6Ha8e5h2Sg47zxMeecdrFu/XuTLUpxAtZxYiHyFz556U77i0Bn0FVF7d+7Ektv/jI2055hLe/nrv5jkKvnqpo1WPCNW8hXs/s43mCJfzuqQ5WsFbcQXFxagdOECFJ58Muppg+UnoQiQKMUi/BReEglfRjpaqY3NDEO+9LrqEvI9c3JVjfV5rGD5mjh6NPURXo80eGhD70/PpH6TFfUIUHgptpHsTbvqatVG1q1bi6Uuk69pJF+NJEZ+ii6qLx9Jpd36RiN86dkkXiOw6NxzUb52rdrBWEuPqXxetNlbeooTRL4suE2+6mMsX6pp8UbL3HDV79qJ/FtvxuZRo9BFnb9g3Dhs+Pxzev/E7ozJKF8a9dmQGDtB5MtZElXyRRumxYsWwUt9cevcuVh0ysmoy8imDZghSryR9KWTXJCQRSs8JF4c4cpXX6ga4J0rh+0oUli+po4cRX2EJILqyZtB9cR1FJVgQeFHqn963klRdsCByL/uWuypqVY5c83KFViyZIm5NIlPiHzR595FEZ36MmROhRJ743tVw7NRePZZ2LZ0qboFJdfVmjVrRL4sxQkiXxZEvkLhQ4x8MjHvFdeWlyH3uvHYPGYM7XEbnTbv0EOwdtJEen+Rr74iHocdnSYBkS9n9cfytXz5cnXuJb+Snz7nTQsXIO+k/0U1bSB5NMebwWFs1ALUJpwG9z9jw5uBNtpYznIgX0w06iFSrPJljOjxoUF+7jy4nn1U7760Yeigeio66EAsuvlmVG/bpi584Zy5atUqdaGHW2D5mk7yxYeZu3kdzbBb/0jDqC/eSRimJHgHtdXcs85CCQmqTx31gIx8Ebqf6OIEkS8LIl+hdHfzjNc+7CwtxsJrr0HpiBHookTGHZ87bD7JjMhX/yHnfA1MUsmX+T48W/w2+nreqT9DDW/UWL7Ss6nfZOzTRgYTeoSChaWDHmc7lK+hIChf+lAqr4/9+kYaPj5sRhLhIQErOvAgLL75JuwmeeE+yJ+Rq+VLrSPLtyHidusfabDEezOz4Kd2up3qbcG552LXunXGDrg5IiryJfIVM0S+DIINq5vEqwTzx1+D7QfsbyQ06qR6b0nka+AQ+RqYZJIvDb8fjxqXrliGeT//f6imDRqf7M0bTbt2Emko+aIdIZEv++B68dJrluy3HxbeeBNqKKcHlHgZIiHyFRqq/jNJvDLTMec356O6qEjVlbV/iHyF5hsuThD5siDyZaCbVf2OCuRdfx3KSby8WenwZgxXQ9IiX+GHyNfAJKN88Sv7Ax74tICddipq1KixfTuJNES++g9+HR6pnzV+PHbv3InugJc+kmCeFPkKDW5LPOI1+/xfYzv1x4CfzwEMzVciX6H5hosTRL4spLJ8cTMympJxfL+hcieJ17UooQTmo47elTlcXV3D562IfIUfIl8Dk5QjXxReek8EutRhm+1Ll2DRiSeiQY0cc9swTsa3azPhRKzkKxr1ES7RlC/+O85JemSxgkRi2iUXqTYdIOnykUhYLycQ+QqN3ZmZyDv7bOzYtFG1V3/Ab7RfCyJfofmGixNEviyksnyxcnGHC1CSqifxKrj1ZhSNHkUJPpjY+NH4WuQr3BD5GpjkHPmy0g0f9a2ihQtQcPLJ2JM9DJ4M48RmFii7djNQyMhXMPhvvBlZ8GQadbpt1EjMuuxPlB/r1fvoz9j6Kae6fHE9dWYNpx3rTFQPH4HCs87CTqoP7ie6xnpf+yryFZpvuDhB5MtCah92pNfgqxqrq5D719uxaexYeKiD9+60RocX+Qo3RL4GJvnly4AnQ96YMx95PzsF9dlZhkClZdu2m4FC5CsY/Lc8J1VnRhqK998fC68dj6Z64xZxfX22qSxfRn0NU3PEVWVnI/fss1C+bGmffUQj8iXyFTNSUb64w/EwMz/Wbd+GnNtuxdaxY5R4GRMehnZcka/IQuRrYFJFvvh9vNRXNi7IwYJTTlbngA320KPIlzXS0cVXNR50EPJuuhnV5eX0efefE1N75IvrOxM1JF/zzzkbW1csg0/VV//9QOQrNN9wcYLIl4XUlK+Akq+a0mLkXX0lto4eTZ2aJ4TkKxtFvpyGyNfApIp88WX7ftrIsYAVFSxSAlZFG0BuI0Z7Cf8QpMhXMDwUxQcdiMW33IKqkhLKR141RU5/pPbIVxoqqO3knnMOStauVheF8HlxIl8Do/OFLk4Q+bKQSvLl540RSRef7cXilX/lFSgfMwYe1aH51ih8S459O67IV2Qh8jUwqTPyxQJGfY53eKjPVtDGLPe001CZQfJBOzt870EWELt21DtSWb74d3jnkNedLwAq3W8/LLnxetSSnLB4+Um8OL/1R6rJF4+w+rmN0eMOam+5552H3bSd9VNb7Ka64B2DgXqByJfIV8xIJfniE+vViNeO7Vhw/XUoowTm6+msfW8ARL4iC5GvgUkV+bISCPhVv91Bf5d76qmoYQHL5Fvs8ESsAwtYqsqXIV4sHsZs+Hxyfe74q1BfXqbq1FDcgUkl+eK2om5vRW2sgtqYFi9DuMJv+yJfIl8xI5Xkqxt+7KmuwvxbbkLp6NGUyO07bu8Q+YosRL4GJhXlS93ImoI3gKVrVmHuKSdjTwbfLoZPwBf56jtYuoahm0WC1n/i5Veodqs+X6pPemK+ev+kknwF0kdSW8nGLmpfs849BztLitWVjL1vpj4QIl+h+YaLE0S+LKSCfOmkz/N45d7+Z3VyvZq1Pn04ddSBk77IV2Qh8jUwqShfQfzqnJvN+XnI5ZtxD+dD/vZtyRqpfNiRR77KR4zAxMsuN8RLld4TI/RPKskXH9GoGjZcnVxfxrcMMtTLeNEIEPkS+YoZySpf3ESsDaZh5w4U3HoTtowaBQ/vbavzAcK76krkK7IQ+RqYVJYvHnvgw/8sYFvnz8NiErD6LH2+pdHP7NpVqsmXrgcv5Z/i/fbDgmuuRENDPdeemsKDP99ISG754rriOqWf0+9UjhiuJlAtWbFcjbSq+hpEmxf5EvmKGckqX3zyKZ+EyifY76nYjvwbr8dmEi9OZHy/ORYv7qT7duJ9Q+QrshD5GphUli9+Z+P9jZtxF82bpyZi3U07RSwkXnXV8b47RikjX5Rv1LqmZaOT1rfkoANQQPmrvqKcqozrzc8zFEb8CSarfPHXRtvIVu2jMjMD+SRe5SROakohHvdSfSFyRL6MvmotThD5spC0I1/dlKACflRtL8fC68ajeORIdVWjtdOGGyJfkYXI18Ck9mFHE3P5uC8X5+Vi7sknKQHzZfAVfcOoLYUKWKrIl3Ez/yw1j9fWgw5G4S23qJtkc85R53gNkuSVL55ANRN+ajsVFLPPORsVK1eq0S51pa0DRL5EvmJGssmX0TiMRrKjtBg5JF7l+/NVjUbStnbacEPkK7IQ+RoYkS8LtJw+nxfFfDPu/3caqtU0FCxeoYcfU0W+/LR+HqqD4gMOQP7Nt6BazePFUyOQSFBdDZZklS/jgoRMbGfxOu/X2LGVr2o0DjNGemi2NyJfofmGixNEviwko3xxqSsvR+54Fq/94c1Khzd9mEraoZ02vBD5iixEvgZG5CsILwuf/8X3gixbuQJzf/7/UE2S1btdpYx88S2DxozB/OtvQPW2cso1XvpLZyM4TLLKF7eJcpLVOb85HxVFW2A4anTyjshXaL7h4gSRLwvJIF/cHIzUZOzt8FWNi64dj22jRsFHiawra7i6qeq+e0zhhchXZCHyNTAiX0F4Sby8rN08WWgAO0jA8vlm3NSOuM/50oZRH2TxMja0yShfvJ6q79A6bs/KwpwrLkVD1U513irfBse5eiWXfHHd6TqrojaR+6tfYefWLVRf1IZY5B2OeGlEvkS+YkYyyBcnJu4cAep4e3buQP5N16Nk1MiQE+oHK14cIl+RhcjXwIh89UU39eMAyhYtUgJWl5UNT4YhX7wDlWzyxevVlZlOka0mBN0+LBvT/3SxpV06/aSCJIt8cX118g51ejaqhw/DorPPRuW6daq9c31Fs85EvoL5QhcniHxZSIrDjjzOTAm7blcl8v56OzaNHatukm0nBoMJka/IQuRrYES++oaXjfv3pgU5yP/ZKaintsSS4uNbgCWdfGWRVGap6W9KKW/NueoKNO6uVr/r9DPqjfvly5BVPoWEb7FUPdyYTmL7iuV9tnWniHyF5hsuThD5suBm+VJNgTsdRf3OHVh4+5+xxRQvPgHTTgwGEyJfkYXI18CIfPUPTw/g8XuxIWc+8kjAaklQeINrHKZLIvmidelMz0TxgQdiwY03YndlJa28/fmsTkkW+eIrG2uys7DgnLOxdflSdViWW0wsEPkKzTdcnCDyZcHV8mWK1+5tpcgdfzW2jBlDe0WZam+SOyjLkp0cRBoiX5GFyNfAiHz1D1+txlPFeKn9bMldiAUnn4Qqki+jH2ahnTbEySBfnSQTRQcdiIJbb0H1tm3qHK/uAJ9gH32SQr6oDfBVjfnnnIPiVSvhpTzM9+x12p77QuRL5CtmuE++6jGd5cvHI1/UOUuLkXvN1SgdNQpd6XxyLomXOjwRFCanYext82MaydchIl8DhMjXwIh89Q8vHU+MyacUsDSULV2CuTwNBfVxf0YmWmnnyq3yNWnUaIDWw0ux9cCDsPiWm1FbUqzEK0DBE0THArfK1zSSr0Y+3Eyiylc1LvjVr1C1YT18PJ1EgNqHauexQeRL5CtmuE2+eCMzZcoU1RnqaE9x8eWXYfvYsSRcfCm6cTWUEfw8OtGZqWfdlpGvcELka2BEvsKDlzMQ4AmTA9i2YjnyTjsNtdQPWyimHHssamg93cTmvFxMGTkKgYx0lI0dg4IbrkNdaYlaR15bxtkn0zdulK/dJF9zTj4Je+nz3knilXv++ajevKnPth1tRL5C8w0XJ4h8WXDlyNeMGajeuQM5N1yPcnWOF5/flR2z4Ktr+NAji5iMfA0cIl8DI/IVPurG+FS8JA98cvXc007FdtoYzzrmWOx22cjXWvOw465hwzHvqitRW1lprB9FrHHryNeMU07CFvq8c3/9a+zeulWJqm4TsUbkK8nlayZtBPgD5oTW5fWo8MQpWlpakDN/vmvkq4Hk693XX8Osm25A0ZjR8GbwjWeHw5iAcd9Rq2gEzxXG94LspL3V+S6SrwKSr6LDDlOXsPsyM43HOMWeESPweYLL1wyS+Era+HE/iGef49i4cSPy8/NdLV8rVqzAYpIvnhoiXsH3giyl9539s59hwrFfRe2mTeYSuYPVi/Lw4pgxmHLxhdi7p5byiF+tEz/GOjweD1avXu0q+aoqLcGbv/wFJp95JnatXx+3utKxePFirFmzRuTLUpyQcPLFH/DLtKH87LPP8Mknn6j49NNP4xYff/QRampqzKVJbHbXVOPP55+Pt770JeQeeQTyjzwShUcdhcUxjAVHHKHeg9/v5W98HXmffqI2PolMB8nXzA8n4J3f/w6zqb5m/P736jFe8flvfosPXnwxYZNWW1sbJk/+Au+8847qA/Hsc9zP33zzTTVqxBvESLFLhEMhX7z8XG+bSIA2kEzGI9atW4d1tBH+6MUX8NA5tEHeutVcIncwZ+YMXHjc9zF5yhQsWrRIHXWIV+Tl5eHDCROwhLY3bmHrls247oI/4o1//RP5ebQONusVq+Cdo7eon/IIL4tYqqLzhS5OSDj54iTp9XlVIubHeIebGlZnezuWz5qB1SSMa2lDFu/InTRJjRImep3xKEFjYyN2VFWhgsR6KKK+oV617USFr6hjiVBh0y9iGSylg60bu0QYb/ni9lWxYwdycnKURMQjWPb4kQ/XskgsmDcPzU1N5hK5g3KSCb5gaNnKleqQVjyDR7w4du/ebS5N4tNA7XrBnDkoJGFcRhJkt16xDG5rXF+JnMdijc4Xujgh4eRLEAQhXOwSYbzlSxCE1EDnC12cIPIlCIJrsUuEIl+CIMQCnS90cYLIlyAIrsUuEYp8CYIQC3S+0MUJIl+CILgWu0Qo8iUIQizQ+UIXJ4h8CYLgWuwSociXIAixQOcLXZwg8iUIgmuxS4QiX4IgxAKdL3RxgsiXIAiuxS4RinwJghALdL7QxQkiX4IguBa7RCjyJQhCLND5QhcniHwJguBa7BKhyJcgCLFA5wtdnCDyJQiCa7FLhCJfgiDEAp0vdHGCyJcgCK7FLhGKfAmCEC2s+UHnC12cIPIlCIJrsUuEIl+CIESD3rlB5wtdnCDyJQiCa7FLhCJfgiAMlv7ygc4XujhB5EsQBNdilwhFvgRBiAU6X+jiBJEvQRBci10iFPkSBCEW6HyhixNEvgRBcB068fWkQYtcsXw9+uij+8iXxvyLfZ4LgiD0lw90vtDFCQkrXwOtmNMVFwTBfeikp4v+XiDgJ8EKqK+1fJ144om47777sGXLlh754ke/36ei53vm6wiCkDoE80aw/wcohwQCRh6xw8g6weIEV4x8WVcyuNqSMAUhVbHmAZaubkqY/JxRhx1Jvk444QQ18tVbvjjh9k66giCkFip3cN4wcwcXlRv8fk4Uwd/h/EKl52tLcULCyxcnSF1BmmisuCAI7kfJFCVLaz6wytedd96JTZs2iWgJgtCD1SH4kUfCVR6xSJd+7D1Kbi1OcMVhR15xv6oYQ8CstioIQupilwTr6urwyCOP9Ix89Zxw32snjrH7e0EQkhvd71WhnOBjwdKFcoV1h04/MuZv9BQnJPTIl145LV98PFZ9TZWlztsI+NXXgiCkJpwj+BwN616rVb7uvvvufeRLRa9c4jSRCoLgLrjPq8L5g09DoKK+z/Jl+dqK+Rc9xQkJPfLVU3RlcMI0EyzLGIcgCCkES5QpTozeMfN6vWrvlVHy9fDD+8gXY+QTLWBGXvGxuFERBCH14L7f4xcmKk9Yisb6PS5OSPiRr5BiSbz6a0EQUge9lxoCC5gawTIkag/J19/Mka/7778fRUVbe3KFzhtKwHqeq2fq54IgpBbc93nk3Dp6Tk+Mx14YmSJYnJCQ8sUVwIcUna6cIAhJBifFPhKj/n5DQwOeeOIJNc/Xgw8+iJKSYv6h+llfSK4RhNSFnYNPa1JKRY96R079zHxk1M8txQkJJV96ZfgcjC6Ph6ILHn7sokevBz4+tEDBhxjUYQbLo4SERPKF7uvWPt/zfcoN+rl+9Pt8auTrscceU/LF83xtNK925MOL/HucWHkv1/p6nF+sX0tISCRv7NPXVT4wXIOjvaMdnV2d6mf6/C+74oSEHPnq6OjAjh07sGHDBqxZvRrr1q3DurVrsX79ehVr164J+VpCQiI1YgPFpo0b9/m+zgc8rURBQQFuvfVW/PR/forrrrsOkyZNwtatW9XPdGyk15AcIiEhYc0J+ntrKTewe2zbtg1tra1q542xihcXJySMfOkV4ccyWuHXXn0N119/Iy677HJcddVVKq699tqe51dffTXGjx/f87WEhITEdddehysuvwKn/O9J+NaxX8V//+S/8Mc/Xqi+r0PyhoSEhDXYJ3rnhj/96TI8+a8n1Y4bj4ZpP7EWJyTcyBcfb+WVfezRv+Pcs8/GqaeehtNPPx1nnHGGevzlL3/ZE/y1/t7Pf/7zkJ9JSEgkfuj+q/vyz3/+i56f/eIXv1DR+3e5r1u/r7/Hj5wn+PG/f/wTHHvkUSRgx+KkE/8XZ555Zs97cPT12hISEu4Muz6s+7v1a+vPOW/ofGL93dNOOw2nnXoq7rrrbqxatQqdnZ2Gn/QqTkg8+aJSU1ODGTNm4D8vvICnnvq3enzh+efxzDPP4Nlnn8Vzzz2nHvXzSEP/bTTDumwxiV7vF83g17Z9zyiE3ftFI+K5zNGue7v3jErYvFe0wvb9ohHm6z9D/ftZ+vrJJ5/qec+nn34aT//73/t81vrn1tA/e57i35Qzfveb3+J73/oWfkGJ9Z6778ErL78cfA3+fcvf2L2ehISE++IZDkuftvZxa360PldfW36Hn3MOefaZZzF5ykRs316uzgfTfmItTkjIc754iI/n6qnYvl0dc+XHigrjeXl5OXZUVKgKKS+nn9H3Iwp6re1Rj3K1bPzc9j2jEfu8Z/RC128swu79ohHxXOZo173de0YlbN4rWmH7ftEI9foV2LajEuW93nM79fWKbWX0O/RIv7tjR0Wf66jaAwf9Hp+/wSfa/++JJ+L22/+MvLxcVFZWYueOHT3vycF5hL+2ez0JCQl3RXl5BcooZ2yjfs2ewN/TOUE/1zmGn+u/U19b8oDKEeQWvF2v2V2Djo52dHfz9DZW7TKKExJSvtRqqUkQA8bln2aomazN70tISCRHBAI8ySHUY8/3uo3n3P97coA5EaI1At0++jvr97t7ppo45ZST8dBDD6mpJlROMS8nt+YUHXbfk5CQcEvoHKK/NnJC736tHKLX9/h3g3mB/y40n1hRecRSnJBQ8qVXhlc6ZJ4NTsT6uVms6O/1WyyvEUvU+0QzeJnpMdbYvncUIlbQq4e+V++vnQSVWGL7nlGIWGL3foOO3p+V+fqU/QAfPVcJlD9jwE//8QSqRiLkG9yatwKir+kn9CcsX8bl4PQC/Epq1FxPsnrvvfdi69Yt6vX5dfmSck6yvTEEjt9REAS3wrnBKlQ+6tMcfu7/Zk7hfq4kjYNyCEdA/T7lEQr6C+P7/Dpm0eivdXFC4o58mSvGFcgipmqOUD9RlRb8Wj+GU2IKf8D6Q41m2GwsooneMEU9zM8sFqhP0+49oxExbie27xmNiOFyx6qN0P9GO/FReEmntHxR4bTo4R/x+xtLYfwNi5L5qCZjVnuqlDQp+Hfq6mrVvR1PPPFENcP9li2GfPH8gT4fC9y+/Ynfj4sgCC6Fui/3cxYrH/VxLz3nM7U4f/Bz/bUSMc4flA/0ZO6GbHEOYfGiHTrKKSpfUKh8Q4UxfjdYnJCQ8qUxKjK4p6pWlxMzhUYlUvq9hIA/VFoe42OJYonx+lneKXqF68GNy22WWGJ9n2iWWGJ9H8eF+3BPof4d8FCi85IY0de0GrwmnCCbPV2ob2ujR49KnMZyGIlU7c1S1w/w0Jjqc/pG+93Ys6cOf//739Ukq/fcc0/PvR3559Y7Z+hHQRCSA+7RLFs8MUQbBV+jyFlBB5/OoA49mh5h5CAqlEM4B/kpF/FousonLGcUofkqtDghseWLV9pMuozdSlufC4LgJrjv8s4VyVfAB4/Xi5rGRizfsAFT58zHZ5NmU8zBpxNnY+b8peAT81nEOImyfHnJvljYKE0oVGagJMry9eijj6qRrzvvvFNNmsh5pHfeMA41BnfkBEFwJ6xHrW2tKJo6EFEAAGhDSURBVNlWhoVLV2FO7irMy1ujQj3PX431xSWob21FFyUMPsOhm88x5cKewd/jnTM10sUj6OaIF/+sn+KEhJavHljALBKm6P11BFgrL5ollljfJ9ol1ljfK1ol1ljfK5ol1ljfK5olmgRfjx9Zfnj0y6+mmJk0YyZuu/U2/Ob83+BPl1yKq668Bn/4/e/xxz/8QV1CvmbzZrR1dsLj95N4UfhpH1Ul0SB8zhcfduRzvqzyZUWtVS8hEwTBnXhJkoqKivD8Cy/g4osuwWWXXYFbbrkNt932Z1x99TW48oor8MjDDyNnwQLU7tlDO3tBqVL/LAJmnMbApyfw4Uce+TJGy+2KExJ75IuKMURoJGe9l8qP2krV11KkSHFX6dmhoj5OyY5HqyZOnIjf//Z36nDhZZddhn/94594+T8v4t677sKvzj0XP6Pvs1TxbUDa29tVDtDnfBkSZ7xerXnOF7/O3XffjQ30+73li+Hl6MHm54IguAOvz4fVq1fjz//3f/jxD3+Eiy64CI8/9riaJ/T++x7ApZdcgrPPOAPjr7kW06ZPR1NTk8oJunD+UIci1XNOB+ZpCnzoMcDnghk/Cf5vFCckrHzxinFlqGFAvkLJlC8tXfyoKosrRQU/HyDMIgjCEKP7LRW+gf6SJUtw84034jtf+zou/dNlmD7lCxRv3ojK8lJsWLUCL/37Sfz0h8fh3LPOwGeffYaGhnr1GiofKPEycwOJGI988WHH3ud89ca4tNxYBrXnq5/zY+/cISEhkZDBsHzxTPQ3Xn89/vtHP8YTf/sbVi1bgo3r1mDlkkJ89uEHuP7KK3Hi8Sfg9j/fjmVLl6Kjs4P+knf+6HXM0XedJ/h/Pj8seJ6ogZkheooTElq+uGKNCgmOcKmvKVHSN1VF9Zw4x1/r532FWQRBGHp0X2xubsa7776LM08/HT8/7TR8OOFDtDY3wNvVCr+njR7bUbpxPR67+07cdsvN+OKLL3rkq+fqJJUkPerrPXv2qBPu+Zyvu+66S026qpOqht9b5xKVFcx8ohJ677whISGRsMFY5esU6vcfvv8uWhr3oKuzFV3tzdhbvxvTJk3E+ef/Bmf88pd46aUXVZ6gDm/KFZ+mb7wWw9mCw5hv0MgdKk/0Kk5wxzlf/RCNShAEYWjgxFZdXYV//vOfOOesM/HQXXdgw4YN1KN5B8tD2a+LfseLjrYWbC/egq3rVqO6ahc8XZ30fZYu42R9n5evVOJrnPhqR0O+TjrppJCRr955QueO3t8XBMFd6MOOt958C35G/f7jCR+go6UZ3V7eIeN5AAO0E7YRf/7zn3HqKafggfvvx65du4y8wBJnU+iHPXLHBH8SLE5wvXwJguBOOHn5fR6UlhTjnrvvxjlnnoG333oTVRXlRtLzecm/SKj8LFqcRClJckLkEXH6msXLkK8ulXx1otQn3PPIV3/yxejEKwiCe7GOfJ18/In44J130N7YSjnET/mDj551q1sO/eOJJ3DWmWeqvLCzcqeRF/qSL+OSSHrG55Syi/EhSt4ttPyOA0S+BEEYEjiNeb1dahLUv9x+O84643R88MEHao8UAUp4nBRNAfPTo4f2Yvn8MI+3Q/2dMSO1ebiRf1flwuAJ93y144DyZRZBENyL1+PBihUrlHydRPL17rvvobWtTfVtNVcXSdT28m148l9Pknydhfvvuw+Vuyp78kLvoqSLc4oZDGcJ6+9wcYLIlyAIQ4Qx8lVeWoL77rlXnfP14n/+o25+a0yszOnNOOG1ubUVG0pKsGTNGhQXF6s5fYyTYXkUzEiCap+U/o5nuH/44Ydx/PHHi3wJQgoQMvJ1wv/i/Q8moI2viKaf8ZyA3P/LKM88/NBD+PnPf67ufFFlHnbkLGBmj5DS+2tGParRsOD3BovIlyAIQwcJVF1VJf71j3+opHjzTTdhxcqVSqi48KmwnEC3VVXhyaeeUudsTJgwAbW1tSpx+s15vowrF/nke+P2QiJfgpA6hJ5w/7/44KOP0dbRYQoUCRjtpK2hHbcbbrgBp556Kp54/HFU19RQXqDsoqaq0ZnAkC71d+xZ6tWDBH/LKE4Q+RIEYUhpaW7C5599it/+9rc46fgT8MILL6CquhpdHq+aTHVPQwMmT5umroQ8+eST8dJLL6Gafs6pMEDipW+WbSRD48bafNhR5EsQUgOWr5W003b9tdfif370Y7z26mvYU1+Pdk8XWnjm+7IyvP7a6zj7rLPxxz/8EZ988okx1xdrlilfwWwQCAoYFStqpMzMJb1/FikiX4IgDCHd6srFLRvW47GHHsCPf/BD/OG35+Ott95S53Cs37ABn0+ciKuvvho/+eGPcOWVV2FRfj5aWprpb3lcjE+m5UdOlsbr8YStf/vb33CinPMlCCkA5RCvB2tWLMMN112HH333u7j37juRk5ODpcuXIzcvD08//TT+8Lvf4TTageNRr6KtW9R5YuoiHj6vKyQP6K/MwqNjJsbX5vepOEHkSxCEIYKTlx8BnwftzU1YnZ+Lv15/PU7/+f/DueeegysvvxzX0Z7s7yhpnv6LX+Baej75i8lorK+Fcf81L70Cz89jXo1khvX2QiJfgpD8+HxebFq7Gg/ddSdO+O+f4Ne/+pW6Tdkdd9yBW2+5Db8579c471fn4qGHHsLypUvQ2U47b92UQ/hKSJavnpFzg568oL4fRH9fFyeIfAmCMIRwAuPzLrrR3tSAwrxcPPfEE7jqyivxx9//ARddeDE9v1qNZC2cMQ176vhcLx7t4vuuGXP4qBEwSqB8Aj7vo+p5vnrPcG+XLHsnUf31QEUQhESA+2K36vvVuyoxd+Jn+NfDD+GR++/DPx96AP98+AE8+MAD+MdD9+O9N97AutWr0NbSSH/iob+jnTclXuajWYxXNZ7p72qMr4LFCQknX8uXL8fzzz+vZryOd7z99tv4gE/mpT1nN9DR0YHpkyfjlccfw7u0wXr3H3EMer+XH38cixctgsfDDTlx6ezsxMKFC/DG66/jg/ffx/vvvRefoPf6kNrTs/9+WiUBLy1HIsL3SZw+fTpeffVV234R7eB+Zv36lVdewbLCAnjVNBJd2FNdiXUrlmHOnNlYOHsm1i9bjN2VFehqbzWSJAftsapbj/F918D3XzO+5nRYX1+Px6ltxlK+uAiCMNQY/ZAFytvVhdaGWtTt3BYSVSWbsadyOzpaG+H1dVGuMKapgcobxiTO+mIdje7hvDNn7enG94PFCQknX7wRWLp0KVpaWtDc3BTX4KQ9Y8YMdXd0N8C3ZZlMhl88egSaszLRPCw7btFC77f24IOx4OWX1VUliQy3pTlz5iA/Px/bt29Xk+3FI/i9NqxYjhf+dAnu+P358FBySET4xNMpU6agrKwMLdSm7PpGrILP3eKrlBYsWKAk0BjF8qCzrQWNtVUUuyhpNtH3OEFSutPyRcG3B+J5vvQhA/4eIyNfgpBKcH/kPEBCFaBtUaCZoskMft5MP6MdN56smSdl9rN8GSNfPEkz/51xG8PQPGBkFePVNbr/6+KEhJMv3kjypItDAY+Q5ObmorS01PxOYsNSMfuRR1A7ciR9kvRRxjlKxo1DweuvJ7x8tba2orCwUMlFXKBOzFMl7N21CysffAALDz0U7150AXw8W3sCwhLP/Y7PlRoKeN6ugoICJV+8B8p7pJwY0U311c2jhZQoSbKUbJlJUhV+NJ/rtMjEQ764CIKQKLAqUd4gmUI3C1grPZJwgXIKOki62ij/knz5PAj49UgXT77Kz41TF/g1emNkliDW/s/FCbQVTSxEvsLHKl/dJEPxDiVfr70m8mVBdclAQInXChKvTUccgW3p6fjsgj+KfPWBVb4oE9J3OAlyMgyNfdOd8R1rYZzIlyAIboT6sCV3GNNHBHfkjKuiWbb4kX9HB+cV/l39df/ofKGLE0S+LIh8RRYiXwaqy/PGXXV4khna+Bc+8AA2HnYYOkm8dlB8IvLVJyHypWozGKFJTj8GCf5G8GciX4KQquj+rENLlfV7HEzvrwdG5wtdnCDyZUHkK7IQ+TJg8eKJPrv9PjRTG8q/926so7rpSM+gespAFcnXhItEvvoiVL76Y99EaZcIRb4EQYgFOl/o4gSRLwsiX5GFyJeBMZTtRxPVw9S778amUaPQmZ4GP0lXd1o6qunxQ5GvPglfvvbFLhGKfAmCEAt0vtDFCSJfFkS+IguRL6MzMk0kDtNZvEi2ujPS4U/LJPnikS+Rr4EQ+RIEwQ3ofKGLE0S+LIh8RRYiX9QZaaPeWleLxffRRn7MGARIvLoyM+HJyBb5ChORL0EQ3IDOF7o4QeTLgshXZJGq8sWn1fNhRr6ZM1/VuPyB+7Dl4IPh5UONadnwZGbDmyGHHcNF5EsQBDeg84UuThD5siDyFVmkrHx1+9Rs6nuqeDqJB7H58MPQ2atu/BwiX2Eh8iUIghvQ+UIXJ4h8WRD5iixSUb5UhyP5aiRRKSTx2nT44WhPMw4vWutG5Ct8RL4EQXADOl/o4gSRLwsiX5FFqsmXml2dShvVe94DD2DTIYegg8TKl56FgBKwYN2IfIWPyJcgCG5A5wtdnCDyZUHkK7JIJfnSnY1vZj7/zr9i3X77oSstU4mXj+Qq0KtuRL7CR+RLEAQ3oPOFLk4Q+bIg8hVZpIJ8qRtQqJnrA0q85txxOzalZyi5CpB8BdJ41Cv0kCOHyFf4iHwJguAGdL7QxQkiXxZEviKL1Bj5CtCG24/mvXuRc999WDt6NEkVdRub+rCGyFf4iHwJguAGdL7QxQkiXxZEviKL5JevbmM6iZpq4+T6g3g6iX1PrrcLka/wEfkSBMEN6HyhixNEviyIfEUWySxf3LECAZ7HqxLLHnoQGw87XN0k25eerQ412tWHNUS+wkfkSxAEN6DzhS5OEPmyIPIVWSSbfHFX4ptkG/dq7EZjTTVWPnA/Nh1+GNrSMoyT6+nR7hyv3iHyFT4iX4IguAGdL3RxgsiXBZGvyCLp5Is20D4/iVcggMbGRnXLoI2HHtIzgSpPJxGOeHGIfIWPyJcgCG5A5wtdnCDyZUHkK7JIPvniES8/mmh9ZvNGe//9SbzCk63eIfIVPiJfgiC4AZ0vdHGCyJcFka/IIhnP+Wrq7MCUO+/EpuxhJE88pcQwWtfQCVTDCZGv8BH5EgTBDeh8oYsTRL4siHxFFskjX0ZH6mhsRO7dhngFMtLQlcmTqGbTukY++iXyFT4iX4IguAGdL3RxgsiXBZGvyMLt8sVTp3YH/AjwPF411Vh23z3Ysv/+8NG6+dMy4cnMVhJlt+4DhchX+Ih8CYLgBnS+0MUJIl8WRL4iC9fLV3cAfr8fdbsqsfSB+7H5kEPgsVnPwURf8sXdta8YDNF4HZGvwdRa8jLYdiS4H/nc+0fnC12cIPJlQeQrshhq+bLbSFg7BhdmH/niDbEKPxqqa7CEJ1A9/HB0DOLcrr6iL/ni2xWpWxbRsgV6RRC99KHFiv6KHweKgRD5CqeWUgOuCd0e+bnUjjsxPrfQT87uc7T+nvF52/+eYKDrSxcniHxZEPmKLIZSvnSSYJGxdgFrx9Clt3wFAsY8Xs0N9Sgg8dp82GHoIEEyJlCN/Pwuu+hv5Is3bHzI0ypgen2MoMKyEDB+oosV/ZX+GyeIfDmtweTC2qb4kfuY4H7sWrlu/0b/0OJt/7uCpb7M4gSRLwsiX5HFUMuXThJ2YcUqX6rLUKJpJxHKu+curDvoYHSkZcKXNozki2+Ubb+ukcZAI192y8yhn6lk2B262ev9uxyMfhwsIl9Oa9Bd6HXWRcPP+grG+ruC+7D79IKtgEvo5y3si7W2uDhB5MuCyFdkMdSHHfcdMdo3GJavApKvUnPkq4OWd+qdd2Id1ZsnPY3Ei+UrW8kS3zQ7WsGTsvZ3wj0vvR7bClUyfm6Mjem10D/REU1EvqJdo4mNXmddNPyMwxj9MH6ig7H+ruA26LOjPiA4Q/cZXZwg8mXBDfJl/cDlhPt94drRoVHyRRv3kpIStLa1Yf5df0VZpjHKxWEnTk7Dk5GOjsx0+DLS+pUv4/Pk0GNiOvRBydB10hFNRL6iXaOJDLWpALev4Drzs/5CEAQDnS90cYLIlwU3j3zBIkXxCH6/xJYv3TECSr4WL16MDStXo+CBB7F57H7wkxj504bTuvBNsqMfvvQMeEnAuknEqgaUL01vAXPWucNF5Cs+9ZwIGGf06FHVvuXeGoIgGOh8oYsTEk6+Zs6ciZycHFRWVmLnzp1xDT4naMqUKQkpXz0ft+U8IJavSSRfqw47DDsPPjjusejYY7HwjTfQPsTy1VM3ZjHExdy4UH1xPU377DO8dumfkH/ooagkKdqdRpGejTp6HouoJeHanZ5JjxlYlZGBV397Hrxd4czzFf9NXlNTE7744gusXbs27v2O369g0SIsXLhQHQ6OlNDP3UDkq28CAR8C3T5aYx5Z5TDWPnVqQBAGj84Xujgh4eSLNwCTJk5Cfn4+8vLy1EgUP8YjFtJ7zZ49G7W1tebSJA52HzhvrBZOm4bpjz+OvKeeinvMfPJJrC0sgMfjMZdoaLDWDRdjU8LBe/YBdLS3Y9q77+DFs8/G3NNPRw5F7um/jGkspFhA78Px2Rmn4+U7bod3iOupL3jEaeGChZg1a5Ztv+DI5aD+0Wf0+nnI39r8vOd3qJ/PoB0u7vdeb+T1E/q5G4h89U13t5fkK0C9gotf9RCjt6ROHQjCYNH5QhcnJJx8eb1etSfe3NKiDoeo4Odxira2Nto7DI4uJQohH7h54iRvUDo6u9BEy9zc3oHmjnbjkaKFxCzmQe/L4sXLMdSE1I8F/tof8KNhdw0qN21E9aZNcY8d9L7by8tpozf09WSHakf0efb0N7s+R9/jfmkX+m9Cvtfr74zf6fU3ltcfrMAHP/Vg3Yp89U03eNSrdzF+IghC/1h7DRcnJJx8CX1j/dCtZSD4NwYKQYgUo+0YLTD4XH+H4cfgOUb6UJc+JKz/ygn7vqfIV//oejcejTXn/3UIgtAXOl/o4gSRLxeh06NxME1fDj5wA9B/o//eLgRhsATbEZVu3dIYfmTR8vUEj7wYz3njr2PwqPc0i0bkqz94Xa3B9P5aEAQ7dL7QxQkiXy6DP3C/nzZiltnPje/bp07+noiXEEt0O9QlCIsVi5bXfLSGHv0S+RpKeM1Td+0FITJ0vtDFCSJfCY7+gPl/3kzxRsTn9RoCZv6U5UoHo75vnrfG3wn+TvBrQQgH3f4GQsmNEhwNtzY+zNhbunqLl9FOB4tq62bRiHzZYaxlfyEIQv/ofKGLE0S+XAJ/zD2SxYd2zA0df+2nrzn4uSo8KkZf678zwvh9HYLQF2YrMr8y6P11KEH5V79FbdMQrNBDjvbiJfIVH4y1tAbXvH4uCMLA6HyhixNEvlyCkSSNj5tDb7ZYuny0YfGTcPHVdMYIRM9msOf3rX8nCAOh2lpPezLaUt8Y6qXaJP++GnVl0VIt1Hzel3gN9Nr9o5bTLBqRL3t4LYNhLYIghIO113BxgsiXy+CPmzd1xiYtOOKgNnqqCIJzVFviEVQ1ijpQy+KfGb9j7AT0FixDuoxDkL1/5qzFGu9qFI3IV1/weu5b//zdVKkBQXCCzhe6OEHky0XoJMnBaZPPqOFNmtNGIAh26FEvXQbCaJtGmwzdwAfli38abMUDv+ZABJcu+FoiX3YY9R1cX2sIghAOwR5kFCeIfLkYSZtCPAg30ehNufG7VvnS4TRd7YteNusri3z1TaqtryBEE91/dHGCyJeL6PnIAwF1tSOH10fh8ag7A/Q85+DnZvjo9wIBf/Awkg6bIgh2hNM2+DeM4P8t0sXnIFJ7IwOir43fiRa63RrvaSDy1Te8rnwHDx/lhYCfcoKqF/t6FAQhFGs/4eIEkS+XoD9sHyXMjs5OdTsYjtbWVnXjaP2og7/m4Nsl6d/1dHX1yJmeriJEyixFEHozULswNuJGGP+b4qXFR50Lpn8eHYxXNl/fROSrf3w+r8oHnZRHPJ4utXPWkwMoBEGwR+cLXZwg8uUieAPC0mRNnPzY1cXRpR75a2vw9/mGxfx3Kkje+F6HHPuMhkWhQQnJS+Rtgzfk+7araLYw/drW1xf56h/eCeMdM76hutoh41EwSw4QBMEenS90cYLIl4vgD9tPibKLpEqPXLFEqaRJGxdOoCxUWq74yjPrz/UGSBdBiC3cxoLypUs0sXtdka/+4ZFvFi/eMeNRMDVhs4iXIAyIzhe6OEHky1WwYPlVwuRHNXJlNoBoNAZBiC7cHnXLDC0apy3W7jVFvvqH8wePiqs80m1MDaInZRYEoW90vtDFCSJfLkONcHGyNEe5+GtBSHSsCcso/D39/cGjX836KiJf/cPS5fF44PfzFCAGqVYHgjAYdL7QxQkiX26DPu+ej54PFZiHFAUhkVGJyhQgo6imbB6UHDzB1wu+ishX//CpC3x1NJ+WIAhC+Oh8oYsTRL5cirUBcBGERKCv9qi+x9+m7b3+DeNLu98OH+O1jKIR+eqfnqkmRL4EISJ0vtDFCSJfLsbphy8I8UK1VW6uIl9DjsiXIAwOnS90cYLIlyAIMUNJT8jhRl1EvoYKJV9qjj+RL0GIBJ0vdHGCyJcgCDGhJ0VZBMxQLuN/Q7ys340c/QrGqxiIfPWPWmMSL64TQRDCR+cLXZwg8iUIQgyhFGVenUv/0df8GExeugwWu9cQ+eoftcb8maTYeguCU4xsESxOEPkSBCGGcIrSG3oebeHg+emCoYRM/TxydBI0Xt9A5Kt/1BorERYEIRJ0vtDFCSJfgiDEEE5QwTAKyxhv/HmeOh99W+QrnqTiOgtCNNB9RxcniHwlAboJ8GM8Q0ge+PMkDYKXJMVJeOg1OAb6mfE8+LPBtqdgGgy+QirKVyTrkCzrHA3cVg8B7i9e75BEwDIpb6qi+44uTkg4+ZoxYwb+ctXl+OD+e/DpPXdj0l13YgI9/zCGwa/P8cE9d+K1O25Hfl6euTSJDd+f7aOXX8KjJxyPd/77eLxLoR9jHfw+//jhD/H0TTeivrbWXKLEpL2tFZ+9+xb+dfP1PW1Jf+a920K0Q7Wru+/AE3/+P/V5JSItLS348JVX8MLVV+Ct68fjzTjHC9dciYVTp6h7DUaKXSKMt3zxbPE5OTl47LHH8J///AfPP/983OLFF1/EA/ffj9uuuQo7t5ebS9Q/0VjnaDBp0iT8/dFHbdcrpvHCC3jyn//ElRdfhM0rl5tLk9hw+926fh3+78rL8NSTT+K1117Fq6++So+vxS0eeugRrFy1KqWvktV9RxcnJJZ80brMnDkT4087FROPPAob09OxKSMDW9IzUJqWHrPYksGRgdWZmfj4qKOw6N13zAVKbLo6O5D//LOYMSwbtWlpqKd1qTEfYxMZ2EufyR56XjRiBCaceAKefehB1NXVmUuUmLD0vP/eu7jntJ9h7oEHYiutwwb6rPkzt2sP0Yoieh9+jxX0+I9jjkFrU6O5RIlFc3MzZtEGvGbUKHRT+/GnxzHo/YrGjUPBm2+ivbPTXKLwsUuE8ZYvlsb8/HwsWbIEra2tSmZjHc3Uljgqi7diwg3X4bGLLkT1zp3mEvVPNNY5GkycOBFbtm61Xb9YRHNzk2rr1TU1mHPnnbj9+J+isrTEXJrEhttvaV4unvnOt7Hon/9A457d8Hg95nxtxn1+Yx1z5szBho0b6bnIly5OSLiRr0WLFmEufcirn3sG644+Gm0kRt2UpHmj0E0btFhEwHwPD20kl5B8rXr/PXNpEpsu2lgVvvwilo6kjSYtf4DCp+oqMyYRSMtGV2Y2do8cgSXn/RrraG9/1qyZ2Lu3wVyixKSjo0O1q4UzpmHJDdej/IADqJ74Mw9tB9EKmI/8efDn0kTPPznyS+hoajKXKLHgDdKcBx9E7ciRtOyUEuIcxSxfb73lavli8dqwYYP5nRhD68L3d927YztW3ncvcqn+vvjdb1C/q9L8hf6JxjpHgymTJ2PXrl3mV7GHlaGxdjfyH34QK2hHY+L//BQ7KrYbP0xwuP3uIMGfdvAhWEnbxZVPPYkm2unlw5DcHvjnsWbevHnYuGmTyJelOIGyX2KRl5eHnPnz0dXWhtXPPot1Xz0GLSRHftqA+dMyzKANW9QiA94MDkO+lpJ8rXaRfC156T9YMXwE/LTsHqqnzkxrPUU3AukZqB42DEvPORslixejkWRi5qxpaGioN5coMWH54pEJ3jjWbi/HoltuwlZKvl76/I12pevMrn0MJjLV63kyM+CjdtVCgvGpS+TL2MmJb4h8hY9aD4q9Vbuw7C+3Y/O4Q7CD+v6035yH+kr3yVdlZXijdU7gdWVJqa+qxOJ778H6gw5EB+XKSf/zP6gsLzN/K7Hhz7wiPw9zDjoITbRDt/5LR2PFE0+giXZ8+Wc8MhVrRL6CfUcXJySkfM0n+WJa6/dgzTPPYM2xx6JZCVgmvOnZSpQClLSjEbzB9dJre0jAWF545Gvl+++r9090gvI13FiX9Ew1ohMUCgfBr6NG0vg1WU7TUUXfm3/WWSgn8fL5/Woof9asGa6Rr/Xr16u93z2VOzDvz/+HjSRgXaq+uF3xehqHwXq3kcGEki+qM/48tHy1J/BhR5GvwRNr+eKlY3ngKTroPzTW1yHvL3/B5gMOUDuMVdTOpv5W5Ks3fiUlPLUJiRe9D4vX5kMOoZ0i3knNwmfHH+8q+eKRr3kHjyNxzEQ7ba/WH3Yoch5/DG0tTfRzymzcRmL4yYp8BfuOLk5IaPniD7mlvh5rnn0G6750FLrUCFUmujKH0QaOD+3YJ/NIwpAN3mBm0QY4DcuOdKN8jaB14RGXDCVMdjIQebA4ZCj5YpHYSUl+7s//H8rXrFHixc2upbWV5GsWyVfiH3bUI1+60zTU7kbBnX/FhtGj4WPxzqRIz1LrbddOIgmuPy2w/Jm00/PPSL7aRL5sQ+Srf3jZ/QEfPfpRR+s25+absXn//dGl2moGaugxkpEvxuk6R4NYyxfnKX/Aj4bqKiy9525sOuwwdFJO4z7eRX3985/+1HXylTPuUMpTmQhQdFJ+WX3IOOTeezeaaUeYBcxP28xYqZHIV2i+4eKEhJYvvYJtrS1Y8uyzWElJ2s+HBzN4pCc68sWvw8LSnZbtcvnipGLIl916RhpcL770bKrvTOyi51PPOAM1JSWq4/EQNyeDeMmX00ZuHfnSbYpLEwnYgrvuwGYSMB7Z85GAG+dt2ddJJGHIVwY9z0QHJUktX0O/ydsXkS9nn0rsR76MiWl5vWbddBO2jRpNG2BqY9SuuL3upjqcHqF8JQKxlS/6VLt92LunDgsfvB+bSVI6qY9zjuToInlx22FHLV98ugSf2sA5mg+frj/gAEx/+CHUKwHjefNicwhS5CuYL3RxQkLLlwGtIG3sO/0+THnu31iqDrHxRs0+kUcaIl/9BL0WH2qcevovsaOcL2PnyTGDDc5tI18sX0G4XXWhoa4O827/PxSNHqXE3rYeBhF9yVciIvK17/cjIZbypZetnvrY7FtvVeLVrXYUhqkRaZGvfdF11tHejjl/exhrx45VouqnHG9IS3LIF6+TageUt1jAZj36N5WTHTbnPhH5CuYLXZzgAvmCMZTKAkax8N9PYy01tK6e5O1spELkyz740Fl19jDknHUWytatU5+BL8BTYwYbXCzlKxqNW2MvX9SuSOj9tJdYQxuAvJtuRNl++1Fi03XgrF3ZyZeccG8fIl99YVzV2FS9C4vvugPFfI5XJokDHyLPGKZOCxD56gV9lPx5dlJuyn/0EawdNUqde8nRZV6MlEzyxe2A14lPyVl7yCFY/PdH0bKnTv1+tBH5CuYLXZyQ8PLFq6fu/kYbSV5Zntdk+bP/xrojj0ArJR/em+Hzklii7BL7QCHyZQTLllftSWUrcagZMQLLzjkb25fwyfXG+SZeek9rc4uVfKlmzcJNGx6nDZyxky/VrniDzEP09Fi3vRxLbrgOZbyBo7rgeuBzwdR0EZZ6CjdEvsIPka9QON91045moNuH+p07sOzuu7Dl4IONQ43q3FTqo/xctU2RL0ZlCrWNCKC5rk5NJ6HEi+qGr9I2LhziPJdc8sVtwDg3Nwvt9Hzd4Ydh5ROPo7m2lv7GOFwdLVUS+QrNN1yc4IqRLyu8up2tLVj13NNYcQxPQ2F2LHW+zr6JfaAQ+TLCuDqPp0bIQtXwUSg45xyUFxQo2dWNrHdTi6V88aiU9b2d0NfIVwhKwLYh9+abUDR2DHj6Eb56lE9stauvgULkK/wQ+QrFTxtN3sDVkUwtvvtubDnwIMtIvxHqog7V10W+GK4vPjpSW1WJRQ/ch/XqQppedUb1lWzyZVwcZbQDXscOivVHHI4VTzyGhvp6JfB+dVsg53lU5Cs033Bxguvky6AbTXv3oPCFZ7Hyq8eihToSTxdg7WjhhsiXEepcCBKOKooFZ5+N4qVLzU7bNzGTL0o0+n5i6hLqQaI7R1jyxdB7Ve+owPz/u1WdhO9RdSryFesQ+TLhZaTgdlhPG868O+7AZp5agNph78PgIl8G6tNT9RZALZ8+cN892HTYoejknXHV/yx1lqTyZV1Hjnb6/pojjsD8J54wzgEjKeWacorIl9neLMUJrpUvvoS4cW8Dlj//HFZ/+StozZDDjk7ki6fb2EWddsYZZ6B07Rp4lXj138liJ18BdHm60Enrx4cfB4O1c4QrXzxEz+eA7ampxvw7/6r2no3L+e3rrL8Q+Qo/RL4MeKPGy7m3rladXK/O8aK2w4eUeBTWWmciXwacK/j0BJ5AteDee7DliMPRRdsCbzpfmBV6NCQV5Iu/783IRgftRK879BDMvf8BtDXzhT7Uyuk1nCDyFZpvuDjBlfLFq+yjDscbS76CbNWzT2PVYYepcyKMxhj+fE2pLF/WOqqk53NO/wV2FRXBOBHdS0mt/8YVK/nik/vb2tvVffK8Hk9PQw+3savf5PZh/n648sXngLHU8+XaTbW1KLz7DjUPmHESPp9XGP4omMhX+JHq8qXenZePgsVrzo03mHdg4FMq+JxW7tuhdZbK8sX1ZXxmRh/nWwbxBKqbDhlHfS3LOF+T+tw+o4Vq+5Ds8qUnDKftGa3nxv33x8K770QT5R6n7Vzky2h31uIEl458adQMOCQhtHF95hksow2lP4tPGh+uzgHj0Rxrw7SLVJUvTk68d8iHa3kerzm//Dl2l5UZGym1B8412z/RlC9rQ+bDncaNcJvVCNhgRr+snSPsw449GHXQuLsGC/kQJG0IfZzs0owrzHonPLsQ+Qo/Ulm+uGXrHcnGPXXIGT8e5fperdSGjB3JfessleWL64x3kihRoL2lGfkPPYCN+42lfGbIliFYNnWm6jS55atnPdXIX6YakNhEApZ3391UV5x/eHQ/oC7qiBSRr9B8w8UJLpcv6ojUkHiExuvzYsHTT2MZd0KeB4c6l5/2gno3zN6RsvKlRCINVdnZWHjmGahev8YQrgg6VsxGviipNjc3YW9DvRIn1kBeqkiaurVjRC5fvAx8hWdA3UMv/7ZbUHLA/vCQ2Hsz+O4KoeeS2IXIV/iR2iNffKK4D3uqq7GQbxm0337q9jd8w3G7utKRyvLFAsF5iufxyvnXP7By7FiSqdBRLrtIFfmyBrcj3q6toT6W9+jf0US5Wo3uD0KgRL5C8w0XJ7hevhijEgJqHrBZzz+D5Uccjna14Rt4I5my8kUSUTVyBHLPOQclK1fCxx3SLOESS/lqamykjWidSrDd4KseB89g5EvXBSe96ortWHjLTSg76EDakxy4TXGIfIUfqSpftEhq53EPCUghLefWgw6mDSsf2g5DJChST77ok+IdRIrm+nrk/ONxrFI720Y/s6sna6SifBlhzIS/+qgjUfjkv9BYx/OART72JfIVmm+4OCEp5ItRByCpgbZ30Yb2hWex9itfRmvI3pB9QktF+eIOu4vEq+Dcc1FEGw0+ud4YW4qMeMhXZ3vboBKFlcHIl4YTPW8gq7aXYxEJWDEl+2Adc5uyb1ciX+FHKsqXWh7aiDXwPF533YlNVAdd1F7ULb3CEQmKlJMvrjOKvdVVKLzvXqweM8Y4wsEiIvLVZ/A0QjyFEF8FufLoo7HsH/9ASx3PA2a0wXAR+QrNN1yckDTyxc3BmJQzgNamRqx77hmsO/araFENlJMaXzG0b8NMBfniDqqTDp/rVZ2ZhcKzz8T2wkUkXj5Vb6xfkRLTw470GaqRLxKnwQyRW3EiX9yi1N42lbod21F4603YMponb2Tp4vMK7c/JEfkKP1JFvvhd1EUs6v57JBG7a7D4zjuw9cAD0aHai54w2r6erJFK8sV1pnbA6LGefn/JPXdhC49Ccx3w6ROUu8OqM6ovnQdTSb6MtsLrnYW2jAysPeJwLPn7o2hvpnyk6tYYuBioF4h8UXX1Kk5IGvmywo2ppb4ea557Dmu/8hXa+GXAm5GJrkzupKEjFckuX0bHM86B45med9LzBaf/EtuXL4Pf51Wdz2hSkRNL+WppaabXNc75CsqXsayR4kS+NLqz8Tlgi+64XV0F6aM25SWRZbHvPQIm8hV+pI586atpjZtk5/zfbdhE4sUSwe3HEAP7kdTe4VS+nK5zNAhXvvw8USjVG4vX0rvvwuZDD1W3CzLqwsh7vevHLlL3sCOvt9G+uulveCb8NYccivwH7kOzuhk37XxTjh1IqUS+QvMNFyckp3yZpaWxEYuefxYrjjyCOhufeLjvTbmTXb74+3woI0CiUEkdb+oZZ2AXdSAWHJYa7tSDJWbyRcvV2taGRvr8Ors61WdpwI+RL2805YtLU10tFtx9JzaOGU0bAWP0S+Rr8JE68sX9LYA6Wr5ZN96I0jFj95m5PtxwKl+M0/V2SrjyxVO/8Nx7effdi62HHYZO6k92dTJQpLJ89Y4OqguehmIG9ft66v/G6H7/UiXyFcwXujghKeXLgCqG9jDbOtox+/lnsIwaWm/x4kh++aKg7/EEqixeO7dvV8mM9sHNVxk8sZIvTjS8QbPO82X+xIzIiIZ8BaEk5elCQ20tcu78Kzap+Zj2rXORr/AjFeRLvwcv26ybbkL5qNG0Q0RtJG0Y1UH488fpiIZ8DTUDyZeus5bGvZj/0APYcNBB8GRRnsvgOotcwES+gmHcuzYNGw48EDMeekhN7TNQXxD5Cs03XJyQtPLF1aKGUgN+dRXkgqefwWrauPh6NcJUkK+qzEzMOvMMbC8qQnfAuG+i04bDxFK+PLRBY2ny8v0dzc4+2CWOpnzxMvAy8WGQBtobL7j1ZpSNGb1PvfPXIl/hRUrIF71/c20NCm6h9sKHrFkAMvl0iPDOV+odSS9f9JHw59LZ1ob8vz2MdXyTbDV5KE/3su9OdDgh8hUMln4+Ed9LAraepDbv4YfR1tjQb18Q+QrmC12ckNTypU/U5Ery+f3If+ZZrD30ELSpecCySLb4fJ3kki+eu8tLG32ex4snma0ZMQJLzj4LlSuWKhHlUS+f2hA5J1byxfBNtT2ern5v7B0u0ZYvrj9Se5UQ63dWYPFNN6CUbwVDicyXbkzEKvIVfiSrfHHmYUkPBLzUTnZgyZ13oOjAg1Se8XO+YfFSuSfySFb54s16wMzZbY17SbwewloWL15nEqZwL0iwC5GvYPDfcfvjdthJ9cK3Ilr+2N/VnT1Yrni72fsOJyJfofmGixOS+LDjvvg8HiznecC+8mW00F4nd2TjKkgewk4O+eILC3iSRm9GFqpoY1p47rkoX1wIdY6X+XfRIqbyRcurDjlGoaNH97BjL6hS67aXI5+noSAB82UZhxvVJfAiX2FFssoXT57K8lW3g8TrrrvUVY3GyfXOI2nli+rLT/VWV1ON/AcfwFo+WkE7NXZ1EGmIfIWG9W87KdYffjiWP/EEGurq6DPwGhdkWRD5EvkaFEZFdaO5pREF/3kOK752LJqTUL7UbZVofXYPH4ZcEq/ixYvV6BGve7SJ2WFHKrzR8lHnN04EdbbsMZUvgpevqqIcC267BVt5Ggo1siryFW4knXzxiAG/H1/VWFODAhIvnser3eyjdnUQaSSbfKlPgfo6n6dbW7kDuffdo87xMmauj1KdiXz1G230emuOPBK5//gHmhsb6aMwpvfQiHyZ7dRSnJBSI19cdbxX1UiysPyF57HmWBIw2lAaDThZRr7SUUWdM+fss1GyYoWax8sYzI8+sRz54kTMe8HRIObyRRsMlsXdtCGZ95c/q2ko+IosY0Mr8jVQJJt8GYdtutW9Ghfcfju2mhKhdvRUm7Cvh0gi6eSLd7Ko3ng6iUX33o1Nhx8GD9UZn98VoNxsVweRRtLJl3q0X9dIg+uEdxjbafvB84AtfOQRtPXMA2b0EZGv0HzDxQkpJV9cVfomtq17G7DmuWew8uij0JHJVx1lwUMNejmZ/5r33jX+IMEJlS/eQ8xU83jxTbJ3kGj4/F41Rw6PHcWCmMoXF96IRWHZYy1ffkpOfIiJz6fbW1eHgrvvxHoSMJ6IldsV3+pK5KvvSCb5Uq9G78XTScy56SZ1r8YuEgg+t4blK2BuMKMRySRffH5RXXUV9Z27sOmwQ9GRkaWuyGP50iM8ToPrKxnki/MKr4OxPvv2p8EEt0tjxD4LXfTaaw88CLn33KVyg+4jIl+h+YaLE1Js5EujZtxBW1srFj/3nLrclg/XdVBHd9vIV+HLL2HxqNG0V5eOSupAU888E9WlJebetyEvzvXFnpjLl1mcEmv5CmIcLm3kecDuugNbR45Q5961UaIX+eo7km3ka++eWsy+8QYUjRqlzldieeDb3+iLe6IW9Jq80UwG+WppqFeTfm44+CA1UqxuiUM7LbbrPdiwSAuPRLpNviry8zDroIPQTp93VybLkrEufJFVNIKvfOQ5IbmdttPrbzhgfyx86EE1Asa6NVfkqydf6OKEFJUv3tMy7tnH01AsevYprBo+XJm/Gw87Lqdlr6JENe+Xv0BdMW1ouMShg8RSvhinjVsTP/kC1DQeVPcsYAX/dytKRo1EK7Wr9489Bu0iX7bhfvnqxOLFi1X7qucRr1tvRcVonseLN/i0gYxB8Ma3IysdXnrcTRtON8rXF1M+V/LV1daGvEcexAaSVUNUDfmKdnRSXbVTnXHd8cjX5yRf5eXl5tIkNnrka74a+WJRos8+fZiSyViEOg2HHnki1vwH70dbawvy5szB5o0bRb4sxQkJJ1+8kVyQk6OeO125gdDVxwK28JlnseLgg1FwlNtGvl7EDOogi88+CztXrwbPbabWizprLOH3cJt86cNCscR4ff6/W50DlnvrLerE4Q+P/rIrRr7QS4xiHfx+Sr7efNP1I1+FCxagkN6v+IAD4aGdIZ7uhe//GYvgES8e9eDDjjUkLNNcKF/Tpk5FeUkxcv75BFbtN5Z2fvkkcq4zPsfLfr2dBF8AYxzCTFfnZE504WHHOeMOQRv1GT3i1fvQajSDJ+fu5HPA+CrIfzyOyZ98jI0iXyHFCQknX7m5uZj4+eeoq6uLW9TW1qKGHqc+/DCe//rXsfi998ylSWw6O9ox6YXn8ODPTkbhpImoqKjAjp07sTNOsWXLFnz26aeor683lygxYfni0VQWMLvPPxbBbYpj6+o1+PSyy/D3734noUe+Jj/yMFYd8xVU0M5HvCP/299C3rvvosPF8jVn+nT8+w+/R+5hh2F7Rgaq0rMosrGLnsci+FZhO9P5lmFZWJ6ZhXd+fS5qd+4wl8gdfDJhAp666UbMGLufOld1F8lXFclXFT3arbPT2EnytYvqi6M4KxNvHn88tpH8uQFuvyX5eXjziMOxbswYFI0dgxKKUhVjYxLF+43BFnr9jRSTv/Ut3PH736Ow0Ji2KFXR+UIXJyScfK1ZswZvv/222lDmkYjFIxbQHiu/3+wZM/Ds3XdhVe5Cc2kSm06Siikff4QnHn0UM2fOxOzZszF71qy4xZQpUzD5iy/QlKBSoeGNY8GiApL6ibaffyyCdyIWLlyIvLxCfPjOu3jqzjuULCcinZ0dKFgwH7Peeh25770b95j99pvYvGa1OSVKZNglwnjLl9frRcHcuXj1sksx/6KLkHPhhcilxzyKBfQ8VrGQIvfCizD1ogvxHsnzHpJ9NzF36hQ8fuUVal24znJoXbjOeL16r2u0guuLH+dRvEt90k2HHcuLi/HOffdi7kMPYd7DHA+r57EOfp9pFP+66y6sXrlCRr4sxQkJJ188SlFTU4Pa3bvjFrv1c3O0gpfBDXAn4JtP76mrw969e+MefLiRxSvROyMnLr5PZM/nPARRR+2KlyNR4cPV3oAf3m56HILoPZt2uNglwnjLF792R1sb9tZUo6m6Wj020iM/j0fsra5C/Z66QcnrUNLe2oKGql1qHbi+dP3FI/j9ONd3eTzm0iQ+PPF0K7Uz3pn00HJz8PNYh34vPu/L0xX56HQyofOFLk5IOPkSBEEIF7tEGG/5EgQhNdD5QhcniHwJguBa7BKhyJcgCLFA5wtdnCDyJQiCa7FLhCJfgiDEAp0vdHGCyJcgCK7FLhGKfAmCEAt0vtDFCSJfgiC4FrtEKPIlCEIs0PlCFyeIfAmC4FrsEqHIlyAIsUDnC12cIPIlCIJrsUuEIl+CIMQCnS90cYLIlyAIrsUuEYp8CYIQC3S+0MUJIl+CILgWu0Qo8iUIQizQ+UIXJ4h8CYLgWuwSociXIAixQOcLXZwg8iUIgmuxS4QiX4IgxAKdL3RxgsiXIESAteP1VYT4YVfvIl+CIMQCnS90cYLIlyAIrsUuEYp8CYIQC3S+0MUJIl+CILgWu0Qo8iUIQizQ+UIXJ4h8CYLgWuwSociXIAixQOcLXZwg8iUIgmuxS4QiX4IgxAKdL3RxgsiXIAiuxS4RinwJghALdL7QxQkiX4IguBa7RCjyJQhCLND5QhcniHwJguBa7BKhyJcgCLFA5wtdnJBw8rV3716UbN2C7cXFcY/y4iLsKC9Hl8djLk1i4/f7sKtiO4po47J9+3aU07Lrx3hEWVkZduzYAa/Xay5RYhIIBFBbW4tt27ap+olnVOyoQAm1rS0bNiDg95tLlFj4fNSOaFnd2I7sEmG85aub2lcDvWdFWSlqd1Viz84dqI1nUBvbSZ9XV1eXuUTuoL29HaWlpbZtIh7Bbby1tdVcmsSnraVF9VGdx/Q69F6vWEUx5bHm5mbVl1IVnS90cULCyVf+okX48PxzsOjcc5B33q/iGrn0np/cdScqq6vNpUls2pqb8OFjj+LfN92I+XNmIzc3F/l5ecjPz49LTJ06FR9++KES5kSGk/zcuXPx0Ucfqcc5c+bEKWarePL++3DvjdfD09lpLlFi0drUiAmPPoKnb7mJ2tGcnnaUl0ePNp97tGPqlCmqHTU1NZlLFD52iTDe8uWhnbWZU6fg3ksuxpTLL8WCSy7CbHo+h2JujIPfZ9pFF+GlK69EFW2I3URRURHeeOMNLKKcb9cuYhl51L4nTpyIdevWmUuT2HD7LVm9Cn+7+CJ8QnXGy6/6qVqX+PTT1157DRvWr1c7s6mKzhe6OCHh5Gv2vHlYc/AB8KSnoyszI67RmpWFeeedh1LaC3cDbQ0NmDz+Gnz0/e9hzfvvoWlvA+39dqqNQTyC97omf/EF9tJyJDIttMe4cOFCrF27Fk2058Yb+VhHI0V9fT3Wk3xNOPUU/PuSC+FN0JGJVlrOL66+Ch8d932snfABmkmmuR3Fqy1xO/qC2lFjY6O5ROFjlwjjL19ezKO89ferr8as73wbRRnp2E6xMz2Dgh9jFzsyMrCJHt/98ldQvWmTuUTugPvjjBkz1IinXbuIZXR0dGDFihVYsmSJuTSJDbffbfl5eO2YY5FzzTXYuWWLWgce7YxXP505cyY28Ai+yFdPcULCydecnBxsOuggWrI0dMc5Okm+cl0kX+0kPQuoI67JzsbyH/4QGz77BB7qiGpD08fGJppUV1dj2rRpCT/yxYcWCgsL1eGtWKNqnere7/ejbNlSLPrVuVg3ciQmXHQBfJ7ElK82kq8FV12FtdSOlv3oR9g48TMlivFqR1VVVaoduVW+WB54Q75wzhxseO01rPzKV9CezjklgyI9JhGg8JN0BShaKHfNpI1y7abN5hK5g/Xr1ytpHQq4f/Ko19KlS83vJDbcfnfk52POuENRvP8ByL/uOtTv3AnWIN1PYw1/VhtJ8EW+gsUJIl+WcJt88cjXAtrbLqZE35KVicKvfQ0bp3yhzkHxB/yOG8dAiHztC9c5J6fKdWuRd+YZqBo+DBW0gZz8hz/Al8AjXwuuvBIluh19ndrR9KkqofNGKtbtKBnka/ny5aqNdbW1YeUrr2DpoYfCk55BkpQBfwyCX9eTwZGOVspdIl+R4Ub52s7ydfDBaKfPu4x26BZcdQX1mb2q9QYo38cakS+Rr5iFG0e+Fl5zDcoysikhj0AnJeQ5Rx2FDTlz6ae6cThtIn0j8mXAqcjfHaAEaZwwXldWhKlnnI5dPErBh4YoPrjojwk98pV31VXYnjFMtaP29EzMOvpobMjN4axP/9T+dczaUTLJF7+Sn9pB4SsvYxFtINuz0qlOM+FNz4Y3Iw1+EtxohZfEi0PkK3LcOvKVM+5QdGRkwZ+ZiTLKLxMvv9y8aIBanspBztpyf4h8heYbLk4Q+bKEW+Vrm9rDzlSHIJppPWaxgE2fok7wDvh8tDFw2kzsEfkyCFDS8/mpnimh89Wyc07/BXbyoSH6XPjQUzV9Lh8muHwtJPnidtSdlqWEUbUjFrAZU+Hp6lIJN1btKLnky3g1H7WFwpdfxvJxB6OL6tObkaGCDxfa5Z5IQ42A0etyv++g15wt8hURbpYvrxr5pHxP7WALtak5l1+K+l271OiXj4IUzPyr6CLyJfIVs3CtfFEH7E7nzpgOH+0Rt9Bj7je/iZUTP0dbWwt1XB6Sjn6HFPnSkHwFfChbvw7TTj8dlbRR9FH41YY23T3ypduRWv40EjBqR9/+NlZNmkjtqDVm7SiZ5IveqOf1/LTjk/faK1jxlS+jherWl54l8mVB5Ct8QuXL+Ny5LfGh56Jhw7Bg/HjUbNum5CsWfZQR+QrNN1ycIPJlCdfLl9poZlJizkJLZiaW/OAHWPPxR2hvbTH/IrqIfBmdkRP5tmVLkXP22ahi6TI3tLyBdK98cTvKRnMWtaMf/QhrP/kYHaodOU86vUkq+bLQHfCiraMdS1jAvv51tFC92uWdwYTIlzOSQb748/emD4OPvi4bOxZ5112HXUVFCNDvxgKRr9B8w8UJIl+WSBb54g2/LyMLe7OGYcWPfohNH7xvbjijS6rKl9HljM7HSXx7YQEWn0PiNXwYJcQsdGXy+T1GcnSvfFEbMttRA7Wj5T/+ETZ9+AE626I/KWWyypev20/v60NLcxPWvvoK1n7jG4aA8TlbtINkjIza56KBQuTLGckjX5zvM9BF/bTkwAOw5PrrsLuYBSz6giTyFZpvuDhB5MsSySBffpXYaeOZNpweM7E3MxOrjvs+Nn38ITwdHdSJ/apjRqP7pKp8+SgR6vMrti1ZgiUkXtUjRlB9p1FS5I0iB30OvKF1qXwF2xFfzEHtKCsTK487Dps++VidS6jakTq/xDlJO/Jl+b+9qQnrX30VK489Fq1qozlMbTQHexhS5MsZySJfRj+ldsQ7ffS8bP/9seTaa1C/vVz9Dbq96lzNaCDyFcwXujhB5MsSSSFfPcnc2PDzSZmN9PNF3/k2Vk6ZbJ4Y7lMbT6ek7MhXoIvqMIDStWuw4OyzsWs4D/2HtiUWMVfLV692xM+NdvQdrJw2VW28otWOklW+rPB7dFI7XPLaq1hy5JFqigiWLz60a2034YbIlzOSRb44vxttwuijnIe2jRqF+Vdfjd27d6t25w94+QXMVxo8Il+h+YaLE0S+LJEc8kXPe68b7RG1U7Kf9+UvY9l8I9nx4RCnpJp8qe5GiYcfK0pLMeOM01GlRi8yqZ61rBjhfvmyb0dt1I7mfuUrWLYgh/6SaiIK7SgV5Ivfgt+nw+dFzuuvYtGYMT2jFvvUcxgh8uWM5JOvYASoXW3LyMTkyy9HQ1sb/XF0pqAQ+QrmC12cIPJliWSVL3UeWGYmOqlTzubpA2ZOJxHwUIc0RGKwpJJ8cT2pw2yUeGpIvKaecYaax4unk/Cm81VsofWejPKl2xGLvJqGYtYMox2xkDpI7ikhXwS1IKorPzr9Psx77RUU7r+/ktnB5DqRL2ckq3xxHuI55QLUl3keMBawvXvqjPbP0uSgn4p8heYbLk4Q+bJE8spXmrokmTtkO/1Ozle/ig0TP0NXe5u50RxcM0oF+dK1w4UTdiVtMOb+4ueopMTG50KpE6epTnvXeXLKV2g7WvD1r2PjpM8dt6NUkS8+QKsm4+XzBaktLX3lFSw/6ii0Ur3yRjNAbSncc8BEvpyRvPJlTLzLF/zwfH1l9Ljw6itRt22bKU2D76ciX6H5hosTRL4skbSHHSm4swbSaI+InjfT7xV+/3tY//GHaGttoSbkVxuFSEkF+eKxwUA31Q+fXE8b2Jwzz1DiZdQrP9rXd1IedqToaUckDE30+4XHHYf1n3xszCc3yHaUKvJlhS968XR5sJoEbAXtDDWqizT4ClOu34EFTOTLGUl92FH93BiN5/kGS0aPRuG116BaXQWpL7iKvM2LfIl8xSySWb56B18FuezHP8bqjz4kOdETsUZGaox8BeD1+1CydAlyzz0XldnDbBNe70hW+eodDdRnlvzkJ1jzMQkY1fNg2lFKyhfJPC9TR0sL1r7+OlZ861toykxXU3uIfMWeZJav3uGlKD7gABRcfz2qSMCM+/5GLlAiXyJfMYtUki+ew2nvsGwlYKt4As2ONqM5UScPl2SWL10XfEVfyeJC5JN4VY0cqaZeCKQPs61Ta6SKfHE7aqB2tJQEbPWnn6Kzo13Vm5ILKuGQivJFC2Q+CaCtuRkr33wDy7/+NTTzZ2BTz71D5MsZqSRf/Lud1K95HrD8665DzbYyej3jPE2OcBH5Cs03XJwg8mWJVJIvb8Yw2stORxOtc+H3v491n32iTp429orCa1TJLl+coCtoo7ro7LOwa/hIeNXUADw5Jl/daF+vOlJDvvjcErMdZWeh4LjvY8MXE+EnGVHTUITZjlJSvkz4EBC3s5YWErBXX8Gqo4+Gx7auQ0PkyxmpJF/6xu6e9DSU7DcWeddchYZdlUafiECkRL5EvmIWqSRfagLNdD5ZPBNNtPHMOfZYbJg1Xb2uMZ3CwGcFJJt88fr6ed27vSox1WxchwWn/xK7qF3wLTx8aTyD/cCHhDhSZeTL2o4a6O/n8cUcc2aq1w23HaW0fFEYh4D4HLAuLHvlFSw+4AB0ZRobWDXJLW009613kS8npJJ8caj2QvmLZ8QvGj4M0668Eq0t+nZhxg73QL1A5Cs033BxgsiXJVJJvqzBdd1Bf8vTUKyfO0vdELibkhOLSH8knXxRguNJaAP+buwsL8fcX/5CTSdhV2cDRarIlzW4HfFVkGoainmzVTsKhNGOUlm+rPBS8OHagpdfxtIxY0hq+erSTHgy+UKZ0HYo8uWMVJMva4Da1Vbq69MuvZj63F7V5nzURwfaTRL5Cs03XJwg8mWJVJUvDr56rZkeeSLWFVMmq3PAoCbQ7LuBJZ98sSj4sL1oq5rHi69q7D1/V7iRivLF0dOOjjkGK6dOQWcY7Ujki+Dlo+Al6iQxmP/6q1hy+OFoo8/En86z4Id+HiJfzkhl+eLg6SiKqG3Npn5fXVGh8p4xDts3Il+h+YaLE0S+LJHS8sXJPC1LTaBZ8N3vYDWfhD/AzbiTTb44IW9buQKzeAJVrkuqVz7U2Nd0Ev1FysqX2Y548tCC730Paz77FB1trf0mK5EvK7Q0tCHs9PlQSAK2/KtfVfeC7F3PIl/OSHX54j4ayEjDtpEjsXD8eOwqLh7w/C+RL5GvmEWqy5ePOqQvIxNNmVlY9oMfYOP77ykBMxrZvg3N7fKl1sgcbeBkvJ1+p+CsM1GVyXWZgS6qB553ya6+BopUli/djhq5Hf3wh9g04YN+25HIVxBeEl+3jzaEfrSStK5+7VWs/cY31Nx8fHsn3ujyIUg+107ka/CIfNHfU/Bh7eL998fia6/F7q1b1AUgfSHyFZpvuDhB5MsSqSxfHMbJ08b5JXuzMrH6B8dh4wfvo5NHLsyJRq3dzu3yxec48DrxPF5lhQVYcvbZqB4+XCU0NYKj7ttoX1cDRarKF0fvdrSKRH7ThxPQpe4z51XngFkTl8hXKEYfM/5vb2rChtdew6qvfx0t9LnwzgBvNPkKU5GvwZPq8sV/Z9ydgwSMXm8bCdjSa69BXWmJMQkr91O1YxpE5EvkK2aR6vJlhHGIg8/daaQN55Lvfx+rPv8MXV2dCHiN+/hpXD/y1e2D1+dHMW048845B1WjRlAysquTyCOV5cuIYDtiAVty3HFYNWkiPJ5O2vD5qO6D7Ujkq2942dqbm7HitVex9CtfUacF+GinwLgKUuRrsKS6fPUOnoh129ixyB8/HtU7dyjBCvi85rsbiHyF5hsuThD5soTIV2jwhrMlMxO53/gGls+Ybm7AgjOYu1W+1BQInFxIALZt3Ii5Z56Jquxs2qBx3RnS4DREvoLBo4gtmVlY+M1vYvkscxoKSzsS+eofnoqiraMN+a+/isWHjCP54slt5ZwvJ4h87Ru847ltxAjMolxQxzmd8qO1b4h8heYbLk4Q+bKEyJc1eALNLHipTjqpU8456iisnzdbdTy1IaNwq3zxpdWcPvaUbFE3ya7iJEYbM2/Gvpf0DzZcLV+0zNFtR9mqHfGoDU9nsmHBvJB2JPLVP2quND48Tusw//XXsGjUKLSpecBEvgaLyFdo8Ot5+NZW1Ee30etPuuwytLXwbeeod5gSJvIl8hWzcKt8lVGH4Y0md0beaHKHjEbwTVk9tOHkS915/qb5hxyCDVO+gKejQ3VKN8oXdxg+52hnaQlm//IX2E7CwZOE+tKG03oO/hyv3qHki5KYa+TryitJvox2xJ97dNsRz1fFYpuFNnptNQ/Y1MnwdHaqdsTyNXXqVJGvPuBNndpd6PbDR9JQyBOxUl/kPskbzXYKka/IcKt8zR93iDpHS533pz5/+z4XaXCu4uknvGoHLB2l9PXcyy/Fnp071REC7iEiXyJfMQs3yteCq69GCXUWPgGXZ8VWV7HQ19EI7txKTGiDzB2zlTpk3je/iQ0ffqBOwq9ykXwV0IaxpLRUideOVSuR84ufo4LWiYfa1Tk0Sl55tCo6YdQdCQw9ukG+FpB8lfIyU510ZPEhrei2I68S3GyV3FuoHeV/+1vY9MlHqh3tqqwk+Zoi8jUgtKS0IWQBW/T6q1h9zDFoofpspXYm8hUZbpSvivw8zD74YHTQtopzPV+pyDuMdn1uMKFylnkSPvfT4uEjkEs797tLiuGj959Pn9Umka+Q4gSRL0u4Ur6uuZo2mryRz4CH5Yuf08YtFgGKpswMrPj+97DhowkoJ5mZPn26a0a+WL7KV65E/llnopYSV4CSDJ+PFPWgz4BlVclwRppr5KuMlpNl0ZOZRethHH6MRfBoYKNqR9/Hpo8+REVxEabLyFdYGKMQ3Whrb8davgryW9/CbvrMZol8RYRbR77mjTsUnbStUqNUKn/Fpp9288gaPfJJ+IXXjkd10VYsnDsXm0W+QooTElq+4h1ulK+cq69GkbnR5BEXPkmeN26xCJYvFovGYVlY+5OfIO/pf+Pzjz9yhXzlU+JaOOEDLKPPt2bECEowvIc3AqAEFu3oVjJsiDAP4VdSTEhw+coh+So225HRhmLbjrhu9g7Lxrr/+i+jHX30kavla8WKFVi8eLH5ndjDS9ze0oz1b7+Nxd/+Nj5X8rXJ+KFLEPkKHz3yNevgcWijvqkPF8aqn3If5ccukryyAw7AMhKwD1/8DzZs2CjyZSlOIOtILGbMnInXaG8u93vfw8LjjsOCH/5IPY9HzKU98bcu/RPKysvNpUlsmkm+3qBO8fqYMZhNeyizx+jYL6Yxi95r4rhxeOi738Ed116Hmpoac4kSE5avD154Hn+n5Z03aiRWUEJZS5KxhgRgZUb0Yy3JCz+uotdfQTE1MxNPnnM6vF2JKV9NJF9vXHM13hiCdvQJ7Wjd++1v4c7rrkdtba25ROFjlwjjLV8ejwd5eXn4/PPPUU65g88tLC0tjUtsJIH56L578OiPf4hdGzeaS+QOWL6eeuop5ObmYsGCBXGPD95/H0uWLDGXJrHh9ruediAfPOJwTB45kvpPfPop99Hp9B6vfOlLuOT44zF/3nwlrqmKzhe6OCHh5Kuurg7r16zBFtorUUEdtOd5jGMzRXFxETo7O82lSWy6aGO+ipLHUhLWTQvmYwMllI0LctTzWEZRzlxsXLgAy+bORuGcWeqqmESGN45rKXHNePKfyPvnE8inWGQGP4926NfVj3P+9Q9MevcdeH18/7TEo4vaO7ejZXFsR5spuB1toHa0dM5sLKZ21E6SHCl2iTDe8sUbo82bNyn5mjVrFmZSPcY69PvMnj0bX9D7fvzO22ig9XYTPIP/OsrvxcXFKCoqwpatW9VjvILfr6mpyVyaxIbb727ayc2dPg0bc+KX6zn4fdZSP5038TNspx0LGfkKFicknHwJQszgvmLtL/prziW9o6/vc/T3N/pnPc/pPw5hH6JRK3aJMN7yJQhxg5tqPJtrvN8vwdH5QhcniHwJguBa7BKhyJcgCLFA5wtdnCDyJQiCa7FLhCJfgiDEAp0vdHGCyJcgCK7FLhGKfAmCEAt0vtDFCSJfgiC4FrtEKPIlCEIs0PlCFyeIfAmC4FrsEqHIlyAIsUDnC12cIPIlCIJrsUuEIl8Dk4rrLAhO0flCFyeIfAmC4FrsEqHI18Ck4joLglN0vtDFCSJfgiC4FrtEKPI1MKm4zoLgFJ0vdHGCyJcgCK7FLhGKfA1MKq6zIDhF5wtdnCDyJQiCa7FLhCJfA5OK6ywITtH5QhcniHwJguBa7BKhyNfApOI6C4JTdL7QxQkiX4IguBa7RCjyNTCput6C4ATdb3RxgsiXIAiuxS4Rinz1j17nVFtvQXCKte9wcYLIlyAIrsUuEYp89Y9a4+5Ayq23IDjFyBbB4gSRL0EQXItdIhT56h+1xiJfghAxRrYIFieIfAmC4FrsEqHIV//w+gb8fiVg/JUgCOGh84UuThD5EgTBtdglQpGv/lFrHAgY8kX1IghCeOh8oYsTRL4EwcU4TQBuJ5gGg/Ug8tU/vL6BAI986bVP7TYkCOES7DFGcYLIlyC4GKcJwO0E02CwHkS++ofXVx12VKNfqd1+BCESdL7QxQkiX4LgUqKRANyOrgNrPYh89Q+vr8iXIESOzhe6OEHkSxBcSjQSgNvRdWCtB5Gv/uH19ft95kn3qd1+BCESdL7QxQkiX4LgUqKRANyOrgNrPYh89Q+vrx75oooxvysIwkDofKGLE0S+BMGlRCMBuB1dB9Z6EPnqH15fHvmSw46CEBk6X+jihISTL5/Xi+bm5iGLtrY2BHiP0AVw4uzs7ERLUxPahyg629sTPoHz8nV1daGFPttmWt6hCH7/aBOtJGC0ow7b/hCv8Hg85tJEhl0dxF++uilveeD1dMEX8JPYGMHPYxI+X/A5vw99zfUXbt7i9VWHHenvh7Lvcn15qd54PXrqLJb1poPWnd+L64wf3QIva2sLbaNs8nC8wk/b51RG5wtdnJBw8rV58ybMnDkTBQUFcY/8/Hzk5OSgvr7eXJrEhjfoS+fNw7R770XhXXdhyV13ouDuu9VjrGIxvU+h+R5T7r0HU95/Dy208UxkOMmuW1yI+S+8gILnnot7LHie3pfaVbQTvZqlPAozlXd2dGAx1Q+3fbt+EeuYO2cuNm7YSBviyBN7MA0G6yDe8sXys2rFcnz80osofO9dLKc+sezdd7GUHmMRy959J/g1vd/id97B7LfexN49deYS9Q+vb88J9w7X3QnL8/Pw+WuvqPVY+d57WM11RuvTs24xCq4//nzmvfkGSktLzaVJfGprajDxuWeQc89dKg8bud7I+7EKne/z774Ln9x/H0o3bnDN4EQs0PlCFycknHyxeM2dOxfl5eXYtm1bXGPr1q2YNGmSazpkR3s7ZjzzND4ePRobM7OwNT1LPRZlZMQm6PW3pGdjc2YmlmZn46X//i88SeJXV1traY5Dl8z7opXqKefll5H7ta9h27hxcY81hx+ODx55RI3qRoOemmbxUoeOnCXDJtqjnTRxIlauXBn3fsfvl7twIRbkLEA7fU6R0lMXVDTxli+W+ymUN/5y+umY+I2vY/Ghh6hYTrHy8ENjE4cdql5/2aGHYiE9vvC976Jyy2ZzifonQHXBoz+8EXW67oOF3/WDt9/G/b85D599+Uu0LrROFMtpvVbwc3P9jEf6Hn/fEur3qR4G8zN+3fxDDsHr3/42ls2aZSyQC9ixZQtePulEFGZlYXNGFjZxzs9It8/VUYit6cMoMrGO8v00ymGPnHUWCqivumm0MNrofKGLExJOvubMmYMt1MiGAj6El5ub6xr56qLlXfzyi1g6cgQC6ekIpGXAR4/dJEkxibRseDOGYW82ydcJx2Plxx9h6hdfoKGhwdIcjZJItHZ0oJDkq5QSb3daWlwDFI3DhmHiQw+pEZJooERCi5cOB3XOh/2439XVhTdyEm2Ki4vVCJhb5YtH7JYtXYop77yDxddcjbIxY9BJ/dBHn70/PXbhNaOBYsoxx2L3pgjki9riUF/tOH3GDOTPmI78m27AxpEj0UUi4ad685v11lN/1sdePwv5nTB+xvXF32+n95n35S9j4/Tp5tIkPtXFRZh6ykmoV7me2hc/Utjm6iiEP204utJJwg46CDzCNnPSRKxZswYiX8HiBJEvC26Ur/yXXsKK4SMosaSjMzMdHRQsYf4YBL9ue2YGlv74+1g/fSoaaCM3c9Z0kq96zuiWJjl0Cd2OZJMvhuWLN578mnz+jhNEvpy1V5avFcuXY3F+PqpLipF7ySXYOWIk9RfaiFFwv4lFeElWfBkkEtTGZpF81YYrXyTriSBfM0i+1q5di6bqKuTffCO2jBhBYkQykZZpu77RCA/XGUsYPc//ivvkaxrJ115efvrc2yjncxuwy9VRCXrt7WPHIv+2W7Fn1y4sXrxYyVc085jb0PlCFyeIfFlw5cjXS/8h+RpOe0C8d5dpdBp+HqXgvSt+zQAl+C4Su3nHHoMNM2eovWfeaM+aOVONfPWWL2sZapJTvozzdviEZS+9rpN6Fvly1kZZvpaTfBUUFqpX2rNzO2b/5nxUZ2QagpSeSZGtNvrRCu6TnowMNVrUQm1s5mDkKzC0IxgsX3yom9lLArbghuuxedQodFHO8aWzXJqCabP+gwk/iR3voHIe85C8LPjyl1wnX9NJvpro8+aRr2jneq4f/Zqcu0oob825bjz28s41sWzZMiXLIl/B4gSRLwtulK8lSr5GUGcxhqK547AoRSNYvLwZWfDSxqOBNiTzjjkGy0m8OGVzw2tpbcWsWbOMw47WQ2DmSeC6DDXJJ19Uq1THfA5ZF18x5vE4qmeRL2dtVMtXoZIv47Vqdu3EzPPOQ+Ww4bRBIwkj+WKR4H5l104iDWMjya+XiQ7q97MHOfJFFWN+N/6wfPFICsMZo257ORZdczW27TeW6ovFa5gSsGjVmc6PfPqEjz6L/K98xbXyxfk+mrmeD8v60rIohsFD7WrryBGYPH686ku6iYh8heYbLk4Q+bLgbvkyhtX1XovTMM4p4D32dDRmZSL3uOOMES96X0OwDPniBMpXhxqXrZvi1RPRaaROSSb5UnVKdatHvZR80SN/b7CIfDlrn73ly3i9buyprMC8Cy5Axegx8KhRsGGqj9q1k0jDiXzx8nH7USNfess6BFjlS+ULKrtLipF/9VWo2H8/eLPS4ckcrnKRXR1EGskmXzyax+Jkt66Rhl/l+iwlXkX774/5N16Pproa1W/01Y0iX8F8oYsTRL4siHxZgxNVFvZkD0Ph//w31k6bSp3QOLzFHZIJGfnqpww1ySJfqja1fFFC9NPrcSjxdVDPIl/O2qhVvnrgPkKfy47SMsy94iqU7Le/2rDZtZHBhBP5Yox25Gy9nRIiXxy8TFxnRVux8OqrsW3MGCUFdus/mBD56i8y0Ek7CFsOPhgL//xnNKhcYOxAq7ZMiHxxOw0tThD5siDyZQl6nT3ZWVh84glYP2Uy1U0HbeR5qoRgg7PKVyKTjOd8KVRSdJYAGJEvZ3VoK18ET0jp93vVFAGLrrkG2/bbD15L23Cy4XQqX4mAVb4Y/ox4RM5PO3mVZSXIG38NivhKbpv1H0yIfNkH56guiqJxB6PwL39BbUWF2rnr7g49J1DkKzTfcHGCyJeFVJYv7sSczP18dRa9RgOJ19Kf/hRbSbw6OtoR6PbBpw4NBBH5GjhiKl8W+HMZbCoQ+RpszRn0KV/8nrQB46tRqzZvwpKrrsL2MWPVRpP7GR/msWsz4URSyhcFX8jDdcafV8OOHci78Xp1FaRXiRNftMBXQtrXyUAh8hUMrge+CISvLPXQ8+KDDsSKO/6CPdvL1U42yxd/FlZEvkLzDRcniHxZSGX54nO7PJl8gn0mWrIyUfDjH2HL1Cnw0HsY7NvURL4GjnjIl9poqcfBJQORr8HVm6Yv+bLCcyPt3roZBZf+CRUjR8GbmQEfbfj8JAJ27WagSEb5ssKfCEdzdTUW3XITNo8cadRZRrYSV7s6GShEvozgv+F838X1SY8l++2HJX++DXsrdyjpMmpe/x9E5CuYL3RxgsiXhZQe+UofBn9WhjovZf43voHVfHI9bTD6a2AiXwOHjHwNTCrIl3qX7gCqduzApAsuQmU2n3zPEjXMtt0MFMkvX8HPpZ4EbN5NN6JYzQPGk38O7jwwkS8dmeqqRlAdlFKdzrjxJuzZvVu1T13ndoh8heYbLk4Q+bKQ6ocdO6gzzqGExNNJBNTJlv3PAyTyNXDEUr56d/7BJgORL2dJNBz5YgLqcJofO3fuxOQ//AG7srLVjOt27WagSHb5YvhT4c+GT3mo2VGBnGvHo2T0aHWYzK5OBgqRLyMM6U/DtmHZ+OLa67C7sZFrmd6h/yumRb5C8w0XJ4h8WUg9+eKrr4wrsBoyM5D73e9gxayZ8NMeEJ/0OtD0BSJfA0es5asb/Jr6oOPgkoHIl7MkGr58dVO/MqZk4XnA5v3+d8YhSG4rJFLch+3akF2kgnwx/Mn4eAQ+EMDu0hIUXHM1yg/Yn6RVXznKdRbeVaQiX0Y9cXsrGjsWc669WvUV3iFQV7JT++wPka/QfMPFCSJfFlJJvlQiMofw67OysPi//gubpk9TzUl1Rg7jbfpE5GvgiJ188SfFG3Ke/kMLmCFhkSLyFXmdWQlXvvhdeITBOKE8gD3bt2HRpX9C6VhjHjA+/4ulKpwNairJl3GZD9dbN2pIQFjASvcfS+vPdTAs7DpLWfmi3+M7BvC0HZ30d0UHHoi8W29BU201VTC1fsoh6kIH8336QuQrmC90cYLIl4VUki91tRVFXfYwLDvxBBRNnWLMlD7A3o8Vka+BI7bnfOlNEx8e1vIVOSJfzpJouPJlha+A5NGc2qItWDz+GpQdcIA635KvgGRJsGtL1kgV+bLCwsqSwCNgC6jOSvgcMFVnJK4kF3b1ZI1UlS99ZW1HRgY2HTIOi+/4K+p27jT6RAT5XuRL5CtmpNbIV7Yx4nXCCdgyZTI8JCiRdkaRr4EjPifc82emI3JEvgZXb5rByJfqZxQ8D9iurVuQd931aiJWvq2OXTvqHakpX/qz6kZNxXbMu/VmdRscHtUJUF3Y1ZM1UlW+ONd3UTvZMo7E6847Uafm8eLR18javchXMF/o4gSRLwspI1/0OzyPV8H//Dc2zJiOThYv846NkSDyNXDER76cIfLlLIkORr40fMiY20VlURHyr7gSFaNHq3n2uN3YtScdqShfGn3Ytn73bsy/5WZsJgGzTl7bV6SifHE78mRmYMuBByL/r39F3Q6eToLy0ADn89oh8hWab7g4QeTLQjLLlz6UwZ21g0+u/863sWnGNPi8HrUXROnMfNXwEfkaOES+BiaV5Yv7HW8MOeq2lWDBBRcYN+POYrGi/pzGhyH3bVepLF/G5LXGuY6N1dXIv+lGYwQsg/MbnztnX2epIl/G98zJaOl3SkeNwsJbbkJ9TY1qZ70nyw4XkS+Rr5iRrPLFndCYHycLrZSw51LSWa9vkm02ocE0I5GvgUPka2BSWb56U7OrEjPOOw/VGTyXVSY8Gdnwkij03simsnxZ4c+unuos77rxKBs9Sh2C5BuYezP2PXybCvLFXxvn8w6nyEBpdjZmjb8a9fX1qg/Qf4Nu7SJfofmGixNEviwko3zx93zpw1RSas7MRM43v6nESzUddf+uwTcgka+BQ+RrYES+CF4+sy/yNBQzzj8flSNGKonwkoDpkWsdIl8GfPiRP7/qbWVYOP4abN9/P3SRWHVlDg+pL45UkC++otGXkaWEnedEY/FqqqtRbcuYvX7wiHyJfMWM5Bz54oSThfqsbOT/5MdYNXO6uSFyJl6MyNfAIfI1MCJfBrwUqk/SRpInYp156eXGzbj36dMiXxr9+QVIwnaSnOTyPGAkYLyz2bvOUuOwYyY6MzKx5aADMffW27B37176S871JF4O873IV7C96eIEkS8LSSlf9PUevkn2Ccdj/bSp8Hg96OYrXQY5LYEVka+BQ+RrYES+gvCy+On10O1DJdULT0MRKmDGCJhfiYTIF6PqjM9lory2s6QY+TwNxaiR6sIFa19MBfnqoth68MHI/8tfULdrlzq6wXM2RgORr9B8w8UJIl8WkkW+OCmr+YLoOYsXz+NVPGUy/T5PJ+EzTlg1X8MJIl8Dh8jXwIh8BeEl4f7J8sUXwtRs3oSl11yDUhIwvq0O92tjbiujn4t8BetMH4KsK9+G3OuvVSfhe1m4qI6MSUa5zrhfJo988foYc8NlooueF5F4rbzzL9hTsV2dXG9cTBUdRL5C8w0XJ4h8WUgG+fJQUvFkpqtzRRqzsrDkf/5bTaDK83gZOG0yQUS+Bg6Rr4ER+eobnox195ZNWHLlFSgfM0b1a55UlM8DE/naF/1pNlZXIf/mm7B55EglXnzBkY+ki+sseeTLOB+wK5PEi9pF0YEHYPlfb8feHSxexuVU1PAdtu4gIl+h+YaLE0S+LCSDfKkEQ4/t1BlzjzsO66ZPM2aud9hQ7BD5GjhEvgZG5KtveNl49KKypBgz/nQZKkaMVP3blzZM5KsveOSQqCcB43nAjIlY+Wrv5JMvvqrRT+tSPHYs5t92G/ZUVvbZ1p0i8iXyFTOSQb74Khce/ZpzzDFYPnsW/Op4f7QGnkMR+Ro4RL4GRuSrf4xJRf2oqqrC5AsvVNNQGNNPiHzZwZ8mzwHW3e1FXXU15t5wHYpGjEAXiVeyHXbkc77KsrMx+YYbUdvURL/FI17Oz+e1Q+QrNN9wcYLIlwU3ytfil17E8uEjqTOyfKWhISMD87/2VayYNVOdB8GHLfhKoFgg8jVwiHwNjMhXfxiXxvjUtDABNQ3FzPPPQwXtcBkjX1loF/naBx788vlJWqneasvL1Un4ZfvzhQtcZzx3WgYWuVq+MtW9QItHjcLs8VerNs953k/rrFY+Boh8heYbLk4Q+bLgRvkqfPlFLB05St3bbE9mJhb98AfYMGsG/ZSaBu0t+/lqF+PXo47I18Ah8jUwIl/9w0tnLKUxPcyeygpMv+RSVIweQxtgnjg5Q+SrF0adMcZJ+LtKSrDwumtRcSDfPzOb6m0YCl0oX1NJvvZSrmfx2nrAAZh/041qHi8WLs73fONxZ625b0S+dD8MFieIfFlw62HHZbQXzDfJXnr8T7Fl2lQlXJykY01LS4vI1wAh8jUwIl/hw+d/8YaWJxVdfOWVqNhvLJrT00S++oE/e5aSampny667GtvGjIY3Iw25X/6y6+RrGsnXbhKvooMPwpI/34o9NVq8Yp/vRb5C8w0XJ4h8WXDnyNfLmDtqNJafeAKKeDqJrk6jScShM7pRvliG4h0iX/1TIvIVPtyvKfhqtuqtW7Dkuuuw8YADME3kqx+Mz5iPAOwuK0POTTdgy8gRWPDlL7lOviaRfC0fZ0wn0VBRbkhXHHI9I/IVzBe6OIG2DokFd8j8/Hy1QeckyhuEeEU17UVMnTpV7Ym7AZbFWS+9hNf+67+w4ZOP0bS3Ac30Pd6IxTo6SGhqa2sxdcoUdd+wRKaFlnfui//BiiOOQP3w4agdMRJ7RgyPW/A95z667z74aCOdiDQ1NWHyF1+gqGgrfZbx7XPcdpZTUs/JyVHtKlLsEuFQyRcLJKNfM6aF5Mvn86Bq61bMHn8N/vO976F60yb1/m6Bc/2qVavUc8uaxa6wtHb7UFe1C7Nuvgmvff1rrpKvyqIiPHf2mZh+4w1KxNrb2vbJy7EK3tYsou3y6tWrRb4sxQkJJ18rV6zAq6++ismTv8CkiRPjG5Mm4fPPP0fN7t3m0iQ27a2teOuZp3DjxRfijVdfwdtvvYU3Kd56882YB7/XyyR+HIkuX51dXcibPw/vP/44Jv3zn5hIwY/xig8f+ztmUNtSJ8MmIG2UxKfTRmjChAn4gpbzCxIx2/4Rg+D34/flvWqPx2MuUfjYJcKhkC8eMX/yyafwySef4OOPP45LfPTxR/j4o4/wr7/9Dbf94XfYUVpiLpE74B23p//977jW2YQPJ+Czzz7Dq//5D8af/2usWjjfXJoEh9pv6cb1uPWSC/HEww+r/GuXl2MR/F7vvPMOnnj8CdVPEzWPxQOdL3RxQsLJF+/R8Yc7lKGGcl0AL6fP04XOji7acHnVfF7xDp/P64r64sM0dp91vMLpTW1jzVDXz2DbkF0ijLd8MTyqyRLbSjtE8Q5+386uTnW1m5vw+3xobWmxXad4REdnpzo/1i34/QE1AmWXh2Me1L75MdHzWKzR+UIXJyScfAmCIISLXSIcCvkSBCH50flCFyeIfAmC4FrsEqHIlyAIsUDnC12cIPIlCIJrsUuEIl+CIMQCnS90cYLIlyAIrsUuEYp8CYIQC3S+0MUJIl+CILgWu0Qo8iUIQizQ+UIXJ4h8CYLgWlQK7DZuIaNh+Xr00Udx4okninwJghA1dL7QxQkiX4IguBa7RCjyJQhCLND5QhcniHwJgiAIgiDEEZEvQRAEQRCEOCLyJQiCIAiCEEdEvgRBEARBEOKIyJcgCIIgCEIcEfkSBEEQBEGIIyJfgiAIgiAIcUTkSxAEQRAEIY6IfAmCIAiCIMQRkS9BEARBEIQ4IvIlCIIgCIIQR0S+BEEQBEEQ4ojIlyAIgiAIQhwR+RIEQRAEQYgjIl+CIAiCIAhxRORLEARBEAQhjoh8CYIgCIIgxBGRL0EQBEEQhDgi8iUIgiAIghBHRL4EQRAEQRDiiMiXIAiCIAhCHBH5EgRBEARBiCMiX4IgCIIgCHFE5EsQBEEQBCFuAP8fxx9qaEbENm4AAAAASUVORK5CYII=</file>
    </questiontext>
    <generalfeedback format="html">
      <text></text>
    </generalfeedback>
    <defaultgrade>1.0000000</defaultgrade>
    <penalty>0.3333333</penalty>
    <hidden>0</hidden>
    <idnumber></idnumber>
    <single>true</single>
    <shuffleanswers>true</shuffleanswers>
    <answernumbering>none</answernumbering>
    <showstandardinstruction>0</showstandardinstruction>
    <correctfeedback format="html">
      <text>Your answer is correct.</text>
    </correctfeedback>
    <partiallycorrectfeedback format="html">
      <text>Your answer is partially correct.</text>
    </partiallycorrectfeedback>
    <incorrectfeedback format="html">
      <text>Your answer is incorrect.</text>
    </incorrectfeedback>
    <shownumcorrect/>
    <answer fraction="100" format="html">
      <text><![CDATA[<p dir="ltr" style="text-align: left;">A</p>]]></text>
      <feedback format="html">
        <text></text>
      </feedback>
    </answer>
    <answer fraction="0" format="html">
      <text><![CDATA[<p dir="ltr" style="text-align: left;">B</p>]]></text>
      <feedback format="html">
        <text></text>
      </feedback>
    </answer>
    <answer fraction="0" format="html">
      <text><![CDATA[<p dir="ltr" style="text-align: left;">C</p>]]></text>
      <feedback format="html">
        <text></text>
      </feedback>
    </answer>
    <answer fraction="0" format="html">
      <text><![CDATA[<p dir="ltr" style="text-align: left;">D</p>]]></text>
      <feedback format="html">
        <text></text>
      </feedback>
    </answer>
  </question>

<!-- question: 126858  -->
  <question type="multichoice">
    <name>
      <text>Question 12</text>
    </name>
    <questiontext format="html">
      <text><![CDATA[<p dir="ltr" style="text-align: left;"><strong>Select the segmented blocks that match the whole image shown below.</strong> The segmented pieces are always pushed together with adjacent blocks. They cannot be spatially moved in any way, only pushed together to remove segmentation. However, sometimes the image above can be rotated 360 degrees relative to the segmented blocks.<br></p><p dir="ltr" style="text-align: left;"><strong><img src="@@PLUGINFILE@@/12.PNG" alt="" role="presentation" class="img-fluid"><br></strong></p>]]></text>
<file name="12.PNG" path="/" encoding="base64">iVBORw0KGgoAAAANSUhEUgAAAi0AAAMNCAYAAABUMkTwAAAAAXNSR0IArs4c6QAAAARnQU1BAACxjwv8YQUAAAAJcEhZcwAADsMAAA7DAcdvqGQAAP+lSURBVHhe7J0HYBzF1cet6ooLpplqOpgeSoAAMR3TS5KPXhJC70mAAIEEQm8BQjM9NGNw792WLbn3qt57b9dP/++92V1pdVrJ0un2dCe93+lp9/b29nanvPnvzOxMPwiCIAiCIEQBIloEQRAEQYgKRLQIgiAIghAViGgRBEEQBCEqENEiCIIgCEJUIKJFEARBEISoQESLIAiCIAhRgYgWQRAEQRCiAhEtgiAIgiBEBSJaBEEQBEGICkS0CIIgCIIQFYhoEQRBEAQhKhDRIgiCIAhCVCCiRRAEQRCEqEBEiyAIgiAIUYGIFkEQBEEQogIRLYIgCIIgRAUiWgRBEARBiApEtAiCIAiCEBWIaBEEQRAEISoQ0SIIgiAIQlQgokUQBEEQhKhARIsgCIIgCFGBiBZBEARBEKICES2CIAiCIEQFIloEQRAEQYgKRLQIgiAIghAViGgRBEEQBCEqENEiCIIgCEJUIKJFEARbaWpq0tcEQRC6h4gWQRBspUm99HURMIIgdAMRLYIgBAULkBY50j68h2FdRUSOIAhmRLQIgtAlzDLCSraYBYqxbt7WWZQoMomWYARMML8rCELkIqJFEIROYwgJQwxoQqK1NGjZYrzM24zt2roV6jPzb+h7trd/RxjHEAShdyCiRRCE3WIU/IaAaI22zSwz0ORvrhlpER0t31Z76QLITKvPtdXmdWUB+++O5mN08XuCIEQmIloEQegcunKozy5D4cSFKJq7GtVbcuEsqYO/0Qv49X0CoW1m0cDrgbsan/Oy2dSWFsxbAj+zgvc39jOOLwhCdCOiRRCE3cKFvrfOgeqFq1B05U2oHTgU1SP2Q8lhJ6DgrEtQ8Pu7UfT4v1D89hco/2EmquatRP26nXBmFMBdUgVPdT18Djf8Hh+a/CxKAoRHgKYIFBn8zrzFSoSoffTtxv5mEwQh+hHRIghCu6gCn/45S2pQ9t9vUXnir+GNTyDPQa5DtyYyH5k7JhYNA4agZs99UXXosSg76WyUXXA1Sm66B8WPPY/St8aj/OtJKJ+VhJq1O1CfXkDHrYan1gmf0wv4mn9RiY9Wpl4a2h6t6ex7Q9S0R8efCoLQ04hoEQTBEiUUvE2o2ZqFwoeeQcP+h8BPwoRFSmfM3y8GvpgYeOLi4RwwGI3D90b9vgei6rBjUXEKCZqLrkXx//0JBY+/gLxXP0TJdzNQvmgNqjZloDGvAp4aEjMOQ8wEoKsLQ4So//TPSpTwFkPyaOttaXUcQRAiFhEtgiC0gQtvn8ODijkpKDx3HLwJiZbCJHiLUQLIT4LGl5gI94CBaBgyFDV77Y/So09B/jnjkH3Lg8h99m0UfD4ZJfO4/0wOGnI0MdPk8rdRIEqY8B/XzJjMQL3npfZWoW3Ttpj3FQQhMhHRIghCK7jPibusFsUffY+yI47vUu1Kd8zc5MTmJ/PGxKAxLgGVe+yFkoOOQsEZFyL3yluQf/8zKHztUxR/OwNVi9agYUsmnLmlcFfUwlvXCJ/T09x/RgkZ49r0V/M7XbTwFrVuei8IQuQhokUQhGb8Li/qNqWj6NF/oG7v/S3FRTgtUMiwqf4zsXFoTByImhH7ovKAw1B60tkovuwG5N96P4off0H1n6n4ehIqZy1D7ZptaEjLh6OIa2ka1TU2+TSB0iJjjPeawOH3giBEHuQFBEHo63B57aluRNmEWSi/8Go4Bu1hKSIi0mJiaBmjamY8JGac/QehceieqN+P+88cg8pfnY3yi65Gyc33qg7BxW9/hrLvZ6BizgpUb0xDXWYRXOX18DV6msWMSBZBiExEtAhCH8Yonl0lNSh67RNUH34sfFTwW4qDKDZu4vLGJ8LTfyDcQ4ahcc+9Ub3/ISg/5hTVZyfv5vuR9cybqFy7E01ebWA8o+ZFEITIQUSLIPRhmjx+NKQXIe/uv6Jh0FDLAr+3WmCzU9W+B6L485/hd3uVlDMki0gXQYgcRLQIQl+ESmJPVQMqJi9A0XlXwBUX6qeDos+qRx+NiikLtZoWDiK9mUgaiwQhchDRIgh9DG71aMwqRtkr/0XVsb+CL0xPB0W6lY85BdXLN0izkCBEMCJaBKGPoIpiH1C9NRuFtz4I54h9wvY4c6Qbh0Ppby5G3dYMvXZFEIRIRESLIPQBuInD7/CidHYKCo48RY1Wy/04rArwvmi+2HgUX3cbHAXlKqxEtAhCZCKiRRB6OX6fH46MApT+811UHXSkiBUL8w4YgOL7n4S7qkEPNUEQIhERLYLQS+HaAp6IsHr5JjVGSeOwvaiA5jFNrAvuvmzugUNQ9K934W1wtwSeIAgRh4gWQeiFcF9ST40DJV9NRvkpv4F7wCDLwlqMXCCZY4/hKPn0R/UIuDFGi3TIFYTIQ0SLIPQiVDFL/3iW5IKnX0XDiFH6iLHWBbaYJlpq9jkQFdOXAn4RK4IQyYhoEYReAncf9bk8qFu9HYW3PoDGIcNVgWxVUIu1GIdR+WFjUEXhxlVUqpZFD0+RL4IQWYhoEYReAM9m7CqvRdmXv6D8rAvhipfB4jprLFryfn0h6tILtbBs9eL3giBECiJaBCGKUYWqz4+GHdko+cs/UXfgYfBLc1AXLQ45V98KV1lds0gxhIr0bRGEyEJEiyBEEc2FqlGQeoGqlK0ouYYK3YFDLApksd2ZL6YfMh76hzbLs3ppYezXl4YJgtDziGgRhCjBXHiyaPFUN6Dgu1koOeFM+C0KY7HdGzcNOWPikPbG52hya3MOGajw1sWhebsgCD2HiBZBiDqa4Kirxebx3yLtuLPgGDIczv6D4ImLh69fjAiYLlrdwKHI/WGumuLAjNE01FyrJQhCjyOiRRCiCOO+31lfh5zkVSj+8meUvvpfFD/2PEpuugelF1yFshPPROUhR6Nm+N5o6D8YnpgYEjNaAc01C4YFFt591cr3PgjlSVuaq1N4YTQTCYIQWYhoEYQIRSs8WwrQljt/HgCNzOeH3+ODz+GGp6YB7pIqODMLUb9uJyrnJKPo81+Q/9J/kXfPk0i/6lbk/eo8lBx6HGqG7o3G+ES4dTFjFjJ9UcwUHns6anYWcJDrtSp6eKstgiBEEiJaBCECMYSKtm4UpvobnRYRo5klvNkDeGtccBTWoGpjFgpnpSDv01+Q8bdXkXXNHcj9zTgUk5ipGrk/6gcMhjshAf64ODTFxjYPTNebxUzahdfDWVrXHF7thqUgCD2OiBZBiEC42Gyv6AwsVK0KWeP7rQWNvuSFnxYuPzzVDjTklqNqXSpK5q1E7v+mI/e1T1DwwNPI+90fUXreOFSecAZqDzkCDXsfAMfQPeHqPxCeOBI2FgIg2sxLoizj1ofga/S2hI0gCBGLiBZBiGI6qhUwBIuxj1pXawSttHymb+Vt3ib4XT4127GjqBJ1u3JRk7IFVdOXoOzzn1Dy7/dR/PCzKP79H1E29nJU/Oo3qD7kaNTutT8cA4bAHRunOgOzIIiGZidHfCJyX3ivTSdcQRAiExEtghDBGILDihbR0RZDihj7mPdrXqeF1feVtDFt5l14xF2/2wdvvRPu6no4C8vgIEFTv2Y7quesQOnXU1D0yocofOg55F1zG3LOugSlR5yEqj1HoX7AHnDFkJiJ0YRCJImZ+sHDUfDZL8aV6ktBECIVES2CEKVYCQ4zLD6MPSxFCxF4DH6njLYbn5mO0ryD+XNtG73nyQY9fvhqXXDkV6FqYyZKF21A1hdTsfOZd7Dr5oeQdfZlyDn8JJQP2wd1iYNUZ2B/v5geEzKVo0ajbHaydh3N1ykIQqQiokUQeikdFcGBYsWgWaiYRUkgtNn4nPdoMW1/7b+O/iEP3OZr8MBRXIOabTkoX7wexd/ORMErHyH/oWdReP2dKDr7YlQc+ys0Dh+phIyVyAi1lR11EmrXp5pPtfX5C4IQUYhoEYQ+SLuChDCLkc5i3tcQNAbtHscH+EnMeGqdcJbUoD69EFUpW1B035NwDhhsKTJCadyRuPi8y9GYXqROx7jmds9XEIQeR0SLIAidJlCQWGHs09F+xmfmffwOL6pWbkPh7+5STyhZCY1Qmpes6Nrb4CmtJaHCrxY6vkJBEHoKES2CINhOK0FgIWY8NQ4UTlyIgrMuhiexv6XICLW54vuj8L6n4KtzNJ/f7sSWIAg9i4gWQRBshSVA63oMDbXd60djZjEKX3wflaMOtRQXdlnDoKEoeeW/8Ds9zeejlrpwEekiCJGHiBZBEEKGJlBaaPPeVIvhc3hQsXQ9Cu96DHV7709CIjydbw2r22t/lH/5M/xeX/N5BpogCJGFiBZBEMILqQFHURVKvpqC4nMuhXPIMEtRYbfVjD4aVdMWqzmcApGaFkGITES0CEIP0Rfv5nnE3brUAuQ+/y6q9j8Uvtg4S0ERDqs88XTUJW9sFQnGqtFEJAhCZCGiRRB6CL6XV8KljxSOPKJu1dKNyLv5ATQMHUHex1pMhMN8MbEoH3sFGrdnU/jrIsWID+10BUGIQES0CEIP0VcECze/uEpqUPjVVJScdzlcifY/zrw788bFo+SGO+DIK9UEix4PhnARBCEyEdEiCCFACRBlxmv3BO7TGQFjrhGIVAwRwOfod3tRtzEdhU+/ivLDxsDTg81BZvMMGITih5+Bq7JOO2lBEKICES2C0B2oZG6+S9cLaitBoW1v/3PGKOw7ojP7dERHvx8KtPPT1n2NHpQvXIOiP9yNxuF7W4qHnjL3kGEoeek/8Da6bQ0PQRBCi4gWQQgCo/A3Cjy1HiAoWtY0tP1bb9W2dUx3REog/PvaK7QY124c11PlQMGXU1F8/Jnw9YuM2hWzNe65DwrHT4Df5dPPWBCEaEBEiyAEgVZAa5KD1/mhWfVOFxjaJ53D2Le9/Xf3eVcwzjqUmAWL3+VF3ZYMFD79Gsr3P9xSMPS0cQfgmv0PRvH0JWjyaecuCEJ0IKJFELpIawFhFNhaoW0u/rQtLfsbhXvzNv29sc2K5u+azMBqW7hR566fgLfGgcpZSSi64U7UDxlhKRgiwVi0VBx9MipStqhzN1+DIAiRjYgWQegiqnyjf425ZahI3oKabTlwFNfAW+9W45BYFYDGJl5arQditT1Q3BjfN2p5rDD2MX8e+D4o6ADN50MLZ2ktCj/4FmVnjIWn/yBLsRApxqKl5KyLUJdWoJ2/IAhRg4gWQegqXqBi5U7kXfYHlI46FAXHnYEdF/0OWXc9gdwXP0Tht7NRumQjalML4SpvgK+RvsBdJwKUAtfEGJt42erjwH1JIJjN2NYRxjENs6LjI1jTfB68TiKtZks20h56HtXc2TYm1lIoRJKxaCm47nY1Km/z9fAyqNAQBCGciGgRhE7S5G+Cu6wGpV9MQvGxp8EfoxWAbFwYeum9q18M6hIHoXz4vig+7ATknXcFcv7wZ2Q9+SqK3vkSpRPmoHrZejRsy4IjpxTuilp46x3wuzzacPIsRFQhary4MNUw1pvf6+JBrevW3LdGNyvM24114zi7w7yft7YRlXNTSADcCVfC4OZwiAbLePBZeGqd+pVo4dC5EBAEoScR0SIIu0GJB68f9VszUPrXf6F2v4MtC0LDDCHD5ifzxsTAFZeAhv6DUTVyf5SNPhbFp52HvEtvQMEdD6P4mddQ9v7XKP9pFioXr0Hdhl1oyCiAo6QKnjqnGkkWPipS1Z8mZMwYBa7xmZUAMfYxMIsd87Ijmr9D5+LIL0fh+9+gjK7DndDfMhwi1dwUHzkvf4Qmd8ucQ83hQNdoFX6CIEQGIloEYTf4nT5ULliN0mtugXOP4ZYFYVeNxYyvXww8JGYcA4egYfjeqNl/NCqOPgnlp5+HostuQP7N96H4L/9C8XtfoXziPFQu34ia7TloLKyCu6pRe1zX4oldVfDqxXBzYawb/1PrXSiczfvxzMzVq7aj4J6/ofrAw+CNkMHiOmssJBvi+6Poh9mqWkqFhTIOD+2NsU0QhMhDRIsgtAeVXK7yehSMn4jKw46DLz7RsiAMtfljYtREgt74BHj7DyShNBT1I0aiZtQhKDrudBRceC1yb38YuX9/A4Wf/oyS2StRtSEDjQVV8Na5SczopXEbNDHDL4PA3dq8NwkWb70LpdOXoeDi6+Cm87I698i3GFQN3xeli9era+Kr00wLFbaW+hdBECINES2CEIAqvLx+NKbmI/+Jf8ExqGcn92MzNzmxcU2Nh6yBC+E9RqL4oKOR/6vzkHHdXUh95J/IfvcblExejMplG1G/Ixeuoir4ahvhc7jU0Pqq/4yfrtSoXtB7w5gFjbHKfXmchdUofP9blB19spps0Ooco8E47AqOOgXV23K1azOJMmPdFAKCIEQYlIsFQTDgAsvb4EL17CSUXHEjnAOHWBZ+kWJmIcPv/dzkFBODxoQBqBy+D8pHH6vETN7l/4ci7j/z1CsofvdLVE6YiapFq1C3ficaM/LhKquBp84Bn9OjPbbNIUF/PocbVau3I/+h51C93yFKLAWeQ1RZTD/k/uZyOIpq9NhuEWosWkS4CEJkI6JFEHS4RqExrxzFH/wPVceeAk+UdTBtz7T+M/3UZIXO/oNQO3QkakiAlB11IspOOxcll/0OZXc8iJK/vYTSt8ajcPpSOEtqSMjUonTCbBRecj0aB4emL09PG4dD1u2PwVPNTw6RNGGhotb0pS5clKktgiBEEiJahD6NVjjR0utH7aYMFP7pcTSO3Df6axQ6aUrQqP4ziXAPHALnsBEoO/RY5L38MQpf/ACVY05RfWusvhuNxk8OZT/1Opo8erxT/FvR3nZBEHoWES1Cn0UVWmweP6oWrUPh2Kt7Te1Kdwz94tRYM/X9B1t+Hs1WN2AP5H30kx7/9AoQJ4FSxXjfFRHT+T0FQegqIlqEPgt3RnUWVKD4v9+h/Ijj4e0XY1nQ9UVj4WK1PdqtYs9RKFu4Tk8BrWGxYWWCIEQOIlqEPgcXRD6nF7Wrt6Hkvr+hduQoywJOrPdZ6ZEnoWZztpYQdEliJVB2VwPTHlbH6grBfk8Q+goiWoQ+h6/Rg/LJC1E+dhxcEf50kFhorejMi+DIrVDpwCxMAsWC+T2vd1ZMGPt25TsG0o9GEHaPiBah70BlAj81kvfqeFTudwiaYqQ5qC8ZPzlUeM1t8NU49ARhjZXgML8PXA/cP1jxYXUcETKC0BoRLUKfgMcfqV27E4X3PYnG+P6U8q0LNrHea66YWBTd/zSaHF5KEaobbhuhwBjb1bqFcGj+zGRW7O7zQLR9W35bEIS2iGgRejVcAHiq6lHx40yUXnAVPIkiWPqq8aSVhXc+gqq1O9CQXQxXeS28dS719Fjz9Ng6hlCxquiwEhXN+5uMCXxvJvCzwPeCILRFRIvQK1GOnwqixoJK5D//NmoOH9OrxhsR67rxmDQNe+2H8pPOQOm436P49geR/9TLyH/7M5ROnIeKZRtQsy0bjqJqeOvdaiyXNgqi+X3bGhiGtyijz8yfG2uBS8a8boa3W33W3nZB6AuIaBF6BWZHzhXsfh57ZV0a8q+5Da6Bg6jQkv4rYi3mj42DjyekTBwA98DBqB86AlWjRqPkmF8hf+xVSLv1IeT+833kf/ozSheuQ+X6DDTmaxNSNrkppQWqBvXeECrah1aixgpjv5ZvahjvzdsYq30Eoa8gokXoFbBQUc6b/nmqG1D+y3wUn3WRGu1VmoPEdmfG/E2Gca2MJ6YfGuMSUMMTUh56HAp+9VvkXv9H5D/2Igr/8w1Kf5qH6uWb0LgzD878Cnhq6uFrcMLv4vmb/GpaCENRdCRg+DP+VEvD2n7m/bXP2mJsb+9zQeiNiGgRegXstP08M3NGEYr/+Q4qDh8T1bMRi0WGmYUMv/fpE1I2JA5CHYmZioOPRvFpv0XeuN+j4PYHUfLkv1H23lcomzALVQtSULt+JxoyC+EsqYKnjgSN2wf4KLVqf23RNwaKlt3B+3RmP0GIdkS0CFGLctR8l0rGg8VVLVmH0utuQ+PwvfvM3EFiPW9q/iYyL4kZZ/+BaKD0V3PgYag86gSUnn4eyi69HiW33EuC5iUUvPMZSr6bhoqFq1G9MQ0N2aVwVzXCT+kXpGcCCRQiRno3RIrxubYeuLcg9D5EtAhRidk9e2ocKP5yEspPPks624pFlPn7xagaP06XngGD4dhjOBr23IdEzaEoP+40FFxwDfJvug95z76Jwk8nonROCqo2pKMxvxLeWheJGVIyAVpEEy0BL13ICEJvR0SLEFWwc26hCe7KRux86QOUjBqt+q9oA8ZJp1uxyLbAZieurWmkdFs1eDjK9zkE+Sefi+xxNyLnnqeR/+p4FP0wBxXLNqFhVwHcJbXw1bOg4b4zvlZ9ZxheFQEj9FZEtAhRTWVePpL++zG23vsICq+6CaW/Ph+lY36FqgMPQ93I/dA4aChciQPg4adF9MIhsAARE4sEMwsZQ8xw/xlnbDxqSMxU7HcISo8/A3kXXYecWx9Awd9fQ+n7X6Ps57moTM3SOv82kamXCBehdyKiRYhqeGAw7uDoKqtFfVYRajeloWzZepT+MhdFH3+PwufeQOE9f0XB1beg6NxLUTzmNJTtewiqh+2Nxv6D1CipLGYCCw1zYSIm1uMWoxuts/D2Urp1Jg5Ew5ARKD3gMGx/+R24axo5R+iCRZqLhN6JiBYhagjshMgENhep/7Ro8jXB7/LCW++Aq6IGzrxSNOzIQfWKTSj7ZQGKP/sZuS+8i8y7Hkf2Zb9HzmljUXDwMSjbc3/UDhwKN93hipgRiwZzDByEgn+9C2+DW2UBzgWGCUJvQ0SLEHVYOePAba2ddtv7TiV2ePR2lx/eWjcacitRsToVWT8vRup/J2D7X17BjmvuxM5TWMwci6pBw9EQ3x8evb+MWciImBHrKeO0Vzd4KHI++oHSstZp10jtrQW9IPQOKNULQnShHLLJmOalhaO22jdwr1bf85KYcfrgrmhAXXoRqjakIW9OCjI/nYgcrp35819ReMWNKD5jLMqOOhFVB4xG/Z77oHGP4XAlDoQnLkGN52FVyIiJhdJYtFTtcxDypy/VHpmmZKyl77ZCXRB6AyJahKhFc84txnQoWjr4zCDwfTO8kZucnF64qxvRkFuGmq0ZKF++EUWTF6Lwg2+Q+8LbKLj3byi47nYUnn0RSsecioqDjkT1iH1RP2gY3HHx8JKYkc7AYqG0kqNORvmaHc0JNzANW6ZnQYhSRLQIUYkhQKwcckdO2/jMvM2Aj2n+3MraQBu5/wwPbuepdcBZUYPG3GLUbk5HzfINKJ+yEEUffY/C599Bzn1PIefqW5F7+ljkH3ocKvc6APX9B8PJYkbvZCnNTWJdtawzL0Z9VolKv9pk1VLHIvReRLQIvQIlOCxqUgJR4sMkeAxjAt+bMQuaQFqOZyos9J15DA2/1we/2wtfvRvusjo0UgFTvT4NJdOXI+2D77H9sZeQfsPd2Hnmpcg68hRU7LGXekSba2SMWhlDzIioEWtt8dh5+c1wltRqaU5PegadyROCEE2IaBGimmActBIgFiLEeG95FH2j5f7Nx9OO2RbTdn3F+A7fGvOswd46l5pFuHJDBgpIzGz90xPYfu2dyL7vaaRfeQvyTxuL0iNOQOWoQ1A/Yi84B+0Bd+IAeLn/TEysNDn1UeNxXNIe+xe8JIhVejIR+F4QegMiWoSoht1yoGu22haIsY+xn+HgzdsCMT4zf968jUWIvm6m+XP1rjXGdwJxV9Vjy/MvY/M1N6Ns9S405lWgdmcuypZtQOHEucj/dALynnsDeX96HIXX3obC88ah9LhTUTn6aFSP3A91Q0aoMTx4LA8RM73XuMbNEReP9He+QZOnPcGs0dFnghBNiGgReg1KBHTh7tK8p9X3uuLoA/flIkR7tYW3GWbQcu5NaMwvQ/5N96Bi8BCkPvoCnMXVxk7a+DNunxpQz1lajYbsItUhuCppPcqnLULxJz8g/5//Qc79TyP3hrtQfOaFKDjyJJSNOlSJGUd8fzUGjVWzU2ChKBbZxnFWucdIZP44TyWmVukpwAShtyCiReg1dNU5W+0fDidv/EZra+lEWZOeh6KLroEvNhaVI/dFwUffw9eoDRzG6Au1L7cvqSUJGr/XD5/bA5/DBU9tI9wkahxp+ahK2YqSqUuQ99nP2PXs29h180PIvvA6ZB1zGor3OgjVg4apeW9kDJroMo6b/P2PQOmyTXp6aEGJYF5qbwWh10ApXxB6B5qb7jottRyak9/dUYx9jP2M73ZE4P7Nxu+NbepDoHL1NhSfeg78MTHwxsQh5+Rfo2zRam1uGX1/RvuO/j0TVtsUvFEfg8ZVVo/anQUoWbIRBT/MRfZr47Hrgeew69o7kXXa+Sg6/HhU7rU/6gfvAfeAQfDGJ8IXF0/nFGtZgIr1hMUg69jTUZtW1By9xtIwQehtiGgR+jxc+HcFrUCwEgsdFxTGZ4ZgUeuG8Xv+8/lRPmsZKg47trkJx9l/ELJuuAt1O3O0fdQ39e8EwFtaTH8F7Gf+fUatebXOwI6iatSlF6Ji9XYUTFmE/I++R+6/3kXOnx5H7rW3oeicS1F+3KmoHn0kavbcDw1DhsOVMABeNSGljEETTuOwTr/k93CVNzTHY5u41peC0FsQ0SL0eZSz11a7hFH4txEAu8G8j/Hbyug4fo8PJV9PRvV+B7cqnKqGjUTOky/DU+vkrymM75lpOZ5+bvp7A17XmqFaLJDm7/Lj2h6/mtPGVVGH+uxiVG/NQMXyDSibvABF//0fil78Dwrue1IJmvyzL0bJmFNRciAJmj1GojFxINwkZIzRgaW5KbTGYZt22yPwNXpbRWRgerSKY0GIVkS0CEI3MAoIVcibCouOUAUJ76vvrt7r5nO4UfTax6jbY89WBZS3XzwK99kfGV9MUTNbM+bvWdHyOb80mrfx+erbjc+Y5s+VmT/RUFvoHzdV+VweeBqccFXVwVFQjoZduahduRWlU5eg8KMfkP/c28i58zFkXPJ7ZP7qtygcdTgqhu4NZ0J/dU2GiBEhE5w1kChMf+4dNVKzFi0tMWZOiy1rghD9iGgRhG7ABUIwhUKgyDHWPLUNKHz8BTj6D2pTSKFfHLKPPAXlKzZr1SW7wThmR+dn/ozXNWt9bmaMfVRtTfM+FvvqOzU5/ar5oja1COWrU5E7cSF23v4o8o86BRX7jUbdoKEkYhLhjYtHU2wsmmK4ViZGhEwnrHqPkSj4cnJzeJtFiyD0VkS0CEI36W5B0fL9JrhKq5D7h7vhjktoU0hxM5GbCvbs6+9A3a5c1XwTLFbf5G2B29u8Z7GlrwdifKZ93rJmwJ9z81dDbjlqduShamM6yuevRsnXU1D40vso+tPjKLrmFpT/+nxUH30iag84BA0j94NzyDBtIL3YeOkzY7KSUYeibFayHrj817FoaU+ICkI0IaJFEHqQlqJdW3NkFSPvgqvhsyikDKsevhdynn5ZjdNifF87Rsd0Zp9AzMdvtnaES/NnAZ83byNrOYj6SFvlvjP6RJSNeWWo3ZaF6hUbUfbzXJSM/xFlL76LkgeeQunv70L52MtRftxpqD7oCNTtuS8cPIie6jdjHVa92QrGUDis2q4C0QhzPVgVxntjmwp/QYhyRLQIQg/CRY0qSvTypHZDKgpOOafDGgUetr/4iBNQ9O10rT9DJ8oi3sUwM1bbAjF/t7VZFJSGQOF13axo+VzfnwtU8878lgfS8/jgrXfBXVkLZ0E5HKl5qE3ehKppi1H25SQUv/Auiv74OArH/QFFp41F2cHHoHLoXqq/B3dU5XA0953pLc1OfF15545DY3qhFlZ68CnjN8a6bmYC3wtCNCGiRRAiAKOgKZu/CoWHn2BZUJnNQ8Il8+RzUL0lW33P+H5naF2oaQKjq7R8t/1vd3R89Rmdh9msaDlX7Wj6G/5A1dDwI+JNLi+81Q4SNVWo3pSFklkpyP/0Z+Q89Tqy/nAP8k45D0Wjx6B6yAg0xmozake7mPGQZf/uLrjLapuDxKqbkx5irbDaJgjRgogWQeghVNmrrRLaWsn3M1Gx536WBVWgNfSLwfbf3Y3G3PJOdcxlrERCZwuxwO/y//a+a3xm/rwz+xsE7ke/ql7qz3TuGqb3apX+cSdgnoiyVpuIsmZ7HkrmrkThV1NQ8MZ45D30LIquuBGlZ4xF1ZEnoGHUQXAM3wvuwUPhSRwAnz7LtlW4R4I5Ewag8IGn6foa6WpVyGiXLgi9HBEtghBmjAKmdSFD7+gv9+WPUD9giGVB1dr4KZs4lA4cjKzn34GrtCbwgJY0/24n9jVj7N5asGiFZXuYP9P2b73NwGp7y/56gRwgmJjmfdqImADMH7OY4bFn6l1wFFejdlcuqlZuRcX0JSj+8FuUvPCW1n/m6ptQedYFqDr2FNQcfCTqR+yjBvlzx8VHxCB69YOGofCf76opGygAmi8xMIwMdhtGghAliGgRhDDBxYZRqFgVIU1uP9IfeBauLgyV7+8Xi7LDx6Domymt5idqD3UOunWV5nPXz78zxwncVxltMzC2BWLsZ3ze+ndbtgcSuL3Vd/RjtIE3cWdgN/efccJVWQdHbjEatqajNmk9qqctQvn4H1H6z3dQfN9TKLnmVhSfeRHKjjkF1XsdgMb+g+GmOAtnE1P13vujePwE+D1edW3t0f4nghCdiGgRhDChCs/2Ck7CW+dB5jW3w2tRSHVkLHKyf30+qlK2qMLXTsJZCBph1cpM261QnyvTPm/+jr5uYGwzMPZTtP5Ae7rJ64Pf5YGvzglPWS0cmcWo35yJinmrUPTlFOSS2KwetnfYhEv1oUejavpi1VlZe7XFapsgRDsiWgQhDLRXqHBXFK++7iioRubZl1oWUh1bPGp4dNQ7HoK7pHPNRMESikPzMTpzHGM/8/4dCRYDTYBoBbmxv7aNj2MsddOPZbwPRNtf30fft/XetKS/yvXpKB49JiyihZumSo4/HZXL1pOg0mb5Ns7IvC4IvRERLYLQA7QuZLQipmpjJnIPPT6Igk/r31Ix8gDkvfYpPDWOiC61OntqLWHU2jpDK7FiGG83WSCBn7V8T1saqH30z9Q7+iuelYyaIXuGRbT4YuJQdN441GzLajk//bz8+ntB6K2IaBGEHsAoZLTCj+tbmpA7YwVK9joo6IKPO4gWHXoc8n+apwZriySM6w0XzeEbaEpotE/gvs0W8BnTvO4DCsb/jMa4hLCIFm98Iop+dyca8sro97VzY4zzMd4LQm9ERIsghAnLAlBtI9Hia8LO975Dff/B3Sr4PLEJSD3trE7PTxTpcPgYmNd3R6swNtnuMOKozbrxXr1rjd/pQ+aTr6qRea3iJNTm7j8Qufc9CWdZTatzNWN1noLQGxDRIgg2owo8bbW54DPeG7rC7/Jj5z/+A1dM9yYL5O+6Egcg+46H0Zhb0itKr2AvwQhns3UG834qvgLMwFh3VzUi7w93W8aHHeYctAdy//GWemzb6nwYXmt5Jwi9BxEtghBGjMIksEBxVzmw69aH4YuxLqi6Yn6646/a+wAUvvEJvLWR3b8l0jDHT6AFwvKTXw05pSi44Jpuic2uWP2ee6Pw84nqEe2Ws9AwCxdB6I2IaBGEMGIuUsyFYX12KXadc4VlIRWMeWLjUHDSWSiemaT6XAhdw4ibQDNjyIXqDakoPfZXYREt/BvV+x+C4hkcr9oZWZ2bGREyQm9CRIsghBmravzKdanIP/zEkBZ8roT+yDzvSlRvzOy4VGtGCjeDwGaX9gp+HsOlct5K1O57QNhESxEJpNJkvc8SnRafWXsx19G5C0I0IqJFEHoIozDh/4VL1qFir9AWfHwsZ0wsUu/9O5wl2sR6HdMLeu7agLngb/Ofgqxwwmw0DB8ZNtGSc/alqN2Zq52T9kfWWpy0rAlC70JEiyD0AOZChUc1zfnfdNQOGW5LwVc8fARy3uDxWxr1XxQ6gyYGWqPe6xtZJPicXhS/9hHcg/ewDHs7LOOa29S8SYZQCTxP4715myD0FkS0CEIPYC5QeEyV3Nc/UU/9WBVS3TVvbCwKTz4bJdMWw++yY/wWvpreWUtjjicrIeCpc6Dwry/C03+gZdiH2vix6oyHnlNPDvHZaK+25xX4XhB6CyJaBCFMGIVLYCHjqXUg+/F/whefYFlQhcIcif2Rd9VNqN+WpX7caFowMJ9P1+Fvd+8IkUzrZpgWeLuzpAqFN98Dr41xZzYHi5aXP1aPyNMJ7Dbk1bkLQi9CRIsghAmtgNEKmhaa4CiqRO4Nd8IfG2dZUIXKqgcOwi4SRzwYmn4ybehqEWe+pnYOuRv4G5FdS6OaYEwCoUUINKEhowCll1wHX2znZ+YO1rjpsHrQMGR/O5OCTDsnM1bvA7cJQrQjokUQbMYo6JRpm1qgDbW7clE09go0xdhb8PHs0SV7H4S097+Du7gKnpoGeBtd8Lu9aPKScOCCUD+tjmi7j/Y9w7pGcN/qUYzTpfis37ATVb862zK8Q20sWor2OgilSZv1E2ihjWDRl4LQ2xDRIghhwOquV72jf1Urt6D0xDOoYLJ/GHg1Q/ABRyD/mltR+ODfUfTPd1H8+USU/TwXFUkbULs1Aw3ZxWqIeG+DC00eFjPqdJvh8257Ja23dBaWO9orOjDiUMWn34/q+cmoOfJ4y7AOtbFoyTzmNNRsz9POQf1vS7SEpSAEg4gWQQgjXKAY5qf//ORQ+ezlqDz0GMuCyi7zxsTCmTgADYOHoXrvA1B18BEoPf5UlPzmYhRddRNy7nsKec+/jYKPvkP+pIUoSdmCurQC9dSKp9aJJjcpmeZB69oWk4ECzcBiT7XNeu/dE+z3gkWJFV6S+T0+VP5vCur3PcgyjO2wXWOvQWNBlXYu6r+2NEwQejsiWgTBBjoqQJoLGSoAeSj24q9+QU0YC76OzE9ixhcXDw8JGtfAPdA4dASq9zkAZYcei/xfX4i0y29C+v1/R9pr45Hz/WyULlyL6m05cBbXwtfg0WpmOkQPmeYA4v1bQqtlbfcYYdieQLKD5t+kpc/pRsmbn6Jh2EjLsAy1eWNisOO2x+Ctc+tnoqHOSVsVhF6PiBZBsIH2ChEu7ozPeHZnboLJe+NT1A/f27Kg6mnjJolWFtNPzY/Eg9bVDtgDhfuORtYRpyDt/GuRduN9SH3yNeR+MhGls5JRuXI7GtKL4C6rg6/eqQp5rp1o8nGTk1HUaqJFvXQx0FXCLlz08/Q2OFH61MtwJYbncWcHhfmOF96nH245D7U0mSD0dsgLCYJgF6owMRWorQuYJtUZtvAv/4JjwGDLgipSLVDMcF8ZD1ljXAJqBg9H2V4HIu+YU5F35kXIuu4O5N/3FApfeAcln/yI8skLUZ20HjVbM9GQVwpXRR28JGp4DBluLtMDpxXmTUbYtd0WTvzwVNSi5OZ74bX5qS/DagcNQ96nP6uLtRJpvCX84SAI4UVEiyDYjLoz1+/OWxUq9MZZUon8W++HOz7RsqCKdmMxw08tuej6GgbugdqRo1BxyFEoPe40FJ57GQqvvx2FDzyNvOffQuGnP6J42mJUJG9G7fZsNBZUqv4zPodHEzOt0N4HhqfdaGJB+yF3fjlKL7tBXaPVtYfWYlCx90EomblC/TafgnG5gaJYEHozIloEwWa4IDEskIa0fORfeLXqr2BdWPVO44LeFxMLb1w83P0HwTF4KBpG7oPqA0aj4piTUXD2Jci68mZkPvgssv71HrK/nIxi7j+zNQf1OWXwVDvQ5KYQbdOFpr2QDg3mozeQsCo65ZwwiZZ+yD/qFNRsyFC/rYnglus0CxdB6M2IaBEEmwksTswFX936XSg55TeWhVRfNKtmJxcJuprEgSgZMQrZhxyH7F9fjB2/vxfpf3sNuR/+hMJpSahalwZHXiWaXDy8fehRIkEXBoZOqlm2AZWHHG15HaE2HxkLOWdeufptTbJ0LFREyAi9EREtghBmzKKlcsEqlB5+nGVBJaZZoJDhphIuxJ1kdf2HoGL4vig45Fhknn8N8r+ZrpqT7MAQAYZYKP1xDmqHhacDNT+innXNbXCX1zcnIH0hCH0KES2C0AM0F3zfTEXVyFGWBZVYx9ZayPSDJzYO+aefj4r5a9Sj5KHCEAdmYwre+QqN/cPTgZr7BGU9+Ax8jW408ZNX2p9mzWJKM0HozYhoEYQwYi5g+F/Oq5+gbsgIy4JKrOvmocI9/8pbULsx3aK/S+cwF/7auvGuZTs/dpz/xIvwxNg/5xBb/eBhKHzlQ/g9XpWGzOdoYGwL3C4IvQkRLYIQdqjQaaIS1d2EbCr4XHG988mhnjLXgMHIfPJVOIq1kWODwSj4NRFgli0a3joPMq+5XY1ZY3UOobaqvQ5A0acT0OT16aJFpInQNxHRIghhQCv8Woz/++qp4Pu/e+ANw5xDfctiUD76GBR++hOJC6cK7WDoqNmlsaAaWWdfZvHbNhgJo/LRR6F86mKtaYgwn5NxnoLQFxDRIgg2oQoW/a7YXMgYOKjgyz5nXNgeme1L5o3rj7KzL0HVojXBNxOZxIC23hKLlRsyUHL4Cc39aew0Th+lp5yNmpVbmhORcWYqfYloEfoQIloEwQaM4k0TLdZUbchE7pGnWBZUYt21WLj6D0LOTfehLq1ID/HgaREHmhUvWIeqoXuFRbTweDZFF1yF+tTc5jQlCH0VES2CYANWxUpLkadRsmgDyvc9JCwFX9+0GNQNGoacZ96Cs6RWD/Xg0eKO/vubkP/xRDQkDAxL3PFoyYX/dzecBWWq0siQwR0JYkHorYhoEQSb0Qo7zfz032itSP1qOuoGDBHRYqNx2FbtuT/yvp4GXwPPjhw8hkho8jZh1/P/UXMt2R133gQSLKeNRf53M9UEjUY6YkSyCH0RES2CEAaMwqa5wPE0Yesz78AZlyCixWZDTAxKzrkM5fNXwu/Wp0gOAkMkeOvcyLj9EVv7IvGxa4fvjZwb/oiieSvhrXepxMPnoL1a0pIg9CVEtAiCTRh9D7QCpmWd//nq3Ui95WF5cihM5hq4Bwpvuhf1O7L1SAiWJjiKqpF/7uW2iE0+ppeEbNlRJyH3uTdRvT2n1UB50p9F6OuIaBGEEGMUK6o5wWhS0DY1L53FNdjx22ssCy4xOywG9SP2Re7z78BTE9xj0JpgaELNtmyUHXZ8yEULH8/Ho/qeeRHyv54KV2mN6j/TWvwKQt9GRIsg2Eh7ooVnK04bc2bICz6xjiwWZYefgPwf52kzRHcF2t2IxwqeKHGfg0IbdzHcaXgodv3ffShctB4+p1f7TV34CoKgIaJFEGzEKOgCKVm4Vs1aLKIlvObrF4P8sy9BefIW+L2dn59IE5/08vNEibPROHiPkMWdJyER5UecgKzn3kZdWiHAp8WCRftpQRBMiGgRBBsxFzzN61TwZX8/G+UJA5oLLi4ADTMXaGKhthi44xKQc/vDqN+Ziybf7qWBuXnG7/Kh6K3P4B4w0OLYXTfHgMEouOBqFHw1uVvTDghCX0FEiyCEAS7wtHt1XmlC+artSLv5fuSdfzVKjj5FjddSO3AonFSo+vQCTYSMfVa/1/4oevE9uCvqOEbaYG6SMYsWT60TRQ8/C198guVxu2I8OF3GrQ+hcukG+Bq0p4MEQegYES2CEAa4PGoWLbzOBaG7CZ5KB+ozSlCWtAUFP85H7sufIPOPf0XWJX9A/rGno3jkAagZMASuGE3MmIWMiJnuWAyqjjgRpRPmwO9p3UykmoLY9PcGvM1VXofiW+6DPy7e4pidM36cueCgo5H62mdoyKnQEocgCJ1CRIsghIm2ZVOzhNGNoPLT1+iBu7IR9dllqFizE/mTF6Hwg2+R/deXUHjjPSi66FpUnPhr1I4+Eg177w/HsJFwDxwCD93985DvMpdRZywG7vgByL3oOlSv2qGe0gnEFCvN1KXmoXTsFWiicLY+bsfmGLQHCs4bh8LvpsNT7dCPKghCZxHRIghhom2xaKAPzq43QzSj3tI//vM2wefwwFVRj/qsYlRvTEXlwlUo+XYqiv/zBUqf+jdKb78fxZfdgJLTz0PlkSeidp8DUb/HnnAm9Fejt4qYaWuOQUORd+9TaMwp08Nbg1dNb7W4ob+aNdtQfvKZ9N2uja/DYV81cn/k3vkIypdtUKPbCoLQdUS0CEIEYBSQgcJFa1Jq/lRrtmDjd/SPO5L6nB54ah1wllajIbMQdSRoqhetQuUPM1Dyzhco/tu/UXTzfSi64GqUnHQ2KvY/DNVD9oQjvj+8MTGqQO3LzU51e+6D7Fc/IUGo9W8x4qA51PUwZ21ZMS8ZVYcda3mc9swTG4fio09G7isfoT69sE1zlCAInUdEiyD0AEp0aKutsNpuvDcKU4Pmd+pLLGQ0MaPg9z4/FZBe+F1u+EjUuEtq0JhehKqUbSicuADZb3+F3IdfQPbVt6PghLNQesCRqjOwIyZOPRrMBW7fEDKxKBt9DEp/mU9h1TLMvxGe2pJeXj9Kv52C2n0PsjhGW+Mwc/UfiJyLrkfxtKXwNjq1uBIEIWhEtAhCD2AUhmo9QIxYofax2o03s0BRooXfGsu2pqCV5t/jdbcfnmonGrLLUbF6JxWuScj/6Edk/uUlZN36IIrGXonyY05B9UGHo3HkPnANGQYPFcTe+ES9/0zvmIbAF5eIoguuQXXKFiX22qLVaJW9+SkcQ/e0PIbZ/BQ29Xvujdw7HkF58lY1FH9n4lkQhI4R0SIIPQQXYYbgCAYlUPTvG8dQ29Safnxl+mem3zE+s8QHVcjycPeN+RWo3pqJyqXrUfrTbBRToV3y2D9QcsdDKLv4WlSeeg6qjzgOdfuPRiMV5p74/lRoR6eQcQ7dC4UP/B2O3FI9IFrCicPQU9uAkif+CVf/QZbfN8ydOADFJ/wauW9/ibq0fFVDIwhCaBDRIgg9SLvCwQJNkGgSxGwGVuLH2GIWNgbGtlamXtr3lBnbaAlfE/xOL4mZRrjKatCQkY+6ddtRMz8ZVRNmoeydz1Hy+z/COWS4ZWEe+RaLqlGHouidL+BtcHMQ6dfPYdFE11yNktsegCeu/TFa6vcYjtxrb0PxpAVwVzdogSgIQsgQ0SIIPQSXZ9pzQ51DKzzJmgtSNuO1e5Tw4GWAMeoz7a8V6rfMvxe4zt/jSf28fvVETNnnE1G/X+f6fESi+WPiUDzmdJTMSlFNZ+brdeUUo/SyG5r7+5iN+69UDd8H2Q//AzUb0uDjvjH8JUEQQoqIFkGIIjSRoAsGfm+y3dGyr/Fq+Z46rhW8mX9PX9V+V3/xumH08jndKHntYzR0os9HpBqLD36aKu+Ca1G9KQNNpvFb6jakouSU37R5dNwbF4/co3+F1I8moLGgsiWwBEEIOSJaBCHKMAuIzmIuR5u/r1tHGKLECvV9/TP+761rROFjz8OR2HGfj0g3Fi7uhEHIe+BpOLJL+CLVNVYtXI3yI45v3s8fE4OG4Xsh94obUTB9Gbz1bj1Q1O6CINiAiBZBiEK6Wy4a39/dcbQyWHu1vG8xfbNauEurUXTjn+GOjWslAqLTYlBz8JEoefcreCrr1TWW/zgbNXsfoEQN71N24BHIffyfqF61TfX10YNCEAQbEdEiCH0MJTi6VEtjSBb9u61eLTjzypB34bXNEz5Gu/lJfJWfcjbKZyap6yt+72s0DBgCDwma7ON+jawPv0djfrnqz9P50BQEoTuIaBGEPoQhOrpK4De04xjbtf8N27JQeAIPcW8tAqLRfP3ikXnV7ahLK0b24/9C7eBhSL/2LhTPXQ2/q+VR5pawEATBTkS0CEIfozuFq7mPS/Nx9JXqJetQedBRloV/tBr6xaJh0DBkP/EyNt7zV6Q/8SKquIOur3UodidMBUHoPCJaBEHoEoGiRb2nv5LvZ6FmxH6WhX+0Gvdfaew/GDvG3YwdP89AfXaJGjGXr90wQRDCh4gWQRC6hKpt0dcZJVr8QMGbn8ORONCy8I9Wqx6xD9J/fzfKFq6Ft9YhKkUQehgRLYIgdIk2ooX/eYG8R16AO6Z3zEXEVj5qNLKeexsNGcXaeC3anyAIPYiIFkEQuoQSLVy7YsJT40LGlbf0iieH3P0HIv+Uc5D98QQ4S2o0paILFhEtgtCziGgRBKHLGAW4UYg35FYg59cXWYqAaDEeLK52r1HIufFelCxeB09Ac5AIFkHoeUS0CIIQFGbRUrFmF0oOOYY8irUgiGTjc/bFxqH0yBOR+/fXUbc9G00enndIhIogRBoiWgRBCBqjUC+emoSq4ftGnWjh8/XGxCDz1LHI/3YGXGW1agJIvjARLIIQeYhoEQShe3ibkPf+92hIGBBVosUfE4v6oXsi/YY/oixpM/xOnygVQYhwRLQIgtAt/C4fUv/+Jjwx1uIgEs0bn4CKY05G7gvvoi6jECC9IghC5COiRRCEbuGpdSLrpvvhtxAHkWiNiYNQPPYKFH85CY6iSqjOK4IgRAUiWgRB6AZNaMyvQMa5V0RF01DNiH2RdufjqErZCl+DW5qDBCHKENEiCEKQcInfhOrNmSg65tSIFi38dFDREccj7a0v0VhQ3XL6giBEFSJaBEHoMtrgcn5eQcWitajaa/+IFS2Ng4aiYOwVKPphFtyVDfoFaAtBEKILES2CIHQJo7xXwsXXhNLvpqNh8B4RJ1p8/WJQsd8hyLjnSZQvWQdvg0s/c0EQohURLYIgdImWSoom+F1eFL3+MVwDBlkKh54yT1w8io87DXlvfoaGvHL4PfJ4kCD0BkS0CILQaXiqRHPLiqfGgcIn/glfQqKleAi3cW0PC5b0sdcgb8pSeOuldkUQehMiWgRB6DQsWMw1LY7CChT94U/wk1CwEhHhNF9sPGpH7ovUOx9D2eodavwYQRB6FyJaBEHoFIEzO/O7+rR8lFxwlRpd1kpIhMt4ZubiX52L/Dc/Q31mMZp8rc9VEITegYgWQRC6RLMcIBFTu2oLyk883VJIhMO4OaiRBEv2uD+gePJCuKv0p4MEQeiViGgRBKHTsGBpFi3+JpTPWY7Kw46xFBR2GwuW6mH7IPWRf6JmU6bqFCwIQu9GRIsgCF3CaCbyu30o+eJn1O5zoKWosNM8iQOQd+LZSH33GziKa0xKShCE3oyIFkEQgsLncKP09Y/ROHRPS2Fhl9UN3xt519yKwskL1dNLgiD0HUS0CILQZbhiw1PToB53dgwYbCkuQm08IWPJAYcj8+F/oGrNDvidHu1kBEHoM4hoEQQhKNylVSi55T41LoqVyAiluek3ck85B3lfTIazqBpNPr9+FoIg9CVEtAiCEBSOjAKUXnytGi7fSmiEyhoHD0Pm5TeheHYKIJUrgtCnEdEiCEJQ1K3fheKTz1bNNlZio7vmi4lD1QGHIvuxf6J6U4YMxS8IgogWQRCCo3L+SpQfNsZScHTH+FFmZ+JAFJ59MfI++BaO/HIZLE4QBIWIFkEQgqLkqymo3XM/S+HRHavbYwSyfvcnlC/mmZmdPIadIAiCQkSLIAidgrWDGqNFFxFF736FxkFDLYVHcBaD6hH7IvvJV1G3qwBNflErgiC0RkSLIAhdQs307G5C1qMvqKd6rAVI18w5aAgKTx+LnM8nwVlaC/DDQaJZBEEIQESLIAjtwjUr2qs13lo3Mn/3J3gtBEhXzB8Tg5p9DkTunQ+jdMEqeOtd2g+IYBEEwQIRLYIgtIsxZD//N+sIZ3EdCs66OOgnh7izLX+38PATkPv826jfmYMmj4y9IghCx4hoEQShy9TsyEfu4Scq8WElSnZn7pgY7Dr9ImT/tACuijpWR/qRBUEQ2kdEiyAIXUATFyXz16Ji5AFdFi3+mFjUjhyF7FsfRHnyVjS5pXZFEITOI6JFEITdYjQPqeYi0hn5X0xFXf/BXRIt3pgYlBxzCrJffA81O3Ph94tgEQSha4hoEQShS/CTQznPvgNXbFynRYsjcSDyzrschf+bBmdJtTzOLAhCUIhoEQShS3jrXMi86YFOzznEA9Cl/flJVKzcDr/LY7QwCYIgdBkRLYIgdInGgirkjL1mt7Usvrh4lI4+Bun/eh8NOWX6twVBEIJHRIsgCF2iems2Cnbz5JBj8DDkn381CibMhaucnw7SvywIgtANRLQIgtAlyhevR9meoyxFiy8mFpUHHo7sP/8V5clb4Gt0698SBEHoPiJaBEHoPH6g+H/TUZvQv41o8cXGoeC4M5D7zpdozC1Dk492lhoWQRBCiIgWQRA6iV+NWpv15mdwxca2Ei3u+ASk/vZq5Py8EN46p76/IAhCaBHRIghCxzTRnxqxtgmeGgfyH3tBDRLHYsUbG4+qUYcg896nULU+DT6nV/uOIAiCDYhoEQShDZpE0cRK8zoZj7GSf8NdaIqJgTshEUWnnou8Nz9DQ3aJNjOzIAiCjYhoEQShDZpIoVeAaKlLy0fJeePQmDAAOZffiNJpS+CurNc+FARBsBkRLYIgtMEQKQbqPf2rSN6CZRdciq1/fhrVm7IAr5I2rfYVBEGwCxEtgiC0i9aXpUW0lGXlYOvcuWjMr9Q2qs9aamMEQRDsRESLIAgdYhYkfo8PPod0thUEoWcQ0SIIQoeYRYuqVeF+LnoNjCDYA/fqjmxrVcMo2SFsiGgRBKFLiGgRwgOnMbNQ8EWENTV5tCX9N0wIHyJaBEEQhAglMoULn4uqaWli8cLnJYQLES2CIOwWuaMUeh5DwBipsQetiUSLMhEt4UZEiyAInYLdtSAIGlLT0jOIaBEEQRCELqJEi/4SwoeIFkEQBEHoIly/YpjIlvAhokUQBEEQukizYJEn6cKKiBZBEARB6CIsVUS0hB8RLYIgCIIQBDJmUfgR0SIIgiAIQSCiJfyIaBEEQRCEIBDREn5EtAiCIAiC0G0MEWenmBPRIgiCIAhCtxHRIgiCIAhCVCCiRRAEQRCEqEBEiyAIgiAIUYGIFkEQBEEQogIRLYIgCIIgRAUiWgRBEARBiApEtAiCIAiCEBWIaBEEQRAEISoQ0SIIgiAIQlQgokUQBEEQhKhARIsgCIIgCFGBiBZBEARBEKICES2CIAiCIEQFIloEQRAEQYgKRLQIgiAIghAViGgRBEEQBCEqENEiCIIgCEJUIKJFEARBEISQYBYSrSVF6+1W1hmM4/d60WIOGHsuUxAEQRD6Nkb5SpJCf7XQLDiUBb707QFCpHm7eqd9bjY7sF20mC+qPfPTf6vtYmJi9luoaTm25Gsxscg04+Wnd62t5TP+1FjTv2cSItp7v9qnuQzvLaLF76dL4ovQ3/Oa9tIu0uf3td7WvBQTEwuHhRKr44uJiUWOsTxhwdHURGWvbton5v1aixEf72+81z/30Xav3ws/fWZgCBY2OwhL85AhWpjAy+DPvF66aFoKghA+WpxP23zZHUJ9PEEQQosmPbjM1QSLj4WLnmuNvKvlY+0dl88er0cXLtp27WWU71r5bRYsUS1azJgvxBAsHo+nWbQEXrSYmFgYTHdAxlq3X1a/ISYm1uMGrlXRTdWykHhR9Sz8Ob2McthYsrFY8dK+XlpqdTKml74vY+xvmB2ERbQYF8DCxOfjgNIuxhAt5m3GvmJiYmG0UL+sfkNMTKzHDVwrogSLVkPS0uyjNwcZ+/m1MpuNS+fmz/lFn/P31Ge8r47xXcPswP4+LXTixoUbZmC8t+viBEHoHJpTCq0JghCJcO7kctg6lzbnYSqXuULB3H3Dz+U5m3qn7WMu1/m92ewgrM1DdBm2X5AgCIIgCMFgSBaNNuU1LYx182cdbQs1tosWVmll5eVIT0/Hjh07sGvXLmzfvh1paWlqm5iYmJiYmFjkW2pqqirDjfeZmZkop/Ld7XbrJb5GVIuW6upqzJ0zC8//4x94+IEH8MTjTyh79MEH1fIvT/yllRmfi4mJhcc6k+8C95H8KiYWvWbk3b880XH+N/I521//8tc2+z77zLOYOXMmysrLmkWKIViiVrQUFRXh7bfexuknn4x999kXBx5wYIsdeCAOOuigVtbqczExMdvNyHcHHUh5kCzwc/VZQN5sL7/y9w85+BCVtwM/ExMTiwxTeZfLX70MttrHXD6PPuQQHHboYVreNu0z5tgxeO3VV5Gbm9tKrES1aCkoKMC//vkvHDZqFOLi4pCYkCgmJhaB1j+xvzKrzzpr/P2Rw4Zh4IABlp+LiYn1vMXGxlpub88G9B+grH//Fv/Ax9hnn33w/D+eQ1ZWZrNIiWrRwiddUVGBHydMwB23346LL7oI111zrZiYWITZtVdfg6uuvNLys/bsyiuuaF6/4Ybf45qrrsavzzgDRx9xJE4//XRccfnlrfbl99fQ71x95VWtvmesi4mJhc84T15/3Q24/trr1fsbfvcHXH/9Da324Tx9NZnx/vrrrlff4e9ePm4c/u8P/4fvv/sOxcXFalRcs2CJStHCuFwu5OTkYM2aNUhKSsKKFSualykpK5GcnIzly5crS6ZtYmJi4TPOd8uWLVN5kt9zvuRtvOS8qS1TkEK2Qt+XLXBfzsu8fOyxx3AGCZZHHnkEU6dOxcqVvD1ZHd/4rvFbKv/TUkxMLExGeZrznVH2ankwWX2WkkL5nMwok9t8l/chP8CfLaF8vJj9AO3L5TuX80yvEC184m6PG06nE42NjWhoaFDG6w6Ho9n4vZiYWHgtMD9yPuWlsd34zGp/s7HTqqurwxtvvIGzzjoLL730ErKystRTBUbeZzO+a/yWmJiYvWbOa7yu3jtaf27kTyNvGmbe7nS23cbvXZTHfb1hnJbAE+b3PFCNefRbMzLInCD0LJz7OA9yNS/nR86rRr40cqbah17m7cY2dmKaaDkTr776qqoyZtR+krcFIQLgnEp5kf6M8tgwj9cbMEJ9i6nvqHmKjHKal9oAdcaSMfK6YXZgi2gJPFl2cBwY5gAxXxQveZ9mRygmJmaLWeUxtU13S2wOuqPiWpJly5Kwdu1aVFVV6fvw57Q/LXkeEvPw3wzXorzyyiuqpuW1115DYWGh5W8a8HbjM0EQwofD0Yht27Zh0aJFmDNnjrLpM2Zg2vTpWLJkqcr/XFYzKt/qudwY+r+pyUPGn7M3aKmIaC+vhxJbRIvSXfoJ89IQLB1djLHdcGRiYmL2mDmvsWNSNxNKgGiwSPn6q6/w+9//Ho88/Ijqq+I02qyVUZ5uFi3aNqZFtJyJl19+GXn5+Wq7kd8Df9/wC+ZtYmJi9hrDT/W+8+47uO2WW3HjjTfhoQcfwt13342bbrwZd95+B95+5x01kBw37/I3uEzXMjodw0eCxeOkY7FY4XKd3utewOq3Qo09NS26Mbzk9i6rGhbDaRrbDOclCEJ4YNnBAoRyoMqrnP+ys7PxwD334MD9RuGUU36FTz8dj5rqarW/2ofMmOlVqxjW8iyLFhYrp592Gv79738jnxwjY+RpXiqRRGbkfTZebzYSQmJiYjaYqXxNT0tTneYvOP983Hvvvfhs/Gf48P338cLzz+Oaa67BBWPH4oUXXkBGpvYoc7NRjvf7NaGieQHKvyRcfPpxW+2rbws1tnfEZfjUNaNL5ovR3/O6z08XTe/UXZtNFykIgjWc/9xeT7NDq6mpUSNcXnj+BTjmiCPwKxIt99/zZ6SlparPW+VfkxNkuE8L17TwY88vv/xvdTfHqP1oyca/5+U8z8cxHYvX5CUvedn40vMbw0PxP3D//fj9736HL7/4Avn5+eopIG4yeuvNt3Dmr3+tHmlevWaNKf8ax+H8yzWtWk0Lrxt+QP2GyewgLKLFECTGhRt3Z+Z2ce2/8eLPxcTE7DbOfx4SLZw/2TlxlTALDx5T6fbb7sDvyKmdT3ddCxcvVk8aGPmYCXRKXNPCHXDPPvtsVeNiiBb+DSN/8xrne612p+35iImJ2WXGGtTcf0889ijuuvNOzKKbFK3GU7tp+earr/QxWP6AdRs20Ha9NYS+p92omMpsJVhU45FC7WcyO7BdtPCJB96R8QUrp8UXpr/XXlqQiomJhc8MPB4Pli5digfu/iPu+uOfMHHiRLz11luqCvm9995TIkRzRrrjUutavuUjmTvimkWL9jvGS2uS0hxfyzmIiYnZbwaZ6el44tFHcNUVV+I1yrOrV63CMsr7//vmK/zxrrtwycUX48UXX1RNxc35nb6nbjhozWgeVi/dJ6gthk/QzQ7CUtPCdHQB9lyaIAidhfMg32V99umnOOfss/Hqv19Ss7JPmzYN1117LW699VYsS0rSOu3SXRkLHJ+Xbjzo7kzL29ojz6++8qoaXI77tLQWLS1o781bBEEIB0a+46agJ//2V5z6q1/h0ksuVR1x/3T7bbjoggtxyEEH44wzzsD4zz5TwxY036DQi/vGeGndq5YtNaiGD1D7mcwOwiZaBEGIPAznwkKEq4z/9te/4cD99sN9995Ld13f4NVXX8O555yD0089DT98/50aTIr3V1XGPnJKdMvFS36pcVpef725psXoiGuF4dDscmyCILRPZmYmnlAdcS/AQw89jK+++kr1bfnwvx/iYXp/6SWX4L777lNPDnKeNwQJt5pwp1tltG4IF/6c4X3MZgciWgShD8NOiI1HtJ09ezauv/56HD76UNz4h//D008+iQceeBDnnXsejjvmWLz873+r6mIWOOykVLMvCxa/5rRYtLxOoiWwT4sVdjk0QRB2A2U9vkH5y2OP4sb/u1HdnPAcgeVs5eVYt24dnvv707jwwgvwxeefo6SkRNWwqK9SvtU642uihJ8E1JqGNAyxYpgdiGgRhD4MOxYWH9XV1Wo023PO+Q1u/cPv8O677+LzLz7HZ+PH47lnn8VpvzoVt95yC+bNm6c65BrfbWLhojsto0/LmWdq47SIaBGEyIRFy18ff4zy9K2qCZh9AMPL3NxcvPHKyzjvvHPx4X//i8LCAv1z7eakBRYmWhOxgSFWDLMDES2C0Mfx+rzYsH6DepKAq4Un/PijGs2WhUxtbS3Wr1+vniQY+9uxqkNuZWWl5r6UY9LGamAHpvq0vPoqiZZfi2gRhIhEy3fpaal44IH7cfnlV+CDDz5ARkYGdu3aqfL6J598ovqxXX75OEyfNhX19fWUX1m0GGbkXa51MZqHNMyCxa48LqJFEPo4dfV1mDDhJ9x688346xNPIDMzQ3dS7HSaUFpagg/ff081HT3/j+dVezh3yKVbLDK+03LTwkWipV5EiyBEHEZe4zxN+ZZuMvIzduHFp/6GS8aeh9tuoHz97DN45umn8MjDD+NaEixXXnkl3nzjDWSm74Sf8rf2PbYW0aJ5B+OlfyKiRRAE+9DcTn1DPRYuWIDPx3+C+XPnkPioo+26IGnyKDGyfesWfPXV1/jll0koLi6Cz8ejYuqChYf0FtEiCBGOJlqamtyoLi3Gsim/YPxrr+CDZ57Cp6+9jI9ffwXvvEL22mv4/qsvkbptEzzOOpW3m7xk9D2jVlXzHNpay0vL1yJaBEGwCXYqfvhJdFSVlaKUxEhtNU+OyA6KBYvm4PhOy+t1oIw+Ly0pgcfDTxPon7NDY6P9Ghrq8MrLL4loEYSIhPOcdiPidzlQw3k+PxsFmTtRSFaQuUtZWUEeXI46ujHhwSS1WlRtriFabx6+XxcpzS/t6CJaBEGwEXYqRo2K7pyUYyIjoeJXTwlxR1t9m5ccFxvXrtB7eqN9h0QOO7KGhlq8/NKLOD1gnBYrRLQIQk/AYoJHwDYb523Kx6o2hUUJ5WsWN/qNiVY7Y+zL2zTTfANbS142Cxa78riIFkHos+iiRd05sSPSHZh+ZwV9YjQWKuCZXVnIGILFr+/LtTK0jb9vNA8ZszyLaBGEyIPkhP7yax1pSYD4eA4h5QtYhPD8YF7VQV9rBtZMG8Weh/tvES6Gab5ERIsgCLZiCBZtadxNqTsr1USkvW8igaIEjBIqulhpZVqVcWNjg4zTIggRDeU7lfc0ceKnPO1vztOaD+BtPp9bGc/orPkInhixRdQEmogWQRDCADsVTbRojscQMGyGszK2GQ5IEzgtVcbGfjzLsyZaAuceskJEiyD0BHr+5vyu8ryWj5vzu94cZJhxQ9L8vQAT0SIIQphhx2I4IV43vzecVSC8D39mmOacWLRozUMiWgQhMmExwWKjdY1Js4hprlkx+wDz+9amfZ/XNUS0CILQA5iFC1ug8+H37KyMmhbtcxYtr732mjQPCUJEouW5QGGhhuXXTYOX5vxvWHvihbdbH9sORLQIgmBBoOMyo31m3LEZyNxDghD5cM6zMmus9mQz+wY23kb/RbQIgtBzmJ2UGW1boGMS0SIIkQ/l2nZeRs5ua22x3sPwCYG+IZSIaBEEoQu0dVAGIloEIbJhadL+S8vdgdZSj7J7DJ8Q6BtCScSJFjsvtiN64jcZnubf4/GE1bxe7ovASdF+ent88uynPA+PVTjbacasrKGlM2HWsk9L3GrbIkW08DgSPRInPZDOGR9db9iM/BUbh29P5Ou+AudvFdZWcdBd4/gzmfE7HKf8u0aONkzrydK5uDZ8gmF2EHGipay0FHOnTcXqGdOxgZZbydbbbGunTsHy2bNRXlGun0V4cLtcWDF7FuZMn4aVq1Zi+fLlWJmSgpSUZLW0w1bR7yycPw9ZWZn6WdgHFx5bN6zHvF9+xjqLcLfLVk6ZjI2rV6vMaCecKbfR78yYNAlr1qxGMsWbYVZhHypbtnQpNm/eHOLrM7dNm52N8T7QtIUmfrXvRcI4LXzUVXNnYwaluZUrU5CcvKI5PmzLVytXYs6cOUhLS9dOIoxwGphP+XnFiuVkK+w18k+8XLRoET7/7HPUV1frZxFe+JrTduzAxuRkbKKwD5etW7sODgdPYWEvLioX1q1dg6WUz9vEQQiMy5lAS6G88r///Q9pqal0BpyLtHzNa4Z1BrNgsSuPR5xoSaVAe+buu/HVUUdh/f77K1ujL0Nta8n42Mv2H4XPzvst0qmADSeO2lp8fedd+PTOO7Fr2zbk5GQjNzdXWZ5dlpeHmSQIOfHaDSv3SRN+xDMXjMWCgw/GOgrrVXq4W8VHd82Iz+n7H4Cfn3wKbjeP1GoffFey8M038d5552FDygo97nLsjT+yVatWqUIytNfHAki7pzJEiNl5tTXDQRnf0Z4eigTR8s3df8K748ZhCwl0c56yLV4oT02ZPBkLFy7STiKMOJwOvPfee8pvpqWl2Wq7SJTt3L4TE158ETeffgbqa2r0swgvXKM3/V//woYTTsC2Y48Ni+0k++73v0MWxbXd1FK5MH3GDKxfv94yHkJlqWS7eD09HQt+/B6PUxm4LmkZnQHnIsMfdC2fmgWLXXk84kRLLiWKuXPnYt6/X8T6uHj4YvrBH0vGyxCbr59mjtgYLDjxJOSSkg4nztoaLPy/G7F00GDMfvGf4GF8NPdvL1zo8R2i3Xi9Pqyg31oxaxZmnXsuqims/RTWVnERCuO45GVmQiKW/OWv8NouWnxY+fobWDV4MH7+7XlUQOY0F/V2wY6AC1++2w2taDELEsP4Sqy2s2nn0iJ0IqOmhZl0221YMWgQFj74AGoqK/WzsxeuhViyZIn+Lnw0Ohrx1Vdf2VpIGMf2+HzYMWsmko46Eh8efRTqnDznVPhh0TL3b39DVf/+aCJ/0tQvHk1xtIyJpfdkaj2u9ZL3M9b7GdtoX/6O2mZxDGM/8ilN5Fvm/eY3SM/L18/CPli0LKa0VElp19441XJu+spkzD30UEw/7DBsJ6Gv5Rb+RERLp2CHvHDhQpUwl739JrbsuSecMVTQ9WOLDal56LgeSpAuSpxLSbTkrQu3aKHESaKlmM5jW2Iilj7zNOpJyPjoDt6ePgsaq1auDIto4Wrc5ORk7KK7wGwq0Becfz5KSFD4VFyGNj59FIcudjjkXPLpN5aGUbSkDxioBNmSiy9G8batqp2Ya5nsIjyixQw7Hwvjv+bmoa71aWHscmosWrIoT2UMGIDkRx9BTU2Nyk925imuYu8p0fL111/bFpYMH5vzcur8uUgecwyqKGy/OOooOJ32N5VYwelsHomWahYtlO/CYSCb3wOixS44Tr0eD7KWJ2HJGadTORiLBYccYhIthnUNPq7Z7CAiRcuCBQtUwvSQU17z9lvYfOABaKSM4lUiI46WdFfdXaNCk0WLmyLLReuLe0C0cPMQi5YiKnC9ZOmUCVOe/TuqS4r1CO9s96euwW3wKWEULTtItHBxUbRlC5KvuRqFVJiwWPTGJKg46HZ8kkPxUhw6WQjR+9weEC1eSpdlJDyXX3cd8jdvgk+JFsq46hVa7BEtjJbmNNv9WWuOydg/ONFih2ObTKIlj9KCl8RsVnwC5j76MCrz85vPVzvb0NLbRItKCXxMCi8u3LiGZcWYMaih/NpIeezzo45UTVM9gYiW4DDHKQv47KSlSBn7W1RQHkFsDGaNHq2LluAx8rRhdhDRNS0cwA3V1dhAwmXLPvtQgcQiI14VEP6ARNVV4++r5oR+8XTMfljWozUtXFuQoArvXSNHYvXTT6GuooJSgBc+GyI+3KKFa1o4AfP7gg3rsfLqq1FOwsIfq9WO+KhwsYqjzpoWl1ohxVW6BT0gWjgd8e8XDqS7+2uuQa5xzbRPqKWnfaKla7Q4Ju36Ik20cJxw2soYNBgr7r0HFbk55K95ttrQ3wz0PtHCI6V64fK4sfGXX7CKREo1hWkTGd/kcU0L/3ZPIKIlODhOfZT+eeLDHWtWIfmsM1FKgoV9J8jmHyKiJSjMosW4cAetL3vvP1jHfVwocH3cNhmQqLpqRkHHbZk9L1r4nLRrc5Ew2zl0GBY+9yycVMirCatCHPnhFi3cSdCIS96Ws307Zl56CWooDriGiZt3rOKoK6b1T+LjJKCwB0QL6Le5icpDcViSkICpF1+E7OxsumYuIEN7bx95okUj0kQLC1huhnRTnsoZMgSL778f5aUl5LS591hof7fXiRZKtx6fFxumT8eao49WTfR8U6WFZ6yIFhuxr3mIhagfW1evxKxjj0VdXKyqoWb/y9e3sLl5KHiMPG1X3mYiWrRo0IWTOnRTATHlvXewmZwPNy1YJayuWESKFlp6Y7S7w01UEE5/4fnmR+xCmQB6QrQ0Q5mGLTMzE5POH4vKuO7XmrFFimjxUjz6acmCbBoJF1Xj4ifhEsL4E9HSMWbR4lOFrVYLxn1cFjz+GOrq6tR+ofzt3iNatDjh5oNdCxdgGRVuDbFci9lfr+HWRKCIFvuwQ7SoOCV/nLoyBfNOOUXdHLf4KxEt3SJQtPBle9npUwHhpkBY+85b2D5qlAr0JlVQcNOKdULryCJRtPA5sWPgfjs+upth4ZLyzNOoKysN6X1hT4oWSsqqyYQTdF7qTqy86iqUkvPRmuqCr3UxRAsoHHtWtGiOgM+Fa1yWX3ctijdvUg5DS83dR0RLx7QSLbT0xHDTK+erWOwaOBDLH34INUWFKi2GKk6iXbRoIaH993k9SF0wHynHjSHxzSIlTgkV7n8moiV6REtLnJKv4hruZUuQfO65qIrjLhYJcFJ+4JphES3dpG1Niznwm+Csq8Wmd97Glv32U07IKOC5rdUqsbVnEVnTQuejGQsxLvz6IW3ECKz5+9OoLStTwk09WaR/P1h6tKaFMOKSE3Xxxo1YRcKlmIRGi/LvWlyyRUpNixZ/vNREaDHd3a+5/jqUbN9Gl8x3sBSH3czMIlo6JlC0GKblqRjkUPpI+fOftT4uTT4VJ93NU9EuWrj/oI/CwkWCZdukX5B85BGop/TLedG4MWxpHhLRYiehEi3cMG30qUtNScaqc36DChIsHJecF7gWUrtZFNHSLaxEi4EREI11dVjx7rtYP2iQev7eFxNPCatrd+iRKloCC2xWwqkkXJY+9ywaKEyafB4lXrpDT4sWA45LvgPI27wR8664XDWpqMxEYWEOg85YJIkW83lxOitJTMS8y8dp47jQd7gzaHcQ0dIxgc1DVnGSN2QIltx/H0q5xsXn7XaeivqaliYP3B4v1k+ditXHHINGC38qoiXKmoea6AZX78My75STUR3QFK+VgbwU0dItOhItLfjh9vtVH5d18fHgPi7myOiMaREW+aKFxRgX5DyOy4wXnodbn/OjOwkiUkSLBvf38CErKws/0p1AOTnErsYlW6SKFq4BZKdQQesTx/4WOXSd6jFhir5g41BES8fsTrRocRKPzAEDMP/RR9BAN0Gqw3Q3ziVaRQt/zxjDZseCBVhGYoQH2/T2G6DCyRxuIlqiQ7QYccp96XauWYVZY8ZofVgCbu5FtISIzogWru5iBenxN2Hl229i8957w0GRokVGoIOytmgRLZyg+DFvXm4l4bLimb+jvqJcVecGSySJFkraeh8Xv6qJWHLhBSjS+7gYBb45PNqzyK1pYSdPwjM2TnU6XnrN1SjS5w0KNlOLaOmY3de0cJxwP5dYpA0ciBUkXFS/sW6cTzSLFg/dCHEflhXHj0GtKty42T2BwqklzNhEtESPaOGxdbKTlmH5OeegRj11G0vxp3WkNq5JREuI6Ixo4aDQ7lab4Kyvx3oex4U751KEcNMCFx6BhX+gRYtoYdPalLXn6XcNG47VJFyqS0roCCzfut4eH1mihY0TuFaIF27YgOSrr0IRCTStD4J23YFhEmiRW9PCzp7TZSKtxyhBlnL99WqgPZWxVfx1LXOLaOmY3de0cJxwfHHaikUmpbXke+9FRV6uSoucr7raWBRtooX7VanHmikNbZsyGcnHHKVGdebwMPpjtQ0zES2RLFrYj9DtvCoXs1ckIWXsWJQlaGmc03pg2SKiJUR0RrQYcKBwwdhYU4NV776DjVSg87wR3DmXCzxzBAVaNIkWzbTt3IM/deRIJD37DOrruVqbCvsuutjIah5qgas0efj73I3rseiqK7XHoSk++ZHV3dWgRbJo0UzbzumOhQtfnzZXEbkaFuBdQERLx3RGtGjWEifZgwZj2X33oqwgX9XidjVOok20qIHjKK9tmDwZKcccgzrlgzo2ES2RLVq0Gz8/tq1ZpYbmL4+3Fp+GiWgJEV0RLYwRONzXY8Z772ItZSp2VLsr5KJPtLQYPwGxY+BAzPz3v6B16WQn2/kEEqmiRYPj04+crExM/O15qnPu7uKSLfJFi9liUE53+j+ee44SLnzNmnUOES0d03nR0mKc77IpT81/+CHU11TTeXWt+S5aRIsR5vwU4ub587Gc+7Co8Nl953cRLZEpWow4Zdu2ZjVmHH2UepyZ07/VtRgmoiVEdFW0MMbdqocy4sJ338GmPffUx3Gxjiy26BUt3ElOazLhPi7znn9OTXXQlUkWI1u0GPHZpEaUnXvZpShVTUUt1982TKJLtKjHumO5c24M5l15JfK2bVNzFXV2kkURLR0TjGjR+rjEIJWEy8K/PI7GqiqVnzqbp6JJtHC+zFq0EEuPPx513Ok2hn0PN19ah41hIloiV7Sw/8hZvgzLzjwTDbHsh7QmoY5u+ES0hIjgRIuqa1D/3U4H1r/1JraNGgWnihzuF9H6Ua+WCOMIjb6aFq1w1PbfMWQIVj3zNGqKeZJFdrC77+MS6aJFDcPG10KJvmjLZqy89ho13gmHjZ+cq1aTFhgm0SNa+Dq0x7rjUEyOd+V116Fo40ZVQPJ1qwyv/4YVIlo6JhjRwvtw/PHIuakUn0kPPoDK/Dw6Py0+dpenIl20mCc/3D5jupqtmWsxOR12di43ES2RI1o4trU41WoEudPtqt+eh4o4TbBo411ZX4thIlpCRDCixQwHlJpkkYTL1r33BmK0p2/YIbWNMHZm0Sda2DihqVoXvjvcay+s/vvTqKuqVAWpT4mX9ol00WLAccnHUJMsXnWVmo1Um2SRnSxff0t4RJNoYdPOn7/TDwUDB2AFXV9uRgZds197mqoD2SKipWOCES2a8X68fz9kDRqEpPvuRSkJF+7jwpMsdkRkixYSXcbkh5MmYdXRR5n6sLDPMYdB+yaiJZJEC/tGr7rR2b52NZZRnuNOt0ZcdqYcEdESIkIhWticTgcW/+c/qo+L9vRG7xItZuPz3zlkCOb/4zm41N16x80M0SJaDFgcZO/ciWkXXajfHfLTVK3DKdpEi9n43Evj4zDpgvO1zrl090RH137EAhEtHRO8aGkxLqCzBw/BQq5xKS+n8+Swbv9cI1m0UCjDS3lx46xZauA4ZydrVgJNREskNQ+xEOWB41ZhxtFHoyG2rU/cnYloCRHdFS0KDjCfR02yOOc/72LL0GGqYG8bYRzJ0S9ajCn4uY/LzBf+gcaGenX89hJNtIkWbRRZn5pkcdpFF6DMold8NIsWftKNjQXZzMsuQx4JNB4puL34E9HSMSERLfoEgek8yeITj4NH4e6ISBUtvJ3vxlMXLcSyMWNQH8uig/uvdH3UaREtkSFaVJySf0hLScaC005T/Te1R/i7FqciWkJEKEQLBZc25wIZj5y77u03wZMs8vTqLZMsGs4s+kULX49KtGTb+g/Aymf+jrpSHseFaZtwoq6mhTOpGvq+iQr07WquohIqTLQMx0KB4zSaRQt3rub4j0MJnfuqa69BySatj4uWmlvHoYiWjgmFaGFHzqKF89VOit/lDz2I6sJC/RfannMkiRZe09IM+UGPBzvnzmme/NBDYcKiQ2paumY9LVrMccp+ISdpKVabJj90Kf/ftXQuoiVEhKSmhdCCi/7Tn6OmBht5ALp99lFOyHBGWiRHv2hh0wpsLjT7IW3PPbHmmadRW8HV2j4lHsyNDdEmWjRaMmzxhg1YeeWVahZlLuj5aSrubB2tooWNz51rzNiRcKdjFi5c46KuucmrhJuBiJaOCYVoYdPyI3dq7IdcSlMp9/wZ5RT2XC1vzFRuEEmihdOKMfnhpsmTkHLUEWjQr4mvJxjBwiaipedECz9ownHKaW8XCYsV557TavLDYMoNES0hIlSixcAIvMb6eiS9+w7WJ/ZXEextfgqld4gWs/Eki7uGD8fifzyLRrdLNZVx4WcQnaJFg+OSq0Zzt27F7HGXNfdx0Woqole0mI0dCQuyGZddajnJYm8QLYHfDSWhEi1mYwefw5MsPnA/ykqKtTxl6pwbUTUtLFg8HqydOhUrjz1WH4fF+rq6YiJa2hctoUzL1jUt2pOF3IdlzoknoFoXLFbn2lkT0RIiQi1aDDjCualoNs8OTcJFtQOqzNz7RIu6O+SmosREzPjn83C5XJzqmxNRNIsWDc7AWh+XieedizIeBZnCrbeIFmOSTJ5kcfKFFyA3PZ3KR+3RW7beIlrswh7RwsI4Dhncx+Xxx1Qfl5brb4oI0cLGNZFsO8mHLuPZmtuZ/DAYE9ESftHCx+Xxm/hGbZcSLCeqsksb9b3r/ZLMJqIlRNglWoyhuXmSxdVvvYHN++6rJlnkOX04EfQm0cKFt0dNshiDrVSAJz/7d9SVlzUnomgXLZQd4FXV837kpadi6cUXo5AKEx5jo+dFi3WcdMU4/tRj3bEkXOLjkXzVVSjcvEk5L47DSBctZ511VuSIFlqGRrRwYd0yAN3yxx5FVUlJcxj0lGhxOB2tRIvH48EO8p/Ljz8OVZwm6eZFm/wwBH5F+csW0eIQ0WILVqIlc3kSVtANWlW8MZdQcE1CZtNEC8epiJZuYVtNizLtbtVRV4t177wN7pzrpkLOSQmgp0TLIhIthZRwuMBlZ6A5WU0BB2t8R8RKnGtbPPR+54gRWPXsM6jVO+dGv2hh4/9af538Deux4rprUdZ/AF1vPPLDLFp4MDJ2INwZTnu83jpeOm0q/vhuKp7SRT8UkCBLNiZZpN/NkZqWDmHRkqPykVbActxYhnMXzaPiV8unaRQn3FRUQXHBV9JTooWHdvjmm29UPxa3x42tk3/BsqOPRjVds+q7p98MWV1P100rKFtEi0M/i/DSF0TLIkO00Pus5OVY8dvfqiZjLifUwKKUDq3jqKvGaSMOIJ8joiVI1F2kDaLFgAOSC7oGShhr335TPQ7tio3B4h4ULUXKwfRTNT6setkxdMc0Jd5i7GR2jhyJlGf/DjeF6+pVq7AyqpuHWuCqcDXJ4qaNSBo3DlWUmcNd05JGooUdG8efT1Xbhi4OeZ2bMXnk3KWXXoqygjxdtCwk0eLSz6RnCHRMkSRaclUYUgGrxq/ofnywmfMUHztnyB5Yfu89qCgqRPKKFVi8aL5+BuGDRQvXtLi9HmyZMhnrjzkaDvJnrc+1+8YCqJGW7Eu4j4w0D9kHi5aFixejoqIC21avwrKTT0JNnNZnL5TGAoh9Ft9sgdKMiJYgsVu0MEaAqj4u/3kXqylB9FRNywISLfnkBDhj8B02K96QGGc003s/JUru47Lk3y9i9erVWEnCxW58umjZtWuXbQnYgI/PnVZ//M3Z2BGfEB7RQtfHomUn3XVzGHP8KQdnCveQGcVfBS2nnnkmNqxOwbKkJKlpaYdJJFqyKbyaKLyMzoqWYdpNa4qLQRYVnMsefgiL583H0qVL9TMIHyxavv32W9UktIyERAOdlzuGC3OedyaUxoJcC0uniBZbqaurw7Jly7BhyWLMPOYYOEgweihOeQoT67gJ1rQuBOr6KC3PGj1aREswcMEzffp05OXloayszHYrJpv0/At49zfnIHfdev0swkMjiZbvbrkFC4YOxc7hw9UTP3YYH3urvpx+4IH42803Y/58++8KfVSoc+ZbRQLJKuxDbaVlpdixaQM+OOtMTHrkUdtFC1/forfewsy99sI2PaztMHP8pew5Av8+51x89dVXWgfrHiTQMUWKaPnortuxgMJqO5lVeIbKtpBxvM874AA8feUV5Ldm6GcQPtweD/5+/734hW66Uunmq4CsMG6AWobacuISkBfXH7to/d2jj0Z9vTaIZbjhdDb9qaeQsddIlJPvDJdNOf98ZFC5ZDc1VC58+f77+PxXpyItIZHCPoHitD+Zdbx0x/Lo2AWUXrJp+d3oQ7ExZYV+FsFh+IRA3xBKIk60lJaWYvbs2arNntuI7TK+K1q8eDGWLluKuXPn4IePP0J5vv0q2gwXOvOmTcPsjz5E0hefYRkZL+2w5brx+lf/fR+b1ttfq8RNNxs3bsTMmTMt4yCUZsRn0vLl+N8XX2DRpEnw+zo3a3KwcEfgdSkpmPexFn92GsfdCjJOI798+CEWkujkTpc9SaBjihTRMnv6NCz49FPLcAylmfPU1/95R9VghhsOx/H/fhHzH30Uyx57jOwJLH/scbUMtSUpexxL6Xe++de/VDNGT8B+c8m0qVj49ttIevfdsNmMjz9GhZrSwd6CmfPRzB9/wLQnWuKSlxz+gXESCjN+49vn/oGdamyo4LE7bJiIEy1c0HGi5Ijjjl52Gv9Go77Ov8m/HW74N1UE07qdxhjr/Jt2F+gG3N8kMNzDYeEq0MMVf2yMWiexxE1TPU2gY4oU0cI1YOHKUwyvc/8m/t2ewON0qtnt3ZTu1VKt0zY2/b2nE+ud/Y7b2Qgn/aadcdgR/LsutxuNdA6NXFbwOi+NdbOZPzdv66rR9/iaucMz/77yoXreDzV8TK4lbhWfJutu/LWOS30bGV9fd9Mwn7vZ7CDiRIsgCNFBoGOKFNEiCOHAzoI5WjHCxM6wEdEiCEJQBDomES1CX8LOgjlaMcLEzrAR0SIIQlAEOiYRLYLQtzF8QqBvCCUiWgRBCIpAxySiRRD6NoZPCPQNoUREiyAIQRHomES0CELfxvAJgb4hlIhoEQQhKAIdk4gWQejbGD4h0DeEEhEtgiAERaBjEtEiCH0bwycE+oZQIqJFEISgCHRMIloEoW9j+IRA3xBKRLQIghAUgY5JRIsg9G0MnxDoG0KJiBZBEIIi0DGJaBGEvo3hEwJ9QygR0SIIQlAEOiYRLYLQtzF8QqBvCCUiWgRBCIpAxySiRRD6NoZPCPQNoUREiyAIQRHomES0CELfxvAJgb4hlIhoEQQhKAIdk4gWQejbGD4h0DeEEhEtgiAERaBjEtEiCH0bwycE+oZQIqJFEISgCHRMIloEoW9j+IRA3xBKRLQIghAUgY5JRIsg9G0MnxDoG0KJiBZBEIIi0DGJaBGEvo3hEwJ9QygR0SIIQlAEOiYRLYLQtzF8QqBvCCUiWgRBCIpAxySiRRD6NoZPCPQNoUREiyAIQRHomES0CELfxvAJgb4hlIhoEQQhKAIdk4gWQejbGD4h0DeEkogTLX6/H06nEw6HI2zGv9fQ0AC/z6efRXjgSHU7XXDRObjpHDxkvLTd6Pe8Xq9+FvbC8enxeOBxu7VlGMxNv+ULU1y66fca6mvhrLXXHLU1Le/rauBxOfUz6DkCHVOkiBZO2zWUn2vDaPx7Xk948lQg9Y31aDSnjzCYg9Ig5+2egNOO0+S/w2H8e/X19XTN9vsVdX2Uvxstwj3U5jKtO+rqKA179LMIDsMnGGYHESdaMjMzMf6TTzBhwgT89NNPttkEZRPwyy+/4ANysI/fdBMKszL1s7CHwEjkTPDOv/6Ft66/HhN/dwNmkU264VpMvj70NumG6/AzHf8XOv74a67Bkjmz9bOwl507d+Lnl17CrCefDJtN/vvTWD53Drw2CxfKlpg9eRI+OPlkTD3kUEzXbYaNNmX0oXj5xBPxzbv/UWK7Jwl0TJEiWlYsXYrx4y7DzEsuCpt9esklWLRokX4G4eVf992HTw44UKW9abpZpZ1QGP/GN0ccgXspjlNTU/UzCC/V1dV479138JPNZQQblxMTJ07Ef/7xHG684gpUFxfrZ2EfLJJ+ePU1fHLo4SoujXi1io9Q2U+jD8MLv/kN5syaqZ9FcBg+IdA3hJKIEy1ZWVlYlpSkaj5cLpdt5tAtZ9NGzLn4Ynx15VUoLy3Vz8IeAiORnfzXn47HNzfdjHV77IGy2BiUxsSgrF+/kFq5brxeQr8xY+hwrPz+W/0s7GXDyhSspkK9NjERtQnhsZyRI7Hg/ffg6uZdQ2dYM+kXLN1vP9RR2DrIGtQyJsQWi4aYWNRT2lhJ1zbh6acxY9o05dx6kkDHFCmiJWnxYmzZZx80UVyEw0C2a8QIzJ49Rz+D8PLNPX/CDkonjXQenP7sSIMN/eJV+stLSEDS5ePw39deVTckPQGLlpkzZyrRbuXbQ2VOskayDPJhC347Fq9cfBHqKI3bjZt+c8krr2AD+cx6ikuOV15axUt3rLFfHMVrLErp2HNOOAHTPngfSxZ3T3gbPiHQN4SSiBMt2dnZWLlyparmtwsVoPTK37IZiyghFsbHY4YSLSX6HvYQGIlc6MyeMwfpW7Zg+WOPYldcHPwx7AhjlPlDaD5yOF46NqjwWz1sGNaHSbRsobjcNua4Vk7ebqug61vy/vvhES1Tp2D1/qMojPvBQ2HsJvOTI/CTQwileSje1g0dimUff4isjAwkkbAX0WJNT4mWOXPm6mcQXr6978/I0/O4S+VzToPW6ag7VkP+KWnsb5G9ZjVd65weFS1z5861rXnKSNd+sryNG7Hi0ktREhePzy68AA3hEC1uN5a9/gbS+w9Ucclx6rbBp7DV0nGXnnQSdqakICMzEyuSk/WzCA4j7Ayzg74nWigcOTCL0lKx9MILKSPGoy4mHrOvvBLVpfZX/ZlRooXuzgoLC+muwYEZDz2AXbFx8JETZIFhmI8dUjfNQ4nTqZxZDFKGjwiraNk6Zoyls7fLwi1a1pBoaVJxFU8Waxn+XTaOd908dE0bhuyBVZ98qKXdoiIsXbpUREs79DXR8h2JlkI6Bz+lPXdsbGh8hin9sSB30rHnH3ccctavVb/JoqE3ixamPCcHCy+5GGV07Q0UJt/99nw4G+rVZ3ZiiJaM/gP0MoD9ikUcddUC4pRrcFKOPQbpScvUNXPXjOXLl+tnERyGTzDMDvqMaPGTWvH7vGjye1GyaxdWXHcdChMSVSHeGBOHaVddhYoeFC0cvY31dUh69BGkUaHrZgcUk6iWnMC6a166Ti9dJ2JjsFJES8hg0bJBFy1cw2LpLIIwDzuqfv3hoPjfst8oJL/9FhobGigdA8XFxUgi5yKixZq+Klq02tlQiWZOg4kkmONRGp+Aeaedhh3r1qr0xzE3f/6CXidauIzwNfngJyvPysTCy8ehgEQg1367KB9yTQuncbtpES0Ddf8dYr9CVkvXtfKEE7B5+nT1MAHDZe+KFSvUerAYPiHQN4SSPiNaSLLA6/chZ9dOLL7+OhRQRuSCnBMEi5YZV17Zo6KFMyBHcjWtpzzxONKp4GV17aYExsLKyll2xTjB+skBgY65lo4toiU0rJs6ubVooaXVOXXFfHQcFphcO7aZCt91r72KhsoKGE9EKdGybJmIlnboy6KF78y5oLM6z66Yt18iWSxK6cZu2cUXIWftatVcYgiF3ihampr88Hi9yNywAYsvuRiFJFTYB3N4cNNv+EXLIPptXYiGxK/E03HiUUfHXEo+efv0qfRbruZw5P6kIlqCwA7RogVeEzK2bsa8Sy+hjMiChSJQtetFhmgxIriJhFV5QT4WkXBJjdPO0SoBdtVEtNiDHaKFRaqLbM3wEUh6/z001lS3cgIiWjpGREvbc+yqcX+HCrqxW3bRRchctYoKNm+r+O5NosW4Lj+JlswN67Fk3DhUJLDv5fzM/pdrKKJftPBxquk6lnAfliVL4PV6WsWpiJYgsUu0FO3cgYUXX4waEiyqw2QsJwSt6SUSRIsBZ0Sfz4vqmhrMeuhBZNC5WiXArpqIFnuwQ7S4Ka5Wk2BZOv5TlQ+0GpYWByCipWNEtLQ9x64YXw/34Zh7xhlIW7dWpb+mptbDB/Q20cKUpadjySWXoJzEGpcP3DzPfdR6g2jhOOUnkJYcfzy2JCXRzTFdMwlRs18R0RIkoRItnJy5uo/bKct27UTy1VehNC6eIpAToCZctII8MmpaDFTfmya6q6EXD5K19JGHkTF4sOo9rqpsgxQxIlrsIRSihQsZrorn7/PTR9upwF375htqsMGmJg+8Kh23IKKlY0S0tD3HjozPX+v8zzXPMaiNi8O8Mccic80q9kaqn0fgsHm9QbSwr+Uygn1tVX4+Fo+7DKUq/LT+PKrzq/K30SlaNL+i1RQ1st8/4TjsnD1LjV+l+RW+8hZEtARJyEQLZTQfJcjc9DQkX38dCkk9B0YoJ85IEy2B1JSUIPmJx5E2Yjg8seyUEtQ5m6+lMyaixR5CIVr4bo47XHMflq377Ye13IeFHHN7iGjpGBEtbc9xd8YdNFkwcx+W5PPORfb6dfrRrekNooUFi9fnRc62rVh4ySUojG3tVzkco1m0uKlc88TGo5aOseL447F92lS9XLXOeyJagqS7oqUlwPzI3LoFcy+7DEWJ3KlMU5xGhEaLaOFrKSvIxxIWLgP5uX2tutKcODtjIlrsITQ1LSRYOF6Gj8CKd99BfXWVfnRrRLR0jIiWtufYsXGtczwq4uORdMnFyF6Vstv4iWbRYqRb7sOSsWE9Fo8bhzLKfxwG5nCJbtHCtURxqKUb3SUnnoiN8+fvtkwV0RIk3RUtnJC5l3uBUs8Xo5oyIneo4iYhFilGpEaLaFGVmH4vaisrMePxR7FTH8eldQLdvYlosYdQiBbudLuaCr2l4z+Bw+mgzN66rTmQ3iBaGLscm4iWtufYkfH+tXQztOSss5C+ZjW8PhdFTsdTYESzaDHKiMLt27DssktRnpCg8i03CXEYmsMlmmtaaug7LFi2JiXpTUIdz40loiVIghEtHDQURPSfC3g/ilJTseCqq1CsP33DfUECM3K0iBbOltymTP/hosQ8/5GHkDpgoBpwrIlESGefLhLRYg/Bi5YWZ7h15Eisfu9d+LxeNHld8FEa7ii7R6NosXJgdjk2ES1tz9HKOL2yD2yIjcX8Y49F1trV5HB8Kh12LFmiU7SolNZE36E0V5Gbi4WXXYZCugnUHu/ur49Gbg6f6BItLWUaP1wSg5XHjcGu+fMoSsmfsF/ZTV4T0RIkwYoW7r/CjwvzSLcrfncDCkg9a5mXI7FFPbeN4EivadHgBMCZtK6iAiseexTpw0dQRqIMF0PCRWWs1tcXaCJa7CEY0cJxwX0IPLTcut8orH3tFTVLLzdpcmreXVaXmpaOEdHS9hzNxn6Pm5l52Iey+EQknXWWEixayiM/yvGiHbpdok208PVwGaFq4flJ0nGXqYHjzGFiDiNtWzSJFopTvomNSUA9ra8+/jhsmzKZylG3lse4fNSP3x4iWoKkq6KlOYAos2Vt34YFV19FgiWRCoaOO6tGm2hhOJPytVbQ/kl//QvS9xiirjOwLdbKRLTYQ9dFC8cDDxwXg3XDhyP5rTdRX1nRpUwuoqVjRLS0PUezsR9gn8HNIkkXcx+WlV2Oi2gSLca1cR+WrE0bsejycSgh0cbTHliFj2HRJVr4euJRE6s91rx9zmx1nK7EqYiWIAlWtGRt24r5l1yMSr0PC2dM68jVLBpFiwZfrw/VFRWY+8Tjeh8X+2tagk2AIlraWnMflk8+RmNDnYpPjtfOIqKlY0S0tD1Hs7Hfq4lLwJKxY5GxahV8Ps4nXYuH6BIt2s1e3tatWEKCpaI/92HhjretnygNtOgSLdyHJQaL9ckPtT4su2vka42IliDpmmjRAqY4LQ1LL7kE1XFac4nW6dY6Yg2LVtHCycBD/3nkDu7jMvuhB5AZyyKNr0u7Hqvr7Y5o6U4iFNHS2rxk66mAW/nRf9X32fFytXVXENHSMSJa2p6jYXyuPJ/VrBNOQPa6tSr8vV0s3JhoES1G+qrIy8UCHg2dfL02Bsvup0eJJtHCkx+uOPYYpC1Z0hynXfMqIlqCpjOihVvnWEny0NIlqalYccP1KGruw6LVtFhFrNmiVbS0QImCXo21taqPS8awoZQR40yjOLa+3q6KFnOi604i7OuiRTk+vTM4TzG/ZdT+WP3mG3DUcw0L3wG2HjiuM4ho6RgRLa3Pj/2cNlMw92GJx5LTTtUGjuOw19NfV2Mh0kULpSz6nMoIH5URGelq8kOeS0jz+7zsXBkRqaJF8ytc1sWhls5t9QnHYdvUKarcNGqWuhqnIlqCpHM1LdoojVk7d2DRddciP5H7sLSO1N2ZlnijWbS0JBCeZHHl44/pwoUclHpaqvVdRFdEiznRBVpXEdHCHR5ZtMRg4157IeWN11FfoU1+GEx4MiJaOkZES+vz00bSjkMZ3djxXEI5JFi4Q6rW8Ts4Ir+mhQeO86i5hBaMuwxFumAxh8vuLJJFixIsFKd1tL6E/Ov2GdPU9zrbZGaFiJYg2Z1oMQKCB47jyQ/LEvgOonPK2Wy9QbRoUOLwe1BOBcQCEi67Ynko7raPQYtosYfdNw/x5IexWEOF2rIP3ke9/pRQMGFpIKKlY0S0tD4/9geVPPnhhRcig/Kj39e1DppWRKpoMdIUW9bGjVoflkTuw8I+setlROQ2D7VMfriJfIE3YPLDYBDREiSdqWkpSt2FpXTHUBPP/VeoUKAE2XdFC+ClzMuTLNbU12Mm93FRGa319YposYfdiRb1lNAeQ7Hs04/h8flUPFEIa18OEhEtHSOipfW58eSHc049Fanr11H663oHTSsiWbQwFdlZWMQ3tXHx2uSHZDxBrjnedmeRKlpUnNL7Jccdh83kB7jWTI3l1Y2aM0ZES5BYiRYeFIcfV+O+LKUkWJKvuxYldOfAosPXb/ePN1tZbxItlDwogXDoNMFDCT7pkYeROWQIFZhapzPOeGydES1tEh3nA92at3WBviZauNDwkHPktubmyQ9ffw1ucnY8SZmWjruHiJaO6cuihW9OOA1ycxD7xWoqtBeecILqw6I8BaW/jsdF7RyRJlpIiqmCm/NXZW6u/liz5uO5jAhmotlIEi3Kr5D/5lqzBjqXdccfh9SZM1SfHavJD4NBREuQWIkWzmj8hEVOWhoW/+4G1YfFfDcRjPUm0RJILRVqKY89hvThw+GL5UI0QTkxTvBdFS0q4ZlES1dzRl8TLSxYePJDnpWbC04eOK5hN3MJdRURLR3T12ta3DE8+WEsShP6I2nsWOSsXdPtAi2QSBMtXEZ4qADP3rQJCy9tO/lhMBYpooXFpxGnNeTDk7gPi97pNpSIaAkSs2hpuXhj8sNLUcwDx1EBzJFpldA6a71ZtHB48SSLix9/HGn9+1OG446g3O+n66LFECyq6pFMbesCfUG0rGtV06LN1syTHy7/jzH5YWgzr4iWjunrooXHH6lMiEfSxRchnfIfT20SaiJFtHD68eud2jP1PizlJFj4Samu9mEJtMiqaeGnhGKx5KQTsXHhwpALFkZES5CYRQsnSjWx1Y7tWHTJJaiJ0wZS68wz9ruzXi1aSGXw/DV1dXWY8/CDagA6rXq086KlWazogoXbwVVbuL9ribFv1bTEw8nhO5T7sHwCl8tJQdf9PiyBiGjpmD7dPETpsJr82eIzTkeamvyQb/5Cnw8iRbQo4UI+qYjOZSlPfhjPZYM2+WEoyojIEC0xqKLfX3LCCdjCkx8qsRaKRr7WiGgJklaihd4XpqVi4XXXoiiemzji9cf3OCIN4dEd652ihcNNm2RRG4Bu4cMPIX3QIFUD4Ke7sPZES5sEx23EhmNoJVq0O5zO0NtFy5qpU7BGFy0uuhPaTIXl6rffgtftokjwKgfD8RFKRLR0TF8TLd+SaMljX0Z+sSYuHjNPPAFZ3IeF8il3/Ob+DqEmYkQLXVt5Xh7mXHmFmkvIw+VDv/5URlj5+64b3ySzcOAyJ5yiJYlES7oSLdzpNlZNfrhz7mytI7XXBY8NcSqiJUhYtCSnJKuIK0hPQ8oN16MgkTvbap3MuH2vZT1443EzuBDnxNhIiWLaVVehvLREP4vwYJdoMeBEwxm7tqwMqx99BFnDhsMTG4c1nRItfAdDGYSNxQu9ZzMEC1tn6As1LatJtHhjY7Btv/2w8vXXUFfTMvmhHYho6Zi+KFpyyI+VJyZg2XnnYueGdbaFrUFPi5Y5c+aoAUYLtm7FYu7DQj6cx+pSvp1uQgP9fTDGZQT3TVNlBYmgcIkWj8uFFa+9htQBg1FHfoUFy6bJk1WZqMWpPfEqoiVIWLSsWrUKqRs3YD6pZ65h4YF0uD9GKI37ePDTHVz9x1OzT7nq6l4nWhjjbqQyPx/LH38MWYMGYvXw4e2KFq1WRVu2MdPnnU2QfUW0bNhjD6wOYvLDrsLHFdHSMX1RtGyJj8cqKlRzVqY0h6sdYWvQ46Jl7lxkbd6MpMsvRxn7cRvKCPUEIAsYOj6XFWETLSROlr/+Bjb2H4AVxx+HnTz5IQkZO+OT4bJXREsQZFHATRz/CWafPxbV8ZR41ISACQAJi1CanxSsqrUhVV5FvzHj6qtR3Uuah6zgBFRbVYmlf3sCvwwbsZs+LUaNii5QjJeeEA3rDCxato85rtm5h8PC3Tz0zfHHY9XH/4WzsSHkTUFWKNGyfLmIlnboa6Ll8wcfwJRzzkUuCRa/12fTfXhrelK0VFVV4fN33sHiKy5HRX/tSVJ+rBnk0618fbDWRKZqbWLiUUO/Ec7modnvvIv/nXUmcpcnaU1C+md2kpOTI6IlGLZu3Yonxo7F+D2G44fBw8JiXw0Zjpcuv1IpzXDCGeDzzz7Ht999j+kzZmD6dLJp02nJNgPT1Dpvp6Wx3rzNtN6J70ydOg2zZvJyCm69cCyWtSNaKNmRcdFrWPcSXkpKCsaPG4e5J5+MqWed1drOPLPtutU2s3XiO7+ccQYm/Pe/YRAtTZjy3f9w5+Xj8PXXX+PrL7/E5198gS9oaad9QILsxx9+FNHSDivJ8b55z934/IH78FmY7OW778biZcv0MwgvnP6evO9e/O+br/HF559bpplQ2tfffIMn//Ykdu3apZ9BeKksK8Pdv/413qabLyt/bpfd+eszUE6/bTeN9fV47fl/4P577sFXX3+Fzz77DJ+HIV7/8593MX/uHP0sgsPI03blbSbiRIvH5URpbpaaubkkPT0sxr9VkJujFG444aaWErprzqBzYGPRlJmRgczMTNW+yNt4ye95O3+eQcss/pyM17v0Hdqu9qf1esoY4aChoQEZuXnIpus0LCc/H9lFRcjJzUV2YSFyqHDLydP24SW/V9v5c96P9m/+Du/Hn7EZ3+HP+TvGMWlZWVlpW6Yx4ONXV1Ygl+5QuPaDa8zCZZV0t2n39e2OQMcUKaKFmzHdPWA9FR952ZnIpzxQROnenEb4feC2UBgfM4/yXrj9pYHP60VZVqalL7fT2Hd6vfbX3nLNCvsTDuNAv2JHfLLx7/Cx67pZLhh52q68zUScaBF6L82JmddtNsF+Ah1TpIgWQRB6BiNP25m3RbQIghAUgY6pK6LFLocmCELPYfiEQN8QSkS0CIIQFIGOSUSLIPRtDJ8Q6BtCiYgWQRCCItAxiWgRhL6N4RMCfUMoEdEiCEJQBDomES2C0LcxfEKgbwglIloEQQiKQMckokUQ+jaGTwj0DaFERIsgCEER6JhEtAhC38bwCYG+IZSIaBEEISgCHZOIFkHo2xg+IdA3hBIRLYIgBEWgYxLRIgh9G8MnBPqGUCKiRRCEoAh0TCJaBKFvY/iEQN8QSkS0CIIQFIGOSUSLIPRtDJ8Q6BtCiYgWQRCCItAxiWgRhL6N4RMCfUMoEdEiCEJQBDomES2C0LcxfEKgbwglIloEQQiKQMckokUQ+jaGTwj0DaFERIsgCEER6JhEtAhC38bwCYG+IZSIaBEEISgCHZOIFkHo2xg+IdA3hBIRLYIgBEWgYxLRIgh9G8MnBPqGUCKiRRCEoAh0TCJaBKFvY/iEQN8QSkS0CIIQFIGOSUSLIPRtDJ8Q6BtCiYgWQRCCItAxiWgRhL6N4RMCfUMoEdEiCEJQBDomES2C0LcxfEKgbwglESda/H4/fD4f+HKNSzbW7TT1m2F2pPx7LpcL9fX1yur0pZ1m/IbX69XPwl48Hg8aGhpa/XY4zO1262dgLz4KR06zfv19YLqyw/yUbnx+H631LIGOKVJES0/kKTZO6z0BX2+4jeOa070QejhvsP9yOp2WYW+XcZx2Nw0bPsEwO4g40ZKXm4uP334Lk1/5N+a8/mpYbMarL+Obt99BXl6efhbhwelw4PtPPsHX4z/F/PnzMXvObMybO9dW49/5/tv/YdOmTfpZ2IefhGDS9Gn45K03MX/BAnV9c+bOsTyvUNqUqVOxZPESJUTthJ324tmz8NmLL2KWRbqyyya99CKWTJvWY4WkQaBjihTRMvOTj/DB669h/rx5mDPH/vQ2j37nq6+/xtq1a/UzCB+cxsePH48pU6ZgKqV7u2369On44Ycf8Pijj6G6rEw/i/DC6T55xQrMmjgRC376KWw2k3xZbW2tfhb2wflozuzZ+Pnnny3jwA6bOXMmnv/HP7Bu7Rr9LILD8AmBviGURJxoSU9Px0uPP47vR41C3sABSCfLIuN1O4yPvYXsh1NOQXqYnY6jtgbf3nobvr7xRhSTWOO7Nq6VsNuWLV2KlORk/Szsw0fOZQkVYh+deip2rVqlX5/915iVlYW5VJjYXZvEomXypEl46bLLkDJ4MHIoHaWR8dIqrXXXOK1mki0aNBgzn/47XE6HfiY9Q6BjigTRwvf+P9xxB74677dIX78W9WFIb2wLFy7EokWLtJMIIw5KA+M/Ha8KU7utiqyspAizXngefzlmDBopbHsCTmfTnnoKmfvui9Jhw1ESBqseNgw/XXwRMvPbT9OhgsN63vwFyKUyITAOQmk1ZNXVtF5Ti+XffYtXxhyHzSkr9LMIDsMnBPqGUBJ5NS15eZi/bBlWfPsNkvbZF67YGIAthk41hNbUrx/8uvFvLDrxJOStW6efRXhwUqJZ/H83Ym1sLGbdfhtqqquV07Ursg1WrVyJlSkp+jv7YNGy7o03sC4+AdOPG4P0TZtU7Yud18fHLiwsVKLF7poIFi0r6I5v26Z1mHXn7cjt3x9+G9IqG6dXn76eGZ+IpCefgtshosWKSbfdhnVxcVh0/XUoycoE17epc9U+toXly5djyZIl+rvw0ehoxNdff21reBrx7KTf2jB+PNbtty/GH3Uk6pwufY/wwuls3t/+hmrKb6B8ES6b/5vfID0vXz8L+2BBsZjSUmVlpW3xasQp+8itk37B8uEjMHv0aGxftVLfIziM4xpmBxQbkQWrS75r4YS5efLPWH300ailQt3XL4YEBi+19e4aH8sdEwsPFQIuWl/aQ6JlIYmWgpgYZJMtvfEPKMnMgI8KQ7sinGHRkhIm0bLmrbeR2n8AqinTLzv1VGQsWqjaa+1sDw+naFlGAjszMxO1dXVY8eB9yBw6DO7mdBZnSm8t68FZHByUXllk58YNQPLfnhTR0g4sWrIpzAoTErD82mtQlJYGH/2enWmut4sW7l+x6dMPsfGgA1FNvuqLo46ibT2T/syihcV8OKynRItdcJy6yH9s++lHrKEy1kdxOv8QES1BwaJlwYIFKmH6/F7s+PlnrD3+eNQqhx1PQiMeXgpgo5YkeIshwUJGgsVF60t6sKaliAu0mDgUx8ch6dZbULxrJ5r8FOF+n3aXqO0eMlaGUbSse/0NpCUMoHBOQB3d/a486yykLVwAr9dDiZo7XPMrtIRbtKRnZIBkJqoKcrHqsUeQMXQovJTGvP0SKY1x3Fqlv64ZCxdOp7zMjqfCWGpa2mUyiZY8ytde8hXF8fFYcPk45G7aSL/JNwOUp2z47d4mWvho3OGbHBFcjQ1Y9f572Lj/KBLOMWT98PlRR8JBv90TiGgJDo5TlfapXGHfte2nCVhNZWs9+WVQvM6SmpbgMNe0cMB63C7smPQzVh52OPwsMqgQYGdklbC6YkZBoAmhfljWg6KlmM6jic7DR+eUN2Aglt/4fyjPz2OvAS87Wn3/UBFO0bJWiZb+FM4JdH2xqCRhtuSM05G6ejXtwddHGSjEVxhW0ZKUpESL8b6msACL778fuXSX748lQUxpla/bKg12xbTaFj5OPPKoIF4hoqVdNNHCeSqO0l0Myigullx6KfK3bKYs5VdpLtS/3vtqWjhuvXBQnCa99Ta2jBypBEsThaebllzTwr/dE4hoCY4m8rR+EixeSisrp09F8qGHqlYMziN8fQsOOURESzCYRYtx4V4qvFOmTMaSPUeqDMO1ElYJqytmiBYuBHpctNDva6JFq/3JIZt5662oU2Gg1UaEkvCLlkS6PhYtWhMJNxXN4D4uO3ao66M9tS+EiLDXtKSn61u0TFtVVYUJd9yBPLqDYaHBTsEqDXbFNNHC6T5BRMtuCBQtnKdKKczmXHkF8jPSSbjw4/ChbSrqdTUtJO4cLheSxo/Hxr33phvGfnSzyH5TRIvd2Nc81ASP34uV06ZiwfDhKj7Zr3BXCb6+hSJagsMsWjTo4imgPaQQWbisOuJwNJgSU7AWkaJFOYZ4dYfOfVxm3nILyig8Qp0AelK0eJVwiUcthf/ck07ErqRl8HrcIb2+8DcPmUWLn9KrXwmXeffei6w99lBNRVZpsCsmoqXzmEULt9V7+g2gfBWn+rjMv/46FOvxFcpz6C2ihWJUHYv7na3/bDxWH3ggHLEsVBJUGIpoiU7RouKU/MWWnyYg5fDDta4RMbHKH4to6SaBooUvm9vhmvRqrZ2/TMSGY45BnUpM3CmXA71tItudRWpNi5cTkuoHEYdcep98800oTU1V4UChoC+7R4+KFpVZNOFSTeIs+eyzkL5wPgkX7uNiXGX36KnmIYaburSO1CRcioux9tGHkTVsGDkHFh3BNxWJaOk8rUQL5ykKdyNf5ZNwWTZuHAq2bNZ25vMIwblEu2jhuk5uOuMU7KJ4XPPxR9h0wAFopPDzKB/JvonvykW02E2oRAunCG4SYl/Eg2DunPAjNh57LBpj4/Q4ZdEiNS3dpm1Ni4EWAF66A9g1cSJWH3kUnMoRkXDR7wCsElt7FqmihU27Fu1JkeIBA5By040oy86mROBTg0l1tzGlZ5uHtHDnp2k4HqqpAF51xhlII6evsliTV4nT7tCTNS0taJm2Jj8PKx96EFkDB9J1awWnce1dMS1tiGjpDIE1LUaeYufMeaqKnPbyiy5CHj+CT3mKx/PpbmNRtIsWFiw+CguOw1XvvI3NI/eEW097RrhpHcpFtNhNqESLuoHi9E3LtVMmY81RR6KBbhT5erQ45byhrYto6Qbti5aWAOGal9VTp2DpXntrAa865nbtDjZSRYsmWFqfZz45iVm33Iza+npWApQauydberpPi/n62Grp+mYff5zWN4SbV/gau0FP9mkxY6TXKnI+E++6Czl8vVRgcufvwDDYnYlo6TxWoiUwPCviEzB73GXITU+j9OalE+penop20dLUpA0bv/SDD7Bh5EgKs7b+VPq0RFnzEKVpFqPJM6Zh4Z4kQinezNeklYEiWrpNR6LFgKu8PFRgpEyehGQK6DqKDI4Ac4TszqJHtGh35zzuBA9AV1FUxPfw3UoQkSVatMK4hpYzxoxBKp0XNxVxLAdLpIgWDS2uuI/L1LvvRvrgwc13sF0xES2dZ/eihZso41v3caHT6c45Rato4e9xOua0tO6zz7DmgAPUYJvefgNUOJnDTURLdIgWjlOukXeTCN34y89YfvDBFHeUDwJu7kW0hIjOiBau9uJHt/i5mm2TJmLNccc1P7rFVe+BBb+VRY9oYScRDz8Jlzy6S0+66f9Qkp5KCpoTRHCJIpJEi3Z9XLjEqX5Ky886E+k8jks3OudGkmjhK+C7HW7aqyorw/KHHkDG8GHwqOvnNNu5piIRLZ1nd6LFyFOc5goobS69+ioUbt9G8URfDvK8ok20aHtr8cfH2PTJx9hw0IFooDTJfa9Y1JnDjE1ESzSIFi1O3S4Xtv40AWvoRrCRu1BQXuCuFObyRURLiOhcTUtL4LhdTuz4eSJWH3OsihxvDBWO5IzMkWNl0SJa2LTHZvma+qGgfyJSuHNuehodgQtDb5f7uERa85DWz0W7vkoqkFeTcMlaskiJAuP6upL8I6umxTh3HiPBj8q8HKx85GFkDhkMkNDmp8WswiTQeB8RLZ2jM81DvJ3zFH9WQuGZdPHF2gB09FJjuejH6izRJlq43xhfJ8fZynffwaZ99oaTwoULMMPXBIaZiJbIFi18M883R7zc+svPWDXmWNS1uplvfU1aGSiipdt0RrQYcKBwNZiH7srXT5mEpAMOUBHBT6fs7g5WizB2ZpEvWszG552XmIj5t9yMqooKDgT665qLjTTREmj8VNGCU05G+rZtdBS+Pu4m2fkMEGmixYD35/RaVVaKWX+6W/Vx4cfbeeTcwKr4QONwE9HSOTojWgKtLD4B8y67DFm7djTXjHWFqKtpafKg0e3C0vc/wOa99lI+0CpczCaiJZJFC8U/lQNGH5alo0ahXglz6+thE9ESIroiWgzUI10UaSmTf0HSqP31kRutI8qwaBUtbLyP0celhhK2GhukCwkk0kULN5vU0n5qALr169Xjel25xkgVLRp8DU2oqanBhLvuQuaAAeqxQ+twaDERLZ0nGNHCtZnFJFwW/uH3KM3MpBPU0ltnzzNaRItxTfxY8+rx47GGCjeeK4vTlVW4mE1ES2SKFiNOuUlo3eRJWLLffvCoOO24w7+IlhARlGjhly5c1k2ZhNVHH6P6uGiR07odr3WEaREbXaKFx0ugfWNilXCZSw66NCO9S5MsRrpo4XE1fLFxagA6HvI/fdEClSFZJHSGyBYt9D1VIPpRWVeHpAcfRNYwba4i7fqtn4IT0dJ5ghEt3IeDOyvmU1pddu21KE7dpZ5S7GyaiybRwk8Jbf70E6w98EC9SZ19j4iWjizSRYvb6VDjsKw95hg4yXdqg3h2prVBREu3CU60sPF/v5qIb8fEiVhLd+n1qj1P61TGEdQ2wqJRtBgFGF9TDHIGDMSKm25ECTlZnmSRm4p252YjXbTwdXmVE41XcxWl/OZspC9eqNe4aB2wO8oOES9ayKg4VJm6Oj8Pqx95WI2cy9ft65eoCs/A9KrFuYiWzhBcTYuWp7jGpTA+AYsvuwx55kkW9WO3RySLFv7Eyzc1fp82+eF7/8HGUfvBoa5b66RpFSaBJqIlckQLx6m6UaU45fXtP0/E+jFGmcdNzm3LvEAT0RIighEtZrgg8bjd2P7LRKSMHq0ixx1Ld1EUiW0jLDpFi2bafnwd+ZR5F918M8qLiymh8CBRlJj137Ai8puH2Hg/bd/KuDgsPv00pK1fR9elDZjEy/aIdNFiwJmaj1FTVIiF99yrxIgxySI7EnN4aIWqiJbOEIxo0axlv3IK46U8yeK2rVrH3N30cYnsmhZKZ163mpU56Z13VR8WF/kcLqhaX3/HJqIlkmpa/JQutYE4U2ZOxwoSHHUx1rW07ZmIlhDRXdFiBBZX7XIfF55k0aXuXFtHaPSLlhbjO3PVx4WcNQ9Ap+4OOyjUo0O0tBjHFU+yOP24MUjbSoWIGlyv/euLFtFiwOmVx3H58Y47kK1mh+Ywah1OIlo6T/CipcV49NeSuHjMufpKFGSk0/nyJIvtn3NE17TQZ9wktOKzz7Bh330pPLS7cavr7shEtESSaGmC2+tVg6wuGDFCr53tWjoX0RIiuitaFBRYfp82yeJKitTVRx6Jej2iNNMiuLeIFm4C4z4uWbQ+69ZbUJaTrYmWdtJM9IkW/l4samh9/q9OQeqypR2O4xJ9okVrgqior8OCe+9D1tDWkywaAltES+cIhWjhPMWDOhaQiJx3w3UozjTml7I+70gVLbzd5XJhAw8cd+BBaNQnP9zd05VWJqIlMkQLx6mHROjWiT9h5VFHgic+ZNP8g/X5W5mIlhARCtHCQaV1TNXaonf9zJMsHq0LF+6kxAJBKwh6g2jh76lJCCnh5sTGIuWWm1Capk+yqNe6mJNP9IkW7nzM341X88aoPi4LF8Dn5UkW216fIVp4Thk7CZVo4T4uPAcOZ/JKOvc1jz1KwoU753KBm0BLdkgiWjpLaESLlqd4QC4WLtxUVLC5ZZLFwH5jLFoWLV6svwsfVqJFS0/qv/aU0If/xaYD9tcnP0xQT5ZwgWV13R2ZiJaeEy0cu1o/OD/dkPuw86cJ2DhmjJpLiP0CT37Y1TgV0RIiQlLT0owWcF63CztJuKw64ghyRFwAckclKkRpvTeIFjbte5oz4kkWeXboMgpLJdwokZudbLSJFja+Ps5cfH08yeLK009H+kq+Bm2sHpYuBixa5s2bFzWixQwfs7ogH8seeACZ7JTJKWmCzQg7ES27IxSihU1Lc9p3q+Jisfzii5G3ZbPWx0V1Cm+5BhYtiyNFtND5+fza5IdJb/PkhyOVjzOuyXyNXTERLT0pWvQ+LLS2etoUVZYZkx8aLQeB57w7E9ESIkIrWloCkTssJU+ZhCUj9lROjAf06k2ixWycGHPJZt56K+q5YOMJCNWdl0Y0ipZA4yH/eRyXDBYMnDlUPxeNaBYtRnpV47jccQdyVJrgcNPSh4iW3RMq0RJoFXHxmH3FOORnZep5qiXNRVLzEN+oON1uLB0/HutJsITCp7CJaOnJ5iGe/NCnOt3OHz5cxUFgv7eumoiWEBFq0WJA9+OqjwtPspgy+lA1jos2qFdvFC18d66N46ImWaTCw5yIelq0cGaxOu/OGocRj0NQQxl39gnHIzV5Ras+LkVFRVErWhitGtiHqsoqzL77bmQMGQIXXTP36xHRsnvsEC2cp7i5qDAhHot4/q/MjFbXHwmihY3TJPd32PD5Z1h7wAFwqj4s/UPiV0S0hF+0cJxyTbKL8vqmXyZixaGHUjxoTZfB9Esym4iWEGGXaFE9H9QYJk3Y9tNPWHP88aiJ40I0kQqE2B4WLcbdtNY/xSqBdcX4GC5O1GS5apLFG1GYlqaeqGLCLVpSSbTw9Rl9M7orWrTro2PFxKOWwm752WchddFC1fGWM0pB1IsWclQksJVwKSlGysMPIm0YT7LIBXAi8uISkfzkkyJa2oFFSw6lCx6oL1SihQUjpzlOw/kJCVhy1VUoVI9Da2HQU6LF4XTgm2++4USjzoPjYNXH2uSH9SrPWY9TFYxpeVdEi93U1tVhydKlSrRw/bjb7caWiT9h7fHHoV4N38F9rVi0dC9da6KF41RES7ewr6ZF+88dmXh01e0//4z1Rx4JBzkiJyWCnhItC0m0FFDC4b42/Gg2JyJ+3LI7xndEfDx2tLzMGzgQS8mRl2VoT0CEW7TsiOemuH5w8LVxQcKZxXS+XTXt+ngZr96X093vCiooM5YsVoVIXnFxVIsWRkuv2iSLFXk5WPHQg8gfNIiuOxa58QOwXGpa2mUSpfUsSvdck2oMdxCYhrpseh7lwoLTH0+yuOTSS5snWewp0eIk0cI1LZzuHZQeePLDdXvvBSedIwssNTKqfv7dNb7D587+HKYiWuyDRcsiSksVFRXKD2yd9AvWUHjz5IfsP7XRbjlOuh+vXCPPxwSlEREtQcKiZZENosWAA5Kr27xkmyf9jKR994UrNgaLerKmRTmWFgcbauPEyXeH8267FQ7KEKtXrQqbaFlHhVhawkA6D0OU8R2C9XkGbzGoocw376QTkZ2WhpLiEswL49NDmTxXjU3wb7BVlZdj3p/uIoHbD3lxCUh68mkRLe1gNA+pWgFy9NZppnvG/QkqSLgsG3eZmkYjecWKHhUtDrobT/noQ+zaay/447R8Fmpr0PMw33yIaLEP1Ty0aIESLSkzpmP5ntyRmuOUfbl13ARjLGqdXO5QHhHR0g3sFi0GHJzcjS6FVOySgw7G/JNO7hHRMu8P/4dsSjhuyhRsRi1CSI2PTctMSpwL/vgnzJs+HclhEC1eEi2rXn8Dm+ITydlp12d5fiEwd2w/VNBy8nFjkDx9avhES1IS0jO0/g12U11djal33oUVQ4dixd+keag9Jt56K9I4T3G6sCtPkbnpZic/Lg5Lfnc9pn37bY88PcSDxn3x2WdY9/nnWDdqf1XD4o7h5lgeAZz7PITGWKjxNXOTAouXz0W02EZdXS3mz5+PFd98hWUHHqj6s3GcavNDWcdPMKY12bMY6gcfpeWZo0eLaAmG7OxsTPjxR2zauBE7d+yw1XZs344du3bip9dfw6sXXICcDRv0swgPjSRavv7znzHp0NFYfsThWEGWrC9DaXzspfry5yOPwENXXYVZM2fqZ2EfLFpmf/AB/nf44Vimn4sdZlxfEtmcIw/H8xecj88+eC8sg8vNn79ANWdapa9Q2w6ytatX4Y2rr8bPT0tNS3u8f/99+InuGjk9cPqwI0+xLSHjdD3xmKPxABVoUyZP1s8gfLi9Hvztzjvwv8MOx+qBg7Bp4GBlm2k9lMbHXE+2gSx58GC8fOyxqK2t0c8ivHA6+/mZZ7D60EOx8+CDw2ZfX3IJssJR01JTg/deewXvHjsGawYNwYYhQ2yJ101kG3RbR8f+YPShWLsiST+L4DB8QqBvCCURJ1r4Uc81a1Zj3bp12LB+va22nn+DhMqa1auRNG8uaisr9LMID1yobqXf37JkCVKXJ4XNkhfOR3ZWln4W9sGFenZGBjaF+frWLl2KbZs20O+3PJJqB5wpuWlo1apVlukr1LaebCOJ+SXz52HbmjXw+eytSdodgY4pUkTLJspTWxctskwbdtnS2bMorafpZxA+OBwXT5uGDV98ia1ffx0W2/y/b7Bg4s8qvnsCrkHdtHYN1syYiQ2zZjXbRroR20RhsXHaVGyYOhXrp0zBBjZaZ9s4Y3qr/btqy+fPR319vX4W9sEdbzeuWI7VzeH9vzZxYIct+f4HyrPdE2WGTzDMDiJOtDBc2HG/k3Aa/2ZPYFfEdox9CSpSCNf18e9YpSc7jcVYJMQfn4P5PCJFtPRY2PTQ77Lv8vu0vk/hMh5xvCfRBtAzmxc+rxt+jws+VyO8jW54eambj7d7PQHf6ZrxdYcLNfKt/pvhtO7mHcMnGGYHESlaBEGIfAIdU6SIlkigt19fJGCkPx4aACRYmjzOZvM7SaQ0kjW40OTm9140eWk9QgR/b6UlTlr7hlAiokUQhKAIdEwiWlro7dfXkxjpTjMSLDw6MYsWN5uLBIpHCRa/w0HrmoBRYob2M74n2EPruBHRIghCBBHomES0tGCn0+7LaOHqpxVt1Gj4vS2ihYWJS1v6HSRaXLRko3VVy0L7qwlWJV5sw0j3htmBiBZBEIIi0DGJaGkhFP0DhLY0pzk/L7nmJEC0uPVaFbfJ6D3vY4gWwT6M+GmOJxsQ0SIIQlAEOiYRLRp8bSJa7KE5zbH20DurqvGYWLRwLQs3DzlInBi1Lm63JmqUaOE4IdMOJdiAET/N8WQDIloEQQiKQMckokWDr40LUi5QhdDRnN5U6xCv6/1ZWJDwhKksVNi4KcjjavnM56V9dcHSi9NdJGDEUXNc2YCIFkEQgiLQMYlo0WCxwmMw8ePpQmgw0ppKNyxaVFOPJkqUeVueINKECplfFytK4NhXiAotmOPJrvAW0SIIQlAEOiYRLRosVli02D2NRF/CSGsq3XAFFgkRUiZkJEyMzrjKSLgosdLS6bb5e4LtmMPbrjAX0SIIQlAEOiYRLRpc08ITGdo9jURfwUhnzelNiRbdlDBhgdJixmdtvifYTjjCXESLIIQQOzNrpBF4rSJaNLimpaGhAU6Xs8+kBbsw0phhzR2czcJFRErEEI44ENEiCCHCzowaiQRer4gWDS+JluqaatTV10ln3G5iTidGegs0ESyRQzjiQUSLIHQDcwZtvgvsIxjXbSCiRYObhcrLy8jKVW2Lx+tVtS9GeAWGm9A+gWEWaEJkEY74EdEiCEJQBDomES0aHo8bZaUlKCoqQnV1Neob6uF0knjRO+eaBYzQOYzwknCLbMIRTyJaBEEIikDHJKJFg0WJw+FAfX29WrrcbkvB0pvDQOibmNO2XelbRIsgCEER6JhEtGgY4cLGIsVoNuzN1ywIjDnt25XeRbQIghAUgY6pr4sW45oCr603XqsgWMFp3Wx2IKJFEISgCHRMUtOiERguvflaBcGMkfYD80AoEdEiCEJQBDomES0aRriYr7E3X68gGJjTvl1pPuJECw/KlJqaitRdu7RlGGzHjh1Yv3YtGuvq9LMIDxyp/HRBTk4OcnNzw2b8e9xJ0G74+gqLirBtyRJkzF+ATLttgbbcuXAhcij92D1GBl9fcXExdu7caZmu7LD09HRsWLcOOelpPT4GSKBjihTRkrVtK9I2bkQuLXO3bgmL7dqwASUlJfoZtISNcZ12Xu/GdeuxY968tvnBJkunfLZ+0aKw+BAr3G43tqxbi8zNmy3jwi5Lpd/jjtV2w/2gsimv79D9mZ3GcZmh/87WxYvVE2/dwZzu7UrzESdaMjMzMeGHH7Bs2VKsSF5hmy1PTkbyshVISU7Bly+9hL//7ncozs3RzyI88PgNyTNnYsa112HFVVdh+dVX224rxo3DzJtvxqpVq/SzsA9OtMumTcWXxxyDpJEjsWrkXkgh46VdtnjPkXjr1FPx9Qf/Vc7NTvhpkPnz52PWrFmWaSxktoLSK9nKpBQsXjAfL1Ba/eXTT+Cj3+9JAh1TpIiWN559Dv/87W8x+7RTseDUX2E+2cJTT7HN5tHxPzr+BMz+6Uf1++ZwMdbN2xjzend59Y93YeKIPVXeSt5zL6ykPGCVN0JhK8kmHXQQ/nrBhdhFNwY9QVVlJR7+wx/wyZlnUvhr8cvxbBU33bFFZIv19bl0/DfOvwDZGen6WdiHk4TR1Ndfw4RR+2MFxWUKW0A8hMpS9tqb4nRvzKTlSxddiJnTp+tnERztpfdQEnGiJTs7G8kpyXC5XPD5fbaZl+5SfV4/ts6fg7lUqE646mqUl5XqZxEelGj55hvs2msvuGNjw2P9+mHnwQdjCanqcLCRREvyqP3gjOkHL/22u18MfP1iQ2refnFwxSSgLiYWcw8+CEsm/IAFdPfAachOWLQkJSUhLy9P3R1ZpbNQGafXxvpGzH/iMUwdPRrLvv4KfpucQmcJdEyRIlq+/uorTH/jdaQcdhiqYmPQSOagtKeM0mEorZGOycefT2kv6cvP9DNofX28zrVidtWMfXvv3cikfKXlr37w2JDH3P0S4ST/kd1/AJb/+U/4+euvVQ1jT1BXV4cvP/wQM+/+E1IHDlThz/FgR/wa6aaGrv3bUQeiIAzX7Ca/tZTy0fYBA+Gmc/DQ79vhNz39EshvxqGQjj957FismDNb+bPuYPgEw+wgIkXLypUrbZ1szHgEccfiBZhDjq0hJgYzrrwSFaXF+h7hgUVLComWTBItTZRwwmEgS6c7paVLluhnYR+cZDeQaFlDooUdqpPC2aEyTFxIzU/HdFKmXkRibPO6dagoL8eSRYvCIlqWL1/eYeHcXYzM72pswIy//AWpFI676K565Rdf2OYUOotxbgaRIlq++/471QS6fsIErN1nX/jI8TdR+uB0EkpjseyhNN1E6yvp+MlftIiWQALDKpR8e9+fkceFGhXeDbTkc7LKJ90xvt6KhATMu+lGlBUVYu7cuT0qWqZOnYoyusmcfueddO399DgJfRx7yNh3gcJg+r77oigcosXtJtHyBtL7D1Rx6SBB7CKzipfumJ+sisJs5m9/iyLymZxnuFa3Oxjp3M703mdEiwo+PSC9dOy0+fOQfMoppNJjUR8Tj+lXXiWiJcRwmHNNywYSLT76XS+peq9yqCEwPg5lZC+t18XFYtXxx2HH9KkUv341fPqiKBct5vRaV1aGVc8+g9QhQ9BEBdPmESOw8ksRLe3x3Xffqb5b7PzXfj4eK0eNUoW5l8QLpz9t2X3ju1UuTPx0zN2JFjv5jkQL3y3zeXg4T6hzC8gvXTV1jVxQcg1ODAoS+2PxNVejOE1rEupp0TJlyhQ1k3ZdVTlm/fGPSBs8GC7lYzh+Nb8QGF9dNb52ruFwK18Th5/2OyBsomUZiZaM/gP0eCC/SefRKn6CMj4WLdlovTQhESsuuRgFWzar/MhdM9ifdQfDJxhmB31GtPipGPD7ffBTobZz4QKk/PrXqIiLJ7UZg0ZKFNOuEtFiB4Zo8VPm4zsXziz+bhpnQC8JTV8/bhKKwaoTjse2XyYqJ8bZpKKiAosXL1ZDp9uJXaKFr8HHtYGUXmuqq7H6H89hx8iRyoFyHG7bc08kf/WlNA+1gyFa+De4AFj/4w9Ye/hhqKfw81C6cZNZpauumlYQxJKQ3H1Ni50YooVrk4zCyep8u2J8Q+CJSaQ0F4fMAQOw8OabkJ+Rrvwox9z8+QsiQLRos2hX0U1K8iMPIX3YMDrnOBW/vLS6rq6aFp5xaCI/M3nfUWEWLQNVfg+Z36Rr0PxmHIoozS6/9BJkrVqlJvhkpKYlSOyrafHBR4Jl3dLFWHbSSaimu3MvJQZOECxapHnIHtqIFlpanVdXjAsKvvvgatPFo0dj+6wZcDkaVb8ShpuHFi9aFLWihVMr1xjVOhyY//TT2DFiBF2rVvXN17+dRMuKr0W0tIdZtLB5vR5s/eknrD3iSNX/wduvP4WjJgC7Y1ygcRU7Iki0cA0BF1BW59sV4zDiu/IcEiyL77wTFTnZrfrlRJJo4bxSWZCH5Y89jsw99qBz5/NPtLyurpgq6FUcxwNxMWFtHtJEyyA6Dy3fh8ZvJsAXG49SOuaMsWORv2mj8mFGnGZlZYloCQY7RIsKQFquX7IIsw87TKvu4wikxCiixV7sEC1sjZTxFhx8ENZTJuMaNHZcBtEsWozMXud0YNoTTyA1gR0NN6slqPDjaxfR0jGGaGmmyUcFgQvrf5yAVQccoAqiwPQUjAUjWgLDLBTYIVr4WEX9+2PurbegTAlA7YbAIFJEi0FTk4f8dxlm3nc/csm/h0KU9jbRwn2vyuh400mwFJaUqDg1p0URLUESKtFiDi6fx4u0BfOw4oTjVRs0t/vykzRcBcoJU0SLfdghWrgPS/Kxx2Dj3Ln0C9r8LpRFtB8kole0aBm9vrICKc88rZ6M4OZL7uHP1d2qKYKuX0RLxwSKFha0nEbcFF/rvvoC6/fZB/yUjZaegi/cenNNS0lcPOZff51qEuKw80e4aOHmVK4xqKysxIw7bkcW5R1uUtEK/eDiuLeJljK6AVp88cVqDCvKFKr52YyIliAJlWhRxRhlNF5mzJ+H1b8+AzVxcRR5Wrue0SGUE4SIFvsIhWhh58O9+Pn79VRArDvxROz4ZSK8dPfc1ORVcWx+mDTaRAtnbe5rpZqESLCs/8dzSCVhwtXcfM1aB2ZtncNDREvHBIoWThsqfGmN42zD/77G+tGjVX8orm3Vmomt015H1ptEC/tD7UmZGOQnJmLp9dfrnW5JDLDo036qmYiraeEXnSdTX12B5Q89gPShQ1WfHO6bw3Fldd0dWbSLFs1vav1xyqnsW3npJchbvUqJO81var7HQERLkISspoUFCyXiDcuWYPlpp6JKCZaWCOUEaTwiJ6LFPkIjWrhjXax6AmT5kUdgx+Rf4HY42s0U0SdatIKBm4SWPPssdpIoaakJ0MNAREunadM8ZIJ/l+Nt64QJWHPUUWq4A49qemvtHzpjvUm0cBjw47U5AwZiye23oSo/Xz+6NZEmWsxwHFcV5GP544+TcBkGH8VPMH1colu0aJ3OvbFxKKV4nX/hhchbvw5avz/rvCeiJUi6K1q0wOJCoAnrFi/E7MMPRz0JFi74OCKNSBXREj2ihb/HnW4XHHwwNixeDN9u0kY0iRbtrqdJFfjch2XXIB6bQRtDwRwGIlo6T0eihaGzhsvtwsYJP2HtIYfARU49mCaE3iNatCdkCvsnYuFtt6IkJ0f50I6IZNHC8E1rRXEx5j30EHIStf5gXQ2X6BYtmr9QfVjOH4v8TsSpiJYg6a5o4ULA6/UgdeF8LDr+OHX3oJ426ccJV0RLNIqWulithmUDCRHKCfTHw9e3nyGiTbQ0VFcj6am/YUd8ghqHReu/IqIlWHYnWjjtqD4uHh9WUv5bvc8+JFxap7nOWG8RLbx/SUIi5l1/HQqyMiluyPcG9GEJJNJFC9dcct7iud2m334bMlm4dDGOo1m08LmXxsdh/oUXII/KVC2vdjzth4iWIAlGtHDQcIs1/2dnlDF/LladcTqqYrWRHLWnhNpG6v+3dx6AcRTX/1e1Te+d0EKSHyWQUAzEdNNbCqGFQPJPgADpoSWUNAi9JQFCtWmmGvduq8sqltyLenWVVa2uO0nv/74zO9JpfWp3u6c76X3M406n0+7MvJk3352dnRHR4j6BiBYdLNBpR7NgiaGc075Nm2Z8SV5PB8fSDvKiQVjH90e4ixakHTlAo27ktGb99QnaeMABLFaQ73Hc8ex+q0JEy9AZfKSFqFOlvYs8HR7KnfIerTjma9SkRlywjsXu8cKfRbJo0et+QBxH07b4eFrGgmV7QT51d3m5XnVyJB2YsBctMM4HfNxYX00J995LRfvsYz05Ch8PPrKm41DkiBZ8Dz5Fuqvj4/QcltwcPZrLcXNgGSqiJWACG2np1g2NK+i6pARKZ8FSa5vDYjc4VkSL+wxXtMAnXg4S6LjxWDOeEsKkW6zDohvB4A0h7EUL11MVTFtbKf1xs3Cc//IwJqJl6Aw+0tILAjpizfpPplH2N7+p9q8yCxfafWC3SBUtqo0hn5z2sgl7UPrtt9FONcIytPYFwl20GJAn+Lh22zbK+OPvqXD//dU8D8zhMU/j9WeRJVp03MTF3nZ+n3j5ZbR5RTb1zmHhtqqO3j8iWgJkuKLFFA5GWjCHZcnJJ9MutdLt4BVSRIv7DH+kRQcJTLrFOix4rNnTjqeEht4Awlm0qPrK/7Bw3JwHH6S8ffbVM/w5v/7LQ5uIlqEzHNFi8oBN6tZ8/jlln3CC2scKYsTuA7tFqmjpVp1bDFXusQct+/nPaGfP7YOh+yRSRAtQIw0QLlu3UuLv/6Aeh9ZtaeA2F1mihfPD/VgVf2/2xRdTRUEB5xsjTUP3qYiWABmuaDEVMh+C5ZvfUI0WahMVzb9ztYloCdeRlij1REfSccfSynTsg4HKP/C9WDvhLFpQX1uammjBQw9RIfLMHR6ebDCCpD8T0TJ0hiNaDJjH4eGr0qyPPqasww5Vt+rQVux+8LXIHWmJoh1x8bT4lptpx5bNKu9oZ8MhkkSLBqObXmpoaKCZd91NpeyzoZRTpIgW5VPO0zwsHLdtGx8FbXOwm3x9EdESIEMRLaooUCDsFGx+WLRkEWWeeaaa/4ChXTzqNZQKKaLFfYYiWowf4JNd7EPsJbRp1gzq6sT99S41ijYcwk20mPqKRozND7Mff4zy9t2X864ftx1smBomomXoBCJa9DypTo472GTxHVp5xBHUwmWNuqkvgvz4RNXbyBAtuo0hL1G0JX4cLfvhD/QcFsRQlffhEWmiBfnDEhgQL411O2nRXXdR8d57k0eVDcclK/70LbPwFi3Gp0gnNj9Mu+IK2rx6lfIp8jo8ySKiJWCGJlowMxx7JnTSpsRllHXORLUOC5xnHGl3sN16vyuixU0GEy3wAe6tY3JcM/+M3Zo3fvk5tat1WNDshh9Qw020qNVEua7u2rVLTbrNO/ggFSxN/u3B0p+JaBk6gYgWjc4POo210z6iXGyyyLEBF0F4oms3nyjfhb9oQb3BfAfchiydsAcl33YrbS8qtHww3EsCTeSNtGhMna2tqqKM3/2GivfFJotx1M5mnwCPcgxX0aJ8qi7OY9QcltTLL6cSbH7IMUnHTPwbHiJaAmRot4e0ksxNSqDkU0+lhtjAnsEX0eI+g4sWbLsexz6IpmVfO5o2LpxHHW2tpCeQBUZ4iRbdMWAOy6JHHqG8/fcfdNKtPxPRMnQCFy29efJwx4HJuTknnqgmhHuiJnDZ970YihTRojc/jKXKCRMo6ec/oxqOsbhNiYu+QIlU0QKMj2s3V1LK7/9AJXvvzWWE0ZbIES1Iq9r8kD+ffdFFtGXdWhWP4NdAEdESIIOJFlMQq5ITaQFfCZnNDxE8fJ06mIloCZ/bQ+gUlh3zNcrJyGD/4t5z4MEUhItoMQ23FZNuH3iACiCu1WP4WJ1z8NFAXxPRMnSCES09dHr0raJPPqWcw4/gsvfjExU/IuH2UDTtGDeeFv7kNtrB5dLd3cF/FVz5R7Jo6aHLS7U1NTTrnl9RJZeTvdzCWbTg82q2OSxYtnG8020xcMECRLQEiD/RorOu/9/JHUXx0sW0/DunUysHC7X5IYsOCJC+Th3YRLSMnGjRwUH7C3sJZZ18Eq2eP5+/3U3eTrVrlP7jABlp0WLqK/41cVDMfOxRKthrL1XfOtSjpsOrqzARLUPHCdFiRiLUJovvvUsrDzmE2i1f6LgRnqKlU601o9Oo0xpF22PjaOkPf0CVRYXUyXmyb34YCKNBtHhRFuxnbLI47+c/o9I99+S2qcuxr4/DQ7Ron2q/1oyLpxRsfrhxIxoTdSqfBtemRLQEiD/RojbEUxs8dSvBknXOOVSv1mHRCwWZBjocMw1bRIu72EULrgTRcWN4E08J5WDS7Zefk6e9jSs5FrXCjKXgGEnRgmaKW5fIS0N9Ha346xNUcJDZ/LD/SZ2DmYiWoeOEaEHqVP74H/y8+qMPaOXxx1Mj+1BP9o9ln+C2dJiJFjY8+YT04ZZHxYQJlHrTj63ND+EvbCIbPKNBtCjvWqMTjXXVlP6b+6m4Z5NFPcclXEQLVnbXF+cxVI36dsXl1uaHeKxZLwYYbIsS0RIgfkda0NC4cq1MSaLUM8/YbfPDQExEy8iIFhMMsA5Lygkn0DpsftjW/+aHgTCyIy06EGLhuGWPPsYCY/CF44ZiIlqGjiO3hyyQSqQVc6zUJovf+Aa1xGDyuJ4nAp+E2+0hT1Q8m7X54c9/RnWVldY3nWNU3B6yMPW4bkslpf3hD0q4dFk+1k8VjaxoQRo6EDe5nlWxnxdecgltXrVS1Ukn25GIlgDxFS3INIbv8LoyKUHNYcEtoU52IJxpD+zDMREtI3V7KFptfog5LCtTUlTHr7sG5xgp0WLqKjpvtfnhBO7Y1ByW4EW2iJah46Ro6aWT2trbKGfaNMri9oNNFvX8kfASLXpkIIZ2xMfT0tt/Ym1+6MTYSl9Gk2gxoJxqduygBfffTxVxsexfU57hcHsommr5/dyLL6Ytm7G2jvPtR0RLgPQVLXqJ7YKEpZR42mkcKHBbQT/qJaIlMBsJ0bKyR7TEUQMH+PRvfZNWLVliVWyMqDlbuUdStDTV1lL6Xx6hjeMn6IXjuG4NZR2WwUxEy9BxQ7RwTtVob4fHS5lT31ebLLYZn7AwDZuRFrZt8eNoCeawlBSTl9MsomVoqDWh2NQmi3f8lEUDX3SoPoJFC7flkRxpgQhNmDyZKoqKrHY3vAU3h4KIlgCBaMnIzFBipZM7gYKlSyj93HOolgMDOgCzGJcWHYEbFlnSx4FoiRHR4hIQLdksWtDpqkm33z6VNkz/grzcMLs7PWoOi9NVO5SiBY1cdc6ciV183sy/PkEbcEsIV+JR8ZZo8V8Hh2PmCrqby1FEy8C4I1owVwn5ZeHCdXfl1Pco+7jjqFnFkPgRFS0fsWipwKgAW8W48bToxh+pheOw+CbmPCDdTjMqRQsbBB7qJjZZTLzvPmuOCy6S40MoWtop9dnnqHD8Xtzeo2ln3Hi1cFzFihV6NJfjpvMyVERLwJSVldLyjOUqMOQlLqXsM76rJt0iaGvDaIt5H7hBQWPkBk8fQbTMuv4G2lm1w0pFaBgLomWNJVqauLNd/q1v0oavvqA2tXCce51W6ESLp2ekpZHPlfXYo1R48EHq1oG/OheMdbC1o+5zOW448AARLQPgzu0hDdKNiylcVK375BNafeKJ1MzxY8RECxejES2YdJt2x09pWwVuCbnXaYDRKFoMKDeIg5qtWynz979XC9B18gXXV4cdERLRgr3Wlj/7LIuWPWkH+zVl8iVUzoIlmLWrhoKIlgApLy+j7OxsWpmYQIknfJ0a+UoVi49hiA4bfTllmGeAzgBXsc1cISFaqkW0OA5GWtJZtCw55mu0MXGZWrTLzQqN44ZypCUjI0M19tkPPkj5e+3FggX1CjsE+693gRjqKkS2ehyTRct6Fi3Lp05xrQyHit2PY0G0AJPvdu5c1n76GeUedxyljpRoYSBaVowfT8vvvFMtHGfS52YZj2bRAkz5YXfoZb/5LVVy+c4O4e2h1Oeep8zxE2jRRRfQ9sICJZTd9CfAXQ4RLQFQwh3A1OeeodnfOJFaOEC3cifQyp1Au7rSdM4wGRRzWVqi42h7TCyLluupbkfobw8t//BDyj/0MPLExobMNh1zbMhES8aMGfTSmWfR6kXzVJBvZcOrm7aVr5CWLV0aEtGyeNEimnLvvbQmNo7aY1Cv4qiNRYa/OheM4fHwNhYwjey/DIy0THnP9SA2GPbAFC6i5ZNp05SQxGiIm4bOpZXrWPa0j+mto46h9BESLW/cfy99/IPv09aCAtW+2mztwQ2bP3/BiIqWGRxX8OrPL04afFxXV0uz/9/P6MXjTgiNaOHynfXSy/TWDdfTNhYsKO9QxM3CwkI1chwMJibYY4OThN/tIQ42/73/1zTjksm04OLJNO+KK9Wr0zZ/8uXK8H42n+vtP/6JOzvsjhk61ETOxYvp0/vup8V33RUym/7r31BOTo6VCvfAEOuihQvo8T8/ooLMV2zTp09XhvdfffWV+txp+/TTT2kRiwkEHTdR+Zv5Ff3vhu/vVr+ctvmXX0ELLr2M5l51NX3w/R/Q0i+nuz5cPBj2wBQuouWzzz6jzz//gpYsWUKLuX25ZYvYFnI9W7BgAT16xx2UuXCelYLQ8rff/47+/czTNGvWrJ72pdqY1b6cbmcY5Xj11X+7Opo1EE1NTfTee+/SvPnz/PrFSYN/lyYkcH36nP72szupJgR5buN29MFbb9Iz3Ib6xEz2o3nvzy/B2sd8AZ2VmWGlIjBMTLDHBicJO9Hi9XipsbZW7YYbKtvFVldXp0REaNGPx1bzuXfW14fMahoalLJ2n25ugE1Ux/5s2LVrd+N09Ji/3wdhrVyubnaMhvbWFmqs9l+v3LKanVXU3NxspWDksAemcBEtuALfyeVUXV3tupnz4NXtkb3+qKmpUU+87NaOzM8utC/Ey5ESzbhYwCq2dl+4bSjnUOS5m/PXhDKGT1V5O+8/v8b1JNh+wcQEe2xwkrATLYIgRAb2wBQuokUQhJHBxAR7bHASES2CIASEPTCJaBGEsY2JCfbY4CQiWgRBCAh7YBLRIghjGxMT7LHBSUS0CIIQEPbAJKJFEMY2JibYY4OTiGgRBCEg7IFJRIsgjG1MTLDHBicR0SIIQkDYA5OIFkEY25iYYI8NTiKiRRCEgLAHJhEtgjC2MTHBHhucRESLIAgBYQ9MIloEYWxjYoI9NjiJiBZBEALCHphEtAjC2MO3LZuYYMwNRLQIghAQ9sAkokUQxgb9tV8TE4y5gYgWQRACwh6YRLQIwtjGxAR7bHASES2CIASEPTCJaBGEsY2JCfbY4CRhJVokkAlC+GPaqT04DSZafNu373tBECKL/tqviQfG3CAkomWwDLiVOUEQnMO0Y9/2jB13YQCi5dlnn6HzzjuPnnnmmT6iBbvjYhd1s0uutHlBiAx82ziw/+yLvxjhNCEfafHNiJsZEwTBeUybNYbgZdqwGml59lk699xz+oy0mO8ZM98XBCG88W27eA/DhQd+Nvi2afMdY24QUtGCTJgCMLiZOUEQ3MPelo1owUjLk08+SZt9RIsgCJGH6Z9hZqTUtGfT9n3jgO/3zfecZkRGWuwZ9/1ZEITIwB6Ympub6emnn+4z0oLfo437ftf3M0EQwhfTbtFeIVpMm7X/bDDfN+YGIZ/Tgle7aPGXeUEQwhe0V9N20Z6Br2ixj7SY7/v+nbR5QYgMfNuv/Wffdmx+tn/uJCG/PWQMGYYB38IQBCE88W2zAG0WgsUIEF/R4jsR17R5fM8cQ9q8IEQOpv0OdlfEtHVjbhDSkRZ7RtzKlCAIztOf0DDtGnNann/uOTWn5fnnn6ft27db39D097eCIIQ/aP9GtMDwsx3zO2Nu4LpoQcY8Hk+PSjOGz00hmJ99PxcTEwsP89dm/f0OouXFF1+kSZMm0bPPPktbfea0wPDe9/smJpjfi4mJhZfZ2yd+9rJ1dHRQe3t7z+ipEShGrBhzA9dFi8froeqaGiouLqb8ggIqLCqiwsJCKuGf8Rne49X8jFexgQ3lFO5lFWm+HIt1z9Qjf+b7+yJuszDzd+a9/XcbN2ygP//5z3TOxIn00EMP0fLMTKqoqKDS0lL1+/Ly8p6/MX8Pw3sxMTH3zbQ5u/n+zry3f4b2i1e0X/TbBdyf430N9+8QL4aIFS0mwfV1dTRv3lx68IEH6Z5f3Uu/+93vxMTERpmhff/h93+gyydfRid961t04QUX0C/vupt+//vf05/++Cd66MEH1Xt/fysmJhb+hvb7wJ8e6PPZI3/6A82ZM5tqa2t6+vyIFS0Aia6qqqJ333mXbrjuOpr0vUl08cUX02WTJ9Oll15Kl1xyiTK8n2z7bEjGx3LU/J3DCTPHtp8vULMf3ynzd65AzBzLfnwnzX7OYMzf8Z0wf+cK1PwdP0jraW98/J72Z85lOy9+h7Z74YUXqFfzue/vJ7OddcYZdOIxx9BJ3/ymau9o6zg2XvG9iy66cLe/FRMTC531aec+n6nPze99fgcz7RZtGYb3aN/XXH01/e9//6OtW7eODtECGpsaKSMzk9596y168YUX6b///S+99b836N+vvkqvvfaasv/85z/qc/PzUOy//Df4OydtuGkYiuGYODbe288XiCHf9nM4YSadThiO5VY6YU6mFebvHE6Yv3MFam7UTZhpR//l9//2U1dx3tdff12Zb7nbjwP732v/pdtvuYVO/sY36ZprrqFnn36a3n7zTfW7tziw2b8vJiY2MvaKTzsfLLb859//9vudV7kPf4v79eXLl1NDQ/3oES2dXZ3U2NioniTAI5Dbtm1TZt7jc6g087mYmFiIbccO2sq2hd+jPW7bsZ12bNvC7/Gz/kx9bv87m1VWVtJTTz5F50+aRH//+99pw/p1tHPnzj5/P9RjiYmJuWeV27gNctveuk33vTt2+O+D0VZN/2xvx9u2bOa/28H9+y7yej3c2/eKlYgWLcDMLu7PgL/PxcTEQmFof7oNctxR7/E//bv+2i6eJsDjj/i9/g6eHnrhhReVaMFuzwhs0rbFxMLYyLTvgfto9XslSnR75169J0aooGFh/zs3cH1OCwyPSZkM+Hs8ymB+Hsh8/95pzPGdMHMst7CfL1hzo0x9y9OpsnUjncDfuYIxN3CyDHt+5vfq505OMy6WYPwWOcDbTv6OFjK9AoU/VT/rR5bx1ABWxO2ipuYmeurpf9G5557bZxl/9Zgkf9fuO/vjkoIghAa0OdOeO7kte/hntHcvv6KFq5hgxQjd9rV1dXnYTJs3MaG3/erj9pobhGSkxSQeBeArYHwz5u99f+YWOLZxlFPmBm6k041yjZR0An/nCsYioTxxPBV0MGLi4fRyLOru4s/4H4JYC4uKdnxXn50FDgIc/8y/g5hBEMMf6VeMtDSrlXCxuJxZERfn6E+c6PO7409BEPqBmxzaHdoxREoHWzve868gXPAzPsd3zDotup0ibnj4vW7zMLRt076BadPG3CAkogX4Bkpgz5jv+5HC6TSMdH6GSqSkU3CGXn+jvnMQ8rSRl4VLBweo2sZGKtu2jfKLimhjfgHllZTyz9upoaVFBTJzNYYFpjpxHDbdbrC4XLO6LfS9732PnnrqKdpcWanOYm/3JsAJghB6IESamppoa00NlW3fQaXbt1P5jh1UwbZ5ZzU1tLaqNo72rdu2NrTbnlFTjLawaPEVNf7MDUImWpzGXwEFa27h71zBmJv4O1+g5hb+zhWMuYW/cwVjTtF7LH7FKAlfOWHCPCbnfTFjJj38l8fo97/9Pf3hjw/Qb377O/rzo4/SomXLqLquTo3AYPQFIy143+WTLOw99Mwz2HvoXDURt7KiwvqNxuRDRIsgjAxof1gMbsmSJfQMX2D8ldvp088+S/948kl67K9/pWeff54WJ6VQ1a5dSriYURk1AotRVku44BaRGW1Ro7XqAmh3c4OQihZkApk2ysz3M4PJrJiYmLumQVvspKqqnTR16lT6wfe/r27v3P7TO9VicTf9+Md0/vnn009uvY1mzJxJNbW1aluO3nbc23bNhon4+3/+859+RYvvqyAIoQVttqSkRO0NduYZZ9K111yrFo27/7776aabbqErLr+c7rzjTvrkk0+ovr5e/U1vvLAESk871rGjqxPxABc/fdu4ee80IRMtyIC5/2WGlGBmuEkHwL5BVUxMzC3rDT6tra00d84c+v4NN9B555xL/+Qrroy0ZCrYtIESly2lhx54gE464QS6+667KTsrmzo62q2/x1wWFi3WFZceaXlG3R7CRNzKzZvV8X3xTYNp8/bPxcTE3DEjWv766F/o5K9/nR7mtp2weCGlJSfSjOlf0qOPPEyTuP1ed/0NtHTJEm7TTT3t01zg8E/6M/7n5Z+9naNwTgsSbwSKrzjp7+fBDN8VBCFYdDvCWiqPP/44XXD+JHrwT3+k8vyN1LqrntqbGqmlsZ5WZKTT3XfcQb/9za8pKSlJbZSmRQsm5XGb5KDVyVdbeOQZGyWaOS3+RAvaL9o52rBvezbvxcTE3DHTxxrRcuZpp9OUN9+ghp3bqLWhnnbV7qD1q1fSgyxkzjnnHPrT739PeXl5qo1DrBjrFS3qkkVNzjc9Ms7ha24Q8ttDvth/NgULTKb9mSAIzoA2t2nTJvrFL35Bt9x8M8348nMWJa3cADHZrp2/4KEmDmhrM9No1YoMtbCUesxZ3dP2qPdqYh4HM4gW34m4eHrIDtqvbzsHvm1bTEzMHQNoexAt//z73+mcs86ij6e8S+0tjdzccSHCbbi5iT6Z9jFdecWVdO0111B6erp1kYE2q9ttn2Oq//Sx7b9Tv3eBiJ2IKwhCsHSrWz0ZGRn04x/dSPfffx/lZmaQ18NiBaLF06aNxQvuWWuxAcMISwf/3KHmtyCoAdweMiMtZp0Wf7gZ0ARB6B8jWv722KN09pln0dtvv0OtjS1EnR51IYJR1GVLl9Idt/+UrrjiCkpKTrJEy+6CBKZm4lujL/qzvsLGDUS0CMIYBQGmra2VkpOS6Ibrr6ff/uY3lJubS96ONsQgFchwBQZh0tbWpua+dPD3u1jUQLhAyJiAhj/oXVzunAFFC3AroAmC0D/m9pARLe+8865q12iP+B3aeUJCAt3x05/SVVddNaBoQYzAq+/Iqe/vzWdOI6JFEMYs3WpUJTs7m2658Ub65S/+H6WkJFMHixT1Ww46WICqrrmFcnJy+HcpVFxcTB0dGGXp6rOOA342Tw+JaBGE8MSMtPz9r0+o20MfvD9VCRU1N4UN7+fNn6eeIrzyyispJTVFLYfAf8nGbV39212cmPasXvGfz2dOI6JFEMYy3V1UVFhId//yF2qb+ffefVeJD4QorNOA140lpfS73/2O7rnnHpo7dy61trSogIS1WvTKuDqgiWgRhPCmR7Q88YSeiDt1KrVaogVtsr6hgd5+6y268MIL6bZbb6Wc3Fz+G4y0YL1cbuvWP7zTrb4vRqwYcwMRLYIwhkFg2VVbo7afv4gD1e0/+YmafNfY1KRWyK3YvJnefON1Oun44+mHP/whLVy4kNpaW/GXerQFc11U6Opdxl9EiyCEJ2izpUUF6umh0771LXr55Zdp+44dVMPtvXxHFc2cN59+ctttNGnS9+jfHBPQhvU8FSNRtGhRn6lXbQb1nr9q/9xJRLQIwpgFQUXPa8lZsYLuuetumnj2RLr//vvpg48/plkLF9HLL71EV115JZ35ne/Sf/7zH6rcXMlCxcN/iqsvPQEP4Qyv9nVaRLQIQniB+SllLFr+/sTjdPKJJ9Jdd91FH374IU2fOZP+99Zb9LM776QLL7iAfvPr31DB+jXkUWsy9V2aRNMrWPRn+nPfz/TnziOiRRDGLAgseu+h5qZdlLB4Ef3hD3+g6669VtmNP/yhmqCLYeL/vvIyFeTnkdfbof+mW7+qIWMOThAuzS0tSrScd17vLs/94VZAEwShP7iddnfRzm1b6OMP3qebuX3fdsutSqBgDaZf/uKX9NPbb1dbcGQsT9ePQqu2jiUN9GiLb7s1wsS3Jfd8ZpkbiGgRhDFGbzDBEG8nv3Bg6vRQQ30trVm5kj776EN68fnn6OXnn6cP3nmbElnMbCkrJa+1Eq7amt5nt1dcvUG0YJ0WLA8+3JEW3yA3kAmCEAxoR13U1tpEFQV5lLZkASUsmk+JSxbSsoVzadGcWZSauIwKC/KpDYKlUz8lqA0jq35EC171jwrf9ur7XScR0SIIYxYEFX0FpR5vZhHS6W2jhrpaqiwupPLCPKrevo062lp6hofxqk3fHtKBTN8gUqLlOREtghC+6LbeyW3aw8LE19qbd/GFSQtfhLBY4Tig1mhSI6owfYHi2w5Vu1T/evFtr77fdRIRLYIwpoHowNwUNhWYTJBiU6tkdqjPzZ5hJhj53uM2wSnQOS2+xxnIBEEIFrQjbuu4SGFR0tHcSN625p6FJL3trSxcWvV7tdK1GWWxYoSPRDHvfFtmKNqsiBZBEBiMlhgzAQqPOcJ6xYqCX3wDk/ncdxl/mdMiCGEKRkYhQpQYMbd/fK13DkvfeGB+7h9/ccFpRLQIgsAgwNiNA5f1Hv+3Yw9MIloEIVLQ7brXjCDx/czg7zP/mJhgjw1OIqJFEASLgYLM7kHLHphEtAjC2MbEBHtscBIRLYIgBIQ9MIloEYSxjYkJ9tjgJCJaBEEICHtgEtEiCGMbExPsscFJRLQIghAQ9sAkokUQxjYmJthjg5OIaBEEISDsgUlEiyCMbUxMsMcGJxHRIghCQNgDk4gWQRjbmJhgjw1OEnaiBQvaNDY20q5du0Ji5lx1dXXUyecOJXBqE86/Ywc1hdDqq6qora3NSoW7eDweamltpdYQG+pRKMC5Grg8/ZWzW4b60sL1xq2gMFTsgSlcREtTU9Nu7dxNQwzZuXMntYeoTdmpr66mhoYGlY5QGeKltxNrd4QeLGzozw9uGfKL12ou564Q5Lmb89fI56uvr+85t2/Zu2WoQ+3t7VYqAsPEBHtscJKwEy1lZWX0/tT3acaMGTRz5kzXbc6cOfTmKy/Tn3/1K9pWXmalIjRAOHz24kv07unfoYWnnUaL2Oaffrp6ddIW45WPu/C00+krtr9NvoyWLV1qpcI9sIJq7vLlNO8f/6SkJ54Imc1/+hlav26dlQr34GZJifPm0puTzqP5VlkbPzptC9l/C77zHVrA/nt50vn06WuvcYAZmU7SYA9M4SJaprz3Hn3++Wc0e9Ysv23eSZs9ezZ98v5UuvXKK2nV8jQrBaED5fjYNdfS6//4Oy1YsIAWLlxIixcvVq9u2aJFi+jpp5+mys2brVSEFnSur7/+uir/WSHy8evPPE133nAD1VVXWalwjxYWKe/84x/0/F/+Qou4vOfPn+/XD04afDp1ylRKT0+3UhEYJiYYc4OwEy2lpaWUnJzMFbNeLQvuljVZVrx2DU2/6kp64wc/pJ07tlupCA0drGqX/Ospyo4bR7uioqgpOkq/RkU7ao1RsdQYHUvb+PiLTz2FvmShlJiYaKXCPTq8Xkr96CNaffTRVDthAlVP2INq2PA60PtAf9Y2gVad+A1KXrzISoW75MyYTklHHE51XLaN7Ltdqrz9+yFQa4yKoQb2YQOfY/m++9IXDz5AczmYYpRnJLEHpnARLVOnTKHt27dTi097d8Mam5qoqrKCUh5+kP5x+JGUt3GDlYLQgQuDV7/1f7T40oupiC8Q2jvayeP1uGo454cffkiVFRVWKkILRnkgVlD+/vzipKGPKMzMoHmXXEz/mPQ9/qzJSoV7NNfV0uyf/4y+OPNMWrtkMcdRjxo5hvnzhxMGn67MzRXREggYacnMzFS3FdzC7JuytSCfFrJg2RIfT3Ouu56qq3ZY3wgNHg4wKazg81m0dHKH1BEdzRZDXdxBOWmdUXFKuCSffhoVcGArKiyk1NRUKxXuAdGSxaKl4tBDqZs79FAYsZWxSFoegpEksGLWTFpx5BHUrfwXw4by9u+HwC2O60csrdx7b0p45WUqLy5W/hPR4p9pXOcwpO4WSDtiSDt3aFn/epIKDjmYPt9rHyrMC71oQTo++r+TaMu4cZR80UVUuX6dXtvUinFuMW3atBETLbhtgpEB5NEVuNh6+oi8jZR63bVUFT+O3pl8qarjbgPRkvSzO6k4JpYSvvVN2rRsqV7akdPjpk/XrFkjoiUQ3BYtXJRcmF1UVVBAiddcTTWxsdTEHcKC666j+qoQj7RYoqUgLt4SLePIExOt3jtlXdyJt7AYyjr5JCrgyo/GmM95T0lNsVLhHmNFtOSwaEE5e5TodN5/OO76ffahzBefV+fctm0rJaekiGjphw8+/NBF0aLzjKvezJdeoLV77kUeFpbT99yHNm9Yb30ndOAK+e3/+5Ya5atjW3zuObSFYyjauWudOjOaRYup1zWVlZT4g+/TDu4jmqOi6eOLLqG2EI20JLNo2cZ9AeJJ0teOofyEZcrXbvp09erVIloCwS3Roq8+9EZQ2wvyKf3mm6li/ATq4orRwqJl9vXXU02IRYsZaYFo6eJG0c3WyYb3wRiO4Y2OU9YAwXLqKbRm1izqsMq0pKSE0tJkpMUJcli0rLJGWrqiYlTZB+vDTs6DB/6LGket0TG0/vAjKP3ZZ9RkOdRj3PqQkZb+cUO0ILVebCLHMaSxvo4yn3uGsvc/QAnKbo4fX+y5LxVtGhnRgpEWXHh1sVVzPZx13nlUnpvDv/NywjvVVndOMxpFC3ba6uxiYcB+rikrpqQf30jl8eNUH9HO7TCUIy2pd95J21kMe/lCtiUmhtLOOpMKFi8iL2K42uiQ2571facQ0RIgbomWbq6SqJCVxUWUwIKlcvx4vkJCJxGjRMvc664bQdHCDYPToYyDjr/OeDjmjYpXgmUXVPopp9CmeXPUqI5p5BAtMtLiDLmzZvQVLQ74r5OP4+Ug6eXXtQcdRJlP/4saa6p7/KdEi4y09Is7Iy3coXV7qa56J6U9+U9af8CB1MY+woUGbPqee4+saFGxLFalZQc6uUsvUbeCvZ0elW6nGY2iBRe0XhalZRvWU9L119GWOFz4af9CnIb69tA2Vb/i1UVQbWwcZU2cSJuWLGZ/QljBp862IREtAeKGaNGF101lBfk075qrace48apDQOcwGkULglc9V/Sk00+nTVwJMZSttxrXlUhEi3O4IVpwHA8HLMxhSXrxBWpsqFf+E9EyNJwWLSatTbsaKO1fT1Ee12f4x4vRDW5n4SRaOrlz9XC6dsbHU+Kll1Jxbq6qO4h/TjKaRIupx/hXvmkDJd5wPdWwYEH/gLlkIyZaYlC3tGjxIqazcEn+9qm0MimBOpU/nRUGIloCxJWRFi67HSXFtJAFyy52vJc7lo4YVMo41UGMJtGCTruZLenkk2lNcjIrcs48Xz34Bi0RLc7hhmjxsOXutRct+fcr5GH/6eDc6z8RLQPj+EiLldSMF5+ndfvuyx0Y4geEJdpt+ImWjujxHEdiqJY7vTl8dV5TUa6+62SZjzbRAmorKyjx+utoZ1ysEimYY4gRz7AQLdF4jVX1buFRR1F+YoKqlk76VERLgDglWnSYx13KbqpSc1h+TNtwf1JVwHhVCUfLSIueB8FXBJynFv4599RTaOOc2eRRIywe8toqj4gW53BCtGCyrZ4Hg6ePoqng4IMp9+l/URuLEvivE6Ms1vnA0EWLO0HDYA9Mo0m0IHU6enRR664GynzhOVqjJt3iqjeO4wdGWuCz8BMtuCjD7WFclFVz3Vp87kSqXLtGfddExWAZDaJF9xEYs+imus2VlPKjH9JWq18wfcSI3h7yES2IK9qnsdxfxVDWqadSMZdBp+on9Sh6sF4V0RIgTomWbnXfr5MqS0so9dZb1BwWdA6+HQUCzmgQLRgO9sTEUgNX8uSTTqKNs2dRR0cHnwGVZveKI6LFOZwQLbiaw0Q/dIQbDzmEVj75T2qurbXOsLv/ZKRlYJwRLbgd56W6mp2U+dSTtHbPPVms9PUbfB12ogUdnHqPdMWo9lDPln7JxVSMOS7eDjXPJdjSj3zRwh7mi4FOzGHZuIESv389bY6L6+NfdTERJqJF91U6LUjbrpgYWjFxIuWrOS56DRd9GzBwRLQESLCipaew2MoK82neddfS1vET1BwWe4UcLaKlC5NuuYInnX4arU5K0hXYOoc/RLT0BWXlz4aCMyMt+qp91d57U+rzz1IjBy3QX6PvK1p2T3XvX1k/93Mc/58OnZ62ZjFaRIvOV5fyQxoLlk2HHkYd7CO738JZtPRNazRVx8VTyqWXUkFODnV1ooMLrvwjWbSYegvDpFvMYamKRdnt3kcMVbQ4WZv7Ey32tGGOS+oZ36VVyUlqNJZEtIwMwYoWVGQU1vZ8LBx3FTWwY1EZvex8X8ePJtHSyH+TcuqptI47Mp3/gZ8WENHSFzQtbb7/9M+D4YRowS2HlXvtTUv//Qq1cZ3Q/uv/3H1FC4b8tfWm3feff3T+9BB5oNgD02gQLUgX2hCG3fFY84YD9GPNap4I+9fXb4GIFuQa3kK5Kx8EWQ5DES24pYDbHTVxsbSQfbOluFj9bTAjFZEsWvB3sJ3FReopoRprnSyUkRnJgIW3aMHIbBy1Yo4Lx7tVSQn8l7ruBlqnRLQESKCiRRcPFxQqY0E+pd74IzWHBQ0W612gAvZ1ug44cH6oRYtxZqCiRaddB9BWbkzZp5xMm+bPVRs+YpSlc5DKIqKlL1xrcFfY6kzwU+8/6wtWI9QBwdcCFS2ms0Mw3HjwwZTNHSTqfDceUVVzD/rHV7R0d3dYhiF/nQcYZA9aEN6rtJq8MHinPzH/AsOUgSGSRYtODfLTRe0tzZTx8ouUu+++1MY+RfzQAqWvD/Vn2o/DES1GsADtm8AZmmiB6OK6yR1gNb9fdN45VLlxo7X5X2Bnj0TR0uvjbqrZXEnJ3EfglhCeAsOkanvbHUi0mLpv/If/B+NHX4Y60oJbyrgg7+D3yaecQoVLl+h1XAJEREuABCJaUDQYHuvu6qStrJ7Tb7mFKsdBsOigYne4cbr+3QiIFus1MNGCyWFx3Jji1T43mSefRBu+mq7msPR0qtbx+0NES19QXgh/JoTjvelYeg2NsK9oAbstLjeo/3QnohePi6GNXDaYw9JSV6eOjyFefeT+8S9acEsQ4qtXsPQRLUivdWCTH5xJ/wsM33IAkSxaIPS7OH401FRT1tNPUe4++6pbdiZ+2AWL8mMAogXo8tf4vg+Eod0eMrEOj2hHUQ1b6oUXUEWGnuPSyTUB9WY4RJpoQRmrCe1slXxRm/TDH1AFCxbjV+1He5kNR7TomOEEQxEtOn34DIsKRlFdTCxlnTORChcvUvN0kM/BI0lfRLQESGAjLbqAygsLaNEPf0iVag5LXwfbbaRFCyp4YKIFHWM8NcREUdJp36aNrK497bilMPQKIqKlLyi5HuvT4IzBW8bws/m/XsZ/5bBECzoVvWjV6r33pnT2f2NNjc85B8e/aNGSCynEOyNa1I0mc2zr+Pg/TIsW6+chntsXe5oje6SlixpqayidBeTGQw7lq9fdOwm79SdaTLn4mvq8x/DP92c26zvDZaiixW5YhyR98mQqyMoiL4s1JZiHQSSOtKAbxxyWhBtuoG1qDsvA5TSQaHGToYoWX0Na62LZp2efResSl+mlLobpUxEtATJc0WLu4ZUXFdJ87CWE+5NKAPSdCW63UIsWXwfqoNUd8EjLLv4eBEve8uWsqlExh1c5RbT0T29jg5my7TXzG2PDFy16DksuC5alr77MQbCZD4Rj42hDo69oQYcDmWKOoUdQ+ogW/FPn8J+HQOktK00kihakAzGkva2VUp59hjYdfLB67Lwzajz7auCOwr9oMWWt82dyidf+LBgCEy14bHsc1YyLp8UXXUQVGzfykXQ5DNUvkSRaTL628kUtBEsNpg0oH2MOi7/y0RZZogU+jacmFi5LTzxRzXHR7b5vGx0IES0BMjzRwgXDFRKbHyZdfz3tVAvHaUMH4s+5xkZ2pEX/C0S0tHJFxi2hvEULuTF2kld1WsOrHCJa+qdvY8Nrb2evf+7L0EWLDjoIfusOOECtdKuOzh3ccAfndxctECI4mk4f/m9GW/TtIQRtfucjbsy39V8Ehj0wRapowUhl5ssvqs0PsUu3jiFYCdWfH3utP9GiyxhlDdOfDGTBEIhoQexTC+NxXcStIsxx2ckXfZjjMlQhECmixdRRzGHBLSGMsBj/Di4EIky0cL7UHBdOa8I3vkGFy5aqeY5DbWsiWgJkKKIFVRUdNu7jb2f1nHHzzbR53Hh2GByIhjuwYIGFSrQY5/k2MLgSPw1FtKiGE6UXitrFv8Ok2w0zv7LWYdFXEMOtGiJahgtK2H8pD2Uirn56bZwKJhsOO4xy/vUUtexqYN/Bf8OVLHbRogWL+ucTJHBMjLLobpN/MqLFiBwHAoqp24ZIEi1m88Nd3EFkPvu0msOCETB9+1XP/bD70W79iRasDwUxqgSl+odP3SHQ20MQLF3cISL9O/jnxEnfo8rsLNXJIe2oOwMR7qIFv8Fec/DB9pJiNem20prDghEWvWic/7IxFkmiBYbv6NGjaGqIiaHMs8+iEi4nNTmXy0LHgv4R0RIgQxEtGABHhawoLqJlN/2YNo/HXkL+HdmfhVq0+DrQvBuKaNHzHyBYoinp1FNp0/x5fTY/DAQRLc4xmGjBZ9g3BAvIrT3gAMrA5ofV1eq2XqCNuq9oQWuwhItPXVPG31XGnZCvcNF1p+e3bIFhzmOIJNGiNz+spvSnnqSNBx1E7UPoFOzWv2ixPNJHtARX1v0RqGix287YWFrOnXIBYi8fc7BNFsN/pKVbzdUpXb+elt5wA21VS18Mr1wiTbTYrTYuljInTqSNGHHhOok+c6A6KKIlQAYTLbogsHBcgZrDUj1uHHcKg98OstuIiBabD4d2eyiGGjidSaedRnlcobDdfM/xAkREi3MMPtKiAx42P0x86QVq4s40WP/tLlr4ePy5OW6PqW/jPdqSj3BR11zWz/ZKOQzMeQyRIFrMeVuaGimVBWTeYXrzw86ocTa/DW79iRblEVX++BdMCQ+OU6IFT7JVx8dTwqWXUtG6dXzkvr61E66iRZW7Knui8rxNlKjmsKDjx+2+wW/5+Vqkixb8HfbaSzz55CFtsiiiJUCGIlp2FhXRsquuVAvHYfOy9iHcn7RbqEQLsDvS2GCiBR0w9hJKOekkWp2YqBspi5Zgo6CIFucYTLR4uY6t3nsfWvrKy2qOCW5ratEQOH1EC//sr27BdEVBYNfnVGu5dOO2oq9wCbwy9Z5HExEjLXxazIPLePkFWr3PPuqWXRuLlqHMYbFbf6JFG8rWlK/5Ga/O4pxoGU9dMXx1znmaffZEqt1cuZt/fQln0QLqtmymxO/foFa6xSaDsE72s7+892eRL1owuhSrNmBdfMwxVIDJuQP4VERLgPgTLSq8Yqi1u4uqCgso/Zabaau1+eFQ70/aLaSixTI0Ml9n+hMtyAtuJ2CXVuzWrDY/nD3T2vxQLxwXbFUQ0eIcdtGiN6vDlTtWrMTmh4dQ7r+eovbmZst/w5/DYsdXtBhMnUDd6g3m+BStB3UH7UkLl17BElxHag9M4SpaVCmotHZSS0M9ZT3/LK3ecy/1WDOeMsRIC+KBv/o0kPkXLQBnNGaw/+wMTokW5B8rwqKTwyaLS86dSBWrVqnjo57oq/Rewk20qNqMtsV+rq0sp5Qbf2RtfogJqoH3EZEsWpB+/VBKHDVzHc8+/XQqWbTQ2mQRq/P07UtEtASIP9GiJw76bH7YM+k2cAu5aGEHYrXaHuHCn/kTLR1cyczmh0nY/HDOrAHn9wSCiBbnsIsWbF6J1UfxirkSWDiuqabG+rYz+BUtPoGiN1QglEOwYB0XI1aMjSXRAiHnpfpqvfnh+n32sSbd+q9DQ7X+RUsvyKUxN3BKtMB8hVsdW/qll1Ahx2JssAjzJdxEC/oHzNkoxeaHN+y++WEgFumiBWbqJ943cL+y4pyJlLd0CYv4TjXnB0LPIKIlQHxFS0/G2dTmh9deQ9vUwnEYyg3MicZCJVp0wNL5QIBBQzPdhV20qC0HWLRgL6Hk00+jNcnJ1uaHzjpfRItz7D7SokfLsPlh8vPPUVN9nfVN5/AnWoBpL7q24P8QJ5hQacwuWGCB162e9mkRjqLFpLGpoZ7S/vUU5R12mLqdPNz5Df6sP9GCnGnD7Bb93i2cFC2+hnxhjkvS5MlUnJNDWG3c12fhIlqMf2Fqt+YbbqCdcYijwft3NIgWX8Mx6lnMpXzn9D6bLBq/imgJEF/RYirljsICWnj11WpSEQpeD3kF50RVIbmTCZlo6XnPgYYrCtZX8TfS0sCNI+nkk2ktCxYMdeorZGcR0eIcPaKFzwv/tXNHlrvXXmrzw3YITvaz9rpz+BctaCtaEKv6pq6gYEao+BMssMDTZg9M4SZacA4VQ9gyXniO1u+/vxKU2PwQjzXb685wDbcCdRzqT7T0mlu4JVq8URPU3ja1sTE079zzaFt5uTqf8RtES0UYiBbTR+wsK6GkG66nnfH6sWa1Dg23R395G6qNNtGi5rdwvW/n42KTxbzE3k0WgYiWALGPtGwvLKSE22619hJiBe2zeVkw1rsvkfu3hwCqBboMc73LLu0RLfksWlCpWrhhZJ1yCm2cM1uPsGBfEBccL6LFObC43AprpAVBfgPnNZt92tHeRt2dXvJidM36rlP4Fy2oUfjHdYyFUq9oMTUPn/kTLYFjD0zhIlo+ZNHS0NCgyqKtqZESWEDm+Gx+CLHhSAzpR7TAF8ofuIpV/9zDiJZGlSbkT4sWf+kdjqGMMCKFC8SdfLyF2GRx3Tq1AB3yEy6iBaVbw/Vs8S03q72E9O1ZZ/oImBaAuFAOvWjZyuKii8sfPtV9lf80DtVQJph+gH60jfOTetppVLRkcc8miyJaAqSsrJQyMjKUaNlRUkwZXBkrJ+i9hPRVBG6j6IYZjKEieNDI2Xkt3NnMvv56qq7aYaXCWXQI06a7DTQ1LVrSnn2a8uLHqXVYMk76P1ozc6ZeOA4O1/85jogW58BISzaLlk4OMJs4n1lPPUmNtbVWg3XDewPcHlLGV07oLNX5jTCxah3ETM9nsODSZw9MYSNaPviAGrhjw15C2U/9k9bssw+1c73Qbd+Z+AHDvBg9iTeavtxzHyrYpJfD7y3f3jJ2K7dGtOzi/GE0QD++zenj98EabrFoi6YqLrf0iy+i8uXLlRAf6dtDCxcuVGsdbc3Lo9TvX08VHEOVGFUxvXfEKVhTfQRe+dihFC0Jd95Bm/nc8CmeblPp8fFNoAZfYpQRr9irKHviRCpezAKQ26OIlgDBSEt2VhaVFeTTku/foJ4S8rAyxNAnZkE7ZZgXg8cdlWiJcV+0GPDe/Izlw9P4qjw3Lp7Sv30q5S9bSh0eTJp0z+FARItzQLTksGhZtddeaoSlkTtKN/2H4w4sWozh/76dpzb9uTPY8xkuouXjjz+irZWVlMH+yMPmh+p2MsTF7nEgGEP8QKeCK/HP99yXRcsGdX4382bHV7TgShrxDOlx3mLUXkWZl02m8uxs+vSzT0d0pGXx4sVUunE9JWMOC8dvvVaXs30ERiTgYz1CMQIjLSod+tx6pMWfX4IwPm49FqA78wwqSEygtevW0XIWpcFgYoIxNwg70VJeXk6zp31Mc6+4nBqw7HIMKmI8EVdMio12zLr5eKjk3VwxGmJjaRaLFteeHrIciOFM3PYxhpGWRRxYP/jO6VSRmmwNd7rPSIgWiIlQWahvD314/AmU/vJL1MEiIhT+U6IlLW3ooqXndpFOnf5/8NgDU/iMtLxPi//2hNr80BuLDm0CEV+t+osDwZieM6H3sflsr317bg+hHUNMwEybNmXldL5xjg9ZtOzkDgiCBZ2c3w4qSENeccVfzbEy+aIL6IXHHxvRkZb3X3+dln3/+1Q7YRx1sy+6WZj681Ew1q1uzyD/MdTIeQ+laFl25x1UzOVubvf580mwBp+2c7k1cl+45Pjj6dNXXqI0jivB4FvPna7rBo7y4cXGjRvpkauuoo+5o5t9yCE0l20+Xy3hvVv2BZ/ruRtvpM2VzjdC4zyIlJbWFmpuaVbW1NxEjQ0N9Pyjf6Y//u53NH36dPryiy/oS+t1+pdfumMzZtCbb75Jy5Yts1LoHhAty/icX11wAaWccQYlnnWWenXb5l5+OSUsXWKlwl3mfPIJ3fOjH9JMLle/5e2CTX3/fZrB5xtYtABrdMXcLtIfmpegsQemcBEtD//2d/SvI4/qad+LrFjipj1y9NcoMzNLnR9Cpa2tVbXz9vZ21fbxmTEn6eDj/fGSS+m9M8+k97h9uWlT2D48+xx65dzv0cWnn055mzZZqQgt2H7h/osuojcOP7yn/Be41EfMs+zzQ4+gx86aSDW1tVYq3APzsV5/4EF6+dun+fWDk/b+WWfTVDa8/9mk82jGF59bqQgMExPsscFJwk60IBCXb9xA5bm5VL4yNFbGVlCQT61tbVYqnAXOwxydFs5bW3sbtXd0cDDjVw5oRXzeDRs2UH5+PuXl5SkrKCigoqIiv4ZRkmCstLRUvaJhuA3yXVVVRRvzC2ljUXFIbANbXnEJ1dU5/6ixHeRv5/ZtlM/B25RrKKy4uJh27NgxhA4QQQOjLH0DiFOhxH7ccBEtW8pLqTQn229bd8vWrVrZ06Yw+tHczBcnbJifhrbfM+ricL5xvM2bN1NDXTXVc52vr3fR1PHrlW0uK6H2EIw6+AMTR0vWraGy3BV+feGWrecLar1RrbugrlSzMIOh3BHLdvOFQ9bItsvyae2O7VyPghNlJiYYc4OwEy2jETgPV1uo8L5XXXYHwwTBOVCfdq9nTmE/XriIlpEGbbu1tYXa+CII7d20eUEY7ZiYYI8NTiKiJRSw7xC0/F1tueVYQfDFN5D0qX/WayDYjyWiRYM2jlFU37WmRnN+BcFg6rqbdV5ES4gwTkQQswsXQXAbU/96DJ8p0+8DwRzLIKJFg/YNwYIRFoNvfkdz3oWxjYkJxtxAREuoYP8ZR4pwEUKNqmldPkHF+gzvAq2F5lgGES0atG1zW0gQxhI98cUWG5xEREuI8XWmW04VBL/oh4l0HeS32vT7QPCty0BEiwZ5E9EijEVMTDDmBiJaBGEUYw8iPYbfKdPvA8EcyyCiRYO8iWgRxiImJhhzAxEtgjBKsQcQ3yCCd/yJ/tz6ebjYjymiRYO8yS1gYSxiYoIxNxDRIgijHL24nDZ9j8gIFfMaGPbAJKJFg7yJYBHGIiYmGHMDES2CMKpB8DAdqBYtveLF14aPPTCJaNEgbyJahLGIiQnG3EBEiyCMahA4fAMJOlOskttrWrQMP8DYA5OIFo29XARhrGDqvpttQESLIIwyECp6w4X5SY+w2AVLr2gZPvbAJKJF42bAFoRwxtR9N9uAiBZBGGUgVPQNF/jJv2CBiWhxFjcDtiCEM6buu9kGRLQIwiijb6jATxAsXjYRLaHAzYAtCOGMqftutgERLYIwytg9VECUePkXMBYqPqMu2AXa318MBXtgEtGicTNgC0I4Y+q+m21ARIsgjGoQOCBajPkGErwPPLDYA5OIFo2bAVsQwhlT991sAyJahDGLmw0rXOgNIL3Cxak828tPREsvoz1/guAPExOMuYGIFmFMYRpSKBrXSNObPwgVI1ZEtISC0Z4/QfCHiQnG3EBEizBmsDcoXxuN+MsnDAufOYE5nkFEiyCMbUxMsMcGJxHRIgRFJHU+9gYVSWkfPsjb7vmFiWgRBMENTEywxwYnEdEiBIzbldNpfNMaKWkeLsiVNuv/Vp7t5gT2Y4loCW+kzAW3MTHBmBuIaBECBlfs2H4/UoKhb0OKlDQPB+RIPx+EfPY+zmzy7Zt/J7AfT0RLeCNlLriNiQnG3EBEixAwnZ2d5PF4HLvd4DZuNqRwgHPX+0+tx7L7Giz4yakSsJeniJbwxV7eUv6CG5iYYMwNwk60IKMj0Qm6WcgDgU4fwb65uTkk1tjYqF69LDiCpcPTQa1trUq89Ad8Gepy7a8OuZGOzk4vtba27lbObllTU5Oyjo4OKwV9QQ65Jqt/XXhiiP8Z9O/MaEzw2NtMuIgWjP61tbVxGbWH1AZqB27S3emx3oUOu+9DCc7bzvW/vT30Pg5FnnEO1KVQly/Oh4gRDDiGr7lB2ImWgvwC+sd999Prd99FU39zL0359b307q/vc9fuvZv+89vfUmFhoZWK0NDKnc9/HnuE/v7IwzT1/ffp7bffpilTp9J7773nmuH4zz/zNKWnplqpCJz29nYlgtCB+qukXhZkMz+ZRs/+v58pP4bKn6/d/yv65MMPVOflJhBGM996ix7m+vrhRx/q8p0yhd6D2crdKZvK/vv3q/+mr6Z/pcrdDjzQa+afO9h9Hi6i5Z3XXqPHjz6Gppx8asjsgSOOpFkzZ1opCB3o3H5555304j13q/YF89cmnDS04b/eeCNVVFRYqQgtDQ0N9PjP/x+9esq3/frCDXvr//6Pfn7uOVRWVmalwj2Qv1efeYae/Xno4iaO/wb3g0sXL7JSERgmJthjg5OEnWgpLiqm5x9+mL78xjeoJCqaKqOiaDPbNhdsCxuOXRAdTV98+3QqWbHCSkVoaOXKOf2222n6DdfTjsIC7lycugYemOysLMrMyLB+ChyMMNTX16tXvXhZXyAaZs+aRc/94AeUvt9+qqzL2bay+fNHsGb8mREbR/N/+3u/nbqTdHGHsfiFF+jDk06i9cuWkseD87nvP3QWCQkJ/eYPKfA1t7AHprAQLXzYxPenUkJ0LDVyu26KjuHXGGrhWOKsxVAzWwOfY8WRR9K/f/Urmj17tpWI0AHh/Md776UvJp5N6+PjVftyK17CcOxSzv/r4/egkk0bdCJCTAvHzVk/uIGKOR3NbA2cJvjZv58CN/gXtiM2lhZ/97v0yiN/puLiYisV7tG4q5HefPVV+u/EibRu3DjVB7oVN3FM+LSMbd6BB1L61ClWKgLDxAR7bHCSsBMtFZWVtGzZMlq3aAElcEWp48rYHR1F3VyJujlAOGmdfMwuPnZ7TDQlnXY6VebmWqkIDW27dlHiLbfSWu5kE3/4A9q8YYOWLS46HGRlZlKGA6IFnVRNTQ01tzRzert2k1y4CsR5cjPSKeXRv1A+CxcPlzfBn378Eax1qtcoqogfR8kPPEhet0VLVydlPvc8rZuwB6Ueewyt+vwzalMCzr1bnDj2YKIlVNjrabiMtCS+P4WyUMe4XXu5TngQO7jzcdbiqC06jjYccQStfPUV2rR2DS1YsNBKQehAPXvrzf9R8fJ0yrz6KqoeP85qD863sS4ux07u3Do5Js+IjqctHK9GguZdDTTn5h9TFfu3i9PVYaXJv58CN29UPNXGjqP0Sd+jkozl3C8tDYlowW3gpdwHrkxKpOSbfkxbWIwin270gTgufEpclqsOOIBypk61UhEYJibYY4OThJ9o4YC8bOlSFQALuSGmnXMO1aBgnTauAB1c0Tv4fTu/TxxB0bKN07AjLp4bxyQqW5lLnS46HGQ6KFqqq3dyI2vi9O5+Px+iZfny5ZSXn0+7ONBk/fNvtO6A/alNBRn4IbavTwI1FUxjqZUDTScH6/IQi5YiFi3NfN7V3/gGrf3wQzWfws1bUyJaBiaJRUuOVTc6uI6hjes6wvUjUFPH0O/ReUMMrTvwIMp94Xlq4iv/wvw8mj9/vpWC0AHR8sbrr6s2WJGTRcmTL6Uq5JXrIzryPu0kGEOeuY0hVnrDQLTMZdFSzenysn/b2eCPPv4KyHqPAR/Xx8TSCu5/ihOWqVi2eOF8KioqslLhHhAtS5YsVe1nR1kpJd9yC5VxTFN5VMZxU6XV/BygWb5sV4IvmlaLaAkMBOSllmhBgyxLT6fUs86kejRAbjQd3Fi83CC7uOMLxqAucRwvV1CMtCSMoGjZyorey1dtu7iRJF16KW3mqzblcBYCblyvOydammnnTi1a/I0s9IiWggKVn5aGekr7x99o/b77qqtfb9R4q0Px76PhGBqgh4+Fxrd5BERLR/Q4auU6mnXi12ndjOmcdzwKzv7jfDvtQxEtA5P0/lRaadWFLqsz8ldnhmtoo7j6RpDPGT+BEl59Rd8a5XNiPtxIiBa0sTfeeINaWSijDVbk5dGMiRNpB6e3MyqO28Q41S785We4pjs5HCuaZnJZjJRoaTGiRaULAsMZH6MD93BMwituKS459VTalJpMHusCZMmSxSEXLWgndVu3UPIdt6sRZAgqxBoP91lOxE0vl5uHRRBGv2WkJUDUSMuyZT2iBUG/MDGBUk87jdrYUR6uTAgcaqiMCz1Qg8NQ0THM28EOSxlB0bKdz490IE1VcXGUfPXVtDVvE2sWL3WqEQxnne+UaEHArqmptomW3rQa0VJgiRZYU10tpf75YSrdbz/V6HCVBDHqz0dDNeNLNOhurhtbR0C0kBU8mzgticcdR2uXLFGjLXhKi3Nu/YUziGgZGF/RouqFal/BmYo7XFcRK3BFmvrKi+T1yT86s5EULRjdM2nZWVlCSy68kGrj45TA6oge7zdPwzHTxrq4rVJMTFiJFnMR6y/dwzGIUuSxMTaWFnzzm1SQntKnji/hNh1q0YK4ivNXl5VS0k2c53EYcUHc1KNB/vIxVNM+hcWo+LVOREtg+IoWlWk2XLWuWbyIElm4YMSlizt4f04YjplGGE6iBelBcNzCne7SG66nsoI8Fm3hLVrq6uqohV/7ihadXn+iBXNfaqp3UsLDD1P+PvtQh+rsg2t8MNP4RlK0QHxh5K6R85PCwmXVV19xZ9KKb+o/cAgRLQPjhmjpjBpHbSxa1h91FC1/+SVqtx5/NfXeLlrsZeMWvqIFqPNymkpXraKUa66lqnHjOe24yPOfr6FaOIsWnS7/6R6OeTkG1/JFY+q559CG9DQuSy0Y8A+MhGgx9QhWUZBPy266ibaxGMVokDMX7jpuimgJAl/RouHMc+fQ4fVQXloqpU88m+qDdBYsLEULv6ohaA6O2+PiacHll1H5qpXqu05WAKdECzpNPPLc1u67fgFe9Xtf0WJQE3bZn3W1tZT+5D9ow/77k8fmm0AsfEQLxGcctcZEU9Y3TqTVH39E7dbkXKcQ0TIwbogWdBJrDzuMMl96kXbV13NMwtoovXkIh5EWA+Il1n8qzl5BKVdcQTWqg/Ofr6HaWBAttbFxlH7B+ZSXmKBGSe3z9EZCtBggRDvZr5WlxZR02y20mcVVsHkW0eIQu4sWbpjo6Kz5ARUZyynj7LOoXgUldBC4z+ffKQNZWIoWTo++x4j3mLkeS6kXXUSVfNWkMco/OJwSLWjYLa0tapG53pGW3g7Jr2hhU4uesT9bGndR7lNP0cb99lP5hi8h2vz5azALF9GifMiiE3MJWrizWHniibTxs0/UmjX6sfDg/SeiZWCcEC0qPrAfVafIf485LBAsLU2NXH89xF2adTZNOIkWNTbL7Qsj1FvXr6E5556rOnjzREwgnZ2Jl6NJtGCEF6P2eG3jtpp2+mlUnMSCxYP5QVx+1vkMIylaEDm6ur0qdjZs20ppd9xOlSxcVP1GHxiAMNU+1XFTREsQ+BMtBhQBCqI4NYVSvv1tauXAhIlh6OiGe4vBNMJwEy26AeqAi3Q2xMRSymWTaWsebhV1KKGAp4uCwSnRAqGClSlxVWcqqG/K/IkWO60cgJY/9igV7bMP+xE+Qcc//AYYTqJFB1DtPzwplXn00ZS/aIEqr050eEH6T0TLwDghWjB5FfMGcAGxcq+9KfGVl1io9E84iZZedBnXbKugeeyTahYb6uEDFS/957s/M/FytIgWfB8PAeD2dAuL04VHHUWF6QMvuDmSosVO7eYKSrr5JtoRrx9MQexBWfjLa3+mfarjpoiWIBhQtFgFgWGytUsWU/Jpp1FjLK6EMJFTdxJDNdMIw0202MUXft7GFRNzXCry86i7i0Onz6hGIDglWuALCBYETn8MJlqMPzGZN+Ghh6h4773Jw40HgdG3DIZi4SRa7GlrZks+/jhaPWcOtWOOC/9dMIhoGRgnRIuewxJN6484glJffom7/4HTG56ixZRzN5WtXasm+O+cMF6NtgQaL0fPSAvqRhzVx8VR0lln0rrM5dbR+ydcRItqd/xaUVhAS269hXZijhcZPpUAAEwESURBVIsSLcOLmyJaHGIg0WLAQ6QdXi9tTEmh1LPO4iuIwJS27mDCX7TgdsM2blxLr7yCKtasRgEEVSGcHGnByA9e/aVnKCMtypvciWORupS/PUEb9t+P2n3yP1QLV9Gi/Me/a+EOMPOEE2jVtGnU3qonmQfqQxEtA+OEaMEaTuuPOFLPYWmo5/QOvO5OuIoWgNuSnk4vlWSvoLSrrqIdcSw8/OR5IBt9okXPYVl+/vm0KSmRy4gvJNTt2/4Jp5EWbnlq2kRFUSEl3nyTWpsKt9j95bM/E9HiEEMRLXiI1NzfwzouaedMVJPNdIc/tFtFkSNaMFSN38VRDQcLrOOCybmY34OqGwhOjrT0J1jAUEQL/hKND51CS3MTZT/5D1q///5qlctudfUwtCHPcBYtGIb2RMerdVxyvvVNWvXpJ0pwBNqoRbQMTKCixbQ9tLmVe+9D2S+9QE31dVyPveQdpEMLZ9GClGPphM5OD21enUuLLrjA6vBhw4uXkSxadD51Xls4D6kTz6bixGUcJ7DZ5eC33cNJtGifIm52Ud22rZRy221KuCAODjVuap/quCmiJQiGIloMKBR0msVpqSw6TiPsB6KftYeA8e8oY6YRhrto0WnF5/x7/l49N7bkSy6hrZs28RGwE+juE8YGwynRAoIVLb7gWJjjkv7EY7Rp7725PPSie0OZZBauogWmfYrOIYZa+eesrx1NefPn6mN0e3TwUT8NDREtAxOIaEHdUQuxxcSqSbdJr7xIHq6/evL04P4JZ9FiMP7aUllBMydOpJ2IK9FYTVbHHn/lYizSRQt+j0XU8HQf9hVa/LWvUVF6qoo5XDLKv4P5OJxEiwH+RB6qt2ymxB/fqKYSIA4NJW5qn+q6L6IlCIYrWtBo4TRsWJdy+unUHGtmyA98fy+SRIvdtsXF05IbrqPK/DyVdx1Yh46TomWgyjlc0YLv41i7anZSysMPUTEm53KARKAxV0j9WTiLFl/DsDyW/E86/jhas2iRNeIC2Tn0Bi6iZWCGK1p0xzeO2vlv1h56KGW89IISksNwScSIFtPGtuWtp6TLLlNzXDAKONiVeaSLFoxUoyOvj42jZdxPFFiTbodTD8NRtADj0x1FBZTMwqVqvF4FWcdN/+UBE9HiEMMRLUAXDp7KYOGSlEiJZ55JtT23ivw7Cxa5ogWBOJY7ZhYu111Lm9evG3YlcVq09MdwRUtvPrqotraWkh5/TD0OPZQ5LpEiWmC4um3ioJJmNlls0+u4DNV/IloGJpCRFqzMjIXjsl5+Sd2m5JwNK42RIFoMyBfqbinHu/Srr6EqjiX+ysTXIl20IN01ceMo/fxJtCklmb2rO/rh+DhcRYvKg8pLl5qcu+i2W6lS3SoaSh+o46aIliAYrmgBXDyk13HpoqLl6ZR+zkSqt5yCwOVPCESyaPHylRGemMKS/4mTL6VybLKoRlyGVkmcFC0DMVzRYsBgPBbI2sXlk/3Pv/XMcdH+9D+CFkmiRX2P/dfK313xrW/Rmk8+pg7udPRQ9eCIaBmY4YoW/H71AQfSihdfoMaGer4A4g5NzRoYOhElWthwkef1dlB5djYtu/hiquspD/8XfCZeRqJowegmNj9cft65VJSwlLyeDs7/8Dc0DVfRAoxP0QdurayglFtuUeu4DN4H6rgpoiUIAhMtxvT9vdK0NEr97ndpFwcudBAY/oRzdncYHBl5t4fQUL1qUT1cPcQr4bJl3VouAFw9DL4OSLiLFp16XemxyWLm3/9KG3CriMsGmyyaDeB8yySiRlrY4D+ktTkmmjK+fgJtmD1D1V34D4FnoC5TRMvADEW0oK5gzhSeEsoZP57SXn6BPKrj17dbhydZIku0ANPGUOcqCwvVHJcqVS7xeu6HrcxMvIwU0YI4imkCaJNq88OTTqLilCTq6oRY0RvRDrcGhrNoAb5xU22yePtttCUet/7Qx+ldovuWUW/cFNESBIGIFl/QCPFkTcHSJXqTxVi9iyXuae7usMgULXbbwYo65dpraas1x2WwTRbDXbQYTMVvrK2hlIcfpNJ9sXKuHspHsPItg0gSLXZrZEs8Xm+yqNa94eNyzq2z7I6IloEZTLR0coeLZQQwh2XNgQcpweK7+WEgRJpoMZg8V5UWqBGXmnHx1M6iBJ2cb5lFmmgxE1F3xcbSIhYsBWkpql9AfAyUcBctBn3x001VJcWU9OMb1SaLHm4DEOhoE319quOmiJYgCFa0qIJi6/TqTRYTWLjU+ZnjMppECxonFPWS719PZRAu6nmi/itMpIkWXPmqTRYfeZjy9sUmi7uXUSSLFvhcb7J4LK2aPp07INT9/oOriJaBGXykJbZ388OXXqRWa90cE+wDIVJFC1B+5LpcwvEP67jsHD+O62Tfi4KIEy0cB2rjxlHaeefSBhYsavQsCP+CSBEtyp+oz5zn8oI8WnbTjzkm4knMvrfWRbQ4RLCiBXBxURc3ZmyymI85LmqTxb6VelSJFvwtC5ftcXG08LLJPZss9kekiBYDAg5GH7Cj9PKn/mnbZFEHrMgWLfB9LLXw++xvfpNWT/tIr5zbj/AU0TIwg4kWDJOvPeQQymDB0sB1qhOrTA8g8odCJIsW0MVlgFG+kqwsSp48mWp8ygsWSaIFc1jqsPnhpEmUx+1ELYAZwBwWO5EiWgyIT6jbm8tKKPknt6pNFnt92jduimgJAmdECztMFZqeIV7BwiXjzDOoQQWyOD3HhQOZ7mAiX7Sg8uEWWBd32HXYZPHii2nzmtW60nCHb688kSZaMOaAqwaIlxYus5x//pM27bcvX03pOS4QbNqfkTvSgjqJvGCTxexvfIPWTf9CjRYiz8qscwIRLQPjT7TgdoFe6yhazWHBY81tLc2cDq/a/DDY1ES6aFE3JDle4njbNq5Vc1wgClCnsX6Nbl/hK1rgV73URYxahyXllFOoSG1+qJcUCF6yRJ5o0e1T94ENW7dQ2u230WYWc2gHPT614qaIliBwQrT4gmJD4RUmJVLqqaf22WQRFX00iJZe039bF8PC5cor9BwXNFhcaVjnBJEmWnyBP1vq6yn9z3/W67hw2WHfDaxJEKmiBaavFPXfYgG6jKOPpnUcJFGGeNLBd7VOES0DYxctmLuCXXzbuV2s2nc/SsYcFuu7ThHpoqUX7ZfqreW0YNIkquaLILSxjmi+OOCyDEfRgvRhc8sOvnBrYh8v4raDOSxO17BIEy12asrLKOmmG2nHOC1Y0Ad6ccEnoiU4HBctVuHh9gLmuCSddpraOVk/NozANppEizYcAx035rhUFOSr+9VcCNZZI1y0WP6sqdabLGJ3aMxxgXCJZNHS16KpmU1tsjhrlr5V1N0rO0W0DIxdtOAKXM1hOfJISnvpRfJ4PdY3nWP0iBbjm24qXb2aUq6+mqq4k9NP4mBuYDiKFvhZb36YMvFsWpeBzQ+dr1+RLFpUW+V/5YX5tOSWm9XDG9gexsRNES1B4LRoMeAhxg5vJ21KS6W0s89W27Tjft5oFC16SDeWtmPl3Csuo4rVq1QbNpUokkULQOODYKitqaG0f+h1XNpUvkeHaEEg9vCxsMlizokn0uppH/fZZFFEy8D4ihaUJUZa1h9+uN78sB6bH4poGQzcVoC4U5ssXnkl7YjVDzOEm2jRwjRKLf2w/PxJlJeYoPaJGmyDy0CI9JEWjprqydLK4iLud26mMo6THlV+EC3RIloCxS3Rou7ZcieDuS5l6WmUevZZVMuVXS3fzYJhdIkWbNKn713WxMSqTRYrVq1SeQeRLlow5qD26+HA1NLYSNlP/p3W7b+fGnHpjBpPW0ZItGB2vjOiRW+y6I0epzZZzMImi59/pkQKAoGIloFJfH8KZSs/cH1gn+TusSdlvfQCNXNn1z2EzQ8DYbSJFjXPhzs4tcniylyaxz7FOi6IKZg7NzM6fkRFyxwWLVVKmEap1aVTzjqTihP05odetfmh8z6OdNGCEkHMgl/rt22h5Dt/SqXjxxN2oUc/KKIlQNwSLQYUJB59K0pNoayTT+YrdKxMGjtiomUpi5bNVieFDgqdnpqnEaSpvSc4YOO1NjaWEi67jLblb+JQFPmixRf4somDWOKjf6ayvfdW+d0cYtGSN2ECB/IodUtHz5fy75PhmCcGx8E9ZysoH3sM5c2bq/xXJqJlQCBaMpVgiaZc9k3CKy/2WYfFjTOPNtFiMD6GL+dMnEj1KkbF0owRFC2tHDcX3nyTGv3BXKU5xxyjbgmZtAI3fBzposWAMkLcrMYCdD/+Ee2Mxa0iGWkJmFCIFjR0LHu/adFCFiunUR13EIkjJFoSWLRsg9LlSgPhoodgnbftLFzSr7uOdhbkU9aKFUq4uE0oRAvOgRGkhuqdlPzQg1Syzz5UGR8fUtFSqEZaMFlRD7X6K/9ADaMFsCY2bLK4ftEiKi4qpMTERBEt/uDD4vZQFndm6w4/gjJfwsJxfI3Jn7t2TmY0ixa1vgm/r9y4kVIuv1xtsjhjJG8PNTTQwpt+TCUc01K++121+SHS56Z/wWgSLSZubi3MVwvQ4fbaKhEtgQHRgoDc2op1KtwDxYknMjYmJ6nJW/O+e2bIRUsrN755N91MhXw13cYdHp5swivuwTtpOCZ2Fi7nRp74gxvoo3feobT0dCsV7oGGgREdiBa3KjBQAYsN67ikPPEYJR5xBCU+9FBIREsGd9Kr+WoeT/xgnRW3/NfC/qvh18Tjj6e5zz3LHeQCES39sPijD+jzo79Gq1iwtOxq1Estung+MJKi5c0333RNtBhQfhAvZRwjM667lt7dY+8REy24zTftp7fTkgsuoHKO37jtYa+LbhBK0bJs6VLautUd0QJUefEryq6yqIBSb7uVFhxymIiWQCgpKaF3uVNdwk5LSUlxz1JTKSkpiZJTU+gD7gQe5UBbnLPCSkVoaGpspNfvuYfeOfFE+vLbp9KXp7lkfOwvTj2FX0+hd8/4Dv3s6itpzuxZVircA49aL1y4kKZNm+bfB05acrLy5zIOLI/d+COaYokWNxsPOoyZb7xOr3/nNPqCyxbl67f8gzXLf9NPOZU+4p8fvPBCevmll1wX9oNhL9twES1vPf8c/eKyy+jLT6bRnDlzaDYbXt2yuXPnqtGOWbPcb1N2UAf/+c9/0NJlLsdLtmSrjX3871fpF8cdN2Kipb6uln774xvphT/+gWbNnKl84LaP582bR889+1xIREsj9wvTpn1MM2bM8OsHJw0+hc35/DP60/cm0dIPPrBSERgmJthjg5OEnWjBNv0lJcWUn58fEissLKQCfi1iC3UngCuXutoa2lVfqypqc1MTv+6iliZnTR2zoYGarXPU7KyipoZ6KxXugUqLR5P9lbublrdpE23futW1RuMLdqLeVVuryncXly+syY8Pgja+ujTnaOCgDUP9GUnsgSkcRAuOur2sTI3ubd68mSorK0NiZXxOjPSNBIhh/tqBW5aXl0cb162jjvZ2KwWhxev1KP+Wlpb69YVbVl5eQe0hGN2EEEXdRTn7K3+nDWWJ100bN1BdTY2VisAwMcEeG5wk7ETLSOB+1yYIDhMGldYemMJlpEUY7UjdCVdMTLDHBicR0SIIQkDYA5OIFkEY25iYYI8NTiKiRRCEgLAHJhEtgjC2MTHBHhucRESLIAgBYQ9MIloEYWxjYoI9NjiJiBZBEALCHphEtAjC2MbEBHtscBIRLYIgBIQ9MIloEYSxjYkJ9tjgJCJaBEEICHtgEtEiCGMbExPsscFJRLQIghAQ9sAkokUQxjYmJthjg5OIaBEEISDsgUlEiyCMbUxMsMcGJxHRIghCQNgDk4gWQRjbmJhgjw1OIqJFEISAsAcmES2CMLYxMcEeG5xERIsgCAFhD0wiWgRhbGNigj02OImIFkEQAsIemES0CMLYxsQEe2xwEhEtoxh7BXKrEgljE3udEtEiCGMbExPsscFJRLQIghAQ9sAkokUQxjYmJthjg5OIaBEEISDsgUlEiyCMbUxMsMcGJxHRIghCQNgDk4gWQRjbmJhgjw1OIqJFEISAsAcmES2CMLYxMcEeG5xERIsgCAFhD0wiWgRhbGNigj02OImIFkEQAsIemES0CMLYxsQEe2xwEhEtgiAEhD0wiWgRhLGNiQn22OAkIloEQQgIe2AS0SIIYxsTE+yxwUlEtAiCEBD2wCSiRRDGNiYm2GODk4hoEQQhIOyBSUSLIIxtTEywxwYnEdEiCEJA2AOTiBZBGNuYmGCPDU4iokUQhICwByYRLYIwtjExwR4bnCTsREtDQwPl5OTQypUrla1yyMyxzHF9LSszkxbNm0cNdbVWKkIDnFpXU0Ol+XlUnp8fIsujooIC2rVrl5UK9+ju6qLCDetpyfz5tGLFCsrOzlavbltGRgZt3LCRuvj8blPCZZr+4Qe0bsrUkFnmBx9QHrcRr9drpWJksAemcBEtq1atUvUAbdseB4Ixe9wwlpubS198+iltKym2UhBakpYsphXvveu3rrhhq6a+TwlcB+tCHC8N7e3tKmab8vfnq0DN1689x+f6hJgy48svqaWpyUqFe3Rw/nLS0igRfuV2Hqq4mZqSQhXl5VYqAsPEBHtscJKwEy1FRUX0ySef0PLlyykrK8t1W86V8Y3f/47+fO21tK0iOIcNFw93Oimff06zz59EGWedGRLLPusM+uLSSyk1NdVKhXt0ejw074UX6F8XX0wpixfShg0baOPGjWybXLUUbnwzZ8wMSaee/Nln9P4RR9KKmDhaGR3PFkeromNpVYyDxsdcGcXH5feJfJ7nzziDPvrfG9Ta2mqlYmSwB6ZwES2v//c1SkxMUMHeX5t3yjLZMrjznP76a3TTySfT6swMKwWh5ck7bqc58eNV3dN10E8dCsZwPKtur+D3nxx6OP3uqqv4wmCDlYLQUldXR2+/9ZYq/yyXfQxLT0uh/957L91x9tm0KwRCrYnzN+VX99BrP/0prWQxoeOm/1jnpM2aOYuSkpKtVASGiQn22OAkYSdaysrKKJMDgYc7PLdQBcqv7dypZb73HqUfdRR9dd31VF21Q38hREC0ZPAVS8nBB1N3VFRIjNgKjz6akhITrVS4B0RLNndi6fvsS0t/9EOl4lHu7nVX2rfbtm2jxYsXu1qHDDmzZlL2kUdQZ3Q0dUVFq9duDuzdHOCdsi7uMDqj4qmWj73g3PNoxby5lJycLKKlH6Z99JHrI4lIfxfb5pW5lH3lFfTOwYdQYd5G67eh5aN776ZyVe90/UM99FePAjYWzJ1R46mD63XBQQdS9pNPqlGHvLw8KwWhpb6+nhYtWuTqSKqp22hjOe+8TTnHHEOv88UX6rjbNLMwWvbzn1P6IYdQ4l/+Qs3Nza7GTMOaNWvUYEEwmHIz5gZjVrTg+Dnvvk0rWDA0oTO47jqqr9pufSM0jJRoKfra1yg5KclKhXtAtKx46SUqmLAH1cbG0ZwrLqcd5SUq2Hd2dlrfcp6tW7eqoBYK0bKCRcsKiBYu1zauR63cYXghXhw0dEKNbAu+8x2qLClR+cNokogW/3zw4YeuihaVb37dWVhASZddStWxsTR9z71p84b1+gsh5oP776VKrh/e6Chq5teOmBi/9SgY62ar3GMPSnjwAWqoq1Pta7SLFm9HB63+4H3K5XjZzO37o4svCZ1oufMOqoyJppL4eFr8h98p4YL8upnn1atXU3p6uvVTYJiYYMwNxoxoQfGZguxoa6N10z6m7GOPJQ9XjEa+mph1/Q1UI6LFUSBacp57ngri+SotJpZq4+Ip4cc30rb8POpSosWdSh1K0ZIzawatYtHSzR1GZ1QsmzMdhhdXzXwsCKCauDhKOu88Ks7NVefESJKIlv5xS7RAbFO37jh2FBfRwiuvoiqMbETH0md77ktFm0ZGtHx87920ldt1l6p7qIO716fATNdlD1vBhAm06P77aFdttTrnkiVLR51o6e0jusjrYcHy5ZeUwX1EK/cRLezndyZfGjLRkvSzO9mnGOGKo3IWi+l/eYR2VVdbeeY06q86ioiWAHFLtHQh2HR6qcPrUYIl5+snUBM3SlzFtnDQmX399SJaHAaiJZdFS2H8BG5847gDjlFXa8tvvVUJl+5uL3Xi6sHhJhha0TKzR7ToTgMjI3gfuKmOgoV0Z3Q81fBV/PILzqei5CQ1RweBYPv27WrSnIgW/7ghWpBab5dXdWZlLB6TL5tMWyBY2FcYhfhiz31GXLQgHUpsqLoYnHk5Jnq5DrZxnd64/36U+Kc/UG1tbY/fRqNoQSTqZB+3cj1e9dGHSrBghBNx0zMSooV9gLgJ0bjpwANpxeOPUUNNDfugk7xoe9b3nUJES4C4d3uoS81hSZz2EeVyZcQtIXSi6GggWuZed52IFocxIy2F8eP43LhqiFUNsGKPCWrEpby8XIlJ+MZJQilacn1GWpRo4Vd/5T4c01fLsVTHx1o6aRIVpaaoztIEaREtA+POSEu36tA2rcim5KuuZDEZpzoy+BxiAbeHwkG04BYRRIe/ejUc80RNYIui/P33p+WPPUaNNdV9/D0qR1o4FrW0tlD2O+/QyqOPphYuTzVHjV9HQrRsi8G5MZ8tmlrZr3ksXJLYF3VNmOOCvDvbhkS0BIjTogXFhsLzeD2U8d57lHnoIeqWkFdNbowT0eIifUULylt3xl62nfzZ7CuvoM2lxY5X8EgXLQiSdWxzJp5DxevWUWcnRlh6A7SIloFxWrSYtG7hTjrxShYs4+LVSISHY4gZaRltogX5KtxrL0p++CGqr4Zg6duWRpNoMfW4o6ODct5/n1Zj2kAsLmrHcXuO5fIYedGCvsoTE0v5e+5Js/70Jz0510q3U4hoCRA3Rlo87e207qMPKEdNmIRqjaF2tk42ES3u4U+0QLB48Z6DQHVMDC39wQ1UVVxojbg4Q6SLlvrYWEqcOJFKWbBwGKDO7k7+f28AENEyMI6KFk4m0lq9uZISLp9MOzl+dKj4wR0Z19/RJVqQF/33pePG0cJf368eL+7ktunlOujLaBtpwYXB+s8/o8xjjqFWjlFt3CfAx172dTiIFtyqQ1pQ3wri4ij14Qeppb7O+gtnENESIE6Jlk4usC5uaB3eTtrwyTRa9fUTqMVqmFCteNoDFUBEi3v4H2lBA8QrrlKjaMuECZRx+220Xc1x6VI+QxcdDJEmWlAXOzCHhf++lgNS5gXnU2lakpqsjHk/mPPjWyIiWgbGCdGC7tCLzpo7s8q1aylh8iUsWOAvHT8QO+Dr0SJa0CZRBzu4DhbvvQ8t+d1vqKEGk2659qk22ZfRIFogxrq4fbW1tdL6Lz+lzOOOY8GC8oCPcWHFbZPFCn4e8ZEWTouJm/Bxwf77U+4Tj9Gu6p3sH85HV6eKE8EgoiVAnBItcGS7x0vJn31K2Sdg0q2+ijCGhi2ixV36Ey2+6UGHjcm5ybfeQhUVFew3dNTBBaPIEi26E/TyVXsd/5xy3nlUlJSoyq6/Ri+iZWCcEC2ogx4WLJuysyj5qquo2lZvYaNJtHiixquRBcxhyXjkEWq0ruL789NoEC3wMeps9nvvUdZRR1kXtb2GcgwX0aLrWW/aOtjyDzqI0p54guqsx6GDjZsiWgIkWNEC58Hw95jDsvywQ6lVrVsQryqfb4UU0eIuQxEtKtDy59vHT6DZV11JvnNcAq30kTbSgr9r4HKYM3EiFfUsz99/3kW0DEwwogXpwhpCeN28fr0WLOPiudMap+KFr99Gk2jBKF/RPvtQ2p//TPVVVZz/gTvASBYtxsdtbW20YsoUWnPssdTBAkH3Eb1lEs6iBTGjneNmHvts9gMPUHNTMzKm8hYoIloCxAnRgglVqz+YSisOPbSn4qFR+jZmES3hIVpQ/m24X8ufYzRswbXXUFVZSVCVPtJEC1a6XXjGGVReWKjyjPvr3Pz1CfwgomVgghUtWI+lmtO+9LJLaQfXSfgUcwp2GyUcBaIF8QDfL8Iclt/+RgkCLdoGXvwxkkUL/q6TY+/azz6lrKOP5s5f+xiTbu19RDiLFtzO6+LvlPLPCQ/+idoaGwMuEyCiJUACES0oGrXwE2nBsm7aNMr++tfVY82qI2HH2xsyfhbR4i5DG2lBh4DRFj0Stnn8eEq57Vbanr9JN0C+4htuMwx30YJ6543C8uh64bj0SZOoLCONG3kXZ1fP6RmouYtoGZhARAvqGMofcwO2blhPSy+fTNvhJ0zYV/Fj93obyaJFLxyHJQiiqGSvvWjxr++jhpqdur2xYBmszUWiaME8R/gYGy6u+/xzWn7ccXyhhLJAbMJIWt8yCm/RYq2lY6W7YN99Kfuxv1ADRsnUv+HPcBHREiCBjbRoJ2EdllwIlhNPpEYfB/szOFpEi7sMVbT4Gua4bN5jT1p++220ubSUexMOoBxohkM4ixbUOQiWzpg4quf3aViHJTFBpXWojVxEy8AEIloQPzCHpTQnh5ZfeQVtG4L4jFTRoupg9Di1l1De/vtTJl+l76rDomVD90nkiRb9YAbaTM7UqZR5zNeG1EeEq2jpNfwOc5JYuBx0EGU88TjtamxkXw4/bopoCZDhihZdMN1KsCyfMoWyjjxSLQrUzR2IfydrE9ESnqIFhu9smzCBFnz/Br1VOje+4TSC8B5pQf6xcFw0zT17IpVkZVGnd+iCBYhoGZjhihaTj7K1aynt6qupJh4jK1ifw5//ei1yR1pwuzyWCvfbj5Y/+ijt2ok5LMPrZCJJtJi8ob1kv/uuWoelTflt8D4i/EWLsWjqYJ9ChC565BHahdgwTJ+KaAmQQEQLOv8s7vyzDjmEHYxOD/NXMPzuz7naRLSEq2jBSAR3GjGxVM8296orqaq8VPl5qEEqvEdaoqiGbd53vkObseu1EmSYwzJ0RLQMzHBEi8oDv1aXllDCZZOpSq29EsV1cDz7a+C6OpBocTN/doYjWswclsLx42npH/+gNj/UC8cNL72RJloQi9Z8/BFlH300dcRq0WafeGs3lFOkiBbEHjwB1skxsyA2luZgcm7PU0VD862IlgAZimhBUWAOCwK+p72N1n8yjbKPP14tdYxgo+cL+HeuMVRIES3uEvhIi75fi7/Zzle9iTffRNsKejdZHKwphJto0XVNd4Z18XGUyp16RU6m+nusEzHwlMfdEdEyMEMRLV04PccPzGHZXlCgFo5Tk265zuknhXb3o90iSbToWIfOl9v/nnvS4vvvVeuw6H1shj//IdxFC/LT00dwHFj71VeUgXVYOP9qPx+1mvHu5eRr+H3kjLQgX4g/cRzjY2jTXntRxqN/poadWMdFVfZBfSyiJUCGJlr0I2vY/HDttGmUc+LX1YQq7TxdyewOtRsqpIgWdwlUtMB0I8X39Touy3/6E9pWWMANoVMtCjVQEwwn0YJ8qEWhOJjU8lW82vwwKVGlDQEVDLdpi2gZmKGIFqwyjP2cSnNzKPWKy5Vg6fXb0OpopIgWtQo11792rofY/DD5gT+q3Zp1/QssneEuWhAhzOaHuR99pDY/bPYpk8EECyzSRIs2awVffp9/0IGU+cTj1miaiZv9I6IlQIZ2e0jPYUn8+EPKPuYYauYKNXSnahPREt6ixde8bJV7TKClN/5QbbI4WLANL9GCPOvNDxdj4bi01D6bHwaCiJaBGZJo6eqkTTkr1DoseIIrkHoZKaJFjR5x3czH5oeYw1K9U9W/YOpg+I+0YA6L3vxwFce7Vi6bQPqIyBMtvdbGht2hE9jntU1NXCIDx00RLQEykGhBEaAgsPhWFmaAH3qo2tgK2/gPZeKcr4loiRzRojr+mFg1QVJtsjjIOi7hdnsIK93OOXsiFW/YSF2d2PxwuDeE+iKiZWAGEi3mvNuLiynhyiupOh4b0bHfolBHd/fdQBYpogU/45ZQ4oMP+N38MBDCVbSYOomlLzDCkssXtbqPGK/Em2+5DGaRLVqsW53YZHHCeJo9hE0WRbQESP+iRRdAB56xn/Yx5XztaL56wOZl49Ty0/aGOpiJaIkk0YJgzFfD7OcqbCZ444+oqgi3ivxfaY20aDEdGdJex+lNPuccKlm9ir/NgpsFy/BnEPRFRMvA+BMt5mw4b3VFOSVccRlVqXoVT21Yi8WP2BzMwlm0mHTh9mrJ+PG08P77qLa2Vj0Ga9/8MBDCeaQFizOumT6dMo89Vm1+iDlKHQH2EZE80oI5Lh61yWIMFXAdSP/LI9TEx9bsXj9FtASIP9GiJ1R1UgdXRmx+uPLEr/fsEwGHDLcywkS0RI5ogem/xTGiaDM2WcQclwK9ySKG+vXighojWvRy+O5iFy0Ibu0ssLyc1rpYa/PDlERrhEXPxQm2KYtoGRi7aMGZUEc8nR4q58CMp4T05ocmBgRYJwcRLW7m0Re7aPFwPOtgMYZ1WPL325cS//B7a/NDpIfbi/qr4Ag30YKF4zBPqbWtldZ9/olaOM6JPiKSRQsMq/xibiDqRdGBB+hNFmuwJo+X20TfyycRLQHid6SFg307/5z06SfqKSH75oeBmIiWyBItvmYm5ybdcpPaZBHBq9sngI2kaMGVuzcmVt0SSpg0iQqTk4a9DstgiGgZmN1EC8ePri4v5efmUMrVV1MV+8dfvRquDUW0uJlPg69oQfvCo6/YSwdrdmAvoeZBNj8MhHATLbioRf3DOix4rLnZgTgzGkSLr5lNFlOeeIIa29qsXeR7y1BES4D4ihZUSqhBDwf9zClTKOPQQ6k9hjsGtXTxwAsDDWYiWiJXtMBnnqg4qho3Xm+yWFaC1tLTSCBaFi9eHFrRYqULQa6B36vND1etUkPVnDj9ZYcQ0TIwRrTgHHjKEOW/eeNG2+aHwcUPWH+iBedVQtrFPPrSR7RwmrAtRvHee1PKww9TvXrk1Ymxlb6Ei2gxZY2l+bHSrdr8MFbf9kN5+PPbUG20iRbMDcQoXD7XjdkPPqjmuKBtmHoqoiVAfEULVKCHK+Oajz6gFUcczs7DVTaGugIb7vM1VSE5cIlocQ9f0YLF/pwbadGbLOJYWIBu8Q3XU1VJkQ5i/C+UoiWnz0hLNNWwqF5y1plUtmmTarQiWvzjVkADvqIFpjY/tPYS0vEjsKeF7Kbnj+hOrT/R4mY+Db2iBW2D2zc2P/z1/VRXV6dE22gWLTBsfrju888ok+MaVrrVPu67+WEgpvsI7V8IwZERLbquOiFaEDdx61ptsshxKvnhB6mloUGVIRDREiBlZaWUkZGhRAtsw7RptAJ7CXGl0RtEYUKmrkzBG54aiGbREi2ixQWMaMlj0YJyblebz8F0cA3GsEgW5o3gfQU2WfzJbbQ9TwuFrdtCNxE3Z9ZMWmGJltq4OEo7/3wqTUvmQMAdBdtgmx8GgoiWgfn4ow+pgTs2jNJuWbeWFl5xBW3hNo5JiagzEBtOxBDsTI76jHZlFy0QC0a4uM1HLFoqVP6iqGCffXo2P1S3xViwuCHdR1q0LFy4UPm3jS9qV37+uVo4Dmt14YIWC8cpH9v8FZjhwlbPFQq1aNnK4gL5wYMmSIsWUcEZRlr0uj1RtAmPwGMdl6od6rwiWgKkrBSiZTm1trXRymkf06oT9BwW3dk5Z1i3AJ0ohv1a+FVEi/NAtOSyaMmPm8BlHmU9paFHW5w1Pccl/ZZbqKqshLZv20aLFy0M2e2hHBYtuzgIpH/vPBru5oeBIKJlYDDSglGG8pUrKfOqK6la1ZHdY0CwhvjRwYZO7Ys99+l3pMXNvAKIllKuf/kHcCf0yEPUyJ2e2+cNB9GC2xs5U6ZQDsczvVaXfz8Fal42+BijLHj6KOSiBWng82KNGZ0m35gXvLVz3Mw7+CBa/vhj1MpluUZES2Bg8TCIlqwP3qfcww5nh8FZuD+JyXO4qnHGEGjQ2aEjb4mNpdnXXy+ixWHMSMumuPHW7RNOAzdCpMFp6+Ljb58wgRZedw2tX5FJCcuWhUy0JLJomf+d71BZzgp1Tje7KAQCES0D8zFf7Gzk4Jt2zTVqbR/MYcEwu784EIxh0UN9CyKaPt9z335HWtzMKyrb+/f/ilL33Zey/vJnvfmh9Ss3GWnRMnfePDXpFnNY2rjt6zks/v0UjKk+go+PC65QipaEO++gSqTBxE2uY/7iXrCG0TlsnJn48AOUlZlJmVl6e5FAMfXdzXrPKQ8vCgoK6Om776Y5++5HDVxR8BQGtvCv5VcnrdqyKrYSPs+sa6+n+q1brVSEhtEuWjDikPjsczQrNp7Wsw83suXz+Z22PLZ1fOxN/JodG0dPnnkmvf7aayG5PZQwfTq9cO45VLZxHQe0ZjWXwm0rKy+jhMQEES398MK/nqI3Tj+dSrhOIH4gjviLAcEaYgdiyBa2aSxaStbkqvMjb6G8PfTmPXfRm3fcQVXbt1FjYyM1NTX5rTdOGfw8a/bsERMtWG/mr//v/9GiI4+iasu39XwxZPdPsIaNTfFoPKyUDaIFZes2jXV1NO2Xv6QFcfG0wcW4iXiJuIn4uYDL8a4LL6LZ7NdgMDHBmBuEnWjBI6zvPfJnmv6Tn9Kcn95Js5Xd4apNZ3v7ySdp+w59by9UeDmwZfMV88dP/pOmP/1USGzG00/SO888Q2vXrrVS4R4I3OmpKTTt5Rdo3mv/pjmvv6Ze3bZPX32FZs2c6f5IS3cXJSxZQk9x3fniiy/oE77C/2TaNPrkk09ctY8+/JASExPVqp8jiT0whYdo6aYP3n6bpt5yq2rbOob4b/dO2nN3/qynTSFvRrSEQrg8/Y+/0X9feZk+++xTXQf91Bkn7dNPP6U3Xn+dKisrrRSElqZdDfTmH/9En9z2Ey770Pj3i5/eTi88/hjVs6BwG7SjBXwx9OVLoYubOMfbTz9NWRnLrVQEhokJxtwg7EQLQGZ9h1ZN43fbRgIsiuTlc3vxGkJzq0KNKCZLKm+hyZ+po7711PczN22ksacjXEZaICZxfOML4xe3zYBzQrQY4eI2OAfOGUoLRb4GxEqDSUtILEQxZWQJLo/2euIGYSlaBCEScauRhiv2wBQ2omWEQd5CeXtIEMIFExOMuYGIllGEvcIYE0LDWCtve35FtGiQN4gW3J6EcBGEsYKJCcbcQETLKMJeYfyZ4B5j7craXqdEtGiQt1DOaRGEcMHEBGNuIKJlFGGvMP5sTNyWHQFQtqaTGiv01CkLES0a5M3MabGXkSCMZkx9d7Pei2gZBdgriqos6Dv92G7fE4IG5WgEy1i6srbXIREtGuTN9/bQWKkPgmBigjE3ENEyStitslgipacj7er9zC5ehODQ5dilOim1uNwYKVN7/RHRokHeTF1A2xOEsYKJCcbcQETLKMBeUVRlscSJES124eL3b4TA4TJFJ4UF7cZKR2WvNyJaNMjbWBOwggBMTDDmBiJaRgH2igLrI1a8/a9lYP87Yfig3HA7AIu9tbPh/VjAXmdEtGiQNxEtwljExARjbiCiZRRgryh+rcsyf7/zMWHooLyM+EMHBdHSISMtY160ANQBMxFXEMYKJiYYcwMRLaMQe1WRsOkepnEa8QJTn1m/H83YA5OIlr6MhTwKgi8mJhhzAxEtoxAJlUIosAcmES2CMLYxMcEeG5xERIsgOAya6ljoku2BSUSLIIxtTEywxwYnEdEiCA4jokVEiyCMRUxMsMcGJxHRIggO4dtI3Wqw4YQ9MIloEYSxjYkJ9tjgJCJaBMEhdCPFk0PuNdhwwh6YRLQIwtjGxAR7bHASES2C4Ah4agiPuGKNFggXLV5GM/bAJKJFEMY2JibYY4OTiGgRBEdAA0VDNYIFNrqxByYRLYIwtjExwR4bnEREiyA4jhYwox17YBLRIghjGxMT7LHBSUS0CIIQEPbAJKJFEMY2JibYY4OTiGgRBCEg7IFJRIsgjG1MTLDHBicR0SIIQkDYA5OIFkEY25iYYI8NTiKiRRCEgLAHJhEtgjC2MTHBHhucRESLIAgBYQ9MIloEYWxjYoI9NjhJ2IkW7JLb0d5OHlhHR++rq9auzolzhxI4FedtZ+vgdITKcD5smx8KvF6v9iefNzS+ZOPz4LyhwOvxUFtbm99ydsvgv1DlbyDsgSlcRIuHfdLe3Eweyzp8Xs17J8z3eDjfSPmkHfUvxG2svb0t5PHSgLqj8myVvfGF76sTZvxrjtnG9TsUeUb+UMaRGDdNTDDmBmEnWoqLiui5hx+mj351D82/71e04J67aB6/4r0bhmPPuvduevfBh6iksNBKRWhoaWqitx9/jJ5/9FGaM2s2zZgxg+bMnUOzZ892zebMmUNvvfU2ZWRmWqlwD3Toc2bOoJe4jOfcz768+y6a61P2bhiO/+kvf0Ffvfee650IAtii99+nJ+/6Jc2cOdNvebthH330Ec2dO1cJmJHEHpjCRbR8PmUKvXzW2TT3jDOVzTrrLJqH92fy65lnqvdO2Hy2OXzM6fz6+AUX0MIF86wUhI4ubwc99Pvf0dv336fbVoja2N/v+ClVlJdZqQgtjbt20Sv3/oo+/O4Zyg/w8RzLx+bVEeO6MpuPN5dfPz57Ij18001UUVFhpcI9mjh/b73yMv33V3fTPCtuutkHwuDTD/g8yUuXWqkIDBMT7LHBScJPtJSU0Et//zt9wIFvQ1QUbY6JpsroaNrC7x03Pm5FdBQVxsTQZ9/5LpXm5FipCA2tDQ30+S230qec18K05eoKGleJbhpGWNLT02n58uVWKtwDomHevHn0+i9/SYsOPJDLOprK2Sr9+cIhK2dLi4unWX/4o7p6cJMuLsuk51+gT084gdL+9z/a1cJXZX7K3Gkr4TayjIOLiBb/LH33bVrGdaCO23Y914c6tl1R0Y5aQ1QM1UfH0nY+R+o3v0nv/uUvNIsvPEKNl4XzI3/6E332ox9R9h57qvaFNuCvbQRtaLtspWz/jhtP5Rs3WKkILc0cN7/40Q8pn/uGBk4X/As/+/NTMNYQFcvHjqHC2Fiaf/XV9Nrzz1NxcbGVCvfY1dhIU/73Jr3NPs2csAdt5vKu4PT49YlDhnoz78CDKZkvwoLBxAR7bHCSsBMtULLLli2j0hVZNP+iC6mGg0I3O6zLBfOyozr5+O3RMZR82ulUmZtrpSI0tLGiTmDRkh8XR4nnnkvFuSvY0foK3s2gnp2VRZkZGdZP7uHlTj2Dz7OWyzXnP6/Siv32U2XezY3EeZ/GkJfFJ/GxK+PHUfIDD5I3BKIl87nnKY87i9yDD6aU116jNhaeXew7N4eR0UYSEhJEtPRD0vtTKJfbdBfXNY9l3VFxXEdiHbNOtvaoeFp17LG04eOPadOGDTR//gIrBaEDbex/LJg3r11D6bfeTDvGj1dty42Y2cltrJPLEvmfGR1PWzjPI0HLrgaae/OPaSenBelB/DbpctLg46rYeEq85mrakbeJlixZEhLR0tTcrPrAwjWrKOmeu6mIRZM/fzhhKDfEZOJ+cOUBB1DO1KlWKgLDxAR7bHCSsBQtS/kqEgFwx5ZKWnT2WVTNHZEqYIcNlb2DO7p2bowJIyBaWlm0JLJo2c5XDC1ccRYedZQlXNxzOMjMzFRiwm0wqoMRnYJNBaojz3rzdcrday/qYH/680dwFkst7McuPnZFXIhES5cWLUV8NeTlRr/+wAMo+803lJhw89aUiJb+gVRMen8qreT2hICM9g3RgosTpwx1DLZ6//0p59232Nceys/PZ9EyXycihEAcv/H6a9TKZV/FHeq8K65QIw9uxEsPt7E2fvVGx9KMMBAt1ewLdLjtbOYC1AmDb3FhtYv7h7RJk2jLxg1qfevFC+dTUVGRToSLNDc3sUBaqtoPLoLm3/ULKoqBiNrdJ8Gah2NmG5cdxUbTKhEtgeErWpDp0pUrKXXyZNoZH88VKpY6uLGggprAEYx52Gne6DhqZ9GQOEIjLUm33kbbVJ7iqIUrZvJ551JpWip1ciCk7k7CdFmnXR9q0bKpgEUL/4zJcxmvvkJrjzxSNRRv1Dj2pzO+7GRD54QrpMoREC2e6HGqHuV87Wu0esoU6uC8ogvt6u5y3H8iWgbGiBZ9NclX4T5BOhjzcPzxRsVTE3dmOYceQulvvql8gJygMxsJ0YI29sYbb1BLa6tKR2VpMS24+iqqHD9OiYwOrpcejDrZ2stwDfmHMEfMhBicwfFqxEWLShvy5oyP0a/Av/BzDcfiZRdfTIW5OSoGA4y0hEa0NPeIFvi0obqaEu+/j4r32UeJDPSBTvgU5uV841jEsWu1iJbAQEDG0BgCIK4iOvmKtSw1hZZfNpnqWA3iFgAqlb7FELjBYaioGDbu4MaYMkKiRY20cDr0kGQUVbM4W37JJVTEwqWbO0Uvdg52uNsL+UgLixZTiZvr6yjnhedo/eGHcYOJ4rLXw/b+fDQcg2jB8HU3B52tobo95CNaiPOA8zexL3OOPZZyprxHrXz+Tv6O0/4T0TIwRrTgFonqkLh9+6szwzEvxwkvdxZKsBx/PK16921V/uY24EiLFjzBZvxRVVhIKbfeQlv23FONQniiccvIf76GaiZeoq0Sx+CZYSRadLr8p3s45rXa8PbYOFp66aVUlpPN7bf3Vv1IiBYzVaCmopzS77uXyvbeizpZYOi4aW61B2bapzpuEts6ES2B4StadKa7lXApXLmSFlx0EdXgCooDhz8nDMfCSrSooBqngquXK081d7pJkybRRlb53WqMwlnnj4Ro6YF92thQT2n/+Tet2HdfLnsIluAaH2zkRQuCZwx3bDHUzK+5hx9OKa+/Ti0d7fxNZ/0nomVg3BAt6KxbuK5mnvh1yv3oI+pob+2T/5ESLer2kCVaDN3dHtqct4mSbruNtk2YoNLuL0/DsbEgWnCs7bGxag5LxaaN1MUXjEY0gBEZabHOjd3jd3C7X8LCpZjTiNvh/vIwHBPR4hC+okWDSY2dSvGWVlbSkgvPp1ouaEy49OeIoVo4ihakCVdzXRwQGjkwzPrmN6koN1t918kKMJKiBfnwsj/bPR2U9M5blLvX3mqI0p+PhmPhIVpw+wDGApSvhlYddBAt5w7Fy8LFSf+JaBkYp0ULYg2OseLQQyn7/fepvb2D0+/hM/XmIRxGWgyYTwXbUlJEC2+4Tl3oORUvR6toQflUsxhYdtlkKtu4Qc3B0z7uZSREi0HddeB4U1ffQPPv+iWVqfrtPy9DNREtDmEXLcg2Bti7uvXExs3r11H6pRdTTRx3DFzQ3qjxXPjDd2A4ihakR9035iu6Lu58G/mqPem736XS5WnUpSZ2OjM/YiRFC8aNcAXTjfk6nKecV1+mDYccqifTsS8xb8mfvwazcBlpQeeG0RbMccH9/1VHHUlrp7xnzXHhhqz+BYeIloFxQrSoCwj2J2ILJo6v3m9/yn7jNfXIeTfHIq8t/WElWtjQvhA5d5QV09zLL6OqceNU/fRyvdRxz3+++7PRKFrMnCf8bWNMLKWfew6V5eaoeWidXH52H4+oaIEhbvK/Nv59yj13U/mee3AdRdycEFDc1D7VcVNESxDsPtLSFzTSsuXplD55MtXGxpE3Rk9iHe4tBtMIw0206AaoAy7SWc/iLOOiC6k4NYXz3qFGKXAVEAwjenvIRktDPeVijsuRRyqxhsYXyNBnuIy09AZQnYcWtlXHHkOrORi0cYcH8Y2gGAwiWgbGCdGCJ2Ta2ZrYVh5zLOW+85YSLBp0HX0JJ9Fip4rTlsSd/OY99lT5UqO5fvI8kJl4OXpEC+b6xKmYUxUbS0kXXEBlK7Ks2Oq/bo6kaPEFbad2c6Wa41K69749fSDKwn9e/Zv2qY6bIlqCYDDRArydXipYsUJNlsLQp+7kRodosY8aIZ07uRNOufBCystGo8I91uA6vXASLQgQu+rraPmrr1DufvvxVS2ufCJbtNjT1sKf5Rx1FKW++Sa1tONWkYgWtwIacGakZRy1xETTyhNOoFUffKBut4D+0h3OogVp3pyfR8k/+QltVVfnIlpQN7o45u7AHJarr6KK9euso/dPuIgWAJ/uKC+nhPvuoxJrjouIlhFiKKKFm6q6v7eZO8O5F11MVT6OGKqZRhj+okU/LdUQG0fzT/s2FeVgjktwFSLcRAt82dbaSol8NZvJwqXdVgZDsXAVLfCneoySAz3muKS+9hqLDT3HJVAfimgZGCdECx7FX3XkkZT7/gcsCDDptu/8BjvhLVo69RyXgnxa9qMf0jaOJTTMMhltogXf38mdfcIVV1A550Pfsh54baVwEi24YYQ0N9TU0Ix776FCrOOi6rz//PozES0OMRTRgru1eo5LN23lhph08YVqEpXu8HEVMbjzIke0cADlINEZHaOu2JeccjKVZGWo1VgDJZxEC6q1FyKsSweMFf95ldYeeKCa46I7naGNuoSvaNEdIIaikb5Vhx9Gq959R81xCbRRi2gZmEBFi257+JsoWrH//pT9v9fJ4+ngeow5LAO3t3AWLWhZmKPBQYN2FBbSnMsvUx028olOH3XUX3n4momXkS1atH/xHnNYki84n8pXrVSxB6JusPHPsBppYVM+ZWvnOLDs7ruoZPx4vkBCPtEHDj7qon2q46aIliAY2kiLBoWCRlvKHWPa5EtpZxwWoMP9PSNg/DsLZhphuIsWnVYdLLr4e5jHk37BBVSSnKQWoIPaxvSs4RBeIy0GXclbGndR7osv0Lojj7I6evhz8AYYrqIFpuuaXlehhX2IOS7rp05Rc1xwddeJW37WMYeCiJaBGb5owQR4TFLV67CsPvJIWv62NYdF5ZGvaq1j90c4ixaD8dfmshJK+MH3qZLrLfKMeOmv3vpapIsWtD09n0fPYYFgKc3O5PjJ9VDdcueysY7fH+E10mLBiUYe6rZupeX3/orK9sFWKeO0TwcZeRHR4hDDES0Aj4JBJZdkZVHiZZdRLQeoTm5UaFz+HGUskkSLryHdO+PiKO3iiyg/Y7lVOYY3RyI8RUtvhW+uq6Wsl1+k1QcdpGbH69GWgcslnEWL3TA5N/trx1DaO+9QC6dxuGvxiGgZmMBESzw1Y0XjE06gNRy49VNCQw+8kSJazLojO/LyKPWnt6sF6HBxMNiVeeSLFo6vLEixDkvClVdQxZrV3NnrshgqYSlaGPgUwqW6rIxS7ruPSidMsMoED6j4Lw+YiBaHGK5o0XRx4/VSOTfEeRddRFUcpAavxLoRRppoUQGWO+a6uHhactZZtAEL0HHl8F0EaTDCVbRoOA/dndTS2EjJb7xO2UOc4xJJogXBpI0D/0prjgt29zY+HAoiWgYmkNtDbdyh5RxzjJp0izksiCnDIRJESy/st06PmhOYeMvNtD1+8Im5Jl5G8khLVWwcJV51FVVu3DjsCwUQrqJFg7bYRXXbt9O8e3+l57hwnv2VhTHtUx03RbQEQSCiBdXPC9XMr9vLSmnZxLOprmdoTAcv/w7D5xEoWqwrI8xxmf2tb1FpVuYoEi38d2iAXV41dyn7jf/Smn32se7V6vz7C1CRIlqQdo/yNQf/2Gi1O3TO229RB3aHjnDRgmD7FIuVs886m/7+97/T5ggQLVhUDD7BHJb0d9+lDm+ndbtueOmLJNGCnKl42e2lqvJSmnvF5VTPnZwuE//ty8TLSBQt8HFDLB5rPp8q169ToxKBbI8SzqKlx6fcG2KOy6K7fkEV6o4DykC3BXu5aJ/quCmiJQgCES0oGlRA/EPgL8/NoeWTL9EL0EVjU754VbF3dxg+izTRgrQjGMfz+2iq5YqZMmmS2p+p08udmDXHZaDqEu6iRaddV/r2lmZa+eLztOHww9lPGGXq3QDOt0wiaaQFpv0Xp+a4ZB9zrJrjAuGi5k9YArw/wkW0AN/AhFsqGezvD6ZMoZS0NGpqarJ+E1qGIlq0r+KpmetS7uGH9Wx+yBlSF0HDG2eJPNGivaYvdLDJ4uLrr6XN48dzmSAeYu5H39tFJl5GimgxMRJ+xkMaKdYcFnUrna2T8z1QG/NHeI+0GL/q/zdU7aC0X/2KSvmCD2WAuIkNIfuWUW/cdEq0+CKiZYigoHCrCDslp02eTHUcsLCyJRrj7g6LTNFit2osQIcdSdPTuD1i8bmBn3QId9FigC9hmOOy4oXnaN2hh7JgwWZhu0+0jjTR4mtNbDnHHkMr3tObLOqVL/vvNsNJtNgxPoONFIOJFsQCNYcFt4SOP55Wv/eOKsvhjFbaiSTR4ovxVVVJEaXddgtt3cPaZDGq7yaLkSZaME8HcR/rsCzjfqAsd4XaCmaoo5n+CHfRYoA/MZpUU16mJ+fuuSe3AR03fUdc3BYtbjHqRIsGu0N7qHD1app34YVUoxzl/8phNIgWNM4a7qgTzjuPNq7M7Qm8/QXgSBEtPfCVUVNDPaX+9z+0AgvQ2a4CYapzUj6OPNECn+NWXy6LshTugNQmi+y7/vwXzqIlHBhMtKDjbWXL/PoJlPPRh9Su5rAEJ7QiVbQYuvlCT22yeCvHIz+bLEaaaMHneuG4q6liIzY/9Cr/BuPjSBEtGs5rl5eqKitpEQuXopjdF58T0eIQTogWVEz13D2r6u2b9SaLdewc303DRpNo0Z1ljHpcc+Y3vkHFfFUB+mugkSZa4EdsX+Dh4yW9/Rat9LPJYiSPtJgnG7pi9SaLGW++qdLen/9EtAzMQKIFMQA/rzjoYMqcMpXa2z1cUfWaT8EQ6aIF8RLH2lJaTPOvubrfeBkJogXprmXBsvSSS6iM04gRlsEWBxwKkSVaOD6xP7s6u6i+qYkW3PULKuc2sbtPddwU0RIEjogWNswKMCscbl+3ljKwyWI8JrBivwnc69SVfTSIFlQ+tW8PBxRssphy9llUlp6mNiTUJdE3JEecaIHhlgkbdkzOfekFWn/YYdTOecUmi2adicgVLWY4e7x6UmrV0UfROsxx4Y6IazHUZx//iWgZGLtowSakevPDGGrjsl594IGUhc0PvXisWW+M51u+gRDxooVNL53QTTtYuGBy7rZx47jcYrluYiNTXZbhKlq06bWQGjh96eecQ6U52Rw3tGAZ+Ib50Ig40cK+VCNM/K+F+5rUu++isr32ZJ8i1uiNM7VfRbQEhROixQ4adllamlqArhaPgnGl1osqoZOLfNEC03+n/7ZOzXG5iIrSUrlj5QbbpSuuIeJuD9loqa+nbLUAnbXJIgdSBNdIFS0wCBfje7XJ4nHH0Eq1AB3muPTdZFFEy8DYRUtHDNo4RiJjKee442jlu29TuxL0zhHposUOnipKvvkmvcki2pd1oReOogWiFPM1YDti42jJRRdR2QoWLNb3nSLSRIsvGLWtKS+3Nlnch/tAPNSAEV4dN0W0BIEbogWoTRZzVtDiiy9Wmyzq1RER2EaHaPE1HKMmfjwlX3ABbeI8Y/luXK0b3RLpogUZ2dVQT+mvvkI5++6rOiQ92TpyRYvd1CaLLMpS/ve/PpssIviIaBkYu2jByGort7HsE79OuR9+SB4Xym20iRbUN8xxSfnJT2gb1289mhmeogU+Rtszmx+WcrqCHzvbnUgWLQA+3VFRTktZuGCTRcRMXLiLaAkSd0QLHoXuVA18W1kZzcUCdKrCo4MYfaIFDRi3G5q4Ys495WQqztWbLJqZ86NBtGDkAYuyYZPFrP32ozYVuEaHaEHH0M7+8/DV0KqDD6a0119XAgWCRUTL4PiKFnRqeBom5/DDacX773PnDgEY/PwGO6NPtFibLBYV0JLv30DbWajo0UAWLdzRhdtICxaOS7j8MirfsF61y8E2PwyESBctXFvU06WNdXX0lbXJor5wh0+jRLQEilsjLbinqTdZJNq8aQMlX3KRelQYHU07C4aRFC3bVGeF+4z6ytBfRzYc6+QK2MFBBXlr5uMtO/00Ks3MsOa4RL5owTWUnrPkUQEq+9+v0OpDD7XmuEygzSMgWvB0mh7tQUfp3y9DNfw91qTpwB4ifMxVRxxBa6a817PJYrmIlgGBaMnlugDR0sGmNj/EHBa1+WEneTDq6DCjTbQgUuhNFrtoO7ffOZdNpiqOl7il0BU1jkVL/IiLlp2WMFULx51/PpXhyUlr80PMU3KaSBctuGTVy2F0UmtrKyVgk8U99lAxposv9kS0BIhbosWAoI9bRcVZmZTFyrw2DkPH8ZQ8QqJlGYuWLdzwsGAalhJXQ53cGIM1ffsLk45jqIbzmH7xRWoBOswoz8pYHuEjLb3gHI0cxFa88DzlH3E4CxcOpixakh58KGSipYBFC4QG/IcrF3/+GK7hOGrCOL/iqbDs445XC9C1ezxUJqJlQJLen0LZ3I4wN2jl0UfT8rff1psfKrnrxo2D0SdaDGZ0D5ssJt/4I9q6x15cL2NHXLTMu/kmqoqJUQvHJX5vEhWsyOIO2fIv0qy/6iiRP9KiQflg1L2Gj491XCr33ps8MfG0RkRLYKihbxdFC1CP0LIaL2PhknjppWqvoqQRFC1bcYXOnROurnsn1DpnOGZ1fDwtv+giNeKyckU2ZYZYtKChuAF8iWDVVFdHWS++QCu54VWMY9HyUAhEC+fPiJZuNbqlBYcbPmzh4+Z+7Wha8eYbVFJYSElJSSJa+gEjLcu5vFYGuPlhIIy0aMGVsxuYcsNV+o6CPEr7yW20dc89acYIi5YFN/2YNsbGUeoVl1PF6jXqdrGb/gUjIVrcypOJm9hkMZWFS0V8nIiWQKlk0YKA7FYj9AWO28YdwPwLz6eZp313RETLUhYtZeq2gl4HwV+HFazhvi9uF2Fbg8VnfJc+4iAHMeE2CKgY0SnkMg4FbdzYV0x5l+Yeelhobg9ZomXdhAl89cmCxU/ZO2EQQWokjusIdr7+8qEHaCF3kCJa/LPsg6n07rHH0bop71E7xxF3uzLNSIkWxLC33nqL2trdGWkxoAy7+VzbCwsohYXL+/seMKKiZdptt9K8a6+lqo2YdKvT5zajZaTFF4iihtoaWvab+2iOiJbAKCkpUY0QwiU1NdVVwznQqX7ywYf028supcLcHCsVoaGxsZFe+MUv6V8cYP/3rW/12Jsu2Nv/dxLb/6n3N3/7VPryiy+sVLgHRMvChQtp2rRpfsvfDcN8nT/ccw+98ehfyOtxt1NH/qa//gY9f+qpqlzd9J+xd086hX518in0r3/8IyTCPhL5D5fNj667jr7gOo56/sX06a7aVzNm0Msvv0wz+TXUoA7+7a9/paVLl/ptD05aSkoKv6bR9A8+oFtP+zZtXr/eSkVoqautpf9304/oX088rn3w+ee7+cRpm8G+ffLJJ1291W1Av4CYOWfOnN184JYlJCTS/ZPOp0Xc94Y7YSdacFto48aNtHr1GlqzZq27tno1v/J5+FwbN6xTCjeU4CqpqqqKdu7cSbXcEI2hUTprNZbx+7o62rmlkhqrd1qpcA+o+B07dugy9lf+Dttq5U+8rlG3Gd0eLgaqPNmHKFu3fOh7TLzu3LFdGeqPsDvlJUW0eu1aNcIHy8/PV6/ocGDmcydtw4YNVF1TY6UgdKCOr2fxoGOZ/3bhnCFW6vPk5mSPmGj2ejy0ae0a2rRpkyp741/7e6d9nZeX59rcIV8gRMvKynrimaum+lkdn3E+9EXhTtiJFsF9QjWcKgiCIAhOIqJFEARBEISIQESLIAiCIAgRgYgWQRAEQRAiAhEtgiAIgiBEBCJaBEEQBEGICES0CIIgCIIQEYhoEQRBEAQhIhDRIgiCIAhCRCCiRRAEQRCEiEBEiyAIgiAIEYGIFkEQBEEQIgIRLYIgCIIgRAQiWgRBEARBiAhEtAiCIAiCEBGIaBEEQRAEISIQ0SIIgiAIQkQgokUQBEEQhIhARIsgCIIgCBGBiBZBEARBECICES2CIAiCIEQEIloEQRAEQYgIRLQIgiAIghARiGgRBEEQBCEiENEiCIIgCEJEIKJFEARBEISIQESLIAiCIAgRgYgWQRAEQRAiAhEtgiAIgiBEBCJaBEEQBEGICES0CIIgCIIQEYhoEQRBEAQhIhDRIgiCIAhCRCCiRRAEQRCEiEBEiyAIgiAIEYGIFkEQBEEQIgCi/w8n2sAf3/gQIwAAAABJRU5ErkJggg==</file>
    </questiontext>
    <generalfeedback format="html">
      <text></text>
    </generalfeedback>
    <defaultgrade>1.0000000</defaultgrade>
    <penalty>0.3333333</penalty>
    <hidden>0</hidden>
    <idnumber></idnumber>
    <single>true</single>
    <shuffleanswers>true</shuffleanswers>
    <answernumbering>none</answernumbering>
    <showstandardinstruction>0</showstandardinstruction>
    <correctfeedback format="html">
      <text>Your answer is correct.</text>
    </correctfeedback>
    <partiallycorrectfeedback format="html">
      <text>Your answer is partially correct.</text>
    </partiallycorrectfeedback>
    <incorrectfeedback format="html">
      <text>Your answer is incorrect.</text>
    </incorrectfeedback>
    <shownumcorrect/>
    <answer fraction="0" format="html">
      <text><![CDATA[<p dir="ltr" style="text-align: left;">A</p>]]></text>
      <feedback format="html">
        <text></text>
      </feedback>
    </answer>
    <answer fraction="0" format="html">
      <text><![CDATA[<p dir="ltr" style="text-align: left;">B</p>]]></text>
      <feedback format="html">
        <text></text>
      </feedback>
    </answer>
    <answer fraction="100" format="html">
      <text><![CDATA[<p dir="ltr" style="text-align: left;">C</p>]]></text>
      <feedback format="html">
        <text></text>
      </feedback>
    </answer>
    <answer fraction="0" format="html">
      <text><![CDATA[<p dir="ltr" style="text-align: left;">D</p>]]></text>
      <feedback format="html">
        <text></text>
      </feedback>
    </answer>
  </question>

<!-- question: 126857  -->
  <question type="multichoice">
    <name>
      <text>Question 13</text>
    </name>
    <questiontext format="html">
      <text><![CDATA[<p dir="ltr" style="text-align: left;"><span id="docs-internal-guid-db9f3682-7fff-21ee-036f-ad6841fe18ff">The top row in the image shows two views of the same object. The object on the right is obtained by rotating the object on the left. What object do we obtain from the options in the bottom row, if we apply the same rotation to the object in the middle row?</span><strong> Select the correct answer from the available options.</strong><br></p><p dir="ltr" style="text-align: left;"><strong><img src="@@PLUGINFILE@@/13.png" alt="" role="presentation" class="img-fluid"><br></strong></p>]]></text>
<file name="13.png" path="/" encoding="base64">iVBORw0KGgoAAAANSUhEUgAAAhsAAAGECAIAAAAQnXXhAAAAAXNSR0IArs4c6QAAAARnQU1BAACxjwv8YQUAAAAJcEhZcwAADsMAAA7DAcdvqGQAANHpSURBVHhe7J13QFTX2vXfxF4RQREsFFG62BUVK3bsvUWNLRpLmqk3N72qKZpoNGrsvSuIBRVEmvQiAgIqqIioKHbQfL/LPuEjgDgMMzrgXn8MM/vs0/Z+nrWedc6Z4ZW///77/yQkJCQkJEqMV5W/EhISEhISJYNUFAkJCQkJzUAqioSEhISEZiAVRUJCQkJCM5CKIiEhISGhGUhFkZCQKN1ITEyMi4vLzs5WPku8OMinhyUkJEor0tPTT58+vXfv3gcPHnTr1q1t27ampqZVq1ZVFks8d0hFkZCQKH24f/8+1gQt2blzZ2xsbKVKlerXr9+sWbOePXt26dLFxMSkYsWKSleJ5wipKBISEqUMKSkp+/fv37VrV1hYWFZWVocOHZo2bZqUlBQREQGh4VRGjBjRo0eP2rVrKytIPC9IRZGQkCg1gK98fHzWrVt38ODB1NTUli1bDhgwoHfv3vXq1eOjl5fX7t27Q0NDzczMBg4cOGzYMNRFWVPiuUAqioSEROnApUuXDh06tHnzZn9/fxMTExcXF+QEg1KzZk3R4dGjRydPntywYcPhw4fv3r3r5OSEWXF2dra0tHzllVdEHwmtQirK/5CRkUEs1qhRo0qVKkqThISEzoAMPXfu3Pbt25GTW7dude3adcyYMT169KhTp47SIw8uXLjg5ua2b9++yMjISpUqdenSRQhP3bp1X31VPt2qXbzsivLw4cPo6Ohjx46lp6c7ODh07NixYcOG5cqVUxZLSEi8UJChsbGxnp6e7u7uKARlX8+ePSdPnuzo6FjEvXdx3x6nsmXLlrNnzxobGw8cOBBdad68efXq1aVf0R5eakWJi4s7cOAAkSpu6Onp6dnb2xN23bp1s7CwUDpJSEi8CNy5c+fMmTPHjx8/dOgQBsXAwMDZ2bl79+4tWrQwNTVVOhWJmzdvBgYGkuMnTpy4ffu2kZFRp06d+vbt27p1a319faWThEbxkioKxpkgo37x8fGpUKGCtbU1jvjixYtEcJUqVQjc8ePHoyssUlaQkJB4jkhKStq9e/fBgweDgoKysrJIydGjR5OSjRo1UnqojOTk5ICAAJTJy8uL91ZWVv379x86dKiDg4PSQ0JzeOkU5cGDB1FRUVQ927dvxw4TVePGjaPwoQIi2o4ePbp3796EhIRmzZqJ9saNGytrSkhIaB/37t2LjIxct24dGXr37l0bG5sePXoMHz68TZs2Sg+1kJqaevLkyW3btp06dQrS69q1a8+ePdu3b29paSm/uaJBvFyKgo/28PBYsWLF6dOnq1atSuEzduxYCp8aNWqIDugNizZv3kw5I8JuzJgx9vb2dChfvrzoIyEhoQ08efLk4sWLmIkdO3b4+Pjo6+vjJIYMGUICauQildi+u7s7WhUaGoqQdOnShQSHAWrVqiVvrmgEL4uiEEwxMTFubm6bNm2Ki4tr0aLFqFGj+vTpY2pqWqlSJaVTDhiQtLQ0Cpm//vorMDCQEoZuw4YNs7W1VXpISEhoGtiR4ODgtWvXHjx48PHjx61bt6baw51o/AGtzMzMkJCQLVu2eHt7IzBmZmYjR44cMGAAuiWrxpLjpVAUcZnr6NGjERERNWvW7Nev3+DBg5s1a6anp6f0KIALFy58+eWXq1ev5j09P/vsM8olsUhCQkKzgOLxJSTppUuXGjduTA0Hin6aq4RITEyEFjw9PbFEaAz1In6ld+/e7FTpIaEWyriiXL58Gbexe/duX19fPjZv3hwtQVEofESHgkhNTQ0KCtq/fz/yc+fOnYcPHyJCb7/99rhx45QeEhISmgBe5OzZs35+fm5ubiSdgYFBz549+/fv37Jly9wvLWoVJDtO5cCBAwEBAeiK+EZku3btzM3NlR4SxUSZVRTEIDo6et++fXv37r1+/XqLFi369u1LDdK0aVOlRwHcu3eP+EZ+du7ceeXKle7du1O2XL16le0MGzZswoQJSj8JCYkS48KFCz4+PmgJ1d6rr77auXPnMWPGODs7P/9fDuZI3N3dORLSHyXr0KGDq6trq1atCv36pETRKJuKgjUhRPDRgYGB1apVGz58+Pjx4zG2T/tK/JMnT5CQo0ePbtq0yd/fv0aNGkjI1KlT69evj1lZvXo1Efbuu+/KL9xKSJQc2dnZYWFhK1asoNqjjCMx0ZKhQ4eSbi/qy8X379/Hrxw6dGjDhg0xMTENGzYcMGCAeMJY3lwpFsqgokRERKxatWrXrl0PHjxo3rz5kCFD+vTpU8Q3FolpaiX6I0JpaWlt2rRBfjA0jRo1ysrKWrt27eLFi9nIf//7X/ldegmJEiI+Pt7Ly2vnzp28Uu0NGjRoxIgRbdu21YWvHN6+fVvYppMnT1KVOjo6vvbaa/369ZNmRXWUKUU5c+bMsWPHDhw4EBUVRb1DKPTs2ZOwIHCVHv8GWuLn5+fh4XHixIlLly41aNCge/fuaEm7du0qV65Mh5s3b27evHn9+vUE/VtvvSU9ioSE2rh79+7x48e3bNlCklLtOTk5Yf3JUEtLS6WHFsBOk5OTHz16ZGxsrKIwXLhwwd/fn/oyMDCwQoUKHTp0gBY6depkYmKi9JB4OsqIoly7do3p37Rpk6enJ2eElowbN45QeNo1WfokJCTs379/69at4eHhtWvXFr99nW+V69evb9u2bd++feIimNIqISFRHNy/fz8mJubw4cOU/+fPnzcyMurdu/fQoUObNWumvZ+lED/BEhQUxB6zsrIaNmzo7OzcokULFXWFEvPIkSPkfnR0tJ6eXteuXcUjA7nfXZMoFKVeUTIyMnAk1D7EKyJhZmY2ZMgQBKCIy1yEWkhICFpy8OBBipc2bdrgS4hvqhilxz+gJyoF2ODbb78tvwMlIVEsZGdnQ83UeTt37oSa0ZIePXoMGjQIZtfek8EktbjZTjkYGhpqYGDAflE1tMTFxQVhaNKkSfXq1ZXeTwfciBrt3r376NGjKSkprDVy5MhevXrJ3wQrAqVYUThytIT5pvBBS5AQfAbxamNjU6tWLaVTARDWrHLgwIGkpCQHB4fhw4d37tyZ+qXQ0uPWrVvr1q1btGgRevPNN9/I37qXkFAdDx8+9Pf337x5M+Revnx56jbYvFWrVnXr1tVecXb79u2TJ0+uXbs2ODiYvM7MzGzatClCcv369f3798fHx9vZ2ZHOrq6uKv7cJDUr+uTn53fs2LEbN24gKtSXqJSyWOLfKPf5558rb0sVqH0wJXD9li1bCBo86fTp05EHKysrcQukIAgLPOwff/yBOyG8iO85c+YQ4iYmJvm+Np8L8aMsmN/GjRsTlE/bsoSERD5gTfbs2bN69erIyEiKvKlTp44dO7Zt27ba+zF5XAipumrVKuTk3LlznTp1euONN/AlNWvW7NatW5cuXczMzNCbwMBA5AHzwSrGxsbPTGo61KtXz9bW9uLFi7DNmTNn6tevj1+Rz4AVitKnKFgTnCxBs3Tp0qCgIBGsyAmi8rQ78I8fPw4JCVmxYgVyQnxbW1tPnDhx2rRpxHfRl3GJUfqzO0x6z549Vbnmm5qaSlgDYrd27drS1ki8bCBDU1JSNmzYsHLlyrS0NCr6+fPnkz6kg/asSURExJo1a0jwgIAAdAL1ghacnJyQAcSDlmbNmmFWMCiGhobYDgiBYhHZK1euXI0aNYr+EgzF6KFDhw4cOBAdHZ2ent6gQYM2bdqoct3sJUQpUxQC1NPTc/HixcRrVlYWwTpv3rwRI0ZQRCg9CoCgOXjwIHKCQSF6Bg8ePHfu3NGjRxe8a1IQeJSzZ88Ske3bt6fkKTofkJ+wsLD169cvWbJEXDXGPBGplEjyx00lXiqQNcuWLcMNYBHwB1A5lb42bsJTLApOoL7cunUrnODq6vrWW2+NHDmSXaNtJ0+eJH8bNmyIqyD9aezQoYODg0OlSpU4SJaSs9evX+fwUIiC9R/ag0TheyCQ5ORkS0vLV1991cLCgmIUgVQ6SeRB6VAUIuPhw4f4TYSESiQmJsbR0XHOnDmUIUX8vtu9e/eoRP7880+ijVUoUt58801W4Y2KFH/37l1qn6SkpJYtW7Zq1UppLYDs7GyCEt1CS/bv308LvpgyDXMdGxtL0BN8+Cf5dRaJlwEUXuL/D507d46ajLQlC0hGUgA3oKksgBNu3rwJ3W/evJkcZy9k6LRp00hwGxsb8aD/kydPMCKXL19GCaytrcWuOTyqSUwGjWRuZGQkeYq6UBFyeLVq1RLdHj16lJCQQGnIxn18fMzMzF5//fV+/fqR6Xp6eu3atZO3UgpFKbgzDyMTFpQh4MqVK8SB+H0UCp+nGU8iKTw8HIo/cuQIb4yMjKhcevXqRRgVcdO+IG7cuLFx48ZNmzZhg572rFdqaurx48c5tlOnThGgGG12xB6joqKOHj0aGhpKgLZu3XrAgAH9+/enXVlNQqLsAn7/4IMPYGRnZ2csAlmACaAs69OnD6Ssxn/NygeECgN04MABb29vOMHU1LRv374uLi7IRt5HbKCOP/74g57sd/jw4flMEoYmMTERbiFzUabbt2/DLYMGDRo8eDBFKhvH9NDBxMRE/DMVW1tb6tpvv/2WjJ4+fTq6pWxIIg903aNQX2zfvv2XX37Zs2cPH+FlUSlQMjzNZ2BOt23btnjx4n379lEZ9e7de9asWcOGDWvevDlhrXRSDQQQxQs2xcrKCrOcT1HE7RncPY44OjqaCJs4ceL48eOJP0IT82RnZ1e3bl0kh5ANDg6mpNLX16c+KvrqmYREaQcxTzlFLf/uu+927NixUqVKMTExsDblXVpaWtWqVckLtS8Fs6lVq1aRd8eOHWPLAwcOhBN4bdy4ccH/TEGGpqSkWFhYkIz57BEfDQ0NyVNgbm5+9+5dtIf+SCAHv2PHDg61W7dukyZNGjp0KFpVpUoVUp5MR5lI9iJ+bfZlhu4qCj4DFl6+fDlVBsWOg4ODuGbF1D7t0az09HRfX9+//vqLVTDauODJkyezVtu2bdX7KVOcb3x8PAUXO2Ujeb8zzyHt2rULR0wtw/EMGTJk3rx5VDd16tQR3WisX78+a+GlCFzkJCgoiJKHdMKpFFfbJCRKEa5du4Zxh3lHjhwJX+NOyAU+Xr161d/fH0nIzMxEUZCcYukKm4Xrly5dumXLFixF586dp+XgaT/Zh6LAIRcvXkQwIJB8iiJAeUedx0HSoVatWhyhsCysAnWw8datW+c+8sNOEUU2CyHI6w2FQkcVBW+BNqxcuXL//v3YWAp/+LpXr155LW1e4IKRkM2bN6Mlnp6eRACrvP32266ursW6zJUPQlGoXAiv3Dvzt27dIuCQurVr11L+4F3wQK+99ho+RqyVFwQxdgrXYmBgwFpUVRQ+jo6ODRo0UHpISJQ5UNsR6tnZ2c7OztTyVFHNmzfnPbqCFQgNDT158iQ1GR1g8+rVqxfK9XnBWugQCY41CQsLa9GixYwcICpPqy8B1E8ZRwo3bNiQVYreCxnapk0bspUEpy5ETiZMmJCvEqUuPHHiBMWu6t+9f9mgi4py48YNd3f3X3/9NSkpqX///gjD8OHDsbRPuwN//fp1+i9evHjnzp1MOUZ1zpw5o0ePpo54ZqQWDSI+Li4OJWjSpEmXLl1ouXDhAkKyaNEiZMbS0hJH/MYbbyAqRXyNlrA+e/ast7c3wc2hEo6kQaHyIyFRNiCeoSd9evbsmVvLoxz4daxA7dq18Q2kA5lFjmMvjI2NixAG9Gn79u2//fbb3r17MTpUb9SXVGlFPOEpQOqhXkiXqakpPumZ3yCBLpAQMlRc5S74NBdHQiJzwG1146ctdRA6pyjYAkzGzz//TBVDIQ9l9+7dmyl82r0H4hIXjDWB+pnm119/nVXwExp5+D0rK4vNhoSEoCjoE3aYHW3cuJGDHDZs2MyZM/v06UP5k++OX15ERUWtWLHil19+8fHxIaypgB4/foxJZ4NFpJCERKnGlStXPDw8oOa+ffvmvd9AppiYmIj4h77Pnz9P/kL6V69eFVeD85WAFJeHDh0igzZs2EAx165dOwq4UaNGUcypcrkMRcHZUMahEPb29qrUlw8fPrx06RLaA/kU1AzsC6Ukmevo6CifHi4UOqco9+/fP3z4MPYWNoe4+SgudBZ8rIsyZ8eOHVQu+/fvR3IwJRjVAQMGUO88sxhREYRgSkoK2paWlkZAHzhwIDY2lnyYMmXKxIkTmzVrVujVWwGSxM3NDee0detWnBOWH6kjTNmOubm5nZ3d076PKSFR2kEtT9aQPi4uLgXvYBP5NjY2lGgQPdmNg4emoX742tDQUDyVS+Hl6+u7fPnylStXhoWFWVhYjB07lnqxiEvfBYGiBAcHk4miIlRFUe7cuUMViJKhfAXvlLDUz88PaiJ/5X2UQqFzivLgwQNqljNnzmBpibzIyEiiDUZ+9dVXqWKEriAz+GVCbfXq1eJOBloCX+OpVQka1XH37l0MCgrHMbAjHAbWZMaMGeRJEbf6r127dvr06U2bNmFowsPDEZ7p06dzhE5OTpQ/hDgtajx4JiFRWkDCYuhRha5duz6NeevUqUMWkAuUWXB0REQEuYafQDBY0cvLa9myZe7u7hgCykRxHZuexbrwgKJwGJAJK+IqVCGHezn/yDUzM9PU1LTgz9fTzoHRRxy20iqRBzqnKMwW9E0hP3z48AkTJmA4KF6OHz9OwUKY4jSRliNHjvz+++9EG1MOU8+aNatTp06qVy6qgFhEGNjR9u3bUTjcEhHGvgYOHMghKZ0KgMQgHNetW4dzwq3jYMaMGTNv3jxSgvwhTxBCtkZw48HlVS+JsgqEYf/+/XiOHj16kKRFyACmhHRo27Yt3eBrSjEcSVBQEP6efMeRkD4jR45U754oWQyZUNVRnrZv316VSxcUkSgQNWvjxo0LKop4Yig7OxstbNiwodIqkQc6pyj4TfQjPj4eH9CvX79WrVrhWJlgwoLg8Pf39/T09PDwIPjEF01cXV3ra/qfiaIfxDSOe9WqVZROhBHbf/LkCf4JGSAHCr1ghdPfu3fvzz//vDPn39STSyQDioLBz73REhcXx5YbNWqEosirXhJlFYiBUJSePXvCvEUbC4ienEIzoOnq1asjKn5+ftRtM2fOpKZEbygWi2VN8gLfQ0lKxnXs2FEVRbl9+zYZymvTpk0hFqX1Hzx8+DAqKgqhIn+lRykUOvdPCZnLq1evIiEVK1aEc+vWrTtkyJBPP/30448/JuCIjwMHDkDQ06dPnz9/PqKip6enrKkJECvsYuHChR9++CG6RUh1796dAgptw79TvHz77bcffPDB5s2bU1JSlHVy1qJy+eKLLz777LNjx45ZWFi8/fbbHPOIESPyFmi4K86IjygTZY5olJAoeyB5MeVA9TuaJHKLFi2mTZvWrVs3VkdIyG7UqITFIgfAFshQoDQVCRIzIyMDFsrKylKa8oCNiPu7Mn+fBp1TFKwA04YVqFmzZu43Ch0cHGbPnv3VV1+NHz/ezs4OX4IRNjc3F0s1AvG7YZgShGHx4sXJyckDBw7EwCFdLVu2JLjff/993puamgYHB//yyy/ff/89VRirYNL/+usvlGbr1q1kwtSpU7/88sv33nsPd5V7/AKcF1rCm6pVqxbxeJiERGkHiSDusRc3zlmrffv2VlZWqJGKGlA0KOByS7qSA3a6fv16WlravXv3lCaJf0PnFKVWrVrU9fjcfNVN5cqVnZ2dhw0bZmNjgyPWYJSAGzdu7Nu3D8XCWHh5edna2n700UeoAk7ZyMiIMOJgcEgzZsxAOebOnUu479mzB73hIwrEitHR0egcH7Epffv2LfRrlUJRHj9+rJFUkZDQWRDh9+/fv3PnDhV9caOdahK/QtJpygfgURA2FRmDbvSnvsSIKE15QI3IgXFeUlGeBp1TFLSkbs5v/jBtzKvS+g+YUREZGiTl+Pj4ZcuWIQ979+5l+5MmTfrmm2/Gjh1LucRSjuHWrVtIDjHErqmeRo8e/fXXX0+ePJlF6IqHhwchiH355JNP+vfvL9YqFGyc87p79+7ly5czMzOVVgmJMgfEgJShnFdDFaBsXjWV4GyH9KQiVFFRKPjS09PPnTvHq9KUB2ynWs6PiMurXk+DLl71YrYobeBrZldp/QdiIllacJEawL1u3boVLfnll19SUlJ69uyJVLzzzjtOTk5Vc/4DD7vjMNASIC5YAUIKvzJr1iwkxNra2sLC4o033pgyZUrjxo0RDNHnaeDsUBTpmiXKNvAEgGin0i+uNlB4AdYFSlPJwAEIKJ+LBN3IdAxWoQzDgcEMVL3PzPSXFjqnKFgTqgN4nDnLd+ErF4SaivHxNKBJgYGBP/zww6efforPMDY2njdv3n//+9/XXnst709tsxdi68qVKzdv3sy3R1YZPHhw69atUZeuXbsW/BpXoahcuTK1kryz99JCONRLly7dvn2bIL927Vp4eHhISMjVq1fzUhgW9uLFi4mJiVT6SlOpAnJSpUoVXtWo/GrWrFmrVi0yVCM5QrqhEAy7iowB7TRs2NDS0rLQC9eCedAVbIrSJPFv6JyiEILi2itywswprf+Adui4JB6FLSQlJa1btw79+PPPP4m2oUOHYlPeeuutVq1aFQwUwjojIwOdKxiRiA3xKtyMiiBb6I+uyIh8gSB+oHL4mlqB+YUm+Hj+/HleWST6EGCwfFxc3NmzZ2H8I0eO+Pn5Xb9+nUVEIKpAu7+/v7u7u6enJ+xfMDwKgo37+PgsWbLkp59+WrlypfgOLLb4m2++2b17t9g4xxMaGrpq1aqff/75t99+W79+fVBQEJEmtlCKQGoIKJ9VRo69qSDmRWkqATgAhp0BVGWCALs2MjJCVAr+SIcAs3/v3j1elc8S/4bOKUq1atX09fWRE4IgN73zgkYqDjXqF0IKq3Hs2DGsCRICQeAwxN31QYMGFforPYQjNQsmt9BfWxFWA9l7mpcqCDZIyJauZ70Yt7xQWgug6KWFgv7MJqU6ug4KVgl0YCmzBvXjXHPjgc6QeEREBAV+fHx8QkJCdHQ0RAzL01n0ESD5EQZqgtyAYZtRUVFQ9ldffbV48WIPDw/UYvny5T/++OPOnTvxBBBZSkoKOgHpL1iw4Lvvvvv4449nz569cOFC9sXqZ86cWbp06SeffDJ//vxZOUAk2PUzGZDjJ+oQCYSEzVLT/PLLL2iSt7c37bdu3WLjsbGxCAlysmPHDg6M0of9nj59WiP0+txAwUSEkxecEVBaVQP+jFlgrYIFpXog6VTfFHHCRFBBFjrgbIcDYx7V4J+XBLqoKJA7VTz8UijFMJ1QeXHDlP7BwcHff//922+/vWfPnrp1606bNg1OGTlyZBHPvLMWIDFIj4JBSTsrEnkFj/Np4MjpzDaVzzoPjjYtLU1cmaFYZgyh8nwFGnxNLQ+hBwYGQogqFtTMIyws/lPe5s2bt2zZ4uXlxb6UxTnPRERGRrKICgBOh/GPHz8uNp6amookTJkyZfz48W+++SZzOmnSpAkTJnz00UeYALE6R86hbt++HeJGGA4fPoy00M58nThxAloX/97mvffemzdvHopCh1OnTt2+fRs6ox21wDdwXjhaYWUES1LNcJwbN27kFU/DVNKfg6clOTlZ7PppYHV7e3sXFxfxP2U5Czxr3759OYsePXrQgk1xc3MLCAiwsLAYPnz46NGjraysEE6OLe/3n3QfnCmJzKsa0c5QE2BMk0bSRByA6laJsGQWEBXeKE15ICpCUUGWoix+ntC578xD3NSAlJy2Ocj341dUlxR09evXb9Wqler/+ITMp+Kj7oNE4IVhw4a98cYb+BI7O7ui77ARjtS/vr6+jRo16tKlSz6nAuXBcVTBjo6OqvyjU0IQzuX4zc3NnZycxC/i6ThgcM6RoTt48CD2Di7mfHP/HzNpD+lTR69evRqdptyGlBlhU1PTfBNXEImJiajCihUroGammzIcJiWZmVzhF9EbPAQbh1IvX77MjpArQ0NDMzMzsh0Bo4XDg+4hfVKd2TExMSEwGjduTAdMBtYBokcOz507hxZCyow5W0AV4AUqCbqxEc6oY8eOrq6uHTp0gPERnm3btqFGkydPHjp0KIs6derUu3fv7t27w++se/To0ZiYmP79+0+fPh09aNmyJUHCWk1yIM6uUBDb9erVa968OdvkDfLZs2fPuXPnduvWTfy7J39/f3aNzMyZM2fw4MHit0kQKjTb0tKSE1c2pPNgSDFYDDiDw5iobuIBs8nk6unpcfolzBEyjrhiikX+MunKgqeDoaZyIpw4ciJEaf0HEALsRNlBJNjY2KguVC8PdM6jEAQCyud/Q1whYSJVn0vKzGXLln3xxRcwV+vWralYqWQhiII/sVAQYkfwpoDS+g84SOopSI1DUpqeBTYC1ZItpeVHvcTpQ+gQtGBSTjbXrl26dAlVYHhRGipuKjvUlwJf/Lcl0adQMHQXLlyA69kaqQulwtrICfrBju7cucOoktgoDdMEt2Ioe/XqlZmZ6efnx47q1KlDCY/FxHQOHDgQRX///fcxMe+88w5bY9esiAtB3sj8119/fcSIEayL5rE6SzEE9P/000/xN/Sntvjwww9Zl276+vqwIa8oU+ccoBzoypAhQzhC2tkO/MgWkBNKE9qnTp3KRxopXJTTewoYTCiSOol6gtPh2BCSFi1aIMDiB+uERUPYunbtSqORkRGHx9lBZDCd2EipAIPMzBIPoGDiPBOswikrH0oGRpUSJzdinwk6V80Bb5SmPKCRioSlhToYCaCLikI8kXsUFIVOKqn7tEV5wUaoXt3c3H744Yc//vgDKZo0aRIEROH5zH/UkwsCkd3hwWGZghRJ0NMIVMwZTgpKQlHEOSqtug2Sx9nZGf6F4yjKBDuLypGkwlXs3buX8Rk/fjyE/uuvv8LRjBiEzoCLLRQKRoDVKcDHjBnDWt999938+fOpSW/evElhy7poGC4BEmfKvvnmm/feew/SHz16NGvRzi7gZZQAXYF/qd+pQKn3kQESntXRKsQPOv7ggw/EMYv/7crq7JrVOQWsDNuH03EMLM01oHTgVYglJkn8zz6xCECUhB8ykPuDoYRigwYN6tatqzptAfZCf44nL3VSZxAhFBy5m6ID+kpRLC73lRYQ6iJDyQ4xnqqD0RZpVdwVCwWHwXwx4xyS0lQkRDeEEDMqWvKCQyLaKX3S09M5QqVVIg90TlGYe/KKV0KhYBBUr15dXOwqejrhFH9/f3hq7ty527dvJ+HxJbgTOEvFwBKgswhH3heMb9FC8ufm/zOBnCBOSB00oTTpPOBKLJ1rDvr16wd9C7KA/c+cOUPt3KhRIxi5WbNmVNNwN5oNlT9znMWokrqYFbaDNYmNjYWmoXgoVdyiYJviH8mwNQp2/AqjxypiCwIsIsnz3pBnRcD2IYXTp09v3LiRksLHx4duyEbeyaqRA3aX9+InJA5lREZGHjp0aN++faGhoXnZXGyc/mIQgOA+Nl60iOYFuyAGGDq2zIpKa86zxcnJyUlJSZwj24Rb+cjgoLKIitKpNIBJYZwpR2rWrJk7UCqCtZgUUa4pTSUAw6i8Uw30p2ggnIg0pSkPmDhqncTERCJEKkqh0DlFAUUEAYyMqBQdoxSnv/322yeffLJt2zZ6wnG8nzBhArqiOvULcCTkBoxW6E5ZWsShFgq2RiAW6nh0FhyzuAgAGH+hBABWRUsQgBs3bqxevfrTTz/FTHh4eEDQz/ytfiaCUYVSd+3aNWPGDGzEV199lZmZidfp1q0buxBDxC5yd0cy0x/kpWB4h+RHnulPB6U15wkItoaKLF26dPPmzVjVc+fOidIyryegG8jnANgO2oDX6d+/P66IE8wbNsw4G8GEiStUbC0sLOzkyZPIYaEcVCg4YPqjEwwd/KW05mzt/PnzBw4cWLNmzZ49e3jFJJ06dQqGzbVEpQKMGNFCDCDhxI/SqhpEujEjeUemJECYgfLhWWB+0XVCpVCPIs6FsCQjqDVFo0Re6JyikOFEEqlFUBaMReKMbKS9UG2ANZYtW/bxxx8vWbKEhB80aNDXX3+NOxkwYAA0p3QqDggvYpHQyVuT5oJDhX3oo3rOCAUq9NR0HBTO2D6qM3EKAL5o0qRJjx49+vTpY2VlxayFhISsWrVq69at2I6Cw5UXbAT+ZRUGMDU1NSAgAIZFrpCTOnXq0IFFojzPLfwvXbp09OhRpjivJFDLi2Kf/M9lDd7DyygKnqZr167Dhg2jnnBycmKnkHguT/GRXdPCSeW9BcL2mVmxNd7jUX7//XciCrFkd4Qfpwnpo1V//vnn999/jxbu37+fg8e9iS08E4glh4ecwFx5dYhhtLW1jY+P/+WXX7DUn3/++YYNGyBlTgHbp3QqDWBsGTpOE+QGjIqghiC0SJDirlgo2A7xQIRwJEpTkSA32Tud8xYoueDY6tWrh2vPW1pJ5IXOKQphRDKLrM7LHQLQAcFRcLJJ9WPHjpHeVMpkPrn93nvvffHFFyNHjuR9ofKjCgT154qc0voPOFSCr1jViji70iUnHDPMC5XDpIGBgfCgaIcT4T4+dunSBdl+859/UgnbBgcH5/J7oWAwKfOvXr3KuvDmpEmTqMHZFJohVERfXx/zsW/fvvXr1zOzUPaKFSvc3d0ZurzfHIIs2Ajac/ny5VztEdesIAWImJCAmjGpQ4cOrVWrFsec243zYheEEx4ltxEwoZTJnAhsvmjRIvHDCv/5z3+QELSHnmgYJ87xzJ8//8svvzx48KCRkdGoUaPatm2rbOJZYBfW1tb0NzU1zUtMzZo1mzx5souLCyrCgUFbHTt2ZGCxSqo8SKI7EHHOWFECFh0JBfE/Fcr5mlehaUvux8TEkOOHDh0iJp+5cXKTYMtbcBQNMrpBgwYGBgaFCgaHVLNmTYKQwoKDVFol8kDnFIWJpLyFxPNdEBBgEXYhLyMTKBSk69atg9S2bNmCX3799dexJpSlqt+BfxrYEXskMfJdVBHgSNhdjeL8yA8bJCjzHr+Og+HFnWA7IHqY18vLi5pd5BJkcfbs2cOHD8P7fn5++BJIkFODuMk6sfrTQJIza8hAo0aNxo0bB+nPnj0bAl2ZA/ylqNYTEhKg7JkzZ86aNWv16tUQff/+/eFiZSs5+S+uyHFIuZTBTLF9Q0NDLBSvbJZporCwt7cnJPLyFIfq4OBgZ2cnbs4JmJiYODs7t2vXDlWjM+4WimFFuIkwYIOdOnViUxwhesAbrDCKlfvToqqAY0Z9OeWBAweyF6U154IPckIkI2CMyY8//og3mjNnTsHHWHUczAiiKHIHdVFaVQO5j/ATXQUzjgBDSzCFDB3DsnDhQgKSzsriAiAamTVGmzhRmp4FchkLQlIrnwuAM6J+5UgKspME0LnvoxBJ0BO1sJmZWYsWLfJxU2xsLLUtadyyZUvSj2ANCgpavHjxn3/+KZ7uf+utt8htGxsbollZpwRg+xDlkSNHCLKuXbvmizNqYapmAqt169aqfB8FpKSk+Pr6UmVDKCUXvOcAVMTNzQ1eozznI0wtuB6aFuCMfHx8Tpw44e3tHR4eTvYOGTJk8ODBjJjYQqFgYBEqCJp5FE/lsk1sCunKtDZv3pySnNEmGOjMcMHyUP/w4cMxnXnvhwnOwiJ06NCBKRB1JRvnOKH7Nm3a5HIxTEEHtmxubi48JXTD0fKRY8irNDQiRShK+/btO3fu7OrqOmDAgN69e/MeMeMghb3o168fpylOlp7F+uYEu+Y0Occ6derkM7gMKSdIAHO+7Ij3qtcrugPG/9SpU+QO0+ro6Kg6oQMCg4hiWsWcKq05X2Bau3YtoUhNQ0igWFQ5pD89mZS8NUFeEJOQCWIPOTC2SuvTQTqHhYUFBAQQGOS10voPOC82yE7ZIPHAMSgLJP6BzikKdpJ4ioqKIqNgBKpLZUEOMLyRkZEoCgkP2W3atGnp0qXQOhE2depUitkuXboQW5oyAYL4jh49Ssj26NEj38GgYVRMGGrxrTqltUhcvHjx+PHjyCQcxDaVVh0GdSJmAkBtzAg51rFjRwsLC3gQ+obooUX8Ad04KXwAjD969OimTZsWrejQN2Qq/AFvBLnD4xAQk8u+yFU0iY/QCiNP5c4r2sPu8poM9oIYsAr5D1+IeWddyhEakZNcEkGf0Bi2nJdW6MkpEDD5tslE0xNC5wA4Qk4HsDoywImzRw6Vk4XvWB05VIP0OVR2lHe/uaAdCmabRY+hLoOkIDXIHVIDFS/W+Fy6dCkkJITxoYYT1/rwBKKs2bx5M5FGYUGmo/GioEQw4uLixA8i5K0MAB3YFNpGjPXp00cVRYFVyPfg4GDK2YKXMVGUiIgIlhKc3bp1I2iVBRL/QOcU5cmTJ+LLBDACk5qPxKlKYGTmFWtMkC1fvvzKlSsUC7jg8ePHwyOFpmhJgAagWOwOMhXxnYtr164RfEggaUPlrrQWCUL/wIEDsBvkCBkprToMZAPGpGRGSLp3706SMy8Qq+BuKA9WhXbRfpb26tWLSpCWZ1Ihq7NZOJrMFJsC7IuPCK3IfDZCJUgfhIGxYlHBBGZdGsXjv7nbIQYIG3QiL4PQKC6oKp9VABukf+5m86LQRolcZGZmoigUIgRGcRUFbcAlMF/EEgEAff/555+rVq2iyiT2pk2b9vrrr5OM1HAkHVFBQUOVeezYMUgDv0JcAbEpFIXVfX19cbF4SlUUJSMjA7eNu3Jycir4NAQb5KQwSUQXJY5UlILQMP+WHLAVhQY1GsFR8EIqmZyamgopf/vtt3v27KGQpFr55ptvqItzw0iDYHeEDgUOIb5x40YCl4BTluVcxBcCpjq/EP2IE3FZWigJSoXQhVogKogHcpjv4BFyFjk7O5OB6j1TJ1H2QOSQv/fu3VPxlngu6H///n10hfIxICBgxYoVWBMSbfLkyd9///2MGTNyr2Tild98880FCxbMmjWL9xD9r7/++vPPP584cULkKWuJmoCMA2KtokHZQQxjuHmjNOUBm4KgsLZsubSk8HOGzikKYM6Yzrz3WnNBsUNkpKSkYKgpIhYuXDhv3jwV/YF6oOLu27cvQbZhw4ZPP/105cqV0dHRmCQWiWoIqF6qIEIwMhFZrGJZQqJ0gcwlR1AUUT8praqBdbE4ERERS5YsoXAk2cePH//TTz/Nnz8fa1KQ6BGYiRMnQgVz587F4O7atevzzz9ft25dXFwcexfXD+mmogBUqFCBIpJX+EdpygOODY1kU2RxsYzXywNdVBQqFGaOCSsYPUw2Ppc3zCshK9hZLNIS2OOoUaM+/vhjR0fHQ4cO/fjjj7wnXq9du4aQYKcMDAyIWqX3s0BpI6B8lpAoi4Bzc82B0qQyqN4MDQ3JLy8vr5iYGLzvO++807Vr19q1az9NFchE/PGUKVO+/PJLXAvUgbP5+uuvjx8//uDBA9ITJsn3BMTTwC7ozBaeVvOhNOQv25RFYaHQufsohGBwcDAVSosc5Cv/mWzE5ubNm+np6RcuXIiNjb116xaehhBUemgaoh6xsbExNzevXr06MiYe9uAArl+/zhvqIHt7exXvzCcmJnp4eKBSHXN+fVZplZAoW8CdiGe9HBwc2rdvr8oNjFxA1vQnrxGVu3fvIjCQAIlfhKII0K1BgwaQhqmpKQdwKQfROahfv/6gQYNUERXK2cicX7m2s7NjU0rrP4B82BoERR2J1KleSr480DlFAcgJ09a8eXPCMV8sQu6EC/FRs2bNtLQ07xwQeUwtLflu42sQBDSK4uTk1KxZM0wSrpwj9PX15ZWahUYOVelaJMSTY+QGilIqnvWSkFAPFFtEe9OmTdVQFHLczMyMkgsJIcUwK3FxcagLtSM5XrQ5wF5YWFh07tyZ1aOioki3y5cvk79QB4eBPhW9ulAUdkoR2apVK6X1H6AoZ8+e9fPzY2tdunTheJQFEv9A5xRFxFBYWBgzSplQ8KIWc2mb83vglpaWTPD58+cxDYCAYxERo73rm0Rko0aNCFZMCeUPwZqRkWFkZES1wqEqnYoEVRsSiKOSHkWibCMwMDA+Pp4kRVGKe2kaM4GodOrUiVoN1r569SqOx9/fPyUlBX4gfVCdZ146hhzOnDkjmOHGjRuoy7lz5/AxderUYV00Run3bzx48ICKVniUgorC3hMSEk6ePMkB9OjRgypWWSDxD3TRo1AFhIaGNmnSBOLOd9VLgHklzqhEsKX4lUePHhEup0+fjomJuX37NrqCCdDqvYrk5GSEAeVjXwMHDnR1dVXxshv6d+zYMX19/Q4dOkhFkSiroNL39PSE0OHl4noUAXIcM0GOUD6K70iSdJiDgIAAPAfZjTA8bbOpqam7du1atWoVOsSRsCkyDk7AfEAs6AosYWxsXKjDQFGE9rDfgoryd84XXA4dOoRG9uzZs1hfa31JoIuKQiAGBwdT3Tg4OBThK6ky4HGsDMJjYmJCnBFAlCREAzFEi8Zv2j98+PDEiROrV69euXIlpr5x48aTJ08eP3484qfibToKnIMHDxKI0qNIlGFkZmZCu3FxcS1btmzbtq0aipILasqGDRuS5uIaOFUjFiEsLOzKlSukf75Lxzdv3nRzc/v999/XrFmTmJgI6Tdt2pRGhO2tt95q3rw5Jd3Ro0d9fX3ZDuKBLOW7VJ6dnZ2UlIRNoWBt166d0voPULVNmzZRFJL7/fv3R6WUBRL/QBcVBUlgyiFcPK/es77fQJARcAQuNpnKJS0tTdzYJ4xYRGmjqZsrFy5c2L1796+//rpx40aKICqvKVOmjBkzhshT/akPgvXw4cPEMY7eyMhIaZWQKFu4d+8exA19U+ajKKShskBdwANog7gmQWEXGxsLRbB9akfqsxo5/08F/0Gpt3TpUhif5KLUmzVrFukvDMe8efNQCFYXXz+g+qQ/icyKFSpUwMSIHT3J+Z801IuNGjXq0KED2xft6enpgYGBf/7559atWzmdESNGdO3atSRKWVahi4py8eJFLy+vWrVqEUAq+sqKFStaWVm1adOGOGC+KY6IGMoQBIaig3ApiV+5m/OPmzDRK1asoPBBQiZMmECA9u7dm1BWOqkGcoBTQ1EIVqkoEmUVKApunsLOzMysS5cummJe0g1OACYmJnfu3MGpREZG8obtIw+LFy8WP9Pi4uIyd+7ciRMn0o2MoxsM0LlzZ3HTntTDYcASCQkJPj4+pDZ2B36gD9spX748ZV9AQECDBg1YhZ0iYPTZtm0bcnLw4EGOAa2ilIRqxFFJ5IWOehSMLX6WmqJYVyopZHDHrVu3Jhpu3LhBWABCDVGpW7duzZo1i3tzhYKF2mTPnj1Yk/379/Nx+PDhs2fPpkJp0qSJGrdqCFZvb2+C0snJST7rJVFWcf/+fcj6+PHjGALqvHr//rmtEoKCzNHRkTQ3NDREDJAuf39/fMmZM2fs7e0REqxJx44dxQXzs2fP4pY4DOo/0YJ4WFpa4pwaNmyI8tEhJCQkPDwcKcLBICpUjSRp7Zyfc8XBsPqCBQu2bNly/fp1GImNU1CiSbn2RSIvdFFR0ADCUVzHzHWjKoISg1UwyEgLJcnly5dxKuLmCsFBCKruKm7fvu3p6bl8+fLVq1cTdg4ODlOnTp0yZQoZgnSpF0/YbbaJwrVv397U1FRplZAoW4DBSbrAwEAC/ubNm+XKlUMGirgnWlxUyPm9Tmtra1giOTkZuiCvyc3JkyejHBgjcSGawwgKCvLw8KhevfrgwYNzD4Cl1JcUhc2bN0dXMjMz6RYcHIw+4UguXLhAJQqT4GPc3d1XrFjh6+tL/Tdu3LiZM2f26NGD8lTKydOgi4rC7J46dQqfQR2h3r0vQgG+trW1RQbMzc2JaaoYrCvCgK4886Y91QrHsGrVKuSEYCUZCKbp06e7urpyVKrfNSkIFI6Sh+07OzuTDEqrhETZAjlColGTUe9TIOIeLl68iHGB9zX4xG3VqlVFEpHXrVq1+uijj9CYfE+HkvWkMHqAouRbRMVJOxTBWujTrVu3xP+Ui4iISEpKQl1YFy1BWgYNGjRjxoxhw4bhgeAWZX2JwqCLihIWFsa8IglqK4pArVq1cCr4X0wuYUFwe3l5UToR6ywiMgpe3sU90G3fvn1Lly7dvXs3H3v16jV79uxJkyYRdiV/eOz8+fNubm6vvvpq9+7dkTqlVUKibIEIpw6rX7++vr4+QkLYnzx5Mioq6vr167SQ1Cr+JsozgQt59OhRTEwMvoRULVjtoWd+fn4IxoABAwr9KgK6AtU4OTlZWVnBCWhJXFzcgwcPyH2MSMuWLaflQFyZUNaReDp0UVEiIyMpFphgFAXqV1rVBbHbuHFjIoOYI0oIF/wHRQ0FFOUSQGxET8L9+PHj4qezExIS2DsmF2vSvn17wk70KSFIrR07dhC4Li4uUlEkyjAIcjKuXbt2VHWoC7py7tw5yD05ORmmRlfg95LYfQEUJS0tDRdSvXp1aseCBoIKEjEzMDAYOHBgoYoiAEuQj61bt+aY6WZkZITGjBkz5rXXXuvatasGfVWZh44qCmazQYMGTHBx76M8DcREkyZN0BV8bkrOvx3EBiEbRA96Q2RfvXp17dq1ixYtEtE5duzYuXPnimumyiY0Afa4d+9ett+zZ09iV2mVkCijgOJxAC1atHBwcKB0wwFER0cHBARcvHgRx491KKgBxQKKcuXKFXKW0rNLly4Ft4ZH8ff3J+tRlGdeY6ADWdm8eXNnZ2cyFFFppMI/+5HIC51TFGyEeHJDfA1Qxe+iqwLKEOSBiqlp06YIyc2bN8PCwjArmZmZlDlbtmxZs2YNNoWS5M0336Q8sbOz05Q1Ebhx4wZycvjwYeQNhy49isTLgFdffZV0s7CwIO/EE7ck3enTp+Pi4q5du/bgwQOWqm0ChKLgQthC586dC17HFrdGTExM+vfvr8pVa1iCKhap41Wz6f+SQOcU5cmTJ0SAh4cHb7DMGqddosrS0pIyBGmpUaMGfoXgZo9RUVHsa2IO+vTpU/KrbXmB5adWWr9+/YYNG8ii9u3bswuiVlksIfESgBqRKs3a2hrX8vDhw4iICD8/P9QFv/LKK680aNAg9/pzsXD16lVPT0/YH0XB/Sut/4C9eHt7k85Pu48ioVnonKJQ0VC8oCjJyclUHEZGRlQfGi8W2Ka4T0MlEhMTEx8fj2l4++23hw4d2rBhQw0+GpiVlYXTP3DgwLJlyzZu3Egi9ejRY9y4cS1btixYT0lIlG3gAOrXr9+mTRt0hXoO137mzBkfH58LFy6Q42QlpF8sXSFVURTooly5cl27di1YCKIox48fZ8tDhgzR4OPLEk+DLt5HIc6io6NxD+Hh4bGxsQSN+OaRBr8kJUD4YlmISDb+xhtvdOjQQb0qqVDgx+/du4cf//XXX1etWsWJYL3Hjh07c+ZMZ2dniikN6paERCkC7C++G4Bl4eOVK1cSEhICAwMTExMrVapUt25d1EXFZBdXvY4cOUIiu7i4FLztGhwc7O/vz+4GDRokPcpzgC4qip6eHhLC9FPdR+Xg/Pnzjx49ItQ0XmWkp6eHhoYSl3gUDd6Ex5rg6Ddv3oyWEO6kh6ur67x580aMGEF1RqUm5UTiZQbxjwaYm5vb2tqSESQIJReZGBYWdvHixSdPnuA2Cl7CKgh6Qg64EAMDg549e+JFlAX/IDIyMigoqF69eireR5EoIXRRUZh4CwsL4gxdIWLi4uLE9da0tDSoH6VR/XvvzwThy8azs7PbtWunqR/aysjI2Ldv32+//bZt2zYKKAJ99uzZY8aMEY8hSi2RkBBASAwNDYWoiEcfEQAsBcl++fJlch/PUbSxePz4MXVnQECAiYkJiZZPM8g1EpwNYn369eunikRJlBC6qCgAX0yo2dvbC125desWoXbq1Kn4+HjeEx9Qs0buQ4h/xXP79u327dsbl/iHtu7fv3/mzJmNGzf+/vvvCBWmZ9SoUe+++y7RrEEDJCFRlkCy4yFatWpFspMmFGQhISG+vr4JCQnp6eloBhXk0y5OoDopKSmBgYGUg1RsBZ8evnDhgrhIMHjwYA1WohJPg44qikDFihUbNmxIqOGOCbubN29SjyAtaEBWVha+GFEp4U17NICCKDk52cnJqUGDBkpr8XH37l3c96FDh5YuXYo1uXPnTtu2badOnTp58mTyROkkISHxFJDg1I4tWrTArOAt0BXEwMfHh2R/8OABZgU9qFDYN+3T0tKoNSkxO3funM+joDdeXl779u1DkEaMGFHwmpiExqHTiiKAZhBkEHSzZs2QEEoSggyfixt4+PChnp4e0qL2pSQCNzg4GEXp1KmT2j9PzSHt3r174cKFuBP0qUmTJtOmTZs1a1aPHj3kT9ZLSKgOTAblY+vWrR0cHJAQEjMuLi4sLAy/gjzgYAr6DPE/g+GBLl265FUUis7w8PBNmzb5+/ujVUOHDi34JJiExlEKFAVQvxAxTZs2tbOz45VShTgjXPArhBoljIGBgXoFyKVLlzw9PZEE8V8TlFaVgTUhmjds2LB27Vqsd/WcL9vPnDlzwIAB4n8wKP0kJCRUA8mOI7GysiLZSaLy5cujK5R90dHRiYmJ5L6JiUnulQlk5vLly0gORSeKwrqiHX4gK//44w+ymzQcNGhQwbssEtpA6VAUgVdffRXlEL8VKr4PhS+mABE3QjC2LC3UFxcBFOXYsWNXrlxxcnKysbFRWlXDuXPntm7dumLFCnd3dz5iutGSSZMmtWrVSj6nKCFREpDstWvXJtmpINGVhw8fUkEGBQWRdJmZmSgK7p8+4Pr166dPn0ZmOnXqxIrUl8ePH1+6dOnKlSsRIQsLi8mTJ48ePdo053+8io1LaA+lSVEEXnnlFcxv8xwYGxvjEtAVSpikpCTe4xJgc9VvrqSnpxOO165dc3Z2trW1VVqfBQTMz8+PkF22bNmZM2eopyZOnIic9O3bV/5AqYSEpoAGkOMtW7ZEVMisO3fu5H4jkqU1c777fOvWrSNHjuBOKApJ5927d//8888HDhyoUaMGrkUUeebm5lJOng9Kn6II4EXq1avn6OiIrhBYV69eDQ0N9fb2jo+PZylmBV1RJYZu3rzJiihKt27dqIaU1qfj8ePHqampO3bsWLRokYeHx6NHj7p37z579uyhQ4cS9PLJYAkJjYNEbtiwYbt27ezt7XmPnMTExJw6derixYskYEpKCqYkIyPjyZMnCMny5csTExMxN1OmTJkxYwaiIh/xep545e+//1bellpA8XiUbdu2ubu7oxDY2549e7q4uCA2lpaWSqenABONz8BNf/jhhzgMpfUpwF/7+/vv27fPzc2NnaJA/fr1GzJkCDuSP/AgIaFtZGdnIydeXl579uw5evQo5R0Opnz58iQjxVytWrXoYGhoSO6TyzgbDf7OrISKKK0eJS+qV68OudvY2OASML/i57J5jY2NvXfvnr6+fhFXoq5cuUKAXr58uVOnTlZWVkprAbCdEydOrFmzZvXq1eInH4YPH46hxppQN6l+kU1CQkJtYFBq165ta2tLsuNaKleunJaWlpSUlJWVhVkxMTHp3bv3tGnTyErkRN7LfCEoCx4lF9jeyMjIgwcPHjp0CNeSmZmJ0rjmgAgrVFdCQ0N//PHH+Ph4lJVuSmseUAfFxcWxwR07dpw+fRovgvseOHAgsSv/ra+ExIvC/fv3xQOflHqICgJD/lIXoitKD4kXgTKlKALih7J37969f/9+pAIj3LFjx9GjR4t/xJvPT6BAixYtiomJ+fTTT/v375/vRkhGRoa/v/+6desOHDjAduzs7NCSAQMG8Ka4D5VJSEhoHOK+5rVr1/Aumv3VcAn1UBaueuVD+fLlqVOaN29uZWWFuly4cIESJigoKDk5GRkwMjLK+1i6+IYjfRwdHcV9P2XB//0fa23cuPG3337z9vYuV67ckCFD5s+fP3jwYDMzs9zH3iUkJF4gSNiaNWvWq1dPT09PyokuoAwqCiC2qub82zhxvfXevXvROcCRUM7o6+vnWmO8M+2JiYmtW7dGVISi3L1799ixY2gJ7gSxcXJymjFjxoQJE9q3b6+RHxOTkJCQKJMom4oigJOgeLGzs0NasCaPHj0KDw8/ffr0xYsXsSbi+eMnT55gXxISEpydnVEUBCYgIGDt2rUrV648efJko0aNxowZM23atAEDBqBMynYlJCQkJApDGbyPUiiuX7/u5+fn7u7u6emJflSpUqVXr15Tp06tVq3amjVrfHx8XnvtNRcXl9DQ0G3bttGT9q5du06ePLlTp07y54AkJCQkVMHLoijg8ePHN27c8PLy2rFjB5qRnp6Ofalfv35cXFxSUlLTpk2RmcTExAcPHtjY2PTr12/w4MF0kLdMJCQkJFTES6QoAghGcnJyQEDA/v37c79qi9iIpQjMkCFDRo8ebWVlJb8eJSEhIVEsvHSKIvDo0aPY2NijR4/u27fv1KlTWVlZlpaWTk5OXbt27datm7m5udJPQkJCQkJlvKSKIpCdne3t7e3h4XHr1q1WrVohJ02aNJHPIEpISEioh5daUQQe5qBatWrylomEhIRESSAVRUJCQkJCM5D/M0BCQkJCQjOQiiIhISEhoRlIRZGQkJCQ0AykokhISEhIaAZSUSQkJCQkNAOpKBISEhISmoFUFAkJCQkJzUAqioSEhISEZiAVRUJCQkJCM5CKIiEhISGhGUhFkZCQkJDQDKSiSEhISEhoBlJRJCQkJCQ0A6koEhISEhKagVQUCQkJCQnNQCqKhISEhIRmIBVFQkJCQkIzkIoiISEhIaEZSEWRkJCQkNAMpKJISEhISGgGUlEkJCQkJDQDqSgSEhISEpqBVBQJCQkJCc1AKoqEhISEhGYgFUVCQkJCQjOQiiIhISEhoRlIRZGQkJCQ0AykokhISEhIaAZSUSQkJCQkNAOpKBISEhISmoFUFAkJCQkJzUAqioSEhISEZiAVRUJCQkJCM5CKIiEhISGhGUhFkZCQkJDQDF75+++/lbcSEsVHVlZWdnZ2uXLlKlasqDRJSEi8rJCKIqE+0tPTDx06FBMT06hRo27dujVp0kRZICEh8VJCKoqEmoiOjt62bdv27dvPnz9fp06dLl26TJgwoUOHDtWqVVN6SEhIvGSQiiJRbKSkpAQGBu7YscPT0zMrK6t27dqZmZk3btxo27btwIEDXVxcbG1tq1SpovSWkJB4aSAVRaIYuHv3bkRExK5du3bu3JmWlmZvb49+NGnSJDU1FXUJDg5+8uRJ+/btR48e3bVrVxMTkwoVKihrSkhIvASQiiKhKpCN/fv3b9myBeUoX768q6vrhAkTWrRogR3BqSQkJLi5ue3ZsycmJgbX0qNHjzFjxnTu3FmaFQmJlwdSUSSejdu3b/v4+CAnJ06cuHPnTuvWrfv06YMLsbKyUnrk4Nq1a+Hh4e7u7nv37k1JSaHbxIkTER7MitJDQkKiTEMqikRRyM7ODg0N3bVr17Fjx27dumVnZ9e9e/eOHTs6ODiUK1dO6fRvYGW8vLzwK6dOncLKdOnSZciQIZ06dapRo4bSQ0JCooxCKorEU3Hp0qXDhw/v3r07MDCwbt26w4YNGzFihK2trbK4SFy5cmXHjh0rV66Miopq27bt+PHjWZeNKIslJCTKIqSiSBSCR48eJSUlrVu3bsOGDQ8fPuzRo8fo0aPxGfr6+koPFXDnzh2cym+//RYQEMCK77///muvvVanTh1lsYSERJlDuc8//1x5KyGRg5s3b2JNlixZsm/fvnr16k3PQevWratXr670UA0VK1Zs3LgxW8Cv4FTOnDlTtWpVS0tL+YUVCYmyCulRJP4/rl27dvr0aSxFdHQ0762srAYPHow1qVmzptKj+MDi+Pv7b9++fc+ePRUqVHg9B/Xr11cWS0hIlCFIRZH4Hy5duhQZGent7X3ixInExMQmTZpMmjRp+PDhenp6So+SITk5GUVZtWpVRkbG6NGjJ0+enO85MQkJiTIAedXrZce9e/ciIiL++uuv1atXe3h4JCQk3L1719TUtG3btrxWrVr1lVdeUbqWACiTo6Nj3bp1cT+enp7oipmZWZ06dTSycQkJCR2BVJSXGlgHd3f3pUuXurm5ZWdn29ra1qhR4+rVq+KbJRiXKlWq6OvrV65cWVmhBChfvry4rXL27FkvL68bN25YWFjwUVksISFR+iEV5SUF+nHkyJEFCxZs2LDh8uXLXbp0efPNN0ePHm1oaBgTE5Oeno6KIC0nTpw4f/58/fr1NfLgL6KCNTE2Nr5w4YL4sqS1tbWBgYGyWEJCopRDKsrLiPj4+M2bN//6669Hjx6F38eOHTtz5szu3bubmJgYGRkhITB+3759O3TowPuTJ09iVvAuDRs2fNq3GlUHomJpaYlERUdHI2kPHz60t7evVauWslhCQqI0QyrKywW0AYVYu3btpk2bbt261adPnzlz5owZM8bU1FR0qFq16t9//41NqVOnDkrTo0cPnERISMiZM2ceP36Mgyn5vfpXX321cePGtWvXPnfuHFtmd02bNi3J42QSEhI6AqkoLwsQhuDg4DU5QB6sra2nTp06bdq09u3boyJKJwKiXDkcQ3p6upeXF2+GDBnSrl27atWqRUVFnThxIi0tDSVAbEpuVnAq6MqVK1e8vb0rVarUpEmTvIchISFRGiEV5aVAXFzc6tWrFy9efOrUqbp1644fP37WrFmdOnWqV68ejkHp9A+qV69uZGREz/Dw8EaNGrVq1coqB+I/NuIqatSoYW5uXsJfqkeT2LiBgUFQUJCPjw9v7O3tSy5UEhISLxBSUco4srKyMAG//vrr2rVrb968OXDgwBkzZri6usLmOAOl07/xyiuv4ELQD09PT16dnJwQITMzMyzFrVu3aIyMjERULCwsnrYFFYGYNWjQ4P79+/v3779w4YKdnR1HpSyTkJAohZCKUpYBTW/btk3cgYesp02bNnPmzDZt2jzzf5YgKrVr1w4ODsZA1K9fH/dQvnx5dMXa2hqJOnnyZFhYGB34SLuyjlpgdfxQWlqar69vdnY2x1bc33qRkJDQHUhFKZvIzMwMDQ1dt27dxo0bU1NTu3btOnfu3LFjx6r+/Q9DQ0McCaKSkZEB0fORRn19fZzEkydPEIBz586xNXNz8xKKip6eHk7l/Pnz7KtChQq2trYa+fqLhITE84dUlLKGv//++8qVK3v37l22bNnp06dtbGzwJTNmzGjdunVxb33jHq5duwbRm5iYNG3atGLFijTWrFkTywL1BwYGRkVFoTSmpqYluaeCH0KZqlWr5u/v7+fnh0RZWlrKGyoSEqURUlHKGm7evPnnn3+uWbMGaRkxYsTkyZO7dOmi3tNZtWrVwi6Eh4dHRETUr1+/SZMmoh32t7a2RglOnTrl5eX16quvWllZlcRYsClsyuXLlz09PdGw5s2by+/SS0iURkhFKWvAoPzyyy/U+3369Pnggw8sLCxKYiCwIPfu3du3bx9C5eDgIK59AUQFgUFFsEGYFUSFHZXkFggGCCeUkZHh7e396NEjFKtY/4tFQkJCFyAVpazh+vXrbm5uSUlJDRs2dHJyytUA9VCpUqUaNWpgU1AOAwODNm3a5HodRMXOzq527driF4v5aG9vX5KnvzBSxsbGZ8+eZWuoIE5F3lCRkChdkIpS1nDr1i1MQ0JCwv379+FlWL6E3xxk9cePHwcEBNy5c6dVq1bwvrIgx1hgTbKystCA2NhYMzOzEt4CQZ/QJB8fn5iYmAYNGtjY2BT8uoyEhITOQipKWcO1a9fi4uKaNm2Kt+CNubm5qalpSVge2cA6IFHR0dH6+voODg55L6MhAKjIgwcPgoKC0tLSrKysSvLftNgy+2I7iEpmZmazZs008guVEhISzwdSUcoaoOP4+HhnZ2fcA8YCpwIvl/BXsxAnNMnPz+/s2bOOjo5oxit5/q8JS5s0aYKS7d+/Hx+D5GA1lGXFB5YIGxQZGRkcHIycsDvxjJmEhITuQypKWUNGRkZMTIyZmRnMfunSpRMnTlSvXh3rUMLvtxsaGqamporb5khUvt+LxLvQgf2iOgiAvb19tRL8M3kjI6Ps7GwUJSUlxdraGgEriceSkJB4bpCKUtZw69atsLCw8uXLt2rVqnLlyocOHcJYmJub5z77qx7Ev95KSkry8fFp2LChjY1Nvi82YixMTExQHewFomJra6v2M2YYIPQJORG36AsKmISEhG5CKkpZQ1pa2qlTp6pWrdquXbvatWsLY/Hqq6+2bdu2JL4BiFsabBwbhOkxNjYW7QIIjLgzL54nxlggY2p7i5o1a965cwfHc/nyZUdHxxLKoYSExPOBfJCmrOHhw4fYlPv372dnZ+MbBg0a1KhRI2TA19dX6aEukAdUqmPHjpiegICAJ0+eKAv+AX6CDs7OzufPn//rr794VRYUH9gUPFanTp1wKidPnrxx44ayQEJCQochPUpZw9WrVzElNWrUoLSvXr26oaHhgwcPQkJCbt682bx58xJ+bRDrU7lyZQ8PD4jezs7OxMREWfAPUAIDA4PExEScCnpma2ur9v0bDh5rhRAikA4ODvJniUsX/v77b17zPsEh8TJAKkpZw/Xr12Fh6BhFqVWrVsWKFevXr5+QkICr0NPTs7GxKckt+vLlyyNReBR2wZbxKwVvliAk7BeDEh8fb2FhYWZmpiwoJtgX27lw4UJwcDAy1qZNmxI+XKDjePToEVYsPT393r17d+/epQK4du0aavr48WMGuejrh/hR1mXMk5KSeMMWeE1NTWV1OJ1x45VtssHkHFB2xMbGBgYG0qdevXpsn/4M9aVLl0QHOlepUkWVp+w4ThwwRYa/vz91BlsODQ09fvw4s8aRU3Owa9QlLS0tKiqKxrCwMDYuIlPZhEQZglSUsgYoCaaoXbt2q1atxEPDZC+5jWmAbpCZBg0aiJ7qAXrC6ERHR587d848BwW/hIiG0Q3VgTvEPwBWFhQTCAlkh+WCK62trdmXRmpeCC4rKwvrxis8zuBwCgXPgkUPHz4sdFGhYLOskpGRATvDs7AzQAny3r5iX9A9zM4Zwea0QNxsn3UjIiJ27dp18OBBGBna9fHxOXLkCGN4+fJlSD93DBlSRh5Rv3PnDpZR8DK7g9NXrVq1Z8+eoKAgVj9x4gQtvEeYsXecrKen544dO9zd3aF7hnT//v3bt2/nULt3784BsGj16tWHDh06lgPYnyNX5TdAOZHly5cvW7aMLRNjfn5+HMPevXsjIyORk3bt2tGHU9u6deuGDRv27dvHUXH8FDdsPN/DHRJlAFJRyhpgK3gEo4Ci5HIZ0kIFSrYbGBhgU2Ai0a4G4HRjY2MoDFbCD2EdUCxl2T+AKVAduAZuevLkSfPmzdWzF5CakZERQgglcS7sSyO/y3L//n2YGmoLCQnBusH7NWrUyHs9ECE5c+YMfdDm27dvw+aq7JfNMsIrV67cvXs3rA3DcvpQNhKeO0QoAdy6du1aOPfo0aOJiYnsFwFGUeB01mVUURSomUnkrOFlSgSmEjVlJFldUD/aQzeOE9bGj+IA2CmNcXFx8DV6jyTgQnAbdGD8L168uHDhQnaKIHEYBAmbRS0Y0i5dutB/6dKlhw8fxmRkZmZyIuyIVdjpMx/dpvOVK1eQUmKMqIiJieE47e3te/XqhVYhG7iW3377jcOjnZNlKJBSDoBRZWSK3rhEqYNUlLIGcpXyFgbHjuQ+dAvpUMzCkgkJCSR5CR+dggWgBnHZBMaxtLQsKBjskUbqYqgNYrKyslIWFBNsBA1jR+hT27ZtxVUUZZm6gAHhbip65ISxguAwUk2bNhVLoUWY99dff4UEvby8/P39GTQ0UlwdEn0KBRxNeQ7ds9lbt27hRdgyDItaMOYwKQKAlkCvp06dguuZKYgbRrawsIBeMTeoF9rGvmBzXAXK3aNHDxcXF/HYHgKzYMGCv/76i5GHnZFzWtiOoaEhPYUXad26taD4Zs2aDRs2rG/fvh06dGDQ0IydO3dSZ8yZM2fIkCEICYPZp0+f3r17161bl+NBApnKiRMn9uvXjz0iD6gdm6L+KFgx5AUTZGZm1r59+65du3JUnALbfPPNN/v3709g0II6HjhwgBGgkT1269aN2EDFMUZqlxoSOgupKLoFMrCEjElRDEvCfXAKXCMa2SZsAqO5ubnBmCzCrIhF6oHVs7OzYSK4j60VvJIm9igOhv1SCD/zH0c+DUK9ICZ408HBoeQcBNdD5Ugd5TPsBrd27twZ2mURHIq3QGwQME4KTrx8+TJsi1pAf0X/JAwsyclmZWVBqcOHD4c9oXha8FjU7MhGfHw83Iq0u7q6Ur8zJjgGjgT7RQd0l1eoGXlDwxiuyZMnw8I9e/bEqGEdsCCogq2t7YQJE0aOHIkE4kjQPI4TmuZQWbdjx46cAlM8dOjQWbNmsS50T1CFh4dzvswUcsJR8QZRsbOzY46EYONOUK933nkH9WKQGzZsSAuT27JlS5RGOcPCgJIhOYweO2KiMSsDBgxAyWgkCBlqzBZhMHDgQLFrwDAy8nTOa6MlygakojwnQDQUoaT6nTt3qM7y3paEmilXIc3Q0NDIyEhYpnLlyvCmipfv84G9kMMQJR4lV1EAG6T+hZepoNEDaFS97QtAQ+wCtoUx4Q54pyDRc44Q1rlz56jToUsoVb1LHFWrVqXkDwsLg5ig9Xzfg1EDbFCYBo6Hkvz1119nrMQiVGHJkiW+vr6DBg2aMmUK3A3LM3eQMucIz4puhQJngBVgzDEHSBSeBnJntBmZXr168ZHNYizGjRuHUUBRnJ2d4Vy4nm68Z0WGC8LFH0DxqMj48ePxHMIYXbhwwcPDg54zZ85k+6gIU4DsIVctWrRgdc6FnkQOSsBZcLTIhpgUcRhMPbqIqhFjnDvDKALg8ePHtLCWtbW1k5MTm6WR88X9sB0OgLGiRRVga9LS0hAkBAaloYVgZuPoCgeZ+4wGKcBsEqhIoLjVJ1FmoD6nSKiIv//+Gyo8evTo0qVLv/766++++45Kk1ylnaXissBvv/322WefffXVV1988cWHH35Iz4iICFJdbKFYEIyQ900uSGnojJL/2LFjlMZKq7pga6NGjbKxsTl06BBkp7T+G5AU9AfNbd68GclUWosPyBHShw1DQkKobZVWdQH5Im+U5B1ykMt0QNyu5w1UCFkjElDzBx98MH369KLlBEDorHXy5MnFixczjx9//PGKFStQL0YJpmazhAHOI/ceO0A/+Ihe5j0pZIBGPT09QcoCbJlj4/Xw4cOLFi1i49SCvGenaE/e4kDEFbvLjR98Q2pqqhC8I0eOMPVwet44AZQ1QLQAwhIZuJ0DpUkFcCKcIweZu2u2iYyxd9pFC8CBEfMMr3oRLqHLkIqidZDACxYsgJV+/vnn9evXr1y58ptvvuENacZSePaPP/5YtWoVGkMZS3FHTffrr79u2bIFQyO2UCzABTAI4I3S9A+gM0rvAQMGUEi6u7tDK8oCtQANtWnThiqeYhPBOHPmjLIgD2A6ivFOnTpRiVMmwzXKgmKiSZMmbAclwMZhjJTWkgHiZoigvLy8Ru3/2muvubi4+Pv7Q9zM2qeffrpt27arV6/mtZWFgpOFx5E9xnbdunW7du3CWAwePHjs2LG4Q3bE6TMv+WhUXKTKqyi5YpB3BunAOBNLDDWKtXHjRhwPZM2Y5HOHaAAbhNxzFQKNYYNoD4bjnXfemTVrFvLMimIp88jGCQkkJ3eCcBs4XTTsmWedCw6bqUEt2A7vRSN7YdfUATt27MB4sRde165de+rUKbac78glygCkomgXJDZFq/hR3r59+/7nP/956623DAwMYMaUlBTKQC8vLzc3N6pRKtm33377+++/x8fQU+3ry+SwYIF8zCVQq1YtOM7Q0BCf5OPjA8EpC9QCBXi/fv1atWoFu23atKlQwahbt27v3r1NTU2hleTkZKW1mIB6mjdvjq7A0dS2SmvJwNGyqWvXruUSN2+YJvwBojtjxgxODXeFD8BBIvDXr18X3Z4GGBwKhqCZOyhV0DSnfO7cOSaaKWb7cXFxVAyQPkJCAHh7e6PEMD5rKVv5v/9dFIKUWSWX9AGbunjxIjVB165dObb//ve/2JSBAweiVXmHnUlHTmB2JDCX1tk4YK7RpMzMTA4Jk7p79+6DBw+GhYWxZU5NXFVbuHDhn3/+SYnz008/Qf3YsoJ3yJ4GzoLtc+S85sZe9erVmThGBkVBnmfPnj1//nxChTh0dXXlVXSTKDOQ91G0C1iDROUVkSCdhg0b5uDgAAWQ9hYWFvBsREREcHAwideoUSOqSDwK9SO1P92MjY3zcoqKYMuoFCnNdgq95UAawykQJZTXrMS36GFPanNKTngTaeH4816BEYD1IDJOEyWzs7Mr2EEVMBQQH3TMRlq0aKHGyOQFnH706NEDBw4w8lZWVvr6+nAujA+Nbt26laWoIIPDXrAFsC16AANydsr6hSEmJoYNQtxDhgxxcnLCQEDWHDC6Vb9+faabj5B4dHQ0Moa+Ehjbt2+H/Xv27Mnucu8o4HJWr15NWUB7LqFTl+zdu5cDQEtQFHSFXTCDHJ6lpWWHDh1EN2gdlWLjqC8dxDY5L2acRnZNKUMlQYQA8fw3B8bc8fH8+fPshaVHjhxBaQjO119/nVBU3UlwphxSu3btcn/rmnFDoTlf5BD7QgfiUxhBrJu8iVL2IBVFu6Bko35PTU01MjIisUnpoKAgylI4i6wTT09Sk4rHTMn58PBwylhqf2tra8gOmlM2pDLI3n379pHYcEGhl/7ZI9KFkkEusAbCox7F5wIXwmly8GyWM+KwlQX/gNPh3I8fP45j47yQBGVBcYBdQCYprnlFUUpS3uIPDh06RCV++vRpJgJNZRyQRkYbVoW4cY3QOjwbGxvLlFHs9+jRA8uS9xZIQcDCCAbihNccPnw4nanNUREECWlHA1BWf39/WJuQ8PPzY+8YEfh34sSJFBC5d00YTPrUq1evW7duuTUBUREVFcWEsmUxgIwDc40hsLe3Z3XRjamkfGH2UXcaGXkamRfMDY3oDW84TdYl6pB5NsWBsWs8DcOip6dHeDCDbBPTPGLECNXHmV1zgswvSswg5AYVx8C5oKkUE+IJN1wyBVbR8ixRSiEVRbsg56kEoQ8EAzaBRGBeqnUYFioh/SjZeE8Sdu7cGdWBOGAlCk9ojqVqVOKUxp6enlS41K1Pe+6TjUMoFOm8wh2FWhnVIUgKvoOC27ZtW1DGWEofdJRxgF84cTWUklUgKcZQyJK5ubmyoPiA4tesWePu7g6xUqRzbLa2towVuxBkjZwwU8wCZTW0CztPnToVGYOaxRYKBXONIMGe8CYSRcUAhzK20DRvGBl4FgeDPkHTWFJsBC6Eah2SzXuRk0lHpCkIOM1ceYb02ZR4gosDpoWjZTtNmzalW+4XjwB7QUuE+xTxQ0/kjZ6EBCrl4uLSq1ev3DecO+RuY2ODtKCacD2vgwYN4qiKflq6IDge/AcHky9u69SpI0YAtG7dmj2qV1VI6D6komgXsMyJEycic36RgqSCaMhtSAoVgTL4SLG8Y8cOqIr0hgV4g95QGsOYnTp1Uv2+aC7YI24AhurYsSPsprT+G2yWtBe8Sba3b9++hDaFjTx48MDLywvygrkKFrY4DEpgNIwCHFqkPz2VZSqDg4Tl8XNmOf9PTGktPqB1hBxtQ02xaAxUrumhQmfjUB4tDAsMCL2OGTOGuaAAF6s/DeICGozJFiB9BhmVogVBYkfMO8cP4XL6sDlawoyjPRyAUIhccGCNc1CzZs3ceeE9CmRpaclhiEZe2aNQLNFHgJ6iMS+t0xmlQezZrBAhopGjsrCw4JSJFhSOQwUs4pWeBb3mM8Fe2GnBmaWFvXBehAFvct2YRNmDVBTtIiUl5fDhw/DXG2+8QZ2LEYFfkI3ExEQ0BvbBlOzduxdmh2qheICcwBp9+vRBcoouigvFjRs30DBSFzYswnzAOPCIr6/vpUuXoBi0TVmgFqAJCAsXgiFjy0IalWU5gGug7OjoaM4XnoVG85WxqgBiunjxInthF05OToJY1QDUBunD7GwEckc5kN5cHmSp+LYgKkIHXmFhxlMsLQKsyKmBvArBIFPpc+5i+/RhUuBruhXkfQHOCzUCeU+QbhwDUPusc8GRADYIxFHlNgqIFgkJNSAVRbu4evVqVFQUZeOkSZPQEsgFISFpcRK8cXZ2hssg36SkJKyJuIsL6VAXjxw5UvQU21Edd+7c8ff35w2sXcSDOrAJu6beP3nyJKtAr7CbskwtQJ2QnYeHB6eMosCYyoJ/gEziYxISErAISKl6d2UzMjI4YFSTA0bD1KM/1qIANzIygtNxSwz407ZDNa3eLiQkXk5IRdEunjx5AmFhAuB3waEwFBKCJ3BwcIB2qV4pgSF36lbK4S5duiAnAwcOZCmkLzZSLMDaYWFh2dnZ4iKb0loYKKWpeVGy8PBwtMfKyoq6WFlWfHBSUDyKiC4iTtT4BY8fHj+X8xV69sWxFbfcpj+jhwNDpLERjKoaHk5CQkJ7kIqiXUDZjRo1gvtgW8Gwf//9N+U8WoJfEZcdUBpEhbK9Xbt2bdq0ocBHXdS+uIEDgHB5hbXzfhu8UHAM2BQvLy90iF1TsCsL1AIuhHNBzy5fvmxra5v3UpIAS1NSUiIiIljEmOS7f6AKGL2AgIDExERra2vxpJyyQEJCQgdQ0muyEkWDIhoaxYjkVtOQbPny5XEDee9PwsXGxsbwe+3atSnk8xFxccHqAsrnpwNO7927N/4pKCgIpkZXlAVqgT126NChc+fOMP7mzZvT09OVBf8ABTU3N+ccz58/f+vWLaW1OGBwsFOM5/2cf3ustEpISOgGpKKUNeBOMjMzeVXR5djZ2Y0YMYJif9euXdgLpVVd4MmQKDyWm5ubt7d3QYkyzfkt/eTkZPV+TAUlxs+ZmJhIRZGQ0EFIRSlrgGfv3r2blZWloqJgj/r27evi4nL69OmDBw8W+ksqxUKLFi0GDBjw+PFjJCohIUFp/QeIDR0wKBEREerty8LCon79+hkZGSV0VBISEhqHVJSyhr9zfnq2XLlyqt+JMTMzGzNmDLU/ohIcHKy0qosqVar06NGjY8eOaAYbFMeTi6o5PwcgbrfExcUprcVB3bp1Wf3atWtYMaVJQkJCNyAVpaxB3LmpXLlyPiovAmhP69atBw8efP36dTc3t4L3P4oLKyurESNG6OvrnzhxAl1RWv8BkmBubo4kXLhwQWkqDoyMjExMTLBiN27cUP0cJSQkngOkopQ1IA/w7MOHD3N/elYV1KhRA0UxNjZ2d3c/fPjw48J+t1h1oGrt27d3dnYODAzcuXPn/fv3lQU5qFatmoWFxd27d9W7lYIHEs/CXblyJd+WJSQkXiykopQ1iN+qSktLKy7bWlpadunS5ebNmxs3bix4/6O40NPTc3FxKV++PPqU70pa1apVURRkD5vypMA/cVEFbAGPwmneu3dPaZKQkNABSEUpa4CpH+X8HKEaZN27d28nJ6eIiIiDBw9mZGQorWoBLWnZsiUbTE9P37VrV95nhStWrIii1KlTh11cvXpVaS0OxIPRiEoJvZSEhIRmIRWlrAEqr5uDyir8FFU+NG3adMyYMSYmJlu2bDl16pTSqi5q1ao1cuRItnksB3kfzapXr16DBg0uXrwYFBSkhvLhUQwNDZET+QCxhIROQSpKWUOFChUMDAxg87zfoFQRrNK9e3dXV9eEhITNmzfHx8crC9SFo6PjwIEDsU3bt29PTExUWnPuhVhaWt65cyckJESNh4BZvVq1avfv339Y4v85LyEhoUFIRSmDoHhX7/4EQIr69u1ra2srjIXSqi4qVqzYr1+/Tp06+fv7e3t75wrAK6+8Ym5ujtW4fPmyGvdC0JLkHMg78xISOgWpKGUN2dnZ1P4lKd6bNGkyfPhwxODUqVMpKSlKq7po1KhRnz599PX1UZQzZ86IRhTFyMhIT08POSnW10oePXqUmpqK1AUHB9+8eVM+PSwhoVOQilLWgDuBozMyMiBfpamYgOgHDhzo4uJy7ty5w4cPl5y127RpM3To0MTExEOHDuXeojcwMKhZs6b4l/uq7II+V65cYQtffvnlihUrkEyUD6FSFktISOgApKKUNSAkMO+FCxdu376tNBUfGItRo0ZVrlx5z549UVFRJRQV7Ei/fv2qV6++c+fO3CtpNWrUqJTzP/bRmGc+soWVcXd3//rrrz/66KMtW7bUrVt31qxZI0eOLOGPJUtISGgWUlHKGmB/6vfIyEi4+9KlS0pr8eHk5NS+ffv4+Hhk4MaNG0qrWngl518Fd+7cGZ3bsWNHWloajVWqVHn11VeRk/T09CK+jPngwYOQkJDFixd/8cUXS5cu5Yz69u373//+d8aMGfb29hVL8A9dJCQkNA75/1HKGp48eZKUlOTr63v27FneU87r6emp8dwXZI1HQZnCw8PhbjX+QVZeVKhQAVMSFhYWGxuLAbKxseGQOEg+2tnZ8bHQ/3Ry7dq1/fv3L1++fM2aNehQ8+bNp02bhjvp0KEDjkfpJCEhoTOQilLWgBLA3RkZGdHR0VT3KSkpWARERfzXXqWTajAyMmI78D4rWltb16pVS1lQfHAMderUyczMRJ/u3r3btm1bDunMmTOIn6WlpYODA5ZF6ZoDXEtycvKGDRuWLFnCWRgYGIwaNer9998fMmQIR6V0kpCQ0DFIRSlrgP3hbmgaXUFOAgMDAwICIG5cQr169Yr1tUdsBFaAjYSGhjZo0ACnoixQC+XKlatfv/7Vq1fj4+OtrKw4QjQDj4KLwnwgeEq///s/9njs2LEVK1asW7cO+enVq9fcuXPHjh2Lm1HDbElISDw3SEUpg4C7jY2NbWxsYG0EJjExMTg4OCIi4sqVKxA3i1Q3K/gSROj48ePXrl3DpsD+ygK1gC/BrGCebty4gS9hywkJCZiqFi1aoH90uH//vqen57Jly/7666+YmBiUZmIOunbtWhKHJCEh8XwgFaXMAo6mqMdYNGnSBI05e/asn58fnuDmzZviypgq/6SdFWvXro3F8fb2RofatGlTwpvh4l+bYEF4wzFgWXjTvn17DgYnhClZtWrVyZMn8UZDhgzBmgwYMAB7pLoESkhIvEBIRSnjMDAwoNIH2IusrKywsDAMR3x8/L179548eVK1atV8NzAKAgnB2aBGeJ2mTZuamZnhM5RlxQebYoMYJtwJuH79OuaDYzt9+vSiRYt27tz5999/9+7d+8033xw3bhweS17mkpAoRZCK8lIAn4Ffadu2LdydnJwMfaMQUVFR6AotLFX6FQb8gYmJCWYiMDDw8ePHrVu3znvPQw3o6+tjQU6dOnXgwAHxKyzh4eEbN27ERXXu3PmNN96YOHEiEiiug0lISJQiSEV5WYAzqFOnjo2NjYWFBYU/hgNFiY6OTklJQSEaNmxYrlw5pWsBiGtf8D6wtrY2NTUtiXWoUKECuwsNDfX19c3IyLh06RLva9asOWnSpJkzZ3bs2BFfVcTBSEhI6CykorxcqFKlipWVla2trbm5eVZWVmxsbFBQ0Llz52B2PIGhoeHT7liw6NatWzibzMzMNm3a6OnpKQvUwp07dzw8PEJCQv7++2+0xMXFZdasWWPHjuWo0Bulk4SERGmDVJSXEZgAR0fHJk2aoBMPHjzArPj4+OAVHj58iOQgLQUtAkpDe3x8/KlTp1gRWVLPRjx+/Pjs2bOrV6/es2dPdna2nZ3dmDFj3nnnne7du1etWlXpJCEhUTohFeUlBQrRsGHDdu3a2dvbV65c+cqVKxEREViQixcvshQLgrTk0wwU5d69e4GBgRiaxo0bm5iYKAtUA1py48YNLy+v5cuXb9++HS8ycODAN954Y/jw4aampkonCQmJ0gypKC81KlasiK44ODjY2trWqlUrKSnJ398/ODj4/PnzyImRkVHeb0SWL1++du3aqMLx48dfeeWV5s2bq+4qnjx5cvLkSbQExMXFOTk5zZgxY+zYsfIOvIREWYJUlJcd4jdamjZtamdnZ2lpWb169UuXLgldOXfuHKYExs+9a1KzZk1DQ8OAgICYmBikyMbGRrQXjTNnzmzbtm3p0qUnTpyoU6fO6NGjp06d2rVrVzYl78BLSJQlSEWR+B9effVVPApmpWXLlo0bN0ZmYmNj8SLh4eHJycnZ2dkoDXJCe7169ZAZT0/Pa9eudezYkUZlE4UBcdqzZ8+ff/65devWu3fv9unTZ+bMmaNGjSrh02ISEhK6CakoEv8CdsTe3r5169ZYEDQgMTERv4KuXL9+vUqVKrVr165UqVL9+vWjciBsSqE+IysrC4uzcuXKhQsXsjoqNWPGjLlz5zZv3lyV7+pLSEiURkhFkSgE6Iqtra2jo2PdunUfPXoUExMTHBzM6+PHjw0NDY2NjcXFsYyMDBQi95qYwJMnT2j39vZesWLFtm3bWH3AgAHi91SK/iqlhIREaccrJfz3fBJlG+np6XFxcR4eHkeOHEFRqlat2qxZsyFDhrRr187Ly8vT03NwDnKlIjMzk8Z9+/adPn369u3b6I2rq6uzszMeRX7RREKizEMqisSzkZaWFhUVhe04ePBgZGQk+tGjR48aNWqEhoby+tZbb/Xp04duYWFhe/fu3bNnz/nz5y0sLFxcXNCe1q1by1smEhIvCaSiSKiK+/fv+/j4YFawLAkJCZUrVy5XrtyDBw8GDRo0fvx43MnWrVvpUL169Z49e/bv3x8fY2hoqKwsISHxEkAqikTxIO6RbNu2jderV68+evQIaRE/SHz9+vXmzZuPGzeud+/edevWpUVZR0JC4uWAVBSJYgMVuXjx4okTJ/bv3x8YGJiamopZsbe3d3V1xa/Y2dnJ31ORkHg5IRVFQk3cuXMnJiYmMjIyMTERm9KiRYuWLVsaGxsriyUkJF4+SEWRKClu3LhRJQfKZwkJiZcVUlEkJCQkJDQD+e+7JSQkJCQ0A6koEhISEhKagVQUCQkJCQnNQCqKhISEhIRmIBVFQkJCQkIzkIoiISEhIaEZSEWRkJCQkNAMpKJISEhISGgGUlEkJCQkJDQDqSgSEhISEpqBVBQJCQkJCc1AKoqEhISEhGYgFUVCQkKiFODJkye6/8O+8reHJSQkJHQLWVlZly5dOn/+fHZ2tvj/dY8ePdLX1zczM9PT0xN9dBNSUSQkJDSPx48fw4a8vvLKK5UqVXr1VXk5pBg4ffr0hg0bQkJChKIgMBUqVHBxcRk9erS5ubnSSSchFUVCQkJjgPvOnTvn6+ubmJhIWQ0hVqxYsWPHjp07d65Vq5bSSaJIxMXFrVu3jjFs3LgxvuTu3bsPHz6sWbNmp06dGEZDQ0Oln05CKoqEROGAHJ88eUJ9rXyWUAFXr15duXLl6tWrr1y50rBhw/Lly1+/ft3a2nrmzJkDBgwQF3AkioaPj8+BAwdQjhEjRvCanp5+//79ypUr165du3r16jru9sp9/vnnylsJCYmcyzVU2UeOHCGxAwICqLWpuqBCau1XXnlF6STxFCQnJ2/ZsuXChQuOjo59+/Zt1aoVQxcSEgInNmvWrE6dOnIMn4lr167du3fP2NiYagZ3gqg0aNAAh8dH3R896VHKLKivAW+oE0WLhCqAEymx16xZc+fOHRIYQmzdunXv3r27detmbm5erlw5pZ9EYYiMjPzll1+gv9GjR9vZ2TGAqMsHH3xw+/btjz76yMXFRd5QeSZCQ0P37dsXFxeHDDdq1Gjo0KGdO3dWluk85OyWNVAiXLp0KTw8nBLbw8ODWpvQfPTokbJY4lkICgry8/MzMjIaMmTIpEmTLC0tDx8+/O233+7Zs+fGjRtKJ4mnAIdHBcOgNWnSBDGuUqWKtbV1y5YtGzZsKMVYRTx48ACbggbr6emZmprq6+srC0oD5FWvMoWsrCwKnOXLl2/evNnLy+vYsWMnT55MSUmpU6cOxlnpJPF0pKen7969m9dp06ZRZXfp0sXW1rZChQoPHz60srJycHCoXr260lWiMFy+fJlSpn79+jY2NtWqVRON8fHxUCTlNjIjPcozERERce7cOWR42LBhRCCZW4rEWCpKmQJ1DQW1m5vbrVu3yOp69epVrFgRv4J9btq0qXzY5pk4f/68MCi4E2NjY/TDzMysdQ4cHR1pR12UrhKF4eLFi8ePH6eCadOmDQaFlitXrmDvYmNjkZNmzZpJp/JMREVFEYSZmZnZ2dmXLl2Kjo5m9JKSkvAuiDQZrfTTSeioojCUN2/ejIyMPHPmzN27d3V/HHUEN27cQD8qVarUr1+/MWPG9OzZ09LSkhba7ezscNDyvmgR+Pvvv1NTUzF5lStX7tSpE6+infAzNDTU19eXN+efCeyIh4cH3Icely9fPiQkZNeuXVu2bOF9nz59KGukR3kmyNaAgICjR4+iKxg+f3//06dPk8WMobm5uY5/w1EXFQUJYUA3bNiwbt06d3f3mJiYx48f161bV15weCaoa9BgxLhmzZrEH3VNcHAwdbe9vX23bt0MDAyUfhKFAbW4du3a/v37L1++7OTkJB78p7ghAslt3tSuXZtRFZ0lCgUFNY4EVU5ISPD19d2xY8fBgwfJ6P79+w8ePJgBVPpJPB1UMOIyta2tLRa5Xr16hCKvFIVIcu61RN2Ezj3rRXWDOP/666+ICrTIgCInFN1DhgwZMWKEiYmJ0k+iMKSkpPzxxx9wIoNGFCIwuGaU+M0335wxY4b8NsAzwQC+//77J06cmDp1qqura40aNYhDcU9+zpw5BKFUlKJx8uTJTz75hDqG5CXwsrKyqAVdXFxGjhxJWSNHT0VAgyQvo/fo0aOHDx9SzZQrVw6XjCTr+HVXnVMUUnrJkiXbt2+nSOzVqxcujxbKHOrHadOmOTs7K/0kCsPFixeXLVuGUzYyMiKBaaFUPHXqVIsWLSDKNm3ayGsORYNM3rx5888//3z16lUHBwfqwYiICExe586dv/32244dOyr9JJ4Cxs3b25ucJdLgvsqVK9evX9/R0ZESW+khUaahc1e9Lly44OXlhSDPmjWra9euyLKenl5GRkZycrKFhYWNjY3ST6IwXL9+PTw8nPJwzJgxVNnwIO89PDxiYmIYupYtW0pFKRoU0TAgVBgbG4sYE428p7iZPn16p06d5Pfnnwl8iZ2dHSPWvn17KhhKGUtLy1J3vfpJzq/8yntmakDnFIXqRnxRGdOHd6bcPnHiBBpz9+7d1q1bi7pb4mlITU11c3M7e/YstSHkSH196NAhXq2srAYMGEBuyyR5JvAljRs3ZqwYNGjR1dV15MiRFDfymuFLAuTk/v37KIq8RqcGdO6ql6+v74IFCw4fPkxxXbFiRdI7Ozsbg0J6f/jhh+S2rLKLQHR0NKN08uTJOnXqmJqa3rt3D9cCP7722mt9+/bV8adEdAoPHz6kiCE78CUEoVTilwePHz++ffs23lQ+CqQGdE5RMCU//fRTQkJCnz59zMzMqLWZ3WPHjp0/f37KlCmzZs2ShUMRuHr16r59+yIjI7OysqBC1NfAwMDJyalt27YyPSQkVAGUSD1B7shvLKgBnVMUb2/vFStWwIZfffWVeLILcty0adNff/3l6ur69ttvy29IFQHKKyprkPuLXuIH5sRSCQkJCa1C564gVatWrWnTpjY2NrkFAiyJWencuTONUk6KBuNTs2ZNY2Pj+jkwMjKSciIhIfHcoHMe5caNG6mpqRUqVGjUqJFgQxQlIweU2/I7ehISEhI6C51TlNzjkfdCJSQkJEoXdE5RJCQkJCRKKeSTuBISEhISmoFUFAkJCQkJzUAqioSEhISEZiAVRUJCQkJCM5CKIiEhISGhGUhFkZCQkJDQDKSiSEhISOgoSt23O+T3USQkJCR0EYmJiefPn69SpYqVlVVp+YfKUlEkJCQkdAt37949fvz4jh07IiMja9as2a5dO2dnZycnJ93XFakoEhISWgHcAjNWqlSpgm7/a3Sdwv3792NiYjw8PNzc3BISEoyMjKpVqyZ+1bBv374DBgywtrauXLmy0lv3IBVFQkJC87h582Z4eHhcXJy+vn7Lli0bNGggfwa7aDx69OjGjRteXl7r1q3z9fU1MDBwdXUdPXp0+fLld+7cefjw4czMzA4dOtDo6OhYv3593fynolJRJCQkNIknT56cOXPm4MGDVNkoCoTYrVu3Pn36tGvXzsLCQukk8W/gQry9vY8fP37y5Mlbt27Z29szYsDU1JSlqampERERnp6eoaGh9+7da9iwYc+ePVkq/oOUTkEqioSEhMaAlnh4eFBQY1AqV64MId6/fz89PR1dobIeMGAAPFinTh2lt8T//R/OIyAgYPfu3WhJhQoVHBwcunTp0qpVK9Q33/9dvXjxYnBwsJ+fX3R0NKpjbW3t4uJCZ2NjY6WHDkAqioSEhAaAbFBib9u27ciRI9nZ2W3bth08eDDM+ODBg1OnTqExZ8+e1dPT65uDNm3a1K1bV1nzJQbOY8+ePQcOHEAtmjZtOnDgwH79+tna2iqLC8OVK1dCQkLc3d39/f3LlSvn5OSEX2nevHmDBg2UHi8UUlHKIKgK09LSeEMxqJsXWyXKErKyshISEnbu3Ll+/XqY0czMzNXVdcSIES1bthT/dJWADAsLgzr3799/4cIFqu+hQ4fSB+qsVq2a2MjLBjL09OnT27dvP3jwYMWKFRmQcePGMWKYOaVHkbh8+bKbmxtDGhcXV6NGje7du7OFZs2a5bM1zx9SUcoUnjx5Qqhhn728vJjZzjnAFKsYphISxcXt27d9fHw2btx49OjRV199tX///iNHjsSC1KpVK+8/zSMyb9686evri4mh/7179xwdHUePHt2tW7eGDRu+VPGJAEdGRiIGjBij17hxY0asd+/eBgYGxfo3g+h0fHz8vn370OmkpCRsypgxY7p06cJ4vsCH66SilB3cvXv3xIkTRNixY8eSk5NpIbacnZ0JMvK2UaNGopuEhKYQGxuLQuzatYt4c3BwgNF69epFpCEtSo9/Izs7G49Cbb53795Tp07RgvZApsRnkyZNRJ+yDUbM09OTJEUDrKys+vbt26lTJ85d7QeC8TohISHoE7mPbLdt2xbz17Vr13r16ik9ni90WlEyMjJwzXg65bPE0xEVFbU7B7hgc3NzEpWsDgsL42Pt2rUxxYMHD27fvr28eC2hESAMFC5Ux6GhodWrV+/RowcB5uTkpOIjwhTpR44coUhHXSiocdIDBgyAB+vXr6/0KHNITEzklJETUrJmzZoISZ8+fVq3bq2R69Js/Pjx415eXufPn+ejra0tOk01aWhoKDo8N+iooly9ehXhDQgIYOgJVgZIfknqaXj06FFwcPDvv/9OehOdHTt2HDt2LCmKovj7+2/fvp1hTE9Px68QZNQv9vb2jKqysoREcUAVnJCQQLx55+DOnTvt2rUbNmwYJUtxyevx48dnzpwhPsV9aQMDA/zNwIEDHR0dy1jdc+3aNYST02TEsrKyUJHRo0czYhq/h5SSknLy5EnMCgPLxqkg0S3I83k+ZKxzivLw4cNz585h4g4ePIhDZFwgR1Ff16lTR+pKPty7d49Cb/ny5T4+PhYWFpMmTSInzczMci/IYoqDgoI8PDwoYfB8eBcXF5cOHTrguKtUqSL6SEioAnHLBA3w9fUlT5s1a9a3b9+ePXs2bty4WDcA8uLBgwfoE9760KFD+J4mTZpgVkh5Nv7862uN4+7du5CYm5vb3r17UV9OCiFhxMzNzZ92YbCEQPIzMzORrq1bt0ZERMCZMCcpj04/n19w0S1FuX79Ovy4YcOGwMBAfX19BweHmzdvil+2wcFRCiG5enp6Su+XHswdqfj1119TkhCms2fPdnJyKug/KIvQldDQ0MOHD1PC4P8YWKok6OBFXWyVKHU4e/YsWgJPXbp0CXqicOnTpw/Gt+QXpQnj1NRUcXOF0geNMTU1RVdee+01tErpVArBQOFLNm3ahKiglGQczI5deA6X8dF7dopZOXbsWHh4OFw6ZMgQ+NPGxkZt7VcR5T7//HPl7YsGbvqPP/5YsmQJEgIzTp8+fcyYMR07dkR1qYkCAgLi4uJwysbGxrVq1VLWeYmRnZ2N+i5YsICRoQx5//33e/fuXehV7HLlyiEzTZs2tba2rl69OuPMeCIwycnJeD7Gs2LFikpXCYkCIAFPnTr166+/rlmzBk8MN82aNcvV1RU50cgPq8BxkCyca29v36hRIwIbNqSmJFBZamRkVBqfgI+Kilq5cuXy5csvX77crVu3uXPnMmL169d/Pj9FU758ecYtN+XPnTvn5+fHK0qDa9GqpOmEolBEUzsvXrx448aNhNfIkSPfeuutfv36UUETtXZ2dnXr1oUWk5KSoqOjecUdMzEMmbb1VmdBZOzZs0fICe7tvffeo/wRz/4XAUoVW1tbCwuLKlWqXLlyJSwsjPolJSWFYcT5yYtgEvlAmAUHB2/YsAFyJFSaNWtGnTd58uQ2bdpo/McKCcLatWu3bNmSfDczM0NXYmJiQkJC4uPj79y5QxFZWm7+nTlzZsuWLbt27eLgEchJkyZNmTJF9WcWNAgyGv5s3bo1no/hxTNFRERAobdv39beeL54RcnIyMDqLly4kFf4DjGfOnVqXnfGyTMfhBoCw1j4+/vj5q5du4b2MijULy+brpBsPj4+X375JT6jZ8+ejBjuREWfQTeKQYLM0tKyWrVq2D5vb2/qqczMTESFFulXJMDff/+NhXV3d1+7du22bdvgdKwJPnjgwIFavRxPLlMpoljku6Gh4fnz50n2oKAg8p1DIj51+clPcQd+/fr1+/bt4yNF3uzZsxmxF/urM2S0lZVVx44dcUiQLdSB/yPf4U8kR+N15AtWlOvXr2/evPmnn346e/YsEzB//vzBgwcXDFnijFmhRGrVqhVRha7giCmxU1NTqZXo/1LxIEXQb7/9RvGIjfvwww/xKMV9YIG0xBF36NChcePG6BOVi5eXV2xs7OPHj/Ex6LSWbhtKlArcvXsX0vnzzz9XrVp18+ZN6jmq7AkTJlCFKD20DwMDAwcHB3t7e0rGCxcuoCu+vr4cDKFLvuvaEzr379/Hw+3cuRN3gvsnJTFzaAkWQenxogFPmpubo9MINsqHfyLr0RUGkyF95uUN1fEiFQUuc3NzQ06wYxMnTpw3b1779u2L0AbCCF2xtrZ2dHREVygHDh8+TH394MED5Le0mOISAjXdsWPH1q1be/To8e677+I21GN/YohcRVEYTIIsJSWFjKUYPHfuHFOAW5eP1b2cgL7xJYsWLTp+/Djp9vrrr0+dOhVR0ao1KRTly5c3MTGxs7Mj5SmlqXior6kjoey6deu+2MI/L27cuLF9+/Zly5aRPhRq48ePpyy2tbV9/pe5igZEgXhQFpDy+L+kpKSjR49yzLQ3aNBAU5cxX5iiEBabNm1avnw5dQdyMmfOHOJGFXKEB1H+Jk2aEFIPHz7ErKC3ECLzR4uuzaLG4e3t/ddffyGfb731FiZDaVUX6ArFIEkrHqqJj4/39/fHA2H+WFSvXj358y0vD+7du0d0/fLLL+vXr4clu3fvPnv27CFDhkA3L7C8qF69urhpb2pqSr5HRkZSSsbFxVGPku8v9iLYo0ePOJh169bt3bv377//7tOnz9ixY7t27Up66uyleOpF9JjxpAp//Pjx2bNnyXemG+5FZko+0S9GUaiDkPTff/+dU8JQT5s2rbj2kEhq3rx5ixYtqGIw6SgtxQvixCLsS2l8OEQVnD9/HkvHmVI5DhgwQFPX+tgOlYtIWoYOm3LixImYmBiSVk9PT7OmWEIHgcuPiIjYuHHjypUrqc+oMPAlJGaXLl00fp1dPRCHzZo1c3BwMDY2hjQCAwP9/PyoeyBu6JuUV/o9R1y8ePHIkSOHDh1KTk7m2CiLJ0yYoIP/sKRQUCmS7B07dqRcgD9J9tDQUPiTdsxKSfzK8/4+CrvDT6AluBN9fX0K7XHjxlEmK4uLD/El3p07d+7evTstLY1ypnfv3j169DA3Ny9j31zJyspCThYuXIih5k2rVq2UBZoDs4N33Ldv35YtW8LDwykPu3XrNmjQICLvZbtZ9ZIAX0LW+Pr6ih/agkpGjBgBMz6HLy6oB/IdJ71jx45t27ZdvnzZ2tq6b9++rq6ulETPp44kDe/fvy84B2FD4USCoGoUXgwagid6kk0cbe4w8pFFtOAGgPjIq1iaFzSKtUQf3tNfLOI9W6DU471opA/gDWUBb0QFwBt0AohF4rVSpUriFumtW7c4BeyIcCTUqcz+rl27OH7xDWggnghlaXHxvBUFMVy1ahW2ulatWvPmzRs5cqRGvhnLGLm7uyNUwcHBTC3epVevXkgLAVc2eJDACggIeP/99y9duvThhx++9tpr2iseMzMzqVg9PDzE79kRW+iKs7Nzu3btyvDPLr2EoHogazw9PZluiKZt27ZkTefOnXX/e69U0zh1Nzc3zDTv8S7Dhw/n4LX98y2wJVpy7Ngx6lcGjTIf8qXCY/QgdDrA+EgO2UqxT8ujR48E7/OKEkBTSDiFGuLH0oyMDDqItf639RzwHmanvxAP+rNTlF5cf6YRMbh+/Tq7YCP05KNQJnrSH/ZjXSQHOWER7WJrvIEJURQ+0pNFNLJNwFpoc3R0NImP6kDIxMD48eN55VDFUamO56ooiOGCBQsQw4YNG86aNWvw4MGa+q5ienr61q1b//zzT1FZU1AzNNgUJycnphzhLe33V0h+hg6KHzJkyAcffKARGS4aqampBBl1q4+PT2xsLDGNTpf5n/N7SUDWQ4gUdnv27IGk4I6ePXviekkZwVylAikpKegKBoush5qb5fwqDCmvvYtgkC+7o3KlqGfcGC6RC9A3i2hhYGFzREXogWikA6+C6GF/Ugk64oBZS7gN0Yd1eSOcBH14j2awBdGNeaEFsCLUL7YjPtKHdcUrgsGmcgWJ9zVq1GA7LOI9q0C5SIvoTAtgFcwK26cbr2fPnk1OTqaCfOONN6ysrEQf1fH8FOXq1avMxLJly8zMzN577z2sIqenLCsBGFA/P78tW7ZQOFy8eBGtGj16tImJib+/P/XXnTt3OnTogBPq06dP6f05d+aI00FIiINPP/0U76Us0D4ePnyIqMA7R44ciY+PpyijEqR+YVQJWaWTRKkC5RelPdmBqOjr6/fr18/V1bVJqf0xeUL0wIEDixYtOnPmDKnx3Xff4aqVZZoGPH465zcfr127hpagHNA9r3A0SsAb6Ig+HBLvIWja+SjW5SNSkSsMJHU+7uUj7ZA7NTGvqEKVKlWEC8HQCJEQ3QTER9HCq9ASIRXsRVzRog/75dh4w5GwEQSGzfJRrAV4w7p0Q2zg5MjIyB07drDT119/vV27dqJPMcDmngNwpj/88AN037Jly3Xr1kH0yoKSAZXasGGD+EEIfAnpMXPmTASWRfihzz77DDvMpLJ03rx5eGQqfbFi6QJhunPnzrZt2zLHpI3S+hyRlpbGAUyYMEFUZIjKpk2b0G9iVOkhUUpAebtx40ZiiaR49913X0g4aRaCBNq3b09k2trahoSEKAu0ALxCcHDwmjVrPD09kY2MjAxSA3URdyYY2+vXr/Px0qVL8A8HRgdaBMT1K90HBQcR8vXXX3OmSlNx8Dye9YJ38BAUEQjjO++8M3ToUI0884dyrF69+o8//mCqsLpGRkaIyqhRo1q0aIFEo7eEl7W1NTuluA4ICAgNDb1x44ZhDtBqZSulAQQrB4/Bxxn06NHj+V/Bq1atGjUsSYv5I+BIWvGkDcUUg4lmK/3KOkgYwkm8AQQ2oCoEohHGQf6pT0WjKFpFS16IRnENhFcB2lmF7Ws1OC9cuLBixQoIkXwhE5nT5x9OmgKVO3nx119/wQNnz55lMIlS6kvt3QdiiiETHx8fpglVpqInNYQJgHNIBMp/PsJv8A+L6ECLgDANug90MTExkcFs2rSpGl/6eR5XvU6ePIluRUdHT5s2bc6cORq5e4bmL1++HDlBRaZOnUoqYuQbN26MF6GOFmkPyFuE5/Dhw5TYeHy6devWbezYsc4v4n/RqA3qoG3bth0/fhyXMGjQoNyze/4g2oKCgnB7Hh4eKAqCzfG4uLjY2dm9QF35H3k/eUJKi/eCrDHy5DnszHsa/6cAORCrMIY0QuJkjliRbmJpDuf/7zo4FPA/ps/O5j2LMNbifiYfecNeKGVopDON4p4ncstk0S4IheGieqUDi9ia0A9xMLRgqdk1H9kgW6PmbdCgARQPLdKSc5iaB9UAVZ2vry+Hx6xRivXt27dly5YcsNKjlCAlJeXAgQObN29GSxhJc3Pz27dvw+Y//PADp6N00jSYwWPHjmGJLC0tP/74YyZRWVCGAGGKX4Du1auXLt5HiYyMxEB5eXmJW8pmZmbKghIAq75y5cr9+/eTe6gUEvL7779TfOHi+/fvX7DEI8NJJCTn0KFD586dozqj2O/cubP4eSulkw4jPDx83bp1UM+kSZMcHR2V1hcHTD21IXWut7c3jNmwYcMuXboMGDCgefPmzyfHrly5wgFQVfCePYoLDrAzYK55z1jxHgvFUkg/1xAQ7UIeaOcjB0/m6OnpQfc3b97kPSvSGQ1gy0KN6CZWYSmLhKLwBgWlBddLB/ZFEcoiVIFFHADbF8/JiFVEucrGxQZZFwaHB69evcq50Ch23apVq1mzZjGS2lMUzOU333zDKUO+UVFRZA0yJrxvu3bttP2slEZw+fJlAo/0P3XqFGPbsWNHsh5i8ff3J8FnzJiBRmrJeDFH0MiyZcuI+S+//FJMcRkDw8swkhooiq2trdKqMrSrKNQRP/30E2YCT0Acl/wrFHAHKbFmzRpsB5XIZ5991qxZM3axatWqPn368BG1ULoWAJSBrjBYxIS4YtOmTRtGjTJNe7fySg4IaOPGjX/++Sdpg6LozpOdxByDifkjsaFgzN+oUaOQFlyj0kM7gKP37t37yy+/EPqCymlEEmBt+AU2R1RozCVxYkbwOK+APgDKvnv3bkZGBu8ZUnoSHuKJHQE6sE2oH20QOUILnXMO4X+7MzY2ph1V4xX+YilvauT86pTYMts0MDDgVdzz5JDoQDc2yEcaY2Jidu3alZSUxGbZGudlY2Mzd+7coUOH0k3sSOOAdqnrES0MPdUeMwgoESjOyCDSgTJLZ/0KkxsWFrZnzx6KaJS4RYsWI0eORAtFXXjkyJGFCxdyFqQJai1W0SwIDB8fH2LP0NDw22+/LUXXOVQHPhvBptRwcXFxcHBQWlWGFhWFem3t2rWMO2n5+eefjx07VlmgLqjjKEwWL14cFxdHGM2bN4+qipOfPXs2NRdOCDpTuj4dpHpwcDDBd/DgQUaNoqx79+7kMIlEFGovk9UGxP3VV1+tX7/+k08+ef3113WtLLp48aKbm9sff/wRERGBNn/44YektFavgEH9S5cuXbRoEaFLSAB0pW3bttQrsDkfkQ1GqWbOL2GI61cCiIpwDAgA7UQCH+nGWhyw0Bu2KWQD3hcXxNl4bo6wiO3wEXmoU6cOHzkYNotsCOGhnV0T+RgjtsnqaA+7o5GPrMsr/dk1Xhlm3717N0dCMHPwuC42QprwkZ5ijxoHRdWBAwcGDhyIoeQj9EFxtmnTpqCgIISQmnT06NHULqamploq89UDM3X+/PmjR4/u2LEjOjoaqUYUx4wZI85CgMHEPQwePJgx1JIooiiBgYEoCmFDVhZRv5ZeENLUiMQnxEi9rrSqDtJAS6COwJpQ/uNOcPdKawlAQUfiwfszZ86kvGJ2qRC/+OILqi0cKGms9HsWyGE8CqLy9ttvW1lZkfb29vZsITY2VumhSyCRJk6cSAr9/PPPt2/fVlp1CbjGIUOGEEsQKzZR2w/UEfG4XorT//znP7k/uNCpU6cNGzYkJydDkUQFgLXpKcB7gRs3boiPvF67do2wpAXNZmCpf3kVbwTwOugTcVUQhBDhx8EgQrxHJATEEQKxtFBQDxG0SCAVLhn7ww8/iMP+6KOPOB13d/e829E4Tp8+jQ3avn177vOWeLizZ8+uXLmSmhTBYzyHDRuG9eSQRIcXDiZCfBOLEQMTJkygiMl3eEwcUYEWQjuiMtAGmFaEf/r06ZSzpfTB0WeCvNi2bRsVW3h4uNJUHGjrWS8kbsmSJWgdpcS0adNK+F0QKhQsxY8//shmx48fP2fOHIop6jgMCuVVw4YNCTLV79BQWlIzInV2dnYoCvGHlca4UJQJgVH66QYgRy8vL2gI9sHmV3sRP2H0NCDMW7ZsWbVqlb+/PxUuTrFz584cpFaNFDuCghmHUaNGUbLgFSBHWjgYQqJBgwYmJiZ4BeStIPK2Y0HYCC3MO4BMc98IYC8wKPiGghBmhYPhjXgvII4Q5H2fC2QMvqMywHFywI6OjtRGSKOxsTFLIU1MM7MsYlusonHgKT09PTnxJk2aiFDnHKFpa2trGxsbSm+IMiAgAMuSkpLConr16jEUYt0XAiKfGPv111/FbyFTXTFoHTp0YPqUHjkQaZKQkEBIaO/mKIxJFZKUlIQ7KdWPyRUBojQiIoLxbNq0qYjMYkErioLKUfKQNriHd955p2XLliXJEOpEfDqlHB4CP/vWW2+RDLSTk6tXr6bmEl9gVGN2yR+yF10hOn18fAgXSl1dc7IUaL6+vmfOnMGfUdhqlaxVBxqPijDL1A0cG8MIJcE+DCbEpFVVxmFQAVCTol6mpqbsl3qF4hEShCspIQk/qBD2gfqVdV400DwmcePGjdTRgYGBHPOYMWOmTp3at29fcX0Gn4Rp5tSYZa0qCpaXUIcpHBwciH+lNefOEJUZjRwbMRYfH085GBUVxTiTHRiX5z+YlI/79+9nxKgaGUAsFFrCuMEqBccHITx27Bhn16VLF60qCpIM4RLh7dq1Y9CUBWUIBCHuhFfiUI0fvtS8ojx8+JBqa+HChSjB7NmzBw8eXJIa5/HjxxiRb7/9Njo6mpo0V05gEHd3d0SLc540aRJBJvqrAaiHAGUvRAlRq4YsaxWMJ2REECPMKMoLt1AcT2Ji4q5du37//Xc3NzeqXVzjrFmzODyonIKdfGZIld5aAOSCbFy6dIkaH6aD7yBBqBBqTk9PJxnEr50TfowVh4e6KGu+CHAYDNf27dupsvfu3ZuVlYVrx2SPHj3a3t4+l5KgKoSZ6oFGTkd7ikJ9zfiQL82bN2dwlNZ/wIixdycnp/r16+MFY2Ji0D+YnTREfhjq5zOYlMknT55ES9atW8ewUDegvshJ9+7d86pgXmDvkGQqa4aX/kqrpsE0UchybLxhlDC4yoIyBIKQwSTNiQQ1ngPS/Hepzp49u3Xr1tTUVFdX1yFDhuQzp8VFZGQkRgSCGD58+Ny5czFiop0oP3ToUHZ2NrtQ46HpvMDdHzx4EIbSzYoDjkaS8QRMM4WD0voigIqjGajIRx999J///CckJATj/8UXX/CRwtDMzIyD5AiJRWUF7UBcsOJgoDml6f/+z9zcHNLBMH388ceYJPzKl19++d///hcSp26Fx5V+zxEcHlO2Z88eDuO7776j3qfoe//99zkwLLW4/ZMLcekJn00+w1ZKq3bA9gn1IjwHx4bg/fjjjx9++CEKx0QvWrSIqk78cqhWB5NjY9BIeeaRodPT05sxY8bPP//85ptvMq3kgtKvAKgzxD/5IDyUJu2AXTCz9+/ffyFB9RxAbFCcUW0UMdpFQMOKcvXqVXLYz8+vQ4cOr7/+OnmuLFALhC+x5eXl1bNnT+yOnZ2daGc62UtAQAA1O4pSkuc6KGp2796Nrc7M+cfL2mZDNUDmQzScMsXa5cuXldbnDmptHx+fr776CpZBVIyMjN5+++0ffvhhxIgRvCf4GDpKS9JM25dHqN9JadQrr6IAcgD6w7BChfPnz8e8cpwf5ABuun37ttLvuYDDO3HixOeff/7JJ58Qq3Xr1n3nnXcWL15MUiC9BXOVc8ETMIC8Kk3aAdLFBD3TA1HEoH8M5k8//cRZ4Dsp4JBDBpZ8gbuVfhoFOejv7//9998zg8wXe0dL5s2b17Fjx2cWpigxOYKcaLsuFLf92cuLvb2kPXCCTMStnG/mKk3FgYYVhYDYsmUL0//aa68RByUx75zPjh072FqjRo2oUHK/B0txGh0dffjwYRw6xqVhw4Yl2UtYWBgZwiB26tSJTVFia7tCLC44NlGPU2vjuPPR6PMBBm7lypVoybJly3Cfw4YNo2KdNWtW3isnItOYi5JMhyoQRSLMW+hQUNU6OjpOmTIFF0WhzSFt374dlwBPeXt7U8kq/bQGEZ/Lly/Hva1ZswZXN3jwYEiZGMbSPa36YS2ODdlWrzBUHchJlZxfBFFlmhhMRHrChAmoMoNJSu7cuVNYLuo8DRbpTBPUgRNi1kht4oo9UrJ07tyZekWVQ2UA6capabWg4TipnAj1MqwoTCtyjjwzpEpTcaDJ8E1JScEXX7lyBcbp27dvSewnqcWm1q9fX7NmzTfeeMPJyUlZkHMP88CBA9Crcw6UVrWAoyJDzp07N2bMGGpthBDLot44ag9Uu4A3nDhUlZaWJtqfD9gp3EHNiB2JjIxEd9GVTz/9dNCgQYb//noX+SyKX21LMqyhr6+PoSyCaKg2+vfvDz1hqohGaq4lS5Z89tlnv//+O1ZP6aQFXLx4ccOGDV9//fU333xz+vRpPPTHH38MBeOki763xKDBUxgIbV+ahwrJKVyvKjQtwCqcyHvvvYcuMphQ6qpVqxjM3377jXNkbJV+6oIE/Ouvv7788kv80LFjxyjsCLDJkyeLnyVVEXgUxFh8WVVp0gKEaFFFMSbMl9JatkAowoHksnrFjcYUhYLx4MGDfn5+7dq1Gz9+vBoPCeSCTfn6+sJiMD6BRYmXW3dwtjACBtzAwKB79+4l/Gasp6cnmzI2NhYPkODlEWdtE2JxQeDmxm5oaGhMTIx4r20g6gz16tWr4WWknSyaM2fOggUL5s6da21trXTKA8aNiXsOowftUumjZ2S10vQU4G6pr7FT0Doel9GjuAb79+8ntDRYYgNquuDg4MWLF6MfeGt4jV0jLfPmzbOxsVE6PR25Sqw60asHRk9wbqEOrwjUrVv3tddeg/SJhxYtWjCYDCzUjw+LiopS42IdtIWBc3d3p1hhUgg2Ozs70pDo4rVYdEaCYN+ZUNbFVymtWgCzQ+wxFMQeM660ljmIIFQvlzWmKATEnj17mFqqGFVSqAgkJCSIMO3VqxfWIW+IYIAIQaKna9eueY2LGmBTHh4elDYUs02aNGH4kBM+6ppHAWQXdSW1GxlIJmv7Zg8jwAgzm++//z61dmxsbLdu3aAPqtRWrVo97fFlDhJomxABUpeRkQGFqRLxHA+TO3HixIULF86YMQOjsHfv3nfffRfvcvjwYZxucYm1UBBLu3fvRkv+/PNP6pIePXpQcVPFM24qeg5qJoi+YsWK2pZkzvfOnTs3c37ETGlSGRweIj1y5EgUmlIP3g8KCvriiy8IjG3btiHSSj8VQKL5+/v//PPPzMXWrVuZlw8++GD58uUDBgzA9Fy6dKlYaciYQxrkBXP9tIfBNALCCUnmlX2JKwdlEgy+2tWhZhSFDN++fTvGgiqjX79+JXm+i1CD6L28vDp37jxt2jTxrHAuAgMDYTq41cXFJd/TMsUCAcFeAgICoMixY8cShcSx+Lq1ZkvXkqNSpUo1atRo2rTpqFGjcH5Hjx5lcLTHO5cvX960adPnn39O+ent7W1lZfX222/Dla6urrVr1y5CMJATGIdX5bPWwARBiIhrrnV7JjBYbdq0wV1RYkOIxBjea/78+ZwmPrUkMy6uwcKqDBfz0qxZs48++gi5Gj58eP369WEfpd+zgKIY5UCrF20APEi5EBERQbQrTcUE0dilS5d33nkHw4oDs7S0JI9QULyLm5ubKo8jUhUtWrSI8V+yZAl5R2ATYOPGjWP0iPbU1FSOUPXJBZzLxYsX4UEEjy0ordoBB4Z2kiZqSHKpAClMEKp9R0oD+Q+7RUdH79u3j+Og3i/W1c98YLaoHHfu3Al1zp49GxeSl8IItUOHDqWlpVHIoARKq1qgqESZ2PigQYNICd7AMrQ/H04sFvDXGG2YnbHt2bNnXFzcypUryR9lsebA4MOJeBFxS5n8nDp1Kh5l1qxZjo6Oz7wPCXtSSagXhcUCk8WhUhMU114QmUSOePS5d+/e0NC6devgMuzL6dOn1TArMCPr4kXWr19P2DBcaAnDhXoVt6jipJA9NsJ5adWmIJ+UTXBiSS7aMNdwt7Oz85w5c77++utJkyYx7+IC6ffff3/ixAnOQun6byQlJW3YsAEhR1HOnDnTsWNHRg/H06dPH1HVYT3Z+DODLR/wNCglVRe8kZcxtAHyAtUEukYUmgKFo42NDa/qnaAGvuEI0a9du5Z6tm/fvnjhktzbCA8Pp/CJj4/HnQwbNixfvYZoYa7Nzc1nzpxZkl8LJpcopnbt2tWhQwdxwLAJVRsnYmtrCx3oVKyIC/TkDKYNCxgVFeXj44PGMOuauotLNp49e3bv3r2//fYbgww7dOrUCbKYMmUKA6Ji1czoYVKpEFu0aKHGF6NUB0cbFhbGgFApq7EjUoUjbN68OZwId0dGRhK6iYmJbJbqW09PT5XZh5ExiwwXmnT79u2uXbtigFAUJkU9k0EE+vn5MblwItWS9iKQ8v/YsWPED+FUkuJPgJMlE/EWpqamaFVCQgJ+hfzldEgrRCL3RJAx4hbVoVgh12B/oouqsV+/frmMgQ6dPHmScqF79+7FeoZTPKrj4uKCRD3z7loJgTkOCQlB/sXXLcVBistEvBJRvOEUcsFHAQKME2SUeM8r2nnnzh0KWQHSPBcsEi5cPE2OGRItRB1ZxhucMZLGG6oiKmxe+Ugjg5ySkkK5SU+K5nPnzsXGxtLCRxopRklzBgqDRSORQNjTyCtTFhMTwyrkL6yCtLPxBg0aYJrFWauOkj6Zw+r79+//4IMPiC3KjcGDBysLig8G5ccff6QAJ9Z/+OGHxv/+GjxD8MknnxCU1IDoTUmulpK6mHTKJcrViRMn0sIEY4xglrZt206YMOE5FNqqgyihoDt48CDWgRIb3qcqJDrffvvtkSNHEtlKP3UBIWJNyHMokpRo2bLlkCFDKOGbNGmi+kUbEBgYiL+pU6cOEwRlK61aANkFMREJ1LYl+W8xZDsMyLwzpKQTuURJNG7cuHbt2uWlwnxguKh7jhw5smPHDrIUWSLmR40aZW9vX5KwgVMIfviUQmr69OnFGvligeD/9NNPUZT58+dzpkpriQFLQlXiURdoi7HFwYwePZpdYDigNliCEYO5kDFKgaFDhxb8lgkMAIdAmsQ2maiirMKD8A8MyCs1ovbEGEB3hMrGjRsRA3wV9YdIQJKUg0ddoGPOnSAhlcQqubqInJC2zCyax3AhAGwkdymNHDnt7IJuLIXWaScURZVDCxpDnDCe7JQVRU/AUuiXLYgV2Szv6SCOitUBW75x4waLWJePRDtHSCqxCrPA6hwe1UyPHj0oudAYEplpQtfF4amOkioKRA/fMcQU+8SB2sUp53P48GE0g1PFNpHbeSODpZs2bVq4cCEyg4kpyZfkGeLff//9559/JqDRFUFJBAGuBZKidCUNdEpRSJVvvvlm69atX3311WuvvUYJQ1383XffUdnNmzdvxIgRVNZK1+IDSt2zZ8+WLVtgSeKMcx8zZgy+BMZReqiM06dPM3FshKPSIFUVBLnBCKB/77zzTgkvfgKyDpuyOwe8RxhIKsjCycmpYLVLrQctEorQCtRAz+HDh2vkt+DgIAoF6J7xnzFjhvYiEOGnNCHL3n33XVJAadUQIEH0gEjYsGEDrxgRqhMGBzk5fvw4E8eIodmtW7eGKAqqJuU2ioL7ZGYZVVVkFYbdtm3bkiVL2CYJ8hz+Yxh6Cd2h/TA7+sEeYSooGEDinCxkgsjl8mquZsDggI9MLm+EWeG96MmMcL7wO40sYpsQPS305D37optYhY+AVWjhDX2EGsEMdOaQxEeWsjW6kctC9sTGWYpKISF8pD/7RTwgE1Zn/PFDeBcWvffeewMHDqQbKxYLJVUUppNM4Kyg+27duuUOX3GBOyMgTp06JX4pOm/xwhFikz/88ENKQtJg0qRJYkDVA7Lx/vvvQyIc9tSpU8VYM1UYZzwKxTURr1OKAs3h2OA7+BpTQkDAa7/88ssff/xhYGBApQkHqeHY2Iivry/8SFGJYJPABBBCrvY/2QwNDf3vf/9LJEAHJfye0DOxfv16XMKcOXPatGmjNJUMFy5cgCOoaYKCghgZShakomfPnrn/cQiOIDjd3d1PnDgBi7FfVIciztramlMWfUoCSkvqBmSS/TKAamSyimCavv/+eyJ89uzZVPRKq6bBKGFYjx07BsOSYjCUpaVlr169GLRmT/+XG2gJakfAQ2cUJaqkeVRUFOmclJTEoE2ZMqUkzKAiCBXcJC4Z8oWLOU7OiBjAQMDX1atXR1GEX4G4oGygrJnz/AX5izzQh6W8yVUU3rCK6M92EAa8Ap3ZC52F3og+9Ber8EoLocJ2WAv/QaPQD7EpXlnEIfHKewH6sFm2xuq8oR6F/RhGSg1SgNiGe1kFKsB5N2jQgP7FQ87hqYn09HTqKfQNd4K+Ka3FB2Px22+/YYf79esXHBystP4D9oKZoKihQkc/lVa1gO+DgomDYcOGMYhKa46YU3iOHTsWv8UUKq26ASIVpobx0TxCTTSSQm+99RbRY2FhAUGcO3dOtKsCymGYC0KhHidqSQnSGHVBV5QeaoGJ6927t6urq3gUTXsgVVCUCRMmBAQEKE0aAsOI+6GkaNKkCco6dOhQrCEhhyP5+OOPsW6kH94FQoGXc+dCIyAFqKhatmxJ5cQEKa1aQEhIyPjx40nbgommKdy9e9fT05Nchl7gsrZt25K/BBhVsNKjMDCtpCQuefLkyefPn1daiwSD9tNPP1FXkc5YB6VVy8CEzZw5k8SBbYkTqgrYb+fOnfHx8RwPjAzJUH9czgHBgwLlgo+sjmTCluINnQV4D9GJFl5v3rzJpsQdFMAb0rNQCHFi9MRHcZAqgi2TRIwhdQzlBXpP2UqViV4Sh0yZ0q84KNGdeXaJAUQ/586da1Pk77gVDYJ76dKl2EY4nUImb4HGIXLOv//+O6I6ceJEiFVZUHxAAfv27Vu5cqWhoeEHH3zQqlUrFF4sYj6wQag06sgukG7RrgsgDxkfwhEuI4JFlYGWMOAcJ1NAZUFkGBsbE+VF18sIJ+TIICxZsmTPnj1MHKRJPQiHNmrUKHc01ENKSgo8QoHDAKpx+VV1MAI4WgD/Fuv+7TPBADo6OmKw2CxOhXgQP1JABO7fv59QhCXFzwZT/Whwv4CNh4eHw6RMsVYjEKPPNGFqqSRKfrEuHwiwhISEXbt2kc7+/v6UbkOGDME9UO2am5sXHZwwIzqNY4apWavozgIYSpgB8sWdYCg1OyNPA3qPepGAgwYNImsQAISQiePcmTW8xf/uWujpUXwAcRckF3yk/KcPNkK8yQtyR3mX81982BqDwKt4Q3oWCsG6nLv4KA6yaGRmZpKteG6EkJliviAQbDfDSLWBL8e1UF1RVKnxK87qm0QEmWNCjVvnQJUIKBQwJu6Y+GvcuHHHjh2ZKmVBDqjQcdCcf+fOnUto0tnUtm3bmPtu3bq1b9+eeVIW5ICUZm7A84lL1UGUUHrAa7du3SLrlNb/+z8mG5+BU6EMXLNmDT7D3d0du60sLgDCyMPD47PPPsPxREZGMgi8/+ijjxAqEZQlBAFAzqBSz2EAyUbmizTIOyCaAjxIybZw4ULqJKqQ5cuXM7CE34IFC7ARXbt2zRc5GgE7oiblDaemdiqpAqpdYgkWhjWUJg0BSkWr/vOf/1Ckks5oM3UboIqHIpVOTwfHQwlPABPPQGl9OuiJ/BDJUKGKl8hKDqIOvoLuYbxJkybhXKnlXVxc0GmcK/nIuVOxwVfCOiir6QA4GA6JQWNqqKpJfJR+8eLFRMLgwYOhAo6c2GbkYRtMEnRBTCorFwfqTwPU7O3tTaxQHeSTgWLhzJkzx48fJ4soZApeY0X/qcFRS8oWKgKltfhgNMPCwigDTUxMqAEpH5QFOYAERVHAuOtUHAAUhWwh38hYvJTSmoO6detSU7z55puUdW5ubiQzJRtWT1mcB1hyFqEl1CNscPLkyZDjyJEjWVFTqcgMEo7CnitNWsP/ijFt3utCF62tradOndqjR4969eoRMJBF3759C72frBEIRaH+RSbVy2QVQXgzR1CGEDBNAQ7966+/vv766x07dnD8SDLRSHBaWVmpOFNkaHp6OpkImagSk5She/fuRf7ZS6E/C6QlkIawLWMI9XGoONo33nhj/vz5rq6unPjWrVs/+eQTZAaCXr16Ne6WOVXWfEHggOFqhovaiGN7//33v//+e4okBrlXr160oIuIirGxsSiVODViA8JRjwnVvOrFXil4N23axFzOmDGjdu3ayoJigrNlI3id3r17sx3oXlmQAwzQihUr/Pz8RowYMWzYsLy364sLKHXZsmWnT58eMGDAhAkTqASVBTmAqXGyMTExDKuuXfUiInFp0dHR4h5gvvINW9C0aVPsHUwXERHBWCUlJbEK/lpMCgJDknPuBw8eJOIZZxJgzJgx9vb2qlSCqoPKlwoDXsD/qX17X0WIx+epE9mR9ixRtWrVLl26BH3g5/I9fKhxEIEhISHMoKh48l741Sxw6uyICMebauQ/UyFOR44cWbp0KQR6+fJlHAmJTIp16NBBFWuSC8YZz8EWOLCiH7iA79jjd999h6dB9UePHp2vQNQqKOrFLVgyiCwj/Eg0BwcHcpNMNDQ0hNPi4uK8vLxgm+Dg4KCgoNjY2AsXLjBQZAd5isRqL5Y4sFu3biHwHAMTTdYjcjt37kRCjh49GhoaSqTZ2NgQz+PGjaOm7N69e76r5RzkjRs3YHi6qfHvB9VUFCaeAGKkIOiBAweqV7hBcCgnFoxC49133819rkaAodm9e/eqVatYOnfuXEhTbe4gBNkUNVTDhg1nzpxZ8JFTjgTKhothKIhbq/VvcYGsEg04ueY5KCirpJOdnV2LFi2wLNB6YGAgocwEoStM0J49e9auXcupcV6kH9lOVVUST/k0XL16lSwiVTRFVUUgISEBRYF3tHrDBkAHSDLm2NbWVtt1BhEIBRgYGCBg4hFEbYCooHiiAiULSvjvi2CuyMhICIuyz8fHhzwdO3YsjhlCUOMODfIA8RE/ffr0afLv317KC4Rn3759P/zwA0E+aNCgefPm5StDtQooCAtONkERhIRQFLGInIKCu3btSpKSidSscDeBSj6Gh4eH5YDhAtA6J4vAZGRkQNzg/v376JDwBIxA7jbZQl7SEx/pJlbhSFgLU4u3I/sgCkII2UBF9u/fTxl6/PhxbNzJkycRGI6Hw6NYwT5OnDhx6NChLVu2ZMrybl+A2EBR2DLJpcbT2Go+Pczhzpkzhxrkiy++QO6U1uKA/VJpfvDBBxhDohAvli9jYUOW+vv7owGYypIYFCoFjpN05Zih1IJ8yiDCvESqo6Pj7NmztVchqgHGgYOnfOPAGKgi5pggIGqJITwfQU9oQkyMM4TIHPXr1w8G0Z5YUrh98803aDODrO2nhxkN2GfKlCnIpNKkHfzxxx8kJ3X3rFmz8vlazYIIhJep9KkMFixYoEZtqCKQk0WLFp0/f/7tt98Wj2OpAVGGUw5S6xCfJBRlBFvjVb1f26MudnNzo7qlSvj4448L9bhEMtTJdDBK1BMuLi7vvPMOU6Msfl6AbTdu3Ige4I0wJYW6DU7nzp075CBywvjwHroXj3KhIuRIvXr1SGTMAZyur69fqVIloov3Offv9XILdKKCRYBVkBA+QrkMPtYZOWdA2Dsb5yOFAjuljoRU0RjSHD1o0KABb5gRKjz0g9DivTBJYvuFghNkZlG+Hj16dO7cWWlVGeooCmXC+vXrv//+e/EvKNT7LQfMIxuBgzCPvLZv315ZkAOWLlmy5KeffmIUFi5cWJIvsjEBv/32GxthTL/66is2qCzIAyYMIiZSLS0tv/32W7Uv4mkDxOLXX3+N4CG6r7/++jMN/rVr18h28XgSXpvEoyTB/1FPKT20A5L8l19+Ie7RbI1/dS4fcJzI/7Rp00r4sMYzQUhs374dgcRDk+pKqxYAWSxfvhxH3rZtW9Ih3/+e0SAokD/99FOChFdXV1eltTgQl6fWrVtHjPGRABszZowoeNW2campqcuWLdu0adP06dORuoLXPBgfKkLmgkSA8nAnb7zxBrms2Su3qiAtLY06g1fi3M7OrlBFyQVjde/ePSgIOWHMYXzsAhlNYuIqUBeUgFPDKHDKFM1kt1AUaBnAS5wgH9kCmcVHakSUgy2wWdZi7ywCDD4Sgt4gPwgJ76kjcW9ICHpPO4ql4lgxF0yEl5eXsDJKq8pQ53LexYsXsQ7QLgWC2g8gMrgeHh7IacEvPTFwRM+OHTsYXAoBJEdZoBag18OHDzMBPXv2LOLL9swfU8Xc8EZp0g0wCISLeHCgoEUtCDpD6GiPeBBQ1CbalhMBRo8UwpIrn7UDtk9GkZ/si1BRWrUDMpaEJ5mfaPl/HDCzVI4MoKAYpVULYBcQmaAnpUllsApEQxEJDh482Lhx4/fee+/DDz+ksoS8SnJVEJ4NDg6mbLe1tS0oJxQrFJcffPABqsPs4xeprrCnz19OAAeA1cAi8P6Z+YhCwJDwOznYq1cvcVWQg/8kBx999BEDiKcnW1lKOUueEgaALTNHaCf8jtdhBHhFlnAkLDU3N8c9DBw4cOTIkZMmTZo9ezbboehhg5999tn8+fNRO8SAPmgeFT9crfpYQTVMBPKm3vCqoyioa3JyMjIAYRWcflVAWKMZZ86cwXwgS/muaEEW1NcYc0Z5wIABqK6yoPhgSnbu3EmwNm/evOCOciHKAYaSGdX25fLignllBIhj6ho4VGl9FihMsOTi+h5RKBq1DSQZ5dYqIQowU+TVw5yvdylN2gHFHdlFocfulCbtgIyApHhlulWpG9SGkC6Usrh7IVvF/xNbvXo1x0m98sUXX8ydOxcSKPkBnzt3LiEhgerH5t//WgmlwZSwoy+//BIxq1evHnIivv2m9HjuoLZA9YEascfk6uvrm5qaOjk5DR48GCGB/cWTu5wjr0g1LcgDrwJCKhChj3PAG5SVnl999RVjIlZkUnBsOE7MNESHO6EMVU8PADFvbGyMS1aPeIutKKQxXA8Ft2nThglWWosJtnDixAm4e9SoUfl8A/Pk5+d37NgxFLtv374lue2GSBw5cgQHh+wNGzasiNt9AB7UNj2pB9IVneNcxA09pVUF4P+EY9B2fS0AT2HJtU2IADmh7CLiGRNtTxn7Ij/NzMzUzk8VAUdT/ZDD1LMluWX4TDBN7EV1gWSQKZPd3d0XLFiwcOFCqL93794Q2ddff43pL0m1lwtk4/Tp0ww1hMjpi0bqcXb6888/f/rpp3v37oWIYQModfLkyUXcSnwOEHpMTmkqrdgaiWNhYdGxY8c+ffpg+Hjt16/fiBEjOFlUB7VAVN56663p06dDmHRgoKBN3A/KQbRoZBZyAbdD8jdzoMYFm2IrSmxs7MmTJ9kT/lTt+w1BQUERERH2Ob/Kx6AorTlITEzct28fNgUNL+HleDayffv2+Ph4KgLsThHPz3A6KAq1PCU2KaS06gaIYLSQugbnS52otKoAToTzIl6B0qRNINsEN3LyHAZQBD2TpW1FEdt/DjLJ6NWoUQNW1bb8cyIAAWMAlaang3LEx8fnxx9//OSTTygBW7RoAb9/99138Jp6d08Lgqn08PCgiCTZAVUmmRgWFvbbb7+x01WrVmHd2B0CtmjRonHjxmnvmQUVQT5Wz8HzSavnD8KDKbia8wP4BIDSqjKKPShnc1CnTh21vwoAcVOSUJF16NAhX1ySwEQweoPYDBgwoCS/EnH//n02xY5wOQg+jkdZ8BQwdhyYeteXtQ3xLygw2uHh4cik0vos5N7SUG+aiguxF2ZQsLBWAe0yWZwdfKQ0aQekFgNOka7tk0K0iHZYPikpCXOptGoBYsTYXdHXq8mC4OBgSPzDDz/866+/aKFe/uKLL8SPnmmwKMb0HDlyBIUbNGgQbHD9+vV169bNnz9/8eLFDDt+CC1BxijYbdT93zMaB4Enntp6DqH+/IGoM85EPgSiStmRD8VTFHZDBBDxEDQ+VGktJqi1IyMj8Tft27ev8u/vQJ0/f/7AgQPUnqNHj7azs1Na1UJCQsLmzZuTk5NxJ7jIZ9p8koT44NR0MErq1avXvHlzjlB8W0ppfRYYRhIV4ng+xRQcRKahK6pfUVEbnBHnRdxre19kF0J++fJlIl9p0g7EGVHQwFPMmtKqNbCvIu4XkgXkDlry008/paSkUNt99tlns2bNatWq1TMfNSwuKPtQju7du5Pvvr6+iBY4deoUAf+f//wHLRk/fnzjxo2LuMDwnEHIQRE5d1L+/z9BKWPgHGHmmjk/eq80qYzicc3NmzcTExOJRTxEPjFQEUyGv78/BqV169bW1tZ5GYHp8fLyQmyILWSgJFeukVZvb2+2ZmpqOnDgwAbP+k1meLBqzm84k2nPp6IvFkgnxoSzYHAYPRU1j2iApxiK5+O64FzxCIC2bzkIUGtzXtpOac6FaNe2ExJgspgy0kqrMkmEi4uTyud/A0MWFRW1evXqX375BX9Phr777ru4hMGDB2v8gWamLyQkZP/+/ShorVq1du/ejYSsXLmSAccPffPNN2+++SY883zqIdVBMJCADCAVng5yRcnB2TEjxKGBgYHWFYVqgpqFOgWCU2NnTMalS5cotFG/rl27csTKgpxFFy5cOHz4MGfSv3//El4tJSs8PDygm1GjRrVt21ZpLRIEB7sWoqI06Qw4Nsq0Nm3aQNlHjhyJjo5WFhQJBpnXtLQ0zIpo0SoIRA5P27W8AANC0FPfqOHKiwXIHTkHWmV5wBnh2pkyglarMknaimdDlc//AHsUEBCwatWqzz///Ntvv2Uq582bt2DBgunTpzcqwe/pPQ3ku7hZcvz48YsXL+7du5d9RUREdOvWDY8ifsBU6apjIM7F5VZGUttR8UIg7DJQ7+yKoSjUFMgJ9FS/fn3qZTX0majFz4aHh7M6/Ji3+sBCHjx4MDg4GK3q0aNHSWidZHBzczt58iQVFoZdFXHiXDgYDi8zM1NFB/CcYWRk1K9fv6ZNm+K9tm/fznApC54OQbvPjeUBY8hOSTbls9ZAMlPVsjutki+gXmYvDKC2fR7jxr6ETGr1PgplE7FE5ZQ3f9PT07ds2fLxxx8vXLgQ04BTcXZ2njJlSocOHQpqj0ZAzbd8+fJdu3ZlZGRQp8bExJiYmOCHvv/++2HDhj3zosILBOMG1RIP6Iq2w++FQMgJoUgcqhH2xVMUHAY7o14W9W9xgRpRhpAz5ubm+Qqf5OTkffv2kVQ9e/Ys4c8N+fr6EqkIQ+/evW1tbfNmThGgG4d369at58a/xULFihW7dOkyevRovPa2bdsOHDiA/inLngKYndCHfJkypUmbgKoofhlGMk1p0ho4NZL5OUgXe0G8b9y4oe06g3O5nvM/l0hjrQ4gIYFIEBXi7joFx9GjR//zn/+IL3ywa6iETIfiqV0uX74s1tIsqPaQLgoj0o3DaNWq1RtvvPHNN9/ghxwcHAgkpZ9OgkjAGTNQukkUJYf4fZ0zZ85cuHABrlZaVUYxFIVBxJ9S3VApq3etPC0tLSEhAdOQ75uxJC1hHR0dDWm6uLiUxEuSljt27MAGtWvXrn///qorH6WoiBWdrTuoylGUgQMHMtO///47CV90BcGJMMi1a9cW3KFtMGsAk0cUapvroV1YHk3V9mRxIuwIYtX25TV2xOmwFySZUFRatQB2QY4ImUQ2lixZgpysXbuW/U6ePPnrr7+eNm0aCU5Z9sknn3zxxRd79uyBYpAZZf2SgZ3u3bsXI7Ju3TrciXXOvwzAG7333nvdunXLexlcZyEinBPhVasz9fwBvSPz1BbYx/j4eOiagkNZpjKKMSJE4blz5xhE9S55QX9nz55lC82aNWvZsqXSmtNOzcKZ6OvrowEluWiLJMCziJOhoeHw4cOpd4olTjAv0OUoIdVfe+01JyenwMDApUuXBgQEFCEqGD7KPWbqOdTygL0w/tAiUJq0BspDOO45aD/BwAjDwtr2KOyIikF8y4GJU1q1AOrClJSUpKQkbO53331HaXLp0qV+/fr997//RT/eeuutjz766O233+7bty8jvHr16g8++ODHH3/csmULBV9qaqp60sLoXb16NTQ0dMWKFZ999hklsImJCbtgR2x/8ODBL/ZLi8VFtWrVUOXDhw/j6tBFpbXUgghHSygdfvrpJ0oKDw+PGjVqQDVNmjThTJVOKqMY7IksJyYmEpHEvdJUHCDpWAcCi8LEwsJCac35ga+dO3cSr7iTQn/GUXVcuXKFcWGDBKurq2uxanMIkeFD1Z7Po0pqw9nZeebMmYzhwYMHly1bVsR3HvFnderUgd+ZMqVJm4AHGb2qVatijNQoOIoF9sXkMl/avqAHv2PycNXFiiU1wIhxOuyFOARKqxYAfVAaoihbt251d3e3tbWF4n/44YexY8eK36cwNzenalmwYAHS0qFDBxJ28+bN77//PmLz888/QzfJycnoiooHifaTlRR5v/7667x587799tvY2NhOnTphjHg/YcKE3C/JlxYYGRl16dKFwtfNzY2h++uvv7B6mvJwzxmUSswvs0NtgbRv2LCBxvHjx1NDMNeDBg0SP+NULBTj/6Ngfrdt20b5D1lDVUqryjh//vz+/fvT09NxD3l//PHEiRNr1qwhnd59992SPCxIqlAy/PnnnxwbnJvvx4yLBtUukubn58e6qJGW7kZqBHAoSQj1nD59OiwsjEO1s7Mr9FsCmFYcISyPV1MjMooLeIpDotihLMjrQbWBhIQECl4zMzMCRr36RkVwOsQtJKK9e9QCEDT1lnjWUas1OwnIXqB1djRy5Ehcgvg/lXndPIJNIlhZWTk6OiIzd+/eJZBAVFSUr68vIy9uN2bmgLwjJvOuTsu9e/co3uPj448cOUJ2r1u3Dl/CTqlykKs5c+awU6ZPq25MS6hcuTIFcf369fF2gYGBwcHBVHWcr3hapFgXRV4ssKo7duxAORASHx8fWiD2WbNmiX+dgkEhBtSo2FRVFNSMsTt+/Dh7wiOrcWde/FpX8+bN+/fvn5swGJelS5dGRkZSIhHfJbkpRym0fv16wn1MDoqV/+Qz9uvUqVMIW58+fbRKUiUHsSv+0wmKwqQwNch8wUfazp49GxAQgPw0a9ZM419MKwgsLIpOmrVq1aqEXvOZIGCYLLIaylPvIREVQdahXuyiTZs2WlUUPAqhS7VIKFIMmZqaaombqKbRfgMDA4hj+vTpDODTTDlhRvCg2QB1IYRYF3PD4AcFBUGm1ILMeEhICMpBO6U6ksNZeHt7e3p67t69Gxu0Z88eerJHRKtjzk9iT5w4kYBk48puShsoeRkKa2trFJGzQFNFMUo5RbQwRFR7Wo3JEoKDZJqg4lWrVq1evRoC4WhxjVOmTBH/eVMv5+f0OU31rjSoqijEBIFCMP2/9s48qub8/+PfPyzn/BgHM5qoGRkigyKJRpFKG8lSltHxlTjKiJmDGc4sZxicY772JRSSpbIklZQ1KYliKqkJJZoWUWRrMJnf49v7/ub0G4bbXdLyfv5xz+1zP917P+/36/VcPttFvmxsbGpbEDiayMhIim/cuHEUlihikgEhmtgIPxJQ6CKxsgqAVYnwSG7Pnj3FoUXFC0qDLE9ZIGkoSn0uCAHYrVu3bkw8ooK/KCoqQlRg2Jo0lJGRwZQRz2ngOtBIfGtycjLMAgFRJCpnTWXAB7FplI25ublWxRKfAV/gM/ggdezOW0F/HTlyhKkkEMDjGC8tfRyxQF9fn82xs7NT5iRdvgbUOXDgQKaVNExntW/fHtljuglwxA4qkOCC1ySOICQJCQlsBa3Ecvwi3nHIkCGol6urK480lwq7N+ohaL2uXbuixwwLEZaMgpcSWosFwd1C3MTByspK1ny38gn3MhE0JkLCNIWFhYWEhEC8hG9Ig0Ds6emJoWdqNHJmhLKKcvfu3ZiYGL4EeoCg1dZA3blzJzo6GuJjAyhKoX5s5MaNG0tLSz08PAgu6nAQg+Xv78+k+vj4DB06tLZpmg6hDrC90JOTk1MdOHr1wZdkJDEUfHOyCBWMzLRr1w4KECPJEkQFb0jR14FG0lQwC58oLsbU6oEHbC+KQizjgyA4xVItQPx2GeWEd0NXFEs1CmqP5oqKitq1axcdwfQxXxYWFlr6OLaFEaMqaqVYVBS8iaIQQBkKa2trSADZw6pDQ1XVJy+wGk6RCuzUqRPukNXc3NxobXd39+HDh7Myy1XYi1KfQfcZGhpShFZWVmZmZtCa2DdIXjl+/DjKSm4rKSkhx/xefVo2Hpp1gFb91h/VF70LyUfkSCFESfLizp07jx07lp6ejsDgR5kaQiqzw/fXoMwreyIQTm3BggV8xa+//nrKlCmKpUoDU7lhwwbUcsmSJVQhSxjlAwcOrF69GgFYuHChOgfoGME1a9Zs3rwZJ7VixQoVzhajJXCIP/30E65t69atNI/ihXqP8vLykydPBgUFweY0M3KIExTOnYLes2cPLEAuFAddtQrIl3nky4jzQbE/ihe0AHHXKRRl7ty5Li4u2ktg2KBVq1ZBwRSYOiX6T4CI6SxsY3BwMA4ARraxsfHy8nJwcNBSRtEIIA16Gdri+5OuHlT/XjoLMZpsAmYC5UAR8TG4HC3tvqtvYEAIJSgK4ezy5ctoCV6ZhagIY0Ktoj00I36L1qBVAUNEfGGi0RjFu6iKx48fMxG4Op5gUHDwWVlZCBsZAPViCsTlitQw+oHY9+nTh+ewhPof/TcoqyjEWAqdQlm+fLkKPybq5+e3e/dunNdfXEMjLV26FH8NNUCCYjXV8Msvv6B2BJTFixfDnipUMINw+PDhRYsWodU7duxg7hUvNATQzDgRxAOfi/ugZO3t7SGmvLy8U6dOIdiMibY1kjrGATGhdNG3337LdGg1FaWmpoqTUNlYFIXtxUxo4zgHTnPlypV0PtZHzQtvXwXsg2dEtGguHCV9jiEYNmxYz54927Ztq/FWl6gbwOxwEbSORbh+/TrSgtkSJ14jLdQSBohwo6enR1LErOD2mG54H+0hQaIxvMo6PKek0Wz+kYXoNOvwvKysjDcXoZBHWg+I+2PRfVjM/54v8egRMo/V5iNMTU2FjKFqqAiGG9+sPZlXSlEE4Xp7exNm//Of/0BSiheUBl6SzvHx8Zk1axaaTP/s3buXmI8XI3kxuIr1ag84dP369QQLW1tb2l61+MYG8g5QIROwcePGIUOGNDhjdevWrbi4OJLW2bNn0Zje1WfTMc7/rob2FAXjQ88wuSjKr7/+OmjQIIbR0dFRq/s3aFrkJCAggE3mC/ChqCZ0rHErkJCQQD1ABIilOsf5/gbanneOjIxEUWAftApdZNDYEKyrYiWJhg9onfktKCjIyclBV3hCekAPKADqFs0QsoFgiP1g4qALNYAhgyd5FPdQQIcApEQKQTxAZfXlvbyEqGA+EA/xnFoVEvX+++/36NEDOcGgQGvEkbpJvUopCqq4adOmFStW8BVXrVqFjVK8oBwYFF9f34yMDLhm1KhRjAuNtGbNGjYep9m/f3/FeiqBzpw/fz6a/MMPP0ycOFGxtDZA9kk5bF14eHi/fv1+/vlna2vrBrrDF3KPqQbRmwyO2Zk3bx6arSVFKS4uPnPmDNkoNjaWDhk8ePCUKVNwCXVAi3wcSSUiIoKPplfxejCyu7s7M6jBHW7JycnEazqW+GtgYKBYqgZgBL4tAhwaGpqZmcnXNjMz42s7OzvXwZ5JiXcFGB8Wxf7Slbdv387LyyNS8CfxguUwJCz0ovq2LhS22FcmIBZCR7Al8sP7sAQKRR4AS4QCoR+oCLJBpxsZGeno6KBGPMIA1Z9fd1BKUeApoklQUBC9+v3330+bNq1Wexhyc3Ohe/STtuzVqxdPFi5cSOiB6UgtDIRivdoDwUfqiBdubm5Lliyp7bkKbDuTiqnfs2fPiRMnmC3s/IIFCzS+f6MugVXJz8+HaomACC2h0MvLS+Mn2NAAMGNISAhDh+fi/UkJkydP7tOnD6WvWEnLYPrYwJSUFGoJYSsqKiLdjx49esSIEfgyjXyNpKQkEjBPli9fXvOyXBUAU+BY8VKEuXPnzvEnoQcPROli1Ops0CTeLShakScA2kAfEbh5FPup8C54DhqqoqKC5cgP2aVly5ZUCy8hHkgLQkK74T/09PQgT0SF4gH/zTv/9/wd7mJRSlHo1YCAgHXr1sG/AwYM8PT0VP52KQxffHz82rVraUjsP6Nz8uRJBIYBQqUsLCx4oli1lmAaoJJly5YxfD/++CPpR/GCcsAdEE0iIyMh35s3b0JGY8eOhRaNjY2ZGMVKDRbE6oMHDzI+BEoPD4+OGv0tVRxWXFwc0YSAiI0iZbq6ulISanKuaqDZCgoKLly4QF0lJibSmcQU5pFH5lTNg/YIwOrVq1u1arVy5Up1to5vhYrQCNRbTk6Ovr6+jY0NI/bZZ59pdmokGi4gNMiQehZiA8QeLfiNLmMF1AUgKrAousKj+Md6BaXOHkYbSSdEKrYQFk5PTyeysZFI5VvDCsPEv6SlpWEbYTfkF2Ui902aNImkr86g3Lhxg4AClbi7u0+YMEF57sAL0N779u3bvn17WFgYXsDR0ZHAxJsQGN+hvGsQFBxafuXKFWZNg9fMM31Hjx718/MjAGVkZPDOjBvBzs7O7l0xIz3G1mHzib+4HPowKyuL3Hnx4sWSkhJSv66urmLV2oMB5K1QFCcnJ5XHEAnBkJGkkRMcqIuLy+zZs4kmgwcP1ur5CxINCzAPEIdSKDk6t127dlQdNcyjeELBQHQirCj+rZ5BKUVhOz/88MPevXuT0xGS69evYwavXr2KzeclHD0br1j1FSBCKSkpxcXFAwcO7Nat26FDh0j9JiYmvr6+6txqArrEgAcHBxsaGs6cORNqU7zwRiBvcARa4u/vz2NhYWHfvn2nTZvm7e0NJzJnivUaBbKrb0iO5JMh1L92iXgKR+/evZuhS01NhaYJheKeDUQBSlyx3jsCdcg2MptUAu7n1q1bWI3k5GSsD5JDH6rG3deqr0ehhx0cHFTYJU3Z8+8bNmzYsWNHaWlp9+7dUV+KzdbWli/JF1OsJyHRWKDsFY4A2cTCEzXat28PodO0mZmZEHRRURH9jKjgi1/dhVVZWXn69Gmco4WFRVlZ2Zo1a8rLy6dMmQKDK9ZQCdAlCePevXs+Pj50+1sZ7c8//7xz586pU6ewinv27CEkoZGEmy+//JJHvG3ja28h/EyWubm5Oooi5nr//v0w44kTJ4iVI0eOxBBMnTqVWNCinh0AgKn79evHF0NCqLdLly4hhBUVFTghviolSq0qVlUC1Mn58+ep6tqebkDwJZqHhoauX78+ISGhS5cukydP9vLyGj9+vAbPGZOQqG+ohaIIECywgVZWVnp6enQaSSU+Pp7mefDgASaOfv5bxz569Ojo0aOoEU72zJkz0dHR9vb2ODWYTrFG7UHUCAwM5K0sLS3nzJnzVrqEE9PS0lCgTZs2wS+In7OzM1bRw8OD4FU/d0eqD2SAre7QocMANS4sf/LkCYSIDAcFBRUUFDDvs2fPxhBQA8ypYqV6BiqQ4jQzMyOcVVVVZWRkMOkIAwPSrFkznITyiQpFOX78ODVcq7ujkmxIwH5+fhEREfQFarRgwYJJkybhxurtoElIaAS1VhRAQ6IrtIeJiQltRkYRR0poJJy+gYFBTY7GJ8bFxXXs2BGHiMNt3rz5zJkzcc0qZwI4AuOJ9Xv69On06dOJPooX/gG4xcjISPx1eHh4YWEhBhYRQtL4R6SoEe95uHnzZkpKChoPsaqmKHl5ebt27Vq3bh2s2rZtW4SERGhtbY1br5XTr3vgdYgjlGL37t2pPSwI9UmVUqLYC5YredQtNzc3Jibm2bNnY8eOVeYMbGry5MmTFFtISAjx/ZNPPqFEKfjBgwejJfV80CQk1IcqiiIgdAWP361bN9LJb7/9hhMksmDKaGaITJwxBSvRk3i9rKwstIfOdHV1Vcep3b9/H79M30JtXl5eb967nZ+fHxwcvHHjxrNnzxJN+PQvvvhizJgxsEy9PbSlKaAoqampqKYKilJZWcls+vv7k05gVaKJr68vkc7IyKhhjRt1SJyiSlHB0tJSdIXIQvASefqt20LRUr3ok7u7+1sP++Xk5CDAW7ZsiY2NRTyINRTbhAkTunTpIg+ZSDQV/KkJlJSUBAYGOjs7w18EFDs7u82bN6MxENPhw4eNjY1pMLqX5fhExf+oCpjO0tJywIABYWFhikWvQ0VFxalTp+bOnSt2VpCoFi9enJ2drXi5CYBE6OLiwgjAdIpFSuDly5dIEVpib2+P8CO9RJPExESWK9ZomLh79y7eAmHQ09OjSh0cHBBLRoYSVazxOpBue/XqZWpqirQoFr0O5eXlBHFPT09x/TMSTrGlp6crXpaQaDJQPaPUROvWrUXj8aS4uJikkpKSghP8448/EADywePHj+nk8ePHOzo6qnPc4uHDh1FRUQQUDODkyZMJQ4oXaqCqqqqwsPDQoUMbNmyIjo5+/vz5sGHDZs2ahVvUyGXPDQXQJQPFaA8aNEiZ0+qoBoaX+dqxYweG4Nq1a8iwt7f3jBkzTExMXj3nomEBrmdzKNFOnTohABcuXDh//jy1ykvEF159bYwoKCgg55FuR40a9dqcR3UhNhEREeK0Bd4H0ZozZw5puEkVm4SEgGYUBZBCxMEVgK4UFRUhKnhbnBp9i3EbN24c9KTMzug34NKlS7TuixcvMM6wg2JpDUAWCQkJW7Zs2b59O61uaGg4bdq0mTNnDh06VJ1zARoibty4ER8fDxtaWVkpM+yXL18OCgpCS44fP44qu7q6fvXVVyNGjBCnYChWashAM0gnPXr0+PTTT9u2bSvO46Ki8vPzqU8289WdYPfu3UOYqWcbG5tXz/X6/fffxf2EQkNDSeQUJJXm5eXVr18/eQReomlCY4oiQO/RsYgKTUt/Xr9+PTc3F/OLd7O3t3dyclJnL3xZWdnevXvF2WI4wb91uDgoum3btp07d7IOJOjm5jZ79mzcopGRUX07ybUOgL/OzMzU1dW1sLD44I23ukL+iXTr168/cOAA9Mr64rpFnrw2BTZoIB6dO3cmUuM2sCY4nqSkpOzs7Pv371OlSG/NsFJSUpKRkYFbGjJkyN8uV2LQqMbVq1efOXOG6vLw8KDYiOBkIHkEXqLJQsOKIgDXIyp9+/bV19enPysrK6H7R48e4fjoYVyzag4uLi4uICAAjpszZw42sGbf0t5hYWG0d3h4OB+HK58xY8b06dMtLS0ROcVKTQy4ZnEvwjdc4fjkyZPU1FTynJ+fHxkFqp0wYQLMKE5eUKzUGEERUqLoCuPz/Plz8QvKuJ/Hjx8jOW3atBHWh7o6W30v55oZpbCwkIWBgYHYFwbZ3NycaEIUpuD5X7GOhETThFYURYC27N27N2EFg0xPwm64OSwh6kI/IwwtW7ZUfndKeXm5v7//pUuXSB4177ny4MED3plcsnXr1ry8PBKSl5fX/PnzXVxc3mzMGz1u37598eLF5s2bm5mZvXotxR/VN0M9fPjw2rVrIyIikOeRI0eKaALPqhMlGxAYFqwJSkCpYHcQ1+TkZHTl5cuXhBXq886dOwRfdJdyIqOgN1RgUFDQli1bKGYdHZ3PP//c19d39OjRTbzYJCQEtKgogIBCZxobG4ufp0ZXUBTMYFZWlriDC95ZGfKqqqo6duzYvn37DAwM5s6dK+7Zh7X865YqcCIsQGPT3mPHjlXhZxwbH8RRZVzzgFd+9RMZTkpK2r17NzKMPTc1NSXS+fj4DBw4sJHdiuataNGihZ6eHiVqaGhIud69exfNSElJKSkpYegYqPj4eFKvo6Mj7mf//v2rVq06evQoS5ycnObNm4ei8I+N4NaiEhIagbK/4agmoHtalDCBKQ4JCaFRaeM+ffqMqgbPFev9A7CK3333HX0+ffr0WbNm0fk4ypiYmIMHD6JPvDpo0KCpU6daW1t37dq1ifjrtyIxMRErjWZ7e3v37NlTLGS6MzIywqtBpEM/GH93d3cTE5NXjzw3KRDa8vPzs7OzCSVRUVGlpaXEF8YnLS2NPD1+/HiWxMbG8mhhYcGgDR8+nFGVh0wkJGqijhTlL8BiyEB0dPTly5eJKR999NGYMWPIFqJ7FSv9fzx79gwdWrZsGQ6aRx0dnZycnNDQ0ODg4GvXrunq6g4dOtTT09PW1lZqSU2gKAEBAZ06dSJ/iFRHajlx4gRaIq4vsbS0ZORhRnmea00UFRWRQvbu3YsBwriwBAfTpk2bFy9eUK6EFUJw//79/0cLP0IsIdHQod29Xq8CI0w0MTIy6tixI416+/btc+fOoRAPHz6sqqqib189uQjZ2LlzZ2Vl5cSJE2HGY8eObdu2DTkRR+DFycHq3NalseLmzZsoR+vWrQcMGNC8eXOeBwYGbt26NSsry9jYWPzcmTo3aW+seK/6/v/du3cn3hFcKMsWLVowSkgvaY8oTPXK3VwSEq9FXWcUAT70yZMnV65cwQySP+A+FtLGbm5uo0aN6ty5818n+yIbYne/qakp+oG6sH5hYSHSQrhxcXHpqaFf62t8iImJwS4g0gQ4Rpu8gpa0b9+eEfbw8GA85bi9AaJE09LSkpKSHjx4QJkRhfX09ORuLgmJN+DdKIoAH33v3r309PSIiIjIyEjyio6ODrKBrtjY2IjLvC9evLh06dKzZ88aGBg0a9asoKDggw8+sLOzw1zDiWIdiddi//7933zzTWlpKeqLMEOLFhYWyLCtra28obqSePnyJeMmTnmXu7kkJN6Kd6kofyE/Pz81NfX06dMJCQm5ubkff/yxtbX1pEmTWrVqFRISsn379oqKClbT19d3cHAYMWJE//795dlcb8WRI0cWLVqUmZnZunVr/DUajKLgtRvfRYsSEhL1BPVCUQSKi4vPnz8fFRUVGxtLdhG/mXrhwgVctrh5Bv7a3d1d+mslkZOTc+DAgWvXrhHvRo4caW5urnhBQkJCQjuoR4oicOvWrfDwcHTl6tWrjx49atasGdHE2dkZiw0nNtkL4FXA8+fPy8rKnj59qqurK28zJSEhUQeod4oCHj58mJWVlZiYmJ2d/d577xFWrKysOnToIA+KSkhISNRn1EdFESgvL8dik1E6duwob5ckISEhUf9RfxVFQkJCQqJhQV4VKCEhISGhGUhFkZCQkJDQDKSiSEhISEhoBlJRJCQkJCQ0A6koEhISEhKagVQUCQkJCQnNQCqKhISEhIRmIBVFQkJCQkIzkIoiISEhIaEZSEWRkJCQkNAMpKJISEhISGgGUlEkJCQkJDQDqSgSEhISEprAv/71v/k5fzUG/vgGAAAAAElFTkSuQmCC</file>
    </questiontext>
    <generalfeedback format="html">
      <text></text>
    </generalfeedback>
    <defaultgrade>1.0000000</defaultgrade>
    <penalty>0.3333333</penalty>
    <hidden>0</hidden>
    <idnumber></idnumber>
    <single>true</single>
    <shuffleanswers>true</shuffleanswers>
    <answernumbering>none</answernumbering>
    <showstandardinstruction>0</showstandardinstruction>
    <correctfeedback format="html">
      <text>Your answer is correct.</text>
    </correctfeedback>
    <partiallycorrectfeedback format="html">
      <text>Your answer is partially correct.</text>
    </partiallycorrectfeedback>
    <incorrectfeedback format="html">
      <text>Your answer is incorrect.</text>
    </incorrectfeedback>
    <shownumcorrect/>
    <answer fraction="0" format="html">
      <text><![CDATA[<p dir="ltr" style="text-align: left;">A</p>]]></text>
      <feedback format="html">
        <text></text>
      </feedback>
    </answer>
    <answer fraction="0" format="html">
      <text><![CDATA[<p dir="ltr" style="text-align: left;">B</p>]]></text>
      <feedback format="html">
        <text></text>
      </feedback>
    </answer>
    <answer fraction="0" format="html">
      <text><![CDATA[<p dir="ltr" style="text-align: left;">C</p>]]></text>
      <feedback format="html">
        <text></text>
      </feedback>
    </answer>
    <answer fraction="0" format="html">
      <text><![CDATA[<p dir="ltr" style="text-align: left;">D</p>]]></text>
      <feedback format="html">
        <text></text>
      </feedback>
    </answer>
    <answer fraction="100" format="html">
      <text><![CDATA[<p dir="ltr" style="text-align: left;">E</p>]]></text>
      <feedback format="html">
        <text></text>
      </feedback>
    </answer>
  </question>

<!-- question: 126856  -->
  <question type="multichoice">
    <name>
      <text>Question 14</text>
    </name>
    <questiontext format="html">
      <text><![CDATA[<p dir="ltr" style="text-align: left;"><span id="docs-internal-guid-db9f3682-7fff-21ee-036f-ad6841fe18ff">The top row in the image shows two views of the same object. The object on the right is obtained by rotating the object on the left. What object do we obtain from the options in the bottom row, if we apply the same rotation to the object in the middle row?</span><strong> Select the correct answer from the available options.</strong><br></p><p dir="ltr" style="text-align: left;"><strong><img src="@@PLUGINFILE@@/14.png" alt="" role="presentation" class="img-fluid"><br></strong></p>]]></text>
<file name="14.png" path="/" encoding="base64">iVBORw0KGgoAAAANSUhEUgAAAd8AAAFpCAIAAABS8bVnAAAAAXNSR0IArs4c6QAAAARnQU1BAACxjwv8YQUAAAAJcEhZcwAADsMAAA7DAcdvqGQAAKE0SURBVHhe7Z13QBTX9/ZjYu9drKCoiCI27KJi771Fxd57b4kmGmPU2HvvvRdQFEERAREExQqKDRQLIE0soL6fH3fCy5eyLrDgIvf5Y5m9c2fmzrnnPOc5M7NDhq9fv/4kISEhIaFl+Fn5KyEhISGhTZDsLCEhIaGNkOwsISEhoY2Q7CwhISGhjZDsLCEhIaGNkOwsISEhoY2Q7CwhIZFofPnyRVmSSDGkyeedP336lDlzZuWLhIREaiEsLOzBgwceHh7h4eEVKlQwMTHJlSuXsk5C00h77Pzs2TMHB4eiRYtWrVo1b968SquEhERKAqLw9vY+e/bs4cOHHR0dP3/+bGxsPGbMmM6dOxcsWFDpJKFR/PLnn38qi1qPyMhIT0/PjRs3Llu27Pz5869fv86ePbuOjs4vv/yi9JCQkEgBoJSRRMTd1q1bHz9+/HMUXr58eevWreDg4MKFC0PQtCi9JTSENKOdvby8Tp06deLEibt372bNmpVhf/z4UVdXt2XLlq1atapdu3a2bNmUrhISEprD9evX0cunT59++PBhhQoVEMuVKlX68OHDsWPHrK2t6VC5cmVisFOnTrRnzJhRbCWRfKQBdg4NDbWwsNi5c6ezszMy2czMrGfPnqjmCxcuWFpavnnzpmTJku3atevduzfOoWwjISGRPHz58sXb2xvJvHnzZhcXl0yZMsG/AwYMMDExyZcvH2vv3Llz+fJlW1tbe3t7grR69ept27Zt3rw5C7Kc1Qi0nZ3xgH379h05ciQkJASBzPQ3aNDA0NCQVYGBgTjH2Si8evUKt+jbt2+TJk2os8S2EhISScOLFy8oVc+dO4dw9vf3b9y4MQKoRYsWZcuWVXpEAY6mqL148eLevXuFeKpbty7ims5lypRROkkkFdrLzh8/fiRjb9iwAY1csWLFPn36NG3aVE9PT1n9H9DONjY2u3fvvnr1as6cOfGM/v37Gxsby+wtIZEEoIJdXV0PHTp0+PDhgIAA6lFK1a5duxKDSo84gEOgZmtra9jczc0tY8aMPXr0GDJkSM2aNWUYJgfae1fQ19f3r7/+OnjwIGXUzJkz+/XrF+8TGjly5DAyMqpTpw5rSeNQOXI7a9asbMWndA4JCTURGRn55MkTVPA///wD1RYrVqx79+6jRo3q3bt38eLFlU7xIUOGDCVKlCAGoWPC8OnTp05OTt7e3pkyZcqfPz8RKm8YJg3ay86PHj1COJO9mfts2bLlypWLaQbK6v8FTmBiYmJoaIiH3b59+9KlSzhHeHg4/dlQcrSEhGr4+/vDyCtWrNi5cydB1K5du2nTpg0ePBjtnCVLFqWTSiCZixYtCkFXqFAhLCzM0dHx/Pnzz549I3gLFSqEVFL6SagNrdbODg4OzLSurq6Li8vx48d9fHwKFChAGoevlU4xgHOULl2aBI4/vX///vLly5aWlhRcuJqOjk7u3LmVfhISEjHw5cuXa9eurVy5EmpG2dSrV2/69OlDhgypUqUKlBpvrKkAVF6mTBmkEsLo1q1bBCA6+tWrV0WKFCEMlU4S6kGrtfPNmzc7derUp08fcrKXlxeK+Pr164GBgfny5Yv31h+ehFKG0I2NjWFqvuJ2tra27Cc0NJQW+dSdhEQ0Pn365Obmtn379qVLl9rY2JQoUWLEiBHjxo0zNTXNkydPki9HsCG1LCKJWpaFu3fvEoMwdUhICJQNTSv9JL4F7WXnFy9e4DoUSmZmZlWrVjUyMqLR3t4eN7p3797Xr19JxTlz5hSdYwJShr7ZpHr16np6es+fP6fCunr1Ks5RsmRJiiyln4REOsaTJ082b968atWqw4cP87VXr16TJ0/u2rUrtalGLhNnz54ddiYGK1euTF1748aNCxcuoJOoa0kD8UauRCxoLzv7+/s7ODgULFiwbNmyzKWuri5MzdegoCBENGxLuQRHQ8QJXYzOmzcvzgGtIwRev35tZ2cHrX/48IF8Ln8CLpFugUwhgtasWbNjxw5qykaNGo0fP3748OEUnZkyZVI6aQhELrutV69eqVKlwsPDXVxcEFgIJgKwWLFi8oaQamgvO/v5+aF5kbpVqlQR/MtM165dm69ZsmR59uzZlStX4OjAwEDIN3fu3Andu0ALNGvWzMDAAOdgE2tra/bMDtmK9K50kpBIB0Ca3Lp1a+fOncuXL3d1da1Rowa8PGbMmPr166foXTsil7DlKNS71MTENVL6y5cvBQoUyJUrl3yiIyFoLzv7+PhQCiGc8aFoGs2QIQMplxZEcebMme/fv+/o6EhCxu2KFCmS0MUytipTpkytWrUQ4FAzHM0mAQEB6G5oXb7uTuKHx6dPn16+fHny5MkVK1YcO3YMKdOnT58JEya0bNky1epIwlNELsvXrl2zsbF58OBBxowZUWAEOEEquklEIzXY+evXr7Ann4kqZDw9Pd3c3Fq0aFG5cuVYnIvyhW3r1q1rYmLCV1SAra0tM800w78JpWKIuFKlSiRwePzhw4cXL150dnZGeheMgnQOiR8VQUFBZ86cQS/v3bs3MjKyc+fOkyZN6tGjR+nSpVNZt3I48dRduXLlkEeXLl2Co588eZI/f37a5YWOWEhxdsYz7O3tDx8+DIG+ffu2cOHCal5PQBeTYBG8BgYGSlMMQKbsB2VNKi5fvnxISAhse/369Y8fP6IFqJjiZVuRqKH7qlWrZsqUCfa3tra+efNmtmzZ9PX1Wav0k5D4IUD0USlu3bp127ZtL168qF279sSJE+FlQuA7PoCMuiKo4Wji9N69e0Qukfju3Ttq2YQiN30iBdn58+fP2H39+vUbN248ceIEedLFxYU8ydzo6el9cw7oaWdnR45lIlXwJooYVzM2NoasYeezZ8/euHEjLCyMQ4ir1XFBWVeyZMkqVaogwKn4kN5OTk74LhytqRvWEhLfHYTD2rVrV65cSURUq1Zt8ODBffv2rVOnjjY8L4FMpmBFJFHOErlEH+rN0dExNDRUR0dH3rQXSCl29vHx2blz55IlS06ePIn1mzRpYmJiEh4ejo5GEVPU4CJMgwqOZg90rlChgpGRkepLw+wESc7+4dzAwEAHBwemGXKHo5nmPHnyKP3+FwwAz0B6lypVis7QOt788uVL2osUKSI5WiLtIiIi4urVq8uWLUPflChRArE8YsSIZs2aoUyVHtoBdBLlL/UxAosodnZ2vnDhAhU2jXC30ikdQ/PsTIUC/65evXrz5s3wY6NGjaZOnTpu3LiuXbuSKpkPd3d3Kyuru3fvkj/z58+fEHuK/4ECNTNz6jzoQ6VGT2o3uJUJFu82ZCfobgg3od8KUkzVqFEDmv7w4QPsLK5fBwcH018+GS2R5vD+/ft79+6dOnXq8OHDkZGR3bt3nzx5cseOHbXZmalx9fX1GzdujE6ilvX29n7+/DktxGY6v8qhYXaGFo8cOYJkdnNzQ8wOGzZs5MiRDRs2RD7Dkmjb+vXrY/ePHz/C0UhjX19fJiDeZ5bRzrCzoaHhN7VzTKAO6tWrx6HhaEgWjraxsUERswdaEtpP8eLFoXVdXV0o/tGjRwwMF8mVK5eKTSQktBBEDcJo6dKlfn5+gwcPHjBgAD6srNNuoMCI9BYtWhCtBw4cePPmTdGiRamJ0/OtQk2yM3nv3Llzf/zxx61bt3r16jVnzhyKqVgVCmRnYGBgampapkyZhw8folWtra0DAwNJm3B0zOsJ+BliFjlcsWLFRD0kD93jkTVr1oRwdXR0YFuO4urqyjSXLl2aPBFvQiY9oKCbNGlSrVo1llH30DoL5cqVS+hJagkJbQPejmpGPkdERAQEBHz+/BmOS6hw1DaEh4cTp3CIk5PTzZs3RTWcUG2dHqBJdg4JCTlz5szp06cpqbJlywYzFitWLK4ohoLF2zBq1KiB6e/cuYNWvXHjBptA2dFa9cGDB7B8o0aN0NpJKHCQ6iReY2PjKlWqfPjw4dq1a1euXCEtMx7a41XEDIwx6OnpIaJJDPT39/cnN5A50nmFJZFWgOKB2lAnZcuWFS+4ePLkCV9LlCih5T588eLFZcuWbdiwgQQDLYSFhVFqN2jQID1fgNYkO4eGhuIZsGrOnDl9fX0F58KD8T5FB3uS1aFO0uO7d++YGwgUEQ0zinsXz549Y/PGjRtD8WKTJADZyw7haPbp6ekpfgIeFBRUqFAhWuLe+iOvuLu779y5E7cODg4mezOA8uXLS3aWSBMg+ohBHH706NEmJiaQNVL09u3bCBTCkPJU6adN8PPz27t378KFCx0dHY2MjEaMGNGuXTu0P+xcq1YtbbuTmZrQsHZ2cXH5+PFjz549MauPj4+dnR0iFKZGk2LruGwIa8N9OBMZEjbEje7fvy9+4vnq1Su0c8OGDfEqpXdSkT9/fg6BCv769Sv7RxRTN71584ZRkSFEH2pAqqpdu3atWrXKwcGBzgyJHC7Ee9yRS0hoIXBvGxsbalBzc/Nq1arhuuL5DRpZRQe8mspVdP7ugCsuXLiwcuXKgwcPIuP69+8/atSoNm3alC5dmtFmypRJMIPSO/1Bk+z89u1b9PKnT5+GDx/eqVMnaBc/wMrnz58Xrx+CDaHduJf5mYC6deuio5G0T58+ZRPKMYRzQEAAWVQjDz9GP7tTrlw52J+cgY5GTeMBUDAHOnnyJLzMJ16CZ3MKVABkCOHi6fnWhEQaArLD2tq6RIkSBBThBs1Vr15dR0cHLUJsIk7RTEiNeO/DpzI8PDy2bdu2ZcsWb2/vOnXqTJw4EXYWhbK/v//Zs2dhDAafVu5qpgQ0yc6IXzzg5cuX9evXL1WqlPixtZ6eXmBgIE4DR1Nn4RlMQNwLHdAfMhb2ZNvXr1/v2bMHJ0PPigsdmrqtIX660qBBA0b1/v17xuPs7Pz8+XOOtW/fPnwCqT5r1qx+/frh32SIx48f0x9al+wskSZA/YfsQII0btxY/BoQcQP3EVkwMv5sa2tLgUtIEomIp9Tn6MjISCLOyspq+fLlp0+fJtBGjx6NZEacRVeoQUFBhCTszLCjq9t0CA1fdxZkhzeQtGkhe1esWJEEyAKimGxJkRUWFgbh5s+fP+4vAJk5pDc93d3d0a2C1n19fWFz9LWmnp1AFMO54sV1qGZchIExTvTyyJEjEcvCS3BivFlo52i/kZDQZri5uV2+fDkmOwugQOvVq2dkZEQjASWelUJO0U4wpo57U7MivBDFW7du3bVrFxTcs2fPKVOmEImEpNIpCpAAgR8eHl6jRg3oW2lNf9Cwdrazs3v06BH6t3z58qIxQ9TzbVgZFYwWRpA6ODjAhl+/foXBYW3RDbx48WL//v2rV6+2sbGBi6FF+qN2mSecCWGbJ0+e5NwhjAlGhWpAFEPTt27dMjQ0nDt3bqzn/8RdTVI6JC61s0SaAJFFfMVlZ4AYIgbhaMKTr4QVUunevXuEGJVuvE8xaRAQLgNbsmTJunXrkF9mZmYzZszo1q0bQ4p7y138P/53796ZmJgUV/kPZ39saPiu4MWLF9GbDRs2hO+U1ijAwvA1dQpM9+bNG/HODdRxoUKFsH5ERASVzuLFi7dt28bmzBwZtWbNmu/fvx8wYICxsTFS2tLS8s6dOyR5Kh1NlWPsjV1RDMLRXbp0iflUNYnBwsLi+vXruDKyWrKzRJoAbEuwICnq1q0bt9aEB4lE1KjQHB8+fED3QJo+Pj5QOdInbjmrEaDYNmzYsGrVKk9PTwY2ePBgcdMyVv6IBqr55MmTlM5U4SVLllRa0x80yc5Yk8mGo1u0aIEsVVr/AxOfP+q/jUGFFFNQMwRNIUadxQLFDjNHwh82bFifPn3oA3V6e3u3b9+ebC+4nm5o8/v374un8TRyoSMsLEz86gR1H5Od8eMLFy5A3OJ2pWRniTSBZ8+eIYrhX3gtIe4D6GUjIyOCkRIWNiesKBORTeJCR1wxm2QEBQUhvJDMR48eZeejR4+Gmps0aaL62T4k2o4dOzgXYr9ChQpKa/qDJtn5wYMHR44cwe4dOnTQSeD/70JziGUoD89AON++ffv06dNsqK+vP2jQoBEjRkDQkDhOc+vWrWvXrlWtWpVupaP+2TazC5XjSU5OTn5+ftRiHEuFC6oDaqizZ89GRkYi1WNe/ELOW1tbo0QQ8pKdJdIKCBBnZ2fiokGDBjEvG8YFFExA4dvlypVD7uDq9vb2Xl5e4oYhe0jUD3TjAoYlgjZu3Hjw4EGkWLNmzSZOnEiFSnSrYH9/f38kEVtRK0MUMIm4g5U+oUl2hk8PHToEz7Zu3Vp1boRYMXqjRo0KFy6MZIZ///nnn1atWkU/mwFpQsGwM6QsiF7IWzR1njx5KJTEO2EDAgLgTVbFfQhETaD0z507By+Ll4EorVFecuLECdQE/iR/jSKRJoCmgdocHR3xWFSnOsUlEScug4i36V6+fPn8+fOUp+/evStYsCBMqvRTG4zh6dOnKJ5Nmzbt2bPnzp077H94FFSrYCKOoN69e/fmzZsZBjQyZMgQVLamLmOmRWiSnYWwhXDRv6rZWQDKo1tYWFjRokW7du0aU5/iHFevXiWTQ5ox7wSyDF8jqFl2cXGhaMIXqZ5Is3nz5k3CrecXL16Q4XFEDhRThqMgYO3g4GCyd7w3LiQktA1fvnzBmSFoqDnWlTrVgKOJKcpH6BhuhVIvXbpECBBuiRLRRKKNjc3q1asRv+wEOh4/fvzYsWNhfxVCXrxXb+vWrWvXroWgibW2bdtOnjyZ0FOHRn5gaJKdmRvULgumpqbIYdGoGqGhodevX2d6Yl0mI42jqX18fCiIYv1WEF8pVapUrVq10NQ40IMHDyjlHj58CDuXKFEiseUY7Eye59A4dMwrG58/fyaBs7Z58+bq/K8ACYnvDrwUyUIJC8/CtomNBagQTmdbwuHJkyfEMruKiIggAAkN1dInMjLy7t27W7ZsWbx4MRFNZTxw4MBJkyYh1FT/muz169dHjx5duHDhqVOnKIt79+49YcKEX3/9lSpZU0/Qpl1okp0DAgKuXLmSMWNGpkRNdvbz8ztz5szbt29btWoVM7viCqzCRSD6mE+5CeCF1DuGhoYI3kqVKn38+BGhLW49M8GJekCSMdvb2yO9zczMYnoD4h3tzA5btmyJq0l2ltB+4KVoGnd3dyMjoySwM2CTkiVLVq9eHXKEcNE9aBSELRFKjCT0E3BE0r59+/7999/jx48jawYNGjRr1iwiml2pvmFD2LLVpk2b4Gj08tSpU7t160ZEkwxkxAFNsrN4VI5JhVITuisYC/7+/pRCaOeOHTvGZGd2QmXk5uaGoyTEtngSOQA3IuFTgiGfUcHkbTwJno15PUQFxDPaJADGHOuRTwbGPmFn/SS9JC/VgGc/f/6cs6YQCQ8PZ6hYJtaAiRlaYjWqADNChQvEb4IQU7GEDNkL45A+SY3R5SezSSTfv3+fgoYh0YEZZHgEW6wbA8xvtBZjbL6+vmz47NkzihXAtl5eXkwNOZjj0pmze/nyJfsnXzLFt2/f5riIMqQA4o5NHj165O3tzR7oDIl88xoXY6OIZj8cBbtxOKQim+OE0Tc/OAsa4TtSOCaNWVppLTC+eEI0aewsgNkrVKggXjXD9Dk6OqK6mGtxSz+mJ2BtwmfFihUbN26kAxUtyhfVXK5cuZilcFwwlRD633//bWVlVbZs2fHjxw8bNszExCTJN5B+SGT4+vWrsphsEDbTp0/HvvPnzzc2NlZaVYJ4WLBgQVBQ0Lp162LegiBg9u/fT7FDEq5Xr57SmjAIUbTzsWPHELzEarVq1SiRYPxv/gyUaJ88eTJe+Pvvv8ckdCiDugxdj+ehArT2mQ3CY/v27YwTniK7gCZNmrRv3z66nIQfra2toTYIi2qDtWXKlBGrEgLkiCUvXLgABRPhnDupq1evXrq6uqKDk5MTHTw8PEgG6KOePXu2adOGnswXUcqxcCookkkhYXO4MWPGMCSxLfRBNyIZ+mArUm9YWNiGDRuQXWzF+IlqjA9pkhRHjx5dpUoV2yiIU6D98ePHX758YYdTpkzhoEeOHCGPciAGwx7gFLQbRZU4XLzAaGvXrsXloHgGUKRIEciCDMHC2LFjKavpc/PmTaYe69EZz2zatOmoUaOS/0KulMb58+dPnDjRpUuXRo0aJZmdo0EYMst4AqqLBeyAwmW669aty1pS2tGjRw8fPsycEnEdOnTASiyoDhaC3cXF5eTJk/Ay89W6deuuXbvWr1+fqVd6SPwHTWpnQs7CwgJ2btasGY6utKqEuPuHUkOixrw5S7TgZ9BEu3bt1NkVDqGnp0dMRr/Ww97ens3J8zCvijROZ0tLSxbwj5jpQdxgQY41b94cIfBNLfa9AJHBTTCUuODI6VAYEiFoQKyK6oH4CFcEICGETTAsp8OZqtDRbAUxIRsFNaOeKJaxAHxKDmBXVKPsk9CFuSA17IxYY5o4hLhJS4JkmVXYnxlBE5UvXx4CJSChxb1796LFqI3oSY2VJ08e8agAB0KuAoQwjsEqEjNr9+zZs3PnTo5FyhFSl2HAwg0aNIAgGIy4fws7w7ZMGXEOp6uQukzujRs32Jb+cD3LnAKSmUxTs2ZNAwODu3fvLlq0iAzEMLAwffBt2kkYWpunBTAydQbGQWok32mZvlKlSpGbmXomAi3FxGFh8i55C1nAVMKw3bp1mzZtWvfu3Ul1Kg4aEhJCYLIJnM4s46jkwpEjR8rf4iYEDV/ZoMz58OED06nmL3xgE9Iy8UYKjRlORAvxT1lNu/qvQSEskYccnfqLbaFXxgNJFShQQFTBSr8Y8PPzO3v2LFxmZmYWk53xObgMmqAdZtFadsatGXa+fPkEFSI2USKiCIB0qEuIB8oI9CAngp2JCoxjZGSkgp0h+nv37pEXJ06c2Llz59KlSzNHGKpFixYc4uDBg0Qmexs6dChyCcKCrxkGtTDiunr16uKN6ZAvB0I1U7HSCLeijletWsW8UItQ1sCGJGYSZ40aNfAWcgZczExhc4Ic/UuBDK3jTkwijMOpEcl16tRBFTISZBrdqOLRdOy/f//+KHGUHSNEZRcqVIhZU84nDphNtmVXHJGeoiQfN24cOxFHJBlQunEgc3Nz9okFOH1OgbUJXXvVEpBySHX4Q9myZZOvnQUwFzGINbAzQcp0Q6/idhGl2Pjx44cMGcLhVMcIWx06dOj06dMPHz6kMw7JbGJ2KZlVQJPsDNUSSAgiNOw3y2cBJhhngkAJrZh+T3LGz3x8fIgfYkNpVQ8keVI9gJFhGaQlu4I+IAtYOBYrBQQEoLzgiFjsDKjfiVu4Xpu1M4AKsTa2IhpnzJgRbXnmAuGMVQcPHkwYwFZIKs6FDqqFFbIX8Qt5QUaYSyhiNqFeRkhSk5ICR4wYQXlLmGFVGB9CpBGdxVf2L2Q7UwA1kwkYGHbevXs36aFXr159+/atXbs220J5FExoKJbpzCApvNDsbAKtc3Q2RK+hYZFdyHPWMoPIW47FWTM2BwcH6L5Hjx7QKHqZE+S8SAxMKONXzic+YBZSAqoNdqAyoHKCLxg5XzkX2Acunjt3rvhXxfSEUzgQ3dS83f29gMOTSpksrKFZ4sPaTC6pFwswRwTUpEmTpkyZgn1U1KbRQDJDNcTmrFmzcEhmM2atLBEvNEk61ImfPn1i8mLRnAow5YAFik3RIgCxEjlJftqRqEaR4TorV66EU8jbRBrOAWXA+0qnKHBcBkD/uGwl2oEYodaC4eHoVAaIPuyvtP70E3qHyKHk58RhydmzZ4unU2BD1clGENw///wD5RFIq1evhtPZQ+HChan0YV4dHZ0iRYrQTRwapoO1ow1LO1ZFZMGh0XUPvhEeHg7xoZ6mT5+Obvr777+vX79OvSU2JNo5BWZcJBu8SJid8bMV+RXdjUxD0iIComfk9evXFA0cnW3ZA4cGHAuIDqrBfrAYGyLk4X3RSCbgoJwgYxC7ZRVkzVDJMaKP1gJGpnpgjrCJ0qRRsH9yp3HUP4RDuKi+RBYTGBCrkuEwb7xVrERcaJKdEcJEC3mb+lRp+haIdrQ28UkMKE1RQGQRk2glYlVpSjxI1BTRf/zxx8KFC8nVaGSq17/++guyVnpEkQJHgXeib6MJwHRQDPEJExHwSqsWgwFjND7FVwYPx0FnAG4lMFxcXNasWbNp0ybUqOqICgsLw/hY6eLFixA6++zXr1+7du0IKooJpDQt0fNFsKGd4TjSmGiBGiBQOujq6kY//4BMfvr0KZ+Iu6tXr4oLzRyCXUUPBjcger9GvbwwupCCZ2lnFsg0LVu2pL6O6RIwPmQUfRTA8HBCNfM6e/b392fA7CR6GNiK0gErcRaiha+3b9/mHDWrRlMCmItxkk5SzmkxGjsnXtQXv4wKf2BaMfWcOXPmzZt39+5dZZ1EwtDkFDIHsC0zF4tqVUBoLjaJjm0BYubmzZvQvTpFk2pQblOfop2HDx/OUVCCkydPRoIRfqwV/EsfqFz0F8DFyfb4H3Gupjr4XoCU7ezsKM8xl7hjQyNC79SpUwhVTrl79+4TJ05s27YtvAPb+vj4iA3jBX0gUGKvf//+HTp0gAohO7aC9VjLsR4/fnzlyhVXV1eoFomNJalIMGN0SmYA8Bo94dlojoDuYfZq1aohnJcvX75s2TL2j59A7tFlE1mBQ7Nb2qN5kJ0A5gil1rp1ayIcsUw+gJfpzylzLKaSndN44sSJPXv2MHGqfzQcDY7+8OFDxoa/MeOikYSBYiBzHD582MHBAdvu3r2br0JNiz5aCyaL8TNrsQJKg2BmcRIOoX6uev78Oabu2LEj1Ixo2Lp1Kw65fv16fEnpIREfNMnOZGwkDwStZl0J0K3QItMciwEJSKKFOGdBaUoexKVMRHSXLl3I27///juVO4yGLCKYkU6xMgpfOQs4DkdUmrQSOP2BAwfEVQIYimXkJ+3Yk6/QytKlSw8ePCh+TgkPFi9eXPV1Jwzi5uYG9zVr1oyUNmPGDCh1x44d6B32oKenZ2BgYGNjgwEpSqBa9DiB2rx582hJy1HYXFwDEfU1n3BoQEAAKt7c3PzXX38dOHDggAEDmH24mM5iQwzO0Rk/8R9N2Qh2lskNR48eXbVq1Z9//klypQC6dOkSYlyMdsOGDYT9b7/9Rsxjh5o1azLdYnPVgMjYA+zMMFgWjRR/6HS+bt68edq0aVOnTmWBoaLctfyJOgyI9UhazH6sgNIgCA3ihbBVPwGQM8ijhoaGffv2nT9/PlmfGMR/8K5Dhw4JnSQRF5q8K4iosbW1RWyK98wprSoBuSBPIGKUHQGgtEaFDWoFP4sZ9skEcS6euitatCjugtQi5oltmIv2evXqxSwGcW7OhTEg2bT5PRuIPvwbbUvAoF7Rd7AqU4DqZwoIJCYFhXvr1i0IqGzZsr169cICMU0dC8yIi4sLOYlJZFe1atWqVKkSPAuHEl3Gxsbs2cvLS9wJpBtSaMSIEa1atWIAYg9kO0YFI3Og8lEvkIJeGcajR4/YVY0aNcTDOXRjSGjh6GcZScZ041iNGjWCXsV04AmwMPMF74gn2+BTHIYkAY0yEjaBlVC77I1N4NBBgwapeGAjJhgYe+aIDRo0MPnvpxC5c+eGetibuMJDqihZsiTlF2Jfy9kZs1DHYJM6deowWbEEh6bApN+4cYNJJG1HX4BSDWaNYgsPIZoI59q1azN3WJ4Qs7a2ZgGPxebJL5R/MGjy1yhIKnRN9erVZ8+ereaDFgQ5Oojw2LhxY0xCJwKpf9G2K1asUFMHJQrQB4IIXYmgg7VRXkikmM6Bo5O3KOFJ9biU1rIzpiMgAQslot6qDv1FnwhnJ1QzpwPpIAmhV9UxAGFdvnyZCIeX6S8aUb6UEeyBxAZnUexDlMQnX0lskH5MIoCXMS9Ap0dfzYdbSYRMMQQt2JkhEZYYlnAVzA47I6OogvX19dk2arv/04P37t0TqZpN+EqJRmxXrFiRo5NIcBICm/DGkyELeFn1U7exwBg4FzZhb9FbkRKwG8mbg0LZSH7spv0/RQHr168/c+bMhAkTyHApdPMNs1DEYC6yYPQ0qQb+uWnTplKlShFT0UYm9sUT03gXuaRjx47t27evUKGC9l/cTz3g05oCaZB4Hj58OGJHafoW6InyQtDBI0rT16+oqpMnT6JlAKJPadUoYIEpU6YgA2GHNm3aWFlZiaso0SAsx48fz+ng64xHadVKwFmMFokHQcOMSut/YPC0v3v3DsZRmr4FTMEmsQwCIG6xIDqww7iHUwG2YjDRO4kXrGWfsfrwlXPkcAAJzye7En1YiG4BiRpPNOIdEruKPlzSdvtdgOaA5tCkKee0d+/eJWbnzZtHHlWavgUPD4/Ro0f//vvvsSxJyj99+jSrKE9J5GSU/fv348zK6nQPdSWGOhBEgDfj7krTt0AiRXaB6ITp4+NDmmXuSa3IcPUf/1ATsNiePXsGDx585MgRKqy5c+cuWLCAwjaW0MCNYDTAuWitcBbIlCkTaQZBiiiOqxmxLe0IwOgrD98EpmCTuMor2g6iAztUX6ICtmIwqo3JWvYZqw9fOUcOBxDOfLIr0YeF6BaQqPFEI94hsavowyVtt98FGIEYRI3iwEqTpsFcUEVhlnjtFi+Ibhwmbn/KJrTRb7/9tnDhwg4dOlAhUUmTYPz8/JQe6RuadDs8gzlg8tSfNjwpOAoUmE+ePFmyZMmAAQNWrFjB9JNpx40bp8G75I8ePdq5c+fIkSPxBor9Ll26zJ8/f8yYMVWqVIHdlE7/QZwFkk0IK6VVQkK7gSfjukJ5KU2aBmHOUfhUvqsBdBuhJISz0vQfyHxFixbt0aMHOmn16tUNGza0sLCYPn36li1b0OZKp/QKTbIzhsb6gtGUpm9B9CRnLl26dNq0aaRQiiAzMzOmavz48ZUqVUqUEyQE5Pz58+ehew5x9OjRChUqkKJnzJhRt27dfAk8GIs0INOwkHIaREJC40DsE4ZhYWHqx2BiIZ4MgToJK6XpW6BgDQoKgqMT0m2MWU9Pr1u3bgRpr169oJFTp06tXbv2zJkzL1++VDqlP2iSnZkttDCGBkrTt0DJA/8+ePBg69atzs7OzZo1g6ahTlNTUySA0ikZYDzQ/Zo1a8jGhw8fzp8//4QJEzhEnz59VKtycgwuIi4IqF8KSEh8d7x79w5GgwqV75rGmzdv7t27R8xGPwr5TRBNjIpgjPjfX+rGRfHixYcMGULRTPRt3rwZlebk5KSsS3/QJDszW/hE4cKFSeBK07cA/aFeIWgScvXq1UeOHNmvXz+NXM3AIR4/frxz587JkycvXrz47du35ubmy5YtmzNnjjoPgQRHvfMsdxQkO0ukFeC0eP43r+8nB/7+/hA0CixRdS2dgWp2hpEDAgLu37/v7u7+6NEjDkSagdOV1ekPGtbOISEhKuqXuEDMopfbtGlToEABFxeX/fv329nZUQcpq5MEajo/P7/jx4+jl+fPn3/37t3GjRvDywsXLmz1v/+BRQVEqsef4v5SRkJCa0EA4rElS5bUSOkZLwT7lyhRIu7dmoRAKDEqHR0dKlGlKQ6CgoIuXbok3u5C2L5+/ZpTaNSoUa1atZQe6Q+aZGfm7PPnz2FhYd+sX6LBBJiZmS1ZsmTWrFmI7n379o0YMQIavXHjRtJKM7SDtbX177//PmXKFCsrq2rVqsHLoH379uxffZ7lRFKuNpSQSCEgPkTBp/7VxcQCyUKkEx3qX9qG0MWjXGyrNP0vEMuLFi0aN27cxo0bKXmbN2/+xx9/NGnShDSj5g9efkhocgqxIxIYBkzUHQn8qVy5coMGDSJhwqHMzYoVK8aMGcNnYn/i+eLFi9WrV0+cOHHHjh34wciRI//66y/xUvDESgnYGX9CxQcHB1NwKa0SEtqN7Nmz465o1ZS7K5gvCvE+IZcQiHEIHY5WvsdAYGDg5s2bx44dS7wj7Dp16kTMzpkzp1+/fpUrV2bD9HxbXpPsTKWTN29enCMJBmXDNm3a/PnnnwhnahkHB4d58+ZNnz799OnTzJ/SKWEwr2fPnkWAL1iw4N69e7A8enzq1KlVq1ZNmogQ9wM/RkGys0RaAbUjeoKQSTl2LlSoEHJHFMpK07cgbv7TP2YoEVnnzp0jSOFiDw8Pwv/ff/+dO3fu4MGDdXV1kXocIiQk5N27d8oG6Q+aZGcyNtZMDp0hosePH0+N89tvv+np6R09ehSCZvKsra3hX6XT/wIvvHnz5j///DNp0qSdO3cWL16cbfnatWvX5LygI0+ePNQBcDQpR153lkgrIACp+fDYlHNaylColmBX/9IfhAAI1WipRJm7cePGyZMnb9u2LX/+/LNnz4aau3XrJv4BAh0Q2pwCUZ9Q4KcHaJKdg4KCXr16xbQl55oXU4J2ZrYWL148ZMgQJmnt2rXM4vr16+/evRuL95njAwcOwOCrVq1CNfz6668wOwra0NBQ6ZFUiMtkOaOQco4uIaFBIE6JAugMjk65686EJEcRV5+VJjXAeMQNeaT9lStX/o4CGn/AgAHE7MSJE+Fl0VNA3D+EUjgX0ZIOockphM4Qzi9fvkx+umNuWrVqNX/+fDi6V69eb968QQ5T9Vy4cIHZpQM54PLly3SYOXOmm5tbp06dlixZIu7+IXjFTpIDf3//169fx0oGEhLaDKIPLvP29iZMrl+/TowoKzQKwhxezpUrl/r3cuiPxHn79u2NGzeQWYit/fv3GxgYQNBQs/jHDkrXKHAid+7c8fDw4JNIVFrTHzTJzlAqxY6XlxdzEO8dgMSCkqdDhw4LolC/fn1HR8dp06ZBwdDxwYMHp0yZsnv37iJFisybN485hqB1dHSULZONiKjX6wBEtORoibSCrFmz4rrW1tYzZszYuXNnSvzQjnAguhN1bwl2RgXv2bMHpbx69WrU29ixYzds2NC7d+9Yb/6D+n19fQ8dOjR16tSLFy/C6eInu+kTmny/84sXL2xsbPz8/F69ekX2y5cvH/SazMsCFETsx9DQsE6dOgULFnR3d+cQJFXxWDSympoIlc2BElVnfRO2trYHDhzAVxo2bFj2W/9vWEJCG0AIIEKJvgcPHjx58gQRwzJRg2rRoAMjgSlbYVtCUs0fjjEYS0vLu3fvQrXE7Pjx4zt27FiqVKlYkhnqQHWtWLEC1YXIq1ix4uDBg5s3b67+g9U/GDTJzhAxYpN0DXsC7EuCLVmyZPKzH7NYoECBypUrly9fnv3b29sXK1aM+qh///4Qd2KfllON58+fHzt2bPPmzbdu3SKxI9719fXlpWcJ7QdeCl0SIzAyy/fu3bt+/TpMjVTS09PTFMcRIOfPn/f392/atClhqLSqBFobNi9duvSYMWPQy0ZGRuIadDRYi+pCVm/dutXV1ZWzGDp06KhRo5o1a6bxt1SmIWiSnXPmzAmRlShR4sOHD7dv3xb/kuP169eRkZF58uRJvnNkzpy5XLly0D27rVu3LpOHZFbWaQIIjUuXLlFwbdq0ifFzrH79+rVo0SJ3jH8qKiGhzUDHEIDGUWABDnVxcYGjCUP4Gk8mSJWuScX9+/etrKxIANSsaj4WJZihUaNGDRo0iMUDX79+hY6JuHXr1llbWzNC9NDYsWPNzc1JM+n5sgbQJDtTWJHoqlSpglnz5ctHxiZvo3NxjoCAgFy5cpESY9UySUCWLFko2eBoCivx8E3y4evrS7G2Z88esveFCxc4hJmZ2ciRI8nzRYoUUTpJSKQRwIC6uromJibI1S9fvnh7e9vZ2V27dg398XPUv9NOzp1zHx8fZ2fnqlWrmpqaqsn1RD1CKq6WevLkydGjR1euXLl3716+ooQIumHDhhHa6ZyXBTTJzgJMP9RZr1496hecIDDqXybDfbgIiZF8nky7owJgfEgT5xOP3SQH4vme7du3L1u27Ny5c8j82rVrDxkyZNKkSY0bN9bI4x8SEt8FREeFChUIE+g4NDQUVqU0hKPDw8NhVYIxaeKGkPHw8ID9IegkF8QhISFQPEG3YsWK58+f16xZc/To0RMnTmzYsKEsVaOheXYWYOKZv1q1ahkaGmbLlo0k6enpyaQiqAsXLix+8K10TSSge7iePeB2ySF6SircYuvWrfPnzz9//nxQUBCZg9Q9depU9Us2CQktB1VstWrV0BxoprCwMMJQlLNoaj09vSRc6Hj58qWDg0OePHlg5yS8BAMG8PLyok5dunQpI9HR0enfv/+0adNat27NUJVOElFIKXYG8C/aU19fH44uVqwYVRXs7ObmRg5nGmhJ2lWOgICA06dPs2fKnySnblyEWm/16tU7d+709fWFqc3MzKZMmdKvXz+SSvIvv0hIaA+QSoRb5cqVoWl8+/79+48ePbp9+/anT5/Kly+fWK3q5+dHuYk8qlGjRqLYmXzAQcX1w6NHjyKfu3TpMmPGjO7du5cpU0azz1z9GEhBdhbA6EwhCrpSpUpFihRBrpIwXV1d79279/nzZzJnYvWvv7//qVOn4HdTU9OksTNCfseOHaRuKyurd+/e4bVk7xEjRjRv3jwJWkBCIk0gS5YsyGe8Hc1LJCKSiETUUmhoaKFChfL+99/TvwlCmOJVXFpUX3qjuE+ePLl+/fp9+/bdvXsX0TZ58uThw4dD8fL6YUJIcXYWIHuXLl2a1G1gYAApU1g5OjoipdGtsDOJXf3MGRwczDSzFexMeaW0qgf0O4y8cuVK2Bl3qV+//oABA6Dmzp07a+q/ZElIaDMIGVy9SpUqFSpUoAw9f/48Qhi9Eh4eDkuq8/iaeLSJAKxZs6aaAQibL1++fPPmzc7Ozhyla9eukyZNSuabcNIDUomdBZgYfALP0NPT+/DhAxUW0/bgwQMqLKZZzamCndHOP//8M+ys/uyS8O3s7LZt27ZmzRp3d3eG0bdv31GjRlFVoeulZJZIV8idO7coZ1mgGIWgiQ44+uPHj0Siah1NKMHpaKwGDRqoZnPi2svL6+zZs4sXL7a0tMyfP3/t2rUpUgHMrtmfKfyQSFV2FmBGa9WqZWxsTHH07t07dLStrS1TTjam5ZsXOpDbZ86cgZebNGkS9xmduPDz80On79y5c9WqVXgVm6CXx4wZ0759e4S81MsS6RaEG5FIRZsjR45nz545ODjY29u/fv0adiZM4n0g6uvXr25ubufOndPX1zczM0tIO8Pynp6eJ06c2LRp09GjR8PCwtq2bYsYGjhwYKtWrdS/ipLegbm/F96/f0/S7tOnD86ROXPm8uXLL1y48NGjR0yt0iMOyNhQORkYeqXCUloTQERExLVr10aPHl0i6u37HKV58+Z4DMdVekhISHz9GhoaamVlRSSinIjEGjVqLFu27PHjx1++fFF6/Adiav369UZGRlu3bg0PD1daYyAyMhKlhRgi1nLmzImK6tKlCwQtXjmtdJJQD99BO0cD3VqyZElIuWjRoiyTkyFT4RP58uWL91Yyqx48eEAVJlK3CqFNVYXEhu6h4+Dg4MqVK/fr12/8+PGUY/if0klCQuK/20J169YtV65cSEgI5SyyCfUDWRcqVCjmJQgow93d3dXVlc5wdKyrE5TCxOaiRYvWrVuHzCLoxo0bN3bsWBMTE7RRkh+iTbf4nuwMmDDKK6aZdE2V5Ovre/XqVScnJziaiSfxxvo9Pv0DAgIuXbpUvHhxU1PThNjZw8Njx44dK1euZG/FihX79ddfhw4dSg6H0+X7jCQk4oK4EBejiUQWPD09IWgEE2Stp6cX8woGweXs7AzzGhsbx7z68fDhw82bN69YsYLqFtVsbm4ufjpQuHBh+bRc0vCd2VkAktXR0WG+K1asyDKe4eDgcPPmzadPn0LHrIpWu3xFCJOfS5Uq1ahRo7g3Fkjs+/btW7t27f79+6nCunXrhl7mk+wtb/1JSKgGJSxqCdqtUKHC58+fqWXhaC8vr8DAQHSS+L/JL168oL1KlSpVq1YVgfn8+fNDhw7By4ReZGRk586d0cu9e/euVKmSrFOTA61gZwFqn/Lly1erVo1PvAR2hoVv374dFBSEiI5+D6y/vz/cjQquX79+TCH85MmTkydPrlq1avv27Q8ePGA/EyZMGD58eJ06dfLmzSsls4SEmsiePTs6iQgiymBblPLFixdv3br1Meq1wD4+Po6OjtS7EHRoaOjZs2cpUnft2oWWatiwIbw8ePDgBg0axHtlUiJRyPBVK18tz0wfO3aMKRc3Cdu3bz9o0KC6devCs76+vjNnzkQL4weCc+FrJyen06dPnzt3zs/Pr3Tp0q1bt+7evXu9evVI9WKHEhISSQCih8iysLBwc3Ojrm3SpEl4eDjh1qpVK1NTU8pc9DIBSKy1a9euY8eOurq6ypYSyYaWsjP49OnT1atXkc8UTXfu3ClTpgw5uVevXu/fv4edSd2zZ8+mbkJcHz58eP/+/d7e3vBys2bN8JvGjRur87CdhISEOrh//76tre2RI0dcXV3Ry7QULVqUz8DAQD09vd69e/fo0aNChQpRfSU0Bu1lZ8DYPnz4cP78+XXr1l2+fDlHjhxIZqotMjmfc+bM+fz58+LFi+3t7VmoWrXqwIEDSeA6OjryKWYJCc1C/LRkx44dBw4cePnyJbFJ5YpkpoSlVCU2lX4SmoNWs7NAREQE5dWFCxcQ0Tdv3vz48SO1Ve7cucuWLcvCo0ePypcvT0kFDA0Nk/DOLQkJCTXx4sULItHa2vr169eVK1fu1q1b9erV5a2/FEIaYGcBSPn27dt2dnYnTpxALIvG4sWL9+rVq1OnTgYGBoXU+xdnEhISyQHlrI+PD8KocOHC4vqGRAohzbCzABx9/fr13bt33717F+doGwXJyxISEj8e0hg7C/j6+np7e8POFSpUkE9lSEhI/JBIk+wsISEh8cND/kZDQkJCQhsh2VlCQkJCGyHZWUJCQkIbIdlZQkJCQhsh2VlCQkJCGyHZWUJCQkIbIdlZQkJCQhsh2VlCQkJCGyHZWUJCQkIbIdlZQkJCQhsh2VlCQkJCGyHZWUJCQkIbIdlZQkJCQhsh2VlCQkJCGyHZWUJCQkIbIdlZQkJCQhsh2VlCQkJCGyHZWUJCQkIbIdlZQkJCQhsh2VlCQkJCGyHZWUJCQkIbIdlZQkJCQhsh2VlCQkJCGyHZWUJCQkIbIdlZQkJCQhsh2VlCQkJCGyHZWUJCQkIbIdlZQkJCQhsh2VlCQkJCGyHZWUJCQkIbIdlZQkJCQhsh2VlCQkJCGyHZWUJCQkIbIdlZQkJCQhsh2VlCQkJCGyHZWUJCQkIbIdn5h8XXr1+VJQkJiTSIDDKGf0h4enq6uLjkypWrTp06RYoUUVolJCTSDn75888/lUWJHwVk3P379//2229WVlYhISE5c+bMkydPlixZlNUSEhJpAZKdf0C8fv16z549Dg4OkZGRd6NAS/78+QsVKpQhQwalk4SEhHZDsvMPCBsbmy1btlSuXHn+/PnFihW7cuUKLT4+PgUKFChVqtTPP8ubDRISaQCSnX80BAcHr1u37s6dO0OGDBk8eHCVKlVg5LCwMDs7O2gaEZ07d25E9C+//KJsICEhoZWQ7PxD4cuXLydPnty8ebOJicno0aPz58+fI0cO4yhkyJDh/v37EPS1a9f8/f1ZVbhwYWUzCQkJ7YNk5x8K9+7dW7BgQUhIyNixYxs2bKi0/vQTRFyjRg0jI6Ns2bJ5eXk5OTnB1O/evUNBQ9NSR0tIaCEkO/84gJRRzadOnerdu3ffvn1RzcqKKGTPnr1cuXJmZmbVqlVDYjs6OlpYWNy8efPnn38uXrw4a5V+EhIS2gHJzj8O3Nzc/v33X7TwuHHjKlasqLT+LzJmzFiqVKn69evDyAEBAc7OzlevXoXWdXR02FDeMJSQ0B5Idv5BIJ6ic3d3Hzp0aJs2bVQ/3cza8uXL165dW09Pz9vb+9y5cw8ePICdIW7oW+kkISHxXSHZ+QfBkSNHdu/ebWZmNnz48EKFCimtCeOXX34pUKCAkZFRtWrVcuXKdevWLUdHx8yZM8PXWbNmVTpJSEh8P8hfcv8IuHfv3tSpU58/f75hwwYUsdKqNt6+fWtnZ7dv377w8PAxY8a0atVKWSEhIfH9IK8zpnlEREScPHkSgoZVq1evrrQmBvny5evUqVPNmjX9/PygeKVVQkLiu0Kyc5rH7du3bW1ty5Qp071790yZMimticSdO3cuXrwYGRlZsGBBpUlCQuK7QrJz2gZ8evz48cDAwK5duyZNOIOAgIADBw5A8e/fv5cXnSUktASSndM2rl27dv78eQMDgzZt2ihNiYerq6ulpWWhQoV0dHQiIiKUVgkJie8Kyc5pGG/evBG38lq2bFmyZEmlNZHw9PRkJ58+fZo8eXLHjh2zZcvGsrJOQkLi+0Gyc1rFx48fz5w5Y2FhYWpq2qpVq6S9GjQyMvLUqVO2trZNmzZt3rw52pn9JG1XEhISmoVk57SKW7dubd26NV++fF27dk3y+4zu3Lnj4OBgZGQ0YMCAn3/++dWrV5kyZZI/SJGQ0AZIdk6TePv27cGDB93d3bt161azZk2lNZH4/PnzhQsXvn79OmbMmGrVqoWFhbFbOFpqZwkJbYBk5zQJV1fXM2fOGBoatmzZMleuXEprInH79m03NzcDA4NGjRrB0V++fPnw4UNoaKiyWkJC4rtCsnPaw5s3b86fPw+ZDh48GIJWWhOJwMDAffv2BQcHm5qa5syZE738yy+/wM4hISHsWekkISHx/SDZOe3B0tLy4sWLZmZm3bp1i/WaUDUREREBv586dUpfX1+8BhrtDN69excWFvb582fRTUJC4jtCsnMaw61bt9C8Hz9+7Nq1a4ECBZTWRMLPz+/48eOFCxdu27Ztnjx5lNaffvoUBcnOEhLaAMnOaQzHjh27ceMGwrlOnTpKUyIB/zo7O3t5eXXo0KF+/fpK608/ZciQ4ecoKN8lJCS+K2QopiXcvXvXyspKT0+vT58+SbumAZ48eXLo0KEiRYo0btw41k4iIyMjIiLkdWcJCW2AZOc0g/fv3+/atSsgICA5r9SAf52cnFDfzZs319fXV1qj8PXr1w8fPnAUeWVDQkIbINk5bQA9e+XKFWtraxMTkw4dOiT5XXReXl6Ojo7VqlVr165d3rx5ldaoyxqAhV+iIBolJCS+IyQ7pwGgaqHm1atXFypUaPjw4Ul+ii4kJMTKysrPz8/c3LxMmTJK639ANUdEROTIkSNbtmxKk4SExPeDZGdtR2RkpKWl5cyZM21sbBo0aJCEf30SjbNnz1pYWBgYGDRu3DiW+n737h2a+tWrV1myZBEiWkJC4vtCsrNW4+XLl5s3b/7999+hzvDwcFdX15MnT7548UJZnRg8f/789OnTX7586d69e8yfFyLM3d3d165du379+jt37gQGBpIPlHUSEhLfD/K/vmopPnz44ODgAGmuW7cuICCgUaNGZcuW9fDwQEF7e3tny5ZNV1c3UReIra2t2WHTpk179OgRrY6h7D179qxcufLYsWPiSefs2bMbGxur839jJSQkUhSSnbURXl5eBw8e/Pfffy0tLUuWLDly5MhRo0aJyxFPnjy5fPnyrVu3IiIifv75Z8hUncvEb9++3bp1a+bMmQcMGKCjo0MLjH/lyhX08qZNmxDjVatWHT58eNGiRZ2cnOBuExOTLFmyiG0lJCS+C+T/5NYiIF0hyqtXr6JkYUnEbJ06dQYOHIjghYXpEBQU5O7ufvToUTs7u3fv3hUpUqR169adOnUqX768iv84xX4QyHv37u3QocP48eM/fvzo6el5+PBh9vPs2bNq1ap17dqVQ1SuXPnu3bujR4/28/P766+/unXrljoXoMWFFI4FNPhbGPHsNjuMN82w9suXL6yNfl0qZqFeoZ0WsiCrQkNDacyVK1fu3LlVmIJNxA1VNqSaYbcsA2aEbcUZRT+nyKc4RI4cOcShmR2xlp40qvM0DjHLJuHh4ewBx2BDsZOYu5X4ASDZ+X+ANQjIwMBAvDzmT5wBAYACDQ4OJvwKFChQsGBBFRGbBEANcO7mzZv5JMAaNGgAaTZq1AgKFhEuwAjDwsJu3Lhx/Pjx06dP+/v7V6lSxdzcvFWrVsWKFYt3SPfu3Zs9eza6eNKkSXyePHlyw4YNN2/ehHQ6d+7cr1+/SpUqIatF5x07dkDNRkZGq1at0tXVFY0pByT89evXyTSwEnTGSGKeL0T2+vVrX19fyCtv3rycoGqiFHj58uXDhw/ZEONQWBgbG1eoUCGao5lfzv358+cclFnmiGXLluWIZCZra2va8+XLx/xiEBIhu2rTpk2PHj1EgcIwnj59Sh8GU65cOZERGR4bPnjwAIdheJAmxyWP1qtXr0uXLkwl+6HWgevhbg6Kd3GOJL/SpUuzfyqY+/fvw62MkMGYmpp+823dISEhTL2LiwtDJTFzFiR1TpkdtmvXTswaewacLA7DaMuUKRM9xRJpBkyehAD8aG9vP3/+/J49e8JQuLuy4utXImrr1q2QYLNmzeDNsWPHurm5EavK6uQBnXXt2jWOW7VqVVigVq1ay5Yt8/b2Jh8oPeLDmzdvrKys+vfvTzAXKlSoe/fuxLmyLgZevXq1cuXKiRMnOjs7o5Tnzp1bsWJFQnrYsGHnz5+HR5R+/wESGTFihL6+PucLOSqtKQP2zxgaNmxYvHjxEiVK1KxZE4HPLIi1cBCJpE+fPvCgnp5e/fr1ly9fDhWKtQkBSpo1axb9oXIso6OjQ96ytLQUk8U+Oa8aNWqwForkk+Tk5eXFqkuXLjVp0iRnzpxwGRuyFlmK+J08eTI2pAO2OnDgQPv27aE/5mj9+vVQMO0wb8eOHekJVzIR+fPnZ5mF6dOnk8vJBBRA7BCULFmS7MghmGgxWQzG0NBQJB4swJ7//vtv8gqrVIB0CwszPPIBO2RDtAIcTSHl6OhIB8h6ypQppCXmEVM0btyY4onEIDaXSCuQ150VENXIxn///RdNithB0BHJpUqVIkphyYMHD27atMnT0xP5Q/BApnA3fk8HZfukAsm2evXqFStWWFhYINmGDBkyatQowgxaUX3Tj+BE9FWrVo1hIJFcXV1v377NJgyYQBV9oKTLly9v374dCmB5yZIlEHrt2rVHjhwJ67GtuGASEygsSJOtoCR4M1YBoVmgguERJycnDI61OeW2bdvCxShZxnDs2DEGjCaFgOA7sgu6FXVpYGCgbB8fbGxs4E0/Pz8Gb2ZmhnEgLJIrJwsJXrhwAfojS8FclStXJsOxf3YIOASbI+HpLJR106ZNSX4tW7ZEkz5+/Hjp0qXMFLPPPhkt1kYpk+dgW0YrBvno0SNUMGeBeUnksC3dSDnsv1OnTgyJYQAyDcqaUoxJJxsx3SQGcgb7efLkCUzNbsXpJAR64nuQMv1xXaGaO3ToQIajtGLG9+3bhxuQBvhEm4vZJH8o20ukBUh2/j/AXOfOnUOxooYQRwQSkezh4UFZWrduXUJu3rx5OP2AAQOQWsQ8YYnHI0yMjIxiXnZIFCB9pDq8vH//fr5S6k6YMOHXX38l+NW/I8c4q1evjpRDfkIECEAfHx+ClghnLXIPqkKBBgQEsBYpx6kh/Bs1aqSCdkkSnJ2trS1ECRuqThLJAeyMJaEMuA9qY2AtWrQQqQV5SKYk5VCvIEK7dOmC8ESWYvC4v6OJBnLj8OHDJDxOk3IBSZs1a1YSEnMEY8K8p06dguKHDh1KfdCmTRvYEy7GFFWqVEHtksNMTEz4iq2Yhd9++43pgPi+fPly5syZNWvWoFLRpGPGjIFtUfEQK/2xNl/xE+hS3F+lDwMQ/4eXGotcDlP36NEDUqYbLAmHYmTOmgPRMnr0aFNTUyQ2pIzlSZAwtQqzk1MrVKjAhgyYbIFnTp06lZNiD1iPfe7evZvMjTv16tUL4czp4xUcXXiFRFqBZOf/A/6NUnNxcUF9DB48GP7FoZHPfMIXaJMTJ06gTxF38CbilGCuWLEiTEFIJ4G8wsPD2TllMhoHSUg8c9Dhw4ezQ4gA1gZEPmSKEBMtLDAAFBPLjJZlqI1lFgDUhhiEDhgqZ0FeYVW2bNk4CtRPjoG7CV2OAtmh8pRxJAAinBNHckIfCG3OUVmRAmCQIhHCvPAL4xTtN2/ePHv2LEkFQoHIAMwFqZEwxCXghIA9kcOQcmhoKDs5f/48ZoTc4UdSLy0YmSxLZhUXImA3bMuEkiegRaiWcycrMClQmxCbDANaR+AjchkDuZxd0Qjd8xU2Z0OMRjsWw874j8ivzJd4RJ00Ce16e3tzROhe3PpjhPTnBKF45ohG5pGjMAAyruoMLY6IKaBdTpaSi9wgrshjzFu3btGC6se2hQsXxkVpxG85a3FoiTQByc7/B2rMK1euENV4PJ/UvyhHIgcuoLyFOAg8ymEIi27EG4KLiCKECBJlF+oBprhx4wbhihDbunUrhyB+xONrd+7cYf/oLPYPxTg4ODCGq1evQigQLsdlGSHGqosXL9KCunRycmITvgIEowhvtCG8JkQ0+6SF8nzgwIHIQE5HzeAkpEkhCEaGB3Opr+WTAEjK2tqaKaDYjxZ3ZBc4hU9ohVPGJpwLNAS/xL0aEw3oifzE9NlEAWrGGn369Bk5ciQ8S3VPukL/ksnEGTEdmA5DoUPhZbETHADrIU7hWaxHC9zK3pgIpDHzcuTIESxDRUXOgIijqxD2w2ghXxKJ2D9ug5JlPGTQN2/ekGg5dLT258RZC8OSCUQLNkcH8ElSJFuIRhVg/IwWNmf8YhhUDzgYmYC6ITqt4rq4BL6Kx+LholFC+yHZ+f8g2JlAffjwoZeXF5/iyiMCuVGjRrg18gplSm1I0Pr5+RGc6KDKlStHaz11QHASOUuWLIGXYQ3kEgREOLErSPby5cuC/aEGOzs7e3t7KBhiooVlSAF25pNutKOwxCo+YRyIgxaogV0hugl4VBsCCr6gxIabEFbEsDIONcAeiG32Bi1CZ+JasLJO04A74DtPT0+Yi0wgGkNCQjA7X6tVq8YCqQgG53QMDAyo2UWfuMCYImmxOfwIuTP47t27o5fZCRNnaWkJ9zGtcBkmwmK7du1i9tu0aYO0FDvBklAkHcgWJGZaYHy0MyNkmf3AudAibMvh2JBMFrXdT7gNRExpUqlSJfE4B6TM3uBKxjBo0CDELJZkD2QR7En/c+fO4QOQpqjASAPi9h2kD/VH7VUVkPA4LRRPgheuGBERgZPgQhiKTIaPcZo4DJmer5C4ZOc0BMnO/weqVOIE6iROiKLevXsTRcQkgsvU1JQAW7ZsGXzdpEkTcWGUngDJA3eoT1uCnQk/1B81MlyPyBKoVasWAQZrkAN0dHQIJAZAgLEKLYbagl84lp6enrjEWaNGDRYYQMOGDanZxW0l8TAGgY1MbteuHTTE4VB/nFQ0g6gP2AGGsrCwgLzgTXXIIgmARsX/0MLanDJyFfKi/fTp02vXrsXmnCb6HdKBHCE7GDOaweOCU4boySitWrXCCLAzjEzqev36NSYl5ZDbIFD2xirKlO3bt0PlCNX27dtHS2Cy4KFDh3LmzIlhBWVDrxs3bsSSs2fPHjVqFAmP+cJnnjx50qFDh+g7w5QvmAtTMzuCBEnqcCW6G5ZnWiFf8gFqF9XM3hjA7t27UQOQNS1kKZyQjIu14XEGIHarApzXwYMHydCNGzdGN9BC5qDAOnz4MHsjP/EVa5CBqNIYKgOTVzbSEsj/ElTNbdu2Re9Mnz6d+hefFo9JwXEUsEQXeg23hiIJAziROKcQ3rlzJ4Sr7EINsFtIhwiZN28eshTqIbzZv7jtTqRBJWhqohdVRQdWARYAfXx9fYkxFujGIKmy2SowMJDARi8DmI6v0Q9OIQCRbL169ZozZw6biMZEAQJiD5Dmvn37lCaNAraFnkgeIsORdVB5YtWBAwc4LvwispS44kEH5kJ0iBeYYvjw4eyNT+QtohI+hWHZnKTI4TgR2BMiJueJ6++GhoYQOtZTdvH16/79+1HcnTt3Jh+IFhgWOczE4RWiBcv88ccfNWvWZJVoAVZWVg0aNJg2bRpTI1rEEeFN0jzpgdxJfgUkAzbkHAWlcjhSL34Fgzdv3px0Rf4Qe1AN0gbjZIdnz54VLfgYNiRbi5sNJGxdXV1SBZ5M8kiUu0p8d0jt/H8ICwsjkuFfBBdxgpbBuWE6ggpxShjzFdaDDaln6U8gDRgwAIEm7hqpDxgZxUQMI3VRT6hC9sAnQokQ4hPiQGcB2mOCPrlz5+YzujObs0CeQGwyPACX8VWII+iG0RL2BCcpAeULzdFHDENNsEPiGUJkb2peCU0UoBJxVR3NC2lieZKfkPkMmKNDcyQkLM+hKWIGDx7MJ+coNo8LeJlNUKyMlhqCXUFPGBN2JgdgAZga1QxpskNITewz+kERAQxI6mWOSMbiWLSwE+gVOhZGwJLYn5yNJ8Q0C8u00M7g+frLL78wXyIfwLyiGEJrkxLINAyGGYRDGRiNfGXDPn364Bti82+CAGYknGOjRo04EC24LqYj92DbyKgfJXLcpk2b4q5kF3H9RCKtQP5W8P9A/Lu7u1PCE9WCHQhgtCqRTExCf6yCvpG3xD9fC0U9fUV8is3Vh729/dy5c6GDoUOHwrlKawqANGBtbU2gIvqQ6mixyZMnw1DKarWBSKSeuHz58qRJk0aMGKG0agj4HgX49evXKRHgNYbHaKPJl0M7OjpSRkCOTAoUxlpx3UMF2CHnTv8yZcpAVbRA1mjq7NmzQ4V8hb6pP9gnXzkoxC26RYOEhD8w0YxEiHpAfkKMQ7LigjIjh/4A+4nuAxuSZhgh3Bpzn/iSv78/nUU7+2cnkCkL+BXHgkPhTb4CRs4+lS2/BfaJsOC47C0W81JvUWCxwFnA+yiMWKcpof2Q7JyquHLlChUxChGmi76lnhKApA4fPgyb9O/f/+LFi3///XezZs3Gjx8fU+ipCTIKBE2QL1u2TMU13+QAVormuFhQsUpC4seG9PtUBWKHdIjMiaV0NA5IDR2H3EOIiUdNxDMhyurEgBq8bdu26M19+/ahQ5VWjUIF/0pqlki3kK6fehB1KASHDv1mhZ5MQM0QtCjDc+TI0aJFi6CgIDs7O6ps0UF9UHeju/X19RHRt27dUlolJCRSGJKdUw+o5oiICEgzT5480VdXUwihoaGfPn2K/uFG7dq1CxYseO7cORS0aEkUqlWr1rBhwxcvXlhbW8P7SquEhERKQrJz6oEiPVOmTOKyRkoX7FAzNMqn+FqsWLGmTZs+f/58//79wcHBolF9oPQ7dOhQr1495LO3t7fSKiEhkZKQ7Jx6+Bz1kBMEnTHl34+OSP8Q9S558ZVk0Llz5xo1atja2opnY0W7+qhUqZJ4+vvAgQNv375VWiUkJFIMkp1TDzBmaGgo1JwtW7aUfrwJeZ79f/+plb6+vrm5edasWffu3evn56e0qg12aGJiUqFChUOHDl24cCGa9yUkJFIIkp1TDyjW8PDwsLAwRLTSlGKATMVVFOV7FJo0adKmTZsHDx5YW1uTKpRWtVG6dOnBgwdnzpx59+7dHh4eSquEhETKQLJzqgLJ+ebNGwha+Z5iCAwMfPny5YcPH5TvUShSpEjXrl1LlCixf/9+Ly8vpVVtQPdmZmY9e/Z0d3dnD0FBQcoKCQmJFIBk59QDSjZLlixwXCr8Aujdu3chISFxrz/UrFmzY8eOUPOpU6eSQK+5c+fu1auXgYGBlZWVvb290iohIZECkOycevj8+XNERIS45qA0pRhy5cqVNWvW6Gc2opE5c+bmzZsbGxsfO3YMCay0JgblypUbNGgQ+3d2dpZP10lIpBwkO6cevkS9wCHW1YYUAiI3e/bs8V5cFrcHg4ODt27d+ujRI6VVbWTIkKFt27YNGza8ceOGlM8SEikHyc6pCgj648ePar6BLDkQv0WM98kQlLt4UbWtre3Jkyfj6utvIk+ePO3atWPnJ06cCAkJUVolJCQ0CvkG0dQDStbd3f3SpUtlypQpXrx4WFhYaGgoGvbNmzf+/v4BAQFBQUHhUYhuB7QHRoEWNnn79i3d0OB0gxlpZFu60c5WdKCRFpj3ypUrurq6jRo1Ug4fA9mi3lvGSLy8vCpXriz+P2miwOYvXrxwcXEpUKCAgYGBfP+ZhITGId9Rl3p4//793r17Z82alT179ipVquTNmzdr1qyRkZEwr7gEwdd8+fLlyJEDiU1nCBcKpv3nn3+G/qDUXLlyIb2ZMralG9vylc0hZRRxzpw52TNroe9r1649efKkY8eO8+fPL1++fLyv9ZgzZ86GDRsGDhy4YMGCWM/eqQMHBwdSOzr633//1dPTkwQtIaFZSHZOPWBqV1fXxYsXI2yhY5gUSoVeAfwLYFv6QJQAsqOPeOgiYxRYJV5xx1YwNezMJyQONbMHVtGHVeznw4cP7IFPOterV2/AgAGtW7eO++5QNze3adOmMYylS5eWK1dOaVUP7Nne3n7q1KnkgEWLFvXs2TPmL18kJCSSD8nOqQoY09PT89atWyzkz58f4wcEBMCkhQsXRt4+e/YMskM4o4JRx1myZIF5WVu0aFG4FUXs4+MDBaOv4W766+josAAvg5CQEPHOeAQ4q+hD5wMHDly6dIld9enTBwKtXLkyHZShRF1pWb9+vYWFRY8ePYYMGaK0qgFSAglm06ZN586dYzx//PHHiBEjkvC/CCQkJFRAsvN3APzLpyBK1DELYhmShYKZEehVPBktZHX0XcTw8HC+wr/0+eaVBPqQBiwtLQ8dOvT48eMqVap06NChRYsWcLTS46efSAYLFizw8/P7888/a9SoobQmDMbj4OBw4cKF48eP+/r6sk9TU1N4v1KlSoxW6SQhIaEJyLuC3wEQazS3wrYxl7NHATpGk9IO5bEg1oLor9GbqAB9ihQpYmJiYmBggAa/fPkyOvrevXuo7AIFCqDc6YOsDgwMPHnyJBK+cePGqh8mefr06ZYtW1atWnX27NkcOXIMGDAAydyuXbuyZcsi8JVOEhISGoJk5x8cELq+vj4cDSO/efMG5WtnZ/fq1SvoNV++fNmyZStcuPCdO3esrKwg2fLly8fLs2/fvoXZ16xZs2HDBnbSrFmzqVOnDhw4sFy5cuKf9UlISGgckp3TBdDItWrVqlKlSq5cuZ4/f37lyhVnZ2dEdJ48eUqVKsUnLffv34fEkdvKNlH49OnTs2fPduzY8ccff7CJsbExknnChAkNGjSI9zkQCQkJTUGyc3oBorhkyZJ169atUKHC58+f7969CyNfvXo1Q4YMenp6dEBWo6YrV64srm9ERETAy+fOndu2bdvhw4c/fPjQs2fP2bNnd+vWLRaDS0hIpATkXcF0h8jIyJcvX16+fNnS0vLChQswtZmZGZQNEWfKlOn3339v3bp1aGgoaw8cOODi4gJ9o5Q7depUv379JPxuRUJCImmQ7JxOAUf7+Pg4OzuvX78eptbV1UUdBwUFmZubd+jQ4dq1azt37gwLCzMxMYGXmzVrVqZMmZj3JyUkJFIakp3TO5DPixcvvnTpkvi9YoECBQoWLAhT6+jotG/fHh1tbGwseVlCIvUh2Tm9AxHt7u5uaWlpZWV1584deBkd3aZNm549e9aoUSNr1qxKPwkJidSFZGeJ/0N4ePiVK1fg6M+fPzdu3NjMzAwRrayTkJD4HpDsLPH/ERgYmCFDhly5cslLGRIS3x2SnSUkJCS0EfLt+xISEhLaCMnOEhISEtoIyc4SEhIS2gjJzhISEhLaCMnOEhISEtoIyc4SEhIS2gjJzhISEhLaCMnOEhISEtoIyc4SEhIS2gjJzhISEhLaCMnOEhISEtoIyc4SEhIS2gjJzhISEhLaCMnOEhISEtoIyc4SEhIS2gjJzhISEhLaCMnOEhISEtoIyc4SEhIS2gjJzhISEhLaCMnOEhISEtoIyc4SEhIS2gjJzhISEhLaCMnOEhISEtoIyc4SEhIS2gjJzhISEhLaCMnOEhISEtqIDF+/flUWJSS0DF++fHn//n1kZGSePHmUJok4wETBwcFBQUEfP37Mnz9/0aJFM2bMqKyTSMvQGDuHh4ffv38/MDCwXLlyurq6SqvEf8DOt2/ftrKyioiIyJw5c1hYWJYsWUxNTRs0aKD0kIiBZ8+e2draenp6Qj1YrGzZshiqatWqmTJlUnpIRDnVvXv3jh496uXl9fbt2w8fPujo6LRt27Zbt27SUHHx6NEjFxeXFy9efP78mRj85ZdfsFihQoXq1KlTvnx5pZM24Zc///xTWUwqEDhOTk4bNmzYtWuXpaXlzZs3f/755wIFCuTIkUPpIfHTT6GhoUeOHFm4cOHFixfd3d3v3LnDZ0hICMkMW2XIkEHpJxFlqy1btqxYseLu3buksefPn2M0V1dXwonEnzVrVqVfugdi+dy5c6tWrfL29s6WLVvu3Lmx1ePHj2GckiVLYi6ln0QUyPeLFi2yt7fHqchqONWpU6cQlMbGxqVLl1Y6aROSy85kIcLm33//PXjwIJk8X758qB4PDw/ohkCSBB2N169fW1tbEzzt2rVr1KhR48aNqUCfPn2K0apUqSKVTkxQhC1fvpzUNWzYsA4dOtSuXZtlrIetUND4mNIv3QO9jBgkmXXv3n3AgAF86unpwTvIw3r16mXPnl3pJxGFy5cvOzg41K9ff+jQoRUrViSHFStWrG4UtNOpksvOlAbIHLJQixYtfv/9d1yE8vPKlSsUEZUqVSpVqpTSL90jPDycpEWdPmrUqCZNmmAcKgwK0ixZshBIfCr9JH76CclsY2NDAps7dy5RBMqWLUumJ42ZmJhI0okG7IxqLlOmTL9+/QwNDfPnz1+4cGF0wJMnT8zMzJDSSj+JKLi5uaGUW7ZsScTp6+s3a9asa9euLGttvk/uMxto56CgoDx58piamsLLVJ1IQpISqyIjI0UfCZAzZ05oxdnZmRw2a9as2bNnL1iwgCKUqkrSTUwgkPnEi4if6JIC18Ji5H4pnGPhl19+yZYtW7Sh8CVIWdxNFS0S0cicOfObN2+OHj26ePFiNKWvr6+yQluRXHaOiIiAnT09PZcsWdKxY0fq0P79+1+6dAkvkffZY4LaHM9ALyOiAdUoaRzt8+7dO8FHEgIwy6tXr/iM5T+UFzgVBlS+S0TZCg0EWBAtAQEBBCOuRVErWiSigaFIWvAVDoaJCD1lhbYiub4Oy/j7+6OgOXNyEc5BYRUWFkYCz5Url9JJ4qefMM79+/cp0ufNm/f333/Pnz8fJUhuo9qSgRQLJK2XL18+e/YM18LBqNPXrl07duxYW1tbpYdEFPAfiMbb2/v58+d4EVkfE50+fZpglNEXFzCynp7euHHjqF9HjRpFMCortBXJuu6M6Lt3796RI0cqVarECbdt27ZNmza1a9fGXSi16tWrR32qdE33gJoPHTqEgq5cuTLGQUc7OjpCQA0bNmzQoIG8KxiNDBkyYCVxA+fBgwd8Hjt2bM+ePaT8pk2b6uvrK/0kolI+TmVjY4Ohbt68eebMmd27d6MNzc3NzczMpFPFgrW1NVbS0dHJnDnzixcvMNrTp09RlkhJ7Xy+Jbl3BdE4nCGugEOU/w/Xr1+n1IKdixcvrvRL90DXUHLevXvXw8PD1dUVR3n8+HGLFi0GDhyIuyidJKLYuUCBAp8+fUIyAzI9OaxcuXIjRozAzeTjdDERHBwM3QjtTM3q4+OTI0eO3r17E4wFCxZUOkn8B9zp4sWLly5dcnFxuXr1KvLI3t6eOsPAwCBnzpxKJ21Ccn+NQqKGcTg3Q0NDkas/fvx46tSpn3/+GVUobg9KgPfv3zs7O1+4cIGyHUORvWCcVq1a8an0kIgB/AppA91AQOiaKlWqUJ/Jn8DFQmho6K1btyjLSGZ5okCmL1u2rHxaI17gUZaWllgsS5Ys+fLlw3qIyxo1avTq1Us7f0Cngd8Kij3E/D0F6YivEHTMRgkMFRERQSUlvsI1svZUDXIYwIvkDysSAk6FifjESkDeNVUBrAQ1AZaxFXYLCwtjmaymnY+0yvdsSEhISGgjJDtLSEikNqL1vhT7KiBNIyEhkdp4//59QECAuLAgkRAkO0tISKQ2UM2//PKLFM6qIa9sSEhISGgjZO6SkJCQ0EZIdpaQkJDQRkh2lpCQkNBGSHaWkJCQ0EZIdpaQkJDQRkh2lpCQkNBGSHaWkJCQ0EZIdpaQkJDQRkh2lpCQkNBGSHaWkJCQ0EZIdpaQkJDQRkh2lpCQkNBGyLcgSUj8CHjy5MmbN290dHRKliypNEmkcWiSnYODg9+/f58zCkqThIRECuPt27c3btzYt2+fh4dHgwYNzM3NK1SoIP897g8AzbDzly9fbt++fezYscePH1eqVKl9+/aGhobKOgkJiZRBZGSku7v7rl27bG1tAwMDCxQokClTJuRzz54927ZtW7BgwQzyH3umZWiAneFlCwsLKysrHOXdu3d58+Y1NTXt379/ixYtsmfPrnSSkJDQKF6/fn38+PE9e/a4urqWK1eud+/e9evXf/jwISLpyZMnRkZGLVu2bNWqFWStbCCR1pAsdsY/rK2t9+/fb29v//PPP1evXp3U7ebm9ubNGwMDg19//bV169YUWfL/t0tIaBA+Pj4oISQRkjlr1qwNGzbs1KlTnTp1CLRPnz5dv3791KlTNjY2AQEBVapU6d69OxydL18+ZWOJtIMksjMlFSy8b9++o0eP+vr6li9fvl+/fuTqX375hUyO3zg6OtIN56CROqtUqVJiQwkJiSQjLCwM2j106NDVq1czZsxIkdq+ffsGDRoUKFBA6RGF4OBgOzu77du3X758OWfOnHB33759jY2Ns2TJovSQSAtICjt7enqeP3+eqgrJXKRIkXr16pGfYeFojXznzp2LUcCHPn/+3KNHD8oumDpbtmyig4RETOAw9+7dowavVatW5syZlVaJ/wUmOnHixIEDB9BDenp65ubmcG7BggWV1XHg5eVlaWl5+PBhFoyMjDp37tyhQ4fSpUsrqyW0HoljZ1K3k5PTpk2brKysyMPVq1dHFzdr1kxXV1fp8R8iIiIeP36MiMaZ/Pz89PX1u3Xr1rZtW0Q0+lrpJJHu8f79e8qsNWvWXLhwgQp9/vz51apVU9ZJRIEIffPmDUJn//792Ao6hmfbtGlTqVKlb2rhL1++uLu77969mxqXuENow+mGhoa5cuVSekhoMdRl5w8fPjx69Mja2nrnzp0PHjyoUKECebt169ak4kyZMimd4iA8PPzGjRuo7FOnTr18+RIeHzRoUO3atfPnzy//HW86x8ePH3EkBweHzZs33717Fx7JmzfvyJEjJ0yYkCdPHqVT+gaxSdRgHHEdmRYiqFevXoktQ/39/S9dunT27NmbN29C7q1atYLcVUeuhDZALXZ++PAhuRe97OnpWbhw4XZRoFZS87lmnMPOzg59ROZHO7ds2ZLk36BBA3kVLN0iMDDw5MmTO3bsoFqHl7t27Vq5cmU46NWrV+vXr69Xr57SLx2D6vPy5cvoZYgVE2ETosbU1JQAVHokBuwNAU4uPHz48PXr16HmHj16tGjRQk9PT+khoX345c8//1QW4wPEeuzYseXLl+/Zs8fX15fUPWXKFGKpfPny6l8fzJ49O1q7YsWKJHzqLLwNlqcdP5MqKb0BXqYCW7Vq1bZt2xCGeMXQoUOHDBkC72TMmPHcuXNUadWrV0/npTdMeujQoUWLFiGJChUqNHjw4OHDh9evXz/Jv/P65ZdfMKmBgQGRiCpCJ1lYWHh5ecH7JUuWlD9dUY2AgICnT59iw1S+c5agdqbwJMdCzWgcOBpp07p1a7I3s6v0SDzEE3hHjhy5du0aVVXVqlXFFTT8T+kh8ePi7du3tra2Z86ccXJywqMqVarUrVu3WrVqsSCei4es0QoXLlyYNWtW79690ydlwMs2NjYE3ZUrV8LDw9u3b9+rVy8KTQ3+/jYsLAzSh/3d3NzQWI0bN+7YsSPZUf46IS7u379P3W9vb8+8QH39+vWrUaOGsi4VADvHxbt37+BQCp+iRYu2atVq5cqVzs7O8LWyOnkgY1O9Nm3aFIJGPo8fP144orJa4ocDZTX+M2nSJArq/PnzQwTz5s0jQyurY4AwwPtxOWospSndgIx18eLFsWPH6urqIm/RLgsWLHj+/LmyWtNgz1u2bEEbFStWDO01e/ZsDw8PZZ1EFAfCS7/++qtIWjly5EA4m5mZ7dq1i/pP6ZTCiP/KBiJ3xYoVJPC8efOOGjWK2pPyR1PPWhQoUMDExMTY2JgFHx8fPPLmzZuRkZFUXhkyZJAJ/AfDq1evTpw4QZF+9OjRggULUqRPnDgR1VyiRAmlRwzQgahAPufOnVv8uElZ8UMjKCiIOpWw37RpE4wAO6PRCDoqSxUPzCUThBsWJheygEIkLz558iRjxox58uRJ55eVvnz5goI8fPjwqlWrqPZKlSoFR1PEUOK7urqiKlAbzAvcqClKTAjxszMy+erVq7du3frw4QPRgrCFSTX7cyMdHZ26desiED5//nzjxg2cEvj6+nLaWEE+0fEDgJnFhSi88HI4Gpk2c+bM3r17k+kTml/ouEiRIsTAgwcPypcvH/dJzR8MxDlnumPHDrLX+fPnUWcDBgyYMWNGly5dypYtmwq3zQm3mjVr1qpVK2fOnGhna2vrR48esUywc/T09poOPJYKBnGA027duhWNjNNOnz590KBBjRo1Qjjr6enhyeKtFdiH0p/PlCOr+Nk5c+bM8LKbmxtDoQJycXF5+PAhYqdo0aIaHAqJmrxUu3btSpUqhYaGXrp0iQN5e3vjMVhBEnSaRnBw8OXLl6nALCwsmE0K9pEjRyLWvsk4aDd8Dy1JLVm/fn2l9UdEWFjYqVOnFixYcOTIEfQQSnnatGlUFSqyV0qAMCxevDgimjAU1ANHP336FILWbLxrOeBiBOLSpUs3bNhw7969cuXKjRo1avTo0Vgma9as2IHcWaFCBQQlahXxCl/BikJPpNA9kvjZGcVOWkDeM0pDQ0PGhwhiNG/evGEc6GhmVOmaPJCcSdSopMqVK1PMvn79mtMmMkNCQvLnz5+0h4ckvi/gVqq/5cuX79y5Ez/u0aPHxIkTmzdvjhOrE+r0oaejoyPuh+9BEMqKHwjUo+fOnUOgbdq0iXqxZcuWU6dO7dOnD5GfCno5XnBcKhUjIyPiztPTE4JGnBHmqSPhvy/wUnt7e5TE5s2bfXx88DrmAmpmXijxYzqtIEZjY2P6fP36laLf1tYWc0FiCE2NlxoJPlGHcmFunJycULKk9GrVqqFqcamLFy/6+fkxhRp89xXnX6hQoSpVqgiOptYjE8DRODHBGf0D8TQEZi5Fq0IYkHwZEBCAcTSVKTUCCsP9+/ejPh4/fgzXUBL26tWLCE/U77M5KUQc0hszNmjQIKWv7qUyKBCxD9QMIyDQxowZM2zYMKoEbfBz4ppZIwxhZAcHB8IQH8uVKxeUpFVupil8+vQJitu+ffvevXvv379vYGDAXPTt2xdeLl26dEJpCYMgouFoisK3b9/iqEwl1X+JEiU0+4hwguwMkDCIWXd3d45qbm4Oe36Jeo8zQ/Hw8EBH0wcdralbNxQOZcqUQadz5hEREaJ2ePbsmchXqfykYXKAle7cuXP69GnyGcbBRMoKDSEoKOjAgQNEOJ5B1tSq+6hk1lWrVuGvAwYMmDRpUq1atZI2cRgN7YY2gSl+mH/2gTMfPHgQjXbhwgXkSNeuXceOHcunxj0kOcBjEdG1a9cm/IODg8U9oUePHpE8ihcvrnT6IfDw4cPdu3dT5J0/fx6tOXDgwCFDhjRt2pQTV0dMQMQVK1aEo/PmzUsBBMsT7wQjVtJUJlPFzlmzZi1WrBhHPXXqFPKncePGCBkGBPtQuqKjyTafP3/OFwVNSUU0O+xcp04dThIBhVTHOQIDA6kdMEeaKLJQfBSG//zzz9mzZ5GQuDgMRQQm30Tk55s3b+7YsWP16tVIMJROixYttKq2oK7CN0gbjaKQZDfl1Jh00jPqBq9LlPTWQlA7Uwtu2bJl27ZtTGKXLl0mT55M+UxYpWiNlWTgsSYmJnXr1iXu0GeifocQ0Ek/wFNVKEvE08aNG3ft2hUWFta2bdtx48aRJgsm/gkZHJVMJl4OAx/C+HgsjVhJnet4qqGKnQGTQaRZWVlxPgQbR9XX14emkf3v3r2Deih/fHx8EAIkHA1WoNQOiGiUF3TMOaM1XF1dP378KDhay4ss4g3tTFKBUzAOmfnu3btwKBowyXUGU37r1q2jR48uXboUa4gUXbRo0SZNmpC6lU5aACj15cuXeAtqiyzLKSeZfZhrxAhnLeSzdrLYN4GUwRRwgXjTE+cyY8YMymfiSFNFZ8oB1QX1IJXwMSZC3BCCo4lBBq/xGUHWEOO4EP7Dwvv37yEZPj98+MAnIMlBpqQ3IFYBhkQ1STvw9/dnc9EORH96sgcWRCMEunnz5iVLlhCV1atXnzhxItRsaGiYnNOBJ6FH8pmXlxdalqinBSSToL/9ng3OYfr06ZAjeo2cL44XGRmJsMXbtm/fTjFL6qCSRcfBqpqdM6aBBHDs2DGOxTTgK717927WrJmWP3XHDKGSWrZsiR/b2NhYWFgwVePHj+/evTstSif1gKlJkKjITZs2IUsJmG7dutWvX59owfJ//PEH+kvpqgVA0VNUESSUXGje0aNHlylTRlmXSMBrFB/Lli0rX7781KlTk7yf7wuo4eDBg3/99deTJ090dXV/++03IiWFeBmL4S0sxAxqsRwzKlkWYJWAsuK/VWKZvbGKKGOBs2Bm9+zZg+bA30aOHNmuXTuNF7JIEIKd2KECE08Tc2iOEn0gzg6ShWppR6LRzggF+fKVoUK+tFB/k0LQRnRjn6wCrKIgYAFCg83I/QMHDuzfv7+enp6mpgO3Jw3Dk76+vlOmTBk+fHhigz0Wvs3OWOTQoUNI7Hr16uFkMS8CcsI3btxgLZoOSzFnQ4YMSYlC+/Xr1+h3AvX27du4eN++fQcNGqTND8NCxxRNxGHDhg1JKidOnOArPte0aVNGjiXVTC3M98koYGcScs2aNeG7Nm3asPm+ffsIlTlz5lSqVEnprQUgiVIrVK1alczBQq9evUaMGJFk70cHoXF27949YcKEoUOHatU1HDURERFBZl20aNHly5chPuaOGSRvQR9KDw3hxYsXJG9PT8/Pnz/DSoKnOCIilE+KLUG19GQZS8J9rBKqk2XBA6grApmvRD3uigJj7ugMr0F2VITkS9aiN2EfOkcdWWOASdevXz9//vzg4GBoFJLloAw+il0zihFyauJEWICXUW8MlWWRVBg89T1b0QhlY3zsTCOnSWe2Ajo6Oujc1q1bm5mZoZmijpxcYPwzZ84wxVR7hCpHocY1NzdP2k2XaKj1jrrHjx/PmjXL3t4eju7Tp0+sQ5Io0IkUbsbGxkjplLiHg2WRz7g4/sFXlCNBS8El1moh9u/fjylIzohlHAtHgUm3bt1KoBYrVoyMjf5lQekdH4ice/fu7d27V7xtHZ/79ddfqRuonsQFkxUrVsCAf//9N8Wyso0WgGkCDNXAwIAYRvXPmzevSZMmyurEA8kGNcM4uHsaffyZ9EzB6+joSBXl5uYGOXIiHTp0QH7iG0qnZADJcvjwYaj52bNnkDL7xFyCswAMBXMJmclXVkFYEB9f4WVqfxqhYAiFBRohX/bAMsOmAxsyYPbAJvR5/vw5qpYZoRBEfioj0BA4KCKGcjAgIIATwc9JZhgKBUo4cEb0YQwMRoyWwdONRkHNDJ7RihTOaRJ0fNLC6XAiUD8d6Fm8eHHUAzTFmdIzmcBKCEfsTy1Lkcd4iHGClDRTpUoVMbAkQy12xjQUNZMnT65evfry5cs5qrLiP9y/f3/mzJmMDJpWTTqJBaoZXkOK8glHQ1Ichdpq9uzZWhurmAsrwarTp0/v0qUL/iHaIVOYa8uWLXBWixYtUNbk8Oi1MfHo0SPKYWtra84a12weBTy1SJEiogPtM2bMIE7gaK26skF0ceLUdO3bt2dsJI8ePXpArES40iORgFw2bNjAfjAX9syXZv8/HuSCtqCewETwKdlr3Lhx4g3pSo/E4+bNm3ABgBpQbRAoTkKBJcp5wVCCkgSIIOwJtUFM9KE0oRE6EwKTVehltqIDfA05osMQyIIKWcs+8WH6kFcolDWunTkKcoRaHHbDXJaWloxh1KhR1MqMQemkTbh+/Tol7PHjxzFO586du3btioI+ffr0mDFjUGbJFM7/ByZPHVAxMfFM5IIFC0hESut/wNuQS+hE5ltpSh5wERifjDRp0iR9fX3cgpQAI2MLFBkBb2trq3TVPpBO4RFdXV1cTYRHNPA5nA9LksDJLhjT2dmZ/srqr19RDUww4hq/JGYaN268evXqJ0+eKKv/A45LVCMrkEtKk3aA3EPokk3x17t379arV4+KSjy5nGRQQ5CcIJ0LFy4oTWkWmOXcuXP9+vUrVKgQJTbFLwkbCaKsVhtPnz4V7zCC5Vu2bDl//nwCkGSPyyk9ooC/wcJ8ChC5wcHBQhQTqjgPZRkLfEVSwN3UZDgb7ZTqb968EdcNCEaGjSfTB8UwePDgf/75JygoSDmG5oDwIg1TVj58+JD9b968mUlHkI4dO5agYKhKv+8NbAIfMrxWrVqhwQlSBAQDxj+ZkREjRrx8+VLpmjx845mNaJAn6W1nZ4dbUErr/e9Lu8VdaWaR7JH8jEHBQg2I/OScYWFIqmfPnuIJpEqVKpG6CVcjIyOmTdlAy4Ch4FwPDw+4iXHGvOqKBOAU4GUiE0tCW6RfXJ85phvyh5BbsmQJjeXKlRsyZAglJPKKikHZ/j8w/ZT8aGdx41Fp/d5A+7i7u3NederUKVOmTOHChQlvZD4naGZmRopV+iUSaAKo4eLFi2hDTJrk/WgDcADURq1atQoUKMB04+dXr16FHJlK+FqdWht6dXBwWLt2rXg4DzpAwRAgUCeWZ+eU7UrXqMOxTz4FSPloZCB0MZ4TfU2ZbuISMyOhnXin3KGdrdDXfGJ2+rx69QrHpj6uVq0a+1EOoyHAeo6Ojo8fP27YsCHihkMQ4+gVCg5m//nz5wwjZxSUDVIdpDqyF+IDaqK6xbGxPFUsNE3ymDp1KoMcP3583KsLSYO67MzEMG34E2aiumzSpElMT4IxKa9YQN4nuYYF8BopCMmMqCQTQPf48cyZM6luDA0N8Q/MIeK/evXq8JeymZYBknJ1dfXy8oI6GXZMQwlgSTwPjsaSlAjwF2Em3uh44MABshHy4bfffuOzRIkScTcHhCjKlFVNmzbVHnZmvsgZFL+1a9cmfxPVnCl1FY0o/bJlyxJdStfEgNOENUTxTtCm0Yc3YoLTwYHJ0/gz84gDYCVyD6ynQtzgV9h2z549SFc4HV2Jk1BBC6l07do1JKf4fYTonxJgtOSGUqVKqfPKlMSCAGeKYWc0DRONt3Bq+BJ5C1Fvb2+PgkaX4FTi1p+yWWqBzAQvi1cUUF4gOCiRKVmKFi0Kca1cuZJcCwGKwlfZJnlQl50BLkXCxwkgFHJaTHKEWRC5LDA4nEw0JhboIzInSWnjxo1MEhJg+PDhlAkUDtFXuKh98Eu80MTERJvZmUHix82aNWOQ8VISjVAzVQghSucTJ04wtf7+/kihKVOm9O7dmw1ViER8FN1NJidNxlXW3xEUDaRPQhcuhlUZGzFM5r5z5w6N0dfNEwtshQ9gKJSUqampxnkh9YFx4DgyNKH09u1b7Ibuef36NWkMMlI6xQDxDz3NnTuX/E3agwKQzHXr1o1mc8pqVAtxgSAQLSkBQo+hMo8cCBmhtGoOUDP0YmBgQA4WuoR5J0YaNGiAD8CJhAks8e7dO8aQar+xxPjw3tKlS1etWoUFKA0pagcPHkwiFESMZ65fvx7LU+IX19wvKhOhZSAUnAn+RSmTPcgkyoqoVaLwEQZNApgVzpxz4ySRz5z5v//+O3LkSDJnTDUB8SEbmRtkmtKkfWCQ8CayiCgCSmt8ePHiBfNKrRQYGMhJQcqzZ89GcX/T7ShCMTgVMVCatAC4AbmZ4okSFSOIFnFLE3m4b98+0o/omViwH/IQapHIPHToEOZVVqRlcFI6OjqUxrj6rFmziOodO3ZQF69btw51onSKApl+8eLFCCmSHCl/0aJFRArUEDN/i6vDKR0XBDhHwV1T4kBMKwkGlyY/xTw1GIAcNmzYsGXLlvXp08fX1xcLTJ06FSWLpymdUgwE6dq1a8eMGYMDk1BnzJixcOFCJHPJ/14l+PHjR1IjfIiOpHYRW2kEias00Szm5uZwNKNB7kUHCaYUl65Uk1G8wNbbt28nFy1YsMDDw4MzxFlnzpxJ4UC2VDr9B/YffSylSfvAnDFIMUKyrmiMBaacIBw6dCjnjqhs3bo1qhleVvN5RHbLUbBDzIva2gA8hCERutEnjvbp0KED53Xs2DFYRjQmAYRou3btYP9Nmza5ubklZNg0B8xVpUqVsWPHQj0DBw6kOFixYsWcOXMIMZHmjxw5Mm/evHPnzlFO0f7XX3/16tUrbhWCnekfGhqqfE8Z4NUQIoOEkpQmzYHKGHZGfpHgBfHFBLV7vXr1fvvtN/iB+snBwWH69OlYxtXVVemhaVDTUKmQL8Uj2IhF5DMzFetmkqenp5WVVYUKFRiV0qQhJOLKhkDBggWhSKowFB/CluRP45uof/eLc3Tq1EnFhbNYYI6peSEpQLzp6+uPGDGCHEUQ5k3g18l4BrKCw1WtWlWrniSLCQaJNSjwqYCYs5gqAFB5EHhr1qzZtWtXSEhIx44dEQXCqggENdlZPGjIQtu2bROy1XcBpYCTkxOzg4iI9mBGyJTBLyVKlMAmsQyiPpBUVBjiCRD28wNc34gG56Krq8tJEQUwIBr55s2bL1++PH/+/OnTp/Pnz9+tWzdkI9oloboKfxPXBGqk5D++o8alfGFCY15v1BRgfCb32bNn7BxXiVfqwdHVooBNbt26ZWNjc+PGjQ8fPvAVMZcEdZgQUIpIZgp6FxcXijYk85AhQ0iQ4lJGNHDI3bt3w2PI1latWiXZt+NF4rSzALaDU3AFakwYlhYSnbCLmoqGRAS5oBGQzNu2bcM1BwwYQL2AZMbuSqf4wFHwXQRFSqRuTYEsRfWHEAgKCopZeVH7wFBonz/++AOCJoooVzlltDMpDaZWX/jgIjlz5sQa2iYhw8PDURziOUKlKeqqMVkE4hC/pxIXPZIArNS5c2eKKjs7O8goyfvRWmAopAlegSrkZP/55x9UG4HWpUsXqDnWg1IxQbHi7++P2WNxh8aBzSEgcTtBadIc2DNnjVeL38gorfHB0NBwypQpMAbmQm5jMTQ1LIlkTCYzEIOkxh07dsyePZtPcuGkSZNQ62THuM+K4OTIStInWqRBgwYat0lS2Ll48eK//vprmTJlxC+UGCLsrCZN4EaI340bN06cOJEyITAwkKIeF8QR27dv/83TY85gduQnKUtp0j6gGfPkycNckkhELiVsMNTy5cvJwCdOnEAgQ9CrV6/u3r07MgQGx6U4Lwhd7OGbEIdI6VBMAtBTlKUkp1j+QPFOAiZ4Nm/eHOuiaqIAQ+EnWAxl8Pz5c6X1xwLTivoZPXo0+UxcgT158iR5neweM9nHBHEBreBm4npayoH45VjEO1CaNAdUF3HNOeLe31TB9IGaFy1ahMirW7cuWX/u3Llz5szZt28ffK2a3OMFTvvo0aOdO3dOnjyZOEWSw8jsfN68eegnpdP/QrxYg0IW8UHhq7RqDkk0McGGAzGss2fPIp8pNyAjuFU1R8M+OBknj36kcKhVqxZJCabu1auXuELyTTBn+C7+qmYy+C5geJAUNmGoeHNYWBgegxo6ePAgp4k/UTFBVaVKlRL9RXqjs/qhhfPhyvixttmBZFM4vje1owp79uxJYUSpjs8orUmCiYlJ06ZNqa+TI8O1H0WLFiXmlyxZ0rdvX4JlxIgRo0aNOnXqFDWW0iMGMDhmJy9C0EpTygCX4xAgJRyP3SLXEM4wr5rsj5XI1ui8lStX1qxZ09rammJ02rRp1KbRd8XUAVZFNhGkMJKrq2vVqlXRi9C9akXs4uLi4ODQuHHjNm3apMRT2ElkZ6iHAVWqVAm2vXXrFicAH1GVJGRT5pJc9Pfff2M4GxsbfX196gVsKm59qq8B2T8HQlBo/JqXZoEpOClSKyeLu3CmqGPxIAokhQCMOeWkHE4nR9R7DJSmbwF7skP8WNuu8JCAAScSV/tQchFIZCBLS8t79+4prYkHGQ7CwoaUbkSjtuUnTYGZxYsqV648ZsyY33//ncR26dIllA1SjohTOv0HrE1IYoqUviuI3+LYQhkoTZoDbsPO0bAIPvX3j0fB0Z07d0bzzZ4928jIyMrKCnpZvHjxw4cPlU4JI5qapkyZcvHiRSieICVgEc4kPBUSnhJw165dL1686NChg4qLTslBEtkZVKxYsWvXrniDvb29r68vp4GZgLL6P5AP7969Sz2LYy1btgwhOWzYMMTjxIkTa0T9O0Wln3pgzjgijqg9P8GIFwyPcXLWTDmpGBE0f/58alVcJ24qwj8wC6cWV3ImBDwYw8ZLgt8RnAgDQ0SQPuN6AkMlhOrUqYPstbCwSJS0iQn2Q+lGMevm5gZtiTcXKut+IJB6qdBfvnyJMYl/6OPPP/8sU6aMkHjr1q1jldI1yvJBQUFIzpR+BJhZA0wBR1SaNAd8hlPgMwklEbFTrlw5BBDVxrhx45AICxYsgGQwF5GidIoDJPOOHTvIf+vXrxeXmDFyv3790J2qJSMjxIdR6Kjs+vXrp1AYJvqZjWgIVyBCPD09X79+/ezZMwRgy5YtY6pCZ2fnLVu2cP779+/He5o3b06BxskbGhom7UcruCxyyc/PjxSXQvkq+QgODmbaAMuU4YMGDeKUSWZIIdEhFnB3W1tbgq169epqntTz58/J83gkBo/73OF3xM2bN/EEKJgTiUvQpFXigZN9+/YtM6jm5ayY+Pz5M8oRHzh//jy+hyygukQiUabgUZp6IaQ2gLDChXR1dSk0YQo4unbUf6/Pnj07RmYV3I1H5c+fH4kDO4gfs8AUBgYGyi5SAO5R/yelRIkSjRo10ngtHxgYePr06Tdv3vTp0yehZzZUg4jAqZB9pUqVgqARRkgBIuvdu3d58+aNOWDEE3Wt+EE2rNKuXTuoHL1MhadOCXv9+vU1a9bAdVTGKfeSyKRrZ4DfoArxEhQ+tSonH01ACP49e/b89ttv5HwqstKlS7OMzKEmTfIPxgSo+Jg/bb4riEEIFUbYs2dPcnKPHj0IIWVdfECG0BmoX81BUnA69Ke+3E4FCEnFWag4EdKJmZkZteSxY8eIH6VVPRBmu3fvnjFjBgUsvEwOQEEDKg8UEw526NAhGErpncYBRyCAYjEUyX7q1Klz5syBHKlZEdGLFi0iXREUQsyqVnzJB3zErEFtFElKk+bAKQC8WuQbpTXxoHLt1avXypUr8RNo+ujRo/jG3LlzISIGz8ixGFyE9c6dO4dKWLhw4eLFi5s0aULmU3ahEsivbdu2oULMzc2bNm2qtKYAkq6dAQ5ERkLCUFriH7Vq1eIMqSNogZWwDjxVrVo1zoG8BI8n/3IER0GPE5nEZErcJNUIyNhkJmiCOhTnQDCqvoADlxFp3t7eFOwVKlRQWlWCnTs5OWF/rXrPBqHF7Ny5cwfxIp7bVVbEAEqf83VwcMC5OV/so04cQgdYdfPmzfgVSpnaa+zYscbGxigd8n2bNm0op8iIV65coUTjEJRxMWu4tAiqAcKHar1s2bLQtNIaVbPi+WQ4zpG6gbN+/PgxQYdJX716ZWRkhNeRvOGgqIsQ/wcoidzPJ8uU5ASRuGPBVizwCcRaNmR2WBW13f+BdtayQDvL165do2pByDdr1kzjRRuHuHr1KsIOry6Z7P9VBjXBvA0bNoRzYYzLly/jmZzLo0eP9u3bd+bMGcY/atQoqAk/TJS3nD17Fj8kVMePH5+Ef0WoPpLFzoAzJAgRztTaRYsWxWNIUOQlKysrvg4dOnTChAldunQhCNWpF74JjAsrwU316tXTzl+jwFCWlpYWFhacL34gRkvFXaBAgYQsgFPiOk+ePMGZ1HxJAjUgKZAoIh1qPEiSDMKJNANlUIPDIPGyM6B4Ej9EggvoqbpAps+DBw8IJ9QxpWixYsUGDRoENSMeaaduhaAJ5urVq1OgYEPqbgaAmma3xKdW1RaJAueC6KlUqVL0GydignzPKmpqxPL9+/cJt5s3b+IVECj5iRa+uru7k9IATgiJi19IkduwD/7GJ1TIfPEJsCQFDRt6eHhQtrNWbM62YkNinIUjR46wYGBg0KJFC407Hl4B8ZG2yT2kJaU1eUC74BtEFp6Dw5w6dYoUTpAiridNmkSOSewlVoyM7iR34ocpKpz/D/9XSyQPeAPFJryMIUqXLk0ygZcZOuHHKqWThvD27duZM2e2bt2akkRp0jIggZl4lOPvv/8+b948EizamVk8ePAg+kXp9L9Av1B2derUCVpXmr4FYmzcuHGdO3e+e/eu0qQFQJetWbOGkz158iSZQ2mND3Z2dhRVenp6SBilKT5AsseOHWvZsiXMi2uNGTMmplPt3LmzcePGy5cvF19DQkKgDwp/etKfVQsWLMBQYm2aAxK1a9euBw4cwD2UpvgAo5G0qB4Eg8PaCNsSJUqQtHR0dAhGTEGWIjxFhLKWRhZo5BPnBGKBFjQEa/lkK/EpuolVfIqjUAenhOORHphrRjJ//nzVZ50EUH6RsaZNm0bZ/dtvv1FsKSsSA9Th3r170YW4IpWK0ppiSK52BjgEYcmZU2FRTyFqGPrAgQOpF1RX9EkAFRYHQo2amJjAgEqrNgGVd+LECXIyGQs/QOBgE1iDjM2wcXFSl9L1P6CdUSvBwcE1atRAKCmtKiF+Og8DNm/enH0qrVoAKl/iFkWM9klIOwOKCXIVKZbIZyrjvd6HxRYvXrxhwwZUJEoNpUPaQy0Kp8J3EXG3ov5dUJ2o/2FGcUo5jNeh7JDMDIP9Y1jUN3ytcVdMaSD0SEUQgernB7Jly0bZDpUTfchDRCIWwCZEB1PAAtaoGPVaUfZDOoRhKWRFH74aGRlRrgGWoW/kMLQOudOCqdmQBXySaWI2kZkscwhTU9NatWrRXxmEhoDwJ7oR8hSdmTJl4hSS9uxAvMCGFG2cHXvmZPE6Ff6ZEKhm/v33XzLHyJEjVf+qWSPQzJMxxADqD9k4dOhQAolJVVZoGiTAdevWUY6NGjUKvaC0ag0gi9GjRyPwEXQQtGgkbE6fPr1//37KRjx+yJAhmCjm4wo4Jf0RDqQ0ygKlVSWoNBcuXIh7/fPPP7ra9N9v169ff/z4cdJzq1atVN+hIg4xBWIkpq0EMKCFhQW7guurVq1qbm7erl27WMkYv+VAyGe2HTt2rNL6HyAsavktW7bgmWixvn379uvXDyZSVqcFWFtbL1u2jIrq119/5RSU1v/FnTt3KNWxw/Pnz6EbOsPCCF4cA/tEX7dl4eeoX/OSzilHWBZXk9AN4sYjYBXFB0KBWaMD+RLep51urEI6RK9lMOhrmC7m1XCNAGdwcXHZtm2bqKh69uw5YMAAJIuyWhNA1jg6OrJzZE1iqR/TrVixAnaG5VDfqXBFUQPaGbx8+RJiIlcz6LjaUIPAUZycnLy8vEjgat5ASzXgvoQTtNKlSxe4IPo+A7OI0EDC4Ouenp4U9UgD1mIo4d/iujPcjaJRM7FRl7EJUYSToWuUVi0AnAtlRAtYpTU+COVlG/UfyJhNESrU6dQE8PLu3bsJBkr7KVOmEKUwTtRG/wPSHuoS81KuxbqmD4PAUxgTrYetsDlSGuehM+JR6aTdePr0qYeHB4KXs4ib51hraWmJv+3Zswcu7t69OxkRvYJ85hzFtQg+o4FBAGZEFkCs9AFUXXzSE7DMtqhm3JI+fI25FY3oTYyJFGAtjUkQnt8EDsP+cR5qIE6Q0oegoC4XI1Q6JQ84GCUXaQn/TOx9Y7TC0qVLSVpTp05lc6U1JaEZdn716pWbmxvjRsik6H0Ysqu4RFC/fn2tuitI+YxAJq/iu9TgsTIHvIzbQSLUiXAKlISmg33w+0KFCsHRfKV+r169uprsTDqExdittrGzs7Mz2gRmRKiq1lYwDgHPWVPJFi5cuHTp0tRe27dvR56wE0J04sSJw4cPTygMOHcIF0vCNU2bNo3rdXSAa+rUqUO9QgLgKKjpZ8+e0ROzq/ns1HcEKdzV1ZXB4zMxLUms4WkIzK1bt2KxevXqzZgxA42JAZUeaRwkDOoA5j08PJwps7GxwdtpJ1KSP2sU36gHijNqsujHf9UB2gvFgDREOJMFE7VtkqEZdibGyORU6BTmKTpuJoyARASZmpqW+u89FdoAEvLff/+NHUaPHt2tW7d4i3oayShUashGmAWLIaUhJmQjGoGsDjuXV+8xQfHPaAha0qGmZEXyAQna29vfuHGD2YGdv5mnOXFqZPQvdsD7qdA5KU7H3Nx88uTJDRo0UHGxWBwLs9etW5eeSmscCI4W/6cOOUbmgKap0yntYQHV+eM7grODRLAMWQpLCqGKiSj8xX+eRFZzRmQvdBwEneauqn8TnB2ZFTJ58OABnIgpsAkhz8TFqpMSBWxI5f3p0ydiLVFMxRiOHTvGVhMmTCBPKK0pDA085QaoFAALWFC0pBAINmIesKA0aQECAwNhFor6Ll26UIarvp4F/44fP56alM5w9G9RP9JBCPv7+wsbqgPCFa6n6ItMgdcdJBmMH7+HXiHEb1KzAO5OGYRInDNnDhHYt29fSnVU8zdv+XLuQlLB76JFBdBcnTp1WrNmzciRI4OCgmC3P/74g4Mqq7UPWBJ/oFLEl8RE4yqrVq0i96OaCxQoMGLECE6Hrz+MZI6LYsWK4Qnr1q3r1asX8c6JIyUtLCywTJJ5hsrj4cOH8HuirsxQGRPdWbJk6devX4peuY0FzbAzRTrCGU9K7KWcxIJJQu/wmdJpIFEgzvfu3Zs7d+6uXbuq8yQJhkLNwUeLFy+uVq3aqVOnzp49++bNGzUZDWABQA2B3yhNWgAmBR4BLDA8pVUlEH3EXqtWrXAhkpy476SOqGH/HIWt3qn3q1GiESKDylmgAnv06BEySlmnfYCX4SBiiuUXL15s3bp12LBhy5cvZ7rRy+vXr0cy16pVS/uvzyQTKGWqQ1Lpv//+Sxa/ePHijBkzUK/79u0jXpROiQHeQnpOrPq2s7O7fv06dQw2V5pSBZphZzwpNDQU0ZTSpaKIf3xXezSjj4/P/v37vb29zczMEnV/GYGJfB4zZkyZMmVgCr6qr4OwQEBAAJ9alaVgTEQfnsDAmCal9VvA6X///fd//vnH2NgYGhoyZMjhw4ehXWV1woDZ4S81SZYCmQiH1x4/flwu6nU5qfBEVJKB9fBwioPt27dPmjRp9uzZLi4uONjChQvhZVK7OhXDD4NSpUp1i/ov9RSdurq6586dmzlzJuLG3d1d6aE2SPyoKDWlQzQ8PDzw6qpVq6bypTDNsDMijhPOlStXci4JqQNhVrQPRxQt3xfQEMr32LFjJUuW7NmzZxLewoNexmjkZIp6aFpp/RYI3U+fPkFPWnXllBMRp5Oo3ImYrVChwrhx46ZNm0YAODk5EYeAICQDKZ3ig6Cwb1YPFLMnT55Ef82bN48wMzU1JRkMGjSouOb+d7LGgZ9zdqhmvOvQoUPQ019//fX333+3a9cuXfFyNHAqnAQpQxafPHkyRiBvzZo16+jRo4miAjgqCc8CMhd58uRJfctrhkyhCYKEylT9K6dJA15LNUf20xJWQpGdPn2ayevRo0e9evXUvzQhgEI8ePCgp6dn7969CTz1b1NkyZIFd+EzpdNhoiCuhuMJpE9sorSqB6a1ffv2yFtolCSHWSDrBQsWXL58OaFrF4Qljice3Y0X8PKFCxfQm8hPMiiya/To0YR3v379tOonPHHBzFJIGRoaQknI/GXLlmGN1HmKS5uBd1WvXn369Onits2lS5f+/PNPGxsb9QkagkqCsGM6gPIlFaExdg4ODvby8lL/zKFy+gMWlCb1AANqyRNREJCdnR3c2qpVK0JI9c3AuED3wR2IIxyuTZs2idqc5ASVI5+B0qQFIHdSTPj7++MMiWVnAaoHqtf169fzSTxs3rwZYuXz/v377FnpFIWvX7/idXhCvOxM2nN2diaGkeRsjpV69eq1dOlSqJ8kqnTSYnBqZmZmUA/5Ccmv4qGUdAjcrHHjxmTZ/v37P3nyZNWqVffU/mcOoaGhVCSxfOmbINxQHql/FVEz7MzQ8Scym7jyoBpoK29v75UrVw4ZMsTc3JyYuXPnjposQ8wTeG/fvtUGVsIzzp49y5x16NAhCQ9fu7m5rVu3DkeB2RO7OXYW1xC0SjuTb1DNTE0yR1W5cuUJEyasXbsWkYuR586dO2zYsMOHDwcFBSk9okrdQoUKkaLiCoJnz55t3boVfidu2ZzZ2bBhw6JFi0iiqfYsVPJRtGhR5CGDT82HBNIQqISoJ5A19vb21tbW37zAJSDuOSeWZ1EA8Fvqc45mYpsIKVKkiLGxMeegNCUAlPLJkydnzZq1e/duDw8PV1fX1atXjxgxgvh5qN6/mSH7EaUpfQnlm4CJLC0tHzx40LRp0+bNmyutagOBiQVcXFygjLp166qT1WICX4TW1fTIVAPuC/B+JG1iL/LEAjupWbPmnDlzYFjsg3aGoxGS7u7uIkiwGM6AqCHexCYgJCTkypUr9ERv4lqGhobIz/nz57du3Rr/1KpMpg6wIbpH+SIRB1RapG2UzYkTJ6hilVaVyBX1Dz9ReImKHVxO/JZd+Z5a0Iy/vnv3jiApVaqUipjk3CwsLEh306dPP3ToEIU8ygiJVLp0aSKKEIKy9+7dS92hbBAf0M7v378nJoHS9D3AMC5durR9+3Zmulu3bjFfmqEmzp07hzWMjIz69u2r4sppQhDXhSBorWIcUqbIGSCx+SZeFC5cWFyRwD0w8qZNm0aNGrV+/XpyG2uJmTx58kRLS7zor7/+Gj169NGjR/X19WF21DeJnxhOc7wsoSYaNGhAhYFIOnjwYMzSKiHQ5/nz54nVdq9evfLx8VHz2U0NQgNei4ThnF++fEnMJHS10c/Pjyp+5syZlJxv3rzp2bMnwTNp0qSpU6cuXLiQBJg3b15KVzrMmDHj1KlTFMjKlnGAPEdYfV9N8fr16x07dqDjcI769esrrWoDcx0/fpxzhJopOJTWRAKChgS1indInHgwbkDmEAo3+eAEkcCDBw+GoDt16iRENM6DXKLYKlSoUIECBe7du7do0SLcCR/Dtv3791+yZAlfEd2kT2VHEj8ismTJQvVJYeTg4KDO1WfIB6olqSeKQAhV/FC8GSY1oZlfcjs6OlJZoGJatmwZUz6jl+/cuWNjY7Nr166NGzcGBAQ0adIE+TN8+HB4DUZGNpYrV068JIhlKJ5d3Yx6jzhiPF++fDHrVkD8Mw1Efu3atUuUKKG0pi7IQBcvXly9ejW1wsSJE5PwMiZLS8t9+/ZRuY8bNy4Jb8mgyDp//vyFCxfgpvbt2+dX+W+xUhNIEiLk2rVrFEBC2BYsWFAjIprY0NPTw2IoaNifQ+AGMDVHIfEfOXIEe+Ibbdq0GTt27IABAyD0WJ4j8aOCBPz27Vs3NzfECkyCdFNWxAdU9o0bN+Cc6tWrq+8hlGXIjsaNG5csWVJpShVogJ0JP7TS7du3y5Yt27x58+ikdPfu3f3791OHrlmzhnDS1dUdMmTIlClTCCFoV/QRgJcJJ1NTU5gOyobQkc98RkZGUtsS5NERThKD60kAyCISpmhMZVAZkWk4u5EjR6LmEvuoDYrvn3/+gUrGjBkjXkysPgT9HTp0iBLE19cXk8LO2vNwGKZgKjk1V1dXkod4Sy8EnYRLN/GCOCT8TExMcAl2jiU9PT2dnZ3xCrI+KZ9sl9DboiV+VOB16ELcwNraunTp0qqL0cePH1+/fh3qwE/UjFxxGZMEAOek8jPymtHOZCTIVF9fX9wfQzI7OTktW7Zsw4YNPj4+OXLkaNGixeTJkynkVSQfkh4KGhOgjxDRpLjLly9ThmTNmhXKZi0c/fHjR1tbW+yFjPou7Pw16p9WbNmypUqVKsi0xM4WlqH6PnbsGLSOxFOd52OBbc+cOUPNvn37dqoQSoemTZuSz1O/4EoITFCxYsWMjIyQ85SQLi4uiA6kLuwMsRIMydfR7IF5J6tVrFgRJ4Gjq1atOmfOHHiZRsnL6RPC3xAElJVEhIrLWWR0lCJeSvGtJjsjiVCEVPP16tVLk+wMjVpYWCDiYGGy04oVKxYvXowVYFVoaNSoUcOGDVNT1MDF6OjKUf+EHFO6u7vb29s/efIEuVSqVCnqC8pYAh4ST+UqQ4Cz27x5M+NB+TZq1Cixl7/J2yQtzmX8+PFqviwUkBLIfytXrmTbmzdvYsYuXbpMmjSpdevWuItW3daHPQkVUhcgK1NhODo6wtHe3t7EDBpHI6NlJyQnqgf8oU+fPv369SMBJJ/6JdIomHpcC4K2s7NDrKAPEnp47PXr19RbuCjy7psPmAkQfeyWDdkEClJaUwUaYOfPnz9fvHjx7NmzFJhBQUHoZQiUhTZt2kydOhW9jKiBuNUPy4wZM8K8aCJoGplMhMPRt2/fJn2x29OnT1NlmJmZqfO+Ic2CM+XUdu/eTW4g38S6PvNNIHh37NhBHkY19+jRQ83LXk+fPj169CgJ7+DBgx8+fGjbtu2ECRPgI3ylUKFCWkXN0eDU8GNmsHr16ozQ1dUVjqa6+vnnn2FVjVzoYFekOuqJJk2ayB/RSRCMpH9oFK4wNjZOiBwQdvAJ+qZWrVrqszPqEylQrVq1JPysITnQjHb28PBA4cIj6GXOH+Kg6h88eDBVBvI5aQyCwKxUqRKGJsh1dHTQ0efOnXN2dvby8mImkI3qv5VCU4Bfli5d+urVq4kTJ5JyEivWrK2tly9fTmKnDFdH+HOgY8eOrVmzBk4n4Tdr1kxcHYKPSP7Qk9JPWwELlytXjunjlBmtuJVH2cGqIkWKJOqqTlyQKYlDnIE4FJWWRDoHToVXWFlZ4WziLerKihh4/vw5ZAUpqa+dIyIiLly4wIYQOv6stKYKNHNXENlPxY2ywygjRoxAG3bq1AljJbPYZPOCBQtC0LVr14bOQkNDKZAxlqmpKcI8Ca8cSg5QvqtWrTp16lSrVq2GDx+e2Ku9fn5+bA6/z5w585uXRLDk1atXV69eHX1D1dzcfNKkSS1atEAvJ9OqqQyyLOyJiKZ+evToESnKxcWFxEOEMIPJ0f73owA7a/Pb5iRSDZkyZaJie/bsGQ5Wvnz5eB+mQgLfunULV8Qh1bzujHZ2ivpveUIsKq2pAs1o54wZM5KIUElIZni5ePHimmUQdFbFihVNov4PN6C651hqGlcjICXs2rVrw4YNJM+pU6ciBpUV6uHjx4/QuqWlJSMfOHCgCmYPCwuj8jpw4ADUfOnSJbi4Y8eO48eP792793e5zq4pUO6gVggYZu3x48eIEYIEJyGcEvt+EgERMyjxKlH/PURplUjfILIImYsXL4aEhMC/cW8PIoEpuXA5dKSa2hkBAd0TlYKClNZUgWbYGR0EXdavXz9Fr5oT4agkcb9eTctqClQG8+bN+/Tp09y5c5HtSqvaYHZ37NiB30ybNi0hkiUBkJ8PHz68YsWKkydP5syZs1u3bmPGjKEQQXum8vmmBPDyMmXKmJmZGRgYUByIJzrev3+PkCGoEvt48pcvX86cOUPMEITyyoaEAPm+aNGixJGtrS2VGb6hrPgPpHPxtALluJoxRdRbWVm9ePGiYcOGyGelNVWgmWuXGIVTTeaVRDUBbSWnHE4C3r17d/z4caane/fuSaBmmOjEiRMUXO3bt0/oupW/v7+FhcVvv/32+++/e3h4tGjRYs2aNXPmzGnSpAmepHT6IcD0YcNly5bNnj2b+Fm3bh2VwbZt2x48eBCZmLdCo50haIoSgkdpkpCIuiONTISRxPO4Sut/wG2gKXSSindOxAI+BgNkypRJxYN6KQT5/oFv486dO4jZ4sWLt23bNgkaFpFIJi8S9a+j473gc//+/cWLFyOrT506hZCcPHkyBQ25nfpL+2/9JQEkVwqIIUOGwNHm5uYPHz6kLhk5cuTOnTuD1HhVgoB4Hx4xljqaQCINgfqMItve3t7S0lJp+g+IA8R1om4a4WMwPlul/o+TJTt/Ay9fvjx48CAFkampaZUqVZRWtQGJUBa9fv26Tp06ELTS+h/QfefPn4eO165dC0nVrFkTnho1apR+qj8smPogToiimTNn/vHHH2XLlrWxsVmwYMH69evVfFcveQ6WJ2zUF0ES6QT58+fv06dPnjx5Dh8+TE2mtEYhIiIiJCQkNDQUEa00fQsIMticz9SXSpKdv4FHjx4hnJnO4ODgN4n8R5N4gBDOFStWbNeundIahffv39vZ2cHF06dPP3PmDFoSUv7rr7969uyZ2Meo0zSKFSs2aNCgJUuWjB49mhKSGmLq1KmbN2/+pqmh5ixZskhqlogXjRs37ty5M9S8d+/edzHeLRcWFvb8+fNE/XcIdACB/PbtW/+oNyOmJjRzV/AHBrPi7u7+4sULZppJzZ07N+yp5uMilN4rVqzw8vIaOHBgzAvWz549279/P3U9nyRkqnvKfPG+unRIN1igVKlStWrVypEjx82bN8lnDg4Onz9/Ll68eIECBeK9FgSIrkuXLvn4+NSoUUP9X11KpBNkypQJBX3t2jUnJ6dq1arp6emJdorgq1evooXr1q2r5lVKyP3o0aP379+vWrVqKnuaZOdvgDlmalFqUKq9vf2tW7eQeLAGddM3b07iHBs3bqxTp87gwYOhdRjH19cXd9m0adO6detgfBMTk8mTJyMbq1evTqWvbJYukT17dkNDQ/FLwlevXsHR3t7etGPneO/GwM42Njaenp7ETBKuOEn88CByg4KCcJKIiAgCTVxrJgBh52zZsjVs2FCdOxZobWtr63379r1+/bp+/fqp/GS9ZOdvAApG2TG7cDSsgY62s7NDR5OcCxcuDKckJO6QdVBwYGDgqFGjmNT379/b2touXLhw/fr1+Afb9unTB2pu3bp10h74/fGAljEyMiKZGRgYEBVXrlwhMB49egQ7FypUKFa9QsixFq2NbdHdSquExH8gcvGchw8fErD6+vrIXqo0NBYhjDtBtarZ+evXrzDygQMH/v333zt37uCTlL/ly5dXVqcKJDt/G/Avgq5ChQriuVr44vbt2xcvXoR/Idl4f3pDNXTkyJFjx4517969bdu2L1++3LJly/LlyxHOEHqLFi2mTp1qbm5etmzZH/KpjCQDS6JxiAEKT1QzdnZ0dLx06VJAQAA5kpJF6Rf17zstLCyePn2KCIr7WKuEBEA+U2MRqogkBBb+gyNB0MWKFcNnVFyfpD52cHBYtWoVta+fn1/NmjUpfwnbVH5ASLKzusiYMSN1N0U0Yg0GQT5DtVTWqLx8+fLFJA5AumZecYJu3bpRpP/111+QNVPet2/fSZMm9erVi/mGppXeEv8LVE/evHkrReHTp0+IaDc3N3Jh5syZMakIKmLs4MGDnz9/bteuXSorGom0AqQPBdm1a9fQy0ScoaHh27dvX7x4oaOjw3JCP4AKCgratWvXvHnzbGxsihQpMnr06HHjxpmamqb+7XrJzokDgo55haP5fP/+vb29Pdzh5eUFd5csWVIQh7+//44dOywtLYsWLfrkyROWIRdSN9M8bNgwkjbTnND1EIloEFflypWDoDEjtQih4urqGhwcTCKkMoW1z5079+HDhyZNmqTym8Mk0hAIyVevXl2+fBlFVa9ePfznxo0bsDMZPVOc/0369etXyrVNmzatXLnS19e3devWkydP7tmzp76+vpq3EDULyc5JARxduXLlihUrQhNv3rxh7hHIiOjChQtTTMHXW7dupehmghHXTO2gQYOGDx/evn37H+yHf6mAggULktjgaPLZnTt3KEru37//8uXLyMhIbA47169fX2pniYSAbEIMvY56rbOBgQF6+fr16+R7lmOxs4eHx/bt2zdv3nz69GlKtPHjx48YMaJRo0bf8edOkp2TDjIw9Q4cnTt3bgptxN2DBw9I1BYWFizTAabu0qWLuMRcqlSpbz7jIREviCKsF/2eQkhZPDxDySJ+0pLK73WUSEMgqRcpUgS2RTN9/PgRefT27VtaYmpnkj2V7tKlS3fv3h0Q9b9Pp02b1rdv37g/H0tl/N+D1sqiRFKBgrO1td24caOjo2NISMjnz5+zZ8+O3IOae/fuXTx1/9vNjw0Y+cyZMyhoBwcHTF2nTh3xNhJltYREfICX58+f7+bmpqurS4FLNdaqVStk9fv370nzBw4cQFHhTiiAli1btm3blm7Klt8Vkp01Awrte/fuwdEXL14MCwurVatW69ata9SoIW/9aRzkQl9f3/Pnzzs5OZECe/XqFf1bAwmJhCBuzl+4cKF+/frjxo2DnZHJx48f37Nnz8OHD42NjX/99demTZtSEKt4liOVIdlZk4CXX7x4AVMXLFiwUFp7TX7awrt37169epUjR44CBQqkwx9YSiQWERERa9asmT17NoJp5MiRdevW3bdvn5WVFVKaBN+hQ4fy5ct/l1t/KiDZWUJCIl0Ajfz7778fPHiwRIkS5HUSPNWtubl5s2bN8uTJo3TSJkh2lpCQSBeA6ywsLObOnQtNlytXrmfPnu3atYv3H1xpCSQ7S0hIpBe8ffvW1tb20aNH9erVq1u3rpb/Uleys4SERPpCRERE3J+iaCEkO0tISEhoI+QreCQkJCS0EZKdJSQkJLQRkp0lJCQktBGSnSUkJCS0EZKdJSQkJLQRkp0lJCQktBGSnSUkJCS0EZKdJSQkJLQRkp0lJCQktBGSnSUkJCS0EZKdJSQkJLQRkp0lJCQktBGSnSUkJCS0EZKdJSQkJLQRkp0lJCQktBGSnSUkJCS0Dz/99P8AgkxF+8JRyWsAAAAASUVORK5CYII=</file>
    </questiontext>
    <generalfeedback format="html">
      <text></text>
    </generalfeedback>
    <defaultgrade>1.0000000</defaultgrade>
    <penalty>0.3333333</penalty>
    <hidden>0</hidden>
    <idnumber></idnumber>
    <single>true</single>
    <shuffleanswers>true</shuffleanswers>
    <answernumbering>none</answernumbering>
    <showstandardinstruction>0</showstandardinstruction>
    <correctfeedback format="html">
      <text>Your answer is correct.</text>
    </correctfeedback>
    <partiallycorrectfeedback format="html">
      <text>Your answer is partially correct.</text>
    </partiallycorrectfeedback>
    <incorrectfeedback format="html">
      <text>Your answer is incorrect.</text>
    </incorrectfeedback>
    <shownumcorrect/>
    <answer fraction="0" format="html">
      <text><![CDATA[<p dir="ltr" style="text-align: left;">A</p>]]></text>
      <feedback format="html">
        <text></text>
      </feedback>
    </answer>
    <answer fraction="0" format="html">
      <text><![CDATA[<p dir="ltr" style="text-align: left;">B</p>]]></text>
      <feedback format="html">
        <text></text>
      </feedback>
    </answer>
    <answer fraction="0" format="html">
      <text><![CDATA[<p dir="ltr" style="text-align: left;">C</p>]]></text>
      <feedback format="html">
        <text></text>
      </feedback>
    </answer>
    <answer fraction="0" format="html">
      <text><![CDATA[<p dir="ltr" style="text-align: left;">D</p>]]></text>
      <feedback format="html">
        <text></text>
      </feedback>
    </answer>
    <answer fraction="100" format="html">
      <text><![CDATA[<p dir="ltr" style="text-align: left;">E</p>]]></text>
      <feedback format="html">
        <text></text>
      </feedback>
    </answer>
  </question>

<!-- question: 126855  -->
  <question type="multichoice">
    <name>
      <text>Question 15</text>
    </name>
    <questiontext format="html">
      <text><![CDATA[<p dir="ltr" style="text-align: left;"><span id="docs-internal-guid-db9f3682-7fff-21ee-036f-ad6841fe18ff">The top row in the image shows two views of the same object. The object on the right is obtained by rotating the object on the left. What object do we obtain from the options in the bottom row, if we apply the same rotation to the object in the middle row? </span><strong>Select the correct answer from the available options.</strong><br></p><p dir="ltr" style="text-align: left;"><strong><img src="@@PLUGINFILE@@/15.png" alt="" role="presentation" class="img-fluid"><br></strong></p>]]></text>
<file name="15.png" path="/" encoding="base64">iVBORw0KGgoAAAANSUhEUgAAAewAAAFtCAIAAABKpM5KAAAAAXNSR0IArs4c6QAAAARnQU1BAACxjwv8YQUAAAAJcEhZcwAADsMAAA7DAcdvqGQAAMAjSURBVHhe7J11QFTZ+/+/btmdqCgWqCgCFiIWWGBiYWF315br9q65dtfaHRhYqCgiiIAogihgURZ2t7/Xh3N3fiwxzMCMy8h5/zGO55577jnPeZ73837u3Bmyffjw4f8kJCQkJAwTnyn/SkhISEgYICSJS0hISBgwJIlLSEhIGDAkiUtISEgYMCSJS0hISBgwJIlLSEhIGDAkiUtISGQ6vHnz5vXr18p/JNRCPicuISGRiXDjxg13d/eQkJA6dep06tQpZ86cygGJVCBJXEJCIlPg/fv3vr6+q1at2r9//61btypWrNi7d++uXbvyRukhkRKyOonfv3+fzE/tVqxYsVKlSimtEhISHxeXL1/28PDYsGEDPF4uAcTmw4cPGzZsiB63sLAoW7as0lXi38i6JI5/hIeH4zcBAQHPnz+vWrVqixYtrK2tjYyMlB4SEhJ6BvyD6Pb393dzczt58uTr169r167t7Oxcs2bN6Ojo7du3cyhfvnyEZ/PmzRs1alSkSBHlTIl/kBVJ/NWrV9euXdu1a9fevXsvXbr0+eeff/bZZ4jx0qVLN27cuEePHqT9HDlyKL0lJCT0g2fPnp0+fXrz5s2HDh16//49ortdu3Y2NjYlS5b84osvaFHxu5eXV/78+bt27dqlSxckOUeVISSyIIlD36T33bt3X7x48e3bty1btmzTpk2hQoX8/Pxo5GilSpUo31xcXMqXL6+cIyEhoWugn3bs2LFly5bIyMhq1ar17duXUtjY2Pirr75SeiQAdRUVFRUcHHzkyBFeTUxMXF1dEVvyA8//D0g8i+Dhw4fQdOfOnQsWLMjC8Ztp06bhSSR8jt69e5ej3bt3L1asGOUbPL5v374XL16IcyUkJHSF27dvr1ixAiIm0Ch/Bw8e7Onp+fz5c+VwKggLC0Na5cqVq1evXogtpVXiw4esosTPnTu3bdu2nTt3Xr58uUqVKo0aNUKD29vbJ8nniAL8acOGDRRxZmZmOA2uZm1tLe+uSEhkHNHR0YGBgfv37z927BisTWR16dKlefPm6j+IomJGbPn4+KxcuTIgIIBTJk+eXKFCBeVwlsenT+LXr1/38vKCvnECMj/E3b59ezs7uwIFCig9kuH06dOrVq1CmD99+tTS0tLZ2blNmzaVKlVSDktISGgJilpfX9+tW7ceOXLk5cuXtWrVcnJyQktVrlxZ6ZESXr16FR4eTvwePHjwypUrFM2ELcV07969qZiVTlkenyyJs9+PHz8+e/bsxo0byfzv3r2rX79+165dmzRposkH3Hfu3IH3N2/efP78ec5Ftru6uiIcODfJPTsJCQk1gIjv379/4MCBZcuWhYSEILoHDRrUrVu3UqVKffZZqt8YR33fuHGDspgYJIqzZcvWtm1bGxsbtHzp0qVbt25dokQJpWuWx6dJ4tB3UFDQ8ePH9+7dCx1XqVKFkg0iNjMz+/LLL5VOaQG9EBUVhR53d3e/cOFC4cKFHRwcyAFQedmyZTUfR0IiawIijoyMhII9PDyobr/44gtip1OnTg0bNsyfP7/SKSU8ePCAuhn5hQYn0DgLBqcajo+PX7NmDWKcHFCmTBmld5bHJ0jiYWFhW7ZsQX3jQOXKlevSpQv0zRs190/U4OHDh4zj7e29b98+VHnu3LktLS2p5igGs2fPrnSSkJD4N9DRBw8e3LFjR2hoKGUxAqhDhw41atRAR3/++edKp2R48+aNr6/vnj17CLfY2FgrKyvxLAqUnSNHjosXL86ePZv3BKCxsbFyTpbHJ0Xijx49omojgaPBnzx5Ym9vP3z4cLxHfdrXBC9evEBQ7Nq1C1WOJ5mbm3fs2NHR0ZH6TukhISGRgHfv3hGA69evP3LkCERsamrao0cPFxcX6mClRyogsih8iTLUUokSJdonoG7duiq1RD6YP39+0aJFBwwYYGJiIholPhESJ4EHBQVt374dDR4TE8MGw7CkazxA6aELkCROnjyJuIDK79+/T1XYr1+/Fi1a4FVKDwmJrI1r1665ublt2LABwiUMEVJEYpMmTfLmzav0SAnUuzA+Zx0+fJj/Ir179uxJZImngVW4cOHCvHnz0GSDBw+WT6eoYPAkTton23t6eq5duzYgIKBIkSIQd8uWLZs2baqngos6EbEPIiIi0AtdunRBL5QrV45LZ8uWTekkIZHFcPfuXUhWfJOO/0LE7dq1IwzV18HUuJGRkZyCcr958yayvW3btp06dapatarSIxFQ6LNnzy5UqNDQoUPlr2KpYMAk/v79e+Tw6dOnkcYnTpx4+fKl+NqunZ0d3KrmvlvG8fTpU39/f/Q4ZSOcjj9xUQcHB/JHvnz5lE4SElkDEDH0iogmDB88eFC5cmUnJyeC0cjISM3zJ69evbp169bRo0f37Nkj5Ffr1q2RXzVr1syVK5fS6d8ICwuDxJFKY8eOrVKlitKa5WGoJP7s2TM/P7/9+/fv27fvzp07tra21F8NGjTAFT7O541UAPhrSEjIgQMHYHOovFSpUhSA3bp1s7a21msKkZDIPHj48CHqe+XKlShxRIyzszOvRYsWVR+G9+7dE+obXkZZQ98dOnQwMzMrUKCAmnI2PDx8zpw5sP+4ceOqVaumtGZ5GCSJnzlzZtOmTYcOHaIQw1fgzcGDB1tYWPwn1ImaoIoknYC4uDgckfkA+WuIEp82oqOjPT09jx07FhwcjHaGiEHVqlXV/zrV48ePEezwPufy3tzcfNCgQagfTZ775opr164lAQwcODDF+y1ZEwZG4lFRUQcPHty8ebOvr2/u3LnRvBRuJP9y5copPf4j4Fg+Pj7i0ShEeseOHfv06VOrVi0pySU+PaC+Dx8+DBEjX3LmzEkF3KpVqzp16qj/9BKcO3du48aNVK5PnjypXbu2g4ODpaWljY2NhmFy/fr1DRs2oMR79eol74mrYDAk/uDBAwT4rl27EODPnj2Dvh0dHSncqlevnnme1759+/bevXv//vvv0NBQZtizZ097e3v5a4gSnwwg0LNnz+7evRuxQkja2dm1b9++WbNmhQoVUnqkgtjYWC8vLwpof39/ilQXF5cuXbpoS8RI/qVLl5YpU8bV1VX+CRcVDIDEX7x4cenSJbI3mf/+/fviVxeaNGmSaVOxt7f3ypUrPTw8cuTIwTzxcltb28KFCyuHJSQMENSXRJ+npydEjABHmrRNQJrPgMH1kC/BS0SIb/1069aNiEjHz1cg4xYvXoxu69q1a/HixZXWLI/MTuJ4ADl/7dq1gYGB2bJl69Gjx+DBgytVqqTbHzDBCDp8OpDR7ty5c+DAgS1btly8eLFo0aLt2rVr3ry5qalp/vz55WOIEgaHN2/eCCJGg+fLlw8h3KpVq9KlS6v58QmiANl++fLlPXv2cFZcXFzNmjU5EVmDbE9fFISFhSGPCCh4QH5jU4VMTeIxMTGkfbYtPj6ews3Z2VnnT3+z/IiIiBs3buCRuv2dwpcvX+LBJ0+ePHr0KBUo9I0Ho0GkgpAwOFy9enX69Olbt25FVKG+f/31V0tLS+VYSnj69Kmfn5+Xl9fx48cRNBUqVID0Cd5y5cplRH4RqrBBzpw5e/fu/Z9/DJZ58Pkvv/yivM18IIHPnTuXncuePXufPn3Q4On7/ZPUEBUVhVheunSpm5sbPvf48ePChQvr6hJffPFFsWLFypYtC4MfOnTo5s2bCBP5914lDBGQOAXxixcvPv/883v37hGS6KqCBQumeJPw+vXrK1asmDlzpru7O5TdqVMnItfR0THj394gH5w6dSpPnjxWVlYZ/y2NTwaZmsT3799/8OBBuI9q7nUC2L8iuvhLqY8ePfL19SVDwOBBQUHUepcuXQoJCbl27RoVIuSb8b8Cgcf7+/tv3LiRcpL5586dmzKQitLU1FTpISFhIKBUvXLlio2NTcuWLQlDRMmJEydg9nz58lEZq54pfPjw4YEDB+bNm4c2ImzpPGLEiJ49e6LEdfJXMYnT7du380b93wPIasjUJB4YGEhWp24yMTEJCwvz9PTkv1Rq8GyhQoXUfBlMDagHSeabN29GLOCISAkERenSpXGLkiVLhoaGnjlzBpdF+8O56fu9Wbwcj9+2bRtJAv3CVBEjCHAuVL169YoVK8rb4hKGBdgTiVOtWrUePXrUrl2bqIGjg4ODiRe8vXjx4u/fvydaN2zYQFihh2rVqjVy5MhRo0bxRld/FYu6mYp506ZNMTExyHAjIyPJ4wKZmsR9fHzI7S4uLiRzeJZi6vTp06gAthNJTnWmlX8ghy9fvoyfTZ06ddeuXfwXbh02bBhkjRcOGDCgd+/epUqVunjxImri/PnzHz58EN//1JzKcWWKTU6fP3/+6tWrmbyTk9PYsWMHDhz47t07cgNUbmZmJklcwrAAb3p5eeXMmbNq1aooKhQPIGrgcXHXOzIyctmyZR4eHnh4v379EOBNmjRJ7dvz2uLx48cnT55csGDBzp073759S5SRJ8grjA+Py7+YnKlJ/Ny5c7du3bK2tm7evHmNGjWsrKyKFSsGFULl6AJYGDdC3mrCieh32H/mzJnr16+HZ1ETsPaQIUMYnKoQL7SwsKhcubKpqamlpSV5Hu+Ei7nKs2fPkNKaPFXCJXC15cuX481BQUHly5fHlYcPH87MSQOsJTw8nKrC3NxckriEYSE6Ovro0aMoJ+IF3sSBCQqEOZUlAUKJjOeL299jxoxp1qyZJl+/1ARQNiU4emjWrFm+vr4EKeq+devW8Dj1NBe9fft2vnz5EFtZ+Vt1mZrE2SS4r2LFijVr1sRFEOM4TZ06dXAm6BVpgGp+/vw5PK6msEJQQ/pIYzI5G1+mTJmhQ4fiCg4ODqQE9h4vQWjQXqlSpS+++AL/4yoAT6X/4cOHKQiePHlC+abmsxRIn0vMmTMHYcKEEfVcxdHRkUuI2z4Mcu3aNYYlVUgSlzAsUPseO3YMZyb6VLGGNBFR8+DBA2piJAtFM86vq8d/Ufdr1qyZPn36nj17cufO7erqiiRq2rQpQYTSQiRR6TIrIvT+/ftUAFn2o85MTeJkeCRtlSpV6tatK4iP0gm/QdtCtREREXQ4c+YM5EhhVbJkyeT3PUjUmzdvxg927NhB9m7Tps3YsWO7dOlSoUIF1a0YUoX4E/i4o+oquAhXMTY2jo+PJwd4e3tfv34dT4LKk/gotYKbmxtKYdu2ba9fv27RosX48eORJIyW+KukZCPmiYtTkKbvbr6ExH8FAuTgwYM4v42NTRLBhDOjqAiZ/v37I8+V1ozh3bt3+/fvnzp16oYNG6iSkfajR4/u3r07MUWMI7zQbdQBZmZmBCNXJ0Ip0OEESEAZIishs5M4OwSZ1qtXL7F6RYlTWJmYmCCcoWkh2F+8eEFVBUQfsjTMu2TJksWLF6Mj7O3tBw8ePHDgQDs7uyQ30bjK1atXqROT3K3Omzcvlybt47ukelQ5CePRo0dQs5DwUDa6m0ssXLiQjNKkSROUQt++fVErielbAAanbsD5ateuLUlcwrCAKBYf0RM+SZgaEUMUEH0NGzZE5SitGUB4ePimTZtmzpxJXBPmxNSwYcPq16+f/A570aJFiSZKW0ifHHPp0iWi8tWrV/ny5dNVNWAQyNQkfujQITYGTiT/J7kFAQ+iam1tbU1NTdm50NBQKDs2Npb3gDcI8Hnz5uFe7DTcPWHCBEdHRxXFJ4avry/ZHrGf4t8KKV68OIfEbxxzlRMnTpAwSB4Iedh/8uTJ7u7uuDUy5JtvvkGGp3gJIB5hFFpGkriEYQEl7uHhgZ/D1Ek8HFlDXBB0BGNGSJxCOS4ujmBcunTp9u3biXcXFxcEOHWzmp+sIBLFt/8IRkgfEiDKnj17lj9/fiqGLBJomZrEya6IaPzGysoqCYkL4DTIZ2ixTJkyOBNK+dixY2fPnoVqDx8+zBa2adMGP+jYsSM7neIIAO+8fv06l1DdTkkCHBTyFTkf/zh//ry/v7+Pjw8eg95HgEPfvXr1Uv+LPAgZTqxVqxaSP7WZSEhkTlBoEozUvo0bN06ixKliiQWq20aNGqX7aULx+7TLly/fuHEjVE7Ijx07lpgiJNUQ8cuXL+GH/fv3b926Fd2GHv/w4cPTp0+RWWQd+J2KmZr4kw+3zEvi7AeMfPv2bSo4NT8Azw5RPVWpUoVuJUqUuHbtGiROMdWhQ4chQ4Z06tSJc9U86kT+xzthfN7DwoyQ2pbjDeXKlatXrx7a/8qVKwEBAZQC3377bb9+/SwtLZPcokkC6HvFihW4O1WhJHEJg0NYWBhciYiBqZN8fghdwr9EnL29ffpInCJ12bJl8+fPv3jxIqE0YsSI7t27E7bEVGqRAn2Hh4fv2rWLahvZDgM4ODhYWFgwh759+6LBT506deDAASIOnQeVf9p3VzIvibN/R48ejY6ORr2yo+qJ78uEr/+Ym5tDxEhyJAOZnE3NkydPmiUV4prUTTkG+6OsGSG1Z10YSiSMN2/e3LlzB21OnqAzUl3pkQx37951c3PD1cgTVAOkFqhfkriEYUGQOPKlQYMGSUicKvb06dMEGjSa/KOgNEECmDFjxqFDh4hZV1fX3r17I3TUhy1lwdq1a4mpbdu2ocQpheF9xDtRSfC2b9++atWqQs+hz5gboQo/0II2V4b4tJB5SZziiFwaExPDprIrmhAf+ZasSzkGq7Zo0SL5wyrJwbBGRkZly5ZF+CMEoHJecSC8ITVZwdEnT54gxosUKUJ1mZq3IRZIQrgaRWJgYCACfPDgwTicTj78kZD4mIiMjETbEoa2trZJ/vLDzZs3ofjChQvD75qTOMTq7++/b9++DRs2vH792tnZecCAAa1bty6u9ufh0FvE1MyZM1euXAlHE1N9+vRBSKHzkO2+vr63bt1ikkWLFq1evXqlSpWYKtM7efKkn58f/Ylogl2N5DJQZOrbKeTne/fuQXzsh9KaFh48eBAQEPD8+XNkMvlcaVULtpY6kVQBlcfHx3t4ePj4+IhvEjFCitkbBsczOASJp1ipxcbGbtq0adq0aWiBggULdurUafjw4W3atElN42cqEFREC0noxYsXr169Iksl8Xu2BvuQZTWPB8ahKCF0eSUFkl+T2O3t27fsNdtHT4YVZucSt2/fvnDhAoKL9+/fv+e/SD+KLXJh4iTNUSasamGG9GQfcQbCmG0ltYtvddGHc+n/9OlTLkcjaZvxkQv0ZLFEPgVZaGgo1+Uoe83pzDbN7MuYN27c4KKCMpjnmTNngoKCGBl2E1vPEhiTkcPDw7kc/2XYzE8rGIG1UBBDl0nswIZiwFy5ctnY2GhyOwXLIOo3bty4ZcuW9evXh4SEODo6IqXV3/5mQ8+fP79q1ar58+d7eXlRE/Tv33/kyJFElvigFacicrFtjRo1UHK0lC5dulGjRlTn7IsotRkB3+aoQYSh5si8P0ULTXzzzTf4+oQJE+zt7ZXWtEB/Si28Ydy4cbCn0qoxCF0cizKNNIDoaNmyZdOmTSH3JO515MiRhQsXGhsb//nnn0mECQEfHBzs5ubm7u5OiMLyDALUfMKeqQB/kZ8wIzUKtFioUCEsUPGfv7/BpkBAxCH0x+pot7S0TDMkSAbHjh0j9hBKvIcF6tWrR+iK5wqAeB6Uyvf+/fvsGiHavHlzRBPG3Lx5M9FOHysrK1q4NJzIe/QX+0I7OwV1UuvAJqgw1BnzISVQxv3111/sBcFMPqaFS/OGE52cnC5dusSUoqOjoW9mRRQQ3uTsYcOGcRQ6gCzIxBhB8C+FHZV+mjpx586dS5cuZXC2G0ZjOeSkcuXKicecsRhr/Pvvv2ET3tMBwciwMGMm53HWNWXKlI4dOw4aNCjJB5ukSZacP3/+H3/8Ub0nsJt0hsHhU2yFYdkyLA99EyCYHcJNEk2AjSMfUwcQ1ydOnGCPiCkEeMOGDRPrADbx999/5/W3335jHKU1AY8fP+aiu3fvxgO5HNfq2rWruGmj9DBwZF4ljunhQbaZMk3zv3AGxSCFcCmSsCa3U5KALF2nTh0UB+EHU4s4xzXFDTXVLR2CEAXBrPAklVTH22hftGjRihUrcBfU/XfffTd48GBCNLlrZlpgQPITkuf48ePUp9BrzZo1BV3CO3DlrFmzCCcsg31YL5FgYmKiXoIxJmdt376d3AALX758GW5FuxFsRDKJYe/evVQt0C5JlEugZDE4koro3bFjB8ZEpGNw3tABBQ3Lk2Lz5ctH0BKcTJiqnNM5EXZgthgc8Yj+EjJcMLXIH5xYpkwZhp0+fTodIAK8RTAFDoPbUIzDWQwoEhWcBZszGlzDjqthW/ialXIt+nAup5D7MQ6XI+uQYFj7zJkzqS/pCcvj29gB/4HKM7mHUE+w41S3OHOSeyYsAVfBSs2aNUst4jBvWFjY8gQQUGgyFLT4YTsYGTvs27eP9IZZyNOYQqWZ2E0GX7BgAWHFLqAn0OxocAsLC1XcCXD06NGjNLZq1SrJXXsmLJ5hq1ChAm5AN7wIj0VDqHnkwYCQeUmc+ggSp3Bu0qQJ+620pgXCEm9DzbHfSbZZQ7DlbDZxBY9A5aQERCKlMftNNAoeR1CcPXuWkLazsxMOhw+JJ9PpDAvgo0OHDnVwcCABZP5iOTEQpJAdxAd9wztdunQhiQrNggQWC2Q70NGQ2p07d1DBvEHtitOTAx4U35PCXK6urj169GjTpg1DwWjYGcKF2Ul7cXFxmAuth7rHmOw7WZCjFMvIdriVU2jnul9//TWqrVSpUuwOZRPhDVPD+IwPU7Av8COJh+0jGYsvB6DWEV/Itw4dOnCItAGTkqJQx2I0qIStJP4hKfG4G7wzcOBATuFEVscloHv1jyHhb3AQI7BA/kuuImF8++232LBKlSoU9eSbPXv2IOqHDx/OsDARCQkDQvFqDJgZgGEhPtQrc07C1GwfQYe1idMUI47sKG4tkoPJvsQFPgB9s6FEU69evTA+VmUQNoULsTuYEZeLiIjAMWBwYpD+GI0qCi4mYajklAqYkQ2Fmqnhkt/4IgZhdjyKPITnQOV0vprw7ArRyrSTD2hAyLwkThgfPHgQTiHDq+ruNBEZGYlqIG5xqXQocQF2lK2FFwha5B7eRmKAhghsmAI2h4AQhnA6BEeBhgacMWOG+IUHaKhv375t27Yl+acvi/y3YAmQMh6PLKLw7Ny5M/FJO5yOlF62bBl0Q00Nu4mHuoQSp4JJLQywD3RGjMGenEUUkSaxGEmaREu4sl8wL2xLiLJrjEnIkUWgeLiPwdkIGlH9uAS0S9izv9iWzIqHEPPwQr9+/bA59M1mIeUYh43DbVgLWRb2h75bt27NaPAFayGvsInigxA60I2ygPccZbZUA1wd1qAsI+a5HCROJqhbt66aGpxxuDQrAkhIJCrzZ8mMgM9AHOQGps2wTI8+XI6EweVYIJdTRsmUgO+gVJINXp0krDA4h3AAjJnE4bGzCA30Df9t167dsGHDCGe2hkoFRcwukzhZOxZAGaAeoPKTJ09SxLBByHb6FC9evFu3bvgGPXmfWkyhJ3Akto+UkJq+5lxGYBVINHYT5xE7wn8NS2klQaqfJPzngDHhBTxGqySJ8mWfSMgIH6UpvSBcSfsoqalTp/bs2ROPRIdOnjwZX8FL8FoSDO67ZMmSSZMm4XkIxokTJ44fP75hsm+1GRAwOAkMxQQhQuUqzmIXoGMWDp1R/K5bt476F1M7OzvTWfRJEVAbQYv1CEhs9ddff/3222+IaDIEHIcNoWauhfVEgoR5CTNqKbKIMkTCc0fwI1ZNfEOWMpxzyTqIfXIqe8GFyDFMFWZXOiWELq8QhMol6E8HeBYhP2rUqDlz5iAzxSHw8uVLVsqUVJ+pMCzXhXATT0k9IAWckAuxQNHCFRlHFPWiBVMzLPbhiqIl04JJwnowr2o5KohVYKvEcYq10T1//PEHGhEBTv7+9ddfv/vuO1I4Q9GBcTAmiZwd5L9Ym+L1zz//pDDC60RRS3oj2/3888+EFTGVXF8nBsOya5BGmoEP0ZM+uSKpnVQhPv5RjhkmMi+JE3v4R+Iw0AREDpvNicr/MwxcCsEIdwN0mb+/Px5GfYcHoNdWr169Y8cOmG7cuHG4IOIUF1HONGQQYHBW4qDFsIRily5dCIBLly5t27YNhUWIYgroSX0YQFKoZkQZ2Y4oRdE3atQIOU8gEXUQOhU3lCo600Jgo1uJcNECiEymxLYm/iyLbqhpyIKAJ9H+8MMPZAg2hcsl9hkGZCgYX0XBRDtzpg9v2N+SJUuq+BrgeCINCLoBzJAyn2vRKFrSBJTH+BhNZRmWwDTu3bsHwYkWrs6sUKOZn8SZITNnUcr/E4F1EaRsjbhXLr4wuXjxYhh8165dbDE7PmvWrPbt2/NenAIIE/5LqCb2nIoVK6K4R44cSVUEaxNxUL+9vX2Su/ApgnGYRpoMTt2wd+/en376CRXCblIBIMN1SBf/CTIviRMAhBOBp3nkAHaRoCU8lP/rCGiozp07z507F7LGD1auXAklCdja2i5YsIB2cdvh04AgcQJSZXxiGO42MjKiNEFQjx49Ghnu4eHB2i9cuCD6pAj24saNGxAuG4rGh4URbtQx4hAgVTAyBTsbRyNMd/bs2bi4uMThzXzgPog+Md8xNyZJhNeqVYuYpyAgjKFFuCaxz0CmECW7pmJPwOAwSIsWLaD+AQMGlClTRuU2vIG1yTqwNnNDD5KxKD4YWfOim8pD9FdlAqYUGRkp7sWTtFggpQkqlempuUWTSUBYYWcSXuIkKsCmIGju3LmD8THXpk2bvv/++xUrVhC8gwcPJmSodUj8Su9/AG8yGmGl/D8RqFTYUMKtW7du7IvSmhbYUGo1knFqjIwzY22UFq5L2OLJrVq1QpeoF/gGgcxL4sJdcJEU839qIAIB/qT8X6coUKAA9T6MACsRnABqI/I/DfUtAF1CXqdPn7548SKvUJigNugSyiYmoR42BTquVKkSdAxVcUicmyLYC4KcbhQ0KOXevXsTulD/b7/9RiULNRQpUgTSRLXt378fwcv4vGH3SyX6LRoYQRA0BleaEuQhzGhpaUmdTsU9bdo0XqtVq0YfIlbplCDYo6OjIyIiVI7ExkGvtHOhDRs2UBls3br14MGDQUFBIltgAf77+++/owSHDx/OtLk0hKL5RtOfVXMJlSsKiiHhCR7p378/qvP48eN169atWrWq6JNpQQJm/tgteWRhLpEjSU4YauHChbgH9E15xAJT07lwLlssYjwxRPxyFMdInMXTBP0JTzYo+QxpQSXgcmPGjGG7cdoJEyYwvWHDhnEKsSw83HCRqZU4kUaUsqlKkwags1BhWnlAmoAvTp06RVRPmjQJf+3SpcuUKVPwVDh9zZo1OIf4wVultyEDBTpz5kxCESLz9PREgd68eZP2kiVL2tnZIRuXLVtGwTt27Ni1a9eiKClEVE+RpwgiBI7GgJA+doNnqa8JHupZiJvYa9CgQZUqVY4dO4YZe/TogdJHjFN9W1hYKEMk7CY7C8MmrpcJTsidgoAJkAmohOrUqVO+fPnkYQyPJA5UlK+xsTFruXLlCtOYPn06aQBihV7JK1wCRXnr1q2NGzdSc4iHmm1sbFxcXJi2MkRagPKYCXNjhqKF6ZHGuC51xpYtW06cOMGwlPOsNJM/mgKgb1GcYTSl6R+wg0Qc6ZCaxsfHR9zF7tOnj5mZGUZQOqUEhiIBJLkBwjaRa3EAjKM0aQYiEQ/BV6mBlKYE0EJsjhgxgl1mT7t37z516tRevXqJT31YERnI0Ek88z6dQtzCm+wlQa6eJhIDWjl37hxBy1m4l9KaMbD3q1evRoR6e3uTxqnykFHNmzeHZeAOAv7kyZNIKhgBj6SDet/N5GA5oaGhhKW1tTXFJq9EI6yHMcuVK1esWDFChT5EIKwkfm+ocuXKBLlyfjIQIehiZDWdkZzwIJQNbWEoRobFiCUqazQUhS2mo5qGLjt27ChuuQjgDMQbVTnbqiqxoRVGq127NsOqJkDux1usrKxUqplDTLV+/fpcl6O04B7iWuQVKnfUIsU1QzEfdDGTYc7MkLVzFOZt3bo183FwcND8vgfjm5ubc1FYW9yEgc1ZERUMzM70qOU7d+7s7OzM/MWsMjNQsocOHcImuERiI+AMZF93d3e4EmMivWFJ4iLNFcHU58+fj4uLY/kYRGlNuG+D+5HnTExMOKS0agCcgfBELjRs2FDcfIc6xDPmy5cvR5Ewc/GMOcYXzHD16lVOwU+aNWumW833kZF5v7HJxKi42WkEL4yptKYFGHzWrFmEzYwZMzL+iAhKgRJ7x44d4i+0tmvXDgZH7qnKQBopkPFvlAhTJXSdnJw6deqEPjXQe20smQKTYMC5Kf9hOoJWRZGECrkqOjqaYCNUiDRNPgl49OgRpI9BkEtKU8K9b7ZY3BXl6N27d4k6LkQfNi55Dc6UsDYMq8rNEAGz5b8qWkGDI/l5ZRDVnPkv48OheIUqVrk0ko0RoBt2kzdkGibDkjnEZGhhEHEUpHhPIB0gO5ICmRtzzvzcrcLu3btReyQzeDAx57IcihXiFItRUvz6669kRE0I8d69e5QjhMywYcMSl1zsFLFGdduiRQsqM6VVA6DeFi1axCZSyeG0ISEhBw4coNQjJZBNycEMSEpWeQWgGOIUpMnkyZMNmsQz9W+nuLm5RUREQJpoPaU1LURFRXl4eBC3KJ2M0CjeCVVt37599uzZbDal8dChQxEaiD4hrATwCaHy6tWrR0xSjPv5+ZFImADiDsZR+hkOYCs0MsIZ2QipQZGJ/RsqREsidalG0WUaKlMsw14k4UFGBuI9JiXwyAqijklsYRWEVFfdnQAMCM/CsMr/EwQ7jbQknjPvOYudStLIgCyQEZgGC+HSjE83MRkxE/owWorzSR8YSiSzxAvJ/CAMAwICKJvQs0xeaU1YDvYhcaLEr1+/ToIX6R/Dql8gKZwBUeLIncRZgcBhkMDAQKouwkpp1QBc19fXl9xARXX06NE5c+Zs3boVzUEh9d1337m6ulLAJXYAQLSSRSiVKO+UJsNE5iVxaJScHBsb27hxY61IHM6FNVANib1Nc6AFkKKenp5Lly5dt24dfkA+GD58OK8EttIpGRCPlpaWaArcNzg42MvLC21Cf/FxeRLvkZAwLFy6dAmKrFKlirW1NRyttCYACkbZwLmwtr+//+HDh+mMw5OSSY2peT7lCGLr4sWLDg4OiT/BhsQJYeQzAhlhpLRqgDt37qC79+3bJ36eJT4+vnbt2v3796eOr1u3booZhWwRFhYmRJjSZJhI9VZmZgCyCNmiodwTQBpwFq4AlCZtgPpesWLFqFGjxo0bhzs2bNhwypQpkyZNSvO7BgDKbtasGWmf6qxRo0be3t5jx4794YcfIHQygdJJQsIAQVn8PAFJPocEhBt1avfu3XH7adOmoXzR0d9+++3EiRNRQm9TeSqBOCUZUAMxstKUAEYTtZG2IUy2QPY9fPgQakZZM5l58+ZB4iQexlQ6/RtIPWoI0kn6uCLzIPMqcXDkyBEyKnlSqw82/fz8EL+Ojo5p0m5iiI9o/vrrr1WrVl2+fBlNPXDgwH79+nF1xHVqfpAEdCPlUDdwerFixSIjI5EbpxP+FDcUb2RkpPSTkDAoIG58fHzEB5uEg9KaCERc/vz5keQ1atSgG2GLiDlz5gwsKT40Vvr9gxcvXly4cAH5DOHSX2lNyBY3b95ETSOQbbT5a7Qw+NWrV+HlXr16DR06lPKd66ru16WIuLg4Qp6ZOzk5aX6hTIhM/XQKmRz6q1OnjpmZmdKaFthI6r68efO2aNEiSd2nBlRV69evF8+fcK2+fftShYnvmKXjTggOIe6ukHuYA86KryAQmBX+mvgeroSEQQC+O3/+PIrbysoKN1Zak0HcRalVqxZsjqCGxI8ePSq4tWTJkok9/1nCn9O6desWNSuHlNYEEr9+/frx48fRQJS/mnMrg3NKvXr12rZtS5Rp8pFDTEwMgq9gwYItW7Y0aBLPvFN//fo12RW30Mq+1FPUR5yl4YdR9+/f3759+w8//PDHH38gAVxdXRHj/BdHVHqkF7gRKuPPP/+cNWsWNSY8PnXqVC8vr+QFqYREJgeci3amtIWOlabUQfTVrl37xx9//PnnnytUqODm5vb999/PnDkTff38n+9bvXr1ijEZLUm5/D7hK12PEn5QRavAh8QpAuzs7NTkmCSgSmAClMgGzeAgU5P404SvfWuSVFWgP3vzNuFLX0pTKhCfjy9ZsmTKlCkI8GrVqv2aAPxA6aELUNA1adLE2dkZuUGJcPDgQaanHJOQMBCgdRDjBJfmfIcS79mzJ5Jo2LBhCJd58+Z99913mzZtioyMJB8QBY8fPyZOk4gteopv8OfPnz/NEM4gmAavZBF9X0jfyLwkTmHFjrLN2n6+QU4mwapR4qiAsLCwZcuWDR8+fOHChbjLpEmTFi1a1KNHj8RPO2UcLOHatWs47pYtW27fvk0L6iPJJzkSEpkfOC1aSlvFSn9bW1sk+Zw5c9AxN27cQI+PGTNm69at4eHhtxIgRLcKIjoIXjXxqytwCfEhqvJ/g0XmJXHom8wPg2vFepwFiat5TBX6nj9//siRI6dPn44W6NixI+q7X79+1atX1+12kirc3d3Hjx//008/xcbG1qlTx8LCgrlRYSg9JCQMBDlz5syT8J0vbSUIoqpgwYLNmjX7+eefYfBWrVrdvHnz999/nzBhwvHjx4nWJAPSP2/evMTvRyBxKAIS1+QGUSZH5iVx6Fsoca1uIlMcCW9Lrt/v3r27bt26r7/+Gh8KDQ1t0aLFlClTvv322wYNGqT4gXu6wZwDAgLED63wxsbGZuLEiaQNSByXJTMp/SQkDAS4NEUkMZW+Ow+cZWxs7OTkNHbsWGKBiKAwvXPnDkInOYkjdODWL3X0FVk1gCVYVJJSwBCR2ZU42wyUJg0gPnvhlCSCNzAwEFb97rvvPDw8qlWrRon3xx9/UOIl/qJBxoFHBgUFzZgxgwstXbqUmYjfGe/UqVOVKlXI/PKGuIQh4sWLF3DukydPtL2jkgQlS5YkFn777TcCEE6nPEWnK8f+AakCaCv50wGuQlkAlP8bLDIvibOLpGWIDyhNGoCzVCeKFgS4m5vbTz/9tGLFCpL8kCFDZs+ePWLECM1/qlhD3Lp1a+vWrT/88AM+GhISQgmJ0h8zZox4PhL6FipGvEpIGBbu378fHBwcFxen/D8DKF++/KBBgxBVAwcOTK6iUGAPHjxQPceiP6DBo6OjqQnEJ5yGi8xL4rAwnJsnT54kDyGpBwyOWMiZMycVGWLc399/3rx5P//885kzZ1q3bj19+vRff/2V/K/01hFwuICAgL/++mvSpEl+fn6MD5UjwO3t7VWUXaRIESMjI1ZE/hctEhKGggIFChCGXl5emzdvjoyMzHhBSVxbW1tbWVkRp0pTAojfZ8+ePXz4UK81KyU+3H3q1KmrV68+fvyYIkM5YJjIvCQOBQu81eb3xGHwd+/ekVqRDHv27IFVFy9enC9fPsGq7dq1U/P7J+kA17pw4cKSJUvGjRu3fv16Bkd6z5kzZ8CAAeX+/Rf6YXPoW9zlV5okJAwEFhYWffv2hXkXLlyIh+PqMTExyjFd4/PPP//yyy+1qr+1ApS9Y8eOb775Zt26ddmzZzc1NdXftT4OMuk3NknI4eHhbm5u5MymTZtq/rV7Kr4DBw7wGhgYeOTIEZRvhw4dqN0cHR0Rwrr9yDssLGzlypW4tbu7Ozqla9euXKhVwl/v5rpKp38QFRXFfMguDg4Oyb+FLCGRmZE3b95q1arh2Pfu3fP29qbcvHjxIj5fvnz5DN4lTwLinaL50qVLNWrU0HnFjPqGUubOnQt9I8OZ/JAhQ1xcXDT8hmfmxf9uIWc+IFqPHj1KtVW9enVIWWnVAFCq+BYvQvi77747fvy4+N1q3QJvQIyQGND4JUqUcHV13bdvHzWgcjgl4PfNmjWrV6/eyZMnEeNKq4SE4YCoRBt9/fXXosq0tLQUf29BOawLPH/+fP78+fb29lS3SpMu8PjxY2gEyjYxMWHmvA4dOpSWBw8eKD0MGZn3t1Pi4uKwMpm/cePG5ubmSqtasB7xcw24Qu3atSdMmEAyTy6KM4LY2FjoeNWqVbgaShxSxjOGDRtWs2ZN9Q+ckk42bNgA0Ys/6fsRHoOVkNAtsmXLhkKytraGxJGu+D+KBBJ/9epV/gQo/TKAd+/eRUZGXr582czMjJhSWjMAOAFdT+jNmzdv7969OXPmFH/aYuDAgQjET+AhcZBJSRx3Qe0eOnQoIiICqVupUqVcGvyOPhuGE9y9e/fWrVtUeZRmMHjBggV18i2eFy9enD59etmyZYsWLYKRixQp0qdPn/Hjx+MTah4zZz7w/rFjx1avXn3hwgX8sk2bNsl/n15CwlBAJFarVg15RGDCtidOnIDKCbrcCV/RSPJBpbYgXuDc8PBwQj6DJE69GxMTc/jwYUQ9YcsMbWxs0FvDhw+vX7++5r+Ol/mReZU4pBkSEnLx4kW478qVK7BesWLFcBE19MchIyMjPAxW5RSoVty7KJ3wN2jSffOOKjI+Pn737t2zZ8+mOGBiEPc333zj4uIiqrPU8PTpU+h7xowZuFF0dHTz5s3xobp1634C3/SVyOJAd9dIAM6MdvZNgPizPgUKFEi3hxOtQUFBBH7lypXTTeJkgkePHnl5ec2ZM2fBggWMxmy7du1Kaa7+T7sYKDIviZPYYW3UNGmZbThz5gyS9ssvv6RRjYvA1EWLFq1atSpsfufOHf8EkAlQ8QiHdKRfiBhvgIiXL1/+8OHDZs2ajR49um/fvsmfjkqC0NDQpUuX4kbod9yaU0aNGlW7du1PSQJIZGV8/vnnxsbGBAKySShoNJOPj4/4G2mFCxdOxz1DSJxgp/5ON4lz9aNHj65YsYLoYz4QQocOHUaMGNG9e3dzc/NP8jZm5iVxaBcFjX9UrFgRic2+wobnzp2DmnEROFqNJIdeKccsLCwgdDb11KlTnEsOICUUKVJE84ovLCxMEDGuaWZmho7u379/48aNmYAaXX/jxg03N7dZs2bt2LHjq6++QgJA387OzuXKlZO3wiU+MVDjir+CAkWifwMCAgg3qmfUD0FKpCj9NAMRygjBwcHosHT8HHRgYCDSm8KXipmywN7efuTIkeJPu2g7EwNC5iVxAFHCuaR6dtTExAS3QFbDp+JrY0hyHEj0TA7oEultbW2Nb1FAXbt2jbTs5+d369YtfCvNXytEVkDEeMOWLVv4L2kcAd6uXTtOVJM84uPjDx8+jArgRLJOw4YNoe9evXoxDQoLpZOExCcHQqx69erEaZkyZR4/fkyQEmvorXz58hGnmj9cAIn7+vqeP3+e0bR6xJAA37lz59y5czdv3gxvwNqurq4DBgxo1aoVHKJGcn0CyNQkLsAGQLvwoKmpacGCBXGRoKAgUi6MySESrBplnT17dti/bt26Qs5HRkYiyW/evIlvgRSJlaMQ8cKFCxctWhQVFVWvXr2xY8cOGjRI/PiJ0ikZniX8pZLly5cjwMk0+E3v3r05sWnTppr/Sr2EhEED2WRjYwOV4/8w+IkTJ0JCQiiFxY1yTagcEkfIa/WcOKHn7e1NwKLBr169ygRQ39B3+/bty5YtmxVqXwMgcQE2gy0hwaKsoWPqNXYORn716hUekyNHDlwkNY0MlZMA2F3x3QQcC57Ft969e4eW51yRqB8+fEh6WL16NfkcLVCyZMk+ffp8/fXXDg4Oam5kv3z58vr167t3754zZw5agHm2bt2as3r27GlsbKx0kpDIGiCUcPvGjRtXq1ZNKBsPDw+i9cOHD/nz50c2qX/G7HXCT2WEh4dbWlrWrl1baU0Fb9++RXJt37596tSpR48eRfKjnAg91DfpJOvcusyGcZW3BgKY98aNG/sTEBAQQOq2sLBo3rx5gwYNrKys1H9siIvA1AiErVu3nj17FglPVujYsSP8Hh0dvXHjxmPHjvEGD8ALEdG0I9iVk5MBH6IzuQQHOn78OIMzBxyIMcWDtEo/CYmsh/fv3xMdR44cgWQRWwgpW1vbtm3bEqri63gp4vnz50uXLj106FC3bt1gZKU1GRj87t27fn5+iCcuAYlRMXft2pWwTf6ziJ88DI/EBUjyUVFRVF5///23r69v4cKF0douCYCClU6pALaNiIjYtWsX55IPrK2ta9WqhZrG1SjicDJYGM1OYldz+zsuLo4swiBo9i+//BLV4OjoiJsiQ+TzJxISApByZGTk4cOHt2zZgmwyMjKiTqXArVu3rtLj33jy5MmsWbMuXrwIgxNQSuu/QW5wd3dHb1E3o8kIuk6dOhGzVOof4VfIMyEM5nZKEnz11VdFixalZKtcuXKhQoVu3bqFi1C7xcfHFyhQoHTp0mr4lzoLgq5evXqZMmVy5MhBrYeOfvnypfgqF2IBBs+TJ09qI9DTx8dn0aJFy5Ytw424Fk45ZMgQlHuRIkWyphtJSKQIwgFRRa1cpUoVYhbxdPLkybCwsKdPnxKDyVUzwYWyfvDgAbqqQoUKSus/oN3Dw2P+/PnIL6pwEXpDhw4VoZd17p8kgaGSuIC4UU4lJfb72rVr0DGOwvtSpUqpeXYFoJfhcRT0q1evbt++7eDggCnMzc3VfPxC1XL58mU0xYIFCw4cOMD4HTt2HDlyJPKfy6lJGxISWRnEFMIIXi5XrhzamQIaKo+NjeUQ2jxx5UowcpQyF95HnymtCUCloZwWLlzo5eVFvdulSxfx6BehJz7TyrIwbBIXyJ49O/ttaWlJbqd8Q1n7+/s/fvw4b968eI/6Z/vy5cuH35D/YfOGDRsqrcnw9u3bqKioQ4cOrVy5EhWAk9nZ2Q0bNmzw4ME1a9ZUw/sSEhICxGONGjWQ5AhwNPXp06cpZF+8eEH8wuPiGTN0Eo137tyhpyBxWqizIe5Zs2ahn4g1Jycn6BsBTocsq74T41MgcYFChQpZWVnVrVu3cOHCMTExx44d8/HxwRso6HAaNb90c/HiReo78RRjcjWND929e9fT0xP1vXz5cjrTs1OnTjB4ixYtPuFvEEhI6AMIZyQ5gNMpnf38/KiekedFihQRD+MGBwcLEjc1NYXrT5w4sWrVqmXLlkVGRiKzxowZ06dPHyQX1C8GlPh0SBx88cUXxYsXZ/tR5a9fvw4MDKQ0wwni4+PFU+EpUvnly5fPnz9PDiABJKnLEOA42dy5c2Fw1D3JYODAgaNHj27fvn2lSpXk7W8JiXSAMDQ2NkYzEXEoa4QRPI4wp4yGmkNCQqKjo01MTAjh2QkgBkuUKEHojRw5sl69eqi0LH7/JAkM9emUNHH9+vWjR48eOHDg5MmTr169MjMzq1+/focOHerUqZOEfHfs2EGZhj+R5BNXZ1evXt29e/e2bdug7/z587dq1apdu3aNGzfGh5QeEhISGcPt27eRUHv37t2zZw8kXr58eV4R4KVLl37//n1oaGjJkiUJvTZt2iDedfJrt58ePlkSBzjBpUuXfH194egjR47Q0qBBg9atWzs7O6OjRR+wdetWHAiKHzx4sCrDe3l5rVixYt++ffgTyd/V1bVp06aJz5KQkNAVbt686eHhQSR6enq+/Oeva6KWiNaOHTsivNL8nYysjE/qdkoSZMuWrWjRolRtFStWJIe/ePHi3Llz3t7ed+/eLVSokOpGOYr78uXL5cqVoycOFBwcvGvXrvnz58PgFHGdOnUaPXo0nlSkSBExrISEhG6RN29eywQQmPfv3//qq69q1KgxZMiQkSNHIsDVP2Ym8Skr8cR4/Pixv7//wYMHjx49euXKFTMzsy5dujRp0sTU1BQJsHnzZhyIlhMnTqxduzYoKAh+t7W1pQUBnua3hyQkJHSCJ0+eHDp0KC4urmbNmnXr1pUfO2mCrELi4P3794hxhPayZcv27Nnz7t27atWqOTs7P3jwAGbHXSjZTp8+jRuhAmhv1aqViYmJdCMJiY+JtwnInj27/OKFhshCJK5CREQEktzNzc3X15c6jgru6dOn4gkW1HezZs3s7OwqVqyo5ldTJCQkJDIJsiKJg2fPnoWFhe3fv3/nzp1Xr14tWLBg5cqVxceeZmZmmv/VCAkJCYn/FlmUxAWeP3/u7e19/vx5WLtmzZoWFhaSviUkJAwLWZrEJSQkJAwd8otPEhISEgYMSeISEhISBgxJ4hISEhIGDEniEhISEgYMSeISEhISBgxJ4hISEhIGDEniEhISEgYMSeISEhISBgxJ4hISEhIGDEniEhISEgYMSeISEhISBgxJ4hISEhIGDEniEhISEgYMSeISEhISBgxJ4hISEhIGDEniEhISEgYMSeISEhISBgxJ4hISEhIGDEniEhISEgYMSeISEhISBgxJ4hISEhIGDEniEhISEgYMSeISEhISBgxJ4hISEhIGDEniEhISEgYMSeISEhISBgxJ4hISEhIGDEniEhISEgYMSeISEhISBgxJ4hISEhIGDEniEhISEgYMSeISEhISBgxJ4hISEhIGDEniEhISEgYMSeISEhISBgxJ4hISEhIGDEniEhISEgYMSeISEhISBgxJ4hISEhIGDEniEpri6dOnDx8+VP4jISGROZDtw4cPylsJidRx48YNd3f3+Ph4R0dHCwuLL774QjkgISHxn0KSuETaePbs2aZNm6ZPn3737l1bW9tOnTq1aNHCyMhIOSwhIfHfQZK4RNrYvXv377//fuXKFRMTk9u3b3/55ZeNGjVCkjdo0KB06dJKJwkJif8CksQl0kB4ePi4ceNOnjw5ePDgpk2bXrp0ydPTMywsLFu2bDVr1kSSN2zYsFy5ckpvCQmJj4vPf/nlF+WthEQyvHv3bsmSJevWrUN64yqwdt26dW1sbAoWLBgTE+Pj4+Pt7R0XF5c7d+5SpUrJG+USEh8fksQl1CEkJGTevHmI7gkTJtSvX180FihQwMrKqlatWsWKFYuOjobHQ0ND8+XLV7JkyRw5ctBZdJOQkPgIkCQukSoeP368YMGCgICAnj179u/fP7HQ/vzzz0uUKFGjRg0zMzOI++zZs0eOHLl582bevHmLFy8uJbmExEeDJHGJlPH69etDhw4hw42NjYcPH162bFnlQCJkz569XLlyqPKiRYtGREScOHECxn/x4gX/LVy4sNJJQkJCn5AkLpEyoqKiZs+efeHChT59+rRp0+bLL79UDvwbn332Wb58+apWrVq5cmVkOGf5+/ufPn367t278HihQoWUfhISEvqBJHGJFPDy5cs9e/asXLmyXr16w4YNK1WqlHIgFXz11Vfly5ens6mp6YcPHy5evOjj4xMZGQnFw+O5cuWSN8olJPQESeISKQABPnfuXNT0mDFjGjdu/PnnnysH1CJ79uwVKlSwtbU1Nzd//fp1YGBgWFgY8tzExIRDSicJCQmdQv52ikRSvHv3zsvL68yZMy1atIDBU7uRkhry5cvXpEmTadOm/fzzzwUKFIDH5S+uSEjoD5LEJZIiODjYw8OjWLFinTt3Tt8XMrNly5YrV65q1apVrly5bNmyOXLkUA5ISEjoGpLEJf6FV69e7dmzJyQkxNHRsV69eum+l/3s2TMfH59z587lzp0bQldaJSQkdA1J4hL/gr+//759+0qWLNmtW7cCBQoordrj6tWr69ev9/b2jo+Pf//+vdIqISGha0gSl/j/uHbt2ooVK54+fdqjR4+aNWsqrdrj4cOHR44cCQ0NzZMnz5MnT16+fKkckJCQ0DUkiUsogLtXrVq1f//+evXqdezYUWlNFw4cOACJV65c2c7O7rPPPnv16pVyQEJCQteQJC6hIDIycseOHbly5XJ0dMzIb4XHxMRs2rTp2bNnrq6uVlZWb9++lSQuIaE/SBKX+B8ePHiABo+KimrSpAlKXGnVHlD2vn37zp8/b2lpyTjI8BcvXrx79045LCEhoWtIEpf4HyIiIg4cOGBqatqlS5eSJUsqrdqDcTZs2JAnT57WrVsXKFDg9evXX331lfw9LAkJ/UGSuMT/3bx5c+vWrcjwHj16iLvYygEt8eTJEzc3t0uXLtnb29etWxcB/uHDh88//1zz5xTv3Lnj4eGxcePGwMBAJLzSKiEhkTokiWd1IJb37t27Y8eOKlWqtG3bNl++fMoB7REeHn7w4EELC4uOHTvmzZv35cuX0Prjx481uZ0CZZ86dWrGjBljx46dNGnSsWPHnj9/rhyTkJBIHZLEszquXr26b9++N2/euLi4GBsbK63aA7728fGBebt27VqnTh1a3r59++zZM6hc/XPiXBoBTinw3XffrVixIj4+HkLnLHknXUJCE0gSz+oICAiIiYmxt7dv0aJFRr4ff/78eeRztWrVGjVqlDNnTlq++uqrAgUK5MmTR839mVu3bu3evRvp/eeff0ZFRXXv3h0x3qFDh/z585MDlE4SEhKpQ5J4lgay19PTE57t1atXRv5uvXi4JSIionnz5qo/mpwtWzZ4XM098ZMnT/7www9ff/31qlWrjIyMfvvtt4kTJ5JLcuXKhRhHoSv9JCQkUock8ayLV69ebdu27ezZs3Xr1lX9/cz0ATr29vYW3+5R/erhu3fvuMSHDx/EfxMD2T579mwoe9euXYUKFerTp8+PP/7o6upaqlQpGP/Zs2ecm+6fbZGQyFKQJJ5FAbf6+vouWbIkf/78zs7OGfmNqsjISLg4b968Q4cOTSznkdJPnjzhTeLbKdeuXVu+fDkCfM6cOc+fPx80aNCMGTMmT57ctGlTwdqcxZvChQszoDhFQkJCDSSJZ1HcvHlzw4YNcXFxLVq0QIkrrdoDrb179+4rV644Ojo2a9Ys8Z+PgI7fvn2bOwH89969e+7u7n/++SeUjfxH+/Me2NvbFy1aVJwCXr9+/eLFizwJUJokJCRShyTxrAiI8vjx48eOHbOzs3NyctLwD/ckB3I+MDDw8OHDpUqVgouV1n/AsBCx+IgyJiZm0aJFX3/99c6dOytXrvzLL79MnToV0k/+mefDhw8fPXr0+PFjeU9cQkITSBLPikA4b9q0CWncsmXLatWqKa3a4/nz58jwiIgIa2trU1NTpfUf5EwAkn/v3r0//vjj7Nmznz171r9/f9R39+7dy5Qpk5zByQrM6v79+7dv33769KnSKiEhkTokiWc5oIu9vLxQ0AhhBweHdH8n/t27d6dOndq/fz9poHnz5snHQUrHxcXt2LFj7ty5XK5Ro0aTJ08eN24cjJ/aLfhs2bJx1suXLxHj8gdsJSQ0gSTxLIczZ864u7ubmJgMHz68YsWKSqv2iI6ORs7D3cjqqlWrKq0JePXq1dGjR2fMmHH48GFyRq1atcaPH48A79mzZ5q/j5g3b15xQ/yrr75SmiQkJFKHJPGshQcPHmzcuPHSpUudOnWytbVN98+kQNMnTpzw8/Nr3bq1vb194rvq4eHhCxcunDJlCiIdBkfvf//993379k1C9Kkhd+7c8HixYsXkH3WTkNAEksSzFry9veHWwoULOzo6ZkTqRkREHDp0qFChQk5OTsWLFxeN9+7d27t376RJk6ZPnw6t9+nTp0WLFkWLFhVPp2iIly9fkiGA/Nq9hIQmkCSehfD48WMPD487d+7Ur1/fzMxMaU0X0OAXL14kE4jPRVHcISEhs2bNmjBhAnmiYcOGv/76a+/evYsUKQKza/57hO/fv2eSjx49YpLyB7AkJDSBJPGsAvjx6NGjx44ds7Cw6NKlS7ofKwShoaG+vr4VK1bs3r17vnz5YmJili9fDn2vWbOmWLFiEydO/PPPP21sbD777LMHDx7kypVLc8nPKV988cWXX36ZM2fOT+xXyMU3V3klOd29e/fZs2eiXT0oR+Lj4x8+fEia5L9ikNRAsiT/MXLiblxOw2sJcEV2jT0ljz59+hS3ef36NcNSGyk9JDIZsql3C4lPBleuXBk3blx0dPTYsWO7deum+nK8tiCwp0+fHhQUNHLkyAYNGuzZs2fLli2RkZFGRkYI/GbNmllbW0PB9ITo582bR87o27evhn/vDQY5dOjQ7Nmz27Vrx1la3YdRAdYjXcFBTKNChQpVq1YtXrx44i/xcyguLg56okO5cuXEbNPErVu3/P39Y2NjxQPsJiYmFBwFCxYUR+HK8+fPMyxsy7XIcCycPPTkyZODBw9SpvA+R44chBsMzgytrKxYI4OI05nM5cuX4coyZcqobk+Fh4e7ublhW06kkS2DjpmtpaUll+a/586du3DhApwLzzIrTidfsgtUSEzjxIkTAQEBNGbPnt3Y2Jj2ypUrp5m8AwMDd+7cefXq1bx58xYtWjRPnjykEPbFzs5O/KwNIwcHB9MNWmel1atXr1OnjvwA478EXiWhJxAJUJK7u/ulS5eIMaX1wwcUE3QA961evXrTpk0nT54kTpRj+oFg3pIlS44fP56YV1rThQMHDjRq1AgtD31PnjyZ93Xr1h0zZgwa/+XLl0qnBLCunj17/vXXX9Cf0pQWICNoy8HBYdmyZXCE0qolYD0XF5fChQvDQU5OTgyoMj4z9PT0JP04Ozv36NFjyJAhc+fOhZIgJtEhNdy8eZPyAl5mTKoNBocTqT+gY46KKqdNmzbVqlWrUaOGubl57969fXx8aL99+zYXgsFhT5guf/78ojTp1KkTDCsGx09YL7ZihK+//hryFWp6x44dcLqIU7ibc6l7IOJff/313r17fn5+HTt2pAOZgFREruKVAmjVqlVklOPHj2NGTuRaRYoUIakMHz4cxhdXVAPMRYIRF2WqhQoVIpUy8i+//HL//n06iJWKh4g42rhx440bN+Jg4nSJj4/P2RuxYRI6BLTl4eHx999/r1u3Dta4du0aYqpEiRJEFNJs3759c+bMWbt2LfFw5MgRCB1FQ5zoSc5AJadOneKKsMDgwYM1fEokRbCupUuXoiuJYaiHN3DW0KFD+/XrB00kuQFC59DQUCQk1EbAK61qgR2wFezGKejN9N3zETcEuDqkw5Lr1atXqVIlMRRiGeYlu8A+cDEt5J4bN25wLfV/DSMsLGz+/PnklVq1atEZKmf5Fy9e5L/QKO/Xr19/5swZ0iSUylAIdlJ1zZo12XekNzyIZkcUk6UQ0c2bNyf5oWGhZnZ/zZo1UCdH6caJUVFRjEPt8vjxY+jYzMysfPnypHkuihZmOYhiVkQ25axSpUq1atWK6kdMzNbWlvKICezdu5dkwBq5HMZkNCaJg7H76u9uYT06MAFMFxMTw2vTpk3t7e1JD2wxSYskgdGYjKmpaZUqVajtyHBUPKp8I/GxoZC5hO6A+Prtt9/wafQa8dayZUvUE+KFoBKSjdiG1HhFzyKXoDleYRblfF0DUhg0aBDR+NNPP0EoSqv2gMJIPLA2xNGuXbsffvgBElFTQ0BqaF6kruZKHJDz2rZtC68lrl20AkZGye7evRvtuXLlSpVIpJ2yALKjbmBuUCQJlWICPY4Y56joliKQ1SyZaiY8PJzlUGA1adKEbYXOOLphwwak/axZsyBKxD4pBAdAawcGBjIsC6GR/MF8uDopHCpH+3MIyh44cCAUjKFItLAh0+7atStD4UXwKTYHECWTZEzG4VzauShJxdHRccGCBQxy584dlsyFxLBQ/8KFC8eOHUsVyBoZgcUi18aNGxcUFJSwoFQhJswpaHlSBX7LkmkRFyU39OnT55tvvsFdoXjmQw3RunVrpiE6SHx8yA82dQxcGUYgFAmbXr16oX8hDrycmLx8+TIRyFHeIK+I2ylTpkAio0ePRj2hbZUhdAr22MvLa//+/WgreIe8ohzQHghP2Ar1DYm7uroybTQguUE5nAziDgC0ApQmDYBa/PLLL5Gx8IjSpCWQ8wzCSo2NjVGIqhvrbA05DAqGarGJt7c34pc9gtrKli3LWaJbimAQlgMpI+Rh2BkzZsTFxUHcSFFWx7DkbCcnJ8qp7NmzFyhQgP9CfOIWOQUKjahpOFEUWyyQyoAr0oeVWllZubi4IMw5xFU4yoD4z2effYYoBkWKFEFc4yGMw1HxdD/vyRZ79uzBi8hVUKq4aSMWQh/EAfMRX5viXN5zLsNyVA04nXE4hV3mupQsgBZxUXFHBWlfv3790qVLMwfe48wcxbxiBImPDEniOgZCBnFKGMOYtWvXxrNhCiKZeCMyBb9Qit67d2/Xrl3ozdDQUKKLMln1GZduAfNu3bqVOXTr1o1yW2nVErAeUgvpjY6DJqipobMbN26oJz7WjgxEIWoV3piOVy6BghYt6QDkiBrFyIkHYebNmzcXCXXp0qUsB0VJYZQjRw41qUiAc9nWgwcPLlmyZPHixQj5Ro0aDR48GKKEhbEDTKf6kBOwZJaAQCZtixboD0GNQVCv8KBohARhbfLitGnTBgwY0Lt37++++w51T6ZJnMP+lwbfvoV/OVdpSmhkfH9/fw8PD0ZIvFLOxd+YmPL/hFzOtTiF7VCa0gI8bmpqiq8mHgdHwhkwrPL///s/xAH5ifSAzZUmiY8LSeI6BtECj/N67do1on1YArZt20alTDDg63Xr1qUwt7CwIBKOHDmyfv16qBxVSHgrQ+gOxBU1AYM3btwYEhf8qBWioqLWrVv3448/wnqQCGtBhzZt2tTHx2diApC0qfECRMYpIocpTRpAaFUoWEV/6QB2Rjxi8MRUiDXg3LZt244fP37EiBG84VpoWEqlK1euqIg1RXAuGwSVs7m8Yfw6deqg38VRlhkREYEWFv+lD7sP6cODnCIa6UMH1gXjJ05+jExlRnaEHOHu69evkx2TGI0EwOniRopo4Q2NqGx8iV0YNGhQ4lvSrJpExbXIEKKFcy9duhQeHq45iTNJcRUWojQl/CVVZovyULkrC/fz82ParFq0SHxkSBLXMXBlimj0L76O9KYFdiCEhIYiKuBuAglRPHToUIpo6AB9B1FGRkYmDKBLBAQE7NixA4XYr1+/ChUqKK2aITY2Fgn/22+/LVu2DHKxt7f//vvv0YnQ39dff921a1fUK5oRCTl37txz584ppyUCLMDaISmtwhvqoX/u3LlRjkqTlkCTMh+YBWq+cOECnCja4fRDhw5hbaitYcOGzZo1YxfYJvIcPUWf1IAFmJiDg8Po0aM5EWrmrA0bNjA4Qp41ktVIxsePHz958iQWQx0XLlzYzMwMHhcjYAq4lTkktgYegpq2trbGpJh68uTJkyZNqlKlCj2B6IPPhIWFwb/wqUqJ0wiNAnIVGwHP7t27l4TEBNDgTBV3wgJM48SJE2zTihUr3Nzc8MMSJUqIEdIEi4L3z58/z4BK0//9n7gdR+amMkOarFq1ihTI2tkv1UolPjLk0yk6BlG6ceNGvNzW1paCvXv37sT8Z599BlnUrl0bGb5p0yZULd1MTEwIbOIE1SYePKAsVUbRBZBys2fP9vT07Ny5c//+/eEa5UBagAIQhqtXr4aVmFujRo0Q4LB2tWrVoAw6EMmsBSnKG9KVr68vXEY2ypcvX+KnUBCDZBHULj0LFSqktKYFNB1MhClq1qypEpJagTlDMZs3b4aAoLnSpUtXrVqVjIJB2Jft27czPrwDu4WEhEB/ULmTk5ORkVFigZwYMObRo0dh51atWg0ePJj+6GJWffbsWaQ9nItwFvSN3aDOw4cPw7YofYYVhQWAgjnKvtOo2mist3//fhsbmwEDBjCsaQKgbAiRxlKlStEH0icnMfMiRYqQe8RnJ0yV/ESNFRgYyEzYZa5OH1ICI5D/WD5rxJhM8sCBA7A5q8AbW7ZsqaEnYBl3d3e2oHnz5qo/2IQnU0+cPn2a9QLMQgFBbuvbt2/JkiVFH4mPDEniOgYCCq0XHBwM9xGZFStWNDY2Jn4QtkQXzA61QS5wN1EHj8A4qBjixNHRkShVRtEFmANchkxDPEI0SqtawBewwK5duzgRduCsUaNG9erVq1KlSsn5lJHNzc1r1aoFd7Mi4pkShCUg/AXXo+BgEN7D+JqTOGSHWRgHUtPwwcQkQN5CatgZKkR4Mg7pB9YjzcCeTJuUw1RZKZRKgqFMqV+/vuq+R3KwpxEREQxLZ0Yrl/A4NpyF5IfEK1euzBaTIbgiryQ2coazs3P79u0FCwtwiDlQD9nZ2TEH0RgfHx8VFYWdGVZYmLzOLnAJbCu6cRaNvGFYNLsoUGhkwtAxJuKVaTAylytbtiyLLVasGCMzbdoLFCjA6bS7urp26tRJcx9jwsyEK7Jq1UYwMiNgN9IYO4sR2rRpg59bWVkxJdFH4iNDfmNTx8C/qTH37duHsh4yZIioMaEMaI6IwtchKSiGCpfoRa/RgcYOHTpYWFjosCCFQKdOnbpu3ToCbOLEiZqIL2aOtqKMQGcxVYQkTETww31Kj1SADuWUrVu3wvtQGFHdrl07aIj8tGzZMqpy1CtpQOmdFlB233//PdZg5kxDadUGLASDwzLipjAMS6Gjohi0+c2bN3mFoeBBsgsaXP2tG3rCiffu3YPC6C+e02Bw0gBbBqnxylFB4pga9Q3/JnnciEOcwlC0qxIGLYzMJBlWZD7yPY1EJY0qy79+/VqQJvlSXB3A0TQ+e/aMozQyB87iFFib5ZBykNKC67k0RzGCVkmRmTA+pyMyVBMGXO7WrVs4GGsRM2fTE3eQ+MiQJK5j4NkIPSITz6YIFSFHI4HEexGohIHgEQiOMCO6UDQ6FDJci/J5woQJ0NOUKVNQUsqBVMB8/Pz8KLoBwWlvb9+1a1et5DNeFB4eTnXv5uaGaEUMovtgq927d0MBkLjmd+SvX7/+008/UbL06NEjCQ9KSEgkhyTxTxCRkZHwoL+/P5IWKhR1emo4c+YMVOvr64t2K1++fJMmTZycnLT9FFSFkydPbtu2jTELFiyIBEagVaxYsXPnzhreMMUbOXfatGmtWrXq3r27DksTCYlPFfLplE8NVNlHjhyBlFu0aAEdq2FwimKk9+TJk1evXk2V0Lt371mzZo0cOTLdDA7s7OymTp2K/DcxMQkKChIfeKpuC6QJSnhqlIcPH1KjSHkhIaEJJIl/aggODt63b1+JEiVcXFxS07/Pnz/38fGZN2/epEmToqKi+vTpM3PmzLFjx+rkC0ekDWtrawsLC/E8BtdS3cZNExD324TP04DSJCEhoRaSxD8pvH79+uDBg+fPn2/WrBk0qrQmAzp94sSJc+bMQSnD4BMmTBDf+c44IN+YmJiVK1fOnz//zp07devWbdCggeZfMoLuc+TIgXLP9s8jGRISEuohSfyTwunTpw8dOlSwYEF7e/vUqPPp06cBAQEnTpx4kfCFxvDw8OvXr+uEMWNjY1etWjV69OjJkyc/e/Zs6NChP/zwg6U2P0b4JuGLke/evcsj/1CyhIRmkCT+6QDlK7756ejoaG1tndrjLrdu3UIsI72HDx/u5OTk5eXFmylTpoSEhCg9tMfz58/d3NzGjx//888/k0hIIdOmTRszZgxXSccXLxHj+fPn1/wmjIREVob8ss8nAqT07t27Fy9eXL58+e+//171sx7JceXKFV9fX2Nj43HjxtWqVQuuh76PHz9+6dIlBoFzC2vzS4doZ7Q8AnzWrFnnzp0zNTUdMGDAiBEjbG1t0/FVHSZz8+bNoKAgxqlcubLkcQmJNCFJ/BPBjRs3ZsyYIX54ul27dkprSoiNjQ0MDMyVK1fr1q3Flw8rVKjw8OFD8Q1SKP7t27cFCxbMp/aPJIBXr15dvnx53759ZI6dO3fmzp3b1dV11KhRnTp14nSlk5aAtSHxY8eOMUK1atXUPxwpISEBpNL5FIAchn9DQ0ObNGnSqlUrpTUVILcBmvddwk/iQZQtW7acOnXq119/DXFDyuPHj//jjz/gdDW/eHf//v1du3Z98803v/76q3fCn7efO3fud999R0pI7TaOhmBWLOd5xn7FUEIi60Aq8U8B4eHhS5cuFd+NrF27tnoaRT77+/sXTvirQ+LnmehfoECB6gl/8ZY3dICXT5069eTJk6IJECcKPH36lGyxfPnyhQsXxsXFWVlZDRs2bNCgQbzR5Mv96gFxBwcH+/r6ip/sSMf9dAmJrAapxA0e8fHxGzduDAoKcnR0bNSoUZr3kdG5sHbiX/AQoKVevXqjR4+eMWNGhw4dbt68yZuxY8du3boVXSz63L59e8GCBQMGDFi1apWxsfEPP/zw559/urq6litXTif3ryHxu3fvvnz5MskPIkpISKQGqcQNG7De/v37Fy9eXKZMGeQwxKocSB3Xr1+/cOFC8eLF0ezJtTNy3szMDFVeoUKFDx8+nDt37vTp0/fv34ejo6Kitm/fDqe/ePHC2dl55MiRbdu2ZRzxgzA6watXr8RPsVtYWJibm8ufVZKQSBNSiRs2QkND165d++TJk27dumn4e7NQMyz89OlTNd+KrFSp0sCBA2fOnPn9998XKlSIS3z33Xe///67n5+fvb097by3tbXV+dMj7xL+DCavTI9JKq0SEhKpQ5K4YePq1avwuLg9ouEninA3pB8fH/82rb+aVrZs2aFDh06fPr1du3YxMTFcqHHjxpMmTWrdurU+fl/w0aNHXl5e7u7uLIr0IGW4hIQmkLdTDBtv3ry5du1aSEjIjRs3kMwlS5b86quv1LM5PYODg3PmzImmzv3PX4JXg1KlStWtW7dAgQJcy8nJqXr16hpmC81BXomIiNiwYcPChQuZm5mZWffu3StWrKjzC0lIfHqQJG7YKFiwIGT34cOHkydP+vj4oJfhZWNjYzX0d//+/Zs3b5YoUaJOnTqaPE/CUDD+l19+CfuXL1++dOnSmv8qoSagLDh8+PCMGTM2bdrEJZo3bz5q1Kj69evLr91LSGgCSeKGjS+++AKlXLVq1Tx58oSHh/v6+qJkr1+//urVK/hd9QceEwOivHz5cpEiRSwsLDR/hg/e9/f3L1q0KDye8UcJBR4/fnzixIklCWDmpqamQ4cOHTx4MAyuq0tISHzykCT+KQC+rlGjRqVKlSDZ+Pj448ePe3t7R0dHI2ZR3EmE85UrV06fPo1gt7a21pwrSQyIfWR4lSpVMs6w79698/Pz+/vvv9esWUMBQbLp0qXL8OHDeaWM0PnnpRISnzAkiX8iQFND4k2aNEGVQ5GBgYGI3JCQkDdv3hQvXjzx9+Ahd44i4W1sbDT/XntcXBxnmZiYZJDEP3z4wFB79uyZP3/+0aNH8+fP36ZNm/4JYOa6vVEjIZEVIEn8k0K2bNlKliyJxEYyv337NjQ0FEkeGxubJ0+eIkWKCPJFqkPHkGnDhg1TvN+SImDeM2fOlC1btnLlyun+SZO7d+96eXkhwFetWnX//v127dqNHj26e/fu5ubm8suZEhLpgyTxTxBQM3rZ1tYW4Xzjxo3jx48HBAQ8ePCgcOHCRYsWvXbtGi1oXg2fThEQStzY2JiR00HiL1++JAcsWbJk9uzZTAbWHjNmTJ8+fUgJUn1LSGQEksQ/TXzxxRcFCxaEcK2srPLnz48kP3z4sL+/P2R6/fr1sLAwpDokrjkdx8TE+Pn5cRb8q7l+BxQEZ8+eRX3PnTtX3D/p3LnziBEjuDrv5UOEEhIZhPwjWJ8+7t+/j/TetGmTh4dHjhw58ubNy6a7uLj89NNPmt/d9vT0XLp0afv27du0aaP5r5qQLfbt27d///6goCCSSsuWLTm9Zs2aJUqUUHpISEhkDFKJf/pAbiPJra2tixcvfvfu3atXr96+fZt22Lxw4cIafvcyJCTkzJkzderUMTU11eTHUuLj448cOTJv3rw1a9bExsba2dmNGjVq0KBBlpaW8petJCR0CEniWQWFChWCgmvUqFGsWDGUeERExKlTp+7cuQMjQ+VpSvLg4GBIvGrVqpC4+rvYz58/DwgIgLuXLVsWHh5ubm7eu3fv0aNHOzg4aH4LXkJCQkNIEs9C+Oyzz0qVKlWvXr26devmypXr0qVLJ06c8PHxyZYtW/ny5RHsah7QpnNQUBCKHqT2XUpyAxp/x44dU6ZMcXd3L1CgwJAhQ8aPH9+qVSt5/0RCQk+QJJ7l8PnnnyPGq1WrZmZmlj179nPnznl7e9+8eRMxXrp06dRulURFRUHiKHFIPMXHAd+8eePr6zt37tzly5fHxsaiu8eOHdu5c2fShvwpKwkJ/UGSeBYFSrxSpUqWlpYmJiYQtIeHR2Bg4L1796DyIkWKJL9hcvXq1YCAgMqVK6dI4mfPnl22bNn8+fPhcXIDAnzQoEH169dP9xPlEhISGkKSeNZFtmzZ8ufPD4+LzyovXrzo5+cHU1+7do1DhQoVSnyjXPx55QoVKkDiqvYPHz4gz9esWbNo0aLdu3dzVqdOnUaNGtW+fXsjIyP57XkJiY8ASeJZHTBv2bJl7ezsjI2N379/HxYW5u3tfe7cufj4+Hz58iHYBWXfvn37zJkzpUqVMjc3R1+/fv1a/Kn7BQsWbNu27fHjxw0aNBgxYkTfvn1R65o8viIhIaETyOfEJf4/kNu+vr4HDhzw8vK6f/9+9erVW7du7ezsjFRHcU+bNq1WrVqDBg3Knj373r17t2zZEhoaCu/XrVu3WbNmkHi5cuWUgSQkJD4WJIlL/Atv3rx58ODB6dOnN27cCFOj0zt37jxhwoSYmJi//voLWkdrBwcHT58+nRb0u6ura+PGjQsUKCB//ltC4j+BJHGJFPDu3bvLly9v27Zt/fr10dHRaO28efOiuwsm4NatWzlz5mzfvn27du0Q6ZK+JST+Q0gSl0gVDx8+PHXq1Nq1a/fs2fP8+XPRWLx48ZYtW7q4uNja2ubPn180SkhI/FeQJC6RBiIiIjZv3gybv3r1qkCBAo0bN3ZycqpYsaJyWEJC4j+FJHGJtAF9X7t27cmTJ4ULFy5fvrzSKiEhkQkgSVxCQkLCgCG/jiEhISFhwJAkLiEhIWHAkCQuISEhYcCQJC4hISFhwJAkLiEhIWHAkCQuISEhYcCQJC4hISFhwJAkLiEhIWHAkCQuISEhYcCQJC4hISFhwJAkLiEhIWHAkCQuISEhYcCQJC4hISFhwJAkLiEhIWHAkCQuISEhYcCQJC4hISFhwJB/FEIiK+Ldu3d4/hdffKH8XyJ1vH//HnO9ffs2W7Zs2bNn51U5IJE5IEncsPHmzRti7Msvv+T9Z5/JuiptPHr06Pr167dv34aYatSoUbJkSeWARDK8evUqOjo6Li7u8ePHDx48gCssLCzMzc2hcqWHxL9BMJLtXrx48fr1a+KRN9gQ5MyZ08jIKEeOHEo/nSIzkjiGwG8KFCiQN29epUkiGfCSkwnAafLnzw8llSpVqnHjxrwqPSSS4cKFCytXrjx27BhxlStXLicnp/79+5ctW1Y5LPFvnDp1atmyZUFBQUWKFEEowOPFixcfMGBAmzZtpB5PEbGxsZ6env7+/tgHo5ECY2Jinj171qBBg+HDhxsbGyv9dIrPf/nlF+VtJsDz58/Pnz+/Y8eONWvW8AZiypcvH8EmPSY5kJPz5893d3eHj1CXeE94eDjvixUrRv5TOkkkwtWrVxcsWLBnzx6cCuIm88HphBnmwmiff/650k8iAagEDw8PVEKePHlq1qyJAEdL4mNRUVG8KVOmjNJPIhEIwyVLlhw+fBj74FRCmJP/zMzMsCGWVPrpFJmIxB8+fLh7926IiTC7dOlSRETEjRs3KElIaMSb0kkiAThHSEgI5ipfvjwZvm7dulZWVlD56dOnKdksLS2VfhL/AIuR8CBxU1PTGTNmdOzYEXFEtevt7U3mw3q5c+dWukokALMEBwcjvXv16tWhQwdbW1s7O7uXL18GBgaiq+rXr6/0k0iE27dv79y5E9MNGjTIwcGhSQKaNWtGhMJjerrhmYnuogYEBKxduxZuwle++eab7t27P3nyBC1A8ld6SPwDKAlHQUJWqFCBGg1lVK5cuaJFi6KeqN2UThKJQFV3584doqhOnTo2NjYkv2rVqg0bNqxv376ocuyp9JNIBMi6VKlSJiYmhQoV4n3evHmrVq1KizRXanj69CmeRgz6+fn5+Pjcu3cPc1WsWFGvpV4mInHU9+PHj52dnSdNmjQgAUQa8px6ROkh8Q+yJQBf2bZtG0p8woQJEydOXLVqFfUaolLpJJEIHz58IIqQ4WQ7pen//g+Z6erq2rNnT1SS0iTxDyAjNMGbN28S38ykkf/Kp3pSAySOp8Hd6NFZs2bt37//wYMHyjG9IbOQOM7xPAFXrlzZtWvXunXrVq9ejTYn8OS9lBSBGoLEc+bMiRKHu/Geu3fv8ipVUorAweLj4/GlxI+j3Lp1i8qPEljeEE8OHAmyxrVUz6JQGSMwo6Oj5a2n1IDRcLDmzZuPGDFi8ODB9vb2H4G+Mss98RcvXhw9etTf359Iu3nz5tWrV2HwixcvUso5ODjIJy6SAEoKDQ09c+YMxkGDN2jQwNLSMjY29ty5c0ZGRvJ+ZXJgMbwrLCwsb9681LZUeJDRsmXLlixZwqE6depIHk8CBIGnp+f58+eFHo+KiqLsW7lyJeVLjx49SpcurfST+AdocFjr+vXrjRs3hsRtbW0hdPzq7du3HEoonvXygEZmIXGCys3N7dGjR46OjhCTlZVVlSpVyPxfffVV7dq1E5fAEgDewV1OnDiBiRDjrxKe5+W/xFuTJk1q1qyp9JP4B5999hnhBCUdO3YMKifbnTx5csuWLTdu3CAFEm+SxJOAkKQahrjRUpQsWGzv3r1o8/79+6M0xVcTJJIAKxGGyKl79+4FBgYeOXLk0KFDlC/wOCT2iZM4ZLRr1y4WSQZzdnaGxOvVqydsASVVqFBB6SeRABI7CR9KOnv2bFACxLPPPXv27Ny5c758+ZR+Ev8A1xI3Uq5duwZxv3z5EqVJhefi4oK/Ub6IbhIqIAguXLhAZZwjRw48iiQnPkLAXJnZwd6/f8/M2W49PQqiBlyUSyOnsFtkZGT4P7h//37ZsmUtLCz0ROKZ5cs+jx8/njlzZkxMTL9+/ezs7EQjtdvVq1c7deokP6xLAjwVMjp16lRcXBylrvjwpEaNGkikEiVKiD4SyfHs2bMrV67cvHkTAyKOjI2NK1asqKendw0dmAhbEYBQBCaCEwsWLGhiYkLlp/TIlBDpOVeuXMxTT6SpBpA4gRkVFSXun9CCm5HzkKH6EwqZhcTxGNwFPV66dOmiRYuKRmzx/Plz5JKUlsnxLuHhAV4FH+ExeK2evtf7iUHcowRfffWV0iSRCnAwDCX4yCDuOBEU8Dg7+x/GgjCa8p8Eha5X08nfTpGQkPh0AKEha+DNj3875b+CJHEJCQkJA0ZWSVYSEhISnyQkiUtISEgYMCSJS0hISBgwJIlLSEhIGDAkiUtISEgYMCSJS0hISBgwJIlLSEhIGDAkiUtISEgYMCSJS0hISBgwJIlLSEhIGDAkiUtISEgYMCSJS0hISBgwJIlLSEhIGDAkiUtISEgYMCSJS0hISOgF79+//wi/9S1/T/zTwfnz5x8/fmxmZqb600gSyfHu3bvQ0NCYmJg6deoUK1ZMaZVIC8+fP4+Ojs6bN2+pUqWUJonU8fDhQx8fn6tXrxYoUKBx48bGxsbKAT1AkrjBg2xPdOEx27Ztu3HjhrW1tZOTk42NjWSo5ICJ9u7du2zZsqdPn44bN87Z2Vn+hTZN4Ofnt3PnzgsXLuTJk8fBwaF169bir05LJAcq4dSpU1u2bCEkEVU4WK1atbp27dq0aVM9OZskcQMG7hIcHOzl5RUSEhIVFfXkyRPyP35TuHBhkn+HDh0g9IIFCyq9szZg7YsXLx5MAG9owUQ///xzjRo1RAeJ5IAcrly54unpuXnz5oCAAGQ4Lbw2a9YM77KwsJA1X2LgY2fPng0MDCQkw8LCyHPVq1cnHkl+6PFWrVrB41WrVtX539uUJG6QYNdg7ePHj+/Zs4foyp07d/Pmze3t7fEPX1/fI0eOxMbGlitXrkWLFo6OjvBU9uzZlTOzHt68eRMZGenh4XH48GHo29zcHPq+efPmoUOHOnfuPHLkSJnnUsSjR4/gIxTl/v37kQsYrWHDhq9fv4bTQ0NDjYyMGjVqRClTpUoV3E85J6vixYsX4eHhxB0SIT4+vkKFCnZ2dljM0tKS4g9Pc3Nzi4iIKF++PEVM/fr1jY2Nv/jiC+XkDEOSuOEBjzlz5szq1avd3d1z5sxJeQuIqOLFi2fLlg09jj8dO3Zs06ZNV69eRYwPHjy4ZcuW+fPnzzp/OlYA6kEHIYvWrl0LHxE5GKpt27ZISCLtl19+gdPHjx8PEyknSCSAtBcXF7dr1y5YKTo6ulSpUm3atEFIIi2Fejhw4MDu3buxXrVq1Tp16oRVS5cunTWFAj6GL8Hd69atQ3FD0ygDbGViYqK6eUIfRMOOHTsIyWfPnhGS1DFNmjShpiFgRZ+MQJK4geHatWt4AwF2+fLlSpUqde3a1cnJCVmUI0cOpUcCHj58CHnhWN7e3vgKdVz79u0hekhf6fGp4+XLlz4+PhgKAU5io1Lp2bMnyqhw4cKiA/aZOHFi5cqVf/rpp7Jly4rGLA7Y4Pbt2/jMtm3bSHtmZmZkuAYNGpD/8uTJo3T6v/8jNSIU9u7di3mRFFhVFIJQmE5YyVDA2il8t2/fTp2Hv6Gyu3TpUqtWLQST0iMRRGWzc+dOHBJ+R0y0a9fOysoq4zfKJYkbDNBEQgGdO3euaNGieAAJ39zcPHF0Jcb79+8jIyOhqq1bt6LcIXpOAbVr19b5XbnMBkqQ/fv3w0TkPOp9osvR0bFixYrK4QS8evUKMY6G6tOnz6hRo7IU+yQHPODn50fhzyuyERqqU6cOdoOSUnOwu3fv+vv7nzhxAiK7ceMGiRA9gVaoUKGC0uPTBc5DsXv06FGCEXFtampKGqtfv36aauD69eunTp3CaGFhYdC3jY1N48aNec3ILSlJ4gYA6rWAgICNGzfiN+wXysjFxYVyTMObuYQlYgGHI+rKlSsH9bds2RL21+FducyDBw8eoHT27NlDkHz55ZfIQ7QkBWyKiz19+vSECRPoNn/+fAyitGY93Lt3j2S2YsUKXCVXrlzUba6urnXr1tXkc0sMDiVRHeKcb9++hctIig0bNvyEhcKFCxfc3NyoQqBy+Bcfw1ZUIcphDRAbG4uXosngdP5LLPfq1SvdHvg5YkR5K5H5AO0ic9atW7d06dLg4GC2eXACyPma3xgpXbq0ra1t1apVEZtIJ7znypUrT58+zZs3b5EiRZROhg9sFRISsnnz5vXr19+6dYu4gk169uyJMEztw4DChQsTRd7e3miievXqfZJZLU3cuXNn7969CxcupNRDfQ8YMAAHwxoaakP8sHLlypyICH306BHGPH/+PGyObT+xT4wpbanwCJ+1a9eSsShWunTpgq0QVdquNF++fFZWVoQzbygWyZ2UMlQ82Dy1ukcNpBLPpHj9+nV4ePi2bdvQOIQZRIyi7NixIwGTbo1z//59wnXNmjXUgEKlwnHwu6EH2+PHj4OCgnx8fKAPqBw2odqws7MrXry40iN1eHp6fvfdd8TnsmXLEOxKaxYASybVkc4xGqkdQe3o6IiOLlOmDL6hdNISeOyqVat27tyJ9yLnxQ3iQoUKKYcNFtiKahg5RfigpYgXVte6desqVapkvOBARmzZsuXQoUOkQ3InW1C9enWtPruSSjwzAibav3//5MmTqdrwkvbt2//www+8lipVKiNPmOAZ6HEkKiqJxHD69GkPD49nz55RCRYoUMAQbwojQeLi4qhUsNW+fftYyKhRo9CSFhYW1BlKJ7Vg4TExMSdPnkSMI45y5cqlHPik8ebNG7h78eLF0AepvXbt2hjNwcGhWLFiGWElCju8i9IHB0ar4l3kBhQrrJfuxPCfQ5QXK1asoBpGiUPfo0ePbtOmDbpKJ4974YE4Hka7ffs2QuTMmTMMa2xsrDmPSxLPdEAWzZ8/n/KWCqtZs2YjR45EL0O+Gf8UGxCiBGq1atVsbGyyZ89+6dKl48ePR0REEGm6fXb1IwBxBFOsXLny77//JrpQf8QVMWZqaqp5dBEq4MKFCxcvXkQBaXVn0xBB2qN+P3r0KPRNFjcyMurcuTOikoXrZPdxqooVK1paWkLo4uYDVyFPoMcN7ivE2ApKXbRo0bx58yhecY/BgwcTjObm5joJRhUYrVy5coxPGKLevLy88GSCVDmcFvRL4sTVqVOndu3adfbsWb3egSUIDxw4wFVy5MhhoN8iw2MQR5s2bUIfEWNly5YdPnx4//79GzZsmC9fPqWTjgBtIepxGjMzs8ePH8PjRBranAgsXrx45qfye/fuMefly5fD4JGRkdTsLVu2ZPIYMDAw8MmTJ/CF5lU8DoNgpFJGLdasWTMdNyUNBVeuXNmwYcOqVat8fX2JFCcnp27dutWvXx8xqPTQBRAKmJRiCBriKpcvX/b09IQNX716hXfp3Jn1BCq89evXT58+/cSJEyVLluzYseOgQYNwM/3deyQSEXCHDh2Kjo6uUqVKo0aNNNQieiRxpuLu7k4eQygRcujK3Llzs7tJnmjOIIhY6BvpimuK7yawcgLYgEKR2hZFvHHjRko23D1btmwUazB4p06dMJf+7nKQVtEUIv9fv37dz88vJCSEOMeAkGDmrH/fvn0LAS1btoztZsKwD0Jy1KhRrVq1QgCSfpj/yZMnIQ6xCtKVcmbqYKV0CwoKIgGUKVNGH1+M/s9BXMAOa9eu3bNnz6NHj+rVq+fi4tKuXbuM3AFXD9SliYkJF2JfXrx4wWZ5e3tHRUWxR3i1JvvyXwEX2rdv35o1a7DVu3fv2rdvL4KR5Whe4WkOwj80NHT37t2EPwmDJAdDWllZNWjQQEM/1AuJP336FD5lTjgNFoFP2dHg4GBKkpcvX+bKlYvYy7jrIPPxCaTrjBkz8A9Wjom5HKFI+YbqR5plZl8RoOTcunUrtsJpiK4WLVoMGTIEAV6hQoWPc5MaprOzs0M0sUdM5tixY9AZBsSBChcunKmoHB3g5ub2119/UaQzbTgIW0FGCCU2Gos1b94cChaKBul39+5dvAJ/46h6Y5LGWD7DcoqlpaUmn4gaCgRHzJ07d8mSJRgQVu3Tp4+rqyuG+gglF/Y3NTW1tbUtUaIE9RP5lRyMn2NwaIEIVfplDjx8+BD/X7BgAcRF2oNGx48f37dv33LlyuEeSifdgeI7JiaG8F+4cCGOTaVib2+PHBElC0bTcIN0TOJc/vbt29u2baMMQVSi9Vq3bk2YNW7cmAxz8eJFdhHRR0RRlTDF9HEEcgyHQIAj8xGw1MKM37NnT0xAtoyNjSXtYx22BB9C/utjAzKO58+fk9hmzZpFGXHt2jXKTxTlwIEDa9So8RGiKzFIfigyqBxhzpZduHAB1RYeHs424UwY8OOkEzWg3jp9+jR5bt26dfAs4uj777/v3r17pUqVEm8uCyHeWIiRkdGdO3fwkICAgGfPnhEtQuAo/ZIBP4Rl4LhTp07BLHXq1MlU2St9YNW3bt2ClVavXs2Gkvag70GDBmn++KCuAF9bW1vDiXD3+fPnvby8yCv4P8mVlo/s7SkCJ0ERbtmyhXhExNSqVWvAgAFIBMSNtmUZZuc1zZDhipAhNeXff/9NwmjYsOHo0aO5KC6NE75//97GxkZDDaqzRwyhb1QwMcMO4TGUIY0aNSLYiCjxRWdi7+jRo6SdsLAwGLxKlSq1a9du1qwZ5bwYQUNA2VyCeoerMCZWRpExjnj2jsItJCRk//79Z8+eRarjuBQmjo6Ome3pMVjb3d0da8CYZcuWbdmyZYcOHVjLf1s64AxkPjZIfLpCpsS3unXrRtj/h6KJdLJjxw6kCn7PTMTjg+yscjglUPCJu3keHh44CR4IL3fp0kW9s6Hfx40bhwr57bffWLXSapiABVjOhg0bfHx8KHypUZA4BJ2GD+3oCRRJzIfkStFDtcdudu7cmbkV/U8/x7p06dLevXuhVFILFXynTp2QnsjBdAQjvAcTwuDqzyWydu7cuWrVKt4IGoSyy5cvj3RAoU6YMAEemzhxYprf/xTQDYkT+fAReSwiIoJayczMrF+/fszM2Ng4cfAzMzpgLPGZNdOFW3v06AHJariLUPOmTZtYPyEqCmqcAA2b5FOsmzdvwkTkfMIY+c98CGCCH72p9PjvgB+TzFgFFkDnsvamTZsyQ/Ws9JEB8Z07dw7q9Pb2Rt62bdsWEZfka+sfAdiKHYSJLl++jH3Ic8wEra3hrUlOR1jAGrt37yZZVq1alXINN0jN2YjAefPmTZs2DbecPXs2m6IcMCi8efOGXSPnIejQMXXr1hXPa+vvEzmtAOFQ8aD24E1CgK20tLTs2LFjixYt1JRKegKyQHxUALFA302aNCEesRX1gdJDS2BwkhO1RWoPcaBBjx8/jrZA7+fKlQutQHKFrFWVHwXKN998w8QgcVS5aFSPjJI4CR9f2b59+549e5AwxDkqCW5FwaWm3chUiGWWwVnYDmJ1cHBwcnIiIaf2yTWmCQ4OJhqFxMbE5HCyZf369UuXLq10SgbSiZ+fH77CPmEUpuTq6voffreF7YEZMRd5hQxsbm7OksnAmfNuD8AdqXjWr19PpYn1XFxcMuLfWoG9QxbBRPAvPoahYHD2Lh33AVDlkBoJCQEITTNO//79U/sZ8djY2JEjR/r6+k6ZMqV3796G9QknYUKuOnLkCIqK7IW4QVRS5H387KsJcCoi2tPTkyDFzswTRoPQlcP6BJEYFxdHNUwwsteISxI8Wgo+MTIyUjqlCwhTRiMzJXdUcf8EAcrWEESU3Y0bN27QoEGSu0nopx9++IEReFVDbomRIRKPiYlBVFIUULjhMW3atKE0sLKy0kRUQuVkJEILhkVWV6hQYcSIEfhc8nnfunWL8EO6EorkKzYb9Y2+0FBWk/rgApItqQ8Rx7mMQF35MW8LwiM4Devdtm0bvtuoUSM2D3+lzoWh2Hg2Ej9OfB8NusEbsBIUT2nGNtGNreW/9OQ9PoHm4kT0CyfSwiv/5ZUxARdlHJEh6MmAHAK8B+K6JFog2rEtp0MEXFS8cgixEBgYOH/+fHIn+YYtJndCCvq7ZcylcSdsxXWxVYkSJfAKAkzD0jI1UJyhMzZv3ow/oADE7YUUE9LSpUt/++03AgwxnqnKIzVgN8MTfs8auyERRJg4OzvXqVNHw6pFEzx58gRXTEI6GQQccvDgwTVr1pCzEcLjxo2jDNJrbOL2Z86cQZqIr0dA3/iDhqyVDhC5Dx8+vHr1KtkCrqMKQeaKrUlxmczqzz//xO0nTZqk4b2vdJI4qYyo3rJlC/RK0YoVhg4dSqRpq1zu3LmD1tu1axcRi0AWv4JGjhKSHJ7CIyF65BhULuK5e/fulStXFqdrCPgLCQyBimeGyDRU5UhLtvAj3IPG9b28vPBUYoxIy5MnD1cnA9HOUTYStoVDVcHGe15xNfYe28LRlP+FCxeGeaF14hNuxf54A/bBaBxlUXTG+IxGf/aUwePj4xmTyxHhgvH5L+BcxmF8XskimJr+tPMGyqYnFwXIcK5F2sOTcHrArLgcQnXIkCEZFCxqwLQpJ8nZXH3AgAGjR482MTFRjmUYyIXly5evXr26UKFCrAJ3Sn5rBTb59ddfz58/D5VT5uuWs/QEMu7MmTOnT59OBYNjjx07ljhSjukCFNmYBRQvXhy+I6Hq8NYH7nf69OmVK1eiysuXL9+zZ0+EgvggTR9AJUAp+BX+P2HChEGDBunPmQEUB+1wRQIKpevo6Ojg4JBaOYspQkJCpk6diqhFiWto5PQ8nUKEo23RKVRDbCeRhoim0NaWwQGkY25uTg4wMzPDUdDaYWFhkBq8w1Xgvnnz5sHyJUuWdHV1JUvjmun4O60wFCOQ+jAifHf58mWuQlEDkZF+9c3jpFZWQbaDRsXTlvAvZS+Ewhqpni5dukQOE0/FUS4IREZG0gEwVSbMVGE32slGDMjpAHUJ5/IK4xBgrIiEz+Co/uDgYDGC6MwIvOeVxtjYWPwJ0geMef36ddp5pZ0Teb137x6HmBsTZlM4hatTIUFnyNgiRYqQBfX3EB40JFQShkKUcS0yjUhsGQdjilt5WIOEivfieEn8lgXiEtAK+4LD6DXCdQU2CBfCf3iDtKxZsyYOT7JXDmcAbAemIKcilrdu3YrSv3btGjxIvifrpyPkk4PNxbtq1KiB13EJNohSj1pZV5ueBLABihBRhfPj4bAN201S11O2JirRDZAYnvb1119ThaupM1gyIXby5EmUE8W6hvWu1kqcnI+QgcGhD/HAKe4CNymH0wtMGRAQ4O7uDh9BH4BUzEqwMmIQ6QoF6yQ5i8TIEthC8sewYcMwq4bGSh9YEZURZSMVOgmWLIIEQA5zUREGWBLhzObRyHYA/IyyA9nLGw5hHIxMO3OmRdiBQXgDwdGBTEALQSvEOG+ePn1KpNHI4MQh1yLq6MklOEv8xj8ewyCci7XxYKyNK3MuMoFXLsdQmAt+p6VSpUqw3sKFCyG17777ju3439r0ANIG4+PHzIEZopS7du2KfmHOSo90AXYjBW7fvn3v3r3YgZVCGZSPCLHkfkWSmz9//ooVK/r164dASa7WMxsQPTgYS6OoJfew180T/ggG24TDKJ20BI4Kn4pqG/dA7qAzuBDW4JWo7N+/f8uEvxilnJAB4IEoNgxObPLf33//fcyYMRlnldSAEqLaw59J6lwaXdi7d+8uXbroI2HjZqyLOgkP5Crt2rVD76YmHAk6bD5lyhTM++OPP2qoL7UmcXQfbr1z505cnzfdunXT1Yf4zAQlePHixSNHjhw7dkzcu0R6IysI4HT7YmJwCcZHU2zcuBHFyp5RMnfv3l2HtWFyEFSTJ09GusIIcDEtxADJiTdiUcyKFjiXRrEdkBdxyKx4w95zCHamD+8JJ7aWdv7LG/4LEZNZ6QBoZ0zRGTAUY4qj8DhvGIGz4GuhO+jD6YzPiXTgivSkPTHoQGeOQq9ICRiQkgiZoBzWNbjKr7/+SvJo0aJFVFTUkiVLiDTyX6tWrZo0aSIMqC2oS5BCSATiFqGK+ICStm3bhtDu0aNHiqFLnI8fPx42/+OPP7i00pq5AR+RqPYnAAFI+Li4uKBRtL39CKiESAkYjSqtTJkyHTt2RH+gxxEWvKHsQ56TZe3s7NgULpRu+oNPSNhMmLIe50fWUAvCKhg/g2k7NXAV5r9gwQIYDGlC+UL+QCc1bNiwdevWmCvJo24ZB7TGAt3c3LguqsvJycnZ2TnFWxfM7ezZsyoSJ06VA2qh3e0UrkExxYRYM1uIxvTz8yPeMH3GPxaARxgHF8HnqKOtrKwcHBxwEWzNIaVTBoA7khIXL14cFhYGnUFGVG0dOnTgijrJEKnh3r17eDxXadq0KeICooRGEbkApga8oR1FQ4TgQIA3oiegA3sp+mAf0Y7xeYVbmTkcRx/RyHvYVnAu7wHtnCI6MAhDcXXVejEsfWjhKG9StANDCW9D1FNNk1zravkT+FqBGoKg4ooQEBZj96k/vL29CfLo6GimKm7sKL3TAo4Kd0+dOpXMjSZq06bN2LFj2XRyKtzBaOJXB5TeicAWsF6IjDzHerGhciATAwcwMTGxtLRkUZgoMjIShiJvsRCSH7uv9FMLwTjz5s1bv349a8dWQ4YMoRSGUol9FBu6Cu6G/shw7BQuQUChFTApbqaMogHQE2wrFc/y5cupwhmZsp4dJ4vDdIR/ak/pZRy3bt0KDAzEShR54l4uXs1aTpw4gY8RC9TBuL3SO8MgbLmWqakp/kbSwpNZL14tLpSE3LA/JqUnRtZwy7QjcSosUjSCn5VzDcQsE/L09GRm2B1H0cnKCSoSUY0aNcqWLat5uKoBqoSSEF9Zt24djm5ra4sDPXr0CBVGdaPv+ITEcQ72g400CC5IDYJeSX42NjbkJKVV10D4IychCCRzlSpVIFBYCTfA8XBuNDUd8H6chKyjnJMSkKWk7a1bt6K5kNUYf/jw4cOGDRMPscXExFBN4gzUeSkqL67IJfz9/VFG4o6tTpTERwCeJp70LVWqFEzhmwCUFukQqAko2BNHXbVq1cKFC9kCDEXhNXjwYNgHU6N7UGykeXNzc7R5tWrVMB3tJAkPDw8M9fz5c5QcxkwuMJODoMD+06ZN2717NxxHNfztt9+iTyE1cUeYfWe2Sm+dgn3k6tT6TB6vIPdA4uwvvMlajhw5QubDyTnKBHRF5dgEL6J+JTlhQyQ5y0QEk1+5CopB6ZdQmpDboFOqTw2TotYkTnonJBwdHQcNGsTuMjnigdmQjVkwfoMtUhR0/wnYDHhn7ty5MDg7hGewXlzw0KFD8Om4ceNYgtJVbyCQ8HL8Eu4zaBKHPdl6YrVOnTpkWaVV10A7w9QkDEhEPFZIYIsr4n4XL16EypERSD8oA18XZyUG6Rm62bdv399//42UxiH79OmDAEeGq/iaJEG4cjojp0jiQIhxIgovwnMSR1rmB6smBeLecDriDqVFFqQdP4QaklA5hiV+iRFYlXihD6w6YcKEZs2akedEH4xw+PBhGBD6FmbnFbOIb0pfunQJVkItQQIoaDV+jn5C7bI1M2bM4I29vT1h2L9/f1HbxcbGQuuMoPPfVkwMoatIHlAqr7TgA4QnFsMUuB/8gI+xFlFe6IrQMBRKFyoneRBN6HGckLIAg7NkTI15cTm8lxZInE1UzlQLrZ9OwSFYPxZn/bAhMcAr7fA4u8hRLiyKkf9Wubx+/ZptcHNzo14jDvHmfv36ocVIuUiAo0ePOjk5de7cGU2nnKA3IIIgFHwFv2RvlFYDBFqMXYZe2XodPvaXBDg3so5Xa2tr1V1Rton6HWdDNMECp0+fxgkJRWIMZ1PF2IcPHxAyGzZsmDlz5p49e+hAeT5+/PhOCT9Bl1ghiswKL0NDqZE4wxoZGaFaCDZ6IjwTj5D5wfyxD2YExGNgYCAEzXKwEoZVeT5Zk3p63rx527ZtY4th1VGjRvXt25eQSUxehDb0yji1Ev2xHgxCoq1duzbmffDgwakE3L17F/4lxSYx1/uER11JJ1yLmhh+4CrsTqNGjVSkf+3aNWKWYKFcTm1fMg6cBClQtGhRPEoVkqq18Co+XYBMSSqQOGtRJbOMgwwKZ2JGXjEadRL2Zxe4LgvnQmwTUgnP1DCNaU3iWJmEjHMzCXYUE5CKWTkTYpspUlg5fUho7IFW98h0BXwFrtm0aRNVIS5FikNWUBXC2vguhP7XX38xMco3eOEjZBqqVHd3d/ajoR5+GfxjAmKl0iQALCws9HdPHG+GbiAC1EriVEGM4VHC2VDlDxN+cA7dgO5miwFpm9w8e/ZsSByix9roux49eoiqXxnlH5CK6Iz34sZqynZx0waXvnDhAqSGk+tKlH0c4N6QgrgdhIJGlVNLEQKQKcmPhRMpixYtWr9+PazRqlWrgQMHdkv4hXEWniQ0KLgPHDiAA9erVy8xvdKNRvYFS0JD4p4M+4LAJPNxFdGN9q1bt7I70DflFIN88803XKtixYqJuf7GjRsHDx5kN+3++c0lfYDJMENIHF9KXDSo1kJ7hQoVWAI+BsnSn/hN34fqKYIL4XsoEspNphEaGsqqWTsGxGJclCxCGsMOyglqoR2Jw49RUVGsn8uzDcL6UDkXI+TwEvaeCZFsyWOXL18m2zOtj+n34eHheMmcOXMwCpHcvn37AQMGtG3bFl9hMvguKgAd16VLl549e6q5P6groHquXr1KUV+qVCkHBwcNP6nInIBe0aSkajwPeyqtugap4uzZs/fv34d3kut9tozY5hD+BhELHievEHvoF6ou/kuhgL4jczdp0iS1MICz4Boik3BVr/jQK1T9pGFUKoWwgd4QY9okIbIvwoVAgLuRolhg+/bt1D0YE/ru2LEjyhTVmWJcQDHiBpSNjU1yeoUEYB8sL34IExKg0AkODkbMsTXUxOIHR8PCwkj/vXv35nJI/uTGJGahDkGv+lPikDL8QDByFVaktP4D1kIFg5OLbx0iSXEthAWeyRqhOKVfhoGduZDYFKgJhXT9+nW0CFbChjibhnfwtCPxN2/ecAEuhroh8SqtCWDl6FyYnVdRdxNOV65cEXdX9E1erDwiIoISYdWqVWvWrGGTGjdujKPgLtCNKIXgU3Zu7dq1mGz06NGqUl2vIO2JiZHY8VpVDWuIgDRRJWwuhZ64h6YP4M1UlwQMDoaEVFr/DdQD3EqMwSYkFWgIcQf1I3BI2yNGjGjRogWH1KgHrkKVhg/gyep5GefBt0n8uLS1tTXuZFhiPDEIQ5yfV+h49+7d2C0yMpL/Dhs2rE2bNuqDFCWOG6NFIJfUiAxWYsuEe7CDkDhFDJfgckQBtOji4kJIdurUSaXQkwAFyikkEnZfh3SZBKxlz5490Dc1R2pEKdYCobHjpCK8i4lxIu8xlA7nRqnHJcS9VjiThIGtqlatCoPRonRSC+1InI1h48mrZDASiNKaCLg7l8fXyaIPHjygdiODsTFwGcvW092V2NhYtmT58uVUhXgMsmLIkCH4Jd6WmDSp0GfMmIEu7tWrV+vWrT9OKJI5yK54PxUJu2LQJM6GHjp0iCWgxVILwowDb0HE4Wn4WGokLkD40YcAePjwIbxPmhw3blzfhJ/wV3qkDpQ+Kp7x8dU0N4ULUYXA4+wmYjO5djMUIG4Q4Bs2bCBMSHIQOikKZQYxEbkkMzWsIUgcHZ3mo28MVaVKFZykZMmSCD5YCSU3dOjQ4cOHN23aFJsnuVGTGMjeo0ePciI1gfqrZAQkfqoQUjhrQWsrrSmBteBgIi0hYlgOBAjh4AlQnA4JDTrC52FLeByFAXcxNw3H147EhcQWkiRFEhdgeWRdCiuWCuMzLWKMmVE7QOWJb4FlECybySxbtoxijVSJr/To0WPChAlCiCmdEoCnQkDr1q0jCIlz/XFQckDi+/fvR8Jo/sxQ5gTEJ56bJsAQwkqrrvHkyRPCWDwDk2a1hFyCVohDWAmC6Nixo/qYVCEqKoqyjFXgD2k+AwDLU+CT/olhghmVoIaGMifEJ3VEyuzZs0NDQ6k/Ro0a1b9/fyQX20pRQoRC0/AmK4W5lNMS4ebNm56eniSwFG9BJAeRDpWzQffu3RPlkSbqNT4+HiIjPCEQ/ZE4WZ8qgZDEDpqoXdIbm45YxmFIAKQlSlIclf/ibxkkNPQBFLFp0ya2Bjc2NTWlZHdwcDAzM0v+WU6K0I7EydhcD31NJYv3K60pgcvj7hA9luIsJoejUPOyYKyGE2Q8DBht8+bNiGtiHsqGIvHLbt26EdXJzUopNGvWLHLpoEGDGmn8F0gzDigvOjqaNIZO5LoGrcTxWsJYaGT93Ywi2WMugh8S1+SjJByJEgF9hK6kBhe3ztIEm4IWI05S/NgzOdAldCOHcS28mnpfOWAIuHDhwooVK8Tf/EUI9+zZE0pFXSKqMFq9evUIVQyC0IbK6U8EJSdQSJwO8DtG5kSlVS2wGAkS3Yrzs5tKq1o8evSIrcTaGFn9ba6MQOQtrgKJaXjLAjeDr8VHkRgBDsRLL1++jKPiDOkWZ7du3YLE/vzzzx07dsAVzZs3h8S6d+9O/mNMDUlSOxJ/+/YtdIz4xcQsRmlNBRAlZmI2uAslCTmWZVOTQr4oevwg3ZuEZGDNc+bMYf3oIxLX+PHjXVxcbG1tU9wSrvjXX39xddwXqa7htukE1CKEh6AYMrmGqTVzQjwQQlgKSaK06hqkCmom5Emat1NUgCZEIq9Ro4aGm3vjxg3EFPKKMNYkoxNOCEnKSm9vb4IWStJhQak/UNDs2bOHSPHw8CC9ESPQd+vWrWFtMX84qGDBguhxZBkdKFBgN6Q6h2hPHKGQOEaG3Nl9DUkcUAEQ8pzFbmpiMeiVVMGs2MrU7lZnHBAIBilSpAjUpBULQd+sHXMRzpAh1T/jXLp0Cd/Q9psTMAOKft68eZRHZFnExIQJE9CgvCFbQBSay1ytP9hkxmQhSBwrK61qgWdQoMH4lAlwOsUI2Z6y9Pbt22wSUkvzuQJkICtfuHDhypUrw8PDCcK+ffsiruHx1D7IImHA9UuWLKlcuTJmwvrKgY8CtgqPOX78ONKVHGPQJI5KIhHCklCY/qQoJL5//36uZWNjU1az3xCHX44cOSIeadCkZge4H45EmQh5abgpZC9iGDFLAsCfOVc5kFkRFBREpKxZswaTtmrVijCBxIXEU3r8A0iTSCSfQU9wEzyOxyJ90IbkUVHc3Lt3jzrMxMSEkldDIwO2RjwHAvWneJcmCVCm7D4+Br3qj8SZ1YEDBwokfNVLw/tviQHvYyjIp0SJEjASRBQWFsbMSZnERZruBCP5+fmtXr168eLFghng7qFDh7Zt2xaG1IoPBbQmcWbMDHB9a23+aiX0SkDCYvgQiyQTEEIUIyxbaAFela6pAN9CdIu/ZLpv3z42YODAgcgK/FK9XmPCMPidO3foTLXy8Wn0+vXrSEukK8tP8/ZrZgb+GhAQQGCTv/X3oQJXQeCw3TCyhiSOfoRfUJfwvoZKHIXIKWwHnqxhGOPDrFqwP/9t2LChJqz0n4CqF5f7+++/qTYogocNG0awEHrq3Q9yr1ChAl5KOoTmODc4OJgIJTxpef36NQtnRzCy5nerSXhoVUgf6tck9IhT9oXL1atXT/NUoS24CjUlso9Uke6rQLioZuZJOhef+lJzQOUMiFpPjYthg23btkHfbBClCcQ9cuTInj17IjGVHtpD69sp5GdIHCXOApRWjcEu4iUEJ/nq6dOn0CuOQilB7YxbsPgUC653795hI/LzqlWr0NRsAKaHkYcMGcJoadZolJPbt28n5Y4aNUp/+jE1CCWOH6N0CHuD/mCT3Q8MDETWsfsa3uhIB9ApERERUAZqV8M771euXIFfcAYcQ0N+efbsGZuC8yA/NfxKBYAE8VJ/f//Q0FAuBz9qcivmowGjUelS5rq5uVGks1M9evQgUuBlRBLZF9AtMb/gn8SXaOeV/7JG9lf4KhGKleAd8hwWY+HQK4Gv4S0IRmM+kLL4yEqTjytI4VR7pA2uosnHp+lDbGwsEpiQxDIZvLmKZZDkJEgELhmLQu3atWuMCcXnSPgVUqXfPzfiV6xYAYnh5C1btkR9i8+WM/hRWXruiZOfcX2gtGoJPIBli0duWTnpC0dBZeM0KJ0k64Hric85c+asXLmS/CHunyArmjVrpgkhPnz4kBOjo6M5q1GjRprcldMt2MW7d++yQDaVwEju/Th68qRNIxBBxdEkHUS7QPJzAe2qPvyXPvw38Vm8ZytV0StOAbSIdl7ZGpBw3v868x6uJH9jUug1+ddwdAWoB3MhePEQDa8CU1AilC9fnsjXME2yCuo5loak0Or+Pp2JQG9vb3Izdvj4siBFsHesCHG3dOlSBDjChUk6Ojra2dnB7MQseZHylzfYCodEMMI4yG2KGJhatFMZE2K8oUzBB8htvIaEhEA9mJcR6Eby1opeuQQkjvND4ppQFW4GibOJ0Iv+bqeIh5IZHxLXid7HVshEQApElcKQjx49IsGTvSjXWNS5c+dWr15NZj1//jxLg75R31S0OnnSQbvfE2c2R44cmT17dqdOnQYNGqS0phfkdqxJLG3atAlfoSrp0qVLr169SGuiA35D1gJ0w0AtWrSwt7evVKmShvUv1LN8+XISQP369adNm4aIUA58XBA8X3/9NQpx/Pjx5ubmBBs5Gfpgj6lVmSQujmGJHPYCx2LXcX26cYisI2oUlBT7DeA4iuUEYv8ffeMlxBXtBC09ETvQH3ajXhE7y7lkDnIhJ/JfoRy51r179xiBUzAmnseFiFjC+8GDB/ThPeNwFpzFCOgjwh7vBGZmZiR+MiLj6AOs/bvvvmN6EyZMIPKVVrVAIc6cORM67t27t4a7DIVRmWGZsWPHavjpjgrQHDOEBb799tvhw4frhAUyAjYaDbRu3ToiBRkIa9PIrExNTVkgZS4QaZieuIrwE8pi0cJR/JAWNh0vwv1wCY7iEuwCvgQfMaAQQIj00aNHE/4M8r9rqwWDw/4//fQTPvPbb79pYih44JtvvqECY19UPKBzMCsKFBThpEmTdCtHCG1SHXrcx8eH+GrevLmDgwOLmj9/PvRdrlw5V1fXVq1alSlTRpO6RENoR+Ls9/79+8knXbt27dOnj9KaMUAopKkdO3Zs2LABWm/Tpg2Bwa4jwLds2UJOg6fQFK1bt65cubLmtQ9ee+zYse+//54FwuBNmzZVDnxccHWWgF9C5Qg3OBF2JjZoF2HDPCFoogjAnsQPrzApZsEJiCjCCWFC7NGNFkxEpEG7dCMTYBxoi0EIXRo5nfGRzDgTV6cDI6jik1fOAuwjkcloHOIs3tCT8elAYPNfBmQOTInxsTlvIHEOMSaJ9scff6xWrVrC+nQPEjbmYg5jxoyBl5VWtcBVJk+eDOMjLJiw0qoWQUFBnAIlUdVppcQF1q5dyyTRE4sWLYILlNb/COzs+vXrf//9d7Yelcc+AnaZ/eLQ/zJ/Qu7HQ9hW8jG2xU9opAPdGIE30D2NbDSZG76mD/15w1B4IK/4DIdgKHoSpLgBkpxDYg4pgmF37949d+5cVBQ+o4b3cT8KAiS/u7v78ePHSRKkSUor5bCuwe7/8MMP+DA+po8PqNkIyGfVqlVEPamIYEd4YS4nJ6c0v16UDmhH4uwiu7Jx48YePXp0795dadUFUI4Mu3XrVjQFcpWUdebMGVyKyOzcuTNOANcoXTUDohIGX7FiBUQwbNgwsgJkhGsCmItXvBmfRh0QwzrMikmAef38/MaNG8cr/y1RogTEwdUJCS5KPODoFObIXuKB3SVaOAWfBiwZiNijgOUNzE47rI3nCXYmONGhBIC4XMmSJXFN5DydGYfBhaJnZDoT0jTyhnMZh/cA4sbO169fp7LGFC1btmRwhqUDJxLkdGa22BOLFStWrF27dk2aNNG5I6oAiWMu6IPCJclPO6QI5nno0KEpU6a0bdsWEk9zYmTBw4cPw8JoTMQ4lR90phzTGHDZzz//fPDgQaTc4MGDNZGl+gNRKX72C93n4uIiGtl6tg9Pw4VYIFvMf8VeC9fCwuz+/+IhAbQIb2Q0OtDCe8ahG4dwTk7HK2BYpBXeUrduXRQl0opoFVdMDvyN4mDBggU4DHqc8ZUD/wbD7t27l3IcgUwgcMWJEydCr1SoSg9dIzAwkGrS2toaPa6PG2IoHsQ4YpfCCNauU6cOCQln1tPNAO1IHBKBZ7dv3963b1+Vu+gKuBcZctu2bVwCncjiScg4SjpSJQ7n4eExcuRIUgK8VrZsWchayJMiRYrwHo6D3XAyKI+FZOSj4TQhlPjRo0cJoQoVKvTv31/cS2U+glghcXIYchumJnhUO/I/BZVwn4RwgpuYMwHGUc5lRfQkvcMj1NGXL19mUfAsfj906FDqJK4FsAOW5JUEloTExSVEH0aG0Xbt2kVwEj/Ozs4wHUcF0RNUwlyQOJMU+UOcrg/ExcURwDgDWqyBBn8Ejkmy17NmzYJQcEs1tRpjYihPT8+dO3ciEbD/6NGjKfs0f+pZBYzm5ubGDHGn6dOn6+/mkibAKxB9J0+eJCERL0qrfgADHDlyBL3F5bA8Cyd8bG1tiTKlRyLgt2g+cT+TnJf84wo6hIWFiRuq7DuVDfaMjo7u3bu3Jvk43UDyjx07FmmMt+tWiROSvr6+qIoLFy6QtNCgVC16pReg3QebhAG6DxlCHtb5HSuooUyZMngD2wmdYV/Nv0WdBMxw3rx5oaGhVatWRSkglMj2ZEVxw5ca58CBA+fOncOBbty4AY/TDU5UTtYpIEEuevbsWSgDsiDe2GYWVaNGDVNTU1rQ5ryhCmYaFf8NExOT0qVL80oax9UwDo04OiaCfK9cuYJ+AcRShw4d2rdvD1+fP3+eAVFknELaZ3zOYgROgfp5BTQSKgI00p/BhX6HDdni6tWr0474gu4Bb9BiHGVA9gVOV9amH2Ai5B7hDTVo8oghG0cWPH36NMskO5L2lAOJgLmoM/bs2bN48WJvb29sSHSxLygmjE9mVfppDLyIfIlTkZvxW0TWfyjGBRWiVwhJnUdlEuAPXMLGxgafIdNTXyI5MSMEjYckMT5mp0a8ePEi3p48H6M59u/fP23aNBgcYyKKSd4QK4kWT+MU/ZmUqCcHQ7LMSld6n12AWJYvX46PwT94L3KKUMLNOKrJ5wHphnYPSBHAhDGL1xPlAXYOBoG8YJ/0XQXePHbsGHqhWbNmqCQqzRkzZixZsmTHjh1UghTpKsom/NhOMj/CSpyrc+DHaFgu16VLl/nz53fr1o0NnjlzJtocThEfGWkLAuOvv/5CdTIg+QBNQVHfs2dP9A6MjERCm8PFSm/NACsRP0QOIoJiiMSgHPjoYPswGvMBSlNa+F/BkiMHc05xHykjyArffvstfAFxIFfxBygDMqJI8vLyIm0oXbUBpkYwkn0phqBypfW/AN6F0XAzZLLSpGcQm6yd6gerEq1r167FnihuEgkzUTolgBCDJZELyv8TAN+hNsTpiOI6deogJaE83E+UmCzk5cuXSm89AB6DZ/CZ9DFMcpDOSUhwy9KlS1kvJRorQumyKYGBgQgIpZ9+oB2Jiy3BBBTmSpOuwcii6k/iDZqDyCTNUlZT6Nnb2+MWCFgqGouEX+zC1pTSxN7gwYPhQUKRDdAfibMKlgO/cCFIFl//6aefEDLiRvmECRMQMpoz5u3btyFoTpw7dy46CD768ccf27VrR2ZFLxcuXLhz585oagQ1tMV1ldM0AzvbtWtXJBXWE3fw/xMQV0QXik9zEk/NWyAL9vrPP/8kqPCKJk2aEFqwD3vBYkkVJFGKX2SscoI2YJ44VZ8+faixKOxiY2OVAx8drB1n0KsbJwfFGUVM//790UlDhgzBCHgmpMwrqkj0gShEcn3x4oVoAcjVZcuW4cOrV682MjJCzZBTW7VqJXS32EoB0V9PIF4Qo7wq/08vMDu6hzAkrtFnHTt2/P3334kj8hZsiQwPCQmhUlR66wfakTiOCzWgXskwSpOuwfisnFdiTGnSBpy7efNm8ryzszO1ksi08fHxcDfGJVV6enpSdH/99dcQqJOTEzqCPqKbnoASJMaESqLCwO+hFWZCdtm3bx9OTBioPplMDRh8586dQnRDOm3atEGMcy75QNxqJHLQQZUqVSJ14Z2MLOo4zYERsBjhxGQoXBhNOfBxQeQzf141dwAsDE0Q9ol5H4utWLFi9OjRCxcuJJyGDx8OlTdv3pyqn6P05xLGxsYsc+vWrXFxceIsrYDFMFfDhg2Rk5QvTEM58NEBh7JGzdOerkAhaGdnhx9S5SAmQkND4TIIWvymPxYWd5zFVuJX1I74MJqd3enRowdnjRo1ytraWkWm7AsanDpSrwkJc4nUQppXmrQHi6KMIx5hcDQT9T1vfvjhB9V3+gSV3blzR3zCpD9ot+vECZ6abobVBGLl5LfE2VtzeHt77969m3IPrixatCjecPLkycmTJ0PZixcv5r+ob+zeoUMH5DkyAY9hLfojcUbGlVkUNbu4xYG/UhOMGTMGFh42bBhHly9fjutTk5LJxVmJgR38/f2nTJmCfyCxmTYxw3/JUomrVByF5MpVGjdu7ODgcPbsWZhFWx9FDXXr1s3c3JwcADQvEXQIDEJhIcJMaUoLbCI+Q9iL4IGRd+zYwaYvWLCA3Na6dWvyN4VX4kfWOAXWa9SokZmZ2ZEjR9JNwUwV8cWeoiuDgoKU1o+LBNn6gTmwIqXp44ISsEWLFt9//z30jX+iTPFVCJoqB/1EaoHIcKeJCaD0rFGjxs8JgO+S3CwmUvBkKD594a8hsBXAYdJH4njmuXPnSEiELesqXrw4tQg+RlkG8yid/qmQeNX3vmhN4kwIclTzDEAGQfQSxpARPK40aQxYEgdiYyiZSYy3bt1CEUB5S5cuZTSo7ddff0WRiQ+L2UL6086r/tgKEseJ8Uiukjjz4UN16tTB12fOnNm0aVNyDwGAH1CY37t3T/RhhkgbJo/rIyphWPQ7xDR06FAUveijAnYDcBMuhaDOnj37hg0bxM/RaYWaNWtiPRTW3r17SSrsuHLgIwKjAeU/GkAkY2qdR48eXbhwYfbs2Wgid3d3kiVUTrJk6zGI0jsBOAmsTeFC0oKD3NzcLl++rBzTEvXq1Wvbti27RubQX4WqHrgKy9GftNIESIqBAwfOmzcPLy1UqBD1DWqJMujixYsw3S+//HLs2LEKFSpQBFOJUkpSbylnJgLBghvjdXoVEEQf2ZeUr5WbCbDRpPzffvuNapVJDho0CH+DxMleSo9/wFpIUYQShKY06QfakTiTJlUyOf3lFrYWhoKw0kEf4oETaIgSDx06a9Ys5ABRbW9vj9/88ccfvEk8c9yFXcT19ef9WIyEhBKBxLGb0voPuLqNjQ35nKKS0h4qgcqhadgT3kfIoG44eunSJWpVilDCI7XHD2AltgYQzIRK/fr1KUH27NmTjlzo6OiIsDp//jzzSd9HrxkBfET2hZE1dAAsnJC/vmDroVFYY//+/dWqVcOSM2bMgKOTfKomAO/jCew7YhApzR5BNOIbUtoCX+3atWuTJk38/Px8fHzSJ+4yAjiCqCGNpW/+ugXiCaeF4Nq3b09JRJUTHh6OA7ObY8eOpRqGxKl+lN7JwL6wFsCGKk16ABbjQlC58n8NIDQfnok2mj59+pUrV1q1ajV37lxK6uT0LUC8FyxYEB5PHvi6hXaj4/RCI7MkpUnXYLMxLuJIfNChOSjcSP74MVXCli1biOFdu3aZm5ujvqdOndqlS5ey//6TzQS/Kt54L97oA6wIvmBRqe1lqVKlENdwNxL4wYMH0BB5ftGiRYiakJAQEg8KnRYyU2pux/wp3NgXoSxwnZYtW5YoUYIQCg4OFn00R8mSJRFKnE5ZkG59mm6ItAclaUjirJo13kz4tWtMhx0gEdR39+7dUQOpiSC2HpDw8BYnJydra2syFpW+yiW0Am4mns2nYEJJKK0fC1gMfsFopHCl6T8FRY+tre23336LbEKd9OnTh2CkJOI9VUuacc2+48bCk/UEscs5c+ZMUp+lBrzR398fykZFeXh4EIlTpkxhgYnv5icH+yK0iLjLpz9oR+Jw9927d6kZ9cd6xOSNGzd4o9UdG7hv48aNsDYZEuZavXo1LagwuG/AgAHoMhKv0vUfsJG3b99G8HJIw71MB9hCjMZO47tqxAXpGu2MW+AcuAgiGs0C9f/888/UEIKPlK4pQZA4FxJfriMAoBW0YXR0dDpIHNSuXbtRo0Zo27Nnz6aP19INLMYVWTtQmtSCVeOQUBgWoHKnkEcDlilTRk3kcAl8TPz4AcxLdkdVMQjxidRSOmkDUkWdBLBx5JJ0VD8ZAeZiOUgEDX9y4OOAyrJDhw4jR4785ptvhg8f3rx5c02elcaTceB8Cb8KoDTpAUQ9JSaeo+GNDnKkt7f3ypUrN23ahEIiG4lnIpTDqQDXogTnQriZ0qQfaEfimFjcetNrnuQqmtsX0Bn5s379+qioKMwNXaJDf/nlF2xdM/WfzeQqKBeIlWyhJp1mEIKS2EgmpjSlDvwe2QKVU+MTkDBL3759oeM0cwzbwRJYEVcRcoyAcXZ2Rk17enqm4xG6okWLtmjRonjx4gcPHqQWVlo/CkS1x1o0dAC2m3Q1aNAgXo2MjI4dOzZz5szAwEDlcCpgfLaGS/CK9fATKysrKBjBpfTQEmK/iPDDhw+n+ayRbsESiErWQgpXmjIHmBKOhFeneEcrRbAQwI7o9RYE4xMmmn98SgCaJICwYnMp2gICAsTzZmrAVQAZPc2eGYR2lmJX4ETypIYqKR0gAzM+iyeYlaa0AEtCNIATXVxcfvzxx19//ZXyVr0wwUvYG1YkbK206hpicNbCJCEOpTV10Jm6oW7durVq1dL8m4SsBeHJcggASj/RgjBs3bp1SEgIop6aQ/TUEEwDMU4FgFW3bNlC+aUc0D+gJLIyMaahA+AwongnbQ8dOpRkRtk7ceJEkvrNmzeVTv8Gq4P6MRebAmiBa9DvmI74pJgT3bQCBsdinTt3vnr1KpmPskA5oH8I+ibzffwPMHQO9p0amiJJaBE9gc0COJiGPoa3oGnwsXHjxhUoUGDJkiW8/+uvv7y8vNR8lI2bwZa8Ch/TH7QjcSYEWSBd9fexAwGs+f1QAWYFX9vY2CBjJ02aBH2rv/kgwFmsgl2E+LS6nFYQI5NdMBrBJhrVg+XjxNT1hKXSpAFYCHSWuKrgvx07diQT7Nmzx8PDA8OKdg0Br4k/OLJ3717kvNKqf2Al9A5uRpgpTRoArUf5MmHChOnTp1OCkLp++umnBQsWnDlzJvnHfWyKuP0CRIBhK4R8s2bNTp8+vXXrVg0FWhIQ3qS9kiVLYrGP/G0pVoTb6JssPgIEsbAvQovoCWQILEZUan63ms3FPb755hu4u0ePHnFxcfPnzx89evSiRYtCQ0NTmy0+jN7VH1sKaE3ivMJ62jKC5sARRRIW19IE0FajRo0wLgxunvpvqiUB9iVPwhfiRoTSqmswMsvBKTGa5lehc0xMjOYPGzAypwhPSuwxVapU6dSpEy2bNm1Kh8AsVaoU+hR39/b2/mj3ebkcO8K+pHkTKTngYqj8jz/++PnnnyHT7du3o5jmzZt37ty5xASHucQNLnxMlSpIA7169WLJu3fvPnHihGjUFpUqVXJwcGDvDh06pD+nSgIuRDxiMVhJaTJYwKoshE3RH8MAMTjhr+0NKHzSwsJi/PjxOFW7du0o9aZNmzZmzBh8JsXSAWmFINBrVQG0I3HchTkB/TkoiYuNFBpZaUoLbHnx4sVr1KiBeFSaNABncSH8nmtBHEqrrgFNAHQf0NBoTAxfgfc5RWlKC1yCU8Rnp4mvQruTkxMa09/fH4GppvRLEYhiqkjE+JEjR9zd3ZVWPQOPp6CGc1X0qhU4C/p2dXUVX+ZmqA0bNkDl69atUyVFcf8BT0vYnP+vFWrWrNmmTZv4+Ph9+/Zp7n6JQfohtitWrBgQEPDRHlNhyQUToCrCDB3IXq2ea9AWGAqj4Wnpq10gjebNm//2228wuKWl5bFjx3i/cOHCJJ+FwCpcArZEYClN+oHWJM6E8PvEck8fIMyA8h99gl1EwKYvYjUBq0BZFC5cWCu9T0/Egub92REoCWLicknOMjIycnZ2JskhSy9evKi0aoxixYpBhYjWtWvXXr9+XWnVJ1gL23H37l3Nc1hykM/q1atHtUtxRh6Kjo6ePn36r7/+evjwYfEJc/ny5bEJmS8xiePVHTt2rFu3LhTs5eWVvtRevXp1eJzJu7m5ZWQJmkMsgRSl11sQHweECT7Mq14ZRtysI1trK2tUwOZlypRBK0ydOnXs2LGMNnv2bBT6smXLLl26JGKQRlyIwATiLD1B65+i9fPzCw0NtbGxEb8npXNcu3aNSGPZ9vb26j+ZzCAwdEREBGVvuXLlGjRooD9D4yuIMtRZnTp1NLlFgJG9vb0vXLjQqFEjK43/kGlcXNzRo0cLFSoEByW500eBApvs378fz6tVqxZVpHJAM5QoUeLWrVtMiRPRqvrO30yV4hSj2dnZVapUSWlNFxB0VapUqVatmrGxMRyHYmIjSA9wRI4cOdh98eu1iQ3CKfw3MDAQJ2ex2FM5oDHgICzGhY4n/ClelqBviyH3cGMuhw+XTfjxXuoPDMgrtI7qYu3s4O3bt0WJg+cjD4VIvHfv3s2bN7EJ4D31H50B3TiRlkePHrEjohuDiNMZlj5XE8CYd+7c4Q2ECGc9efKEboyMkUnGdGMmdGB8zqID7s0bOtBCT84SF+UQKoRxSH5YDDcmy4oF6hyYYufOnYQDgc9mKa3aA5rGtYhrOAR7ErPswtmzZ1lUkQQ8fvwY6YObEciJ5YJuod0fhWDD5s2bR7aZMGEC+Udp1SkgCxQTBcvkyZPF9+P1BNwRspg4cWL79u2phohq5YBOgXlPnTpFpqxduzZGo+ZVDqQOAuavv/7atm3b999/379/f6U1LZw5c+brr7+GsH744Yfk3n/+/Pnhw4dfuXLlxx9/7NWrF0JVOaAZ/P39GZZopH50cHDQKyvh9N26dSOqZ86c2bp1a6U1w6DU3bBhA96FD1eoUAFuRS60bNnSxcUlSc6DX5Dty5cvx54DBw5MclRDrFu3DqdCrP3xxx9svV4tBlNwrfnz50OvDRs2JGrwbVbBIZGTYGHsCctArJRWNFLnwSn0px3GEZUolERn3tMOAbFwQfqkJQid02FbKE9IK8idnaKDyHOMwxvqGzEm8SvSCXTJ+EyGQMD5GVZ1ac5lEBIP3sjglIyQXVBQ0MaNG8mshH/9+vUZQR8gJPv168daCDRStdKaMRAdnp6emzZtQgGwIlyLEhZWoREB1717d8yrdNU5MK7mYHt++umn/PnzwwVsttKqU5w4caJZs2adOnVCKClN+gFyYO7cuahUYhUfUlp1DVwWlUSJDYciPZRWtYDEYUw2fuHChUqTBggODiaAhw4dimJSmhIB+bN69WriCtVw8OBBpVVjsIolS5aUKlWqXbt2ISEhSqt+cPny5Ro1aiBtKB2UJh0BKiEbwQ4dOnSoWrUqWz9o0CDxmafS4x8cOXIEJYg9SY1Kk5agpsaH8+bNO2nSJMJbadUP2Fx2h/wNdULQvHJdwBtCFW6FuBPumRfkKC2CTOFi8V9exVHAfzkRKqeRMoI+op0RIGjOYkwxLKAbbMUrLfQHNPJedXXRyOnikOoor4kh+ovREOMkj86dO0OFyvL0AF9fX1IdKZYQI9yU1gyDzBQdHb127dqePXtaW1uTHgYMGIBMhAH0xJYC2ilxih1E5ebNm4cMGcKbdBSbaeLo0aO///47Ofnnn38mkpVWPQBzI3VZi/gFdz3dToE4EIBEMsSBjMVZlQOpA66fNWuWh4fHqIS/AKm0qgU0dODAASqYJgl/zJDAUA4kAsOOGzcOpTBy5Ehmou16yam4I7szZswYEhLxrBzQNcSPMqPySLF9+vTReRGKbsUUmGvBggU3btxo2rQp5Q52S/ygAh1mz569cuXKb7/9FldPfEgTPEn4jekZM2agK11dXdkR/Fk5pgdAENRYp0+fvnPnjrjRgT9gN7aYV46iAQU/8p7l8yo8BIUu1DdaWwyF1gbkbNqFrwo/gZ7oRjuUhypXNfLKJQSVcxRlzQRoYQJcBTpWXRedRCNX5yzqEq4IxC0XcTkOke04hFag2mvUqBHsz/j6AEUYsb9r1y6SU+/evXEAHW4QK0VIoQMIfCQC9QTX0l9V8T8ILtcQVKPib9eiU5iiuAumW1B9sH+kMhKG0qRrEKK7d++mUsaVs2fPPm/ePBxLOaZr4JowJhqkffv2GtYWhCKk7+jo6O7urjSpBa6/Zs0aOzs7YoZFxcbGKgeSgS1DfkJbUVFRSpPGYCGUX0SdeHJcadUDIFaEGBGOllm0aFE6pqoJ0PtYGIoBVlZW5D9Ed+KCDLFGBxcXF+JQadIARATZl9rOwsICPhLl1IMHD5TDegM8CCNzIUgWA+IDcXFxUAngvwAnEUdv3bpFI2/Ee8AbeF8A3+NEcfrt27fFvWzAG3EK56pG5g1gcI6qBheNMTExiCRxiGHFCBwV7byqZkgfcQppm/IlPDycDqxFWZh+QKZhm8SvdZJ+qJm2bdtG6lUO6wLEC4qna9euCBE/Pz+lVT/Q7oNNvJzNwOIXL15EMbEZmKB06dI6lEvsa0BAAMPqIxUjIghOqOHvv/8OCQkhD7ds2bJNmzbGxsZKD10DE+Ov1IZYjAhHwojKUTmcEpBCJEuMbGtrq/6TPfG7fUuXLqWe4D3XIloQZSwT0yVX/TA4kzl79izMBUVqfqOWTYG4uRaRxllsjZ4+1gbkCSMjIwQaro8diHySEzWfbj+0gHGOHTtmampKSiOkvby8uNyFCxcwHV6BeOSV9+RR9GONGjWYg3JmKkAHMMiKFStWr17t5uZGmOBaQ4cOJRNgdh0GSIpAyWI3TMTM2XdxjwI3A7wBzF8cFY28SfJeAMegszg9IcHl5kTAG9GB/hwSJ/5v3ARwVDW4aGEEhIs4RLsYgaOinVfA0cSDFChQQNzkoQNrURamH+DDZcqUMTc3J8uyv/7+/j4+PkQc8yxevLjmcaEGqENxIwHv4lp6LcW0I3GogWUTUWQtiOnUqVMIJdaMm7INSqeMgfwPy2ACpKUOSRxThoaGbt26dfHixcQY43fp0qVXr17EGCvCafQUZihKLIMfoy+gpPPnz1NyYrGE0EiZF7AtxT45BhKvVq2a0vpvMNrBgwfJRgg9anbUMbVLgwYNIHEkBvuCwGFRxEPiqxAztOCvWLhKlSo4WZqrxm6wm/jzrxiQpOLq6tqiRQt2XOmha2AcPJ7p4WZQIUIY1UwWgSbwB12FN6IPEm/YsOGohL8sg81Pnz6N6TAmGqpEAohnimJa8BA1n7GTb0iNbMeMGTPIpnABhmU7xowZg3fBVvpmcIl0gMAkZ9SuXdvS0pL8gcY6ceIE4UnJgqdxKONUjgigsMCBCZbUAlkn0I7EcUdCi/ITCcMioQwCmyCHmFg2c8U0Stf0AnV/8uRJFCsBphMSR58y5r59++bNmwfrEWOMPHLkyAEDBhC9BCpzZl1oGeUEnYKRWQUWg5iIdmaCo7BAfAVmh9/xGKXrP0CJe3p6YtjGjRvjYUrrP8DUsM/KlSuh7+Dg4FKlSlEMjh8/nqqtSZMmFSpUID9du3YNVUhBQ2dIhC1TeSTrxbdgeYrcunXrqkm9TIOpCrvt3r2bYe3t7QcNGgSJiwcP9ArcqV69etWrV8dK1BZUpmQ16FVkpoxTOSYiaDGXjY0NyxEbhJrmWuRajuLM1GekPYKQTMZkmIlyciJwiM1iO8hzbAdVKQJ88ODBlOoZfD5S4uOAjcYH8ARihIRNMoZ53759K0qHjFA5Gp9Ao/QXDxQorXqAdiQuwMLweFaOm7Ja1kw9glxizSVLlsygqqVgh6QgF2p2MqTSmi5A38QYwhMV+ffff7NDzLxDhw7ffPONk5MTs6UPU4XE9cTgKpCTUHPUFmZmZpAjae/48eNnzpyB1mFhZpJ4AswZVQibJCFxOt9K+E36KVOmQECcQjExbtw4FxcX1d/vx12gG2Qs+wIFw0dITviXq/DKKcyE4g7lCPXguPRMce3kmG3btv35559cDlHPXo8ePZq0x6boquRKE0wMGsUCMOPDhw+JB5QyVM4hWqDUFGeuISj4cDPyAXlClPYU10Qa23Tv3j3sxhZgw1q1avFf2JlMjJETX5GjbIe7u/usWbOonNidpk2bCitRQjGm0k8i04NtLV++PJoGWsPzYTN8g+QNlUFoyKz0ERqaIDIyEnpE8iL5lVY9ID0kDlgV1AOJ4/dMEWIKDAyEmKAeMliSKl4roO6JGcwK5SEhlVbt8erVK6a0evVqhCSylAlbWFgQYGhJrW4H6wqsCIvBm+LhtuiEX/om80EEzI0WldB7+vTp4cOHYasGDRqIj5EBmhrzzpw5U/xUOvw+atSovn37wnFYW+VkvGEcPLJmzZqQNXIbjwRcjpSGvGVfICz2C0JE2NItyTeqXrx4QWmJtISb8D+Ue8+ePceOHQtDGRkZZbzS0hZMmNDCaOLuytmzZ6kwUMoiM4nHJNIBYpU0xo5gYeFmbBBvKleuTAs+jP3h8atXr3JREiFuySFCmp7QN41HjhyZOnUq24Ft8agRI0YMHToU+sbIiblewiBA4LDpUBkRQQImMNF8iC1KZ+ILz08HY0DiUVFRlNTlypXLdEpcBRYGBSBhxH0JJBu8ycphATiUlnRQOdHCIFBJw4YNiQelVUtguM2bNy9atGjr1q3Qn729PXwHmjdvjlZVUd7Hh7gTh8WqVauGZxD/8DWSHCqHUOAI4v/58+f79u2D4pmtIHGKCar1BQsWQCtQCWRBwd6kSRNIJ0W+4CocgviQmbhgWFgYjAP9xcXFQfFwIpfGO2nkDTNRUSE9KVnmzp0LxePK3bt3J1V07NiRodJNlxkHboYvYbQaNWqwfSS5kwlgOVA5K+VV6aoxMDiWxz/RX2RQpTWhZipRogR2A9gWg1DQQNn4NlmQwuX169e7d+/GtTZu3EilzLn9+/cfOXJkixYt2L6PLw4kdAi2T7X7BM7169dxMyKRQhDpwyGln2aAxGFCFD2iKvOSuICIMTIYYUbVSfKhGoV38Huiq0CBAineTEwNGA4GYUwHBwchkbQCZfKePXtQ38QYsQcJIr0Js2bNmhH/Ws1Ef6BAQ5ILsUy2gylQhew39C10HK5DIwkclnFzc0MUQxychSiGL9q3b48ITVMUUwwaGxtbWVnxSrEP5aHloSTSJFfBGtA6WptdowONBw4cQOmLn+EmQ4wbN65Hjx5CmCgj/qdg7zAIZSkVFaYgtFgO5SoGZIaICa1yM1UIbsYbokvo68QQogzTEbcMKx6SQw3gUQcPHlyxYgUbhKuzEcOHD+/WrRslacZv00tkEqh2H8HEthIjJ06cEFTOoWJp/UEfFajYUF2UdOT+zHg7JTmgXSiJubJyYozogspZwJMnT1g5Hq+hSKFSRiEyAjySpNJXjwcPHmBoOGjhwoX+/v6QVL9+/ShyibT0VUP6BqyEwhVU/vLlS2p2GPbevXtkQbJ3bGwslIHWg1uxYb169caOHUtCwr20EsWkAWQFV2FfoHJyA+RFtYiuZHyKAKTlmzdvNm3atGzZsoiICNKeuOnUuHFjigNllEwD1k4CY5LsL0FCgAUEBGA61sIh5JKGZIoSx7B0trOzS07iAoyG6cgZiAl6kjVxaQpN/tumTRuKIXIqQj6TKAMJ3YLdJzzZX6TDixcv4BZ2nwAhVBENEJrSL3Xgn6dOnSLiKHZFSa0n6IzEBfB18ZlnxYoVETvihix8RDuFJ2yu9EsdRBcqHmZp2LChhvUL3HThwoXNmzcvXboU3cp/27Vrh2J1cXGhkPkPb55oAhgBhsViUDm7DiVRScBK+Ep8fDza3NbWFrk3dOhQ6IbcppymDbAA6RAyYihENx5JkkDGXr16lfFJtLt27UKVU04NHDhwwoQJMJTmcuM/AXYgMAgw1oV34TAwMtGC0fAxco/6PIed4eJ9+/aRDyj4Et9OSQ42yNLSEjanpsSNra2thw0bxnYQllTcSieJTxQikdevXx9aI1hQ1khMilqcQaR2NfSCm0H96AyDUeKJQYxRYKKVWCEqMiYmJigoiJoUUk6z7BVVPzrR3t4eBa20pg5UpJeX1/Tp09euXYuKL126dN++fWE9aFGTnJEZgEGKFCki9DJyj1Wgxz/77DMzMzPk3pgxY/AhbW8XpAhIB+5r0KABVE6KvXnzJgkPwGLdunXjQqJqUXpnehBIGA0qZ6MfPXpENjp27Jj4tRM8Tc1dINIYEoloJDIpONIs+EgJmMXc3LxZs2YtW7bkoobiWhI6Ab6EKsdVoBcI6uTJk4GBgbgcjiGoXOn3b7x//55YRiqhaA1JiasAByFzoIwKFSoQVKyZ6GL9LBtDpLZsEBkZ6enpCa0QMGl+sEl1s3r16rlz5544cYJQdHZ2Fh/EkT9S/MQvM+OLL77AISpXrmxqaooohil69epFMYG50rz9rTm4CpUg0gBFiXkhI0gQaenq6opUV7MvmRO4k7AVy4G4r1y5QpGB/Ll79y6Ol5r/iOfB4XFInJSWJokLcK2cOXMiUHS4HRKGAjYdVU54WllZ8Z5KTtwo5xBsk2JSR4mHhoZGR0eTAAgupVUP0BeJA2gUviALwUqIpqioKIoROBptnj17dlRhipRx8eJFDw8PArJp06acpbQmQ3x8/KFDh9atW7dx40bMRFEMfffo0aNevXoGrZJy5cqFAEf0wa1ATx8qYnmkJb5laWlJxdOwYUODvjPAjkPHxAkxRr2CJPf394fHaS9ZsiTkq/T7B0TXpUuX6ENAsvZMeOtfInMCXxLalPC5f/9+QEAAnBYTE0N2R3cmeUrq5cuXcFR4eHiNGjXQGUqrHqBHEhdA+rE81kCYYYLr16+z7PPnz1NlEEtozySfC8H1vr6+cArFS4qfHty+fRsNtWzZssWLF6PEYaLu3bsPGDCAOldDSZXJAQ2xfCyj7w9j4Tg8kt0xuKolRZD/IHGonNxPGevl5RUWFoZi4L/FihVLfDNKkDjVoY2Nja2tbXKWl5BQA6RVzZo1KWepAm/cuHHs2LGgoCBcjkNEk+qDK0j84MGDMF7t2rUNm8QFWBgBVqtWLRYpvhGH3EYxvXnzBraCs1Ql6q1bt86ePYuZqHOTkDixd+bMmfXr1y9YsGDv3r1wkLOz84gRI7p06WJsbJzxW8YSnwBI5JQXsDa1GlWdp6cnQglXQSUhF0RexFWIPZR4hQoV6KyKOgkJDYELIYDs7Owomt+/fy/+po/4ggseCHFBaDgbfPXgwQPxzJ5yph7wkUhcQDy1Q+SwPKIoOjqaZd+8eZP/lihRQkjy2NhYlDjMXr9+fdXtlHfv3j18+JCAhL63bdsmvgokvuJsZmYm71FKJAZ8TWihffLkyYNioFyj8iPMCDwCDDfDYe7evYtUh9wpddXctZOQUANK2LJly8LRlSpVohCk8jt58iSSHL8yMjJ69erVuXPnEBO44qdD4oD4KVmypLW1NQtDAbFgkhUx9vz5c0Q6gNNPnDhBN9Vvp1ARk+XmzJmz9v+1d/cup8ZxGMCfxWBhsGJgwknpDF4SgyixGFlk4vwR/gmDzBazwUsGi4SUSV7ykhJFJrFInCv3PZ3TKU/o3L+6PpMe91Po+7tcPy+3YhElHc8Bvx5Q1T/0kjGJDvODooSAxpBgOS2Xy263i+qNVo6ZwcLb7/fValWlUmEFKvzzlKRw6KbSCUgsFsvxeOx0Oogp5NhsNsNl1AXs9n4o5yyGb4FChIqEu401hh6Nlo0oR/seDof4u3SSECzCcDis1WpbrVahUEABl74kHYlE0ul0LBYzGAyffsmYhIYxQyHS6/VSK0djwNLCaKETYJ+Hel6r1TBRSPl/fdmH6EnIIoQV0gx5jUyfz+eI73a7PZ1OL5fLzwcMpHz0u/2HEJdIn13B6sJzlMlkwrYXMT0YDHC3pbcIkOPY8OZyuUqlgscoFAqhfcfjcZfLxRcx6XlqtRrV2263I6yxojabDWYM+z+MmU6n83q9RqNRPpToBYgs7OqkM/xcr1cM2G63u9/vwWDwoyH+vd/Y/JDb7dbv94vFIsrRarXCTUJXQktCacLjgn1KIpHweDxms1n+B6Lvk96AwozV6/XJZHI6nZxOZzab9fl88hFEb7JYLBqNRrlcRlXNZDJ+v1++4gMUEeISqYyXSiXseY+P0/+73e5oNBoIBBwOh3wQ0Wu2222z2cQmD0UJc5VKpaxWq3wd0fucz+f5fI4Cjq3eR988V1CIA/Ygo9Eon8/3ej2bzZZMJrHb/eOD5EQvulwuh8Nhs9loNBosMA4YCU1ZIQ64PePxeL1em0wm6ftB8hVERPQXxYU4ERE9j78jRUQkMIY4EZHAGOJERAJjiBMRCYwhTkQkMIY4EZHAGOJERAJjiBMRCYwhTkQkMIY4EZHAGOJERAJjiBMRCevr6zeg7IqhE7K82gAAAABJRU5ErkJggg==</file>
    </questiontext>
    <generalfeedback format="html">
      <text></text>
    </generalfeedback>
    <defaultgrade>1.0000000</defaultgrade>
    <penalty>0.3333333</penalty>
    <hidden>0</hidden>
    <idnumber></idnumber>
    <single>true</single>
    <shuffleanswers>true</shuffleanswers>
    <answernumbering>none</answernumbering>
    <showstandardinstruction>0</showstandardinstruction>
    <correctfeedback format="html">
      <text>Your answer is correct.</text>
    </correctfeedback>
    <partiallycorrectfeedback format="html">
      <text>Your answer is partially correct.</text>
    </partiallycorrectfeedback>
    <incorrectfeedback format="html">
      <text>Your answer is incorrect.</text>
    </incorrectfeedback>
    <shownumcorrect/>
    <answer fraction="0" format="html">
      <text><![CDATA[<p dir="ltr" style="text-align: left;">A</p>]]></text>
      <feedback format="html">
        <text></text>
      </feedback>
    </answer>
    <answer fraction="0" format="html">
      <text><![CDATA[<p dir="ltr" style="text-align: left;">B</p>]]></text>
      <feedback format="html">
        <text></text>
      </feedback>
    </answer>
    <answer fraction="0" format="html">
      <text><![CDATA[<p dir="ltr" style="text-align: left;">C</p>]]></text>
      <feedback format="html">
        <text></text>
      </feedback>
    </answer>
    <answer fraction="0" format="html">
      <text><![CDATA[<p dir="ltr" style="text-align: left;">D</p>]]></text>
      <feedback format="html">
        <text></text>
      </feedback>
    </answer>
    <answer fraction="100" format="html">
      <text><![CDATA[<p dir="ltr" style="text-align: left;">E</p>]]></text>
      <feedback format="html">
        <text></text>
      </feedback>
    </answer>
  </question>

<!-- question: 130243  -->
  <question type="multichoice">
    <name>
      <text>Question 16</text>
    </name>
    <questiontext format="html">
      <text><![CDATA[<p dir="ltr" style="text-align: left;"><span id="docs-internal-guid-74eb7423-7fff-dcaa-cff1-237949e3f188"><span id="docs-internal-guid-74eb7423-7fff-dcaa-cff1-237949e3f188" style=""></span>The image shows five views of objects.&nbsp;<strong>Select TWO&nbsp;</strong>of the four right-most rotated objects whose shape matches the leftmost object.</span><br></p><p dir="ltr" style="text-align: left;"><strong><img src="@@PLUGINFILE@@/16%20%281%29.PNG" alt="" role="presentation" class="img-fluid"><br></strong></p>]]></text>
<file name="16 (1).PNG" path="/" encoding="base64">iVBORw0KGgoAAAANSUhEUgAAAr8AAACVCAIAAADe0wXAAAAAAXNSR0IArs4c6QAAAARnQU1BAACxjwv8YQUAAAAJcEhZcwAADsMAAA7DAcdvqGQAAIEmSURBVHhe7Z0FfBRX14f7trgWJzgEd3cLgRDc3d0p7hQrDsWKBHd3dycUDe7B3YK30PZ9v6d7LvstGyG7Oysh8/x+hNk7s7Mz9557zv/M3Lnzn//973/f6ejo6Ojo6OiEmu/V/zo6Ojo6Ojo6oSPMXHuQ4zQe7Zo1a54/fy7L3t7eKVOmlGXhP//5j/Gvjo6Ojk7oXb3uOXVCg+uqhz/++OPdu3f8Zfn+/fv79+9/9uyZj4+PrP3777+NRx4hQgQzc2/Tpk369OkrVKjAMqtixYoVKVKkqFGjylodHR2dbx6cJP7z9evX//3vfy9durR371614mvgOTNmzIjDjBYtGt5VlepYxT///EMr8JdlGoJl2iVy5MhRokSRDYBlStSHsIPLqYfr16+jFV69enXq1KkdO3acPn2aGlfrrOKHH36oWbNm2rRpS5Qo4ebmljlz5u+/1+/XhF/++usvf39/9eFLEiZMGDduXPVBR2s+ffp08+ZNWaZTP378mMAmH4Xo0aPTQyMaYIHQpVboWMiTJ08uXryILz158uTSpUs/fPigVoQa1EOBAgXy5cuXJEkSPuIzEydOTKPwl0xMttEJjucGqH+EwsuXL4ll/KX8zZs3LD99+jRTpkzZs2eXjclvWabCWY4dOzYVLsuuj0uoB3TZtWvXsPgLFy5s2rSJvw8fPlTrTEAHFCtWTH347juWKZHlu3fvGh0TsEyJ+vCZePHiZciQoWzZsrRN+vTpWdavRnzzYFSYVkBAgJ+fn5Sg/Y8dOybLZiAxkyVLJsukXEWKFEmePLm7u7uU6FgBacCZM2eePXtGK+A6jx8/LuV0eXwrAkI+Ckg3OiZ5GNA948SJQyGNkidPnrDiT50FbvzGjRtXr16lnt++fUvd7t69G+NXqw1QvdSqMcdFKxPSCG/y0chtA+rDZ/C04jP56+npmTVrVlEVOkZevHhB/V+5cuXevXtSh76+vihmtTp0JEqUCGFRsmTJmDFjUtX8Jcy5bLrrfPWAoXfr1u3+/fvv3r179OjR+/fvpTx//vzp0qUj/6hevbqUUIlp0qSRZcCtG29YEB5oPFkGlilhYf/+/cgIBDi/IqvYSQIDdJ5hw4YVLlxYynW+GTDpZcuWYQCoBHQkSh/FgIGp1aFDjO3HH3+MHz8+TpP+XLVqVbVOJ0SoeVQCimHlypWvX78mE6Br81Eu3loKXRVJlzNnTlLhZs2a6YmvGUgE6nnXrl3UM6ZOPf/555+UE3ioMaIRlpw3b15CEb4Up2e8ExEjRowPHz4EvrKLpJBEmf38/vvvdJzt27ebetdUqVK5ubmlTp26WrVqFSpUCOc5GBV44sSJLVu2EGuof5oDxazWGcB7UP/qQ/BQzwcOHFAfDPcysHyknlwEgoIFC9KmarVr4Bz1gB/5+PEjWmHevHmLFi1CrKEDMOuIESO2aNECu6xbty4Vx0fKo0ePrr5mOXQAxDW/9ddffyEG9+zZM378eGIJkpBWJzaQXA4fPpzYQGvxc+prOmENLOr58+c7d+7ElpYsWYJkpH1pd4lYmJYgcpMkjBYnFSavNTY628+YMUO2ZxmzoWvIAtvgIglgZcuWZW2rVq1ix47N3lw2J3A81Bt96tSpUzQBkezy5cuUkAlI9fLXtK5q1KgRQuZKV8URk8PJR3bLrmgLeigBj5ovVaqUh4dH6dKlcabhts9SS8R4vBm1fe3aNXwahdQGZpk9e/Zy5cq1bdsWFypXZ8WXGr5nAdQ5PQj7Z+d0ll9//RX/iUahRSinQfHMKJIePXp06NABVWe8EhweoP5v3bq12wDmig6jTsTOkQsVK1ZkG5ZLlCiRK1cu4/WeEKCeiVZXr17dt28fTmzVqlVGD8bXgWbt3bs3O6Qj0Mrqa07FCeoBGbtu3TpsEQfBr2OC8eLFy58/v5eBFClSGK8o2ANMH524cOHC8+fPo9PpFfJzffv2bdSoUcqUKfXbGWEI+jBiH0iSpkyZghsVeybGSKQhwODUChcuXKxYsSJFigQe1mA0NtOOcP369SNHjtCfMRISApJpIIGWtfTkdu3aeXp6klKQzIVzDfHgwQPC2NGjR8mAqTRJfKl5st7EiRM3bNiQj8R706uGEEIfN20IHOj8+fNxqQcPHkSL8ENyT5OvZ82aFTHXuHFjkg3aWrYPD1APJEJIZKQD3owS/CeVQKparVo1TD1z5sz2cKHGdlm8ePG0adPoDoRPEYhFixatU6dOpUqVaPHw0B3Onj27fPlygggJMB+x9jhx4pCL1q5dmwhC6mtj/UtVkwLNnDlz7969SBPM/tWrVygJWplQVb58eVrc6dLZoeoBz4IXwO5xNCyjG9BlVESBAgXwL2ojR0GedOzYMT8/P8QjvZESeh3OiD6Ap0PfyWY6Louvr++5c+fWr1+PUZEeEdTpUfRkXBhxheV06dLZPmoBaXLhwgV+iHwaO/H39+cvUQ1ngdHirIsXL86vhMPhlq9fv968efPSpUtxpmgISnCa+fLlw8FVqFCBiJIlSxYNY8n9+/fPnDnDL968eZMmIHQh75ImTVqrVi1yj5o1azrdmdobrA4tu3XrVhLTO3fucL6YH86KfJTg7WCXJfkxmRhJoEg6Gr1MmTLEToSjbPONgWDC8BDKY8aMuXHjBiXx48fHzglhaFmsPVasWLKltuCCCFI0/c6dO2l3Svg56tnb2ztPnjyyjVNwnHrA/6Ib1q5dK/WOhaGh8L8ZM2Z0YrdH1pEw4ZIWLFiANyT2ZMuWjT7ZoEED45hYHVcDzUdKSneiL8ldxkyZMtFkxYoVixkzptwply01BL2LxyQhoCcfNkAh8TJ37twYTKdOnRArsuU3D2503bp11MDq1avlHnn69OnpyyQDefPmJRU2m39FQz5+/EgrwP79+zkAeQqRXyTtJvPjAHDosuU3BvqMoEX8IFonTJgwZ86cxA/yrhQpUjjx0stVA3h1XOiLFy9++OGH6tWro+SQETLo9Zvh8ePHI0eOJOc8ffo0uQopSqNGjej4GLw9vE1g6GjHjx/ftm3bvn37zp8/TwlKnXom482QIYNs42hQD/bmn3/+Wb58OfkZ6hhvi4W1aNHi2rVruGO1hbN58+bNpUuXyGAkVeI48YbIHbnhquMikHuh8Hx8fAgSMoiB9ipYsOD27dvJRBGCajs7Q+wkD168eHG5cuWiR4/OYWAwpICo4d9///0bthnqn7NDZ2fOnDlu3LiRIkWi/osUKYKGuHnzplxZVZvan/fv35PyrlmzBvXGYYCbmxtZOCkKzl1t9E1A2CA8EyfE5sk7qfBHjx7RHGoLp8JhcITIOLn+QUMg4Fq2bLlnz56//vpLbRSWwarxOeQGGLz4HC8vL+IXfkBt4SioanlwadCgQZg6kTRy5Mh0wOHDh799+9bx9mBf9UC9X758uV27duT0VDpJIXqZEte0qk+fPh09ehQtKSEB7dy+fXvEJuVqCx0ngcE8e/Zs2bJlpFz4ULoxKRce6uLFi7SOU9wots1P05N//vnnpEmT4jfpzBEjRsyePTsaghRZbfetwBmtX7+e0CUxjN7RoEGDLVu2EKqdGMb4aVrBz8+P0IWg4cA4vDZt2ty5c+cb6LbkV2fOnJE6J04gj7p37y4j6dQWLgMNQSc9ePBgqlSpxNvTF9DT9+7dC7tiDhM6efIkWSX1zxlhYM2aNduxY4dzezdV/bfhUYBhw4ZhEtQznqdYsWJ0RpIrtZFDsKN6eP78+ZEjRypVqkQ2j6+pX7/+oUOH1DoXhoA0duxY4ziMJEmSkM24YHcNP+BDN2/e7OHhIeE5Q4YMhIenT5+q1S4AsWrAgAH58uXjCLEZjnDcuHG3b99Wq8M+ZLpjxoxJmDAhZxcvXjxvb2+SfrXONcCfbty4sXz58u7u7rQChzpx4sTTp0+HUQ1BxPX19R09ejSigTon72rRosWJEyfUaheGI58/fz4JsQw/J7zRF4gFanXYAbfDiSDdpP4rVqyIF1LrXIZLly41adIExYa4ocKbN29+9uxZhyXn9lIPjx8/7tChQ+7cucXdjBo1Kmxdxbp169ZPP/3EkXP8CIhffvmFM1LrdBzImzdvMJ5s2bLREKlTp+7SpcuePXvevn2rVrsS9FuyAbF5qFatGqpCrQuzvHjxAqGA9OeMyCnJw6ZOnXr//n212sV49erV1q1byViSJk3KAefNm3f58uVhy/MAaeXq1atlgiyUUJ48eSZNmvTs2TO1Oixw/fr1nj17krJzCj/++GPTpk3JytS6sMDx48d79OiBaOD4s2fPPmvWrIcPH6p1LkZAQMCmTZvkYXIoVKjQ5MmTEdNqtT2xi3ogU0EpRzLM68LJkBO8f/9erQs7cMwbNmzg+DkLzqVWrVp+fn5qnY5DuHz5ctu2baMbJvxIkybNgQMHEBNqnUvyzz//4HfIAOLEifOf//yHDGzKlClPnjxRq8MaL1++7NevH+kj55I4cWK8Ei3i+tk8og2fkzx5cswG6V+5cuUbN26odS4Pfn/ChAnGYac4UvLLsHjx//Xr1+vWrUPxy4mggeQRfddn1apVuXLlwuZjxYrVqFEjeXhbrXNVSHfnzJkj06hw2IMHD1Yr7InG6uG///3voUOHEGsRDdSrV4+IG3Yv+3PkHD+nE9kw70qWLFl8fX2deJc3/ECIIuV1d3fHiqh8fOjNmzfDRM1zkOjOoUOHxo8fHwck00whKcKc2dy9e5f+K5bv7e1Nv3bu7V6LwN0Tq2rXro39fP/99zly5Ni5c6frX4Q4f/583bp1sRksJ1OmTHibsJh3GcF/+vv7N2nSBCvijNKnT08+5srqkzz+119/RfFwtIkSJZo3b967d+/CSvzCvPfs2VOgQAEMngqvUKECotmubkdj9YCLlyfso0WL1rp1628j0GI9EydOlHf2eHl5HTt2zDWvnH8z4DHHjh1rvG00e/bssGhI586dQ27K3d906dLRsdUKl4f6v3Dhgtzx/fHHH9EQjh9ergn3798fMmSInEjixIlJzl68eKHWuR5Pnjxp1apVpEiRokSJUrp06X379qkVYRw674wZM8jmaQUkNb7UYY9HWQTRd9y4cXLJKm3atKdOnVIrwhS3b99G66N+6LnNmze/dOmS/Zynlurh7Nmz5IhUfaxYsbp27fothVjOpW/fvkbDmjt3rlqhozWkJkbpgMdZsGCBWhHWoNMiIHr27Cn34JERnMurV6/UalflzZs3U6ZMIeKStVP/+NOXL1+qdWETWqFEiRI0Adlky5YtXTOVfPToUZs2baJHj/7DDz906tTJkYOCkYYbNmygoY3Mnz//4MGDvr6+Gt7xuX79OqkXrYCA6NOnjwtegVi9erXM3JAnT55Dhw6F3dT3zp07HTt2FBdasWJF+90w0kw9PH78uFq1at8bJj/v1q2bSw2J14TXr18vXbrU3fBqruzZs2/fvl2t0NEO7H7EiBEyb2OFChVwYWG3DwsBAQELFy4sWrQoUSFOnDijR492ZQHx/v17pANpOkZevHjxY8eOhdGrDqYgFy5evNivXz9kXIQIESZPnuxqI+CoZKSDTPqEdHDkAEmscfjw4SlSpOCnjZC2Ih9z5MiBS58zZw42rLa2ATry+fPnSYvlJ8aPH69WuAYrVqyQKYbr169/4sSJMDfS1ow//viDHExmTitbtuytW7fUCk3RRj0gHeSaG35/8+bNrp9gWQd6eefOnWg6RBJ5zKhRo8L0XUlX4+7duygG1GfMmDEHDRr05MkTO6WJ7BbvsGbNGgKJGYsXL+YwtP1dzObBgwceHh6E5FixYo0ZM8Y1QzLHOXv2bCIHxxk5cmTqQa1wOH///TcNJNAWglpnLXTV7t27Ex6wrsaNG7uOgODUOB4ZGfDTTz85+NmKs2fPimrBpyGtBJSuIcT/+3o57KFKlSqaODrOFAFRpkwZzhSFumHDBlfIDTiGdevWIR1koJ4r39uyCJps3LhxZCy0bKlSpewhIDRQD2/fvp0/fz7WQAcgcbHCIF6+fEmbCS5+mZSzQ4nLg+8YHCrVFTrAN8CHDx+6deuGW8G5Dxw40PZoERzPnz/HWadMmVK8ZGBwIhyA5hOhIqm9vLzYOT/RvHlzV9OdnO+8efM4NqpFZp5xlmHj5rJly0YqIiMAOnfu3MXAoUOHrhu4ffs2lWnF4SFKOnbsSDjEnzZp0uT+/ftO77wothYtWlDnOE/HSwcaXYYjxI4de8GCBSSsHw1cuHBB3lXBgQG9sly5cvfu3UPMqW9aCxV+48aNokWLsk/SsPHjxztXSeNntm3bhjeg/uvUqWP7CboUnB05Utq0aantSpUqaT4Dja3qgeoePHiwm5sbpla7dm0rfO7x48fr1q1b4zM04fr165Go4JqDa8Tg0qdPzymjox89eqRW6FgLDY1Mjh8/Pp590KBBdvXp8poVIUGCBFm/RIa2gK+vr/qCdty5c6dq1apERKLX2LFjHTwxXMjMmTMnatSoBGziBF1PlTockgfciDRBcGAnP//8s3XDqui806dPl5EozZo1c+7EFZj96tWrORjsoUKFCo6/23v27Fl+mqro37+/qbOlnAQJQ61cuTIWKyN/CUIrVqzQ5JFpf39/Dw+Pf9vyu+8mT57sxDEQ165dK1y4MIdRsWJFTW7QuCB+fn5xDfTu3VvbJ9dsVQ/z588X6YCdnT592oojo9ugjAyGpIgRIwbiFDp16jRgwIC1a9e6Wrsiz0nUxAe1bt1an0jKFrAZkQ5UZp8+fez6aDu/tXjxYoOV/TsL3uzZs8loTcHYSpYsyVrik/qOply8eBF3HDFiRDrz3LlzXcSwjx07li5duh9++KFUqVLOndRk5syZBC3qHx3ZqlWrEQb69etXvXp1T0/P4sWLG5ruOxasnkXjvWFsh9zpb9q0qbNuYeBDVq5cKe83QrY65ZGcatWq8esZM2bcu3evKjIIuHr16mEMmMT169dR2/RKmbaBShs4cKAmw+HpCDLBUebMmZ31dAPasVatWhxDrly5du/e7fqTOlgH4mzIkCGcJhBtkW5qhc3YpB4QMvJewUKFCp05c0aVWsK9e/cyZcrEHmLFipUjRw7+Gs7x/0EaJ0mShP2jVaFGjRpHjx5VX3YqaPCePXtKuta1a1dVqmM5I0eOjGN4HR9Zr70nZyT1pLHEtBCpyAW14n//W79+PR7t1q1bZCGsxamRl6h1mnL79m0vLy+8M+rzl19+cfqjSSdPnkSpR4gQoWDBgnY65dBDRJFcIl++fEYdQ6AlxtM0RDIfH5/EiRNHjx4d5yNrrYA6JwpGixYNpTJ27FhV6lhwfUWKFOFMcaFOmYIavRIvXjw8WP/+/U2vGfv6+qJmaIXatWtLCb5u//79adKk4Wip+fbt29uev9ITz507V6ZMGfZJ8Hb8RFLUf5UqVYgvBB2yFyde/3AAr1+/RkCQsVDbuFlVajPWqwcMDuFG7adMmXLDhg1Yg1phCdu2bUMcRI4cuUePHpwhykByUEoM11riElewb8DbUs7PpU2bdt26ddb9nLZ8+PABh8tRJUyYcN68ed+qdLUfNOL58+fd3d1pVvzI1atXNbyqFiS0kbhsIWbMmDhQAbcYO3ZsUt6IhvfF4z2J8XYys1evXpHlY9LY+fbt2+191iHw+PFjFDn1TyjFn6pSJzFz5kz6O/VPtZDmBjnhwV9//TVgwAAa6MKFC6rIKv744w+0Iy2Ob2nevLmDx0DgOuQdicgXArPjDQDvXb16dYwcCbtlyxZVarg4R5jhwPDDpjcpKEf1Nm7cWI5Zk0fW2Sf7kZlMSR1tbFCLQI926NBBzgVzsuKGu7a8f/8eZTxr1qzBBmbMmKH5JVhOefTo0fg3DJ4m1mSEh5Xqgd/+9ddf6Xt09YULF6pSy+G7OG5OadeuXVKSLFkyGpUEEduCd+/eYWFQv35946SnqBYXmf330qVL2D2HlDNnTn0aSksh16dZseaMGTPakkqGHuw2kmECdSMEKuSvKYkSJSIRZxUp0YMHD9Q3tQYDliu3qGHqQZU6FkQMKTjHQAdcvHixc+UvPb1Vq1YcTDsDLEydOjVIHzd58mS0Tt26dW3vbp07d0Y18lsdO3Z02EUgQgXhAcVGdjRq1CinDBucPn063htP279/f1VkALOsU6cOFUJep4pM2Lp1qzybsGjRIlVkM0hGeeijdu3ajnmZFna+YMECSVM9PT2d6LTRZ6dOnUI+1qtXDwkFHBJg3kR6tZGmjBgxgkbHy61YscJ2AWGleiBllLcBFS5c2JYnu9q3b89O0L/y8enTp0jRxIkTr1+/XkpM2blzJxtjaggXlJQqdTYnT56Umy8Ic6dfhQ5D0HNQ/WT/SZIksUWAWoSZesB66U7YlSnLly8vVqwYzr1o0aLqa/bhyJEjYjnly5d3ytCZ3377jdMkfHbr1s3pzzpR8zg1aoMQsmrVKmKbh4dHkAMJDxw4kCVLFmSf7XLnw4cPvXr14reQjBs2bFCldgbpgNkTIfr27euUh9tp6+bNm1PVZN5m9wqPHz+OPiCyBtbNZMPkrBw2WZy2T/O2adOGg4kVKxb7d4ALffjwobz5mVhz9epVVepYqEAUDJpVBs8JyZMnl3u4ULNmTXv4BKRS9erV2T+yyfYBENaoBxq4UaNGHEGyZMnQTarUcmR4Dvtp1qyZlKBtSYOyZcsW5HD0tWvXsjGOA/ehilyAT58+zZ07N0GCBBw5BqFKdUIEv49AlPG2s2fPdth9KDP1QOatVnzJhAkTcKz2Vg+4Y0yakEky5/ihM/fv35cEAD+i+aNclkIyMHLkSA6G2kBWXrlyJX/+/AT1nj17rl69es1nsBminagH2lGTURr48QoVKvDTWbNmvX79uiq1G5cuXSpYsCBZppeXl7NuFR06dEieOacOEWpSt3hj8lEUG+WtWrUKHMWPHTsmV39RHtrm648ePWrZsiV7JpGw93U4PA+9G/XGz02fPt0pd8APHz5csWLFuIZRCAK2h5LYtWsXEhZ/iHmkS5du9+7d6guaggUWKFCAnGHYsGE23rKxRj0Q4xH+ZC1oZ9PnfCzl9OnTMm5g1KhRUrJkyRIUKE5NPprBZmycL18+0n1V5BogZuXSE3LK9stB4YF3796VKFGCGnPwI69m6mHQoEFqxZfMnz+fHKtYsWLqs91Aek6cOBGlgjfH+B12ERXpUKdOnQgRIpD6HDlyRJU6j+fPn8uDmg0aNMCl+Pn5yXBsakZGpQjkxMgLUjQaEf+Dw7W9xggnPj4+7PkHwxTRdg0nHO3ChQsTJUrEee3cuVOVOpb3799Lrg90QFWz8eKlSZPGGM+QEYErduPGjayi2s+dO6eKtOPs2bMiTcqVK8cRqlI7gDYlzePE0UCOv96Gnffu3Ttx4sRUo6GmvytVqpSvry860jjKhIhet25d+iYyQkq0BQvftGkToYpQa+OMyRarB/q2jDtDn9p4m4rEi45EQxr9V/fu3fELwamHPn368Ltt27Z1mJMNPb///nvmzJlxQE2bNnWduyouy8qVK+k/GTNmtOXalRWYqYfgRs+gHkh8sUb12Z7Qmck8OJi8efM6Rhbzizgm4iVNMG/ePFfoTfjxhg0bUgn4dDzMli1bcAuGJvp3kL+KbwbIW6QcUBKaRDIqBA0XI0YM9k90t1MCQD0fOHBAnhQdMmSIXWVKCJB6SugyHTJMIDHGM+jatauZbye8ZcqUKWLEiCgPe9xcIJ0YOHAgoop2r1Chgp2GMbJbds6ZErPRK6rUUfzxxx8///yz1DNCDQ/DgoeHR+BJR06cOIHZe3p62mnc1YsXL2hHolWcOHFsyf8tVg/Lli2jA+N6Fi9erIqsZfr06VQf5iL33jBKLy8vKpesSDYwQ15h0q5dO/XZxWjfvj29K7ix4jpGbt68mS9fPpJ7xz8sZ6Yegpvaj06OP50zZ476bGcQDZL2oY/tmngJeCu575slSxbbhw5oxYIFCzikEiVK0CgdOnT4t3m++w4HN3r0aLm0DojOfv36oTM4/qhRo+L70Hnq+zYjg1gLFChgpxkvaFkZDYrosd9o3K8it73d3d3HjRunqnXNmqlTp5regIfOnTsfOnTIeAdZrvtSOfa48CDgFmrVqoULpVkPHjyoSjUFaYhmSpgwIYakihzIq1evZERq6tSpsfYpU6YkSZKEjzNmzDDrhmQ1cilu1apVdhL3CNm0adMSypcvX66KLMcy9UDHLl26NA1cv35922fKE/UADRo0oF19fHzSpUvHzqlNtcWXoB5o+0mTJqnPLsbFixdz5cpFcKLjGS9D6ZiB7G3dujWtnC1bNsc8Z2FKKNUDqQnaP8hh5/bg48eP6BWOhyxw0aJFdr0YgJ8iWkjeE+QFamdhHDWJK5C78kBjBXklgMy4bt26WJGG40WOHj2K9KfdiZSaPy8Hp06dSpAgASc1fPhwZz0i+Pvvv6O6EO7Dhg0zTTrpCNmzZ0erlSxZku7JcZLUZcyYcfDgwXfv3uVbadKk4Vu//PKLLanqVyHnJrLS6MhHe9xWqFixItmpt7e34+9ZwLt373766ScMgHhHqowNy/BBNISZveEQJk6cSLBDJdvvSnbfvn1RD2TsVt9DsEw9oJhwcHQwIr0qshaskDTiXw9huJcWP358XAbuAEJQD25ubps3b1afXQ9cv/Q6/fJDcPj6+qZPn55WxoeqIgdiph7Qr2qFCXJT8Mcff3SkBCQZrVy5ModEZ7bTlXMhICBApv0hy3epOVKNT2xKQiZEiBAhuGmzt27dit/AvWo1wTO6SkZu5s2b1x7DJxs3bszOc+bM6cRhW1QXDgrhbja53969e5MnTy6OnRSZI5R3mseIEaNChQoIC77FXwdc7Uev0Oh0QM0fgdm+fTvSBM8zbtw4VeRY/vnnnyVLllCrBQsWRL5gb/PmzSOeUreBL+QfPHgwa9assWLFsp9ce/LkCWEXUdi9e3frBIQF6gGn1q5dO06VprX9+tWjR49kqDO2ghxG9rIscD4ZMmRo06YNCRlNji6mrufPn09VpkuXzunT4YUAihLLwKl17tzZ9msz3x70n0GDBlE/SZMmdUr6ZaYeokSJEicQmB9GjvB35AS6//3vf1euXEngxLtNmDBBldqBKlWqcOIk2du2bXOdCw9Cr169qHkOL27cuAMGDChWrBgfjQ9kmfH+/Xsyp1y5cpEZqyKbuXHjRpYsWbDPSZMmaavhjh07hkXh64YOHeqUu0V0PWQxBkalUbemoy44006dOnHWNWrUMGa6uNzixYvjlimnFfjWQHu+u84IWbgE1FKlSmk4ASXRsWXLluzWw8PDHheWQsnly5c5AGq1T58+fPxkeEcaR0VcE6vAK3KoFy5cqFixosTEevXq2c9VksLxE1Y/iGCBeiCfllnZf/vtN1VkA9Sj3GmrX78+gpc6ItvjY5AkTpwY6cBCcAMqXQR61/LlyxFDHOrmzZtdzTs7nVu3bpH9kNDY6b7mV7l9+zbh2WBTXwENQXarvuYoSL5xGSlTprTH63QFGWCBcHf8baOvMnfuXCIHh5c/f36yi44dOxJuM2fOrFZ/CTGvTJky7u7uGt5gIq4MMbwRIG3atNoOTWjYsCFhuHDhws56qR6WX758eU7Nzc1NFX1m//79GTNmJIYdP35cFRm4f/9+6dKl+QqwgSq1P1OmTJEfnTVrllYazs/PL2fOnOyTnasiJyEGhg+U6DB16tTYhiluFy5c6Ovr269fPwkfRlhry9CEkCHdlSg8atQoK26R/P84269C0n/16lWMz2hStkBHpX/S+X/++efWrVsPHjw4e/bslOM6+/btixYuV64cyUcyw0jJx48fv3nzBvtGRhi+7aLgIHB82bJlYxn1gJiQch1AQa9du/bQoUMFCxaUCTodz8aNG+m06oNheju6qxm4eFaRbHl7e8tmDgMNnSBBgocPH06cOFEVacq5c+dIcfBHaDh5QM6lwJEh2uhEuAV6eps2bRImTPj69ev169djNvD777+rTQ2jrUlm/P39L126pIpsJkqUKCVLliRS3rhxY8SIEarUZhBqRC90YaFChZzlwS5evEjrsyA3yIy8f/9+y5YtZPkEV3n2xwjNIS+RAnkixjE0aNBA3lRHmhoQECCFtkBc3LFjx5kzZ1CidevWVaVOIkWKFHHixCE0cDx8TJ48OVb36tWrtm3boumxOiIj5UmSJCH8RY8enYMn0zZ8VXv4aaItCwsWLCAcS6EFKBXxNTglAjzbY0+aXEg5ffo0e0MOyzvu0CXyAr3Vq1fz8cOHD3TgCxcu7N69e8KECayS635UruHbrsvLly+bNWvGiaRLl84pF+ddFlIZef/1zJkztb0sHHomT54s1wMBnYqNqRUmICBYSw93yqUjEm7iYtGiRXEZqkg7mjRpwunny5fPpUY8GMGfIgjwaMaR0cgIDhiHm8UAorPOZ1B+dDFaqnHjxlYP+woMjm7atGnyQJ1WV8jk9jY7dNY0dwQnmeMB0zKbGQzdIANNSHAD35jw8fFhVZo0aRw5sRWHYXwRriYDyLB2TIi9IUec5XmMPH36lN6NRC5TpgzRjaTf7KI78m7kyJG7du0i/I0fPz5ixIienp72e3v7tWvX5KoMv2XpPbXQqgfks/zGnj17bPeqNGGPHj3YW8WKFeVSHkYstzkDm+mnT59IPvAj1COBR5W6Kpj+smXLzOax0MFmZKrQggULang701JM1QNZSJCvGCB4IFWdpR5wl6jkSJEi/frrr9oeALk7nYgTL1WqlCpyMejpZOd0nCpVqtCPNm/eLDcyAG9LwwFrpcRItGjRNBz6AKTjBQoU4BerVatmexPg90mm2ZuXl5f9xs+HDBmaDDKj9jAwDkOgwlE2lDdt2vTFixdq689w5HLtYezYsQ4OuocPH5arzoTSwJrGUuTuftKkSdmtKnIqRLHo0aPTzWWGYmyDw4Pq1aufOnUKKWxMO8mi8UVubm5LliyREs2Ryx78Oh7P0hGaobpzwXYo1rNnz8aIEQNVHrgDWwoGsX37dha8vb3lUh5ZIE2bO3duMg/DJv8PooH65Su4VJme3ZXhUD08PIiRVJoM4dYRNm3axN/48ePTc6TEuZjNkGPkwYMHb9++VR8cTpEiRehiopjpdKrUZsgqTpw4QTyg8o2zKbga9HQZlnH+/Plt27bNnj2bkMZHfAJSb8KECYQxhEXmz6RPnx7fissjpSG8GfahAciRFi1acDDyTnBVai3sgdNBhZAdmY7YdRh4zqVLl27dupVlnFLp0qWxAYHTNE4RTYJ++fJlkrdnz569efOGAz558uTq1atpEbJkQp1hZw4iS5Ys5cuXRyzu3LnT19dXlVoL7cjfjBkzusiNb+o8VapUdEmqmuAdO3ZsMXvOl4ZAMUf+PCVa1KhRFy1aRIKNN6CBpFBb+PVcuXLRxV6/fk2CoUpDyb8S4mvgy0SE0qKaDCZC3YsEmTp1qpRIaKlXr16Qjyr079+ftSlTpnRKOmgFPXr0oL+hdgMCAlRR+IauQpdAaNv+rK8tmF57CO6l6s69c8GPTps2jQMgL0Fh2554CQiRSoYZolAnqsglmTNnDo6Mc69ataqM5wJUgvEdvKYQ5Dp37swGeAYEnyrVggMHDqAhSH83btyoiqwCTYPo4QgJD2vXrlWljsXPz0+e0aU+c+TIYZxLIzC4rDx58lDzHTt2nDFjhoyMcdbsNcuXLyeU0lu7deumiqyCDkVT4nzwydoaiS3IhVhAJ6GSMXt8I7ph/vz5Zpd50HOyasOGDVp5AzPOnTtXuHBhInLv3r1VUegI1bUHDvrw4cMsZMqUSZ59cCRIDRk7U7JkSdsveziGbNmyoekwVlFFOiQQdGPcARmAKnI2IadTRYsWdYqx8aPlypVLlCgReYmGKTWi39/fnwXySClxTfLnz0+7cO4kWxxzihQpkidPfv/+/Zs3b6otTIhpmE6HNO7OnTtBbmA1xYsX9/DweP78+bZt2548eaJKLYc9oHtYQLTRrFLoYAYNGkTloIR69uw5ffp0BPT48eMHDBhQqFAhsy6AmD516hQ1/9tvv7Vt21ZSdvJRw2Difjs+I29vkq/YD+IZoofQwy9iD6rUco4ePcpO6FDsMIbhVeCugLe3d0HDO56Qa9WqVatbt27Lli1fvHixYMGCd+/eyTYCRl6xYkVW7d279+PHj6pUU5CJdDTalJa16ApHqNTDqlWrZKf8jCYNYBwmjbD6YGCn4e3bMrhBVhmh9167do0FF3/gwhScGkeLHSxbtuzRo0eqNByzYsUK+jCOXkbPuAILFy6cNWsWqt8UvCrlrM2VK5ds5niiR48ub7/EldA1pNBGCMCiHmrWrCklrknWrFlNR8VPmzbN09OTSgjuXhIhUPQQSktKtAID+PPPP/FUcvfEOvjuvn37WGjRooVTblugG44fP85CsWLFOAaqq06dOmTzMp0GmX3SpEnxUUeOHCHvbN68OeZh5mb9/PwQE2PGjGn1GfZTuXJlySftB6qxdu3a9IXXr1/L0yLWIbeN0qdPX6pUKVXkAlDz8mje2bNn37x5Ey1atPLly7u5uR07dgyrk20E1IM8/LV06VIzYaEVxPSyZcvGiRMHvXjy5ElVGhoMVyC+wvDhw0mJbL+OZ2To0KHy65EjR8Ycu3TpIqIhyHG/ly9fRjYik21/H7kjQUt+74wXQbkguGB0YZQoUYJ7p6VjILWSp4IFOjDmZ4ZRvPbt21d9zeHg7BYvXixHosnMqmTANWrUYG/169d/b//3aNjIwIEDDS3w7/O0HDkZM8t4t7t376otvoQN8E5EQW1H9lHz+BzAa9MiqtRC5MmydOnS2fvF08GBSsCqEQRmhoTYypQpE12gTZs24nLJa4lbmEevXr04ZoIWXnrYsGFoBZLGhAkTxosXz9g7qHAyAdx1kPf+tILAL3Nmd+zYURVZDik+eyC/V59dBl9fXwQlMUJeFP706dMmTZpQt/3795cNqNtXr15h9nIvFew3dvLq1asZMmSgouh0oW/TUF17kPhXoEABpKsqso2ZM2fKAiZL/jdx4kS5Quvj44OVo5cfPHggV2not3y8ceNG3rx5Yxsm5w8rIM/pnNQbp6CKwivXrl0TfZ0/f35V5AzOnDnz8uVL9cFwP+7Tp0+xYsUi8Bgh45EHqPbu3csxy5YOhj6MyqG7sbx7924ptAUS9xMnTrBAAAhyoKgLgtasV68eB0z0IgElkAR3DYAoSNrEOZrOBmE7RYsWpQnwpOvWrSP9VaWWgIEdPHiQBcw+hNEG9iMgIIBcFtfq4eEhz1wIlOzYsYOsjOolcxOTIJKhM+ggMrsAGSPKA2bPno0HfvLkCVmycSe4tdu3b3fv3n3hwoWUS6HmZM2alXrjtzgq6zoj6hPDwJYIH6rIZSChqlSpEtGB8MdxopNy586Nk9y2bZufnx8Z14oVK6pUqZIyZUrj1CNIPTs5pfTp0yPQsQTEyvXr11Xp1/i6K5FpRrAtfiB+/PiqVAvYYePGjUuXLm30aPv27atevTr+on379hgu4nfIkCETJkyQseJhxfEJ9DQSF1zenTt3VFF4hb6BwyIDc24fpmOYXRUsUaIEXRf/aMq4cePIqy5cuGDva7MhgLWLViZHxHtKodUgxDl3FoiITrl+bgWEDZFxJMG5cuV6+PDh1KlTcQiwYMGCAybQxehoCMGjR4/KdzUhatSoVatWZQE/bmY2oYTAQN7FQr58+bT1nKFk48aNxCFafMyYMarIAB5JbmfgfmX6YCPkaTLwnriFipVCgQoRmyxcuHCHDh1QHuR4zZs3b9iwISmfdQLrq8jthlMGpMQiEJQoD9SDaHGXgsr09vZ2c3MjucKkKcmRI0eSJElIctDNNE3btm0xb1JQ9DGrqH+0rOhRe0A4psVpRwsG+uCbQmbZsmWcJ9a/dOlSVWQzyZIlo0X79OmDLLhy5YrcAQoZcsQePXrs3LlT7cLlwXfIef3888+qKLzSuXNn/Hu/fv3UZyexdu1aMyc+cOBAte5L0Kz0VYSss+YVJlzJ0wR0PTI/VWotdDF2lShRIie+nymUcLIy4oQkbP369ZTgIiSKG6ER1SObBlKkSBHR8FA3vhjHJ/vRBBmMBdY1AY0o9oZCVUUOBNOVMS5YsuntYHT83Llzqd7kyZOb3U/5448/ZOZBoterV69U6WeIZOTHrJ05cyYJPXFBLiVS86lTpx47dixpsdpUO86ePUtI4xTmzZuniixh06ZNhGdCcuDTcQUQvtJGZFYrVqwgZzYbVuju7j58+HBk8YkTJ2rVqoUQrFOnjvqy1iBiIkeOnDRp0lWrVqmirxHabB7vr9WAVZwCxocawPgwRyRPXMMcEiRG3bt39/DwMN5dMwXT/O233+rXr1+5cuXVq1ejKOX2jFrtknAu/EX/avjgfpiDNqLt8F/yTLMTQcWbpVNIfjwmXt6IzO92+fJlrIvEccuWLU6xMbpxixYtyDlIqY8cOaJKrYLjlzlx2ZvTm+CrkFrJlfMPHz6sW7cuICBg3759RHEajjoh5QDMCU8nXL169d69e0RExPqtW7cokf1oAj9qZjAWQc1z/AkTJiSAqSIHcu7cuc2bN7NAFmt6Fhg8ho2pDx061OzCA8FsypQpqLGWLVuaPVv37t27hQsXPnv2DLmGSiMWEMw2btw4atQohAj+jb3NmjVL84cC0qZNy1+O2brhwxgP6hN9I1dNXAGsAnMlAuJnqD0ZGePv79+mTRtUnXFcJBqa5qM7dOvWrWDBgnnz5q1QoQLqASWxd+9e2UZb0qRJQ5R//PgxfUoVfRVOJmTk2kOyZMm0Gv0nb/kz7pBujy3Sx2R0EjUrl3GCg56ANRAJOnbsuGHDBrKN0I/ycCSciwz4SpkypbZz4YUtyNtKly5Nq1mXPWgILVKkSBGzeIAhmYJpsYFxG/rwsWPH1PcdTokSJTik1q1bq89WgW5rZXjzdfny5QNP5OpS4FJNrzCTlhGuUFEs58uX78qVK/R0OH78OImEMGTIkCxZsrAB2oIARhOrfWkBnl0mwybzU0WWQMyj+TAhx3d/atL4ZoqmTZtevHgRP4mUwRjmzJmDeZcpUwalpbb+jMxmjb2Rm6miz6BF+BbRy2zgPBVOeJY7kvSd4Ea2Wg2iAXXCzjt06BDkVEAhI7Mo0ojqs1OhrmiFHTt2YNiIYHE1HJ6AARMTEWeJEiXiI5rP7Hz5upg62o5qUaXawf5RKux/8ODBquhrhPbaQ/z48eWN77bDr/I3QYIEskOUDjZNiM2TJw+1ifwxvqwFnUEl0v1MHyLi65wnX8F3NGjQAIufOnUqMk0uz7oUmAJ/0UZYhpSEQ1APBC26Sr169VSRk8C66Bg4dPlIIs5RYUimYFqGfqGuN/j5+VmgxO0Ah2TjAXBGcvcda4z3eeJn12TVqlXXr1/HsdLxY8aMSUa7fft2Dj5p0qR9+vQhUf5X3xne00EsEUgh5E4HhYRJU3dsO6Q0Mj3J5MmTjSYRei5dumTFt7TC+NPz588vVKgQCrJXr17Tp08fO3Ysq6hMsysiz58/X7x4MW65ZMmSceLEUaWfkTePsCpTpkyqyAAVTnulT5+eZSxNCjWE5i5WrBgLGMP79++lMJRwRsCC05/VRFThSch1iVZly5ZdvXr1n3/+Ka6GtcTWChUq9OjRY/ny5SjjGTNmULhp0yaZjtkIVf3LL7+wgBi1bhTIV5Hu8+jRo1COzXTOOERsorDhTYZw4MAB8gkEl5ggFUqwYQGdNW7cuFmzZmHxnTt3picbNv+Cd+/erV+//qeffkIvt2/fngXqlxIiltrCedASYrWvXr0iC5HCcIioB/XB2Xh4eKRKlYoFjA2biWp4GS6+snr16hgbLtLIhAkT5CnHnTt3kor9++WwCR1KbpwRGOR8XRPS5cOHD1PVeFLqH/9w8uRJXCrGU7VqVS8vL7Xdl5BVyxPqw4cPl3ewaQhuXZzSLcML06Uw9Ozdu9eKb2kC6QrWa3zEiWCwceNGfCliS7Isf39/gpMMI5Ntli1bRjyjnitWrCglRtgGDRctWrRKlSrJrQRTELgPHz5kIXfu3JobGF5UOqwVYPZi+TJpplN4/fo1agCZ265dOyIUsYnCJEmStG3btn///jKOpHjx4mxD5CpSpEj06NHLlStXp06dgICAI0eO0CkMu1GgPOgXnBTq4dOnT6pUI6hqjoQF0pVQTs/laPWAnRFNWYgQzEx/2KIMK+VM6L2RIkUqUKBAtWrVUqZMKRuIPjKDPHLfvn2kCDgRGgkrL2igfv3606ZNo9uYsmPHDvqDoL5vTx48eCCnHD5B4Vl3z9IefP/99/RkFh4/fmyUdGRmw4YN69q1KyLVCEp04MCB+N81a9bYMtWd7eBBMCH14duFWCu+lS6cNGlSiXxPnjyJGTMmXjXIQVckcIcOHUKeIjLo7KpUO4jBtkyti7LhL/pDLjg7kogRI+IDEQQYdpBVR22jJFoY5o9q0qTJzz//LG9lo+bZ3swx0i73799Ply6dvDjbDPqRPMFBzwp80SLcQh2eOHGCBLJv376bN28+duzYixcv+Dh16lR028iRI1EPJDBsSeZsenGdkNetW7dkyZItWrTILO8i68aW8Ki0LF1DlWqH6XQ4ocIQQ0NCxj3kzJlTfbYNKk7UK0L1LwPNmjWjUhC8sgGSSl6F9dtvv8m1HUAZyHXLli1b3rhxY8CAAe7u7tSy4Qz+va0ld3YDg5TDBbClKVGiRMElAUGCpl26dCkZD6pFfktDjM9qYisfnfR6PaeDV6IGaDt8vSpyKteuXRPliocVJUrOumXLFjE2zACtQ8AG8oYhQ4awAdHLHjcav8q8efNI5si95LlN66BDyTDk0aNHqyLX4+nTp8aUl6yLErlIC6S8+FmyDgHZxwa0Dvk0aQbdOWPGjBcuXJD9aM7ChQsTJkxIK/BzqijU4KM4fryZ+uwMcLAHDhzo0qULMog+KFVqBuXGvkB94hjr1q1LAvro0SOq2s/Pj4hF4dy5cwM7SXqNzPVZunTpwAMpbAfrRdazfyqTQ1KloYPgLQMyxo8fr4rsDxWCcaK3smbNKiM2gBhEE1CZuJG/TUbprVu3LkmSJKx9/uUr5rHzypUr80WkhtQ54YPdIpRlrl7CvFwP0xaZmxx7CPK1MoFxtHqYMWOG6FNqbdasWbNnz0bt4s0J/7IBShY1QIXOmTNHSmDTpk2pU6emUMbAA41kfI7Lzc0N2wpyVC1iOTQX00h0lixZgrI5f/68hnGClFFuLjZo0IC2V6XhDFdTD3RU6Zmm1K5dm568detWrB1vRXsJck/9+++/nzZtmvq+A/H398eqU6ZMGcrOHCSurx7oy6a3eM+cOUOhUT2YQT7g6elJ09SrV4+AR1RjS/tNoLl///7MmTNjvSQzqijUyCV356oHAZ+2du3asmXL4kKlGkMDnhP/KS6Uel68eLHanQkkSMRIGsWK+gklZ8+eZf8cz6lTp1RR6Ni9ezehBCM5ffq0KrIz1AaKtnHjxlKBxpCEMkb1qo1MuHLlioeHB0fYoUMHVfQZZCuCL3369ChjBBydF5uXWEb2O2LECAKl2lQ7RD2A6eX5EHC0ekB/ocLknW9GsD9ijGwgj6NkyJBB7hoKY8eOpeKoSkkQhd69e7MlqmLmzJlszN/u3btXqlRJLD40c0iYgY/IkydP586dV69ercms2K9evZJJ+2l4XT24iHoArEVuhCFbRR98FTSu2cPxjiFevHjfvHogP65evbrUMwwdOvTly5fyqEWhQoX69etXs2ZN6dTG25dGiIj37PkgCVImX758VqsHUvlevXqpz87m+vXrZOHBDQIgz2natClOlayMqiZEqRUGcL+oNLksZErr1q2pHFJhYrwq0prbt2/LbSlL1cOiRYsQPcRmB8zO/vr1axRwtWrVjINvypQpQ6os9yaIXDdu3FCbfsm4cePkkUMSV1Vk4NixY/Kym2LFihnvfJHGENf69+9vj8s84OrqAejtBw4coNvLgQKVQthevnz5mzdvxGt4eXkZ4zeF0gbYtFE9sEBTUViqVCnjFS3kGOd/2cCGDRtEQNAZaCEyy6lTp9I9atSokSJFCspDIFmyZPwWnU12azW6egAXVA9YlDzKhYvEuefIkYNlvAxKok4gihQpQsZGGLDxTcHWgXpAW2PA6rPlOEY9IK2Q3fS1Ro0a4TGChPT3/v376gsm8N348ePLa4g5zrx58y5dujRBggQ4YhwF2oJvSac+dOgQHRloFLZkG63evBMcBB4SEivUw+HDhzk8zijIlN2JcGBUoI+PT6tWrYyX1mHWrFnPnj37+PEjCTRVvXnz5unTpydJkkTW4qKRbg0bNpQHSYSTJ0+SByIsEHz2i9APHz6UGbJHjhxpetn/q2AtWbNmtbd6+Oeff7DSZs2apU2b1nQwHwbPKqKYiAB6X5AH/+jRI84OAWHaPZ8/f961a1eZa9VIiRIlCJEnTpywXygJA+oBiP0yhfPChQsJ1Zgm8Ctt2rSRYahYtrGuieIy7VKPHj2kBNhDnDhxsIyBAwfiX1SpCVu2bCE2sFt6gow5YDMUIvL5wYMHci8tevTobEY/6dmzZ7ly5fgoX2EV0YJjk11ZjVE94BA5X1UaznBB9QCkBdgbzT1o0CC5cUvPv3v3Lk1mBi51xIgRHD9d4OjRo+r7jkICqqXv3Tflw4cPqAfCs51esYM6mTlzZqJEiUSjSEcOErwhCS7a3Qy+S0cuXbq03J5nD9K1Oet3796pnzEBz1CzZk02I5jx66rUPuBnyDesUA+rVq3ifMkp1xtmzHQ1cIZoaKIFiQ2t5unpGfgSDn5SHnWhZfGHVDh9pGjRolu3biUuUjPdu3enZjhHu94aMKoHooNFzS3jHuynHqiEs2fPUoF0UtEN+JOWhpcjsoziJ+4QcTp27MgxFCpUKLh74pMnT6aGiXE3btw4c+bMmDFjkiZNiibjW+yWHoE08fX1RVJQ5+o79oGqlgnEXFo9GKE6zp8/37Rp01SpUqG/qC8OHerVq/fkyRMZMHLu3DnkGw1jat98kWCP4a5YsUIVmfDHH3/8/PPP7AfrMRuQAleuXJFnKY3TYrA34Odu3rxJqsEqRIz8ui0Qe/RrD66pHo4dO0Y/iWwYzSTXRTnC4OZBx9VKEobUsCj7sR0cEwcW3IzaoWHSpEm4MxKjUHoES8GwjeNISE9xFEZy5MiROnXquHHjmuZkQZI4ceLdu3fjImWkIfDdIOdoov7JidknHjbItEFbrl27VqRIESvUA5EAqeSy6kF4+fIl2TmhiypVRSb4+fnRoPQR8qh9+/bhGOXxDUoICgcPHpSkbvjw4eoL9sF29UACoIq0A9ujZakfY8yCU6dOEW7QwSxXr15dRtru2bMHV8Nmq1evlu+agS+S8SiYNIpTdkjMLV++/Pjx41FmxCa1qZ3h4EUvhtJXOGe+ByPUFOY7a9asNWvWEMsJ6tQg5du2bWvfvv3y5cupWVQ8NZg/f37T62yXL1+mTiWbUUUmYGTyojC5oiCFRghjtCsL0szAYQBOFmeXL18+SjgSSmSt7RADRJDquAiYE76PDoDh/W54NyPmhJcMcqYQ2k4cJY7g5MmTbCnljgHPYstzg5kzZ8aSJa1RRZpy9+7djRs3yvLs2bPpqkQdAWe6du3aCRMmyPxv6dKlIwCYUaZMGU6QTCtNmjTkZzK9JhuXLFlSvmUKNU9IWLx4MWFvyJAhsqVdIXQFBASoD5aADOK80DqkEKrI9Vi6dOnFixczZswYeJQYR04937lzB/FEWwCNi4v29PSk15Dv1apVC0nBllaMMHMwMpZOWx4/frxkyRLqh85lnEELR4GrHzBgAMkGkUtmIiGUIK8R0JMnT5bNTGEPdBNxKfJsP7KbfjFq1Chap1u3brly5dIwEoXMx48f/f391YdQENqQxn6fPn2qPmgNNZs7d+7u3bsjgadMmVK0aFEqEbdOXtiuXbupU6eyDarCNIOhcjkklEGQTxijD6TlCBJRvhz+A0+ePJH5+wLPQ8Iqsg0WkBHatpnDLEAnlBQsWBCLMj5RjU8kOUCzdgwKcUCHDx9Gy6JN5SuO4cOHD+QE6oPlEI/tqlznz5+vlgwdytTOie64wsaGFzlyDHXq1JkRCLp8/Pjx3759K+ImRYoUognIH2QqSVMo6dGjx5EjR3CpZGYu3qdITDmvc+fOqc8uBsKItA2zJ/zTTKr0M6IeWCD4yWwECRMmFBeNW6YLyHwD+GpjDuaacILG2/ka8v79e+mV2PaIESNkYCP+AR2QI0eOihUrIgWkeimnijByMl6Ewr9fNkCQ2rVrV9++fWVIhBSSu6K26Rdt27aN7fB3c0SMGNE40iVUcHohI3cu2Glw13W1hdq/ffs2WaDkTOooA732TYailCtXTsY0mCEhARcT5EjgDRs2sNbb2zvwEGK5oM3aRYsWqSIbMN65oB/afh8kjOKady6Azi+jCoDUymyMUnDwFUcOYZEjtGXcA45eRiTYadRksmTJDBXzL8ENNEY3YAAy33NgKlWqFDNmTOyE5TJlyoRGE+BecbjydbtiyxObZOqciys8sRkk48ePjxYtWty4cYP0dYhCDp6s2vTZNwG3KdOwAiIPj61W2Afkl8TRiRMnWtTocueCL5JqqiLtePTokQwZSZQoETFo+PDhsiwPUm7atAkdnCBBAhlkSmGtWrXohtWrV0dVkKB27tyZ8ETfkb5JVQMLzr3HjWeTG/ca37nARPD+6oM9oRLR7FTiyZMn0W60QVTDQ67kfJwYFv/48WP8PmaEx0FSRPo8Z5QpCEP+Eg9Mb3YInDNtyQItHfh2rFx7oEUJJ6rIBqgx5EvkyJGR7eH2zgUNJD3E1SAwo+qk02IqiH3JeqNHj+7m5pY0EPhZ1op3+Pf7joKjktuiLoiPjw+dEduWqgvuqgxdlb+zZ8+Wj2aQmdFhCRJbt27F2xIqRn4JKW+ePHlkKCU/1KJFi2rVqskvOozAN0C/inzlr7/+cvDFqtCAzluzZg3GnDx5ctM3kwmUDxkyhGb19PQM/Hojzkv8Kkm2TKgg5XaCCnz9+jULMgBFCkMDbkc8j4QDbSF8ZM2alQjy5s0bPz8/ctH8+fM/ffpUbk9QM0QxZBaKh49RokShGvEbJK7UGGunTp165swZojVW3aNHD+LOsGHDOLsVK1a8dN68+DRl4JgYEv9KiBCRaw+JEye298NRQfLhw4cxY8YULFjQ2Htx4jQb7REjRgycl9ruS3r16sWWrVu3lnErptCiMgaHZIJerUo/I5clChcuTBOqIhu4Y5hrErux/eHPsMvRo0dz5sxJxwhyvhTngldCntJGVatWHThwIAeJpCBHD3KoPx2BLZs0aWKnIdxBwvHghlx2vgd5gxE5lly5nTZtWpCZKB2BeiaRVZ+/5MKFCxkzZmzWrJm8Ry3wzDnCr7/+iorih+w3tUBgyK3Tpk0rIxhUUagZO3Ys7pgU0wVfsUv0ihUrFoZhnH/PlJkzZ7I2e/bsx4J6wSwKT3IhK67HWIHxaj8LqijUyIPZpPjqs6YcP348c+bM1CERio84EOzEw8NDgg4yAo2FzZ8+ffrq1atdunQxlT4YVa1atbAQ4zwQSBAkMqvmz58vJY7nwYMH4g81u/aADRGq8acyVsDBRI0atWfPnjjucePGoe+SJElCXMfdkNYjkBcsWDB37ty9gThy5AgtlyFDBkl6TOFbMit7qlSpxKsa+fjxo9ykRIwHHi2hYx1IT3QeQYV2UUUuA0YiQtNIoUKF8DiBE00SIPuN+wmOR48e/fPPP+qDtRDAkhpGItsJOlHlypUR3CzTxDS0lJuCSwryGqGAC8b/Pnz4cPPmzW5ubh07dlQrTKDX7969G/+LyLB4Nn4bwOlxYOqDhZDz2Dsvtw5SXmSBjBxHQAceVYOHxBlWqVKFfFoVmTB9+nRaGVdsetPKTmD/J06cYCFIZ/5V5FsoPxmloS3p06f38vLCJhH3VGm5cuUSJUqExNm0aRNrSxrm6PT392/UqFHLli1nzZolfVkuc/Jx5cqVPXr0MD5kxN7oR3yFoEZglkJHwo/evHnz7t278pyUKg2Rr6sH+jaSCvUgTzE4BSI9NY7UxXDlmQigMXx9fXv37t0uEJRjMeQNPj4+S79k5MiRwb306O3bt1u3bmWBPqPJtWIZgBnOoffKg15We2H7ESFChByGqaLkpbf0H3RDkA84fPjwgRyCBU9PT01sIzQcPXrU9oveBDB5dd7jx4/tcQlX1IkMQEY9EHIqBQVK6N69e3hScjLpiXv27Ll48aIs0+/kjYJsYDYRrcDG1H/t2rWDe6ONPRCnR9NXqFDBCh0gjwuiewKHZ6uhEdu0adO6des5c+ZQe6rUEnCMWwzIMgGMJJgGIjlevnz57du3UWkHDhzgyBFq8hVT7ty5Q7Akuapbt27gmxqag0whKWeBZF3ciEVwhPHjxyfVFAmiLeRFNWvWJN6fOXOGZB1Ri+vAZsaPHz9x4sQRI0Zgz/RfmunQoUNYkbzJhW81bdo08J1xMhnMDONHuln04IOGyKv8U6ZMGeSzCEHw7wWIrzFs2DCMCWVEAFBFTgJzpysePnx46NCh6IY6depQ6SA3143INSL+EgyIXqYYc6B48eIZbmcn9fb2lturffv25bsFChQwnU/NarD7/v3780OlSpUyzpsZDrl//z6qHPupV6+eKnIl5KkzoOlJCxYGM0UYuYWMFCNAqiL7Q4KCb8qWLduVK1dUkeUgsrt3786RlylThtigSjUCQU8gYc/0R0MtfoXvv/+e3io9EQ+FZ5dlY6+kCcjGpD8a4fgzZsyI1Atyqkr7cevWLcQiR9WtWze6syoNNX/88QcuCKZMmaKKbOOvv/5CNFAPQCil9goXLozFosxwjGqjr4ElSwJGWxicZUT2RvdkgeCXMGFC2oVVaJTAp0zJsmXL2IxYbjazsp0g6IpoIPpwmqo01FBjuXLlwsCC69c2gjhAE1B7OAeydklFxMipVZYFLy+vxYsXc/x9+vShnmUiKbULE2jErl27kpzQoULfoFpB44qjaNCgQShnyAiVeqAJqZFMmTLhalWRa8AJ41ACAgIWLVpkeP5L0aRJE+O1l0SJErm5udHTAN0nhSFQunTpmzdvqh+wAY6tffv27PDnn39WReGVdu3aYT+kpxiSKnINOB651y5gM6tWrVLrvoTuRGZAxyYtU0X2R1RXunTpgrz9HHoQH3KCmh882Sr6JkmSJBKQONrcuXPnCQrpjwQexBAf2QyVQMcE4qvh6P5di3pgJ/LRDBlcqX7YIVy9elXuyAwcODBwKP0qqAfiFl8nE1VFtrF161b6ETukonBlUlH8JThNnTqVcM4vqk2DR56MRa5hXZMnT8Zb/vLLL2RQuHc5WoEGIucx2yEVQnLFMXTq1EkV2ZmnT5/KaVr9mjp5Oq9SpUrqs9YYxwIXK1ZMnpAS6BeJEydGRrDcsmVLGUh39OjR9OnTo72CC89r1qyhFfjiunXrVJGjMKoH6irwxKNBEir18Oeff8rMLcOHDw880tAFef36tUQFPC9iefPmzUsM0MeQfpRnyJChefPmbdu2xesJefPmlZ5JyA9y0Jyl0BgkTGRmY8eOVUXhFR8fH5xdggQJDh48qIpcA+zE+FYbwCkHNw73+PHjdGlyi4sOfFcWSQCRVUZr28Lt27fldgC+6R9Nnxwm3zJV5MQksj217ktmzZpF/6pataq4UVIrwhgdE+QpTbokOfr06dM7duxIHxTooah/9pwlS5adO3dqe/Bf5fDhwxIPZDyHKg01VIVc/B8yZEiQuaalNG7cmIoizP/2229EU0R5yZIljSGf7GjQoEGHDh0K2UXj99i4SJEiZq81v3PnzpgxY4htsjd+CJHHDz158kQ2IArwozQHrewwDU13s1E9NGzYEMPDxujsqkhTEFhmtyFwFPwomgwF0KtXLzpIwoQJcX2Y0OPHj+U5z+CuhZAMyzMBQ4cOVUWOgs4lL58yTsH8VUKlHujqI0eOZL+enp74C1XqwhjVA39NH7ug/RCDdABskVanvk5+5sSJE4hxvmLLrMCm7Nu3j26WMmXKDRs2qKLwyq1bt4he0aNHnzBhgipyDQICAsQ30eFprAgRIiAi+/Xr16VLl3/nQfxM69at5Qp2qVKlOBf1Zfsj95VtVw90hw4dOrCrHj16EANUqUaY3iINQT0QPqleo3owpXLlyoRAme/BDAKhm5sbqg7L0SQAWwR6hZPiAEKZipmBt9mzZw978PDwsP2eEQ4K/R05cuT+/ftLCe7r8uXLKAas11D9/0LsmTNnTnBz83AYqVKloicG+YpnEmLSLXZCNoVGYYFfrFatGoHw6tWr/JbM6V6+fHkrtJR1iHrAi27dulUVWciMGTPIGPE/27ZtU0WaQlWcPn0az0DNcJw1a9Zcv369Meg8evQIm2cVyk9UHYKM+ud4gqvDn376ie2LFi167tw5VeQQkMj0X35aY/UAvr6+7BfbteKxGceDu5RpmpB4pvnKypUrqSCyHHq1KvoMbdmzZ0++otWNhqlTp+Iu+S1H3il3WWrXrk0ajSRXn10DUQ85cuSgxxpvdWEhxmvpZjhSPRw9ehRXTo+z5QWbAl1Arq8WKlQo8DPMNmKqHjD4pUuXqhVfQuzHiZPOHj9+nL5mhDhH0syZms4FZ2TBggUkjlmyZHHkDSMBGYSj56QQNy+snR+MAICB0Yg23nuiooYNGxY1atQUKVJQgarUwNu3b5FWMjhApLA85YsakxpW2xlAClCfOXPmDHLUwvjx4/l60qRJiX/Xrl0bPXq0DIbld9OmTZs+fXq6Bj9BsFRfsD+TJk3iAND0iCdVZCFIIo4fy7RfNk//un//vp+fHxrLeKlGYBUxCBGGYpCGu3DhAg4Hkwh8k5TGYnvJe+ks6EJH3qrD2qml1KlTb968WRV9ja8/cyEkTJgQNYoLwKlxhqrUVaFH0TbUBR1J7kcI4gVoSzqDKvoMp+bj44MXk0fYbeTvv/+eO3cufzEC/eFPKGJ4pfKZM2cOHz4sJfaGrkjfQ0eagiu5a4I8YkPHRumT4OIZo0WLhq/BF//44494aiP0drakKTEqw+7tDs7o6dOn6BjTeyvWQRcguZcYJsOqNcT0ZjmdK7jnCziRli1bUucTJ07sbULXrl3pleTBnK80ipF9+/b169eP1mndujUNpHbkKP7880+pq/r164d2CHogEiVKVKVKFXzL77//bovbREVNmTKF5LVGjRooMFVqAJs8dOgQpo7vGjVqVIUKFWgFao+6ReyiGo1PGtP7EA3UJ7Uq83OYwkEiUDAVartSpUrsrXv37njRsmXL0i9u3LiBnuAAyKEDO087gYCTmWpzG5BCSyEE4HxwxYR2DR9+MYVKQ3KhyRBYBEpVaoBVWbNmdXd3p4Hk+n3mzJnRdtQkWQFHJZth/5cuXZo8eTLtQopLCeeOEL99+7Zs4AAwUXwm3dl09MZX+FdChAKyNDo/23t5eQW+5OVqkKlwqMidkydPqiIDtB/yOcgMmByIVfRMTa4XnTp1CtmO6bhatu0sFi9eTNwlEK5Zs0YVaQTdkjCzLhA43E6dOtX5EnyQ5GemFC5ceNu2bWnSpEE0dOnSZZkB0+Okk8vTVvZ+naApffr04Rfjxo1rlj5aB66ztOF9BHh/VaQR8jJb/Ka8ah81oFZ8CXVIc7ClpeBt1S4ciww1jR8//vbt21WR5eAq5WkUKt/qIcPv3r2TOTDc3NyQIKr0MxcvXsyfPz9ZypLPb2DHlVWuXBk1/G/1GWZCQyVfvnwZX8TH4Opzzpw5OEB6qNn8UQ8fPhw/fjyr+C7a2uo7CFYg406QR2ThqsgqZsyYwcHnzZvXMc+JBIY+gnang5DA8FEmkiJAIPv4ePr06f79+5Oi/NtaBpOTZzdAFIZhH/bl0aNHdGEkftOmTVVRKAitegCkEMIE52vL82OOQaYAKl68OE5TFRlAmCO9gxwCPXDgQMIbvU59tg36G6GIDhzchdzwBsmQXAXV9voh0mHevHl4VUNfsxKSgx49etBpSSDMhpIJuGxUBVs6TD0QMNq1a8cvent7a6Ie3r5926ZNG3ZIGm3Fk28hIOqBdHbIkCFRo0ZFsqsVX2JUDxxAgQIFSphQrFixwJJOwOGiotQuHMv06dM5AByCjfeqiMpyLlZPGHrs2LHUqVOzB7xKYGOYP38+pov2NR2cQb8g8HDwrOKL+KKSJUti3iy3b99ebWTC9evXM2bMSPCoXbs2iaIq/Qw/msHw9h+EyJ07d1Sp/cGoCLpk6r6+vqrIKp4+fUof//HHH8kKHBOMzSBiuru7x44de/ny5Xx8/PhxwoQJObVy5crRa4wpDRuQpcyaNQtVIfN0ValSRUZL2JsNGzZwSNiJRU8XW6AeUK/ynuKffvpJFbkqoh7oD6sMb0SUQjohhhhcRMeLISzon+qzDTx//lzmBsD3aX6bOYyCA2rRogV1UrNmTQ2j17Vr12Sc8FchqjX4EmTHpk2b2rZtS3KD8Ce7Sps2rdrvl+Bxypcvz04cph6wVck/NFSfv/76KxbOycrEuloh6kFm04sbNy4OCJ8YGGQQvY8t0RCXLl0iXBmhEbdt20ZSG5ijR48GDmaOQWa07Nmz50fbRmvu379fQm+jRo1UkSX89ddf06ZN4+vUXuDpdghLck8w8INd+L379+8vXLiQqMkGAlEqyIt/W7ZsSZIkCdEryKGFdF6UB6kjSbwqsj9nzpzJlSsXx0xD2PgQHBm/DCZo3bq1Js/TWQHd+fvvv+eMdu7cefPmzQQJEhgaREHHJFtAW5BlkavQ6OvWrcMdIbUdc6W/b9++OEAEhEWzqlugHjgrbBTvEC9ePNFQrgm9XRQ3Upr+UKlSJaQrYpxukyhRIrpBkJcQaVetLhUcP35cpplz5IVu14e0PkKECCRJZsO+bIF9ykSKpUqVevDgAe41MF5eXmxA0CL/NkWyEPKApk2b/tuDDQpDdmvG6dOnyarZwDENirNetGgR1hsxYkQNlRZdoGjRophl6dKlA18Atxq5NUsrICOMI09DgNxXrt+6Mn5+fjh0ArYtty0ELJBcgmrHNVvxhg7sUx4mp3rNHBd2snHjRuyEbmV8XYIZxCERvkaSJ0++ZMkSjMFoA2xDQsh+yHRZlkJTunfvzk9wGEg9VWR/5s6dixunC0yaNEkVWQsVtXLlSuqQXkxUVqWOhbOgDjkGQhLnxYI0B4WtWrVC5yFrTK+L3Lt3T95BPzmYN9NqyMmTJ/Ply8dv1apVK0gDCA4L1AMcPnw4s+HF2Z6eni6bVcsjOtI2AgecJUsWjpzlINUD+Y1c2rLdtrCABQsWYB9IdavvdH6TEDMaN25ME+CqtKoZEpQChjcEhvCcrY+PDxugHoK7Bjh9+vRo0aLRn4N8aBDQJVgUrscBPRmePn0qHh9Zo60JDR06lAwDkUR0VEU288ww73vixIlz584d2UC2bNnyBwXCkS3LlCnjyKvf1iEDpAIPnLIOcQiYUHAvAAsBeX4vQ4YMga/eo9tkACNpK2pYlQYiRYoUKAMaKGfOnKlSpcIZQp48eQioZLpssHbtWrlqHWTeiW+Ut9xZd+3EOjgduXMXJUoUTWb+PXXqlFxMwg4RE6rUgaDV5NYt4Enc3NyQpywj5XEvaqMv6dmzJzZD8mP1Iz+hhJxZHi+w1NotUw+AhqJfJUiQwGXv6It6QApUq1atfv36xjYT6CR9+vThLIzMmTOna9eusWLFokVJFNRerIU9VK5cmR9q1qyZY25ZhRWoDZIeufmq1WsS8XfIPnYYwoAV3B/ukngc3BSiR44ckeuKvXv3lhIcFns20tAw4Qw/5IDZrnBtGzZsSGSYImn06NHamhApDqkPzitwIms1oh6MuLu7ky6rdSZwXuTxbEAgDHJwieuAcXKQ+BAUpyqyDeSgzIhVokQJi667UGli3iVLlrx8+bIq/YzI4mTJku3fv18VBQLNgXBBHJDKv3r1ClPv2LEjZ/dvUxnm78EBysPtPXr0CNLYpk2bhs3gTm2/DBN69u7dK9exChYsqEmwJ7PH5tEi4OB5FATOYtGiRYZa/65t27b08b59+1KxNM2BAweCPEe8DY1Lbx02bJgqsgMfP34cMmQIR4UPtPQmncXqQUag8GMEZm2HX2lFvXr18PXFixdH0718+XLbtm2tW7cWdxwk5J3AQvLkydUurAWBuX79eoQIP3fo0CFN7P5bglwHSUdVk1FpUjnGOxcI+eBCO/6a9IteSuZNpzWFrGvw4MEVK1YUV0Vy3MIA+8xlAh6HtY5RD3/99ZckSSS+9oiytWrVYuf58uXTauIWM/WAvwtuz/fu3aMy2UaGmrssgwYNQjpgEhpeqCfXimwYAGjRnEX0EXkglsSmc+fOpsqDVXLVrU2bNkFOlSGQw/zwww+ZM2c2boNE2LJlS/Pmzc3GGgd5P/H27dsVKlRgLVE88DRfduKPP/4YMGCAHFUoXxUdGmjN/PnzExqIXKrIsZBYJkmShJNCx/z555+IbHGGjRo1ClK30WTt27fngEuXLk0vU6Vac+XKFbkqv3LlSktvaFqsHoBsDB2NvzZ7tsdFkCeDjROb083IPtesWSOPOBcuXJgmoTMQMwoVKkTXonn+vZb3n/8YU0+rIZ+jpfkVLy+v4K5HhWcIjVOmTEFx45pXr16tSm3AqB5w9w0aNPjtS1D3NDftjn5nG1QdGsIMUQZmiD0YkcJs2bI5IOzJiAd+FAeq7YUH4erVq+yc6ho5cqQmA7LM1AOZLppMrfsSthR3OXPmTKcMfQ8NZEeSi3fp0kUVaQGeAbOnZckjQ6+b2VKGqnA8GCr6le6zfPly4hAJNDkPsjgEJ4wgIKHkR83G61D5SAG+KKPgBfzh7NmzzeIHWgfFwwEQ8FSR/cFzykjP8uXLaztmtlu3bpEiRcJE7fTSrJB5//59jx49OC/ODulAVdPZZSKp4MZy0mVodzzY4cOHVZGmfPz4UQ4pderUVmhla9QDlidTKnFWcufMdaCX0mEw9xo1aqgiA0ePHiXvIX4g6Ihh1Bqumb84UBqGVXzF9hYinUWLkGTMmTMn9D4iXIHnqlKlCrWEdLP94vnZs2fRB5gisM8IXyJhWNYKNA1dNzD4FNaiaZCeHJi3tzchZOxnEBmsrVOnjqXa3FKwyaFDh3Ii2bNnP3LkiCrVlLdv38q0/BkyZNDknR1m6gGhNmTIELXuS+gRCxYsoF1atGjhmJHkloJnmDRpEmYTI0YMzd8ISAinfoj3W7duDb0hET47deqULFkykbnUHsoPMxaLLVu2bHC74lxQz9g/qiVIGUpz3Lt3D2NjP+yTs6btGjZseOzYsTdv3rAWV9mhQwf2gEAPYVyF5nC+HBLnG/pJD0MJdZIxY0Z2ji5x5JTzRnx9feW2EbqBj35+fjL5N6paNjCDJqAeaILg+pSN3L9/H4vCnFCHiBtVGmqsUQ9w4MABFBynPXr0aFXkGixbtgw1RzcYNWqUKjJAObGhT58+GJAq+gwKPU+ePPQiK6rPlPPnz4spEHvC8yu5vwoaK6bhPXK2X36gN2YyTMgPeEBcMx/NqFSpkox9od8itEndVgQC/4gBBDdqkp3grLt3764+241du3YlMryFqFWrVva7VonPkvkDSDdt/xVyCXkUM2nSpLhmPF0Iw+v279+fPn36Zs2auaB6IF6eOHFCri0PGzZM8ws/z58/xz7ZOXr36dOnqjR0PHnypH///sQYGXlqJH/+/LeDeYMGrSxXW7Hb4DIZ/CHtRU9s3rw5RyWTDKKV27RpQ1UsWbKE2mAtHdbeutnIyZMnRSfVrl3bHpdvV61aFSdOHGLBxIkTHW+Er1+/7tWrFx08Z86c0iiEbYK3m5ubWR5OZkVq1K5dO1QdtWHjfFlBgjRp0qQJOy9Xrpx1r5W2Uj28ePGic+fO0QwTZjnrGZgg6devH22DcezevVsVGd4OJzO+bdmyJXBH2rNnDx7NRvVAikBuSksjqhYvXqxKdYLi8ePHaH/6DDV27do1VWoVxjsXgGueM2cO8ckM+uFvhhcWjB8/PriQ0Lhx45DVAxYVeF56baEzk5SjgZInT67JOPPgwGmOGDEievTomKvtJ0Xn6t27N9Vbo0aNAQMGUI0hqIcbN27gqlxTPZBXyLvEaGt7vM0H28MOfzRck0fCBhfRQ4AQvn79+po1ayZLloydAGlS5cqVMXKzpOjvv/+eP38+G2TNmtXszQtGzp07RwzDW3bs2PHNmzec8uzZs6tUqSJHiC4RIdWwYUN0j/qOneGHZHgpXWDjxo2qVFNoBZk2LV26dNSbFa1gI0gxdDYNJ2/uuHr1qru7O87Q+PIzQGRMnTqVXJTWiRAhQr58+Wh3tU47Fi5ciBOIFSsWZqmKLMRK9QAIwxIlStDSGOjRo0dVqVPB+GRQGHZveqmN/kOXozzI97vQZ2g8MlRLR5yagq3TpWlpjMDGaxjhgZUrV2I5JBmjRo2yJZCYqocCBQoEdyvksOHlGgsWLFCfA4F6IJQG+dD8nTt3SPgcoB62GWbLploccJHj0aNH8v6C0qVLqyJrwf/iEKlectZp06ZRjUWKFAnungiqqFSpUnRPix49cAykegROGhppZacL9ffv3yc8U1eELuuyeWQBbUfCRjUi1P61e8NzLp06daJPGaebRInKNCcIu+A6BUEUf0W2s2zZMinhkDhC7FwuWgijR48OfL3WTuANyEgR0BybnfQl5kpDo404tapVq9ri863j5cuXxE3ajl+XEjJeek3atGm3b9/u7+9PUC9WrJhc2qeHUhX0Gttv8ppBCoeFcBg5cuSwWh1arx7g+PHjiRMn5gjatWun+YU+Kzhz5kyhQoWodMSdqfEhGhBxlAdWDxjTJMNr3Eg7rD4F1AnpFPWQIEECXTqEBjrD2LFjqTGchS1PFuDXJPEFgpYqDUTI6gGP3KBBAzpwkEMN8NT05Hjx4tlD/hsJCAho3bo1FUI24JjISq5JFI8RI8aYMWOoAVVqFexKrsnjEAhIECdOHMREYIjNxAa21HY0nO2cP38+Q4YMOGtvb+/g7gXYDuF57ty5eAkaOsgZo0MJ7YWRXLt2LW/evOLZqFWakqhz8OBBpAMKgFZImTLlvn37gkyvDxw4kClTJg6jefPmZi9tZ+dEOHmyOmfOnIHnmbATSB9SOH4UO7HHtR8jb9686dGjBzUGTnkBMi6LVqOGN2/eTOVPmDCBxqItYsWKRQfBA4gfqFatGircHgEFt0nOjE+LGjWqLc+R2aQegIrAanGvM2bMcLyOC0yXLl0IA5gFveLu3btUE51nv+FdeXi0wIEKT1G4cGEqccWKFVZnA7QE+ycQmt4u0QkZVLZMsjtw4EBbopc83EV/C27kEYSgHvhpZAG5IHvo3LkzAsIMtH+UKFGCm8RaEzgGuc4s43Wss0MrKFeuHPGSU0Mh2dIEiAa5yl29enWqkYWv4lLqAQ+O38Ch47tlOJv9ePjwYZMmTXBQmByJviq1FoTCL7/8Iu83koqlQQWWK1euHKQSwivKO9hSpUoV5FWiZ8+eEdvYZ/369S0domEdJHv4AcMZfNerVy9Vajc4qYYNG3KCHh4ejp+77Pr16zLwKHPmzC1atMDq5MQFar5KlSqItiBln+3gXlAtpP38ForZll+xVT2Qr3P+HAdK1hVmOEAo5MmTh86DditTpsz06dOvXLkib6irUKGC2QQVHO2WLVtYVaBAAasTjnPnzslT7CQTzppEPYwiQ1yJN7ak9aIeEO/Bvd0REx02bBjbdOjQAaFNtwTE4ngDw4cPRz6yNmSKFi2qdmcHLl++LKke7t4xzlq4efOmvO65UKFC1InVqoVMMbnJa8RJeVu1atUtEO3atZO5EbNkyeLIMfwhQ9xavny5u7s7dhicCWkLXihZsmSIFdvH/Qh+fn6ogbx585IgSRMILVu2DHKaQoS7p6cnG2D/QXrsKVOm4D8TJUoU3MO32oLhiSvgkHDaZtdC7ASRQu4116pVy/FPDg4ePNjQROYUK1bMTgM+jKA4GzRowG+R89vYvraqB4wP0SBCBi+s+e0ZKyBflGd+gO6EupSxxIHVAxq8b9++rKKbWZcM4X8xd/aAiNNkUttwBZGydevWkSNHJpyQv6pSC5k4cWI0w2RfJFI+Pj6k0XQJ5ELTz9BVRN3Hjh07a9asOQ2EMHtYYAgtc+bMUb+nNaQ+csGWZHTDhg3YpFphf+i827Ztk1mDatasafU10lu3bpUqVcpQVd8RFOl9QcpoUm2Z4Gju3Lm2XOrQEA5j165dcruzXLlyDpNuaFYynKhRo/7yyy+a+Eya8sSJE1Rs+fLl5ZkFwC2TOK1Zs8ZMIuzZsydGjBhsEOQNgmfPntWoUYOwisN0zE20ixcvynOM9MrgJl60B5MM757ALQwZMsTBcpa+0KVLlypVqiC1iVD16tWbZ+D8+fN2vfRI3Q4cOPDHH39EOuA5bbxdYKt6AI5g9uzZ4o4Jw67w/u43b95s3boVp2C8oAd0mPTp02c2IVOmTKLWJ0+ebEWb8RW59stObG+J8AmuSl4NXLx4cesExI4dO+SJQXJHHAEZDOCXDW3+/9BMbGAGvwt4EMiRI0eJEiXq169fsGDBJk2a9OjRA6cmoBHtNJwFE6IzE3E5vM6dOzsm6zLl06dPmC6/TsjZu3evdY779u3bkssC+dyxY8fUChPY88qVK1GKRYoUcZ3nmcnDaPSIESNiDHa9124Gv4uEpdrlXolWWgrp+eTJE+QCNoxh0xxUOHHCy8vrxo0b0rgIu3bt2vHTP/30U5Ai7+DBg/hGesSECRNUkT3hqOTqNRFk5syZjvSi6DayF6qCQLB06VIHO3CCFGqVvvDw4UPHPNVCVS9evDhmzJiccp06dYKcUd4iNFAPQE5PM8SKFQtjxQnaabisRVBTeMZz587lyZMHu8RBGJybOXgNhJgVNzvpeIMGDYoePTqJ7+jRo10klwqLkDMlTZpUDNrs4lBoIAAPHTqUJkbDBSZFihTuBkin5FaFKcRLPz8/YjbgOzAY/K/8dUCD8os4aMwPIyT6OmX6GiDetG3bFgVDdZGIc/pqRaihr8m9IaCqr1+/Tqwy4+rVq/REQhrVLmHM6dDoc+bMwfDwp2PHjnWw1yJsyMj/bNmyET9UqRaI66NboSHwyZwgIFaQiWfPnvXx8cHe0qZNG9zkeIMHD2Z7zNIKS7AUfgLFwEHin3v27GnXtDtIiN8lS5bk1xFMtgzfdn3wab6+vqkMr0mjJ7KsVtiANupBGDVqFM2QOHHiBQsWuE4ijkXSTxDaBKfAkGUiHV5aOIU7ohUniLel89esWVOV6lgFzo50J6vh5Sn9+/e3boqYjRs3rgqK4B52dzqok61bt8rMd6lTp7ZuthatoJZKly6NW8G5ICBUqSUQmcgcOJeQyZAhg4uMLH779u306dM55hgxYvz8889OeYJ0y5YtMnNDo0aN7DGMlNA4a9asvHnzSuWbEuRrt4AkWF6E26JFC3uLPGIE3Vbm2qEGtJVQoQddW7FiRdQzLsjq+6cuDiqNfifj89KkSbNixQq1wja0VA80f9OmTTm+HDly4BkdeQfXkSBH9uzZQ47FmVavXt1+z3eFHzAVFCfpDlXat29fF8lN7QcnePLkyaJFi3K+bm5u8+fPVyucx86dO+Xec7ly5chLLM07ydv69etHAocEYSeBoTxLliyTJ092hZke3rx589tvv8WPH5+Y0apVK2d1YRTMyJEjybyjRo06aNAgS3OYUHL06FGaJl++fPyQagzDyFZqwOxyC4p22bJlsWPHTpQokcxlZD/o8tu2bZOcwcPDw1nSQSB7QcRgogUKFAjukkzYhYB14MABEZGoVXIqtcJmtFQPgBG0bNmSo0TgaPUeRVdjwIAB4mcLFiyI0/zmQ51jIPcaOHBgzJgxEyRIQCKrSr9R1qxZI34TZs6c6SI6+8iRI2jiKFGilC5d2op7ou/evTt37tzevXvR1oGh/Pz5864wGwohk8CZ0PDukiJFilhxs0xDyPVr1qxJ8k1oHzx48Kvg35ZpC2T5V65c+fXXX3FZ/JYYHjVA2N6wYYPayNAHZQx4cONeNYR4JglY6tSpnT7eHJNYuXIlsumHH34gAXbMKASHQfVKwJIZPDW8PaSxeoAHDx40btw4guHdG+3atXOFMRCagErgXPr37x89enS5xrt+/XrH36j7hqF6ZRQqSSH1fOfOnW9PmWEwZ86ckQcX6SMkvq7jqqjt7du3kwfjQz09PV+8ePHtjeYhjs6ePZtzJIgSSm0fOGY7b9++LV++PHWOwxw6dOibN2/UCq3h3F+/fo1yJcNGpsuwyhgxYmTKlGn06NH37t1bvnw5NhkpUiQ8m127Hocho+zpCChLV/CiKPgtW7bg2zn93Llzo4O/gWvnVOzx48dlJreIESPOmDFD2x6tvXoABAS6gRhAL+3atSt2Gdbd0KdPn0ieWrRoQYqA3ylcuLBWt450TLl+/bqXl5c8TtagQYNv7K4Q+dzmzZvz5cvH2REqkA6uEL3MmDVrVpIkSTDyxIkTy1x4akXY5/379zNnzuTUiBDII+eONTGFaFqjRo0ohrcp2lVACCiD06dP07/I+6Wv8bsCy23btrXTJRBAwVDtMhM2CsbHx0etcAEIUmvXrpWZVzJmzIipqBVhE2KWzChKsyZIkKBbt26aJyp2UQ/C/Pnzy5YtS7itUKECLilMSzmOX+a0gFq1ahnnk9fRHPxL//79ZQxEnTp1vplxTJzXyJEjZeYJ+jPy2gWlAwQEBKxbty579uwcZ7p06VauXPltCIgLFy4MHDgQd0QShkc6e/asWuEa3L17l3AuF344ziBnedIcosvYsWNLliwpGgJQMPa7b0g8W79+fYkSJZDOmNaUKVPsNNTDajD1JUuWoO8xElzQ7NmzHT8TpSYQbXft2iVjHVKlSsVJ2eOdvXZUDyjc8+fPlytXjhPAaY4aNcrxU3ppglE6xI8ff/DgwWH0LMIQpD59+/aNHTs2dV6wYME1a9aoFWGZESNGyEM60L59e4dNTGQdxBW5vYKX79mzJx1ZrQibPHnypGXLlpLce3h4uOazef7+/shl4haxvFOnTjeCemeb5hBmLl26NHXq1Pr161erVq1Lly52mo2DcEA8IxXGqFKnTm3doz0O4MOHD6dOnZJHkNCadevW3bt3b9hKfalq4lSOHDmo6uTJk9syk2/I2FE9wD///ENH9fLyoiWiR49euXJlpFxYuYtBG2A0SAc3NzeOP168eOPGjftmhnG4OG/evOnTpw9uVGqeZbIxWkStDjtwzDdv3uzVq5eIoaRJk86bN88VnjsIGQ77ypUrqJzvv/+eTDFjxoz2ngXPTuBtsBxvb2/8T4QIEUisnTu8P2RIECtWrIjNU+dFixa9evWqWmFnPn78SC09f/7cTpZJK8yYMUNyMKSDU16NbREYSZs2bX4wvDIpUaJE27ZtIxa4vv+hh167dq1z585YO1WdIkWKTZs22S/g2lc9ADWOmC1TpkzcuHHpFSlTpmzSpMnly5ddPAyjQE+cOOHp6Slji/CeGzZsCIveM+xCbc+fP5/cN1KkSMSwLFmyLF++PGxdRX/79u2yZcuQ/xy/nMKSJUtc3wcZIWVv164dGRg9N06cOGPGjAkICAhDx8/RNm3aNEqUKJhQ/vz5jxw54vpdGMdYqVIlDpg6z549u2OuQNgPQtejR4+QoVGjRkW9oZ5/+eUXB08LbR00xOTJk0ldCAGAI9q7d6+9H0Wxhfv375OlkOviajjgnDlzrlq1yq691e7qwcjixYvlWooE40mTJtl7cJB1YB/Hjh0bNGgQGplDxdyrV69+6dIltVrHsRAAWrduLc/XZc2alegbJlwPPH36tFu3bjIIi9DbqFEjZ80maQuPHz+ePn269Fw8KdJ/8+bN9riHqi2ozAMHDjRr1kyCVpUqVS4G9TJJ1wTR1rx5c3k7T548ebZv3+7KQSsEPn36tGPHDpnXhJBGDnn69Gm1LiyAq1mzZk3t2rUjG2ZCoxd37979+PHjLqhB9+3bh7VzkIDQadOmjQMG5zlOPSBCjx49WqNGDXmnES3RqlWrjRs3ulQ2efv27b59++Ir0W5YTIkSJebOnRtGu+43A7Hqt99+IwxL+t6zZ8/Dhw9bOp2Rgzl//jwdmAPG1OPGjTt8+PAwPfZw//798iovSJIkCafmmkMHBFTamDFj8KFywG3btg1z4zYQbRMmTCB9xITIJnFKOM+wdfedVJjcPXPmzNIKjRs39vPzU+vCFKQBv/76q7zgDWiU2bNnO3eaEFP8/f2xdhmlBJkyZULxOEbfOE49CFT60KFDjZOnEhJQTEuXLlWrncd///tfciwsI4rhDXV02qpVq968efOj/u4rF+APw3Quxmcd3d3dW7ZsSYla7Urg97t164bTjGh4tUru3Lk3bdoUVq6XBAe9g2CwatWqatWqUf+cGifIabrgYyPI/fz588eMGZPKx2A4Zlcb2B9KPnz4cOnSJXGVOCXEEBo6rNw2QuuUKVNGxvokTpx46tSprn+9KgSo9mvXrpEDyAUh8oFSpUrx0bkP35HWIjHLli0b1fBSwPjx4yMjkPUOi1mOVg/Aub169WrhwoW5cuXitPFE0aJFw8lu27YtICDAkbPRoeX5uatXr2Lc6dOnlyHZMWLEaNq0KR5fv+TgUvz999/Pnz8nj5Qp4SJEiEAf7tSpE72FlnKuV+XY8PVv3rwZPHjwjz/+iElzhLFixRo/fjyF38xwGU6E/kIeRs1zgpwmJ8spv3jxwulXVjiw/fv3Z8uWTVwKEQtxg8cP65VP3Y4cORKnRIXjoHLkyHHq1CmXTWk+ffp05coVOin6ngQMx16iRImLFy+GrasmwUG1nz59ulGjRrggbAwZzUL58uURRkQ0x5wj9oyr4ecmTZqEXMAkOBLMo2LFiqhkB1+RdYJ6MEIwIN0vVqyYPNwPqVOnbty48cGDB2/cuGHXHkLtHzt2bPLkybVr15YX1UCqVKk8PT23bt2qNtJxSZALLVq0IDwg9Wg1FmrUqEGu46yx9PiOFStWNGnSpEiRImgaDilhwoR169Y9cOBAWMkULeXJkyecoAxGAZxXjx49jh8/7u/v7+DHSd6+fXvr1i1aH5/OkeBMkyZN2qZNm29poBIClMwKI48UKRLnSPo7dOhQch6Xsq4//viDQyKkSa9Ew2XKlGnevHl2ev7Tufj6+jZs2DBjxoyS9APLPj4+J0+evH37tp3STnaLqa9atQpXQ64rv4s+8/b23rx5s1P02X/4J8fhLB48eLDRAC4A10MJnaRAgQJFixYtXrx41qxZjdHdRpBm169fx8qRJidOnFi7di3yRValTZsWCVmlSpUsWbLIFKo6Lg696NChQ8uWLZNGRHfmypWLFsybN2+6dOnQ47KZ/cCnY0goXXLBnTt3Pn36lELUg5eXF56lUqVKxFTZ8psEX7Zp06Zdu3YtWbKEjIcSxAQBg+SYNIj+G8vknUz24P79+3v27CEXJLXFa+M6SELq169P/YPRrX8zoNhmzpxJuvXo0SM+5suXr2bNmhUqVJB5G50I8RK/inbEh9Mcf//9N4K+QYMG6Lls2bLJ0J9vD7lovW/fPnoBeYIUolxpjty5c5NIYI358+cXwWcLZNHsHxF25coVTB2bl3J+hd8Sp5cmTRopdDDOVw+AiEZV7d+///Dhw69evVq/fr2Uu7u7p0qVKoEBKgt3jFNgwc3NTTYIDbTx+fPnqX2CDUqFxiBJFZnyww8/VK1alV+hE9LSJC7yFZ0wAUJwsQHiN52Zkvjx4yMdkJtErzp16milO834559/jhw5smjRojNnzmBaWBSFyNwMGTJUq1atUKFCzurMjicgIGDv3r10KBIvXBsl9Ck6FLq/WLFi9erVs4eMu3z58ty5c/38/Kj/Fy9eUIKXQLHR6MTUb1j94ycJHrt37549eza5EFIVrUzag1rCKzpAMZvx+PFjRPyGDRvu3r2LDdAHOYbBgwdzVBDXMK3qN8+lS5fOnTt38+ZNGoUoRknkyJGTJEkSPXr0jBkzErlKlSolW0aLFo3GkuWQwbPh06he2prsiP1L9cpaGfVVunRpzB6PJ4VOwSXUg/DXX399+PAB6Xrt2rWVK1ciuGSkNM4ao6TqcUwoWVolbdq0Hh4elKhvBgWKeOvWrSzQEvDnn3+ycz7KTvAyuJuSJUvia2hsmVtDJ8xB1ksAI+MhCSaM0ZOxH2yGBo0XL17q1Kmxk65du8qIFoFvYQPy9a9ivDiMCZFnoEHxlWS9ZN64b34LW8JL4jGRofxKnDhx5CfCFdQDmTE1Qz3QHFQXNUz3pAmoDbR+iRIl8KGFCxem3Fg/VJ0ssz0L8ldWgdQ8fV8++vr6IhfmzJmDVqMtnj17hrtgD3hnaWLU27d3vSFIiCKElokTJ8oURrivWAb69euHXKNOTCtZc2gUmobmXrFiBVLm4MGD9AV+FH766afmzZsjnTkktXW4AbN8+vTpwoULiTsLFiygisSAUXjGi3BUkfEefdOmTQPHL5JbUmgyW75LK9O4LNMFpHqhRYsW3t7eKEXM3hUq2YXUgylS9QhbGoMmkUL8NVWJDqBmv9o9+DpQxTEM8xXiWeRKcvv27VFtZKg0hv36mI4jkbYGktFffvmFv2/evMFaaF+godkGmUgMI57RmRs0aCBfxCoIRUbbEFAkOEQsjb905nv37qH9iV5ikwJylqBIxCJ0de7cmY+6LVEtyIgjR44g+o8ePSoXBvCqeEDpa9Qzel2mUcGrUnXZs2enttmSdIpMS1YBzUfN40yXLFnCMiVS7TQBoZHGoh1JADw9Pdkh35UmDj9IVeAGJ0+ejG4m3ZIbZ9RD0aJF0XCJEyemiohPgUOUdfBbdIe3b99evnwZ0TB16lTpDjhYWq1du3b58+enRcJbQ5hBnfD35s2bCLstW7bcuXOHLoAIoOroGrKNEGRFGWxchWM6CHaOY0mSJEnx4sXxXZi6JCeu42pcVD0Eyfbt2/H1t27dOnv2rJTgWeRiERWaMGFC1rKcLFkyKt2w/t8bUbly5aIlUMTGuap0wgnELX9//xs3bhDPjh8/Tsndu3evGmb/lQ2+SqpUqdKnT491ZciQAcnPMqofWwrnXtIiEAHyahgyAblnD7jUffv2yXKQ4CgzZ84sFwX5S4hKmzYtf/WaDxLi1uHDh7F2ZC5Jl9yZBezW9A4Cck2EMtWbKVMmWcaL0jqxY8cmwl26dAkZR6Gx1Vh+8uQJbpZldlWqVClUAkKQXpAnTx5kChvohJ779++TkNBe1DD1T0NQSL+Q2/Hx48enYkN/cdS5hCX1EJiAgIArV66wgH9HKCCQWSYXMaoHHR2Q64oskDxhMyycOnXKqEGDpEGDBnJNWC428lemENDRBPGe6kNQUPk4Vr0jWwrmjVxGPfj4+KAnRAoEhupFCpBWsYySIwpEihSJvy9fvpQ7vGY0atQI6Va5cmXcLHmaruF0IGyrBx0d6yDNMruWaAbu1XWuEOroWARe/c8//0QWoNJOnz595MgRCg8cOHDu3DnZIDBsT8qLXEMflCxZ0vSKRZ06dVKkSIFisP0JAp1vCV096Ojo6IR3tm7dmjx58mzZsqnPOjpfQ1cPOjo6Ojo6Opah377S0dHR0dHRsQxdPejo6Ojo6OhYhq4edHR0dHR0dCxDVw86Ojo6Ojo6lqGrBx0dHR0dHR3L0NWDjo6Ojo6OjmXo6kFHR0dHR0fHMnT1oKOjo6Ojo2MZunrQ0dHR0dHRsQxdPejo6Ojo6OhYhq4edMIjhw8f/o+BtGnTqiIdxzJmzBhpAjNokfbt29+8eVNtp2M3qGQfHx9vb++4ceOq2v/Pf/hI/dNB1EY6NkOVqsr9EqqdVf3799+6davaNGzxPx2d8Ee7du1UB/juuzNnzqhSHQcyevRo1QDBsGzZMrWpjtY8f/7ctAsEyYwZM9TWOrZRtmxZVafBEydOHHqE+kIYQX9Llk6448WLF+nSpQsICJCPuNFp06bJso7DGDNmTO/evVkwkxGrVq06efKkLG/ZsqV8+fKyrKMVZ8+e9fDwMNp/nTp1cufOLctw+vTpnTt3spZ26dWrlyrVsQFvb+8dO3a4u7u3bt1aFX1m7969x48fN7ZF3rx5t2/fHi9ePPno6oiI0NEJP5DUivFLToDqVyt0HIhRNKjPJhgbCGeqinQ04syZMxi8VC+62d/fX60w4fnz5zMMqM86tiF+hr/q85dQ2xi8sVGweUrUOtdGH/egE+6YP38+f0kFmjZtygLCf/ny5YY1Oi5B3bp18aEsGC9C6GjCzZs3jVcdiFjTpk1LkyaNrDKF3LeNAfVZx55Q2xj89evXjTY/cOBAWeXi6OpBJ3yBA92xYwcLrVu3LlOmjBSuX79eFnRchDBz8TZM0b59e5EOM2bMIGJJoY4rgMFv375drkBMnz49TIwa1tWDTvhi165dslCzZk16rIwdW7FihT7IX+fb5uzZs6Kby5Ytq19XcEFwR3369JHlOXPmyIIro6sHnfDF2LFj+Zs3b165ZluxYkVD8f+rCh1X4MaNG/wNzWB1nVDi4+MjCwMGDJAFHVejRYsWskA+IwuujK4edMIRpF/+/v4stGzZUkrKly8vVwtFVei4AmPGjJFm0uOchuzcuZO/WHvRokWlRMfViBcvnihmsX8XR1cPOuEIY/pVs2ZNWQC5eUF3RVtIiY6zOHz4cN26deVJzmXLlulxTkMkIOXPn18+6rgmefLkkQXXn7BLVw864Qh5tqJOnTqmg/Jq164tC0ZtoeNI1MR7BooVK7ZixQrSr0OHDunD+jTEGIpKlSolCzquSezYsdWSy6OrB53wAtJBBpxXrVpVSoQcOXK4u7uzoD+36SLs2LGjadOmenPo6LgyunrQCS/IY5lx4sQJnNTKHHBoi7A64XxY5tBntmzZMnr06Hbt2tFG/v7+9erV8/b2Vhvp6Oi4GLp60AkX3Lx5U4YxB3k93DgMYuHChbKg4zCKfqZ8+fK9evWaNm3a9evXZTDKjh07xowZI5vpaMLt27fVko5Lcvr0aVnIlCmTLLgsunrQCRcYH8icPn26usdugty5ABTGixcvZFnHWcSLF2/YsGHSKKNGjZJCHVtAnMnCiRMnZEHHNZH5VTF+07FZromuHnTCBaF/IHP16tVqScd54Drr1KnDQkBAgP62aE0wToSsT4zmshgfKffy8pISV0ZXDzrfPsY+2a5dO3WPPShk49mzZ8uCjnMJQ4PPwwS1atWSBV0fuywjR46Uhfr168uCK6OrB51vn5UrV8pCmzZt5BZ7kEiyS3KmT/zgChjv0MeMGVMWdGzBOLind+/euoW7IMuXL5exWWXLlsUdSaEro6sHnW+f6dOn89fd3T1HjhxSEiSNGzeWBaPa0HEWL168kCc248SJE3Kr6YSSNGnSGN+KXqNGDf3+hUuBtderV48FDH7atGlS6OLo6kHnG2fr1q0yzYM8lhkCxlmrRW3oOAukg7e3t7Sa8b1BOrbTq1cvGf3g7+/PQnAzalD/Y8aM0SdPcwzIuPbt2xulw759+4J8bboL8p///e9/alFH51ukbt26cj0Qj/nVbtm/f/8RI0awsGXLFsSEFOrYA+KTzEhtTIiF27dvE9VEOhDhtm/f7vqDz8MQosxkYD+4u7vXqVMnduzYhQsXvnjx4uvXr0+fPi39hXZBbchmOrZAhe/YsYOqNktgqO2dO3eatsWaNWvC0pU21IOOzrfK8+fPxc6JQ6ooRM6cOSPb41JVkY59MBMNgSlbtizNp7bW0RQqXy6zBQdrEdBqax3b+OqrYqntfv36hTlr1+9c6HzLGIeXG1+qGTIIf7m0q0/84CzIwOTRGP2qg/3o1avX9evXZ8yYgUqmwlWpQWRTsmzZMtbq197sjWltDx8+PMxZu37nQkdHR0dHR8cy9GsPOjo6Ojo6OpahqwcdHR0dHR0dy9DVg46Ojo6Ojo4lfPfd/wHq+Wf8e4A9awAAAABJRU5ErkJggg==</file>
<file name="16.PNG" path="/" encoding="base64">iVBORw0KGgoAAAANSUhEUgAAAr8AAACVCAIAAADe0wXAAAAAAXNSR0IArs4c6QAAAARnQU1BAACxjwv8YQUAAAAJcEhZcwAADsMAAA7DAcdvqGQAAINwSURBVHhe7Z0FeBRJ17bfxSG4BII7wd01SHB3d5fFF3eXxd3dXRfXsGhwd4J7cFj2+++dU8w/xMjM9Eig7+si9FT39HRXnTrnOd3V1b/93//93/90dHR0dHR0dIJNKPW/jo6Ojo6Ojk7wCDHXHuQ4jUe7Zs2aZ8+eyXKpUqWSJEkiy8Jvv/1m/Kujo6OjE3xXr3tOneDgvOrhw4cPb9++5S/LPj4++/bte/r06YwZM2TtP//8YzzyMGHC+DH3li1bpk6dumzZsiyzKmrUqOHChYsYMaKs1dHR0fnpwUniP1+/fv3vv/9evHhxz549asWPwHO6u7vjMCNFioR3VaU6FvH161dagb8s0xAs0y7hw4ePECGCbAAsU6I+hBycTj1cu3YNrfDq1auTJ0/+9ddfp06dosbVOosIHTp0tWrVUqZMWbhwYTc3t3Tp0oUKpd+v+XX58uXLjRs31IfvcXV1jRkzpvqgozWfP3++efOmLNOpHz16RGCTj4KLiws9NKwBFghdaoWOmTx+/PjChQv40hMnTixduvT9+/dqRbBBPeTOnTtnzpzx48fnIz4zXrx4NAp/ycRkG53AeGaA+kcovHjxgljGX8p9fX1ZfvLkSdq0aTNlyiQbk9+yTIWzHC1aNCpclp0fp1AP6LKrV69i8efPn9+0aRN/Hzx4oNaZgA4oWLCg+vC//7FMiSzfvXvX6JiAZUrUh2/EihUrTZo0JUuWpG1Sp07Nsn414qcHo8K0Xr586e3tLSVo/6NHj8qyH5CYCRMmlGVSrvz58ydKlChFihRSomMBpAGnT59++vQprYDrPHbsmJTT5fGtCAj5KCDd6JjkYUD3jBEjBoU0Svbs2UOKP3UUuPHr169fuXKFen7z5g11u2vXLoxfrTZA9VKrxhwXrUxII7zJRyO3DagP38DTis/kb7FixTJkyCCqQsfI8+fPqf/Lly/fu3dP6tDLywvFrFYHj7hx4yIsihQpEiVKFKqav4Q5p013Ha8eMPTOnTv7+Pi8ffv24cOH7969k/JcuXKlSpWK/KNKlSpSQiUmT55clgG3brxhQXig8WQZWKaEhX379iEjEOD8iqxiJ3EM0HkGDx6cL18+Kdf5acCkly1bhgGgEtCRKH0UAwamVgcPMbbo0aPHjh0bp0l/rlSpklqnEyTUPCoBxbBy5crXr1+TCdC1+SgXb82Froqky5IlC6lw48aN9cTXD0gE6nnnzp3UM6ZOPX/8+JFyAg81RjTCknPkyEEowpfi9Ix3IiJHjvz+/Xv/V3aRFJIos5+///6bjrN9+3ZT75o0aVI3N7dkyZJVrly5bNmyv3gORgUeP358y5YtxBrqn+ZAMat1BvAe1L/6EDjU8/79+9UHw70MLB+pJxeBIE+ePLSpWu0cOEY94Ec+ffqEVpg3b96iRYsQa+gAzDps2LBNmzbFLmvVqkXF8ZFyFxcX9TXzoQMgrvmtL1++IAZ37949duxYYgmSkFYnNpBcDh06lNhAa/Fz6ms6IQ0s6tmzZzt27MCWlixZgmSkfWl3iViYliBykySMFicVJq81NjrbT58+XbZnGbOha8gC2+AiCWAlS5ZkbfPmzaNFi8benDYnsD/UG33q5MmTNAGR7NKlS5SQCUj18te0rqpWrRpE5kpXxRGTw8lHdsuuaAt6KAGPmi9atKiHh0fx4sVxpr9sn6WWiPF4M2r76tWr+DQKqQ3MMlOmTKVLl27VqhUuVK7Oii81fM8MqHN6EPbPzuksf/75J/4TjUKLUE6D4plRJF27dm3bti2qzngl+FeA+r9169YuA5grOow6ETtHLpQrV45tWC5cuHDWrFmN13uCgHomWl25cmXv3r04sVWrVhk9GF8HmvWPP/5gh3QEWll9zaE4QD0gY9etW4ct4iD4dUwwVqxYuXLl8jSQOHFi4xUFW4DpoxMXLlx47tw5dDq9Qn6uZ8+e9evXT5IkiX47IwRBH0bsA0nSpEmTcKNiz8QYiTQEGJxavnz5ChYsmD9/fv/DGozGZtoRrl27dvjwYfozRkJCQDINJNCylp7cunXrYsWKkVKQzP3iGuL+/fuEsSNHjpABU2mS+FLzZL3x4sWrV68eH4n3plcNIYg+btoQOND58+fjUg8cOIAW4YfkniZfz5AhA2KuQYMGJBu0tWz/K0A9kAghkZEOeDNK8J9UAqlq5cqVMfV06dLZwoUa22Xx4sVTp06lOxA+RSAWKFCgZs2a5cuXp8V/he5w5syZ5cuXE0RIgPmItceIEYNctEaNGkQQUl8r61+qmhRo5syZe/bsQZpg9q9evUJJ0MqEqjJlytDiDpfOdlUPeBa8AHaPo2EZ3YAuoyJy586Nf1Eb2QvypKNHj3p7eyMe6Y2U0OtwRvQBPB36TjbTcVq8vLzOnj27fv16jIr0iKBOj6In48KIKyynSpXK+lELSJPz58/zQ+TT2MmNGzf4S1TDWWC0OOtChQrxK7/gcMvXr19v3rx56dKlOFM0BCU4zZw5c+LgypYtS0RJnz69hrHEx8fn9OnT/OLNmzdpAkIX8i5BggTVq1cn96hWrZrDnamtwerQslu3biUxvXPnDueL+eGsyEcJ3nZ2WZIfk4mRBIqko9FLlChB7EQ4yjY/GQgmDA+hPGrUqOvXr1MSO3Zs7JwQhpbF2qNGjSpbagsuiCBF0+/YsYN2p4Sfo55LlSqVPXt22cYh2E894H/RDWvXrpV6x8LQUPhfd3d3B3Z7ZB0JEy5pwYIFeENiT8aMGemTdevWNY6J1XE20HykpHQn+pLcZUybNi1NVrBgwShRosidctlSQ9C7eEwSAnryIQMUEi+zZcuGwbRv3x6xIlv+9OBG161bRw2sXr1a7pGnTp2avkwykCNHDlJhP/OvaMinT59oBdi3bx8HIE8h8ouk3WR+HAAOXbb8yUCfEbSIH0RrV1fXLFmyED/IuxInTuzASy9XDODVcaHPnz8PHTp0lSpVUHLICBn0+tPw6NGj4cOHk3OeOnWKXIUUpX79+nR8DN4W3sY/dLRjx45t27Zt7969586dowSlTj2T8aZJk0a2sTeoB1vz9evX5cuXk5+hjvG2WFjTpk2vXr2KO1ZbOBpfX9+LFy+SwUiqxHHiDZE7csNVx0kg90LhzZgxgyAhgxhorzx58mzfvp1MFCGotrMxxE7y4MWLF5cuXdrFxYXDwGBIAVHDf//9909sM9Q/Z4fOTpcuXcyYMcOFC0f958+fHw1x8+ZNubKqNrU97969I+Vds2YN6o3DADc3N7JwUhScu9rop4CwQXgmTojNk3dS4Q8fPqQ51BYOhcPgCJFxcv2DhkDANWvWbPfu3V++fFEbhWSwanwOuQEGLz7H09OT+IUfUFvYC6paHlzq378/pk4kDR8+PB1w6NChb968sb892FY9UO+XLl1q3bo1OT2VTlKIXqbEOa3q8+fPR44cQUtKSEA7t2nTBrFJudpCx0FgME+fPl22bBkpFz6UbkzKhYe6cOECreMQN4pt89P05H79+iVIkAC/SWcOGzZspkyZ0BCkyGq7nwXOaP369YQuiWH0jrp1627ZsoVQ7cAwxk/TCt7e3oQuBA0HxuG1bNnyzp07P0G3Jb86ffq01DlxAnnUpUsXGUmntnAaaAg66YEDB5ImTSrenr6Anr53717IFXOY0IkTJ8gqqX/OCANr3LjxX3/95djeTVX/Y3gUYPDgwZgE9YznKViwIJ2R5EptZBdsqB6ePXt2+PDh8uXLk83ja+rUqXPw4EG1zokhII0ePdo4DiN+/PhkM07YXX8d8KGbN2/28PCQ8JwmTRrCw5MnT9RqJ4BY1adPn5w5c3KE2AxHOGbMmNu3b6vVIR8y3VGjRrm6unJ2sWLFKlWqFEm/Wucc4E83btxYpkyZFClS0Aoc6vjx40+dOhVCNQQR18vLa+TIkYgG6py8q2nTpsePH1ernRiOfP78+STEMvyc8EZfIBao1SEH3A4ngnST+i9XrhxeSK1zGi5evNiwYUMUG+KGCm/SpMmZM2fslpzbSj08evSobdu22bJlE3czYsSIkHUV69atW7///jtHzvEjIIYMGcIZqXU6dsTX1xfjyZgxIw2RLFmyjh077t69+82bN2q1M0G/JRsQm4fKlSujKtS6EMvz588RCkh/zoickjxsypQpPj4+arWT8erVq61bt5KxJEiQgAPOkSPH8uXLQ5bnAdLK1atXywRZKKHs2bNPmDDh6dOnanVI4Nq1a926dSNl5xSiR4/eqFEjsjK1LiRw7Nixrl27Iho4/kyZMs2aNevBgwdqnZPx8uXLTZs2ycPkkDdv3okTJyKm1WpbYhP1QKaCUg5nmNeFkyEnePfunVoXcuCYN2zYwPFzFpxL9erVvb291Todu3Dp0qVWrVq5GCb8SJ48+f79+xETap1T8vXrV/wOGUCMGDF+++03MrBJkyY9fvxYrQ5pvHjxolevXqSPnEu8ePHwSrSI82fziDZ8TqJEiTAbpH+FChWuX7+u1jk9+P1x48YZh53iSMkvQ+LF/9evX69btw7FLyeCBpJH9J2fVatWZc2aFZuPGjVq/fr15eFttc5ZId2dM2eOTKPCYQ8YMECtsCUaq4d///334MGDiLWwBmrXrk3EDbmX/Tlyjp/TCW+YdyV9+vReXl4OvMv760CIIuVNkSIFVkTl40Nv3rwZImqeg0R3Dho0KHbs2DggmWYKSRHizObu3bv0X7H8UqVK0a8de7vXLHD3xKoaNWpgP6FChcqcOfOOHTuc/yLEuXPnatWqhc1gOWnTpsXbhMS8ywj+88aNGw0bNsSKOKPUqVOTjzmz+iSP//PPP1E8HG3cuHHnzZv39u3bkBK/MO/du3fnzp0bg6fCy5Yti2i2qdvRWD3g4uUJ+0iRIrVo0eLnCLRYz/jx4+WdPZ6enkePHnXOK+c/DXjM0aNHG28bzZ49OyQa0tmzZ5Gbcvc3VapUdGy1wumh/s+fPy93fKNHj46GsP/wck3w8fEZOHCgnEi8ePFIzp4/f67WOR+PHz9u3rx5uHDhIkSIULx48b1796oVIRw67/Tp08nmaQUkNb7Ubo9HmQXRd8yYMXLJKmXKlCdPnlQrQhS3b99G66N+6LlNmjS5ePGi7ZynlurhzJkz5IhUfdSoUTt16vQzhVjOpWfPnkbDmjt3rlqhozWkJkbpgMdZsGCBWhHSoNMiILp16yb34JERnMurV6/UamfF19d30qRJRFyyduoff/rixQu1LmRCKxQuXJgmIJts1qyZc6aSDx8+bNmypYuLS+jQodu3b2/PQcFIww0bNtDQRubPn3/gwAEvLy8N7/hcu3aN1ItWQED06NHDCa9ArF69WmZuyJ49+8GDB0Nu6nvnzp127dqJCy1Xrpztbhhpph4ePXpUuXLlUIbJzzt37uxUQ+I14fXr10uXLk1heDVXpkyZtm/frlboaAd2P2zYMJm3sWzZsriwkNuHhZcvXy5cuLBAgQJEhRgxYowcOdKZBcS7d++QDqTpGHmhQoWOHj0aQq86mIJcuHDhQq9evZBxYcKEmThxorONgKOSkQ4y6RPSwZ4DJLHGoUOHJk6cmJ82QtqKfMycOTMufc6cOdiw2toK6Mjnzp0jLZafGDt2rFrhHKxYsUKmGK5Tp87x48dD3EhbP3z48IEcTGZOK1my5K1bt9QKTdFGPSAd5Jobfn/z5s3On2BZBnp5x44daDpEEnnMiBEjQvRdSWfj7t27KAbUZ5QoUfr37//48WMbpYnsFu+wZs0aAokfFi9ezGFo+7uYzf379z08PAjJUaNGHTVqlHOGZI5z9uzZRA6OM3z48NSDWmF3/vnnHxpIoC0Etc5S6KpdunQhPGBdDRo0cB4BwalxPDIy4Pfff7fzsxVnzpwR1YJPQ1oJKF1DiP/v9XLYQ8WKFTVxdJwpAqJEiRKcKQp1w4YNzpAbcAzr1q1DOshAPWe+t2UWNNmYMWPIWGjZokWL2kJAaKAe3rx5M3/+fKyBDkDiYoFBvHjxgjYTnPwyKWeHEpcH3zE4VKozdICfgPfv33fu3Bm3gnPv27ev9dEiMJ49e4azTpIkiXhJ/+BEOADNJ0JFUnt6erJzfqJJkybOpjs533nz5nFsVIvMPOMow8bNZcyYkVRERgB06NCho4GDBw9eM3D79m0q04LDQ5S0a9eOcIg/bdiwoY+Pj8M7L4qtadOm1DnO0/7SgUaX4QjRokVbsGABCesnA+fPn5d3VXBgQK8sXbr0vXv3EHPqm5ZChV+/fr1AgQLskzRs7NixjlXS+Jlt27bhDaj/mjVrWn+CTgVnR46UMmVKart8+fKaz0BjrXqgugcMGODm5oap1ahRwwKfe+zYsVq1alX9Bk24fv16JCo45+AaMbjUqVNzyujohw8fqhU6lkJDI5Njx46NZ+/fv79Nfbq8ZkWIEydOhu+RoS3g5eWlvqAdd+7cqVSpEhGR6DV69Gg7TwwXNHPmzIkYMSIBmzhB11OldofkATciTRAY2Em/fv0sG1ZF5502bZqMRGncuLFjJ67A7FevXs3BYA9ly5a1/93eM2fO8NNURe/evU2dLeUkSBhqhQoVsFgZ+UsQWrFihSaPTN+4ccPDw+O/tvzf/yZOnOjAMRBXr17Nly8fh1GuXDlNbtA4Id7e3jEN/PHHH9o+uWatepg/f75IB+zs1KlTFhwZ3QZlZDAkReTIkRGn0L59+z59+qxdu9bZ2hV5TqImPqhFixb6RFLWgM2IdKAye/ToYdNH2/mtxYsXG6zsv1nwZs+eTUZrCsZWpEgR1hKf1Hc05cKFC7jjsGHD0pnnzp3rJIZ99OjRVKlShQ4dumjRoo6d1GTmzJkELeofHdm8efNhBnr16lWlSpVixYoVKlTI0HT/Y8HiWTTeGcZ2yJ3+Ro0aOeoWBj5k5cqV8n4jZKtDHsmpXLkyv+7u7r5nzx5VZBBwtWvXxhgwiWvXrqG26ZUybQOV1rdvX02Gw9MRZIKjdOnSOerpBrRj9erVOYasWbPu2rXL+Sd1sAzE2cCBAzlNINoi3dQKq7FKPSBk5L2CefPmPX36tCo1h3v37qVNm5Y9RI0aNXPmzPw1nOP/B2kcP3589o9WhapVqx45ckR92aGgwbt16ybpWqdOnVSpjvkMHz48huF1fGS9tp6ckdSTxhLTQqQiF9SK//u/9evX49Fu3bpFFsJanBp5iVqnKbdv3/b09MQ7oz6HDBni8EeTTpw4gVIPEyZMnjx5bHTKwYeIIrlEzpw5jTqGQEuMp2mIZDNmzIgXL56LiwvOR9ZaAHVOFIwUKRJKZfTo0arUvuD68ufPz5niQh0yBTV6JVasWHiw3r17m14z9vLyQs3QCjVq1JASfN2+ffuSJ0/O0VLzbdq0sT5/pSeePXu2RIkS7JPgbf+JpKj/ihUrEl8IOmQvDrz+YQdev36NgCBjobZxs6rUaixXDxgcwo3aT5IkyYYNG7AGtcIctm3bhjgIHz58165dOUOUgeSglBiutcQkrmDfgLelnJ9LmTLlunXrLPs5bXn//j0Ol6NydXWdN2/ezypdbQeNeO7cuRQpUtCs+JErV65oeFUtQGgjcdlClChRcKACbjFatGikvGEN74vHexLjbWRmr169IsvHpLHz7du32/qsg+DRo0cocuqfUIo/VaUOYubMmfR36p9qIc0NcMKDL1++9OnThwY6f/68KrKIDx8+oB1pcXxLkyZN7DwGAtch70hEvhCY7W8AeO8qVapg5EjYLVu2qFLDxTnCDAeGHza9SUE5qrdBgwZyzJo8ss4+2Y/MZErqaGWDmgV6tG3btnIumJMFN9y15d27dyjjWbNmDTAwffp0zS/BcsojR47Ev2HwNLEmIzwsVA/89p9//knfo6svXLhQlZoP38Vxc0o7d+6UkoQJE9KoJIjYFrx9+xYLgzp16hgnPUW1OMnsvxcvXsTuOaQsWbLo01CaC7k+zYo1u7u7W5NKBh/sNpxhAnUjBCrkrylx48YlEWcVKdH9+/fVN7UGA5Yrt6hh6kGV2hdEDCk4x0AHXLx4sWPlLz29efPmHExrAyxMmTIlQB83ceJEtE6tWrWs724dOnRANfJb7dq1s9tFIEIF4QHFRnY0YsQIhwwbnDZtGt4bT9u7d29VZACzrFmzJhVCXqeKTNi6das8m7Bo0SJVZDVIRnnoo0aNGvZ5mRZ2vmDBAklTixUr5kCnjT47efIk8rF27dpIKOCQAPMm0quNNGXYsGE0Ol5uxYoV1gsIC9UDKaO8DShfvnzWPNnVpk0bdoL+lY9PnjxBisaLF2/9+vVSYsqOHTvYGFNDuKCkVKmjOXHihNx8QZg7/Cp0CIKeg+on+48fP741AtQs/KgHrJfuhF2Zsnz58oIFC+LcCxQooL5mGw4fPiyWU6ZMGYcMnZk8eTKnSfjs3Lmzw591ouZxatQGIWTVqlXENg8PjwAHEu7fvz99+vTIPuvlzvv377t3785vIRk3bNigSm0M0gGzJ0L07NnTIQ+309ZNmjShqsm8/dwrPHbsGPqAyOpfN5MNk7Ny2GRx2j7N27JlSw4matSo7N8OLvTBgwfy5mdizZUrV1SpfaECUTBoVhk8JyRKlEju4UK1atVs4ROQSlWqVGH/yCbrB0BYoh5o4Pr163MECRMmRDepUvOR4Tnsp3HjxlKCtiUNypgxY4DD0deuXcvGOA7chypyAj5//jx37tw4ceJw5BiEKtUJEvw+AlHG286ePdtu96H8qAcyb7Xie8aNG4djtbV6wB1j0oRMkjn7D53x8fGRBAA/ovmjXOZCMjB8+HAOhtpAVl6+fDlXrlwE9W7duq1evXrNN7AZop2oB9pRk1Ea+PGyZcvy0xkyZLh27ZoqtRkXL17MkycPWaanp6ejbhUdPHhQnjmnDhFqUrd4Y/JRFBvlzZs39x/Fjx49Kld/UR7a5usPHz5s1qwZeyaRsPV1ODwPvRv1xs9NmzbNIXfADx06VK5cuZiGUQgCtoeS2LlzJxIWf4h5pEqVateuXeoLmoIF5s6dm5xh8ODBVt6ysUQ9EOMR/mQtaGfT53zM5dSpUzJuYMSIEVKyZMkSFChOTT76gc3YOGfOnKT7qsg5QMzKpSfklPWXg34F3r59W7hwYWrMzo+8+lEP/fv3Vyu+Z/78+eRYBQsWVJ9tBtJz/PjxKBW8OcZvt4uoSIeaNWuGCROG1Ofw4cOq1HE8e/ZMHtSsW7cuLsXb21uGY1MzMipFICdGXpCi0Yj4Hxyu9TVGOJkxYwZ7Dm2YItqm4YSjXbhwYdy4cTmvHTt2qFL78u7dO8n1gQ6oajZWrOTJkxvjGTLCf8Vu3LiRVVT72bNnVZF2nDlzRqRJ6dKlOUJVagPQpqR5nDgayP7X27DzP/74I168eFSjoab/V7RoUS8vL3SkcZQJEb1WrVr0TWSElGgLFr5p0yZCFaHWyhmTzVYP9G0Zd4Y+tfI2FYkXHYmGNPqvLl264BcCUw89evTgd1u1amU3Jxt8/v7773Tp0uGAGjVq5Dx3VZyWlStX0n/c3d2tuXZlAX7UQ2CjZ1APJL5Yo/psS+jMZB4cTI4cOewji/lFHBPxkiaYN2+eM/Qm/Hi9evWoBHw6HmbLli24BUMT/TfIX8U3A+QtUg4oCU0iGRWChoscOTL7J7rbKAGgnvfv3y9Pig4cONCmMiUISD0ldJkOGSaQGOMZdOrUyY9vJ7ylTZs2bNiwKA9b3Fwgnejbty+iinYvW7asjYYxslt2zpkSs9ErqtRefPjwoV+/flLPCDU8DAseHh7+Jx05fvw4Zl+sWDEbjbt6/vw57Ui0ihEjhjX5v9nqYdmyZXRgXM/ixYtVkaVMmzaN6sNc5N4bRunp6UnlkhXJBn6QV5i0bt1afXYy2rRpQ+8KbKy4jpGbN2/mzJmT5N7+D8v5UQ+BTe1HJ8efzpkzR322MYgGSfvQxzZNvAS8ldz3TZ8+vfVDB7RiwYIFHFLhwoVplLZt2/7XPP/7Hw5u5MiRcmkdEJ29evVCZ3D8ESNGxPeh89T3rUYGsebOndtGM17QsjIaFNFju9G4P0Rue6dIkWLMmDGqWtesmTJliukNeOjQocPBgweNd5Dlui+VY4sLDwJuoXr16rhQmvXAgQOqVFOQhmgmV1dXDEkV2ZFXr17JiNRkyZJh7ZMmTYofPz4fp0+f7qcbktXIpbhVq1bZSNwjZFOmTEkoX758uSoyH/PUAx27ePHiNHCdOnWsnylP1APUrVuXdp0xY0aqVKnYObWptvge1ANtP2HCBPXZybhw4ULWrFkJTnQ842UoHT8ge1u0aEErZ8yY0T7PWZgSTPVAaoL2D3DYuS349OkTeoXjIQtctGiRTS8G4KeIFpL3BHiB2lEYR03iCuSuPNBYAV4JIDOuVasWVqTheJEjR44g/Wl3IqXmz8vByZMn48SJw0kNHTrUUY8I/v3336guhPvgwYNNk046QqZMmdBqRYoUoXtynCR17u7uAwYMuHv3Lt9Knjw53xoyZIg1qeoPIecmstLoyEdb3FYoV64c2WmpUqXsf88C3r59+/vvv2MAxDtSZWxYhg+iIfzYGw5h/PjxBDtUsu2uZPfs2RP1QMZu8T0E89QDigkHRwcj0qsiS8EKSSP+8xCGe2mxY8fGZeAOIAj14ObmtnnzZvXZ+cD1S6/TLz8EhpeXV+rUqWllfKgqsiN+1AP6Va0wQW4KRo8e3Z4SkGS0QoUKHBKd2UZXzoWXL1/KtD9k+U41R6rxiU1JyIQwYcIENm321q1b8Ru4V60meEZXycjNHDly2GL4ZIMGDdh5lixZHDhsi+rCQSHc/Uzut2fPnkSJEoljJ0XmCOWd5pEjRy5btizCgm/x1w5X+9ErNDodUPNHYLZv3440wfOMGTNGFdmXr1+/LlmyhFrNkycP8gV7mzdvHvGUuvV/If/AgQMZMmSIGjWq7eTa48ePCbuIwi5dulgmIMxQDzi11q1bc6o0rfXXrx4+fChDnbEV5DCyl2WB80mTJk3Lli1JyGhydDF1PX/+fKoyVapUDp8OLwhQlFgGTq1Dhw7WX5v5+aD/9O/fn/pJkCCBQ9IvP+ohQoQIMfyB+WHkCH97TqD777//rly5ksCJdxs3bpwqtQEVK1bkxEmyt23b5jwXHoTu3btT8xxezJgx+/TpU7BgQT4aH8jyw7t378icsmbNSmasiqzm+vXr6dOnxz4nTJigrYY7evQoFoWvGzRokEPuFtH1kMUYGJVG3ZqOuuBM27dvz1lXrVrVmOnicgsVKoRbppxW4Ft9bfnuOiNk4RJQixYtquEElETHZs2asVsPDw9bXFgKJpcuXeIAqNUePXrw8bPhHWkcFXFNrAKvyKGeP3++XLlyEhNr165tO1dJCsdPWPwgghnqgXxaZmWfPHmyKrIC6lHutNWpUwfBSx2R7fExQOLFi4d0YCGwAZVOAr1r+fLliCEOdfPmzc7mnR3OrVu3yH5IaGx0X/OH3L59m/BssKkfgIYgu1Vfsxck37iMJEmS2OJ1uoIMsEC42/+20Q+ZO3cukYPDy5UrF9lFu3btCLfp0qVTq7+HmFeiRIkUKVJoeIOJuDLQ8EaAlClTajs0oV69eoThfPnyOeqlelh+mTJlODU3NzdV9I19+/a5u7sTw44dO6aKDPj4+BQvXpyvABuoUtszadIk+dFZs2ZppeG8vb2zZMnCPtm5KnIQYmD4QIkOU6ZMiWaY4nbhwoVeXl69evWS8GGEtdYMTQga0l2JwiNGjLDgFsn/H2f7Q0j6r1y5gvEZTcoa6Kj0Tzp/v379WrRoMWDAgEyZMlGO6+zZsydauHTp0iQfCQ0jJR89euTr64t9IyMM33ZScBA4vowZM7KMekBMSLkOoKDXrl178ODBPHnyyASd9mfjxo10WvXBML0d3dUPuHhWkWyVKlVKNrMbaOg4ceI8ePBg/PjxqkhTzp49S4qDP0LDyQNyTgWODNFGJ8It0NNbtmzp6ur6+vXr9evXYzbw999/q00No61JZm7cuHHx4kVVZDURIkQoUqQIkfL69evDhg1TpVaDUCN6oQvz5s3rKA924cIFWp8FuUFm5N27d1u2bCHLJ7jKsz9GaA55iRTIEzH2oW7duvKmOtLUly9fSqE1EBf/+uuv06dPo0Rr1aqlSh1E4sSJY8SIQWjgePiYKFEirO7Vq1etWrVC02N1REbK48ePT/hzcXHh4Mm0DV/VHn6aaMvCggULCMdSaAZKRfwITokAz/bYkyYXUk6dOsXekMPyjjt0ibxAb/Xq1Xx8//49Hfj8+fO7du0aN24cq+S6H5Vr+Lbz8uLFi8aNG3MiqVKlcsjFeaeFVEbefz1z5kxtLwsHn4kTJ8r1QECnYmNqhQkICNbSwx1y6YiEm7hYoEABXIYq0o6GDRty+jlz5nSqEQ9G8KcIAjyacWQ0MoIDxuGmN4DorPkNlB9djJZq0KCBxcO+/IOjmzp1qjxQp9UVMrm9zQ4dNc0dwUnmeMC0/MwMhm6QgSYkuP5vTMyYMYNVyZMnt+fEVhyG8UW4mgwgw9oxIfaGHHGU5zHy5MkTejcSuUSJEkQ3kn4/F92Rd8OHD9+5cyfhb+zYsWHDhi1WrJjt3t5+9epVuSrDb5l7Ty246gH5LL+xe/du670qTdi1a1f2Vq5cObmUhxHLbU7/Zvr582eSD/wI9UjgUaXOCqa/bNkyP/NY6GAzMlVonjx5NLydaS6m6oEsJMBXDBA8kKqOUg+4S1RyuHDh/vzzT20PgNydTsSJFy1aVBU5GfR0snM6TsWKFelHmzdvlhsZgLel4YC1UmIkUqRIGg59ANLx3Llz84uVK1e2vgnw+yTT7M3T09N24+eDhgxNBplRexgYhyFQ4Sgbyhs1avT8+XO19Tc4crn2MHr0aDsH3UOHDslVZ0Kpf01jLnJ3P0GCBOxWFTkUopiLiwvdXGYoxjY4PKhSpcrJkyeRwsa0kywaX+Tm5rZkyRIp0Ry57MGv4/HMHaEZrDsXbIdiPXPmTOTIkVHl/juwuWAQ27dvZ6FUqVJyKY8skKbNli0bmYdhk/8PooH65Su4VJme3ZnhUD08PIiRVJoM4dYRNm3axN/YsWPTc6TEsfiZIcfI/fv337x5oz7Ynfz589PFRDHT6VSp1ZBVHD9+nHhA5RtnU3A26OkyLOPcuXPbtm2bPXs2IY2P+ASk3rhx4whjCIt030idOjW+FZdHSkN4M+xDA5AjTZs25WDkneCq1FLYA6eDCiE7Mh2xazfwnEuXLt26dSvLOKXixYtjAwKnaZwimgT90qVLJG9Pnz719fXlgE+cOLF69WpahCyZUGfYmZ1Inz59mTJlEIs7duzw8vJSpZZCO/LX3d3dSW58U+dJkyalS1LVBO9o0aKJ2XO+NASKOfy3KdEiRoy4aNEiEmy8AQ0khdrCr2fNmpUu9vr1axIMVRpM/pMQPwJfJiKUFtVkMBHqXiTIlClTpERCS+3atQN8VKF3796sTZIkiUPSQQvo2rUr/Q21+/LlS1X0a0NXoUsgtK1/1tcaTK89BPZSdcfeueBHp06dygGQl6CwrU+8BIRIecMMUagTVeSUzJkzB0fGuVeqVEnGcwEqwfgOXlMIch06dGADPAOCT5Vqwf79+9EQpL8bN25URRaBpkH0cISEh7Vr16pS++Lt7S3P6FKfmTNnNs6l4R9cVvbs2an5du3aTZ8+XUbGOGr2muXLlxNK6a2dO3dWRRZBh6IpcT74ZG2NxBrkQiygk1DJmD2+Ed0wf/58P5d50HOyasOGDVp5Az+cPXs2X758ROQ//vhDFQWPYF174KAPHTrEQtq0aeXZB3uC1JCxM0WKFLH+sod9yJgxI5oOYxVVpEMCQTfGHZABqCJHE3Q6VaBAAYcYGz9aunTpuHHjkpdomFIj+m/cuMECeaSUOCe5cuWiXTh3ki2OOXHixIkSJfLx8bl586bawoQohul0SOPu3LkT4AYWU6hQIQ8Pj2fPnm3btu3x48eq1HzYA7qHBUQbzSqFdqZ///5UDkqoW7du06ZNQ0CPHTu2T58+efPm9dMFENMnT56k5idPntyqVStJ2clHDYOJe/31DXl7k3zFdhDPED2EHn4Re1Cl5nPkyBF2Qodih5ENrwJ3BkqVKpXH8I4n5FrlypVr1arVrFmz58+fL1iw4O3bt7KNgJGXK1eOVXv27Pn06ZMq1RRkIh2NNqVlzbrCESz1sGrVKtkpP6NJAxiHSSOs3hvYYXj7tgxukFVG6L1Xr15lwckfuDAFp8bRYgfLli17+PChKv2FWbFiBX0YRy+jZ5yBhQsXzpo1C9VvCl6VctZmzZpVNrM/Li4u8vZLXAldQwqthAAs6qFatWpS4pxkyJDBdFT81KlTixUrRiUEdi+JECh6CKUlJVqBAXz8+BFPJXdPLIPv7t27l4WmTZs65LYFuuHYsWMsFCxYkGOgumrWrEk2L9NpkNknSJAAH3X48GHyziZNmmAeftyst7c3YmLUqFHNv8F+KlSoIPmk7UA11qhRg77w+vVreVrEMuS2UerUqYsWLaqKnABqXh7NO3PmjK+vb6RIkcqUKePm5nb06FGsTrYRUA/y8NfSpUv9CAutIKaXLFkyRowY6MUTJ06o0uBguALxA4YOHUpKZP11PCODBg2SXw8fPjzm2LFjRxENAY77vXTpErIRmWz9+8jtCVoylCNeBOWE4ILRhREiRAjsnZb2gdRKngoW6MCYnx+M4rVnz57qa3YHZ7d48WI5Ek1mViUDrlq1KnurU6fOO9u/R8NK+vbta2iB/56n5cjJmFnGu929e1dt8T1sgHciCmo7so+ax+cAXpsWUaVmIk+WpUqVytYvng4MVAJWjSDwY0iIrbRp09IFWrZsKS6XvJa4hXl0796dYyZo4aUHDx6MViBpdHV1jRUrlrF3UOFkArjrAO/9aQWBX+bMbteunSoyH1J89kB+rz47DV5eXghKYoS8KPzJkycNGzakbnv37i0bULevXr3C7OVeKthu7OSVK1fSpElDRdHpgt+mwbr2IPEvd+7cSFdVZB0zZ86UBUyW/G/8+PFyhXbGjBlYOXr5/v37cpWGfsvH69ev58iRI5phcv6QAvKczkm9cQqq6Ffl6tWroq9z5cqlihzB6dOnX7x4oT4Y7sd9/vw5atSoBB4jZDzyANWePXs4ZtnSztCHUTl0N5Z37dolhdZA4n78+HEWCAABDhR1QtCatWvX5oCJXiSgBJLArgEQBUmbOEfT2SCsp0CBAjQBnnTdunWkv6rUHDCwAwcOsIDZBzHawHa8fPmSXBbX6uHhIc9cCJT89ddfZGVUL5mbmASRDJ1BB5HZBcgYUR4we/ZsPPDjx4/Jko07wa3dvn27S5cuCxcupFwKNSdDhgzUG7/FUVnWGVGfGAa2RPhQRU4DCVX58uWJDoQ/jhOdlC1bNpzktm3bvL29ybhWrFhRsWLFJEmSGKceQerZyCmlTp0agY4lIFauXbumSn/Ej12JTDOCbfEDsWPHVqVawA4bNGhQvHhxo0fbu3dvlSpV8Bdt2rTBcBG/AwcOHDdunIwVDymOT6Cnkbjg8u7cuaOKflXoGzgsMjDH9mE6hp+rgoULF6br4h9NGTNmDHnV+fPnbX1tNgiwdtHK5Ih4Tym0GIQ4584CEdEh188tgLAhMo4kOGvWrA8ePJgyZQoOARYsWLDfBLoYHQ0heOTIEfmuJkSMGLFSpUos4Mf9mE0wITCQd7GQM2dObT1nMNm4cSNxiBYfNWqUKjKAR5LbGbhfmT7YCHmaDLwnbqFipVCgQsQm8+XL17ZtW5QHOV6TJk3q1atHymeZwPohcrvhpAEpMQsEJcoD9SBa3KmgMkuVKuXm5kZyhUlTkjlz5vjx45PkoJtpmlatWmHepKDoY1ZR/2hZ0aO2gHBMi9OOZgz0wTcFzbJlyzhPrH/p0qWqyGoSJkxIi/bo0QNZcPnyZbkDFDTkiF27dt2xY4fahdOD75Dz6tevnyr6VenQoQP+vVevXuqzg1i7dq0fJ963b1+17nvQrPRVhKyj5hUmXMnTBHQ9Mj9Vail0MXYVN25cB76fKZhwsjLihCRs/fr1lOAiJIoboRHVI5sGEidOHNbwUDe+GMcn+9EEGYwFljUBjSj2hkJVRXYE05UxLliy6e1gdPzcuXOp3kSJEvm5n/LhwweZeZDo9erVK1X6DSIZ+TFrZ86cSUJPXJBLidR8smTJRo8eTVqsNtWOM2fOENI4hXnz5qkic9i0aRPhmZDs/3ScAYSvtBGZ1YoVK8iZ/QwrTJEixdChQ5HFx48fr169OkKwZs2a6stag4gJHz58ggQJVq1apYp+RHCzeby/VgNWcQoYH2oA48MckTwxDXNIkBh16dLFw8PDeHfNFExz8uTJderUqVChwurVq1GUcntGrXZKOBf+on81fHA/xEEb0Xb4L3mm2YGg4v2kU0h+PCZe3ojM73bp0iWsi8Rxy5YtDrExunHTpk3JOUipDx8+rEotguOXOXHZm8Ob4IeQWsmV8/fv369bt+7ly5d79+4litNw1AkpB2BOeDrhypUr9+7dIyIi1m/dukWJ7EcT+FE/BmMW1DzH7+rqSgBTRXbk7NmzmzdvZoEs1vQsMHgMG1MfNGiQnwsPBLNJkyahxpo1a+bn2bq3b98uXLjw6dOnyDVUGrGAYLZx48YRI0YgRPBv7G3WrFmaPxSQMmVK/nLMlg0fxnhQn+gbuWriDGAVmCsRED9D7cnImBs3brRs2RJVZxwXiYam+egOnTt3zpMnT44cOcqWLYt6QEns2bNHttGW5MmTE+UfPXpEn1JFP4STCRq59pAwYUKtRv/JW/6MO6TbY4v0MRmdRM3KZZzAoCdgDUSCdu3abdiwgWwj+KM87AnnIgO+kiRJou1ceCEL8rbixYvTapZlDxpCi+TPn99PPMCQTMG02MC4DX346NGj6vt2p3DhwhxSixYt1GeLQLc1N7z5ukyZMv4ncnUqcKmmV5hJywhXqCiWc+bMefnyZXo6HDt2jERCGDhwYPr06dkAbUEAo4nVvrQAzy6TYZP5qSJzIObRfJiQ/bs/NWl8M0WjRo0uXLiAn0TKYAxz5szBvEuUKIHSUlt/Q2azxt7IzVTRN9AifIvo5WfgPBVOeJY7kvSdwEa2WgyiAXXCztu2bRvgVEBBI7Mo0ojqs0OhrmiFv/76C8NGBIur4fAEDJiYiDiLGzcuH9F8fs6Xr4upo+2oFlWqHewfpcL+BwwYoIp+RHCvPcSOHVve+G49/Cp/48SJIztE6WDThNjs2bNTm8gf48ta0BlUIt3P9CEivs558hV8R926dbH4KVOmINPk8qxTgSnwF22EZUjJLwjqgaBFV6ldu7YqchBYFx0Dhy4fScQ5KgzJFEzL0C/U9QZvb28zlLgN4JCsPADOSO6+Y42xvk387JysWrXq2rVrOFY6fpQoUchot2/fzsEnSJCgR48eJMr/6TvDezqIJQIphNzpoJAwaeqOrYeURqYnmThxotEkgs/Fixct+JZWGH96/vz5efPmRUF279592rRpo0ePZhWV6eeKyLNnzxYvXoxbLlKkSIwYMVTpN+TNI6xKmzatKjJAhdNeqVOnZhlLk0INobkLFizIAsbw7t07KQwmnBGw4PBnNRFVeBJyXaJVyZIlV69e/fHjR3E1rCW2li1btmvXrsuXL0cZT58+ncJNmzbJdMxGqOohQ4awgBi1bBTID5Hu8/Dhw2COzXTMOERsIp/hTYawf/9+8gkEl5ggFUqwYQGdNWbMmFmzZmHxHTp0oCcbNv+Ot2/frl+//vfff0cvt2nThgXqlxIiltrCcdASYrWvXr0iC5HCXxBRD+qDo/Hw8EiaNCkLGBs2E9HwMlx8ZZUqVTA2XKSRcePGyVOOO3bsIBX778shEzqU3DgjMMj5Oieky4cOHaKq8aTUP/7hxIkTuFSMp1KlSp6enmq77yGrlifUhw4dKu9g0xDcujilW4YXpkth8NmzZ48F39IE0hWs1/iIE8Fg48aN+FLElmRZN27cIDjJMDLZZtmyZcQz6rlcuXJSYoRt0HCRIkUqX7683EowBYH74MEDFrJly6a5geFFpcNaAGYvli+TZjqE169fowaQua1btyZCEZsojB8/fqtWrXr37i3jSAoVKsQ2RK78+fO7uLiULl26Zs2aL1++PHz4MJ3CsBsFyoN+wUmhHj5//qxKNYKq5khYIF0J5vRc9lYP2BnRlIUwgcz0hy3KsFLOhN4bLly43LlzV65cOUmSJLKB6CM/kEfu3buXFAEnQiNh5XkM1KlTZ+rUqXQbU/766y/6g6C+b0vu378vp/xrgsKz7J6lLQgVKhQ9mYVHjx4ZJR2Z2eDBgzt16oRINYIS7du3L/53zZo11kx1Zz14EExIffh5IdaKb6ULJ0iQQCLf48ePo0SJglcNcNAVCdzBgweRp4gMOrsq1Q5isDVT66Js+Iv+kAvO9iRs2LD4QAQBhh1g1VHbKImmhvmjGjZs2K9fP3krGzXP9n4cI+3i4+OTKlUqeXG2H+hH8gQHPcv/RYtfFurw+PHjJJA9e/bcvHnz0aNHnz9/zscpU6ag24YPH456IIFhSzJn04vrhLzOnTsnTJhw0aJFfvIusm5sCY9Ky9I1VKl2mE6HEywMMTQoZNxDlixZ1GfroOJEvSJUvxho3LgxlYLglQ2QVPIqrMmTJ8u1HUAZyHXLZs2aXb9+vU+fPilSpKCWDWfw320tubPrH6QcLoAtTYkQIQIuCQgSNO3SpUvJeFAt8lsaYnxWE1v55KDX6zkcvBI1QNvh61WRQ7l69aooVzysKFFy1i1btoixYQZoHQI2kDcMHDiQDYhetrjR+EPmzZtHMkfuJc9tWgYdSoYhjxw5UhU5H0+ePDGmvGRdlMhFWiDlxc+SdQjIPjagdcinSTPozu7u7ufPn5f9aM7ChQtdXV1pBX5OFQUbfBTHjzdTnx0BDnb//v0dO3ZEBtEHpUr9QLmxL1CfOMZatWqRgD58+JCq9vb2JmJROHfuXP9Okl4jc30WL17c/0AK68F6kfXsn8rkkFRp8CB4y4CMsWPHqiLbQ4VgnOitDBkyyIgNIAbRBFQmbuQfk1F669atix8/Pmufff+Keey8QoUKfBGpIXVO+GC3CGWZq5cwL9fDtEXmJsceAnytjH/srR6mT58u+pRamzVr1uzZs1G7eHPCv2yAkkUNUKFz5syREti0aVOyZMkolDHwQCMZn+Nyc3PDtgIcVYtYDs7FNBKdJUuWoGzOnTunYZwgZZSbi3Xr1qXtVekvhrOpBzqq9ExTatSoQU/eunUr1o63or0EuaceKlSoqVOnqu/bkRs3bmDVSZIkCWZnDhDnVw/0ZdNbvKdPn6bQqB78QD5QrFgxmqZ27doEPKIaW9puAs19+/alS5cO6yWZUUXBRi65O1Y9CPi0tWvXlixZEhcq1Rgc8Jz4T3Gh1PPixYvV7kwgQSJG0igW1E8wOXPmDPvneE6ePKmKgseuXbsIJRjJqVOnVJGNoTZQtA0aNJAKNIYklDGqV21kwuXLlz08PDjCtm3bqqJvIFsRfKlTp0YZI+DovNi8xDKy32HDhhEo1abaIeoBTC/PB4G91QP6CxUm73wzgv0RY2QDeRwlTZo0ctdQGD16NBVHVUqCKPzxxx9siaqYOXMmG/O3S5cu5cuXF4sPzhwSfsBHZM+evUOHDqtXr9ZkVuxXr17JpP00vK4enEQ9ANYiN8KQraIPfgga18/D8fYhVqxYP716ID+uUqWK1DMMGjToxYsX8qhF3rx5e/XqVa1aNenUxtuXRoiI92z5IAlSJmfOnBarB1L57t27q8+O5tq1a2ThgQ0CIM9p1KgRTpWsjKomRKkVBnC/qDS5LGRKixYtqBxSYWK8KtKa27dvy20pc9XDokWLED3EZjvMzv769WsUcOXKlY2Db0qUKEGqLPcmiFzXr19Xm37PmDFj5JFDEldVZODo0aPyspuCBQsa73yRxhDXevfubYvLPODs6gHo7fv376fby4EClULYXr58ua+vr3gNT09PY/ymUNoAmzaqBxZoKgqLFi1qvKKFHOP8LxnYsGGDCAg6Ay1EZjllyhS6R9WqVRMnTkx5ECRMmJDforPJbi1GVw/ghOoBi5JHuXCROPfMmTOzjJdBSdT0R/78+cnYCANWvinYMlAPaGsMWH02H/uoB6QVspu+Vr9+fTxGgJD++vj4qC+YwHdjx44tryHmOHPkyLF06dI4ceLgiHEUaAu+JZ364MGDdGSgUdiSbbR6805gEHhISCxQD4cOHeLwOKMAU3YHwoFRgTNmzGjevLnx0jrMmjXr6dOnnz59IoGmqjdv3jxt2rT48ePLWlw00q1evXryIIlw4sQJ8kCEBYLPdhH6wYMHMkP28OHDTS/7/xCsJUOGDLZWD1+/fsVKGzdunDJlStPBfBg8q4hiIgLofQEe/MOHDzk7BIRp93z27FmnTp1krlUjhQsXJkQeP37cdqEkBKgHIPbLFM4LFy4kVGOawK+0bNlShqFi2ca6JorLtEtdu3aVEmAPMWLEwDL69u2Lf1GlJmzZsoXYwG7pCTLmgM1QiMjn+/fvy700FxcXNqOfdOvWrXTp0nyUr7CKaMGxya4sxqgecIicryr9xXBC9QCkBdgbzd2/f3+5cUvPv3v3Lk3mB1zqsGHDOH66wJEjR9T37YUEVHPfu2/K+/fvUQ+EZxu9Ygd1MnPmzLhx44pGkY4cIHhDEly0ux/4Lh25ePHicnuePUjX5qzfvn2rfsYEPEO1atXYjGDGr6tS24CfId+wQD2sWrWK8yWnXG+YMdPZwBmioYkWJDa0WrFixfxfwsFPyqMutCz+kAqnjxQoUGDr1q3ERWqmS5cu1AznaNNbA0b1QHQwq7ll3IPt1AOVcObMGSqQTiq6AX/SzPByRJZR/MQdIk67du04hrx58wZ2T3zixInUMDHu+vXrp0+fHjVqVIIECdBkfIvd0iOQJl5eXkgK6lx9xzZQ1TKBmFOrByNUx7lz5xo1apQ0aVL0F/XFoUPt2rUfP34sA0bOnj2LfKNhTO2bLxLsMdwVK1aoIhM+fPjQr18/9oP1+BmQApcvX5ZnKY3TYrA34Odu3rxJqsEqRIz8ujUQe/RrD86pHo4ePUo/CW8YzSTXRTnCwOZBx9VKEobUMCv7sR4cEwcW2IzawWHChAm4MxKjYHoEc8GwjeNISE9xFEYyZ86cLFmymDFjmuZkARIvXrxdu3bhImWkIfDdAOdoov7JidknHjbAtEFbrl69mj9/fgvUA5EAqeS06kF48eIF2TmhiypVRSZ4e3vToPQR8qi9e/fiGOXxDUoICgcOHJCkbujQoeoLtsF69UACoIq0A9ujZakfY8yCkydPEm7QwSxXqVJFRtru3r0bV8Nmq1evlu/6AV8k41EwaRSn7JCYW6ZMmbFjx6LMiE1qUxvDwYteDKavcMx8D0aoKcx31qxZa9asIZYT1KlByrdt29amTZvly5dTs6h4ajBXrlym19kuXbpEnUo2o4pMwMjkRWFyRUEKjRDGaFcWpJmBwwCcLM4uZ86clHAklMha6yEGiCDVcRIwJ3wfHQDD+9vwbkbMCS8Z4EwhtJ04ShzBiRMn2FLK7QOexZrnBtOlS4clS1qjijTl7t27GzdulOXZs2fTVYk6As507dq148aNk/nfUqVKRQDwQ4kSJThBMq3kyZOTn8n0mmxcpEgR+ZYp1DwhYfHixYS9gQMHypY2hdD18uVL9cEckEGcF1qHFEIVOR9Lly69cOGCu7u7/1FiHDn1fOfOHcQTbQE0Li66WLFi9BryverVqyMp2NKCEWZ2RsbSacujR4+WLFlC/dC5jDNo4Shw9X369CHZIHLJTCSEEuQ1AnrixImymSnsgW4iLkWe7Ud20y9GjBhB63Tu3Dlr1qwaRqKg+fTp040bN9SHYBDckMZ+nzx5oj5oDTWbLVu2Ll26IIEnTZpUoEABKhG3Tl7YunXrKVOmsA2qwjSDoXI5JJRBgE8Yow+k5QgSEb4f/gOPHz+W+fv8z0PCKrINFpAR2raZ3SxAJ5jkyZMHizI+UY1PJDlAs7YLCHFAhw4dQsuiTeUr9uH9+/fkBOqD+RCPbapc58+fr5YMHcrUzonuuMIGhhc5cgw1a9ac7g+6fOzYsd+8eSPiJnHixKIJyB9kKklTKOnatevhw4dxqWRmTt6nSEw5r7Nnz6rPTgbCiLQNsyf800yq9BuiHlgg+MlsBK6uruKicct0AZlvAF9tzMGcE07QeDtfQ969eye9EtseNmyYDGzEP6ADMmfOXK5cOaSAVC/lVBFGTsaLUPjvywYIUjt37uzZs6cMiZBCclfUNv2iVatW0ez+bo6wYcMaR7oEC04vaOTOBTsN7LqutlD7t2/fJguUnEkdpb/XvslQlNKlS8uYBj9ISMDFBDgSeMOGDawtVaqU/yHEckGbtYsWLVJFVmC8c0E/tP4+SAjFOe9cAJ1fRhUAqZWfMUqBwVfsOYRFjtCacQ84ehmRYKNRkwkTJjRUzH8ENtAY3YAByHzP/ilfvnyUKFGwE5ZLlCgRHE2Ae8XhytdtijVPbJKpcy7O8MRmgIwdOzZSpEgxY8YM0NchCjl4smrTZ98E3KZMwwqIPDy2WmEbkF8SR8ePH29Wo8udC75IqqmKtOPhw4cyZCRu3LjEoKFDh8qyPEi5adMmdHCcOHFkkCmF1atXpxtWqVIFVUGC2qFDB8ITfUf6JlUNLDj2HjeeTW7ca3znAhPB+6sPtoRKRLNTiSdOnEC70QYRDQ+5kvNxYlj8o0eP8PuYER4HSRHu25xRpiAM+Us8ML3ZIXDOtCULtLT/27Fy7YEWJZyoIiugxpAv4cOHR7b/sncuaCDpIc4GgRlVJ50WU0HsS9br4uLi5uaWwB/4WdaKd/jv+/aCo5Lbok7IjBkz6IzYtlRdYFdl6Kr8nT17tnz0A5kZHZYgsXXrVrwtoWL495DyZs+eXYZS8kNNmzatXLmy/KLd8H8D9IfIV758+WLni1XBAZ23Zs0ajDlRokSmbyYTKB84cCDNWqxYMf+vN+K8xK+SZMuEClJuI6jA169fsyADUKQwOOB2xPNIONAWwkeGDBmIIL6+vt7e3uSiuXLlevLkidyeoGaIYsgsFA8fI0SIQDXiN0hcqTHWTpky5fTp00RrrLpr167EncGDB3N2K1aseOG4efFpSv8xMSj+kxBBItce4sWLZ+uHowLk/fv3o0aNypMnj7H34sRpNtojcuTIOC+13fd0796dLVu0aCHjVkyhRWUMDskEvVqVfkMuS+TLl48mVEVWcMcw1yR2Y/3DnyGXI0eOZMmShY4R4HwpjgWvhDyljSpVqtS3b18OEklBjh7gUH86Als2bNjQRkO4A4TjwQ057XwP8gYjciy5cjt16tQAM1E6AvVMIqs+f8/58+fd3d0bN24s71HzP3OO8Oeff6Ki+CHbTS3gH3LrlClTyggGVRRsRo8ejTsmxXTCV+wSvaJGjYphGOffM2XmzJmszZQp09GAXjCLwpNcyILrMRZgvNrPgioKNvJgNim++qwpx44dS5cuHXVIhOIjDgQ78fDwkKCDjEBjYfOnTp26cuVKx44dTaUPRlW9enUsxDgPBBIEicyq+fPnS4n9uX//vvhDza49YEOEavypjBWwMxEjRuzWrRuOe8yYMei7+PHjE9dxN6T1COQFCxbMnTt3jz8OHz5My6VJk0aSHlP4lszKnjRpUvGqRj59+iQ3KRHj/kdL6FgG0hOdR1ChXVSR04CRiNA0kjdvXjyO/0STBMh2434C4+HDh1+/flUfLIUAlsAwEtlG0IkqVKiA4GaZJqahpdwUXFKA1wgFXDD+98GDB5s3b3Zzc2vXrp1aYQK9fteuXfhfRIbZs/FbAU6PA1MfzIScx9Z5uWWQ8iILZOQ4Atr/qBo8JM6wYsWK5NOqyIRp06bRyrhi05tWNgL7P378OAsBOvMfIt9C+ckoDW1JnTq1p6cnNom4p0pLly4dN25cJM6mTZtYW8QwR+eNGzfq16/frFmzWbNmSV+Wy5x8XLlyZdeuXY0PGbE3+hFfIagRmKXQnvCjN2/evHv3rjwnpUqD5Mfqgb6NpEI9yFMMDoFIT40jdTFceSYCaAwvL68//vijtT8ox2LIG2bMmLH0e4YPHx7YS4/evHmzdetWFugzmlwrlgGYvzj0XnnQy2IvbDvChAmT2TBVlLz0lv6DbgjwAYf379+TQ7BQrFgxTWwjOBw5csT6i94EMHl13qNHj2xxCVfUiQxARj0QcsoHBEro3r17eFJyMumJu3fvvnDhgizT7+SNgmzgZyJagY2p/xo1agT2RhtbIE6Ppi9btqwFOkAeF0T3+A/PFkMjtmzZskWLFnPmzKH2VKk54Bi3GJBlAhhJMA1Ecrx8+fLbt2+j0vbv38+RI9TkK6bcuXOHYElyVatWLf83NTQHmUJSzgLJurgRs+AIY8eOTaopEkRbyIuqVatGvD99+jTJOqIW14HNjB07dvz48cOGDcOe6b8008GDB7EieZML32rUqJH/O+NkMpgZxo90M+vBBw2RV/knSZIkwGcRAuC/CxA/YvDgwRgTyogAoIocBOZOVzx06NCgQYPQDTVr1qTSQW6uG5FrRPwlGBC9TDHmQLFixTLczk5QqlQpub3as2dPvps7d27T+dQsBrvv3bs3P1S0aFHjvJm/ID4+Pqhy7Kd27dqqyJmQp86ApictWBjIFGHkFjJSjACpimwPCQq+KWPGjJcvX1ZF5oPI7tKlC0deokQJYoMq1QgEPYGEPdMfDbX4A0KFCkVvlZ6Ih8Kzy7KxV9IEZGPSH41w/O7u7ki9AKeqtB23bt1CLHJUnTt3pjur0mDz4cMHXBBMmjRJFVnHly9fEA3UAxBKqb18+fJhsSgzHKPa6EdgyZKA0RYGZxmWvdE9WSD4ubq60i6sQqP4P2VKli1bxmbEcj8zK9sIgq6IBqIPp6lKgw01ljVrVgwssH5tJYgDNAG1h3Mga5dURIycWmVZ8PT0XLx4Mcffo0cP6lkmklK7MIFG7NSpE8kJHSr4DaoVNK44irp16wZzhoxgqQeakBpJmzYtrlYVOQecMA7l5cuXixYtMjz/pWjYsKHx2kvcuHHd3NzoaYDuk8IgKF68+M2bN9UPWAHH1qZNG3bYr18/VfSr0rp1a+yH9BRDUkXOAccj99oFbGbVqlVq3ffQncgM6NikZarI9ojqSpUqVYC3n4MP4kNOUPODJ1tF38SPH18CEkebLVu27AEh/ZHAgxjiI5uhEuiYQHw1HN1/a1EP7EQ++kEGV6oftgtXrlyROzJ9+/b1H0p/COqBuMXXyURVkXVs3bqVfsQOqShcmVQUfwlOU6ZMIZzzi2rTwJEnY5FrWNfEiRPxlkOGDCGDwr3L0Qo0EDmPnx1SISRXHEP79u1VkY158uSJnKbFr6mTp/PKly+vPmuNcSxwwYIF5QkpgX4RL148ZATLzZo1k4F0R44cSZ06NdorsPC8Zs0aWoEvrlu3ThXZC6N6oK78TzwaIMFSDx8/fpSZW4YOHep/pKET8vr1a4kKeF7E8ubNm5cYoI8h/ShPkyZNkyZNWrVqhdcTcuTIIT2TkB/goDlzoTFImMjMRo8erYp+VWbMmIGzixMnzoEDB1SRc4CdGN9qAzjlwMbhHjt2jC5NbnHBju/KIgkgsspobWu4ffu23A7AN33V9Mlh8i1TRU5MIttT675n1qxZ9K9KlSqJGyW1IozRMUGe0qRLkqNPmzatXbt29EGBHor6Z8/p06ffsWOHtgf/Qw4dOiTxQMZzqNJgQ1XIxf+BAwcGmGuaS4MGDagowvzkyZOJpojyIkWKGEM+2VH//v0PHjwYtIvG77Fx/vz5/bzW/M6dO6NGjSK2yd74IUQeP/T48WPZgCjAj9IctLLdNDTdzUr1UK9ePQwPG6OzqyJNQWD5uQ2Bo+BH0WQogO7du9NBXF1dcX2Y0KNHj+Q5z8CuhZAMyzMBgwYNUkX2gs4lL58yTsH8Q4KlHujqw4cPZ7/FihXDX6hSJ8aoHvhr+tgF7YcYpANgi7Q69XXiG8ePH0eM8xVrZgU2Ze/evXSzJEmSbNiwQRX9qty6dYvo5eLiMm7cOFXkHLx8+VJ8Ex2exgoTJgwislevXh07dvxvHsRvtGjRQq5gFy1alHNRX7Y9cl/ZevVAd2jbti276tq1KzFAlWqE6S3SINQD4ZPqNaoHUypUqEAIlPke/EAgdHNzQ9VhOZoEYLNAr3BSHEAwUzE/4G12797NHjw8PKy/Z4SDQn+HDx++d+/eUoL7unTpEooB6zVU/38Qe+bMmRPY3DwcRtKkSemJAb7imYSYdIudkE2hUVjgFytXrkwgvHLlCr8lc7qXKVPGAi1lGaIe8KJbt25VRWYyffp0Mkb8z7Zt21SRplAVp06dwjNQMxxntWrV1q9fbww6Dx8+xOZZhfITVYcgo/45nsDq8Pfff2f7AgUKnD17VhXZBSQy/Zef1lg9gJeXF/vFdi14bMb+4C5lmiYknmm+snLlSiqILIderYq+QVt269aNr2h1o2HKlCm4S37LnnfKnZYaNWqQRiPJ1WfnQNRD5syZ6bHGW11YiPFauh/sqR6OHDmCK6fHWfOCTYEuINdX8+bN6/8ZZisxVQ8Y/NKlS9WK7yH248RJZ48dO0ZfM0KcI2nmTE3ngjOyYMECEsf06dPb84aRgAzC0XNSiJvnls4PRgDAwGhEK+89UVGDBw+OGDFi4sSJqUBVauDNmzdIKxkcIFJYnvJFjUkNq+0MIAWozyxZsgQ4amHs2LF8PUGCBMS/q1evjhw5UgbD8rspU6ZMnTo1XYOfIFiqL9ieCRMmcABoesSTKjITJBHHj2XaLpunf/n4+Hh7e6OxjJdqBFYRgxBhKAZpuPPnz+NwMAn/N0lpLLaXvJfOgi605606rJ1aSpYs2ebNm1XRj/jxMxeCq6srahQXgFPjDFWps0KPom2oCzqS3I8QxAvQlnQGVfQNTm3GjBl4MXmE3Ur++eefuXPn8hcj0B/+hPyGVyqfPn360KFDUmJr6Ir0PXSkKbiSuybIIzZ0bJQ+CS6eMVKkSPgafHH06NHx1Ebo7WxJU2JUht3bHJzRkydP0DGm91Ysgy5Aci8xTIZVa4jpzXI6V2DPF3AizZo1o87Hjx//hwmdOnWiV5IHc77SKEb27t3bq1cvWqdFixY0kNqRvfj48aPUVZ06dYI7BN0fcePGrVixIr7l77//tsZtoqImTZpE8lq1alUUmCo1gE0ePHgQU8d3jRgxomzZsrQCtUfdInZRjcYnjel9iAbqk1qV+TlM4SARKJgKtV2+fHn21qVLF7xoyZIl6RfXr19HT3AA5ND+naeNQMDJTLXZDEihuRACcD64YkK7hg+/mEKlIbnQZAgsAqUqNcCqDBkypEiRggaS6/fp0qVD21GTZAUclWyG/V+8eHHixIm0CykuJZw7Qvz27duygR3ARPGZdGfT0Rs/4D8JEQzI0uj8bO/p6en/kpezQabCoSJ3Tpw4oYoM0H7I5wAzYHIgVtEzNbledPLkSWQ7puNs2bajWLx4MXGXQLhmzRpVpBF0S8LMOn/gcNu3b1/ze/BBkp+Zki9fvm3btiVPnhzR0LFjx2UGTI+TTi5PW9n6dYKm9OjRg1+MGTOmn/TRMnCdxQ3vI8D7qyKNkJfZ4jflVfuoAbXie6hDmoMtzQVvq3ZhX2SoaezYsbdv366KzAdXKU+jUPkWDxl++/atzIHh5uaGBFGl37hw4UKuXLnIUpZ8ewM7rqxChQqo4f+qzzATGir50qVL+CI+Blafc+bMwQHSQ/3MH/XgwYOxY8eyiu+irS2+g2ABMu4EeUQWroosYvr06Rx8jhw57POciH/oI2h3OggJDB9lIikCBLKPj6dOnerduzcpyn+tZTA5eXYDRGEY9mFbHj58SBdG4jdq1EgVBYPgqgdACiFMcL7WPD9mH2QKoEKFCuE0VZEBhDnSO8Ah0H379iW80evUZ+ugvxGK6MCBXcj91SAZkqug2l4/RDrMmzcPr2roaxZCctC1a1c6LQmEn6FkAi4bVcGWdlMPBIzWrVvzi6VKldJEPbx586Zly5bskDTagiffgkDUA+nswIEDI0aMiGRXK77HqB44gNy5cxc2oWDBgv4lnYDDRUWpXdiXadOmcQA4BCvvVRGV5VwsnjD06NGjyZIlYw94Ff/GMH/+fEwX7Ws6OIN+QeDh4FnFF/FFRYoUwbxZbtOmjdrIhGvXrrm7uxM8atSoQaKoSr/Bj6YxvP0HIXLnzh1VanswKoIumbqXl5cqsognT57Qx6NHj05WYJ9g7AciZooUKaJFi7Z8+XI+Pnr0yNXVlVMrXbo0vcaY0rABWcqsWbNQFTJPV8WKFWW0hK3ZsGEDh4SdmPV0sRnqAfUq7yn+/fffVZGzIuqB/rDK8EZEKaQTYoiBRXS8GMKC/qk+W8GzZ89kbgB8n+a3mUMoOKCmTZtSJ9WqVdMwel29elXGCf8Qolrd70F2bNq0qVWrViQ3CH+yq5QpU6r9fg8ep0yZMuzEbuoBW5X8Q0P1+eeff2LhnKxMrKsVoh5kNr2YMWPigPCJ/kEG0fvYEg1x8eJFwpURGnHbtm0ktf45cuSI/2BmH2RGy27dun2ybrTmvn37JPTWr19fFZnDly9fpk6dytepPf/T7RCW5J6g/we78Hs+Pj4LFy4karKBQJQK8OLfli1b4sePT/QKcGghnRflQepIEq+KbM/p06ezZs3KMdMQVj4ER8YvgwlatGihyfN0FkB3DhUqFGe0Y8eOmzdvxokTx9AgCjom2QLagiyLXIVGX7duHe4IqW2fK/09e/bEASIgzJpV3Qz1wFlho3iHWLFiiYZyTujtoriR0vSH8uXLI10R43SbuHHj0g0CvIRIu2p1qeDYsWMyzZw9L3Q7P6T1YcKEIUnyM+zLGtinTKRYtGjR+/fv41794+npyQYELfJvUyQLIQ9o1KjRfz3YoDBkt344deoUWTUb2KdBcdaLFi3CesOGDauh0qILFChQALMsXry4/wvgFiO3ZmkFZIRx5GkQkPvK9VtnxtvbG4dOwLbmtoWABZJLUO24Zgve0IF9ysPkVK8fx4WdbNy4ETuhWxlfl+AH4pAIXyOJEiVasmQJxmC0AbYhIWQ/ZLosS6EpXbp04Sc4DKSeKrI9c+fOxY3TBSZMmKCKLIWKWrlyJXVILyYqq1L7wllQhxwDIYnzYkGag8LmzZuj85A1ptdF7t27J++gnxjIm2k15MSJEzlz5uS3qlevHqABBIYZ6gEOHTqUzvDi7GLFijltVi2P6EjbCBxw+vTpOXKWA1QP5Ddyact628ICFixYgH0g1S2+0/lTQsxo0KABTYCr0qpmSFByG94QGMRztjNmzGAD1ENg1wCnTZsWKVIk+nOADw0CugSLwvXYoSfDkydPxOMja7Q1oUGDBpFhIJKIjqrIap4a5n2PFy9etmzZwhvImDFjroBAOLJliRIl7Hn12zJkgJT/gVOWIQ4BEwrsBWBBIM/vpUmTxv/Ve3SbDGAkbUUNq1J/JE6cGGVAA2XJkiVp0qQ4Q8iePTsBlUyXDdauXStXrQPMO/GN8pY7y66dWAanI3fuIkSIoMnMvydPnpSLSdghYkKV2hG0mty6BTyJm5sb8pRlpDzuRW30Pd26dcNmSH4sfuQnmJAzy+MF5lq7eeoB0FD0qzhx4jjtHX1RD0iBypUr16lTx9hmAp2kR48enIWROXPmdOrUKWrUqLQoiYLai6WwhwoVKvBDjRs3ts8tq5ACtUHSIzdftXpNIv4O2ccOgxiwgvvDXRKPA5tC9PDhw3Jd8Y8//pASHBZ7NlLPMOEMP2SH2a5wbRs2bIhrmCJp5MiR2poQKQ6pD87LfyJrMaIejKRIkYJ0Wa0zgfMij2cDAmGAg0ucB4yTg8SHoDhVkXUgB2VGrMKFC5t13YVKE/MuUqTIpUuXVOk3RBYnTJhw3759qsgfaA6EC+KAVP7Vq1eYert27Ti7/5rKMH8PDlAebu/atWuAxjZ16lRsBndq/WWY4LNnzx65jpUnTx5Ngj2ZPTaPFgE7z6MgcBaLFi0y1Pr/WrVqRR/v2bMnFUvT7N+/P8BzxNvQuPTWwYMHqyIb8OnTp4EDB3JU+EBzb9KZrR5kBAo/RmDWdviVVtSuXRtfX6hQITTdixcvtm3b1qJFC3HHAULeCSwkSpRI7cJSEJjr169HiPBzBw8e1MTufybIdZB0VDUZlSaVY7xzgZAPLLTjr0m/6KVk3nRaU8i6BgwYUK5cOXFVJMdNDbDPrCbgcVhrH/Xw5csXSZJIfG0RZatXr87Oc+bMqdXELX7UA/4usD3fu3ePymQbGWrutPTv3x/pgEloeKGeXCu8YQCgWXMW0UfkgVgSmw4dOpgqD1bJVbeWLVsGOFWGQA4TOnTodOnSGbdBImzZsqVJkyZ+xhoHeD/x9u3bZcuWZS1R3P80Xzbiw4cPffr0kaMK5quigwOtmStXLkIDkUsV2RcSy/jx43NS6JiPHz8issUZ1q9fP0DdRpO1adOGAy5evDi9TJVqzeXLl+Wq/MqVK829oWm2egCyMXQ0/trPsz1OgjwZbJzYnG5G9rlmzRp5xDlfvnw0CZ2BmJE3b166Fs3z37W8334zpp4WQz5HS/Mrnp6egV2P+pUhNE6aNAnFjWtevXq1KrUCo3rA3detW3fy96DuaW7aHf3ONqg6NIQfRBn4QezBiBRmzJjRDmFPRjzwozhQbS88CFeuXGHnVNfw4cM1GZDlRz2Q6aLJ1LrvYUtxlzNnznTI0PfgQHYkuXjHjh1VkRbgGTB7WpY8Mvi6mS1lqArHg6GiX+k+y5cvJw6RQJPzIIuDcMIIAhJKftTPeB0qHynAF2UUvIA/nD17tp/4gdZB8XAABDxVZHvwnDLSs0yZMtqOme3cuXO4cOEwURu9NCto3r1717VrV86Ls0M6UNV0dplIKrCxnHQZ2h0PdujQIVWkKZ8+fZJDSpYsmQVa2RL1gOXJlEqcldw5cx7opXQYzL1q1aqqyMCRI0fIe4gfCDpiGLWGa+YvDpSGYRVfsb6FSGfRIiQZc+bMCb6P+KXAc1WsWJFaQrpZf/H8zJkz6ANMEdhnmO+RMCxrBZqGrusffApr0TRITw6sVKlShJDR30BksLZmzZrmanNzwSYHDRrEiWTKlOnw4cOqVFPevHkj0/KnSZNGk3d2+FEPCLWBAweqdd9Dj1iwYAHt0rRpU/uMJDcXPMOECRMwm8iRI2v+RkBCOPVDvN+6dWvwDYnw2b59+4QJE4rMpfZQfpixWGzJkiUD2xXngnrG/lEtAcpQmuPevXsYG/thn5w1bVevXr2jR4/6+vqyFlfZtm1b9oBAD2JcheZwvhwS5xv8SQ+DCXXi7u7OztEl9pxy3oiXl5fcNkI38NHb21sm/0ZVywZ+oAmoB5ogsD5lJT4+PlgU5oQ6RNyo0mBjiXqA/fv3o+A47ZEjR6oi52DZsmWoObrBiBEjVJEByokNPXr0wIBU0TdQ6NmzZ6cXWVB9ppw7d05MgdjzK7+S+4egsaIY3iNn/eUHemNaw4T8gAfENfPRD+XLl5exL/RbhDap2wp/4B8xgMBGTbITnHWXLl3UZ5uxc+fOuIa3EDVv3tx21yrxWTJ/AOmm9b9CLiGPYiZIkADXjKcLYnjdvn37UqdO3bhxYydUD8TL48ePy7XlwYMHa37h59mzZ9gnO0fvPnnyRJUGj8ePH/fu3ZsYIyNPjeTKlet2IG/QoJXlait2G1gmgz+kveiJTZo04ahkkkG0csuWLamKJUuWUBuspcPaWjcbOXHihOikGjVq2OLy7apVq2LEiEEsGD9+vP2N8PXr1927d6eDZ8mSRRqFsE3wdnNz85OHk1mRGrVu3RpVR21YOV9WgCBNGjZsyM5Lly5t2WulLVQPz58/79ChQyTDhFmOegYmQHr16kXbYBy7du1SRYa3w8mMb1u2bPHfkXbv3o1Hs1I9kCKQm9LSiKrFixerUp2AePToEdqfPkONXb16VZVahPHOBeCa58yZQ3zyA/1wsuGFBWPHjg0sJDRo0CBo9YBF+Z+XXlvozCTlaKBEiRJpMs48MHCaw4YNc3FxwVytPyk61x9//EH1Vq1atU+fPlRjEOrh+vXruCrnVA/kFfIuMdraFm/zwfaww+iGa/JI2MAiehAQwtevX1+tWrWECROyEyBNqlChAkbuJyn6559/5s+fzwYZMmTw8+YFI2fPniWG4S3btWvn6+vLKc+ePbtixYpyhOgSEVL16tVD96jv2Bh+SIaX0gU2btyoSjWFVpBp01KlSkW9WdAKVoIUQ2fTcPLmjitXrqRIkQJnaHz5GSAypkyZQi5K64QJEyZnzpy0u1qnHQsXLsQJRI0aFbNURWZioXoAhGHhwoVpaQz0yJEjqtShYHwyKAy7N73URv+hy1Ee4Ptd6DM0HhmquSNOTcHW6dK0NEZg5TWMX4GVK1diOSQZI0aMsCaQmKqH3LlzB3Yr5JDh5RoLFixQn/2BeiCUBvjQ/J07d0j47KAethlmy6Za7HCR4+HDh/L+guLFi6siS8H/4hCpXnLWqVOnUo358+cP7J4Iqqho0aJ0T7MePbAPpHoEThoaaWWjC/U+Pj6EZ+qK0GVZNo8soO1I2KhGhNp/dm94zqV9+/b0KeN0kyhRmeYEYRdYpyCI4q/IdpYtWyYlHBJHiJ3LRQth5MiR/q/X2gi8ARkpAppjs5G+xFxpaLQRp1apUiVrfL5lvHjxgrhJ2/HrUkLGS69JmTLl9u3bb9y4QVAvWLCgXNqnh1IV9Brrb/L6gRQOC+EwMmfObLE6tFw9wLFjx+LFi8cRtG7dWvMLfRZw+vTpvHnzUumIO1PjQzQg4ij3rx4wpgmG17iRdlh8CqgT0inqIU6cOLp0CA50htGjR1NjOAtrnizAr0niCwQtVeqPoNUDHrlu3bp04ACHGuCp6cmxYsWyhfw38vLlyxYtWlAhZAP2iazkmkTxyJEjjxo1ihpQpRbBruSaPA6BgAQxYsRATPiH2ExsYEttR8NZz7lz59KkSYOzLlWqVGD3AqyH8Dx37ly8BA0d4IzRwYT2wkiuXr2aI0cO8WzUKk1J1Dlw4ADSAQVAKyRJkmTv3r0Bptf79+9PmzYth9GkSRM/L21n50Q4ebI6S5Ys/ueZsBFIH1I4fhQ7scW1HyO+vr5du3alxsAhL0DGZdFq1PDmzZup/HHjxtFYtEXUqFHpIHgA8QOVK1dGhdsioOA2yZnxaREjRrTmOTKr1ANQEVgt7nX69On213H+6dixI2EAs6BX3L17l2qi8+wzvCsPj+Y/UOEp8uXLRyWuWLHC4myAlmD/BELT2yU6QYPKlkl2+/bta030koe76G+BjTyCINQDP40sIBdkDx06dEBA+AHtHyFChMAmsdYEjkGuM8t4Hcvs0AJKly5NvOTUUEjWNAGiQa5yV6lShWpk4Yc4lXrAg+M3cOj4bhnOZjsePHjQsGFDHBQmR6KvSi0FoTBkyBB5v5FULA0qsFyhQoUAlRBeUd7BljRp0gCvEj19+pTYxj7r1Klj7hANyyDZww8YzuB/3bt3V6U2g5OqV68eJ+jh4WH/ucuuXbsmA4/SpUvXtGlTrE5OXKDmK1asiGgLUPZZD+4F1ULaz2+hmK35FWvVA/k6589xoGSdYYYDhEL27NnpPGi3EiVKTJs27fLly/KGurJly/qZoIKj3bJlC6ty585tccJx9uxZeYqdZMJRk6iHUGSIK/HGmrRe1APiPbC3O2KigwcPZpu2bdsitOmWgFgca2Do0KHIR9YGTYECBdTubMClS5ck1cPd28dZCzdv3pTXPefNm5c6sVi1kCkmMnmNOClv8+bNO/ujdevWMjdi+vTp7TmGP2iIW8uXL0+RIgV2GJgJaQteKGHChIgV68f9CN7e3qiBHDlykCBJEwjNmjULcJpChHuxYsXYAPsP0GNPmjQJ/xk3btzAHr7VFgxPXAGHhNP2cy3ERhAp5F5z9erV7f/k4IABAwxN5JeCBQvaaMCHERRn3bp1+S1yfivb11r1gPEhGkTI4IU1vz1jAeSL8swP0J1QlzKW2L96QIP37NmTVXQzy5Ih/C/mzh4QcZpMavtLQaRs0aJF+PDhCSfkr6rUTMaPHx/JMNkXidSMGTNIo+kSyIVG36CriLqPFi1ahgwZshgIYvYw/xBa5syZo35Pa0h95IItyeiGDRuwSbXC9tB5t23bJrMGVatWzeJrpLdu3SpatKihqv5HUKT3BSijSbVlgqO5c+dac6lDQziMnTt3yu3O0qVL2026oVnJcCJGjDhkyBBNfCZNefz4cSq2TJky8swC4JZJnNasWeNHIuzevTty5MhsEOANgqdPn1atWpWwisO0z020CxcuyHOM9MrAJl60BRMM757ALQwcONDOcpa+0LFjx4oVKyK1iVC1a9eeZ+DcuXM2vfRI3fbt2zd69OhIBzynlbcLrFUPwBHMnj1b3DFh2Bne3+3r67t161acgvGCHtBhUqdOnc6EtGnTilqfOHGiBW3GV+TaLzuxviV+TXBV8mrgQoUKWSYg/vrrL3likNwRR0AGA/hlQ5v/f2gmNvADvwt4EMicOXPhwoXr1KmTJ0+ehg0bdu3aFacmoBFtNJwFE6IzE3E5vA4dOtgn6zLl8+fPmC6/TsjZs2ePZY779u3bkssC+dzRo0fVChPY88qVK1GK+fPnd57nmcnDaPSwYcNiDDa91+4HfhcJS7XLvRKttBTS8/Hjx8gFbBjDpjmocOKEp6fn9evXpXERdq1bt+anf//99wBF3oEDB/CN9Ihx48apIlvCUcnVayLIzJkz7elF0W1kL1QFgWDp0qV2duAEKdQqfeHBgwf2eaqFql68eHGUKFE45Zo1awY4o7xZaKAegJyeZogaNSrGihO00XBZs6Cm8Ixnz57Nnj07domDMDg3v+A1EGIW3Oyk4/Xv39/FxYXEd+TIkU6SS4VEyJkSJEggBu3n4lBwIAAPGjSIJkbD+Sdx4sQpDJBOya0KU4iX3t7exGzAd2Aw+F/5a4cG5Rdx0JgfRkj0dcj0NUC8adWqFQqG6iIR5/TVimBDX5N7Q0BVX7t2jVjlhytXrtATCWlUu4Qxh0Ojz5kzB8PDn44ePdrOXouwISP/M2bMSPxQpVogro9uhYbAJ3OCgFhBJp45c2bGjBnYW8qUKQObHG/AgAFsj1laYAnmwk+gGDhI/HO3bt1smnYHCPG7SJEi/DqCyZrh284PPs3Lyyup4TVp9ESW1Qor0EY9CCNGjKAZ4sWLt2DBAudJxLFI+glCm+DkH7JMpMMLM6dwR7TiBPG2dP5q1aqpUh2LwNmR7mQwvDyld+/elk0Rs3HjxlUBEdjD7g4HdbJ161aZ+S5ZsmSWzdaiFdRS8eLFcSs4FwSEKjUHIhOZA+cSNGnSpHGSkcVv3ryZNm0axxw5cuR+/fo55AnSLVu2yMwN9evXt8UwUkLjrFmzcuTIIZVvSoCv3QKSYHkRbtOmTW0t8ogRdFuZa4ca0FZCBR90bbly5VDPuCCL7586Oag0+p2Mz0uePPmKFSvUCuvQUj3Q/I0aNeL4MmfOjGe05x1ce4Ic2b17NzkWZ1qlShXbPd/164CpoDhJd6jSnj17Okluajs4wRMnThQoUIDzdXNzmz9/vlrhOHbs2CH3nkuXLk1eYm7eSd7Wq1cvEjgkCDvxD+Xp06efOHGiM8z04OvrO3ny5NixYxMzmjdv7qgujIIZPnw4mXfEiBH79+9vbg4TTI4cOULT5MyZkx9SjWEY2UoN+LncgqJdtmxZtGjR4saNK3MZ2Q66/LZt2yRn8PDwcJR0EMheEDGYaO7cuQO7JBNyIWDt379fRCRqlZxKrbAaLdUDYATNmjXjKBE4Wr1H0dno06eP+Nk8efLgNH/6UGcfyL369u0bJUqUOHHikMiq0p+UNWvWiN+EmTNnOonOPnz4MJo4QoQIxYsXt+Ce6Nu3b8+ePbtnzx60tX8oP3funDPMhkLIJHC6Gt5dkj9/fgtulmkIuX61atVIvgntAwYMeBX42zKtgSz/8uXLf/75Jy6L3xLDowYI2xs2bFAbGfqgjAEPbNyrhhDPJAFLliyZw8ebYxIrV65ENoUOHZoE2D6jEOwG1SsBS2bw1PD2kMbqAe7fv9+gQYMwhndvtG7d2hnGQGgCKoFz6d27t4uLi1zjXb9+vf1v1P3EUL0yCpWkkHq+c+fOz6fMMJjTp0/Lg4v0ERJf53FV1Pb27dvJg/GhxYoVe/78+c83moc4Onv2bM6RIEootX7gmPW8efOmTJky1DkOc9CgQb6+vmqF1nDur1+/RrmSYSPTZVhl5MiR06ZNO3LkyHv37i1fvhybDBcuHJ7Npl2Pw5BR9nQElKUzeFEU/JYtW/DtnH62bNnQwT/BtXMq9tixYzKTW9iwYadPn65tj9ZePQACAt1ADKCXdurUCbsM6W7o8+fPJE9NmzYlRcDv5MuXT6tbRzqmXLt2zdPTUx4nq1u37k92V4h8bvPmzTlz5uTsCBVIB2eIXn6YNWtW/PjxMfJ48eLJXHhqRcjn3bt3M2fO5NSIEMgjx441MYVoWrVq1QiGtynaVEAIKINTp07Rv8j7pa/xuwLLrVq1stElEEDBUO0yEzYKZsaMGWqFE0CQWrt2rcy84u7ujqmoFSETYpbMKEqzxokTp3PnzponKjZRD8L8+fNLlixJuC1btiwuKURLOY5f5rSA6tWrG+eT19Ec/Evv3r1lDETNmjV/mnFMnNfw4cNl5gn6M/LaCaUDvHz5ct26dZkyZeI4U6VKtXLlyp9DQJw/f75v3764I5IwPNKZM2fUCufg7t27hHO58MNxBjjLk+YQXUaPHl2kSBHREICCsd19Q+LZ+vXrCxcujHTGtCZNmmSjoR4Wg6kvWbIEfY+R4IJmz55t/5koNYFou3PnThnrkDRpUk7KFu/staF6QOGeO3eudOnSnABOc8SIEfaf0ksTjNIhduzYAwYMCKFnEYIg9enZs2e0aNGo8zx58qxZs0atCMkMGzZMHtKBNm3a2G1iIssgrsjtFbx8t27d6MhqRcjk8ePHzZo1k+Tew8PDOZ/Nu3HjBnKZuEUsb9++/fWA3tmmOYSZixcvTpkypU6dOpUrV+7YsaONZuMgHBDPSIUxqmTJkln2aI8deP/+/cmTJ+URJLRmrVq19uzZE7JSX6qaOJU5c2aqOlGiRNbM5Bs0NlQP8PXrVzqqp6cnLeHi4lKhQgWkXEi5i0EbYDRIBzc3N44/VqxYY8aM+WmGcTg5vr6+PXr0wI1KzbNMNkaLqNUhB4755s2b3bt3FzGUIEGCefPmOcNzB0HDYV++fBmVEypUKDJFd3d3W8+CZyPwNlhOqVKl8D9hwoQhsXbs8P6gIUEsV64cNk+dFyhQ4MqVK2qFjfn06RO19OzZMxtZJq0wffp0ycGQDg55NbZZYCQtW7YMbXhlUty4cbdt20YscH7/Qw+9evVqhw4dsHaqOnHixJs2bbJdwLWtegBqHDFbokSJmDFj0iuSJEnSsGHDS5cuOXkYRoEeP368WLFiMrYI77lhw4aQ6D1DLtT2/PnzyX3DhQtHDEufPv3y5ctD1lX0N2/eLFu2DPnP8cspLFmyxPl9kBFS9tatW5OB0XNjxIgxatSoly9fhqDj52gbNWoUIUIETChXrlyHDx92/i6MYyxfvjwHTJ1nypTJPlcgbAeh6+HDh8jQiBEjot5Qz0OGDLHztNCWQUNMnDiR1IUQADiiPXv22PpRFGvw8fEhSyHXxdVwwFmyZFm1apVNe6vN1YORxYsXy7UUCcYTJkyw9eAgy8A+jh492r9/fzQyh4q5V6lS5eLFi2q1jn0hALRo0UKer8uQIQPRN0S4Hnjy5Ennzp1lEBaht379+o6aTdIaHj16NG3aNOm5eFKk/+bNm21xD1VbUJn79+9v3LixBK2KFSteCOhlks4Joq1Jkybydp7s2bNv377dmYNWEHz+/Pmvv/6SeU0IaeSQp06dUutCAriaNWvW1KhRI7xhJjR6cZcuXY4dO+aEGnTv3r1YOwcJCJ2WLVvaYXCe/dQDIvTIkSNVq1aVdxrREs2bN9+4caNTZZO3b9/u2bMnvhLthsUULlx47ty5IbTr/jQQqyZPnkwYlvS9W7duhw4dMnc6Iztz7tw5OjAHjKnHjBlz6NChIXrs4b59++RVXhA/fnxOzTmHDgiotFGjRuFD5YBbtWoV4sZtINrGjRtH+ogJkU3ilHCeIevuO6kwuXu6dOmkFRo0aODt7a3WhShIA/788095wRvQKLNnz3bsNCGm3LhxA2uXUUqQNm1aFI999I391INApQ8aNMg4eSohAcW0dOlStdpx/Pvvv+RYWEYEwxvq6LSVKlW6efPmJ/3dV07AB8N0LsZnHVOkSNGsWTNK1GpnAr/fuXNnnGZYw6tVsmXLtmnTppByvSQw6B0Eg1WrVlWuXJn659Q4QU7TCR8bQe7nypUrSpQoVD4GwzE728D+YPL+/fuLFy+Kq8QpIYbQ0CHlthFap0SJEjLWJ168eFOmTHH+61VBQLVfvXqVHEAuCJEPFC1alI+OffiOtBaJWbJkyYiGlwLGjh0bGYGst1vMsrd6AM7t1atXCxcuzJo1K6eNJ4oUKRJOdtu2bS9fvrTnbHRoeX7uypUrGHfq1KllSHbkyJEbNWqEx9cvOTgV//zzz7Nnz8gjZUq4MGHC0Ifbt29Pb6GlHOtVOTZ8va+v74ABA6JHj45Jc4RRo0YdO3YshT/NcBlOhP5CHkbNc4KcJifLKT9//tzhV1Y4sH379mXMmFFcChELcYPHD+mVT90OHz4cp0SF46AyZ8588uRJp01pPn/+fPnyZTop+p4EDMdeuHDhCxcuhKyrJoFBtZ86dap+/fq4IGwMGc1CmTJlEEZENPucI/aMq+HnJkyYgFzAJDgSzKNcuXKoZDtfkXWAejBCMCDdL1iwoDzcD8mSJWvQoMGBAweuX79u0x5C7R89enTixIk1atSQF9VA0qRJixUrtnXrVrWRjlOCXGjatCnhAalHq7FQtWpVch1HjaXHd6xYsaJhw4b58+dH03BIrq6utWrV2r9/f0jJFM3l8ePHnKAMRgGcV9euXY8dO3bjxg07P07y5s2bW7du0fr4dI4EZ5ogQYKWLVv+TAOVEKBkVhh5uHDhOEfS30GDBpHzOJV1ffjwgUMipEmvRMOlTZt23rx5Nnr+07F4eXnVq1fP3d1dkn5gecaMGSdOnLh9+7aN0k52i6mvWrUKV0OuK7+LPitVqtTmzZsdos9+458ch6O4f//+RgO4AFwPJXSS3LlzFyhQoFChQhkyZDBGdytBml27dg0rR5ocP3587dq1yBdZlTJlSiRkxYoV06dPL1Oo6jg59KKDBw8uW7ZMGhHdmTVrVlowR44cqVKlQo/LZrYDn44hoXTJBXfs2PHkyRMKUQ+enp54lvLlyxNTZcufEnzZpk2bdu7cuWTJEjIeShATBAySY9Ig+m9Uk3cy2QIfH5/du3eTC5La4rVxHSQhderUof7B6NZ/GlBsM2fOJN16+PAhH3PmzFmtWrWyZcvKvI0OhHiJX0U74sNpjn/++QdBX7duXfRcxowZZejPz4dctN67dy+9gDxBClGuNEe2bNlIJLDGXLlyieCzBrJo9o8Iu3z5MqaOzUs5v8JvidNLnjy5FNoZx6sHQESjqvbt23fo0KFXr16tX79eylOkSJE0adI4Bqgs3DFOgQU3NzfZIDjQxufOnaP2CTYoFRqDJFVkSujQoStVqsSv0AlpaRIX+YpOiAAhuNgA8ZvOTEns2LGRDshNolfNmjW10p1++Pr16+HDhxctWnT69GlMC4uiEJmbJk2aypUr582b11Gd2f68fPlyz549dCgSL1wbJfQpOhS6v2DBgrVr17aFjLt06dLcuXO9vb2p/+fPn1OCl0Cx0ejE1J9Y/eMnCR67du2aPXs2uRBSFa1M2oNawivaQTH74dGjR4j4DRs23L17FxugD3IMAwYM4KggpmFa1Z+eixcvnj179ubNmzQKUYyS8OHDx48f38XFxd3dnchVtGhR2TJSpEg0liwHDZ4Nn0b10tZkR+xfqlfWyqiv4sWLY/Z4PCl0CE6hHoQvX768f/8e6Xr16tWVK1ciuGSkNM4ao6TqcUwoWVolZcqUHh4elKhvBgSKeOvWrSzQEvDx40d2zkfZCV4Gd1OkSBF8DY0tc2vohDjIeglgZDwkwYQxejL2g83QoLFixUqWLBl20qlTJxnRIvAtbEC+/kOMF4cxIfIMNCi+kqyXzBv3zW9hS3hJPCYylF+JESOG/MQvBfVAZkzNUA80B9VFDdM9aQJqA61fuHBhfGi+fPkoN9YPVSfLbM+C/JVVIDVP35ePXl5eyIU5c+ag1WiLp0+f4i7YA95Zmhj19vNdbwgQogihZfz48TKFEe4rqoFevXoh16gT00rWHBqFpqG5V6xYgZQ5cOAAfYEfhd9//71JkyZIZw5Jbf3LgFk+efJk4cKFxJ0FCxZQRWLAKDzjRTiqyHiPvlGjRv7jF8ktKTSZLd+llWlclukCUr3QtGnTUqVKoRQxe2eoZCdSD6ZI1SNsaQyaRArx11QlOoCa/WH34OtAFUc2zFeIZ5EryW3atEG1kaHSGLbrYzr2RNoaSEaHDBnCX19fX6yF9gUamm2QicQw4hmduW7duvJFrIJQZLQNAUWCQ8TS+EtnvnfvHtqf6CU2KSBnCYpELEJXhw4d+KjbEtWCjDh8+DCi/8iRI3JhAK+KB5S+Rj2j12UaFbwqVZcpUyZqmy1Jp8i0ZBXQfNQ8znTJkiUsUyLVThMQGmks2pEEoFixYuyQ70oT/zpIVeAGJ06ciG4m3ZIbZ9RDgQIF0HDx4sWjiohP/kOUZfBbdIc3b95cunQJ0TBlyhTpDjhYWq1169a5cuWiRX61hvADdcLfmzdvIuy2bNly584dugAigKqja8g2QoAVZbBxFY7pINg5jiV+/PiFChXCd2Hqkpw4j6txUvUQINu3b8fX37p168yZM1KCZ5GLRVSoq6sra1lOmDAhlW5Y/9+NqKxZs9ISKGLjXFU6Pzf0XqLXjh076LTEfiAyqXXfg1WwMVLS9OYxeS1prlypMoW8IUmSJHRgDAztT5qFelDrdAICB4oCWLt2rTzY+eDBA+NIIyCwJU6cmA2ISaooECJEiECdJ0qUiO6MS6VHly1blmW1+teGKkV+kWih2zB1EVvUGElqunTpSpYsKY9NCph6MPUEckQGWAAhEI1y8uRJ+oW0IB6V5kibNm2OHDlq167t7u4uW+qYgmLYvHkzaQwNJPfK4fHjx9IdWKAt5MoEtSr3IHAvGDYSmQUCFn/Lly/PR8NXnY6QpB788/Lly8uXL7OAeqDSEcgsk4sY1YPOrww99saNG9evXycbPnbsGCV37969Ynh3gGzwQ5ImTZo6dWqsK02aNNmyZWMZ3YDm+MVzLLNAH8iL5W7fvm0MSCRke/fuleUAwW8S/OSWIn9JcFOmTMlfveYDhKz30KFDWLuXlxdKwhirsFvT8QeZMmWSy2xUL7FflhEctA4ig2h38eJFkdrGVmOZOEeSxjK7Klq0aM6cOSNGjEgvyJ49e7xvbx7WCSY+Pj6IPNqLGqb+aQgK6RcymA8NQcU6rVzwQ8hWDzo6wUHuSrJAmoviZIFEyngFK0Dq1q0rd5TlViV/ZQIiHU0Q76k+BASVj2PV0wBzwbyRy6iHGTNmoCcCu+pG9SIFwhgeMEbJEQXChQvHXxJl/1fdoH79+ki3ChUqkKS5urrqGk4HdPWg8ytCmgXqQ0DgXp3n/qKOjlng1T9+/IgsQKWdOnXq8OHDFO7fv//s2bOygX/YnpQXuYY+KFKkiOkVi5o1ayZOnBjFYP3zhzo/E7p60NHR0fnV2bp1a6JEiTJmzKg+6+j8CF096Ojo6Ojo6JiHfvtKR0dHR0dHxzx09aCjo6Ojo6NjHrp60NHR0dHR0TEPXT3o6Ojo6OjomIc+alJHR0dHR0dj/v3334sXL/r4+KjPwSZatGh58+ZVH5wYXT3o6Ojo6OhozPHjxxs0aPD27Vv1OdhEjx69b9++NWrUUJ+dFV096Ojo2I9Pnz59+fIlbNiw/A0dOnT48OFDhQpFliZTHBrLI/4aL8y0Gx8+fNi0aZPp/Kpbt27Nly/fkiVLfhgCCGOjR482vh9SJ5hUrlx5w4YNUaJEMetdZfLeYJpmypQpTv5uJl096Ojo2AMC2MmTJw8ePHjx4kV3d/fLly+7urrmypWLsOTr67tx40a2SZEixe3bt+PEiVO8eHH5FqAw2F5/pYLFfP36ddKkSZ06dWI5efLkfiZRjRo1Kg3Bwj///EPlx4wZM1y4cAQ8VB1Sj8Z68uTJsGHDevbsKdvrBJP48eN//Phx5MiRzZs3V0XB4MSJE/LC0mnTpmXLlk2VOiW6etD5+cEJXrly5cWLF/Lx6dOn+ERZDppEiRKVLVs2bty46rOOpeBnVqxY0b59e9PXbAaTyJEjjxs3rlmzZuqzjpmQzv7555+Ef+LZ3LlzUWNqhQEKU6dOzQKbeXl5JUuWLGLEiLFixQodOvTbt2/79es3derU/v376+rBXKhYhNqsWbPKlCmjioLBmzdvokWLpqsHHR3HQ+K1efPmwYMHyytYgf4Z9CuajJCHDRkypEmTJn4cro650ArkvmTASDHiEH/Xr18fJ04cFq5evUrcSpo0ae7cuXfv3l2oUCHjy7H+/fdfot3WrVvHjBnTpUsXKdSxAGJYixYtqlevvmjRIrOMeeXKlR06dPj999919WAu1qiHFClSoB5Mr8A5Ibp60PnJ+fjxI3Fr+vTpadKkKVGiRIQIEdSKQEiUKNHr1699fX1RGMuWLatRowa5F6mYWq1jEUb1QC7bp0+fMGHCUMNktywgHfBCKIZIkSKR7Lq4uJheWj969GiePHkqVKhAC8pbjHUsQNRD8+bNJ0+ebNbLrpBufCtKlCiXL19WRTrBI2HChBi2ZeohVKhQM2fOJG9Rpc4Jp6ej8xPz4cMH6YTz588nlw0+Bw4c4FuVK1d++vSp2peOpfzzzz/t27enPkePHq2KgseFCxf4lqen5927d1WRjpnIuAeqER3w6dMnVRo8tmzZQg4N6rNOsKlYsWKCBAmoQPU5eKCqRT2jHlSRs6LPFqXzq0CfNBf1TR2dkAwBKYh3c+vYCFdX1y9fvrx+/Vp9NgcXFxezntRwCLp60NHR0fmZ+fTp06NHj9QHHXuRLFmyV69eycUzC3D+7EVXDzo6Ojo6Ohpz/vz5z58/W3bt4Z0B9cFZ0dWDjo6Ozs9MqFChfjhYWEdzjhw5opZ+UnT1oKMTMGHChHH+W486Oj8kTpw4JUqUUB907EWhQoXUkjn89ttvUaNGVR+cG1096OgETKxYsdKlS/f06dPPnz+rIh0dHZ3gkSZNGrVkDiQtBQsWVB+cG1096OgEjK+v7507d06fPm3Be250dJyHV69eHTt2TH3QcW5ChQoVUuY10dWDjk7AfPz48cWLF0iHr1+/qiIdnRDIp0+fHj9+rD7o6GiErh50fnJ+++03y4YvJEqUqGjRouqDjk6IJUyYMNGiRVMfdHQ0QlcPOj85YcOGzZ8/v/qgE9KIGDFismTJ1Acdi4gVK5ZlI/h0dIJAVw86PzmhQoVKlCiR+qAT0ogcOXLmzJnVBx0dHadBVw86vwq3b9/++PGj+qDjIO7du6ePQtX5ddizZ8/gwYOnT5++ePHif//99/79+0uXLuXjmjVrzp07xwLMnTt3586dsgxr165VX3Zy1PsudHR+Xg4dOoSpz5s3T30OHnfu3JGn5C9evKiKdCwFv7lkyRIq09z3XT158qRSpUopU6Y8f/68KtIxn+PHj+fIkSNz5sxU/utg8OrVq6dPn7548YKYFzduXP0tWRYwadKkKFGihA0bNkyYMPwNFy5cpEiRIkaMyIJ8jBAhAgtC+PDh1VLYsKFDh86QIQN6Qu3IWdHf0K3z83P48OECBQqMGDGiU6dOwX89MX62WbNm9GHUQ9q0aVWpjqVcunQpXbp0CLLZs2cnTpxYlQYJ3uno0aN9+/ZFQ6xcudKyB+h14NSpU61btz527FimTJloBVUaONT8zZs3Y8aMeeLEiefPn+fPn18kuE7w+eeffxYuXEidP3z4UBUFD6q9Xbt22bNnV5+dFV096Pz8iHoAIlDwn6W+du1anTp18J66etAEUQ8pUqSoVKmSPALA3+jRoz948CBOnDj8lc1IvFKlSkW+S7UjGnbt2sUXs2XLhubQx69YDNU7fvz46dOnv3nzRhX9738JEyZMnjy5+hA4v/32W//+/T08PNRnHR0DunrQ+fkR9RA5cmTUgI+Pjyr9EfjZkydPkgfs378/OE5WJ2gIYNWqVTOd/D+igdevX9M0/JVCYpWrq2vUqFHJ2IwjJBo2bDh27NhYsWLJRx0LePr06blz50yH/sSIESN27NjqQ5Cg+UKF0gfJ6XyHrh50fn4uXLhQtWrVW7duhQ0b9suXL6rUAD7x33//Nf1L7kunIIaxwAalS5eeOnVqMJ2sThBQt69evfI/cPXMmTOfPn2ihoOQaC4uLlGiRNEDmI6O86CrB51fgrNnz/7999/qwzfQBylTprxy5UrSpEkfP35M9EJn5MyZ8/79+/HixTPed0RJyIKOjo6OjqCrBx0dHR0dHR3z0K8E6ujo6Ojo6JiHrh50dHR0dHR0zENXDzo6Ojo6OjrmoasHHR0dHR0dHfPQ1YOOjo6Ojo6OOfzvf/8PHe/ph0kSMJwAAAAASUVORK5CYII=</file>
    </questiontext>
    <generalfeedback format="html">
      <text></text>
    </generalfeedback>
    <defaultgrade>1.0000000</defaultgrade>
    <penalty>0.3333333</penalty>
    <hidden>0</hidden>
    <idnumber></idnumber>
    <single>false</single>
    <shuffleanswers>true</shuffleanswers>
    <answernumbering>none</answernumbering>
    <showstandardinstruction>0</showstandardinstruction>
    <correctfeedback format="html">
      <text>Your answer is correct.</text>
    </correctfeedback>
    <partiallycorrectfeedback format="html">
      <text>Your answer is partially correct.</text>
    </partiallycorrectfeedback>
    <incorrectfeedback format="html">
      <text>Your answer is incorrect.</text>
    </incorrectfeedback>
    <shownumcorrect/>
    <answer fraction="0" format="html">
      <text><![CDATA[<p dir="ltr" style="text-align: left;">A</p>]]></text>
      <feedback format="html">
        <text></text>
      </feedback>
    </answer>
    <answer fraction="50" format="html">
      <text><![CDATA[<p dir="ltr" style="text-align: left;">B</p>]]></text>
      <feedback format="html">
        <text></text>
      </feedback>
    </answer>
    <answer fraction="0" format="html">
      <text><![CDATA[<p dir="ltr" style="text-align: left;">C</p>]]></text>
      <feedback format="html">
        <text></text>
      </feedback>
    </answer>
    <answer fraction="50" format="html">
      <text><![CDATA[<p dir="ltr" style="text-align: left;">D</p>]]></text>
      <feedback format="html">
        <text></text>
      </feedback>
    </answer>
  </question>

<!-- question: 130244  -->
  <question type="multichoice">
    <name>
      <text>Question 17</text>
    </name>
    <questiontext format="html">
      <text><![CDATA[<p dir="ltr" style="text-align: left;"><span id="docs-internal-guid-74eb7423-7fff-dcaa-cff1-237949e3f188"><span id="docs-internal-guid-74eb7423-7fff-dcaa-cff1-237949e3f188" style=""></span>The image shows five views of objects.&nbsp;<strong>Select TWO&nbsp;</strong>of the four right-most rotated objects whose shape matches the leftmost object.</span><br></p><p dir="ltr" style="text-align: left;"><strong><img src="@@PLUGINFILE@@/17%20%281%29.PNG" alt="" role="presentation" class="img-fluid"><br></strong></p>]]></text>
<file name="17 (1).PNG" path="/" encoding="base64">iVBORw0KGgoAAAANSUhEUgAAAr0AAACXCAIAAACX7nT2AAAAAXNSR0IArs4c6QAAAARnQU1BAACxjwv8YQUAAAAJcEhZcwAADsMAAA7DAcdvqGQAAH96SURBVHhe7Z0FfBRX14ffvlCseAiugeAOQYMWD14gaHC34lZcilOkuFvw4u4WrLgT3AIkuEPffk/3XObbxmVndwPz/H6ls3cmu3fuPfec/5m5c+e7v//++z8GBgYGBgYGBqHgv+r/BgYGBgYGBgYhYVxvMDAwMPiq+PDhw6dPn9SHL/z3v/+NHj16lChR1GcDPfn8+fP79+/ZePPmDUH24cOHe/bsefr0qa+v77JlyyjPli1b8eLFte5go2TJklmyZIkaNSrdFCNGjO+//1522SGGbjAwMDCIrPj5+T179oyNBw8eEKKk0MvL68aNG7KtESdOnEKFCiVOnFg+xo8f39HRkY1EiRKxLYUGEQG59vjxYxFt+/fvP3DgAIWrVq2iRA4IDalSpSpcuHCRIkVy5MhBZyEgHBwcEiRIoHbbB4ZuMDAwMIhMEJYuX758xQQbd+7cofD8+fOks3JAaEiRIkX69Om/++47JyenfPnyFS1aNHPmzEQptdsgLPzvf//bsWPH8ePHjxw58urVq/fv3x87dkztCwACLmPGjHHjxmXb19f33LlzUu6P2LFjOzs7czD/lilTpmDBgunSpVP7bI2hGwwMDAwiB15eXlOmTHn+/LmPj88jE58/f1b7vpApU6a8efOqD1949+7d2rVr1YcAEMPQEEmSJOEPCVGlSpVSOwxCYs+ePXPmzKFHEHB0inbJBxInTkyw9/DwiB49uioygThjV8yYMdlGZDx48EDKARnBl/BVdPS1a9ek8L///S9dkzZtWpF3devWlXIbYugGAwMDAzvlr7/+kuSVRPbUqVO7du0iRJHdsitq1Kjff/89/xJR3NzcSGGJ95REixYt4GUD/uT169eyPX/+fNm+efMmYe/t27cfPnxAfxALiHCxYsUiwS1RokSXLl0cHBz4fuKW/KEB0Eq01cePHydOnDh16lRa78WLF999912UKFFoKOTXjz/+mDRpUuQCJYgDNBl71R+HBN0tX06n8++BAwf69++PkqCD2CVfmCxZsvr16zdp0iRVqlSh/2bLYugGAwMDA7tDbkYcOnRoxIgR9+7dE0dN2EhgInbs2OSyP/30Ewko4Sp88UO+8+XLlzNmzDh48CAy4pkJYiHlSJC2bdsSBXPkyJEyZUp7nqZnNQjqqLf169fPnTtXrhPEiRMnXbp0Li4udEeiRIlcXV3514LhnD6iO6ZNm4YlnDt37tatWwgIyhGLkyZNypw5M10jly6siaEbDAwMDOyI58+fe3l5EZ+mTJny8OFDSlAGxIlcuXIRn4jiOXPmTJ06tRxsQVAnRCY4fvz47t27ZbZEvHjxsmbNWqlSpXLlymXIkCFhwoRy8DfI2bNnt2zZ4unpeebMGT5GjRq1dOnSlStXrl27dtKkSeUYXfnzzz+XL19ONY4cOSIXOTCGJk2aVKxY0cnJKVq0aOo4/TF0g8G3y+3btxmEot9hx44dzs7OOGi2GZNVqlQxrtAaWJMPHz7s3bt35cqVhG0yS5yzg4ND1apVyWIxS5LL5MmTq0P1xMfHB+FCiDp69CjVkMK8efNmy5aNGPnjjz/GihVLCr8Rnj17tm3btunTpx84cOB///ufo6MjnVK8ePGiRYumT59eHWQVMIkbN24gXLCTefPmvX79GiVHvzRo0KB58+ZIGXWczkQm3SB39cyh8hTi4jX/Tgl9TJti5Yw0w+8bYBJiJ/x78+bN/fv3v3v37tq1a7t27Xr//v2rV6/Ucf/5DwlWTBPyUa43pkiRAmmPu+RjqVKlcNxib/wLcqRBiEgvgIziq1ev0hHanD4S6MKFC9Oq2oDVNr4FpGVOnjw5atQoIpOfnx9alhbAiY0ZMyZXrlwk/dY3Nqrx8OHDrVu3Llq06OLFi3RWlChRiFIkuDVr1ixQoMC30Ef0C3G6TZs2p06dIrJEjx79p59+atWqFYm+TTpFA8d1//79X3/9denSpVgLlUFWzp07N1OmTFboF3vXDQhwJNXz58/fvn2Lo9GmmAr0KIWMLvyOlHz69Gnfvn1XrlzJmDFj2bJl27dvHzt2bGzd34xWg68e4pPcqUWbk73BpUuXsHaJW9GiRQsxZ+JvURi4Bv4Kj0kJA5KPuXPnJuXCurJmzSoTx+R4A3MYiW/evMGjEW8Yv3fu3NmzZ8+jR48WL17MXq0jBFqVtsXxyUx+xmyjRo1kF4OXFqbka72/TkOdPn16y5YtkyZNQrlilkmTJiUsVaxYsWnTppy7DYMT0E104tmzZ5ELCGgfHx8+/vDDD4MGDfLw8EiQIIEMja8SYvPmzZuJzZw+5ufo6Dhw4MBmzZqJH1AH2RT6AqHZp08fZA2xktymd+/emA39omsN7VQ3YKB3797F49+6devPP//cu3cvMUDtCwvkjnny5HFzc0uTJk2yZMmcnZ1TpUql9hl8pTx48MDX1xfLmT9/Plrh8uXLUo5HTpEiRcqUKZMnT44ZuLi4SHmgMC7Onz/v7e0tHy9cuICGuHfvnjYpnZGJgKhVqxZjlQ2+GWcqu75xaLfbt2/TdPiylyZ27dql9oWdSpUq0dTkBgxe2vkrG7+IBk9PzzFjxtBoOHrOrnHjxl26dOGU1RH2xMWLF8ePH79mzRq8MaOpfPnyzZs3R0Bb8866dfj48SN+Y+HChdOmTSN/ID2oVq1aq1atChQoYCeKwRzk+IQJExYsWICq42OdOnV69OiRP39+2asH9qUbSE1Wr159/PhxPz8//M6hQ4cCrR5yL0uWLHhq9fnfkOVg3wF1Rtq0aXPmzIn3YRsLyJgxo5QbfB1gKufOndu6deuxY8eQDiS49+/fz5Ahg5OTk8xgihMnDtvp06cPx/Ip2CSK4fr16yha0bJeXl6yK3r06HKbM1OmTFWqVPlm7Yr2QaXt2LGDFO3q1atPnjxRO76AYmPYam6XFgPZpu+uXLki6xcBOoNESrY1EiZM6Orqitpj8GqLHkZqsFJi8NChQx8/fszHEiVKdO3alXPkTOUAOwT7X79+/YgRI0SOY+10B4Hqa9Jz2B5mTL8gfN+/f1+wYMEOHTogj+zc6latWnXgwIFFixYR+9A3pDRNmzYlq1G7LYq96AZ6aMWKFQcPHsTjyCjSKFSoULZs2Tw8PLQLwrge9HhQ6R3i4+nTp/JEMoKRb0N/+FtJLWvWrNmzZ2/SpEmRIkXixYunSg0iMytXrhw4cCBB/d27d3xkzJQqVYo8NW7cuAjNoFRmOHj16hVBEWl/9+7dWbNm7dmzRy65Y5Bp0qQhNPbp0ydfvnxy8LcAPoSBhmhA9NMmDD21wyTxcbu0CQONkG+eRtMv5kMPZ6ddy7l3797t27fx3WyTjkuHCqg0Bm/JkiXxCaS89erVUzsiGw8fPuzSpcu2bdueP39OPkOCKJMf1W77BoG+bNmyefPmcRb0I6Ns2LBhqGe1O5JDGGrYsCEWyHaePHkITKQfssvOwTWNHz9+woQJyDtGR9u2bfFFDg4OarcFYczbkDdv3ly7dq1du3bOzs5y/1Km3mCCAwYM2L9/P4MKb4LoU38QRvjDt6Z1Ofbt21e+fHkEI65Ku1cd07QoR/fu3dEW4f4JAxtCwEYoTJ8+HX0dI0YM+pQOrVGjBskQwQbhqI7TB/ISjHPTpk0IUEdHxzhx4qBoqQPGPG7cOPwO5q0O/Rqh8Tn95cuXOzk50fiMX0YW3opR1qBBg61btzJ4tfEb1r6gbfkrkFuWCxYsQAgSVvlypAMpBP/S4C1btjx58iRjnMqov7R7OLUtW7ZkypSJ5uIsSpQogeTS21YtDupw165diEIMHrNPly4dSiLSnYU/GLB79+7Fxjip2LFjM64RRmpfJIF+WbJkiVz+YUjiDImwap/lsJluePToEWbXoUMH7SoCXiBjxox01alTp9RBloacBoHv4eGBueODtJnzKJXBgwejLb5uR/+Vcf/+/fXr18u1bgY5G+7u7kTxJ0+eqCOsiI+Pzx9//FGtWjVyR2InVSIqdOzY8caNG+qIr4vr16+vXr26efPmclEdP5smTZq6devOmDHj7Nmz6iAdQIgMGTLExcUF5y63PNignTdu3IjCUAfZMahJT09P2oqaZ86cuV+/fpFI8QQE1V6vXj25bpQ8efLZs2f7+fmpfZENX19fcsgffvgBu2IUL168OFJYVKAQQ4sXLy6OCDM7ceKE2mEhbKAbkNu4e1w8QoGzAnI1HNDMmTP379+vDtKZmzdvkg9NnjwZsa8JFwcHB3QM+ZM6yMBeQd6tWbOGIC0TsrJnzz5mzJjdu3fb3AVj26dPnx46dKhccKZ6ZcqUWbhw4cuXL9URkR/EN+O3fPnypkHzz9Oqrq6uw4cPJ4cmqKuDdMbb25tx2qxZM+1BKlKr9u3br1y50p4TxMuXL9epUweNRYXz5s27Z88eDEbti7R8/vx56tSpRYoUkY5o27YtOaHaF3n4+PEjoieu6V1TZcuW3blzp9oRaSF9oi9IqDij3Llz7927V+2wBNbWDchtMnvtNl6GDBlGjhzJ+EHrqSOsCyOZkFO9evVkyZJJlVDNffv2ffz4sTrCwM4gCWjZsqV2Ia5Tp05//vnne3u6zfT27dvDhw9j2FpCzAA+f/682h1p+fTp0/bt28kvSZcl+Dk7O8+aNevixYs2UWx4xpMnT9LOshoSCUCKFCnq169/6NAhO0zir1271qBBg+jRo2O0devWRV8Sq9S+SA6GceDAgYIFC9ILnGDDhg3PnTun9kUGsJbp06fLlHknJ6czZ86oHZGcBw8etGrVih6JEiUKvWPBtNx6ugERSuKFLJX70D/88AP5AXn/hw8f1BE2ggoQinCILi4ucu2BhkZJICkYD+ogAzuAnpozZw6KgW5iJOTJk4ek025vLVHbs2fPVq5cOZoJ8vImTZpQ20iaYqLMyJXjx49PyzN+48SJQ/A7duyYzYMf7YxvWbNmjYxfcHBw+P3336mw/agH8qXatWvLFJBatWp9TdefhM+fPyPf3d3dOUe6IFeuXNiGHaq3gDAeEQ1x48ala8qWLYueixTVDiWvXr3y8PCIGTMmYzZnzpyWuodoJd1AZ+BAJf3C49SsWfPWrVv21j1USWbCy7wHajtp0iSb3Cw38Adj++HDh71790ZuMgDIL9u0aXPnzh212455/PgxVpQ1a1Yxfqxry5YtkWv6GFrn/PnzhAQcK6eAh0VV+/r62tv49fHxwSqSJk2KhZCcUOGtW7e+fftW7bYdfn5+2bJlo+mgUqVKdnVtzLJgEs2bNxf/Sfp+/PhxtcNeQXRu27YNf4LNYNWRbhZkaKBT1q1bJ51SpUoVi1xK1103PH/+fMmSJVmyZKHSKIZSpUpNmDDBngUdFR4wYECBAgWiR49OmtisWbOv4ApzZOfUqVOMapl+RTzYuHGj2hFJOHToUNWqVak84KQWLVoUWe4Bv379euTIkU5OTtQc30r8GzFiBBFa7bYznj17tmbNmnLlyolKS5QoUc+ePcn11W5bgMDq1asX9UHyYgNeXl7h9n5XrlyZMWPG+KA5cOCAze3q5cuXHTp0kIkCyOU9e/aoHXYJ1ZPYlD17dgSEKv3qYFwgqWVCYefOnSOeDOurG7ChcePGyfOjsWLF6tixY6R44ujdu3fYEBKHBAvpULRoUfSacc/CVly9erVYsWKYEDRu3Pj+/ftqR6Ti5s2b2rPU5MTt2rWz/zk0RLh+/fppqyz89NNPBw8efPXqldptr1y8eBFXo81Yqlixog0nO8+fP58gGiNGjKZNm0bkCtndu3dr1aqlPQIWKAS/2rVr23xOH7KyU6dOOHzUUvny5e3Wzh88eFC5cmXaDT+/a9cuVfqVgtts27Yt9kO/TJs2TZWGFx11w9OnT9u3b4/TwXr4l9CL6lH77J6PHz/S0AhnciwMy9HRkazLkA5WhriFaJC1XRMnTtyjR4979+6pfZGQN2/eLF26NG3atJwOgcTV1dU+Z/AJf/31F/mxPMqVOnXqtWvXRqJ7dmQsx44dIyowfmltJyen1atXW3lmCT1Lo2XMmJEKENEj+IDi4cOHvzetcMO3cVKBwl7+9fDwsHmoxtW3aNGCpAs7r1OnzuXLl9UOu+HDhw/4E2pIi+HbI/vKE6GBiFywYEHsJ3fu3EeOHFGl4UIv3YCUK1SoEF2CYnBzc6PGdusfg4HU6ueff06UKBGCNGrUqA0aNOBE1D4DnUG64foJrhh6kiRJpk+frpPf54d8g8ayN8gZBefPn8ezR48enfMiqFj80eqIQzs/evSoV69ekjJSSeJfZBy/BIOBAwfKozcM4e7du1ttdQGaa/fu3bJOA/+ePHlS7QgXfNumTZv4KuJc9erVJ0yY8FsASNLkagRR4ejRo+ovbQeN37RpU+qDCVWqVMneFD8KXubr1KtX79uZxHbu3LmUKVPSI7Vq1fL29g73oNZFN1y8ePHHH38Ud49Bv379Wu2IhFD5NWvWFClSBCNDOyOiOTvjwoPe4HQ2bNggs8kSJ04c8QtrQbFjx46xY8fWCBpyEYuLxXfv3qFHkyZNytllypTp4MGDaocdgCs5c+ZMuXLlxONXqVLljz/+UPsiJ8ePH8+bNy+nAyNGjFClOnPz5k25uYZo2LdvXwRV1/v375s1a8a3kS+SkqnSAGi3ZiZOnGgPPurly5cuX94e17FjR/u5YUHvEJuoVerUqbdu3apKvw2WLFkSP358zp1YFu57jhbWDdj3nj17qlat+v3338eJEwfzjbxLbpmDZ8+TJw9tHTt27BIlSvAxgo7AIHguXLiQPXt2GlzWTdKptcmB5KHtYIgXLx7C0eKXOhgXffr0wZyIzZiW/Uwfu3r1atmyZTlxR0fHfv36WSpNRG1vCwAB1Vf/hVvQoHv37pU3hqRKlQohaIX8UnsP+NChQ5GJqjS8aLqhTZs2wTzDqekGDraHm8KMGlylrOsQNWrUCRMmqB02xc/Pr3379tGiRYsbN+6oUaMidVobDrBGPA89kihRonHjxoXPtVpYN6DjXF1d5abRrFmz7PbZ+nBw6dKlXr16mUblfypXrnz69Gm1w8DSXLt2rUCBArRzzpw5Caj63ZYeMmQItip96uTk5OHh0bt378NfIBEpVaoUu9KmTctH9TeWg+jVrl276NGjM1hIiC27oFv48Pb21t5ONHjw4IgHPPpux44dderUyZw5c8oA0LBNmjThR9XRukHyjUbJkSMH5xUzZswuXbroqld+++23GDFi8Fvly5e3yNnhSPGrfOHMmTODGQ6abqhevbqdXHun5Q8dOiTXe3Lnzn3r1i21w3ZMnjyZnJZBh1lGoil3FuTcuXOSBidNmjR83tWSuuHVq1eFChX6/vvvqRM1+/pmmjx9+rRr166ysEmVKlWOHj369Z2jzXn79m3nzp0J50mSJJkzZ45+ogFKlChhcrP/QIeSW38wW4UMJX737l1SN7q7UqVKelw5I49s0aKFLIlPjEF2qx1Wh3bGh1arVo2aEFnr169vkSsNJHOkm/hoaWS+PLYZ/FCUKFFQh1evXlV/oBuc4MmTJ+VtJgxhBrJO0uHKlSs4QM40f/78nJdFLpU9f/4cI6TmixYtUkUBIJPR3nxoP7oBaHnS+lixYmEGWHvExWhEePz4MbZNE8WNG9f+l5fQCXpk3rx5iRMnZvS1bds2HLe0LKYbXr58OWHCBLnoGsG5mvYMjqBu3brkiFge6Yseaei3jJ+fX9++fYkopGv6zWkQcKz+3nb9yy+/BHzDwsOHD0uVKkWkadCggR6RhjHMwJG7rR06dLDVPeDr16//+OOP1IEzxctb6mHXdevWaaIBCNtLzODEM2fOTHmNGjWso5lOnTolVx0A6WDxaZLoztGjRyMEEb4DBgxQpRGGNB3XSp2D0Q20JwNHTs2udINAF3MKCRMmnDhxoq1WvmKsbd68mXhJE/3888+Wuvv54MED4gLcvn3btqoo9Pj4+ODQEKMpU6bcvn27Kg01ltENjHl8LlaL4F24cKEq/UrBPvA4MheXwRDMNCWDMIHsxXi0OTuqVDcYLalTp6YfXV1d6UfyIUYR3mRXADw8PNhFxfr3769HXCcpHzJkiCyV07p1a+uvqkS0Qyvw68DJqlJLMHbsWAl4AjHb3+oCU6dOlcstFSpUoPf1ng5FqEDrlytXDmfFjzKQ1Q4LcezYMdElWbJkseCtzLlz50oDBqMbevXqpd10s0PdcOPGDXmwJUOGDFeuXFGl1oWsoHTp0tQBmR6RpSGfPn166NAhPMPGjRux8Jo1axY3UalSpc6dOxMKd+zYIa7Dnp+/O3/+vKOjI60RjihmGd3w+++/yzikBt/CNBOsoXfv3rQ4wQZnZ9ytsAheXl4yI4/83gpr/IluoAex3jt37sjs9xgxYmQMAF5Ggh/BQKdraY8ePapVqxY/QRClPqrUWsyfPz9FihT8Og1y6dIlVWoJZIKIi4tLhw4dyDX/+9//Ojs7VzYjT548cvUOMmXKhKtVf6kbyFM6sYjp/Y0JEiRYtmyZ2hFhcH2EDb42Xbp0u3fvVqWWYOjQoaYW+ud5EPNbaea4ubnJMWCHuoFcH9Ej1Rs+fHg4ro1HnFmzZkkF2rdvH+44hfhA5WfNmhXPQEfjQOQ7zcHIxXUgU4gUdvt2TbIUaktGtHLlSlUUOiygG65fv16mTBl+HsFlz/LKshDYJLGIFy+ecckh4uANyThJ69OmTbt//35LXUIMBtKCKFGiEDlOnTrFR2JJokSJ6FAkAnkbwSyuGRLb+HfdunXy5xbnzJkz2bNn59dJy/Cw+Fm1Q2eOHz8uwohEcMuWLZb9XRwr7da8efM3b96QhMkCA+bQBbSq3LxPliyZdZ75ROivWLFCzjpfvnyWWn0LnyAPAXl4eFh2SrimG0jPaKXkgSEzMQU71A2An5TXr3MWVltIQ+Pjx4/ydLGTk1O4PQx/RYgNaMbBgDMhUhw4cEB9hT3h4+Mj16hIWsJkMBHVDfxYp06d+GEHB4dv7UFYnKxEGldXV/t5NDmSMn78+O9Nz+4SzoN50syC9OjRg75Lnz69+vz33wRsRlGxYsVGjhw5Z84cogtuQvj99985uESJEhcvXlRH6wBfLq+YJwu3zltRSJ7k0RWi0Zo1a1SphSB2ysJHrVq14iPNiIDgI0IBT1rYBBkPWWDHjh0J4YyjCxcuyN9aAQxA5l7UrVs34q914OwaNmzIt6EyLb4gh6YbQol96oa3b9+OGzcuYcKE1JAkQZVai0mTJmF4qKuIPA5KYizXBWPFipUiRQp5LAhE+GrwUcol32BQ2+clB7TUzz//TA1Tp04dpttqEdUNHTp04FcZKiNGjLCHV89Zk1evXvXu3RvLINj06tVLlRqEnWfPnlWqVAndgAe3WiIiuqFly5byET9L0pYxY8ZAL9Rv27aNgxs0aKD35IPly5fLrPh+/frpPceKuI5cS5AgAUl/jRo1LN7y+/btc3R0xMOiw6Rk7dq1nJqbm5u/NzUcPXqUEI6qUJ+twq1bt0TH0OCjRo3Ch6od4eLUqVMSJDw8PCzekj/99BPfjKpmo+sXmjVrhpAtXrx406ZNs2XLZv/XG+DFixeEDBxmkiRJrLn4tDwrhI3lz58/Ik/GarqhTJky69evJ1UW+vbtiwKWq2uADUh5586dsQq71Q1//fXX9u3bpdpdunQJ/Q33COmG/fv3x44dG79A61h/Mpc9cPXq1Xbt2jEMSFvt4fn7SMqUKVOQnsQYuWVgBe7evYtvZbTgeaWErBe/7OLiIh/9gWLgYAvOkA+Kly9fSjAjnOv9XNKuXbvk8kbevHn1WO56xYoV8ePHJ0LgYfmIk8pjemp88ODBcoAG8uW7776zsm4AX19feU8pSXAEl4KuXbs2p4AJ6fEcEG1IJYlY5rdEMZULJgjGhw4dkutGgt3qBti9e7dc2CNQqSL9QbDKrZwhQ4aoonCh6YbGjRv7y5P5iNZnF+pEk8Ucj2nZrW4Akgdkfbx48RInThz6uU3//4hUWKFpBg4cSGPly5cPRyCW/a3h7Ow8YsQIYh65y5IlS3BDaodBqDl//jxJNk6wRYsWuXPnVqU6w3h+9OgRG8eOHSPX/N///ofuJr+Xla39wTjB2TG0UqZMqYp0AyHu7u6eOnVqMiTySGKt2mFpnj9/Pn/+fHnAr1evXv4eSbUItJts0LyyfeXKFX4OpFzD09OTAwKW6w0+vWXLlkQU7KFhw4b4TbUjjJAzeHl5cQo5cuQoWbKkKrUQ5OWfPn1ig/CjrewEaJSsJvA/RYoUkbnxgtx/sU+KFi1KsPj48SOyldGnSvWEfkGCk9nSUDJxVQ9ixowpk4tB7l8Dutme+wJI+1FC+fPnR2hOnDhRlYZEOE8Jd4aC+/PPP2ksZCMuVe349uDcly5dSoPMmTNn6NChr1+/VjsMQgFygfzs4MGDpNd9+/ZVpfqDWMGVsIFWoPvGjBmDMRO3ChUqJAeYg3d79epV0qRJc+bMqYp0gzqUKVMGKYP8v3HjxpQpU9QOS3P27FmULhtly5Y1n4pvQU6fPk3zos+mTp168+ZNKcyUKZP2VnQNRBJRMFDRpiu0Nucuq3ZevXqVekqEDivEpPfv3+MMK1asyAmqUguBZX748IHw873pfZiBQv5GJFYfTAvaaqHL3ogWLdqsWbNo8HPnzq1ZsyZ8DR4maECyAsSrg4MD0kGVhgskCH3BBm7fn8zFlV28eFF9+MKJEyfM+8U+cXJyQpJyajt37pSzC5Fw6oYLFy4sW7aMlsqTJ0+NGjVUqa25du3amTNnDhw4sHDhQv4lNqgdOlOwYEH0GnY5adKkQ4cOqVKDkMBSMSSZjodoCNMs5QjCL4JsE0F79+5NkMY1Z8yYUQrN2bBhA94tV65cstK+3oh0KFCgAD+KhyWeqR2W4/Hjx+TZWCznO378+B9++EHtsCje3t7ihhBe8+fPx33zi5ydP4d7+/ZtDkM3WO1qkzlUhqaoXr069rB///4rV66oHaHGz89v9erVvr6+nEK5cuX8nV3EEUMl0KKtpSQgxKdbt26pD/Z9vQHQ31mzZuW81q9fjwdQpfrw+fPno0ePnjx5ku2wTi8NCPpMvoqoZz6hBNiliWONS5cuUQH1wV7BYpFTUaNGxZL/+OMPVRos4TEvcghEg5eXV/LkySPeExGEVHXbtm2rVq0aMmRI+/bt27Zt26pVq8aNG/Mv20QjkqpTp07pKvpix47dv39/mSc8d+5cLSAZBM9ff/1Fc5GrZc6cuWrVqrKUlhUgHstNCmKzh4eHFALeNkOGDLJNJ+7YsQPTWrp06fLlyxla1hENAslijx49iEOE3tGjRz98+FDtsBCLFy/mm7FbQqZ2ypYFHUbPyvbz588nT57MeGQYvn79+tmzZxSiIVD2eBJE25MnTzhZlJkcb2USJ07M+EW23rlzZ8uWLW/evFE7QgfRArAQRIP5JAPLgm6QJdG+AhhogwYNYoOwevr0af1uxgG9if+XbVkvICJgwPfv31cfviJoGQcHBwYm4VKGZwjgH8MKwlamfBOVSRRUqRVB2aEM5DmudOnSpUyZMkmSJIwrOSNzCEW4YGdn5yJFitDl6u91AM8u82VoGRS0KjUIFgSoXDZEfVrTkJ4+fSrzHJs2bUqokGeCAHemPR8IqVKlwrQcHR2xolimBb7U31sLdDC1sviUW8avLD3CoNDPVsndySn5FfS0vJNJIK1BqdC8hQoVypQpEzFbLr9nz55d/aWNaNGiBdUgFQ7rFFEMQ5a8HDNmjCqyKIsWLeL7sUZUrCoKwL59+7Q3u9KShw4dUjvsFVJbieIkeIR2VaoD6GPJ6DJmzBju10ZrXL9+3dTG/wn4AltCgNzvw40QoaRwwYIFuA57nhcpUGEZrXny5Dl27JgqDZow6wayBFkqEXf2559/qlLrUqNGjYC56Y8//lixYsWgclb6curUqervdYBmwVEyYvmhZs2akdGqHQZBU79+fbwtvebvqTy94efkJjQ+6/3795cvXzYPbEBsIxcnA4ZopnVRUJ+66s5Aefz4MQEDi+rZs6elfCv6DJWGL4ORI0eS6qkdlkZ0Ay05fvx4lErt2rWDv56Ew1J/aSO2bNmCiqW1BwwYgKJVpSHx4sULkXf84fMALzexCN26dcMIkydPvmrVqpdfkBpik/Jx5syZ2l2MokWLnj17Vv7WbqHOTZo0obaoRv2Wnca85XFrbG/KlCkRd8uabiDxePTokfmo1HSD5v8/f/4s962KFy9u/xGBJAobJk1asmSJKgqaMN+n4G+uXbvGRv78+a0wvTxQvLy8Al7aevbsmTw2rT6biBEjBjpdLkUwxqRQDzCOYsWKlSpVCgPdsWMHNVQ7DIJGntonD6CPVJFVwOfKbWw8LIENJKTly5dPFj9u3rz5xIkTp5to2LBhzJgx06VLF8ysNJ0gjMksBE9PzydPnqjSiHHq1KnVq1eTXpD0o9tof7VDHxgXiRMnTpMmDe5behlBRo/jPSpVqiStTUSkGvhW+RNbQfo7ZswYWnv+/PmnT59WpSFx//59uSWcOnXqQC95RpwLFy7gux48eNC/f//WXxg2bNjGjRvJhdq2bctHgqL55WUfH5+rAdAusCPjCGl4y9u3b5t7RXk5iPqgMyjyWrVqMbIIqI0aNdLvd+UEs2TJQmLJSJfCiENwbdeu3S+//LJ79+7z589LCyP02YWAYFseExOdET9+fAv+tE6QjTMM8TP4xpDnZNBhYeLYsWOIX1TJ4sWLVZHVkbe5k838/PPPCDr8jpwLEAlwQCCdOnr06AULFuTMmZMW+e2339Tf68a5c+eSJk1K+3Tq1AlBrUoNAuPixYt0HCNqzpw5qshaaHPfZPFXei137tzZsmUL9PrZrFmzqGTAJQesAOJ469atsirL0qVLCWlqRwRANCRLlozhMG7cOFWkD3K9gVCqXUxi2OI9a9asuWvXLmIhvknK69atiyazh1fLUmeZQ1C6dGlVFCz0yKZNm0ym9B8yfp0u3lSoUEF+IvQQJslh/FG7du2hJtBq+EbS4qpVq/bp00cKAZ+JnTMedbpw4o8TJ07IjJYECRJYxLYDQo/Ig5dly5a1yEVN7XqDBgZTsGBBmtfFxUVK0MolSpSgUGyJcDBixAj193YM47GI6aUtderUQXeq0iAIs27A5mgXcgVJ7m2CvHu3Q4cO79+/v3nz5po1a+TKB9KbaCTST3ttCckljok6t2/fXkp0Rd7MxLg1loEKHjQf0YLUM0QbtTiabhgwYADpCGGMvAcjCfRljHJXzia6Ad6+fduzZ08q4OzsrAXacOPr60tux7cxgvReF4hUOLbpfehSbfKNtGnTkmWiw+QAAQFRuHBh5EXEzy7i3Lt3r0qVKrQP9dmyZYsqDRrq3KtXL44H/ZYsC4duiAjx4sWbPXu2+m09uX//PiGKX/zhhx+2h/1VzqHBCrohRPAt8+bNU39vx9BWXbp0ocLZs2cPcdpT2K5Skv2Qk2FYDRo0kMkmNgFnyr/oOMAZ5cmTJ1asWE5OTq1btyZg42FBe7QMzyXb+/btkxJd6d69O0kVwoVEJKwTs78diCJ79uzBUmURGFVqFeRCtGyPGTMG+Ys5IS4DvWJ/6dIlWeaB5ExKrAxOx83NjcQdfczQU6XhBYl29OhRNsing3mozyI8ffpU1jJB3PPv48ePP3z4QAYmL3HQ4LBXr17lzZsXZa+KbEeyZMnIGqNEiYIgWLdunSoNGg7DjNkgLCVOnFgKLQvRTm5AZMuWDVN88IWzZ89OnDixrwl3d3e5DI4skxJEMPVJnTr1Tz/9FNcEHtL0ff/MJ2AbYRQQ+RLUM/pJDtaVpEmTlilTBpPAD2DeqtSi8M0LFixgo0SJEuaXpSPOsGHDbty4wZfT2lgvLcxQFR+C/SD1KEc6ywKpn76sUcFY2LBhA9GTypA4jR07lkH98stsFTnGVlB5mXGC02NUSmGQiHwIDQx7eVopRYoUNJkqtQX0GTWvUaPG3bt3+Xj58mVqVbBgQcSgHOCPP/74I1GiRJkyZVKf9QTLkAXjihQpYoWXQUdSEFXp0qVD9p07d04VWQtcCV7VZPv/kC9fPsnnxo8f/zHAzEeEMrLG0dHROlduA4VgX7FiRUZ1v379VFG4wHmhkzhTBgsjQqcrwxoySKl2zZo1cUOrVq0ikhH81O4vHDhwgPyGREfv+oQSQrKM35w5cxKwVWkQIIYkVDRq1MjX11eVWpS9e/dmyJCBYN+zZ09VFIArV66UMr2vfNKkSVJCY/pj586dHEB4I7E5dOjQrMAgbMgknj59+lhnHh9RUxb7In+Q2GlZMDycDCeFxlJFEUO73mD+PAXNi4LEp8ljSmgUooDsYsxSAYTFYRPy/jb5BmBbwAXt3r2bbEpmnMjfWh+ZuQibN2/mpFRpYIThegOSkEFO7xKh5Z6rbXn06JHIohgxYqRJk4ZESqal2BZsVC6+YSXYFq0v5QYa6GtEN+ZEepclSxZVai3okTVr1rARL148ciw8F+KAj05OTuI0NfAF3t7emBkZP0eqUquDcCFyEJ9WrFgRch4QNJwO45eN3Llzk1XjraRcD8gxSFvZoLV37NhBrFq0aBH9LuFNgxIvLy+7Wp0dm8S/4esRENrchaDA1+ND2SDsyaPpOkHvZwxsRTIBnyytLY+Cg0Qjc2R6IAGsRYsWpDT8G5DixYvLBGGEiMWXDAkU6iNrM2MD4V7kOxhQXVhgypQpLbVISaATZmle2o1zSZ06NR/xadKMwKDj35MnT9LmMHnyZDEYQJi2bNkyYcKElOCCSpcuTfs3a9Ys9HNy9QNlqV0jCZQw6AbO5+zZs1jwgAEDVJGNKFu2LF2lPoSaV69enThxQn3QDdoH55g0aVK2jxw5YuiGgJDGibBFmEu6Zk127dpFp6RKlYpU4Mcff9RGOAkxgZlEfM6cOaQFHiZmzJjBLlSpdphNyJMnzw8//PD69eszZ86oorCDC5PFTEludA1ycOfOnYMHD8o2427u3Lnr1q0jCRM3SpCQtdoGDhw4fvx4ny/LQ9kJlStXjhMnDpH4QkhLGXKaasumkC9dDWlR0TCtY8u3WblTsA0/Pz/1wXIsWLDgr7/+ojdlimIEIcCHqRkhmHWmOWXku0QKgRK8k5b025D79+8HH7lC67XfvHlDE5Du1K9fXxaIsCHy8P2pU6dkglvMmDFJFtnQpFygkANZZ5yTslSrVg1lQxwSR2lgDkZJlkn7dOrUKRz6L4LgE7GTBAkSuLq6zps3L3bs2FK+cuXKtm3bkgF069Zt+vTpixYtWrZsmUSOPXv2kNLJYTYhX7581JPwgKwJ3siDgfEilyvQTP6WyLU4dLFo9MaNG+fOnVtTh0uWLMmcOTMJPZqsTZs206ZNk/i0ePFimVcoh9kWvDkqjXyLIBHwjQPmSIWxYf3M+Pjx47dv32YjGIWNZ7Psa3Gsdr0ByM6jRo368uVLPZyzDHb1wabgWLAlT0/PnF/ecUPdevbs6e3tzTZpiW0zEyFevHjlypVjI8R0N7S6AY+DBbOBV/V3OddW4MoZMGxgduL9ye9Rl6ad/yJatGjWzGtp/SpVquCdnz9/HpELy18reOS3b9/mypXLsjOVQgminn+zZ89eqFChxIkTt2vXTsqxpYQJE1JCrZydnRHHTZs2bd++PSqQ+DFo0CD5Q5uQI0eOlClTYtuXL1+WKBIO5DlkRLbeooGBuXDhQrnO2b9//3379vGv/OirV6+ISTdu3JBbiiSCiRIlih49+pMnT2rWrHnw4EF70NnUB03DBsE4+HhMhWnSvCZUkaVhpNCStB5KSxUFQVzTolXqQ8TgFwN1pHpAU2MGz549O3PmjPhzeyY0s4kDHV/IYlQyQcE86+asOeVYsWJNmjRpy5YtFrkoEhGIpIxHNtDxwWdKobUzxrk8j2D9C8sBQd3L0xwvXrzA0SAaZNoqgi5Qc3dycsJdqg9WIUmSJEQgfAoGoYoMTNAmoqUyZMigdwALFMwYNa3liOYXeFesWIEJCRcuXJgzZw7dN2PGjKRJk86aNWvz5s3qOKtDVTt06MDQI77KmzXCgYRq1JJ+QU5Dy1eoM/EMGS1TxoTcuXM3btz4999/l+l4pCKk+Oihjh077tq1SwSHbWHw8u/NmzeRjMHoxQcPHvCvZku6EpTjpbnkYYTKlStrD5FFIjJnziyJ6J9//qnTJXqcv0Vahl6uX7+++hA02jQRc06cODF58mRXV9dly5bxMUWKFLVr15abFAUKFChfvnyxYsVs/oZIWkmcA+OXFEUKA8X2IiAcYGeFCxdmg7RmzZo1d+7cCfQiz969e7dt24bfHzlyJMruzZs3586dU/t0Jp4JYiR1UEUGJj5+/GjbxTQloyXrJQNgQ+aZC8OGDaPL1Icv4AWIZ+jRESNGLF261FbP1spckPv374f7eoNEFzS0rZZ51eBcyL3c3d2rmxg+fPjUqVNxqWScffr0OXz4cIiXSfWmZMmSBAmcxvLly4NZqdNq15ZpELpeffg3yJrIvjqtTCektV+9eiUlloUgLTeyIwjOQZu1s3bt2qCujsjjrODt7R3opA20+5QpU+bOnSs3BcigJMu3OdFMy5nL9o4dO2QjUMKmG+hgKyfugRI9evTmzZuzcezYsc6dO1erVu23337j4/r162fPnj1u3DicEcKiSZMmLVq06N2794IFC16+fMkAk5tJViBNmjRp06Zl4+7duzdu3JBCAyA9CuvcIsvStm1b3D0hCuHv6emJjokTJ46bmxtdtmHDhtGjR6vjvoD+I9eXJy8QoHrM+g4N8uwJMSx8N563b9+O4nF0dCxTpoz1s1JfX1+JvpKX79mzh5GIF9Yg0ZSkEzHXrFmzkydPUvjPX9qIVKlS4VXYwE5wHVLoj127dslTefQLSbMUWpbnz59Ld9N3derUGTRoEP7NnEePHmHAUg3+PX36tNZupnb9/+0Q53jakNKlS/MvJhGUNoogsWLFYoyrDxFDm5g8a9asYsWKlS1bdsiQIbIqwdu3b2WKho+Pz5EjR/r164cJae4id+7cZB3y8EiOHDmIUAxDud6AjsfJ0I8hPr9jR5isKwQ4JXlnIO4VO1al+oPKpjMYt/QE2dK8efNIRwAvg9yT+vtDntY1v6ZHCUYjJQ0bNlRfrT9//PFHkiRJ4sePv3LlSlVkYHoPnmRpixcvpn9VqRXBmCtUqEBOQAoiMp9Q+u7du6FDh6KJM2XKRL6L/9LABYwYMUJuqWBFyFCcuPouK/L582cUD3WoXLkytVKloQafxSjAbYVmGcSIQ7IivTxz5kzadurUqSgGBMHVq1dJthihuPKff/4Zr0LQpWLIMvPcnVFjwVd5hQNam8AglQnqHVHoSLmdQb+oIkvDYCHzkWrQgLQb3syc2CbEufEv27J0NJC39OrVS7YzZswozUviN3bsWFwTHSTmLaDkOEx7up6IGOKKgRaE0Cu/i5WqIguBdfG1lnL7+KuuXbtKVQXpFBQANsy/0hH4CjyJdtWBY0hiL1++/Ndffw0ePJiPLVu2lG+TpWCRg3y8d+8eu/gYmtdK6QddYKr1PzJUFQVGaHVD69at+S6M+FlIa6FEHEbLlStX8NerVq3q0aNHvXr1glqbEr1WzoT50yx0JOlCqVKl8LDQrVs3ekJmo1hTN+zevRshGTduXNICVWRg6lwZHqT7qsjqkKWZLyRQvnx5KZc1hkMEzSrHWxOczi+//MKvI3pwMao01IhuSJMmzf79+1WRnuAlXUzL9eM9hw8fLjdu8SF4kvPnz5OlMUj/acovYBLOzs6EN4GP1BaJZgVvExQyDRwOHDgQqMBdvnw5aSIH6KcbYMyYMf7aygqULFmSRFnVQH8io25ACmTOnBlbJdYg4KTQHDQc/p++YwOVJt+AqzHXDXXq1OFvR40axUftm+1ENyxYsEAVBUao7lPgs+RmcIECBfSe8/n48WPasU2bNnR27dq1GTaenp5Pnz5FL9NPxYsXN5/RSudxnsjndu3aEaEpadCgAfLtt99+I8vfYAJ9Xb9+fQSEiEGrQW6H6nz79u3JkydVkYF9gAmhgAPe5sfYRNNoODo6YnIaxF0Ku3fvLhPirAkVowLqQ9hhWDGKOXHrPERNQ7Vv355/Sdz79evHCFU7TOslE2i1G7qEXpwpEmGaGUWLFn316tX06dN37txJteVIK4NDF1eD0sLFS6H1QX7J7f/o0aNXrFgR7RiQJk2aiFvGSYqh+oPwZmXv99UzYsSImTNnYqvEGiKOrDYtu9zc3LB55HKXLl0cHBwwpB9//JFyWduKoCuHsbFp0yaEtY+PDxmyrD5nP+TLl09tBYpJPYTA69evxexoKVWkG4cPH9aWUhc4gUWLFq1fv37SpEl4HPPXGZDH0Bn81dGjR3Pnzo1vvRPEy0u2bNlCD+GPLl68qIp0hkaTR3Vr1aqligy+XG8gHjNOVJEtePnypXYFWLveQJdpugGhiegkZlw148iRI0WKFGEsoGjvh/1mQQSRW9QYFTVRRaFGXpldsGBB9Vl/UMxk5OZXCuV6A7smTpyojXGC4rp165AX8lfC2bNn5bFDUgUvLy9Val1u375NxKUOZcuWlWr7wzrXG2jG5s2b47ugZMmSU6ZMOXHihL/rH8+ePWvVqhU1IbW9cuWK2Ko5/Am74sSJQ1JLrNLAnzdr1gzbgNKlS2sTX76y6w2MZXSzKooYu3fvlqqarzMN9Ii80CR58uR4CekgDk6XLh1DQD4ihSXxkOsNCGJpcLQFQU3zPHZyvSH4V0mEQYTid7Rz049Ppof71QcTuHj8SLt27QYMGDB//vznz5/T3JqJC4hxuQMd1MxHXAD1p+cYY6pIZ6ih+S1bA0HSxwwZMthk8QYNfOjPP/+cPXt2tqkSgYENWapIQI9iM8WKFTO9JU1B3CW9SJUqFQn0mDFj5NEMq8How4ZRD+GwYSyfP5fXFluHmDFj1qxZE8WvDVXpenzoo0ePGOOUFyhQ4MmTJ0OHDjV/SITDaGqZan758uUqVap0796d4/FWcoB1IE5LzQ8cOCA1DwrOCNQHS0MztmnThtCCsVGTnj17omMYO8m+gPBCY8lD8u/fvyf3XREANDp+FbFOKlzJjKZNm8qTxrBmzRptSaKvjHv37llkcjoWKLrB1dUVJyCFAoNLLgvlyJGDDQmUhw4dMl/MCq3M+GWDrmQ84n/kiQyGM0iwcHFxEa1jc1avXq22AiNUukEWP0lqQkqsAENCFhW/du0aPpq+RzGgmnv06IHW83dWjHAiAf2K1lNF/8b69wg1GLH2v56J1RAHxyCRIWRDsmXLht+MFi3a0aNH8Zt0k0xcwPBIC44fP04S5k/CAgMb20uUKNHixYvxyMFHFMuC8ePZ+cXwRVDaPH/+/OqDVSD0VqhQgfxJNOLBgwfJhkEeqCH33blzZ5cuXS5evFijRg0KD5tYuHAhGfzAgQNN3/GPgBs3bly1atWsvP6udp8Cw5CSoED06LHWoQa99uuvv2bOnBkXh0ESY3zMuHv37oYNG2hVjiQgeXp6qrsX/wYXxIjzl8mINsKuIF68eHxUO74uUHWWGqeyCAoDMKgxSBtq2TXZiPnvnjp1SvwJ/ZU+ffrJkyfTXwSmokWLjhw5EknHLgSi3HC3CTSUttyTXEsLilD5bnl9C+rBCg+vR48eXWrs7u4uT1eag0PngL179+Lo+ejt7S3nicKQ3DF4SG6seWcaL89Yffjw4dWQVo//dpB52uqDrSF0pUuXDu2/bt26EydOoANwoAjTefPmJUmSBA26fft2dagJxKuXlxeDv1ChQsSzmTNnmj/5pjcxTO9vY+PcuXNh8oMvXrwIfvU3/cD+kQ4Efhzl5cuXGzdujFbQnmwkELZo0YIDkA7kcDhQaNas2fz587UXDwr81eDBg635ECzSUBaJCREswU+HdyuYQ7utWrVq1KhR3bp1w2hr1qxJ3UJEVsMLJRiJkd4EDyMd0cYGcTBENalBMEZtYLqzZ88Wy8dgtEVBSMV//vln1LPMJ0A3BB+wdYXz+vPLy/q1d6QFSqh0A5KWfxlInJWU6Ac/IRdqUG3ataC0adPKdUuce//+/Xv27CkzrXCgYZIyhPBbt26pD/pDdMFvorfE2gzskNGjR2NmR48eZeg+Nb11N378+KVKlUqYMOHz588JeLNmzVqzZs3KlSv79u1LSGvTpk379u3379/P3+7bt69Tp06S6lkTahsm3YBsDfcqkxEHoV+tWrXatWuje86cOTN8+HBzGY1uGzRokDzQKDDYOZgMe9EXyB/ICpYuXUrjW20JlhCR2fLqg87gRrJly9aqVauxY8dik6Sq00MByZU0YNmyZUO8Z2oPlwDtHC0khemaHxEKv9GyZUvUsMh3LLxt27YSHX744QeZAyRCmRwm4DVOq4EYEkdRvHhxPKEUBkoYDIWIHtTzkBZEHlyR7VixYsk6X4yTOXPmaE+qmIMnCs3NRZvkuDIOiUbkqVJiYA8w7D9//swg+fjxY8GCBREKaDuC8fv379EKvXv3zpw587Vr1zjMy8urR48e+GvG+fjx48l6L1y4QHJMciZ+lgMaNGhg59eTODvbppIxY8ZE65Ml43lxTP60PhHRfCq0q6sr4x0Z1/AL7dq1kwv1Bw8enDhxIh1nneGMmnF0dFQfAkCC6G8Gt9VInjx5zlDg4uIiDVi1atUQdQNeV5NBGLZ2sT1SIx4YZS/PA0YcacbLly9jxvgH89Aj22KZbD958kTybcx18+bNhw8fxucgIFatWrV3796RI0fWqVPHvFP27NnDv+nTp5e1oWyFnEWGDBmCNxi7Fphx48aVh1vixYtHa8r0ZnB2duajCCI6YMWKFThuuQRkfj2WLnz48CFeHkgZw5SiWQSshKHo4+NjLBlpKwhRDODHjx+LGQCBv1u3bo0bN2aI4itJIM6fP6+O/nJREUcjgRabQSL4+fnhgDgeFzzBjJ9//jlZsmR8IaI29Nctv00SJEiwYMGCYcOGBYzEy5cvp4UZKUmSJIkaNerp06fJutQ+E+xyc3Nr0qRJjBgxpk6dik/YtGkTXljt1g0sB9SHAESPHl2uv1ITK1QmIpBchcn7FStWLGPGjOpDZAbRT/xjLFvkPh1aSp5bYbB36NChY8eOY8aMIcHAwxNoxo4dyy48DBpl3rx5mOvChQtNf/cP6dKl2759+8yZM1HPadKkIbQRwvhCqidyTV6DwnbwAVtXSHHlqZBGjRrJcwZBYde6IU6cOHKLTqY0k7Xg6J2cnEg70AryUCydVK9ePZS13LnYsmXL1q1b0XTz58+fO3cuu8hmgA3r6wZRu2CTqx0GSMkZM2a0bNmyefPmYgaQPXt2ctalS5eSDTD+gd7Brkhnc+fOXaRIEQa8hru7u1zxwk2gD3AEOAuNcePGde7cGbtisGF48lCGQVCgCbp27Tp8+HC5oIiHlTecnThxAnlH+o6wYFAj2mrVqjVr1ixvb+9Lly5t27aNscyue/fuMaAQdui8KVOmWOHOizZsfX19ZcMfZcuWxfXfMqGK7BKaOkTvh1bTDJiTAtmO1NSvX1+e23/w4EGY7mgHBXFdlsqgSadNm9a7d+/ChQs3aNCgdevW8sIqLKFSpUotWrTYvHlzrFixihYtKpOCSX3RCmgCrWFz5szJRxKPTJkyPXv2TBL9mzdvYvO2uquInUs1tMgVFHanG8hLROqiFWg+eYKDzuB8sAB2ydRI/DvBQHuWjwghPggZQZwg0W/atCmdJ7P3zaFpRNlZAS8vL+uLFQMNAsz48eMJ6hs3buQjAx6zKW8C85BrBgxadjHUSWRxBOgMcgUNpOeQIUMws7179wY6o9bDw6NEiRKEOjREWKcdfIPgdmlqvDkudcOGDb/++uvx48f//PNP2o0YTL+MHDkSV3vu3LkBAwa0b9++bdu2jGI6C9AK8mCX1RBfj+cJ6EYEuczw3ISU2DNv3749duwYaRUxj3818LTsJRmz/mpmQrhf1RYixD+5So0rkAARQRIlSjRixAiyUGw1ffr0lPj5+e3evRtj9pccErlIKmbOnFm5cmU+IoKx9i5dumDYZCCUYFTYz5MnTxAcvXr1kmtsdEe7du3IUn7++WeOPHv27D/fZRWCsfNA4GxDZNSoUagkcnpGuCrSE3wHFeMXyQ4l26Pv3717d/ny5ZIlS+JxfHx8OOzQoUNINjzRpk2b8N3+BDIfUXPFihXD7yxatEgOprxKlSpWW7GHOESOhRKywnpZkYWVK1fSNa6uroxkVaQPJE8TJ04UY4gRIwY568mTJ2/cuEHaCox2OUxeQ4Bty5MRAUFlErR++OEHhr0q+jcMinTp0qFlsVV8kyrVgcePH8vLljDpDx8+qNJQ8OLFC6IyptitWzdVZFM4EfQW9WEs43xjxozJUEUWyF76KODzotiMIB/x2nSiHK8fBNTs2bMTe4J6qQeeR6o0ffp0VWSXIJepJA3u6OiYIkUKtDL/apCJFSxYEBvWrpDLGxOsBj8tv2vxdZ/QowRvvhn7D2pJwLCCY8GAMT/k15EjR+h6xiNJbNasWcVEa9SogT6QN6JxPI0pZycQsMh+pcE5mE5Bm/Ivu+TPBTlS1oxBQK9YsYKwRWiXOugBbUW1+d0CBQqQCKnSIAiDbsCq5syZo4r0hByRJvunjb/AT6MV8PXyGkwxa5EC0aJFw4cipem/JEmSMMjz5MmDJCRlodsoZy8tQotzAH9rQQMKEdENWbJk8be42LcMQ05siZGgivQB/V63bl2T+fwzLw8prXb8G4wEo8LeUPdoU1X6b06dOuXg4ECqIcs88M38lcazZ88mTZokP+Tm5vZGt7cxabqBAUKmokpDh7x6o3DhwuqzrUGNkbRpwxx7oG3Vvr//lnmmFMaPH79q1aoMZ/IwmtrX11c87JgxY3T1ocLUqVOpA9DFqujfvH79Oo7pRYtkh1RPldoZWGyhQoX+aeVQY03d4OnpKfetkC+7du1SpRYCI5EFEDGbHTt26GEzjERCDPbMwDf5g5e4EXNZL7oBF5QsWTJ0W1DPKZBKoUUQB8ePHx83bpzchRewQNISUpf69ev37t2bdOjhw4fYZFD+KnxgJ9IRbdq0IdNQpUEQqvsU8kpooi9Iia6gd1DERBectZwJv9unT5/Lly+LEOMMTQf+A+fASdIrrVu3Ji+MFy9e9+7dOZhEgSFNOf2EmOAw2prj6V3zP7cC1DnE20XfDoQK9DUdyhhWRfrAoPLy8pJthvFvv/1G3JWP5mAkXbt2zZEjx4IFC2RKsz+IVaTFJAdsTJ48edasWahyjE2jcePGnTp1koN37969cuVK2daP0NyuDhS92zz04AdJQho0aEDb8pEBYr6WpczJomTx4sWrV69mOJcvX56eAsr5W9yCuAJd+cffmZ64k4nxAaEmnAIb3t7eFrl9rgdYizwHjggjGqEgNUqVKkWWTPoL2rNyxCeZ72kd8Ma0MBskgXLl34JgJC4uLlgL0Z28ET+gdlgOgjohBkvAksVEsd6A4oCQf+nSJbKXDh060PLmq3oLx44d69GjB8HryJEjzs7O8io4IKLly5cPUcXXooFGjhzZuXNn/BVfOHr0aAvOuL99+7ZMcCHc46KlMEjosxBBVkvk+/XXX/lqVaobBw8elMuDCB9cRgrTcykIRs5H5qQ0adKEw+R6A+WrVq2SPxw6dCjWH+j63nhMxCx/myBBgo0bN4o70Bu53sDIDCrZ/QbBlogBdMTAgQMtq5f9od2sxTkiHxkJ2pVwf7x9+1YuZuK29u7dS2fNnDlzyBcwNr5B0twQwRfo96LqW7duZc6cmV/55ZdfwjoMSVPwZQWt+H6K0ICU/+mnnzgjmvf3339XpX//LavB0il0jSoywZDHTWfIkGHbtm2qSE+QiVSDXwzKUIlGgwcP5hjynGvXrqlS+4DkFY83depUdC2xh0rSbgsXLkT+spe0GDs/d+7cgQMHELuAp5XDGAXWvD46duxYIiI/rdO9HmyMVJ7zIt3nrFWpFZFHMNq1a4frU0V//00veHh4EONSpUrVqFEjXKIk5wHJmzfv3Llz6SB0dv/+/TlYW7UZVcSXqG+MMGTd1MfR0TE0L8gIlW54//59pUqVqGjdunWfPHmiSnVDdAPDlXH74sULmkaaSQMlwSgV3cBhEydOlD8cN24c4WHYsGHy0R8EErnPRyC3+I20QKlatSpdW6FCBe1uugGRgEhML9SqVUvX2QAzTCuKYiH4x5YtW7JNR2gvlScD27p1K+ksINtlRXM6iw0IXm4T5BD7JJqAIW3evNnT05MEgl34aP18k0yngu3bt4f1iiv1JBMiJJw4cUIV2QekIpwRLU/dVq5cSQmnJrdjUJZyjMaECRNwbcg46wTpEHUDVdWuUVH5sHaKfty5c4c2dHJyMk9qv//+ezxn8eLFK1asSBti50WLFsWxL1iwAJeLUckbFqysGxCO9D75tPayacuCwpYnJGHRokWq1IrQnvx02bJlr/77dXToJHrEzc2N6EBKcPjw4QEDBpQrV05yYw18Eaq0Tp06RDfpJvNlQLNkyaK+LmLcvXsXe+AL0VghTm6AUOkGmh65xJdWqVJF5iTqCo2IWfNzBQoU4KNcBMZfoEkZBmzguCkk58iWLZu5bihTpgwmyICRj/5A4mkXf5IkSWIF6SAdbLwP0xx0g0xS0Vs39O3bl19BRKN0Mdro0aMzSh0cHFDrkDhxYswptomYMWP+YxMmsB8O42DJgfLnz9/PRNeuXSnH8Ni+ffv2qy/IhatPnz51796dPx8+fLj8uh5ouuHIkSOqKNSIbiDlkonfdgKtN3ToUDkpWj5dunSrV6/GQnCdCRMm9DebioNz5crFYejOsE7vCAfoP7kKxc/JtfRAOXXqlFyLwkMGc5iVGTNmjKYYqB72DLhKKfEHQ4DYRjYlB1hTNxw4cMDZ2ZkfJdu2+OQGDWQ9g5dfCSo06Mcff/xB8/LT3bp1MzcPjFmughCSVJEpP3/+/PncuXOxf+w8VqxY4qPoO6IeboryBAkScC585AD+3FK6Ye3atbhEvrNhw4ahGVyhuu+OPaFM2UB3c8JSqB9oTzwITYNf5hdpqWjRoiVPnpwcETtDINOUkyZNIn3UPKmQO3duqsppq89B8+jRI/NFOQysBl0Z1llaEYGUK1GiRAQh4jrjFmmPhoDHjx9/+PABLc/evHnzYt5yf9fR0RFl8Pvvv0+dOpWDjx07NszEoEGDSpcuzWENGjQgLcMCBayUv8IO9+/fj6du06aN6WctD2OVaqsP4eXhw4c7d+5UH+wAspy9e/eyQUvSejdv3iRUN2vW7PXr13SEPEtFEs9htPCyZcuoP4fJMDd9gY7gfGR6pszACAo0qNx3I9baz9OYNJTcq6YZO3TogD3/9ttv9evXx4ChSJEiKLCcOXOmSpUK70prX79+PdyTZiLC+fPnsWrCVcqUKeUenB6QxMsUaXL6YBby0oPq1avLZB38nuhL4cGDB7gX9eEL6AOEAk4Jr4LE37p1KyFPpkkWLlyYJJnQRgm6gTPKaLmFuTCVNWvW4BKxFpK60AyuUOkGTiOT6TH3M2fOMJykUFfy5cuHg+C3Tp8+XbBgQZw7hZgXGfzMmTNHjRpVsWJFuZiMP6VWpj/6J4UVXRkoEjbUBwMbgVFKhoFTRl9LoR7gOvn3hemVTlhFFdMDBYiDVq1aoSFgwIAB06ZNmz9//kETxYoVw84rV648cOBABk/Tpk2pqoh68PLy2rZtG3420Clj9+/f53RwxwHnQ1kKwqesbIakjmOaHhgmcMr61S3ckNPLmyQbNWrUo0cPeufevXvoA/zj06dP8fKzZ88mdW7RokXNmjVRbLg2si7yCvlzXSGaomPUh6DBTYm+uXz58m7TS5btAaIO3U1bdezYccKECdgzipZMSUyd7GvTpk0bNmygebt06WIFERYoDExGDU6e4Yn20hbjsTjYFVGWqEyfLl68WJVal0uXLhHLtJwWszGXEQFBz+GR8D+M3Pbt29Nr27dvl3dfUTJ69Gh5jNMib8Y/e/asZOC0UsmSJaUweEKlGzQQa3pMSQ1IkiRJMCZ0UMA58AyJli1boqDHjx+fPXt2/Onq1avJEQ8dOiQre2Acvmbru1G4a9cujkG10XOqVH/Q0brGxcgLqhbtjLHKEg6q1KLwtZLIMt5u3LjBcJWPDLNBgwYRiqBPnz5Vq1YtUaKE6S/+AQeKSFUf/s2CBQsY6uw1fwOTgB7F/ZFruru7m9/y0AkUPEmJ+hBqENxZs2Zlw9vbW79ldsIKydM109uxGzdu3LVrVyKctnIDrmbSpEkU9u7dG48pqT+gmcR76g2aBinAhjhoKQwI9UEvxo8fXzM5e4CR9ebNG7yozCXyB/o4RYoUqVOnJm1FRttKN+AhpVulPlKoE1myZCESE7yOHTumiqzLjh07aGoPDw9EAMk92W9YF4Wk/nLpK0aMGMS4Bw8eYJaFQ/fK1mAgSDG+Ll68iBloNw1DJLS6AROUOQeenp5Wu5zl5+fHz8kyTWiIK19ePEh7kfnVrVtXXCE5JZqgVq1aeB9agdGOUOD4I0eODBs2jEylfv36rVu3lvXmUHnBCz1LgUYhlsSNG7dChQqqyMBE7NixJbegm6RED+Ta0p9//rlt2zZ86Nq1a/mIMQQM/IA3QV4wcnLkyKGK/s2ePXsSJUqkXRvEIBkFwt27dzEzfF/69On1c8GoE8YClp82bVoUjCoNCzJzkzZHYUuJbUHMSZaTIUMGwgZWwTidPHmypO+cKeqf4YwUIxlFk9H+FBYoUICxb/oCHaFuK1askG2UZfDdipqkVmxgJKQxUmgPkGGH2FaEH520e4g8fPhQlBnhkIEphTpRsWJFBg69s3//frluZzXGjh0bLVq0d+/eHT9+nCE8Y8YMBMTw4cMlucVNoeNxI7ayHILU0aNHqV7OnDmLmmYjhIbQ6oaUKVNK127evJmTlEK94YcYvYR8LOzt27cbNmzA0YC8k4KsS3tWHiGJepVnPdBxDRo0wLe6uroOHDjw8OHD+FxGPiKjc+fO/MmBAwdwUvKH+rF+/Xqq/b1pDrMqMjBBoiNXwwgSeo8Wup6Beu7cOckz6PdAYwDWhdB0dHQMeL2BcpQrB2CNbIgF4n1+NoFFYVcM/rJly0rA0wkSFLJzbAkZ6m/GdSihhsRdIrF1LhkGBc2Iq0JsMYrlgQUcliRSCPo8efKQV1HPfPny/fbbb6QK5P2bNm1aunQpyTHiTNSP3mCWMpskTpw4IfqKdOnSZcqUibrxJ/IEaSQC92iTiIUZXLt2TV4e3bVr13BcQgsTGJibmxvxG51EmLTmEPDw8OBMe/fuTTzCVzg4OOBSXr16Jc1OMCIBxpMsXLgQFYWHIYoFGmFJfvhDhoZMmBAieIGTOuDN5EY/7YMNS3nIEGhDydy5c6klX33y5ElVpBs7d+7EiasqhgL8aZ06dZBLAc+c3lqwYMG6devoDPXtf/+NmZYqVYrOU591QKbIIXLVZwMzJk6ciPWTD+FqVZFFYQSaJ+V4dv7FojADdcS/IQ9ImjRps2bNGJzEM8DIN27ciM2PGjWqSJEiwYwohEjmzJknTZrE36qv04F+/fpRh9y5c4fjYQoBa5d5Ql26dNHV8gPlxYsXqDealIZq3rx53rx5NQGXP3/+s2fPymEnTpxInz49w1NblEUgGahUqRIq3DpPYCIT5Xn6KlWq8NOqNGiWL1+OdRGcBg8ebP22DUjjxo2pPGpGfQ4apJs/JW2d5ykeP34sF2nAy8tLleqMzMhmtG7btu2z/o/kBIQYhAtCEDdt2hTTSmJ655YG4RVXQ4rONr1w+/Zt9Wcm9u7dmyFDBrR1u3btduzY4ezszPbVfz/bGVZu3boldk4uF6aRFQbdsHv3bgwRvdOpUydVpBskcHI+cePGDShFcaD4mv79+9MBNU0v9a9duzbD9fz582PHjiUhA/ysXHPGS6ovNYPvzJ49u34CCBeJXqFijRo1UkUGZmzevJlYjt2PGzdOFVmUWbNmIUpQ92h5TUDgNRAE6ogvkHksWrRILjMwYglpbAsoCflDf9CtfLOYWcWKFQmEDA39lm0QihUrxk9HRDdwpu3bt+dLSOgj6G5Cz40bN9auXTts2DAiGSMiWbJkpib0T+XKlUXWYw/0V6pUqeTPNRYvXozoIV/8ZJVnHUnC6GUq1qdPn9DIwWfPnmEM/AkJjKxCYVvsXzfs379ffg5PTuupUp3ZunWr/OhPP/30/PlzVWojSJlIVxAQ4klktrgGGoJB0blz5zFjxuwyPaEquoHYlzNnTtwOItXJySmCw4G8SH6ub9++YUp7wqAbXr9+3cC0qCrxWBXpiSxDUaJEidmzZ4uGANIU8r9Dhw5dv379/fv3HIZ0oCkZJ/JXqMh7Jt69e3f69GlGckDdQDIaO3Zsvp+eUEWWhjqTG/Hr9LoqMjCDKIv6jBEjRsaMGfVYTFNW3CJDJa2ReTnAMENrzjTRs2dP0h3Ily9fUKvq8g0aHh4eLU2QWR47duzKlStiZvA//Vf7IfrKmjzu7u7hTmep59GjR+WG95AhQ8wvv1kQfuXjx48EHjLvcuXKIbCQX+ZXVmnM5MmTcyL0+5IlS+QuHqFL3onQsWNHPvobs5yyLKVgNd0gN1CyZctGeFNFIbFx40aqx18NHTpUFdkIkhaZLhc+3YDL1VsEYyR16tSRn8NOULRqh84QGjt06MCPEpWts+Ro8NAOZMjiRs6cOSMehsDEGJHGAZHReKosWbKYjyMgyYnIKPb29pbUumTJkhcvXlSloSMMugE2bNiQJEmS+PHjW2HRJNENCAUSrClTpjAmUWQIRn+Ow8vLi7S1fv36AY0P66cDqlWrdvfuXVzPo0eP2Fi2bBnxg3L9dAPaZcKECVSelPfFixBeEPLNsn79egI2SSSRWBVZCCQjw4z2RzfwkQEpyoBOR8xhSIDNUOIPDsPVtmnT5lcTdCLSE8sBrEvQKdwGD8MtQYIEwdxnCSUPHjxAUXGm+E1OSpVaiLdv35JqM9zwDzg40c3SsBqJEydesWIF7ltEP4157do15AVH4lh69eolz0qYrwjOKCZ4y9yRdu3aWaH9qZ4kKq6urtoNlBBh1MtCDunSpUOfWUFNBgUuMVeuXGRToUlaXFxcqLM5dIfapxtIRiyQ3ypTpgzRS5VaBUS/RBYGu8WHQAQRD4P5/f777xUrVkyZMiWaO168eP7GET3LEGvSpElEbvJirnPmzIkTJw6OhTwqrOYaNt2ALMLOOA08MkJJleqDPJGVJ08edMOMGTPw9fj03bt3q91foKHxUIyTgDfJCBhUFfsglWnVqpX5Qhk0fbFixRDm6lCLgjqRp/sYFVRPlRoEQN75Vrt2bcteqDxw4IBMaBDdAPL4Bq4qTZo0WFH27NkJnxpy15PEV48rHxGHeFyrVi1qSOzEtFRpeGEoIWdJMcmPVZEl+Pjx42+//UYlNUSE4f6kkWlztFqpUqUC5rKenp6kB+rPTPKOYX758uWTJ09u3rzZw8NDehNQclaIx9QnrunVxugYVRQ6SGGlniSCYbrqa1k03UCPqKKg6dSpE0dKtQUr6IY6derQy7Fjxw7qlTH6gfl17dpVMod+/fqpUnsFof/HH39Ur16daJgqVSoiHYlWhQoVNm3apI4IL8ePHxcj+emnn1RRWAibbgDaGqeDHres3wlIt27dsK1Q6gZ0mfltReIQkp+woYaCGcirggULkhnodJ0Kv7Zz505JcAcPHmyT2TeRBeI0houeo8VUkSXQUgqilNzFRDcQLN3d3devX48JmU8RIOCRlnFw3bp17fPi0Pnz5wsXLsxYsMhcme3bt8uF0AYNGqgiS/DkyRNtxRiaGpk+e/Zsmvrdlzc74C4YpISK0aNHB7y1vH//fvPolT59er4td+7ckpVqhGbl/Ijzyy+/cAoM4YULF6qi0IGXz2p6MhxQPKrU6mi6oWfPnqooaPzdp8CX4njVPn1g9MnlHMRiwPlGVgA9imlRgcyZM1tnmm0E+fTp04ULF9asWfPrr7/OmzdPHp2NCOT/jRs3jhUrFuMLAaFKw0KYdcPNmzcZVERxxPhrsxd8WZzx48dj+iSIaKsQdQNGgB9kwOCtkGPFixfPkiWL+bVoHGW+fPnwCMSqS5cu3bhxQ/29paE+8sAq+SsjxIaXK+2f9+/fM3Qxp0GDBpFVq9IIs3XrVpmTzL8bNmzAYh0dHclZA16RAmy4YcOGHDxt2jTr3DsPK7NmzYoTJw7GzHmpoghAzJZXUDKy7ty5o0ojzK1bt7TnFRMmTBhQgZF/4zE4C4Q7g1SVmjhw4IC83Ej+PCiKFi368OFD9Te64ePjI4965siR4/Hjx6o0dGA/MjECEKm2GvuiG6gDctk05a5C+/bt58+fvygwChUqZN7yP/zwQ1jVUpjw8/Nr1qwZZoDTbteunQVHfZjo1KkTFcDzsKHrW3LsEKR83759RZHLpKJwEGbdwGCQOUqMLv2iL9CdmBfSoUOHDnglDJqPw/79rkuy+Wem9bqpD8Iifvz42uR5PuLIKClRosTevXtxB3yh3FXVFeqDOVKBypUrW8HNRWrwszJNCdfm76GjiNC7d29JoTCeFi1a4MqJuwUKFAj02g9WgZPFtFAYqsiewJxat27Nubi6umq5ewQhayHVADYsNV2AvI1KCgw9uiCgCEM6yDUJEoDu3bvLc2gQL14884sN9B06r06dOqh8Atv169fr1atHOZFY73ujODfaBH8CU6dOVaVhgVyQ2hKJ48aNq2sADoajR4/mMXtlImDeOMZAMW95oES/atO8GzdulJm5SZMmtcLz/EHx6tUrufmVOnVqqvRNZXdEpZw5c3LuDDFf00vVw0GYdQOQwOF0+OE5c+bodx2exJ1klF8BXIyIAyQL3pOciTBz7ty5xYsXIwvM9TIpJqZAroCSOn78OAZhZZvo2rUr9UGy4PJUkUHQXLp0SV4oNW7cOIvY0sePH+VpQyFZsmT4UIwHmauO+Dc4Lw4jnl2+fFkV2Q2YLrm4TM5Yu3atpSx5//798p2FCxeWpb4jCBXDFfzT3KbAg/3T7J6envSFHICbZsCCzBcOFO1yRaVKlRjj2smSkrq5uVHOYJcS/SDqyytzM2TIEO7WXrlyJUGRL0Gq6rQ8SfA8evRI3sYikDvhEoWAz7T7Q1fdgAhu1qyZ/BAJgyq1EQsWLBCTQ5Hb4djXidevXzdt2pSzxhIicqc+PLrhxYsXpHH8Nt4Hv69KLQ3j9vDhwzIxXsPJyalXr15t27YtW7as+QOvmDtaoU2bNps3b96+fbuuF0KC4cmTJ3KFvHLlyhGfwvYtQETp0qULLVaoUCH0qCqNAKSnFUwLe+fPn5+09R/jMOVbAwcOVEf8G3Fk1apVI6qpIruB8NmqVSuqh6lb8J4CoG5JNPGbo0ePjvhFOIaqPKGNM+rdu7dMLsmbN+/SpUsPHjxIHELuM2Ah4CupUqRI0aRJk549e44YMYI/JMht2rTJ/CoISQJChMP0fnCOH12zZk2CBAmoFfpGlYYdPz8/3CNSNWbMmAMGDLDJBMmpU6fKa/8YAoMHD8YlCtOmTevxb+g480sO+ukGmnfZsmUyJNFV1pmqEgyIWnoHe6M+devWtez4sk/QbcOGDYsWLVqMGDHQbWG9DWdOeHQD4A4ymd6QGeiqSpbi06dPpIMeHh7+nls1B18zaNCg1atXHzlyxIZzmAWyLoYrtQ33faNvEPIzcdaEHFUUAU6fPi0Pr+MUJk6cKCskMlRmzpwpBxDkCA9z587t2LEjTlNWIsKBWuEeVljRWoZBbtlH6klJ5QJe0aJFUVqqNLx8/vxZ5DIqn9Rt/fr1cgmQBDd79uxyPSkg3bt3X7x4McEMd8aXXLt2jS8h+bt165Z8rSDviShSpEjoH4kMH0hY5CO/RTUi+KQVTSoBCfFqk6vxpHaSVlGNcuXKYfx4SOHYsWOETCQpPpyPqDGxBEE/3SCTmeRXkDVWeJ42RHx8fGSuD8oJd6FKv1LQ30hzMUsXF5cIptbh1A0fPnyQ5x0cHBz8rQhrcXArI0eOJDeKYoLcUWY7t2/f3svLC51oqfu+EeTu3bvly5enTZycnGwyTziS8vr16+bNm9NuhJmwLj8SEE03DB8+HL8gT3xBjhw5evXqxS78KcZDZowh/ePDTHNmbb5WT0DQNzLBlsRdXiKgdlgCvo2UmhMnZnTu3DmC09PQDTLNqkyZMjdv3kS+y4OjAk6ZYYt0y5MnT5s2bSR4VK9e3d+9VUI15RUrVpT32AGhBT8jj0+jnPQWdqNHj8ax0Cbo14jP1xP3iI0VL17cJncrsH/tQgLJDOpNQCiTa6VPn56kn4/JkyennnIY6KQb6Ep6kB+Cpk2b6j1PJZRQq/Pnz8ucmzhx4jRs2PDevXtq39cF4x39zTlypni/gI8XhJVw6ga4ffs2SQB2QIogGYN+0MHIpcmTJ/fp02f58uWM6k+fPtmDYtXAwVE9xiEu8pdffrGsl//qQfwSVLAlNze3CD6kY64b+LhgwQLtBZi4URyooxkMJH60YMGCdnhTaceOHYgb4nrr1q3DPX0pGB4+fChrV9Msy5YtU6XhQtMNRFwGAiV79uxBKFCSKVMm6s/QoF84DBYvXkx5y5YtzWMz40UWHv7xxx/Pnj2LPeDQ6TuZvEYjDB48WB2qD3gwScWyZs169OhRVRoBXr58WalSJRoBAxs/frz1L4XSEeZ3hRIlSqSMPgDUUB2kj274+PHjzJkzZWoFHbplyxa1wz6YPXu2XHQkoE6cONFOslALwuAiwUYpco4xYsTYt29fxMNT+HUDLF26FH8RK1YsmlsVfaucOXNGEimyQ7sSNJGFcePGER4YwLNmzYpIZqnpBrIHPq5duxbvSdpXtWrVZs2aTZo0iRINciB+tHz58vK39gNBXc4iS5YsFpm6GCibN28WUeXi4hKRFBA1IJPkqS2KAfs/efIkEQK0iwcColCms8ydO5e/UqWmCYmyCBj1KVeunMyQ0OBjoM/QWgpifLdu3bCE6NGjI30stYzgtWvX5MXEmN+oUaPIfNQOq0BsEOkpbdi/f39l9P9mzZo1stiwwPGHDx9WX2EJkC/r1q0T34hMR//Z4XOP+Jzs2bNTQ1QUGlebz/sVgNV5enrKgKL9O3XqZJHrdhHSDSAP/OB5rbxcqF1B5kQEoh2AyKRKDcLCo0ePZJleYg+xX5WGnSdPntSvX5/vSZgwIcqaMIDEJokM9K2Gc+bMIVTYm24guBJm8ODULSIT9ELE19e3c+fOSH+Jl+GWDoSofv36mcz/nylm5NaHDh2KGzduwJVA8WLyYoL58+ejG/hFtMuvv/5aq1Yt86xXI3/+/G5ubnoHXeog8zNy5coV8TtlGjjolStXyjwDenPatGlqh7Wged3d3U0N+c+zM8SMgHTs2FEWQRLix49/7Ngx9feW4Pr168WLF+eb6V8UoX0uloAB79q1S/yPSAe1I5LD6Bs+fLjcnkiePPnAgQMtdeUyorrh6NGjGES0aNEqVaqkx9XUSAHxSR5MbdWqlbFmQ7g5c+aMvIaAUBGRaYAkTHzPf//7X7K9MmXK8IX4R7Xv31SvXh3rtTfdcPz4cUkBW7Zsqff17ZMnT8oE5x9++CEi7vL27dvS1AwEpDMxku2AugH1JuvHlypVqlmzZjlz5sSdyT0ODXokduzYPXr0IE8l6ty/f1/XRiC40s5RokTBvVp8DVyy7SlTpsijDQhi/V6kFyh//fXXqlWrtPt0ocGy9ylQwDVq1ECV8s1kmBGfgasftBVuXNbLcnBwCM0S3XbOq1evhg4dKhec6IJu3bpZ6kIaRFQ3fPz4kZSIauGmka56z12yQ/CM8rg2HnPt2rWq1CDsYDyjR4/Gc2FLixcvDvfVQlxA165do5oWDSMe0DV9+vRR+8x49+4dSRiSN6yvIdAVEmtSf2rOgPd3kV8PaCvihAQ2V1fX06dPh+/eJ3+1Z88euYdKk0qoGDBgAI3MLgI/4Xnbtm2knpwau7SuAXRDokSJyPjLli3766+/rl+//sWLF/R++GoSJj5//jxr1iyZIdugQQNaQ+2wHJ8+fUKXIIYAiUY2b4Xz0vDx8fHw8NCaOkWKFFSGEEJJiRIlBg0aVKVKFfOn1SyoG3CMJJPS3RgYCsaaJx4O6P2dO3dmzJiRnsIgJ06ciB3aeZ2D4u7duy4uLt+bnpRhMLZp00YmHlmKiOoGwDQbN26Ms6CWK1asUKXfBo8fP3Z3d2cQIhr69etn5VuYXx8MVCJH/PjxIyjCvL295cqzYK4bcAQXL17ctWvX4MGDHR0dcZT2s0IXrpaqUmFOf+7cuQGXXNQJflSkA7Ez3OtYYPzDhg2T/EaoV6/eypUrly1bRqBCMfh7mhrvjOAuUqTIyJEjT548aX0HzS/+8ccfYic5cuSwYDbmD1x2uXLlZJWhDBkyHDp0SO2wCgcPHkz35cVgUKxYsVq1asnzaPQXrlsuOAmW0g1PnjypW7eu6BV04eTJky0bt/QDHZklSxZpDYaDv6eCIwUXLlyQd/UBQ6xz587mc4ksggV0A5CmVKhQAd1AdS07rcaeIYsaO3YsQQ5NXbFiRVstNvWVQezEr8kDbCdOnFClYYSQQJolIwdKliy518T06dMHDhyI60QxyK4ECRKcOXNG/ZmtIf/jxBEN1apVs+Ybd96+fYvqlZCPrwz3dY6nT5/WqFFDUsxAIfUhzSVW0QvotqVLl9rw2vWdO3fkiYN8+fJhG3pcbNB4+PBh5cqVpRHQKHv27FE79MfPz++XX36R1DNE4sSJE/H1tXCM48aNk6VHEIsNGza0yJJuVmPHjh1ly5aVBiEttM8V6AOFgYwUdnV1RbEx1ohKDLEIPqEWKJbRDbBz585EiRJRXRIIXSc/2w/yKlJsq2DBgt/OSqVWYMuWLfgvIigxJtwrYRw5ckRGPhDJ0puQKULm4ODUH9gaBrzc8OKsvb29rTyp++7du7I4MW2F5FKlYYeB4G+NV8HFxaVRo0bEJE7NHibHIRqqVq363XffkYuvWLFC70s7JHy0TOvWrUm+aeE8efJs375d7dOfFy9eMKb69+9PCA9I7dq1U6dOTR8xQBgOEVxhjM5FF8pC5oQDvjzSrZxL1nHu3DmRDliIs7PzrFmzkF9qt71CLzdr1kxaHhurXr26fmvgWkw3MPA2bdokN6fJlr7WBTQ0bty4gStkYOAI1q1bp0oNLAG2RD5Kw9K8+fPnD9+FnFevXpE6k7uT8ZhDVp02bdoJEyacPn3ax8fHHi6f4qcY4TVr1sRJkQFbdkJ7KCHbvnjxYsmSJalD/PjxI/I02saNGwsXLsyXgIODQ79+/Tw9PZ89e6ZH3hMOaG0sCq+KdWEeQ4cOtZpEIxFv1apVtGjRcJJZs2adPXu2+SIWusJZv3//ni4ICCPF19eXscC/ERwOfBs5rswX4TRRogQztS9SIcOhTZs2RDRGBP/i7S9cuGCHE/jo2Xfv3h0+fBjxJy2Pl6tQoYKuLW8x3QC0NTlTihQpqHrvwF6I99VA6iAPL5EgLlmyxOJ3jwwwnsWLFxN4aGR3d/fwTRxh5BDD5vwb8iFGmjrCDqAyXl5e8spHMptw35qxCNevX5cnqx0dHSdNmhTuNXA4KXNUqR1AZby9vWV1YeKBm5ub2mEtqEDr1q3RK1KBsWPH6jevwsqQK5IxIok4NUIXISCyr6FEZ/Xt25eIRg7DSWXOnLlz587Xrl2zH/Xw5MmT7du3N2zYEGVDDalnzpw5Fy5cqLcUtqRuAOTq0qVLM2TIwJD47bffOCu14yuCdJB0ihNE382dO9dqGcO3BhnqwIEDCWB4Ikav/V8nDB9HjhyRq8ROTk47duzQ9S57aNi1a5fcfUuUKBFD2Ob1sSw3b96U1bsB0WCT++4IhS5dushE1OjRo/fs2TMiC5bYA7j93bt3V65cOZppkdBUqVL16dPn67jkTE5I7kF/JUmShFMjocf5jxo16ty5czYfGsePH/fw8NCes02XLl2PHj2sM83OwroBiKMTJkwgU0RyduvW7SuTDnRVqVKlsB5OcMGCBa/t49Lr18rjx49btmyJM0JNN2jQwCILANsVnJEs9ow5jR492h40KN5w7dq14iXlaTS1I/Jz584deXMVVKlSxYJLPIUVDPvXX3/Nnz9/lChRvv/+excXF3xmJL3wQFJOyisrQgJCf+fOnV+ZY/T19SVFLFiwIOki5xg7duxChQqNHDlS7bYueIl169a1bds2X758Uh9o2rQpip9cSx2kM5bXDYDRNGrUiPEQM2ZMK7zIzjrgT69evYrpIBrIgEmFI8uTRZGap0+frly5ElvCw8rrFtWOSA7eds2aNVmzZuW8kiZNileyH1f78ePHOXPmpEiRAq+Ei0SxRfa3DDN4r1+/jlagtXGyFStWxJBsmy/i/R88eFCuXDktFNWsWZNCm2exoQcbRnu1aNFCUl7aNm/evFi12v11waCgv8gVK1euLFYUK1asEiVKjB8//sKFC58+ffr8+TMNoo62NHwz30/EmTJlipubm4ODA3UgDMWNGxcpvHr1aisvAaCLbgBOEkEdL148RkXPnj2t+VCZHrx7927JkiU5cuTgdEjC6tSp8w2ucGUrsKUhQ4bQ7DR+9uzZr1y5Etnvm5JZbtq0Sd7pQGZ/6tQp/TxO+KA+3t7e5MG0OWDwN2/etLdKhpKXL18uXbqU1uZEcLU5c+ZcvHix2mdrqFv16tUTml41TvUIwNOnT3/y5ImdqwcsAUG/Z88eLQWPEyfO0KFDOZ1IaiShhLOjdyZOnJgnTx6knlgUIdzDw6NHjx4bN268detWBB9I8QdS0sfH5/jx4yNGjEiXLh0/Jw2OYmBUnjx5Ule9EhR66QZ48+YN0kEeLcPdo0Mt26BW4+HDhxiKPMKXJk2a+fPnG6LBytDgCxcuTJs2LV2AepswYQLaX+2LbPj5+fXp00dEQ/z48efOnWu3rnbXrl2lS5emnlC3bl17e5NhaDh8+HCnTp3kFBIkSNCkSRN7W8mHwEAWS6YuWSy5Vq1atZYtW2bPK9ajeps2bYqUp8JEsiJFikyaNMlqF8ntgTt37owdO5bILe/S1ECVYm8MasZOuHsQh8D3Hzx40NPTs3///m5ubvK0AdDaGTJkqF279pQpU2x4Y0tH3QC4SKSDg4MDJ4yRTZ48OdLdw7t9+3aLFi1kDROygXnz5hlzGmwCMnTz5s1FixZl5BBumzdvTkhAa6vdkQQvL69mzZrJMsz58+efNm2anZvT+fPnK1So8I/H+s9/0G2DBg26evWq2mf37N+/v0CBApKfkdMPGzaMIK322RnHjh0jYdXefO3o6FizZk0yeHtrbbLtRYsWmS9AyUg8d+6c2v2N8eLFC/JhJJQ2vUNAAhLd6cGOJnr27Enag/vaunVrUEnCtWvXOAA1wPEdOnSoUqUKybY8JaGBx0CUbN++3eYLE+urG+Dly5erV6+WZS8ZujVq1NizZ4/dJljmUEkiU9WqVcXL58mTZ8WKFZH9Cnlk5+bNm3LxPFq0aDjZtm3bRgpbgvemtyMWLlwYnwKk79evX7f/Z5X/+usvogLSQaKvLPjIidj5JbenT5927949derUNDXVZoOc3s6TFqp36NAhmleaGmLEiMHH0aNHI5rVQTaCUUaMJAksW7YseaDUMG/evCNHjjTe5IexXblyBU3QqlUrRoos+SA9KGCENFry5MlTpEhB7A+UTJkycYA8ZaPB9wDad/jw4cePH79x44adXLPXXTcArsfX17d06dI4HZJFmpWRYM/3LMRXykOxUmFG77179yLRlKWvGPzX+PHjEydOHDVq1O+//75evXqMKKst3RMOEAcPHjyYOXMmWgcvQJ3d3d0j0a0uYga1PXHiRNq0aak8p8CJcDoMajvUPbJoh+gzPC9V9fDwePv2baS4NEVTk5mQd+bLl09ujIrBxI8fn5yVvAVtYU2hzG/hqA8ePPjTTz/Fjh1bep9aUTdZycD+ha/VoK3wQowURN62bdtQVB06dMiaNSueCjUgoeQfLRA0WCxHojBSpkyZK1cuvsHT0/PRo0eYhL2183f8p2qtM48fP54yZQqZCtaG/ZFvde3aNUuWLLLElf2AfPby8lq2bNmmTZtwN4zYXr16tWvXzp8SNLAtFy5cGDFixK5duxhXSPW2bduWKlUqVapUckfJTiBW3bp1a//+/b/88gt2hbd1dnYuVKiQvPZTHRR5OH369NSpU//44w8UA/HD1dW1SZMmxYsXR0/YwyjGvZ46dWratGk4mQ8fPpCl5MyZk0qSJcslw8jFokWLFi5cePXqVR8fHwISJYkSJapevToZPw1OQCKQy5E64e3tja9evnz5+vXrnz17RgnNmCRJksyZMxcrVgyTlsMMggdPRRb65MkTlDciTJUGBv37448/4sRcXFzQu6rULrGebhD27du3dOlSQvL9+/dxoA0aNEBZkxyo3TbFz8+POLR27dqdO3fSzZQQikhna9eujXqQYwzsBxTD9u3bUXjkZ3wsUKAAFoWA8Hev0VbcvXsXTzF9+nRkKGkiXr5bt241atRA5cT495shIxHED4LZhAkTbt++zUeUEIO3atWqefPmteEoJie5ePHihg0b1q1bd/36dUrixYvXpk2bRo0aZcuWTY6JjOCRyPWRQYcPH75586YUothIt0qXLo0GxdSJNHJlxSIgcy9fvnzlypXnz5/zo+fPn3/w4AHl/GjGjBnp6KJFi5YoUcLwh984IVw5sTjY3KhRo2bPno2LP3LkSL9+/UhZWrRocfbsWXWELSBTWbFiRdOmTTt16kQcQjQkS5ase/fuM2bMaNmypTFI7BNSn4YNGxKYFy9eTNw6duwYuSY6b8qUKW/fvlUHGRgYGBhYFGtfbxD+Z3q1DFGZIO3j40Md4saN+5OJYsWKxTS9Mk4dqiefP38mwMycOXPjxo1//vkn2/xuggQJ3N3dW7dunSFDhsibF35TYE6nTp0aPXo0GefHjx+jRYtGcl+8ePEePXpkzZpV7hNbmf379w8aNOjatWv37t3jo5ubW5cuXQoWLKj3tWUr8P79+3PnznXr1u3AgQNSwuBNnTo1o6Z69erZs2eXQutA8+JDdu7cSVPjUqSQdHzq1KkuLi6R8WZQQB4+fHjnzp1t27YdPnwYcSy3DCBWrFiOjo7Ozs54rRw5cuTKlUvu/8reUILvxfV5eXkdPXqUfOnp06ePHz9mg1RKDnBwcMBuCxcuXKlSpUyZMn0dTWoQQWyjGwR+Gjp37syQuHv3Lv4oatSoZcqUadKkSfr06bHXRIkS6eT0/fz8Lly4QLAZP368vOaVQn6xatWq+Hd8n0z/MYhEoB5mzZq1e/fuPXv2yG0mOjFPnjz4RCvcLESDvnnzBtWyePHikSNHfvjw4dWrV9hz/vz5hw4dSgyziXzRjxcvXhCz+/Xrt2PHDpnjSSMTyWrXrl2zZs1ChQoRYHSa9EBHf/r0iR8dO3bstGnTpNkppAJp06Zt2bJlgwYN/D1V/xWARXGa/Dtv3rxRo0ZJC8h0OfaiGDh9DF7emIUXDc3dups3bzJe6Eq+FmhDKUeIkDLRiQjBevXqRTdhhUFkEFmwpW4QcLgnTpxYt27d8ePHSRpQ1hQmTpyYTJH4nS9fvgIFCpD6R9xqUdBkSNevX3/58uWlS5cWLFgg5SlSpMiYMSOyvUiRIjJtWMoNIiOvX7/GlkiIyfhRDJQQtosWLUr/ogvlvXaWBYuVGdSjR4/28fGhhDFFIohR4b6bN28uSzx9lfj6+pIEz507l5xVrqwA0Stp0qQ9e/Z0dXVNly4dzS7lEYTfIvMm2yYnpmcJn6IOAY2Cx2jatGmzZs20FXK+YjAwb2/vZcuW0fgPHjygZWgTZITaHS4QCpKqxYsXj+6rX79+xYoVDa1gECi21w0Cnvf+/fu3b99eY+Lx48dSniBBAoQzvgANgUHjgnFG8tKdEEGREEJkGym9YsWK06dPM8y0m99Ik3Im8G78xFeWEX7jnD179tixY0jSGTNmRIkSpUKFCnQ3sRwNinrg33DHM2xJFAmcOnVqw4YNxDOUCh9J1NKnT4/YrVy5Mmm3HjLFDsGHbN68GeVE8nrhwgVValL/xJ4sWbKwnTBhQtqc9g99XL97965kEaTCZBSHDh06evQoG+Yui68tWLBgsWLFXFxcUGmq9FsCAUGbX758mfZBPUihn5+frA4iH/1BF6Q1Lb2qgcwtXLgwPYWbNV/TycAgUOxFNwhUhnyRYbBz587Jkye/ePECH/3XX3/xL3I4atSo6F+i+/fffx87duySJUvKC4jNOXLkCGPGzc1t06ZNt27d0u4FAttkQkAU4XsaNmz4yy+/oEVIVihUBxl8RWA56FF0J3FdSuLGjYvTjB49evLkyZ2dnQnwOXLk8PHxYYN0jTQL05Ij/bF+/XrxwgQzcuszZ87IwMFrS55HjMybN2+BAgWIXkTHUErbrwmi+8mTJ/fv37948eLz58+r0i8wbGn5lClTEqKAtgrmwh7KfsuWLSQPjx494iMtT1KBZ5C9AuFNHsgi2vG1RmZM0vXq1SvZfvnyJS1G4iQf/UH7y/L/GpKSqQ8GBiFhX7pBg1qhFd69e4cbWrJkCckcXgM1jZJQR5guh6qtf8PfskvOi/yPUIFPoYSBUaJECdxN9erVGTaUsFf+xOArBn+KmiTwr169mo+yeBfWhQxFMsaKFevjx49sUIhoCMqoEJ1iURyMFuEwsR8gInbq1Am5gBDhe76RawxBgXpAuBP4UVdDhgwh66WpQdpcjqGdafZgnh7kyOfPn6sPJjgYaPMECRJ07NiRgUzOgPKwq+U6DAy+EexUNwTk0qVLBw4cOH78ONukj1oGGRQ4FDwLfjxXrlzkgvj3SpUq8a/abfAtgZELbC9fvtzHx2ffvn2IURSAHAAyO0x9CACGBGzEjx8/RowYrq6uWbNmTZs2bfHixQmB2BUhTY40EKTBUWmHDh26cOHCnTt35BKC9AKgLdj+9OkTUkxKNEiItfZkI1myZBUqVGjcuDHKjBKjtQ0MbEuk0Q3mPHjwQJuEFRQODg649WByGoNvnIsXL3p7e6sP//nPsWPH5Kq4OU+fPiWqJU2aNFOmTBkzZqTExcXl65urbx1u3bp1/vx57aoDjY+qoIV9fX2lRAOJr41cVELOnDkD3pE0MDCwFZFSNxgYWAc/Pz90gyEUDAwMDDQM3WBgYGBgYGAQWoz7/QYGBgYGBgahxdANBgYGBgYGBqHF0A0GBv9w8ODB70xkyJBBFRnogNbO/kiYMGHdunXZq44ziBh+fn7Lli2jSbFn1cTffefi4kIJ5eogAz2pUKGCavd/g6mzq1+/fvIi30jJ3wYGBn//3bZtWzUk/vOf06dPq1IDS6O9DSso6Ah1qEF4GTVqVPArW7i7u6tDDXSjfPnyqrmDhm6is9QfRB6MeZEGBv8kZ87OztrqooSuqVOnyraBZTl48GCxYsXYoJHNVzs+efLk8uXLZbtv377Dhw+XbYMwgSWTy544cUI+5s+fv3bt2rINt27d2r59+/Xr1wlpW7duVaUG+kBHbNu2LX369K1atVJFX9i9e7f5q03pJrrDUm9ysQYiHwwMvmU8PT1lOEiKQBKgdhhYGu16Axuq6AunT5/WsmRfX19VahBqaDQikDQglhywhYVNmzYZF3WsgDgT/lWf/w2dhdvRDJ6Oi0Q2b8xvMDD4z/z58/mXzKBJkyZskAcY94CtT65cubS7RZcuXZINg9CjXWmgGclfXV1dpdwflSpVMi6n2RwHB4e6deteu3ZNpB4d179/f9ll/xi6weBb58aNG9u2bWOjVatWZcuWlcK1a9fKhoE1iRcvntoyCCOjR48W0eDu7m7IgsgC6gGFJ1cdpk2bhi+ScjvH0A0G3zo7duyQjVq1ajGMJeVdvnx5ZBnDBgYwcuRI/iUC/f7771JiECnA5/Tu3Vu258yZIxt2jqEbDL51xowZw7/58+d3cnJio3Llyqbi/9cTBlbj1q1b/Evwy5Ili5QYhIZly5bJJDsiUGSaXmdgonnz5rKhTQ22cwzdYPBNc+bMmevXr7PRokULKalUqZJcNhQ9YWA1Dh48OG3aNDaM4BdW9u/fLxsyF88gcoG1S8eJL7J/DN1g8E0zY8YM2ahVq5ZsgNyqYAyjKqTEQFdo59GjR2vPZ/bs2VPKDUKJdk8tV65csmEQuciXL59sRIqlzwzdYPBNI89NuLu7mye4derUkQ1NVRhYHFSCWj/vu+9y587dq1ev9OnTe3p6GnP6woFM7DUuNkReIteMYEM3GHy7aHeFq1evLiUCSRsxjA3jaUxrcv369Xbt2o0ePdrPz08VGRgY2B+GbjD4dpGHLRMkSFC3bl0p0ZAl3lAVkXgNeftm+vTpB74watSovn37otVo8F69ehUsWNB4mMXAwG4xdIPBNwqRSWYvBxQNoE13WLhwoWwYWJZs2bK5fqFnz57Dhw/39vZGTLBLLjzIYQahhwZUWwaRjZMnT8pGpHiSyNANBt8o2mOW06ZNU7fZzZD7FIC2MC6bW43WrVu7u7uzsW3bNmNSaujRZuMbthpJkTW7cDuR4kkiQzcYfKOE/jHLVatWqS0D/fHw8JANmetnEBq02fjGoiOREe1p8HLlykmJnWPoBoNvEW2gtm3bVt1jDww5ePbs2bJhYAXixo2rtgxCTcWKFWVD3rRiELn49ddfZaN+/fqyYecYusHgW2TFihWy0bp1a3WPPTDkmvmJEyeMa+ZW4969e7JhvKsi9GCrcmdt27ZtxsPDkYtly5bJRKvy5cvTj1Jo5xi6weBbRNYlxNUGv06Ods1c0xkGeqNlzIUKFZINg9CgtVubNm0ixdpBBoBoqFevHhsJEiSIRCuXGLrB4Jtj8+bNsmyDPGwZDNqa06IzDPSmXbt22hJGxtKHYYJUtW/fvrJdrFixYJbBIFYZj6vYnBs3btALmmjYs2ePvB8nUvDd33//rTYNDL4N6tatKxcGr1+/HuJY7dev34gRI9jYtGkTMkIKDcINqbC2nnTatGmlEF68eEGnyKQTcaOGbggHhCJN48rCJDRy9uzZX758eefOnVu3bslaZ8iyrVu3ymEGOlGhQgVEcPr06f3lJ5j69u3b5QEK4IDVq1dHMmtHNxgYfDv4+vqK5efPn18VBcvp06fleHd3d1VkEAG02aZBgRulzdXRBmEHgStzHYJh1KhR6mgD3Qhx2W+EXd++ffFI6g8iD8Z9CoNvC+2hSu0FmMFDHoDCYMNYyEFX8KEoM09PT29vb+NKQ0SoVKkSbUhLtm3bVkxXQEwQyaZPn379+nXjzWE2hE4RU7927drw4cMj46tfjfsUBgYGBgYGBqHFuN5gYGBgYGBgEFoM3WBgYGBgYGAQWgzdYGBgYGBgYBBaDN1gYGBgYGBgEFoM3WBgYGBgYGAQOv7zn/8Dsqk/lN6VgDsAAAAASUVORK5CYII=</file>
<file name="17.PNG" path="/" encoding="base64">iVBORw0KGgoAAAANSUhEUgAAAr0AAACXCAIAAACX7nT2AAAAAXNSR0IArs4c6QAAAARnQU1BAACxjwv8YQUAAAAJcEhZcwAADsMAAA7DAcdvqGQAAH/rSURBVHhe7Z0FeBTX14f/Le4Sgru7Bw1aPHixIgGCe4FipbgUp0jR4q7F3SEEEooGD24BEiy4tN/bPZf5tnHZ2Wxg3uchzNyZ3Z2599xzfmfmzp1v/vnnn/8ZGBgYGBgYGISCb9X/BgYGBgYGBgYhYVxvMDAwMPiiePfu3YcPH9TKZ7799ttYsWJFixZNrRvoycePH9++fcvCq1evCLIPHjzYv3//kydPfHx8Vq5cSXmePHnKli2rNQcL5cuXz5UrV/To0Wmm2LFjx4gRQzbZIIZuMDAwMIiq+Pr6Pn36lIX79+8ToqTQzc3t+vXrsqyRIEGCEiVKJE+eXFYTJ05sb2/PQrJkyViWQoOIgFx79OiRiLZDhw4dPnyYwrVr11IiO4SGdOnSlSxZslSpUvny5aOxEBB2dnZJkiRRm20DQzcYGBgYRCUIS5cuXbpsgoXbt29T6OnpSTorO4SGNGnSZMmS5ZtvvsmcOXORIkVKly6dM2dOopTabBAW/v777927d3t4eBw7dszPz+/t27fu7u5qWwAQcNmzZ0+YMCHLPj4+586dk3J/xI8fP1u2bOzM30qVKhUvXjxTpkxqW2Rj6AYDAwODqIGbm9v06dOfPXvm7e390MTHjx/Vts/kyJGjcOHCauUzb9682bBhg1oJADEMDZEiRQo+SIiqUKGC2mAQEvv37583bx4tgoCjUbRLPpA8eXKCvbOzc6xYsVSRCcQZm+LEicMyIuP+/ftSDsgIvoSvoqGvXr0qhd9++y1NkzFjRpF3TZo0kfJIxNANBgYGBjbKp0+fJHklkT116tTevXsJUWS3bIoePXqMGDH4S0RxcnIihSXeUxIzZsyAlw34yMuXL2V54cKFsnzjxg3C3uvXr9+9e4f+IBYQ4eLGjUuCW65cuZ49e9rZ2fH9xC35oAFQS9TV+/fvp0yZMmPGDGrv+fPn33zzTbRo0ago5Nd3332XMmVK5AIliAM0GVvVh0OC5pYvp9H5e/jw4UGDBqEkaCA2yRemSpWqadOmrVq1SpcuXei/2bIYusHAwMDA5pCbEa6urqNHj7579644asJGEhPx48cnl/3+++9JQAlX4Ysf8p0vXryYPXv2kSNHkBFPTRALKUeCdOrUiSiYL1++tGnT2vIwPatBUEe9bdq0af78+XKdIEGCBJkyZXJwcKA5kiVL5ujoyF8LhnPaiOaYOXMmlnDu3LmbN28iIChHLE6dOjVnzpw0jVy6sCaGbjAwMDCwIZ49e+bm5kZ8mj59+oMHDyhBGRAnChQoQHwiiufPnz99+vSyswVBnRCZwMPDY9++fTJaIlGiRLlz565Ro0aVKlWyZs2aNGlS2fkr5OzZs9u3b1+xYsWZM2dYjR49esWKFWvWrNmwYcOUKVPKPrry119/rVq1isM4duyYXOTAGFq1alW9evXMmTPHjBlT7ac/hm4w+Hq5desWnVD0O+zevTtbtmw4aJbpk7Vq1TKu0BpYk3fv3h04cGDNmjWEbTJLnLOdnV3t2rXJYjFLksvUqVOrXfXE29sb4UKIOn78OIchhYULF86TJw8x8rvvvosbN64UfiU8ffp0586ds2bNOnz48N9//21vb0+jlC1btnTp0lmyZFE7WQVM4vr16wgX7GTBggUvX75EydEuzZo1a9OmDVJG7aczUUk3yF09czh4CnHxmn+nhDamTrFyeprh9w0wCbET/t64cePQoUNv3ry5evXq3r1737596+fnp/b73/9IsOKYkFW53pgmTRqkPe6S1QoVKuC4xd74C7KnQYhIK4D04itXrtAQ2pg+EuiSJUtSq1qH1Ra+BqRmTp48OXbsWCKTr68vWpYawImNHz++QIECJP3WNzYO48GDBzt27FiyZMmFCxdorGjRohGlSHDr169frFixr6GNaBfidMeOHU+dOkVkiRUr1vfff9++fXsS/UhpFA0c171793799dfly5djLRwMsnL+/Pk5cuSwQrvYum5AgCOpnj179vr1axyNNsRUoEUppHfhd6Tkw4cPBw8evHz5cvbs2StXrtylS5f48eNj6/5GtBp88RCf5E4t2pzsDS5evIi1S9yKGTNmiDkTn0Vh4Br4FB6TEjokqwULFiTlwrpy584tA8dkfwNz6ImvXr3CoxFv6L+3b9/ev3//w4cPly5dylatIQRqlbrF8clIfvpsixYtZBOdlxqm5Eu9v05FnT59evv27VOnTkW5YpYpU6YkLFWvXr1169aceyQGJ6CZaMSzZ88iFxDQ3t7erMaLF2/o0KHOzs5JkiSRrvFFQmzetm0bsZnTx/zs7e2HDBni4uIifkDtFKnQFgjNAQMGIGuIleQ2/fv3x2xoF12P0EZ1AwZ6584dPP7Nmzf/+uuvAwcOEAPUtrBA7lioUCEnJ6cMGTKkSpUqW7Zs6dKlU9sMvlDu37/v4+OD5SxcuBCtcOnSJSnHI6dJkyZt2rSpU6fGDBwcHKQ8UOgXnp6eXl5esnr+/Hk0xN27d7VB6fRMBESDBg3oqyzwzThT2fSVQ73dunWLqsOXvTCxd+9etS3s1KhRg6omN6DzUs9fWP9FNKxYsWL8+PFUGo6es2vZsmXPnj05ZbWHLXHhwoVJkyatX78eb0xvqlq1aps2bRDQ1ryzbh3ev3+P31i8ePHMmTPJH0gP6tSp0759+2LFitmIYjAHOT558uRFixah6lht1KhRnz59ihYtKlv1wLZ0A6nJunXrPDw8fH198Tuurq6BHh5yL1euXHhqtf5fyHKw74A6I2PGjPnz58f7sIwFZM+eXcoNvgwwlXPnzu3YscPd3R3pQIJ77969rFmzZs6cWUYwJUiQgOUsWbKEY/oUbBLFcO3aNRStaFk3NzfZFCtWLLnNmSNHjlq1an21dkX9oNJ2795NinblypXHjx+rDZ9BsdFtNbdLjYEs03aXL1+W+YsAnUEiJcsaSZMmdXR0RO3RebVJD6M0WCkxeMSIEY8ePWK1XLlyvXr14hw5U9nBBsH+N23aNHr0aJHjWDvNQaD6kvQctocZ0y4I37dv3xYvXrxr167IIxu3urVr1x4+fHjJkiXEPvQNKU3r1q3JatRmi2IruoEWWr169ZEjR/A40os0SpQokSdPHmdnZ+2CMK4HPR5Ueof4ePLkiTyRjGDk29Af/mZSy507d968eVu1alWqVKlEiRKpUoOozJo1a4YMGUJQf/PmDav0mQoVKpCnJkyYEKEZlMoMB35+fgRFpP2dO3fmzp27f/9+ueSOQWbIkIHQOGDAgCJFisjOXwP4EDoaogHRT53Q9dQGk8TH7VIndDRCvnkaTbuYdz2cnXYt5+7du7du3cJ3s0w6Lg0qoNLovOXLl8cnkPL+8MMPakNU48GDBz179ty5c+ezZ8/IZ0gQZfCj2mzbINBXrly5YMECzoJ2pJeNHDkS9aw2R3EIQ82bN8cCWS5UqBCBifRDNtk4uKZJkyZNnjwZeUfv6NSpE77Izs5ObbYg9PlI5NWrV1evXu3cuXO2bNnk/qUMvcEEBw8efOjQIToV3gTRpz4QRvjga9O8HAcPHqxatSqCEVel3auOY5qU46effkJbhPsnDCIRAjZCYdasWejr2LFj06Y0aL169UiGCDYIR7WfPpCXYJxbt25FgNrb2ydIkABFyzFgzBMnTsTvYN5q1y8RKp/TX7VqVebMmal8+i89C29FL2vWrNmOHTvovFr/DWtbULd8CuSW5aJFixCChFW+HOlACsFfKrxdu3YnT56kj3Mw6pM2D6e2ffv2HDlyUF2cRbly5ZBcetuqxUEd7t27F1GIwWP2mTJlQklEubPwBx32wIED2BgnFT9+fPo1wkhtiyLQLsuWLZPLP3RJnCERVm2zHJGmGx4+fIjZde3aVbuKgBfInj07TXXq1Cm1k6Uhp0HgOzs7Y+74IG3kPEpl2LBhaIsv29F/Ydy7d2/Tpk1yrZtOzkLjxo2J4o8fP1Z7WBFvb+8///yzTp065I7ETg6JqNCtW7fr16+rPb4srl27tm7dujZt2shFdfxshgwZmjRpMnv27LNnz6qddAAhMnz4cAcHB5y73PJggXresmULCkPtZMOgJlesWEFdceQ5c+YcOHBgFFI8AUG1//DDD3LdKHXq1H/88Yevr6/aFtXw8fEhh4wXLx52RS9eunRplLCoQCGGli1bVhwRZnbixAm1wUJEgm5AbuPucfEIBc4KyNVwQHPmzDl06JDaSWdu3LhBPjRt2jTEviZc7Ozs0DHkT2onA1sFebd+/XqCtAzIyps37/jx4/ft2xfpLhjbPn369IgRI+SCM4dXqVKlxYsXv3jxQu0R9UF803+rVq1q6jT/Pq3q6Og4atQocmiCutpJZ7y8vOinLi4u2oNUpFZdunRZs2aNLSeIly5datSoERqLAy5cuPD+/fsxGLUtyvLx48cZM2aUKlVKGqJTp07khGpb1OH9+/eInoSmd01Vrlx5z549akOUhfSJtiCh4owKFix44MABtcESWFs3ILfJ7LXbeFmzZh0zZgz9B62n9rAu9GRCTt26dVOlSiWHhGr++eefHz16pPYwsDFIAtq1a6ddiOvevftff/311pZuM71+/fro0aMYtpYQ04E9PT3V5ijLhw8fdu3aRX5JuizBL1u2bHPnzr1w4UKkKDY848mTJ6lnmQ2JBCBNmjRNmzZ1dXW1wST+6tWrzZo1ixUrFkbbpEkT9CWxSm2L4mAYhw8fLl68OK3ACTZv3vzcuXNqW1QAa5k1a5YMmc+cOfOZM2fUhijO/fv327dvT4tEixaN1rFgWm493YAIJfFClsp96Hjx4pEfkPe/e/dO7RFJcACEIhyig4ODXHugolESSAr6g9rJwAagpebNm4dioJnoCYUKFSLptNlbSxzt2bNna9asGdMEeXmrVq042iiaYqLMyJUTJ05MzdN/EyRIQPBzd3eP9OBHPeNb1q9fL/0X7Ozsfv/9dw7YdtQD+VLDhg1lCEiDBg2+pOtPwsePH5HvjRs35hxpggIFCmAbNqjeAkJ/RDQkTJiQpqlcuTJ6Lkocdijx8/NzdnaOEycOfTZ//vyWuodoJd1AY+BAJf3C49SvX//mzZu21jwckoyEl3EPHO3UqVMj5Wa5gT/o2w8ePOjfvz9ykw5AftmxY8fbt2+rzTbMo0ePsKLcuXOL8WNd27dvj1rDx9A6np6ehAQcK6eAh0VV+/j42Fr/9fb2xipSpkyJhZCccMA7dux4/fq12hx5+Pr65smTh6qDGjVq2NS1McuCSbRp00b8J+m7h4eH2mCrIDp37tyJP8FmsOooNwoyNNAoGzdulEapVauWRS6l664bnj17tmzZsly5cnHQKIYKFSpMnjzZlgUdBzx48OBixYrFihWLNNHFxeULuMIc1Tl16hS9WoZfEQ+2bNmiNkQRXF1da9euzcEDTmrJkiVR5R7wy5cvx4wZkzlzZo4c30r8Gz16NBFabbYxnj59un79+ipVqohKS5YsWd++fcn11ebIAIHVr18/jgfJiw24ubmF2/tdvnx59uzZk4Lm8OHDkW5XL1686Nq1qwwUQC7v379fbbBJODyJTXnz5kVAqNIvDvoFkloGFPbo0SPiybC+ugEbmjhxojw/Gjdu3G7dukWJJ47evHmDDSFxSLCQDqVLl0avGfcsIosrV66UKVMGE4KWLVveu3dPbYhS3LhxQ3uWmpy4c+fOtj+Ghgg3cOBAbZaF77///siRI35+fmqzrXLhwgVcjTZiqXr16pE42HnhwoUE0dixY7du3ToiV8ju3LnToEED7RGwQCH4NWzYMNLH9CEru3fvjsNHLVWtWtVm7fz+/fs1a9ak3vDze/fuVaVfKLjNTp06YT+0y8yZM1VpeNFRNzx58qRLly44HayHv4ReVI/aZvO8f/+eikY4k2NhWPb29mRdhnSwMsQtRIPM7Zo8efI+ffrcvXtXbYuCvHr1avny5RkzZuR0CCSOjo62OYJP+PTpE/mxPMqVPn36DRs2RKF7dmQs7u7uRAX6L7WdOXPmdevWWXlkCS1LpWXPnp0DIKJH8AHFo0ePxjDNcMO3cVKBwlb+Ojs7R3qoxtW3bduWpAs7b9So0aVLl9QGm+Hdu3f4E46QGsO3R/WZJ0IDEbl48eLYT8GCBY8dO6ZKw4VeugEpV6JECZoExeDk5MQR26x/DAZSqx9//DFZsmQI0ujRozdr1owTUdsMdAbphusnuGLoKVKkmDVrlk5+nx/yCRrL3iCnF3h6euLZY8WKxXkRVCz+aHXEoZ4fPnzYr18/SRk5SOJfVOy/BIMhQ4bIozd04Z9++slqswtQXfv27ZN5Gvh78uRJtSFc8G1bt27lq4hzdevWnTx58m8BIEmTqxFEhePHj6tPRh5UfuvWrTkeTKhGjRq2pvhR8DJe54cffvh6BrGdO3cubdq0tEiDBg28vLzC3al10Q0XLlz47rvvxN1j0C9fvlQboiAc/Pr160uVKoWRoZ0R0ZydceFBb3A6mzdvltFkyZMnj/iFtaDYvXv3hAkT6gUNuYjFxeKbN2/QoylTpuTscuTIceTIEbXBBsCVnDlzpkqVKuLxa9Wq9eeff6ptURMPD4/ChQtzOjB69GhVqjM3btyQm2uIhoMHD0ZQdb19+9bFxYVvI18kJVOlAdBuzUyZMsUWfNSLFy8cPr89rlu3brZzw4LWITZxVOnTp9+xY4cq/TpYtmxZ4sSJOXdiWbjvOVpYN2Df+/fvr127dowYMRIkSID5Rt0pt8zBsxcqVIi6jh8/frly5ViNoCMwCJ7z58/nzZuXCpd5k3SqbXIgeWg7GBIlSoRwtPilDvrFgAEDMCdiM6ZlO8PHrly5UrlyZU7c3t5+4MCBlkoTUds7A0BA9dF/4hY06IEDB+SNIenSpUMIWiG/1N4DPmLECGSiKg0vmm7o2LFjMM9warqBnW3hpjC9Blcp8zpEjx598uTJakOk4uvr26VLl5gxYyZMmHDs2LFROq0NB1gjnocWSZYs2cSJE8PnWi2sG9Bxjo6OctNo7ty5NvtsfTi4ePFiv379TL3yfzVr1jx9+rTaYGBprl69WqxYMeo5f/78BFT9bksPHz4cW5U2zZw5s7Ozc//+/Y9+hkSkQoUKbMqYMSOr6jOWg+jVuXPnWLFi0VlIiC07oVv48PLy0t5ONGzYsIgHPNpu9+7djRo1ypkzZ9oAULGtWrXiR9XeukHyjUbJly8f5xUnTpyePXvqqld+++232LFj81tVq1a1yNnhSPGrfOGcOXOC6Q6abqhbt66NXHun5l1dXeV6T8GCBW/evKk2RB7Tpk0jp6XTYZZRaMidBTl37pykwSlTpgyfd7WkbvDz8ytRokSMGDE4Jo7syxtp8uTJk169esnEJrVq1Tp+/PiXd46RzuvXr3v06EE4T5Eixbx58/QTDVCuXDmTm/0XGpTc+p3ZLGQo8Tt37pC60dw1atTQ48oZeWTbtm1lSnxiDLJbbbA61DM+tE6dOhwJkbVp06YWudJAMke6iY+WSubL45vBD0WLFg11eOXKFfUB3eAET548KW8zoQvTkXWSDpcvX8YBcqZFixblvCxyqezZs2cYIUe+ZMkSVRQAMhntzYe2oxuAmietjxs3LmaAtUdcjEaER48eYdtUUcKECW1/egmdoEUWLFiQPHlyel+nTp3CcUvLYrrhxYsXkydPlouuERyracvgCJo0aUKOiOWRvuiRhn7N+Pr6/vzzz0QU0jX9xjQIOFZ/b7v+5ZdfAr5h4cGDBxUqVCDSNGvWTI9IQx+m48jd1q5du0bWPeBr16599913HANnipe31MOuGzdu1EQDELaXmcGJ58yZk/J69epZRzOdOnVKrjoA0sHiwyTRnePGjUMIInwHDx6sSiMMaTqulWMORjdQn3QcOTWb0g0CTcwpJE2adMqUKZE18xV9bdu2bcRLqujHH3+01N3P+/fvExfg1q1bkauKQo+3tzcODTGaNm3aXbt2qdJQYxndQJ/H52K1CN7Fixer0i8U7AOPI2Nx6QzBDFMyCBPIXoxHG7OjSnWD3pI+fXra0dHRkXYkH6IX4U32BsDZ2ZlNHNigQYP0iOsk5cOHD5epcjp06GD9WZWIdmgFfh04WVVqCSZMmCABTyBm+5tdYMaMGXK5pVq1arS+3sOhCBVo/SpVquCs+FE6stpgIdzd3UWX5MqVy4K3MufPny8VGIxu6Nevn3bTzQZ1w/Xr1+XBlqxZs16+fFmVWheygooVK3IMyPSITA355MkTV1dXPMOWLVuw8Pr165c1UaNGjR49ehAKd+/eLa7Dlp+/8/T0tLe3pzbCEcUsoxt+//136YccwdcwzARr6N+/PzVOsMHZGXcrLIKbm5uMyCO/t8Icf6IbaEGs9/bt2zL6PXbs2NkDgJeR4Ecw0Ola2sOHDxs0aMBPEEQ5HlVqLRYuXJgmTRp+nQq5ePGiKrUEMkDEwcGha9eu5JrffvtttmzZappRqFAhuXoHOXLkwNWqT+oG8pRGLGV6f2OSJElWrlypNkQYXB9hg6/NlCnTvn37VKklGDFihKmG/n0exPxWmjlOTk6yD9igbiDXR/TI4Y0aNSoc18Yjzty5c+UAunTpEu44hfhA5efOnRvPQEPjQOQ7zcHIxXUgU4gUNvt2TbIUjpaMaM2aNaoodFhAN1y7dq1SpUr8PILLluWVZSGwSWKRKFEi45JDxMEbknGS1mfMmPHQoUOWuoQYDKQF0aJFI3KcOnWKVWJJsmTJaFAkAnkbwSyhGRLb+Ltx40b5uMU5c+ZM3rx5+XXSMjwsflZt0BkPDw8RRiSC27dvt+zv4liptzZt2rx69YokTCYYMIcmoFbl5n2qVKms88wnQn/16tVy1kWKFLHU7Fv4BHkIyNnZ2bJDwjXdQHpGLaUODBmJKdigbgD8pLx+nbOw2kQaGu/fv5enizNnzhxuD8OnCLEBzTgYcCZEisOHD6uvsCW8vb3lGhVJS5gMJqK6gR/r3r07P2xnZ/e1PQiLk5VI4+joaDuPJkdRJk2aFMP07C7hPJgnzSxInz59aLssWbKo9X/+IWDTi8qUKTNmzJh58+YRXXATwu+//87O5cqVu3DhgtpbB/hyecU8Wbh13opC8iSPrhCN1q9fr0otBLFTJj5q3749q1QjAoJVhAKetKQJMh6ywG7duhHC6Ufnz5+Xz1oBDEDGXjRp0iTir3Xg7Jo3b863oTItPiGHphtCiW3qhtevX0+cODFp0qQcIUmCKrUWU6dOxfBQVxF5HJTEWK4Lxo0bN02aNPJYEIjw1WBVyiXfoFPb5iUHtNSPP/7IEaZPnz5Mt9Uiqhu6du3Kr9JVRo8ebQuvnrMmfn5+/fv3xzIINv369VOlBmHn6dOnNWrUQDfgwa2WiIhuaNeunaziZ0nasmfPHuiF+p07d7Jzs2bN9B58sGrVKhkVP3DgQL3HWBHXkWtJkiQh6a9Xr57Fa/7gwYP29vZ4WHSYlGzYsIFTc3Jy8vemhuPHjxPCURVq3SrcvHlTdAwVPnbsWHyo2hAuTp06JUHC2dnZ4jX5/fff882oahZ6fcbFxQUhW7Zs2datW+fJk8f2rzfA8+fPCRk4zBQpUlhz8ml5VggbK1q0aESejNV0Q6VKlTZt2kSqLPz8888oYLm6BtiAlPfo0QOrsFnd8OnTp127dslh9+zZM/Q33COkGw4dOhQ/fnz8ArVj/cFctsCVK1c6d+5MNyBttYXn76Mo06dPR3oSY+SWgRW4c+cOvpXegueVErJe/LKDg4Os+gPFwM4WHCEfFC9evJBgRjjX+7mkvXv3yuWNwoUL6zHd9erVqxMnTkyEwMOyipMqZHpqfNiwYbKDBvLlm2++sbJuAB8fH3lPKUlwBKeCbtiwIaeACenxHBB1yEESscxviWIq500QjF1dXeW6kWCzugH27dsnF/YIVKpIfxCscitn+PDhqihcaLqhZcuW/vJkVtH6bEKdaLKY/TEtm9UNQPKArE+UKFHy5MlDP7bp/x+RCitUzZAhQ6isIkWK4AjEsr82smXLNnr0aGIeucuyZctwQ2qDQajx9PQkycYJtm3btmDBgqpUZ+jPDx8+ZMHd3Z1c8++//0Z3k9/LzNb+oJ/g7OhaadOmVUW6gRBv3Lhx+vTpyZDII4m1aoOlefbs2cKFC+UBv379+vl7JNUiUG+yQPXK8uXLl/k5kHKNFStWsEPAcr3Bp7dr146Igj00b94cv6k2hBFyBjc3N04hX7585cuXV6UWgrz8w4cPLBB+tJmdAI2S2wT+p1SpUjI2XpD7L7ZJ6dKlCRbv379HttL7VKme0C5IcDJbKkoGrupBnDhxZHAxyP1rQDfbclsAaT9KqGjRogjNKVOmqNKQCOcp4c5QcH/99ReVhWzEpaoNXx+c+/Lly6mQefPmjRgx4uXLl2qDQShALpCfHTlyhPT6559/VqX6g1jBlbCAVqD5xo8fjzETt0qUKCE7mIN38/PzS5kyZf78+VWRbnAMlSpVQsog/69fvz59+nS1wdKcPXsWpctC5cqVzYfiW5DTp09TveizGTNm3LhxQwpz5MihvRVdA5FEFAxUtOkKtc25y6ydV65c4TglQocVYtLbt29xhtWrV+cEVamFwDLfvXtH+Ilheh9moJC/EYnVimlCWy102RoxY8acO3cuFX7u3Ln169eHr8LDBBVIVoB4tbOzQzqo0nCBBKEtWMDt+5O5uLILFy6olc+cOHHCvF1sk8yZMyNJObU9e/bI2YVIOHXD+fPnV65cSU0VKlSoXr16qjSyuXr16pkzZw4fPrx48WL+EhvUBp0pXrw4eg27nDp1qqurqyo1CAksFUOS4XiIhjCNUo4g/CLIMhG0f//+BGlcc/bs2aXQnM2bN+PdChQoIDPt641Ih2LFivGjeFjimdpgOR49ekSejcVyvpMmTYoXL57aYFG8vLzEDSG8Fi5ciPvmFzk7fw731q1b7IZusNrVJnM4GKqibt262MOhQ4cuX76sNoQaX1/fdevW+fj4cApVqlTxd3YRRwyVQIu2lpKAEJ9u3rypVmz7egOgv3Pnzs15bdq0CQ+gSvXh48ePx48fP3nyJMthHV4aEPSZfBVRz3xACbBJE8caFy9e5ADUiq2CxSKnokePjiX/+eefqjRYwmNe5BCIBjc3t9SpU0e8JSIIqerOnTvXrl07fPjwLl26dOrUqX379i1btuQvy0QjkqpTp07pKvrix48/aNAgGSc8f/58LSAZBM+nT5+oLnK1nDlz1q5dW6bSsgLEY7lJQWx2dnaWQsDbZs2aVZZpxN27d2Nay5cvX7VqFV3LOqJBIFns06cPcYjQO27cuAcPHqgNFmLp0qV8M3ZLyNRO2bKgw2hZWX727Nm0adPoj3TDly9fPn36lEI0BMoeT4Joe/z4MSeLMpP9rUzy5Mnpv8jW27dvb9++/dWrV2pD6CBaABaCaDAfZGBZ0A0yJdoXAB1t6NChLBBWT58+rd/NOKA18f+yLPMFRAQM+N69e2rlC4KasbOzo2MSLqV7hgD+MawgbGXIN1GZREGVWhGUHcpAnuPKlClT2rRpU6RIQb+SMzKHUIQLzpYtW6lSpWhy9XkdwLPLeBlqBgWtSg2CBQEqlw1Rn9Y0pCdPnsg4x9atWxMq5JkgwJ1pzwdCunTpMC17e3usKK5pgi/1eWuBDuaoLD7klv4rU4/QKfSzVXJ3ckp+BT0t72QSSGtQKlRviRIlcuTIQcyWy+958+ZVn4wk2rZty2GQCod1iCiGIVNejh8/XhVZlCVLlvD9WCMqVhUF4ODBg9qbXalJV1dXtcFWIbWVKE6CR2hXpTqAPpaMLnv27OF+bbTGtWvXTHX8v4AvsCUEyP0+3AgRSgoXLVqE67DlcZECByy9tVChQu7u7qo0aMKsG8gSZKpE3Nlff/2lSq1LvXr1Auam3333XfXq1YPKWWnLGTNmqM/rANWCo6TH8kMuLi5ktGqDQdA0bdoUb0ur+XsqT2/4ObkJjc96+/btpUuXzAMbENvIxcmAIaZpXhTUp666M1AePXpEwMCi+vbtaynfij5DpeHLYMyYMaR6aoOlEd1ATU6aNAml0rBhw+CvJ+Gw1Ccjie3bt6Niqe3BgwejaFVpSDx//lzkHR98FuDlJhahd+/eGGHq1KnXrl374jNyhNikrM6ZM0e7i1G6dOmzZ8/KZ20WjrlVq1YcLapRv2mnMW953Brbmz59esTdsqYbSDwePnxo3is13aD5/48fP8p9q7Jly9p+RCCJwoZJk5YtW6aKgibM9yn4zNWrV1koWrSoFYaXB4qbm1vAS1tPnz6Vx6bVuonYsWOj0+VSBH1MCvUA4yhTpkyFChUw0N27d3OEaoNB0MhT++QBtJEqsgr4XLmNjYclsIGEtCJFisjkx23atJkyZcosE82bN48TJ06mTJmCGZWmE4QxGYWwYsWKx48fq9KIcerUqXXr1pFekPSj26h/tUEf6BfJkyfPkCED7ltaGUFGi+M9atSoIbVNROQw8K3ykciC9Hf8+PHU9sKFC0+fPq1KQ+LevXtySzh9+vSBXvKMOOfPn8d33b9/f9CgQR0+M3LkyC1btpALderUiVWCovnlZW9v7ysB0C6wI+MIaXjLW7dumXtFeTmIWtEZFHmDBg3oWQTUFi1a6Pe7coK5cuUisaSnS2HEIbh27tz5l19+2bdvn6enp9QwQp9NCAiW5TEx0RmJEye24E/rBNk43RA/g28MeUwGDRYm3N3dEb+okqVLl6oiqyNvcyeb+fHHHxF0+B05FyAS4IBAGnXcuHGLFi3Knz8/NfLbb7+pz+vGuXPnUqZMSf10794dQa1KDQLjwoULNBw9at68earIWmhj32TyV1qtYMGCefLkCfT62dy5cznIgFMOWAHE8Y4dO2RWluXLlxPS1IYIgGhIlSoV3WHixImqSB/kegOhVLuYRLfFe9avX3/v3r3EQnyTlDdp0gRNZguvluWYZQxBxYoVVVGw0CJbt241mdL/yPh1unhTrVo1+YnQQ5gkh/FHw4YNR5hAq+EbSYtr1649YMAAKQR8JnZOf9Tpwok/Tpw4ISNakiRJYhHbDggtIg9eVq5c2SIXNbXrDRoYTPHixaleBwcHKUErlytXjkKxJcLB6NGj1edtGPpjKdNLWxo1aoTuVKVBEGbdgM1RL+QKktxHCvLu3a5du759+/bGjRvr16+XKx9Ib6KRSD/ttSUklzgmjrlLly5SoivyZib6rTENVPCg+YgWpJ4h2qjF0XTD4MGDSUcIY+Q9GEmgL2OUu3KRohvg9evXffv25QCyZcumBdpw4+PjQ27Ht9GD9J4XiFQ4vul96HLY5BsZM2Yky0SHyQ4CAqJkyZLIi4ifXcS5e/durVq1qB+OZ/v27ao0aDjmfv36sT/oN2VZOHRDREiUKNEff/yhfltP7t27R4jiF+PFi7cr7K9yDg1W0A0hgm9ZsGCB+rwNQ1317NmTA86bN2+Iw57CdpWS7IecDMNq1qyZDDaJFHCm/EXHAc6oUKFCcePGzZw5c4cOHQjYeFjQHi3Dc8nywYMHpURXfvrpJ5IqhAuJSFgHZn89EEX279+PpcokMKrUKsiFaFkeP3488hdzQlwGesX+4sWLMs0DyZmUWBmcjpOTE4k7+piup0rDCxLt+PHjLJBPB/NQn0V48uSJzGWCuOfvo0eP3r17RwYmL3HQYDc/P7/ChQuj7FVR5JEqVSqyxmjRoiEINm7cqEqDht0wYxYIS8mTJ5dCy0K0kxsQefLkwRTvf+bs2bNTpkz52UTjxo3lMjiyTEoQwRxP+vTpv//++4Qm8JCm7/t3PAHLCKOAyJegntFPsrOupEyZslKlSpgEfgDzVqUWhW9etGgRC+XKlTO/LB1xRo4cef36db6c2sZ6qWG6qvgQ7AepRznSWSZI/fB5jgr6wubNm4meHAyJ04QJE+jULz6PVpF9IgsOXkac4PTolVIYJCIfQgPdXp5WSpMmDVWmSiMD2owjr1ev3p07d1i9dOkSR1W8eHHEoOzgjz///DNZsmQ5cuRQ63qCZciEcaVKlbLCy6CjKIiqTJkyIfvOnTuniqwFrgSvarL9fylSpIjkc5MmTXofYOQjQhlZY29vb50rt4FCsK9evTq9euDAgaooXOC80EmcKZ2FHqHTlWEN6aQcdv369XFDa9euJZIR/NTmzxw+fJj8hkRH7+MJJYRk6b/58+cnYKvSIEAMSaho0aKFj4+PKrUoBw4cyJo1K8G+b9++qigAly9frmB6X/nUqVOlhMr0x549e9iB8EZi4+rqOjcwCBsyiGfAgAHWGcdH1JTJvsgfJHZaFgwPJ8NJobFUUcTQrjeYP09B9aIg8WnymBIahSggm+izHADC4qgJeX+bfAOwLOCC9u3bRzYlI07ks9ZHRi7Ctm3bOClVGhhhuN6AJKST07pEaLnnGrk8fPhQZFHs2LEzZMhAIiXDUiIXbFQuvmEl2Ba1L+UGGuhrRDfmRHqXK1cuVWotaJH169ezkChRInIsPBfigNXMmTOL09TAF3h5eWFmZPzsqUqtDsKFyEF8Wr16dch5QNBwOvRfFgoWLEhWjbeScj0gxyBtZYHa3r17N7FqyZIltLuENw1K3NzcbGp2dmwS/4avR0BoYxeCAl+PD2WBsCePpusErZ89sBnJBHyy1LY8Cg4SjcyR4YEEsLZt25LS8DcgZcuWlQHCCBGLTxkSKByPzM2MDYR7ku9gQHVhgWnTprXUJCWBDpileqk3ziV9+vSs4tOkGoFOx9+TJ09S5zBt2jQxGECYtmvXLmnSpJTggipWrEj9u7i4hH5Mrn6gLLVrJIESBt3A+Zw9exYLHjx4sCqKJCpXrkxTqZVQ4+fnd+LECbWiG9QPzjFlypQsHzt2zNANASGNE2GLMJd0zZrs3buXRkmXLh2pwHfffaf1cBJiAjOJ+Lx580gLnE3Mnj2bTahSbbdIoVChQvHixXv58uWZM2dUUdjBhclkpiQ3ugY5uH379pEjR2SZfjd//vyNGzeShIkbJUjIXG1DhgyZNGmS9+fpoWyEmjVrJkiQgEh8PqSpDDlNtRSpkC9dCWlS0TDNY8u3WblRsA1fX1+1YjkWLVr06dMnWlOGKEYQAnyYqhGCmWeaU0a+S6QQKME7aUl/JHLv3r3gI1dovfarV6+oAtKdpk2bygQRkYg8fH/q1CkZ4BYnThySRRY0KRco5EDW6eekLHXq1EHZEIfEURqYg1GSZVI/3bt3D4f+iyD4ROwkSZIkjo6OCxYsiB8/vpSvWbOmU6dOZAC9e/eeNWvWkiVLVq5cKZFj//79pHSyW6RQpEgRjpPwgKwJ3siDgf4ilyvQTP6myLU4NLFo9JYtWxYsWFBTh8uWLcuZMycJPZqsY8eOM2fOlPi0dOlSGVcou0UueHNUGvkWQSLgGwfMkQPGhvUzYw8Pj1u3brEQjMLGs1n2tThWu94AZOfRo0d/8eKFHs5ZOrtaiVRwLNjSihUr8n9+xw3H1rdvXy8vL5ZJSyI3MxESJUpUpUoVFkJMd0OrG/A4WDALeFV/l3MjC1w5HYYFzE68P/k96tK08T/EjBnTmnkttV+rVi2887NnzyJyYflLBY/8+vXrAgUKWHakUihB1PM3b968JUqUSJ48eefOnaUcW0qaNCklHFW2bNkQx61bt+7SpQsqkPgxdOhQ+WCkkC9fvrRp02Lbly5dkigSDuQ5ZES23qKBjrl48WK5zjlo0KCDBw/yV37Uz8+PmHT9+nW5pUgimCxZslixYj1+/Lh+/fpHjhyxBZ3N8aBpWCAYBx+POWCqtLAJVWRp6CnUJLWH0lJFQZDQNGmVWokY/GKgjlQPqGrM4OnTp2fOnBF/bsuEZjRxoP0LWYxKJiiYZ92cNaccN27cqVOnbt++3SIXRSICkZT+yAI6PvhMKbR2Rj+X5xGsf2E5IKh7eZrj+fPnOBpEgwxbRdAFau6ZM2fGXaoVq5AiRQoiED4Fg1BFBiaoE9FSWbNm1TuABQpmjJrWckTzC7yrV6/GhITz58/PmzeP5ps9e3bKlCnnzp27bds2tZ/V4VC7du1K1yO+yps1woGEatSSfkFOQ8tXOGbiGTJahowJBQsWbNmy5e+//y7D8UhFSPHRQ926ddu7d68IjsiFzsvfGzduIBmD0Yv379/nr2ZLuhKU46W65GGEmjVrag+RRSFy5swpiehff/2l0yV6nL9FaoZWbtq0qVoJGm2YiDknTpyYNm2ao6PjypUrWU2TJk3Dhg3lJkWxYsWqVq1apkyZSH9DJLUkzoH+S4oihYES+SIgHGBnJUuWZIG0Zv369bdv3w70Is+BAwd27tyJ3x8zZgzK7tWrV+fOnVPbdCaRCWIkx6CKDEy8f/8+cifTlIyWrJcMgAUZZy6MHDmSJlMrn8ELEM/Qo6NHj16+fHlkPVsrY0Hu3bsX7usNEl3Q0JE1zasG50Lu1bhx47omRo0aNWPGDFwqGeeAAQOOHj0a4mVSvSlfvjxBAqexatWqYGbqtNq1ZSqEplcr/wVZE9Vnp5XhhNS2n5+flFgWgrTcyI4gOAdt1M6GDRuCujoij7OCl5dXoIM20O7Tp0+fP3++3BQgg5IsP9KJaZrOXJZ3794tC4ESNt1AA1s5cQ+UWLFitWnThgV3d/cePXrUqVPnt99+Y3XTpk1//PHHxIkTcUYIi1atWrVt27Z///6LFi168eIFHUxuJlmBDBkyZMyYkYU7d+5cv35dCg2A9CisY4ssS6dOnXD3hCiE/4oVK9AxCRIkcHJyosk2b948btw4td9n0H/k+vLkBQJUj1HfoUGePSGGhe/G865du1A89vb2lSpVsn5W6uPjI9FX8vL9+/fTE/HCGiSaknQi5lxcXE6ePEnhv5+MJNKlS4dXYQE7wXVIoT/27t0rT+XRLiTNUmhZnj17Js1N2zVq1Gjo0KH4N3MePnyIActh8Pf06dNavZnq9f+XQxzjGYlUrFiRv5hEUNoogsSNG5c+rlYihjYwee7cuWXKlKlcufLw4cNlVoLXr1/LEA1vb+9jx44NHDgQE9LcRcGCBck65OGRfPnyEaHohnK9AR2Pk6EdQ3x+x4YwWVcIcEryzkDcK3asSvUHlU1j0G9pCbKlBQsWkI4AXga5J8fvD3la1/yaHiUYjZQ0b95cfbX+/PnnnylSpEicOPGaNWtUkYHpPXiSpS1dupT2VaVWBGOuVq0aOQEpiMh8QumbN29GjBiBJs6RIwf5Lv5LAxcwevRouaWCFSFDceLqu6zIx48fUTwcQ82aNTkqVRpq8Fn0AtxWaKZBjDgkK9LKc+bMoW5nzJiBYkAQXLlyhWSLHoor//HHH/EqBF0ODFlmnrvTayz4Kq9wQG0TGORggnpHFDpSbmfQLqrI0tBZyHzkMKhA6g1vZk58E+Lc+MuyTB0N5C39+vWT5ezZs0v1kvhNmDAB10QDiXkLKDl2056uJyKGOGOgBSH0yu9iparIQmBdfK2l3D7+qlevXnKogjQKCgAb5q80BL4CT6JddWAfkthLly59+vRp2LBhrLZr106+TaaCRQ6yevfuXTaxGprXSukHTWA66n9lqCoKjNDqhg4dOvBdGPHTkOZCiTj0lsuXL+Ov165d26dPnx9++CGouSnRa1VMmD/NQkOSLlSoUAEPC71796YlZDSKNXXDvn37EJIJEyYkLVBFBqbGle5Buq+KrA5ZmvlEAlWrVpVymWM4RNCssr81wen88ssv/DqiBxejSkON6IYMGTIcOnRIFekJXtLBNF0/3nPUqFFy4xYfgifx9PQkS6OT/luVn8EksmXLRngTWOVokWhW8DZBIcPA4fDhw4EK3FWrVpEmsoN+ugHGjx/vr66sQPny5UmU1RHoT1TUDUiBnDlzYqvEGgScFJqDhsP/03YsoNLkG3A15rqhUaNGfHbs2LGsat9sI7ph0aJFqigwQnWfAp8lN4OLFSum95jPR48eUY8dO3aksRs2bEi3WbFixZMnT9DLtFPZsmXNR7TSeJwn8rlz585EaEqaNWuGfPvtt9/I8jebQF83bdoUASFi0GqQ26E6X79+ffLkSVVkYBtgQijggLf5MTbRNBr29vaYnAZxl8KffvpJBsRZEw6MA1ArYYduRS/mxK3zEDUV1aVLF/6SuA8cOJAeqjaY5ksm0Go3dAm9OFMkwkwzSpcu7efnN2vWrD179nDYsqeVwaGLq0Fp4eKl0Pogv+T2f6xYsapXr452DEirVq3ELeMkxVD9QXizsvf74hk9evScOXOwVWINEUdmm5ZNTk5O2DxyuWfPnnZ2dhjSd999R7nMbUXQld1Y2Lp1K8La29ubDFlmn7MdihQpopYCxaQeQuDly5didtSUKtKNo0ePalOpC5zAkiVLNm3aNHXqVDyO+esMyGNoDD51/PjxggUL4ltvB/Hyku3bt9NC+KMLFy6oIp2h0uRR3QYNGqgig8/XG4jH9BNVFBm8ePFCuwKsXW+gyTTdgNBEdBIzrphx7NixUqVK0RdQtPfCfrMggsgtaoyKI1FFoUZemV28eHG1rj8oZjJy8yuFcr2BTVOmTNH6OEFx48aNyAv5lHD27Fl57JBUwc3NTZVal1u3bhFxOYbKlSvLYfvDOtcbqMY2bdrgu6B8+fLTp08/ceKEv+sfT58+bd++PUdCanv58mWxVXP4CJsSJEhAUkus0sCfu7i4YBtQsWJFbeDLF3a9gb6MblZFEWPfvn1yqObzTAMtIi80SZ06NV5CGoidM2XKRBeQVaSwJB5yvQFBLBWOtiCoaZ7HRq43BP8qiTCIUPyOdm768cH0cL9aMYGLx4907tx58ODBCxcufPbsGdWtmbiAGJc70EGNfMQFcPy0HH1MFekMR2h+y9ZAkPQxa9askTJ5gwY+9Mcff8ybNy/LHBKBgQWZqkhAj2IzZcqUMb0lTUHcJb1Ily4dCfT48ePl0QyrQe/DhlEP4bBhLJ+Py2uLrUOcOHHq16+P4te6qjQ9PvThw4f0ccqLFSv2+PHjESNGmD8kwm5UtQw1v3TpUq1atX766Sf2x1vJDtaBOC1HfvjwYTnyoOCMQK1YGqqxY8eOhBaMjSPp27cvOoa+k+ozCC80ljwk//btW3Lf1QFAo+NXEeukwjXMaN26tTxpDOvXr9emJPrCuHv3rkUGp2OBohscHR1xAlIo0LnkslC+fPlYkEDp6upqPpkVWpn+ywJNSX/E/8gTGXRnkGDh4OAgWifSWbdunVoKjFDpBpn8JKUJKbECdAmZVPzq1av4aNoexYBq7tOnD1rP31nRw4kEtCtaTxX9F+vfI9Sgx9r+fCZWQxwcnUS6UCSSJ08e/GbMmDGPHz+O36SZZOAChkda4OHhQRLmT8ICHRvbS5Ys2dKlS/HIwUcUy4Lx49n5xfBFUOq8aNGiasUqEHqrVatG/iQa8ciRI2TDIA/UkPvu2bOnZ8+eFy5cqFevHoVHTSxevJgMfsiQIabv+FfATZw4sU6dOlaef1e7T4FhSElQIHr0mOtQg1b79ddfc+bMiYvDIIkx3mbcuXNn8+bN1Cp7EpBWrFih7l78F1wQPc5fJiPaCLuCRIkSsao2fFmg6izVT2USFDpgUH2QOtSya7IR8989deqU+BPaK0uWLNOmTaO9CEylS5ceM2YMko5NCES54R4pUFHadE9yLS0oQuW75fUtqAcrPLweK1YsOeLGjRvL05Xm4NDZ4cCBAzh6Vr28vOQ8URiSOwYPyY0170zj5emrDx48uBLS7PFfDzJOW61ENoSuTJkyof03btx44sQJdAAOFGG6YMGCFClSoEF37dqldjWBeHVzc6PzlyhRgng2Z84c8yff9Ca26f1tLJw7dy5MfvD58+fBz/6mH9g/0oHAj6O8dOlSy5Yt0Qrak40EwrZt27ID0oEcDgcKLi4uCxcu1F48KPCpYcOGWfMhWKShTBITIliCrw7vVjCHelu7du3YsWN79+6N0davX59jCxGZDS+UYCRGehM89HREGwvEwRDVpAbBGLWB6f7xxx9i+RiMNikIqfiPP/6IepbxBOiG4AO2rnBef31+Wb/2jrRACZVuQNLyl47EWUmJfvATcqEG1aZdC8qYMaNct8S5Dxo0qG/fvjLSCgcaJilDCL9586Za0R+iC34TvSXWZmCDjBs3DjM7fvw4XfeJ6a27iRMnrlChQtKkSZ89e0bAmzt37vr169esWfPzzz8T0jp27NilS5dDhw7x2YMHD3bv3l1SPWvC0YZJNyBbwz3LZMRB6NepU6dhw4bonjNnzowaNcpcRqPbhg4dKg80CnR2dibDXvIZ8geyguXLl1P5VpuCJURktLxa0RncSJ48edq3bz9hwgRsklR1VigguZIKrFy5coj3TG3hEqCNo4WkMF3zI0LhN9q1a4caFvmOhXfq1EmiQ7x48WQMkAhlcpiA1zitBmJIHEXZsmXxhFIYKGEwFCJ6UM9DWhB5cEWW48aNK/N80U/mzZunPaliDp4oNDcXIyXHlX5INCJPlRIDW4Bu//HjRzrJ+/fvixcvjlBA2xGM3759i1bo379/zpw5r169ym5ubm59+vTBX9PPJ02aRNZ7/vx5kmOSM/Gz7NCsWTMbv57E2UVuKhknThy0PlkynhfH5E/rExHNh0I7OjrS35FxzT/TuXNnuVB/5MiRKVOm0HDW6c6oGXt7e7USABJEfyO4rUbq1KnzhwIHBwepwNq1a4eoG/C6mgzCsLWL7VEa8cAoe3keMOJINV66dAkzxj+Yhx5ZFstk+fHjx5JvY67btm07evQoPgcBsXbt2gMHDowZM6ZRo0bmjbJ//37+ZsmSReaGiizkLLJmzRq8wdi0wEyYMKE83JIoUSJqU4Y3Q7Zs2VgVQUQDrF69Gsctl4DMr8fShA8ePMDLAyljmFI0i4CV0BW9vb2NKSMjC0IUHfjRo0diBkDg7927d8uWLemi+EoSCE9PT7X354uKOBoJtNgMEsHX1xcHxP644Mlm/Pjjj6lSpeILEbWhv275dZIkSZJFixaNHDkyYCRetWoVNUxPSZEiRfTo0U+fPk3WpbaZYJOTk1OrVq1ix449Y8YMfMLWrVvxwmqzbmA5oFYCECtWLLn+ypFY4WAiAslVmLxfmTJlsmfPrlaiMoh+4h992SL36dBS8twKnb1r167dunUbP348CQYenkAzYcIENuFh0CgLFizAXBcvXmz63L9kypRp165dc+bMQT1nyJCB0EYI4ws5PJFr8hoUloMP2LpCiitPhbRo0UKeMwgKm9YNCRIkkFt0MqSZrAVHnzlzZtIOtII8FEsj/fDDDyhruXOxffv2HTt2oOkWLlw4f/58NpHNAAvW1w2idiFSrnYYICVnz57drl27Nm3aiBlA3rx5yVmXL19ONkD/B1oHuyKdLViwYKlSpejwGo0bN5YrXrgJ9AGOAGehMXHixB49emBXdDYMTx7KMAgKNEGvXr1GjRolFxTxsPKGsxMnTiDvSN8RFnRqRFuDBg3mzp3r5eV18eLFnTt30pfZdPfuXToUwg6dN336dCvcedG6rY+Pjyz4o3Llyrj+myZUkU1CVYfo/dBqmgFzUiDLUZqmTZvKc/v3798P0x3toCCuy1QZVOnMmTP79+9fsmTJZs2adejQQV5YhSXUqFGjbdu227Ztixs3bunSpWVQMKkvWgFNoFVs/vz5WSXxyJEjx9OnTyXRv3HjBjYfWXcVsXM5DC1yBYXN6QbyEpG6aAWqT57goDE4HyyATTI0Ev9OMNCe5SNCiA9CRhAnSPRbt25N48nofXOoGlF2VsDNzc36YsVAgwAzadIkgvqWLVtYpcNjNlVNYB5yzYBOyya6OoksjgCdQa6ggfQcPnw4ZnbgwIFAR9Q6OzuXK1eOUIeGCOuwg68Q3C5VjTfHpW7evPnXX3/18PD466+/qDdiMO0yZswYXO25c+cGDx7cpUuXTp060YtpLEAryINdVkN8PZ4noBsR5DLDMxNSYsu8fv3a3d2dtIqYx18NPC1bScasP5uZEO5XtYUI8U+uUuMKJEBEkGTJko0ePZosFFvNkiULJb6+vvv27cOY/SWHRC6Sijlz5tSsWZNVRDDW3rNnTwybDIQSjAr7efz4MYKjX79+co2N5ujcuTNZyo8//sieZ8+e/fe7rEIwdh4InG2IjB07FpVETk8PV0V6gu/gwPhFskPJ9mj7N2/eXLp0qXz58ngcb29vdnN1dUWy4Ym2bt2K7/YnkFlFzZUpUwa/s2TJEtmZ8lq1alltxh7iEDkWSsgK82VFFdasWUPTODo60pNVkT6QPE2ZMkWMIXbs2OSsJ0+evH79Omkr0NtlN3kNAbYtT0YEBJVJ0IoXLx7dXhX9FzpFpkyZ0LLYKr5JlerAo0eP5GVLmPS7d+9UaSh4/vw5URlT7N27tyqKVDgR9BbHQ1/G+caJE4euiiyQrbRRwOdFsRlBVvHaNKLsrx8E1Lx58xJ7gnqpB55HDmnWrFmqyCZBLnOQVLi9vX2aNGnQyvzVIBMrXrw4NqxdIZc3JlgNflp+1+LzPqFHCd58M/Yf1JSAYQXHggFjfsivY8eO0fT0R5LY3Llzi4nWq1cPfSBvRGN/KlPOTiBgkf1KhbMzjYI25S+b5OOC7ClzxiCgV69eTdgitMsx6AF1xWHzu8WKFSMRUqVBEAbdgFXNmzdPFekJOSJV9m8df4afRivg6+U1mGLWIgVixoyJD0VK034pUqSgkxcqVAhJSMpCs1HOVmqEGmcHPmtBAwoR0Q25cuXyN7nY1wxdTmyJnqCK9AH93qRJE5P5/DsuDymtNvwXjASjwt5Q92hTVfpfTp06ZWdnR6oh0zzwzXxK4+nTp1OnTpUfcnJyeqXb25g03UAHIVNRpaFDXr1RsmRJtR7ZoMZI2rRujj1Qt2rbP//IOFMKEydOXLt2bbozeRhV7ePjIx52/PjxuvpQYcaMGRwD0MSq6L+8fPkygelFi2SHHJ4qtTGw2BIlSvxby6HGmrphxYoVct8K+bJ3715VaiEwEpkAEbPZvXu3HjZDTyTEYM90fJM/eIEbMZf1ohtwQalSpUK3BfWcAqkUWgRx4OHhMXHiRLkLL2CBpCWkLk2bNu3fvz/p0IMHD7DJoPxV+MBOpCE6duxIpqFKgyBU9ynkldBEX5ASXUHvoIiJLjhrORN+d8CAAZcuXRIhxhmadvwXzoGTpFU6dOhAXpgoUaKffvqJnUkU6NKU006ICXajrtmf1jX/uBXgmEO8XfT1QKhAX9Og9GFVpA90Kjc3N1mmG//222/EXVk1ByPp1atXvnz5Fi1aJEOa/UGsIi0mOWBh2rRpc+fORZVjbBotW7bs3r277Lxv3741a9bIsn6E5nZ1oOhd56EHP0gS0qxZM+qWVTqI+VyWMiaLkqVLl65bt47uXLVqVVoKKOezuAVxBbryr78zPXEnA+MDwpFwCix4eXlZ5Pa5HmAt8hw4IoxohILUqFChAlky6S9oz8oRn2S8p3XAG1PDLJAEypV/C4KRODg4YC1Ed/JG/IDaYDkI6oQYLAFLFhPFegOKA0L+xYsXyV66du1KzZvP6i24u7v36dOH4HXs2LFs2bLJq+CAiFakSBFEFV+LBhozZkyPHj3wV3zhuHHjLDji/tatWzLAhXCPi5bCIKHNQgRZLZHv119/5atVqW4cOXJELg8ifHAZaUzPpSAYOR8Zk9KqVSt2k+sNlK9du1Y+OGLECKw/0Pm98ZiIWT6bJEmSLVu2iDvQG7neQM8MKtn9CsGWiAE0xJAhQyyrl/2h3azFOSIf6QnalXB/vH79Wi5m4rYOHDhAY82ZM2f4ZzA2vkHS3BDBF+j3ouqbN2/mzJmTX/nll1/C2g1JU/Blxa34forQgJT//vvvOSOq9/fff1el//wjs8HSKDSNKjJBl8dNZ82adefOnapIT5CJHAa/GJShEo2GDRvGPuQ5V69eVaW2AckrHm/GjBnoWmIPB0m9LV68GPnLVtJi7PzcuXOHDx9G7AKeVnajF1jz+uiECROIiPy0Tvd6sDFSec6LdJ+zVqVWRB7B6Ny5M65PFf3zD63g7OxMjEuXLl2LFi1wiZKcB6Rw4cLz58+ngdDZgwYNYmdt1mZUEV+ivjHCkHVzPPb29qF5QUaodMPbt29r1KjBgTZp0uTx48eqVDdEN9Bd6bfPnz+naqSaNFAS9FLRDew2ZcoU+eDEiRMJDyNHjpRVfxBI5D4fgdziN9ICpXbt2jRttWrVtLvpBkQCIjGt0KBBA11HA8w2zSiKheAf27VrxzINob1Ungxsx44dpLOAbJcZzWksFiB4uU2QQ+yTaAKGtG3bthUrVpBAsAkfrZ9vkuFUsGvXrrBeceU4yYQICSdOnFBFtgGpCGdEzXNsa9asoYRTk9sxKEvZR2Py5Mm4NmScdYJ0iLqBQ9WuUXHwYW0U/bh9+zZ1mDlzZvOkNkaMGHjOsmXLVq9enTrEzkuXLo1jX7RoES4Xo5I3LFhZNyAcaX3yae1l05YFhS1PSMKSJUtUqRWhPvnpypUrX/nv6+jQSbSIk5MT0YGU4OjRo4MHD65SpYrkxhr4IlRpo0aNiG7STObTgObKlUt9XcS4c+cO9sAXorFCHNwAodINVD1yiS+tVauWjEnUFSoRs+bnihUrxqpcBMZfoEnpBizguCkk58iTJ4+5bqhUqRImSIeRVX8g8bSLPylSpLCCdJAGNt6HaQ66QQap6K0bfv75Z34FEY3SxWhjxYpFL7Wzs0OtQ/LkyTGn+CbixInzr02YwH7YjZ0lBypatOhAE7169aIcw2P51q1bfp+RC1cfPnz46aef+PioUaPk1/VA0w3Hjh1TRaFGdAMplwz8thGovREjRshJUfOZMmVat24dFoLrTJo0qb/RVOxcoEABdkN3hnV4RzhA/8lVKH5OrqUHyqlTp+RaFB4ymN2szPjx4zXFwOFhz4CrlBJ/0AWIbWRTsoM1dcPhw4ezZcvGj5JtW3xwgwayns7LrwQVGvTjzz//pHr56d69e5ubB8YsV0EISarIlJ8/e/Zs/vz52D92HjduXPFRtB1RDzdFeZIkSTgXVtmBj1tKN2zYsAGXyHc2b948NJ0rVPfdsSeUKQvobk5YCvUD7YkHoWrwy/wiNRUzZszUqVOTI2JnCGSqcurUqaSPmicVChYsyKFy2mo9aB4+fGg+KYeB1aApwzpKKyKQciVLlowgRFyn3yLt0RDw6NGjd+/eoeXZWrhwYcxb7u/a29ujDH7//fcZM2aws7u7+0gTQ4cOrVixIrs1a9aMtAwLFLBSPoUdHjp0CE/dsWNH089aHvoqh61WwsuDBw/27NmjVmwAspwDBw6wQE1Sezdu3CBUu7i4vHz5koaQZ6lI4tmNGl65ciXHz27SzU1foCM4HxmeKSMwggINKvfdiLW28zQmFSX3qqnGrl27Ys+//fZb06ZNMWAoVaoUCix//vzp0qXDu1Lb165dC/egmYjg6emJVROu0qZNK/fg9IAkXoZIk9MHM5GXHtStW1cG6+D3RF8K9+/fx72olc+gDxAKOCW8ChJ/x44dhDwZJlmyZEmSZEIbJegGzii75SbmwlTWr1+PS8RaSOpC07lCpRs4jRymx9zPnDlDd5JCXSlSpAgOgt86ffp08eLFce4UYl5k8HPmzBk7dmz16tXlYjL+lKMyfejfFFZ0ZaBI2FArBpEERikZBk4ZfS2FeoDr5O9z0yudsIpapgcKEAft27dHQ8DgwYNnzpy5cOHCIybKlCmDndesWXPIkCF0ntatW3OoIurBzc1t586d+NlAh4zdu3eP08EdBxwPZSkInzKzGZI6gWl4YJjAKet3bOGGnF7eJNmiRYs+ffrQOnfv3kUf4B+fPHmCl//jjz9Indu2bVu/fn0UG66NrIu8Qj6uK0RTdIxaCRrclOibS5cu7TO9ZNkWIOrQ3NRVt27dJk+ejD2jaMmUxNTJvrZu3bp582aqt2fPnlYQYYFCx6TX4OTpnmgvbTIei4NdEWWJyrTp0qVLVal1uXjxIrFMy2kxG3MZERD0HB4J/0PP7dKlC622a9cuefcVJePGjZPHOC3yZvyzZ89KBk4tlS9fXgqDJ1S6QQOxpseQ1ICkSJECY0IHBRwDT5do164dCnrSpEl58+bFn65bt44c0dXVVWb2wDh8zOZ3o3Dv3r3sg2qj5VSp/qCjdY2LURdULdoZY5UpHFSpReFrJZGlv12/fp3uKqt0s6FDhxKKYMCAAbVr1y5XrpzpE/+CA0WkqpX/smjRIro6W83fwCSgR3F/5JqNGzc2v+WhEyh4khK1EmoQ3Llz52bBy8tLv2l2wgrJ01XT27FbtmzZq1cvIpw2cwOuZurUqRT2798fjympP6CZxHvqDZoGKcCCOGgpDAjHg15MnDixZnK2AD3r1atXeFEZS+QP9HGaNGnSp09P2oqMjizdgIeUZpXjkUKdyJUrF5GY4OXu7q6KrMvu3bupamdnZ0QAyT3Zb1gnheT45dJX7NixiXH379/HLEuG7pWtwUCQon9duHABM9BuGoZIaHUDJihjDlasWGG1y1m+vr78nEzThIa4/PnFg9QXmV+TJk3EFZJTogkaNGiA96EW6O0IBfY/duzYyJEjyVSaNm3aoUMHmW8OlRe80LMUaBRiScKECatVq6aKDEzEjx9fcguaSUr0QK4t/fXXXzt37sSHbtiwgVWMIWDgB7wJ8oKeky9fPlX0X/bv358sWTLt2iAGSS8Q7ty5g5nh+7JkyaKfC0ad0Bew/IwZM6JgVGlYkJGb1DkKW0oiF8ScZDlZs2YlbGAV9NNp06ZJ+s6Zov7pzkgxklE0GfVPYbFixej7pi/QEY5t9erVsoyyDL5ZUZMcFQsYCWmMFNoCZNgh1hXhRyftHiIPHjwQZUY4pGNKoU5Ur16djkPrHDp0SK7bWY0JEybEjBnzzZs3Hh4edOHZs2cjIEaNGiXJLW4KHY8biSzLIUgdP36cw8ufP39p02iE0BBa3ZA2bVpp2m3btnGSUqg3/BC9l5CPhb1+/Xrz5s04GpB3UpB1ac/KIyRRr/KsBzquWbNm+FZHR8chQ4YcPXoUn0vPR2T06NGDjxw+fBgnJR/Uj02bNnHYMUxjmFWRgQkSHbkaRpDQu7fQ9HTUc+fOSZ5BuwcaA7AuhKa9vX3A6w2Uo1zZAWtkQSwQ7/OjCSwKu6LzV65cWQKeTpCgkJ1jS8hQfyOuQwlHSNwlElvnkmFQUI24KsQWvVgeWMBhSSKFoC9UqBB5FcdZpEiR3377jVSBvH/r1q3Lly8nOUacifrRG8xSRpMkSJAgRF+RKVOmHDlycGx8RJ4gjULgHiMlYmEGV69elZdH9+rVKxyX0MIEBubk5ET8RicRJq3ZBZydnTnT/v37E4/wFXZ2drgUPz8/qXaCEQkwnmTx4sWoKDwMUSzQCEvywwfpGjJgQojgBU6OAW8mN/qpH2xYykOGQBtK5s+fz1Hy1SdPnlRFurFnzx6cuDrEUIA/bdSoEXIp4JnTWosWLdq4cSONob79n38w0woVKtB4al0HZIgcIletG5gxZcoUrJ98CFeriiwKPdA8Kcez8xeLwgzUHv+FPCBlypQuLi50TuIZYORbtmzB5seOHVuqVKlgehRCJGfOnFOnTuWz6ut0YODAgRxDwYIFw/EwhYC1yzihnj176mr5gfL8+XPUG1VKRbVp06Zw4cKagCtatOjZs2dltxMnTmTJkoXuqU3KIpAM1KhRAxVunScwkYnyPH2tWrX4aVUaNKtWrcK6CE7Dhg2zft0GpGXLlhw8akatBw3SzZ+Sts7zFI8ePZKLNODm5qZKdUZGZNNbd+7c+VH/R3ICQgzCBSGIW7dujWmlML1zS4PwiqshRWeZVrh165b6mIkDBw5kzZoVbd25c+fdu3dny5aN5Sv/fbYzrNy8eVPsnFwuTD0rDLph3759GCJ6p3v37qpIN0jg5HwSJkwYUIriQPE1gwYNogHqm17q37BhQ7qrp6fnhAkTSMgAPyvXnPGS6kvN4Dvz5s2rnwDCRaJXOLAWLVqoIgMztm3bRizH7idOnKiKLMrcuXMRJah7tLwmIPAaCAK1x2fIPJYsWSKXGeixhDSWBZSEfNAfNCvfLGZWvXp1AiFdQ79pG4QyZcrw0xHRDZxply5d+BIS+gi6m9Bz/fr1DRs2jBw5kkhGj0iVKpWpCv1Ts2ZNkfXYA+2VLl06+bjG0qVLET3kix+s8qwjSRitzIENGDAgNHLw6dOnGAMfIYGRWSgiF9vXDYcOHZKfw5NTe6pUZ3bs2CE/+v333z979kyVRhKkTKQrCAjxJDJaXAMNQafo0aPH+PHj95qeUBXdQOzLnz8/bgeRmjlz5gh2B/Ii+bmff/45TGlPGHTDy5cvm5kmVSUeqyI9kWkoypUr98cff4iGANIU8j9XV9dr1669ffuW3ZAOVCX9RD6Firxr4s2bN6dPn6YnB9QNJKPx48fn+2kJVWRpOGZyI36dVldFBmYQZVGfsWPHzp49ux6TacqMW2SopDUyLgfoZmjNOSb69u1LugNFihQJalZdvkHD2dm5nQkyS3d398uXL4uZwd/6z/ZD9JU5eRo3bhzudJbjPH78uNzwHj58uPnlNwvCr7x//57AQ+ZdpUoVBBbyy/zKKpWZOnVqToR2X7ZsmdzFI3TJOxG6devGqr8+yynLVApW0w1yAyVPnjyEN1UUElu2bOHw+NSIESNUUSRB0iLD5cKnG3C5eotgjKRRo0byc9gJilZt0BlCY9euXflRorJ1phwNHuqBDFncyJkzZ8TDEJjoI1I5IDIaT5UrVy7zfgQkORHpxV5eXpJaly9f/sKFC6o0dIRBN8DmzZtTpEiROHFiK0yaJLoBoUCCNX36dPokigzB6M9xuLm5kbY2bdo0oPFh/TRAnTp17ty5g+t5+PAhCytXriR+UK6fbkC7TJ48mYMn5X3+PIQXhHy1bNq0iYBNEkkkVkUWAslIN6P+0Q2s0iFFGdDoiDkMCbAZSvzBbrjajh07/mqCRkR6YjmAdQk6hdvgobslSZIkmPssoeT+/fsoKs4Uv8lJqVIL8fr1a1Jtuhv+AQcnulkqViN58uSrV6/GfYvopzKvXr2KvGBPHEu/fv3kWQnzGcHpxQRvGTvSuXNnK9Q/hyeJiqOjo3YDJUTo9TKRQ6ZMmdBnVlCTQYFLLFCgANlUaJIWBwcHjtkcmkNt0w0kIxbIb1WqVInopUqtAqJfIgud3eJdIIKIh8H8fv/99+rVq6dNmxbNnShRIn/9iJali7Vq1SoiN3kx13nz5iVIkADHQh4VVnMNm25AFmFnnAYeGaGkSvVBnsgqVKgQumH27Nn4enz6vn371ObPUNF4KPpJwJtkBAwOFfsglWnfvr35RBlUfZkyZRDmaleLgjqRp/voFRyeKjUIgLzzrWHDhpa9UHn48GEZ0CC6AeTxDVxVhgwZsKK8efMSPjXkrieJrx5XPiIO8bhBgwYcIbET01Kl4YWuhJwlxSQ/VkWW4P3797/99hsHqSEiDPcnlUydo9UqVKgQMJddsWIF6YH6mEne0c0vXbp08uTJbdu2OTs7S2sCSs4K8ZjjSWh6tTE6RhWFDlJYOU4SwTBd9bUsmm6gRVRR0HTv3p095bAFK+iGRo0a0crx48cP6pUx+oH59erVSzKHgQMHqlJbBaH/559/1q1bl2iYLl06Ih2JVrVq1bZu3ar2CC8eHh5iJN9//70qCgth0w1AXeN00OOW9TsB6d27N7YVSt2ALjO/rUgcQvITNlRXMAN5Vbx4cTIDna5T4df27NkjCe6wYcMiZfRNVIE4jeGi56gxVWQJtJSCKCV3MdENBMvGjRtv2rQJEzIfIkDAIy1j5yZNmtjmxSFPT8+SJUvSFywyVmbXrl1yIbRZs2aqyBI8fvxYmzGGqkam//HHH1T1m89vdsBd0EkJFePGjQt4a/nQoUPm0StLlix8W8GCBSUr1QjNzPkR55dffuEU6MKLFy9WRaEDL5/b9GQ4oHhUqdXRdEPfvn1VUdD4u0+BL8Xxqm36QO+TyzmIxYDjjawAehTT4gBy5sxpnWG2EeTDhw/nz59fv379r7/+umDBAnl0NiKQ/7ds2TJu3Lj0LwSEKg0LYdYNN27coFMRxRHjL81e8GVxJk2ahOmTIKKtQtQNGAF+kA6Dt0KOlS1bNleuXObXonGURYoUwSMQqy5evHj9+nX1eUvD8cgDq+Sv9JBIvFxp+7x9+5auizkNHTqUrFqVRpgdO3bImGT+bt68GYu1t7cnZw14RQqw4ebNm7PzzJkzrXPvPKzMnTs3QYIEGDPnpYoiADFbXkFJz7p9+7YqjTA3b97UnldMmjRpQAVG/o3H4CwQ7nRSVWri8OHD8nIj+XhQlC5d+sGDB+ozuuHt7S2PeubLl+/Ro0eqNHRgPzIwAhCpkdX3RTdwDMhl05C7al26dFm4cOGSwChRooR5zceLFy+sailM+Pr6uri4YAY47c6dO1uw14eJ7t27cwB4HhZ0fUuODYKU//nnn0WRy6CicBBm3UBnkDFK9C79oi/QnJgX0qFr1654JQya1ZH/fdcl2fxT03zdHA/CInHixNrgeVZxZJSUK1fuwIEDuAO+UO6q6grHgzlyADVr1rSCm4vS4GdlmBKuzd9DRxGhf//+kkJhPG3btsWVE3eLFSsW6LUfrAIni2mhMFSRLYE5dejQgXNxdHTUcvcIQtZCqgEsWGq4AHkbBynQ9WiCgCIM6SDXJEgAfvrpJ3kODRIlSmR+sYG2Q+c1atQIlU9gu3bt2g8//EA5kVjve6M4N+oEfwIzZsxQpWGBXJCjJRInTJhQ1wAcDMePHy9k9spEwLxxjIFiXvNAiX6HTfVu2bJFRuamTJnSCs/zB4Wfn5/c/EqfPj2H9FVld0Sl/Pnzc+50MR/TS9XDQZh1A5DA4XT44Xnz5ul3HZ7EnWSUXwFcjIgDJAvek5yJMHPu3LmlS5ciC8z1MikmpkCugJLy8PDAIKxsE7169eJ4kCy4PFVkEDQXL16UF0pNnDjRIrb0/v17edpQSJUqFT4U40Hmqj3+C86L3Yhnly5dUkU2A6ZLLi6DMzZs2GApSz506JB8Z8mSJWWq7wjCgeEK/q1uU+DB/qn2FStW0BayA26aDgsyXjhQtMsVNWrUoI9rJ0tK6uTkRDmdXUr0g6gvr8zNmjVruGt7zZo1BEW+BKmq0/QkwfPw4UN5G4tA7oRLFAI+0+4PXXUDItjFxUV+iIRBlUYSixYtEpNDkdtg39eJly9ftm7dmrPGEiJypz48uuH58+ekcfw23ge/r0otDf326NGjMjBeI3PmzP369evUqVPlypXNH3jF3NEKHTt23LZt265du3S9EBIMjx8/livkNWvWjPgQtq8BIkrPnj2psRIlSqBHVWkEID2tZprYu2jRoqSt/xqHKd8aMmSI2uO/iCOrU6cOUU0V2QyEz/bt23N4mLoF7ykA6pZEE785bty4iF+Eo6vKE9o4o/79+8vgksKFCy9fvvzIkSPEIeQ+HRYCvpIqTZo0rVq16tu37+jRo/kgQW7r1q3mV0FIEhAi7Kb3g3P86Pr165MkScJRoW9Uadjx9fXFPSJV48SJM3jw4EgZIDljxgx57R9dYNiwYbhEYebMmX3+Cw1nfslBP91A9a5cuVK6JLrKOkNVggFRS+tgbxxPkyZNLNu/bBN028iRI2PGjBk7dmx0W1hvw5kTHt0AuIMcpjdkBjqrkqX48OED6aCzs7O/51bNwdcMHTp03bp1x44di8QxzAJZF92Vow33faOvEPIzcdaEHFUUAU6fPi0Pr+MUpkyZIjMk0lXmzJkjOxDkCA/z58/v1q0bTlNmIsKBWuEeVljRaoZObtlH6klJ5QJe6dKlUVqqNLx8/PhR5DIqn9Rt06ZNcgmQBDdv3rxyPSkgP/3009KlSwlmuDO+5OrVq3wJyd/NmzflawV5T0SpUqVC/0hk+EDCIh/5LQ4jgk9aUaUSkBCvkXI1ntRO0ioOo0qVKhg/HlJwd3cnZCJJ8eGsosbEEgT9dIMMZpJfQdZY4XnaEPH29paxPign3IUq/UJBfyPNxSwdHBwimFqHUze8e/dOnnews7PzNyOsxcGtjBkzhtwomglyRxnt3KVLFzc3N3Sipe77RpA7d+5UrVqVOsmcOXOkjBOOorx8+bJNmzbUG2EmrNOPBETTDaNGjcIvyBNfkC9fvn79+rEJf4rxkBljSP/6MNOY2Uifqycg6BsZYEviLi8RUBssAd9GSs2JEzN69OgRweFp6AYZZlWpUqUbN24g3+XBUQGnTLdFuhUqVKhjx44SPOrWrevv3iqhmvLq1avLe+yA0IKfkcenUU56C7tx48bhWKgT9GvEx+uJe8TGypYtGyl3K7B/7UICyQzqTUAok2tlyZKFpJ/V1KlTc5yyG+ikG2hKWpAfgtatW+s9TiWUcFSenp4y5iZBggTNmze/e/eu2vZlQX9Hf3OOnCneL+DjBWElnLoBbt26RRKAHZAiSMagHzQwcmnatGkDBgxYtWoVvfrDhw+2oFg1cHAcHv0QF/nLL79Y1st/8SB+CSrYkpOTUwQf0jHXDawuWrRIewEmbhQHam8GHYkfLV68uA3eVNq9ezfihrjeoUOHcA9fCoYHDx7I3NVUy8qVK1VpuNB0AxGXjkDJ/v37EQqU5MiRg+Ona9Au7AZLly6lvF27duaxmf4iEw9/9913Z8+exR5w6LSdDF6jEoYNG6Z21Qc8mKRiuXPnPn78uCqNAC9evKhRowaVgIFNmjTJ+pdCaQjzu0LJkiVTRh8AjlDtpI9ueP/+/Zw5c2RoBQ26fft2tcE2+OOPP+SiIwF1ypQpNpKFWhA6Fwk2SpFzjB079sGDByMensKvG2D58uX4i7hx41Ldquhr5cyZM5JIkR3alKCJKkycOJHwQAeeO3duRDJLTTeQPbC6YcMGvCdpX+3atV1cXKZOnUqJBjkQP1q1alX5rO1AUJezyJUrl0WGLgbKtm3bRFQ5ODhEJAVEDcggeY4WxYD9nzx5kggB2sUDAVEow1nmz5/Pp1SpaUCiTALG8VSpUkVGSGiwGugztJaCGN+7d28sIVasWEgfS00jePXqVXkxMeY3duxYMh+1wSoQG0R6Sh0OGjRIGf1/Wb9+vUw2LLD/0aNH1VdYAuTLxo0bxTci09F/NvjcIz4nb968HCEqCo2rjef9AsDqVqxYIR2K+u/evbtFrttFSDeAPPCD57XydKE2BZkTEYh6ACKTKjUICw8fPpRpeok9xH5VGnYeP37ctGlTvidp0qQoa8IAEpskMtC3Gs6bN49QYWu6geBKmMGDc2wRGaAXIj4+Pj169ED6S7wMt3QgRA0cONBk/v8OMSO3dnV1TZgwYcCZQPFi8mKChQsXohv4RbTLr7/+2qBBA/OsV6No0aJOTk56B12OQcZnFChQIOJ3yjRw0GvWrJFxBrTmzJkz1QZrQfU2btzYVJH/PjtDzAhIt27dZBIkIXHixO7u7urzluDatWtly5blm2lfFKFtTpaAAe/du1f8j0gHtSGKQ+8bNWqU3J5InTr1kCFDLHXlMqK64fjx4xhEzJgxa9SoocfV1CgB8UkeTG3fvr0xZ0O4OXPmjLyGgFARkWGAJEx8z7fffku2V6lSJb4Q/6i2/Ze6detivbamGzw8PCQFbNeund7Xt0+ePCkDnOPFixcRd3nr1i2pajoC0pkYyXJA3YB6k/njK1So4OLikj9/ftyZ3OPQoEXix4/fp08f8lSizr1793StBIIr9RwtWjTcq8XnwCXbnj59ujzagCDW70V6gfLp06e1a9dq9+lCg2XvU6CA69Wrhyrlm8kwIz4CVz+oK9y4zJdlZ2cXmim6bRw/P78RI0bIBSeaoHfv3pa6kAYR1Q3v378nJeKwcNNIV73HLtkgeEZ5XBuPuWHDBlVqEHYwnnHjxuG5sKWlS5eG+2ohLqBXr17RTZOGEQ9omgEDBqhtZrx584YkDMkb1tcQ6AqJNak/R06H93eRXw+oK+KEBDZHR8fTp0+H794nn9q/f7/cQ6VKJVQMHjyYSmYTgZ/wvHPnTlJPTo1NWtMAuiFZsmRk/JUrV/711183bdr0/PlzWj98RxImPn78OHfuXBkh26xZM2pDbbAcHz58QJcghgCJRjZvhfPS8Pb2dnZ21qo6TZo0HAwhhJJy5coNHTq0Vq1a5k+rWVA34BhJJqW5MTAUjDVPPBzQ+nv27MmePTsthUFOmTIFO7TxYw6KO3fuODg4xDA9KUNn7Nixoww8shQR1Q2AabZs2RJnwVGuXr1alX4dPHr0qHHjxnRCRMPAgQOtfAvzy4OOSuRInDhxBEWYl5eXXHkWzHUDjuDChQt79+4dNmyYvb09jtJ2ZujC1XKoHDCnP3/+/IBTLuoEPyrSgdgZ7nksMP6RI0dKfiP88MMPa9asWblyJYEKxeDvaWq8M4K7VKlSY8aMOXnypPUdNL/4559/ip3ky5fPgtmYP3DZVapUkVmGsmbN6urqqjZYhSNHjmT6/GIwKFOmTIMGDeR5NNoL1y0XnARL6YbHjx83adJE9Aq6cNq0aZaNW/qBjsyVK5fUBt3B31PBUYLz58/Lu/qALtajRw/zsUQWwQK6AUhTqlWrhm7gcC07rMaWIYuaMGECQQ5NXb169ciabOoLg9iJX5MH2E6cOKFKwwghgTRLeg6UL1/+gIlZs2YNGTIE14likE1JkiQ5c+aM+lhkQ/7HiSMa6tSpY8037rx+/RrVKyEfXxnu6xxPnjypV6+epJiBQupDmkusohXQbcuXL4/Ea9e3b9+WJw6KFCmCbehxsUHjwYMHNWvWlEpAo+zfv19t0B9fX99ffvlFUs8QSZAgQcTn18IxTpw4UaYeQSw2b97cIlO6WY3du3dXrlxZKoS00DZnoA8UOjJS2NHREcVGXyMq0cUi+IRaoFhGN8CePXuSJUvG4ZJA6Dr42XaQV5FiW8WLF/96Ziq1Atu3b8d/EUGJMeGeCePYsWPS84FIlsWEDBEyBwenPhDZ0OHlhhdn7eXlZeVB3Xfu3JHJiakrJJcqDTt0BH9zvAoODg4tWrQgJnFqtjA4DtFQu3btb775hlx89erVel/aIeGjZjp06EDyTQ0XKlRo165dapv+PH/+nD41aNAgQnhAGjZsmD59etqIDkJ3iOAMYzQuulAmMicc8OVRbuZcso5z586JdMBCsmXLNnfuXOSX2myr0MouLi5S89hY3bp19ZsD12K6gY63detWuTlNtvSlTqChcf36dVwhHQNHsHHjRlVqYAmwJfJRKpbqLVq0aPgu5Pj5+ZE6k7uT8ZhDVp0xY8bJkyefPn3a29vbFi6f4qfo4fXr18dJkQFbdkB7KCHbvnDhQvny5TmGxIkTR+RptC1btpQsWZIvATs7u4EDB65YseLp06d65D3hgNrGovCqWBfmMWLECKtJNBLx9u3bx4wZEyeZO3fuP/74w3wSC13hrN++fUsTBISe4uPjQ1/gbwS7A99GjivjRThNlCjBTG2LUkh36NixIxGNHsFfvP358+dtcAAfLfvmzZujR48i/qTm8XLVqlXTteYtphuAuiZnSpMmDYfeP7AX4n0xkDrIw0skiMuWLbP43SMDjGfp0qUEHiq5cePG4Rs4Qs8hhs37L+RD9DS1hw3Awbi5uckrH8lswn1rxiJcu3ZNnqy2t7efOnVquOfA4aTMUaU2AAfj5eUlswsTD5ycnNQGa8EBdOjQAb0iBzBhwgT9xlVYGXJFMkYkEadG6CIERPU5lGisn3/+mYhGDsNJ5cyZs0ePHlevXrUd9fD48eNdu3Y1b94cZcMRcpz58+dfvHix3lLYkroBkKvLly/PmjUrXeK3337jrNSGLwjSQdIpThB9N3/+fKtlDF8bZKhDhgwhgOGJ6L22f50wfBw7dkyuEmfOnHn37t263mUPDXv37pW7b8mSJaMLR/rxWJYbN27I7N2AaIiU++4IhZ49e8pA1FixYvXt2zciE5bYArj9ffv21axZM6ZpktB06dINGDDgy7jkTE5I7kF7pUiRglMjocf5jx079ty5c5HeNTw8PJydnbXnbDNlytSnTx/rDLOzsG4A4ujkyZPJFJGcvXv3/sKkA01VoUIFrIcTXLRo0UvbuPT6pfLo0aN27drhjFDTzZo1s8gEwDYFZySTPWNO48aNswUNijfcsGGDeEl5Gk1tiPrcvn1b3lwFtWrVsuAUT2EFw/7111+LFi0aLVq0GDFiODg44DOj6IUHknJSXpkREhD6e/bs+cIco4+PDyli8eLFSRc5x/jx45coUWLMmDFqs3XBS2zcuLFTp05FihSR44HWrVuj+Mm11E46Y3ndABhNixYt6A9x4sSxwovsrAP+9MqVK5gOooEMmFQ4qjxZFKV58uTJmjVrsCU8rLxuUW2I4uBt169fnzt3bs4rZcqUeCXbcbXv37+fN29emjRp8Eq4SBRbVH/LMJ332rVraAVqGydbvXp1DCly80W8//3796tUqaKFovr161MY6Vls6MGG0V5t27aVlJe6LVy4MFatNn9Z0CloL3LFmjVrihXFjRu3XLlykyZNOn/+/IcPHz5+/EiFqL0tDd/M9xNxpk+f7uTkZGdnxzEQhhImTIgUXrdunZWnANBFNwAniaBOlCgRvaJv377WfKhMD968ebNs2bJ8+fJxOiRhjRo1+gpnuIossKXhw4dT7VR+3rx5L1++HNXvm5JZbt26Vd7pQGZ/6tQp/TxO+OB4vLy8yIOpc8Dgb9y4YWsHGUpevHixfPlyapsTwdXmz59/6dKlaltkw7HVrVs3qelV4xweAXjWrFmPHz+2cfWAJSDo9+/fr6XgCRIkGDFiBKcTRY0klHB2tM6UKVMKFSqE1BOLIoQ7Ozv36dNny5YtN2/ejOADKf5ASnp7e3t4eIwePTpTpkz8nFQ4ioFeefLkSV31SlDopRvg1atXSAd5tAx3jw61bIVajQcPHmAo8ghfhgwZFi5caIgGK0OFL168OGPGjDQB6m3y5Mlof7UtquHr6ztgwAARDYkTJ54/f77Nutq9e/dWrFiR44QmTZrY2psMQ8PRo0e7d+8up5AkSZJWrVrZ2kw+BAayWDJ1yWLJtRo0aLBy5UpbnrEe1du6dWukPAdMJCtVqtTUqVOtdpHcFrh9+/aECROI3PIuTQ1UKfZGp6bvhLsFcQh8/5EjR1asWDFo0CAnJyd52gCo7axZszZs2HD69OmReGNLR90AuEikg52dHSeMkU2bNi3K3cO7detW27ZtZQ4TsoEFCxYYYxoiBWTotm3bSpcuTc8h3LZp04aQgNZWm6MIbm5uLi4uMg1z0aJFZ86caePm5OnpWa1atX891v/+h24bOnTolStX1Dab59ChQ8WKFZP8jJx+5MiRBGm1zcZwd3cnYdXefG1vb1+/fn0yeFurbbLtJUuWmE9ASU88d+6c2vyV8fz5c/JhJJQ2vENAAhLdacFuJvr27Uvag/vasWNHUEnC1atX2QE1wP5du3atVasWybY8JaGBx0CU7Nq1K9InJtZXN8CLFy/WrVsn017SdevVq7d//36bTbDM4SCJTLVr1xYvX6hQodWrV0f1K+RRnRs3bsjF85gxY+JkO3XqFCVsCd6a3o5YsmRJfAqQvl+7ds32n1X+9OkTUQHpINFXJnzkRGz8ktuTJ09++umn9OnTU9UcNgvk9DaetHB4rq6uVK9UNcSOHZvVcePGIZrVTpEEvYwYSRJYuXJl8kA5wsKFC48ZM8Z4kx/GdvnyZTRB+/bt6Sky5YO0oIARUmmpU6dOkyYNsT9QcuTIwQ7ylI0G3wNo31GjRnl4eFy/ft1GrtnrrhsA1+Pj41OxYkWcDski1UpPsOV7FuIr5aFYOWB67927d6PQkKUvGPzXpEmTkidPHj169BgxYvzwww/0KKtN3RMOEAf379+fM2cOWgcvwDE3btw4Ct3qImZwtCdOnMiYMSMHzylwIpwOndoGdY9M2iH6DM/LoTo7O79+/TpKXJqiqslMyDuLFCkiN0bFYBInTkzOSt6CtrCmUOa3cNRHjhz5/vvv48ePL63PUXFsMpOB7Qtfq0Fd4YXoKYi8nTt3oqi6du2aO3duPBVqQELJv1ogaLBY9kRhpE2btkCBAnzDihUrHj58iEnYWj1/wz911Drz6NGj6dOnk6lgbdgf+VavXr1y5colU1zZDshnNze3lStXbt26FXdDj+3Xr1/nzp39KUGDyOX8+fOjR4/eu3cv/Qqp3qlTpwoVKqRLl07uKNkIxKqbN28eOnTol19+wa7wttmyZStRooS89lPtFHU4ffr0jBkz/vzzTxQD8cPR0bFVq1Zly5ZFT9hCL8a9njp1aubMmTiZd+/ekaXkz5+fgyRLlkuGUYslS5YsXrz4ypUr3t7eBCRKkiVLVrduXTJ+KpyARCCXPXXCy8sLX71q1apNmzY9ffqUEqoxRYoUOXPmLFOmDCYtuxkED56KLPTx48cob0SYKg0M2ve7777DiTk4OKB3ValNYj3dIBw8eHD58uWE5Hv37uFAmzVrhrImOVCbIxVfX1/i0IYNG/bs2UMzU0IoIp1t2LAh6kH2MbAdUAy7du1C4ZGfsVqsWDEsCgHh715jZHHnzh08xaxZs5ChpIl4+d69e9erVw+VE/u/b4aMQhA/CGaTJ0++desWqyghOm/t2rULFy4cib2YnOTChQubN2/euHHjtWvXKEmUKFHHjh1btGiRJ08e2Scqgkci10cGHT169MaNG1KIYiPdqlixIhoUUyfSyJUVi4DMvXTp0uXLl589e8aPenp63r9/n3J+NHv27DR06dKly5UrZ/jDrxxr6wbAIo8dOzZs2DD+ksSnTJkS9dq9e3eSA7WH1SFTweksXbrU3d0dH0SdpEqVCk3Tvn17OqfaycD2oKXu3r1LQj9p0qSTJ0/GiBGDONGmTRsXFxeZyjey4JCGDh1Kusbhserk5NSzZ8/ixYvrnSNagbdv35I/oYEOHz4sJfTi9OnTN27cmGw4b968UmgdqF6EI0Kfqr5+/boUElZnzJhB0hYVL+oE5MGDB7dv3965cyeBHAclqT9g4fb29jiob7/9Nl++fAUKFJDruLI1lNCD/vrrL6Tt8ePHSZaePHmCA2QBlyg72NnZYbeIwho1aiB5v4wqNYggkaAb4G/Tq2Vmz55Nn/f29uYYcD3fm0BDxDG9Mk7tqicfP358/fr1nDlztmzZQudhmd9NkiQJHrBDhw5Zs2aNunnhVwXmdOrUqXHjxiH+3r9/HzNmTMJz2bJl+/Tpkzt37lixYlnhoh+29OrVK34d9TlmzJh37975+flFjx69aNGiI0aMIIbJ7eovhufPnxOzBw4cuHv3bhmrQSUTyRo2bFi/fv0SJUoQYHS6eUFzf/jwgR+dMGHCzJkzpdop5AAyZszYrl07FL+/p+O+ALAoTpO/CxYsGDt2rNSA3PZmK4qB0//mm29ELleqVCk0V91u3Lixb98+mpKvBepQynGDuD4aESH4ww8/0IOs04kMogqRoxsEfhp69OiBlL5z5w7dAEeDxbdq1SpLlizo3GTJkunkbX19fc+fP0+wIU+V17xSyC/Wrl2bvJCcSYb/GEQh8Hpz587FD+7fv19uM9GIhQoVqlevXunSpUnLaF95P41lIReUkVAIF0QwJZgTiWD27Nkx5jZt2shUDV8kPj4+JMHz589HdsuVFaDaU6ZM2bdvX0dHx0yZMlHtUh5B+C0yb7JtcmLyY8KntDKgUZInT966dWsXFxftSfcvGAzMy8uLpIvKv3//PjVDneA/1eZwgVAQl5soUSKar2nTptWrVze0gkGgRKZuEEjUTpw4sXHjRg8Pj6tXr+KFKcQLkCkSv4sUKVKsWDFS/4hb8Js3bw4fPnzt2rUXL15cvHhx0aJFUo6jwcUTV0qVKiXDhqXcICry8uVLbOncuXOHDh0iukhhtGjRqlWrhkXR0NgS6oG/4Y5nCBTtm5GemzdvJp7xi6ySqCF5MdqaNWuSdushU2wQfMi2bdtQTog25LgqNfViYk+uXLlYTpo0KXVO/Yc+riPoxRuQCuMZXF1djx8/zoK5y+JrixcvXqZMGQcHB1SaKv2aQEBQ55cuXaJ+UA9SSF4kT/nKqj9ogoymKdQ0kLklS5akpXC55nMzGBgESuTrBoGM7d69e7du3Vpv4tGjR1KeJEmSnDlzYugYNEKY1I0kRl66EyIoEkKILOPrV69effr0aeT569evpZBAUsUEXYWf+MKuJH/lnD171t3dHUm6adMm4roUJkyYkIaOFStW6tSpUYoE+Hz58nl7e7NAukaaFSNGDNnTH3yJeGGCGbn1mTNnpOPgtSXPI0YWLlwYjUv0IjqG0kS/JIjuJ0+eRK4tXbrU09NTlX6GzkXNp02blhAF1FUwAp0eun37dpzAw4cPWaXmcQ4oQtkq0GdlYDXRjq81MmOcp5+fnyyTGlFjOEBZ9Qf1L9P4aohrVSsGBiFhK7pB4GDwDsjnPXv2TJs27fnz58T7T58+8Td27NjRo0fHO+CAcO44nfLly8sLiM05duwYWtvJyWnr1q03b97UxhABy9+YIPvke5o3b/7LL7/QYeIFmKbD4MsAy0GP0u5YBYF/3bp1UoiZYVGYE00fN27c9+/fs0AhdhWUJfAl0lPYme802dG/U9MDBtm9e3fkAkKE7/lKrjEEBeqBDkjgR10NHz6crJeqBqlz2Yd6ptqDeQqAPZ89e6ZWTLAzUOckEt26dStXrhx9HydgU4/dGhh8JdiWbtAQL/PmzRvSl2XLlp07dw498eTJE5SE2sN0G1Ut/Rc+yyY5L9w6KSYqgRIENe6GNKVu3brIbfH78hGDLxuMQWB51apV3t7eBw8exKhQALIDyOgwtRIABAGwkNj0gnhHR8fcuXNnzJixbNmyhEAMKShr/GqRCkelubq6kgncvn1bLiFIKwDaguUPHz4gxaREg4RYq08WUqVKVa1atZYtW6LMKDFq28AgcrFR3RCQixcvHj582MPDg+UHJqQ8KEhEyEjw9QUKFEiePDm+pkaNGoZQMNC4cOGCl5eXWvnf/9zd3eWquDlIVaIaKjNHjhzZs2enxMHB4csbq28dbt686enpqV11oPJRFdSwj4+PlGjQVbWrEfTZ/PnzB7yyaGBgEFlEGd1gzv3797XB20FhZ2dHOqh5HwODcODr64tuMISCgYGBgUaU1A0GBgYGBgYGkYJx3d7AwMDAwMAgtBi6wcDAwMDAwCC0GLrBwMDAwMDAILQYusHAwMDAwMAgtBjjIg0MDAwMDPTi77//DjhJSYh88803MWLEsM25AwzdYGBgYGBgoAtPnjzZvXv3jh071HqosbOzq1ixYvny5eUdpzaFoRsMDAwMojBv3rw5efLkiRMnWFBFoaZIkSKVKlUy5t/Uj/nz57dt2zZ8cRbpsHfv3gIFCqh1m8HQDQYGBlbi9evX27ZtUytBIxPMFy5c2N7eXkpy5MiRL18+WTbwx7Fjx9q1a3flypVwXAzPnj37pEmTnJyc1LqBpXF2dl6yZEmdOnWaNGmiikLB48ePx4wZc//+/ePHjxcrVkyV2gyGbjD46sDmHzx4cODAAW9vb1UUaqpVq0YMM+YhDQdUO65z9+7dat0EmS6wCVSR6X7wy5cv48ePHzNmTHkPWenSpSdMmEDNqz0MzNi4cWPdunVz5sxZqVKl0L8X9OHDh3v27CE+UbE9e/ZUpQaWJm3atPfu3RswYMDo0aNVUSigdVq3br19+3ZDNxgY2AR37typWLHi9evXw2H833777fz588kh1LpBqEENJEyY8N27d6lSpdLeY5kyZco0adJ4enr6e6lYokSJsmbNmi1btvXr1584caJUqVKzZs0yLjkExM/Pr2PHjsuXL//hhx9mz54dzNvJ/YHxt23bdtGiRYZu0BX03OXLl8OqG9BztM6mTZsM3WBgYBO4uro6OjoSrsqWLRt6P0tgO3bs2JUrV/r06TN27FjjlnBYQTckSJAgadKkU6ZMqV+/vioNiefPnyMySpYsaeiGQHn9+nXfvn1///33pk2bhkk3QJs2bRYuXGjoBl0ZNmzY0KFDvzDdYMzfYPB1QfQ6ePAgC7lz5x4zZsycsFC7dm35EoNwgNLKkCED0sHOzk4VhZrr16/fu3dPrRiYEStWLAcHB7ViYGAVDN1g8NWBlldLYQEHTcxTKwbhonz58mopjCRPnly7tWFgTrRo0cKhwwwMIoKhGwy+Lr799tt27dqpFQMr8s8//2zatEmthBFPT8/r16+rFQODr4ZwPCNjBQzdYPDVET16dLVkYEW++eabpk2bqpUw8rcJtWJgUZ4+faqWDGyPu3fv2qDlG7rBwMDA4OslHLNFGViNOHHiqCVbwtANBgYGBl8p//zzj5+fn1oxsD0OHTr06dMntWIzGLrBwCBsnD17Vi0ZhB2c4MePH9VKKPjmm29ixYqlVgx04MmTJ2rJwPZ48+aNDc6VYOgGA4OwkTFjRrVkEHauXLni6uqqVkIBoiHcoyIMQoSYdPr0abViYHuUKlXKBsdjGbrBwCBs7N+/Xy0ZGERxvvnmm8KFC6sVA5shRowY8nitcb3BwOBL4O7duzbYkw0MwkeyZMnUkoEOVKtWLRxzy8aPH19eg+nh4WGMbzAwiPIULFgwHI7AwEAnkiRJki5dOrUSFipVqsRnZfpUA53Ili0bf8k0wpRsRI8e3ZZnmTN0g4FBaIkZMyb92Xgro4FNYW9vnzVrVrUSFuLGjRstWjR/bxQz0INr1649ePBArUR9DN1g8NURO3bsTJkyqZWwkD179pQpU65atcq4T2Fga3h5eX348EGtGNgMjx494u/Vq1cvXLgQzB0HNv1lxvHjx8+cOaO22R6GbjD46ogXL16hQoXUSliws7MzXlFhYJu4u7u/fftWrYSOhw8f2uY0xl8eqLrhw4d37ty5SxCwqZMZHTt2XLx4MR9Mly7dt9/aXJg23qNt8NXh6+vbvn37ixcvrl27Nnfu3Ko0FBw8eJAufevWLT8/PxvszDYOrqZfv37jx48fOnTo4MGDVWlIvHv3Dpe6YMGCpUuXNmvWTJUamOHh4dGiRYvLly8XKVKkbdu2qjQAL168OHTokPnVcnQDq1mzZuWzqsjA0lDtxYsXv3LliloPHUmSJGnQoAEL3bt3z5Url60NqDJ0g8FXh4+Pj4uLy5YtW7Zv316lSpWg+iRd482bN+bXftENvXv3vn//vqEbwgH1OWjQoFGjRmXMmJFqT5QokdoQLOiGGTNmRIsWbcmSJQ0bNlSlBmZcv369V69eBw4cwJKDf9b/06dP2ssO2DNOnDgxYsRAzHXo0EEKDSwOZo8Nh/UdE1pT8tcGR2EbusHgq4Mcq27duu7u7hUrVmzfvn1Qrvb9+/cnTpy4e/euWv/f/86bSJMmze3btw3dEA7Id5s1a2ZepaGB2FajRo1x48Zlz55dFRn8lwsXLnh6eqqV0JE0adKiRYsmTpxYrRsYhBpDNxh8dbx48aJv376zZ89W66GD5Cxnzpz42TJlygwbNkyVGoQFEq8tW7YQ5NR66IgdOzYRrlixYvHixVNFBgYGkYehGwy+Ov7+++8bN27cvHlTrYcOst5kyZKhHhIlSkSupkoNDAwMvjIM3WBgYGBgYGAQWox7tAYGBgYGBgah43//+z/L7pR5EqVddAAAAABJRU5ErkJggg==</file>
    </questiontext>
    <generalfeedback format="html">
      <text></text>
    </generalfeedback>
    <defaultgrade>1.0000000</defaultgrade>
    <penalty>0.3333333</penalty>
    <hidden>0</hidden>
    <idnumber></idnumber>
    <single>false</single>
    <shuffleanswers>true</shuffleanswers>
    <answernumbering>none</answernumbering>
    <showstandardinstruction>0</showstandardinstruction>
    <correctfeedback format="html">
      <text>Your answer is correct.</text>
    </correctfeedback>
    <partiallycorrectfeedback format="html">
      <text>Your answer is partially correct.</text>
    </partiallycorrectfeedback>
    <incorrectfeedback format="html">
      <text>Your answer is incorrect.</text>
    </incorrectfeedback>
    <shownumcorrect/>
    <answer fraction="0" format="html">
      <text><![CDATA[<p dir="ltr" style="text-align: left;">A</p>]]></text>
      <feedback format="html">
        <text></text>
      </feedback>
    </answer>
    <answer fraction="50" format="html">
      <text><![CDATA[<p dir="ltr" style="text-align: left;">B</p>]]></text>
      <feedback format="html">
        <text></text>
      </feedback>
    </answer>
    <answer fraction="0" format="html">
      <text><![CDATA[<p dir="ltr" style="text-align: left;">C</p>]]></text>
      <feedback format="html">
        <text></text>
      </feedback>
    </answer>
    <answer fraction="50" format="html">
      <text><![CDATA[<p dir="ltr" style="text-align: left;">D</p>]]></text>
      <feedback format="html">
        <text></text>
      </feedback>
    </answer>
  </question>

<!-- question: 130245  -->
  <question type="multichoice">
    <name>
      <text>Question 18</text>
    </name>
    <questiontext format="html">
      <text><![CDATA[<p dir="ltr" style="text-align: left;"><span id="docs-internal-guid-74eb7423-7fff-dcaa-cff1-237949e3f188"></span>The image shows five views of objects.&nbsp;<strong>Select TWO&nbsp;</strong>of the four right-most rotated objects whose shape matches the leftmost object.<br></p><p dir="ltr" style="text-align: left;"><strong><img src="@@PLUGINFILE@@/18%20%281%29.PNG" alt="" role="presentation" class="img-fluid"><br></strong></p>]]></text>
<file name="18 (1).PNG" path="/" encoding="base64">iVBORw0KGgoAAAANSUhEUgAAAr8AAACRCAIAAABFQkfWAAAAAXNSR0IArs4c6QAAAARnQU1BAACxjwv8YQUAAAAJcEhZcwAADsMAAA7DAcdvqGQAAH/pSURBVHhe7Z0FeBVH18f70uJOILi7F3eX4O7uEKTFXUqxEJzi7u4eJBAcAsEdgktwCqFI+77fr/cM+90mQJN790rC/p8neXZn9+7OnjnyP7Mzs//53//+950BAwYMGDBgwDoQTwMDAz9+/PjXX3+xe//+/XXr1rHB7owZM4JE26RJk5YpUyZWrFgxY8ZkI3ny5D/88EPkyJEjRYr0/fffq5OcGAZ7MGDAgAEDBiwBAfTZs2ewhKdPn7L75s2befPmHTt2LCAgQE4IFTJnzly0aNHChQvDJNhNkyZNggQJYsSIIUedDQZ7MGDAgAEDBkKNixcv+vn5eXl5HT9+/OrVq6r0n4gdO/bHjx/jxYsHFVBF/8R///vfa9eufZZtlC5dOk+ePJUrV86fP3/UqFFVqdPAYA8GDBgw8M2BmJckSZIIESIkTJgwfvz4qtRACPD+/fulS5f6+vqeOnXq5s2bjx8/Vgc+IVu2bFmyZKlRo0akSJGiRYv2119/xYgRw9XV9T//+Y86wwywh0ePHr18+fL+/ftyWfOgzBXSpk2bLl262rVrJ0uWrEyZMuqAE8BgDwYMGDAQ3kBMImj9+eefR48ePXHihBRSsn//fjJmtl+/fh0xYkQ2fjDBdPzvN/ElSpQgzrVr145Cop38l6PfOBDphw8f1q5du379+p07d/7xxx+I1yS8HyBhKVOm7NKlS4UKFdiOYkKsWLFCJbqPHz/CId6+fXvp0iVvb+81a9YEBARII/Kfq9FeRYsWLVKkSNOmTWkjbqR+6SCEPfZA+z179oyNwMDA33//XQq/hDhx4kiHD//ZlkIDBgDe8927d1ggGqWK/onIkSPHjh07TAxfCqNA/q9evcIpq/3vvkuUKJERq6wB4efp06cEmzNnzhCBNm3aRF6rjpnwrw5f5B89evTixYsnT568Tp068ePHxxCc+QW8HfDixYs9e/Z4eHj4+fkhQ9wCAiGEN2vWDMaQOXNmzkF0emkvtwC4poMHD65atWrXrl2QFXm7wS2yZ8/eo0ePwoULQ1mEAjoEYYM9YBLXrl27evUqvoZWPHz4MIW3bt2Co329/jlz5oRNs8H/H3/8kTbGJIx48M3izp07WCCkE+U5d+7cgwcPSBGEjAYHThP9iRYtWqpUqVxcXOLFi8eGoTyW4eTJkxpLOH36NGkWGwQ2WkFjb7hFNzc3kTACT5s2bd68eeWQga/j4cOHly9fxh+ePXuWePPmzZvbt2+rY6ZX7xkyZGADCadIkQKV5ig5Lvw4R44cmMPNmze1Vrh+/To+VrYFxCfCVcmSJWmRPHnypEuXjtZRx74BEH2OHTu2evXquXPnSkmuXLkIKO3bt0cm9mFUvr6+9+7dmz17No5L2o7CLFmydOzYsVy5cunTp9eLtYQKTs0eHj9+DIM+deoUrufGjRsQiH/tbPg6MmbMWLRoUdwTtlSqVCks54dPXXYGwiWIWOfPn8feiFh3797FAlEqtIiSL3U5BEGECBFwuLjLuHHjwh7gE/D9hAkTsoHzVScZ+AKg+8QzMmAfHx+NPWDUf/75p2x/CXC11KlTE6vYTpQoEdS/Ro0aDnGRTg68Ijnxzp07L168eOXKFVVqAtElTZo0mTJlgoQR8ikR9hA1alRoNBEI6pw1a9Yg5oCnJV7ScPv376ftOFPKBQROrlmwYEHxnw5MfO0AEQJYt24dBItYiTCbNWtWunRp9JOYrc6zCzAfPBjs4fjx48uXL8ehUZ9YsWJhI9WrV69Tp47kyfaE07EH6vPXX38dOnSINtu9ezdEmCYMDAzkEKovYBvd1RovefLkJUqUiB49uuzykwMHDmjGsGrVKoyBDa4sYBvCSGZZrFgx9AD+iEU5/B2SAb0grYyN+fn5LVmyhAQXR4mL/OOPPziqdMikRdgeakMqVrx48c/6wc2bN5PVsYHpiubwE5wvvKFQoUK9evUiqqnLGYHNBKSErLDc4cOHv379+uPHj0g+ICCADU1E/youjWeIzOUVMhwCm23YsGG9evWw33+9SDjG3/r9v/8dPHhw0qRJULGnT59KWoVAoFw4tM6dO7MdM2ZM1BtZab4x5KC9nj9/ju/Fdsi8169fT5vKfQEXpC3wuj179syWLRvnh7O24Bnfv3/ftGlTQgmyfffuHUpIkEaw+fLlixQpkjrPEaAyOKUNGzZMnTrV39+fqtLQBQoUGDlyJDTRng3hLOyBamADuJtdu3YNGTLkxYsXcAicCO2Es+a/9Ba4urq2adOG87///ntNTGyY9ydzKX6rdkwDhSh59uzZvn379u7dCymBWGASUAoOQRr4LRzi119/hZ4TSByrGQasAfwAf4dLJSEj8KM/5Lg0MbFHRjDEiROnUaNG0E10CZPTVMhcf8whynPv3r2NGzfu2LEDW6UEr4r+UP7DDz/gQ2Ee6I+bm1vcuHG5pvrlNwYkj1PDhBH79OnTyWWRPCLiELQMyZCryWvEJEmS4Ihbt24tPwwOkrxt27axgZ3OmTOH62CqeAauJpaO2OH9PXr0yJ49O86Blv12qD95FOqHHyP7xKER4RAL/CBhwoTEcnRb+lb17VLFjlB72tTb23vPnj0+Pj40DTWhaaB0DRo0gK+AcKP8KBuEaezYsQQjnh0FQ7bkIegtgrVneP4KaBHyokWLFi1cuFAmi6ZKlaq9CXYb4ecU7OHWrVs8/6hRo7AHKaGR0qRJkzFjxqxZs8pLpiJFisgh6/HmzZuTJ0/C3e7fv3/27Fn+U4JO1K9fH16ZO3du/lvA1g04EIRznBqJws6dO0+dOoXNQzQTJEiACkEdypUrV6lSJV2MCl67evVqPz8/Nkj7tL7iLFmy4EArVqyYOHHicN+jaw6SVIwIP4tNbdq0Sfr8kDksIXLkyFhu+vTp69WrV6hQIcvcLrwfRkLcookfPHhAIgiHk26kzJkz4x9atWpVsGBBCIqcH17Bg8Ni586du2LFCuRACU4STUPfYK5t27YltsmZNgVBC+WHSXh5eUHypCaAoAV3gSASa6UkjAJy5uHhMWPGDDgEEoahdu/evW7duk77mhK23a9fP3IbEid2e/XqRSCTV362hoPZw5MnT4jieAccsbxgw+njiCtXrvzjjz8WKFDApnwWS4Cv4PWOHDmye/duOASFMDgiTY0aNdAbmLWcacBp8fjxY0IXLYhXlfGPMrarevXqKVKkyJ8/v+06kwhp4PLlyyTH+/fvJ44SNdOlS1emTJmffvopWbJk6rzwC+LZ2rVrSYCuX79OeCPrJZBjvPHjx4c0RI0alf/x4sVTZ1sHxHvt2jWc++nTp3Ea58+flyHotDIGW6pUqWLFihFK5eRwBgLDrFmztm7dipqJxybDqVOnTunSpdE3h8wme/r06d69e9etW4fnZJsSakLTV6tWDaZI08tpYQvY8ujRo9evX4/AoQ5dunRp2LAholaHnRWQaRjP5MmTcURwdGxw3LhxtII6bDugi44CkRvnLqqPi2/evPnYsWOPHz8u73Lshnfv3t2/f//gwYPDhg1LmTKliIUNwg9ZrDrJgFOCENKgQYMECRJIq2HnI0aMIDd69OiROsPGINV++PAh9H/8+PGwFqlGhAgRihQpMm3aNLyqOi/cgUfr379/7ty5tVyTx8dnEeDVGbYEAidotWzZErrGrXH0CRMmzJs3b6dOneSNSbgBj0OWX6tWLa1zBTb2yy+/EOf+axqL41hA4OA0WsdwxIgRyb7w5LLkUdgCqku+Kg8CVq9eDSFWx5we0B2YXJUqVWgCzAHWPmDAgBcvXqjDtoED2AMZP1n+lClT4A342ejRo6N8t27devv2Lb5YneQIvH//Hu6G0yeboQ2oW6ZMmSB0MuZLnWTACUBzPHjwoF27dgQP8l0ai6Sze/fuV69edZQKcV+UB0cP5UexyQCiRImSM2fO+fPnY8PhSX8w3gULFvBo8nYG++WR586de/fuXXsKn9iJx3j+/PnIkSPjx49PNTBY/GbWrFmPHTsWGBjoDMHVSiDqDRs2xIgRg0dDz0uUKOHt7Y06yXAHJwH+/PXr1z4+Pr169ULzqSeA0M+aNYucWJ3k9KCqZcuWxWzlbQWGzHOpY2EEElhHjRqFwmCYJOSdO3eWAUM2gr3ZAwa/efPmevXqRYsWjXaCNyxatMimT2gBrl+/3qNHD21OB8o0Z86cJ0+eqMMGHAfik7+//7x58+SVVuTIkTNmzNixY8eLFy+qM5wAZ86cwdET0kR/ChYsuHDhQuiOOhxmgYe9dOlS+/btZQSDjBhdtWqVOuw4wBWWLVtWqVIlefdPmt6qVSsCbdjth0DPL1y4gJ/ESfJEsWPHrlu37sGDB52cEqH5FStWlNcWxLD+/fvDKZ08DFM9HH7Xrl0hoEi7WbNmduu5tAV4nLVr16ZLlw72gJ126tTJdn35dmUPt2/f7tatm6w0QrKIGzp37pw65mTA72CrzZs3lxhArHJ3dye1VYcNOAI0ys6dO0uXLo17wjAyZMhAoxw5csRR/Q1fAYR4yZIl5cuXl1EXcGXiWZgmEGT5kyZNypcvn8QzhD99+nSn4v3w+7Fjx+bPn5/qATzMiBEjwmIkePfu3eLFi3PlysVTRIgQgezF09MzrDzIjRs3+vTpI1+EgvS0aNHi/Pnz6phT4tSpU3B9k8p817p16zBNHQToz/79++V1UsSIEatVq2ajJrAfe7hz50716tVx+mQG8LutW7c6fzZPDefMmSML3pHWFCpUaPfu3eGgRzSMggw+a9asJjP/exXRQ4cOBQQEqGNOiWvXro0fP15WsYVAlCpV6tdffw2L+nPixAk3NzcZX4IJly1b9vDhw07YL41sjx8/TgyQFAXqhs/Zu3evOhxGMG/ePG3Ibd26dX19fd+8eaOOhQW8fPnSx8cHukz9ybsIY9u3b1fHnAxXrlzRRheiNuGgg1DDxo0bxWAjR45ctWpVUnd1QD/Ygz389ddfq1atwu9///33KBMO9NWrV07enaWBvBY2CveXlIv2gNaFs5FZzo+PHz/27t0b3knoSpUqVbt27ew8tNZivH//Hrv18PBInTo1lY8RI8bAgQPD0DAIqkqFZS4DeXC2bNkWLFjgzKNBIRC///77ypUr0ROpc44cOQ4ePBgmbNZcz6E+gwYNevz4sToW1nDv3r2mTZvi82mFpEmTTp061dmaAN/eoUMHNATA7C9fvqwOhAvwdKToJC08HcGrc+fOb02r1OgIm7MHNGbDhg2yiGbatGl/+eWXsJh7wf1HjBghw8v5P27cuGfPnqljBmwJWGZAQMCAAQPkrSSJAuoU5lRIcmJSdpxprFixeJz79+87P4EmDA8dOlTmNeCGmjVrduPGjTAhfCp58eLFAgUKyDt4HCg2a4v0S0eQsvfv3x89hzpkzJgxLOp5EJDKQyBkdC1515QpU5zHbeLS+/bti3rgVcqVKxcup9ehP7t27SpYsCDyR6lmzpypL4GwOXtYs2aN9MLly5fv2LFjYdceXrx4MW3atMyZM0sG2bx589OnT4eVHpSwizNnztSuXVum9TZu3Jigqw6EQZCN1atXjwcBFStWvHDhgjrglPD39x8yZIhMFMyfP7+Hh0eYm4AaGBhIKp8kSRIeQfJL1EkdczK8evUK6iB6niFDhk2bNqkDYRwPHz7s06dPwoQJeS5XV9eWLVvevXtXHXMcyMsXLVqUPHlyapUzZ85wPDOfJ12xYkU601dOSABmzJihDugB27IH6T+UrOXkyZPhoMN/37597du3pyUAnM7ZZouEM1y7dg2Pj6jxO8OGDQvT1EGA6xw8eLAMxSXjIZVXB5wMVKxChQoSzAoXLnz06FF1QG/s3r2bSCmf/LEFiMrz588vXrw4KSZJcKVKlZxwpDY51Y4dO6RrM2XKlFu3blUHwgVIsQjVBGmeDjRs2BAarY45AtQHrZMRVGnSpNm5c6c64DS4ffv2nDlzunTpMm7cOKzj0KFD1gx8efv2LQRCuv8zZsx4+PBhdcBq2Io9YA9r1qxJnTo1lD9btmxnz55VB8I+AgIC3N3d/2OatFakSBGj+8FGuH79OnELOQMi7rt379SBMI4//vhj+fLl5Jc8V4kSJZzwXQBVQsO/N31Kpk6dOhcuXNCrhlwHvH//Hvfdpk2bHDlyJEmShMQ0T548tnPi3I5wBVfDF0EgSpYsSajW64l0Qa9evSQPhjogh/DnUj5+/Ojr61u6dGmeERrXoUMHB8qf8Cnd4ag34dmpclrEQoKBrsrKGTFMXzBBN+A6GEuhQoX69u176dKl0GoIJtCyZUskzzVr1qyp16Axm7AH2mPt2rVYAs3ToEGDM2fOOJWtWo/Hjx937NgxcuTIPGDu3LnDR7eKUwELIV9EvGi8w5MV3YHxb968mcDJA+LI5s2b98E5Jp1SMbgCzgsvg+ShDnqNFXj69ClxsbsJeMZIkSIRy/HgAuSQNm1am77ZhLTNnz/fxcUFAhElShQclDNMZCCs7t+/P3HixEiDvHDLli3hzFVq4LnIp4U00wqTJk1ySD7w+vVrWVAYHSAncarOY2L8hg0bvv6dTAyTuAPzDi2BwMPUqlWLK6BpsNXAwEB1wArYhD2cPXtWyF2qVKmeP3+uSsMXAgIC2rdvj4flMYsVKwafNQiELsDLXL16tVGjRggWK4I6hIMXFp8FDlRWxk2UKBGBzeGj65H8uXPnKlSoQJXixYsHddDrFTW0oGrVqlxWQLMmTZo0mwnmn5IpU6aMTdv67du3GzduLFGiBGZLVjdx4kR1wEHAoW/fvp20EoFkypQp3Ix1+AquX78uw1ASJEiwdOlS+08+8vDwkJGS9erVu3nzpip1AhDOFy9eLB+FiRs3LgyexNsc2bNnN1nJ36D+FqyPd/z4ce390erVq1WpFdCfPaxZs6ZGjRrUDxHMnDnTSZIqWwAC0a5dO2mMokWL+vn5qQMGrMDly5exHJFq7969wyt1AETrEydOFC9enCcliHbs2FEdcBBIfWSOPsDJ6ji6rWLFipJO4RMKFy48fPhwvMQBEzp37myeaY0YMUL9xmY4cuQIpI2bZsmSZd26dQ5cteLWrVtaZ/60adNUaXgHQUEGUUKb7DzCw9fXV8In5NXLy0uVOgEePnw4cOBA6RTBRjw9PYP7PW28HUB7ya/UgRCD/BaBp06dmiukT5/e+l4undnDnTt3ZG2lOHHi/Prrr+F+UCEEok+fPpI/QQ+tbw8DmpEQVsPBum9fB/ZMQlCsWDGel2x49uzZ6oAjMGDAAFn/u379+vpOr8idOzeXxTkSOa5du2be6Tp+/HhcIb5M1tRKnDixHYSwdu3a703rEHC7FStWOKTXEK42aNAgWVqbPPjly5fqQHgH+eTcuXOFQNDodlvA99WrVz/99FNEE5C87osfWAxqQuwQTYBHzps3L/hrhRkzZojEEiRIAL3AZEjR1bHQgHshBK6D/pP6qlJLoSd7+Pjx45gxY3BAUaNGhTpgHupAuMbjx49bt24dIUKESJEidejQwXh/YTEQ3fz582PFioVtlChR4uTJk98CGyOUnj9/njxYsmFSIvurkJAYSDBqXKdOHXJifSUv7KF69erBe6pl6HuLFi3Onj2bJ08ehFC4cOFLly7ZtOkJYAsXLowWLRq35j85jzpgR6xfvz5y5MgIvH///uH19e6XgBoMHTqUSElz58uXD/0P7Vv80AJ12rx5sywbX758eadaJnXHjh2IgooBgrqnpycxBfz++++k32zMmjUL6oCs5PNdZcuW5cxs2bKp34cS0PeiRYtytaRJk3JrVWoRdGMPOCCaJ0OGDDxY5cqVVem3gV27dsmDJ0mSZMuWLeFmdoCdcejQIRlUlSlTJsSoSr8NTJgwQRZXzpEjh50nKBFK9+zZgzNC8tz92LFj6oB+gD0QJps1a6b2zZAuXTo8ZpcuXdi+cuWKJFjk4rbudsJIZ86cKb2GhQoVsvMnbB48eBAvXjxiRvHixZ3/jScacuPGDfjlThOOHj1qfeJO+5YrVw6VQ/4VK1a09dTlV69eQV65V4wYMdB2VeocINOmYsGBWGrXrq12vvsOS5k8eTLn9+jRI2LEiLhKi4f9ylcGSfL79u1rzVfIdWMPDx8+hDTwkDCa69evq9JvBitXrpTJ8Xnz5g2L37Z3OG7fvi3DZcgFbfc2FK+37xPIsFWpE4DcaMqUKbIufc+ePe2ZG2Gt8pWg1KlTb9y4UZXqCthD9OjRxfcFAT4Rw5k7dy7bCKF3797UhPrYwYfIaoORI0eGvtSpU+fFixfqgO1BExMAUqRIQTBWRU6G9+/fw2IhWL/88gtSKlmyJLWlaUDixInXrVunzrMCpNHkCVwwduzYKIBNR1CSjQgxbdCgAUxClToHvsQezOHq6qolVAifTINM9cCBA1JiAWrWrMllM2fOvH//flUUeujDHiCn7u7u0DoqBK+xdTeUc2LcuHFQ6ShRonTq1MmenigcAP2ZPn269CQPGTJEleoNUtvu3bvjsATFihXDhAYOHLhixYo1a9aokxwHsuERI0YgAZxp//79bdp1r+H169fNmzcXyXt6eqpSvQF74KGQs9o34eLFi2PGjCEFxzNqrOXMmTPUxD7sAfj7+5OSwh5gMDguVWpjkPtC1Lhpw4YNnWHWaBDA48mFqlatSiIkGVFwYDu6fLZRRMEFsUebzsqWD5Zmy5bN29vb2cITdiF9MHXr1mV7+fLluKn6JlSrVu1vcX/3XZUqVTTSc//+fYQWP3789evXS4kFwONx06hRo44ePdriXEUf9gB/kcUP3NzcbD1I/s8//yTYkERieODkyZM8vwZq4ijloEoQiAgRItAk8+fP/zYplGV48OBBnjx5MJLs2bPbosuaSEyswoOgpdwFx03mx3+2YXsENmJYr1690Cv1AwcB2yE3wo6oD4qtSm2JmzdvIgrkAJF6bJspoxgCko8VK9aiRYsCAwPFYMuXL08uCGvhYWmI2rVr37lzh2a6ceMGlbEbewCHDh2SGJklS5YjR46oUpvhyZMnrVq1wkvQxM75rZzhw4dLH5gA9YhuQpkyZaAU8oae/6tWrbKe4GJxHh4eEjv79etnI5+5ZMkSzByZkyo43MaDIyAgQGwQuvD8+XOkipm8NOHu3btCIDhk/oohY8aMtAh2pPZDD3RPnGGOHDksXjxKB/ZA1KxYsSL1wPz27dunSm0DhDt+/Ph27dplyJABbRCgfBqSJUsGfbP/NGIBvlimnCAK4zNaIUfLli0RWsyYMWfPnq172+EvDh48WLhwYW6B10ubNm3Hjh1nzJjRpk2b9OnTUyjAGkn9He5cNm/eLGulFChQwNZdrGSZsjoyecyuXbtUqd44d+4cMucucePGTZIkiRjs3xI3AyUtWrR4+vRp586d2bUnewCTJ0+G8XNfd3d3m3YGkPnMmTNHHr9p06b26V4KFd6/fy8rc0DpkidPjjcbNWoURkFcp7Ygk+ldAyhbtqwuE3MuXbr0448/ckGCmS0+kA0nlsxE30WadQSpP8pPDStVqgS5VKUmQCNwVhxCZ8wtgmehsHnz5mo/9KBBIVVCIDw9PS0bqW0te4AQTZ06lcQC/q7vFzg+i969ewd3PUGAh7KdK/w63r17N336dFdXVyo5aNAgVWrgqyC6yGylxo0bBzEe6wEXmTlzpswGpFGaNWumfVKBxho8eLBJZRRgGM7wFaWhQ4di1cTaiRMnBp+7pRfIbGrWrEks514DBgyw3eTqLVu2yAe+NRCZ8ufPX7169UaNGkHapJB8d9KkSTL6mHLdNeErgDHUrVtXqmHT4bpEMpl+gvd3zi8zkf8ULVqUGsaLF2/+/Pmq1AzmJqPL8lYknyg87A1VbN26te7vfGV5KJJ7sgXnzOggZ8Rv5JkoUaLgC1ht3LhRpD1r1iwpIYUWOl65cuWHDx9KoQW4c+dOmTJluE7q1KktmyBpLXs4efJkrly58Ms8Cf5IldoMMkYacNOuXbuSqmoYO3asHAL169d3FK/H69WpU4c64P03bNigSg18GZAGHEf69OltMYIM25NPUqE5mKj5axGSKlwkh5ImTdquXTt0mEg2fvx4h0+ZwcfJpzjJ/Gz3/gLXz4NzF+KZTWccmLMHoia5FNbKc927d49QkSpVKjkEaCnJDWw39uWzIA87cuRIkSJFuDV5qo2WIMQjEY9ND/rdtGnTHNU/+nVAIqUjmSb77ODlBQsWyCOAnj176uJmjx8/LuMSUIAgg2OsxKtXr2QBNBcXl2vXrqlS58P+/ftNEv2OVCeISDX2AMVnF+cAgRPOnTNnTmvetcFapkyZEjt2bNj85cuXVWloYC17WLZsWcKECUlf7LN0l0x1rVChgp+fX5CpJvfv3xfXA8j+HcUewOHDh/GJVIa46MBqhAn4+PikSJEiUqRI3bp103eBECSPSUgXH64Qx629lSBaNGvWLEaMGFhOp06dcF5ikzQZGbBlhqQv4J0wKhKmESNG2GL+BcLp378/XiNatGh4EFVqG2zevBn5477Xr19/48YNHLpmFNevX0+WLBkcjtRfSwyAndkD+PPPP6dOnQrj/+GHH/r06aNKdQVPLauA58+f/9KlS6rU+dCrVy/s8UvsgYRV2gj06NFDF/+GYfbt21eGJtSuXVvHkU9EZc0DqCKnhMYeCHBBaOWZM2fy5cvHIQyWGNeyZUuZnQCQmJX9/YcOHcqePTt+r2TJkqooNLCKPZCyFDZ9BZFnttGAlyCYPHkyUvus1hIApFcQIF87dIR8CdSN7Ao3ZKN8OtyALF+Sfgiovv6UiLty5Urkjz8qUaKE+fqGuD+YirxrIzYTNkSXHj58SAwjoDZv3tyyt4A64u3bt126dEGTeQRb5Eyk/vIyuFatWrZ+WFmLOmXKlMFtds2aNVAHeMOWLVvmzp0rXUHA/uwBoBj4MaqKzG3xAougCFcjMI8aNUqXoGsjLF++HFb9WfaAwaKN0kYAN6uX279y5YqsG4bBjh8/XpfLotgEVxqUyzr8myZfx7lz5+SdHVFj6NChCBmiQEQDx44dk3dJGGzOnDmRDyokX6CkcPTo0dbICj2UvhmamyRKlYYY//+Zu9CCG589e1bGoeB25WFsDVJGboRMyWBU0SeQqGkjeiCzq1evlm37gxqWKlUKPUAJNm7cGBgYqA4Y+CcOHjwoK7fgOLS2sx7v37+HvXXq1An5Y2mwdbzexYsXz58/T9TEoSxatAiWQIop+beoLjGMn2DDixcvpmJyKUchatSoLVq0oEo8AowZW1MH9ADygdQiCrbr16+PBKTcFnj+/LmMrSMkB3cRlPM/ZsyY8H68mK0r83UkT568Xr160aNHv3v37oIFC168eKEO6AS0C1KbK1eu6tWr28dbWgapG1W9ceMG/2lBPz8/KAWYMGFCr1695DRAlixzZKwHdufh4UHrS1gh91MHrABhQr4FFTduXBmX7bTA0vPnz88GjAfqjLFUqlSJzAoMGjQIasUhDBZSGyVKlDp16hw9epT4QuGFCxesUVTaOlmyZFwTWeEVSVrUgRAC4VoGgmLjxo25Qo4cOWwxy+6zQKt44M+ObuPJu3fvLg9FzCB+qAOOADZACktNUqRIceLECVVqwAyvX7/u1q0bIqJB91uxYklwBAQEaFPOuHi6dOmKfIL0TpHjykhy9YNP+P3330mUUZ4CBQpwEVXqIMCP+/XrR3oHLdb3TTxJtiQ6efPmtd1gSQHKny9fPlrhs4tJ4NxpC23N3YcPH5KdA0dlik+ePBEnTiqm7xcvL126REjA47u7u6siZ8XevXtl2VMqDOMhYZN5ZMHB40yfPl39zGpgj1gol02dOvXu3but736A2ciDtG3b1uGDmf4VK1euNH9591lEjhy5adOm/v7+kAz5OI6bm5uVX7MjP0mTJg2XQvND2+Vmed8DtHTDhg1sYA/SSI4FvFWLGQTvq1evyrZDgLvs0aMHG3hq1ALdlXIDGu7fvw/bZaNq1aryoWq9ECFCBPnaE0DFr1+/fugTyKJIRMifunTpInOszcGvGjZs6Orqevr0aSg/BEIdcARixYpVrly5pEmT4kZnzJihSq0GpkESKdbRp08fQrWU2xS0wvr169WOGW7duvX+/Xu18913CU2L+eND5V21/RE/fvyffvqJOsBjfH19dTTbpUuX3r59O2rUqPIO25lBDWX+KnFl6tSpGCkUUA4FAZq5efNmtWM14CKk3WzAlSdMmACZkHLLgMqdO3eOlJrt2rVrkxJIudMCS5f4FSdOnBafYP5VbpApUyYPDw/YFSoq01yPHz/++PFjOWoZSK5y5cqFz8Qh4ypVaQjxN4WwCEOHDuXn0BZr1ssMLaTvIVmyZGvWrMG5X758GS8vIJEVpRdAY9VvHIQXL17Ur1+fmqC41syrCa84duyYCEf3JXoISKNGjZI+cBj6uHHjFixYgCmmSJFCXm/t2rWLIKrO/icg9T4+PigSkWzx4sVfOs0++PjxY/PmzTFsrMyCz/l/FlxTqFWZMmXssFY33k0GWCD8N2/eYBSY7eDBg+FwADljzilTppSkB2lHjx4d6kD6Kz+3P2AMMrgqSpQo2uReK3Hq1KlChQpxTdpR36HBNoLMGgOoCoZAe/1qwqpVq548ecLjSOILCDzqN3rg0aNHVapU4bIwid27d6tSiwCzkY9J2sLD2AJ3796VOQFZsmQhMxf8/vvvz58/9/LySm9amaZw4cLqbJNSUQKs77glOcFbYomhXW3WcvYg9tCuXTt7jk+Ev/OQIrWvo2DBguo3jsO2bdtwkVRGx/698AESiyZNmiCZihUrwnlVqX44e/ascPPGjRtray7hUITPNWvW7CsL3XCa9KDWqlXLbq/kvgSoObl47NixtdneVoJsTDpdYNs2XRlJAMuXjkloAS2eI0cOtoOjWrVqsAo8SbRo0RzLHoCvr6/Uinipy5BSb29v6U1p1aqVKnJu4K/EzX5W6/z9/UuVKmWS0N+hTsclSomXkpQCEgBVahFgydmyZeM65cqVu+OIb6hagLZt25IqQBSCvzaVabS5c+fWHNeVK1dk3iaCCjJNI7Tg57JsVK9evWgCVRoCWPjmYseOHTho6DlWIcvV6Q5cm5+f3/jx49EnDQMHDlSHPwHfWvITgvTzOBx58+aVhdumTJny8OFDKTQAyDJJ8dkgtIji6ot06dI1bdqUi5MtTZo0SQqxzC5duiRIkODQoUMPHjyQwuDgEISGDWLYsWPHqKqUOwRFixYtU6YMKcj69eulVlZi2bJlkuJnypRJvI9NAVmR3uPAwMAlS5bgNKQ8Tpw4pK1aBYivv/zyC88IdZMSB4KEW1K92bNnwx6k0Bpcu3YNX4/6oZOqyLkhXOdLICOSj1MA6DU5kmxbDwJKvnz5ZK1VjcNZBn4ugw3Tpk1rowilO/LkySOzBY8cOaKK/ol79+7t2rVLtpG89LVfv37dSquBKSZJkoQNzBCmJYUhgmIRoYQMG6aZbbE0G95tz549FSpUIH1En1RFPwcCT6dOnS59wtKlS7WhD87Q9wB+++03XCQZlS5fpQs3QBrSIb927VorifOXQErUrFmzH374ASahfQQZy5TR1xz6LMumYuXLl6duokXw0SDLitgfmzdv/v7771OlSqXLp0cLm1bsJiGz6UeJNMycOVMkKSAd7Nu375o1a7y8vGgUWepOgJng6JG8w/seUAzJUqiM9Wb74sWLNm3acDX0MFSJnQNx9+5dMYEv9XhNnz49VqxYnIB99ezZU5XqgZs3b1aqVIkrx4sXz5o+eXIGeXc5ZswYVeT0IFdJnDgxQa1///6q6BM8PDwIhUh78ODB7BLstAE0rVu3tnJMKOSjhWmpbGwwVIt5W9L3cOvWLekLwtrlVY2+IJw0bNhwx44dp0+fRi4RzUAY5gmRr3Ssffjw4cSJE9hnhgwZyKXgbpioXMRJkCVLFldXV7zGnDlzkJgq/eYBaUAaOIgUKVJgEqpUV8AjJ0+ejPBlEJYMgcTl1a1bF9a7fPnyAwcOyJkCOOvGjRt79+4Nu8d1omlU7Ny5c+7u7o7tfihZsiSaj0OHUr9+/VqVWgRs6saNG7ihIkWKyEKTdkPNmjVxGjwC7q9WrVpQNNL658+fI+qqVat26dIFS6duiBrTFut2FJBPrly5EiVKhIqiqKrUUvBc0mlUrFgxiWfOj/jx4+fMmVPtfA7p06cnzrFBI75580YKdUHy5MlLly5NCk4UINCo0tBDOo3QLiAlzg/pjXv//v2DBw+C+BzsBY8k0kajxo4dqw1ltb57DHND5mwEBgaaj2L+V1gi2YsXLz59+pRWSWhaZVKV6geMFrfCRuzYsVFiXP+UTyChxIEuW7ZMfB9nwtfq16+/fft2xE2VbBSKLAatQoZNPfH+ly9fVqXfPI4ePYpMfvzxxy9NBtMF6A+6gYruNAEzw07y589fr1499KRJkyawOjkTpVq/fj0x7Pr16xhwr169aK9WrVrh7jdt2oR2yWkOQdSoUUleyQ8QGnanSi0CxvLq1SvEoo16sykIAC9NE/cJBkuWLCEwQOZkpCSF+ClOYNvNzQ1KgbQhSZRTvX+dumZrFC1aFNJG3Q4dOmTNfHoAbRX9cf5h/xpQe5m5SvPRRlIoILARtw4ePGjlUP8vgVuTccHyMck1a9ao0tCDbA2TyZYtW8GCBVWR0wP9x1LYOHLkyOLFi2/fvq0xM4iF6A/5TKlSpebOnYug5NuwixYtClXIDw70XEYxApxMkBb/CixhD5cuXcKLQYVkSQPboUGDBj4+Pp06dZJ1MwCenUdFlBkyZGAjX758xGYcPQkiiSOkTEvOkHvoXuHYDJkyZSJWUbGvvGv/pkCEli4l0X6bYtSoUbVr18aDjxkz5vTp05S4uLj069evRIkSEG1ZtP/Zs2fDhw+vW7cuihQ3btzu3bsPGzYsXrx4MtOd00aPHv3777+brucAoOcyoOfw4cPWuGyEgN9H8oRnSTVsDXIA6eDBBL6UdvN0UAqS3a5duxKx2L1586a3tzf1VGc4AlSpTJkyxDDI1p49e1Rp6AFF1posa9asYSUPphXkFTDUGbXBkUKAfjOhdevWeN1ffvlFI1U8oDVqGRy4BYmUkHsr7Y4gJfE4TACRYpsI/8qVKy1atGjYsOGgQYNE7MuXLxeL2LVrFwEeRSL56dOnj+48m1uHfBSFJdqMt6VdM2bMaGtaBwlFmmrHDKlTp5ZP/VaoUEFGceP3u3XrNmDAACJTgQIFokSJAmuG5cj5jgU+EWOAbzlJfRwO0gKkETNmzC+NwNcRSB4OygacvWfPnrNmzWKbWJUuXToI+8SJEwnJ06ZNwz5x9Llz54ZkcJqEuiJFinACDogkgNP+vpwjgJ7LUrWAYGxxR+WtW7fu3buHbzL/MJV9oC2sGxw8XfHixdnA2CtXrozkCUUTJky4cOGCnOAoQCBQHvIwa0j/f//7X+0FGer0JQrlbKCxkidPzgZWA5lu3759x44dfzJhx44dco4GuIW+eRo0S/KKGzduWGl3SZMmlc9ROj+g2uPHj4ff44ik5MiRI/gfETsptEakEidOTHN4eHhUrFhRbBnCLYcsBqour6JChVCzB6iDmFPZsmXJz6TQGYCL37x585s3b+QVkSp1AlSrVg02Q8VkaqIq/YYhawSR2MmkSpsC963NdvHx8enduzd5PIDLQ7FxT/Xr1x87duyHDx+qVKkyadKk5s2by3IIAvgxJTTc9OnTOVmV2h1Ro0ZNY1oPbtSoURYn5egeIDCULFlSFdkL0LXg7MHPzw+uTzlHpcTFxUVOu3btWr9+/ax8ZWAlSpUqRX3evn0rS3pbBnRM5hYVK1ZMG9DthMBMAMQUXL58ecaMGb/++ivlr169Wr16NYwBfvCDCbiycuXKEcxsF5XxDPJCHJdumfC9vb1FeQgE0W0/sch6vH79GuoAVwgMDMQEkDOUGiFj+DBOGDaPQwPJyaQ3I0aMkKXVAEZtTfeYAEHJuiwbN24M+XuQULMH1EjSApkuYgsgERRI7YQMyZIlQ8SyjYd1rN8JAni0rPoAjza6HwQ0MWmBTMi2HeAEq1atcnd3V/smb3jeBEgwVodzJx2H1KdIkWLdunVkh9itOvUTatasiWlt2bKF5tMM2M5IlCiR9KCg2FRbCkMLX19fmTBphxdGnwXSxktC5uBh8Ia7d+/ChHgcrd9b3FbEiBHxLbt3765Vq5a+XeKhAiSS7IjqUWeLGRsKI9kzVwuuWg4HT4dFwObHjRtHOhvDhJw5c3bt2lWbHixjSOfNmwelIwV6+fLl1q1b4dnymokTaEd/f399TaNdu3ZkwyiMZStOYtHQIJqPzE0VOTEQ3bFjx5YsWYJ4cTWyEAv6j5Cxd6Jt27ZtzRN1aKjER7IgGZ4yYcIE0xHLQfQUxmZOU/4VoWYPV69eldGeslS+LQDbatiwodoJGQgSGsdEbyz2sDaCzPPGDWnD9L5xSBOL97ERsMDFixfjhtjOmzdvo0aNZJI6kbh69ers4iW1Pvy+ffsStD5bH7JG7BmLmjZtmqOWPyeaapOJZPmE0ALFk64vnlFb6sdugCusWLFizpw5vXr1wqFnzJgxffr0Y8eO5dBH03qaEqsOHDhAwPjxxx/79+9PM7HboUOHR48ema7hAKCiKKrm8SyDs/kiNOHcuXOHDh3CZy5atOjnn3/GOnr37j1z5kzYG0icOHHmzJkzZcoknXA5cuQ4evQobYSxEGAAloJY+JV08QYEBOzatUvfgUHylUG1YymwWZyA2nFWwMa8vLzgB7dv34YTdO7cecyYMZqQ2UDs2L45ixJuxAa2LDkzRiTDk3VByD1MqNmDBmcYjQJjkO+6OjlIamlpUi5j4CSJjh3iwZ07d4YPHz548OC3b98WLlwYz7h06dLJkyfjklxcXHr06MEuhZ6entJft2/fvi95eXKgcuXKxY0bFx86aNAgRwUDXHns2LG5O1VVRaHB8+fPz5w5wwZ6KC9B7ABcnkwS2bNnT7NmzaACyJxIDEWQEwBPRCSbOnWqJMF4/CRJkgwcOBA+h+T5IVmvo2JAsmTJEBd3t7gv87Bp9rzacShwPsT42bNno/zu7u6EqyZNmrRo0WLhwoUSLdKmTQuxQ+y//fbb9OnTSWflDdeX3rdiOFr3M3REX/ZAyJS4iORD/eHHTwgMDNSWc3ZO8HTS64Pms4uNoPlaJzqAJezevRuShxLKSBRw+vRpHo2Nhw8fwjnYoIFCPlHiX7F371619W+wnD1oy43ZDijuZ1Xn8ePHeEMcDQ7xS6HoyZMnx48fVzuOhnzaEQO7ePGiZX1x4Qb37t2zctrhvwI5d+vWbeLEiXA1OAQpr8i/YsWKWbJkIZWcNWsWCVOBAgVq1qxJNpwiRQpM9Ev9CvImWDqNNm3atHHjRim3M6ikWJy3t7eUWIbq1aubuyebAlXHTtWOGUhk939CmTJlkC2sAqqHzaozTGvgcBpNSTviPeWlhp1B+ERh0KJr166polCC6CWht1ChQtBWKbQnqPmMGTOKFy+Oqrdp06Z3794wA+japUuXzONNpUqVVq5cyaEhQ4ZUrVqVbAfGLKNZcbCfZQ/58uWTvgdw9uxZyJ9s64srV65Y/PaKB/ys+jkJkBi6DYQ6AOgd7gi6fPDgQSmhpTp37gw5g/HPnz+/cuXKFK5fvx7C9+7du+XLl/MTSurWravjqJpQLIuMZoQccCXtnYK8ObYF8NedOnXiFunTp+/atSt0TAPUGDuMFSuW9GtFNIENOL75YDcBIURd0dGAKjZq1Igq1a9fHxmq0m8ScG2ajLTy2LFjqkhXIOoKFSp8bxrcTqQU3wdwJVhaZNO7PcLwyZMntfJBgwZFMS2gxG+lUANH8armQ3zy588vb+vtDIwCP0IFSEEIt6o0xIC0IRZ+zkW4lCq1MV6/ft2vXz+RORLGM6L8wLz+L1++LF26NOaMVgitodXkEKrCrvz26NGjcBEptxvIT37++Wcq4ObmdseibyWMHTv2P6bPIdrhQ03SUU+sRefhu0SUOHHi4BVF/iLGGDFiJEyYMEeOHBMmTLh792758uXl0Gc/SQWlo10wJTicKvon5KsxgtmzZ/9l9Te1NfAssg4p3p5nUaUhBvFVBuq2aNFCFekKqufv7w8tIyTBz5A5kg+VfiKrZcuW4QZFehoQOM0UPXp02ggCJ0GNEvIW3I54ANCxY8dp06ZRTusUK1bM+phCfebOnSsXHzp0qCr9N4SOPUDltM+v2YE9hBw8uUaENTgPe3j79q0sBYoHJ/NWpd8klixZAk1G720Uw/BimrtMlSrVsGHD9u3bd/78efJXV1dXQhTRl7tjfhoJuHnzZsaMGaEIJF7mzIBW41dCHZIkSVKqVCm248WLh9dwCIGQSIZDwe+oohDDIewB4CWwZVoER4kJSDd4EJDrEJ7/bjATNPYAsSAASCFectWqVVJuNxAkZDwakYwEUZWGBsIesmXLdsDGHyKmqpcuXWrVqpUM0A4O9JZQR7aqfmACmg+Z4KhMQVKln3DmzBmCN5Ru8+bNqugTMI3bt2+7u7trDdShQweotjqsB/r06SNXpt1Dy0uEPUCVaD5VpCt8fHzMX/8h8yZNmvz2229eXl43btyANKvzvoydO3emTJmS32LOsGf0H5DAkDAHWaQAJgEFFwJHxmUe5rApjNoyzQwC2A/hUi4bcvZgpz7MUAF9DbIEISKDv5c0Q9asWaXXQTBgwADpW3ZykPLKK6tvFq9evbKpBBInTqz1zGNXgwYNqlq1atOmTaELpAguLi54pdy5c8PcicFyGiSjZcuWEIKVK1din1JIJZcuXUq6TEqRK1euESNGbNmypUqVKtD8OXPmQEfktLCC9+/fO6QXl6AF6SlYsCChhTCAncrQH6RNcILYgRMnTpgnYUQm8yFgOFN5C+7p6an16NoHhEb5yh2JpjWj0lAhoHZsA+TZo0ePefPmoZ/s4hvxkPjJ7t27ywsIclkinMzc0RArViwiFhsEs+A1TJ06NRGOICGfmxLs379/+vTpxDPowvz58zmqDtgMR48etey9FTpj3muoF7Zv3962bVtUQu2bhi+QFHXp0gUGIK+HfvnlF6SEbn/2xfqmTZvat28P/YoTJ07Xrl23bt26w4QNGzbQggRv86+UJUuWTOuEwJrMx/llzpyZhEdYiJVAwpYs2mHiECGFffoewLlz5+Qu0Nt169Zt27bNz8/vshl8fX1TpEgh53wJxAwqrK7oUGh9DwByqkq/SYwcORIh2K7vAUsm2Iuo0RASWdkW4E1wl7LMOWYp7g+Q/kovbjvTF+exJcyYEyjhamigvNS4ePFiunTpqDwZvPW9haHFwoULYT8ki/dC/4ErqTmPY+e+BwHGK7NzSQNKlChBo1SqVAkOh5cEkAMOacAbzp07lwQO9sYu8vfw8HB1df3+++8LFy586NAhdVG74Pr161IrIoEqCg2k74EgwbOoIttAo8KgcuXKxCc8JH4SzyNTRmES7KqzPwEfXqtWLY7CnoO/Dnv69Gnt2rU5ShOgNrQayJQp05dW8NO3Q07re2jcuHFIsnlzSN8DCgPFUUU6AZqVPXt26XEhkMPGBHgP80mVACmh27TFhAkTYL24FLnC/fv3CxUqxBWgbn379g3uRkhyzCeachFvb285RIDXXjbxc65M+8ohK4EmSFsDWbEqJLCQPfzwww92YA9o/FdiLWKlwbp16yZj4szRunVr/hMnuI4626Ew2IMGW7MHcPXq1SxZsnAXPCMEf9q0abKuuUn8f6suYBfA6AsUKECuMHz4cPlmHfSCdA3PhXGSu6Bat27dIi2TK//111+TJ0/GK1F/vDOPQEoN/vvf/8oJNgVJD7wHt3jhwgVVFGIcP36cp+YBHcIewKVLlzS3qwEJRzIBVkGTlSpVKnr06NSTEHXkyBESOM6BMZw8eXLLli3IHMn/+OOPFjy+xdCFPdjhzQWZq0mj/zNx4sQgAUkGwUHaaAJV9Ano85w5czgq33yhBN1g49WrV5s3byaZlnH+XFY6eqW9aKy/14WIEaNjx46okywbxSG9IplAYw/Nmzd/8+aNKg0ZhD3wW55LFVkN6jBz5ky0lCdFFTt16kSYR1ACIuOCBQtk6CLiQlH5zzYnIy7iFERhlAnlypVDwyNHjswDBh9ohavp1asXXogfchGuwINwZTlKOJNvx3MFHk1HgZuzh5Cn3Ba+uXBzc9PeLtsONBJQO58DIsbLo9Bq/xNQehoP2wCqyMA3A0KsDLmSKTnkH0IgKIEu4O/69esHV0BDyGmOHTvm6ek5cOBA2AAn4DrHjx8/evRoNohbK1asIBXW3pGhb/Xq1SMDI82CDuJNCA8wD+l+J9I8ePAA24NMyPm2AEmMzL0MFagSgUHtOAIQgoULF5I5aeuyuLi4IEkESACDEJw/f37Pnj3btm0rXrz4zZs3mzVrRgyQM5F/hQoV5FNhp0+fHjBgAM5ODoUJoISf7cHWEaSz/Cd6Ecs/uxqYDO5TO2aQILdkyRLoGiZAW5Auu7q6kv7+9ttvd+/e5ShxAoqcLFkykuwpU6acOnWKBPrw4cOYACfb+pNm3FTTmRCCqIGpskG1dXlnhASQBp7k4sWLyKFdu3bsyqpNArgUaQZsgPvCMNBVUl+cDMQR9vD77797eHjgdsCuXbuwxLhx4zZu3Jjwb26VeJXly5fjfyjECsiB0fynT5/KWxJI4eLFi2lHng6ZzJ8/3xbvZUIHE4cIKbS+h8yZM0O4VKkNIH0PmAR+RBUFQ8aMGbETON2XvhJesGBBfI0626Ew+h402KHvAZCtEq64EZYcEBBACdYOdYDIb9q0iV3cIqmVJCggyBc3oPYo1Wd78LBwAl5wd0aiwEUIci1btiQKEi3UD/SD9D3wFBaMmjx69KjU01F9DwKiPj5RekFwr/hideATcPcHDx6sWLGi1BbA4c6ePUudqbmUEPB69Ohhn9HHVvY97Ny5U8LY1KlTVZFtgDcWHqDlqRpkuA+HNm7cqIpMnhwbIZKRB/79eMGAhhcwIX/+/PIIRDvaC0VC/X766acgpIHd4O8+rIHW94Daq6IQA+uTHhESfcsmywSBl5eXlkLAtGCx6oAJEJTNmzfLuzki49atW9UBk8IvXboU2hHcYyRMmBCRwiomTZo0b948BDtu3DgiGjdC/4lcMH5ICWd27doV2fbs2ZMmpgTuEvLugRDCsr4HC9lDqVKlQtubFCoIe4DTyYTpz0LYw/Tp02U9weCAG0qocDgM9qDBPuyBGD9jxgzsM1KkSHB5Sl6+fEniS9wiqYK/yznDhg2jMvhHb2/vuXPnDhw4kO3IkSPHjh179uzZpit9Brdv3zYPb8GRNWtWYqTuBMIa9nDlyhXxbo5lDwDh9+rVCz+IP23VqlVwV/X69WuNKIAqVaqQ1ZmzB0Ab4UyfPHmifmMzWMkecPrS/+xA9sAhUddp06ZRHzgEFkGoIDOWF3zmgHOPGDECWyAJ9jMBDo2n5RCKV6xYsVy5cgV5wQ/gzaTF+uqVsAd4z/79+1VRaEAU5+ewH+sTyIcPH0JhRbxg+PDh5iNI4LuDBw+WwYwQYgiZOmAGCiVRwbEUL14cFyRaoQFbQLBx48blLiS9kE5+BXvIbvq4brp06eAZ0tNQq1YtC4Y9/SvgWNrwI5uzB7x/yO9hAYQ9gOPHj6uiYECnIWLwNW2qSRBAh81poANhsAcN9mEPAHZboUIFrDF58uS4NtKFbdu2weu5NY5JZkDB94nHmDSH2KWZ7t69i2PlNP5/dnohwKrxINGiRSOGderU6fz582vXriU/qFGjhjQxgLX0799f/UAnWMMe8HcSKhzOHgC8Cm9L0yDAevXqvX//Hge9cuXK3377LWfOnJIViBhBhgwZfHx8NPZA28kC0okTJ0YOtIW6qG2gF3uYMmWKKrINoAhyI20gMJDXVY8fP5YpbK6ursRU/ktGCyJEiACfBtK7gKWsWLECKyAiwrbhGXh71AZVl/MBZ3Ij+VWePHmGDBmC/sOn+Ym6qx6g5jIonrAdfLBnSCDsAVpj/TDbHTt2mH9/EuUk0JKKoK4ABkxcR5mbN2+OtgRXSOgXrAKhIUZ8Al4lICDg2LFj6DNInTq1NJwAz7NlyxYSG/ktXkUdMAFb8PX1lUP6QptWQ/vaij28ePFCVj0CX/KtuiCE7IFm++WXX4Q90AYoXHoz4Nml11oDNvbMDDyCbGitZSMY7EHDhAkTiKyEDcSuimyGCxcuEG6ROf+bNGly+PBh/rNbtGjRixcvYufoc7t27dCcIkWKaP2uJ0+elHccZGBBuigBJcQ5vAn+gnRBXBuX+vDhA8HM1MJ/cyP+41/8/f3lV7rASvYg/hSH5XD2ADBwYg+Sx1uhDKgE0cjcjVJIKhYrVizkTOp88+bNNm3aUI7+IGrhhaVKlZJuJNtBL/ZQpUoVGJIqtQHwYB06dOBGbm5u+MyrJixYsABBEbSQlekh/gaiJvjhHvGfs2bNCgwMhF5gBcif04jWRCwyfuQvJfyEK8SLFy9ZsmT8atSoUatWreJ2gIawkS5hUEJxypQpY5kRkcHzc55xz549qshScIUkSZL8LbtPokAsgJYFQrxgw5AtJKm5EcBTkNPLB334Va9evczFxTaAOi9ZsoQT5PqIHamqM0zdnFIOsH15naGO6Qd8Ws+ePeUuBE1aVh34N4SOPfBg2gJw5HOq1AYIIXvghGLFikm/HL4G1nbWDN7e3jSMOdq2bVvLDCQ6sjFixAhuZIuGERjsQcOBAwewNByTrbMxgaenZ/COVtCsWTOxc6JCpkyZoPzTpk2Tn6AGYksEJz8/P3OtYBvNxCNzFPXTXtvD1tE9yGv06NHLli1LhgH5IEfBO+uYk1nDHhy1WtRXQFIIjZPgCngu+E327NlJlKtXr963b19YGkpCxOJo+/bt5U22rP/Tr18/tosXL06MlKvZCHqxB9yULi/gvwQCgEZevw7EiFbfvXv3zJkzS5cuRe3xirlz59YaQkBiRsbc2AQPD4+1a9da1gdgGTA0YQ/u7u6hna4pwNvLEw0ZMsQ8HlsGRCEBnuQZUTRv3hx2EmQoQ6JEiSpVqsTtuPWGDRt8fX1PnDgh30eUN6GfjS9QE5IQuQKA25kPBtKWpceZcFlVqjdQHq3/3sfHR5WGAKFjDwAvKf2KJP2qyAbQ2MNvv/2283MYP358kKiA3CHO5ggyj/zrwH4scxAhgcYecuTI8eDBA1X6TULYA4Rdx8lUXwHUXnKy4MBgFi5ciJFTE9hMhgwZtClt5BAyFDfItCgyXRllliBBAm15vmfPnhHMUqZMicNt1aoVQQLG8NNPP3EaAVvHLjpr2AMuWJaqrFGjhr6dzNYAAoGgxC+nS5cOukAJse3ly5dyAmkQma4QCEHYYg+oH46In5Pb4NNUqQ2AKq5evVqqao58+fKVK1fOPD4RlWvXro0ayKoDqvQT4BacD5+AVTgwz9HYw+DBg1VRKAE9ku/C1K1b1/oRSLJoN1cjz2QXadOaFOIlpDwIoAsEFPl8NkDJPztMEOcDY8YZZsmShZbikdnu3bu3HOURoNf8PE2aNGPGjDHv1dAXGnsgpH4lXQ+OULOHU6dO8ZzcyT7sAUJHShccwYewhhA0KsbDZcuUKdOyZUtZS05AfqBurzc09lCnTh2bjhdxfrx69UpkTpapimwJ3NDZs2fFjPGVbOA3XV1dZdfFxYXIhDJgtLBPEh0ZyY85rVu3LmHChKiZfCYR7N69W7pDAVRj7NixaOnNmzdbt27NaZEjR8bTaX7q5MmTyZMnh0/8+uuvekVra9gDmDhxIjWH+hPSVJET4MWLF/3796diUaJEwaUElxUEol69eiap/w2HsIfEiRN/dgLOvwL127Fjh6nif68zq0ptgMWLF0vfkga8NFky8rl9+zZRKshRc+TNm1cmCsHsMRbOD7JihP1hPXvAhGXVHwJz8IUuQgvorLyOrFWrlvkbqPnz58eKFYugO3r0aKTXs2fPIF04AoQ/Y8aMIDOMTp8+jQJDPqJFi7Zhw4aDBw+KeylQoABHoQ7VqlXDL0FEPDw8bEcdAEYnmTZkBYVXpSFAqNnD+fPnhRBVrFhRFdkAGnvQgHOX96N4agHblCN9pDzsn9i2bRsGsGjRIgIDJ2AY7ApIwojlxLDAwECaxHztW7IfdXu9AWOg8tzCYA9APq6TLVs2+yTB+JE1a9bIEiDIn9ZHPTJlyiSJl+iVbEeMGBFf0LFjRzz+vXv3pNOCH+KCBw4cSOSW0wBWza9wcMRyFAxwZfOojJr16tWLC3Kal5eXKrUOW7ZsSZIkSfz48b8yEekrIJYQBamqTWdLWQBcc48ePYTAVa9eHS+8efNmBO7m5gbXAWLpAhwxjtU+7IEYJq8DSpUq9ZWp41/HmTNnJKKQqqKKqtQ64LsCAgKgqkePHhUpwVODxC1cH2zs/v37PAVAnhT+/PPPnMlGzpw5ZdkMcYk2DU4W4MOHD9azB+lsQ6/g/UhAHbAIXE2WkCHKmlvfhQsX8A/cokuXLuziAe7cuUMAat++PfLnfAFNA/nAV5CrtG3blraA7eXKlYsfYo8kKn/++Se3aNKkCR4mQYIEK1euhI7gi4RS25ruz5o1S5Rn+PDhoVLRULOHW7duSe6IF1NFNoDGHpAg+SIuA19MGte3b1/kLsCDIP1ixYp9iVoeOXIEI6F5vjK0ys/PD+on90qdOrVl79j+FVipBJ7OnTvb6BZhCOQEKGvKlCltmo0FQadOnbhpihQphFwT0cW8IcF4qCpVquTOnTtZsmRC8r6EH3/8EVUEnGwe0lDC4N8hRIflIwLlypVTRdaBFARddXV1tSySEWmoP0JwkolI5jh+/HjNmjVJCUSeXwEEiDAsBNQO7KF79+7cyOKvZAEaS14cEFGsfwEPnjx5Qq00r6WBSEP+A8w1s3z58uIeUXJ2/f39iV5szJ07V67mnPD29uZx0IeJEyeqolCCtpswYYJoVKtWrUI+EvCz4Grbt2//W6Cm9R7MRw5BfCls2LCh9rpNgJZC1MgfYPw0iszYDAJOaNSokcbmqTCciQeXNfKBTVN0Db/99htugVtTZ1UUMoSaPQBPT0+e0KbsAS2X1X5w6196/QYjo22g3uQiquifEPZA2IZ5qKJg4Eba2yl45ePHj9UBXaGxhxUrVqiibxirV6+OFy8eUdB8+Rpb4+DBg5gxVBLuInY+e/bshAkTlixZEveKd7hy5QopLzHM3Pmao3Tp0uSRcrX58+fHNfuYIWr2Ktjiab6+vjJTDp6kiqyD5FJJkyZV+6GEsAf0sGfPnqrImYCNQMvIB0wS/Rs0Fq0DYH5DhgzRXKoGW7MH8jChKXXq1LH43Tk/xIlxEZRBlxQf8yGnMgngb6BdiKh58+bEnn0mUKKOmYCHhC9WM3064cCBAzJ1hdTWqV5gBYHMhMpo9okHC/D06dNapq94oPbW97c9ePBAFnXA2M2nxZKaorSfrSohkkCJ9tIopLtNmjShpbBfLiIoVaqUeXTz8fHBI6ljpu/62lS9NUgeni1bNpykKgoZ/t9WQw7iuouLC8q3d+9eVaQ34IyytDCpRnCvYQ6M8969e2rnc+Ah9+/fr3aCgVxTG32JbaMKsq0vtmzZQjWyZMkSxLC/TeDOcH9kA/fv31dFtkeRIkUGDRpEK2zatAlnSknjxo2JDWS9spwA+laoUCEIODEDAsH5DRo0KFCgAF6Mk+E6Xbp0kQWXUJL169e/fv2a05KbPgQAq9CWVRZAUBYsWCCf4jQf9GcxXrx4QXxlo1KlSlJiGb5uDg4EZgg/w4vFjBnzp59+glki0hkmjBw5krbD86pT7QVkhW6wgcfTvERoQfyQgCHzd6TQGhAIf//9dzaaNm2KlJYuXYqIxo4d27Vr1xIm5MiRI3bs2B06dID0RIsWbc+ePZ07d961axc/ITyUN31mCY3lOn9fzvlw8uTJ3bt3Y4Zq31LEiROnXLlybJw+ffrixYtSaDGgAkK8EF3fvn2rV6/O7rZt2xKYvm1x+/ZtklV8mulcBVwKJQD6grehjWipZcuWdezYUbxKvnz5xIEIcufOrXW/EfjGjBlj/h1wGwEnLCtcEZtkUnfIYQl7wLwJuijf+PHjdbGH4OBh5MrmuUhoAXcTKocrl5LgIFrITDDw8eNH+aKM7oBC8h8HhOik5FsGQsClEn3RWhsJ/LMgP4MfPHnyZNSoUQMGDHj79m3RokX537t3bygFSQBZggxcJ9PFL8+cOROesXDhQrSdyI1CkrjjJvjtjh07UFE8iJeXV7169dDSwYMHw6flRtBQmIcsFwH/WLRokZRbgxMnTsgYHWHVFiBXrlyydB0yF4V0NhDqkDAZHg1BrkzKTkoHJNUmGHB06NCheO0v9Q/pi1OnTj1//pyb4tMjflqoOLSg8kQOElYUhrioSq0GtRo9ejRSguYiIvOOcbQ6MDAQbzZnzhziFsz45s2b6CSHyI9TmFZhgn9Qbjrd6UBCKLXFMxc2zVixDERoWWmbbSFP1gAFoBEllQ0ICMBjkB7QsuSEeAYowvLly2/duiUnC4S7kGwQoWkvghEtVbx4cQ8PDxnVARGRD9YL9u3bJ7wQ6kDj4liEZNgUa9asuXLlCnSzUaNGoaXIlsRmkgBYEuJAKYMPb9QFUBO5Mr7SYgKBnaROnfrrP8e2NXeMEojW6g7iEP9xeT98bnrPNwh5+Xr9+nVitpTYAVGjRiWQwynPnz9POkvSIP3SWGzdunXTp0+/cuVKaE3Dhg3hEy4uLugG/zkHlgwP2Llzp6+vL6m/vHnBcZD2wdZ79eqFWyEku7u7cylUaMWKFXgrftKvXz/8Nb5AKmAN7t27h2/C6Nq3b6+KQgnUL0+ePLgtKnngwAFV6kyAqBHzcLKfZUhERHw34XDWrFluX/g6g744duwYPoHm0xIMC0CT4Zolp1y/fr2OHoYrq61/gmqjex8+fOC+VatWJezhdmRAz6FDhyQLx7s6bd/DpUuXZOlMNOHr45D+FTBmojUbkyZNkq47a5A0aVLCPxtIHrpGsk7CoIV/vMrAgQOPHDkC6YQuQM5+/vlnnAxMPUjvODYo42mwRGgHG7QX1yEVIafikVu1atW0aVM7BAuUxM/Pj5uS0cmH1kIFCwNzixYt8MX+/v42enmB6IWFXb58WTohLAPaIywvJMA96ZgcaMAYeBx0Im/evOYvvb5lSJ8QeTwEVErsA8LPoEGDpAeIXBBIuWxTK3jD9OnTze2WbRqOH0IBIRk43zRp0owbN44YJvkoRzt06MBppCP9+/f/9ddfu3btiu8rX768dB3LdawB+vPixQu1YwVSpUqF2eKabffO0UbACZCZQeZcXV3x3fIKydaQlWqxWYv7ewSInTSGS82bN0+bwGk9IKZq65+QWV2yvXnzZkRHYKhevTrM+O3bt0QmyjE9G2VKVoIa4jD5Hzdu3M5mXzaxGFAofC8BcvHixarIUpB4YOxcDSJOqrB8+XKcSZcuXaRLD6xdu7Zw4cLwFbKjsWPHnjhxgnZ/9OgRWYfWMQlQ4FKlSrFB0v/kyRM2yD1IQhYsWAB7btmypawWYwdAInFo1CdfvnyyPEaoYCF7QB1xnegfxIqGUaX6Af+ew/TZQ7TcGvZAPAh5Jycth79QO/oBlUJQOD55ra5Kv22ULFkSZYUgoj/Cvu0DlLZatWpa5koowqviEYQukExUqFAheBtlzpxZBr7duXMH3wGHqFmzJhtyFMASKleuTHIzdepUDw8PLKJo0aJsaG7FSnDBM6avchcrVsyajAQyLcwJyRNjpDCswA69uEFw4MABnA8xI126dKrIIkgHJwpDur9lyxZVailSpEiRNm1a+AG+URX9EyhJhAgR4IjSxMgNz9OkSROh7E4OTEwyCrhO7ty5pdAaEMtpQYI3kte+5mAZ8AwFCxbEkyNSVCJ//vz9+vWbOHGip6dnzpw51UmmjvPt27dz6Oeffz5+/Dglc+bMgUBolA5kypSJn9NA8CQABYHn8cP06dP/8ssv+CV1ni2B4925c+eFCxfQFlkTM7SwkD3EixdP7kdCYP2AlODARcIZ2cCA//rq8BmaRGsVTD04KCdvm/IFjB49eunSpfJzW4C6HTly5MOHDwRLeQ1mAODIZBAcJm3PsZMAV9KnTx/JJrNkyTJr1qx169Z96SPvglu3bh399IXrxIkTwx7I4GVXgDlwKdmGyOMXFi1apGN+DKmVUZk1atSw5pU/gad58+b4vrt378o6SGEF2BFeW+3YBWT2UFvIFvxSG8tmMapWrYri4crwRZq/sgwom4zU+xJEUPfu3fP3969VqxYKyYMQ+YjHlLML2Dh//ry4R6fCyZMnxda0DypZCeI9NsuTYsXWj7KCCMICibvy9WZKCL14D1mqgd3ChQs3btxYFoG4dOmS6Ud/OxAK3d3d9+zZ86dpaQcCnCzQtHHjxg4dOmzYsIEMAUayYMEC+1AH8PLlS0RNZotDsHBIMiKwDLt37+bniIwHRhyqVCfgLmWKEdfXJmTCpp+agbahDTgBHuNnAlzPHA0aNNDoNgL6EqTVBSVKlNB3fVbsVqbJ8TiqyIBpLtyyZcsIhEjG+rVcQgtuB8Hn7ilTpoTyY8+oVpw4cRIlSrRw4cIgk/LRNHHBoiEEkjFjxqhjn4A3KV26NEdRyNatWz/T9QNgVE96MiNGjHjs2DFVainwzmI1I0eO1N1srYQsYlu+fHm8vNj4o0ePyBfBwIEDMdXMmTN7eXlRbRI7zrTdjM2PHz+2atUKKSVNmlSXW6BypUqV4oJECFE5dSD0OHXqlCxKqC1pDLj+48ePoQvICorJjTJmzLhjxw7IMdEOOrtkyRIILjKsWLGidOu2bdvWmmrYAg8ePBAeT/1DO3vwK1i5cqUMuW3WrJm8jbIY6B5EkEtlz56drF2VmtYNKlCgADXnKFLFh8jbTEo0wCcowe0QEdq3by8JDIWADVpH+rrUFW0MboTjlVsvNn2CWB0IDSxnD5BomU/i5uaGnatSnYD/hc1xcVCvXj0eD9AeNc1gi7cARYsWxfxUJfTA8uXLSRSimdYiVUUGTLh9+3Ze03IIxF2iryq1I2TqIxHo4sWLGPz48eNJNElTtm7dqtnw8+fP+/bty2mQBqKadKXiIEjs5ATBnDlzokaNil+oXLkyV1OlOoFIJq9acuXK9ZV1z0IInlQ6RaxZAUlf8IA3b94kWsiQNOy6WLFiYuMy5M0cFMItbM0euKzQQeKuKrIaOGt522Xllxc09uDi4uLj43P48OFVq1bNnz+/QoUKQdJWmpiUl4iFPFFL6AsqOmnSJFkaPH369O+dbMkHbQw+dQsMDFSleoBMksvCPkP1HYfPAk+OPwckqLB5GA+FOAoZgp0qVSqy+TNnzmCt7CJwMljp9fkK4saNO3v2bLm+fUAlZexFsmTJLPYqlrMH6BUPHC9ePJTY+m+oBwEXnzlzpry8sDVSpEhRzgTCib5LsOEjsF5uAfO1xl+ES+AdJDBD5HWPuCEBrkpmQ8BKSSMgrPItEiiC9D8dOXKkXbt22D/MoE2bNnfv3sVTJ0+enPA2YMCA302LS75582bZsmUUktWhQmfPnjVdW09cv36di1MxvNVrqxcqhRiRinE1sGLFCod0PyBeLy+vGTNm9DSB54J14dkRtVTsK8CUWrZsKXme7dgDUUGmlX1lobnQAskLPUJbNm7caHHer7EHtIIoCxcMEpxwaIX/OdExX758yLxatWpIeNasWRAICmEVDmHtXwKqSN2kwkOHDoVTqgN6YNu2bXJljB2bVaUWISAgACXkUrFixfrxxx/r1KlDbdFnvAfskGjIbqFChdgGuDisjF3Ox9sMHjyY83EUYtGCdOnSjRw5MshSlbaGjN4lwnJri4ma5ewBYLoiF2iX7l0uOE2kbBKv5cC/tPonpk6dSpZjDnjiHRNIKPUlvGSxaBjVaNu2rSoyYAYyJxku0KlTJ1VkR7x9+5bYwN1JI7Jnzw5xlFetxIxu3brhbUlzMXKcbJMmTaTDE4//66+/cg6ked26da9everTp4+8hMYQ/P395cr6onv37lSJO1r2cazggMiWKFGCOru5uemr8MHx9OlTIiWynTZtGmIsYgIBjwj69dyAuonBTpgwASOdPn269LKaw3bsgVQejsgdiTqqSA9MnjxZak6GSraqSkOJ27dvy1tdc1BVBIu4CF1QHz8/P/NuG+gFijps2DDCHhF6165dGTJkQLchIuqiToDTp0/LlDSy4aNHj+obUNBzd3d3Lo6x0wqq1FLIhHMNcDL0GT+ASGkIbiHl48ePF6Yi3RI8l7e3N9ZHC5JvEx369+9P8ObBrSQ0oQXOTYZ5wn4QtSoNPaxiDy9evKBJcK8RI0YkS9OXLaI9pKT4juEmYDDx48fHpHE6PHPXrl2lXANnQt+CAKWBX5tD30p+BdxdohHy2b59uyo1YAaCMe2IvSVKlOikHb95oYHYU7ZsWQlLJAq0FBsAfUbTRLGx/D/MFhjmJzKTAh+Bv+YEtkn1bNS39Pr1axw97IFs27LPPAYHlrVkyRJqjrOzkWZiZWPGjGnfvn3MmDGjRo0qeZh5vgXwuQgZkK6hAECEyca8efM0yxWDhepJc3Cy5p1txB7IImRBxtKlS3NfVaoHHj58KB3aYO3atao0lKD5SByzZs1q3lVDUkRIuHXrFqLr169f0aJFRZgaOJmGQJFQ2kmTJkmcY0Nd1AnQsGFDqkdVO3fuLB17+gJSJet2xI0bl8hlcd8PMB/ojZw1hdSAtNu0aaM9xapVq7ipq6srKYeUANrx/fv3QUZZ2QE8OBoi7q5nz57WyMEq9gDOnTsnY51SpEhx4MABVWobkNutWLHCS6cvFtoajx8/LlasGJKpVKmS9R3O4RX79u1Dc7BAaKi+njqEIDOmAiaT/wzwaMFrRejV8mbcRPr06fWK60EAa+nWrRu3IAb/9ttvqlQPXL58Wd7r4+NUka7YsGFDvH+uW4erSpcuHcklbU2QSJkyJZ4LSS5dupTKyK/wJIS0xo0by6458LNcgbThyJEjiEL6e9zc3G5a+unLLwGfLuPBo0ePbj4sThcQKqZMmSITdvLnz0+CoQ6EHteuXYN5y/zb4EDISDtHjhzlypWrWLGiDDASpEqVSgYBIGqSY3U5RwNehUpQq1ixYi1cuFCV6gpiORJDMjw4mkPGrw6EHs+fP9dW7unQocPkyZPJHxA4IVkK69SpwxOps02f4kycOHEU0wczVZHjQJjOkiULNkidoUGq1CJYyx6ADC7Fx3Xp0sUWnDEsAh8E0UGN4sSJA990yNvlMIFnz55hydhzpkyZvK34Io7FIAsZPXq0TMlLliwZJKZKlSrUh13Shc/OcTh+/HiePHk4AbWvXLny/v37zTsndMTBgwdlhCMeXwuxuuDNmzft2rXjyjhrWXVbX9StW5eL4xMIYO3bt//11189PT19fHwIDGnSpKF85MiR6lQzwB5oiM8mxObsgd1mzZpxfRyO7ozz3bt3tCkXr1atmpXj8z+LS5cuyew4hDB8+HBVahF4dsI/LFDoiIbkyZOLtM+ePQu7QviQYHXMdF8hdsSPHj16qGs5GlSSp6ButGyQIck6AsYgfT+wLmv6XVCS3r17m8T595oClDx48ACBI0+0lEIeR84UkCMJ33X4K+y7d+9WNX0iG1FbP05TB/aAX5PRZwkTJjTvmfmWAV3IbPriCD7IdsYQPrB27VpUGWB7DumkgfKKQ0+bNu2ePXtwuAsWLMAFR4sWLcjXeAFEYcyYMbFjx8b5lihRQt8ZOkFAkk02w43QIlWkH3hSsj14UoUKFXQPk8IeyMZOnjwJP1Olpu98ZsyYkSRs3rx5qsgMsAfYzPLly9W+GYKwB5lzMXDgQDmqI4YNG8aVXVxcIDrWdOp+CTwI+hPDNF8MxmzlyAOuhgbOmDGjcePG2heVYL0QIIIEKF68eJAXRuZA4OpCDsXFixdlmCePIB/Qtx1Wr14tHYeo/Q1LJ+fj3ol0JhF+BwUkV5Ty58+fy2vNINNqpM+DTNLOEyuC4KPp0yfCNevVq2dN15dAB/YANm3ahI+jTtWrVzcmF6BbqAtGC9/ESxodD18HHlCCd/r06cn1NVO0J7Zt20Z7AVIKGExgYGD//v0xeByN+UfbP3z4gPnh+gm6hQoVsqmq37p1q2LFioiFPOnJkyeqVD/gSqZNm0Ygh7eNGDFC30gp7EE+DWUOb29vIoTF7CFZsmTr169n10bs4cKFC9wCV1ajRo07d+6oUr2Bdkk4Qd9atGhhPXVDLWHAhw4dImOR3NccZcqUQavHjRvn5+dH8i2OWgB9UZdwHJ49e9apUyeRBpVUpTYDsqpduzb3Qu3RolfBPqwfQsBy5MV0/PjxaVApxHfJ0iyQNqFB6O3SpUuTJk2Kx2jZsqWNOilDCFRaRvFny5ZNl1d++rAHhKJ9SMboqCcEpkqVCgWF38lsYANfh5eXlzBi4qVDXn69e/dOQjVYtmzZw4cPcWrt27enEd3d3cU73L17lyQP5xs9evRKlSppi5jZAjidQYMGSX2Il7ZjVPL6NkmSJFu3btXLbBEm0ZfLfok90NYrVqxQRWb4CnvA8dm674FqT5w4kcZNmTKl7lPQg4AGlXdSCRMmpH31kjx0luglAwg07N69e82aNW1MQMKq1DTuYcCAAeqXDoK5nkN97DOknWilGfvgwYMtJhDSTYUYa9asee3atXv37vE4ECBxZWTUkH6ZMMVulixZbNGVFXJAF2SiLyZG2kBV1QEroA97wBj2798vr5RSpEjhJKvQOAQYcLt27SJHjoxfcKoJUc4M0n1tEtSiRYtUqR2B+967dy/BiQpg7XXq1CHOjR07Nrbp64gLFiwgK23QoAEZEmjSpIntElMB1kQSTGXy589vUwLKM5qk/l3Tpk0tdqNBgPmXKFECr4qgVNEnCHtAqp/lXsQ2pP3rr79CETZv3jx58uQJnyDrJ9qUPcCfqBvVbtGihSqyJYgu8i68fPny586dU6V6wMfHp0OHDsG/C+ri4oKESYt5wK5duxLY7BOtv4IrV65oww/37Nljn35Hc2OnuadMmaIOhBJwMjFSvH3u3Lnd3NxQ3S1btsgs9OrVq0PXhDoUKFDA19fXPk/3Wbx8+ZL68LBRokTp2LGjXm8q9WEPAEWcOXOmLKNRv379b/Zl/+rVq+PHj4/StG7dWhUZCAEIz0WLFkV58OAOYZ8fPnzYsWOHLOL7/fffZ8qUie1IkSJhcunTp6du8roUf2Hr0Z1QExFFvHjxFi9ebNOUBd5Wr1497oXlDhkyRBcHd/LkSZzpDz/8MHXqVFX0CcIe4saNq90IV75hwwby76FDh2I4SJ7UGc9OEoLkqZg5EMj48ePfvn2rO3vAn8pMBFy/vgNUv4R379516dLF9Fh/v1zQt5W5OKLu2bMnMUNAJFuyZMmJEyfOnz/vPGPbqaFIIG/evPbspsXYly1bJp00GTNm3LhxozoQGmA7c+bMEbegIWvWrBIENWTIkAFK4diOh9mzZ2N0mCQsXMeRJbqxB4BSksEQOKNFi+bp6elAquUo+Pv7yyp4OXPmNN5ZhApY17Rp0zBFYkaFChVu376tDtgRMGDytl69epFMUA3JGzSwGyNGjKtXr+rS6fclYDVkMKQI3A6nb2s5cLtTp06J0uJfTp8+bb3ZvnnzpmrVqrgqsjrIAUCw+OvHjx937tz57/Gxpg8cwwAgSZkzZyYFB9Lfq4HHpwkgE1xHunwAJRCIvn37yjpyerEH6obuRY8enesTD1SpjYGcaVwSLZ6Ux+zTpw+CUsd0Ag2BzAVWrnCgO3jY0aNHS6BFAnXr1n2m69dh/hVwUPSHUMXdCxUqZNmka1jaxYsXGzVqhHKiqLSjSXn/HyQbK1as4DT1A7uDx1ywYAGchsokTJhQ36FaerIHAK/Jly8f7eEMhMvOoGFy5crFs+OG/Pz8VKmBEIOcu3LlynjwmDFjjho1ShuLZE/g01FavO2gQYNKliyZKFEimd6GdyhcuLAd1ho5c+ZMjhw50CLC6v79+62P5f8KbrF69erkyZPzmOnTp7f+QwB79+7NlCkT7VipUqUJEyb8/PPPZcuWleGZFP7tU009xoDHlF2A1bi4uGglJKNEF2I5LgW6BrAvkhN8tPZDvdgDMsfv08Rt27a1c17u6+tbsGBBHid+/PiLFy92+KsE+wATmz59OmyVRoSpY1kH9fsmVsiBanFrhA8aNmyI/7HM3Gg19JO8YubMmWi+tgiHq6vrsGHDdCeFIQePM378eHSbB6Qy+/btUwd0gs7sAezatUsmcJYoUQLbcKDs7ImXL1+2Mn2UjxSqa9eu1k+G+TaBAcva5wSSpUuXOpx9+vj4LF++vEmTJrTp7t27SVLVAdsgICBAVjIg1pIxqFK7YMiQIdyUW5PWW/ktLjhWunTpuFRwkP3IZEVB9uzZGzRogHiBp6fn2rVrycUlHy1SpIh0sUIir1y5QoAHkydPFjIn0IU9cBd5BV6gQAFuoUrtiPXr10PaqEDOnDl37txpax1zODDqw4cPy4QFAlu9evV0nzAccqDqsmo7gJtaPxQadUVLRaXXrFmjSh2EAwcOwLZ5NCIyaqa7O9WfPYDZs2fjJqg0DeM879hsCigeyROPjA8yOh6sAQRZBlKRkzlqAqdD8Pr1a9J0mVLl7u6uSu2FJ0+eyPsL0LhxY2u+mvvq1StZcEkDTVm9evWxY8euXLlyzpw5bqZPhgIKT506pTUxvhuHK5MRQI0aNXr06NGuXbsyZcrAKUGQkYDWswces0WLFnjY5MmTL1u2TPe1p0KIDRs2SKd3rly50P/wnXHhHqGG0oJZsmTRd8SoBTh79qz2QaWGDRvaaN1YO4P0ddasWTJ+M0OGDERkWwRim7AH6PO8efMSJUpE1bt06RLuA8D27dvFryVLlozs4b2Tffc2bAGCTA6aJEkS5JkpUyaHOxe7Ac2RBfM7derkkGwMNyofgYwaNSqZkzW96FiEi4sLlwIE5hkzZpgPo758+bJk29yIJoZqjB49GiaRI0cOLCj4VwM+C0iGNR/4EaxYscLV1RX2AEdx4MtpdB4mJM+VJk0ah0w7sg8gRjIwGXTu3NkhnT1BQJWoRvPmzWUdl9y5c2/ZskUdC5t48+bNyJEjpQ8P9d66dauNdNsm7AE8fvy4bdu2ESNGjBIlyk8//eQoUm9rQIx8fHxwhfLOYubMmd/ImxqbAmc6fvx4jBmpEs/CfV8Oz7t37155DUyi4Ovrqw7YHfIdZ3woAbVx48YWL27DE5HWk9LJUEQIQWwzxIoVy3x8Ga2sDYngfNpdQ8yYMRMkSEAe4ubmNmzYMFgIzIO8Crx+/doaW6OGmzZtSp06NXcP8iE0h4AnGjBgAJKhPlDnI0eOUEN1LLzgwoULKBUNDUiLnSfLx41fvXq1Q4cOMogyXbp00F8HsklrQKgdN24cBoUJw+Bt2pVlK/YAHj16VKtWLdwEHqFPnz52HlJrH+D0cUB4PTwd7PXb6Wa3A5YvX54qVSpkW6VKFfNPzoQz4KQIYzJxHALh2LVswaFDhwoXLozZotK//PKLNd/RwZHxOJkzZzbnChpg2ylSpIB5ayhduvSCBQuWmGH9+vW2mLuEnSJzGShasGBBO38f+StYtmwZbIlaEVxXrFhhvsh3WEdAQECXLl1odKgD+f2uXbvUAWcCcUrGPKZMmRLlP3v2rDoQRoC1jh49GgJE0l6zZs0DBw7YNCTZkD2AM2fOyFwREo7u3buHszEQW7duxeXxdD/++CN0z6afPPg2sWbNGglj7dq1e2y2YnS4wfv371evXi3vCyDZnp6e5KDqmONw+PDhAgUK4IOoEmZrZQw7duxYnTp1SpmhfPnyw4YNmzx58rZt23zMYDf/oM0xyZcvny2+8W0xSLGmTZuWxvTFCnxmv379wkGvLQHsxIkT9evXl8CcI0cO3Qf/64U//vjDw8NDEkL0H2Zp61VH9UJgYODu3bsbNWoUyfTddjc3Nxl0bFPYlj0A6E/ZsmV5HmLATz/9FG5CrJeXV7Zs2cTDQveMsQ62wF9//UX0QnkQcuvWrcOZkPGqO3bskFCBIpENOw+99vPzE94fP378kSNHWin5W7duYfga7ODXvoQnT57MmjVLpoTkzJlzz549TjhJEq2QhYwIt9WqVXOguHTBunXrEDWPA0i3ZLVQpwVheMOGDTLe8IcffihWrNj69esd/mLr68BvkF8hW3kDWLJkSft07dicPeAib9++3apVq8iRI/NsmTJlwkuG6WnN7969g+VlzpyZdpJRHQ5ZmeAbwdOnT7t164YZR4wYsWnTpog6fIwsIR7v3btX5h8SzGbMmOFsRnHhwgX4MUoeLVq0OnXqnDx5MqxLHl3q0aMHTBSuBmk7duyYc44tQM5wrGbNmn1vmqmfPXt2+ERY9JkfPnwYNWqUvIvBhCtVqoRS2bQvXRegFbDM2rVr43NoglixYpUvX37fvn1wCKcyASSJhF+/fl2zZk2qKvFo4cKFz58/t4+22Jw9CHjO2bNnyzoQZDOTJk1ycjb3JZAHNGrUCJPmQfCqUAfnN4awDpx+165dZf1vPOmWLVsCAgLCtNjv37/ftm1bTB2Dxyg8PDyck4D6+vpWqFBBJkHA+w8cOBB2VyM4f/589erVeRBAlnb69Gl1wFnx4MEDki4ZS5swYcJZs2bZ+usqOgLzfPz4MYqtLQml4+cV7ANUnfpnyJCBwCyPAJ/w9vZ2ktGUL168OHz4cL9+/WRxBMhZ0aJF169fb08LtRN7EMyfP1+6sGCj/fv3t+lXCm2BEydOFClSRKgDadnw4cPD6LjcMAdSgUWLFqVIkQLJ44/q169PcqaOhSmQu5B+QUB5EBQpV65cGzZscIaxDl8C1K13797yMjVfvnzTpk27ceOGOhZGgHh37dolS0LJUxw6dCissM8ZM2bIKyRXV9eyZcuSg4WJ4edr165t2LChdK2RvjtqErL1OHv2bJcuXWJ/+pgFvHPQoEEOf/lC+jF48GBSKakVEpa1GdVhe8Gu7AGL9fHxQatkKmrlypVRMnXMufHHH39s3bq1TJkyUDxqTh62efNmY6yDnaF91A7gSRcuXKgOhB2sW7cOAhrDtN4iaQ3ZvDrgxCBckeLIMEMst3z58v7+/uqY0+PRo0dUHlHjYeGdPXr0OHnyZBh6C/Dnn39CfUqVKmXSejV6zJlHQjx+/HjOnDnaV8Lhan369AnTQ55fvXqF56lQoYI8EYCJuru7E7zsP1Dp2rVrAwcOrFixYvz48aUyiJpUHK1WZ9gRdmUPgNwLZwRvkpnNiKBp06Y4I6d9pYr1Hj16tGbNmrKqDD6oXLly3t7eYbcLN+yCtvDz86tbt24E05cOCAY///wz4cH580hqePv27b59+8rLOzgQJmCfbznqgjdv3uzfv79QoUKIHWTJksXDw8PJp9HiUp48eaK9eYkePfrGjRtfv36tDocd8CCIulu3blAHhB8lSpRUqVINGDDAqcYAoeFv375dvHhxsWLFoJiiJ9WrVyd3d54Jsdbgzp072CyWy3OhTgQCghfaNWHCBNJIXJPtvBBX5vqIEZZA00eOHPlv1mDqjurZs+e5c+cc9d7T3uxBgNIvXboU0oQgaAycEbbx4MEDpwrJNNjTp0+JT7KECNQhadKkQ4YMeffunfOHq3AM2mX06NEShqERpJX79u17/vy5Oux8IGLt2bOH0EttQfbs2ZctW+a0dPlLQOdxoHXq1JGOEx6kdevWFy9edMIphR8/frx///7IkSPFcvmfOnXq7du3h2mzRWH++OMP5C9pDPInSI8fP/7GjRsObwI0HGbWqlUrYqoEVxcXF6iDQz61bzvQBAcOHChVqpTWA8rD0hCxY8fmYdeuXcvz6uuIoL83b95csmSJkGDuJfclcSpQoMCOHTsc60Ycwx4Ep06dcnd3l0EfqF3RokWnT59OQkZ4UGc4DtDJFStW1KpVS+YoR40alW0qrA4bcDQ2bNiQP39+kyn9bcNNmjTZvXu3E449vHLlSo8ePeTLHdh85cqVw7RLvXfvnqenp7YKdZo0aeDTx44dc578kmg6ZcoU7Zsd2G/Xrl3DzWpj+CViBhxCOlQAGTBNsHPnToeMh4Co+fr6du/eXRsZkChRopo1a4aVV9KW4fTp002bNi1fvrz21IJUqVI1atRo0aJF69atO378+NmzZy0gE4gUUr5mzRquU6NGDY2pgIgRI2bLlo3WX7x4sTNQ4f/wp6rmCCBcnD6RAG378OEDpp4vX76OHTvyX4bI2R8Y4YULF9avX7906VKoHyW4yIYNG5JpySoiBpwB6O2ZM2fmzZuHmREbKEmZMuVPP/3k5uYmk2nlNEcBL3/06FEfHx+SFW9vb0w9bdq0nTp1goNqr4TDKEh3Fi5ciM3K+k7kwXg0xN6lSxchSY7CuXPnkDmWu337dikhxPbr169FixbmLjgcAAIKXVi1atWePXukJHny5CVKlMBtElrkGzG2xqNHj86fP7958+ZDhw6dPHmSEjQBQt+8efP69esHCavhEjBpgtfTp09hCagcG+rAd9/FihULe0f9iB2urq45cuSQrz59CS9evICEyTbsgQueOHECRi4lgtKlS9O+VapUyZ07t8YdHQsHswcBQRpF7NChg3waOHHixBgD/ggtzJIli3SF2RrclxQKY4Daw2nkW+/cum3btlQsffr00mFrwKnw+vVrf39/gtmkSZNorzhx4mCleM/evXuTGdhHc4IARcL4J06cuG/fPnkZFzlyZDKSHj164FCimL6CHdYBgQgICFi9evWwYcMku+IZ8WvlypXDcitWrGhPyVOZw4cPHzx4EOO9dOnSy5cvKaQClStX7tu3b65cuZzE1eoOfNSRI0fGjBkjH4KhhOyLcJU3b96CBQvGixevSJEi0rOrI4htIm0CJ6ZHHShE2pkyZeratWvZsmVhkNqL+W8E8Ia7d+/C5KDUtAiOSB34BBcXl68rIcnG48eP1c4nIFV+1aBBA3xa0aJFSYrix48f3fQlZyeBU7AHQDXwR4sWLSKbvH37NtKEyUaKFCl79uy4JJQya9as8FkK1Q/0AJ793bt33MvLy2vlypW4e7YxDw5hhxCX4cOHFytW7FszhjAH2vHhw4cQCNrxypUrWK+MLGvfvj25/r+arvVAZ9AcdAnfsXjxYhyrDMamGihSnz59OnbsGP606M8//3z79q23tzcBDMLE43///fcRIkQoVKhQkyZNSJWgcTJXXncgWwQeGBhI0yNbEnGagPrgH6JGjUpyNnToUBI1ttUPwilQdcRO0FqzZg26h0AAUQc58L9kyZKSp7Zq1QpfSuBBCSlXPw4BEKkoNvaFe+T/7NmzuYVIWzQcTtymTZvGjRvDV1AA9ctvDwgEbXzx4gXJzL179yATOAFkhZREjGyoU78AWg15IkOaLEWKFF26dIEBy5dBpEHVeU4DB3fwakA0MCxSRhzBgAEDoAuJEycmqzh69Cj5TYkSJUqVKrVgwYKtW7firSB6NIb6ZSiBvT169OjMmTO7du0i3rRo0SJnzpxNmzbdsmXLmzdvqEbGjBlJW2fNmsWtqYZBHZwfeMaUKVOOHz+eyK2KDBgwYMCALeEsfQ9BAGXz8fE5duzY8ePHL168KP1jglixYhUvXjxdunTyKgFCnSlTJgphZwT+ID11T548uXz5MkwZZkBWChmEkVy7du3q1av8/+OPP9R5332XNGlSaAR0gZQFGKQhjAI6SIvDLx88eMAuWuHu7u7m5oZixI4dO0GCBLLWiC5Ar27duvX06dMTJ07ANUn+bt68SblQ4YIFC0J5JSeT88MrXr16tXnz5qVLlyIH7e0vkvf09MyQIQMWivAxUl2SJyz69u3bNC7OAcZ/9uxZKSdpS5MmDfYLqlatKoXfFN6+fUtytXHjxlOnTl26dCmIY8+ePTtiwbNpvUEy5U22gwA1RrfZuH//PnI+fPgwNiWHBKh0qlSpUHJccZMmTRw73sVp8eHDhzVr1rBB/EKMIlLw8uXLFy9epE6d+tmzZ+it9jIiefLk+fPnd3V1rVy5spQ4OZyUPQjgEAEBAUQCLy8vX19fGuD169fq2CdgAIhbunfYgEaoAyZAGrgCjOG96cWSOV0A/CRPnjwQERx97ty5sQFjXGQ4ABH99OnTCxcu3LlzJy5VCgljODsCDBQTwCRwfEQ4ORpCYCzwTlwq2/w/d+4cOsntzNlttmzZatSokStXrpIlS4Z73mAODG3Hjh0zZ84k0uAcVakp0iB8iBTyr1atGlFHHQgNcAJkEVwZgcNRZLkkOYQVc31IQ9OmTRG7jd6VhCHgKuEQhPznz58jsS910+L6vvQSHSF/6VfFihXDzVavXj1v3rzp06cPrQUZAA8fPrx37x5MDh5MwIprWsw7LMKp2YOAGqLK7969O3PmjLe3Nyaxd+9e5A6V49CfpmU61Kn/BjyLvEMqVKiQ0PCff/6Z/xBAw+mEMxBvyMDIw9AZaIQqNaObsEZMt0CBAuwS1QhOxCQYJNEuUqRIMAxO9vf3J7HmOvJbnDJpGSVsk0CQB2vmA2koV66cvOwnz/s21QmaTriCRvB/0aJFx48fN3cvMWLEQDLabE8gyZYsgx0c69at02IYdOTRo0dc2XwgOg1H8zVv3jxFihSQEvkakwFA1guphTojNCSGJKV8w4YNQTKofwUUAZ6BeIsUKcJu2rRpY8aMGc7msBiwDGGAPQSBVBjbOHToEB6c/zAJOfSvqFKlCuGhcOHCRA4nHIRiQHfgRvGhR44cOXDgwPLlyx8/fkyEk0NEJqikDFMiCeNM+CjMkkJ0Q0IaJXBTDslPAgMD2eUo5ID/clrBggWHDx+eJk0aGImth2eGFcDpf//99/v37yPz/fv3nz59Wli+1nkrQNrIHzGq/X+CsGfunUTa/IT26tatW7t27djg51DAL13BAECGGuViAz6xevVq2cUEyMRu3LghuxqaNWsGRWADNpwzZ06EjNjD/RBUA6FF2GMPBgxYBqLXsWPHLly4ILuLFy8mmBHkpC9BQI4LRVA7n4D3jB8/Pswgbty4cAu2ycPIofGw9erV4wQjen0FeJjLly9D4Pz9/b29vZ88efLu3Ts59Pz5c+3VUhCItDXBImrS31q1asHVsmbNaghcF3zF+RsSNvCvMNiDgW8aJF7Xr19XO999B7eQYQ3miBcvXt68eRMlSkTcIglTpQYswokTJ549eybbZ8+eJRWW7SBInDhxlixZtBmAKVOmzJgxoxHSDBhwHhjswYABAwYMGDAQOjjLeg8GDBgwYMCAgbACgz0YMGDAgAEDBkIHgz0YMGDAgAEDBkIHgz0YMGDAgAEDBkIHgz0Y+BZx8ODB/5iQLl06VWTAvvD09JQmCAJapGPHjv7+/uo8AzYDQp45c2aFChXixYunpP+f/7CL/DEQdZIBq4FIlXD/CcTOoQEDBmzbtk2dGrbwPwMGvj24u7srA/juu9OnT6tSA3bE6NGjVQN8AcuXL1enGtAbT58+NTeBz2LGjBnqbAPWwc3NTcn0y4gbNy4WoX4QRmDM2DTwzeHZs2fp06fXvsWAG502bZpsG7AbPD09+/Tpw0YQGrF69eoTJ07I9tatWytVqiTbBvTCmTNnSpUqpel//fr1c+fOLdvAz89v586dHKVdevfurUoNWIEKFSp4eXmlTZu2Xbt2qugTvL29jx8/rrVF3rx5d+zYYb6au1NDSIQBA98OSGpF+SUngPWrAwbsCI00qH0zaA2EM1VFBnTC6dOntc8ywZtv3LihDpjh6dOnM0xQ+wasg/gZ/qv9fwJpo/Bao6DzlKhjzg1j3IOBbw4LFizgP6lAixYt2ID4r1ixwnTEgFOgQYMG+FA2tE4IA7rA399f63UgYk2bNi1NmjRyyBzkvu1NUPsGbAmkjcJfu3ZN0/lBgwbJISeHwR4MfFvAgXp5ebHRrl27cuXKSeGGDRtkw4CTIMx03oYpdOzYUajDjBkziFhSaMAZgMLv2LFDeiCmT58eJkYNG+zBwLeFXbt2yUadOnWwWBk7tnLlSmOQv4HwjTNnzghvdnNzM/oVnBC4o759+8r23LlzZcOZYbAHA98WxowZw/+8efNKn22VKlVMxf/PKgw4A+TTZSEZrG4ghJg5c6ZsDBw4UDYMOBtat24tG+QzsuHMMNiDgW8IpF83btxgo02bNlJSqVIl6S0UVmHAGeDp6SnNZMQ5HbFz507+o+1FixaVEgPOBhcXF2HMov9ODoM9GPiGoKVfderUkQ0gLy8wV7iFlBhwFA4ePNigQQOZybl8+XIjzukICUj58+eXXQPOiTx58siG8y/YZbAHA98QZG5F/fr1zQfl1atXTzY0bmHAnlAL75lQrFixlStXkn4dOHDAGNanI7RQVLp0adkw4JyIHTu22nJ6GOzBwLcCqIMMOK9Ro4aUCHLmzJk2bVo2jHmbTgIvL68WLVoYzWHAgDPDYA8GvhXItMy4ceMGT2plDTi4RVhdcD4s48AnbN26dfTo0e7u7rTRjRs3GjZsWKFCBXWSAQMGnAwGezDwTcDf31+GMX+2P1wbBrFo0SLZMGA3FP2ESpUq9e7de9q0adeuXZPBKF5eXp6ennKaAV1w69YttWXAKeHn5ycbmTNnlg2nhcEeDHwT0CZkTp8+Xb1jN4O8uQAwjGfPnsm2AUfBxcVl2LBh0igeHh5SaMAaQM5kw9fXVzYMOCdkfVWU33xslnPCYA8GvgmEfELmmjVr1JYBxwHXWb9+fTZevHhhfC1aF2gLIRsLozkttCnl5cuXlxJnhsEeDIR/aDbp7u6u3rF/DnLynDlzZMOAYxGGBp+HCdStW1c2DH7stBg1apRsNGrUSDacGQZ7MBD+sWrVKtlo3769vGL/LCTZJTkzFn5wBmhv6GPGjCkbBqyBNrinT58+hoY7IVasWCFjs9zc3HBHUujMMNiDgfCP6dOn8z9t2rQ5c+aUks+iWbNmsqGxDQOOwrNnz2TGZty4cb/eagZCiDRp0mhfRa9du7bx/sKpgLY3bNiQDRR+2rRpUujkMNiDgXCObdu2yTIPMi3zK9BWrRa2YcBRgDpUqFBBWk37bpAB69G7d28Z/XDjxg02vrSiBvL39PQ0Fk+zD6BxHTt21KjD3r17P/vZdCfEf/73v/+pTQMGwiMaNGgg/YF4zH81ywEDBowcOZKNrVu3Qiak0IAtQHySFam1hFhw69YtoppQByLcjh07nH/weRiCMDMZ2A/Spk1bv3792LFjFy5c+MKFC69evfLz8xN7oV1gG3KaAWuAwL28vBB1kAQGae/cudO8LdauXRuWetpgDwYMhFc8ffpU9Jw4pIq+itOnT8v5uFRVZMA2CEIagsPNzY3mU2cb0BUIX7rZvgSOQqDV2Qasw79+KhZp9+/fP8xpu/HmwkB4hja8XPuo5tcB8ZeuXWPhB0eBDEymxhi9DrZD7969r127NmPGDFgyAlelJpJNyfLlyzlq9L3ZGubSHjFiRJjTduPNhQEDBgwYMGAgdDD6HgwYMGDAgAEDoYPBHgwYMGDAgAEDoYPBHgwYMGDAgAEDoYPBHgwYMGDAgAEDocF33/0fod9Ef3LvewgAAAAASUVORK5CYII=</file>
<file name="18.PNG" path="/" encoding="base64">iVBORw0KGgoAAAANSUhEUgAAAr8AAACRCAIAAABFQkfWAAAAAXNSR0IArs4c6QAAAARnQU1BAACxjwv8YQUAAAAJcEhZcwAADsMAAA7DAcdvqGQAAIFJSURBVHhe7Z0FeBXH18ZbKO4EgjuB4O6uwd3dHYq7a3Ap7u7uGgge3J0gwYJDCMXa//frPcN+twnQ5HrCvs+TPLuze3dnzxx5z+zszK//+9//ftGhQ4cOHTp0mAfiqb+//+fPn//66y92Hz58uH79ejbYnTlzZoBomyhRohIlSkSPHj1atGhsJEmS5LfffosQIUL48OHDhg2rTnJg6OxBhw4dOnToMAUE0BcvXsASnj9/zu67d+/mz5/v5eXl6+srJwQL6dKlK1iwYP78+WES7KZMmTJu3LhRo0aVo44GnT3o0KFDhw4dwcaVK1fOnDmza9euEydO3LhxQ5X+GzFixPj8+XPs2LGhAqro3/j7779v3rz5TbZRvHjxHDlylC9fPnfu3JEiRVKlDgOdPejQoUPHTwdiXsKECcOECRMvXrw4ceKoUh1BwMePH5ctW3by5MmzZ8/euXPn6dOn6sBXZMyYMX369FWqVAkfPnzkyJH/+uuvqFGjOjs7//rrr+oMI8Aenjx58vr164cPH8pljYMyV0iVKlXq1KmrV6+eOHHiEiVKqAMOAJ096NChQ0doAzGJoPXly5fjx4+fOnVKCik5ePAgGTPbfn5+4cKFY+M3AwzH/3kTX6RIEeJcq1atKCTayX85+pMDkX769GndunUbNmzYvXv3n3/+iXgNwvsNEpYsWbKOHTuWKVOG7YgGRI8ePVii+/z5Mxzi/fv3V69e9fDwWLt2ra+vrzQi/7ka7VWwYMECBQo0bNiQNuJG6pd2QshjD7Tfixcv2PD393/79q0Ufg8xY8aUDh/+sy2FOnQAvOeHDx+wQDRKFf0bESJEiBEjRogYvhRCgfzfvHmDU1b7v/wSP358PVaZA8LP8+fPCTbnz58nAm3evJm8Vh0z4D8dvsg/SpQohQsXTpIkSY0aNeLEiYMhOPILeBvg1atX+/btc3d3P3PmDDLELSAQQnijRo1gDOnSpeMcRGcp7eUWANd0+PDh1atX79mzB7Iibze4RaZMmbp165Y/f34oi1BAuyBksAdM4ubNmzdu3MDX0IpHjx6l8O7du3C0H9c/S5YssGk2+J81a1baGJPQ48FPi/v372OBkE6U5+LFi48ePSJFEDIaGDhN9Cdy5MjJkyd3cnKKHTs2G7rymIbTp09rLOHcuXOkWWwQ2GgFjb3hFt3c3ETCCDxVqlQ5c+aUQzp+jMePH1+7dg1/eOHCBeLNu3fv7t27p44ZXr2nSZOGDSScNGlSVJqj5Ljw48yZM2MOd+7c0Vrh1q1b+FjZFhCfCFdFixalRXLkyJE6dWpaRx37CUD08fLyWrNmzbx586QkW7ZsBJTWrVsjE9swqpMnTz548GDOnDk4Lmk7CtOnT9+uXbtSpUq5uLhYirUECw7NHp4+fQqDPnv2LK7n9u3bEIj/7Gz4MdKmTVuwYEHcE7ZUrFgxLOe3r112OkIliFiXLl3C3ohYPj4+WCBKhRZR8r0uhwAIEyYMDhd3GStWLNgDfAK+Hy9ePDZwvuokHd8BdJ94Rgbs6empsQeM+suXL7L9PcDVUqRIQaxiO378+FD/KlWq2MVFOjjwiuTEu3fvvnLlyvXr11WpAUSXlClTurq6QsII+ZQIe4gUKRI0mggEdc6QIUMAc8DTEi9puIMHD9J2nCnlAgIn18ybN6/4TzsmvjaACAGsX78egkWsRJiNGjUqXrw4+knMVufZBJgPHgz2cOLEiRUrVuDQqE/06NGxkcqVK9eoUUPyZFvC4dgD9fnrr7+OHDlCm+3duxciTBP6+/tzCNUXsI3uao2XJEmSIkWKRIkSRXb5yaFDhzRjWL16NcbABlcWsA1hJLMsVKgQegB/xKLs/g5Jh6UgrYyNnTlzZunSpSS4OEpc5J9//slRpUMGLcL2UBtSscKFC3/TD27ZsoWsjg1MVzSHn+B84Q358uXr0aMHUU1dTg9sBiAlZIXlDh8+3M/P7/Pnz0je19eXDU1E/ykujWeIzOUVMhwCm61bt26tWrWw3/+8SCjGP/r9v/8dPnx48uTJULHnz59LWoVAoFw4tA4dOrAdLVo01BtZab4x6KC9Xr58ie/Fdsi8N2zYQJvKfQEXpC3wut27d8+YMSPnh7K24Bk/fvzYsGFDQgmy/fDhA0pIkEawuXLlCh8+vDrPHqAyOKWNGzdOmzbN29ubqtLQefLkGTlyJDTRlg3hKOyBamADuJs9e/YMGjTo1atXcAicCO2Es+a/9BY4Ozu3aNGC88OGDauJiQ3j/mQuxW/VjmGgECUvXrw4cODA/v37ISUQC0wCSsEhSAO/hUMMHToUek4gsa9m6DAH8AP8HS6VhIzAj/6Q49LExB4ZwRAzZsx69epBN9ElTE5TIWP9MYYoz4MHDzZt2rRz505slRK8KvpD+W+//YYPhXmgP25ubrFixeKa6pc/GZA8Tg0TRuwzZswgl0XyiIhD0DIkQ64mrxETJkyII27evLn8MDBI8rZv384Gdjp37lyug6niGbiaWDpih/d369YtU6ZMOAda9ueh/uRRqB9+jOwTh0aEQyzwg3jx4hHL0W3pW7Vslyp2hNrTph4eHvv27fP09KRpqAlNA6WrU6cOfAWEGuVH2SBM48aNIxjx7CgYsiUPQW8RrC3D8w9Ai5AXLV68eNGiRfKxaPLkyVsbYLMRfg7BHu7evcvzjxo1CnuQEhopZcqUadOmzZAhg7xkKlCggBwyH+/evTt9+jTc7eHDhxcuXOA/JehE7dq14ZXZs2fnvwlsXYcdQTjHqZEo7N69++zZs9g8RDNu3LioENShVKlS5cqVs4hRwWvXrFlz5swZNkj7tL7i9OnT40DLli2bIEGCUN+jawySVIwIP4tNbd68Wfr8kDksIUKECFiui4tLrVq18uXLZ5rbhffDSIhbNPGjR49IBOFw0o2ULl06/EOzZs3y5s0LQZHzQyt4cFjsvHnzVq5ciRwowUmiaegbzLVly5bENjnTqiBoofwwiV27dkHypCaAoAV3gSASa6UkhAJy5u7uPnPmTDgEEoahdu3atWbNmg77mhK23adPH3IbEid2e/ToQSCTV37Whp3Zw7Nnz4jieAccsbxgw+njiMuXL581a9Y8efJYlc9iCfAVvN6xY8f27t0Lh6AQBkekqVKlCnoDs5YzdTgsnj59SuiiBfGqMv5RxnZVrlw5adKkuXPntl5nEiENXLt2jeT44MGDxFGiZurUqUuUKNGpU6fEiROr80IviGfr1q0jAbp16xbhjayXQI7xxokTB9IQKVIk/seOHVudbR4Q782bN3Hu586dw2lcunRJhqDTyhhssWLFChUqRCiVk0MZCAyzZ8/etm0baiYemwynRo0axYsXR9/s8jXZ8+fP9+/fv379ejwn25RQE5q+UqVKMEWaXk4LWcCWR48evWHDBgQOdejYsWPdunURtTrsqIBMw3imTJmCI4KjY4Pjx4+nFdRh6wFdtBeI3Dh3UX1cfOPGjceNG3fixAl5l2MzfPjw4eHDh4cPHx42bFiyZMlELGwQfshi1Uk6HBKEkDp16sSNG1daDTsfMWIEudGTJ0/UGVYGqfbjx4+h/xMmTIC1SDXChAlToECB6dOn41XVeaEOPFrfvn2zZ8+u5Zo8Pj6LAK/OsCYQOEGradOm0DVujaOPFy9ezpw527dvL29MQg14HLL8atWqaZ0rsLHBgwcT5/42jMWxLyBwcBqtYzhcuHBkX3hymfIoZAHVJV+VBwFr1qyBEKtjDg/oDkyuQoUKNAHmAGvv16/fq1ev1GHrwA7sgYyfLH/q1KnwBvxslChRUL67d+++f/8eX6xOsgc+fvwId8Ppk83QBtTN1dUVQidjvtRJOhwANMejR49atWpF8CDfpbFIOrt27Xrjxg17qRD3RXlw9FB+FJsMIGLEiFmyZFmwYAE2HJr0B+NduHAhjyZvZ7BfHnnevHk+Pj62FD6xE4/x8uXLkSNHxokTh2pgsPjNDBkyeHl5+fv7O0JwNROIeuPGjVGjRuXR0PMiRYp4eHigTjLcwUGAP/fz8/P09OzRoweaTz0BhH727NnkxOokhwdVLVmyJGYrbyswZJ5LHQshkMA6atQoFAbDJCHv0KGDDBiyEmzNHjD4LVu21KpVK3LkyLQTvGHx4sVWfUITcOvWrW7dumnfdKBMc+fOffbsmTqsw34gPnl7e8+fP19eaUWIECFt2rTt2rW7cuWKOsMBcP78eRw9IU30J2/evIsWLYLuqMMhFnjYq1evtm7dWkYwyIjR1atXq8P2A1xh+fLl5cqVk3f/pOnNmjUj0Ibcfgj0/PLly/hJnCRPFCNGjJo1ax4+fNjBKRGaX7ZsWXltQQzr27cvnNLBwzDVw+F37twZAoq0GzVqZLOeS2uAx1m3bl3q1KlhD9hp+/btrdeXb1P2cO/evS5dushMIySLuKGLFy+qYw4G/A622rhxY4kBxKq2bduS2qrDOuwBGmX37t3FixfHPWEYadKkoVGOHTtmr/6GHwBCvHTp0tKlS8uoC7gy8SxEEwiy/MmTJ+fKlUviGcKfMWOGQ/F++P24ceNy585N9QAeZsSIESExEnz48GHJkiXZsmXjKcKECUP2MmbMmJDyILdv3+7Vq5esCAXpadKkyaVLl9Qxh8TZs2fh+gaV+aV58+YhmjoI0J+DBw/K66Rw4cJVqlTJSk1gO/Zw//79ypUr4/TJDOB327Ztc/xsnhrOnTtXJrwjrcmXL9/evXtDQY9oCAUZfIYMGQxm/s8sokeOHPH19VXHHBI3b96cMGGCzGILgShWrNjQoUNDov6cOnXKzc1NxpdgwiVLljx69KgD9ksj2xMnThADJEWBuuFz9u/frw6HEMyfP18bcluzZs2TJ0++e/dOHQsJeP36taenJ3SZ+pN3EcZ27NihjjkYrl+/ro0uRG1CQQehhk2bNonBRogQoWLFiqTu6oDlYAv28Ndff61evRq/HzZsWJQJB/rmzRsH787SQF4LG4X7S8pFe0DrQtnILMfH58+fe/bsCe8kdCVPnrxVq1Y2HlprMj5+/Ijduru7p0iRgspHjRq1f//+IWgYBFWlwvItA3lwxowZFy5c6MijQSEQb9++XbVqFXoidc6cOfPhw4dDhM0a6znUZ8CAAU+fPlXHQhoePHjQsGFDfD6tkChRomnTpjlaE+Db27Rpg4YAmP21a9fUgVABno4UnaSFpyN4dejQ4b1hlhoLwursAY3ZuHGjTKKZKlWqwYMHh8TcC+4/YsQIGV7O//Hjx7948UId02FNwDJ9fX379esnbyVJFFCnEKdCkhOTsuNMo0ePzuM8fPjQ8Qk0YXjIkCHyXQNuqFGjRrdv3w4RwqeSV65cyZMnj7yDx4Fis9ZIvywIUva+ffui51CHtGnThkQ9DwBSeQiEjK4l75o6darjuE1ceu/evVEPvEqpUqVC5ed16M+ePXvy5s2L/FGqWbNmWZZAWJ09rF27VnrhcuXK5eXlFXLt4dWrV9OnT0+XLp1kkI0bNz537lxI6UEJuTh//nz16tXls9769esTdNWBEAiysVq1avEgoGzZspcvX1YHHBLe3t6DBg2SDwVz587t7u4e4j5A9ff3J5VPmDAhjyD5JeqkjjkY3rx5A3UQPU+TJs3mzZvVgRCOx48f9+rVK168eDyXs7Nz06ZNfXx81DH7gbx88eLFSZIkoVZZsmQJxV/m86QrV65MbVjlhARg5syZ6oAlYF32IP2HkrWcPn06FHT4HzhwoHXr1rQEgNM52tcioQw3b97E4yNq/M6wYcNCNHUQ4DoHDhwoQ3HJeEjl1QEHAxUrU6aMBLP8+fMfP35cHbA09u7dS6SUJX+sAaLyggULChcuTIpJElyuXDkHHKlNTrVz507p2kyWLNm2bdvUgVABUixCNUGapwN169aFRqtj9gD1QetkBFXKlCl3796tDjgM7t27N3fu3I4dO44fPx7rOHLkiDkDX96/fw+BkO7/tGnTHj16VB0wG9ZiD9jD2rVrU6RIAeXPmDHjhQsX1IGQD19f37Zt2/5q+GitQIECeveDlXDr1i3iFnIGRNwPHz6oAyEcf/7554oVK8gvea4iRYo44LsAqoSGhzUsJVOjRo3Lly9bqoZcB3z8+BH33aJFi8yZMydMmJDENEeOHNZz4tyOcAVXwxdBIIoWLUqottQTWQQ9evSQPBjqgBxCn0v5/PnzyZMnixcvzjNC49q0aWNH+RM+pTsc9SY8O1ROi1hIMNBVmTkjqmEFE3QDroOx5MuXr3fv3levXg2uhmACTZs2RfJcs2rVqpYaNGYV9kB7rFu3DkugeerUqXP+/HmHslXz8fTp03bt2kWIEIEHzJ49e+joVnEoYCHki4gXjbd7smJxYPxbtmwhcPKAOLL58+d/coyPTqkYXAHnhZdB8lAHS40VeP78OXGxqwF4xvDhwxPL8eAC5JAqVSqrvtmEtC1YsMDJyQkCETFiRByUI3zIQFg9ePBgggQJkAZ54datW0OZq9TAc5FPC2mmFSZPnmyXfMDPz08mFEYHyEkcqvOYGL9x48Yfr5OJYRJ3YN7BJRB4mGrVqnEFNA226u/vrw6YAauwhwsXLgi5S548+cuXL1Vp6IKvr2/r1q3xsDxmoUKF4LM6gbAI8DI3btyoV68egsWKoA6h4IXFN4EDlZlx48ePT2Cz++h6JH/x4sUyZcpQpdixY0MdLPWKGlpQsWJFLiugWRMlSpTRAOOlZEqUKGHVtn7//v2mTZuKFCmC2ZLVTZo0SR2wE3DoO3bsIK1EIK6urqFmrMMPcOvWLRmGEjdu3GXLltn+4yN3d3cZKVmrVq07d+6oUgcA4XzJkiWyKEysWLFg8CTexsiUKZPBSv4B9TdhfrwTJ05o74/WrFmjSs2A5dnD2rVrq1SpQv0QwaxZsxwkqbIGIBCtWrWSxihYsOCZM2fUAR1m4Nq1a1iOSLVnz56hlToAovWpU6cKFy7MkxJE27Vrpw7YCaQ+8o0+wMlacHRb2bJlJZ3CJ+TPn3/48OF4iUMGdOjQwTjTGjFihPqN1XDs2DFIGzdNnz79+vXr7Thrxd27d7XO/OnTp6vS0A6CggyihDbZeITHyZMnJXxCXnft2qVKHQCPHz/u37+/dIpgI2PGjAns97TxdgDtJb9SB4IM8lsEniJFCq7g4uJifi+XhdnD/fv3ZW6lmDFjDh06NNQPKoRA9OrVS/In6KH57aFDMxLCaiiY9+3HwJ5JCAoVKsTzkg3PmTNHHbAH+vXrJ/N/165d27KfV2TPnp3L4hyJHDdv3jTudJ0wYQKuEF8mc2olSJDABkJYt25dWMM8BNxu5cqVduk1hKsNGDBAptYmD379+rU6ENpBPjlv3jwhEDS6zSbwffPmTadOncIZgOQtPvmByaAmxA7RBHjk/PnzA79WmDlzpkgsbty40AtMhhRdHQsOuBdC4DroP6mvKjUVlmQPnz9/Hjt2LA4oUqRIUAfMQx0I1Xj69Gnz5s3DhAkTPnz4Nm3a6O8vTAaiW7BgQfTo0bGNIkWKnD59+mdgY4TSS5cukQdLNkxKZHsVEhIDCUaNa9SoQU5sWckLe6hcuXLgnmoZ+t6kSZMLFy7kyJEDIeTPn//q1atWbXoC2KJFiyJHjsyt+U/Oow7YEBs2bIgQIQIC79u3b2h9vfs9oAZDhgwhUtLcuXLlQv+D+xY/uECdtmzZItPGly5d2qGmSd25cyeioGKAoD5mzBhiCnj79i3pNxuzZ8+GOiArWb6rZMmSnJkxY0b1+2AC+l6wYEGulihRIm6tSk2CxdgDDojmSZMmDQ9Wvnx5VfpzYM+ePfLgCRMm3Lp1a6j5OsDGOHLkiAyqcnV1RYyq9OfAxIkTZXLlzJkz2/gDJULpvn37cEZInrt7eXmpA5YD7IEw2ahRI7VvhNSpU+MxO3bsyPb169clwSIXt3a3E0Y6a9Ys6TXMly+fjZewefToUezYsYkZhQsXdvw3nmjI7du34Ze7DTh+/Lj5iTvtW6pUKVQO+ZctW9bany6/efMG8sq9okaNirarUscAmTYVCwzEUr16dbXzyy9YypQpUzi/W7du4cKFw1WaPOxXVhkkye/du7c5q5BbjD08fvwY0sBDwmhu3bqlSn8arFq1Sj6Oz5kzZ0hc297uuHfvngyXIRe03ttQvN6BryDDVqUOAHKjqVOnyrz03bt3t2VuhLXKKkEpUqTYtGmTKrUoYA9RokQR3xcA+EQMZ968eWwjhJ49e1IT6mMDHyKzDUaIEAH6UqNGjVevXqkD1gdNTABImjQpwVgVORg+fvwIi4VgDR48GCkVLVqU2tI0IEGCBOvXr1fnmQHSaPIELhgjRgwUwKojKMlGhJjWqVMHJqFKHQPfYw/GcHZ21hIqhE+mQaZ66NAhKTEBVatW5bLp0qU7ePCgKgo+LMMeIKdt27aF1lEheI21u6EcE+PHj4dKR4wYsX379rb0RKEA6M+MGTOkJ3nQoEGq1NIgte3atSsOS1CoUCFMqH///itXrly7dq06yX4gGx4xYgQSwJn27dvXql33Gvz8/Bo3biySHzNmjCq1NGAPPBRyVvsGXLlyZezYsaTgeEaNtZw/f56a2IY9AG9vb1JS2AMMBselSq0Mcl+IGjetW7euI3w1GgDweHKhihUrkghJRhQY2I5Flm0UUXBB7NGqX2XLgqUZM2b08PBwtPCEXUgfTM2aNdlesWIFbqq2AZUqVfpH3L/8UqFCBY30PHz4EKHFiRNnw4YNUmIC8HjcNFKkSKNHjzY5V7EMe4C/yOQHbm5u1h4k/+XLF4INSSSGB06fPs3za6Am9lIOqgSBCBMmDE2yYMGCn5NCmYZHjx7lyJEDI8mUKZM1uqyJxMQqPAhayl1w3GR+/GcbtkdgI4b16NEDvVI/sBOwHXIj7Ij6oNiq1Jq4c+cOokAOEKmn1vlkFENA8tGjR1+8eLG/v78YbOnSpckFYS08LA1RvXr1+/fv00y3b9+mMjZjD+DIkSMSI9OnT3/s2DFVajU8e/asWbNmeAma2DHXyhk+fLj0gQlQjygGlChRAkohb+j5v3r1avMJLhbn7u4usbNPnz5W8plLly7FzJE5qYLdbTwwfH19xQahCy9fvkSqmMlrA3x8fIRAcMj4FUPatGlpEexI7Qcf6J44w8yZM5s8eZQF2ANRs2zZstQD8ztw4IAqtQ4Q7oQJE1q1apUmTRq0QYDyaUicODH0zfafEQvwxfLJCaLQl9EKOpo2bYrQokWLNmfOHIu3Hf7i8OHD+fPn5xZ4vVSpUrVr127mzJktWrRwcXGhUIA1kvrb3bls2bJF5krJkyePtbtYyTJldmTymD179qhSS+PixYvInLvEihUrYcKEYrD/SNwIlDRp0uT58+cdOnRg15bsAUyZMgXGz33btm1r1c4AMp+5c+fK4zds2NA23UvBwsePH2VmDihdkiRJ8GajRo3CKIjr1Ba4Gt41gJIlS1rkw5yrV69mzZqVCxLMrLFANpxYMhPLTtJsQZD6o/zUsFy5cpBLVWoANAJnxSF0xtgieBYKGzdurPaDDxoUUiUEYsyYMaaN1DaXPUCIpk2bRmIBf7fsChzfRM+ePQO7ngDAQ1nPFf4YHz58mDFjhrOzM5UcMGCAKtXxQxBd5Gul+vXrBzAe8wEXmTVrlnwNSKM0atRIW1KBxho4cKBBZRRgGI6witKQIUOwamLtpEmTAn+7ZSmQ2VStWpVYzr369etnvY+rt27dKgt8ayAy5c6du3LlyvXq1YO0SSH57uTJk2X0MeUW14QfAMZQs2ZNqYZVh+sSyeTzE7y/Y67MRP5TsGBBahg7duwFCxaoUiMYm4xFprci+UThYW+oYvPmzS3+zlemhyK5J1twzIwOckb8Rp7x48cPPIHVpk2bRNqzZ8+WElJooePly5d//PixFJqA+/fvlyhRguukSJHCtA8kzWUPp0+fzpYtG36ZJ8EfqVKrQcZIA27auXNnUlUN48aNk0Ogdu3a9uL1eL0aNWpQB7z/xo0bVamO7wPSgONwcXGxxggybE+WpEJzMFHj1yIkVbhIDiVKlKhVq1boMJFswoQJdv9kBh8nS3GS+Vnv/QWunwfnLsQzq35xYMweiJrkUlgrz/XgwQNCRfLkyeUQoKUkN7De2Jdvgjzs2LFjBQoU4NbkqVaaghCPRDw2POgv06dPt1f/6I8BiZSOZJrsm4OXFy5cKI8AunfvbhE3e+LECRmXgAIEGBxjJt68eSMToDk5Od28eVOVOh4OHjxokOgvpDoBRKqxByg+uzgHCJxw7ixZspjzrg3WMnXq1BgxYsDmr127pkqDA3PZw/Lly+PFi0f6Ypupu+RT1zJlypw5cybApyYPHz4U1wPI/u3FHsDRo0fxiVSGuGjHaoQIeHp6Jk2aNHz48F26dLHsBCFIHpOQLj5cIY5beytBtGjUqFHUqFGxnPbt2+O8xCZpMjJg0wzJsoB3wqhImEaMGGGN7y8QTt++ffEakSNHxoOoUutgy5YtyB/3vWHDhtu3b+PQNaO4detW4sSJ4XCk/lpiAGzMHsCXL1+mTZsG4//tt9969eqlSi0KnlpmAc+dO/fVq1dVqeOhR48e2OP32AMJq7QR6Natm0X8G4bZu3dvGZpQvXp1C458IiprHkAVOSQ09kCAC0Arz58/nytXLg5hsMS4pk2bytcJAImZ2d9/5MiRTJky4feKFi2qioIDs9gDKUt+wyqIPLOVBrwEwJQpU5DaN7WWACC9ggD52qAj5HugbmRXuCEr5dOhBmT5kvRDQC3rT4m4q1atQv74oyJFihjPb4j7g6nIuzZiM2FDdOnx48fEMAJq48aNTXsLaEG8f/++Y8eOaDKPYI2cidRfXgZXq1bN2g8rc1EnS5YssM2uXbsW6gBv2Lp167x586QrCNiePQAUAz9GVZG5NV5gERThagTmUaNGWSToWgkrVqyAVX+TPWCwaKO0EcDNWsrtX79+XeYNw2AnTJhgkcui2ARXGpTL2n1Nkx/j4sWL8s6OqDFkyBCEDFEgogEvLy95l4TBZsmSBfmgQrICJYWjR482R1boofTN0NwkUao0yPj/Ze6CC2584cIFGYeC25WHsTZIGbkRMiWDUUVfQaKmjeiBzK5Zs0a2bQ9qWKxYMfQAJdi0aZO/v786oOPfOHz4sMzcguPQ2s58fPz4EfbWvn175I+lwdbxeleuXLl06RJRE4eyePFiWAIppuTforrEMH6CDS9ZsoSKyaXshUiRIjVp0oQq8QgwZmxNHbAEkA+kFlGwXbt2bSQg5dbAy5cvZWwdITmwi6Cc/9GiRYP348WsXZkfI0mSJLVq1YoSJYqPj8/ChQtfvXqlDlgIaBekNlu2bJUrV7aNtzQNUjeqevv2bf7TgmfOnIFSgIkTJ/bo0UNOA2TJ8o2M+cDu3N3daX0JK+R+6oAZIEzIWlCxYsWScdkOCyw9d+7cbMB4oM4YS7ly5ciswIABA6BWHMJgIbURI0asUaPG8ePHiS8UXr582RxFpa0TJ07MNZEVXpGkRR0IIhCuaSAo1q9fnytkzpzZGl/ZfRNoFQ/8zdFtPHnXrl3loYgZxA91wB7ABkhhqUnSpElPnTqlSnUYwc/Pr0uXLoiIBj1oxowlgeHr66t9csbFU6dOXeArpHeKHFdGkqsffMXbt29JlFGePHnycBFVaifAj/v06UN6By227Jt4kmxJdHLmzGm9wZIClD9Xrly0wjcnk8C50xbanLuPHz8mOwf2yhSfPXsmTpxUzLIrXl69epWQgMdv27atKnJU7N+/X6Y9pcIwHhI2+Y4sMHicGTNmqJ+ZDewRC+WyKVKk2Lt3r/ndDzAbeZCWLVvafTDTf2LVqlXGL+++iQgRIjRs2NDb2xuSIYvjuLm5mbmaHflJypQpuRSaH9wuN9P7HqClGzduZAN7kEayL+CtWswgeN+4cUO27QLcZbdu3djAU6MW6K6U69Dw8OFD2C4bFStWlIWqLYUwYcLIak8AFb9169aRryCLIhEhf+rYsaN8Y20MflW3bl1nZ+dz585B+SEQ6oA9ED169FKlSiVKlAg3OnPmTFVqNjANkkixjl69ehGqpdyqoBU2bNigdoxw9+7djx8/qp1ffolnmMwfHyrvqm2POHHidOrUiTrAY06ePGlBs122bNm9e/ciRYok77AdGdRQvl8lrkybNg0jhQLKoQBAM7ds2aJ2zAZchLSbDbjyxIkTIRNSbhpQuYsXL5JSs129enVSAil3WGDpEr9ixozZ5CuMV+UGrq6u7u7usCtUVD5zPXHixNOnT+WoaSC5ypYtGz4Th4yrVKVBxD8UwiQMGTKEn0NbzJkvM7iQvofEiROvXbsW537t2jW8vIBEVpReAI1Vv7ETXr16Vbt2bWqC4przXU1ohZeXlwjH4lP0EJBGjRolfeAw9PHjxy9cuBBTTJo0qbze2rNnD0FUnf1vQOo9PT1RJCLZkiVLvneabfD58+fGjRtj2FiZCcv5fxNcU6hViRIlbDBXN95NBlgg/Hfv3mEUmO3AgQPhcAA5Y87JkiWTpAdpR4kSBepA+is/tz1gDDK4KmLEiNrHvWbi7Nmz+fLl45q0o2WHBlsJ8tUYQFUwBNprqAGrV69+9uwZjyOJLyDwqN9YAk+ePKlQoQKXhUns3btXlZoEmI0sJmkND2MN+Pj4yDcB6dOnJzMXvH379uXLl7t27XIxzEyTP39+dbZBqSgB5nfckpzgLbHE4M42azp7EHto1aqVLccnwt95SJHaj5E3b171G/th+/btuEgqY8H+vdABEosGDRogmbJly8J5VanlcOHCBeHm9evX1+ZcwqEIn2vUqNEPJrrhNOlBrVatms1eyX0PUHNy8RgxYmhfe5sJsjHpdIFtW3VmJAEsXzomoQW0eObMmdkOjEqVKsEq8CSRI0e2L3sAJ0+elFoRLy0ypNTDw0N6U5o1a6aKHBv4K3Gz39Q6b2/vYsWKGST0T6iz4BSlxEtJSgEJgCo1CbDkjBkzcp1SpUrdt8caqiagZcuWpAoQhcCvTeUz2uzZs2uO6/r16/LdJoIK8JlGcMHPZdqoHj160ASqNAgw8c3Fzp07cdDQc6xCpquzOHBtZ86cmTBhAvqkoX///urwV+Bbi35FgH4euyNnzpwycdvUqVMfP34shToAWSYpPhuEFlFcyyJ16tQNGzbk4mRLkydPlkIss2PHjnHjxj1y5MijR4+kMDA4BKFhgxjm5eVFVaXcLihYsGCJEiVIQTZs2CC1MhPLly+XFN/V1VW8j1UBWZHeY39//6VLl+I0pDxmzJikrVoFiK+DBw/mGaFuUmJHkHBLqjdnzhzYgxSag5s3b+LrUT90UhU5NoTrfA9kRLI4BYBekyPJtvkgoOTKlUvmWtU4nGng5zLYMFWqVFaKUBZHjhw55GvBY8eOqaJ/48GDB3v27JFtJC997bdu3TLTamCKCRMmZAMzhGlJYZCgWEQwIcOGaWZrTM2Gd9u3b1+ZMmVIH9EnVdFvgcDTvn37q1+xbNkybeiDI/Q9gD/++AMXSUZlkVXpQg2QhnTIr1u3zkzi/D2QEjVq1Oi3336DSWiLIGOZMvqaQ99k2VSsdOnS1E20CD4aYFoR22PLli1hw4ZNnjy5RZYezW+YsZuEzKqLEmmYNWuWSFJAOti7d++1a9fu2rWLRpGp7gSYCY4eydu97wHFkCyFyphvtq9evWrRogVXQw+DldjZET4+PmIC3+vxmjFjRvTo0TkB++revbsqtQTu3LlTrlw5rhw7dmxz+uTJGeTd5dixY1WRw4NcJUGCBAS1vn37qqKvcHd3JxQi7YEDB7JLsNMG0DRv3tzMMaGQjyaGqbKxwWBN5m1K38Pdu3elLwhrl1c1lgXhpG7dujt37jx37hxyCWcEwjBPiHylY+3Tp0+nTp3CPtOkSUMuBXfDROUiDoL06dM7OzvjNebOnYvEVOlPD0gD0sBBJE2aFJNQpRYFPHLKlCkIXwZhyRBIXF7NmjVhvStWrDh06JCcKYCzbtq0qWfPnrB7XCeaRsUuXrzYtm1b+3Y/FC1aFM3HoUOp/fz8VKlJwKZu376NGypQoIBMNGkzVK1aFafBI+D+qlWrBkUjrX/58iWirlixYseOHbF06oaoMW2xbnsB+WTLli1+/PioKIqqSk0FzyWdRoUKFZJ45viIEydOlixZ1M634OLiQpxjg0Z89+6dFFoESZIkKV68OCk4UYBAo0qDD+k0QruAlDg+pDfu48ePjx49CuBzsBc8kkgbjRo3bpw2lNX87jHMDZmz4e/vbzyK+T9himSvXLny/PlzWiWeYZZJVWo5YLS4FTZixIiBEuP6p34FCSUOdPny5eL7OBO+Vrt27R07diBuqmSlUGQyaBUybOqJ97927Zoq/elx/PhxZJI1a9bvfQxmEaA/6AYqutsAzAw7yZ07d61atdCTBg0awOrkTJRqw4YNxLBbt25hwD169KC9mjVrhrvfvHkz2iWn2QWRIkUieSU/QGjYnSo1CRjLmzdvEIs26s2qIAC8Nny4TzBYunQpgQEyJyMlKcRPcQLbbm5uUAqkDUminOr956dr1kbBggUhbdTtyJEj5nxPD6Ctoj+OP+xfA2ovX67SfLSRFAoIbMStw4cPmznU/3vg1mRcsHxMcu3atao0+CBbw2QyZsyYN29eVeTwQP+xFDaOHTu2ZMmSe/fuacwMYiH6Qz5TrFixefPmIShZG3bx4sXBCvmBgZ7LKEaAkwnQ4j+AKezh6tWreDGokExpYD3UqVPH09Ozffv2Mm8GwLPzqIgyTZo0bOTKlYvYjKMnQSRxhJRpyRlyD94rHKvB1dWVWEXFfvCu/acCEVq6lET7rYpRo0ZVr14dDz527Nhz585R4uTk1KdPnyJFikC0ZdL+Fy9eDB8+vGbNmihSrFixunbtOmzYsNixY8uX7pw2evTot2/fGq5nB6DnMqDn6NGj5rhshIDfR/KEZ0k1rA1yAOngwQS+l3bzdFAKkt3OnTsTsdi9c+eOh4cH9VRn2ANUqUSJEsQwyNa+fftUafABRdaaLEOGDCElD6YV5BUw1Bm1wZFCgP4woHnz5njdwYMHa6SKBzRHLQMDtyCREnJvpt0RpCQehwggUmwT4V+/fr1JkyZ169YdMGCAiH3FihViEXv27CHAo0gkP7169bI4z+bWQR9FYYo2421p17Rp01qb1kFCkabaMUKKFClkqd8yZcrIKG78fpcuXfr160dkypMnT8SIEWHNsBw5377AJ2IM8C0HqY/dQVqANKJFi/a9EfgWBJKHg7IBZ+/evfvs2bPZJlalTp0awj5p0iRC8vTp07FPHH327NkhGZwmoa5AgQKcgAMiCeC0fy5nD6DnMlUtIBib3FF59+7dBw8e4JuMF6ayDbSJdQODpytcuDAbGHv58uWRPKFo4sSJly9flhPsBQgEykMeZg7p//vvv7UXZKjT9yiUo4HGSpIkCRtYDWS6devW7dq162TAzp075RwNcAvL5mnQLMkrbt++babdJUqUSJajdHxAtSdMmAC/xxFJybFjx/A/InZSaI1IJUiQgOZwd3cvW7as2DKEWw6ZDFRdXkUFC8FmD1AHMaeSJUuSn0mhIwAXv2XLlnfv3skrIlXqAKhUqRJshorJp4mq9CeGzBFEYicfVVoVuG/taxdPT8+ePXuSxwO4PBQb91S7du1x48Z9+vSpQoUKkydPbty4sUyHIIAfU0LDzZgxg5NVqc0RKVKklIb54EaNGmVyUo7uAQJD0aJFVZGtAF0LzB7OnDkD16eco1Li5OQkp928ebNPnz5mvjIwE8WKFaM+79+/lym9TQM6Jt8WFSpUSBvQ7YDATADEFFy7dm3mzJlDhw6l/M2bN2vWrIExwA9+MwBXVqpUKYKZ9aIynkFeiOPSTRO+h4eHKA+BIIr1PywyH35+flAHuIK/vz8mgJyh1AgZw4dxwrB5HBpITia9GTFihEytBjBqc7rHBAhK5mXZtGlT0N+DBJs9oEaSFsjnItYAEkGB1E7QkDhxYkQs23hY+/qdAIBHy6wP8Gi9+0FAE5MWyAfZ1gOcYPXq1W3btlX7Bm94yQBIMFaHcycdh9QnTZp0/fr1ZIfYrTr1K6pWrYppbd26lebTDNjGiB8/vvSgoNhUWwqDi5MnT8oHkzZ4YfRNIG28JGQOHgZv8PHxgQnxOFq/t7itcOHC4Vv27t1brVo1y3aJBwuQSLIjqkedTWZsKIxkz1wtsGrZHTwdFgGbHz9+POlsVAOyZMnSuXNn7fNgGUM6f/58KB0p0OvXr7dt2wbPltdMnEA7ent7W9Y0WrVqRTaMwpg24yQWDQ2i+cjcVJEDA9F5eXktXboU8eJqZCIW9B8hY+9E25YtWxon6tBQiY9kQTI8ZeLEiYYjpoPoKYzNmKb8J4LNHm7cuCGjPWWqfGsAtlW3bl21EzQQJDSOid6Y7GGtBPnOGzekDdP7ySFNLN7HSsAClyxZghtiO2fOnPXq1ZOP1InElStXZhcvqfXh9+7dm6D1zfqQNWLPWNT06dPtNf050VT7mEimTwguUDzp+uIZtal+bAa4wsqVK+fOndujRw8cetq0aV1cXMaNG8ehz4b5NCVWHTp0iICRNWvWvn370kzstmnT5smTJ4Zr2AGoKIqqeTzT4Gi+CE24ePHikSNH8JmLFy/+/fffsY6ePXvOmjUL9gYSJEiQLl06V1dX6YTLnDnz8ePHaSOMhQADsBTEwq+ki9fX13fPnj2WHRgkqwyqHVOBzeIE1I6jAja2a9cu+MG9e/fgBB06dBg7dqwmZDYQO7ZvzKKEG7GBLUvOjBHJ8GSLIOgeJtjsQYMjjEaBMci6rg4OklpampRLHzhJomODeHD//v3hw4cPHDjw/fv3+fPnxzMuW7ZsypQpuCQnJ6du3bqxS+GYMWOkv+7AgQPf8/LkQKVKlYoVKxY+dMCAAfYKBrjyGDFicHeqqoqCg5cvX54/f54N9FBegtgAuDz5SGTfvn2NGjWCCiBzIjEUQU4APBGRbNq0aZIE4/ETJkzYv39/+ByS54dkvfaKAYkTJ0Zc3N3kvsyjhq/n1Y5dgfMhxs+ZMwflb9u2LeGqQYMGTZo0WbRokUSLVKlSQewQ+x9//DFjxgzSWXnD9b33rRiO1v0MHbEseyBkSlxE8sFe+PEr/P39temcHRM8nfT6oPnsYiNovtaJDmAJe/fuheShhDISBZw7d45HY+Px48dwDjZooKB/KPGf2L9/v9r6L5jOHrTpxqwHFPebqvP06VO8IY4Gh/i9UPTs2bMTJ06oHXtDlnbEwK5cuWJaX1yowYMHD8z87PA/gZy7dOkyadIkuBocgpRX5F+2bNn06dOTSs6ePZuEKU+ePFWrViUbTpo0KSb6vX4FeRMsnUabN2/etGmTlNsYVFIszsPDQ0pMQ+XKlY3dk1WBqmOnascIJLIHv6JEiRLIFlYB1cNm1RmGOXA4jaakHfGe8lLDxiB8ojBo0c2bN1VRMEH0ktCbL18+aKsU2hLUfObMmYULF0bVW7Ro0bNnT5gBdO3q1avG8aZcuXKrVq3i0KBBgypWrEi2A2OW0aw42G+yh1y5cknfA7hw4QLkT7Yti+vXr5v89ooH/Kb6OQiQGLoNhDoA6B3uCLp8+PBhKaGlOnToADmD8S9YsKB8+fIUbtiwAcL34cOHFStW8BNKatasacFRNcGYFhnNCDrgSto7BXlzbA3gr9u3b88tXFxcOnfuDB3TADXGDqNHjy79WuEMYAOObzzYTUAIUVe0N6CK9erVo0q1a9dGhqr0pwRcmyYjrfTy8lJFFgWiLlOmTFjD4HYipfg+gCvB0iIY3u0Rhk+fPq2VDxgwIKJhAiV+K4UaOIpXNR7ikzt3bnlbb2NgFPgRKkAKQrhVpUEGpA2x8HMuwqVUqZXh5+fXp08fkTkSxjOi/MC4/q9fvy5evDjmjFYIraHV5BCqwq789vjx43ARKbcZyE9+//13KuDm5nbfpLUSxo0b96thOUQbLNQkHfXEWnQevktEiRkzJl5R5C9ijBo1arx48TJnzjxx4kQfH5/SpUvLoW8uSQWlo10wJTicKvo3ZNUYwZw5c/4ye01tDTyLzEOKt+dZVGmQQXyVgbpNmjRRRRYF1fP29oaWEZLgZ8gcyQdLP5HV8uXLcYMiPQ0InGaKEiUKbQSBk6BGCXkLbkc8AGjXrt306dMpp3UKFSpkfkyhPvPmzZOLDxkyRJX+F4LHHqBy2vJrNmAPQQdPrhFhDY7DHt6/fy9TgeLBybxV6U+JpUuXQpPReyvFMLyY5i6TJ08+bNiwAwcOXLp0ifzV2dmZEEX05e6Yn0YC7ty5kzZtWigCiZcxM6DV+JVQh4QJExYrVozt2LFj4zXsQiAkkuFQ8DuqKMiwC3sAeAlsmRbBUWIC0g0eAOQ6hOd/GswAjT1ALAgAUoiXXL16tZTbDAQJGY9GJCNBVKXBgbCHjBkzHrLyQsRU9erVq82aNZMB2oGB3hLqyFbVDwxA8yETHJVPkFTpV5w/f57gDaXbsmWLKvoKTOPevXtt27bVGqhNmzZQbXXYEujVq5dcmXYPLi8R9gBVovlUkUXh6elp/PoPmTdo0OCPP/7YtWvX7du3Ic3qvO9j9+7dyZIl47eYM+wZ/QckMCTMASYpgElAwYXAkXEZhzlsCqM2TTMDAPZDuJTLBp092KgPM1hAXwNMQYjI4O9FjZAhQwbpdRD069dP+pYdHKS88srqp8WbN2+sKoEECRJoPfPY1YABAypWrNiwYUPoAimCk5MTXil79uwwd2KwnAbJaNq0KYRg1apV2KcUUslly5aRLpNSZMuWbcSIEVu3bq1QoQI0f+7cudAROS2k4OPHj3bpxSVoQXry5s1LaCEMYKcy9AdpE5wgduDUqVPGSRiRyXgIGM5U3oKPGTNG69G1DQiNssodiaY5o9JQIaB2rAPk2a1bt/nz56Of7OIb8ZD4ya5du8oLCHJZIpx8uaMhevToRCw2CGaBa5giRQoiHEFClpsSHDx4cMaMGcQz6MKCBQs4qg5YDcePHzftvRU6Y9xraCns2LGjZcuWqITaNwxfICnq2LEjDEBeDw0ePBgpodvffLG+efPm1q1bQ79ixozZuXPnbdu27TRg48aNtCDB23iVssSJE2udEFiT8Ti/dOnSkfAICzETSNiUSTsMHCKosE3fA7h48aLcBXq7fv367du3nzlz5poRTp48mTRpUjnneyBmUGF1RbtC63sAkFNV+lNi5MiRCMF6fQ9YMsFeRI2GkMjKtgBvgruUac4xS3F/gPRXenFbGVacx5YwY06ghKuhgfJS48qVK6lTp6byZPDm9xYGF4sWLYL9kCw+CP4CV1JzHsfGfQ8CjFe+ziUNKFKkCI1Srlw5OBxeEkAOOKQBbzhv3jwSONgbu8jf3d3d2dk5bNiw+fPnP3LkiLqoTXDr1i2pFZFAFQUH0vdAkOBZVJF1oFFhUL58eeITHhI/ieeRT0ZhEuyqs78CH16tWjWOwp4Dvw57/vx59erVOUoToDa0GnB1df3eDH6W7ZDT+h7q168flGzeGNL3gMJAcVSRhQDNypQpk/S4EMhhYwK8h/FHlQApodu0xcSJE2G9uBS5wsOHD/Ply8cVoG69e/cO7EZIcow/NOUiHh4ecogAr71s4udcmfaVQ2YCTZC2BjJjVVBgInv47bffbMAe0PgfxFrESoN16dJFxsQZo3nz5vwnTnAddbZdobMHDdZmD+DGjRvp06fnLnhGCP706dNlXnOD+P9RXcAugNHnyZOHXGH48OGyZh30gnQNz4VxkrugWnfv3iUtkyv/9ddfU6ZMwStRf7wzj0BKDf7++285waog6YH34BYvX76sioKMEydO8NQ8oF3YA7h69armdjUg4fAGwCposmLFikWJEoV6EqKOHTtGAsc5MIbTp09v3boVmSP5rFmzmvD4JsMi7MEGby7IXA0a/eukSZMCBCQZBAdpowlU0Vegz3PnzuWorPlCCbrBxps3b7Zs2UIyLeP8uax09Ep70Vj/zAsRNWq7du1QJ5k2ikOWimQCjT00btz43bt3qjRoEPbAb3kuVWQ2qMOsWbPQUp4UVWzfvj1hHkEJiIwLFy6UoYuIC0XlP9ucjLiIUxCFUQaUKlUKDY8QIQIPGHigFa6mR48eeCF+yEW4Ag/CleUo4UzWjucKPJoFBW7MHoKecpv45sLNzU17u2w90EhA7XwLiBgvj0Kr/a9A6Wk8bAOoIh0/DQixMuRKPskh/xACQQl0AX/Xp08fuAIaQk7j5eU1ZsyY/v37wwY4Adc5YcKE0aNHs0HcWrlyJamw9o4MfatVqxYZGGkWdBBvQniAeUj3O5Hm0aNH2B5kQs63Bkhi5NvLYIEqERjUjj0AIVi0aBGZkzYvi5OTE5JEgAQwCMGlS5f27du3ffv2woUL37lzp1GjRsQAORP5lylTRpYKO3fuXL9+/XB2cihEACX8Zg+2BUE6y3+iF7H8m7OByeA+tWMECXJLly6FrmECtAXpsrOzM+nvH3/84ePjw1HiBBQ5ceLEJNlTp049e/YsCfTRo0cxAU629pJm3FTTmSCCqIGpskG1LfLOCAkgDTzJlStXkEOrVq3YlVmbBHAp0gzYAPeFYaCrpL44GYgj7OHt27fu7u64HbBnzx4sMVasWPXr1yf8G1slXmXFihX4HwqxAnJgNP/58+fylgRSuGTJEtqRp0MmCxYssMZ7meDBwCGCCq3vIV26dBAuVWoFSN8DJoEfUUWBkDZtWuwETve9VcLz5s2Lr1Fn2xV634MGG/Q9ALJVwhU3wpJ9fX0pwdqhDhD5zZs3s4tbJLWSBAUEWHEDao9SfbMHDwsn4AV2ZyQKXIQg17RpU6Ig0UL9wHKQvgeewoRRk8ePH5d62qvvQUDUxydKLwjuFV+sDnwF7v7w4cNly5aV2gI43IULF6gzNZcSAl63bt1sM/rYzL6H3bt3SxibNm2aKrIO8MbCA7Q8VYMM9+HQpk2bVJHBk2MjRDLywH8eLxDQ8DwG5M6dWx6BaEd7oUioX6dOnQKQBnYDv/swB1rfA2qvioIMrE96REj0TftYJgB27dqlpRAwLVisOmAABGXLli3ybo7IuG3bNnXAoPDLli2DdgT2GPHixUOksIrJkyfPnz8fwY4fP56Ixo3QfyIXjB9SwpmdO3dGtt27d6eJKYG7BL17IIgwre/BRPZQrFix4PYmBQvCHuB08sH0NyHsYcaMGTKfYGDADSVU2B06e9BgG/ZAjJ85cyb2GT58eLg8Ja9fvybxJW6RVMHf5Zxhw4ZRGfyjh4fHvHnz+vfvz3aECBFixIgxZ84cw5W+gXv37hmHt8DIkCEDMdLiBMIc9nD9+nXxbvZlDwDh9+jRAz+IP23WrFlgV+Xn56cRBVChQgWyOmP2AGgjnOmzZ8/Ub6wGM9kDTl/6n+3IHjgk6jp9+nTqA4fAIggVZMbygs8YcO4RI0ZgCyTBZwyAQ+NpOYTiFSpUKFu2bAFe8AN4M2mxZfVK2AO85+DBg6ooOCCK83PYj/kJ5OPHj6GwIl4wfPhw4xEk8N2BAwfKYEYIMYRMHTAChZKo4FgKFy6MCxKt0IAtINhYsWJxF5JeSCe/gj1kMiyumzp1aniG9DRUq1bNhGFP/wk4ljb8yOrsAe8f9HuYAGEP4MSJE6ooENBpiBh8TfvUJACgw8Y00I7Q2YMG27AHALstU6YM1pgkSRJcG+nC9u3b4fXcGsckX0DB94nHmDSH2KWZfHx8cKycxv9vfl4IsGo8SOTIkYlh7du3v3Tp0rp168gPqlSpIk0MYC19+/ZVP7AQzGEP+DsJFXZnDwBehbelaRBgrVq1Pn78iINetWrVH3/8kSVLFskKRIwgTZo0np6eGnug7WQC6QQJEiAH2kJd1DqwFHuYOnWqKrIOoAhyI20gMJDXVU+fPpVP2JydnYmp/JeMFoQJEwY+DaR3AUtZuXIlVkBEhG3DM/D2qA2qLucDzuRG8qscOXIMGjQI/YdP8xN1V0uAmsugeMJ24MGeQYGwB2iN+cNsd+7cabz+JMpJoCUVQV0BDJi4jjI3btwYbQmskNAvWAVCQ4z4BLyKr6+vl5cX+gxSpEghDSfA82zdupXERn6LV1EHDMAWTp48KYcsC+2zGtrXWuzh1atXMusR+J5vtQiCyB5otsGDBwt7oA1QOBcj4Nml11oDNvbCCDyCbGitZSXo7EHDxIkTiayEDcSuiqyGy5cvE26ROf8bNGhw9OhR/rNbsGDBK1euYOfoc6tWrdCcAgUKaP2up0+flnccZGABuigBJcQ5vAn+gnRBXBuX+vTpE8HM0ML/cCP+41+8vb3lVxaBmexB/CkOy+7sAWDgxB4kj7dCGVAJopGxG6WQVCx69OjImdT5zp07LVq0oBz9QdTCC4sVKybdSNaDpdhDhQoVYEiq1ArAg7Vp04Ybubm54TNvGLBw4UIERdBCVoaH+AeImuCHe8R/zp4929/fH3qBFSB/TiNaE7HI+JG/lPATrhA7duzEiRPzq1GjRq1evZrbARrCSrqEQQnFKVGihGlGRAbPz3nGffv2qSJTwRUSJkz4j+y+igKxAFoWCPGCDUO2kKTmRgBPQU4vC/rwqx49ehiLi20AdV66dCknyPURO1JVZxi6OaUcYPvyOkMdsxzwad27d5e7EDRpWXXgvxA89sCDaRPAkc+pUisgiOyBEwoVKiT9cvgaWNsFI3h4eNAwxmjZsmU1I5DoyMaIESO4kTUaRqCzBw2HDh3C0nBM1s7GBGPGjAnc0QoaNWokdk5UcHV1hfJPnz5dfoIaiC0RnM6cOWOsFWyjmXhkjqJ+2mt72Dq6B3mNEiVKyZIlyTAgH+QoeGcL5mTmsAd7zRb1A5AUQuMkuAKeC36TKVMmEuXKlSv37t0bloaSELE42rp1a3mTLfP/9OnTh+3ChQsTI+VqVoKl2ANuyiIv4L8HAoBGXn8MxIhW+/j4nD9/ftmyZag9XjF79uxaQwhIzMiY6xvg7u6+bt060/oATAOGJuyhbdu2wf1cU4C3lycaNGiQcTw2DYhCAjzJM6Jo3Lgx7CTAUIb48eOXK1eO23HrjRs3njx58tSpU7I+orwJ/WZ8gZqQhMgVANzOeDCQNi09zoTLqlJLA+XR+u89PT1VaRAQPPYA8JLSr0jSr4qsAI09/PHHH7u/hQkTJgSICsgd4myMAN+R/xjYj2kOIijQ2EPmzJkfPXqkSn9KCHuAsFvwY6ofAGovOVlgYDCLFi3CyKkJbCZNmjTaJ23kEDIUN8BnUWS6Msosbty42vR8L168IJglS5YMh9usWTOCBIyhU6dOnEbAtmAXnTnsARcsU1VWqVLFsp3M5gACgaDEL6dOnRq6QAmx7fXr13ICaRCZrhAIQchiD6gfjoifk9vg01SpFYAqrlmzRqpqjFy5cpUqVco4PhGVq1evjhrIrAOq9CvgFpwPn4BV2DHP0djDwIEDVVEwAT2SdWFq1qxp/ggkmbSbq5Fnsou0aU0K8RJSHgDQBQKKLJ8NUPJvDhPE+cCYcYbp06enpXhktnv27ClHeQToNT9PmTLl2LFjjXs1LAuNPRBSf5CuB0aw2cPZs2d5Tu5kG/YAoSOlC4zAQ1iDCBoV4+GyJUqUaNq0qcwlJyA/ULe3NDT2UKNGDauOF3F8vHnzRmROlqmKrAnc0IULF8SM8ZVs4DednZ1l18nJiciEMmC0sE8SHRnJjzmtX78+Xrx4qJkskwj27t0r3aEAqjFu3Di09M6dO82bN+e0CBEi4Ok0P3X69OkkSZLAJ4YOHWqpaG0OewCTJk2i5lB/QpoqcgC8evWqb9++VCxixIi4lMCygkDUqlXLIPV/YBf2kCBBgm9+gPOfQP127txpqPg/88yqUitgyZIl0rekAS9Nlox87t27R5QKcNQYOXPmlA+FYPYYC+cHmDHC9jCfPWDCMusPgTnwRBfBBXRWXkdWq1bN+A3UggULokePTtAdPXo00uvevXuALhwBwp85c2aAL4zOnTuHAkM+IkeOvHHjxsOHD4t7yZMnD0ehDpUqVcIvQUTc3d2tRx0ARieZNmQFhVelQUCw2cOlS5eEEJUtW1YVWQEae9CAc5f3o3hqAduUI32kPOzf2L59OwawePFiAgMnYBjsCkjCiOXEMH9/f5rEeO5bsh91e0sDxkDluYXOHoAsrpMxY0bbJMH4kbVr18oUIMif1kc9XF1dJfESvZLtcOHC4QvatWuHx3/w4IF0WvBDXHD//v2J3HIawKr5FQ6OWI6CAa5sHJVRsx49enBBTtu1a5cqNQ9bt25NmDBhnDhxfvAh0g9ALCEKUlWrfi1lAnDN3bp1EwJXuXJlvPCWLVsQuJubG1wHiKULcMQ4VtuwB2KYvA4oVqzYDz4d/zHOnz8vEYVUFVVUpeYB3+Xr6wtVPX78uEgJnhogbuH6YGMPHz7kKQDypPD333/nTDayZMki02aIS7RqcDIBnz59Mp89SGcbegXvRwLqgEngajKFDFHW2PouX76Mf+AWHTt2ZBcPcP/+fQJQ69atkT/nC2gayAe+glylZcuWtAVsL1u2bPwQeyRR+fLlC7do0KABHiZu3LirVq2CjuCLhFJbm+7Pnj1blGf48OHBUtFgs4e7d+9K7ogXU0VWgMYekCD5Ii4DX0wa17t3b+QuwIMg/UKFCn2PWh47dgwjoXl+MLTqzJkzUD+5V4oUKUx7x/afwEol8HTo0MFKtwhBICdAWZMlS2bVbCwA2rdvz02TJk0q5JqILuYNCcZDVahQIXv27IkTJxaS9z1kzZoVVQScbBzSUMLA6xCiw7KIQKlSpVSReSAFQVednZ1Ni2REGuqPEBzkQyRjnDhxomrVqqQEIs8fAAJEGBYCagP20LVrV25k8ipZgMaSFwdEFPNfwINnz55RK81raSDSkP8AY80sXbq0uEeUnF1vb2+iFxvz5s2TqzkmPDw8eBz0YdKkSaoomKDtJk6cKBrVrFmzoI8E/Ca42o4dO/4RqGG+B+ORQxBfCuvWrau9bhOgpRA18gcYP40iX2wGACfUq1dPY/NUGM7Eg8sc+cCqKbqGP/74A7fAramzKgoags0ewJgxY3hCq7IHtFxm+8Gtf+/1G4yMtoF6k4uoon9D2ANhG+ahigKBG2lvp+CVT58+VQcsCo09rFy5UhX9xFizZk3s2LGJgsbT11gbhw8fxoyhknAXsfM5c+bEixevaNGiuFe8w/Xr10l5iWHGztcYxYsXJ4+Uqy1YsCCW0WKGqNmbQJOnnTx5Ur6UgyepIvMguVSiRInUfjAh7AE97N69uypyJGAj0DLyAYNE/wGNResAmN+gQYM0l6rB2uyBPExoSo0aNUx+d84PcWJcBGWwSIqP+ZBTGQTwD9AuRNS4cWNizwEDKFHHDMBDwhcrGZZOOHTokHy6QmrrUC+wAkC+hEprtMSDCXj+/Hk1wyoeqL35/W2PHj2SSR0wduPPYklNUdpvVpUQSaBEe2kU0t0GDRrQUtgvFxEUK1bMOLp5enrikdQxw7q+VlVvDZKHZ8yYESepioKG/7fVoIO47uTkhPLt379fFVkacEaZWphUI7DXMAbG+eDBA7XzLfCQBw8eVDuBQK6pjb7EtlEF2bYstm7dSjXSp08fwLB/TuDOcH9kAw8fPlRF1keBAgUGDBhAK2zevBlnSkn9+vWJDWS9Mp0A+pYvXz4IODEDAsH5derUyZMnD16Mk+E6HTt2lAmXUJINGzb4+flxWhLDQgCwCm1aZQEEZeHChbIUp/GgP5Px6tUr4isb5cqVkxLT8GNzsCMwQ/gZXixatGidOnWCWSLSmQaMHDmStsPzqlNtBWSFbrCBx9O8RHBB/JCAId/vSKE5IBC+ffuWjYYNGyKlZcuWIaJx48Z17ty5iAGZM2eOESNGmzZtID2RI0fet29fhw4d9uzZw08ID6UNyyyhsVznn8s5Hk6fPr13717MUO2bipgxY5YqVYqNc+fOXblyRQpNBlRAiBei6927d+XKldndvn17XMPaFvfu3SNZxacZzlXApVACoC94G9qIllq+fHm7du3Eq+TKlUsciCB79uxa9xuBb+zYscbrgFsJOGGZ4YrYJB91Bx2msAfMm6CL8k2YMMEi9hAYPIxc2TgXCS7gbkLlcOVSEhhEC/kSDHz+/FlWlLE4oJD8xwEhOin5mYEQcKlEX7TWSgL/JsjP4AfPnj0bNWpUv3793r9/X7BgQf737NkTSkESQJYgA9fJdPHLs2bNgmcsWrQIbSdyo5Ak7rgJfrtz505UFA+ya9euWrVqoaUDBw6ET8uNoKEwD5kuAv6xePFiKTcHp06dkjE6wqpNQLZs2WTqOmQuCuloINQhYTI8GoJcmZSdlA5Iqk0w4OiQIUPw2t/rH7Iszp49+/LlS26KTw/3daLi4ILKEzlIWFEY4qIqNRvUavTo0UgJmouIjDvG0Wp/f3+82dy5c4lbMOM7d+6gkxwiP05qmIUJ/kG54XSHAwmh1BbPnN/wxYppIELLTNtsC3kyBygAjSiprK+vLx6D9ICWJSfEM0ARVqxYcffuXTlZINyFZIMITXsRjGipwoULu7u7y6gOiIgsWC84cOCA8EKoA42LYxGSYVWsXbv2+vXr0M169eoFlyKbEptJAmBJiAOlDDy80SKAmsiV8ZUmEwjsJEWKFD/+ObatuWOUQLTW4iAO8R+X99u3Pu/5CSEvX2/dukXMlhIbIFKkSARyOOWlS5dIZ0kapF8ai61Zs6aLi8uqVaugNXXr1oVPODk5oRv85xxYMjxg9+7dJ0+eJPWXNy84DtI+2HqPHj1wK4Tktm3bcilUaOXKlXgrftKnTx/8Nb5AKmAOHjx4gG/C6Fq3bq2KggnUL0eOHLgtKnno0CFV6kiAqBHzcLLfZEhERHw34XD27Nlu31mdwbLw8vLCJ9B8WoJhAmgyXLPklBs2bLCgh+HKauvfoNro3qdPn7hvxYoVCXu4HRnQc+TIEcnC8a4O2/dw9epVmToTTfjxOKT/BIyZaM3G5MmTpevOHCRKlIjwzwaSh66RrJMwaOEfr9K/f/9jx45BOqELkLPff/8dJwNTD9A7jg3KeBosEdrBBu3FdUhFyKl45GbNmjVs2NAGwQIlOXPmDDclo5OF1oIFEwNzkyZN8MXe3t5WenmB6IWFXbt2TTohTAPaIywvKMA9WTA50IAx8DjoRM6cOY1fev3MkD4h8ngIqJTYBoSfAQMGSA8QuSCQctmmVvCGGTNmGNst2zQcP4QCQjJwvilTphw/fjwxTPJRjrZp04bTSEf69u07dOjQzp074/tKly4tXcdyHXOA/rx69UrtmIHkyZNjtrhm671ztBJwAmRmkDlnZ2d8t7xCsjZkplps1uT+HgFiJ43hUvPnz9c+4DQfEFO19W/IV12yvWXLFkRHYKhcuTLM+P3790QmyjE9K2VKZoIa4jD5HytWrA5GK5uYDCgUvpcAuWTJElVkKkg8MHauBhEnVVixYgXOpGPHjtKlB9atW5c/f374CtnRuHHjTp06Rbs/efKErEPrmAQocLFixdgg6X/27Bkb5B4kIQsXLoQ9N23aVGaLsQEgkTg06pMrVy6ZHiNYMJE9oI64TvQPYkXDqFLLAf+e2bDsIVpuDnsgHgS9k5OWw1+oHcsBlUJQOD55ra5Kf24ULVoUZYUgoj/Cvm0DlLZSpUpa5koowqviEYQukEyUKVMmcBulS5dOBr7dv38f3wGHqFq1KhtyFMASypcvT3Izbdo0d3d3LKJgwYJsaG7FTHDB84ZVuQsVKmRORgKZFuaE5IkxUhhSYINe3AA4dOgQzoeYkTp1alVkEqSDE4Uh3d+6dasqNRVJkyZNlSoV/ADfqIr+DZQkTJgwcERpYuSG52nQoIFQdgcHJiYZBVwne/bsUmgOiOW0IMEbyWurOZgGPEPevHnx5IgUlcidO3efPn0mTZo0ZsyYLFmyqJMMHec7duzg0O+//37ixAlK5s6dC4HQKB1wdXXl5zQQPAlAQeB5/NDFxWXw4MH4JXWeNYHj3b179+XLl9EWmRMzuDCRPcSOHVvuR0Jg/oCUwMBFwhnZwID/+uHwGZpEaxVMPTAoJ2+b+h2MHj162bJl8nNrgLodO3bs06dPBEt5DaYD4MhkEBwmbcuxkwBX0qtXL8km06dPP3v27PXr139vkXfB3bt3j39d4TpBggSwBzJ42RVgDlxKtiHy+IXFixdbMD+G1MqozCpVqpjzyp/A07hxY3yfj4+PzIMUUoAd4bXVjk1AZg+1hWzBL7WxbCajYsWKKB6uDF+k+SvTgLLJSL3vQQT14MEDb2/vatWqoZA8CJGPeEw5u4CNS5cuiXt0KJw+fVpsTVtQyUwQ77FZnhQrNn+UFUQQFkjcldWbKSH04j1kqgZ28+fPX79+fZkE4urVq4Yf/eNAKGzbtu2+ffu+GKZ2IMDJBE2bNm1q06bNxo0byRBgJAsXLrQNdQCvX79G1GS2OAQThyQjAtOwd+9efo7IeGDEoUotBNylfGLE9bUPMmHTz41A29AGnACPOWMAXM8YderU0eg2AvoepNUFRYoUsez8rNitfCbH46giHYZv4ZYvX04gRDLmz+USXHA7CD53T5YsGZQfe0a1YsaMGT9+/EWLFgX4KB9NExcsGkIgGTt2rDr2FXiT4sWLcxSFbN68+QuLLgBG9aQnM1y4cF5eXqrUVOCdxWpGjhxpcbM1EzKJbenSpfHyYuNPnjwhXwT9+/fHVNOlS7dr1y6qTWLHmdb7YvPz58/NmjVDSokSJbLILVC5YsWKcUEihKicOhB8nD17ViYl1KY0Blz/6dOn0AVkBcXkRmnTpt25cyfkmGgHnV26dCkEFxmWLVtWunVbtmxpTjWsgUePHgmPp/7B/XrwB1i1apUMuW3UqJG8jTIZ6B5EkEtlypSJrF2VGuYNypMnDzXnKFLFh8jbTEo0wCcowe0QEVq3bi0JDIWADVpH+rrUFa0MboTjlVsvMSxBrA4EB6azB0i0fE/i5uaGnatSCwH/C5vj4qBWrVo8HqA9qhrBGm8BChYsiPmpSlgCK1asIFGIbJiLVBXpMODevXs5DdMhEHeJvqrUhpBPH4lAV65cweAnTJhAokmasm3bNs2GX7582bt3b06DNBDVpCsVB0FiJycI5s6dGylSJPxC+fLluZoqtRCIZPKqJVu2bD+Y9yyI4EmlU8ScGZAsCx7wzp07RAsZkoZdFypUSGxchrwZg0K4hbXZA5cVOkjcVUVmA2ctb7vMXHlBYw9OTk6enp5Hjx5dvXr1ggULypQpEyBtpYlJeYlYyBO1hL6gopMnT5apwV1cXD462JQP2hh86ubv769KLQEySS4L+wzWOg7fBJ4cfw5IUGHzMB4KcRQyBDt58uRk8+fPn8da2UXgZLDS6/MDxIoVa86cOXJ924BKytiLxIkTm+xVTGcP0CseOHbs2Cix+WuoBwAXnzVrlry8sDaSJk1aygDCiWWnYMNHYL3cAuZrjr8IlcA7SGCGyFs84gYFuCr5GgJWShoBYZW1SKAI0v907NixVq1aYf8wgxYtWvj4+OCpkyRJQnjr16/fW8Pkku/evVu+fDmFZHWo0IULFwzXtiRu3brFxakY3srP7IlKIUakYlwNrFy50i7dD4h3165dM2fO7G4AzwXrwrMjaqnYD4ApNW3aVPI867EHooJ8VvaDieaCCyQv9Aht2bRpk8l5v8Ye0AqiLFwwQHDCoeX/94eOuXLlQuaVKlVCwrNnz4ZAUAirsAtr/x5QReomFR4yZAicUh2wBLZv3y5XxtixWVVqEnx9fVFCLhU9evSsWbPWqFGD2qLPeA/YIdGQ3Xz58rENcHFYGbucj7cZOHAg5+MoxKIFqVOnHjlyZICpKq0NGb1LhOXWJhM109kDwHRFLtAui3e54DSRskG8pgP/0uzfmDZtGlmOMeCJ9w0gobQs4SWLRcOoRsuWLVWRDiOQOclwgfbt26siG+L9+/fEBu5OGpEpUyaIo7xqJWZ06dIFb0uai5HjZBs0aCAdnnj8oUOHcg6kef369W/evOnVq5e8hMYQvL295cqWRdeuXakSdzRtcazAgMgWKVKEOru5uVlW4QPj+fPnREpkO336dMRYwAACHhH0x7kBdRODnThxIkY6Y8YM6WU1hvXYA6k8HJE7EnVUkSUwZcoUqTkZKtmqKg0m7t27J291jUFVESziInRBfc6cOWPcbQO9QFGHDRtG2CNC79mzJ02aNOg2RERd1AFw7tw5+SSNbPj48eOWDSjoedu2bbk4xk4rqFJTIR+ca4CToc/4AURKQ3ALKZ8wYYIwFemW4Lk8PDywPlqQfJvo0LdvX4I3D24moQkucG4yzBP2g6hVafBhFnt49eoVTYJ7DRcuHFmaZdki2kNKiu8YbgAGEydOHEwap8Mzd+7cWco1cCb0LQBQGvi1MSxbyR+Au0s0Qj47duxQpTqMQDCmHbG3+PHjn7bhmhcaiD0lS5aUsESiQEuxAdBnNE0UG8v/02iCYX4iX1LgI/DXnMA2qZ6V+pb8/Pxw9LAHsm3TlnkMDCxr6dKl1BxnZyXNxMrGjh3bunXraNGiRYoUSfIw43wL4HMRMiBdQwGACJON+fPna5YrBgvVk+bgZM07W4k9kEXIhIzFixfnvqrUEnj8+LF0aIN169ap0mCC5iNxzJAhg3FXDUkRIeHu3buIrk+fPgULFhRhauBkGgJFQmknT54scY4NdVEHQN26dakeVe3QoYN07FkWkCqZtyNWrFhELpP7foDxQG/krCmkBqTdokUL7SlWr17NTZ2dnUk5pATQjh8/fgwwysoG4MHREHF33bt3N0cOZrEHcPHiRRnrlDRp0kOHDqlS64DcbuXKlbsstGKhtfH06dNChQohmXLlypnf4RxaceDAATQHC4SGWtZTBxFkxlTAYPLfAB4tcK0IvVrejJtwcXGxVFwPAFhLly5duAUx+I8//lCllsC1a9fkvT4+ThVZFBs3boz973nrcFWpU6cmuaStCRLJkiXDcyHJZcuWURn5FZ6EkFa/fn3ZNQZ+liuQNhw7dgxRSH+Pm5vbHVOXvvwe8OkyHjxKlCjGw+IsAkLF1KlT5YOd3Llzk2CoA8HHzZs3Yd7y/W1gIGSknTlz5lKlSpUtW1YGGAmSJ08ugwAQNcmxupy9Aa9CJahV9OjRFy1apEotCmI5EkMyPDiaQ8avDgQfL1++1GbuadOmzZQpU8gfEDghWQpr1KjBE6mzDUtxJkiQIKJhwUxVZD8QptOnT48NUmdokCo1CeayByCDS/FxHTt2tAZnDInAB0F0UKOYMWPCN+3ydjlE4MWLF1gy9uzq6uphxoo4JoMsZPTo0fJJXuLEiSExFSpUoD7ski588xuHEydO5MiRgxNQ+/Llyx88eNC4c8KCOHz4sIxwxONrIdYiePfuXatWrbgyzlpm3bYsatasycXxCQSw1q1bDx06dMyYMZ6engSGlClTUj5y5Eh1qhFgDzTENxNiY/bAbqNGjbg+DsfijPPDhw+0KRevVKmSmePzv4mrV6/K13EIYfjw4arUJPDshH9YoNARDUmSJBFpX7hwAXaF8CHB6pjhvkLsiB/dunVT17I3qCRPQd1o2QBDki0IGIP0/cC6zOl3QUl69uxpEOc/cwpQ8ujRIwSOPNFSCnkcOVNAjiR81+6vsH18fCoalshG1OaP07QAe8CvyeizePHiGffM/MyALqQzrDiCD7KeMYQOrFu3DlUG2J5dOmmgvOLQU6VKtW/fPhzuwoULccGRI0cOsBovgCiMHTs2RowYON8iRYpY9gudACDJJpvhRmiRKrIceFKyPXhSmTJlLB4mhT2QjZ0+fRp+pkoN63ymTZuWJGz+/PmqyAiwB9jMihUr1L4RArAH+eaif//+ctSCGDZsGFd2cnKC6JjTqfs98CDoT1TD92IwZjNHHnA1NHDmzJn169fXVlSC9UKACBKgcOHCAV4YGQOBqwvZFVeuXJFhnjyCLKBvPaxZs0Y6DlH726Z+nI97J9IZRPgLFJBcUcpfvnwprzUDfFYjfR5kkjb+sCIAPhuWPhGuWatWLXO6vgQWYA9g8+bN+DjqVLlyZf3jAnQLdcFo4Zt4Sb3j4cfAA0rwdnFxIdfXTNGW2L59O+0FSClgMP7+/n379sXgcTTGi7Z/+vQJ88P1E3Tz5ctnVVW/e/du2bJlEQt50rNnz1Sp5YArmT59OoEc3jZixAjLRkphD7I0lDE8PDyIECazh8SJE2/YsIFdK7GHy5cvcwtcWZUqVe7fv69KLQ20S8IJ+takSRPzqRtqCQM+cuQIGYvkvsYoUaIEWj1+/PgzZ86QfIujFkBf1CXshxcvXrRv316kQSVVqdWArKpXr869UHu06E2ghfWDCFiOvJiOEycODSqF+C6ZmgXSJjQIvV22bFmiRInwGE2bNrVSJ2UQgUrLKP6MGTNa5JWfZdgDQtEWktE76gmByZMnR0Hhd/I1sI4fY9euXcKIiZd2efn14cMHCdVg+fLljx8/xqm1bt2aRmzbtq14Bx8fH5I8nG+UKFHKlSunTWJmDeB0BgwYIPUhXlqPUcnr24QJE27bts1SZoswib5c9nvsgbZeuXKlKjLCD9gDjs/afQ9Ue9KkSTRusmTJLP4JegDQoPJOKl68eLSvpSQPnSV6yQACDXv37l27dm0LA5CwKjWMe+jXr5/6pZ1grOdQH9sMaSdaacY+cOBAkwmEdFMhxqpVq968efPBgwc8DgRIXBkZNaRfPphiN3369Nboygo6oAvyoS8mRtpAVdUBM2AZ9oAxHDx4UF4pJU2a1EFmobELMOBWrVpFiBABv+BQH0Q5Mkj3tY+gFi9erEptCNz3/v37CU5UAGuvUaMGcW7cuHExDKsjLly4kKy0Tp06ZEigQYMG1ktMBVgTSTCVyZ07t1UJKM9okPovDRs2NNmNBgDmX6RIEbwqglJFXyHsAal+k3sR25D20KFDoQhbtmyZMmXKxK+Q+ROtyh7gT9SNajdp0kQVWRNEF3kXXrp06YsXL6pSS8DT07NNmzaB1wV1cnJCwqTFPGDnzp0JbLaJ1j/A9evXteGH+/bts02/o7Gx09xTp05VB4IJOJkYKd4+e/bsbm5uqO7WrVvlK/TKlStD14Q65MmT5+TJk7Z5um/i9evX1IeHjRgxYrt27Sz1ptIy7AGgiLNmzZJpNGrXrv3Tvuxfs2ZNnDhxUJrmzZurIh1BAOG5YMGCKA8e3C7s89OnTzt37pRJfMOGDevq6sp2+PDhMTkXFxfqJq9L8RfWHt0JNRFRxI4de8mSJVZNWeBttWrV4l5Y7qBBgyzi4E6fPo0z/e2336ZNm6aKvkLYQ6xYsbQb4co3btxI/j1kyBAMB8mTOuPZSUKQPBUzBgKZMGHC+/fvLc4e8KfyJQKu37IDVL+HDx8+dOzY0fBY/7xcsGwrc3FE3b17d2KGgEi2dOnSU6dOXbp0yXHGtlNDkUDOnDlt2U2LsS9fvlw6adKmTbtp0yZ1IDjAdubOnStuQUOGDBkkCGpIkyYNlMK+HQ9z5szB6DBJWLgFR5ZYjD0AlJIMhsAZOXLkMWPG2JFq2Qve3t4yC16WLFn0dxbBAtY1ffp0TJGYUaZMmXv37qkDNgQMmLytR48eJBNUQ/IGDexGjRr1xo0bFun0+x6wGjIYUgRuh9O3thy43dmzZ0Vp8S/nzp0z32zfvXtXsWJFXBVZHeQAIFj89dOnTzt06PDP+FjDAscwAEhSunTpSMGB9Pdq4PFpAsgE15EuH0AJBKJ3794yj5yl2AN1Q/eiRInC9YkHqtTKQM40LokWT8pj9urVC0GpYxYCDYHMBWbOcGBx8LCjR4+WQIsEatas+cKiq8P8J+Cg6A+hirvny5fPtI+uYWlXrlypV68eyomi0o4G5f1/kGysXLmS09QPbA4ec+HChXAaKhMvXjzLDtWyJHsA8JpcuXLRHo5AuGwMGiZbtmw8O27ozJkzqlRHkEHOXb58eTx4tGjRRo0apY1FsiXw6Sgt3nbAgAFFixaNHz++fN6Gd8ifP78N5ho5f/585syZ0SLC6sGDB82P5f8JbrFmzZokSZLwmC4uLuYvBLB//35XV1fasVy5chMnTvz9999LliwpwzMp/MenGnqMAY8puwCrcXJy0kpIRokuxHJcCnQNYF8kJ/ho7YeWYg/IHL9PE7ds2dLGefnJkyfz5s3L48SJE2fJkiV2f5VgG2BiM2bMgK3SiDB1LOuw5dbECjpQLW6N8EHdunXxP6aZG62GfpJXzJo1C83XJuFwdnYeNmyYxUlh0MHjTJgwAd3mAanMgQMH1AELwcLsAezZs0c+4CxSpAi2YUfZ2RKvX79uZliUjxSqc+fO5n8M83MCA5a5zwkky5Ytszv79PT0XLFiRYMGDWjTvXv3kqSqA9aBr6+vzGRArCVjUKU2waBBg7gptyatN3MtLjhW6tSpuVRgkP3Ix4qCTJky1alTB/GCMWPGrFu3jlxc8tECBQpIFysk8vr16wR4MGXKFCFzAouwB+4ir8Dz5MnDLVSpDbFhwwZIGxXIkiXL7t27ra1jdgdGffToUflggcBWq1Yti38wHHSg6jJrO4Cbmj8UGnVFS0Wl165dq0rthEOHDsG2eTQiMmpmcXdqefYA5syZg5ug0jSM47xjsyqgeCRPPDI+SO94MAcQZBlIRU5mrw847QI/Pz/SdPmkqm3btqrUVnj27Jm8vwD169c3Z9XcN2/eyIRLGmjKypUrjxs3btWqVXPnznUzLBkKKDx79qzWxPhuHK58jACqVKnSrVu3Vq1alShRAk4JAowENJ898JhNmjTBwyZJkmT58uUWn3sqiNi4caN0emfLlg39D90ZF+4RaigtmD59esuOGDUBFy5c0BZUqlu3rpXmjbUxSF9nz54t4zfTpElDRLZGILYKe4A+z58/P378+FS9Y8eOoT4A7NixQ/xa4sSJyR4+Oti6tyELEGRy0IQJEyJPV1dXuzsXmwHNkQnz27dvb5dsDDcqi0BGihSJzMmcXnQswsnJiUsBAvPMmTONh1Ffu3ZNsm1uRBNDNUaPHg2TyJw5MxYUeNWAbwKSYc4CP4KVK1c6OzvDHuAodnw5jc7DhOS5UqZMaZfPjmwDiJEMTAYdOnSwS2dPAFAlqtG4cWOZxyV79uxbt25Vx0Im3r17N3LkSOnDQ723bdtmJd22CnsAT58+bdmyZbhw4SJGjNipUyd7kXprA2Lk6emJK5R3FrNmzfpJ3tRYFTjTCRMmYMxIlXgW6vtyeN79+/fLa2AShZMnT6oDNoes44wPJaDWr1/f5MlteCLSelI6GYoIIYhhhOjRoxuPL6OVtSERnE+7a4gWLVrcuHHJQ9zc3IYNGwYLgXmQVwE/Pz9zbI0abt68OUWKFNw9wEJodgFP1K9fPyRDfaDOx44do4bqWGjB5cuXUSoaGpAWO06Wjxu/ceNGmzZtZBBl6tSpob92ZJPmgFA7fvx4DAoThsFbtSvLWuwBPHnypFq1argJPEKvXr1sPKTWNsDp44Dweng62OvP081uA6xYsSJ58uTItkKFCsZLzoQy4KQIY/LhOATCvnPZgiNHjuTPnx+zRaUHDx5szjo6ODIeJ126dMZcQQNsO2nSpDBvDcWLF1+4cOFSI2zYsMEa3y5hp8hcBormzZvXxusj/wDLly+HLVErguvKlSuNJ/kO6fD19e3YsSONDnUgv9+zZ4864EggTsmYx2TJkqH8Fy5cUAdCCLDW0aNHQ4BI2qtWrXro0CGrhiQrsgdw/vx5+VaEhKNr166hbAzEtm3bcHk8XdasWaF7Vl3y4OfE2rVrJYy1atXqqdGM0aEGHz9+XLNmjbwvgGSPGTOGHFQdsx+OHj2aJ08efBBVwmzNjGFeXl41atQoZoTSpUsPGzZsypQp27dv9zSCzfyD9o1Jrly5rLHGt8kgxZo+fXpKw4oV+Mw+ffqEgl5bAtipU6dq164tgTlz5swWH/xvKfz555/u7u6SEKL/MEtrzzpqKfj7++/du7devXrhDeu2u7m5yaBjq8K67AFAf0qWLMnzEAM6deoUakLsrl27MmbMKB4WuqePdbAG/vrrL6IXyoOQmzdvHsqEjFfduXOnhAoUiWzYcej1mTNnhPfHiRNn5MiRZkr+7t27GL4GG/i17+HZs2ezZ8+WT0KyZMmyb98+B/xIEq2QiYwIt5UqVbKjuCyC9evXI2oeB5BuyWyhDgvC8MaNG2W84W+//VaoUKENGzbY/cXWj4HfIL9CtvIGsGjRorbp2rE6e8BF3rt3r1mzZhEiRODZXF1d8ZIh+rPmDx8+wPLSpUtHO8moDrvMTPCT4Pnz5126dMGMw4UL17BhQ0QdOkaWEI/3798v3x8SzGbOnOloRnH58mX4MUoeOXLkGjVqnD59OqRLHl3q1q0bTBSuBmnz8vJyzLEFyBmO1ahRo7CGL/UzZcoEnwiJPvPTp0+jRo2SdzGYcLly5VAqq/alWwRoBSyzevXq+ByaIHr06KVLlz5w4AAcwqFMAEkiYT8/v6pVq1JViUeLFi16+fKlbbTF6uxBwHPOmTNH5oEgm5k8ebKDs7nvgTygXr16mDQPgleFOji+MYR04PQ7d+4s83/jSbdu3err6xuixf7w4cOWLVti6hg8RuHu7u6YBPTkyZNlypSRjyDg/YcOHQq5sxFcunSpcuXKPAggSzt37pw64Kh49OgRSZeMpY0XL97s2bOtvbqKBYF5Pn36FMXWpoSy4PIKtgGqTv3TpElDYJZHgE94eHg4yGjKV69eHT16tE+fPjI5AuSsYMGCGzZssKWF2og9CBYsWCBdWLDRvn37WnWVQmvg1KlTBQoUEOpAWjZ8+PAQOi43xIFUYPHixUmTJkXy+KPatWuTnKljIQrkLqRfEFAeBEXKli3bxo0bHWGsw/cAdevZs6e8TM2VK9f06dNv376tjoUQIN49e/bIlFDyFEeOHAkp7HPmzJnyCsnZ2blkyZLkYCFi+Pm6devq1q0rXWuk7/b6CNl8XLhwoWPHjjG+LmYB7xwwYIDdX76QfgwcOJBUSmqFhGVuRnXYVrApe8BiPT090Sr5FLV8+fIomTrm2Pjzzz+3bdtWokQJKB41Jw/bsmWLPtbBxtAWtQN40kWLFqkDIQfr16+HgEY1zLdIWkM2rw44MAhXpDgyzBDLLV26tLe3tzrm8Hjy5AmVR9R4WHhnt27dTp8+HYLeAnz58gXqU6xYMYPWq9FjjjwS4unTp3PnztVWCYer9erVK0QPeX7z5g2ep0yZMvJEACbatm1bgpftByrdvHmzf//+ZcuWjRMnjlQGUZOKo9XqDBvCpuwBkHvhjOBN8mUzImjYsCHOyGFfqWK9x48fr1q1qswqgw8qVaqUh4dHyO3CDbmgLc6cOVOzZs0whpUOCAa///474cHx80hqeO/evd69e8vLOzgQJmCbtRwtgnfv3h08eDBfvnyIHaRPn97d3d3BP6PFpTx79kx78xIlSpRNmzb5+fmpwyEHPAii7tKlC9QB4UeMGDF58uT9+vVzqDFAaPj79++XLFlSqFAhKKboSeXKlcndHeeDWHNw//59bBbL5blQJwIBwQvtmjhxImkkrsl6Xogrc33ECEug6SNEiPAPazB0R3Xv3v3ixYv2eu9pa/YgQOmXLVsGaUIQNAbOCNt49OiRQ4VkGuz58+fEJ5lCBOqQKFGiQYMGffjwwfHDVSgG7TJ69GgJw9AI0soDBw68fPlSHXY8ELH27dtH6KW2IFOmTMuXL3dYuvw9oPM40Bo1akjHCQ/SvHnzK1euOOAnhZ8/f3748OHIkSPFcvmfIkWKHTt2hGizRWH+/PNP5C9pDPInSE+YMOH27dt2bwI0HGbWrFkzYqoEVycnJ6iDXZbatx5ogkOHDhUrVkzrAeVhaYgYMWLwsOvWreN5LeuIoL937txZunSpkGDuJfclccqTJ8/OnTvt60bswx4EZ8+ebdu2rQz6QO0KFiw4Y8YMEjLCgzrDfoBOrly5slq1avKNcqRIkdimwuqwDntj48aNuXPnNpjSPzbcoEGDvXv3OuDYw+vXr3fr1k1W7sDmy5cvH6Jd6oMHD8aMGaPNQp0yZUr4tJeXl+Pkl0TTqVOnamt2YL+dO3cONbON4ZeIGXAI6VABZMA0we7du+0yHgKidvLkya5du2ojA+LHj1+1atWQ8kraNJw7d65hw4alS5fWnlqQPHnyevXqLV68eP369SdOnLhw4YIJZAKRQsrXrl3LdapUqaIxFRAuXLiMGTPS+kuWLHEEKvwrf6pq9gDCxekTCdC2T58+Yeq5cuVq164d/2WInO2BEV6+fHnDhg3Lli2D+lGCi6xbty6ZlswiosMRgN6eP39+/vz5mBmxgZJkyZJ16tTJzc1NPqaV0+wFvPzx48c9PT1JVjw8PDD1VKlStW/fHg6qvRIOoSDdWbRoETYr8zuRB+PREHvHjh2FJNkLFy9eROZY7o4dO6SEENunT58mTZoYu+BQAAgodGH16tX79u2TkiRJkhQpUgS3SWiRNWKsjSdPnly6dGnLli1Hjhw5ffo0JWgChL5x48a1a9cOEFZDJWDSBK/nz5/DElA5NtSBX36JHj069o76ETucnZ0zZ84sqz59D69evYKEyTbsgQueOnUKRi4lguLFi9O+FSpUyJ49u8Yd7Qs7swcBQRpFbNOmjSwNnCBBAowBf4QWpk+fXrrCrA3uSwqFMUDt4TSy1ju3btmyJRVzcXGRDlsdDgU/Pz9vb2+C2eTJk2mvmDFjYqV4z549e5IZ2EZzAgBFwvgnTZp04MABeRkXIUIEMpJu3brhUCIaVsEO6YBA+Pr6rlmzZtiwYZJd8Yz4tVKlSmG5ZcuWtaXkqczRo0cPHz6M8V69evX169cUUoHy5cv37t07W7ZsDuJqLQ581LFjx8aOHSsLwVBC9kW4ypkzZ968eWPHjl2gQAHp2bUgiG0ibQInpkcdKETarq6unTt3LlmyJAxSezH/kwDe4OPjA5ODUtMiOCJ14CucnJx+rIQkG0+fPlU7X4FU+VWdOnXwaQULFiQpihMnThTDSs4OAodgD4Bq4I8WL15MNnnv3j2kCZMNHz58pkyZcEkoZYYMGeCzFKofWAJ49g8fPnCvXbt2rVq1CnfPNubBIewQ4jJ8+PBChQr9bMYQ4kA7Pn78GAJBO16/fh3rlZFlrVu3Jtf/T9M1H+gMmoMu4TuWLFmCY5XB2FQDRerVq1e7du1CnxZ9+fLl/fv3Hh4eBDAIE48fNmzYMGHC5MuXr0GDBqRK0Dj5Vt7iQLYI3N/fn6ZHtiTiNAH1wT9EihSJ5GzIkCEkamyrH4RSoOqInaC1du1adA+BAKIOcuB/0aJFJU9t1qwZvpTAgxJSrn4cBCBSUWzsC/fI/zlz5nALkbZoOJy4RYsW9evXh6+gAOqXPx8QCNr46tUrkpkHDx5AJnACyAopiRjZUKd+B7Qa8kSGNFnSpEk7duwIA5aVQaRB1XkOA0dhDxogs3CIgwcPEgagYyiulEMjOnXqlCBBAqTp4uLi7OxsmjvG3rgsTIX/586dw+SOHz8uXd8AG0uRIkWyZMmaNm0K6ZNCHSEFJGFTpky5du0aqQB5PyVYXdu2bd3c3EjCYJ9x48aVr4UtAnzo3bt3yTxOnTqFFqFLd+7coRw7J10g/ytWrJh4VTk/tOLNmzfk/cuWLUMOWv8tkh8zZkyaNGkIWgif3NQi7u/Zs2dkFzSul5fX1q1bYS1Sjtsl7SbNABUrVpTCnwowuW3btm3atOns2bNXr14N4Njxn4gFRqXxORm0LtsBgBpLEvXw4UPkfPToUWxKDglQadg5Sl64cGGYon3fWDksIBOwOjYIaohRRApev34NySDQvHjxAr3VuhOSJEmSO3duQhukQUocHA7HHgRQNk9PTyR+4sSJK1euSP+YIHr06Khs6tSp5VUCoscxUYi3Sps2bYCeOnwNek+zvXv3DjoCGfzrr79u3rx548YN/v/555/qvF9+wQCyZMmC68HAgN7fEHJBRIcXkgGQkuJSpZAwhrMjwKAkACaBFqEzcjSIwFjQHFwq2/y/ePEiKsrtjPUzY8aMVapUyZYtG5lfqOcNxoCR79y5c9asWVgczlGVGiINwodIIf9KlSoRddSB4AA6iB/gyggcjiITHsghMjOuj+U2bNgQsVuptyME4eTJk3AIQv7Lly+RGFmvOvBv5MiR43vd4Aj5e78qVKgQ4a1y5co5c+YkiwuuBekAJKsPHjwgysCDiVyxDNNxhkQ4KHsQwCFwSTiOXbt2YRLotJ+fnzr2FYR5tFm6d9igMdQBAyANXAHGgDE8ffrUmC4AfoIJQURIE7Nnzw6B0MdFhhqgNmRg5GEeHh7QCFVqpDC0O9qSJ08edolqBCdiEjpAtAsfPjwMg5O9vb1JrLmO/BanTFpGCdskEHBTzXwgDaVKlZLuevK8nzOGYWiEKyyO/4sXL4b6G7sX6D6S0b7XAJJsyUSWgbF+/XothkFHnjx5wpWNh5LRcDRf48aNkyZNCimR9RR0ALJeSC3UGaEhMSQp5Rs3bgzgA/8TUAScJOItUKAAu6lSpYoWLVooG4WqwzQ4NHsQUEOcyIcPH86fP08kgFDv378f1vbZMGHcF8M0HerU/wI+Xd4h5cuXD+rH7u+//87/iBEj6ilLqARuFB967NixQ4cOrVixAgZJhJNDKBXKIC8aScI4E41CNyj89ddfJaRRgnZxSH4CnWWXo2gL/+U0qOfw4cNTpkwJI7H2AIuQAqzy7du3Dx8+ROYHDx48d+6c2KnWeStA2sgfMar9f4OwZ+ydRNr8hPbq0qVLq1at2ODnUMDvXUEHQIYa5WIDPrFmzRrZxQTwpbdv35ZdDY0aNYIisAEbzpIlC0JG7Ki3HNWhQxAC2EMASIVh1keOHCH/4z9MQg79JypUqEBymT9/fvJO3eP8bCB6eXl5Xb58WXaXLFlCMCPISV+CgBwXiqB2vgLvGSdOHJhBrFix4BZsk4eRQ+Nha9WqxQm6Lv0AGOy1a9cgcN7e3rD/Z8+eaYOZyAS0V0sBINLWBIuoSX+rVasGV8uQIYMucIvgB85fl7CO/0TIYw86dFgQJF63bt1SO7/8AreQYQ3GiB07ds6cOePHj0/cIglTpTpMwqlTp168eCHbFy5cIBWW7QBIkCBB+vTptTH8yZIlS5s2rR7SdOhwHOjsQYcOHTp06NARPNh5Sj4dOnTo0KFDR4iDzh506NChQ4cOHcGDzh506NChQ4cOHcGDPu5Bhw4dOnTosA/279//6dOnWLFiffnyJfCERiBVqlSpU6dWO44EnT3o0KFDhw4dVgTMYNKkSdq0XcZ49OjRX3/9FSFChMATogiKFCni7u7ugDN06exBhw4dOkI5Pn78+ObNG2KY2jdApoQSBJibS9Zqkm0C2/fmA9URRBD+Bw8eTCtEjBgRihApUqRff/0V0kCLIFv5FJlD/Deet/DDhw8vX76kLbZt2+bm5qZKHQY6e9ChQ4ft8PbtW19f3/90O5z2/PnzlClTyi7u1bIrnP1U8Pf3X7p06bBhw4znMkGktWrVChNGDX1bt26dNqcqiB07toQrTsuXL1+TJk1kXSEdpiFVqlTe3t7Ozs7NmjV79OhRiRIlfvvtN1mvMV26dDKLTP78+SEWxjMZ7t+/v3jx4mxs3769bNmyUug40NmDjp8aJGQ3b96UGQ/9/Pxg+rKuNA6X6BU/fvzA66VxgmO+hnR8IO2pU6ceOHBAmy/8e8Cr3r59G38quwQ5YhjxT3Z1BAsnTpyoXbv23bt3ZTdatGguLi5RokQhnml8Ap13dXW9ePEi24kTJxbeduPGjSdPnsDb1q5dW7hwYcOJOkyBsIc6derMmjUrwGJMPwCtIy8sdPagQ4cDoX///ufOnYM3kAFI1vXhwwdIAwlu2LBhKYFMxIgRI/DkkjjWoUOH5s6dW+3rCDK8vLwaN258/fp1tW8AAk+bNi2H1P5XEM/KlSuHz/Xx8Xn9+nX69Om1WcZ1BAs7duxAkmwsWrTIyckpYsSIJMHQYvixthoqeh4vXjwhE7FixZIlx+BwjRo1QvizZ8+uUaOG4UQdpgD2QGYyduzYFi1aqKIgQNhDpkyZlixZkiVLFlXqMNDZg46fEVeuXClYsCCpcOrUqUuUKBHERXL//vtvDw+P06dPk0A0b95cleoIMvbv34/3hK5t2rQpXbp0UhgmTJjw4cNri19o+PXXXyNHjvz58+fNmzd369YtQYIEOnswDdeuXWvWrNmxY8cePHiQKFEiVRo0ELRgbzp7MBNp0qR5+/btnDlzKlasqIqCgGfPnhUoUCBhwoRz5851xP5O2IMOHT8hYsSIQcp79OhROIEq+i9w5qlTp7Aa2IMq0hEcHDlyBDcKVwu6zMG6devImF1cXF68eKGKdAQHN2/eLFKkCHoLe1BFQUbmzJlprzVr1qh9HSaBZCN+/PjwYLUfNDx69AgCnTdv3qtXr6oiR4I+W5SOnxekvFGiRNHGKP0nODPoJ+sIDFdXV+kSNwEfP37EmaodHTpCFNKlS/f58+eXL1+q/aAhXLhwKVOmvH79uq+vrypyJOjsQcfPi/fv32vvfXXYADjBd+/eqZ1gglwHAqF2dOgIUfD29n779q0MSg0u8FHfW8jevtDZgw4dwcb+/fu1ZaZ1BB3JkiUL4hCTwPjw4YOPj4/a0aEjRCFhwoRfvnyBQKj9oCF8+PAuLi5qx/GgswcdOoINEugAE+/oCAoiR45sPBmODh0/CWQmqODi119/DfzFuONAZw86dOjQoUOH48Lb29sB0xWdPejQoUOHju/izz//PH/+vNrRYQ8cO3Ys8CfNdofOHnTo0GFTfPz4cdu2bWonCChatGiMGDHUjg6bg7h18+ZNtaNDx1fo7EGHjmCjbNmyzs7OakdHMPH3338/e/ZM7QQBsWPHDjzjp46gI0yYMGHDhlU7OkIgatWqFSVKFLXjMNDZgw4dwQbBTJ/4QUdIAYHHyclJ7QQTMWLE0FXd7ggXLpwDtoLOHnToCDZu3rzp7++vdnTocGz4+fk9ffpU7QQThQoV0tbh1KHDGLpa6NARbFy7ds3kWY906LAxokWLJi/atmzZIiVBR6JEifS+Bx3fhM4edPykyJYtm9rSoSNUI27cuGnSpGHj3r17UqLDLvjy5cuff/758ePHDx8+kH68+TfOnDkzbty4Ef/Gxo0b1Y8dDzp70PGTwrRpj8OHD2/ybIk6dNgF5oya1PvYLIgtW7bUqVOnffv2rVq1ypIlC57EGDlz5uzZs2d/I4wePRqeAfmLGjWquoQjQV+hW8dPimLFivn4+MybN0+WHwwiHj9+3KJFC9zx3Llz48WLp0p1BBmlS5c+dOjQ9OnTmzZtqoqCgLRp07569Wr27NlVqlRRRTqCg0GDBg0dOrR48eLlypVTRUZwdnZ+/vz533//rfaNsGrVqkuXLnXv3p2fqyIdwYeHh0eDBg3wHrIbIUKE7Nmzy3Zg0BzG63HnyJGjcuXKkSNHVvsOA5096PhJAbVfuXKlzh5sDNgDnpQY1qRJE1X0X3j06NHgwYORuc4eTIawB7UTCCS+r1+//l4s4CiSr1GjhtrXEXzAzHbv3g1Fk93w4cO7urrKdmDEjh07ceLEaseBobMHHT8pYA9jxoypWLFis2bN7t279/nzZ3Xgh4A9TJ06lRxuzpw5OnswAb///vvMmTNxO9GjR1dF/4VPnz69e/cOb3vixAnH7MJ1fOzYsQO9TZgw4c6dOwsWLBg2bNi9e/cS0urVq6fOCARfX18YW9y4cWPGjNmtW7do0aKpAzp0GKCzBx0/KSZNmjRy5Mhff/0VFykLZhKZyAnk6MePH9++fYvfDLyqE+d36NChc+fODtiX6Pi4evXquHHjjh8/rvaDBmTes2fPhg0bqn0dwQR+Xl5MsCHfUMjuD8ZDSGiQk5G/oUyHjv+Hzh50/KSAH5CQyfauXbv4nzVrVq074eHDh6dOnSJLCzzNTqxYsbJkyQKxUPs6dOjQ8fNBZw86dOjQoUOHjuBB74/SoUOHDh06dAQPOnvQoUOHDh06dAQPOnvQoUOHDh06dAQHv/zyf70xsaL6BYToAAAAAElFTkSuQmCC</file>
    </questiontext>
    <generalfeedback format="html">
      <text></text>
    </generalfeedback>
    <defaultgrade>1.0000000</defaultgrade>
    <penalty>0.3333333</penalty>
    <hidden>0</hidden>
    <idnumber></idnumber>
    <single>false</single>
    <shuffleanswers>true</shuffleanswers>
    <answernumbering>none</answernumbering>
    <showstandardinstruction>0</showstandardinstruction>
    <correctfeedback format="html">
      <text>Your answer is correct.</text>
    </correctfeedback>
    <partiallycorrectfeedback format="html">
      <text>Your answer is partially correct.</text>
    </partiallycorrectfeedback>
    <incorrectfeedback format="html">
      <text>Your answer is incorrect.</text>
    </incorrectfeedback>
    <shownumcorrect/>
    <answer fraction="0" format="html">
      <text><![CDATA[<p dir="ltr" style="text-align: left;">A</p>]]></text>
      <feedback format="html">
        <text></text>
      </feedback>
    </answer>
    <answer fraction="50" format="html">
      <text><![CDATA[<p dir="ltr" style="text-align: left;">B</p>]]></text>
      <feedback format="html">
        <text></text>
      </feedback>
    </answer>
    <answer fraction="50" format="html">
      <text><![CDATA[<p dir="ltr" style="text-align: left;">C</p>]]></text>
      <feedback format="html">
        <text></text>
      </feedback>
    </answer>
    <answer fraction="0" format="html">
      <text><![CDATA[<p dir="ltr" style="text-align: left;">D</p>]]></text>
      <feedback format="html">
        <text></text>
      </feedback>
    </answer>
  </question>

<!-- question: 126849  -->
  <question type="multichoice">
    <name>
      <text>Question 19</text>
    </name>
    <questiontext format="html">
      <text><![CDATA[<p dir="ltr" style="text-align: left;"><span id="docs-internal-guid-e2de840a-7fff-3c69-15aa-779fd113c851">The images depict a square piece of paper being folded, once folded, a hole is punched into the paper. The paper is then unfolded. Where are the punched holes located on the paper?</span><strong> Select the correct answer from the available options.</strong><br></p><p dir="ltr" style="text-align: left;"><img src="@@PLUGINFILE@@/19.PNG" alt="" role="presentation" class="img-fluid"><br></p>]]></text>
<file name="19.PNG" path="/" encoding="base64">iVBORw0KGgoAAAANSUhEUgAAAy8AAAHTCAYAAAAu4id7AAAAAXNSR0IArs4c6QAAAARnQU1BAACxjwv8YQUAAAAJcEhZcwAADsMAAA7DAcdvqGQAAP+lSURBVHhe7N0H2DVVdT78f9qXmEQTY+yJNYICdjSABVEQUCwgCnaMKEpsIIoFFSkC9oZiV0RFRY2i2CuWaBRLTIwxanpM1PQezfny2zzrfcdxnzpzyrzvuq9rrueZc+bM7LL2Wutee+09/2+USCQSiUQikUgkEgNAkpdEIpFIJBKJRCIxCCR5SSQSiUQikUgkEoNAkpdEIpFIJBKJRCIxCCR5SSQSiUQikUgkEoNAkpdEIpFIJBKJRCIxCCR5SSQSiUQikUgkEoNAkpdEIpFIJBKJRCIxCCR5SSQSiUQikUgkEoNAkpdEIpFIJBKJRCIxCCR5SSQSiUQikUgkEoNAkpdEIpFIJBKJRCIxCCR5SSQSiUQikUgkEoNAkpdEIpFIJBKJRCIxCCR5SSQSiUQikUgkEoNAkpdEIpFIJBKJRCIxCCR5SSQSiUQikUgkEoNAkpdEIpFIJBKJRCIxCCR5SSQSiUQikUgkEoNAkpcB4n//939H3//+90d/+7d/W46/+Zu/Gf3VX/1V+ft3f/d3U8//+q//euq54zvf+c6PfB/n/o/vv/vd75bz9ve166O8k879Js79dty5w7Ob348793/8Ptpi2nm0xSznf/mXf1meo/yznvu/dq4cfZz//d///eg///M/tySmO/7xH/+x1KHdBtp42rkyjTt3vziP+086jzrWzpttUDt3L7/p+9z/PpvnPOruXH85V9Zx5/4693kf5/53KNe0c+Udd+5/Rx/y9oMf/GD0b//2b9vGrfsri2fG82Y5V8c4j7b2v3uOO9cX/nY5j7apnU8aB8rRPm/+vnau/HEedR137rd+0z73/6Tz2u8dzevjPNpi2rm/486bfRfnntM+JyM//OEPt6RmMfj9f/3Xf5V7+fvf//3fpQ/+5V/+pZw72uff+973Rv/6r/9a/ifr7XM2Oc7/4z/+Y9u5e//7v/97Ofe8//mf/yl/m+euM4acGwfO/+Ef/mHbuXI0z//5n/+56OQ4/6d/+qdy7jnq1j73v8+Uy7l7+cw5fyLO1SO+d71z5Yvfq5v6NM8dce47v4lzv/WMOHdv53F/z1bG+L55ro7O1XHcuftpK+faqHnub5xH2zl3XbOt49xzlTfOo60Sm4kkLwMEBXHaaaeNHvrQh44e/vCHj+5973uPDjzwwPL3EY94xOjII48cHXzwwdvO73nPe47ufOc7l/NHPvKRo3vc4x6jQw45ZHSf+9xn9KhHPWp06KGHju5yl7uM7nvf+44e/ehHj+5+97uP7nrXu47ud7/7jR7zmMeU/31///vff3TccceV/332wAc+cHT88ceXezmc+73/XfOgBz2oPD+uf/CDHzx62MMetu38IQ95SDni/Jhjjhn91m/9Vvm982OPPbbcI86V3TPi/p79gAc8YNv3zpXRd3e7293KuTr4Th3VRZ19f9hhh5WyahO/P/zww0tbxLk2c64t73SnO5W/nh9t6z7qdsQRR4zueMc7lufoizhXTvW5173uVc7VQ3/FubZQd8854IADyv9HH310KUecu0Y5999//3KvOL/DHe5QnuV6567Xrr7Xd86f9axnjb74xS9uSUx3nHPOOaWO0SbRRtpYnbWpujn3uXPXOVcn59rWuTL7vTYkT87Jp/vrE+faXN9q4/j+qKOOKvWO78mKNo3zkCd97VybaKM4/+3f/u3yG22kD91bv5CVgw46qNQtzl0f8ubc813vnDwpv3NlVDefuT/5851nxLl7KaNzdTRWtVV8r7+0lbr5Xn9rK33uXH/7q67GqHPPVVfX3f72ty/livP99tuv1MO5vtl33323nesb5yF/+sbvtZP70w3K43vn2k7bxPXRFnGu7o6zzjpr9IUvfGFLWhYDh+ODH/zg6PGPf3zpJ+2hLbSd5+lPZXMe5XWuDs6Vx9hSR//7jbZ27lryE+furc2afaFt1dV56AJyEufaUt39Jafuo6/1Hd3SlPOQa+fknNw39axzMuL3ZMB5yJVyuX+cKzdZ0/bO9aW2iPOoe5yrq7rH7+lR7Rnn5No9lcW5sntmnCt7yLnPfE/enDu0BXn0nWe6nzr5rTo7V2fn5EnZnRsH2tK5NtLW/sa5vnSdvolzbaOuzfMPf/jDxSHtAr//4z/+49GHPvSh0R/90R+N/uRP/mT0uMc9bvSWt7ylnH/9618fPeEJTxi97W1vK+d/+Id/OHryk588euc731nOv/KVr4ye+tSnji688MJyfskll4xOPvnk0UUXXTT6xje+MfrsZz87OuWUU0bve9/7Rt/+9rdHn/zkJ0ennnrq6P3vf//oL/7iL0Yf+chHig3/wAc+UMiZ684888xyjjR5znOf+9xSPudvfetbRy960YtK3ZGeN7zhDUUnf/SjHy2O9mtf+9rRy172stHHP/7xQgJe+cpXjl7xileU53LGXeuzz3zmM8Upf/GLX1y+/73f+71CNl74wheOXv7yl5cxjBT43vVf+tKXSvnOPvvs0atf/erRV7/61dGf/umfjl7ykpeMXvOa15Q2VP849522iXNk8/Of/3z5vXP3/t3f/d1y/1e96lWFLHzqU58avfSlLy3fIwvqpLyvf/3rC7nQBuqmzoiStvL9m9/85lKX97znPeX3+kq/6hPP89fz3vWud41e8IIXlN85/53f+Z3Rs5/97NIHCKjzZz7zmaWtkO13vOMd5Vy5XZ/YTCR5GSAMYIZzr732Kn8pd0aCs0OhMl4+j3OGi8F13dOe9rRi/BgDRoLCZZgYDUbu6U9/ejFMzhl0Ctj/DkaGAo5zRuz0008vxtv9GFy/97/vGcGnPOUp5X/G7bGPfezoiU984rZzxsIR54wFI+73zhkL94hzZQ/C4TeUP0MZ3ytLGEp18L06OVdHdQlDyDgra5xrE22hzdSH8XeuLRlcfz2fk8BJ0Xba1nk4pk960pO2nWsb9eFYOFePE088cdu5tlB3z+HU+P+EE07Y5lxz4FzDyeAguJfzcCo8y/XOfa9dfa9sN7nJTYqRp7z7gnvf7GY320YotZmykwd1cu6vPlAH59qiea5t9Yk6hbPu9+pAPrWhPnGuzfWtNo7vOVHqHd+TFW0a5yFP+tq5NtFGcX7SSSeV32gb48O99QtZ0W762zOcuz7kjWw5d71+da4+ZDscNZ+5P/lTN8+Ic79VRvKsjsaqtorv9T/5Ujff609yqc+1t/72ubrGueeSEddxIpVT3bUxB1s9nOsDTqN6OtdnzvVnkAROpnP317fkL861nbaJ67WNvohz7Ugu3IcT0AWcJE7J7W53u0JCtIe20Haepz2UjfzoV+XTdp7tXP2MLef+9xttrc6u1SZx7t76stkX2lZdnZMFbat+ca4t1d1fcuo+5EDfOdd2ZMHvQq5975zcN/WscUFGfE8GnJMhsqNc7hfn+pasaXvX60uyHefqHn3jXF3VPeSU3JH7uB+51hbK4pxe9Iw4V/aQc5/5PvSqQ1uQR/97pvupk2eps3Nj2720iXETbanN4lxbazt1c64v/U7fkGPnnquuzpHya17zmsWJ5rB3gd9zVt0bUeB0n3HGGcUR/uY3vzn61re+VQg5h9c5QsLhRS4QHQ778573vEImfM+p5yB/7GMfK/fi9CMEyASygiQgHxdffHGZRfr0pz9dHHjnHGjXccCVSdmQeM59nCvX6173uuLom0VQZs48MoL0X3DBBaM3velNhTRxuM8///xyeK4Zhje+8Y3F2RfQ4vCfe+655XtEgz+B/Pj97//+7xcC4HvXI23Kh0ggdsiKGbPzzjuvECrETFs5VwbfaZv4HvFyT793jkgpQ9wfeUES4vfIC3KjvEgE8qINnKuzwO0nPvGJcv7ud7+71AXZ0Rb6yuyJPnH/ILnaEjHyO8/Xh4ibPtCWzpEjbUUHIZjOldv1ic1EkpcBgrJhxEUNGTkRB8rHX1EKSoCii3NKwmBunlMmb3/728sAp7QojzinCJxTHqIT/ndwTiiKOKdMKGv3cohw+L3/fc95pjj8756UDQUT56JUjjj3nWvinFJxD/dzruyeEfdXFmWK75XFefze9+rkXB3VRRu43rmyxrk2aZ5T1M6jLf31fApYW7tv89xzlTfOlVN9nFOc6vHe975327l6qrvnMMb+Z6CUw7lr45wRcy/nDI6IGAXrXD3ie/d8/vOfX6LFoumu6wuclb333rvcU9tGG2ljdXLurz4I+Wqfa1vXq4NzbehcHcgnedPmzrW5NtXG8b02Ve84D3mK60Oe4jzaLM71j98wfM7dW7+ojz7zbM9wHt+3z8NpUH6y3ZS3OPedZ3iec79Vhjj3LG0T5/pb2zjXBvrTufJrI23uczIR536nrq5zrpxxLoIa557jXD2d6zPnIX/6hiF37v4hf3Gu3Mob16tntL1z9zI7glBxxrqgSV44wfpaWyiD52kPZVNG/ap8zXPlMbac+99vlF2d/VabRNu7t75s9oU2jvPQBfouzv1V9zh3X31NNzj3XLLgdyHXTbl37nt9aFyQEd/rS+chV8rlfnGu3GQrzqMt4lxdtUWc+197xLm6+U2ch1wri3Nla5+HnPuM3lRG/zuUTVv53zXup05+q47Nc23iPNpSm8W5ttZ26uZcX/qd8sa556qrc6Tospe9bCERnOQu4OAjGM95znNKfTixCIQZF2TBgVggLf7nwHOinZv54JQjEoiL78kuIsGZdy8EJc7NhEh545QjNhziP//zP992jly47nOf+9zoz/7sz4oDjiBx6uNcuczuOOewf+1rXyvldx/nyBMigiiZSfG/w3P5C1/+8peLM25mAWFAIHxvZgRBcO84d73vXS+lT/k8yzO0g/rEebRVnPtO28S537pnnLu3MsT9kRVljO+lhamD8iJOvldn5+qsrNpKWbWJuiBPvtc3yI0+cX9/PU9bqp/fOXedto22c67tlUPfOCdz5NVvtWdi85DkZYAwQEWiRNQMQgM+kQCRMVHWW97ylsXI9wXRXZFWCj6VeSLAcRE1l8pGH3UBp4/TbWZDFDuRaIKze7WrXa3MDHEwu4BTTI9xtjmwiUQTZmH22WefQuKRscTmIcnLAIG8mNIXDRexS/KSCIguSUGRTy7vty9IK5GSk5GoRBNSVqTeSBGSZtMFnASzEdKL5P8nEk2IzF/nOtcpQRkzFl2AsIi8mwUS0U8kmjBrIz0y171sLpK8DBCmPuWCi4RLB0jykgiYGZHKI59eWkZfQJStleBASGNIJIBh50xaIyFPvAukl0g9k/JoHUQi0YQ0ot13370sBpeW1QVIt1Qh63mk3SUSTZiRs3mBgIpgcWLzkORlgEBeLDSVFy6/OclLIiBf2MJQC4utF+gLFohbGC5KmeQlEUBenvGMZ5TUsa4zfdYNIEBmDUU9E4kmkJcb3OAGRb/1sebFugmL6mUvJBJNIC18K7NzmWmwmUjyMkCIBIiEW8BoYVqSl0TAIkZE46Y3vWnZ7rEv2MHIbI7FlhmJSgSsebGD1G1ve9uyG1gXiIZbrE239ZnymNgxYM3LVa5ylUJs6blEYlmwE9muu+5aNpwQVElsHpK8DBBJXhLjkOQlsUokeUmsCkleEqtCkpfNR5KXAULaWLxvwDaTSV4SAdtKWoNgK21rX/qCNQ3WWXEacneeREBuuCCK93l470UX2JbVVse2XfZelESiiT/4gz8Y7bLLLkXOpPN0gS187cxogwg7SyUSTUhLlHbtnTVkJbF5SPIyQCAvXiyHwNjKL8lLIkDpej+CF/V5z0Jf8BI6axFEP1OZJwLei8CZtJV21/cKWYTtPUVmcbpuu5zY8WC93Q1veMPyLiCbO3SBbblF173c0ztrEokmrOu045jgjHfJJDYPSV4GCGk73mbsbcReKJbkJRGwVbI3RXvLujc294XYKtn7FXIBYyIg1QvRsHX7s571rK1PF4NFsgg3ObMJQCLRhJ0Or3vd65YXS5ph7gLOKV3pvUICMolEE7bilnbt5Zn5lv3NRJKXAQJ5kTJmHcJnP/vZJC+JbUAuRBO9YOu5z33u1qfd8djHPrYQ5tx9JdGENS/WqBx44IGjpz71qVufLgb38qZ3s4ZdU9ASOx6QjKtf/eolpdD7prpANJ1Tag0fAp5INGEtsUwD22h///vf3/o0sUlI8jJASBvzjhfbk37kIx9J8pLYBhEjL/iTVrismZdc85IIcPxOOumkMvNirVUXmHk599xzR4ceemjOvCR+DNa89DXzIvX1W9/61ujCCy8sWyYnEk2wo/QZ2ciZl81EkpcBAnk5/PDDyyLZ973vfUleEttgZsS7C7ylvOsahCYs2LeQWt55kpdEQE64SLiZYO/f6AIL9m0ycfDBB4+e/vSnb32aSFwK5OX617/+6AUveEF5GW8XcEiloXmv0MUXX7z1aSJxKewwZi0UEpP2bjOR5GWAkDZmAbU0jUsuuSTJS2IblrVVslS0+93vfmVDAOQ5kYA+t0q2iPr9739/0W3etJ9INNHnVslsZvNIJJqIrZLf8pa3lKBKYvOQ5GWAQF6OPPLI0THHHDP68Ic/nMo3sQ2x0NAsiV15+oK0Mek8thfNSFQiIG3sKU95yugBD3hASefpAk7C6173urLN9+mnn771aSJxKcy8XO961ytr+fpIG7Nu5m1ve1tZ35BINPEXf/EXJYBC5v71X/9169PEJiHJywAh8s3Ai4TbLSXJSyJA6VrrYk2Ud2b0hUc84hFlBzPK3E49iQT88z//8+iss84q8tF1jZXtb1/ykpeM9t9//86L/xM7Hv7wD/9wtPvuuxen0gxwF0h3/PznP1/WB3oxaiLRhFngT33qU0Un5QY1m4kkLwME8mJNg115pFkkeUkErHnxrox73OMeo1e84hVbn3aHVDSzOV7aleQlEeAEnnrqqaOjjz66rLXqAnnm1mkhyaeccsrWp4nEpUBerHmh3wRpusCaF4EYLyLkpCYSTSAt3q7vXS9p7zYTSV4GCORFXrh0jVzzkmhCLrjF9Te72c1yzUti6bDmBXHZd999e1nzYgMS76/KNS+JNvpe8/LDH/6wbJn8gx/8YOvTROJSfOYznymzfG9961tzzcuGIsnLAMF5tP7g/ve/f6aNJX4EIpJSbzJtLLEKSBuTeuNdL32ljR1wwAGjpz3taVufJhKXwszLbrvt1lvamMCfF6t+8IMf3Po0kbgUgjIf//jHy3uAMli3mUjyMkAYTPe6173KLj/ydZO8JAIWslrQ6p0sfaeN3e1ud8u0scSPgBMoxYsusoVtF4hwSuNBkqWiJRJNCJzYAaqvrZJt+26DiN/93d/d+jSRuBR/8zd/MzrvvPPKe83S3m0mkrwMEPmG/cQ4LOsN+yeccEK+YT/xY5DqZdbF26i7zpbkG/YTkxBv2LcTnbUIXSBdzC5S+Yb9RA12oPO+qfe+9735hv0NRZKXAQJ58UZr614++tGPJnlJbMO3v/3t8nZyilcKTl94zGMes+0N+0leEgGO3xOf+MRCbKXgdMH3vve90Rve8IbyAt4zzjhj69NE4lJ4qeR1rnOdXt6wL5ruHjIXpKMlEk1861vfKi/flVooNTaxeUjyMkBIG7vLXe4yOuKII0a/8zu/k+QlsQ1ywaXeHHXUUaNzzz1369PuQJQRoq985SvlHQmJBEi/McN3/PHHd05TlKohJcji/5NOOmnr00TiUkjz2mOPPcraKuujusCMoRcRIt7vfOc7tz5NJC4FG2dTCMEZs3SJzUOSlwEiF+wnxsGC/bPPPrtEwvtesH/IIYfkgv3Ej0BU0iyJHcK6zvRxSDmmd7zjHXPBfuLHYIbkBje4wehFL3pRLwv2pQYh3l70nEg0IVWMXFhblZkGm4kkLwOEtDGR9eOOO67sUZ/kJRGQC24L7f3226/zezeaEFm3SYS0tFTmiYAItpRCmzlIs+gCDsMFF1xQtuR+9rOfvfVpInEppI1d4xrXKGRZWk8XCABKU/zyl7/c+Z0xiR0PiLIt4O04RsclNg9JXgYI5OVBD3pQcSiTvCSaQF6k3NzudrdL8pJYOoK8SGPtukMY8vK2t72tzCgneUm00Td5sUEEJ9Wi/USiCbJGD1lTnORlM5HkZYCgeO9+97uXCGWmjSWayPe8JFYJ6Td9vefFG/bdI9/zkqih+Z6XroQj3/OSmATE9hOf+ESRswzWbSaSvAwQyMs973nPfM9L4sewrPe8eGt/vucl0QYn8OlPf3qv73mxtirf85JoA3np6z0vtkm2AcBrX/vafM9L4sdg8xA7H+Z7XjYXSV4GCGljD3vYw0ZPfvKTR5///OeTvCS24Y//+I/LWqhb3OIWvabePO5xjyvbc3MakOdEAkQojznmmNEd7nCHoo+6QHrGRRddNHroQx/aa8pjYseA97xc9apXLcT2T/7kT7Y+XQw//OEPix6z4cR//Md/bH2aSFyK3/u93xvttddeZTfX7373u1ufJjYJSV4GCOTlyCOPLE6DHTGSvCQCf/qnfzo666yzyhqEc845Z+vT7nj0ox9dUhWRozT2iYCtRG0QIT+860tRzbx44zk5866iRKIJ6xB+4zd+o8iZl+V2ga1wrQ98+9vfPvrSl7609WkicSnIlwAKmTNLl9g8JHkZIESM7nGPe5Qdx7wBNslLIkDpSquQVigFpy9Y84IQSbVI8pIISBuzy5jZEmsRusCal5e97GXlbf1S0RKJJqy3kzbGqey6VbIZF++ssj7QjlKJRBMCKRdeeGEJBqa920wkeRkgmgv23/3udyd5SWxDvOel7wX7FmSvc8G+lyHKP5Ym+dnPfjaPDTnM/NJD9FHXNEXveeFM7r///mtdsG8McWhr9c1jfcf5558/+vVf//XR85///F7e8/KFL3xh9MxnPrOsG00kmpDCevHFF5e1L7lgfzOR5GWAQF4snrYGQXQgyUsiwPGyYxPZ2JHIixx3aXDeiO2QqpTH+o4nPelJZW0V4sKh3HPPPcsWtl2AvCDe1s889alP3fp0taBLpRKZ2U4524zjhBNOGB177LFlq/YrX/nK5SWVfew2JhAiPfF973vf1qeJxKWQDmsjB7PBucZzM5HkZYAwmA4//PCSNkbxJnlJBCJXl6F/5StfufVpdzzykY/clja2DvLyuc99rux49rznPW/06U9/uhiVPNZ3WCcgar377ruXt+uTNZHsLnDfl7/85WtNG7OQm3Nswws767XrncfqD+mvSPLtb3/7Qmbogq7rEKSN2QBAoMeWuIlEE9LG3vWud2Xa2AYjycsA0Zx5ybSxRBN2A7NugLG3DWhfWPd7Xj7zmc9sW1dhy9TEevA///M/JWVHP9gw5AlPeEJZd2dhq5mTLvB79w0ndR1AXiwIv/GNb5y7DK0ZdrLzHjO6x4Yhr3/968tLA8lf12i4yLodpU4//fQiv4lEEyEfSEzOvGwmkrwMEAaTyPrRRx9dXrCV5CURiPe8HHrooSWK3Rc4Dwjz17/+9bVEopK8rB9yv83smWXRF49//OO3rUcwG2ZWrgs4Cq9+9at7eVv/oliUvNDBDmuz1EMQQQqn9Kbvf//7pe3cOzEbtCHbhiCb2fPODbJ33nnnFaLcNYBi5sbMmvuR30SiCeP23HPPLbtr2pkusXlI8jJA2CrZGgSLWr/4xS8meUlsA3IhUnnTm960pPX0BY6q7XApdfK3anCOH/KQh5SUHrM/idWDQ2mml2P/2Mc+tkQmOYHWIpkpERnvAtFOi6fpNmtf1oFFyYvfmZWyqYRNDN72treN3vzmN4/e+c53Ftk1q5QR3NnAnn3sYx8rpMVaKm2IFCIb9BrynLNiiWXCmLWznTEsdTGxeUjyMkAkeUmMQ5KXxLJgVs/MyB577DE65ZRTiqOe5OVS+J0diqyfeMUrXlF2XjvzzDPLGi2zBhaHW2eRmA4k8B3veEdZ12n9k1QxxC/JS2JVSPKy+UjyMkBQ5Pe+973zJZWJH4MFhpymQw45pPeXVEpFW9dLKpO8rBff/va3ywskraWy0xiH0o5NdJG0mw996EMlkNIFHFKpGuRsXS+pnJe8uEb9kboTTzyxzEhZB2S3NMElpM7nAgoIH2fIQnHt5lmJ7YjZK7N72uy3fuu3yvbI0u98Z+ZP2mjM+HWBVKBvfetb5Q3qX/7yl7c+TSQuhUCNwIN3AZn1S2wekrwMEAyflxBS7u9///uTvCS2QV445+uwww7rfbexu971riX6meRl54B1GmbaBEhEwskVObCrGOICZuH0hx2gENsu4JySWRtDcPTXgVnIC8cXmfvIRz5SZlo422eddVbRx5xuMoqEvfGNbyybZpiFkQKl7TjfZpe8Q4JMc5I8c2fX4fr+kksuKetcOI12myMLHMcgeRbwX3DBBb3seOi+1s4hnfohkWhCmifibIv+dWxQk5iOJC8DBPLCGIrqcSSSvCQC0sbMktz85jcfPetZz9r6tDukjYm697HTzyLIBfurBYdRxNtMAUfeTEItQi0CLk0K2XjTm9609elikHZl63e6DQFYB6aRlx/84AdljCnfzW52szLGEJBZ4ffa0U6RXuzZdtB3NrBd9MlFF11Uxvc+++xTyF1tkbR233vvvQshnGVWbBI8V194ttmeRKIJs6l0gLVriHVi85DkZYCImZcHP/jBRdEneUkEYrcxMy+cyr7gHSu529jOAzN43nZ/8MEHl1kFazZqDqWZF7s/MfZkows4Cd7pIeVxU3cbE/U3k7L//vuX3fzI4jxv4KarkRX38fJF7+ryxvh1rCPbBGgPLwVFWB/wgAeMPv7xj5d2RyzaMPMiGq7N+5h50QeIkJcRJhJNeLO+tWrW9eVuY5uJJC8DBPIitQKBkc6R5CURkObjzfqIrW1A+wLnwuJZOcDrUOaZNrZaWMNi4fy+++5b1rdwHGvg7FuIbtaEQ9gFHAbE4da3vnVZV7MOTCMv3juiXe50pzuVWe9FxkJE/W1wYAbGjKbNCmoO+44MMx7q/bjHPa4szpcqRpbGtQO7Z+Z30jWzgjxL3TvuuONKKloi0YSAhO3OzSzvbONyKEjyMkBQ4t6FcOSRR5ZtJJO8JAKMu1QUEV15933h2GOPLVF4i42TvOy4MKtm7YpNHxDgJz/5yWUWhs6pgWHn5CPN4wjOrEBeXvCCFxTCdNJJJ219ulqMIy90rNkR6zEe9KAHlfaxC9Gi6V7uZ8bqiU98Ykkfs9nBzrQbGeLCORR8Q95sdGC9yyRHkWya3fve977XOdUL2TabiyR7k3oi0QTSYoaPnGRa4WYiycsAwYg+8IEPLGsbRI+SvCQC3/zmN8suR3e4wx16XTdw/PHHl5k+O/TMkybTF5K8LB8ccUSFQ21mwToWC/MnOejSd2waYr2LlJ8u8DJHa2zspNjneq15MI68cGCQM8QFqRuX2jQvOO92jVRfY2tH1+Xq59CW6m47WrMf7Ng0IDtmacwKmrHpAmQc+ZTuaIfGRKIJG9PYYONTn/pUZ1lLLAdJXgYI5MXONqJVnLokL4mA3VFEE29729uWXPq+QNaOOOKIYuiTvOyYsNsTwmKG7aUvfWmJcnPaJ+kX5MV2s9ZXITFdgLxwaK19eM5znrP16WoxjrxwYCzeNQOJaNDBfehd0d0XvvCFo9vd7nY7hS4P4mK90H3uc58SFJnVQbSej9278MILS0S8C/Sfe3BS8z0eiTZkGAii2FGwq6wlloMkLwOEqJEc4dwqOdGGyDnSQj6WsVVyH9uULoIkL8uFd2dYmO9FpJx3bczBmwbXcMD93uLWLuBEktmY9VkHxpEX6ZjWutjh0SYpfcHM1nvf+97yPLNOUqJ2VJAV9UNcvPfGhgWf/OQnZ45scyIt7u9ju3brs8g4eaNbEokmbJVsPMpkWMcGNYnpSPIyQOSal8Q4LHvNSy7Y33FAbzDMSMfpp59eUqJsicxwz5rnzdnnkFqvsiOveTGjectb3rKUzxbSfcLWydI8zcAggjsiyJN2M7NmBlf6l6j2PIg1L2bouq5DQIRyzUtiHKx5QZLJSVdZSywHSV4GCOSFcypXWOQqyUsiIFIkOrzffvsVZ6gvkLVY87KOSFSSl/5Bb3jZotQdO8lZhG4mwFqOWXUKWfCSRm/ftxahCzildn6ygNt2xOvAOPLCab7Wta5VdvKbZUZqHtggwbqXZz7zmTvstr2cQJFsa1wQl0VS5MwqC6KYqepjzQvSLRgj4JNINMHGyGyxji/XvGwmkrwMEIynKGnkCyd5SQSWRV7I2r3uda/i7Oaal+GDzvBWfNvTStOSyjPLGpc2grx4X0ZX8mLmxroSqWubtOYFmbMz2DWvec0ym+maPmHMCg484xnPKG/s35EQM3PWUOlXL7s147GIQ4i82LK9D/LChiLL+tVOeYlEE2wMHyvJy+YiycsAEWteDC5vpE7ykggsc82LVMVc8zJs0BUOuyydccYZZddCzroUiUVmFPzGb73zpOuaFy+ptPB/09a8+IzMLYu8SEnzElj9YSZ9RwE7ZR3Ty172srJe6MQTTyzj2OzeIjB7Y3MIJLvr7G+seSFvAoCJRBPk1izwujINEtOR5GWAyDUviXGQAuEt5YhtrnlJNEFP6DuR/pNPPrkQFzMvXdYQcOT93joZzmUXWPOCeFvz4v0y60CNvACH+XrXu15xduXD9wnkz6yEVDkbH+wIQGoFUsykHXrooYW4dJ1VMuOLIJuh62PNC51iW3A2NJFogp405s265JqXzUSSlwECeeGc5lbJiTZyq+TEONAT1leI8pvd4KRzBDnsi+qQ2CrZLJ9Z4C5AgjZ1q2Tjap999inlEo3tE1/60pfKvck2h2lHgFSx8847b3SjG92oEFEpil2dQFsls3vSFLsSZeTKPbQ34p1INGGrZFt5f/jDH+68EUliOUjyMkBQvBbsP+Yxj8kF+4kfwTLXvORLKocJ+sFhrYEXmCIuyAbHbZ7F+TUgLxdddNHo9a9//dy7R7WBvLz1rW8d3fe+9924l1RycDnh1mzYrrcvcPIRtt13373MAAz9LfvkSbu9+MUvLjbKzIYUxT7WDditDPG2VXXX+wkAKucXv/jF3nePSwwfdv176EMfWmYLc83LZiLJywCRa14S4yBVw3auiEaueUnQDRxKDmRsh2z2wAxMH+kQseaFE4g4d4E8cxsHSE/ctPe8WCMhCmtXMGWTB+/arvj85z9f1rocdthh5f8+7rkusEvSVq1xkWb6hCc8oRBmbdcHOJFeUEl2+1jzYrG+su5I64wS/YAuEqSwQU2uedlMJHkZIBiJQw45pKTxSNlI8pIINNe8iIb3Bc6I7XRzzctwQC/EGhezBtZVnHbaaSW631ceN2dbWoXF9l0jlLHmRcrjpq15QQAtNLfw3BaqHF9OzaK61++snbHFtBkKa2mGPAOAxErrMnNmZg9x6XshvBlfsizdq6v8klk6xVocNjSRaILelCpqzOeal81EkpcBAnl58IMfXPbLF9lK8pIIWNDKcbj1rW89et7znrf1aXdY82KDCA5Kpo0NAxxxbYV4CnZI5ZGa5fO+dAYjb1H2S17yktF73vOerU8XA4eSIxk7oK0D48iL9vKdmSGBAVsb22LXZ4vA/SzO96Z5QYF1rSXrC8jrq1/96tGee+5ZUhPNIrFTfUIU3DoEMtLHmheOqXtK3UskmvDiWBtNfPCDH8w1LxuKJC8DBMXLwD/60Y8eXXzxxUleEtsgMsl58MZujn5faL6kMsnLZiMcbekw3piPuHAspdt0XePShtmH97///aM3vOENo4997GNbny4GTuRb3vKW4qBu2pqXgGisVCNpu6eeempZbD8vgTHzxbk3i4NYajskcFEitE6ISkuxkaoqoGbGDClbxjoBM1PW3nEoF91uOUCHKbd+EJBJJJqQCmts0qG55mUzkeRlgBDRusc97lHSDbywK8lLImDNi4X6Xigpfawv5JqXYYAuENzwpnbOtRSn2CELcekbnmW2T6Sy6y5cnEnEwEyELZzXgWnkRRtKnTzrrLNG9773vctb8Tk4yq4txkG/cJg5ymaozGQeffTRZV2aVM8hEhf1oW/OOeec0cMe9rCyy6G1VYjYMsCJtDkEAtl1HQICaUeps88+u7yIMJFowti3vsp4zTUvm4kkLwNErHnhoOaal0QTHCFRdk5rrnnZuUAPIJZm36SU2rXLYnDGdxnEBTjdnEqzJl2j4da8SHW8zW1us3FrXprQllLGpGciMGYl7RRmhyK7kmkPC8KtafFX2slf/uVflk0NjEmpYtKrzj///MG+3d2Mi1Q3M2W3v/3tRyeddFIhLssEu8eZ1L5d5VmfIJ0nnHBCr7vHJXYM0KNSCpHcZenORDckeRkgKHFRO9t2irAmeUkERMEtQr3VrW7V67oBkWKOmkhrpo1tJjjeZkAe/vCHj+52t7uVWQwOOP2wLB3ByL/5zW8u/fKud71r69PFwKFEAhDvPtdrzYNZyIu25LwjKhaom3VARvbff/9CurSHnclE9G3r+5rXvKbMXN7ylrccHXDAAeUaW7BaJzJUx0jdyRc9Y4bvC1/4wtL1gpk96XrWWHVdh6D/EEuksuv6mcSOB4GGO9/5ziWzxTrBxOYhycsAkWteEuMg6u7t6RwpDmVfyDUvmwvjn9PNWbbGxba7HGZEdtnOsVkdDvqb3vSmzuk3nIRY8yIdax2YhbyANte2ZjptmoLESM9DTIwV7yNxeBeX6L7PbZiAnFknY/ZgiLsYsT0xQ2Y8kjfEpeus2yxANLQlYtjXmhcvzzSDlEg0Yc2LgIMd81Yh24n5keRlgDDzwkFBYHLNS6IJi1o5+LbRlj7WF6S6WPMiNSbXvGwOjH2OmBlY60QsmuZYSq9ZRVSfA44w2zq4qxMYa14OPPDAQsDXgVnJSxP6gFPP4TH79NKXvrQQGZsO2PrZOPQ+LkRnHcS/Lyi7VBprXIxFhMzi/FXpAyk8Fuv3EUBxL7OU1gd+9KMf3fo0kbgU0mCNWfZ0yGN2R0aSlwECeTGlKRLu7cxJXhIBOfSi7pzY8847b+vT7pCKZM0Lg59rXjYDxj3H0QJms7BmLJ797GcXY8sJXwU8hyMojafrywhF9BEH23xb/L0OLEJedgYgqQixGbZ99tmnzLjYqWuVQBARwD7WIZBXWQtmyS644IKtTxOJS2FGGXGxbm2oqZ07OpK8DBDIy0Mf+tCyYNS0d5KXRMB2uBZr77333iX62xfcM9a8kL9VI8nLj4NRFflGLL2TQITf7AV9sCqdgMi+8Y1vLLM9AildwKG0w4/1fLbeXQeSvNQhKGJnrv3222905plnljUBq96FyQyf2V+phV3XIRg7iL/xggwlEk1ccsklJfXazoC55mUzkeRlYBB9sljy4IMPLru8SK8wveldCzvzIYompWEdKU2bhGW950X+7y677FJmdOxgxVld5cFBv+ENb1g2Dlj2rkabDsSE8yXd5SlPeUrZddCb2s3ArGrGJcCBNf76WPNCr0nj2XfffctuijU5WPaB8Nvs4EY3ulGSl/+DQAXiol2OOeaYolus2VmHw9/3mhfyhvznmpdEG7nmZfOR5GVgYEykV9hO9IpXvGKZwpd7LN/dri874+HFZXZeE7W1g8/OjGWteUEefuZnfmZ0uctdrrxjyNbJUpVWddzpTncaXeEKVygv9rO+Y2dFpIppA6k7yKRZinW9K0QwJda8SCvqgkgb22233UZXvvKVS5Sf3NXkYVkHh0XaWpKXS4mpvrXGxQ5wiPIqdhUbB07khz70oRKkyjUviWWiueZl1TOMidmQ5GWAQGDuf//7j65+9auPrnGNaxRHVe6uvfYZmJ3tsP7nN3/zN8sORTt7FI0T6+WUD3rQg3p9zwvZIm9XutKVSvTTehq7THEmVnGcdtppxalFVr1cbmdEEBepgZz6I488siwIpw/WQVzAc201y9G3g1YX+D2ZMqt8tatdrYzp1772tWVTkppMLOPwfFsf7+zkxRoXupQOuelNbzo65ZRTyozLOoGwKFMfO7VJURRVlw7bNd0xseNBOqyNIZDcIe4KuDMgycsAwYmx9sDCbIt0vT/AokMRKdHLne1gYEVMk7xc+p6XWPMiit0XtDMnUtqWiLjZHVEpi7RXcXAqyTpnXZR/ZwQjaltezrXZr3PPPbf0C33gWAcYeSljZn+8MLcLpMJxFr72ta+VnbqkjwnKqHNNJpZxiO5Li9zZyYsULWPNzm/0KuKy7pRcs0DWdtmWuo81LxZjS4nrSroTOx6seSH7F110Ua552VAkeRkgRDvl6nImX/nKV5Y3aYuGG2gMzLocmXVBOzzxiU9M8vJ/EC2K97x4r0RfsEBXO3/kIx8pDqX0rVe84hXF2eQILBs784J941kbmxkw02jjBMSFM7eKtp8EKRXKZRG1Fy92QaTESolDhMgvkobISFdaBejWnXnBvj5AXLQ5kkyXfOUrX1nLGpc2zCrbpIYO6mPNC1lDjOnMRKKJr3/96yUdnXwkud1MJHkZIERgvQ/h/PPPL4b+DW94w+ioo47apthFQ9eVRrIOJHnZDrMhnD4pRX2uebEgXCRWpNICbYrdeou3v/3txQlY9tT6zkpeEBcRYpsUWNumzeXp2yVp3cQFrHkx4+v9P2aDu0A9kWS6zftSOJXSFdWZM82h4FwvEzszeUFEbfrgPTUPeMADyuJ8/aGPNwEIFPtGx/ex5sVsEp3mnolEE9a8eKdQrnnZXCR5GSA4is94xjOKkZFiwcGxBsE6GFFZO2VwBHaWGZgkL9shOmk2zgtMRef7gp2YOM82RODMiLZL1dtrr70KmZFDvkx52xnJi/ZkOI1na5isbbNdrfbflLGNQDH0CCwZ6AIOpX6m2wRm3FvU09iWLuRz5HmZRHlnJS/amu60xmjXXXcdnX766Ru3tsxYsN5LGk9XQkWuRNW9T+id73zn1qeJxKWQQsq3sp5vU8h74keR5GWA4Lgw4qKvkSbGgZAL7P0vUi1sW7ruHOVVIcnLdljzYuc1u9D1uebFtqLSScJxlrbxsY99bNvCceseEOZlYWckL5x0qVja2AtpzbAa99p/U8iLWd43v/nNpV/MlnQBB5rToI4cVHXUBmZckOc73vGORaaRuWVhZyUvdorzglPvUfFXqtim2Q8zcYcffvjobW97W2eiTK7Imsg6BzWRaMKMo42A7DiWa142E0leBggGVhqJrR7DyIO0DQv373e/+xUH1guWGKAdPYUsyct2MPC2zT7ggAN6XfNizcEnP/nJIk+RroQwe+eC9S+2meVci47G931iZyIvxivnStqCtCnj2aYU+nbTxrL+JgP0DvnoAilhiAvd1iQoPreA9qyzzipEeZkysLORF/3Hgde2SLLd/GyIwbHfNJhVtuZL0KTrGhxpZ2SNzEqVSySaiJc9S8vP97xsJpK8DBAcGylj3mxt0W4zCiutJ9bAIDAUvYj4MhzKTUGSl+3giEgtkj7Y55oXO9t5UR2yTP4CZmIsrn7EIx5RyIV0Mk5f3072zkJejGWOIwfeGjbrPZBQRHETgxBkwZhDNsheF9BTSArd9u53v3vr00sRKUNIstllbWK2oO+Ujp2JvGhTs1ram74Q9DDjsqm2AmExEylI18eaF9F1Oo3OSiSaMLPn/T8Ic1dZSywHSV4GCA6DBax2e2LQaykk1sCI2B522GHFsZDeUbtuR0CSl+2Q2vXyl7+8LLi1yL4vIEScGw5dk7wEpAx5kd1tb3vbkrIY8taXzO0M5EVbmWVQP86kN+dbvK69N3XsKpv1LhzKri+IDdImbUlqUBueJX3xMY95THkDP6fbM/skdTsDeSFL6klXsiG//uu/XnSnTRc2GXSKbAPp0n2sefnc5z5XdlOToZBINBHkVtAo17xsJpK8DBCMDyeVIY81L20w6rEGhiMUu5DtiEjysh3WvJx44omjW93qVmWdQF+QYsFBjTUvbVDyFu7btjt2IROx6svp3hnIi7Y1TqXvWJxvLcmmrXFpg06xTbKZkAsvvHDr08Ug4s9poNvIUxvaALnjVEhzsh24zSnMPveFnYW82CFOGwpuqa9UsU23D9ImEXq6pY81L2SNTut6r8SOBzvRWf/FpuWal81EkpcBgpG3Uwoj3lzz0gbFjMDYhUwKyo66BibJy3Yw8N6GbXFzn2tevFdIygYHp5ZWQgZFRM3AHHPMMeVlltLJEJg+5G1HJi/aB3FhKO3oZtbMzClZ3lTSEtC/CBeH0hvLuwAxkaZBt02aBSCDctGtf6Db+iQwOzp5kSpGrs4888zRscceOzrttNPKzPwyN9voC4i87ZvpIcSjC8gtWTNLLOCTSDRBJvhMZoJzzctmIsnLACFqxImzFa7FhpMcHAbYYl9b53IoL7744pKesSMRmCQv2yFqLZ3GDIh1Kn2BgyhSKyJO/mogh77jeHvBnQPpENnsKm87KnnRLhwxKSzGp1kr/SetZQhjFJEVJGHsOZddwIG2MYQ+nrZ9LQJDDsgEObO+y0x01xSPHZm8IC6ICvmyex3iog03nSAHyAdiS8chul3AISVrSNwHPvCBrU8TiUthBzrBGCmxXWUtsRwkeRkgOIgveMELyp78nIZZjI9F/Pe5z31Krrj9yxmyoRitaUjysh0WTS+DvFhHc8YZZ0wkL0CmOIBSiThIBx98cImSR7rZojK3I5IXbcEwep/G3e9+97INLCccIRjK2CQLnEkzH32Ql89//vNFt5m1mwbPNtOIvBx00EElzW7STPQs2BHJS4w7utHatatd7WolpdR6ySGBfIiEmzHpg7yQNe8OMuOZSDSBvLA5AiK5YH8zkeRlgGBgOamiAiKQsxhrg1AKGQdQWoodVjZtH/9FkeRlO5a15oXDoG2RkEkzAuEokU3Rcy8XfNSjHjW66KKLOjnlOyJ54YCJ+tpq2hbAxqd2jjYcAugQ5X7JS17yYzuEzQvyYRaKbpuFOJBDzycbUiWtgfG+oS67nu2I5EW7IpccdWupvFXeGNr0NS5tWKdjnLzjHe/obc0LnZZrGhJtWPNyt7vdLde8bDCSvAwQDKwpTdPeIuGzOjrSO0TE5Ylz9jmUO8IamCQv2yES7V0NBx54YImy9gVpTbbd5vDMIi+uEYk344d0yB/23hIO+yKO+Y5EXrQNEugFaN7wbZc27cTpHtpYNINLLsyU6KMuIBtmcei2efqYE2rtwnHHHTc6+uijS9riogRG++9I5IV+l1ps1tRGEN6cb8ZlaMQF6BM7Hkp97rrmhdySNbI7tBmoxPJhzFh/yO7lmpfNRJKXAULUyP70UkxmTRsLiFjFGhhbjnI4GIKhOU1NJHnZDgbZ9roIqrTCviAVTY48h25S2lgTZMq155xzTlnLYQZGRIu8zUtgdhTyok0iZUV7IC5S8qTEDGW2pQn9a5bNuDO72wXW4nEW6LbaVsmTQKbIlu3hzWRJIaPrZpXVwI5EXjjoNj4wdkWRzbxIGR4qEC4Buz7WNsVWyQI97Eci0UToaLu2dk1RTCwHSV4GCAaZg3r++eeXSPs8To9rpRFIr+DgWpMg556hGyqSvGyHiLMZF+kVfb6k0uYQ1iKYQp/VISRrDtFfv7feisxxQOYlyzsKeeF0eRHjne50p5LCI5DAOGqPoZIXOoiTbGa3CxA4BASZMys8D7SddvQeENvD02tS8uSuz4MdibxIFZMidu1rX7vsPCjQNe+42yQgqB/+8IeLju/qUHJO7dapfeyWl0g0wc7RH4KBueZlM5HkZYBgqDkKptE5hos4PaKlF1xwQUmzEP2V2znEVAJI8rIdHBQpWuta81KD670NXTTc3vnK5+3F5HZW2d0RyAsjSFbNDHj3ktmFoa1xaYPO6HvNC922yAsvyZnZG+v5pHxYxC+dja6bFTsCeUEo6QGzCjbuEHRALoeq3wPWvBg3fa15QWDotFzTkGhDEMUmKghMysdmIsnLAMHAfvKTn5x7zUsbovTWwFjAL/d+qGtgkrxshyi49K6+17zY5QfhEB3nZM4LvyFvUlgQ5qc+9allbcOsEdQhkxfjST2NL3Iqhe6Nb3zjNuIyZCBkfa55ISN0W5c+jqgpOXvEIx5RyJV3EM2CoZMXBOXrX/96SRGzxsVaF0SGXh86kFAbM/S55oVOyzUviTaseTnppJPK+826ylpiOUjyMkCIGtmfXuoYQ9XFARJ9ijUwj3zkI7e9lGlIBCbJy3ZwiL2TRX++7nWv2/q0O0RvKXMR8UXzzREYTpQ1Dcr3+Mc/vrx3YpaI8FDJi3EkdUmggTOJuEjn46gPnbiAPiUT5K72Vvx5wEnwHg+6zSxdF2hz9/JGdnrNrJBZmWnEe8jkhUNubAhaSEukD3ckx1z9rNkhZ32seYkXnV544YVbnyYSl4KuMJbM8HWVtcRykORlgEBerCEwfS4dp4sT5Leip9bPHHXUUSVXXC7wkCJ1SV62Q8oNouEdK0hMX+BMIsucQvK3CMiag0GwruGAAw4YHX/88WWdwjQMlbwYW5zoO97xjiWFxzjjhHGSdwTywrAjoNbxdH3LPRL71a9+teg2qV9doH21vSi9GRjrrWZ5W/aQyYsZlmc961mj3XbbrYwv0eNFZkk3FQjHu971rkLIuq7RDOeUTiMjiUQTZmrf/va3l1TFrrKWWA6SvAwQnJ5Y88Lg9+EEiZzKwRcZPuaYYwohGEqOdJKX7Yg1L7e+9a17XfMixULbcla7yhvyw7EyM2QNjO1POfiTMDTyoo04z6K6Iv+Rqz/0NS5t0BF9rnlBLhZd89KGNkaUletxj3vc6K53vWvZnnrSDNEQyYtZPATSOBKAErwwIz8U/T0r+l7zYqaPTus6Y5jY8dBc89JV1hLLQZKXAYKBlRduK78ua17a4KCKsEvpsQYGKRjCGpgkL9vBwC/jPS+x5oVD1Ec0l/Ogr0SKRcat0zHjx+GvYUjkxXgxbqxx8cJQ5ba7n5z9HYW0BPSXNS9eSDqNgE6De/Wx5qUNUVQkkuN7wgknlP/NINb6YmjkxRo0bWX8POxhDyspd2bAxo2jIcP4odv6XvOC6CUSTeSal81HkpcBguN38sknj174wheWXWT6dIhMp8caGDn6cvU3fQ1MkpftENm3psIOcvqxL2hb0WuOYF85wORYKohFuFKqRI4Zjdo0/VDIi3GiTgILZjH1gzQohG9HIy6gvoiAIMq0lKxp4CQgLuTAiyb7hEX8UtEOO+yw8n4rhAvBbBPxIZEX40SanTFxhzvcoawlM352VCBk9LvxRXd0AZm1YQidJj0okWiCbiBrdFJXWUssB0leBgiDyQzJe97znhKp7NMpYrxF192f42UNjOjDJq+BSfKyHdZAcb44afLe+4JUDWleHNS+lDm5JW8ioBywfffdt0SQEfI2hkJeOJSf+MQnysyXAIBUTONJXXdE8oLIcqDNzHV9ASId4x50jzfm9wly5v5SyJDKQw89tJTbzEUTQyIvUsXsJnazm91s9KpXvarMuOzIjpb0HWvG6Ieu9ki/kzU6zcL9RKIJKfkCKNZX7WjplzsKkrwMEAws0mIanRJfhlPEoeR4PehBDyrvpZACs6mDOMnLdljzIlVpk97zMg1y9hES6ya8CVwqmZzjJjadvBiDiIstg70538s4pVIxgjsy6J++3/NCty2DOOgjM4fKq4+kkXlBYXPGaAjkxQwEB/5pT3taIWJm4HeU7ZAnQUqsl+/2veYl3+ORaIP9YYu8/y7lYzOR5GWAYOSXsealDQ6rSJcIMnJgsSsD2ceahz6R5GU7hrLmpQ0ERsqL97/YMEIKjMhy5O5vMnnRHtItzYRKQ/GGd7MHfSw633Ton3jPS9c1L2RA0KTvNS9teAYCY/bFyyw/+MEPlv6jRzedvCjn7//+75cZSnJG5xnz2m5HR3PNi3boglzzkpiEXPOy+UjyMkCIfttRSoSaIVsWeQFkxdoJL7LkPIpIbNoamCQv2yHSLxVCX/W5bsC6FDNw3/nOd3pb89KG+4qM68sjjjiizBxJg+OYbSp5MQ7kzzNy97vf/Uok3AsodxaoPx3Bmewa+eckIEJmDq3bWiYQS2sd7Chku26BIA6tiPymkhdEkb63m5jdBP1FXHYW6BtRcAGUrvbHzI3URDpNgC6RaILNERimEzbJ10lsR5KXAYISZ3hNacbWq8uCgcup8CZ+u0JZAyPCukkpCkletkP9zVpwyrzDoC+YVbBjVp9rXtogx2YxpMCowz777DN68YtfXM43lbwYByL3XgpojZhUsa5R4SGBkbdLXB+zJRwFOeZ0m8XUywQ5s+4B0ZQaKx2JnHGMN5W8WKNj5kFKqACFNS7LCiRsIhAX9fZeqK4pzPqerNFpAg+JRBP8Ku9Jsy5qU9Pld3YkeRkgEAoRN9PelPAyyUtAHvoFF1xQUsge/ehHb9QamCQv22G6W1vc5ja3GT3/+c/f+rQ7vHuDs8RZXXYkihPLITazePjhhxcC85rXvGajyIs2IP/WhVk/wQG2Be+OvsalDW2AbCDKdEIXIMV2kqLbzPCtAvSamWWpirYalpKEIGwSeUGQERdvg5cqZgwYi5sUQFoF6HYZAAIEfax5IWvacWdI70zMh6985SvF9tihMN/zsplI8jJAiBoysiJGDOwqyAtwzESqvAiNg+wFTpswrZrkZTs4fvLhDzrooLKIui/YkefDH/5wcVaXsealDY6ZqJf3ctiy2wJ463jMyKybvKi/GSgL1KUccXytodgZX3Ynlcnuat583nXXJvdCJug26VGrwre+9a2ynbWXWNqm+V73utfoRje60UaQF7PeUnURKjPfz372s4uO25lmXALWvJx++ulllq+PNS9kjU6zti6RaAKptf5SOunONJM+JCR5GSAYLk6dbTJFCFZFXkDk3VoKETAkhiPJwK6TwCR52Q4EMyLJb3jDG7Y+7Q47G7knB2JVjpPn6M/jjjtudK1rXWt0hStcoSyilDayLpBza1xsYHCPe9yjrHGxOH9nBd2DdCCb/nYBQmj3L7pNysYqYabHdsMIzNWudrXRDW94w/LZKnVrG9qTrCPse+65ZwlGWAO2syKCBtqlq72RgmaxPp0mIJdINBEzc6vINEgshiQvAwQlLupL+XJWV2lgPcugFmmWxiPXXyRsnSlkSV62Q/21w13ucpfROeecs/Vpd5hlkx7EeVjFzAuQNQSGA2eDistc5jJlRkl/rwvSNKVHaV8pPMahNtlZwbiLTiIdXUmlaLi0R236uc99buvT1YCzgpRKf9tvv/1Gu+22W1kToX7rgvYUNPACSgEjM0Q744xLwEyY/rnkkkvKOOwC9oqs0WntbdkTCWnSkaLcVdYSy0GSlwFCJMDiUlE4U5rriA6acpfvL51H6owF3QzCOsqS5GU7GGTbv972trftdc2LdDRbivYR9ZwXjAfn2EzfHnvsMXrGM56x8l2W1Fk5bFxhzZcUHk62maidGWZcbJNspsQGIl2AQMgvp9vWtXbI+CFfe++99+ixj31sSc3tOqM0L+hRM+rGsXU41nzRa8jdzgxtYFMM4w7R7AIkkKzRaataX5UYDqSt3uc+9yl2p6usJZaDJC8DhMi3bR5FJy02XAdhAI6bbSY5lSLjFrdxZlYVmQ8kedkOTr28cLvC9bnmxW5fdtXiwK+6f0HUlXwhy2Y8bKW7zG2bm1Bfjg6CjrhwKBH3NGqXpjZZo2KzAql0XeBeIp50G+d9XaBXEYc73/nORaeYWSJnq9CzUnDNLFh7Q6/aLlybIHY7O9gbqdJ2outjzYt2pdOsrUskmjDLaQx+4QtfyDUvG4okLwMEQyoqyEmVWrAu8gIi0tZWcCrve9/7FkOw6tmgJC/bwcDHmpc+3zdi8aI0wVWueWnDc71Z3LsZvP1Yyof3wiyTTJFvJMX24IccckhpA89NXArjXGoVZ7CrXEhHtYCabnv5y1++9el6gBjTJ7Yct87Kzo7LJjDuL4XpzDPPLDOM2sBzE5fCOGdb+liHYM2LqLrxvDO9lykxGwQLyJoxuepMg8RsSPIyQFDi1iCIeK57UalnMwTWwHCYLXgVOV3lGpgkL9th5oXzw9Huc82L9VWi6xT6OmZegKxxkhGJk08+ubzvQhrXMlOM1NfWrN7Gfuyxx5b1Ljnjsh0cSbuMSRkzY9AFZl7IL93W9V5dwWmhW6Ve2pzEdthSZbsStEmwPTiiZB0hh1pbrHPNzaZBoMKLOc2M9bHmRfvSaavc2S4xDPAjbNUvOJxrXjYTSV4GCJEAubqmNqUZrJO8BEzBS6XxlnG7BclLZiBWEbVI8rIdcvY5QLe73e1GL3zhC7c+7Q73tXhxHWte2hChR5DJmfermGnyUrE+EVFeaZGPecxjCjFHXDI//kchTdQ2ydL4kI4uEO0UCKHbNmXGgcxbuGtW2RbkZkb6TuEiZ+77pCc9qRBka1wQpVWvtdl0WOMZ47BrAAEpJGv6d2dft5b4cXivkmySj33sYxms2lAkeRkgOFYi4SLQolGbQF5AWUQM5Wo//vGPL2VcxRqJJC/bIZpowbHo7Utf+tKtT7vDLN/73ve+ta15aQOBEYG1gPeRj3xkIRmckT4i45xT72yxxkWKmvfMWJS+M+8qNg4cbGsQtFXXN5W7l/FLb2zSDlAi86KwUhVF/jk2xkAfelfwyZoaM4lmeNwfcduEMbZpEDjQD+wewtcFSDcyRKdJRU0kmhAYlpZvNrSrrCWWgyQvAwQHTTTYi8sY+U0hLwEERtTCy96sgeHwLrOMSV62QxTRtqoWlfeZy202xztNpGgtM3VmHigHAmMBvzQ5OewITJeZIXKKGCFrt7/97cu9pZYk6tBeyJ6+6Dojod1tykC32RJ3U6COxhUdYw0MvWsDB/VdVK9Fu3GOOEnXu971Rq997WtzFmACjGtpo13aPSA4YX0VnUZfJhJNCB4guH3IWmI5SPIyQBhYHDURqHXuNjYOdoaSQsaBPvzww0tZl7kGJsnLduwsMy/AmREV44RIudl3330L0ejyZnSR8AsuuKC8gNKsi7UcHNVEHWZLvOepj5kXjqloOH2xSTMv9Ks0I7rFbldmSOxGJlVx0bHgntqL3rKeysyh++cal/Hoe+ZFqjOdJnUskWiCHc2Zl81GkpcBgtNmRuOb3/zmxqx5aaP5HhgpZMtcA5PkZTvIxDLWvHhhn/SZTVjz0oYoqi1PpXc5LOL32TzghDJSZqtiO2SOjVTIxHhwAhFGswb6oAvM3pg5o9s4lpsEOtZh69RnP/vZoyOOOKIs5uf4zktgYjtk28sjyGeffXaZ0UziMhmIrfFtzYtZui6INS90Wt/r5RLDh3FtPWWuedlcJHkZIBhLjoKI57p3G5sEEfBYA2NxtUXWHMS+nd8kL9uh/svYbYwSR0D136bMvDRhdoR8iYojHxaRK+ssqUyuMYPJKbIgmIPk97nLzHQgsyLhZqg49l1g5oX8bsJuY+NAdynbU57ylDKrbIzZzMLns+hh66bMuNh6/N73vnfZDABx2bSAwCZCIAFh9D6hrmMT6SZrdFruNpZog2zwJ+w2ljMvm4kkLwOECKVFyl6iZFpzU8lL4E1velPZhcw2yqKqDEefZU7ysh1y5r13hwOu3fuC9n3gAx+4UWte2kCqpBwhy14wKPVo2syk7ziUyNlee+1VyAt5SswG7cfx1vZdHXDRdEEZuq3PF6z2DfU0DuwMdthhh5VUJsRrEoGJdkLwnva0p42ucY1rlHGau9fNDm0o0DCpnWeFmVnrq+i0c889d+vTROJSkLG+ZC2xHCR5GSAMKGsQRPDMbmz64BIxs46AY3if+9ynGI0+18AkedkOu6TY0vWggw7q1QH0Lg9rSzZpzUsbxoEpfusvvOjwwAMPLFH8SdP+iIv1BtKAvMuD8yydJDEbzLx84hOfKDNVZKQL3Eu6Kd22ydFwcqasdqlCRKTG0j0CB+N0sTGjfU488cSykcmb3/zmkgaVqWKzQ/tahyDjoGs0HNkka3TaH/3RH219mkhcCunXxradAAXAEpuHJC8DBPISa144X0OIDMhhR2Ck9cj17nMNTJKX7Vj2mpeIMG8yODnWYXAqjz/++OJYt8eJqJrPRL/tbiWKjrhIH0vMDrOoxrI1L4ISXWBGT0R8E9e8tEGWEBKOtGAB8vvKV75y9I1vfOPH9DE5E2hCXKxxEVQgZ0lc5gOZsBaNvu9jzQtZyzUviRqaa166ylpiOUjyMkAwmhS4HP9J0b5Ng4g2Z1Faz3HHHVcirKIaXSP5SV62Q/3POuus0V3ucpde17yIUHrXSR/9tQqYkTQDY6bPLIzyI8vKjriYDSQ33hPDobTeBTFLzAdOoDUIiIsU1i7Q/si3fum6c9mqQJbMqJi1I2tInIg+nexAXLSPNTJmXOwASGcn5gfC5wWeouFd17zQBWap6TTrGhKJJsyKPu95zxt95StfybWPG4okLwOECCWHy7TmENa8BMKgS9MRFT/44INLhKOr05jkZTs4RjZJMJPQ55oXUWN9tslrXpogZ2aIOCfKbQMDUXEzBQgYZ/vGN75xaSf/h2wm5kO0Wx/tJ8IpzS924BoC1Nl48GJJ6/os4lf2aA8kzDbe1772tcvM8xDSfDcV0aZxdEHsUEg3vO51r9v6NJG4FH3KWmI5SPIyQIge2+HHrjdmM4Y2uCxStY2yFwBaMGmnoi7RjSQv2yGaeMopp4zueMc79uoAcsLM9MXsxRBgXIjWcho5xPe85z0LmXn5y19eouTSxczI5BqXxSHw4I34b3/720ef/vSntz5dDNaRIAF025Deeo4kI8VmBBAVDrEZgne84x1ll0WkxhoXaU+ZKrY4BE4E7Kyx6roOgdySNTpNUCORaIJM8Cm8BDnXvGwmkrwMEIylRYZSLAysIUYGpFZwKpEXSqLLGpgkL9th29ZY8/KCF7xg69PuoMzNknEwN33NSxucRu9+kbYjj5nMPeIRjyjEZd73wSR+FJx264te85rXlEh2F8SaF7pt09e8tGFMICZm8RCWvffeu6RuPuQhDympYmZchjBjucmQyhO7AXZdhxCy9tWvfrWQokSiCXLBTuR7XjYXSV4GCJFvi5A5XxTvUKc1GaB4D4yccZFbZGxe5zjJy3aov3awLfXLXvayrU+7w+wYsimHfygzL01Y42K9VTiU6pNR8O7Qhrb/NfsiP7wLRMORZGSo685l64I6WD+15557jm5605uWAEK+6LQfIICveMUrSqq0QFcX+D1Ze+tb37qx7xRKrA+CJzIXkJhc87KZSPIyQIgacfa958W7LIZKXpRbXUTFERhrYNRHNHceJHnZDmtelvGeF+kw+mgoa17aQIiV2+5CZiwttB7quNkkaENkNo4uEMwwe0O3ma0YIrQH/WWcSH1DXFLO+kHYC3LWtU3Nupglo9Ne//rXb32aSFyKsBf+5vjdTCR5GSAobzvYcPS9WXzog4vDLWfeGpgHP/jBhYzME1lL8rIdzTUv8u77gui6bWE5Zl2d1HVCFG1ecpwYDzMNZoDNypGPLjCLw+mn24b87o1wfOiwIRL9TYUtjZ/85CeXVJ6u6xCkv5I1MiuYkUg04dUAj3vc48oMsGyDxOYhycsAwTgaXN/+9rfLy7p2hMiAxZPNNTC2ueVkqus0JHnZDoaYgd933317XfNiLY1I8hDXvCSWB2NUCuurX/3qslNYF3D0BWPoNvogkWjCmhcpn2xDH2tebNRBp+XW1Yk2pIvZeEM6bK552UwkeRkgRL7NVMjbZ+R3lGlN0bRYA2MLWxFYUY9pznKSl+1g4J/znOeMDj300LKrVl+woYK+Geqal8RywAk0AyyCbUOHLkCEvv71rxfd1nUWJ7HjAdk499xzy9qqrrOnZmDJGp02lHcKJVYHs3yvetWrygxw1/VVieUgycsAwWGwzeupp5466DUvbaiHNBRrYLw88MADDyzbj04zVEletkMU8bzzzitvomaY+4IdzKT0DXXNS2I5MGatHyIT/naBaLp1CHRbny9YTewYEMRiH/pYr2bNi3RHOo2+TCSaEKDrS9YSy0GSlwHCwOLUW3y8I6x5aUPUw3tgGBZOuN17Ju34keRlO6x5sZHDAQcc0OuaFyTZ+zdmTeVL7Bxg4BEOAQfv3+gCa16Qb7pN6lgi0QS7QM9/5CMf6bwOQforWaPT6MxEogmzcscdd1yRj1zzsplI8jJAcB6tbbCdH6d+R4wMSIfjEMUaGASG41xLWUrysh3WptgZ7La3ve3o+c9//tan3WF9FYeSg5nkJREwJr340xa273vf+7Y+XQyinGZf6DYzfIlEE3S79zTZSrvrOgQzhe7BSc2trBNtCAwfeeSRZXYu17xsJpK8DBCMvDc2W7joZY876rQmYmbbXwTGTmR2vKqtgUnysh3WvDz3uc8dHXbYYcWh7AscVPnm2r9relBixwEyy9DblafrDmGI0Ne+9rWi27z5PJFowpqX888/v6ytmpZKPA1sC3l93eteN9h3CiWWB7NyttD2LqCuspZYDpK8DBCiRieeeGJx1jkOOyp5QVIYGS8SO/roo8saGIamvYAuyct2iFgjGXbl6TOXWyrab//2b4++853v5JqXxDYYo4y7cSqFrAsQY9vg0m0WyyYSTQiaSJMmb11nfxEhskanIcuJRBOCMmQkd9fcXCR5GSAMph15zUsbUsisgZEywNiYceIsBZK8bIeUm5NPPnm0//77j170ohdtfdod1rwgjn04DokdBwiLF0tyALuueUGKc81LYhyseUFs+1zzQqdJiU0kmpBOaOOQXPOyuUjyMkBwHjmpUsY48Ts6eQGGK9bAPOEJTyiEJRzpJC/bYc2LtrjNbW7T65oX7WoKPde8JJowBm1tbFtu47ALRNbll1tAzbFMJJqgg+h/7xXqa80LnfZ3f/d3W58mEpfCdtxHHHFE2YxEgDixeUjyMkAw8vIx3/nOd5Y1DjsDeQHRMmtgHvCAB5RZmC9/+cvl3TBmYpK8XAqbOCAthx9++OiVr3zl1qfdIXXP/Rj8XPOSCHACrVOxHo0j2AWIkPUM0h0tlE0kmqB73vGOd5SoOFnpAi93Jmt0Wr5TKNGGTRy8NFuQuKusJZaDJC8DBOdRatALX/jC8obgnYW8iPibwuVIW8BvDQzDI/Kb5OVSmKHytnPvyUFw+4K2PeGEE4pSzzUviYDd/+wQ5r0ZAgld4PfGM92W795ItGHWV7COvHV9Ua5oOlmj06QkJxJNICxkjU7KYN1mIsnLAMGJ91bgnWXNSxuxBsYMzKMe9ajRIx7xiNGjH/3oJC//h+aal3zPS2LZiDUvfbznJda80G255iXRhsCMlOF8z0ti2Wi+5wVZTmwekrwMEJxHxt36BjtiMPoin6bVKWVHnItWcTDi3LUc0DgXVbB7V5y7t3U07hvnptidG8SIUpwzIM5FJ5rn/jr3ud+PO3cf5xG59dyI5H73u98t5VK+OFdu5Xf+1a9+teyqdb/73W+03377jQ466KCymP/iiy8u7WIbTGuCpFHFOdIjmiK9pXbOOI47p8xcH2s/tH+c+7997po491tliHP3RjLiXNoNA6q8cW4RaZybXYtzf537vH2urh/96EdLm+y5556j5z3veVsS0x3Kr831kX5AmvWh/mme60/n/neQh/b3+tW5w7l7+p+86f/2eVP+4py8kKM4Jx/kq3nur/L5K6/dfcmP65wrh/ER58pp7MS5cePcc8w4xdiqnduFzb2cK2fzXD1cH2PRufL5zrm6qk+cq6vP4jzGZpz7rWfE/dxbGeLcs53H9Zw0dYpz38e5OjvXRu1z99NG7q/tnPvbPNdO1ru84AUv6G3NS8izvnSuLTzPuf9r58pJlqLt1GPaud/HuXYhG822V78497/P4jz0aJzHOIjzkPM4Nw6U2bk6xbnv4lybO9e3fq+PXK8vx52TDX/VxefO3SfOyYrnKF+cK6fyx7m6q1+cq6fDuf6Nc+Vy7lq/iXP3cq4eZMOz4rz9vfvHubo6dz9lcq5+cR5tF+eXXHLJ6NBDDy0z7e7VBcrgHlKP6WHn8Xz9pg7xfM+unWvrONfe6uKe6tY+d33z3PPiXNuqo3NtGu3t/s1xHud+65lx7ln6OH5PNkLW4pxMONenbVkie3Hur3OfN8/dx7n7+H3tXHk8V3nUy3m0VXzvXH3i+6h7nPvfZ3Hut+ruXP3a557lXD/EuWc49/vmufL6vf5tn/vfZ3Fuq/aDDz549P73v798ntg8JHkZIAywl73sZWU7UTvzGMgGm4glY+Fw7juD0va5oqLOKRFObnxP2XCAbRvp95QHxxoJ8L1ncb5NsTMelAHn+lOf+lSJxlNccoedMwS+t9jNOWfX733u95wSitfv3N99nX/xi18s5eEgU0TOOeEcesoxzpVbXeOc837OOeeM9t1339Ev/uIvjm584xuPTj/99JJOd+aZZ47e+MY3FoLDsXLuHQH29bcm5Iwzzig7JDXPpaO99rWvLU6/60WTX/Oa15Rzszqul5LlPSrPetazyv30wXOe85xyOPf9s5/97PKbN73pTeV7v1WmOPcssyJxftppp41e8pKXlPLKwT711FNL/1rf4/yUU04pDqJUGu9uce5z5z63jbH7SBNz73322ae8pNI1fSHKHaRJREofkx/nn/70p0sfkx/95Dt9TD4QQN/7jDzoV793uF6/+/5zn/tc6X/Ezzn5Y3iQPffW7wyLc/JMrpyTR/JADuPcmgnyxfg6/8AHPlDkmvyTQ+fk3vjwO0ZKPYwdcusceeWMkWcvYPS/w3O9NNW1zsnzu9/97mIsnRsnzt0bEVAPv2dcEQn1VD6/d27HI/VxbqxqJ/WPc2PDb+Lcb60xifu5tzJ4vnMLmpUxrrc2Tp2UjaPme23gXF956Z82db3+tYZM27m/vlJXfeL+/iIp+oxRd9+XvvSl5R5+2wX6TlsbW8aaczpJW3geWfjsZz9bzvUlWfF/RM/JEjlxTubIGhl0jXrSNc59r6/d37n2105kw+89Q9uof5yru76Mc9e6R5wbB57pfs49S5nie3pRmfWtOnEIm3Lue33gnPwouz5yvb5VN3LqftqIg6ftyY3rtIXP6XH30VbOzVJ4rnEQ5/qJHnVOlsiE+pEZ5+pJFjzXgmX/+8z4M27INTlTTuNEWzgPOef4OldP1/veWAq592zP1C7GLTlq6hDn+ivaLs6NKbrUc9W/C6I9nva0pxXZVUbP8kz9pg4xDrWX8+hbZWGXtLXzkCVtq47q5lxd49z1vtcmIWvqrs20rTo6N661t8P91VV7u0ec+y1Zi3PP0sd+75yskC2yoc/IYuhQfdqULX1O9mRxOI9XL/jcOZnzvfv4PV3q956jPQTq3F+56akYl+qlfNpOW/veubZS1/he3Y2zOI9xpp2cN2VJ/YyzkCXtSc5DluLcM5z7vbbRVsa48uoHel+/qp+y6W//+43nOacz+RIxthKbhyQvAwTlwRk+++yzi4Ji2G0hyammdChl0+scaMrGoLQmhJMeRMX3zhlpBsjvXU85MBJPfvKTi9Nv4ErRespTnlIcboqKky41idPCOeU0c6A5yxQdB973iAAjw+F+6lOfWpxzygThcH9kwfM47o9//OOLwqDYnMtFZggppjgPghPn6sUR8U6Tn/3Znx393M/9XJlxcOy+++5lNkb6VJzf6U53Gt3hDncY3fzmNx/ttttuozvf+c7l/GY3u9noBje4wegud7nL6Pa3v3059/0hhxxSZnVuetObjvbYY49yvfOb3OQmoxve8IblfogT0uSIc9/5jciNc8++xS1use17z/rN3/zNbee77LLLaO+99y7lRTqc3+pWtyprepxf73rXG9361rce3fGOdyy7iDn3uXOf/8Zv/Ea5zwEHHFDue8UrXrG8pFJ79gV9xtBT5gwBwqXPGWJGAeHyPWNAvnx30kknFXngAPmeTJAnzq/fMw76nzPt+7POOqsYZoty/Z48M9wWTrq3fmfcOLZPetKTirwx8uSRPJBD8owUSiUkX+TH+bHHHlucFMaVHD784Q8vjpXxgQQ+7GEPK2OJ8UZ4ralST8Y+1hAxwA7yfNRRR5Vx5tw4uO9971sMvXNbVDt3b0beOPN7ziYjjdxKd/QsRvgZz3hGqY9zMq2uCGqcG5sc+jh/5CMfWcam+/m9eyuDvmHk7ZKjjHG9zRuMxXBI7nWvexVirG7G1L3vfe/Spr6XAnb/+9+/jHm/R1zU1UtK3d9fm2XoMw6S30nf1EddjTxZ0H7qri/1raAAuSHL+h6BJit0FF3hWnJEV5A9eso5x5Ejo11dTybdn94hexwxThMZdU/tRDf6vcCFftO+9Ba51LfaNs6DmLjeObnjPLmf33sWvRr3o7OVWd/qSw5iU87pVcES9aFnlZ3cqrtAhvtpE88nj5wsfap+5Bkh8PnjHve40hfGjYCDdFp9ZRw4t/2rPqZHjR/fq4e+JTPkkoySbc81jsiBfjH+jCOOMLkj58ccc0wZU87Zjwc/+MHFWXSu73yvXelpck92PdsztctjH/vYbY62flE/DjG51Hb6BpHWf8cff3y5Rr+wO12g/dSJ3TGTw8n2LM/Xb+qgb8iO9uIQa2tjlRPNgaZz1EHZ9b+2Ra6MMbKrrvqao+x632uTkDV1pxu0tzq6H7uu7Y1NfamNg9Q6JxvKStbi3LPpVL93PVkxTtl8PgKbS7a0Jz1hnNJ5ZJEMkE1BOrLmL9kkC+pPT5BNfe96493vPZesk2H3p4/4FAIfxqVzbavtyJ560WPaSn/73rm66884J4fGHllSP+0UsqS9tKO20M7SuiLAoB+ck3vPcO73MS71rbHPXtH7Yb+Uje5Qd32LmGpLdTEWyXZXWUssB0leBgiDKUiKwUdZUO6Mq8EaURvnDL4ByxhQFJxDA9T3zimeIDSup6gYFwrA9xQbxcpBpew5oxQMhUHJUHSUD4WtTMqmXL5n9Fzvc7/3O/cXxXF/Stm5+3g+pUYxOmcgOAgckjhXbkY6ztWL8nIvzjVFTSkz8pQw55WyjXNG3TnnlKFvn3PYOMLtc7Mz8fs45zg452A4d8S575x7vnO/VYb43r2VM845FYxEXO+cQ8LgOGdg4txf5z6vnbsPw8MAM3J9QR8zuoyDdo/IlUgWw+5/fd6cedEv5EE54nvyxCD4vUP/63ffIwvILufFOXkkDxE11O+cOqSAPJMr8uucPCijc3LGaPod+XHOYJFr8uNc+5B74yNmXpTb2HEfBo2hNJ7IMydeRNDhuYy0a50rF2JEFp0bJ84jimgc+b3vRREZY4TOubbk2KmP+zlXV/WPc2ND28e5urln/N69lcHz3J+jr4xxPUfGWFQX+sL36uxcnTm32tC5NuFkG/N+r6/UVZ+4v78xE0Pv+F3MxHQ18mRBGbSPvtOX/tcenqfvtZW28Tyy4X9yRFeQPXrGOZkja9rVNerp/mTS99rB/Z27p3aiG/2eHOo37Rvn0Xdx7lr3iHP34vC6n3PP0pbxvbYJp11f0ptNOacn1dk5+VH20LMcWfcjl+5HHo0Tfap+rtMWPjcO3Mc5GSBn2s44cI7UKZdxEN+rh76Nc/XU955L1vwfch4zL9pLOY0b93KuHmQBMXCu73yvrSJa7n6u90ztwrEkR3SIflE/5/or+sbznKubZ/i+K8gKWdPeZFwZPcvztY86+M7hXPtpa9foZ3pPedRB2fS/ttW3IVvqGueuj5mYkDV1N461tzq6n3PtrWzOtbHv3CPO/VYZ4tyz1CHOyUoQQH3mnEyoG9tLtox/sqXP2za7NvPiPr433v3ec/SP57i/ctNTykH24jzaLs7bMy/qbmzFeehM/aw+6hqypL20o7bQrtpT3UOWImDhGc79PsalflPecTMv6uYa/a4OrlUG54nNRJKXRCKRSCQSiUQiMQgkeUkkEolEIpFIJBKDQJKXRCKRSCQSiUQiMQgkeUkkEolEIpFIJBKDQJKXRCKRSCQSiUQiMQgkeUkkEolEIpFIJBKDQJKXRCKRSCQSiUQiMQgkeUkkEolEIpFIJBKDQJKXRCKRSCQSiUQiMQgkeUkkEolEIpFIJBKDQJKXRCKRSCQSiUQiMQgkeUkkEolEIpFIJBKDQJKXRCKRSCQSiUQiMQgkeUkkEolEIpFIJBKDQJKXRCKRSCQSiUQiMQgkeUkkEolEIpFIJBKDQJKXRCKRSCQSiUQiMQgkeUkkEolEIpFIJBKDQJKXRCKRSCQSiUQiMQgkeUkkEolEIpFIJBKDQJKXRCKRSCQSiUQiMQgkeUkkEolEIpFIJBKDQJKXRCKRSCQSiUQiMQgkeUkkEolEIpFIJBKDQJKXRCKRSCQSiUQiMQgkeUkkEolEIpFIJBKDQJKXRCKRSCQSiUQiMQgkeUkkEolEIpFIJBKDQJKXRCKRSCQSiUQiMQgkeUkkEolEIpFIJBKDQJKXRCKRSCQSiUQiMQgkeUkkEolEIpFIJBKDQJKXRCKRSCQSiUQiMQgkeUkkEolEIpFIJBKDQJKXRCKRSCQSiUQiMQgkeUkkEolEIpFIJBKDQJKXRCKRSCQSiUQiMQgkeUkkEolEIpFIJBKDQJKXRCKRSCQSiUQiMQgkeUkkEolEIpFIJBKDQJKXRCKRSCQSiUQiMQgkeUkkEolEIpFIJBKDQJKXRCKRSCQSiUQiMQgkeUkkEolEIpFIJBKDQJKXRCKRSCQSiUQiMQgkeUkkEolEIpFIJBKDQJKXRCKRSCQSiUQiMQgkeUkkEolEIpFIJBKDQJKXRCKRSCQSiUQiMQgkeUkkEolEIpFIJBKDQJKXRCKRSCQSiUQiMQgkeUkkEolEIpFIJBKDQJKXRCKRSCQSiUQiMQgkeUkkEolEIpFIJBKDQJKXRCKRSCQSiUQiMQgkeUkkEolEIpFIJBKDQJKXRCKRSCQSiUQiMQgkeUkkEolEIpFIJBKDQJKXRCKRSCQSiUQiMQgkeUkkEolEIpFIJBKDQJKXRCKRSCQSiUQiMQgkeUkkEolEIpFIJBKDQJKXRCKRSCQSiUQiMQgkeUkkEolEIpFIJBKDQJKXRCKRSCQSiUQiMQgkeUkkEolEIpFIJBKDQJKXRCKRSCQSiUQiMQgkeUkkEolEIpFIJBKDQJKXRCKRSCQSiUQiMQgkeUkkEolEIpFIJBKDQJKXRCKRSCQSiUQiMQgkeUkkEolEIpFIJBKDQJKXRCKRSCQSiUQiMQgkeUkkEolEIpFIJBKDQJKXRCKRSCQSiUQiMQgkeUkkEolEIpFIJBKDQJKXRCKRSCQSiUQiMQgkeUkkEolEIpFIJBKDQJKXRCKRSCQSiUQiMQgkeUkkEolEIpFIJBKDQJKXRCKRSCQSiUQiMQgkeUkkEolEIpFIJBKDQJKXRCKRSCQSiUQiMQgkeUkkEolEIpFIJBKDQJKXRCKRSCQSiUQiMQgkeUkkEolEIpFIJBKDQJKXRCKRSCQSiUQiMQgkeUkkEolEIpFIJBKDQJKXRCKRSCQSiUQiMQgkeUkkEolEIpFIJBKDQJKXRCKRSCQSiUQiMQgkeUkkEolEIpFIJBKDQJKXRCKRSCQSiUQiMQgkeUkkEolEIpFIJBKDQJKXRCKRSCQSiUQiMQgkeUkkEolEIpFIJBKDQJKXRCKRSCQSiUQiMQgkeUkkEolEIpFIJBKDQJKXRCKRSCQSiUQiMQgkeUkkEolEIpFIJBKDQJKXRCKRSCQSiUQiMQgkeUkkEolEIpFIJBKDQJKXRCKRSCQSiUQiMQgkeUkkEolEIpFIJBKDwEaQl3/7t38bff/73x9997vfXevxt3/7t6O/+7u/q363qsPzN6UccdS+X+Xxj//4j6P/+I//2JKWbvjXf/3X0d///d9Xn7OqQ5t+5zvf2Yg+3gRZc0RZat+t8iBr//mf/7klLYvhhz/84ei///u/R//wD/9QfcYqj03p403p302Rdwed9oMf/GBLahYDWfuv//qvtes0x6b0ccrajx7f+973epM1utH9as9Z5ZF9/KPHppSDHiIjXWVtFmwEefnsZz87ev3rXz967WtfOzrvvPNGb3zjG1d+eO4rX/nK0Wte85q1lcFx7rnnlnJoC21Su2YVx+te97rRq1/96rW2xxve8IbRq171qtF73vOe0R/90R9tSUs3fPKTnyz3VS9/a89d9qFfX/GKV6xd1vSx9k1Z2z7+ydo3vvGNLWlZDJT33/zN34ze9ra3lbrVnreKg3x7/stf/vKiV2rXLPtQBof+1b7rGnMOz1YGZYly1a5b9mGsKccf/uEflmBKF3BK/+Iv/mL0pje9aWNkbZ26xKF/6bV19jF9Ejp+XWVwGPeOP/7jP+5F1r797W8Xe7EufeLQntqVrK3Tfjo2RZ9oC+NvnbLm+eeff/7oW9/6VpmQWDY2grw89rGPHV3hClcYXfGKVxxd73rXG93gBjdY+eG5v/RLvzS60pWuNLrOda5TvWYVxzWvec3R5S53udFVr3rV0XWve93qNas4rn71q49+9Vd/dXSVq1xlbX2yyy67jH7+539+tN9++xUl0Qce+tCHljqRN/evPXfZh3697GUvW8qxTlm7xjWuMfqVX/mVtcva1a52tSJryrGuPtEPP/uzPzvaf//9izHoAjMuF1988ejGN75x0Wm1563i0Ja/9mu/NvqZn/mZoldq1yz7uP71r18O/fsLv/AL5f/adas4PNu4UxY6bV1lMe5+4id+YvTSl7509Jd/+ZdbUrMYZCy8//3vL/1Ln9Set4qDrBnHxtA6dYnj8pe/fLHlIXu1a5Z9kC+268pXvvLa7KeDHafjkY2/+qu/2pKaxUDWBGT4J/RK7XmrOHbdddfip13mMpdZa9s6tIX2Jf/rkjW26+d+7ufK+Ftne9A/1772tUcXXHBBySxZNjaCvDzpSU8a3e1udysD4zOf+czoC1/4wsqPD3/4w6M73/nOo0c96lGjt7zlLdVrVnGIKBxyyCGjJz7xiaU9ates4njWs541+q3f+q3R4x//+NEHP/jB6jXLPsySPOUpTyl90hd5ecQjHjG63/3uN3rrW986+t3f/d3qc5d9vPOd7yxO8gknnLBWWXvJS14yute97lVkTZlq16ziOP3000cPechDSjk+8YlPVK9Z9mH800O//du/3Rt5uetd7zo66aSTqs9bxfHxj3+8jGMOFL1Su2bZx+c///nR7/3e740e/OAHj/bcc89yXrtuFcfnPve50b777ltkTX+vqywilJwdf/sgLx/60IdGt7nNbUZnnnlm9XmrOIzbpz3tacV5efvb3169ZlXH4YcfPjrwwAOLfid7tWuWfXzgAx8Y3eIWtyiB2XXZT8fZZ5892meffUZvfvObeyEvF154YXHSX/ziF1eft4rjU5/61Ogxj3nMaI899ijjuHbNqg5yduSRRxZ9vy5ZQxZ233330VOf+tQid7VrVnE885nPHN3pTncaveMd79h5yAsH9UEPetDoT/7kTzrnmy8KeZwPeMADRmedddbo93//97c+XT0+/elPjx74wAeWqFxfqVKLAHHizL3oRS8q+ZTrgKlHU9QcwL7Iy6Mf/ejRcccdN/r6179e1iWsA9/85jdH97znPUcveMELRl/96le3Pl09GFXOOllTpnXBlDPFi0z98z//89anq4Xxb/r/xBNPLKkIXYC8IN6MWl9yuwis3zGOf/3Xf73olXXgf//3f0uu/JOf/OQyg+p8Xfif//mfEiQja/p7XWWRJn2zm92syFkf5OUjH/nI6I53vGMJhKwLxq3xIwJLt64TD3/4w8vYsxaI7K0DnLfb3/72o+c973lrs5/AmSUbHNw+yIu02pve9KZltm9d+Pd///fRs5/97NFv/uZvlnG8Ttz73vcuwdV/+Zd/WZusST+95S1vWVIlpSuvC2zNEUccUQKhSV4mgOFxxALsWMBFmAkSx3Qe49SFvDCKlLfBrRwO/yub7+ZBF/JCWf/TP/1TqUss4NI2Bvu8C6i6kBe5scphAZff+suRUo55+mRTyIsyU0zkKvq4LWvzoAt58Sxt25Y1bTWvrHUhL8ZpW9Y47YvI2qLkRb+QNbLVljWfzwP12ATyou20rXuoi3b117nP5xk/XciLcujLppxpI31OzmYtR4ydRchL/JYebcu7caeM89xvUfLiOr8NeW+Ww7ibV943hbwot3ES9tOhfmSNLZmnbRclL56hHNqxJmvz9jEsQl48o63jHf4nf/OWY1Hy4hl0vLHblrVFdOumkBflrukT9ZzXV3OfRciLZyhHW5+4xyL6BBYhL1EOYyb6mIwo0yL6ZFHyMk7W6AN6Yd5yJHmZQF40dhwEReP+wR/8QZk6/J3f+Z0yQN/73veOvvSlL5UOCGF0TIPOm5W8NMvhIISmzSgKU2amzf3/ta99rRiC5rXTMA95ad7XYQBIhbjooouKIBGij33sY6VdDa729ZMwK3lp39NhASkD/e53v7sY1He9611lqtdiv3B8msc4rJO8NMtH1hjCr3zlKyVFI2Ttfe97X5EVsta8fhrmIS/N+zo8Sx8zHmTNgYRYkMnYN6+dhnnIS/O+jr/+678u0+SMWcia1BH3YVza10/CrOSlfU+y9Gd/9mcl1ZSsSQX017nP29c7xsH4Xxd5aZZP23EypHwZN3SJVA1pCdq8qdMckzAveWneVzn0JXkPOaNbjWv3bY/jcfCd8TMPeYl7qisjaozQp9rCQfaNxaZTOct95yEvcU+HZ5BLaWfGfFPHG3dt3ToN6yQvzXLq4z//8z8vvzd+1cl4JrucmFn7GOYlL3FPsqEc2pE+ij4ma/RcBABnLQfMSl6a99THfA++Q+jW6GM+hnK416xlmIe8tMtBx9Nh2kA52Bvj0HicV9aUf13kpVlOtpz9D/upbfkp9JL7ztPH5GUe8hL3DFnj7JO10GvGtH5XxmY5ZsGs5CXu6dDH5InPGPqEntZXfL55+3ge8tK8r3IIjOkDfaFP9A1/+k//9E9LGZvXT4M6JHkZAw2oQSk1OZcEhxN43/vet+QxH3PMMeU+cl7vcY97jE499dSimGdpyHnIi04n6BwMecbWUNz97ncvv7cg3HHUUUcVQ4mIPOc5zymGj1MzDfOQF+WgGA2Axz3ucSXH/ta3vvVo7733LsJscMt3ve1tb1vKhogYpLNEcOchL8phhwm/QQy0v0Oeuz45+uiji1BrI2tOGG1187tJ5VgneaGIyBojwgCRNTKlr5uy5jOG8owzzigOJqM/DfOQF23EWSTHp5122jZZIyNNWbvLXe5S2vuFL3zh6JJLLplIAgLzkBfl4GghB094whNKnQ877LBtfaxNjMODDjpodOyxxxZFahxN62OYh7y4n93A5HDrS21h3Y5yPOxhDyt/ta1+IWuuc/20cqyTvBiPxo/nMoTWvGlL40b/qpM6qpcceuNMX3DOJmFe8qLtyeM555xTnnnooYeO7n//+5e+DTkzjn2uvzhX2o3BHwdtbizNQ16U23qF5z73udvq3dStZD/6mL7W1hygaVDOWclLjDvOFjvieY4Yd9rE/9pCu4Ru9ZtpWCd5oVONB3rVOKU39HHIGp2mzelvY4EjQv9Pk7V5yYtAi/Zix/WtvmzbT7Kmv7S/flBX/TIN85AX/UV+5OvrS3WPctBryqEt3I/DTC5nkbV5yAs7RGew42RTGbSHZ4esKRP7rp+MT+N0Fh2/TvLCCRfAteuaetDVTX0Ssqau9IN7e8Ykuwzzkhd9zP9ib9lx/dnWJ8qhfM94xjNKwHeWPoZZyQu51cfGqjWebKdnNu24/33OxisrcjOLzzgPeTEm+CgCYtaYGmPaw/pmZSBf2oYNYk/ZL74avTENSV7GkBcDVbSNsuNUM+LHH398UTqxPWNsoYcs6BjXWHBO0BnaSQJmEOi0aeSFUHMECCAnzjP8ZWh1tHIwShQ5YtMsBwNHURKgcYZzFvLitxizwW7QExi7TPziL/5i2VnIji//3//3/207fvqnf7rsznGrW92qGCxl/fKXvzwxtWYW8kLJaDfb4zEwFqDrk6c//ell8MXWff5aOHjKKaeUtnCcfPLJpY3M0ozr83WRF8qO4tBO0X/qZvFzU9aU32euUW8EkrFiaCcZzlnJi7ZFkJuypr89g6JSDof/Kd24hqwZJxT2JFmbhbxQumSNQkKeoo8tzn3+859f+oe8282GUSUHnq8cxjVCQo4nBSVmIS/qYebBc8iXcjj8T0absuacrClnXKOMk5wwbb1q8kI+yKE+JOPKqu20rbZUF2WJ8eNz7UrOtJeInWjmOJDjWckLwkuOyJByeAa543iEnGkf5Ji8R1n1N0dG39RA9tRzFvJCPwsW6L94hnIYY9pRWziUk073nWv0mTHx0Y9+dKJDNyt5ISccmBh3nuEvea+NO8/XL/7qNw6uOo+7/6rJS/QBXUOWlDP6z9ig04wr5WE/yZqxG7pEewlamM0ch1nJC31CL3lm6Cv9KPjT7GP30t6eH33MntKt0wJEs5AXsxuyAej46GMH36Fpx/UxH0M5lNW15NMsM/s5ro9nJS+cTXViD0OO2F3jTBuErCkT/Rt956+xyU5p03HlWDV5UQ4HYkqWom31MV0R+iRkTVvSDa7RxnQcEjdpXMxKXvQPfcKuNGWNj9fWJ+Qg+ljbkgP6hJxMwizkhf1kxz03+tizmnY8ymEcNMuh7HT3JH0yK3nR//xgsqYdPMM41wf6QhnoAX3EfiqHftF27s3/niRrSV4qTo4IOONq8Io+hHNPGROaNtyDouVUc85EVLDKiNDVGt8gmERe/IaCZtSUFxGgJHU256wmuMphylnHi6IwnAaqunDMa7+ZRl4YYE4J5swBtv2oLQN/8id/cvT//t//m3j81E/9VLnelnqMFgLDga+1xzTy4neIBwfqPve5T4kYcMAoS8aFkDehrsodzjgh15cGrn6vOZXrIC/kifOhfewkIhJhMFMQlGYb+pjjrx5kTPSGMjM7yImt9fE08uI3ZI1Rozhud7vblXuS59o7SPQfRc1gcJ5E7UVOjBefjTPi08gLWaN4pS+JQronpUf29H37ns61Bxmm/MkFh9X9td84WZtGXvyOk67+xrK20z+cNsalJmvGM+NDUYssiXKZhaEXarK2SvKiDRym5smW8tENHGHjI3L922CYjC/65+CDDy4RTHJnvNVkeRbyQm7M+jCa2sjBcSK/ytEGmeBYSDFg/DhGZIhM1BwJ9dQf08iLZ0lD1P762MwPvTnu/RR0A5mlf8mmcffIRz6yOCvqXcMs5IU8cczU7Q53uEPRF+RGX/l9G8pGj5Jd8i6KTOYiWll7xirJi+crtz6my40dsy0IIZmIVNM2ODocVSTSzohsnfFHH9Rkcxbyoj18p32Ug55ClDhFtXFPl9AzMctqJyOyZgyo9zhMIy/kw/jUx9qC/CB1dExNx+tjcqh+ItRsHaeOHR/XftPIi9+QNaSQPZIdIdhivJK12j2Vw7g0Po1TsmbcRnCo9ptVkhfPD3uIXEQZEQMyX9Mn+scY4PBylukIfcyvGDdGZyEv7LhxyYehX/lfCDM7VPMZ6UG2wZgU4KUnlIM+njT7MY28+K00LH0rK0E2AHunj7VVG/qYT/Cyl72szFLFrJQZLN/V2mMaeTFe9R3ZoiPpNW3NrksbbcMzwg/Sd/SxgywbB/RJrRxJXiodSgg5K/ayZ6wJuwYkLLVG9JnvXENhyuPT+JQOh7BmhAyCSeSFADCuptIOOOCAYjA4DbOUg2OhXgRS5xJ4da05HNPICwVAEVB29vaukZRpBxJj+1QGoUY0YBp5MRgoxN/4jd8oDrZyq497qXe7PeIz37tOn3KuvQuDw117xjrIi0gWg32jG92oOGgiyrP2sfJSTJSlbbc5UrVnTCMvFClZM31MbskaJRjlaCPa1neuIWsMnHJwAsc5t9PIC+Pq2XvttVdReoi7+0zr42gP9xQtpSxFcpSjVv5p5MXY5DiQFbqCAZ+lHCFr2lJEz374jFNN1uIZqyIv+onjQScxaIyOfhtXJ4g6Md50A12ExHDuas7cLOSFEeWIcQyVx33C6RtXhigHXcSBY5Q5dfRsG651r2nkxVhRjpvc5CZFHjjJs4w712hv9RRQ4oiS0xpcO428cPbcQ8BAmYyBWcpBzsguAy8oI5Ah0OC7NlZNXjg96kyXCD6Qi1lljRND1ugi+sS6MvdrYxbywsnixNEHdJ8+mNa2DtcoM0dyn332KW3LiR6HaeTFfdgA28sG6Z6lj6McCLM6KIe+rP1mGnlxLzMMfA7yIshEjrX5tHKol34RBNSndDP9UavrqsmLctChxhmdq07z6BNOeqSXITC1Os1CXthx5JROIJfz9rEZCmMUkWEnx2EaeeFv0u9sqHGqDWcpB32iPdhmOl4Qla9Qe8Y08mK8WtOCCAmwkDXjNWStDWWIcoSs8cHYKqSHn1P7XZKXBnnRuBqa4tXoprZEkJrXTING1pCE0YAw0A2KNgj3OPKioxlpAhR59ISQgM2CEAYsF/nyHE6jaWt1bGISefFMkRpOgBcjedFZjZzMckgts1+7cog4EdImxpEX7UkhccoYNMKszAb8PDAgRNw4tfqeMgoFE1gleUEYvvjFLxbjzhHTT6J+7XYZhxjsDAT5Qk4oNUoj+j8wibxoW3JB3pUTgQqFNys8K6L62pYxV7f2PSaRF89k8CgsxogS5sjNA0bGfUV5jR0ObI1IjSMvxob20E4iZ+SAUapF8CbB9QgMPUNmRXs5x00FTPZWRV7IFVJHDyDwiDw5a8rIJCi3sWGNlfHDuHnDejuKZkxOIi9kAmFBXAQQOA5kZNZy6B/PIEfeu6CPOYNNOXEv5Z1EXqTg+J7h44CLgM4j78ph3IkkGjd0Us25cs9x5EU9zNRxSOl49wriMguinmwYOeKAkVfRyzZWSV5ESs3okUU6dtZ1aIGQNW2jjzhAZKrtCE8jL+pM1skqOx4R3FmhzMYsO46001sc6RqRGkde6B3EFklmY+lW9Zi3HOQTiaMb2Ujt38Yk8kL26FO6iIPNRrCH88qadqa72RKyxldqY5XkhWyRNe3Cb+BUzyNrrtWf9Ak7zF/j77AZTUwjL3Qv4oTYsS18xnn7WP+pK/upjxBNn7cxjryohxkXukQwhEOvHvP0seexn3wROpr9Urc2JpGXqIc+EZQlD8paq0sNUQ6+KFk2W0rWyF67X5O8bBETDUNIOT6UEVKhY2Z1JpsgVAaeaW9OECXMaDSdKINgHHmhaMPJpqBr7HYWqBNhJGSUuJmYtsMxibxwag0G61i6EBeH35u5YWy0S1uxjSMvBh9DxkFg6CelaUyD/kUKKSr1MsiazusqyQvDKJLFMMq11sdtJ3sWkDW/5ZgwoJQ5Z7WpLCaRF4SOkackKN5FZQ3CuIkiixYqRxOTyAvHWHqHOriuZiRmBaMq35ljqY/bxmgceQkDwDhwjjlAZGIRUNiIDzkLY9TUJeq3CvKCSHF2pOIwsMY72WgbglmgrYxF+pGBZJiaBnQSedEexpZoOp3HAC4q7+7lOfqJDkWCQt7VyzU18uJzQQOz6nSJdVrG4SLl8Dxkg25Fougubd10FvxfIy/KYZZElNWh/92r2ZazQjnYCzOfnCepKmxPE6siL+qPTJI1us2M5TxOXBPuZcwI/gnukO9m+4wjL9rYONa3dBp7Ttcs2sdkjb4wjulqOq1dpxp58dd4ML59r1+cL9IefmNGHuEn73S8e4XMwzjyoj0EK5TBgVTMGxQKeB77IbXH7Kd2acvaqsiL/udHSMOjT9ixRdpW+5A1s7j0CYInyNJs23HkRR+zD57PV2Nf1bmLrNGR+onNoNfbdaqRF3+Na5/TJ+7ht806zArPE1zmhyEG9Ip7NfXoOPLiGv6ZckgxRgQXkTX3USf9IOjmRb8ISlvWkrxskReKhwDE9GMt138e6ACCwIkKJtx0lMaRF+UQJTHtR+G1nbx5oRwUH6GWbiWS1ESNvPiNAUiAd9tttyoZWeSwTuYKV7hCIXSe6zmBGnnxPcWhPwxm0d4+QCGKCjCMlE0ogVWRF31MAXCuLM7sQ9YoKv3reaK4TUd5HHlxjWggQ6TeZk+6giMldUz7kuMmauRF2Y0Ta1Y4BxwsyrIrOFhBUhnvpqzVyIvvyR2S7HfksQ8wiu7nvoxkyNqqyAvH3pjyRnTpK4sY+CY4TcZupOI4D/h/HHkh78aViJx27loOddaPnFdObpRDP2rjGnmhS4w1ufF0jT6I/lgEfsuJoJ8YUWTVeUAda+SFc00+ld2462p4jX3353ipF7LSxKrIi/WWxjFZq828zgt9LJig7NqpKWvjyItnknl6kJ3xmz5kHnGQQmacNcsBNfLCltC1Ur45YEhyF+hj9xRU4Rgihoh4YBx5IWt0EDuOUDS/WwTKYWYBUebb2AyhiVWRF20bM2vzznTUQNa0k1RfOqzZx+PIi/bnMyHX5M09FiEMAfqBjeATmvkQaG36jFAjL/4344pQsK3tYN28UAd1Y8elXcoiaLbvOPJC1gQt7UCr37rKvPrRI+TJGKJfm0jyskVeDGrCy9jolC5CCATRwbAyKJy2ZkcbBDXyYsBzQHbZZZfiACzC4ptQBsKNBVN6FE4TNfJCaAgeRSndq0ZEFj2sf7ETmZ2aYvBBjbwYMMrBueYAdDW8AYIuokApUoLRxqsiL/pYGoB1RP72JWv6mKOM6FG4gXHkBan12S1ucYuFI+FtMDjKwZibUWqiRl7U3W/IpjHZh2ML6obsGkftKfgaefFMji2lzFC1Z40WhfqYReVYuGe0sfG/CvJCsQueSNdSP3LSBcas/pJigSA005QY/HHkhU6VPsO5JZt9lMMzyDXDxsiB+/quRl7IhBQ+JNmCadd1KYffOoxhY5xubcoNmaqRF861mQEEUApbUw8uAvfVpvqes9Eed6siLyLhHCv94Tld2ha0C8dU6hhHtUnKxpEX7YBoaAe2pGsfg3vQXfQTe42kNVEjL6LXZI1tNSb66GOHlB51M56bjvQ48kLfG3Oi14I4fZTDc7Wx4J+/TayKvLDT2oGudl0ffWzGHmloO8rjyIv/jWM23thzjy7liD7mh5IpM2x81CZq5EXAUDkEhti6vmRNnfgS6t5cOjGOvJj9MuOqDQVC+ygHGWKn+QeIURNJXrY6xcA2O8GBZlD6AiXOUeaoMrDhVBL8Gnkx+JVBWfpwNoDDRMgIvUHBIERkvkZetImIPCG07XGNhCx6SB+zxbIUoeaMQ428EEjrOQiogdIcQF2g7gTeIncDImYcVkVeTK36DNFoR666gKxRHhZkku2IzI0jLwwDJw9JJR99yJq21W+inhxzzw7iUCMvnBB97HNjwe/7KAdZ0c4WUFJ+TSNQIy/ajjMmkudvM6rZBerDaeTceG44j8b/ssmLKJ4UD6kVomfO+4BxYn0TGW46yjXyou/1BcJQi+J1gXFrdppB12fkxsFotsmLv/QsnUbO2lG8LqA3ja2YcQh5H0dezIxKW+MkNXVgF3gWUoQgigTri2jnZZMX7c2ZotOlamkDUdg+oN04yGZQpT0HauQlAiGRJ292oi/QH55vLMleaDpmNfJC/vU9x49v0RcQJ8SFnqJDo4/HkReEEsnwm74CMsYzmSfDdEBzxmHZ5MVz6B/PpVPMTvSlq40NtkkaKJIYqJEX/cyP0sdsbt/6BBmhT9rrlGvkRZuTeSSVDugLZM044n+pd8jaOPLCd9IvQSj7gL42vo0vM9zuG/VO8rLlEFPIe+6557aF032Bwyoyx5AyWtHIhKFGXihI03UGf9dpt0AYdMYSKcLOCT/UyAuBkfbDMMyyJfK8h3fDGGzKEaiRFwORE8LJb6cgdQUnyn3VMyJ6qyIvnPUw/l0VfBOUC4ViSp+yD/kZR144thQh+ezLsSVrDmOMI8XQM+pQIy+muPWxw/joE8Y3x4LSM74DNfLC4eJ86S8Go09Yz6N+oliiU2D8L5u8iMjFOiK5x00j2AXkmByRHQ5M9HmNvHAsrLOTqqUfXBPGpyvoMNFSaywEiDgZoeva5IWelzbn/VRm5PoyrqAc6k1fciRCpozHNnlRNnJnW3RtpD36gPuqP0eKg0POgkAsm7yoJxJGz5EHz+1L1sgPWRMMkXrpvtqxRl7U3/9Steg246IveJ4xxkcQ8GqSszZ58ZcuUzaz0H3LmnpLYROcCVkbR16QFg4eGYhru0IdjSf9gUAgZ0Eglk1ePJft4COxL00nviv0Kcec/TSO9CNZq5EXnyHH5IHNXXQdUQ36yaYK173udcssTPhq0CYvxh6f1YvCbQ7Rp8xrD/IkyEufRDnGkRe+lFl+s/Hapw/EeDLG9Dd9HyQqycv/DQYCqgGsxzDrEk5mX7DI1fM4baFox5EX0+MMvQHalwAEGG0EwXR2KNQaeSGknF07jNXIRx+HqILobaBGXigHwqm8Tae7D4iaGHz6IBTjKsgLWbP7zR577FEUQpDnvsBYirTpz5hRGkdeGB9KQb/3XQ5pOcaZcoQc18gLZ4pCZhzCse8LFKvIvIi/CGSgRl4ofhE3n8UY7QtIBFm3I1Q49asgL/QO8uIZffYvGSbL5NosH2PCyNTIi8+QQePM2O4bSDdnVYoFIqxsytImL9rIYnIOgXUUfQMx4kA0NyOpkReGmGPE+dQ2Ub6+oP85lOxZOFrLJi9kKzZVsRlCn4j+ZKPMKNElzo3bNnlRNvbb7Aj90zfYDGtR2aOms9QmL2RSW1/72tcuMwN9AzHiUAqCSYWENnmJdqP7jFF95LxPCBgIyJC10KPLJi98E7raTByb0Se0mcOYpTMj0ELm2uTFX2UiDwhG3+D73PCGNyxyHH0MbfLiL3m0rb9d6frWJ+TYWjq6M9bStMlLtJsAA1IZZesT/GT+Idk3ziDJy/8NaoZYQ3DWKfq+BYDxJnAUS+TLEv4aeeE4Y/6i5tFJfcEgE/30zIjKjyMvXhB42ctetko8+jhufvOb/0jKSY28YPCUtEGir/oEI874IoocflgFeTGoObLeV6NOfQ9yM1ScCLvsRJuNIy9IjkgpI9M3YTebQ9ZEQCeRF1F5zgZZ6CuFJkDGIw+/6czUyIuymQ10nXz1PhEvI+NkR0qq8b9s8iJ6h7xYi9E3eXHYIAIh46xx1GvkhQNihpWc9TWmmvBs+hJ5CeNtTLXJC+NGJjlCiEbfoOPNpjTlp0ZetBHyYr0LPRvl6wvWEkoD9Tf06LLJi6g7HSrySu/0Ce3jQMjkvRvT2rVGXtSXzNPpzWBFXxAMUm82qqkj2uSFrLEjHMo+U8YCxhOnjR4j81AjLyLnyIs1Q9GOfcJ4pr/IGrmGZZMX450jTcalVvWJaCMEgW7jmOvPGnnxHafZrK8y9g0zDBa+832astYmL8YDEik9WsZQ332sHwX1jKcgUTXywn9gP5EX5eq7HPqa364cSV4a5IUytMbjl3/5l3tdgxDgWCxCXvp2KOchL0jDJpGXvh1bAz3ISyifHYG8cMKHRl4Q5WWSF33QXOy3M5KXvgMhoOyzkheO5zLIi/7bFPLCaSNns5KXZupRXyBL5H1HIS+BeclLXztTNoG8GMNsVMxqwyTy0vdsMkjFnYW8sGdsj4Xcy8CORl4CCAJZnkZe+FOrIC9NWZtEXrqO7RrozFnIizEZ5MV56N2+kORlC23yQgg0gJkXToCO6BOmOSle03tBEMaRF9Pu3oVAYCOPtC942SWjzomNQTiOvFB4l7/85avEo49D2kRzp5IaeUEkRY04mQZMn+BgcFRNicbam1WljYXRRST6dioZb8/UjtIcYBx5MeUvR1VaU5+ReZCHa5xROpPICxJJ3hmHZtn6AIVGwWp/hj5QIy8cMjqBTGqPPkHPKAeSFutpVkFezMKpp3HV98wLWSY/yAs9RYfWyIuy0X90jPbuE8rhmRYvIy/622fK0iYv2luajd3npI3F530BIeJAkK1YM1kjL3SMstrARdmVtU+QKesa9UMEqFZBXiJo0t7Nsiu0mXaUMsaJ4rxa91IjL9pY30qTau9M1BXKQZ/qYzqtmcrTJi/aiP6zvspaur5ljfOujvo4CEKNvCiPmRcyGH5On9AOdIBy6BdYNnnR72RN2pjAWJ/QZmSLz2HmxfO1WY28GFtsLYLBd+wbNgBQb/5Ic8y2yQsdoh8Eg/mMffcxfWZnSUQtCEKNvHhuM7WzrzVvAUEROp0OT/LSIC/Agb3Wta5VFEOfi690ogGIDDAewaINghp5MSA51JyRUAhdEcLFMaPMREo4FVAjLyKCIvKckBrx6HrYccyMCjIVIIht8mLKXcRNpLK5JWsfMAPmHSuc6YjEroK8gKggRcjQ9ilr+libyj31jDAe48gLoszRUX917wNkzcGIMgCUX5DwGnnhBOhjTk/MSvQFszrqqBzGdaBGXix+Fc2zrXHfeeruR/nql9gByfhfNnmxKYV6IqjGdF+GzX0YC7LNeARq5IWRpd+Uja5jeMhHHzCeGHYkxVjWl6Hr2uRFOThAykYW+gwMKYdouBx1Rj5IQ428KBtHiNPDGe6rHO7tecY4OTOmQ8cvm7zoU3LNkXVEkKYPqJNcezYRSXDu3jXy4jNOn9kROiacnD7gXnQnhzJeOBlokxfOm7a5xjWuUTbr6FvWRJ/JNqIQznSbvASMAzJIF/YVwAhZsz7X7L3gRMwiLpu8sFP6WDDYrHKfsuZeninIxAfQXu5dIy9kjb0yrtiTPmVNOciN7Ax9rUyBNnlRRpkcMcvXt6yRdb6ruoav0iYvAYTSzAu91ld7aH8+tJkwtpKsKRckedka0BS8CLAdufp0XhAQAmAAmkmIQT6OvOgQzi6nK6aEu4KQE2rOBsNmF68Q8hp5iQHhTenerl8jIF0O746x01czH7hGXkQwDRBvSu87DYAjLcLieVHvVZEXpEU/kLU+ZxsoNE4cI6aPg5CMIy+Urh08kMNwuLqCrKmn+qk7ksjQQY28UIhkjULuOzJvXHm/gS0km2OsRl6URzlENGMNVF8QLTLGmrNhqyAvPudgcOb6nMl1H066/pUaGKiRF4aH8TeGBU7o3L6icgynttVnxi3ZY+z8bZMXn3F6OCD6IRzePkBP0fG777570fEh7/62yYuD/HFCbNwRszRdoX4MOPJgrHN4Qt8sm7x4NjtHp0vZUqe+HGUyJaVbMI1uizaskRdyhegIjHFs+5xB1W4CQ2bMyJw6B9rkxaGNYlMaMt8XlEOAU+ZC06aMIy+eb8aKrDU/7wJyrZ3dV7+wHSHzyyYv+pidQ148m16LNugKdSJr0p/YhpC1GnnRx+SLffFdn7KGaMoKEQwhR0192SYvykcXI1z6uM+UZ7JmHJnZJl/Rx+PIC/8CgVH2JrnvAn1LDvhqZnbJcIy9JC9bStYgYIAILiVFKPqAiK5oLuPtGSGI48gLp1MOI8UnmhUC0wWcWM4EJYsgEPwoR428+I7TaQqwb/Ji62UvqTQL1BTwGnlB9JSDc8LR70v5GgwGnjYWUYhyrIq8WNthS2yOjannGIxdISWJ00apIwXRx+PIi7Ylf959Qfn2IWucGDIlUqrPOBlRvxp5Mf4oQ7MvZj6Uu49yGF+UGsNHtpqyViMvxgQnD2H3eV+ypj4cCg4V5zlmU1dBXrSjWVZ9Qa77cpTVgUwrezPfWxu3yQs9qv85nsiLdJ6+HFspOWYOReVEKiGe1yYvQP8a28rB4PcFDhvdpSzkOp6p/dvkBRAcpFJ/mR3rA9pUnfQLQunZMe6WTV7Ui65hP+keshY7E3WF8tIN+jMcWKiRF+VgM9hbRMo47wvkmdwI9rT7rE1egE7T75y5SEvuA8YbedfPHLaQqXHkRbnNatP/fIu4vguMf04+eTeu2bW477LJS8iaepr1oU9Cp3aF9uHz0BF2zwvUyAtoc9eSNfXtC4KbdCuSwkY30SYvINgu2I1M9pm9QJ8gDHQb3yj6eBx58Wwyz5/U933IGj3CpgiGssvGWNw3ycuWISUMpt3CUW7mtC4CguXe8hEJG2c1pvFhHHlRDtvB3ehGNypThk3hWATKoWMpsEgZa6JGXgiH6Krc7D5Tx+IFlRa5UXJN1MiLsjNGlCSjwfntA+rMwIsSmt0KJbAq8sLwIrWieNZB9SFrBjUFq48plaaDOI68aFsOjXKQua4Ou3KYWaDAyLw+baJGXvxGWf3GlLN1GsZAF5BfDgYHUcSmvQlHjbz4jX4wFjhKHDSfhaJcFJxqhoi+Mf5D1lZBXiAcZUaPzHWNUpIZ+kqkj+4SJQzUyEtAGpPxLYWNnHUth34TAReB1p9BzPSXNq6RF+VjYOVwe/9Fsz8Wgd+SVZFw/WsMcbgC48iL+is7QoEARDrGouDMiX4b+1Ikm4QSlk1eAuEok0My0rWPta170k/GalPWauQF6EGpJdrCwbHtGgzxLGtYBHk47W19XSMv+psTak0YH6Bp+xeBPg5iRodKfWzqyXHkxf/6HQGQ2thHOQQB2GR2skkoYdnkJUCfsOHGndmGPvSJZ3iWmYNmoGccedH+SA6dZozTL9pnUdAPykHWOeUyANpBgBp5cY0gKH2n7H3JGttkJlcfNNt3HHkha4LSZqPYo2bAcBEoB38FoeSzNwklJHlpOHmcV4qBw8m4ENpFjBsh5PyLsJveFDkS2W4+axx5ARFFThTWy+FbNN0jBoP1IlJHPKvN5GvkJUAoKN++3rLv5ZTXuc51ihPd3lmqRl7AoJEypk8oSwNzUUVlMBhQFBGDI1LYdBxWRV6AATQoRW0Yoi6yRtFoTwbU/fRjU4mOIy9AyVC+fsexW0TWlMHBUUA+OJRmD0WymqiRlwCngKI0+6IuHIF5EeXQxxQrRS9toun0QI28gPIz9GSDwx+zQO45L/xOOdyHsTGl32zbVZEXDoBxzMlTBnJHzhapE/klW5wxQR7BlSbUdxx50bbS9zhYnF/O9iKGXrmVw248CIiXxNGXcS/fq1+NvPicDkaSybw2M3YWGXd+Y8yKetLvdLl+aDrK48iLv3S+8omYaqtmRHEeKAc5RUztYCbw1jbkqyIvymFsXf/61y/OK8dmkbYFfUxX0VnaiXPWbB/jtkZeXMOx0+baXh8r1yLlcC/lIF98BkE3jnJbbmvkxV/yQO/Sa8rR/H4e+I36kjUZHGYc9EOzHOPIC5iRV3bpwYIZi+hWUA7Ppcc58vRnm8itirzoU44yJ9rMFgd+kbaNPqZP+AXGib5q3msceXGN7+h3418766dFyuE3+sXsPNJtnUnYnyZq5EUdEMqDDjqo6L2u+oQeJ2teYUDu6epmncaRF9AXfEZ6yD0WkTXl9jzP5Ycb42bY2rKW5KVBKAixSKmogogtprcIi3VPJEGEj1BzGnzWFIBJ5MWgFT3iIHB+F50KJDgGvVQ4swwEq+2cTiIvBFPZr3KVq5R1KjVCMuuBALmPiK36GvRNjCMv2kw5TE9rD5G9RfM6tTljyKCIUIqu6PPAKsmLZ4kekUNyoL+bkbRZQa7MMpBX8obo+aypuCaRF0pfRI7jw5GO3bDmgWeRNYpGXWxdaxy1+3gSeaGYtLkoqz5e5P0IofTMcmoLKSxm1toyP468MBRkTUQv1r9RiosYAbLFWQ+Zdd50NlZFXjxT4IQDRUbIgOubumhW0JdI6S1ucYsyY9jO855EXpRDGc2g6mNklXGeF8aQ5yLb5Mx4pS+ij0IGauQlvhPR5HD6vbGzSNpJzEAxntI1pBqrY/N5k8iLc23ASUHYOU9N/TAr6AyOPceF3RI8aDs8qyIv6q8enC+OD1lcxH6CPjb+RHHdh85vtu0k8qKPzXrQuzZG4FAvaseVQ7siDWZfyEqzHFAjL65xzrESpJK6KbNjER3vN/qQ7USUpfO0ZW0SeaHTbHlLRtjYRbdvVg73odPU2Xhuy9qqyIv6C8rSa57H7i3Sx9qQ/PAJzayZuWinPI0jL67R3+wnQmltiDahB+cFf0DQjv2UIhVbAjfLAePIC7mke31PRhZdvG9cGTt0J1utbvq4WY5J5EWgkJ6Rks/utf2NWeBZ9Cvdzg6z4wIIbVlL8vJ/CipAGAwYjcHIahiKos34JkGjx9uGKSzOv+e0YRCMIy+MmO+xTYOCsHJ0Gfu2MNdgYCsHZ1I91NX/tTzESeTF4KG8OTw3uclNRpe5zGVK6leNnEw6EJerX/3qxQAwtAZaDLzAOPKivNpDREJ6RrzQMIR51vZQN04tEmdQca7bymGV5EWZyBpjwNhTWBTFrINQufUxpc4BJquc8hqxm0RetAG5UF9KL2ZgKMdZ21a7cd44Ye7B4CBF7d9PIi/KgfCL6nMERNVFCd1/lnKQBYqTQ8NZIEuUMAXelrVx5MVz9BGjyHHSZsqjzdqKswa/V17Xc+45rsa3+7VlzfheBXkBfWn9HL3H6TCO9LkyzQJtYvyoC0fdbBKdRf6amEReQCSN40sGlIOjQE602SzQV5xjOo1DqW+Q06YO18b6u0ZeAgwu58p6BLJCXpVtVmhvsqwM5F0qbnt2D8hMjbyAtlcOM4PKQU9wUGd1fNRROTht7IN+Gac/VkVeQJnMAtEj2sc40LZN3TcJHEUztmakzI4JWrFBdEwT48hLgA3RHvrHwRkka7NCP2g3faMe+oms1epRIy/gf31MPthxdphO0oazgs1HtpVDFge5rfXhJPJifAie6AtlpXPYT3phFhif+tV4VQ/jVz1qY2ZV5AWMKX6RsaOP6D5lmkVXg/qzOWyFduFXmMFoO/3jyEtAH/MTtQtH2//z6hP10L+hF+mTtt2CGnkBcslP5W/qI/cRiJw1QEQ3uTb0IlmVEVLzfSeRF23F3yWH2kIgUCCyHcgcB/VQDlkx2pNvxFfTRm0keWkYvgDBM2hEKhlKiotwub4tNKBjKBTKjkJnOAmZDmg7aQGDYBx5Ac9QDgKirMrB+HAKDLC2ogTOBOeV8xkKkwAgQZRxzZBPIi9AmJRDru1ee+01utzlLjf6qZ/6qakkxvcW55ux4cyY/TEw3K9WjnHkJaC+2olRNChMgVPqnBnlaztinkPgOZJmnETBGXiDwaCu9fsqyUtA2bUL44fwMsgGq7UjytPuY59RbPqNQfYb8kFOxjkmk8gLUPbKwRmkQBk39+Z0e1Zb1vSfceC+xgW55GioK2fK9bU+nkRewO88j8LjcPhrHQHiSjm1+1i5OTHk1r0ZZ3JmrOjzceUYR14Cfoc4aQfOLQcK6RbNYlDb/ejc577nMLk+2kPZa7K2SvISoBfUWxBBWykr463sTQKhzZwbhwyPcaZOxg/dyZmsRfWmkRdwjdkBcsDAKi9HyD1DR0Wf+attOUFmSBB9414Agqy2U0/Bb8jqJPIC7imgY+ZDH3AYtCH9SY82f+d/447zql50q0XTfkvefV7DJPIS8Ft2Qt+Rd/djRzib5LA9/gV+2CEztcoc7chhGueorJK8gD5zjdlttkX9OJ+cHmVsty1ZM7451OrBJvqdvtbHNb05jbwAnea5xjCHj47Ubu4ZMyhRFn+N07Dj9B8Cpf/I6Dg7Dtq/Rl4C+tL9zJywcWZwyJG+5zvUdCs5JI+uZfPCfo4jBJPIC3iG57EBZqXtImU8GVfuSVbbZTcejUt9ySlmGwSo6IM2mQyskryAsUqfsLHKx1dzzia0HV5tq54ccnpZGa3r1bYCOuSi1n/TyAtw4jn7/D6zQfyIsOP6M+QM/O+ebB2izx7Rq2Zu9HctABkYR14C+tiz+a70jnuHHa8F8owjss020CdslrRahGAc2Z9EXsB4VQ4BQGNPsNgsszbX9vqg2R7KpK/Cjhtvgrl8GzZqXHAryUvFsQDKzcA2e7L33nuXPD4pEzpAhxFig8tfDiGjo9OlVJgd0LEEbBz8bhJ5CbiOA2cXJPemeChtA02HNctB+TMUnBN5xwYloSEcTWFpYhp5Ab/1DA4DAnPVq161vH1/0lqYn//5ny8v/bzuda9bBIyTWzNCgWnkBQg9hUrxag/9QsA5qpREsy0QPM/kEHBivFyM4qUY2k5wYB3kBRh0yoMzpH0RDf3BGW7LGmcSGSU7lLppVQpv3ACHaeQlwNibQWEEOTvk2b2Nk5A1B6Umkk8eOJLWMZEhDr5yjJO1aeQF/F57MMJS2cz4aUNOjd8024JCNkYpSbt5eVEXB9s4mCRr08gL+D3jy7E1BS7VKWZzyFCzHM4ZTA6zNBXXcm7J8ThZ87tVkxegv8j3brvtVtJIjCV1YlSiTvpX3Tkpxpc6MVbeVVMjDIFZyEvA7LTgio1J6EvBBXXwbHKoLP43rskkB1E/GPOMrPFdA9mj76aRF1BezpZ245iQZbOz5Mezoz2Ux1ikG9gD10o5m5b6Ngt5AW3NkVS/ffbZp8gwgmTckSG/dSgHx5qO5JzYmtm1xt0krJq8BMgA+fG+Cik5ZuyQh2hbh/+VyfimJ8macUy3qP84zEJeQB/QOxxb+lLKEz3IoWuXw33CjrMX9KDzaU74NPIC+o4jRh7IMNus/PRx9HHImrUCnHD3tKaLw6p9xhEGmEZeAogU+2E8kzVlR6zo0ras6T9OPVnfddddy+wGPTcJqyYvAbae/NBr9Am/CnlQj2Yfq7+ymV0ga8YFnUnPjMMs5AUiE4KPxldjm9k6ttKz1cfhf0EjtpXd1A+ILX0yqe9gGnkBsiAwY52zeyMC+px/15Y19pMdpE/YWn4xvT/u3jCNvAQQGPqUT0PmlVvbk7Xm2FMmfcWO6zv+BJvvs0lI8jKGvHCiCCOhpvwoBQqHY0KxWQDH+DtndDQ6RwDRIJg6ZZJD6ftZyEs47BQrZi8apcMoNc8loJSFgeig8ERJOSR+w7FhNMcZzlnJi3IQOIqVADKaCBICYztlKWU/93M/t+1/jqeyMlbauR19aGMW8uL32pSjJTLOCTWTov4GKULDSFLicU7hGmTqSXHp73EDc13kRdtqH8455UdRUlLkzKGPRWX0tz5mTEQzOC0UCUU0qW1nJS/KwRkjv+RY5JECJmvkXDkcyqBcHDlOJ8NRi5y3MQt58VvlIAMhayK4yAnjoU+NO/KlDBSjmTj3pOw4tfpxUnvMQl78Xn9xrDg6HGbKl0NMtvwla3GuPL5nJFzPcPv9OFkz/tdBXrSNccBoudb40KZRB2NJnRhf9SO7yhdBm3H6EuYhL9od6dNnHFU6yHMZObqVnJE5fU63IiNkIXTrOFKo37T5LOSFLomZDOOO3kRgQsc3dauxZ9zRaRyq0K1kdRx8Nwt5ISfGHf3L6WBHPEvdQ8c7lMkaEOOOU4kAKrt2n4R1kRf2kwPj+ZwYs5H6xJgla+pE9ugX49sMg7EpQGP8T5K1WcmLNnctO669pAZpv5B59QhZc47cCHjph9Ct4/R2YBbyQhb0Ez1JfsiRYFXYbWU48MADt/Uxfc03IJd+Q9YmOZSzkhdlJIvqZjyxdQKz+sBzQ9a0hXOOr6CtcaoNx+nLwLrIC/tJ98uqoE9E/EOfRJ3UJ4LLgkvklz7hxE+StVnJi/4JfcLWCfaQi5At7eIIO043sOP8OmNfH0+TtVnIS+gT44IdlzVD1rRF6JOQNePAPdWPzxj6ZJLenJW8kDVty7/V1trc+GrKGl2vXNpI0EBGgNkotkEdJyHJywSh1YEOQsXpIwicJA4bwXTodINFhIZDzcGfZNACBsEs5CWgHASBQ6fTKOF2OThj2DvlbxDNUo5ZyEsTBFIdY0rbcyliA8RAVB/KTlsRcgZsktINzEJemqBQOGEcZ44lx1w7cED8pcQ5Z5QIpasc07Au8tIEpSPKK9JmILf72GcUAWeScp+lj2clLwFOnT7m4IoIkzXPjnIoE3mhNMiutp2lHLOQlyaMTcqRQRKJVo4og0Mfu5eZNwZeOSYp3cAs5KUJcsEwctoo7CgHWdMuzjlSvuesuX4ajP91kBcwHo1jfSCSqk6cYXWJ8aOPjW/BB5Ey109r23nICyiHPrPGgZNi1rgpZ9G2+otBE7Twm0nl8J1rZiEvAdcbd/Qm/UmmmuVwGHfGAv1LD08KTAWMiVnIC/jOwQizI2abjNd2eyABdKtxTHZnKce6yAtoW+PY+OSAkrWmTnM4VzYOMp2u3ab126zkJaAcbGIEZrRju23ZLbMQ2l8/aNtZ5GcW8gLu5fuw4+SJXLXLQf7IoZRocjlLH89KXiBkjW4VaFFnv2uXw3g0LtlxOm2WcqyLvIC25RfwYwT2zF416+RQT/qEflK+aItJmJW8BJSDTmbHkeCaPuEzGj8xKzNL28Is5AWiXu7tGZ7Ft2r3sXHA12DHjY9ZyjEreQkYz9pam2t7tqbZFspB1sxM6jv6YpZyJHmZQF5qoKB0MqHQcYRULuEsg6CJeclLE4RWOTgLFJWOU6ZpyrOGeclLEwRM3SkZZdAmjMosxqeNeclLE8pBuWpTDg7jwCny+Tzl2ATyElDukDXtoV5kjbzO27bzkpcmtKFnerZyOJRJXeYtx7zkpYmmrBl3ZI0Cn7ePYV7yEvCctqz5O6thb8Lv1kVe2lB2bWncGMeL1mle8tIGmdIfIWcct1qe9iToI9fPQ17aIO/qoi0cMe7mxTzkpQ11aI670PHz6JDAOslLGyFrxm/IGudwXlmbl7y0Ebq12cdhx+fFrOSlhpC16GP/LyJrfjsreWlD23um8RZjT/suImvrJC9thD4JWXM/fTyvrM1LXtrQtm1ZW6SPYVby0ga59sy2PiGz82Je8tKEtteeffmMOx154Zxy2DnrnFxCvupDY1ubYtZCFKZ2zSoOMxfKIeqERNWuWcUh+iNtACtnYGvXLPswmA1IJErUpg9QNAiMiJ9BW3vusg/GXRqKCGesB1nHIRomxYusGXu1a1ZxmKkzhY3MUaK1a5Z9GP9kjMyb4egCBknUmiIXSas9bxUH8mPGwM6C1nDVrln2wRgz0vpXaoLz2nWrODhKkfLGyK+rLGYuOYDkrA/yIr1Eyodsg9rzVnEoh/Gz6667Ft1au2ZVh3Q46YZ8CbJXu2bZh36VAiSSvS776RA9JxtmlfqQNesvrMVgO2rPW8XBLxBklnJGb9euWdVBxwsAIprrkjUzStalsTVm5WvXrOIQPDHuzBzNS6IWwUaQF4ZNPrdUFJECubCrPkwLixqJzJltqF2zisNuG9e85jXLoPDSp9o1qzgs3pUXauEYB6h2zbIPilcknDESle8DFI225ThI0ak9d9mHnWI4lNrWdHXtmlUcnDiLjLUHkli7ZhUHAiXHluKTQlK7ZtmHaJHFzPJ8RZC7IMgLRxkZqj1vFQcjYn2SdW/SvWrXLPswK8C5tq6B0+O8dt0qDuMdaTDrKRK9rrKY6dxll13KrHIfDqUZVDn71obUnreKw7i1AcsVr3jFUq/aNas6jDtE2ewA2atds+yDfNkcR1B2XfbTYYbCmibByD5kzXoQa2uRstrzVnEgTjZ8sPEEHVe7ZlUHu2Vxv3ZZl6yZ3f/VX/3V4icJYNSuWcVhqYK1wGZgdhrywsCbRrdYlbPKqVr1IRp/hStcoeysgMDUrlnFYSEXZ+Pa1752ceZq16ziYAy1h3KYhq9ds+yDM0kxWMBoBqgPUHoWxqkT0lx77rIPmyvYREHbqlvtmlUcFM0v/uIvlnJwLmvXrOIQQeP0cOg4QLVrln3YaMIiZQsYOZddENFwaVLuWXveKg47+Ii62m1wXf1r1tQ4EwgRlHFeu24Vh3JIoUNgbP29rrJIkbZDpEipNVldYHaNM6dObEfteas4zGhLk/qFX/iF4kTVrlnVoS3MAPEr1qXjtYfdPek2Nqd2zSoOWRx2/EIo+5A1Qd5rXOMaJV2q9rxVHHQ10nClK12ppIDXrlnVwWbZoZH/uE5/wuZM0ugE32rXrOKwmRA9Lw28K1GeBRtDXkx7ifZrBBGkVR/eRYG4iESLiNeuWcXBybja1a5WZoHspla7ZhWH3S84tXvssUdRxLVrln1wLhDJSLHqAwY6Ysaxs9aq9txlH2Z/zLyQNQO+ds0qDs/mzJE1u8HUrlnFIb3C2BPAoAtq1yz7QJQRF/LWdZZPHrYoP/IiClx73ioORNCMNsPGYa5ds+zD+hLjzJi71rWuVc5r163iUA7RcPnhxv+6ykIH0fFm1sdtMT0r5KjHOgQzSrXnreLgULIZv/zLv1z0W+2aVR18CTqNM7kuHe/dIvo4AmW1a1Zx2CaYnTHb35W8kDVRdeSFn1J73ioOuppuFQDwf+2aVR2IIbulv9cla+QLUUboBA5q16zikMGBvPSxlm8WDH7Bfl/gcCy6YL9PdFmw3ye6LNjvC5u0YL9PdFmw3ye6LNjvE4su2O8Txv+mLNjvC10X7PcBiz67LtjvC10W7PeJTVqw3xe6LtjvE10W7PcFazEWXbDfJzZpwX5f6Lpgv08sumC/T3RZsN8ndsoF+0letiPJy3YkeVkukrxsR5KX5SDJy48jyctykeRlO5K8LBdJXrYjycuc5CW2ebQfvWlRnWc3inm3eutCXjyL8qaklMOODzrPbie+mwddyAtlre7aQBkYRm1jsM+7HWEX8qIPOXC2rtUnlCbFN+82q5tEXpS7Jmv6fd4+7kJelFkfky/lcOgfbTVvObqQF33MOdbHIWvG0CJbXy5KXvSJctjphYyFrMWWvvNgU8hL1El+uTbVtjF+5tWNXciLcpCpkHcHeVe3efq3C3lxraOpWx1k32fuO8/9jI9FyYs6a09tEOWIcTevvG8KedF+xok+Dlkzno0ftmQe6I9FyIs+UA62stnH2ll7z9vH0IW8NHVr2PFwTOcph98tSl7oeOOsLWuL2PFNIS/aT/lD1tQpZG1eu7UoedF/Dv3ZljX9Ht/Pg0XJi2vJd1vWjIN5ZbYLeTFGwlcLO66PFrHjSV4mGGiCpWMpSo6KFwNarEhp2z3K27TttmDnB9tRfuMb3ygdM4uTOg95CSF3b8/wLC8/8nyLMB22f7UDi5e5cQwJ9yyDdB7yogzqRqkwGHY4IjjaQHswjtrGrl3ayiCZdXDMS14Iu+sMJDtPaA9OqXawi5yFftYB2NbPQKGApmGd5CVkjVKTl+4FkRS39tSuIWu2jow+poxmkbV5yItyUCKUvBfL6WNtqV1C1pSFzHvBmTfh6uNZFM+85IWiM07IpS297fSijz1fHzOQXlBp+2dKUP8p/zTMS17IDuVonFoYrz1C1vwlez7Xtq6bRdbWSV7IGb1nXHgxo7JrS+UwjqNttbnxZZzpi2ltOy95ITP6jBHzIjW61fPJmJeWyZu35aptl8mANvObSeWIcTQPeXFP487LbGPc2S1JWRz+N+6QADZDPWfRrfOQlyg33UrHG+PkPXSrwy5S5F0Z2aNZx906yUvIGkfWSxfp5KZOM37IjD72slKOjHab1m/zkhftxCZqN7KmHbVntK1ysGXand5Tz2myFpiVvLiXe5IfsuZlmPRoW9aMA33mGnI5Sx/TO7OSl5A1Mqmu4U807bi2QRjYceNzVtK8TvKifHQvv8PrJ9ibkLXoY7qbriQzAjaz9PG85MU9yaf+04/6mKzTaQ62VHuHz8jWztK2MCt5CVlzbzqLrW76aspD1vhq9Amfwz1nKcc85EU5jGdtTYeHP6EvlEHf0PHkRp/RT3y7SXULJHmZQl44hwbwmWeeOdp7773LIlBb5u25557l3AJzn1mkZhEhR9qgmwaDYB7yQgC87dozPOvnf/7nR5e73OVGv/RLv1QO/9vJyeJBJIBDR/FNw7zkRbkpEju1USoWsdn9wsDWJnbDsGvYQQcdVLZLJeizONjzkhdGiGKyyYBnWtRna9R99tmnGGqL/31mRxxGjpKYhnWTF99TMqeeemrZbpITqG52kAlZs4OSduf0Un6U0zTMS14oaw6tRcYWCNqp7LKXveyPyJpdfvT505/+9NLHHKlpmJe8UEgUvwXHN7zhDcumAze+8Y1L25Dz613vekXWLFJHRMiv8k8DxTkPeWGEKFmK0lh36AOy5q8+sTBbG7vO9dNgHK2LvHCyOBaMj81Cfu3Xfq20pXGjT40jn9Ezxhcjx6mcZtjmJS/kTJ9xDMj35S9/+W1yZiE2OXMoix2UEIhpDrv+Z/jmIS/Kwckgy+SK7rB7FAOtPYwBn5FBi7IZ4FnkZh7yosyMNiNOx0cfeLbxryy2jCVrt7nNbYo9MpZnGXfrJC/sq2faLMA4pZPJmnZWJ7YjNhNhkzm95HmarM1LXuh2gaxnPvOZZTMHG3bQrcrg0M7GtTamr/XDrNHteciLcpAf8hn6nKzpY7KmPsqmfU4++eRCcJRjGuYhLyFriAF9TKey48qjLZRFmYzjO9zhDmXnTSRH2adhneTFOGZXvEdMGfRn2E/1ChtC1iw0F+ydhZTNS17cEyHQf9rU4nZ6jE5z0HH+al9j3XiapY9hVvLiO+V2b5vSGGfGHvnSFiFr9Brd632DfMZZyjEPedG27AKC4RUFykHW9IV78BnJmn6xG6lXOfDtyOc0JHkZQ144/pS+HXQoJs46xaChRIk4mb5npLFXTgMhsd2wgYHdUrDjDNas5AVjNYDtgMVoUWyIy0/+5E+OfuqnfupHDp8ZGBwp19qeE8PnFI8rxyzkxW85L5iyMnN4GHHCyyF1D22hTURrtZHB7vmutTOG7yYRxVnIS0Ti3duuJhwrCoIzKqInakbZ+2vQYvQG5VFHHVW2cOREcCzHlYPSWQd5QUAYNHJDOdkFjwLmrPm8KWtkQWSa0rN7F+PDuZzUx7OSF32sH8ha7NZE1n7iJ36iKmucTI6Idxww4CKGkyL0s5AXyk451JFcxvbd+sXv9W3IGjIvOs0h4dxSZNpFhHeSrM1CXtRDBO+0004rO92Qe/vKi0gidk1Zc64PfE8uXe/9SRS7+9SwDvKiXxioM844o+x0ZptL5VQn4zbalpw5Vy7jS93Jmn7jxIzDPOTF+KRDyA5ngjH/6Z/+6W16zf8ha7Zy5+QxdmRTucbtmqWODPcs5EV5yZQxqu04BfQPwqw9Y9wJEhh3HHBjmZyxB3TrpODBrOSFk0eOjX06jR0RoVU2z1YOh/9dJyhkHLm39+pwGCdBHdZBXjyX/rUDnfGJcPlN6DRHyJpZTHbZ+LGdu7HBPo/DrORFHxifZI0toqfYcX0XfRxty0GOF8fqB/pnFid8FvLCjpvtCR1PjugfOrMta+Tv7LPPLnJJb/NBONqc0XGYlbzQaca7oJ460j90hj5typoyiZAjLuqHeLKLdC45HifL6yIvZIquUk5t7L0wytDsY7KmnuSGrxGyZlzIIBiHWcmLQAJfkP1mPznlgnyhy/xt6rWf/dmfLf6cYBwfRXmnEc9ZyAu7Q4bIrz62sy17qg2jj0PW6BO+hkAlmSD76jCJGM1KXuho45rtYBO1ubYX4G/Kmr5Td32m7+gLOtM1yjFO1pK8VJycUNAMBAecU8IR9iZfSrPdsYQbW9TpBjtBoKwpCVOutcafRl78xjXuQYFxIgk7ofcehUkHB8AgwbQJr05GxmoCaUBPIi8UMsVL+A0abcIJZljVue00cz6RAA6kKUpb2hFcUU1GRHvX2mMaefG7iNJi8JxUZSL4rm8TA0aLY2FwSD+hpPU5Z81MWo3Zr4O86ONQeAYuY89oSKFQnnaf+YzjTzkZ7JwofaL9KJJa204jL/pMOSgaDhGFS9bIUU2+mkfIGudS+zKy46Z9p5GXIAxkwBgibyIxxqLP2+2n3AyG/mSA9BsnAuEgF+NkbRp58TvpVNpXnSh08mCsaKearBkjvned68kokqC9a7LmPqsiL9rAIRqoToy25xoXjBh9py0Dcb20Mu0YZJkTQ7/pu1qdZiEv9JB7xqxeGHQEuSZfcYTxJ5tmddWzNsOl3GRvGnmhM8KZJJP6ikNrnNaij81xhywrP/LHcI5z0mYhL8gEeVQOY1n70gfq1tatoP3YIfaIXSJntm+lW8fNtK+avKg3vUuXGT/0usCXdC06uVkn/zuUi2NsTBr37K7/ox3amIW8eJZAo+BZ2HFlNibJahvGPZtGLpAAOplTyY75fBymkRfjiF60PTxZY/Od8z9qhIT8CRJwLMkluXAo1zjndhp5US46lH1TXu2BBCMbnEzjvy1r2shslcAMYkDe+U76yXhoXw+rJi/KQdcYY2bolU/aqyBNLbCgntrBeGFbjGNjiD5BYGp1moW8CLgpI19K0C/0Wk2XNY/Qa1e+8pWLrgifcRymkRfjiG7gf5I15UaQxwVt6Qy+Br3NbpIL/opgsPavYRp5MV7VQbCH3GpjNl2b+1y5m+3snKzpM31Hd2tH45WtoE9q/aLMSV62oIEIhcHJEbKPNUGgfGYFo06IDSTRfr+vNaxBMI686CxCJfKODXMka4I/7TAwrnKVqxQmy+DUDOgk8qIcBjpnGnvG4BmDmiDVQCgpUkYIgeEwyWusOeXjyItnKQdlLipmRskgYwh9N0tZXGOAcgwoVu9w0eZt50C5VkVe1J+scei1C4dMf48zTm0oN1kzcDk+Zij8nhJtYxJ50bYcb4bSexO6yJrpYNFNjguHut03k8iLcjAeHIV40aLIy6zQnhSjOqor0oyAcCja5RhHXlynHGSFHGoPzgMD3r7HJLgeSSCrnhGpk817rJK8kBPGSzqisa7udFLNKazBdeTX+GQ89R/d2SYw08gLnWZ2h4E0OzxLIKZ2/MzP/ExJMdB+ZLdZD21MFiaRF+1FR3Nq6UakZZyhroHMcAjIOuNsDNacGrI0jrz4Tjk40+6hXZGMmlNdQ+gP/a1Ptak2r/1+leSFDiUr4YAIFimT+s4CMuX3dKbf0/lsUNvxmkZeyJox4T50I6I+bx+TVXZP/3Dg9WGT5AfGkRf/62OEVznoE3I3abauDfVABNw/CEzt95PIi/Gh7HQrpxYJEVwkP7MggkScfX4Tm8aON3VnYJXkRfnpeOSdL6Xu88iaOvF5kBf+GtvPfurHJqaRl9AnyKmXH88S9GsfgjdsL9uFwLT1RWAcedFH5IL+9T2/keOvbLPAs8iaIANfjU/BD679fhJ50Xb6PbJ0yAp7WCPpNeg7ddPeAgf6lj2upccmeWkoRQ3HKWYIOJOxfqUpJNNACHSUDiNAhE1Euw3COY68GIBSUpAn6w1qwj7rgdVbF+DFfBRfuy6TyIu6I1/yRhkjRlAb1QZVDa7zPALNCFHADIl2bztOk8iLAaSdvL2bU4rIRKRolrK4xvUGGuLiLfqi421jtEryQkbIGkXBCSJrlMesshZ1Z+z1IXklazWHYhJ5ofBEROQ9e7lgTYZmPciatxCTNcSj2bYwibyQNc4IJ0uUj3Fs/34StEXIGiNLzhgTxqhtzMaRF88z9vQ/GUGSOXs+n0XOAq5HxEJmzTpyspt9S/ZWRV6UReABKTRroM/nqVO0LRlmVKRDGM/tVAttN4m8kAn9Tx/NEpWcdJBV5JBDpm0DUdZJ5IUcMs76hk7TfvP0r2vDcdKm5AwBaoPcjSMv+oA+9ntlEXVki2Yth+scdIbAgzQVTjQ90sYqyQv9Qtb233//Mr7UM8o6C1yn/9giekBOfK3c08iLVDSzhfSaoI5yz1oGcC0dzXFiH5EYtrDm8I8jL/S9PmbnpTsiDPpr3nKoq7FDr3K01aeNSeSFDkQC+BORVjvv+Hcou8i4cUNmyVUbqyQv7CdZI/t8rOjjeeqlHfQxf4C+INNth3waeVE2jrY1x4sQl+ZhZllKL1lr2y0YR16cm7HlS5hZp5v4M/O0hYMOVx/jDlmmK9uYRF6c63t9xs/mBy9ia8i8GX/BJcSylp2U5KVBXgip3FjCYTBQvG0nexZofAOdwhHpEOHzrCajn0ReCJ7yiWRPS6eY5RCpNC3JGWsr+knkhVOLUIjUmHEh2ItCVJxjZXBp27bjM468aH/CSUlh4bMuHKxB+4tAawcpARRxs06rJC8Gm1xm33Gmw6GcF2TNb/UPIsRRsjlB816TyIv+J4cWS/cha6JHZM0sV3t9xCTyIpJt7FGY0puMn0UhDYIcqZc+bhvRceTF/+TQ+I92bEd8ZwVdoo5kicMgctu816rIC9nQtvKqtYkxPo8xacL4kKInHcisMqe5eZ9J5EV/yq2W492VuDjIqoWwHDb6Mgx9GL8aeVFvZF9/CFDFmpWakzAN7qVODD3nVWqEfmjeaxx58ZfDRBeSeQ4u2Ws6I7NCOci3vpDvb4y3nddVkRdtyekia+TQ+FmkbYGsmcGlq61LkMbSbB/tVSMvruHIWV/DsSGP2meRcriXcrCD1hbRoXRL+1418qJftAf7T8+bfVEun88LvyE/nFO2msw4b95rHHkhawKhyJcxoS5NnTcPPE/6HF1mIT/nte00roq8aFuzaUgyueZPLNLH2kcfm6UQZHI/ctds23HkxTVmBPglUvS7EheHe8iWYcvVv12nGnnxV7/4Tlno+y6ypk+1O3mXeaDO8SyYRF7oBuSJ3dOmyjEv9Ily8NX0MX1C5tqyluRly6EgoAw7RUlhjlsQOit0NmdVpJ/DZgF/01EmEDXyYiDpDLtALJrCUzs4DKJ8hKCJGnkhPIw8Q2jNjPI0o5uLQjSdUFPoImOeE6iRF21IOSB/yAsD0AcMMOUQLYkcTND2qyAv6iRqxNho40n51LMgZE1aUJChJlEeR17Ul1z25VA6OJXIMqetHY2ukRdlNwY5xKKKZK0LcQmQa+OcEeBwN2WtRl58TxFzRDgqHIU+wJgzKEgZ5zZkzfhfBXkR0TfbwrF1zaLOZEB7kV0RMbqtabwmkRcOgSAI2ajJzSKHtDMzffozyqEftXGNvCg7YkynyaduG+V54bfuyVFmsDmGTR2vrWvkJZwyhAK57qpbGXr3ILscW+VoYlXkRdtydshak1AuCnqAnbjVrW5VNjBoypp2r5EXek99EVS6Rn90LYd7eBbHll5op+bWyIsxaQxoC4RC/3eBPuYIkmvPQ+bo78A48qK/2Hy719GtfZSDU8lnINdSi5pYFXnRx8iGdleePvrYjJbdweiTpjM8jrxof6mFdGFf9tNBrxmvtXUnNfKCyLnWzBr930cfqxvfhe9lNrfZvuPIi7J6vhnCSWtmZoVymLlBUPR1O408ycsWeaHUOXIiFF2diSYoX6lOUgvk7obAEbAaeeHUyZe3w04fkfDmcbWrXa04UohJlKNGXggN8oYwGCwGdnPWYFEwsJS/aV5t3VS+NfKinCIqSBdC2ZeAanuLyQxABjfK4e8qyIu2NftEyRt4TQerCzgVnBdRYIY/+ngceSH/ZJOs1eSly2HWEJnSh1G/Gnlh8JE3hJZRpvC6GiIgQwyonaxiS8xAjbwoJ4eLo2SGoKmUu0B9kAepFqLtUQ4yuGzyYhxzMOk6uxd1DcgEyJa0ESSv6SjTE23yEmTCTBzj36eRF6W04x2Zaj+vRl4EKqzBMOtaS3laFJweepW+pK/imeS4Rl6k7dDx0kOQuj7Ajkmho2vUUd/H85ZNXjzH80RJkXTjqq/xo8/YybajXCMvyiEwxNHUF77vC+y4uvEdBASaqJEXs85I7bg0r0Vh/SmdwVYiUdHH48iLQANCycG20UMfoG/IknFn0T85j3Ism7x4jjYmY2a0pBbRO31A+9Qc5Rp5UQ7tLAhi+9++yYsNcIxlRCHaFmrkhf/IjxSUMTb7AtJLr6mjNohyjCMvQSj50PRMs9yLglzzFfnPUpWbspbkZYu8GOQ6n8NlmrUvGOicNbm3IsCEAMaRFx0i376PKcj2wUm1FoBijXrXyIvvKCesmwI2SPoQRPfhQFm4yMA2lWmNvBgAFn4xDAQ4BmtXuA8SZZZNveMdMKsiL4wwo0YpcJj7aFvgVDJUnDZ1ClkbR144O31HjeKwJkGuKpkKMlIjL8YHIodwIQ19yhonA1Fm0CncQI28kEvOF6JMGXLG+oBycPLMADG0QSBWQV7Ig3EmxaMpD12B6FlUSrbNmAVq5EX9OXUMmnzumqx0ORh6s9QMKZAdz6yRF6TBOw3a8tAVyDeZRpTZEc+HceSFPJipEUDpi1CSV84iXWOs6/sYd8smL+rLmeLoeLY6kZE+QLbpKWl++i0wjrwoH/upzQUL+oI+1n6iyvRDEzXyguy4lo5pzgx1BTLHkd5nn32K/xJ6ahx5Yc8EGshnX4SSHXMvPpSgk8h/lGPZ5EX7stPsp2ezI30EVkG7kTVj00xfYBx54Udx4peh12Td0KOCQyFTUCMvyDFfRpnDrvYBsmYc2RxF4Dn6eBx5ESBTNuUwbpu6d1EYU0i6NWP0i/aPeid52XLiOVYUoUHXHPxdwYDIR+YUUfZhPMaRF4NEGk9NoLseDD2FqtMZN6iRF8pBVJUTLx+7TxgE7qsPmmlgNfLC0WaMXSt/sk9wZEQJpBdElGVV5EVeuCleirmdgtAFlAuSZz2ClK1QLOPIi1kXuz71PcPnQL5tIiBS2BxjbfJC6YigKYvv+4QoOHKgP5tpBzXyYgaOzJPBPoMXwHkUFOGARdR2FeTFlLtFz3QdYtE0gl1AzrQt2aY7AjXyYkyRfTNPy5jhc1goS48y6AymerbJi3JwBMi7Mrq2L3BuzO558ZoxzZmDGnnRdsYhR5Per+2iswjc2zgzo8OumNEJ2V42eaHXyJrZDs4L4tKXrMXMLDmjJ7SputbIi7ZUDsExdqTvPkZMvfDQc6NtoU1eXEvveQeW9Jk+y6Ftg0Q1d4MaR17YOGurmrO+XaH91ZXOps+lTsW9l01etK1xg7zQ6877kjVty2E3ZrWb8aSuntEmL/qUT+KF5csI/rGf3tnHVkUfQ5u86AfySC7Zrb5lDSFBjOiTmOEaR174UvqFjxE2vyvUkX5xb7aSrIUfleTl/xpZA2kAu+AQyL6YfEDOoHzvZhRmHHkxIBnjmkB3PTipjBjjGYOwRl4YAetBzAw0y9YHDACDTXqTSHegRl44lJxuA6ivKe9ALAYTZQnFuAryQhl6LqOrbfsa5AHKnnKz45Y6wjjywvB4829NVvo4KHv9SflDjbxwppSNcehb1ig0U80Un4haoEZejFFT08oWY7QvmPUgT9KEgiivgrxwMjkYxlqfckaGybKZWYY+nLYaeVE2m0l4GeWyyIsopf6kN5RNWdrkhSNEx3Mo22tC+gBHUjScnEkPhhp54RCYDTMjqG2UtU9wKDjTnOfQ8csmL2RLm5JlNqNPaDOEjz0ykxtOW428RNmMMzP2fYM+1cd0a9Npa5MX5FUQiWMrWBEy2BcQZWtp9HG8xqFNXjyT/NF92qNPQhmg2+kA5Yhg6LLJi35HCNkRa+76hDbTRqL8ZDnGZ428+KsfvNNFULiml7ocyIsZHbOzzXZskxftQR6NbyS/7z62Jk/WQJMgtMlLtJsxys/lP8YsTV8QlKHTTQQYZ5Dk5f8Ur0FuANpxqe+oK3BYCBzFEk444a+RF9HfPhfqtw8L0hjPWCQ6jrxQxlJC+pyGBION0VNPAzNQIy/YvhQARkpf9QlGXDmk0VGQsCrywqFm2BjDvg0bxU7xGuzRZuPIiyhJ1624Jx0WiUo7nEReOHqxS1LffUzG5e3qg6YzUyMvyiZttLYTXlcwKrHFKEcejP9lkxe7zph5sV4sFH6fMIYZ+khRqpEXDojZW9sad92Ke9zhBb50h3YOQ9omL4wbh4qRjz7oE3S8iD85C/mpkZdI5SMLfc26NEHOzFCQqZjVXTZ54RjTofqAk7cMmLWkr9RJu9bIi+/IPIemvTFNHyBf6s1GNdP92uSF/WJH6D8zQX3DePI8esxMAdTIC73L9ph5WQboGjqAzEVUftnkxfiJ9+bQ38uAzAUBH465/qyRF+1N/mXJ9LkJSRwIkcAiu9iUtTZ5UR7yKBjSdWzXoB+l5xlPQZRr5MWYRHIEGJyH3u0LAtj0qHIkeUnyUp6X5CXJS01O+jiSvFyKJC9JXpK8dEOSl+1I8pLkJclLkpdCXgiBBpA2xrD1begjJcVgC0U7jrwsO23s5je/eVkYHYNwHHmJtLG+lS8lR+hnTRtDLkyLNp3uPoA4MH7rShvbbbfdStv2mc4DFu/ZTclgDydqHHlZRdqYvptEXihcfYxs9Z02RrFaPCh1ounMjEsba6d29gULOxHWdaWNcTD6lDMyTEfOkjbmM6m4y0wbc1/9GU6bsoxLGxM0WFbamM0ApI2FE1EjL/ph2Wlj8Q6b0PGrShuzoNZagT6hzbRjpI2xTVJSauRF2YxjwRBBiL4xa9qYfpU2Zn2V1wOEDPYF6UqCepuQNub+ZA2pgFWkjZG1ZaaNWeNBL8f4rJEXf5GodaeN+UsetRGS03cf0xlICZkLv2xc2hifmg1Vpr7TxuzYyT/MtLEWeQERawsu7aLTVExdwWGlZOzYoLFD2RD+GnmhfORl1wS662GQUXA6O5RNjbxw4hl/R5/bPILoGGdKH8SMB9TIi0Hizbc+b26T2QcYFWWwyDQcrVWQF6DYOVZ9DzrGitE2oJvKZhx5QU7J2jIW7JM1O5mpY4yxGnlRf33Awet7cwjOBuOqnz07UCMvFuOSdw5YX9vXBiwyNANiRzUbRYDxv2zyYpbXc41v1/RlUMiZdTxkmx4N1MgLw0/PcmiWRV4sbGXcOLZhSNvkRTk4tsiLDTNC//UBeoNRNattF0NtDTXyomx0nB3g6KCQv65wbw4qeyIgQ545EbBs8kKvkTVk1vjWHn3JGt1BfsiwsaxN1bVGXjyXfjMDJkDXZx+TLe1oYbTgU7QttMmLfuDQ77rrrsXp7lvW6Hgbvgi0xoxHm7wEbBRC9wuU9TXTp476hZ20fbRslQhQLZu8aFt+gdkAAVB1Up4+oA5sBvLCNqojWauRF88ViGI/l7FgP2ZeBN2ij6FNXow9PgsyQef2KWvqTVfRYQLJce82eQnw1cyOsnH6qQ+oo3HF1rDNZI0OgCQvW46VbYxFdxh7zkZfIOyi4GY8GKvo1HHkRUdIxVjGVsnSNgh/s9418uI7g4axkHLCEIUT0AWEjtPKuEgnMggCNfKC6IlkElAKO4S2K9QHKROREpnXHrAq8iISHe8M6DMyR9lHSoo6hayNIy+cOG2wDOUrHc0WnZzc6LcaeaGYpR343LtA+pQ1Y9p7W9S7OZtSIy9SQqT8IFyCDX3KmrEkJY2y9xxYBXlRN/qFM2Gske8+wKgps/Qk4zhQIy9hfJRtGbN8ZJeTGJF2suOZbfICHDhOn4htn7N8HB46npNlPIczRYba5AW0EZ3LwfbbPkDORF7pGjqeoxEyvGzyor6cOc4kPWOmMZzZrrD4Xd+aTdJegRp50b6uZz/p1j772Cw22+BFle2AXpu8AB2vjZS5aee6grwY0+SYDtXvMI68mAFSPjowAqddwY5JV5NN4t7NwMiyyYv2JVuei8DwWSIS3xUccbJmbNLVgRp5IWtsG/sieFLTTV0O9tPMnYBLyBS0yQtoI6mBdJCx1xfImnFkJlO9o4/HkRevAuDvKEcEcLqCL0qODjvssKJfyETUO8nLlhOvgcy6aKRmfnxXUPSMl4HmGdHw48gLA+TFT9a99B0Rv/rVr16cJYM9DGmNvBBSRk5EXEoPQQzHuwvMuhhoUiY4rNH2UCMvvlcOs1bSEfpSvsrBcd1zzz2LsxGGdlXkheLnSDA2IrZNB6sLGA6zWm3lNo68kDURpmVExL0Q1ZqppqzVyIs20cfGh6iNcdEHcaDMOFfS8zgbzUhQjbyQNW0T7wHpangD6uPdO5yeJqH0+bLJi/7nRJjK1/d9OcocY/dkTLzPIlAjL/re4flSbvpMsRDg+eVf/uUyvjjo8Tz1rpEX66ukJwocNHef6wpj2KyD9jCm4pnjyAsShUDRa9FOXUGuOKrawiyUNojnLZu8RJuzm8Z3n44yXclhk/5IxgPjyAsSxX7qj+a7OrqCEykYww55N1cTNfLCseXwGiecq76gzUW4yZQ1fdHH48iLKHi8JLep+7sAQWQnzSSz1/yFKMeyyUvIGkdZ8ETKVF+OsvZBfM1WNQPY48iLdqbbrW3qMwBIR3p3lZkGPlm0LdTIi1lP5ePI95kSy0cjawKi9EuUYxx5ESw0PsxcddUzAfc302kceV5T1pK8bDnQBJTCCeEN52pRECzKDDlhLEVfm1N6BkGNvCgHZ0t6Q58LXC0qI1SUShM18kI4tAvFIAVBhJ7D3xXxLg3twRA1B2WNvGhDhIKDF1sy9gFOtGdxmDk0oQRWRV70MdIkdYSx6epUKr97M/CexcA1yeY48qIcFJSp774WHSLcyJCXEjbf4wM18hLjRASfc0A+m9Pki0LkUx+LDra3K62RF99TgAwDeWuXfVFII2KEyIF6haytgrwAR9mMlnfuSDNpysUioMM4wxxvstvUCzXyEpDGhJz2ubiVkb/Sla5U5D3KoR+1cY28MPicOQtyzbBz/qI/FoHfkh+z0/LCtW9Tx48jL/pLiiSnDOFoOpuLwHPU35qQNqGEZZOXgHHGnpE1/3eVNe3kWUgvuW7KWo28gGdyomQNmK3haHcNhiiHNWvIAR0WDmygRl7IgRQXa1MQ1a72k9NGfukL9dLHzZnUceRF2dlvDrZUtq7l0JZ0d4yhJqGEZZOXAH0i8GbGgR/Xh6xJtRbs4qs126lGXkD7K4eZib7Ji0wdfUx+m6iRF2WXVm9TFIS9jz52f7aa38WWNsfQOPKiHMak9Y36qz1O5oVn0tcmFOjYdjp3kpdG9J+QcgAteCYEjNsig4JQMeTW0XCQOS+mnSm3gI6tkRdwTiGaKek6+xLOpEg4B1Gdm6iRl4DBw/AqJ0ZPmSwKCo+zSNlwHiN9JlAjL6D97SCjDRkkbWNgLQJ9rY6ULgXA+DadjVWRF1BHhsj3IgsUziJGlqyRU8pCapLIBzIUig3GkRfg2HAqbVbRh6wh3GRNukQQlECNvAQYPe2uLHKJKcJFYeqcw05u9XFTwUKNvAC5YsD0CVkU0WrO2MwDsuTFcJxJM5iId3v8r4K8+I5sMGycKGSGnDWd+lmhfciLtqMzBFma95lEXrSzdAIpXghMH7J2xStesZAoOiHGziTy4nP9GQ6g2Rf9sMi440xqW4bTvUSB1b95L//XyIu/9IHxKrJJ5prEdh54Bl2qLp6ljdvOy6rIi/Yg52RNOTg5i7QtkDVkUNtxUNrpM+PIi2vMvpB1DjZyaPZmETsehIH9MYb1l3u161QjL/5qD/qOPol1Vou0h9/oU21r3GkTTq3yBcaRF7LGwVZ2NlQwhawtAs+jt9lIMzn+tmVtVeRFHcz0SUFHLOn8RfpY++hj/g37g2wKsjZlbRx5CVmja+w61keqv3vw+/inNeJdIy/+kkvLHpANM8FkrSkfs8Lz6AhjOzbS0Q/N9hhHXoDPKGBIr2nTpn81K/SJshvXNiyQmlcLoCd5aZAXHSdiRDgIMaWlUeYRAg1PsYq6iD5TNpylNiaRFx0uekQJdM0T5yhc+cpXLkae89gUQphEXgwe0RpRGzMmjElz+nAaQgi1h/szJurMuW4rmnHkxT0oKkpZn1AwHHD95rtZyuIaz2PktTcm7z4GZbNvV0leYvbFQKckyFq7PJMQdScrDLu1GvqxNjs1ibwwsBTOXnvt1Tl3l6whLmRNlKRdl0nkRd0ZI4pK+/v9PMRBWxi/2kPaCFkzw4fYtQ3AOPKivH5v5pWMILnKySmZRc4CrjeWpM3d+c53LkED47059pyvgryAVCZtauZVmoOUHm0ya51cR3bpKeOHPjBO2gEI43QceQGpGMbCVa961c6pimTVzCWj1nQolFU718hLgPMt5YWciliSkVnHHbi/Nlcfa8aQl9pMnTaukRfwe8EtM/1mHLUXR6itn8ch6smgawN1pWtESdtYFXkBhF3b00eRPqactX6owXVkTWqWdpNiLBLeLvc48hIQAGGzLLCnE+e148rsGXQ0X4E+4RTqozZq5AXUIwKYfAF93CYd0+B+ZIcjKPWU3NY2NhlHXsDvOf/6TACQbm2XdRKasmbcm1njI3Hy21gVeQG+Glm73e1uV/TevLLmWu0guo+cqhdZabffOPIS0DcRAOyaFisNlqzwu9p2C2rkBciltien/AC6iS1bpI+RAf6AgIyx3sYk8uJc2aVf6xt+8Dz203XGh3Kwz/QnmY9XjDSR5KVBXjQcQaVkOC7WRIhozTMIOVwGnHQrgiSqZhC2YRCMIy86jzBSfDpnUUNvKpOjwMCqE+eiLUQ+H0delIMwUpaMrEHDUZ5VEA0GioBC5aBz1Bi3GgGaRF6UgwNmMR0Fov8YZN/NUhbXcNq1NSNvVkCkpu3ArZK8aBuyhhCKzptqZRzbymAclJvsMhL6DzlBDjhFbUwiL9rWbyg+5HDRdwyRNREj8iq6z/C3+2YSedEXUvgoPtE0kRttMyu0JxmR301WpRREm7fLMY68uE57INfKSFbMZLXTzqbB9YgLBS8qSM+0Zc34XxV5IScMO+IivUkElpw15XESGB/jloEnR2YKERefNzGNvBhfnEEz21126UGS6TTt5plNI6+NycIk8sLwM8ranuPDCa85JePAKaDXOegMq2i2z9pQrnHkhZwph/sYE4ilNquN3xrUkeySUw6Newh41ZzrVZIXup1ssJ+i/TIZ9NGsskYnkjWEgKwKaHBM2r+fRl60g3rTI/rAGomaHR4H/WlMCT4IgnBqxzmD48iL/tbH7KeIuBmpCFLNCs/kg5APsqbtmzorMIm8kENypQ5SC7UrHVW7Tw1kVXuazdan7BkH1nhuY5XkJWSF/TQGBInUs6kPJkGd1IMfZk0Fu1D7/TTyEvpEEEMa6yIzMJG1wGdkA2u+GowjL6EPBFF8j4jx1WbVJ55F1hASOp7MI0Ce08Yk8mKckj+6gawIzJA1bTgLtL1nRipurCOs/T7JS4O8BHS4CBZjHQtTKVHRIALSVmAGMYeH8ylqi4XrNOcGcE0IJ5EX8BuDlyAjQl7ExrGchdkbPBwDe5CbSqQwa+WGSeQFCKNyqD8mrj0s4KJUYgalWb9QdKIyjIs2pNj9RpuOY+HjyEvA76xJ4nCKZBlcFLWoR80RMwiU2zOlMCAR6uk3nOtav6+SvARE4pBU7aSvOF2UKJlQnnZbaVvEi3HgIDBGlJX+EK2ote0k8gL6TFvZsIIy8J4hinQWJewaziRZI/OMl7atydok8gL6mJOt7Rlq48j4YPw5RO32CwdQJBFJEFVUT1PdHJdxsjaOvAT8TqTHmi99wtlGeM1Q1VJJyZq2973rlN040d7GVE3WVkletIGD/lImeked9IPfKYu2DMT1HF3jy5jRt5w0Y0lf1Oo0jbyA/tI3nDlb09NTjmlpZPQeOSObnFGBjPbMDyg32ZtEXkA/cji0A31izHMSGeaaTCi3cWeWw7jzG84K4jLOcJKLceQlQHcZy8YFWWO02Q22qSa/2lg/0sdIqJlbddWPtXLDKskLqDeSKpCgTvQT8mCcttvB/w5pL3QHJ5FOI2vGtD52vzbUdRJ5AePCM83AuKexRm5E2mtOHZlm0zhDgg/62EGmJ7XbOPISYM/IieuUA6EjR8pdIwDqxik340QulYEd0e7ktoZJ5AWUi26l+8g8WyiYwdmli33fljVtpB8FK8I+CeYY25zJ9vWwSvICyLK0OOOGT8cG0IH8D79vg57jDPOJyGfsmGY8kcFanaaRF/A5ssBmWa8ceq2my5oHveY6QWYBXv7epHYbR14C9An55R+pmyAe0sp3qulshIWvQTfwc8knvUKf1MYITCIvYLyqA7lhC5VDWxsD2r4ta849yyyNvuNnslHkk+5yv1q/JHmpdCjoVJEsDrVrDXiOFANH8Bl1ysRgpYg4OqI8lAJnlSNICdUaHQj7JPIScJ1nIDAi0te//vWLAec0huDH4dy0I4WOeRvI8tLbBKOJaeQF/FY5KFMDHSNmEDgyBobyaQttQtlYBE7wGGTlpoApk3FtDdPIC6gHhaStOQ4Ghb4k8Aw+55gCQQZENBkqyjaMkMjMOMcL1kFeAIGJlBqy5jcccDJkwGtX9dLOPuOA6lv9QOb0waQ+nkZeAgwjY6bPGCDR8Zqs+d9nl7/85Ue77757iU5yRrX/pHJMIy/AuCiHfiBrxgi5kPtKsbsHWdPHZJvS5Wi4lnElD8bTJFmbRl4giBSjxSBR6pxWDhNl6flNWfM5pwRpIWuilBSq+9RgPK2KvAT0i7aJtDpjiHFTDuNWXbStNta21v1pT3WiIxgrRnAcZiEvAbNqnk12OCdSLkK2Qs7iXNDGtqFmJ8kmp7lGXEAdGcNp5AXoeH1Il5EdRlN/03OcpdDx/vdMjqFx51rOnDZS53GYhbwAOXMvMqatjWljlbxHORz+JyscAfZIH9JvyjgJqyYvAfZTe3LKOFPGqXFNp5E1daLT1N341mfaQB8r6zgdAbOQF9AHIWv0JWeKzWWjBEXUJcpBj7I/QQrpFGO95qA14bpJ5AX0v+eQn3Cy6Qi+Q1vWyJ/v2AP6j1OprJOi19PIS0D/kyv3VUf6R53psKaseZ71QmymNlM/BIGeIcfjZFk7rpK8BJBU/cq5J2uCpey/ekSdlE09+S3hqE/TJzALeQGBRXKtTflqN7rRjUp6a1uvxf8ChPw56a/sorIJgk3CNPIC+l+9g8DQVXQ+3dyWNbZQ3dzTTAldpQ7j7g3TyEsAGSTL9CW9ps3ZXPXUF9Ev9AHyqM+0A30RxEU5xslakpcJTo5Go5BMe1EmhMyLyG584xuXfdYpCwItgqgzdQ5FyRmdBoNgFvICykEJUxye4VnWsWDr1hjE4dzUNIMmOsc4T8Ms5CWgHBQK4aZ85SOLMsiP5ChoE4rmmte8ZlkzEIs2xzntTcxCXpqQYhTT4HLw7RJiVxp5wcqln3xmQFLC+noa1kVeIGRN9IFMkDWGWXtqV+dkTZ2sC6FkEJ5x0ZEmZiUvoBzawVoAhETOuIXRTVnz/1WucpUi/xSOKCHFPQ2zkJcmyAHFxnjKod11113LX88l5/qdrFF2orTaWPmnYRby0oTNNpBGSphcIWz6gKz565xOMJ5dJ7o0DesgLwFyxrFgMDh02pWcaVNpVMYRo6rvGR0OFqNKB03CPOQFyJk+Y1i1pd+FnElBDFlTPjJAFhjt5ixRG/p/VvISUA7BFQaT7uB02O0HWdIe2sFn9BwCq26zyM2s5AWUmZPEmCNT5Nz492zjX1mUyfjnGLFHZgdnGXfrIi8gMu6ZHB3jVPmNW7KmTtpU/6onMi0IRY4m9THMSl4C+pju49xrPzZbm+hf5WBTjW1trP31g2dMcuICs5AXCN1KfpCp8B08Ux+TV+3gM+1Dt5pVmEXWZiUvoG3JGueVjidru+yySymPtnBoG20rPZNNFrRQ9mlYF3kBdYqUX2l2+jPspzqpX+g1dlkQ2viZJmuzkpeAeyLu+o9chV6j0xz+/7Vf+7XSvuEz0muzYBbyAr7TX7IB+DPGGTul7tqC3FsWoY3oXsFSPuMs5ZiVvIC25YfqRwEX5RAUDVnTN2SNDrCZkxlapIfemIYkL1PISwiBTuLcEwaRIoOT8qZsKXMdr9EpmmlGHuYlLw6CxWk37U1J6DwGiXPu/ygHpaHM0wYlzEte1I0wqqspZURGG2gLbUJIpWpxaClRA9/vpmFe8sJQIIkcSw6/9hBR4jy6l8iDuuljbT3LYNBm6yQvZI3iI2sUhKiwKIV2VS+D1GfS3jgE5GEWWZuXvCgHOdbHiDvDwYElaw7ti9yQW1FjbTuLrM1LXrQXR0ZUjDHwe31M1pSB8eG0a1vOtXLMImvzkhc6giFVZhE+7YE465OIjvuc4XTdJJ0SWCd50b/GjzJwSji32lKdtK2/iAKH3vgyzibNqAXmJS/Koc8YHvqCEffskDNlUS56hgyEUzupHCG/85CXGHf0pnFHxxt3ZN4R487YiXE3i7zPQ16i3HQrHW+Mk3fPNv6VQ5noVmWkI+jWWcqxTvISsmY2VdqdccJGkBN1Mn7ImvGN9JNl7Tat34zbeciLcmgv7UbWtKNZ5uhjNowto9PoPf0wTdYC85AX35OfkDVtGX2sPfUx+UNMXTOLcw3zkJcoh/GkrvwJOkwbKIdD29j0IOy4cTqpboF1khflo3uVl0wI7qlHjB+yxi9g02bVJzAveXHP0Cd0hj4m7029pp2aPuMsfQyzkpfoY/c25pUDIW/LWlOfzOozun5W8qIc7mlchx3XB/pCnygLf5q94H+y49PGUUCbJnmZA4SSAHPaCKeBEsI3bRA04R6zkpc2KHfPZBCiHP4nfLM4s03MQ17a4NAohzZQBmWhcGY1qk0QxHnISxOEnSIiwAaqAWWwzOrMBtZJXtoweCmo6GP1MrBndZyamIe8tBGy5tnK4VCmRfp4XvLShD7mUISs6WOyNqtRbWJe8hIgS/RFU9b8dT6vHjH+10VemtB22lZbalNtq07u6fN5oB3mIS9NaFsyFbrVoa/DwZgV7qNO85CXgGsddDwZ1xaOGHfuO8/95iEvbagzeY9xpxwx7uaV93WSlyaU2zhpypo+Jmvz6EYwbuchL4HoY7q+2cfKob3n7WOYlbzU0NStIWvkb95yGLOzkpc2yKlx5ncx9sjrIrK2TvLShHKzDaFPmrI2r4+kHeYhL4GQtbY+UQ79Ht/Pg1nJSxuubcuaMhkH8/bxPOSljQhIagNlCFlbxI7vlOSFcyqdCAvU+CKLqz5EPL3cyBR1pJqt46AcTA2b4hSpqF2zioPTxQiYTkeiatcs+zCYpLrJee7r7cwUjdxTs0MGbO25yz6kHpgalvIi0lK7ZhUHZ0eefqRD1K5ZxaGPTWHLwRcNql2z7EPgBFGXfil9qwuCvARBrT1vFYdZGg6lNEPR9No1yz44PIyhdBgpYM5r163i4Ch4H4Y+pu/XVRYzCtLezND3QV5EcKWxWpBbe94qDuOWrHu/BnJWu2ZVh0CoHQ45UGSvds2yDzaTcy1lfF3208GhRKJE1dnTLiBrovJk131rz1vFoR7aFYmit2vXrOogZ1LlzdisS9YEpgQNvEsJkalds4rDmiapZmYM5yVRi2AjyIs8Q9vCWnwvGmyadtWHaTPrRRAYzlTtmlUcFn/KQUTmrBuoXbOKw+yEHEhMWtSmds2yD9EdsiH3WlS+D5hpEJXjODD6tecu+zCbJMeWc2vWo3bNKg4L2hkAsqZMtWtWcSCTnC9EinGsXbPsQzqDWReL+zn8XUCRI6WCEIh37XmrOKQhGD92DrOOpXbNsg/pjFK8LMS1tsJ57bpVHGYoOF7e2yAdbl1lsRiejjfmpKR1AYcJGYq1lbXnreIwbs1q/8qv/EpxYmrXrOrgS7BdfAmyV7tm2Qfn/hrXuEaRe8Shds0qDg6tdQ1SarsSZbJGp4SjXHveKg5pTvS0TUPo7do1qzoEZMiboPO6ZE2g2UY+NrLRz7VrVnHY2de7usi+GZxlYyPIi0gYZW6ffszNQsJVH0iLF1Dascli39o1qzgsOLbrxa/+6q+W/2vXrOKwkFN72CedQNauWfZhkwHToRxbu6z0AVE5C+Xs/oY81J677MMC1ctc5jJlRyeLQ2vXrOKwWPAXfuEXiqwx9rVrVnFYnPpLv/RLZUG4tJ7aNcs+LCi1YJKsmYHpAtP/iLeF9u5Ze94qDnJmHNsC1ILQ2jXLPowxZMHCXDNA6xpzDs8m65xK/byusph1ZWcEyWbZTGISzCYhDnSahd61563iYCPIGttFt9auWdVh9ocuMabJXu2aZR/8CTtb2cBkXWPPQa9rDw5uH7KGiFngvk57oW0RKDZjXfYiDnJGn/Bd1yVrZpNtW0/WLLivXbOKg70TDBW86BqUmQUbQV5EPA0G602kB5n+XvXhfRAcDQZftLR2zSoOaWsEQNRWZLx2zSoOU6H6RDnspFO7ZtmHCKXdlcwMSEnoA96PwdDayYhCrz132QciJgJsW1qR8do1qzhsRSu1QR/bdrN2zSoOa7ysh4gd8WrXLPtAWGxjKYe5a4pipPLQJchy7XmrOMy2GD+MvPVrtWuWfZjFkostOonAOK9dt4rDeBeY4lzLmV9XWazx5GjEe1O6AFEWiRbkkeZbe94qDvbTLINdN+nW2jWrOmKXMDslkb3aNcs+jD1BGQSKX1O7ZhWHbXn5E/HelC4gazJUzHhIA609bxWHLAxE4drXvnbR27VrVnUYd+RNOdYla2y3dY0IxDrHnh0otcW8L5JfFINfsN8XTIkuumC/T3RZsN8nTP0tumC/L2zSgv0+0WXBfp/osmC/Tyy6YL9PGP+c2XUv2O8TXRbs9wULYC38XGTBft/osmC/T2zKgv0+seiC/WWgy4L9vtBlwX6f2JQF+31i0QX7y8CiC/b7RJcF+32CrcndxuZA7BAx7pgVXchL7bnNYx50IS+1ZzePedCFvNSe3TxmxSaRl1o9msc86EJeas9uHvOgC3mpPbt5zIMuu41NOubBJpGXWl3imAddyUvt+XHMCtd2JS/N5zaPedGFvLSf3TzmxSaRl1p94pgHXclL7flxzIsu5KX2fMe86EJeas+PY15sEnmp1SeOedCVvNSe71gEi5KX2vPjmBddyEvt+c3j/2/vTqAuucp64a91dalLUOZB5AIKMYpMfo4gk4AYZhAIEcIQBUQRERVEQT9QGUTlwlUuM3LhMggBRQSZlS+MQsIsohgTIBAwJCEJoZN09/7e36Efsm+565w6p+rU6V4+/7Vq9dvvW6dq1zP/n71rn3WQ5GVN8iJA2VKRsDgnB2Pc6wp/DHlhtMahaGE8DoXDJsFzDHmxnWe9HaGgSTaS9iaGuCl5MY7Y+lJytlaWc/v9OuM43MgLfdJr2JoXs9fd/hnGkBcyrLc3rW1t3XGMIS/Gwc9qW1PArKtjGENe3C+2vmRr/vV/v18HnuNwIS/Gzl/4Df36ly+s+0xjyUvE1rCziK3rJmnnjyEv4XcxDvLdZIZ+DHnxDH1+ty4OJ/IStsZ/PRO50PG6tjaWvHR1XOfxdTGGvNBxN49vYmtjyAvZyytha67FDzdZKXA4kRfjj1rNc21qaz4zhrx0bS3y+CYYQ17c072NQQ7dNJ6MIS9kT57k6LNha5vWjEleVoAT+WKjV77ylYtvIrXlrMM7Ig7vFFCkHX8oZIjTU9465IViBSVfHCVou79i3/syDj9bi6j4lqwYJoNYhXXJC2NnKHbOUSjZ8SHkYEy2OvZMgpcvWhvqZOuSF8WVrVkFNe8tePZaJ8YlkNsdxJejGccqHA7kRTFsG+GXvexlC7vq2hrZWu9pW2vnDrnmuuRFgKFjtkYedBrjiMMudfzBFwiS7ZCEsC55EWwVW97nsJ6cTkMW/jUu47Au2pe6GceQALgueWEXxiuRkmF3HP5vDb4vVHQeMrMK/H9X5CUKY/7OPzyTnaPCxjyTg574Fz9z/irZijnrkBfjoDNxwrplth0xjVy8n2Uc/FvB7KVMn1k2Dn9zzrpfUhl+RxdsKmQR8jA2vuBLFsWnIfa+DnnxN4eigi7ZRsQ0R4xFEcXv5CNJf8g4dklewtYUPLY09W5G/UzxM/+2i5mXvIcUMuuSF+Ngn76QkfzsXhUyjcPW6ZHHFd6rbC0wlLy4lr+zH/Hbu250zObZe+Rx4/BsttdnN0N0LF4PJS9ha2wh8jj/D12EbsjIC/O+THFog2aX5IVsxWr1lDhEFp4jnsfhOb37Zacu7+SELJZhXfJiHMYunsjV3gsJHUdckzO8Y8vX1YzL7KbGUPISz+Xa8rhxsKtavw7PJR/62hB5ZIiO1yUv/JmsxQ2y747Bz95zpjP1ibw/RB5JXnrIC4ELkIoi2/VJaIp8L196MdZ+217i8hK03/lZkhIYfTO1JLSMPAwlL4pTidU1FbSKPy9ff/M3f/Nix4dv/dZvXRx+/vZv//ZFkrKbmq05GaRAtsxBh5AXnzUOwcj5jJ0zemHLLjpejvXys5cFvZzud7YWZJC+74EMJY5lBjmEvBgHmSqmBF3Ogxh4AVzA9K8i3b90ZCy+z8OzKZyRmGWOsSvy4vcCBztQiAt2bMOuHmwrbM0OI/7PYQVhCUKAFED69AtDyYtxkD1bY8cCi+2E7V7DzunYQa7kzYf4hQSjAI0CrW8sQ8hL2JpgJ7B78VNStyugXZPs/OJntkYWbM3W1siDBOcbofntMlsbQl6MQ2wQIwRdhYakQQddW/N/PuDvznO+5/McfeMgq12QF8/rO0ckb8/vpcf6mejXvwohP7Nd1/RdVF725iN9WIe86ACKC8iT5GWnQ9veftM3fdMintlF6lu+5VsWx3Wuc51FjJL4kAexta9zSW9kPoS8iCWKDLbL73z/kM062JWjtnf/J1+Emd8hD2ao+nwaXH8IeWFn/E68RuKcz8fZdu13xmAsD3rQg77hd/x5VUG1K/LCHsQ9zQdxXZEftsZ/PRO/oSc+/ehHP3rhE4otRFXR2Ieh5IXM2Ro52SVN85H8Yhwh2/i/OKs+oAexVVHUVyMEhpAXdiKP0zE9iBVHH330YstZuZu9O+R1u4bd4AY3WLykHkSVrS0rLIeSF8/CfxAj44g8Xsd4+Sbypw04kBibNPBXslyGXZEXMVD94jwyUH94HmPxPLWt0bGNiuQWvmGcffEEhpIX+vF3ZI9vyFs27LCBCb2Gjunbrps2IrBtv3GwNTpeNRMyhLy4hmtpLNrKWB4XT9QT7Jws+FvoWK2hUarOVYMsi1UwlLyQKdki6nYEI3M5k63VNaNxiG22XtbcUCfI43S6DEleegKTwMuwKZkBUrIOIKEyHAYSh2KaszICW0gqsnSS+gojYCBDyIuA59q2hbSNsC1vfY+C7UhbByfhGIIi50V4GHmfMQ4lL8b753/+54siQzFhF634ciAyDFnoBjJuxIXMbJvI4RQ/yxL9EPKiGGDQzuM8vsfB7iYKMZ+pdUJuArTCyJaezlXknnrqqYu/t7Ar8iJIewbyQkwVPIpg9tm1Nb9TfCMVkp9gJIkvS2xDyYuAx17Iy05N7EISJ1uyiTEISvxA50hisCWtBCj4GUefrQ0hLz5PHvzCOGxpjoCa1RCgalmwBc8j8Cr0jFnxKREss7Uh5IWtKfTskGZ7aYmL3fGXSDJx+D/y4O92EHQoPPy+bxz8aRfkBTFVJCIYkgj/8EzkEM9Dv/xYIcK/FL7ij87dstnZdciLa7Ovy1/+8ovkLqG34lkc4h5ywx74Bj9uge0NJS/kxq742w1veMNFIiU/vqpgqeXBXumJjJ0r2SoM2GofhpIXdsbP2JlCjVxcW2ytx+FAtNgtEm/3o+OPP35BAJdhV+SFTfIfW93KicihsdT5gmzZHj2Er/FjBahmUx+Gkhc6UHiTk3hJb/KYAtO9Yyx+VmjJtcgNefm+EjJbtQ3rEPIiFoiPvqfDlvVy9LI8jsQjMXxDjGcPy2Z0h5IXTSFyU6fIiYp8jU6kpGtrSJPrqSO++7u/e0FkVpGIXZEXNkkPthFWDCOp8gD91jrm8/TgXLZmh7Zl+QiGkhf64YuaP7Ymp7//9t/+W1O/DvpnB8617S8dryrCh5AX5NSMWWwlbFc+OY/vh45DLvKneCqeiK3sWF3Xd20YSl7MovI18VINLfeTfdfW/CwvacjQnTpXfalBvQxJXvYU2IVAQ4GKScWFgo5wo/PYVSynIDwBkbMpCBSLFKfL2cIq8uIexqGYV8SZVZHglwW8ODiM4+pXv/oi8CFdDKaVPFeRF8YlGErAmLGOvyJUEg3CUF9X8cmJETqMW/CXDDgch+qeH1hFXnxOMNUpfvCDH7wIJgp+RbRn6xaJkpYCjPwtAyADnxO0fMFRS++7IC+eVeGicPL8Om26c9F57Nqa3wlOZCFQmoKWmBU0fVtTriIvZMXWdNjoyvMLMuxZcDLuehz0R1buhyDyFXIVnHRYyLal41XkhY7ZjY4VW1Ms69rq+CGjXfmFrSlkY2oceWFrZNNna6vIi8+xXaRJnCA3NqOYUqB3x+H/kiIdO8/5xu8QN8SHLnZBXshS98t5ZGWs/MMzdfVLtsYoJigMzGzZ2hnx8bvWMw0hL3xVoSoJO0+R5lgV1/zdeTqXEqG42YpXxu5ZVpEXiVzxLT46V2zid37PtuvP+bn2O7M0upmKOl1TNtvCEPISCV4XUnHP78RWfteyX0VL+J0CkY2Ka8bfR6TmJi/8QbFpBYDc4r5iMJ9nI13Z0hf/VhQpfnVfxTQypmNy6GIIeRHT5GMxATGKVRHyODm6d4zFv+4jj5M/PZgBR3bEq748DqvIi/vxN8WvQlWDcVlRG4dz2LxiTtd82fbDq8gLf2aninq+p+FDNmoP57PVWi9AxuxTLKRrBaX4zf77iNTc5IUere4wLvFWbBd7PKv839UxObALedDnNFk13siDrbX0x/dXkZcgvp6dvuhtHR1r4thuG5FYRqRWkRfP7RpmNixNk5vlcbGrzsshF3pUayB6YgifjS867SMEq8gLP5CT1YpqXKSE/uRxsu/amp/pKvI4P1WHqJv4IZ21kOSlKmIjiHJURScBRsd3KBiDQkLgFTQZUivJLiMvlC+gKK4kYEsnWoa/6ojApyutKBeIaqOBZeSFbJADjksWgrngz5hajtNFFMXkiXRIIAyNoXY/30dejJc8BFD31+knF8GnFXBbMF66VlibsaAbhVy3yJ6TvBg7W5PYBSOzQtZ8+90QGDdbU0gojpATCbKVZJeRFzKQEBVQkrBntzQnkvsqkC25CZIKWwmELgW17ueXkRfjEGQlV36DSJn2dv0h4yBPhZnkZQxIgcSnyO7aWh95cR86MktoeZDAaKkSv3D9VfB543U++zFrK4G4XtfW5iQv/E1ScK+Qv2TGr4aATNgV+1HAsBFFfJf4rSIv4qilO3zwmte85qDk3jrENV1FsZMd1USKjOl7GXkJO+Fz5KHg6iv8W/CcuoJm1xAHftciMGymj7ywB+Pgd8ZAN8gTXQ2BZzQOXXOzY+IzH2wVjHOSF39HisV6cU2B49nr2LcMdKlJQLfiET9U9HSL5VXkhX3LNQi3GExOfYVnC/SgoNNIMQ56Uly1nqOPvIgFCkMxRCMUaRnSfOwe/ATpQbQjj3exjLyQqc+IqZYpyX9qjj4C0gU7ZmuKSsWtGNBXF81JXtQWcopnYm/sm46HxGrw/GI1G3ONiCfISo1V5CXiiQYkErKJjn2GfSCp8hJb6+Yt6CMv7FIeF9s9Cz3J43LDEIhNMSslnmgeiOWtWcdl5EUtwB81YsRX//LfVrOrBbozDkSd33pWdVFL7kle9pJIgAEQlGQiwSoIOO26cE1OoYhCDAQvDlAbG2X0kRdOKclbfmL9d8vYhx4CH4fyBZCSWzdgLSMvnPKlL33pYvpcF1wxuS44hSBudkGiJ1dFanccfeSFzDilzojuJBa/6RetCYaWOhmDYkGgqgu4OcmL4CPQm4onF7Y2NJnUYGv0olvCngRwtlYXSsvIi+DD+U3XBnFZF+7l2disZ0EwFXfd51lGXujYUksJmE+0ZohWwTjYi2JS0cL/FN3dZNRHXjyDYC0+KEYUAnyxluVQSNwKHgRGcpSM+EGA/89BXjyTZCMJSHzsX0xrJcZV8Ax0Z+kLW9LYqOG6feRFUlL0KrItad0kwdcHAqMgp8OaKIcNtMhL/E3nWMEpDvCdLgkbArFCUhY7Lb2hQ89Y38//+8iLJgU71PVVIEczZl2IIwo7PqeotESqS0rnIi/GT55mg7xXoADZJH+C3KzYdh+z5v5fy6+PvDiHn5GD2CuuaVQNLeJqiK3uqxBUzCnWPE89DmiRF+co2BT8nkFh2rLjdQ61gOU9rsmv63EsIy90Tve68VaFbBJbga2pIdgsm9eU6draXOSFrYl5dIw0uN8mtkaGdKzJ5DpykFxUy7aPvDiHrYkn7H3V0tchBzvRbJbD2F89DmiRF+d4diuE2Km/0/FQwlDDdTUfzCqzazm9a2vLyIsmjt9HHnfuunAvtYPnEaPlck3zrq0leanIi4Sk+KJ8nYVuMhoKnyFozsvJFaiIQX2vZeRFshEAdFtaBr7ugcAoGCwx6t5rGXlhFBIReShUNkmuZOHgSIxNAFXUdbtlfeSF40iCZm50jFxnk8ILfI4OFF66ApKiABmYk7ywDY5ptkKiHWNrnkmnUQJ1LwGjLpSXkReBii9YTmR2a4yOBXnLQ5Bd0/GKuxrLyEvMdupmI6f1+IeiHodZNvKg426nso+8SAAKIqQHWXYd43DNdcHW2KrrsF1JsU4mc5EX99F19u6ZZBBF9CbPRBb0phmjC+x6Ncivj7z4mwaIONSKUZscirnrXe96i8QW9uK5yL5FXsL/JXiFvs/5/yay8BkxXlwUS8jekrjaf/zcR14sTeIniiYd/k3tzGfYsF20vMNk96puQTEXefE3zS4vIlu26f+bPBOQh5gpVnjPUke4vtYy8uJvcp1CP8jpJjnDtYxDHJN7jKPbhIAWefEveyAn7zW07HeTw7JJxRx7qsexjLyIyRoOGn/spDv+oSAPM1Kux57kanmnxlzkxd/UEcahUSYGbmJroWN+LD+yJ6Sstpc+8uIcNYP6bmodm4HxjN183EdekAb+r7YdG08QB7UgAqMm02ip5bGMvNCXWUaNB7XGJrZmDA45w/XEeGSua09JXg4RCsbAsRXXnLwbANYF4QtmOp2KsnjvJMAJWuRFoOX43leZgsnHgcDc8pa3/E/FTYu8GDuHVXgpejkzQxoD12TMnlfRrpCt0SIvHIYjIYCK/FUvcA2F9eLWY+pWKmzDMeciL7GM5xa3uMXCPsbamvG7trXiuoQK5bBr6CMvbB4xtATH+t+hS9b6YBzkqYBSsHeLmxZ58RljVWxKysjUJjNQNdiaosUyQy9PdmeTWuTFZ4JQig8StN85xsC9EUMzY/w/gjn/n4O8IKRs3f3Z/SbktAYfkbzESfKtieEy8mJGm2w3XQLbOmJZLDIVs7H0xaZa5IWcFN5kIcbzw/D9TeDa5MGv2K5nr4ubPvIi0YrxCi+fGbpUrA9sSqFjBoc9SeY15iIv8kTYmoJ/ClszdqsG5IXa1vrIi5zL1sRBOcN5mxRQNaILrJjzLkC3iGqRF7FUTFV4T5nHdeaRFPYTsQv6yIvfa+R4OV/8ncLW+Jq8Jl9r8taYi7ywQXFabWA8Y22NjtmNe7GrenVHH3kh/3jeKeMaHdOX2NAtylvkxTnIvXineTCFjj2zOsgSMteuG6995MXP6lx1prxX2+cmMA730mhia62aMcnLHjBXglfIc7wxSa2G7p5ijpDdI5ysj7zoyBnf0Jfz1zmudrWrLdaGMu4I6C3yYozGIfgLDoqSscEBFG9esudkDL8mcwyxS144qCVmCgDvQowtrgPui8lzMkEwlhTMRV78zNZMNZt1mcrWJHpjj85c6KyPvNAxgqrA5wtT6FjAUiTrblvvynbi+VrkxWyEcSgAzLrQxdhiAyQ+U96KNgVHbWst8sIn+ALbRP6msjXPQ+66wPQTTQD62TZ5YW/IKdLgHmOLCVCAk5XYoFiW2AIt8hJkQlFr1xmEoxWbNjnERzM53pGyNKi+X4u86Jobs4S8aoeudeDeUUhZphj35E8t8iKxR5HvPZcpoHBW6Ik1YgDdh99tm7x4Ls/Kr8lAoT+V/7BZs//dQpnfdsmLccgZ5E3PXXI1BnTmmvInedZokRc53bjHvNvVOlzLLnNmhxWLYVN95EVcYGtiADnF+WPA//mP59bA8Nxx3W2TF/eRH5AJ8rUcfWyRHCAfhbJZO0Qm0EdezDohyXYsmzKu0fE1rnGNRX2o/qnRIi9mWsQfM8CaolOB7OUnsR65Cx33kRe1nXGYiSKbKWyNvOUYNarasJ4pT/JyiLwITjrximQzMFOBYykobMunC8rogFJa5EVhZcpwSmeIA6O3rlMBG0tYWuSFTIxZkld4TQVGJ3kqlhG6Ws4t8qL7oZCU5G0jOCUEJ4ZvtiLW7s9FXtyb7gVEgWAqCDCma21LyqZiBqOPvChm6FgXug7KYyCgek7LLyV6xCRIUYu8IBVmn5xrc4sp4VnJgpzrJNAiL4pOtiYGdLuJYyG4CuhsTcwB8t42eXEPfmbHJF3riHVj4TqIIdsWSwMt8kL3Yp4i3nbHrbg05kBg3I/uFDViTIu8+Jskb0cfem9tbLEpFGnk7rs55JHw8xZ5cSjuxR5d0rFkIuCZvZ+lwHZtPysqYdvkxb35sXuzQfeIe49FFMqxlDNk2CIv5K2IMSvoPbOIMVNAMaYgN1tuGWbdYOmSF4di29azY99ZbR0am7bUlztCzn3kRUwVi+meTUwBcmbPdBIkKmL8tskLuYsz7qtY935K+NtYINxsDdHTXKRHttYiL8ZB/vxqG3GNjm0xHkvKA13y4vDOjVlB8aSeMRoLeuVHlgjTZci5j7ywPSsu5Fd+OwXcU2yJdwP5oWeGJC+HErqCRRL071SCB4I2fazLbvo2dqXhBC3yotgwQ9Iy6LEH8mLdrnFEJ7pFXhTxHETStXxmKggEApJiWXFRd8Za5MWORgKvpGUGa0pwQIW+AKhjAHORF8WLImqK5Xg12JpZBrYtkMVOIX3kxTpuO5OwAc8+BaK4sLWuDpZxBFFukRfBSLfW+xBR8E4Fz2/2B0HwommgRV50rNi887vdrrFwPe8AmY0yKwX8f9vkRdHqOemYfullCrAz42fb4lqgRV7IV5NCYTXl0or6cF1xU9z2jMbXJS+SvQLI91UoiKYqrkEh49rIi8I2isQWeTE28e9mN7vZovCailC6tnHwO5si1C+pb5u8kCW71gjRpTWOqWyNDD0H31Gw+r9rt8iL3yGo8T1rddE3Fq6lyWU5j2uHbKFLXviaGQHEZerVEw6FLWKkgRAzXH3kRQzWsFRkTmXzYcdmXcx+aMZFU3bb5EVDTi3AFhTWU9saG4p3PeQt126RF+fxA7Ng22g0m33x9RhqtbgndMkLnbJHs9o1mZ0CZCuf2HRGjUQf0Ede5BlNOnl3KkIZtqYmkyvFtbh2kpe95EE4BOBL0BQBUwY98K6GAs0LZkEQGGSLvEi6jLZl0GMPgVTwVUiFQ7TIiwBhtkNw6L50PRYKHATBewCST6BFXiREjmNsHGZKIJECgyUnuhswB3nhjJF0yXbKYAPIt3sqYiyTgT7yYsrbNHlN4qeCQomfsXnBH1rkRTFFx4jk1LYmoJE1+SMsgRZ5kYgUfRLBlF15IF/jkBRjWp//+d02yYuiAkEVU6bULxtmy4pVhZEkL4a2yIuxSXyWaG6jC+1wXbYmkUay65IX8tah9AWIdB2/nwoaEV6KZlvRNJBHuuRFjEGQyYO8jHVKWA6riFA8RmG7bfJC/4pWtoxETgkyI0dLYTWyEFRFVYu8kLHihsw1TaaEcYindCym1YV5l7yQkcLOi9fbIi9eYtYEC312yYvxGo8Yzx44lLkAAGpMSURBVEdjbFPC7ISlvmwtGr7bJi/07h46/OqYKUFmbEs+Up+4P5m1yAvf0hDzhd2awi09jTmQF0ti5craZ7vkRQxhj3amNesytY7FM3Wq2BkEoUteyM191ZHIi3hAjlOC/MV0zaGomZK87CV1wZFQ7O4VndEpobBgcAJLFGicoEVeJIBtdSgdvllX8ozuYIu8cAxGIRFNOfUOgo8lYIKDQjHQIi+WYCj4OMnUBaUCQ/I1HSlAwhzkhZN7wVjyIdupgw2CYHrV8kf2DX3kRddMB6ueEp4KZoAUzhLMMvKi+2yZR72kaipIMLYVpQPvfgRa5MXYENl6dnQqSCoKR8tBFbnA/7dNXhBZW6Py46lJMhi7wkjhIoa2yIsCwMyz5TaKuVZMGnto9ogd5ByJtEteJDc2qRCyKcTUQEoVbews7KdFXsjILKPZgVjWOSXYEntX2EYcnYO8mAXQ5VdkbANmyDUA+TS5tsiL52XzYrqZj6lh6SUflqPqzQO65IWtWQprB6op33eJA3mxoxuiGsuEWuRFPpN7fMXANiDWiAFsjV3DtsmLWGNpl2XGyNM2gCCwZYU5fbbIi7+xfzMv9NHS05jDbM53fud3LpqQta11yQt/YI9W1Iz17RbETE0DedQqCWiRFz4pfzrX/yPuTgUETd1uHEleKvKicENernSlKy0C/dSCV1goFIeQF0X9tjqUDksbhpAXTqLombqgFHzWIS8K222RF+PYFXkx7U+2U3cogrwItqvIiyC4LfIisA8lL96BQl6m1rHArojxnKvIi1kKwZf+Y8ZqKkg+CkdJfW7yQge245165sUR5IUMl5EXM5vIy7bimjXnq8iLmKKgmoO8RLGxiryIszG+qRDkhY3PSV7EUAWfpsmUIB9HkBdyXEZeEOVdkxfjkNuQl23NvCAvYpX4CS3yIu6aeUFejGtqWwvywtbmJC+I8jbIS9gaXapPlpGXaIYgL9uaefmO7/iOtciLmmZqHQd5USstIy/qB0s7zbyoaaYeh2dUtxtHkpeKvBC0HQ2QF8XF1F1Kwd79dGN8ezD0kRdjY7Qtgx57CKQ2DuD0AgP0kRdGaNnY1Ov/BTlBT6LT5Q60yIv1ywIJ1l0X3VNA8cz5PLuAC3MtG3MPJJJsJf4pIbAjymwtgl4feUFyJF5ruacsbsEzsmXjWEZeFFNekFT0TG1rAqsiwtIGHZtAi7woaBVHfCP8YCrweYTVZgBR1M9BXizXQl7oeWrywpbZNeIpWUmkLfLidwp730GwLfJiptpzSuTGZixd8kJGOra+7wZRnRqWBvvelrpD2SIv5KZ55J0XsonxTQX659PyWRRa2yYvbMvzszMzfVMi9FkvSfH/FnnxHqf8reFV55apoKlBx2JEXSx1yQu9in/scpvLxshfjIMWeTEW5MVOhyG3KaGwFlvZWsTROZaNsTVLI7dFlMU0cRlRIrMWeYmxbZO8IL82XIh4Al3y4l/1kQ0conkzJcQMTT11RTS8W+TFocblo3Q0ta2pk8V0MTzJS0VeQECmEEEnpmKnAEFji/aqZ+xhAH3khSEqbFsGPfbgZAKLAMPooUVeOKture5DJKipILAqriX0uohokRfjoSsBOAjGVLA8UODlELFUcA7yAtbK+iIn3cFYHz8FFEuKZAUT2Uag7SMv/i8QKrgE6ikQgYwuQ28RbFrkhT+wBWTWutopYSYHIVFQ1d8R1CIvXipH1q2lnnKTCkCM+JKXmcPX6Wbb5EV8U9TTvWTLPqYAO0Y02Y6OeOi8RV4UTQpm33S+jeUVDssrvDPlXsYhcXbJCxtU2NrW1DKX8I0pwIZ0KL1Pw+8itrbIi7Eh9HaAY2exccpYRJElbrMDBYZ4BtsmL56TP4tzihfPP9WMsmdia/I1X4muLpl3yQv98/nYYdBYp4L4yH68W+B9mpAtdMkL/xDLvEO7jZe5XZMd87GwtS55CagvjE0DYaoY7xnJ2jtv3pmUU6KO2jZ5cR/LMr0DJb9MWSiTpfhspspmBPTI1lrkxfPbOIAethHXkBdxTTytl5d2yQvf49dmXrzvNaXNu6+4arcxOo5xdMlLQMxlD3IRmU0Bz8ivrBBhb/XupUleDjkdoSg0dY/qQmcsECFLYiTSutPOCVrkhfP7/TaCnhkdREVHPgrKFnnxN0w7intOPEWA8OyeVSFjOVEUsNAiL/7FtBVfivKpHILOLRNEIBQyMfU+F3lRTLAzv7c0biqwNUtSLOXRJQxb6yMvEgL9Kth1d6LQGwOylbTYlIJdoolCpkVeJB861knTkY4CYCw8u4R905vedDH7Ur/H0iIvxswG2SYyN5WteR5dYEtZFHvRRZuDvEhwdK6TyM+dNwX4CR0qHjRbAi3yQpdsQvKx9eeUnWjX0t3WDdcgYr9BELrkxb9sH5lgZ1O+2+i64pniUYwPe2+RFxBbFbyW5UbhPRZii9gqZiPsCtVI8tsmL+StsEH+LR1xvyiqxyKWxSjYattukRfjMD6xh/59NcFUcA+2bvZU3KxjVJe8gNhz29vetlz+8peffPbFu7nkL4aGjvvICxJhiRXdRJ4bi8jjfJq9iSth89smL+QrNmsEkTtbizw3FhqJ4qUCXI4ItMiLccixZrV8Ue7UcQ1xcT9xvba1LnkBDRObzagl6/w+FmKZWsjMC12ErfWRF/GFPSB+IaexEFc8E/9iw5o98dxJXg6RFw4vqUg2CuUo7jdFJFLX1FVWxNYC7iMvsdTFThNTvuzHISyZ0Imt0SIvjEPSUHzqQii4Qk5jIJgJata/S3y1U7bIC2chJ8sA6GyqF6mNA6G0XbF3kIJUzEVe6Bh5MhtXr+HcFGFrun2CuoK4Lr77yItxmPoXiJD3KXRMX55NwKPLGi3yIukJSDr4ummKq5DTGEhEOqQ2qJBQI7lCi7ywNfFAB8tWtlPZGt8RdCX0+tnIadvkBRBDSd4Y2GAU0JuCHMUG+uWTNQlokZeARKe4mrIpIz4q5IxDogXPJ650yQtEbFV0kb1nGSOPuBeyq6CwpXtNDthUi7zQA9szPkv7oijYFK5bE8qu322bvATMPol3USiPkS3Qj5kUzRhNGcuIAy3yAuIeHyAHhfxYHYNreG9LvtaJju8FC7TIiwYhsnP00UdPuqyIzd/4xjdeEHA2FegjLwpNuU7OPeWUUyaxNf4vb7B5tVKNbZOXQLdQnkLH5KN5ZTmar2kItMgL+NkSQvlzSh2LkZYFtt45bpEXPmI2l5+Ql2cZA7J0bbHSbIe6oa4N+siLWoo+NIXl9ynGIY+zX4RSo7lGkpdDSlFUUIRko3itA+ImIHiBwpIVydLLs3U3iuG3yIvPCABTf8GVa9n+OLYFDrTIS4xdEiAnSaI20k2hG6XLb9ZB0VMHnBZ58XeBw1IIgWpskRdg7IpGCa6ecZiLvJCt/0s29D+FrQkUAo37sbWaAPSRF+MgC9PCdDzFi+psiJ0pHuP7cwIt8hJjNzazL+Q/xVIa3Sj61XXkX7WttciLv1vCZtzkiFROAXbtehoY/D/Gwf/nIC/etyFvsxNTFMpxL7bLV+uYtoy8sHG6mHKJhULuKle5yuIl7VqPfeRFh1ZR6btpyF0RFgXAJvBZz+9erqkBUC/xIOsWeRHTLCW0zKxbAGwC/uNZJHIxtC7yYS7yQseKZ0XeFIWyOCAX2t7fRgi1rfWRF/dUzImDZoHY6xQ2r0j1XGZzwtYCLfJCx2KhBtmUha1raSgqrusZhz7yYhwaGOREX1PYmrrJLqDyMj3XmIu8IJAInCWCcslYHbuXptu1rnWtxbLu2tb6yIvakSxsrTw1eXEv8aQeB7TIi7rFEjbvMyPMtf43AR17ZnWhHGpJtd8F+sgLexRjvM/H5saOw/Oxc3Ecoex+eXySl0PkRWIhfEWULrDuEefbpBtN6IzcchEERfKi5NrB+sgLKDiQHi+DjZ19MeOCuPhyNs/WTV4t8hLgEMGkdfXHBD5GKNhYwsKwu8bWIi9AZoolhMd6auvEFUmbgEMiTYooRbRiug4Oc5EXoH8Oidjq9LO1+u9DwdZ81ng5su6v/9fBpo+8gG4JG7Ssib2OSTiupUtiRkmXpHutFnkJKAr4nMSsGI13wzaB4o3PCfSSXp1woEVegP6ta5ccjJPd1cXoOrBsR9GoY4R4I1Nd/c9BXti3Z1JQIFCWxLKNuqgfCs9Eh2KnJoQ11pFAYRl5IUfPK8FO8f0X4qJCA1EWt8Lel5EXvxfPxSFLqxQkYs0mfud+Ch5FrRlD9sSWar8Tu1rkxTjYv7hgHLa8da1alkPhfp5fDLGkif7ZQ425yAtb0zjxNzmWT29aVLI1eUJ8lI9dq5ZPH3kh45iFQl7EFPl0Ux17JvoxBu9qkl+tY2iRF//yB6sXrn/9609S3CL+ntczkU89jj7yQh7qCzlP/hT76HATuJ8CMmoCM45dW5uLvNCLmT71xBOf+MQFidpEx+RDlq4Vs//10k/oIy907G9yLoI9hY5dw3s0YgP76dpai7z4l6w1yeQbL/kj/t3PDgF/VReLJ+oJ8Y186jjaR16co75CeNS2yOAmtuY6nkn9iSDb7MUKpq6tJXmpyAllK+5M1xG+4kZgXGdNJaELcNi74Klw4YBdcII+8iIwCxISm6VemxIYBYJCwRcpuZaComvQy8gLY1GsKHwZpGdSVNaGvArk67pRqCsqvJvRDTR95IU8ObHCWvAVhHUt13UK11DUIia2/jPt7Rp1cp2TvLApnRX38lwCjqVKQ8lyOLhOslkCOrJkjL78vtbRMvIiMCluBG1jtYkAHa9TdLiXbid/4VdsxbN1r7GMvLA1QUhw9nlFkG7yOqA/HTlLTNiawOca3XH0kRe+QR6my/kLwqxo6gbNVXA+v0JMyMPSCv5OL4G5yAtIbHRvXbSmiATDzob6sXFLlgiY2Gl5An/tFsLLyAtoYCg0bEhiTfemBEY8dA+71HWTWvhFi7wE6NQ4fJ6/s8V1Ch/2JIbxO8vnxC0FfRfOa5EXYGd0hgQ6EAG2OnQcrsVeFRKWjCAu7L076wJzkRcgS+//kIsi13iMc6itORfRtUIA2XYdJKbbOOsjLwH3lVstOSafennwENCdPKQAU9TKOwpzMaaLFnkB94tmiIJ00yWTkcfVAq7VndGGPvICdCZnyjNykUYk++vGxT6ET8kd4ohnVSN1cwnMRV6A7VvGJ7exOfHFMw21NeeKa2KIOo183Kebd/rIS8CKEnHcEsExjRn2QccIiHF0azVokRdglxq7cid7RSz5zLrxRK0mh/Ab8aT1Tm4feQG1g7GLrfIn32VrrWdpIcaBQKoZNadi+VxXr0leGsUiMiHwxrS+zg1jYQi1wQQIlSMwIMaNxVtGwND6lmo4r4+8AAUKwAzRriUtY191eJlVd5KC+xL0MvICkoRxeDFNQSeYYPUcOgJFbVTxf4GczBS1Op2xHK9VTEIfeQkIZIKuLQEFCl1fxRISQFb1GMD/6Yp+OQ8n1LGyfIZztu4xJ3kJIKneQ7KLDeLAJiVv53afCfyO/JxDlkgd/bI3RWnrHsvIC5AhHSMwpsAFc4mHPFq6MgZH6JgtSyKSmqVfAlhrHMvICyhCJVmdFl1OBYzf1bZWI8ZBx+yUHwm4uoK6YcbR8tc+8hJga96XYStsUlJgQ+Tkeq1xsEF/d57zXf+GN7zhQqctWyOzuciL8ZFf6IgO+CX/IbvWM0E8E3mcfPLJiyINcVGYtJb2rSIv7oGg6xCSje9nacWtZYfCwEvQnkMzpQv38DzLyAvwFbqVhPkQMsKnyKllMyFD51hqSq9hp/TdgvP7yEsAEXAN3x8ipiEX4Xet842Nb7FbhYMEb7bSNfhUa+xzkhdjFhMUHGZzFYXuOdTW+CxbkxsVQGI+mXexiryARoaZDzu7sX3v4azK48ZB/nSsCDOLzF+6y61r9JGXAAKDoPoqhk2681ZOXPva117ULHTZkt8y8gLsSfNBgc6H+adn7Iut4Fk8E1m7vthKp5pk/t961jnJizEbB/+St9R1YWt9uggde27+I+/xH7nPls+tz6wiL+A6cr1G8SZfMs4u1Hl0TE996CMvAfWmesM7ThqA3hkZEk9cjz1o6prNYq8If+sey8gL8Fd2wH+RD7ZGT2FrXRiX+9AZ3RmHxgVbo1PXa40jyUuDvBCyIk9i8AIXIVoOozii5C5cQwdcwcMJvEOg88ugKaNlNKvIi88wOkWJZI/RO4YEv+jUCHhhhBJDaxyryAtH98wSK6cRzHUGdB0lS9esr8vIyMN1TT0KDLe85S0XazGRwD4nWkVefI6jCGIMVoFKLhyU4RpnDeNQ1Bk3fXNIn0EsFSotJyLvuckLWzPlrdhWDOk0mqplf8bTBT2So8QtMFh77B50LMm0ZLuKvJCVeyEOUdCZnbLOvFUYuIdxKDJcUzKUsJBUNuQ5W+NYRV7okM4EPkTZembnsw066wawsDXFgWJJ99l6W0GVb/fZ2iry4nOSoKDIbnShFEFsj9+2bA2RNG7n0Qm7lwxdp2Vrc5MXB/9h3+REtmQQTYCubEESsYRPscKH6YTfu1/rmVxnFXmhLzJB2BXUEv2QjrTZFrHPjI0ZbQTb/bpwD8+yirywd7ODzqMvRQF7YL+tYtn5bIp8+Z1Ywu/4bisnABmtIi/sT8FBxnbGI2N5hH+04oV76TArUvkd+1RU8o++GD83eeEfCld+zg/oQeNIfOnLh+FvYqWmAUKAuLC1lm0OIS/kIS+LDWTliA69JkMXbBPBISd6MG6k0FLL1vmBVeSFzsz2uZZmIjseavOWipm1cQ91AttsyU8OXEZefIbMxDCE0vJNjSYdeg2F1jWNG8lXB/ERtuxnMu2L8XOTF+NwH8/N1tRrGs/iTys+0A8dG5/ayDtJ/o140nqmIeRFfJCDzXywyXV07Fx2oSYVx1s5KbCKvPi9ZopZD/WEelTM9z4r++7C+eIg0oIAalKrl+jYc7fksYq8GJdnIFNjFdfYfuTxLtzD+Waw1BDsxzjUgs4XT1rjSPLSUCgIEpRkvavAy+EFEEmXo1haYjmIQtPfJTJTywpfSVBC6mOMsIq8BARvAUTnSEDVobflsaSvI1MfAp3uDodU9CEMgqag2lI+rCIv4LM6rZ4JiVPgMkrkQWIgA7IgE8lBQUYW/i6xkuGqL0JcRV5AoDIOxiqYKBQFHo7K6MmdQ3kWcjUOTqMwQA4EaoGubxwC0NzkBTguG7B0zHIWAZD+LPEhb3I1Hvr0u9rWLIkQrFy7z9ZWkZcA2bIX9+Qj7mHsdCi4GZ/Dz3Tl78aqOFNIKAqW2doq8gIClaQlCbIlOg4dsjU6Zmuemw3QMXmwNcvFdNGX+TWsIi9AnuxQkkPC2Zhx+Fdy9Axha2zLODybvzufPesik0cLc5KXAPsgd89EVsYafiq+kCn9kotnIHN+Tgf8CZFZ9r1Eq8gLsA2HGUe6Yj+S7NWudrVmTIvDUjOdPONCuPqSlWt7zlXkBcRnBJwe+VXtd3wl7F1MEuP9jT+wHT7pGSX/PgwhL+BvEje/49N0Qu505N7uFX7nufzNWI2TDBEoz9x3/TnJC4QOxDzniGlsiZ/613OGrckddCq/ei5xha2JFcuKX367iryAeMLWNGKMw334MTl3dUze8gkd+7vfia19BWtgFXkBvkEPnldjSPHXsnMHP0DSnWPlhRjD1vrIKawiLwF/0+wRO9lS5BIxzfOGPMgmdkkVH9ga+1Ho9hWTMCd5AeNwIA5mQ+nYeCNueY7wH7IXqz2v5/L8yBh7bhXhgSHkBehHreZeiKFG2uUud7mlcY1fIhhha2L5MqwiL0BuVpp4XnmcPbNr+bObx9k5fxBP1LZqNU33ZfFkFXkJsEmyJWN+TebuQwfGZgx0Ix7UuYgO5Wj3WWZrSV6WFDmEJsEpyhRMyAPCYepVIqN0wcXvEAAGzgAVLavACYaQF6BAhbUCxT10Hk2F20de4jcb4mczPhxB0ccAVzkCDCEvAePQYVY8xEuvZgoEb7IgE4FZocxIEQHPRsZ9BhgYQl7AdYxDZ8B6Ss5n/GQpYHBs/1rfb2ycwmyL2YpljgC7Ii8gWLg/vdFF2Bp5kqvnYmt073eSFN111+e2MJS8ABnpMkaCM4OoaPSvAOgw8yZoGJPgY33qsiIuMIS8BIwjlm4oHPmcZ69tze8slxPwJNZVwS4whLxA2Jqx6gJL5sbA3mpbC/uTLJ3n/FXj4P9zk5cAf9Rt5ReeiS7DzuiXjD0THxIrzSDRxbJYCUPISw02o+gQW9m2GS4zQmKaQzGmk0rHbIAtSMytWZ8AmfOlIeQlwN75HXsQPz07/6vt3e8cfAjBN45VGEpewLnkZ3aC35E9m3Lv0AsfFNP8n8wUkstmBAJzk5caCj/+wOcQF7GEbOOZ6D1sTYFsJn0Z6Q8MJS8BciIv/sG+ybYb0yJnKLbowbPy41UYQl6A/ukYUZWj+Z2c3c3jZjmMT4xXDA/J40PJC8hDrml5EtKiFgpbC3lE3Je/5ETNxyExfm7yUsP42AKiKufSZe3HYWueVSFvrBp2y/IyDCUvAToWT9Qy7kefoWOHn83cWtGDuKsZW8twWxhCXoDdGodrs7WIX12bN4tMLvI4ku8zqzCUvADZqlHoTxNUfCV/9zQGcYCO+I/GgllntZpaaBWSvKxIyIFIigp8gY1TEZqCTIEuGCwzpi7WIS9dMFyGJomYmlPE+5nShxhfjXXISxeMUtdPEFDgkIkiSrJC+tbBUPLSgoRsZwoOonjUIZawEZxlhU4XuyQvNdiaRIhomO2iY+v7JRuBY0gyq0EfQ8lLF+6FvCOsxuEwJr4zpHCqsQ556UJw0iWnY36nyFEEmA6XXNbBUPLShYRgyQFbswaerRmP//v9OtgleamhW4iYkCW/4ceeTYFO5uvENLFnHfJSwzgQKkt0ws7EFbJlZ0OKSIg4vQ55CficfKBQE0/FVQe/4zfiwzryWIe81HAPdsne3ZssIsbzuyFFZI1dkpca/NT9NUb4r2fiP2xNLhmqY1iXvATogK2RozgWOhab5DJ5a51xwFDyUsN5zpf7I7byPT/H0sV1bHcd8lLDOMQPfkYG4Xv8kD+um8d3SV5qsDVLjjyHa4St8QVEYR0dr0teAmFr7LOOJ+SMSLvuurY2lLzUcJ7YpWaMeMLWjMm7j+vqeB3yUsM4yI8O6IIs6EY9TVdDCEuNJC9rkBcHg5NMOTwnkLAJXaJaJ9iMIS8M3j2NwxgcfuYo6xTrMIa8KMYZPhkYA5lIKsaxrlOOIS+SgHG4v4DnX85Nt+vohEwPF/ISAafWMTmzv3V1PIa8uFet49rW1tXxGPLSZ2t0PDSIBzYlL/TifmyrZWvr4HAhL2THf8jBdUK2nonM1/EfutmUvBgHGXbtnc7Z2dBxhO9sQl7isxHj63HwxXXGAZuSF+e511R+d7iQl5ateb5NbM01NiUvxkGOY20tsAl5iXGwq1rHfo6idp1xbEpe3IOd0kHX1vjjurZ2uJAXso140rU1z7uObOljU/JiHH3xxN/WGQdsQl7cgx67trZpPNmUvBgHP69tjW42tbX/kuRFcWpK1NSeriMnmfswS2KZhOIlpqh3cWDhXo6y3lfB0TpnjiOWjljvqPPZOmfbh/X83iux1Mx6zClgiZPkpoDgYK37bvvQVTNVbU2rrmfrnDkOL3sLvmzNmFrnzHHQsSlrSwfMzrXO2fah42XNseWVljmMgQSAvARBbd1vjsMsGPJkvb6io3XOtg/FhS4+ud785jdf/L913hyHItIyEcWGeL+rsSgo7dJoScYU5MXsgHiCPHTvNdfBby2H8aKz9f2tc+Y6LDdDUhVybK91zrYPBaXvGtGY3VX+dCgokShLUqcgL+oTtosMde8118Fn5E7jELdb58x12KDD0iszFbuyNbnmete73mJ5pWW/rXPmOLzvZ5OB/1Lkxdp0DuZFIQHdi9xzH9YY2i7UmlfruVvnzHEgcl6Gta48XmrfxYG4WPNrxxAd8dY52z44A6JhJsoM0BTwXMihROuLG1v33fbh3kcdddRitx0Fe+ucOQ5rWm0mwdZ0slrnzHEI/vxfsa971Dpn24ci35pj79CMneUTyC2PsI7aNVv3m+MQ06ypttuh2YbWOds+vLRrZo2t+3JA/2+dN8fB3223770dL6juaix83hces/V1lzd2gYDpgtsRzAu2rfvNcWh2idNeiN5lLHEgcjrRmhBsr3XOtg8587u+67sWJEpTpHXOHIcZT5sKsf1lm3sMAVtTmMpdVmW07jfH4SV2HX5Emd21zpnrIFszynLGrmzNaiF+pxGpWdY6Z45Dg4rvIcomIbaNw4K8CLp25bKVMAbJOeY+JBO7TdhOT6eydc4ch4Bnuz7juOpVr9o8Z47DdzfE1pCCROucbR/Xve51FzKwjaSXy6aApYF2UvJMu7I1946tG69whSs0z5njINuwtatf/erNc+Y47NZnDPyPH7bO2fbhy8jIw3IeO32NgQ6cdwgsr9ilD7u3nXVsAXrNa16zec62Dz7Gj8UT3yOzK59zuLct68nEdzjsaiyW8ZGFQsN7DGPgZXrr5cl4lz7s3t/+7d++8ONd5Ys45G/yVU+QS+ucbR/iGDsjD4Vl65w5ju/+7u9e1BR2k5vC1ixN5DvXuMY1mveb4xDL6Jh8xe3WOXMdl7nMZRa2Rsa7sjX+xs4cdNM6Z46DDGwjjsiNbcoMwWFBXuywY/rNC7deVLWEZe7D+n+dUp1+a5Fb58xxULydy3TFLetpnTPHYdcTO194P8QLw61ztn1YUmV62A5SOllTwDsedj0x7W1ZXuu+2z7YuW6N9290xFrnzHGYzTKzxtZ8c3XrnDkOSxMt9TAOMxatc7Z98H9LPMxUWH4zBtYOew4xzUxq635zHF4GtSQQidHlb52z7cPuTJZoeqdRE8L/W+fNcXgR3ffjGIuYtqux6BybAfLvFDMvbNeX4InZrfvNcXjvRjfelwKKra1z5josXfElo2oJttc6Z9sH+2Lvlilbstk6Z47Dktyf/MmfXMwyTjHzgih7r0nuaN1vjkNdQK4/+IM/uLD91jlzHd4nskuZzSZ2ZWsIJZ1YwWRZX+ucOQ4zQHZy4///ZWZeNnlhf2pwzE1f2J8SY17YnxJjXtifCl5oOxxe2J8aY17YnxJjXtifEpu+sD8l+P/h8ML+lPAS5qYv7E+FeEl2kxf2p8amL+xPjcPlhf0psekL+9vAJi/sT41NX9ifGofLC/tTYtMX9reBTV7YnxqbvrA/Nf5LvrA/lrxEglx3R5AaU5CXKcYxlry4r8MYxjjTWPISslAw+HcTeRyO5CWea4yOx5IX93UYg2NTjCUv9Tg21TGMJS/uGzrZdByHI3kZ+0xTkJdav451EboZS15iHDGWTTAFeQk5GMemz3I4kpd4Jv9u8lxTkBf3Dfk6NsVY8hLjGKPjKcjLFOM43MiL5/A8YWubYAryErKNY1OMJS9x/zE6HkteajtzbIokLxuQF4IXqBS7mwp/CvLi3sbPuTY1xCnIC3kYw5hZrCnIS2z5uO62m4HDkbzQ8Vhbm4K8uLdtFR2bYgryYhxkQSab6BimIC9szdaq/t1kHIcjeSFT+t3Uf6YgL2KJMYglZLsujNs1xpKX2t43GQf43Fjy4hpkYRyeaxMcjuQlnmlT/5mCvJCncWxqa4Gx5IWthTw2jfFTkJd6HJv6zeFIXjyPY9OVD1OQl5DtWFsbS14innimTePJFOTFOEIvmyLJy54iV8GacgkgvqnUuyrWuNpFxiFwuaZ1p9beDQlA65IXCvdirm0qrSu3Y5N3VQQKY/Cvd0Zcz9bLjHvIONYlLwK0cViLqsiP9b7u77AG0fWsfbUucaiTrEteGL2tWe06YQOGe9zjHt/QiXEoGuz0ZZ03ZzOOVTgcyAu7sHbaNoTelaltzXPZ4tvudN4voIchOl6XvLimlyXZs3t5TyXu718HHfMHRTNdDBnHuuSFb0qAbMP62rC1GIutxr27YpcrX6RJf0OS7rrkhe3QH9t48IMf/I1vxVYs+Nf/vbvi77bEHWJruyQvZERf4g7/8I4XvyXTOMjWO0HWrvMzfr8K65IX40AA49uoyTZiWuiZXyMivtDM9qCr4JrizbrkhS+RofgpjsY4HMbBF23ioXCXKIdcV4Jel7ywd37n2+bZu3tHfPWznfL4nfdp2O6Q2LpL8uKZycEX5NmpSaFPtuHDDrZme3oFry2Qh8SSdcmLcbBP7x0p8Mmxq2Mxkq58Wes6clqXvLAfMmRP4rlxhI79zP6e/OQnL961GGo365IX1/SMvvyY7MWw293udt+IacZjJ0SbiZDZ0Dy+S/LimYzTl7uK7XZerO3Mz94L9M6z5x4ST8A11yUvxi6P+wZ9ubJra0gIH5cT1yEA65IX9ah4orYSS0PHDj+7XnxNhjwyxNbWJS/83/tPZG4cdFDrhWx8y766gO6cP+TZkrz0kJco0r2QxIEVT7Zm+83f/M3Fz64h0EmSj370oxd/8y9DUFDb/3pZwucEQ8iL8dm1QxHhBUnFjqLCODihcTgYhd/5m9/b9phSPeMyDCEvDNqz+FZY20F6qV3Acz/P7N7GoOgnmxgf2ZCdnZA40TLHGEJefB4BMGaJ0Djc373Ixf3opB6Hw9gEMy+5LXP6XZEXOiYfL9YjLbUM6dJ4PBf5eF5/I38JzjaB9vVfJtuh5MU4FN9e6re9Kpl2ddxna4rLVbvLDCEvYWuCmMLac4et+belY3/zf88nUCNey4LfEPJiHOyBzSDiEoaEbuc4O+LZDjgO/7fzib/Tt/N9jjz7xrEr8kI2zuVndEl2Ylf4j9/5N2Tu8DsEUTPCF4r1YR3yonBiD4qtrr2HncU4IrYq9mxnLnny4xbojcx9dhV5YWeSqjjJ79zLONyrG1vrcYjZijM23Jc/YCh5QeB8fwQ7kD/qcfT5HZkZs9iq4F+GXZEXhY1Gmq8k4J/12P2/lq2/eV4FHRtGdpbZ2lDywhboGCGRi0K2XVuLcfibf8VWcUI8pJ9lGEJeNHhslsA/2I97hD11dex3/uYcxa+iTwOBPfVhKHnxLGoT32PGR2wpbhe8bkxz2JlSkaoxQx5sbVXBvyvy4l4au56fDEPHta1FPPE3MtaYk2PkxGVNrKHkRX5na2pG59c67osn/pU/+RIdr2p8DSEv8pbY5GtAxB4v+B999NGL3fns9lnr2K6Mvh8ImScPsVAeXxY3h5IXY1Qz8lN+7VnpxL90QRZ1Hnf4v+YMXa6ynyQvjeTDCCPQYO+Yog6voMrx62DmXMpWeJoBkKx06TiRwMeQWlhFXhiPa0fH10yL7ijDRWSMj6FHshbYFLEMVicVq2aQnFPC6gt8q8iLawdx8UyKYJ0ZzshJGZhOWYwjDNb13F9Bh1UzMIbuvJZjrCIvPiOZ6bDTny6CQ0FjpyWfcf8Yh8AnaUvwEovvWkEiopvlnC52QV78TqChUzZmnOSlSKsTp+dyriJHoPMli+yBDSmW2UPfFOwq8hLXjqTmXN0QwTWSED8J2bIH5wpK/MMX8emaIz3ObckWVpEXn2PTChcBPTrP9B2zms6JcSiWP/KRjyy+14ANm6WSaBUqgpnzHF2sIi8+Y7ZVkc+GbUlpm8zYBrh1SARxjmLgF37hFxbdcddpyWMX5MVYFBeSB7mKU/xDDOBbESP861wJREIT/xwILf+ho9YzDSEvrs032TDf0PHVaWYTp5xyyv91bXZGj2Z5jZm/mwUUh5DbVmwN21hFXtizoj9m08Rtfid+ioN1EcGv5Aq7MYqtCj72ZjtYv+/zO8+6irz4bMRLMd754gU5ittxbc9kzM6lY/bFRxXO7Ef8a8UXmJu8GKvzNDQUJHIRHdObL5Qk25hdCXtQnJIT2YqB8iIbouOWrQ0hL+wHWefv4o7rGgf5iRvGETohWzFUHhf32JnCSGwh89oeulhFXlxbLFfssRvPyI7E/K79+Jn90ZVYxu/o2piNz7VaWEVePKdr8xsEWUyz/a8t9FvxLA7b4Sp6L3vZyy7sM2ytb3ZsbvJiHM6ze6X6i09EToyVHzFW+tGQdk31Cz2QL1LrXLbW8lHXWEVe6AVx0dyVE/mx3CG+yJW1/dCDmlHjUT0nrpnlEgPUcMtsbRV5cW05nt3yeQQUMW3pNg6Eho7Zg3jMTumYvFpYRV6MyzjIlGzJ2eyqmEz2fDJiFd143ph9VwOJ23ID0k5ffTE8yUsjGETAU4RImrEMK4JTLUw/+50g7FoCqRkSX+LlX8bYwhDyQnECDWUasyCqmHWvGEd9+B2jENjdV8DmRBxPgdPCKvLiesbBIQV042XYHL1vHAzS5wQVRVUkAsbelV9gFXlxL9PXnkdRa+aFwZK5+3XH4PD7CFgChaJcAlMItxxzF+TFsyIMvr1XQFXw0rFza1nFM/kdWUSSM1b2odjXuWlhFXkhJzJyfwTAVsJBnFbZGrtiawK15CZotp4TVpEXn1NQKqpdSyLmi4LbKlvjTxInQqfTpDAIu+hiFXlxL8vyEO+rXOUqKxN893C+z9kyVOxo2douyIvOqUJd88Hz8R9jq/0HatmyMzpQ1EtClrl0i/vAEPIiJiAj7EwMtrQCcaLD1jhqe2eTfMWWsOy+FVvjM6vIi0JDg0CMd67YIpYYR9hZoB6Hc5BrTRPdzD5bBuevIi+KGATRl8+x91jiWts7+NcR9i4fSfjiMlnSDx9uYW7yYnyIi4JMvGWbxrbM1kK2oRfk2rPRset1MYS8sG9kxHbV4g6bZEerbM046EEso2N5vO8esIq8mK1gJ74HRj5HIGIcfbbmb8aB0OtMsw/P2zfzsYq8uCZbk4t02zVbWrFr2eH7RcQOBXorbsLc5MU4FK9qDIW9eCIe9unYQcd8jN+qScRpMwJsLc6t4dxV5IXdyitmMdSMfG6VjsPW1HXqKt+RI0drUPZhFXmhY/ZKx4hnS4/LDt99Jr6KJ5qFLawiL57ZOBB0sYntR3PVM4ceIH6OuEa+YjFCpw7QMPK3FpK87BlPgDFwfEWNDo1iWsCL7mkIfBkUwApESVbgZkiCVReU1EdeBEHKME7FRgTPPoPtwjnGgfkqahkCUiD5d7GMvETw1OUnL51GDh8OuQoMlewEFMFBB8nyE7/ryrKPvDjP/XTTdVYQF+cK4n4/RCfGwREFQMxeIuMU3c/PSV6MyXMKisZkCRw7UQAOka1xG69CSpdJoa3LoaPYxTLyQsf+Tj9szZQtOxGwh4xDYEFyBGukRxI3nlaSXUZe2Lwix376fM+MYSyVGKpjBRJbY68KH9cQMLuf7yMvznMdRFdQ9EV4q7pWfYfPXfnKV16QMPbq+epxzEle+Bviwv8kPjOmZFXbYx9CJgoRcvN5CdT92GqNVeRFgud3Ehp7VwQb+1B7Z5NsQgxhq1Fw+H3Aea63jLxIrApTuhEfJctlS5S6EIfNAFsOpWjiwy0iRW595IVdGoeGAb3wTX7Hp1tj7sIzst2TTjppMSNGpmJXq4ExJ3kR0xAXJNdyGXGbjsliFTw3PzFGzyJWkI0c1C2W/X8ZeRF/FNlIEKJpxrBrr8tAD/Lhs571rEWelovp2Pi66CMvYiN9WPpFHv5lN8buWYfo2bnsU2zXmDGe1vMuIy+eRUGsmETWNylqHQiPpgwCg2C2Yvyc5MX1xRv1DX93b7bWV+zWIHs+qKgWM+ULeYOOY7VDYBV54cdqI7M4ajWxbx1bE08QGDGAHbkG22vFxT7ywvbYGjn4PhqzKS0drjro2AwMshwzy10sIy9kpwYxa8gvNJnZiTpjiL2LE2SnuSY3BoFpkSS6T/JyCAyAoBScpo4V/92gOQSu6dq6LIKvJEchtVMtIy+CN+br764heG8C4zBNL3nqRivKBIQay8gLR2bAphIVeq0EvQocTJFktkNHgjFKuAqqGgyxRV7IjHzIwTgFzVg+tA6cL7AJql7k5xjIQl34zEleFEuWWUkoChhd1HosQ0HHpqUVg+SDNHcLwmXkReBV5LOPPvKzCoKScSgQyE7BJul0bW0ZefEMxqcYFPAk2yHBroZnFvwEM/4rgJJrtzDtIy+ewfOzD9+qvO6MS/dQJCBAdGwcdQE3F3nxTAomsQQxVHCKRev6D0j0bJatIKriYw3X7SMvbB9piqTmnaB1EnyADNksW3Et40CKwlb869la5CX+RkbskOzFFoXAuhAr+DQ7Uvgg7N3i1Vj7yIvCS6MACVPUulZtH0Nh7HQvxmiCWD7TjSNzkRe2Zixha2bYNtExmIHlHxoZZqa6ObKPvJAxW5Pr2BnfY4vrkNOA52FrcjQdI7qev9YjtMiLc+hBjDEGNmCc7GZdKAgVt/Inm1c0Gltta8vIi1iK4FoqtilxiUNRrKuPLIvx3eeZi7x4fvnEjD/S4b6b2BoZ0jE9uZY82i3Y+8gLHfNZNQkdyzktoj0E7oF8INrsiR5bjbc+8mJclgDz87E6RmDkPss9xfvuOJaRF3k8luprMi2bReqDe3k+uhfX5Bu1RdfWkrzsOQEokoNQMEIBegwEUEFEEJegFC+MIBD36pIX4xBszdpwJORjDARUxuZ6Er1EVqNFXhgPx7DxgGCpuG519NZBFC9mTnQWukV0i7wYh/ELLIoNsiKfrkMPhc/5PKcSIIzDkpi43lzkxRjIkyzI1tKiMXBdnXR6dD9FZV0I9ZEX4xD0BQAv1JnFGQO60iWURL3gyeZrtMhL2BoCJQGweYFoUx0DeWhCKHzouBtA+8gLQo3A/eiP/uho4hKH6+hiKXwkqHgu/j8HeUH0Pe/1r3/9RUG3aTEZQBSMV/Fi/HVMW0ZejEMBJSFumuBriN2aQje+8Y0Xs20xjrCnFnlhF+RuOZOCB1ENn9wEfIwdx2xUdBgDfeSFn4jDiqFW82pdiFtivFkGftwtvuYiL66tecLWFJubEIYaiko2ZlmPYri2tT7yIqYpqBT64qt4twlhqGFGTPPM8jO6qscBLfLiZ76iG2/Z1yZNoRrsiq0hqJoryJ17BPrIi3PMfplxsSSoFaM2Obzb17K1ucgLW0P+Lc/n/1PEE3mJ7XqGWsd95EXsIGvEVj3J1rq2sQ7EB7lKTaBe68YTaJEXOmaX5PRt3/ZtTX1tclg9wLb5YdwL+siLcYj/9G+GcBPiUsMzqhlueMMbLnJ1t+GZ5OWQcQi0ij5TosF6xyCSqIThpUVFVL0muY+8GIekoPNrtoICx8A4BAEzKIgUB63RR148v0JS8GWsYxNAOKb7cExBqUYfeXFfiUGRp+jxO8cmiM96HvoQ7DlmXG8u8qLIs8mAYCMBTyFbtiaYsDWBtrbfPvIi4Jvl8L4NO5jC1iQsgSs2HajRR14EPUsC+UMkgNDJJvBZs4RsScFhpq9GH3kxs2DzAdPmrWC+6XGZy1xmEdCRjHiuucgLO1M8RbFeJ6FNoCCXsJCXbvGyjLxYSuRZLfUi8zH6BUUqe7r5zW++sOHanjxji7yIg2YDkBfEx7OMGYfPGoeCXYMKAa8Lxz7yovBigze4wQ0WheUYAgWuS6ZmKCzV0i2tMRd5UWAqvPi4WD+FrfFj5EVTobY1z9siL/K5F33FE3Ifq2OgY3btpWP5obu7W4u8KKaMQ/4Ul41jDMLW1CbyuNhaNyL6yAt9i8di0KZLiVqHpowVGd4trDEXedEIFdfkVvForK2RrfdNvbMiP9W21kdeyN87VTErN1U8oVvLDK2+6cqwRV7omM9/z/d8z2RNNwfyYjm65Zd1jOojL8aKUPqbc6aIa+K6vKGuEbtrJHk5RF50V3SLdTUk2rEBL0CJDFuyd78IYn3kBYFSWFvHaaqYMY+FZ5QEOJmgrsMc122RF0bn9woNgdK09RTj4HA68wpK96uDbIu8KMp0VbworPAe28kLGAdnV6gKjmZfYC7yQt9sQhdNITA28AZM2UrYplk9U9haH3kRrE1TW8qHxE2hYzL0rJJ5FG3xfC3y4nw6VgDQfx2Ux0BxY92szrwkUNtai7xIlBKkztuyXcU2OSQBxaPndx+Yg7ywN4W1WCLZ1zLYFOIiHbEbhTJZBlrkxfkOuuUHYuvYpBYQW+mRTUVx417sp0VeFNRmkv2NLqaCZyUP79DUS2/5X4u8mGkNQinG12PcFApnSyvEGzGejMOPtk1ejN+zKlzMdnq/qrsseBO4ruJIPGZrCuJAH3lhm+yMX3UbZGOgcYYcWgbebYa0yIulmmaSkTl6mQruzZ7I2Wxm2E4feaELYxu7lKh7WFp0jWtcYyHn+rm3TV48rzxlFQm5+3v3HZVNISfxSytvxKlAH3nxfMYgnnTJ1RhYbSOe0Bs7qtEiL+wL2bnc5S630UYMfYdr2URArUzGYWt95EWOYe/8jz3G+WMgp7B5JMXy2rqxmeTlEHlRQJl2t3Z5k3c7+sDIMGkFu3XeEdT7yIuiWtAzDsFpCjByz8nJEBjJLLr9LfLCQLzQaupdV3MqGAeH1/nknIrnQIu8WFolISo4dLGmBIe3xhWJUEDAXORFtxWZIPOxU6s1jJ/dmNkSAKMz10dePKNArYifotgAOpbMBFjdEuOI526RF36gq4ooIxlTQYDjx7FMEWkOtMgL4scmfV/LlB1Kh+vZaYj/RWyZg7woVC3VQl6WbbO6LlzHjA7bprdAi7ywBUQaQebfltJE0h0LxY3tnL3IjKS5F727fpe8sEHxRiFERq2XjTeFeKU7iSiLK4odaJEXhxhDJ5LuFIQSPLN7yG3RjIjZ122TF88prssXGjIKCbqYAvInW0MakIeQYYu8uCe9miER19n8VGDDCmUzfZak1r7UJS/koZi1/FQ+Z/NTgb2IW+oJy3zD1vrIi/x51FFHNePS2EOTx3OL5aHvbZMXfqxg1mQWf9RI5D0FxFG25pnIEUliay3y4nnVDbe4xS0WOXdKW6M/vhUzs/Uqii55MUb5bOpZlzgsNWRr6pSwtT7yIs+qXc2QGN8UoG96EVfkSjV7NFmTvOwFIQaKNSpcON9UTD7A8XTDKbsu2lrkRdANxj2VAQQEe8WG5B3Faou8eH7BQdId+85NF+5ryQaGXi9vaJEX3S4y8gKYn6eEZ0XQJEUFEMxFXhQ6pqfJPornqeCFXUtY6DoCah95IW963nSzgGVgT3QcO35Bi7xIcOzPrGdNMKaAQg0x0rVlX4EWedFYUGhaXtEK4mMPS9EU00gGzEFeNGTEOrOndQIcC0kTUWHbinD/F0Nb5IV8zSaLfwqAKREF+61udauF/ZCDcfh9l7wYhy60brGCYIpZxhpm+azNVrRF/GqRF/cV429605suEn/EhKlgiZDcJudEjN82eZFD2ZpGiM71lCAv+QghsxSVvOi3RV7Yn3zlvaqp4nfAPa3OQFDFL3IIdMmLPGI5la618UxVXAfYWKwaCFvrkpfwAw2kqWdd4lDYWlHCn6JW2TZ5YQtiC1vQbJoSbE0e1Axhx/RIhi3ywtb4AXvgB86bCnTHZ7/3e7934bP16wZd8iKuI0/b0jGC6p1N8o9n75IX43VoMmsIs8Wpbd4rDHKlcQRRTvKyF3gZrbWLdtEQbKY0RNCNUyQqzOvOa4u8UJJuMcevuztTQEBRmCvowhD7yItkIThMOQsFnF6HXXCoE0yLvHBgS8Z0VevlGFPAumWBQTBQ1MBc5IXTf9/3fd/imaZ2cu9JKSIQxCAIfeTF8hIzcbq0ERCmguStaEMQgxi1yIuuJB3rEE6tY3aEKHrOmii3yIsErIs25QuP9eE7EhBWCQ/437bJi0JCPPGsU8aSKIyQQsU5vxFDW+RFAa2wl9S8dzcljMNSUjONyIuYGWPrkhedc8TeNqKIavx+KljaoKCky5jVaZEXsdXL385le1OPwyy/5WgKqlgOOwd5EXfEdN3XKRH61JBRsLJ1ttYiL4o8Nm/Hwtrfp4BxiJP0plisZ1O65IWu6cESVLMjU+tYQa9pQP4xjhZ5oRf5Z+qZ5DgUtnzMTFQs6d42eXEfsVpDRj6bEmTmkCvZMnuizxZ5IWNLyzROpnzNAFxL8xpB0Pyrba1LXsRX9dzUS53jcF3yZ2sxy9IiL8ZiKaM4Hw2GKcGu1WXsKslLRV4ImyCueMUrTt79BV0pBqdAszwFOEGLvFCQwMRxpu7KUbJiRucv2HyLvHAMnVJLTqLInAqxIYGirS5mWuTFMg9dEE4y5fIqEBCMQ6Ay6wZzkBdObSme3V/IdmonRxAs3zBbFTLrIy8SgG6JqfepbU2QYWsC6zLyYnaIjpEt/jgl2Lgd8/ieYiLQIi+SpOS0LfLiuoqZmOWbg7x4Ji/V8+OpySlI8Ignn1aot8iLAkSxofCcyqdq0J9iFXlBGiKRdsmL5Ga3NUX82N39Wohlx8iyIhda5IWMkBezA4jM1FC0izlsqm4CbZO86P4q4MTvqWfXApp/YlW8y9ciL56XzSto+P3U0PDy3BoyoWPokhe2pujUrIglyVMCUfSM4lgQ5RZ5YV9i/LbIi3f5FO/sil3DtsmL+1iWpCFllnEb8P6I2CYv0meLvCjaNby90B7NzymB9FqiqPapN4jokhc5Tq6XX6Z83yUO5MXskrgS+myRF/WD1wE0Gfw/4u5UoGt1u6ZokpeKvAiGDPFKV7rSomCeuqDUlbMWUNCjeOgjLxKdZMwopi44dB5dnyOuIi8c2MyLqfIpodARdAWH+n2aFnkxCyb5Oy8S1FRQNHMESWfOmRe25dpHH3304ndsb0oI8pYGSmJBBvrIi7GZeSGLqcmL4gF5cc9V5IWOjXdqHSt0JFaJrn6fpm/mxa5G25x5kQTmnHlhC8iLYxszL0gy8qJIWjbzQu+WZ5pBnRriiR2dkBeFeYytNfNibJZ2Wdc+NcjfTpV0uWzmRWxFXozNz1MneXauYNUNn2vmBXnhP5aJaoxNCfJxIL8O9tRHXjyvwt7GCXx8aiAsCIIcFUtyoUtejEOzxCzf2C2SW5CvPCMdL5t5oReF7rZnXsT6ucgLf/f8cpd6ahvQuFWf0CN9tsgLeSNRZB7Nzylh5sU20EhwbWt9My9TboNdH3SMhLO1eAe7RV74pJkX5EUtMXVcU0eo2zWgkrxU5AU4iS+Us8RBETsVKFHyxkoF2yja+siL4M9A/W7qzpzCXLGkwGH00CIv7qvTpeiZeibKfU27Ky7qBNMiL95zMTYzVmO/g6QLpEzxytl28c6LgEy2U+qYrdnYgO7qoNdHXshb4hUop3wnAnyXDh0PfeeF3Xe/9HAsXNuMjiIbcQ+0yIulRJYfXfayl20G8bHHLt554dsIJPuTgKdKKJImu3VdjRbXdbTIC/nSq/insEJyphqHaykwdD/Zj9ji2i3yYmxivC/qU+BO2TQwDjHEC9qePxJpi7z4nZiPKItzU40jnptvKfIVexHj51g2ZubJMkJyN44pdSwuixFmXtzL9VvkhR+wu5it99mp4Fruo4C1YiCaf9AlL8amMeadBbKf0tZcXyw75phjFvYcubJFXhwaWdt4kdsR77zwJ8U0bJu8iDtsjcwtUZzS1lxLnOSzcqN7uXaLvPAtPu93nnXqeKJxi/zKVdGEgC55MTb11DaXjcU7L2HzXfISEHc0qZw3ZVxzaKTTiXFEHZXk5RB5sZTANN2m3wraB4KWNCQ2js0hoY+8KPYYAcOYWiGeW7Gu8xjBpkVeOIRxSUYK7SnB2Bm4hF53QFvkBcGw5EXBK4hNiQiACFpsBjAXebHEQqEs+Y798s8agp7pVcnDe1ZRvPSRF+cKhMYh8U8Jz2zGg46jU9IiLwKzwMTWpl7qQeZmEO1SRN+BFnnRIdU53tZuY763iTxC/nOQF+SVzyvm2MJUxRx9mqHW4XdEgmmRF+fSsRka3UzxT9KdAu5nHPEeQnT8XL9LXiRTY0JedMUjxkyBmE22oxwSLH6Ce3bJi8MMlO/IqAuCsXBd9/Xclh3LbTGObZMXz2kGQCzxrqTcMpWticl0LEfJDyHDFnlha5bYWMqksJ1KtsDHFKu60OQYMQ265IU85Kvv//7vXxS2U9sa8qSgP/nkk7/RaO0jL2b5bFLRiktjD8vG5BX1UtRR2yYvZGwGQO0kl5DHVLbmWnxFrFL/0GX4VZe8iDVyhu9Ik0dqgjEWbE1BLmeY1QnZQpe8OMSzK1/5yluZYbMRgOdWi0U86SMvGmVWcsjzUzVlPR+dm9WJOiqIUZKXQ4bhxXRJRjLWSZgKCIE1iQoI94ig10deBGrFnGlhRsJ5xsIzUrqlawoowS0MoEVeOKbi14vfim//Z0RjIdDa2SqKjZiGhBZ5UXAZh2Uhzp/KITihQlmSM/Ub95uLvJjpUFAjqVOuv2dfyBiHVqSErfWRFwWv83XFY8nNWJCtZOaa/ElQieTSIi9kTse6quTOVqewNbaikFRs0GkdZFvkRaEjUeiWTr1zi+vZ9lIijoJqDvJCtgodsURMm6qYI1txS1eXbAMt8hLJx3Pa+UgREnY5FnzKcjG2Q3dRsLlnl7z4V3yz5Sabn9Lv6u/m4l9h7y3yAmb3yYL8an8cA7GFzCNm01GMY9vkhbz5vTwnrypgp2qGiM0aWJ6L3wZa5MU45Aw5XC4Rb6aCd1fM7smV4kodo7rkhZ7luWjSyelTwbXkDvHV8sTQcZe8BOQ3/q+DPvU7ERo9bDgKadg2eXEfM/kKZbnE/aaqCywLFBuQA68RBFrkxTjIP3TMJqYC22FrNm4SW2pb65IX0CCU3204tQ0di5l186uPvJgRtMohltxNATlFXNMUkXP4fTx3kpdD5IVRCsoSkI50FDWbQgBzWCvIwRl4XTz0kReBx8tR1sdzWN2AsZBIFBmcvbtOtEVeGIfAwZEFZcYaHZ4xEBzMLOk6MrhwBmiRF8mfzDiswnaqlx8lO8HIS7MK/iAVc5EXjm3drmRjZmusrQUUJ2xNsq+XgfWRF+Mw02iXLXYwxTgEEUWFXUfIMPwAWuSFDQiMihNkzoYWUyxhQ6B0uM2mSixB1qFFXvxdPGATkkArkG96+PIwzQuFY9jAHOQFyFyh7CDb0MWmUKCZ0ZE0FFG1T7bIS8DvJTa+VSfeTUGOOuGWrdBjxC7P59pd8gLsXTxmm2zQs4yRh8+yXzHNUk3XrJN5H3kRB8UZfodUjrV311XA+RI3ejaeGtsmLwEEko75smccI1ugHzbLdxCjOnbx2y55AbKkYzHXrAMdTGFr8pUYKqZE7Ap0yQso3C0d4ydifN093wRha2oTOcU4+Fugj7wYK9lN/Q37GjJiZb0RCmybvAQUymJnFMpT2BpiqKGpBql3WW2RFxB36VhTmNzZyZhx+Cx7lZ8QBjqu33eBFnkx2+i9YDM1Uzbe2IvveDEO8gn0kRc51/s3ljSqaafI454tCKUcUiPJy6GgwhAQBV0KTmEpEUPaxBjDCAUXzmUqTaevJgB95AUscZF4vethatK1NgWjE9xNuzECmwfUaJGXgJc/FZQcUzIaMw5yFtgsW1P0dN9haZEX8Dn3l5R1kQWSmvSsAzrmUIKDIl/3pu4QzEVe2EfsXOObgsfYGoSt2SJV4cDWal31kRdQPCmw/E2hMNbWLGXgQwhUt+PYIi8BAdL4jcOM3KY6BjoW0FyPjuviBlrkBfgk27QUYMpEb+2ymNP1/znICztTzFq2qhBQ5LKzTWyN//BNNiM+Ib5h07CMvEjCZItsSHL8eJMx+IxxsBE2Y+MLMc316r+3yAv75O9eyOWTZLNpweEzfEXStORREq2XaoG/t8iLeyIUdp9TjFo6yt43HYcYKT57/4i9x46WgbnIizHwqR/+4R9ezKay902eCehQYaQDrnhFSGoC0EdeyNEziu90YjmbeLCpbMPW5GLFq3xc6xha5MXP7k1OdMLW/G3TcbAZvmeW0cGH3CPQR17Iw2YKlo5N9V6E2Pgd3/EdC7tWyNaYi7zwGaQM2QidjNGxsfKP61znOot71bbm2i3yQidsw+yLOom+6WTTcdAVm1eniZOesWtrLfLinmpIeWvKDWe8/ylfWzJW5+M+8mI8XqjXMETqxPz6c+uC38pr3g/UdK8JJSR5OWSkjMfPilfFPDbNoGsjHgrXEkAYvKk/wUuwrRW5jLxQOibNgP09dhTZBK6tA8UAdEl0uWssIy+MFJO2Q4/ZoDGJTyGLyAk2pjm7ywr6yAuZeQbkRSGgAO4+w1Ao3BQ65K772v1yxjnJi+d3D8FI8UO2dTJaB6avLVvRoWRzSHgENlhGXvyN7qPjNMbWkDBkzKwhfXb1tIy8GBfC48v7dNXGBCMBj9x907Zp9+7sZR95ESzNJChup9q9xbpwSzxszhD6h7nIi/jl3rqkmijet9q0iCJHicIL8mxWk6W+zjLy4tkVu+xQA4NeNiHKxs6PFf2eF1mX5MPejcfPLfLiZ/e0iYMY4LPsrNbLUIhLiit25L0qy9f4b+13feTFv3wWmSMPMZav1J8dCp9RvHkW9q7hxI5rzEVePL+/sQ8FveVxmxYv/JKfejcQERFbavn0kReypU+EXWxVVMpjm9iasbM1RbJlK96Jk5u6emqRF+PwWfmb/8sp/GfTcagJzGop1hAUfh32BH3kxTnyurH7FvaxnXnLkszikDtC2bW1ucgLWYtFlpSb9RSLNrE18mFL4qZaTa5mL7WO+8hL2Jo8QsdIBb/eVMfqD68MsDV51P+7ttYiL8ZB/+patZqc09Ld0IOOEV3Xsly/a2t95MU5YpF6Vwww47hprQaasF5zuNnNbraIJV0il+SlIicMSCLU4dfdkBC8n9AV2jJQoGCqQFMESWoKd7+vDWAZeWG0Ois+yzEVppsQKQFf4BVYJWwdua6DLyMvnNquF4Km7gIHl/zq51gFzyJ5Cp6eRbeUwXcdvI+8uBdHtczKOMiUsdbvywwBeUusnkOAkngVW7U85iIvIPgq4BEKciEfQWEdWwNFP5kJ4paNmPkQ1GodLSMvEqzfCTjGIfmxtXUKOvdSjCLJbNp4+FZXx8vIC1sTrOjYNRRa6yY/+mSv5G3WhS4Fz+44+sgLW2BrbDEIzKZriH1OEuF7yJix1YloLvJCN5Zeeib6FdOsg2dnQ/3YuMlJN837BEiQJVvdd2iWkRcQWxXXbJH8NTHIfOg46NE9ERcFI4LC7ugs4FrG2yIvAX7GRtmZIgFh5Y9DYcy6gGKrokVhI090Ybwt8gJijbivy0ovCIy4ONTv4jnJGelXeImtdSEfmIu8gLgcS/M0q3T9u/FoGciWrfFdPqxQY9vdIsg5LfIS0C2OgpSMyakbB5bBuRo54qFagJ1odnWLdWiRF/AsYiv7kHfiqwfWia2uwbbUCWKSDnRr+XQfeQGkSV4gS7N9m+4+ZsbFrolm1vigGN/V61zkBcxmaaoq9uXsIMtDbY2OycYMsrwk92j0iGM1+shLQDyRSxALDQmyXkfHxqHek7/Vpd53Ubt5li5a5AXYpdUsfE7zcIyOzarZbMJ4uvUC9JEXkIvkYHnGBIAmPN9tPUsfPJf8IoaTBxLUqjuTvDQIgcTEGH3pGEMSgAUdhV5LCYTNeHRHBEkBRmI0W0CRrXssIy/gPlhsMHHJ1tp9U/MSX8tB/U5QVxiatvdZgZdj+1xrHMvIC7ie4CmRMEbETjIUmFqFtjE4GKzrCT4cSvBWPFu20UoifeQlIJBZriIZcQzJzbic21d4uA85k6+EqlBk7H5u3WNO8hIQHCQc5EOAFPzZ5TJbM06BW7fJZ9iyewheLVksIy/ALnw2goXExH50kdyri9CxIC/oKkKRH7bG5vp0soy8gMCH6BuDAC3wKRgURK2iAYyDbQiotok2IxDrhdlaHeADfeQlwGbYI//3/otu5VASI/g733dGSeLGVC9NDLjHHOQF2BEd60bzYcUyAqMIQgb8nRy7oEO6lIxtcEF3Psun3bOLVeSFLiQhjRQ65u/sXbx1vZa9G5exKyRd0+yx50T2JbgunO8+y8gLeHbkA7ngQ67F79h7n9+Jd+Io3/AMlmkpVhCo1mfEnz7yEuDDfEdcYu9mhvkde2+dbxwKLvkIiXBtREGjS0xoxdY5yQs5KKzkCbYi/onb4g4Z9NkaHfNzxSP/NDvns3JvK8+sIi/kRJ9IoZkxBEZxS27k16djNi+P8ycxhI7JWGPFuFtj7yMvATFMA9K7nmoDeRyRp+PW+X4n/ouRYqsawfXFVnbbGvsy8gLswn01H4466qhFnFqnMSOmIS664JpU7teytTnJCzmIrWoG9iL2u79c0Fcw0x9bMza5hk9YUo+4yE8tfawiLz6jMazYt2SariOe8IU+WzMOPiuemOGwcgJJNi5/b9laH3kJsFvPYjntul9cySa8n4mcqoHUb62xLyMvIIayNTUJvYjZUTN65i48p2eJPE4PamdNMrrt89ckLw1hggCmuPFSZSzHUeARksDJeAQY/xI6RSsOEA1BRLEuCfUxcE6wjLwEBH0EylpMhqtL4HyFgnEYQz0OgZLCFcNethK0/b6lfFhFXoBhIQqm8AQSyVIxo+hgWLUs/F/g4JCCnIBtxyeyaRVxgVXkBYJI2crQMidO7CVRBUVrHJxFMFPoWDZDHhIYebSwC/ICCICkZj91G0YgGYgreXVtjd3Qv0IHIWFr5EDmfddfRV4C7Ju9fN/3fd8ioNOZe9WydRgTGQqy1oJb3mhZomJQMdwKurCKvAB/1HWy3EOAFMAkQvLr6jjGIVAK+l4U9H6JdbfdWYEaq8gL8C+JgP/7/ifdqGUJ3+8dEvxVr3rVhb2RT7eLF6DHuchLQLGk4Ax98QuFpZjW8h8FlmVmbJgPi2n8rQ+ryAuwDUWP4l9cZb8Kb+NvxVZ2LU7rsIo7uooaKcuuL16tIi+gkEccjEFM4YPsPfwu7N042JN4pyjnS64tHsa7DC0MIS8gZtOFHenC79i7Z3fvWh7GphCQj5BrhSL5KbD6xjEneQHPyY89h6VsloKSgdir2GnZmnjAdpBrswOIj9jdB/pZRl7AOMhF/mTz5CVGIUhha7WOPZtxyAH0oFhV7ItHy+xoFXkBY2ST/I79iIF+x666Nk/HSIqCll1agiNO+H3f9T3PMvISQI7lCzFKTFu1xEjMMwPtfDakXpEn+8YxJ3kBeiF3sVw8keORPGSzFU/ESjpWv2i2KfLFEySxD6vICxgHXcqf9MXuxbhosHZtzXUQaXmc7cgz9KIG65MtrCIvwF41eJFU+WiVjuUt52i4qUHEoj5iDavISyCWfYU/ixdqnZb/s215XDOIDuVPsnFOn+8leekhL9F1VIQrqCVuQVgXh2EwUtP1ApJAR9imdRXsHE7id+0+wTPeIeSF40iQAr9z3d83OesuY9iUzVnNbgiKyIKlDIpKSUbHUhLtG8cQ8uKzAhZn07H17IKqYKGgIAOy8HuFuoRtHApQ1zX7RJbLplKHkBcEjDErwAUfzy9QuJ970atEriCRBBEBelF8SUicWoHV6hjBrsiLQKHrKIBGV1owY1c6EApzdkU+9C85sDX2oPhkH67dp+Oh5MXzs1vXJEeBQcI3HsmTrTn8rCNJ/+yQzviJZLXM1oaQFwHTOBSKllvRhftY+84H/Z+t0bEgTvcKEwWEYKcLLon06RiGkBe2JqhKPjqwkoYE7iVGHS0JXcD3s2/PVwjYa1/zwjgQQYG5r2mwC/JCtgoCfqAbJrFoctCxn8lULOFH9MSHJWFjlHiiadKHoeTFIdmYdYglusbAX3VP2Ts7Y+/+Zmt19u73yJQESLYtuLbnHEJexHg2K04q+sRBfkeH3dgqVmuYiK38TjGlwbUsxg8lL2IafzDLwM/p0TOLae4d8gi/I6vwOwWC2OGZ+66/C/JiPPyQPypy2BNb4suxWYpnoid/80xyCp3ze51s/tcHfjuEvBiHAouckAH5Sk7QIadj+jUOBZsusZeNyV+MQdTpRTzqky0MIS9ivFysuEegxHb1BJszDjp2T/oW4xER58jjcr/PLovxQ8kLv5HHFXzk7r2GiGER17zvED/bKle9YRxDbG0X5MV4FL+aRWK1hpecILbV8YSt0ZXnoX9+SQ7qnr48AEPJC3/3zIpweZyP8mO5I2wt4om/mcUSa5BrOVc8YSfLbG0IeYk8TnZ8zWYtdBo69nOtY6SFLbI/tiZGLNPxUPJCpmRr9YGcIr7zczqgCzpRMxpjxAYkR/6MmlH+7BtHkpce8gKExkgUUpKm4o+COUMcFOAwZSiYW2IhaPvsMiMcSl6AUzAEBRGFCVCU3h2Hf3UPKVORqpjoM/DAEPISEDw9W0ztc2jjiHvHOCQm15OMJZZlLD4whLwAmRoHB9NFQjZM03bl4aArjmAK1+yM5LJMJ7siL0A+dExv9Cf4kWX9XP7vsBRCcmAPURQte66h5AXYmmJYgcueJa0+W1MM8Av+sSyYBoaQlwBZCUgSkvckJPyurcVhNlLSVNQuKyACQ8gLhK0hhwo2hbYiR0GtwJAAJR/Jku36u/PMuK6ytV2QFzAmMS+eyflRwNWyJWuxiT/wM0mKHy/DEPJSg83QmThhqaLCvdZrHGKr923EnVXE1PPR/xDyEiA/fiHJsvdujHeQkXjn+fidwmoVhpIXcK6ZFvmD37lXy9b9ToxUWIvXCvxVzzg3eQkYl8JP7OX7/JRsu8/F1ujY2nZ2I/4vy8vAb1eRlxrkRF7kRn59OmbzlhWbDWNrfc2HGkPIC5AHHZtVR9Do2D27Md7v5Hj2yC59ZhWGkhcQ0+hRgSi2uqcYhix5DofiWuEvD2lYIjz8dZWtzU1eamgCqOkQATmGHGv9xsHWzOR6fjpelpdhCHmpIQ4i35HHu7ZG38ZmHOSkQTYknsAQ8gLslt2wY7FTbJV71Zz0q+hX92nER1wz5mXNqcBQ8gJ8gozJWvyJPF7Lg/055E96HtIwAGNO8jIAjEHyFkx0yCVcgRBTlcyCJQ7FOuSlhntItjpakogX2R1+NrYhzlVjHfJSwzhijbLEJMiQiQ68YnZZUdjCUPJSg3E7JEcJWuBUTAtenkvAFZhWOUFgl+SlBtkKxOxKF4d+2RoSZjmBLtM6WIe81DAO9sTW3DtszZgEsCFJtcY65CVAd4K0ziMduwZZ0LGCnc3S2zoYSl66IA/jRqgEWbbG5vzf78Meh4Bcd0FeumBniIzPkyk/9mz+T+aSz1CsS15q0AMiE/buoGs6J6uhvhP2sg55CdCvcYjHdWxl+wpO9u6coViHvNTwrO7V9TtjElvpex3sirx0oeDSEdbBZ2uhY7amCFrH1tYlLwE68Flxo7Y1eVyhR+5DbS0wlLzUYBvkIcaHjvmen8VoOh56LViHvNTwrIpLMYwMQh5kI38OKWZr7JK81KjjibrEM7G1IMfr2Nq65CUgViDNSEEdT8gZYaHjZY2YFoaSlxp0TI8aI7WtbRpP1iEvNYzD+XRAF8ZBN+ppulo209pCkpeB5GVqcIJNyMvU2JS8TI1NyMvUOFzIy9TYlLxMDQFrXfKyDWxKXqbE4UJepsQY8jIVxpCXqbEpeZkahwt5mRKbkpdtYBPyMjU2JS9T43AhL1NiU/KyDWxCXqbGpuRlaiR5SfKS5OUQkrxsF0leLkWSl+0gyct/RpKX7SLJy6VI8rJdJHm5FP8lyYuCwa4fEpyCTjE198EZfuInfmLxEhMy1TpnjsO6Vi9rcQprEVvnzHF4j8BLdl7MtRa0dc62D4HfS6Neyp2qCLRxgE0FvKSHmLXuu+3D+lrbH5KtQqp1zhwHIhcvMBpT65w5Di/+eznQOKxJbp2z7UPTwgulbM268zFAXryXolj3TK37zXF4X4QfX+EKV1jEldY52z4QUodYcvTRRy9+bp03x+E9Ht96beMD8X5XY6GLq13taotiYwryoglh9zkvv7fuN8fBbzX/7ARo3XzrnLkOuyPZpck7gLvSsXjC3jWpdpU/HXbusruUBtEU5MV7P9e61rUW123db45DjegrGnzJJz9unTPX4eV7cZ7978rWvNNs91vvSLG71jlzHPK4TQ/Gfqn1UBwW5IXibauqePDCrZmHuQ/3ZYQSW7w8tYvDS8fGYbeHXY4DabAThaLSy9Ctc7Z90AlS6+VFQXMK2LWLbO2Wxdlb9932oSuINJDtLnUsAdjphzwU2a1z5jh0w/m/cexSJwKvmShrf8dAF9oaajJVtLfuN8eBiPFjCVYR1Tpn24eC1iGW2DnKz63z5jjcW2FrLGSzq7HwO8W1bvjYrrzZNe9H8B35s3W/OQ5+K6bqhvOl1jlzHWKa+Bq21zpn24ecKXepJ3ZV0zj4vxkgMybrvpvZBVvzjgYf0uRt3W+Og62Rq3i9S9k62Bl7M6Zd2Zoagiz43y7lEXUVG5ljRuywIC9eULX7gW7lrg4vLXpZyctbXnJvnTPHES+S+deYWufMcTBAU87+3eU4HF6Kn4rJWx5l2UbrPnMdXoij413L1v29qLtrW+NzYWu79D2HJaNjk7zlSV52tENc6x5zHnRrIwMvyrb+PtdBv7GBSOvvcxzuze+MpfX3uY91X4pvwdJXL7XbqKV1jzkP/mvzDvGt9fe5DkuaxLXW3+Y6xFO2Jra1/j7ngdyKaVPYmqLUEtTWfeY8zDYiZLuuTdgZe2v9ba6Dv8UL/62/z3mIQ2xkrK0NwWFBXuwaJtlj9rs6LPUwLSoRtP4+1xHj8K+jdc4cBznEsctxOKwnncoZrJc9nGxt1zo+3Gyt9fc5D7t9jbU171IgMGZgWveY86BXyWSX+nWErbX+NudxOMT4ONjZ2HXyPq+o3HVMc5Dr4WBrdLxrWyODw8XW2MaUtta6x9xH2tqlx+ES4x1sjY3M8f7PYUFeEolEIpFIJBKJRGIVkrwkEolEIpFIJBKJIwJJXhKJRCKRSCQSicQRgSQviUQikUgkEolE4ohAkpdEIpFIJBKJRCJxRCDJSyKRSCQSiUQikTgikOQlkUgkEolEIpFIHBFI8pJIJBKJRCKRSCSOCCR5SSQSiUQikUgkEkcEkrwkEolEIpFIJBKJIwJJXhKJRCKRSCQSicQRgSQviUQikUgkEolE4ohAkpdEIpFIJBKJRCJxRCDJSyKRSCQSiUQikTgikOQlkUgkEolEIpFIHBFI8pJIJBKJRCKRSCSOCCR5SSQSiUQikUgkEkcEkrwkEolEIpFIJBKJIwJJXhKJRCKRSCQSicQRgSQviUQikUgkEolE4ohAkpdEIpFIJBKJRCJxRCDJSyKRSCQSiUQikTgikOQlkUgkEolEIpFIHBFI8pJIJBKJRCKRSCSOCCR5OSxwcHFcdP7Z5Zz/+GI546yvln2XHFj8NpGYDAf2lYu/+uVy5mdOL5857bRy2mmnl9M/87nyuS+cVc65YF/Zt//QeYnEJDhYDh48UC6+4Kxy1hmnlk9/8uPlYx/5SPnoxz5RPvmvezb4xXPL+RcdKJccyEiXWB8H919SLjnvS+VLn//sXiwTz/aO0z9XzjjzrPLl8y7cy6EHy4GDaVuJCbH/q+WCc/ZqtLC3bxyn7x2fL1/6yoXlwj27S2wfSV4OB+wl+HJwXznzEyeV97zp9eX/vP1fyue/8rWSPpCYEgf3nVnO/veTyt+84HnlRc99bnnu815QXvgXLysvfc1by0kf2ysmz9kjN3uF5MFM+Imx2ItpBy7ZI8Tnn10+99G3lre8/M/K05/42+XRj/q18huPeXx54p8+v/zF699XPvrFi8p5ewQmkVgPB8v+r51Xzvv4G8ubXv3i8pznPGcvnj2/PO+FLy2vfN1by99/8JPl0184t5x7wb5y0SV7tpghLTEBDl7w6fKp9/1teeWzn71nb88rz3v+88vzF8eLyvNf8Jryto+eXk6/IOPZHEjycjjgwL5Svvah8rdPe2g54Va3KTe581PKKz5xZvncxYf+nkhMgAPnfqj8y1v+sBx/4x8vd77rfcqxP/+Q8pAT7luOO+Zm5dbHPLA89MmvKm89Y3/56sWZ6RMjcfF/lDM//obymt+9TznuDncod7r78eWER/52efyT/qg8aY/EPOaXji8PfcjDyyP+8kvl45/PQJdYFwfKRed8tnz2pQ8pv3zvY8qP3/ou5bgHPrA84Pj7lHvf7WfK7W9723Lz2/1cechTXlP+5pTPlbPSxBITYP+ZbyivfdrDyt1/6OblDg94WDnhl36lPOIRj9g7HlUe8atPLS96+yfKx85N8jIHkrwcBjiw7yvlwo89u/zRw+9WfvyoG5cb/cAdym+c+PHy/jMz4iamw4Fz3l8+8brHlNtf5cbl2Ec8pTzpZa8rf/Pa/1P+8rm/VR5yp9uUux73G+Uxr/98+eIFl+yVBonEBjCLfOCC8oUPnlhe89SHlrvd9i7lQb/x1PJHLzixvO6t7yzv+scPlve/553l79/46vK6155YTvzAeeXz5+Z6xcS62CMvZ59W/v3Zdy/H3uGu5Sfv89vlWa95bXnViX9ZXvGS55dn/+kTyv/7q/cv97n7ceWhT/iL8uKTPlO+umea+7MvkxiB/We8urz0d+5Xfuqo25T7PePE8rzXvKG88Y1v3DveXN74d+8qHzr1S+WLX0sjmwNJXnaNg/vLxV/5bPmXFz2oPOJhJ5Rb/PS9y4Nvev1yh997Q3nVyWeVbIInpsKCvPzN75TbX+1W5VHPfUd565e+XmiWC95T/vcjjinH3fG4crc/+2T5zDkXJXlJbISDB/aI73kfK+/4818tv3rHW5UfPPZ/lBe9+7Ry+vldgrK/HDhwcbnoov1lf1aUibVxKXm5zz1/sdz79/66/POeie1bmNL+ctG5p5fPvf8l5Zm/cItypzs9qPzc3t9POfdAuSDXYidGYEFeHvfz5Q7/z/Hld993bvnkV9KedoUkLzvGwQPnl/M+/4/lpSf8WHnoo/+kPPKpLyivffiNyo3u/qTy1Nd+tJyViT0xES4lL7csv/act5U3f+GicslF55SLz35HecHD71jud/cTyv1ffHo54ysXJ3lJbICD5cAlF5aLP/ms8se/cOfyUzd/YHnUOy4onz4nZ1YSU2MZefk6Dlx0XrngPX9QHn/vY8otb/eI8vunXFw+m+8jJEbg6zMvJ5Rjfui+5XHv/nL5+NkXl0suuaRcsl8TxrtVB3OjpZmQ5GXHOHDep8qZ739medgt7lZ+/U9OLK9+3/9XPvWyB5Wf/rH7lIf/6d+Wd5yViT8xDWry8stPeEZ5xomvLC/+8yeXJ/7iXcs97/ng8rA/fEV547/vK+dfnDvdJTbBHnnZd3750l//WnnUve5RfvJn/7C84kv7yxcvSmtKTI3V5OXg/q+V/V9+Q3nhr9+j/Oytf7bc68VnlE996aJDf00k1sc3lo1d95blPn/0kvLMl76qvPrVry4n/vUbyuvee1r5zFlfzcbfTEjyslPsL+f/2zvKB559v3K7Ozy2POWV/1g+ddap5csfeU551E/drNz3kf+zPOO9X947S1mQSIzD18nLb5XbX+VHyn1O+KXyK7/36PLIB9+n3O0nfqD86K3uWx7wB68ub/3sReWCPfKSSKyPA2X/184tp77wAeUhd71nudn9n1Xesa+Uc9KcEpNjNXkpB/eIysUfLK95wnHl/rf5mXKrp32yfOKMCw/9MZFYH18nL8eWm1/jRuU2D3l0+aXHPK48/vGPL7/3h39SnvTKU8pHTz93Ua8lto8kL7vE/nPKae98YXnB8TcqN7nXk8of/O+3lVM+/v5y8rtfWn7/TkeXn7n7r5YHP/tD5ey95J9LdRNjcSl5uUm5xwMfUR75lCeXJz/ht8pv/OLPlWPvco9y3MOfVJ70hlPLGedflPaW2ADIyznl3154//KQu9y93Oz4/1necsHBcnYaU2JyDCAvB/bIy0UfLK99ws+VB9z2mPJTf5zkJTEOXycvx5Vb/PcfKXd41JPLY5/yp+XpT396ecazXlD+1+s/UT51xnlJXmZCkpdd4msfLu9+6W+W+13ncuX7b3bXcvt7PqCccMKDygOPP67c9UeuWa77A3sB95deXN6/F4PPz+5lYiS+Tl5+u9z+qt55eXt5yxf3l4MHLi4H93+pfODZDy2PvPedyw/c94XlpDO+Ur6S9pZYG3vkZd9Xylmv/ZXya3e5Y/nRO/1uedEXD5Qzc9lYYnIMIS9fK+WCN5UX/8Y9yr1ueY9y75d8KZeNJUbh0nde7lce/95zyj+de2DxvWj/13Ho3MR2keRlJ2DeB8oFH3lJedkT7lducoNjys8/5onlCU97+oLFP/1Pnlqe9vj7lrvf8tblNnd6VHnyB79WPvefdutJJNbDpe+8VLuNHfqC1DP++nHlySfco1z3p59S/urfzy5nprkl1oYX9r9W9v3Li8ozH3bncusfu1u55/P/uXz4C18tlxw6I5GYBqvIi1nAs8vn3/TY8pvH3rXc7h6/U/78n/aVL1yYgS2xORbkJXcbOyyQ5GUXOLgXQA/ssfaXP7Y86aH3Kj9y/2eXV77lXeW9Hzy5nHzy3vHB95eT3/uq8sxfuWf5uZ+5e7njMz9ePvz5LAAS4/Cfycv+cuDiC8pXz/xo+fs/PaE8/J73KDc5/sXlH874Sr6nkNgIi62Sz/9Yeefzf7086q63Ktc/5rfLk172rvL+U79cztsLYAcj1x+8pFxy8YXl3HO/Wi66eM8OD/06kRiGFnk5uEde9peLLzy7nHXah8opb3ph+R8PPaYce9wjykP++O/KR84/UC7I3TsTI5Dk5fBBkpcd4OD+C8vB808pJz7+fuVhx51Q7vcXp5bTzq6+W2NBbr5cPvSSx5Tfvc9ty3Xu+YLy+k98sZydgTcxAgvy8jrvvPxwOf6xzyp/9nfvLu9+55vLm1/+1PLY+92x/Oy9f7n8/HM/XE4/d18S5cSGEKMuKV/+2F+X1z/tQeWnb/Jj5Y4Pelz53ef8VXnDu04up3z4o+UjHz6lnPKP7yrvec97yttP+UL54lf25TrxxJq4lLwce+djy21/4WnlVe95XznpvSeVd771r8qJL/yj8rRfO7bc+Xb3LA/5g5eXV3woN75JjMfXl43dv9z2+48pP/+Ct5ZXvu095b3vfe/e8b694x/Lh//18+WMcy5a2Fna2naR5GUHOLjvrHLJJ59Rfu+4Y8u9fu73y//69MXly/uq7Wm1J/eO897//PLy37x7uca17lv+8G2fKh+/IN0hsTm+Tl4eWW5/xcuWa3zn5cvlr3TlctWrXLVc5ZrXLz9810eX33nhO8vHzztQ9u2R5LS0xGZgOXv2c2Bf+crnPlw+8vLHlkfe5SblJte9dvmua1+//NDNb11+8sdvVG543euUo258u3KHP/un8r7TvprkJbEmLiUv9/6xa5XLXPYK5apXv3q52pWvWK5ytWuXa9/wp8pt7ve48pS/+kg55bPnl4sOfD2mZVxLjMGCvPz2nctNvvVbymW/8wrlcle4YrniFR1X3jv+e/nxX3xOeeY7vpBEeQYkedkBDu6/qBw4/9TyqVNOKSd/6F/L6V89WC7eC65dXHLOZ8oZn/xgedvbTyn/+h8XlPNy157ECBy8+Jxy3pmfKO9/y5vK2970pvKmN7+5vPnNbylvfts/lJM+8Mnyqc+eXS4w6ZdmlhiNA+WSfeeV8z//z+WfPvAP5e1/e2J51UtfWF7w/OeW5z73ueX5f/Gy8orXv7O8+9TzytkX7s9En1gTB8uBiy8sXz3tg+Xkd7+9vGkvnr3lLW8pb3nzm8qb3/K28rZ3vre890OfKv/2xfPLefvSvhLT4ODXPl8+988fKCf93RsXNnfp8ea9463lpI+cVk79j30Le0ub2y6SvCQSiURiS5DC94jM184r5/3H58pnTv10+bdTTyuf+cJZ5csXXFz25+48iUQikVgTSV4SiUQikUgkEonEEYEkL4lEIpFIJBKJROKIQJKXRCKRSCQSiUQicUQgyUsikUgkEolEIpE4IpDkJZFIJBKJRCKRSBwRSPKSSCQSiUQikUgkjggkeUkkEolEIpFIJBJHBJK8JBKJRCKRSCQSiSMCSV4SiUQikUgkEonEEYEkL4lEIpFIJBKJROKIQJKXRCKRSCQSiUQicUQgyUsikUgkEolEIpE4IpDkJZFIJBKJRCKRSBwRSPKSSCQSiUQikUgkjggkeUkkEolEIpFIJBJHBJK8JBKJRCKRSCQSiSMCSV4SiUQikUgkEonEEYEkL4lEIpFIJBKJROKIQJKXRCKRSCQSiUQicUQgyUsikUgkEolEIpE4IpDkJZFIJBKJRCKRSBwRSPKSSCQSiUQikUgkjggkeUkkEolEIpFIJBJHBJK8JBKJRCKRSCQSiSMCSV4SiUQikUgkEonEEYBS/n89OR5K7XWHCQAAAABJRU5ErkJggg==</file>
    </questiontext>
    <generalfeedback format="html">
      <text></text>
    </generalfeedback>
    <defaultgrade>1.0000000</defaultgrade>
    <penalty>0.3333333</penalty>
    <hidden>0</hidden>
    <idnumber></idnumber>
    <single>true</single>
    <shuffleanswers>true</shuffleanswers>
    <answernumbering>none</answernumbering>
    <showstandardinstruction>0</showstandardinstruction>
    <correctfeedback format="html">
      <text>Your answer is correct.</text>
    </correctfeedback>
    <partiallycorrectfeedback format="html">
      <text>Your answer is partially correct.</text>
    </partiallycorrectfeedback>
    <incorrectfeedback format="html">
      <text>Your answer is incorrect.</text>
    </incorrectfeedback>
    <shownumcorrect/>
    <answer fraction="0" format="html">
      <text><![CDATA[<p dir="ltr" style="text-align: left;">A</p>]]></text>
      <feedback format="html">
        <text></text>
      </feedback>
    </answer>
    <answer fraction="100" format="html">
      <text><![CDATA[<p dir="ltr" style="text-align: left;">B</p>]]></text>
      <feedback format="html">
        <text></text>
      </feedback>
    </answer>
    <answer fraction="0" format="html">
      <text><![CDATA[<p dir="ltr" style="text-align: left;">C</p>]]></text>
      <feedback format="html">
        <text></text>
      </feedback>
    </answer>
    <answer fraction="0" format="html">
      <text><![CDATA[<p dir="ltr" style="text-align: left;">D</p>]]></text>
      <feedback format="html">
        <text></text>
      </feedback>
    </answer>
    <answer fraction="0" format="html">
      <text><![CDATA[<p dir="ltr" style="text-align: left;">E</p>]]></text>
      <feedback format="html">
        <text></text>
      </feedback>
    </answer>
  </question>

<!-- question: 126848  -->
  <question type="multichoice">
    <name>
      <text>Question 20</text>
    </name>
    <questiontext format="html">
      <text><![CDATA[<p dir="ltr" style="text-align: left;"><span id="docs-internal-guid-e2de840a-7fff-3c69-15aa-779fd113c851">The images depict a square piece of paper being folded, once folded, a hole is punched into the paper. The paper is then unfolded. Where are the punched holes located on the paper?</span><strong> Select the correct answer from the available options.</strong><br></p><p dir="ltr" style="text-align: left;"><strong><img src="@@PLUGINFILE@@/20.PNG" alt="" role="presentation" class="img-fluid"><br></strong></p>]]></text>
<file name="20.PNG" path="/" encoding="base64">iVBORw0KGgoAAAANSUhEUgAAAwkAAAGzCAYAAABkVVu2AAAAAXNSR0IArs4c6QAAAARnQU1BAACxjwv8YQUAAAAJcEhZcwAADsMAAA7DAcdvqGQAAP+lSURBVHhe7N0HuDVVdT/+9GKP5WcXY0ONUWNDQMQugoqiGLuIrw2xiw0VBezYO3ZEQcGOgg01oKJi711jooklGtNj9Pz/n3nv9tl33DNnzpmZc8911vd55nnfe86c2W3ttdZ37bX3/N4sEAgEAoFAIBAIBDIESQgEAoFAIBAIBAKbECQhEAgEAoFAIBAIbEKQhEAgEAgEAoFAILAJQRICgUAgEAgEAoHAJgRJCAQCgUAgEAgEApsQJCEQCAQCgUAgEAhsQpCEQCAQCAQCgUAgsAlBEgKBQCAQCAQCgcAmBEkIBAKBQCAQCAQCmxAkIRAIBAKBQCAQCGxCkIRAIBAIBAKBQCCwCUES1gzve9/7Zk9/+tNnT3rSk2ZPfOITZ49//ONnRxxxxOzoo4+u/j388MNnRx55ZHU94QlPqK709+Me97jqb/f6rb/9e9RRR1W/9bfn+t5zXX7nM//3W/f6Wzl+616f+97nqVzPcm8q1/P9HXXuV2d/v/zlL599+ctf3pCIfvjsZz87e93rXjf713/919nZZ589e8YznlH96+93vvOds1e84hXVPT/84Q+r+5773OfO/vM//3P21a9+tarHe97zntmPfvSj2ac+9anZ8573vNkHP/jB2f/+7//O3vzmN1f3futb35p9//vfn5100kmz17/+9bN/+Id/qJ71lKc8Zfa2t72tKudDH/rQ7MUvfvHsjDPOmP30pz+dvf/97589//nPr377X//1X7Njjz129oY3vGH23e9+d/bFL35x9spXvnL2xje+sfour/PPf/7z39T5M5/5zEJ1/uUvf/mbOn/zm9+cW+cPf/jDS9dZufPq/JznPKdTnd/ylrcsXOe/+7u/+606/9///d+GRCyHf/mXf5m99KUvnf393/991eZXv/rVVbn/+I//WLX/BS94wewd73hHVWc67NnPfvbsS1/60uyf/umfqva/5jWvmX3jG9+o6uU7feCZn/zkJ2cve9nLqrr67mMf+1jVXjLpWccdd9zsVa961ezrX/969Xu/89m//du/VX8/85nPrORLPyvXsz760Y/OfvzjH1d9R5cqR98NXWe/SXU2nl3rfMwxxyxVZ3VLdTaeTXVWrt+nOqtjW53N50Xq3Bc/+clPqrn4hS98YfaVr3ylKvf444+f/fd//3f1mTFVv1/84hezU089tZI79f/nf/7n2QknnFD1z3/8x39Ucm3enXLKKdV3n/vc56o2mUvGQX8861nPqtpkrrz1rW+t2kR+9YG586Y3vWn2s5/9rOr/F73oRdW887e5RA7NT88yf1/72tdWZfosrzNZaqqzOX3iiSc21vnzn//8b+psTNetzv/+7/8++/a3v92pzl/72tda60wmU51PP/30DWkIrDuCJKwZOJFXucpVZre+9a1nD3rQg2b3v//9Z4ceeujsYQ97WPXv/e53v9lDHvKQ6nrAAx5QXelv9/rbvQ984AOrvz3Dd37r7wc/+MHV9/5/yCGHVN/5zP/99qEPfWj1G+X4170+z5+V/nZvKtfz/f93qc7KSL91+X/6rb/HqPO+++47O+CAAyoHdAhQ2AcddFClvD/ykY/MHv3oR1f/UtgMAeX+8Y9/vHI6KW8khzFjrDkGfp9+i9S8+93vrpwKxse9jA8jwplhZBgGzs1hhx1WObOMFwP01Kc+dfbe9763MkCcHKTJbznKjBUHhiP86U9/unJuGDjfKfcxj3nMb9X5rLPOaqwzR0udGSR1fte73rWpzhyTtjor57TTTutUZw7UmHVmbJHIUp09a16dEU9EB3n59a9/vSEVi0P/0EnaoA8QGeV+73vfq9qP5HLgOCdvf/vbKz2GFHFutR9ZQXw5wr5DZvxf3Tgj6upvDo++IZPa/8IXvrByfDg1fu93+g8p8vdjH/vYSr60X7mexQHhzOg78u65+q5LnX3etc5+07XOPkt1Fghoq/OjHvWoTXXm2NXrzDlrqjPSUK/zmWee2Vpnfcrxa6uzcslcX8KpXfShunDs9dVLXvKS3xBsY6p+CMnJJ59c1Vv9f/CDH1Tk3JgiL+RQnTmgvuPgahOdZUz1h4CNNpFf/aid9Iz58YhHPKJynDmyH/jABypn1rzzt7lk3nGI9Y/5qz+U6bNSnY2hOiNA6kxOzGlBgC511q9D1plO6lNncqjOnP96nekVOmuROiOH6ixAJqBCtgLrjyAJawYT9fa3v33ljAWmB0bxnve8Z6WUhwAjzDkWLQpMDxxRpIKx5jgtC2QPKeIwiEQGpgeRZMSP49gHSArH0ipGYHogPwIosZqwPRAkYc0gUijibOkwMD2IRt/sZjeroktDQLRaBKdv9C+wPfGd73xntscee1QrEf/zP/+z8eniQDAQDVHIX/3qVxufBqYE0X9RYqlNfUCWRL7ppsD0YKXCqsaTn/zkjU8C64wgCWsGy4f7779/FbUJTA+Wne9zn/tUucdD4BOf+ET1rCFyiQPbD5b0Uz5wH6KIaNpnIaUAUQhMDwJXyKY89T5AMgRDpDoFpgfyI0WObQqsP4IkrBnkql/3utetNigGpgc5m3KJpQgNAQ6iPQ5ySQPTg30IIrf+7bMnQU78jW9842q/Q990k8D2BJJpFamPHIF9PPe4xz2qlKPA9EB+yFKsbm8PBElYM8gfvu997xv5ehMFcmCDqA2KQ0D+b99Uk8D2hY2EBx54YHXCic2My8LqgVUEexPCuE8TNpymjc99YHO/03ukrwWmB+Murdrm5sD6I0jCmsHpDU68cbpDYHpwhOGtbnWryiAPAbm/Ind9HMTA9gWScJvb3KY6aaSPDNis7JQUaWtBEqYJJ+c40aavc49wIq1S2ALTg1O8pJsNlVIbGBdBEtYMFPE+++xTHQkYmB6cOe1YVUfVDQF5xI7URBYC04PNoc63d7pVnw3HDPsjH/nI6t0PIsGB6cFJad6T0XdPiuNa7W+JQNg0QX4ELQQdAuuPIAlrBiThFre4RZCEicK4e9eCc8qHgBdrSV0KkjBN2CRon8sQJMG7H5yvHiRhmnD8qb0pQ5AE7x2IE/ymCfIj3cz7NwLrjyAJawZ7EpxuE3sSpgl7EpxuNdSeBM6dF3bF2fbThJdf3fnOd65eYNV3TwInEdmMdKNpwov6rHT2TRNCMjmIfY9SDWxP2NPipYHeuxJYfwRJWDNIM7n3ve9dRf8C0wOSIId8qDOkGWJpAkESpglR27vd7W6DkASpRvHOjenCiz4dzd2XJEiBswneefmB6QFJeN3rXlftvwysP4IkrBm8Cv36179+9Zr0wPTwnve8p5KBV77ylRuf9IPI344dO6oVhcD0gBggCk636pNuZEXCKUn2N8RLsKYJq0iOv+3z5m7wgj8vDHVSUmB6EGRwAIKT0gLrjyAJawZ7Evbdd9/YkzBRcOof8IAHDLonwUlJXqYVmB7sSZC66KVqfVYAnGjz6Ec/OvYkTBif/exnB9uTcMwxx8SehIki9iRsLwRJWDNYhnv4wx8+O+OMMzY+CUwJ8jRvdKMbzR73uMdtfNIPon5Sjfq+ACmwPeGoyStf+cpVekefd2VYhSBHiEbI0jRhRdIKZ98XM5Ilsth3RSKwPYEk2t9y+OGHb3wSWGcESVgziLDc4Q53mJ166qkbnwSmBG9I9jbSZz/72Ruf9APn8I1vfGO8JXeikD/+nOc8p9qb0scpkxpgvwzSES/mmya8I+GTn/xktSrVB9KW3vrWt1a6KTA9kB/H30qtDaw/giSsGWJPwrQx9J4EaWv3ute94iSRicKeBJFf//ZZAUh7EqSISGEKTA9pT0LfjetpT8Lb3va2jU8CU0LsSdheCJKwZhBBdmRhsOxp4sQTT5zd5S53qVaUhsDXvva1iiiEYzdNOEnEnhREoc9KgujfySefPPvud78bKwkTxfHHHz/76Ec/Wjl4fcA5PO200+JlWhMF+eHfxL7L7YEgCWsGrys/5JBD4m2UE8WrX/3q2X777Tc78sgjNz7pBwrZZsM+x18Gti+8Idcb3L/xjW/0kgHEQAR4iEhyYHvisY997Oykk06qNrH3gb0t3//+9yOSPFE4ac/7oIZKqQ2MiyAJawZnUd/udrebvfvd7974JDAlSDM7+OCDZ8997nM3PukHJ5IgHn3ziAPbExwx55FbUejj3DsdyztcrEzFOzemCTbJO1f67m8ii294wxtmn/70pzc+CUwJ3v5uRSpOt9oeCJKwZnjMYx4zu+ENb1ht7ApMDzasP+IRj5i9/OUv3/ikHzzv0EMPjfckTBRWABw36NjBPnsSnEhiQ/2ZZ54ZqWsThX0pyGLfU4mkrNl39a53vWvjk8CUYEXTalTsk9seCJKwZnjBC14wO+igg2bve9/7Nj4JTAmvf/3rqw2iT3va0zY+6QepRt6VEC/AmiYYYptEpR31ce4QA2+BT5ugA9ODd7eQgb5pQimSjCwEpgdE00lZVpMC648gCWuG4447bvawhz2scuwC04PUkBvf+Mazxz/+8Ruf9AOHDkHo87bdwPaFI0uvdrWrzb70pS/12nBMfhAFRCPekzBN3Pe+961SF3/4wx9ufLIcyJIX8gXZnCYEGqRVP+EJT9j4JLDOCJKwZvBW07333rti2oHpwakfj3zkIwc7AtWS/v3ud7/emw0D2xMcMatJ9hH0IYrSje50pzvFqtSEQYfY29TXubcBXiDM2+UD04NAg9UE73AJrD+CJKwZvGn3pje9aZwhPVFw6h/ykIdUb14eAtLWkI5QyNOEiK0Non1Xk6Qt3f/+95+dddZZQRImim9+85uVHPQ9AtfJRk984hNn733vezc+CUwJ5Mf+lkg32x4IkrBmkG7CGJ9++ukbnwSmBMv5t7zlLQc7AtULkGxcjaX9aYJDdpvb3KZy8PrIgJWIr3zlK9WRunEE6jTBsbfC7XSiPrCJXhpcBC6mCStSjnq3/zKw/giSsGYwcZwiElGWacLG5Tvc4Q5VzuYQEK350Ic+VEWUA9ODyK/UDhuX+5AEx17SSbFxebpwtr3glVSRPrBx+SMf+UiVdhSYHsiP0xtPOOGEjU8C64wgCWsG6UY2rsYRqNOEs8g5dVaUhgDHzpGqfaN/ge0JUVtn2yOJfdKNkAMbVz/2sY9FutFE8e1vf7uKAvdNN0JYbVr11t3A9EB+7HEiB4H1R5CENcNRRx01u9WtbhWbuiYKe1FsNH7hC1+48Uk/cOq82bJv9C+wPSFqS6YcW9mHJCCZRx99dEU4EI/A9ODYUm/u7rsq6XQkx6l6XmB6EGT4/Oc/Hy/T2yYIkrBmeNWrXjV74AMfWKWIBKYHpxrts88+Vf7vEJAmIuWk7wuQAtsT0s1ucIMbVG9K7pMm5LdWE/pugA5sX1iRlCLS98WMZMkz+r65ObA9wR5Jqx4qpTYwLoIkrBme//znz+5+97vHnoSJwgtm/vZv/3YwBSrv1wuQIkVkmuCMce6cJtKHKHLovL1bmkDsSZgmvAX+gx/8YO+XqTlG1VG6Ni8Hpger2m9/+9tnb3rTmzY+CawzgiSsGeSj77777rOTTjpp45PAlPD+97+/2pfymte8ZuOTfnjjG99Ypa854UjqSVzTvJxI1OclaN61cLOb3aw6UndqEWB951QnV6lvp3Jx7vu+bwOctHXwwQdXumlqMAe9lFBflvp4SlekLW4PBElYM8gf99Ki2NQ1TTCcd73rXWfHHHPMxif9IB/9yle+8uxSl7rU7IpXvGJcE7uucIUrzC5zmcv0fuMyp4Zs2rzad+PqdoM8/POc5zzVddnLXrbYz1O4LnrRi86e97zn9X7jskiy98E4UndqsApz29vednbJS16y2MdTuC596UvPrnSlKw12zHdgXARJWDO89rWvnT30oQ+tlmMD04NTjW5yk5vMHv/4x2980g9yiPfaa69qadc+l7imdb3uda+bneMc56hSzkQwl4VoOqKAIPRZkdiOsK/jOte5zuxRj3rU7JRTTin28xQuwQYvevzyl7+80TPLgSxZjbIqMTVI/7v5zW9eZQyU+ngKlxeF2ne3Y8eOjV4JrDOCJKwZnG7kZVpxutE0IfLvZXpDnW6EdO65556zz3zmM9WpJHFN6/riF79YRYA/8YlP9Fred7rRk570pNlnP/vZyaUJeCHdLW5xi9nxxx9fbbos9fMUrv3337/aK9X3/QZWIug370qYGsjPAQccUL1zotTHU7iQTCTpwQ9+8EavBNYZQRLWDI997GPjPQkTxtDvSUgkgbMYmB6kykht+NSnPtUrcsuxk0fOsZvaJnibvu3rOfnkk6vVlKnijne8Y5Vu1Pd8e/tb2Dkb4acGJMHBFEPtOduOMP6HH3747OEPf/jGJ4F1RpCENQMlHKcbTRdDn27kDc42nMZJItOEDesXuMAFqvRFUbxlIT0EgeUwT+10oyAJOyFFRBokmeoDffjhD394kjppWZJgs7gVPLJoX5AUOPsbtuPR1vaiHHroodWKeWD9ESRhzSBfz5tNvf4+MD0wHre+9a2rtLMhgHTsu+++lVEJTA/ej3De85630id9VgCsQliN4pjIKZ8SgiTsxI1udKPZIx/5yN4bjpFVRGOKb4FfhCTY+2OT99lnn12ddihF6TnPec7sWc96VnV514CVYifiSQHbLuSdHrnPfe4zu/e9773xSWCdESRhzSDvV/7rO97xjo1PAlOCcRdl8UbSIXDcccfNrn/96/febBjYnpBudPGLX3z2yU9+stdeAhsupYh4S2qfFYntiCAJO3H7299+9sxnPrN3wMG7NpziZzVhauhKEhy36+3mVoJtmD/wwAOr4JHou/ee2EDuFMTb3OY2lbONPDicQCrPusNKyKMf/eiqDYH1R5CENYPJ4w2pb3nLWzY+CUwJp5122uywww6bveIVr9j4pB9EmvbYY4/ZF77whY1PAlMCkrDLLrtUG9f77Eng2Dma94wzzuh1StJ2RJCEneCUil7byN0HSAZHd4qHc3QhCeaXI2LtAbIK7O379hTVjx620uAt6I4mlqJsL+OTn/zkqox1fis6IiNtLfYkbA8ESVgzvPrVr652/U8xyhKYVeTAHoIjjjhi45N+cASq07L6GvbA9oR0o3Od61zVS9D6pBvJff7pT386yMu0thuCJOyEo5RFf71zow/IkrS1qa1IQRtJ4PTrG4Ei+z+e8IQnVFH3LkAsvFvJ8dnG6Cc/+cnazlMrJPe85z0rEhRYfwRJWDPYkyBfL/YkTBMi/44aPProozc+6Qd7EqSvxZ6EaSLtSfjgBz/YiyRIVWLc5UjHnoRpYsg9CV/96lerFLapoY0kmFfI/PWud73Zc5/73OoUqa5zDcHQr9IKd9999ypKT27XEVa1Y0/C9kGQhDWD/MO999470o0mCtEghnjodKPPf/7zG58EpoSh0o04HNJNnJIU6UbTxJ3vfOdB0o1ssnXM8xT33TWRBKlEVmis1niHhD5a9OQiREEgwDtRBIaclLiOK8jIj1USKWeB9UeQhDXDU5/61Oq17XISA9MDcuhNlBT8EPDG3Rve8IZVRDkwPThF5iIXucjsrLPO6pXeIdVIdJMj04dsbEcESdgJK5zsU9cUmCb86Ec/qpxkUe+poYkkSA/iODvZ0Bxb9qQiRMGq34knnlhtakbq123lT+DCSscDH/jAjU8C64wgCWsGEeQHPOAB1evLA9PDq171qmqzmlOuhoA9Cfvtt1/vFyAFtieQw3Of+9zVySd9VgBEOkU3vS8h9iRME1a4OXd9T0ojS/rUCT5TQ4kkIARWeq91rWtV+xHMsT5AFJCOO9zhDtWxqTY3rxO0VSDsXve618YngXVGkIQ1g/OPLetTFoHpQQTIKTLHHHPMxif9cPzxx1eb2b75zW9ufBKYEqwkXPCCF5ydeeaZvVYSOMdOUdlO57EPhSAJO5FO2hEJ7gP7WryYr+/ehu2IEkng0NP7TjX0ZvOhIv9W/pyU5y3p6wT7UR70oAfNDjnkkI1PAuuMIAlrhsc85jFxBOqEMfQRqIxRHIE6XXDoLnWpSw1yBOpd7nKX6gjUPhugtyOCJOxEOgK176pkOgL1lFNO2fhkOiiRBG+ePvzww6t0o76rCDkcm+po1De96U0bn6wH4gjU7YUgCWuGpz3tabPb3e52VaQlMD28+c1vro6GEwUaAvYkOJVERDkwPRj3C1/4wrOPfvSjvVYSRH9f9KIXVVHA2JMwTXiZl3P4ObV94E3LXhLmxXxTQ4kkSL+5293uVjnzfV54WIdjZvkSxx577FqlCApc2LgeexK2B4IkrBkoD+ccx3sSpomXv/zls5ve9KZVVGkIWMbm4MR7EqaJ/D0JffYkSIGI9yRMmySk9yR88Ytf3PhkOTi1x36EIR3i7YISSTj77LOrfWOI/NCpfPYlPP/5z1+rvo73JGwvBElYMzzlKU+pTpGY4lJsYOfpRs6QptiHwHHHHVelr4kAB6YHUbt0ulEfR0HetH0yTl6ZmnMXJGEnnJbDPvU93cj7EV75yldWR3VODU0kwX4Pc7T+VuU+sIFZWWxJn1XEoWF/nHQz+xIC648gCWsGy3DXve51ZyeddNLGJ4Ep4f3vf3+Vr5kbkT7wnN1222322c9+duOTwJSAJFzmMpepUhr6pAnJI7bCZUViyLzp7YAgCTshJcZpOfan9AEnUSTZRvipoUQS6GafvfOd7xw0lQ8xcJz6i1/84oXfuTAmzCen93kfUGD9ESRhzfCSl7ykehOhIwsD04PIv4id3N8hEG9cnjakG53vfOcb5I3LNj9LOVq3c9fHRpCEnbjxjW9cveyz76ok59UxqhzmqaFEEhB5h1XYjzjkiwqt+iF2jsG2qrAukK7mfRDxxuXtgSAJawY56fe73/0qox6YHhgPDslRRx218Uk/IAmWskWCA9MDknCe85xndvrpp/ciCSKcnsVJDpIwTXgpozSRvkeXIpxSlhDOqaFEErxczvtxHFWtT4Zy6PkSD37wg9fOl3DSHoLgXQmB9UeQhDWDZTiR3ym+sj4wq8b90EMPrZaIh4CVietf//q9X4AU2J4Qpbz4xS9evd22z14CeeSOZ3YizTrlN68CQRJ2wkk5z3zmM3uvSkpXevaznz3JwzlKJAEBty/By9S8RLXvEcNIhpTAoY6sHRoIohUpm+AD648gCWsGL6vZZ599giRMFPJSHQ03JElwKkmQhGliSJIgh5gzEyRhmrj97W9fvexzCJLwjGc8Y5Kr5SWSAFYTRP1dXljY5wQxK33siANQ3vve9w66GXoIIAmPfvSjgyRsEwRJWDPEnoRpI/YkBIbEUHsSEAMvZ3LK0TptglwFgiTshD0JnLu+exLIobx0bxeeGppIAgLvCNRb3vKWVZoQmVuGKHiOU6PsRXj605/e+ySqMWDspVQ7xS+w/giSsGZweoRNPUESpgnGw0uLjj766I1P+iFIwrSBJJz3vOcdZOOy8829VC32JEwTXsooTaTvngSEE9GwOjU1NJEEKULekSA9yIrNq1/96oWJgn61Ysh/uMc97lHl/q/bKgIgCQhCbFzeHgiSsGaghOWQe/NuYHp4z3veU8mAc8SHAGO0++67V0dgBqYH6Ua77LJLdcxin+MVOSyclyFyprcbgiTsxF3ucpfZC1/4wt4vZhTddkb+29/+9o1PpoMmkgCIAlLwvOc9r5prL3vZy6rgjhOP2sgCImDD80c+8pHZIYccUsmq363rip89El4WahN8YP0RJGHNcMQRR1R7EqaoQAOxJyEwLL7+9a8PtieBUY89CbEnYYg9CVJhYk9CGQgB/W/lxuZj+xN/9rOfVSTfakO6kANzWmT+qU996mzvvfeuUlV//OMfL5WqtCrYcyFt7aEPfejGJ4F1RpCENQOnzgvV/u7v/m7jk8CUcOyxx1a5v16oNgROPPHEKn2JoxOYHqQbnfOc56w2MPY5g53T4feik+t05voqECRhJ653vetVKwCc0j4gS4gmR3dq6EISzK+U3odMsQdOPpJG9NznPrc6LtUqw+GHH17tYbjOda5T7UEQWEQm9O86z1GrmgcddFD1Qr3A+iNIwppBpIYSOfXUUzc+CUwJ3kJ697vfvZKDIXD88cdXRkbaSWB6sJJwoQtdqEpF6LMC8POf/7ySJaki65jnPCaCJOzEfvvtVx3R3VeXSI0RHfeyr6mhC0lIsHLg1CNO9dve9rYqDckJY05AEoW3b83eBUfJWt35xS9+sS0IvMCFNjzgAQ/Y+CSwzgiSsGaIPQnTRuxJCAyJtCfB25L77kng3HBIhnwr7HZAkISduPOd7zzIngTpJpzc2JPQDVbvyJ1cfsSKLnd985vfrNIA+6QRbgViT8L2QpCENcMxxxwzu+Md7zg77bTTNj4JTAlWEiwdD7mS4E2esZIwTaSVhDPPPLP3SsIJJ5wQKwkTJgne3D7ESoITsk455ZRJ7pNahiT8rsFKgrQ1m6wD648gCWuGF73oRdWy7vOf//wq+hfXtC6rCNe+9rVnj3vc4zYkoh9e97rXzXbbbbdqQ3SpvLh+ty9pCuc4xzmqI5X7nEqEGEhp8CbXdd4UOQaCJOyEjbEPf/jDezv3ZEmfIp5TQ5CEWbUKcq973au6AuuPIAlrhsc+9rGzS17ykrMDDjhg9pSnPCWuiV03vOENq/EnB0PAJreLXexis/vf//7F8uL63b6kdfzZn/1ZtSehT1qC6K9N9VYm+qQtbUcESdgJfXDUUUfNvvWtb218shy8kM+KqVz7qSFIws7VTXrp0EMP3fgksM4IkrBmsAR3uctdrjqT2qvr45rW5fjbK1zhCtVRuEPAxjakA0kolRfX7/Z12GGHVacbOQK1j3Pv2Mq73vWuszPOOCP2JEwUjuP0sq++exKsSJFLKUdTQ5CE2ex73/tedXqfVanA+iNIwpqBEva2xPe9730bnwSmhNe//vWzO9zhDrOnPe1pG5/0g+fd7GY3W8vX8wfGh/zf85///NWRyn3SjaQZ0UnIwtSOrgySsBP0COeOTPWBU3jskbGBeWoIkjCr0tWcbHS/+91v45PAOiNIwppBDrld/yJ2genB+ddSjobak+A9Cfvvv3/l3AWmBw6dPQlOzeqzAuBoRbnk//d//xfvSZgo9txzz+pFj1/4whc2PlkO9rQkWZoagiTMqr1SAqHelRBYfwRJWDM85jGPqZzEt7zlLRufBKYE78dAEl/xildsfNIPjNEee+zR27AHtiecRHOpS12qMsx90o1+8IMfVKduCV70WZHYjgiSsBPSjRyo4QjLPpBu5Lz/d73rXRufTAdBEnamGwmCRbrR9kCQhDWDyXPTm960OpUkMD0wnA95yEOqFYUh8NrXvrZ6U+oUX1wU2EkSLnGJS8zOPvvsXiSBc2Nfy8c+9rEgCRMF59Ybfzl5fYBkPPGJT6zeAj41BEnYSRIdzPGwhz1s45PAOiNIwpqBc+j166effvrGJ4EpgfG49a1vXZ0iMgTe8IY3VOeb9zXsge0J6UbnPe95K33Sx7lHMKxG/exnP5tcmkiQhJ240Y1uVK0AfOUrX9n4ZDl4X4cTbn784x9vfDIdBEmYzb74xS/O7nOf+8zufe97b3wSWGcESVgz2LgsVy82Lk8TXn524IEHDrpx+eY3v3lsXJ4oOGM2LntTch+SYD+Ddy388Ic/jI3LE4WNy4cffvggG5etSE0xcBEkYefGZac4xsbl7YEgCWsGp0d4Q26kG00T0o2cIT10upHoTWB6kG7kCNxPfepTvd6TgBxINzrrrLMi3Wii4Nw+5znPiXSjHgiSsDPdCNmMdKPtgSAJa4YjjzyyeuOyN+QGpoe3v/3tVZTFm7eHwHHHHVe9KbVvikBge8JKgpfpfeITn+hFEn70ox9V7+7wAqw+z9mOCJKwE17w6d0bfY8uRThtgHYM6tQQJGFWvYxP2tqDH/zgjU8C64wgCWsGb8h1zNyHPvShjU8CU8IrX/nK6oVqIm1D4IQTTqhIZ98TSQLbE1JDzn3uc8/e//7391oBkGLEuZNP7gjLKSFIwk5c//rXr1Y5+x6CQJaQTu/emBqCJMxmn/vc52YHH3zw7F73utfGJ4F1RpCENUO8TG3aSC9Te/rTn77xST+kl6mJ3gSmh7QnwcvUOPjLIr1MzVGosSdhmhhyT8JHPvKReJnaRBF7ErYXgiSsGURqrnvd685OOumkjU8CU4LNofal2EswBBij3XbbrUoTCUwP9iRc5jKXmX3+85/vdQSqPPQb3/jGVR751CLAQRJ24u53v3u1V6rvixnJpECYFz1ODUESds4nadVSjgLrjyAJa4ZnPetZszve8Y6z0047beOTwJTwxje+sXpp1THHHLPxST84LYlzxzAHpgcrCRe60IWqyG2flYSf//zn1XG6VqS8LXdKCJKwE45S5tz11SX/8i//Uu25m+K7W4Ik7EyBtB/hAQ94wMYngXVGkIQ1A+XhZVrSAwLTw8tf/vLqZXpPeMITNj7pB9E6Dg5HJzA9MMjnPOc5q1Qhx5guC+9G8I4EBOHXv/71xqfTQJCEnXBKGueu70lpZEk/Tm0DPARJmFWr2ve85z2rK7D+CJKwZjj66KOrl2mdcsopG58EpoS3vvWt1cv07E0ZAk43usENbjD76le/uvFJYEoQ9b3oRS86+/jHP97LKfvJT34ye/KTn9w7bWk7IkjCTtz2tret9kr1fecKR/mlL31p9a6EqSFIwmz2zW9+c/aIRzxi9qAHPWjjk8A6I0jCmsHryr3ZkrMYmB5OPfXU2cMf/vDZscceu/FJP9jbsOeee8Z7EiYKJMF7Ej796U/3cu5tWHYiibSleE/CNCEN9nnPe17vk9Lsb2Hn6LqpIUjCzvF/3OMeV9m5wPojSMKa4bnPfW6Vk/6e97xn45PAlODIUsbYeeRDwOlG0pfidKNpwp6EC1zgArMzzjij9+lG73jHOyoHMU43miYczSwNkkz1gf0tp59+ehVRnhqCJMyqVe1DDz20ejljYP0RJGHNIILsaDBKNDA9vPrVr64ckqOOOmrjk36w2dSGw75vSQ1sT9iTcN7znrfSJ31WAKxCeCEfB09O+ZQQJGEnbnjDG84OO+yw6gjLPpD2JmghhW1qCJIwm33hC1+Y3fve966uwPojSMKawekRnDpRu8D04I3LTn0Y8o3LXoLU17AHtiekGw31xmUpAp/5zGd6rUhsRwRJ2Inb3e52g7xxWeqaFfMpHs4RJGFW7Wl51KMeVR3QElh/BElYM5g8nLq3vOUtG58EpgRpZmTAm5eHgD0Ju+++e7XhNDA9IAm77LJL5dz32ZPAUebcfPjDH+51StJ2RJCEnbjzne88e+ELXzj7/ve/v/HJckAyvA9IQGRqCJIwq1IWpa3ZvBxYfwRJWDNIN3HMHGMcmB5e8YpXVG82PeKIIzY+6Qd7HG55y1v2NuyB7QnpRuc617mqI1D7pBv98pe/rM63RzR+9atfbXw6DQRJ2Im99tqriv72fb8BWZK2NrUVKQiSMJt97nOfq44/dRBCYP0RJGHN4I2W97nPfWJPwkQh8r///vtXR+EOAXsSbnGLW8y++93vbnwSmBLSnoQPfvCDvUiCVCWrUYhC7EmYJpy65y259qb0AXJALqWwTQ1BEnbuSeDjxJ6E7YEgCWuGRz/60dW59pFuNE1407bNgVYUhgDSsccee1SKOTA9DJVu9I//+I+zu971rtUpSZFuNE3c6U53qt7f0ndVUsCCjpviu4CCJOw8AvXxj398HIG6TRAkYc3wlKc8ZXab29xm9q53vWvjk8CUgByKsDz/+c/f+KQfXve618XL1CYMx1Ve5CIXmZ111lm90jucRPOsZz2ret/G1N6UGyRhJ6xwPu1pT+v9MrV//ud/rvZc2Uw/NQRJiJepbTcESVgziCAfcsghVXpAYHp41ateNdtvv/1mT3rSkzY+6Qd7Ejyv7wuQAtsT0jrOc57zzD7wgQ/0WgH4n//5n+rYyl/84heRbjRRCDZw7vqelGZFiz762c9+tvHJdBAkYValLe7YsaO6AuuPIAlrhuc85zmzu9zlLvEytYmCU+8UkWc+85kbn/TD8ccfX71MbYovLgrsXEm44AUvODvzzDN7rSQgB29+85urVIF4mdo0YW+TAxX6vkwNOXjve99bEdipIUjCzpepPfCBD4yXqW0TBElYM8SehGlj6D0JjFHsSZgu7Em41KUuNcieBOTV2fZ9NkBvRwRJ2Im0J6HvqqQ9CVYk3vnOd258Mh0ESYg9CdsNQRLWDE996lNnBxxwQOxJmChEa+91r3tVLxsaAvYkeFPqFKN2gZ0rCRe+8IVnH/vYx3rtJXCq0fOe97wq1aQP2diOCJKwE/Yk2DMn7awPnGrkJY9nn332xifTQZCEnYELBMFqQmD9ESRhzeA0Gi+ameLbKAOz2bHHHju7yU1uUkVahsCJJ544u/Wtb105OoHpATk85znPWaV39NmTYB+Cs+3tTfj1r3+98ek0ECRhJ653vetV7/Cxeb0PyJL0tamRTQiSMJt99rOfnR100EHVuxIC648gCWsGKwlON5ri8XCB4U83ErGL042mC1G7dLpRn5UEpxs9+9nPrlYS4nSjaYJdspIwxOlGXhr6yU9+cuOT6SBIQpxutN0QJGHNYBlu9913n5100kkbnwSmhPe///2zxz3ucYMZEc/ZbbfdquhNYHpAEv7yL/+yestpn8itPPSb3/zm1Zub/+3f/m3j02kgSMJO3O1ud5u99KUvrfan9AEnUUrlm970po1PpoMgCTvnk9P7vJgvsP4IkrBm4CAy6le72tVm++67b1wTu4z71a9+9dkznvGMDYnoB0eqnutc55r9zd/8TbG8uH63r7333nt27nOfe/bRj3601+lGfivy++Mf/3j2y1/+cuPTaYBTbJ/YFa94xeqtw6V+nsJlbwv71PekNBvfHYP5gx/8YOOT6cDeHn3513/917/Vv1O5BEEvfelLz+573/tu9EpgnREkYc3gqEKpJi960YuqTadxTetyxKANXY5CHQKf+tSnZkcffXQVASyVF9fv9mWz8Z577jn70pe+VO0nWBZWIexvEEmf2nsSOLXeNO3EMXvGSv08hev2t7999RK0vs69dLXvfOc7s5/+9Kcbn0wHjg+2GicNtNTHU7j4N1Jqn/zkJ2/0SmCdESRhzfChD31o9rKXvax6G6XNXXFN62I8pYY4JnAI2AD/xCc+sTp2rlReXL/bl/QGJ6XZdPyrX/1qQyoWhxNpbKZ3lGqfFYntCBu1rZ5Isyr18VQuq1FONuo7/kgG8op4TRHIukMESn08hYsukf5qNSmw/giSsGaQk+6EmzjXfpoQXbOcP9RSvDd3P+EJT6g2ngamB1Fwq5Mc3D4kAdmwX0rK0dRIQmAnnGokn7zvqUSe8bSnPW12+umnb3wSmBLID7LZ96V8gdUgSMKagXNoWV/uYmB6EKm1FG1Jegj88Ic/rJ45tRNpAjshn/7ud797tULV503JU96TENgJ+6Te/e53904TmvKehMDOk9KOP/74wV4YGhgXQRLWDIxwSg0JTA8cMStJjPEQoJCRzj756IHti+9///vVplurU31IguiffQ0/+9nPJrcnIbATTqR561vfWtmoPhCwII+xujlNSDeyt+WFL3zhxieBdUaQhDUDJWyjqT0JgemBAbU5VLRtCLzjHe+ojht0NnlgehD1t5qEIPRJN5Iicrvb3a7aMzWUbAa2F6xuy6Xvu5LkPQvOyH/b29628UlgShBkYOPskwqsP4IkrBnsSbBxOfYkTBMMMSPKsRsC8n4dWzjFk0QCO1M7bDi1J6HPCgCS+ZCHPKQKXsSehGnCi/Skrw2xJ8FL2T7wgQ9sfBKYEsiP9EfvcAmsP4IkrBlMINGaPqkBge0LpxHZ1HfiiSdufNIP5EnUpk8UObB9gXBe85rXrBy8PilnCIbIn2c47ScwPRxyyCHVEbB9AxhkSTptX7IR2J6wF+WYY46p0tcC648gCWsGeb9OpJFLHJge5Oq+973vrd5vMAS+8pWvzN7ylrdM7i25gZ2QP450cuz6pIkgCN7dIQIY+1umiTe+8Y2zs846q/dbp62WnnLKKRVxDUwPdImDORzNHFh/BElYM7z97W+vjLoNrIHpQSqH1KChNq4zxt5sGXsSpgkrkg5C6LsCIEXkTne6U7XSZaUzMD3QIQhC3z0JiObDHvawar9UYHogP4hibFzfHgiSsGawF8G+hL//+7/f+CQwJTg/2vh/+tOf3vikH6xMvelNb4qVhImCIX7Ws55Vveegz54E0T9vSyWfsZIwTZx88snVnpS+KwmCIDYte+9CYHogP7IlTjvttI1PAuuMIAlrBsZYxCZOEJkmLOe/4AUvGOzkDwpZ6lrf6F9ge8Iqws1udrPqxUV99jkhBt4CbhUh9rdME49+9KOrgEPfVUmyZAM0WxeYHgQsXvKSl1T7EgLrjyAJa4bPfe5zs/e85z2VQQ5MDzaairJ4bf0QsDL1hje8Id67MVGI2j7vec+rHLs+Kwnej/CqV72qOpEkNpxOEwIX9kr11SVWt9785jdXL1QLTA8CVx/+8IcHe2FoYFwESVgzxJ6EaSP2JASGROxJCAyF2JMQGAKxJ2F7IUjCmkHO79lnn10tyQWmB3sInEZ05plnbnzSDwyydyVE+to0wbF7xCMe0TvlzJ4WK5zIQhzPPE14f49VTqtKfYBonHHGGdWqaWB6QBCsSjktK7D+CJKwZhDtS1dgeuDQH3HEEbPjjjtu45N+IEdyyEOepglH6l7ucper0s76bDjO5ShkaZo46KCDZscee2x1zn0fhE6aNuxHOeqoo2aPetSjNj4JrDOCJKwZ3v3ud8+e/exnD3a6TWB7QZqRM+1FW4aA6K835TovPzA92D/gXRnS2PpsOOYYHnzwwbOPfOQj8cblicKJe1JE+p5uJf3tsY997OzUU0/d+CQwJViJlCnRl2wGVoMgCWsGx4I53WaojauB7QVL8VI6hnLqbQ477LDDIv9zoviv//qvSpdIN+tDEhDX+93vfrOPfexjkbo2UUiFlb7WlyQgG1ZLBTAC00M63QpZDKw/giSsGShhyjiOh5smrCA5RWaoM6TJU99Uk8D2RdpwTKf02UuAbHzmM5+pNtX3OSUpsH3xlKc8pdps3DfgYCXK6hbdFJgeBMBe+9rXzl760pdufBJYZwRJWDNg146Gi/SQaYJDb0PXhz70oY1P+kHUTooIJy8wPVgBeMADHlDplT4kwYlGZFKaQLxzY5qwwm1lElHsA5vgvZQtXhg6TZCfk046qXo5Y2D9ESRhzWAJ9kUvelH1voTA9GAFiUP3ox/9aOOTfvD2Zi9BinSjaULU1mlpQ6QbHXroobOPf/zjkW40UXghHzno+54MJ20deeSRcU7+REF+EEQn7wXWH0ES1gyida95zWtmX/7ylzc+CUwJVpAsxQ8VZXPUoDSBvtG/wPaEFQDOmL0ufUgC0nr44YdX6XCxcXma8CI1jl3fVUkbVh3O4Z0bgemB/vjqV79aHfcdWH8ESVgzWIp1sk2kh0wTH/3oRysD6o2kQ4CTKPc38sinCW9uv/71r18Z5T7pRn4riszA9yEbge0LL0Dz9va+7/AhS4IhbF1geqBHnv/858+e+tSnbnwSWGcESVgzSDWRajRUuklge2GMPQlezBbR32ki7UkgB332EiCbXqTleX3IRmD74oUvfGG1KtX3eGbHPEtbi9Ntpgmr2ieffPLs+OOP3/gksM4IkrBmeP3rXz975CMfOdgbdwPbC+llVUO9aAjhuM1tbhNnUk8UuTz1kSkO3Q1ucINqz1REgKeJIeQIvvGNb8zudre7zU444YSNTwJTwlByFFgNgiSsGUSSP/CBD8TJDxOFoyqN/1Av05P3+aY3vamK3gWmB1G7Y445pkoR6ZNyZkO900i8wTmO050mRH8/+clP9tYlZPJtb3vb7Itf/OLGJ4Epwf6o008/fbBjvgPjIkjCmkFaCCUchniasNH4Gc94RuXYDwF7W6QHxJ6EacJG0912263aDN9Hp5Afzp2TSWJPwjTxwAc+sCKKffckSHv72c9+FimQE4WURfvujjrqqI1PAuuMIAlrhrPOOqs6Q9hxc4HpwZsonSIy1Pg7j1wucbycb5oQtZNyxsHvQxQdoYu8iv72PQIzsD3x4Q9/uCKb9qf0AZLxile8otqXEJgeHKFspTzGf3sgSMKa4V3velfFsodKNwlsL8j3ZkT7bg5MsKT74Ac/OF7ON1Fw6J1sZEWpzwqAPS33vOc9qxfzxXsSpgnvN0A2+25ct7/lMY95zOzd7373xieBKYH8OHEv9sltDwRJWDN87WtfqwxxTKBpwvifcsop1YrSELAigXj2jf4FtiecknbEEUdUK1R9TjeSAvmWt7ylcvAiFXKaOO6446oDNfquSko1ckpSrJZPE+Tn1FNPnb31rW/d+CSwzgiSsGYQqWGI08uPGGSXkwD8LTLI2Pvbv77zr+8wdN+ne33nM/+XapD+Tr91r8/Tb33v/y7fpXLTb/Ny02/97bv8t+nvVI9V1Nn3vwt1ZoRf8IIXzN75znduSEQ/kCeniaT6+rde17ydqa7+9p0r1T39nerq3vy36d70W9/7XfptXm7+29QnqZxSH0Wdl6uzjca3uMUtKhnw3bLwWysSaX9Lqf3qoU7+TnX2/1Tn1IZ0r+/Sb1Od02/9ndqbntXUfpff+cz/02/97bfpXp+n36Zyfe+7VK7n+38qJ5Wb7vVd+q0r/e07f7vXb9Kz0t+pXH/7v8vvtlOdvbldKmzf47mVQy6lsKV6eb7/KyvVy9/1/kn1bOof/3f5zmf1NuV/+62//S79NpXrSvWol+u7VK7/+z7d6+96nVM9/JvK9X16lv+78nt/l+ssYPHiF7949pznPGdDIgLrjCAJawZOohxy6UZSRJwm4ZIu4G8n3zD46a2FVh1sTpSm8vnPf372/ve/v0oHEK0RjfYZ5m5lwqZYOcUmtd+mc89FCX0uR5ABEHV2Tr9yPctJS8oR5fa38nz/D//wD9Wz3Kcsv92qOvv9OtZZ+YvU2akfIixOORoC6nLkkUdWxJOidqrEZz/72aouPvPyNm/31m5lapd0J/faG2FPg6VhBl29tZWi105vTPUbdddXZNfLu/TZ2WefXbVbOX6rjfoI+fU89ZDfrI+Ur57GJvXRxz72scohnVfnb3/728U6+zvV2bP61tl4qYdyGb/tUmdkkzHuuyfBsx73uMdV7aIfvMtFHRl8c4C+0h8cB33g/8bXfDFv1Nlc0F59pf3uU0+/damjz+S++5tzod3ar73KFX02F80n7fFcfacO+irNRX2jbiLW+l+9Up2N2Xaps8+71ll5feus3U115ti5Xz37wDOPPvroqm7qbV4oi95VFnk2J9RZipO549Q/bdZG/aM/1Ft99J9nahf5V1dzh57RJm0xd1Ib/Wsemp/0vHL0h7nkM397lu+Uqxx9qr/o6EXrbCyXrTNdkepsTLeqzp/5zGcGq7M6nHjiidXvA+uPIAlrBqkh973vfatcchP84IMPrnKBORAmnpNKRJoZFxsJnYH/yle+spqQhx122Ow617lOpRRMzDvf+c6zRz3qUdXE99x99tlndvjhh1cT95nPfOZszz33rPJCOcEcgLvc5S6V4mAo9t5779lBBx1UKQ9v2dx///2roxQp6Ve/+tXVmeneCuxZ97jHPWZ3vOMdK4dXHe91r3stXGdKqUudr3e96xXrrF6L1Nl9TXVmePM6KzfVmQJU52tf+9q/VWcGXZ1vfvOb/6bOyu9SZ2OW15mhHgLqc9e73rVSyJzIPfbYo9qjwIB4J8dtb3vbikRQ9Mcee+zsmte8ZnUWvnvJofPMKXiKXb3vcIc7VE6ylKib3OQms5e85CVVO/TVfvvtN3vNa15TGZL73Oc+VVnJ2dC33v/BUGn77rvvXjkKHA7/3uxmN6vSWTg8j3/842e3v/3tK0O0bJ05IIyeOh944IHFOiPj6kw2mupsrNWZnKizEzkYwlRn8tRWZ2Ner/PLX/7y2TWucY1qjjPYq6pzH5gH5IijqH2PeMQjZre73e0qQsuB8MK2fffdt3JkOcBWL57ylKdUc5xMqDO51l59pf0cFPPcbw855JDqd5yeG97whtVnHJuXvvSls5ve9Kaz1772tdWznvWsZ81udatbVekKZEeZ+g4B0FfmtParL8KtHGkynJNUZ3JWqrP/P/nJT/6tOmuvOpOzZepsj1mqM+c01ZnumFdnn6c6u7+pziLzyivVWf0QhlKd/Y1gqjN51u55de4LetNcSf2j/uYHHaWsvfbaq5Jrxzc7dvWAAw6YPfaxj62cU3NJ/+gPTqc20Un0nLlH/vUBJxihpYuRZPqVrtBGMoz0PuQhD6n6x1wxrsr0mfFF1NkAet2Y6tMb3ehGlXPbVOd73/veVT+X6vw3f/M3nevM5qU60xXL1tlcqdeZHWPf1Nmb2FOd6bG2Oh966KG/qTPZKdWZzHSpM31HN7KXgfVHkIQ1g+W5uOJyDYHSc+Oa5tUHpefFNc2rL0rPjGuaV2D9ESQhEAgEAoFAIBAIbEKQhEAgEAgEAoFAILAJQRICgUAgEAgEAoHAJgRJCAQCgUAgEAgEApsQJCEQCAQCgUAgEAhsQpCEQCAQCAQCgUAgsAlBEgKBQCAQCAQCgcAmBEkIBAKBQCAQCAQCmxAkIRAIBAKBQCAQCGxCkIRAIBAIBAKBQCCwCUESAoFAIBAIBAKBwCYESQgEAoFAIBAIBAKbECQhEAgEAoFAIBAIbEKQhEAgEAgEAoFAILAJQRICgUAgEAgEAoHAJgRJCAQCgUAgEAgEApsQJCEQCAQCgUAgEAhsQpCEQCAQCAQCgUAgsAlBEgKBQCAQCAQCgcAmBEkIBAKBQCAQCAQCmxAkIRAIBAKBQCAQCGxCkIRAIBAIBAKBQCCwCUESAoFAIBAIBAKBwCYESQgEAoFAIBAIBAKbECQhEAgEAoFAIBAIbEKQhEAgEAgEAoFAILAJQRICgUAgEAgEAoHAJgRJCAQCgUAgEAgEApsQJCEQCAQCgUAgEAhsQpCEQCAQCAQCgUAgsAlBEgKBQCAQCAQCgcAmBEkIBAKBQCAQCAQCmxAkIRAIBAKBQCAQCGxCkIRAIBAIBAKBQCCwCUESAoFAIBAIBAKBwCYESQgEAoFAIBAIBAKbECQhEAgEAoFAIBAIbEKQhEAgEAgEAoFAILAJQRICgUAgEAgEAoHAJgRJCAQCgUAgEAgEApsQJCEQCAQCgUAgEAhsQpCEQCAQCAQCgUAgsAlBEgKBQCAQCAQCgcAmBEkIBAKBQCAQCAQCmxAkIRAIBAKBQCAQCGxCkIRAIBAIBAKBQCCwCUESAoFAIBAIBAKBwCYESQgEAoFAIBAIBAKbECQhEAgEAoFAIBAIbEKQhEAgEAgEAoFAILAJQRICgUAgEAgEAoHAJgRJCAQCgUAgEAgEApsQJCEQCAQCgUAgEAhsQpCEQCAQCAQCgUAgsAlBEgKBQCAQCAQCgcAmBEkIBAKBQCAQCAQCmxAkIRAIBAKBQCAQCGxCkIRAIBAIBAKBQCCwCUESAoFAIBAIBAKBwCYESQgEAoFAIBAIBAKbECQhEAgEAoFAIBAIbEKQhEAgEAgEAoFAILAJQRICgUAgEAgEAoHAJgRJCAQCgUAgEAgEApsQJCEQCAQCgUAgEAhsQpCEQCAQCAQCgUAgsAlBEgKBQCAQCAQCgcAmBEkIBAKBQCAQCAQCmxAkIRAIBAKBQCAQCGxCkIRAIBAIBAKBQCCwCUESAoFAIBAIBAKBwCYESQgEAoFAIBAIBAKbECQhEAgEAoFAIBAIbEKQhEAgEAgEAoFAILAJQRICgUAgEAgEAoHAJgRJCAQCgUAgEAgEApsQJCEQCAQCgUAgEAhsQpCEQCAQCAQCgUAgsAlBEgKBQCAQCAQCgcAmBEkIBAKBQCAQCAQCmxAkIRAIBAKBQCAQCGxCkIRAIBAIBAKBQCCwCUESAoFAIBAIBAKBwCYESQgEAoFAIBAIBAKbECQhEAgEAoFAIBAIbEKQhEAgEAgEAoFAILAJQRICgUAgEAgEAoHAJgRJCAQCgUAgEAgEApsQJCEQCAQCgUAgEAhsQpCEQCAQCAQCgUAgsAlBEgKBQCAQCAQCgcAmBEkIBAKBQCAQCAQCmxAkIRAIBAKBQCAQCGxCkIRAIBAIBAKBQCCwCUESAoFAIBAIBAKBwCYESQgEAoFAIBAIBAKbECQhEAgEAoFAIBAIbEKQhEAgEAgEAoFAILAJQRICgUAgEAgEAoHAJqycJPziF7+Y/fSnP5395Cc/Wfn14x//uLpK363q2so6rEP7//3f/332y1/+ckMalsf//d//Vc8qlbGKK/XllMdyK+tAh/zbv/3bhjQsj1//+tez//mf/ymWsaprq8cylb9Vddjq9pOlX/3qVxsSsTzI0n/+53/O/uVf/qVYziqure7LqZf/r//6r7P//d//3ZCIfviP//iPLfeVpjqW69B+sjSEr9QXKyMJnLrvfve7s7vd7W6zW93qVrPb3va2K79uectbzm5+85vPbn3rWxe/H/vSbuWrR+n7sS/l3+xmN6vaf5vb3KZ4z5iXsu9973vP3v/+929IxfL4wAc+MHvAAx5Q9WeprDEvfacPb3KTm2yZLO23336zW9ziFlsyl7R///33r8Zzq+ay9t/3vvedffnLX96QiOXwne98Z/bc5z63GstSOWNf+lI/ak/p+7Ev40iO9t133y3RCcrcZ599qjqUvh/7Mn/1/9ve9rbKKPfBf//3f8/ucpe7VPpdv5bKG/MyF9NYlr5fxZVkeStkyVhq/1bJkossv/nNb+7t3H3rW9+aPe5xj6ueVypn7CvZNzK1FWO51bKszTe96U2rubwV7dfuu9/97rOTTz55QyK2DisjCSbNxz/+8dkNbnCD2ROe8ITZcccdt/Lr4Q9/+GyvvfaaPfGJTyx+P/Z1xBFHzPbee+/Zwx72sOL3Y19PetKTZte61rVmhx9++OzVr3518Z4xL/1+hzvcoSq7L175ylfO7nnPe1ZtKZU15qXso48+erbLLrvMnv70pxfvGft60IMeVCmSRz/60cXvx7xe85rXzJ7xjGfMrnKVq8we+9jHFu8Z+3rMYx4zu/3tbz9773vfuyERy+HTn/50NR8p5FI5Y19k6W/+5m9mBx98cPH7sa9nPvOZlSG8053uNHvFK15RvGfMS/tvdKMbVYax9P3Y1wtf+MLKGSHP//zP/7whFcvBKsKlL33pyrl71ateVSxvzIt9ud3tbrdlsuy6whWuMDv00EOrcS19P+b11Kc+dXbggQdWfVD6fhXXda5zndnznve82X/9139tSMVy+OhHP1oFQVylcsa+nv3sZ88ucYlLVL7aVowlX+WAAw6ogsql78e+zN/LXe5ylW049thji/eMeT35yU+ubIJ/txorJQl/93d/Vxn2s846a+PT1eJd73pX5VgiK1sB5d7rXveavfOd79z4ZLX45Cc/WSlQ4zDUkugi+NznPjd76EMfWimdvnjZy15WKbCtkCURw89+9rOVc/fVr35149PVQrTqsMMOq1ZUVg2pGV/72teqqOGHPvShjU9XC+VyRvrOJXMC0WEItgKcCVGzl7/85RufrBbf+MY3KqJ5zDHHVE7uqmEu3e9+96sc3K3Aj370o9kjH/nI2VOe8pTZP/3TP218uhz031/+5V/OPvKRj2yJfmVfjjrqqIr4bBWud73rzU466aRqXFeNL33pS9U46oOtwt/+7d/Onv/85/eeSx/+8IerefmGN7xh45PVQtbHX//1X88+9rGP9SY8y+Dss8+uiMILXvCCjU9WCymou+++++yUU06pUuRXDSvkAhcCq1uNIAkrRJCEIAlDIUhCkIQhECQhSMKQCJIQJGEIBEkIkrDxaTs4Iwbo7//+7ysFQHA+8YlPVP/qxH/4h3+oNvfYMNYFi5IEz/X873//+1X5n/rUp6ry/etvny9S/qIkIS//i1/8YtVvDJB/v/CFL8y+973vVf3TddPdMiSBsvvHf/zHqnxttwyqfE4yRWLzaNfyt5Ik2BOjruqsLUmWpJt85Stfqdqor7tgGZJgLOfJsr7u2peLkgTP1b5Ufi7LyidjNoJ3gWctShK03/O1U3mpfO1XH/VaRJa2iiRoBwPywx/+sOqDz3zmM79phzlpj8PPfvazzu1YhiSQPw4t2VO2OelSF7nMyifvXbAMSaA7pOZ8/etfr+aBOuhH81v5Nu52LX8ZkqB8zr26a7Oy8/Jt+uuaE77VJMGc/MEPflCNJV2U+pIs0VV0Rte+XJQkkGX1VL45qdxcvydZXgSLkgTyP0+Wu44lPbIISdB+z1Z+kuVclr797W8vvKl9q0iCOiqTfmXPcv3K3vEV7LnR5i5YhiQonywpP8ly0ouLyrLfLUISkl6uz6W8fLLUtf3LkIQky7ldIEuf//znK1n6+c9/3lmWzccgCS0g8ARax5522mmVAeMQyDe0iURe+4Mf/ODZc57znNkHP/jBzs5yV5KQHErPfd/73leVo/w73vGOVe6sf/0tb8/3XSdAV5KgHZ7nuXKuKT35eX/1V39V5cn5l2Mh99WzKFMCOK/9BLYLSfCc5FCefvrpVa6n33GKL3/5y1flcxAf9ahHzd7xjndUk6LLBNgKkqBO6sYInHrqqVVbOCVkyVje+c53rur0ohe9qJIlSpYz26ZMupIEz0iyzOAqP8kyGVZ+kmWbZzm+xryLs9yVJJBJsqR89z7rWc+qymfMlC8X/YEPfGAl42QtOettsqxuXUmCe5VvLilfvq72Kt9cpg/UR2688s15/TVvLq2aJGgHI4hMmscvfelLZ494xCNmd73rXat+JE/3uc99qhxSY8OB5SyTvzZZ6koSPCMZYU6ofpSvm+bkrrvuWuX261uOBcegi7PclSQoP5EThte+Ir+T/6799IMcWkbtxBNPrBw25TO28+ZSF5LgGfoKOWGA7YuxH0kf0I2pfM/Rfo6Bk0noubbyV00S1MVFx5AlzuCLX/ziar8cXZT6Up/QVWwWHdPFWe5KEpIsCwz4jblHD9ivRpaufOUrV5s2ybex/OY3v9lJlqELSfCMJMtnnnlm5VQbx2te85pV+a4ky8pPsjyPeHUlCdqvfog+WbIXhyzf4x732CRLnNQTTjih6v8usgyrJgnaknyVM844o9ILD3nIQ36j39kXB3xwODm87EDyFdrawg51IQmewVdIsvySl7ykyuNPskwv2ldhXMgyu9FFlruSBO1QPrtNltlxcusAAeWzL6l8ejkPYrS1fxGSYKzJEnJLluiTZBfIk8NajjzyyNlb3/rWSkYRz3myHCShwbEzaAbdhHzd615XnZJgI9COHTsqo8whp1Q4ExShgbjGNa5RPdMucIPfNvBdSILyGSLPc0LFZS972ap8ws/JMxH962+fMwruoxj9zu+boNx5JEH9CdEb3/jG6mSD85znPLM/+7M/m/3e7/3eb11/8id/Mjv3uc8923PPPSvHm1H0+6Y+6EIS1J8S0Ubln//855/98R//8ez3f//3f6t8n6uDMeK0U1Rtzt2qSYK6qBOHhixd8YpXrBxi5XNYjSUlQLFSqle96lUrY6ntbY56F5JgDJRPJm1E0pfXve51q/EvyTIjSSmrx1ve8pZqDrTJUheS4PeUF9mkrGyq5MiS3fe85z2bZNm8SOST7JOlpvJ9Po8kJDkkS55H7q597WtXylt7lc+ZUn/9YS5xEmyiNffnzaVVkgT1QFz0l/7Tj4wfJe5UHPNJO4wz+b7a1a5WzUkGjlFuc1S7kAS/ZQiRWI7MhS984Uad8Ed/9EfVd8aSs4R0tRnELiQhlc+h0r4rXelKVZ0939hyDowHh05fcjb32GOPysll7Nra34Uk+K37ROYEJsjRDW94w8rwmiupfA4d4uBUFnOTgRUcaHPuVkkS1IEsGXPzDsHSV+YGkk4X0QnaYuOkwwmufvWrVye4kc95+rULSVA+J428cuT+/M//vLpK+v0P//APK/tymctcpqofx7FtLKGNJPidS/vJMp13sYtdbPanf/qnjfbFd/SigyKQlbb2dyEJyqfbzXuyrG3st9/QqWRJ3cgSWdttt90qvUSWRcjnEYVVkgRjyU4I1NGr5jyfSPn0K1liZ8gOvcX+mBtka56j3IUk+K12smHGkqzSi2SFXqYvBRnZX4RP/RwSoD70YttYdiEJymdfyLL2IZfKR3rNpaSXBRTYfTpZH5gfSE2bLHchCX7rPuXc//73r+Yy++UwE4RA+313/PHHV7Y66S39Qy+1EaUgCQ2OHaGntN1j4hImnSnqQlANarr8bbKLMoiOpiMROdhN6EISDI7JyfEloBQzISmV73ORV0JHmfid3zehC0kw6dXx4he/eKMjUL846hwHp920OXddSIL2EMwLXvCClcNRUt71izH5i7/4i6ptbX27apJgyZUDwsgqM6UUMWBpHE1yY8kJJEuMAWX3+Mc/vtFp6EISKECOrmg5xaG+82SZ7JBlhIJS5eA3oQtJSLLMcJPRtErQJMuiLGSeURTZVN8SyFcXkqBPOf/mpnbp37x8OiGVr1+Up5/MfQ6MSGcTVkkSjAMihUSSC1FqjhYDSX5SP5IL7TAHkXztRjrVtWlOavs8kuDZ5iQje85znrPTnDR3z3ve81aGi6w2GaQuJEFbtSed9mHO0VP19vu/9ruf48JhossZzKb267N5JEHdjY955F6OB9kq9b/5bbw4LiJ4CA2Hy+clrJokqCPn0yl3SA7ipS3koNQWcxZppkfMCWkUTehCEugkK+DsxTnOcY6i7NSvP/iDP5hd4AIXqE4m5Hi2OXddSAJZdjKa8rvKMrLCwRKtbUIXksA5fv3rX1/NZbbI/OczNMmS+zmKIvL0Eh+izblbJUkgr2wAPcwxrevXvC3mJZLFDppHfAX6tWksu5AE/WYs2QskTloNp71Jltnf1772tVXZ83yFLiSBDtJuc4kvQM+l9pfK1156jL61UuZ+35fg9/NIAjlg15yYaU5rT5NdUD69JKhClvhhTbYT2O4gCTX43iD63vKYSWKCNg1igsFglE1eJIFhILwlozSPJHBiHa3IsFOGhLCNbfvc98pzPzZvYntOCcptIgnqqzyRwotc5CKV411SmE1XctRNQMSmpMjmkQROmsmGoHRR3vnlfsTioIMOqoxkCaskCdoqumDplaJLkZMmGEuyZCKTPREXRlwktg6Tvo0k6HvOFznSH6n8ebLse7JMMYlMHHLIIY1EYR5J4Mj63rI5ZdRFltXbfSK25iFZpvjrmEcSlOM5ZF37RbW0S/+2QfvNJU6gcZPW12TIVkUSLGNLBeOkUfAMs3a09aP+4fiJPCJ7O/5/oqQPSjqJQWsiCZ6lT8i5FJCuQYN0mZMisYiCeVJyXOaRBE40wy79Q0SM06rOpbaAOrsYVvqE80+nvelNbyr+xlxqIwnaL4VAhNSKH+eFwW2DcjhFZJTDxnF997vfXY1JHasiCfrEHLDSIQigPtJttN93TSD7HA/jR07NiSaiMI8k0CXaealLXWop/Y50CrggYCX7Ak0kQRvNG04P4kYuS+W0XQgyh5A+rfcvzCMJdBLbw9kXTee0qmeTLIN6czzZAem9ZJkeKJUPqyIJxpKO5PNYzSTH8/SrMWOHOOD8IKRTn5XaMo8k0Mv62nh47xFZbtOLkGSZnLJN6uD5JcwjCeaScTYeSJ+5W5e5OpRPB9BLbIf2i/aX2q8tbSRBO6wI0IvkIenFtvaTM+ULDKi71f0mohAkoebYGSTOFoeC0IsWUPKLAINN0SPPIDR156KNJHD6KGHOGSelNDHa4H6/83tEw/PqaCIJ6inCo27LEIR0ifhQ5PqYkNWFv40kcGg4I9KrPKf0/HkXQ6L+xrEU8VkVSbCCgCBQsk1KrgkmOQXPqaPwKcJ6RJ0yaiIJxpJjzcE3nvp8UVkiy/biUGQIM9moy3IbSUgEQbqC7+c5VTmSMWekOLcMI6WWg7JrIgnqSWFa3rUEbU40RWKawCgj3Ywg4s1A1+V1FSQBQRB1Jc/SDxiGRZBkgT4gDxzDOshGiSQYB98xlMsQhPyStnH961+/SqOo69U2kkDuOFMcU7m2TcGXJmg/OXna055WkVVRvDrMpRJJ0H5lydcnR1ZyBD8WKZ/NMYbSD+hEzpS5lWNVJMGcUIaxJgdkaZG2eDZZtZIl+ECX1stoIwna5jspGcvqd78TiPKiLba0VP8mkkB2tF/K5zIEIV1WH6xocO7qeq2NJHAq2QxOpblm3BcBeWQHRMz5GNpY18kwNklQD3VnR+kUTuyieinZL+3wDPayTvraSIIVZw4sX4Is09eLyLLnCUSRZTbS/+toIwlkSQCPnyfF0dguAnXl71gtp3vYyPpcaiMJCJrABftHDpS/SPv1PxtNVvUhWa4TvCAJNccOo9fpOoxzsOwEYwDketowIg+uPnmaSAJlY9mKQ+b3y5bvOcm5Yxjrz2kiCeopL7sPQUgXRW4fg7QZBjJHE0kwaSlQmx+XNSDpQhTkmXLw6g7J2CSBAtUu0VtOssm3zFgmB02+s2iDCCpFmNBGEkRYjCVDjijVlU9XkAlywkHlKNUVdRNJUB4Fqv/J8qJkO0EbyTKiIIKbR2EpxCaSQGGK7Ei1QdqXLd/vyKl+tKRbN+qrIAnGXRkcZFHIZcCRYPA4oi7OYg7jWiIJ5Jb8MtR9CEK6pGyIxktJyNFEEswB+pJOFDFDGJaB9nPeknNVX5kjZyWS4HfIKYLC6ZLDvIghTvAbfY7sSpWqRy5XQRLMHelXxtm8JdvLtMXz2RDt0Geea5wS2kgCsmf/Xl/97vdSj+hY6St1lEgCu8jptYIgNbb03EUuz+BHkIm8/W0kQf+zPVYFRb2XgTFTBln1LP+vY2ySwI+iq5Bu9onDvAzML7bTvhjyghTkaCIJZNeqoJQZ//ouH4Ou0D+eLU1HYNV8yZ/TRhL0Cfm312BZvQRW5JKvVrfjTSRBvdlc9s0K66JkPyERBURJX9aJRpCEzLEjrJwpSy+idblyWQYGjVE3iAY+7/gmkqA+GDWBXNapSfB7hIfg1xlyiSRoP4eLQA6hQF0UuTxB/e35CU0kgcNLWXAkSs9b9EJ07OkQucwxNknQVn0u5/Ltb39777GkEChqEzmPppPREkkgaxQIx5pR7guKgyISOaun3TSRBH3MGdTHuWO/DBgAzqOIC/KeoJ0lkkDJ6yeRX8Sir6FEzOSzy0Wm0HOZHZskCFxoN4fA//uA7tMOqyuIR44mksBh5VSf61znWjg1pOkShBDNzwlvE0lQPodLH9cdiEVBbo0XnYjw5mgiCYy0cUF2rcYsY4hzIEfk0jjnqwmrIAnJGeDca9cyTlUCh1tfSiFjT3IHrokk0CN0grz+klwsetHvCEdJj5dIAmJI71vRKj1vmcuBGhz/3IFrIgkcaWle5Jy89wE5lF5jLOm4OsYkCeYReU177PrKKzhsQUReQCmfY00kwVzkuGp/fSVnUfi9crWH7OZzpkQSzBs2zeqyFV4ksS9yvZy3v4kkIMacdytSy5L9BHNEO21otsE818tBEjLHjtBjhBy7RZezS1COyJEBri8vl0iC8kS5pATUo0zLQvsYOM/N21MiCUgNpTpEtDC/LOkyFnkEtkQS1M9ElNLQN8qUrpR2JArp+ckojk0STDqOs+hEPTKwLBAd7VBnsgVNJEG02SqC1Yf6Ks4yYBQsi9oYRZZzp7+JJDCSPs9lvA88R39aactlpkQS1E9+ps/nncTSBcqhE2584xtXxiyX5bFJgnaIloqWDQEGTdqLNLjc6JRIAgOF7FqRG4oguAQBpKDlEdAmkiDdzlGC5HkIiN5qo2AQnZz0YokkJB3uNBJGnI7sC+Upg7PIMCeMTRK0z1xN+9yGgHQHkWQrhnmdzdUSSRAwQSqG0u8u+wOQ2Hoku04S9IOUQ5veS89Z9hJQIze5/m0iCXR4WhHsq5NAn+tjxCvXSTAmSeCUcloFTdifZI/6wLzkEyE8yGRCiSQozyZ6/Y4oDQGpS+yLYECuF0skwdiRJXtKONU5qVgWViLMf75Evv+vRBK0H6kRbEBQhwCfge+JqLCZCUESMseOMDDS0mOGAqEmeAxCnk9eIgkcG8s9hLFv5DXBc1L6VC74JZLA2aJsh4yyuDyPYcpXM0okAXtV/lCrGOkSbXIUpL5IDsGYJEEZnAknE+nfvN/7QP9QYCKBKeWkiSToX44IcjgUlMnwUcxWExLqJAERo9hsipRqt+wydB2iPZZjObfJIdHXJZKA0KirMR4K2iTdhRLNN1GPSRL0pTE3jn0jjwkMHOJh/uWrUiWSwFirz9CBA5dgAMc7oUQStJ8+Jl+i4ENA+znJNvrRg7kTXScJ5hxSjBySsxRk6AvOIpJkfiSMTRI4YeSXY0GWhwBnUSogh9ycS/3TRBLMXYdKlORh2Yt+N/+lxOWokwT6iyz32YfQdNmAzVlN7W8iCf4mX3Lvh4L+F9GWUpljTJJAPkX9vYsld2j7QgBIOl7ul5VIgrHUl1YE86h3H3iOgIRUZ21KvkKJJJhTVnc5zvV9gn2APNJ1OfEpkQTBDX6HdPahfEXzxCo5v8W/qf1BEjJhTHnP9YhoHxAmzoNJzAlIKJGElJ7B6RoS8gXl0+aOTYkk+IyAlJRg34tDIIqUUCIJjAySNDRJYUTkoJrsKeIxJkkwqTnsV7jCFaoJNiTksSKcyblrIgn6msPR13HNwdhwiEVVOUwJdZJAuYi+MtJDRXkSLMWKqqfN6E0kgcPgPmmDQ4FzSW450uQ2YUySwCiKeEuNSc7OEEibsUXjEkokwZI2Qzxk5DddzsRXVjJGJZKgzfqW45AchCFgXnqufs3LqpMEJMnfImx9U71yIARWBTlZqf1jkwSOKccK0R4K6s5h874O+i/p1zpJ4DybP1Yih0olzS/HmNZXmuokgX6UmjIGSdAmxDuRrxJJ0Ff2dUlPGSpwAmyB+WHe5BiTJIg0S+Ol3/um0uaw+VhQVV8mlEgC+83mIhVDQjraLrvsUtnUJDclkuA7QQYpk0OOJbuiXbkNKJEENs9qsBXWIaFdjrdGOFMKV5CEjCRwKDCzfKmlLygGhlYud54XXyIJnHmOjWWsIaFc0c88alciCcq10bikBPteniunPaFEEgimM4OHNiIcHC+qsYk1TfwxSYKJzEl3BKwlzCEh5cRKAoUB2lMiCSISnJChoq/AyIuwONcc4UxRszpJML8swTJS+fwaAmQESUrOv/lVIgmJmFPwQ0F7ja0caMYstX9MkkB+EPzcQA8BTowIfa74SyRBRImzVZpXfS/znGOTIoElkkAX61sbxocEEqsc0fxUvrlUJwmIgf5PL30aEhxW5CNFAscmCYJg+tcpLEOC3HhhXZ5SWycJ5qnv6Kkh09bSRSfVVw3rJEFgQSpx6fd9LycdWbFPaTIlkmCc+Rfmd9IdQ0D6IAeW7OYYiySou7nq9EIOPLswFPSbcdSXCSWSQJbZXDZ9SEjNtS+BTUuyXCcJ2q9PL3nJS1bzKxHjIaBflZXroBJJIMvuyftpCChLUErafdJBQRIyJ0ZUjRIZIu80IUVavOCM45RQIgnKx6IJ3pAgUIxPHjUskQRRgaFTfdIlepM75CWSwMiINIn8l56x7MUoXeISl6giTXkkYiySwBhQXlKsKLghQVEoK0VamkiCCKkN8ENsqEqgHDlU/+///b8qKkm2oUQSEF7yNeSyOpAXyjGNWxNJUL5VqSGXgrXfhSTIA03GcUySQE5FH4deXRS4kHpiyTyhRBKkCErVK82rvhedgKjQj1AiCWTaikd9k3FfSL2hD+jgZHhLJEFaHZtgviWnYSiI/iK8yRiPTRLIrOezPUOC3Hh7rahqGssSSdCXQ5xqVLochypVNUedJAiWOX639Pu+l30R5DatNpVIApnjuAuW0SNDQZmCQtLIcoxFEowlx9Hmc3n0Q7ZFUMB8t9qSUCIJgnDsIJ9hSBgjdsO+sxQUKJEEOuOiF71oZd+GbL/yyYx5mlAiCWyOYKF6Dgll2WNEN6a9jEESMpIglcG5y/mmmb4woQy8SEueelEiCaKjlo/UbUhIvRC1ylMvmkiCFICSEux7eW5+yk6JJKiLFZcxSIKcUc7PqkgCg+m17EM66UApKiutCjWRBJMcSeB4DQXKUNscO2iJu40kGEunLhjnIcHQa79IBzSRBP0kAkzBDQXtRww4zdqX2j8mSeBsMP6cnSGhzzg1ghIJJZKgTk4nK82rvheSIPUlGeMSSfCZ1dV8qX8IcKw4sBzLeSTBy+tE34cmCdpqvJO9GZskcDKM91AbHRPIjRc+ktGUelEiCVYhxyIJdJK0uBx1ksDW2FtS+n3fC0lAulN+fokkGF82Id+HMgTIaCK8OcYkCfSH1RPtHdJJtnKKJOSnNZVIAl2bB8uGAl/Nao+2tpEEqThWr+jHIdtvhdMhAFYYE0okgSwjCUOcXJiDrmBv2IBEeIMkZCSB4+U0GE7XUFCWMhjffIWgRBI4QIxW6UVHfWAXPEKQO1ElkoBMWEIrKcG+lzcn58vcJZKgn5C0oVczGCX7A/RDKmtMkkAp68vrXve6lTIdEuor+pjGsokkUHKUbX0zXx9QVo5v9BIiRjApxzpJ4EhLU5FuxcAMCc4/Ip3mSBNJkJa0Y8eO39rM1wfKQvrSmz1T+8ckCRxI84RjMeSyvgiYSLY9LgklkmCcLT+X5lXfS7oRJzI5cSWSYFUX2bVxe8j2W0nRfsY/5d6WSAJnXdqeOnHyhoL2SQGlN5LjMzZJSI4FfTUUzAE56XSCOZHGrU4S3Kd/HbE4BkmwJ6J+SEOdJAhsCFwMHYRysVkCFyl1rUQS6E+Ouz5JYz4E7OWzIpc7ljBmupHcffJFz6f+HQKyHuj3FASCEkmwp8rcQY6GhJUMQRGp12mvRYkkqMdVr3rVyqcYck8GGaV/6JuEEklwn/1MriGhLPYN+UoZNUESMpLA2FPcQ2521OmMvigHxzShRBIIqDpZQkqKvS88R5oRdoylJpRIAmeTs1VSgn0vy7x5ulWJJGDxNm4PvSfBSoKN0xy85GiMSRLIl+iOo/YoNjIwBDipJipjwMkBCrpEEhhs9w0ZtbKKYG5wJPO9FnWSoJ6iMFLHEO+hDKLnMgocubRC0EQSyBfDljvBfWFcLXNLI8vn7Zgkwdzw3hDL70OucJqL5n8ekDBOdZJAZ5DtMTZ7XuhCF6p0UyJbJZKgz0W/yXJfxzkHI2ulKXci/VsnCeSYc2AJfsjUQTKLfJDP1P6xSQL9kE6KGgp0m+c6GILDmPRrnSQkSN0SgS7Jw7IX0iGdt/4W7TpJMH7qNMZJXVJv8hTEEkkA/oUxGFKWjHH9pCwYiySAVBRBINkXKeI+BOgDc53znVAiCUiKeepeNmAImCdsqdRk9pXugTpJAHIvLYk9ShH3IUCGtCkPqCqrThL0P93BhxwqeOI59A7Cj4QlvyVIQkYS5C/bMc5QuCcp72Xh9xwrS4yUZS5MJZKQjJQl+KHSVDzHCQCOnsud1RJJUD+KbWgnXeSGYcqj6iWSoH4miKXj0nOWvRglx3Hq3zSmY5IEZYhOytP1XVqC7guKkTNqPFP0QptKJIGSM7EZpb5GArSJfMiPJ595VLVOEtzrErXj8A21eZvDyjDIo0/KsokkUKIveclLKkfQWKRxXxZ+z0CZnyKWeZvGJAlgHH2er0T2gbQZco/s5IGDEknQzwyXF6mV5tayFx1jfuRjViIJIN9adNHxhENAtBfZc0iCcUzOQIkk6BO60olenJTkcPaFQBA5zmVmbJJg3PWlOSGIMQREGzmiZIl+SmgiCRzky172soNuXnYaniBYrv+gThKMu7/Pd77zFZ+z7MW+CYLlvkQTSTDv6Eobb4eAceZQGtP89EIYkyQgBvQS8szH6KtfQT3NCdHx3FcokQT2j5PsGNYUMOsL80/6jlOLtC+1qUQS6AybhpU/1L4Ecsq2CorkAeUSSdBXxoMPZSVpCJgfDkaxcdtcSm0KkpBNbILHeHA4TPJkPJYFgbbxzxIrZpYEHEokAdIRjyKwfRmy30vP8Lz6KQAlkqB+6ik1aEgl7mVmlq/yZbkSSQAbTi13DbUkrR0i+vU3Uo5JEsDEFtmxMuLzvmzfhKXApBDlY9ZEEoylqL9oh77uC0qJbFiKJdO5LNdJQgKFI32OrA/RfrJhzPLNWk0kQf+rj8/VO5exZeB5+lcKGQOf0gpgbJJgriJ7jFJfgw/KkbLmynWMMa2TBN9z3umwIdMAEXdkIA+cNJEEc1XwgJFKqUF9wKhy3hAC7UvGsEQSfM8w6xebp4eIGqYUKg5zHgwamyRopzQKjl1+0tyyMKfNPfsR2Jf8wI8mkmAFBzkb6phr+t2L/qSOmaM56iRB++lK9mXIQJiVibosN5EEDhd7zOkSQOwLOknQwqpUvf1jkoRkd+y1pGeHmJecbfZSqlFe5xJJAKsN+rKuL5cBWbYSJt2c/svLL5GEZHesjFnBGmIsyQw9L1Cd96dxrZME4Fek+/tCe2SyINvama9aB0nIHDvQITqe0qGol3VulIHhioAR5LpxaSIJIjzuV75BSwZsUfid38tB1Z56+SWSAO6T3jDUkixnXz/Xj+JsIgn6nKMk2jMEUeGMMPD15d2xSYJJ5+QHS7Ii2lKpfLYsOBPkhTHKo79NJAEYZH1JwdtQuGz5xodjRUmQjdxBhiaS4KQTKw8iQ+rfp/3mhbmkPXnkyDNLJAFENo2LVD99tizppwOUrx2OVa3L0tgkwRgzUvSCe/oEL8gBI8BJRZ5ylEgCcP44e9KDhpiTdIL0P/2W69cmksBImkNkyR6bPu0XTefQkuM8/RFKJAGU5zc29CGIy+Yg08nKEIjijJg3efvHJglgHiCbggfsw7L2zbxTRw4dAmnlLn9WE0lwj2ixk2GGkCVkg8zmh4Ik1EkCcH7ML8d3DlG+VQRBKI5kLpdNJEH7pQ6yyfRl3bFfBBxT/Y8glHTPmCQB1H3Hjh2VjmXflw3EmBf0El9FMICOy9FEEsic4B9ika9iLQqybLXfKpuN7XW/r0QSEsxXdbaXos9Y0rGOefa8+hH4TSSBvhAwsyIrC2ZZvaj/rZwIwtlnwY/IxzJIQo0kGAR5uiKmJgVHb1FF6vmUsXw1ClQZuXBDE0kAeXlSNQgNpbYoUXA/AfJ7htXz6mgiCeqpviZl38ghZ8CGsrpwQxNJAKsoTjnqm7sqj1o7CHgdY5OEBAbZUrDIHad50bGkwMgABWpJv74Rt40kpLQKr86nTCiCRR11ss+Z0A4RwFJUvokkgJUxsmxpeNnj8hgQ0RIOen2/UBtJYBw5SeZyigIvqki1n9HQDs+pryLA2CQBzBPOAAcLSVpUJ0FaTjYeoo91o9ZEElIfcLqc4lKaa10vOoGDiAgw8jmaSAKIMjKgouDkXJ0WlSXOveij1EuEq97+JpKgHA6Z+UdncAjq+nwePEN5HA6nJXEg62kSqyAJ+s1K4H777VfpFGOw6Jww58xJ8z4FQerj1UQSQJ04sBz1kox0vTj5Vr2laNTnJJRIgrpzKK0Isi99iILVCKsY5hLdlqOJJAB9bR6TNc71Ms6dSDNZ5qSbM3X7CmOTBLJkLMkA/S4QtIwsmVtIuBUp+qneliaSAHSveal+5s+i9s28ZBfTqrt21NFGEnyH8NMZAmmLtl/5xpKDLorPTqlPjiaSAA4SMc4CYVInFyVqSbexa/SSk5XqcylIQsGx00kGTYSA8HLSCJ8ObYPv3UfxEqhrXetaVYSjNHBtJMH9nDqDRgGZGJ7dpXwXpeB3hE6koVR+E0kA/cMZ9ea9ZU+C4Aw4T58hKSmwNpKgfM4tx3fZDZMiTJe//OWrJf26MwCrIgkUKQfXWHL+KIR54wjuIUv6jgNOgZKlkmPTRBJA5NQYeJkcRZiIQpc6uM8KCLIpwtLkBLeRBO3Xx8baWJhbnjsPSZa1VwRftISRqhsJz2oiCWAuMHK77rrrb4jCIu1neMwhRzdaVs4djoRVkATQvyLgHOVkEOe1I/WjOaX++++/f+W4cPLqaCIJoCxOrdz8Zeckh+z85z9/tUpa2qfTRhKAQebgOwHN7+mNLuOY2i/4w6Db5Kn/6mgiCQnIMsLvHg5LV6LiHs/mRNhgq411ggCrIAmgLun9F4iCVbKuc8I9dBJdYs6Z0yW0kQRgX8hinxVrq83KrzvoCSWSAGSB43n1q1996SO/2UUEQfpniaC0kQTQP+TIfkV16SJLvncl+0ynyl+vk+2EsUlCgnllz5+xSPp1HlJb2CepyDbLJvtURxtJYB/4EPYRGAt6bRFZZo+lBZNFdsY41NFGEkD/IBj8CQR0kfaTTf2HtHp+SS+2kQSyQK+QdfKEKCyil/QnuyVtykp96bdBEgqOnU4SdeL8yLkTqegy+L7XoQy9zR8G3wCXBqyNJLif4sGqGW0OWJd0Fd+7j6FhSDkFhKpUfhtJcL96qyOiw+EvKcqmizPAQJn82lEqv40kuN/kxW4tfy26oiHCg+BZ1qWESuWviiQoWx8wluSN4TBG86D/Of2cTwpAmkWJYFAybSSBTOgDm0+RPg4YZ2eeLAHlQ3EYJ6RNnUpoIwlpLEXiGUSymadLNcEc1U+MEwNgb42IR7392tFGEtxPEaqbfuQUaVfJGNRB4SLbVlAYMH1dLx9WRRL0v/mCJKQUPv3UBvWlA6xqIprpLPfS+LeRBM/RZzZH6utF5ySdYAXBPogUdKljHknQVrKOKGgLp6GLA0SXC/bQiQhKcorrML5tJEH7zTH3iF7S73UHtARyy8AngiDiWpK/VZGENCfoQM4H50pqYtP8zmFO0qsCUMbJ3C5hHklQlnQvx+sus2Kd3kvQ5pQ2kQTtJ0vG0j2LEgX20Ht36MYm+zaPJBgT8x1h5Svor/o41ZHGzUZlOsmzE8EoYVUkwViSb+VZoRPdngdjZuykCzmenK+QHPw62kiCPtE+/cdXs9pKL3aZl2RZAI99Ewhr8pXmkQTj5vh6/pSURKue86CdCBGCcpWrXKXSuU2yrH+bSIL6+l7QgV7esWNHNee7jHlKvdN+ejHZ13ofBEkoOHago3QaB8jgM54MHGFIkYvUoQbXyRteWOY+DgMHuxRhSGgjCeC5Jo3nGngRPBNVvpryk0Lxr7997nvHTrrfUqTf1wc8oY0kJKg/waTI5SPP2+zle2++5NQhOCWnLqGNJIDf+b3+Nk5OVxHBbFseZmzck9JrOENN5a+KJIA6cACQNpFgURcTzv0URVLy+kFUyJgw3FKu5I6b9E3GiDJsIwlA8SAK0rjInOVhznKSpaSY/EtxilIpX3SBLHOG6sopRxtJAPUmi2TeRmbywRlifOqyzDlKx7eSeTKqPk0GxGdtJAGUz5nRDu2RamG5HwmtK2b18RzOOqdS+QyY/mvCqkgCaIe5q7+dqGKuW/VkSJMBJU/q63mMn/4WAZd2iKA1ORVtJCGBvJFbcrnLLrtUc75tTvre3EX2OXXGtzSOMI8kgPI5YOTXPJc6hYDKyU2/8XzEAKGxemS86RBESRlNxMqz20gCMMjmG6NpdZBjJJWQDPp9mqPmC2eFbtD36sAhMU4lfQerIgmgnurre3bL/CHDyLggQvqN++RLkzlOqTkh7Y8slVZjEtL9TSQBjJHgB9LHbsxbVeCcu8cKgDkyb59RE0kA7dJGKypOqEmy3BYQ870UJauKiFJbsGceSQBjRJbImzkqt14woi7LdD8SJ62L7WA3kyw3yRKsiiQAeeerIAnshj0XSb8mfaMtZMbz2D92iD1MBKFJL7WRBDCWZIleQrroBeULbJGR1EdJLxpz42JOkmUBBHo/zd065pEESLKsn7SL3RCYU3c6A7RfO7WDLjCW9BJfRT81yXIbSYAky2SJ3UQ62VlkUnA7le8+vydLdCyiL3BHR/E7mtofJKHBsUugIO16Z4g4gqJ4OtZlUnuGpSbGWj4XR5Bx4uC2YR5JAELlOcr3XIZROalMAu5ffxMK33PO3e93ft+ELiQBPIfwMQoMqPOwKUrLrVJ6/OtvkXsTntPNOclPuihhHkkAQsspUj5FIkrA2eB0UNjK9y9iQMmL7tl8JGe4KVqZsEqSANqiTvpdX5rM9ouYqJwIY2kcKXZGiyxxvjkaFGPTBGYA9U8bSQC/pyBFOcgyWcllWfn+VYckywys8tscZJhHEiCVTzYpL5EL8kcGtDnJsjooX/3c535GsmksfT6PJCRQkOamOaJ9yknzx1xO/zcvlc94KJ9ib8MqSQIw+saa0bDELx819Z10GvKkHRxoZMipWJxBBrrNqepCEsB9+pxDSY6vc53rVKkfHKw0JxF26RicSuSAY8AQtqELSYAUOeOUuFffa7P20wEucmVMkV0OlWCD8tucqi4kAdzH+CtfJFT5yhRM0f/+r//JNB3DUSYjVjCaHCFYJUkAc9JYcmgFEJSr/Ul+1N//6Si6ylhLvaPnOFVt6EISgHNlZQ/R1XYpUOc5z3kqGUoXYiByTzbpWrI0T5ahjSQk+M5c4lBK3bHaU5dl/9r7gBSSZTarKcUnoQtJAP1vxbJJltNYiFCTZe0nSwhKmyzDKkkC8BWsIrAHVmD5JOquLcm+0FP0q4Ar55gDzi602ep5JAHIMr2gfLIsdYherMuyMSTL2oPceyZZarKv0IUkADtFLyIH9DI7nutl4+H/9DJZ43so317FNr0wjySA+pMH5bsPCeEvJb2k/epgLvPT2Gt6HrEhS23tD5IwhyQkiPhiYAwjo2vyMRD+tWTEQSCg88hBQheSkGACcZaVTwAJF+WrfILrb5/73n1tEy6hK0lI0C4OFmXOiaEsCaKICsVFGZtMpZzCErqQhAQCTJlzWPU/4bbBiFJVvggLh1KbKJy2CZewapKQoG4IlPZTptpiDI2lMWWERbzJUhflrl+6kIQcifjqS+1P5ZNlsk2WlN+kkOroQhISyCZlqs4Mcy7L/k3lJ1luU16wCElI0C6yRPbN3dR+l/roF+XPI7oJqyYJoF/oMW0XsWNwRc3TOHoGYs1JzFer2tCVJCS4n7NOlxk3ZdMJVi/UBclihJrSm+roShJA+7VJpMzKk7LoAXpB+xEDgRX6JV+taoO51IUkJLif40/ulW9zf+p/5dNJym9Kb6pj1SQhh7nGWbcCzXlKc9KVZIl8cmi62pcuJAGSfk8OVpKlXL+LsJMlstylfOhCEhLIMvmje3NZVockyw5t6CrLXUkC5LIsBUsQR5tzWRLY6EqOElZNEhLod44lZzXXr+qS9KtgVVdfoQtJyOEe5ddlWflJlq0mtK1e5OhKEhKUbzWILNHLuV6gW9lLvoK51AVdSEIO8k4vkyUByVS+i69ClvQlvdil/UESOpKEHDrWxDNgBKKr0sqxCEmoQ3nKNRnVY5nyFyUJOVL52q/8LoJWxyIkoQ7lmwjaz7gtU/5WkYQcjIO2aIO2aNOiY+k3i5KEHPouH8tlZGkRklCH8pSr/eqx6Fj6/aIkIYff68M+7d8KklBCPie6OhI59P8iJCGHfmPM9KPo8DLlL0ISSlC+9i9bvv5bhCTkMJfpsVT+ojoNtpIk5MjnhLb4W/sWwSIkoYQky9qxzFjCIiQhR12W6aRF278ISShB+cpedi7DVpGEHPqtr6+wKEnIkWQ56cVlZHlRklBHX1lelCTkSLKc9NIyshwkYQmSMAT6kIQh0IckDIE+JGEIrANJGAIUUB+SMAT6kIS+oAT7kIQhsC4koS/6kIQh0Jck9IW5tCxJGALrQhKGQF+SMASWJQlDoC9JGALrQBKGQB+SMAT6koS+6EMShsAkSQKlyaGxwYNBpkhXfaWNK5YVS9+PfSnXsZJPf/rTi9+Pfdk7YJO1JTBOVumeMS/LkHL0LOX2BeVh891WyJLNx5w6e0Io8dI9Y1/yTxkkqQGl78e8pCBY0nUKF4ekdM/Yl3LlfFrG7gNG0IZgjmKpnLEvOnGPPfao8mVL3499Sc+RQ8tRV5fSPWNe5pKjEO3VKX0/9sUJIEfytds2xXaBqKk8fvqNk1cqb8xL4EQQzEbW0veruOxf49wZ19L3Y17SPHbs2LFlsuRybLX0u74kQTqf/H5OYqmcsS9BKISXnt0KvcC+2sdgT0jp+7Ev/pGTCZFOe1dK94x5SbWzERxR3GqslCRQyN76qfNtVlr1ddnLXrY6es2GqNL3Y1/KteFYPUrfj33ZAG3D8UUucpHKwSvdM+YlMpGOSe0Lm6QcY0aeSmWNeTlpw9GSNtppU+mesS+bxm0mv8QlLlH8fszLywrJss2F3oVQumfsiyx70Zpc5j7gzDja0AsIS+WMfdk0eu5zn3vLyqeLlW/j6FboBKfmeI+DDdel78e+zGWyzLnuckxwG5CEC1/4wpVOMkdK5Y150a02IHtXTun7VVzsm7E0rqXvx7yc++9lcU5tKn2/iusCF7hAtT+oL0mwd8xKrTEtlTP2RS+xb3wFK+ale8a8vGOILCu/9P3Yl/nLvjlhcitsvDLJs43oW42VpxuJGtkoZWPZqi+RFg4Bllz6fuxLuVZSrCiUvh/7cgIBART9tmGrdM+Yl2M1nT4wRGqFPnSMIGVaKmvMywYlhJcCEfEp3TP2ZTVIBNjqTOn7MS/HNYoucYZs+CvdM/YlpYEC7ZtuZDOds9et7pXKGfuS7rP33ntXJ3OUvh/7cgJROpHIxr/SPWNe5pITUETNSt+PfUkbtJJkZW6IdCNkj57dCv3KvtCvoo+l71dx0QlWeY1r6fsxLxFfY6kPSt+v4nKy2BDpRiLZ6ZSuUjljXzaMI1v0LB1VumfMy0Zr+t0Ka+n7sS+nX13ykpesVgWl/pTuGfMSvHLan2ursXKSICfecZk2c6z6Qk4cRbVV5SvXEpoJUPp+7Ev+vuPIOAbyDEv3jHk5vYYzIu2pL0xeE2grxlLE0EkRltblwZbuGftyWgKShHiVvh/zsipIcVpaRxZK94x9UaKOmxuCJDhmkjyVyhn7srHN2eECGKXvx77sqbG3BUmy0a50z5iXuSRt0FwufT/25eQc7bcyORRJkI63FfqVLpSeIoBQ+n4Vl9Q5J1wZ19L3Y15OArQfQR+Uvl/F5fjNoUgCB1kQplTO2BcnGeFDFtLm21Ve9tfYcyh1q/T92Jfxc8y0IKQT90r3jHk56dALhbdqr1aO2Li8QsTG5di4PBRi43JsXB4CsXE5Ni4Pidi4HBuXh0BsXI7TjTY+7QYK1/m2lIBotA5M7G4RLEsSHF/FmHAIObr+9ZKuRY+1WpYkaKf2pvb7V38saoiWJQna6Xxl6Qjar3wG1eeL9ME6kAQOrrprg/po0yLngEMfkqDfyY7yPcO/Xd8zkaMPSVC+89lzWV6k/D4kgR4gy8onyyImy8jyOpAE7zGRVpHmRNsbPJuwLEkwBqK1aU56B4XyF3XO+pAEKw/f+c53flO+NDTtX0QnLEsStN9vRTyVL4psmV6fLIJ1IAnaQpaMJZ2gL9Vl0TnRhyRwhMiCvjQn570ErwnLkATtF602l7RfHZaRZXNwWZJQl+X8rcGLYKtJAj1OlujXZF/I+KJtWZYkGEv6PeklsmS1blH7tixJoHuMZV6+Awk4/YtgWZKg/e5PdiHJ8qL9HyShg2OnU3WUU1SkA3AIOJjyh6VZ+NsbZJ3OYUC6GOdFSILyKY1UvlePp/L962+f+959XYRgEZKgPQygpVvtlFpRb7/y5aTrpy7lL0ISCLs3XEpr4Yw7MUOqUCpfDrH/c24opC5K0YTZCpKgbvpIud6Gq+7+VX9tMpaepa1dNi8yXouQBApS+cbKmClfH6a+lEfrdBVjLZe5y1guQhKSM2WTr/J27Njxm7dR+pdMepY0MOXPU+hkYxGS4HkcEEvnHLJUvqV5+yqUr17qp5+6KPStIAnagdDoe3NS7rN8fv2oHVIJzRMbFxGgLnNiEZKg3xlcLyySHkOOlEeOXGlOepEPXdPFYV6EJCQHwIvk7KFQtrljLrn832de+mhedjGuZLMrSeAA6H+pZpbijb/y8vLJUXpDL8dzHraSJCBVXpTJGVL3pF+1RdvMSXKBAHUZy0VIAvvixU7Kp5PIslOeyLI9IumUJH3pJZDmZBfytwhJ4LxJ56B7yUCaSy7l6wPpJmSJ4zcPi5AEsiw4Q5b9RluTLJEh/2erHLKhfLLUpf3qvmqSQNY49fqdXmJPcl+BXvAs+pXT3MVhX5QkIOj0IqdW39Vl2b9kGQHrIsuLkASyTC8mWar7SuaWuWQfI1nW/nljuShJUD7/kl5OelD5rmTv6WXt6vI8djBIQgs4nd4aKE9V51LiJr5OJmj+1XkGnvAxMCYTstCGLiTBhOP0ewsv5UnYlGNjG4HlTPjX3z73fXLW5zl4XUkCh057tFH7lOP/qf3eRqk/9Iv+oRgoAP3Whi4kIU04R3Cl/ifoRx55ZKX8tF89KFblaz8FpF6UdJuDt2qSoI2UorqlsUwOgT7UFm2ijJJC8Ux9z4DqixK6kgSGSERDe42RsVQ+2anLciq/qyx3IQnqr3zlUJxOrHC6lVMb/uRP/qT6v3//6I/+aHbOc56z2mNBwenbNuK7CEkwJ8wNitKmeSfp/OEf/mFVdrr87dQx/Sk/XX2NWxtWSRIYFA4kEkeObnCDG1SnAem31I+u1K9OnkIYON6MUptR7EoSyCODRXbJkYtMyT9Xd2PGcVY/35mTZFueuvo3GcUuJMFvGTblk12ymspHiJRtT4cjpj0r6czk4LUZxa4kwZtayTrDqWxzxbhxYpXvUj6y7XvzzN/2Xymjqf2rJgnqYSw5dPSOuupPOsB4kQN9qT5y0rXTmGof4tnm4HUhCcoX2VS+dt/whjes5mRJlv3rlJkky8qf5+B1IQmIns3dxs++JicC0QH18l1OAkRaOOvy49va34UkaL+VY2/mZdP0v4utU4Z+5kzmsmx8yLL+FaVvw6pJAv1KL5k/yVb7PxlI9oXjaqx9b374nN1qsm/QhSSkoInyk6+ifHKd9JK+NCbK15dJlvkCbb5SV5IgkEmWjKX2pbFM5bPzAhppLulTz1R+2xh1IQlkSdAEOdHHSS/yIegl5bvs91Ku8tVD+WSpzVcKktDg2BE6zgfhoJgoEZuNRRw4Jjn8LepLIRkcZyOb2CZNE+aRBEJrcCgLUQ0OEwHkNNcnlL997nv33e1ud6sEg6JqEv4uJEH9KWT3aVeKbpfar188Sz/d4x73qJSD/mtSpPNIgjZxDk1skV7nNHs1P4VRF2hlmCCimgRf+ZSByd0k/KskCdqiLiavupmkDIM61/tSfbWbQuZ4GnsTWb/Xxx26kATP5KCro/IpRwrHmOXjQ9G4RGIoW4qELJOlNqIwjySotwgkR+7yl7985QT8/u///uz3fu/3Wi8G2rGq6o10lsZS/80jCe4hN5xKR7n92Z/9WeUIlMpMl+85Bo79Y1TaiMKqSIJ2GBtzwrF4+nFeO1z60dGeO3bsqOZbk3PVhSRIBxM0MR+RPbJPT5XmMPlWnrnokAYRPU6rcSRndcwjCX6jfPLmefSnvjA29TbpK8/gWCifHBtHp840RYK7kAROHT1IzyKRHADzr9QmBt1mdDpcfZ2Q8r73va/6vNT+VZIE8x5BoFvod+2xumYMSvcjRvqO05P0OxvSpN9910YStN/qBcfpute9bjXXyHNJfvOLLDuOUt9rW9sKTRtJUL6xJOvKTwGDUpnporPc48hpKx1In/aXxnIeSfAb/e/dKmRTn5Jlc6ku+2SZzOpTz+SPsMdkqY0orJIkCCYqS1vMc7aazdLOvH+0ha/C/iEJ5gWdp91NZG4eSWBfkE2y5Hn0ksCiOtVthrrQS2RZ+fqdU69vS/YVupAEbRUcNZesntCR/CfPrLcfmSE7nG6+jbGkJ5r0sja0kQTP1Cbl0zF0s5X4pj4lM2wW2SRL/AF/N/mKnhMkoQadRcAIkYlGoNsiUDkoHhPE4GONhNcg1tFGEtSPw4f1iVxQdOqUC1sJvnef+6UciOY1sXTlNpEE9VVvv6cMtUe7ukA/cdalb+g/zmVJ+NpIAsVLMVCanBbRX8ag1I91aKvx4hBRPk1RglWRBG2xrIm8cECMe5MyzJGUGWUnwqWMlGedw7PaSAIF43MTfN999/2Nk9IFyvdSIHKajsUsoY0kaD8HX1TDue1dnNr65R0MnBPPqY8lmWgjCfpLvRE0hKMLOckv53P7ndUHOqHkFK2CJJAHc5Kh2nXXXSunqlTftkt0lFHkXJUchzaSkOSRPNCJiCN57AIyytAy3kivdiq/rs/aSIJ7U3rVgQceWDmpnKzSeJQg8sx5UQdHBZcMsnq2kQTGVUqM+WA+Id5dQGa1jQzR5+aJZ9XbvyqSYE4IENB9N7nJTao0VX3ZBfrIKWb6UXvoNnOw3pY2kuBesiwibsVwWVmm47WvyblqIgnqS5aRIkELc7xURtPlfkdy0jlk2fPr7W8jCe5FdgViBPTYDrLdxb6BPucIkmey3ESUVkUSRNA5kRxOjqq+7QLEh+70Uld9oM/qYwVtJCHpd7Ls+Ga+gr6sj0cJbGM6qlZAjB2t21eYRxLMVStuCJKAgPK7QFuVyQ/iH5gzJVluIwn0n/LIkiP1zTf90UWW6AXzh202lxAV7a/3XZCEmmOn0xk/Tgmh65oHl8Ok5QxSIhxtUZj6oLWRBKwUu2VQHFG6DPwOUSDcJWPeRBLUEyHgFHqPAsFsi9aUoL/06/Wvf/1q8pvkdWPeRhJEGgi7c54p8mXAEBN8irQUBV8VSdB2BhXDb4q0t0HfiDYhCkgT455P4qRoSiRBn2s7Q0XJSDcpKeE2MDBWqA444IDqOZRUXYm0kQQKS5TSS5WWIQjpQhQ40KIzefnktYkkaD9ZQral5JSe2+VCLNSfMfG8uiyvgiQwvAz+sgQhXZwrAQyGr66TmkiC/vYdObzRjW5U1W9RJ1afWSETdFA+ma3LYhtJIHeJIJhr5kVdDucByeSEc8wYx/o4qk+JJCiHzRB8cGwznU5HLwJ9jRjQA/SySGK9jasgCdqiHM4UnaFP26LRJWiL1DH2gw3jJNb7so0kKA/J9ALKPrLst8o3b+rlQ4kkaD9ZQva8HGvRoEG6/M7qw1577VWtZNUj1m0kgT21f9E8IGvLOPHmilxz8sSGlpzbsUlC6kvzgS3nqC5alrHRf3wtTihdXm9LE0lQvnmSCILyF/XVQP+Z9/qylP3RRhKMJbvMV5NO1WW/Sg5ziY1mX9lQx5nX299EErSfXSDL5rLVA77moqCL2Wj+MLmqlx8koebYiahw+igwE70++bvCZFGG830Jb10RN5EEQiMtQsRNelMfcFo8B+GoOwRNJIEQqq/2c36WVTAME+GSe64/65GqJpKgnpwU3y1LEBIoNxOfk15v/9gkwQRWprL1sxzWPmDMOcIiuXl/UbJNJCFFOOTfG4uSIe0Cilf0UP67ZVR/a19CE0lwD6fHi2AWjdaVLkbZ3KjLSxNJoEDJsvSi0vMWvbxBVd57PVI1NklQln1JKcWoVLdFLs6VFYV6xM+4lkgCHUh+pF6JOneNlNVhrAQgbnvb21Zzj7zm/dhEEtyT9GUiCMtC9N/yugBE3aA2kQTzRqBlzz33rCKFouDLQDu0K+kk+iJv/ypIgjYiOyL48pdzB3oRGEsphAiPPmM38rY0kQT30GFSfIaQZc+wolHqrxJJ0BccMUGH0vMWvbzVma1CgPP2N5EE95BlNoHjuax9Bc6leYT0llZ5xyQJ2sGPog+sRtF9yzjoQJYQeEFF9RWIydFEEpQv9c9eFnq+D0TRzUvjoj75WJZIgu9dbJ/AAT9i0WBqDmNJjui3elC3iSTQS96D4u30yu8zzmyoeawtdHTe/iAJNZJAWLA6Dqqln7yzFoHfMaYcSGkedYbaRBI4fPItRVqWVeAJJpTniKhzinM0kQQT0gqCelsS7dN+Qssg6Gf9mqOJJFAWlt4opb7KTf9RbMqplz82STCBtUWEgzFeVoEm+L1lQQ6M5eYEbWwiCZxXJ4WoH5nvM5YcGI4q415XIk0kgeIjS6LXJQO76CUfmVOS93MbSdAvDFjpWctciA7HiwOQt39sksCZN45DkR2OlXGURpiDjJVIgrHnWGsjZ0ifLwN9Rg7JL4eA0cvnfhNJYBiRQ/qSg76sHIPyyan+rM99c6lEEhhpzp5o27wNu21Qb5d5iiiJ/OU6fhUkgcEXNDKWyl62L/1OGfS3l7Z5bh5QayIJfiPqOpQsm5NeNMVZraNEEjhg0mCHKt8leEGmcpltIgnqwr6xPdIX+8qyE5Gkyohm1zE2SfBc9o2+qK9wLwK/0xbzURqVlNgcTSRBH5NlJHEI+6ov6UXPVZ+EJpJAD0qrpq/qJHFRKC/tdbLKlKOJJCiTf8cmGos+5SuDbrM5n87IZSZIQuZwcIo5QhybUorQolCOZelrXvOalQORryY0kYS0+x1D7AtCI4LteZYEc5RIgvpZveBwmpj5RFkG+k8/yjkUgda/CU0kgcKhQEW7+kL7kQEbZjmxOcYmCZQOY0SB153KZUF5cmL0ZQKjUyIJHEurCGR82chnDrKgHXvssUdFenJl1UQSOHYciJJhXeayxG9/QG54m0iC+oku9UkzKl0cAjLKoUsYmyRI8+Hw9EnXql82f0r9yR27EkkwN8nXX/3VX1XOQlP+d1eYB2SWM0DX5TLbRBLkXdvcZzl/WQc9B4fG3PB26dxR9v86SVAeh50Ol3bnqMq+0Od0kktUO2FskqAtUhPo3aHsi1Qjm0XrdW4iCRydoVYR0mVVAOnLdRLUSYL2a7d+WTbNqHRZmTP/6aGEJpKQdIU5ntu9ZWGF3uZ5zmpdNsckCfQAG211WRprX18BzEs6SXvyPZBNJMF+PdF/zn1fkGWrjOw1W5bLUokkkCVjaUVS+UOMpfnPJ+E35PaliSRY3Zeyxv72hfYrU/td+cpUkITMscOkOHvYqU5LxmNZ+L0JqtMJmchqQokkEACDThjzSdIHnsO4Uhh5vlyJJIhsEASCaulsiPa79Kd+pUwSSiRBmfrKfpB8kvSBPsXQKTMkKBG/MUmCNiuX425vSD3VbFlw/K0mkKWU8tFEEsiy+1xDOFaA5JEPubCcg4Q6SdB+ZdpHMWTEzuV5nJLkkDSRBJ/pqyEda5fnkdt8ZW5skiC6dKELXahYn2Uvjo1oft6OEkkgZ5wD/csh6Rs4STAvrJg65CChiSQ4KY585fqjD+gbYyZ4YYUx6Z8SSaCTGGeBI7nTQ80lhN88stKaMDZJ4ISxLexO7mz0gf4h9/Rrrn+aSII0KwcYDOmkIxz77LNP5UTmqJMEsky2HbFces6yl7ZIxbPPJKGJJAjWsW+53e8DvgxfQvqgd3bkGJMkkFV6yVwhV0PA3BI48Ey6MKFEEgQf3UvvDuUrmRP00ZWudKVK1yX/p0QSzCm62ljmct8H2k/3C+rmtqxEEhBCK5H2aCVfoC/0LX14jWtco7ILSdcHSchIgp3uQzHTBMIkemNvAGFLKJEEy/BIAsU2lDH2HJFICoPiSiiRBFEt5YuY5RHGvjDxRHryfi2RBEyeETEZh2q/iS56JO2E45wiHmOSBH0n1Yiy4cAP5ViAnHjKyXOhiSRYEeJYGcuhIHrEubFZLz/ZpU4StNcKmv0oQ+xFyC/OrfS91NfkpEQS/N8m2yGdkXRZHamXNRZJYODliQ4ZeXUZF/uO8n0/JZKQAgfSjfrk3NYhUkX/WrlN86NEEtTJ4QOM8VCOLdCFCIG5m8oqkQQGWJDDSkZOjPtC3rWN8Byd1P6xSQKSxWl10tdQUHdO4hWucIXKiUtl1UkCPWyuIhPmcEkml73Isj0WdXJdJwn0hHEcKv0xvwQvlJXsZokkaD+bT4fnq+p9wW7TG1JPcoxJEqRtWRGymrDoZt02sFvmQB4dL5EEvhKbq4+HQrIl3sfBpia5KZEE3zlNSJ8MOZaIphXGXAeXSAJdKXjChxkK2u/55pJVirRqHCQhIwkizpiZARgKyqIwCJTJllAiCYSAk1zPyesLy/WW95WZUCIJnGmbgDi4yZkeAhxKeaj55qISSTBBOJv1nLy+MOEdz5Yr8TFJAmcKIUJM8tWjIUApUSIILTSRBM6XXM2hoq9AJihsL+iyaTFFWuokIc0vTujQkXwOAeNkLKGJJIhUU/alZ/S9OASMY2r/mCSBMy2KPXQ/uqRu5Q5xiSSInov4Ow0nGeghYM5zYjiRiXyUSAJnWt8yUqm/hwA55qCT21R+iSRwgEVppScNFbED7Ud+zOXkZI1NEtgB8tX3QIg6lGXzJPuSnJgSSbCiKm1rDOJ+8YtfvCKyOeokQZSUzRmjfDqBHUhR7RJJMM58DvcNaV/ZGARBZD/HWCTBWCrTihCbk+RrCAjkySbQRwklksDWsLns3JCgbxFZujzJcp0kaL8+tXpE9yf5GgJ8L854LjclkkCWBS8cIzwklCUNUypXyuYIkpCRBEu/jORQy1fAidHZBpmSTiiRBMqb0ep7Ek4dDIUIioFPKJEEy5VOUGEM1XsoWBoUDeVoJJRIglx3+Xh9na06CDmDTPGkCT0mSWAMbQpFjCi4IaFvODEp0tJEEmxkE6ksHem2LChHSspbSZGPJCMlksBJt5IydATcxWBYaoUmkoCQDp2ik18iXqn9Y5IEETMBhjGinxe84AUrGUkokQRG28Y4pCgR7KFA/zFy6ZShEkkwtuaplMkhwfn38iU6MDnpJZLAadAnnM0h9iPkMNb0XTr5bWySQD6lMnA2hoR+k+4jyJbGsk4SzBV7o6QyDL266PKyQKvVOeokgbPLASz9vu9lX4QVgpR6UyIJxtTegaEdW/1qzkrDzDEWSTCWbI2TnfK0nCFgMy5bna+KlEgC/cvmytIYEsZPoJgvlvzAEkmgMxyLbRVnyPZbrSQz5mlCiSQYkzFIEl0hoMoGpZXTIAkZSSAYNqIkBjUETCjRMMfnJScKSiSBY8mZV7chYYVAfnYeoS+RBJF8x2VSZkOmyFAkTvPIT6AokQR1EQ1CFoYEhS2qnp8mMjZJYDDJF6U3JPSNslIaURNJEPnkAA65KkYZ2hdBOXIek5NcIgnG0vG/Y5AEaUxe2gPqUCIJ+l+kq/T7vpdI5KpIQlqFHDpFw4VE5dHHEkkgWzYTam+aO0OALInQIwnJGJdIgs/k7udL/UOAY+WZVknmkQQBDrq5fmRsH2i/tiIJKV1hbJLA5nA+htav5MaqKYc8jWWJJLCDY5GEOuGFOklga+yTKv2+72WfA8c2Hd9ZIgnGF0mgu4Z0LMkoG8SfyDE2SXD4gXk0ZFusUCAJNi8nlEgCh5kdlEo9JJAEvoq2ziMJF7vYxaqIfrIDQ0CaLpnJV8VKJIEsa/8Q/ksOZTlSlw0wthAkISMJnB3RXxN8KChL1NUmufxEiRJJkAfGSA25JwI8lzH0b0KJJDAoHBKOgXoPBSkLaa9FQokkWEGx1Dj0crj+T45OioaOSRLk8lmVsTFUqtWQStRqjBSF5JA3kQR9yLnK5bsv9J32SOPJ50idJCCY5Etu4xjpRoy/lQpoIgnk2ovHSs/oe4mg5RtuxyQJjBbdMUa60aUudanKkUkokQTjLAWSjPd1NnKQW/rXCkEy/CWSwLFSvtSgIY2xFTaGn5Pelm7E6aM7OVtDBo/MJYELczlv65gkgZwqLxHsIUC36T/End1KfVknCe6jF8dKNyLLdHCOOkng7FkVG6N8xzMLQqXVphJJIOdk3gpWskNDgE7mxAkw5hhzT4K9SlK8rHQO2RZOt4BmbpdLJCFF0nNd1Rdk1F4LDjlZTsGDpj0JVsqlhg+pF/Un/ZOfRql/6yTBCgbZ8qLQoaD92sUHtBKf0iuDJGROlEg6Yz/kEpYBFkFnaDhzCSWSIOpsqctkHMqx9BwrCNhxnvpSIgnyzHfs2FGlXSXFOgQ4kSKW+UpKiSSIiNg7wUkYsv0UCoMhSpFWSMYkCcrAwkUa8oh7X2iLTYccG44xGKcSSUAIOZx5illfUFCccxuHGYmEOklQT6spSMLQBllE3XtMyCo0kQQGRQS49Iy+lxWSnPCPSRJAO4YmCZ7HYUOcE0okgdFkILSP0RxqXiIEAjK541EiCWCe+nyoSL42kB/L6nRj0nX+rZME0UQRYnpJlG+o9tPF+lSKSsLYJIHjyvmgP4ZqB1sqLcFmfnooPbdOEhLsrxn6xDOBA+9KqO9lq5ME9pWzh+SXntPnopfM/9T+EkkAqx3mU4rS9oXy9DX9m1IwE8YkCcacztW/Q6bhWQEmn/yjhBJJoCs4rezuULLMlrChUtfYt+QrlEgCv44dQrj7ztUcgk8Oacjtdokk0EX0khS7IdtPx9MbArZJbwRJyEiCzjCpKe+hIHoiesHwGdiEEklQL0s92OFQSsRzDLBIfr46UCIJ6mfHPOOdWPQQEDHTr/o3oUQS1I+RpPByQtMHlvIRASfdKCc57GOSBJNW/8l/9U6DoSKQlBGySWElxd9EEmyAGlqWRVU5UdqaltWhRBL0sw1QQxtkxti8SRHLJpJAfrT/z//8z4vPWfayN8AY5H09Nkmw9CxqV6rPshfHyouQcp1UIgnInnZd8YpXrOQ4zZ++UIY+y4+NbCIJVhusMOb39gGjK1LIseQ4JmegRBL0CeeEk2KeDdV+kTppFeZOwtgkgTNnr5KU2qEcO88xloisIExyWJpIAgdI1L8kk8teCO/+++9f6bwcdZJAJ+v3Mfb30L8cq9T+JpJAlo1xvj+xD8iulBtjmgchYUySIMpsniDP9TcE94HVEM/VfwklkqBN/CQpi7kt6gNtsgLvYAz/T2NZIgnmVAqe1Pu9DzyTX6LMhBJJ0A+Cz1aZBVeHAJsqaCQDgq+W2h8kISMJOkmklHOXR52XRXLgRFQpkCTgUCIJBoVTyXj0dTgSCJa0E89Ngw4lkqB+H/3oR6sXJ4mAJ+W6LPQfwy8P1OpMcuygRBLUz30cgtIbNJcBI2kVQ+6z56c+GJMkgInt8/rRt32QUojsR0jOShNJoERFI6xMDaHElGMp2BKr9uSyXCcJCcZQGsJQUXDPufrVr171a2p/E0lQX5tt7Z8oPWvZS1qBOZOT6LFJAhlGuIZcTbjoRS9ayX+ae2BM6yTBHJbOgGRzEvpG880/5XDqpF3kwZAmkkAXkS/OQ1+dDORF+hKyZ54mnUBm6iSBfGmz/id3aWNqH2i/CKCXDeZ7lsYmCfpOesTBBx/8W2/bXgb6jQPHqTDXUw43NJEEepd9HXJfgv0I5CPXSVAnCcaS7vL5kCucdAInKj8it4kk0NEcaw5uqlcfmJvK8cw6GRiTJKi71Bj6mA2v9/0ysLonLZivkj+vRBKMZfJthtq8qz2CqYhcOv4TSiRB+fSVvThIWn7/siAbAqpkI39eiSQon6/G7hjjIUC38cmsbqbDFCBIQubYUXoElfGQu2mgkgFZFH6n0zFjBqG+VF0iCWBCGHhOZ1+D5PcG1hJnne2XSIL6YaXeFaHeDHif9us/kSMKjHHIn1UiCaBMRlqd8yjnMrCKwEhRlkhfjrFJgknMaEjN4fTlk24ZiJZIj5AukI8lZV0iCfqacpPfScHnztAySEv1VsU4A9qX0EQS1JkzyIiWjOuil03QZDalWoF6lEiCtvqcLA8VOfQc+Zqem7d/bJLAMOhfp0qV6rXoxUFD3OuReQa4ThKAk2weiVYypPmK5KLwWykF0h/t2yGXCU0kQXCBgTb2DGMfeK7yyXF971eJJAD9xHGhR4x1rq+WATkRPBDVzh3FsUkC0B02hUqVEC3tQ7ryyKv0jFwumkiCenHshjpUIL1ILd8jlFAnCUAPcwKHXE1wJLR+zmW5iSSYY1brBa7Yvj7QLv3PXymlSI9JEuhX81Ikn+0zd5eFZ+k7vgJ7ldtRKJEE4KtwaDn2fX0lvoL9fvSi5+bzokQSUp0FNPVN/ub0ZWCOSh8SIE7Hmycop04SgCzTS2xSvc6LwoqxVQRBPT5wPmeCJNQEkkHUWSJHjLUj3RZ1rjgQBk30mmFlWPIoOjSRBHUzGRkrynxZY8FB83vP8by6AJVIAnDs1Zdzp/51ctMF7tdv+o/T4TSNPMoETSRBPUWAkQTnAOfRmUVg0oswIGgilnXHZmySoA9cyha5E2lbhiiQJTJggnJ4RQJzY2Qyl0gC6HOrDlYT1EP0O3duu4KSJkscq3r50EQStJ/idaxu38ihKPoee+xRRUDz8ptIAmivvRkUX988aE6FvGtOB4WaY2ySAPrWnOzr3BgHqUPIZj3lpIkkmJ9Itigfg4goLOMo04Eccw4qg1uf200kAfSNXGWRNisLy8Az6V0boc3Xuk4yl0okgYypq99xYhCV+hzoArqNvnNUpWhhTnZhFSRBG9VfWqs0NkGZum7sAvo1kS26pT5eTSQBkFNy1jcVEEFwOAF5UZ86SiRBX3B6lN83FdJqxLnPfe7KTtV1exNJAE4nWeZgkutloE30DZm0IlWSlzFJApBnRB/hffazn/1bgbguMLfUj85TXzKVjtFNaCIJxpIssYv6Ux8s4yibd+wKO83OJdudUCIJCeaSIKjv6cVFoRzt0LeCgHRvfSybSIJ5y/ZrP72o/5fRy+wAvWgcyRK7mbc/SEKNJBBaQkMgfM/JMWh5p7XBfaKuFCejajMR41h3zppIAmDFhIWDS8ku6ly63+/83uQrsewmkqCeiALnmdCIumjPIu3XX/pN/+lH9am3v4kkAIVvE9qOHTuqtAD1r/++DSJcykc0RBpKKxJjk4QERphDoC42hJOtriCn2m6zsogNg1c3hm0kQZ8pnyxyzEQd/H6RvnQKDBmgQMkkhV7/fRNJgCSLXra0LFFAEEQr9XPdsVSXJpJAFjmCfqd/lnUKrIR4o6xxrK+iwCpIAuOgn238XPY4VP3IqbJK6sSxOppIApBFDj45YBA56osYJMRKhIxO4XAYs/rv20gCHUq+GEPO1aIrGp4n+CBSxzkuEY0mkpDAWVK+39cjx/Ogb/2GzjVXRB5z5xVWQRKADEurFTxQljm+yFiqJ13EvpAFc7wUhGoiCeyLVRQR0GXJO1m+/OUvXzmHTc5ZiSSA8sniLW95y9l5z3ve4vPnXQiCI4StipT6r40kGBvBC/aHLCxKeskdWSaLou+c2BLGJgn0K7lmV9hqDvYiKwr0KFkUQCOLfAUrXXX92kQSgK0XCEN6kTW2fhG9wB4iCOwzO1sKSraRBPUhY+n3Jb3aBP1HNqUrse/si3019fY3kQTwN71oNcVc4NAvopcExT1X/R2PrP/rczlIQsGxM0g636AxapwMx2iWHIQEn1OelCNWjRXaJGbASg52G0kAziEHlvCb6AQV42tiyj73vfvcL1qFoJQIAjSRBFBf9VZ/7eBo6yfta2u//mH89Beh1X+cg9Jv2kgCmPwmn3OlLc8ydiZ0kwJQZwyY88/JorTUu55mlbAqkgAUj75gVN2r7Ho0Ooc26msn6GiD1SiKpB5hgTaSAPpFv5FJRIEDaIzaZNlvkizre5EKstBkbNpIAnB4OAvyVxn3rmSBIXavU3iayK42NJEE0BaK3JywouGlR13zkd0n2uk0IwaIc1Hqs1WQBKCTOHfeio4o6MtSvUuXfkxOVZMh009NJCGBQTG3yLvNl1ZM24yyOUkuGWIOuMhnkyFvIwmg/+kLOklEn6Ol/CajmPQY+TB/GEIOfpNTNY8kgMgl50w6JkdNAKXNwdYOqThWUz3bXOLUlupszq2CJIBx4VzZcGyOcwSV2TaWdJa6syv6kgw0bRptIwlgLEWN7XVB3heV5cte9rLVWHJgmtBEEkA7jR+i8Bd/8RcL6QQrGE6uE0Gm20s2uY0kgLlGX7IJSK+IPFlukqVclqUWkSNkvy3NZWySkOD5ZELakxVKdhBxVOcS6FDOKZ8KwbBCSgbJUuk3bSQBPMv8kv3BmaUjlN82L+lSaTV0nXE0Tvq/hDaSAOpElj0HaWO32SptKbVH+80/c8nvECQRfCsBJfti3JtIAuh/eok/pR1W+8llk14EQReERLqa1Df2O98flSNIQoNjZ3ApF53jtB9GSXSbwDBmBIog+NfEtakTI2ZAEAsvs2obpHkkAShtz5TXLmKhfI6EzUoMrSixf/3t83Rihsnid22Gpo0kJKi/dmgPJ8gztVN78/YrX7+oH+OpvygL/dekKOaRBEiTnwPIKFkdsLzH6eD8p/KNh2gM5YkNM3wmdGkFIWGVJAGMlZxDMqeOnBbOPcVgQvtem/Qtwy5VSpvl23IMS8oB5pEEMAYUCaKCKBgjsmIMSrJsLPU1h87YU6SMehPmkQSgtBkSKUPSdjgFrrpx9jcngBN8yUteslpB0Bd+X8I8kgDaz5CLdDkNwukqIpjKaSpfWs8lLnGJyomhwNvavyqSAIyLiL7cWZvIrXKU+tHlc20R8US0GLomGYEuJAHoLg4B/WWVyRxmSNKcJMscY0ZYnyhXWgrdyBFuCnTMIwmgjvrJHBcIMc8ZSE4ZI6ds80l0V/mIhPGjazhVHJMmdCEJYLzpY4EQ5DuVz5lRvkv5nAARa/POveaSfmnSd6skCcAO0pkCMdpNF7o/16/6ko6iY9xLPul3zkgTQYB5JAHMKfJBx0mBa5Nlcsw5ty/HqiSyS17a0EYSEsgy2USgBRCU48rLTjpB+Q5CUD7Hir5swjySAGSZPVM++eDQc8hzWUqyzF5x/sgy2TcO5LsNqyIJoAx6WlCT3eL8m6d1X8GYsS/Ghc3QFhF49q3JV5hHEoAscaKRPs66o0kdFpNkOfUlWdaXZBnJZI/5eG2+wjySAGSMnbYiYLWVT2AOJL2Yl89XkdJOH/Ht/Ou7pvbPIwlApyKa5IhfJ3uAnkIEcr1U18vmsrlExpoQJKHFsUsgVDrI8qiLsaP45exLh6FgndjAAcGI2wxxQheSAASEYFE4IqHKMAlNLE6nf/1N2HyvPu5vIyjQhSQkaA/DrWzt1F7laL9+4CClvtFP+mseupAEMFYUDAdP2crgoFC+ykdGGGzKwds8CTyD1qRMElZNEoAi4aSoI+cXmUPqTEBjqU0iS9ro1ARt1vZSdCGhC0nIQUEYI8/nWJNlfZjLsqMxGW5j7plt5UMXkgBk0vNE5Z2gdbnLXa7awOjNnd5YKr/X36KExlI9KbU2We5CEnIo35xxIgsnyik/ylU+J8HfSIzjMZMszWv/KkkCMAhIE2ce6ZIKJbJ5vvOd7zftcOKLl97tuuuu1ZgysPV9UXV0JQlALqXPiYKRZcaR0SFHVr8QUQ6AVQ9Gu75JuYQuJAGMB7IkKCEKSS9I7WRsle33HAB1sx9F+5XftnoHXUkCcOhTmgMCxjjTAUiDOmiH8tUNmaHvtb/JEYBVk4QEzhungj4yXqLUSb/qS3qSft1rr72q+rEdbY43dCEJYCw5L2SeLHPWS7JsTtIZdL9AVRfHtwtJAGSHHdB+ukdwIOkk5SPZyr/KVa5S9Q1ZmvfMLiQBtF8wjCybe/QSMikiTY74E0mWyLL2I6XzZBlWSRJAW8xhcsN+aAt7ph+SrUaufCf4kvTrPHQhCWBuGUuBC/ZAIMV4sTfsKztLlvUznaVNdO68sexCEkD55pJgGFlSBh9P+fQCX0mwWWYA2WT7yfI8vej7eSQhgQ5B1uhedlz59Jn2kyd22qERe+65Z2X72a558hEkoQNJSJC2YcIQFkuEjJ9Bl4ohImCyd0VXkpBAABl59Va+wRbp9S9F7HPftxmhHIuQhATtM1G1V7u1Xz9QRISNgHZFV5KQQ7RAvRkUE1z7lW8CihhKt5rn0CVsBUlIUEfpPups4qqHtlhh8CyKY55Dl0DBLUISEpIsGzt9iGj6N8lyFyOU0JUkJGi/sVQ+IkRZmQvInr8t185ThgmetQhJSND/ZJlBUT5HjjwrnxGW7tYVqyYJCeY6woB4ipwZA/3I0WWYnfiCTHSdE4uQhATjyCGyymhOkqNEPPWHCF1XndSVJOTQfulTjvs1B80jjgjnTGRPhK6rfjGXupKEBL8RlOHkISnkQPtFfM0Lbera/q0iCQmIl/QVTg5dZCz1pfGgq+iMrrLUlSQkJFlWPllGMsmyOSl4YfWsbeWihK4kIYEskyWrqMZBWhsbKahAlslS1/Z3JQkJ2u+y+pRkmSzRicq3oq58fdQVqyYJOcgSGWDPjGWyL8gCktW0MlxCV5KQg/3k3JNlAQN6gVOOdFndo9+79mVXkpCDzFkxsKKSfJVUPllGjLtiEZKQYMzJEr1MLymfPJlLZFn5XdsfJGEBkkBBGHwCyInilPrX3wayqwKBZUiC5yunrfyuBmkZktBWvn5ZRIEtQxK0TfmUeV4+haT8Rdq/lSQhjaU6q7t2LCtLnrEMSUjlt8lSVyxKErTflcpXNgLq30XLd98yJMHvkizXy0+y1BVbSRJc5k+aE6kd5IpBNSfd0wXLkIR6+cpetvxlSEIq3/0MaCrf/xct37gvShI8mz0ple8z33Utf6tJAplvGss0J7q2ZRmS4Jony4tgUZJQKt+1jCwvSxJKsrxM+bCVJCHXr0mW/Jv06yJjuQxJGFKWlyEJaSzb9GJX6MdFSUJefl9ZCpKwAEkYEouShKGxDEkYEsuQhCGxlSRhSFB4y5CEIbEoSRgSlP0yJGFIbBVJGBqMx6IkYUgsQxKGhLm0KEkYEltNEobEoiRhDCxKEobEoiRhDGwlSRgSy5CEIbEMSRgSy5CEITFZkiClgGNh4G0IWvXFGZBjaCmx9P3Yl3KdNmPyl74f+5JmIyedc+2UidI9Y14ce0rUxuy+IEM2K1HIpbLGvCgOfSlvl3NXumfsS3qF/TCWdUvfj3lZOpYyRJYspZbuGfvi1NoAhiz1ASMovcKydKmcsS8kxzhuVflS3WwKlbNsY1/pnjEvc8m+K/sLSt+PfXFo6SS52vZ89AHH0MZ/6R3SzkrljXmxL3Ki5UaXvl/FZa8O+2ZcS9+PeUlblHevD0rfr+JStvHvSxIEf+wt2Ar97pIyY48K0kVHle4Z85I6aa+OfSGl78e+BJTt0yHLNlyX7hnzkrLFLklB3GqslCTIsUwbSyjlVV82tjij2SbV0vdjX8pVPqNY+n7sy4kOTpixuUn0rHTPmNeOHTsqJTpEdICT6Px6Oaylssa85HvavOnkDW0q3TP2ZQxt8BPtKH0/5pU2qNpo6JSW0j1jXzYaCjj0jbTZi8FJ3Ko5aZ+RDZqc9NL3Y1/6kU44//nPX+Uvl+4Z8zKXRCxtoC19P/ZlZVPZ8tDln/cBx5BjYa8N56JU3pgXGXIggM3zpe9XcTmJyIEexrX0/ZiXLAU6yabn0veruBzdbMNqX5KAZNJL7EypnLEvDqoTpvhMdFTpnjEvskwn2bhe+n7si3PuKG6k0x6h0j1jXjbLm0eCR1uNlZIEZ3zrdBEPZ9Wu+iLsUkQosNL3Y1/KdYIMw1T6fuzLMqxj70ShbdQq3TPmZQORKJfoZV+I1og+boUsOWHGSRhOBbKBu3TP2JdNaU4DkqpR+n7My4ZRm0SdiqIfSveMfVmG5RT4fx9IDZECSCnXy1jFJWJHJ21V+eYkORK1s3m0dM+Yl7nkRBRpkKXvx75E7DhinIJFNjaWwDF0Sg89i7yWyhvz0gYnqDhJpfT9Ki46gX0xrqXvx7ycaOM0KPJU+n4VF8I5xEqC1Vor5RzUUjljX1LWkC0yRUeV7hnzUq5AmCBU6fuxL/6RY7ttPpYeXbpnzItfIZgupXirEXsSVojYkxB7EoZC7EmIPQlDIPYkxJ6EIRF7EmJPwhCIPQmxcXnj09UiSEKQhCEQJCFIwlAIkhAkYSgESQiSMBSCJARJSFhrkuC4KINlkJyxS4k7t9m//vY5Zdz1WKlljkD1/KHKX5QkpPIdodVUvv7pWv4yJMG4Kf+nP/1pdc5yKt/53Y4ZW6T8rX5Pgrqqs7qnvtQmbdPGrn2yDEnQR/NkWV937ctljkBNsqz9NmlKr/Cvv5Msd8EyJCEvX3vr5S8qS1tFEtTPUXaOFSzNCUfekY+u7ViGJJAT5XvvRCrflcr3TGPUBcuQBO13zF+9fA73ouUvQxLy8vU7OXKpi+MztaNr+VtNEtxXl6U0lmlOdG3LoiQhyXKbfl/UQVyUJJDlkizlc6lr+5c5AtWz58ly17kMW0US1DG31cYwjSV9aywX0UvLkIRUvvKUnfR76stFZHlRklCX5VL5i4ylui5KEoaU5SAJcxw7A+kyUJwxSs9b/LyxlhLinMjJZtg5KxRt+k0bupKE9Cx19nyn8cgZtplGnpx/nTzg80XK70oS0rM81/M5ENpr47P2+1d/6Bf9k5yreeV3JQnpWQTa23flKnPIbKTRfuXrR3lz3iZMIXYpfytIQqoXQ6yuTiWy2ZksaYs2aZs2fv3rX6/aPK8tJnsXkpCe4yJLXvTiVCBjpw/lz/o3yXJ6a/e88qErSUjPUmcOIaXrTbny0L1Ndbfddqs2r3r7KyPbpf3u6UoS0rO03+vqjRvZcaKPTX76UH3k8XoRTTJkbeXDqklCqhNDxADIWbXRl4NPjsiTfqTYOYl5O9rawnB1IQnpOfreBluOmPG3sVD59hToR06S+c2wpbFsQ1eSkJfP6Hnzsd/Jf0/lyx+WF+7FTXn5bXXQT11IQl4+J8SLrrTf25WvetWrVpe5bCzlc3OKupS/apKQ6pPaov+PP/74auO0+tMJ+tLbtI2Jl/ZxfOa1A7qShPQsdTSW9g+QZW94NpZy+r3V2n4VG/vzfpxXhy4kIT3Hc7347+STT67G0jzQfodbJFnWl/lYtqErSUjlm8tIpfKTLCtb/3P27buyj9Ic7SJLsGqSkOrEbnznO9+p9tjIo3eoR7IvfA51ouvo4fSbtrZ0JQnpOfqH/bJ/ga9kbwz7Qr/rV6cVsX9dZbkrSUjPIssccnacPVW+Tc/KP+CAA6pT+Mhy1/YvQhI8R/u/973vVbJk76k3PJtL5CntnfTCVGShiywHSZjj2GFj3tzpNB4dbQOPEwMMgEGjhCgwisxEMAkYhnkTsytJMJBOYqKoTRTP51zasMkp8a+/fW4iOM0ivX24DV1JgnZ43o4dOyqlm5wP7dZ+DqL+0C+E0FGQjLZ+a0NXkqB8yoHxvuY1r1kpbJOcwlJ340DpUEb6h2JUJwa3DVtBEtRJ3fQRhUGBUDw+0xZt0jbfO3lLm+dFAhnAriSBgiXLHCgODflrkmUOOwXrCDSkpg1dSYKohuNule94RqePnOMc55j98R//cXU6k3/97ThXmw5tLCd7lHkTKLmuJEFfedslGXI8os3e9fKdIqFeTvmhHxw5N08xr5okmBPGnAFgfMg8Z4SD5ehQ42FDvo2GCBiHj8HieLYZhK4kgUPDcKorOUIOGFEOpj7gNCvfaRicPIEMbUJo2tCVJDCa7uXMI3g2+9q07u2myibjHBQyafMmJwUh5my0tb8rSSBznEBtNu8ufvGLVyf5/Mmf/EklR64//dM/nf3FX/xFtXnYXHr6059eRRL1XRO2iiSceeaZ1QZf9o3Mc2LoIjpBX9JR9Cud5CSxE044Ya5+7UoS1NNblo0V+5VkmSyRZbpJ0ED5ydHk/CFnxqENXUkCWXZKGoccOUEula/95EkAjq1g33xvfhjLNnQlCepGb5M5R5JzYsnya17zmqpstlR5DjrRHnUkywjNvPavmiSwE46WdxoRvcNXIPc2v+pLYykAw5egN9h/n9E7bfOyK0nQH+7hi5Al+t2pe2le0u9OT2NfzEu6ToBl3lzrShL0M7lHsp3q5XQx9qVevpOSzE3ybJyRw7axXIQkIPLGiqwiB2TZfKGXzacky4iL7/k/805SC5LQ4NgZNEtFlCenieEyATBUQmVgRRX8izWK/HJosDSTg9PY5qh3IQki55w2Rp7zqM7KUR6HS/n+TeX73qRktP3O75vQhSRoG+XFqRLJQH6UQ0Gm9muj/tAv+kc/6S9Ok7o1CX8XkqBdnA2nUJmk+lcEWPmp/eqhfG2lICghz1Vv0eAmrJokMBpej85BVkfG+9vf/nblOOnDNJbapo2cWW3g/Dpzm1EsoQtJ4Jj4PUMrktBVlo05cuxfUb4mdCEJymI0RewdvetIO9fv/d7v/dbl8z/8wz+sHC/GQT/oqxLI1zySwAAhGgwtp5KS9vy28v/gD/6gOpubE06W2wzJKkmCcWCsOb4cG3qEbFH09FWak5w4feaZ5hCHgdP+iU98onFOdiEJdKf6meMivkgUI5KX71K+aKI54XkcA3Ug255RQheS4NmIJmdJ+WTPXP7+979fyXhqv37iXJgbr3rVq6ogC1KO9Da1vwtJUHcOJGcR0WX4yUqbHHEMdtlll8pw07tNjs4qSYI5wfnQ1/Ql3USWjKXUiKRf9SUdRZaQCY4S+0Z3urcJXUiC8UJeOStk2bjWZSmXZc8ky3QoR1Q0uI10tZEE7XeRZToR4eaQf/GLXyzKMllSPllmNzmiym9CF5KgbRw3JFp/Kt8Kc5MsK48sCwRaAaZ3muYSrJIkqC/fQ4CLrWa/6r5CstVsgWda/WdftIXdaRrLLiTBsz0PIaffOeVt+t3FvghG6Xt6ogldSILykVn25SIXuUg179v0AvsjILXrrrtW84/cNY1lF5Lgt4IknsUWI/fzZJnsJ73ILjQhSELBsSOshFkkjgBTNDq2jcWC6DlDR/H5nYiASV4ySvNIAsfHpGOM3/jGN1ZOMGXfxLh97nvK1P0G3+89pwTlNpEE9VVvjq92YLvaNW91QP/oJ9EBToH+oyRKk38eSRApMemMESbMAabs2tqvHMtsJggjov85ECWskiSYrJQswsmpUsc25a4t+ppDJdLBcWNsTfg65pGE1CccZGRP3ywiyxQPx4mCaCIK80gCY+H3FHKT4my63O9FaRy3kizPIwnaT4Grn+iOCG+T8ShdlLlIMYJFJ5RkeVUkgbNmPIwjg8URMU5NTi858h2nz9iYE5whjmPpN2SiiSR4FplNhsUKFLmjJ9pgbnMAOOfmAMfF3Cs5bvNIAseVI0UnCIKImim/NCagzi7jRs9wwM1BwY5S++eRBO23WmN1JBHdksyULveKKEoFIy+l1blVkQR9oi85kFZhyBQdldIvmuA5HFgRbvpEX9JRJbAvbSSBLiFnnG1BkCTLbeXrf7IswGGVUx3o3KbxbyIJyuB40f2cWnOJA06W5pVPlsmPeco2k+WS/ZpHEugkdfMMAUDPSWlxTVA3OgBZQ5D1v2BOky1ZFUlAEARHzR1jSh938RXYJY4vkqY9yEOpLfNIAh9D4E0ACmkvzb+my7xE9un3JqIwjySkuWQlqI2clC72xYqjPqD/S7I0jyT4jI+EbPOZusqyfkPmEHR+nvJLCJJQc+x8RyiTEuDMm9CLwEROjjolYRLVFVkbSeBUGRSTTjpRW7pFCe73O7/3HM+ro4kkqCfmqd7qpx3aswj0l/aJOOlHEcX65G8jCZSHiBEDIm3AJGgT+DoYYO0SOUUUSisKqyIJjKhJqC76ZJGxZDC0XfRIX+oTfZOjjSQYy+Sgi9iI1C0qS8ZeegGjbEWBQqwbsjaSQPEr3zsxFiUI6aJIr3SlK1WKuu6UqEsTSfAdRUgGnDPNSSs9f96l3paujSEnqS7LqyAJHEjOnHFgkDgri0CdOVdk3rnfnMc6mkhCcqoEC+hExtK4tjk0dXBUGFuOjTZoa915aSMJ5I6c7dixo3JIEOYm57AE7Tc/RcwFL5CWOppIgvZrKydpGYKQX5wIxlz59bm4KpLg2WRMagv9Z44vMpZ0kvx480FqhXGrz4k2ksC+kDGktSn40YQ0FuYcWSIvnMdS/ZtIgoiq1SCpU2SZfVpEljjA2oeksJGcsrrz2kYS2Ed2VfsRBP7GItBW5Wu7+dy0OjY2STAW5qVgpDmNQC+ql/QlokOvsKEc0vpYtJEEwURjyEFnJ0pzbt5lLrMPdDiyXEcbSeCM+5z9NbdLz593sS8XuMAFKlnSxvpcaiMJfEv22Vw21uzTorJMR7AJ9rbyJer6IkhCzbGjqLEyKT6Mfn1QuiKlBXh7qugXxZSjiSSYBNigAaPIli3f70ShPUcOY11RNpEEv1NfKUt+3xQ9ngcG0LM9h/LQrzmaSIIJgeBwBvTDvEhlExAFS7kiBJzbunIZmyRQoORMTiDHw3gvM5aeYyLrC0TBSkSu9NtIAmeALNssJfqnb5cBJ4IsMDrGpi5LTSRB+y0Bc/CXJQjpYgBEihClPArLODaRBMZYPqyVgGUVeLoYEhEfc4mTk2MVJMH4cYpE0EVTl4Hx4Nx5Dke4Tv6bSILxNl+k2HDgOVUlp2QePIdDRY7Ni3o6ZBNJMAf0MaeUk18nyl2h/eZoWlFAIHOoX4kkJLJNl/chCOkii3S/lZAcqyAJdAmnklPBuaFflxlLusx81w66j743TgltJCHpZbqBk7cMjIl2GC+OdololEgCGef0GUuOz6JkM0H/mq9SfzhYnpO3v40k2EyPYHC62lKC22DMbD71HHPGnKxjbJKg3/SvKLgAwqIEIcFz6E71FRCrP6eJJGiXlfFrXetag+h3dsJY0hP5WLaRBLJsr07f8tlHeyXMpfpYNpEEcm1+I7sCJ/THsrKsb5FW8xLxy9sfJCFz7HQwgbCczxmoO5aLAstj1Ak/ZZAr4yaSgMkaLL+rE4tF4fcMLkVqoHOUSIL6SVcidMpfliAkEG79SJHKecsFuIkkcBQ4SpzORVdw6mC4pH7JYeWc5BibJGgrp12+qahR37HUFo5NPZpOUZRIgrF0gkIyxn3BoTKWSB8HJh/LJpIg2sx576tA00WRSg+w0TFBO0skgZKzgkTGFl2CbroQFTmn8obpkISxSQJSwnhZkVrWqUhQb8aeTkA8cjSRBHqAgXASF/2Q67FFQW44HcqhA3Md20QS6AH6SMCjlFK3CLRfuoi2IL45mkgCPcbhs9mxL0FI10UvetFqnDntCasgCciO59P9+j53BhYFh8XqpDf3s1t5EKKJJNCD9JjvzNs+IIeCIFYzpLjWUSIJnHmpctKsFl1BqUP/aScHjg7Ix7KJJNDjCLK0P3qkD9SdzqF7ONd1jEkSlG1eIpvSxZYlezk44WTDimc+Lk0kgS5gw5ddQahf7IsVb75Srt9LJMG8Md4CHoJHpectemmHgxYEtvL2N5GEtIpiDMyrPrJMRqSxpX7OZSZIQubYiapYurFRtq8CAeUw6o7Es6SWR0BLJIHgUWAcLhNlCHgOwyNnLzcIJZKgfiKNNmsy2PVlp0Wh/xg7ebgMcr4qUCIJ6sepl58oQjAE0m5/ht/zUx+MTRIYJisYnPS2DdSLwFhRovoyOelNJIEy0TYyzrHrC7KsHZZ1kYFclptIApmjdIdS4i77EziRqf1krEQSKHD1sjmt9JxlLylLVvhEWxLGJgnyRsmRuTEE9JfIkzrnRtf/6yTBuHMAkaNTTz21cnL6wPwzdtILOP456WkiCcgup8opbkPASgTnCeFUTtIJJZKgrmzB1a52tcHIpsuzlJXrhrFJgrEkoxwbMjUEON1WKtmtPKjURBLoe0E4jlCaw31AfqQT6rdcJ0GdJCiPjkYQrJbnsr8sPDvtK8j1bBNJECwTBOTcGY++kF4iCCS1OXcgYUyS4JnmJb3AiR6iLcgA2bBqnrelRBKMpfqYl0MRd8+RVnr44Ydv0nMlksDu0Nd8paHKd9nMzJbm9qVEEpTP3krJZo+GAD1HJ2l/vjIXJCFz7DhbnD3XUDCZUgRYZDWhRBLcK+pN4eZC0geeg+lzyHOlWCIJlJwoB+ehrnD7QH9S5Hk0v0QSKFxRIRHTenrSssCwpciYZNqfiN+YJIHTYTI7spWj2ndFJEFbOIv6Mq1MNJEEn5nUJvxQMCbSPYxRrkTqJCE5go65W3YfQNOFcDDKaX40kQQRU9F3J8uUnrPspXxzNI8CjkkS9KV20B8cjyFgbMwJufH5qlSJJOhnK2FODfH/5FD3hcivPObcWS2RBOX5G0lgrIeA9hszxwDmq0IlkkAPipY7FndIZ8AlDS+PAI9NEjyfLbBSnBznvuBMSYEUWDMPk3w0kQSy7POhAiegD3fs2PFbJ7TUSQI9zLF09CRZH0KWyRIZdlwzW5ae2UQS5O/ToRzeocB5NKbKzzEmSeBQSv9jX5ZNfyyB/8G+5avFJZLA/rlvSOLusppgI7P2pbEskQSOO51EL5Ses+zFXpKl3JaVSIJ5Z7+mlf2h/At9S19YGeQfpfYHSchIgmi/JW0Rs6FAQTOImH5u5EokgcG2wVSUZUgonxLJncgSSRB154BR+vnScV8wsqInlvkTSiQBieIEU2xDwjKaIxMZpuQQjEkStAfhctb+UI5dAoeJYk5GtokkUCgMsrEcCqLz5oi+zDfD10kCx52StYLWdy9C/WIUOLLkJ5VVIgnkypnqpWf0vThf+UrfmCSBvIrUcraSgRwC+kfwAgFIKJGEFDggS0MGDpBM+tfqSDJGJZKg/fpWv/R1dnKYl3S9+Z+eWyIJouP+dt56SRb6XAisvk3tH5sk0BNWN+uOax+Yf/pIKhb7xmmGOknQRpe9AFKEhnJsgN6hE+srbXWSQL7IFr0/FLTJvECipe8l+1IiCe4V+bUi1jeVNweHWmCtbjfHJAlW4/TvModhtEEfKstKT0KJJOhfQQan1ZXmVp/L6rPnJx+oRBLUg+M+dBDMZXXC+wwSSiSBr0SWBeyGhLniFEJzKvV1kISMJHDOfZZH/PuC0tTJUm5MtoQSSeBkMIilkzf6QAqRs3AJWUKJJFg+FP1FVpKyGwKUs6X93CEpkQQburBzUc4hwTjqa+ObJv6YJIHSpDw5qUPKElDUIlEpAttEEpyEwwms78XoAzIhD5JDkEcC6yTBfRxnym7IVCOXaC6DnIh0E0mQrsZJKj2j78Uw5YGEMUkCY8zYW1JOzuQQEEHnMEo7SiiRBOPseDwOWDIaQ4BetCLD8KZc7hJJQCb0LSM1ZPs5HlJE6JtEfkokQTqHDdtDRyxd9uqYN8nJGpsksCvka6j0BDAmxs/Ls3InpkQSfMfZMU8SmRgCZNQL4OpOTJ0kmF/kSzrLUNAuOkgKk8276VCDEkkwzgg/B3BI+yrlSmonfZ9jTJLArtloa84O2RZ2Wbpx7iSXSAKfxrwcOgjFvnjPguBaWq1vIgnsYOkZfa8LXehCFelLKJEE80udjPuQMFfYADqCPoIgCRlJ0DE6yIbjoZCiqgaZYCeUSIJcc0aDsz4kRNIZw3yjXokkcNLlGBKOIZW4qInNNXmkp0QSnBRgcvh3SFDYjj3kfCUlMyZJoFzsbeEElU6d6AN9oyyOOTSRBKcAIYZ9N7rmYBC1jRKz6kS2oUQSRISG3o+QLgYjjVsTSUAi1LP0+74XQ2Ic0hwZkyRwgKxCljZm9oGVILnMnNKEEklAMp1eQl8lZ2so0H+MXHKsSiRBPUXL6mkrfSFFgrO4Y8eO3xjeEklA0oY4vaR0iUJK2UjGeGySQD49v6+c1kFuzD9BoDSWdZJgnjr8wFudrSgPSfg4rKLzbFyOOknQF/p76CAU2Odh3qYTs0okwZha0RfAGbL9iLSy6YkcY5EEYymQaHXNSURDtsXKpTGScp1QIgnsi4BmaV71ueh2G5GNUUpprZME7UX4hk41SpeVDP5KQokkGBPpVuo5JJRFjvg0KY0sSEKNJMjTHXIp0IQykbqQBJOQolO3IYF0OCqN45pQIglSKESEkJrkAA4Bxg9JsMycsGqSIMrC+VkVSWAwGYShSQLlqKyURtREEkRikIQhVzISSXCmM+cxyUiJJBhDOddjkARpTCmXWx2aSMJYStxl3qT2j0kSbBp2OhhnZ0joM46VNKKENpLAQKVVuKHAGCEJyRivmiR4ZheSQHePQRKsTqySJBhD4z20fiU3Vk3NuTaSwA4mkjAkyA2ZmUcSHBlK5+d2cCjYcGvepuM7SyTB+CaSMCSsdrFBTuzKMSZJYGvOcY5zDE4SBLXMiTxCvo4kwerjWEGo85znPJvSiEokgd+EJJROteoDuoK9IctBEgokgbMjLcYEHwrKEnWVi5mvEJRIgnxvRmqokycSKGX5e3kaU4kkMCiUPadTvYeCaChHI3d0SiQhvUlyyOVw0P/KZxyTozMmSbD8blWGQcxz94eA1RjpRskhbyIJ3k1B0eTy3RfGSXucMMR5TcahThJE2MkXxT40SfA8xp+RgCaSQK6tZJSe0fc65znPWc3R1P4xSQIjzLEw7omUDAEywxl2wlBCiSQwEPYJqVMy0EPAs7RLND85MSWSIGCjfOkkQ7ZfxJLhl8velm7EUFoRHCP3GPHgtKd0q7FJgiAQ3TGkY2EOqD/izs6kvqyThHSfTcNSAYcknIis1Dn9lqNOEtgB7c+j1H2hXeTy5je/eaVz0wl+JZJgTMgSmU91GgJ0snlcJ0ljkQRt5syntNMhx9LmcwHN3C6XSAKdK/A4NHlPJIF/ltIASyRBPcyvodOdXBe72MU26aASSbAPhWxx3oeEsviA+apgkITMieLkiL4OudlTp1MeIlZ5fniJJDCSJra0oKGcdM8ROanvtSiRBI6DOqnvkEqME8nQ5yspJZIgaqf/RTiHaj+HlXEUdeBEpxSRMUmC9nBCrnCFK1TtTO3rC8ZIDrnVlnQqTRNJ4MRyQPIUs76goBh4DnkuS3WSoJ5Wo9RpjI3L8n+1OZVVIgmcozFyVl1WSHLCPyZJoD8QXKfSDLnZE4nlEOcbBEskwZzkoFuJS0ZzCCRdJyCQnP8SSTB3OA36JRmtIWD+W8lQfnI8SiRBmeacl6iVZKHP5Zk5+RmbJCD22jLkiWeebbWUruNMJf1aJwkJTm5xKktaPRkCyIl+q+u6Okng2CIINqwPBWNnrASEBKGS3SqRBCBfTjhKUdohoK/NkTyPH8YiCWD1wolW0iCXfeFpCVaj2Ldcl5ZIAp3vMJShyTuScL7zna8avzRvSnsSyJS3rzuytPScZS/lO10oJ/IlkqBPpIuSp6Q/+sJzpNp7aSmblvo6SEJGEggGJcrhoewwxj7we4aVM47pM7gJJZJgUBguRrL+NtBlIRJJmCwhpUGHEklQP/V0AoO0kiHarx/1p37NV2hKJMHE49hSEkO8nAUIvSisSI/2pzaNSRKUIaLGSHFChkpfM5ZyFUXNjA80kYRkpBhPSqYvtEn5loJF4/w/oU4S3OuSujf0qTCWuG2kTUvBFFuJJCBpxmToDadWMsxbijNhTJIAlLO25McC9gHZFAiwapqvdJkfdZKAmCASIsCLvvK/DeYk4oGsJJRIAnA0RUmH2qulnUi0iJl5khy7EklIq4Kie0MSTs/yptg89WVskkAX2qskNWaofXf0kDRSclMPQpVIQumIyz4wlvSv4FIehIM6SeDM+puuEMQYQpbJDkfZXOLEJiT9WycJHE32LddVfaBtgprGtL5qPCZJID/GkT1gq5Nd7QN2yjP1WX7EdIkkkDt2cIz34FgV077UphJJMO4+81JEjn3pWctcVkb4RflYlkgCHU6H2gg/lK9E18lmcTQ0+U3tD5KQDQbBw2Qx5CEMosEV8SV0DE1aVoYSSQBKXMqN01P6Tjy/F2XxPIo0R4kkqJ+o+1/91V9VQtLXudR/BNjJTpavkoBDiSSATWXq6/4h2m98Pc9JJjnGJAmg70StOLT5Jt8+YOA4o2Q0oYkkGEunbVAinOi+0B6G3cvUGI1cluskIUFkS9R9KOeKMt51112rqHpCE0lgTCjVofNGRZmMQx49G5sk0B0cahHYfK4sCxFlCl86Wi6XJZJgDiMSHFopXvkcXgbmJANno6e843zPThNJMK84z+ZwX50ECKQyHDet/UnPlEiC7421vVpDvnPDs/R/WhGEsUmCdiJHVqaGeFmlvtGXggHmek48mkiCfQECVqL+yXnvA3Of063f6s+rkwTtp8OsRHJ4k8O5LLTffEAQBOLyIGATSWAL6Aqy37d84EBz4AQX688bkyQoi9PupDljOsRY0jP6kj1NaWtQIgnADoq6D+Wke459bAKaefklkmDs+RAOehky5cnqIqKUr9rSeXWSAHwn/kXdXiwDc8PqFjnS/jwIGCQhc+zAwHPeOXhIA2FYBn5nNUCH6/g622siCZSu5VAsmXFKBmxR+J3fU1QEqb6BtkQSwEkJohJ+R2iWbb/yCTTlqZx6lKeJJCBnlsM5RX1e3uR3JhrHSu5iHjGFsUmCftN/e++9d2UQ+4wlkEX7SshTfmIR5VwiCaA+2iilgXJdtnxtYQAZNi9vUZccTSSBo8PpHOosa0u7ZCmP4qtbiSSA+zhEQ5EUz2EU6rI0Nklg5DlByK5o7bJzEsiBTXn195aA7+okAaTccKo59n2ORyZ/DB7SI3Ag/TAPxDSRBPWSgkiPGtM+7TdfpIV4Vp5qBb6rkwSgnzhbQ+Ygc0ZEAvP2j00SgO7Qv96HQz/30a90Gpl3rjr9kLeliSS4x1yhL8lSX1k2V8wLDlQddZIAnB+BuH333bdXIFD7BUroWEc9a2/ez00kQXk+syLMJi5bPphLVjHYytJm7DFJAuhXNpw88VuWHUt9aSw9x1jam5ijiSQok0Ntj1hpji16WXUW0OUD5eNSIgkJCK89DKXnLXrRLfyFOoFvIgn8S74HWbbi26f/yTJfjM6o7zMJklAjCTqbYtlll11+K/q/CCjQ9BzR+fpzmkiCAaNYbeojAMsOPCH3+3QWuefmaCIJ6snpISyi+cvmQVNM2u05+qH+nCaSoJ5WE4wNJbusEtVvFChFSbjr7R+bJCjPxSAgKSZ+3s5FIYpq8zvHJm9LG0kggxS7V9dbRly2fGMnbcobpDmWuQKBJpKgnpw7K1N9oy3SfLwJsy7LxrmJJIgG2awvRan0zEUvUR5zok6SxiYJ2mtlkUFirHNDsSj0B+JE9nPnCZpIAn3JcBpHc3LZ5W3PYditSgiCMP75WDaRBPdwHARP6CxyvSzMUWRbH+QOBzSRBDImYMFQD5G+hjSTF8Y4b/8qSEKyfVZG6v28COgAcu/FiinymreliSS4Bzmkl/Vzn30m7IuVUumP9TkJJZLAntAXZJldWLaf9SMi4HhcQS0OW97+JpLgHs6uwB2i3mdvhj6WGkyeS3Z6bJKgD+gTfSCHPqWALgpjQiboBc+pt6WJJOhLhP+yl71sb/vCQb/UpS5VpTV6bj6WbSRBCqRUzCEO6KAX6MV6enITSVBHK2MyX+xJWXbPmP5newQAEU5zKW9/kIQaSWAQTFwRaKkVhHBRo2SQRYkID4fX4NWd/SaSACabExAQBUq2/tt5MOh+hyD4tzR5m0iCsih8kQmbsaSsLJpTT8g8l3OaNqnV29BEEsDv9ZtNbpSs9uRCOw/uF73nCPh9qf5jk4QEfW9ySW3Qp4s66gyclQB7KjjjdVlsIwn6XOTMGIiQUDKLKhJGnNMqWiH3mJKuj0UTSQAKH8Fx0tCyDhYFfPGLX7xKM6qPpTY2kQTfKd+ytBf/lJ7d5bIM7SQPRsLz6rI8NkkAhh7RRBQYhJJTNA+IBjnk1FhZrI9jE0lwH7llpPWzOcWhXwTkVKoFncIRtiJCD+doIgng95xCTpGjHkvjMA90TXLOyEy9/cookQT3KYtBtgLSZ7MkR8AYcjzqumAVJEFbOBrSjjhlSPyijio5IescdLJEFutj0UQSwO8FOxLpXWZ/BF0j+MJ5a1pdK5EE7Ve+U3R87/eLHlPNaZNiI23JgRxWjNmcHE0kAdSHU0wWd+zYUe2PWBTKtxrGhimr1P6xSULqS7ZWypmxXnQsBSUFsMiilLVS9kITSQCyZ4wvfelLL00U2BcEwepOqf5tJMFY2hPiYJQ+RIFesCpCB9ZlqYkkgP4zx8ky27HoXlY6WDCcXbCvh32tlx8koeDY6SQTl6PuhBTCa2myNBFz+J7CsvnXsznYTcasjSS432Az1hx9zys52nX43n3upyA4G00pQ00kAUx+9VZ/RIWAdElz8Lv0YhdOpf5j7OpCB20kwXO0g3PHEHDALWfXnYoSTHLjJTVCP1AwpXqviiRoi7pzlCl193YxyvpE1NVGP44ZR9wErreFkmoiCaDPyIAxocgQBrI1byxBagKCoi+lqDRF/dpIgvYr31jYn7CoIk8EgYImW/V6+7uJJADZQ9SQ9stc5jILp4u438kt0uaa5uAqSAKYk/YFcJRFfKQ9zZsT+h/pR7rNZZEqSr8+54ABLpEE8BzOBoMuHdEBA+pbek4d+l+96TKROoawvhoFbSQBENycKJD73AFsgmcZG7/hhEvzKNXbs0okIcH3HCYO0TJEwYoWHcBBLbWPfI1NEoAMk6X0VniOLJkojUkd6kgXaAfHiV0soY0kgPI5V6LgNr/mezOaoN6cIivE5JRO9bsmGSyRBCDLZJ1zxAaZcxzBLrJEB9J32i81BsEo2bc2kgCcPVF4jhm5tFG3y1xWR+OWyD7i3VTvsUlCgvktgKRP2KsuAQRjyceil40TX8EKZakP2kiC5xgT4yxrY9FAFPuCYNBL7K0+rqONJEDKGjGXliEKCAKdQ5ZLc7CNJKgvvWiM+KrGqU0mchg3PhY/UPv5eJ5X74MgCQXHDgifKCzhZTgsdRMShjE5S6lDKU7KmCMkOsCAc7DbnME2kgDKN2mkeXimqLiccPcrP00m//qb4fE9A+5+p5f4veeU0EYSEtTfJNYeylz7RDDydmm/8vULg6Cf9NeLXvSiqv+aym8jCeB3yqGQPdOGJkfHuZ9ySb+hoEUTOP3IAQdCuzjjnKim8ldFEkAdKE7127FjRzU+8mIZhjwKZyy1zYTXVmOpLykg5KfUFsqgjSSA5xoLY+J5yjdWZMbYpef6FxGhjCkF93F+yVKb09JGEoCMUPTaL+eSUpynzJEJ9zlpIZH0kjFW5zaSAO7RTgRJeoQc0nnKXPlOzthjjz1+Q1CasCqSANrBSTAnOQoUt35HxJKB0V6GwwZl89eccNEPPmtyBttIQgLCoZ02i3qmVA9R6TQ+ycAon3EhOzbocoQQlLY9DfNIAjCS5gfHMjlKdCkinhwI7fd78196GEdMXc0pMt9kQH3eRhKAk8q5o2NEH8lJ28ZJJNNeGkRXpJLD0dQ2+m4VJAGSjHAS9KWovrQhjjNdkcbIeOpzqVHk0iqMtnM+63tzcswjCUCncXxS+XQoEliX5VQ+R9Q4sptWQOYRmyaSANqlj5SP8JJP5VttI8u5jOoncqv8JMsIirnUhHkkATiX2mtlkH03p5Rfl2UyR7cbK/Kp/YI3ZKnuNOdYFUkAdsv39BIbp3/Ins+1AfzLMVVv9o9P4bJCXO/zHG0kAdJzzfV99tmnSgudNy/ZH/bFCoa+NL6pnnXMIwlAlpFePg37Mi+IoG70gv08iBUb1qSX2kgCqLd+YRfIkv1GdBi9zG6l+U/myZK2Jr+OLPPr+CJN7Q+S0ODYJVCYOl9HUiYGwWVCUyomj79FFfzfhmdLiW0EAeaRBDBonDaKwyBxxDA+ZSnf8pR/le9z3zOE7ld+06BDF5IAnsMJ4WCktrr8X/tT+eqkf9RT2/RbG+aRBFB/k0L5+lWZqf3KUj6nyt8+d5nw0jKanMqEVZIEMEGRNhFVCjTVV905OsZSm3yW+lebtZ2RahrLLiQB/J7CNjbGSFnKVlaSZf+mz3xvzJXvd22YRxJA+8kERUcpWqqXwkNRc9gpdf869UVEiLPKqSSfFHDTWGrXPJKQ4DkUJxmRKsGJoqg5cql89VEv5TMMyue0tGGVJAHMCQaYA1afE+TIM5IcufQ3Z4mxbZprwNDMIwlAHukPck92UzlkQPmIQ6qTz4yjlYw2pxK6kARQT32ln5SfyuJgKzt9lurFuEmJaDPE0IUkAEMrWqf97pdW6S2puRz59/znP391+gtyQM9wKpscIVglSQBzEunjBHImky53Jf2qL/Wt/jSW5o5UoXkpOl1IAlhREHgSwNB2ZdPL5CDJsnJ97l9zkrPMkW4jCNBGEhKMJb0tEFGXZe0nT/lnZJkzSpba0IUkgP7nhJLlNG+1X/8nWU7td5FNsmwutREEWCVJAPKL9CjT/eqbxjLZl3yusoPSudmXNls9jyQAO6CdCDwCqe1SXG1qzu2Lfx0aIH1XfaxKNa0gJHQhCYCo2DuVDlmwV8LqYV4++3KRi1ykCpYZb33KL2jTy/NIAqg/OTeXELCkg9O8TXpZ3xsXn+ey3ORfQJCEOSQhgSCLslB6Olv0Q4f71wSgZAiISF8XdCEJCQaQcCjfykZSZsp3+dvnvndf24AndCUJCdqlfdqpvan9lID+0C/Kn+dQJnQhCQkmAAXA4HFglJ+3nxISjeAAlnLqSlg1SUhQN31kA3AiXqkdLkZAG7WVMzYPXUlCjkT8kizrB2WnsaRklE/pdUEXkpBANjkGiDRnkLEQ0ZDb699ETij7LrLs+64kIYEsM3xkRv8rV7SZo68+6qX8rrK8apIA5gTjwYBJ/2DEkoOR5gSSiZRyONuc04SuJCGBg2MeiUpxhnI5Ur5+5ARwKLvopK4kAbTfXBIBs9rK4JHBVAf/Z9g4AV0cSuhKEhLUUVRO/5v/oszk2KUeyBknoG1FM8eqSUIOc41NoA85A/owjaU5SZboV4S5i37tShIg6Xd7PpRfl2XOnPLJkn7pUj50IQkJZFkamtUC9a63P8kyh7VL+V1JAuSybOUtl2UXmRCk1BbBry7jCasmCQn0O4eeXeScpnH0L/vC2V5Ev3YhCTmMJbnnq9CnSHqal/wG48L/knbbZSy7koSERPzIfl4+G0GukSNEe17wKaELSchhvEuy7CJXSZbpxS52IUhCR5KQg2ARBE6Uf7sqrRyLkIQ6UvmWK5ctf1GSkGOI9i9CEupQnomg/SbNMuVvFUnIwThwHrRBW7Rp0bYsQxJymAvGkGL3bxdnpo5FSEIdylOu9ovqLdp+v1+UJORIskSWkbJlZGkrSEIJ+ZxYdE7BoiQhh3Egi+RICt0y5S9CEkpQvvYvW/6iJCGHuZyX34WU1LGVJCFHmhNpLP2tfYtgEZJQQpJlc3KZsYRFSEKOXJbVgY5ctP2LkIQSzMU+cxm2iiTk0G+5fenilNaxKEnIkWQ59aWxXXQsFyUJdfSV5UVJQo4ky8p3LTOXgyQsQRKGQB+SMAT6kIQh0IckDIF1IAlDgALoQxKGQB+S0Bd9ScIQWBeS0Bd9SMIQ6EsS+sJcWpYkDIF1IQlDoC9JGALLkoQh0JckDIF1IAlDoA9JGAJ9SUJf9CEJQ2CSJIHSZNidUsFZlyu96suyotM+DHzp+7Ev5doMLFWg9P3Yl30TTkDiYMrJK90z5sWhtSF6CIdIqpdlxK2QJQrUiTPO/XZmc+mesS8bgjlX8htL3495WbJFNB2tSZZK94x9Kdcm775vseVYWQ6XWlAqZ+xLWpATOjjppe/Hvji0luWlKMgTLt0z5mUu2fRnDErfj33ZnKv9HBJ/94FVOXt7pBVshX6lCwUO0ttbt+LyLggBHONa+n7Mi38hTUkflL5fxcW/kVLZlyTYZyBVhZ0rlTP25bAB+wtS6mLpnjEvvgqdIA2s9P3Yl7Qg7yjiq0ldLN0z5oUkCoJKFdtqrJQkELjLXe5y1SYWGxVXfaW39NllX/p+7CudLqMepe/HvtK59Tb7XexiFyveM+Z14QtfuCqXQ9QXokWidhe60IWKZY15aUc6xcH/S/eMfdm0qXybjkvfj3kZQzKkfDJVumfsy7gjaX0JJ+KK7Dido1TO2Jf+oxfOd77zFb8f+0o6gTxvhU4wjjYWOtWq9P3Y10UvetFq7B05zLHvAySBbXM5WalU3piXdhhLp7yUvl/FRZbppK3Qyzata7/NqqXvV3HZNGsTbV+SIH/e8dnaVCpn7MtG36QXtsJfO9e5zlWV75CL0vdjX+YvG6f9F7jABYr3jHnxK9TByWJbjZWvJHiDrU1nlvlXfdm8YjlUpKP0/diXcjkkTqsofT/2JfrsZXWWQ+3IL90z5mXpVNRQP/SFJXWRdG+LLJU15mUzuXIpcCfIlO4Z+xL5FLXyLoHS92Neou/G0lFyZKl0z9gXGXKEY9+VBOlqNlFLOSqVM/ZlJcrbU6UWlL4f+0rvRWGM1KV0z5iXuUSOpYGWvh/7siLoVBTpTiJ4fYAkOKKVnt0K/SplzrGeDgQofb+KKx0vaVxL3495OYGIfXGMden7VVxWBYdYSRC8sMIlkl4qZ+wLSRGIspKxFXrBHHLcsuN/S9+PfVlhFUCQvuZwmNI9Y170stRsBwhsNVa+J8ExiP6Vs7jqy5m6lOhWla9cESunf5S+H/uiuL38wykHNvSU7hnzIvxOHaAA+iIdn7cVY2ljIUf5yle+crXPonTP2BcnXV86Krj0/ZgXA+hUEEfKOTGqdM/YFxnmDPXdk2BZnYPOGJbKGfuysU3gZKvKd0QoYyRFxUbH0j1jXubSjh07KpJW+n7sy5nm0hq0f4g9CV4SJVVkK/QrXSg9QSS79P0qLsfPctaNa+n7MS9H5CJ7+qD0/Souey6H2JMgoGqvjHSXUjljX/aceaGletBRpXvGvDjpdIKsg9L3Y1/2IVzjGteo0lqd3li6Z8zLnkfB5K3aq5UjNi6vEMqNjcuxcXkIxMbl2Lg8BGLjcmxcHhKxcTk2Lg+B2LgcpxttfNoNfovN2ljHObGRxsAtenTisiTB8VWibCaOTSz+9feix1otSxK0U3tT+/2rP/TLIliWJGinyJCcXe1Xvpdk+XyRPlgHksDBdWa/NmiLNmmbz7uiD0kwZmQnle/fZY4B7UMSlG8O5bK8SPv7kIQky8r3jG9961tLyfI6kATHCzpDPY0jh3PRcVyWJBgDv01z0uv9RbwWPQa0D0mQXmMTeyo/nae/iE5YliRoPx1mJUAblO8M+EUdmnUgCdpClvKxpKMWnRN9SIKxTLJsTpKlRcuHZUiC9uu7VL7xVP6iRKsPSVA+WU6yRBaWaf9Wk4QkS0m/00uOml60LcuSBOXT70mWyRJfweeLYFmSQPeQ5bz8ZWRpWZKgncqnl5Is0zGL9n+QhA6OnfsJqnQGBtzpIxSAyzKMv6WtyBfr+rKZRUiC8uWoylllwJWn3HQxqj73vfu6CMEiJEF7tMsLsLxoS7s5hV6o5l+K0BsztUk/dSl/EZJA2E0u5Wun8p0cwcl3qpAJzBjJCVd+F6OwVSRB3dRRao60DpMvH0vL8/bJcDy7vGxmUZJgLOuyrNxclvWxNAUvm+kylouQBGPtuWRV+WQ3b38uy+6bp9B9vwhJcD9ZNlfN2VR+ms/Gw3gqv+vLZraCJBhHhJITKA3AfpDUDv9qhzkpn5dx6DInFiEJDCDnkR5xUlsqP13e/J7mpBeOdSlfPbuSBOUjtOac9muvvjOnncTihCQv4JJuwmFjLOdBHbuSBOXrf2klnCdl2WeW5Ej7OWicVOlwXZybrSQJdA1dXJIlbaGr6HeOTpexXIQkkGXBAXV9zWtes6l8l7FVvhcDkhFzsgv5W4QkcB7JElk2lnn5uSzTsV2c7kVIAp3EmZZu6MWAXiZZlyXlawuHjSx1af9WkARjQ3bpRPq1bl+SfnViEPLQxVdirxYhCeYR+6V8Zao7vSCVj6+gT8hSV1lehCRoD71o74R2Gru8fI628tlMjrv7543loiRB+XVZTlcuy+xmF70YJGGOY4eFyTk2cTkC9hFw7g08Y8JZtWnR55xmhtkEmbfxrAtJIECUt/IJlvIdW8q555RxTP3rbxtrfO8+zrTftU3AriSBo8ahorQ4Yk6t8IpxJyeky99OBKGUCRIFgD23oQtJUH+RB+3RLhuxbNB1YoZTK5TtX387lcQxYcaEApjn4K2aJGiLOiEHjKBNUI7A3bFjR7UhyO8pkYMOOqja7KZuCJn+Ed1uGktKrgtJYIiSc05xJFm2STTJsn/tU1lUlruQBPX3nFyWGTEyyDEqybJNd8a+LfqxCEkwJ9yjXdqnn20UVb72Gwf9r/02ECtff82TZc9U31WQBAaFPNiMSnaRZO2wSVKbOMfaQb70L/liHMwJRrnNKHYlCcpXV2SWzCT9xzk3jvKwHS/ss/vc5z6Vg4CskE/1bzKKXUiC3zJsHAblkxUncCQdQCc4hcT/6aXLXOYy1X4ZDg6y0uYw6ZsuJIGh5vgjINpKhvS1Ny7rf5/Zo2JcyDMHw+Y/R5zSdU3tXzVJSLLkHjqM/iFH2uP/+sFeKzKUNm5y+jgrosLmXhO6kATl0++5LJMZdUhEjywbE3aPLJHldBTmPAevC0kwlkmWky2nA+lf7VeHJllua38XkqD9iC4n1NtxtTWVT2aVrf9tGtZ+/oKN2PRtFwdv1SSBzLJX7Jb+02fakvSrZ5gPPjc/BMQEq/hYbb5KF5JgLIwlXazNjld3qlU64SrpBXrCda1rXavStZxlstxWfleSIJBpr6X77HdNvlK9fP+/6lWvWslbKr9t1bULSSBLiKZ5l+vlZBfoZfJkLpnLjuwmn/bGIittvlKQhAbHjtARegLnxA2KU5SFwNYFyt8MnMlhAExoSo/QNGEeSfBMS57KvM1tblOduuGZHM260vc3R8b37lNfv/P7JuHvQhIYLW269rWvXQk4gXcUWNPluDcTYtddd62Mif5rUqTzSELqf4rpKle5SjWx0lGXbRelcNnLXrba/GdMmtq/SpKgDqIWSZY4DxwM8lHvHwaNM+Pe/fffv7qfUXBvqS3un0cS/I6DTnmRD8qDUSLLuXKgaFzqKnKHxJBnSocsNGEeSdBGsug5xpwC1e+MQ105kQUOgO+1n9NKlpsMiWfPIwnaJLriFChtYqTIdUk5utccE9GkYNXVWLQRpVWRBHXjVCGajO+NbnSjKjLE+aw7AvpKdFSdEB9GM93bZJC6kARODWPFcSKbnBZGtPRMMutefWNDtLZJn9Dn2lLHPJLgN4ykoMXNb37z2TnPec65OsmFMDhelbNF7zU5jT6fRxI4ZuSc7jCX1JeT67f1NomOq6u5cZOb3KQinmlVodT+VZIE88ZKiLlrPpiXggdN8oFgew8Km2Vechroibr+SphHEpIsc/jZ1n322acKRKVIeQ6yrG8QXeULFrmXI940ltBGEpRvLM0lDpN57vQeslxyRNNc4tw6cIPDRe9of2ks55EEv9H/It7Kd/ACJ0z5nL0cykDmBEwQNXOJvaEvmpxmWCVJMNfZFLaNX6Vc81k78/4xlnwV9o9e2m+//Sq5K9mChHkkQf/Q72TZiYkClvN8Bd/THU7AMpYpql9CF5KgfKcLkk36Jh0x33Qpn0/lCHrls/lNenkeSdB+soxwpfnJ//nUpz5V7K807+hw+l7byGtT+4MkFBw7na4jOboMsSgQhd8FJovTbhhl/5rwJSXSRhKUz0iIeFIIjDZBKT0nh+/d537lU9BNjnobSfAc9TYpnJrTxTnPL+f5iu5RkiVHGNpIgvspZc6hc5GXKd+KA4PLOS2VvyqSoGwOJkXA4aZo2xR7gjHQB8YQAaAAKaJ6WxjANpJg4ieC4IQEUbCusqx8vzNO6sFBLKGNJGgHA28ljiE2J7oYLb/TT5x1R/WSae2ot9/fbSTB94wxguI5xruN8ORgmBkzipQsU9DqVccqSIJy9b/Ij34k24vs3+CsaocoNzkpGWT93UQSlE/WrKy4h7xzArrAeFt+P/DAAyvHgJNgztf7so0kuJchVL4oIENcmvttlygegmy+lNqvfW0kgW7VDgSNw8+h7gK/c3ITe0MH0D0lfb4qkkBmyDYHmd4wx6XgdYHnJmIh2q/O2lFvSxtJcC/7gnToDxFVuqYL6DNjcOMb37hybjhXTc5lE0lQPlk3b9l39UReu8Dv6DlyxH7TSepUb38bSXCvfuTU6UcrFEhY17ksLYksWe2R7lYigbAqkmAs6XV1sjrQdSzpZX7Q1a52td8QhZKj2kYS9BlfjV7kcLP9pbnfdAlsWnFA/syB0hjMIwn0El9lzz33nEsOShddZhWpSS/TFU0kIc0lKxheHkje2sh7Ds8lg7IJEFV62e/qshwkoeDYccYYqitd6UqVcSUE9Y5rgvsIPwXImHEgS5GMNpLg9wYFy8bO08DNq0O6x/1+J+Iheuh5dbSRBMKDoDAyizro6TJZvZTJ8jCiUEcbSeAMySf0Eg+TuPT8eZd6IwqcN0qkjlWRBG2xdExhi4SVJmEJaSzJjjqSJQ5rfSx930YSGDFpM9IuOAwMRpfywX3qT5YYZY5+CW0kwdyhuESdOfyLtt/95hJjrh3mZg7ft5EE/UWBW12ytMs5WqT96i99bo899qgMhb/rWAVJYDxPOOGEalUR4TTuqY+6wH0i3hx18miJu442kqB8c5UccgSQ70XKpnONk4i6FRqrRfXft5EE5dOZyxKEdCEK9E5prujTNpLAORPxZtA5lYu0X/05T6J8HGNRvvrvV0USOBocDm9kNifNqUXaYixFtZHVHTt2/EYWc8wjCfKl/Z7j0RRIK8F9Lv0ngIZgNJHVJpLgb7raW3yTc7pI+cbyM5/5TOU/mI/GjR7KMY8k6H+rmvQGHZva1QXuQzoRFc5dE1ldFUngK9C/bHZqSxe4j86h9/ha5r2xqKONJJBlQVwvGSvN9y5XIgpWtEqR+nkkQQDKcbvLEIR0ycAw9+nIOtpIgrGll9k3/YdsdpWldJ9+JUv0IntZl+UgCTXHjiI3GaTYWAosddo8uN9zRG0ZNcbN5MnRRhJMbBE3m5jqv+sKv0tLeiXnrokkUNiEkdB1WcpvuxAFb0vkZNajC20kgVNnBaNv+YiCFQ0ObB2rIgkcOkzdeJcczHkwiY0lBcwgccgZqQQGr4kk6HPG2NsyFyW7CUmWKWIOkvLrRreNJDDC2m9OLSvLZJKDzLmSJpS3X/2aSIK5K1oq/9PyKrK46FzWX55jLwWiQDbrKzGrIAkIZsrJRroXHUcwbgy+58j/ro9HE0kwP0Wn6ESGsp6m1gXqq3xjxVFmcDwzRxtJ4JT6nRSj0lxf5JKOICXUuOZQvxJJIDPItqCNlBTR66bobRO0n9xKZaOTObfmbY5VkAQOB7u21157VbqvtDo5D9pCl5Al/Wh1yhzN0UYS2Bc6wUr9IhH0HNphRYFjR5bq9gVKJIHccuDpS3YW2V1WltkQPoS5VF+JaSMJ+t9KFLLZFL2eB+3nvCL80uj0Yx1jkwTyLPAiGMlXacoaaIO+pHeUIVWHTNaDik0kQVn04uUud7mlg5np4mt4+aBxqaONJJx22mlVAEs6dOm5i1yIjjQhewdzNJEE7WczBF7SXMptY1eQ5eQPIp11vRgkoebYiRBgVRxrUcdlJjAYLAqAorCkyDjkaCIJDJBJ73clxbcI/J5TIY+x7kA2kQRLTvJ9RdxKgrzoZfJyUk20HE0kQYST4hvCGXCJOppEcoFzjE0SjL+2cF4p0NJqxiKgODmilIj8yQQTvIkkUKo2U1pNWoYgJJgD5MKcEL2rR+ObSAKZJ/uIQsmILQLODOeNc2XsEtStiSToD7LE8V7GgCX4nd9z3s0Nzmze/rFJAqXNeeSMGPtlxxE4c6LH6otA5WgiCfSIHHDOLednUQc5Qb0ZPHJivKQO5Q5aE0lQZ+UzooumE5QuOonTIYc4RxNJUGfOFnJlWT93OheB9tMLHHcrOgi8ZyesgiToYwafk25cl50T2kIPcNLsGfPcvJwmkqDv2DfBE87HsuUDnSZ4Iu1JEKCOEknggKmTgIvVrEUJQoL262NERRpnXS6aSILx5nDSy1KFlnHqEpTvZah0HBtTx5gkQfvpC/1ovrJ1fWTJWFqhtMmWT5CjiSRYzVOvIRx0F5+HHU37phJKJEGdtdeqqIyF0vMWveg2Msue5mgiCVZdBM34USntbVnQsQKJgrPam8tykITMsRMhFLEUMeUU9el0MLg6WAROJDKP3DWRBApMriED2hcEWbmeV1fWJZKgflIrbPIrCfGyl0lUj8A2kQQOjFOK+kYG0mXiiRAwSjnGJgkmGXbP6eDE9zGGCfIuOXe5c6OcEkmgTGzUZShKS5iLgixb4r/uda9bOXl55LCJJOgXDgHlM0T7yTKHIJdlzy2RBEaHUkUQLc0v6wwk+D3SY18Dw5yTvrFJgnaLcBnPZR30HAIRnBfORf68EknQbg6P5XTtKy3HLwI6iewgHMhjnvbURBI4YnRF35XF/HLyiBQ4cq1OYC7VSQL5QhAFOlK09P9r776jbSuqfI//rcOhtnY/WzGCLdIqahMfSlZSY0KMhGe4AoqhRdvRKmJozOG1ARvM0gbUlgZ8z0hSRPGqKO1ADIitAibizeHcM9/5nHtL1t7W2nufs9c6x9fO7xhrXDg71KqqWbPmb1bV2tPCNgk+gYe2LfQtEtTFvONwqbExLb5PoK0djclm27SJBP5e35tnm4HIYiGaPQFI8kC7NhkWCe7XljErUv7eDDgXg+8zZzqjwmYFs4U2kaB8Y1nAOW3wDj5J2dp0eGWwT5HgO/Ulf1gO7k+LvhR0O9/QzGa3iQTbUM17XcUKLtuOjMtmW9ZEgtiQvxardOmXnKuwMtecX9pEgnlHDGdemBY+kNCQPFDX5mpGioRGYCeYMKgFPBqtTB6Lxec5Lh2pkZtOpCYSvNdg94hMHdYFvsdkbHWk6SxqIoHD52y7NHqX7zP5NrP5NZHg/mQSbAeofc9iL6sJnJnghGNHnyJBv3MyJilbvqZdESroSxkoWx5k8dAmEkxS3ifo6CKwhMBFmwlkm/Y5LBLUnxPVv/arTnoochyCEHUS3JazCfqzJhIEn2Wrk/pPO5ahrdW9HDIr9C0S2JbA1SpnF/AzAl5bRZoCsiYSCHvilC23HSxcDLLoBGRTWLaJBBlGZ2q6WEUol33IsmZNAal/h0WC+yByPX1G+08rNgu2aRhLtvEV+hYJxo/Mo6B2+GzPYhG08HG2Yum/QptIEGiw565sWZ/xv1bLh7dvDYsEtqy9+YraOYLFwB6MD+cLBMuFNpHgXJUxLvDuAgGkbc1WbJuxDPoUCWxJPSRtbNnqAnYqmcdGmrFCTSSY/zxZ7Q53uEN1fC/2cq5AWeyjzBk1keBe+Yl73OMenfslZ3XUtVATCeILiVcxbFftb16wrdMBbH6xjI8UCY2BVR4xZgm1K3SwwUUQWF4s1EQCJc3ZyLJ04cDgeyhuAVvzCQ41kSBTzEBqxjvt5WxGc3tDTSQQKfaddy1SDGIHoxh7meT7FAnqY7+1x6tNu6Q8jG0XgtSSgWwTCdqa4NP3XcExsRfZ+WZAMCwS2Jwgx75ndt5VYAVZE0+iKGNJWTWRwMlaQasdwl0s6qGOnHgzIOhTJOhfY8IENbxXdBrcs3ZsLm3XRIIxKdgxVoYzldNgfPB1xELxdTWRwH9q22kOK9eussLo0GEJPGoiQTBtu57sb1eTMWSAiSSrjaX+fYsEgZftis36TYsxoS477rjjfJa8jPVhkSDgUk+PjTWGu0qcwKo7X8eWmgyLBPOfBJx27wp10m+SUOKG0tY1keC9tqzp866SgNDu7MZjq5v0KRLstCCcCZQu/ZJVWn3ZjMFqIsFqqEd4du0XXHe84x3ng+TSlzWRwKasLjpwXPuOxV78kse4Nn1wTSTwy5InXdsyIS154txMaesUCQ2RwEANLAbYFcqSNbGFSZmFmkhwCIZI8ViqLuFEDajm99ZEAmfgoHHNeKe9LOPJOBVqIsF/e3RrV+chymU50uEm2TsDDn2KhKLIOdFmMN0FDoFbjvT9aBMJ3ifj3rSvadFP6iOr64kaJdMyLBLYPIduWd9e3S7hKE2I+hIcW00kGEvGV1cZOyjLMqwDzMZSqX+fIkEwwU/JGnWxGlJgM5w+51+oiQTBDjFh7/e0wUYTdqteVprK99ZEggDM6mrXiQOXbZCEZNk6VxMJ2n/FihXzAUIXW40K/JDxaSzzF+hbJFgRsTXHls4uUZbHWBpzRUjWRIJ6GjvNYLoL2DLx42oyLBIkFtRfNr9rnFXic8sKb00kqD+bt5rTZf0lF40ZttykL5GgL4n87bbbbj6YLnNqF/CBVif4m0JNJAhinYfoI6HIL5hnii0PiwT1dx/3ve99O93qVC4xWHN7dE0kuCe2pd+7RFnmUonqIuRTJDREgkyESbKrpVgILBza1MklsENNJAiiBVtdB1YmCntgm0F6TSS4v66Vcbko/mZAXhMJDp/JyCz2sadtl4F/r3vdaz6YLxNGnyJBZsUg46SbW8y6QH8JYkoGuE0kmIgEd8NPkJkGzpGTcoDUhMu2URMJAgH2zZl1iQlL/WWA0SYSZLi0f7NNpkX9XQIitlrq36dIMAl7gosERpcIyGVVBaWFmkiQ4LCVwcpUl8EA2IfD8MXf1kSCAEj5fWQMPRyBjZSJtyYSrB7Ifgs2SwDYFfpa0FoO9fctEtinLK1go0u0myDZVp7Sl8MiwVix7VDipIvzdk34OLZsjmsyLBK0he2swwfWu8BeeuO27OWuiQR9avWsa5GmXY1ZfqJJXyJBX/KrDgyzXT6xK2wT1Ue2ihZqIsH8IpNfG9fTXGIF5wKsdpVzATWRILHQ9dnNctluLYFQqIkEfSLm6NqW+Ap2xJbL42hTJFREwrRPomliQHH+k4gE+4T/u4oE3ztOJBj4/91EgmXBLtFfyppUJDQPhk5LEQlWhcaJBJl+5wH6EgnlsJZ7qIkE+4S1f3PP/bSov/K09VKJBFtE+hQJ+q3QJhJsdyISytjpAm1ZRELJWNVEgv4jErpeXXRNKhK0SdciQf2XSySYe7qE3SxUJKh/V5RtRJOKhC63YBac+ZtEJLA3gV2X9S8iwT006VMk2G3hPIA6dVkX86U+aj62vSYSzC9sqTaup7kmFQl8hh96rX3HtJd2HScSzDlWG6wwd4myrNymSGgRCZycv5msusJ+dA7DPm6DrVATCYzAHjNPM+kSwZuAsZlBqokES3jT/CjJqMvAa+4ZrYkE5duWNc2PktSust2oOWH0KRIsU1p61+fNcyBdwFFzDr4fbSLBRGQftXMmXWHc2H/styfGbTfSr/q3uXe/Czx9y5kMfYk2kWB8Ca67LF99BbSeVqb9S/37FAn2/pbHZXaJ/hPANLdo1ESC99lHzZ7KBN0F+o2vFcSU7TY1kSDo0o9d+wSXvcfGSNlWUBMJpXxPXOlyH736CwT0d9nu1LdIkARSXte2xC485aUZxNREgnb2q7DGif/vCkLao74Fck2GRYLxxb5scesavxVgdbOIpLbtRp4ExZa6PKdmJUXmvRlYoi+RwO8ZqzLpVvr4+64wl5mXzamFmkhgy3xV19t9iAQxkCRTOWtREwna1DxY+45pL0k4c1yhJhKML/fUXHHpAmWV373gj5AioSESGJ4zAV1mWjho4oMgKIctURMJgh0Du+tMB0eprgZ0oSYSDAbGWDPcaS/Pkm62a00kyHrLWvYhEhzG4biLQ+v74LKMiD2LJrASTHaBwSr7aBsK2kSCzC/HXoLpLhDMCI79+nJTSA+LBAGA/dsel+r9XQYEglUBeRE/vrsmEkwoMotlW1IXsB0T5lIeXFYmkWCCKsFkF6iHALlpHzWRwI4JCW3ZZfnEJl8nYC32URMJ6i/B0fXeYz7BLw5PcnDZwwJkN2u/BrtYZH/ZjPFc6t+3SODzfPdwMD0Ngl33qizzRwl+h0UCH6ie7MsYLsF0F/A7NfHTdnB5OJieBvUSTO61117zq4tlfqmJBPUnuNn3tP3bRLsLKofFT18iAZIXVv35vBK4doEVAnUpZ85QEwlWMozVPrYhyuQLjMu4GRYJYFMezNFH+bazNn1wTSSIlRxc5sO7oogfD1wxp5VxkyKhIRIEdCYIS7JdodH9ip2Jtrn1pCYSvNczrHX+tD8+VfA91Kbgu+ksaiKB4QkGujZ8WwW0gWC2UBMJHICVlK63PAkwZLBkcsqE3KdIaE4cth11NSHKZGofg7VkOdpEggwwx9bccz4tbIl9EARlWR3DIkH9jTFZM0/caL53Gjx5wWPvCPmyFKw/ayJBQGAyNsa6QltbxdGmzYcb9CkS4G/sqzl+pkE9bD108K+ZOKiJBO1sq5OnkxF+ZfxMi4BDPzZXTWsiAYJ02wVrY3uxF5HwgAc8YH4CLIGddhkWCXwGu/Y7EcZUV/UXUHqccXN/fN8iQf8J2u2L7yqw8z18nBVgtmTsY1gkFBzU1r5d2TJRYrysWLHijx6rOiwSbBeTgBPc8p9d9CXb0ZdiCduES/1rIgFEiiDYb390gfoLqJUviG7Sp0hgq3y+q0vxzL8O+7qaSNB/7KjrWMVWZ37B+Ct9WRMJxhS/3PUjUCVIJaGM20JNJEjY2BLlvFRXgpOd8HXKEguX8ZEioSESBCGctv2V9qJO60R0rmDC9gT7MJuZuJpIYJQMUSDWPL8wDTrd9/neYvSoiQT3JwPd9e8UUOYMWvsWaiLB/ckyaa+uziUIBmT0OR7fX9qgT5EAE5NHJwo6lNUFJgOZA866ZOyUUxMJnKgsqWfhN/++WNiySdi2Ak9JadrysEgoOBdB1DSD92kotizwKPU3Rmsiwf1xqv4uuCuB4GLxedlfws9SdNOW+xYJAmntqD+7CGw4fb83ITveDCBqIsHY1H4CLsFQEaeLxfhjs57VL2BqJk7aREL5MbUuzyrZamQyJgKKT6iJBHZmErZ1UKa6LMFPg7HkCS4CD31R6Fsk+NeYsHfdv9Oi3crBbvNL8+lPbSJBIO2Qr3m23Nc0GPsCS4H3sPAZFgnGMB+t363ul4Bzsai/75CA81hTwWyhTSQIOI1lwTs7mBZlSiqay4fPzPQpEnynvhRQatMu6kJklq19zbrURIJxSfCZj7ryC4L9u93tbvPjv2xBRE0kKN/f3VeXW574JW3dPBerbYdFgnnA9mzJVzFTF/A5xLb6m+sKKRIagZ2Gt43BBCb7biCUCWSh+Bynz1FwIrL0ze+qiQToEAGHPZbTPnLP5wWqluuHH+taEwnuz6R96KGHxu1ud7uqES/0ksU/4IAD5p/l3AxwaiIBAgUZxq4OKipf5mg4c9W3SOBEBOce6Wp/37SrCT7PLkw6JsZCm0jQl7bE+IxMrDZerC1DtsiY8KNJ7LrZl20iwV5ZAYlHDk67MiYo56SU0+xL91ETCepqLJmQBRAmneY9LxTl62f9aSwVkYK+RYIVJHWwwtns+8XApznsZowNB4o1kQDlExWCOzbWrPtC4XslTJTjfEkzUGsTCdreSmxX56UEA7YfGpdNaiIBxg7bdxBfoDKt4BR0WTH2yMxyHgN9iwRoY/7A4cRpx4TPS1xI6giKm4Fim0gQ5Njuo42bAmkxKI//tiLjaWbDDIsEWNUUOLM/AmeavtTGxr7EgX+bNtsmEiQv/M3cM+15Mf0qYcHH1Q6w9ikS2I2EAcFFINk+uFj4anUp22e0ZXOuqokEEBUe+9rV9mSxgnLYZXPM1ESC+3MvRA2/1MVqArHDZq3cNutfEwlgv1bq9YH5dRq/zC4lpm0LF8c0bSZFQiOwA0dt8pAd8bQdA6HZYZPg/cPfM5zlaBMJjFMG1iTu84t90pLP2VJAIDCkptGjJhLgPhmpJbdpl/IMOod7BB3DQWKbSPDflq9tb5hWoRu4JkrGPVz/vkUCG+BIbY8RQMrCNrPPk+J79KUyBNwm5eak1yYSoM3ZkD3tJtFm1nQhCFgENAIb2Ztm+WgTCerPsZrE2OJiRa9gRD1kTaxINR2YMmoiAdpbuxehJthdTFCk/bWf7TmyNsNjsm+RAN8t8z+csVwIJjWrEoI0djncH20iwSRlNcHvXpjIib/FTEi+X7JAgCroH348b5tIANviS6cNCPgEzyH3uzHDgXibSGAz7s19C/AWuzKlzSzjsxX+YniFcSlEQtk+JbCwh50NLKYvjUm/FWJM8q/NlUW0iQSwZYG9laTFPn2NTRKb5jcBTDPzWaiJhOIvJcLYmbG0mL5UX0Er4UjAD5ffJhIgA8xfCjwXK/r1qb71Pcqv+YQ+RQK0G99vXrLKWeuDcZiP9Ak/LZnqe4Z/aK5NJPgcW7KVuItYQawiEWO8N+fJmkgoKN9TliRVpxEKBILfnWAvw33ZJhL8Xcxh+6BksETeYmzZqonVWgKNbzK2m/VPkTAkEjhMjW2yFlwJ5gUbkwZX3sfBW0716D6dTmgMBydtIgGMRKcI4gVlOm0heL/lVEtHjKfmQNpEgvtkiPaO7rjjjos+H2AyN+hMBg45DU9EbSIBnI0JbJqlPAPWwUTbU2qOuG+RUCjnPAxAfb6QvtRmAtLy8+uCt2FHXCa9mkjQl8rn4JwPcIh4oaKX0BDgs1XZZJPjsC23iQTIdvicoIwtDwfYo3CfHJiJ3kRUCyrcS5tI8HmBlzEgwDcm/P/w/Y/C/RojMkb6sRZULYVI4INMoPrBysxCJ2R24j7ZoUBUsD5Mm0iAMcoOTEgmy4UKBcGpMglGwbbx556ajBIJ7FbyQuAn+VAb8+MuPsF2AmJXoDaM+6mJhAKBrv0Ff4LAhUzIJnSTrcyn+gu8huu4FCIBymFLttWWoGwhfakviE2+XXsZ48OfHyUSzC9sjMAQxPr8pBjT6qP9+BT2UrNl1EQCik/xFBf3x6cspC/5QKu0+lJga2VR/zYZJRJ8vszPw2cVJ0H91ZnP1Qc1W0bfIkFfGNdWpogl89RCfkm6+He2JNYy7qwODPvnNpEAK0N+eM2vFE8TKzhbQHAOJy4wSiRoW/5YUnOxuy/c993vfvf58aBfh+vfJhJgXrCaZCyzZSs6w+N9FGzRtjF+h18ylw6PhRQJlcBOJwnmZO4E+iYHge6oTGwxeAO+ZF01KgdV+8wokQCdLWsnkBaE+X8G2Rbg+LvX3af3q5vJtm0ZsE0kwP26bxmKBz7wgfNCYSEq2VYhATonLsiq3fMokQDORvDt0aXKnrT88l6DnhNtHsxsslQiAWzCvXiyhVUlInTY2TUx4bIl9y6w9hQFGfTalh391CYSoC+1pQyJAJCjYROT2DLnLIjgPGSeOZQao0QCBAG2z5WVCDbKVtvKZy/uT/kyTLY4eW52zZa9t00kQBnKcv/szURnIlC/trHkM8p334IJ45SttH1mKUQCTAhWRNTDxORwtoCtLcBTD2NL/8sUETr6yaRXY5RIKNiXL/gg2Dxhyz2NCjDZp4BXG2lDYs1918b8KJEA7c9vsnWZt4UEBXyCR0dCei0AABieSURBVDa2CQS411EiAeYC48F7jDurU6Pqb4InLPWtiVhgKhCojf+lEglgN3yKH6QyXwl0BSCj6uKeiVN2TmxqK2O5xiiRAH3Jt+gPtlRsedSY1JaCQsGi4JxoHz6s3KRNJEAMwBfpD8GfFZ5Jbdm2DOOIYObbawJjlEgA/8KWBMfew4eNKl/9lWMOYEt2GvA55s82+hYJBfNC2cLGd2kTtuSea/i7e+LPrQbx79qTLdU+M0okwPhiS57KI4GwkFiBD7GySCCwwRqjRALUxWuEykJjJeX7vQW+uXlYuMkokQDtX35czi6UYss1uyw0bdk4Uv7wlvRCioSWwI6xMkjZAnvqNaSJjiPnzHSMge5f/2/w2mNr8DrkJntac06FcSIBgkmD3COxbBGg+Ez4tfL93YQgs8BYfc7n2xglEgru36Ew5d/pTncae0CIwTukTFhoB+3X5ijGiQQY/LZ3WIbzOwvKbxuA/u5y6JoqtxLSNuixlCIBHJ1Hlwr4BYLe65zBcF8Sp5wlW5JZsHdahsagr6GPRokE6APf7bDkIx7xiHmHrN3ZbM2WtLvyBQGPfvSj5ycAr7UxTiRAcEH0ekoMGxW0to0l73V/bH6nnXaad8BtT0gaJxKg/iZfk7GxbEKwqtI2ltRfIGnsq7+6CWraWCqRAPcnc2QfuEPptkGxF3bjHks9TCbqIVjhiyzJs3cTSBvG6ziRAMGC9wlC/Lfy2WdpR5fyJQg89tkEI9Nli4t+bAuExokE+G7tbTukVQErlqN8gn9N3J49bjVq1FNljKVxIgEma20vwJTFFBSpf2n/Zv21v+2etrw5G1XLOheWUiTA3wkFPkEmmCAnjNnScF/yVXyWtvEIZPbeJhAwTiRAGVbcbdcQ9LNr9lGzZW3DdtmyfdNESltQUxglEgoy+mxTf7oXfdksv9mXTVsu5wzbGCcS4Ltl0c0JxpMEQJstEaPGB0GlXubuUbEDlkokQD+5N37YvGWM8D9NW/Iv/2XeEcv4TsGvvlTntlhhnEiANtJ+/IJYZdRqYzNWkEzkF2srCIVxIgHamC8wDzujMC5WUj6/ZLeFRLTy2+o/TiSATy0/Ruv7CGD22WbLxLUVdv3FlkaNpRQJI0SCy3sZp4CFAXj2uyVzB9kEhwIfGWKvmbhN8jrA59o6HZOIBJ9nfJwjkXLve9973kEIwO1N9hQA//p/jsbrAhrv97lR5U8iEkr9OUcB5vbbbz+/pMa4mwZv5cDfPabQd2qvUv+2e5hEJPgsB8/YrWoYUESI8pqBAYfg735BVTZDIGBgjKr/UosE9+KeOEf9pS0p//LrkvpSML5ixYr5gG7nnXeed0zqrn3a6jKpSHDpE/fIlgk/joctc+7Kb9qyp0YQNWx5VPmYRCT4PJt0r97LVgUnAnZBYbFl/8/Gd9hhh3mbN9mOsuVJRUKpv/oYo8aqYKM8t1wf6gftYYwT2sSMbQWc9Kj6L6VIcB/6Q4Cm30ye6uFhCwIomSSrDNpYMEMwO3DsiVQm4rZMLSYVCSYkwYwAcP/995+fmE1MgiL96O/K1yfsWLZUACpIKH1RYxKRUPpR0Cr4ftCDHjT/RBA+qbmywD/wCc5VeTynAFTQMqr+k4oE3yEBQ7zb2+7paeYSq1XuyVZJ/agt1V/5AlD199m2+i+1SHAf+lK7K5PfMfbNS1b+9KXAiJ/UzwQ7/16ebtZWD0wiEnzevfFx+pwtu9iybThs2ZjkB4h19fEaAS/YHFU+JhEJ6i8IFUwTK5IyVjeUr/76Up/oQ7Ym8DbOx80vk4gEn2fL+tqY1/7qb7wIyNiS9mdLBKmAltBW/jhbxlKKhNKXYg/3bv5g++az4t/5K4JAv6ineZB/HRcrTCISSlvySxKbVhVuf/vb/9G5yhIrEAj8ojlrXF9OIhJK+Vb/jR3zl5hoeAuS8v1N0sIZL2NJ8D6q/pOIBJ9lD+YF/t/cqv2NFzao/dmTHQVs2VZyPlscOm4spUgYEdgVOBmDUmBpshHMyDIyeP8SDFQcx2DyassUNZlEJEDn+T7l6yyZQ4POJCyI8a//d19e975xQQ0mEQkF3yeT4cCegNBkyMAYuYyKrL3DxsSEiW6UUy5MIhKgHvpLuwqC1V/52o7DdB8M35K5/uFwOZJxDnSpRQLck3uTSeFMqX0OhQ0J3DlikyLbEPhS/MWBtjGJSGjSZsvKb9qyzEKx5XG2NIlIQLFlNuL7lV9sWfn+JVQswxtLbI5tjCpfm44TCU2Ur162yghc1Ve5xjIhrD3sfdc/2kl/jav/UooEuB92Ieg3KVoVEYz5rHZUD0GOSd0EZ8VEoDBuTEwqEqB8WSqrdfpdQMd+lU/4EizGJD+j/DIRjmISkQDfoy4mNwGEA7QCEAE+n8Cv60/jUhBi4hTUtq1gFIyNSUQC1N+ErXw+TJsR1XyyS1AhSy9hYWWsBCKj2mCpRULB63yNcWQFUWDJp2pDfclHETn8jPvy3eP6chKRAN+jLZXPlpXvM5JCTVs2vxgffOcktoxJRAKatmz7hWBK+eqvL9myLLVtYlY62PK48icRCVB/dql8dqp8divQVbb2Z0vGkvmFLSl/nC1jKUUC1IV/1ZfmoqZ/LX0p2ORfJWvYe1vQ32QSkYBiSyVWUL6+Eys4k6c9jC/iXqyiLyexpUlEApRvLPHLfJn5QLa+xCrKJ3htjSp+cZKxpE3HiYRCzZbLvMCe2KMto8bSpLacImECkVAoBmBJlhFwqv41cHWM752USUVCoelMZLEYAdXqX//vvrw+zuAKCxEJBfUzMStP2YxHG2gP5TPmSZlUJDRRP+Vrb+0u0FQ+5zpJQN1kOURCoTgT9+zeiy1ZclQ3dZxkEsBCRUKhS1ueVCQUii0rv9iy8ostL6R8Ds5nJxUJBfUvtlTKV/9iy5PaJJZaJBS0o8vEYcKRkTUu1cN+30lFXmEhIqGgHwXgyme/2tE9KJ/Im0RkFdz3JCKhie9WvuBV+XyCcSDgJPKMj0kCSixEJBR8t3sVvJb2dwlsBEGTBAGF5RIJBX3JlgQPzb7ko9iS75m0LpOKhILvdRVbVn6x5VL+QuYXTCoSCuNs2fdMWv9JRUKh1L/YMvtt2lKx5UnLx1KLhCbacpR/XUhfTioSmhRbLuWXWKH4xYXY8qQioQm/UMZSrfxJbRILEQmFpi3zS9PYcoqEBYiELlmoSOiaxYiELlmMSOiS5RQJXWKwL0YkdMlCRUKXLFYkdMlyiYSuWYxI6JLFiIQuMZYWKhK6ZLlFQpcsVCT0wUJFQpcsVCT0wXKKhC5ZjEjoksWIhC5ZjEjokj9rkWBCLHvSlvqy5Fb2V9Ze7/tSroN8Dm7VXu/74ng899xWCRn12nv6vEye9p93ERDZ72d53vJeraw+L1kBdbH/0I/z1N7T9+XRmJYyBcm11/u8ZKssHTuQ7NfCa+/p+yL4HdbrQiSwI1tnauX0fclW2mNvMqy93vdF7JbtJQLm2nv6vIwliRMBUe31vi8ZPz5J/bsQCc5weXrMcvhX84ttqARf7fWluJwtsrVCv9Ze7/MylolNbVB7fSku24Ft9+lCJBiX5spaOX1fBJezImI1Pqr2nj4vsaLkzXLZspUHZ+gIXisTtff0edlmZ4u3ROhys6QiQWAh0yC4sQ98qS8HJj3pRTa79nrfl3I50RUrVlRf7/vidByete/TPvTae/q89LtH2Alwp8V+VYLLodtaWX1eHJcsvoDAPtrae/q+PBmlPDWo9nqfl4CaA/dELdn82nv6vhzAI3gFRtPgHIS+lLyoldP35TzGgx/84PkMZO31vi97+j0ZzmNS3UvtPX1eynTgz8G+2ut9XyZic5Lsr2BoGgSGAit+jo+oldfnZX7xRCerxbXXl+LycAgPslgOWyI0HTbWBrXXl+Ly7H62NO1KCsFDPDt/WCun74vYcmjb+Yzl6Etn9SRPlsuWjV8PR5CI8nCT2nv6vJyjcJhfnLbcLJlIsEVBpkZQ4eCrjP5SXwacIHW5yleupyh49Fvt9b6vUv5y1d+Al+XhAKfFd/gu31krq+9LGyp7udqSDbFlNl17ve+LA7N1cLnKV3+O1D7iaZAl8shfQXKtnKW4ltsnsKPlKt+lfCKp9lrfl/o74Gj7mv3E02CLAp/ke42P4bL6vtRFOy5nX/KJy2nL6r9ctuSSuHKo3/70aeCXHMA1Nmrl9H2x3+Wc3/4U+lL9l2t+0+8OPnsS03KzZCIhSZIkSZIkSZL/P0iRkCRJkiRJkiTJACkSkiRJkiRJkiQZIEVCkiRJkiRJkiQDpEhIkiRJkiRJkmSAFAlJkiRJkiRJkgyQIiFJkiRJkiRJkgFSJCRJkiRJkiRJMkCKhCRJkiRJkiRJBkiRkCRJkiRJkiTJACkSkiRJkiRJkiQZIEVCkiRJkiRJkiQDpEhIkiRJkiRJkmSAFAlJkiRJkiRJkgyQIiFJkiRJkiRJkgFSJCRJkiRJkiRJMkCKhCRJkiRJkiRJBkiRkCRJkiRJkiTJACkSkiRJkiRJkiQZIEVCkiRJkiRJkiQDpEhIkiRJkiRJkmSAFAlJkiRJkiRJkgyQIiFJkiRJkiRJkgFSJCRJkiRJkiRJMkCKhCRJkiRJkiRJBkiR0DuzMTuzKVZd85247NLvxU9+c2usmdn2UpJMxOzcNRM3/PTbsfKSC+OCCy6ICy68MC7+2jdi5RU/if+6YV1s2fauJJmI2U2x7pbr4+dXfCMu+sK58dlPnxWf/OSn4jP/8X/jy5dcHj+67qZYvSktKmlhy5q46fofx3cvnvNF/NEFF8aFF18S3/zOFXHlz66PG1atj81pPsnElDnuO7Hy69vmuD9cc3PdJd+KK387E5tn0qiWmhQJfTO7OTavvy4uedsz46gjVsSpZ18eV908kwFdsgBYy/r41unPi+OefmQ8+ahnxIrjjovjjz8hTjzp5Hj9B78Y3//1hti0ZU6Qbv1AkrQyu2lV/P5nK+P8T74rTj3pOfGMo54ST37SE+OJRxwRT3zKUXHsc14e7zz32/N+KkmqbP55fP+L74yTHntYPPYpz4hnP3tFPGvF8XHii/8x/um174gzzvpSfOOq6+KGdWlDySRsneNWnvGCOOGouTnu6GfGcSecECfMX8+NF77sn+ND39kY6zJxseSkSOiZ2ZnVsfbac+KkXbeL+9zlTrHL8R+Ms79/U6StJ5PDWNbGF1+6Z+y664Fx5HNPjre/6x3x5pNPjP91yC5x/x32jKd86Kdx4/qZ+RWFJGlldmPccvUF8YnXHBOH7b5L7PGY4+Pk934qPv/Vy2LlZV+LL3/2ffHWf3xJvPljF8Y3f50BXtLCpivj4o88Pw65z/bxd097dbz1bW+LN/3zK+Ilzz06HrffLvGwh+8bj3vhv8RZK6+NVTnZJWPZOsd96WWPiN13OyCOeO4p8S+nnxFnnOF6X3zw3z4TF/xsc2zM5aklJ0VCr8zGzK3XxnWffmY8ZPvHxZMP2j7uf8Dx8YbPfi9+l8aeTMxtImG3g58fbzvvB7GKGpi5Ma7++vvi+bvfM+56xEfiJ6s2xOb59ydJndl1P4rzTj0qDt1lrzj4Hz4QF1+/cdsrTebE5pYtc9e2/02SYeZFwgvi8Q/dJ4768HUD2x03/e7yOPcNR8UhD/+72PvYt8S5P9/wh9eSpM7WOY5I2OOgE+L1Z38/bk7/8ydBioRe2RS3Xvvt+NjT7xc7HPXROP8DJ8Tj99gvnn7qZ+Orv8ksXTIpI0TCpe+PF+15r/jroz4Vv0iRkIxh1SVvjRcdumfs/fTXxfsvvzVmttTCt9mYnXVt+98kGWaESJidnYmNv/tafPxVR8beuxwST377t2LNtteSpE6KhD9VUiT0yOyG6+IXl74jnnS/neKYj10TP//5/4k3HPk/48CnvTbee/H1GdAlEzIoEt7w8QviqqsuiwvOemu8/OgDY+ddjohXfum3sWrjlj9M1Enyx6yP77znmHjsIw+Kp73u3+PyNTkLJ4tkhEjA7MzN8f1PvTaO33+32P3o0+JbtQWrJPkDDZGw3zHxstO/EP/5s2vimmvmrl/8Kn71+zX5cI5lIkVCb2yJtb/6blz05iPifg85IT5x9aq4ZcPv4qI3HBmHHfjUOPG0C+OadJzJRNwmEnbda9/Y74CD4vFzk+/DHrRT7LTzPnH4P7wvLrpuU2zMJz8ko9hyQ3zhVYfFfo98Qjz3tIvi2lzMTBbLGJFgFf1X578nTnnMHvHgg06Jc1dv+3OSVLlNJOz6N/eJHR6ye+y9//6x/9x1wGOPiWPedH7cPPeOTGssPSkS+mLLLfHLlR+P1x/+0NjpmWfF5df+Ln5/841x9TmviGc+at847Lnvif+4esO2NyfJKBoiYb8nxXNe8Y448yOnx7vfckq89LinxxMec2Qc+8avxE/XbMwD8Uk7szfG508+NPbb67Fx/LvPj1+kSEgWy1iRsHlOJJwWr37MnvGQg18d563d9uckqXKbSNht90fFkS86NU7/6Jlx5plnxr+ddU6cc+k1sX7bu5KlJUVCT8zcdGVc9tHnx77b3TXuuc8z48QXvThOeslL4sXPOCj2uP92scO+x8erzr461qU0TsZym0goZxJu3bwx1t70y/jhVz4Ubz96j/gff3tcfPjHt8bNqRKSVtbFt995dBy+xz5xxMmfiG/kpt9ksYwTCVtujis+/do44YA9Y89jT4/LN237e5JUuU0k5JmEPy1SJPTB7Ka48T/PjQ+/aP/Y/kGPjmOPPz6Om7uOn7+Oi2MO3S0evtvBcxP1v8eVazKoS8bxxyJh/uDy3N83Xve9+OYbD4u73HHveOU3b4zfrE97StqYid9e9JZ44SF7xl6Pf1n874t/GatyNSFZDCNFwpZYe90l8YlTnhYH7314HPvuyzLgS8aQIuFPlRQJPTC78dfxvbPfGM8/ZN941KsvipvmjP22h4jMxA1ff0+c/KT945FPeGV84Mo1DeeaJDW2OtB5kXDQ8+LNZ18eN6xbG6tv+nVcfclZcfqzdo+77nBM/OsPb4kbN6Y1Je3M3LQyPv2ap8chex4Yf/+8d8W5370mrr9566/jlqcZzWxcG2vWrIt1G1JBJC1sEwmP23nveNoHfhEbNm2KDetWxy03/jp++eNvxxffe1KsOPxRcciz3hJnXZl7jZJxbJ3j5kXCo54Tr/3UyvjNug2xYUPz2hQznrq29QPJEpEioXNmY+P1F8VnTj0mHv3Io+O1X/vjE1tbbro0PvmqI+PAvR4fK953ZeRiQjKarQ50/kzC3kfGiW/6SHzh/C/G5z7x7nj9iU+IRz5013jki8+LH6/OMwnJOGbiph+cHae/+PDY6+F7xL5PfXm845MXxMofXBVXXfWjuOqHV8Z3v3FhfHXlVfHT36zb9pkkGWJeJDw/Dt/xYXHQyZ+Lr196aXz1y+fFZ848Ld540lPj8H32iUcf85o47fxr5jxXkozjNpGw+yMeFyte9/743AUXxoUXbr0uuvjrcekV18Wtm2bmhMLWTyRLQ4qEzpmJ317yoXjriifEgc/61/hGzUNuuSWu+PSpceLhB8ZBL/hYXJnPQk1GstWBnn/yo2KfB9w17nznO89dd4m/uscO8eC9nxzHvemcuOKWiM25PJtMxJZY/avvxvlnvDSO2menuOdf3iX+cru/iQc+6G/jAfe9Z/z1drvF095wdnz1+nRMSQubropLPvHS+Pt78EWuv4g7/8VfxXbb7xx7Hf7s+KfTvxiX/detc7NhkkzC1jnuglMOjv0eWOa426673nOneNgLPh8/u2XD/KpnsnSkSOic2diyeVNsXLcu1q7bWFe9s7Mxs2lDrF+7Ntaut4S27e9JUoWBzMbmDXP2snpVrFq17Vq9en5byPr5Zdh5s0qSCZiN2S0zsXnj+lhzy+/j+qu/G18///PxuXPOi89/5dL43k+vj9+vmZuMqz+0liRzzM7Zz6b1g/5o7lq9ek2sWbsuNmzcPP9DfWlByWS0zHHlMtet3xxbbDdKo1pSUiQkSZL8mTI7uyVmNktYzAV3JuK162PDppn5yThJkiT58yZFQpIkSZIkSZIkA6RISJIkSZIkSZJkgBQJSZIkSZIkSZIMkCIhSZIkSZIkSZIBUiQkSZIkSZIkSTJAioQkSZIkSZIkSQZIkZAkSZIkSZIkyQApEpIkSZIkSZIkGSBFQpIkSZIkSZIkA6RISJIkSZIkSZJkgBQJSZIkSZIkSZIMkCIhSZIkSZIkSZIBUiQkSZIkSZIkSTJAioQkSZIkSZIkSQZIkZAkSZIkSZIkyQApEpIkSZIkSZIkGSBFQpIkSZIkSZIkA6RISJIkSZIkSZJkgBQJSZIkSZIkSZIMkCIhSZIkSZIkSZIBUiQkSZIkSZIkSTJAioQkSZIkSZIkSRpE/D/jN61PLFLwsgAAAABJRU5ErkJggg==</file>
    </questiontext>
    <generalfeedback format="html">
      <text></text>
    </generalfeedback>
    <defaultgrade>1.0000000</defaultgrade>
    <penalty>0.3333333</penalty>
    <hidden>0</hidden>
    <idnumber></idnumber>
    <single>true</single>
    <shuffleanswers>true</shuffleanswers>
    <answernumbering>none</answernumbering>
    <showstandardinstruction>0</showstandardinstruction>
    <correctfeedback format="html">
      <text>Your answer is correct.</text>
    </correctfeedback>
    <partiallycorrectfeedback format="html">
      <text>Your answer is partially correct.</text>
    </partiallycorrectfeedback>
    <incorrectfeedback format="html">
      <text>Your answer is incorrect.</text>
    </incorrectfeedback>
    <shownumcorrect/>
    <answer fraction="0" format="html">
      <text><![CDATA[<p dir="ltr" style="text-align: left;">A</p>]]></text>
      <feedback format="html">
        <text></text>
      </feedback>
    </answer>
    <answer fraction="0" format="html">
      <text><![CDATA[<p dir="ltr" style="text-align: left;">B</p>]]></text>
      <feedback format="html">
        <text></text>
      </feedback>
    </answer>
    <answer fraction="0" format="html">
      <text><![CDATA[<p dir="ltr" style="text-align: left;">C</p>]]></text>
      <feedback format="html">
        <text></text>
      </feedback>
    </answer>
    <answer fraction="100" format="html">
      <text><![CDATA[<p dir="ltr" style="text-align: left;">D</p>]]></text>
      <feedback format="html">
        <text></text>
      </feedback>
    </answer>
    <answer fraction="0" format="html">
      <text><![CDATA[<p dir="ltr" style="text-align: left;">E</p>]]></text>
      <feedback format="html">
        <text></text>
      </feedback>
    </answer>
  </question>

<!-- question: 126847  -->
  <question type="multichoice">
    <name>
      <text>Question 21</text>
    </name>
    <questiontext format="html">
      <text><![CDATA[<p dir="ltr" style="text-align: left;"><span id="docs-internal-guid-e2de840a-7fff-3c69-15aa-779fd113c851">The images depict a square piece of paper being folded, once folded, a hole is punched into the paper. The paper is then unfolded. Where are the punched holes located on the paper? </span><strong>Select the correct answer from the available options.</strong><br></p><p dir="ltr" style="text-align: left;"><strong><img src="@@PLUGINFILE@@/21.PNG" alt="" role="presentation" class="img-fluid"><br></strong></p>]]></text>
<file name="21.PNG" path="/" encoding="base64">iVBORw0KGgoAAAANSUhEUgAAAz8AAAHDCAYAAAAKmqQIAAAAAXNSR0IArs4c6QAAAARnQU1BAACxjwv8YQUAAAAJcEhZcwAADsMAAA7DAcdvqGQAAP+lSURBVHhe7N0HuDRFlTdw3eAmV9fs6iomEAOiYhZMoChiAMGIoqiggKBiDh+IiAoYUUy4KBhRMeOKoLgmMEcMu6Zd0ybdnNzd/vwVt7z99ls9qWvm3nfm/J+nnntnuqe7uurUOed/6lT1JZpAIBAIBAKBQCAQWAEE+QkEAoFAIBAIBAIrgSA/gUAgEAgEAoFAYCUQ5CcQCAQCgUAgEAisBIL8BAKBQCAQCAQCgZVAkJ9AIBAIBAKBQCCwEgjyEwgEAoFAIBAIBFYCQX4CgUAgEAgEAoHASiDITyAQCAQCgUAgEFgJBPkJBAKBQCAQCAQCK4EgP4FAIBAIBAKBQGAlEOQnEAgEAoFAIBAIrASC/AQCgUAgEAgEAoGVQJCfQCAQCAQCgUAgsBII8hMIBAKBQCAQCARWAkF+lgA/+9nPmr/4i79ovv3tb6fyrW99K5XvfOc7v/7sb/78zW9+c4vP0xzP125/bp9fOp4/K/mzY+3jpc/d8/PnfO2+43/1V3/V/OM//mMq2uXnP/9588tf/rL5u7/7u+YHP/hB+vs///M/zd/+7d823/3ud5t/+qd/av7zP/8zff/9738/ff7f//3f5sc//nHzwx/+MF3H8Z/+9Kfpev/xH/+Ryk9+8pPmr//6r5t/+Zd/Sdf3W/f+t3/7t+Zf//Vfmx/96Efp9479+7//e/rfNfzvnO9973vp9//93/+d7pGP++z36qZO//Vf/9X84he/SNfX1//3f//X/P3f/336/A//8A+/Pv6Xf/mXv37Wv/mbv0nP6nhNeFb9nfuh2/75WF//jJO97udxsjWp7LXP97/v8nGflXF193++lr9K7i/trL21u/Zv90c+rr/0m/7Tjz47T//pZ/2dZcl1s+z5PVlynNyQH8ezrJFl93YOufEduSJfruU7n8lrll3P4DO5zrJH3sk9+Vc3dXLcZ/f2bO7lGfI4cn3PaFy4js9D4Rq5P9r9kNu+73Pul0mPtz/ncyc53pa5aY/na7c/t8/vHndMX5CLrFO0vX4gB2RAP/pf0U/OIVP6LR/PcuA4vZf73bXJEplsy2hJp/idezvuM3lwvX/+539O18vH3df1sv7zOetLcuLctv5ULzKe9aHn8Lz59/lZs370fw24jvtp73Zf+L/UF+3PSv7sWPez4lp9x33uykn3s3MnPe7/ccdL57fPzW2vb/W79s99QY60v37VX/6nw/Slz87Xn/qRvJADx/Vd1h/kKx/X1+TF9fz1ua0rne93fu86rpePu4/7ua/7O64+Prue/9VXvdXfczjfc9GNPtN1jpFzMukzmcxjRlsElhtBfpYAhx56aHPVq161+f3f//3mMpe5TPObv/mbzaUudanmCle4QvMHf/AHzW/91m81v/d7v9dc/vKXb/7wD/+wueQlL5m+97l93Pn+/sZv/EZz6Utfurnc5S6Xjrue3zn+u7/7u+n8fNxn17vsZS/768+//du/nepxxSteMZ2bPztHvVzPvf/oj/4oHfud3/md9L/imO9cyz397zfO93vH1TEf99nv3SvX9W53u1tz2mmnNW984xubq1/96s3LXvaypDCPOeaY5ra3vW1z7LHHJgP+1Kc+tdl+++2bt771rckQ+P4Wt7hF85a3vCUpwgc96EHNne985+b0009vvva1rzWPfvSjm6tc5SrNF7/4xeZLX/pSc9BBBzX3ute9mg996EPJEbj5zW/e3P3ud28+/vGPN+ecc06z3377NXe4wx2Sk3jBBRc0u+++e3PwwQc3F154YfPnf/7nzU477dTc9773TYrdPe5yl7s0j3rUo5Jy/rM/+7Pmete7XvP//t//Swbq1FNPTXU7/PDDk4J/4Qtf2NzsZjdrTjzxxKTYX/Oa1zTXvva1m1e96lXpfk9+8pOb29/+9um482vhfe97X3OJS1wi9UuWHX2u7/QPWfBZf5GRfJzs+Ey2/E7/+ay/yK3+068+O+73vnc9/eyz62TZcz397nru6/75uM+Oq6NC9hwnR87PsuSz4pj6uFeWRb/Jv1c3dXDtLHuOK/qL4TzppJOa293uds2TnvSkZMxf+9rXNte61rWaU045JTmUjuuv5z//+YlgHHHEEc1Nb3rT1K/6l2ySxQ9+8IPJmLsu2XvDG96Qfk+Wrn/96zef+MQnms9+9rPNIYcc0uyxxx7NJz/5yeR87rrrrs2+++6b5I783fOe92x23nnnJAu+I6fklex+5Stfaa50pSulz+T6jDPOSPd6wAMekByCM888s9lll11SnThFb3/721PdPBvH5LjjjmtufetbJ9k0rk4++eTmj//4j5s//dM/TeNgqLy5hjYmZ9o796v21helfiU3uV8d04/+dx3HfOf/cTrFNX32ezKUZTwfJ3tt/UlG83Hn+9vWn467nvuqu+s6Px/3OetPz+JzfjbXc+yWt7xl0jEf/ehHm/3337+5zW1uk4jJZz7zmWbPPfdM/eh/OuYGN7hBs88++ySH7s1vfnOSkQMPPDCRBnKw4447Ns961rOSvqMf6azHPvaxyamkK/T78ccfn5xRsnmNa1yjeeUrX5lk8hnPeEaS8Re84AWpj574xCc2173udZt3vetdzUUXXdQ8+9nPTnJBfjiV97vf/ZJOo0+//OUvp3rSx9/4xjeaL3zhC83DHvawpP8+8pGPpDF04xvfOMntpz71qfS8nsPvyZzv7njHO6a6fu5zn6ui04yj+9znPkm+2n3h/3Zf6Bt9px/Jjc+KY75zLH/2G79Vsj4hJ/pbv/usX8kDOSEfWa58Jj+ul+XGX78nb67nvCxnrud7nz2D35Mb13Pc70eNGdfL13Zsr732Su2sr9kS/Ueu6Hx2jY5ARsgRu/b4xz8+6Q9yec1rXrN5xCMekUgDeSEnhx12WCIs7Cs5oQMRk1e84hWpr5/5zGemfnz605+ebKHv2UJy6Hx6x+/5N2wZ24aYkOftttsu3ferX/1qc+SRRybZIEfqd6c73am5xz3u0bz//e9vPv3pTye9eJ3rXCc9F33puR7ykIckO4xkXfnKV066j24ku8bM3nvvnepW03YGNheC/CwBOLocq6c85SnJqT777LOTgqK4PvaxjyVDct555yVFwDH6wAc+kBSHz/7m48731+/PP//8pAgdz58dp2A45vn4ueeem67HKfM5H3cf57u2z+rlHPVyPfemiD784Q+n7xzz2THfuZZr5OPOd47j7pmPu757Mvye9TnPeU5yDBluBpqBY1hFiChejh8FythTtJ///OeTsyoi5Hukxu8oUY4f5e6zqBKHgsL0v8JpZcgpaMaegfdZRJVzwsFwP/fioLqWa4guOYey5TQgWu7huGu6lmuqmzpySDkvro/oUMiMjLoiSn7vOKcgR984zBwM9/P7WmAIEcDXve51qV+0v/7Qd/qHLPisv8iIvveZLPjMuSdT+k9/6U+f9R/Zcz3fZ9l0Pf3ss+tk2cuy6PdZdhz3e58ddy75IXuOt2XPOVm2HFMf93JNn/3GcUXdsqy5h3MZeAbcb/StfmCItbv2b/eH/nFcf+k35Idz6TODrH/Ipv7m6JFVcpBlz+/Jkv4kN+6nXx0nSyKa5Mw55MY55ND11cV3PrumaKhCjn0mx1n2yDu5R5j8Vp2MC+ND3fKzeQb3c1xdPaPrkU3XHuowqA8nmYPCgc/9rk/0hf/z51H96n995Zjvss7I/ZrPdzz3q+M+kwMy1NafjpM9fd6W0Xzc+f6S8awfs/50XXVXryzDjruP66mHZ/E5P5trCdYcffTRqW+zTqEHsk75+te/nvrR/woZoVPIVFen+L1+zP3qeNYpZDLLKD1I5sgm/al//V7/Z/3pM8fR9ciL67mu6/nseuqaZZhcqIfrOTfrT3VVL3JEH5JTMk1mHfP7/KzGl+d1PXI6FPoP+UEoc1/oO/9nudIX+kbfZjnyWfG/vtevPjs36w8l6xP30d/5uGuRB/dqy5Xr++x6Wa789Xvy5nrO8/us63yfP/s9uXG9fHzUmHF/10YSBFce85jHpLbXF3SX/vOZTtIv+kK/6ht9of/1o/7Tr/oz6wPHyZW+y/oj2yr2WF+zbXSFv+SurSuzXPm965A7x7NuVD96jlyph/upl/r5X33VW/09h+v5bf5M15Ep44Tu8tm13NPv1ce5rhdYTgT5WQKIiDzqUY9KkRKD2aA2kCkShsZnSip/Nqj97R6nHPLn7vH82Xmu3f7seu5bOp7r4rjiuO8c89mx9vF8fvd4/uy4a/ic6+ZzrvtZZ52VIkmvf/3rk4H0PeeQkvWX0W5/dtx5lFz7s+MUr/PzcZ8d93/+nI873/9K97hjPvvfd/m4a+XjrpGP58+57s7Ndc/Hc1397fvMWInqi7zVAoNqxsK1syOu/XP/kYV2/+i7bn9l2Wh/VnfndY+3ZdVx12t/dn6+d/uz41l28nH/O+5Y/pyP+y7XvX2+om7u6beOO5cTs9tuuyUj7FztrX9G9Uf3s/OzbOXjWZa6suWz41l28nH/O55lI1/PZ8Ux3+Xj+feulT+3j+fzc13z8VLd258dF3zhEGqjITArK3JsRonj43q5n9yn3W+5n0b1q2M++18/5uP5/Ha/dvu59LlPf/rsr8/d4/62656PO7+kP33miJn9MHvIQdQPud+1e+7nbr/6rtSv+Xi7X9vHcz/mfh3X737nuPNcLx/3OR/Pnx3P5/s/f3bc/853LH/OdVMc853/kWGBLe0xFJxgDv/Tnva0LfrO/6PkyOd83HfqnT+7Rj4+iS4sfXa9/DnLib9dXdg+nj+7b/ez67l3qe7OFcwwE33UUUdt0Rf6p9QX+XP7eD7f8SwH+XM+3paj7mfnd4/7nc9ZTvJxnx13byUfz+f7P3/Ox53vWP6s5N87lj/7DdKEhJrZ1E6B5USQnyWAFBvpAO9+97vXvlldiG5Jx5GCs+oQ/ZI2Jb2lFrSv1BgzD4zGqkIEVUqOCCEHItAkB0p0eqjDgPxIq6HXRIFXFZzTBz7wgWmW1WxLoEnBHGRQtH8orHWRUiVdb5WBZEtpFbwINIlkmnFDjIP8LC+C/CwB5OCbvrduZNUR5GcdnEgzNEotSJWwbkB6yyo7/UF+toZUm5zqMgScMSmF1kfVcHK3VQT52RoCOsacVKuhkCIotZLjv8oI8rMlBPWkcJrFNoMUWE4E+VkCWDhokZ5Ur1VHkJ91SImQH6/Ugsi+jRhyuteqIsjP1kBUpIxIHRkCawTImLUu8vtXFUF+tgZdlteGDIW1MNb7WLi/ygjysyWk10nplt0wVJcFNi+C/CwB7PRlijbS3oL8tCGn3WygVJFa0L52iOKUrnJULMjP1pAjb9H10FQRBMrudfRapL0F+WnDmh9rXG2+MBQWuUfaW5CfLqS92UiCbETa2/IiyM8SwJoOjoddW1YdQX7WYUedl770panUglSAW93qVmm3siA/QX7auP/979+87W1vS077ECA/toW3Xk2Uf1UR5Gdr2ARDmjfiMhRSNG2TbEv3VUaQny0hpdKupve+970TEQosJ4L8LAG8t+Gud71rOPy/QpCfddjxh/NY04HMaW+2Do20tyA/bVhAzpGqkfbmvUKc0kh7C/LThi3kzQbW0D22OEbYn/CEJ6x9s5oI8rMlpL3ZNhvB9n9gORHkZwkgN95LvURKVx1BftYhaiU9pEaKSAbys8MOO6TFwqvs9Af52RraAtEe6jBwxrzQ1UuH5d2vKoL8bA1bXOftz4fCukXtK2tilRHkZ0vYsMXaMjYuyM/yIsjPEuCEE05IESxv0l51BPlZh5fJeeGdUgvWdNzoRjdKL4Jb9a2uvfE8yM86vE/KywiHyoVdCr1LyhvhaxL3bQ1BfrZGfuEnh30oyOqBBx648k5/kJ8tQZ9bL2ut7CrbuGVHkJ8lQN7quubC9m0VQX7WwaghKUot5K2uV93pD/KzNbw13kzN0LVg5BbBjq2ug/x0Ydt+EfkaW11bExlbXQf56QLhMcPohd6x1fXyIsjPEuDpT396csS8+XrVEeRnHZxyuctKLUh7u851rpO2iV31NT9BfraEmUapljXW/JAxu3BZR7SqCPKzNegyM4M1nNLPfOYzzf3ud7+06cEqI8jPlqC/7PL213/917HV9RIjyM8SgHE87LDDmve85z1r36wugvys4+tf/3p691PNtrDb2y677BJbXQf52Qp0kF2SOO1DYLe33XbbLek1hGpVEeRna1jX+vKXvzyt+xkKOozMxlbXQX7a8I6fj3zkI81BBx00WJcFNi+C/CwBOLdHHHFE8973vnftm9VFkJ91yGn3ToxXv/rVa98MB/Jzi1vcokp607aMID9b4+EPf3jzzne+swr5udOd7pSIe5CfID9tePfTiSeeWGUjDOTncY97XLIXq4wgP1sC+ZHyZuwF+VleBPlZAlDed7/73ZvTTjtt7ZvVRZCfdUhB+uEPf5hKLUh7sw2xnZIi7S3ITxvItq2Ih+6QJO0tdnsL8lMCXWYdWI3d3j772c82D3jAA2K3tyA/W8Bub3QQ3R67vS0vgvwsAbwPI7a6vhhBftYhguVlpEot5K2uvednlZ3+ID9bg0yYqam11fVzn/vcID9BfraA3f/M2NR4874ATpCfID9dID8/+9nPEjn2f2A5EeRnCXDKKac0j3rUo5p3vetda9+sLoL8rIOTcOaZZzbveMc71r4ZDukAN7vZzdJWoLHVdZCfNow7ufJDo/IWtN/2trdNem2Vnf4gP1uDjXvjG99YZTb7oosuag455JDmmc985to3q4kgP1sCsfZ6iKc+9alVZhgDmxNBfpYAjOOhhx4aGx78CkF+1vGNb3wjtUPNdEjtGxseBPkp4fDDD08bHgyNyrc3PPA2/1VFkJ+tgfi84hWvqLIFup0EY8ODID9dSBc/99xzU0C5xgxjYHMiyM8SQORqjz32SAuEVx1Bftbxb//2b+lN1UotSHu73vWul1JGVj3t7S53uUuQnxakV9qKeOj2sJyx6173umkcI9mriiA/W4Mus66sxpiT1rT//vs3j3/849e+WU0E+dkS9JeUcTsKxlbXy4sgP0sA5Gf33XcP8vMrBPlZhw0JpBAptRDk52IE+dka3ovBaQjyUwdBfrYGXWYxeo2U2yA/FyPIz5agv4w9qZVBfpYXQX6WAEiPLTtjq+sgP2189atfTVvDvva1r137ZjhsdX3LW94yRcVWPe0tyM+WePSjH928+93vTo7DEMRW1xcjyM/W8CLvF7/4xVU2wnCN2Oo6yE8XAjjnnHNOc8ABBwzWZYHNiyA/S4DY8GAdQX7WIWpus4OaGx5oXxseyJdf9Q0PgvxsiaOPPjrlytfY8OB2t7tdbHgQ5GcrnHXWWc3pp59eZcMDm7Y85jGPiQ0PgvxsAet8Pv3pTzdPf/rTY8ODJUaQnyVAbHW9jiA/6xDBsjWsUgsf/OAH01bXX/ziFyPtLcjPFiATZmqGbg/LGdtxxx1jq+sgP1vhBz/4QZKJGgvRbc3+oAc9KLa6DvKzBegva8vIR2x1vbwI8rMEQH722muvID+/QpCfdSA/dkWqsTNSBvLjHSxBfoL8dGEdmN3ZgvzUQZCfrWFTDbPONcjPF77whebBD35wkJ8gP1uA/rKpxgUXXBDkZ4kR5GcJIA/aNrOx5ifITxtf+9rXkuOk1EKs+bkYQX62hnem2G5/aJ68NT93vOMdk16LNT9Bftqg11/60pcm/TMUsebnYgT52RKCht5XduCBBw7WZYHNiyA/SwALg5GfeM9PkJ82bHhgs4Oa5Ef7Ij9mk4L8BPlpo9aGB9b8BPkJ8lMCW/eSl7wkyE9FBPnZEsiPIN9DH/rQID9LjCA/SwBvIuYs1NzVa1tFkJ91ICfSQ2q+qO39739/c53rXKe58MIL01baq4ogP1vDjI13S/3v//7v2jezwVbG1772tdNC9G9961tr364egvxsDbpMu9RIR5LWdL/73a858sgj175ZTQT52RL0V35NxFBdFti8CPKzBHjWs54VLzldQ5Cfddip5mc/+1kqtZDf8+MdGUF+gvy0IRqPAA19Nwbys/3226fd4+I9P0F+2qDLzAbW0D3xnp+LEeRnS/zyl79ML2ume+I9P8uLID9LgNjqeh1BftZBeZ955plVt7r+0Ic+lLa6tk1sbHUd5KcN4672VtdenLqqCPKzNdi4mltdW6cWW10H+WnDuPvkJz+ZMmpiq+vlRZCfJYAXWXpfgXz7VUeQn3Uw7m9605tSqQXte/Ob3zztuBRrfoL8tMGBOvvsswenWZo92nXXXZNeC/IT5KeNt7zlLSm9u8b2/VIqH/vYx6bMiVVGkJ8tYdydf/75aT1YzZTxwOZCkJ8lwHOe85zmnve8Z/PGN75x7ZvVRZCfdfziF79Isz81U4fye35sE7vKTn+Qn61hDQUnvcZW17ZTf8YznpHetSEFZRWL2Y0999wzzYDVmOlYBtikQFCHgzoUZAu5PPTQQ4vtvyqFfRA8fcITnrDWMqsNQT2plZ/61KdWOsC37AjyswR42tOe1tzpTndKEcJVR5CfdUhLs3ONUgt5wwOObqz5CfLThhcDipQOXSTsOle+8pWT429bY1v4r1qxc+dpp53WXO1qV2tOPPHE9HLPQNP80z/9Uwrq1NjwwFv899577+bud797sQ9WpZhJ4z8cfPDBay2z2rDOx8Yt3vUTGx4sL4L8LAG83FTUhmO66gjysw6OOefxZS972do3w2EL0Fvd6lax1XWQn61w//vfv3nb296WHNQhQH4ud7nLNb/xG7+RXnZ6hzvcYeWK1NI/+IM/aC5xiUs0J5100kqn/7Vx8sknN8973vOq7AL4jW98o9lvv/2aP/7jPy72waqUK13pSs0lL3nJID9rQK75Uve6170G67LA5kWQnyWA3Hi5y7HmJ8hPGxdddFFKhayZDhlrfi5GkJ+tYdcsuwEOzZO34cEuu+zSPPvZz07tbBe5VSrSsQQt/uRP/qR5wQtekFK94k3zF8P6xVe96lXN9773vbVvZof0Oe+mkvZW6odlL+TKeifr64y1munR2zIQno9+9KMpFTDW/CwvgvwsATj7pu6lSaw6gvysQ168tQI11wtwbm1D/LnPfS7S3oL8bAEv1ZUqYqvYIbDVtXVlxx57bHLQVgnWYNid8YADDmiOO+645KTGuoN1WFOG+NTYhctW12YrV3Gti1Rom0eY+fLSWERw6LhdFgg00EF0e7TJ8iLIzxKAkyB3OTY8CPLTBkfKDI1SCzY8sBg9NjwI8tOFBcLWptTY8OAGN7hBSm/i/K8KjFdpg4cddljSYYhfOF9bwuyEdLUa6Uhm2B70oAc1Rx111No3qwGOPYLtBa/Pf/7zE/GJmcV15A0PPv7xj0e7LDGC/CwBYqvrdQT5Wce8t7qO9/wE+Wmj1lbX0t7yVtc/+tGP1r5dbnDmvcMG8fHeGSmrga2Rt7qukfY2zVbX//d//5ecYve12Yv3nb3zne9MZNW71Hz+zGc+k8j/Zp4Rt57urLPOag466KDmiU98YtoyPAj2ljAWbXV9+OGHR9rbEiPIzxLAjA9FJiVp1RHkZx1f/OIXU0qD9QO1kDc84ATEmp8gP21IoeGcDo3Ke8/PHnvskfTaT37yk7VvlxtSsPbdd9/myCOPTOmDgTJe/vKXN8997nNTYGcozCpap3bMMcesfVNGJj7Of/GLX5y2x77tbW+bZsDtfClF8za3uU2z//77N694xSsScd2MuhHJob8PPPDA5sEPfnCaaQziszVsePC+970vvT6kxgxjYHMiyM8SgHMrR/ztb3/72jeriyA/6xCFZOyUWhDZv8lNbpIMfKS9Bflpg+NXYwt0aW+3vOUt0y6Fy/5+G1vpkp8XvvCFaXcps13xVvl+fOQjH0nbM9cgxV/72teaRz7ykc3Tn/70tW+2hm2P9Ydgj0CS3dHyDoQPfehDm0MOOaR5xCMe0ey2227Nda973Wb33XdP9hg5Mw4QJ2WjQc5+9rOfpW3TOfV2iA2Uob/pdf29yutalx1BfpYA0k1ymsiqI8jPOhhuqWk109NsAXrta1873vMT5GcrcBpEvIc6e9YkbLfddskprbGl8WaG6Dviw2l+85vfnGa94t0i/aDLjDe6bSisUdtnn32aI444Yu2brSEtDGGwBs2Mj5lNxEZqphkCGwf467M1WlKMrSO69a1vnXZQM3OwGciPOh599NHpGWyM5D02gTKMP2t96LPN0HeB+SDIzxLAVPxDHvKQlH+86gjysw47I5177rnNeeedt/bNcJj52WmnnZqvf/3rseYnyM8WEHyRvjW0PfJW1yKvy/xyT+/ukcblBZNvfetb02xGDad+mWELYpuu2FVwKMz8WPvSN/OD5NhqXDqirIqvfOUrSTb7FsFLITNr6bwzzjgjbSjwjGc8IxGojSK07ouAsYmPetSj0oyP4EKgH4ihPjSTHTM/y4sgP0sAkRzRK3mqq44gP+ugwE855ZT0XoxakEInJSlechrkp4uHP/zhadG+LdaHwOzHne985zSG7bq0jJBGZWzaavnUU09NznwQn/FAsM3E1HgnjZmaxz3ucWlGpAs7ytkJzXuAEBkzJ5MSGOfZWMBGCNYBHX/88SlNeNEEiDwhY9ZIIXmIT7wsdzzM5tnAwizZUF0W2LwI8rMEeNGLXpSm2kUPVx1BftbB0H3sYx9LO9fUgpmfG9/4xjHzE+RnKxhzNbZAF123o6AZbVHzZYNnevWrX50i8XQ3ZyuIz2Sw/TAdj1wMheCQ9TpPfepT1765GGZGTjrppLQT3Otf//pEfKYFomOnMIHJhz3sYSkAtUhZJk9m/k8++eS0EYnn8DkwHmZ7zAraVTB0+/IiyM8SgPKWOvG6171u7ZvVRZCfdZiZ4VgptWDNjx2OLrzwwljzE+RnC3BIOXxDI9ycT+vKbEFc8x1VmwFmssxemFEws2BsxrqCySGFCxmpMetsa2qpaXbYa0NanVlMxMGarFmhX6XIIfEHH3xwSp1bBMl1DxuFsIE2NzDDWCNNcFWg/aS+2SBi0bN1gcUhyM8S4IQTTkjpExZjrjqC/KzDGgKLepVaMPNzoxvdKEXGYuYnyE8b9I9o+tD2kKpz05veNM2KLMvMD0cY0RGgMktvk4MhjvWq4tOf/nRa91Nj3QpZRXKe8pSnpM/6CKky4+PF4V/+8pfT90PhXVXIDzI/7z7nrCM6ZnrsHmgMxe6B00FQz3qv008/PXT7EiPIzxLALkFmfzimq44gP+uw+Nxb8uWc14I1P95pYSF6rPkJ8tPGXe9615TmM3Sm0ZqfPffcM+2ctSwRazMAHNI73vGOaZMDTnDM+EwPpPFpT3taSrsdCuuuvB/vOc95Tvqsj8w03v72t08p5LX0m362bbsZJrNK8wTH3Vbbe++9d0rdc++Qs+lgbL7jHe9IO+jWzJoIbC4E+VkCcG7tSFPzTf7bKoL8rEMaEudcqQXG27avNSL82zKC/GwNssF5HOo0mvmxoyBH18Ya2zqQOYvNvRvG5gbWXsQan9lgvEm5rTGD4lre1fPkJz85fba43VqsQw89NKXE1SQNrmfmp2YgqgvEx2YQ3vmHYFs7F5geMhoQY++TWuXshmVHkJ8lgK067Y7EsK46gvysg+IWuaoZvcprfswqxZqfID9tyJGvteaHjHlPyra+5kfqqfQZM1kca2l8fVslB8aDLkN85rHmB0lFfJDu2nJnBlMqnbVetWdijDe63kyPDRys8VnmLeLnjbzmJ3ZgXG4E+VkCeB+GaI8FlauOID/rsOj1nHPOSW9Fr4X8nh9bwcaanyA/bXC6amyEIWJtO3WpQtuyE2etB+Jz4IEHpvfF2H0xiM8weG+ZAAxSORTWLT7ykY9MaXRgptwGAWbpam+xTleSgQc84AFV9QXiY7wYe3yAV77ylc1f/uVfRqrbACA+1nvRP6sc4Ft2BPlZAnD04z0/FyPIzzqkptliteZ7frRvvOcnyE8J8Z6fdYgaIz4Wz3uPjNmsiCIPh+2HzXDUfM8PewFmLqUmWu8h9bI2bD7gvT92rKsBxAcJlO5ucwO7yknXCuIzDGYX83t+avVVYPMhyM8SIHZ7W0eQn3VwHOe529sqO/1BfrZG3u1t6Izgtr7bm7Qsm9B4j491HsuyacNmgN3evLusBjkhq2bl8m5vyM/uu++eNjuo8R6hNhBf63HYaamhQ4H4qO/b3va25r73vW9zzDHHJDkL4jMcZntit7flR5CfJcCTnvSktDOJ90esOoL8rOOXv/xlckRrpqdJOfEOlgsuuCDW/AT52QK21DUbONQBM0uy3XbbpbWMnJBtBZ7bWDNzcJ/73CftIhbEpy60r/FWYxZNUGifffZJWROAUNmGfB5rZsyGPve5z20e/OAHD14TR87MSJxxxhmp/sZJjXEXuBjaUXoqkhpturwI8rMEeMUrXtEcdNBBzTvf+c61b1YXQX7WIa3jrLPOat797nevfTMc0gF23nnn5JTWJFXbGoL8bA3Onai8nPkhsIbBdurWL2xLb6X33FKPpU6ZteJAD3V0A1viPe95T5pVs35qKC666KLmkEMOaZ7xjGekz9KdyPAzn/nMNCtUE9/61rfS7IxZpqEONcdc+p9ZJNdEhMhZOOp1gPTYDIMfEe9IWl4E+VkCvPGNb2ye8IQnpKj8qiPIzzo45hZtKrXgPT/W/MgtjzU/QX7asJjbpitD8+St+dG2Fp7XWNi+CKgzxxzxsc2wNSmxuUF9IMTeXYZMDIXgkJ3erMkC49gLVL0jx7btNYmr9DQZGmR6ViA3ZvPtGihdT7q7TW18H8SnHn7xi180H/jAB9Lsbc2dUgObC0F+lgDHHXdcGqhyVFcdQX7WIYJubY5SC5yCHXfcMe2Gs8pOf5CfrWEnLjtNDSXF0o9ufOMbN89//vO3iff8SNMz624xuzrbJnmVZ0XnCS83/eIXv5gc1KH4whe+0DzkIQ9JpASk0tGZZlQEjBCLGhAMMOPjfUKzkjbkhp7xolzEx8yi2feYWawPY1ff8yVWOcC37AjyswQwTb/HHnskxbjqCPKzDmk4Fu7WXLwrIna9612v+dznPhdrfoL8bAFExWL/oesxkAkyJiJfY1eveUJdrfF5zGMek9Ze2KAhHKb5gS4zG1hjzFm3iLA+/vGPX/vmYpi5swucdOEhJDbPyEgVtvmF9PRZZMM1zCyaPbImyXuIkMAgPvOB2TUzPgI5sUPj8iLIzxLgpS99aXpT9Zlnnrn2zeoiyM86rDnQHlLVaoEhv8lNbpLy5WPNT5CfNk4++eSUKz+UFJv5ye/5qRV9nwcQPVt7H3744c1RRx2Vxls4S/OF95Z5837N9/wgrW2YUUGIvP8HQZqVsEh7NENOPtgk78CaFq6DYEup3HfffdPugQICIWfzg3U+9Lqtw+M9P8uLID9LAHnElHWs+Qny0wbDyyEVcawFROpWt7pVrPkJ8rMV7GQlAFNrzc9pp522Kdf8cEjNqpoF9W4jxGdbSM9bBtiJLacWDoU1P3Z6y2t+2pDe++hHPzod90JnswH6fRI4T2BIHW2oILXOi6an1ZeuYwYC2fPOmUMPPTRtbx0zPvNFXvNzv/vdb7AuC2xeBPlZAthSda+99hq0mHJZEORnHZS4qXulFhiFHXbYIeXdR9pbkJ82RLbtwsVRHAKRbuvK7LzFQd1M4JCKup9//vnN3e52t7RTWBCfxUFbWzdT4105UneRiic+8Ylr32wJhAW53W+//RLpMJOj//tIUD5GPswe+S0d8dnPfnbqzS9cxziSUik1D4miZ/ruHagHfWWLerPYsWnJ8iLIzxLAYkq7DNn+ctUR5GcdjKcI9dCth9vI7/nh6Ab5CfLThii1thgamUZ+rnWtayViUWNXr5qQEvOJT3yiudOd7tQcf/zxKf0zHKTFgS7TB0MJNnhhavs9P12418c//vE0A2S2Gxkf9XJnciAodOyxxzZ3vetdE2ny2XWmJS3O99Jg6ezS8mz5blwF+Zk/tLNZOsHDmGVbXgT5WQK86lWvag4++OD0TpdVR5CfdXAcva1cqQVrfm5+85unvPNY8xPkpw1rJKRFDn03hh23vLTZlr413udSC8idNSdmfOyw+dWvfjX6fsGwlbqNfWwsMRRmZ2xUYR1NH6Q9ITBSMKU32s7d5gWI0Ote97r0olG2xmfv2pPi5jznf/7zn0/yMQ1hcW4mPo94xCPSdW1uEGt8FgcvpKXfzQjGe36WF0F+lgBmfOQDWxS56gjysw656tqBIa4F7bvLLrukdKRY8xPkp43DDjsszQwOTUlCfu54xzsm5/JHP/rR2rcbC1Hgs88+Oy2QtzXyqBmAwPzgnXbWMNZINbQmh8w++9nPXvumDLNM1qGZBXrNa16T1hxJNbdWiK1RfDYTSGbphll32DRLZJc521kj2LbjrjHLFZgcCK9t+5FcRCiwnAjyswTw0rf73ve+KQq16gjysw67ZnlTec23lef3/LjmKjt/QX62hlmfGqSY3O60007NC17wgk2xnsaMD7n3ImlbIJtRXWXiv5Ew22ZGpcZ7fszoHHDAAb9+z88k0O8IufVCbM373ve+RIp9/vGPfzxIF3gm17RxiJRPuiVSKhcPGQ12btSvMc6XF0F+lgDxnp91BPlZhyhivOdnPgjyszUQlWV7z4+0F6lu1oWYJZCCFNg4kA2L0WuMOesWS+/52QjklEozPtYYIdgx47Mx0O76I97zs9wI8rMEkBsfa34uRpCfdTCgb37zm1P+eC1Y87PzzjunlDqOocjkKpbzzjsvbTIiehzk52I89alPrbLmR4qRNT9SjDZqzY91F/rZonizA97VUnMGNTAbrPk59dRTq6z5oR8f+9jHjlzzswjQH4iPNT52nxOsCqd74yDVTYqjmd4auwoGNieC/CwBpLuZuheVX3UE+VmH9JATTzwxlVqwpmO77bZLaUBmPUTCV7FwzO1IFuRnHfe5z32aN73pTVXe82O3rNNPPz1F+TcCor/Ijs0N7KbpnVnhkG48XvKSlyT9bpe9oTBTycE95phj1r7ZGEivMuOD/JB3cha7um0czF5bP23smwEKLCeC/CwBRK44C5H2FuSnDRF4xrSmAynH/VKXulRzk5vcpLnHPe7R3Pve917Jcutb37q5+tWvnmYGpBcGmpSiZrOCGmlv22+/fXJKNyLtTX8KHOy5555pMfyqp3huJtBl1tzU6A9pb/e///0TAdooCCZZWP/kJz85baKBdAfx2VjoAwQoUg+XG0F+lgCcfYa65q5e2yqC/KzD9L33Qyi1YHbxale7WnPCCSc073rXu5LxXsVixye73oVjvA6L0b0McqjDgPxc//rXTztoLfolp9JcrOeyZbHZdC+ojO1uNw/osu9973tV+kTf2rq67yWn84T3x0ghRnwQ7AsuuCAW128SSHe16YrZ3iA/y4sgP0uAV77ylWkL1ne+851r36wugvysQ9ScTNSUCwb7pje9aYqKxXt+YsODNszUfPSjHx08E2b26Ha3u11zyimnVCXu44D4WMtlJsAb9RHbmNXbXLCuVZr3D3/4w7VvZofUOf1sw6BFAnE7//zzk832AtNPfepTK61LNxvoATP6dtyLwMfyIsjPEsD6Aws3vR9g1RHkZx2Mu3UTSi1o33jJaZCfEpAGa8FqvOdnt912W+iGB0gOh9SmDXbbMisgAhzYXLCBiw1+zP4MhQCO9+MtcsMD6+E+8YlPJOLDZku9C+KzuaCPBHHIRmx4sLwI8rMEsCWs9ReR9hbkpw1K3PsKlFqQ9mY9hpfvxVbXQX7asEGANRnbWtqbdCNpR0ceeWRKQxL1DWxOmPGxUUGNiLyZPburLSrtTZ0RH++K2nvvvdOOmZHqtvmgT+gguj0CIMuLID9LALsRiZS+9rWvXftmdRHkZx2cUI55TZJivYtdzkQsg/wE+WlDlFRbWM8wBBwPMibtRHR+XrCwXF296d/aDzM+QXw2N8iXWboaazH09T777JPe4TRv2AREepvZhL322qv5yU9+EutJNinoBARI8HCoLgtsXgT5WQK84Q1vSC9q45iuOoL8rMOCzZNPPjmVWvAel1vd6lYp7WSVo5ZBfraGN9N7D0uNra533333NJPNSZwXRHXNitqiW8qeqHykIG1uWAdms5EapNhLLBEfmRPzBn3xmMc8Jm1nbav82M568+IXv/hFynDYd999B+uywOZFkJ8lgBxoCzfjJadBftr45je/OZeXnN7sZjdLa36C/AT5aaPWS06t+fGSU3ptXmt+9Jk0vfvd736J+OhPuyMGNjfe9ra3pZec1kjlpR8X8ZJTsuU+0us++clPBsHe5MgvORVQjjU/y4sgP0uAvObHDNCqI8jPOrygzQxNjcXBGSJiO+yww8q/3DPIz9awDuzHP/5xlTU/O+64Y/Pc5z53Lmt+RHPt6nbYYYellGEOaUR4tw18//vfT4GXGk7pvNf8IDnei2Yt2bHHHpt0RmyLv/lhRtiW/bHpyXIjyM8S4HnPe15K3bAF6KojyM86vKvAu1eUWrCbF8dUSl2QnyA/bXzkIx9JqURDZwTJ7Y1vfOOU3mRxe00gOWanOLzWX0hBikj8tgP9hWRLTRoK1znggAPS+5xqg5wZDw972MPSdtaIVjjS2wboAzOLshxWObth2RHkZwnw+te/Pu0g8973vnftm9VFkJ91ID1Sh5Ra4Dje4ha3qOLkbssI8rM1rGeQejs0Km/Nz53udKek18wk1YJ0PDM+iI/1Fwh8rLvYtvC6172uOemkk6rMCJpBYjfZi5pAfGyVbDzYPZAeDid624GMCXbuQQ96UKTCLjGC/CwBLAK1U1Gs+Qny0wbjLkdeqQXta82PHbJWOWIe5GdreFmkaHeNNT9ecvqqV72qypofBIfzaTvrgw46KK2/kLYZ2Pbwjne8I+n2Gi85teYHCa75klNpbYjPwQcfnNaTeUlv7Oq2bQHhsfmJGcEaW6oHNieC/CwBjjrqqOQs1Izwb6sI8rMO23QyvDWNb97q+jOf+UxsdR3kZwtI66mxi5U1P9e85jWbpz3taclBHQp18sJfWwxbxIz4xBa22yayPqvRf9Z6SRc3+1MLyL8ZH7MG3nkVu7pte9Bf+k3AJPpueRHkZwnwghe8IEWZ7Oy16gjys468aFOphbPPPru54Q1vmFI5Ys1PkJ823v3udyeSMXRG0Jqfm9zkJs0JJ5wweLMOffO1r30tER/vDTL7E4vOt118/vOfT+/LkRo5FNIercl58pOfvPbNMLA9MjBscEA/ImnhPG97oDOkVZpljPWAy4sgP0uAvObHzjKrjiA/68hrfl7zmtesfTMc2jfW/AT5KUFKmdTboXnytdb8eBmmGUrvHzI77qWWsXXttg1rfl70ohdtujU/Zny8bgLBJmexxmfbhTU/7NxDHvKQWPOzxAjyswR4yUteknat8YLBVUeQn3XYseacc85JhrkWzPzstNNOzTe+8Y1Y8xPkZwtYe1hjZsWan1ve8pbNy172spnf5yJX37s6vMNHNB4JCuKz7ePcc89Nqbc1Xn5rRvCRj3xkSq+cFWTd+hDEx3XIXMwWbNsQNKHX6Z+YJV5eBPlZAliw6Y3oIqWrjiA/66DEpRApteA9P9e97nXT1q2r7PQH+dkaFqHbgli+/BCQVzJmHIvOTwsOi/4RhTcbhfiEQ7ocIBt/8zd/U6U/L7zwwma//fZL68BmATJtlsfmBjbRkI4XumDbh3RFO/YJvAzVZYHNiyA/SwDv+bnvfe8b7/n5FYL8rIOjIPVNhLMWvOfnBje4QbznJ8jPVhCV3+j3/Li3NW52akJ89FNgeeA9PzasqPGeH9eR2jTLe37MLCLVZhb33nvv0ANLBMRaIIcvEemLy4sgP0uAN73pTelN5VKSVh1BftZhdsZmGC984QvXvhkO7z+4zW1uk6JiseYnyE8bNhV44xvfmHLmh8Can7vd7W4pmGPHrElgYbkdwMwUWcQexGc54R0/Mh2k3Q6FzTSQl+c85zlr30wGMwPSO21ssMceeyRHOV5gujz4+c9/3rzrXe9q7nznOw/WZYHNiyA/SwALQC3qrfk+l20VQX7W4R0p3jnxsY99bO2b4UCwReVX/c34QX62hrRbu3ENbQ9rfnbZZZe0lvH73//+2rejwSEl7/vuu29axH7++edHqtsSQr96876dLIfCrLhtqadd8yPV7fDDD082lx6MXd2WC9JmZUvYLCh0+/IiyM8SgPK2O5KdcFYdQX7WwfkTuaoZvbLY+DrXuU5KLVrlxaBBfrYGh9Q6iKHvYPGeHzL2rGc9K71MdxzMQHof0P3vf/8UjUf2Y5em5QRdJjJfY9ZZ2ppXRJCZSZGJzxFHHJF0AB0bxGe5YJ2P9bJmneN9YMuLID9LAKkAXqr21re+de2b1UWQn3X86Ec/SrsPKbXQnvlZZac/yM/WOO2009I6iqHtYc3PzW9+8+bFL37x2Jkf9zLbxBm1c9d5550XqSpLDONO6q1ND4biK1/5Spr5eepTn7r2TT84xAI+iI81QnbR5CAHlg+Ceuzba1/72tDtS4wgP0uA/J6f9773vWvfrC6C/KzD1L13/NR8zw/HI97zE+SnBOTDi06Hbik96Xt+RN3t2GW8W+djw4WY8VlunHrqqYkUL/I9P5xh49wMEfJDB8a26csLwRN9HO/5WW4E+VkCxHt+1hHkZx0W4lLiSi3It/f2/XjPT5CfLl75ylcu7D0/iPcXvvCF5phjjknEh1xaexFYbnhnmSBfzff8PP3pT1/7Zmvkd76YHZJWKaUyiM9yI/c5v2qVU7uXHUF+lgBPfvKTm9122y1N0646gvysgzNIeddU4Nb8XPva167i5G7LCPKzNbwbAyGusebnWte6VnpPz7e+9a21by+G9RVSkKwFovce+tCHpndPBVYDdA7ntAbRtX5nn332SSmTJZBlW/qzJ7vuumvaPTOc4eUH/aXvzQDFmp/lRZCfJYDd3qz5id3egvy0Yfcrkcp57fa2yk5/kJ+tYcyZjRnaHqPW/CA/jj/84Q9PxMd7p8JBWR1Yv0jH11jzk3d761vzY2bIsTve8Y5J35ltjM0Nlh8Irr6PNT/LjSA/S4DTTz+9OeqooyIC+isE+VmHxeccSNP3tSCF7ta3vnVySmPNT5CfNuyc9Za3vCXNAA2BNT/en+KdQe30JtF+Tu+BBx6Y3qqPiEcK0mrh5S9/eXPsscem3f2Gwgt0H//4x6fUyS5shsCmSqnM26YH8VkNeIGu1Mp73vOeg3VZYPMiyM8SwIssOR5vfvOb175ZXQT5WYeth+2EpdSCSPsNb3jDFDWNmZ8gP228733vay666KLBa8HM7FhXdsIJJ6QXUYKXSEp1e+xjH5vWaZBDJCmwWjCzaIvqGn0vpc3sofTJNui2Jz7xiSkdLgj26oE+t6HPWWedNViXBTYvgvwsAbzxWqQ0HP4gP23Ijbd+QqkFs4vXu971Uv57kJ8gP22YDfQOFmtyhgD5IWNHH3102pEL8RGJ9/kBD3hAWncWxGc1QZcJ6tQYc3YK3H///dPsD5AzM0q2skZ83vOe98S26SsIM8z6XeBlqC4LbF4E+VkCeM/PAx/4wFjz8ysE+VmH9/xw0j/xiU+sfTMcec2PnOhVjooF+dka0m9rvOfHbm/W/FjLKAKL+Jjd9kb9d77znRGJX2F88pOfTDu+1XrPj7Vj1vWQWcRHIFFapVlM6U+B1YM1P3YztdV+6PblRZCfJYCXC4peiYiuOoL8rENax8knn9y84hWvWPtmOKz5sQ2xfPlY8xPkpw3vxTjzzDOrrPnRtpwPC9yPP/74dO1I6w2ccsopzfOf//yUAjkU3hVkhsdW19I1EWzvl6LjYq3H6sKsj7RaSwlCDpYXQX6WAC984Qub/fbbL5yDXyHIzzp++tOfptQObyavhVjzczGC/GyNd73rXVXe/yTtbeedd05OKdJjVjt0WwCk25rJNjs4FIJDNjRgOxEfL282s/Sv//qva2cEVhH0uXRb702MNT/LiyA/SwA5yre//e2rvsl/W0WQn3XIV5bHrtSC2UXvYLHoON7zE+SnDe0gX37orljWdVz96ldvLn3pSzd3u9vd0mxStHEA6DIzzjW2N//Upz7V7L333s1lL3vZ5h73uEfz0Y9+NMlZ7Oq22tD/9FjIwnIjyM8SQFrTQQcd1LzjHe9Y+2Z1EeRnHdZLvPvd706lFqz5ufKVr5zefWHxucj8KhYbjGy//fZVdjdbFhx33HFpW2AbbQwB8nO1q12t2XHHHVPqW2xuEMiwBbFZQO8wGwppb2YV6TKbG1hLFs5ugBx4iTc/YqguC2xeBPlZApx66qnN4YcfngzDqiPIzzryi9qUWrAo2K5b8u5f+tKXpvdurGLx7iTrDyyKjh2BLsajH/3oXzuRQ+D3J554YvOmN72p+cEPfrD2bSDQJDJs7AnsDIW1HTbQsFFQEOxABrk455xz0jbo//zP/7z2bWDZEORnCRDv+VlHkJ912BLWep+aa3686fy5z31umvH48Y9/nNYVrWKx2xTiE5HidXgvRo01P9ZcIJjkNhYcB9qw5se6nBprflwD+YmXgwfakO5mVlC6bczqLy+C/CwBnvGMZzS77757ioqtOoL8rMOaHIvHlVqQJ/+gBz0oEZ+aa4kC2z7M0tSYCRN5Pfjgg9P6spqyG9j2QR4EdWo4pV4FYLMgM7iBQAb9JejivWUxq7+8CPKzBHjZy16Wdq2JNT9BftqgvO3OptSCXHtriKQmhWEItCEdCTkemifPsbW2TPQ1cu4DbdDvdhUUfBkKKU02bvnCF76w9k0gcPHM8+c///nmhBNOCP2zxAjyswSQ7uZFbRyGVUeQn3VIG3re856X3pNSC9K82iUQyLjrXe+a3jlm5mYIQsYCfTBT87SnPS2l3w5FyFighJ///OcpkLzrrrsO1mWBzYsgP0uAY445Jm3V+YY3vGHtm9VFkJ91UNzf+973UqkFEbHHPe5xac2L7UADgQwRdKlEQ+VCRJ6De9555yVHJBDIMJttRnDophpg7d6rX/3q5owzzlj7JhBo0lbqUiutL4vU7uVFkJ8lwLOe9ay09W44/EF+2jB9j6QotfDpT3+6OeCAA5qf/OQnQX4CW+C73/1u2jWrxpqfxz72sSlds8bC9sDygC5DWmq89wlRP+mkkxIBCgQy2DU6yI6Ckdq9vAjyswQ4+eSTm0c84hFp55pVR5CfdVDetj9/3/vet/bNcCA9H/rQhxKxqvGiwcDywK6TH//4x6us+Tn33HPTjOUqv0g3sDVsguHN+zXe82P2yEz2V77ylbVvAoGL5eLCCy9sjj322Fjzs8QI8rMEeN3rXtcceuih6R0bq44gP+uw7bB2sA6jFkTE8nbGQX4CbRx22GHJOR2akiTy+q1vfSvN+kTaSaCNN77xjeml3mYZh4IO+6u/+qsqmycElgd2ehN8edSjHlUlvTKwORHkZwngzer3uc99Inf5Vwjysw7OoxedKrXw1a9+Na0xs+VspL0F2uAwmG2UMz8EZhUtbLdzXCw4DrRho4MvfvGLaUv1ofjbv/3btFmQ3SsDgQyk+Ic//GHz4Q9/eLAuC2xeBPlZAjzlKU9pdtttt6pv8t9WEeRnHaLmpu1rTt1/7GMfa+5+97untJOIygfaQFSsxRg6I8ixvf/975/SeGuuVwts+6DLkOMagRcOLltx4oknrn0TCDRJfyFA9FBkNywvgvwsAU499dSUchJpb0F+2hAl9eLbmi+/lRLw7W9/O9LeAlvhMY95TFpjViPtzY5eNk8Igh1ow46mL3/5y6ulvQni2EAhEMgQxDGLbR21nScDy4kgP0sAa36QH47HqiPIzzqQH7Kh1ALy853vfCelA8T7MQJtHHLIISkAU4P8cG5tcx3kJ9AGvf7Sl740pVcOBR1mvU+Qn0AbyM9HPvKR5sADDwzys8QI8rMEsAbjnve8Z1oMuuoI8rMO0/Yi6EotyLc/6qij4j0/ga1wwQUXpAXkQwkLh+PZz352SrGM9/wE2kB6vvnNb1ZxSr3LRdbEW97ylrVvAoGLSbFdTa05jODL8iLIzxLg6KOPTusw4iWnQX7aMEvzgx/8IJVa8OI3s4wchzAMgTa+9KUvVXn/E8fWOkapJ1LfAoEM63QQIOt+hsKMzymnnBJBw8AWYNcE97y0OQJ8y4sgP0uAV77ylc0jH/nI5l3vetfaN6uLID/rkJ72jne8o+r7n5Ce888/Py08jhfABdoQhDnvvPMGO6Yir6KuZpFqvMwysDw466yzmtNPPz3JxlCQU7tXmkkKBDKk7dI/z3jGM6qQ7MDmRJCfJQBH/4gjjqj6MsttFUF+1uHlfa961auqvsGcMTCTJDoWa34CbVggLAAzNCUJqbYQ3cxlRF4DbdjR9KSTTkqBnaHIEX7b9gcCGdb8eJH3gx70oFjzs8QI8rMEEKG4y13uUnVXr20VQX7W4e340oZqpg598pOfbPbff/8q6U2B5cKPfvSj5DgMnRF0jYMOOigFc7yrKhDIoMuQFTu1DQV5ff7zn59emhoIZLBrSI8ATGQ3LC+C/CwBnvWsZzV3vetdw+H/FYL8rMMsjbx2qWq18JnPfKZ52MMeFuQnsBWsxUBWapCfQw89tDn77LOD/AS2AF1mh7Ya6ZDIz4te9KJ4P15gC7BrNgsyuxjkZ3kR5GcJQHlzFuI9P0F+2vjGN76RNsGouaCXUZAnH+/5CXQh9fYDH/hAla2uya438Mcb1gNtnHHGGWmTghrv+UGgvv/976cIfyCQId3W2kVb9w/VZYHNiyA/SwDG4NGPfnRsePArBPlZh5eRvv3tb2/OPPPMtW+Gg0P6iU98Im14EOQn0IYZaO/HqLHhgRlGkfka6U2B5YHNWwR07Po2FHQYkl1j/VBgeYDwSO+242RseLC8CPKzBPCen7322iu2uv4VgvysQ/qQCGmNKGmG7T+PPPLIeM9PYCvYBh1hGboFunx76xg/+tGPxnt+Alvge9/7Xgrq1IjISwmWNfHmN7957ZtA4OKNMKRXXnjhhYN1WWDzIsjPEsALAffcc89w+H+FID/r4CBI6aiZ1sEgHHzwwclxCPITaOPrX/96FVIs7eQJT3hC8+EPfzje8xPYAsi13SbN2gyFdYsvf/nLw1YEtgD9Za2h9O6wccuLID9LAMpbvv173/vetW9WF0F+1kF52+paqQVpAN6xITUptroOtPHwhz88pd7WWPMTW10HSjBTc+KJJzZ/8Rd/sfbN7KDDpPEGwQ60IWOCH/HABz4wtrpeYgT5WQK87nWvS2/dD/IT5KcNkfhTTz01lVrgkH7rW98K8hPYCo997GOTDqpBfji3Ut4i7STQxmmnnda87GUvSzsLDgUdZibJDFAgkIH8WLvovWVBfpYXQX6WAE9/+tPTe35qOrnbKoL8rMN7fkzf19wu2ELQBzzgAWm72XBMA22YEeQ41Njq+lGPelTz/ve/P15AGdgCdJnUylrv+XnBC17QvPKVr1z7JhC4+CXLSI/0ytjqenkR5GcJcNxxxzX3vve90zagq44gP+vgKNjNSKmFr3zlK2mNGac0UpICbdigwIJ0EfUhMHPk5ZOItq3VA4GMiy66qPnyl7+cCPJQSHljM2OX1EAb9JdAzrnnnjtYlwU2L4L8LAHkQUs5iff8BPlpg6PgHT+nn3762jfDIRWJ8xHv+Ql08fjHP7754Ac/WCXtTcpmvOcn0MWb3vSmtIYRyR4K7/lxnRrbZgeWB1K7BXK8O3GoLgtsXgT5WQLEe37WEeRnHfN8z4+UuiA/gTZqvufnggsuiPf8BLZCfs+PlKShyO/5oScDgQwpb/Gen+VHkJ8lgHdiWPPz+te/fu2b1UWQn3XMc82PRcKR9hZoww5ttdb8PPKRj2ze9773VZXdwLYP8iAAE2t+AvMCu4YAmRGMNT/LiyA/SwDO/t3vfvd4yemvEORnHRS43OWa7/n57Gc/2xxyyCHpJXBBfgJtSFWrIRfSTp74xCc255xzTmxDHNgCdFnN9/y84hWvSDvIBQIZNvKxptX61rBxy4sgP0sA6zo4Cx/4wAfWvlldBPlZxxe/+MXmJS95SfPSl7507ZvhkJLEIRURi62uA23sv//+zVvf+tZEXoZAOqWNDqzJiNTKQBsnn3xy89znPrf55je/ufbN7Mi7ekVqU6ANuses89577z1YlwU2L4L8LAG8pfqAAw5o3vzmN6d0AOlOFDpHVfFZccxnUTPFZw5G/pzP938+X8mfHcvn58+Ou5fvffZ9+7i/7eP+TnJ+rms+nj/7X/F73+XzHVNs+mDrb+SH4ySKo/ifsfO/aA7HXfE5O/Ld4/lzPu4a7tE9v/25e9xnv/PZdfP5vvO5dDx/9n/+nM/32bF83Hf5ePt89/jOd76T2qMmKRZ5ffe7352Mgnt0n6ldB6VbZ8+b6+w3+XzH8u99nz+Xzve5fTyf72/3c/t6+bjflY63n6V93P+K//PxXFfF/4rf57opsz6rz/n8fNzfUc9aqnv7WbvH/a843q6fY+3jvs91zcd9dr1cV8W9TjjhhJQWaXwOgXF99tlnp7UYrpXr1m6bUW2Rz8+f/a7dFvl4/pyfzff52ZzvWP694piSz/d/vpaSz29fKx9v1z0f99k5o+rub+lZ/c5n122fn+uej/ve8fzZ//l83+XzHcvHxz1rfhbfleqej+fP7eOl88cddx+fXdf259Yw2mp/KBCfT3/6083nP//5ies3qr7q1z6eP+e2bH923G991z3umM/+bx9vn+8e/lfy+d26j3uWccdL57uPz47l477Ldfd/97Pz23VvH3fMZ/+3j+fz87393/7crfu4Z2kfz/funp/vzbZ95jOfaY4//vjBuiyweRHkZwlgW9hb3epWze67755SkrwjQ878Yx7zmFR8Vhzz2THF54MPPvjXx/P5jtlAwXHF53zc+fm4z/m47332fft4/pyP59/nz67bPj9/znXNv8+f/Z9/77t8vmOK9L+99tor5XFz1J/61Kc2J510UsrflbLl7eBekie6w7mySBtpzMef+cxnpt2EKD1pN895znPSpgGmwRlKO8DY0UruuejQ0Ucf3bzjHe9I5/v75Cc/ufnzP//zlFLhOCJmgwBk7TWveU3alvxjH/tYOo6guR6S4v4+v/CFL2y+9KUvpeu5t89f+9rX0s5tUjTMajHa3/3ud5Oz6Zqew0v/nva0pzUvfvGLm5/+9Keprs5VP+fWwqc+9almv/32S9e3NkOd5M0zFnLozTIdddRRzfe///30XK9+9atT+3tpJZKqfUVvRW6lFXgGz8k42UXOtaShaA+/P/zww9NaNs9kBx7tZ3dDpFcd9C+HyPGPf/zjaZGqftDe/moDx/UXh9rLgP3O7JVZCve2SN+uPuqqDTlD0gXJhd9re8e1Lfn53Oc+l1JvzKqZcdWXnkdb5Bcwut+TnvSktBmJZ3dNz6YwuF/4whfSs7iHe+njI488MqWukrUPf/jDzbHHHptmdd3bs2lXM5tSy8gm2UJEGe+3vOUtSZZ97z0oSK/d19SVrLtulj079ukDbeW++sp9RNS9wJbs0Smelyzqhxe96EVJtrWbReL62bPZLcvzP+5xj0vHPZf6DAHnw7gg2+pmy1nbq9vpy7U9m3WO7bbQNueff35qK9sXa7sPfehDqR88m7Ylb3SCtvKs2oazY4zpF5/1nfGv76wt8XzaSiEH5Mwx7aFu+pV8K+qt/Yw5dSAjZl/1k7Yybj2LuqmDutnYgUwKUOh3uoXM0TlIoAX+ZFy/ubfzfKZT9JN3u+nX8847L7WFsWPMqIcx5Nn1pXoYY57b8xprziGz2lLdPbvn8vx0ivrrU3JgbKur32oLY197eLa3ve1t6TgdYHx76bbxp/21hWfwbPSiuuk3MnjWWWc1xxxzTJJhusF1tC0dg9z4nkwbr9pCG+pH5xn/Q+Ee6kcHeX5jjByTJ/WjNzyPemg7Y9WY8Rza2vf6ggyoD/2hL1xHX6nvEUcckdqVrGT9rt3IMZnW3sagMaWdtae2cw6Z0pZ5Rzpy4praWpDhec97Xuo/bWPc6UebHrm3vtCWdvpUN7ZIW2pz+oC8GGPkymd9pD6eWV/QF35/4YUXpvFNl2oL+sD9jH/kQF/RX+qhfsYXe2Psep6sT7QbfZn1vmfT93ShdFkymjeyoG/0g/aky9SR3GoL12KnyaVnMkaNe9enzxEbbaAt6HtjjBySG21mDNIj+p0cenbXfcITnpDGhPobu3SnNvGsgeVEkJ8lAGXNoBqwBrGBrvi//bl03Hftz93jfefnaw397P9Rnyc93//5M6VMITJuHAnGmlJjIMySMe6MN6eUUhVJzMe1I2ebwaB0OUUMBiXKEHCyOKaMI+VKaXPGnO8vA8IgMECULueaIaJEOSacZ46L45Sw6zEW7u8zo8I4UPLu7TPDyIhw+j0bB49B5Gi7JuPqM4XOCDHM6srYeBbXqgVGmdFlKBgShsN9GCRGUtsykoy1eqmf9veMjKr2zoSN0fMMnpNz8dWvfjVdKxMCv2fkGCPPxOnQfowkB8Ezembt7Djjpr85Jdpbf6grI8dpN06yQdd/jJt762d1U1fXy0aQXGhvbe+4tiU/HEn144gwsvrS82gLBltfuD5ng3Pq2V3TsykMvs+exT04M9qVI+XZyRqixynjJLs3mXI9zjOD7zjZ4qxwpDwLx8v3jnOiETl1Jeuuk2WPwdcHmdjpK8fdj+NBXjgunlefqL//ybbn4sDoZ8/GqfP8nA/t51pD4f6u/973vjeNYWNZPyIEntWzGafttiBznk1bcY49i+OZ5GoL8uZ6HDnHtQ3yY4zpF5/1nTGjrTnsnk9bKeSAnDmmPTwrZzCTI+NB+5EZdSUjxrJ+0lbGrWfhAKuDuiFcZJKM6ncy6vd0DhnWBmTSs7k33eMznULncG71K4ebo0h+jBn1IMP6VV+qhzHmuT0vh9s5ZFZbqrtn91yen25Uf30ukGRsq6vfagtkgcx7Ns6mdnXctRAuddf+nsUzeDYkxrP6ngySXfozO9yuo22NTzKF6NEXPqu7NuQ0Gws1oP21nzHo+V1X25En9aNXPI96uL/zjBnnkTvf6wsyQB8hN/qCHtJX6mtcaFeykvU7OSLHZJrcZP2u7bWnttO2jmlLhEBfajvX1Bf6X1uwCc6nT9QVIXBv+lhbGgvqxlbRD9qaPiCHbA+58lkfZV1p/JEjv0fs9AWdqi/oA21hfCJu+ob+Ug/1IwfGDF3gebI+0W70pc/GIT2q7+lCOoiMtvW+dtOe2lkdya22IPPsNLn0TMao465PByI/2kBbZBJL3uhWbWYM6kf39r1nd12k07Nl/cAuqKfrBZYTQX4CgUAgEAgEAoHASiDITyAQCAQCgUAgEFgJBPkJBAKBQCAQCAQCK4EgP4FAIBAIBAKBQGAlEOQnEAgEAoFAIBAIrASC/AQCgUAgEAgEAoGVQJCfQCAQCAQCgUAgsBII8hMIBAKBQCAQCARWAkF+AoFAIBAIBAKBwEogyE8gEAgEAoFAIBBYCQT5CQQCgUAgEAgEAiuBID+BQCAQCAQCgUBgJRDkJxAIBAKBQCAQCKwEgvwEAoFAIBAIBAKBlUCQn0AgEAgEAoFAILASCPITCAQCgUAgEAgEVgJBfgKBQCAQCAQCgcBKIMhPIBAIBAKBQCAQWAkE+QkEAoFAIBAIBAIrgSA/gUAgEAgEAoFAYCUQ5CcQCAQCgUAgEAisBIL8BAKBQCAQCAQCgZVAkJ9AIBAIBAKBQCCwEgjyEwgEAoFAIBAIBFYCQX4CgUAgEAgEAoHASiDITyAQCAQCgUAgEFgJBPkJBAKBQCAQCAQCK4EgP4FAIBAIBAKBQGAlEOQnEAgEAoFAIBAIrASC/AQCgUAgEAgEAoGVQJCfQCAQCAQCgUAgsBII8hMIBAKBQCAQCARWAkF+AoFAIBAIBAKBwEogyE8gEAgEAoFAIBBYCQT5CQQCgUAgEAgEAiuBID+BQCAQCAQCgUBgJRDkJxAIBAKBQCAQCKwEgvwEAoFAIBAIBAKBlUCQn0AgEAgEAoFAILASCPITCAQCgUAgEAgEVgJBfgKBQCAQCAQCgcBKIMhPIBAIBAKBQCAQWAkE+QkEAoFAIBAIBAIrgSA/gUAgEAgEAoFAYCUQ5CcQCAQCgUAgEAisBIL8BAKBQCAQCAQCgZVAkJ9AIBAIBAKBQCCwEgjyEwgEAoFAIBAIBFYCQX4CgUAgEAgEAoHASiDITyAQCAQCgUAgEFgJBPkJBAKBQCAQCAQCK4EgP4FAIBAIBAKBQGAlEOQnEAgEAoFAIBAIrASC/AQCgUAgEAgEAoGVQJCfQCAQCAQCgUAgsBII8hMIBAKBQCAQCARWAkF+AoFAIBAIBAKBwEogyE8gEAgEAoFAIBBYCQT5CQQCgUAgEAgEAiuBID+BQCAQCAQCgUBgJRDkJxAIBAKBQCAQCKwEgvwEAoFAIBAIBAKBlUCQn0AgEAgEAoFAILASCPITCAQCgUAgEAgEVgJBfgKBQCAQCAQCgcBKIMhPIBAIBAKBQCAQWAkE+QkEAoFAIBAIBAIrgSA/gUAgEAgEAoFAYCUQ5CcQCAQCgUAgEAisBIL8BAKBQCAQCAQCgZVAkJ9AIBAIBAKBQCCwEgjyEwgEAoFAIBAIBFYCQX4CgUAgEAgEAoHASiDITyAQCAQCgUAgEFgJBPkJBAKBQCAQCAQCK4EgP4FAIBAIBAKBQGAlEOQnEAgEAoFAIBAIrASC/AQCgUAgEAgEAoGVQJCfQCAQCAQCgUAgsBII8hMIBAKBQCAQCARWAkF+AoFAIBAIBAKBwEogyE8gEAgEAoFAIBBYCQT5CQQCgUAgEAgEAiuBID+BQCAQCAQCgUBgJRDkJxAIBAKBQCAQCKwEgvwEAoFAIBAIBAKBlUCQn0AgEAgEAoFAILASCPITCAQCgUAgEAgEVgJBfgKBQCAQCAQCgcBKIMhPIBAIBAKBQCAQWAkE+QkEAoFAIBAIBAIrgSA/gUAgEAgEAoFAYCUQ5CcQCAQCgUAgEAisBIL8BAKBQCAQCAQCgZVAkJ9AIBAIBAKBQCCwEgjyEwgEAoFAIBAIBFYCQX4CgUAgEAgEAoHASiDITyAQCAQCgUAgEFgJBPkJBAKBQCAQCAQCK4EgP4FAIBAIBAKBQGAlEOQnEAgEAoFAIBAIrASC/AQCgUAgEAgEAoGVQJCfQCAQCAQCgUAgsBII8hMIBAKBQCAQCARWApuS/Pzv//5v88tf/jJKlK0K2fi///u/NUmZHa6hlO4RJQo5q4X/+Z//Kd4jymoXclELdFnIWZRSIRc1bCaEnEXpKzXlbBHYdOTnP//zP5u/+Iu/aN773vc273vf+zasuP973vOe9Hej6pLvnetROmcRpV2HjapHrsMFF1zQ/OM//uOatMwOcvaNb3yj+eAHP7ihz5Sfa6PqkIs6bCY5Kx1fVHH/L37xi82//Mu/rEnL7PjJT37S/Pmf/3l6rtK9FlFyu25kHZTN0L+bpS3c/6Mf/Wjzs5/9rIrD8Fd/9VfN2WefvaHt227bzdDH/kZbXHzvv/u7vxsc0OHg/u3f/m3zoQ99aMOfaTP0b7sepXMWVTaDnLn/Jz7xiebHP/7xmrRsfmw68vPTn/60OeGEE5rLXOYyzY477rhh5RrXuEbzh3/4h801r3nNZocddiieM+9yvetdr/njP/7j5g/+4A/S/6VzFlGuc53rNL//+7/fXO1qV2u233774jnzLu7r/ve4xz2aL3zhC2vSMjso8SOOOCK167Wvfe3iPeddyFVuW/JWOmdR5XKXu1xzpStdacPaQrnuda/bXPayl22ucpWrFI8vqmiHRz3qUc3Xvva1NWmZHW9729uaO93pTs2f/MmfFO+1iELOtOvlL3/54vFFFeP3Cle4QvpbOr6Ioi3076Uvfeni8UUV8nCb29ymeec731llBui0005Lz3Wta12ruf71r1+857yLe1/xildMfbxRNlPZbrvtmt/+7d9OunWj2oJd0R/0Kr1WOmcRhd38rd/6reYjH/lI89///d9r0jIb/vmf/zkRH+2rr0v3W0QhW7/3e7+XfKON8kfIlTGsfzdStyt0O1nbSB/x6le/enPXu961efOb37wmLZsfm478fO9732te+tKXNo985CPTYN2o8uEPf7jZf//9m/POOy8N+tI58y5Y9BlnnNHssccezY9+9KPiOYso3/rWt5ID9453vCNFKkvnzLv8/Oc/T4r3Pve5T5r9GQrP8aAHPag55ZRTksyV7jnv8m//9m/N17/+9Wb33XdvPvCBDxTPWVQ56qijmhe84AXNl770peLxRZTvfOc7zSMe8YjmZS97WfH4ospLXvKS5tnPfnbzyU9+ck1aZscrX/nK5uijj/6187ERxQzWQQcd1DzlKU8pHl9Uefvb394885nPTISwdHwR5V//9V+bF77whc29733v4vFFlY997GPN05/+9OZVr3pVFfLzp3/6p8n5EOH/r//6r+I9513Mlh533HHpuf7pn/6peM4iiplWzrkMkn//938vnjPv8sMf/jDJ2ZFHHpn0WumcRZS/+Zu/SQGtc845J2U7DAEb/KY3val52MMelgKQpfstohjD/JHTTz99w/wRbfnud7+7Oeyww9KMS+mcRRW+8vHHH9/89V//dfH4Igo/+WlPe1rzmte8Zk1aNj82Jfnh/Dz60Y9e+2ZjoDMf8IAHNB//+Meb//iP/1j7drGguN7ylrc0d7vb3dIg3yj85V/+ZXOXu9ylOeuss5p/+Id/WPt2seDAcSDve9/7ViU/BquUkY0ApYFYclr+7M/+bO3bjQHH+MQTT6wy2zErjH2K/BWveMXaNxuDl7/85c3/+3//rxr5ec5znpOc3Y0CQ20mi1O6kTDLoV0FUTYKiMFJJ52U9MhGQooIIliT/LATUoI3Ku/+q1/9avP85z+/edaznpVIx0bh05/+dHL4v//976dUrY2AwCU5e8ITnpD02kYBYTEDVpP8PPzhD2++8pWvrH27eBjD/BGzDBvlj0ghfP/739887nGPS6nzGwm+MqIta2qjwE9+xjOeEeRnCIL8rCPIzzqC/MwXQX7WEeRnPgjys44gP/NDkJ91BPmZD4L8bIkgPxUwC/khiJQ+5Ss1iiFgVF772tc2Z555ZnJifvCDH6TzJjUMs5Afg5IAUr4M/Ote97rm1a9+dcrHtihMSpF6TmrsZiE/no/h4VRbUCvV5A1veEMq6sQJ+/a3v50U4aRtMQv5YXQoS9PjUrooKnWgPLUFAuP5EIBJsBnIj35TD4ofWXnrW9+anklqoinwT33qUyk9cVIjMyv50W+muLty9vrXvz61NTnT9tMscJ2F/EjbU/9zzz03jbO2nBk33/3ud9M5k2JW8qMvs5yRL+NNnzBOn/3sZ9OYnMbB3GjyQ360nTZ817veldrUM0kX09baXFrRpJiV/BjrdCrZpIfU4Y1vfGNa3Er2jJtJxy/MQn5c35hyP/fNbaE+6qV+0zhAs5If7Z1lPY97Rf/oJzpSXSfVqZuB/Bib5Oz888/fYvz6n/375je/mWzfpHpkFvLj2X/xi18kncV261d1MH7192c+85nU/9OQmFnIjzHiPnQ4Xe7+6qGvydmXv/zllP4+aV/NQn60s3aTCs3WZdstvcvYkc7nWtMEYzea/HgmY47PQc6MfTrEc3k+cmZcSWWbFLOQH/VQf3LGLtAhxh7bqU5khp1w7UngetOSH+OS/PBFs5zpW3XxLPqI/TUepsEs5Ic+u+iii5KcsSvqoE/oM7pJHaeRsyA/FTAN+SFInEADiJNhAfs973nPZqeddkqLvyxKu/3tb9885CEPaY455pjUyZSYjh+n0KchPxxiO4cRHLmXlMOuu+7a3OAGN0j1uMlNbpIM06GHHpqejZKfRLimIT+ex/mIAQXFCFm38KQnPSkpYOXJT35y+s4x1+UYTrILzDTkh/LWhwwGJzbngFtT8sQnPjEVuaHHHntscjI5rHKixym/jSQ/FCLDiEwiGfrYQM9t65me+tSnJhl70YtelNqJARvnoE5DfihObeC6lLV2PfDAA5vddtvt13J2oxvdqNlzzz1THjI5o0zJ2SQOwKTkR53JDKeEwrQ5CWeHbOW28L91Lq5HzhAThmccJiU/2iITBO1m7D/3uc9Ncub+uR7kDPFwnIGyBmASB3UjyA9dRl6sm9Bm5Egd9Esev+TN+LU2i6FiQMnxuOeZlPxk40ynqq/g0fOe97zkpBu/uR5Z1skYnUcmjftxemRS8uM6rkenchDcx/3abaE+6mUsGsPGZs55H4VJyY+2ULQvx4jDlh37dluok2dyzSzrnJdxTvJGkp+///u/bz7/+c8nx974Vf88fpVsJzhUxrjnt0HMuLadhvzoB+tikElylsdvbtv2+DUWECHOGgIy7vmmIT/ai/zS2fqQnJHvrEfUh643DtTTuGALxjnJ05Af7cpxpW+0N5nWhsa7eijkjE7VJ0gDJ54tHtcWG0V+yDQ542Nw7NW7K2dZn3le180B0XF6RNtPSn74WGwgn4se4YMZJ3yyvEEAX80zqQc5oHfG+SPqOCn5cS651WZ0nzWlWc5yW5Azfc6uG8v8TnLmt+P6eFLyQ860L90jUMqOZDnL9chy9uIXvzjJGX+Z3zGuT4L8VMAk5IcwUGqEybl3vvOd044Xv/M7v9Nc8pKXbC5xiUtsUex2Ysc0O2I89rGPTQvUCNYoozMp+THAOeWPf/zjmxve8IbNpS51qVSPbh1+4zd+I33vuF1+CB7FMMpBnpT8aAuOHWNmgeXee++d2k/bmGXxDAoDQqgtKkcSDTgOCSdyVFtMSn4YEgrMhhUWRao3A89Ro3wpd8aOomPU7nWveyViygCLao1ykDeK/FCC5Izh06ZkjbLwmUKlSBhE0VKG/373u1+SG89n0wx92AfKaBLyQ/FQbLayJWd5B0By3ZUzhZzZzYpS17YcHQZjlBKl9MaRH+MAUWV0Dj/88ES0GJOTTz45yZm20I8cVnL20Ic+NLUHg0d2OASjnJFJyI+24FwiX5yi+9///qlwlDioZAQp4AyLqpE/x/UJZ4RjNC74sWjyo2847vQSg7jXXnulDQr0R474eiaBAtc75JBDmn333Te1vWc0Pkc5Y5OQH7JB1vU/gk9HuIeAkugo+VQH0VtBJEb6gAMOSBuQeD7jm4M8qn8nIT9+n3Uqh5j8GKf+pwvpMfVQn1NPPTUZbDqB84JIGKt0RR+00zjyoy2MTe1KVwkmaAvjn2xydrKsI3+up33pO/1H/jn2o8jCRpAfMk/XqbMxud9++6U+NFbJnudR/G9Mky+bsZABbW/sj7KFk5AfdXMNJNGzkzP2Sn30J52pbdhfciZIRga0PxlgP+jUUbpsUvLDBpAjjqjNjdyDA0yXG6/qQcfT9WwlPX3wwQen8cApHDWrPSn5MTaROuOYnLkH3WqcG+/6w5jL5OzBD35wag9jWT/pT23R1x4bQX7IPZ/CeNdu5NLYIWfGhjHsuZAHckbnG498Fz4MX4as9j3TpOTHWPjc5z6XiMEtbnGLZDPZRr5YyWbyzQQQ9Rk587x9dsL3k5Af8ud1B+SI7rNbraBlV87IPV9E3+tf+sR4QMTG2W5tO478kFUzuXwx9oPvRd6MQXLG1qmHPuMz0Av6hI5y3FgZpc/0aZCfgRhHfggBYaDYDABbDfY5gaXyu7/7u2lrQopEBLtPqMaRH7+jTDhcBtY0dVBsxUnIKaU+x2Uc+VEHg5CiZaCcZ4AxQuMgwszhtZMcx9HA6VM4k5Afz0AJUM4GuLSBcU6maAhDzPDYfcnA06alOmwE+THYGdLHPOYxzR3veMfk+JCZUc4KWdGnjLr+oFx8V3om1x9HfvyOEndv23qS35I8lcpv/uZvpi3jb3e72yUD21cPGEd+KHERUvK18847J0eEMzTKoDqmr5BFhN9vyFlf+40jP+rOQddW5JacMSCjCCboa7JlPIv4MThks68tFkl+tIXIpGcWhRTlZbBHOfB+oz8ZUH1LV3IY+hw9/TCK/GgH57gvomg2kdyq16jxi4TSk+4vispZ1Rd9vxlHfvzO+KITzGaqs7E0Kg1EWyCOxjEZY7QZ8T6d6vtR5EdbaEfBMbJI75Fbsj+qLTgXovFk/WY3u1ki5ghQ32/UcZHkRz20o3t6JvU0Nkc5NGSC7vf8t7zlLROp4Yz11Xcc+VEv7a+d9tlnn+SAIRb6rw9ZNo15gTJBO31tfDhWetZx5Mdv1M84dz26Otvh0vVA+7GzxindQzaMF9cv/WYc+fEb7Uj/c3jtXqbtkIY+mfEbx5B/9v7ud797itJnO1uqx6LJj3qwp8b5He5wh+RbsCmj5AzIhFkgMswpF0jRPqVn0k/jyI9zBAvJWSkY3VcEz/lyN77xjZOeImel/vDdOPLjHPqQvBo/iDObwu8ZBXZVAFn/Ci4Zg/qu1BYwjvxoe/6ewKmsKHLpmqP6xHOrKzmjixF+Mt039oP8VMA48kOoGSKGzmxPicWPK4gH5cgp6XMyxpEfAkwRECYRg9J9xhWRCAaAYiphHPkhiBQSZaSIvnuecYoGnOMZTG2K0FM4DGdpoE9CfigAioaDRaEzLq7VN2DBcW1L4XO8GRWOT0lJe65Fkx/34UyJgIpUcnDGPZNj6s95ojAYNQ5wSeHpg3Hkx7VEYswqTqPEczE+yBnCwsCUZBnGkR/fc5j0cVbgfYY/wzHPmF+Md9Ob3jTNGHBKShhHfox9DrSgAaeCo5zlbBSMkyxnxjyjbKz0pTYskvyQPbPAZMDMrPGszUY9k3bV9jmyScY4UH1BDzI0ivy4l+iyiCTyY7wbb33OR4bf6RNGVxoF0iRaqV9KGEd+yAmdSlZFKLWNuo9rC/XUl8iG8WrWjK4oQX1HkR/3sj5Be5mBE6HWzpPKunHhOV2fY0oPlLBo8iP6zBE1c032za6p77hn8txkgT2kL0Xn6awSxpEfY5DtJq9kUeYDnTrq+dVBIQfkipMnWCZ1qK9PxpEf35EBM07any1w/XyvEnyvnurLLnAk6SEzQKXfTEJ+fM/2isSTVzI8Ss58r5BhekKAkT6mu7Vt6XeLJj98FjLiuYzzSewEkEUkziwDOaOL9Hdp7Hv+ceSHjCMOMiBKdnFc4SN6P5Nn8NxdqNc48uN3ZEA9zKZ7PnUfpc9Ae5EFuh3h18fkrCTLMI78kFd9wtcUNFOPcX2ijlm3m2Fku9nlvkBFkJ8KGEV+DF4OiYivF5DOQnxyQVgwWtEGgtYVhFHkxwBnnEWRp4nEl4oXD1LClB8F0MYo8kN4KXdRK4ZalGNUhLQPlIepaE4nAuSe3UE2ivwwBhxbA1ReNKVo0EwDz83h0O+ZAHUVziLJj/pceOGFSfEw0oxpyZiPgjZ0XXLC2LtPVzm5Tx/5IY/kXXRfJNmLUEspnZMUv/NSOPWQDqbPuhhFfnxnRsIMmOn50ngZBU4DuWEkyDpnv+RAjSI/2orhddyYzRHSaerhGhxkqTRmKKVYkKsuFkV+cl0YerMmxu80z+NcfSEF0PNIHSqNDXLUR35cQ58i+Eoev9P2L+LCkVQPqSw+dzGK/BiPggVSjzgKxkqfsS9BfZ3PSeCYSm8uOSWerY/8uIYgh1QdKWGID+dtmrYAukt/smEcAo5wF4skP3Sr2RtpqpzLPqdyFLQDG4NksxOu2cUo8kPnmLEQzfbcUnFLemgU1NmYoR/ImTQqfd593lHkx7OLqnMEra+ho6dtf/V2D8+RCVDXRxhFfsiguiHqjrNr2ncaeGa22sy3OpAzY6bbFmRxEeRHO2tbZICdYMP7iEkf1J0OZAv1L31kRrvbP9pvFPnJxMfLdme1mQoCZAZISmLX/yKLo8iPtmK7BWLMbuqraaAtyJkZG9dAkOmMkk4cRX7YMDLm9/6fRbcLlLCVdLOxUwpeBvmpgFHkx5Q7A/5Hf/RHg4Q6F8Tl1re+dXLqOUZt9JEf5/nutre97dSpbqXiORAgCixP9WaMIj8ieZwF6WIG+7SKpg335ZAw+AY6JdZGH/kxEKXGqAMHz0DtGoFJYVAyqBxj13Ot9kBfFPmh1Ciu/FJIfc3BnAXqL1LiRaqiyIhHV5b6yI/2cD7CYuZmqLxnAsSgaNsuSuSHkvQMHFaRIzMTokazQLsy8AyWdpcu2iUeo8iPKBinlMPB8KrbNEo8w2+0uSg4XWLGo4tFkR+OL+NptqREFiaB5yErAhCcEhHxrq4YRX6MbTMUnNpsXGdpVyDrZAj5KBGcUeRHAEZbMOIcx2md8wxjipNNVpDBbmBDW/WRH7M0+oR8ak/Ox6xtoQ8EPhAF47+LRZEfuozjIjjFUeZcztq2rqWf6AIy08Uo8sN2e15yiPjMqlPVncwao2ym2aPuvfrID32D0EphpvcRqVnbni7Th2SdY9kluKPID7tOJ/BxyNksQUvQFuSMTmWfOeP6qA2fF0F+2AVBC8dy+ussILvug6QLlLET3bY1hkvkJzvqxq/13TV8RKnjZrS1X1tWtP0o8iOjxtgXCCJns0Bb6DN2SJBbKq2UuC76yA+5MhbVUYBr2gBuhmfVrsaM1D0+YntcQZCfCugjPxrboDL9RiBLgjptMTiueMUrJpLDaLSNQh/54exz0GdNdSsVM1gWsSMx6pHRR34MQjMTyArnqktWZgEFg9Uzkhzg9kDvIz/+59BYdyD6PCvxyaDUDG6pGaJyCF7GoshPNpB2CRTpnDYi14V21I8MtUilSFZGH/mh9BgTioZc1FDiiutYN8SgdA1hifwYcxwaqVDaaQjBBs+lPTkElLIoexsl8uM3xqUoGodWO7XH6azguDAKxnLXKMyb/HgmjjaCzVmc1Ti2YexIj9RGHKo2RpEfssCZ9bdr0GaBtArEUj268tJHfozFTMBKMwrTwrjiGCH6nLU2RpEfsmWGk0y4hn4aArYCGZWmRQe0deqiyA87YaaUk07Oh44dJB2pM4Nj9lV7ZvSRHyTSTABnVrBhVicswzOYbSEvCG7bNkIf+aF79a3+0DdD250uY5OkaXqudjCnj/wYi8ifNSDGwVDbrS08v7UZxpw+aGMR5EcbZx+BPI9awzUJsp2gz9hA9rgt033kB6FGOqw/rGUzFVkX7E87hVW7l8iP78mBNpIJg/QPged2TeObvHs+n9voIz9k0zF9Mu0sawn8MfqRfjf22wjyUwF95IcyYSxmWfcwqiAe2223XYost5VyifwQRI6FHXBqzPrkYqBamM4Zp0TyQO8jP1i4gS+CxXFiqIeCYjRQbd4gwt+ORpXIjzrK39ZPUndKU66zgAKj9DgunM/cFosiP4yiwS1q47lrQP/Iz+aAUpjZ6PaRn9wXlHhNOVNcjwLrPluJ/BgPlD7DWoMIZIjqcbgp5bZzUiI/2srYf+ADH5j0wqwRxS4YA6lADAo5bmPe5IfxEo0nDyLpWcaHQhScM2j3qrYuK5Ef9+Qok3P1K0UUZ4H+yjsj2jGpjT7yQ6dyzrV7rbYwrjgECCadkh2GPvJDv9A70uWsjasBbSHiKvBBd7YdkEWQH/1uVlFfsGe1QM6kbIlqc4gz+sgPQqsv/KYGqQR2yNiREqy/2iSsRH7cFwHQF+xbm6gMAYdQEBKpage2+siP762PsxOn+tXoe/6JZ5ZdoE3abb8I8uN7gVt9Iaughj+i3+gkWSBkux0ULpEf41vbOt9a8JLtm7VIf7MxRpfklMiPNhYI1hfG/NA2z+Dn0dV0e5cwG99t8mN8aT92XlCJb1sL+p9M82faCPJTAX3kRxReni5BLAnorCXP/hCq9kxDifwYdGZHpA+VrjWkqIfFeZRYVth95EfkiBNhAXoNRZNhtgHp4Ay1HcIS+XFfht26J+fWGuSeXVQBwTTAslFbBPmh0CiKm9/85unZZk3x6oIyorDkIZPtPJukDUvkR79Llbnyla9cNYKlmDW14N8sahtd8qPOjJpZPbNwbfkbCtelQJEq/2eUyI/+l65j63SkqSYYbM+NoLQxT/KjXTk81pNp7xozHRnaihPG4W87YsZmifwYR3LrOReZHNQA55jR1bZtlMiPejCa6lbTSBtb7mMNIZnOelIblciPczgLHPcaDmmGfkCqtHPbaVkE+RGp9jzSsobOyrfBTrqf2XHBony/PvLDIRdk4KzWgnsiD7vssktyyNr6qUR+tD1Szq4gobXknV2yIJzTbYzntugjP2bijE/EcdZ0ty7c0/MgYbIL2lF5+nXe5McWynlGoO1D1YCgCP3ZTtU2hrvkx7M5p9aSiG5BqGzWk8dqH/nRRra7V8xO1oS+1c7dFOou+VFHM7Q5g2bWFNMSyJaZZOu62noryE8F9JEf6QNSdkqCObRIYTOYOKIZJfJjOpfBGrrJQakYsNZ2cPSyQ9hHfjiBhI/SrWmoPadpVW3fHmAl8sOYICcc6ZqGNYMiJwd5QC+C/DDYSAjD6fmyIasFitxMCmMBfeRHe3OOa89y5nKVq1wlzXq00SU/DAxFZ8cbjlrtthBE4Bgg8hkl8qNPGFWGp7YxyWvMGLA25kl+GE1tK1UGGag9doxf6S90Q0Yf+eEMMtI1ZwWAjuDUi5a6T5adEvmhv+hZTnON1Iw2rP0xkyNNKzsAfeRHWhbdXtNBB4EOgbsddtghOcS5LRZBfqQLISJsZ00gFBxN9soMda5/ifyoC0ff7l/dVJmh4OAJAApcZp0KJfLDWTfWjY2aMJ71sVkPMpTbokR+tAU9L2NDeihZrAn6m2NKtjIWQX7yTId71JpRyzAe6ai2PiuRH9kwfKWhmxz0FUFDfZlnoPrID78Cwe4S8hogO/q3SzC65IdNsV5Yuro+qQkyTJ+YQc1tD0F+KqCP/HCAak9n5iL17epXv/oWA7pEfjhqnIh5kh9CLJoGfeQH6SDYFH5N8sMZZ8BEsaQGZJTIj4hm7qd5kB/OOGOVc5gXQX4oD4v57IokKpediFrg8HOEyRT0kR9yaEat1tq2bjF7KoLURpf8mPVSJ5Fzjk7ttuCkc8bJVEaJ/HBaKVqOeo21MW14Rn1iRq6NeZIfDojxZMMU8syI1oT7mHUxNjP6yA+nwhirTSrpJHrLZh3GUX7GEvkx9oxDM52128KMNJLvubPT0kd+tJe6lTbAGALPxG6wLxzePAO1CPIjtRIR6aYZDoXr0/8CI+xknskukR+2Ib8Qd6jz3YVnRWzJdnvWsER+OIOcs9LmE0OgLfQxm6EPOOFQIj9kT3BTarl2qS3vZtgE2Nq2exHkR3qrXdGM5SzftYBYIRjSNzNK5IdtQIKtzynZvKGFz2fGLmfE6LsS+THb6j2S5K09+1kDbDNbggC10SU/fCV6hSyYaawJ8s7/ZKfbYy7ITwX0kR9rBGpuMtAuiIeUs/YC7BL58b/vaqfe5SLSj+TlVJg+8pN3eRP5qqlAGWEDSOSCc5pRIj8MnQGnvrWNGnDKGM1MdBZBfpBOO9aYdcnOUk0w1BwskWDoIz/k8BrXuMagrdxHFfIufzg7BtAlP/pZahySnb+rCQZDW2iTjD7yQx4ZunbaUA2Qd86Q9tcW2WmcJ/lhEBkNY1pkvjZc2+yidXgZfeRHOpRnrbXepw1RcM/IKclyViI/nAnOlPSM2sgBGs+ZZ9P7yA9do5/a6TW1QFfKWmjvTLYI8sNh5CjVjv4CXXmrW90qOdptm9AlP8gvWSR/uV61QDfQpdYDmuXLKJEf+sZ6uG66by3wC9iOvCi+RH7YMOTB7mHaonZ70CfS1pHejHmTH7JrzZ71qZ6v9jPxhcze0lMZJfJjrEujnpdvhvzwF5AxKJEf3xkXXrxvrNcmt3QpPcUXbqNLfgT1nEfX1g5sAd0ujbWtV4L8VEAf+ZmnYOdZl3HkhwPDGay9CD0X5Ec0Nqff9ZEfUXDkR5SpprKhyBAqiqVtJErkh/JDUAg8ZVQb8uQNYIYMFkF+GEvOiBSNWut92jCrRCHltSujyI9I8bzIj8JIjiM/jKg2mgf54bRoC05bRh/5kbtsHOSoai0wTsgPckX281iaN/khv3bLmgf5ITscUFHQjD7yQ8dKSTK+a4OBFA1vO6Al8sNhto1rmwTXgufSl55zHPkxQ6Sfam120IZnvP71r5+isIskP+yE9qY3a4OTZ/bSbMMo8uMY8tO15zVAN1ibySaPIz90rhS52rNgGfQk8pN3OiuRHzNkoubS3uYB+gpRoCsz5k1+6FDkxz30eW3yg9RI8W/PZPeRHw75vHwz5AfJzv7IKPLjHZRme2u3BT+FT8QXbqNEfow5GQDtGbpa4Ad67rbPEuSnAvrID+eMUJUEc2jhZF71qlfdgiWXyA/jxVDPawbKRgqitllZ9pEf29LartOArxld4IxLpZOrz6hllMgPp13uJ2U7j5kfA4khzc7IIsgPg8UJ8/y1FqO2wdGkkEyJQx/5obBudKMbzTXtzZR4W3ZKaW+UuhcKz8Mh5ITo47Yz0kd+9Lkodnur0RogU5xjG6kwVNlYzZP8GCuimRaLSxepbSARKsTH4tiMPvJj/YMgQ21yy+FEnOkMs3XZuS+RH86CzQCQgNptIc2MPhXxz+O5j/zQZcZme71EDRhjHCE7imrnHChaBPnhHJr5aevyGnB963esY6KTR6W9Gb+2/PUi39pBMjrKM0pHEmnPKJEf9pz8y5qoCW2h0JP6IM9Ol8gPP0JGBdI4j7Q3zrhZgXYq8bzJj2cnA+wV57sdUKsBM9lIDSKfUSI/+pqsz2MzKkVg2nOTcdB3XfKjLZBfr6fgN9b2i+gzpIbdbKNLfoxHvgb93k5NqwXtzp7kWTAI8lMBfeSHkb7Wta5VFMyhhTNIIbUXTZbIj7qZmZnHmh/F7FP7JaN95EeqAeHjMNcwnBme08JCO2u1t6ktkR8DDVEQwWbgDPwacB3PJEecQ5KJySLID6VBoVlv4/lqGSfPpCAYIjfZ2ewjP5xjzzkvObO7IYe8jS75IQsUvfdqcdRqypm2QAoo5xxJgxL54URxIMwytncgrAH3c11pUW3Mk/xoR3JmR0HjKeuWWjDjIsJtbUFGH/nxnL6j42qCA25cmfnxvO4FJfKjf+lZxrv2hgd5vYC60B/QR36QNWSk3W414JnoLc44PZPbYhHkhw1zj/Z4qgF6S6DQ4nKBEZ+hRH7Uxbo6qcS1gxfsJIeX09V+n0qJ/EhnRMLaY6AG8nj2snSykx3eEvnRFma8BT58l9utFoxn/d1etzZv8gNm3cyeC7zwBWqCrqDP6LWMEvnhKxkDUs7mseGBgLcZl+yHlcgPOG6HVJkzsmhqwngm7/q5jS75MfbUyZirHWAznugTvlP7fU5BfiqAUiiRH4ZT+ss8BNuMkohJdoKhRH4Ilbfszmvmx2I998sRsj7yQ9lQ4hw3CrSGcLuGSJrop2u3c99L5IciNcBEfBi1WhEfSkV6k/tRZrntF0F+tIFrW8grWpsN+FB4JteSnsEgZnLbR35sF8qJmJcitzORtm2jS360BWOnfxmgmmmA+pSiZDjaW6OWyI+x4L0Yon9mzGopctdBSDgLnruNeZIf4DBJW3WsrXOGwhgU8UPm2uO3j/xwiHwvGl2L6AOSasZFamUbJfIDdC+jbizUgjaW6kRf6Mfs+PWRH+PeGOBE1CAjGfpXOpTZZPo8YxHkx1ouRESQoaajzQawBXRDduyhRH4AsZQhID2qFjyjNRDa1axAm1iVyA9HzXjbd999kwzU0iOe0/1sDMM+ZZTID7DdZjo5x3nGbCg8CxnSxoLEZggyFkF+2AypaZ63lsPvmegkMx1msttBshL5EWTQtgJ787CZZpT4RllP+lsiP+qjLRDtdjB9KNxP9oPge/eVD13yQ+bJfl67nf3JGtC/7JngdNtmBPmpgD7yozNFAGqv+zFQrK/QeTk6CCXyY0Ay3DvttFPxWkMKQpW3wMyKuY/8EHLT9yJIFGhbCGeFa1DYZj3cMzvoUCI/6sjBshOXdRPt84eAMWHIzT4xJrktFkV+pBKSPU5ard3FKCOGH/lpO5p95Ie8iaiaPq+tyE3fc0rz9H1GifwwKNLjOM3IYC1wRm24QGG3ZbdEfhh1qVFmGDmKtQip5/O8iELbsMIiyI97IHTWLNSCccrRRSayzoI+8oPQymO33qVmlJKDxAHozqL0kR/6hpzV3PSAM2zmeO+9905tkeWsj/yIWHPapVDVnKFgPzgK7dknWAT5oV+0AWe7O96HgONr/Kp/W+/3kR92ggPbJcNDQDdpQ+nqUt7ajn2J/Ghjzioby360x8cQsNGey8Y/7dmnPvKjTgKo5NI5NaCf2SrZK4hmewZ1EeRHG8hYueUtb1lt8xTjlSyzjXRo9jugRH7IPIIrsFf7FRGWReS2zWNL/Urkh9z7jJS3bfpQ8POQWz5w2xeELvlRR/LOh0LC2mR4KLwbTx0E2XJbQJCfCugjPwYu5ls79c0ub6I2lHjbCJXID0hJotxrDjAOrnevWAzZHuR95IeyM8Vsb33TwZTEUHh+yoSysWg6Gw0okR9QPw6Ld/2IcrQd2VlgMJn1UQcOMKc3YxHkBziEiIqdjBjRdjvMCvLDYIhiZXIBfeRHO2oHxNLsT0lmZi1XutKVElntkogu+QH109a2giYbtSJIHGD3M7baKJEfMuG+nAvOVjvPeAjMTnC41aXtlMK8yY/+9az0C+e0xvgF+tEW5gh22zD1kR/1yLnhjFoNMMD0I0PdNdJ95AfZIA/SSmptaiE6qn+zkc7t0Ud+tIV6IY7asQY8iyCV9SDd2fFFkB9/zZZa89R9r9es4FizA3Q+Z7/tUPeRH44bO8bOsp819AgnWyTeGlxOb9v2lMiPtqDb6BFkpQbZ9+yCVHbyYzPas+N95Ee7qJ8NMOiEru6ZBUiJdhfI6e4ytgjyw06w/7vssksKeNQIhJIza5s58OreHjsl8gPan771vDXXywq4c+zb76nSxiXy43tjML+nsNbMvuUIgmXGufZuo0t+MvQFmdBONcCPYUPIdJvoQ5CfCugjPyCCJKJYa0cPjP4GN7hBSqvpKuQ+8mNQMqy2dqwxC4X4SLvbddddk7PfFuw+8gMiPZxVEQbTvUNybSlguaGcXI5f91595EebGQSiaabbnZcN77TwO4OX4+v9IJyDdrsvivxwRDgq0iM4J3Lb28ZkWlhoLWLkmTiY7VSHPvIDDJX29v6EWru+kVdR4O5MB5TIj+fW7pxSjiRHaoij5rdy3hmGbjQPSuQng6PAoUYg27nG04KccUo5TgxXN4UA5k1+1EHfSw3zTJzuoQ4hp4dTYk1ZO2gAJfKTgQSK5HH6uwZtWtBBUrwYXE5/V1b6yI+24Ojoe+2lvrPqEfBM0kO0LWe7De1cIj9A/owBM7QCQF0nYxpwco1f9orMaov2My2C/AAboi/YiaHvHtEe5JismPnRT23d2Ed+nGPmGOlQyOeQoBI7IeiGVLJbXdtXIj+gbZAU79kRIBhCtF2XnNGbglRsX7sf+8iPvmFftINxwpYNISWeie0wM8FX0N9tLIL8ADuHYNspVX2G+CN8LJtLWTMoeKEf2+gjP+STX2R5RK33/bCZMn3orrY/QqZL5CeDHqRzrYsekjJOzhB9bc6OdNsd+siPlHJ223gd4jORWfUgX+rBPnf1SJCfChhFfgiRgUXpDSUeHEoRGw5BN3IEfeQHKG8D3btYhswAIT5mnm5zm9sk49VVTqPID+ETdRL5Erk1EzRLFIkzzoBQ0hQyZ7xbjz7yA34vUmo3H4rKQJ3WcXE+pYWEcjw4QN3nXRT5Ac9vUwnOGAdVO3flYxLoP0qTHHFKKfF221DWfeTH/UTQOOmihEMJkLTK3Iclo18iPxmcJjLGoSRnXUduEug/Y0qbcvpKW4GOIj+Mq9x+Dq0F1JyLaeug3p7d793HmGuvOcqYN/nJIFf6F7lEjBn1aZ+JrLqO8cvQGSNdx9I5feSHbiOjnFl1QRamdcbJKofFzDWHTlpPKf2lj/yA8+l9+kwKDb0yy5gTgTbWPA/d2SUwo8iPY/Q9h0ZBgDzXtNCmHCN9wiEoOSyLIj+uTT6Mb46LsTyLM0amtA0Z4kypfxd95AfYDW0i8EGn0nuzkEsOXk6rNK48b7f9+sgPeUI8tLu2II9dOzMJ3E9QzLNy9gV02kEt6CM/oG3MYNNB2sr/XZs7CZARZM6Yo0OkbHfbdFHkx9iRXqUebIX7zUKA2AnBXOOPD2gMdv2vPvJD7hVkn081dOc3NpMckVc+UBtkaRT5MUvER3R81vVdnts4YXf1sb4u+Xh95EdbqCO7QA/NkrruGuS17Q+V3h0U5KcCRpEfMAA5CqbdEYeS0I4rSIdF7SKeojcljCI/lB8lKsXEdWYhQOpgdzeD1PNSTG2jBaPID6gXxWlqmOAxbNNs0awtrTlgGA8++OA0OEoGaRT5oQQMDuk7BgfHkSNDQU0C92OkEB/PIUrqHl2Dtkjyox8YTVEbTqO8Wcq+Kwd98FvGz7SzNuEsIHfdtvW5j/xkaHvGGlEnMyVZGlfIWY4M9qV7jCI/+sIMCUVO5kXlOIWTOKd+i3AYT9ZTIC+23ywZ4lHkB4w5KXscDufkNu2OmxLcz/XJ2T777JOczu4MScaiyI96M/RScciZIITx25X9ErQ9g2rGR58IPhjLJePo2fvID9ADDLR2ZbA5Mcb0JO1K1o0l2ykbT8ZKSYZgFPlxL/f1e7OudI0xVNJHXfitZ0TcEB9yhkCVdOEo8gPa1G5ZdD+nQ/90CUUf9AliwfETSJJu1idDiyI/QG/JmqBfpc6onzE5yfh1LU4sQuF5kEq6oNQeo8gPkDMOq/5lL5w/Cbl0L3UlDwg2HaLt6O1SPfrID5An16GTXccMkADIJG0BnisTH2NOfdyjW49R5AfcTzuSVWNCnUtjtwT3EhjLjq2xzeaWdKo2XwT5yTBeyAgCxF5P6o94JufSk/SU8Ue3leSjj/xkaEeBWDvwzbpjqt/x7dhF/dcdo/pvFPkBcqJv+bI56DjJWNcWxpwxS5/RVWRF+5fQR36AvLo38kSf5TE3ibyTa/4CuyJjhJ1CRkvPEOSnAsaRH9B5nEUE6LKXvWzK75zEMRQ9lzL3J3/yJ1stUOxiFPkBwqMehH/HHXdMUYZJ6uAc5TKXuUwanAZpn1M9jvxkUDgUMYNrkFD6jCAl0RZy//uOktHOmc2LolE0fRhFfjIyAWJgDVgOLqNiEBss2Tj4qx7ON1gNcO8k8TuRZ22az21jkeQnw+CXjkPZU4La2SwhB6lt8PIz6UfKgvMn+iSKzdmgtEoKYxLyA6JI2uaa17xmikZNKmfknZzZGINzO8q4jiI/4HkpQYZWYaTIBVkiU+22UBhassIh5exSvkiHz30OLZkcRX6AzJhplEZo7FDGWc7UsQ1t7nu/IY+IiGCDlITSjE/GosgPaCt1Q2C0j9xuMsFQasM8fnO7tsev/uCQagt1LTkK4Dr6rI/8AH3h3q4lAGGGz7jgzHfbNY/fLOscIjsLec5umlkbo8gPeD6ElPMsTUtqEyeLHnS/3BbgXPUyFtWT82hRvXWQHFrPU4L2G0V+QDsKBFmjon1F9rV3lvU21CnLOgeU/vUONoG1UevTFkl+QL09g5kXzqk+0Ffqrf5ZvsAzteUMKc92QvS5dH0YR35An+X31JEF7SCoQTe17QT47Dr6HzGmU23Q4Xd9OhtGkR9wDzrBLAUdLSDi+uSZDvf8uR7+uob60f3GBV3J3iLYjrfrnDGO/GRwoI1NdkI7k39jrhvU6coZfS5gqV9Gve9v0eQH2El+kTbyfJ7fb8lUu56ez3NmOXOuPhmXduo6o8gP6C9jyysFLCuYxGYqzpMyZzmEuqhbqW19N478AP1IL3mXnGAoOUNcs5y14Xn1PdlmL9h8Pi5fdNTM0SjyA8YQHSY9E1l27ewjluRM3dSRfyxl31gVKGCXSm0BQX4qwCAYR34yNDgjZseXceSDI4go2TCBkzdKIcE48pPBUHL65REbNKPS8dRPPUXiGSrOxiiFNCn5ASSCYHsvC8fB7zjNnD8CrlAIBJjSZtidiwQyWqMwCfkB7cTBcX+pWhS/gcaoeE518JdCMXvAGVMHObqMd5/BBHVfNPkBho9RYnQZEcaSsmOw1dczUcaUFoPA+HOwzbRI/+mL1oDfTkJ+gOHlSGtXynxcGhw5s+2nXdIovnEYR36AM+IZOUFXvvKVkyPFGJIP4yC3hXah5M3SuL8dBF2fQh3l6BmT48gPkEHE3fsU5GNzUI1XfaoOuSAQxq9724nIujqOMVkahUWSH2B8GCNOI4Ir193vGB91ze1q7BjTjD7dxECTR07sKD3i2DjyA3QFh9023AI6fkNHkT33z+3KaCIHttpnnG15LJXQOB+FceQHtIVndj07N+22226/DqZkp1DxTMYgB4Q8cnbtoDUu/ddzjCM/YNxLoeNgkl+OA1nX/u224JToJ3qEnvYyU/1oXI/CoskPcFz0pQiwtnW++3tOujs/FzkwpskZQk4mBdbYmL5rwyTkJ0O/mQGi/8kZIp/JR25bupOd4NhZ+2i8a2fEYhTGkZ8M+oLtdl36wbpV0XpyltvCc7gf0sfpNy7YAvUd1RaTkh9AFsjZDW94wyRnNjFCgrJOVcg0OdNfxpz60ivjrr0R5Acc51vQDXwNWRTGhPGSn8nzqb/ZMz4DmeTDjPNH9M048gPkWDBCYIbPJUNnlI8osOg8hElA1n1GjaVJyA/oS9dju8kav8BY4gfltnAvfggfywz8zjvvnOSM/Ds+CuPID+h7sm0Gx3h2D7bQGMl+jELOtL9xwS/Rf3S2vu8jPhDkpwIMhknJj04TweWccoA4AwRc4fyZuvS/Ha4MQAaCU6YjxwnUpOSHQDA4BrZBTHnZuc1Acn+EyP/+2iSBoqeIDAiDc5QCnYb8EG7OpRkc7cewUCa77LJLcvoU/yucVo6pAchBNPBGYVLyoy08kwHFOJj61u4Gst3TbIyAGDBk/qc4OFeuTymOGlwG5UaQH/1DzjgNHBaKgKJmtBFehohC80xmWMitPiNnlNsox4YMTkp+GHFyxtF1fXWwFXaWcfLuL1kjZ6JWSA8HkZEZh0nIj7YgZ9qOcXO+qJB2IGvagrOqLfSzLX7NslC6ecp/lLxPSn5ch5x5NsZNlJ2BY7TMppq9cH/EiNySQ2RJP5OjUXIGG0F+yII2Ig9kUtQUgSZn2tQz+Z/TY2xre0SFjvDbUe2qzyYhP9qFrmNE1VfEkpxlvaEOZFy7qpPZvEx+x8k6TEp+sk7NDjjHO8tVbotcJ/XzjiCpahxOY3VU/9J1k5Af9XAuh1w7c1jo9q6s6xMyR9Y5pjmyO06nbgT58T09Qs7ofnLmRYh0M4LneTyXceQ5jW1yZs2QMU+ORsnZNOQnj1+2m0wIknD+taU6GL/qoU50KpkxNhCTUYQGJiU/WafqMxFuuocuZ6+MPfUw3nw2o2g8INdZp45qi2nITx5z7BoCZuOhtn0x5vLYJ2dmqujfSfyYjSI/2R+h++lAvpTxqk/5IvrVZ8/FH6FzOfqTjB3HJyE/9IB+Igf8Of27ww47JIKTfTL2U+aQALp6CAybWaPP9G9fH7v2pORHH7kefZY3dsm6nbzp46xXzBAJ9tBnxhzZGCVnMAn5cQ19kuVMerHABplyX/6YeuQgg3TMPCOqjcfZ7iA/FTAN+QEdwqEhWJwVERqKTKQBGeGwE3zTqBwFCm+cMMGk5CfDdQ1cSsFvOVsUBWFXH04axSnKNokDBtOQH/BcjA4nDwlSD1Ek91fk5VsXJIpKgY8zZhnadhLyk2GgMFKeVZ9QDoyXOpj6pTS0q0gWhTrOmMFGkZ+MrEilGHCGkBXOnGeSgoDEUVj6n8M0ziiBcyYlPxnalvPCIdGX+pSck3fGAOHRthS4Ppikf2ES8pPhmuqOwJMlhpVsZDnzP6eGg8UJGGfMMiYlP20wKm05E80yZvSJz5xMx8nZpG2xaPKToX76V5vpX+OXXGlTz0TetLWxre3HOZgZxvkk5KeNrFPJOp1q/KqDuhi/ZJ2zS0cZG5O07STkpw1tYSyRSfdz39wWrqFe6mdMjgskZZDFSchPG8a99WXanQ7K416h543DLOuT2peNID9tkAn1VW9y1h2/ntPYJmfabJJrTkN+gNwIeuk/sx90YLYTxrG1vWwmnUrnTWInYFLyk0GXZdtNzow5+kM99LV6kTPjgZxNYrunIT+gfbWZ9kYCjPNsu9Ul2279xYHVf5Ngo8gPeCayw9cwU0zOPEeWM8/HTpAzwcVJ9dmk5CdDf+k3dsC444u5f/YR9be6kV9yMInMuOak5Ae0hd/kwCF7QL71LX3GLxIw5tuQF/p3UkxCfjLUgz/rHvSZe+qHrNu1BTlDWl1v0jEX5KcCpiU/XWRB5xRx/mYd8AbDNOSnDQJGobq/eqjPpELUxrTkpwSGm0FUJlUuXUxLfrrw7AaztsjT3tpoGmw0+emCw9KWs0kdhDZmIT9dkO8sZ9qI/E9bD5iG/HShLciWOijqpB7TYhby04b2JF+MtDYhd7O0xUaRny60obY0dj2TsTyLo+wa05KfNrQjWVcHdZll/MK05KcN93Pf3Baz6tRZyE8b+kQ/kHN10baztMVGk582PBMb57eey1ieZfxOS37aUGf3bNsJbTsLpiU/Xbhv23bP0j/Tkp8uspzpE3WZ1gfJMFY2ivx0oY+znCmeb5axMy356SLrM/07q53QP9OQny7cry1n5H5WPTAN+enCs2d9pmjbWcZ+kJ8KGEp+amEI+amFGuSnBoaSnxrYbOSnBmqQn1oYQn5qYSj5qYXNQn5qgZEdQn5qYQj5qYWh5KcWNhP5qYUh5KcmhpKfGhhKfmphM5GfWhhKfmpgKPmpiSHkpxaC/FSAKXAdadGtqeaNKhwgueUWfpkKL50z72JwESj5oAZY6ZxFFM6K/FQ5z9KqSufMu5iK1SfWdkiRGAprxeRWcwilrpTuOe8ipcPUu9xnclY6Z1EFEbToVppm6fgiCqLvHV52PisdX1Rx/7wrzlBYK2LNChJUutciCsMkl9yOiqXjiyreESGXXL556fgiijHHYZHfXjq+qGItHKfFQuga5McOiNbLCBBx/kv3nHfJ6xmsSzF2SucsongfmDUc7BaSWTpn3kX6kDVx1okh/aVzFlGQnqtd7WopvWko+ZF6SM74ZtLFSvdbRDGGrR3iG22UX8QHoccEUfL6y40qdDtdIqWwdHwRxRpyATY7sG4r2HTkxzoQUWibBljot1HFwjjbYl/ucpdLC0JL58y7WHxmZy8L8hCg0jmLKIhP3jbZwtjSOfMuFsDaecTe+zWcUjnGFh3avWej2pZc2ZFN/9oJpnTOooq+zZtylI4vojDSFqJ6eXDp+KKKqDFiLPgwFKLgyC3ZLd1rEcXYsTvf1a9+9eLxRRUy7jUDdGvp+CKKMW/HT3q9dHxRxaYRFhqb/alBfjj8ngkBsmC5dM95F/2bdzNVj9I5iyjalk6l2zeqHjZJoE9tQuP/0jmLKJ7fon7r44aSH5koHH0zSWS3dL9FFGNYu/KNbHJVOmfexRi7whWukOrBJymds6jyR3/0R0nWNrIefFW+IUK4rWDTkR9biZouthOFTQo2qojY2n3GlqtYfumceRcKCxHkFPq/dM4iigga50nKishi6Zx5FxE80QXbAItsDoWZHzLGOTWbVbrnvIv0PbMdHEKznaVzFlXstiRia7eb0vFFFBFSjrqIaen4ooqdIxUyNxRm9Mw0SAco3WsRxXhB5qSrlI4vqpBx0UFbZJeOL6IYc15waXej0vFFFTspeXeGFM9aMz/GjiwFi8tL95x3MfNje14zA1JGS+csomgLr7UQCbd5QOmceReBE9sJy1SwoLx0ziKKQKGgR42ZHylm3r1ltsNC/dL9FlHMNNjplG+0Uf6ITRq8EJoe4fCXzllUQcTs2mgWrHR8EcU7uLxyQIbDtoJNueYH4fD+CnnDG1XsCEKJW4sh17V0zryLnV8YSdtCyl8unbOIYh2IaIscWzu3lM6Zd7ELS+4Tym8o5Mda08X5sDNa6Z7zLhY72tVL/zLUpXMWVTjoXm5pB5jS8UUUs76UuOhi6fiiisAHUlxjzQ/5shUzPVK61yKKhayIjy3BS8cXVRB9aab0SOn4Ioo1MdalSBUpHV9UscuV96AI6NQgP+wER9taRguYS/ecd0E0BMhsLc9RLp2ziCJF2uyx3b1snFA6Z97FOlnOMYeQXiuds4giyGcmu9aaH+luSN1G2gljmMOP5G6UP2LDBDu0CeYI2pXOWVTRH5Yk8J1LxxdRyJf3h0nn3VYQGx70IDY8WEdseDAfxIYHWyI2PJgPOD2x4cHFiA0P5ofY8GAdseHB/BAbHmyJ2PBgNiwV+aH0OZTeDUH5EAaRn1m27hu61TVnnYOtHmYtZjEGQ8iPOjCqlIM6iACJAPtuWuM4lPyIROY+8UyiJtPWYbORHzJhAWiWM7M40z7TUPJDrsm3+4uAaVuGYdp6wBDy454Mo7ZQyNksTscQ8qMtyJl+1RbaxJibZexvFvKjDcmVNvVM5I3MTIsh5Ics+T0dpg70yKzb/w4hP+7nvrkt1GeWoNQQ8qMt9Eke99oib5U7LTYT+XF/49fzeC7/a6dpMXSra/fMdsI4pttm0WVDyY8+pT/Ug5zNQhr8dgj5Mc67tltbTNsem4n86AvPkeXM883ij5CTIeSHbOpXddDP9Mq0dsL5Q8iP5ybf2oI+I/eeaxZ5H0J+yESWM0WdZhkzQX4qYFryQwh1nsFICA0IU2/SCRRGgdGVC00ZTipg05IfQsSJdr7pUAtQKT9CKY1PPewqxnGf9IVt05IfbUF4TbNLEdMWdt/w1miFI+ZFVo5xuhGKSdpiWvKTCag0CC/ykgue+8RfO5y5FiNl8E9iaDea/Ogvyl8+vZ18PAM51a762XN5MZ+UC3I2icxMS370lbZSXzveaEM52BwofasO0hL0r5fhUfCTOlbTkB9yhmhwdqyXck+EpS1n5JbB9XyMyySYhvxoC4XCJ2f6hJzltvDX5zzmKPZJ22KjyI/noUfseOl8ekQ6U9ZlZNX4lb//9a9/PTm6k8A1pyU/dBQZolM5PO6tDtqVzNGpHHiyTo4n0SPTkh+yLvVXP1g3QYe220K98no9emkSB8Y1pyU/2plO1e7aP7eFon/yuJc+q60nqcdGkx/61NjMz9Qev/43prUtfTCpczgt+fHcdBQ540i6Z7YT2sUz0XF0HZ2nbSfBtOSHrvYSW7Y7y5n7t+XMOFBPNmCSa9I305AfbYF0aUM20z2z7aaX6RHrbNiJ/FLfSbCR5IfMqKf0Q7LEJniOLGf0LB9F2xpfkwYQjeFpyI/+cp51OmwjOWvrM/2t363tthHSJP6IZ5uG/HguepIs8C3pDHXQt3xEa0PZK3aMnKnvJG0B05Af18xyRpa0IV+1rc/oZ/4yv2/SAFOQnwqYhvxQ9N/+9reT4Mo3vOc975nWpljcy7Hdf//9k2NpUZq1BEgIxYhpj+vUSckPpcWBN3AoO1uo2u3GrlV55xu7rdgVxKYBeZtIaz0I+CjDNw35YcwIK8VpQa8djdTBvdUh10NhGCzotokCAzFOkU5KfjwLp8mzGVTyneWh2zJcnzz4wQ9u9t133/RZO+ljikf+sGcd1RYbRX4oOUqfsqCwyITFlvpTW1760pf+9a4++tvuOrb0JTfkjMLrwzTkh+HKjj4DYtti7bjHHns0++23X2pbGzhY9GzzAnn36suoqP84TEJ+KM6202Rjgu233/7X8q0tyFluC7u/kDOGd5LAw6TkR7uRM3XliFs4rg21B/mycYM2sZbK946TM2+tnoQQLpr8aBM6hqPPKWbILBzP/et/+ot+M26MAeuIGF9jExEd5ZxOSn60i+AJncoAkqG99tor6U96Sx3Iv3rRB5wgbUUmOXujZB0mIT/aQj3oVNclC9Z/up965LZQH/XIW6O75kUXXZRswqj+nZT8qId2JZMcpqOPPjr9Ztddd039QHeoS7Yv2oXjz1En6+Oc/40gP74nC+pH3xibdmnKdiHbiazb7B5Fh3NcyYSx33dtmIb8sCMIPIde/9nIhu3WxtrWFtFkX9vSdRwzep/eHufET0p+yAI5M87JGb2hf/Up/aEe5Mx3WaeygeqdZ2L6MA354YzSqdZ9et2ADXByH+gP9iXrWLtGal+2EGEb58dsFPnhU3hucmatYbYTbTnzvx111Y/Pwnehz8b5I5OSH+NKndVVIAlRIWd3vvOdU7+ymXxEOtV3bA9/gN5ha+nUvj6ehvzoI6SKj2gdmN1l7VTHP8ttwV5qC31vDY+ABNJINkbpdpiE/LiG8StAo95sgTYwvuh4baFoV3rV/+Q3Bx7o9lHyHuSnAiYhPzqBUhPVZYg4fBQo4aJ0252k0ygJg5bg28GN48BxGmV0xpEf91A47QTJ4P7t3/7t5pKXvGRziUtcorfYgpPQGwAMlsHZJ1STkh9tYQGtgWyXG0qldO92MdhskXjggQcmQzzKSExCfjyDY3b9oEjsw88Q5sWebegT/SzawbDYKtEic7NFuV272Ajyox7uqw/UUb/pv1J7tgs5QD4ZPtfuU6LaYRLy4/ecD7tk2TaVshahsTNiO0rlHgycCBeZ5Ey4NiMxTnmNIz9+qx858RxOhpiy7j57tzjHOzfuf//7p4il+vXVg0yMIz/agmNh7NjS9na3u12KIjJwXTnTNhwVz0V+yaRrI06jDMoiyY+20Dfq6X1A2223XXKqGWuOWbeenC7jwLlkIY8HDkNfu2rzceTHb+kihpxB1FYW5HMkjYE26E19RQYZUFscc+TJ+iidOo78qIPf03uup3/33nvvFJl0v25bqBdHhTPIiTcu2AT929cWk5Afv6XzPTu5pas5pQg/ctGG+nI66Eb65JrXvGbqG7NRo3TqosmP79TH+FZPY3KS8WucKzaIIHejxu8k5Mdv9YFdJdlj2/2TS9Fu37ev7V763bORSf3g+nThqPE7jvy4h9+za+RRHehJs/nGnPGY4VxyZsYfWRTQIZPGJxlxvF3njEnJj3tx+vkxmeCU+qFdnONVIMa0QCP5KdUBNoL8aHN+E9IqIMbXKD1Hu3imy1/+8on0mnUY9UzkZBz58Vt6AIlwLh1FD5Oztj7L/aeP6GpyQB6QFM9LTkr18P0k5MdzGHOIcw6UjvMR+Q98M7ZN4EUQpq8tYBz58VskSrsiOl414D12ZqvZkzacK2irnwUAbCV+2GGHJd3eHZ9tBPmpAEI4jvyITooYYagcQhFdgmpwd4XV/wYj54DDSwmIDut8TmIfxpEfQk1wGBJbSXKMS4LcVyg6Qnjcccdt5VxkTEp+DD6RKdEEA2vc4FLyed7vYsaAYevDJOTH4GJIOG6m6xke31HuXUOV+0Q/IqaMm2jHEUcckYx393zQRosmP+SJAcvvbCi1Y1/hWJjp07aUUskIa5tJyA/HGDnx7AylumsP1+zKuqLeZNPvEEwRVE6W/ujDOPJD8ZlJEmigxEvP3Fe8Iwop32WXXZKxLo0nMPbHkR9y5ZmQUYYNAfRc6leSM23sOOLFWKoDB8p1+rBI8qPOdIyXf9I3HDcOGINXcgCcr/3MYNFfru09XBzzvv4lD+PIj+tpHw6m588zhlmntqFOZI8MGjtklwyL3o5yisaRH/fh2Jpt4GxLAaEfSrIOzlc/9fQ7doOTjJR5nhLIyTjy43765Ja3vGWa8aFvOFIc+lJb6Cf9ZVyaxTYzxX4JSPVh0eSHzNAHxg07YUyWxmpfYScEtchIX30nIT/Go/ErE4C+MVtHV2XHql13/2c7kQkmMsp26+8+TEJ+HOPEG3dmXIw5/d4dc/7X5+qnnuprV0x2zjgpySVMSn7MXGvXbLtLbV8qWadqR/5PVy4zjI1Fkx/+CB+LAz+pP6J4JrZFe9CXZKUEfTGO/OgrLxA2zv3V31nO2m2l75QsZ/QNu2Lmg2wIyJbk3TUmIT92phU48T6/adrCeXxEpE1mk7r3YRz58VzIOh1N/7Lx9BmdUNJn2oK/jASRGzOixh05K40nCPJTAePID0JA6Bk5U+GU4KSDWscSBEbp8MMPT8Za5LCEUeTHoOR0EQrv4JkkglYqoh0ilrYppHi7SnQc+WFwpSSIoGVFU7rPqOI3XtZFiSIXlEMXo8gPxcDpMptGWTDCFP+kBt15ntPg9Ht9YhB3f699FkV+9AOZolA4y6alZ2lbs0RXutKVUjSLnHbbdhLyk6NGosmiQKOUYBfuR045g/pPBJ2RL2EU+XEd+ciuMa2RzsVvRAA9K8NWco7GkR/PYpaHYWKgOLh9yrgL55ErMwNmKwRNpBWUsCjyQ8aRFgZU/4ouG9N9jkwbZFQbcsZEKclYn5Eky6PIj7Fg21gGTttzAPR5Vx+V4Bk43NIj6EPpx306dRT58cxmS8ihGWztRddMokfUU/8y1uovkKLdOS5deK5R5Ef7GWcipBx5Dv24yGuGZ2ArECAOuogp/VzCIskPR8b9jN9ZdZnfeImq8WuGpFTnceTHeDW2jD/y1p257oPnUcgDQqxdjRk6tdQvo8hP1okyHvSR1G9O/ST9C9n2C/DlVPrSWBlHfrSfPtMnQ2y32ZJMgEptvmjygxAgPtnZL9V7XMlEm5/GX+tCe2u3PvKjnvQ7W2J80QvG5iR9rF/IKULDP+CPkLOuvLveOPJDJyI+guPTBhtyMQvkhbLaveQDwijywzczXs3CeR8RWSzJawme0e/pc6nHbFRfllCQnwoYRX4IOudF1IUT5Ny+6MAocKQZJalyHEvOfVe4R5EfeZOUmgE+K/HJBbuX3kFRdu8zivx4Bml+UpBEgErXnrRQUggQpSUy31Wio8gPY6svKESDrG8WZRw8H6eIQTEbRmG1sUjy4/kRBdPfIlGzKnElR+jIM2ebQskYRX7IIwMq9YiRJvfaelpQVJ6PsSbPZkxLSnQU+eG0kjNGelYlrmhHM2im003Bt9sCRpEfY0HE2KwAp0HkalKHJUObMqZSbhBt97HOpotFkR/jV//Kiadn9NW0z0SGzGqZobAGi3PYdShHkR+OsXHrtyKkctO7unAc1Nk9kQbrq4xfjnAXo8hPdpzVk1NhDE7bFoC4sR/kxNju6lT17CM/7mkcqgNiYmx2fz8J9In+1LfsBGe8i0WRHzJFzsxAT5ud0C3GPmcbMSRnXYwiP3QO3cNR98zG3SzPnX0ATif7TQ90r9NHfpznO7JBTgUeOMrTgt7iA9CpORDT1c2jyA9bRs6sh52V+OTit+yLgAHd3R37iyI/xongjXrIeBjyTIpAGTkzTgQf2vCMJfJD7vUNQkqf2TyjpN/HwXU8qywLPkIpUOY+o8iPWVYBdmnMQ2ymIohq/Sq9WfIB+siPOvIfBQusQ6bPpkXW7ew18iPIXXrPYpCfChhFfjBQkUWdoKNLDHRScIIY4+wEdRVDH/nJv7MwbZL1H5MUA126SXd2YBT54fBwiidZ3zNJyUqUAHOA2ugjP9pFDq3cVIqm+7tpIeJiMwjrgLR/W+ktivxwXMggZTPrLEe3UH7IJcPRbr9R5EfbOl80nQxMM+PTBaOvbY0dyppMdx3LEvmhPBkBkXREf6gSV7Qng2+2oqusR5EfjrVxz6EwLmaF5zaGrTFjFMw4dtti3uTH/fQvQyLVU/R5iC4DaWqijEgQPdLGKPIjdY4TyVHnGA6B+3BIOJZ0ePeZ+siP39EfdDGZNy66fTINyFEmg4I5bYwiPxwcToIoqXE5pE/ch3MtcmxsdZ9pUeSHbkNIzPiUxuO0hQ4wm013dmcp+8iPcxASTrNjZp+HPDMdKgVXaiQi1J0d6CM/iBIbJqgl+DlLMCnDM7HBiL52Jzvte/WRH79TLzO1Q4lPu8gi4fR3g4aLID/kjX2hy6xFqvVMZj3opa4+6yM/vneusU2/t9t9WngmMsz2uh55a/sj+rFEfvxOMQ523HHHKjZT4Wtq9xLx6CM/5AwBo39KQc1J4Xk8r+c0A6Rtu2MuyE8FENgS+SF40nc4gyJZOmMoOOs6S4SBQm4rrz7yQ4iQjqFRtHahLBgUTl87VaOP/FBiHCYKvnS9WYuBauMG7dsmYX3kh6IV/dJ+DIFBMgR+T8EyDAyHa2Ysivx4Pkp1yLR9qTBOnDspMRl95IdjoO+1A4Om/YfCNUWjyDSHq7s+pER+1E+9rCmppcQVRo3j0k0JKpEfMsEIcSKkhyLbNUC2stNP5tqYN/mhu/QF+XPc7EsN0BXayUxOWz+WyI92pe/M2up7zlENcDA9LyJmFqaNPvJDvs3AmwHrW7c0LegK1+OEaIusm/rIj/HBsePMiOTXAOdaX1iPaabAeMpYBPnxV9BAWrQxVxqLsxS64HrXu15yxNokp4/8GF/aQT1E4tvtMCvoCg6fVE1OXlveS+RHWyDCyKgxT06HgizRl3Zg69rGPvLDjhlrQzMKukWfWAPNX2nL0yLIj+vSy9e4xjUGZ8J0i6wYBLftj/i/RH7IPhtG19XwEciMe3leJLc9+0PeSuSHvLHdlmXUCkznYvdFvnG3H/vID50gwEfv1oC2YIP5v2b52gjyUwF95IfgiZSasja4s4IfAgJMUZq5QCbahrdEfpxvwCEIJeEcUigN60sYkPxsfeSHU0HYaxKwXDjp1lK114aUyI+24MjbpcZsTdeBnBXa2mCV2sg5zkZtEeRHu1tDob21Q6l9hhQ7LFngmo1TH/nhDJNLOwuZbm4r/qHgZFJS3c0+uuRHW2hzwQZEsPQ8Q4r0Gc5fO+BQIj/aSp+QM8GPoQa8DSTHLEV3Yfq8yY9n4iQiX/q3FgRz9CODp+8y+siPQAsdJ62j1vgF5EbEkay30Ud+GGltIS2qFjwbOUI86PWsR4ylEvnx/NrHbFFprdCsMI7ZMmOrbV8WQX4QEE5brVmfXDjtdIK2atulPvKDJHlWM8+1wE7IBLGeopsaVSI/+p394pTScbX0iBkPZAqpsu4mo4/80Pd0cG3HWGGzrKVqy9kiyI9nFaSzVqcmoVOQdjLVduz1ZZf8GN/suFk961PbcjkU9BKdyhfLY8v9SuSH7RY8sVFBrcygXFxPUKmbytclP+rIt6DbBbdqBE8z+GB2PXTd3BYQ5KcC+siPaUdKhmBp9HbDzwrXoCClSDC+7UhlifxwKDgKtaMbuSAz7puVVB/5sUWh2ZbSNWoUMw7t6dUS+dEm8r5tHe67GgYcKBWGzP2su8lGdBHkx705vPMglQrjxBHOfdlHfsyoWZwojaDGjFobCKWIOGepjRL50a+iebUNmsKoWXTcHnMl8mMs+Gx8WkBasy3McBr7UvDaWAT50ee2ha9ppLUNZxqha4+RPvLDeAsm2SihZrua5SBLZjrb6CM/6iuiOEt+fh88jzFlfRlym3V4H/khW5xzTlzNthBEMutBn9HnGYsgP1IhEZRJthqetphpkK3Qnp3vIz/W2HHaahJ9z8jp1r/0Q1uPlMiP//kVgmr0fK0+NrY8t23W2zq8j/yQRdsHl9p0aEGoROXbxGQR5McsgA0KamYH5MLhN7vXlp0S+UE6+GoC0/pDH9eCe7BVbEUeq33kBxnmPyGCpecZUrSFdu7qzy75yX6FNWV0e822QKzZS75xW28F+amAPvJjMS6nrZ02VAOEFaGyoJvAZJTID6POCZtH1EYRoRO5yUayj/yor7SD0jVqFMpZukRGifxw0NVV+hKyUsuYuI7BynHKW1TCIsiPdTVI9rTbWk9akB/OZl6H0Ed+yFl+sV93Knso5ESLUooIt9ElP5wXRs17S+Zh1HLqW9uolciPeuS1PmaAakK/MxrymNuYJ/lhMDgRUgkFD8hATbimvuQYZPSRH23KUa3xnG0Yq4gd48v5zLqhRH6ca5E02RvqnHXBVnA+2ZOco95HfsxeIyN0XE2QX8Eqa0Q56NkRWQT5kc1gxnRewTp2UBtrUyiRH8+rvW0MUJPog9Q1ekwkOustKJEf9eS0cWBrwvN5Vq8AYJfzc5fIj36RwlV7Ji4XQSp+jLVmGYsgP3S4F3+X6lSjeOeY8ZlRIj9kS5DBhhp248tjoAaMT7N19GdeU6XfS+RHsMOsT80003bh91mX2EaX/PDH6DGEjd2p3Rb8EuM5+2YQ5KcC+siPhkU8KJWayClG8nYp74wS+TEbwimd18wAY+IdAgYv9JEfMyLziCzkYktTJCCjRH44oha+Gfy1nRaQ4siQ5jUeiyA/FBvHt3Y+di5IhPp7DugjPwy5CA+lypmpCfIuJclYajtdXfKDCOrvmht7tIv2lW7KYcgokR/19VJBhq2dilkDHBX9bRaVMctGYp7khy4RkRcp5hTXNExgNosO0ZcZfeRHlJiDpj41Qa7oD+THOMsOaIn80C12eKTTareFscUpIOt5w5A+8uM7jrH2qwlyRYd56TGHMevKRZAfaaLeVVQaf0OL8UtPcgCzjiqRH3ob6eAw1yb6CC05Y5PbNqFEfjj/Mke6M95Doa0VOgrhz4HLEvnRJpz4efkPijUy7cDHvMmPZ0e25uXsK14nwifMKJEffY0UaO9MUGpCxg8fNPsjJfKjLfgSNTey6BYbJ7lnG13yY1zYGZVN767NqQE224xy2z4G+amAPvLDgCm1nUEDicMnwt3eGahEfjgwopTzTHsjsHkGqo/8YN7zVKBIGCWXUSI/8psZOgY8R/5qQk6pqB5DBosgP2TPM82L/Cj60haa0Ed+tK3cZQ4S578mKGjKEwFqOyNd8qOf5U7LqZ8H+VG8v8DsYUYf+bGQV951lr1a0Bacz+4MxTzJDwdIEEWEVv/WhnflkGFpZBl95Md3NiwxvmuDrrDeRp+OIj+cKDNvZK028vtYPCfHDfrID8KotNdt1IIxZecneiuvTVkE+SHHgnqlsTe0COTYHdS4zJsHlMiPMatdpb3VBt3A8WaT22O1RH44qjJHuilDtcCW6MtsS0rkR8oQQjqvzBEF0XGPjHmTH7LL+S/VpVYRjOXcZ5TIj/RLckfX1s6WAHrE9XNwpER+fEfm5jWzp/BN2Mg2uuSHnGkHNqAd0K8FLwWWkt/2WYL8VEAf+eGcIT81dmlpA7HB5u2k0TZ8JfIjL5ySm1eUg1JkEKU9QR/5sS3sPPK4czF43TejRH4YdANOvwxVqiVY86LkFyYugvxYc4AAzIv8uKZZhqws+8gPw2JWxMxAd0vJoXBPCpvyyo4BdMkPQ0cG5jnzIyptRiejj/xoH0a35kJ00BbIifG1KPJDlyAoe+yxR9IttSG9x7hppzX2kR9rbaxx6W4lOxSujejoN5swjCI/ZpClZ9SOyAOHSATUc44jP6LG+ql2pFRbcEDYF9fOpGAR5EeQbOeddy6Ov6HF+PUqAH2a27ZEftQH+TGuOYc1wSZwQOnxHCSDEvmx1lF6XNuu1YS1R2xJzkwpkR/1pe/msZlOLjvssMMWOnXe5Eefatt5pEbnYm2ZtswokR8+CmffmKqdIQD0iGtn32MU+TEuSs9Rowg4mHVpo0R+6DPjcB7BHGPeBhDtjYKC/FRAH/kxdS7vMhODWiAoFMOtb33rLdI/SuTHzBDBm0fkhjFBOqxzyYs3+8gP5WY//dJ1ahTTzBbKZZTIT46qclxy+9QEo2FA5z5ZBPnR3mYi5hW5QZql+OSIfx/54RB6C3o7qloLnpHCbjvC0CU/ub3nteYHoSJTeRYM+shPjqoyLDVBlo03C1TbmCf50efGN30jal3bIaS3pIxyfDP6yA/jiCjlVI5a4JxI7zFjR7/mZyyRHwbbInS6pAYJaIODJpVNUQ/oIz/aS926O/8NBec770qGZGZnfBHkh/6QXjmvQI61keQtz06XyA/Z44jZNTKfVwtSGelv6ygFFDJK5IcdV692+lQNaGv3MHts9jITwRL5Mfal6c2T/Nz2trfdwnbPm/yAMTNPh1/gQMA3o0R+2HB9y360N7+oAX1Mh9CfOSunRH5Ayp31T/Mig3yz7q6JXfJjnJn9k93R3riqBrQF/9NsfTtTKshPBfSRH06pTm8v5qsBSoqzJW84r7WBEvnhMBsE8yI/jAmCkVP7+sgPh5HzVLpOjeIFn54/o0R+KEK5n7e//e2To5wN7lC4DmfAG8n1iw0pYBHkh3FgJOaVUmi2DsnIaUZ95IfRRvRFTGsrcm3n2hz8Nrrkh0F3bzM/83CetLH2b0/Ll8iPsSeip9SOynvXDudfOkwb8yQ/2VnaZZddknNKrmvBtTkE1vK05amP/HDWzKbTqbXGLxhbyMy+++679s3FKJEf97V4Vj8MeZFvF65Ld5Mn7ZzTzfrID53KeDPsNdvCM1nkbi1GOyK9CPLD8RFsmYezne2VV1Dk+5XID3hGDnPNtWXuyT5y8JCr9q5zJfLj3vrd+X5bq49dn43yknKbjWSiXyI/YJZkXoFL6fj8mPYs2CLIj/uR73nYCcUseTtIViI//mp//gibWqt/wf2kbdKfWV/3kR+6Tx3mtWmSzR+sj2yjS370s/Q8+temJzXbgs9Crs105oASBPmpgD7yIwUI+aHoaoKzx0C4Z5tglMiPjmfU5zEzQHGY0hQlzMawj/yI1NoBax4kjIMuPaC9s1aJ/KijNrJug1OanYuh0MacUoTAs+e2WAT5oSS8/8ZsxzwUOSfE9Hluqz7yY7ZH5Fy/15625ozrX4q7jS750RYcKalp83CezIJJR2qn9ZXIjzbKqS2cyJoQIUUEuylX8yY/ZNpuhhx+sl4LHE6EmXOSZRr6yA8HxjayxkANBzwjO/YCRW30kR/Elm6v0d4Znpn+MPtEf5Ej6CM/ZmU4qsZBdphrgB7VJ9o/605YBPmRJmqszyNNm+2xw5lU4Xy/PvJj/Eqzba/vGwr3FKy0Myl5as+Ql8gPEqqNzITRObVmXF2LnHEG9Wluiz7yw77bgW9e9kX7t8f+IsgPGyYjZh4OPzkTzMl2CUrkx/hGcL2awUxULX8E+ATskhThLDd95IecGdfzCBoKGFrf1t2UpUt+6BP1sGmSTThyML0GtDGSYzy3x1CQnwroIz+iK5SJKCHFkpXMEFBcFm+ZRWGk2sqhRH7cEwmTklRzdsAgsUOI6AKFnZ+tj/wQZkpoHsrGehdRlnZEukR+1JHSo5hEzmvtsOK+jKeINEOR22IR5Af8bxBbZFlTeUnz8oK99otb+8iP7xn2vBtajdQ37UghSj+xc023v7rkB8i9tDB55DXX/bhWjmC1Hb8S+dFWnt+4N/5ryZmxLz1M7nJ7xhfmSX7AMxljorRmJdpGZAg4X8gcB4iDkNFHfjgIxq92aPf7EJBd7acfuykXJfIDtsq1/ToDXqstOGfWPSHY5DjrkT7yw1kXmJBCVStVhOPNQbITGN2V7QgsgvzoC+kvtd8rI6VHgMi1245VH/lh03J6qTao0ceIHd1oYxgBBM+aUSI//rLdbLrAUjvoMiu0M3205557Jp+l/Z6qPvLDpuureRDS7bbbLvkzbT9mEeTHDAC7No+XnHoZNjlr+yMl8qMv2HTpWIINZiRrIQdn2q9lIMMl8qNu2sYLymunvkktpMO7ZKZLfrQFnUK/8GXomlpgs9kMuryNID8V0Ed+dCaHgRGX/+lzVvKzwG/lCeuwHIFuX69EfkDqgvrVnHUxSEQKKOf2IO8jPwae2Rbf1yRhZrQYakSwbaBK5AcMQtOqUng4d0NzurUzA5qd/vYC90WRH0Yb6bI1bU2HXz9xDNoGso/8kENtaWtWioYxH+owMP7alMPN+Ww7C1AiP8aYdBLR85rGWnqGmcuuw10iP9pCEXXjIDPuNZxFcov4cMraRAHmTX48D9kW7GBYa2w4gMi4lkBE20hDifxkMGKieNa8DHWOgF5CwMhuOy0C+sgPnYKotN+BNQT0iFkG7dudLewjP6DdjAPOu2u07cEs0K8CDYg7x7E9hhdBfkB7Gms1dyg1w0BHc/wzuYA+8qMtOYqChlKThtoJ96SjObrWAufU6IwS+QG6l+22CyG91j42C8gt+ZL94J7tZ+4jP/SuPrnxjW9cdUadfeHHdGeSF0F+yK+2tu5J8LRUv1kKmyP9Xdu2ZbpEfoAOlMJLzszq15AzJEodjNO2P9JHfnxP3snmla985eJzzVKMXzM5nqurl7rkJ8MMEb0vqNPVxbNAH3teeqsbhAzyUwF95Acc40xYIMt56RKWSeE3hNp2ypwtRKfrDPaRHwOC8y3aU8MhFCkxSAyWroHsIz/g2GmnnZameWsQIGTu+te/flqQqR5t9JEfSo+Sf+hDH5qcLs7irAqH4WAUOE3SECnxtlOwKPJDNigKueEWLtaIZOkfsz4cnrYB6iM/4BgDTz6lR3EsZiVA+oRjp10Z5FJUrER+tIU+kGpqq94akSyEElkm121nAUrkJ0O9yAbHmpyp1yxjXxty0Dn8HHFt3MW8yU+GCDRjgti1ZXAaeB7tqD05JYx0d6ZwFPmxGxuHFfHwYmNyN0u7AmcfATNr23YIMvrID5B/v+M4c0zbY38a0NWi0NrVjFZXb44iP5wbOpVe0J7sy6xjjqNNjhGP008/fe3bdSyK/HgG7e2lujUIEB1gJhip66KP/ICNihzTtsbCrM4Y++s+dCI/gF5o22foIz/qZDdE5IezSF67dn9SsJF8EH6KcdWVsz7yA8ga36PWTppS1ZEp9enOCiyC/AA5I+c3vOENq/gjrqEPrUvk67TRR36MI8/PdrMTQ9LftBX5MONDNxqvbV3g/xL5yUDy1bFGkJyM2DCFHSbTXfSRH31izNFBdIDPs0C7kmcym6/V1YtBfipgFPmhyKyB4LiIphFuqTyTGmvnKdJcvKAzO1qUZ/cafeQHKIG8uG7I+h+OtcWPnoUT1lbUMIr8ZIE0+Ci3IVEkA5Rza6BTJl1j3Ed+QNswNhxrRk+0oWv4xsE1rGNi0ERtkJyucVwU+QH9gHxR8kMJEPmQmsFotCNHMIr8kEf1MOVPTikxpGVaZ0w72qKd82tMMf4lI1giPxmcUQberjtD2oIS994RkaiuQwCjyA+ZNPNrtoZhIy++m3Tsg+eWs4yoaw/GqySriyI/ZFBbWP9jNpvxmqZ/nUv/IS10lSg4x7CLUeQHPKf+d07Wd9O0Kzm1OQaH2JhBINSri1Hkh14xM0kXknWy0J2RGwX1dT6Sz0CTEXLfxSjyA3mNjmgv+UAkpx1zsgPoFe2pTbozE7Ao8gPakuMi/W2InUB8OKTGT4msjyI/ZEpwS/+y3/ppWgKknfSPNjWDbXMKfdN93j7yA+RS0EH/8zPo3+4546CNzTAgNoKWiF1XVkeRH/cz1s1MIkCzBpXoYqnvUqy0O3+h2xaLIj/6RrvwIZDjIQSIjKqzMaztuuOvj/xk0GdmwfIs+Cz+CDnTpjJh2J3ufdRpFPnhrwhq2QhjCAFiM6961asmu8hHLOmKPvID/GVBIL9XX2RwGn3GRyHL7BgbY0a9tJV4kJ8KIOx95AcoDueI+lCAoh2cylEG2/eEBvMV6ZRiQQkzPH5XwijyA6LpIoy2lpxl7Q3FZV2JNRh9zvwo8gOEWD0Ye8qewpnGOXUuRbP99tunhbEGRqkNR5GfDArHs4jeypmnKPVVX5+A44yRSLyI8b3uda+U+ldyehZJfjIQAcbNW5VncfrJBeKjD9W/i1HkJ0MbcSa1LWeJ7HMayPOotmXoOG7kmCHQtiJZpbaFUeQHyAAlShFri2nbwyypVEJju2/djmfrIz/gmbUT48ux5HSQs3GzFY6TM4ZAGmGWs76xvyjyA8a4cyyCZljIojFdMnIZxj2Drh05Ybvuumuqr/4tYRz50XZIsbRCwQcLfNXL78aNXzrVfTnXZsOtYSoRHxhFfsDvclBJcEoAgqy7Tx/Uj0yrL0JsA4ecKlqCc0eRH9cza2OW0bjk+DD+2ntUW+gv+jMTHwvg3adEfGCR5AfoO6SBYzotAcrjXSCIc9u3A+Uo8gPa3hjX9mSNPqejRjnlnoW8kwNBGPIj0JZ35Ss96yjyA9qbTlUPOo/8ur779PWx79Vff9JBbG4mPqXfjCI/4DecVX4OncrJnVansi/e4yTo0acDF0V+MjIBck86f9pnIpuCbIJcrlVy1PXDKPIDmQCxJ/wF542zE2TFPZF0ciG1k4yWZkzUaxT5ATafbhfwm9Y3U7SfrCB+aHcpQhujyA8Yl2w3G8OfdR7b13c9MEbUn3zTLdbFCxqU/FAI8lMBFMUo8kN4dQxlRQkSUEad4esTbN87n/PuJZOcBVO0owjTOPLjdwoCxFgT1EkjOBSdwUCJcDT66jCO/OQ6cJYYfFGkaSIuFI1FkoxVJj6lukxCfvyO0ZECx+Gn+A2yUYbd84l4SwnjkHIQ++qwEeRHPcwUmPYWvZkmbcS5mfj0PdMk5MfvnHfmmWemLT/l/VL6HMXSNTOQGE63bcu1mbam3Pt+M478+B2n0NS7tphGzsg7OUNq+pwzGEd+/M4zkDPjmOGnK9RrlCJ3XUZI28nPR4JGOfaLJD/qwKGijywiF9RBaDgafVB3AQYRdDO2+o7T3fc8zh9HfrQfWeTQuaad2pAPstcHY0iarOgoYkuGOQp99RhHfvzOOKdzr3e96yWdYPz0GXXIY0gbc3jtOqV/++owCfnRFuyFyLONOThiZMFv++B8NkP/mWGh1zj2ffVYNPnxnfpnAmRMlsZqqRjrZrC1seBh3zONIz+5bY1Xu1axm2bZOHZ9cD6ZMj7YIOPeDKHvXa9Ul3HkJ//ONbXZPe5xj18HqErXA31EzjybaD45Q8b66jAJ+VHItnFsw6NpdCp/Q6qb9tYWuT26WDT5UQcyqF+RummINptJj2gPstr3TJOQH7/jJ+gn7SSrBGkfpc/0BVIsLZJfSQ+5V6kO6jaO/PgdmUIaLE+Y5sX0xifiQ08J7pO/Uj1gHPnxOyQGAfKeIDNiCF5f8A+0q8CPYBK7xPfT/311CPJTAePID+gAwkcR6xQCKOpoNxmDzgC1EJGR5Ug5TskRahFFUU7Oo2v0YRz5ySDciBclZOtPg11EpsvyCbPvHecsGGQEctSU7Djyk+E5OD/SX0ylE3AOKgXZroM6+c4xREm7UIquPaotJiE/4FmkZhnsUnk4/5xZUWHPIarLWZLqIyrD+JnRsIMIwzkqP3cjyA8wGGSSoiVfFJh+LDkPuX85TGayTFNzivowCfkB8u465IxjLjpvcak29BkxIu/amJI3q+maZEEkPjsBfYoLxpEfUF9yRtnrX8rZM3flTCFj2uL6179+Mmacf8pzlKM3jvyAZyBnorXGkACIZ2WQ1d/zUtrahPOhnnSDNjGzksfcqLZYJPkBfWNcSRk1K+159DEjxTm2yYNnEu1WL2PAMzku+MLolZy8jHHkB7SH8zgISArZUg86UJ3oVHWw4Fb7yKvniKqn8cyYktFRemQc+QG/N9YRGHZA+hm9jYC4b24L9cmyTjdxclyfDI3S15yZUeQHtAU5pX9lFhgb+Vk5EJxm401dkBz9cJ/73CeRa/YHsUFoR8n6oskP+B4hM+tpTBqbxqix2h2/xjTCIzuBLWZbOPSjnMdx5AfUwTX0k7Gq37SbftSf9Ky2NX69VsIMiwCOmTSfbVJEzvqeEcaRnwxtxRcgv8iY+5iRMmbJqP5ly8g/OyXLg9wbA65NlvowjvxkqB8/xr0EHrQ3nVoKtOkrRXBCpgadkgl2X3ssmvwAeWZfBXHI2Sg74TvPJDhGztgWvx31TJOQHyCDCCo5c23+mZeyCwB4Dv6IfqZXyJlr0nf6n/7py4QBemoc+QHnaTfBKj6BWS27tnnuro+Y28IMK1+Dr0Q2xtnuceQHtJlrqatAuTGH2KgTu6ItjDv6SPYOfcdP1Vb8LWNllJ4K8lMBFMU48pNBIAx+A5HyIMSMD2NE6ehEBoZgcHzkf1Ja45wfmJT8QHYaKCP7qjOWjDbn3ntS7JZFuRM0DiqnGJsfZUhgUvIDnoeAmqkgyBxBMxZ+a8pSEeEyyBFAxgxRGRWpzZiU/IBnUlfPKEIn71UUWZ/oD9FUxlEdKCAOJkMxypDARpEfoHzImfQ8RlmaASWqTfQvo5idVdezFi3L2Shoq0nITwY5VFdrGTj++lhbalPy7v5kTJsz0BwFcjbKIc2YhPwABUhmnEdZIrbGKmdcWyC8nFVOgnHMOfeMZifHYRLyk6FP2nJm1zZypi0od3852uTMGGJ8yJm2GCfviyY/oF7ZWJNza704kgiLvvVM+ogjxkAhADktbNzzTEJ+MtTDGEdmyBCHU/3JljqoC52q3y1GplNF8snyuHpMQn7AdVzPdelfZMP93De3BedPvfSV6wkMqPcoZxcmIT9tZJ1KX9oRT/vrB/VQtKnZUHqfg4lcc5rGjbmNID8ZdKkxyREyRo1V45eNMH79L3BCH7AlWc7G1XMS8pPhWnQTHUXO6Cy6S79q12wn1IGuo/PovnG2GCYlP6Ce5Iwca0Nyxoljq9RDX2c5Y/+MC7ZgXFtMSn6ArAjGaj9+DIfTeGUX9Af7whlFzIxHhJyc6cdx2AjyA2SQneBjGDv0sIAKHyT7I56Pj6KdyJlxRs7GYVLyA/SIQIQMG2SCvHflzDgkZ4hulrNx/og+m4T8gLYgt+SAb8AmuLeAib5lN71/CvkVAFBP+oycTYJJyA+QWe1Lzthu+owv09ZnZJ/8GXPskPXx5GacTgnyUwHTkJ82GBxKTCSHI0kwCSWlRnlTtNNgGvKTQdFSYqbxOTsEjGI3+EV1kQjXGmcYM6YhP20YuNYDMCzagtJWRGIob9F7SmFSTEN+Mjwjh5eSZoxyn3CGGf5MvCY1/BtJfjIoAIqAjHKmyZf+ZbDICznTPpO2rfOmIT8Z6kExkjPKWj20LaOobSgsbT9OYbUxKflpg5yJJiGFZEtbKFnOtPE4I9LGNOSnDQ5fljPyhRhoE2PODNG4FMEuNoL8tGFMaDsOht/RH56JA6Otje1xzmUb05CfNsgQBxLBJJ/qoC50Ilkng5PqMpiU/LTh+sYUx8h9c1uQMbKufpMQ6wzyOA35yaC3s07VD8abuphFESWmU9V1UjnbSPKTQS7ImbGqf/P49T85myTq3MY05CfDtdluOotObdsJ/U3HcbqnkbNpyE+G88gZueYzZJ2qr8k/3TSJE5gxDfnJcG02QSCVs06fZ/uiHvTBJEHTNjaK/GR4JvKtPTj06sGP8Fyez3hybJq6GcOTkp+MrpzRH/pXP2c5YycmHYvk0e8nIT8Z6qDoQ3aW7tC32sK1yBkfdhp9BpOSnzboM34POcv6TGFvjGN1nHTsgDYM8jMQs5Kf2piF/NTGrOSnNmYhP7WxGchPbcxKfuaBWchPbcxKfmpjo8lPbcxKfmpjFvJTG7OSn9rYDOSnNmYhP/PALOSnNmYhP/PARpOfeWAW8lMbs5CfeWEW8lMbQX4qADOXwmLhvOnKjSrSm0z/Y+UiYKVz5l1EOzlipr5FpErnLKKISOyyyy5pbY5IeumceReGjPNkxxKRm6GgKOS8mo4XuS3dc95FtJiDbXGl1K3SOYsq1sbYpYeTXjq+iGLWVp+Y+i8dX1SRxoQolLZKnhbSVFxLhK90r0UUMxbWLEibKR1fVOGgS5+T0lc6vojCKZX2Iv2mdHxRheMk5QbRr0F+tKn0avZT1LZ0z3kXkWzPJJVJQKl0ziIKZ9SaVrNX9HzpnHkX5MCOgfwYeq10ziKKNFrracx0DCU/iIYUVEFDs2Ol+y2iGMPS5oydjfJHBKalhmkL6b+lcxZVbLLCxghclo4vokhblCoqmLOtYNORH4OV82FBloG2UUV+6uUvf/kUMeX0l86ZdxE5spbE4keEsHTOIgpn1OI8i0LlZpfOmXfRB2YnrKOqEZGnQC3o078WvJbuOe/CYRH9veIVr5jy7kvnLKrY0cWLELVx6fgiihkSO2VZL1c6vqiCKBj/nLmhMJvGAeIIle61iELO7KhI3kvHF1VESeW5b6SsI2CcBbv+lY4vqhj36kHH1yA/1rTutNNOaQMGzljpnvMudIc6WNQtAlw6ZxFF29qswSyU/i6dM+9i3QQZs+OZdcilcxZROKM2HJBZMJT8SHO1ts1mO3yC0v0WUegzNlNmzkb5IzYJEKi70pWulDbdKZ2zqOI9T/rEerXS8UUUsz65P7YVbDryI/dSQ9rqlFBtVBGNt/uGLQrtvFE6Z95FOpRBbgttTkPpnEUUiy3tRuKFrCKmpXPmXSgaU932zDfFOhSi4Xb30c9SYEr3nHfxTLZNtYOcupTOWVSx1aod7BCg0vFFFH1htyPKvHR8UUWfcEzlpA+FNC/Eg3Eq3WsRhVHikCKWpeOLKmTctrNeNVA6voiSiY83ppeOL6rYtl47IPw1yA+n1C5RdkWzuU7pnvMudtOiQ+gz9Sids4jCbrLd/pL90jnzLlIQtYWgof9L5yyi6IdLX/rSVciPGUWZEsYwn6B0v0UUfWr3ODpto/wRMz5spv6VFVM6Z1HFuDfTuZE2hj4TmEb6txVsOvJjfYloqVkG6yE2qogY6VAzDtKiSufMu0i7sbuQtDezHaVzFlHkCxvgIgvyqUvnzLtYLKlPpCKqw1BIh9h3331TVM4Ufume8y6mqU0Xm8LnvJTOWVTxwmDbCUvzLB1fREE2EFFrBkrHF1Xc325ANUi2WUV5/6JjpXstoliLwQmyg1fp+KKKFF67TVrTWTq+iGLMmaHgKJSOL6pYr5B3RKyV9sb5sIDZZjKle867WBMq5c2uVRtlMxVbG3vdgzWi0sVL58y7sCn6l6POfpbOWUSRcieAWyvtjQ0WDGa3SvdbRDGG7ZAmQ2ij/BFBekSQXjW7VjpnUUV/SGneKD9GsRaM/2CN67aC2PCgB7HhwTpiw4P5IDY82BKx4cF8wOmJDQ8uRmx4MD/EhgfriA0P5ofY8GBLxIYHsyHITw+C/KwjyM98EORnSwT5mQ+C/KwjyM/8EORnHUF+5ocgP1siyM9sWAryQ9lTttZx2CHN7mTe8UEJSpfivFus57xJDcOs7/lhfOy4490JdiVTD/XhVHKy1XPSdxbMQn48H+VgIEh/UAfPoCANnG3X4nhP2hazkB/PaL967yzQFhxJ07KMvr399fO29p4fz0QW7P4nnUJKgf7VxlnOvCtg0vcwzEp+9BtDRM60pfRIbauNOSCeZ9TbqUuYhfy05Uy6TR5zdlnKu/BMY3BnJT9e3Ob9CFJtyBeioU3IHQfI8UnHHGw0+aFHtJ02JGP6VtG29Js2n8a5nJX8GL90KpnSt+pAj5A5G9OQwWkc91nIj+sbU8aW++a2UB/1MhYX9Z4f7a799UNuC/1jDFsPoa6TjrnNQH7IRZYzY9Zz5fFrTHveaezELOTHuKSr6Cy/z3bC+FUPOo6cTTN+PcMs7/lxH3JNl2Wd6lp0IjkjA5PWYxbyo53Jp99Kq1KP3Cdk37vM9Nek9gU802Z4zw97a5zwhbI/wm6SM8emqdss5Ec96Alypj+zj6gO7AQ5M3YmlRdyMC35UQe/44uSM/KtHcgZuedT0LfGwzSYhfwYn3abpc+yH6Nk3a6O08iZ5wjyMxDTkB/CxCkm0ITH+hyKlwNlxybrGI444oi0VoXBpeQZKYPHb0dhGvJDSAxCCstAkAvqLeQHHnhgqof62EaYoXM9SpnjP26gTUN+PI9BQ3ESZkIo59i6pZvf/OZpzY7rqJedgQg54TcIxrXFNOTHM1EiFDWywhgiGRb3WmjsjcbyZDmE2oryc81xA20jyQ/l7f4cbArCbwx0Mqp/9XOWMy+2pVwpD3I2Cp55UvKjj1zPdckxeX72s5+ddkazZkjb2jBAXRhd8mssTer4T0p+XCsrTnJmLcvRRx+dcv21Rd4pzVo1b6omZ9p6kgDCpORHW2SnmNHyskn53xZ6W3S98847p3Vy+tcbrBkp8pidqHHyvhHkR730r7ZC4rSrrUNt7W782ojCVsba1o5enGcO2SQkd1Ly4zrqQTeRdTJkzZI1HMavOtgMgsyRf68DYDw5ZMb9uHpMSn5cx/Vcl0Pgd4iC++a2UB9OmPrRC+o7STBFG09CftRB0b4cErJg3Gt/G1hknap/OLh2f9JvHBDtPW7MbST5MX7JmbFpfYyxavzalTCPX9uB2zWOg+b5/WbcM01Dfjwz3WTM21WR7qS7sp2g0/Q3Haf/2dasU8c93zTkR1/xCdSdXJLre93rXr/Wqfqa/LPp+izb7nF9Ng350a4cc+MZ4bF+yzixRk9/6Bdr5eg4/YV48A3o1HFtsVHkxzNlO2Fc8DmsS7Fm19hR+BR8FH4bMqLNJtFnZGBS8qP/sz4jZ8YbXyz7iGSOT6Sv+CPkbBJ/xPNNSn48jzrrM9fn09n90yZW9Ck5s16PP8H3ZSv4JOrtt+PaY1Lyo85Zn/FjbNVtfGU5U/SHMWztrz6e1F8O8lMBk5CfLBAGF8Gz24QtNil/nUm4CCZn3Xs2XIuhstuRjuU8juvQSckPgVJnDpsBaZc6A8uWf5Q2x8wg5YRZmGZrRH+998NgGFWHScmPa1BslPMhhxyS7mGrT7vE2aWtXexA45id2zjsiITfjqrHpOTHNSgwjputyn/nd36n+d3f/d20I0q3Hr533KDnIJoh0pZ92Cjy45k8szeOc66vcIUrJKXF4WcI9C9FQc60/Q477NDc4Q53SMqUnI16pknJjzpQ4vrBda91rWs1l7nMZdKORt12Vey2dNnLXjZtbcxBnUSJTkJ+/N61tD8HST0sHPdbzld++z5jxtAZcwpFzwBqi1F1mIT8+D3Hg2PM4bTw1Q5xl7rUpYpyRsa0FVKkXpxDvx9Vj0WTH3Why8iC9+BYoGw3o1L/2vbeM9ndhzyKGpKjUc9jfI8jP36vfzhhdKddlOgI9yrpEe1Nj9CpnDLjfpxOnYT8+D1Zdz07B9n5jzyrR7cO6uV7+s4YInsI8ag6qOM48pPbQj20ryCaPqGz6M9uPfSJtrClsPfccKT156h6bAT5yc/FweYAZscrB8QsYtf3nG8bfgic2RXPQmaEIuuRPkxCfvxe4UgLjtBRdiMj7912VYwBbXv9618/ERBR6XHjd1Lyoy04o8ifHczIErnu1oFeUT9yiJBpJzZhVB0mJT+uoV3pB04oOSPL+odzSqb5CuwUR5ufo9+MIzMWuS366rIR5Edd9D9Cww7Qz/q4NHaMYe1qgwrPb8Yt+yN9z2QMT0J+/J7zrv3YbG2r//hifste8Wn4agjujjvumPwW9oc/MqoOZGcS8uP3nofcuq9XSvzhH/5hUbdrCzqGHqGfXN9v3auvHjAJ+fF7cqZ99Z/xZHwjLOyotlBOOeWUNN7JGILKdvE7xtmYID8VMAn5MeAZOdEqwpx37KJwRId0MiPOYXYeEsGxoGwZMu/O8VJJLLgPk5Ifu6g4jyPCAFGm7ue+7q8e6mOQYtwUliiXCAhHR/StD5OSH9dncES8Oed5i83u4MrFMedwGgg450Vd+zAp+RFN0G8cM8bCffrqkY9RfLZq1Ibnnnvu2pW2xkaRH5Ftg1ofeLcBx8H52qFPzs4444wUrbNj4ShHb1LyQ9kjMRQzZ4SzVXJIc9GujnP6kXFtSzGOcgQmIT+iZ8amGSbGOc8uISKiuNpC4YAxOuSG4ckzkMiH8/owCfnRZuSMc458MRaTtAV59LI/dTcGRzkCiyY/2o8xZpCMSYaxb9wojpEBBJczRI+IsPbBs44jPwwsWeQEIPAczkn0CIfR+OU80oXGRB8mIT9+T+cyvq6bgyd99fC9eupfDq8ABKLdh0nJDxk284Yc2NJWe49rC/XguHCiEAi2qA8bQX48u/GLcHBwjE0zp93x63/fGY+i5ca6WUezbKN05STkh5whJeyw/qKjRvWv4pgxwUG++93vnmz3qDablPyY2aJH9Flf8CSXXEf1pUcQRrPJfZiU/Bi3Amm2jmZn6AkzQGQn9wn7ol/ZF89kHCEKMijoSs/Y1+cbQX6c59npJvqM/h3XtsaO9yryRwTLRs1qTUp+ZCYIRrA96sPX4oOVbDd/gO0zbgXT+Yh8SvcqYVLy4z78TnqE/E6i27UFObvhDW+Y/Ai2dJS8T0J+kK+8czAd7NnY87acKdl2swXkjI9tFlRGi37tQ5CfChhHfjg/zhF59lZ608CcrFHOO1AQOtraDJ3PGcB4+wjQOPLjdxSKd7Vk52acg2kwqz8FJnrEKWRgOdQljCM/BoTBxalhcLOjUBpUpUIp+Y3oqqiENjSou5iE/HAUTSEb4NPUQXE+JWnrae1eUjjqtmjyI+UGKZBywGHjKORITB/0iX7THkglAmRmqCRnk5Af5yBTFDhnd5Sj3y3albIVwfd+E/fqU+bjyI9nd9zUuIikdEV9MkopO0ZeGB2pWp5BhLnPUR9HfrSFMWfmVDSRkSg9d1/JTjKHx3jtc9AWSX7IClLIOKrftGMH+eDccDj7nLFx5Ic800F0aibXpXv1FTLpN2ZxGUwGtIRx5IcTIvoo9YkzOo2sK84X3fUccvlLIP+jyI+24BRoq+23334mnaofBaLMBnMkSlg0+UFmyKIIuOguO2hsjtNlxji9YdwixmbjRMVLGEd+tD09QofQSdPKu7blICNAdKL6lZ51HPnxO8SHPqJHpqmDc7OcIZDGXKkO48iP39CDZICDyemWKcABLV0PfK9kP8ZMmLakL7Vt6XeLJj/OESREfKYdw9pWMJTTb/zRByX59KzjyA8ZMHspGIKcGNOev69tgX3hwyH8AuoIkP9LAR31Gkd+/M64lOpPT0/bFtqPPkZ0jcE+PTGO/AjgZl+EDnatPl8vI/vLZu8EPZBzvjZ7VUKQnwoYRX4IJ4dUahtigo1S6tOCg2eAMpKUYCnKMIr8GJSUiePqwnEYNTtUAuFj6ClHBEg0uquoR5EfA4HylJvNSBtcpUE0SWHgKSsDiPLqDrJR5IdCMUAoRAN1GkPSLn7nha4cW45iV+EskvzoBwpCxFNqIPKiz6cBBc1AiLaI0JHVbtuNIj/k0XEKXv+LPk+jPNuFk4E4UaKISMkIjiI/nAjHjBdOkDE3yoh0oT218Ytf/OLU5shTiXCOIj+u4T1Afp9f/Ft61nGFnCFA+sRMRclJWxT5Mb6RQsZRH5XqO0nxW8EPuoCh62IU+dGPxhM5F9EeUg9EmywzkqXxMor80DvGGWI6LflqF/Xn+AoscYC6GEV+tIXxqL/o1FIK1KRFPaRkkiVORBeLJD9mEjjXsiQQMuOsa2vGgWNl7AsEIUCu2cUo8sM+0ofsuuyEWe2Ece/3CBDbqO26zzuK/Ggf8smeTUt82sXvpDAZNwgduWpjFPlRJ+2Z10oiFKNmbkvguJJVKVt0or5hX7ptsSjyox/MIORU1VnHjnblj5h9ZjvZia6TPo788EcQH22PoPQFufrgfOTSDJSZF3bCs7cxjvzwV4w5KfCep/SskxS6UEDZs5jRLumKUeSHv2xMIoECBsj1KNLThbZGHPWFyQZtXgrEB/mpgFHkx0DwMkhKXBqQwTYrCBIjp0NFCbtKso/8OM/AUD8CReFPS3wyOPgIEKdU6ko30jGK/DColLgI1BAjnYsBKu1GfbqR2z7yYyBS2trCzM2shiQXv5duY9pZ+mB7oC+K/DAe+oVhIhscsq7imxQUBwNFcYnQUcptIzmK/JAzBsaC6iHEJxdtK9eYzJsC76JEfrSFPhApJqMctb7Izzi4DpkVUWM8kcHuuBlFfkRFjbecRlF6xklLljOOh7HcxaLIDx1mQfUQwpELI3mjG90o9VV3/I4iP8YB0sRZHEI6ckGAjFFjtYtR5EeEFSGtUQftyeFjjLvBMeOvj/zQbRwWRNJzlK49TfEsiK20ly4WRX44O3S6mV8OjP6e9X4cevqSXiw5OaPIDxtCp4rsD7UTxr8ZIETZzEvXqe8jP/SNDRyk8NGFNeyVGSzjpzvDN4r8sCfkjLxzSKclPhl8Be2qzZFB6znYyTYWRX7IGf+ADqoxdgRz9aGx0yU4feRHe7DdiI9AnfVS6jULyIpAErtn3RLb3fbN/D+K/EjhZ9eHEJ9c6BFLCcz0kasu+siPZzdr4xnIWzegPCnoC8EO+kpQyXN3dUiQnwroIz8a26JzDosOrWEwcoTAzAul0TYafeSHMbWgf7fdditGfKaF+xqkooRyVNvpUX3kx8DjtJmWHTLj0y0WJZoa5ZC3B3of+TGYKFWzCkMNSbtQGBRbm3QsivzoawTAmgPOaVfxTgvGl+JgcKU3tZVXH/khhxSXWUXrWoY6+7noI+lVnM8u2S+RH2NMjrTZOLM2sxrpDM+lPRnPEgkrkR+/UXyXU8NKzzZt0RbIvufSD23Mm/x4Hk4qks8JK9VvlsJIcnKtiWpjFPlBQslfDdKRS17430317CM/9AhZ59CWrjdLISeirl3HZBT5QUj0SQ3nLRe5+9J56a+2Tl0U+eHAyXIQwe7WYRbQlWaPpMEIZrTr3kd+tDkbZ7yV2miWQieKiHP6ugS3j/you76vESzMhZxZm8aXaJOLPvKjPvpE0IPtKTmz00B/0tHsttT1burrIsiPOkiFREZr6jPj0HjkF7Vluo/8sN10NiLIdvctaZgU+koQVgBS0L3tj3jmEvlRT+0sUHfVq161+FyzFPrZc7lnuy2gj/zwEfWVNeZDJgoy+IH8b+O7S/aD/FRAH/nReZgvR8xg7wrALHBNkX352RRl2wkqkR/3NLgQJlGsrgM5K0S1pRMQHgo6P1sf+eEYcyBqRBW6RUpQNx2oRH7UkeMuqiCKXrrWrAWhY6ylE+a2WBT5yUZL31N8NUBZc7JFTchVfqY+8pNJB2ehplOquJ5IZXcGp0R+KHFKX6SX8awF0U4LhhnS3BZQIj+MDHm3SLsm0Vc4LhZea+s25k1+PJP2vN3tble9f6WucYLaTmmJ/Gh38seY1SQdimfiMEjlbaOP/HBWOW81nVLFLCHZpaeznPWRH+dwEjiypWvNWjjpNoNASNtBtEWQH3LGfnDE2LlaMMOgfzmY7WhyH/kxvnxfu3/JmfRE6w89a0aJ/DhudlGQsXStIcVsFv3eTgXsIz/sp76g2/POdUNBPwoMI6TsSPuaiyA/7m8BfY3ZtG6R9WBpQrvuJfJD5jnkZnzIn3SvWpD+Rne2g0rkqUR+6FT+ku34awUtcxGcLs2qdsmPtlA/WRZS90tZB7OCPWO7PXsbQX4qoI/8aFwCyLDr2Kzgh8A1pL+JlurUNpstkR/35QxaNCp643MNMCCmSaVbYOv52frIDyNjKnYe5Ici186c8owS+fHs2kjedOk6Q4vZJMott/GiyA95yAu325GeIfAM7sGBl5aU5amP/IioMjIim7VmOnLhMIjQdZVXifyQS4uC1bndRkNBSTMaZlzb0bkS+dFG1vrYpaZmRF7Rtq7LcWxjEeQH6bJ2qVSvIUUb0WdtQtdHfvQ13VKbgClmLDn3bfSRHwYdaStdZ0jxXJxdcpWd4D7ywxEVyKlNsBU6ksPYXvuzCPLjftrbvWtEfjNE+dloznZbL/SRH7M+Zr5rO8auJ/DWTY0qkR/tYl3MPGymYpcyvkJGH/lh3+k+jqn+qeHH0CfGuP4wK9ce+4sgP2abPFONlMZucU2zyO1AZIn86Ge2VHoYPwEhqwXLItglbZuhzUvkx9IFwUX1qE1+6Ca6vev/dMmPurHd2sia0mnXK48Cm8GOkOs2gvxUQB/5sTMbFit/uSYobzNKhLutpErkBxnhIHJcfFdDcQHjx6DYdMBAytG0PvLjHGl3tRWN4pre3SKSk1EiPwaUCL6ZotJ1hpYcTcsOwyLID+Og30UTuykTQ0BOcpSdknJt6CM/FhiaCaw9o5YLY0jm2+iSH8+uXRDyGoazDde2MJYCbS/QL5Ef44wxsbh4HvIuNcGi5TbmSX6yLHCWapM5hcNPntrbxveRH46MVMLaRlqhF7wsso0S+WGojcN5OKXIrZ2j6K3sjPeRH5FzaSW1gw2KfjaO2mmjiyA/Zs4REWlv2rkWtKXZH+mN9Fe+dh/5MZ5rpgC1C3kn12xURon8qKfz5kV+ROWlkOa26CM/7Ivgkzq222gI9LcidRSpkiaWsQjywx7vsssuc9EjdL72ahOMEvnhjzjH+9zM+tSUd76HwAi59j+4fon88CvUbR62W1sI1tkwqI0u+dE+0jCtjVfHGvolg8yaIUfC2gGVID8V0Ed+KHARAFPcNZEHjWh/2xErkR/K3aJRnVwbBrEZJUYsR276yI81R3ZWKw2QGkUU1jsgMkrkh2HRJ/MkP9ILc38vgvzIHfcOCcSSos9ORC1w+BmnvA1vH/mhvOeREpWLPkN22uiSH+1N9m073E4/rAXEWTCD05lRIj9mhihxM4GlZxlaRNOMuzbmSX70ufQYLwedl7Mgjdd9M/rIj3QOpLJ0naEFiSDD5Cg7IiXyQ8chSfOQdW1BT7pnNtR95Eef26VqHgTbNe1QJr05O+OLID/0NYeNw1oT+pPestmO58iztyXyo71la8xjRk3RtmbU6aiMEvmhy7yWYh7kVvF8Zpa0P5TIj7GvTzjo/I6aTinwFWyc1HbGF0F++ErS00rtUqNIEZRxk1EiP3wmdsPrNgQPa8J4ItP0Z16n2kd+1MOsz7zkzJjrzqh3yY9ZL5MFUgC76z+HQlvQNdq5nSUS5KcC+sgP50yaTN97E2YFYmP7Xy+DbL8cr0R+KHqOjBmJ2qAMRftt5pAXLfaRH1OZ8yIdiiiW+2aUyA8HXX/My6i5LoctR7EWQX7MvtmUQL9nI1YTdlyxViwTnT7yIzWi5kYH3cJhsP6obXy75Ieh46RaY8epqQ2GQ6QSCcookR/9zlmYV8RWW5jp1BbZaZwn+aFL9C/yMy8DSXYY64w+8mNdHae8dI2hheyKUnICs5yVyI/ghsjuPGbBlJxylvVWH/khi/MigmRMPdqvRFgE+fEdOZA2WhuIhdlL45iugBL5QTo957wCOYrZSzNRGSXyk1PvSr+vUdhjfkGe3SuRH04ph11QgPOc+6kWrGny7qH27oLzJj+eg3zNS5cpZhjbmQol8mPzKXqWjtP2taFvyXH2R0rkR38iXjY5KT1HjYJkyiBpo0t+ZA4JtKpvd91lDdDffFU+ckaQnwroIz9mfTjbtZ1SA4nDx/C1BaVEfjgwBljbOasFz+X5OKB5tqOP/FiDUXvxaLtwNNvRwhL5ofw40PNyWlxXeiFDBosgP2SPM+K+NXPkMzj6nL+cutlHfpBx633mRX4Uyis7BtAlP/qZ7D34wQ+uung0g8FEBDloGX3kh5M1T3kn29piEeSHU2jmD/mZl0MoOmjWNKOP/IiEzytiyxlCfvRplrMS+aFHpJvNq3/NGNLjOX22j/yYhTTmStcYWvLMjyhsniVZBPkRyNHe7RTIWuDkceLZhNy2JfJDj5C7eY5fqY15fEGJ/Kin+pZ+X6MIGEoHyrakRH7YFDYACZsHyJdoP1KQMW/yQ3Y5/6U2qVVsyMK5zyiRHzMy5I6uzSSgJqz3cf08k1IiP74jc/NKV1fIGV3eRpf8kDPtIF18HoFLWUGeux1UCfJTAX3kR4oGctAmATXAGMmPlJPdncrtkh+CL22JUqsNMz/ySr20LE+t9pEfAmYQlAZHjSJy4R1CGSXyI0WQgzWvmR/GUnvkdIZFkB9/pS6Y7ZjHzA9nhMNvNz3oIz9I+HWve925kR/Xpbwo64wu+SGP+lt7t8dFLbz3ve9N0fa2oe4jP1LvpEGWnmVo4Zhqfw7jIsgPXaI96Zt5RUs5OwxfRh/54cTMY9MFJc/8iISPmvmRCjbPmR+Ok2fPequP/GgvM2alawwtZEw92i8YXgT5kfpijNVeJ+v6xqo0QY5f1pV9Mz/qMK/+VWxqoT0zSuRHG5jhLf2+RjHzw3ZnB7REfvga7LkU+3awpRbYRwFJu/BlzJv8eAa2a54zP9aLtbNt+mZ+pFeyY+0NH2qBbTRevScK+mZ++BDzStFWzCCb3WujRH7Ul76XZVAbZhbNPrXXhQf5qYA+8qMz5bPW7kxRK0aZA8QRzSiRHzMy1vwgYQS9lvJyHetN7KwlMpSFuI/8UEDzMtSKBf/SBDJK5Mcgp5DmFeXg7DKi7g2LID+UO1mweLPWTjyQZQXxoaCzAu0jP3a2YajnFS1Fbrvr1rrkh6E2xa8ttHettgDXksNtPLenzkvkRz3007x2FSRnXjbYxjzJD0cXsfQGc05xqU5DCtKhzzi+GX3khyzOS4+oh0i7582yUyI/UoG8r2weRF/7mgUj13kTmT7yI+ih3UrXGVrUg/xKq81tsQjywylzD89WExw/tpAeEZzSplAiP+py/PHHz5X8mMFsZ22UyI/vrFOY12yr52O783OXyI+2YFe9Q469z3WrBf1Mj+fgGsyb/ADdZlv5UrvUKEh2W5+VyI8gi+eny7V3HgM14FoCvQLwxjCUyA/od+09LzlzbQH4Nrrkh81EgG3zz3+t3RZ8JjY5+2YQ5KcC+sgPEiA1oR3VqAEKkhNAiNsL5UrkJzNqL63zXS2hYvzc20YD7psVaB/5QQL23HPP4uCoUSwAz+lmUCI/BhgnZl5GjfLgBCM9sAjyox84JfqBcc9GfSjICWXphW2UVM4L7yM/FsST9XlFkMw6tBfEQ5f8aAvyhwhT8lkma0BbIIKilMZfRon8GGfqZSZsHmSBc6yt25gn+SEL+t06pnmQW9e05W277n3kx3i+9a1vPRdDzTHmiLhP1pMl8kMWpJnOYw2jaLQdNI2trMP7yI/1Er6bx0y2a1qXwjnJbbEI8oOMcEi6gY6hYAc52Iiz9ant+5XIDx07r/VUghcCkm09UiI/eU3IvGaQkVvEhjxDH/kRLSdn2q/mdsxgaYBNiNpEcBHkRzDPC4XnoZ+NYf5WO3WzRH74B8awzRHYsCyTNSBY5ZnpruwT9JEfa9IFc2q+7DUXASLtbFOmNrrkh32RmcOvkKKWZbIGjH0yxjduy1OQnwroIz8Uq+lz77fRuTWEm9HhSBtItqkk5Bkl8uN86WAWCjOoNYwWGDBe5GXmx8DNwtpHfrQRwjYP4sF5Mn3ffmFbifyoozRAzsU8lB4HXZ/kNl4E+SFTSI8XLpLB9ta0Q8AAW+chQmmnvqxA+8iPKDVlf5WrXKV625KZAw444Ne5yxld8qMttLloqchteyfEoWA4bS9NhvPYghL50XZme5GF2rMDnH5t3zZeME/yA2Sa48tBq/1MnLtHPOIRvx6n0Ed+jHEvq6ytRzgsnH1rE9sokR/QRtZ11U6docvs3Ei/Zj3SR37oAzJZm/zoXwSbDLRTaRdBfugR61A4bu0o7VDQkeou9SU7XFAiP2AzArq2NtmnG5FmdiEHyaBEfgTrOMvzWONm/NiRMs/oQ4n8AH0vxZKeY99rwDPqB7rMDEl77C+C/NAjnO95ZIFoWzMdbX+kRH6MIQRXqq3va7UtIBDWyLLdeWz1kR9yaCtqG2jV1u30o9mcvCFWRpf8qBt557/aKKIdGBgKdoyvgADltoAgPxXQR34ocg2LeFAyNdgs55bRMItiOpMzmlEiP2BHOIbMW7MNwrYAzALPwWhwjDldbZLTR37+f3t3An5dVdcLvOk+d+rpdq000NKuJnpzQuQSk1MqegUUGU0NlHiBsMSwqIycvdyK4ub03JwzU3vE0OtYJCpialqCcw6IEKGAICDj+77rvp/ju3S5W3uffc7eZ58//X/f51nPC/+zz95r/9Zv+v7WcAQWhjf2DwMyVhV21anynWvkB8hMBV8AGjNJ5/AEjTLhnoL8gOUIli/YhG2N/hiJiaDDYZhhKPveRn48U/BEhseuIKlQIjnlOEKT/AD9Vs0kJ2Nf2scQINeqlHS4RI38sC9j7+9O/am907LN7IT106VtwarJD5u3pPBBD3rQqLMumXR4Zukf28iP8fSeY+8vk+TaN2c/T4k28uNADX59TBKWfZmATBbZT7eRHwmkZTOOCR+ThBlfy+kki56dMQX58S/7laB5zhigS/k3kei0JCujjfyIY2L6mMmxeMM38p3iUynDGvkhC3t7rWoYU8/0A2GW8JYJdxv5UTnn6+mZ/owxo+6ext/hNPKVUhZTkB/voLiH5I9pO2TrYJizzjrre2zHfzfJDyheI5aISvlbR8uCzpAZko+A0e8MPqVGfuibfIJvH/OEUrIw04rMNHWmSX4yFJ8UdMotDENA7uybTjeLp0F+RkAb+QHJiH0CkkiOJju2ZSChorwMRXWsTPahjfwILozRngxT10hZDjaLwvdUNCgMY5bslw6qjfyApNmBAGNW0wQTxtI8J7+N/DBCybz9C2NVTCULnKgNqnmdPkxFfiSEKkjeVxJMH8tEclFY2kCH6IvpauQqo438ANlKYi07G4tYCkyeJRA2USM/3tvepzzlL+ANkYXvmsUx8yQxKKt5UCM/GWZcbRQeK0l3n9oPxsGqyQ+751NOPvnk2e/QjPVOZn0UZcogDTXyk6Eqr2o9lh/xLnTWbGHTP7eRH/1zxP+YJIw/svwv/6ZWRhv5AYUtSzHHSlrYrRPkJE9svYwTU5AfQADEU7GMbZdJ5KLQTzKSYPKdfFvpD9rIj2sU1BxcMlZyTE8U/1Tjyxk1qJEfEE/Zu+XEY+mZwh9yi8CXz2ojP2ShX2yOHMX8IUUl5BOJouuS3TKWwRTkB8yumpVwquFY8UouYKVP87TRNvLj/fSLbPndZnxZBGyIDstDEGZ5WLlM0TjWyE8GGxhzqTZZsDm5RBNt5EfxSXHPiqnmbNEiIAu2z4bFZ8doI9wlgvyMgC7yIxGTBPlRM7+Z4lSPZRwHhyHoI1GeQ0maAaiN/ICE1aEH9nBIapoBpw9cb+bJLINlKtYtNxl9F/lBDCij5UBjrJdXBZegq5iU1TxoIz/g/8mCgx2aQKnI7bLLLrNkoQwYMBX5Ae/vaEtJumowJ1oG+b4wRiokSKrkU6Ar9aSL/NBH+k03xlj+JulQRXPQgMDcRI38ZNBBSbXEhhMli0X1XWDyrooXZGEsm/foIj9sgROX1AyVhe/TV9W82nKgVZOfDMUTPmaMhCHPMEhOmgluF/kR0PlbxwUPTQh9n/0qKEnImmgjP+B6xMP3h/aDrls2S1+bsugiP/wvH2dD+tAk3XgaV/ueakdNT0V+3FsMMytgw7ZEshnP+sB9xEmFQj6pNoZt5Af4HL9Pp1A2NE6QrQ32/LdiUlN+beTHdU5StdQTARpic74r7uYfFG7GxTbyA+KCarwkXZzhU5cp5IpTVsHwi05MREyb+j4V+aFT5K4flhYO9WeKF4pT8rDm3qg28kPvNaRSXmcrQTNv6gP3MEZyxKOOOmqmz82C0jzyY98VMuikuqGy4A9tL/A+xqCJNvLjPZww63OHUzXznD5wD/LOhSErNmqxLMjPCOgiP0CZKcHP/dzPzao+EtO+BMhAMlIn1DgPn3K2JdJd5Iej4ljtDbFZ17WS8z4Jsj5wwqZoEThBidIIFj4r0UV+gPNjeJzEkI2cliP47QEJadN5Qhf58c6ck+RYJW7ZJQWSN4kPmXrXZkCbkvwYBzqFkNIBFbVakG0DmRgbCQ49ExAkDk3ZdpGfDE7Xvpshp53l2TTV9bZjQLvID33PyyoEWrLT96a+1uCaTHyQZLJgL7UErIv8gMSFrQxZ/pYTp5wI1jAV+SEb68klY4oPywZJwVGVUSGlWQWHLvIDxtNSRL9MvmwffM9xzvxh+YOTJbrID1mYpaFj7jOkH97DmvTaD2KzwTbyA/wyPydhZDe1Z/RpxlORziqBGqYiP8AXGZO99957Zr9snE70tV/2L5m3xFkyKG7VvttFfoCe8an2QwwhQJJrfrk8bKFEG/kB48/PWFI8hACZHbzXve41S7Q9o9mPLvIDYgQ52hzvOjFo0TzGsmyyFpslpzWfOhX5ybBPVzwb8lMcZOuEN8Wh5gwDGMMa+clgA+SiOM0u3IO8a7rShOvkGuzTQQveVexq2qjrusgPKE4roA7ZZ8a382feg/3U0EZ+wLsoOliGrHBhDGv6WoN3ZMfszLJkTRyr+asgPyNgHvkxaAKUJUQqdKbgas6lBt+l1JKNXJ1sCzxd5Md9KBDDY2CuE9Ap2jz4ru9JNDk+m74Zp79rJeaRH9frPyNcdkmB7+SlUO7V7AN0kZ/cb2NiydwylVvXS2jJknHWHNXU5Edj+DlRksAajz6QbBgTzkJ1L89QNt+pD/khC4HG7NEyxJJsrRVmU8au2YeMLvLjO2zArKslAGbm+s66CrjGCwk0M6FSWSP6MI/8kEX+PYdll1mq1ko66bT71TAl+eFHjD0bX2a5lfHNJ021zUDPIz++Q7fNci6btOi7QK+w1OZT55EfsqB/ZkuWJYO+Z/y8T00W88iP7/DHfI2kY1FfptFNMYYP8E41TEl+/D+fhJxYKSBhQzSbxZga9M0yaMUt4yLhbCt8zCM/vuPviKkZoGXiFdKkGOTQhVqcgC7y43rvxI9YKrZM0RApNlOKyJFhrR/zyI/r9c0BBZJshSF96gP955vkSPTMUmL3qsliavKjb37DzZ6wZYoH7E2cMFsq5tTeaR758R2rhOSG+mHWIxOgeXCdgoUxkY8gFDXZutc88pPHib4uQ/b5P3mR39VRfK3JArrIj+94J7Jy+AuCIt9p80slFLX1H3GSq4rdbbYf5GcEzCM/QKkk24iBSqOBEUgMAGMolTwzV4PvUAGHG6hgScgEhDZ0kR+gAPoheeXw9cH9sWx/Kytrub/IFsev6uTeHB9FbDPKeeQng3JzOJRU1bRPYihZ8QOHDNwv9XYRty7yk+EdjB2Hz3lJ1Oc5P5+7TiCRFOXlhzXjmpL8ZOiHpYnGQGJnWaB+WspGDtmBuM54k5MkxH1VfSW9KnJtgakP+QH6x/GYrZCQ9UmSydUeLsmOd5w3c9VFfkD/vbN+SqTdV2CnO2SUiZDrPMdhGJJcSRObs7/FuHGobfo+j/yAwMeeBTQJjmR9XoJKz1xnL4ogYZy6Er+pyA+QF/tVmZdUSN6Nb593sqyKL7EuXbBvG9955AfoKEJrNp39qorPS059Lnm0tMP40vVa0pvRRX6ALHzf71zRLccjk8U8P0JWxvd+97vfrJpO99qCu3HvIj9AjkgEuZqpNFM4rw8SFX01iy7ZET+MaxumJD/A5siWnkm0Jf5irLHIMSh/jy2zabZuz4XjdRVfHHQgAa7dH+aRH/BdcY1d+B0oxYg+iaGYpohjqTpf2JXId5Ef0Ad6gKgr2CEH/OU8sq2fxtgqCcuHxRD3qsljHvnJIE9x1Vjwk8bGkc1klH0q6C8Sarzol/jCno1nG0mAqckP0HtxQczkR/rGK3aGdLA78b7tnciii/wAmyIvq4TkZcaMbopB3iPHIP+6HzLNFs1skq08zUqDtmTf9+aRHxDvFBr4R0Uq+t7Ht7sWWZF7dPl26CI/oK/0SX+NicMY6I58yt/Le3tfJJxsxWI5j6VufLt3aRuTID8joA/5ybCsQSIq4AkkvmPZhEBvfaIKNUNFkCgp5bfMhKJ3Jfswj/xkcK6SMYplWZFg4ZmUTLXbc/XH//uXIiFIHBwH2aXUfckPcAL265CF95boSUw4FU5b89+C82677TbrF8egaoSYdaEP+YHscDg+ibTEQWIkcHl2/ldD0iRuqvhkx9G0JSywDvIDHIdr6YGAl/eJ5fGkZ8bZ/wtK5OrdTf/TM461DRxNH/IDiDo9MwaSaUtYJL95XLNsOU6b6C0fpI9Zz+ZhHvkBsqAr5G+JlUSWrpnhsg+ALGyw9P9kYXZVdVTlyhpowdc92tCH/ID7WO4qGTOVL2kw41jqGbmQhf1SPhfMXE8/y6SihinJDwgo9JuMzK7xIQgIIuQdvI+GbAie7Jd8zdToo/XpXX6kD/kB9ock0xljoNIv4cwEJPcjB2ezze5JJxGWLj8J88gPkIXxcT82JKAK1vyF9y/7oF+W2ppd1d8czLvGlz3OIz9ATyVxEmlytkSa3PnUUhb0TZEB8ZJISxr41C7iA1OTH/B3fkQiQ8/YJt8lPtIntsuGvSsb9pllchJehbsu4gN9yE8G+6Vnihh8FZ9Fruw2y9V/G3e/RWV5mYq8Atm8e88jPxn0lZ7RR3rmOZJ1z85+JP+rfxJje3TYMp/aJYu+5AfYHJ8qHpM3oqkoyRcaD3405xT+22Ei+sxXz8tj1kF+QJywLM87iYn2m8o98riWcYtdKZLJXeQw8/KRPuQHjD0SL5djZ3m/KX33r37RcTmjd0JQ6CPyJdayy7Yx5h/6kB9AGrKeKWDapmApXJZFqWf0Vl4ibiC2iE9XzIR55Ae8i/ETLxz6wfeQOVmI3d6DruXY7f/ZMp/Nrsm8S9+D/IyARcgPGBAkiMMzqJSAo9TM8HDwHJYATaHnDWJGX/KTwbFwtgyH4tpMrQ8SH40iCaLuy9l1OeWMRcgPeC/BT2WMIzHtS8n9OrHkVlCSLAqUAmBXdaVEX/KTIflgiEiQpIQsJEn6wPjJRWLOeajSdhGEjHWRnwzOw7tzSORHz4xr1jXvSM/MwCFyfXRmEfKT4Tv0jFOyT4OOI2T5F6iRSXuUBGhj0Gd8oQ/5yeCMJSAClQAkyJeyyOPL2XOcnH8f9CU/JcxWIDXZ5sginwipT4iM4ETP5gWRjKnJT4axMr4SC8t6jYdkyNh4J8GFH6F/qonzkoSMvuSnBB+lzzbM8qG+qw/6QuckCfyBZJQv66NnfchPCfflsxWsPM9zsyz0R7/YL58qSejTh77kpwQ5S/7JnfyNQ/apxsc4sQPj1je+rIP8lOBP2bofDWerpe2yIzLyTmZHEKY+trMI+QH35IfpGTvhu4wr2bJf4539CJ/XN3nvS34y9JXPJgtHCdNRY6sfWc/4VLnAvCp8xiLkB8jC2PGpCIM4nXOIPCb8vT5KpPv61HWRH6CH+inXsMpFzKQbWbbZn8nb5Czevw/YWB/yk0EHjBs/kfOiZuymf+KEseqTjxivvuQHyEI/xHvFwKaeid0KdPwt38D/9kUf8pOhH7moo4DJd2U5ZFnIv/n25unDXQjyMwIWJT9NUEpGyqlSoK6lbV1YlPyUoGC+4/n6IXj2MagmFiU/NVB099FUiJfBouSnCe+ex8T3GVSfAF1i3eSnCY6Ms856JoAu+k7LkJ8mPNfzOT6ypf+L9gM44b7kpwmyoFtkoQl4yyR0y5CfEvSKDMiCTPomok2si/w0YSz5L7brndhyn2SuCXJZlPyUIEc+TB/0hW/Tt0WxKPkp4XneI8tiWZ/qO4uSnxL0Otu9vtD1ZWSxbvJTQv+9h/fxXvNmEtuwKPkpoc/6keOEZHXRe2QsSn6ayD5VP+jZMvdYlPw0QRbG0pgo7vYlO02sk/w0YYzFce+kLaOrwIYXIT9NlP4sx4lFbdj1i5CfJrw3PTO2+kG2y+gZLEJ+mpCDiCu+S9/1aVFZQJCfETCU/IyFIeRnLHAQQ8nPGBhKfsbARiM/Y2AM8jMWhpCfsTCU/IyFjUJ+xsJQ8jMWhpCfsTCU/IyFjUR+xsIQ8jMmhpKfMTCU/IyFjUR+xsJQ8jMGhpKfMTGE/IyFID8jwGYrU90MTMK7rmb5ms13ltSoDtSuWXXjNE3TMnRyqV0zRRPUbHrl+Cwfql2z6oasONHqoIMO+lc/XLgMOArkVqKb94BN3QQT0/0PechDZkt7atdM1ax3tuwEsax9PkWjZ9YcWxJQ+3yqhgRKTCWoQ2EppHsJkCps62j8l7XdNlPXPp+qWWZhOZNDFWqfT9HMKFjG5JSs2udTNcUOBQfkeAzyk+OEpNvMTU2vV934DkvVLONR0a5dM0VTuLQXzFH2Kvy1a1bdLNekZ/ZR5b0562j2Vtm359jooeQH0WC79h6JwbXnTdH0Qz5iG8G68hE2bPmafTOKOrVrpmpyZQU2Szdrn0/R+DN2r5hzW8GGIz/WGQoKNso77WJdzQlkNtQ6Ec3JVrVrVt2cdW9jnI1wNsnVrpmi3f/+959tzLPJ2cbe2jWrbk4G8rsKfs9kjCq6oODQAOO8LtnSK0dZkq0NobVrpmo2Ftu4bfNp7fMpmpPsbCgXrGufT9XomJkBlb2hMNtibI2z08vW0fzGk4MSjG/t86maAzoc4uDf2udTNLLIJ1DVPp+qOYiDrSHGY5AfewX4Zz7NQRQ1vV5140vpGPnqR+2aKZq4aQO5/qyrH7vvvvtMFjb5++/aNVM070/X7b8dSn6sRFEY4h/lBLXnTdH23XffmT+TG/m9x9o1q25sjE/XD4dL1a6ZqvGndG2d/WBzmn1LtxVsOPKDvZo6d8SezX3ralis6WLT1qodtWtW3WyyVAl3BCRGXbtmiqYSLzm2JMm0Zu2aVTdjYDmFis8Yy5FUSFV/nVZGzrVnrrqZtjfbwomqyteumaoJKE7nU62sfT5FM3WP4Dr9qfb5VM3pNyq2Y5BsG5cdQW9pAr+2jmYTq99Ec2pa7fOpmhOszE44Xan2+RSNvdFzhLT2+VRNxRjBdpDDGORHFfy+973vbPO4inRNr1fd+A5L7/jodcVMTRXc0edWkFg2Xrtm1c3SXceJ77nnnrMxrl0zRbMcEtEeY+bHrCmSbZk2ElR73hRN3FSUlhs5Obd2zaqb0xLlDkigUx5r10zVkGu/Z2QVS+3zKZrDEvh1W1ZuK9iQe344Lcs0LAtaVzOVyZE7btVxibVrVt3sB7EsggO1NKt2zRTNiT8MzNIK+39q16y6mamx52jMZW/O/6drliXUnrnqppLmXYyv071q10zVJOfW7DrNrvb5FM3RqJaaSlBrn0/V8imJY5Bsy94UUoyvY7bX0ZzIZomnY3Jrn0/VFHAkCooNtc+naJYj0XMJXO3zqZp9T5aaksVYy94sn3Vvy4Jqer3qZt2/VRsKB4pLtWumaGY5dt1119nR8Zbf1a5ZdbPkjg+xJIlfq10zRZNPWQI41p4fpFaSa0lw81lTNUvg5SMI5rryEUQwLwG0HaB2zVRNsdBpcU4BrH0+RbNNxCmcsextABhrHHjwbcSBB9+FdaVx4MHqEAcefBdx4MFqEAcefBdx4MHqEAcefBcS0zjwYHzEgQffizjwYAQMIT+cvkBiw6eNjjalLXss69Cjrjkaz88bLiW6i2II+dEH7+2ITAFRy7/XsGhwHOOo6zwm/iWbRfuw0ciP8dSnUs8Wfaeh5MfzPDfrGdkK9ov2A4aQH8+kW/qQ9WyZhG4I+fHO9CzLwtDHrNwAAEF/SURBVL/ku4ztbxTyQ4bGl0y907JHiA8hP+Ra6rq+uN8ych3jqOssi2V96hDyQxbk79n6oUnylxmTjXbUNZvN7+S/lyENQ4+69sxm7F70XWAo+Sl9qrFe5h5DyQ+daMZuslhUHhuJ/HinUs+83zL5yFDy4/tl7F7Gn7l+CPnx/dK3D4ndQ8iPZxoHfdD0aRl/FORnBCxKfiiLATMNacrfgQnnnHPOTCEllBJl+4gsXaNgBraPgi1KfrKzooBOZvNjZdbZ6odfsjYFr3+m4d2vj7EtSn68F8PmpCT0EmvLmJxYZymAZM4SGJ9RdMlDH1ksSn68m+Cn/97ZL57nMUFgnHBmnL1T30SZs1on+fFOnKSTs5www/lLaL2TcbZ8jZzoWd+AuSj5MVZk5f6e43l+fDHrGRkjL4K+ftKzPuMLi5Af9/R+dIHsfOd973vfbImoH3mlc5ZpWqqY9awPFiE/+qDRH3rmu/RMkDcFTyZsji36nG32lcW6yI/+GV8BkewsYzj//PNnMnUaIJ9kOQ394+/Yeh/Q20XJD93hq+iSHykkV30Q8Okcvc0ni7GNPrJdlPyQhfvTdX7Lc7Ms9Cf7VOPbV9eXIT++Q9fL+KIfTp+kI8Yp67o+9+nHuskPm3StHwkmW/0RI8QK/+09vZP37hsnFiU/OU7QM3bq++yWH+HPkBg+Th/5vL5yWpT8uIaeeY5+sDk+RD/EHL4++9S+ifKi5Id8s57xqXSqGbuzLHJhpw/WSX68k36yC7rEZ3iPrGdyK3/L+Yj376NnrluE/Bgv/kHMN46WIZKH8TXOcjXLYXPs7qNn7rkI+fFevmPsPMfz+DOyyLGbb+dj+PZFYvci5CfrmWeUsVsfNLkVf0B/9bWP/UCQnxGwKPmhqPakCCTWgTpp5h73uMdsg68NoE6Q0uwVYSwMuI/zWpT8UCYB8aijjpo9zyb2e9/73rP9HHe/+91nmw71y3po/ZWMzcOi5IcsGBWn65QXp//kk1nIRkCwUdDmdnsRGFofWSxKfgQSAdQY3u1ud/vOu5OF01nIhozs65L0G5N5WDf5EaQ5fOtabcr3Tk5X8U5OOdlll11mzZ4VGwD7jJfAsCj5kbAYB5vonRp1xzvecfZ8/XC6kdO09E8/JQEcXR8sQn70WxC2ydHpf57pVCP65gQe/80O6Rlblqz3waLkh+4KYvQs2xj92muvvWYyoevGSOIv2PYN/usiP96HfXl/m8YdMkKWZKo50cdGbu+mfxLUPliG/EgIBHby0wfPzv1wwpFDWBwYIhli730C9aLkh67zfwcffPDseU4CzH2gc2ShfyeeeOKsoNInaWEPi5IfcjaG5J5PzStlkU9ZozfiQJ9+rJv8SAI9+2EPe9h3TiIUJ8RNpy06bdUJm05vYr99ku1FyY+4imjYB+b5TiUzruTKfxhf484/LrLqYFHyw1fbk0cW+bn+1Q//Tf/tm7FHS+Lc590WJT/0UsHIfkfjwHeJ3XvsscfMxxoTp3qRhcMt+sQsWCf5odf6yS74M3rmPbyf9/J+xpueOVRJ0t0nH1mU/CiQ8Q9PecpTZnrBfjV2a5z5FbIVu88666xe+Yh+LkJ+XM9P2ifEnzl10r40Yyt2y4/4e3kavyBH7CMLWIT8uCc944edcitnIRN90Ni9vh144IGzfYRy0D4I8jMCFiE/KiNbtmyZnarytKc9bZZ0qgYiABJ2DZs288IABTwOTnIxzyH1JT8U2gkohxxyyEypbZb2PAHTjJNKkv6oSiNHNqZxBByIhJdhtmER8sMpS26c+sHIGZkEhqJnWagmCQxOBLJR74ADDpgFdUGrC33JD0LnGqc6Oa1PEJR0qhyTAVmQiQRbpYOjN3Y27OkvgtOGdZEfjpYu0Efj5lQ2DpK8Oev8Tsabrgh4dOExj3nMjGBKhtqwCPlROZPgkJfTqgQL8iDLUs/I2hiccsops2uzns1DH/Kjv+zLKTcIFscpYfn+7//+WfuBH/iBWcv/LzFEcpEgm/7JvCsZ6Ut+6KCqu+SbLJAwgci7Z1n4l14LTD43HuzTSVhdegZTkx8BybuzF0mBREvClWXZlKuj7wUpiSpbZ9ddiU1f8sN+JaP0N5NHRwbn55b98K/ERWJlfOmjCn4X+pAfibuKIzt68IMfPLu/BMXzvu/7vu97+qDpn6RBocn4qmLyyW3oS37oOpum6+RM18m9TRZ03biR22mnnTbzu11YB/mhZwpefouHbxADnJYlJvBDOU7oOx/rd5n4PcROMUUM6+rrIuRHLBQnJH2S4h/6oR+ajW9NtmwByXVaof4qvHShL/lRgXfgjYMiXG8Ma+Or6R+b09+jjz56VrHvksUi5Ed/XacfTgF0kpjYXY5JngX2/vISvk+u4bMurIv8+Jzfkzc4lY1+6n+Zj3g/Sf5rXvOa2QmbfDkfNe/efckPPy//QGqMG7JjHJtjnP0KP0MP5EVyUDrcZUt9yQ+bkws4ElquI77kHJEccuyWUxh7xQCyYHtWlHjfLvQhP95F7JYvO6Zbv8mPnuU8RjM+8hh9dLCFPM4pjvOKOkF+RkAf8oMwSJ45bwIXTCU+pqUNUKmwlNT1qlcGSLBhjBxHV4CaR348R5CVwAuQjrSVjFJmz2saDSdsahcZ4/j12+lLkv62QNGX/DAQBqNl0uN6AbwpCw6QkfgOp6NqKvFVGWmDd5pHfiROFN/9BFcOgXwlMk2j0Q/XM3jLHF74whfOvidY+LvPm1gH+SE/hJqjkLx7fwGeDJqy9d/Gkf5ybGeeeeZsfCU4rq85DvfoQ37c03GpZso4JYm0v5FJKSt98BzP00/9lYixE0uFyLYN88iPvpI/mZltyomBwNHVXIMgqfjpB0fb5sy90zzyQ3cFYDNfbI6ekaGkr6Zn/u5zQVCAkDQg/12BYkryo49sT/FGgic454Dc1cjV70NJHL0Te24b3z7kh5zIUgKG1CAVtec2m74aX2QYyWTTbZhHfshCouAas/aS0b56Rm76rf/03vvU0If8sGOJCBKI9JBznz7oq2YcjadlLW2Ymvx4b/Yl+REnzB5IuhVV6EfTl/kbHyk5NSsixvGB4mJbf/uQH3GQ/dJZszp9x/cHf/AHZxV65FK86CpYzSM/3o/9swez5VnPas8tWx5fJEgxRWwmi5q8+5If8c81xkTiS+8UEdpit/Hil8Qtq0iQUoWeMg6UWAf5EZ/Jlq699rWvnf0/otlcyuW/vaexkLPIXcyu0TVEu4249iE/cjPP5g+Qnj7jq9FFs0KKUGKnd67pO3n3IT9IqzglbiqSK87wcbU8x/vKYeWy8g52JM7NK+jMIz/yUbFbbKVrCoDkK79sxmJjwnZzvuw0SmRf0Z5vb7P9ID8jgKPoIj8IhIHEShkYR9ClGCUMLAXh+CXbHLXEqIYu8kNJGbNkEZEy4BxQm7GW0AcKJ+Hx+xsSZEZM4UrHAPPID2fmPgxQpd/6VcbaF9i8WQwOhxNldLV36CI/DJhxmSLl7JBKjpFT6wPPQ5JURlR//FsjC1OSn+yUyUaA4QQF1L7BQ98FXkm2dzLOglZTJv5/HvlxH1V1esIRuU9fcLCCiuSbLpstaQsWXeTHGAmeyEtOWGqBo6v5jsqa9+B4a7KcR37YnIBGzyzHUalqOu82sGHES5DgOxD/tgRqKvLDdiTI7A85zNXvRZvknC4j3bVZLbLuIj98BnJsqcOyffA9iaRikIBfQxf5IQvjo8roxz+9U+058xrSZvZb8lAjQPSli/yQn3Gn62Ycas+Y1yTqEk4JbZuvmpL80H12bdaaHhhr/q95XQ2u4d/5J4kTAkTPan2eR370zdhbfSEh7UN6mo0fMcuHAJkBqr1DF/nx//wIn25J9rK+zKyo2TN6xo83+zGP/NB3OYbYLbEU22q2W4NneQdkSXziu8Xomi+cmvwgy6eeeurMp8kXFslHxCY5jO/Kz8SJmh55zy7yQ478O+KjMFMbw3nN9yylps+IQFPfjd888mNmR7wxmyc/ysX5PpDT0mN5mRzC+Ml9a+giP2zXLGUm2GbfasX5GrKt0HHxRczlR2rvEORnBHSRH0pNyBIoSRIDbBKTPmCQCJAkSsInEFDmEl3kh0IINpIF09BdVagumIaULFi6wpCayXEX+dEnSYYKI1kt4jxLmJnxbPfgtGoJZRf5kWAjCZIFxMfM1jLwXONuipqDbS4X825TkR/vL8CTiUDueU396AN6opplOY6EHnEpnU4X+fE8eioR1w9JUlMH+sC7IJectMSHDGtJYRf5MauA5JtlkNjVgkWfJtlRnUfUJUpNB9xFfugpW2D7yERTln3AmdMrM5NkqqItIDUxFflhv5JJidqypCM3S7JU6CTVzYSvi/z4TPBmV0P74PtmgFQ6VTeb6CI/meT78dG+s05tzfclpmbYmz6VPbSRH5+xdbJalnzllgmQpAOpa2Iq8uPe9EycMZMlEWpLorpAp3w3F8okpk10kR/94uPEEZX1ZYhPbsgHPTEbLkls+uY28uM6CaJE0X6LZYhPbr5ruSXfrTLfnHXtIj9iN1lJ8H3ONzRjbh/wZYisOGbWtUb2piI/7Mx7InJ8tMMEJNmLgp8Xe+UTfKN41Ow3WdXID703xvyMJerLEp/c+AB6JB41cwTP6SI/iLnxN4v18pe/fPZei4KeyKf4I3ZHT2oyFctq5EcffYe9yhMRn0VBpmxZHmPliWWiNX8W5GcEdJEfiiCRELgY+jIOI4PRIECmFQXj5r3ayA9DtORO9Uo/a8nTImDcgqBlAJLlMhB2kR/GZZbE+k2BtG3JSx8gFjkwmZptrt1vIz8cnqlQa7HNbnQteekDAUPi5H6SkHJMpiI/5O8zP4AqSbcMoRlcFwF5qULZFyF5KJ1XF/nx7t7X8gozPnRhWQiIZGuNPYLrnZrEoUZ+suMTpC11G0J8cpP02FzKiTYDQhf5QcD4BAn8ssUG8E7GxPsKXJKCpixWTX48z5ioXpstGUOummVB3osfKdFFftisyuLQZD83BMgeEZXOpt20kR+yMKPnoIqhxCc3ZND6enGiBLtqIz/0ShLpu7V7LtqMq70GKqb8SqlnU5Efum4Gmv+2xKpWSe8L48ReVLLNIvFf5bPayI9r+Bz+Zyw9Qz7M3ORKdok28pPjnBnoIeQrN/dwKAIfrXhX6nsb+SEL9im2kIf+D8ljEFmzJYoO7KtZNJyC/Hgneqd4IZ/SnyH5iO/y9w5CqO3xIq8a+THW4qS9gpYy1sZs0cYfWYKLZJaFlDbyQxYaf5ZXBS1DfDK8E7IhH5Fj1bZqtJEfuoD0IGBDYpn38b58uncyJk1dCvIzAtrIjwCBCKgIWL8/JCHNsFRN9chsAwU1yBlt5IdDtZ/DhjRGWH5nGfi+pS8MXaWyrMq3kR/vzsHrg+r1MpW8JjxLkPQsQayUbxv5QZL0z/pY1cUxZIFMInRIWOn0piI/HK9KnmAiMJXBc1nQH6cASgxK59VGfsiBHkhKVWyXnU0rwX7Ija5zzKUjhxr58e6C3M///M8PqpI2m+RSFYkOl6iRH7LQd8tUJO+SxjHgvZ761KfOZoGayceqyQ/bkgBZnjUW8dEEakUZSVBpizXy43ONrJ0wNOb46ofxbQb9NvLD5iURQ2eeykau3gu5yO8KbeTH52awLZUZc0zci/3w0aVPnYL8+NdzVOM9awwgGpbBOCnKcqDSdtrID/8nUV12GWFbs3SOj2wuf6uRH59bhkTPhs4INBtCJzaVJKyN/JAXIuh0OzlG3yX7XRCT+Uf+rFnYmoL80F/viCQY5yGFugxxWGz2LDNBpe2QYY38kKVCoz13Y9qw8bUc15hm6E+N/Pg7OYuzxr9ZfFkWfKYljmZgSllAG/mxzJ3fJ5Mx4L0UPRAqZL9EkJ8R0EZ+OFpJhKDKyTQVYBlIABmWoxc5zLJa0UZ+VDUoFKLAsZaOZhn4viU8Zjw8DyHLaCM//o6Fm03gkMYInu5hqQoHZi1xWUFqIz/2CCEQqviI0BiyMLYqC4KascmYivwwakFEwsBxDX0noCeIredJsDLayA8ng4SYFfD3ZmVzGXgPz1O1lfBLBErUyI/nmm636XuMSmnZzCSZ+ShRIz/sXHJjZhSRGCNZAGNimaaqmH1RJaYgP97RsdxjBmnNkiL6W5LbNvLDpsyOjDXTkRvyY9kJf1GijfzYgKtaOyb50SS5fKdkKdtxG/mh6+QzdoJufO0d4K/JO2MK8uO+dNkMg6R4DLi3e/EjCjNlnGgjP+KE/QZmJmsyWrYh7GZx7Hst9b1GfticZNBx+LV7DWmSY7PjpU9tIz9irDFRuBR3xshj6LS8QQEVMS3zlSnIj9ivCOuoZDIY453orvuKjWykLPC2kR8FJbPHq9Az/oz/yvCONfJD78lavJIrjmHb4D3FKis3yKVEG/kRS80WlTF9CNi+/AUBkqOVCPIzAtrIDwUj3GYlbwjcw5Qix8yRl8y+Rn4otqTF1C5DG8PIwf2tobbRt5wGbyM/kjUBJletx5KFwGmdrQSldG418sORWsaFOHK8uc9DwVkgg6riZiiyw56C/BhPss2zPkOm7ku4r8Bh9oduZxm2kR99s9QN0TfrM5aegYBhjCWcJZrkhz7os83FYy1VKZvE1J670mHXyA+90mfJhWU7Y8rC/SS8xqTEqskPHRcc7X+qyWZIQ2RUHSWiGW3kh28T1McmHYiyE7EE6xJt5If/tZ+sdq8hzXvxT2bWsx+hTzXyI6F3EMYqdB0hleyWFfEpyA97EiMkK2MUUDJysusI8HJvVxv5Yb9+z2TM2UWNnkl0+cpyqWeN/Pjcsqyxya2mHwiG+JTRRn7ELnvzFE+HLIcqYbyzjVvJUu7JmIL8IDxs2OxImacMgXcydmxEAl8WqNhwk/zQN0vl+J2xC0oaku39sq2KQzXyQ0bsjd2NsWIjw3PpOfJjLEs0yQ+5mSyQQ5HRmLavEGlpsDhd+q0gPyOgjfxIIiRtfttnTDBWgQOhKfes1MgPR8+5q3oZ+BxkhsJ9KK6lBBKDXE1rIz8qWOQzZmUBvCdmb9bF+2fUyI++ISeW2SAJY8rCOyEm9CAT0inIj2fk9dNjklvvpFnnbf1/rhC2kR+zTxJHwbq53nkoBC2zOWYaSzTJj0DJefvBs7GTFs3sgCS9PA64Rn4ENRs2zRKVCf0YQNrZsw26JVZJfuiU2Ss6toog7Z6WjZZVyjby4z1tHB97Vk9DIvxGROkna+TH+PK99KF2nyGN3vohRUto86xLG/mRzCOCq9B19/R7V2WlfwryQ+c8o0nuh4IMzbY4+dGsTp51qZEf78uPrYLoa/RdEaWcdamRH4cLWTa0CnKrKeZYMZEJRo38GBdL9ukZgkKOYwLxMd5ylowpyA950z05Qzm7OQbIVN5nz01GjfxYOmtJ2CLHWi/S6I24mWdd2siPvML46ltZ7BgDxpBtiSklmuSH7SnsKbbKmbI/GANsXdyQO5UFhyA/I6CN/GDSksex1lBmSEQECRXCcnqwRn4c46gKYZZobDBilUfsPr9jG/nx43M2wEmcx0rQgWKTwUEHHfQ9zqZGfhBFe5+MU5bPmFDhsCwpJ7xTkB/GjNCpmIyxj6oJ8lI1sacI2siPQK4PxkDAGRPux2EjO6XuNMmPqiSnjvysKkl3sEW5DLBGflStJMdOzMnjNBbYvjGxYVmAyEFileRH4GZPlkKtIkgjMjbZG8uMNvJDD1RKa/cZ2vTDEhT6lpP7Gvkxy+tktlXomGZGSSU223Mb+ZE8mHmv3WOMJilTTMgJ7xTkB6GTLJVEeAy4Px2WVIuTeSlqjfz4l88be3axbJZMqvpn1MiP2CGurcLmNOTHWOb4WCM/7NCyNHZBLmPGbnDCmv0Y/s1YNfmhCw6AskKALWciPBbEen7K4VQZNfKjMC1HzD9UWxujIc34OpU3x8ca+SELMlDo4O/Hzos8WyxhXyWa5EeuJI+ke12/NbYs5J/idDkbF+RnBLSRH8SnDGJjgUPgtP06t+pQRo38SFopn1PWxoagpbIgaZEQQxv5Ucl0fLIZohzoxoAg7Jkci4pLRo38cH4CHYXPAX1MMGbTzDmoTUF+BEsBzIkmYy1JKKEyJfkzuwRt5Ec1VYCUII1dSaMv9oRoOTGAJvkxzvo71ilvtabgYC9ERo38mFW0CV0iV+4vGANkIUjQ7XKGYpXkR9JDfxGUVSWECKvxzGgjP/ybpLx2j6GNztDhMgGtkR++F9FfVUXechV2nnWnjfzY40fXa/cY2iTcfheGL8tLUKYgPwoG5M1vjg3JpoMcFGiybGvkR8IsRqxqfDV757J9QY386Kc9srXvj9F++Id/eOY/Jb9QIz9IosRR0WcV4K8sD5YzZKya/CABlr97hjwp695YUGS1CqKcvayRH9eZ2VuVT0V+zKTQLaiRH39jF3ShefDEGLCUTU6E4JZokh+5iyI9MljO0I0FeaD3NruUEeRnBExNfhhSX/LDwW408jNm9agkP+WekDbyY2aGwg91qjWsm/wYj7GxKPmxxHOsfUcZxpjj0soq3WYkP2wH+SF/spiK/KjGIT+rkivyY+Y0o438COarJD+W8fYlP6tY9qYhP95zneRHJdrx7lOTH3HCKWDrJD/8CL1bNfnJs+lQIz9i1yrJj71ElhL3JT/GaOzkmE5NTX7orqV8jh2n22O/0yLkR0Fv3eSHzjn+3CqhMXMzQH6sOupDflwX5Kcbtxnyw4kjPxRgTEiqJZn3uc99vpP4QY38SFowavs2xgYjlnRLlrKzbCM/lmY5pYnBjxE4MySAjqy2GXvesjdrli0Z4mzHnt4FAVMgRQRgCvJj2ZtjIb0/Rz+2I0eaLQHJp9i1kR/LY/zNCXH6MSY4RkFCMaFEbdmbvWWOZF3FUhHJ8f777z9bBpLRRn6MuWUPObEYC+5Nh413iVUve2M7yM+qluA46pXtZLSRH7a7itOvNO+G/NDfnATUyA9/Tv6rSlrMuAjU85a92VMmgavdY2hDfiRElrPmgsMU5EdyiIjw22PC/cUE8pJUdy17ExskYasi+hpSk5NSqJEfiZrllbXvj9EcvMDW8+/+1cgP3VNUVPTRr7GTY8m4gwfK8V41+QHL3vgz8bMsqI0BS6vEK0Q+o0Z+kHE54tgnveWG/NgLnd+7Rn7AHl1LiZHxsfMi/kP+gGSUaJIfuZJcQ75cLk0bA2yf3MWTcqlpkJ8R0EZ+OBYJ2ioOPHDyymGHHfY9x0zXyI8kmXNv9m0MIDpOz5EgZINuIz+MzqELYx94IGBxnNa2lsdM18iPjX9mBvw9B7oxQfb0IG+qm4L8qFyZwpc8er+xyQ9nhDgjmNBGfhx4IDFd1YEHAjKiU6JJfnKSrhq+ijXUKsFsrnTONfJDt/RtVQcemL20XKLEKsmPoOmdHDSwCvJjBgWpLBOgNvKjb45TX9X48g38U7ajGvmhZ4cccshKkmP3tLcKcc4zqG3kR1KqIr8qop8PPMiymIL8SMAQkbJqPgb4LaskEDr+Ive/Rn7oO3mv8sADvjL7VKiRH0U0iaoktnafoY3dKeTk5L/twAPxxR4lvnUoGWnCT04gAGWONAX5kQSbvZUzidNjwvJ7/r/cx1QjP0inWbXb3e52K/Fn9MxYkgG0kR95hfGVt8nfxoQxNL58Rokm+ZGvypXygQdjwnvzJ4rv+fAHCPIzAtrIj6lVSzkkJmNC8sl5SkrL0ytq5IdDlzDYgK1iSRHGgKQ7L4XhuBk3tJEfCaMAQ9nytWNAtd/SO5W6MtGskR+OVMK+xx57zCoSY1U5BCs6wJkiV9lhT0F+BHHjoDJn/HNFcyjoiaUh9IZu5yp0G/kx7hwcBzPmcZlg1tDpOWUCCk3yk/vsd59WsSTJPdl46UBr5Id+W/KGkEscxkT2KeXzYJXkRwJEz2y+dgRyTTZDmhkUNlL+mG4b+XGcu5OJVkE8/DZUk1TWyI9+WMbh5LDafYY0RMYRyxL17Cf9WyM/kmO/h7MKXZf4G+9S16cgP2KUZEnlfMwCFd/JN1v2hmDk59XID7BfPnUVSamj3c0K5MQPauSHTzXLO/ZvWuWmYCY+ZVnUyA+IXciD30kZa2m1Z9IhByYpmInXGVOQH8STDdO1chzGgJM++U+nC2aw4Sb5kX/Ii1ZFfhB9y/CzPrWRHzKyqoJtj12sE5fc20xbiSb50Uf6J68Q78ckpHRZfmgpYjnLF+RnBLSRH9Oaqr/+LinLTmYIkA7T4Sp+zd91qZEfz6ToZl1UE7MhDEWeUbLsjePK79ZGfvy35Vn+PtYJKxyKhMkSAhWsvI4bauRHHzlAv0UjaS77NwTGxJStcVa5zLKYgvwA/UMAOV3BcwwYH4mfoGE5YdabNvIjcfC7T44stvQMKR0KciRDxzpbD1wmx9AkP2AskIOxj7t2L8mCQF3qbo38COr+roqFSORlJUPh3QQMwav5A5CrJD8gcNI7x12PPdNgGRvdLQNeG/lh43zO2FV570R3LdssUSM/4O/2dY1Nwuz3UXBgP7lQ1UZ+JKL6Zplc7V7LNrKQfEpCyvgyBfkRt9zf2I+hy+De7IWdsp8yTrSRH3+3HGvspY30hW8y81AW32rkx7hLVs0E1u41pCHM3q/0qW3kR6yxz/CAAw6Y5TRZL4fAuxsTy/rYVmn7U5AfPtlz99lnn1kRYYx8xLiRm59DcHBH6fdr5Icc5UJsgD8bkwDRWz/pUc4+tZEfYyF3NJvN/w2VeYYVIPISPopulWiSHzZqDBSfbNMo97IPhRlyK1jK0/cgyM8IoPA18sMYVJAEawmkgJGd/DLwXYknpbH8RtAoHVGN/IAlSfonqFK2oQTIvSVGnCFyUR7o0EZ+vDsHf+CBB85IEAcwVBbuT3HNuHBspSxq5AdUMjkgiYuqy1BDZ7Dkqw+qeeUej6nIj0RJoLB0yL9lwrIMjBU5PfGJT5zpWhkg28iP8dAPsx2cnYAyNEjqR9ZpVdtSp6FGfvTPuCLEY1bEBRNVdgWHEjXyQxbenRzMWFmOOVQW4L0ELsEBESqxavLjnSRmAqSjWWsyWqZJtP22Tnl8ONTIT4b+7b777qOSMKSD/y5nOqCN/AjmksQxZ8IkP/ZxNpeItJEf4N/4uTFJmPFl31YVlLFiCvIDdNi4awjJUNvh/yXAnsWXlT6/jfzwoeLErrvuWpXRMs34OqyDjyxXbECN/IAZCrNgY44vuzFraRa5XCnQRn74XasLzKgrbCEUQ2A85QkO7ODPmonuFOSHjC0h3nvvvWd62ByPRUF/xXtFUM/iO0u9rZEfIH9bGLzvmP7MYRb22iCrGfpTIz/+rh9yC/HevuwhyPHPuypcWtpXygKa5CeDfpmhcahQaY/Lgp7JE7Rm8TTIzwhoIz8gMTP7wyA4Mo6kdPR94TsGkqHYxGZdKYMq0UZ+JISMUUDzfU5uWQLEGQkY3knVRrJQBsI28gOIgSRNENcfyfKyskC4LClCAimv55ZoIz/eW4Axc6aKzyCacuwLcuVcLAewZtZpKaVcpyI/5OEdyYLD049lHYex9Jy8n0AAKu/VRn6AHI0J0qSP9GyZ8QX34oQ5T4lJuYQgo0Z+PM8YqCBZxjRGNc09HKIg6WsuK6yRnwxJnOoqIuE6fVtGHr7DdoytGZLyxJqMVZOfDHZvqetYcrXR1ns1k48u8mPvgfF1GtkY/ZB0OOigWRmENvIDCLk9j2MkLd7D8heJcZmwAFtoIz/8gD1g5DhGP9zDTEPtd+GmIj98mVknh0qIaeUs2KLgg9kLu1H9baKN/ICZCbO3YxVRkEp6Ro7N4kUb+ckxRHI81ulzCLuTV5sHMbWRH5CkkiEiJr/Qr2VgHI2v5FuBin01Z8anID8gh/C+/DdSUBZxFwHdJQ++V06kCFrGZ2DDNfJjrOVQxkMBpjZeizY2jKg291eTfY38ZMgNxVt+sFkE6guykCNY+s6Xsa3yx3wz2siP8bJMzoyR2dFlx9+78hsmH4yvfKTps4L8jIAu8kMRODs/SmgQcrLdNwlynaYSZcZE8mtZD+fZvEcb+QHkwPdtWmaAlG7RAMZQJR4SIzMdnJP3K9FFfnw/V4+PPvro7/SzryzAtYKUJNuMmkS7ScCgjfwA2al6Se4lz2ZuFpWF6yWkHIU1+shC8zlTkR8wDqpzj3rUo2aBXFAvg2gfcBgCkYCkAq2KJSCW6CI/xsbnZibs/ZEkLUNw3UNVTrA1dU+va2SuRn4yBLoxlkflpJTN1fYydZEf8qcfbFICTT/IeBF50DPJIdJhD4YAVZvZm4r8SJgkR2MQD2vSzabxA010kR9g12aeh868ZAJmbXxteWIX+WGPfqHesr2hsvA7GxInz2uii/yAxJmOkeeQfviucRXHmnYPU5EfECclJvbo0GlFh0X9CLnZSG9/LD0Tu5roIj/iBN1EBofuu/F9B3XYY1LzAW3kB8RUPhUhGErEnCyGgJmZb+YIXeSHT0bK6ajE1Aw4+S4C72wcJd5s156bWoFsKvJDh/MyWj5cTtCUyTzoO70xfpa7yUfER2Ncoo38ZFgZZAZ86Kw64sOfmTlp5l/61EV+kD82J8dQfGgS9HkgC3pCh8nBfi6rHmq+oo38AJvdsmXLrMiPOPl+U0e64D3lXvIT/kXs1KcmgvyMgC7yY9AYlKldyba9NxxP38F0nWZ2QWVfRY7x5L+X6CI/FML3VCtN9apOLMruKRDHeMQRR8wUi6I3+9BFflzLsfs740CAVOWa9+iCa61jFczI0vNqxtFFflyr79a3SigFviaZmAdG66QaMz72GzG2psObkvxk2UpQ6AAH15zmnQfOj9Oz9wHxERia70RuXeRHE+AEUcss/bsoCePwEBtBGqGrEX3oIj+eqXIrgR6SMFg+IAGXONWceBf50WdEhT0IjGxnkcIHsFGJjzGxNKyWKMJU5Ic+eGdJ8JBA7QQrwdH40qkm5pEfn0tW6OGQ07CQY3Zs5qmp69BFflzve3wzPandv0+TGEsq+aNaQulvXeSH/MQUOqZ6vCwB8g4SW36+JospyY/70zNFBwdcNGeg+0CCzl8iP3xErc9d5Eef+B5+BHFZduaF//F9sdv9yLb5vl3kx/Viie8jYssugbN013LvbHPNPnSRH9eSH99vNkzspQ+LgB6LlQrBZuGMu3s2+zEV+fFcslXENOMhJ2nu+ZsH/beZn0x8nwxrsp1HfnyOACGFy+4zY/e3v/3tZ+8rbjRt2P93kR+fy6eQBTNRtZnwLvi+1U38uu/nbQVNWUAX+SE/umWW0TYJpHuRHELBle7c+973nh0YQpdrth/kZwQQbhv5AYPP6Vm6I2mnHDYQciQ1xQB/5/AkICokknQD2RaYoIv8AAVgeDbjIVLWVpoa5YTaQOkYhEDlO5weA6JgNXSRH/Be+qGKzsm6J2OzWd5nNXnkvzMmp3YI8pIihlZzntBFfjK8t6RGhUGQ5Jgk/DVDyXAvSagpXd9BJjnY2phMSX4yJNsM37IgM2wSMw65y3noJxLKKRoPupxJZRMcUxv5ySALmx3puD7QM9fOq96ageNwBREzRypA+tam713kByQzps4FNgnmIiRIgmHZnOSr64hXtt9GfsD7CkSSaEGf7Vuy2pZsZxgzuokAINgIfy2gZUxFfkCgRlBdI2FepCquMmkmLROfturiPPJDruw3V/f0o2/S7zqECfFB8msJZ0YX+QHfY4ts0j4Ksui7/Ew/XG95F5/a5ofnkR+yoOsIkMKUmai+fdD0gSzoOlti4zVMSX7AexsbCYp3N2vSPCigCZ8p+kisrE7wXXGj7Ttd5AfYm7/z40gYPVuEfCBMZtH1J89y1N61i/yA7/AZTniV1C3SB8k0fZeQeo+2YlIX+QHfMSbsVk7Ct+el4236kL9Dd+zx4dfF8HzybK0fU5GfDPKm9/SLj+bX5CNtdgDeFyk2Ht4pHx5RIz5ABl3kBxQf+Ru5njHr68/YOj2zHNmMjzhR0yHy7iI/4L3EYfGEbSqGOMSpLd8D35ETiIHyT0SQjojdNVlAF/kB3xX/Pd+MmNzXMvgufeBH6FkumPiOPJDsawjyMwLmkR+gBAyDIhkUzkNSKLCqtnNKEhefqwC4HyckMRdwGI2lQF1BZx75yeDkGBkjlxiqjOmTpN7z9YPj4TQQE6ejMW7KahqzPC2niXnkJ4Nx2ptC8SxvIjtKa0ZKRZfia8iZBN41kkwJLwMX6GsGntGH/ABHIYHynioNSI33tFZURUf10DurWFniYjqWzFThVInajBfWQX6AEyA7gYmemdbXX0QNySn1TPKHKNEBumj5ngDchj7kBzha95E0CirGjtMlw1LPyNiGSLMb7ME1+k1udLgt2Yd55AeMgSDll8wlmZYGSfZqyYMAgiDZ34ME0jvv2uY8YR75Ae/ALuiycfCeZE7nECH6Rc/IxP/bw0EXFRpcg/jQ4S7bn5L8gCAkGCG4iIylFhKsGsH0N01Vkl8wvl3EB+aRH+BT6Tq/R3+c3GRDuWc1x1ci4e9mqySZ/I0lhOyoK8mZR37A9yWm7Mt9nQpIFvSpmcDol7+bobGky34n/e/yUfSvi/wAWbiOnyFfib8xybIv+5BlYQmUk+IkK/QXoe1KLqYmP8B29IvPlzyzHbMGfKAEjp/TLzFD4YSv4e/EC3osie3Ss3nkB/RNUYm/c51ZWCTIODZJZpatzyTwbFg8lFC2vSPMIz8ZcgBxWV7gB1vzs2p6Rgc1xRM6zJ6bexZLzCM/GeREz+iMsUAsyN0YWY5uPIyLRJuuiEHkwJblOsaTLNrkMTX5AbYjp6BD4orr5SNiAL+d9cz75Wu8Ez2Tsyhss4m2d3L/eeQH5CNiH1lZ+cBGjW9bvNLMKuqL2CFHaIuZ/j6P/AB/Jn8Sl9k7XTPOclI5g/wyx27jaezlD8ZZHklWYneXvs8jP4BwKVzIGZAg8cCzbN8wDvqgiY9sXR/dV5/5FrbUFbuD/IyAPuQngwIaFImzJIcRGSzOSSBUFTHAlF+TXEgUBIg2pc7oS35AUmgpHiXxfErAsXu+fuhD/rt/BX8OfN59+5If8D6SBsZOwTkSz/Ns/Shl4TOGxYF7xjxZ9CU/wJmr7iM85TvnMfGv/9cP/0pyJNy1vRcl1kV+QNAwXcxZ6X/ue6lnxtu7Sio4cGS0q8IDfckPcH6CrQTE/fXBs8rxzbJlB6pokk1j1ye56kN+QJ/pjAQJ+eBEJYdODJOoan7TQ2VUciV5REjm6Q30IT9AFsaE7ARjYyC4GoNyTMjC35EPeiZR6AqqGVOTH9Av+sLfGAdFATLcc889Z8tzJGc23tqHRkb21Qi+At48++1DfjIki3RdgYJuKdbYK+ZYbn3QF0t9zRgL0MYqzwbM60cf8gPu437uy2d7jmWfnptloT+qmPpn3CUrKuBdARp8Po/8lOBTJTeIM7lbUmf2gZ7ri/FRXZawSECQbkniPJtbB/nJsB+LntFz9tGME8Yo+23vrcjDX3YRCehDfjL4EeRDgcizkCwxxriSrf20xlvhRLGQHUmK5/lU6Et+wAyBnMD9FUno2V577TWr/OuHsaZnEnjyoMP81Dw960t+QB/N7vOp5FcbE//tb068ZHN8U21fXRPrID9Ap5EPvl8M8E78T/OdyNQ7WS6LAPBn8/S3L/kBfkQMdK14Sc8sV8z+zDgrnJhxQgrkAwp8XSQf+Kg+5AdcK3ZnPfPO+pJzxFIW4rBcVk7LD5PFPHn0IT/A5lyDgLLrnMfkMRE3cx7jX3rGluRe83x7kJ8RsAj5KcHpc76URoXBPVTiGauARJEWwSLkJ4NyCRICG2Oj6PpBIVToOW9G0DfYLUJ+Sgg8EkOMXgVJHwQ61VmBbN6UZxOLkJ8M72hMJDCSHUFeP8gEMVKd57zJrA/WSX4yvBOniOiqkCAh3omTUNmhZ4JeX9l6977kpwRnKFjSM/rh+cgsGSNoCJKgPs9pluhLfkqwC8slOVNy5LQ1/03P2PK8JKhEX/LTBDvJeka/BFL3kMDTFWO9iCzWQX5K0AvFEfrOfgU2wcq9BFxLQrqqzk0sQn5KSHYkOeyeTPRBXxBJus5uFknc+5KfEjkx5Ic9N8tCf/hUFWb97ItFyU8GebNViQ7dkqTqi/GRWOaVBH31bJ3kJ4Ntsjn9z3FCcy+JONsmr773W4T8ZEiq9FnCaTw93z0kzCrh5ISALiKjRchPhvfku+m1OMkX6occgv7z+Qp0ffuxCPnJIGe2ahk7n2pWhDz0QYUeOZDH9M1HYF3kJ8M7GQMFUTGBbNmu9/J+chSfzSMbJRYhPxmlnvE/+mB8jZHYTc/Eib75yCLkJ4MsNGNIz8jS2ObY7WhqNqSfi6Av+SnBn9Ez72Drhj4YEz4WYdXHRfQlyM8IWJb8jI1lyM/YWJb8jI1lyM/Y2AjkZ2wsS35WgWXIz9hYlvyMjXWTn7GxLPkZG8uQn7GxLPkZGxuB/IyNZcjPKrAM+Rkby5CfVWDd5GcVWIb8jI1lyM+qsAz5GRtBfkYAR4GFCtaZKa+jqbLY8Iqhc+S1a1bdJOgMXHKcp4PX0VQ1TRWrzNmjVLtm1U2lggO3iXIs8mN9vllCy2Vqz1x148RV8S0rUgGrXTNVs/TAXh4JTO3zKZrZDvvEVMNqn0/VFF8sBRiL/FhOoJpWe9YUTfEGqbTUovb5VA3pIVczcrXPp2gSQCSfH6l9PlWzll+yMBb5MXMjTpjxlZjVnrnqJiE2K4fUqeTXrpmiWVVwl7vcZZZLKDDVrll1M1tJzyylynuU1tGQA0TQrMtY5MfJsmZca8+bonkP+Yi+rCsfYbNmaiyVNEtXu2aqJle24sIMae3zKZo8WXFNPnVbwYYlP6oLlHxdTTJqvbHZBtW02jWrbmYkTP1bcyxBr10zRbP8wUZP67MZWO2aVTdOjpOxD2JM8qPKj9zVnrnqZjZLwqCKZblm7Zqpmg2OEhdLM2ufT9EQQYHVsrXa51M1SYsEbizyoxJuZq/2rCmafRI22trrV/t8qmYWW4BU0Kl9PkVTRDE74djX2udTNcU1s61jkh9+xGoBZLf2zFU3vsNhGfZ3IGG1a6ZoEjHkx6y6pWq1a1bd5DH0zMwAv1a7ZoqmaOrQmTHJj1N2LTNuPmuqxoblI5YCrisfURBXDLbXz1Lz2jVTNQVDe0DzUrV1NIVp/izIzwAwVut973jHO842l66rOR3ECT82PzovvnbNqhvSY5OzU4QEtto1UzSOxg/22chulqJ2zaqbqqbn22htT8tQ2G8k4Te+fjOq9sxVN3rlGEmytXG6ds1UzdIImz/333//6udTNHp2pzvdaXbiTu3zqRo5OKxhjCWACgY2xK9zfOkZuRrj2udTNYdi2GTsh4xrn0/RyGK33XabnZZX+3yqJr7w75YSj0F+7FsgWzbkUIzaM1fdnNzmEIi73vWusyV4tWumaA5KcLIXv+4wlto1q27iNT1DwoxJ7ZopmnjtND1ku+9+ljYgHYo4DqMw1rXnTdHYsJgpN1pXPkKv9thjj3TnO985PeABD6heM1X7qZ/6qZmurTNHFN8c1+7gmdsKNhz5wahtSssb/dbZNkIf8ubA2mdTNn3Ql9pnUzV9sL62zyk386A6am24Naob4b1qf5+ykcG65aBthH4YDzO+Kp1DYcmLZV4b4Z1ifL/dPH/dNqcPZsDsS7FsZCjMcuSNy7XnTdU2wvhq4VO/2/TBKhLLIYcAefIjpg76qT1nyraR/Fnt71O2jaBnxsNMmP3htxVsOPITCAQCgUAgEAgEAqtAkJ9AIBAIBAKBQCCwKRDkJxAIBAKBQCAQCGwKBPkJBAKBQCAQCAQCmwJBfgKBQCAQCAQCgcCmQJCfQCAQCAQCgUAgsCkQ5CcQCAQCgUAgEAhsCgT5CQQCgUAgEAgEApsCQX4CgUAgEAgEAoHApkCQn0AgEAgEAoFAILApEOQnEAgEAoFAIBAIbAoE+QkEAoFAIBAIBAKbAkF+AoFAIBAIBAKBwKZAkJ9AIBAIBAKBQCCwKRDkJxAIBAKBQCAQCGwKBPkJBAKBQCAQCAQCmwJBfgKBQCAQCAQCgcCmQJCfQCAQCAQCgUAgsCkQ5CcQCAQCgUAgEAhsCgT5CQQCgUAgEAgEApsCQX4CgUAgEAgEAoHApkCQn0AgEAgEAoFAILApEOQnEAgEAoFAIBAIbAoE+QkEAoFAIBAIBAKbAkF+AoFAIBAIBAKBwKZAkJ9AIBAIBAKBQCCwKRDkZ0Nie7rxiq+kL378/HTuBz+VvnpTSrdu3/lRIDAY29L1X78ofe7v3p3e8Y53fLu9813pr9/7wfSRT38lXXr1TTuuCARGwPYdjmvbt9KVF12QPnbu29PZb3xdeu2rXple8crXpNe+4a/SO879ePrcZdek624JBxdYENtvSWnrP6dPn/e36W/fmf3Yu9O7z3l/+uDfX5A+/eWvpatvvCViZ2AkbEs3XH1Z+tJHirj5nfbO9Dcf+Gj65OVb09ZtoXC3BQT52YjYfl266P2vSy952hPSYU9+dnr1Z29M1968fQclCgTGwC3pko+8Jb3i1w9Ojzj48enYLVvSluO3pOOPPyH92jP/IL3kLR9Kn7ni5pm+hc4FlsX2bTsSz+suTZ//0FvSq3//t9Ipxx+dnvT4I9MRhx+WDjv08HT4UU9Kxxz/e+n/nvPZ9IVvBt0OLIht16d043vTi7ccnn7xkCPSkU96Sjr22OPScceflH7tN34n/c7zXpRe87b3p4996es7SNDWnV8KBJbFrelrnz43vfHUg9JDH31UOuaXd8TME05IJ8zaSek3nvvi9PoLbk63bI2oeVtAkJ8NiG3f+mR65x8fnw6884+kO9ztAemRf/JP6avX3JLCpgLj4Ob0T+96UfrdR/1M+vEHPCk954w/Tn90xgvSaSc+Nj1893umez/4yek33/rVHRRJrSsQWALbt6Zbrr00XXLei9PTH/5z6T67PyQdtOVZ6Q9f+7b01+87P33o/e9Ob//zP0qnbTkhnf7mv08f+1poWmBBbLs2pW+9KZ28x0+n++9zeHr8rz4nvfB5z06n/eZJ6bhffHR64L1/Jt39fo9MRz/vjendn74ifSumgAKDcEu65MN/mf7woF3Tv7/HUekZLzwjnfmSl6SXzNrL0qve+Pb0vi/fmm6NmZ/bBIL8bEDcdOGr0hknHpX2+Nk906MO+O/pvx7wJ+mD//zNdEPYVGAU7CQ/j9k93eXIV6cv33BLunmHw95+y0XpnD85Ph26775p75PPTlfsuDJS0sBS2PqNdNkFb0zP2e/H04/tdlg67axPpH+65ta0ffsOPfuetiNZuHVb2hqVncCiKMjPw7e8Iv35R69JW3fq1bZbb0w3Xfye9KKj90z33W2fdPCpr0vvvTxmfwJDsJP8HHLX9B8femY675Kr07fEze/xZ99ugY2PID8bDtemf3jFU9OJTzw6HfnU56c3P/8xadfbH5Ce875/Tl+5PlLRwBjYSX4ee//0M0e9Jl10461ptuVi68Xpb198QjrygQ9MD/zNd6VrdvwpNC6wDG6+5MPp/DMfn+75E/dMh734w+mjl16fbq4SnJww7PzfQKAvvkN+7pwecfwr0+v//pvf8Vfbt29L22+5Pl35qdem5xy1f9rnF45NT3vtJ9MNOz8PBBbHTvLzuLul//QL/yd98NJroiB9G0aQnw2GbVe/L738qYemJxzzu+n0t38kffavn5sO2mXX9PDnnZs+/JXrUtSuAsPxXfJzl8Nfnj572UXpC5/+u/Q3r3t2+tXDH5Ee9thfTc991yXp1h1Xhm8PLI5b0uUfe3P602N2T7f72aPTSy+4Il1+U9DowMjoID8Z22+6OL3n9Cekx+73sPTIX39D+qS1vIHAUthJfh7739J/3O/56a0f+2z60iWXpksv3dH+5evpim/eMNO/iJm3DQT52TBgMtvSFec+N530uCPSMc/8s/Tey65OV3z+HenMA3ZJdzvg+enPPnxxuirYT2AwdpKfA382/fh+v5ye84zj0nFPPCQ9ar/7pz33Ozg94VmvT+deGllCYElsuz598b1/mn7vgLumH933Bemcy65N1wb3CYyNHuQnpZvSZ1739HTcQ/ZLez/+jPSu63f+ORBYGDvJz6Nvn/7dnR6YHvdLx6bjTjwxnbij/cpvn5H++C0XpOt2XBXk57aBID8bBdt3sJqtl6dzn31gOvixJ6VT/vS89OXrrktXXfyP6fzn75/u/t8OSE9/3UfShd8I9hMYip3k59F3TT+2z9HpmSdvSScc+8R05OMO3qF7R6VjnnFG+tNzvpCu3pFJxN7NwMLYkZR+7q9fmk59yF3Sjz74D9IHLr8uXR96FBgbvcjPLemLbzo1nfQL+6W9Dj89vVV2GggshUx+fmIH+dkvHVKQn5N+J8jPbQ1BfjYItm+9IW392tvSsx55z7T3w49Jx7/gz9JfvfWt6ew3vTq94fkHpXv92C5pv197ffqrC6+O3y0IDMS/3vNz081Xp8s+8970puf9Ujp0//3SA57w4nT+tdtnByEEAovhxnTR+1+dXrCDXP+X+5yc3vClq9OV4bQCY6MP+dl+XfqHl5+Ujn7wg9IDj31ZOu/mnX8PBBZG7Pn5t4QgPxsB27enrTdcla48+5fTw//7T6c73O4n0h1+cpe0yy7aT6Y73OEO6Sd+5D+kH/35k9Ppf3VhuioSicAgtBx4kLanGy54Q3rlSY9Mu+3+pHT6p2+NH58MLIGt6eoL35H+8qS90o/+133T095xUfrCNbfGLGJgXHSSH8q2I65+65PpL3/rMemA/Q9Kh73gb9Ll/3pqKBDoiSA//5YQ5GcjYPvN6YYrP5POevLd0n0f/Vvpj8/+WLr4iqvSVVdpV6Yrvn5p+vvff2Ta916/kH7x9LPTed8IDx4Ygjbysy1d8+FXphc9+cHpbrs/Of3RF4P8BJbB9nTrNZ9JF571jPTQ2/2XdJdHn5He9A//nK6OFbuBMTGX/NyULn7bb6VjH7R72vfw09KZ518VBDwwAEF+/i0hyM8GwPab/iVdeeFL0zF3/6n06N99W3rP564tftB0e9q29eZ0/Sf+MB2///3SQ554enrpB6+IU98CA7CT/DzmfunOh70sXXD5Fenyy7+SPnveG9OLn3Zwetj/2C/tfdxr0j9+a3u6JbKFwBLYvvVb6ZqLPpjeftoB6b532S3tc+gz0gtef1664JJrUnnw241XfSV9+atfS1+/+sadfwkEeqIgPw879qXplR+4LF3zja+nf7noU+kfPnB2+ov/fXw6Yr/d0z4HPy096y8+mi66LqJmYAh2kp9D7pr+0wP/V3rnJ7+cLr3iynTllbldla66+vp00/YdOdvObwQ2LoL8rB3b0o3/cmH6+EsOS/e486PSM8/+ZPrcNd/rpLdv27rDz388vXLLA9ODH/pL6aSXnZ8uC+sKLI1vk59nPuwn03/+6b3SgYcfkQ4/7ND0uIP/Z3rUow9LTzj5jPSq874626Qe3CewHLanrTdek6767N+kv3jh8enoxzwyPeIRB6bHHnlMOu6kp6dTTnl6Ovmk49OTj/7VdPqbP5o+8bXYjBFYEN8hP3dK99xtr7TPAYeno448Mh1x+KHp0MMOT0ce+fj0lFN+P73s7I+mT1123Y7UNRAYgp3k53/+ePrB2++eHnrQY9OhO2LnEUd8u/3icb+RTn3Vx9PXb9oa+7JvAwjys3ZsSzd946vpi+96SXreH5yVPnTxN9I3mwUqvwC47br0ufe8Or3iZa9Jb3jvZ9IVQX4CS+PWdMXnP5Te839/L/32b//2zvbM9HvP/d/pzFe8Jb3ro19KX7tp56WBwNIwa31Luu6rH0vnvvnl6f8879R0ylNPTFu2nDA7IemEE34l/dpv/mH68/O+kL4SZ2EHFsW2HU7q5gvS/3vR/0ovfGb2Y7+Tnnnas9NzTz8zveTPzk7nfOKSdPm1N0clPjACtqZrvnph+sCrnlXEze+2333hn6QXv/3z6ZpbthYrdwIbFUF+AoFAILBymAn6xmVfTp//1IXpE/94Ybrw8xenr117U7opMoVAIBAITIggP4FAIBAIBAKBQGBTIMhPIBAIBAKBQCAQ2BQI8hMIBAKBQCAQCAQ2BYL8BAKBQCAQCAQCgU2BID+BQCAQCAQCgUBgUyDITyAQCAQCgUAgENgUCPITCAQCgUAgEAgENgWC/AQCgUAgEAgEAoFNgSA/gUAgEAgEAoFAYFMgyE8gEAgEAoFAIBDYFAjyEwgEAoFAIBAIBDYFgvwEAoFAIBAIBAKBTYEgP4FAIBAIBAKBQGBTIMhPIBAIBAKBQCAQ2BQI8hMIBAKBQCAQCAQ2BYL8BAKBQCAQCAQCgU2AlP4/4SBGhaLYcycAAAAASUVORK5CYII=</file>
    </questiontext>
    <generalfeedback format="html">
      <text></text>
    </generalfeedback>
    <defaultgrade>1.0000000</defaultgrade>
    <penalty>0.3333333</penalty>
    <hidden>0</hidden>
    <idnumber></idnumber>
    <single>true</single>
    <shuffleanswers>true</shuffleanswers>
    <answernumbering>none</answernumbering>
    <showstandardinstruction>0</showstandardinstruction>
    <correctfeedback format="html">
      <text>Your answer is correct.</text>
    </correctfeedback>
    <partiallycorrectfeedback format="html">
      <text>Your answer is partially correct.</text>
    </partiallycorrectfeedback>
    <incorrectfeedback format="html">
      <text>Your answer is incorrect.</text>
    </incorrectfeedback>
    <shownumcorrect/>
    <answer fraction="0" format="html">
      <text><![CDATA[<p dir="ltr" style="text-align: left;">A</p>]]></text>
      <feedback format="html">
        <text></text>
      </feedback>
    </answer>
    <answer fraction="0" format="html">
      <text><![CDATA[<p dir="ltr" style="text-align: left;">B</p>]]></text>
      <feedback format="html">
        <text></text>
      </feedback>
    </answer>
    <answer fraction="0" format="html">
      <text><![CDATA[<p dir="ltr" style="text-align: left;">C</p>]]></text>
      <feedback format="html">
        <text></text>
      </feedback>
    </answer>
    <answer fraction="100" format="html">
      <text><![CDATA[<p dir="ltr" style="text-align: left;">D</p>]]></text>
      <feedback format="html">
        <text></text>
      </feedback>
    </answer>
    <answer fraction="0" format="html">
      <text><![CDATA[<p dir="ltr" style="text-align: left;">E</p>]]></text>
      <feedback format="html">
        <text></text>
      </feedback>
    </answer>
  </question>

<!-- question: 130274  -->
  <question type="multichoice">
    <name>
      <text>Question 22</text>
    </name>
    <questiontext format="html">
      <text><![CDATA[<p dir="ltr" style="text-align: left;"><span id="docs-internal-guid-7ba47c23-7fff-50a9-eaf7-ad96ccdd240b">The image on the left shows an unfolded cube or a folded cube. Which of the cubes or unfolded cubes on the right, folded or unfolded, can be made from the cube on the left.</span><strong> Select the correct answer from the available options.</strong><br></p><p dir="ltr" style="text-align: left;"><strong><img src="@@PLUGINFILE@@/22.png" alt="" role="presentation" class="img-fluid"><br></strong></p>]]></text>
<file name="22.png" path="/" encoding="base64">iVBORw0KGgoAAAANSUhEUgAAArwAAAFACAMAAABp3F+OAAAABGdBTUEAALGPC/xhBQAAAAFzUkdCAK7OHOkAAABFUExURf///5aWli8vL9vb23V1deDg4KioqB4eHra2tm1tbVRUVCMjI/Pz80JCQsbGxo6Ojurq6l5eXoGBgfr6+jk5OUtLS9LS0q3Dr+8AAAoRSURBVHja7dzRdppYGIBRROGogAqo7/+ok5g2tdMoEiCC7G/WmtWLlqBulfNz2iiSJEnSCFqu10vPgibZerNZexYErwSvBK/gleCV4JXgFbwSvBK8glcaazbmSJIkSZIkSZeMyjTZ3KQQvBK8EryCV4JXgleCV/BK8ErwCl5pzNmYI0mSJEmSJF0yKtNkc5NC8ErwSvAKXgleaVJ4d3Ho2KnfE+p8PlkCzTzwpvGu2wEWWej3jDofLhQ5NZPFezgcHv2tVdHxY2qT7UO7U7tUD4l3VVIzVbxJCOGxP5GXZbcPqfyUrVtpK35/tx/L3WB467LCZqJ4V49ehyZFxxc5ieNl9D28b+2HwhvlccrNJPHm2buMB65kd11f4l12ubpsiTfd7Xbr/fbmOfaANwpdr+TVT2035uxDWITQfNnXw1KtbK2tCOHXRfbm1kdvL3iz2MhhgtVxOEZlCE3g+1iqRR3wLgbFG7KjkcP0SkNYROsQVj+wVOuCtxz0siGEbMvC5CpCll/+f7i/VKt7WKp9C2+6Xq/TqgihrIfEG7IVDFNb3n185t78Uu51qfYtvL8r6mhQvCFb4DCtfl3t5nGI68GXap3whvIwLN6QGTlMqnMIp/y9VQjpzaVax79W9LlU+xbeyw/Pz6tbw+j+8Pa3yyF0bqYeW43KNlfPV3FjqbbtbanWZcEWbf/8cii8Ie5p5BCefoCpXsW2uElxyK7f7esvl2qr/pZqnfDe+m7oE284wjsZvFUI1e6jRQhfDYuyzl+A/+zZ+h7e/HhjVtYr3lDBOxG8eRze52RR/cvJ+bFnsdWVWuj0whQhLNbvs7L98daXer94ixTeaeBdXN+bWISwGSPez+JzNDzepJddDvAOj/d4fVc4j0OWjBVvdtwu8ugH8Ea7GN5pXPN+71n8Qbw/BOX6EQR44YUXXnjhhRdeeOGFF1544YUXXnhfpX7/cWl44Z1s8MILL7zwwguv4IUXXnjhhRdeeI3K4J1sblLACy+88MILL7zwwgsvvPDCCy+88MILL7zwwgsvvPDCCy+88MILL7xjzsYceAUvvPDCCy+88ApeeOGFF1544YX3klEZvJPNTQp44YUXXnjhhRdeeOGFF1544YUXXnjhhRdeeOGFF1544X0lvDm88E4Ub1JU/T7eOHQtgXcsjXtjzi5O+37AZcd3QxHn8L5kPeNN413vp5gX3d4PeXyCF95GvFWRDHCOScd3xDKDF94GvHlZ5oOc5C7u9p5YwwvvfbxJUdUDnWVaNL8rkjsruwxeeO8dYICl2tX1SPmA8PCAXnjh/fcAQyzVWo4cygfGZvA+tXGOyoZZqrUbOeQxvCNvjDcpBluqtRs5rOGFty3eAZdq7UYOK3jhbYd30KVaq5FDfoQX3jZ4B16qtRo5nLOfwfsCwRtFYeil2p/qB0YO+5l88k70s39seAdfqrUaOdQneGeDt/OGw/gnH3v3XQ4beF8H78TqvMshW8AL75N6ZJfD3WviDF54n1XV9TrnBC+8cw5eeOGdG95+N+YIXsELr+CFV/DCK3gFL7yC16hM8P50blLAC6/ghRdeeOF9HbzP/ytqe3gFL7zwwgsvvPAKXnjhhRdeeOEVvPAK3t6zMQfeyeIVvPAKXsELr+CFV/DCK3iNyuCF95KbFPDCK3jhhRdeeOGFV/DCK3jhhRdeeOGFV/DCC+9sDwAvvPAK3kngtTEHXv+sv+AVvPAKXngFL7yCV/DCe8moDF43KQQvvPDCCy+88LYqXXWsquGF9zl4s2yfdmpzOsAL71PwhmN27naExfEML7xPwVtvs7hpW351/4ziNbzwDoO3Tna7/M6DqEKj3s3dC9vlcf+9x1IfPqrhhferkupC87hJbj6I0Kz3/oXtYbv5lr/178PHZZpPCa9C+AG8afYJJL2NN2RNp3q8e1uv/t6ybX39A3YPvRWzrs957MLleQdohzd9h1ku1tU2hOx8G2/ImlTEu/6XbW94T4t0sVgVIYSQNv+BvAitPghH830Jb3u85yyE7ccXcvr1suo33ma9Wdr7su0N7+bXhcfpxpvr78oVvFPG22pjTvlpN4rq6C7eBy587y/LvrFs+4M3yrchlE2/vypreOey4ktCCEnzOXx+tnYbOrRftl3hfT/XrOFc0yKP4J0L3jccx6gF3ka927zXZds13ugYwv0Lj12cRPDOBm96jaMZb4gb9RZJn8u2v/BuQra4+zVyWTLCOxe8i5Z4wzZLu/3Edsu2/+G9O2/IizSCd0Z4d81jzb/xRlVWdfuR5zbLtr/wxvcvG8oqgndOeA9ZCMtWeKM0O247dWoeGnyJdxlCdrg7aIB3XqOyzdWN3cNDeKNzWHQsfAfvobh7ifM+aIB38nhb3aRYZiEUH2r3WfoQ3p98WH/wno8hxMv7gwZ454X3Y/dAUS02bzjCeYR4i321r8o4hJCtGwYN8M4Mb7SO729OeDbeP0O4c9OgAd654Y3yRRFCyLbVg9e8z8Abn1a75kEDvLPD++53uXx42jDCIUpVRvDOFm/TOYwb7+egAV54J4b3z6ABXngnhvd/60x44Z0O3hDBCy+88MILL7zwwjs3vD3/49LwwjuCVxleeOGFF1544YUXXnjhhRdeeOGF16gM3nnhdZMCXnjhhRfep+Od3EID3v6ehTSGF96J4o2S0zTwVvDC+8851Psp4F2FKIIX3n/OYXccO956E+CF98tzyMtx460/zg9eeL86hzQbMd58GwK88N48h2UxWryHU4AX3nvnUI8V76EI8MLbfA4jxJscA7yvgHeAjTljx3u+uokC75TxDv4sjA9vHOCFd6J4A7zwwgsvvPDCCy+88MIL7yQOMMNRGbyvgneGNynghRdeeOGFF1544YUXXnjhhRdeeOGFF1544b1dsYcX3oniPWw3NbzwThJvVG9OB3jhnSTeKFocz/DC+xMH6HljzuX9EK/hhXeiz+PyuId3Wnif32iei+tl26jxJp2f8yzSi3W1bBsz3jwuuh2tKr3WL9jnsm3MeE9x3ulgaZF7pV+x38u2EeONs25r1V2ceJ1fs1/LtvHizbJuQ8Ik3nmVn0us/1HZ38u20eLNQhYal2OL20fKixSfJ3+7936T4n/LtvHifcDuvaemrOh5YbyXZdtY8T5g9+9bhQYNM8MbreOR4o2bR7hFYtAwa7zRMqw6NgjeB+yWuUHDzPFGSecGwPuA3VVt0DB7vCPrgvcBu4t7BzFogPdZeDuOGQwa4B0x3oaLgqqswYH3KXizTmMGgwZ4n4d3Y0cDvBPFu7CjAd6p4s32nf68QcOIGnBjzig7df2rEwYNkiRJkiRJr9rcRmV6oeZ2k0LwSvBK8ApeCV4JXglewSvBK8EreKVpZWOOJEmSJEmSdMmoTJPNTQrBK8ErwSt4JXgleCV4Ba8ErwSv4JXGnI05kiRJz+8/tvZ6vTEW4goAAAAASUVORK5CYII=</file>
    </questiontext>
    <generalfeedback format="html">
      <text></text>
    </generalfeedback>
    <defaultgrade>1.0000000</defaultgrade>
    <penalty>0.3333333</penalty>
    <hidden>0</hidden>
    <idnumber></idnumber>
    <single>true</single>
    <shuffleanswers>true</shuffleanswers>
    <answernumbering>none</answernumbering>
    <showstandardinstruction>0</showstandardinstruction>
    <correctfeedback format="html">
      <text>Your answer is correct.</text>
    </correctfeedback>
    <partiallycorrectfeedback format="html">
      <text>Your answer is partially correct.</text>
    </partiallycorrectfeedback>
    <incorrectfeedback format="html">
      <text>Your answer is incorrect.</text>
    </incorrectfeedback>
    <shownumcorrect/>
    <answer fraction="0" format="html">
      <text><![CDATA[<p dir="ltr" style="text-align: left;">A</p>]]></text>
      <feedback format="html">
        <text></text>
      </feedback>
    </answer>
    <answer fraction="100" format="html">
      <text><![CDATA[<p dir="ltr" style="text-align: left;">B</p>]]></text>
      <feedback format="html">
        <text></text>
      </feedback>
    </answer>
    <answer fraction="0" format="html">
      <text><![CDATA[<p dir="ltr" style="text-align: left;">C</p>]]></text>
      <feedback format="html">
        <text></text>
      </feedback>
    </answer>
    <answer fraction="0" format="html">
      <text><![CDATA[<p dir="ltr" style="text-align: left;">D</p>]]></text>
      <feedback format="html">
        <text></text>
      </feedback>
    </answer>
  </question>

<!-- question: 130275  -->
  <question type="multichoice">
    <name>
      <text>Question 23</text>
    </name>
    <questiontext format="html">
      <text><![CDATA[<p dir="ltr" style="text-align: left;"><span id="docs-internal-guid-7ba47c23-7fff-50a9-eaf7-ad96ccdd240b">The image on the left shows an unfolded cube or a folded cube. Which of the cubes or unfolded cubes on the right, folded or unfolded, can be made from the cube on the left.</span><strong> Select the correct answer from the available options.</strong><br></p><p dir="ltr" style="text-align: left;"><strong><img src="@@PLUGINFILE@@/23.png" alt="" role="presentation" class="img-fluid"><br></strong></p>]]></text>
<file name="23.png" path="/" encoding="base64">iVBORw0KGgoAAAANSUhEUgAAArwAAAFACAAAAAB7afBgAAAABGdBTUEAALGPC/xhBQAAAAFzUkdCAK7OHOkAABYOSURBVHja7d0ts+o6FAbg80uWiKytrKtGYpAoFIaZbZD1SGw9FoFC1iCrmUEgKzuDqUiOKB9pSdqUfkLfdc29c85NC312d7KykvwTCMSXxj98BQjgRSCA96fifDic8S0A71fGYbk84FsAXuBFAC/wAi8CeIEXeBHAC7zAiwBe4EUAL/ACLwJ4gRd4EcALvMCLAN6hBgpzgBeBAF4E8CIQwItAAC8CeBEI4EUIIZAqA94vDkxSAC/wIoAXeIEXAbzAC7wI4AVe4EUAL/AigBd4gRcBvMALvAjgBV7gRQDvkAOFOcCLQAAvAngRCOBFIIAXAbwIBPAihBBIlQHvFwcmKYAXeBHAC7zAiwBe4AVeBPACL/AivgrvyaaaMWn2hqy698OuwDsKvHxnB/Va2DJq9pZqN0fuDXi/Fm8URdzQrude5P9xI7+G5yeDBpZsQ9VuLYqiKEraxLuec+D9UrwXItob/c14PoulDsSCSb97l6FBAzeXHSppcx/t29ofjfp4k5kHvF+Kd23aD7266+cr6rZz5W7j2qjfeLWts/gMLxFt2sIrYncHvF+JN2JERAa/8k+2/3xZe/IwyfIioysFzI1FZbz70+l03Ey199gAXnGxT8A7hKhamLMl2hLNS/+eNFTzKozlredLzWdp37Ii3nsne6F79TaBVwT2FXi/LxKbHD4jOlcYqt1WxnbdZ7tLtqmu7YXXbxWv8N0YeL8udkRbcSRaF4+0MkM1IXbMzO7qkYW6TdhB1ME7JwpaxCvMUg7AO6hwicVCOMSi4qFaLll1loZSzr70uadDtY/w+ofDYb92iWZJm3jNUg7AO6S4v3O1v5TzQ7XXu3gpdw4ORkO1j/A+r5GINvGapRyAd0hx7+3GFtmJwVBN23WYHAsu8hiq1cJLs6gq3nCznLmW5c6Wm7AUr1HKAXgHFCHRJI7jOP4j2hkM1bRdB6Kpdt74OVT7CO+Zc87j8E+XjNY1F6wzVRj2OijBa5JyMMRLtWOkHiulyuS0gctNhmoya6NLSEO1OgM2MSW6muMNp+8gpmExXr4rTTmY4m2oKzO6qDJJEWWSBkejoVrFkIdqtfCuNb8bVM1dF+r32eJa2AAvTTkA73DwekRekIZPNFX8DVb7F+Db2+wzvLGjyZUpmgu0ZZJWUNgAL0s5AO9g8N4sYrHg6T8OUdjGY+CiHl5/v9/vdxuHyI7NnrNf8BPH/MIGylIOwDsYvD7Rn/wfi04ew6fZBis0u0DJ5LVX2EBJygF4h4KXO/KscGyp1hQMBC9zpn5sdgG/rB/jFzYQ2MD7HX3e8oxBz3irXyAo7aWzoLABAt5vwSt+DO/VYEmbdQVe4B0g3oVJAmQxPLyhHwHvyPGGZum7cGB4oxXRDHhHjndqhnc6KLyJbxGRDbzjxhuYzpwEA8IbpCkV4B053rUp3vVg8KYz2Q7wCiGa3lz6u/Aa7+ZjDwRvsmFEZPlX4G0hyr7F/X44eHloXnERDgLvwSEiWkUiAt7u8frvE1Y9vnk35ng3A8B7nhERTUIhgLcHvJFFZEWDwbs0x7vsHW/sMSKy00Ig4O0e74qIaDUYvDNzvLO+8e5sImLevWADeDvHGypS/n3idStUGfeLN5wQEc2eI2vg7RzvhGixKNnorEu8FbbqtfrEG/0RETlSRhN478OAzlJlOyJ2vTLt0k3gVUY6ocY28vIq4L2nX7qapIhtoo0QG90SB3QblJFOqOVW0wFvx3g9IicRInEUqxMwYNNEOqHm5pfSAW+3eM+M6CCEEAcidh4E3sGnyh4Tam8LsoG3W7yz5+trlqvn6w3v0CcpnhNqAnh7xSu9b5/v4L7xDnt6WJpQA94+8fJMT/fe++0d75ALczITasDb65s3k2O45x36xzvcksjshBrw9ok3l93d6Y/iQzG6eJ9QA94+8ebn1SbKHUs6xzvMZUDRKj+hBrw94g3yFQ0hme+63yJePsQFmIoJNeDtD2/iyvtECSGE+NNtXT76pe977faUwNsHXv+9ijeyNGXpo990BHgrRPuFOUqovqYsHds9odvQV6i+xZWqi5C46rL0rvHW3WgPA7afxqsZnAVkuMFvy3jrbXGKVNlv49WlxdRl6d3jrbO5tMAkxU/j1U5IqMvSe8D7+bb+7eHF9PAQ8BZMBSvL0vvA++mBKm3iRWHOAPAWFOEoy9J7wfvZUVYt432URP6hJFIb7abKCssfVWXpPeHlqkMEec94UYxeFu1OUhQWnqv+tCe86eu30vGtHeDFMqA+8RYv+VG9l/vEy5X/2iteLMDsDW/JYktVj7hPvB81gKXvP4q3ZJm7KhcBvIrh2QqbjnSOt2yDEaHIAgOvsjeO7Z66xlu2tZMQ7/NvwKv5KcdGe53iDco21RPivfIBeHU9LGxx2iFeXd1YLnI1Z8CrDWwu3R1ev3Qj6fQlkq32Bd6iZ4Vt/bvBq10rkY8scuAtChyo0g3eFZFzjQzi6sjdi/fKHuCVA0dZdYC3wlZKmfW5+cdwdb1mP69FdePaJ14cIpgZBrRTmONXA+FrHsPJ9hv+vHxW76eBu/atV7w4vrWteH6L0cyuELNI/Rh2dtD4LcZu0cRJfPK9xcSxLcYs25ksPP+UnSPksTXpFy8Ozm4bbxMNcM+9tHCPF/ukeaWdPOVm6e7fTi4sOLNlz3iFCP0IeIeMN57P4lZuMrBVKyTibcGmkfZWupUD8/vG225GBnjrNnB110lLd+m77z8V+3QkxyYrf3+6RrckuUXX037lPJazSQfPbqS9HIAXeN8aaH6oJsV6ni/Y9YiIbO8o/7zwYHXPTbDcIvj5q5oIeIE330AbQ7WClMOeiJx95k0fevduxMSPkr1DRHtVygF4e4zuzmGr0EBLQzV9ymFKtMwMyjb37oK7Sd+xyVLe6ZTH1oQDb+/R2VFWFRpobaimTTlYRK/he7Sd3Idp3qsqLsqcJPhKOQAv8MoNtDhU06UcXm/eeHdfBW/9BVLHOPvmFUIc2BZ4gTffQKtDNU3K4d7nTfbzdO8ntjjIPz/5Pq+UcgBe4H010O5QTZdy8IiIrLvc2U6eAU6O6dAtP62cphwawYsg+gW8bQ/VdCmHw6Nix57vpDyvv5qwtzyvnHL4jTfvlzYwNLytD9V0KQfzGbZXysHlwPs7eGsXHFq8wy5TLuWQBEt1bYN3Ug8gz2wJvL+D98vivcqhtKpM5FIOwAu8PYWqyqFKbBjwAm9f4dXt50yAF3h/MoAXeIEXDahHzI0W5iCAt6cGEIPEe3T3nzfw0Y7ZmUjOwd7398E5+ewOouf44Ay8I8Mbr4hoEX3UgOKsgop3EO3mz9y9Nd9FwAu85g/umPKzD9Ub+PyUmGcL8/z/Pw+BF3jNHlz893zyy7haA3XO50rjskz/D2e29Lzl7F6ev7wAL/AaPLhA/q1vH6s0UOtkRCHE/WRQNvef2K/+nKlPBQVe4M3FbZ1jt4qNG6h3Jq0QIlkTES1yr9nLgohIsVagH7xIlQ0Vb+C8F7cdDRuoeRq4EPFUc/xmOCGiaTwMvJikGCbet9duGn+xSQO+8d5wmgaSKRGtlLmxZEVE0wR4gVf34E6OrrI4KG8gYGV4WVB8B2sioj/N7fqMaA28wKt+cLeiX/vrW0kDV4Oqaqtwo9b7m1ujl/vv727gBd77a9cthOcExQ0sTKrhFgUNXBjR6q/g3bsiYhfgBd78g+NJeZlm/uWb2VvTcF/vUE9nSTRJRIHeZEK0BF7gfXtwroG8okNvp2Z4p9oGwjvtAr1hsX7gHSteI3o3bQOBaRm99vi7+aNTUaB3QTQHXuBtGO/aFO9a00D06tDq9V6YvEEW8AJvI3htU7y2ugG+k16qWr18nj1XGniBtz7eCscwheo7mMt5MK1eP9tvAF7gfcO7ev0bM8K7Mce7UTaQWJnTunR6r0SW9thdeRaba/AGCfD+NF7nJD350DXBuzTHu1Q2cCZy5LZ1ep0MxtxHkEuIlHhv64Kej3GgMGe4eL1b5sknHivHOzPHO1M2EOSOydLpnWXyFfmPIM1iq/CeHGoCL2KoeJ3T25N/vXy1T941x+sqG9jn5x80epeZPV/fP8JzIuUdbzr7Dby/izd9+Nkn/5p90z75CrvFWaoGuP9eManU62XqGxQf4TGL/Yb3XnQEvL+K9+MnXxev2CrKfVV6S/Gqf/5E4qWHKwHvr+L9+/h3bgvdBrXesm7D5z0fxDfjrTPaaX7AptFbPGCrM+ZEfDHeWnmmxlNlOr2FqbJa2T6kyr4Xb2adWuUMf9OTFDq9hZMU9eZZzAOTFEPDKwevOrfKG54e1uotnB6uWZ4BvD+B94PCgLqFOWKXq3ZU6y0szAFe4P0Ib92SSB69rfFR6C0uiQRe4P0Ib4PF6AV6i4vRgRd4P8Lb3DKgAr0ly4DqrmQC3rHibWoBZoHesgWYNdeQAu9o8Ta09F0U6C1f+l5z9T7wjhVvM5uO+AV6KZtqEI3vmwK8Y8XbzHZPrFCvwXZPtXasAt6x4h3IRnuavQJXsQBe4NU3UHeLU97MFqd1dmkF3rHirb25NG9mc+k6+2MbBApzfhLvULb15zVOJkCMFe9gDlSpcSYMYqx4B3OUlXQaFwde4DVrgKsOEeTV7qCBQwTrnYOIGCfe9OVZ7/hWXv/4ViE4r3UCLeJL8dZugCv/teodcM77+wiIseL96QaQKgPer20AkxTAC7wI4AVe4AXeAeC9MqoZVuP3FOxqxiEB3hHgvbkDTKAwtq2HdzmJgPfn8fL5eoB4ybFO9VrY2iHw/jpeb5YMEW8yYzv1H50z666mga6Jo70H3i/Fm1yCIC7/azs37vgj8SRKo2Qe02Nr5Q3LPfTJseA6Z2cDvN+I9+rZRETO4lL89072pfOPtH9WoMx2t4IWd+xtGYu4ydsrusVfCY+mi6RJvAjqAu/uVWO0KzRuB6I/vLpVfo8WQ8uO9F0GZ89Lf/usjIZt/8RY4hvevD4RWbPt3psSsYJxS+z6ohe8E9/3/ZWrWJydaTFyrFDbZSiI1a3SsA14B4Q3ZETT2/0VfChMNIh+8C6FEFyIaKL74bq3mEylYdttZb4V/rnKsA14222gUmHO/GlXiKQ40dAjXnFf/TovbFEatnlVpk2e5g2GbcDbY14p35ElootJx9iNRb94Bb+SeoNvkroKz2HbxZOXK1qeSX+W82i6TID3W/AeszsSFyYaesYrhE10LG4xtJyn0ttOTvKy9dXkeqXDNuAdDl5fv//aW6Khd7wr9XZbcovZYdtpIY3a2NJoGq1k2Aa8g8K7KP1LsbsTQ8C7KMebHbYJEW3k9Ypzk2nkg30A3p/pNjwSDfo74kl2+8tjX92G3LDtswiLhm3AOxy8EStexJomGnjZHWUH96t23rxnIhYZtLhjzrRWuKoz94C3kwYqpcoWRO5DhHKowp+JBv0dnbIbr8Wt4I1cTRfnrcWQtjWDgPcbJinO1kMv3yi3rHolGrR3dHO1x3o0hpeHDpF1Nmuxxe8deAeEl++JiNz1duWoD93IVRRQaadh3fCAzd1sNt7MIiJ2FMALvJkxm11lf2sq6zQ4t4bxvuZxjTfVAt6x4BXR1iUia6qehSrFe3MqdBo+xWtP/gIugBd4Fb3W88WQxvsdrat0GlpZSQG8o8ZrfgtvdxRU6jQAL/AOB2+u03ASwAu834J3XXysR4d4eXyIgRd4zfFW7TS0+eadPg/fBV7gLccb2xU7DS3ijYgoBl7gNcX7l61piLTRAd7gtdc48AJvKd7jB6ugW8Prv8rZgPdr8Ta7uXQB3lynoWe8f6/lxcD7tXhb/Qzyf65oSHgnRLQpv0b2t4WbAO8o8R5pUHitVyVx4TVWBsk94P11vO6g8F6J6FFEXnyEmEGGBHh/He9+UHiPRESuyTWyuWn3Brxj7PMuhoR3K227XnwNXj4rCLw/jzcaUrYh3RIyNrlGeT0G8P58qkwcBoTXJWKPpSBl1yid1AbeEcywLbMzbGdttI43YUTTxyxF6TXKapCB9/fx8uzInYVdfCfqFs9Ezt9jlqL0GmWrP4B3BG9ebpTy7wLvnmi+ecxSlF+jZN0d8I6injeT8mf91fNuiDa7xyyFwTWKVzwD7yjwVu44tIR3TrQPHrMUBtco7jgA7zjWsFXtOLSE1yE6n4kc42sU7vIDvOPAm6vp9frBeyNiyY2I5a+hLzHO1jj8Ae8Y8VZcTdEO3pDIFcIiinLXMM5EH4F3hHgrrmNrB++OaCmEe5+l+ASvHQPvCPHySiuI28HrEW2FmN9foJ/gzWzMCrxjwVtt74Z28M6IjkKs71unf4RX7jgA72jwVuo4tIPXJroKsb2/9z/D6wJv/3i7K8x5RoX9ylrBGxFZ/NHz/RTvHnj7x9vqZ1DfUYWdIlvBeyKapL8Bph/jXaDPO068IrnJkXSN108TtZf7LMVH2YYIeEeKt8+PRM+R2mOW4hO8BwG8wNsH3um9nsxOZymka+hLjLMzbEsBvMDbC94lEXlciEk6S2FyjZChtgF4h4A3nhLRIhHz9Ne/wTWKjz0E3hGlyvrGy5MFEU2ie9+3cj3vSgDvMPB2P0nRO967RmeVzlKUX6Ow0wC8wNstXuGz58ir7BqlZyUDL/B2ilccLaJ0lqL0Gl5BLS/wAm/3eEVoUzpLUXaN0rOSgRd4O8Yrrm6641O1HXMCAbzA2zteEc9pVX6N8rOSgRd4O8crRFx+DYOzkoEXeHvAy0uvYVIBB7y/iPdKdcNq/Ft2NpW+NpPaY+D9Qbw32+W1WvNmvPFvOZouEvOvzWjVB/D+IN6JFddqbOfGLXzNyWoSGX9tRpXHwPt7eJesXtHEyb6080Vv7dD0a+P1vnfgbbeB1gpzfFbwQxFMM4sZVXdwtYO2vumjve/mewfeHofmNW4hYJtiQBN5y73d25/Hrt/aXfKzPGwD3iYefO0YEN4rm5d2WOR6l2VuLMTn6xZvk8vDNuBFZJ6jUaKB7x1t16GNRINm2Aa8CPk5cinRcDM8tzXTdWgn0aAetgEvQn6OUqLhbH705erWeqJBNWwDXoT0HKVEw86q0Gf32k80ZBIt6bANeL82WkiVlSUaHhF5smzLu3SQaMjewHSRAO8XR/OTFAaJBiGEuK7llWHu7tZNouF92Aa8wPt4jmYVDeFSossWp0yiIenu42/tEHiB9/4cuWtQ0XCaywtrNplagw4SDdlhG/AC7/05flDRkHlRd5JokC9+pr+aAbw/gnfL6rXWUaJB1nu91Iwr8P4GXsNEgy46SzR0E8D7TXgndcszPAG8iH7wIoAXeIEXAbzAC7wI4AVe4EU0Fs0W5iCAFwG8CATwIhDAiwBeBAJ4EQjg/dpAqgx4vzYwSQG8wIsAXuAFXgTwAi/wIoAXeIEXAbzAiwBe4AVeBPACL/AigBd4gRcBvEMOFOYALwIBvAjgRSCAF4EAXgTwIhDAixBCIFUGvF8cmKQAXuBFAC/wAi8CeIEXeBHAC7zAiwBe4EUAL/ACLwJ4gRd4EcALvMCLAN4hBwpzgBeBAF4E8CIQ/cd/d4+LzPqVLq8AAAAASUVORK5CYII=</file>
    </questiontext>
    <generalfeedback format="html">
      <text></text>
    </generalfeedback>
    <defaultgrade>1.0000000</defaultgrade>
    <penalty>0.3333333</penalty>
    <hidden>0</hidden>
    <idnumber></idnumber>
    <single>true</single>
    <shuffleanswers>true</shuffleanswers>
    <answernumbering>none</answernumbering>
    <showstandardinstruction>0</showstandardinstruction>
    <correctfeedback format="html">
      <text>Your answer is correct.</text>
    </correctfeedback>
    <partiallycorrectfeedback format="html">
      <text>Your answer is partially correct.</text>
    </partiallycorrectfeedback>
    <incorrectfeedback format="html">
      <text>Your answer is incorrect.</text>
    </incorrectfeedback>
    <shownumcorrect/>
    <answer fraction="0" format="html">
      <text><![CDATA[<p dir="ltr" style="text-align: left;">A</p>]]></text>
      <feedback format="html">
        <text></text>
      </feedback>
    </answer>
    <answer fraction="0" format="html">
      <text><![CDATA[<p dir="ltr" style="text-align: left;">B</p>]]></text>
      <feedback format="html">
        <text></text>
      </feedback>
    </answer>
    <answer fraction="100" format="html">
      <text><![CDATA[<p dir="ltr" style="text-align: left;">C</p>]]></text>
      <feedback format="html">
        <text></text>
      </feedback>
    </answer>
    <answer fraction="0" format="html">
      <text><![CDATA[<p dir="ltr" style="text-align: left;">D</p>]]></text>
      <feedback format="html">
        <text></text>
      </feedback>
    </answer>
  </question>

<!-- question: 130276  -->
  <question type="multichoice">
    <name>
      <text>Question 24</text>
    </name>
    <questiontext format="html">
      <text><![CDATA[<p dir="ltr" style="text-align: left;"><span id="docs-internal-guid-7ba47c23-7fff-50a9-eaf7-ad96ccdd240b">The image on the left shows an unfolded cube or a folded cube. Which of the cubes or unfolded cubes on the right, folded or unfolded, can be made from the cube on the left.</span><strong> Select the correct answer from the available options.</strong><br></p><p dir="ltr" style="text-align: left;"><strong><img src="@@PLUGINFILE@@/24.png" alt="" role="presentation" class="img-fluid"><br></strong></p>]]></text>
<file name="24.png" path="/" encoding="base64">iVBORw0KGgoAAAANSUhEUgAAArwAAAFACAAAAAB7afBgAAAABGdBTUEAALGPC/xhBQAAAAFzUkdCAK7OHOkAAA2jSURBVHja7d0ruqNKFIbhM5Kl4tBMIBOIyxC2i8KikRuNj46MwTOAaEaAwmAwdURINpCkCbdQi3y/6OfpTjfnFLybrLpQ/GcIUZr/OAUEvISAd1DS8znlaoJXZc6Hw5mrCV7wDksoHQnXRaezvZ0Brz14w3Gfq8Pb1d4unOAFL3jBC17wghe84F0Ib5Zl34I3q1KCdx14UxE5fQne7a3X7/4k4F0BXl9EdqPwvh4Z2tuKV0SCOfB2DBqCd1q8+UZEJPkavKckSeLf/aA2g9cyvKFIKPLzNXirKfUfkV/wKsdbuuKa/f2afg3e45C6AbxTZZqFOUeRyMQi/vfdeSkbtGcrm9yYrWyyL8F7jOP45G9F9iV4dae650ZDKkDdow3b0oBXd6pqt3DEKb8Lr+wz8KrORWSX53meeyLHL6p5i4s3ZHAbvDblUDu926/qsJm9SAZexck29fMbfxVef8B3DXinygRDZYGIn1wTDZGmGG/uDhgrA+9UGT9JUTiyyY0xZXVdL9+ANzqdT6dj4Iq4OXj14o1EvPpvfr4B7z1O759V8FqE163fbAun/xyxWryb7T7KDXgV4x0ddXinaS94wQte8IIXvOAFL3i/D2/4Knvv2/C+PBUJeO3EO/jz9eHtOAB4wQte8IIXvOAFL3j7xYLNpcELXluTyOxJVJ0Qj/159dxofkf+hdEHsO2E7MN/Zj/7Nw14wau2TALv/HjLwHWDErzgVYg3uO5kB17w6sPrioi44AXvi8w/VNaiVYa7C3jBO0Xmn6Ro0kp3IpuwpGwArzq80fUx+V1Khw28uvCmu9sw+yZ83x54wbs83qi+O8nfzRe84LUdb7pvznFuIvCCVwnezat3CoMXvLbjfVxfEoAXvJrwuvdfXuCthhjAC17b8HqZiIifuC/xBg9vNwMveC3A68amEBHxTeG9wltNq4EXvFbh9XJzw2tM7IIXvFrwurExNbwm9ygbwDsqn1uYc91P8Q/v7U/osIHX3mvVoFXH+6Y98IIXvOAFL3jBC17wghe84AXvcngfhxjAC97OfPoZtud4Hwd3wQveznz6GbbneB+n1cALXuvwPv8L4AWvWryUDeBVi5cOG3jV4p33AOAFL3gnOiFscaoGL5tLt9K5ubQHXlvwKvgapWwAL3jBC17wghe84AUveOdsb3oB77DwHraF21uGm/Z+xeDla1RFe6+7vjb3KwYveDW097br633LTPCCV0d7/zbbbuxXDF7wWt/exmbbtf2KwQtey9ub7drTwrsMvOBV0d7k1RoN8L4bhsrAqzZMUiyL1/VFRHwXvODVhtcrYhGRuPDAC15VeN3YmCteY2IXvODVg9fLzR9ek3vgBa8SvJfYmDpeY+ILeMGrAm+VGt6PtRe84AUveMELXvCCF7zgBS94wQte8IIXvM/CwhzwEvAOa28ahmGYghe8tBe84AUvAS94wUt7wWtllt+vdmqc/86W/Xknig1DZYvvFD5tpAOvsDP6RGGSYnq8nbgpG8C7NrzVO5HAC159eKu30YEXvPrwVu8BBS94wQte8FI2gBe8dNjAu1q8H2sveMELXvCCF7zgBS94wQteHeEZtoXxVkMM4NWZ78ZbDe6CF7z68FbTanrxps1cAr8jx9a/yMAL3kXwFlF4rufYudRedo1/cDp44KVsWAJvFpwav0/cTrt+o8DPfO8AXjpsC+BN/aTx+6iTrtPEfvGCArxq8S7R3qnwJn5jpKr46bS7bQ5txYfImOF4GSoD79CcgkZfK+0ud3+KxgGOh7MZg5dJCvAO7apFDYpnp4tu/dX2xpgyOFwMeMH7ebztrlrQedt1m/Vx5nuZuVzAC95P42111fJ9p919czw39YLClK5bglcZ3schBmV4W121S/cIWWAeu2rmJHICrzK8wZPLqQlvq6t23HSOkMXmSVfN+CI+eJXhfZxW04S3jMJGV83vnlRLn3bVzE5kB17wfg5vu6tmjl27s0XNCin3verG7Yq44KVs+Bje9qxa/wN4we3G7Yg44KXD9im8ra5a/1y7atWpEBHwKsO7cHtH4D0ewuOo/Na9reDOyxanerY4PRxHpuqqraXmTbrq/UQX3q7meIu3dwzesf/txgFGjjZYsDCHfDrW4B05zkvAuxzekTNsBLzL4S0cpwAvUYnXJIkBL9GJd5JDEvCCl4D3Y3gZKgOvWrwWTFIQ8IKXgJeAF7wEvOAlluMtm/uNxOAlavA2N23wuPMSNXiT5uYiOXiJFrxFs2hI3jvA5QJesjje5qPv/nsHKF23BC9ZGG+raCjeO8BJ5AResizeXkXD3wH8+z0avGQpvL2Khr8D7ER2Y/GyMAe8o/A2i4Zt8e4B3PuWQSyJJMvgLdxeRcPfARwRB7xkSbw9i4a/A4iIgJcsiLdv0cCdl9iCN28UDZukxwGoecmyeL3mmobsZeYZbSDgHYw3lnfzeIApxnkZKgPvULy5OwIvM2xkSbwHGYG3cJwCvGQhvO8XDc/wmiQx4CUL4d2Ow/uPPwEvmRnvGbxEbc37A16iFW/mgpcoxdujcAAvsQxva7DskL4MeIlteFtrGy69DwBeshTe1ljvtgQvUYO3tTQnAC/Rg7e1vuHyUbwszAHvGLy9Cwe29SfW4O1bOICX2IM3d/vu25Cm4CVW4O35HNuhttETeMnCePvuVXYWOYOX2IG3194Nh9oDQOAlS+PtVTgczF5kPw1ehsrAOxpvn8LhUHvo/SrfH/w/Y8EkRdi1JClcF51QxsY6vD12ijzUthsxxphTkKnGG477XB3ervZ24bQPrymLesp/HqD+41dEUWHWiTc7HjPwasDb5wC1O28WnMYcy2a8F0fEuYB3ZXj/at7UT8xa8e5ERHbgXRne+0ZPiT9yrGA6vGmS5NNeTEdExLEOb1ntv1WCd9ABvOpNbWO6apPiTQNXRMT9SSe8mJbeee9Pbrn7UwHe3gc4ihzHdtWmxHtybhfUOU13MS2teeuPHbrJ7HjPYRiG4e9lNXgLxynGdtUmxHsUEWcfnoLdW+uRlY82nEV20TGKvK3Ifbe4+fCmm/YropTjNXE8uqs2Hd7LRmR/PbdH5zz9xbQPb3UJs+2bTx2OKhui9ht9teOdoKs2Hd6fu11jBvRi9OI1+V7kZ/aad9d6l7p6vOO7apPhzURkzA+SYrwmFZFsbry3wiFfSc07QVetOjHjF+bEzYUWX4XXuLU74myjDa3CQTfeSbpqkyWqX8zxeK+9NC14DyLR7HhbhYNuvJN01SbLcVK81fiYFrw/IsdZ8CZBLdV+jFXhsCje88gc7FqBO23ZUM1MfH3Z8PtsLeRhcbzp6Nh1MbPNlB22ak5YT4dtM0+H7fmq33hpvKvLj8j2dgWzsXhV3Xmz7YCSaQReNwPvxEk3d72/m+NIvJpq3stWxEk/iPdswFuHN8UzbCcRka0fHbYTTA9rGG3YBkEQ7B0R2cRmHrxFXktYL3nBe78SkyzMid0RK1UUjvP+PSl7MTPhbX+11WYpwDspXpNHWxFxdn5mvgavu/UGDVn2x7tvzg+Dd1q8xphi6CgID2B24I0aRQN4Z8A738X8crztpQ3gtQzvQy8NvPe0F5WB1y68j+Nj4G0VDX/LecFrF97HmQnw3lJeY8BrKd7HOWHwvg54ufOCF7zUvOBltIHRBvCqxDvmc/B+K94PbC4ddmTbtR2tty68nub9eb8t0oFX9v/+fL+2O+/i7QXv+3g7cVM2fLa94AUveMELXvCCF7zgnRVv8fiuI/CCd1g+MFQGXvDOkw9MUoAXvOAFL3jBC17wghe84AUveMELXvDOgjd/wJuDF7w68LpxE2/uBeAFrw68Il5ewxu7Al7wqsErbnzDW3gi4AWvIrwiXiYi4ieugBe8yvCKe/8FvOAdmc8tzHl8FAu84LU9Fd7NA94QvODVgTfdNelubi/fAy94bcdrTFS/+e7u1Qp4wWs/3trNd1O7QOAFrwK895vvrt5JBC94VeA16U5kE5YGvOAdnU8/w2bKcNfaDhK84B2WTy+JfPY5eMELXvCCF7zgBS94wasdL1ucNnGyxakevKM3l559s+WJf1jHxgOvNXhHf43Ovs39t5VJ4AXv5Hivr5UBL3j14a1e6AVe8OrDW71KEbzg1Ye3eokteMHLnXf1eD+wMAe81LyrDXgZbQCverzvnQ/wghe8BLzgBS94wQteZXivvTTwDghDZQvjrcbHwDsgTFIsjLeamQAvePXhreaEwQte7rzgBS81L3jBy2gDeNeLt/f5AC94wQte8IIXvOAFL3g14H3opYEXvErwPo6PgRe8SvA+zkyAd0BYmLME3sc5YfDqDHde8IKXmhe84GW0gYD3Jd4x5wO8FsVjf96n72QGr4Y778p2Rq92gn+i8trQ5X/WGCr7XNmgDe/LG3BoSZXDJAV4wQte8IIXvOAFL3jBC95eeJP1jDaA99vwhguOe4IXvOAFL3jBC17wghe84AUveMELXvCCF7wWLcwBL3gVBrzgBS94wQte8BLwghe84AUveMG7KrwMlYFXbZikAC94wQte8IIXvOAFL3g/hHf455biffI0XgJe8KrAO/hz8IIXvOAFL3jBC17wrhDvOrc4fRnwrghv0nGxq066mnQ1JwTvevAS8A6LBQtzCHgJAS8BLyGW5n/w7EuLrTVwDAAAAABJRU5ErkJggg==</file>
    </questiontext>
    <generalfeedback format="html">
      <text></text>
    </generalfeedback>
    <defaultgrade>1.0000000</defaultgrade>
    <penalty>0.3333333</penalty>
    <hidden>0</hidden>
    <idnumber></idnumber>
    <single>true</single>
    <shuffleanswers>true</shuffleanswers>
    <answernumbering>none</answernumbering>
    <showstandardinstruction>0</showstandardinstruction>
    <correctfeedback format="html">
      <text>Your answer is correct.</text>
    </correctfeedback>
    <partiallycorrectfeedback format="html">
      <text>Your answer is partially correct.</text>
    </partiallycorrectfeedback>
    <incorrectfeedback format="html">
      <text>Your answer is incorrect.</text>
    </incorrectfeedback>
    <shownumcorrect/>
    <answer fraction="0" format="html">
      <text><![CDATA[<p dir="ltr" style="text-align: left;">A</p>]]></text>
      <feedback format="html">
        <text></text>
      </feedback>
    </answer>
    <answer fraction="0" format="html">
      <text><![CDATA[<p dir="ltr" style="text-align: left;">B</p>]]></text>
      <feedback format="html">
        <text></text>
      </feedback>
    </answer>
    <answer fraction="100" format="html">
      <text><![CDATA[<p dir="ltr" style="text-align: left;">C</p>]]></text>
      <feedback format="html">
        <text></text>
      </feedback>
    </answer>
    <answer fraction="0" format="html">
      <text><![CDATA[<p dir="ltr" style="text-align: left;">D</p>]]></text>
      <feedback format="html">
        <text></text>
      </feedback>
    </answer>
  </question>

<!-- question: 130248  -->
  <question type="multichoice">
    <name>
      <text>Question 25</text>
    </name>
    <questiontext format="html">
      <text><![CDATA[<p dir="ltr" style="text-align: left;"><span id="docs-internal-guid-bea0fd1d-7fff-f031-609e-9968f7e3062a">The image on the left shows a cube intersected by a ray. The image on the right shows an unfolded version of that cube. Indicate the intersection points of the ray with the faces of the cube by <strong>selecting TWO possible options</strong> of the intersection as shown in the image.</span><br></p><p dir="ltr" style="text-align: left;"><strong><img src="@@PLUGINFILE@@/25.png" alt="" role="presentation" class="img-fluid"><br></strong></p>]]></text>
<file name="25.png" path="/" encoding="base64">iVBORw0KGgoAAAANSUhEUgAAA2cAAAFcCAYAAABMacYiAAAgAElEQVR4Ae29CZBV1dX3rakkWubNYCUpk1SZ8on1mTLJV+bVSmI+rQw++hr1iUYlj3kcEn2NJhqNAxFnMCoKUXGIAxFFEARlEJRJQAFBRARBBGQeGppR5nleX+1rdtPQfU6fc+++Z61z7u9Ude3bZ9h7rd9/73P2v/e9tw8RNghAAAIQgAAEIAABCEAAAhBQJ3CIegQEAAEIQAACEIAABCAAAQhAAAKCOaMTQAACEIAABCAAAQhAAAIQMEAAc2ZABEKAAAQgAAEIQAACEIAABCCAOaMPQAACEIAABCAAAQhAAAIQMEAAc2ZABEKAAAQgAAEIQAACEIAABCCAOaMPQAACEIAABCAAAQhAAAIQMEAAc2ZABEKAAAQgAAEIQAACEIAABCCAOaMPQAACEIAABCAAAQhAAAIQMEAAc2ZABEKAAAQgAAEIQAACEIAABCCAOaMPQAACEIAABCAAAQhAAAIQMEAAc2ZABEKAAAQgAAEIQAACEIAABCCAOaMPQAACEIAABCAAAQhAAAIQMEAAc2ZABEKAAAQgAAEIQAACEIAABCCAOaMPQAACEIAABCAAAQhAAAIQMEAAc2ZABEKAAAQgAAEIQAACEIAABCCAOaMPQAACEIAABCBQNQK/vOk54ccug6oJT8UQgEBZBDBnZWHjIghAAAIQgAAEkhCwYsx+3f4NMybx3AfsxJJEQ86BAASyI4A5y441LUEAAhCAAARqjoA3Z9qJX9JlpnYIDe1f+txM2bev4VeVF1Z0UUmeRiFgmADmzLA4hAYBCEAAAhDIOwErJuDSLvqGyGv5++c/lj17dd2ZFV08E0oIQOBTApgzegIEIAABCEAAAlUjYMUEuNUqZT/UwBhz1oCCFxCAwEEEMGcHAeFXCEAAAhCAAATCEbBizi57Tn+1ylO9vOvHsmsPK2eeByUEILCfAOZsPwteQQACEIAABCAQmIAVc2ZhtcqjdeZs5+69/leV0oouKsnTKAQME8CcGRaH0CAAAQhAAAJ5J2DFBDhztlt5tcprecULszBnHgYlBCBwAAHM2QE4+AUCEIAABCAAgZAE7JizmbLbyIfOruw2S7bvYuUsZD+jLggUhQDmrChKkgcEIAABCEDAIAEr5uwPhlbO/th9tmzbuUdVLSu6qEKgcQgYJIA5MygKIUEAAhCAAASKQsCKCfiDgS/h8Jpe1X2WbN3JypnnQQkBCOwngDnbz4JXEIAABCAAAQgEJmDFnFn4Eg6P9uoXZ8uWHayceR6UEIDAfgKYs/0seAUBCEAAAhCAQGACVsyZ+xKOHcrfkOjROnO2eftu/6tKaUUXleRpFAKGCWDODItDaBCAAAQgAIG8E7BiAv6vM2fKX8Lhtfxzj9myaTsrZ54HJQQgsJ8A5mw/C15BAAIQgAAEIBCYgBVzdsULH8uO3br/+NmjvabnHNm4jZUzz4MSAhDYTwBztp8FryAAAQhAAAIQCEzAijlzK2faX1/v0V7bc7as34o58zwoIQCB/QQwZ/tZ8AoCEIAABCAAgcAErJgzC/9bzKP9y0tzMGceBiUEIHAAAczZATj4BQIQgAAEIACBkAQsmbNtyl9f77le12uurNuyy/+qUlrRRSV5GoWAYQKYM8PiEBoEIAABCEAg7wSsmAD3j5+3Kv/jZ6/l9b3myJrNmDPPgxICENhPAHO2nwWvIAABCEAAAhAITMCKObvKmTPl/y3m0f6191zMmYdBCQEIHEAAc3YADn6BAAQgAAEIQCAkASvm7I/dZ8lWI29rvPHlubJ6EytnIfsZdUGgKAQwZ0VRkjwgAAEIQAACBglYMWdXdZ8lW4ysnDlztmrjTlW1rOiiCoHGIWCQAObMoCiEBAEIQAACECgKASsm4OoXZ8tmI+bsplfmYc6K0sHJAwKBCWDOAgOlOghAAAIQgAAE9hOwYs7+5MzZ9j37A1N81brPPFmxgZUzRQloGgJmCWDOzEpDYBCAAAQgAIH8EzBjznrMlk3bdf/xs1fTmbPl63f4X1VKK7qoJE+jEDBMAHNmWBxCgwAEIAABCOSdgBUT8Ocec2SjEXN2S995smw9K2d579vED4FqEMCcVYMqdUIAAhCAAAQgUCJgx5y5lTMbb2ts02++1K9j5YwhAgEINCWAOWvKhD0QgAAEIAABCAQiYMmcbTRkzpau3R6IcHnVWNGlvOi5CgLFJYA5K662ZAYBCEAAAhBQJ2DFBFzTc45s2GbjM2e39Z8vS9aycqbeOQkAAgYJBDNnkydPlkMOOUQuuugiWbFihcFUCQkCEIAABCAAgawJWDFn1xoyZ7e/ukDq1rBylnVfpD0I5IFAMHN26qmnlsyZM2hf+9rXpGfPnnnInxghAAEIQAACEKgiASvm7C8vzZH1W22snN3x6nxZ9AnmrIrdjqohkFsCQcxZu3btGoyZM2f+5/LLL5cNGzbkFg6BQwACEIAABCBQGQFvzvpNXiWXdJnJjzEGPSasrExgroYABIISqNicjRs3rsGMeVPWuDz66KOlf//+QYOmMghAAAIQgAAE8kHAmzPtaN3K2TojK2d3D1woCz7ZporEii6qEGgcAgYJVGzOTjrppFhz5o3atddeKzt36v5PD4P8CQkCEIAABCBQaAJWTMB1lszZgAUyfzXmrNAdn+QgUCaBis3ZEUcckcicOZN23HHHydChQ8sMlcsgAAEIQAACEMgbATPmrNccWbtllwl8bQcuxJyZUIIgIGCPQMXmbOHChXLuuecmNmjOpLVu3doeCSKCAAQgAAEIQCA4ASvm7Ppec2WNEXN2z2uLZO6qrcFZp6nQii5pYuZcCNQCgYrNmYf0+OOPy6GHHprYpJ1wwgkyevRofzklBCAAAQhAAAIFJGDFBPy191xZs9nGytk9ry2Uuat4W2MBuzspQaBiAsHMmYtkxowZcsYZZyQ2aG4V7a677qo4CSqAAAQgAAEIQMAmAUvm7BMj5uze1xfJ7JWsnNnssUQFAV0CQc2ZT6VDhw6pDNrJJ58s7733nr+cEgIQgAAEIACBghDAnDUV8r5Bi2TWCsxZUzLsgQAEqmLOHNZJkybJKaecksqktW/fHkUgAAEIQAACECgQASvm7Ibec8XKyhnmrEAdnFQgEJhA1cyZjzPqH1T7r9g/uDzttNNk2rRp/nJKCEAAAhCAAARyTMCKObux91xZvcnGZ87aD14sM5dvUVXVii6qEGgcAgYJVN2cuZzHjh0rJ554YqpVtE6dOhnERUgQgAAEIAABCKQhYMUE3PjyPFm1ycb/W31gyGKZsQxzlqYfcS4EaoVAJubMw2zTpk0qg3bOOefIvHnz/OWUEIAABCAAAQjkjIAVc3bTy/Nk5UYb5uzBIYtlOuYsZz2ZcCGQDYFMzZlLafjw4XL88ccnNmmHHXaYPPPMM9nQoBUIQAACEIAABIISsGLObn7FjjnrMHSxfFTPylnQjkZlECgIgczNmeO2Z88eue666xIbNPe5tFatWkl9fX1BsJMGBCAAAQhAoDYIVGLO3McirrrqKjnppJNKcwZXut/d/rTbTS/PNbNy1nFYnUxbujltCkHPr0SXoIFQGQQgcAABFXPmIxg4cKAcc8wxiU3akUceKd26dfOXU0IAAhCAAAQgYJxAuSagbdu2sfMDdzzN5lbOVhh5W+M/htXJh5izNPJxLgRqhoCqOXOUN2/eLFdeeWXsDfjgb3S87LLLZO3atTUjEolCAAIQgAAE8kqgHHPWkjHz84I0Bq21M2cbbHzm7KE36mTqElbO8tqniRsC1SSgbs58cr1795ajjjoqsUn71re+JX369PGXU0IAAhCAAAQgYJBAWnPm3rLozVeSMulbHFv3mSfLjZizR4YvkQ/qNqmqlVYX1WBpHAI1RMCMOXPMV69eLRdffHGqm/LVV18t27ZtqyHJSBUCEIAABCCQHwJpTYD7TFkSU+bPcecn2f7WZ74sW78jyalVP+eR4XXyQR0rZ1UHTQMQyCEBU+bM8+vatat86UtfSnxzPvbYY2XQoEH+ckoIQAACEIAABIwQSGvO/Jd/ePPVUunOT7Ld0ne+1BsxZ51GLJHJi1k5S6Ib50Cg1giYNGdOhLq6Ojn//PMTGzR3877hhhtqTT/yhQAEIAABCJgmkNactWTGmjueBMAtfebJsvU2PnP22Mil8v6ijUnCrto5aXWpWiBUDAEIHEDArDnzUT755JPyuc99LrFJ+8EPfiBvvvmmv5wSAhCAAAQgAAFFAmlNQC2snD02com8v4iVM8VuSdMQMEvAvDlz5GbPni2/+tWvEhs091e122+/3Sx0AoMABCAAAQjUCoG05qxanzlr03e+LF1n4zNnT7y5VN5byMpZrYwB8oRAGgK5MGc+oYceeiiVQfvRj34k48eP95dTQgACEIAABCCQMYG05qxa39Z4a7+m5mz06NEZ0/i0uX++tVQmLMCcqcCnUQgYJ5Arc+ZYTp06VX7+85+nMmn33nuvcRkIDwIQgAAEIFBMAmnNmaNQjf9z5szZkrXbTUDGnJmQgSAgYJJA7syZp+gMV3MfCo7a97Of/UymTJniL6eEAAQgAAEIQCADAuWYMxdWSwYtzT+gdvXd1n+B1BkxZ0+Nqpfx8zdkQD+6iXJ1ia6RIxCAQAgCuTVnLnn3lsUf//jHqUyae2skGwQgAAEIQAAC2RCoxAS4tzi6z6D5Lwlxpfs96T+ebpzhbaWVMxufOXt6dL28Mw9z1lgfXkMAAp8SyLU58yK6L/+IWjFrbr/7cpFZs2b5yykhAAEIQAACEKgSgUrMWciQbus/38zK2TOj62Uc5iykvNQFgcIQKIQ5c2q4r893X6PfnBlrbt9nP/tZcV/Tz9Y8gb5jpot/oFI+B4ub9Bg030PZCwEI5IWAf4Zox3t7/wWyeI2Nz5x1HrNMxs5dr4rEii6qEGgcAgYJFMacebY33nhjYoPmTJv7R9eLFy/2l1OKCMZMz4j4hyXlfg0YlBCAQL4J+PuZdhZ3vLpAFhkxZ/96e5m8PQdzpt0naB8CFgkUzpw5yIMGDZJjjz02sUn74he/KM8//7xFfTKPqbExc6/ZIJAlgfWbt8k1j752wEpllu3TFgQgEJ6AFXN2pzNnn9hYOXv27WUyBnMWvrNRIwQKQKCQ5szpsm3bNvnTn/6U2KC5VbSLL75YVq1aVQBZy0sBY1YeN64KQ6CxMWts0MLUTi0QgIAWATPmbMBCWfjJNi0MB7TbZewyGT2blbMDoPALBCBQIlBYc+b17dOnj3zrW99KbNKOOuoo6dWrl7+8ZkqMWc1IbTLRg42Z+93KhM4kMIKCQI4IWBnLbuVsoZGVs+fHLZe3Zq1TVdGKLqoQaBwCBgkU3pw55mvXrpXLLrsssUFzq2hXXnmlbN682aBk4UPCmIVnSo3JCTRnzNzVTBySM+RMCFgmYGUs3zUAc9a4n1jRpXFMvIYABERqwpx5obt37y5HHnlkYpN2zDHHyIABA/zlhSwxZoWUNTdJRRkzlwATh9zISKAQiCVgZSw7c7ZgtY23NXZ9Z7m8+TErZ7Edh4MQqFECNWXOnMb19fXSqlWrxAbNraJdd911smfPnsJ1EYxZ4STNVUJxxswlYmVClyuoBAsBgwSsjOW7By6U+UbMWbfxK2TEzLWqalnRRRUCjUPAIIGaM2deg86dO8vhhx+e2KQdf/zxMnz4cH957kuMWe4lzHUCLRkzlxwTh1xLTPAQaCBQ6Vh2fyRt/LNgwYKGutO8aOvM2SobK2fdxi+XETNZOUujH+dCoFYI1Kw5cwLPmzdPzjnnnANu+o0fAM29vuWWW3LfNzBmuZcw1wkkMWYuwUondLmGRPAQKBCBSsayew43NmPXXHNN6V/llIOn3WsLZd6qreVcGvyaF99dIW/MYOUsOFgqhEABCNS0OfP6derUKZVBO/HEE2Xs2LH+8lyVGLNcyVW4YJMaM5d4JRO6woEjIQjkmEDIsdy7d+/S87ocHG7lbJ6RlbMeE1bKsOlrykkj2DUhdQkWFBVBAAK19YUgcXp/9NFHctppp6UyaW3bto2r0twxjJk5SWoqoDTGzIFh4lBT3YNkC0ygkrHsVs2aexdL49W0pOjcytlcI+as54QVMmw6K2dJteM8CNQSAVbODlK7ffv2zT4Imns4uH2nnHKKTJo06aBa7P2KMbOnSS1FlNaYOTaVTOhqiS25QsA6gXLH8rhx40rP444dOzak6FfOyjFn9zhzttLGZ85eem+lDPmIlbMGYXkBAQg0EMCcNaDY/2LixIny05/+NJVJ69Chw/4KjL3CmBkTpMbCKceYOUTlTuhqDC/pQsA8AT+W+01eJZd0mZn459SrHyo9hxtf4/ed98DwxPU0vp7XTfm7t1iyQQACdghgzmK0uOuuu1IZtNNPP11mzJgRU2P2hzBm2TOnxf0EyjVmrgY/odtfG68gAIE8Eih3LPuVM7da5rbGb3EsZ+Xs768vktkrbHwhSO+JK2XQNFbO8tifiRkC1SaAOWuB8OjRo+WHP/xhYpN26KGHyuOPP95Crdkcxphlw5lWmidQiTFzNZY7oWs+GvZCAAJaBCoZy+4tjY0/VlDJ2xrvHWTHnL38/ip5/cNPtCQptVuJLqqB0zgECk4Ac5ZQ4NatWx/wgGj8sGju9bnnnnvA1/8mbCbYaRizYCipqAwClRoz1yQThzLAcwkEDBKwMpYtrZz1mbRKBk7FnBnsroQEAXUCmLMUEgwdOlS++93vJjZpRxxxhDz77LMpWghzKsYsDEdqKY9ACGPmWrYyoSuPAldBAAKegJWx7FbOZhl5WyPmzPcOSghA4GACmLODibTw+65du+Taa69NbNDcqtpFF10ky5cvb6HmMIcxZmE4Ukt5BNZv3i7XPPpayVi50hm1cjcrE7py4+c6CEDgUwJWxvJ9zpwtt/GZs76TV8mAKaycMUYgAIGmBDBnTZkk2tO/f3/59re/ndikffWrX5UePXokqrvckzBm5ZLjuhAEQhozF4+VCV0INtQBgVomYGUs3z94kXy8fIsJKfp/sFrcj+ZmRRdNBrQNAYsEMGcVqLJhwwa54oorEhs0t4p2+eWXy/r16ytotflLMWbNc2FvNgSaGrPtFTfMxKFihFQAARMErIzl+wcvlpnLMGe+U1jRxcdDCQEIfEoAcxagJ/Ts2VO+/vWvJzZpRx99tPTr1y9Ay59WgTELhpKKyiBQDWPmwmDiUIYYXAIBgwSsjOX2QxbLDCPmbMCU1dJ3MitnBrsrIUFAnQDmLJAEK1askN/97neJDZpbRbvmmmtkx44dFUWAMasIHxdXSKBaxsyFZWVCVyEiLodAzROwMpbbD15kZuXMfVOj+1IQzc2KLpoMaBsCFglgzgKr0qVLF/nCF76Q2KQdd9xxMmTIkLKiwJiVhY2LAhGopjFzITJxCCQU1UBAmYCVsWxp5exTc5Zu5Wzs2LFy1VVXyUknnVSaY7jS/e72l7NZ0aWc2LkGAkUmgDmrgroLFy6U8847L7FBc6toN998c6pIMGapcHFyYALVNmYuXCYOgUWjOggoEbAylh8Yslim19v4zJn7B9TuH1En3dq2bRs7p3DH025WdEkbN+dDoOgEMGdVVPiJJ56Qz3zmM7E3VGfM/M8JJ5wgo0aNajEijFmLiDihigSyMGYufCYOVRSRqiGQIQErY/nBoXbM2aBpa6T3xJWJVGjJmPk5RFqDZkWXRBA4CQI1RABzVmWxZ86cKWeccUaDAfM30bjyzjvvjIwKYxaJhgMZEHDG7M+dBpaM06f/x6zyb2WMCpuJQxQZ9kMgXwSsjOUHh9bJR0s3m4A3eNon0mtiyytn7i2LcfOFg4+leYujFV1MCEIQEDBEAHOWkRgdO3ZMdYM9+eSTZcKECQdEhzE7AAe/ZEygsTFzBs39Xs2NiUM16VI3BLIjYGUsdxhWJ9MUzdmZZ555wDzguvs6tyiC+0zZwQYs7nd3ftLNii5J4+U8CNQKAcxZhkpPnjxZTj311FQ32vvvv78UIcYsQ6FoqgmBrI2ZC4CJQxMZ2AGBXBKwMpY7DF0s05bqfObs2GOPLX1Dsxfwoe5DSnOB3r17+13Nlv7LP+IMWeNj7vykmxVdksbLeRCoFQKYMwWl27Vrl8qg/eB//1h+dGm70mTVmTQ2CGRJQMOYufyYOGSpMm1BoHoErIzljsOcOcv+bY3OgDkD1XgbNn2N/L8/+aW41bS4rbHxSvo6rr7Gx6zo0jgmXkMAAiIH3i0gkhmBcePGNXwdbtIb7h+uvSWz+GgIAo6AljFzbTNxoA9CoBgErIzljsPq5MMl2ZuzuI81tGTOWDkrxhggCwikIYA5S0OrCue2adMm1Sra2WefLXPnzq1CJFQJgQMJaBozF4mVCd2BVPgNAhBIS8DKWP7HG3UyVdGcNeY2YuZa6TZ+ReNdzb7mM2fNYmEnBApNAHNmQN4RI0bI9773vcQm7bDDDpOnn37aQOSEUFQC2sbMcbUyoSuqxuQFgawIWBnLDzlzVrcpq7Qb2vFva1ywYEHDvqTmjG9rbEDGCwjUDAHMmRGp9+7dK9dff31ig+beCnnhhRfK0qVLjWRAGEUhYMGYOZZWJnRF0ZU8IKBFwMpYfmj4EpmiYM4cd/fMdl8K4reRH6+TX57/B2npC0Hc+fyfM0+NEgK1QQBzZkznNu2fkMO//LXEJu0rX/mKdOvWzVgWhJNXAlaMmeNnZUKXVy2JGwJWCFgZy27lbEpd9p858zo4c9b4M+atrrnLH2qxbMmgpf0H1K5BK7q0mDwnQKDGCGDODAnuvy7/Z9c9Jf95zoUH3MQb39Cbe33ppZfKmjVrDGVDKHkjYMmYOXZMHPLWg4gXAs0TsDKWHx6ua84a03lr1jp5ftzyxrtafO3e4ug+g+a/JMSV7vc0/3i6cSNWdGkcE68hAAG+rdFMH/DGzN0s/dflu7c7fOMb30hs0r75zW/KK6+8YiYnAskPAWvGzJFj4pCf/kOkEIgjYGUsPzx8iXywOPvPnDXHZvTsddJlbDpz1lw9leyzokslOXAtBIpIgJUzA6o2Z8x8WKtXr5ZLLrkksUFzq2pXX321bN261VdBCYFYAhaNmQuYiUOsbByEQG4IWBnLj4xYIpONmLMxc9bLs28vU9XQii6qEGgcAgYJYM6URYkzZo1D69q1q3z5y19ObNK+853vyOuvv964Cl5DoAkBq8bMBcrEoYlc7IBALglYGcudRiyRSYtsrJxhznLZlQkaApkQwJxlgrn5RpIaM391XV2dXHDBBYkNmltFu+GGG2Tfvn2+CkoINBCwbMxckFYmdA3AeAEBCJRFwMpYfnTkUpm0aGNZOYS+aOzc9dJ5DCtnoblSHwSKQABzpqRiWmPWOMynnnpKPv/5zyc2ad///vdl5MiRjavgdY0TsG7MnDxWJnQ13lVIHwIVE7Ayli2tnI2bt0GeGV1fMdtKKrCiSyU5cC0EikgAc6agaiXGzIc7e/ZsOeussxIbtMMPP9xfSlnjBPJgzJxETBxqvKOSfmEIWBnLj45cIu8beVvjO/PWy9OjWTkrTCcnEQgEJIA5CwgzSVUhjFnjdh5++OFEBq1z586NL+N1jRLIizFz8liZ0NVoVyFtCAQjYGUsP+bM2UIbb2scP3+DPDWKlbNgnYyKIFAgApizDMUMbcx86FOnTpVf/OIXkSatVatW/lTKGiaQJ2PmZLIyoavhLkPqEAhCwMpYfuzNpTLRiDl7d8FGefKtpUH4lluJFV3KjZ/rIFBUApizjJStljFrHP59993XxKAdeeSRUl+v+9e5xjHyWodA3oyZo8TEQaev5LlV32con2sYP7DYz+KCR8bKWe0GmGBzdrsB4uKpdX1+3f4NkwysxlXr/cVK/tV+TmLOqk1YpPRPpX2Hciatmtu7774rP/nJTxpMWvfu3avZHHXngEAejZnD6sdMDhATohECvs9ollYndVbjylKrCzuNlbPbvdpwb8my7YPbcibxQsyZXNJlpgk9DtbHalwHx1mt363eL6zEVe1HHuasyoSzWDFrLoU77rhDfv/73zd3iH01RCCvxsxJ5B86NSQXqVZIwEKfcZM6i5tmXBZ0cZo88eZSec/I2xrfX7RRHhvJ2xo1+2XcONWMy48XV2ptmvnH5awdl9cmLsYQxzBnIShG1KFlzCLCYXeNEcizMXNSZXUTrLFuUeh0LfQZ7clDlMCacVnQxXF54q2lMmGBjS8EwZx92lM1+2XUWHH7NePy48WVWptm/nE5a8fltYmLMcQxzFkIis3UgTFrBgq7MiOQd2PmQGV1E8xMFBqqOgELfUZ78hAFWTMuC7o4Lv98a6m4L+KwsE1avEkeHbFENRQLumj2yzj4mnF5XVyptWnmH5ezdlxem7gYQxzDnIWgeFAdGLODgPBrpgSKYMwcsKxugpmKQ2NVJWChz2hPHqIAa8ZlQRfH5clR9fLu/A1RiDLd/0HdJnlkOOZMs1/GCa4Zlx8vrtTaNPOPy1k7Lq9NXIwhjmHOQlBsVAfGrBEMXmZOYN2mbfLnTgNLxsaVzqjldcvqJphXPsTdlICFPqM9eWhK5dM9mnFZ0MVRcObM/X8xCxvmTL9fxvUDC+PFjRutTTP/uJy148rqXoY5i+sFKY9hzFIC4/SgBIpkzByYrG6CQUWgMlUCFvqM9uQhSgDNuCzo4rg8Nbpe3plnw5xNXbJZHhpeFyVXJvst6KLZL+Mga8bldXGl1qaZf1zO2nF5beJiDHEMcxaCYsZflx8oZKopEIGDjZn7Pe9bVjfBvHMi/v0ELPQZ7cnDfhoHvtKMy4IujsZTo5aaWTn7cMlm+ccbmDPNfnngCDnwN824/HhxpdammX9cztpxeW3iYgxxDHMWgGLjFbM2nYfJC8M+4AcGmfWBZ16beMBbGYtgzNywzOomGOAWQBVGCFjoM9qThygpNOOyoIvjYmnlbC2htb4AACAASURBVNqSzdIRc6b6rYhRY8XttzBe3LjR2jTzj8tZO66s7mWYs7hekPCYF4vyuYYJNSyyZ+E+Y1YUY+aGnu9DCYchp0HARJ/RnjxEdQPNuKyM5adH18s4I29r/GjpZukwjJUzzX4ZNVbcfs24/HhxpdammX9cztpxeW3iYgxxDHMWgKIXixUzVgw1+sBNTw0pTUrdClqRNj+uipQTuVSXgIU+oz15iCKsGZcFXRyXZ8bUy7i566MQZbp/ev0WeXDo4kzbPLgxC7po9suDeTT+XTMur4srtTbN/ONy1o7LaxMXY4hjmLMAFLMSK0CoVFFAAs4Quj7oyiJtjKsiqZlNLhb6jPbkIYq0ZlwWdHFcOo9ZJmONmLMZ9VvkAcyZ6gpV1Fhx+y2MFzdutDbN/ONy1o4rq3sZ5iyuFyQ8lpVYCcPhtBojgDmrMcFJN5KAhXux9uQhCo5mXBZ0cVw6v71M3p5jY+Vs5rIt0n4IK2ea/TJqrLj9mnH58eJKrU0z/7ictePy2sTFGOIY5iwAxazEChAqVRSQAOasgKKSUlkELNyLtScPUeA047Kgi+PSeUy9vD3Xxlfpz1q+Ve4bvChKrkz2W9BFs1/GQdaMy+viSq1NM/+4nLXj8trExRjiGOYsAMWsxAoQKlUUkADmrICiklJZBCzci7UnD1HgNOOyoIvj8i9DK2ezlm+R+wazcqbZL6PGituvGZcfL67U2jTzj8tZOy6vTVyMIY5hzgJQzEqsAKFSRQEJYM4KKCoplUXAwr1Ye/IQBU4zLgu6OC7OnI0x8rbG2Su2yr2DWDnT7JdRY8Xt14zLjxdXam2a+cflrB2X1yYuxhDHMGcBKGYlVoBQqaKABDBnBRSVlMoiYOFerD15iAKnGZcFXRyXZ99eJqNn2/jM2dyV2+Se1xdGyZXJfgu6aPbLOMiacXldXKm1aeYfl7N2XF6buBhDHMOcBaCYlVgBQqWKAhLAnBVQVFIqi4CFe7H25CEKnGZcFnRxXLqMXS6jZ6+LQpTp/rkrt8o9r7Nyptkv4wTXjMuPF1dqbZr5x+WsHZfXJi7GEMcwZwEoZiVWgFCpooAEMGcFFJWUyiJg4V6sPXmIAqcZlwVdHBdnzkbNsmHO5q/aJm1fY+VMs19GjRW3XzMuP15cqbVp5h+Xs3ZcXpu4GEMcw5wFoJiVWAFCpYoCEsCcFVBUUiqLgIV7sfbkIQqcZlwWdHFcuoxdJqOMvK1xweptcvdAzJlmv4waK26/Zlx+vLhSa9PMPy5n7bi8NnExhjiGOQtAMSuxAoRKFQUkgDkroKikVBYBC/di7clDFDjNuCzo4rg8N3aZvGVk5Qxz9mlP1eyXUWPF7deMy48XV2ptmvnH5awdl9cmLsYQxzBnAShmJVaAUKmigAQwZwUUlZTKImDhXqw9eYgCpxmXBV0cl+fHLTdjzhZ9sl3uHLAgSq5M9lvQRbNfxkHWjMvr4kqtTTP/uJy14/LaxMUY4hjmLADFrMQKECpVFJAA5qyAopJSWQQs3Iu1Jw9R4DTjsqCL4+LM2Zsf2/jM2eI12+WOVzFnmv0yaqy4/Zpx+fHiSq1NM/+4nLXj8trExRjiGOYsAMWsxAoQKlUUkADmrICiklJZBCzci7UnD1HgNOOyoIvj0vWd5TLy47VRiDLdX7dmu9yOOVM1QXGCWxgvbtxobZr5x+WsHVdW9zLMWVwvSHgsK7EShsNpNUYAc1ZjgpNuJAEL92LtyUMUHM24LOjiuLzwzgoZOdOGOVuydrvc1p+VM81+GTVW3H7NuPx4caXWppl/XM7acXlt4mIMcQxzFoBiVmIFCJUqCkgAc1ZAUUmpLAIW7sXak4cocJpxWdDFcfl05czG2xqXrtsht/abHyVXJvst6KLZL+Mga8bldXGl1qaZf1zO2nF5beJiDHEMcxaAYlZiBQiVKgpIAHNWQFFJqSwCFu7F2pOHKHCacVnQxXF54Z3lMmKmDXNWv26HtMGcqa5QRY0Vt9/CeHHjRmvTzD8uZ+24srqXYc7iekHCY1mJlTAcTqsxApizGhOcdCMJWLgXa08eouBoxmVBF8el2/gVMsLI2xqXrd8ht/Rl5UyzX0aNFbdfMy4/XlyptWnmH5ezdlxem7gYQxzDnAWgmJVYAUKligISwJwVUFRSKouAhXux9uQhCpxmXBZ0cVycORs+w8ZnzlZs2Cmt+8yLkiuT/RZ00eyXcZA14/K6uFJr08w/LmftuLw2cTGGOIY5C0AxK7EChEoVBSSAOSugqKRUFgEL92LtyUMUOM24LOjiuHR/d4W8gTlr6CIWdNHslw0gmnmhGZfXxZVam2b+cTlrx+W1iYsxxDHMWQCKWYkVIFSqKCABzFkBRSWlsghYuBdrTx6iwGnGZUEXx+XFd1fIsOlrohBlun/lxp1y8yusnGn2yzjBNePy48WVWptm/nE5a8fltYmLMcQxzFkAilmJFSBUqiggAcxZAUUlpbIIWLgXa08eosBpxmVBF8fFmTMrK2erN+2SG1+eGyVXJvst6KLZL+Mga8bldXGl1qaZf1zO2nF5beJiDHEMcxaAYlZiBQiVKgpIAHNWQFFJqSwCFu7F2pOHKHCacVnQxXH5dOXMxmfOVm/aKTe+zMqZZr+MGituv2Zcfry4UmvTzD8uZ+24vDZxMYY4hjkLQDErsQKEShUFJIA5K6CopFQWAX8v7jd5VWly5R7k/MCAPkAfoA/QB0L1gTNu61XW8ynNRZizNLQizvUTgojD7IZAVQlgzqqKl8pzRMDCvdhNACxumnFZ0MVp0nPCShn6kY3PnK3dsluu7zVHtatY0EWzX8bB14zL6+JKrU0z/7ictePy2sTFGOIY5iwAxazEChAqVRSQAOasgKKSUlkELNyLtScPUeA047Kgi+PS872VMsSMOdsl1/fiM2ea/TJqrLj9mnH58eJKrU0z/7ictePy2sTFGOIY5iwAxazEChAqVRSQAOasgKKSUlkELNyLtScPUeA047Kgi+Py0nsrZfA0Gytn67fulr+8xMqZZr+MGituv2Zcfry4UmvTzD8uZ+24vDZxMYY4hjkLQDErsQKEShUFJIA5K6CopFQWAQv3Yu3JQxQ4zbgs6OK4OHNmZeVsw7bdcm1PzJlmv4waK26/Zlx+vLhSa9PMPy5n7bi8NnExhjiGOQtAMSuxAoRKFQUkgDkroKikVBYBC/di7clDFDjNuCzo4rj0MrRytnHbbrkGc6ZqgqLGittvYby4caO1aeYfl7N2XFndyzBncb0g4bGsxEoYDqfVGAHMWY0JTrqRBCzci7UnD1FwNOOyoIvj0mviShlk5G2Nm7bvkT/3mB0lVyb7Leii2S/jIGvG5XVxpdammX9cztpxeW3iYgxxDHMWgGJWYgUIlSoKSABzVkBRSaksAhbuxdqThyhwmnFZ0MVx6T1xlbz+4SdRiDLdv3nHHvnTi5gzzX4ZJ7hmXH68uFJr08w/LmftuLw2cTGGOIY5C0AxK7EChEoVBSSAOSugqKRUFgEL92LtyUMUOM24LOjiuLz8vh1ztmXHHrkac6b69sGoseL2WxgvbtxobZr5x+WsHVdW9zLMWVwvSHgsK7EShsNpNUYAc1ZjgpNuJAEL92LtyUMUHM24LOjiuDhz9tpUGytnW3fukau6s3Km2S+jxorbrxmXHy+u1No084/LWTsur01cjCGOYc4CUMxKrAChUkUBCWDOCigqKZVFwMK9WHvyEAVOMy4LujguL7+/Ul4z8rbG7bv2ypXdZkXJlcl+C7po9ss4yJpxeV1cqbVp5h+Xs3ZcXpu4GEMcw5wFoJiVWAFCpYoCEsCcFVBUUiqLgIV7sfbkIQqcZlwWdHFcXjG0coY5+7SnavbLqLHi9mvG5ceLK7U2zfzjctaOy2sTF2OIY5izABSzEitAqFRRQAKYswKKSkplEbBwL9aePESB04zLgi6OyyuTVslAI29r3Ll7r1zxAitnmv0yaqy4/Zpx+fHiyjTb2LFj5aqrrpKTTjpJDjnkkFLpfnf7026a+cfFWm5codh4beJiDHEMcxaAYlZiBQiVKgpIAHNWQFFJqSwCldyLQz28y508lJVwios046pElxQptnhqn0mrZMCU1S2el8UJu/bsk8u7fpxFU5FtWNBFs19GgsmhOWvbtm3JkDlT1tyPO55mK5IuIdlkNWYwZ2l6a8S5WYkV0Ty7a5wA5qzGOwDpNxAo914c8uFdpElNA9gKX5SrS4XNNrm87+TVhszZXrm8KytnjJcm3VT8eHFlkq2l+5c3a2kMWlF0Cc3Ga5NEl0rOwZxVQu/f12YlVoBQqaKABDBnBRSVlMoiUM69OPTDuyiTmrIEiLioHF0iqqpod7/Jq+XVD2ysnO3Zu09+/zwrZ4yXpl3ajxdXtrS5FX9vvpKUSd/iWARdqsHGa9OSLpUex5xVSlCk4a8cAaqiCgikJoA5S42MCwpKIO2DsxoP7yJMakJ3j7S6hG7f19d38ip5dYqNr9Lfu0/ksudm+tBUSgu6MF6aSu91cWVLm/tMWRJT5s9x5yfZiqBLNdh4bZIwrOQczFkl9P59bVZiBQiVKgpIAHNWQFFJqSwCae/F1Xh4F2FSUxb8mIvS6hJTVUWH3MpZfyMrZ/v27ZNLn2PljPHStEv78eLKljb/5R/efLVUuvOTbEXQpRpsvDZJGFZyDuasEnr/vjYrsQKEShUFJIA5K6CopFQWgbT34mo8vIswqSkLfsxFaXWJqaqiQ86YWTFnLhHtvmJBF20GUR1KMy6viytb2loyY80db6lOd1wz/7j40sTVXO4t7Ytr2x3z2rR0XqXHMWeVEsxQrAChUkUBCWDOCigqKZVFIO2Ds6UHdXPHWwoszeShpbpCHteMK60uIfNuXJczZm71zMp26XMzZd8+vWgs6KLZL+PIa8bldXFlS1s1/sDk2tTMPy7nNHFVg43XJi7GEMcwZwEoZiVWgFCpooAEMGcFFJWUyiKQ9l5cjYd3mslDWUmWeZFmXGl1KTPFFi97dcpqcZ87s7K5z5y5z55pbRZ00eyXcdw14/K6uLKlrRpvzXZtauYfl3OauKrBxmsTF2OIY5izABSzEitAqFRRQAKYswKKSkplEUh7L67GwzvN5KGsJMu8SDOutLqUmWKLlw2Y8on0nWTHnLlva3Tf2qi1WdBFs1/GcdeMy+viypa2anypkWtTM/+4nNPEVQ02Xpu4GEMcw5wFoJiVWAFCpYoCEsCcFVBUUiqLQNp7cTUe3lGTh9GjR5eVU6iLouIKVX9cPWl1iaurkmOfrpzZeVuj+yfU7p9Ra20WdNHsl3HcNePyurgyyRb634G4NjXzj8s5bVyh2XhtDo4x9P0dc3Yw4TJ+jxKrjKq4BAKpCWDOUiPjgoISKOdeHPrhnXbykJUUmnGVo0s1uAyYslr6GFo5w5wVxwSE7K9+vLgy6dbSfcwdT7Np3i/i4iwnrpBsvDZxMYY4hjkLQDErsQKEShUFJIA5K6CopFQWgXLvxSEf3uVMHspKNuVFmnGVq0vKFFs8feDUT+QVQ+bsihdmyc7de1uMu1onWNBFs1/GcdWMy+viyjSbeyeAe6u2/yytK93vbn/aTTP/uFjLjSsUG69NXIwhjmHOAlDMSqwAoVJFAQlgzgooKimVRaCSe3Goh3e5k4eyEk5xkWZcleiSIsUWT33NmbP37Xzm7Mpus2T7LsxZi8IpnGBhvLhxo7Vp5h+Xs3ZcWd3LMGdxvSDhsazEShgOp9UYAcxZjQlOupEELNyLtScPUXA047Kgi+Py2oefyMuYs4YuYkEXzX7ZAKKZF5pxeV1cqbVp5h+Xs3ZcXpu4GEMcw5wFoJiVWAFCpYoCEsCcFVBUUiqLgIV7sfbkIQqcZlwWdHFcXv9wjfSeuDIKUeb7r+o+S7buZOUsc/AJGrQwXty40do084/LWTuurO5lmLO4XpDwWFZiJQyH02qMAOasxgQn3UgCFu7F2pOHKDiacVnQxXF53djK2dUvzpYtO/ZESVb1/RZ00eyXcYA14/K6uFJr08w/LmftuLw2cTGGOIY5C0AxK7EChEoVBSSAOSugqKRUFgEL92LtyUMUOM24LOjiuDhz1nuinc+cYc74tsbmxqsfL67U2jTvF3E5h4rr2GOPlWuuuSauqWaPeW2aPRhwJ+YsAMysxAoQKlUUkADmrICiklJZBCzci0NNHsoCEHORZlwWdHFoBk1bI70Mva3xzz1my6bt+itnG7Zsj+k51T2k2S/jMtOMy48XV6bZxo0bJ4cccoi4stJNM/+42EPFhTmLo1yQY34gFSQd0sgZAcxZzgQj3KoRsHAvDjV5CA1JMy4Lujieg505e8/OZ86u6TlHNm7bHVrqxPV5Xf7y+OuyZfvOxNeFPFGzX8bloRmX18WVaTbMWXJamLPkrHJ7ph9IuU2AwHNNAHOWa/kIPiABC/dizUldHErNuCzo4tgM/miNvGTInF3bc7Zs2Ka/cub0ueGfg2XHruyNoma/tD5enC5pNsxZclqYs+SscnumlQdPbgESeEUEMGcV4ePiAhGwcC9mstm0Q1nQxUU15KM10nPCiqYBKu35y0tzZP3W7A2RT9frcsZtvcS9bv30UNm1O1uzyHjxauwvvS6uTLNhzpqn5bm4t3y6n969ewvmrHlWhdrrB1KhkiKZ3BDAnOVGKgKtMgEL92Imm01FtqCLi6pkzgytnF3Xa66s27KrKbCM9nhdfvfUB3LGrS+VDNqt/3pD9u3LKADhC0GaI+11cWWazZsQVzrz4c1IOV98UZT72IIFC0ocOnbs2IDSsymHi9emobIqveALQQKAzUqsAKFSRQEJYM4KKCoplUWg0nuxn9wwqSkLf+RFleoSWXHKA0NLK2d2PnN2fa85snaL/sqZm4hf9NRkOf3WniWDdkeX4SnJln96UUxA+QSaXunHiyvTbI3vX+6125ozJ0nqLIouzpS5+/nBGytnBxMp4O9+IBUwNVLKAQHMWQ5EIsRMCFRyL/YTG/eWF7+deeaZqb/5rCiTGs8gRFmJLiHa93UMnb5GekywY87+2nuurNmsv3Lm+qz7uejJSXJ6mx4lg3Z31zc9tqqWjJemeP14cWWazd/DvDHz17oVImdG0mxF0cXdw93PwRvm7GAiBfzdD6QCpkZKOSCAOcuBSISYCYFK7sVRD/G0gRdlUpM277jzK9Elrt60x4ZNXysvvmvnM2c3vjxXVm+yY85c3/3vf74vp9/yYsmg/b37qLSIU5/PeGmKzI8XV6bZosxZ1OpRXN1F0SXqvo45i1O/IMf8QCpIOqSRMwKYs5wJRrhVI+Dvxf0mryqtBLgJRtKf//X1o+X/+cXvEp+ftF7OS64BrGBFHyi/D/yfW3uU3sLnysYc//eFN5f2N95XK6/dPd3d2w/O173Vsdz7vfsCnWpvTd+IWe0WC1i/nxAUMDVSygGBSs3Z5MmTSzfuiy66SFassPNXZcZVDjqfsRAr6TPl/iX1YARuEmBx04yrEl1CsnxjxlrpPt7OPe6mV+bJqo06/1/McfW6HDxxdb//9on35D//9kLpnA693g4pwwF1afbLAwI56BfNuLwurkyzRa2c1fLbGj0TvhAkTU8qyLl+IBUkHdLIGYFKzdmpp55aMmfuL0lf+9rXpGfPniYIMK5MyJCrICrpM1Fvf0kLQHNSFxerZlyV6BKXU9pjJXNm6G2NrfvMkxUbbJoz119++/gEOa1115JBe/iVT79gIi3zls7X7JdxsWnG5ceLK9Ns3oi4Z7l77Ta/r7E5SVKnZv5x8ZUTl/scsWPifxwTd7/n2xrjSBfgmB9IBUiFFHJIoBJz1q5du4Yblr9xufLyyy+XDRs2qNJgXKniz2XjlfQZ/wDnC0HCS1+JLiGjGW5s5cy6OXMT4VaPvSun3fx8yaB16vtOSDlKdZUz2Q4eRDMVasblx4sr02zeiLlrGj/P0xozd71m/nE5a8fltYmLMcQx3tYYgGJWYgUIlSoKSKBcc+Zv5I1v4o1fH3300dK/f381YowrNfS5bbjSPuMNmh8H5fxlVXvyECWeZlyV6hKVU9r9I2aulW6G3tZ4S995smy93ZUz12fcT6tHxze8BfKJV99Niz32fM1+GReYZlx+vLhSa9PMPy5n7bi8NnExhjiGOQtAMSuxAoRKFQUkUK45O+mkkw7465qfkB5cXnvttbJzZ/YTCMZVATtrlVOy0Ge0Jw9RiDXjsqCL4+LM2Qvjl0chynx/m37zpX7djszb9Q16XVzfaOnnwkffaTBoT7/2nq+i4lKzX8YFrxmX18WVWptm/nE5a8fltYmLMcQxzFkAilmJFSBUqigggXLN2RFHHJHInDmzdtxxx8nQoUMzpce4yhR3IRqz0Ge0Jw9RQmrGZUEXx2Xkx+uk6zuYM99HvC6ubyT5ubDTuAaD9q9B7/tqKio1+2Vc4JpxeV1cqbVp5h+Xs3ZcXpu4GEMcw5wFoJiVWAFCpYoCEijXnC1cuFDOPffcxAbNmbTWrVtnRpBxlRnqwjRkoc9oTx6ixNSMy4IujsubxszZbf3ny5K1+Vg5c/3H/VzwyNgGg/b8kMlR3S3xfs1+GRekZlx+vLhSa9PMPy5n7bi8NnExhjiGOQtAMSuxAoRKFQUkUK458ygef/xxOfTQQxObtBNOOEFGjx7tL69aybiqGtrCVmyhz2hPHqLE1YzLgi6Oy8iP15paObv91QVSt2Z7lGRV3+91cX0jzc8FD7/dYNC6vTGlojg1+2Vc4JpxeV1cqbVp5h+Xs3ZcXpu4GEMcw5wFoJiVWAFCpYoCEqjUnDkkM2bMkDPOOCOxQXOraHfddVdVaTKuqoq3kJVb6DPak4coYTXjsqCL4+JWzp439LbGO15dIItzaM5cXzr/oTENBq3HiKlR3a7F/Zr9Mi44zbj8eHGl1qaZf1zO2nF5beJiDHEMcxaAYlZiBQiVKgpIIIQ581g6dOiQyqCdfPLJ8t574T4c7uNwJeOqMQ1eJyFgoc9oTx6iOGnGZUEXx+WtWevk+XF2PnN254AFsuiT/K2cub7kfs5/aHTDfbr3W9Oiul7sfs1+GReYZlx+vLhSa9PMPy5n7bi8NnExhjiGOQtAMSuxAoRKFQUkENKcOTyTJk2SU045JZVJa9++fXCyjKvgSAtfoYU+oz15iBJZMy4Lujguzpw9Z8ic3T1woSxYvS1Ksqrv97q4vlHuz2/+MarBoPUdMz11zJr9Mi5Yzbi8Lq7U2jTzj8tZOy6vTVyMIY5hzgJQzEqsAKFSRQEJhDZnHlHUP6g++Kv2/e+nnXaaTJtW3l9PfZuNS8ZVYxq8TkLAQp/RnjxEcdKMy4Iujsuo2euly9hlUYgy33/3wAWyIMcrZ65PuZ/fdHyrwaC9OnZGKo6a/TIuUM24/HhxpdammX9cztpxeW3iYgxxDHMWgGJWYgUIlSoKSKBa5syhGjt2rJx44ompVtE6deoUhDLjKgjGmqrEQp/RnjxECa4ZlwVdHJfRxsxZ24ELZX7OV85cv3I/53V4s8GgvTZ+VlQ3bLJfs182CabRDs24/HhxpdammX9cztpxeW3iYgxxDHMWgGJWYgUIlSoKSKCa5szjatOmTSqDds4558i8efP85WWVjKuysNX0RRb6jPbkIaoDaMZlQRfHZfTsddJlrJ3PnN3z2iKZu2prlGRV3+91cX0jxM95HUY2GLQh781JFL9mv4wLUDMur4srtTbN/ONy1o7LaxMXY4hjmLMAFLMSK0CoVFFAAlmYM4dt+PDhcvzxxyc2aYcddpg888wzZRNnXJWNrmYvtNBntCcPUeJrxmVBF8fFmbNnDb2t8Z7XFsrcVfn+zJnrV41/zn1wRINBGz6p5T/QafbLqLHi9mvG5ceLK7U2zfzjctaOy2sTF2OIY5izABSzEitAqFRRQAJZmTOHbs+ePXLdddclNmju82itWrWS+vr61OQZV6mR1fwFFvqM9uQhqhNoxmVBF8dlzJz18q+37Xzm7N7XF8nslcVZOXN9zP2c+8DwBoP25gfzo7pkab9mv4wLTDMuP15cqbVp5h+Xs3ZcXpu4GEMcw5wFoJiVWAFCpYoCEsjSnHl8AwcOlGOOOSaxSTvyyCOlW7du/vJEJeMqESZOakTAQp/Rnjw0wnHAS824LOjiYLxtzJzdN2iRzFpRPHPm+tq57d9oMGhjPlx4QF9s/Itmv2wcx8GvNePy48WVWptm/nE5a8fltYmLMcQxzFkAilmJFSBUqiggAQ1z5jBu3rxZrrzyysQGza2iXXbZZbJ27dpEKjCuEmHipEYELPQZ7clDIxwHvNSMy4IuDsbbc9dL5zHpV/EPABnwlyKbM9fffn3/0AaD9s70xc2S0+yXzQb0752acfnx4kqtTTP/uJy14/LaxMUY4hjmLADFrMQKECpVFJCAljnzKHv37i1HHXVUYpP2rW99S/r06eMvjywZV5FoOBBBwEKf0Z48RKAx8RmaqNiy2j927gZ5xpA5az94scxcviWr9Ju048eL67PV+vn1/UMaDNq7M+uaxMB4aYKkgZfTR2tDl+bJ+zHT/NFwezFnAVhmJVaAUKmigAS0zZlDunr1arn44osTGzS3inb11VfLtm3RH4ZnXBWws1Y5JQt9hklNU5Et6OKiGltaObPzmbMHhiyWGcuKbc7cePiv+waXDMdpNz0n789aekAHYbwcgKP0ix8vrtTa0KV58l6b5o+G24s5C8AyK7EChEoVBSRgwZx5rF27dpUvfelLiU3ascceK4MGDfKXH1Ayrg7AwS8JCFjoM0xqmgplQRcXlTNnz4yxY84eHLJYpteAOSsZtHsHlQzaGX/rKlPm7v93BoyX6PHixo3Whi7Nk8/qXoY5a55/qr1ZiZUqKE6uGQKWzJmDXldXJ+eff35ig+ZW0W644YYmejGumiBhRwsELPQZJjVNRbKgF9EF+QAAIABJREFUi4tq3NwN8vRoO5856zB0sXxUX/yVMzcm3M85f3+9ZNDOurWbTJu/otRRGC/R48WNG60NXZonn9W9DHPWPP9Ue7MSK1VQnFwzBKyZMw/+ySeflM997nOJTdoPfvADefPNN/3lDe+7b9jBCwi0QMDCvZhJTVORLOjionpn3gZ5ypA56zisTqYt3dwUWEZ7vC6uz2b1c87fXyvd2//r9hdl5qJVqp+FjMOsOY69Lq7U2jTzj8tZOy6vTVyMIY5hzgJQzEqsAKFSRQEJWDVnDvXs2bPlV7/6VWKD5lbRbr/99pJKjKsCdtYqp2Shz2hPHqIQa8ZlQRfHZbwzZ6PsrJz9Y1idfFhj5sz1w7PvGVgyaL+5qyfmrJkB68eLK7U2zftFXM7acXlt4mIMcQxzFoBiVmIFCJUqCkjAsjnzuB966KFUBu1HP/qRnHjR7aUHuK+DEgItEbBwL9aePEQx0ozLgi6Oy/j5G+XJUQd+IUUUryz2P/RGnUxdUlsrZ64fup+z2w0o3d/d63n1a7LAnaoNC+PFjRutTTP/uJy148rqXoY5i+sFCY9lJVbCcDitxgjkwZw5SaZOnSo///nPU5m0//j/flNjapJuJQQs3Iu1Jw9R/DTjsqCL4+JWzp40tHL2yPAl8kHdpijJqr7f6+L6hsbPWW1fLbV70d97y6IV66qeb5oGLIwXp4/Wppl/XM7acfkxExdjiGOYswAUsxIrQKhUUUACeTFnHv29996byqD97Gc/kylTpvjLKSEQScDCvVh78hAFRzMuC7o4Lu/Ot2bO6uSDutpcOXP90f+4/nHx/a/I0tUborpv5vstjBfHRWvTzD8uZ+24srqXYc7iekHCY1mJlTAcTqsxAnkzZ06e8ePHy49//ONUJs29NZINAnEELNyLtScPUXw047Kgi+PizNk/37LztsZOI5bI5MW1u3Lm+qT7+dXd/Upvcfz9g31l+Ro9Ho3HjoXx4saN1qaZf1zO2nFldS/DnMX1goTHshIrYTicVmME8mjOvETuyz/cl4Ak/XFfLjJr1ix/OSUEDiBg4V6sPXk4AEijXzTjsqCLQzFhwUZ5wpA5e2zkUnl/0cZGKmX70uvi+obmz8XPzpBf3dW3ZNCu6NhPVq3X+/cCXgEL48Xpo7Vp5h+Xs3ZcfszExRjiGOYsAMWsxAoQKlUUkECezZmTw319vvsa/aQG7bOf/ay4r+lng8DBBPy9WLN0kwfN9qPathpXVLzV2O++hOLCR8aa0eeCR8Y2fDFGNfJNWqfrG9o/F/9rupx5Zx8z2vzPM9PMxJJUx5DnWb1fWInr4GdP6N8xZwGI+gERoCqqgEBqAnk3Zz7hG2+8MbFBc0bO/aPrxYsX+8spIWBiMmV1Umc1Lv/8zKI8q90AueCRt030E5evM4oupixyp43n4HxTcgZW7xdW4qr24xZzFoCwv+kFqIoqIJCaQFHMmUt80KBBcuyxxyY2aV/84hfl+eefT82MCyAAgewIWHlGvrdgozz+pp3PnLnPv7m3WmptXher5XWPD5It23dq4aFdCKgRwJwFQO9vbAGqogoIpCZQJHPmkt+2bZv86U9/SmzQ3CraxRdfLKtWrUrNjgsgAIHqE7DyjJy4cKM8hjlrENyKLg0B8QICECgRwJwF6Ajc4AJApIqyCRTNnHkQ3z/nz3LY//pKYpN21FFHSa9evfzllBCAgBECVp6R7ztzNtLOytlTo+pl/Hy9r4+3oouRbkoYEDBDAHMWQApucAEgUkXZBIpqzty4OvWax+Wyyy5LbNDcKtqVV14pmzfr/e+gsoXkQggUlICVZ+T7izbJoyOXmKH89Oh6eWce5syMIAQCASMEMGcBhLDy4AmQClXkkECRzZkbW27r3r27HHnkkYlN2jHHHCMDBgzIoZqEDIHiEbDyjJy0aJO4/y1mZXtmdL2Mw5xZkYM4IGCGAOYsgBRWHjwBUqGKHBKoBXPmZKmvr5dWrVolNmhuFe26666TPXv25FBVQoZAcQhYeUa6f/hsyZx1HrNMxs5drya0FV3UANAwBIwSwJwFEOaXN3UpfUVrgKqoAgKpCdSKOfNgOnfuLIcffnhik3b88cfL8OHD/eWUEIBAxgSsmIBJizaaMmf/enuZvD0Hc5Zxd6Q5CJgngDkLIJGVB0+AVKgihwRqzZw5iebNmyfnnHNOYoPmVtFuueWWHKpLyBDIPwErz0i3cvaIobc1Pvv2MhmDOct/BycDCAQmgDkLALT04Lmxi2zl/3EEoEkVaQnUojnzjDp16pTKoJ144okyduxYfzklBCCQAQEr5uwDZ86G2/nMWZexy2T0bFbOMuiCNAGBXBHAnAWQyz94/vbMsAC1UQUE0hGoZXPmSH300Udy2mmnpTJpbdu2TQeZsyEAgbIJ+Gdk2RUEunBK3SZ5eHhdoNoqr+b5ccvlrVnrKq+ozBqs6FJm+FwGgcISwJwFkNbf4Fz59+6jAtRIFRBITqDWzZkn1b59+1QG7ZRTTpFJkyb5yykhAIEqEfDPyCpVn7jaKXWb5aE3MGcemBVdfDyUEIDApwQwZwF6gr/B/effupe+GOSRPu8EqJUqIJCMAOZsP6eJEyfKT3/601QmrUOHDvsr4BUEIBCcgH9GBq84ZYVTl2yWfxgyZ13fWS5vfszKWUoZOR0ChSeAOQsgsX/w/PbxCfLLm58vGbR/DXo/QM1UAYGWCWDOmjK66667Uhm0008/XWbMmNG0IvZAAAIVE/DPyIorqrCCqXWb5KE37HzmrNv4FTJi5toKsyr/ciu6lJ8BV0KgmAQwZwF09Te4S7rMlAs7jSuZM7fvpTc/DFA7VUAgnkARzVnfMdMbxlF89tFHR48eLT/84Q8Tm7RDDz1UHn/88egKOQIBCJRFwD8jy7o44EXWVs66jV8uI2aychZQYqqCQCEIYM4CyOgfPM6cuZ/zHxrTMLF87Z2PA7RAFRCIJlA0c9bYmLnXlW6tW7dObNDcV+6fe+65smDBgkqb5XoIQODfBPwzUhvIh0s2S8dhdj5z9uK7K+SNGaycafcL2oeANQKYswCK+AePN2eu/E3HNxsM2qgpTPQCYKaKCAJFMmehjZlHNnToUPnud7+b2KQdccQR8uyzz/rLKSEAgQoI+GdkBVUEuXTaUlvmrMeElTJs+poguZVTiRVdyomdayBQZAKYswDq+htcY3PmXp/7wPAGgzZx1tIALVEFBJoSKIo5q5Yx88R27dol1157bWKD5lbRLrroIlm+fLmvghICECiDgH9GlnFp0EumLd0iHYYuDlpnJZX1nLBChk5n5awShlwLgSISwJwFUNU/eA42Z+73/7pvSMmgnXVrN5m5eFWA1qgCAgcSKII5q7Yxa0ysf//+8u1vfzuxSfvqV78qPXr0aFwFryEAgRQE/DMyxSVVOfWj+i3yoCFz9tJ7K2XIR6ycVUVsKoVAjglgzgKI5x88zZkzt++cv79WMmi/vaeX1K1aH6BFqoDAfgJ5N2dZGjNPbcOGDXLFFVckNmhuFe3yyy+X9esZv54hJQSSEvDPyKTnV+u8j5Zulg5D7XzmrNfElTJ4GuasWnpTLwTySgBzFkA5/+CJMmdu/1ltXy0ZtCs69pN1m7YFaJUqIPApgTybMw1j1rjf9OzZU77+9a8nNmlHH3209OvXr3EVvIYABFog4J+RLZxW9cPT6zebWjnrPXGlDMKcVV13GoBA3ghgzgIo5h88cebskmdnyJl39ikZtL/+c7Ds2r0nQMtUAQGRvJozbWPm+86KFSvkd7/7XWKD5lbRrrnmGtmxY4evghICEIgh4J+RMadkcmh6/RZ5YIidz5y9/P4qef3DTzLJvblGrOjSXGzsg0AtE8CcBVDf3+BizVmXmfI/nT+U/3N7r5JBu6PLiAAtUwUE8mnOrBizxv2nS5cu8oUvfCGxSTvuuONkyJAhjavgNQQg0AwB/4xs5lCmu2Ys2yLtDZmzPpNWycCpmLNMOwGNQSAHBDBnAUTyD56WzJk7ftFTH8jpbXqUDNoDPccEaJ0qap1A3lbOLBoz34cWLlwo5513XmKD5lbRbr75Zn85JQQg0AwB/4xs5lCmu2Y6czZ4UaZtxjWGOYujwzEI1C4BzFkA7f2DJ4k5c+f89xMT5bTWL5QM2uP93w0QAVXUMoE8mTPLxqxxH3riiSfkM5/5TGKTdsIJJ8ioUaMaV8FrCEDg3wT8M1IbyMzlW+V+Q+as7+RVMmAKK2fa/YL2IWCNAOYsgCL+wZPUnLnzWj32bsmcuWu7DvsgQBRUUasE8mLO8mLMfD+aOXOmnHHGGYkNmltFu/POO/3llBCAwL8J+GekNhC3cnb/YDufOev/wWpxP1qbFV208qddCFglgDkLoIy/waUxZ+7cCx4Z22DQ+oyZHiASqqhFAnkwZ3kzZo37UceOHVMZtJNPPlkmTJjQuApeQ6CmCfhnpDaEj5djzhprYEWXxjHxGgIQEMGcBegF/gaX1py588//x6gGgzb0vTkBoqGKWiNg3Zzl2Zj5vjR58mQ59dRTU5m0+++/319OCYGaJuCfkdoQPl6+Ve4bZOczZwOmrJa+k1k50+4XtA8BawQwZwEU8Q+ecsyZu+a8DiMbDNrYaXYeHAHQUEUGBCybsyIYs8YStmvXLpVB++Uvfykffvhh4yp4DYGaI+CfkdqJz1qxVe41ZM7cNzW6LwXR2qzoopU/7ULAKgHMWQBl/A2uXHPmrvt1+2Elg3baTc/JlLnLAkRFFbVCwKo5K5ox8/1p3LhxctJJJ6UyaY888oi/nBICNUfAPyP7TV4llTwnuXZmVfg5XdggAAE7BDBnAbTwD55KHxz/de+gkkE7784eMq9+TYDIqKIWCFg0Z0U1Zo37U5s2bVIZtLPPPlvmzp3buApeQ6AmCPhnpHayc1Zulb+/vlA7jIb23T+gdv+IWmuzootW/rQLAasEMGcBlPE3uErNmbv+7HsGlgzaxfe/IsvXbgoQHVUUnYA1c1YLxsz3qREjRsj3vve9xCbtsMMOk6efftpfTgmBmiDgn5Hayc5e4cyZnY8ODJq2RnpPXKmGxYouagBoGAJGCWDOAgjjb3AhzJmr41d39ysZtKsfGSCbtu0IECFVFJmAJXNWS8bM96m9e/fK9ddfn9igua/cv/DCC2Xp0qW+CkoIFJqAf0ZqJ+lWzu4xZM4GT/tEek1k5Uy7X9A+BKwRwJwFUMQ/eEKZs4v/NV3OvOOVkkG7+emhsm/fvgBRUkVRCVgxZ7VozBr3qYEDB8p//Md/JDZpX/nKV6Rbt26Nq+A1BApJwD8jtZOb68zZa3be1jjkozXy0nusnGn3C9qHgDUCmLMAivgHTyhz5ur53TNT5YzbXioZtLYvvBkgSqooKgEL5qzWjZnvW1u2bJE//vGPiQ2aW0W79NJLZc0aPmPqGVIWj4B/RmpnNnfVNmlnyJwNnb5Wek5YoYbFii5qAGgYAkYJYM4CCONvcCHNmavroicnyX/e0r1k0B56eVyASKmiiAS0zRnGrGmv6t27t3zjG99IbNK++c1vyiuvvNK0IvZAoAAE/DNSO5V5q7ZJ24F2Vs6GTV8jPSawcqbdL2gfAtYIYM4CKOIfPKHNmavvt4+/J6fd3LVk0J55bWKAaKmiaAQ0zRnGLLo3rV69Wi655JLEBs2tol199dWydevW6Eo5AoEcEvDPSO3Q56+2Zc7emLFWXnyXlTPtfkH7ELBGAHMWQBH/4KmGOXN1XvjoOyVz5trpMWJqgIipokgEtMwZxixZL+ratat8+ctfTmzSvvOd78jrr7+erHLOgkAOCPhnpHao1lbORsxcK93GY860+wXtQ8AaAcxZAEX8g6da5szVe8HDbzcYtFfHzQwQNVUUhYCGOcOYpes9dXV1csEFFyQ2aG4V7YYbbuDLgNJh5myjBPwzUjs8t3J2t6G3NWLOtHsE7UPAJgHMWQBd/IOnmubM1f2bjm81GLQRk+cFiJwqikAga3OGMSu/1zz11FPy+c9/PrFJ+/73vy8jR44sv0GuhIABAv4ZqR3KgtXb5K4Bdj5zNvLjdfLCO8vVsFjRRQ0ADUPAKAHMWQBh/A2u2ubM1X/ug8MbDNqEmUsCRE8VeSeQpTnDmFXeW2bPni1nnXVWYoN2+OGHV94oNUBAkYB/RiqGUGp64Sfb5a4BC7TDaGj/rVnr5PlxmLMGILyAAARKBDBnATqCf/BkYc5cG7++f2jJoJ3Z5gWZvlDvm54CoKOKAASyMmcYswBiNari4YcfTmTQOnfu3OgqXkIgfwT8M1I7cmfO7nwVc+Z1sKKLj4cSAhD4lADmLEBP8De4rMyZa+ecv79eMmgXtn1JFq1YFyALqsgrgSzMGcasOr1j6tSp8otf/CLSpLVq1ao6DVMrBDIk4J+RGTbZbFOL1myXOwyZs9Gz10mXsaycNSsWOyFQwwQwZwHE9w+eLM2Za+usdq+WDNofHuwrn2zYEiATqsgjgWqbM4xZ9XvFfffd18SgHXnkkVJfX1/9xmkBAlUm4J+RVW6mxeoXfbLN1MrZmDnr5dm3l7UYd7VOsKJLtfKjXgjklQDmLIBy/gaXtTlz7f3qrr4lg/aXx16T7Tt3BciGKvJGoJrmDGOWXW9499135Sc/+UmDSevevXt2jdMSBKpIwD8jq9hEoqqtrZxhzhLJxkkQqDkCmLMAkvsHj4Y5+5/O0+T/3N67ZNBufXZ4gGyoIm8EqmXOMGY6PeGOO+6Q3//+9zqN0yoEqkDAPyOrUHWqKhev2S6397fzmbOxc9dL5zGsnKUSkZMhUAMEMGcBRPYPHg1z5tr83dNT5PRbe5YM2n09RgfIiCryRKAa5gxjlqceQKwQsE3APyO1o6xb68zZfO0wGtofN2+DPDNa763LVnRpAMILCECgRABzFqAj+Bucljlz7f73P9+X//xbt5JBe7Tv+ABZUUVeCIQ2ZxizvChPnBDIBwH/jNSOdsnaHXJbPzvm7J156+Xp0aycafcL2oeANQKYswCK+AePpjlzbbd67N2SOXPxdBk8KUBmVJEHAiHNGcYsD4oTIwTyRcA/I7WjXrJuh9xqyJyNn79BnhrFypl2v6B9CFgjgDkLoIh/8GibM9f+hZ3GNRi03m9NC5AdVVgnEMqcYcysK018EMgnAf+M1I5+ydrtcms/O585e3fBRnnyraVqWKzoogaAhiFglADmLIAw/gZnwZy5GM5/aHSDQRs8YXaADKnCMoEQ5gxjZllhYoNAvgn4Z6R2FkuNrZxNWLBB/vkWK2fa/YL2IWCNAOYsgCL+wWPFnLk4zuswssGgjflwYYAsqcIqgUrNGcbMqrLEBYFiEPDPSO1snDlr09fOZ87eW7hRnniTlTPtfkH7ELBGAHMWQBH/4LFkzlws5z7wRoNBmzxH769zARBTRQyBSswZxiwGLIcgAIEgBPwzMkhlFVRSv36H3GLInL2/aJM8NnJJBRlVdqkVXSrLgqshUDwCmLMAmvobnDVz5uL5r/sGlwzaObd3l1l1qwNkSxXWCJRrzjBm1pQkHggUk4B/Rmpnt6xkzuZph9HQ/vuLNspjI1k5awDCCwhAoEQAcxagI/gHj0Vz5mI6+57XSgbtor/3lvpPNgbImCosESjHnGHMLClILBAoNgH/jNTOctmGnfK3PnbM2eTFm6TTCFbOtPsF7UPAGgHMWQBF/IPHqjlzcZ3Vtn/JoP3xoVdlw5btAbKmCisE0pozjJkV5YgDArVBwD8jtbN1K2d/M/S2xg/qNskjwzFn2v2C9iFgjQDmLIAi/sFj2Zxd/Ox0OfPOV0oG7cYnh8ievXsDZE4VFgikMWcYMwuKEQMEaouAf0ZqZ718ww5TK2eYM+0eQfsQsEkAcxZAF//gsWzOXGz/88yHcsZtvUoG7a7nRwbInCosEEhqzjBmFtQiBgjUHgH/jNTOfMWGndLa0Nsapy7ZLA+9UaeGxYouagBoGAJGCWDOAgjjb3DWzZmL76InJ8vpt7xYMmgder0dIHuq0CaQxJxhzLRVon0I1C4B/4zUJrBi4065+RU7nzn7cOlm+QfmTLtb0D4EzBHAnAWQxD948mDOXIy/fWKinNa6a8mgPTXwvQAEqEKTQEvmDGOmqQ5tQwAC/hmpTWLlxp1ykyFzNm3JZumIOdPuFrQPAXMEMGcBJPEPnryYMxdnq0fHl8yZi73bG1MCUKAKLQJx5gxjpqUK7UIAAp6Af0b637XKVZt2yU0vz9Vqvkm7Hy3dLB2G8bbGJmDYAYEaJ4A5C9AB/IMnT+bMxXrBw283GLR+b88IQIIqNAhEmTOMmYYatAkBCBxMwD8jD96f9e/WVs6m12+RB4cuzhpDQ3tWdGkIiBcQgECJAOYsQEfwN7i8mTMX72/+MarBoL3xvp2/KAaQpWaqaM6cYcxqRn4ShYB5Av4ZqR3oqk075caX7XzmbEb9FnkAc6bdLWgfAuYIYM4CSOIfPHk0Zy7m8x4c0WDQ3pmu91e8AFLUZBUHmzOMWU12A5KGgFkC/hmpHeDqTbvkRkNva5y5bIu0H6L3zLWii3a/oH0IWCOAOQugiL/B5dWcubh/ff/QkkE7429dZdqCFQGoUEVWBBqbM4xZVtRpBwIQSErAPyOTnl+t81Zv3iU39LbzDpFZy7fKfYMXVSvdFuu1okuLgXICBGqMAOYsgOD+Bpdnc+ZiP+feQSWDdv7dPWXBsrUByFBFFgS8OWvTeVjDCqgzaWwQgAAELBDwz0jtWD7ZvEv+asqcbZH7BrNypt0vaB8C1ghgzgIo4h88eTdnLv6z2w0oTfAve6CPrFq3OQAdqqg2AW/OfD/EmFWbOPVDAAJpCPh7U5prqnHumi275Ppec6pRdVl1zl6xVe4dxMpZWfC4CAIFJoA5CyCuf/AUrryxS8NKTOFyu+m5QuaGMQswoKkCAhAISsA/P4JWWkZla4ytnM1duU3ueX1hGZmEucSKLmGyoRYIFIcA5iyAlv4GR1lMw5MXXTFmAQYzVUAAAsEJ+Hto8IpTVujM2fW97HzmbO7KrXLP66ycpZSR0yFQeAKYs8JLTIIQgAAEIAABPQLenPWbvEqK8Pb/ouXQY8JKvc5ByxCAQBMCmLMmSNgBAQhAAAIQgEAoAt6chaqv3HrWbdkt171k5zNnC1Zvk7sH8rbGcvXkOggUlQDmrKjKkhcEIAABCEDAAAEz5mzrbvkL5qyhR1jRpSEgXkAAAiUCmDM6AgQgAAEIQAACVSNgxQSs37pbru1pZ+Vs0Sfb5c4BC6rGvaWKrejSUpwch0CtEcCc1Zri5AsBCEAAAhDIkIAVE+DMmaWVs8Vrtssdr2LOMuyKNAWBXBDAnOVCJoKEAAQgAAEI5JOAJXNmaeWsbs12uR1zls9OTdQQqCIBzFkV4VI1BCAAAQhAoNYJWDFnG7btlmsMva1xydrtclt/Vs5qfXyQPwQOJoA5O5gIv0MAAhCAAAQgEIyAFXO2cdtu+XOP2cHyqrSipet2yK395ldaTdnXW9Gl7AS4EAIFJYA5K6iwpAUBCEAAAhCwQMCKCdi0fY8pc1a/boe0wZxZ6KLEAAFTBDBnpuQgGAhAAAIQgECxCFgyZ3960c7K2bL1O+SWvqycFau3kw0EKieAOaucITVAAAIQgAAEIBBBwI452y1/MvS2xhUbdkrrPvMiqFV/txVdqp8pLUAgXwQwZ/nSi2ghAAEIQAACuSJgxQRs3r5HLK2cYc5y1Y0JFgKZEcCcZYaahiAAAQhAAAK1R8CMOduxR6429LbGlRt3ys2vsHJWeyOCjCEQTwBzFs+HoxCAAAQgAAEIVEDAijnbsmOPXNXdzmfOVm/aJTe+PLcCspVdakWXyrLgaggUjwDmrHiakhEEIAABCEDADAErJmDrzr1yVfdZZris3rRTbnyZlTMzghAIBIwQwJwZEYIwIAABCEAAAkUkYMWcbdu5V/7YzY45W7N5l/y1NytnRezz5ASBSghgziqhx7UQgAAEIAABCMQSsGLOtu7cI3809LbGtVt2y/W95sSyq+ZBK7pUM0fqhkAeCWDO8qgaMUMAAhCAAARyQsCKCXArZ1caWjlbu2WXXN+LlbOcdGPChEBmBDBnmaGmIQhAAAIQgEDtEbBizrbvsmXO1m/dLX95iZWz2hsRZAyBeAKYs3g+HIUABCAAAQhAoAIClszZ/33BzmfONmzbLdf2xJxV0LW4FAKFJIA5K6SsJAUBCEAAAhCwQcCKOduxe69c8cLHNqCIyMZtu+UazJkZPQgEAlYIYM6sKEEcEIAABCAAgQISsGLOdu7eJ1d0tWPONm3fI3/uofd/16zoUsAuT0oQqIgA5qwifFwMAQhAAAIQgEAcASsm4NOVMztva3T/FPvqFzFncX2HYxCoRQKYs1pUnZwhAAEIQAACGRGwYs527t4rl3fFnHnZreji46GEAAQ+JYA5oydAAAIQgAAEIFA1AlZMwK49++RyQ29rdP937SrF/7tmRZeqdTwqhkBOCWDOciocYUMAAhCAAATyQMCKCdi9Z5/84Xk7nznT/mp/K7rkoQ8TIwSyJIA5y5I2bUEAAhCAAARqjIAVE7B77z75PeasofdZ0aUhIF5AAAIlApgzOgIEIAABCEAAAlUjYMUE7NkrctlzM6uWZ9qK3WfgrlD8v2tWdEnLjfMhUHQCmLOiK0x+EIAABCAAAUUCVkzAHmMrZ9qfgbOii2LXpGkImCSAOTMpC0FBAAIQgAAEikHAiglw5uyy5+x85mzXHt1vj7SiSzF6OVlAIBwBzFk4ltQEAQhAAAIQgMBBBKyYgL379smlht7WqL2SZ0WXg7oLv0Kg5glgzmq+CwAAAhCAAAQgUD0CVkzAvn0il3ax85mzvft0PwNnRZfq9TxqhkA+CWDO8qkbUUMAAhCAAARyQcCbAPXy5ufkki4zRT2Om55riMFCPLnoRAQJgRoigDn2eegLAAACVUlEQVSrIbFJFQIQgAAEIJA1AUtm6Ky2AxqMkYW4zm73qno8WfcH2oMABOIJYM7i+XAUAhCAAAQgAAEIQAACEIBAJgQwZ5lgphEIQAACEIAABCAAAQhAAALxBDBn8Xw4CgEIQAACEIAABCAAAQhAIBMCmLNMMNMIBCAAAQhAAAIQgAAEIACBeAKYs3g+HIUABCAAAQhAAAIQgAAEIJAJAcxZJphpBAIQgAAEIAABCEAAAhCAQDwBzFk8H45CAAIQgAAEIAABCEAAAhDIhADmLBPMNAIBCEAAAhCAAAQgAAEIQCCeAOYsng9HIQABCEAAAhCAAAQgAAEIZEIAc5YJZhqBAAQgAAEIQAACEIAABCAQTwBzFs+HoxCAAAQgAAEIQAACEIAABDIhgDnLBDONQAACEIAABCAAAQhAAAIQiCeAOYvnw1EIQAACEIAABCAAAQhAAAKZEMCcZYKZRiAAAQhAAAIQgAAEIAABCMQTwJzF8+EoBCAAAQhAAAIQgAAEIACBTAhgzjLBTCMQgAAEIAABCEAAAhCAAATiCWDO4vlwFAIQgAAEIAABCEAAAhCAQCYEMGeZYKYRCEAAAhCAAAQgAAEIQAAC8QQwZ/F8OAoBCEAAAhCAAAQgAAEIQCATApizTDDTCAQgAAEIQAACEIAABCAAgXgCmLN4PhyFAAQgAAEIQAACEIAABCCQCQHMWSaYaQQCEIAABCAAAQhAAAIQgEA8AcxZPB+OQgACEIAABCAAAQhAAAIQyIQA5iwTzDQCAQhAAAIQgAAEIAABCEAgnsD/D1j7nqpT+aPeAAAAAElFTkSuQmCC</file>
    </questiontext>
    <generalfeedback format="html">
      <text></text>
    </generalfeedback>
    <defaultgrade>1.0000000</defaultgrade>
    <penalty>0.3333333</penalty>
    <hidden>0</hidden>
    <idnumber></idnumber>
    <single>false</single>
    <shuffleanswers>true</shuffleanswers>
    <answernumbering>none</answernumbering>
    <showstandardinstruction>0</showstandardinstruction>
    <correctfeedback format="html">
      <text>Your answer is correct.</text>
    </correctfeedback>
    <partiallycorrectfeedback format="html">
      <text>Your answer is partially correct.</text>
    </partiallycorrectfeedback>
    <incorrectfeedback format="html">
      <text>Your answer is incorrect.</text>
    </incorrectfeedback>
    <shownumcorrect/>
    <answer fraction="0" format="html">
      <text><![CDATA[<p dir="ltr" style="text-align: left;">A</p>]]></text>
      <feedback format="html">
        <text></text>
      </feedback>
    </answer>
    <answer fraction="50" format="html">
      <text><![CDATA[<p dir="ltr" style="text-align: left;">B</p>]]></text>
      <feedback format="html">
        <text></text>
      </feedback>
    </answer>
    <answer fraction="0" format="html">
      <text><![CDATA[<p dir="ltr" style="text-align: left;">C</p>]]></text>
      <feedback format="html">
        <text></text>
      </feedback>
    </answer>
    <answer fraction="0" format="html">
      <text><![CDATA[<p dir="ltr" style="text-align: left;">D</p>]]></text>
      <feedback format="html">
        <text></text>
      </feedback>
    </answer>
    <answer fraction="50" format="html">
      <text><![CDATA[<p dir="ltr" style="text-align: left;">E</p>]]></text>
      <feedback format="html">
        <text></text>
      </feedback>
    </answer>
  </question>

<!-- question: 130249  -->
  <question type="multichoice">
    <name>
      <text>Question 26</text>
    </name>
    <questiontext format="html">
      <text><![CDATA[<p dir="ltr" style="text-align: left;"><span id="docs-internal-guid-bea0fd1d-7fff-f031-609e-9968f7e3062a">The image on the left shows a cube intersected by a ray. The image on the right shows an unfolded version of that cube. Indicate the intersection points of the ray with the faces of the cube by <strong>selecting TWO possible options</strong> of the intersection as shown in the image.</span><br></p><p dir="ltr" style="text-align: left;"><strong><img src="@@PLUGINFILE@@/26.png" alt="" role="presentation" class="img-fluid"><br></strong></p>]]></text>
<file name="26.png" path="/" encoding="base64">iVBORw0KGgoAAAANSUhEUgAAA1cAAAGHCAYAAABcY6j2AAAgAElEQVR4Ae29WZAcRbrvycM1G7N5qod5mIcZszLrMRsbm5e+02ZjY3bPvae6D1uDADV9Dn26gabobmhWIUGzdqNiBwGixCIESCC0C60I7RKQWhBiERRCe2kplfY9tZRU2r8xL3UUWVnpURkZke5fRP7CrCwzPSM8Pv/9vwiPf3mE52XCAgEIQAACEIAABCAAAQhAAAKxCVwWuwYqgAAEIAABCEAAAhCAAAQgAAHBXJEEEIAABCAAAQhAAAIQgAAEEiCAuUoAIlVAAAIQgAAEIAABCEAAAhDAXJEDEIAABCAAAQhAAAIQgAAEEiCAuUoAIlVAAAIQgAAEIAABCEAAAhDAXJEDEIAABCAAAQhAAAIQgAAEEiCAuUoAIlVAAAIQgAAEIAABCEAAAhDAXJEDEIAABCAAAQhAAAIQgAAEEiCAuUoAIlVAAAIQgAAEIAABCEAAAhDAXJEDEIAABCAAAQhAAAIQgAAEEiCAuUoAIlVAAAIQgAAEIAABCEAAAhDAXJEDEIAABCAAAQhAAAIQgAAEEiCAuUoAIlVAAAIQgAAEIAABCEAAAhDAXJEDEIAABCAAAQhAAAIQgAAEEiCAuUoAIlVAAAIQgAAEIAABCEAAAhDAXJEDEIAABCAAAQhAAAIQgAAEEiCAuUoAIlVAAAIQgAAEIAABCEAAAhDAXJEDEIAABCAAAQhAAAIQgAAEEiCAuUoAIlVAAAIQgAAEIAABCEAAAhDAXJEDEIAABCAAAQhAAAIQgAAEEiCAuUoAIlVAAAIQgAAEIAABCEAAAhDAXJEDEIAABCAAAQhAAAIQgAAEEiCAuUoAIlVAAAIQgAAEIAABCEAAAhDAXJEDEIAABCAAAQhAAAIQgAAEEiCAuUoAIlVAAAIQgAAEIAABCEAAAhDAXGUgB/L5fAZaQRMgAAEIQAACEIAABCCQbgKYq3Tr1xV9LpeTyy67TPr37y+NjY3S1NQkpowFAhCAAAQgEJfALweNEv70MoirL9tDAALJEsBcJcvTS23Nzc1d5soYrOK/gQMHeomJnUIAAhCAQDYIaDFW1z2/QI3Ju/4FPbFkI8toBQSyQwBzlQEtzWhVsakKPmOuMiAwTYAABCDgkUBgrjyG0LXrm0eu8x1C9/5vGbVOLl7s/ujljRZdvDSenUJAMQHMlWJxyg2toaHBaq5mzpxZbjWsBwEIQAACEOhFQMtF/C0j/RuaAM4f318v5y/4dVdadAmY8AoBCFwigLnKQCbU1dVZzVVbW1sGWkgTIAABCEDAFwEtF/FmtMizn+mWAHPVjYI3EIBAEQHMVRGQtH1saWmxGitjulggAAEIQAACcQhoMVe3jvI/WhRwbPxgvZw9z8hVwINXCEDgJwKYq59YpPLd6NGjrebq5z//eSrbRNAQgAAEIKCHgBZzpWG0KFDFmKsz5y4EH728atHFS+PZKQQUE8BcKRannNCYKbAcSqwDAQhAAAKVEtByEW/M1TnPo0UBw9tHb8BcBTB4hQAEehDAXPXAkb4P5retgpkBi1/NqBYLBCAAAQhAIA4BPeZqnZyr4KGrZcuWyR133CG/+MUvuvpL82o+m/JKlz9/uEE6zzJyVSk/toNAlglgrlKubn19vdVcMVNgysUlfAhAAAIKCGgxV7dVMHI1ePBgax9p/iFpvq9k+cuYjXLqzPlKNk1sGy26JNYgKoJARghgrlIsZD6fD+00mCkwxeISOgQgAAElBLRcxN8WcRKJvoxVcLdHJQbrjjEb5OQZRq6UpChhQEAVAcyVKjmiBZPL5azmisksorFkbQhAAAIQKE1Ai7mKMomEueUvME/lvEa9RfDOsRul4zQjV6UzhlII1DYBzFWK9Q+bzMI8i8UCAQhAAAIQiEtAi7kyk0icLnOGPvNMVTmmKljHrB9lMebqROe5KJskvq4WXRJvGBVCIOUEMFcpFrCxsdHaeQwcODDFLSN0CEAAAhDQQkDLRfyfjLkqcxKJYPKKwDz19WrWj7LcNW6jHO9k5CoKM9aFQK0QwFylWOmGhgaruWIyixQLS+gQgAAEFBHQYq5uH71eTp8r74d7+zJTpb6Pgvzu8Zvk2ClGrqIwY10I1AoBzFWKla6rq7OaKyazSLGwhA4BCEBAEQEt5sqMXJU7/Xm1R67uGb9R8icxV4rSlFAgoIYA5kqNFNECaWlpsRorY7pYIAABCEAAAkkQ0GKuovy2VLWfubp3wibMVRLJRR0QyCABzFVKRTU/EFzqtgZTxkyBKRWVsCEAAQgoJKDJXJ0qc/rzas8WeN/EVjnScdarWlp08QqBnUNAIQHMlUJRygkpbKZAJrMohyDrQAACEIBAOQS0XMSbH+49GeGHe6v5O1f3T9wkh05grsrJH9aBQK0RwFylVHEz1bpt5MqMarFAAAIQgAAEkiCgxVzdYcxVxN+W6stgVfIDwobpgEmtmKskkos6IJBBApirlIpaX19vNVfMFJhSUQkbAhCAgEICWszVX8ZskJNl3hZYiNHcImiewQomuTCv5nPUHw4urHPg5FY5cJyRq0ImvIcABC4RwFylMBPy+bzVWJnRLGYKTKGohAwBCEBAKQEt5uqOMRukI+LIVbWQGnO1/9iZalVfVr1adCkrWFaCQA0RwFylUOxcLmc1V0xmkUJBCRkCEICAYgJaLuLvHLtRTigxV4M+2oy5UpyzhAYBnwQwVz7pV7jvsMkszLNYLBCAAAQgAIGkCGgxV3815qrzfFLNilXPQ1M2y96jjFzFgsjGEMgoAcxVCoVtbGy0jlwxU2AKBSVkCEAAAooJqDFX4zbK8U6/P9wbyGTM1Z786eCjl1ctunhpPDuFgGICmCvF4thCa2hosJorJrOwUaMcAhCAAAQqIaDlIv6ucZvkmBJz9fDUzbI7z8hVJfnENhDIOgHMVQoVrqurs5orJrNIoaCEDAEIQEAxAT3myoxc6bgt8JFpW2TXEUauFKctoUHAGwHMlTf0le24paXFaqyM6WKBAAQgAAEIJElAk7k6pshc7TzcmSTmyHVp0SVy4GwAgYwTwFylTGDzA8G2Hw9mpsCUiUm4EIAABFJAQMtF/N3jN8nRUzqeuXps+hbZcZiRqxSkLyFCwDkBzJVz5PF2GDZTIJNZxGPL1hCAAAQg0JuAFnN1jyJz9fiMrdJ+iJGr3tlCCQQggLlKWQ6YqdZtI1dmVIsFAhCAAAQgkCQBLebq3gmbJH9Sx8jVEzO2SNtBzFWSeUZdEMgKAcxVypSsr6+3mitmCkyZmIQLAQhAIAUEAnM1bdV+uXnkOv6UMRi3cl8KsogQIVA7BDBXKdI6n89bjZUZzWKmwBSJSagQgAAEUkIgMFe+wzUjV0eUjFw9+fE22XrwlFckWnTxCoGdQ0AhAcyVQlFsIeVyOau5YjILGzXKIQABCEAgDgEtF/H3aTJXM7fKlgOYqzh5xbYQyCoBzFWKlA2bzMI8i8UCAQhAAAIQSJqAGnM1cZMc7jibdPMqqm/wx9swVxWRYyMIZJ8A5ipFGjc2NlpHrpgpMEVCEioEIACBFBHQYq7un9gqhyo0V1dddVWP/nPSpEmxFHhqVpu07j8Zq464G2vRJW472B4CWSOAuUqRog0NDT06h8JZA5nMIkVCEioEIACBFBHQchE/YFKrHDoRfeTqZz/7mdx9993dxJcvX97Vl8YxWE/N2iat+7ktsBsqbyAAgW4CmKtuFPrf1NXVWc0Vk1no148IIQABCKSRgCZzdTCiuTIGyvwjsngxI1nmr9LlmU/aZOM+Rq4q5cd2EMgygd5nnCy3NsVta2lpsRorY7pYIAABCEAAAtUgkGZzNWTIEGvfGcdcPTu7TTbsxVxVI9+oEwJpJ4C5SomC5geCC28DLHzPTIEpEZEwIQABCKSQgBZz9cCkVok6chWYq6SxY66SJkp9EMgOAcxVSrQMmymQySxSIiJhQgACEEghAS3mauCkVjlwPNozV8FtgVu3bk2U/PNztsu6PR2J1hm1Mi26RI2b9SGQdQKYq5QobKZaLxytKnxvRrVYIAABCEAAAtUgoOUifuDkzbL/+JnITTT9pZnUonAxE1zEmdDihbnbZe1uzFUhU95DAAKXCGCuUpIJ9fX1VnPFTIEpEZEwIQABCKSQgBZzNWjyZtl3LLq5MsiNuSr8p6S5XTDO8uLc7bIGcxUHIdtCILMEMFcpkDafz/foFAo7CPOemQJTICIhQgACEEgpAS3m6sGPKjdXSaN/ad52+XEXI1dJc6U+CGSBAOYqBSrmcjmruWIyixQISIgQgAAEUkxAi7kaNLm14pGrpPEPmd8uq3eeSLraSPVp0SVS0KwMgRoggLlKgchhk1mYZ7FYIAABCEAAAtUioOUi3oxc7a3wtsCk2bw8v11+wFwljZX6IJAJApirFMjY2NhoHblipsAUCEiIEIAABFJMQIu5esiYq6OVPXOVNP5XFrRLyw5GrpLmSn0QyAIBzFUKVGxoaLCaKyazSIGAhAgBCEAgxQTUmKspm2WPEnM1dOEO+a79uFdVtejiFQI7h4BCApgrhaIUh1RXV2c1V0xmUUyLzxCAAAQgkCQBLRfxf5uyRXbnTyfZtIrrGrqwXb5rZ+SqYoBsCIEME8BcKRe3paXFaqyM6WKBAAQgAAEIVJOAFnP18NQtskuJuXpt0Q5ZtZ2Rq2rmHXVDIK0EMFfKlTM/EFw89XrwmZkClYtHeBCAAAQyQECNuZqyWXbndTxzNWzxTvmm7ZhXdbXo4hUCO4eAQgKYK4WiFIbU1NRkNVdMZlFIivcQgAAEIFANAlou4jWNXA1bvEO+aWPkqhr5Rp0QSDsBzJVyBc1U68FIVfGrGdVigQAEIAABCFSTgBZz9cjULbLziI5nrt74dKd8tY2Rq2rmHXVDIK0EMFfKlauvr7eaK2YKVC4e4UEAAhDIAAEt5urRaXrM1Zuf7ZSVWzFXGUhvmgCBxAlgrhJHmlyF+XzeaqzMKBYzBSbHmpogAAEIQKA0AU3masfhztJBOi7FXDkGzu4gkCICmCvFYuVyOau5YjILxcIRGgQgAIEMEdBirh6bvlXalZir4Z/vkhVbjnpVWYsuXiGwcwgoJIC5UihKEFJzc7PVXJlnsVggAAEIQAAC1Sag5SL+sWlbZMdhHc9cvZ3bJV9sxlxVO/eoHwJpJIC5UqxaY2Oj1VwxU6Bi4QgNAhCAQIYIqDFX07eoGbkakdslyzFXGcpymgKB5AhgrpJjmXhN5ta/4hkCg89MZpE4biqEAAQgAIESBLSYq8enb5Xth3Q8c/XOkt2yrDVfgpa7Ii26uGsxe4JAOghgrhTrVFdXZzVXTGahWDhCgwAEIJAhAlou4p+YsVXalJird5fulqWbMFcZSnOaAoHECGCuEkOZbEUtLS1WY2VMFwsEIAABCEDABQEt5urvxlwd1DFy9d7S3bIEc+Ui/dgHBFJHAHOlVDLzA8HBLYDFr8wUqFQ0woIABCCQQQJqzNXMbbLt4CkVhEcu2y25jYxcqRCDICCgjADmSpkgQThNTU1Wc8VkFgElXiEAAQhAoNoE1JirGVtlm5KRq/eX75HPNhypNvrQ+rXoEhokX0KgBglgrpSKbqZaLx6xCj6bUS0WCEAAAhCAgAsCWi7i/zETc1WotxZdCmPiPQQgIIK5UpoF9fX1VnPFTIFKRSMsCEAAAhkkoOUi3pirrQd03Bb4wRd75NP1jFxlMN1pEgRiE8BcxUaYfAX5fN5qrMzoFTMFJs+cGiEAAQhAoDQBLebqyY+3yRYl5urDFXtl0brDpYE5KtWii6PmshsIpIYA5kqhVLlczmqumMxCoWCEBAEIQCDDBLRcxA825mq/jpGrD1fskUXrGLnKcNrTNAhUTABzVTG66m3Y3NxsNVfmWSwWCEAAAhCAgCsCWsxV06xtsnn/SVfNDt3P2C/3yoK1jFyFQuJLCNQoAcyVQuEbGxut5oqZAhUKRkgQgAAEMkxAi7kyI1eblYxcjVu5T+avOeRVdS26eIXAziGgkADmSqEo5ta/YGbA4lcms1AoGCFBAAIQyDABLRfxZuSqVYm5Gr9yr8xfw8hVhtOepkGgYgKYq4rRVW/Duro6q7liMovqcadmCEAAAhDoTUCLuXrKmKt9Op65mvDVPpn7IyNXvbOFEghAAHOlLAdaWlqsxsqYLhYIQAACEICASwKBuZq2ar/cPHIdf8oYmFsUWSAAAT0EMFd6tOiKxPxAcPGtgMFnZgpUJhbhQAACEKgBAoG58t3Upz9pk417dUxoMenrfTJ7NSNXvnOC/UNAIwHMlTJVmpqarOaKySyUiUU4EIAABGqAgBZz9cxsPeZq8jf75ZMfDnpVX4suXiGwcwgoJIC5UiaKmWo9GKkqfjWjWiwQgAAEIAABlwS0XMRrGrma8u1++bgFc+UyD9kXBNJCAHOlTKn6+nqruWKmQGViEQ4EIACBGiCgxVyZkasNSm4LxFzVQOLTRAhUSABzVSG4amyWz+etxsqMYjFTYDWoUycEIAABCIQR0GKunjXmao+OZ66mrtovM79n5Cosb/gOArVKAHOlSPlcLmc1V0xmoUgoQoEABCBQQwS0mKvn5rTJ+j0dKshP/+6AmD+fixZdfDJg3xDQSABzpUiV5uZmq7kyz2KxQAACEIAABFwT0HIR/9yc7bJuN+Yq0F+LLkE8vEIAApcIYK4UZUJjY6PVXDFToCKhCAUCEIBADRHQchH//NztslaJuZr5/QGZuoqRqxo6DGgqBMomgLkqG1X1VzS3/hXPEBh8ZjKL6vNnDxCAAAQg0JuAGnM1p03NyJWZKdBMauFz0aKLTwbsGwIaCWCuFKlSV1dnNVdMZqFIKEKBAAQgUEMEtFzEaxq5umSuGLmqocOApkKgbAKYq7JRVXfFV9+fZjVW/+V/+p8l6Nx4HQWLQdVlUN1Mp3YIQCBtBIJ+x3fcL8zdLmt26XjmyvyAsPkhYZ+LFl18MmDfENBIAHOlQJVpS9fK/3Xl7VZzVfe//Z8YiiobiqCT4nWUgiOCECAAAU0EgvOi75henKfHXM1efUgmfb3PKxItuniFwM4hoJAA5sqzKMZYmRNk/f93vdVcMZmFZ5EyvPv8iVNyd/OsHuY9w82laRCAQAUEtFzEvzivXX7ceaKCFiS/yZzVB2Xi14xcJU+WGiGQfgKYK48aBsbKdFz/77/8ymquRo8e7TFKdp1VAoXGqtBgZbW9tAsCEKiMgBZz9dL8dlmtxFzN/fGQTPiKkavKMoqtIJBtApgrT/oWGqupS9ZIfX291VwxU6AnkTK822JjZT5ruYDKMHaaBoFUEtBybnhp3nZZvVPHM1fz1hyW8Sv3etVTiy5eIbBzCCgkgLnyIEqxscrn81ZjZaZiZ6ZADyJleJeljJVpLh11hkWnaRCIQUDLuWHIfGOudNwWOH/NIRm3kpGrGGnFphDILAHMlWNpi42V2X0ul7OaK/PbVywQSIqAzViZ+rVcQCXVVuqBAASSIaDl3DBkfrv8sEOHuVqw9rCM/ZKRq2QyjFogkC0CmCuHepYyVmb3zc3NVnPVv39/hxGyqywTCDNWpt1aLqCyrAFtg0AaCWg5N7y8oF1alJirResOy4crMFdpzGdihkC1CWCuqk34n/XbjJX5urGx0WqumCnQkUAZ301fxso0X8sFVMaloHkQSB0BLeeGV4y5aj+ugh/mSoUMBAEBlQQwVw5kCTNWZvfm1j/zbFWpPyazcCBQxndRjrEyCLRcQGVcDpoHgdQR0HJueGXhDvleiblavP6IjP5ij1cttejiFQI7h4BCApirKovSl7Eyu6+rqytprJjMosri1ED15Rorg4KOugYSgiZCoAICWs4NZuTq+3Ydz1x9tuGIvL8cc1VBOrEJBDJPAHNVRYnLMVYtLS1WY2VMFwsEKiUQxViZfWi5gKq0vWwHAQhUh4CWc8OrCzFXhQpr0aUwJt5DAAIimKsqZUE5xsrs2vxAcKnbAU1ZQ0NDlaKj2qwTiGqsDA866qxnBe2DQGUEtJwbXl24Q77bruOZq9zGIzJyGSNXlWUUW0Eg2wQwV1XQt1xjZXbd1NRkNVdMZlEFcWqgykqMlcGi5QKqBiSiiRBIFQEt54ahi3bIKiXmasmmvLy3dLdXHbXo4hUCO4eAQgKYq4RFiWKszK7NVOu2kSszqsUCgSgEKjVWZh901FFIsy4EaoeAlnPDa4t2yLdtOkauMFe1k/+0FAJRCWCuohILWT+qsTJVmWnY6+vrSxosZgoMgc1XvQjEMVamMi0XUL0aRgEEIOCVgJZzQ/PinfJt2zGvLIKdL2vNyztLGLkKePAKAQj8RABz9ROLWO8qMVbFOzRmyvygsDFc5nmrtra24lX4DIGSBOIaK1Oplguokg2kEAIQ8EZAy7lB08jV8s1HZURulzdNzI616OIVAjuHgEICmKsERCk0VuY9CwRcEkjCWJl46ahdqsa+IJAeAlrODc2Ld8g3Sm4L/GJzXt7OMXKVniwmUgi4I4C5iskaYxUTIJvHIpA/0Sl3N8/qMkbm1RitShctF1CVxs92EIBAdQhoOTcMM+Zqm47bAldsOSrDP2fkqjoZR60QSDcBzFUM/TBWMeCxaWwCSRorE4yWC6jYYKgAAhBIlICWc8OwT3fK10rM1Zdbj8lbn+1MlHPUyrToEjVu1odA1glgripUGGNVITg2S4RAb2PVGbteOurYCKkgJoEgB3kd1f3PDlj8xOLGocvk100zVbC5pmmmmHhqXZ/rnl+gkoHWuGo9X7S0P2ZX1efmmKs+EfVeAWPVmwkl7ghUw1iZ6IOTnruWsCcI9CQQ5KDPV60XZVrjcqnVb19bJtc0zeg+V7ncd/G+jMn7LeZKbh65ToUexfpojas4zmp91nq+0BJXz54n+U+Yq4hMMVYRgbF6ogSqZaxMkMFJPtGAqQwCEQhoyEFzUaZx8RmXBl2MJm98ulO+UnJb4Ddtx2TYYm4L9JmXYcep77h8HzO+22/TxndcrnTBXNkyoEQ5xqoEFIqcEaimsTKNcHXScQaMHaWOgIYc9N3520TzGZcGXQyXNz7bKSu36pjQAnN1KVN95qXtWDHlvuPyfcz4br9NG99xudIFc2XLgKJyjFURED46JVBtY2Ua4+qk4xQcO0sVAQ056LvztwnmMy4Nuhgub362U8xEEhqWb7cfl+ZFO7yGokEXn3kZBt93XL618d1+mza+43KlC+bKlgEF5RirAhi8dU7AhbEyjXJ10nEOkB2mhoCGHPTd+dvE8hmXBl0Ml7c+3yVfbjlqQ+S0/Lv24zJ0IebKZ16GCe47Lt/HjO/227TxHZcrXTBXtgz4ZznGqg9AfF1VAq6MlWmEq5NOVYFReaoJaMhB352/TUCfcWnQxXAx5sr8vpSGBXN1SQWfeRmWB77j8n3M+G6/TRvfcbnSBXNlywARwViFwOGrqhMoNFZ3vfaxmM/VXFyddKrZBupONwENOei787cp6DMuDboYLsNzu+SLzTrMVcuOE/LKwnabXE7KNejiMy/DIPuOy7c2vttv08Z3XK50wVxZMgBjZQFDsRMCro2VaZSrk44TgOwklQQ05KDvzt8mnM+4NOhiuAz/fKeakasfdpyQlxdgrnzmpe1YMeW+4/J9zPhuv00b33G50gVzVSIDMFYloFDkjIAPY2Ua5+qk4wwkO0odAQ056Lvzt4nmMy4NuhgumkauVu84IUMwV95NjMbjxcTk+5jxeb6waWLKfcflShfMVVEWYKyKgPDRKQFfxso00tVJxylQdpYqAhpysNLOf9myZXLHHXfIL37xC7nsssu6Xs1nU57EUmlcSexbgy6mHW/ndslyJbcF/rjzhLw0n5Ern3kZltu+4/J9zPhuv00b33G50gVzVZABGKsCGLx1TsCnsTKNdXXScQ6WHaaGgIYcrKTzHzx4cJehMqaq1J/5Pu5SSVxx9xlsr0EXE8uIJbtkeWs+CKvs12oY3zW7OuTFedvLjqEaK2rQxWdehjH1HZdvbXy336aN77hc6YK5+mcGYKxshwLlLggYY3VX86wug+Ni8opSbXJ10im1b8ogYAhoyMGonX9fxiowW3ENVtS4kswoDbqY9ryzZLcsi2iu+tKnUl3W7uqQFzBX3m/zsuW5z+NFw7nMd/trXRfMFbMC2o4Byh0R0GCsTFO1XEA5ws5uFBLQkINRLkrMiEhgnsp5jXOLYJS4kpZWgy6mTe8s3S1LN5U/ctWXsQo0q8RgrdvdIc/PZeTKZ16G5bnvuHwfM77bb9PGd1yudKl5c8WIle0QoNwFAS3GyrTV1UnHBVf2kU4CGnIwSudvnqkKLtDLeTXrV7pEiavSfdi206CLie2dJbtkaWt5U7FX2/hu2HNSnp3TZkPmpFyDLnHzshq3bBr4ceOKK6BvbXy338avkriSzBFXutS0ucJY2dKfchcENBkr015XJx0XbNlHOgloyMEonX8weUU5xsqsY9avdIkSV6X7sG2nQRcT27sRRq6qbXw37OmQZ+cwchUnL/saWaxkRDHI4ThxBXXEefV9zPhuv41d1LiSzhFXutSsucJY2VKfchcEtBkr02ZXJx0XfNlHOgloyMEonX+5pqpwvUqViRJXpfuwbadBFxObMVdLyrwtsNrGd+Pek/LMbEauKs3Lvi6ag2OmUoNVaVy2YyBque9jxnf7bbyixFWNHHGlS02aK4yVLe0pd0FAo7Ey7XZ10nHBmH2kk4CGHIzS+Vf7Ar5QxShxFW6XxHsNuph2vLd0t+Q2lvfMVXBxHuU1CqvWfafkqU+2Rdkk8XU16FJJXlb7lk0DupK4khTItza+229jWW5c1coRV7rUnLnCWNlSnnIXBLqM1Wt+ZwW0tdPVSce2f8ohoCEHy+38jVrVvvWsMCOixFW4XRLvNehi2jFy2R7JbTxSVpOqbXxb952Upz5h5KqSvHRx3FQSV1mJVeZKvo8Z3+23YZnZpeIAACAASURBVCo3rmrliCtdaspcYaxs6U65CwKajZVpv6uTjgvW7COdBDTkYLmdvyFcrf+ullIvSlylto9TpkEXE78xV59vKM9cVeviLOC4Zf8pGTyLkatK8rLaxtdoVElcgbZJvPo+Zny338aw3LiqlSOudKkZc4WxsqU65S4IaDdWhoGrk44L3uwjnQQ05GC5nX9AuBrPBQR1F75Gjatw27jvNehi2jBy2W75vMzbAqttfLceOCVPfoy5qiQvo9yqGawbNYcriSvqPsLW933M+G6/jU25cQW6R3m17bOw3JUuNWGuMFaFqcV71wTSYKwME1cnHdf82V96CGjIwXI7/0KqfRmsSh/KL9xHJXEVbh/nvQZdTPyjlu2Wz8ocuTLr96VLcOFWiT6Yq0sZVUleVmtUojDHK4mrcPu4730fM77bb+NXblzVyhFXumTeXGGsbClOuQsCaTFWhoWrk44L7uwjnQQ05GC5nX8xYTNSYm5FCy4KzKv5bMqTWCqNK4l9a9DFtOP95XsimSuzTV8GqxJjZeptO9gpf5+5NQm8FdehQZdK8rLat2waoJXEVbEQJTb0rY3v9pdA0lVUblzVyhFXumTaXGGsbOlNuQsCaTJWhoerk44L9uwjnQQ05GC5nb9rwj7j0qCL4W3M1afry3vmqlCfahjf7Yc65YkZmKtK8rLat2wa7YO4crlcYSo4e+/7mAna76zBZe6o3LiqlSOldKlGjmTWXGGsysx0VqsKgbQZKwOh1EmnKnCoFAIWAhpysNzO39KEqhX7jEuDLgbsB1/skcXrD1eNcZSK2w91yuOYq24TE4WdWbevEcU4t2ya+n0eL2b/vo8Z3+235UOUuKqRI650yaS5wljZ0ppyFwQuGauPu06ud732sZjPaVhcnXTSwIIY/RDQkINROn+XlHzGpUEXw3r0F3tl8Tod5mrH4U55bDojV3Hysq+L50pv2TS5EieuJI5r38eM7/bbGEaNK+kccaVL5swVxsqW0pS7IJBWY2XYuDrpuNCBfaSTgIYcjNr5uyLtMy4NuhjOl0auot8WWA2Ndh45LY9O21KNqsuuU4MucfOyGrdsGoBx4ypbBMuKvrXx3X4Llop0STJHXOmSKXOFsbKlM+UuCKTZWBk+rk46LrRgH+kkoCEHs3RRklQWaNDFtGX0F3tk0Tod5mrXkdPyCOaqoovlpPIyrB7fx7HvY8Z3+23a+I7LlS6ZMVcYK1sqU+6CQNqNlWHk6qTjQg/2kU4CGnLQd+dvU85nXBp0MVw+XLFXFim5LXB3/rQ8PJWRK595aTtWTLnvuHwfM77bb9PGd1yudMmEucJY2dKYchcEsmCsDCdXJx0XmrCPdBLQkIO+O3+bcj7j0qCL4WLM1cK1Op652nv0jDw0ZbNNLiflGnTxmZdhkH3H5Vsb3+23aeM7Lle6pN5cYaxsKUy5CwJZMVaGlauTjgtd2Ec6CWjIQd+dv005n3Fp0MVwGfPlXlmAuepOEQ26+MzLbhAl3viOy7c2vttfQpKuIt9xudIl1eYKY2VLX8pdEMiSsTK8XJ10XGjDPtJJQEMO+u78bcr5jEuDLobL2C/3yvw1h2yInJbvO3ZGHvyIkSufeRkmuO+4fB8zvttv08Z3XK50Sa25wljZUpdyFwSKjdWR46dc7Laq+3B10qlqI6g81QQ05KDvzt8moM+4NOhiuBhzpWXk6sDxszJwcqtNLiflGnTxmZdhkH3H5Vsb3+23aeM7Lle6pNJcFRqrR99dIKPnf8cfDJzlwIhZX4v5/SpzkJrXLBgrcyJ0ddKxnXQph4CGHPTd+duywGdcGnQxXC6NXOl45urA8TMycDIjVz7z0nasmHLfcfk+Zny336aN77hc6ZJKcxXA4XVU9wUxLNyzyJKxMifCIIdsJ0XKIVBtAkEOTlu1v+viyHTE/MGAHCAHyAFyIKkcuOKxidXuyiTV5ooRK0bsfOTAoOFzu4yIGcHK0hJc2GapTbQlXQQ05KDpwDUuPuPSoIvRZPzKfTLvRx3PXB3uOCf3T9zkNVU06OIzL8Pg+47Ltza+22/TxndcrnRJtbmyiUc5BKpJwBg6c4Ca1ywtrk46WWJGW5IloCEHfXf+NqI+49Kgi+Ey/qt9MleNuTor90/kmSufeWk7Vky577h8HzO+22/TxndcrnTBXNkygHIIWAhgrixgKIZATAKuOr6wMH13/rbYfMalQRfDZcJX+2TOah0jV/mT5+TeCYxc+cxL27Fiyn3H5fuY8d1+mzZJxPWzn/1M7r77btsuQstd6YK5CpWBLyHQmwDmqjcTSiCQBAFXHV9YrEl0/mH1V/qdz7g06GK4GXOlZeTq6Klzcs94zJXPvAw7lnzH5fuY8d1+mzZJxIW5stGNWe47aWOGz+YpJ4C5SrmAhK+WgIZzexKdfzUA+4xLgy6G6URFI1fHTp2TuzFXsUeIli9fLpdddpmY1yQXn8eLaYfvY8Z3+21aJhEX5spGN2a576SNGT6bp5wA5irlAhK+WgIazu1JdP7VAOwzLg26GKYTv94ns5XcFni887zcNW5jNaQuu04NusTNS8xV2XJHWjGuLpF2FmHlJOLCXEUAHmVVDSeUKPGybrYIuDBXFy+KHD5xWsYu/lEeGL5Ibn35E/nDizPkwXcXy/jP1si2vUcl39GZKFiOq0RxUlkFBDTkYNzO3/wXvvBv69atFZDovUncuHrXWH6JBl1MtJO+3i+f/HCw/MAL1gwu4gNtKn1mI6jyxOnz8texmKu4eRnowshVkFnJvMbVJZkoetcSNa4gP4LjdtKkSYK56s01kRItJ/pEGkMlqSNQbXN1+HinvDunRRpfnS3XDp4u1z/zifzmxQVyw4vz5Ybn50m/p2bKTc9Nl+YZ38im3UcS48dxlRhKKqqQgIYcjNr5FzbVXAAUmilzAW8uBJJY4sQVd/8adDFtmPxNZeYquEAzF2bBctVVV8W6Fa3j9Hm5E3PFbYFBQhW9+j5mfJ4vilD0+BglLnMuNefUIUOGdNdhzqemrNJ/jrjShQktuiXjDQTKI1BNc7VhxyF5ZORncu2TU+SG5+fLf775tdz2wUZpHLNVbvtws9w2emNX2b8PXSr9mmbIwLcXyY9b95cXeB9ruTrp9BEGX9cwAQ05GKXz70sqczFvLgSSWJKMK2o8GnQxMRtzNasl+siVMVLmL8nl5JnzcscYRq7i5mVgfM1rcOEc5+I50DhuXEE9lb76PmZ8t9/GLUpcxlSVOn8ycmWjG7Pcd9LGDJ/NU06gWuYq33FaHnpvsdzw9Ez5/fBv5bYPW+VP49rkzxPae/3dPnab3PzuD3LdMx/LA8MXyta9+dhUOa5iI6SCmAQ05GCUzr+4ucF/Ws0FQeFf4WhW8Tblfo4TV7n7sK2nQRcT2+Rv9smsCm4LjHMxZmPSefaC/PnDDbavnZRr0CVuXgbmyhwv5r1ZguOocMQiKtC4cUXdX/H6vrXx3f5iHsHnKHHZ/ikS53h2pUsy/1ILqDl6dQXHUXPYTcoIVMNcnTx9TobO+Fpue3We3PxOixjzVMpUFZc1jt0iv/77ZHlx8pdy4OjJWCQ5rmLhY+MECGjIwSidf2GTg4vEwgvCYOQKc1VIqvL3H1U4chXnYswWLebqEplKj5eAa3DcBMYqKI97S23cuII4Kn31fS7z3X4btyhxYa5sFKtU7jtpq9Qsqk0JgWqYq/mrtsgfXpolvx++qixTVWiybhm5Rvo1TZOR83+IRZDjKhY+Nk6AgIYcjNL5FzY5MFKlyjBXhVQqf//Rt/vlYyW3BZ45d0FuH83IVaXHS5AFNnNluyUs2K6v17hx9VV/X9/7Ppf5br+NT5S4bAbbjHLyzJWNcIxy30kbI3Q2zQCBpM3VsZOXbgc0k1Y0jtkS2VyZUa6bmr+Qu95YINv2VX57IMdVBpIz5U3QkINROv9C3MFFYjBpQnBrk7kQwFwVkqr8/ZRv98vM7w9EriAwvoE2pgLzX/Hi0ZIoFZ89f1EaP1gfZZPE103z8RLACI6bYi0wVwGhyl4rPY9Vtrfyt4oSV5AbhXcDmFFozFX5vCOtqeGEEilgVs4UgSTN1bnz52Xl+t1y43Oz5Ob3VlufsSocqSr1/rYPNslvXlwo4z9fK2Ya90oWjqtKqLFNkgQ05GCUzr+47cEFoen8zV9wUY+5KiZV2eepqw5UZK7M3gItAm0q/c93EPnZ8xek8QNGruIcL4ZlcAFdbK5soxYB/75e48bVV/19fe/7XOa7/TY+UeMqPm5Nnph/jFR6/LrShWeubBlAOQQsBJI0V8dPnZHhn6yS377ymZjnp4qNk5nQ4j/f+FpufPnTrnVuen2l3D52a8n1bhq2Qm4ZMkvM81uVLK5OOpXExja1QUBDDkbt/F0p4zMuDboYztNWHZAZ30UfuaqGRucvXJQ/vs/IVdy8DMyVMb2BwQrKCkcsomoYN66o+yte3/cx47v9xTyCz77jcqUL5ipQnFcIlEkgSXO159AJuenF2fKHd1p6Gabbx7XJb4Ysluuf/Ej+8MJM+eOQWXLj01Pl+ufmyq0j18qfxm/vsc2t76/v+g2s5Wt2ltmSnqu5Oun03CufIPATAQ056Lvz/4lGz3c+49Kgi6ExddV+mfF99KnYe5JM5tOFiyK3jlqXTGUV1qJBl7h5GRgpgyAYVTSvcYyVqStuXBVK0r2Zb218t78bRNEb33G50gVzVSQ8HyHQF4EkzVXuh3bp1zRTGke39jBKfxq3TX772lL5S/Nc+Xz1Djl0vFP25U/Kt5v2yr1vmh8Tnt81VXvhSJcxYzc8P1dGLWjpqwklv3d10im5cwohICIactB3529LBJ9xadDFcDEjV9OVjFxdvHhRbhnFyJXPvLQdK6bcd1y+jxnf7bdp4zsuV7pgrmwZQDkELASSNFdvz/lOrn92jvxpfM/fszK3m9zw7Cey+LttUvwI1aLvtsntQ+fLH4av6jV6dVPzUnno3U8tkYcXuzrphEfBt7VMQEMO+u78bfr7jEuDLoaLMVZazJWJx6cmZv8adPHNQOPxokEbdCmdGa6OGcxVaf6UQsBKIElz9cKkL+XGVz7vMWplRqDM81MPvL1I9h7p/dtVR050yltdz2l9Lo1Fz1/951vfyO1D51Y0qYWrk44VLF/UPAENOchFSe801KCLicoYKzN6pWW5ZdS6is61ScWvQReOl9Jq+tYGXfzqgrkqzZ9SCFgJJGmuBry9SH47dEkPc2WmY+//0kKZ8cUmMRNelFqWrG6XG5+fLbeN3thj25vf+UFueXm25DtOl9ostMx3ZxAaHF/WBAENOchFSe9U06CLiWrG9we6nrvqHaGfEvPMlXn2yteiQReOl9Lq+9YGXfzqgrkqzZ9SCFgJJGmu7nlrkdw07MseBqnxw81y44vzZPZXm63/FW3Zul9uf22e/HHUuh7b3vL+ern1lbmy/2jvES9rg/75he/OoK/4+D77BDTkIBclvfNMgy4mqpnfH5Sp3+7vHaCnEnP7tpk10NeiQReOl9Lq+9YGXfzqgrkqzZ9SCFgJJGmuGl+dIze98VUPg3TbBxvld0Pmy/K17dYY1rcflDua58qto9b22PbW9zfIrS/PkZ0HT1i3tX3huzOwxUV57RDQkINclPTONw26mKgujVzpuS3Q/Iiw+TFhX4sGXTheSqvvWxt08asL5qo0f0ohYCWAubKi4QsIxCLg+4LEBM9FSW8JNehiopr5/QGZomjkCnPF8dL7aLlU4vuY4TxWWhlXumCuSvOnFAJWApgrKxq+gEAsAq46vrAguSjpTUeDLiaqj1sOykeKzNXtozfImXMXegNzVKJBF46X0mL71gZd/OqCuSrNn1IIWAlgrqxo+AICsQj4viAxwXNR0ltCDbqYqGYZc/WNnmeu/vzhBuk8i7nqnTH+S3wfx76PGd/tt2WA77hc6YK5smUA5RCwEMBcWcBQDIGYBFx1fGFh+u78bbH5jEuDLobLrB8OymTMVXeKaNDFZ152gyjxxndcvrXx3f4SknQV+Y7LlS6YK1sGUA4BCwHMlQUMxRCIScBVxxcWpu/O3xabz7g06GK4fPLDIZn09T4bIufld4zZICfPMHLlHHwZO/R5vJjwfB8zvttvk8h3XK50wVzZMoByCFgIYK4sYCiGQEwCrjq+sDB9d/622HzGpUEXw+UTZSNXd47dKB2nz9skq3q5Bl185mUYYN9x+dbGd/tt2viOy5UumCtbBlAOAQsBzJUFDMUQiEnAVccXFqbvzt8Wm8+4NOhiuBhzNelrPc9cYa54RtF2vPo+ZnyeL2xMTLnvuFzpgrkKywK+g0AJApirElAogkACBFx1fGGh+u78bbH5jEuDLobL7NWHZKKi2wLvGrdRjncycmXLWZ/lPo8X027fx4zv9tu09x2XK10wV7YMoBwCFgKYKwsYiiEQk4Crji8sTN+dvy02n3Fp0MVwmWPM1Vd6nrm6e/wmOXbqnE2yqpdr0MVnXoYB9h2Xb218t9+mje+4XOmCubJlAOUQsBDAXFnAUAyBmARcdXxhYfru/G2x+YxLgy6Gy5wfD8kERebqnvEb5egpRq5sOeuz3OfxYtrt+5jx3X6b9r7jcqUL5sqWAZRDwEIAc2UBQzEEYhJw1fGFhem787fF5jMuDboYLnN/PCTjV+61IXJefu+ETZI/yciVc/Bl7NDn8WLC833M+G6/TSLfcbnSBXNlywDKIWAhgLmygKEYAjEJuOr4wsL03fnbYvMZlwZdDJcuc6Vo5Oq+ia1ypOOsTbKql2vQxWdehgH2HZdvbXy336aN77hc6YK5smUA5RCwEMBcWcBQDIGYBFx1fGFh+u78bbH5jEuDLobLvK6RKz3PXN0/cZMc7mDkypazPst9Hi+m3b6PGd/tt2nvOy5XumCubBlAOQQsBDBXFjAUQyAmAVcdX1iYvjt/W2w+49Kgi+Eyb80hGbdSj7kaMKlVDp1g5MqWsz7LfR4vpt2+jxnf7bdp7zsuV7pgrmwZQDkELAQwVxYwFEMgJgFXHV9YmL47f1tsPuPSoIvhMn/NYRn7pZ5nrgZObpUDxzFXtpz1We7zeDHt9n3M+G6/TXvfcbnSBXNlywDKIWAhgLmygKEYAjEJBB3ftFX7u35s0nTE/MGAHCAHyAFyIKkcuOKxiTF7qr43x1z1zYg1INCDAOaqBw4+QCAxAoG5SqzCCioyHbjGxWdcGnQxmixYe1jGrNAzcjXoo82y/9gZb+miQRefeRkG3ndcvrXx3X6bNr7jcqUL5sqWAZRDwEIAc2UBQzEEYhJw1fGFhem787fF5jMuDboYLl3mStFtgQ9N2Sx7j2KubDnrs9zn8WLa7fuY8d1+m/a+43KlC+bKlgGUQ8BCAHNlAUMxBGIScNXxhYXpu/O3xeYzLg26GC4LlY1cYa6k67ZdW876LPd5vJh2+z5mfLffpr3vuFzpgrmyZQDlELAQwFxZwFAMgZgEXHV8YWH67vxtsfmMS4MuhsuidYflQ0W3BT48dbPszjNyZctZn+U+jxfTbt/HjO/227T3HZcrXTBXtgygHAIWApgrCxiKIRCTgKuOLyxM352/LTafcWnQxXAx5mr0ij02RM7LH5m2RXYdOe18v8EONejiMy8DDqVefcflWxvf7S+liSnzHZcrXTBXtgygHAIWApgrCxiKIRCTgKuOLyxM352/LTafcWnQxXBZvP6IfPAF5irIEQ26+MzLgEOpV99x+dbGd/tLaWLKfMflShfMlS0DKIeAhQDmygKGYgjEJOCq4wsL03fnb4vNZ1wadDFcPlVmrh6bvkV2HGbkypazPst9Hi+m3b6PGd/tt2nvOy5XumCubBlAOQQsBDBXFjAUQyAmAVcdX1iYvjt/W2w+49Kgi+GyeP1hVSNXj8/YKu2HOm2SVb1cgy4+8zIMsO+4fGvju/02bXzH5UoXzJUtAyiHgIUA5soChmIIxCTgquMLC9N352+LzWdcGnQxXMzI1fuKbgt8YsZW2Y65sqWs13Kfx4tpuO9jxnf7beL7jsuVLpgrWwZQDgELAcyVBQzFEIhJwFXHFxam787fFpvPuDToYrh8tuGIvL9czzNXf5+5VdoOMnJly1mf5T6PF9Nu38eM7/bbtPcdlytdMFe2DKAcAhYCmCsLGIohEJOAq44vLEzfnb8tNp9xadDFcDHmapQic/Xkx9tk64FTNsmqXq5BF595GQbYd1y+tfHdfps2vuNypQvmypYBlEPAQgBzZQFDMQRiEnDV8YWF6bvzt8XmMy4Nuhgun2/My8hlu22InJc/+fFW2crIlXPu5ezQ5/Fi4vN9zPhuv00j33G50gVzZcsAyiFgIYC5soChGAIxCbjq+MLC9N3522LzGZcGXQyXnDJzNfjjbbKFkStbynot93m8mIb7PmZ8t98mvu+4XOmCubJlAOUQsBDAXFnAUAyBmARcdXxhYfru/G2x+YxLgy6GS27jERm5TM8zV0/NapPW/SdtklW9XIMuPvMyDLDvuHxr47v9Nm18x+VKF8yVLQMoh4CFAObKAoZiCMQk4KrjCwvTd+dvi81nXBp0MVyMuXpP0W2BT83aJq37eebKlrM+y30eL6bdvo8Z3+23ae87Lle6YK5sGUA5BCwEMFcWMBRDICYBVx1fWJi+O39bbD7j0qCL4bJkU17eXarnmatnPmmTjfsYubLlrM9yn8eLabfvY8Z3+23a+47LlS6YK1sGUA4BCwHMlQUMxRCIScBVxxcWpu/O3xabz7g06GK4LFVmrp6d3SYb9mKubDnrs9zn8WLa7fuY8d1+m/a+43KlC+bKlgGUQ8BCAHNlAUMxBGIScNXxhYXpu/O3xeYzLg26GC5LW/PyzpJdNkTOyzFXIj7zMkxw33H5PmZ8t9+mje+4XOmCubJlAOUQsBDAXFnAUAyBmARcdXxhYfru/G2x+YxLgy6Gy7LWozJCkbl6fs52WbenwyZZ1cs16OIzL8MA+47Ltza+22/TxndcrnTBXNkygHIIWAhgrixgKIZATAKuOr6wMH13/rbYfMalQRfDZVnXyJWeZ65emLtd1u7GXNly1me5z+PFtNv3MeO7/TbtfcflShfMlS0DKIeAhQDmygKGYgjEJOCq4wsL03fnb4vNZ1wadDFcjLkasUSPuXpx7nZZg7mypazXcp/Hi2m472PGd/tt4vuOy5UumCtbBlAOAQsBzJUFDMUQiEnAVccXFqbvzt8Wm8+4NOhiuCxvPSpv5/Q8c/XSvO3y4y5Grmw567Pc5/Fi2u37mPHdfpv2vuNypQvmypYBlEPAQgBzZQFDMQRiEnDV8YWF6bvzt8XmMy4NuhguX2w+KsMVmash89tl9c4TNsmqXq5BF595GQbYd1y+tfHdfps2vuNypQvmypYBlEPAQgBzZQFDMQRiEnDV8YWF6bvzt8XmMy4NuhguK4y5+lzPyNXL89vlB8yVLWW9lvs8XkzDfR8zvttvE993XK50wVzZMoByCFgIYK4sYCiGQEwCrjq+sDB9d/622HzGpUEXw2XFlmPy1uc7bYicl7+yoF1adjBy5Rx8GTv0ebyY8HwfM77bb5PId1yudMFc2TKAcghYCGCuLGAohkBMAq46vrAwfXf+tth8xqVBF8PFjFy9pWjkaujCHfJd+3GbZFUv16CLz7wMA+w7Lt/a+G6/TRvfcbnSBXNlywDKIWAhgLmygKEYAjEJuOr4wsL03fnbYvMZlwZdDJcvt2gzV+3yXTsjV7ac9Vnu83gx7fZ9zPhuv01733G50gVzZcsAyiFgIYC5soChGAIxCbjq+MLC9N3522LzGZcGXQwXY67e/EzPbYGvLdohq7YzcmXLWZ/lPo8X027fx4zv9tu09x2XK10wV7YMoBwCFgKYKwsYiiEQk4Crji8sTN+dvy02n3Fp0MVwWbn1mLyhyFwNW7xTvmk7ZpOs6uUadPGZl2GAfcflWxvf7bdp4zsuV7pgrmwZQDkELAQwVxYwFEMgJoGg4/P5ajp/n/u37VtrXLZ4q1F+TdNM+e3QZWr0uXHoMjExVaOtaanz9yNWq2y/1rhc6ar1fKElrphdVZ+bY676RMQKEOhJAHPVkwefIJAUAVcXHmH70XpRpjWuMJZJf/frpply49Clai7mjdEzMSXdTuobBdNB8RhoPV9oiSupPstWD+bKRoZyCFgIYK4sYCiGAAQySSC42PfduK+2HpPXP9XzzJV5/svcquhr0aKLr/azXwhoJYC50qoMcaklgLlSKw2BQQACVSCg5SL+623HZBjmqlthLbp0B8QbCECgiwDmikSAQEQCmKuIwFgdAhBINQEtF/HfGHO1WM/I1fDPd8mKLUe9aatFF28A2DEElBLAXCkVhrD0EsBc6dWGyCAAgeQJaLmI/6btuDQv3pF8Ayus8e3cLvliM+aqQnxsBoHMEsBcZVZaGlYtApirapGlXghAQCMBLebq27bjYn5bSssyIrdLlmOutMhBHBBQQwBzpUYKAkkLAV/m6uJFkZOnz3b9rWrdK38aOkduHbVW/jyhvfvv1vc3yK0vz5HNu492r9t55lxZaLVcQJUVLCtBAALOCGg5N5gf7NVkrt5ZsluWtead6VC8Iy26FMfFZwjUOgHMVa1nAO2PTMCHubooIl+u2yUjZn/f9ffSRyvlpudmlDRXNz47U56fuKJ73S/WlveMAh115FRgAwjUBAEt54Zv246pMlfvLt0tSzdhrmriIKCREIhAAHMVARarQsAQ8GGuzH6/37xPBry9QK5+fKJcO3iG3PDcbPnj+xu6R63MCNYfP9gkN7wwT/o9NVOufmKS3Dlsnmzedbgs4bRcQJUVLCtBAALOCGg5N5iRq6GKbgt8b+luWYK5cpaH7AgCaSGAuUqLUsSphoAvc9U1erV+p1zz98nymyGL5Zb31sjtY7b1MFe3j2vrGs26ccin0v+pqbLw3lKf5AAAIABJREFU221y/NTpsthpuYAqK1hWggAEnBHQcm74zpirhXqeuRq5bLfkNjJy5SwR2REEUkIAc5USoQhTDwFf5iog8PrMb+TawVPlj++v62Gsgmevbnl/ndzw9AwZMfs72ZfvCDbr81XLBVSfgbICBCDglICWc8P37cfl1YXtTtsetrP3l++RzzYcCVulqt9p0aWqjaRyCKSQAOYqhaIRsl8Cvs3V9n1H5e8f5OQ/Xv5MGkdv6mGwGj/cIjc8P08e/+Bzad9/LBIoOupIuFgZAjVDQMu54fv2E/LKAsxVkHhadAni4RUCELhEAHNFJkAgIgHf5srcHtiydb/c9son8puXFnWbqz+N2yb//kpOGofOk407y3vOqrDpdNSFNHgPAQgEBLScG1p2nJCXFZmrD77YI5+uZ+QqyBNeIQCBSwRq2lzl8/7ulSYB00vAt7ky5E6cOiMfLGiR/3huuvzn29/Kn8Zvl5vfXS3XPT1Dpn2xUYwBi7pouYCKGjfrQwAC1SWg5dzQ0n5cXlmg55mrD1fslUXrov8jKym1tOiSVHuoBwJZIVDT5iqXy8lll10m/fv3l8bGRmlqahJTxgKBMAIazJWJ7/ipM/Li5C+lX9NM+f1b38p1z86Rl6eslJ0Hot0OGLSVjjogwSsEIFBIQMu5QdvI1Ycr9siidYxcFeYK7yEAAZGaNlfNzc1d5soYrOK/gQMHkh8QKElAi7kywZ0+d0HuHDZXrnlyijzwzmJp3XVYTp4u70eDixun5QKqOC4+QwACfgloOTf8sOOEDJlfvWeunhoxQ66+9xX5l9uf7fPPKDL2y72yYC0jV36zk71DQB+BmjZXZrSq2FQFnzFX+pJVS0SazJVh8t3mfXLPm/Nl8fdtFd0OGHDVcgEVxMMrBCCgg4CWc8PqndU1V00jZsg1A16Tf7u3WS5/4O1ef/824E3517++2mW8jDLjVu6T+WsOeRNJiy7eALBjCCglUNPmqqGhwWquZs6cqVQywvJNQJu5MrcHbt2bl7Nnz8dCQ0cdCx8bQyCzBLScG1bv7JCX5m2vGmdjrq4d9KZc/eB7ct3gj3r99XtivFwx4K1uczV+5V6Zt4aRq6oJQsUQSCmBmjZXdXV1VnPV1taWUkkJu9oEtJmrpNqr5QIqqfZQDwQgkAwBLeeGH3d1yItVNlf9HnxLrn5ktPR/Zmavv+uenCRXDBzeba4mfLVP5v7IyFUyWUYtEMgOgZo1Vy0tLVZjZUwXCwRsBDBXNjKUQwACWSSgxlztPCEvzaveM1dm5CqKuZr49T6ZsxpzlcWcp00QiEOgZs3V6NGjrebq5z//eRymbJtxApirjAtM8yAAgR4EtJirNbtOqBq5mvT1PpmNueqRK3yAAARqeLZAZgok/SslgLmqlBzbQQACaSSgx1x1yAtzq/vMVZSRq8nf7JdPfjjoTVItungDwI4hoJRAzY5cmd+2CmYGLH41o1osELARwFzZyFAOAQhkkYCWi/i1uzvkeUXmasq3++XjFsxVFnOeNkEgDoGaNVf19fVWc8VMgXFSKvvbYq6yrzEthAAEfiKgxVytM+ZqTvUmm4r6zBXm6qcc4R0EIPATgZo0V/l83mqszCgWMwX+lCC8600Ac9WbCSUQgEB2CagxV3tOynOKzNXUVftl5veMXGU382kZBCojUJPmKpfLWc0Vk1lUlki1tBXmqpbUpq0QgIAac7W7Q56bo+eZq+nfHRDz52vRoouv9rNfCGglUJPmKmwyC/MsFgsEwghgrsLo8B0EIJA1Alou4tfvwVwV5pYWXQpj4j0EIFCjswU2NjZaR64GDhxIXkAglADmKhQPX0IAAhkjoOUifv2ek/LsbD3PXM38/oBMXcXIVcbSneZAIDaBmhy5amhosJorJrOInVOZrwBzlXmJaSAEIFBAQIu52rD3pDyjyFyZmQLNpBa+Fi26+Go/+4WAVgI1aa7q6uqs5orJLLSmqp64MFd6tCASCECg+gSCi/hpq/bLzSPX8aeMgdGFBQIQ0EOg5sxVS0uL1VgZ08UCgb4IYK76IsT3EIBAlggE5sp3mzbtOylPf7KtamFEnYrd/ICw+SFhX4sWXXy1n/1CQCuBmjNX5geCi380OPjMTIFa01RXXJgrXXoQDQQgUF0CWi7iN+415qr3M1fnz1+QjlNnJH/8VCwQUc3V7NWHZNLX+2LtM87GWnSJ0wa2hUAWCdScuQqbKZDJLLKY4sm3CXOVPFNqhAAE9BLQchFvRq6eKjJXxlhtat8nC1eulTnLf5COzjMVg4xqruasPigTv2bkqmLgbAiBjBKoOXNlploPRqqKX82oFgsE+iKAueqLEN9DAAJZIqDFXLUaczXrp9sCL1y8KAfyHfLsyFly+d0vSf8HX5dlLa1y6vTZivBHNVdzfzwkE75i5Koi2GwEgQwTqDlzVV9fbzVXzBSY4UxPsGmYqwRhUhUEIKCegBpztf+UNBWYq3xHp7w2boFcM+A1+eVdL8u/3jlE/uX2Z+W7jTuk8+y5yFyjmqt5aw7L+JV7I+8nqQ206JJUe6gHAlkhUFPmKp/PW42VGcVipsCspHV124G5qi5faocABHQR0HIRv3n/KRn88aWRq3zHaXnotYly7QND5cqBw+X6wZPluic/koa7XpH//ufnZcHKtXK0ozMSyKjmav6aQzJuJSNXkSCzMgRqgEBNmatcLmc1V0xmUQPZnlATMVcJgaQaCEAgFQS0mKstBy6Zq/MXpctY/e7R4dLv0VFy3T8myQ1PT+/6Mwbrl3cOkSvvHiIzc99L55nyR7CimqsFaw/L2C8ZuUpFEhMkBBwSqClzFTaZhXkWiwUC5RDAXJVDiXUgAIGsENBirszI1ePTNstLH86Rq+59Ra5/fIxc/+QlY9X/mZli/ozJ6vePiXL5PUPlD0+MkPdnLZeTZT6DFdVcLVp3WD5cgbnKSp7TDggkRaCmzFVjY6N15IqZApNKqezXg7nKvsa0EAIQ+ImABnN14aLIp6t3ym3vfCtX3feqXP3wKLl+8EddZiowVsGrMVjXPD5Orhjwhvxx8Hvy7vScnLvwU3ts7zBXNjKUQwACUQjUlLlqaGiwmisms4iSNrW9bhbN1dQla0TDBVRtZxath4BOAr7PDcZY/dC6U54Z+7n87o2VcuXAt+W6wVPl+qemd41WBaaq8PX6p6bJtY+PkasHvim/eXCYjPp4iZh6wpao5mrx+iMy+os9YVVW9TvfulS1cVQOgRQTqClzVVdXZzVXTGaR4ix2HHrWzNXUpT8Zq2lL1zqmye4gAAHtBHxexF+8KNJijNXIj+W3fx8tN73+pVz94LtyzWPjpP8zM/75d+mWwEJzZW4N/PWjH8qVDwyXy+8dKv0HNcvM3HdyIH9cbB4rqrn6bMMReX855kp7/hIfBFwTqBlz1dLSYjVWxnSxQKBcAkmaq9uGzJLrn50tN778afdf/xfmy2+fmyHL17aXG1LF62GsKkbHhhCoGQI+zdXmHfvl1XEL5MaH3pArB43oMle/vKdZzN91T04ueVugMVlmdMvcFnjF/cPkV/e8Kr+88wX53WNvycT5K+XI8ZMltcNclcRCIQQgEJFAzZgr8wPBxT8aHHxmpsCIWVPjqydtrq5+fKIU//32mamyfO2OqpLGWFUVL5VDIDMEfJqrhV+uldfGz5eHh02SQW/NktveWSW3DX6v6/esrn1ivNzw1LSStwZeft8wuWFQs9zz0ofyyOuTL/0NmyTDJiyUtj2HSmoT1VzlNh6RkcsYuSoJk0II1DCBmjFXYTMFMplFDR8BFTQ9SXNVwe4T2QRjlQhGKoFATRDwaa4KAbcdPCWPTdssX61tK8tcDXp1gqz4YXNhFaHvo5qrJZvy8t7S3aF1VvNLLbpUs43UDYE0EqgZc2WmWg9GqopfzagWCwTKJZB2c4WxKldp1oMABAwBLRfxbYc65VHMVXdSatGlOyDeQAACXQRqxlzV19dbzRUzBXI0RCGQZnOFsYqiNOtCAAKGgJaL+O2HOuWRqVvUjFwta83LO0sYueIogQAEehKoCXOVz+etxsqMYjFTYM+k4FM4gbSaK4xVuK58CwEIlCagxVy1HzbmSs9tgcs3H5URuV2loTko1aKLg6ayCwikikBNmKtcLmc1V0xmkap8VRFsGs0VxkpF6hAEBFJJQMtF/I7Dp+WRKXrM1Reb8/J2jpGrVCY1QUOgigRqwlyFTWZhnsVigUAUAmkzV9MKfsfK/FgwCwQgAIEoBNSYqyOn5WFF5mrFlqMy/HNGrqLkEutCoBYI1IS5amxstI5cMVNgLaR5sm1Mk7nCWCWrPbVBoBYJqDFXhzvl4Sl6nrn6cusxeeuznd5SQosu3gCwYwgoJVAT5qqhocFqrpjMQmlmKg4rLeYKY6U4iQgNAikioOUifqeykauVW4/Km58xcpWiVCZUCDghUBPmqq6uzmqumMzCSZ5laidpMFcYq0ylHI2BgFcCmszV3z7S88zVV9uOyRufMnLlNTnZOQQUEsi8uWppabEaK2O6WCAQlYB2c4Wxiqoo60MAAmEEtJirXfnT8pAic/VN23EZtnhHGLqqfqdFl6o2ksohkEICmTdX5geCi380OPjMTIEpzFgFIWs2VxgrBQlCCBDIGAEtF/G7u8xVq5rfufqm7ZgMW8zIVcbSneZAIDaBzJursJkCmcwidv7UZAVazRXGqibTkUZDoOoE1Jiro2fkwcl6zNWq7cfltUWMXFU9AdkBBFJGIPPmyky1HoxUFb+aUS0WCEQloNFcYayiqsj6EIBAuQTUmKv8aXlQ0W2B37Ufl6ELMVfl5hHrQaBWCGTeXNXX11vNFTMF1kqaJ9tObeYKY5WsvtQGAQj0JKDFXO05elrVyBXmqmee8AkCELhEINPmKp/PW42VGcVipkAOg0oIaDJXGKtKFGQbCEAgCgEt5mrv0TMySNFtgS07TsgrC9qjoEx0XS26JNooKoNABghk2lzlcjmruWIyiwxkr6cmaDFXGCtPCcBuIVBjBLRcxO89dkYGTtLzzNUPO0/Iy5irGjsaaC4E+iaQaXMVNpmFeRaLBQKVENBgrjBWlSjHNhCAQCUEtJirfcfOyAOKzNXqHSdkCOaqkpRiGwhkmkCmzVVjY6N15IqZAjOd11VtnG9zNW3pWgkudqYuWVPVtlI5BCAAgeB845vE/uNn5YFJm9RMxf7jzhPy0nxuC/SdF+wfAtoIZNpcNTQ0WM0Vk1loS8X0xOPTXGGs0pMnRAqBrBDQYq66Rq4UPXO1ZleHvDhvuzeZtejiDQA7hoBSApk2V3V1dVZzxWQWSjMyBWH5MlcYqxQkByFCIIMEtFzE7z9+RgYoui1w7a4OeQFzlcGMp0kQiEcgs+aqpaXFaqyM6WKBQKUEfJgrjFWlarEdBCAQl4AWc3Xg+FkZoOi2wHW7O+T5uYxcxc0vtodA1ghk1lyZHwgu/tHg4DMzBWYtjd22x7W5wli51Ze9QQACPQmoMVcnzsr9E/U8c7Vhz0l5dk5bT1gOP2nRxWGT2RUEUkEgs+aqqanJaq6YzCIVuak2SJfmCmOlNg0IDAI1Q0DLRfzBE2flPlXmqkOencPIVc0cCDQUAmUSyKy5MlOtByNVxa9mVIsFApUScGWuMFaVKsR2EIBAkgS0mKtDHWfl3gkb1cwWuHHvSXlmNiNXSeYadUEgCwQya67q6+ut5oqZArOQuv7a4MJcYaz86cueIQCBngTUmCtlI1et+07JU59s6wnL4SctujhsMruCQCoIZNJc5fN5q7Eyo1jMFJiK3FQbZLXNFcZKrfQEBoGaJKDlIv7QCTNypeeZq9Z9J+WpTxi5qsmDgkZDIIRAJs1VLpezmismswjJBr4qi0A1zRXGqiwJWAkCEHBIIDBX01btl5tHruNPGYNxK/c5zAZ2BQEI9EUgk+aqubnZaq7Ms1gsEIhDoFrmCmMVRxW2hQAEqkUgMFfVqr/ceo90nJN7x2+Ultad8i+3PyvXPj5WbnhqqvR/ZmavvysfeEseeHWSzP/ix7Kqv3hR5OHXJ8vl9w2Tax8b06s+s4/r/jFRfnXfG3LVPS931bn1wCl58mNuCywLMCtBoIYIZNJcNTY2Ws0VMwXWUHZXqanVMFcYqyqJRbUQgEBsAmrM1clzcs/4jdK293CXubrmkdFyfVNpc/XrR0bJrU0fyLi5K8pq/74jJ+S+IWPl3+4bJv3+PqG0uXpiglw18E25+R/vdNWJuSoLLStBoOYIZNJcmVv/imcIDD4zmUXN5XjiDU7aXGGsEpeICiEAgQQJaDFX+S5ztUk6Os9Kwx3Py1V/Gyn9nvyopBG65vFx0u+hEfL0ezNlQ9ueUBpm1Gryom/kz8+OlqsefMdq2Po9MUGue/AtGfTqxK762g52yt9nbg2tu5pfatGlmm2kbgikkUAmzVVdXZ3VXDGZRRrTVFfMSZorjJUubYkGAhDoTUDLRbwxV2ZCiwsXRX778Jty5cC3pN8/So8yXd80Ra4cNEL+/ZHhMnTcfDmYP9G7Yf8s2bRjn9z38ni54eERcu3jY+SGp6f3NmxPz5B+j42R3/ztTXl5zLyuLbcf6pQnZmCurGD5AgI1SiBz5qqlpcVqrIzpYoFAXAJJmSuMVVwl2B4CEHBBQJO5umf8pq4mN707U64a0CzXPDa2txH65zNY1z4+Tv7tvtel34DXZMzsL+Rg/ricOHW66+9k5xk5drJT1m7bLfe+NEauvv81MbcZXme5zdA823Xlg+/I7x9/WxauXNsVQ/uhTnkcc+UiBdkHBFJFIHPmyvxAcHALYPErMwWmKjfVBpuEucJYqZWXwCAAgSICWszV0VPn5O5/mquZue/l2vtflav+NkpueHqG1WD1e2K8/Oq+17ue0frz06PkjcmfypTF38r4eSvl2VGz5Mp7XpaGO16Uqx56V64bPMVazzWPjZFf3TdM7h8yVs5fvARox+FOeWw6I1dF6cJHCNQ8gcyZq6amJqu5YjKLms/3RADENVcYq0RkoBIIQMARAS3m6tipc3LXuI1drc53nJY/PP62XH6fGb0qPbtfMIvg9U9Nk18/8oH86t7X5X/85YUuo2UM1eX3vCJXDHi9axbAkrcCBrMQPj1drhz0tvzmoTfk9UmLuqnvPHJaHp22pfuz6zdadHHdbvYHAe0EMmeuzFTrxSNWwWczqsUCgbgE4pgrjFVc+mwPAQi4JqDlIv545/luc2UGj0ZM/1z6P9jcNerUP2T0ypgsY7DMLX9df09Okuue/KhrGvfrm6Z1PWMVZq6ueexD+eU9r8mjr0+R1Zt3duPfdeS0PIK56ubBGwhA4BKBzJmr+vp6q7lipkDSPgkClZorjFUS9KkDAhBwTUCTufrr2EsjV4bBnkNH5dE3psjl978mVz70rvWWvmAEq/v16RmhtxJ2r2dM2eCP5PL735A/PzNaxs9dIWfPnu/Gvzt/Wh6eyshVNxDeQAACXQQyZa7y+bzVWJnRK2YKJOuTIFCJucJYJUGeOiAAAR8E9Jirc/LXf94WaDicPX9BFn29Xh58bbI03D1UzAhToTGK9d6MhD09Q64cOFxu+Ntb8sGs5dK252AP/HuPnpGHpmzuUebygxZdXLaZfUEgDQQyZa5yuZzVXDGZRRrSMR0xRjVXGKt06EqUEIBAaQJaLuJPdJ6XwpErE+2BIydk4vyV8uQ7H3fdupeIwTLG6qlpcvXfRskV97wiQ0bPlfZ9R3rBwVz1QkIBBCAgIpkyV83NzVZzZZ7FYoFAEgSimCuMVRLEqQMCEPBJQI25On1e7iy4LTBgsudQXj77ep08+sZUafjrK3LV396T656c3PVMVbTRqxld21z72Bi5fMCbcu0DzfLWlE+ldcd+OXf+p9sBg/3uO3ZGHvyIkauAB68QgMAlApkyV42NjVZzxUyBpHxSBMo1VxirpIhTDwQg4JOAFnPVcfq83DHmp2euCpmYHwnOfbtBBg2dKL+6+2W5fMAbXTME9vvHxNAp1i+Zrxly3eDJXT8gbJ7duvL+Zrl+4DAZMnqOHD5+UjrPnivcVff7A8fPysDJrd2fXb/RoovrdrM/CGgnkClzZW79C2YGLH5lMgvtqZie+MoxVxir9OhJpBCAQDgBLRfxJ89ckDvGbLAGe/rMOVnXtlde+GC23PTIW3LNA8Pk8vvflKseGinXPjFeuozWk5O7RrXMyFa/f0yWfk9MkGseH9s142C/h4bL7x4fIYNenSDvTs/J/iMnrPsyXxw4fkYGTmbkKhQSX0KgBglkylzV1dVZzRWTWdRgdlepyX2ZK4xVlcBTLQQg4IWAFnN16swF+cuHdnNVCMeMYj067CP5j4fflH4DhspV97wiVw0YJlfc/7pc+cBbXTMAXnH/MLnyvqFd3/d/6HW596WxMjP3nRzIh5uqYD+HTpyVAZMYuQp48AoBCFwikBlz1dLSYjVWxnSxQCApAmHmCmOVFGXqgQAEtBDQYq5Onjkvf7HcFmhjtedgXuYu+0GefHu6DHx1vPz+iRFy7YBXu34Q+LbBI+Wh5skyds4KaWndKSdOnbZVU7L8cMc5uX/ippLfuSjUoouLtrIPCKSJQGbMlfmB4OJbAYPPzBSYppTUH6vNXGGs9GtHhBCAQHQCWi7izcjVn8scuYreyuhbHO44K/dPZOQqOjm2gEC2CWTGXDU1NVnNFZNZZDuJXbeulLnCWLlWgf1BAAKuCGgxV51ndZmr/Mlzcu8ERq5c5SH7gUBaCGTGXJmp1oORquJXM6rFAoGkCBSbK4xVUmSpBwIQ0EhAk7n60+jynrlywfHoqXNyz3jMlQvW7AMCaSKQGXNVX19vNVfMFJimlNQfa6G5wljp14sIIQCBeAS0mKvT5y7I7aPXx2tMglsfO3VO7sZcJUiUqiCQDQKZMFf5fN5qrMwoFjMFZiNZtbQiMFePvrtAgouOqUvWaAmPOCAAAQgkSiA4zyVaaQWVnTl3UW7/QI+5Ot55Xu4aV/p3typoXuRNtOgSOXA2gEDGCWTCXOVyOau5YjKLjGewh+YF5iro2DBWHkRglxCAgDMCwbnO2Q4tO7o0cqXntkDzo8Z3jsVcWeSiGAI1SyDV5io44f8f//o7q7n6X372X7tHF4L1eR0Fk0HJMMBY1ey5k4ZDoGYIBH2m7wafOXdBGj/AXAU6aNEliIdXCEDgEoFMmKv/9f/+b1Zz9b//P1dgJBIyEsGJnNdLxgxjxWkUAhCoBQLBOd93W8+evyiNim4LNL+7dUfE391KkqEWXZJsE3VBIAsEUmmuisGbW/+KZwgMPjOZRTEtPkMAAhCAAATKJ6DlIv7c+Yty2/t6nrnyPTW8Fl3KzyTWhEBtEMiEuaqrq7OaKyazqI1EppUQgAAEIFAdAlou4s9duCh/xFx1i6xFl+6AeAMBCHQRSL25amlpsRorY7pYIAABCEAAAhConICWi/jzF0RuHbWu8oYkvKV5Bux2j7+7pUWXhLFSHQRSTyD15sr8QHBwC2Dxa0NDQ+oFogEQgAAEIAABnwS0XMSfVzZy5fsZMC26+MxN9g0BjQRSb66ampqs5mrgwIEamRMTBCAAAQhAIDUEtFzEG3N16yg9z1ydPe939kItuqQmkQkUAo4IpN5c9e/f32quzKgWCwQgAAEIQAAClRPQchF/4eJFuUXRbYG+R9K06FJ5ZrElBLJJIPXmqr6+3mqumCkwm0lLqyAAAQhAwB0BLRfxFy+K3DJSzzNXFy76fQZMiy7uMpE9QSAdBFJtrvL5vNVYmeevmCkwHUlIlBCAAAQgoJeAlov4iyJysyJzdbFrJM3fbYpadNGbuUQGAT8EUm2ucrmc1VyZ375igQAEIAABCEAgHoHgIl7D668HzxQNcQQxXNM0w3s88dRlawhAIGkCqTZXzc3NVnNlnsVigQAEIAABCEAgHoHASPA6yruRKqVBPHXZGgIQSJpAqs1VY2Oj1VwxU2DSqUJ9EIAABCAAAQhAAAIQgEAYgVSbK3PrX/FvWwWfmcwiTHa+gwAEIAABCEAAAhCAAASSJpBqc1VXV2c1V0xmkXSqUB8EIAABCEAAAhCAAAQgEEYgteaqpaXFaqyM6WKBAAQgAAEIQAACEIAABCDgkkBqzZX5geDgFsDi14aGBpcM2RcEIAABCEAAAhCAAAQgAAFJrblqamqymismsyCzIQABCEAAAhCAAAQgAAHXBFJrrsxU68UjVsFnM6rFAgEIQAACEIAABCAAAQhAwCWB1JorMw17fX19SYPFTIEuU4h9QQACEIAABCAAAQhAAAKGQGrNVaF8xkyZHxQ2hss8b8VMgYV0eA8BCEAAAhCAAAQgAAEIuCCQCXPlAhT7gAAEIAABCEAAAhCAAAQgEEYAcxVGh+8gAAEIQAACEIAABCAAAQiUSQBzVSYoVoMABCAAAQhAAAIQgAAEIBBGAHMVRofvIAABCEAAAhCAAAQgAAEIlEkAc1UmKFaDAAQgAAEIQAACEIAABCAQRgBzFUaH7yAAAQhAAAIQgAAEIAABCJRJAHNVJihWgwAEIAABCEAAAhCAAAQgEEYAcxVGh+8gAAEIQAACEIAABCAAAQiUSQBzVSYoVoMABCAAAQhAAAIQgAAEIBBGAHMVRofvIAABCEAAAhCAAAQgAAEIlEkAc1UmKFaDAAQgAAEIQAACEIAABCAQRgBzFUaH7yAAAQhAAAIQgAAEIAABCJRJAHNVJihWgwAEIAABCEAAAhCAAAQgEEYAcxVGh+8gAAEIQAACEIAABCAAAQiUSQBzVSYoVoMABCAAAQhAAAIQgAAEIBBGAHMVRofvIAABCEAAAhCAAAQgAAEIlEkAc1UmKFaDAAQgAAEIQAACEIAABCAQRgBzFUaH7yAAAQhAAAIQgAAEIAABCJRJAHNVJihWgwAEIAABCEAAAhCAAAQgEEYAcxVGh+8hyt9MAAACbklEQVQgAAEIQAACEIAABCAAAQiUSQBzVSYoVoMABCAAAQhAAAIQgAAEIBBGAHMVRofvIAABCEAAAhCAAAQgAAEIlEkAc1UmKFaDAAQgAAEIQAACEIAABCAQRgBzFUaH7yAAAQhAAAIQgAAEIAABCJRJAHNVJihWgwAEIAABCEAAAhCAAAQgEEYAcxVGh+8gAAEIQAACEIAABCAAAQiUSQBzVSYoVoMABCAAAQhAAAIQgAAEIBBGAHMVRofvIAABCEAAAhCAAAQgAAEIlEkAc1UmKFaDAAQgAAEIQAACEIAABCAQRgBzFUaH7yAAAQhAAAIQgAAEIAABCJRJAHNVJihWgwAEIAABCEAAAhCAAAQgEEYAcxVGh+8gAAEIQAACEIAABCAAAQiUSQBzVSYoVoMABCAAAQhAAAIQgAAEIBBGAHMVRofvIAABCEAAAhCAAAQgAAEIlEkAc1UmKFaDAAQgAAEIQAACEIAABCAQRgBzFUaH7yAAAQhAAAIQgAAEIAABCJRJAHNVJihWgwAEIAABCEAAAhCAAAQgEEYAcxVGh+8gAAEIQAACEIAABCAAAQiUSQBzVSYoVoMABCAAAQhAAAIQgAAEIBBGAHMVRofvIAABCEAAAhCAAAQgAAEIlEkAc1UmKFaDAAQgAAEIQAACEIAABCAQRgBzFUaH7yAAAQhAAAIQgAAEIAABCJRJAHNVJihWgwAEIAABCEAAAhCAAAQgEEYAcxVGh+8gAAEIQAACEIAABCAAAQiUSQBzVSYoVoMABCAAAQhAAAIQgAAEIBBGAHMVRofvIAABCEAAAhCAAAQgAAEIlEng/wfyziFJq9EjLgAAAABJRU5ErkJggg==</file>
    </questiontext>
    <generalfeedback format="html">
      <text></text>
    </generalfeedback>
    <defaultgrade>1.0000000</defaultgrade>
    <penalty>0.3333333</penalty>
    <hidden>0</hidden>
    <idnumber></idnumber>
    <single>false</single>
    <shuffleanswers>true</shuffleanswers>
    <answernumbering>none</answernumbering>
    <showstandardinstruction>0</showstandardinstruction>
    <correctfeedback format="html">
      <text>Your answer is correct.</text>
    </correctfeedback>
    <partiallycorrectfeedback format="html">
      <text>Your answer is partially correct.</text>
    </partiallycorrectfeedback>
    <incorrectfeedback format="html">
      <text>Your answer is incorrect.</text>
    </incorrectfeedback>
    <shownumcorrect/>
    <answer fraction="0" format="html">
      <text><![CDATA[<p dir="ltr" style="text-align: left;">A</p>]]></text>
      <feedback format="html">
        <text></text>
      </feedback>
    </answer>
    <answer fraction="50" format="html">
      <text><![CDATA[<p dir="ltr" style="text-align: left;">B</p>]]></text>
      <feedback format="html">
        <text></text>
      </feedback>
    </answer>
    <answer fraction="0" format="html">
      <text><![CDATA[<p dir="ltr" style="text-align: left;">C</p>]]></text>
      <feedback format="html">
        <text></text>
      </feedback>
    </answer>
    <answer fraction="50" format="html">
      <text><![CDATA[<p dir="ltr" style="text-align: left;">D</p>]]></text>
      <feedback format="html">
        <text></text>
      </feedback>
    </answer>
    <answer fraction="0" format="html">
      <text><![CDATA[<p dir="ltr" style="text-align: left;">E</p>]]></text>
      <feedback format="html">
        <text></text>
      </feedback>
    </answer>
  </question>

<!-- question: 130250  -->
  <question type="multichoice">
    <name>
      <text>Question 27</text>
    </name>
    <questiontext format="html">
      <text><![CDATA[<p dir="ltr" style="text-align: left;"><span id="docs-internal-guid-bea0fd1d-7fff-f031-609e-9968f7e3062a">The image on the left shows a cube intersected by a ray. The image on the right shows an unfolded version of that cube. Indicate the intersection points of the ray with the faces of the cube by <strong>selecting TWO possible options</strong> of the intersection as shown in the image.</span><br></p><p dir="ltr" style="text-align: left;"><strong><img src="@@PLUGINFILE@@/27.png" alt="" role="presentation" class="img-fluid"><br></strong></p>]]></text>
<file name="27.png" path="/" encoding="base64">iVBORw0KGgoAAAANSUhEUgAACBgAAAMWCAYAAABRVqdQAAAgAElEQVR4AezdebBlVWHofxQ1GkstrVKTmKSsUhNj8k/+MUlpVUpK896L7/1enr68vKpGFGNeHIIKioiIEAUNqCAoaGwGgWZqpmaeh2aQppmF2/QI3fTc9EQPNE0P61dnut57eu29zjp333PPuefTVbf63rXWPnfvz9o0yv32PgcFvwgQIECAAAECBAgQIECAAAECBAgQIECAAAECBAgQIECAAAECCYGDEvOmCRAgQIAAAQIECBAgQIAAAQIECBAgQIAAAQIECBAgQIAAAQJBYOAmIECAAAECBAgQIECAAAECBAgQIECAAAECBAgQIECAAAECBJICAoMkkQUECBAgQIAAAQIECBAgQIAAAQIECBAgQIAAAQIECBAgQICAwMA9QIAAAQIECBAgQIAAAQIECBAgQIAAAQIECBAgQIAAAQIECCQFBAZJIgsIECBAgAABAgQIECBAgAABAgQIECBAgAABAgQIECBAgAABgYF7gAABAgQIECBAgAABAgQIECBAgAABAgQIECBAgAABAgQIEEgKCAySRBYQIECAAAECBAgQIECAAAECBAgQIECAAAECBAgQIECAAAECAgP3AAECBAgQIECAAAECBAgQIECAAAECBAgQIECAAAECBAgQIJAUEBgkiSwgQIAAAQIECBAgQIAAAQIECBAgQIAAAQIECBAgQIAAAQIEBAbuAQIECBAgQIAAAQIECBAgQIAAAQIECBAgQIAAAQIECBAgQCApIDBIEllAgAABAgQIECBAgAABAgQIECBAgAABAgQIECBAgAABAgQICAzcAwQIECBAgAABAgQIECBAgAABAgQIECBAgAABAgQIECBAgEBSQGCQJLKAAAECBAgQIECAAAECBAgQIECAAAECBAgQIECAAAECBAgQEBi4BwgQIECAAAECBAgQIECAAAECBAgQIECAAAECBAgQIECAAIGkgMAgSWQBAQIECBAgQIAAAQIECBAgQIAAAQIECBAgQIAAAQIECBAgIDBwDxAgQIAAAQIECBAgQIAAAQIECBAgQIAAAQIECBAgQIAAAQJJAYFBksgCAgQIECBAgAABAgQIECBAgAABAgQIECBAgAABAgQIECBAQGDgHiBAgAABAgQIECBAgAABAgQIECBAgAABAgQIECBAgAABAgSSAgKDJJEFBAgQIECAAAECBAgQIECAAAECBAgQIECAAAECBAgQIECAgMDAPUCAAAECBAgQIECAAAECBAgQIECAAAECBAgQIECAAAECBAgkBQQGSSILCBAgQIAAAQIECBAgQIAAAQIECBAgQIAAAQIECBAgQIAAAYGBe4AAAQIECBAgQIAAAQIECBAgQIAAAQIECBAgQIAAAQIECBBICggMkkQWECBAgAABAgQIECBAgAABAgQIECBAgAABAgQIECBAgAABAgID9wABAgQIECBAgAABAgQIECBAgAABAgQIECBAgAABAgQIECCQFBAYJIksIECAAAECBAgQIECAAAECBAgQIECAAAECBAgQIECAAAECBAQG7gECBAgQIECAAAECBAgQIECAAAECBAgQIECAAAECBAgQIEAgKSAwSBJZQIAAAQIECBAgQIAAAQIECBAgQIAAAQIECBAgQIAAAQIECAgM3AMECBAgQIAAAQIECBAgQIAAAQIECBAgQIAAAQIECBAgQIBAUkBgkCSygAABAgQIECBAgAABAgQIECBAgAABAgQIECBAgAABAgQIEBAYuAcIECBAgAABAgQIECBAgAABAgQIECBAgAABAgQIECBAgACBpIDAIElkAQECBAgQIECAAAECBAgQIECAAAECBAgQIECAAAECBAgQICAwcA8QIECAAAECBAgQIECAAAECBAgQIECAAAECBAgQIECAAAECSQGBQZLIAgIECBAgQIAAAQIECBAgQIAAAQIECBAgQIAAAQIECBAgQEBg4B4gQIAAAQIECBAgQIAAAQIECBAgQIAAAQIECBAgQIAAAQIEkgICgySRBQQIECBAgAABAgQIECBAgAABAgQIECBAgAABAgQIECBAgIDAwD1AgAABAgQIECBAgAABAgQIECBAgAABAgQIECBAgAABAgQIJAUEBkkiCwgQIECAAAECBAgQIECAAAECBAgQIECAAAECBAgQIECAAAGBgXuAAAECBAgQIECAAAECBAgQIECAAAECBAgQIECAAAECBAgQSAoIDJJEFhAgQIAAAQIECBAgQIAAAQIECBAgQIAAAQIECBAgQIAAAQICA/cAAQIECBAgQIAAAQIECBAgQIAAAQIECBAgQIAAAQIECBAgkBQQGCSJLCBAgAABAgQIECBAgAABAgQIECBAgAABAgQIECBAgAABAgQEBu4BAgQIECBAgAABAgQIECBAgAABAgQIECBAgAABAgQIECBAICkgMEgSWUCAAAECBAgQIECAAAECBAgQIECAAAECBAgQIECAAAECBAgIDNwDBAgQIECAAAECBAgQIECAAAECBAgQIECAAAECBAgQIECAQFJAYJAksoAAAQIECBAgQIAAAQIECBAgQIAAAQIECBAgQIAAAQIECBAQGLgHCBAgQIAAAQIECBAgQIAAAQIECBAgQIAAAQIECBAgQIAAgaSAwCBJZAEBAgQIECBAgAABAgQIECBAgAABAgQIECBAgAABAgQIECAgMHAPECBAgAABAgQIECBAgAABAgQIECBAgAABAgQIECBAgAABAkkBgUGSyAICBAgQIECAAAECBAgQIECAAAECBAgQIECAAAECBAgQIEBAYOAeIECAAAECBAgQIECAAAECBAgQIECAAAECBAgQIECAAAECBJICAoMkkQUECBAgQIAAAQIECBAgQIAAAQIECBAgQIAAAQIECBAgQICAwMA9QIAAAQIECBAgQIAAAQIECBAgQIAAAQIECBAgQIAAAQIECCQFBAZJIgsIECBAgAABAgQIECBAgAABAgQIECBAgAABAgQIECBAgAABgYF7gAABAgQIECBAgAABAgQIECBAgAABAgQIECBAgAABAgQIEEgKCAySRBYQIECAAAECBAgQIECAAAECBAgQIECAAAECBAgQIECAAAECAgP3AAECBAgQIECAAAECBAgQIECAAAECBAgQIECAAAECBAgQIJAUEBgkiSwgQIAAAQIECBAgQIAAAQIECBAgQIAAAQIECBAgQIAAAQIEBAbuAQIECBAgQIAAAQIECBAgQIAAAQIECBAgQIAAAQIECBAgQCApIDBIEllAgAABAgQIECBAgAABAgQIECBAgAABAgQIECBAgAABAgQICAzcAwQIECBAgAABAgQIECBAgAABAgQITKrAxhd3hh9dfp8PBu6BPr4HNr24c1L/HPDiBAgQIECAwPQQEBhMj310FQQIECBAgAABAgQIECBAgAABAgT6VuC5tZvDR448xwcD90Af3wMr1m3p2z9DnBgBAgQIECDQPwICg/7ZC2dCgAABAgQIECBAgAABAgQIECBAYFoKCAzy4opPnv5A+L9nPx4O+dp5fiCf8QP5j35jVvi/Zz8W/tcP7+GW4daKfwQG0/KPXxdFgAABAgQqFxAYVE7qBQkQIECAAAECBAgQIECAAAECBAgQGCsgMMgLDP7PT+eHGTNHwiFfO98PyjN+UP6xY2bV3T55+v3cMtwEBmP/tPI5AQIECBAgkBIQGKSEzBMgQIAAAQIECBAgQIAAAQIECBAgMCGB9sDg6z+/KazcsNVHgcHXLl9U/0H54tWbGRUYxe6fx57dWHc7cc4Sbh24HXX2TeNCDE8wmNAfcw4mQIAAAQJDIyAwGJqtdqEECBAgQIAAAQIECBAgQIAAAQIEpkagPTA4/coHpuZEBuS7Hnf1svoPyne8vHdAzrg/TnPt1pfrbj+4aXl/nFCfn8Vps8c/6UFg0Ocb5vQIECBAgECfCAgM+mQjnAYBAgQIECBAgAABAgQIECBAgACB6SogMMjb2eOuaQQG23cJDHLk1r24ux4YfP9GgUEnbgKDTpSsIUCAAAECBNoFBAbtIr4mQIAAAQIECBAgQIAAAQIECBAgQKBSAYFBHmcrMNi2a0/egUO+ev22RmBw8g3PDblEZ5cvMOjMySoCBAgQIEBgvIDAYLyHrwgQIECAAAECBAgQIECAAAECBAgQqFhAYJAH+u3mEwwEBnluG5qBwUkCg47gBAYdMVlEgAABAgQItAkIDNpAfEmAAAECBAgQIECAAAECBAgQIECAQLUCAoM8z+MFBnlgzdUvbH+l/hYJ373eEww6ARQYdKJkDQECBAgQINAuIDBoF/E1AQIECBAgQIAAAQIECBAgQIAAAQKVCggM8jiPn7Os/oPyF1/yFgk5cht3NAOD6wQGnbgJDDpRsoYAAQIECBBoFxAYtIv4mgABAgQIECBAgAABAgQIECBAgACBSgUEBnmc35nzbD0w2CowyILb1AwMTrzu2azjhnWxwGBYd951EyBAgACBiQkIDCbm52gCBAgQIECAAAECBAgQIECAAAECBBICAoMEUNv0Ca3AYKcnGLTRlH65eWfjCQYnXCswKIVqTgoMOlGyhgABAgQIEGgXEBi0i/iaAAECBAgQIECAAAECBAgQIECAAIFKBQQGeZytwGCLwCALbuvOPfUnP9T8/EoLCAzSRlYQIECAAAECBwoIDA40MUKAAAECBAgQIECAAAECBAgQIECAQIUCAoM8zNrfwJ8xcyQIDPLcam8pUXM7fs6yvAOHdLXAYEg33mUTIECAAIEJCggMJgjocAIECBAgQIAAAQIECBAgQIAAAQIEygUEBuU+7bMnNgOD2iP//epcYNuuRmDw7WsEBp2oCQw6UbKGAAECBAgQaBcQGLSL+JoAAQIECBAgQIAAAQIECBAgQIAAgUoFBAZ5nCde13iCweYdAoMcue279tafYHCcwKAjNoFBR0wWESBAgAABAm0CAoM2EF8SIECAAAECBAgQIECAAAECBAgQIFCtgMAgz/Pfm4HBJoFBFtyOlxuBwbeu9gSDTuAEBp0oWUOAAAECBAi0CwgM2kV8TYAAAQIECBAgQIAAAQIECBAgQIBApQICgzzO7173XP1v4m8UGGTB7dzdCAyOvWpp1nHDulhgMKw777oJECBAgMDEBAQGE/NzNAECBAgQIECAAAECBAgQIECAAAECCQGBQQKobXo0MNjuLRLaaEq/fKkZGHxTYFDq1JoUGLQk/E6AAAECBAjkCAgMcrSsJUCAAAECBAgQIECAAAECBAgQIEAgW0BgkEf23eubTzAQGGTB7XplX/3JD8dc6QkGncAJDDpRsoYAAQIECBBoFxAYtIv4mgABAgQIECBAgAABAgQIECBAgACBSgUEBnmc32sGBi8IDLLgXt7TCAy+ccWSrOOGdbHAYFh33nUTIECAAIGJCQgMJubnaAIECBAgQIAAAQIECBAgQIAAAQIEEgICgwRQ2/RJNzSeYPDCtt1tM74sE9jdDAyOFhiUMY3OCQxGKXxCgAABAgQIZAgIDDKwLCVAgAABAgQIECBAgAABAgQIECBAIF9AYJBn1goMNggMsuBe2dt4gsHXZ3uCQSdwAoNOlKwhQIAAAQIE2gUEBu0iviZAgAABAgQIECBAgAABAgQIECBAoFIBgUEe58nNJxisFxhkwe3Ztz/MmDkSjrpcYNAJnMCgEyVrCBAgQIAAgXYBgUG7iK8JECBAgAABAgQIECBAgAABAgQIEKhUQGCQxzkaGLzoLRJy5PaNBgaLcw4b2rUCg6HdehdOgAABAgQmJCAwmBCfgwkQIECAAAECBAgQIECAAAECBAgQSAkIDFJC4+e/f+Py+t/EXycwGA+T+Grf/sYTDL56mcAgQVWfFhh0omQNAQIECBAg0C4gMGgX8TUBAgQIECBAgAABAgQIECBAgAABApUKCAzyOAUGeV5jV9feIuErlwoMxpoUfS4wKJIxToAAAQIECJQJCAzKdMwRIECAAAECBAgQIECAAAECBAgQIDBhAYFBHuEPbmo8wWDtVm+RkCcX6k9++PIli3IPG8r1AoOh3HYXTYAAAQIEJiwgMJgwoRcgQIAAAQIECBAgQIAAAQIECBAgQKBMQGBQpnPg3H+MBgYvHzhppFTg0Jkj4QiBQalRa1Jg0JLwOwECBAgQIJAjIDDI0bKWAAECBAgQIECAAAECBAgQIECAAIFsAYFBHlkrMFizVWCQJxfCp84ZCf92sScYdOImMOhEyRoCBAgQIECgXUBg0C7iawIECBAgQIAAAQIECBAgQIAAAQIEKhUQGORxnnJz4y0SVm8RGOTJhXDYuSPhS7MEBp24CQw6UbKGAAECBAgQaBcQGLSL+JoAAQIECBAgQIAAAQIECBAgQIAAgUoFBAZ5nAKDPK+xqz9z3oLwxVkLxw75vEBAYFAAY5gAAQIECBAoFRAYlPKYJECAAAECBAgQIECAAAECBAgQIEBgogICgzzBU25eEWbMHAmeYJDnVltdCwy+cJHAoBM5gUEnStYQIECAAAEC7QICg3YRXxMgQIAAAQIECBAgQIAAAQIECBAgUKmAwCCP89RbGoHBqs3eIiFPLoTPnr8g/OuFAoNO3AQGnShZQ4AAAQIECLQLCAzaRXxNgAABAgQIECBAgAABAgQIECBAgEClAgKDPM4fNgODlQKDPLgQwj//6hmBQYdqAoMOoSwjQIAAAQIExgkIDMZx+IIAAQIECBAgQIAAAQIECBAgQIAAgaoFBAZ5or8NDHblHWh1+Nyvngn/csEzJDoQEBh0gGQJAQIECBAgcICAwOAAEgMECBAgQIAAAQIECBAgQIAAAQIECFQpIDDI0/zRrY23SHh+k8AgTy7U44JaZOBXWkBgkDayggABAgQIEDhQQGBwoIkRAgQIECBAgAABAgQIECBAgAABAgQqFBAY5GEKDPK8xq7+fxc+U3+Kwdgxn8cFBAZxF6MECBAgQIBAuYDAoNzHLAECBAgQIECAAAECBAgQIECAAAECExQQGOQB/tgTDPLAxqz+1wsXhs+ev2DMiE+LBAQGRTLGCRAgQIAAgTIBgUGZjjkCBAgQIECAAAECBAgQIECAAAECBCYsIDDII/zxrc+HGTNHwoqN3iIhTy6Ez1+0MBx+nsCgEzeBQSdK1hAgQIAAAQLtAgKDdhFfEyBAgAABAgQIECBAgAABAgQIECBQqYDAII/ztNsagcFygUEeXAjhC7MWhs8IDDpyExh0xGQRAQIECBAg0CYgMGgD8SUBAgQIECBAgAABAgQIECBAgAABAtUKCAzyPE8XGOSBjVn9xVkLw6fP9QSDMSSFnwoMCmlMECBAgAABAiUCAoMSHFMECBAgQIAAAQIECBAgQIAAAQIECExcQGCQZ3j67Y0nGDz3wkt5B1odvnTxonDYOSMkOhAQGHSAZAkBAgQIECBwgIDA4AASAwQIECBAgAABAgQIECBAgAABAgQIVCkgMMjTbAUGzwoM8uBCCEdcvCh8SmDQkZvAoCMmiwgQIECAAIE2AYFBG4gvCRAgQIAAAQIECBAgQIAAAQIECBCoVkBgkOf5k+YTDAQGeW611UdcsigcOtMTDDqRExh0omQNAQIECBAg0C4gMGgX8TUBAgQIECBAgAABAgQIECBAgAABApUKCAzyOM8QGOSBjVn95UsXhxkCgzEixZ8KDIptzBAgQIAAAQLFAgKDYhszBAgQIECAAAECBAgQIECAAAECBAhUICAwyEM8446V9R+SL9vwUt6BVoevCgw6vgsEBh1TWUiAAAECBAiMERAYjMHwKQECBAgQIECAAAECBAgQIECAAAEC1QsIDPJMz2wGBksFBnlwIYSvXtZ4gsG+/fuzjx22AwQGw7bjrpcAAQIECFQjIDCoxtGrECBAgAABAgQIECBAgAABAgQIECBQICAwKIApGD7zzsYTDJau9wSDAqLC4aMubwQGe/cJDAqRmhMCg5SQeQIECBAgQCAmIDCIqRgjQIAAAQIECBAgQIAAAQIECBAgQKAyAYFBHmUrMFiyfmfegVaHr12+pP72EnsEBsm7QWCQJLKAAAECBAgQiAgIDCIohggQIECAAAECBAgQIECAAAECBAgQqE5AYJBn+dPmEwwEBnlutdVfn90IDF7Zuy//4CE7QmAwZBvucgkQIECAQEUCAoOKIL0MAQIECBAgQIAAAQIECBAgQIAAAQJxAYFB3KVo9GfNwGCxJxgUERWOH31FIzDYvUdgUIjUnBAYpITMEyBAgAABAjEBgUFMxRgBAgQIECBAgAABAgQIECBAgAABApUJCAzyKH9218r6Y/4Xr/MWCXlyIXzjiqV1u5cFBkk6gUGSyAICBAgQIEAgIiAwiKAYIkCAAAECBAgQIECAAAECBAgQIECgOgGBQZ7lWc3AYJHAIA8uhHDMlY3AYNcrnmCQwhMYpITMEyBAgAABAjEBgUFMxRgBAgQIECBAgAABAgQIECBAgAABApUJCAzyKM++e1X9b+EvWusJBnlyIXzzqkZgsHP33txDh269wGDottwFEyBAgACBSgQEBpUwehECBAgQIECAAAECBAgQIECAAAECBIoEBAZFMvHxVmCwUGAQByoZPVZgUKIzfkpgMN7DVwQIECBAgEBnAgKDzpysIkCAAAECBAgQIECAAAECBAgQIECgSwGBQR5cKzB4Zu2OvAOtDt+6eln96Q87XvYEg9TtIDBICZknQIAAAQIEYgICg5iKMQIECBAgQIAAAQIECBAgQIAAAQIEKhMQGORR/rz5FgkCgzy32urjrmkEBtt27ck/eMiOEBgM2Ya7XAIECBAgUJGAwKAiSC9DgAABAgQIECBAgAABAgQIECBAgEBcQGAQdyka/cU9q+p/C/+ZNZ5gUGRUNH68wKCI5oBxgcEBJAYIECBAgACBDgQEBh0gWUKAAAECBAgQIECAAAECBAgQIECAQPcCAoM8u1ZgsEBgkAcXQjh+TuMJBltf8gSDFJ7AICVkngABAgQIEIgJCAxiKsYIECBAgAABAgQIECBAgAABAgQIEKhMQGCQR/mfcxtPMBhZ7QkGeXIhnDDn2frTH7bsFBik7AQGKSHzBAgQIECAQExAYBBTMUaAAAECBAgQIECAAAECBAgQIECAQGUCAoM8SoFBntfY1Sde2wgMNu98ZeywzyMCAoMIiiECBAgQIEAgKSAwSBJZQIAAAQIECBAgQIAAAQIECBAgQIDARAQEBnl6v5y7uv638J/2BIM8uBDCidc1AoNNOwQGKTyBQUrIPAECBAgQIBATEBjEVIwRIECAAAECBAgQIECAAAECBAgQIFCZgMAgj1JgkOc1dvV3r3uuHmds3C4wGOsS+1xgEFMxRoAAAQIECKQEBAYpIfMECBAgQIAAAQIECBAgQIAAAQIECExIQGCQxzfz3sYTDJ5atT3vQKvD965vBAYvCAySd4PAIElkAQECBAgQIBAREBhEUAwRIECAAAECBAgQIECAAAECBAgQIFCdgMAgz1JgkOc1dvVJNzQCgw3bdo8d9nlEQGAQQTFEgAABAgQIJAUEBkkiCwgQIECAAAECBAgQIECAAAECBAgQmIiAwCBP75z7Gk8w+M1KTzDIkwvh5GZgsP5FgUHKTmCQEjJPgAABAgQIxAQEBjEVYwQIECBAgAABAgQIECBAgAABAgQIVCYQCwweevbFcNvIJh8RgxOvezbMmDkSzr9/DZ+IT9l98/XZS+p2Vz6ynl3C7psXPRw+/t3rRz8eWLi+sn/mvRABAgQIECAwfQUEBtN3b10ZAQIECBAgQIAAAQIECBAgQIAAgb4QiAUG35nT+CF67QfpPhi4B6b+Hjhv7oq++PPCSRAgQIAAAQL9LSAw6O/9cXYECBAgQIAAAQIECBAgQIAAAQIEBl4gFhg8sGRruOHJF3xEDE5oxhcz713NJ+JTdt987fLGEwwumbeOXcLuGxc+HP77STeOfty7wBMMBv4PWxdAgAABAgR6ICAw6AGyb0GAAAECBAgQIECAAAECBAgQIEBgmAVigcEwe6Su/bz719Sf6vDE89tTS823CZxy84q63eotL7fN+LJd4LTZ94ePHHnO6MeKdVval/iaAAECBAgQIHCAgMDgABIDBAgQIECAAAECBAgQIECAAAECBAhUKSAwyNM8fzQw2JZ3oNXh1FsagcHKzQKD1O0gMEgJmSdAgAABAgRiAgKDmIoxAgQIECBAgAABAgQIECBAgAABAgQqExAY5FG2AoPHVwgM8uRC+GEzMHh+067cQ4duvcBg6LbcBRMgQIAAgUoEBAaVMHoRAgQIECBAgAABAgQIECBAgAABAgSKBAQGRTLx8VZg8JjAIA5UMvrjWxtPMBAYlCA1pwQGaSMrCBAgQIAAgQMFBAYHmhghQIAAAQIECBAgQIAAAQIECBAgQKBCAYFBHuavHlgTZswcCQKDPLfa6h/f+nzdbvlGTzBI6QkMUkLmCRAgQIAAgZiAwCCmYowAAQIECBAgQIAAAQIECBAgQIAAgcoEBAZ5lBcIDPLAxqw+/bZGYPDcCy+NGfVpTEBgEFMxRoAAAQIECKQEBAYpIfMECBAgQIAAAQIECBAgQIAAAQIECExIQGCQx3fBr9fW/xb+o8u35R1odfjJ7Y3A4FmBQfJuEBgkiSwgQIAAAQIEIgICgwiKIQIECBAgQIAAAQIECBAgQIAAAQIEqhMQGORZXtgMDB4RGOTBhRDOaAYGyzZ4gkEKT2CQEjJPgAABAgQIxAQEBjEVYwQIECBAgAABAgQIECBAgAABAgQIVCYgMMijvGg0MHgx70Crw5l3rKw//WHpeoFB6nYQGKSEzBMgQIAAAQIxAYFBTMUYAQIECBAgQIAAAQIECBAgQIAAAQKVCQgM8igverDxFgkPPycwyJML4ad3NgKDxet35h46dOsFBkO35S6YAAECBAhUIiAwqITRixAgQIAAAQIECBAgQIAAASInfjYAACAASURBVAIECBAgUCQgMCiSiY+3AoP5AoM4UMnoz+5qBgbrBAYlTPUpgUFKyDwBAgQIECAQExAYxFSMESBAgAABAgQIECBAgAABAgQIECBQmYDAII9yVvMJBgKDPLfa6rOagcGitQKDlJ7AICVkngABAgQIEIgJCAxiKsYIECBAgAABAgQIECBAgAABAgQIEKhMQGCQRzlrXuMtEuY/6y0S8uRCOPvuVWHGzJHwzNoduYcO3XqBwdBtuQsmQIAAAQKVCAgMKmH0IgQIECBAgAABAgQIECBAgAABAgQIFAkIDIpk4uMXz1tX/yH5QwKDOFDJ6C/uaQYGawQGJUz1KYFBSsg8AQIECBAgEBMQGMRUjBEgQIAAAQIECBAgQIAAAQIECBAgUJmAwCCP8pJmYDBPYJAHF0JoBQYjqwUGKTyBQUrIPAECBAgQIBATEBjEVIwRIECAAAECBAgQIECAAAECBAgQIFCZgMAgj/KShxpPMJi3zFsk5MmF8Mu5q+tPf3haYJCkExgkiSwgQIAAAQIEIgICgwiKIQIECBAgQIAAAQIECBAgQIAAAQIEqhMQGORZtgKDB5dtzTvQ6jDz3kZg8NSq7TQSAgKDBJBpAgQIECBAICogMIiyGCRAgAABAgQIECBAgAABAgQIECBAoCoBgUGe5KXNJxgIDPLcaqtbgcFvVgoMUnoCg5SQeQIECBAgQCAmIDCIqRgjQIAAAQIECBAgQIAAAQIECBAgQKAyAYFBHuVl8xtvkfDgUk8wyJML4dz7Gk8weFJgkKQTGCSJLCBAgAABAgQiAgKDCIohAgQIECBAgAABAgQIECBAgAABAgSqExAY5Fm2AoNfCwzy4EII592/JsyYORKeeN4TDFJ4AoOUkHkCBAgQIEAgJiAwiKkYI0CAAAECBAgQIECAAAECBAgQIECgMgGBQR7l5fPX139I/oDAIA8uhHB+MzB4fMW27GOH7QCBwbDtuOslQIAAAQLVCAgMqnH0KgQIECBAgAABAgQIECBAgAABAgQIFAgIDApgCoZnP9wMDJZ4i4QCosLhXz3QeILBYwKDQqPWhMCgJeF3AgQIECBAIEdAYJCjZS0BAgQIECBAgAABAgQIECBAgAABAtkCAoM8slZgcH+fBAa7d+8O8+fPDxdddFH45S9/Gc4777xw0003hQ0bNuRdWA9WX/DrtfWnPzy63BMMUtwCg5SQeQIECBAgQCAmIDCIqRgjQIAAAQIECBAgQIAAAQIECBAgQKAyAYFBHmUrMLhv8Za8AytcvWvXrnDuueeGv/mbvwmve93rwkEHHRT9+OM//uNw1FFHhWXLllX43bt/qQubgcEjy1/s/kWG5EiBwZBstMskQIAAAQIVCwgMKgb1cgQIECBAgAABAgQIECBAgAABAgQIjBcQGIz3SH11xSONt0iYisBg//794Sc/+Ul429veFg0KikKDV7/61eGTn/xkWLNmTeryJnX+ogcbTzCY/5zAIAUtMEgJmSdAgAABAgRiAgKDmIoxAgQIECBAgAABAgQIECBAgAABAgQqExAY5FFeOUWBwfLly8Pf/u3fZoUF7cFBLUy49NJL8y64wtWz5jUDg2cFBilWgUFKyDwBAgQIECAQExAYxFSMESBAgAABAgQIECBAgAABAgQIECBQmYDAII+yFRjc28O3SFi8eHF417veNaG4YGxsUHsKwlT8unjeujBj5kiYJzBI8gsMkkQWECBAgAABAhEBgUEExRABAgQIECBAgAABAgQIECBAgAABAtUJCAzyLK96dEP9h+RzF23JO7DL1cuWLas0LmiFBmeeeWaXZ9T9YZc81AgMHly2tfsXGZIjBQZDstEukwABAgQIVCwgMKgY1MsRIECAAAECBAgQIECAAAECBAgQIDBeQGAw3iP1VS8Dg71794YPfvCDlT25oBUX1H4/+OCDw/z581OXW+n8ZfObgcFSgUEKVmCQEjJPgAABAgQIxAQEBjEVYwQIECBAgAABAgQIECBAgAABAgQIVCYgMMijbAUG9yyc/CcYnHzyyZMSF7RCgz/7sz8Lu3btygOYwOpWYPCAwCCpKDBIEllAgAABAgQIRAQEBhEUQwQIECBAgAABAgQIECBAgAABAgQIVCcgMMizvLr5FgmTHRhs2rQpvOENb5jUwKAWGpxxxhl5ABNYPfvh9fW3l7h/iScYpBgFBikh8wQIECBAgEBMQGAQUzFGgAABAgQIECBAgAABAgQIECBAgEBlAgKDPMprHttQ/yH53Qs35x2YufrUU0+d9LigFhj8yZ/8Sdi/f3/m2XW3/IpHGoHBfYsn/+kP3Z1h/xwlMOifvXAmBAgQIEBgkAQEBoO0W86VAAECBAgQIECAAAECBAgQIECAwAAKCAzyNq1XgcF73vOengQGtcjgzjvvzEPocvWVzcDgXoFBUlBgkCSygAABAgQIEIgICAwiKIYIECBAgAABAgQIECBAgAABAgQIEKhOQGCQZznn8cYTDO56ZvKeYLBq1aqexQW1wOCEE07IQ+hy9VXNt5eYu8gTDFKEAoOUkHkCBAgQIEAgJiAwiKkYI0CAAAECBAgQIECAAAECBAgQIECgMgGBQR5lLwKDa665pqeBwcc//vE8hC5XX90MDO5ZKDBIEQoMUkLmCRAgQIAAgZiAwCCmYowAAQIECBAgQIAAAQIECBAgQIAAgcoEBAZ5lNc+/kKYMXMk3DmJTzA46aSTehoYvPvd785D6HJ1r95eosvT66vDBAZ9tR1OhgABAgQIDIyAwGBgtsqJEiBAgAABAgQIECBAgAABAgQIEBhMAYFB3r71IjA49thjexoYvP3tb89D6HJ1L57+0OWp9d1hAoO+2xInRIAAAQIEBkJAYDAQ2+QkCRAgQIAAAQIECBAgQIAAAQIECAyugMAgb++ue6LxBIM7FmzOOzBj9be//e2eBga/93u/l3F23S/tRZzR/dn115ECg/7aD2dDgAABAgQGRUBgMCg75TwJECBAgAABAgQIECBAgAABAgQIDKiAwCBv464fDQw25R2Ysfr000/vaWDwgQ98IOPsul/62zhj8uy6P7v+OlJg0F/74WwIECBAgMCgCAgMBmWnnCcBAgQIECBAgAABAgQIECBAgACBARUQGORt3PVPNp5gcPvI5P2QfO7cuT0NDD71qU/lIXS5umV32yTadXlqfXeYwKDvtsQJESBAgACBgRAQGAzENjlJAgQIECBAgAABAgQIECBAgAABAoMrIDDI27te/JB8+/bt4dWvfnXPIoMzzjgjD6HL1Tc+uTHMmDkSBAZpQIFB2sgKAgQIECBA4EABgcGBJkYIECBAgAABAgQIECBAgAABAgQIEKhQQGCQh3lD8wkGk/1D8o9+9KM9CQxqIcPSpUvzELpcfeNvGoHBLU9P3tMfujy1vjtMYNB3W+KECBAgQIDAQAgIDAZim5wkAQIECBAgQIAAAQIECBAgQIAAgcEVEBjk7V2v/hb+Nddc05PA4O///u/zACaw+qanGoHBzU9tnMCrDMehAoPh2GdXSYAAAQIEqhYQGFQt6vUIECBAgAABAgQIECBAgAABAgQIEBgnIDAYx5H8ovW38G+d5L+Fv3fv3vDe97530iOD22+/PXnNVS24pRkY1EIDv8oFBAblPmYJECBAgACBuIDAIO5ilAABAgQIECBAgAABAgQIECBAgACBigQEBnmQN/XwMf933313eNWrXjVpkcGhhx6ad/ETXF17a4QZM0dCLdLwq1xAYFDuY5YAAQIECBCICwgM4i5GCRAgQIAAAQIECBAgQIAAAQIECBCoSEBgkAfZesx/7W/j9+LXV77ylUkJDN71rneFLVu29OISRr/HbSONwOCGJ18YHfNJXEBgEHcxSoAAAQIECJQLCAzKfcwSIECAAAECBAgQIECAAAECBAgQIDBBAYFBHmArMLi5R4HBnj17wic+8YlKI4O3v/3t4amnnsq78ApW394MDK4XGCQ1BQZJIgsIECBAgACBiIDAIIJiiAABAgQIECBAgAABAgQIECBAgACB6gQEBnmWtbCg9pj/WmjQq1+1yOAf//EfK4kM3vnOd05JXFCzumNB4wkG1z3hCQape0dgkBIyT4AAAQIECMQEBAYxFWMECBAgQIAAAQIECBAgQIAAAQIECFQmIDDIo6y9NUKvA4PaGe7fvz+cffbZ4Y1vfGPXoUHtSQgbNmzIu+AKV9/5zOa63bWPCwxSrAKDlJB5AgQIECBAICYgMIipGCNAgAABAgQIECBAgAABAgQIECBAoDIBgUEe5S1PN/4W/k2/6d0TDMae4bJly8JnP/vZ8IY3vKHj0OCv/uqvwpVXXjn2Zabk87uagcGcx6cucpiSC+/imwoMukBzCAECBAgQIBAEBm4CAgQIECBAgAABAgQIECBAgAABAgQmVUBgkMd7azMwuHGKAoPW2W7cuDGcccYZ4Z/+6Z/Ce97znnGxwVve8pZwyCGHhGOOOSY8/PDDrUOm/Pe7FzaeYHDNYwKD1GYIDFJC5gkQIECAAIGYgMAgpmKMAAECBAgQIECAAAECBAgQIECAAIHKBAQGeZS3jTSeYHDjk1PzBIOis92zZ0/Yvn17ePnll4uWTPn4PQu31N8i4apHBQapzRAYpITMEyBAgAABAjEBgUFMxRgBAgQIECBAgAABAgQIECBAgAABApUJCAzyKFuBwQ1PvpB3oNVh7iKBQae3gcCgUynrCBAgQIAAgbECAoOxGj4nQIAAAQIECBAgQIAAAQIECBAgQKByAYFBHmkrMLheYJAHF0K4d3EjMLjykfXZxw7bAQKDYdtx10uAAAECBKoREBhU4+hVCBAgQIAAAQIECBAgQIAAAQIECBAoEBAYFMAUDN/efIuE65/wBIMCosLh+5qBweyHBQaFSM0JgUFKyDwBAgQIECAQExAYxFSMESBAgAABAgQIECBAgAABAgQIECBQmYDAII/yjgWbwoyZI0FgkOdWW/3Akq11u8vnCwxSegKDlJB5AgQIECBAICYgMIipGCNAgAABAgQIECBAgAABAgQIECBAoDIBgUEe5R0LNtd/SH6dJxjkwdUCg6WNwOCy+euyjx22AwQGw7bjrpcAAQIECFQjIDCoxtGrECBAgAABAgQIECBAgAABAgQIECBQICAwKIApGL7zmUZgcO3j3iKhgKhw+MFmYHDpQwKDQqTmhMAgJWSeAAECBAgQiAkIDGIqxggQIECAAAECBAgQIECAAAECBAgQqExAYJBHeZfAIA9szOp5y16sP/3hknkCgzEs0U8FBlEWgwQIECBAgEBCQGCQADJNgAABAgQIECBAgAABAgQIECBAgMDEBAQGeX6twGDO4xvyDrQ6PPRsIzC4WGCQvBsEBkkiCwgQIECAAIGIgMAggmKIAAECBAgQIECAAAECBAgQIECAAIHqBAQGeZatwOCaxwQGeXIhzG8GBrMeXJt76NCtFxgM3Za7YAIECBAgUImAwKASRi9CgAABAgQIECBAgAABAgQIECBAgECRgMCgSCY+fvfCzfXH/AsM4j5low8/13iCwUW/FhiUOdXmBAYpIfMECBAgQIBATEBgEFMxRoAAAQIECBAgQIAAAQIECBAgQIBAZQICgzxKgUGe19jVjyzfVo8zLhQYjGWJfi4wiLIYJECAAAECBBICAoMEkGkCBAgQIECAAAECBAgQIECAAAECBCYmIDDI87tn4Zb6D8mvftRbJOTJhfBoMzC44IE1uYcO3XqBwdBtuQsmQIAAAQKVCAgMKmH0IgQIECBAgAABAgQIECBAgAABAgQIFAkIDIpk4uNzFzUCg6sEBnGgktHHVjSeYHD+/QKDEqb6lMAgJWSeAAECBAgQiAkIDGIqxggQIECAAAECBAgQIECAAAECBAgQqExAYJBHKTDI8xq7+onnBQZjPco+FxiU6ZgjQIAAAQIEigQEBkUyxgkQIECAAAECBAgQIECAAAECBAgQqERAYJDH2AoMrnxkfd6BVocnnt9ef3uJc+/zBIPU7SAwSAmZJ0CAAAECBGICAoOYijECBAgQIECAAAECBAgQIECAAAECBCoTEBjkUd67uPEWCQKDPLfa6idXNgKDc+5bnX/wkB0hMBiyDXe5BAgQIECgIgGBQUWQXoYAAQIECBAgQIAAAQIECBAgQIAAgbiAwCDuUjR6n8CgiCY5/tSqRmAw816BQQpLYJASMk+AAAECBAjEBAQGMRVjBAgQIECAAAECBAgQIECAAAECBAhUJiAwyKNsBQZXeIuEPLgQQisw+OVcgUEKT2CQEjJPgAABAgQIxAQEBjEVYwQIECBAgAABAgQIECBAgAABAgQIVCYgMMijvH/J1jBj5kiY/fD6vAOtDiOrd9Tt/nPuKhoJAYFBAsg0AQIECBAgEBUQGERZDBIgQIAAAQIECBAgQIAAAQIECBAgUJWAwCBPUmCQ5zV29YI1jcDgF/cIDMa6xD4XGMRUjBEgQIAAAQIpAYFBSsg8AQIECBAgQIAAAQIECBAgQIAAAQITEhAY5PE90HyCweXzPcEgTy6EZ5qBwc/vFhik7AQGKSHzBAgQIECAQExAYBBTMUaAAAECBAgQIECAAAECBAgQIECAQGUCAoM8ygeWNt4iQWCQ51ZbvXDtzvpbJJwtMEjiCQySRBYQIECAAAECEQGBQQTFEAECBAgQIECAAAECBAgQIECAAAEC1QkIDPIsf90MDC6bvy7vQKvDonWNwOCsu1bSSAgIDBJApgkQIECAAIGogMAgymKQAAECBAgQIECAAAECBAgQIECAAIGqBAQGeZIPCgzywMasXtwMDH52p8BgDEv0U4FBlMUgAQIECBAgkBAQGCSATBMgQIAAAQIECBAgQIAAAQIECBAgMDEBgUGe34PLGm+RcOlDnmCQJxfCkvWNJxicKTBI0gkMkkQWECBAgAABAhEBgUEExRABAgQIECBAgAABAgQIECBAgAABAtUJCAzyLFuBwSUCgzy4EMLSDS+FGTNHwpl3eIJBCk9gkBIyT4AAAQIECMQEBAYxFWMECBAgQIAAAQIECBAgQIAAAQIECFQmIDDIo5y37MX6D8kvmecJBnlyISxrBgZn3P587qFDt15gMHRb7oIJECBAgEAlAgKDShi9CAECBAgQIECAAAECBAgQIECAAAECRQICgyKZ+Pi8ZwUGcZn06LMvNJ5gcLrAIIklMEgSWUCAAAECBAhEBAQGERRDBAgQIECAAAECBAgQIECAAAECBAhUJyAwyLN8qBkYXOwJBnlwIYTlG3fVn/5w+m2eYJDCExikhMwTIECAAAECMQGBQUzFGAECBAgQIECAAAECBAgQIECAAAEClQkIDPIo5zcDg1nz1uYdaPVoYPDjWwUGqdtBYJASMk+AAAECBAjEBAQGMRVjBAgQIECAAAECBAgQIECAAAECBAhUJiAwyKOc/1zjLRJmPSgwyJML4flNjScY/OjWFbmHDt16gcHQbbkLJkCAAAEClQgIDCph9CIECBAgQIAAAQIECBAgQIAAAQIECBQJCAyKZOLjrcDgIoFBHKhkdOXmRmDww1sEBiVM9SmBQUrIPAECBAgQIBATEBjEVIwRIECAAAECBAgQIECAAAECBAgQIFCZgMAgj/Lh5hMMLvq1JxjkyYWwcvPLYcbMkXCqwCBJJzBIEllAgAABAgQIRAQEBhEUQwQIECBAgAABAgQIECBAgAABAgQIVCcgMMizfGR54y0SBAZ5brXVq7c0AoNTbl6ef/CQHSEwGLINd7kECBAgQKAiAYFBRZBehgABAgQIECBAgAABAgQIECBAgACBuIDAIO5SNPrI8m31v4V/oScYFBEVjq/Z2ggM/uMmgUEhUnNCYJASMk+AAAECBAjEBAQGMRVjBAgQIECAAAECBAgQIECAAAECBAhUJhALDG4b2RQumbfOR8Tg9NuerwcGx129jE/Ep+y+mXnv6rrdly9dzC5hd+QFj4T/+YPbRj/ufGpdZf/MeyECBAgQIEBg+goIDKbv3royAgQIECBAgAABAgQIECBAgAABAn0hEAsMvjPn2foPgmfMHPE7A/dAH9wD581d0Rd/XjgJAgQIECBAoL8FBAb9vT/OjgABAgQIECBAgAABAgQIECBAgMDAC8QCg6dX7wjzlr3oI2Jw6UPr6j9wP+Xm5XwiPmX3Te3JGLVo5Zgrl7JL2H374ofCfzvhmtGPh5e8MPB/1rgAAgQIECBAYPIFBAaTb+w7ECBAgAABAgQIECBAgAABAgQIEBhqgVhgMNQgiYt/bMW2+g/Jz79/TWKl6XaBDdt21+1OuuG59ilftwmcNvv+8JEjzxn9WLFuS9sKXxIgQIAAAQIEDhQQGBxoYoQAAQIECBAgQIAAAQIECBAgQIAAgQoFBAZ5mI8LDPLAxqx+Yfsr9cDgu9cLDMawRD8VGERZDBIgQIAAAQIJAYFBAsg0AQIECBAgQIAAAQIECBAgQIAAAQITExAY5Pk98bwnGOSJ/Xb1xh3NwOA6gcFvVeKfCQziLkYJECBAgACBcgGBQbmPWQIECBAgQIAAAQIECBAgQIAAAQIEJiggMMgDfOL57fW/hX+et0jIgwshbGoGBide92z2scN2gMBg2Hbc9RIgQIAAgWoEBAbVOHoVAgQIECBAgAABAgQIECBAgAABAgQKBAQGBTAFw0+ubAQG5963pmCF4SKBzTsbTzA44VqBQZFRa1xg0JLwOwECBAgQIJAjIDDI0bKWAAECBAgQIECAAAECBAgQIECAAIFsAYFBHtlvA4PVeQdaHbbu3FN/+sMJcwQGqdtBYJASMk+AAAECBAjEBAQGMRVjBAgQIECAAAECBAgQIECAAAECBAhUJiAwyKNsBQbn3CcwyJMLYetLjcDg+DnLcg8duvUCg6HbchdMgAABAgQqERAYVMLoRQgQIECAAAECBAgQIECAAAECBAgQKBIQGBTJxMd/03yLhJn3CgziQsWj23Y1AoNvXyMwKFZqzAgMUkLmCRAgQIAAgZiAwCCmYowAAQIECBAgQIAAAQIECBAgQIAAgcoEBAZ5lE+t2l5/zL/AIM+ttnr7rr11u+MEBkk8gUGSyAICBAgQIEAgIiAwiKAYIkCAAAECBAgQIECAAAECBAgQIECgOgGBQZ6lwCDPa+zqHS83AoNvXe0JBmNdYp8LDGIqxggQIECAAIGUgMAgJWSeAAECBAgQIECAAAECBAgQIECAAIEJCQgM8vieXr2j/rfwfznXWyTkyYWwc3cjMDj2qqW5hw7deoHB0G25CyZAgAABApUICAwqYfQiBAgQIECAAAECBAgQIECAAAECBAgUCQgMimTi4wKDuEsnoy81A4NvCgySXAKDJJEFBAgQIECAQERAYBBBMUSAAAECBAgQIECAAAECBAgQIECAQHUCAoM8y5HmEwz+c+6qvAMnYfWePXvCbbfdFg4//PDwp3/6p+F3f/d3w2tf+9rwjne8I3zkIx8Jp512WtiwYcMkfOfuXnLXK/vqT3845kpPMEgJCgxSQuYJECBAgACBmIDAIKZijAABAgQIECBAgAABAgQIECBAgACBygQEBnmUrcDgF/dMbWCwcOHC8LGPfSwcfPDB4aCDDop+vOpVrwp/+Id/GC6//PKwb9++vAudhNUv72kEBt+4YskkvPr0ekmBwfTaT1dDgAABAgR6JSAw6JW070OAAAECBAgQIECAAAECBAgQIEBgSAUEBnkbv2DNjvrfwp/KwOCxxx4L73vf+0ItIKjFBW94wxvCIYccEo488shw9NFHh3/4h38Ib33rW0fn3/SmN4VZs2blXegkrN7dDAy+PltgkOIVGKSEzBMgQIAAAQIxAYFBTMUYAQIECBAgQIAAAQIECBAgQIAAAQKVCQgM8iifmeLAoPaWBx/+8Ifr8UAtMPjgBz8YHn300QMuYtWqVfXQ4NWvfnU9Qnjve98bFi1adMC6Xg68srfxBAOBQVpdYJA2soIAAQIECBA4UEBgcKCJEQIECBAgQIAAAQIECBAgQIAAAQIEKhQQGORhPrO28QSDn989NW+RcMYZZ4TXvOY19Wjg/e9/f2k0UIsM/vIv/7K+thYafO973wv79+/Pu+AKV+/Zt7/+9IejLvcEgxSrwCAlZJ4AAQIECBCICQgMYirGCBAgQIAAAQIECBAgQIAAAQIECBCoTEBgkEe5cO3O+g/Jz56CwGDLli3hQx/6UD0YOPjgg8Opp55aGgzUYoKTTz45tJ5iUHsbhW3btuVdcIWr9zUDgyMvW1zhq07PlxIYTM99dVUECBAgQGCyBQQGky3s9QkQIECAAAECBAgQIECAAAECBAgMuYDAIO8GmMrA4JFHHglvf/vb64HB2972tvDggw8mT/7aa68Nr3/96+vHvOc97wkrVqxIHjNZC2rBw4yZI+GrAoMkscAgSWQBAQIECBAgEBEQGERQDBEgQIAAAQIECBAgQIAAAQIECBAgUJ2AwCDPclHzCQZn3bUy78AKVs+ePTu89rWvrccCb37zm8MRRxwRTjjhhNKPQw89NLzuda+rH/P7v//74amnnqrgTLp/iVpg8JVLPcEgJSgwSAmZJ0CAAAECBGICAoOYijECBAgQIECAAAECBAgQIECAAAECBCoTEBjkUS5a13iLhKkIDM4888zRtzs46KCD6tFAzu/vfOc7wxNPPJF3wRWvrgUGX75kUcWvOv1eTmAw/fbUFREgQIAAgV4ICAx6oex7ECBAgAABAgQIECBAgAABAgQIEBhiAYFB3uYvbgYGP+vxEwxqby9wyimndB0YHHzwweHjH/942LRpU94FV7z60HNGwhECg6SqwCBJZAEBAgQIECAQERAYRFAMESBAgAABAgQIECBAgAABAgQIECBQnYDAIM9y8frGEwx+dmfv3yLhtNNOGw0M/uiP/igsWbIk7+T7YPWnzhkJ/3axJxik3ea6YQAAIABJREFUtkJgkBIyT4AAAQIECMQEBAYxFWMECBDoI4Hdr+wJjy9Z44OBe8A94B4YgHtg7759ffRvEKdCgAABAgQIEOgfAYFB3l4saQYGP52CwODCCy8Mr3nNa+pvjfCOd7wjPProo3kn3werDzt3JHxplsAgtRUCg5SQeQIECBAgQCAmIDCIqRgjQIBAnwjU4oKjf3Fz+MiR5/hg4B5wD7gHBuAe2LFrd5/8G8RpECBAgAABAgT6S0BgkLcfrcDgzCkIDO6+++7wlre8pR4Y/M7v/E648sor806+D1Z/5rwF4YuzFvbBmfT3KQgM+nt/nB0BAgQIEOhXAYFBv+6M8yJAYOgFxAWiCmGJe8A9MHj3gMBg6P/1DYAAAQIECBAoEBAYFMAUDC9d/1KYMXMknHlH798iYdWqVeEDH/hAPTB41ateFT796U+H3bsHK6StBQZfuEhgUHB7jQ4LDEYpfEKAAAECBAhkCAgMMrAsJUCAQK8ExAWD90NFPwi2Z+4B90DtHhAY9OrflL4PAQIECBAgMGgCAoO8HVu6YeoCg71794avfOUroRYXHHTQQeHNb35zmD17dt4FTPHqz56/IPzrhQKD1DYIDFJC5gkQIECAAIGYgMAgpmKMAAECUyhQFBcc9v0rwgW3POaDgXvAPeAemOJ74FPfn134dhUCgyn8F6hvTYAAAQIECPS1gMAgb3uWNQODM6bgCQa1M3366afDu9/97npgUIsMam+ZcPzxx4c1a9YccCG1IGHBggXhrLPOCocddlh4/PHHD1jT64F//tUzAoMO0AUGHSBZQoAAAQIECBwgIDA4gMQAAQIEpk6gKC74+bUPTd1J+c4ECBAgMCpw+yNLwiFHFT+tQWAwSuUTAgQIECBAgMA4AYHBOI7kF8++0HiCwRm3P59cO1kLak8teOtb3zoaGdRCg9e+9rXhfe97X/jwhz8cPvShD4U///M/D29605tGn3bwmte8Jlx++eWTdUodv+7nfvVM+JcLnul4/bAuFBgM6867bgIECBAgMDEBgcHE/BxNgACBygTEBZVReiECBAhMikAqLvAWCZPC7kUJECBAgACBaSIgMMjbyFZg8JMpDAz2798f7rjjjvAXf/EXowFBLTIo+6gFCXPnzs272ElYXYsLapGBX+UCAoNyH7MECBAgQIBAXEBgEHcxSoAAgZ4KiAt6yu2bESBAIFsgFhfU3rrm86fNGfd2CZ5gkE3rAAIECBAgQGBIBAQGeRvdCgxOn8LAoHXGO3fuDFdccUWYMWNGeP/73x/e+MY3hoMPPji8/vWvD3/wB38Q/vqv/zocfvjh9bdIWLp0aeuwKf39/10oMOhkAwQGnShZQ4AAAQIECLQLCAzaRXxNgACBHguIC3oM7tsRIEAgU6AoLtj44s5w3Dm3CQwyPS0nQIAAAQIEhlNAYJC378813yLh9Num7i0S8s64v1b/64ULw2fPX9BfJ9WHZyMw6MNNcUoECBAgQGAABAQGA7BJTpEAgekrIC6YvnvryggQmB4CZXFB7QoFBtNjn10FAQIECBAgMPkCAoM84+Ubd4UZM0fCaQKDPLjm6s9ftDAcfp7AIIUnMEgJmSdAgAABAgRiAgKDmIoxAgQI9EBAXNADZN+CAAECExBIxQW1lxYYTADYoQQIECBAgMBQCQgM8rZbYJDn1b76C7MWhs8IDNpZDvhaYHAAiQECBAgQIECgAwGBQQdIlhAgQKBqAXFB1aJejwABAtUKdBIX1L6jwKBad69GgAABAgQITF8BgUHe3q5oPsHgx7d6i4Q8ucbqL85aGD59ricYpOwEBikh8wQIECBAgEBMQGAQUzFGgACBSRQQF0wirpcmQIBABQKdxgW1byUwqADcSxAgQIAAAQJDISAwyNvm5zc13iLhx7euyDvQ6rrAly5eFA47Z4RGQkBgkAAyTYAAAQIECEQFBAZRFoMECBCYHAFxweS4elUCBAhUJZATF9S+p8CgKnmvQ4AAAQIECEx3AYFB3g63AoMfCQzy4Jqrj7h4UfiUwCBpJzBIEllAgAABAgQIRAQEBhEUQwQIEJgMAXHBZKh6TQIECFQnkBsX1L6zwKA6f69EgAABAgQITG8BgUHe/rYCgx/e4gkGeXKN1UdcsigcOtMTDFJ2AoOUkHkCBAgQIEAgJiAwiKkYI0CAQMUC4oKKQb0cAQIEKhboJi6onYLAoOKN8HIECBAgQIDAtBUQGORt7crNjbdIEBjkubVWf/nSxWGGwKDFUfi7wKCQxgQBAgQIECBQIiAwKMExRYAAgSoExAVVKHoNAgQITJ5At3FB7YwEBpO3L16ZAAECBAgQmF4CAoO8/Vy5+eX6D8gFBnlurdVfFRi0KEp/FxiU8pgkQIAAAQIECgQEBgUwhgkQIFCFgLigCkWvQYAAgckTmEhcUDsrgcHk7Y1XJkCAAAECBKaXgMAgbz9XNQODU71FQh5cc/VXL2s8wWDf/v1dHT8sBwkMhmWnXScBAgQIEKhWQGBQradXI0CAwKiAuGCUwicECBDoS4GJxgW1ixIY9OXWOikCBAgQIECgDwUEBnmbsnpL4wkGp9y8Iu9Aq+sCR13eCAz27hMYlN0SAoMyHXMECBAgQIBAkYDAoEjGOAECBCYgIC6YAJ5DCRAg0AOBKuKC2mkKDHqwWb4FAQIECBAgMC0EBAZ52/jbwGB53oFW1wW+dvmS+ltM7BEYlN4RAoNSHpMECBAgQIBAgYDAoADGMAECBLoVEBd0K+c4AgQI9EagqrigdrYCg97sme9CgAABAgQIDL6AwCBvD1uBwX/cJDDIk2us/vrsRmDwyt593Rw+NMcIDIZmq10oAQIECBCoVEBgUCmnFyNAYNgFxAXDfge4fgIE+l2gyrigdq0Cg37fcedHgAABAgQI9IuAwCBvJ9ZsbbxFgsAgz621+ugrGoHB7j0Cg5ZJ7HeBQUzFGAECBAgQIJASEBikhMwTIECgQwFxQYdQlhEgQGCKBKqOC2qXITCYos30bQkQIECAAIGBExAY5G3ZWoFBHljb6m9csbT+FgkvCwzaZMZ/KTAY7+ErAgQIECBAoDMBgUFnTlYRIECgVEBcUMpjkgABAlMuMBlxQe2iBAZTvrVOgAABAgQIEBgQAYFB3kat3bq7/gPyH3iLhDy45upjrmwEBrte8QSDMkCBQZmOOQIECBAgQKBIQGBQJGOcAAECHQqICzqEsowAAQJTJDBZcUHtcgQGU7Spvi0BAgQIECAwcAICg7wtW/diIzD4/o3L8w60ui7wzasagcHO3XuJlAgIDEpwTBEgQIAAAQKFAgKDQhoTBAgQSAuIC9JGVhAgQGAqBSYzLqhdl8BgKnfX9yZAgAABAgQGSUBgkLdbAoM8r/bVxwoM2kmiXwsMoiwGCRAgQIAAgYSAwCABZJoAAQJFAuKCIhnjBAgQ6A+ByY4LalcpMOiPvXYWBAgQIECAQP8LCAzy9mh98wkGJ9/wXN6BVtcFvnX1svpbTOx42RMMym4JgUGZjjkCBAgQIECgSEBgUCRjnAABAiUC4oISHFMECBDoA4FexAW1yxQY9MFmOwUCBAgQIEBgIAQEBnnbtH5b4y0SThIY5ME1Vx93TSMw2LZrT1fHD8tBAoNh2WnXSYAAAQIEqhUQGFTr6dUIEBgCAXHBEGyySyRAYKAFehUX1JAEBgN9qzh5AgQIECBAoIcCAoM87A0CgzywttXHCwzaROJfCgziLkYJECBAgACBcgGBQbmPWQIECIwTEBeM4/AFAQIE+k6gl3FB7eIFBn13CzghAgQIECBAoE8FBAZ5G/OCwCAPrG318XMaTzDY+pInGLTRjPtSYDCOwxcECBAgQIBAhwICgw6hLCNAgIC4wD1AgACB/hbodVxQ0xAY9Pc94ewIECBAgACB/hEQGOTtxQvbXwkzZo6E713/XN6BVtcFTpjzbN1vy06BQdktITAo0zFHgAABAgQIFAkIDIpkjBMgQGCMgLhgDIZPCRAg0IcCUxEX1BgEBn14MzglAgQIECBAoC8FBAZ529IKDL4rMMiDa64+8dpGYLB55ytdHT8sBwkMhmWnXScBAgQIEKhWQGBQradXI0BgGgqIC6bhprokAgSmlcBUxQU1RIHBtLqVXAwBAgQIECAwiQICgzzcjc0nGHz3Ok8wyJNrrD7xukZgsGmHwKDMT2BQpmOOAAECBAgQKBIQGBTJGCdAgEAIQVzgNiBAgEB/C0xlXFCTERj09/3h7AgQIECAAIH+ERAY5O3Fxh2Nt0j49+uezTvQ6rpALcyovcVELdTwq1hAYFBsY4YAAQIECBAoFhAYFNuYIUBgyAXEBUN+A7h8AgT6XmCq44IakMCg728TJ0iAAAECBAj0iYDAIG8jan/zvvYDcoFBnltr9feubwQGtbea8KtYQGBQbGOGAAECBAgQKBYQGBTbmCFAYIgFxAVDvPkunQCBgRDoh7igBiUwGIjbxUkSIECAAAECfSAgMMjbhM3NwKD2qH+/8gVOuqERGGzYtjv/4CE6QmAwRJvtUgkQIECAQIUCAoMKMb0UAQLTQ0BcMD320VUQIDB9BfolLqgJCwym733myggQIECAAIFqBQQGeZ6bdzaeYHDitQKDPLnG6pObgcH6FwUGZX4CgzIdcwQIECBAgECRgMCgSMY4AQJDKSAuGMptd9EECAyQQD/FBTU2gcEA3TxOlQABAgQIEJhSAYFBHn8rMDhBYJAH11z9/RuX199iYp3AoNRPYFDKY5IAAQIECBAoEBAYFMAYJkBg+ATEBcO3566YAIHBEui3uKCmJzAYrHvI2RIgQIAAAQJTJyAwyLPfsnNP/QfkJ8zxBIM8ucbqH9zUCAzWbn25m8OH5hiBwdBstQslQIAAAQKVCggMKuX0YgQIDKqAuGBQd855EyAwLAL9GBfU7AUGw3IHuk4CBAgQIEBgogICgzzBrc3A4DsCgzy45ur/aAYGq7cIDMoABQZlOuYIECBAgACBIgGBQZGMcQIEhkZAXDA0W+1CCRAYUIF+jQtqnAKDAb2pnDYBAgQIECDQcwGBQR751pcaTzAQGOS5tVafcvOK+hMgVm0WGLRMYr8LDGIqxggQIECAAIGUgMAgJWSeAIFpLSAumNbb6+IIEJgGAv0cF9R4BQbT4CZzCQQIECBAgEBPBAQGecwvNgOD4+csyzvQ6rrAqbc0AoOVAoPSO0JgUMpjkgABAgQIECgQEBgUwBgmQGD6C4gLpv8eu0ICBAZboN/jgpquwGCw7zFnT4AAAQIECPROQGCQZ71tV+MJBsdfIzDIk2us/mEzMHh+065uDh+aYwQGQ7PVLpQAAQIECFQqIDColNOLESAwKALigkHZKedJgMCwCgxCXFDbG4HBsN6hrpsAAQIECBDIFRAY5Im1AoNvCwzy4Jqrf3xr4wkGKzYKDMoABQZlOuYIECBAgACBIgGBQZGMcQIEpq2AuGDabq0LI0BgmggMSlxQ4xYYTJObzmUQIECAAAECky4gMMgjbgUGxwkM8uCaq0+77fkwY+ZIWC4wKPUTGJTymCRAgAABAgQKBAQGBTCGCRCYngLigum5r66KAIHpIzBIcUFNXWAwfe49V0KAAAECBAhMrkB7YHDC+XeEzdte8lFgsHLj9voPyI+5YjGjAqOy++eUm56r+z25Ygu/Er/vnHd7+MiR54x+rFi3ZXL/IBjAVz/2qqXhs+cvCPv27x/As+/PU77xNxvrpvcsdL/15w45KwIECKQFBAZpIysIEJgmAuKCabKRLoMAgWkrMGhxQW0jBAbT9nZ0YQQITAOBfz71qvBfvnG+DwbugT65B/7u6+eN/hBz7A80ff7bH+6OtTjka+fXf0D+f86cz23MD8DHGpV9/okf31v3+7tjL+WX4Vf759S/O8f/b4d/OuvRxr109PhxTt17/M/v31I3/f9OusH9Fvl39CFHjf/3gnut+3uNHbvJuAd+fu1D0+D/LU/8EgQGEzf0CgQIDICAuGAANskpEiAw1AKDGBfUNkxgMNS3rYsnQKDPBQ49ebYfKiV+qPSxb14SPnna/eG/f+8GVgmrsh9kts/9w6l31V3bx309/gcmPMo9BAblPqn7R2AwMb+U7zDNtwKDYbrmyb7W/3HSzfXA4OP/fr3//VHh//6Y7H3rl9f/HyfdVP/fWR89Zpb7p6L7Z/T/E3zX/yfo5D4/8+pf9/n/E+7N6QkMeuPsuxAgMIUC4oIpxPetCRAg0IHAoMYFtUsTGHSwwZYQIEBgigQEBukfLv2X42bX/wP//zr1bv+BtqL/QFv7j5J+GJW+9zr5j7fDvmY0MPipJxh0cy984kdzG3/r/NjL/PlW4Z9v3ezFoB/jz/Tq/0wXGFRvOuj/nOWc/+if79/y53uOW9na//rtK+r/zqxFsmXrzDX+2RUYNP4PvsBgiv5Dh29LgEBvBMQFvXH2XQgQINCtwCDHBbVrFhh0u/OOI0CAwOQLtAcGXzh9TvAx3uBzZ9xa/4+Jnz7r12wqvD9m/OLxuqv7bfz91v4fpWtvY/LvF9zpo8DghF/dVb+PDp/5BKMCo7L75/PnPlL3++b5c/mV+H3uh1cf8MMkf3aN/7Pr0Oaf6Z8/bfw4p+49Dv9ZIwD67E/v9r8/Iv/7o/3fl+618ffap8+aV//z/V9+cov7J3L/dHO/fO6M2+qmn/H/CaL31N8dff64f1cKDBr/X15gMPn/TcN3IEBgigTEBVME79sSIECgQ4FBjwtqlykw6HCzLSNAgMAUCIwNDP73CZdMwRn0/7d8evWO+n9M/OXc1f1/sgN0hl+5dHHddYBOuSenOv+ZleP+4+zFdzzRk+87qN9k5+699fvom1ctHdRLmNLz/tldK+t+i9ftnNLz6PdvPvuep8b9c3n/U8v7/ZR7fn5HXtb4M33fvv09/97T9Rte+/gL9X8+71iwebpe4oSuq/2HmRN6sWl48Jl3NP58X7Len+9Vbe9vVm6v/zM5817/nyBmunT1pnH/rhQYNJQEBrG7xRgBAgMvIC4Y+C10AQQITHOB6RAX1LZIYDDNb1SXR4DAQAsIDNLbJzBIG3WzQmAQVxMYxF2KRl9qBgbHXCkwKDIqGz+rGRgsWusHUGVOAoMyncacwCBtlLtCYFAuJjAo9xEYlPt0MyswKFcTGMR9BAZxF6MECAywgLhggDfPqRMgMBQC0yUuqG2WwGAoblkXSYDAgAoIDNIbJzBIG3WzQmAQVxMYxF2KRne9sq/+twkFBkVC5eNn372q7vfM2h3lC4d8VmCQvgEEBmmj3BUCg3IxgUG5j8Cg3KebWYFBuZrAIO4jMIi7GCVAYEAFxAUDunFOmwCBoRGYTnFBbdMEBkNz67pQAgQGUEBgkN40gUHaqJsVAoO4msAg7lI0KjAokuls/Bf3NAODNQKDMjGBQZlOY05gkDbKXSEwKBcTGJT7CAzKfbqZFRiUqwkM4j4Cg7iLUQIEBlBAXDCAm+aUCRAYKoHpFhfUNk9gMFS3sIslQGDABAQG6Q0TGKSNulkhMIirCQziLkWjL+9pPMHgG1d4i4Qio7LxVmAwslpgUOYkMCjTacwJDNJGuSsEBuViAoNyH4FBuU83swKDcjWBQdxHYBB3MUqAwIAJiAsGbMOcLgECQycwHeOC2iYKDIbuVnbBBAgMkIDAIL1ZAoO0UTcrBAZxNYFB3KVodPdoYLCkaInxEoFfzl1df4uE2p9zfhULCAyKbVozAoOWRHW/CwzKLQUG5T4Cg3KfbmYFBuVqAoO4j8Ag7mKUAIEBEhAXDNBmOVUCBIZSYLrGBbXNFBgM5S3togkQGBABgUF6owQGaaNuVggM4moCg7hL0WgrMDj6CoFBkVHZ+Mx7G4HBU6u2ly0b+jmBQfoWEBikjXJXCAzKxQQG5T4Cg3KfbmYFBuVqAoO4j8Ag7mKUAIEBERAXDMhGOU0CBIZWYDrHBbVNFRgM7a3twgkQGAABgUF6kwQGaaNuVggM4moCg7hL0WgrMPj6bIFBkVHZeCswqP3QxK9iAYFBsU1rRmDQkqjud4FBuaXAoNxHYFDu082swKBcTWAQ9xEYxF2MEiAwAALiggHYJKdIgMBQC0z3uKC2uQKDob7FXTwBAn0uIDBIb5DAIG3UzQqBQVxNYBB3KRp9Ze+++iP+BQZFQuXj597XeILBkwKDUiiBQSlPfVJgkDbKXSEwKBcTGJT7CAzKfbqZFRiUqwkM4j4Cg7iLUQIE+lxAXNDnG+T0CBAYeoFhiAtqmywwGPpbHQABAn0sIDBIb47AIG3UzQqBQVxNYBB3KRrds3e/wKAIp4Px8+5fU/d74nlPMCjjEhiU6TTmBAZpo9wVAoNyMYFBuY/AoNynm1mBQbmawCDuIzCIuxglQKCPBcQFfbw5To0AAQIhhGGJC2qbLTBwyxMgQKB/BQQG6b0RGKSNulkhMIirCQziLkWje/Y1AoOvXe4tEoqMysbPbwYGj6/YVrZs6OcEBulbQGCQNspdITAoFxMYlPsIDMp9upkVGJSrCQziPgKDuItRAgT6VEBc0Kcb47QIECDQFBimuKB2yQIDtz4BAgT6V0BgkN4bgUHaqJsVAoO4msAg7lI0urcZGBwlMCgiKh3/1QONJxg8JjAodRIYlPLUJwUGaaPcFQKDcjGBQbmPwKDcp5tZgUG5msAg7iMwiLsYJUCgDwXEBX24KU6JAAECYwSGLS6oXbrAYMwN4FMCBAj0mYDAIL0hAoO0UTcrBAZxNYFB3KVo9LeBweKiJcZLBC749dr6WyQ8utwTDEqYgsCgTKcxJzBIG+WuEBiUiwkMyn0EBuU+3cwKDMrVBAZxH4FB3MUoAQJ9JiAu6LMNcToECBBoExjGuKBGIDBouxF8SYAAgT4SEBikN0NgkDbqZoXAIK4mMIi7FI3uaz7BoPbDTb/yBS5sBgaPLH8x/+AhOkJgkN5sgUHaKHeFwKBcTGBQ7iMwKPfpZlZgUK4mMIj7CAziLkYJEOgjgaK44BfXPdRHZ+lUCBAgMLwCwxoX1HZcYDC8970rJ0Cg/wUEBuk9EhikjbpZITCIqwkM4i5Fo/v276//DfyvCgyKiErHL3qw8QSD+c8JDMqgBAZlOo05gUHaKHeFwKBcTGBQ7iMwKPfpZlZgUK4mMIj7CAziLkYJEOgTAXFBn2yE0yBAgECBwDDHBTUSgUHBjWGYAAECfSAgMEhvgsAgbdTNCoFBXE1gEHcpGt0vMCii6Wh81rxmYPCswKAMTGBQptOYExikjXJXCAzKxQQG5T4Cg3KfbmYFBuVqAoO4j8Ag7mKUAIE+EBAX9MEmOAUCBAiUCAx7XFCjERiU3CCmCBAgMMUCAoP0BggM0kbdrBAYxNUEBnGXstEZM0fCVy/1FgllRkVzF89bV38CxDyBQRFRfVxgUMpTnxQYpI1yVwgMysUEBuU+AoNyn25mBQblagKDuI/AIO5ilACBKRYQF0zxBvj2BAgQSAiICxpAAoPEjWKaAAECUyggMEjjCwzSRt2sEBjE1QQGcZey0VpgULuf/MoXuOShRmDw4LKt+QcP0RECg/RmCwzSRrkrBAblYgKDch+BQblPN7MCg3I1gUHcR2AQdzFKgMAUCogLphDftyZAgEAHAuKC3yIJDH5r4TMCBAj0m4DAIL0jAoO0UTcrBAZxNYFB3KVstBYYfFlgUEZUOHfZ/GZgsFRgUIgUQhAYlOk05gQGaaPcFQKDcjGBQbmPwKDcp5tZgUG5msAg7iMwiLsYJUBgigTEBVME79sSIECgQwFxwXgogcF4D18RIECgnwQEBundEBikjbpZITCIqwkM4i5lo/XA4JJFZUvMFQi0AoMHBAYFQo1hgUEpT31SYJA2yl0hMCgXExiU+wgMyn26mRUYlKsJDOI+AoO4i1ECBKZAQFwwBei+JQECBDIExAUHYgkMDjQxQoAAgX4REBikd0JgkDbqZoXAIK4mMIi7lI0eOnMkHCEwKCMqnJv98PpQCzTuX+IJBoVInmBQRjM6JzAYpajsE4FBOaXAoNxHYFDu082swKBcTWAQ9xEYxF2MEiDQYwFxQY/BfTsCBAhkCogL4mACg7iLUQIECPSDgMAgvQsCg7RRNysEBnE1gUHcpWz00HMEBmU+ZXNXPNIIDO5bvKVs2dDPeYJB+hYQGKSNclcIDMrFBAblPgKDcp9uZgUG5WoCg7iPwCDuYpQAgR4KiAt6iO1bESBAoAsBcUExmsCg2MYMAQIEplpAYJDeAYFB2qibFQKDuJrAIO5SNvqpWmBwsbdIKDMqmruyGRjcKzAoIqqPCwxKeeqTAoO0Ue4KgUG5mMCg3EdgUO7TzazAoFxNYBD3ERjEXYwSINAjAXFBj6B9GwIECHQpIC4ohxMYlPuYJUCAwFQKCAzS+gKDtFE3KwQGcTWBQdylbPSwc0bCvwkMyogK5656dEP9LRLmLvIEg0Ikb5FQRjM6JzAYpajsE4FBOaXAoNxHYFDu082swKBcTWAQ9xEYxF2MEiDQAwFxQQ+QfQsCBAhMQEBckMYTGKSNrCBAgMBUCQgM0vICg7RRNysEBnE1gUHcpWy0Fhh8SWBQRlQ4d3UzMLhnocCgEElgUEYzOicwGKWo7BOBQTmlwKDcR2BQ7tPNrMCgXE1gEPcRGMRdjBIgMMkC4oJJBvbyBAgQmKCAuKAzQIFBZ05WESBAYCoEBAZpdYFB2qibFQKDuJrAIO5SNnrYuSPhS7O8RUKZUdHcNY81nmBw98LNRUuMCww6ugcEBh0xZS0SGJRzCQzKfQQG5T7dzAoMytUEBnEfgUHcxSgBApMoIC6YRFwvTYAAgQoExAWdIwoMOreykgABAr0WEBikxQUGaaNuVggM4moCg7hL2einz10QvjhrYdkScwUCcx5vBAZ3PSMwKCCqD8++56nwkSPPGf24/6nlZcuHck5gUP22CwzKTQUG5T4Cg3KKbcbVAAAgAElEQVSfbmYFBuVqAoO4j8Ag7mKUAIFJEhAXTBKslyVAgEBFAuKCPEiBQZ6X1QQIEOilgMAgrS0wSBt1s0JgEFcTGMRdykY/c96C8AWBQRlR4VzrB5h3CgwKjWoTAoNSnvqkwCBtlLvi/2fvTMDlKsqErY4sLr+CqOP6uI2jgzqMOor7yKIIyoAiuARwQxQVZVFAFgkBcR2QRRGSELJBCBD2PUDYQggEsnCzkAVCSEL2QPaN+p863af79uWrr27XPX2665y3n+c+fe73VZ+uer863ff2ebtOenyOnY4AJLFDMJCo1GMIBnUWWW0hGOgkEQxkPggGMheiEIBACwggF7QAKruEAAQgkCEB5ILmYSIYNM+MR0AAAhDIiwCCgZ80goGfUUgLBAOZGoKBzEWLIhhodPTcDZOXmX4Du8zY6Sv0hiXPIhj4JwCCgZ9Rsy0QDHRiCAY6HwQDnU9IFsFAp4ZgIPNBMJC5EIUABDImgFyQMVB2BwEIQCBjAsgFYUARDMK48SgIQAACeRBAMPBTRjDwMwppgWAgU0MwkLlo0R/YFQyGc4kEjZErd+OUimBwRxeCgYuRjSMYaHQqOQQDP6NmWyAY6MQQDHQ+CAY6n5AsgoFODcFA5oNgIHMhCgEIZEgAuSBDmOwKAhCAQAsIIBeEQ0UwCGfHIyEAAQi0mgCCgZ8wgoGfUUgLBAOZGoKBzEWLWsHgpwgGGiJn7uYpy5MVDBAMnIiSBIKBzsdmEQz8jJptgWCgE0Mw0PkgGOh8QrIIBjo1BAOZD4KBzIUoBCCQEQHkgoxAshsIQAACLSKAXNA3sAgGfePHoyEAAQi0kgCCgZ8ugoGfUUgLBAOZGoKBzEWL/nDIdPOTYaxgoDFy5W6eWhEMbnuCFQxcjGwcwUCjU8khGPgZNdsCwUAnhmCg80Ew0PmEZBEMdGoIBjIfBAOZC1EIQCADAsgFGUBkFxCAAARaSAC5oO9wEQz6zpA9QAACEGgVAQQDP1kEAz+jkBYIBjI1BAOZixZFMNDo6LlbplUEg1unLdcbljyLYOCfAAgGfkbNtkAw0IkhGOh8EAx0PiFZBAOdGoKBzAfBQOZCFAIQ6CMB5II+AuThEIAABFpMALkgG8AIBtlwZC8QgAAEWkEAwcBPFcHAzyikBYKBTA3BQOaiRX902Qxz5LAZWhNyDgK3VQUDKxpwcxNAMHCzSTMIBimJ7O4RDHSWCAY6HwQDnU9IFsFAp4ZgIPNBMJC5EIUABPpAALmgD/B4KAQgAIEcCCAXZAcZwSA7luwJAhCAQNYEEAz8RBEM/IxCWiAYyNQQDGQuWvQIBAMNj5qzl0boN7DL2EslcHMTQDBws0kzCAYpiezuEQx0lggGOh8EA51PSBbBQKeGYCDzQTCQuRCFAAQCCSAXBILjYRCAAARyIoBckC1oBINsebI3CEAAAlkSQDDw00Qw8DMKaYFgIFNDMJC5aFErGPx4KCsYaIxcuTu6KoLBTVOWuZoQN8YgGPinAYKBn1GzLRAMdGIIBjofBAOdT0gWwUCnhmAg80EwkLkQhQAEAgggFwRA4yEQgAAEciSAXJA9bASD7JmyRwhAAAJZEUAw8JNEMPAzCmmBYCBTQzCQuWhRBAONjp67syoY3IhgoIJCMFDxJEkEAz+jZlsgGOjEEAx0PggGOp+QLIKBTg3BQOaDYCBzIQoBCDRJALmgSWA0hwAEIJAzAeSC1gBHMGgNV/YKAQhAIAsCCAZ+iggGfkYhLRAMZGoIBjIXLWpXL7CSAbfmCYydXlnB4IbJrGCg0UMw0OhUcggGfkbNtkAw0IkhGOh8EAx0PiFZBAOdGoKBzAfBQOZCFAIQaIIAckETsGgKAQhAoA0EkAtaBx3BoHVs2TMEIACBvhJAMPATRDDwMwppgWAgU0MwkLloUQQDjY6eu2vGStNvYJexJzK5uQkgGLjZpBkEg5REdvcIBjpLBAOdD4KBzicki2CgU0MwkPkgGMhciEIAAr0kgFzQS1A0gwAEINAmAsgFrQWPYNBavuwdAhCAQF8IIBj46SEY+BmFtEAwkKkhGMhctOiRw2aYH7GCgYbImbu7Khhc+9hSZxsSxiAY+GcBgoGfUbMtEAx0YggGOh8EA51PSBbBQKeGYCDzQTCQuRCFAAR6QQC5oBeQaAIBCECgjQSQC1oPH8Gg9Yx5BghAAAKhBBAM/OQQDPyMQlogGMjUEAxkLlr0J8NmIhhogJTcPTMrKxggGCiQDIKBTqeSRTDoDaXm2iAY6LwQDHQ+CAY6n5AsgoFODcFA5oNgIHMhCgEIeAggF3gAkYYABCDQZgLIBfkUAMEgH848CwQgAIEQAggGfmoIBn5GIS0QDGRqCAYyFy1qBYMfDpmuNSHnIDBu5qrkEgnXTGIFAweiJMwKBhqdSg7BwM+o2RYIBjoxBAOdD4KBzicki2CgU0MwkPkgGMhciEIAAgoB5AIFDikIQAACHUAAuSC/IiAY5MeaZ4IABCDQLAEEAz8xBAM/o5AWCAYyNQQDmYsW/elwBAONj5a7d1ZFMLj60SVas9LnEAz8UwDBwM+o2RYIBjoxBAOdD4KBzicki2CgU0MwkPkgGMhciEIAAg4CyAUOMIQhAAEIdAgB5IJ8C4FgkC9vng0CEIBAMwQQDPy0EAz8jEJaIBjI1BAMZC5a1AoGP7iUFQw0Rq7c/U8iGLjYdI8jGHSnIW8jGMhc+hJFMNDpIRjofBAMdD4hWQQDnRqCgcwHwUDmQhQCEBAIIBcIUAhBAAIQ6CACyAX5FwPBIH/mPCMEIACB3hJAMPCTQjDwMwppgWAgU0MwkLlo0aOGzzTfRzDQEDlzqWAw+hFWMHBCMsYgGGh0KjkEAz+jZlsgGOjEEAx0PggGOp+QLIKBTg3BQOaDYCBzIQoBCPQggFzQAwi/QgACEOgwAsgF7SkIgkF7uPOsEIAABHpDAMHATwnBwM8opAWCgUwNwUDmokWPGoFgoPHRcg/OXm36DewyV05EMNA4IRhodCo5BAM/o2ZbIBjoxBAMdD4IBjqfkCyCgU4NwUDmg2AgcyEKAQh0I4Bc0A0GmxCAAAQ6kAByQfuKgmDQPvY8MwQgAAEfAQQDHyFjEAz8jEJaIBjI1BAMZC5a9GcIBhoeNTd+TkUwGDXxObVd2ZMIBv4ZgGDgZ9RsCwQDnRiCgc4HwUDnE5JFMNCpIRjIfBAMZC5EIQCBKgHkAqYCBCAAgc4mgFzQ3vogGLSXP88OAQhAQCOAYKDRqeQQDPyMQlogGMjUEAxkLlr05yNmme8Nnq41Iecg8FBVMLjiYQQDB6IkjGCg0ankEAz8jJptgWCgE0Mw0PkgGOh8QrIIBjo1BAOZD4KBzIUoBCBgjEEuYBpAAAIQ6GwCyAXtrw+CQftrQA8gAAEIuAggGLjI1OMIBnUWWW4hGMg0EQxkLlr05yNnmcMHd2lNyDkITJj7fHKJhMsnIBg4ECVhBAONTiWHYOBn1GwLBAOdGIKBzgfBQOcTkkUw0KkhGMh8EAxkLkQhUHoCyAWlnwIAgAAEOpwAckFnFAjBoDPqQC8gAAEISAQQDCQqjTEEg0YeWf2GYCCTRDCQuWjRRDAYhGCgMXLlHp5XEQxGIhi4ECVxBAMVT5JEMPAzarYFgoFODMFA54NgoPMJySIY6NQQDGQ+CAYyF6IQKDUB5IJSl5/BQwACERBALuicIiEYdE4t6AkEIACBngQQDHoSeenvCAYvZZJFBMFApohgIHPRor8YOcschmCgIXLmJlYFgxEPLXa2IWEMgoF/FiAY+Bk12wLBQCeGYKDzQTDQ+YRkEQx0aggGMh8EA5kLUQiUlgByQWlLz8AhAIFICCAXdFahEAw6qx70BgIQgEB3AggG3WnI2wgGMpe+RhEMZIIIBjIXLXr0yFnmUAQDDZEz98hTlRUMho9HMHBCMggGGps0h2CQksjuHsFAZ4lgoPNBMND5hGQRDHRqCAYyHwQDmQtRCJSSAHJBKcvOoCEAgYgIIBd0XrEQDDqvJvQIAhCAQEoAwSAl4b5HMHCz6UsGwUCmh2Agc9GiR1+OYKDx0XKPPv2C6TewywxDMNAwsYKBSqeSRDDoBaQmmyAY6MAQDHQ+CAY6n5AsgoFODcFA5oNgIHMhCoHSEUAuKF3JGTAEIBAZAeSCziwYgkFn1oVeQQACELAEEAz88wDBwM8opAWCgUwNwUDmokV/aQWDgV1aE3IOApOqgsHQBxc5WhC2BLhEgn8eIBj4GTXbAsFAJ4ZgoPNBMND5hGQRDHRqCAYyHwQDmQtRCJSKAHJBqcrNYCEAgQgJIBd0btEQDDq3NvQMAhCAAIKBfw4gGPgZhbRAMJCpIRjIXLToL694MvkWvtaGnEzgsfmVFQyGPIBgIBOqRBEMNDqVHIKBn1GzLRAMdGIIBjofBAOdT0gWwUCnhmAg80EwkLkQhUBpCCAXlKbUDBQCEIiUAHJBZxcOwaCz60PvIACBchNAMPDXH8HAzyikBYKBTA3BQOaiRREMNDp6bvIzCAY6oUoWwcBPCcHAz6jZFggGOjEEA50PgoHOJySLYKBTQzCQ+SAYyFyIQqAUBJALSlFmBgkBCERMALmg84uHYND5NaKHEIBAeQkgGPhrj2DgZxTSAsFApoZgIHPRoswljY6em/zMmmT1h8H3s4KBRgrBQKNTySEY+Bk12wLBQCeGYKDzQTDQ+YRkEQx0aggGMh8EA5kLUQgUngByQeFLzAAhAIHICSAXxFFABIM46kQvIQCBchJAMPDXHcHAzyikBSeFZWoIBjIXLXpM9RIJL774otaMnEBgyoKKYDDo/oVCllBKAMEgJeG+RzBwswnNIBjo5BAMdD4IBjqfkCyCgU4NwUDmg2AgcyEKgUITQC4odHkZHAQgUAACyAXxFBHBIJ5a0VMIQKB8BBAM/DVHMPAzCmmBYCBTQzCQuWjRY0Y9mXwLH8FAoyTnpj1bEQwG3odgIBOqRBEMNDqVHIKBn1GzLRAMdGIIBjofBAOdT0gWwUCnhmAg80EwkLkQhUBhCSAXFLa0DAwCECgIAeSCuAqJYBBXvegtBCBQLgIIBv56Ixj4GYW0QDCQqSEYyFy0aO3EJisYaJjEXCoYXHIvgoEIqBpEMNDoVHK143AbK4n4afWuBYKBzgnBQOeDYKDzCckiGOjUEAxkPggGMheiECgkAeSCQpaVQUEAAgUigFwQXzERDOKrGT2GAATKQwDBwF9rBAM/o5AWCAYyNQQDmYsWPe7KygoG2zixqWESc10L1yarP1x877NinmCFAIKBfyYgGPgZNdsCwUAnhmCg80Ew0PmEZBEMdGoIBjIfBAOZC1EIFI4AckHhSsqAIACBghFALoizoAgGcdaNXkMAAuUggGDgrzOCgZ9RSAsEA5kagoHMRYumgsFWBAMNk5ibvqgiGPxzHIKBCKgaRDDQ6FRyCAZ+Rs22QDDQiSEY6HwQDHQ+IVkEA50agoHMB8FA5kIUAoUigFxQqHIyGAhAoIAEkAviLSqCQby1o+cQgEDxCSAY+GuMYOBnFNICwUCmhmAgc9Gix105O/kW/hYEAw2TmJtRFQwuugfBQARUDSIYaHQqOQQDP6NmWyAY6MQQDHQ+CAY6n5AsgoFODcFA5oNgIHMhCoHCEEAuKEwpGQgEIFBQAsgFcRcWwSDu+tF7CECg2AQQDPz1RTDwMwppgWAgU0MwkLlo0eNTwWAr137XOEm5mYvXJXLGPxAMJDy1GIJBDYVzA8HAiSY4gWCgo0Mw0PkgGOh8QrIIBjo1BAOZD4KBzIUoBApBALmgEGVkEBCAQIEJIBfEX1wEg/hryAggAIHiEkAw8NcWwcDPKKQFgoFMDcFA5qJFfz26soLB5q3btGbkBAKznqsIBn+/e4GQJZQSQDBISbjvEQzcbEIzCAY6OQQDnQ+Cgc4nJItgoFNDMJD5IBjIXIhCIHoCyAXRl5ABQAACBSeAXFCMAiMYFKOOjAICECgmAQQDf10RDPyMQlogGMjUEAxkLloUwUCjo+eerAoGF96FYKCRQjDQ6FRyCAZ+Rs22QDDQiSEY6HwQDHQ+IVkEA50agoHMB8FA5kIUAlETQC6Iunx0HgIQKAEB5ILiFBnBoDi1ZCQQgEDxCCAY+GuKYOBnFNICwUCmhmAgc9Giv7mqsoLBpi2sYKBxknKzl1RWMDgfwUDCU4shGNRQODcQDJxoghMIBjo6BAOdD4KBzicki2CgU0MwkPkgGMhciEIgWgLIBdGWjo5DAAIlIYBcUKxCIxgUq56MBgIQKBYBBAN/PREM/IxCWiAYyNQQDGQuWhTBQKOj5+YsXW/6Dewy9kQUNzcBBAM3mzSDYJCSyO4ewUBniWCg80Ew0PmEZBEMdGoIBjIfBAOZC1EIREkAuSDKstFpCECgRASQC4pXbASD4tWUEUEAAsUhgGDgryWCgZ9RSAsEA5kagoHMRYueUF3BYCMrGGiYxNzcqmBw3p3PiHmCFQIIBv6ZgGDgZ9RsCwQDnRiCgc4HwUDnE5JFMNCpIRjIfBAMZC5EIRAdAeSC6EpGhyEAgZIRQC4oZsERDIpZV0YFAQgUgwCCgb+OCAZ+RiEtEAxkaggGMhctesJVc5Jv4W/YzCUSNE5Sbt6yygoG5yIYSHhqMQSDGgrnBoKBE01wAsFAR4dgoPNBMND5hGQRDHRqCAYyHwQDmQtRCERFALkgqnLRWQhAoIQEkAuKW3QEg+LWlpFBAALxE5AEg+seX2rGTOInZfDPcc8mJy9PHjMXLhnOix8PnZFwTTlzXznmzr99ttn/97fWfvpfNZV555l3Rw2fmcyl0Y8sgZWHVc/j7NIHFiXs7GUmeub4vf4+OOCaabVj0h6ff7v1SXj1mGvpa/o1PeLMo/o8apbF2Tc/nRyff719PvNNmFcHnH17w3HZLN+it0/lu4H3LWT+CPMnpP4X3VP5n+CUa/mfQOI3aNzTtWNyj+MGm/PHjI//n+UMRoBgkAFEdgGBdhJwyQV7HDvI2A/U+IEBc4A5wBxo7xz42m+HGvua3P3n8LOvMsufX9fOtw+eOyMCCAYZgWQ3EIAABFpAwP4NlL7/fvP0y5NnOGxQV/KBtr0uNz8wYA4wB5gDzAHmAHOAOcAcYA4wB5gDzIHezoE9j78MwaD6vzuCQQs+xGCXEMiTwOVjJ9c+NEs/POO+8UQePODBHGAOdNIcQC7I812y9c+FYNB6xjwDBCAAgVACkmAwbuYqc8/MlfxUGYyYsDgRLfrfMA8mGc6LnwyrfOucudZ4rA2+Z6756hk31H7+MGYK884z744eOSs5Ru/oWgErD6uex5v9trk9WfDba+bATmH3l+um1Y5Je3wOvGs2vHrw+ml1JZG7ZzS+pvWcc/zeez7n3vFMcnz+455nmW895pudR/sPuLHhuGRuNc6tU6+dm8yfKycuYf4I8ydkvgx/qPI/wYAbnoKpwPTKhxbUjsk9jmUFg/T/cwSDlAT3EIiUwGW3TUIw6PHN4E46kUhfOLHNHGAO9JwDrFwQ6Ruuo9sIBg4whCEAAQh0AAFJMOiAbnVUF55YuDb5gPaSexd2VL9i78yvrngy4Rr7OLLu/8QZCxo+vxg5dnLWT1G4/Z10zZxkLq3btLVwY2v1gBas3JCw+8tt81v9VFHvf/S4aQ3H5QPTno56PK3o/LGjKq/p27a92Irdl3Kf1z++LDk+x05fWcrx+wb95d8MaTgufe3Llj9/7IJk/sxewsqgWdV+6oI1CVN72QluLyUwZ+GKhmOSSyRUGCEYvHSuEIFAVAQkwcAu/8kPDJgDzAHmQPvnQE+54JgLb4rqPYbO+gkgGPgZ0QICEIBAuwggGPjJIxj4GYW0QDCQqSEYyFy0qP32vf0WPoKBRknOLVi5MWH3ZwQDGVA1imCg4kmSCAZ+Rs22QDDQiSEY6HwQDHQ+IVkEA50agoHMB8FA5kIUAtEQ6CkYTJ69KJq+01EIQAACRSdgVyvoLhmcOezuog+5dONDMChdyRkwBCAQEQEEA3+xEAz8jEJaIBjI1BAMZC5aNBUM1m5kBQONk5RbuKoiGPzpVr6RL/FJYwgGKQn3PYKBm01oBsFAJ4dgoPNBMND5hGQRDHRqCAYyHwQDmQtRCERDAMEgmlLRUQhAoIQEEAyKX3QEg+LXmBFCAALxEkAw8NcOwcDPKKQFgoFMDcFA5qJFTx5Tuc40goFGSc4tWl0RDP54C4KBTKgSRTDQ6FRyCAZ+Rs22QDDQiSEY6HwQDHQ+IVkEA50agoHMB8FA5kIUAtEQQDCIplR0FAIQKCEBBIPiFx3BoPg1ZoQQgEC8BBAM/LVDMPAzCmmBYCBTQzCQuWjRUxAMNDxqbnFVMPgDgoHKCcFAxZMkEQz8jJptgWCgE0Mw0PkgGOh8QrIIBjo1BAOZD4KBzIUoBKIhgGAQTanoKAQgUEICCAbFLzqCQfFrzAghAIF4CSAY+GuHYOBnFNICwUCmhmAgc9Gip1xbWcFgzQYukaBxknLPPb/J9BvYZc6+mRUMJD5pDMEgJeG+RzBwswnNIBjo5BAMdD4IBjqfkCyCgU4NwUDmg2AgcyEKgWgIIBhEUyo6CgEIlJAAgkHxi45gUPwaM0IIQCBeAggG/tohGPgZhbRAMJCpIRjIXLRoKhi8sGGL1oycQGDJCxXB4Pc3PSVkCaUEEAxSEu57BAM3m9AMgoFODsFA54NgoPMJySIY6NQQDGQ+CAYyF6IQiIYAgkE0paKjEIBACQkgGBS/6AgGxa8xI4QABOIlgGDgrx2CgZ9RSAsEA5kagoHMRYueWl3BAMFAoyTnllYFg7MQDGRA1SiCgYonSSIY+Bk12wLBQCeGYKDzQTDQ+YRkEQx0aggGMh8EA5kLUQhEQwDBIJpS0VEIQKCEBBAMil90BIPi15gRQgAC8RJAMPDXDsHAzyikBYKBTA3BQOaiRU+rCgbPr2cFA42TlFu2ZnNyiYQBN7KCgcQnjSEYpCTc9wgGbjahGQQDnRyCgc4HwUDnE5JFMNCpIRjIfBAMZC5EIRANAQSDaEpFRyEAgRISQDAoftERDIpfY0YIAQjESwDBwF87BAM/o5AWCAYyNQQDmYsWPe26uclJ8tUIBhomMbd8bVUwuAHBQARUDSIYaHQqOQQDP6NmWyAY6MQQDHQ+CAY6n5AsgoFODcFA5oNgIHMhCoFoCCAYRFMqOgoBCJSQAIJB8YuOYFD8GjNCCEAgXgIIBv7aIRj4GYW0QDCQqSEYyFy06O+um4dgoAFSciuqgkH/G+YprUghGPjnAIKBn1GzLRAMdGIIBjofBAOdT0gWwUCnhmAg80EwkLkQhUA0BBAMoikVHYUABEpIAMGg+EVHMCh+jRkhBCAQLwEEA3/tEAz8jEJaIBjI1BAMZC5a9PRUMFjHJRI0TlJu5brKCganX49gIPFJYwgGKQn3PYKBm01oBsFAJ4dgoPNBMND5hGQRDHRqCAYyHwQDmQtRCERDAMEgmlLRUQhAoIQEEAyKX3QEg+LXmBFCAALxEkAw8NcOwcDPKKQFgoFMDcFA5qJFU8FgFYKBhknMrV63JVn9wTLk5iaAYOBmk2YQDFIS2d0jGOgsEQx0PggGOp+QLIKBTg3BQOaDYCBzIQqBaAggGERTKjoKAQiUkACCQfGLjmBQ/BozQghAIF4CCAb+2iEY+BmFtEAwkKkhGMhctKj99n2/gV3GfhufW3MEVq+vCAanXTe3uQeWrDWCgb/gCAZ+Rs22QDDQiSEY6HwQDHQ+IVkEA50agoHMB8FA5kIUAtEQQDCIplR0FAIQKCEBBIPiFx3BoPg1ZoQQgEC8BBAM/LVDMPAzCmmBYCBTQzCQuWjR/qlgsBbBQOMk5V7YUBEMTr0WwUDik8YQDFIS7nsEAzeb0AyCgU4OwUDng2Cg8wnJIhjo1BAMZD4IBjIXohCIhgCCQTSloqMQgEAJCSAYFL/oCAbFrzEjhAAE4iWAYOCvHYKBn1FICwQDmRqCgcxFi/a/obKCwQoEAw2TmFuzYWuy+sMpYxAMREDVIIKBRqeSQzDwM2q2BYKBTgzBQOeDYKDzCckiGOjUEAxkPggGMheiEIiGAIJBNKWioxCAQAkJIBgUv+gIBsWvMSOEAATiJYBg4K8dgoGfUUgLBAOZGoKBzEWLnoFgoOFRc2s3VgSDkxEMVE4IBiqeJIlg4GfUbAsEA50YgoHOB8FA5xOSRTDQqSEYyHwQDGQuRCEQDQEEg2hKRUchAIESEkAwKH7REQyKX2NGCAEIxEsAwcBfOwQDP6OQFggGMjUEA5mLFh1ww1PJt/CXs4KBhknMrdtUEQx+e80cMU+wQgDBwD8TEAz8jJptgWCgE0Mw0PkgGOh8QrIIBjo1BAOZD4KBzIUoBKIhgGAQTanoKAQgUEICCAbFLzqCQfFrzAghAIF4CSAY+GuHYOBnFNICwUCmhmAgc9GiA26sCgZrNmvNyAkE1lcFgxOvRjAQ8NRCCAY1FM4NBAMnmuAEgoGODsFA54NgoPMJySIY6NQQDGQ+CAYyF6IQiIYAgkE0paKjEIBACQkgGBS/6AgGxa8xI4QABOIlgGDgrx2CgZ9RSAsEA5kagoHMRYumgsEyBAMNk5jbsHlbsvoDgoGIpxZEMKihcG4gGDjRBCcQDHR0CAY6HwQDnU9IFsFAp4ZgIPNBMJC5EIVANAQQDKIpFR2FAARKSADBoPhFRzAofo0ZIQQgEC8BBAN/7RAM/IxCWiAYyNQQDGQuWvTM6goGy17YpDUjJxDYuKUiGJxw1WwhSyglgGCQknDfIxi42YRmEAx0cggGOh8EA51PSBbBQKeGYCDzQTCQuRCFQDQEEAyiKRUdhQAESkgAwaD4RUcwKH6NGSEEIBAvAQQDf+0QDPyMQlogGMjUEAxkLlr0rJsql0hYimCgYRJzm6qCwa9HIxiIgKpBBAONTiWHYOBn1GwLBLAXAy4AACAASURBVAOdGIKBzgfBQOcTku1kweCyyy4zu+yyi9lhhx3MYYcdZtatWxcyxD49BsFAxodgIHMhCoFoCCAYRFMqOgoBCJSQAIJB8YuOYFD8GjNCCEAgXgIIBv7adbpgsH79ejNnzhzT1dWV3G/YsME/qA5ogWAgFwHBQOaiRREMNDp6bsvWF5NLJCAY6JwQDHQ+Notg4GfUbAsEA50YgoHOJwbBYO3ateb+++83o0ePNpdffrkZM2aMmTZtmtm6das+uDZlO1UwePHFF80ZZ5xhXvGKV5iXvexl5nOf+5xZtWpV7pQQDGTkCAYyF6IQiIYAgkE0paKjEIBACQkgGBS/6AgGxa8xI4QABOIlgGDgr10nCgb33XefOfLII81uu+1mXvnKVyYfJtoPFO2P/d3Gbd5+aNupNwQDuTIIBjIXLfr76goGS1jBQMMk5rZsqwgGx11ZX8Fg5cqVZp999jHbbbedefOb32xuv/128bFlCiIY+KuNYOBn1GwLBAOdGIKBzqdTBYPnnnsuORn+4Q9/2PzLv/xLw9+w6d+yr3nNa8wee+xhhg8fbjZt6pzLHyEY6HMOwUDmg2AgcyEKgWgIIBhEUyo6CgEIlJAAgkHxi45gUPwaM0IIQCBeAggG/tp1kmBw1VVXJfJA+gFsb+7/67/+y1x99dX+gebcAsFABo5gIHPRomff/HTyLfwlz3fOSQitv52U21YVDOzJ4fS2aNEis+uuuyYnfezJn2HDhqWp0t4jGPhLj2DgZ9RsCwQDnRiCgc6n0wQD+436H//4x2b77bcXpQLX37RWdLvwwguN/ZZ+u28IBnoFEAxkPggGMheiEIiGAIJBNKWioxCAQAkJIBgUv+gIBsWvMSOEAATiJYBg4K9dJwgGy5YtMwcffHBTH8j2/KD2kEMOMcuXL/cPOKcWCAYyaAQDmYsWTQWD5xAMNExizp6w6TewyxyDYCDySYMIBikJ930sgsHSpUvNjBkzzPTp0838+fM74qSliyqCgYtMJY5goPPpJMHAroTz9re/vU9/x+65557JMauPurVZBAOdL4KBzAfBQOZCFALREEAwiKZUdBQCECghAQSD4hcdwaD4NWaEEIBAvAQQDPy1a7dgMG/ePPOud72rTx/KprKB3c9TTz3lH3QOLRAMZMgIBjIXLZoKBotXd84KBvb60fba0hs3btS63hE5KxjY4zG9sYJBSqJ+j2BQZ+Ha6lTBYP369WbQoEHmwAMPFE9wvu51rzNf/OIXTf/+/c2zzz7rGl5b4ggGOnYEA51PpwgGI0aMMK94xSsy+TvWSgpPPll/v9IJZJ9FMNCZIhjIfBAMZC5EIRANAQSDaEpFRyEAgRISQDAoftERDIpfY0YIAQjESwDBwF+7dgoGWcoFnSYZ9BQMnn/+eXPNNdeYY445xuy1117mfe97n9l5552T68Dba/F+4AMfMIcddpi5+eabzebNm/2Fi7QFgkHzhfvDLZVLJCxe3b6T+StWrDAXXHCB+fa3v53M3fR4s/c77bRTMqdPOukk8+ijjzY/wBY/wgoGv7x8Vu1ZEAxqKGobCAY1FM6NThMMrOBjjzn7PtL9eNS2X/nKVyarBc2ePds5zjwTCAY6bQQDnU8nCAYjR47MTC5Ij10rGcyZM0cffIuyCAY6WAQDmQ+CgcyFKASiIYBgEE2p6CgEIFBCAggGxS86gkHxa8wIIQCBeAkgGPhr1y7BYNOmTeYjH/lIr0+MpB+89uZ+t912a/tJ+u6Cgf02mr3m+8tf/nLveO014Q844ACzePFif/EibIFg0HzR/lgVDBa1QTCwEtCPfvQj86pXvco7d9Nj81Of+pQZM2ZM8wNt0SMOHdRljkYwUOkiGKh4kmQnCQb33XffS0Sf9Pjrzf2rX/3qRBhq9zXfEQz0eYdgoPNpt2BgL0Wy44479vq9sTfHZtrmv//7v82WLVt0AC3IIhjoUBEMZD4IBjIXohCIhgCCQTSloqMQgEAJCSAYFL/oCAbFrzEjhAAE4iWAYOCvXbsEg5NPPrklH8qmH86eeuqp/sG3sEV3wcCuStD9BK39Fuk73/lO88lPftJ87nOfM+9///uTlQzSvlsR4fDDDzcbNmxoYQ/bs2sEg+a5t0swuOiii8xrX/va4OP0oIMOMvZ68O2+HTaoy/xiJCsYaHVAMNDoVHKdIhgMGTIks29MH3rooWbbtm3+wbeoBYKBDhbBQOfTTsHAXibI/g2X/t3WivszzzxTB9CCLIKBDhXBQOaDYCBzIQqBaAggGERTKjoKAQiUkACCQfGLjmBQ/BozQghAIF4CCAb+2rVDMLDLM9tv6rfiA9l0n/YkfruWmLXUuwsGEydOTCSCgw8+2IwePVo86Wq/CbfvvvvWVjnYZZddzPjx4/0FjKwFgkHzBfvTrZVLJCxclc8lEuy3Jg855JBMjs+3vOUt5oknnmh+0Bk+4vDBXebnIxAMNKQIBhqdSq4TBIMs5YL0vbJfv37Gnixtxw3BQKeOYKDzaadgMHTo0EzeI9PjULrfYYcdxL8XdSp9y7ZDMLArqdi/d+1qSVa4tULu61//evOJT3zC/PGPfzTLli0zts0ZZ5xRk6usnLtq1aq+DTbg0QgGMjQEA5kLUQhEQwDBIJpS0VEIQKCEBBAMil90BIPi15gRQgAC8RJAMPDXrh2CwTHHHNPyD2bth7XHHXecH0CLWnQXDHr7FFa8+Ld/+7eEzSte8Qpz7rnn9vah0bRDMGi+VHkKBlYu+OY3v5np8fnmN7+5rZLB9y+dbn42YmYN/KJFi5JLltjXCCs6DRs2rJYr6waCgb/y7RYMJkyY0DIxb8CAAX4ALWiBYKBDRTDQ+bRTMLCXMJCkgKxjZ511lg4h42zegsELL7xgjj76aGNlComdXdHrPe95j7n++utN//79EQwyrndWu0MwyIok+4FAmwggGLQJPE8LAQhAoBcEEAx6ASnyJggGkReQ7kMAAoUmgGDgL2/egsG6deuSbyZJHyRmHdtpp52Mfb523EIEg02bNpkDDzww+ZDVfqj6i1/8oq3LV7eCG4JB81T/dOt8029gl3l2ZetXMGiV/PP2t7+9Ld82tLStYHDUcL9gYC9JMnLkyGQlkTe84Q3JZUvsCgxf+9rXzNVXX202b97cfPEieQSCgb9Q7RQM7Nz84Ac/KJ6Ay+J9c7vttjOTJ0/2Q8i4BYKBDhTBQOfTLsHgkUceadmx2PN4fsc73qFDyDibp2BgX9d+8pOf1KQBO3b7WmRf6z7+8Y+bnXfeubaq1//7f/8vEQPt38a2HSsYZFz4Pu4OwaCPAHk4BNpNAMGg3RXg+SEAAQi4CSAYuNkUJYNgUJRKMg4IQKCIBBAM/FXNWzAYO3Zsbh/M2g8h7777bj+EFrQIEQzstbAPP/zw5ANV+yHq97//fQSDFtQmtl3++baKYLCgxYLBuHHjah/m9zzJkcXvhx12WFvQ/3DIdPOTYbpgMGnSJPPZz3624URH9zHblQ6+/vWvm8WLF7dlDK1+UgQDP+F2Cgb2Wuzd52Mrtj/zmc/4IWTcoi+Cwdy5c439dvf//M//GCsC7bjjjsaulrL77rubk046yUydOjXj3ua/OwQDnXm7BIO//OUvLT8eux/jdnWrvG55CgaXX355cjkEO1b7N+8nP/lJY9+L09v69evNoEGDjJUsUrEg5YJgkFLqjHsEg86oA72AQDABBINgdDwQAhCAQMsJIBi0HHHbnwDBoO0loAMQgAAEnAQQDJxoaom8BQN7PdX0A8I87v/85z/XxprnhiYYbNy4MfkQ1X64es455xh78sgu/fq73/3O7LbbbjXB4Hvf+x6CQZ5F69Dn+ktNMNjQsh5auSW9PEcrj0srGOV9+9FlM5yCgb0Uib0kxFvf+tbkdcmexHjjG99o7PLX9luU9tuUKQ+bO+CAA8zq1avzHkLLnw/BwI+4XYKBXTkjnZ/pXGzVvf1mdp63EMHAfuv57LPPNq973etqx6bEwwoH9jJJa9euzXNImT4XgoGOs12Cwbe+9S117knzsS+xK664QgeRYTYvwcC+j1o5KBUHdt11V+MSKaZPn568J6dtLUsEgwyLnsGuEAwygMguINBOAggG7aTPc0MAAhDQCSAY6HyKkEUwKEIVGQMEIFBUAggG/srmLRh8+9vfzvWD2e985zt+CC1oIQkGU6ZMMT/4wQ+MXX69+wel0gfPNo9g0ILCRLjLPASD6667Lpfj8qtf/WruFTjishnmx0Nn1J530aJFyVLL3Y87e7y9613vMsOGDTP2BGZ6mzhxYrJUc3q8br/99ubCCy9M04W5RzDwl7JdgsHo0aNzOTbt8WBXzcnz1qxgYOW8Y4891rzyla+sMbGri9hrtH/qU58yH/jAB4w9RtNj20oI7VrFKAuOCAY6xXYJBh/60Idqcyyda628P+WUU3QQGWbzEgzuv//+5BIIlpsV+Xzvq7NmzaoJuPYxCAYZFj2DXSEYZACRXUCgnQQQDNpJn+eGAAQgoBNAMND5FCGLYFCEKjIGCECgqAQQDPyVzVsw+MpXvpLrB7P77befH0ILWnQXDLZs2WLOP/987zcuu39AjWDQgqJEusu/3l65RMIzK+onvrMeyt57753LcWlXDJgzZ07W3Vf3Z+UCKxmkt56CgT3WPv/5zzu/PfnEE0+Y9773vTU+9kTm8uXL090V4h7BwF/GdgkGP/zhD2tzr/t7RCu27UoJed6aFQxGjBjRsKS6/Qa0XVL9xRdfrHX72WefNaeddloi8r361a82t9xySy0X2waCgV6xdgkG7373u3M7Ju1x/qtf/UoHkWE2L8HgvPPOq12SyF4Cwa5SoN3sMX7GGWfUHoNgoNHKP4dgkD9znhECmRJAMMgUJzuDAAQgkCkBBINMcXbkzhAMOrIsdAoCEIBAQgDBwD8R8hYM9tlnn1w/mN133339EFrQortgcOWVV5rXvva1ybjtyUy7FL29hq9d0WDNmjW1kyN2mXq7aoFtg2DQgqJEustWCwZ2CXF74r8VJyylfdoTC3nejhzmFgzscfbpT3/aPPPMM84u2RMbp556ao3RTjvtZO677z5n+xgTCAb+qrVLMPjP//zP3I5Ne7zaE/R53ZoRDJYtW2Z233332vuj3V64cKGzq1OnTjXHHHOMeeqpp5xtOj2BYKBXqF2CgV0xQ3pva1XMrtqR1y0PwcD+rXvUUUfVVvL67Gc/a1auXKkOEcFAxdP2JIJB20tAByDQNwIIBn3jx6MhAAEItJIAgkEr6XbGvhEMOqMO9AICEICARADBQKLSGMtbMLDXO2/Vh7DSfg855JDGAef0WyoYdL/ObHoy03UCB8Egp+JE9jT/V13BYP7y1qxgYE+WS8dOq2KHHXZYrhX4ybCZ5odD6t+O7L6CgV1efejQod7+3HPPPeb1r399wsk+5uKLL/Y+JqYGCAb+arVDMNi8ebOx861Vx6K03xtvvNEPI6MWzQgGN910k3nNa16TsHjVq15lRo0alVEvOnc3CAZ6bdolGHz84x/P9Zg888wzdRAZZvMQDOyqXgcddFCN4QEHHGDs5U+0G4KBRqf9OQSD9teAHkCgTwQQDPqEjwdDAAIQaCkBBIOW4u2InSMYdEQZ6AQEIAABkQCCgYilIZi3YDBgwIDah4rSyY2sY2eddVbDePP6JRUMurq6zNve9rZkzPa60ZdeeqmzCwgGTjSlTvzf7c+YfgO7zNMtEgzOPffcXI9Je/3qPG8/HT7T/OBSt2AwbNgwb3fst6DTb63a1R5OPPHE2soj3gdH0ADBwF+kdggG9lu9Wb8n+vZnL0OQ1623goE9uWiPuXSllQ9+8INmwYIFeXWzbc+DYKCjb5dgcMQRR+R6XFq5Jq9bHoLBhg0bzP77719jePDBBxsrHWg3BAONTvtzCAbtrwE9gECfCCAY9AkfD4YABCDQUgIIBi3F2xE7RzDoiDLQCQhAAAIiAQQDEUtDMG/BwF4P2XeCI8v8bbfd1jDevH5JBYMJEyaYXXbZJRmz/fal1p+tW7eafv361ZaAtpdLsNJBkW4TZywwexw7qPYzcuzkIg2vJWM5547WCgZ2+f8sjznfvt7ylre0hJNrp0eNmGm+30fBYOnSpeajH/1owsmuRPLjH/+4UMcmgoFr9tTj7RAMVqxYkeuxaY/d4cOH1wfd4q3eCgabNm0yBx54YG1J9f3228+sX7++xb1r/+4RDPQatEswsCvY+N7nsswvWbJEB5FhNg/BwK5WYFctSBn97//+LysYZFjDduwKwaAd1HlOCGRIAMEgQ5jsCgIQgEDGBBAMMgbagbtDMOjAotAlCEAAAlUCCAb+qZC3YGAvGWCXN04/WGzl/atf/Wpjn68dt1QwsCsYvPWtb03Ga1cw+Oc//yl2x347a8iQIeZ1r3td0taexEQwEFGVLnhuiwWD3/72t7kcj+mx/qY3vSnXGv5sxEzzvcF9W8HAnuj91Kc+VTs2f/CDHyAY5FrF9j9ZOwQDeyLOvhekx04e99ddd11usHsrGNj38S984Qu146+I740SdAQDiUo91i7BYP78+bldusRejiHPWx6CgRVnDz/88Npr2+c+9zmzatUqdZisYKDiaXsSwaDtJaADEOgbAQSDvvHj0RCAAARaSQDBoJV0O2PfCAadUQd6AQEIQEAigGAgUWmM5S0Y2Gf/0Y9+lMsJE/st43bdUsEgPTFiTxLZnw9/+MNm+vT6yU7bvzVr1pjTTjutdn1pexIJwaBdleu85z33zsoKBk8ta803du1lRPI4cZk+x7vf/e5cIf985Cxz+KCu2nMuWrTI7LrrrsmY7fXte3OJBLuCwcc+9rHaCc6f/exnCAY1ouXYaIdgYMnaywGkx04e9/PmzcutoL0VDHoKPkcddVShjj8XcAQDF5lKvF2CgX327t/Ab+Vxedlll+kQMs7mIRhYWeD000+vXfLkXe96l3nyySfVkdjH9O/fv/aY3kgJ6g4Dk3MWrqitwGVX4zp/zPjAPRXrYQgGxaonoykhAQSDEhadIUMAAtEQQDCIplTBHUUwCEbHAyEAAQi0nACCgR9xOwSDyZMn53LCZMqUKX4ALWqRCgZ29/YEZrpqgxUH3vCGN5jvfve75qSTTkpWKXjHO96RCAU298Y3vtFst912CAYtqkuMu00Fg3ktEgyuvfbaXI7H9CSMXd48z9vRI2eZw/ooGNiTrlaMsGOw14EfMGCAsSc8inLjEgn+SrZLMDj00ENzOz7t+0+et94KBitXrjSf+cxnEg72fbJoK4i4mCMYuMhU4u0UDO65556WH5f2ckJ2FZM8b3kIBnY8Y8aMMTvuuGPCcIcddjBDhw5Vh/nEE08kspU9/u37MIKBiiv3JIJB7sh5QghkSwDBIFue7A0CEIBAlgQQDLKk2Zn7QjDozLrQKwhAAAKWAIKBfx60QzCwvTryyCNb+uHsT3/6U//gW9iiu2Bgrx995plnGnvJhvQka897e/mE73znO2bUqFHJZRLsh6hFXAZ64owFDd/+Gjl2cgurUIxd/626gkGrBIMFCxY452XPeZrF7/abi3nejr58ljl0YN9WMLjjjjvMa1/72oTT9ttvnxyneY6h1c+FYOAn3C7BwF46J4vjrjf7OOSQQ/wgMmzRW8Fg7dq1Zp999qlx2H///c2GDRsy7Eln7grBQK9LOwUD2zO7zH9vjqvQNlb+y/uWl2Dw9NNPmw984AMJP/v37u67724WL14sDnfSpEnmIx/5SCLepiwRDERUbQsiGLQNPU8MgWwIIBhkw5G9QAACEGgFAQSDVlDtrH0iGHRWPegNBCAAge4EEAy605C32yUY2MsCpN8ITj8wzOr+Pe95T3LZAXnE+US7Cwb2Ge23nR955BFjxYf/+I//SC6HYIWD97///cm3Me234ex1ae0HqXa5WHsS065wUKRvSVsOCAbNz7/zqoLB3KWtuUSC7dF73/velp4o6X5s33XXXc1D6MMjfnnFk6afQzCwJzb23ntv54kN+7Rbt241Rx99dO3kxtvf/nZjv01ZpBuCgb+a7RIM1q9fn6x60/0YatX2uHHj/CAybNFbwcC+Nx5xxBG1Y9Beashe6qToNwQDvcLtFgzsJbDsClStOB7tyiXtuOUlGNhj+pRTTjH2MkWWn10ZaN999zXdL9HywgsvmAsuuMC8+c1vrrVhBYN2zAr/cyIY+BnRAgIdTQDBoKPLQ+cgAIGSE0AwKP4EQDAofo0ZIQQgEC8BBAN/7dolGNiePfbYY2bnnXfO9MNZe/mBxx9/3D/wFrfoKRi0+Omi2T2CQfOlOm/sguQE+ZwWCgZ/+tOfMj0OXSdc/v3f/z13aeYYRTCw/bQnLL785S8bu5KDdLvvvvtqJzhs24MOOqhw355GMJAq3xhrl2Bge3HCCSe0/Pi03xDO+9ZbwcD2a+DAgcau9GOPWSvnXXfddXl3N/fnQzDQkbdbMLC9mzp1qnnTm96U6fG55557mnXr1umDb1E2L8HAdt9KQp/+9Kdr4pA9tu3lxHbbbTfzsY99zOy000613Fvf+tZkJbBUNmAFgxZNgMDdIhgEguNhEOgUAggGnVIJ+gEBCEDgpQQQDF7KpGgRBIOiVZTxQAACRSKAYOCvZjsFA9s7+439rCQDKxdYaaETbggGchUQDGQuWjQ9idJKwWDFihXJB/suMSCr+HnnnacNtSW5Y0ZVVjDY9uKLyf7tSY1dd9214YSQFQc++MEPmquvvtps3rw5aWe/YXnbbbclqzuk35q0Jzzs5RKKdkMw8Fe0nYJBK78pbY9tO7/vvfdeP4SMWzQjGMycObO26pHt7+c//3mzZMkSZ4/mz59vTjzxxOQEsLNRhycQDPQCpe+Ns5e052R82jsrGaQnvvv6XrnXXnu1TS6w48lTMLDPN3v27ORYTt9je/KzKxtYmcD+bW/l4X/9139N3rsRDNLZ1xn3CAadUQd6AYFgAggGweh4IAQgAIGWE0AwaDnitj8BgkHbS0AHIAABCDgJIBg40dQS7RYMbEfsB4yf+cxnGk749fyQ0ff7Zz/72WQ/tYG1eQPBQC4AgoHMRYuef1d1BYMlrbtEgn3+s846q0/HoO8YtSfw23Hd9OOurAgGW7e9VDCwlzv43ve+Z3bYYYdk7PZkhj1R9MlPftK8733vqy3fbMdmvz196qmnmi1btmjlijKHYOAvWzsFA9s7K7v4jrHQ/DHHHOMH0IIWzQgG9lIlVhiwx6gdp723J2PtScfulxJaunSpsSuy2G8822N21KhRLeh5PrtEMNA5d4pgYHu5ePFis//++wcfo/ayWPY9uN3vL3kLBpadXa1h8ODByfG8yy67JJcIs+/NX/va18yVV15Z+7th7ty5xq60Yo/rgw8+uC0ixpyFK8wexw6q/Zw/Zrw+SUuSRTAoSaEZZnEJIBgUt7aMDAIQiJ8AgkH8NfSNAMHAR4g8BCAAgfYRQDDws+8EwcD20n5b+Jxzzql9O6m3J0re8pa3JI+zj++kG4KBXA0EA5mLFk0Fg1Z/S9OewPvEJz4RfIJEO2btdZYffvhhbZgtyx1/5ezkEhNbBMHgve99b3LN50suuURd5vo1r3mNOf3002snOlrW2TbtGMHAD77dgoHt4dlnn5358fmlL32pbfO6GcHAjv+5554zX/ziF2vLptvXHPva8p73vCdZav1DH/pQTRayOXvS9tprr/UXt0NbIBjohekkwSDt6RVXXGE++tGP9vo4tfP3G9/4hpkyZUq6i7bet0MwaOuAm3xyBAMZGIKBzIUoBKIhgGAQTanoKAQgUEICCAbFLzqCQfFrzAghAIF4CSAY+GvXKYJB2tNNmzaZkSNHmq985SvGXvJAOmlp4zZv26XLmaeP75R7BAO5EggGMhctekF1BYMnc1gGes6cOeZtb3ubeNxJx2JvY+24NELK9NejK4LB5q0VCcleDsJe49p+C9Ius75s2bKkqR37r3/9a/P+978/OTG54447JpdN+PnPf24mT56c7q6Q9wgG/rJ2gmBge/n73/8+s+PTygXr17d2ZRSNbLOCgd3XggULzIEHHtiwuoj0OmSP3yOPPNKsXLlS60JH5xAM9PJ0omCQ9viBBx4wv/zlLxPx5VWvelXDMfumN73J7LfffubMM880zzzzTPqQjrhHMNDLgGAg80EwkLkQhUA0BBAMoikVHYUABEpIAMGg+EVHMCh+jRkhBCAQLwEEA3/tOk0w6Nlje9Lv7rvvNrfeemtyb5dIjeGGYCBXCcFA5qJFL0wFg+fyuc70rFmzMpUM7Mok7bz95qqKYLBpS2etctJOJj2fG8GgJ5GX/t4pgoHtmV023C4lLp1Y703MfmvaXm5g48aNLx1ojpEQwcB2zy4jby8ZceihhyaXMrEygf2xy6rvscceZsCAAWbGjBk5jqQ1T4VgoHPtZMGge8/t6kDLly9PLqOwatWq7qmO20Yw0EuCYCDzQTCQuRCFQDQEEAyiKRUdhQAESkgAwaD4RUcwKH6NGSEEIBAvAQQDf+06XTDwj6AzWyAYyHVBMJC5aNEL716QLPE/KyfBwPblqaeeMl/4wheCT2Dak5w777yzsctFt/t2wlVzEn4bEQycpUAwcKKpJTpJMLCdspcLOOyww8x2223X1HH66U9/2jz00EO1cbVzI1QwaGef83xuBAOddiyCgT6KzsoiGOj1QDCQ+SAYyFyIQiAaAggG0ZSKjkIAAiUkgGBQ/KIjGBS/xowQAhCIlwCCgb92CAZ+RiEtEAxkaggGMhct+vc2CAa2Py+++KI599xznZcqcX1T+uUvf3lyTelFixZpw8otd+LVFcFgw2ZWMHBBRzBwkanHO00wSHu2ePFi079/f/OJT3wiubRHz+PSHo/2sh9HHHGEmTRpUvqwjrhHMNDLgGCg80Ew0PmEZBEMdGoIBjIfBAOZ8z2UnQAAIABJREFUC1EIREMAwSCaUtFRCECghAQQDIpfdASD4teYEUIAAvESQDDw1w7BwM8opAWCgUwNwUDmokX/cc+zlRUMFudziYSefbHXaB84cKDZfffd1W9Lv/Od7zTHHnussZc16aTbSddUBIN1m7Z2Urc6qi8IBv5ydKpg0L3nmzZtMo899pgZO3asueOOO8z48ePN6tWruzfpqG0EA70cCAY6HwQDnU9IFsFAp4ZgIPNBMJC5EIVANAQQDKIpFR2FAARKSADBoPhFRzAofo0ZIQQgEC8BBAN/7RAM/IxCWiAYyNQQDGQuWjQVDGa2STDo3jd7zfaHH37YDBs2zFx88cXm0ksvNTfffHOyXHv3dp20/VsEA285EAy8iEwMgoF/FJ3VAsFArweCgc4HwUDnE5JFMNCpIRjIfBAMZC5EIRANAQSDaEpFRyEAgRISQDAoftERDIpfY0YIAQjESwDBwF87BAM/o5AWCAYyNQQDmYsWTQWDGYvXas3IOQicPGZusgLE2o2sYOBAZBAMXGTqcQSDOousthAMdJIIBjofBAOdT0gWwUCnhmAg80EwkLkQhUA0BBAMoikVHYUABEpIAMGg+EVHMCh+jRkhBCAQLwEEA3/tEAz8jEJaIBjI1BAMZC5a9KLqJRJmLEIw0Di5cqdcWxEMXtiwxdWk9HEEA/8UQDDwM2q2BYKBTgzBQOeDYKDzCckiGOjUEAxkPggGMheiEIiGAIJBNKWioxCAQAkJIBgUv+gIBsWvMSOEAATiJYBg4K8dgoGfUUgLBAOZGoKBzEWL/nPcs8k38KcjGGiYnLnTEAycbNIEgkFKwn2PYOBmE5pBMNDJIRjofBAMdD4hWQQDnRqCgcwHwUDmQhQC0RBAMIimVHQUAhAoIQEEg+IXHcGg+DVmhBCAQLwEEAz8tUMw8DMKaYFgIFNDMJC5aNFUMOhayAoGGidX7rTrKisYrF7PCgYuRggGLjL1OIJBnUVWWwgGOkkEA50PgoHOJySLYKBTQzCQ+SAYyFyIQiAaAggG0ZSKjkIAAiUkgGBQ/KIjGBS/xowQAhCIlwCCgb92CAZ+RiEtEAxkaggGMhctevG9lRUMEAw0Su7c6dfNS1aAWLUOwcBFCcHARaYeRzCos8hqC8FAJ4lgoPNBMND5hGQRDHRqCAYyHwQDmQtRCERDAMEgmlLRUQhAoIQEEAyKX3QEg+LXmBFCAALxEkAw8NcOwcDPKKQFgoFMDcFA5qJFEQw0Ov5c/+srgsHKdZv9jUvaAsHAX3gEAz+jZlsgGOjEEAx0PggGOp+QLIKBTg3BQOaDYCBzIQqBaAggGERTKjoKAQiUkACCQfGLjmBQ/BozQghAIF4CCAb+2iEY+BmFtEAwkKkhGMhctOgl9y5MvoFvj1VuzRPof0NFMFixFsHARQ/BwEWmHkcwqLPIagvBQCeJYKDzQTDQ+YRkEQx0aggGMh8EA5kLUQhEQwDBIJpS0VEIQKCEBBAMil90BIPi15gRQgAC8RJAMPDXDsHAzyikBYKBTA3BQOaiRVPBYNqza7Rm5BwEBtzwVCJoLF+DYOBAZBAMXGTqcQSDOousthAMdJIIBjofBAOdT0gWwUCnhmAg80EwkLkQhUA0BBAMoikVHYUABEpIAMGg+EVHMCh+jRkhBCAQLwEEA3/tEAz8jEJaIBjI1BAMZC5adOB9lRUMEAw0Su7cmTdWBINlL2xyNyp5BsHAPwEQDPyMmm2BYKATQzDQ+SAY6HxCsggGOjUEA5kPgoHMhSgEoiGAYBBNqegoBCBQQgIIBsUvOoJB8WvMCCEAgXgJIBj4a4dg4GcU0gLBQKaGYCBz0aKpYGA/+OfWPIGzbqoIBksRDJzwEAycaGoJBIMaisw2EAx0lAgGOh8EA51PSBbBQKeGYCDzQTCQuRCFQDQEEAyiKRUdhQAESkgAwaD4RUcwKH6NGSEEIBAvAQQDf+0QDPyMQlogGMjUEAxkLlp00P2VFQwQDDRK7tzvq4LBkudZwcBFCcHARaYeRzCos8hqC8FAJ4lgoPNBMND5hGQRDHRqCAYyHwQDmQtRCERDAMEgmlLRUQhAoIQEEAyKX3QEg+LXmBFCAALxEkAw8NcOwcDPKKQFgoFMDcFA5qJFB1cFgymsYKBhcubOvvlp029gl1m8GsHABQnBwEWmHkcwqLPIagvBQCeJYKDzQTDQ+YRkEQx0aggGMh8EA5kLUQhEQwDBIJpS0VEIQKCEBBAMil90BIPi15gRQgAC8RJAMPDXDsHAzyikBYKBTA3BQOaiRREMNDr+3B9vSQWDjf7GJW2BYOAvPIKBn1GzLRAMdGIIBjofBAOdT0gWwUCnhmAg80EwkLkQhUA0BBAMoikVHYUABEpIAMGg+EVHMCh+jRkhBCAQLwEEA3/tEAz8jEJaIBjI1BAMZC5adPD9i5Jv4E9+Zo3WjJyDQCoYLFyFYOBAZBAMXGTqcQSDOousthAMdJIIBjofBAOdT0gWwUCnhmAg80EwkLkQhUA0BBAMoikVHYUABEpIAMGg+EVHMCh+jRkhBCAQLwEEA3/tEAz8jEJaIBjI1BAMZC5a9NIHUsHgBa0ZOQeBP906PxE0nl2JYOBAhGDgAtMtjmDQDUZGmwgGOkgEA50PgoHOJySLYKBTQzCQ+SAYyFyIQiAaAggG0ZSKjkIAAiUkgGBQ/KIjGBS/xowQAhCIlwCCgb92CAZ+RiEtEAxkaggGMhctOqQqGDw+H8FA4+TK/eW2imCwAMHAhQjBwEmmnkAwqLPIagvBQCeJYKDzQTDQ+YRkEQx0aggGMh8EA5kLUQhEQwDBIJpS0VEIQKCEBBAMil90BIPi15gRQgAC8RJAMPDXDsHAzyikBYKBTA3BQOaiRREMNDr+XCoYPLNig79xSVtwiQR/4REM/IyabYFgoBNDMND5IBjofEKyCAY6NQQDmQ+CgcyFKASiIYBgEE2p6CgEIFBCAggGxS86gkHxa8wIIQCBeAkgGPhrh2DgZxTSAsFApoZgIHPRopc9WLlEwmOsYKBhcub+7/bKCgbzlyMYuCAhGLjI1OMIBnUWWW0hGOgkEQx0PggGOp+QLIKBTg3BQOaDYCBzIQqBaAggGERTKjoKAQiUkACCQfGLjmBQ/BozQghAIF4CCAb+2iEY+BmFtEAwkKkhGMhctCiCgUbHnzvnjmdMv4Fd5mkEAycsBAMnmloCwaCGIrMNBAMdJYKBzgfBQOcTkkUw0KkhGMh8EAxkLkQhEA0BBINoSkVHIQCBEhJAMCh+0REMil9jRggBCMRLAMHAXzsEAz+jkBYIBjI1BAOZixYdWl3BYNLTL2jNyDkInFsVDJ5att7RgjCCgX8OIBj4GTXbAsFAJ4ZgoPNBMND5hGQRDHRqCAYyHwQDmQtRCERDAMEgmlLRUQhAoIQEEAyKX3QEg+LXmBFCAALxEkAw8NcOwcDPKKQFgoFMDcFA5qJFh45fnHwD/1EEAw2TM/e3OysrGMxDMHAyQjBwoqklEAxqKDLbQDDQUSIY6HwQDHQ+IVkEA50agoHMB8FA5kIUAtEQQDCIplR0FAIQKCEBBIPiFx3BoPg1ZoQQgEC8BBAM/LVDMPAzCmmBYCBTQzCQuWjRYTXB4HmtGTkHgfPGLkgEjblLWcHAgcggGLjI1OMIBnUWWW0hGOgkEQx0PggGOp+QLIKBTg3BQOaDYCBzIQqBaAggGERTKjoKAQiUkACCQfGLjmBQ/BozQghAIF4CCAb+2iEY+BmFtEAwkKkhGMhctOhwBAMNjzeXnoSaswTBwAULwcBFph5HMKizyGoLwUAniWCg80lf22cvWac3JNtrAggGOioEA5kPgoHMhSgEoiGAYBBNqegoBCBQQgIIBsUvOoJB8WvMCCEAgXgJIBj4a4dg4GcU0gLBQKaGYCBz0aLDH6pcIuGRp1jBQOPkyl1wV2UFgyc5CeVCxAoGTjL1BIJBnUVWWwgGOkkEA50PgoHOJySLYKBTQzCQ+SAYyFyIQiAaAggG0ZSKjkIAAiUkgGBQ/KIjGBS/xowQAhCIlwCCgb92CAZ+RiEtEAxkaggGMhctmgoGExEMNEzO3IV3VwWD5/iWqwsSKxi4yNTjCAZ1FlltIRjoJBEMdD4IBjqfkCyCgU4NwUDmg2AgcyEKgWgIIBhEUyo6CgEIlJAAgkHxi45gUPwaM0IIQCBeAggG/tohGPgZhbRAMJCpIRjIXLToiOoKBhPnsYKBxsmV+3tVMJi1GMHAxQjBwEWmHkcwqLPIagvBQCeJYKDzQTDQ+YRkEQx0aggGMh8EA5kLUQhEQwDBIJpS0VEIQKCEBBAMil90BIPi15gRQgAC8RKQBIOV6zablWv5SRk8NHe16Tewy9hlxNMY932fH0ePnJVwhWUjy7unzDd7/WZo7WfwbZOZd57Xo8H3L0zm0t0zVsLKw0o63v525zMJP7sChJQnttkMu3Nq7Zi0x+ftk56CVY+59ssrnkzm0fI1ja9pzJ9wHqMmPpcwvWHyMuZbj/lm59VXThrecFwy1xrn2l9vn5/Mn8fmv8D8EeZPyHwZP6fyP4Fd+Sfk8UV/zGNzl9aOyT2OHWTOHzM+3n+SM+w5gkGGMNkVBNpBAMGgHdR5TghAAAK9I4Bg0DtOMbdCMIi5evQdAhAoOgFJMDhsUFfygaQ9qc4PDJgDzAHmAHOAOcAcYA4wB5gDzAHmAHOgt3Ngz+MvQzCofpCAYFD0T1QYX+EJIBgUvsQMEAIQiJgAgkHExetl1xEMegmKZhCAAATaQEASDAbc+JTpf/08fqoMTrhqdiJaHDV8JkwynBffGzw94cpcazzWjrtihjn4vAm1n58Nncq888y7n1dXwzj+ytmw8rCSjrefDp+ZHIsnXDUHfg5+vxj+RO2YtMenPU4llmWOpa/ppzsYlplN6Nh/eXllpZ9jRj3JfBPmVff3Srsdyrmoj/vJsMpr+4lX89qeVY35n6Dxb9aeXE8cPav2Xrnn8ZciGFT/t0cwaMOHHDwlBLIkgGCQJU32BQEIQCBbAggG2fLsxL0hGHRiVegTBCAAgQoBSTCATSOBJxauTU6+XXLvwsYEv/WJwK+qy2n3aScFfPDEGQuMXVY2/Rk5dnIBR5ntkC5/uLKM+IS5z2e745Lszb622W8k2tc6bjKB0eOm1Y5Je2w+MO1puWGJo8eOqlwiYdu2F0tMIduhX//4suTYHDt9ZbY7LsjevvybIQ3HZUGGldkwzh+7IJk/s5esy2yfZd/R1AVrEqYD7+N/AmkuzFm4ouGY5BIJFUoIBtJsIQaBiAggGERULLoKAQiUjgCCQfFLjmBQ/BozQghAIF4CCAb+2iEY+BmFtEAwkKkhGMhctGgqGDw0d7XWjJyDgD1RYgWDac+ucbQgjGDgnwMIBn5GzbZAMNCJIRjofBAMdD4hWQQDnRqCgcwHwUDmQhQC0RBAMIimVHQUAhAoIQEEg+IXHcGg+DVmhBCAQLwEEAz8tUMw8DMKaYFgIFNDMJC5aNErqisYPDQHwUDj5MqlgoE9ccJNJoBgIHPpHkUw6E4jm20EA50jgoHOB8FA5xOSRTDQqSEYyHwQDGQuRCEQDQEEg2hKRUchAIESEkAwKH7REQyKX2NGCAEIxEsAwcBfOwQDP6OQFggGMjUEA5mLFh01sXKJhPEIBhomZ27w/ZUVDKYgGDgZIRg40dQSCAY1FJltIBjoKBEMdD4IBjqfkCyCgU4NwUDmg2AgcyEKgWgIIBhEUyo6CgEIlJAAgkHxi45gUPwaM0IIQCBeAggG/tohGPgZhbRAMJCpIRjIXLRoKhg8iGCgYXLmLn1gUXKJhMnPsIKBCxKCgYtMPY5gUGeR1RaCgU4SwUDng2Cg8wnJIhjo1BAMZD4IBjIXohCIhgCCQTSloqMQgEAJCSAYFL/oCAbFrzEjhAAE4iWAYOCvHYKBn1FICwQDmRqCgcxFi145cUlyghzBQKPkzg2pCgaPz3/B3ajkGQQD/wRAMPAzarYFgoFODMFA54NgoPMJySIY6NQQDGQ+CAYyF6IQiIYAgkE0paKjEIBACQkgGBS/6AgGxa8xI4QABOIlgGDgrx2CgZ9RSAsEA5kagoHMRYuOfqQqGMxerTUj5yBw2YOVFQweQzBwEDIGwcCJppZAMKihyGwDwUBHiWCg80Ew0PmEZBEMdGoIBjIfBAOZC1EIREMAwSCaUtFRCECghAQQDIpfdASD4teYEUIAAvESQDDw1w7BwM8opAWCgUwNwUDmokVTweABBAMNkzM3dPziZAWISU+zgoELEoKBi0w9jmBQZ5HVFoKBThLBQOeDYKDzCckiGOjUEAxkPggGMheiEIiGAIJBNKWioxCAQAkJIBgUv+gIBsWvMSOEAATiJYBg4K8dgoGfUUgLBAOZGoKBzEWLpoLB/U+u0pqRcxAYVhUMHn36eUcLwggG/jmAYOBn1GwLBAOdGIKBzgfBQOcTkkUw0KkhGMh8EAxkLkQhEA0BBINoSkVHIQCBEhJAMCh+0REMil9jRggBCMRLAMHAXzsEAz+jkBYIBjI1BAOZixa96tHKJRIQDDRK7tzwhyorGEx8CsHARQnBwEWmHkcwqLPIagvBQCeJYKDzQTDQ+YRkEQx0aggGMh8EA5kLUQhEQwDBIJpS0VEIQKCEBBAMil90BIPi15gRQgAC8RJAMPDXDsHAzyikBYKBTA3BQOaiRa+uCgb3sYKBhsmZGzGhKhjMQzBwQUIwcJGpxxEM6iyy2kIw0EkiGOh8EAx0PiFZBAOdGoKBzAfBQOZCFALREEAwiKZUdBQCECghAQSD4hcdwaD4NWaEEIBAvAQQDPy1QzDwMwppgWAgU0MwkLlo0VQwuHcWl0jQOLlyIyc8Z/oN7DITEAxciAyCgRNNLYFgUEOR2QaCgY4SwUDng2Cg8wnJIhjo1BAMZD4IBjIXohCIhgCCQTSloqMQgEAJCSAYFL/oCAbFrzEjhAAE4iWAYOCvHYKBn1FICwQDmRqCgcxFi14zaWlyghzBQKPkzl3+cEUweGjuanejkmcQDPwTAMHAz6jZFggGOjEEA50PgoHOJySLYKBTQzCQ+SAYyFyIQiAaAggG0ZSKjkIAAiUkgGBQ/KIjGBS/xowQAhCIlwCCgb92CAZ+RiEtEAxkaggGMhctimCg0fHnRk2sCgZzEAxctBAMXGTqcQSDOousthAMdJIIBjofBAOdT0gWwUCnhmAg80EwkLkQhUA0BBAMoikVHYUABEpIAMGg+EVHMCh+jRkhBCAQLwEEA3/tEAz8jEJaIBjI1BAMZC5aNBUMxs3kEgkaJ1cuFQweRDBwIeISCU4y9QSCQZ1FVlsIBjpJBAOdD4KBzicki2CgU0MwkPkgGMhciEIgGgIIBtGUio5CAAIlJIBgUPyiIxgUv8aMEAIQiJcAgoG/dggGfkYhLRAMZGoIBjIXLTqmeomEe2au1JqRcxAY/ciS5BITD8xmBQMHIgQDF5hucQSDbjAy2kQw0EEiGOh8EAx0PiFZBAOdGoKBzAfBQOZCFALREEAwiKZUdBQCECghAQSD4hcdwaD4NWaEEIBAvAQQDPy1QzDwMwppgWAgU0MwkLlo0WsfW5qcIEcw0Ci5c1c9WhEM7n+SFSBclLhEgotMPY5gUGeR1RaCgU4SwUDng2Cg8wnJIhjo1BAMZD4IBjIXohCIhgCCQTSloqMQgEAJCSAYFL/oCAbFrzEjhAAE4iWAYOCvHYKBn1FICwQDmRqCgcxFi6aCwd0zWMFA4+TKXV0VDO5DMHAhYgUDJ5l6AsGgziKrLQQDnSSCgc4HwUDnE5JFMNCpIRjIfBAMZC5EIRANAQSDaEpFRyEAgRISQDAoftERDIpfY0YIAQjESwDBwF87BAM/o5AWCAYyNQQDmYsWve7xygoGCAYaJXfumuolJu6dxQoGLkqsYOAiU48jGNRZZLWFYKCTRDDQ+SAY6HxCsggGOjUEA5kPgoHMhSgEoiGAYBBNqegoBCBQQgIIBsUvOoJB8WvMCCEAgXgJIBj4a4dg4GcU0gLBQKaGYCBz0aIIBhodf25MVTAYNxPBwEULwcBFph5HMKizyGoLwUAniWCg80Ew0PmEZBEMdGoIBjIfBAOZC1EIREMAwSCaUtFRCECghAQQDIpfdASD4teYEUIAAvESQDDw1w7BwM8opAWCgUwNwUDmokXTk3B3cYkEDZMzl15i4p6ZXGLCBQnBwEWmHkcwqLPIait9bRs7nWNTYopgIFGpxxAM6iyy2kIw0EkiGMh8EAxkLkQhEA0BBINoSkVHIQCBEhJAMCh+0REMil9jRggBCMRLAMHAXzsEAz+jkBYIBjI1BAOZixblJJxGx59jBQg/IwQDPyMEAz+jZlvw2qYTQzDQ+SAY6HxCsggGOjUEA5kPgoHMhSgEoiGAYBBNqegoBCBQQgIIBsUvOoJB8WvMCCEAgXgJIBj4a4dg4GcU0gLBQKaGYCBz0aI3TF5m+g3sMmOnr9CakXMQSE9isgKEA5AxBsHAzSbNIBikJLK7T49NVjCQmSIYyFzSKIJBSiK7ewQDnSWCgcwHwUDmQhQC0RBAMIimVHQUAhAoIYGyCQazZ882Y8eOLdXPd4/7o9ntoONrPzfefGupxl+2ejc73i1btpTwlY8hQ6BzCCAY+GuBYOBnFNICwUCmhmAgc9GiN1YFgzu7EAw0Tq4cgoaLTD2OYFBn4dpCMHCRCY8jGOjsEAx0PggGOp+QLIKBTg3BQOaDYCBzIQqBaAggGERTKjoKAQiUkEDZBIPjjjvOvOxlL+MHBsyB6hxYsYKTASV86WfIHUQAwcBfDAQDP6OQFggGMjUEA5mLFr1xSmUFAwQDjZI7l/K7A0HDCQnBwImmlkAwqKHIbAPBQEeJYKDzQTDQ+YRkEQx0aggGMh8EA5kLUQhEQwDBIJpS0VEIQKCEBBAMkA0QLso9BxAMSvjCz5A7igCCgb8cCAZ+RiEtEAxkaggGMhctyglyjY4/d/OU5cklJhAM3KwQDNxs0gyCQUoiu3sEA50lgoHOB8FA5xOSRTDQqSEYyHwQDGQuRCEQDQEEg2hKRUchAIESEkAwKPfJZeQC6o9gUMIXfobcUQQQDPzlQDDwMwppgWAgU0MwkLlo0ZuqKxhwglyj5M7dPLUiGNz2BKtKuSghGLjI1OMIBnUWWW0hGOgkEQx0PggGOp+QLIKBTg3BQOaDYCBzIQqBaAggGERTKjoKAQiUkACCASeYkQzKPQcQDEr4ws+QO4oAgoG/HAgGfkYhLRAMZGoIBjIXLZp+A/92TpBrmJy5W6ZVBINbpy13til7AsHAPwMQDPyMmm2BYKATQzDQ+SAY6HxCsggGOjUEA5kPgoHMhSgEoiGAYBBNqegoBCBQQgIIBuU+uYxcQP0RDEr4ws+QO4oAgoG/HAgGfkYhLRAMZGoIBjIXLco38DU6/txtVcHglqkIBi5aCAYuMvU4gkGdRVZbCAY6SQQDnQ+Cgc4nJItgoFNDMJD5IBjIXIhCIBoCCAbRlIqOQgACJSSAYMAJZiSDcs8BBIMSvvAz5I4igGDgLweCgZ9RSAsEA5kagoHMRYvaE+P9BnYZe6KcW/ME7KURLD8ranCTCSAYyFy6RxEMutPIZhvBQOeIYKDzQTDQ+YRkEQx0aggGMh8EA5kLUQhEQwDBIJpS0VEIQKCEBBAMyn1yGbmA+iMYlPCFnyF3FAEEA385EAz8jEJaIBjI1BAMZC5aNF3iH8FAo+TO3dFVEQxumrLM3ajkGQQD/wRAMPAzarYFgoFODMFA54NgoPMJySIY6NQQDGQ+CAYyF6IQiIYAgkE0paKjEIBACQkgGHCCGcmg3HMAwaCEL/wMuaMIIBj4y4Fg4GcU0gLBQKaGYCBz0aK3Vpf4t/fcmidwZ1UwuHEygoGLHoKBi0w9jmBQZ5HVFoKBThLBQOeDYKDzCckiGOjUEAxkPggGMheiEIiGAIJBNKWioxCAQAkJIBiU++QycgH1RzAo4Qs/Q+4oAggG/nIgGPgZhbRAMJCpIRjIXLRoKhjYlQy4NU9g7PSVySUSbkAwcMJDMHCiqSUQDGooMttAMNBRIhjofBAMdD4hWQQDnRqCgcwHwUDmQhQC0RBAMIimVHQUAhAoIQEEA04wIxmUew4gGJTwhZ8hdxQBBAN/ORAM/IxCWiAYyNQQDGQuWtReGqHfwC5zy1QEA42TK3fXjIpgYE9mcpMJIBjIXLpHEQy608hmG8FA54hgoPNBMND5hGQRDHRqCAYyn9wFgxdffNFs3LiRHxgwBzKaAwNvmGD+5+iLzBePucTscewgM3n2IvloJwoBCEAAArkTKJtgcMIJJ5jtt9++VD8vf8W/mO4/2223XanGX7Z6NzvelStX5v66wxNCAAJ1AggGdRauLQQDF5m+xREMZH4IBjIXLXrbEysSweBmBAMNkzN3d1UwuPaxpc42ZU8gGPhnAIKBn1GzLRAMdGIIBjofBAOdT0gWwUCnhmAg88ldMHjooYcM3+Qq9ze5qH9r6v/BL/8AwUB+nSMKAQhAoG0EyiYYtA10G5/4lEF3JO+/VvKzP2s3bGpjb3hqCEAAAhDoTgDBoDsNeRvBQObS1yiCgUwQwUDmokVvTwWDKaxgoHFy5e6ZWVnBAMHARcgYBAM3mzSDYJCSyO4ewUBniWCg80Ew0PmEZBEMdGoIBjIfBIOXteZkLyfR4Zr3HEAwkF/kiEIAAhBoJwEEg3bSz+e5EQzy4cyzQAACEAghgGDgp4Zg4GcU0gLBQKaGYCBz0aJ3dFVXMEAw0DA5c+NmrkpWgLhmEisYuCAhGLjI1OMIBnUWWW0hGOgkEQx0PggGOp+QLIKBTg3BQOaDYIBgwIoSBZkDCAbyixxRCEAAAu0kgGDQTvr5PDeCQT6ceRYIQAACIQQQDPzUEAz8jEJaIBjI1BAMZC5aNBUMbpqDdFHYAAAgAElEQVSyTGtGzkHg3lkVweDqR5c4WhBGMPDPAQQDP6NmWyAY6MQQDHQ+CAY6n5AsgoFODcFA5oNgUJCTy3l/W57n67wVGhAM5Bc5ohCAAATaSQDBoJ3083luBIN8OPMsEIAABEIIIBj4qSEY+BmFtEAwkKkhGMhctGgqGNyIYKBhcubufxLBwAmnmkAw8BEyBsHAz6jZFggGOjEEA50PgoHOJySLYKBTQzCQ+SAYIBiwgkFB5gCCgfwiRxQCEIBAOwkgGLSTfj7PjWCQD2eeBQIQgEAIAQQDPzUEAz+jkBYIBjI1BAOZixa9s3qJhBsns4KBxsmVSwWD0Y+wgoGLEYKBi0w9jmBQZ5HVFoKBThLBQOeDYKDzCckiGOjUEAxkPggGBTm5zIoCnbeiQN41QTCQX+SIQgACEGgnAQSDdtLP57kRDPLhzLNAAAIQCCGAYOCnhmDgZxTSAsFApoZgIHPRomOnrzD9BnaZGxAMNEzO3IOzVyf8rpyIYOCChGDgIlOPIxjUWWS1hWCgk0Qw0PkgGOh8QrIIBjo1BAOZD4IBggErGBRkDiAYyC9yRCEAAQi0kwCCQTvp5/PcCAb5cOZZIAABCIQQQDDwU0Mw8DMKaYFgIFNDMJC5aNGx01cmJ8jtyThuzRMYP6ciGIya+FzzDy7JIxAM/IVGMPAzarYFgoFODMFA54NgoPMJySIY6NQQDGQ+CAYFObmc97fleb7OWzEBwUB+kSMKAQhAoJ0EEAzaST+f50YwyIczzwIBCEAghACCgZ8agoGfUUgLBAOZGoKBzEWL3jUDwUDj48s9VBUMrngYwcDFCsHARaYeRzCos8hqC8FAJ4lgoPNBMND5hGQRDHRqCAYyHwQDBANWMCjIHEAwkF/kiEIAAhBoJwEEg3bSz+e5EQzy4cyzQAACEAghgGDgp4Zg4GcU0gLBQKaGYCBz0aJ3IxhoeLy5CXOfT1aAuHwCgoELFoKBi0w9jmBQZ5HVFoKBThLBQOeDYKDzCckiGOjUEAxkPggGBTm5zIoCnbeiQN41QTCQX+SIQgACEGgnAQSDdtLP57kRDPLhzLNAAAIQCCGAYOCnhmDgZxTSAsFApoZgIHPRoqlgcN3jS7Vm5BwEHp5XEQxGIhg4CBmDYOBEU0sgGNRQZLaBYKCjRDDQ+SAY6HxCsggGOjUEA5kPggGCASsYFGQOIBjIL3JEIQABCLSTAIJBO+nn89wIBvlw5lkgAAEIhBBAMPBTQzDwMwppgWAgU0MwkLlo0VQwuPYxBAONkys3sSoYjHhosatJ6eMIBv4pgGDgZ9RsCwQDnRiCgc4HwUDnE5JFMNCpIRjIfHIXDNauXWsmTpzIDwyYAxnNgd+dN8x8/DunmM/99G9mj2MHmcmzF8lHO9GOIjBl7mJzxV1T+IGBOgdWrVnfUfOWzjRPAMGgeWaxPQLBILaK0V8IQKBMBBAM/NVGMPAzCmmBYCBTQzCQuWjRe2auTJb4RzDQKLlzjzxVWcFg+HgEAxclBAMXmXocwaDOIqstBAOdJIKBzgfBQOcTkkUw0KkhGMh8chcM5G4QhQAEQglcdtukRCywcgGCQSjF/B+3aPkLpucfi2kNua/M5bJz+NUFN+U/MXnGzAkgGGSOtON2iGDQcSWhQxCAAARqBBAMaiicGwgGTjR9SiAYyPgQDGQuWjQVDMZMYgUDjZMr9+jTLySCxjAEAxciLpHgJFNPIBjUWWS1hWCgk+z5mbHeunxZBIPsa45goDNFMJD5IBjIXIhCIBoCCAbRlOolHR108yMNckjZT6gz/rpYsddxg83sZ5e/ZM4QiI8AgkF8NWu2xwgGzRKjPQQgAIH8CCAY+FkjGPgZhbRAMJCpIRjIXLTouJmrkhPk1yAYaJicuUlVwWDog6z26YLECgYuMvU4gkGdRVZbCAY6SQQDnQ+Cgc4nJItgoFNDMJD5IBjIXIhCIBoCCAbRlOolHV2/cbM5uP/lSAbV1TcQDOqCwTmjH3jJfCEQJwEEgzjr1kyvEQyaoUVbCEAAAvkSQDDw80Yw8DMKaYFgIFNDMJC5aNF7ZyEYaHx8ucfmV1YwGPIAgoGLFYKBi0w9jmBQZ5HVFoKBThLBQOeDYKDzCckiGOjUEAxkPggGMheiEIiGAIJBNKUSOzp20pyXCAZf/+s4c9A5D/BTEgb79b++YQ7sf/Iws3rtBnG+EIyPAIJBfDVrtscIBs0Soz0EIACB/AggGPhZIxj4GYW0QDCQqSEYyFy0KIKBRsefm/wMgoGPEoKBj5AxCAZ+Rs22QDDQiSEY6HwQDHQ+IVkEA50agoHMB8FA5kIUAtEQQDCIplTOjv7y/BsbTjB/bcBNyRKI/QZ2cV9wBt+9eKrZ+zfDGup/7f1dzrlCIj4CCAbx1azZHiMYNEuM9hCAAATyI4Bg4GeNYOBnFNICwUCmhmAgc9GiqWBw9aNLtGbkHAQmP7Mm+Vxl8P2sYOBAZBAMXGTqcQSDOousthAMdJIIBjofBAOdT0gWwUCnhmAg80EwkLkQhUA0BBAMoimVs6Ozn11u9jpucMNJ5kMueAS5oOBygRVI9v/9bQ11/9GfrzFbt21zzhUS8RFAMIivZs32GMGgWWK0hwAEIJAfAQQDP2sEAz+jkBYIBjI1BAOZixa978nKJRIQDDRK7tyUBRXBYND9C92NSp5BMPBPAAQDP6NmWyAY6MQQDHQ+CAY6n5AsgoFODcFA5oNgIHMhCoFoCCAYRFMqtaPnjH6g4UTzPqeMRjAouGDwrb8/ZvY47tKGuj8+m29VqAdKhEkEgwiL1mSXEQyaBEZzCEAAAjkSQDDww0Yw8DMKaYFgIFNDMJC5aNH7q4LBVaxgoGFy5qY9WxEMBt6HYOCChGDgIlOPIxjUWWS1hWCgk0Qw0PkgGOh8QrIIBjo1BAOZD4KBzIUoBKIhgGAQTanUjq5eu8Hsf3LjUvnf+L/7kAwKLBns+7sxDXJB/8vuUucIyTgJIBjEWbdmeo1g0Awt2kIAAhDIlwCCgZ83goGfUUgLBAOZGoKBzEWLpoLB6Ee4RILGyZVLBYNL7kUwcDFCMHCRqccRDOosstpCMNBJIhjofBAMdD4hWQQDnRqCgcwHwUDmQhQC0RBAMIimVN6Ojrmvq+GE894nDDPfvXgqkkEBJYNv/m18Q62/csIQ89zKNd45QoP4CCAYxFezZnuMYNAsMdpDAAIQyI8AgoGfNYKBn1FICwQDmRqCgcxFiz4we3XymQCCgUbJnetauDbhd/G9z7oblTyDYOCfAAgGfkbNtkAw0IkhGOh8EAx0PiFZBAOdGoKBzAfBQOZCFALREEAwiKZU3o5u3bbN/PDP1zSceP7fs29DMCiYYPDdS54wXzppZEOdh972mHd+0CBOAggGcdatmV4jGDRDi7YQgAAE8iWAYODnjWDgZxTSAsFApoZgIHPRoggGGh1/bvqiimDwz3EIBi5aCAYuMvU4gkGdRVZbCAY6SQQDnQ+Cgc4nJItgoFNDMJD5IBjIXIhCIBoCCAbRlKpXHX189qKGE897HHep+dY/HkMyKJBkcMCfxjbU+NsDRplNm7f0an7QKD4CCAbx1azZHiMYNEuM9hCAAATyI4Bg4GeNYOBnFNICwUCmhmAgc9GiD1ZXMLhyIpdI0Di5cjOqgsFF9yAYuBghGLjI1OMIBnUWWW0hGOgkEQx0PggGOp+QLIKBTg3BQOaDYCBzIQqBaAggGERTql539PQhjSeg9/3dGASDgggG375ostnz+CENgsG9k+f1em7QMD4CCAbx1azZHiMYNEuM9hCAAATyI4Bg4GeNYOBnFNICwUCmhmAgc9GiD86pXCJh1MTntGbkHARmLl6XfJ7yDwQDByFjEAycaGoJBIMaisw2EAx0lAgGOh8EA51PSBbBQKeGYCDzQTCQuRCFQDQEEAyiKVWvO/rcyjVmnxMaT0J/82/jkQwKIBl89YwbGuSC4/5xS6/nBQ3jJIBgEGfdmuk1gkEztGgLAQhAIF8CCAZ+3ggGfkYhLRAMZGoIBjIXLToewUDD483Neq4iGPz97gXetmVtgGDgrzyCgZ9Rsy0QDHRiCAY6HwQDnU9IFsFAp4ZgIPNBMJC5EIVANAQQDKIpVVMd7VnXL510ufnuJU8gGUQsGRxy/sQGuWCv4webeYtXNjUvaBwfAQSD+GrWbI8RDJolRnsIQAAC+RFAMPCzRjDwMwppgWAgU0MwkLlo0YeqgsEVD7OCgcbJlXuyKhhceBeCgYsRgoGLTD2OYFBnkdUWgoFOEsFA54NgoPMJySIY6NQQDGQ+CAYyF6IQiIZAzxPRk2cviqbvdNRNYOOmLebbA0Y1nJA+4E9jEQwiFgz2OfnKhnqeP2a8ewKQKQwBBIPClNI5EAQDJxoSEIAABNpOAMHAXwIEAz+jkBYIBjI1BAOZixZ9aG7lEgkIBhold272ksoKBucjGDghIRg40dQSCAY1FJltIBjoKBEMdD4IBjqfkCyCgU4NwUDmg2AgcyEKgWgIIBhEU6qmOzpu8ryGE9J7Hj/EfOeiyUgGEUoGX//ruIZaHnDqcLNm/cam5wQPiI8AgkF8NWu2xwgGzRKjPQQgAIH8CCAY+FkjGPgZhbRAMJCpIRjIXLRoKhhczgoGGiZnbs7S9clnKPZkFDeZAIKBzKV7FMGgO41sthEMdI4IBjofBAOdT0gWwUCnhmAg80EwkLkQhUA0BBAMoilVUEeP+/vNDSemv3rGjQgGkQkG37l4qtnrN8Ma6njj+BlB84EHxUcAwSC+mjXbYwSDZonRHgIQgEB+BBAM/KwRDPyMQlogGMjUEAxkLlp0wtznk88ALp/AJRI0Tq7c3KpgcN6dz7ialD6OYOCfAggGfkbNtkAw0IkhGOh8EAx0PiFZBAOdGoKBzAfBQOZCFALREEAwiKZUQR2dt2iF2ev4wQ0npw+5YCKSQUSSwf5n3dpQvyP/eq3Ztu3FoPnAg+IjgGAQX82a7TGCQbPEaA8BCEAgPwIIBn7WCAZ+RiEtEAxkaggGMhctOmFeRTAYiWCgYXLm5i2rrGBwLoKBkxGCgRNNLYFgUEOR2QaCgY4SwUDng2Cg8wnJIhjo1BAMZD4IBjIXohCIhgCCQTSlCu7o+deMbzhBvc/JVyIYRCIYfOvvk8wexzUKItPm8c2T4IMhwgciGERYtCa7jGDQJDCaQwACEMiRAIKBHzaCgZ9RSAsEA5kagoHMRYs+XBUMRkxYrDUj5yDw9PINyecn597BCgYORAbBwEWmHkcwqLPIagvBQCeJYKDzQTDQ+YRkEQx0aggGMh8EA5kLUQhEQwDBIJpSBXd0zfqN5oBThzdIBl//671IBhFIBl857ZqGup01/O7gecAD4ySAYBBn3ZrpNYJBM7RoCwEIQCBfAggGft4IBn5GIS0QDGRqE6Y/0/D/0TEX3mQG3vQIPwqDs6+alPzvf+LIx+GkcHLNo3OvfTThd/TQyfBz8DvuH7c0HJfX3d8lH8AljiIYZF98BAOdKYKBzgfBQOcTkkUw0KkhGMh8EAxkLkQhEA0BBINoStWnjt7w4IyGf/j2+s0w852LpyIZdLBkcNC5DzbUbN8TLzPLVq/t0zzgwfERQDCIr2bN9hjBoFlitIcABCCQH4HugsEexw4yo++Zyk8PBn+/ufI/xW9HTYNNDzZ9mS9HXPpE8r9aX/ZRxMce3+NEpj0u+dEZ7Pu7MclcOuCPd8IqYL586aTLE34HnXM//HrJ7wd/vJr3gx7vBwNvm2b+eQt/Q2T5vjT8zqlm4G1TzYixcJW49nxvlNqUOfaby6clr+0cl9kdPxfcVPmf4CT+JxDfA/8wclzD3xHnjxmf3z+1HfxMCAYdXBy6BoHeEEAw6A2l+Nts2/ai+fFfr214I9v/97cmf0z16+CT7GXt23cvmWa+dOKIhnqNuHNy/BORETRNAMGgaWTRPQDBILqS0WEIQKBEBHoKBj0/rOX3QWafU0Yn/1N8/c/3NPztChv9pK+Pj71Umv1fyNeOfN84l4EfgkHf5siXThqZHIsHnfMAx2MvBYMyHFeMsW/HFfzg1+458I3qyr5fPnkUr+0ZvbZ/5dSrkvfLA/98N0x7wRTBoPKhAoJBiT5cYajFJIBgUMy6SqOaNu+5xjf44wab9IOrsp7I79Rx9/x2Sb+zrjSbtmyVykqs4AQQDApeYGMMgkHxa8wIIQCBeAkgGPg/AN/7N8PM/mfdYr5y6tWN/2v04oO1dn+43MnPv1//683XBtwEU+ZRn+fAvr+7JvnAv+f/mJ08/zupb186EcGgk+pBX/zvyzCCEXPAPwfsyXD7d9Zevx7a5/dZeFd429WSLVMrH8PEPwcRDCqfESAYxPtZCT2HQEIAwaBcE+Gs4Y0WYfphQ6eeaC9jv7590eNmz+OHNPwx9sC0p8s1URltjQCCQQ1FYTcQDApbWgYGAQgUgACCgf/DMT5AhFE758Dexw82VqTnx83gmgnzE8Hg3FvnwilgroybtjDhd+o1T8LPwe9Hf76m4fOLdr4m8Ny8JzEHmAPMAeZADHMAwaDyYQGCQQE+NGEI5SaAYFCu+i9dtdbse+JlDf/8HXTug8k/zGU8md+JY7bfVur+h9AJF99arknKaBsIIBg04CjkLwgGhSwrg4IABApC4PHZi8z4J+bzAwPmQIfMASted/9f6Rfn3VCQV5vWDePRp19I/t8fOn5x656kwHtetHpjwu+PtyD9u8o86OZHGo7Lwbc8ymtmh7xm8jdMef+Gu+KuKebSWx5Nfobf8TjHJMckc6DD5sC8xStdb6uliiMYlKrcDLaIBBAMilhVfUwj7ny84Z+/L504wnz3kmlIBgO72s7g4PMfbqiN/UbO/CWr9IKSLTQBBINClzcZHIJB8WvMCCEAAQhAAAIQyIbA1q3bGv5fOv4ft2Sz4wLvZVIqGDy4qMCjbN3QFlcFgz8gGDghjx43reG4ZAVGJyoSEIAABCAAAQh0I4Bg0A0GmxCIkQCCQYxV61ufN23ZavqddWXDP4D2eoyd+G3+MvXpu5c8Yb588qiGuvzj+gl9KzaPjp4AgkH0JfQOAMHAi4gGEIAABCAAAQhAICGAYND8RHhsfnUFAwSD5uEZY557flPyWcnZN7OCgQsggoGLDHEIQAACEIAABDQCCAYaHXIQiIAAgkEERWpBF3suLbnn8UPMty+ajGTQxlUMvv6Xexrkgm+cNsKs3bCpBdVnlzERQDCIqVphfUUwCOPGoyAAAQhAAAIQKB8BBIPma54KBpchGDQPzxiz5IWKYPD7m54KenwZHoRgUIYqM0YIQAACEIBA9gQQDLJnyh4hkCsBBINccXfUk/3mn7c2nNDe74zrEQzaJBh8559TzV6/HtpQj1smzOqo+UJn2kMAwaA93PN8VgSDPGnzXBCAAAQgAAEIxEwAwaD56qWCwZAHuERC8/SMWVoVDM5CMHDiQzBwoiEBAQhAAAIQgIBCAMFAgUMKAjEQQDCIoUqt6eP851aZvY8f3HBS++DzH0YyaINk8LWzbm6ow/9v707cpKgOhQ//bYASNRq97qLJTXL9bm4SswiCqKioIVHRGOLKvgmiKOKCS1xREokSRdlVxAXcEAVF9pnzPd09g1NDdVdXTS9VXa/Pw+NMVZ+qU++peG9P/6j59R0rQ39/f3sW3lELJSAwKNRyZZqswCATm0EECBAgQIBACQUEBukX/a2BX5EgMEhvVxmx+7sj1Z+R3PiEJxjUExQY1JOxnQABAgQIEGgkIDBopGMfgQIICAwKsEhtnOLdK9dGPtgee/WyMG7WRpFBByODC+5aF0ZdHg09Nn/4ZRtX3aGLJCAwKNJqZZurwCCbm1EECBAgQIBA+QQEBunXfP3H31bf38/zBIP0eCGEr/bXAoMbHv8g0/gyDBIYlGGVXSMBAgQIEGi9gMCg9aaOSKCjAgKDjnLn7mT7Dx4OZ197fyQy+K/pLwkMOhgYnHLtwxH/vyx5OXf3iQl1T0Bg0D37Tp1ZYNApaechQIAAAQIEii4gMEi/gus//q76/n7uq35FQnq9EPYMBAZTBQZ1+QQGdWnsIECAAAECBBoICAwa4NhFoAgCAoMirFJ757hq7dbIB9xjJi4MF933jsigA5HBOX9dE7H/8eSFYc++79u74I5eKAGBQaGWK9NkBQaZ2AwiQIAAAQIESiggMEi/6G9/MhgY7Eo/2Ijw9fe1Jxhc/5gnGNS7HQQG9WRsJ0CAAAECBBoJCAwa6dhHoAACAoMCLFKbp9jf3x/+768rIx90n/6npwQGbQ4Mxs3aEE6aFH16xLIX327zajt80QQEBkVbsfTzFRikNzOCAAECBAgQKKeAwCD9ugsM0psNHbH3+6PVn41ct1JgMNRl6NcCg6EaviZAgAABAgSaFRAYNCvldQRyKiAwyOnCdHhamz/8IhIYjLp8brjgrnUigzZGBj/5yz8i5j/78/Jw9Fhfh1fe6fIuIDDI+wqNfH4Cg5EbOgIBAgQIECBQDgGBQfp1HgwM5rzqCQbp9ULYd6AWGFy7cnuW4aUYIzAoxTK7SAIECBAg0HIBgUHLSR2QQGcFBAad9c7z2f6y5OXIB96nXPuwwKBNgcGF97wVRo+fF/H+9+ZP8nx7mFuXBAQGXYLv4GkFBh3EdioCBAgQIECg0AICg/TL987Ar0iY/YrAIL1eCN8erAUGUx4VGNTzExjUk7GdAAECBAgQaCQgMGikYx+BAggIDAqwSB2a4p5934fTJi+MfOh9zl/XiAzaEBmcNjX6Kymumv1sh1bZaYomIDAo2oqln6/AIL2ZEQQIECBAgEA5BQQG6dd9w87vqu/pBQbp7Sojvjt4rOp3zQqBQT1BgUE9GdsJECBAgACBRgICg0Y69hEogIDAoACL1MEpPvDC25HA4KQr7w/jZm0QGbQwMjhvxtqI8dgr5oWdu/d1cJWdqkgCAoMirVa2uQoMsrkZRYAAAQIECJRPQGCQfs0HA4NZqz3BIL1eCPsP1QKDqwUGdfkEBnVp7CBAgAABAgQaCAgMGuDYRaAIAgKDIqxS5+Z49Fhf+Nmfl0c+AP/JX/4hMGhRYDBu1sYw9qoHIr6znni9cwvsTIUTEBgUbslST1hgkJrMAAIECBAgQKCkAgKD9Au/cdf+6vt5gUF6u8qI7w/XAoOrHnk/2wFKMEpgUIJFdokECBAgQKANAgKDNqA6JIFOCggMOqldjHP9e/MnkQ/AR4+fFy685y2RQQsig7NufTFie+71S8OBQ0eKcWOYZVcEBAZdYe/oSQUGHeV2MgIECBAgQKDAAgKD9Iu3SWCQHm3IiAMDgcGVDwsMhrBEvhQYRDh8Q4AAAQIECDQpIDBoEsrLCORVQGCQ15Xp7ryumv1s5IPw06auFBiMMDC46L63w5grFkRc//HGe91daGfPvYDAIPdLNOIJCgxGTOgABAgQIECAQEkEBAbpF3owMJi5emf6wUaEg0f6qj8LERjUvxkEBvVt7CFAgAABAgTqCwgM6tvYQ6AQAgKDQixTxye588t94eQr5kU+DD9vxlqRwQgig9NvejLiedmMxzu+rk5YPAGBQfHWLO2MBQZpxbyeAAECBAgQKKuAwCD9yg8GBve9LDBIrxfCoaO1wGDScn85oJ6fwKCejO0ECBAgQIBAIwGBQSMd+wgUQEBgUIBF6tIUZz7xeuQD8bFXPRDGzdooMsgQGZx/1xsRy9Hj54Rtn+zu0so6bZEEBAZFWq1scxUYZHMzigABAgQIECifgMAg/Zpv/nR/9T28wCC9XWXE4YHA4IqHBAb1BAUG9WRsJ0CAAAECBBoJCAwa6dhHoAACAoMCLFKXpnjg0JFw7vVLIx+Mn3XriwKDDIHBj6Ysjzje9uCrXVpVpy2agMCgaCuWfr4Cg/RmRhAgQIAAAQLlFBAYpF/3LQOBwb0veYJBer0Qjh7rr/4MRGBQX09gUN/GHgIECBAgQKC+gMCgvo09BAohIDAoxDJ1bZL/eOO9yAfjY65YEC66722RQYrI4OzbX4kYnn7VovDNdwe6tqZOXCwBgUGx1ivLbAUGWdSMIUCAAAECBMooIDBIv+pbPqs9weAegUF6vBDC0b5aYDD+QU8wqAcoMKgnYzsBAgQIECDQSEBg0EjHPgIFEBAYFGCRujjF/v7+cNmMx6MfkN+0SmDQZGAwbuaGcNKkxRG/h1dv6OKKOnXRBAQGRVux9PMVGKQ3M4IAAQIECBAop4DAIP26b/3s++r7d4FBervKiL6BwODyZe9mO0AJRgkMSrDILpEAAQIECLRBQGDQBlSHJNBJAYFBJ7WLea5tH+8Oo8fPiXxIfv5db4gMmogMfvLnZyNuv7j54VD5oZh/CDQrIDBoVqq4rxMYFHftzJwAAQIECBDorIDAIL23wCC92dARlb90cfHsTeGPAoOhLJGvBQYRDt8QIECAAAECTQoIDJqE8jICeRUQGOR1ZfI1r+nLoo/5/9GU5QKDhMDgwnveDKPHz4sEBv/Z5vde5uvOzv9sBAb5X6ORzlBgMFJB4wkQIECAAIGyCAgM0q/0toEnGNz94ifpBxtRFagEBn94wBMM6t0OAoN6MrYTIECAAAECjQQEBo107CNQAAGBQQEWKQdT/Oa7A+H0qxZFPiw/+/ZXRQYNIoNTr3804nXtvOdysJKmUDQBgUHRViz9fAUG6c2MIECAAAECBMopIDBIv+7bPq/9ioS7BAbp8QZGVAKD3y/dlnl8rw8UGPT6Crs+AgQIECDQHgGBQXtcHZVAxwQEBh2jLvyJHl69IfKB+UmTFodxMzeIDGIig3P/9lrEauzE+eGzPd8W/h5wAZ0XEBh03rzTZxQYdFrc+QgQIECAAIGiCggM0q/cu4OBwQueYJBerzbikjmbwu8EBnX5BAZ1aewgQIAAAQIEGggIDBrg2EWgCAICgyKsUj7mWPlhzs9vfjjywfLfKjQAACAASURBVPlP/vyswGBYYDBu1sZw8uSlEad5T63LxyKaReEEBAaFW7LUExYYpCYzgAABAgQIECipgMAg/cK/+0XtCQZ3CgzS4w2M+OmcTeGyJZ5gUA9QYFBPxnYCBAgQIECgkYDAoJGOfQQKICAwKMAi5WiK67btjHxwPnr8vHDhPW+KDIZEBmfd8kLE6PwbHggHDx/N0SqaSpEEBAZFWq1scxUYZHMzigABAgQIECifgMAg/Zq/JzBIjzZsxM/mbgq/vV9gMIzl+LcCg+MUviBAgAABAgRSCAgMUmB5KYE8CggM8rgq+Z7TtfOei3yAfur1jwoMBgKDi+5bH0ZPWBDxefHN7fleULPLtYDAINfL05LJCQxawuggBAgQIECAQAkEBAbpF3kwMPi7JxikxxsY8fN5m8Nv7t+aeXyvDxQY9PoKuz4CBAgQINAeAYFBe1wdlUDHBAQGHaPumRN9tufbMHbi/MiH6Of+7TWRwexN4cc3PhFx+cNdT/bMuruQ7ggIDLrj3smzCgw6qe1cBAgQIECAQJEFBAbpV+/9Lw5U36v//flP0g82oipQCQx+vVhgUO92EBjUk7GdAAECBAgQaCQgMGikYx+BAggIDAqwSDmc4tyn1kU+SD958tIwbtbGUkcG59/5esRkzPi54f1de3K4eqZUJAGBQZFWK9tcBQbZ3IwiQIAAAQIEyicgMEi/5u9/WQsMZggM0uMNjPjl/M3hV4sEBvUABQb1ZGwnQIAAAQIEGgkIDBrp2EegAAICgwIsUg6nePDw0XD+DQ9EPlA/65YXSh0Y/OiahyIedzz8zxyunCkVTUBgULQVSz9fgUF6MyMIECBAgACBcgoIDNKv+/bBwOC5j9MPNqIq8D8LtggMGtwLAoMGOHYRIECAAAECdQUEBnVp7CBQDAGBQTHWKY+zfPHN7ZEP1EdfsSBcdN/bpYwMzr5tdcTiJ9csCvv2H8rjsplTwQQEBgVbsAzTFRhkQDOEAAECBAgQKKWAwCD9sn+wu/YEg78JDNLjDYy4dMGW8P8Wbsk8vtcHCgx6fYVdHwECBAgQaI+AwKA9ro5KoGMCAoOOUffkif5w15ORD9Z/fOMTpQsMLpr5Tjhp4qKIw8pXN/XkeruozgsIDDpv3ukzCgw6Le58BAgQIECAQFEFBAbpV05gkN5s+IhKXFCJDPwTLyAwiHexlQABAgQIEGgsIDBo7GMvgdwLCAxyv0S5nuB7O78KY8bPjXy4fv6dr5cqMjhj2tOR6790+opwrK8v1+tmcsUREBgUZ62yzlRgkFXOOAIECBAgQKBsAgKD9Cs+GBjc4QkG6fEGRvzvIoFBIzyBQSMd+wgQIECAAIF6AgKDejK2EyiIgMCgIAuV42nesXxN5AP2H13zUGkCgwvu/k8YNSywWP/+pzleLVMrmoDAoGgrln6+AoP0ZkYQIECAAAEC5RQQGKRf9x0DvyLhjn98nH6wEVWBXy3aGn45fzONOgICgzowNhMgQIAAAQINBQQGDXnsJJB/AYFB/tco7zPct/9Q+Mk10V8RcPZtq0sRGZx63YpIXHHDghfyvlzmVzABgUHBFizDdAUGGdAMIUCAAAECBEopIDBIv+wffnWw+t78rwKD9HgDI/5v8dbwi3kCg3qAAoN6MrYTIECAAAECjQQEBo107CNQAAGBQQEWqQBTXPnqpsgH7SdNXBTGzXynpyODc+/4V+SaT5k0P3zx9XcFWC1TLJKAwKBIq5VtrgKDbG5GESBAgAABAuUTEBikX/PBwOD2Zz3BIL1ebcSv798afi4wqMsnMKhLYwcBAgQIECDQQEBg0ADHLgJFEBAYFGGV8j/HY3194X9ufSTygfsZ057p2cBg3KyN4eTJSyLXu/DZN/O/UGZYOAGBQeGWLPWEBQapyQwgQIAAAQIESiogMEi/8B8NPMHg9mc/Sj/YiKrAb+7fGv57ricY1LsdBAb1ZGwnQIAAAQIEGgkIDBrp2EegAAICgwIsUkGmuP69TyMfuI8aPzdccPd/ejIyOPPm5yPXetFNy8LhI0cLslKmWSQBgUGRVivbXAUG2dyMIkCAAAECBMonIDBIv+Yf76n9ioTbBAbp8QZG/HbJtvCzOZsyj+/1gQKDXl9h10eAAAECBNojIDBoj6ujEuiYgMCgY9SlONENC16IfPB+6nUrei4wuPDe9WH0hPmR63zl7R2lWF8X2XkBgUHnzTt9RoFBp8WdjwABAgQIECiqgMAg/coJDNKbDR/xuyXbwk8FBsNZjn8vMDhO4QsCBAgQIEAghYDAIAWWlxLIo4DAII+rUtw5ffH1d+GUSdEP38/92796KjL48Q2PR+KCCfc8VdwFM/PcCwgMcr9EI56gwGDEhA5AgAABAgQIlERAYJB+oQcDg+nP+BUJ6fVqI363dFu4ZLYnGNTzExjUk7GdAAECBAgQaCQgMGikYx+BAggIDAqwSAWb4sJn34x8AH/y5CVh3KyNPREZnPf3f0eubcyEuWHHZ18XbIVMt0gCAoMirVa2uQoMsrkZRYAAAQIECJRPQGCQfs0/+br2KxIEBuntBkf8/oF3qz/PGPzev6MCAoOoh+8IECBAgACB5gQEBs05eRWB3AoIDHK7NIWd2OEjR8OFNy6LfBB/5s3P90RgMPbq6HXdueK1wq6TiRdDQGBQjHUaySwFBiPRM5YAAQIECBAok4DAIP1qf/L1oep78Vs9wSA93sCIPwoMGtoJDBry2EmAAAECBAjUERAY1IGxmUBRBAQGRVmpYs1z9ds7IoHB6Anzw4X3ri90ZPBf01+OXNNZU+4P3x04XKyFMdvCCQgMCrdkqScsMEhNZgABAgQIECBQUgGBQfqF3zkQGNzytF+RkF6vNuKPy2pPMOjr7896iJ4eJzDo6eV1cQQIECBAoG0CAoO20Towgc4ICAw641zGs0y456nIB/I/vuHxwgYGF818J4yZuDByPU/8a0sZl9U1d1hAYNBh8C6cTmDQBXSnJECAAAECBAopIDBIv2y7vqk9weCWpz9MP9iIqsD4B2uBwbE+gUHcLSEwiFOxjQABAgQIEEgSEBgkCdlPIOcCAoOcL1CBp7fjs6/DmAlzIx/Kn//31wsZGZzxp2gs8avbHw19frhQ4LuzOFMXGBRnrbLOVGCQVc44AgQIECBAoGwCAoP0Ky4wSG82fMSEB9+r/hzjqJ8BDKepfi8wiGWxkQABAgQIEEgQEBgkANlNIO8CAoO8r1Cx5/f3Ff+KBAY/uvrBwgUGF9y9LowaHw0lNnzwebEXxuwLIyAwKMxSZZ6owCAznYEECBAgQIBAyQQEBukXfDAwuPkpTzBIr1cbccVDtcDgyLG+rIfo6XECg55eXhdHgAABAgTaJiAwaButAxPojIDAoDPOZT3LdwcOhbOm3B+JDP7rtpcLFRmccu3DkflPu/+lsi6n6+6CgMCgC+gdPqXAoMPgTkeAAAECBAgUVkBgkH7pPt1b+xUJAoP0doMjJi6vBQaHjwoMBk2G/ltgMFTD1wQIECBAgECzAgKDZqW8jkBOBQQGOV2YHprWE//aEvmAfszEReGime8UIjI45441kbmfeuWCsHvv/h5aHZeSdwGBQd5XaOTzExiM3NARCBAgQIAAgXIICAzSr/NnA4HBXzzBID3ewIhJy9+v/vzikMAg1lBgEMtiIwECBAgQIJAgIDBIALKbQN4FBAZ5X6Hiz6+vrz/8722PRj6oP+NPT+c+MBg3a0M46cro0xeWPL+++AviCgolIDAo1HJlmqzAIBObQQQIECBAgEAJBQQG6Rf9s72Hq++9/7zKr0hIr1cbceXDtcDg4BFPMIgzFBjEqdhGgAABAgQIJAkIDJKE7CeQcwGBQc4XqEemt+GDzyOBwajxc8MFd/8n15HBmX95LjLni6c9GI4cPdYjK+IyiiIgMCjKSmWfp8Agu52RBAgQIECAQLkEBAbp1/vzfQKD9GrREZMfqQUG3x/284CoTO07gUGcim0ECBAgQIBAkoDAIEnIfgI5FxAY5HyBemh6f1r8UuQD+1OufSS3gcGF974VRk+YF5nvvzZ+1EOr4VKKIiAwKMpKZZ+nwCC7nZEECBAgQIBAuQQEBunXW2CQ3mz4iKsEBsNJIt8LDCIcviFAgAABAgSaFBAYNAnlZQTyKiAwyOvK9N68du/dH069ckHkQ/tz7liTy8jgtKmPReZ55cxnem9BXFEhBAQGhVimEU1SYDAiPoMJECBAgACBEgkIDNIv9hcDTzCY9uSO9IONqApcvWJ79ecW+w95gkHcLSEwiFOxjQABAgQIEEgSEBgkCdlPIOcCAoOcL1CPTW/J8+sjH9yfdOX9YdysDbmKDM6bsTY6xwlzw8df7O2xlXA5RREQGBRlpbLPU2CQ3c5IAgQIECBAoFwCAoP06/3Ft7VfkfAngUF6vIER1zxaCwy+PXg08zF6eaDAoJdX17URIECAAIH2CQgM2mfryAQ6IiAw6AizkwwIHDl6LFw87cHIB/hn3vxcbgKDcbM2hrFXLYvM797H/m39CHRNQGDQNfqOnVhg0DFqJyJAgAABAgQKLiAwSL+AXwoM0qMNG3HtQGCw74DAYBhN9VuBQZyKbQQIECBAgECSgMAgSch+AjkXEBjkfIF6cHr/3PhR5AP80RPmhwvvfSsXkcF/TX8pMrezr1sSvj94uAdXwSUVRUBgUJSVyj5PgUF2OyMJECBAgACBcgkIDNKv9+6BwOCmJ/yKhPR6tRHXrqw9wWCvwCCWUGAQy2IjAQIECBAgkCAgMEgAsptA3gUEBnlfod6c35Uzn4l8kH/a1Me6HhhcdN/bYcwVCyPzevrf23pzAVxVYQQEBoVZqswTFRhkpjOQAAECBAgQKJmAwCD9gu/+7kj1vfaNAoP0eAMjrl/5QdXwm+89wSAOUWAQp2IbAQIECBAgkCQgMEgSsp9AzgUEBjlfoB6d3sdf7A0nTZgb+TD/vL+v7WpkcPpNqyLz+fUdj4X+/v4eXQGXVRQBgUFRVir7PAUG2e2MJECAAAECBMolIDBIv95fCQzSow0bMfWxWmDw9f4jw/b4tiIgMHAfECBAgAABAlkEBAZZ1IwhkCMBgUGOFqNkU7n3sX9HPtAfe/WyMG7Wxq5EBhfctS6MujwaPGz56MuSrYjLzaOAwCCPq9LaOQkMWuvpaAQIECBAgEDvCggM0q/t8cDgcb8iIb1ebcQNj9cCgz0Cg1hCgUEsi40ECBAgQIBAgoDAIAHIbgJ5FxAY5H2Fend+3x88HM6+bkkkMviv6S91JTA4ZcryyDxueWB178K7skIJCAwKtVyZJiswyMRmEAECBAgQIFBCAYFB+kX/an/tVyRUPiT3TzaBGx/fUf05RSXW8M+JAgKDE01sIUCAAAECBJIFBAbJRl5BINcCAoNcL0/PT+7pf2+LfLA/5oqF4aL73u5oZHDOX1+NzOHHkxeGPd8e6Hl7F1gMAYFBMdZpJLMUGIxEz1gCBAgQIECgTAJxgcG7n38f1n/8rT91DF5995vq++tJy99jVMco6f658uH3q4art33DMMbwziffCadc+/DxP0+v87SMMv132bUSIECAAIGsAgKDrHLGEciJgMAgJwtR0mn09/eHX9/xWOQD/tP/tKpjgcG4mRvCSZMWR87/4IvvlHQ1XHYeBQQGeVyV1s5JYNBaT0cjQIAAAQIEelcgLjC4bmXt8fUXz97UsfeRzsXaPVD/Hrj3ufd69z9CrowAAQIECBBomYDAoGWUDkSgOwICg+64O+sPAps//DLyAf+oy+eGC+5a15EfDv3kL89Gzv2zvywPR4/1/TA5XxHosoDAoMsL0IHTCww6gOwUBAgQIECAQE8IxAUGT7y9O8x99dPS/Pnj7FfC6dcsafrPj69eUo3qx155f9Nj0hy/DK+t2FX+YkLFspnrnbx4bWnux8r/9q5etiGcdcsLx/889M/tPfHfGxdBgAABAgQItFdAYNBeX0cn0HYBgUHbiZ2gCYGbl66OfNB/ypSH2x4YXHjPm2H0+HmR876+5ZMmZuslBDonIDDonHW3ziQw6Ja88xIgQIAAAQJFE4gLDIp2DSOd7779h8KZU6JP4Rt1+ZzI+1rfd8/jkmkPhcNHj410mQs1/qGXN0TuvzUbPizU/E2WAAECBAgQ6I6AwKA77s5KoGUCAoOWUTrQCAT2fHsg/Hjywsib0nP++mpbI4PTrl8ZOd/Vs58dwRUYSqA9AgKD9rjm6agCgzythrkQIECAAAECeRYQGNRWZ9VrWyPvZQUF3QsKhtu/sXVnnv8n1Ja5CQzawuqgBAgQIECg5wUEBj2/xC6w1wUEBr2+wsW5vgdffCfyQ5LKIwjHzdzQlsjg3BmvRc419op5YefufcXBMtPSCAgMen+pBQa9v8aukAABAgQIEGiNgMCg5tjf3x8um/F45D1t5YPuMRMX+dNBg+FxwQ0LXmjNjV6wowgMCrZgpkuAAAECBHIiIDDIyUKYBoGsAgKDrHLGtVrg6LG+8LO/LI/8kOQnf/lHywODcbM2hpOvWho5z+wnX2/15TgegZYICAxawpjrgwgMcr08JkeAAAECBAjkSEBg8MNibN+1J4yZMDfyvva8GWtb/v754tmbHDPG4Ozbor/m8bTJC8Puvft/WKASfSUwKNFiu1QCBAgQINBCAYFBCzEdikA3BAQG3VB3znoCr2/5JPIDktHj54UL73mrpT/QOOvWFyPnOG/q0nDg0JF6U7KdQFcFBAZd5e/IyQUGHWF2EgIECBAgQKAHBAQG0UW8e+XayHvbkycvDZWgXhTQ3ijiovveCWMmRn/F4/KXN0QXp0TfCQxKtNgulQABAgQItFBAYNBCTIci0A0BgUE31J2zkcDVs5+N/JDktOtXtuwHJBfd93YYc8WCyPGfW/d+o+nYR6CrAgKDrvJ35OQCg44wOwkBAgQIECDQAwICg+giVkL5SjA/9FH9Z978XMvePwsV4kOF029aFTG/dPqKcKyvL7o4JfpOYFCixXapBAgQIECghQICgxZiOhSBbggIDLqh7pyNBHbu3hfGXjEv8oa9VY96PP3GJyPHrfzeSv8QyLOAwCDPq9OauQkMWuPoKAQIECBAgEDvCwgMTlzjl9d/EHmPW3sK4Jsig5hfa9CKYOL8O1+PeFfijo07Pj9xYUq0RWBQosV2qQQIECBAoIUCAoMWYjoUgW4ICAy6oe6cSQKzn4y+aR971QMjftTj+Xe+EflBwOjxc8K7n+xOmor9BLoqIDDoKn9HTi4w6AizkxAgQIAAAQI9ICAwiF/ESTOfjrzXPfW6FQKDNgQGlV8/MfbqZRHr6cteiV+UEm0VGJRosV0qAQIECBBooYDAoIWYDkWgGwICg26oO2eSQNyjHs+69cUR/ZDkR1Meivwg4PYHX02ahv0Eui4gMOj6ErR9AgKDthM7AQECBAgQINAjAgKD+IWsPgVw4vzI+91z7lgzovfPrfjb/r12jMrPJCK/jmLK4rBv/6H4RSnRVoFBiRbbpRIgQIAAgRYKCAxaiOlQBLohIDDohrpzNiPw3Lr3Im/ex1yxIFx039uZfkhy9u2vRI51+lWLwt7vDjYzDa8h0FUBgUFX+TtycoFBR5idhAABAgQIEOgBAYFB/UUc/rOdkyYtDuNmbsj0/rnXwoBWXM+F964PoycsiPxcYdXarfUXpER7BAYlWmyXSoAAAQIEWiggMGghpkMR6IbA8Deh69/7tBvTcE4CsQKXzXg88gb+9JueTP0DknEz3wknTVoUOc4jqzfGns9GAnkTEBjkbUVaPx+BQetNHZEAAQIECBDoTQGBQf11PXz0WLh42oOR971nTHsm9fvnVnwY34vHOO2GxyK2lZ9V9Pf311+QEu0RGJRosV0qAQIECBBooYDAoIWYDkWgGwICg26oO2ezAu9+sjuMHj8n8kb+/DvfSPVDkp/8+ZnI+F/c8kio/GDKPwSKICAwKMIqjWyOAoOR+RlNgAABAgQIlEdAYNB4rV/f+knkve+o8XPDBXevS/X+uRfjgJFe07kzXou4jpkwN2zftafxYpRor8CgRIvtUgkQIECAQAsFBAYtxHQoAt0QEBh0Q9050wjc/uCrkTfzP5qyvOkfkFxwz5th1Ph5kfH/eXdXmtN7LYGuCggMusrfkZMLDDrC7CQECBAgQIBADwgIDJIXceqCFyLvf09J8f55pB/E9+L4cbM2hpMnL42Y3r1ybfJClOgVAoMSLbZLJUCAAAECLRQQGLQQ06EIdENAYNANdedMI7D3u4Ph9Kuiv+Lg7NtfaSoyOPX6RyM/CLhu/vNpTu21BLouIDDo+hK0fQICg7YTOwEBAgQIECDQIwICg+SF3L13fzht8sLI++Czb1vd1PvnXgwERnpNZ978XMTyvKlLw4FDR5IXokSvEBiUaLFdKgECBAgQaKGAwKCFmA5FoBsCAoNuqDtnWoFHVm+MvKk/adLiMG7mhoY/JDn3b/+KjPnRpPnhsz3fpj211xPoqoDAoKv8HTm5wKAjzE5CgAABAgQI9ICAwKC5RRz+ge+YiQvDRfe90/D980g/iO/F8Rfe82YYPeyJiC+v/6C5RSjRq4bfb2s2fFiiq3epBAgQIECAQFYBgUFWOeMI5ERAYJCThTCNhgKVHyT94pZHIsHAT/78TN0fkMQ9xnDe0+sansNOAnkUEBjkcVVaOyeBQWs9HY0AAQIECBDoXQGBQXNre6yvL1w6fUXk/fPpN62q+/65F+OAVlzTqddFDX8z48nmFqBkrxIYlGzBXS4BAgQIEGiRgMCgRZAOQ6BbAgKDbsk7b1qB/7y7K/IDksrfJKj8jYK4HxycdUv0905ecMMD4dDho2lP6fUEui4gMOj6ErR9AgKDthM7AQECBAgQINAjAgKD5hdy447PI++fR10+J5x/5+ux75/j3lOXfds5d6yJ+o2fG1Zv/rz5BSjRKwUGJVpsl0qAAAECBFooIDBoIaZDEeiGgMCgG+rOmVXguvnPR97kn3r9oyf8gOSie9eH0RMWRF730lseY5jV3LjuCggMuuvfibMLDDqh7BwECBAgQIBALwgIDNKt4vRlr0TeF4+9elmoPO2v7PFA0vVXfh1j5dcyVqKMwT+VJyhu2rU/3QKU5NUCg5IstMskQIAAAQItFhAYtBjU4Qh0WkBg0Glx5xuJwGd7vg0/mjT/+Jv8ypv9c//2r8gPSH584xOR/X+8y2MMR2JubHcFBAbd9e/E2QUGnVB2DgIECBAgQKAXBAQG6VZx3/5D4cxroh+Un3Xri5H3z0kftpdx/xnTnon8TOGMKUtDJTrYKDCIvQEFBrEsNhIgQIAAAQIJAgKDBCC7CeRdQGCQ9xUyv+EC855eF3mzf/Lkpcf/FkblkY+Df8Og8u8x4+eG7bv2DD+E7wkURkBgUJilyjzR3/09GkXtP3g487EMJECAAAECBAj0soDAIP3qPvbPLZH3yKOvWBAqT/0rYzjQzDVfcNe6MGr83IjZjcvfrnpt2Pld+gUowQiBQQkW2SUSIECAAIE2CAgM2oDqkAQ6KSAw6KS2c7VC4NDho+GCGx6IvOE/65YXqm/4f3TNg5Htf3v4n604pWMQ6JqAwKBr9B058ZaPvoz8N6sSRgkMOkLvJAQIECBAgEABBQQG6Rft8NG+UPnVCEND/NNueExgMHtTrMEpU5ZHrG5Y8EKY/cqu6mvf+URgEHcHCgziVGwjQIAAAQIEkgQEBklC9hPIuYDAIOcLZHqxAi+99UHkTf/oCQtCJTIY+kOTyqMgv/3+UOx4GwkURUBgUJSVSj/PSlxw+lULI//dqnx/+MjR9AczggABAgQIECBQAgGBQfpFPnKsLwx/0l/lffN5M9bGfsDezN/y79XXnH3b6sj/b37a5IVh9979Ye6rtcDgbYFB7A0oMIhlsZEAAQIECBBIEBAYJADZTSDvAgKDvK+Q+dUT+ONdT0be/A+NCypfr1yzud5Q2wkURkBgUJilSjXRenFBZbt/CBAgQIAAAQIE4gUEBvEujbYePdZfDQnOv+XpyPvnob9qsFeDgTTXddF974QxE6Px7/KXN1Rp5635tGq4/mNPMIi71wQGcSq2ESBAgAABAkkCAoMkIfsJ5FxAYJDzBTK9ugLbd+0JY4b9bsTByODS6StCX19/3bF2ECiKgMCgKCvV/DzFBc1beSUBAgQIECBAYKiAwGCoRnNfH+2rBQZ/WLo1nDd1aSQyOPPm5zzFYOBXJZx+06qITeVnCsf6+qrI8wcCg7c++rY59JK9SmBQsgV3uQQIECBAoEUCAoMWQToMgW4JCAy6Je+8rRD428P/jPwQYDAweHv7Z604vGMQ6LqAwKDrS9DSCYgLWsrpYAQIECBAgEDJBAQG6Rf82EBgMP7Bd8PL64f9qsHx88KF97xZ+sgg7ldIbNzx+XHsBf+sPcHgTYHBcZOhXwgMhmr4mgABAgQIEGhWQGDQrJTXEcipgMAgpwtjWk0JfPv9oXDmNYsjkcGNi15saqwXESiCgMCgCKvU3BzFBc05eRUBAgQIECBAoJ6AwKCeTP3tQwODyqsmzYz+qoRTr1tR6sBg3KyNYezVyyI/U5i+7JUI6MJ/fVY1+s+HnmAQgRn4RmAQp2IbAQIECBAgkCQgMEgSsp9AzgUEBjlfINNLFFi5ZvPxHwacMml++PKb/YljvIBAUQQEBkVZqcbzFBc09rGXAAECBAgQINCMgMCgGaXoayq/OvDi2ZvC5cvere7YuXtfGDtx/vH30JWnAJ5zx5rSRgZn3fpixOLMKYvDvv2HIoiLBgKDdR/ui2z3TU1AYOBOIECAAAECBLIICAyyqBlDIEcCAoMcLYapZBKo/MCk8vsRKz8YWfTsm5mOYRCBvAoIDPK6Ms3PS1zQvJVXEiBAgAABAgQaCQgMGunE7+vrrwUGfxwIDCqvGv5zoJMmLQ7jZm4oWadpgwAAIABJREFUXWRw4b3rw+gJCyKBwaq1W0+AXPxa7QkGr+8QGJyAE0IQGMSp2EaAAAECBAgkCQgMkoTsJ5BzgeFvLNe/92nOZ2x6BE4UeHv7Z2HcTQ+Gw0ePnbjTFgIFFhAYFHjxQgjigmKvn9kTIECAAAEC+RIQGKRfj/7BwOCB2hMMKkeovG++ZNpDkQ/Wz5j2TOkCg9NueCxicNmMx0PFa/g/968dCAw+EBgMt6l8LzCIU7GNAAECBAgQSBIQGCQJ2U8g5wICg5wvkOk1LfDpV34fYtNYXlgYAYFBYZbqhImKC04gsYEAAQIECBAgMCIBgUE2vsqvSPjDkMCgcpQ3tu6MfLg+avzccMHd60oTGZw747XI9Y+ZMDds37UnFnjJ2s+rLmsFBrE+AoNYFhsJECBAgACBBAGBQQKQ3QTyLiAwyPsKmR8BAmUWEBgUc/XFBcVcN7MmQIAAAQIE8i0gMMi2PpXA4PfDAoPKkaYueCHyIfspU5aXIjAYN2tjOHny0si1371ybV3cpf+uBQavbd9b9zVl3iEwKPPqu3YCBAgQIJBdQGCQ3c5IArkQEBjkYhlMggABArECAoNYllxvFBfkenlMjgABAgQIECiwgMAg2+LVCwx2790fTpu8MPJB+9m3re75yODMm5+LXPN5U5eGA4eO1MVd9vpAYPC+wCAOSWAQp2IbAQIECBAgkCQgMEgSsp9AzgUEBjlfINMjQKDUAgKDYi2/uKBY62W2BAgQIECAQLEEBAbZ1qsaGCzdFjt4+IfDYyYuDBfd907PRgYX3vNmGD1+XiQweHn9B7E2gxsHA4N/CgwGSSL/Hn4PrdnwYWS/bwgQIECAAAECcQICgzgV2wgUSEBgUKDFMlUCBEonIDAozpKLC4qzVmZKgAABAgQIFFNAYJBt3S6ZvSn8rk5gcKyvL1w6fUXkA/fTb1rVs4HBqddFr3XSzKcTUR9644uqx5r3PMEgDktgEKdiGwECBAgQIJAkIDBIErKfQM4FBAY5XyDTI0Cg1AICg2Isv7igGOtklgQIECBAgECxBQQG2dbvkjmbwu+WxD/BoHLEjTs+jwQGoy6fE86/8/WeiwzOuWNN5DrHTpwfdu7el4i6fF0tMHj13W8SX1vGFwgMyrjqrpkAAQIECIxcQGAwckNHINBVAYFBV/mdnAABAg0FBAYNeXKxU1yQi2UwCQIECBAgQKAEAgKDbIv80zmbwmUNAoPKUacveyX64fvVy8K4WRt7JjIYN3NDOGnS4sg1LnzmzaZAHx4IDF4RGMR6CQxiWWwkQIAAAQIEEgQEBglAdhPIu4DAIO8rZH4ECJRZQGCQ79UXF+R7fcyOAAECBAgQ6C0BgUG29fzZnE3htwmBwb79h8KZU6IfwJ9164s9ExicMe2ZSFxwybSHwuGjx5oCfeQ/X1YdVm/zBIM4MIFBnIptBAgQIECAQJKAwCBJyH4CORcQGOR8gUyPAIFSCwgM8rv84oL8ro2ZESBAgAABAr0pIDDItq7NBAaVI69auzXyIfzoKxaEi+5dX/jI4IK71oVR4+dGru2NrTubxlwxEBi8vFVgEIcmMIhTsY0AAQIECBBIEhAYJAnZTyDnAgKDnC+Q6REgUGoBgUE+l19ckM91MSsCBAgQIECgtwUEBtnW92dzN4Xf3r8tcXB/f3+4bMbjkQ/iT7vhscIHBqdMWR65phsWvJBoMfQFj75Ze4LBS1u/HrrZ1wMCAgO3AgECBAgQIJBFQGCQRc0YAjkSEBjkaDFMhQABAsMEBAbDQHLwrbggB4tgCgQIECBAgEApBQQG2Zb9v+duDr+5f2tTg7fv2hPGTIj+bf/zZqwtbGRw9m2rI3HBaZMXht179zdlMfiilW/VAoMXtwgMBk2G/ltgMFTD1wQIECBAgECzAgKDZqW8jkBOBQQGOV0Y0yJAgEAIQWCQr9tAXJCv9TAbAgQIECBAoFwCAoNs6/3zeZvDr5sMDCpnuHvl2siH8idPXhrGzdpYuMjgovveCWMmLoxcy/KXN6RGfOyt3dVrf36zwCAOT2AQp2IbAQIECBAgkCQgMEgSsp9AzgUEBjlfINMjQKDUAgKD/Cy/uCA/a2EmBAgQIECAQDkFBAbZ1r0aGCxu7gkGlTMcOHQknDd1aeSD+TNvfq5wgcHpN62KXMOl01eEY319qREfXz8YGOxJPbYMAwQGZVhl10iAAAECBFovIDBovakjEuiogMCgo9xORoAAgVQCAoNUXG17sbigbbQOTIAAAQIECBBoWkBg0DRV5IW/mLc5/F+KwKAy+OX1H0Q+nB89fl648J43CxMZnH/n65H5j7p8Tti44/OIS7PfPPF2LTD4xyaBQZyZwCBOxTYCBAgQIEAgSUBgkCRkP4GcCwgMcr5ApkeAQKkFBAbdX35xQffXwAwIECBAgAABAhUBgUG2++CX8zeHXy1q/gkGg2eZNPPpyIf0p163ohCBQeXXOYy9ellk7tOXvTJ4Wan/vertr6rX/exGgUEcnsAgTsU2AgQIECBAIElAYJAkZD+BnAsIDHK+QKZHgECpBQQG3V1+cUF3/Z2dAAECBAgQIDBUQGAwVKP5r7MGBjt37wtjJ86PfFB/zh1rch8ZnHXri5E5nzllcdi3/1DzYMNe+dQ7tcDgGYHBMJnatwKDWBYbCRAgQIAAgQQBgUECkN0E8i4gMMj7CpkfAQJlFhAYdG/1xQXds3dmAgQIECBAgECcgMAgTiV5W9bAoHLk4T8zOmnS4jBu5obcRgYX3rs+jJ6wIBIYrFqb/ukNQ1Wf2lALDJ7e8NXQzb4eEBAYuBUIECBAgACBLAICgyxqxhDIkcDwN4vr3/s0R7MzFQIECJRbQGDQnfUXF3TH3VkJECBAgAABAo0EBAaNdOrv+58FW8L/LtpS/wUN9hw+eixcMu2hyAf2Z0x7JreBwWlTH4vM9bIZj4f+/v4GV5i865mBwKDyJAP/nCggMDjRxBYCBAgQIEAgWUBgkGzkFQRyLSAwyPXymBwBAiUXEBh0/gYQF3Te3BkJECBAgAABAs0ICAyaUTrxNZcu2BL+38JsgUHlaG9s3Rn50H7U+LnhgrvX5S4yOHfGa5F5jpkwN2zftedEkJRbnt24p3qtqwQGsXICg1gWGwkQIECAAIEEAYFBApDdBPIuIDDI+wqZHwECZRYQGHR29cUFnfV2NgIECBAgQIBAGgGBQRqtH1470sCgcqSpC16IfHh/ypTluQoMxs3aGE6evDQyx7tXrv0BYQRf/WNTLTB48u3dIzhK7w4VGPTu2royAgQIECDQTgGBQTt1HZtABwQEBh1AdgoCBAhkFBAYZITLMExckAHNEAIECBAgQIBABwUEBtmwK08vqEQGI/ln99794bTJCyMf4J992+rcRAZn3vxcZG7nTV0aDhw6MpJLPj72uYHA4In1AoPjKEO+EBgMwfAlAQIECBAg0LSAwKBpKi8kkE8BgUE+18WsCBAgUBEQGHTmPhAXdMbZWQgQIECAAAECIxEQGGTTa0VgUDnz8A+Sx0xcGC66752uRwYX3vNmGD1+XiQweHn9B9mwYkY9v/nr6jU+LjCI0Tnxvliz4cPY19lIgAABAgQIEBgqIDAYquFrAgUUEBgUcNFMmQCB0ggIDNq/1OKC9hs7AwECBAgQIECgFQICg2yKrQoMjvX1hUunr4h8kH/6Tau6Hhicel10TpNmPp0Nqs6oF7bUAoPH3vIEgzii4eGJwCBOyTYCBAgQIEBguIDAYLiI7wkUTEBgULAFM10CBEolIDBo73KLC9rr6+gECBAgQIAAgVYKCAyyaf7voi3hf0b4KxIGz7xxx+eRwGDU5XPC+Xe+3rXI4Jw71kTmM3bi/LBz977B6bbk3y8OBAaPvvllS47XawcRGPTairoeAgQIECDQGQGBQWecnYVA2wQEBm2jdWACBAiMWEBgMGLCugcQF9SlsYMAAQIECBAgkEsBgUG2ZfnVoq3hl/M3ZxscM2r6sleiH+pfvSyMm7Wx45HBuJkbwkmTFkfmsvCZN2NmPLJNL22tPcFAYBDvKDCId7GVAAECBAgQaCwgMGjsYy+B3AsIDHK/RCZIgECJBQQG7Vl8cUF7XB2VAAECBAgQINBOAYFBNt1WBwb79h8KZ06JfrB/1q0vdjwwOGPaM5G44JJpD4XDR49lQ2ow6uWt31Sv7ZH/eIJBHJPAIE7FNgIECBAgQCBJQGCQJGQ/gZwLCAxyvkCmR4BAqQUEBq1ffnFB600dkQABAgQIECDQCQGBQTbl/1u8NfxiXuueYFCZxaq1WyMf7o+esCBceO/6jkUGF9y1LowaPzcyhze27swGlDBq9bZaYPDwui8SXlnO3QKDcq67qyZAgAABAiMVEBiMVNB4Al0WEBh0eQGcngABAg0EBAYNcDLsEhdkQDOEAAECBAgQIJATAYFBtoVoR2DQ398fLpvxeOQD/tNueKxjgcEpU5ZHzn3Dghey4TQx6tV3BQaNmAQGjXTsI0CAAAECBOoJCAzqydhOoCACAoOCLJRpEiBQSgGBQeuWXVzQOktHIkCAAAECBAh0Q0BgkE3914u3hp+3+AkGlZls37UnjJkQfYrAeTPWtj0yOPu21ZG44LTJC8Puvfuz4TQxajAweOgNTzCI4xIYxKnYRoAAAQIECCQJCAyShOwnkHMBgUHOF8j0CBAotYDAoDXLLy5ojaOjECBAgAABAgS6KSAwyKb/6/vbExhUZnP3yrWRD/tPnrw0jJu1sW2RwUX3vRPGTFwYOefylzdkg2ly1D/f21u9ngdfFxjEkQkM4lRsI0CAAAECBJIEBAZJQvYTyLmAwCDnC2R6BAiUWkBgMPLlFxeM3NARCBAgQIAAAQJ5EBAYZFuF39y/Nfz33M3ZBieMOnDoSDhv6tLIB/5n3vxc2wKD029aFTnXpdNXhGN9fQmzHNnuf71fCwyWvf75yA7Uo6MFBj26sC6LAAECBAi0WUBg0GZghyfQbgGBQbuFHZ8AAQLZBQQG2e0qI8UFI/MzmgABAgQIECCQJwGBQbbV+O3928LP5m7KNriJUS+v/yDyof/o8fPChfe82fLI4Pw7X4+cZ9Tlc8LGHe3/0P+1gcDggX+3/1xNcOfuJQKD3C2JCREgQIAAgUIICAwKsUwmSaC+gMCgvo09BAgQ6LaAwCD7CogLstsZSYAAAQIECBDIo4DAINuq/HbJtvCzOe0LDCqzmjTz6ciH/6det6KlgUHl1y6MvXpZ5BzTl72SDSTlqLXb91WvZelagUEcncAgTsU2AgQIECBAIElAYJAkZD+BnAsIDHK+QKZHgECpBQQG2ZZfXJDNzSgCBAgQIECAQJ4FBAbZVqcTgcHO3fvC2InzIwHAOXesaVlkcNatL0aOfeaUxWHf/kPZQFKO+vcHtcBgicAgVk5gEMtiIwECBAgQIJAgIDBIALKbQN4FBAZ5XyHzI0CgzAICg/SrLy5Ib2YEAQIECBAgQKAIAgKDbKt02ZJt4adtfoJBZWbDf7500qTFYdzMDSOODC68d30YPWFBJDBYtXZrNowMo14fCAzuf+2zDKN7f4jAoPfX2BUSIECAAIF2CAgM2qHqmAQ6KDD8DeD69z7t4NmdigABAgQaCQgMGumcuE9ccKKJLQQIECBAgACBXhEQGGRbyd8t2RYu6UBgcPjosXDJtIciIcAZ054ZcWBw2tTHIse8bMbjob+/PxtGhlFv7Kg9wWDxvwQGcXwCgzgV2wgQIECAAIEkAYFBkpD9BHIuIDDI+QKZHgECpRYQGDS//OKC5q28kgABAgQIECBQRAGBQbZV+93SbeGS2ZuyDU456o2tOyMxwKjxc8MFd6/LHBmcO+O1yPHGTJgbtu/ak3JWI3v5ug+/rc5/kcAgFlJgEMtiIwECBAgQIJAgIDBIALKbQN4FBAZ5XyHzI0CgzAICg+ZWX1zQnJNXESBAgAABAgSKLCAwyLZ6v1+6rfoBebbR6UdNXfBCJAo4ZcryTIHBuFkbw8mTl0aOdffKteknNMIR/xkIDBb+0xM/4ygFBnEqthEgQIAAAQJJAgKDJCH7CeRcQGCQ8wUyPQIESi0gMEhefnFBspFXECBAgAABAgR6QUBgkG0Vf//Aux0NDHbv3R9Om7wwEgacfdvq1JHBmTc/FznGeVOXhgOHjmRDGMGoNz+qPcFg/hqBQRyjwCBOxTYCBAgQIEAgSUBgkCRkP4GcCwgMcr5ApkeAQKkFBAaNl19c0NjHXgIECBAgQIBALwkIDLKtZqcDg8osh3/oPGbiwnDRfe80HRlceM+bYfT4eZHA4OX1H2QDGOGo9R8LDBoRDl/rNRs+bPRy+wgQIECAAAECVQGBgRuBQMEFBAYFX0DTJ0CgpwUEBvWXV1xQ38YeAgQIECBAgEAvCggMsq3qHzr8BIPKLI/19YVLp6+IBAKn37Sq6cDg1OuiYyfNfDrbxbdg1PqPv6vOe+6rnmAQxykwiFOxjQABAgQIEEgSEBgkCdlPIOcCAoOcL5DpESBQagGBQfzyiwviXWwlQIAAAQIECPSygMAg2+r+cSAw6O/vz3aAjKM27vg8EhiMunxOOP/O1xMjg3PuWBMZN3bi/LBz976Msxj5sLc/qQUGc17dNfKD9eARBAY9uKguiQABAgQIdEBAYNABZKcg0E4BgUE7dR2bAAECIxMQGJzoJy440cQWAgQIECBAgEAZBAQG2Vb5j8verX6o39fhwKAy2+nLXonGAlcvC+NmbawbGYybuSGcNGlxZMzCZ97MduEtGrVhZy0wmP2KwCCOVGAQp2IbAQIECBAgkCQgMEgSsp9AzgUEBjlfINMjQKDUAgKD6PKLC6IeviNAgAABAgQIlElAYJBttS8fDAz6OvsEg8ps9+0/FM6cEg0Gzrr1xbqBwRnTnonEBZdMeygcPnos24W3aNRgYDBrtcAgjlRgEKdiGwECBAgQIJAkIDBIErKfQM4FBAY5XyDTI0Cg1AICgx+WX1zwg4WvCBAgQIAAAQJlFBAYZFv18Q/WnmBwrAuBQWXGq9ZujUQDoycsCBfeu/6EyOCCu9aFUePnRl77xtad2S66haM27dpfnevM1d2fSwsvq2WHEhi0jNKBCBAgQIBAqQQEBqVabhfbiwICg15cVddEgECvCAgMaispLuiVO9p1ECBAgAABAgSyCwgMstl1OzDo7+8Pl814PBIOnHbDYycEBqdMWR55zQ0LXsh2wS0etfnTWmBw38sCgzhagUGcim0ECBAgQIBAkoDAIEnIfgI5FxAY5HyBTI8AgVILCAxCEBeU+n8CLp4AAQIECBAgcFxAYHCcItUX4x98r/ph/tEuPcGgMtntu/aEMROiTyc4b8ba45HB2betjsQFp01eGHbv3Z/qOtv14i0DgcG9LwkM4owFBnEqthEgQIAAAQJJAgKDJCH7CeRcQGCQ8wUyPQIESi1Q9sBAXFDq29/FEyBAgAABAgQiAgKDCEfT30wYDAyO9Tc9ph0vvHvl2khEcPLkpWHcrI3hovveCWMmLozsW/7yhnZMIdMxt372fTWEuEdgEOsnMIhlsZEAAQIECBBIEBAYJADZTSDvAgKDvK+Q+REgUGaBMgcG4oIy3/munQABAgQIECBwooDA4ESTZrZc8VDtCQZHjvU18/K2vebAoSPhvKlLIyHBmTc/F06/aVVk26XTV4Rjfd2d61CEbZ/XAoO7X/xk6GZfDwgIDNwKBAgQIECAQBYBgUEWNWMI5EhAYJCjxTAVAgQIDBMoa2AgLhh2I/iWAAECBAgQIEAgCAyy3QSDgcHho93/0P7l9R9EYoJRl8854fuNOz7PdqFtGvXuQGBw1wsCgzhigUGcim0ECBAgQIBAkoDAIEnIfgI5FxAY5HyBTI8AgVILlDEwEBeU+pZ38QQIECBAgACBugICg7o0DXdMXF57gkEeAoPKRCfNfPqEqGAwNJi+7JWG19KNne99UXuCwd8FBrH8AoNYFhsJECBAgACBBAGBQQKQ3QTyLiAwyPsKmR8BAmUWKFtgIC4o893u2gkQIECAAAECjQUEBo196u0dDAwO5eAJBpU57ty9L4ydOP+EyODMKYvDvv2H6l1G17a//+WBcPHsTeHvz3uCQdwiCAziVGwjQIAAAQIEkgQEBklC9hPIuYDAIOcLZHoECJRaoEyBgbig1Le6iydAgAABAgQIJAoIDBKJYl8waeAJBnkJDCqTHP6zqMoTDFat3Ro7/25v3D4QGMx47uNuTyWX5xcY5HJZTIoAAQIECOReQGCQ+yUyQQKNBYa/qVv/3qeNB9hLgAABAh0TKEtgEB8XLAqV7f4hQIAAAQIECBAgUBEQGGS7DyYtf7/6N/APHunLdoA2jDp89Fi4ZNpDx59icNmMx0N/f38bzjTyQ36wu/YEgzsEBrGYAoNYFhsJECBAgACBBAGBQQKQ3QTyLiAwyPsKmR8BAmUWKENgIC4o8x3u2gkQIECAAAECzQsIDJq3GvrKKx/OX2BQmd8bW3dWA4MxE+aG7bv2DJ1yrr7+8KuD1UDjjn94gkHcwggM4lRsI0CAAAECBJIEBAZJQvYTyLmAwCDnC2R6BAiUWqDXAwNxQalvbxdPgAABAgQIEEglIDBIxXX8xYOBwYHDx45vy8sXUxe8EO5euTYv04mdx2BgcPuzAoM4IIFBnIptBAgQIECAQJKAwCBJyH4CORcQGOR8gUyPAIFSC/RyYCAuKPWt7eIJECBAgAABAqkFBAapyaoDJj9Se4LB9zkMDCrvdw4cOpLtwjo06uM9tScY3PbsRx06Y7FOIzAo1nqZLQECBAgQyIuAwCAvK2EeBDIKCAwywhlGgACBDgj0amAgLujAzeMUBAgQIECAAIEeExAYZFvQPAcG2a6os6M++boWGEx/RmAQJy8wiFOxjQABAgQIEEgSEBgkCdlPIOcCAoOcL5DpESBQaoFeDAzEBaW+pV08AQIECBAgQCCzQFxg8PqOfeH5zXv8aWBw2ZJt4eLZm8JT73zFqYFTvfvo4XVfVP0mLX+fX4zfLSs3hB/f+MTxPyte2575f+MGEiBAgAABAuUREBiUZ61daY8KCAx6dGFdFgECPSHQa4GBuKAnbksXQYAAAQIECBDoikBcYHDdyg+qH/5WPkD3h4F7oPv3wB1PvduV/z44KQECBAgQIFAsAYFBsdbLbAmcICAwOIHEBgIECORGoJcCA3FBbm4rEyFAgAABAgQIFFIgLjB49d1vwmNv7fangcFv7689waDyN/FZpb9X7n/ts2q8Mv7B9/jF3Gd/WrEhnPGnp47/Wf4vTzAo5H9gTZoAAQIECHRYQGDQYXCnI9BqAYFBq0UdjwABAq0T6JXAQFzQunvCkQgQIECAAAECZRWICwzKapHmuq9Zsb36Afl3B4+lGea1AwKf7T1U9fvLUx8yiRF46OUNYdTlc47/WbOBUwyTTQQIECBAgMAwAYHBMBDfEiiagMCgaCtmvgQIlEmgFwIDcUGZ7ljXSoAAAQIECBBon4DAIJvtNY/WAoNvDx7NdoCSj/p83+FqYPDnVT44j7sVBAZxKrYRIECAAAECSQICgyQh+wnkXEBgkPMFMj0CBEotUPTAQFxQ6tvXxRMgQIAAAQIEWiogMMjGOUVgkA1uYNQX39YCgz89uWNEx+nVwQKDXl1Z10WAAAECBNorIDBor6+jE2i7gMCg7cROQIAAgcwCRQ4MxAWZl91AAgQIECBAgACBGAGBQQxKE5sEBk0gNXjJboFBA50QBAYNeewkQIAAAQIE6ggIDOrA2EygKAICg6KslHkSIFBGgaIGBuKCMt6trpkAAQIECBAg0F4BgUE232sHnmCw74BfkZBFcPd3R6q/IuHGJzzBIM5PYBCnYhsBAgQIECCQJCAwSBKyn0DOBQQGOV8g0yNAoNQCRQwMxAWlvmVdPAECBAgQIECgbQICg2y0167cXv2AfK/AIBPgV/trgcENj3+QaXyvDxIY9PoKuz4CBAgQINAeAYFBe1wdlUDHBAQGHaN2IgIECKQWKFpgIC5IvcQGECBAgAABAgQINCkgMGgSatjLrlv5QS0w+N4TDIbRNPXt1wOBwVSBQayXwCCWxUYCBAgQIEAgQUBgkABkN4G8CwgM8r5C5keAQJkFihQYiAvKfKe6dgIECBAgQIBA+wUEBtmMrx8IDL4RGGQC/Pr72hMMrn/MEwziAAUGcSq2ESBAgAABAkkCAoMkIfsJ5FxAYJDzBTI9AgRKLVCUwEBcUOrb1MUTIECAAAECBDoiIDDIxlz5YPzi2ZtC5YNy/6QX2Pv90apf5UkQ/jlRQGBwooktBAgQIECAQLKAwCDZyCsI5FpAYJDr5TE5AgRKLlCEwEBcUPKb1OUTIECAAAECBDokIDDIBi0wyOY2OGrfgVpgcO3K7YOb/HuIgMBgCIYvCRAgQIAAgaYFBAZNU3khgXwKCAzyuS5mRYAAgYpA3gMDcYH7lAABAgQIECBAoFMCAoNs0lMHn2Cw3xMMsgh+e7AWGEx5VGAQ5ycwiFOxjQABAgQIEEgSEBgkCdlPIOcCAoOcL5DpESBQaoE8BwbiglLfmi6eAAECBAgQINBxAYFBNvKpj9d+RcIegUEmwO8OHqv+ioRrVggM4gAFBnEqthEgQIAAAQJJAgKDJCH7CeRcQGCQ8wUyPQIESi2Q18BAXFDq29LFEyBAgAABAgS6IiAwyMZ+w0Bg8JXAIBPg/kO1wOBqgUGsn8AglsVGAgQIECBAIEFAYJAAZDeBvAsIDPK+QuZHgECZBfIYGIgLynxHunYCBAgQIECAQPcEBAbZ7G98fEf1b+B/9Z1fkZBF8PvDtcDgqkfezzK858cIDHp+iV0gAQIECBBoi4DAoC2sDkqgcwICg85ZOxMBAgTSCuQtMBAXpF1BrydAgAABAgQIEGiVgMAgm+SNT9QCg90Cg0yABwYCgysfFhjEAQpOlUMxAAAYU0lEQVQM4lRsI0CAAAECBJIEBAZJQvYTyLmAwCDnC2R6BAiUWiBPgYG4oNS3oosnQIAAAQIECHRdQGCQbQkEBtncBkcdPNJXfQKEwGBQJPpvgUHUw3cECBAgQIBAcwICg+acvIpAbgUEBrldGhMjQIBAyEtgIC5wMxIgQIAAAQIECHRbQGCQbQVuGnyCwbeHsx2g5KMOHa0FBpOWv1dyifjLFxjEu9hKgAABAgQINBYQGDT2sZdA7gUEBrlfIhMkQKDEAnkIDMQFJb4BXToBAgQIECBAIEcCAoNsi/GnJ2u/IuFLgUEmwMMDgcEVDwkM4gAFBnEqthEgQIAAAQJJAgKDJCH7CeRcQGCQ8wUyPQIESi3Q7cBAXFDq28/FEyBAgAABAgRyJSAwyLYcg4HBFwKDTIBHj/VXf0WCwCCeT2AQ72IrAQIECBAg0FhAYNDYx14CuRcQGOR+iUyQAIESC3QzMBAXlPjGc+kECBAgQIAAgRwKCAyyLcq0gScYfLHPr0jIIni0rxYYjH/QEwzi/AQGcSq2ESBAgAABAkkCAoMkIfsJ5FxAYJDzBTI9AgRKLdCtwEBcUOrbzsUTIECAAAECBHIpIDDItix/XvVh9W/gfy4wyATYNxAYXL7s3Uzje32QwKDXV9j1ESBAgACB9ggIDNrj6qgEOiYgMOgYtRMRIEAgtUA3AgNxQeplMoAAAQIECBAgQKADAgKDbMgCg2xug6P6+2tPMPijwGCQJPJvgUGEwzcECBAgQIBAkwICgyahvIxAXgUEBnldGfMiQIBACJ0ODMQF7joCBAgQIECAAIG8CggMsq3MYGDw2V6/IiGbYKg+AeIPD3iCQZyfwCBOxTYCBAgQIEAgSUBgkCRkP4GcCwgMcr5ApkeAQKkFOhkYiAtKfau5eAIECBAgQIBA7gUEBtmW6C9P1X5Fwmd7D2U7gFHVwOD3S7eRiBEQGMSg2ESAAAECBAgkCggMEom8gEC+BQQG+V4fsyNAoNwCnQoMxAXlvs9cPQECBAgQIECgCAICg2yrdPNAYPCpwCAbYAjhkjmbwu8EBrF+AoNYFhsJECBAgACBBAGBQQKQ3QTyLiAwyPsKmR8BAmUW6ERgIC4o8x3m2gkQIECAAAECxREQGGRbq8HAYNc3nmCQTTCEn87ZFC5b4gkGcX4CgzgV2wgQIECAAIEkAYFBkpD9BHIuIDDI+QKZHgECpRZod2AgLij17eXiCRAgQIAAAQKFEhAYZFuuW56u/YoEgUE2v8qon83dFH57v8AgTlBgEKdiGwECBAgQIJAkIDBIErKfQM4FBAY5XyDTI0Cg1ALtDAzEBaW+tVw8AQIECBAgQKBwAgKDbEs2GBjs/NoTDLIJhvDzeZvDb+7fmnV4T48TGPT08ro4AgQIECDQNgGBQdtoHZhAZwQEBp1xdhYCBAhkEWhXYCAuyLIaxhAgQIAAAQIECHRTQGCQTf+Wpz8KF8/eFAQG2fwqoyqBwa8XCwziBAUGcSq2ESBAgAABAkkCAoMkIfsJ5FxAYJDzBTI9AgRKLdCOwEBcUOpbysUTIECAAAECBAorIDDItnS3PlMLDD7xBINsgCGEX87fHH61SGAQBygwiFOxjQABAgQIEEgSEBgkCdlPIOcCAoOcL5DpESBQaoFWBwbiglLfTi6eAAECBAgQIFBoAYFBtuWbfjwwOJjtAEaF/1mwRWBQ5z4QGNSBsZkAAQIECBBoKCAwaMhjJ4H8CwgM8r9GZkiAQHkFWhkYiAvKex+5cgIECBAgQIBALwgIDLKt4mBg8PEegUE2wRAuXbAl/L+FW7IO7+lxAoOeXl4XR4AAAQIE2iYgMGgbrQMT6IyAwKAzzs5CgACBLAKtCgzEBVn0jSFAgAABAgQIEMiTgMAg22rc9mztVyQIDLL5VUZV4oJKZOCfEwUEBiea2EKAAAECBAgkCwgMko28gkCuBQQGuV4ekyNAoOQCrQgMxAUlv4lcPgECBAgQIECgRwQEBtkWcjAw+OgrTzDIJhjC/y4SGNSzExjUk7GdAAECBAgQaCQgMGikYx+BAggIDAqwSKZIgEBpBUYaGIgLSnvruHACBAgQIECAQM8JCAyyLentA08wEBhk86uM+tWireGX8zdnP0APjxQY9PDiujQCBAgQINBGAYFBG3EdmkAnBAQGnVB2DgIECGQTGElgIC7IZm4UAQIECBAgQIBAPgUEBtnW5fZnPw4Xz94UPvQEg2yAIYT/W7w1/GKewCAOUGAQp2IbAQIECBAgkCQgMEgSsp9AzgUEBjlfINMjQKDUAlkDA3FBqW8bF0+AAAECBAgQ6EkBgUG2Zf3rPwQG2eR+GPXr+7eGnwsMfgAZ8pXAYAiGLwkQIECAAIGmBQQGTVN5IYF8CggM8rkuZkWAAIGKQJbAQFzg3iFAgAABAgQIEOhFAYFBtlW9YyAw2LH7QLYDGBV+c//W8N9zPcEg7lYQGMSp2EaAAAECBAgkCQgMkoTsJ5BzAYFBzhfI9AgQKLVA2sBAXFDq28XFEyBAgAABAgR6WkBgkG1573iu9gSDDwQG2QBDCL9dsi38bM6mzON7eaDAoJdX17URIECAAIH2CQgM2mfryAQ6IiAw6AizkxAgQCCTQJrAQFyQidggAgQIECBAgACBgggIDLItlMAgm9vQUb9bsi38VGAwlOT41wKD4xS+IECAAAECBFIICAxSYHkpgTwKCAzyuCrmRIAAgZpAs4GBuMAdQ4AAAQIECBAg0OsCAoNsK/w3TzDIBjdk1O+WbguXzPYEgyEkx78UGByn8AUBAgQIECCQQkBgkALLSwnkUUBgkMdVMScCBAjUBJoJDMQF7hYCBAgQIECAAIEyCAgMsq3yjIHAYPuXB7IdwKjw+wfeDRcLDGLvBIFBLIuNBAgQIECAQIKAwCAByG4CeRcQGOR9hcyPAIEyCyQFBuKCMt8drp0AAQIECBAgUC4BgUG29Z7x/CfVD8ffFxhkAwwh/FFgUNdOYFCXxg4CBAgQIECggYDAoAGOXQSKICAwKMIqmSMBAmUVaBQYiAvKele4bgIECBAgQIBAOQUEBtnW/e+DgcEXnmCQTTCEPy6rPcGgr78/6yF6dpzAoGeX1oURIECAAIG2CggM2srr4ATaLyAwaL+xMxAgQCCrQL3AQFyQVdQ4AgQIECBAgACBogoIDLKt3N9fqD3B4L0vvs92AKPC+AdrgcGxPoHB8NtBYDBcxPcECBAgQIBAMwICg2aUvIZAjgUEBjleHFMjQKD0AnGBgbig9LcFAAIECBAgQIBAKQUEBtmWfTAweFdgkA0whDDhwfeqv2biqMDgBEOBwQkkNhAgQIAAAQJNCAgMmkDyEgJ5FhAY5Hl1zI0AgbILDA8MLp72YDj9qoVh1OVzjv85/apFoRId+IcAAQIECBAgQIBALwsIDLKt7p0DTzAQGGTzq4y64qFaYHDkWF/2g/ToSIFBjy6syyJAgAABAm0WEBi0GdjhCbRbQGDQbmHHJ0CAQHaB4YHB0LCg8rW4ILutkQQIECBAgAABAsUSEBhkW6+7BgODz/2KhGyCIUxcXgsMDh8VGAw3FBgMF/E9AQIECBAg0IyAwKAZJa8hkGMBgUGOF8fUCBAovUCjwEBcUPrbAwABAgQIECBAoFQCAoNsy33Xi59UH++/TWCQDTCEMGn5+1XDg0cEBsMRBQbDRXxPgAABAgQINCMgMGhGyWsI5FhgeGBwznVLwo2LXvSHgXvAPeAeyME98Ie7njz+qxCGPr1AXJDj/8NqagQIECBAgAABAm0REBhkY717MDD4zBMMsgmGcOXDAoN6dgKDejK2EyBAgAABAo0EBAaNdOwjUACB4YHB0A+wfP3D7zhnwcI94B7Iyz0gLijA/3E1RQIECBAgQIAAgZYLCAyykd7z0s7q377fKjDIBhhCmPxILTD4/vCxzMfo1YECg15dWddFgAABAgTaKyAwaK+voxNou4DAwIemefnQ1Dzci+6B5u6BLR992fb/2+AEBAgQIECAAAECBPImIDDItiKDgcGWz/ZnO4BR4aqBwGD/IYHB8NtBYDBcxPcECBAgQIBAMwICg2aUvIZAjgUEBs19oOeDT07uAfdAt+8BTy7I8f8xNTUCBAgQIECAAIG2CwgMshELDLK5DR11zYrt1adACAyGqtS+FhicaGILAQIECBAgkCwgMEg28goCuRY4cOhI2LPve38YuAfcA+6BnN8D+w8ezvX/PTE5AgQIECBAgAABAu0UEBhk07134FckbPnUEwyyCYZwzaO1wODbg0ezHqJnxwkMenZpXRgBAgQIEGirgMCgrbwOToAAAQIECBAgQIAAAQIECBAgQICAwCDbPXDfyzurf/t+s8AgG2AI4dqBwGDfAYHBcESBwXAR3xMgQIAAAQLNCAgMmlHyGgIECBAgQIAAAQIECBAgQIAAAQIEMgsIDLLRDQYGm3Z5gkE2wRCuW/lBNdLYKzA4gVBgcAKJDQQIECBAgEATAgKDJpC8hAABAgQIECBAgAABAgQIECBAgACB7AICg2x2M1fXnmAgMMjmVxl1/UBg8M33nmAwXFFgMFzE9wQIECBAgEAzAgKDZpS8hgABAgQIECBAgAABAgQIECBAgACBzAICg2x0s1bvqv7t+42eYJANMIQw9bHaEwy+3n8k8zF6daDAoFdX1nURIECAAIH2CggM2uvr6AQIECBAgAABAgQIECBAgAABAgRKLyAwyHYLDAYGG3Z+l+0ARoUbHq8FBnsEBifcDQKDE0hsIECAAAECBJoQEBg0geQlBAgQIECAAAECBAgQIECAAAECBAhkFxAYZLMTGGRzGzrqxsd3VJ8C8dV3nmAw1KXytcBguIjvCRAgQIAAgWYEBAbNKHkNAQIECBAgQIAAAQIECBAgQIAAAQKZBQQG2ehmv1L7FQmeYJDNrzLqpidqgcHubw9nP0iPjhQY9OjCuiwCBAgQINBmAYFBm4EdngABAgQIECBAgAABAgQIECBAgEDZBQQG2e6AwcDgnU/8ioRsgiH86claYPClwOAEQoHBCSQ2ECBAgAABAk0ICAyaQPISAgQIECBAgAABAgQIECBAgAABAgSyCwgMstnNebX2BIO3BQbZAEMI0wYCgy/2eYLBcESBwXAR3xMgQIAAAQLNCAgMmlHyGgIECBAgQIAAAQIECBAgQIAAAQIEMgsIDLLRzRUYZIMbMurPqz4MF8/eFD7bKzAYwlL9UmAwXMT3BAgQIECAQDMCAoNmlLyGAAECBAgQIECAAAECBAgQIECAAIHMAgKDbHSDgcH6j/2KhGyCIdz81GBgcCjrIXp2nMCgZ5fWhREgQIAAgbYKCAzayuvgBAgQIECAAAECBAgQIECAAAECBAgIDLLdA3Nf/bT6t+8FBtn8KqMGA4Nd3wgMhisKDIaL+J4AAQIECBBoRkBg0IyS1xAgQIAAAQIECBAgQIAAAQIECBAgkFlAYJCNbt6awcDg22wHMCrc8vRH1Uhj59cCg+G3g8BguIjvCRAgQIAAgWYEBAbNKHkNAQIECBAgQIAAAQIECBAgQIAAAQKZBQQG2ejmDwQGb30kMMgmGML0Z2qBwScCgxMIBQYnkNhAgAABAgQINCEgMGgCyUsIECBAgAABAgQIECBAgAABAgQIEMguIDDIZjcYGLwpMMgGGH4IDD7eczDzMXp1oMCgV1fWdREgQIAAgfYKCAza6+voBAgQIECAAAECBAgQIECAAAECBEovIDDIdgss+GftVyQIDLL5VUbd/mztCQYffSUwGK4oMBgu4nsCBAgQIECgGQGBQTNKXkOAAAECBAgQIECAAAECBAgQIECAQGaB4YHB+HueCv39/f4kGAw+wWDdh/tYJVjVu58GA4Mduw8wHGb40EvvhFGXzzn+Z82GDzP/b9xAAgQIECBAoDwCAoPyrLUrJUCAAAECBAgQIECAAAECBAgQINAVgeGBwdAPNX39wwe8wy3OvOX5cPHsTeGUax85/iHw8Nf4vr5fxebs21+pGp581VKGQ2KCuPtGYNCV/zw6KQECBAgQKJyAwKBwS2bCBAgQIECAAAECBAgQIECAAAECBIolIDBo/CF43Ie9lW0nT15SjQvGXLHQh+MJH47XMxx71QNVw9ET5jNMMBQYFOu/q2ZLgAABAgS6JSAw6Ja88xIgQIAAAQIECBAgQIAAAQIECBAoiYDAIFtgUO9Dc9t5tuMeEBiU5D/ILpMAAQIECIxQQGAwQkDDCRAgQIAAAQIECBAgQIAAAQIECBBoLNDX1x8uv3uVPwzcAzm+Bzbu+Lzx/5DtJUCAAAECBAiEEAQGbgMCBAgQIECAAAECBAgQIECAAAECBAgQIECAAAECBAgQIEAgUUBgkEjkBQQIECBAgAABAgQIECBAgAABAgQIECBAgAABAgQIECBAgIDAwD1AgAABAgQIECBAgAABAgQIECBAgAABAgQIECBAgAABAgQIJAoIDBKJvIAAAQIECBAgQIAAAQIECBAgQIAAAQIECBAgQIAAAQIECBAQGLgHCBAgQIAAAQIECBAgQIAAAQIECBAgQIAAAQIECBAgQIAAgUQBgUEikRcQIECAAAECBAgQIECAAAECBAgQIECAAAECBAgQIECAAAECAgP3AAECBAgQIECAAAECBAgQIECAAAECBAgQIECAAAECBAgQIJAoIDBIJPICAgQIECBAgAABAgQIECBAgAABAgQIECBAgAABAgQIECBAQGDgHiBAgAABAgQIECBAgAABAgQIECBAgAABAgQIECBAgAABAgQSBQQGiUReQIAAAQIECBAgQIAAAQIECBAgQIAAAQIECBAgQIAAAQIECAgM3AMECBAgQIAAAQIECBAgQIAAAQIECBAgQIAAAQIECBAgQIBAooDAIJHICwgQIECAAAECBAgQIECAAAECBAgQIECAAAECBAgQIECAAAGBgXuAAAECBAgQIECAAAECBAgQIECAAAECBAgQIECAAAECBAgQSBQQGCQSeQEBAgQIECBAgAABAgQIECBAgAABAgQIECBAgAABAgQIECAgMHAPECBAgAABAgQIECBAgAABAgQIECBAgAABAgQIECBAgAABAokCAoNEIi8gQIAAAQIECBAgQIAAAQIECBAgQIAAAQIECBAgQIAAAQIEBAbuAQIECBAgQIAAAQIECBAgQIAAAQIECBAgQIAAAQIECBAgQCBRQGCQSOQFBAgQIECAAAECBAgQIECAAAECBAgQIECAAAECBAgQIECAgMDAPUCAAAECBAgQIECAAAECBAgQIECAAAECBAgQIECAAAECBAgkCggMEom8gAABAgQIECBAgAABAgQIECBAgAABAgQIECBAgAABAgQIEBAYuAcIECBAgAABAgQIECBAgAABAgQIECBAgAABAgQIECBAgACBRAGBQSKRFxAgQIAAAQIECBAgQIAAAQIECBAgQIAAAQIECBAgQIAAAQICA/cAAQIECBAgQIAAAQIECBAgQIAAAQIECBAgQIAAAQIECBAgkCggMEgk8gICBAgQIECAAAECBAgQIECAAAECBAgQIECAAAECBAgQIEBAYOAeIECAAAECBAgQIECAAAECBAgQIECAAAECBAgQIECAAAECBBIFBAaJRF5AgAABAgQIECBAgAABAgQIECBAgAABAgQIECBAgAABAgQICAzcAwQIECBAgAABAgQIECBAgAABAgQIECBAgAABAgQIECBAgECigMAgkcgLCBAgQIAAAQIECBAgQIAAAQIECBAgQIAAAQIECBAgQIAAAYGBe4AAAQIECBAgQIAAAQIECBAgQIAAAQIECBAgQIAAAQIECBBIFBAYJBJ5AQECBAgQIECAAAECBAgQIECAAAECBAgQIECAAAECBAgQICAwcA8QIECAAAECBAgQIECAAAECBAgQIECAAAECBAgQIECAAAECiQICg0QiLyBAgAABAgQIECBAgAABAgQIECBAgAABAgQIECBAgAABAgQEBu4BAgQIECBAgAABAgQIECBAgAABAgQIECBAgAABAgQIECBAIFFAYJBI5AUECBAgQIAAAQIECBAgQIAAAQIECBAgQIAAAQIECBAgQICAwMA9QIAAAQIECBAgQIAAAQIECBAgQIAAAQIECBAgQIAAAQIECCQKCAwSibyAAAECBAgQIECAAAECBAgQIECAAAECBAgQIECAAAECBAgQEBi4BwgQIECAAAECBAgQIECAAAECBAgQIECAAAECBAgQIECAAIFEAYFBIpEXECBAgAABAgQIECBAgAABAgQIECBAgAABAgQIECBAgAABAv8fGfcL8hIfBSoAAAAASUVORK5CYII=</file>
    </questiontext>
    <generalfeedback format="html">
      <text></text>
    </generalfeedback>
    <defaultgrade>1.0000000</defaultgrade>
    <penalty>0.3333333</penalty>
    <hidden>0</hidden>
    <idnumber></idnumber>
    <single>false</single>
    <shuffleanswers>true</shuffleanswers>
    <answernumbering>none</answernumbering>
    <showstandardinstruction>0</showstandardinstruction>
    <correctfeedback format="html">
      <text>Your answer is correct.</text>
    </correctfeedback>
    <partiallycorrectfeedback format="html">
      <text>Your answer is partially correct.</text>
    </partiallycorrectfeedback>
    <incorrectfeedback format="html">
      <text>Your answer is incorrect.</text>
    </incorrectfeedback>
    <shownumcorrect/>
    <answer fraction="50" format="html">
      <text><![CDATA[<p dir="ltr" style="text-align: left;">A</p>]]></text>
      <feedback format="html">
        <text></text>
      </feedback>
    </answer>
    <answer fraction="0" format="html">
      <text><![CDATA[<p dir="ltr" style="text-align: left;">B</p>]]></text>
      <feedback format="html">
        <text></text>
      </feedback>
    </answer>
    <answer fraction="50" format="html">
      <text><![CDATA[<p dir="ltr" style="text-align: left;">C</p>]]></text>
      <feedback format="html">
        <text></text>
      </feedback>
    </answer>
    <answer fraction="0" format="html">
      <text><![CDATA[<p dir="ltr" style="text-align: left;">D</p>]]></text>
      <feedback format="html">
        <text></text>
      </feedback>
    </answer>
    <answer fraction="0" format="html">
      <text><![CDATA[<p dir="ltr" style="text-align: left;">E</p>]]></text>
      <feedback format="html">
        <text></text>
      </feedback>
    </answer>
  </question>

<!-- question: 126838  -->
  <question type="multichoice">
    <name>
      <text>Question 28</text>
    </name>
    <questiontext format="html">
      <text><![CDATA[<p dir="ltr" style="text-align: left;"><span>T</span>he grey plane slices a cross-section out of the object depicted in the image shown. Imagine you are facing the slicing plane head-on. Select the cross-section you would see.<strong> Select the correct answer from the available options.</strong><br></p><p dir="ltr" style="text-align: left;"><strong><img src="@@PLUGINFILE@@/28.PNG" alt="" role="presentation" class="img-fluid"><br></strong></p>]]></text>
<file name="28.PNG" path="/" encoding="base64">iVBORw0KGgoAAAANSUhEUgAAAzUAAAI9CAYAAAADyFY1AAAAAXNSR0IArs4c6QAAAARnQU1BAACxjwv8YQUAAAAJcEhZcwAADsMAAA7DAcdvqGQAAP+lSURBVHhe7N31f5znmff95x94Xs99d9sYxDwgtB1o2i0tdLu73ba75TZJ08ROzChmZrKMslgyy8xMklFmZnZiZov1fY7jvOYajWTJlh3bGmcPtZ/OaGYkTzz54Xr3pP+nra0NkiRJ0ptJvuSru6+u/n2RJEmSepagRpIk6Q0mX/LV3VdX/75IkiRJPUtQI0mS9AaTL/nq7qurf18kSZKkniWokSRJeoPJl3x199XVvy+SJElSzxLUSJIkvcHkS766++rq3xdJkiSpZwlqJEmS3mDyJV/dfXX174skSZLUswQ1kiRJbzD5kq/uvrr690WSJEnqWYIaSZIkya5rbW213ra0tKhbHQF8n2tubrZ+//jxY1y/fh0nT55EbW0tjh8/jocPH6rX6D8nSZIkfbsS1EiSJEl2XUuLhhr6rzV2jY4c/r6pqRmPHj3G1avXUFe3F8uXL0dFRQWKioqwY8cOBR3+4tdrP/P0nyNJkiS9vQlqJEmSJLuOv1pb29Dc3EIxcDTY8BcD5c6dezh16gx27tyN1avXYubM2SguLkFhYSGmTZuGXbt24cmTJ1YECWokSZK+fQlqJEmSJLuupYWnlenTxhgybXj8+AmuXfsa+/cfxMaNmzF37nyUlparysoqUFJSRpWo0ZpDhw6hvr4ejY2NCkKdf78kSZL09ieokSRJkuw6DTV824IHDx7j9Omz2LRpq4JMYWGRaurU6XRbrEBTXl5JoClFcXEx5s+fjwsXLqjfw6jh0ZrOv1+SJEl6+xPUSJIkSXYbg+bB/ce4eOEq6vYcwLq1mzBv7kIUTi/BpIJpmDplBopmlKlKSypRUT4LpaWVKCoqUVPQ5s6di4sXL6rfxRsFyPQzSZKkb2eCGkmSJOmVxqMhzxoR4VEXzvYx3gzA9rGGhgbcuXMXV65cw+5d+7B40XJMn1aM/LzJmDK5EDMKS1FSXIGy0ipVcVG5qrxsJlWlpp8VFs5AZWUlTp06ZfkzWmT6mSRJ0rc0QY0kSZL0StNRo8eYaGpqorSdyjh6mB7n1ytnKNTwDma8VubWrds4cuSYWvTPU8wYKzwqk5c7CZMnTbeOzHA6Zhg4HI/WlJZoa2p457OZM2cq1PD74PfQ1fuVJEmS3v4ENZIkSdIri/HAt/pXR9zYro/RvucvfvmTJ/U4e/Y8amq2Y/HipSguLkVWVg5SU9ORlZmHgolT1UgNTzvjeKRGB82zUFNVVaXOqxHUSJIkfbsT1EiSJEmvrM6osb3PXzxa09jIB2VCbdF8+/ZdnD9/EVu31qitmLOzc5GSkqZhhlCTmzsRuTkFaoSG18/wiA2nTz/rDjW8C9qMGUVq97MTJ04QoHg7aO2ATkmSJOnbl6BGkiRJemXpX3yfEaEvzteeZ8ho08zu33+oppgtXbpcjcoUFExGRkYW0tMzkZOTp2LUZGflYmL+FDVSw5hh3EybWqSmnvUENWVlZTh27JigRpIk6VueoEaSJEl6hWkHZfL0Mv6ev/h7HTKXL1/FgQOHsHLlakyZMk2NyDBmeISGb7XRmXwrbPh+dla+Wk/DqGHQ8CjN89bUMGp4owA+q+bIkSMKNe24kiRJkr5tCWokSZKkF0xbB9Nd+toZvs+Y0aeY8XqZOXPmYdKkKQosaWkZamQmL2+i+p5ho2MmMzNbAYefY9TwFDTe+YxHbPTdz3TQdD9So6Hm8OHDghpJkqRveYIaSZIk6an4i29t18jwfZ7CxSMv/MUP83QyHTD6Y1xDQxNu3bqDY8dOYM2adaiqmmWdYsajM4wWHoVhtOTnF2hTzWxQw9/za/l1mRm51tEanorGqOHNAvTRmqdHbOh+calCDR/AuX//fus/hyRJkvTtTFAjSZIkPZW+BoVvbUHA39t+0VP0uHafp5zxJgDXr98kSBzEihWr1On++siMPvqix4jpHD+uIGMpIyMb6Wn0c5l5arSGR2p4wwDeCa37aWg6aooUavbu3avet+0/nyRJkvTtSlAjSZIkPVXnXcz4S3+OR2dayTZtDJpWei1h5tHDely9ch2bNm5TB2UyLhghaalZyEjnBf/aqAyn1skQYDS00POWtTS2oNEfz0jP6vA79MM3XwY1MlojSZL07U1QI0mSJD03RoEVBgozQEN9E27euIszpy9gx/Y9WLZ0lVrMz/Bg0HA8ZYy/52ljPM2sO9TYYobX2VhLy0RqCt/ScwSbnOyJage0nk0/01BTV1dn3fnMFmeSJEnStydBjSRJkvRUDBjb6WftoxzA40f1uHP7Pk6fOo/Nm2pQPX8xykqrrNPC9PNkGDKMGj2egtZ5qpk+OqMjhjcP0OO1NypCTUoyfU+3vL6Gp6D1BDVFRcWCGkmSpP8lCWokSZKkp2LE6KDhL759+PAhvv76Og7sP4Lamt1Yvmw1KspnWVDBO49VYcrkGdYmTypUsMnOmqhGWTpPMbMdnbEChuLDN7nk5FSK7hNokhLp+6R0NWLDIz+MJ0ZMd6gpKaHHCTVFRUXYs2cPmpqarP8sXf3zSpIkSW93ghpJkiQ7qhWW2ggSepbH2tp4IUszRbe8qIWfbOEX8HwwXgjfHpGkQ7bPafGjAP02NFpurb+P/xjtBi30RGNDC27evI0DBw5g2bJlmDtvEWbNXYiyirkoLp2F8sp5KK2Yg+kzKjBlWikmEmhy86chM2cKMrKn0O1UZOVPR1rOJKRmT0RKVh5SMnOQnJ6F5LRMS+mqpNQ0VWJKqiohJQPxqVmISc5GTEoOEjImIm1iIfJmzMSk0rmYWELRbUHZXPX95LI5qqllszC1pIIqR+3efXhM/1wN+j+TJdu/4/bPQLvPD2qfB/9lUPx3bPm7oQctd3n0ip/j9J+XJEmSeiNBjSRJkp3EcGmmS+Vmum2ia2c9BkcL/aeN+dH6CK0N99FW/4SepKvrevq5h/VobqLH2+rpNQ30yif0yif0c410v0nVSt+18m1bI12DN6KpqQFPWlpwn373TeoBXaSj3nLnMW/V3Iav7zfg5KmrqNt9BGvXbiHMVKO0vAwls+dgxpxqFM6qxtRKxsRM5BdWIHtKKdILipE6sQgJudMRnT0VEZmTEZZegNCMyZiQMRVj0ydjTEoexiRlYlxiGiYkJCMkIRHjomMwngqOpeLiEBwfj/HUmLgkDIlKw6dRmfhbTC4+S56GoTkzMXLaYowpWYXRxasxtnQNJlSsQejMdYiYvQ4xc9Yhac5qJJYtRGrlIiyuO4YL9Pd0h/7R7nL018b/mA30j2v9+6Xvm+h/mugbtUV1Syv9XfFnwSM89PfeSK98TC96SH/f9O0T+pu+29ZAr39EP8CfC0Px6c9UkiRJejMJaiRJkuwkHTVNGl+sF93ahTefD0PaAF9EU430LD/BL6rnkQICTesTurZ+TN8+wePWBnplCx7Qb71Dv+82vcwaXZvfoC7Txf0JuoDfTbg53NiMe7fpZy4/xI0Ld1B34jIWbT+A0rlrMLl4HnJmVCCvuBRTq6qQU1aFTIJMRslMpNLjyYSZhPwixGZPR2jqZASnTMLYxHyMiM/Fl7FZGBybgc9jM/EZ3f80OgN/i0jBx6Fx+GRCJD4ZF4pPxk7ApxPodnwI/jIuGH8YMwG/HROM/xk9Af8+LhL/RKj5cVwufpI0DT/NLMdPJ1bjp9NW4GdF6/FPpZvwzxWb8fOZm/Cfszfj13M347fzNuPPC7biz/M24uPqzQjdehT5J25ixoV7KL/8AAtuNmDVgxZsaWjBToLhfgLcYforPEF/H+fo7+UK9TX1Ff1dXaG/u+v02Txm7Nynz+kh/dXTa+/Sc9fbmtDQQA884c9EUCNJktSbCWokSZLsJEYNj8gwanTMcHQNjRa6gG5sekive4zWtgY0t7agkS7C6bqcLrJ5YX+TqrG1mQdaFF744vw0XYwfIPjseAKse9iKJXdaMO9GE6q+bkTh1Xpk0oV+9LnLSD96CnNrD2LJ2l2YtWwzMuYvR+TMasQWzUNiyXwklM9DLGEmrqQcMYXUtErEUtGTyxCZX4zwrEKEZEzD2OQCjEmaiBFxOfgyhkATmY5PI1LxGUHms9B4fB4Sh88mRONv4yLw0ZhQ/GVMCP5I/W5sGH49NgL/PiYK/zImBv80Lh4/CU7Ge/Q7zLkz4DOlEqaiapgqV8Jn9kZ4zd0Cz/nb4b1kNwzL6mBeWQf/1XUYsLYOg9bV4d2NRzBw4ykM2ngaP6y5iB/VXsBPas7j3+su49f7r+K3+6/hoyM38NmJWxh29h7GXnqM8Gv093GnEVPvNqLsfiPm1DdhcXMrNtPf4xHqGv1d3qPb6/R3e5E+o6tt9Bk004P1RNAWnorW9ecqSZIkvf4ENZIkSXYSo4bXcPD0M7pUVjFo6CmqGS3NTwgw9ain+w/o8VvUVeoSdZk6Q8g50NiGmsctWE4X5ZW3niDn0kNEnbqPUcce4JP99/A/u27jP2pv4ufbbuAXW6/h37eewz/XHMb/rN+JkLlrkVi6BPHF8xFcMQ9jCTWRFYsRV7UcUbOWIqyyGsHFsxA2Yw4iqMjpsxExdSbCCsoRmluC4KwZGJ08CaMSJ2IYoeYLAsnnjJpIQk14MoYER+GLCREYPD4Cn44Lw0fjwvGH8ZH4DSHn38bF4GfBSfjHsEx8GF2AHyQW4YcZMzFoUjV8KlbAY846eC3YCg9CjNuKA3BeeQROq4/DZcMpuG46A/etZ+FdcwbG7Wdhpvx2fQ2/3Y/o9gkC9jyG7/Z7MG+7jaAddzFg+x0MrLmB9+jv4YOam/h+7Q38487b+FndPfz8wF388uAt/P7wTXx8+ha+vHYP4bceIffmY8y53oB191uxlaS5h/6+T1H8OTTX0ydFf/ddfaaSJEnSm0lQI0mSZEdpqOEVMDw6QxfKdLGsZNNK5GltRn1LE+7Tg1/TQyep7dQKer7iHpB/rQExp25jxMFr+GjvZfxmz2X8y+6r+AFd4A/cdRPm3bfhs+sevOoewWfvE/jueIiBdJH/Xt1X+PnW4xg6bxsiy1YioXIZIucsQej8ZYiqWIaI4sUILlmE4DKqdCFCihcgtKiacDMPYdPmIKSgChNyyzAuqwgjEgswPD5PjdJ8HkWgCU/BJ+FJ+FtoHAZPiMRn40Px8dhQ/GlMCH4zNhz/Pj4a/xScgB9FZuOD2MkYmFyKoKx5CJq0AoOKNiGgsgbGBTvhtagOnksPwmPFcXisPge3dZfhuvEaXDd/BbetX8Oj5jq8aq/DsOM6jDtvwHfXQ0JNK/xJH0F7gYH72jBob6vq/X2t+P6BVny4vwXf39uC9/c04/sUfz9gfxP89z+hn7mHoAM3MfDIV/jh0Wv4D/o7/Zj+nkbuv46ws7eRfech5jY04lBrG+630Kem4Nn1ZypJkiS9/gQ1kiRJdhXvqcWL1C2g0VFDV82t1GN6ghf2H6YWP2pD9tWHGHP6EX639yH+fdcD/GTbTby/iRCz7ToG7byLAXsewn/vI5j3PYJx/2MYDzyB4WADTAebYKYL/IC6Ngw4+AQ/r72MEQv2IK58HVIJMjHl1YiZuRAZlSuQVrIMCaXLEUeFz1iE0BnzEVI0FyGFcxA8ZRbG55djbNYMjEqbiuEJeRgan40hMRn4LDIZfwtPxEdh8fhraAz+GhaDPwRH4zcTovAfE6Lxr4SdnxF+/jFpMn6QU4V3Jy1AUOFK+JVvge/s3fCrPgD/hUcQtPQEBiw/jQErLyBo7TUErb+JgE134b/5Afy20D/ftocIqH2EoB2PMHDnQwza/Yj+uZ/Ab28D/PY1ElKaEHSoBYOOAAMOtSHoYCvdtmAg/SVy/Ngg6r2j9D0VdJS+p4JOtsDvTAP8zzzGe6ce4WdH7uOnjMS95/DPh8/gLydOY8qNuzhNnwlP+ev685QkSZLeRIIaSZIku0pbcN4RNfRNUyuaG5rwkO7zdLNVD5oQdeQSfrXlCN5bfw5+2x7BfzddiO8DAg60we8A4E8X8X50sW4+0AzfQ00IONSMwEONhJhGBNFjAfRaP8p3fyP+qeYqRi06gOTKDcgsXYTk0rlIqZyP3OKFyJwyDylTFyK1aBmSipYisnAeImbMRvj0WQiZUoHxeUUYkzkVI9MKMDguE3+PTsUnEYmEmFj8MSQKvw+OwK9DYvDzkHj8JDQRPwxLxodRmfh+8mR8mFOG9yfPx8Ci5fAv3wDTnO0wLNoLn+VH4b3qJIwrzyBw+XkMWnUF7667jnc33cGgLfcxYOtDBG59jKCaJxiwvQFBO+sxaFcD3ttD1TVg4MF6+B97At9jj2A68gDmo4/hd7yeaoDvcYLOSfrnP9VKYGmD/2n6OztDuDkHDDoFvHcc+PAE8C497nsBMF1spdsWfHChDe+fbcLAy/UYcOEmBu07is8PncPKx81q44CnP0tJkiTpTSWokSRJsqOUZijLDT3GqCHZNLeglWDzsAU41dyGiUfO4b8Wb8G/7TyDDw8+gN/RNhiOAt4EGc/DFN36UIbDrTAebIYfFUgNONCEAfvqEVRHF/17W+DL+DnciH/ZfhUjF9YhsWwlMormIrV8piqvcA7yps1FxvT5SCucj2QqbnoV4ooq1YYBkVOKEZI/HWMzCjAsJRd/jyHQRCfjz5EJ+H1EHH4TFoNfhUXj51GJeDc2H4HJ0xGUWYaBE+dgYOFiDChbBf+ZG+FfXQvjoj3wWXYAXmuOwWvjKXhvPgfD5kvw33odAdtuIqD2DgJ3PkDg7scI4Pe/r5EA1wz/gy0a2A63IOhoM4KO0WMn6mE+dR+mMw9hPvsIvucew0wZzz6G6Rw9d6FRZbrYBNOlFqoVfpfaMIhww6D50Yk2fEjgCbpIQLxCf0dUEAEnkDJ/Rdi5Rr/j4Hn8fu9lLCXU3BHUSJIk9WqCGkmSJDvJKhkyDN/wuppW9Tjda25GW3MrHhFqjjxuQczWA4SChRi45iAC676G8fADGI7RRfuJBqoJhhPN8DneAh+6yDccaYaZLvh9CTj+B+jifV8zfPc2w7SXwLOfLugP3cdPtp/FlwtrEVexHOkV85BYWUn3ywk4lcgorELyjFlIpBIKZyJuWglipxYhZuoMRE2egdD8aRiVkY/BSVn4c1Qy/icyCb8Mi8fPQ+PwTxHx+OeYJPwwMRdBBfNgmr4M5uK18K3cDL95O+C3uA5mgoxp9REY1p6A94bT8NnCi/7Pw7D9EoyELd+dt+C76y5899yn9/6QIPME/ofq4UcY8z3aBF9CjO/xJvjRPzOPwPifJOScbEDgiScIOlWPAacbEKQiBJ1uQuBZwt0FAtCFVlUgwSWQQBN0CRhEaPngXCt+eKYJH54jAF6k33eZ/t4uAwPOAwHnCI4X2uB1+hEMtefwx9orWHmvBfcENZIkSb2aoEaSJMlOUlPNWDK8mRZ92wg+r4b3ROPDHSmCDZ+Kf6q+DZEb9sE9rQQO5evhuHQ3XNbthfvmw/DZcZqwchl+B67D79Bd6gF8Dz6G38FG+B9sRcBBIJDjERoCju/BBvgeuYkf7ziOwQs3I6JiMeIrZiFyVgUiZlcgsawSSSWViC2diZjSSsQUlyNuejHiJk1HdME0RE4qxPjcKRickoM/xqTjlxHJ+HlUCn4anY4fxWXjH1ML8JPs6fhg0kz40nv1mr0d3vN2w2fRATXFzLD6FHzWnYFx8wUYtl6CoeYKjAQF844rBBkCza7r8K+7D/+9D+n9PkLAoccIOFyPgKMNCCDI+J9osUwla0HgaQLKWa4NA0+14v3jrfg+9eGJNnxwUuv9k8D7pwkuZ7Xep94jqHCDCC0DLrdRjfjgwhO8d/4xAi/Uw/8CQegcPX4CBKg2eNCf63XwHswbT+PTTdew+U4rHgpqJEmSejVBjSRJkp2kNgSwHE7Dy2jqiTNPSDgtfK+Nam5EI2nnIqEnZdsxeCQX4/9MXIjvTFkCh8nVcJm6AO7FK+BVtRGm+Tvgu+QA/FecQNCacxi49ireW38T3998Dz/c8gg/qmnA93c8xqC6Oxh44Ap+vv0IRi7ZipiqpYgtn02gmYmwuTMRVzkL8eWzEF0+E1EVVYguK0d8YQliGDQF0xExpRij8wrx15R8/CouB/8Uk4sfJU7CDzOL8YOJs/DhjEX4sHwFBs3eCL/F+2AkyJhWnoBxzVmYNl4mzHwF07YbCNhJANt1F/677yFwD72nPXcxaC/d7r2Pd/c34L0DTXj3UBPeO9KM94+24INjGlreO96G9xgrp6gzhBSOoUK3752yAEZ/nB+j596lBhJiBtLtAEtBVAChxnSlhapH0PknGHiGUEMFnOJRn1YEHeS1Sq3wOtwIw4F7CNhwBoM3XMG2Wy14SJ9XV5+pJEmS9GYS1EiSJNlJCjWNGmqa6dvHhJpHhJoGQk0r8aathe41NuPiEyC75jj80yrRr2Ap+k9aDs+saninz4NH2hy4pM+FS9YCuOYugWv+crgVrIL7pLXwnLwJhqnbYJ6xE34le+BbtR8+c+vguXAbfrRwI0ZWrUZC8WJCyxxEEGRCq2YjrmQO4ooINUWViCoup9sSRE+egfC8KQgvKETIlDIMyZ6B3yVPxn+kTse/5lThx5Oq8YOSVfj+7C14d8EuDFi8F35L9yNg7QkErD+LgE0XEbjlKoJqbyFw530E7nqIgXUNCKIG7SO47GvEh/sb8QOCzIcHm/HBoTZ8cJhwcqQN3z8GfHgc+IFazE+PE24+INjwCMwHFsQwXt6leH0Mx4h5l8CiRmIIMwyYQHo8gCFD+dN93jDA92wrfEiMPhebEHi6HoNO1mPgcXpfR5swgP7sd3mE6xDgfbwJhqP34b/pJD7ecA7rvm4W1EiSJPVyghpJkiQ7SaGmoSvUPCbU0Hctj9HY1ISr9Jr8mhMITK2AQ/5SOE5eD/eJ6+GZtxZuOavglLMMDllL0I+g0zdjLvqkz0Rfem2f5FL0TSpGf8ohuQxOKXPQN3kevpNSioD0UgzJnIWEvDlUFSKmVCF4WhViC6oQl1+OqIklVCGi86chPGcqxmdOxpjsafgyuxD/HZeHH4dm4cOYqfggaxaCChbBXLgWXuXb4DZ7D5yr98N5wQF4E24MhBvjiqMwrT4D87rLMG+6AdPm2zBvvU89hF/NYwTWPMHA2icYtJ1QsasRAXtb4L+/BQEHWhB4kGtWWzQHHmlCAHe0Gf7H6HnCTQDhhgs82YqgE40YeJI63YRBqkaK4HSGHuPO0u+nBpx5Qj1GAN2az7XAl2D0Lv2uD4604P0jrXj3MIGGUPU+5U+50+90PXYLHlsP47fbTmLZ7SbcE9RIkiT1aoIaSZIkO0mfftZKtzxgw2tqmtp4+lkDWtueoLW5Hk0tLbhOz+fvPAHflBL0z5xPsFkBp9xVcMnjVsIlfzmcc5cSbhbQ9/Phnj+fsDMLzhkVcEothmNyIZyTZsAxnpATXYrvhubDLyIXf0stQXRuFRJyCTF5pYjIL0VMVglVhMis6YjImoyIjIkIS5+IcWkTMTJ9Ej5OysdPxibC9GU0vMamwyNqKhziSwhQM/G9rAX43sTleGfaWvQpXA+nknVwLd8At6qthJ2d8Ji3Hx4Lj8J98Sl4Lj8Pz5WX4bP6GgxrvoZx3XX4brgF85Y7MO58AMMuavdDGPc8hGnPI5j2PoZp/2P4HqyH7yFeF9QMv6MEkuPUsTb4H29GwLEGBB2vR9DJBoWbAdwJus/AOWuJcKOQY9lIwO9MKwIINe8dAz442opB9LsGHSXkHKHHDhJq9rfB82gDXA7dhGfNMfym5gyWPpAtnSVJkno7QY0kSZKdpHYHaGmj/7ahni6SW9UWaCQY3v2srYle00KoaVOoydp9HIa0IrjkzIP75OVwm7gUrvlLCDGL4Zq3CK65C+GaM5+aB7fsufDInAO3jFlwTauAS2o5XJLL4ZhUDqf4MjiHTcSA8Ex8lD0DwQWliM4rRFzeDMTnzkBcThFisgsJNVMUaCLScxGekoPg5ByMSSvAX+Nz8P2RMXD/LAxOIxLhEJyDd8IK8L2o6eibUArH1Cq40J/tnD0PLpPoPU5fBY/idfAo2wSPyhp4zdkFr+q98Fl8GIZlJ2BcdZZQc55QcxHmjdfgu/U6zNtvw6S38w58d9+Db91D+O17BF/Kn2Cjj9gEHGuB/zGCyXGOR29a1HoYtSbmJB+o2YoBp9ow4PTTBRFmAug5bhC9fiCP/vBGBPS7BhBsPjgADNyjbZHtuY/eR+15/GbzeSy+2ySokSRJ6uUENZIkSXbSU6jh3QKaSDAtVFszvaa1HTV1J2BIL1JocZ+0jECziECzEM65Cwg61VpZc+GqmgP3jNlwS2fUVBJqCDaEmv6JZXCMK4FraD4Ghmfgr4SX8ZOKEZU3HfEEm4Qcwk3ODERnTUNE5mSEZ+QjPC0HUSm5CKMYNR/F5+IHo2LhMTgczqOS0H8CoSZ8IvpGT4dDIv1u+vO8MmfDi4DlMXkZPAtXw7tkHXzKN8NQVQvj3F0wLdgL0+JDMC07BtOq0zCtOQfTekLNpqvw23ad8HCLYHOLUEO3uxg1d+HHqNnbjhqeihZICAkigASeAEU46RI13RdoAQ3fMmoG0M/y9tB+NqgZRKgxH2yBN6HGr/YCfr3pHBbdEdRIkiT1doIaSZIkO6lHqKHX3GgFsvcSajKK1UiNG4+AWFDDuVpg48qjI12gxjlFG6nRUeMSkocBYekdUBOXO70TaiZZUROZnIOQpGyMSslXIzU/GB2nUOM4IgH9xmcr1PSLKYRjUqn683zozzfkL4SnFTXrYbCgxjR3N8yEGuOigzAuPQrjylMwrT4L09rzMG+4At+tX8O35qYGmh234buTMLHnHvwJNTxaY95LuDnwBAGHGxVqBhBmBpyCQsqrRs37+zuixrfmAn618SwW3G6SwzclSZJ6OUGNJEmSndRj1NDDOftOwphBILGM1LgXLIHbxMUKN24EG1XOfLgxbDIJNIQa17SZapSGUeOc9DRq/pI1HeMKihCZO02hJj57OmIJOoya8IxJCEvPU6gJT8rChIRMDE/MwZ9jsvChGqkJg8OwOEJNlkJN/9gZCjX853kTaowTF6n36D5tJTyL1sK7dCN8KrfBMHsnjPP3wLt6v5qC5rPsBHxWnIKBYGNcdwmmTVcVanwJNb6EGt72uSvU+B9qUNPPeKRm4ElgACGlO9QwegaefroBvCPa6RdHzfybhBr6TLr6TCVJkqQ3k6BGkiTJTuoJaprpNTfpudz9p2DMfBo1nLsOG1vUqFEaW9SUoV9CKRxiixVqgkLTukVNVOZUK2rCUrMVasbFpWNofBb+FJ1pnX7Wf1gs+o7LQp+IAvSPK1LTz5ySy+CRPhM+edXa+5u6QhutKd4Ar/Kt8Jm5HT5zd8F7/j54LzoEn6XH4L38JHxWnYFh7UUYN14hPNxQqPHfeUedY8P57XlgnYLmt58PF63XYHOEYQMEPWP62cui5r19Gmp8D7XCZz/hqvYC/mvDGcy7IaiRJEnq7QQ1kiRJdlKPUEMP3aLn8vafhimr1IoafZSGp58xaHgKGk8/4zU1nVHD0HBKbEeNc3DuU6iJzZmmUBNDj2moKbCiJiIp24oaHqn54Zh4eA6JgMPwuKdQw7mnVcE7dz7cGVwW1HgRarzLtsBQtR0GQo2BUOOz8BAMS4/DQKgxEGqMhBoTocZv2w34WVAT0Ak1/mpdzWP47n+iYBNwuAmBRwkxvL3zM1DTVfpGAT1FDY/U/HL9acy9LqiRJEnq7QQ1kiRJdtKzUdNE8UgN8HUzj9ScgW9OOZyz56o1Nbao0dfU8Hoal6w5HVDDozQ6ahySyuEQp43UDAjLwB/Tp2B8QbFCTUz2VMQSZqIzpyEyY4qGmrQ8hKZkWVEzPCEbf43LwY/GJcIwLAauY5LVmhpGTb/YGegXr8GGUeNJwPKYuATuU1bAQ43UbIRP+TYYZ+6Az5xdMM7fr1Djo1DD62rOwbTmIowbrsC85bqagsawCdh1V6EmYM9DBBBoAgg0AQfq4c8dbFCoCSLUBBxrhf+x5g6w0UHTHWyCCDP+J+lnKR01fiea4XuMfv5wm0LNwN0tghpJkiQ7TFAjSZJkJ/UUNdcaNdT45VZYUWO7pqanqHFMrlCocQ3VUPOHtMkKNbxRQHTWFMQQZnTUhKUXIDQtV6EmPFGbfqaj5sfjk2AcHgv3cWlq9zNGTd+YQoUaXlfjYUGNF6HGY/IKeE5fBR9CjaGiE2oWEGoWH4Nx2Sm1tbOZUbP+Mkybv4ZpqwYbHq0JtKAmsO4RAgk1QQSawEONlpow4GgbgmxQYwsarfb71qlnz0FNwCFBjSRJkj0nqJEkSbKTegU1sUVwCcl9IdSEJWa+FGo88xdbUcNraoxlW2Ei1BhmE2rm7SPUHCTUHIXBBjXmdZdh3vQVzBbUBOxoR00AoYZHa4L212PAwUYEHGzQUHOE0HJMm37W1VoaRk1XozU87UxQI0mS9HYmqJEkSbKTehs1v0+dZF1TE5U5WaEmKmOqBTUTEZqai5DkTIQlaKgZFp+Fv8Rmq+lnCjVjU7tFjZeOmknLtZGaIg01Rl5T0xk1S0/CvFJDjWntJYUa05brMG+7Af/ttxG48y6CdhNqLLBh1AQdaHgKNd2to+nqMS6QMCOokSRJejsT1EiSJNlJbxo1DkkV6G9BTVBouoaaie2oiU6frFATQbehaRMRkppjRc3Y2LQOqOE1NW7PQY1HHm/rTKiZthLeM9bDULpFocZn1k4Y5u6Dd/UB+CzSUGNacQam1ResqDFv/hp+W9tRE7jrgUKNP09D2/dEoUarEUGHCSSdUNO5zlPS+D5jRlAjSZL0diaokSRJspN6BTUxM+AcnKNQ87uUAoydOAMROTw6MwlRaZMQmT7Fgpp8hKTkIDgpA6HxGQo1Q+My1e5n/zg2QUPNmJTnosZj4jJ4TlkB70INNYbKWhhm7oBxzl74zCfULDwCw5ITCjXGVedh5CloG68p1PhuuQ6/2lvaFDRGjQU2QXsJNfvrEWgZsQk81KJtFkAo6S5GjS16+H7ACUKMoEaSJOmtTFAjSZJkJ71Z1JTCIbFc7VLmFJyNwJAM/DZlEsbmFyE8ZxoiMgoINNxkhKdPskFNpkLNmJhUC2oy8aMx8TAOjYb7aBvUxE7vAjUL6X0uJdQsh/eMdRbU1KhtnY1z6mCYx5sFHCbUHCfUnIZp5TkLaq5aUeNfY0HNzvsKNoG7LajZp6EmcH8Dghg1R1q0jQIo21v/o9p9BZrjFtSc0FATSIjxZ9wQat493oaBhBmFGgbSIW1L546oOY//3CCokSRJsocENZIkSXbSs1HTTI+0qW+v0JM5+06rLZ2dsmbDhTDTPWooQo0LwcI5pVJDTVIZHBKK0SehCH3jpsE5LAf+wZn476TJGFtQhsi8IkQyajLyVXw+TUhaHoJTGTVZCIlLx+ioJHwRnYo/RaXjx2PjYRoWDbfRSQpIfcMnol/0VDgmzIBrSik80yvgkTkLngUL4TFlCTynLYdX0Sp4l66Hd/lmeFYRbObuhmH+Xu2smiVHCTSnYF5FsFlznlBzGb6brxFqviLU8GiNNg2Nt3cO3HMfAXU8Be2x2t45cP8TBPL6mkNNCCDYBB5uQQChJOgIdYwAc5TX20Ad0DnQcsvfD+BbKvCE1rv0swOPNMOPAORH94MOtuH9Oj6npg0GgpPPvrswbT2D/952AbO/ahbUSJIk9XKCGkmSJDvp5VAzB658/stLoaYQ78RPtaLm10lTCTWViMgrRngmoyaXbnMRlkGYScvFBDVSk21FzZeEmj9HpxFq4gg1UfCwoKZfWH4XqKlSqHGfQgCbvhSeRSvhWbqWULOJULNVHcDpPb+OUHNQoca84qQFNWcJNZcINVfhZ0FNgAU1gYSaoLoHCLSghkGjtnfmKWgHmxRoOAUaird65hgzXaVQQzF03j1Crzusjez48c93QE09oea2Qs3/1JzHTEGNJElSryeokSRJspN6ghqefna1Acjeewrm7LJXghqn0Gz4TchQqBkzseIbocZxQpZCTd+oKXCIL4RLcokVNR4TF8BtyiK4TXtB1GzgzQKudECNtq7mLgYQaoLUts4aaAYcbMCAQ00IIpAIaiRJkv73JKiRJEmyk3q6puZqY0fUuBU8a03Nc1ATN8WKml8lTnkKNQyaUBvUTEhsn37WHWr6huZ1QI1HmoYa9/xquE5eSKhZ8kKoMW24qFDDU9AYNYHbtfNqgnbdU6gZsO8xBlhAM/BQo8LIAEGNJEnS/6oENZIkSXbS81DT1trCT+Ma+SZr70kYM0vUmhr3ScteCjXvEDq+FzsZjiFZ8B2frlAzOr8c4blFhJmJiEjP0VCTno0JqTkYn5yN8QmZz0SNw/hM9AnJRZ/IyegfNx3OScVwTy2He0Ylva95cJm0AK5TF8NjxgpCzRqFGq+Z256JGuP6CzBZ1tXoqNHOqrmn1tTw9LMgta1zvaBGkiTpf2mCGkmSJDupJ6hppcfpGhpZdSdgyCh+paj5r4TJGmpyCDXp+QhPy1agCfnGqCmDW3qFQo1zAb2vKYvgXrj8pVETtOOW5ayae2qzgIA9DxC4V1tTo0ZrDjcJaiRJkv6XJaiRJEmyk56FmrbWJvq+uUvUeExe/nKoIXR8tyeoSct6JahxyZn74qhZfRaGdedh3MCbBbSjhqeecf4778B/N++A9si6UYCsqZEkSfrfl6BGkiTJTnruSA2vqaGHbtJzEw+dhU96ERwyZqrDLLtHjXZOjWv6TLikVqkzahz5jJr4YvSJL0TfhOlwi8xXqPll3CSFmrCcGWr6mb5RAK+psUXNuOgUhZov6PaPkSkKNebh0XAbmWhdU8Oo6Rc7DU6JRXBLKVWocc6eA6eJ862o8SpbC5+KzfCexVs674JPNaFmkYYaw9JjMCw/AZ8Vp6wjNeZNV+G79Sv4bfsavjU34bf9Fvw6oca6pfPBRkqDjQ4aBRcLbAYRXN47SXg5QYih5/l1A461KdQE0q0tavz55w9BoWbArmaYDjTCa+8t+Naew682ncb8O024Q59JV5+pJEmS9GYS1EiSJNlJPUJNK6GGHp54+JwaqXEgrHhMedZIjf2hxnly+0gNo0YfqbFFjXHZ8R6g5jb8d90l1DxAwN5H1nNqAvbXw5/y20+wOdQOG9sRGx01fGt9nEFjQc2gw609Qs1/bTqFebcFNZIkSb2doEaSJMlOejZqmtVrdNRMOkIX+lmEk4xZz5l+9jzUTINrRB5MY1PxHzETMSqvjFBThHCbjQJ4Tc34lGyMS8rCuPiMl0YNTz+zRY1HyWrr7mc+c3c+hRrjipPwWXnKOv3MtPGKQg1PQfOrvYWAnXesGwXoh29yfnsfw3ffE/jub4D/wSYrbPT0URsGjXXqGY/g0PcBdJ8P62TU8DQ2fz6Ak9FjmX7GqDHS7/WsuwlzzVn8cuNJzL3VKNPPJEmSejlBjSRJkp30IqiZfPSiOnyTUfPsjQKegZqEGQo1LuG5MI5Jwb/H5FtQMwNh6Rpq9DU1rxY1C+E2nd5z8Sp4lW2ER+UW+MzZCe/5e6xranTUGFadhs/aczCsv9gBNerwTd4soBvU+O2rh9+B7kdqNMzot+1ranTUDDxE+CHU+B2h+Oe7QI1p2xn854YTmHNTUCNJktTbCWokSZLspJ6ghr+9RQ9PPX4J/nmVcMycBbdJzzqn5vmocQ7LgWF0Mn4RnYeRuaVPoSaYUDMuOQtjEzMxNi4d46KSXxlqPEs3wJ3X1czZ0QE1puUnYOJRmmegJoBQE7D7HgL2dESN/74n8OMpaAfaR2k6o4bT7/OIDa+tYdT40/f+R1raUXNYQ03ggS5Qs/UM/mP9ccy+IaiRJEnq7QQ1kiRJdtKLoGbaicsI0FHzzMM3Xw41oTa7n70u1LgVrYJHyXq4VWyC9+wd8Jr3NGqMq848hZqA2hsaanbcgbb72dNrahg1vvu6n37G6fcZNAo1xwg0NqgJOtioUOOrUNPaCTU3YNx6WkPNdUGNJElSbyeokSRJspPQ2kqAaSbbtKGRUNPC+zczbPjx1ia00XPNBB+eflZ07AoG5c2EQ8ZsuKjpZ0tfCjV9OqFmRI4FNWn5CEvNUlPPglMzragZw9s5xyRjZHQihkal4K/hKfin0XHwJdQ4j0pAv+BMvBOai37hBXCKmgqXuBlwTSmBS0a5Qo1zPr23SYvgNm0ZPIvWwLN0IzzLtyjUeM/bDZ8F+2BYfIRQcxzmFScINe0jNeaNV+G3RRupCay93T5aw+fU1D1CkL77GY/S7H0C3710q2DTiECFG60BRxkzBBXCSxAD5ngbBp1oQ9CxVgQQagIIMYMO0nOHGmE+0gAT3Qbsb8YHewhAO5th3tcIr903Ydh8Gj9fdxxVNxoVNLv6TCVJkqQ3k6BGkiTJTiK1aHjhXc7IM7x9M3tGG8GhR5qb1CjOdXqs/Ohl/CBvNvqnz4FzwXI1Be1lUPNO/FQ4hWarjQJ4Tc2InBKEZhciJDUPoSmZCjQTUjKsqBlNqBkVl4wRMQkYEZmMv4el4hdjEuA3Igb9x8ThuyHp+F5oDv3OiXCPmALP2EK4pPAubWUW1Cwk1CyG+7QV8CpeC++yTfCq2ArDLEINn1VTvVdtFmBadhTm5cdgWnUK5nXnYd5wGb6brinU8O5nfltvqM0CgnbfQ1DdQwTtfYwB+wg0PP2s7jH8CDl+9D2P2gQSagYyZo40q4KOdizAGkOnDQMOaajhnzMdrofxIP++J3h/ZxPe20HA2dcEnz234LXpNH629iTKCDUMza4+U0mSJOnNJKiRJEmyk3TUoLUFdA90T8FGnbjZTKhpaiTUtKoL6Krjl/HD3NnolzYXTgUr3ihqRlpQM5JQ81ko/dyYePiOiELfMbH4B0LNd8Oy4RwyEZ7hU+AVUwjX5GL0z2DUzINzXkfU+JRuVqgxEmp85vC2znthsEGNeeUpmNaeg2n9JfjqIzVbNdT419xC4K67BBvLSA3Bhgsg1DBs/Ok+j9oEHWhQqBl4WINN96jhaWraJgEKNYcaYDzyBAYLaj7Y2Yj3t9cjYG8jvHffgvfm0/gpoab4epOgRpIkqZcT1EiSJNlJPUXNbfp29slr+GEeoSZ1zhtHzYjYJAyPjseIiCT8PSQFv+DpZ28ANeYNV7pETeCu+9pmAXwAJ7f3iSpg3xMraAYdbsYgnmqmpp69KtScwU/WnEDhVzJSI0mS1NsJaiRJkuyknqKGD3qcd+ZrhZq+KfaBGvPwSPR5DagxrTwJw5qzMK67qFDju/laR9Twmpqd97TNAnTYMGosoBlwsFGB5l0Czbt8/swx3vGs5aVR817tE/jvbVDTz3y2nFWomXZFUCNJktTbCWokSZLspB6hprUV9+jb6rM3CDVz0Cd59ptHTUwihkXFEWoS8WlwMv5tVKyGmtExhJq0V4+a1WdgWHsBpvWXn0KN2gFtx1347bqvYKOjJmifNu3sdaDGr67eipofrz6OKZcENZIkSb2doEaSJMlOej5qGtBKz92nbxecv6lQ807yrF5DzfDwN4CaFSfhwzugrTn/TNT47rynYMOjNQyaQIrX1OhT0Bg3fO5M0GHKgpkXRc33dzXZoOY2DFs11Ey+KKiRJEnq7QQ1kiRJdtJzUdPciNa2VitqfpQ/V00/c560Eu6TeVvnJVbUOGfPh3MmPUeg6Q4178QX4ntxU9SWzsYxKfhFVB6GZ+uoyX3m9DMdNTz9TN8o4J1R0fhuaDqVBcfgfLiHToJn1DS4JBfBIbOc3tNcOPF7K1gEt6nL4TFjNcFmIzzKNsOnajt85u6G9/w6+Cw4ANPSI/BdcRzG5SfgzYdwWkZqzJuuKtj4brmuUMPbOtuixn/3Q7VRQIAFNDpqVASbwEMUwSbwSHv+NnVGjeloPYyH+Pc0KNS8W8ObENTDUHcHxm3n8aNVxzDxvKBGkiSptxPUSJIk2UkvipofF8xDv9S5cJm86inU8EiNhpruR2q+Fzcd34vVUMPn1PxbZC6hphihWT1HzWehKfiPsbylc0fUOEzIg2vwRHhETu0SNa5T6P0WroJn0Qa4l26Cd2WtBTV74F2934oaw/Lj8F512rqmRkcNj9QE1BJqdmio0UCjravx3/OIUKOdV6PvfqahpqHHqBl4oNmKGt7WOfBAY7eoyT8nqJEkSertBDWSJEl2Uk9Qo6+pWXTxNn4yaX47aiYt63L62YuiZlhWMUKyphNmXg41+vQzHqlxCymABx/A+Q1QwyM1PqvPKNTwls4KNLwD2rabhBo+fPPOUxsF8EgNbxSgo0aHTSAVwLB5DmoGHGy2ooann3WPmnOCGkmSJDtJUCNJkmQnvQhqFl+8g59NWYD+aQSXSStfak1NZ9T8PCIHQzOLEJw5DcEpL4+af7CZfuZhmX7Ga2q+yUgNTz/raqSGdz971pbOtrBpR01jt6gJONRiRU3AwXoLavgQzwa1UQCjxm9PR9TknW3ADUGNJElSryaokSRJspOev1EAoaalBffosaWX7+Jfpi1G//R5GmoKnkaNa/a8l0DNDEzImEqoyXkp1HwnOFWhxklfUxNNqEn6BqhZdhyevFnAmvMwrrsE44bLMG0k3Gz+2rql87NQ0wE2B+p7jJoB++m+BTVqTY0FNYO2PSLUPLFuFPCPK48KaiRJkuwgQY0kSZKd1BPUNNPtXXrtsqv38fPCpXDImK92P3O1rKdxyVsIN4phw6hx5dGa7jYKINS8EzdVocZnVBL+NTwbX2YUYnzaFILMy6Hm/07QUMO7n3mETSbUTFeo6Zde+o1Q47363FOo8dt2o/s1NXWPrbufWSPY+DNseF2NBTRPoYZAE3SgSaHG/8ATGA4/JtTQ79pXj/d3NCjU+O5+rA7f1FGTe6ZeUCNJktTLCWokSZLsJB01bYQaIgwaLbCxnX7W3KKhZvm1B/jFjGVwzKiG00RCzcSnUeOWM/+ZqOlDqOkTOxVOYbnwHp2Ef4nIwpCM6RiXPpkgo00/C6EmJGdifBKhJiELo+O7QM0YDTV9LKj5bkj3qHHmUaSJi+BGqPGYTqgpXg+PEkJNVU0308+OwWvlKeuWziZ9Cpra/ewmAp7a/awdNowaW9jwaA3DRm0WYAENF6CDhrOghvM7+ARGQo3pIO+mVo/3CDVB2x7CTKjxYdRsIdSsOILcs/W4LqiRJEnq1QQ1kiRJdlJn1DRY4qdAmEELoYZew7ufLb98D/85Yzlc0gk1ebxJwIuN1DgSavrGFKJfzFS4REyE17hU/DQqG59mzcCorGkYn5pPqMlGKGEmODET4+IzMCYuE6Oo4dEJGBoZi+FhCRgckoJfEmoCR0TDYVQsvjs+Fd+bkAmn8XlwDymAeyShKZH+HEKNU+YsBS2PSYvgOXUZvApXw6tkHbzLeUvnGnjN2gGvebvgvWAvDEsOwrjssEKNgbd0Xn3Wsq3zRZg2XtLW1Wy7Tqgh2Oy4jYBd9xC4mzcM4Ag3PB1tr3YI54D9DRhwoBED+Zyag41qCpr/wXqtQ3SfCuApaYSdoAPNavqZ/5EWmI83wnisHr4HHiNwzxMM2FkPv9qHMNQ9hmHXLcLVWfxw1VFkn28Q1EiSJPVyghpJkiQ7yRY1PEJTb0FNK6Om9WnU/FfhcrgRapxfFjWxhegfO12hxoMw8iNCzSc5hJqcQkLNRIQm5yA8MQshCZkYH5dFqMlSqBkWk4QvCTUjQzXU/BehJohQ40ioeYdw9A6hxplRE1ygtnTWUeOcoaHGs2ARvBRqVsG7mFBTscmCmu0dUGNYdgiGFYSaVScJNWdgWsujNby1swU1W79CQO0NhRq1toZAY4XNngcdUDOQUUPxIZy8YQBPQ1NT0Rg4nVATSKjxPdoCnxONMBFq/Ag1Qbvpd+1qgGnHI/gQaoyEGl9CzQ9WHkHm+Xp8JaiRJEnq1QQ1kiRJdtKbRk2/2BlwiCuEayThQ6EmB3/LLcLo3BkYn/bqUeNE74Hfk0LNlGXwnL5SocarfOPLoYa3dq7h0ZquUcPral4WNeYjzQo1xqNP4LdfQ83APY0w73wMA2HJuPsWzBvP4MMVh5F+9rGgRpIkqZcT1EiSJNlJbxw1cYyaGU+jJq/otaLGY+JCeE5Z+spQ4197CwE77nREDa+t4fNqCCBq+pkFNoyaAAtoukMNTz9j1Hgfb4DhSDtqBtU1wXfXEw01PFKzgVCz/DDSzjwS1EiSJPVyghpJkiQ7qXdQUwjn8Hy4jU3GDyOy8HH2DIx6TSM1jmlV6uwc9/wF8Ji8BB7TVsCraC08yza8FGp8t1Bbv4JfzU34b+d1NdpoDaMmYM8DtVlAh3U1FB/C+SzUDDzQQq9pgulwE7yPPoHPoUfw2/dIQ41lpMZU9wQmC2p+ICM1kiRJdpGgRpIkyU7qjelnvKbGKSwPLqMT8WF4Bj7KKtTW1LwNqKHMDBve2rkTanj6mb61M6NGh01PUWOk+16HH8Pn4EOFmgG8UcCuBpi3P4JxD8Fm5y34bTyLH8qaGkmSJLtIUCNJkmQn9cZGAf1ipsMxNBdOIxPwQWga/po5HSOzp7+WjQK6Qo3njDWvHTX6aA2ntnV+Dmr4jBqTBTXehBrfvQ8xaLe2+5lp+0MragIINT9aKbufSZIk2UOCGkmSJDvp+ahpQgtaNdRcuov/nLaUULMALvnLCTSLCTaLFWxsUeOSNee5IzU8/cyDMPKDiEz8OX0qRhBqxqbkI5hAE0agCU7IUKgZTY2MycCw2GQNNWGJHVDjMDIG3xubgu+OS4fDmGy4jMuDa9gkOCRMR9+0Eu190Htyy6uG+6TFhJrlCjXupeusqPGcuxNe1XXwXrQf3ksOwHvZEQLNKZjXnYcfYcZv0xX4btQO4DTyIZyEGv/am2qjAB01gXUPELRXm3rWOT6vxn8/1Qk1fgd5lzN+DeFmbwMM9JzXoUfwOaChZuCux2r6me+OxzDupnbchN/60+qcmuxzghpJkqTeTlAjSZJkJ711qLGM1KhzaoZHKdTwSM33xmfAcUwOXMfnwy18Mhy/IWp8Vp2Eae05+K6/qFDD8QGc5s18Vs3XCNh+y4oa1R4+p+YB/HY/VNmO2DwPNQP2NinUmA40wPsw4YVQE0BAGrjrCd7d1Qhz7SMYdz2CaftN+K8/gx+vOIqc842CGkmSpF5OUCNJkmQnvW2oGUGo+Tw4Gb8cHa9Q039ENPqMT0Wf4Cw4j8uD24SJcI+YAqck+nMyyrpHDR/AWbkNnrNqO6DGZ+lB+BBqvFYct04/41EaBZstX6lzanj3s0De+YxQ47/zjsqPYOO36x7MO+/Dd5fNNDQCje30MwYNTznjqWdqCho9NmhfMwbsa4LvoSb4HHkC8yH+ucd4dzc9t6Me5m0PYNr5EObtNxC44Sx+uvI48i424oagRpIkqVcT1EiSJNlJbwtqhsYk4YuIGIwIiVeo+U9CTcCwyG+EGq+KrfCYWWNFjc/iA9qamuVH4b3iBHxWnYZxzTltPQ3BhtfTPBM1uzXQ8EiNdV0NgYY3CuBzanTQ6KhRWVAz0IIaw+F21Lz3DNTkXxDUSJIk9XaCGkmSJDvpbUPNcELNZxOS8J+j4hRq+g2PUqjhjQKcxuaq6WcKNZaNAl4ONcfgs7IdNcZ1F2y2dO54+CZPPVOw6WajgAGEGXX4JoGmK9Tw42qkZm8j/A40wsioOfgIQXsf491d9Xh3RwN8ax5qqKkl1Kw/Q6g5hrzzghpJkqTeTlAjSZJkJ701qIlO7BY174xLefE1Nc9Cjc3uZ4wag2UHNN4owLz5qjqnpqs1NQF12loaW9joa2oCeLTGApqgw00IPNJkRc3AvU0IqiO87G+A4dBjmA48RGDdIwza+QTv7WyEf+0jmHdR228igFDzkxVHkXtO1tRIkiT1doIaSZIkO0lHDd+2ElwYNo2W27a2ZqoBLfTcA/p+1UVGzRI4Z8yDc8FyuBBoXhQ1DrFFcIieDqeIAriNT8UHkRkKNaOzpmMCoSY0kUBDjUvMwBiCzei4DIyKScewqPiOqBkdD/+hEQo1+u5njBrb3c/6pTJqZtF7mgv33PnwKFgEr6kaaryK18GzfAs8qgg1c3bAe4GGGtOywzCtOA7jqlNW1PC6Gh6tMa3XdkDjAzj9awgY2+8gYAdFqAmqe2BBTUfYcP4EFIYNA2YAFcSwYeDwfX6sjr6va4LfPgLNfj54k37XngcYsIu3dW6A3/bH8CXU+NfewoC1Z/GPy48i84LsfiZJktTbCWokSZLspha0EWH4llXTRjXTxXIDPdrY1oiW1idUEx7RE+sZNVMWol/aTDhPWwnXSUutqGHQuORUE2jmPhM1zrElcIwohEN4AZyCMxAYnoY/EWrGZkxHWGIuIhKzMD6JIJOcjhGJaRgdm4ZxMWkKNcOiqeA4Qk0yfj0uiVATiX4jovHdMcnaOTWWNTU8UsOo6Z9WQgCrgqsarZkLt/xqeExZCp+iNfApWQ/P0s3wqNwGr1k74T1/L3wWHYRx6REYlxFqVpwk2BBqVp+Dmaefrb8I341X1RQ0/61fw3frdXVWjS/hxn/HbQTsvqdQw7uW+RFI+HbAAZ5+Vq/Wx6j28xob3jjANj7Lpolq1kZ19j6kW57Kdo9+z3347n4M805CzY4HGFh7B++tv4TvLz2G9EsNcvimJElSLyeokSRJspNa1eQyC2rov1yLBTUNINS0EWpaGvG4tRUbL93FL6cuRP+MmXCatvylUOMSUwKniBnoHzEJDiGZCCDU/DFtKsalT0N4ggU1BJqRKWkYnkSoiUvD+Gi6/zKoSSdEKdTMVKjxyF8AzylL4FO4Gt7F6+FdvhWelbUaauYRahYcgM/iI/BZcgzG5SdgWHmaYHNW2wFNHcB5BX6EmoBt1+HPh29uI9DwAZy8aQCjhjHDozUW3DBgFGIsqNG/7xAfzkmoCSTUBPF0NT7vpu4uoeYufAk1JnXoJqGm9j4G1RBq1l3CB0uOIpVQc01QI0mS1KsJaiRJkuyknqLmCaFm85X7+NX0xehHqHGc+pKoiS0l1BQ9hZqxrwk1TumVCjVuOYSaiQvgNXVpO2oqtsGrilGzC15z6+BdvR9eCw/Bm2DTHWp8N7WjJqDmlgaandoBnIwaBg1ni5hXhZqB227j3bUX8T69v5SLghpJkqTeTlAjSZJkJz0PNa2ot6Jmy7WH+M2MpehHWHGcsuylUeMcWQSHSIIHoyYslVAzBWMJNq8DNY5pFRbUzINnwUIraryK1nUYqWHUeM3fp1DjtegwjMtOwGfFKYKNdlYNT0HjNTU8BY3Pq2HUBNZaRmn0XdB28wGc2iiNDhm+r3//Mqgx1z2NmvcWHUHyBUGNJElSbyeokSRJspNeBDVbrz3CfxctU9PPHKYsfSnUuCrUFFtR40+o+UPqFIxRqMl5bahxz50HL7VRwDKFGs8Za+FVtgUeFTXwnLnjqZEaw7LjVtSos2osqDFb1tX4bb2uRmr06Wd+O+/Al3DDZ9XoiOHbzlPRnupFULP1NgatuYB3Fx5G0nlBjSRJUm8nqJEkSbKTnoeaNkJNc3ODQs22rx7hf4qXf2PUuER1Rs1kjCHYvA7UOKSWw5XeL+9+5jVJQ433dA01HiWb4M6jNVU74Dlnj0KN96LDhJqjT6GGR2vU7mcbLDugbf7auqaG891xG2bGjQ1qGDT6pgFdgoZ7AdQM2HoLg1ZfwKAFh5B4TlAjSZLU2wlqJEmS7KSeoIZHauoJNdtv1ON3ZavwTko5oebp6WcKNs9DTVxZh5Eav9AU/N4GNeEJmRhHmBmRnIphiakYFZuKcVGpGEGgGRoVZ0XNr8YmImBYVJeo4S2d+8dPQ7+0Im2khlDD0894TQ1vFKCjRu1+VrHNOlLTvlEAoWYpoWb5SYUaffqZcd2l9m2dLajxq72lMm+/BRPjhqegWUZn9PU1OnI6Z0XN3kZ6TVNH1FB+dF9Hjd/2B1bU8PSz+DNPnkJNK31Gtt9LkiRJrzdBjSRJkp30bNTQ4/S/rW1NaKDX7rzViD9UrMF3EorhNG2FQg2DxiVvoTqnhlOoyZwDV4KNW8YsuPL2z4Qgp6QyOCWUWDYKmKFQ0z84A74hyfhdyiS1piYsPofKwFjCzPCkFAxNSMHImBSMjeTbBO2cGkZNcDL+a0wCgoZHW1HDh28yavjwTZfQAvSLm4q+qTO03c8INQwtt7z58Ji8mFCzSq2p4elnnpU1Xex+po3UGFacsm4UoE8/M224AvMmXlfDmwVoqNFHanj6me+u+2p0xhYztsDRH7dChyATUNdAjzcSaOh7C2oCeFvnvQ9htmwUELDzEYK23MTAVefxfQJXzMlHuEqfk/7FoGlpaVGfKX91/pwlSZKkV5+gRpIkyU56EdTsut2EP1au1VBj2f3srUCNZUtndz6nxoKarkZq2qefEWyWHut6pGbDZctZNe27n3H+u+7Cj3odqDHuoJ/f+RADtmgjNXxOTdTxB7hiGanhL0GNJEnSm09QI0mSZCe9CGp2323Bn2euxz8klsBxqjb9zN5Ro2/pbIsar2krrahxLyfUWNbUtO9+1hE1+poaW9R0t1HA60CNYftD+O2gxzffVBsF8EhN5LH7uNyqYUZ9jhbU8K2gRpIk6c0kqJEkSbKTeoSa1ibU02vr7rXir7M34DuEGn1Njb2jpn1LZ+2cGo/JSxRqPArX9Bg1tiM1xm7W1OgbBbxq1Jh2P1Ko8d1Oj2+5iXfXXMQH9N7Cj9zFxdY26+gMY0av82csSZIkvZ4ENZIkSXbSi6Bm7/02fDRnI75DOOk/Wdv97G1AjUtG1VOocedtnbudftZxTQ2DRj98k2PUmDd/Bb+tN+Bbo8GGNwp4XajxqX2g7X625RbeW3tJTT8LO3wbFwg1zc3N7Z+loEaSJOmNJqiRJEmyk7pCDV0rK9Q0dkLN/vvA3+ZuVtPP+hMOvglq+ndCDZ9Tw6gJj2tHzbD4FIyyoGaEDWo+593PRsdjwLAo9B8ehe+OTVKocRqfC9cJGmr6E2r6pRSpLZ2d1ZbOlsM3pywj1KxSqOHDN72qauBt2SjAsPAgDIQaA6HBtOIkTKvOwLzmPPzWX4L/xsvw23AVfpuudZh+FmA5gNOfQcPn1BBq/HdrqAms6zlqAmxQM4BQE6hPPyPUeNfch7nmnoaadZfwwbJjCDl0C+dIn01N/NlZPksZrZEkSXqjCWokSZLspGejRjt8E/RcIz114G4bPpu9Ge8klMJx0hK4T14G94IlaltnBo3a1jl7HoGGYdP1ls7OMSVw5nNqYqbCISwLvqEp+G3y81EzLCoBg8NiMGxCLIaMS8RvRsZi0NAIOA4PJ9Qk4LsTUuEwIRsuwRpqHGOmwyGZ/ry0KgUs99xqeE5cBE96z7ylM+9+5lO6Bd4V2+BTtR2GOXtgqt4P84IDMC7WYGNccQrm1efgt+4igeYS4eYKfDdehf/mr+BPqOHpZ4GEmqDtdxC04y6Cdt/HgD2EFYKI/+6H9P0jtU1z0L4nhBQGCwGnU/70vL8NaoL23Kefu4PAPXcQwOfU0O8w7XiktnQO3HIDgwhY7604gfGEmrOEGp5+xl/8Wepf+pQ0SZIk6fUmqJEkSbKTnkJNs4YaHqNh1PA5NYyaJnrqIKFm8Owt6PsqUBNLqAnPgjmsa9SM0FETbYOa8BgMHx+LLwgxvx0Rg/e/DIfTsFBCTRy+E5wCh+BMuITkKdQ4EWock0rhTH8+vx9GjUf+InhMWqpGahg13iWb1bbO3pW18Jm1C8a5dQSbfTAuPKS2dTYuJ9SsPAvftRfgT5hg1PBojULNlusIINTwaA2jZgChZsBOAsnOhwjc9RABOwkhdBvEyCGs6PUENQMYNVQAIcl31yOY+ZyaHQ8QQKgZsP4iBq08jnGHNdTwqAx/8WepfwlqJEmS3kyCGkmSJDupZ6hpRhM9dvAuMGTOVvRLJKS8JahxSqlU0+HccubDnd4jv1/PqdruZ17Fm9S6Gq+KGnjP3KlGa4zzLdPQlhyDcdlJK2rUaI0FNTwFzRY17aM19xBI+PDfcV+lYLObgGMDm5dBjRqpEdRIkiTZXYIaSZIkO+nZqOHxmQYrag7dA76cV4N+SeVvDWockyvgnEHvhd6Xe94CK2p49zNvQg2P1HhV1nQcqVl0yIoa0wrLuhoLavw3aqjx2/L106jZrqFGH6VRvSrUbCcsbbagZsVxjD10U1AjSZLUywlqJEmS7KQeoaa1iVDThiMPgGHV2+GQUgmnSUvf+pEaQ+kW+PCampnbYZi9G+b5++C78ABMiw/DtOy4mn7GqDFZ1tX489SzjdfUuho/3tJ56w21rqYdNhpq1LSz3Y8wYA8jhfDyDVBj3vkQRt7SufY+Yeo6gtZdwMAVxzDm0A1BjSRJUi8nqJEkSbKTno+aerS10D168OhDYMTCnXBkqLwlqHnWmhqfks1qBzTvKm1NjWneXpgX7FcjNYwaw7KTBJvTCjVqXQ2hJoB3PyPU+G7izQI6oiaw9i4CtlumnVlgo28aoMPmlaBmOaHmoKBGkiSptxPUSJIk2UnfdtS4pM20osZ29zPv4nVq+pln6RbrmhqefqavqbFFDZ9V0xVq/LZoO6DpqPGvuQ2/mrvwt4GNP9367uRtnnmL55dAzY4HCjXm2nuEmq8RSO9DUCNJkmQfCWokSZLspB5tFGCZfsZrahRqUirhQJBxJdDo59S45FTDOXs+nDPnqBg1bhlU+iyCTYV2Tk18CZyiCTbRJWpL5/68pXN4Kn4dn4vRqVMUasJi0zEmIQXDE5MxNC4ZI6OSMSYiGV9GxGNwRCyhJkah5vej4vD9YZHo98V4fHdMLP7P+CSFGvfwAriFT4Jj1FSCFP05vP6HYUPY4pEaRg1PP3NXsOmIGtuNAoxLO04/43U1vusuw0wxagIJMzxSwwdwMmh497OA2jsKNX7b76mNAtRojT5CQ7cMG79O+dLjfnvq4b+HYMOv3X0PQbtuI4Dy33VPrakx1D4g1BCMNt+AP72XwCWHMe5I+5bO/DnyLQNHv2/7GUuSJEmvJ0GNJEmSnfSqUMOjNL2Fmu+NjcP/nZBsRY1r2CQ4RE6BQ0Lxc1HT/UYBR+Gz9AQMy06pkRqGjWnNRZjWXoJ5wxUEMGi2XId589dqpIY3CuiMGh6teR2oCVp6RFAjSZJkBwlqJEmS7KSXRk3BYrgVLO2AGh6tccma22uocQzJglvYRDX9rH/EZPSPL1a7nznxe6D35ZG/UKGG19R4EGq6WlNjPadm8RF4LzlOsDkJw8ozCjbG1RcINRcVanhLZ18CjYnX1limoPlv06af2aJG3/3sZVHDa2o01NyD3+brVtSMP3pbUCNJktTLCWokSZLspG+EmklL1Xoahg2vqWHU8IiIS1bvTT/rgJqEYrX7mSO9B4aWG8HL07JRAO9+xqjxKiPUdD5807Kls+2aGp5+Zl57SY3UmNZftqLGyLuh0X2ehua79SZ8t92Bb60NbHhdDeFF70VRY9rxAD4192Gqod9HqAmg9zFg2VFMOHZHUCNJktTLCWokSZLspJdFjWPBErhPWtYBNfpGAW8aNd8ZHY3/b1wi+o1Ph2toPqFmojb9LLFE7X7WjppqeND71lHzImtqeKMAfU2N7UhNB9Rs6Qo1D74xary30a2gRpIkye4S1EiSJNlJ3wg1lt3POqNG3/3sTaHm/4yMwv87Jh59x6VZdz/TNgrQtnTm6WeMGtccDTXe03lL57UEmw3wKNkEj/Kt8KraAZ/Zu2GYVwefBQe6Hakxr7ukNgrQ19R0Ro15622Ya+68OtRsv98BNYFrz6vdz4KP3xXUSJIk9XKCGkmSJDvpVaCmuy2du0RNTDtq+oVnwRSWgl/ZoCY0TkPNMB010RbURDJqojFsgoaaPyjUhMNhCKMmHP/fqFj0HZsGV0KNaxihJnoaoUabfqajxo1RQ+/Va9pKeM1YQ6hZD/eSjYSaLfCs3A6v2bvgM3cPvKv3qTU1PhbYqNEatVkAwYZQ47/pGgL1jQJ4a+etjJrrhBqCzbbb1tEafV2Ngo0NbjrAZg/FWzvzQZ18rg29LogwE7CLft6Kmtsw1d5WB34GEGoGEGomHL8vqJEkSerlBDWSJEl20rNRw+fUNNADzVbUDF+wAw7JFeifv0jtftZ5+pntRgFdnlMTR7fRxegfNxUOEdkwBCfivwg1owg1IfHZCjWjLaj5sgNqYq2o+XJsHP5EiPnB0DA4DR6L7xJqvjsmDv3HpsJ1Qg7cCDVO0VPQL74QDoll2gGc9H7cc+bBPW+BBrGpK9QBnB6lG+FZsRVeM2vhPXcnvOfvhvfC/Wr3M+Oy4zAtPwHflafhu/oMfNeeg9+Giwjccg3+m/mcmk5tvQl/3gGN8t/O59UwbHjExtKu+/Cj/HczcAg7BJqAukcEGg04vAV04A5CzQ7CD9367bwPI/0O75obMFLmzVfht+YcApYex9ij93GePiiGDH/poOEENZIkSW8mQY0kSZKd1LORmo6o4ZGa/hNfHjUOhJp+sVPQPyILPoSaXxJqRqROVqgJsaBmaFIyvohPxghCzehIum9FTbSGmpEx+OHQUELNGHx3RBj+YXQsoSYFLuOztZGaqCnoG8cHcJbBNW0m3LPnwjOv/QBOj+kr4V2yDp7lhJqqbfCevUOBxrCgDoZFB+Cz+DAMS48p2JhXnFKo8VtzFn7rLyBg0xVCzTUEbPka/lu/RsC261o1t6iOqAmwgIZHYDgdNLb5WW6tqNn+CAHbCTp030Q/61V7HaZaQs2WKxbUnMCYI4waDTOCGkmSpN5JUCNJkmQnvShq9OlnL4saJ0JN/+gihRqefuY9IYFQk/NqUDMmWUNN6ERCzWSFGqfkcjUFziN7HqFmATwLFsFrynJ4Fq6CT+l6eFVsgtfMGoUan+o9z0WN77rz8N94GX6brirUMGYCa24gqPYmdfuZqAnazds78xQ0C2Z23YfvznuEGm30pjvUeG+/oaFm82X40nsQ1EiSJNlHghpJkiQ76bmoaXtCD3RcU+NEUNEP33xZ1PSNaUfNf8YRalImfSPUfGdUDPoRapzHZVl2P5uMPrHTvhFqfJYcVbBh1JhX6VPQzsNvwyWFGp6C9rpRY955vx01W67QezgL/yXHMfrwPZl+JkmS1MsJaiRJkuykN46a2BL0i5pBqJlMqMm0oCYbw78Bav5heGhH1ITkE2omKdS83PSz/fBedMiKGtPyk1bUmNeeg+/6i/DdeIVgc806/YxhE/ic6WeMGh00trB51vQzRo3Pjpswb6cENZIkSXaVoEaSJMlOeh5qWlsf0+ONT6GGdz/7pqjpG5YJr/Hxrw41o5OeQo0D/bn8Htyy5sAjdz488hfCY9JSuE9bAa/itfAo2wCPyq3wmrUdXvN2qdEan4VPo8a0UpuCZl6joca84bLa2tl38zXrRgH+2252i5oAwgnXGTVq5GZP96jxJQx1hZpRh+4KaiRJkno5QY0kSZKd1DPUtI/UjFy8G87ps56JGpcXRM1/xGZhWHIBguOyvtn0Mx01NmtqdNQ8vfvZcg01pYSaiq3wnFkLT333swW8pXP79DMdNTxaY4saPoTTvKkdNv5bb3SLGh02nXc/C7TsftYdanikxrDzFow11xVq/Neeh++ioxh54I6gRpIkqZcT1EiSJNlJz0WNmn7WjEZ6LaNm9NI6AsIcK2oYNC4EGh01tufUdIUaR0JN38hC9IluR82/x2Tiy8R8TIjNRHBsGkYRZr5MTMKQuCQMj0rCqIikZ6LmeyPDO24UEFYAZz7cM2FG+/Qzek9djtR0hZqF+2BYcsS6UYA+/YwzrTkLE8HCuO4iTOsJNjao4QM4/bfdVqjRYcOo0UdpukINx9PP+HF1ps32+wisJeTUPoAv3eeNAoy7bsNn61cwbb6MgPUXYFpwGMP23sS5LlBje1+SJEl6vQlqJEmS7KTnr6nRdj9j1By+D4xZttfuUKPvfqavqXENm/g0amzW1GgbBayEZ9EauJeuh3vFlqdQY7v7me1IjWn1WRjXnINh7QWCzSUYecSGYMPxYZxdocZ2+tmLoobPqeGRmg6oqT6MoXU3BDWSJEm9nKBGkiTJTuopanj62ZEHwLgV++BGqNE3CrAX1NhOP2PU8OGbjJqOa2qq4TFxoWWjgBUdUONRVWNFjdeCvV2uqbFFjT5SY9poOwVNQ41vTUfY+DFuviFqDNu+VtPPGDXG6kP4cs91QY0kSVIvJ6iRJEmyk56LGnVOjbam5ugjYPzK/Qo1+jk19oAafaOAvjZrahg1/eIL0TeuiP78CrhkzIIbvTdeU6NNP1sOjxlr4FayDu7lGmo85uxQmwV4Ve+F18KD8F58RMHGdqMAnn5mXneBQHOpyzU1nVHD+TJuullT8zKoMcw/iCG7vxLUSJIk9XKCGkmSJDvpRVBz/DEQvPqghhrCjD2h5v+OjFaocRqbSajJVxsFMGr6xPJoTRmc6b3w+3LLrVYbBWioWa1Q41a++SnUeC44AO9F2mYBxmUnnkKNmVBju/sZb+1sixq9b4oaA/1sZ9T4zDuAz3deFdRIkiT1coIaSZIku6mVUNNM0cUxXx8TbOghtg3VrGiD1kY004OnngBhawg1hIN+eS+Jmphi9IvQUNMnPBMeExLwi5gsfJE4EePjsiyoScGXCckKNcMINSMjEq2oGU6oGTomDn8m1Pzjl6FwtkXNqEQNNcEaanj3M32kxjWDdz/TNgrg6We8psajcA3ci9fDvYxQU7kNnrN3qClonvPr4FG9H14LD6nRms6oUdPP1vJoTVfTz251QA1nZtxYpqB1hRq+b4satfPZdkLNDg01xh23YCTU+G25igAClffc/fj7jis4Q6hpYcAwZOjz4c+TvwQ1kiRJbyZBjSRJkt1EiKH/aaVa2ngrYG2ohh/nx5rp+7a2BvXcpXogYcMhOKfNRv+Jy+DSDWpcsubAOWMWoYZKmwnnlHINNXHFcI4pgWMEYYNRE5EFV0LNz6KzMDhpEsbF5xFqMjE6Lg1D41PxRWwyhirUJGBIRAw+D4/CsPFR+HJ0LP40QkONy+Cx+IdhIfgOoaYfocZ5TAZcJuRZzqmZAodE+jNTCTWZPP1srpp+5jl5qbamZsZaeBRvgHvpJriXE2pm7oD3nF3wmr8XntUHFGr06We8nkahRl9TY7NRQDtstB3QzNtuqnxrbsGvlmBjGanhfBVsGDEMGwYNAUZ9r6HGnyDjv+MhfAk1Zrpvrr0L07Yb8N1KYNqkbenss+AwPtp+CUea2tBEmOFRtObWFgUbtZ0zD7XZpD5foo9ex89fkiRJetkENZIkSXYT1OhMC10QN9B/WijQBTIP1dBDaKTL4BbUq75qaEHGpoNwTp6FfhOXE2qWvjBqXAk1LuHT0Y9Q805UNpyCk/DjmCx8mjIFY+PzCTVZGBubgeFx7agZEZmAweHR+Dw00oqaP1tQ48qoGfo0ahwjCgg1k+GYRKhJKyPUzCTUzCHUVMNjEk8/WwHvGevhSajxKNkMz7IaeFXtgM/sOvjM2wcvC2psR2o4A+Gm80YB1i2dt3wN3y3XCTSEkJqbBBoNNTxK0xVq/HYxah4hgO7zKA4/pyLUmC2o8au5q35nAKEmYONl+K87r97TH3dcxAFCTT19Po0KNi3qM2xusswf7AI1PO7GPf3vgCRJkvQyCWokSZLspp6j5npjGzI3H/qWoWYjPEu2KNR4z9ypoWZuR9QYlh6HYfkJlQ/BRhup4QM4tREaBk3ANp56dt0yUvNs1LTDhlBDMWpsn1OgEdRIkiTZfYIaSZIku+nZqGmyoqYBN5rbkL31CFxSZqGvmn72dqPGa8Y6DTWlW+BVXtstanyWHIPPsuMq7xUnYeApaBbU8CgNbxIQWHMDAQQZfzXtTAfNLfhvv6NQo6fDRYMNTz0j2NB9HTVmumXQmGrvw7T9nqBGkiTJjhPUSJIk2U09R83Nljbk1hzVUJP/9qPGs3AtPIs2dECN96w98J6796VQE0iYCVDraNrrjBpGSztsLKM1FtQo0AhqJEmS3poENZIkSXZTT1DzhP63AbfpAjl/+3G4pM7GO3lL3nLULIfH9DVqTY1X2VZ4V2yHz6xdCjVec+qeWlNjJMxw3a2pUVs6byPY1N4myNimoYY3C+CscKEYNQo2dF8Hj4luGTTGmnsw1tLPCWokSZLsNkGNJEmS3dRz1NyhF38bUeNdtg0+lTu6RM2L7H7mR/B4HmoYLYIaSZKkb0eCGkmSJLupZ9PP+Nm7dEFcsPMkQWUO+uQt7RY13Z1T4xRPqIkmZDBqYqYo1DiMT8APozLwt6TJGPMM1HweFoUhBJsRE2Lw5agY/HVULH4yPAKuQ8bhO19MwP8dEaWhZnQGnMfnEmomoV/CNIUap9RSOKdX0vuaTaiZrw7fdJ2yrH1NjWWjAM/K7fCs2gXP2XvgveAgvBYdto7U8M5nDBs+p8a09jxM6y9ZNwrgkZqOWzprGwVoa2u0LZ0ZLR02A2DAEFoYLqaaO+osGyt4bKafmbbegnnz19rvXn+RUHMBhqXH8IftF7C3vk1xk7d05q2drajhz1RQI0mS9NoT1EiSJNlNL44at7S5rx01w2JTeoyaf/gyuH2kxoqaAvSNn2pXqFEjNtb1NLzLGY/MEGI6j+JYUKPAI6iRJEmy2wQ1kiRJdlPPUXOPLogn7ToFt/S5z9wo4JugZkJMJsbEpHdAzfCI56BmaAj+gR7rPypJQ824HDiET0SfuCnPRk0hoYY3CrBBjdfM3a8FNXratDMLbPhwTcsBm51Ro08/E9RIkiTZb4IaSZIku6nnqLlPF8STd5+GR+b8Z55T89KoicvD+OgMhZqhMckYEpOELyMTCTXxz0TNd4eF4rujY+EwOlmhxolQ0z8sH+9Y1tR0hxpeU+MxY32Hwzf13c9eNWp4epntFDMNNk+vqbFFjaGGoLNFUCNJkmSvCWokSZLspp6gRtsogFEzZc8ZeGZVo3/BiteGmtHRaR1QMyz82ah52ZGaN4maZ43U+G7viBqeembYdhc+2whBghpJkiS7TVAjSZJkN9kPakbHdkZNIr6ISCDUxL2WNTWMGndGTbGGGttzat7kmhpGje3hm4IaSZKktyNBjSRJkt3EF8B87csXvM10ly6KW/kBRk0bgYYea1OXzrhDL51Udx4+2dVwKlgGV8bBS6BGbelsg5ofRKZ3iZrB0RpqhofFYUiohpphhJrBY2LwZ0LNzwg1np+NwztDJuB7w7TdzxzHtO9+5hg7DU5JJYSacrgQatwINR651Qo17pOXwn3aKrjzupriTfCyjNQYZu+CzzxGzQF4E2p8CDWmpSdgXmFBzeqzMHeFms3tqOFsUeNnQY3/Di3fnfo0M96+mUdv+LE76nEFn9q7BCNeT0Oo2XoTxi0aasyEmgALav5UK6iRJEnq7QQ1kiRJdhOPxDBmNMjwqA09RDd8IdxI9x+jreUJfd+Kq/R43t4LMOXNg2P+ArhMXAS3iYsVbGxR40Kocc2aA/eM2XBLn0WwqVBn1bgmlcE9rhTuUUUKNd8j1DiHJOGDsBR8FD8RY+I6bhSgTz8bER6PYWExGBoWjSHjo/DJmCj8flQM/vnLcBg/GQPnz0LQb1g0+o5ORN9xGXAIyYNzeAEcI6fCLYlAk1KpcOVK78c9Zz48CTWek5cRalbCc8Z6eJZshkfpFniUbyXY1MJnzh4Y5++HccFBmBYdgpnPqll2HL4rLOfVrDsH3w2X4LfpCvy38sGb1+C3jUHzNd2/gYBtN7Vqbqn8Kb9aaju1g5CjIuAwYnYRYHbdpghAO+i19LqAbXfo99Brtt4iGN1WqDFtIdTwn8ln5Cw6go+2X8L+Ru2cmiYdK2yZFtaooEaSJOlNJKiRJEmykzTSNKGljeeg0cWwddoZj9LwVLQH9Phjer4Nl+kaOXfvRULNXDjmVWuYeQOoGRkWj+GhMRgWGo3BE6Lw8dgo/G50DP6FUGP+eAzc/h6C/kOj0YdQ02d8BvqHaqhxItS4E2pcLahxs6DGa6KGGo+pjJp18OI1NYQazzINNYa5u2GuPgDTQgLN4sPwXXoM5uUn4LfyFHxXE2rWnoXv+ovw3XgZfluuqny30u22rxVmAgkxnBU19BhjRR3GuZPAYimAQOO/+w58d92CefcNQg1BqJZ+fis9t4UAZEGNgbBkZNRsvAR/Qo1p4RF8XHsJBxoENZIkSb2ZoEaSJMlOehHUXKLHs/echzF3NvrnznsrUOOWWKahJm0m3DPpPeVUwzN/MTwmLYWnGqlZq6afMWq8yrdZRmp2wTyfUXOwA2q0kZpTMBFstHU1F2HedFll2kzA2foVgmpvWwukOqOGR2lsYSOokSRJensT1EiSJNlJL4MaQ84s9M8huLwFqHFNKCXUVMGV3ocHvS8Peo+MGvcCRs0qeBSugQcfwEmo8a7gzQK2w3v2Thjn7YOh+gCMBBsTbxZggY1p5UkLaggXhBoTQUNHjS/BQx+l6YwaP8saG9/tBBVLDBzfnQQaQY0kSdJbmaBGkiTJTuoRapoZNa0KNVm7z8Eneyb6vUWocUmuVO/DI2ueDWqWwGv6arjzDmhFG+BVthU+lbUKNV6zdsAwdy985u+HYQHBZtFhhRpeV2NcQbCxGamxRY15M6+veXpNDee7TdsVzUxo0WPYmAky5p2UoEaSJOmtS1AjSZJkJ70Iai7S85m7zsI7qwp9s+e8FahxiS+xosaT3ptHXjtqvAsJNGpbZw01hqrtCjWelHEuj9Ts7zBSw6jhkRrzmjMwrzuvFu4zaHw3X4F5C7X5Kn3/FX2vbRjAIzQ6avSRGh0z1mSkRpIk6a1NUCNJkmQn9Wz62RM0W1CTsfMMPDMqX3ykJrkcLomlcIstgdtrQI0Do2ZMUgfUOEdNU6hxTqqAa9rMTtPPbEZqCDU8/cx2pMY0j3c/O9DF7mf6mhpt+ll3qPHbcp1Q0g4b2+ln+g5ovKZGoeYZIzVmilFjogQ1kiRJ9pWgRpIkyU56FmqaCTVtrffpwrgeTXRxzKhJ33Ea7mnlcMidp0DDOFC3Fti45cwn2GioccuYpTDBozROSWVwTiiBa0wxXCNnKNS8E50Nl9BkfN+CmtFxXZ9TMyI0DsNCojE0JAqfT4hUqPn9mFj869AI+H4yVqHGcVgM+o5NRt8JmegXkkuomQSX6OlwjiuGUyKBKrWqw0YBbhOXqN3P3KathtuM9XDns2rKtynU8EYBPP1MH6lh1Oi7n5lXnYaRbg2rz8Kw9jyMGyxT0Bg1W65pmNEj1FjPrdEP5LSghkHDtzz9zESoMe2i19uiZiu9ZtttGDffgHHbdZgpE/1ZjBrzoqP4uOYi9qtzalrQSB8Yo5Ph0tJMH5KgRpIk6Y0kqJEkSbKTXgQ1vKUzj9S4p5er3c/sCTUOjBrLSI2GmoIXQo1HyWbrRgGMGp85dfCZv0+tqXkKNatOwbimI2q0NTV8ACcflGmJYGOtE2r0noca05Yb1pEaK2oWHsFH2y4IaiRJkno5QY0kSZKd9LzpZ21tlulnra24Qk/zRgGMGp5+ZleosZl+1lPUeBJq9I0COu9+5j17D7zn7X0KNXxOjYlh0wVqTJbpZ/oUNLOlzqixhQ1PP3sWasxbb1rX1Nii5i9bzwtqJEmSejlBjSRJkp30Iqi5Sk/n7DmvoSab0GInqHH9NLjDRgF9g3PgFKatqXkeavQtnW13P7NFjU/1frVRQOc1NZ1RY9zEsHk+amx3PlM9DzXbtDU1hs3XYFx/Af686xqh5k+bzxJqWgU1kiRJvZigRpIkyU567kYBbQ8Vanj3s2v0dG7dBXikV6Avo8UOUfPOuHQLaiY+BzWL4TF1hUINH77pXb5N7X7mM2uHQo1hDm/prE0/s93SWe1+tvqM2ijAuO4CDAQNho1CzaYr3U4/s939rANsLBsFdIcaffczn01XYaA/T6FmwWH8YeNpQY0kSVIvJ6iRJEmymzTW8CUx/5dhw6gh29DdJvrmMd2pV6i5To9N3HsBnmmV6ENocS3oCjXVhJp5nVBToaEmvhSu0SVwsUGNM6FG3/1MR82omNRuUTN4fCQ+GRuJP4yOIdSEw+/jMXD523j0/zIKfUYl4Z2xGeg7IRtOofn050zpEWq8SjbBp6IdNT5zOh6+aVhIqFl8BIYlR2Fcfhy+NqhRMWo28k5oV+C3xbKds962m1o1t+Bfy1s0E2BqtPNqePqZ/y59BzR67XZCDb0ukDCjoeYW/GrvwEi/03vjZTUyxKgxEGp+t/409inUtBJqCCu2qGHVMGj4gxTUSJIkvbYENZIkSXaSuuhVF76Emza65OURG7oW1q6H6SK5jWHToG5v0eum1tFFdeZc9M9dALdJSwkHS+GavwTueQQFC2p4tMYte67Nls5VcE6ugHNCGVxiSuEcWYQ+0VPx3agcOIam4P2wVPzVgppxUekYEZ2ML2OSMCQmEUMjNdQMnRCNL4OjLagJxx/HRODnw4Lh98kIuHwyFv2+iESfkcmEmkz0C86Bc1g+XKOmwCl2BqGGQJVaqZDlps6qWUgYWwRPQo379NXwLOZzajbDp8qypoZQY5i/V43SWEdqFmmoMfHamjVnYV5zXjuAk+JpYeogzg2X4LvxKvw2fUW4+YpQcx0B2250OKvGr/Y2fC35b78D/x134ccjNoQcf3peAWgrvW7LDfjSz/vSfRP9LuOmywpQfmvOwbP6EH617hTqHreingjDqGlq1VDT2sJDbZbhNv4s6ZY/W/6PoEaSJOnVJqiRJEmyk9T/o0/XwK10AdyEBrr05bNptKGaVrombqLX8EkorQSbe/Taoj10QZ81Hw65BJqC5TaoWQK3XIJNDmGHYUN4cM+YA7e02RbUVMI5sRzOsWVwiCzG92Km4jvROXAg1LxHqPlLXD6hJl+hZnhUEr6ITcSXsfEYFhWvoWZ8LMWoicCn40Lxp3EhhJqxhJqhcCXU9B9CqBmRgj6MmgnZcAnLI9QUEGoKCTUEqdQKuGbMVFPj+ABO90mEmmnL4V64Ch5F6+FZupFQs5VQU6umn/nMq1PraXTUmBYfVVPQzCtOqsX6vrxg3wIbM2HDl1Djy4dxKthcIdhcI5x8rVATyKM0lhEbnk7G8QgM5197lzBDt5bneftnM/2M2u1s61eEmq/UVtG+Gy/Dl/8c+jPd5x/EL9eexJ6H7ahppM+mlfHSygjtWBshRxuPE9RIkiS9ygQ1kiRJdtLzUMMXzDpq7tNrS+roYj5zPvrnEGJeEjWOUSUdUPMu9edXjprcb4Qa77l74D1/n4INo8a8RFtTY15xCv6rz/YINe2jNRpWNLDcUllxw6Ch25dBze4HGmoYnrzlNo+stbbyKI2gRpIk6U0kqJEkSbKTeoSatkZ6iFBD90v20kU8oaZfNgHmJVDjEluuUPNO7DRCTe4rQ00/Qs07w5PxzpgM9B2fBefQb4KaHfCasxtelt3PdNTwts6+K0/Bb9UZmAk2ptXneoQaXlujDuDccp2gctMKG7NlIwA/un0Z1Oy6z2tqLKjhz5P+I6iRJEl6cwlqJEmS7KSeoqatrQEP6YK4bN8FhZq+WYteCjWucRVwii7tgJpBocn4U2weRlEvgxqXj8eg3+CITqjJgUvkxFeOGh6p8V3JZ9WcgXHVWRh5xKYL1PDaGt/NDJuvqeuqV42anfda8Zg+PqILf1yCGkmSpDecoEaSJMlOeiZq6EZt7UygYdQ8pvvlBy7BmDEXfTIJLy+JGueYMvSJm45/INT0DyHUhBBqYnK/EWr6fh6O7w1LwvdGp6PPuEw4hXwT1HS/poY3CmDYGAk2z0ONeRPDRjuzhlHDaLFOO3sFa2q2323FI/UZtaOmTVAjSZL0xhLUSJIk2Uk9Qk0roYZi1FQcfPWoGRiShD9+E9R8NPrVouYZu58Z+aya5SdhINQYVp55LmrMmwgkjBrCikKLBTMKNNsJNNxLoqb2TjtqWgQ1kiRJbzxBjSRJkp30TNTQlXIDPc8bBbS01uMRvX72sa/gR3D5bvr8l0KNvlEATz/7B4KMQ2iqNv2M7vOaGj6nhlEzJCYBX8QQZqLiMCIsDsMmxGF4cCy+CI5SqPnj2GCFmsBPRyjU9BusbRSgTT/LhMOELPrdOegXNRWOCcVwSauEe+ZshRrectoln97jZHrP01cq1HiVbYJ35RZ4VdXAk2DjMWsXPOdqozW2GwUwaozLT8BIoLFdU2ONUOO/+RoCtvDOZ7xJgLamRkeLPlJjm9+29t3RtNfcVKgxEmYYNAb6nX6brsDMfxb9mYYlx/HLdSex5XoDf1po5I+QaqEPjAhKnxs9KqiRJEl67QlqJEmS7KQXRc2c41/bNWq03c+y1EiNU3jeN0DNTnjM0XZAMyw8pEZqfPgAzqXHnosav01XCTa8SQAfxGlBjQU2ghpJkqRvT4IaSZIkO+lFUPOYXj/3BF2k5y60T9SMTEXfcVnoH5wDVwIN737WP2qaBTUV6vBNlyx6T4Qa14kL4D5lqRU1PP2sHTXb4TlbG6nhzQK8qw/CZ8EheBFuvAk2z0INH8Jpu/uZvlGAoEaSJOnbl6BGkiTJTnoearTdz9pRM//kTQTkLrIr1Dj/dRT6fh5hRY1DSC7cIvLhFj0J/aOnwSmhxLqmpjNq3Ak17kXrOqDGa1bH3c8YNJz3osPPRI3JghrzhstqTQ3vfqZvFCCokSRJ+vYlqJEkSbKTnocaPv+ktbURLc1PCDWtWHD6NoIIMW/LSI1jzHQ4EmqcUsrhkl6lUOOeW602CvCYSu+fUOM2Yy3ci9fDq2LzU4dvdt4owGfJM6afKdDwZgEEEG7TVTVaI2tqJEmSvp0JaiRJkuykZ6KGbuiSmG4brKhZdPYuBhBkvpdOcHkL1tR0QE0ao2b206gp7ISaOTut089s19Qwap61poZ3P1O7lPEojWWkhtfVBBBUOEGNJEnStytBjSRJkp3UM9TUo6XpEZ4QahafvY2BBYu/AWpKCTXFFtTkE2rSMCgkFX+k+6OsqEkk1MQRauIxLDIBI8Potoeo6bz7GaOGp5+5JFtQk9GOGk9Cjfu0lXAn1HhYUGNQIzU74F5FzdamoBmqDyrU8Fk1OmpMK08Ras7CvKYjangtjS1qePezwJpbCKC6Q43ZBjS2qGHQKNSs74ganyUnCDWnsOnGk3bUMGfo8+EVUBpqWij6EOm2jRLUSJIkvfoENZIkSXaSQg1d/z6FGv4/+emG/7//NtTTN3wB3YYV5+7gw2nL8U7aPHhMIhQULNMi1LjmLIJrdjVcsubBNWsuoWYuPCi39FlwTZ0J16RKuMWXwzWmGH3jZ+B7MZPQPyQLQcEZ+J+oPAznc2pi0zEyLglD4+MJNQkYFpGIUaHJGBGSqFDD59T8bWwIoSYE/zZ8HAI+HQ73T8ej35BIdU4No6bfhGw4h+aqkRqH6GlwjC9WqHEl1LhmzlHn1HgWLIIXocZj+ip48pqakg3aSE3lNnhVbYf3rF3wnrMb3vPqYFiwH4aFBwk1h2FcehRmRs2KkzCuOk2oOQvftefgp1BzmfDxFfW1itfS6PH5M/oZNJ1jxPjWXFeZt9FrKT6fhqeuBdbcgJFRQ0jyW38FvmsuwmPhcfzbmuPYeOMhGgk1DM9m+rCaeaSGP9dWpVTtA6Rbfoy5I6iRJEl6tQlqJEmS7KTno6aVntNQ02hBzT8SavqmE1osoOHRmu5Q454+R6HGJaUKLkkVcI8vU6jpF8eomUKoySHUZOK/I/MwjFAzllETn4Av43ikJgHDI5IwOiQFIyckvRRqnKKmwSmuI2o8O6Nmxjp4EWq8y3XU1FpRY7CgxmhBjWmJhhozoca8ikdrzrSjhvDhu4FHaTTYKMxsua71DNSYGTO1HVGj7ZxGqKHnjesuwZ9+L6PG3AE1D7pGTYuGGT1+TFAjSZL06hPUSJIk2UnqwrcnqGl9TBfQrVh14R5+XLgS/TLmPYUaffoZo8Y5YzYhgkol0KRWwSm5As4J5XCLLSHUFCnUfDd6MvoFZyNwgoaaoTG5GBOThhFx8RbUxGNYeBJGhSRjxPhEDJsQ8xRqAv8+4g2j5og6hNPEsFFT0M5YRmt4GtpFmNZdhmn9VZg38M5nGmr0c2peCjVbr8O49qKGGv7dqy/AfcEx/Hz1MUGNJElSLyeokSRJspPUhW9PUUMPrL54Hz8tWg2HrGqFGb0XQY1LdBH6xhbiH6J01GTgNxG5GmqiUxVqvoiNxZBoRk0iRgUnY/i4BIWaz8eFK9T8aVwIfjFiPII+G9lrqDGtbJ+CZl57jrpAAOkaNS87UhOw5WsY1lzUpp4JaiRJkuwqQY0kSZKdpC58n4Ea3jerte0JveaRFTU/K14Dx+wFaoMAHTUe+Rps3HMXwjV7PlwID2489YxhkzYTzimVcEmssKBmhgU1k9B3QhYCxndEzfDYuA6oGRmcZFeoMS491gE1arSGUdNppMa8STuj5ptMP9NQc0FDzdpLVtT86ypGzX1BjSRJUi8mqJEkSbKT1IXvC6BmzaUH+OeStXDKIbx0gxo3Qk13a2rc4koVavrETLdBTbpCzZfRORjdATVxGBqWoNbTDBsbj6Hjo21QE4p/HzkBAz4fBY9eQI2RR2ssmwVoU9B4pOYizIQPHTWmjRpsOB02L4saHqUxE2qMq87DrfoooeaooEaSJKmXE9RIkiTZSerCtweoabMZqXkuanKqn9r9TKGGR2oINc5RGmr0NTWMml+H5zyFmsFRPUON+9/God/gCBvUZBFqtHNqdNQ4J5dZUeOeMx/u+QSbKcvUls7fZPpZ5zU1Zn2UphNqeMTGl2Bj2spw0TDD99X3L4maTTcf8Kel1joJaiRJkt58ghpJkiQ7SV34vsBIDW8UoK+pcclbrGDT+Zwann5mO1Kjpp/xOTWWNTXOUYUKNX3ipsEhNBf+4zTUdN4owHZNDaOm80YBPP1s4Oej4fLxaPT9PBzfG56sUMPn1DiFZMM5Ih/O0dPhSKhxSiqFS2qlOqeGp8Y558yD+yQC2ZTl8ChcC08+p6ZsUw9Q03H3sw5bOq+/pEZq1Hqaje2Y4VEaM91yRkKKjhm+b9hMryPM+G7nrZ3bUeO7hdfkXHsmarbcfox6QkoDfXbEGTS1EFkYMYIaSZKkN5KgRpIkyU5SF77fYtQ4Rk6FQ8wMOCaWKNS4Zs5WB4O65tJ7nLgYLgybaavhPmMtPEo2wLN8CzwJNs8bqbHd0lnBZt15K2o6r6nRR2m4DtPOLKM15loCjaBGkiTprUtQI0mSZCepC99vMWr6h09G/+hCOCboqNGmn7nlVcOtgN7/5GUKNR58AGfpRnhVbIVnVU2Ppp89b0vnzlPP9DU12mGbNwU1kiRJb3mCGkmSJDtJXfj+L0WN+yR6z1OWw336mheYfvaMLZ1tUKOyrKkR1EiSJH07E9RIkiTZSerC93/l9LNqeExeCvepK6xranijAJ+qmpff0tlyTo1xnTYFrauNAhgytglqJEmS3t4ENZIkSXaSuvB9g6hxtUFNXxvU/Co8F1/G6qhJwFBCzRcW1Ixk1IyLey5q3rFBjaMFNU7R0+AYWwSnxPaNAvi9ufAOaJPovVtGanj6GY/U9GT6WXdbOpsUaggeOmpsd0Aj1HAmgg1DRo83C1A7n70AalytqHliQU1rJ9SoD9Qaf86MGn4N1/nfAUmSJOnlEtRIkiTZSerC9xmoaeJRgNbH9NhjNNIF8crzdwk1q57a0rlr1GiHb7qkVlkO3ywn2JTAkUDTL4awET0VzhNy4Ds2Hf9OqPl7fB5GxqZjVEwiRsQQYiLjMDQiAcPCkvDlhDgqGkPGhePTMSH4M6HmP0ZMwLufjYLbR2PQ/7Nw9BmahHdGpaPPuAz0D85SWzo7EGocCDU8UuOcUkGomWVFjVpTY4Ma3iiAUePFozUzd8Jr9i74zN0Dn+p9BJsDMC46BCPBRkeNccWJDqgxEz5MBA8zA2QD74JGbbwK300aUHw384gNAWeLlklFjzNkCDR8a95Kr+HnN11V+dPrjer8m8swrKbfT7kuOo6fLjuMTTef8KcFIid9XIQa3tKZEdraqH149Nlpt0QaVdf/DkiSJEkvl6BGkiTJTuoxatqeKNSsOHdHocY5d5GGmYJlPUdNUjmcCBf946ahP6HGOXIKXMflwjw6Hf8SkYuPEyZiaHwGRsckY0xUHEZEMGri8UV4Ar4IicMXjJqxhJrRIfgLoea/hk/Ae38fBc+/joEDoabfl4SakWl4h5DUf0IWHMNyu0SNvvsZo8bNMv2sI2pqXwI1Z6nzajSFR1X81NbOV+BLqPGzoqY9M2FGz5cgo0Zn6FZ9T8+bNl5R8c8aCDUmQo33qnMwrbmoUPOPSw5gw40G1FtQw7hppM+Kx2JaWum7Nv4A9Zopeq7TZy9JkiR9swQ1kiRJdpKg5u1Bjc/q81bU/HCxoEaSJKm3E9RIkiTZSYIa+0YN/zyjhn+XoEaSJMm+EtRIkiTZSYIa+0YN/w4dNbxhAP9+t8Un8INF+wk19YIaSZKkXkxQI0mSZCcJauwbNWraGWOGfhdvGMC/m0dqPly4T1AjSZLUywlqJEmS7CRBjaBGkiRJerkENZIkSXbSc1FDjyjUUI10n7d0/lnxaoUaBg1v68zn1SjQUO65Cwk21XDJJNCkz4Zr6iwFGqfkCjgnlsExoRj94qYq1LhETYXb+LwOqPkiLh0jIhMwOiIGIwk0w+j+kLB4DJ4QY4OaYPx5TLBCzfc/Hwuvj8cq1PT9MlFt6dx3PIEmNEdt6dw3YjL6RU1H//gieg/lVtS45VXDdeIiuExeZt3S2bN0IzzLt8CdYONZtQOes3aqs2q85+8l2OyHYeFBGBZ1jxrftRfgv+GqNR01vC0zb8/MSGGw+G1pR4xp81UravTH+HkdP8Z1lxRs1BQ0utXX1Lw/fw9WXr5nQU0bfWpUSxOaWxoFNZIkSW8oQY0kSZKd1GPU2By++bOi1eqcGh016rwaW9Rkz7cb1PSLnIL+0YVwoD9XH6lx5zNqXgNqzIQaHqHRUcMY0VHDZ9UwbDqjpvNITVeoYRzpqDFazql5b95uLL94p0vUtLbxOTWCGkmSpNedoEaSJMlOeiZq6PEmgowtatZcfoifFa+BQ1a1mnbGMWr06Wf2hhrb6WcuqZVwzZytUOOev+C1ooZvGTUMkq5QowNGR02HLKDpjBoT3ddRwyM1T6GmlVFDDBXUSJIkvZEENZIkSXZST1DT2kaXzRbUrLv6CP9Usgb9MuZZUaOvqVERanhNjb2gxjFmOhzjiuGUVArXtCpCzRx45Fa/UdSoNTU2qFF1howlfU0Nv5YzWFDD62pMa9tR80F1nUINr6d5TJ9jA2dBTZv68AQ1kiRJrztBjSRJkp30PNQ00v3Wtnq6Ln6oULPhqyeEmrXokzZHW0vDoClYBs+JhAMereGNArLm2R9qEkvVSI1LxmzrRgGvHDVrzls3CeBbfT0MT0GzhQrHa2kYMLbT0Kzpr9l4hVCjHbzpvfo8jGsuKtS4LzmpNgpYev4WHndCTQsFMGIENZIkSa87QY0kSZKd1FPUtFpQs+l6A/6ZUPO9lFlvBWqs088StN3PnNNnqZ3ZXHIINm8YNTps1K5m3aBGPa6/phNqDAQaHTV8Ts3S87c7oKaR8NLKgBHUSJIkvZEENZIkSXYSKUZdA7cSWDTUNHZETUsrva6ero011Gy9Xo9/IdS8k9yOGo9Jy3uMGidCTX8b1LgSakxjNNR89KKoGaGjRtvSue+XCTaoybaixpFQ4xRPqOHdz9JmqvfmzKM1+YvgOone97Q18LSgxqvsm6NGzxY1fryuphNqGDP+Ndd7hBqvVecUaDiPpafww8UHsOSCjhoQauhjbG1RONVRw9PQ2tR9pVZrXf17IEmSJL14ghpJkiQ7yYoagkwTgYb/Fy18haxdCzfza1oeUQ/wpKkZe++34j/K1qNPYiU8CDJdbensnrtATfHqcE5NcqVCjXNSCRz4nBoCjXPUFLhOINSMTcfPwrPxl8SJ+DIhAyOikwg0MRgWFoMvw2LxhUJNNKEmCoPHhuBvo8cRaibgVyMn4AdDxsH9L6PQ/+9hCjV9RqWiz7h09A/O1KafRU6FQ8wMOCeUwJVw5WaZfuaWMx/ek5fBc+pKeExfq1DD59R4lm6GZ/lWgk0t3Ku2w2Mm4UadVaOhRj+nxrT8BEwrTyrQ+K49B791fEbNebXlMsfn1fBaGDVKwxFUGCt6jBc9swLP1yrzJrq/kZBj2RKaf4/aSY3AZFpNsFl1Fh5LjuNHS/ej+ux10CejgYY/ypYW+szoQ2tpps+2Bfp/2gij6nNm73ACG0mSpFeSoEaSJMlOUhe7PCpDF7pN9B81fYkvfBV0bFDT/AD1hJr991rxy/J16JtY8VKocUkk1MR2RI2RUPNTC2qGdELNUELNl4SaId2h5ouxhJqRhJoQG9SkEWoyCDU5CjWOFtS4MWrSZ8MjS0ONF6Nmygp4MmpmrIOXDWo8dNDM2gmveXU2qDkCw5KjT43UMGx8113oMFLDIyx6ZoLNN0ENjwK1o+aYQs38c9fxgD4qbZSGPsNmBg3dsaCmmT5IrkX/nOkz1VBDr7X5d0CSJEl6uQQ1kiRJdlKPUKO2dH6IerpoPvigFb+qWI/+SS83UmMvqHEl1HgWLIH75OVwn7oaHoVr21FTsQ1ejJnZu6zTzwwLDsC46JAaqfFedBg+BBufZcfgs+IkDCtPWaagdZx+1hE1BBRBjSRJ0rcqQY0kSZKd9CKoabCg5teVG9A/uertRk32fHr/9H55TU0XqPGepYHGZ+4eQs0+K2p4TY3XwkPwXnwEPkuPwXv5CYUabcTmnDbtjNJRo2DC2YBGUCNJkvTtSFAjSZJkJ70oag49bMVvqjbC4a1HDb2//EVwK1gKtymrrKjhjQJ01OgjNV7zbDcKINAQbBRqbEZqdNTwQv7Oa2q0c2raQSOokSRJ+nYkqJEkSbKTXgg1dMF8+NG3CzWuFtTwts46arwqt8Frpjb9jPOcW6dGa7wJNj4EG336mWHZcYWa9h3QeLOAbkZqZE2NJEnSty5BjSRJkp30fNS00nOEmtZH6swaHqn57ewtcEyZSSggEExcqlDjmrOoHTU51c9FDW+1rKPGNC5DoebPhJrBhJrhUYkdUPNFaByGjO8aNR8OGfNCqHFNm2XdKMB2pKYr1PAmAaq5e9RojYaaQ2qjAMPSYzAsP24dpeEtnX3XXrCeUWO7pkZt7UxA0bdpflHU8O9k1DBoOPfFRxVqqs/feBo1fEdQI0mS9EYS1EiSJNlJz0IN7wTMZ5+0EGjQ9ogeblVrav68cIcaqXElzPDBm2q0JnuhFTVu2fPVAZcdUEOgcEkqJ1wUwzFuGkFjOpwjp8CFUGMen4mfEGr+lJCPz+PT1dk0IyKiMTw8llATh8HBsRg8LopgE4nPxwTjk1Fj8afR4/FfI8bj+4NHw+3PI9Dv02D0+SIe74xMwTtjU9FvQjocw7IVapxii+jPLYVrcgW9l5kKNR55C56xUcBWeBJq9N3PPOZo62p8eF2NZUvnLs+pIdTooLFFjYLNhvYYNsZN2lk1CjWb+Pwaggxl2kj3N1yjn6Hn6ef49/CUNgaTz4rTCjVui44o1Cy6eFuhpt4WNU2UoEaSJOmNJKiRJEmyk3qMGqqFHmDU/GXRLjVS48qI6YQadfjma0QNj9R8MkobqWHU8EhNz1BTov58fi89Q41lO2eegtZhS+fDHbZ0bl9Po00/s66noXTQ8IiL6Ruixm/dRfqzzlhQcxj/uGSfoEaSJKmXE9RIkiTZSS+KGp5+9tGS3XBKnQWX3EUKNTwFTZ9+xqhx4TUrrxg1Q8a3o6bz9LPnocaRUOMU344a90x6b7nV3aOGz6mpbD+nhqefta+paZ9+Zuyw89kZtebF9vDNV4Ea/j2MGv/1dEug4T/DdeFh/HDxXkGNJElSLyeokSRJspOeixq6OO6Mmo+X7oEzY4Ug8yZRw2tqhowLJdSMx1/GBls3CnD788huUeMQMUWtqXGKL1ZrepxTno8aD0KNW3kN3CprFWx4+hmvqfFi2Cw40GFNjb5RgAabjqhRa2kssNFB801Qo34/5bLgEH6wqI5Qc0tQI0mS1IsJaiRJkuykHqOm5aFCDe9+9smyOjinz1Go8ZhEKGDY8FQ03jAguxouma8eNV9Ydj9j1Hw65sVQ40CocYzTUVPZA9RsgWv5NoUabaSmTqHGkzcLINT4LD7SATXW0Rqb3c8YNoa17Rl5pOUlUcO/K4B/zgY1Hy7cg4WCGkmSpF5NUCNJkmQndY0avkq2RQ1v6ayN1DBqPl2+Fy6EGufshS+JmulW1DgTakw2qBlMqBlOqBnZA9T8elQwfmhBTf9uUNM/fPJTqHHj95Xz7Oln7lUaaPjwTUO1dvgmbxTgs+CgQo2+pbOhE2p4DYwtanzWXID36vMwrCPYfEPU6Ns6M2q+v2C3oEaSJKmXE9RIkiTZTdqFbiuBpQkNdNtAF798cUwXvnTTyNhppcda6um2DQcftODTJTsJK7PgkrPQOv1MTT2zmX72rC2dHeMK0S9a29bZISQP3oSaH4Zl4Y/xefgiNgMjIxMxmkAzgkDzBfV5aDw+D47GkOAoDFaomYCPxobgv0eF4MdfjIfXX0fD6dMQ9B0Sh3dGJKPvmFT0H58Oh9AsOEROQv9oQlT8DPrzS+CcWkGoma2dUzNxEdwmLYX7tJVwn74ansXrCDWbLFs6b4f3bEbNbpiq98K48ABMiw7AuEg7gNOw9AgMy4/CtPwEjCtPUgSb1bwDmjb9jDNaMhBsTJapaGZGD2/VTPHBnJzJkpEe4xg0PHWN49drGwVcIjzxls7n4Fx9BO9X70H1pdu4Tx/fY/oMmyiFGtZNK90yRi2oIeLQ50oPMWwUaLiu/l2QJEmSXiRBjSRJkt2kXezyKEwj6uni9wldGJNoLKipb2kj2NBlcWujAs6Be834+8JauKdXwTV3QZdralyz5neLGtekMjgQavpETUe/GMJNWD7cCTXfD8vE7+Py8CWhZnREEsYQZkaEEmqoz8Lj8WlIDMEmCp+P11DzMaHmtyND8FNCjemjsXD+NBT9Bsehz7Ak9B2dCgdGTUimBTXTCDWFcE4qgUuahhqXbHpv+dWEmsWEmuWEmpXwKFpDqNkIr4qt8Kqqhdcshs0OGObthrG6jmCzn1BzgFBDsFlyGMZlGmrMvK6GYbPqDAHkvEKIDht9OpoawaH41pfQwvkRYPz4UE6FmfY1NzpoeKSHf8aw6jzM9Lu8l58h2OioqcP8ixpqHtmihkfZukANPaI+Z/V5q7r6d0GSJEl6kQQ1kiRJdpN2scuHbHaPmhYb1DRZUFP5DVFDoCHU9A2bqFDzgQ1qxvQ6arbAo3IbPGdaYDNnp4KNT/Ve+CzY99KosY0P1FQHdW7QR2uutLfesrkAwYZfq6PGZ8VZK2rem78H8y7c6gI19GF2gRqeeSaokSRJerUJaiRJkuwm7WJXUNMRNZ5VNdaRGkaNz9xd8J7P59Xsg89C3izgEAzLjijUWKegPQM1XeFGQ402Dc28SYtRo7aAtsCGf4ZR40u3jBoj3ddRM/d8N6hp4QVRghpJkqTXnaBGkiTJbtIudgU1Nqip3AJvtaZmB3wsoLGO1NiiZukRdQgno8agDuI8/VzUcLaw6RFqVp5TqOFbHTXv0vuZffYG7glqJEmSei1BjSRJkt2kXewKajqhxjJKo6NGH6nxJth4L9gPb56C9gKo6QwcHTVmhgsjppvpZ/xzPjaoMdHvdpp/GIPo/cw88zXu2qBGAw3d4c9PUCNJkvTaE9RIkiTZTdrFrqDm6eln+poaL8IN5zl3N7zmEWwsqPFZelidV8Ow8Vl+/Lmo6fyYjhoFmA2XYVhPcOHzbCybBKjzbeh36ajhURpb1FSd/gq3BTWSJEm9lqBGkiTJbtIudrtDTQM910TPMWqa6cW8+9nH87bAI70K7nna4ZuMGve8JfDIp9vchWpLZ5dMQkO6hhrXtJlwSalS59S4EGycE4sJNDMINtPQP2IS3MZnaKiJzcOQ6DSMCkvAaEKMLWr+HhKLwSHRGDwhHH8bPR5/HT0B/z18AqFmHAx/GQ3Hjyegz2cx6Ds8GX1Gp6Df2FQ4Wrd07go1c+ExcaFCjdvUZXAvXAXP4rXwKNkAj/JN8KzsiBoeqfGat0dNP9M3CuA1NfpIDaOG19Twgn5bwNhCRh+d0TcJ0NfU6KjRYWOLGv45hg2DhkdqOM+lpzCA3lPFyau4Q1h5TDXT59jaRHzhc2pkowBJkqQ3kqBGkiTJbtIudnuKmoM6ajJmPoUaT759HmoSSgk1JVbUOEZNeTnUjBpvQc14hRqHj8a/WtR0t1GAze5nnVHDIzUmPpOmC9R0xsyLokYHjY6awFm1KD9xRY3UdECNOoWTE9RIkiS97gQ1kiRJdpN2sfuiqPHM/Oao6cuHYhJq1PSz0Ez8Lja3W9Tw9DNGzefjw9pHakYE42dfvh7UeM2s7XKjAMOC/d2ixmcFH8DZ9fSzrkDDvSxqAghdnVHTph++KaiRJEl6IwlqJEmS7CbtYrdb1NDzjJrWlgYNNfdb8LfqbfDKmv1SqHFOKIFTgjb9jFHjFD3V7lDjWb65w0YB6vDN+XsINPueixrDqnPadDFKB40+7ayrbNfUdIca3tKZMaNPQXNffAJ+FVtRdvyyoEaSJKkXE9RIkiTZTdrFbpeooccb+YK5tcWKmkMPWtVGAT45c18KNU7xjJoi9IulYggaMdPU9LP3QzKeiZq/BbdvFMCo+YhQ8z8jQ/BPQye8FSM13WUiwDwLNfw7OqPGbdFxmMs2o/TYpadRwxsFCGokSZLeSIIaSZIku0m72H0ealqa69VrDhNqPl+8HYbced8YNf1jZyjUuE/IxHsh6c9EzScTovHZhMgOqOHdz/55WPBbsaamK9Bwz0ONmnpmwQzvfMa3rguPwVS6SaHmlqBGkiSp1xLUSJIk2U3axW4L/U8zoaaNUdPSjpoGdcHcjpojCjU1MOYQWJ6HGsuWzraocYwvhiOhpn9MERxiNNS4EGoGhabjtxbUjA5NwChCzbCwOAyhPifkfDpeQ83gcaH4dPQ4Qs14/HZUMP5lKKNmFBz/yqiJtqAmlVCT9s1Q84K7nxkINSbe/WzteZg61PWojUkHTQ9Ro2/n7LPirEKNsWQjSo5cwg0dNYyWFkYNy0VHDWNGA02rYEaSJOmVJ6iRJEmym+iKl66FW62ooUvklkZ1ldxK18ZP6AWNbXRp3NaoLpCPPGjGF8u2wSd7FlxyFxAKlsG1YCmccxfBJW+xOrvGOXseXLPmqhg2run0WoKNc0oFHAgWTpRzDOEmfBr6RU1Bv5AMmENT8ZuYbHwRkYoxYYkYGRaLIREEmvA4DA5JwODxsVQUPh8bolDzyZjx+N2ocfinL0bD/NdhcP5oDPr+PRJ9hyWi78hU9B+TBqfQXCtq+Gwcp8RiOKWUq/filDmbUFYNF4KNy+QlcJ22Au4zVsOtaB3cSzdaR2rUaM2cnSqFmgX7YFx8GEY+eHP5UZhXnITvylPwXX0aZsq46jThg7d2PqvyXXcevusJJwQcnzXnKEKKBSyGdfQ4Acaobi9YM9vkSygyr6HfseoczCvPEqROwWPhUQRU1GDq/nO4Tp/fI/oIeURNYbSVaiaKkmLUkTX8MN220meHNpZqE32W9F2HfwckSZKkl0lQI0mSZDfRVS8DxhY1rXRRTI/x/+mvoYYvhOvpoVYcfdiMYYQaQ1bVM1HjYkENj9joqHEi1PQn0DhSblHFcGbURE/BO2EZMIan4teEmqEW1IyIiMVnURpqvghuR80QQs3fR40l1IzF7+n2n21Q0+/v4eg3LKEDahwj2lHDu645p1ao9+OcNQfu+QvovS+C65SlcLMcvskjNe5lG+FRuc06UmM7/ay7NTWmlSdhWsVrak7BtIaAs1aDje+6c4Sa84SacwSZ8+2gWX9JG5XhERpGjwU0L4aaC/iaPqOHFtS0MmgYLhbU8OgMg0bNSFOjN/QqlaBGkiTpVSSokSRJspuejRp6BE30H56Wxqg5/rgVw5fXwiez8q1AjVPkZDjETIdTwgy4JpfRe6mCO7+nnK6nn3mWEmjKNsG9Yis8qrQpaIwa3ihA7X62cD98Fh6Az+JD8FlKsFl6TMHGuIJgs+pkt6gxWcDCU8306WamjVdUL4oaz0XHEFhZ2z1qeKRNUCNJkvTaE9RIkiTZTc9DDS+vaUZLy2O1tfOphlaMXLnjrUaNB70vt9x5avpZ55Ea9+L1avqZW/kWuFtGa2xRYyTQvMxIzcuihkFjWq2BpjNqJu89h69sUNPWRh+aoEaSJOmNJaiRJEmym3qKmkcKNWebWzF69S54Z1S8FahxCC+wbhTgklRK76VSjdQwaly7WVPjVrqhy5EataXzQp5+duglUHPeghZtIwB9Y4DnoYZBY1ylgcYWNUFV2zF53/muUcMjNoIaSZKk156gRpIkyW56Pmqa+T/ND9UuaOdbWzF27W54pZe/BajJQf+wiegXOQUOcdPVmhre/UyffubWxZoaNVLzjDU1vPtZd9PPjASbV72mRkeNaQX9PkKNcflpeC0+rlAzae85XGsR1EiSJPVWghpJkiS7qeeoaSLUXCDUjF9f99KocUgutaLGJWJ6t6gZHh7zTNR8PHqMFTW+Hw2Hy8dj0f+zp1HTLzQffSMmo3/sNLX7WU+3dPao7Hr3M+/5e+FVvR9eBBuvxQfhs+Sogg1v6WxcSbB5Bmp8bHY/81mnpW3h/PzpZ51RM2DmDm2kRlAjSZLUawlqJEmS7Kbno4Z3P2ttfUwPtRJq2hC57Qg8UksVatwnL1ewYdCo82ryF8E1Zz6cCTMMGmcChI4al7QqOKWWwyGpGO4xpXCLLkKfyEnoG54JU2QafhWdhWF0y6gZGhqFTyNi8HlEPIZMiMdnY6MVagaPCcGnI8fgryNH4bcjxuBfvhyNgL+Ngtsn4+HweQT6D09Ev1FpcBibDuewXDVS0zdyikINn4/jlFKmAYu3dM6vtqLGzTL9jEdqeKMAt3Jt+hkfvsmjNDz9rH2k5iC8Fx1UqPFefEShhqefmW1BY0GNeS1FsOk8/UwfqVGoWX8RJpt4C2g9f3pebRZgAQ1PP2PUDJq9C9MOXARv6fyAaqAPsqWlkbxCaJE1NZIkSW8kQY0kSZLd9HzUNNmg5iJdKUfVHIVnGuHgGajhkZqnUJNa+dKo+XxcR9R8NGo0fku3/zJ0DPw+HgGXj8ai39/D0HdoPPqMSEG/0alwDNGmn+mocUoohjP9+fx+nLOejRp9TQ2P1DwLNfpIDU8/493PGDV6rwI1DBp9pIZj2PgsPYn35u7BtIOCGkmSpN5MUCNJkmQ3PRs1T7pCTe1R6/SzrlFT3WH6GYPGObWKqoRjStlLo2bIBGpsqJp+xqj53cix+FcdNTbTz/qMTOm4piZqKqGGd0DrOWo8KrZZUdN5TY33ggMKNd5LDinUtK+p0aafWaeg9RQ1z5h+Zlx9FoaVGmj0eLRGUCNJktT7CWokSZLsphdDzSW6Uo6uPfZc1Lhmz3saNSkVL42aweNjOqCG19T8jm7/ddjYZ04/493PGDX6RgH64Zsu2XOejZouNgrg3c9sUePDO6DZbBRg4FadVCnYrOZpaK8ONTwFjW95pObdObsFNZIkSb2coEaSJMlu6hlq+PDNFkLNZbpSjtl+3Lqlc5eoye0aNbxRwDdFzRfjwmw2ChiHn+uo+dt4OA6OhMOIJPQbnQbHcRlwCc97CjXtGwU8AzXlm+BZWWPd0tnLsq5GoWYBo2a/hpqlhzXQULxRgGHFcfis1GDzIqgx0OMGtTOalskm3vnMdktnRo33khOypkaSJMkOEtRIkiTZTc9HDW8UoKPmCl0px+448VzUuOXMfxo1yeWEmlILakq6QU16F6iJI9TE4ovgGEJNOD4bPY5Qw1s6a6jx/2QkXD8Zp0ZqbHc/cw7NhWPEJO2cmrjCHqHGowvUeOrravicGgaNBTWGpdo5NTpqfChvG9i8CtSo9TSU7yotHTW8+5mgRpIkqXcT1EiSJNlNpJaWTqhpaUfNY3q+mVCDlif0XCuu0ZVy/M6TMGRVwTmHUaBt6cyocc1fAre8hd1OP9NGakrRP7EIbjFFcI2aQaiZTKjJhjEsDb+OzsGwiEyMDU/C8HA+pyYWgyN4S2dCzbhYwk0MhowNx99HjcfHoybg9yPH4+fDx8Pv45GWc2q0jQJ01LiEZsOJfr9jzHQ4x8+Aa1Ip3NIsh29mz4V73gK4FSyCG59TM3UFPGasgXfJBniXbYZXRQ289Olns3eoKWgGfaOABQdgWKhNPzNapp/xAZzGFSe1s2pWnoZpJYGGz5chkJgJJ77rLxBsOJ5q1h6DRj+nhkHD2z4bKZ56xhsF8M/qIzU6avjwzUB6f9MPXsJN+vjUls6trWjlrZz5s5MtnSVJkt5IghpJkiS76TmooTTU8AhOK76iK+XEnadg7AY1fE6NS/b8Z6ypYdQUwjWakEGo6RvFqMmBITSdUJNrQU0yRkbE4/NoQk1kLL4MiVeoUWfVjA7HpyMm4OORjJoJ7aj56xj0/TRUoabfqBQ4jE2Dc0iWQo1T9HQ4xdGfl6ihxsOCGk9CjXs+IWwSYYxQ40mo8SnZCB8LarxnbofPLAINo0ZNQdsDA6HGYEGNYdEhhRqTBTXmFacJH9raF2uMmjXnFVL0GDf6+hlO3/XMdqTGihr6WdvDN3XUBJRvU6i5ZUVNC32G/KEJaiRJkt5UghpJkiS7qXvUkGHwhJ5/GjWnYcomqLwsapI01PD0Mx01xrAMQk2eBTUpT6FmyPg4bW2NDWr+MCoY/0b3n4Uann7mGDWNUEN/5itAjdEGNcYuUWMDGsrXghoTZwMWHTPmDZfUrQ4cQY0kSdLbk6BGkiTJbuoBanidRvMj9QBPP2PUmLNnvTRqHAg1PP3sZVAzZEwE/j4yWE0/01Hj/8koC2rC0G9owjNR45paCfeM2b2AGm1amQ4bfXTGd+PlDqjh9BEdlaBGkiTJbhPUSJIk2U3PRk39a0ZNv+gp6BeR+8Ko+YRAY4saPnxTR03fkcnoPyYVTsGZavczRo1jbCFcEkoINRUKNa5ZcwQ1kiRJ0jdKUCNJkmQ39QQ1TWhrakdN0i66wM55OdQ4pZbBMXkG3GN5B7RiK2pM4ZnPRg2B5ovgBHwxNtKKmj+ODsEv6H7A30Yr1PBGAbaocZyQoVDjEDmVUDO9d1GjY4ZirDBedNjYgkZBh+LXqNcKaiRJkuw2QY0kSZLd9GzU0D0NNY0P0dbSiquvHDVT0T8y74VQ89moEPyNQGOLGtePx3VATb/RKU+hxjmhGC4p5XDjwzfpfb1J1Piu06CipyNG3/FMraVhzGy4BD9KvYYeF9RIkiTZb4IaSZIku6kHqFHfPOErY1xubkP89pMKNU5Z8xRqOEYNx1s6uxFs+JwaBRpKbaFMkODT/B1TSjqtqWmffvarqFwMj8zGuIhUjAiPU6gZEhVHqOESNdgQagaPCSPUBKvdz34xomvU6CM1tmtqXBI7jtR45FbDfeIihRrXKcvgPn0VvIrWW1HjVVWrwYa3c+ZzaubVwTCfz6rpGjWmFacUOmxr39bZZkqZBTS2sNHj7/l5fVSHQcMpIK06B+Py0/BafBxBlbWYvO88vqbPiFFD7ERrC/0vTxVk3AhqJEmSXnuCGkmSJLuph6hpq+crY1xqakNc7YnnooZHajqjRjun5tWh5nffFDV51fAg1LhNXqpQ4zZt5WtDjT7trDNq9OlntrDRQfM81BTUncVXVtTQ5yWokSRJeqMJaiRJkuymV48aPnzTRZ96xqBhRKTNJNSU2y1q3KYuf60jNbZQ0VFju6bmZVAzcc8ZXKPPzooannbG22/L9DNJkqQ3kqBGkiTJbnodqJmvUKOvqXHlNSz2ipqCxXDnqWfTVlhR41226dWjxmb3M1vU8Bqal0VN3q5TuEYfjaBGkiSpdxLUSJIk2U2vDzXudMuwYdR0f05N76PGY+pyeExfCY/C1a8PNTZQeVUjNTk7TuAKGeUp1LTQg4IaSZKk156gRpIkyW56HaipBm8UoHYXo1uefsYjNa5pBJu0crtBjXtuNTwnLYbntBXwLFyldj97Xajh3c94q2Z9u+bOkLGtp6jJqj2Gy/QBCWokSZJ6J0GNJEmSnQS61lVmoSvgZjTSt4wXujCmx/liWF0sq9c1k33acKG5DQm1xxGQTUjJnAfPictUbrkEGo5RQ1hwo7wmLoJHfrUChHM6vT5jlkKNY2IRXAg1LoSa/rzdcnguTIya6Bx8GZ2N0ZGpGB4eiy+iYjE0Mg5DQ/RtnWMxeFwkPh8bjk9GhyjU/JtCzShCDZ9TE4p+w2LRd1QSoSbZgpoCOERPIdRMh0tSsQU1M9XmBQo1BUvhzRsEFBJoCtfBp2gDvEu3wKty23NR47NYQ43RghrjypMwrDzVIeNqQskaQg1hxn/jZfitv0LAuUx4uQifNRfgTeDxWXcG3htOU3x7Bj7r+TFGz0UYVhGAVl4g1FyA3wpC0dJz9GefxMCKWuTUHMHFhhbcp8+IPjX6vHgPNPrEmkk69Hmqj02PP1D+XPk1ghpJkqRXkqBGkiTJTuJRGrKMgk0LXew20J0ndGHcQE808zbBfC3Mozb0usf08tOEmrSaw/h+RgXMmYvgV7AGxvyV8MgiwOQtIcQsUqhxzSPYFCyE+6SFcMmfB4fMKvRPq4BTejlcUkrhHF8C14RSuMUWwZPgERCahV8QaP4Wl4nhsSkYQZgZFh6D4RF0GxqLIWEx+Dw0Gp9NiMTfx0fg47Fh+P3oUPyC8v/7SLh+Mhz9PhuLvkMj0HdkHPqPToLzhEw4RubDIWYyoWYaoWYGoaasHTU51fSeF8Nr0kp4T10DQ+FGGGdsgnfxJniWbYZHxVZ4VtbAa9Z2dU6N1+xd8CHYmBcfhnHJUYUZ4zLCzIqTBI9T8F51Al5rjsN73Sl4rT0FT/rek6DjteqMAopp/WUY112h+3S7+orKZ/UFeG04Dvcth+C59Ri8tp2Gx5bzcN1wCa6rqRWXYFh9HQErb8J/4RX4zzuHgFmn8WHxDmRtrcPZpse49f+z9x6OcZ1l2vd/8JX3e9/dZYGlptpWL5ZLOht6h2Vh2YXQe1kgPSEhPSSkFzpZCBAgIaT3uNsqU9VlS1bvXRpN1fVd13NmbEkeOUQZK3LmfuSfz5kzo9Gc87T7N885z6GwTJAo82s2Oss8c0NvGZvhP+ajI+nIVg4MwzCMl49JjWEYxhrBSY3OMaPYJPl4lsHvJDfOUGxi8wyCY2QOiPP5Kb78AAPlG16oQ9mVd+OkGx/AKXc+gRNufxRvupnyQkF46x1/w1tuexhvpDC8/sd/wBvIm29+AG8h/3L97/HGa+/D63/0S7yOUvOGK3+NN132Cyc1RZSad1JqPnXljfjyFdfgq5Sar1NkvnnhD/G1jNT84CJ8nlLzOUrNf33nQkrNhZ7UfO5rePNnvkKp+Sal5gJKzeV4w7euodTclJaa2yk1d+NNP/oZ3nrtLyk1v80iNc+kpeZFnPyLbTiRQnPCb9M34EyP1Ojmmyf92XdIak52ozSHpeaUJyg5Tzdg3dONOPXpJspII+G2J1tx6lNtOOWp/Vx2uHvWaLRGozYFlJeC51qx/rkGSk8TTnqWMvRsB97G59/2TB+FZwhve7wPb/tbF059tAuFj/B3/9yCit+8iB/v2oPWuXFKTRLjVFDqDKVGpxBmhMZDjyU1klQnqmRhGTAMwzBWhkmNYRjGGmGp1EQY8E5zo0ZrEpSa+USKz80jrms3+PIeBsl37wli0w0/pbD8D95498N4808fw5vveRRvvPNveN0tf8YbNFpz61/x+hv+iDdcq/vU/Bkn3vAg3nrNA3jT1b/F6676Ff6RUvO6H/0ab9C1NRfegQ3n34R3XHYzPnnlj/HFK67DVy6+wp2CpmtrNFLz5R9chi9+/xJ88bsXk4vw2W9fjE986yK855sXomjRSM3FlJor8M/fuo5SczNeT6n558tuxRt+eFdaan7Fz/M7vCV9Tc1bKWBvv/MxnHDPUzjp58/i5J+/4E4/O4lCc9L9u3Hy7/filAeqccqfvFPPTvqLH6dQak5+uD4tNZSXxyQ2zVj3eCMKngij+Ml6FD3Z4NYLnqhHwVNNWE+5WUdOfaqZwtOCdc+0kjYUPH0AVc90YvOTPah8rAslFJcNT/Ri3VP9WPfsIE6m2LzNnaLWjlOfa8PbHq3Fmx7cjk0PPYffHmhFbyLiRmmUZ1Euo3GdYsb8NKkxDMM45pjUGIZhrBGc1KRPP9O1M+4UJhcgxxn86toaviDBYDhK2eFrRvgrT3cO4Lw/PYG33fwb/MNNv8E/3fxbvOmuP+PtP30Eb7v7b3jLHQ+70Zo330y5+fFDeMuND+It1z5IofkT/uXa3+Ofr78P/3jVb/C6q+/DP//wF3jTBXfg1B/chLMpNZ+46iZ8/srr8eVLrsRXNUpz0RWUmh/iS9+7BF/+74vxZcrMl8h537oE//7Ni/FeUvTZb+JN//UN/NPn/hv/+JVL8Y/f+BH+6ds34PXfvwX/dNGt+MfLb8frrrgLb7j6Z3jT9b/Bv9x0P/7llgfwL7f9Bf9CEXvTvY/jzT9/Gm/51fN4669fxFvv24633L8Lb/n9Hrztj/vw9j/V4G1/8Tne+lAAJzwcxgl/a6BgNODtjzXh7Y8344QndD1NM9Y/2oRCLsUGPrfhcQkNJeZpSgw55ZkWCkpzGv7O0xSbJztR9FgfCh/rRwGXBU+Sp0QPip5ox7qHQyj8aw1KHtqB0r88jXe9uBeXtXfCH41gkvk1M59ChAKqrEwmJaJcWyI1uh7KpMYwDCO3mNQYhmGsEVwkrNkA0lITY8A7xwdx/szPR/kcYZA8H9f1GjotDeiMJ/FAzwi+/LwPp/3yYbzt6nvwhivuxBuv+RnefMNv8KYbf+vNLnbzn/HWnzyEN/34L3jjdX92vOnGB/CGG36L111LobnmPrz+il/iTRdSas6/CWddfjP+zUnNDfgipeYrF2q05kf4yvlXUmouw5e/60nNl799CT737cvwyW9diveRgvO+Tan5Fv7h89/D//nqZfg/37gG//DtG/FPP7gN/3jhbfinS++gPN2LN1z1C/zL9f+DN938B0oNBeu2h/DGOx/Bv9z7BN78i2fx5l+9gLfct41sx5t/uwtv/t1evOUP1XjbA7V4y59q8dY/+fHWv1Bq/kqpebgeb/tbI97+SBNOeIxSo2tnHm3DiY+2U24Okg6c9Fg7TqSUaEKAk57m46f5+FmPk54jzwtuf6EfJz8/hFOfG6Dk9OAU/t6pf23Bhr8EUfnnGmy+/0W8508v4ovP1uJHgRbcPzKBulQKI8yLGcrMdCKGaFL5xfyUx8SYoZrlwaTGMAzjmGJSYxiGsUZghOtJDeVGp59JajRZgDdKEwOiEWBuzolNIq750eBm2+rma/fNJPHrxkFc+PhefOpXf8WZP/4Fiq68E+uuugcnX/dLvOX6X1FkKC7XU2JuvB+vu+F3XP8NXn/Nz/GPV/0Mr7/6V3jDD3+Gt1x8Owou8E4/+/cf3YQvUGq+fLEnNV+l1HyZUvNFSo1mPtOUzl/8ziU47zuX4xPfvhTv+c6l2ECpeeNnvoX/Tan5X1+7DP/rW9fg//vOjfjn79+GN37/drz5grvw1ot/hhMu/zVOuup+nHLdAzj5xgdx4s1/wwm3PoYT7nwKJ93zHE75+Tac/IvtZBdO+uVenPzrapx6Xy3W/9aHU3/nw7rfBbDu90FseKAeG/7cgII/N6HwLy0oeJAC8lcKzd868abH+/CWp4bw1qcG8ZYnB7jej7c/M4C3P92Htz/VnabLcQJl5+2Undc/3ox/eiyEf34kgDc/zL/1UB3KH6zBWX/ag/OeacClu1rxGx7nXUNRHIylMM5sY664vNA1NLF4HCmN0CQ1qwP/RU1qDMMwVgOTGsMwjDWCkxqN1qRnyfICX82SxcBY9zTR9MAMnJFU4BzHXCLOgDqFKf6K5GaAv7efEfa23kn8dG8DLn50Gz7zPw/j3Nv/BxU3/Azrrr0XJ133c7yVvJGy88Yr78AbL78Vr7/kdrzxsjvx5otux4k/uBkl59+Acy++wZso4Mrr8ZW01Gik5ssXXInPfe9SfN5N53wR5eYSfPa7l+LfKDfvIus+/y284bPfwP/3he/if339EkrNVfjf372BUnMr3vCDu/DmC++l1PwCb//hfTjxmt/jpBv+jBNvehAn/ORveNttj+OEu57Gifc+ixN//iJOotSc9Iudh6Xmf+qw/nd+bLjfj3X3B7D+D0EUUmoKKTVF4i+NKHywEUUPNePkv7XjzU5qBvC2J/twwhO9OPHxHpz6RA/WPdaJdY8cwHrKz4a/tqCQry96sAklD9Wj+KF9qHh4N854qg4f2dGErwe7cdWBcdzbM4tHx+YRSACDPNa6pkmDMPMxrsRTSFI0o9FoOh8pK5TO+Tj1JcZfWCI1h/PWpMYwDCNXmNQYhmGsGTyhEQp2Pbzv9RklMziW2BAKjR7Pz0t5EoyV+QvJlJvyWTG2BKefy3YK0r7JWfzlQA/uDrbi6t0hfO/JvfjP3z+G9919P878yS9QdcM9KKbcnHzRj/G2b1+Nk772QxR99RKc9a1L8F8/vA7f+BGl5oLL8ZXzL8OXvn85vnT+Ffj8Dy7Ded+/2E3p/LnvXYL/pOB87NsX4dxvX4B1n/saXv9fX8b/d9438H++egH+8ds/xOv++xq87gc34XWX3I1//OHP8bof/RKvv/Y+vFH3yrn5T3jDrX/GG+98GK+/62/457sfwT//9DG84ZdP402/eQ5vuu9FvPm+nXjbb/fihN9X48Q/1uLEP9fh5D/7cfKDfpyq+9M8pHvV+Lj04ySi7SeREx8McBnAur8EUEBK/uxDxZ/qsPUvPpzN59/3cBifeLIFX9zehf+uHcLl4VHc2jyIXx0YxJ/6J/H0ZBz7eKjreTzbSR/RaWaSSOqlcxV30BdN25xGT2ZYsF35nJEa5axJjWEYRm4wqTEMw1hDMMZdgB4zYBYpfeO/AD3WTWuEruGIRfkyhsr8HQXMs/x1yY2CcI0s9BBJTsNMAnsGJvDkgT78seUg7gnvxzU7Azj/sR34xh+fwpd++SC+ePt9+OL1t+MrV1yHr150Ob5xwaVuOuev/oBc8CN8gZLzuR9IaLxpnT/znQvxiW/9AO/55vdQ+JnP418+9Rn84399Af/8pW/hjd+4AG/+9uV48/cpNhfdjH+4/Db805V34fXX/BT/cuOv8Kabf4t/ue1+vPXuP+HN9/wZb7r3L3jTz/6Kt/7qEbz1N4/hxP95Gqf+fhtOud/j1N9vx7oHdmIDWffADpzyx20Ull0o/uselD6yD+WP1aDqiTr861N1+PAzdfj35wP43K5GfLu2HReHenB1Qx9+0jKMew+M47dd0/jbYBQvTKZQHQHC9MUeOsoo0bGbFsyCaT6eopzomOrGmhIaus4CMeELlFcL5GU5MrJqQmMYhpFbTGoMwzDWFF58rDjZC4S5cmg0IMOCbbp2Q6M2qShfHuOvafQmyaA7CT2aY+Ac4dtoBCch+PI4PShKxvi4g48bYkn4ZqKomZxFzdgU6obG8ODOGlx/989x/hVX4Yprf4wrrrsFF115Ey646hZ8+8rr8c0fXoVvXnolvnXxFfjGhZfhC+dfgv/4/kU468tfQ8nnPo9Tz/si1n3561j/9e+i6Jvno+i7l2H9Bddi3SU3YsNlN6PwyltRfPUdKL3uXpTe+DNsvPU3qLz1PlTc9ltU3vk7VN79e1Te80dsvPdPqLrnL9jys4dx+i8fxdm/fgJn/8+TOPd3T+GDD23D57bX41t17biwaQCX7R/Fj7om8OPBSfxydBp/4b48NjmD52aj2DuXQDCeQjMPwgHSxf3X6XqjPAYTPOBTPJ6zPDDJGM1mjkQ1KkZtiSd5eHlE+VyK+aE80iQO3vjZYTL5l5GXzPrCpchITYbMdsMwDOOVYVJjGIaxhsgEui44prMcwgXG3mbv+bT06Ll5jRUkDv1otrQYf6Lz6fvb8GV8W++1Ef43HWfQPo9YIolpPj/BzaNkOL3U6VX7+wbx2z/+GdddfyPuuuunuOOuX+CGW3+O62/7Ja6/8+e49va7ce1P7sT1N92G62+8BT+64WZcxNd+46qr8elLLsWHLrgAH7jwIryfsvP+H1yGD3//h/jE96/Gp753LeXnevzn+TfiPy68Ef950Y/x6YtvxnmX34HPXXEnzrvyLnzuR3fjvKvI1Xfjc9f8DF+58T5846bf4gvX/gL/dfnd+NZt9+Oep/x4Zv8Y/JMJtESTaE9SVrhr7Twu3dxXnSqmESoxzJ0fI5M8St49ZHTSHkWFxyeZpAwmIpSXWcxzCYeEhug0P3eqnzcapgkaHIdOLeNhzbAg7xauL1wufN4wDMPILSY1hmEYa4hM4Huk1HhxNMNrhwZqtM0F1nyt5IUK44il0fpcIorI3CxjdM2axt+MxTEfiXpXuccZwKeIuzZnHnN8PzlPnH+nv38Qf/zd/bj+R1fj3jvuxd0Umdvu+DVuvet/cPs991FyfoY7b+f2W+/BPeTOW+7ELbfchh/fcScuvvEGfPPKK/HVK67Aly+7Al+6+Ap8/cIr8f3zr8QF389wBc4XP/C48IKrHRdfdO0hLrrwGsLlBdfhgh9cgyt+eDN+du8fsXNHAIP904hTzHSZkaRCx0EeEuNOaFeT2gn+Wwx3UKfr6fokvTjOF5L5JEnp7v9zSFFy4ok5Hqo5JMm8JmeI67USHP4RlwkkLTU8xG7psox/RMcxQ0ZkFrI0vw3DMIzcYFJjGIaxhnATAyj4XiI1khjFzwyvHYqp9TL3vJ4g8wy2hTszjc+nN1Nu5hFz0uOJTzQZYeA+i/nYJDA3BkSn+SJdk5NEKv0ew929eODXv8HNV12Nn91+F+649W7ccccvcftd9+H223+BO265G3fedCfu/fGd+MXNd+JnN9+Oe26+Fbf95BZcefVVOP+yy/D9Sy7D9y66FN+/8HJccNHlOP/Ci3D+RRc4Lji0vNCtiwsvvggXX3Kp46KLL8FFF12MCy64EJfwvW67/XY8/fTT6O7uoVskeIySFA8KByVlfj5GNPOYrnahqLiZ4nhg9FBkDhq9xDmNyBxiEudxj3JDJJXkcXJzzXnHjts1tbZON8vAf54bcanf1/voPbzjffh0NB3zhY8zkpPJZ++XDz82DMMwXhkmNYZhGGsInUh2hNQoiE5vyoiK1g9JzRLca4kGFPTaODfMMZKP8UkPbxwHKY1CzJBZ/p4e6w/pPeYx1NuHB377O9x2w0346Z33uFGZu+6kzFBs7rj9Z7jrtntw1y134Z6f3IWfkntvuRN3/+R23PLjm3H1Vdfgsssux8UXX46LLrwMF1NoLrn4h5SVyyg2F+AH5//ALS+4+ELKC8WF6xdSYCQyF19yCc6/QK85373HTTfdhIf++heE64OYmZngsUlQavj5ddqY5IX7ktL1RKkIH0f4vEZcuF8aVckcLLHg+KS4f27QJb3JO0b0H+6/Exlt4+M4H4tE0kOHJ+0iDr1u8dKTl2wsHanJvMnCvDcMwzBWjkmNYRhG3uGJkwdDbofWM8/r9LMB3H//73HLzbfhzjsoMHf+lMufUmi0vNdxx+334I7b7sbtt96F2yg1t91yB358409w3bU34kdXUmwuvdIJTUZsLjj/UlzI9YsupPBoe/q5Cy+41JOei37oHp//g0v4+9fiD7//M+pqAxgaGkZU9+dJS0FcN7hMZT7z0v1YsC+ShgyH9s0wDMN4LWJSYxiGYSwBGBgYwu9//0f85ObbD0mMJzIL1+/B7ZSa2yg1t1JqxI9vvIVS82Nc9aPrcPllP0rLijdSc8H5lxxaz8iMREavk+h8/3sXcf0q/Pxnv8b2bbsxNDiGeEyzjmmUJIVEQqM0khZ+wHQ68rMbhmEY+YhJjWEYhrEEYHBwGH/4wwNLpMYbrXkpqbn+uptw9VXX44ofXu1Gay695AqHRl+0lMxIaiQ3Wv/B9y9ywnPD9Tfjrw89ivYDXZQZTVMNikyKIpNCLBZLj9BwI5MER2T//IZhGEa+YVJjGIZhLAEYGhrBH//4J9zykzsOSczfKzWSk2uuvsFJzA8vv8qJTUZuMsvMSI3Q41//6reoqfZjcmLGyYzuLxqP6VSzpBMZfS6lzGdcuG4YhmEYJjWGYRjGEoCRkVE88MCfD0mNBEZCc9edP3tJqbnxhp/g2mtudKM1V15xjRMbnWJ26SU/xGWXXUmhuRTnn38xn78O9913P154YQf6+4cwOxtFMjnvXcivWdySoNAcFhjJjUZrMiM2R35uwzAMI18xqTEMwzCWAIyOjuPPf37QiYrkxZMazYD290mNrqvRaI2urdFpaBKbSy+9HBdeeDEuv/wK3HXXPXj22efR0dGJ6emZ9LUycKeaSWw8kdFpZkn3nJDIZNYzZP/8hmEYRr5hUmMYhmEsARgeHsXDDz+Cm2+6zYnLYZG5F/fe8wsnNBrFkdDoea3r+httl9hopEZkJgzQaWcXXHARfvKTW/G3vz2KxsZmTE1Nu2tmvFPMvL8rdNnM4XVvhGbpyEy2bYZhGEb+YlJjGIZhLMGTmkcffRw3/fhWJy3elM73ct0bnckIjbYLbctsl9RkRmx0XY2ERqM1Dz74V1RX16KvbwBzc7rHjJcWSkx2sn1GwzAMwziMSY1hGIaxBO+amscee+LQSM1CqdFoTGaERus67UyjNNommdHvaAa0zMQAv/j5b7Br5z4nSprFzBOZ+UOnjykd+RkMwzAM4+/HpMYwDMNYgq6pGcMTTzx1hNRkTj/TekZstMysZyYJEBKeh//6GNpa290pZkLvr9PGdLF/ZkpmkxrDMAzjlWJSYxiGYSwBGBsbx5NPPu1GYJZKzT13/9wJS2a7lpKfzCiNnn/kb0+gsaEV01OzbjazmLuJpic0S2+iadfGGIZhGK8UkxrDMAxjCcD4+CSefvrZQ6eVZYQmM62zZGah0Ag91s0zA/4wxkYnEIsmkYhTZDRFc1Li4hzGSYxQ0t/TqM2Rn8EwDMMw/n5MagzDMIwlABMTU57U/ORW3HbbwnvV6LoaXUtzF26//W5Kz22444678eCDDyMYrMfIMGUmFqetSFiIJgEg8VjikLwoZUZnlGxqZsMwDOOVYlJjGIZhHMH4+DieeOIJSs1PcOedd+Luuyk1d9x1aKntt912O/7whz+ipqYOAwNDbhIA/mr6PTLLpeuGYRiGkXtMagzDMIwjmJ2dxdNPP42bbroJt99+O+655x7KzJ249dZbndD85je/wbZt29De3o7JyUknNDbiYhiGYbxamNQYhmEYRzAxMYGnnnrKCYyk5rbbbsMtt9ziRm0eeugh1NXVudGczOsz18ksfA/DMAzDWC1MagzDMIwjmJmZwbPPPosf//jHDsnMAw88gD179qCvr8+N5Oh1EhmN0tjF/oZhGMariUmNYRiGcQRTU1N4/PHHndBkTjXr6OhAJBJZdJG/lplRGhupMQzDMF4tTGoMwzCMIxgaGnIjNX/961/R0tLiRm4y95fJLCUxC5NJjWEYhvFqYVJjGIZhHEE0GsXBgwfR3d19SGAkM3ouk7Rdp51puwmNYRiG8WpiUmMYhmEYhmEYxnGNSY1hGIZhGIZhGMc1JjWGYRiGYRiGYRzXmNQYhmEYhmEYhnFcY1JjGIZhGIZhGMZxjUmNYRiGYRiGYRjHNSY1hmEYhmEYhmEc15jUGIZhGIZhGIZxXGNSYxiGYRiGYRjGcY1JjWEYhmEYhmEYxzUmNYZhGIZhGIZhHNeY1BiGYRiGYRiGcVxjUmMYhmEYhmEYxnGNSY1hGIZhGIZhGMc1JjWGYRiGYRiGYRzXmNQYhmEYhmEYhnFcY1JjGIZhGIZhGMZxjUmNYRiGYRiGYRjHNSY1hmEYhmEYhmEc15jUGIZhGIZhGIZxXGNSYxiGYRiGYRjGcY1JjWEYhmEYhmEYxzUmNYZhGIZhGIZhHNeY1BiGYRiGYRiGcVxjUmMYhmEYhmEYxnGNSY1hGIZhGIZhGMc1JjWGYRiGYRiGYRzXmNQYhmEYhmEYhnFcY1JjGIZhGIZhGMZxjUmNYRiGYRiGYRjHNSY1hmEYhmEYhmEc15jUGIZhGIZhGIZxXGNSYxiGYRiGYRjGcU1WqUmlUg6tJ5NJR+axYRiGYRiGYRjGsWKpd8hFFj4nlvrJslKT+eWlUrPwTQ3DMAzDMAzDMF4JC30js6608HklLaPRqFsmEomXlhqhF8fj8UPrmT+ibVo3DMMwDMMwDMPIBXKMWCzm1jM+ovWMwGiZWV/4mgzLjtToF7Su5fT0tNuW7Q0MwzAMwzAMwzBWilLGPzJpoXdIeGZmZtx2PdZojVj4mqxSIwuKRCLo7e1FXV0dgsEgOjo6sGvXLuzbtw9+v98wDMMwDMMwDCNn+Hw+t5R/1NbWIhAIoKmpyQmNHCUjMXKVhe4ilh2pkch84AMfwP/+3/8b/+t//S/8wz/8A/6f/+f/cY+1NAzDMAzDMAzDeKX83//3/43/9//9f51z6LF8Q/xf/9f/hbKyMvzlL385dOqZTlHLjNgsZNmRmvvvvx+ve93r8I1vfAN33XUX7rjjDtxyyy247bbbcPvttxuGYRiGYRiGYbxibr31VucaWpdv3H333bjzzjtx6aWX4q1vfSvOP/98TE5OOk/JnKYmXvL0M/Hb3/7Wjc48+eSTh3452+sMwzAMwzAMwzBeCRpUkXPo+hklPd6/fz82b96Mr33ta5iamjr02qVCI44qNRr2eeqpp9xjpaWvMQzDMAzDMAzDeCUoZQZQJDOZJKmpqqrCF7/4xUOzMoulQiNMagzDMAzDMAzDeNVQMqkxDMMwDMMwDOO4RcmkxjAMwzAMwzCM4xYlkxrDMAzDMAzDMI5blExqDMMwDMMwDOMYg9Ty6HmG2UimSenRvPdI63pOb8EV93o99rYvDM7zN9ZWMqkxDMMwDMMwjGMGg2yRIgkSXwhj5KT3Oj5ClMyS2HwcycQMXz6LKNfjEhm9IEG4lOrE+SDB/937OzlSrJ2f8baSSY1hGIZhGIZhHCNSbuyFgbbkI0nzcGLD2DhDgnCzvER3WJHYJOZjDM6n+PQ05hDjMrvUUHf4N7hBv8wFX7bob+cLSiY1hmEYhmEYhnEM0GliDLWlHg45iZZJOQhxAywKkxWHC71A0GDm5yNcnSNUGL1Gp57pNVwuHKlx0sS/pe1aLP0M+YCSSY1hGIZhGIZhHCs0CrNkJGaORNLLGJHgaMDFCQ03zHODxEXwHbiB2xdIzTzfVM8liHtF+vmsfz8PUDKpMQzDMAzDMIxjgGcyaRIKpr3RGomNpCYjNpIdiY/ERC+Q5OjaGm132zLCo/dLo/d3Iz7pp/Xnlv79fEHJpMYwDMMwDMMwjgFOQBRk6zoaodPKuE1yk+TzTkqIRnMydjJPeZHojJI5hdBu9IYrcQbi7vf1PnyskRki8cn4TrbPkA8omdQYhmEYhmEYxjHBu/olhRjmdV5ZigqSEZxDkwUwSM6YiaSGjHO1i0xKVPRclCuxGAUohoQ2OFk6LDU6hc07DS0/UTKpWUV0ABceREsrSwuPqWEYhmEYxlolTvOYSs1hChFE5iNIpqK0EGpIlAYzzeUMpSfCQJzSkiCz0RTG+NR+BugvTs+hLUIh0rlq4xFgbpbeE+V7So4YR6YlSE8Ld/0NLSfb53ito2RSs4qY1OQmLTymhmEYhmEYaxXNTzYem0AkRSGJzyEVi2J+Zs6NvEhmErSRKYrNQCSJPoaGTYxzHp+cws2t+/H9vX482TGImC6umYxhfm6aajSDOZ2clpEaIqHR6WomNSY1q4ZJTW7SwmNqGIZhGIaxVnHnhynYjsUpMdSPOcaCMQoI4+5pis0Qn25lbLM9kcJvJybxo4F+fKm1ER+pq8UHn92JP+3vQ1TWMsOAPDIB/cxglm+bPu+MSGiEN7WzN71zvqFkUrOKmNTkJi08poZhGIZhGGsVnR6Wmkh405xxoUtpJugj3XwY4tMPzSbx48ExfLn1IN4VqMemQAiVjU2obGjC6dtr8Jv2fsylpSYVG8c4Jt2pbCndxFMX0hAJTUTX0/APzM+L/ButUTKpWUVManKTFh5TwzAMwzCMNQvdI5WYB90FA5Sa/Qz/dnLbvYOT+G5jOz7mb8aZtY2oqGtBZVMPSvcP4ZT6Hry1phnFO3y4u30AM+78sgRjyCmMUGrGMcPAnW+i7ZQab2po/T3+AZMak5rVwKQmN2nhMTUMwzAMw1gNUmmyPZch8xpvuuZ5TDNuaWbIt5sS8qeZOVzdPYBPB+txTo2fIhNGWbgdxeFuFPj6UFI9iI3V4zjDF8Wm8ARK9jbh3r4RzNJVNLFALDmGPmrNCN/1kNQQkxqTmlXHpCY3aeExNfIZnT2cQJxoeSSsb4cumlxK5rxjoceZTmDh9sw2b8n/+bcOw1csYnFHl/k7YuF2w3j1SbF8Z+pJpoxyo07Id+ihI/2YL0yT/f1eC3j7nzkGi5d6euFrvTqfvtP7gu3G8YNXA1T+mbkq25KG9PUpDlfW9Yo45hAjcUpDnCoRJRH+P8eX0CYSfHGchST9+3G+1wxXR8hBEogl8Mz0LG7sn8LXW3rw4ZoGvKM6hNNCLahsPIiixi6cEurE+lA/SkIj2BiYwJbaGZy+dxqVe4dRurMFt/eOYlLlMcJPEh3BBKb4N9gLaZschn9TQjNHdP8bldul+5sPKJnUrCImNblJC4+pkb8opJDQeJNbHibzo05LP17o4ZERFk93Fv4cbZu3lMhk7vwsdCqz+j7JziGxOcThHxMbY62hcC5TV1S+XfCuGCCNgiUXMGW2ZQI9BVB86WuRhft/BDoe6depfif4v1oY76uT7MfYWMvojjESlTnGZMxgCYl3UUoaZnSMvUcqws2zmJqfcdewjHGpU79GMO4u1o/OT2M+TrGJ8v1oMjGujvC96uPzeGR8Djf3j+KrrV34QLANZ9QdxGZfDzb5e1EZ6EV5sA+lTmQGyKCjNDiMssAwygMjqPCTmkFsfKEVNx8cwYDKXlLWNMlSF2OV5QZXPj1Bk3BFtSFdZrPv92sbJZOaVcSkJjdp4TE18hnWJ8FO6UjYsKmucV13b15MpjN4eehXE/xVobs/uy/E0sFfBgU/S8n+2Q3j1SOV/gY6yaX7mjddJ1SGVaYV48lhDt/lnCuu4B8u16819A2344jjpTqsl2S+sEh/icEDoxGvI19vrH2kBXMUAY13xFy+u0KfQeWdAhGPTiIem0AqEWGwTGmgwMxNT1BeZhBLUYvYKUzxtWMsP90xYOdMAr/tH8MlLd34dKAd7wrux9bQAZQF21FGeSkNDr0syusGUPVCG248MIxu/o2ku2nnDD+/+jevPqqf01cU0q+YPrzqqLZn3e/XNkomNauISU1u0sJjauQvLhDLRF9HwOdEgj1B5s7Nmbs4uwCNr1GbJzLrC5fLbcuG/p5e4wKjw+jjCX3UbJ/fMF49VEhZaGXqGakhCtY1IhklOpVFS41KuNEc9zr+HhevRXRM9I23dM/78UZitP8eh6VGx/BQBSdHHl9jbaN8nWUZn3Q64OWzVxRYwhGNRVjUWfpTEW8kJsJGforPTrGcTLOWzKUwR4kZYfY3cPOfhydweX0LPl0Twvt9jTg70IrN4XaU13ehrLEXJQ0akckuLkej3DdIqdmPa1uH0c6/k5jn50hpKuc4kurbVG7TUqNRJ5MaHiOTmtXDpCY3aeExNfIX1/voHDD2OW6ZOR9MOOHga3QhpRq3FDfM8wUSGy7ZJbHd99B6Ir3MbBOZbZmlvrnTaQZaPfQ3039LMaJcSQ/11MIzGbTtpS4sNYzVxAXjC4ccGeRp1EGnVEVZoHUqS4QF3LuWQCfqqM6wJCdZ2DNfGLymYL/MNkLf3+ub+6hDp/PoegpvmTndTAHx0uOX7Rgbaxnp6yzzdJJotEY/Eno15/OIpLxcdycdJ5jns/ydGWY1G/fxWeAg833PTBI/7RjDN6ob8b5dtTitNojK+jaUtnShpKUXReE+FPv6UFFLMfGNuFPKsonL0XBS8+IBXEWp2c9i56SGNTPFZcKk5giUTGpWEZOa3KSFx9TIX9jjOJnInEHj1g/B17CuOZlJi0zmaph5dmYpTYep2WP+bmbYkbCTY0OZZIeW5PunDqGOkHERybhVjB9PRIninmyf3zBeLQ4ZuAquC8oVsCucVzCvnznHYa2R6LP8u9NeGOS5+qWlZCBDZpuWC7cf7bmX+16v5PVHfy8FitpHfaEhlZHYHN57T2wWS83C42ccX1DiJQds21Pz+tLK5azLTqcNfH6aHckol0N8fT+3tVN8a6bj+HV3BOeH+vHxF0J4x/M+nFHThC3NXSjb34fC/QM4MdyNE+u6UeQfxumhGZzji+C06jFU+lcgNf5BbNrejqvbRtDGfiYuqZmPeJ9fddj1eyY1GZRMalYRk5rcpIXH1Mhf1KZnVCUjE+qQdOmzd/qI1vQNs75xU8c164RGJ9bAdQ7sAP5OdA6zvsGeIrpMU0wR6Y4UyftOT6fpSKSI2lN9k6sPxA+a7fMbxquFK58qmyzeCsr1vbWnNBqjmeVmSb/qiuZUUqCvcEmBvUZxhC5Mzqwv3bbS57Jty+Xrj/5e+nE3LuR+6mhkRmykN/rRGI5ec2hiBR07HUeTmuMQtdPsMZJRovzkwkmD158MMTDuoOzWM2+fn53Dr0cncXnHIP4z2I6t1U0oD7W7+8mUk8L6LqwLd+HUUA9O9nWjNDyCTQ3T2OSbxMZdo9i6awJn1E6tXGp2tOOa9hEc4OeL6jNLaljwVARV/kxqDqNkUvMqYOmVpWzH1Mg/FH7MsvX2xMILTmbnGZYRNfKabjOWmEEiqQsrqR6JaYfOIfC+nVWHwAKVXs5TPvTtl5b6MjbzHP+MQ9/kRflEhL+r7631PZ/wvsOm9PDvxuJzbFT5/mxQ5xPUnKh3+kLmC41M0udXo5utUTWMYw2LrAvKVc5Vrr0ao1JMoUlOslxOsewzvItH+IIE6xLLOoMFlX1dZ5MdT+5Xizl+pmxERdbPl2Hx+2RI8LjE4xqxYdtCorpQnEdHKuMJjYekxh3HTLuhdeO4g4Wc5Zv5Tq/RWcUTrAvD3NxF9k1F8Jf+Efy4vRtfa2jDh0JtOC14AIWUmg0tfTi1uQ+nNPRgfbgXxfUDKKsfQllIEjKC8jqu1w2jwjeGyuAkmUJ5YBxlwaNLTUlg8AhKfQOootT86MAo2tgvzbJOJtmHuRMh+Tm98rdAavQlXFq2s+3zax0lk5pVxFJuUrZja+QfOoFgjuIynZhFJKkrABh6UCyiXJ+dm8RcdBpzXCZiFBoGZ4k5Ss3cLCUjgQQbNp2T7CTGdQyES/Vz7nF6G2Ogw0ltZIyvj5KE9xnYJDLMYQDE6DDKDiWW4vtyGdcySbFiYJSk3MRi/HREDa4wmTFeTVhwvcCHS1d++b/CIp2WOU+hmY/PIDE5QRhAxedZz4DJFIMq/q43GvrqE+Pnzka21/496Fq4Se7rDI+JmIxS4pI8IrEo2xRvpEqKoxDSG5P16n+242usfRKzlNZZ9iGsB0Ms3376+8NDM/hJYxcuprx8saYJH9jpx+l761Ee6sS65kG8uWkQJ5NCikxxmDITHMBGyscm/xA2+4awyTeMSv8wyoPDKA4NY339ME5tGsW6hlG+fjirzGSQxBT7+b7kkNRwvZJSc0nLMFooYJKaRELnC5jUZEPJpGYVsZSblO3YGvmHvmaep8SkEmzMZycRj0xTNubY0DPoYIOWpER45857IzAJBixC1/u7c+kznQLbvhQlRbPJCK07JDzqHNIcinwy57vp9/gec3yPWa5HuBTT/LuTkQgiDIb0ra8azgxqaCU3mQY3234ZxjFH5Z4o/tHohXfiine9GVKM7uKsV1OUnFgK03xRL1/bxCLbzfKub7M169NrjX6iU3wOsN5rfYTHaYbLOS7jPFhuhMZJjeTGUxxPb7IcX2Ptozae+T3A8v1Y7zgurm7CF+r24/17m3DWnkacXt2Krb52bAr2oCw0goKGSRQ2zaAiMIqtdUM4rW4AW8hm3wBlRnIzwOcGUBryhEfis75xgFLDZYO2ZZeZDNmkpsQ/iPIdB3B+fS+aYjo7QJ2QTprkD8umq8f8LyM1+kLNVWrW1az7/BpHyaRmFbGUm5Tt2Br5B60D8YlxRh0KwtiQaZYaInGZ0zeubNx1SkFfdB7dlJFB/sogLaQtlkBjNI4wCYlYHAES4nbd/Vnrwk+Ch56Lo4mvbZ+LYX80hhY+3s+/dZDv18P37SX6tm+a5VPfaqvDkRhFJiVcbESdRB1GjankJlujahjHHk/IFf9IZQ5JzTwDptkpeg3LJuV9koHUb3c14tZ9LfhR7X5cG2jHtb4WXFvXll62culxTS2pa04vW7hM49aXPJd5/tA2LTPbtHzp119dQ2rT1LRw2eSW1/Cx+1zusy38rFwu+7fbcGXNAVyypwWX76jHbXzv34faUdM/gf5oErPJjLx4YuNdc6Mf7wLz7MfYWNOwbMfYUHeyHvyyexQfer4GZ1NqykPd2BDqRXHDIDY2jWFz4yQ2BidRHphGVWAWp9eO44zqIZxeM4SttQOootBkZKYk3I/ieo8SwccZ9Hw2mcmQVWpIGaXmW/6DCM9pRkLVWP1/WGp0rzaTGg8lk5pVxFJuUrZja+QfisrmI1HMUzbiFIdIJIFZbptgGeljY7+fr9k7E8Ujg2P4U/8I/jg8iTs7JvAddlwf2lmPd+9uwHvIe3c34n17m/GB6hbSig8wgBPvX7Rsxod2hfGRbX58ckcAn6tuwH/Xd+DazmH8bGgKfxgcx/NjU5SdFAbiDAZngShdK6FLEmg5mdPOMiKjpMbVpMZ4dVA76sU/mgZAl8F7UsNHc3NIUu6nYsD2zkmc95u/4d+f2Iv3sc68k8H+ObWNeEd6eU5NE5dpDm3TUo/TZHsu8/yhben3ehmvP7ua1KSpbuKywS3P4ePD73X4s7rloff3nsu8l3tubyPevacZ7322Fp95oQ4/eK4aD+zvdqNTM6qvqrRu2FYn7Ol4eaekHbrGxjiuSCVi7vqrHmbr76aieA/b9U3BLpxaP4hTmiewvnECxaFxVPjHUFU3ho01ZN8wNteNYrNvGFX+YVRIRsJDKAp7p6RlTksrDfXzuX6+pp+v7XNLJz5LRGYh2aWGz+08gK/V7oc/4t1RR19BSKY1u6ZJzWKUTGpWEUu5SdmOrZGHUGBmKTXRxDwDsCQG4yk37eaeiWn8/uAAbmvrxPcYrPz7czV4/3N1DMoa8Z7q/Ti7rgMbaw+ipLodRXvasH5nM9Ztb3RovZDbCne3okDsanFs4PaiXc2oZNBTtacFmyhDW3eGcM6uID6wN4SPvFiNL+4O4JqWHtzZ0oHfNHfi6b5JNMymMBxPIpluPNWgZhpdLU1qjFeHTECkMykXSg0fxROIxOcxwOcf6Y/i00/W4H2sM5XhLhQFulEc7ENpoN8tS7gs0VLbggzGGMzpOgMFdXrsSG9b9Fz6+cw2LV/u6xf97fTn0dJt03LBtsPPLfO3QwPYEO5BaQv/nsRoRxAffWI7bgq1ooFB4hj7HU9qdNC4ptNenQ5qaVJz/KF8jGImPkupmccDM1G8n3l+WoBlp2ESRU1RFNXPosQ3gbLaEVT6RiglIywvQ+5+MzoFrYyUhIbdtTJFgjIkuSkmKk8qWxKZjSx3laSckpJNZjJkkxq3nVLzlZo2+Cg1mpdQ0+K4a+AO1eEsUkOWnh2QDyiZ1KwiuU96T5Zqt+TfOLSWHb3y8KuPTrakv7Dw5+ivXpjSr1n4KxkWPFj4k34ya8p2bI3XCsrfDPxPUdcCMpvUXOnSlt5YHL3cEI7G8NDBPtzia8LFe4P40g4fPrq9Du/ZXY+za1pQtrcZb30hgDdvr8e6OgpNHYOz6k4U7O3Aht0HsGHPARRyvWhfh1uKgr3tKNjT7p5zr9l1AEV7Oxn0dKO0povy00oRCmLdi7Uo2+3H2b5GvLu2Hufu2IcP7arG5/wN+FZdEL9qbkP96ATG+OGnyQwb0hiXMTW+Ke4JHy/lyONiGLlFnYEWmnBD0wRoTj+qNoOBFKYoNZoF6k/DcXx4RwODOtaTVl34rEBuksHWFAO3BctD6xMLnkuT7bnM84e2aZnZpuVLv74kQIJpApNcjqeX6ddkfnfh8tD7L36v4vAk3t4wgpM6J3ByqBNb/e149zYfrmrsQIjHYZRtDQ9Jun5SaohGazRlvKZ7z3Z8jbWM2t0IJubG0M/Hj87F8LFdDTjL148qlqHy4BwlJMJyz3UKjUSjUNfJNA5QXEZYB1gPgmNcal2zmonDEwGUhIbcNTQelBTBbZnns5FNapxEOanZj7pIHNOsn/HkNKIUMpY6JzXaH50OqYlyktovdY7kyH1+7aNkUrMC1kbi53D32vCuWlax1rm9knRlZZQdU4Iv0bq26bpm7y4dsnq9Whwq/+5bKAVa7jF/z7XdfKBKo85PFzx7tx/zvp3yLpGMI8HKlUqpEKl2pV/LN3C/p8fueOld9fwC9Afci/ScPpG+gdBgvvejb7/WSspWBoxco+OscnYYFRnvAUvDHMtZQiMeYMDlXSvTzacfmpzHjzvH8a3aNvzHtiA+ujOMD1a34d11B1C1qwnFO5vciEthzUEU1fWisK6fywF2WoOEy4Dw1nUqQUVI6xkyr/O+ZXOv5eMK4s6fDvShyNfN99N7t6OwupXi04ACik75nkZsoUydsbcRn6huxBe2+3B1uA3P83Mf4OceIBHttyY1mJmkobFmksT0FDQVtHY++3EyjFeOREZtumuCScoJTYSV0Ktjs6x243zqgd5xvHdfKwOtbhTWM+ii1JQGxXh6ObaAzDYtF24/2nMv970Ov74kwKCS2xwBCo3bdrT3X/654tAY1jcMo6CVwSnrdeGLLTh7byeuaOl19VXHQ/2hm2VEN/RlH6cA0jv9zAuijOMJlv+UZsukKLC8PzMdx4dqmlDl60SFfwRlFJsyCk2lj+XEN4Qi9gVF7AckKMWUE09QXmKK5vTrDr/+6GSTmgpK1pYdB/CNui7Uzkpq+Nn5uefdbQm8cqf6q34yMzKjkRt3Bdii/c0PlExqVsDaSPwc81IVdkQUDTWsnhp4mqCnhfI1xv9mWXkn+LrxlHc3Wn1DHIvNIcJAKhKNYC5Oz+c2126TdCzpVRi3y3rvOcrSNOZik4jFp5FIqhPUOKfgb6mAsEfUHdc1Xa4u2FahSb+jh3pRoT+Q6VHTn1wdhO4HILxPsjZStjJgHAu8YpHBKzJcYfmNRVhOYzGMxxPuDs/7huZw/c5mvO+xGpz1YiPeWd2BdwV7cZqvC+u3N+KNT9Swo6DA+HspHpKSYWxk4FLFTqq8bpCd1tGn18yOJzPLob+1vqYT66oPYkNtFwWqGwV8XLLnAM7xd+GDtfvxyW11uKWtG3WxJPqSrFHab90oITLjLRMxJOYirDv6Bnjp8TGM3KD2Va2umm02t0z6ckwzn7H9Zr1Tr6ItD3UP4F0st8UM9Muc/GerF68FWLcpbeUNuvi7HwVPt+G0miH8sHUQvTxOSR4z1yUleVRYb3Xc3H1teBTdkVxwbI3jAZVzCWmKQS6wbSKO9/tbKLQHUUapKJUwB0YpNRRfn4SGssH+xJ0OmbX8vHKySU1lXR9Op9R8s7Yb1TOSGibFTeorJDYu7uI2BX4Kw9hfevdUUpnMP7FRMqlZAWsnuaiPTa7GNdRR8Rhrsz5jnM/FyBzFhwGSxEPik5pnRdA3wwyiQKnRzdUUTM1rOJ2SpKH0JElQcBLMcKEGPcXKImGZp6zMx/nX9G0yG/eUpqclhwVFn0Sfh40FRUr37dC6PlcGlxY98JIeet8xuO8ZvI1rIGUrA0ZuOWwzPN5ptK5tKgkjszMY5+saWJ7/0jWM85/eh88+VYNznw3ijB2tOH03G609+1G+dz82Um62NI+gomEY5fUkzPXgCMr9FJs6dVTDOZeasjBFaQkKBDdQaoprulC0Yz/O5Gf8t7oOfOLx3fjG49vwl4O9qBmZwHBC9wGZx0w0yoaYdYeNcbZjZBi5wqRmKayvmqEqPIAtNX2HpObKtkH08zioaeIhM6l5zaBy7kkNY2Bsn0zgA4HWNSo1+/HV6k7sXSg1cZZDk5ojUDKpWQFrJqkwM9/0kTLl2gkEpWRed4J20kLhkHTEaPZuSaJ8JcUEUQpJJIKEu7lYAjP8PVUanXagc4iHyVB6OcG/Madfi80jGkk4kgzG1AEmWZF0KkMyJSHSqXBqLIR3mlpGuDLosx46ilpZSOZJsUZStjJg5BZ3SoeDBUBlII2CCZZcDFGyG+fmcKs/iK++sAfv/tsL+EhNGzY/H8SW3a3YWtuJzb4uVOh6GV83SkJ9KPT3ooSdUFmIEuNnx1E36KRmU2jMnaucrWM5OstLjXcBsic35fVDDm+7LhjVHab7UbG7E2fs2o8P7m7Dp14M4TOPbMf3KTd/7RhAJ/d1ODmPaX1xwP1NphtmwzgWmNQsxZMaTRqwuboXG55qxem1wyY1r1lUzmPMV32JBOyYSuCDwTa21Z3sK9jOrxWp8fVhK6XmS3vasWs6hikWQa/w6SyZ7FLjTTSuMmlSk0kmNS/Bmkj6GOqMFPFxqY+lsRhvkklVVhV6NcBpkdGIDWUmlUhhOj6PKb5e8qIGu4u08bEvlsIj3f14sGcAf+oZxB96h3A/+X3fMB4dGEMz/043K5B+R7KjqXOF7jStDlDX5MRZydxJcO56H/5N91hjN17dUzETWndHUv8tfDJdOd3jNZKylQEjlzCzVV5UmA+JDQsGF7q+S2V1kM8+MzaG//zbY/jgtj04fU89Svc1o6qmHVtqD2KTv5uy0odK921rP4olNQFKTWhwsdT4ho+J1GSQ1GgpyfFEh4917r5mzqkbQWXNALbs68bZuw7gvdsa8JHHduMrj+/CHzsHcYDlf5L7meDxiM3NsoOyERvj2GBSsxSTmvzisNSou9k1k8CHQwdQHupaWyM1fl1T04bzdrZi29Sc6x9UEOcpNd5EFVzn58/ETZIaRYBemTSpySSTmpdgTSR9jHQc6Jb8XCrg3tz5usZG0/tFEU3FMceMm2FhH+PvtPOlNeRRRot3DU7jksYOfL+hHT840I9vHhjAx2oa3QVz7yfvrWvBu+va8G7/fnzSdwA/bO7HNfWduMrfgtvq2/G30VkE+F77+b4HiUZ32C2qmrnK5QWmhP8yLFj1UuaBKqbKoElNHqLRCY3wScQpwgzmnc1woQ5H94hQYPHIxCQ+Q6E5e1cA6yk06+t10X8nyklFoBsVGaEJ9qEg2IuienZA9UMUjWEGY5QK35A79awyPTVnto7l6Lz0SE1mhEZBoK6xKdHkAmHvwuRC/yhKwlMoq59EiSYr2NWOd+1txwee3IevP7kdj3YPYoT7GYlFkNJIq74QyHq8DOOVYVKzFE9qdPpZRmrs9LPXMkukZpZSEz6AijUmNRWUmk2Umv/c3owXJufcl8gqfKm4pn0yqVmKkknNClgTKdPIqkPS0n0ulWxmWLqpnWGR16ljGonRtJSPRpL4Sf8k/m1PIz4S6sH7GQieXdOOs/xdOC3YjdLqdnZa+na7D4WhfgaGg9gQGkZBeBTl/j6ctqsV7963H+/b3YSP7GjAeTXN+MaeevywthGPTCXgS8yjm59Df3NcHSP/pitWqnT6eMI9yNRCPqsamXlOm/ULQutrJGUrA0bu8GRcU1SqoWbQMM+yocgqXURmWDb6uPrg6Bg+/tQObNkRZrnsw9soECWNFJVGNv717AQYlBTqTtCSmeYR95pCdkTqJEr9Q+4+Axv9h+83kK1jOTrLS42bkIBopEbX8mgp0SnXSI2PnaF/mII1gXUUmpPIyWRDcBinPB3CxwNd+M8nd+BngQZ3P4ypqVEkolOsA4cbX8PIJSY1SzksNXZNTT6wWGp2U2o+Em5fc1KjkZqqnW34j+1NeG4y4voHnXKWMKnJipJJzQpYK8lNycmlwsIUA0E3EQCL85yuj+F23b9j51wcd/VN4CsN7fjX6iAqdwbxjuou/Ovefpyzrx9nVQ/gjJpBNuAj2FxHakZRVTuOjbUTZJrMODS9YSHlpjDMCkjh2Rjowem+Dpxb04oP7grj48/V4Msv1uGawH78ZSiCungSB/jhVAkjiRTmonEWIB0/VrcodUvnhLJSHj5/TjXS1UoVFG5bOylbGTByh8psjOUgyqDKuwEgy4EiKwVbXOU/NwXyU6MT+MQTu7DlhRBOre3BSY0TKKDYFNd7U21qZCZzV2fvzs7efQLUYUhiFJBJaI6F1CxHGdHN14SmAF1XP44Tm6bwtuZpnMzPX8HPd/buRpy3oxY/r2/GCPc2nqTQxCU1NgOacWw4mtQogNcUxmqh/9Y3hH/d1+JGP1V/XutSU1Y/6GY/W/9kC7ZWD+Kq/cOu7TGpea3Bcs5804RIOjt/bzSBjzUeZL/Q6abvL9MU4WtAasolNbv245PbG/HMxKy7ZIClkZ8/ikRSN+gwqVmIkknNClgryU37ykyRr08xEBxJJdDLz9fEzHx2aho/6xnFd3xteN/2EKp2N6Ao1ImytmFUsoPa7OvHJlYY7263uvOt7pRL/GLE3XCqsnaMQjPuJKfEP4FTGqYZSHrB2LqGEXffgvJQD7YEOvGv/na8r6YFH6Q0/ft2H75b34GfjkewMxJDT3LeXeA24a7nUXeqAhdFSlNCu840s9S9EnTqnEabDhfIVztlKwNG7tDkFrpx2BzLga4Hcxc/ZqSGqM3W6N+zlJr/eGw3zni2HgV7+7AuPEWpGWUwMujdzXkJGanJ3CNAIqNZz1Y285lYmdRsCvRgs78HFewQN9SP4MTmcbytZRInNY27IOrMPY34bFpqRrnDieQk93uCO64LQbMfM8N4JZjULMWkJr9gMKu845IxLqoZl/xbc5cbqdH9ytaU1Ow5gE/tasYz6ZGaxLyC8ii7yDmTmiUomdSsgDWR0o1sMjrvLtTv5cNqNrb3jY/h8q5ufNpXj/fVNuAsisZmXyflgw01G+4Tfb3Y0Ci6HOuburCOnNrU7VjXwG0N3QwWuylBPSgmpcEerg9hQ3gap9ZHKDczOLVBYjPG5TBODfXi1Lp2BnGd2BQ+iC3+/Tjd14L3htrxrXAH7usaRnUkiQ5+xl5WQH3bMJdiKOsuDtdoTUZsIqykc9wtic3hAvlqp2xlwMgdkhrN2DLHsqAgQY2xu6ZGt/BmQ602W9eaPE+p+a9Hd+GcZ8Io2dOLgtAUisJjh+RlOf6eG5/9faxMaiQ0W31d2BjoQ2H9EE5uGsMJzRM4pXGMnWgfztrVgPO21+Bn4SbuJ7ujxDT3nWJjUmMcI0xqlmJSk194UuPGa9jH1CSS+ERLNyrDRBPLBNeI1AQoNXvb8andLXh2KuKuW57TF8KSGsGfQ1KjesyCmuSKSY1JzctiTSR+DJ2lE01QaLi+jRl5TU8vPhIMUipCqGw4gGJKS1G9ZoHSdQUaiRlnpR132wooLwUNnRQbIbnp9GjswIaGDj7XwYCxgw19B4Mz0et9exGcpOBMUnp0fYCkZgSntoxgHTmRrznJ34mCMEWooY8BWzfOqW7BJ3fX4wK+x/8MT8HHj65rfPSNgy4Nd8czLTe6nkKnH8UpNaqsayUtzX8j96gRdl2MWmg10sp+lm3JjdprzX727Og4Pv3oNkqNH6V7WLZD4+5O4CXshERpZhnMLD2hycbSDuXvY+UjNRmp0d2l9WXAKY3jrEO6xqcX5+yox+derMW9oWYMsRbE2Gm5KTtTFiwZxwaTmqWY1OQXKucM/pmRC6VGIzU6Y2XNTBTAv1dV3YFPuJGaWSc1kcQcP7dGaTQplEnNQpRMalbAWkjKLt07ppvLZ6NJXNR4EO/ZG0BVoMVJyluC3TihaQRFrdMoa5pCqU4pq2ElqdYpZ4Oo1LcArDBlofSMURQdURjupsx0s4HvYvDXSXSe6UFodqkq3xCDsGF3TYKmqS0Ij2BD/RBOYUdwUmiQUjSKopYJlDSOMeAcRoGvDyX+Hv5OB07bGcbHdzfgJ93j2MvPrAu/dd2P6yx0TGloXhehE5BUVQ8XyFc7ZSsDRm5xBSEjMxm4Tc/pqiuVl6fGxvDJJ57Hmc/XongfxTs86qRG16pkJ91ZpEXmlY/erExqqigzm/2U/AA7rJDqzBjW10vIRrC5tgfveLEB5z3vo9S0uouSNVvhPAOnzP4bRq4xqVmKSU1+4UlNIpVwUlNLqfn31p70RAFs59eK1LD/2Fjdjo9uC+OJiRl3GrZGao6Qmkw9ZkE1qfHqo0nNy+DVTvoEuknmHq7cOR3HF4LteOf2IM6p6cQ5DROoCk5RWmZQ7ptBcd0YCikzEoyCMDumhiFsqp1kgz2LzTWzqKqbwUbfNMr9k6zIkyhmZS5mZS5iUFgcHCasaMQNgzIwqwr0um+cK1jBNduULtB2F2lr2lwGamWUp+I9fSjb1Y+tdQzcGidxwv5xFLYOY1P1AXxkexhXN/Ri51QSQ/z8OvnMVUrtFNFpZ6qoLGrcsDZStjJg5A4XMWQaZaFvnfSY23XPFpX1TvIopebjTz2HrS9Wo6DmANY3sHxSaspZZj1GCeV9Ad6ozWKhWW2p2UiZqXIjpSMo0dTOYdYHUhYcZT3swzueb8R5zwVxd/AAerifui+PDokOTbbjZRivFJOapZjU5Bee1PB/Br+Aj1LzybZeVNb3sJ1eW1JTsfcA3vesD38bm3ZSE9UIkzubRTOGmtQsRMmkZgXkPKnF1IXRS97aVTjXbCr01+xhKczxNSrY/sQ8rhmcwrsCbajcHsJZwR6cERpG5b5BbPHP4DT/HDbVTbNSjrNiMOBromw0D7pZoTb6prCFQrOpdhYbKTWVlJ8KbisNTKHETxFxYpORm1G3LGUFq6TMVFJqNNFAOSu4ZkGT2Oiu6SWsiLrBoRqBLb4xx2kUqpLgON5WP4KTGIBuaRnHmfvaWUEDuDTUi6fG4zjI46lrbPRtfNIdW0a07nQ0RbZK3lHwOmH9z4KYfsYdrwxu6+FCnMuUrQwYucMr/zzQynJlPdfVUOs5ya1Kv0ZqHqHUfPjZ57Fxew02UGoKKdIloYzAHCk0IiM1r+ZIjUZFN6alppj1aUM96xXrZGWAdaKmF6e/0ID/eDGMu8Id7jS7Ge67yvnS42QYucKkZimDKFogNRsoNaezL726bdjVSV3i59qoFI+TTgvluvor76RZk5rjD8ULDG4VXTAvA5Saz7b2YnO4200U4L4k8yvuGUZRgFLD2Kc00M/yz3b9iLKTG7JJjfqPMkrNuU/V4MHRKSfY3kTOntS4iEi7kuk7TWpMalZCTpPejxUKcZZK9SZ6exZSTdesi6dn5icZ5IyzkEYwE4uhhwX36cg8Ljg4g3Nqu1AmfD1ulowKVoIKBnkVQX1r7QV1mdmedGd1D83scTjo03oG75Qd75qEDJlrFFTpytjwZ3B3Ss+QrpSZ2aXK01QQna5WpRse+vU3hrybSdV24h17W/H5UCd+NTaDal0XxN2e0uQBujg6McMDoFBWoZ26Dc2NpSl/tVQXouPmnnbHyh1DVWI+623IbcpWBoxco0JPmKd86PJYdcDVCW7WTcceHxvH+5/dhtKddSjcd5BlaZRlLnOamVdGj0ZGblYmNCtDdaKS5d5JDetNYXgQ6xr1rfAgNrHz2uxjZ/mcH5+obsFdTZ3ujtEJRkya5FqzwGU/VobxyjCpWYrqZj9KGzypKXiiBWdSaq6l1AzxOBySmnlPatRAqX3yhMYLoozjCZZzxRos/BFmaSiexBfqD7I9bnfxjb6crfSNoJDxzwaKRQmlppzttZslNmv5eeVkkxqVS8V473i6Dg+NTLov9/Sp3Zy3GmnSvijkUR02qeEBYNU0qXn55Dy5YI4ZoDzw4joWS09q5pJTmElMsINJoIsF9q8TEVzYOoZ37+3BxpreRRXAqwTZK8yrhUSryq+bSEl4CNfL/H3YVEexYSD3n4E2XHewD9uiMfctxGwqzkLJ7lQdR7rH1TcSbHpYjb3hVnW6zl30tFC+qBKb1By36LsnN5UzM9cTemYtly47WRR0StYTlJr3Pbcdxbt8KNrXiY0+T96zlbu1wmKpGUBB/QBObfJO2dwswfezDj/vx8drWnEnpWZau6zzvBlkmtQYxwqTmsXoC7/C+n6UNFJq6vpR+HgLzto7iOsoNTozwkmN61p4nCQxrqkyqTl+URyhMs+ogmFDYyKJrzV24TRfB/sUnc0iqRlGAaVmvUbddcq9j1Lj2vHsZeiVovhtqdS4L+Bqu3HO0z48mJYafWr1kIekJlOHTWp4AExqVkSuk9de8n81mnx/CY0GFhXazDNjdIMo3an/f/pH8OnaerxrXyvOqe2lLOiGfocrxMJKsbCyvJoUq7PQtTf6xoGfr8Knb0H62Wh0Y3PdfpxT14AP7avBRY2NeHEuQrGZxxQLZUKi576C4DFw301EiO5j474i846Vyqw7Zlp4EwOrm8l1ylYGjNxiUmNSY6weJjWLManJNw5LTYzlvyWRwjeae9NSo/jEpOZ4RMmkZgXkOjFmc2MMygIvnPFOtPJOyQH62bs8ODSHL4baUb4vyErVji2hXlTqfEt3ethhqSmiMIilFebVQBVyfcMgTmrqw3p2GLoup6puEJtqKTcSr3AXNu/XjQnDOPP553FZ637sSE9Rze6V+8//XE+io6MultU5xZqrHkYHTQdMT/OhgmKvm3Y9T05TtjJg5BaTGpMaY/UwqVmMSU2+obZVX5Yy1mL5b6XUfLutn1LDGMuk5rhFyaRmBeQ6peM2Vi8VWN2EUKdauXuru2mb/9YxjfNebMbZNe0oaepBQXMvihp6oAv1F1aIhZViYWV5tVBHsa6hHyc09bqlLrSrqhtmg6GbWw3h5EA3Tm7qQlHLQVTWBvGB3T5c3tKDbZF5dx6z6mi6mHJFnQm72SQFR/cvyUgNV5Ul3iQCLMxez5PTlK0MGLnFpMakxlg9TGoWY1KTb6jgS2q8088kNd9q7ceW2gPsUwZQZVJzXKJkUrMCcp507ImkZoYFUlKj21BqVrBtU1H8INiP059rRdk+ygwL+bqmfpza3MNGuO9w4V/AWpKagnA/TqnvxYaQZg9hoyChCYyiMDyKUxpH8PbGfpzU0IXyxi6csa8JH9nThNv6p9HADmSK+68xGh51VlbWWE2nmSBxHqwFUuPFvToxjUGgNuQ4ZSsDRm4xqTGpMVYPk5rFmNTkGyr4utg+isjcvJOab7b0UWr2u3a6in2LSc3xh5JJzQrIadLbsTDOzzAoZ6MZYXGcSs1hlM3lrslpXBjuwDtrulBVN45y/zTKWdmKGoYoBD3uvjOHCv8SslWa1Uezo7GjCPWihJ2irqnRLFWazlY3INzQPElBG8cpuucNpWeLj5V3Xwf+i6+9fziCgzw2EjtV4iQLKuISGqrfslLDAsr1XKdsZcDILX+v1Lz/+R0o2e03qTGMV4BJzWJMavINFXyd4h9FNDaPJnf62YAnNW6k5tWRmiPISM0zfvxuwKTmpVAyqVkBOU16O0nNJFcYrysbhlJxVMfm8KO2Dry7ppkywMbWP4PKujlsrp1GpW6M2eDd+DJb5VgraGpE3Xhws0837hxwAV5ReATrG8awrmEC68PjKAiOo9Q/4hqLKjYam+v6cDbF5qu17fht+yAO8Hj386BE4gkko6zOc+xqWSjdgeIhUz+jVcHumP/nPmUrA0ZueSmp0Q04nxyfwAde2InSPQEUV3eZ1BjGCjGpWYxJTb6htlXnxsQY/AL1zODvdYww79tRoZEa/xjb7JFDUlPiZ/lnuSj3Da5qHdBES2V1PXjHswH8vGfCXW/MnoGfW7XXpGYpSiY1KyDnSaMO6kFmeIzYcLYlkrjuQAfeWetn0LbfVawy/yyqaiPYVDeJTb5hVLGiKUjKVhHWCpKazRSV02v73VKNQUH9CIVmDOvrx1EYHEMpA9ONtaPYVDuMSjUY7iK9bvzrCyGc91wtHpyIo52HfISVNc6GZ36OnYpGbdLZoGIrvIcmNccrJjUmNcbqYVKzGJOafGOx1DQyg3/QOYotdQdcO21Sc3yiZFKzAnKdkmwsdfzZNmKS6w+OzuFj1SEU1NWjoLEHReFRBnCTqKLQbPRTAFixtvj6GSytdakZcveoOa1WozWe1BSH2VBQbIrCFJrAGCp8o5Q1UjfM9UFuY8MR6MVZwR68c1sIF3H/61hR3c054wz2NEoj82M2KCdUbF1f4x55a7lO2cqAkVtMakxqjNXDpGYxJjX5hgq+N1GAYq9mFvrzu8bTEwXozBKTmuMRJZOaFZDLpHfTxfC6KF6N54vTcXyj7gBO39OEogYGPPWD7i62EpmNfomBZIaVjpKgYClbRVgrKKAT5fyc+qzajwoGoUJ3gteEAaVcLwloWmrdx6afsPGg1Gxs4H5XH8DHattwfWsPGhIpjPL4aFArk1RkhetrlC9p2cl1ylYGjNxiUmNSY6weJjWLManJN1Two8zDKIPfebSx0F9IadA1NYpDTGqOT5RMalZALpPejVWLDec8diZiuLStE2dtCzGg73RBfzkD/ipduBbsRmWwE+WhLlaqHk8AdCF+loqwliisH8L6xmEUhYcpM8PYUjfi0Cl0en5DeBCnNgxgXUMfikK9fA33k4HeqSE2IO1TOG1PC/7zRR8e6B5CP4/VDI+/imo61nXrzBX+J6Hhltxmj0vZyoCRW0xqTGqM1cOkZjEmNfmGCj4jr9Sck5r9zNuL+6axuYZSw3bZpOb4RMmkZgUsl/gsGzn9n36NFhnc4vCP28h/6kCm+FvtfHDX2AjesWsfNtd1YFNgDFXVYwx8RrGRAX5lmEIT7kBF8CBKKDWFDIqKNTNGloqwVnA336TQnNQ8gg313gjNabUjOL1mhPuo1zDAa+jHic19OKmpFwXhHgaA3WxQerC+YQRv4+9WBrrwod31+KG/BdUzcxjhkVP3q+LKkC99vHU4dTAlNnqQ25StDBi5xaTGpMZYPUxqFmNSk28oeqDQpCJOatqZtz/sm8GW6laU6kyRwCjb7REUMobZQKkp1pfIvgEKz+pKTUmQf6+2B2c/F8Q9fZNOamKuHLIAzh++Qbv6SIeTGu+ufdn3+7WNkknNClguJVm6YixQ3tTCfJ0KW5pEKom5VIzPxxFJsPNQoUwylIun0MlH9zOa+UyoE1t3NeI0Bj8bfYOoqNHpWsMoY6UqC/WRXkpNHwv7gBOGkiyVYK1RVM9GocEbqSkPDjO4G3ajNJUM8kpdRzLI5/sdxRqdSZ9eVxqiDPkoOo0D2NTQhffWNePq9n74ebwmeLzm4ppjXt9UxN2xVbbovpwmNccnJjUmNcbqYVKzGJOafEPRGoVmPsogGOhh/t7aP40zdzcy9uhhedBsrcNuWcSYpJAxSXHAuyWF2vRsZehYUMG/t6m2H1u31+Oq3gn0sAyyuLHwsQAy9gH7CtdPqNKqLvN59ZvcsmR/8wMlk5oVsFzSoN8sovzxDporZCqAXJU7z1Fp5vgTVeehJxigR1kut7H3+ObBOM7e1Y2tOztxhq6f8fW5IU81tsVhb9RDKIgTGvV4rXYwOq2uihT7enBSYz9O2U8xChzAx4PtuG9kDt2suHPsZZIJDcTyqM97HbErw8tnz4rT0vw3co9JjUmNsXqY1CzGpCbfUPnXXQHnGATPY5D5+7OeSfzrjjBKwl3YoBubU2gqNBkThWYDKXDlZJTlZfX6nCr/ME7b14/K7Q34fs8YulQ5VVUZO7obkqdiLgZSfOnKJ1FZ1cuy7/drGyWTmhWwXPKkJq75NLzX6ZgSrWr0JjJPoZmPcC3OMhlHhKVvkC/5RTeDtX29OI1Cs3kvxcava2i8mcA0/JiPUlPJTqbI34OTG/qwoW2EjcpBSl8j/ruuDXWROCZ53GJJHlUeRx3reJx54zqd3KeFeW8cG0xqTGqM1cOkZjEmNfnGkVLzi74pnLuz4UipYTstqSlkO14aXH2p2bqXdW9bGN86OIR2VzlZDGMqgDGHSc1hlExqVsByyRuNSRcwvc4NE3puE+dKNKmL0qJ8joKTns1rHwvnBY29OGd3J870aapmCU0/KsKUGS6LWLGWSo2ERud7vlY7GJ2WVhrqQ4G/E+uCvShpHkU5j8fp+w7gkzsb8eu+SRzk4Z3lMY4n2COzgUq6gqxavXz+rDRlKwNGbjGpMakxVg+TmsWY1OQbh6VGX4gOMX9/PTCFd+1uyio1Ba+S1Oh0/S3VjAd31OPr7QNo0/0/VDEZP9pIzZEomdSsgOWSCpZOPUuqxVPJYjCml+tSD81wllAhVGHkhklub+GTPx0ZZUDThK0M0k6jtGxk5SlnoFMa6neBTxGDeV2Xkk9S451y14uCYCcbEh0L79zSzbXdeNeeFny9pgUvzKW8SQNYyVNObHSNjW6mdbgg5yplKwNGbjGpMakxVg+TmsWY1OQbntSIjNTcNzSN9+xtQUk9pYbxRymlRvcC1GxohaTo1ZAazRhby8+xqxFf7xhEC+sng0kVPpZDL+45JDWqy1rwKZMak5qXxXJJHYUmCkipxVPJ4kIv9+5b6wVrznBYFoe4eCoWx9f2t+H0mnpU1nWhzNeLEgbxJexAikKEAZCmRBb5JjWF4R4UNnRzHyl5dQMor9EsIH3YUtOB92wP4baeCbTxGM6w9no35Izw+Cr01fBYblO2MmDkFpMakxpj9TCpWYxJTb6xWGqGmb+/G57B+/a1ojTchYK01Gyk1JQvkJqyV2GkZnNNPyr2NOFrB9NSoxhSS51+ZlKzCCWTmhWwXOLhYeHyDpIrYCx3erWkxvUbesA2USOIHVy/bWQK/xoIojLU5mY2K6DYlITZsDYw+OHjDRQbzQ6Wb9fUqINZF+pEUWMPNtcPo4pCU7aPz/m5z+FBbNnTiq+GuvAie90xHsdoIs7COcPDq1uYuiOd07Q0/43cY1JjUmOsHiY1izGpyTe82c9ELOZJzf0jM/gApaYs3I3CZaSmfJWlRrPEVlb3opxS89XOQTRLZlznyDgzqbJ4pNR4QpOfcYuSSc0KWC7xWf7IZPgaNYAqWFxIrGMsaZoPPckCOUSej8bxse01FJomlLZ0U2b6nNAUs2EVamALGQDp9LN8lJrCegpdQy+q2JhsqR12AWxxaBwb6kdRVH0QH/F34pI9zTjAA6zr5qLJaSRS41xzPXROU7YyYOQWkxqTGmP1MKlZjElNvsG2FVHm6ywS8Xn0MT//OD6LD1brC+ZOF4NlpKaC7bSmcy5mG17ibhq+en1OBfuOihoKFqXmvNYutDJQjyvgcdfU6PrsI6VGlxZzF5fsb36gZFKzApZPek6lKb1Ir6otFDE+0FhCB7muqQ/v3deIkvpOrG/oQRGD+IzQiCItGfgUL5AaFfKM1Kz1YO6VkOlgiuszUqOgkDJDqTm1cQzrGRyetq8DX9p3AI8Mz7lT+Wbno4inbKTmeMWkxqTGWD1MahZjUpNvpKUmNYskA7N+5u1SqVF7XeU/LDUlbMNLXyWpKdnbhP9q7UQLA/UYK2aKUjOflhpqjklNGiWTmhVw1KTCxIUOp67ucK/Wf2SahU33WHmRLeRHn6/BOf6DTlrWs8Mo1mlnC3CPQ7rJJitTWmhEfkjNkDsuJQz8dKGeGhYFhkWhUaxrGEMBxaZw1358tLodV4U70MLDO8HuRbPLpXuenKZsZcDILSY1JjXG6mFSsxiTmnxDp5/NHZKaAebtnyYi+FD1/iOkptLHcrFAaspWVWqG3bXERXsb8R/N7WhKUGFUBBWML5Aa1Wf9EyY1JjUvm2WTGj2VLb5E19EI92rZDbdrHKGJ3DgwgjO31zGo6UVZYBwlqiQUmLKghjz7Dy29bYMuMDrMyCGyVYLXDto/NSCDqGDjogZGslNQP4LCxnFsYFB7Vk0Hvljbim2xpButibGAHouUrQwYucWkxqTGWD1MahZjUpNvaKRmjnkYYXbOu/jhL5MRfLj6AMpDXShZIjWlkhofywqlZjX7nHLGQOV1fSjc04BPNLShngF7QvMDsOSlFkiN+k/9c5jUuHWTmpfBsikdgMX5khmuqptwL1fZ4/YJrj7PF30i4MPp9e0o9Q+ismaagc00jXyQBVgVqZ9BvLdUpSpnUJ/pTLwORRUqw5GV4LUBZSaggHXMiYw3eqUL9zR3/CCKwqOEwaKvEx/1HcCvR6ZwkMdWN9k9FilbGTByi0mNSY2xepjULMakJt/wpGaeUqOATXn8IKXmIzUHGH91uphD96jZ5Hv1paaMUrNhTz0+GmpGkAF7kv2hSU12lExqVsCyKR2AZa6d0fVcbpv6C3Ycqjh3DvXhjJo92NimIH0cW/dGsLV2ioGPRiQ8odG9aiq51KlXkh2dV7lUakpCr12pKQsMo8KvgHWcwd+QmzBAc8eXhbwpnot1elrTGIpCvTiXUnNhuAOBSNyTmqNkz0pTtjJg5BaTGpMaY/UwqVmMSU2+sUBqEvMYY84+RKn5aPWRUrPx1ZYa/v11lJoPBRvgjyfA7oFlT1KjsmhSsxAlk5oVsGxSo8fjeGikRq/VyynUMRbExmQK32lpQlV9EOsau1DeOI3T9kWwuXrckxpJjMTGyUyG7CM1r32pGWXjMcrGZcibNKG+79ApeYWUmsIGik1DH7bWtOCTO4J4eGQK/TzUmmnO66VZWPn/kbmlLXou/Uz2Fy1K2cqAkVtMakxqjNXDpGYxJjX5Bsu5ZIBSoOmRNW/qI5Oz+ERNGzYGul2ZkFC4kRq208WMy3RNTVnd6l7PXOakZgDr9zTjg/7mw1KjflJT6fLzzzPqUTnUP4eTmmz7/NpHyaRmBSyb+BSPkessVMyicXYLrDA6tgPkgaEJfCzYjIJwK05q6kVp0ziFZhSbWVEkL941M0uvocle2F/LaJ/LneR5QqfHJaFhBoIj7HhIwwgKQn2oDPfgdAaD798ZwmUdI9iZmGfjpDya4dHXNxgs2Ok8UUVX/sg61QCoU+crve2HnsuespUBI7eY1JjUGKuHSc1iTGryD0UAblXI+7kAAIDWSURBVIQjHsME15+ZnsV5wQPYEuhz1zqXBybc2TJllJziUDelhrFZnb5sXb0+x/1NH8vj3g58sK4dDfEkg3J+ZH1zrjKpPoI1ldGmV48FK7CkLds+v9ZRMqlZAUdLSR6kmAtKeGBTOnhAlLSSWw/24/QdPqwLt+PEpj5sqB9yN5asqstPeVkWdjBukoSQrivyvjHRNTYlwTEUhsdQ3MAlO9lKNjbnhDpxDqXmk7Wt+GMkjgHmQQozbKqola5ic4NIi0umO9f/Gq9Z+NxyKVsZMHKLSY1JjbF6mNQsxqQm/1DRTyojE1FMMSefo9R8PrgfW30s6/5Jh75YLQ12oSjclZaaVe5z0l/uFu3rxAdqOpzUKFbXdTWuPLqgPMKazHJ5SGq0LT/7DiWTmhVwtKQDGUvEvMqiJo8v17U19SyEV7X04vTdIRS39uPExj4UNo4wqBlhcGZSsxB1MJmprcu47jrTwCgruHcDTk3trNeU+rrxjsYBnL2vFeduC+LW0Vl08XgnEWWHk3AF1qv4RBnh/il89pTG9VHKTnGUlK0MGLnFpMakxlg9TGoWY1KTf7B19eK0ZIz9y7wnNYE2bPH1rhmpKWPfUcml+rv3Vx9AfUxljUUwE9coKHcjNSY1QsmkZgUsm1TYEuwudFBZzJKpJCIseDpfc/tkBN+qa8M5/gMoahnAm/ydKGgYZcAzgnKfd8pZtkKdj6iDKaLQuE7GTWut+dpHD00eUOQbRmXjBIrq+rCZne1ZgW6cvrMJ32zuRVNSA7FexzyvIVrBoDili5q8LDrE35uylQEjt5jUmNQYq4dJzWJMavKPBM0gybw7QmrqelG2VqSGVIVHUMT+7t17WhHMSA1Loic2S6RGYY47Q8WkxqTmZbBs0lOHLuKYR5SCo1nQusj/9AzjE9sCOCfUjfX1vXgLA/HC5nGUhxisB3XfmeyFOh/JdDDrG3UTUk9qKik1Gyk1lf5xlNSNoKpxhnJD+anpRlWgD5V72/HeHWHsiCXd1NmuE4oxH+ZYsOPsqGOu5/YaA7d2OC19vDRlKwNGbjGpMakxVg+TmsWY1OQfC6VGEzs9v0alZqOuJd7XiXN3NMGXkRqhuqt9yEiNhMakxqRmJSyb1OilpUZ3fNUozSg31TDQvrqhEx/YFsLpwW6sC/WhYP8UNjSNY4Nu7tQwnrVA5yvqYAoa+rGOUlPIINBVbP8oqhjEbvRRBOt0Kto4iik6hRIbTbnIhuisnU14YHwO3SzLGqBBlCuzMZZy9UCs5OksckkPiBaubdC2ZVK2MmDkFpMakxpj9TCpWYxJTf4hqUmkWPgXSk1wPzbX9aDMN7FmpKYyPIwNew/i7G0NqIlq+maVPZIWGJOawyiZ1KyAZZNKWpwHki1gMkmp4aZe8uzMHL5W04R37W5iYN6F9SEGNW0zODU0glP0rQBNPFuBzlfUwWxoUPDXT7mR1Ayiyj+CTb5RMo4KUlQ34l1fE6YYBrU+gjNru3BH3xTaWOsjyiaN1MxqVpAYnSbKyq8GgEnPqWXg0uvTma/avkzKVgaM3GJSY1JjrB4mNYsxqck/4k5q2LmkpeaF2Qi+EDrgpGatXFMjKiQ1+zpx5ouhRVKTSGg/PKlRf6F+0mFS49ZNal4GyyYnNaokrDBEgdgB8sDUDD6xJ4Szaw+wkvSzgoyhQMF4PZf1mqo4e2HOV0pCQ5SaQSc1mZGaKr/mjJfUpE9BC6aFxh3HcTcr2lYK4vmtAwjwmE8wK/QlDOb0TcwcC3jETbPt+u90oCyj0WN3DY62L5OylQEjt5jUmNQYq4dJzWJMavKPeIq1QBmZiDqp2TYXxZcbOrDF18c4bWptjNSEhskQCmu7cfoLQdRGFcV45VExu6QmkZEa1eX0NpMak5qXxbJJz/EgqcRFdc8UPmzg46u6+vHuPWEGMV0McoYZkE+yk5hEUciTmiKTmkVIagrqB7G+YYAdjRcYbqTUVPlGKDQj7Fg1C5qO3VhaDMecKG5ikPipmv14gkHwsLJC56CxEUBqlnU94qq+uzmnyrpW+Dr153NsJkxqXl1MakxqjNXDpGYxJjX5h04/cz1/whup2T4Xw1caD2Krf+1IjYNls6CuG6e9GEQN4xn3fSzLo2J23bbCpOYwSiY1K2DZpN4gkWQwncIsGeKmGh7gzwcbcUZtI8pDvW6EoTQw7SqMd98Vk5qlSGoKeUwKKDQaxargNgWFooIBYmlohM+PUHpGsIHohpwloVEGiAN4584m/JoRcB+PfZJ5gAi75tQ0q/wkplj1dc8g1ypECTtzDebOccPRtCZbGTByi0mNSY2xepjULMakJv9g68r8Oyw1OygMX2vqWrNSs/WFAPZmpIboLhX6/JKauPoLbSQmNSY1L5tlkw4QD2QykcIMW8F+bnomFseH9vkYvLShiAGNRmjK/bMMyCg2AY0wDDLAUcXJUpjzFEmNZCZzWl5GahQcqoIXUXbWN3hsIHpdeWAYm30D2LqrGdf0z6CNxz7OfMCcpGaC3fUkJlj91Vm7VmGB1Oh7DpOaVxeTGpMaY/UwqVmMSU3+oaKvHETcO/1sp6SmmVKzhk4/EyqbGanZzc+oS4Vd/0gUt8SWSI1303GTGpOal8GySc+rU2ALGOG6pnL+6eAYzt1Ti5JAmwvCi4LTqPBFUFU3jUq/Sc1ylISGuRxxDYhGZ9S4KChUMKjJA9Y19hEvSCwLDaCKDc4WdkZV1W34alMvahkIzyVV+yOs5JKaaYyxAzKpWZuY1JjUGKuHSc1iTGryDxV99fupWGSR1Gyu62W/sjakpoQUq9/w9WDL8wHsmothjv3h0aQmqdPq8rTvUDKpWQHLJQ37eXeyn3edwn5uuyTcjHfUhFDg349TG4YpNVOorJvFltpJN0WxhMakJhvDrvFYKDVlrNy6KeeGxn6sa5LUsPNhR1QeYnDoG3AX+FUFuvDR2jY8PTOPafXOiSgSyVE2WlMYZQd0SGrUh8fYODDPPKk5Wr5mLwdG7jCpMakxVg+TmsWY1OQfbF2Zr0nEo7NOajQK8vXGTmyqXTz7WQmlppBSU/yqSc3gIanRdT+z7A8Vwqg4Smoy19S4ukxMakxqXjbLJXUT8fko4skUptgzBLnts3uCOKOuBQWhgwxmWDjrh1HpH8VZ1SPYUjfkTkkrrGfFCWUv1PmMJlXwyHSmFEBNh82AULOiCT3WSE0lG5/KwAAqKDhn7W3GzZ1D6GdWzevGm9EZxOZnMUaLmVVToLKeHqmRzLCIH0VpTGpWA5Makxpj9TCpWYxJTf7hhCAVI1GVfATn4vhu+CCq6rooMxOo9FFs3BepXVjX0IlCruseeasrNd71woW+bmx50YdHJqJeH+FQPVbZi2Ke++HiGpbRbPuaLyiZ1KyA5ZIK2ByjZZ32pCmFt3Hbh7eHcXrgIApDvW5kQTeVrAz04R37+nF6LR8zyCloMKnJGeFBbK5uw3+39aBFeaIOm42VKv4Eu+lZDc+osMeYQQyWlZsq+svnan43EquFSY1JjbF6mNQsxqQm/1CGxpNRRgRxzHC9JRLD+aEObPJ1ss2eQJVvnO13P9Y3HMRJTQdREOp/FaRmFKWhCRT5urBlWw3+PBpjHOPFJF4/EWNxZAcZY4FUIWXlXbqf+YSSSc0KWC6pm4hIa9jijfHxAxMpvH9bEGeFe1ghehZITT/OqfakRqMNBTZSkzPKJDU1+/HV1m74mFWq74ipkC+UGm7UdM8mNWsGkxqTGmP1MKlZjElN/qEM1ShNRmra5uK4MNxJmTkOpIY/SZY7k5rFKJnUrIDlkgKzOVaSCIMSNYS3HhjCO18M4hwGMYXBHneX/AJdA8KKcjal5jQ1niY1OaU8PIQtdQfxmfpOvBhJIqpyzco+jygmiW7B6UZqNB8iF8pNvWT5XH3tlNu1jEmNSY2xepjULMakJv9QhkpqEqwAEa4fmEvgssbe9EjNuJMaxWoFlJpTGg8yhlsbUjOu8rhQavQlrUmNQ8mkZgUslzypofWnkujk4wt9bTh7exBnNPSjKNiLQnczSU9qzlogNXZNTe6oCA1ji78bH/G14sHRaeaFyxjW9SgD4xi15kip0UuWz1WTmtXApMakxlg9TGoWY1KTf2CeuZc8LDUd0SR+2NzvRmoq/NmlpuJVlJrN22vwwNhiqYlnpCbOAmlSowpqUrMSlktq4mIsbtNcC7Oj+Mqeepy5pwGbQ31sNPtdIKOJAUpDAzijtt9NQWxSkztcABkcwVY2Pu/c14hf9o9g1KvnrvHSxIfxeWZMRmpcJ6V8O3rKVgaM3GJSY1JjrB4mNYsxqck/UinWgkMjNUl0xlK4snUQm+o6Ucm+ZVMdpSawRGpqXx2pKfR3YdMSqUmw3MUWSk1aaBimH7Gv+YKSSc0KWC7puQTROY+7I/P41M4ATqtpQYWvB+VsNEspLrovjaRGozSbfSY1uUSNTVVgnFIzhNN31+PW7gH0MS9Y5VnQ41DzlVBvpB5K5T2dlcvnqJeW5r+Re0xqTGqM1cOkZjEmNflHRmqSrABz/L+LUnNV2xA21R5EZZ0nNRWUmsL6gziVYlPE9dWWmmJKTUl4AgULpGaUpVB1N5vUSGhMarz6aFLzMjhairFgaXTgmekEPlHTSKHZjzJ/D8oY2JSSQk1JTOPfXNuPKjaeBZScgrAa1SMLtPHyUGOzkY1RRU0/zgq148qD/WhjRxRzOaNRtAQ7Jxb0JVLzUilbGTByi0mNSY2xepjULMakJv9QhsYTc4imNL1TCgcZKFxDqancd8DFEWtFaopD4ygMdGPjtn24vbUXI/zoMRbIRVKTSPedJjUmNSvhaElnNakR/NPINN5bE0ZJfYcbmSnzDaLCP4wijdaEPKGp1EgNG1Nty1agjZeHGptNtZOoqGbHFD6IHxzoQzA+7zpnCUyS1V0dkRMadlBHz8nDKVsZMHKLSY1JjbF6mNQsxqQm/3DX1MQ9qYkyJ7soNdftH8bGtNRsqR1n292PIkrNOkpNCdcrKTUVr4LUFKSl5tbmbgzzo0dZSdVL6Bph9RcLpUb1WmUz2z6/1lEyqVkByyY+pcZvgKt3d/Tj9L0BFDV3obyBlaBmkBVlBCVBiQ3XKTQVDGpManJHuX+UDdE0KmqGUUGp+XLzQeyIxFxAzPZLXbiXfyzr6YWXjpKlSkvz38g9JjUmNcbqYVKzGJOa/ENBQTIRRXxedxek1LAe3NA+gs01HaiqG18bUqMbb4YPS81PXkJq2GO4em1SY1Lzslg2sdFLkm6uXtWwHxv3+rG+tRflTQy+9g1hU80oSlkhCsODqGRA44Y2TWpyhqRma80MG54xdlIH8clwCx6fnHYX1rnOW1mnjsmr/64vd9l5lCxVylYGjNxiUmNSY6weJjWLManJP1xZp9ToxHT938N+5qbOMZxW14nNaanZyDa6KLxEavyrLzUbgt2o3H5YauZYSeOulzgsNdon1WkhuVm6v/mAkknNClg2SWp4HA9y9cJAA8prQzippRtljWOoqB7G5rTU6DoajdKY1OQWT2pmGexOsoPqxAf9DfjTyLi7sE6TnrlOaTmpOUq2ZisDRm4xqTGpMVYPk5rFmNTkHwrW5hMx1gJNIpRCL/uZW3vGcYavG5t944wljpSajYzhXi2pqfg7pYYhu0kN101qXgbLJh5DHi+08yXf9zeiqqEZb2nsQHH9mBvO3LpAaspZWcpManKKJzVzqApMo6CpB++uC+F3g8MYYdaklkiNOqkoV112ZlgmZSsDRm4xqTGpMVYPk5rFmNTkH+4b6ESUtcCTmj4+vKN/AmcFeik1E2taaiKspJr4yKRmMUomNStg2cRjGGX5aubqN4Ot2NzYibeEuigtI9gYGEOlbzh9Tc0wA/BBSg0b0hArDRvUbAXaeHm4a2rqZlEVmkJRUy/eWVePXw0MuWuc4poCTZ2Sso/LdKzsPT5KliplKwNGbjGpMakxVg+TmsWY1OQfSDBDkwnWhCh/EhhgP/PTvnGc6+/BJvYtmnSoMqC2uovtdidK2V5X1o6s+jU1xeExFAQ6UbGjBte39qBHdVMfnYUwJoXJ3HuPjxmiu3qtspltn1/rKJnUrIDlkp6bSqbg5/oXwh0o3nMQZa2z2FDTi8qGYRTX6yacCnTGUMVKUxmg4LAhVYBTGjSxeaWUsbHZEp5GGRuCIjZC59Y14mdDY+hhfkS8eZ2ZVNClM2oEvLx0fdVR0tL8N3KPSY1JjbF6mNQsxqQmD4kzQ1nY51jupTWjsXn8pmsM76vroNSMoNw/6eK1ojDb6FA3ynz9KK8bXtU+p4wxYhn7jiJfOzZX1+MHDR04wLIYV3nkfyp7KYmNKnHK6z9VTrPubx6gZFKzApZPmj54HttZWT7b2IuyvX0oa5xFYU0/StlgFjX0MJgZZKUYdXOgS2okOsVhPm9SkwNGUBmcQGlIx7UL76htwJ2Do+hizkTcsIxySF05H6hXSufl4aKfPWUrA0ZuMakxqTFWD5OaxZjU5B+gxKjzj2CGuTqHCUrCb7vH8MFaCgSlpiwwyXZ6mFLTh5JgD6VmAGWrLDXl7DvK2XcU17Wjam8I3wzvRzM/tnwM7uwT1eSYw0mNCioX2r1s+/xaR8mkZgUsl/Tc7HwKD49M4pPBTpTtk7BMocTHRpMVw6TmWDOCct8oitkQlDb24JyaMG7uH3YTN8Rch8Q8cl25Sc1aw6TGpMZYPUxqFmNSk384KWA+zrJ3kdRMJuZxf+84PkSBWHNS4+tAxa4AvupvRiM/+1Kp0W04D0kNn9PuZdvn1zpKJjUrYLmk52ZYsP7QPYiP1e5HeTWDmMA4O4JRNpq9JjXHHDZEdSNOasqaenF2dRg3dA+5iRvSAzUmNWsUkxqTGmP1MKlZjElN/pGRmhlMMVcjmOb6H/omKDUda0pqKkip/yDKd/rwxZp6NPCzZ5WadP9pUuPVR5Oal8HyyTv97MHBMXyCZl3lGz4kNcUmNavA4pEaSc11nUNoYyV3/bbLIXXlJjVrDZMakxpj9TCpWYxJTf7hyj3zdHp+0knNDNf/ODCBD/sOrhmp0WRSGqkpD3ahbJcfn68OLZIa9RESGpMaDyWTmhWwfPJOP3tiOoZ/87UzYBl1UlMR0s0gTWqOPd41NZ7UdOOcmnpc3zWE/azkJjVrG5Makxpj9TCpWYxJTf6hfkV5OpWacFKjMv/A4AQ+spakxq94cQgV9b2o2BvEFxjT1POzu9PpF0hNfIHUaNc8jtzn1zpKJjUrYLk0T6GZTCXxxAylpo5Sw4pRyCC7MjzORrOPjWYWqWGFManJFSPYGPKkpqQhLTXdwyY1xwEmNSY1xuphUrMYk5r8Q/2K8vTQSA03/WVock1JTYlu/SFC3ajcF8Ln06efRU1qsqJkUrMMC5Mea+czLH0+kyQ1Gql5fCKCTwY6ndRoogCN1BQFulEQ7kZRaOCQ1FQw0CnSCA6Fx6QmF4zwmPJYsxEoaehyp5/ZSM3xgUmNSY2xepjULMakJv9w5Z55mpn9bJqZ/NfRGXzUz9iN8rImRmqCwyjxsTz6O1CxL4zPUWw0UUBE5VFhDAuihEY/mf5Tu+Zx5D6/1lEyqVmGhUmPX47UPDE5h08FGXTVDh26pqaIlcKk5lhjUnO8YlJjUmOsHiY1izGpyT+OF6kpDQwyfuxEBeOZ8/YG3UjNnMqjC2E0TUAM0bTUaL9Uf7V7S/c3H1AyqVmGhUmPX5bUTEXxqVAXKmsHsYFBtkZqioO9JjXHHJOa4xWTGpMaY/UwqVmMSU3+cfxIjcpnF8ooNJ/eVYcwP7uTmvRITUZqvD6UdZvPeWKTfb9fyyiZ1CzDwqTHf5/UeLOfZaRmY92Qu6ZmY/2Eu0+NSc2xxqTmeMWkxqTGWD1MahZjUpN/HA9SI4oDA05qSnb78Ylt+xDgZ194+plJzWGUTGqWYWHS45cjNY+MzbiJAjayApTUT1NqWDkoLyY1xxqTmuMVkxqTGmP1MKlZjElN/nE8SE0J+47iAOOZ+h4U7fLho8/vho+fPSM1KRZECY1JjYeSSc0yLEx6/PdKzQw7ioeGJvCRPU2orB1AacMMKusnUBToQeECqalSQGZSk1PKnNSMU2rYGGj2M0rNjZ2e1MSYP+qTTGrWJiY1JjXG6mFSsxiTmvzjSKlJOan52BobqRFljX0o2u3DR55bIDWuDHpSM2dS41AyqTkKC5Me6wAsPFBLk9q8cf7ao2Oz+MSOMDZXd6OiYZqBzTiKGdSUMqgpCfWjlA2ogh2dK+mg0LjHxitCsljum+IxHUdZQx/eucuPu7sGcYB5wu7addvJeeZSinnIBkwZpjxjzMzuffm0tFwYucekxqTGWD1MahZjUpN/qF+ZT6RY/GcxNz/DtjeFJyYi+HSgC5tqFasxjtCXzfriOdyNksAASutGVrXP0d+qDI6gjGJVWtOA91NqavjZp/jxWey4H6rH6ZtvKq5x/adbHLG/+YCSSc1RWJj0+KWkRsHxGNkWTeEL1U04s6YDFawYRXUTKPPrvjSsDKE+FGsokQ2oZKZSEwkwGHcXhGUp1Mbfj6Sm0jfHY61T/vrxgZ0B3M9O+SDzZIIoMI4rX9WJK7PYSSk3tbo4txenpeXCyD0mNSY1xuphUrMYk5r8Q53/fJxtLKKUminMMDefmZzD53Q7jjq2y+ERbKTIVIS6UdDQjUJ9Ke1bXalRbLjRN4pSfx/Kapvxnmd2Yy8/+4T6CX1+FkRp2bykRrEpC6pJjUnNsixMevxSUqO+QcGzj/x3QwfOqTmIUt8QCmrG3FBmxSGpYQUxqck5kpqN/hiP+RQqw7342N4w/jowgl7mxwir/ZTySPm6RGrE4txenJaWCyP3mNSY1Birh0nNYkxq8g91/JIaLJGaz68lqfGPorJuBCVpqXn307s8qeGn1i6Y1CxGyaTmKCxMevxSUqNnJkmQfL++HefsPeCkprhO96qZMqk55rABCETZ8ExhI6Xm47uCeLh/BP3Mj6ON1IjFub04LS0XRu4xqTGpMVYPk5rFmNTkH+r4177UjFBqhj2pqWnCuU/vxG5+9qVSk8pIjes/3WLRvuYLSiY1R2Fh0uOXkhq1eTP8tQD5boCN4u5WVgpVgklULpKaHpOaY4KuqZllA6BptHvw8e0+/LV3CIPMF11TM0MSytcFUqNcVr4tzu3FaWm5MHKPSY1JjbF6mNQsxqQm/zhepKaCf7Mk2I+y2iac88R27ORnN6nJjpJJzVFYmPT4paRmniUpwtavnr/6fX8L3kGp2RRUJZhg4SSHpKY3LTUMePya2tmkJjfo3NMZFDPY3cSG6JPb/Xi8dxijzBuGiOyyGSwrXyU0ysbFWbxsWloujNxjUmNSY6weJjWLManJP44LqdEp9YExlIUH3elnZz32Irbxsyum0S6o30xmpCY9UYDKqsi2z691lExqjsLCpMcvOVKTTGGOlaSN65eG9+PcPW2oCrAwKvjyUV6OkJphk5qcouM4g6K6YcpkJz67O4gX+0fcCE0kmWCXnaLUsGdSForFWbxsWloujNxjUmNSY6weJjWLManJPxQDHA9SUxUcR3k9H9c148xHX8AL/OzD6ieEq8lxYlIjlExqVsCyiY1enGi2rWubD+K9e9uwkZVjY2gKZRSXCgY3kprChsNSs5GyU2lSkyMkjZPuPjVbgu34Sk0j9o5OsclS1syzO5LUsKCrrAtlZYajpGxlwMgtJjUmNcbqYVKzGJOa/EP9ipexlBr2MJPMxxdmE05qKtm/FLFcVPj6UMbHG8JdaakZXXWpqQyOoSQ8iFJfC9757B48Gpl3s+yqOGakZuGUziY1JjUvm2WTChRLk2bburtnGB/Y24ItvgFv+JDiog6hJGxSc6woCY2gKDDBDngQpwcP4Puh/aif0RzuKnu6SZXOPlXFV14pw5iUnUfJUqVsZcDILSY1JjXG6mFSsxiTmvzDBQZpqYliBlPMx21zKXwx1E2p6V5zUlPip9Q8vxcPU2p0+pmq7iKpUX/BypvZrWz7/FpHyaRmBSybeBDn4wkMcfWB6Tg+sLsJZ+j0s9pBVgSTmmONpKbAzwYnPITT/W24sqULXep8nMRIaryB2kUikxGco2RrtjJg5BaTGpMaY/UwqVmMSU3+cSj6Z2QQY9nX6em7ovP4amM/Ntb0rBmpqQiMuf6i2NfspOavlJoRfXSHYhqTmgxKJjUrYNnEg4lYwhW4J9kAvn97CGeqIlT3o1LnRbKQmtQcO5zUqMFhB3VaXTN+fKALg8wujcpKODVm46RmocGY1KwJTGpMaozVw6RmMSY1+Yf6FSSUqZ7URFgfdtMNvtY8iKratSM1+kK8KORJzbnP7XFSozKZ4C5kpCaelhqVSZMak5qXzbIpwYMYS2GU9eRFPvzgDkqNm1+c5h8aZ4Az6KSmYJHUTFJqxkxqcoA7/ax+nMt+nFbbiLu6BzCizkedNgu6pCbGRoAl0f1z6KFJzauOSY1JjbF6mNQsxqQm/1C/stalplyTH1FqChnTFNU14V+f3Y2HZlPubKC424XDUqP+4nDfmZ9xi5JJzQpYNlFq5ufiGGNF2cOHn2KgclawH5W+QVQGRxjgsFKY1BwznNQ0TqA41IuzA624b2KGecFyx4YKc1E2AMtITXrTcilbGTByi0mNSY2xepjULMakJv9Qv7JQatzpZ4wVvsr2ea1IjYSmzD/ipKYwLTUPLpAab96zxVKjcEejONn2+bWOkknNClg28SAm5+YwFYujkQ+/E+rEe/w9qGSDWSJp0TLMwsnGs5DBjZ1+lltKQkOUGjY4bIQ+Et6Px+aSmFKbpU47Msvqr8qvliydh1roeXGUbM1WBozcYlJjUmOsHiY1izGpyT/caekq7KwAUgPd+mF3NIVv1Hdjc00HpaYfZZSakkAvCkI9KAxIahSnrWafM8y/P8z6x79d04Yzn6/G7+ZS6OdnjfGjeyM16i+8vsLrO1W/s+/zax0lk5oVsGxi44b5KA9aCmNsAH/bH8f7d7eiwN+JdY3DKAqPuNEEFdZCzTvOILzKN8KAZ9gFP0cW6DyGnUxpiOKXBd1dNxtFYTZAbYOorGnEd+v3o55ZMqfsUuGOTrOaa6oAfY/BzNF2ouw8So66lK0MGLnFpMakxlg9TGoWY1KTfyRc7jEf4zF3gf0M8zhALmw5iDP3NaE40O1EppBiUUSxKAoMotjPGCRL+TlWFLNcFoUZ0/Dvb9rTg807G3Bl7wj6+Ll1y02nMNofhTSC626e13ltPzJgf62jZFKzApZLqiYa/Jun1FCmGYTN4+O7mtkhdGFD8ygKwzrNzAvEijJS4x90AY9JzRJWIDXFoT6UtfZgy94ArmzqQAfzJKaOKMlCHJ/iis6aTUuNtjMrVezF8rn62im3axmTGpMaY/UwqVmMSU1+obzTqegSA8SZf+xjVOZD5NLWDpy9rx4lgYPYwLJREBxFkZ+wHS8K6LKB7GXoWFDkzuwZYJw4gq27+rBxdzMu6R9DD0ui++w6t551VkGMJzWsvy7Oibr1bPv+WkbJpGYFLJ/YVaTmGEMnEOXL9rKz+K+9rajwd6CoeZhBt+5GO8bHo2xEdToagx3dsTY4aFKzlBVITUmwF+UNB3HWbh9u7RhAN3MkRsGcj0dZ8WdY0TNSw8xRB8WFir04Wq5mKwNGbjGpMakxVg+TmsWY1OQXyrs55pubDTUjNczfMHP48gOdOKe64QipKWYbblKztlEyqVkByyd2FElKTSKOCAtYA1/6nVAXNlW3oCTc60RG0/NV+MdYYDVxgAIek5qsrEBqSgM9qPC14n27/fjd8LQ77zSuGekSEhlV9DlWePXgzBjmj1CxF0fL1WxlwMgtJjUmNcbqYVKzGJOa/MKTGl1ez4yMsZ1lHZDU6JT1K9q78I6axsNSw5it2OdJTbFJzZpGyaRmBSyfNPuEzs9MYpbHs50v/UnvNM7aE0aZr8M1nBmpyQRjCnTKTWqOZAVSUxHoxtbqBvyXrwHPJLwbVMU0I51aLHc9TdR1QtzgmYwaAZdr3nK5lK0MGLnFpMakxlg9TGoWY1KTf8ylKDXKyDjbWfYxM1xtYA5ffbAX59Y0OakpZNmQ1GjWsxKTmjWPkknNClguKQhxF2ixV4jweOpirodjCXxoTwibatsY4PS7KfokNRUMxlwHoUCdUpOtQOc1K5Cajf5OvJtSc359G4I89qMkIzWJVITdj5oB1X4+ofK+YHX5XH3tlNu1jEmNSY2xepjULMakJv+Q1MSVkWmpiRDNWnttZ98iqSk0qTluUDKpWQHLpRQLUSLJopZMYY4VRCMFe+MJnFcTxhkMtisCPZSaEVT4xhmQjaJclYTBTQkxsVnCUaRGLJSZzLYtvk58aJcftx3swwEe+3FW8gQbLI0tR5Oz7H403wnzT50T88c1BG7BfOVyuZStDBi5xaTGpMZYPUxqFmNSk39E9WWnMlKnn0lquJqRmndSasrSUlNEqSllvFbKNrx01aVmwEnNRt8wTtvdj8pdTbiod8SkZhmUTGpWwHJJz+mAJhNJ1pN5TPKlDRScy1ra8a69IVQFuigyI6isG0NV7SjlhoWWDakCHJOaJRxFasrdzHEMDAN9TmrKwoOO0yk1n3h+Hx6PxNHL/FDHnGJ+qMXSKI0uClRHpAZAgbJrCPjDrSY1rzImNSY1xuphUrMYk5r8Q/2+fhChGLAOaMZanX52zcFevKu2iWW9E0Uh3SNmDGW6QXpgmDAGyVJ+jhXF9YOMEQdQWTuIM/exP9lej+919LlJkPQVrUnNYpRMalbA0VKKPYITG7Z66ia6+fL7xifx7/4mbA12oayOQU7NGLbWjmNjcBgFDb1sTBmcK4jPUqjzlqNIjQQmsy6pycjNWXWd+L6/BbXsgcZ47NVXzydZ9ed1QaC7567rsBUkuyflO657Z/DIn+VStjJg5BaTGpMaY/UwqVmMSU3+sUhq+E9n12ik5rrOPry7tpl9SyfLvW5+yX5GfY3uJ7jKUiOhcSM1jBvPqh5G6bYwvnugB138nCY1R6JkUrMClk18Sk8nEnEkU3HMJWOuQXxuNoLP+huxue4AynxDqKqbwOm1E9jIYGd9Yw82UGxMapZwFKmRxCwcpdHIjTi7tgM/aR9w96dh9+wKbCo+x7yIsZpH+aOOiP8tkhrdi1fdu+uxsqZsZcDILSY1JjXG6mFSsxiTmvzjkNTMsQKkpaaZOXxj9wDeU9eCigVSU8G+piItNatZBzJSU+Ub9qTmxRC+3daFTn5Ok5ojUTKpWQHLJT2lxi6Z1EGN8eDNYoKlrWYuiq8Fm7FxT6OrGJsDszijZopB2RBOpdSsb7SRmiM4itRIZooYDArJzMamUe/0s52N+N3QDAaZFxpKnk+wgsciSDipUZiY7pzUibMtQIL5yQc6Nc2k5tXFpMakxlg9TGoWY1KTf3innTNTF0hNC3P45t4hvHetSY1/BGfV8LO8GMQ3WzpxkJ/TpOZIlExqVsBySYUqyfrhvYaFLTnDopVAE3uJq3oYdNe1MsAZwaa6aZyxbxIb6wZxSkM31jXaSM0RHEVqJDAaqZHUaKltWj99RyOejiRdYBinsLBUs/OJskOKsytKmdSsYUxqTGqM1cOkZjEmNfmHztFIKSOjzD/GAxHWA0nNrf0jeD9jtQp/J4VmbUjNJic1Iyh+IYBvNB90Z6OY1ByJkknNClg28SnGI+5AJedZsBKTLHhxHEgl8ZvJaXyopY/GzY5h3whO3zeOzawwpzZ04tT6HpOaJZQF2YBoncelhNJSEtYsZ+mZzgL9KA/xNeFhFPp6UFjLAJdB4r/V96JaM88xHxIxFmhN55yMIU6pmWWtPyQ1zCOTmrWFSY1JjbF6mNQsxqQm/9DMZxmpcSM1rAdtzOE7Bkbxfl8bJaaLsQbjEN2C45DU9HtxySqh2c8KGPs4qakdQeHzAXytqcNJjUaasksN+w7ukEmNGjcvmdS8BMsmFSzWjwQPVGRe13JMu6B5nAd3VzyBb7T1YWvNQVT6hnA6K0qVX8F6N4pCvSzAJjUZFKhW1U2iqnYGxaFRbGjox/omHqeGbnaqfSirG8Cm8BQq6qdRUN2NjbUH8a91B/CjwUkcYPaoKGtabVX2eQaI6r5jrOrqu13uqXNyL9IDNQ16sHy+ZisDRm4xqTGpMVYPk5rFmNTkHwkF/crUGCtAYh5RrupalV/0SmpaURLsQblvFJV144zZRik4g2y3V/esGt3uQ1/oVgVHsKl2GBt2NeJLjQfRw/I4rxgnGSWSM6+Muj5znvvjyqRJTSaZ1LwEy6Z0BxFjCZtmGB133YImDQA6+GvXHejHO/Y0MyBnQBOm9dd0MeDpQYUueDepOUSFf5TyN4et+xIUvkmc3NKHk1s7UNDUwWPVi4qaIWwKRFBI8SnzDeKM6v34xL4QHpiZdR1QtqRcO0rOHTVlKwNGbjGpMakxVg+TmsWY1OQfSRZ0Llj+GeSy3Ef5oI+P7+8awQfqWtlW91JoJrCpZpLLERSH+rGhoccts5WhY0EZ/1aFk5pRlFFqTtm7H5+p78CgPneMBTJOqWEQrzrr9Zn8j/uCVH72HUomNStg2aRjyAAsztdEKDUJ1y3EXBnr5a/dNzKLD+1txuYAZSY8iCJfD8oY1FRQaFZzSHOtUx4YxebaWTYmURSGxxkE9uGUlg4UNna6wLDcN45iNjQbasextX4M5+5txHcb2rAjFseEy4jcpmxlwMgtJjUmNcbqYVKzGJOa/ENSozxELOakZm4+hX4+/H1aajakpWZzdUZq+rC+oXtVpaZUZ6YEelAVotTwM5y0pxWf9LU6+ULcpGYpSiY1K2DZ5AqU/ukiNJ3wNMMNcyxwKYxwbQeP8Zd8bdi6twWloV6U1CvoGUZ5aDhLYc5fvNPPprCxzjv9TLPDFTR1oaieEsjnK+ojKPRN8fhNY6u/Dx+rbsK9A8No5THWEc91ylYGjNxiUmNSY6weJjWLManJP7JJzQBz+A/do/gg47S1IDUlrHclvm4nNRX+MZywqxkfq2l0p58hkZYady8+kxqhZFKzApZLeubw0ypiCrFn2H3EMMVndRHa1a3deMfuBhT5DqKweRSFwTF2GArMTGwy6M695YExBoQ8NhrRUmcT7kOZZj7j9uLgDCpaEyjwD+PMmg58LdCG56Yj6OfB171ocp2ylQEjt5jUmNQYq4dJzWJMavKPQ1ITpdQwAI5QBCQ1f+wZW1NSU5qWmkpKzdt3N+NDe8NuSmd3XUNaalSNFfuwq3R12KTGpOZlsVzK9A8Ufj7wpGaeOqO5tyJ8VvdP+evUHD7tb2NB3c8KMoz1wXEUMXg3qTlMSWiIDYdm/hh0F8mVsxGpDAygQgFsYBLrAlMoa55DIQPb99cdwE3tfWhhtkxpGJbHONcpWxkwcotJjUmNsXqY1CzGpCb/UJ5qibkoszThpEYx2p96x9eM1OiamvIAP0dgmPHPOE7Y14oPVde72c+cvGiiANdfmNQIJZOaFbBcUoHSTMEqU4jz0fwsu41JbptGdD6KKdpOI5+6tK0Xp7HSFNYPoTA0xUoywQJsUpMh08EUNPSglA2JhEZTYVcyiC2h0BTVz+LEvT04k8Lzn75WPDIVwRCPazKmo798/qw0ZSsDRm4xqTGpMVYPk5rFmNTkH4ukhoHubDLhSU3fOD7k378mpKY8NIBK96WupGYMJ9bsx4dqG9DOz6lT5pDS/WhMajIomdSsgOWS+gZ1De5YOqnR+Mw0t02xsEUQYaXpY4/x+8kY3rOvEVW6aSQLapF/hME6G9bA4BFkK+ivddTBFDT0Yj2DvNJwt5v6enPdMIPYcTdSUxSeRKmvz3W2FzcdRD2zZIYHfT4y4ypzrlO2MmDkFpMakxpj9TCpWYxJTf6hcq7lwmtq9OXo34Zn8ZFgO9aHe1BRO+6kZqOPMVq4HxsaV3f2s/JgPzby72lK51LGQCfWHsCH/c3Yr+KoU4JMahahZFKzApZLKlCHR2p4QOej7DoibAZnEE/NIBGPYpI1qZrPf5vGv2lbPSp9gyhjYGZScxh1MBsaPakpD/Uy8Buk1Iy6ILY0OIaNjeM4rfYgPrY7jPuGJ9HtDjd75gSrtTv3L7cpWxkwcotJjUmNsXqY1CzGpCb/WE5qHhmJrEmpKakdclLzQX+TmxRpodQo7lQNTqicunv0mdSY1LwMlkuSGvUPTmpcK+h1HXMscvHkLNvCKGajrDh86v7RKN73rA+n1xzERgY7urGTSY1HZqSmoFE322SFptRs8mn2j1GUhgawJdiDd+5pwPn+NuxjuR3jkY5FIzy+7IZNao5LTGpMaozVw6RmMSY1+cfxJDWbgox96oZxEqXmfbX17jIGdwWx++I84UZpTGq08yY1K2K5pCbOC874Gu+f6zii2qq7vCbiFOuku2dSA2vUlc39+FcG55W1HZSaAZOaNF4H04eihj5U8BhU+YdR6feC1/JQN7bwmH3G14Q/j0yjl8c4wuOdoDCmUqrarufJaVqa/0buMakxqTFWD5OaxZjU5B/HjdToi12dfuYfxQl17XjnviBCLIvZpMb7Lp3bTWpMal4OyycdRN2fRl2GF5hlSGprlIHKHCO02RTGWe6emIri3+qaULmvCWUBNqhLhCZ/pWbIBX0lpCKQEZphbtPddTtw+vYaXHGgB03MikmSYOFNJOM88jr2rufJacpWBozcYlJjUmOsHiY1izGpyT+OB6mpkNQE+lDFfq48OIa31x7AObt98LNPVLSjK2m83sKkRiiZ1KyA5ZN6hwiLWFwhibNnnevI8scuhOhgRviIkXiSJbCRteriwRGcFdhPqekzqVmAxEYio2mcFbgWh4dQ2MBGJtyGD/tDuD8SxQCzggvMx9ggpeKYcdU79ylbGTByi0mNSY2xepjULMakJv84LqQmQKlhH+FJzTjeVncAZ+6sQQ0DS50BpCjTpOYwSiY1K2D5xIM47xWySFpqDgkNcb8bYQ8S4fswSuvntr/MzuFTLQcZ+HSi0tePqrpBVNYNozQwisKQphFk4Q4NuIBIlAUHiW5OubaDOaGArnyBmGibZMUbifE6khLu21JKtY/c/wr/uLuLrjdK04eycAfO8odxae8AgjyWMzyc83MslNEEJuOzmKDYuP45x2lp/hu5x6TGpMZYPUxqFmNSk38skhrmYYRSo7x+fGQWHw0cQEGoB6W+UcZjk4zNvOt5ixp60zFK9nKUa8qCh+9TszE4gRNrO3DmtlrsZnA5e0hqkq72qhqrTOq+Na6Mcn+W7vNrHSWTmhWwfNJzOgFKnUZaZBaQftp7gssI6eTqDb192FwTxr/WdeM9e4dRtU0FeQanNpLwiKtEG4PdtPUeVDAwkiRsZLDvbkaZpSKsFSRfG/2j2FQ35j5vadAbcSmoH8L6hgFsaGDnwY6kuJ6BXZpCNhruNDPfOMr2UmrCM3xM0WvsxdmBVvxHdQDbZiMY5XFzx1FDYexx4qzas656u54npylbGTByi0mNSY2xepjULMakJj9RpiZj+gratbgY4aYXx6L4tH8/CkNdKAqOQvfGKwmOsS3XF8q9Tm6ylaFjQUmoH0WhXpSHR1HO/q5wXyfetaMez8ykMKlPz4KYoLzoC3QXD6mgzitoV5k0qckkk5qXIFdJB32KPDIzg/NaDuDsbfV4575+nOmbQUH1BE4JTmFdwzgbW4pMsAebAl0MgnQzymGUBVTJRrNWhLWCpKbSSc14WmpYKSlpGxokNYMM8Fhh6/vcDTZLw96NNkvC3jchFf5JnNWYwPq9XKfUbKprxfv2BnBb7zDa2Ouqw3WdsZMadS1qlLxrmXKdspUBI7eY1JjUGKuHSc1iTGryD1fQmZGx6AxrQ4w5m8IEc3jfVBKfpdQUBw+iIKQzZia5Pu7KfiXbbLXj2crQsUBf8G5wsdEoynwTKNnbg3dTap5kBR1XkeTnT3BfXBXWfwmVySi3K3A3qckkk5qXYCUp2+/qgM6RVm7+2cgMPrS3Hpur9+P05lkU1IyigIW4sH4SBQ3DDPb7sDHQg80+di4MkiQHJaHhrBVhrZA5TU53wpWE6dsOfe6C+mHul049G3QNRGVAd8yVrHHJzrMiOIiq+hls2D2MzeEJbPV14+ydIXyjvhXPRmNuxjP3zYTO7VNFZuOkmUD0TUvux2lMalYDkxqTGmP1MKlZjElN/uEKOjPSk5ooczbpRj9qWfjPCxxwUlO4FqQm1INi9nPljAdL9/XiXdvDeGImZVKTBSWTmhWwkqTfyxzAhUntpAK2EFvNSzv7sZEBW0mwmxJDCagbR0lgkiIwhiJKQFlIwX+/G/7UaIdO5cpWEdYSEq/i0AiK2DgUhYVkbMQJj2Y2U7C3yaf70GQYcNsqw1NYv28Ap/H3PxDoxqd3h/HHiQiaeax0XxoeSa9R0kVxPKaZvnlluXP0tDDvjWODSY1JjbF6mNQsxqQm/1A8pkxNxPV1qGZPnXcjNTXTKZzn38847KA7/awo6EmN2nJduL/aUrM+1I0iP+Ml/yTKa/px7otBPDaV8OIgk5pFKJnUrICVpuXeg3mAcR7/v8WS+Ji/HiX7GlBRP4wyTRhQq9O2xik2o2x0h8iAa3yLGBR5M4StbYrCwxQwjc6MpEeXvEkDKkmVbzSN1tNIaDQSRbnZ0jKF03YfwIdfCOC2jkGEedjUwWhmdu+8s8zccqrI7HjcWu7Twnwzjg0mNSY1xuphUrMYk5r8wwtoSUpxRFpqmM+1Uyl8Li01xYFRlv3DUlO+ylKj21oUhHuc1FQGp1Fe2493POfHw+NRd12xSc1ilExqVsArTUvfKxWfR4ytZgfXfzE8iY8F2rA1cJAVaBDl7k76kyzY4zipaQQntAxifWO/G7VZzcq1EiRdErF1jUPYQKkpptSUB8bcjGa6xmajbxyVXGqbglMPyhw7mOJgLzYGOvG+fa3475omVLOn7WEZjTl1UQc8Q9gJsybzSDqZeeU5kz0tzC/j2GBSY1JjrB4mNYsxqck/MlKTTERZE3QbjiSmmMMhVoMvBg6gjDGYpKbk1ZQafYnd0MfPodnPplFRO4Czn6nDgyMRjKhImtQsQsmkZgW80nTEe7IYxpIp15G0sEf58cFBfLC6CacFuxnYqyKNYkN4DCc2j+LtbGTX1fdSBnrdTGjZKsJaISM1blKA8DAbh5FFQlMRmGBjMYb1IY3kjPG1Gs0ZRCmFbUtTHzbvCuGztc14lp2JrqPR9UcpNkBuPmx39uu0q8AM/XgcdWDJMUhH5JeRc0xqTGqM1cOkZjEmNflHRmoSCU0REEOE7a6LwRhifIVSU+4/iJJXWWpK6wdR1NDvrqnZGJpBRd0AznnWhwcGJk1qsqBkUrMCcpvmEWMBjKoQskBG+fahWBI/bOzBe2paUOVjxWoYxsks4Ccp6G+bQGGwB5W+bgZLa1tqRBElZYNOl2OnUe4fxsa6UUc5paYkNIlTQhS18BBOaR3FuqYhnBrqQXm4F2fUNePDe+pwW/84mniUpnhcknFGt1F2vEl9nyKp8WYtcZ2zssV1OrlP2cqAkVtMakxqjNXDpGYxJjX5B8NZJNnWagrk5HwU0ZRGa4A21oev+vdTIDrc/QIzUqP751WEvPsFZitDxwJdU1NQ38vPMIqKwBTKavrwru31uO/goF1TkwUlk5oVkOukmbt0WtV8nJnAOjbDxnPbRBTfDR/E2b5WNrY9WCc5YHBUERzGprBmFetlwLR6d7ZdKcXsLIp0B97AIGWGn71GUjOGksAY1lFoTmwYxQktOq1uACeFOrHB344t/gN4/646XNXejd08Hn08RpEEw95IDIixq03p1DON0kRYjxUAKl+4SZ1O7rPniPw3co9JjUmNsXqY1CzGpCb/kNQk0lKTotTEkvpymQEww4xvBtvZNne6M0tKA5QaxiuKYcoCqgcmNWsVJZOaFZDrxNAFsZQCGLaabD1TMwmMcvWRqSjOazmI4rpGdw3N1vpxbN7Tj421bHQpNUXBwawVYS0hqSmmfJUxqJPUbK4ZOyQ1p4RG8Gbu15vqu3FKk+5Pc5DS04L37m2k0PRhTyyBbh6fER4LOg0rLRsgd/qZOmCdAatRGnXPzBNlS+6zxqVsZcDILSY1JjXG6mFSsxiTmvwjIzXqbSQ1cUpNjPl8gCHGf4c7cVqwx0lNiX/CSU1JYAAlvtW9+aZJzctDyaRmBeQ6yWXiMXUmXGFhjE1NIZJIopPP/WpiFh8J7Mdpew7gneEJnF07ik2+YXdKWslxMKVzNqmpTEvNhsYxnFjfh5MburGxuQ9n1bThI3ua8cO2EeyZS7rZPXSS2QTlRv1JkscklVQjpBBY3YnrUtxzXHgcg5StDBi5xaTGpMZYPUxqFmNSk39kk5o487mdUvODhh6cocmKKDW66aVmoNXpZ6Vsr01q1i5KJjUrIOeJjWUqxgOcVDVjBWPDGZ2PsTGdR4hP39I1ifc/34wzdnTiDMpAVT0rmZseOXtFWEvoWppCNQKavYNSU1V7WGoKuA/rGeSVNfbiDH873v9CCOfXdeH5qSRGeJiT7EmSCXayPD6quBEWVk0WsHAyZ/UzLkf03zHIGqVsZcDILSY1JjXG6mFSsxiTmvxjodTMp6IMhuNyAnRQai5oYExCqan0jaLUJ6EZR5niLZOaNY2SSc0KyHWiv7hb5M/HGbAnZtiZzGCS/4+ywRziU3V87urmSbx7Rwcq6jS9n74xGHQBU2lw+ChkKodOU3u5HK5Yh8n2N8TC1yx+H0lNAQO4El0P5DssNaUMRgsCDO7YcFTVtuNcVtTv1Xbi4aEoOhnExnRMZtmBxBnYUfYi8QQiPPa6mkadLQ+Jq8OHpMb973qdnKdsZcDILe4kwpeQmqcoNR98fhfK9gRRUt1NqRk/bqSmUudjsz4U1A9iHQOnkvAgpWbASU3RC5KaFtyxQGqSJjXGMcSkZjEmNfmH+wp5kdTEXD47qWnsxZmBbpTXsmzUUWpCEygP66bh3s3Ps5WhY4GkpjAsqRlh3ZtEaW0v3rmjHr/pHErfpybl+kl9wZvuNLlfMW43qTGpeRnkNPHt5qN8X0XptOxYfJbN5hy7lyj/TzKQB8b51F6uXHNgFB/Y14rKXSFsDXWxkA+gkIW9ODTOIGnC3f22kJTUa2YxLkPDrrHWFMml4R4uuz3CfXx9n7f9EKyoS9DvimIGYMVhNfyjrGh638XLUn4GVwnd7+m99N76e6ShH0XsLAr97BQDwxSaURTX8DNJcvi+lXUdOH1HEF9iUPfgyCx62HFEWUOd6MVYS1lJJTVxFlTV2Tkefz3l6i9ZLDU5zpt0ylYGjNzhOhcXZnlSM+/ExgsadEZmRmqeHZvAx5/Zjaqd9Sjd24dK3xTLlMrfkZ3BWkFS4758YN3Q9OYF9cMoYueom89u9kl2+rB+mw8frW3Ebc3t7o7Wkpp5NggmNcaxwqRmMSY1+QdbV8TZwTC6QDLFaCsVcyM1nawPFzZ143SfvkQeRJmf8VRwzJ0dcyhWylKGjgW6lrosqOuNB92NzAv5mc7aEcDtB3rRz9KoURr+c32mi5VYf1WzvS8JTWoyyaTmJch5ynQsKph84M3o5WUM4xvEyBifqo2ncHvfKD4TrMc5tUFsqWdARFE4lcFRaeM0xWMK630Um8C4Ex3d7NIJiYYv6ztJO+kg3ZQaSYfkw6OMFTXDUqnRtMwKxIrDmt5wzKvg/BtlQX1TrlOARtnZDXu/o28V+P5F/HtFDR0obuTfotiUarSGElbiTsPRDG5D2FzTgXfXtOHbzd34w2QEHdzHOfUeczwgal2WHGs9WshqpaX5b+QWXR+VmfbB5btObHZBg1c1JDaSmhdHJ/GpJ/di64tNKN+jG9POsgyyLGbpDNYSrg7ptLPGYRSwDlWyk9xcO4HNdSOsb304ZUcdPuIL49bWNu/eA2qME1R3N3lI9mNmGK8Ek5rFmNTkH+xtHElEkUjOchkHQyx3k++LW7pYDtpQydiqIjSJAj/jH1dOGMu4s1Cyl6Nco9t2VPm8L6DXN/Yy3mvF5h21uKr5IA7ys0dVJlU4GcjremztlfpT94VgHqJkUrMCcp507N3x9y6AV3CnH7dR9s34RqMXalyD7HHum5jCF+tZuPcwuNNoR9OYOyWt2D/sRKNY54G6YI8CEhqhaAw4sSlq6Oayhx0Tf8ev4MpjI1+/CG1zz40dokzztfNv6b30+5qs4LS6YZxeO+LYqutlKCylFJcNjQzUmntwQksPl30M5IZwqr8fJ9f1oqxhBGc0jeP0PQfw0T37cUP3DJ5jS3KA+zbOYzub1LcmGrY6XCBf7ZStDBi5Q2Vet1Bll+IJzQKpUS3gS5zUvECp+eST+7BlWzNK9rKs+WfT5XxxR7CW0ChNuU4XpfCvZ9kvCo+hqm4CW5zUjB6Smo/VhXFby37vlIIEd54Nr0mNcawwqVmMSU3+ob7Fi7KOlJpLW7txmk/3qhlkmZ9AoU9nxLCchCU12cvQsWCjf5D9hTc6tJ5xVUFgP7Zuq8M1TV1uIqmYyqTrM7knSX0RxsqchyM0GZRMalZAzpMKJt/WayIV4OlUK2UMM8V9c83nWWYjZIgPG/jwYRbkz9V34py6AzijtgNb6jopFb2oYkXY1DDBYEqnh6kiUnjcKMuwQ5MLuNEV/ziZQIVvApWO8aPA1wWGUR7qQkWoE5WBHv6tfmz2DVBuhlCla2X8I6ggZUEFbjrNZoiVkB1FwyjWc9s6nW5G+drIznHL9iZ8ancb7u2bRIj7o05jlPVxJpVgRxph1zrDXdZJZsfgWK8gZSsDRu74e6RGs+A9PzaBf39qDzaz/BTvYwcTOD6kZiOlRhMFFFJoikLj7KQmndRsotRolHSh1LiLPzV/uaSGjXK242UYrxSTmsWY1OQf6ltERmp0HYqaXknN5ft7cbr/wGGpYWyj0/mLdWbLao7U6Ibltd76hsYBFAbacRql5tqGLnTxs8dc/WXhPCQ1XLICZ9vffEDJpGYF5DzpLYnO8YyymYywqrn75LOxdFfMa4xRbSn7nDl2QLqfviz9cW7+Xmsv3vtMDd63rwnvpHBU+Q6gLNzDBnoQGxqGsaFegdQEdAOpct8UxWPCnZpWUD9KxlygVRgepYgICclhMiIkytmpbWaF2hRsp9wcRHFDN9Y19ePk5kGc1DyCU5ooL3w/nZq2qW4Mp9eM4axqSkwN34tSs6lpEmdSds7Z3ozP7WnD7wZn0czPP8X91ulF8zENneo6okmMz49gbj6iLldH51VP2cqAkTsOSw3L+xKpUbylpknXlemamn97eg827mxEQU0/y9W0dyrkko5gLSGp0bUzm+uGvVM3WfcqfZNutEajorq27ZQdtU5q7mje7/ZzXvuv3kqjtFmOl2G8UkxqFmNSk3+o6AtN57xUaq5o78cZjHfcNTWBcRRRakr1pTDrwWpKjb4oLq/VqW/j7gviEn8XznzBj+vru9w9/HS/9kNSk9AXYZIbPs5TsVEyqVkBOU/pt1QWSGpm2VBqtEYXsLmbTc5RbGZZ29TvcFOKL5wk7dy0MzGPX/WO4Os1jfjgngDODjSj0NeE9ZSOU5oGsa5BUkOh8c9gc22EwjFNqRnh8xrO9JCcrG8UfaSX9DgK+B6FaUrD3agMdqIi1MVArNudYnZy8wBOoNCc0DyKk5rG+LfGXeXbVDeOM2pGcfa+UXYQqpi92LJnP963owmXNQziick4OrQP/PxJMs/Cl4rPcH9nEJ2fYGc6yb23kZp8wZN5SQ0LxQKp4T9XCthMuxGMZ9ITBWzcWY8NNX0oZLnWVJfZOoO1QnlgyNWBreyYNKqkLxTK/ZPe6Kd/1J0WevKOGic1t1NqvJEaHQNWjDz+xs04tpjULMakJv9Q0ReSmuQSqfnRwQGcGexARe2Ak5riwCjKwiPsb1b3mpoyjRDVjbm+Tvf1Kw304OwXApSabm+kRmVS/YWERqeeKTjUY5Mak5qXQ85T+i2VBd5IjSZ01VU1OvgsqDGKTVRL/v0IQ8BIyo00ctXdbX8/C/BDoxP4brgJ79q1F5t8QZQ07Mf6JspHw5ATjcq6GZxWPYetNdPQ1LKFDT2sJB563fpG0tRFOkkHNpCCxg4UNbSjuEGTC1BmQmz02fhrJrSC+hFKzAhOpcgIjdJoxEenvFUwkNMpN1t8fTjNd5CdQyM+vqcB17ePYjflbID7O8vPnlTvyf3VzCOJVMTteTw5jXhihvutUHZtpGxlwMgdWaWG5VrbM1Kja02eptR87Nldbva/DbU9LG+a5W9tT+nspKZ2mIGSdyrohnqJv0ZOde+DYRSxczp5ZzU+XhtyUqOJAtSxzufxt23GscekZjEmNfmHir7ISI1iLX3J2scO55qDQzg7dNBJjU7VL/a/OlJTHBxFgX+C8dUU4zL2GZSac56n1IS73EQBc66bUGAeY1nU2S7cAZVT9SFZ9vm1jpJJzQrIeVIh5NvqnVU0JTaSmqgL89jjSGxk4Rpa1Hijoh7lFx8mudmdjsbP9Wwkius6e/AfvgDO2lOLLXVN2BzqxhZWxk2BCWyqmcTGfaPYxECwKqRvIHpRItiYF5MCvra4oY/0cFsPyjSpQLgbFaEeVLIylzE4qwpM83dnUVE/i7KGaf7OGE71U3JCQyhrHkZ5k6Y7pAzVNqO8rhHv9zXgB00HcP/4FIKJeRe0Rdhruhme1Bm4E+20t7rpKMNYFTLtnxOetZGylQEjd/w9UtPHcv/k2Dg+9vR2lLxYiw01nShrYvnzDbDDYcfDMl5RP+qWJW7SjNWbdvNouNPP6oaxWaMyjRM4pWEM69hRFQWIX6NNHSitDeIju6txa7jJ3ZdqVvVD7UGWY2UYueClpEa3EpDUPNI/jHOrW90XWhUhnYacvZwf72SkRrcf2FLL/vDJNpyxux/XtQ5RauahqXNdP21S85rBhVAs78lkhI9V2hMq/hgg13WP4Az/ATf5UWVwku34hJMad5+aLOXnWFES1qUCMzi5fgKnNo5Qarpw9rM+3Fjf6UZqNIGOYsYYfxQvOq1xfUd+9h9KJjUrIOdJjWX6bZUNnth4UhMjbsQmjRfi8VW6EEXBPwNA5qG7KeUACfHzPcXMvHd8Dt9p6cV7doSw+YUQttR0YCsb7s3BEYrNADb7KDakgqJSrvM2w95MaUWsSIVES90ws5SVukwV2zeG0/xz2Fo3h/LqCRTuHXGzrOn0n2JW9JJAJyrr2lC1N4wz9wTw0cY2fGdoFL+OzKGWBUcVUEIzy72I6kZXKa0JTearcJaFi8+7/xYcj7WQspUBI3ccTWpU6udiCXda1vaJSXzq+V3YuN1Hae7C+jrJy5ATGInMoY6A6wsfv5pIak6rn0Tx3l68tbYXG/ZPo6xtBhubJrAxRCGj/K97+gV8ilLzy/0d6Od+z5C5pE4/zX68DOOVYlKzmIzUFIb7nNSUPGVS85qHuZmU1CRY0lOHpWaQ3Ng9ijPr9ruJkCoCmnhJDDMe0jU12cvQsUD3HjwlOIZT2F8Uto5hS0MfznpqL66oaUA7P7G+0NY12BFGijOs03Mqq9zG3Ttyf/MAJZOaFZDzpLdMv60WCvB18pnGMDy58dYzUz1nfqQ7mpXc/Q57IqE5BXTxvS4i25WYxy8GZ/Dd1m58yN+EzfsCKN5NyakdxNmhWZwRimCjbwolPt24c4oNOmmIpJlDcf0cSkhpmCLjn0U5RaZKs6EFxt034hsbR7CpQdM778cZlJkP7Anhi/vCuDLUhj8OTcHPzzDEzxLn54qlkpiej7ISRln55lgJdeWQGpIYd5rVUB0GUYeqSqmHayVlKwNG7lAJltpKbA7N9scCoO0KvHSasKb73jY2gf94Zjs2Pr8PJfs62MmMotzdANYTmyJf/xGC82ojqamkeJXW9qF4/xTWt43jpOoubuvHpr3tKHh6L95bE8KXdlbj7toQRrj7E7EYYqwTJjXGscKkZjEmNXkIc1NBLZLM07TUKF+HuElSc0atJzWaAVbX1eiG4aX+3qzl51hRpOufGWudWj+MDaFenB48iHMe3YZr9wTRy088xb1QJDXNOGqSdZo12FVn7t6R+5sHKJnUrIBcJ70j33nBmvfjyY2GFr2AL4Mei1n+rxO31EG5yC9KIqyR8Xl3nbFu2Lmf7/hCknIzOY1L+nrxhY5uvI8B4bv39eHs3T3YuqsLW2o0PbNuZjiAMv8wK69gwOgbQ4Ukpk4zNik460JVoAMba1pw2t4md+PMj7PD+2J1E65uPoj7+yewl1bVwb89zL89pY8S5cpsFKkoP20y4oRGYjPNTx9PdxDuhOW0yWhVd6nRw7WSspUBI3d4UqPRyXQ5UKusIp1+TteXDM8l8MzQOD7/3E6cub0OFRQCTXepQKuMLOwI1prUbG0YR0lNL9bVU7xaRlFU243T9nXirBea8JHaAzj34Wfw9cefx1Pt3ZjlvkaiUcwlItx/7v2SY2UYucCkZjEmNfmHyvkhqWFskpGaYW76cc/Y4ZGaOt2nT7Cs+HpZB1axf1H/1jCCUvYdpbXtOLe2DR/42/O4YUcd+rgDsyyBEVbgGcaCU26du8LPz907Yn/zASWTmhWQ66TAzbuiRN/NqkRyYxottJXZ5F6TeZ3ISE4iFcM8cRfYxIhmS4snEGemTvDz9vE92kgteZb8ZnQWtw7M4tL2MXyrqR9faurFp0IH8V6Kyjv3NOHcvS341z1tOHf3AbxrV7tHdQs++P+3dx5gdpVVo77P42959LHyYO9KkUB6I5AQIoQSBERAQMpV7I37K/zWawURGwqi2FGvYkHAioCUtMn0TMnMJJNMymRqZpIpZ+bMOdPWXe+3z5rsTHY0JJMwZX2TN3ufvb9dztlrfWutr+1Nm+XSTTVyTVW1fKKmTu5obJcHd3VLflef1OuN7tZbT6lTqv6nCpQKVTYrQ2ktMNRJC2OC9FvQ2tQznFXlIyzTjHSjQ/aIZvRe1aTqd4yc2fGSkmTAGTt41kzgTdN5kIVcUBPtV1nv65eUBuqPt+yRd6vzf87qUllSuENOebJO5sRaZmg9HB3gPN0wKcf84kY1jI1hzNmsqmaZt26rLF9dJ1es3ipXP7lBzvnpH+Rn5VukRb9zf3pAhlSH+zIpLXDdWXKODB7U7IsHNVMP5JxleLs542rUh+IdYfgxtzd1yFnrt8rppW2h670FNXPLogkzkmToSDBf7cdCveaC0h1yesEmuaRgo3zw8SL5eXGNtA7gE9Jtm8ptfCr9rF8Ht2qv/ZxakDyoOQTGMnE2nHi63zCWZiSooQAF1pVokfvb5370mMGMKmNaH2KvDAz2KN2SyXbqPuq/s5JRZe3u65XO3j7pGhjUQpqJBUSqVCmKMgOSl+mXx3oz8kBnSn5Y3yQ/qG+Vu+rblN3ywx0dgZ837JZ/ptOyMpOWdZk+qcgOyDY9BwObeTEiRjCjpUS2X79HNqOCpeGW3lf/QF+4fj8OmgoZkwAM9qvhjEqU8H2CcVArEQ0Lx7UFLC3f+ulP+/7ezlhjQQ1QGIdHP1Ioq3xrlIxkFHak5IYnC+SivEpZVrBdZq3cKrOLm0K3M+t6hiEgsBkvwQ1BzYKiBlla2SYnrKuV1z5aImcXN8hVhY1y1T8q5aJfPiw/rWuSzdkhSemXHEqp0msQN6z6w8t3R/9WjjMWeFCzLx7UTD32C2qCHzUke/Q539HcJcvLtsuS9e2ykBeVlwPy33xUdWBhWYssLt4pS0u2ycUV9XJDbav8vCUlZd19QUeHhwb1e0Sjr7Mqp7TSBH0O9cXJ33syQ/Kg5hAYy8TZEMYo/BgV1PBMWALb4gTh1QxhpjBlmDYcRt8wbKxXssNdkh3skAENbqRfFTarV9HgZViDkeF0jwwRcAz1q2LQH3NYdiuNGng06bkaVBl2KiyNXQr9Nekalh4clh69LuN3snovGf3MfOn9+tsMaGk/qIXEgEKY1qcaltI1uhaFn45ahBC76AcNqvgafG9acLj/YFh5y2jIxAFPf0qSAWfsIKghjA3dz5D5WE0TlmdAg/GedL806/pjfVm5VYPudz5eLhev2SKL8jfLrKKtMr0QtsmMkgaZU9Ei86uiiS9mhzE3vKBzj8wrMzTg0TyzK9V5icO2GOTZF+t20Kb7cYQ4/64wxTlE2/YaJIzfgrJWmfVktSx4skLmrqmU88u3yyVPbpAVv3pYbi+vl4f3pKVOvyeGVNUy8iSzaqiy6jwlFLiOMxbQIs5fCGogBDUqgOok0XhO8cwg5AebO+X8gk0q+40ym9cDVKoOJOrGxGemfrcZquMLS9pk5iOb5Ky19fKtTc2hEhAzqz+X/otGtkZ+I2UXDpRXPkxIcs80mlk2rQFNrwwODIaWmjt2dck5lTtksZb1CxlDXN4Zxm8uINBg4qQc88va1Z4wKxqvFojTFroeYwPmlbeEJXnnKuyPXmq+SwNpaNH1SAbna9DEeMvTSptlcUmTnFu4Xd6ZVyP/Xdssd6sNfEgFsVp1k1d56Ee9b1VeeuoEL0q/E7qM6+RBjQc1T4WxTugVP//ImVkZTTwl7o80NHIRKW7xDA3dR+BDGB8CoChvlD8KLMiFLgChxWjQn6TLJhGdNzp/dEe2XdPeS4e09zg7xu55r0A+3SlJBpyxgyePxLIM1Wc5bP8AhZA+h5QGz7u0UG/VD9XdffLzDZu1wC+UpaWVclpJlTojGzXA2Swna5BzkgY3TDc+s7JbjUVKjUmvzC/tlUUlGTm1nJd2Nsisqh0yu3qnzKppkJlV9eEls9M31MspaszC9OaVjTJvQ3NgfkWTnqM5Gm9GkKRB06yqTpletVumbWiTaeoQnayGaaY6RbPUiIW+10U7ZWH+NllRWiuXl1bIO1aulqseekS+uq5EHm/rkCb9PrwPJDhMiDtKFgwVMmfs+1s5zlgxoms45SGo0YhaHbxhtRNUVjXrlnubeuXt6zbK9KItctKW3XJKDTML7lQ9eGrMGvc0qt7ukXlVWdXdPXLiQxVyybo6uWvjzqhbaE4vqRPv1tKqUz9SB0HJRLmV9Ps645tQ5gZ3Q1d48d8w78obDLO03tnVJUsqamT++noNSHarzDMpDWOMW2VxUbucobA8rWSPBiG8UJl3j3XJ3ApdVjCxgOZf3x4qtRaUNsmC4iZZUt4t80p2y4xitRUVbXLKxnY5aWOrnFjTGN4XOEftzmmlW+Xswq1yiQYz16kN+3pVo5T1D0u96mmr3hezgFLZEPwx/Qr4clFQbYG1bsv5V6O/71SA5EHNIeBpaqUkGXCOPhRWmUwmFEQUWPWpHinUiOBrm+rk/WtL5Or8alm+ulxOXVstSzfukuPyauUkDS7mVHfK/KqUzCvr1ECjXWmRBRUtaoB2ykx1aGaU1cvMcl2vbI6o0OBFgxO6pMxdD5p/PTV0bbKgRI9XmAlndjmz07SELiszKhtkdiUO3A6Zkb9R5qyrkSXFW+Sswk1y3iMr5brHHpevrl8v97e0hPFtOEWpdEYGmdyDZk68SDpE60f8zAEl+JsJv4PjHC5BuEIlFwFN1FcgtMUPqX5lBySrATdO1O8a03Jt/iZ1yHbItI1NGrhrsF7WpM5eEo3qxKkDN4r5Rvl4oFl1f3/mo+vlnTJrfUqmFer3fKxMLltbKd+t3ByCu+AfqQPMtDw9+n8Pvxr6ifM4RR3Iic5IUKOyTmsHQQ1VsLzo+fudXXJGORVl9bIwN2nSQrUf80vaVJZbNdBRytoU3cf29V0a8HTLnCINckq75FQNYE7lpefYDA2EFtGyU7BLTuN9gdVdMquqTU5S+3Ny1Q61T9v1+Bo5t7xWrly/WT6+fovcXtsqD/eJbNN761QbYQ46tg87yJKU9L2mMiQPag4BT1MrJcmAc/SgkAIKI2CdAgtblNKCv613WMo70vKL8i3yfx4rlMsezZfz15bLksIqmV+8UWaV1MrM4lqZVbxZ5pbU6bbtMn1VnczO26kBTqsaHroVRINBw6x/aowWVqbUAeqSuUX6uaBdFpV0RbVyBc0yN18DmHw1RoXbZG7xVg126mRBYbWcXrhBlhVVytLVBXLemgJ5R0GpXPzoKvl00Xp5oGWXVOp34X1NzRqxdGX1/pUwTWFY6pfR7ThI1MLRYupBjXOkiIIalrQz0FWYDtB0/dVAuz8rGQ146HZ1X32XvH9VhSzP2yAz1lXJ9LxamZdfL/Pzdx4084yC8cFcvZdEippkpn63aWtqZPbjhXJFXrHcUV0rDfxU+JDo6jDdpBV+Q+vWoI5x0m/sjG9QgRAbhII2CmpotezUjz/q6JKz12uZXrRTTiOgKenQwKRT5pZqMFLdIm+ubZITNrZoUNIWWvjm675T1UacXtqjdkIDGg1saJWZpUHQLA1+5lcS7LTK/KIGtT/1GtzUy5kVO+Ss0lpZUVgpH6iuk5t3NMvvO3qkWPWSV3LQYtSNadDP3C8Ju4cNZDn6+zjRb+RBzSHgaWqlJBlwjh4UPNlsdp/CKvqshZY6FBkNajp7h6Spb0hK2rvlvroGuaumQT78WL5c9dg6ufDJfFmRVyLnFpXJ0vwiWbC6RBaE8TiNsrikVRYVt8jsdfVywhO1ctwTm2RmYaPM1m0zC5rk5NXb5eSV22VWXpPMK9WApnynzC7dpvtrZUFxtSwtqZEVurwkf73877xS+ZBe68N/e1RuWVUgf9rWKE80t8rGvkyo9W5Ru7lb6dXgpT+rrlEPY900hAnfQ7+rGlf8TOvy6UGNc6SwoGZYdYv5k/pV4hiPGebUHNRP6sUztmDVrj75ggYzl/+rQM5aVSqL86rktPzNYSzbwXKqUfD0szBf9Xbdpv1YmLdJzli3WZat3ShLV62Xs/+1Sj5WVCK/b2iUBv2N+olqBrWwYfwFr0+gKTXXY49aiKTf2Bm/EJRa5VE062wuqFHbwlwtP9vdLecVqywUNMqS4g45tbhLg5ruENScXN0sJ2xqlLfUNMspVa0yq4KxMgQtnbKoIhW6os3WQGiGBjszqjtlOi/O3NgucyoIZrbKmYWb5II1G+T6dTVyq57r3oZOye/JyJaBqCKhU+WrcyAjzBLbn7u7cM8qh1bB5y01yZA8qDkEPE2tlCQDztGDRAFF1zOrpaLgGhwelI7UHskOaoCjTkd4yatmTymt/UNS2ZGSfzCL3/oa+eK6EvlkfqG8f+0auXJlnly0skJWrKqW85Rz19TIOerMvDWvRpapg3NWwRY5q6hOlhXUyZlrN8mZazbJ8vw6OadwiywvqJGz8yvl3LXr5aK1JfIu5UPK/y1YL7/a1iAFezqlak+X1LV1S3dKjU9mWNLdAyHwGlAryqzrYYaNMGmHfmAjjpJ+FzO0+Eoe1DhHkiioieSLlzhn1KljWhemdBka1qBG9Sul+3b0D8pvNjbKfz+SJ9c8vEauWbNertUg/tqiarkmtoSrCzbIu5T4MqwXjh+uLqqSa0tq9uO6YmVNhbz7sSJ536pC+fjqdXJ33RYp68/IHv0dmACHyXj4tRi/EH4/PGJvqZmQUNby6KKYNDembFi3qG3p0eL5nraUrCiqlTMKmmSxBjQLSrplYVlKg5rdMreCgf1MLsOEMnRTZoIYJo/Zrdt2azDTLjM3tMnMapa7ZFpZg5xUuFFOLaqU8wsq5IOVW+Wuxk5ZlcpIPbNeqvwMqCwN9ep9qF1gNrPB4ZTex27Z07tLBoZyPRNyJDniTgTJg5pDwNPUSkky4Bw9rDAnqEmn06GVhsJocFidseG0pIa6pCPTLl0D3dLV36tkpWcwGoTfpQaqk1pnpjJXGrXAq+jtlwfUqNyztUXuqNgit6ih+fyqIvnUynz5n5WFctPqIrlxTZHctKZE10vkf9aUyqdXl8q319bIvUU75cGyVnlkS6fktfZLZXpQ6vS82/T+GMwZatqULr3vlDo/Xf19er9qtXCAsJaaP3Q3y+h3SPfI8ADGNHKUMK2aM2QluPGgxjlSBOFScWQdp45ZKnnXRVZdPSZQ7+3rlZQGNCmVwx2at1plvKJ/QDYFWR+SHcr22BJ2qg5AQ2xp6+OFeoV7TmKbfrfN+p036rJK89UqjK/oHMxI3xCzivLr8Dsxr2fUqhqNp3E9nWgQ1FB51BPK2n2DGlpqft7WI+cW18rioiZZSMtLWacGMl0ys2y3LCpplyVF7XJqafRy5ZmVu+TkqlaZVtMcWnFm1TTKgqp6WVRaJ2cWbpGLSnfIe8p3ym11rfLX7n4pV9vF6zCatJDvZG6OrN4TdoHZbLO90t/TKumeJlXPPTI4lFKiLtehIk/vD2w96btNZUge1BwCnqZWSpIB5+hBEGPJCnW2Dw5mpTvbLunhTjVMKaU3OB70ee9XR4QXwA5plDCY0WChd0iGiHLUdmk5Jj26yotpqYXdpSatNRDN+MTLaunT3JD7DOwjJgmWkBnH6X6NDRygFpfGl2HdPxjuIDWcVUcorQFVWoMuLUDxfmhCCvOea0Ebmmz0O4VghvuNXqmLaaUYJnsU0LjsOUeOKKjBqcOls6CGKYv1/4GMZNS579M8XZoH575Z17sVHMKR6WJtmVvn/WPIuy3j6/Hl6G2DGlTwjhDo1+BpCL3S64/kZ8l+XY7kz+0bOXbUOePr+ywPAHrcqfrdpWUG7wBJaUHRqzrao3rcpwqvoY3+368MKpFTTG2/nnbvb+BMCOItNRoe6NOkPN4b1NzTkZblxZs0MGmSOeUdcsqGTpm2sUOmVbaF2c4WFXdEY2Y0qJle1SInayAzvWq7zK6olaVlm+TComq5Lr9aPl++XX7d0i/rtGBvzOlReK+fsrfiSlFZGxrok+EBDbPCKy16dHtKdaBbZXbflhrAMTfn3dkLyYOaccBUTUm/heMcPBRaZppyLsYQqIGyvu94HGTDgcMhyy2jcSxEPFoAYjSGIQwBDiFGNPN/MHXB+OD48YLY0H8McsdG12KZg4JUHawAA4sDbMsdx5S5GsgA9b0afuWwvtPRvYb71fXk7+04Y4DKGOoRBTVDSghn9DOyiWOAwVfRVXEkJkfDyGev+qPLWhzbdrD74uvp4T7p7k9Jw+5GKaoqlvbudunSz2GfBhXs7x3slYzqDfs2bKuSusatksqmdHs67CMPee3+7Pyjl0nbGFU0FH4Q/ZJ8YX4YLT8oDRhv1Bf+NNAL52YUUuQUA9kTf19n3GJdfSnfqVAKEwVgO7TcpnX/j7p9aeEGOb2yRWaUt2pAs0dOrG2TExhHs2GPzKzokBkVu2XmhlaZU7lTA53NsqSwQi4prpIbKmvlzi075eGWbtmuitOjAtLXp7qkS0QsgHgpJm7YHbCqrWDbckR6mPw9nH0heVDjOM6EJHI5cL9YU9NAUEHwwFiV0OVLCzUNKqiFpXjDAaG7Ac7ZUAh41GDguKjRGDDCOS2g2TeowZ0ZyL2lIlqmlB49t7p6BCohqIk5RqAHh1q4Ye40gr/IdYzWCWqCMcPaBUuXQ9eTvrfjjAVxMY1kHdnn1ZKRexU5VTmZRBYRbT2OfFn9EMJyW8bX48tR29CxEU3Ibevpz0haHZHe/qxsa9wpqwryZFdHu2RUN9G4ngH2R5MXcEzL7l2ypjhfKmqqpbuvR7Kaj1Yl8vUORIOryWfn55oHunZ8X/jW/DZBh/VXGaJ6g5CG0UaEPwQ+WhLkKi5oKRrU3yW0XDkTDpP/SM61pKelRstqZj8LQU1xhSyuaJCZ6xtkRlWzTN/YKNNrdoZp/OdXtMmismY5o3i7XFBcJ+/dsFO+WNcsv25plzW9Gdmu5+hU+RhgVks1OEMa2QyqnA5oZAOMBw3VWHofyE9OxQIqitEt5dRPd+9z386BIXlQMw7gh52KJP0WjnOwYJD21pZG20ILTL/uCQGNQheW4LAMh/YcxgiwJGbAYGBE7DxRTXS03+CzXYOuJz0a0PRIR1j2amDTp2ekHjdyeTBWWpjmzh3OrxAQMVKBWt4I1qkVjxxINXV6jzkLxg3lAhoY/Z0dZyzQ0lelLpJ9QORUU4L8aukc/kZqixFiHH36Z+XE9CmTO1USg+r4jaDX6OtVjdEljaD00qT+gfqCbFoDkF69f/2c6VNtUx0fzKpep1SDdMmxNNBqbLPfNf4TfMWMfvfeoI1s1AvqRXFAacEC/kLZ0qf7ge6ktMi6nk5I9AkGuY+EYN+g5k+6+eyicnlr+Q5ZVLRNFpVul8XldXJGWa0sK9ws5+bXyRUa0Hyypk3ubu2VR9IDUqWnoZtytx6f1hNnshomh4lgtHwfitoIae2Lt/hF1Qfcj15eRSncFAoJ1KbxGf0Zde9OMiQPasYBo539qULSb+E4B4+WKdgjBeOEDciogcAx6dGNvbkggq5lKnDBUQq2SwmZIWdA7DyaLThR9plDjQHd2at/PeEvnfvDSDEegUCFrjlRAMQlgHVeaxjNKxVB/W9kzEwH4hdUcjew//d1nLEBR8rUgPhZN0UEB0q36f4Ik0nNiZMQKdlTx2oMkrD9ab2UeoSZlqwMM5CHZlVqIVhqHoYa5IYbSH+bahDeJ8ewzc5DXquNeCroj0GM0qXfmFYrq1wgyIv0V38LfgcqSxjUndYfQp2jqDup6+pEBJtB8R+Vv7nSWst4gpL7NFg9L69ELirZLivWbZUL8zbL29dukMtXlcoNa6vkzs3t8ogGtpVqU7ar3LQriF+qW60AvQP0nNidlArnHhXiXpUg2h1p0ac6C5uBneoKDGuOSB8Ru6BjyKTJNbeXcP/O/pA8qHEcZ0Ki/sdI9IBdwkAxgLdbrQBTB3QrtK7QvSt0JwldARSsD+tqkKLaZz0fta0YjxzhZAZGhmvo9UIXFs0AA3oPI+h1I/Y9DAi0gBYb8uAsRvcfRy8aghlykNOdJefIgZQFNVD0o8qegtyDriOSkRxbYKM5Q/dOPR6dUf2JL5O2sTwoNAgZ7FKHr0evpp+HNLoYzgzJUEqvyWCeXr2hHr0HXQ7rZ8sT8kFa96cGZahbdSYd7U+8zr9DvxqX6uH76jKUK3xlPTW/U+Rb6g4yhRkM+3XfSPvsfr+vM/6xMjqUx/okA1rm8kqAv+qOi1cVyuUrq+TKRzfIRzWw+fqmdvl/zb1SoQEPg/736LGMv0lnVGaUYcZPhrGaBDZpDZLTaoPS0qHSk8oFv6FiQMt5ZCarn/uUXiWj0C0yBM56fs6FDoRzqkAm3b+zPyQPahzHmZAERwyrlHNAgu+l2zEZUeeuCMzF3iAhwnrXE/DsHeOy9yj27m1NiQyLboiuhZfD0uDa7KMMDQGKss+1glsYbVbCB+C4cKxupHtPLqCx+4qOT/7ujnM4REEN0haTSWQ4J8fW8onmoAfoi8lm5Mrz/95lfD2+NKilPhCRLmq+oT5JZ1PS09clqXRn2DYwnAnOIXlsf19/T9hPvnQm+jw4HJ2rb6An5LNzHyzoG3fC1yd+C7XktALpOh9p/EHto+p91Ut1Unv1iA6FyZ6TfmNnfMNz5ZmiC7TPhTY6LXOZ+e5xfc4fKdogt2zeLT/Y2i337xqQAi3rGStDSw4VWbyQNYyjDH0e+6S/t0PlIy3DKpeDKpMIDzOXMZNgV08qKv+xWaZrBMjhnWW6IbyzTC8wRHu/BkShbadX74/P+zveTjIkD2rGAVM1Jf0WjnOwaFm/10DknLFQtZrrL4bZgqizF3VjmIcoUInqyvYGNdEfnyLsz44JgQ3nxxJaIBPHro/TA+E+dIMeF81eg7zrfrtnIxyXOybkYwAp141cyaTv7TiHi0qWSlhUW60f95VJlVEcsEg8qSQANCHSmaQAJr4eXxp7qwuSyQ73qX+Xln4NYrgG60E/NVjJapBCnmg0GkFIFFwZdg72kze+7eDhGP2O/Bam45HHG1TTVD76YVQztXyhFZipQnCHk35jZ3yDfPNMkW+zEUzqQqyxRZ/xQ827pLx/WLZrnhYlTMes+2g8GbEzgxoIMYhrEGHJLYF9jMnCgab1Ro8bqdTieBSPFsIM6AbGaoXxN8h0NPKGicSRajQv6f6d/SF5UDMOmOwp6Ts7zpGDgiqJg8kzmvgxilqmREbnOywOcG3HeVqJ5JLZAm0Z50D77LjxT+57Juj1/jOcRd+NaeB99rPJwN7nH6Z7VvoUJo/I5j7TOhNmxxthtPyMJp43gbic4VwHBztir/7k8joHBcmDmnHAZE9J39lxHMdxHMdxxgKSBzXjgMmekr6z4ziO4ziO44wFJA9qxgGTPSV9Z8dxHMdxHMcZC0ge1IwDJntK+s6O4ziO4ziOMxaQPKgZB0z2lPSdHcdxHMdxHGcsIHlQM4EZTynp/hzHcRzHcSYLOMU4wySWONH2mf2s41DbNkt8tnPYfvvsjA0kD2omMOMpJd2f4ziO4zjOZAFHGHCacZDh3wU27MtkeI9NFNiwnW22jDvZzuFB8qBmAjOeUtL9OY7jOI7jTBYs4TRDfBtOsjnKliywIbGdz5b4bE64c/iQPKiZwBztlHQPjuM4juM4UwELZuIBTJz4dstLYmkON8nykeLHO4cOyYOaCczRTkn34DiO4ziOMxWwgIZ1ljjRYE402ywPDrQ50RbU2LF0Sctms+EYO7dzeJA8qJnAHO2EAByIpPtzHMdxHMeZLJgvREASD1JwogGnmW0k9scDF9bNqY4HQnZu5/AgeVAzgTnaCQE4EEn35ziO4ziOM5no7OyUxsZG2bNnz4jzHA9WWLKd/fX19dLU1BQCmtbW1kBfX1/wm8jj/tPYQfKgxnGcKYeVR/GaMwwNiW3pdDoUjnQRoOCzREEJ8YKTPHZex3H2xxwMdA3dMWeC7aPzjgZ9tHwsObanp2e/fI4zVpCQU+QVeUMG+cyyt7dXfvWrX8myZctk/fr1IW/chlh+ZPWOO+6QN77xjXLbbbeF4773ve/J5ZdfLpWVlSEvx2Br4td2Dh1S3DZb8qDGcZxJDQWbBSMUbFYAYozMMFE4kjA6bLd8VhCmUqmR8yUVjo7jRJDMQTQ9Qq9YJuU3zAFBV00fOzo6wnJ0XscZK0zu4uU+21iWlpbK9OnTQ4BCoGIyzNLsALLK59tvv12OOeYY+cY3vhHknWDmHe94h9x8883S1tY24oA7YwPJgxrHcaYUFGQW0BDAQNx5ojBkicEir2GGClgnD8ex7sbJcQ4M+mN6wxJn0QKVpPwGec2Z5Bwkgpq4Y+I4Yw3yaUtkzaDr2CWXXCJnn3126FJGHmSYfSbT2BOrCLvrrrvkxS9+cQiAkOGuri754Q9/KKeffro8+uijI7oQv7Zz6JCsTOG3teRBjeM4kxYKMgwPBsia/inoLLhhO4aGQtECGzM+rLMfWDdjxv7R13EcJwI9I6EncT0z/TsQpm8cxzqtoyw5R1J+xxkLkLHR4Cz//ve/l2OPPVZ+/OMfjwToyCTyzNiZv/3tb/LNb34zBDOPP/54WH/pS18q3/nOd0Zkn9aac845Rz784Q+HIMeDmrGD5EGN4zhTDgwJAQvrGCUKQsDogAUtbIuXXRxHocg+BoGy5HO8oHQcZ19wMEynLEh58MEH5be//W1YTzoG0D/TQ8CvwLFkW1J+xxkLSJTpJD4jo+3t7XLttdfKW97yFqmoqAj72c5yw4YN8vGPfzyMn3nDG94gr3nNa4ITvXz58uAH33LLLSOB+O7du+XTn/60HH/88aErW/y6zuFBopxgnWdjyYMax3EmNRR8BCgsrV80QYo5T3RxsVphZrqhRpntDFDmOJI5aBgpd7Ic58CQrEYb/SksLJSLLrpIvvjFLwa9SjoGyA/oF0vGKCxYsEDy8vIS8zvOWIA9ACvXWRYXF8vMmTPl7W9/+0iAjkwSrNx4443ywhe+MAQ91dXVsnr1avngBz8oL3nJS+QZz3iG/OhHPwp5OSfyf88998jLXvay0KLD59HXdw4NkpUnHtRMMuIPi4ccV9CDgWP+nbFxnIkM+oBhwiCxzmw2OFllZWWya9euUPjR75kaOQtuTIdYWrcBjNPHPvaxUFPHPoNr2NJxpjpWEcA6A6RvuukmWbFiRRijMFpPRusQTog5hNgknMq3ve1tQQctT/xYW3ecQwXbwBJ5Q6aQvfvvvz+0xHzta18L+4H9BQUFIdiZN2+etLS0hG3k37RpU5DT//qv/5JvfetbI7LM/rVr18qb3vQmueKKK/5jF0zn4CHx+7LOM7DkQc0kAIXj4aFkf//736Wurm6kRoDEA+eBmtKyJLGf43DS6BOK4bA88fM7zkQGGQeCmtra2hDAfO5znwstNHQzuPrqq+W4444L+8hDXvSAJbrDOfhss9l89rOfDceZ3rGPdfTGdceZ6mB70AOWdB/DwfjJT34y0gJq+9Ad9GjHjh3BEWlubh5xHtE79j/55JPyute9LrTamG6aA8N60vUd56mAPJJYR7aQsx/84AehdYVWF5NFtv/pT38Kwc6XvvSlIMPAfuT2K1/5irzgBS8IY2o4J9s4J3bjtNNOk1mzZgV5j1/bOXRIlBWsW5lA8qBmEsDDotsMs25cdtllobnfHjL7WLe8CIEZBvbRHYeZOc4//3z5wx/+EAxP0sN3nIkKso7M0+WMgm7x4sXBkUIX2HbNNdfI3LlzQ0uN6QdLQBdIGC90g0GjHP/Xv/51RIcwdqZncV1znKmI6QutoB/4wAdkyZIlUl5ePqIfgHP32GOPBUfwyiuvDPaHLjx//OMf95n+looHWnmoBa+pqQnb0E8S626rnMOFhExaWY9PxKB/gppf/vKXQZaRR4IUupC96lWvkl/84hdhG/s4DtvATGcc8/Wvfz1sMz+LVpyzzjpLZs+eLTt37ky8B+epQ7Jygt/Zkgc1kwCUja40OFvULHR3d48oqD108qCsVnvAfgSBh44R+eQnPxmO37p1a+LDd5yJCjKO8aHW981vfrPceuutI0aHMTLXXXedzJgxIzhNvGCN4B4Y2El3NM6B3nAMtW44YB/96EdDzTL7zCDaMn5tx5lqoCvoAjZpzpw5YeYnAhyCf0AXmTjgzDPPDC2kTJn7zne+M9SAo4e/+c1vgq0C7Nedd94pr33ta+W+++4L5zdHknWuE7+24zxVzBYgV3xG7uhCRoBC8MJn9iNrP/vZz+TlL395eNGm+VbsI6ihhYaxNt///vfDPmPz5s0hsKfLGrOmxa/tHDpx/5ZnY8mDmkkACnXppZcGI0FQwoNGQXmgtm6GhqXBQyYAQmlx4E488cQgCEnXcJyJCnJOjS99+3GcCEyQe/YR1LzrXe8KfZ4/85nPhBetMS0noE90n0FXrHDkPF/+8pdDVwK6bFpBiZ65g+U4kb6hD4xde+UrXxlqsJl0A/1g37Zt20LLy8knnxxqwrdv3x6Cnn/+859hG+Pd6BLNOdA9KiOoHWeiAesijT6STP8c51AxGYqX5Sa7jKlB1sx3osxnRjQCdfwqwJawvOGGG+TZz352ePkmx3A+wLc66aSTQmUYPQPi13YOHRLPinUPaiYZK1eulBe96EWhydQUyfYxOJNuaVdddVWYLx2D8YlPfEIeeeSRYGjIQ1BEYIMQUJONQbHjHWeigz5Qa8yUmww8thepURDSHYAum8973vPC7DXvfe97Q79paodxsAj0eR+B6RTG63e/+12oOSaPOWpxnXOcqQyJ4J+pbJnyllZP9IZ96MtDDz0UKhGwN9aCQ/dpAhYm48BeWY02jiS6O3/+/NBNlICI7ebMuN45h4s5xKzjBMMTTzwRyn6mbrZtyBzjlvGheMkmXSWRW1rzqfxCphlTQ1DDOe38DzzwgLz61a+Wz3/+8/s42c7hQfKgZpJy/fXXB6VhkgAenDXb051m2bJlYR51+nPS/MmSAMj6hdp4APLjrFE78YUvfCHxOo4z0UC2cYz+8Y9/hFYYWlkwRCbzdL2kT/+znvWsEPhbTTA6RG0dusNbpXHKrFBcs2ZN6FZDC4/pml0rfm3HmYqQGDNDbTY6Z3YJBwM9YlwawQ7OH/rGPjAdsy5q6C3LxsbGMCbhwgsvlKqqqn2u4zrnHC7m+FrgAgTPF1xwwUiXfGTRZJjxlMg1Phc2AP+LoPsVr3iFPP/5zw9ybXJJKw5jbF7/+teHsctmK5zDh2S/pwc1E5T4Q2EdqOnCQFCrTA20GQ7y0Fz/3Oc+Vz7ykY+E2i72MzMa42dw4uiyhsHgGM5F7RiKyXYcP7tWvNYhSTAcZzxDwUc/fWtdwWnCSLGPcTEEM+z7y1/+EuSbQIV9dIuhUgCDRA0dx6ALVBbQlYDJBQiK2MY1TO8cZ6pDLwBaPXH+8AtM39C97373u8FmMSMatodkukUedAk95DO14NglWlnPO++8kW5p5CPFnRbHORSs/DbfhnVsAF3PaJGhQoxtyK4F3AQoyDf2AdlkNk3k2Vr6OQ/nw4bwPhu6MpuvFb+2c+iQrCzgGVryoGaCQLIHx2ceJqxatSooHlPNomymoDxMmj2pNeAhcwzbyMOAS7rbLFq0KCgd+XngBDJMPWgzQZkQcIxd13EmGnSvtFlrqCXGgbIAhD7OTOl8yimnyMaNG8M29IBjMGDUDh9zzDFhAgE7hlo8ttO3Gv1B59Atc9wcZyqDPqBDdN2hCw812+gGdga9QgcZbB1/8zpL8mB3mESA2nF0iu0MtKbGHJ1jJin00JwV00nHORyQMxKyawH2unXrwtjJd7/73aE7pflJJn+0RjJehjGayDuBPNvsxbOALNND5rbbbgvnTXKsnUODxDNhnedlyYOaCQQPkMQDRLH4TH9lZtzg3Rl85iGyZD8GhBpmlPOnP/2p3HzzzaGplKDlmc98pixdujQ4aCYYHENXHPqGMjiT6yAInJNk1x99X44znsHY0E+frmQMWrbgA7nGCNFXnwCFri3WnYx95KP/NA4Yb5hGFzB+BD+MzeGYeIWB6Uv82o4zFUGvaBU99thjQzdO9ALQEXQJ3WHGs4aGhqBv7OMYBltT+810z6anvLzw+OOPD9ND25S4cSc0fl3HeaqQ8H1MlszPIThhJjNaFVevXh1k1Pwu1kmsx/0kOw+f8b2Ypvziiy8OU5qzjfyjr+8cGvb7s85vbsmDmgkCD40HROLh2EP89a9/HYIa3nROYp89PF4mSNMnNdQMgqaLDRMBMB6AWTp4CWF84CUOHYLAuBomEoifj0SQRIrfl+OMd3CA7r333uAY0aUAOUd/2Ef3Td70jG7QbYDt5MehotaYt0efcMIJIZ/JPl1gqBCgVZOJONhmhs50z3GmKiR0DH+ACgEq0whY2IejSJdP7BIBD12hea8aXaPRTbp60h3UKgsYc8PEAnSL5oWINmuhBTWub87hQpkf93NYmjNM+U7wffnllwdfyewG5T15WNo620msI+9UODNdOT4avhMBD8mu6xweJH571s0fJnlQM0HgodmDiz+c+++/P8ynzoA1PuOMoTwU/gQ6dE1j+kxqy/Ly8kK/TgY6P+c5zwndzwh87HwYIs6DYWFGtfi1SB7UOBMVantpoUQnkHMSso0+YLAI8tETPtOyQxDDuwpwypgtkMLTdIsun0zR+aEPfWjEsJl+QtL1HWeqYC0sdBtjgD+t/3TTRFfQOXSEMZ5UJqBfVCgwhToVbziB1IqTh7wcw9hQuoeid1YTbs6KOTWOc6gQILMkIU+kuIzRxQwZZDwyn9lu5TwyCiT7zJLuaHS75L02Nu7S/aexheRBzQSHZA4USx4YtVz89ueee25w1kzhqqurZdq0aSP9/smPs0bNF/07ceLe+ta3BkUlPw+cd3bg+NGSQ1ccttn1SJyblHRvjjNeQX7pMkaffJwsmy4WebbZz6gYQF/obkaNMS/XRHdozaTPNLqA8cMwUfNGiyfv2DAdMT2B0dd3nKmE2QvsCd2imRmKSgUCEnQIvUNfsEtUtjH2humfeXkhDiR5OAf56MJDQPOe97wn6C3nAPSOxDLpHhznYEEWWSJLBOQmW2wzObTynfW4fMaPZTvwmX34W8hq3Da4vI4dJPv9+W0teVAzgSCZ0vGwgAFsTNPMLDMMorTtGAweLM4ac/9jVKgB41025GXwM8dZSw3nxfHjOTIwjgHUbDdItp50b44znqHbC5Nm8PJN3jtDoiCkRo0pNykA0ZPrrrtOFixYELqW0RJD1xczTpwHJ4t+/2eccUYIdqzQZOm64TiRg4EuoBO8rJCumrwmAB20gATnj3WWBD/WCgrW0sPxd999dxjT8Oc//3nkWM4fv0782o7zVCHFAw/WTa5YR0b5zLrls3W2m0yCHWOTBZic23VcXscOEr816/z2lg47qCEjNZcW1PAAkx66c3jwm7K039R+X7ZjMGi+pysaSsQ2ngMzPr3uda8LzfvM4jFjxowwCJOaMWqt2U43M54j+XlvDX2XbapNu6YtR687zkQBXaHbJbW+N95440jffOScLmcUhOgOlQG0fjKYeceOHWE/cDzOVn5+fui2+alPfWpkljR0gv1WHjrOVAddIhGw3HrrrWFKW8aoWWCCvphe8dnWwXQK/aPnAK2mjFGIn9/O4fbIGQvissTSsP2sk8fkNL7f9lle1s0PtmX8PLbuHB7mt7IEflug2ys2+n3ve18oS6zMAVu3Yw7YUsMgXIIa3vNAYRbf5+nIJ1pYGDtz0003hQdGwmkDZpH56le/Ghw5aqqLiopC6w410LwFl6lqUUIePn2cmfkMJ8+Tp8mQKIOs4EPGaalk4gwG+1MAxsuq0ZihwpBxDvQJXVq4cOHI7IB2bvJ48uRJgg9A66Y5Esz8hG2hMg2dOlBCn9BR9ImabirrmMqZAdqePHnyNDpZqy5YeUMFJa3DzDxnLcAWjFpeIzGooSCiXyzdnOzNwUDhZK0GzpEFZ4vBzNRCU8tsvzvPxxwyjATPhM88H/bzmXXy/etf/woBjc2nHj+/40xUrNbM4P0X55xzTmiaxvFKOgZMb9ARC24KCgrC2DXG3DA2jTymT+gc+SDpfI4zVTDfAP2x4Iaxm+jPv9MPOwZdQq/o3smEHUl5HceZ2phtp9zAZ6WcITEMg+5nzKJo+ylPWJq/axywpYa3dTNzib151Qoy9nk68okHRosLA/95WzMBDM+B7RiI+HMwRw2hsH6fGA5q0VasWBHeA8A+T54mQ0L20QWDcgnnirEzzMB0oMRx6IEVhpRpvLSWlhpaRkkUpJbI42WeJ0+RXqA36A/2BzvDujkdB0rsJz+YLqGzdPP05MmTp3iK21rKG0t0P1uyZEl4qbYFNWb7rcKebXDAMTVMFEBQQ3DDbELMOU9fWub45rNzZCEo4SVm3/72t2X58uWhxYxtDGqmLzLvBeB5sGQbRoJ1nhMwn/p5550XuqOxHZKu4zgTDdMDK4tY0lef1k10ZnR+g+NMFzgG6JbJPs7HfrC8trR1x5nKUDlmusMS+3Mw+sY6S47HdjHGjWNH53ccZ2pjdphygpkRKSdYp4Kfbqu8rNcqSAhuLLCJxy8HDGpwoo877rgwGJAmH951AvSjZbpU58jCy6GYsez8888Pg/+ZhpbPvH+DGmn28zwuu+yy8Eyuv/76sI3PbGe2J14wyOQBbOcN60nXcZyJBvKOTFNrA2wzfUE/RuePg+6gH+RjSlnOhW6wZDvns/OTn7Jv9DkcZ6qBbpgumI7xsk3TkyRMjziOJefgGLNhScc4jjN1sfICrJzAPl966aVhxkR6VdBKTLJeS6MDmwN2P6M2hjnmcaoZoHPBBReEAIdWA16m5RxZaGXhtyc65TPdyFjyHHgvB8/B8tgzsXXyMk6AfKyzjW5sdm7HmQwg08g242mYAZAlOsG2JNAHIB/Hmx6xzvF2XrajZ5wfLL/jTFXQA2wKuoA/gJ6ZziXlN9jPcayzhLjNchzHMSgXzIYTb5j/yj4CnJqamn26kFsX2HjscsCghoxEQQyepWtTfOkcPfjNR//+Sc/hP21L2u84E5mnKt/kOdAxti+eJ77uOFOZuB7E9cO2/SdG53W9chzn3zG6zLFxfEnxSpz/lbTRcRzHcRzHcRxnouBBjeM4juM4juM4ExoPahzHcRzHcRzHmdB4UOM4juM4juM4zgRmWP4/B5ZQw2WwyccAAAAASUVORK5CYII=</file>
    </questiontext>
    <generalfeedback format="html">
      <text></text>
    </generalfeedback>
    <defaultgrade>1.0000000</defaultgrade>
    <penalty>0.3333333</penalty>
    <hidden>0</hidden>
    <idnumber></idnumber>
    <single>true</single>
    <shuffleanswers>true</shuffleanswers>
    <answernumbering>none</answernumbering>
    <showstandardinstruction>0</showstandardinstruction>
    <correctfeedback format="html">
      <text>Your answer is correct.</text>
    </correctfeedback>
    <partiallycorrectfeedback format="html">
      <text>Your answer is partially correct.</text>
    </partiallycorrectfeedback>
    <incorrectfeedback format="html">
      <text>Your answer is incorrect.</text>
    </incorrectfeedback>
    <shownumcorrect/>
    <answer fraction="0" format="html">
      <text><![CDATA[<p dir="ltr" style="text-align: left;">A</p>]]></text>
      <feedback format="html">
        <text></text>
      </feedback>
    </answer>
    <answer fraction="0" format="html">
      <text><![CDATA[<p dir="ltr" style="text-align: left;">B</p>]]></text>
      <feedback format="html">
        <text></text>
      </feedback>
    </answer>
    <answer fraction="100" format="html">
      <text><![CDATA[<p dir="ltr" style="text-align: left;">C</p>]]></text>
      <feedback format="html">
        <text></text>
      </feedback>
    </answer>
    <answer fraction="0" format="html">
      <text><![CDATA[<p dir="ltr" style="text-align: left;">D</p>]]></text>
      <feedback format="html">
        <text></text>
      </feedback>
    </answer>
  </question>

<!-- question: 126837  -->
  <question type="multichoice">
    <name>
      <text>Question 29</text>
    </name>
    <questiontext format="html">
      <text><![CDATA[<p dir="ltr" style="text-align: left;"><span id="docs-internal-guid-62f26364-7fff-2744-b3be-5f1b41af4143">The grey plane slices a cross-section out of the object depicted in the image shown. Imagine you are facing the slicing plane head-on. Select the cross-section you would see.</span><strong> Select the correct answer from the available options.</strong><br></p><p dir="ltr" style="text-align: left;"><strong><img src="@@PLUGINFILE@@/29.PNG" alt="" role="presentation" class="img-fluid"><br></strong></p>]]></text>
<file name="29.PNG" path="/" encoding="base64">iVBORw0KGgoAAAANSUhEUgAAA0cAAAIzCAYAAADLfmLgAAAAAXNSR0IArs4c6QAAAARnQU1BAACxjwv8YQUAAAAJcEhZcwAADsMAAA7DAcdvqGQAAP+lSURBVHhe7P11fB3X2bePns/5+/zec96nkMTMYjQlaZo2bdKkaZKmmDJjGjAzipnBsi1mskyy0DKzZVuWmZlksTbD99z32nvk8fYoldxET5Kub3p5ZtbM3trampnPXF1r7vl/QUZGZthit9slki8sNpttQLS2l0gkEonki4aUIxmZYYzWQSiRfFHQkiIFre0lEolEIvmiIeVIRmYYo3UQSiQSiUQikUg+H0g5kpEZxmgdhBLJF4VPitb2EolEIpF80ZByJCMzjNE6CCWSLwqfFK3tJRKJRCL5oiHlSEZmGKN1EEokXwxo/7UBVpqaYaP/zICNMFOjidaZ7bDCTrNm+s/oXE8bW3m/l/u+RCKRSL4YSDmSkRnGaB2Eg0FG5n89tBsajUAPSVA3DCRBvSRF3UCHnrDB2m1GH5lQB7V307+8BCvpEq0mU5KRGZZonT8lEolkKEg5kpEZxmgdhINBRuZ/O+w3RtoVdTY79FbSIFsXNfbBZrTBoKN1VqCdDOqBvYv0qBNmWm81mmA30YukHMkMU7TOnxKJRDIUpBzJyAxjtA7CwSAj878dch+QA0HPZbt13YCpFxa7FbcswN4HelwkabpJ67t4WJ29F1ZLFywmHexWaUYywxet86dEIpEMBSlHMjLDGK2DcDDIyPxvh+Wol8THYCZF6umDzWTFPdo1yzp1mHviMrLaLWjhniXazm41w2buohkdbHaD89UyMp99tM6fEolEMhSkHMnIDGO0DsLBICPzvx0uwaCn/yyWPsBgQa8JaOo2YdbFu3jl0Fn8sfUByrqBB7S7Wi20tUUPO3pgsnWIMg0yMsMRrfOnRCKRDAUpRzIywxitg3AwyMj878cKs6WX0MFss+OM3oaICw/x6pErmHamDS8duovl12w4YgC6aZe12Cww27tgwEPSKqPzPWRkPttonT8lEolkKEg5kpEZxmgdhINBRma4wvtbX18frFYrbDYbTCaTmFrMNDX2wWA14YbVjrU32vGz/Zcw8/g9BJw3YOqJXrx96CHW37XjEr1PJ71GZ+uFjuTIKuVIZpjieu6USCSSoSLlSEZmGKN1EA4GGZnhjF7Pw+csApYj3gctZgvsRjMe0nxZpx6/PX4V3zxyGzPP6OF/1gLvFgNeONqJf5zRoarbjuv0Pg9hQg/9Z+FnHsnIDENcz50SiUQyVKQcycgMY7QOwsEgIzNcYSHifY57jsxmc38PksFkEaW8Txit+OORC5h58AqmndZhxhkzAk9a4NVqxIwLVnzz8EPMvdCD3RbgCmx4QIJkkrW8ZYYprudOiUQiGSpSjmRkhjFaB+FgkJEZrrAQcZR9j2WJe5L6rDZcJcdJvNyOl3ecQ0BLN3zPWeDfasa0k1b4kyT5nyda+vB2Sxfi71twyArcpffienUyMsMR9XlTIpFIngYpRzIywxitg3AwyMgMV3h/454iBZYlppvWldzrxpvVR/HNQw8ReNoOrzN2+Jy0YPppCwLPGODe0gPfS3a8cEqP35/uQUWfDTfodXrxzjIyn31cz50SiUQyVKQcycgMY7QOwsEgIzOc4d4iFiOTydx/79HRew/wpx2HMaPuFL59nIToJOB9CvA8bYP/WQOmn+2DV2sfPC4CPmfM+M6xDgRdNuC4Eehzvq+MzGcdrfOnRCKRDAUpRzIywxitg3AwyMh8uuF7gAjnrsUTfkwrtxoMOthMZDR8z5HJgl6LDVcNFqxs2INplU14/bIVzzebhRz5trIgWeBzWo/nz5sx86IdU05bSJhIno734ieH25B534yr9AP44bD8tCNL/0+z0r796OGw3PoI/pc/DU9lZAYfrfOnRCKRDAUpRzIywxitg3AwyMh8emHpsBAkJk5H4gmLi4lkxGImjTHpgV49zBY7rtKmGRfv4tWKJnyr+QGmthox9aQZAXyfUasVAa0WBJw2w6/FiMBTZkw7Z6NlK3yP6/DCCT1+edaIjQY7LtL7txE9dgusNvoZdj2s/KBYOz9e1vGJ+G4nhzZxm7IkIzP4aJ0/JRKJZChIOZKRGcZoHYSDQUbm04uNFYhwiAfvXSwmjl4dmxAWWI2w6k14aLJje3svflSxHa/uuYhvntJh2hkbppL8BLSa4X/SBN8TBgHLkc9xvWjj9YGnLGL+5ZYeLLnZgwarHbfoZ3TzfUwmkiMriZFFB6vdKn42PwlJ0SG70CUpRzJDj9b5UyKRSIaClCMZmWGM1kE4GGRkPr045MhK/ym9NYoYCWmym8TQul7a7Y70mDB3x3G8sukgvnXkLma26oX0KGKkwMssRCxIvDzjnJ2A2HbmiW68ffwaYjp0OEE/p5Pe12oi6TEZ6KMY6OebxZA7rmjHn0Ps7bzPiyF3LEkyMoOP1vlTIpFIhoKUIxmZYYzWQTgYZGQ+vTgkyEzoaZ4xOttgt8BiNIoCCmetNkSfuoRvlDbg5YO38XxrH6a2OkRILUYsQMz0s3YhSNyzxGKk9C5NP23A9JO38MtLd5DXa8VVem8ermfXkwpZDOKT6OlfHX0CIUe8u7MXWVmQaCojM4RonT8lEolkKEg5kpEZxmgdhINBRubTDd/RYyEJcsC9N3a7mWTFCqvRinskJiW32vD9jTswrbEVPkfaEXDWikASH0WG1JLE88oyT5VeJGbqWTN8z3XghdabmH2tE7X0Y27TLq0zWWHjB86SmllIi0zic3CRBvp4Qo4IuevLDDFa50+JRCIZClKOZGSGMVoH4WCQkfnUwruT3UbuYYWOhEQvlISMxWoRY+yMJuBEjwn/aDgM79Im+B+9Dx8SHPdWG7xPWvqlRy1C08/axDzfc8TruPeIBUrI0ykTvM/q4NtyH2+fa0N4lwU76TOwIJlIwuxW+qE2o+g3soj/qE2p0CBH1ckMMVrnT4lEIhkKUo5kZIYxWgfhYJCR+dTCu5PVBpud5MhmQJ+FFMlqJDGiFeQpXWYbwmqP4Bs52xC44wK8Wnrhdd4GjzMgOXp0X5EyVVB6kxild6l/PW0bcEqHgNMP8Pa1NsTozThMH6OdnUxvBXR6kiEdfQQ9dHYTjBYrbCb6PFKOZIYYrfOnRCKRDAUpRzIywxitg3AwyMh8auHdyWiC3WQi97DCbDXBZDaL+gc6kpWqE/fwi+wGzKg4jBnNHfAgyfE8a4fXKcC3xSFHSoU6hnuLGEWI1JIkpKnFRO9jxfRWKyZf7IHPtYf4dY8OebRfX6GPYuEydX0G2I29MNr60AsD9DYrLNxzJHd9mSFG6/wpkUgkQ0HKkYzMMEbrIBwMMjKfWmh3spvMsBrJSuw2mM0WGMxW9FD7wXtG/CK1Gt/M3oVv7r2LmfxA11YbfM/Y4X3CAp8TDjFShIjxPqYTKD1GihgpcjSV5OjFZhtmttgw+YoZ4651YdrNdszpNmA3/cwugnuJ7CY9jJY+9EFPekTSxp/T+ZFlZAYbrfOnRCKRDAUpRzIywxitg3AwyMh8WuG9yUb/WC02khIbTAYr+qx2tHSZsaj2BPyTtmDalvN46RTLjhXeLWZMO2NFAA+jI7jnSEEtSmopUsMPjH2BxCqw2Qj382ZMumyA27k2/PBaJ9L1VrTQZ+mgz2S2W2Gx6WGyGcTdR3oSJL7/SEZmKNE6f0okEslQkHIkIzOM0ToIB4OMzKcVvo1HZ7OShNhhNdpEWe07BjvWHLuGwPgy+G0+hcCjvZh2HvA5aSUBMmLmaQNmtPYh8KSh/z4itSAxSrtajMQwu1YLppJoeTX3kmjRdmct8G3twctnO/DP+zoUkZidpM/USyJk48IMFgOJEj/7SNTQE59ZRmaw0Tp/SiQSyVCQciQjM4zROggHg4zMpxW+lacLVvTSfmUx26Gnhvozt/DTrC2YuH4r/Pg+o/N2uJ0FvFohen6mH+/EC6e6ENCie0KKlJ4jRY7UgsRy5H/aTO9nwOSWbkw9qse3TwAvHTNjZksXvnflIeb39qHSbsUd+lxWixnQc4EIk5QjmaeK1vlTIpFIhoKUIxmZYYzWQTgYZGS0ww8DerKkG7eY7TYSIS7YbRWFF+y8rXN/MhE9Fhs6LXa0dJswb/NBTIwtwozd1+Bz2oBJp2yYdMIGv1N2TD9lhv+xLkxr7YH/CZIjEiLGl4SI8TmmE/i3PC5HgcRUvgfptIVEywC3kzrMaDbi2802vHTUgmnHezHjbDt+cqcLEfQ5DtJnvm+jz8b3Qln0sNn09FkdA+v491HoPxp4xpVHE5n/0rieOyUSiWSoSDmSkRnGaB2Eg0FG5smwKpgIZ1k3pznwxEz02kzQ03oj/WeyG6idtrXRtkYz7CRGPWYLztJ88OHz8FuzBZMqjuKFk1ye2wLfExYSIgsCjxO8fNIML+eQOq4+xwScMAr8j1O7E6WNe5umtVpIrKyYdtoGT1pmAo+bMZ3ed3ozvb5ZB9/mTnzrfC/+3GbHOvrsh+hzt/EzmAx9QF87/WpG8fvwb8jw78U6KMKHBa9U/JBeZ6cZVkGek/nvjNb5UyKRSIaClCMZmWGM1kE4GGRkngwrgFOOFFGgKRdbYJEw0L8GEiMDKRKXNxAiZbXAquP7eoAOqx3F52/ju5mbMTGrHlP334d/iwFezSQ8J6yYftKGaTT1O26C1wkTvEl21HLkKkjKvAKvZ0liufLhSnctVmpnQaLXHjfS+3KvUy+mtnTh7StGLO0BKul3uMifXQyvowZR55t/T9YeO/0eov/LEeV3VpByJEPROn9KJBLJUJByJCMzjNE6CAeDjMyTYQXgu3KcutAvCQ5vMNlNtFYPo70XRmsvrFYSJKsVZpMNetquuUOPjzbsgldcEQK2tOCl0yZ4HNPBvdkMvxN2TDtJkND4HzfDm+WIRIeHywnh0RAkrTaWJjEEr8UscMgRrTvG9yvp6X37qL0H3zzdhT9c1yGp14b99OEf0D5vNpMYkczBRh+WxEf5BVmAxDwfF/yLKjy2XjTI/BdG6/wpkUgkQ0HKkYzMMEbrIBwMMjJPhkXA0ZeicoN+L7BaDfSvETZ7H0ymHpjMOnIMG7j1stGCoIajeDG2EFML9+ClQw8ReNIIr1YbPFvt8OL7jY5bMJVkhofH+ZMQeZHQiPuIaF4tSIoIubYJMTrmuC9JkSPf4ybR7kvtXiRHHi06+pk6em0n3jzbifm3DSg12NFCn/EBYeHfRQgS9445Ef1ijDKeTsHxq8uj5b87WudPiUQiGQpSjmRkhjFaB+FgkJFxjTLQrH8QmWIGApIFGz/klYsa6GEhUTLbrDDQvnSHvGJ96y18N7Uc7vHleKnxMp5v7oMniYvPORKjM4Bniw3ex1hwSHpYdlosYngdi5IiR2oZYlzb+nuPCD++b4nkSPQikRh5H9fRz9DDvdUA91MGeLV044UTD/HLc50IbTNjE3nPafo1egnu7eoXJEWSnILEJSeUgXQqL5T5L47W+VMikUiGgpQjGZlhjNZBOBhkZFxDewb9x7XoHAPrxF7C/7AlWOkfiwF2cy+shJmkgu86umsC9neY8Pa6KkyOLcHUymZ860g3Ao+Z4HvGjimtJEZkJd6nQDJDbc06+B3VIUCIkU3IkYKrDCnLWgSctDqq2R3n0t86eJ3og/tJPdxOmeBx1gJPEiT/4134LgnSn6/0Ik5vRx19Xi7vbeP9306/ISMEicsyOLASFvEffw/O70Dmvzpa50+JRCIZClKOZGSGMVoH4WCQkXEN7xWOAgTcf+QYZCb2FP6HJULfB7tFD4uZSzLY0EHN58gpZldtx7iQ9fAo2Y9vHriPF7g4wgkbvEmKphAsR16nbPBp5XbH0LiAY0ZRaU4RIS2UniI1j9Zb+uf9WkiQSIw8TxnhccYMz7N2eBN+Jw2Y1tyOH5ztxAftFiQYAfpYaLdZ0WsxC+cj04PdwL+XgX5Pvt9KkSPWI9XvL/PU4fONzWYTcHhq5d47Cp+KbDZezzjmrSTiCpze3j709PSKdXq9kaaP3sdisfQv8/xnEddzp0QikQwVKUcyMsMYrYNwMMjIaMVVjsRlpyJHFhPsRhIjswX3iUtWO2J2t+ClhEKMTNsIr7rzeOGYDlNPWOF9wk5C5BAjD5p6nbLCi+TIh4TFTxRQMMO/meXokeS4wr1CCtpy5HitP72nb6se3jyc7hTJ0WkbPE5a4MH3Ih3pxgstnfjhDSNmddtRQZ/5DP06bYSOsFjoNzST4ZEksRxx79EjOXIZXigz5LAEsbwoqM89DgHi8xF9vSpYggwGA27fvouTLadQXV2L+vpG3L/f1v8+ruH3VYTr0476vCmRSCRPg5QjGZlhjNZBOBhkZLTD99o4htWxIPXLkRhWZyFHsqGLVlylDQovP8DrayowLioPUzYdh9/BB5jZaiGJscPnOPfcAH58v9FJOzxbTTQlgWnhggpG+DWT1AxBjtSCJCSJe52IAH6vFh18T/aReOng00LyxUUg6L29jhrhe4x7qrrwwrkevHffjNDuPmwj0TtHv9Jdoo8vzglY6BdiQSI54vuO+uWIf3f+EuQh81Th3hzlfMNTFphHywR9tzb+6mmf0vWZ8OB+B65fu42m7buxZXMNiovKkZWZh7zcIhw8cBRGo8kpVY/eZyBh+rTCP0cikUj+E6QcycgMY7QOwsEgI6MdViOHHLEqsCCJvYX3G5MF9D88oJW7H/bhtyWN8Igvxai11fA/cBeBJD/TT9lJWkDiAwSeAAJaAa8WK4mRkdDBm/AlufE7xg+FdTynSC09alzl6BG0nl7PvU9cwtv/RC/8TvSIqf9xnXiekv9R7pmyYhrNex/rpZ/bgVdv6vB+RzcSjD2op9/qAv1anfTLWfnRTka6uDbTL+YszuAozOC0Iv4C5CHzVGGJUVAkpv88RF+vxUyy3dmDmzfu4PixVtTVbkdpSSVysguEEOXmFKKosExMN1Ztxa1bd+g9HJKlCBK/p1rCPu30f16JRCJ5SqQcycgMY7QOwsEgI/Nk6GpVPPjUKqSInYER/5887TLca9TZZ8ZlnRlRO1sRGFOI0Slb4Fl/HtNaexFwykSCZMPUY8BUkqNpPCVB8jlugheJk9cpHaGH70kTiQxJFK3zd5biHgx8rxLj32xAAMkP499My8dIjI51kSh1I7C5D8+TOE07bMK0I1ZMP26Fd3Mv3I53YOqFDvysowsfdd9HhtmAo/RrPSR4VJ2oR26iX5Iush9Vr5Ny9J+GzzWKyChhmeEeoPv3HuLsmQtobNgphCg/rxiFBaUoKa4Q84oUFeSXiN4jFqZ9+w7Rn8jxXurzGb+nWfwhP/2of45EIpE8DVKOZGSGMVoH4WCQkXky2nLEl6K8x/A16X2dDVUnruHHyWXwTKiEW+UxkhwSkzN6URTB/5iZpMiOmSRHM8g+Apt5mJ2RhMgAHxIjn9MkOaeo7STJ0cnBy5EiRo5qd/RzjlgEXPnOr7mb6ETg0U6Som7MPGTA8wfNmHHQgqlHzKLUt0drN9xP3cOLN27ipw9vYFVfD7bS73SVMPAvy6X3jISZvwMpR592+JxjMBhx7949nD17FocOHSHpKSUBKicZqkRZaRUJ0gbRlp1VIOD5vNxiEqUSIUg52YVCnK5cuSbei6P0RnFkQQaJRPJ5RcqRjMwwRusgHAwyMlqxCRdwlGWw2c0CHmCmo/Y7Bht23+rEH7Nr4RVcgIkZjZix7wH8m3vgz/cTHdeRvBgx9bgVM0iQpjVbEXDUOUSuxQi/VhIcLrHd6ijFHdhqEyW9+b4hBwaBIkTqZSFHzSo5ovdl/I72wfcoydFREjSaTj3ag+mH+zDzsBEzDpsQeERPP99RsMGz5SF8W27ge9ce4C/c+2W2o8kMPKTfzUK/m91EF9kWajDThbeNtZAvtunbcHwp/7XROmc8uexACc9yyXSTyYzu7h7cvHkbJ060or6+AUVFJVi7dj2Ki8tRUEAClFcsYBniZaawsAzFRRWiPSenEPkkR0x2Vr4ozvDgQbv4edyLxHL0WZ7XlPeWSCSSp0XKkYzMMEbrIBwMMjKu4b2Cb70xiBveSRAsvXSF2wcTidI9WnlEb8G8htPwitqA0UkN8Kq6gJePGTHzBEkIyQ0/nNVxvxCX4VZQ2ng9iY7g0bZTaRuGX6/A9xGp4aFzooeIEMPoiAAeXneMe41YjnoE/sf6qJ3ajvTC9zC1MUdpnqHt/Jt7MfVgF15s6cN3O+z4E/2KaQbgBP1uHRYbLKLoBDXo6fc29tHvTnJos8IqLr4d39GXOVrnCQUWEB4aZzJxQQSHkCivYXfkr05xSDMJS3dPH+7ea8PpM+exY+celJRWIjevCPkFJEGFJET5xSgsKhuQ/AKSoQHgoXanWs9Br+Oy3jxsz06S5Pg8n0VcvwuJRCIZKlKOZGSGMVoH4WCQkXGNuLClfcNotsBuo4tgUw9ddPZBT2uuUnvqiet4Zc02jI2rxricI5i5twvPH9HheafcqEVIjVYlOoVPEiNFhBQxYvrXHydBIhRBYpQ2hzA5pYhQ1vs16+BzmN+nF89f1OFn7RYsJOErMJpwni729XxscHUGFiSLTvQgWa1ct4570r780TpPMCxCihSpxYjv8TEaSVBox2HMXMmwuw8XL13Dzl37UFG5SQgRi5AaRXK0pEhBLUNPkFeCqg1bRREH3mnNJv5cn905Tes7kUgkkqEg5UhGZhijdRAOBhkZrVjoItjOQ8vsFrrw7UWf1Yz7tLvU3enBz7JIioLzMTa9CT7VV/GNZiOmk3RMO+EUFecQOFe0hElBS4y0pIjhtv5tnSKkxSMZehwfEqnJx3Vwb9FjxtF2/OByD/6oM2Klvhd1JEX36ffnO65sMMNqY0HiC3/6HsQ9WF/+Y0brPMGwDLEIKct8bw+j9CbpDUZcu34be/cdwoaqLUJgsnMKBDxfVFwu4B6jnNxCIUw8/0k8JkMu8HA7vv/oyOHjMOhpf+VeKyefRdTfhUQikTwNUo5kZIYxWgfhYJCReSJ2K+xGPWAiHSCMVgu6aF/Z+0CHWRt2wyesAGPjtmBKaQueP9QDv4NdmHGSRaWPJGhgOVKKKWjhKkafhhype5PUeFH72BM6uJ02Y/rBdrx84j7e6tLhLxYdYqwGHCEB6qKvQfQU8YN3eFgdyZGO1pn4Ibhf8midJ9SwIHEPEouRXq/HrVu30NJyEps2b0NZeZXoFWIhYgHi3p/ikgoBy47Sa8TzSu+QWoZc0ZIihdwckqv8Umyo3IxLF6/BykMiLSSwn9HQOq3vQiKRSIaClCMZmWGM1kE4GGRkngjJEUgEbIY+6Hr70E0XnOd0ZoQ2ncDMiHxMiK7ElPwjCGi6hxdaTPA63IlpXJr7OIkSC4mG/DBcRGEg1FLkKkZakqRsx7LDEqQlRTxVo8iRN82Pp88zuYUE60gvpjbfx0vX2/Gurgd/M3Ug12rEWfoaREFo+od7RSw0o7fqYREFGr7c0TpPKPCDV/V6Ax48aMO5c+exa9duVFRUIjc3v19aWH64V0iBl9VD5Hiee5B4ngVKaR8qXMFOFGvILcKunfvQ2dFDn9H5S3wG0fo+JBKJZChIOZKRGcZoHYSDQUbmidjJCEy9sFuMMJIY8XC6wlM38HpCGbxjN2Bs2nZMrjyLF44ZMY3vGTrFJbp74XWiiyRoYDnS6k1SGEiMGHWvkqsk+RxxFFtwlSBu53m1MCnrWMZ8WqyY0myALwvSqW5Mbb2LV9s68VNjD5YZ+1BPx0YffxVGO/QGE/T0XZjtRvBDYb/s4dOCFiaTRZTPPnjwMLZsqRbV5goKivrplxaSIZYeRhEjRZLUcjOY3qFPgkt/8zOPuDAD9x6dPnVeVMVjgfssonX+lEgkkqEg5UhGZhijdRAOBpn/7ij7Ad830r9P8DOOzDqYjXr00Da773bjl+s2wTeqDKPitmJC8Qn47n6Ima1chtssHvrqf8oAr3/Tc+TD5bZJTFiGhKDQMsPLauHxPULbET6HewWKLGkReIKEiuRHmap7jhRxUoox8NT7cDe8DnXD75Aenod0cDuhg9fJbvgevo2Z5+7ih30G/FXXh9iePlzk6mdEby/JkdFAWsTFzB89xPSLEOVvq/x9lfC86BFz3jOkDi8yjm1sePiwA8eOHce2bbUoK6vol6L8/MLH5EgRIC1YZtTD5dRobT8Y+NlIfM8R9xyxINXXNYnS3ly5jiWJo/yePFX//k8T5T0kEonkaZFyJCMzjNE6CAeDzH9vlH3gMTHidlYAuwXtZgtOGyxYsnUfZsSUYFLSNnwtfQd8m+5h+nEjpp+ywPeEXjzY1a/VCM9jfZpSpODNpbVVcsTLihyphcdVktTrXFFLkVqOGJYhRZDUcuRNcjSV5CjgYB88qN37OH2ug/cReOweXrupw3vdJszu7EN5rxXXSBKMdJ1tttjB/UZ0mS2+o897+G/JUqBGkSSlkILyt+co9xE5pmZ0dnbh3NkLaGraifLySiFCPHROLUOuaAmMgpYUKWhtPxgKC8qc9x2VID+vWDwYtrn5hPj83MvFUX5n/l2V3/lpw6+VSCSS/wQpRzIywxitg3AwyPz3RrlwVC4elfD/595JixdNVqQfOYfvJpRhfGQpvp5Sh7EbzmAGCcWMVi7BbYBPc694ZlHgKasYoubH9wFpiBGj9BzxvNJzpCx/0rA6tQw9gVOEFNSSxDLkikOOujCN3nfq4T4EMDTvfagT/gce4KXj7Xjnrhl/6LVgaY8Om4xWdNL3YaDvqNtmhYnk6Itw1PDf0/Xvqg63K0LE8yxPXV1duHbtGg4dPIrqrXVCOrhHhsVDERCeDoSWwChoSZGC1vaDgUt5M/yzCwtKsX5dDjZs2IR79x4IOeJeL6X0uPI7DvR9DCb8WolEIvlPkHIkIzOM0ToIB4PMf2+U3gTX/UBP3KSmbffa8fPMjfCJKcGolGr8f9K2I5B7XY71IfB4LwKau0hQesR9R9NP2UmW7CQ6LEhPihHDIjQQiuy49hoxSpsWivRwzxCjFiSlt4h7jxghRgL63Md64H+EJOlgD6Yfpp9NPyfgQBdm7H+Il8/34qd6O/5gtiCorxdH6bt4SN9JB31fRv6+xLf0xQj/bRUB5r83954oksDw84nu3LmDlpYW1NfXo7ycy2MXiKFqLBxFhWUCnneVIVe0BEbB9X4hNVrbD4pcR+8Rf17++Y7PXYB9+w6gr09Pv6dDAPn35XySLA4myncmkUgkT4uUIxmZYYzWQTgYZP57o/X/pPMFJN9ndFJvxPzafQiIzMaEhCr839Q6TK6/RiLE4tGDwGOdmNbcgenHejHjuImEyUYyQnyCHDEsQlo9SP2yo5Ii5Z4jdZsrihSp5UhBLUePxIggKfKiz+999CECWYgO9mH6IQOJko6We+B15AG+9dCMt+i7+Z2uA+vMepyh76TbBli+IIeMIkOuxzvDwtDe3o4LF3jYXBMKCgqwbt065OXloaSkXMhQaUklyko3iHnlnh7GVYjUaArMZwiX8WZYirhXq7ionKaFKC4uxfXrN0kEHb+/cl+VIoZPG9fvUSKRSIaKlCMZmWGM1kE4GGT+e+P697fRspkuHu/ShWTSkVP4RmwW3GKLMDqtBl8vOIgXThnge6wHASe6Mf14J55nSI6mHzUg4IgNAc0gITE/IUQK6nuNRG8RF2Kgdl527TlyFaWBUIuQGqU3SS1HXoe6xLzX0W64HXuIKcfuk3y1Y+q+Ljy/pw/T9hvos+gw/kgb3C604xs6Pd6x9uB9UxuqbAY85CIFjlt0Bszn5YhSZEA5zs1mixAiHjZ3/PhxVFVVCSnKyspCfn4+SREJTkEhCRLJBUlGdlYBMtfniWFrXBWO7+dRZGQgtATms4TLeCvCxhLnmJaI+6Nqa+vR1tYufnflmUzKd/K0Ub5LiUQieVqkHMnIDGO0DsLBIPNljiitIP7l/wnoT87/3znfV8Rr7Ha6WKQrfovNjl5qu09su3UPryYXwCO6AOMSN2J01m5M3XUfgYd7MfUEl9TWIfAYyQSJ0bTjfZhKUhN4zEzrrAg4bnQUWBDwPUEOFDniana+3FPEUsPbUDsvB9BUwZ/FiXuWRI+SExIhxpfFytmjxAQIqeJtHe+jFieHZHEPFEOCdKjH8ToSJM+j7fBsbqflDgTs68T0PT0I3N8HL3qdW3MHJh67iak32/C2yYBfmNoRZOjCTvqe2vh7o+OGv0PhScqXSV8jz/JTkHhRrKPvVDwzSnzTomXIob+Q+E8JX+AzSqv6CGa5Fev42KZlFoGenl7cvHkLJ06cRENDI0pLypGTk0sSVCAkwkERLeeLIWm5BPfE8HA1pdeIRUl54Kpyn48WeXkkLQOhITf9aG2voLW9E5Yj/qwsc4zjc5eguJiH2uWh5UQrHPcdmWEx09+BvhSuZPe0cT13SiQSyVCRciQjM4zROggHg8yXN3wJb6HLdRsLEP8f5gxdoxtpoqe1eqsZVosBNrMJOrqIvEvtdQ8e4ndV9ZgQmYfxyVswKq0OHhUn8dLBbjx/1ITAIyb4HzWDe4h8jxnhy/f2kCD5kyz5kyxN5ecGcYEGFco9QOohb64EkOAw/iQzCn4kQox62Zckh/E+2CVwtJMYHSLpOkRSRFM/cQ+R4bG2R1OCZMn/aDfRiYAj3YLAQyRaJE9+hzpJrB7C89AN+By7gjfud+EXBgN+p+tCsNWEQ/Qd9ZAkGfjrZN/hG7T4gUj0pZppmQWT1wkV4g1sXP7bTLAkDf14c/Tm0V/RQn8rIbH0NyWs3AtidUxNXFiB1zvbuOx4W3s7zp65gL17DqBqw2bRq5KX6+hlYYHgYWiPU6TR9iQsS0+D1nspaG2voLW9Av8uA8HrN2/ahvv32mHjkuz0x+Hpf3LK0zp/SiQSyVCQciQjM4zROggHg8yXN9xbwRfmop+Dr9ZZjmiWJ9xqtBhhpQt+I11cd9OucInaP9ywDTOT8jEheQO+lrAJkwoOYub2W/gGicPMIyQ+zRYSIyuJA2MiQTI45YgfxEqi4RQhxlWSXIe+qRlIjBQ5UuYVOfI51C3kqL9H6bCjR4lxtLEEPWp7HC7GQHJ0uIMgwSL8SP786P18D7bTujbiLr3/Fbx49jbe7ejDz3U6/FXfgyISysv0PekIO3cT9dIXS4JkMZEwkZywK1n5y+bxdyQ13DPHivq0csSvYEFi8eH+IhYkliWzxSFMiigxfXodrly7in0H9mPL1mrRm8KCkZWZh+ws7hlyyIYiD0+DWlyGgtZ7KWhtr6C1vYKrEKnh1/Lvv3vXfuh1BpiMFiFI/0m0zp8SiUQyFKQcycgMY7QOwsEg82WOYkQ05Vk19Ke32SwkSCZ00YX1DasdWS2X8GpcFnxjCzEudTO+vqYO/tsu4BsH2jHjYCdm8v1ER00kMyxG5kdyJHp/WI6YR71BihRxbxLD9/8MhJYYKSKknlfDguQqRgrc7sPD6DSh1wkp6hA9RQKSI98DnSRHHUQbph1vJzm6Do8D5/Hd6w/xsx4zftXTi5XGLtSQWvLwOtEF103KYrBDbzNBR7ZEukLfrZnEiKDvl8WUZYnF5mlCR6l4rRAk7rEyGUlmuTfQLsSIe4nu3LuLo8easXnrFuTm5yErJxs5uXy/0COJUKrNsTTwfTpqARkKSmGGoaL1XoNBLUOuqGXIFb5HiofZcVGJ69dukafSN0n7PVewe9ponT8lEolkKEg5kpEZxmgdhINB5ksc/vOK+14cd7yIPzfDF4h0sWgzmdFlMuEmydG2u534ybpyTAvPgVdCFZ5Nq8bEymOYuf8epu1vg//BLkw/aYHXYZ0QI+/jT8pRQDNJibMnSAyVc+k90pIiBVcxUgsRy4xaihR4G5YdLTl6UojUsBx1khw9JDFqV8kR9xx1wmvfA0w7Ru9/+B4m7zqPGa138dY9I36ps+L3fR2ItHajlb5MC3cG6ejrNFnRR6ZkoP9Ik+i7NRBkTnaWI+d3TzxN+BjlXiIjP6+Hru4ZnUGP+20PcPrsGWzf0YTyygpk5+YIMSosLkJBEQlJXr6QErVEqMVCS0QGg6v0DBat9xoM6s/silqGXOFqe9xjxr1Hu3buQ0d7l5Cj/+SUpz5vSiQSydMg5UhGZhijdRAOBpkvcfjPyx0ZdFHI/Uf9l+p8c7rJRnJkxUMSpb3dOsxvOIjA6Dx4R5VjUkI1RuTuhu/O65hOAuF7gOSIh76dNMHzqF6IkUOOjEKOHPcMOeRIGVKn7kFSUA+je4IBpIhR7i9SS5IiU8o2SrvyOm+SHeV1T8L3GnUR7QTPkyiRNDEsSd77uJ0E6lAbPPbchO+h2/jG2Q78sMOCHxp68TdDB0oNFpJKx1fJFf4MJEWsSOKuIxtNbdytxIUYKPzPUx5q/DLuJTKZLejs6sblK1exd99+bNi4EfkFJB4kQQVFLEQkEoUkIQUFor2goFhIgtJjxL0oPLSOp1ryMlj49U+D1nspaEmRgpYUKahlyBUuJsHvzXJUXlaF06fOwWyiI0AWZJBIJP+LSDmSkRnGaB2Eg0HmSxzusuDRXTQ10WW2SQzQIk2yEGYbLGa7uMBPPHEe0+JzMSm2FJ5JdRgZX4sJm06RHDwg0WiD79EuBLaaSIgM8DnB00dy5NdMctRMQkSCw3LEPURqQVLkh3uHHpMhVz5BjrwOdPaLDbfzNixGfJ+Sazvj+poncchR4NEOgiWJlun1AYfpfQ/Rzz/guP/I5wCJ4cE2eO2/Q9zGK9d0eJuk8if6Hqzs6kMTHT736CvuIwky27nEBZdj6KaDkadGWqbvW9gN8ZSHGpfgvne/DUebj2PT5q0oLCoh+SFxyCcBKiwW5OaRfHD1OWrn9byOq86xQCglrlkUFDli6VDLyVBwlZ7BovVeCq5CpMZViNS4CpEaliJH+XHHcm1NIzo7umAymp/6vOd67pRIJJKhIuVIRmYYo3UQDgaZL3F42JeRrs25o4iu0PusenIiuojn8WAkTV0kSGWnbuDdnE2YFFeEEQmbMCq+Hm6FJzD9UAcJTSd8m7vgd4Ik5LgOniRBLEdexwy0bBRy5M8IOdI5hMUpRSxDXDJbDJmjZW7n5YFQhEgLRZK00NpeQVuMGL63iMXngXPKUBsPqyMx8t7nmBdFGg51OiWpHdNauvDqQzN+arPjNz29WNHdhd30Fd+n48hs1tOX3EUHYjd97b309RroG6fvmcSICzdYTXZxvwuLKk+5xDTPK4cgP5zUZOJn8fA6K3Q6Pc6ePY/6+kaUllU8JkU8HQiWJZ7m5X+yAGkJjILW9gpa2w8GLfFR0BIfBbXwDAW+10h5vTI9sP8I9HoDjCRIHD7/8QNxlQfDchn0T4rruVMikUiGipQjGZlhjNZBOBhkvsThi2+jDRaSoT6Lni7XuWCAGX16PXR0PXjyYS8+KNsOj4gcjEzcgK+m1mDM+r2YVncbU0lYvI52kQiRZJAceR7rg0dzr5AiRY64lLc/P9eIn0+kVJtzDqFT7iVS5IjRkiIFLblR0JKiwaAtRowiR23OKcOFGFiKuNeIfi7JkdfednjueUiy1AGf/R3wPtCGly7o8MM+4B26kP6loRuJVgNa6as2mi0kQSRIdh306EOXrRsGoxFWIwkRNdvoepwPN4f8OHqU+PjjC3V+Dg/3EPX29uH69ZvYvXsfyss3gB/I+u9kaCD+2+WIe4748yrvwfPce3Tn9r3+c58iRsqylCOJRPJZI+VIRmYYo3UQDgaZL2/4/gqT3gwbXQDqzToSJB10JEedJEs3zFZE72jBSzEFGB1eiOdSt+F/1jTCreIkXj7SiwASHc+jJEjNffA5rhdTT+4N4h4glh+aPnqwK02bafmoQ4KUoXIsRsr8ZydHnQPiTcIzEL6iEIMapWod9x51wnNvG9x3PRA45Ijej9pm0LavXTfhDbqOft1mwl96HqLCasE9WtbTd2omC9KThHKBBpZS7jzix0xZzSRFFrogN1lFWWnuzePS0t1dvbhx/TaONZ/Etup6cTGvlN0WsCTwc4kGQOvhqIK8geWIZYV/xkBovUbBVXoGi1qGXFHLkCuu0jNY+F4r/l34/XmePwMXadi9e68QUUdPnan/HMhipPQgDRTXc6dEIpEMFSlHMjLDGK2DcDDIfHnDf16jxUIX6fyAUBO69d3otVnEMLCKK3fwanwBPKJLMT65Bl9PbcDI/IOYvusWXjhKksBydKQP3iQ8XHSBp14sMSw/NM9CpJYjxrf5k4suaEmRgpYUKWj3/ihoy8+/w/cQl/HWxnPvfXjsuQevfQ/78d5PAkVM29OGmcfa8W2dDa/T9/h2bzuC+rpxgObvkYzqWUitdhjMJtErxAJkNhJcAIOrBNL/DCSs9+62ofXkWWxv3IXKik1CBBSJ4PuEuOeD53NISDTlx0kuS5AWuQOLDEsDV3IbCK3XKGgJk4LW9gqKCGnhKkRqtMRnMLAQ8XvzfP93SZ+jpKQct2/f7RcjliKlx0j2HEkkks8aKUcyMsMYrYNwMMh8ecOXegabFQYe7mUzw2wxoYcuAHe1deEn60vhFp6NCUlb8VxSA76etgOB9VfxSisPObsFX5Ijr0N6eB9h6THA57AO3lzNjcWIe4ia+d6iJ+XItbdImed2LSlS0JIiBS6uMBBaPUYKWlKk4BhGp0YZXsci9AA+B9pEoQaWJY899+G++57oOQrcdR++O29j6rU+vEGHzxv0nf6upx3rjCac4u+b/cdE6G2wWgg6xizOoXR9vXpcungNO5r29D+Hhy/a+UJeESIWgnVrswU8L6quacmPkxyWIC1yBu4dYgHKXJ87IFqvUVCERgu1DLmitb2CWoZccZWewcLfG3+vynfLbSxw2dl52LFjF9raxJOqRG+RhQuUUKQcSSSSzxopRzIywxitg3AwyHx5w5d8ersFZqsJNqNeXPydb+/Gks218FydSGJUiREpdfhaUhPcilvxzX338XzzHfgduSPkyJvkyOcwD5czwveQ46Gq/ixGyr1FLEhOORJlvZ1ypL7PiFHatKRIQUuKFLSkSEERIV+VFCloSZEC30MkONDupI1gKbrfDxds4DaWJc+99+C5m76XndS+4za9/z1844EJ37Pb8JahG7O6O7DFYEabgS6yCRBWsw0dfb24eucm9h08hE2btqG8bCOKiriKWild/NMFO8lBViYLCw9nY1EqQ2nJBtqG75kpoov5QpIg7iF6khx6bTZf8GtBQqIlNwzL0fp1OZp82eSI5/lnKJKULyr55aOlpaW/90i570jKkUQi+ayRciQjM4zROggHg8znP/SXgpX+s4m+INHg6BZSoNClHf3H2zCOv6uFLtx7jTqYbFb0mM24Txd/6XuO4tvRGXCLycXolM34akojxuQ0Y3rjXbyw/yF89t5A4PEOR0nsw30kJ300r6cpCQ6Jit8RXlbKbtM8yRKLFOPDEkSi48dy1NyHgGMkUc2ONp/D3SRBA+PH7z0APof4GUdODpL49NMhpIiHyPkTPH28N6idRIjEh34vL8Kbfz9n5Tlfmnrvb4P3Pr6niMSIe4sI7333BF5778Jzzx2aJxlicaJtvUiQfPc+QADhvfMGpp16iFd1VvzAYsEvensQ1qPHToMdD4zA/XvdONNyFk3bG1BeWYq8wkJk0oX5upwCrOcenyKSo2K+WKeLeZKkYpoW0kV8blYeSQgJCl3A59BrcgtIhLhdAx5yJyRICw2xUVDkyLXHSMBD6+gzOKBtXV6r9TkUuLdqIFyFSE1+PonQABQU0PczACySigw96iFi6SxWLTt6jPJyuRfOUd573bpMbNu2Dbdu3RLnQJYiFiUpRxKJ5LNGypGMzDBG6yAcDDKf/7DwmOg/Cz/Glf9mfN84dwtxRWKepzYbNfBWVmpU9Ij+wjCZTeimi/cHtLzxyi38dF0p3MLWYnJyFZ5L2YZnMnbDbeMFPH+gG9O5B4fEwe9ot6N3aAC0CyM48GM5Ytkh/I865n0P83OIPhn/T4AfyMqo2/oLKBygz8vCQ/Ki4EPCwyjt3nvvw4vvISKUdn+WJhYjWscor+VteFl5D1f86bVT6WcG7L5D87fxzWt9eIdk6CcWG37f1YugtnYUXLyF4vo9yMsqROH6dSjMWoe8vBxkFRVjfUlJP9n8TCK+yCdZKs4tRAlJTVFOPm2bRyKVg7WF2Vifn+sQDFrniiI6ajSFRwO1HD32HvSe6zNpPZFJgsRkZdPPcaI5hG8QuA4HVKNVaEKhoLB0QFh2WJAUiosq+ttYkhilvaS4UqxjcSotLSe5KsCePXvQ1dXVX5xBypFEIvmskXIkIzOM0ToIB4PM5z8sRxYYhQDRH+2RHDFCjviijh/zyg8eNRO8HbcDBqsN901mnOjW42/5VZgRvR7u8cWYsKYGX02pxfiSEwhsuocXm3WYyc8oIqHx/Q/kSAxxY3lxCpKCqww9wWM9Po8zoBgJOdIWI+aT5Ei9TpEjXvdJcuTL7LmPqfvbMZXmPXddR2BLG15rt+JdE/BbvRUf3mvD4sPHEbKhGmvporyCLsQr8vNRQHKUU1CIzKKifrII7hnKzyOJIgEqIgpycpGbS2KSl4u1JEjrc3NIgrg36fEenMeEhlCER4HvWVIvu6Jer0iSIkpfHDly3KfF8DzDPUPlZVUC7jViiWQhYkHi7URPUi7JZU4O6uvrcffuXXEeZDHi0t6fdE5UnzclEonkaZByJCMzjNE6CAeDzOc/PKiOLt3ElP5ojw+pE/9nNxuSkdA7plw7mtotVjvu9Jlw2WRFVON+fDdmHQIS8jE+sRTPpGzBM+t3wqf2Kl4gqZlJ0jPtmA5Tj3MRBe7xUYbOPYm2FCk47vdh4XGVI2WdFo8JjwtaYtQvT04pUuSGcRUedZuQHI3XqLdzbVNgOQrY8wD+u+m9d9+Dx57bcDt4E1PPteMHXRb8iuToH929WHj9BpbvP4iIjZuQTvJTQFJRmJ2HfLooz80rQHZ+AbIKHGTnFyGH2vg+mLwcHrZG8pNDUpJLkpJH0PxAQsQoUqMID7M2I0ugLH8SiiCpJelp5UhLfBS0Ku0paEmRgpYUKShSpAyhYzHiNl7m4Xq8zA+D5WUeWseSVF5eic2bq3Hw4EHcuXOnX4ikHEkkkuFAypGMzDBG6yAcDDJfhLD88Bg6YUKOCf/pBLzA61iM+CGkJEfiITrUSquumuwobr2Ct+Oz8Xx8LjySy/Bs0gb8T9o2TKg8iam7H+CFIzoE8MNPD/cgkOQo4IT6vqIn0ZYiBYfsKHKkSJEoguBcp4VahlzR6jFylSO1xKhFaCD86DX+Tvx4mfCl1zDKsiv+xLR97fDeTlLUdJN+pweYvO8mJu+/hm9f78GPu0z4TZ8e/+hsx4cXTmNeQz3CisuRlUsX71xsgeSnIKfgkSQpopSXL0Qoi9Yx62m79SQiTKaLGCkipKCIkJqMNZliqiVDrqjf64smRyw/LD7cG8RSxM8xYkni74vbFHjdls01OHSwGVeuXEV3d09/hTo+B/L8vxtSx3E9d0okEslQkXIkIzOM0ToIB4PMFyF04WZ39hpR+F++lGPEEDrRa9RH6KiBRMlGW1BzH22w834v/pi3DTPC18MzrgAj4kvx9YxteLboAPx23MZ0EpoZR/TwP0giQ/NcQMGf5Mi1YpwabSly4M9D4Jz4kdCwwHgfaBcFEbiAwkCoxeeTUKSov8ocCYuCIkXKEDq1IKklittZgliMAg+2i6kPD7kjtKRIgeUocDfJVNM9eOy6C0+Soyl7bmPynmuY1nIfb7eb8J7ZjvdMOvz2wU182HIcK2sakZJfhezMYhTwRTvJRj6Rl8P3EuWSOOViXV4uMgT5yMjJwzoWo8wCZDLraX6dQ4hYZhT5Ydakr38MpV0RI7X4aKHIkLon6j+550hLfBS0xGcwaEmRQmEhF2Lg4gv03fKUlouKSESJHBLMsrJK7NyxG+fOXsD9+23Q642ipDqLEAsRoz4XKlXrBop6W4lEInkapBzJyAxjtA7CwSDzBYiwITIdlh6eJViJGL7HSEiRwEANLFGOzW8bLVjd0IIXowvgSYxLKsdXUjbhq7k7MaH6Ap5v7sP0ozpMO6pHYDOX7HY8qNX32JNCpEZLihQCj/b0w709LDJe+9rguZcExSk2Wjwqqf0knxs54t9h+x0E7mojmezEZBKkybtuwffAXfjsv4HnL7Tj1W4j3rRa8J7FgL/fu415+48ivGQb0rLLkJNdSGJUIOSIyc3OITnKwVoSo/T8XKTl5SE9Nw9rabv16wuQva4QmRkkTWscQsQClJ62Dmmpa5GaktEPL3M7r1d6j/6dHLlKUf/QvS+QHPEQxOLiUgHP55BYcrGF6uoanDlzDnfu3CMh0pMEWWE28/OMWIwc50oWI5YhDi/zvCzIIJFIPmukHMnIDGO0DsLBIPMFCP+Z+DpOXNg5Zk2EhRosNgNMpk6YDJ10AaiDgS4E+UGkD8mcNpy6h1eiC+EbW4pJiRvw9eSN+D/p2/Bs5TGShDYEHO6F/yEHvocczxsScEluDSlS0JIiBRYYZRicMhROkRm15LiiSI9afLj0NqMUZFDWcRvP8+u4FLciQAosRp677/bLkhZetN6H5MZvD0kSSU8Afx8EL/P9RLzOFV/Cf4cDL9qGHwzrQW1eO2/Bc+c1uB2+hufb9Hidvv/XrAb8oqMNc67cxOLqPQjNq8SavGKsy8wX4pKVkYncTJKj7GysyclECpFE80lZWUhdm4P09GysTclBRnKmEKCU5DWauMrRJ/UgPdFLpAXJUHYOiRmhSI/WMDkttKRIQUtuFErLNohtlJ9ZWFSG4pIKMeX1iijxcklppVjHy2op2rRpC5qbj+Pu3fuih8hxfqOD5FOM67lTIpFIhoqUIxmZYYzWQTgYZL4A4T+TU474/9vmviJFjuw0x2Kk7+uA2W5BN/1N79O6XXe68au0SgREFGJKQhVGJW/GV0iMvpq/DxO3X3UUXuB7iA73kRzR/EEWoj7Hs43+Qzli+uXoIInPAacc0fxAuIqRWo7U63iZe6KUdd4kNk8jR95O4VHkSOHfytFOBz70/ixI3juZ2yRINzBh7xV4XHyAFwwWfMduxU8MevztXgfmHDuHpVsaEFlYhhQSpIwsEqSMbGSuWY/1a9chbW0GEtamIXbtGsRmZCAxbS1SktYhPX490hLWIjkpXRNFjgYSJLUcaQ6h08IpR4oYDYcc8c8oKi5HWXmVECVu49ewAPH78jqWIm7jnixu4+02bNiInTt34fz5i+jo4P9zwHHvkNIj9GlH6/wpkUgkQ0HKkYzMMEbrIBwMMl+AKHJEU7UccQ072E0wG3thNOphsNtwm7Y5SSs/Lt+JgFXr4BVTjvFJm/FsyhZ8NXM7xm09TaLxQBReeFyO+khqdCRHOvgeIVyEaLCw6PCQs4BDXQI/EiPf/e0Cnh+IgcSIUbcpQ/R4KiSJROeT5Mh1XT8kNixBjCJIPP0kOfLZdQd+u27Dn/DdfZvmSa523oHvDpajm5i05yrGH70GnxsdeNVkx0+tNvyqqw9/v3kfs/cfwbLyDQinC/z49flITcvEmqQ1yEhOI8lJQmxyAqJSkxCZkoyYxBQkxKUiJZoEKDYNiQmpSEpMewK1ILEcqQVJS440ZcgVFzlSy8+/Qy1DrrgKkRruEWIRUm/LQqT0EHEbvz9vV7VxK7Y37cahw83iPqK+vj4hRMp9RFxxjvksonX+lEgkkqEg5UhGZhijdRAOBpkvQPjPRPBEGVLH0CUhNZrJjwyw0MVhh9WOi7RR8O5WzIwtgGdcKaYkbsKoRBKj5K0YWXwAfntvY/px7uXh3h0eUteHgIM6+B8gDurhe4g4YiDR+eTeo4FQZIcFiRHiQ2Lks4+fK+SQJC20pEgRIGWdev1/IkeO5xWRFO16hK8TMc89QzvuPMnO2yRVN+FHBOy6icCdtxBAYsSFLTxp2WP/LYzfexmTj1zFd+7r8RML8CODBT/r6cXfL1zA7G01mJ2Zi6VJGYhOWIvU2FSkRsUjMToGsXExiEiMQVhiHCLjExAXk4Tk6BQkxZAoxT+CRUmRpX8nR1pipNxbNCDO+4oGKz2DxVWIBkIZSsc/l3uJWI5YlDZvqcGBg0dx7fptdPf0wWA0wWRyFFVQ8+/uG/pPonX+lEgkkqEg5UhGZhijdRAOBpkvSOhP5TqkTrTYac5spotFKx7SYun523gxJgduieUYmViJsQkb8Vz8Jjy7rh4e1WfwwrFOPH+yDz7cu0MCFHiwD1MPGBC4nyvWkRQdMpEcGUl0BpYjreF0jN9BwilHCkJ8SIz+HWopUssP9xIpYqQeXjdYOdLChxC9RC4yxFNl3rvp9pPsuAXv3TdIkK4hsOkqpm2/jqmNN+DbRGK08ybc99zChKYLmNx4Gi+cvIsfdFrwJgnr96xm/KH9Pj7Ytwd/XJeF92OSERKdhqQIEqCQKCSGhSM2OhyRcZEIi48iOYpFfFwCyVESyVEyzSf/WzHSGlLneq+RIkD8YNQByeEy49pixKLySai3dcVVgtRwT5XSU8RFHzLWZglBq6jchKYdu3Hm7EV0dffBTPJjtdlFXRIr7/p0/lKG0Sm9RyaTCTqd7jM5t6nPmxKJRPI0SDmSkRnGaB2Eg0HmixPuNXLIET8OlpcIkiO72YYegw1H7/fhz7lb4BWZjeeSK/CVpI0YmbQFY9Jr4V5xFNP33MTzx9oReLRTPIPoMTnaZ0DAARMJkgl+h80kQQPLkffBLk18D3QKGQrY39GP/752+O19CN89bQPivVd1D5GLGClD6JR1Su8Rt3uQ4AjZGUCOeKqFN+FHrxcPc3XpJfp3cuRJYuS1+zICt1/B9PprmEr4kiS577iBySRMHk1X4N9wEVN3XcJLlx7iO0Ybvkkq+56+C/9oOYbfFBTirwlpWBmdgpiQeCQFRyIpNAyxkaGIjAlHKAlSZFwM4mJpHclRYkzSY71GrmLEUuQ6lG6ge43+rRgxKjlSy42WDLmi3t4VLSlSw9vkFxSL+44at+9C66mzuHX7nhAhG52nLLSrG01W6A1m8XBjbrPRSmUonVKG+7M8r6nfXyKRSJ4GKUcyMsMYrYNwMMh8AcIXiDZH6W4jbCRIBmoyUKORxMgCPV04nurWYVnNPryQUIQJscUYlVSFZ5Or8fWUWkwoPISA+it44eBDTDvMhREcleMCSHR4WJ0f4XuwFz4kSl40781FGY6wHHGPED/E1QEvsxx5kgB5HeggOlV0CGlhOfJX4beP2kh+fPaQuAwAF1XwZfHph7YnvFmKWJRIgLyEJNG2QpxImkiMPJwCxD1BLEU8XI7nuRKd5647YqqFN+FPr/Pne452khQ13SL5uSWmyj1Eom37TYFX4w3HPPcQNV2H244r8G64Cl+G5Mi7nuSokdobr9C2VxC4g9p3nIfP4St4uU2H71lteM+gx1+uXsaPN23EL9IzMCs+CSsjohEbHoU4lqPwcERGRiE8OgbRUfGIi0pEYiThlCMhRkkkRiRFKSkkRtxblE5SREKUkUFStJakiISIWcc9RutznhhKx/KTm1P4pBA52/tR5CiPxIbIzyf5ccUpRAX8EFYVLDm5uc7XsvCoXsMSVFRUjsLCMse2zvcvr6hCTU0djhw9hmvXbqCnl+8jovMT7e+OXiK7gE9X3MZTC3cduYTPZ0pP0mcR13OnRCKRDBUpRzIywxitg3AwyHwBwheDZEZ6ix16uwlW9FJjD2Dqg9lkxi2jDWtOXMW3127A+NgijE6sgFvKVoxKqMZXM3ZiypZLmL63HTMOdWOqs1iCUlHOl/AmPI90wv0wQVMPmvocYTHqhPdBlqB2MeVl3t6TBEbdpmzD7Sw5/DwhvwMPBepnC6l7d1xRttfCdVtleJzoBSLRUT+fiJ9fxG2eO2+LqRZcaY6lyJ+2YXhYnCs+20mISHi8Gq7Bs/6qmHrRsvv265hMuNG8RwNRT/JUf4O4Dk/axr3uEknUZfr5FzCp6Qxmnn2Ad7us+LXOgj8/bMebDXX4/voM/DklCfNjohEWHYXI0HDERpAURcQjKjIJMZEpiI9MRmIEiRHLEQ+nYzEiKUpJzUAaSVH6mvVi+NnadSRDJEIK6mcUuUpPHksLwfMDrXNA0jIA+XkkOkRBPskQUVhQJuB5ZRueLyosF/A63r64qEKsy85iGStESXEltlU3YPeu/aLa3IMHD0QvkNjd6bzEcvR5i+u5UyKRSIaKlCMZmWGM1kE4GGS+AKE/k5WuG/m+IouNLyANsFm6YTEboKO/4a6bD/CrrK3wITEaEVWAMSmb4JG+Dc8lbMXokuMkAvfxwtE+TCc54mFuLEf8kFZx7w5LzUHicAeJUYeYMl6HOvqlR4GXlTZlXpEjpV152KpabBSZcZUcNWoZckV5T0W0mP73JDFiIRIPaeWfy+upzYt7jgbAm8TIyylBLEcB1KZIEksQi5FajvoRcnQNk5uuwY3WuzfeIEG6RWJ0C951N+FZd128xqPxCqY0nMekhjPw2HcR37nchV/12PG3Lh1+svcA3srOxZ+T07AwNgEhJEWRIVGIC48nKUpETFQqYmNSEBebioTYFCTGpyApKf0JMVrDvUUqMVKkSBEjfpirWoDU8sPLA637d+TnsfywHJWQ+LAcPaKIe4Sonbfj9+Vtua2kuEL0YPFyZcUmNNTvRMuJ07h39yH0OrPo7eFzkXLf0Of1vKQ+b0okEsnTIOVIRmYYo3UQDgaZz3/EkDoT/cMjiUiObCYdDEQPLZ7tM2Dxxt2YHsRlu8swIaEK49K24tn4cjy3th7edFE/9WAXZhzh+4sczx0SVeRIavheHg/CkwSEBYmFqB+VFLmiyJCrHIliCSQnrjKj9PKo2/8TXOVICBKX4BbcE88wEhLk0mOkwGW5vZxy5LfjVn9PEcMSxIKjyJFakETPEN9f1EQCtP2mwLvhtsCnnqYkST6Nt+BWcxFT6i7Cc/dVjK8/Td/5Nbx714C/dVvxu+MX8MPcMvw+Ph2LSIBCIhIQFRqLuLAExEQkIzo6FTEsR3yfUUIykpJTkZqWQawVYsRSpO4xcpUihewB5IcFRZEXrXX/Di0xYgHiKbfzfHER9xqVifdkCeNpzbYGHD50DDdv3IWuzwQ778vO0w+fh7SqzX3ezk/q86ZEIpE8DVKOZGSGMVoH4WCQ+fzHTleSNh5yRFh7+2A1GWGgv91Fow1rW67gW9E58IsohGfsBkxK2IxRSZvwfxPK4bGlBYEH2uDPw+hIXFiMAo44HtTKBQ289z8qguBN0uPDcuOEl7XEiFHLkXpZkSOlF0fpyeGeHRYYpe1p4fdS4PcU79v/DCISn53OXiF+7hDfN6Ra5wrfV8RSpMiPMnROkSQ1iiSxHHlsv0pydJWm3ENE7Q0sSCRFJEe+DXfgQ6I0eetleNRfg//eO5hcfxGTG8/jW2fb8euHNvz5wkO8U7QNv4hdi/nxaxEUkYLosGTEEFEsRyRG0SRGsUkkRymJSElLJSFy9BRpSZFaiLjSm4IiR1ryw/NPI0aMqxyxBLkKEd/fxNtu2VyDQwebcfHCZXR19kKvM8FmpfMOez7XEuGp4MlzkdKL9HmK67lTIpFIhoqUIxmZYYzWQTgYZL4I4RvMTfQ/PSxdOlitNnTQn674wl38OHszPMJz4JWwEZOiN2Js7GY8Q/OjC5swbf8NkiESlsNdDokh/LlKHcG9Rg5hcuB/gODqcgzNi/LZLDwkUgqKNCkV47wITy6Q4BQs0U7C4ioxLEbcY6NuHwr9IuTsJVLez9ELxBJ0m6SIuUVSxNx0oiw/iY+zt0gtR4wiQgyvV3qVlO08Gq6QFJH8NJIg0bLjfiO+74g+R8NdeNbchHs1vb6OxesmSdIVTK67AM/91/HaDT3+dMeAH27egx8l5eAjYml4OiIi0xHFRKcjJj4dcclpSExNRUp6MtIz0kmIsh4bPucqQkKGcgr6Ec8pIrTEh8WGpwOtExTQ/AAUFpIYEUVMERdYKCUxIlGi5aysXGys2oy9ew/g3NkLuHf3AQmRgU5O7PUsO3zOcQgR10wQgiSWHw2n+zyfl9SfTyKRSJ4GKUcyMsMYrYNwMMh8/mOzm2G29sFuMQJmG4z0ZzvWbsWHm/ZjYvA6TEjYgDFxmzA+divGJ9SKKnXeDafhf+gWfA8/hO/RbniT3HgdbBcFFaY29wpBCjxMHCIOdiHwQKcovR3oLMEtnlNEr+GiDbytKN7AssSCxGLEw/H2OsppK+W2+XlFLDGuYqPIjCI5Wqhf44qrEDHK/UN+e+h9d99xCtKtfniZe3fcG689gQfBvUAsO4oE8ZTlyKPuSr8kqeXIIVBX4F5/Ce4NzGWBZz21190gSLrq7sBtK0lU7W2av4kJG8/Bu5Z/zlWMbDwH//Pt+G2XFW/vPI631pbgb6mFmBWRjtUx6xEetw6RCesRm7weiTyEbg1J0dpUrFu3loToSSlSREhLjAaSI0V+eH6gdQ45KhqQwkIWpGKSIpajEhQXl6KkpAwVFRvQ0tKKGzduoa9P/0SvjyJGjNXKw+hYiJR1j+RICc9/VlXnnjbq86ZEIpE8DVKOZGSGMVoH4WCQ+fzHChMMtl6YrCZ2I1zrsSNl70V4rVyLUdHFeCZpI8ak1WMEydFzcdvgXnIEUw/chP+xB/A+QiJzhMSI8D7sgO8TYvFR5IjvSZpKcsRiFLi3HQH7uLCCo4dIi/6heCpJEoK0xyFD4gGrQ8SfXs9THvKmDI/z3X1PtPcPhePS206U4XN+LEi7bwl8d90U+Oy8IfBqInHZflXA84z3jusOSJxETxDJkHstiQ6hSJEiTWoUOfKs5yFzFzBl2zniPL2O2kiORFGGepI0wpdEyaf2JrxrrsKnmtbXXsLIpgv4n92n8O1LbfjNxft4ZV0JfpyQhblri7E0JQ+hawoQmZGH+HW5SOVy3OvXIXtdGrJpmpXtkCItCXpCivrLcA88VE6RImVYnNLOy8VFZfTagseEiJfVbfn5hWLKQrR7915RflunMzjPKc6d9ksY13OnRCKRDBUpRzIywxitg3AwyHz+Y4UNfTYjOsxm3DEBVafu4dur1sMvvhKjEjbi/yZuxteSqvFcUi0mZu2Ff80FTDtCwnG8g6SIeVyOeIicqxwpPUZDkqN9DjniZxD9p3LEsPQoIqTIELezCKnbGRYjT+7V4SFyThliWHwUEeKqcQqukuTVyD06DjlSYDniNgW1GDEOOboE97rzQo7cas47X0fr62+QBJEk1dBraq7BZ9sV+G67DP9tl+BbexETdlzAV7YfR8Dhs/jZyat4q3QrfpKehw8zS7EkqxSrifDsEsRlFyM9i6QnMwcFJEb5mVnIJjnSEiNFjtTLg5Ej7h16UorKBYWFpUJ+8vMLaL4IxcXcO+ToTWJBKikpxY4du3D+/AW0tbULKeJhnv8N0Tp/SiQSyVCQciQjM4zROggHg8znP0a7DZ02C+7Rn2vP3W78IWMTpobkYUrsBoxNq8HXUqrxf7kQw9om+G0+g5m77yDwIEnLIZIXLsutKs2tFE5guKR3gGpIHZf59t/7UMBD5AbCe2+bJj572kRPz0Coe360cBUgRt2u3s5RdIHEaIdDiBQU+WERUoa+uQqSoIEgGRoItSQ5xIiH3NF71V2Eew2JEcmRu5AjR4+TRx39vBqaJxnyrr4I360XiHPw33KGpqdom1OYUHuYZGk/3tlxBL/dugN/LKjErIINWFa0CSvyNyCkoAox+ZVIzysTBRWKs3JRmJ2L3Nwne4YUtNr54aviAawqIVLDcsQixFNeZlHictuONr63qJCEiKckY9nZJEmFaGhowPHjx3Hnzh10dnbCaDSK6nJmEnYe/uY6jO7LGK3zp0QikQwFKUcyMsMYrYNwMMh8/mMg7tHfqtVkw8JNuxC4eh38E6owMW4zRsRtwojkbfhK0haMK9qP6btuYCbLz56H8NhF0nLwUaltUWBBBd9HxJXsRGnv/c7eIg0ZckVLjBhfkiPu6fHfrY3frnsD4sPD6HaSALnA7co26vfx2XGHuA2/nTfhS1Kk4ENixHhzLxEJkRpuc6zn3iBtKVKjFiNGyFHtBXhsO6uSo0u0joflXYL7tgskR+fhQ+v8aZvA6tMI3HoSUzcfx7Sqw3hxw168UlSPd/K34u8VdZhXWYPFpVuwpHQzlhZvxKqSzYgo2ogkEqT1/DDVrALkZ+eTHD0pPgwvDyRGjKsUKbgOq+Np/3xhMQlRDv3MXFRWVmLfvn24du0a+vr6hAypzxksREoJ7s/b/UGfRVzPnRKJRDJUpBzJyAxjtA7CwSDz+Q7/hViOrltsSD96Gi9FZ8IjpgCjosowMakG4+K3YlT8ZoxaXw+PrScw/eBdTOMeoT09JCs98N7vKLetVKtTD4/joXWi6ALJkVqMtMRHDQ+fY9Rt/Do/7nHiHh4Nyfl3OGTncUFStymCpMDt3k234E9y5L/zBvxIjBhfkh8FbxYiwoelyImyzjFE7kkJUobXuSKG3pEAeZIAeVSfJR7JEeNWcwHu1OZFUuRbcxZT685gek0rZlS34MXNx/BywU68vb4WP03bhB9H5+DvqYVYlL9R9BotKSFIkpaVbkUQzccVVCEjrwy52SQx2Q75eUx6CkoEPD+gGDl7hbRQhtUpvUdcepsf0srSVFZWgaamnTh58iTa29uF+CjFEgwGHkJnfeK8wcuy50gikUj+PVKOZGSGMVoH4WCQGe44vnP+98lvX2l9tA3///Fd9HeqvXoXP19TDJ+oTExKrsCIxE0YHbMJbil1GJ+0FV7lBxC46yICDpFQHHgI/906BO7Tk/R0PiZEahQ54l4kXlYKLCjCwz1BWvjsftAPL7MUOaDX7SRpcUqNEBjVVC0+rng33e4XIQWHAN2G1/ZbAp5Xlj25THYDydB2hoSHpj40VfcYeXI1OaK/50gRpUYSHh4OR3g3XO2HhUl9/5GrHLnXXCIBugC3rSRGTjny5Ie91jl6k7yrz8B/2ykEVJ/AtC3NmL7xIALLd2JGYSPeWLMVv4kpx18ii/C3sCz8I2QN5iRkY2VuJVaSFC0tq8ay8hqspmlUyRakFGxAZk4ZcnJJgBThcUpRAcP3BtE0h6SI4W0e2+4xOVLuP3JOaRvuKeJ5nlZt2IKdO/bgxPFTuHLl6mP3EJlMJuj1+n4pUsNCpObLHtffXyKRSIaKlCMZmWGM1kE4GGSGMzYSHiv9Z4eZlpj+wUg2+ltYqcVqIoww28wwUnMPcby7Dx9s2I5pUVmYHJePsckbMCJ5E0YmVWNk4jZMytmL6Q0XMfPgXfjtvwuvvfcRsLcHAft7nYUVHsKX5IfheZ/9JDEkQUqbr2jjIguOdocccQltB77cM+Sc14S35XuK6Od67yLR2UVCJIooOJ8/xPcHOafe/FwimvfhbXaTBBF+XJq7ieWHiyvwesfrxeuozXP7TSc34NHI8ANYb5D43IBfwy34N9ykKb03tXnxehIlt6brmEwyxLjxM4mU8t1cPIFEx6f2PPxqT8Ov/gx8G87Dp/4ireNeIK5Gx2Ll6E0SsCBxRbttFzFl2yVMJEmaQvM8xM6PmEZi9Pzmk/jmhqN4pWwfXi3Yjteyq/FaRiVeTS3C6wm5+FlMJv4StgYfhKZjNjFrVSLmh6dj1bpSBBVtwfLSbVheUYfgykZEltUjLn8r1uRuRmZBFbJIhHKdwlOYV4KivFIU0nxeYQkyC4uxJi9fkFlA4lNYhqJ8x/qCfJYhR3EFxzOKaJnb8gtRWlqOrVtqsH//AVy4cBkdHZ0kQE4p1zgvKOcLRYT+G88fyu8skUgkT4uUIxmZYYzWQTgYZIYvdlhIj0z0n00MlWNIhXgFYCFNMvRRQy/JkQ46EqQuar5I7bGHT2FqYgHGx+RjfGIpRiZU4JmkTXiWizFkNMJj02nM3HMXMw5y7w2J0cF2BB7qgh+LDwkP40cCxPA8P6jVi58dxM8QGgDehvmkNmWZ34vxJnz3MndJmkhwCO/dJC1OPHeQ4Oy8Ca9dtwS83pc+tx9t/+jBrU/i2UQiRDz2rCISIG8SpoD6Owisu0tT+n0a75BA3YE7SdWUnbcwqekaJm6/iskkVe4sV/zAVq4ot+0K/GtOI6D2OHECvrUnSZbOkDSdJzHiZxiRTJEUuTt7jLgUNw+nc992HpNpfjK1u9ddgh+1zdh8Ct+qPIrXS/bjrZwG/GjNRvw8uQi/ilmP34Sn4vehifhzaDz+GhqN98MiMScsFvODY7BgdRwWh6ZgWUIWVmVz75FDjlZvaEJo2XaEF9QjoaABa4qrsa6oAtnc05NbgpIcIptEJ7cYmSQ+6QUFWFdZjqyNG5BFwpOZQzK0tgD56/NIjPJRUkLbE1xcIT8/X9xH1NjYiHPnzuPu3XvOXqH/XuEZStTnTYlEInkapBzJyAxjtA7CwSAzfOFeIxvM9J9dSBEjeo54RJKF/tGTGBm76e9iQjc13rHZUXXpDt5MysOUyGyMji7AmPhSjE7ehP+JrcT/JG7FBH6mEYnDNJKSgL0PEEgCNL25B1OPdMGTZUUlRzzVkhwt1OuV16nblfdQxEhBLUaucqRIkSYaUqTAYsQypH6oK89zT5JPw3WBKLlNeG6n9U0kL8SUxsskRVeE6HgTvnVEzRX4VLPYnIVPzSn4bCMpqjkneoHcWHzqLmNK/TXBJFqeREI0pfos3GvOwrvuHL3uFAK3tmDm1hN4aeMRvFK2B6/m1OH1NVV4J6kI78Xl4DeRGfgjSdFfg2PxTxKhD4Oj8DGLUUQUFkXEYUlILBatisXC1QmYRwK1OKMQK8qqsaSyFovKa7GsrA4hldsRU9aEpJJqZJAc5XDRBJKjUhKjMqIopxj5BcXIKi5CemEBUkl81vIziGi7svxKlBXw/USForACS9GmTZtw5MgRUW2OhUiRISVKxTl5Thg46vOmRCKRPA1SjmRkhjFaB+FgkBm+OOTICouYcziR6DXiGauFBEkPi6kPBpsFbdRUd6sd/yjcCr+VyXCPKcLEhAqMS6zA+PSt+J/4KnwtrQ4BtZfxAsnK9P1cgptF5gH8D3M1uofw2HO3X45cBUctP5/EJ71eLUeeu+8KtMRIESDXZe5F8thB4kMovUNaKGL0BE38LKNLNE/wtPEizV8kQXLg3XCZxOkyfOsvCfxqL8K/5iL8CO+aS/CsuQyPGhKp2qskRiREDAmUG4mRW/0VuPO9RCROXixRNScRWHMCL2zYi++UNODVwm34XvYmfD+jDD9IysW7sevwXmQ6fheegj+HxOGfIdFCiuaERGJeqJOwKCwOi8OykHgsWRWDBSRIs0ISMCthLRblV2DFplosrqrBwvJqrKxqQNiG7Ygr3YK1JEe5+WVCjliMmJKcQlouRDaJz3qSo/XFxcgtrUARbVuY7Rh+t2XzFuzduxeXLl1Cb29v/zHPEqQUWmAp4nkuyc3LMgNHfd6USCSSp0HKkYzMMEbrIBwMMsMX+sbJgxxiJL55IUb0D5dB5nuN7CaY7BZ00t/lDLnSkuq9CFieDN+IXEyJKcHE+EqMiSNSqzEivRaTSo/iGyQrM4ipPGyOBMZj7z247b0L93334EH4HHgkNmqpYRTZ0UI8zJWmjD+9XpnndgUfkiLGm6RIwXf3HQHfb+S454ikSAPXHiGv7TcGxJN7hDTw2E4y03QBk3ecgVvTObgTno3n4F3P9xCdh189iVC9474gv9rz8CXR8aml9bTsWXcdbnV3HNTfhjvhUcdD7+iz1F4S9yQF1J7C1JoWTNvajKmb9mNm5Q68lluFd9Pz8G7SehKidPw0Khm/jEjE78Pj8eewWPwjJIqkKBKzg8MxPyQCi0IjSIgisIDkaAEJ05LgOCwPjseyoDgsovm5oYn4IDIZszOysXzDFqzYwoJUjWUba7F6Yz1iyrdgTXElsgvKkZ9bKnqOyrNYkApJkPJRmF+AvMJCrM/NwzpaLq/YhL27D+Pc2Ut48OBBf4U5lh8urqCuPqfAywrynDBw1N+ZRCKRPA1SjmRkhjFaB+FgkBm+8Let0C9GNhYjM+w2syjC0G234aIZWNd6Da8lFmHiigy4x5VjfFQJxsVUYHRcFUYmV2NSwX5Ma7yGF0h+AlhkSGC42pw7zU8hYXEjMfI6QDJD0sSyox76Nhg5YtFR5MdVhJR5ZZnx2nVHoEiRWozUw+MG6g3Skh8FHhbHuAqTe+NVTNp+DhOaTmPy9rNwazwLj3qWHxIhwp/vCyI58q29SMJzjuSHBKrhHG13EZMabmBiw11Mrr+DKfW34Fl7nYToMvy3XUDg1lbM3HQML244gJfKd+Glolp8I3czvrW+DO8kr8NvohPwu/AY/I6E50/BEfh7SCT+RfMf0fysoHDMCw4jMQrHQhIjliMH0VgYEoPFwbFYSlLEvUdLwxKwMDwBH4fF46P4VCzKLcbqDdVYtakOKzbWYHVVLaIqq5FcuhEZRRuQyUPl8kpQnFOM0pxC8ZDYgqxslJWUoq6+EcePn8LtOw+g6zOQBHHvkLVfiFiQlIpzSi+RlKGhRX3elEgkkqdBypGMzDBG6yAcDDLDm0diZHMMpeMKdSRF3J/UTRe0N6w2bL3dibdSijFhWRp8UqtJiviBr1UYn7AJY1O2YURqHbyrWvFNEp/APXfhv69NVKjz4OmBdnhQu/v++/Ak1HLEw94UOXKVIVcU2VFk6DEBcoqRa7tY5yJHihgxrkKkxlWI1IjCCE458m66KRDtohrdBUwkMZrceJ624x6hi/CpuSTwp9f5NVyBl7iP6CIm0rYTms5h/M6LGM9iVXcdk+uuwpO29a0+h2kkRS9uasa3N+zHayU78HreVnwvowyvp+TgjYS1+EFMGn4dHk0yFIb3g0PxIUnQrOBwzCEhYuatCsOC1SRFQRFYEBxJgqQQhQVhcVhEIrQwhKahcVgaGo9lJEdLqG1BRCLmEPMS1iGooBJRmxoRsrEBwRvqEVpVj8jKbYgr34ykkiqsLSoX9x8VFRZja8UGHN2zF7evXoNep6fdyQoLFzwk3+bdy0byrRzjLESuzyniKS+re44YGe0o50yJRCJ5WqQcycgMY7QOwsEgM3zhx8dYLPSd00WrzWSgK1YjNRhhNunQS4L0gP4e+9r1+HtJPXxDMuGdWIUJKTUYEbsR4+I3Y2xSNb6esBnuJc14cfcdTGcx2v9AlN/23P9QSJGC54EHAmVYnVKtzv9gez8BhzpEm5AhEh11r5IYVrfHge/uewJ+wCsjnmU0EE55YVyHxLHk8JTbWXbc+JlCNPXZcQs+LD68HYsQtxNcRpvbXZ85pOBB4jOFhIhxEw9i5ecQXYbHVobWb7sK95qrtP4KJm2/jPE7LmL0jrMY3XQK42pbMaW6Fb7bTmJaTQte3HIE36rcg++VNOB768rxZkoefpyQiV/EpuN3kUn4UzhXnIvBv1iIgkIwd3Uo5gURJEMLVkdg4eooLAqKJmJIjGKxgCRoHgnQXBKguSRAc8O5dHciFtD7LIhIwKKIeCwhltL84lCWpBQsjEjH0sQcxJbXI7yiEavKiK27sXTbDizbUovVVVsQt6kalbv34+y1a9DpdI6dSkA7mNNrhHs7pzKfXrTOnxKJRDIUpBzJyAxjtA7CwSAzfOH/U57/X33HcDpHjxHsZhhtVnRS81mjBbH7TuOF8FwExG/AlKQt+L9hpRiXVo9RCVvx9dhNGJ+zB9NIHGaQGAWSuLDkOMSIe4wcvUZetOwlhtk9XnxBXVxBESaequVIEaSBxOg/kSP10DieV3qEWI5EtTmaV8sPL3s3OIRpQJwPc/Vkoaqh19fQ9tX0/oRX7S141bGUsUSdx6SGM5jQ2IrJDSfgV9uMmdWH8OLGvXipvAnfzt+C764rwfdTcvDDuDX4RVQS/hgeh79zYQWSnzkrwzBvJctQqBCj+dTGUrRgdaRDjFazGMViYXA85ockkBglYU5YEmZHJGMWMTsiCXMjSJCiErEwJolIxCKaX0yytDwyBcsi0kioUqk9C6tztyJ8w26s3LQPH1XvxV8b9+HjvYcR0XoWG9vacdJgxH07l4N3iLaodMiCxPP0P8WTaFbmU4zW+VMikUiGgpQjGZlhjNZBOBhkhjdiqBNfyNotsFmNMFlN6KX22/SnKLlwB++kboBncD6mxG7A2LhNGJVUjVHJ2/BM/BZ8NbEa/lvO4Rt77yFw9x34sQSRELnvd+BBePFDXAl+cCvDzx5SC5KCIkXczkKkVJtjxFC6AWTIa8dtePKDWQfgk+RIESOlncWIp9607C0ezkpC5AK3e9bys4a08SYpEvAyyZHHNhIjwnMbvS8t831EvjXn4VdzGv41LQisacb06oN4qbIJ3ymuxqu5VXh1bTHeSM7G27Fp+ElEPH4dGo0/B0fg/VXhmE1CtGB5MJYuD8LSFSFYRG1zgyMxLyiKiMb84Ggs4OcWBcVhIUnRQpKi+cS8sGTMiUjFrEgiKhVzSIDmRSVjPonR/FgSpdhEzI2Kx7zwWCyOTMaisFSaz8DcuDz8K60MCyt3YXHTSbx/+AL+fOEW/n75FpbeuYsCixmHaX+5THLURlJt42OYjZufk8X7FSkRyxEjj+5PN1rnT4lEIhkKUo5kZIYxWgfhYJAZ3vCN8laLhf5gZugNPei1WvCQ2vd39OEfJTvhszoHviRBYyKr8FxUBdwy6vBMXBW+krAF4/MP4IVdt8VwOl8SGt9DXZiy9yHc9ncIPPaRHO1tp3Xt8N/dJhDFFFRCpO41UvcWKTwmRzvuCLybbj+G1/ZbA+JLUqSgDJVT8FUNn+NeITUsOlpy5CpDj3MZXjUXBJ41F+HBw+q2XYZb9SV4bL0Iv+rzmLb1DF7cehLf3tSM71byvURNeKOgBj9YU4J3ErPxw7i1+FF0Kn4enojfhsXizyRGfw8Ox4eKGK0MwxKaX7YqAstWR5EERWNOSCzmOpkXGocFIfGChaEJJDk8dM4xhG4eCdFcJwtIkBZFpWB+dBLmkBjNiksgSJDikrEgIYPaMvBxQh7+kpSP1yMy8FP6jB+33sL7bSb8ps+GX/cY8ae2dizr7kQJqc8J2mfu0fFrEr1HLEd8/xrvVxbxqGEuFy+P7k83WudPiUQiGQpSjmRkhjFaB+FgkBm+8NdtMplhMXPZbjN6jTr0UPsZgxnRO1vxQkgePMMqMCl2KyYn1WEEydGIiELx0NeR67bDnyTg+b334MNV4HjI3OFuTNzbhkn72zGZe49IlDz3PITvrocI3PEAAbtIiJxipJYj5f4jRYiUniWlF4nliHuJ1GKkFiDPRi6IoM0nyZH/ztuiXREiRZLE8Din8GiJkYd4HpEWJEFcha72jHhIqxvNu9Wch3v1OXhvPY1pW07hpU3H8Wr5AbyZvx3vrtuCnyQV42cxOfhN+Fr8MSQFfwxKxJ+C4vC3VdH416pIzOIhdATfSzRPDJuLwkLuHQqJE/IzlyRoNgnRnLB4zA2NF/cVLeCqczRdRG3MYi68EEFEElEkSzx8LjIZS0mSFpEczY1PxuzEZMxKTsHs5DT8Kz4Vvyep+lFoEl5enYDR80MwLmYt3jx6Hj/X2/AaOc+bNuBdvR5/6GhDWF8n6u02XKN9R8f7lZSjYYnW+VMikUiGgpQjGZlhjNZBOBhkni6D+ea0trFwaWWTHla6iO2hi9n7NjuKTl7FD6Lz4b0qF5MjNmJCbA3GJVRjXFwVxsaWCDlyrziGaSQWASRGfvvuw+cw9xY9hNvBDiFGU/a1w2NPO4kNic/Oh5jKckT47H5cgBRRYpR2HxIt3wNtYurN783SxPcBiWFyihQpAsT3Cw3EdZKfR71HPFzOiwXIif+uOyo5uuqQJtFrdBme2y7Bi4THMUyO1jnlyN1FiNxrSYhYioQYXSCxOgPPhlPwqCfqWuk1XGShBVO3NuMFkqJX8pvwxtrN+GF8Md4Lz8Ifgtfgb6tT8cHKZHy8IgGzVsRhNjF3RQzmryQJIkFiIZrPw+ZCojEnNBazSX4+Dk/CxxEpNE3ErHDaniRoHjE/jKSJWEzzS6l9iSAWSyJpykQR0TyfRKRhYewazE1Ixz/jk/D76Bi8FxqOt1eG4tsLV8F/7kpMWRKOr9Jn+X+vjMEz5TV48V47vkn7zcu0M32fJOgnfV14v/0O1hq6cJwkqJvW2UiUHHJkpiWSb/EfP1FL5tOM1vlTIpFIhoKUIxmZYYzWQTgYZIYW/sas9K+j+LYzfKuHCp7wOr5UpUtWgdiW/x9+vR42vQ46uqC9QU2NHTr8Jm8rvFaugXtYIdyiqjAlvhqjIiswOnYDxqdtxej1jQhovIZAkha/3Vyh7iF8SIrc99yHBxdj2McPf22D5+42eO0m0dnVRiLygLYl2eFeIHqdD0sQw/N7uI2Hz92hNmLfPfjuuyvmvffcpna+f+g6PLnMNgmMB/1sB1x2m2SGpIfXPY6jzbuRhIpEyotEyoNEyp2EyZ0EiPFsIhpJeupJhuovwZumPnVEzQX4bT3noPo8fLbxUDnHMLkpxKRtFzGZpGgKvWZKw0VRXGFy3TlMqj0tpMinvgWBdScwo/oIXtqwH68Ub8f3c7fhrdQy/CQ2H78Mz8QfgtLx1xUpeH9FEj5anozZyxMxbxnJzQpiZQLmr4onKYolKYrFvOBYzAmJwaywGJKhWHwYnoAPIhPxYVQiZkfFY24kiVRYNOaHRmEhCdRi2m4pbbc8Ih7LiMWR8VhELGRiErEwLpmEaD0+iM/HH2Ny8POINXh9dRxeXBaGgIVB8FkYDPeFoRi/IBRjl8dhRHAq/p+Vifg/sVnw2XUc3+8x4/u0M71utpEgmfG2oQ0f6B6g0m7GLdqHjFzXQ887no32Myv0NoOY0hHOe50IzymodlWBeh0jox2t86dEIpEMBSlHMjLDGK2DcDDIDC38jbEYGeiykuVHRLnKZAOiKc/yOqMKsS0Pp+vthYWuZu/Stifozf5Q1QSf6FxMCM/FpOgSuMVUwJ17jKIr8Ex0OUZk1GFS5QkSHRaYhwIfwptkyGvPAxIi7hF6NM/wvDdD7crziPjeIwWfPSREhPfumwKfPSQ0e2h+zw2SKxKdXSRCTVfhvv2KwK3xcv88t3vuIMkZAO8Geh+Ce5k8SJjcSarcSKim0HtMrifJEWW3L8C99jw8a87Dm4slVJ9D4NYzxCn4V5+BLwmSN8mRF1egI6maTAI1iV47ofYs0UpS1Eqy1QovIqC2BTOrj5IU7cV3ihrw5voq/DgpH7+KXIs/haTgnyQ9H5IAfbw8HrNIhmZxb9HyBMwhIZq7kkRnFU2Z1dQWFI/ZwXGYHRKHj8PiMIuE5+MIBx9FUltULGaHR2IeP9Q1PApLIqJJhuKwjCRoGQ+hCyW5CovFgugkLIhPw7zENfiYpv+MS8MvIzPwevB6vLQ8Hf6LEjB5fgzGzIvEyPkRGLEkBiOWJWAECdsIkreRy1IwakUqRq5Iw8T0Krzecge/Jvl522zHy7STfcOuxw+MbQgy9uIA7UOdtC+ZDY7OIxOpuMFuoH95L338+OYlhndTLZT1MtrROn9KJBLJUJByJCMzjNE6CAeDzNDDF5IsPNwjJKLIEUNfKU94HamQmDLcxk/otBuM6DPbcIsaYg+dgXcQXQCHZ8MjsQJTYssxPqIYk+M2YGx8Fb6eUIUJRfsQyNLBPUAsO045UgRJESO1HCmCxChi5LfvgcAhSHc15UgRo6eVI6+ma/AlGfInfAhv7iVqdLzOfTvL0QXiHNwI97pzJEfn4KVQexH8AFcPHjbHpbnrr8KLK9jxlJa9ay6I+4h8Np+A/+ZjmLblKF7cfATfLtuNV/Pr8Nq6KryRVIAfRq3Fe6FJ+H1QLP6xOloUVpi1gosrRGL2qmjMXh2LWUEkPipmBzukaE4wF1mIE/cSzSXJYXjYHAuPkJ7wOCwiUeJhc0tJipaSFC2NTMRiLtEdyZXoUjE3IQMfJa7FPxMz8Dta/lFINL63IgzPL4yE77wYeMyJxqS5URhHcjR6cRyJUCKeIyl6lqToueUpgtHLUwVjiGdWr4NP2S787GEf3qV960WbAd8i8Xnb3Iu/tz/E+j4jzlI7Vzzs1ZlJkCyw2E0wWvTUQitUhzjPKvD+6CpHjGpzGZdonT8lEolkKEg5kpEZxmgdhINBZujhb+2xC0meUaHM8l0f/J+jkb9voLPPgNsGM+pud+DViPXwDl4Hd+4xiq/E5NgKTIgqw+ioUjxHgjQ6sxHe205h+n4eAnfP0Ru0hwRpr6MHSYHbeTid5657TkiOeEgdtfvys4pUcuS3lwWJq93dhdeuG/2C5L1b1Wu08+onytFAsAz5kwwFNF6CH+G7/RK8t5P00Lw7TSfVnXVyTgyLm+IsoDCl9jzG11/EuIYrGE9MJCGaXHsVbnwf0tZzCCBmbj6Nb25qwSsbjuKV4r34Vk4jvrN2K95MKMGPonLw44i1+FlIMn5DkvOn4Ej8IyQcHwQF46PVwfg4KASzgkMxOyQCc0KjMDssGrNCY/ARCc+sUAezCb6/aB6xIJQkiFjsZBmxXMDD5hKxhIRoYXgS5vHDXUmK5sakY1b8OvwrcT3+lECfg9peIxGbuSQEfgtXwWvBangsDIf7glhMWRiHiSRF45ckYPTSBNFT9OxKJlmI0YgVihilYRwxYlkaRsUXYgaJ9JtGC161WfEdsxE/Mpvxe10f5nd1oZzmL9Ne1m60wmKywEZyZDKr5EjBGXWTqyQJiZfRjNb5UyKRSIaClCMZmWGM1kE4GGSeLq7f3KMLTsd/jiW61OSb5fnpr4SRJrdNVuy8246/5W7G8yGZcAvOhieJ0LiIUkyIrsBEmn+O5OjZ5M1wrzoKv93XSGp4GNx9+JDwML4kSH4kSArc5s1CtPNeP7wstiWp4oe5+pMUMY6Hu5Ic7b5D25AcET4sR2L+Or2We4GuwnM7CQ+JDuPecLl/ntsHwtspRoENF+BP+DZeoLbz8CAxEnJUf47Eh7lAgnSBBOgiiRFL00WMpOmIuisY03AVk0iQ3Gneb9sFTN9yhqToJL5bcRRvFOzBm5l1+EHqRvwgvgTvRubgN6vS8OcVifj7ygT8c3UM/rU6gqQoBB8GryYpWoWPg1diVshqEqAgEqBQzA0jQQqPwsdhUfgonO8pcjBH9BTFYD5JEw+PW+qUomUkRCuIVSEJWBmaiEVhSSREqZgbnYHZMWvxQUwG/hq9Br+NXIO3VyfgW0sjMW1JGMlQMCYQYxeHYeyySExYGoNJi+MxkaRoHEnRGB5GtyJBiNEzJEbPrnSIkUOO0jBmRTrGLSNo+szqVDxXUIVX7rThZ7RXvU5y/ZbehPdon/qlrgfLdL1ooGP5Du1yBrOddjUzrFauiEgNbDvK7qjgjLLIm0g5+vfROn9KJBLJUJByJCMzjNE6CAeDzFNEuaJ0XknyxDF8znFDvLjMtBMsRfxgTsJus6ODZk+YgRX1B/BiSAYCIwrhl7AR48JLMS6aBIkYE1eFUUmbMD5/N/y2k2Dsvw03khdffrArC5IKX9ELRGLEFel23YXnzjsCnmdEbxOX5KZ5liTG8WDX29R+i0Toer8gqcXIo8khQQPJkTLvihdt51d/Ef715+FDeJEEefA9RlxEoZHl6CIm0vzEhksE30d0RTCZpaj6HMZto+1qLsJn23lM5ecTVZ3AK+WH8GpeE95ctw3vJFfgR9G5+GnYWvwyJA1/DErGR8vjMH9pNBYujxKV5uYFhWJOUBBmBa0kGVqF2eGriWASohDMDQ/DvLBwkqBIkqEoB+HR1B4tHsbaP3QuPB5LwojwBCwNT8IyEiJmaUQq5pAMvR+/Hn+LXY/fkRD9JCgRry6JxPPzQuA7Nxge80MxcXEkxi6Jxohlsfg6fb6vLovDiOUJGE8iNI4YvSIJo0iIRpL0jAhKx7Or0/DMKhKglWkYSYwiIWI5Gr9iDSawMK1KwP+JXUOCuR8/7jLhxyY7Xu+z4vu0H75BEvSrvnbEGXrRTMdzO7UZRUlv2tnU+6kabmdUs4ocMc5VMi7ROn9KJBLJUJByJCMzjNE6CAeDzFOELzD7byRyXFCaaIGLKFvFCmoR5ZXp++WVNMuOdJe+74yTF/Hd5CK4rcqAW1ghJkVXYmx0FcZEb8SY2I14NqYCYzPrSRBa4b/3Btz33YLb3tuOZxPtc9xDJO4/IpT7iXjeaxeL0W0BzzOifQctEw4potexPO246eBTlyOi/pJDiuouwp2ry5EQsRRNqr+MybTewTVqvwa3OuY6PGuvwm/rWUzd3IqZG1vwYsVRvFy8D9/Jrsf31mzEq1E5eCdiHd4LT8fvw5Lx15B4/INE6F/LQrFwWQSWLYnAEpouWhWOhUFhJDmhJDxEZJhgTgRNSYzmkxRxdbmFITFYEEoyxdXmwmhZ3FMUR2IUj/kRRGQi5kYlYV4U9xAx6ZhDfBybgT9EZ+DdiDS8uiIWzy8Ig+/s1fAkpswNwaQFERi7OAYjl8Th2eWJJDupeDZoDZ4JWYeRJEGjViVjxIpEPLMiAV+j9V8nSfraqhR8ncTokRzRdiRGY1euwTiSo3ErUjAxLA1fC0vB/4nLxLeaL+PXJNjfp/2Ky3t/m1TmTUMP/tZ5F6U2Cy7R7tZN+5o4svkfBd5X1SjtqlneVRlns4xLtM6fEolEMhSkHMnIDGO0DsLBIPPJsXF5ZKtVwPMifAXJ1RZoyt+giUTIYDcTRhitBlgtJtjNFlj0RlG922Sz477OhC1XbuG94lq4Ba+DW0QhJkaVY1REBcbFbsHY+C0YGb8RX0/ciCnlBzFtz3X47b9LYnQfnvsfwotlSNUD5Bge58AhPLfhsZ0rxD3Cs2mgB7aSkIgS3Y+GyXk18ZSXWXQui/uH/h0sQ1yW26PuEtxrSYa43HbtZRKeK3BruEpcw+T6K5hI6yZwSW5aN5mmbtvoNdWX4bX1Eny2XMLUTefw2oYT+H7RXnwvpxGvpW/CawkleDM6h0QkA+9FpOK3YQkkRdF4PyQcHwaHYHbQasxbHURCFIklq0hwVsdgfnA05oZEiYpysyMi8XFEFEkOV49LxAKSngXBsVgUHIdlIQlYEZaIFeEJWE4siUjAoogkUVRhLgnRB1EpeD8mDf9MXIu/E3+MXYP3aPu36GfMXBwK9/nBmDyPmB+KSYsjMGFJFMYsjsKIRTF4bnE8nl2ahGeWppAgpeGZlRkkPmvx7Kp0jOCeotUptJwsZIjFiHlmdRqeI4kauXoNRq/OwJhV6wTjiNH0mnHhaZgQli4kanJhHd681Ys3ab96yeqoXvea3YCf6x5iVtstbKV98Q7tkzraMblenYV2QN537RaC9klqeFyQnBPGpVnGJVrnT4lEIhkKUo5kZIYxWgfhYJAZOPz9sBAp9H9f3DnklCMbtemsFvTajDBQo4nEyGQgKTKTMOktuHy7Dcev30PJgeP4VXoB3EPTMSW6EB6JVRgbUYlxMVswMakWz8ZW4ZmkTZhQsAt+dacRuOcGPHbfxqTd9+G2p00Ml/PZ9QhfkiUFliNv7jVqchEjQvthrdcc/Ds54ge1fgJeJD4sRlxhzr2G5Yjkp45LbxP0/m4N1+FWf40Eit6XK9BVO8p2T996Hs9vOY8XNp7GCxUn8a2iw3gzfQt+nFCKH8UW4MdRmeJZQL8OT8EfnVL0z2CHFM0iKZobtArzV68gaBocKZ5JNCckHrPCYsVziT6OiBN8GBZDokRSRLKzKDIVS8JSSYxSsCI0leQoGUtJeBaFJmA+TedEpGBWTDo+TFiHfySuxx9o+jNa/j6J1DdXRGLqwmB4zVuJyYtCMGZJJEYtisRIkqKRy2IxYnkcnl0WR0IUj68vYTFKpmUSnuXpGLl8LUauWIcRq9bgORKdZ4lnhBCl4usMCc+zq0mcWI6C1mIUMXr1OoxdvR5jg9ZjZDC9B33eiUFpGLUkGc/R9+Oz4zhe6dLjddodX7FYSI5MeNemwy86byOsrwv7qZ0FqYc0R2+3wGgnQeJ9mId3kiT1CxLvzs5dWpl1LspoRH3elEgkkqdBypGMzDBG6yAcDDLaUUvRY2LEYTky2mHWmaAzGkEqJDCTLfEFaE97D65duonDzWeRs2U74jfV4/3MIkxbHQ/36ByMiyjA2MgyuuitwAgSpJEJm/G1hCp8bc1meG45hml7rsBv9014ceW5PZ3w2tPhHB7nHA5H8D1DCnwPEcPtnk03BGI7kiX3+usaXHXgHC7nEKRHYuTZwEPjLosS2v8OD5aibRcEU7ZdJBm6jilMHb1/Da2ndh8SooAtp/H8VkfFue9UHsN3Sw7hu7m78Mq6eryesgk/i87F70PX4vfBafhDUCL+HBQnSnF/EBSJj4LCSYqCSYqY1SREQcRqzGNZCo/GhxEJRCI+jEzAR5GJgo8jk/AxSw9J0PyIVCyKSMPiUCKYRIlYEJKMuSRf86PXYF78Onwcn4m/xa7Db2My8CNqfy04Ac+viIH3ojBMmheEcfODMWZ+CAlKJEaQCD27NBbPkBTxELmvr0jE13i6nMRoGZfjTqVtUjFq2RqMYZZnYNRK7jlKI9LxXBDPO+41em4VyU9QBkYHkxQFrxeMDc4UjAnOxsjw9RgRmYFJtH7yyrX46uoMfC1zA2aeu4Yfkue8YTThdYsB75AgvaPvwF8625BptuME7aJtRC/tk320wyqPhRWCxD1IajlS7dryjDBwXM+dEolEMlSkHMnIDGO0DsLBIKOdAcWIY6YrSz2JEE0ttI7/n/lukw637t7ByWMtqCUZKinYiKzirYivasAHeRX4XsIa+NOF9ySSgDHh+RgXVQ63pG0Ym1CNr8VswFeSqzC6qAk+jafhT3LkvfMG/Pa0I2CvHr47u+HddJsgKXLitZ0EiOB5350kRztu9bf1r+MeJL6nxxUSIwf8PCGSnAb6eeKeIV6+JNASITWetbQd9xiR/LhVn++He48YTy6sQFLkv7kVM6qO4xuVh/Hdiv14o3gn3szahrfSKvB2fAHeiczGT0Iz8OewNPwjOBHvB8fhXyxFqyLx8aowzFkZShIURjKkEI75Ifwg1mhRXe6jiHh8GEVyRHxMUjQ7MhlzIkh8iPkRJD/hNA1NIpKxgERpEYnSgsg0fBydjn8lrMP7iZn4a8J6/CpqDX4QlIBvLYtCwMJQeMwLISkKw9j5ERi1MBKjSIZGkwSNWk4sJZYl4blliXh2WTJJkpOVfN+Qo+LcSIKLKjBjl6djNMnRSBKiUSxDYroGo1iKeBhd0DqHDIU4GBuSIxgTmo3RUbkYGZ2N8eFZ8IzMwwiSp/9fxFq4V+/E23cf4uckOm+ZDHjLbsGPiJ/p+jC7z4Jyqx03aFftFND+aTOJBxdzT6eNe494l3bpPZL55LieOyUSiWSoSDmSkRnGaB2Eg0FGO1rfkVgmWYLJArvBCqPeiI6ebpy8eAY1OxpQVl6O4txiFK0vQda6cqQXbUPIhu14OzkbbmHxmBCVgfGRufBK3oRxEWUYE1lJcrQZzyZtxIjsWnjXn4Df7vPw2UNyseMGfJseImB7H3wbO0l+7mjKEePDPUncY9R47THE+noNGmgdoZYjFiO1HCny80lwr5EiRVO2nhO4bz0Lb8Jv21lMq27F85uO4uWKffhu0Xa8tm4DfpBWhHdj1+O98FT8JiQBfw6OJSmKxT9Jhv65KsIhRasjMJuYtzocC1aHYVFwFBYIYkiM4kmMkohUzAlLFT1EH5EYzYlKxDySowURiVhEQrSYWEpytDg8CQvDqZ22WxiTggVxKZgdn4q/JmbgF/EZeJsk6pUVkZi+MAg+c1bBbfZqTJ4fhgkLozBuMQnR4gSMXJpCIpTi6A1anELtKRi/lOSH2kfyELqlSXiWH+C6Kk30Bo2g6chVKSRAKRhNjFlJU65CR2I0WtxX5Ly3KGgtxq4mnL1F40KyMJaESIhRGEk0MZqFKIIEKSIHE2IKhCQ9F5yGcSmF+Mbuw/h5Tx9+bDXjB1YTyRHwLu2eP+w1YXVvL47aDLhLYtROFtRuN0JH87TnCuHvlyMpSIOO+pwgkUgkT4OUIxmZYYzWQTgYZAYf/r6sFit6O3tw4+I1HNi7H+UbK5FVlIvsghwU5OahLKcUxTkbkFtYi8SyJvwqMR/+wYkYH0UXx1HrMJkucCdHl2J0aDEmxG3E6PhNeC59K9yqDsJ3x2n47rkAn73XxD1EPg0P4F/fg8DtXfDbeRc+O0mECO8d1/vxaqJtnVOlapyAiyXwfUENLEOPy5G3U448uAeI7wdiaHuPBhIewr3uouj5UWAJEsPnRNEFosZZgEHpNWIx2nIWHptb4belBdM3n8ALm47hG5X78VJhPb5JUvRKcgHeTMjET6PT8BuSlb+FRONDkp+5q8Iwj/iQZOhfIZH4iAsqhEZhLq1fQPMsRVxdbmFILBbS9zg/JIXEaA3mha3D3PC1oodobqSjytyiiASSoUQsZTEScpSKhbR+YRS9Jo5EKj4Ff4uMxa9CIvDqqnDMWBkO/8XB8Ji3EpPmrsTEecGYsCAc4xfHYNySBJKfJIwiARqxLB3PEs8tXYMxC1MxmZiyOB0Tl6RhDInSiCXJGEly5CjNrZAsGEmMWp1MMkQytTqdWIOxQRlCisYR44PWYbxTjMaRFI0LzSFBcojR2PA8jI7IJznKxzPRDK9fj8khazEpch3ccivw6oVL+IXFjLcMBrxtsuId2k+/Y7Xhb70dKOu5i/MkSG1kPl0kRnoyITNjs9DOTFbEkmSjc4CUo0HF9dwpkUgkQ0XKkYzMMEbrIBwMX/aof0eeVw+Vs9JFpJUuDpVrQ75OFMvOqXqdxWLHnTv3cOxYC5pqm7C5uAr5OXnIzF6P3PwslOTnoSIzH6XrSpGbvRXxpTvwz+xtmEYXshND1sAtrhATSYymxBRhYnQJJiZWYXzKFnw1ngQpbwf8m0iKdl6Cz+4r8N5zg0TpNnwb7yKgsQ2BTQ/gK+4vIrlhESI8SYaUYgoCvndICJEDLpbg6BFiQSIZqqfXMXUkU4RXPclR7VWSHKLuKibTdhNp+wk0nVJ3BQGEf/VFeG89L+4bciORmtxwGZOIyY3XMKn+EiZvIzHacgaeW0nqiOc3H8f3ynfirYIafD+zCm+kFZMQ5eCdmLX4WSRJUVgi/shluINiSYaiMWdlJBYsj8K8FVH4MDQW74fH4QOCiyrMDoslCYolQYrBIpouFnIUh/nB8dSWiIXhqY4iCyxDYfEkQ4lYQiK0OCIFCyLTMScqA3Pis/B+XCb+GE0/PzwN3w+Kx8v8kNaFYXAnJi6KIMIxjqbjFkWSELEUxWHs0gSMJjFiWI5GLkslSG6JsUtSMYFZmobxvLyUH9pKcM8QyY8o2c3TEHoNMSokDaND0jE6mMQqeK1gbAgPo1tHMrReMJaEZ2woCRIxNjyLxIgEKSKb5nNJjnJJjvLwXBRBbWNom4lhmZgQnonn4rJInvfg5+09eKdbh3fMVrxF++rLdh5q14U5uvvYZDXhJu3AJvIhq9EGPRcOsRtonzbQjk1YzXxgiH3cyseAc3+XeTLKOVMikUieFilHMjLDGK2DcDD8t8ViscBsNjvKc5P8sBCZLSxJjotCXrZY7QJuv3f/IU62nsXuPQeweUsNCgvLUJBVhOLMYuTl5iG3MAcFBVkoz8nBpswiVGRtQkZeA2YTLyeWY3RoDkZHFcEtthIeMeVwIybHV2BC8kY8k7gRX0ndiolVxxC456bjeUM7b4r7h3ybbsJv+y0ENNC0kdpYjHaSFO0gqWniZxE9/rwhliNx7xBJkQIv968XQ+b4fiESqVpaJjy4YELNFbjVkBxR+4R65jqmkDD5bjkP3008RO68YwgdCxG9z7i6ixhbfQaTamhd7RlMrT6FmSRFz1cewncKm/DTtEL8On4tfh2VKmTo9yQuf6Xpv0he3l8VjQ9XRuOjFTGYtSIOc5bHYe6KBMxalYB/0Tb/DI/HBxEJ+IgEaXYYiVBInOgxWhoah2X0PszSiHgspvULw/hZRdFYEZmEleFJWByaKIbbzQpPwQcxXHEuBz8PW4M3glPx8qoUBC5LgseSRExamEgilIjRS1iAnoTvJxpN2w7I8hSMIRkasyLtEStJflRD5sYE8ZA5LrJAU5JjZnToOowiRoet72cMCQ7jusyMjcgSjCYhGhlJ+1BEDsYQY8Md8PIzUbRNdhW+e+wiftZlwI9MVnzfZsV3SXNetuvxA0sPgvr0OKQnFeIiIuRCBpsJjruP+miHJ2wsSVyqwVGAkVRJytEA0Tp/SiQSyVCQciQjM4zROggHw5c9jz2fiMK/86OeI+4dYiGi74LWGYxW9OlMhAE3bt7BocPHsLW6DvkFJVifmYus7Hzk5RejMLcUJbllyC8uRnZpHnKKslGQl4Pi7GLathqRebX4cWIp3OnCdlRMIcYkVmBi3AZMjiUxii3DuOgSPEfTEWlbMaF4P3zqziFgj0N+vHbQtOkGfLbfgG/jDfiTrPg1XHf0GjnliHuK1FKkfvaQT8MjvGjZbccVTGGaLsNt+yVRoY5hUeKhcjxszkuF9zYSKMKbBYqmYghdzQUSKB4+dwbuG1sQsKVF9BJ9u+oIXivbjdeya/BKajlejc7Ce6Ep+P3qePw5KBF/D0nAP4Nj8S/i46BofLw6GrMEMZi9mgQoKB5zaLvZwUQoSRIJ0RwSoblhsSQ+sVhI80tIkJaFJWApwb1ES0iGFkQmYn5kAuaRSM0OJyJTMTsuAx8Sf4xMw0+CEvDashhMnxsC7zmhmDI3AuPnRWHMwliSIpacVJIg7hVyFldwgSVozPJkTYQcqcRISJGCSowETjFS5EhLjJiBxIgZE0n7UFQuTXMxlhgf4YCXR8Xk4X/icjC+rBbv3O7AuwYzXjea8Cbtza/bzXjHqMNf2tqQ0W3EKdrBe2gf595S2Iw0pyNIjkQPEpuTo+eIkXKkHfV5UyKRSJ4GKUcyMsMYrYNwMHzZwyKkCJLoLVLNsxRxD5FDigy4e+8BTp+5gG01DSgqLhcilJNbKGBBKigsRUFBKYryS1FcQOtLSrC2OBdrCjOxrjgPawvLEF+4CbPWb8A3I7PoIjYbIxNIhBJKMTq6DOMZkqKRUSV4Nobms5rgX30aM3aRBO266RCfJhKg7SRDjUT9NfjVXYUvTfm+Isd6lRyR5DADyREvezRdISliMbqMKSRHU7ZfxJTGi3BrJNmpOw+PurPwrD1LUnQWvtVn6fOco3lqbyChqqPX8DxJkc+WU5ixqQUvVzXjuyV78UZuA36wpgrvJOTjR1Hr8LOINPwmNAl/C0rCv1Yl4APio1Wx+GhlJD5eGUGEYW5QFOYGR2FOCBFKgkQSxD1Ec8LjMJ+WF4VGEzQNicUSpxgtIWlaTO+70Flxbm5ECuZEpWFubAbmJGbibzFr8btoflBsOt4mKXplcQSmzQmCx0cr4E5yNGlBJMYviMLoRTEYsSQBz5HgiGpyy0h0XHuFnLAEjV2RoskYUYWOe4tUPUYE30vUL0XBGRjLQ+gUOSIxGtMvRixAJD1OePic67LCuMgcjI3Kw9iYAhLqAkyIKsAkJzw/Lq4QX4/Nw1fSizF13wn8qNuAn1hseJP27bctFlHJ7r3ebnzQ24Fcqwnn6Hgwc9coCRQLEg+ts7EccW1657lAitHA0Tp/SiQSyVCQciQjM4zROggHw39TlN9ZkSMeNtfR2Y1Tp8+jcfsuVG7YLKQoN6+oX4ZYkHhZkSQmL6cIBXklyCosRFpBNtJKSZA2liOhsgrzMovwVtRaeIesweioHDwTX4yv0oXtiIgiusgtwxiSo+doOjp1CzxLD2EmCcuM3Tfhyz1G2x3PKFLLkW/9FRKdK6LgAqOIUX/vT90l571Fjw+pY/i1vrWXBF51F+FefwGTG85hEjGx4QxxlpZPY0r9aXjUnoZ3zSn41rTCu/YUJtM8i5NfHT+0tRUvVB7BK4W78UZ2Pd5MLMWPYnLxy7A1+ENwEv7O9xAFR2N2SAzmrU7AXBKjuSt4yFw05vN9RasjsTA4QrAgJALzwiIwNzwKsyOiMSsqhoQnhgQoEsto3TISp2U8lC4sHkvCEkTlOX5O0dyodMyLycSsuCz8Ky4Tf4nKwG8j1uDtkFS8TD8zcGEE3D9ehYkfrcSk2cGYTFI0iYSI7yEaszQeI5YlYgRXlCOpYUaS6IwWPUFPMoZFaGXqAKQRLlLkHE7HQqSWorEsRc4eozEsRWEkQGEkQ4QyPE6LcRG5DiIJ2nfGxRRhQjTfq1aEKZEOJkcV0bpCjE4sxleSSJLyNuG1K/fwGyvwrsmOnxiseI94l6ToLXM75hg7UE0qxKW9Yabj3splvc2kRSYSIpYjeiGLE58TpCFpRn3elEgkkqdBypGMzDBG6yAcDF/28K+o/jVNJgs6Orpw48Yt7N17EBs3VQspKi6pECIkhs0VlQkhyszK6+814jaWJSFNJEYFucXIzivAmnwSo8piJG2uxLLCIvwkJhUBK2IxieRoRFQevkYXsF+LKMSoqGKMja3AiNhyjEjcALf8XZhafRrTGi8hgIRHyJGqRLfSC+Sn9AJtd4gRwyKkiJGQI+ezhxgfFf41lzF9E7HxMgI2X4J39UW41ZzDBBKesfVnMH47cxoTtpMMNbTCrb6F3q+F5OgEAmqO4wXi5U1H8K3infj22i14La4Yb0Vk4dcR6/HX0HR8EJSAOatIgFaEYcGy1Zi/dBUWrozGgpVxWEjfwUJat3g1y04UlkdEYXFwKBYRC0LDMD8snKQoEnOIecRSEqZlxNKwaCIOiyPiMZ+fWRSdho9j15IQrcNfYzPxm8gM/Cg4Bd9bFodvLIyC26xQjJsThvHzIx3ltxdGYyxJ0WgeQrc4XgyTG0mwGHGP0YgVaQJ+DpEopKABC9A4Eh8txqwkEXIyZpXjOUVKWe4xwSRDIQ64yIJ6CN3o8CwiW8D3DinwUDnXZYVxtP+Mi8rHWNqHxkcVYgIxmfYlZhIxLqoAY0m+v55YhP8nKR/utfvxw3s9+KUR+IUe+LHOhletZryMPvzM8hDhxm60WGwgdxICZLPbSIv4fiMeVseFGViSeP7Lf154mmidPyUSiWQoSDmSkRnGaB2Eg+GLEq3P+kmfX72Ke4oMBhPa2tpx7twFNDY2IT+/EHl5hUJ61MPneF6RIe5FUqRI6T3KZVnKLUJRbonoQVqbm4/00hKEl5Tg9wmpeH5FBLyDkjCF7xOJKcazkcViGN3Y6FKMITl6Nq4So9K3wXdDM2Y2ksDUX4RXPYkLyZH6GUa+jdcErnLEvUaucqR+9pC3ioCtVzBz41XMqLqGwI1X4E2CxKW3J5IgjasjKWo8g0mNJEaNJ+He0AKv2uPwqTmG6VsO4uXSBryatwWvZpSRFOXhbRKiX0Vm4u9R6/GvoGTMWhmLecsjsHB5GBavDMHyoDCsCInAgtUkS0EkRsTi4BgiGkuCSXpCwx1yFBJCkEyFRmBeeBQRTcRgAcnTfGJBVBzmRSdgVkwSPohLw9/jM/CnpPX4RXQGXl+diOcXRsB3djA8ZgVjCkvRwjiSoCSMJEYsIglamCCmvMyV5hThYRkauZzEaBkJErWPUsmQK9wzNG7VmicYyz1ENHWVIyFGLnKkFqOB5EiRIMeyY+oqRooccS8Ry9GkSEWQijAlpgQT4kswKqkEX0kuwv83vRgvHDqDX/dY8QuDHe+SCL1McvRtEp830Yvfd95Gvk6H63RwkDs57zGyExY6XnioHd9/JEsyDBT1eVMikUieBilHMjLDGK2DcDB8UcLD4PjzcrU5hoVHmXJhBZvNUZqbl3mee4j0eiMePuzAxYuXsWvXHpSVVSAnJ09QUFCEQr6HyAkLEaP0HinL6jYWJKaApIiLLxRlkTBlFyAlpxCLMzLxdkg0/JdFwiNkDSaE52JUaBFGhhRhbHgJxkWW4DkSpOdSt8Cr/BCm15zF1AYSGJIdHyE9XI77ej/KfUN+JEI+vA0/1NU5fI7FiFEPofNhnD1GLEY+NZfgu+0q/LfegH/1LZon8aq5TjJ1GW61F+Bee4ZEqQU+xLRtJ/DC1ma8uOEgXizdg+/k1uCNuPX4cXQqfhGZgt+FpeAvocl4P5gry8Vh7soYzF9JIrMyEvNXR2JuEBEciTkhkZgVGoM54fGiWML88FjMD43CIhKg5VE8dI4EiaRoUWgkFoZFYyFXnaPtFkQl4qOoeJKhBHyYmIp/Jqbhj/Ep+FlkAt4Mi8fMxSEIWBgKL2IKl+BeEIFxC6MwZlGMkKDnlqQ8xggno1SMEQ9tJfHh8tsE3zc0aqU26uFyTyCEiOSHGBNE8sMEEyGZGBuaJaYjaXkUTcUQOhIeFqKRoY8YFZbTz2jaT7gHaDwLEPcERbIQOZYnxhZjHAn2mCjah6KKSY6KMTm6BFNoP3KPLsOU2DJMjC/H+KQKPJdcjv9Jom0La/G9UzfxS7Mdb1iAV+kQ/z7JzuvQ4Ye997Ggpx3lRgOuUTs5FEw2QGenY8Wqg9XcSwcaa5OUI624njslEolkqEg5kpEZxmgdhIPhixKlkILJZBI4JMjWX5abhchs5jLdVvT06HD16g0cPtyMzZuqUVxUhvz8ItFTVECSU0jCU1BQLIorqMVILUKuy4/JUS69RzYJUmYhinJLkZiRh3+ExuGVJaHwWxEP97AsTAorIkEqx6TwCkyMqKCL3lI8G1eO0ZkNJCyteH7HVQRuZ8Hhe4Z4uBxL0Q0nGnJE84oYeSmQ6IihdE458uX5WsYhR1yue0LtVUysv4YpJFdcZMGr7gJ8q08jcHMLXtx4DN+uOIzXuMBCznZ8P70abyRsxLtRufh9WBL+QbL3r+BofBwUhTmrozB/FUnNygjBApqfR+2zaZuPQmPF84mY98Ni8HFkHObEJGAeExVH8hOPxTQ/l6RoXhi9D0nTggiuOpeK+dHpmB2bgX8kZuAPiWvwy7hU/DAiHt9ZHYHpi4PgOX8l3JeEYPKScIxfGokxy6IxalksRiyLw3PLEvDcUhKipWkkQ48YuSRVMJoYw5AUjXPS/3yiFekYzfcOaTBG9BLxg1pd4R6iR1I0NpgEiBjrFKOxJEOjacpiNIpFydkTxNNR4QwJs3h2ET/c1cEYkqGxXFzB2TvEjI8p6mcsydFoFqSYElouwaSYUiFFjHt8BSbFlWFcfBkmrNmIZ1NIkJJLEFjfjLfadHiDDu83SX7etljxfasBb1l78XtLN0INPdhLx/49Oq76aJtOqxkGMbTO6Og9knKkGa3zp0QikQwFKUcyMsMYrYNwMHxRwr1EyuflKUsRt7EYcY+R0WDG/XsP0XryDGprGlFSXIHcnELk5RYhP49EKJ+EiChkIaIpt+V/ggS5Livw0LrsnAJkZ+WjcH0hcjLyERqVit8uDsU3F4XBb3Uq3MLyMDGULmLDq+AeuVnI0eioUoxM24wpZQcxteECZuy8Dj8eIse9QA3XhBB5NNwgSJJo+VFRBZKdBocEKT1GYp4ESCnF3X+fEQmRgve2i3Cru4SxO65gVON5jK49hYlbT8BnyzF8Y/MxvLGRLqALd+PdtbV4N7YcPw7Nxy9XZ+OPwXn4V8h6zOZ7iVaGYeGqcCxeFYYlglCaD8XC1WEkRpEkRlH4KCwW/yKZ+WdkIpGED6IS8FF0PD4mZhOzImMxm2WJBGlOdBJJUwpmxaTi45gMfBizDv+KycRf47Lw0+gMvEZC9vyycHjPW4nJc5Zj4oIgTFwaQZITTjIUiRErYjBiZTyeW5WIZ1YSK5Icw+REae5HjBZwb1GaQ4poPTOBpEiwnIfNZYheIC1YgsaRBGkxNtghRf2wFCmQAHFvEYsR9xYpw+NE71EEiRELEcmQwhiSIjVceGF8bHE/Y2l5TGwRRsWWYExcKcbFlmICSdEkYjKJtltCJSZxzxHJ0aQ1mzA6pQL/N4ZkK7ca049fxBtmK35McvRTnRlvGvV4mwToh3Yd/qxrxzqjEc10ON2l46nNzk89MtNxxXLEZb6lHGlFfd6USCSSp0HKkYzMMEbrIBwMX6SwDBkMhv7hdNyD1NnZhQvnL2HP7gMoK92AzPW5QlyKCstQWlKJ4qJyMc9CxKLEwsTz3MbD6gbqHRpQjIi1OflYn0dilJmPmDCSALqI//XiMLxCF+7eq9dgAonG+JByTA7bRIK0iS6SKzEikS5iC5rgX3cW/o0kMA0X4U3S49t0HV7bb8K93iFHniRHXq5yROLDIqT0FDFCjLZdEAgx4h4jlRj5VF+kbc5hfM0Jeu+TJGQn8Y3qY/hW+R58N6sWbyRX4od0gf7r8Fz8jS7kPwrLxOzgDMxaQfKyNBaLVsWQCEURkVgcRILEhJAshZIYBYeJXqBZYVH4OCIWH0Uk4AOSow8jEjGf5GcuCdLsiDgBS9HsmCTMikvDP6OS8X5CBt5PzcVfU/Lwy+hMvEmCw4UVvGaFwG1eONwWRGLy4iiMXxKN0YujMYLmn1kajWeWx+BZ+n5HrCYhIp5blYznVtL88hSMWqYFV557vAz3uJUkSc6KcyxBSjEFV/j+obHBLEJakByFkPiE5AjGheaSGOWSFNE0PE+gDJdTBMghQyxAJDtOxkaT/DhR2sbxPURxZf3wMkvRKNp3RiWUYwwxIb4CE4nJcRWYEl+JySRIvDwusRLjU6owNrWKJHwDxlY14ZXbD/GeyYpfke+8rTPhLVjxA7sVPzV2Y15PF/Lo+Gml46qN6DKbYDTyQ2H5UbBSjrSidf6USCSSoSDlSEZmGKN1EA6GL1L487IQdXd34+rVq9i3bx82bKgi4SkQ9/6w9LAMsRRxzxH3EuVkk8TQOnXvkWOen1mkLUZaKAUbsog1+QVILyxAYsoaLJi/En/9cAl+sywaL69KxCS+8A4tpAvmSkwK34JxYVUYEUUXtllb4bn1KAJ3kMCQHLnXXhDD5Px23iY5ugW3umsOQaq/Bs/6q/0S5M3V6GppexYhmnKb0mvkUX1eoBRgUMRIkSP/LacxY8sRfGPDPnyreAdeza7Bm6mV+FFsIX4Znok/h63FP4NT8VFQIuYExWFeUDSJTyTmB0VhQXA85gcnOAiNFUUT5kVEYW5kJOaEhWN2eDjmhnNJbnpNWCzmh9P2JIqLSZAWhSdgIS0vjErEgliSpfh0fEhSxMUVfhOdjh/Qe75EwhMwPxwec8PEQ1onLYjDhIUJGLcgEWMWkgQtisOzi+Px9aUJeGZFIolRApGIEcRIYtTKZIxaQQLE0LJjmkRtTnj9KpIkYjSzOlUwJoj+PgKWIB4i9yQsQONCMjXI6hcjliIBSdG4MIcUjYvIx1juHSIxGsND5kiMuJiCo2eoEKNVcjRGkSMSIB46x7AMce8QM56nJEYsRCOTKzAqqUI8THg8MSHBKUgkR1MSN2ASwW2T0jbBbV01xqRV4dnMKgTsO4G3H3TjF2Y73jXa8JbFjrdJjn5kNeA3ug6s1HWh1mbBTTq2+qw2mI16kiNZkGGguJ47JRKJZKhIOZKRGcZoHYSD4YuSrq5uXL9+HYcOHcaWLVtRXExik5cvcNxHVCZg6cnPYwFykJdbLKZFhdyDVN6/3iFHjucYafUQuS4rZOYWYE1BIaIz12Px6hC8/+FC/HXOCvxyVTxeWJ2ECavT8f9n7z3g7Ciu9O3d/e/ut46w6wAoTM5BieSMjcEmgwLZ4Ai2QTmPcprRZGmUpVHOOeecQAiUEYgkkUEk5cnh/d5T3XWn56pHjGT77uA9x36o7uq+d65C9e8+OlWnmmbwC/FwfmHNWoXGGUtxTR6/uC7YhuZbXkHK5teRuuUEkmSfIllHtPV9JG5+/yI5SjFiJGuSKDvr36RYSaZIii3wteuPI4FyFLfmNcStPsa+NyhGb6DZ2tfQkuetVh3D9StfwU8W78ft0zbg7nFLcU/+XLTOnI7HMibj6Yyp6JgxEV3Tx6Dr0Hx0HpyJTkOGoeOwweiUNQRdsrMoPwXokjGWjEEXCk/nrHx0yckjOeicmYmumcMpTJnolZGNtPQc9KVA9ZWNWzNGIS1jNHpljkHPnHFmCt1TmaPxyLARuKN/Jn6aloEW3YcitutQhFOMwnvmIDytAJF9xiIibRya9B6Lxr1HU4xG4dq+bKUE98CxaETBuY7S07gfxaj/SITxOJyEiRBRSpvY1qXxIJ4PpiAJQyhHpDFFsMkwgXJk9iTyTI/zIBIUmT7Nl4j06SZT5JUiESIRo4gsp6CCiJG0psqcrBti25Ry1EQEKWduAKlmKITnUZBcwtxWxChy5EKEU4aajFmCpqOXIHzUEkSQqAKK98gliKUUCZJNihuzArHjVyJi9FKEjVmKJhOWIHrhetzy2jtoW1qBdpXAfWXVuK+CklRVhnvLT+Ppos8wvuwcDlVVmrVHVTJNtayOaXXS5emucnEi6OI/afg9PxVFUS4HlSMNjRCG3yCsD/+IsO8tU9+cNUFOpTkbci4ZIGlt2NdI5TnbXVFegU9OfoZjx17Hxo1bsGTJMiNCM2bMdIormKIKNhvkiJBIj5kyR1GSc7vmyJEl59wKk7w2eM2RV4imTptl9jqSNUZWjuTaxKkzMCgzFx27pOEP7XvhiX4ZuC97NJqlj0RMxnjEDJ+ByOHz0SRzIb6fzy+0Uzai1Yr9uHHTa0jacIxS9BbiSeymE4gh0ZQkQYomJFCIJCuUQtFpTq5f/zpuWvs2blz2Ia5f8RGar/4QSeveQwwFKWL9awhf9zKi1x7k/ftx0+p9+NmyF3DrvB24dep63D12KR7OmY7fZhbiD+kT8fSwCWg/ZCw6UxS6DS5A98Ej0G1ILroNy6YEyRS54WifnY72WcPNWqGumSNIPuExz7sbeP9wKbudQwHKQ5/hslnrCLNpa09KUaf8qfhL/nT8IW8KHsmaiLuHFOAnfbLRvMcwxJOYnsOd/YjSZHPWAoT1obxIRbm00Wgqbb+xCOs/Dk1JE9mTqP9oNBrg0LgfhYc07U8p4rlMlWsqGSIXyRA1GSxQgEhj/jqbiBANobBSiBrz198kXZhICtE0XarMTa7VCuHpUmmOksQ2fPhUSpCsJ2JLZE1RU1lbJGTOoBiR7JmIzBEZqiEiV9YQzUZkHgWJhOdRklwi8ucZIkdQgoIIk3bkAoSTiFELySKESdaIRBCTOSLRIkgUoZgxyxDFNnb8CsSQCP6ZR4xfjvBJy3HtlKX8+7YHD3xahEfoPPeTuzgmf1FVjNuqL6BN2WfocvYjLCg+j/c49ko4REuLKjhAq1HBQVgqU1fNmORglNl2Ao2Il00pcKFcpMhsIEs8Y/yfMewzSlEU5UpROdLQCGH4DcL6EIoQSZJ1QnbNkPfniyCVlpaaAgvVVVKquxoXzpfiww9O4sW9B7B82eqA1DiS42CnyNkCC3VRI0QXYwsyWDHyypEpukCsIElr+tgWjBiLnt36oWP73vhDp354YEAGbskeidj0PERnjEMCv0THZs/FNZmz8d0JK5C0dC9+svYYblz7Kr+svkoxeg2xG98gb1Jy3jLErj+B+A0nHDlaTzla9xp5ldLzClquegs3rziJG5Z/gpQV7yN+FaVq3euI23QMyZsP4/qN+/DDlTtwy7x1+NWkRbh35Cy0y56CJygDf00fjQ7DCtCJktKZQtSNQtR9UD7JQ4/BlJ2heZSjXHRJz0Xn4bkUJLaZsv9QFnpl5aB3Th6RKXJ8TYbcJ3sRUawyR1KSRpgMU7fM0SZL1HUkhYg/987hk/HTgWPQMi0PCb1yEJWWSxHKQ2NyXd8RaETBadSPQiMi1Jci5BZQcMSHkuMSRvkRpL/Oa57y20ITaQdPMDQZ4tB06ERD42EiRZNcCuskeI8iITyTgkTCMqehSdZ0Q1PZyypnpiFcCiG4RORRjFwi8+cYIvIdKRIhskRRgCILKEEjRYjmI5zHFhGj8NGOHEWPWhLACBGJGrMU0WOXOYxbjmgKUeSE5YiauMJg5GjSYjSZtQa3vHQcTxRV4iF6z+0VlCMazi0oxZ3VZ/Gb4pPIuHAKWzhGP+JYLZV0UCnHJe8TWSomZeVywH4pZFfuyFERD89RjErElmTj2EpSXZNL+mcM73NLURTlSlA50tAIYfgNwvrwjwibKQp+f9tnhUiw0lRcXIyTJz/HoYNHsXLFWiMvU6fMNAUUnExQbQmSc4u3P5gvkyM/MRKsDEm/lSNhzNiJGDRgKNo/0xmdO6bh6a4D8UC/DPw4Ix+xw0Ygdngh4jOmIypzHhqNWIqms3egxcZj+AFlqPnao0jY9Arl6BUkUpJS1r2B1NXsp/w0X3WcxyeQvO4Er72N2M3HEb75dTTe9CqabDiG2A1vIp7SlLie0rTmZbRYuQ83LXsBP120HbfOWIs7JyzEA/kz8IjJEk3AsxSAjpnj8Qzl5ZnMEWifMQKd0ikzw/LQlULUfUgeeg7JR8+huehBelKORH5Mme2MPPQdno8+PO4jexHJeiLJIvG9OmYV4NnMArTPG4cOBYV4tmAy/kAxepjveU//XPyoVzZadM9GQpdhiOo8DGEydY5yFD6wANf2zce1/UfiWopRI1M0obYc+cmP4Ncfbgor8HWuFNm9iUSKnPVEjhAFS1HTDJGfGgHyw0+KhIgsqUBXW4q81CVGVo6CxSggRz5SZMRozCJK0OKAEMWOcWQohjIkWCmyWDEyTFqB6MIVaDx+MeLmb0G7d8/j8VLgjpIK3EGpuRUVuJNq83DFabQ/9RFGnv4cOzk2PzV7hFWhWrJHHLMlvLesktJTTihNppOHTjKJ13hSxU7nbpUjRVGUS6FypKERwvAbhPXhHxHyvnYPIhEfK0vSZ6faSesI0UkcOXIEW7ZswaKFS420SLU5ERsrRYL3OBgrQX4EC1Et5LqPGJm1RZ7pdCJF0l84eTqGpWehW/fe6NChG7p26WfkqHX/TPwsaywSMsYhnl+eY4bO5BfxeYicvBUJ615G0pY30GzD60iVKXUbXzFIVqj5mtcoOa+j1Yq30II0W3kcSWtPIH7jCURuOYEm297EddvfRKNtryBy0z4kbHyRgvU8bl66Az+dvR63TVqKewrmom3mFDyZMQl/phR1Sh+PbsPGUnpGo0v6SPw1Kx9/zs6jIMleRHnoRAHqSkGSbFFPtr1d0tJdKEZ90vMxIHMU+maMQq/0AkpTAbpkjUHnvEkUoql4akQhnsyfhHbZ43DXsAL8rH82bug5FM26DkZ8x8GI65KOuB6ZiE3LQ2SfPIqPZIzyHDHqT0kSOTJV5ig4fSk1/WQa3Vg0EQGSwgoiRCJBlB/BOa4hfBBfR8IGjbt4k1YRIwpRuKwpSi801AhRDY78TPUlPJMS5CGCf6YGSpGZPpc7O0AYzy1yLlPohEiRIZeoETZjRBkiUSMX1jBKNnFdZDJEEaNdKESWqDE10+cErxwZQTJiRBGaYMVoJaInrURc4SokTV6NWPZH8vymjYfQ7uMSkz26g2ZzK/XmdpTigeoiPH7+E3T67H0UlpfgMMfveT4WJDtUzjFaRuQxIUmhqjJJG/EGuUiJkjEtWlRqJInnZvT/84Z9ZiqKolwpKkcaGiEMv0FYH/5RYeXIipD8LCtGZ86cwVtvvYVdu3Zh6dKlmDNnDmbNmk3RcTJCVoREkiR7FCxKVogsXypBdeAVIitFFhEimzGy5wWjxqFX737o1Lk7OnXpybYPftehL+7rm4Wf5xRSjiYhbvhsRA+diyaZS5E4fx9Str+N8I3HEE0ZSt34JpqtP4bm646hGcWo2VoK02rJHr2JZCm4sOYtp9DC+jcRs4FsegPRFKuELYf4uu2UqLW4ae4S3FI4D3cVTMfDOVPwJ/7MjsMmoPvgseg1uAC9h+SzzUWPITnonJ6DZ7Jz8ZecXDzLtkOWM22uKwWpe3ouelGERIikkELf9BHolzEC/aWlEPUeNhppw8ejd85kdM+fgg55k/FUbiF+Q+4fPg63Dh6J69OGI77bEER3H4roXpmI65uLmJ5ZiOmVg+i0XERRiGQ6XSNyjcjRgFG4duAoXEcxakwZknVFIkbh/SlIA2R6nEyTc2hK+RHCBsuUuZpjS/iQ8QabJTIyZHGlKFIyPyb7IyIkGaHJaDq8EE1MdkjWEU33JSJzhiEya2aAqOxZiDJriZwiC3549ygSovKlNDcxmSKRoUU1uGuHomQd0eglDmOXBogat8xBps2NJkaMKEJEqtJFu8SMpwxNWIkoEj1xlSGGxE9cjaQJq5Ayaa05Dp+0GrcdeA9P0m/uKQNuo+3cSqW5i2rTtvwsnjj3CXqVnsOCyjKneh0pqag0/7jhWE81ystKXEsiFZI+4jOEV2TGnUyz++fOG6kcKYryt6NypKERwvAbhPXhHxFVVTJ1TmTIef8Kfsk6c+Yc3n//Q+zZsxdr167D3LnzjBBJO2eOU2RhBiXE7lMk5biXLF5hpEjORYC8UlSvzNCXUJcYeTNG9njU6PHo13+wK0bd0b5zN3TolIYnKEd3pWXhFopKbMYURA2bi9jhy5E4YRearXgNsbIJKwUnciNFaN1xXL/aodkaWVsk643eQBSvRVKgomQ90vqjSF37MlqtPISbl+7HDxftxS3zNuP2mQtxZ+EM3DuqEA/lTMDvKSgd0seh55CxSBtYgD4DRqDXQJkil4Ouw3NMZbmu+fnolE1JyuJ5Zg66DZdiCnnoQSmSqXO9KUNCWsZIitAoQ5/M0eidNY6vmYiO/DU9kzMVf8zizxw2Fnf2L8DP+uQipdMQJHTPQGyvXET2yafgyDoikpaPSLaRfdlHOWrSJ8fNGI2gGEkpbo8cDRA5ovBQkGrkyK4fctYQhQ0WJCNUcxw+xCFi6ESDdw+iiGFSTGEyIqSYgmCyPpL9mYowl6aUJUGmx8kmrX7Ixq0WyRRZoiQzJKW5KUje4gp2qpwttOC3tkjkKJJSJATEiIgUyfohrxRFjHeImkAZMhkiSpCFMhSA8iNSZMUoapJDdOFqxFKG4iesRjLlKGHSOoSNW4nk5S/gnnfO4iHK0R10nturK/FrVOCe6lK0qTiPJyhHA0tOYTvK8SG1p1jkp7gSkDVHlKKyyhJQl8w0OlOAQTJI/L/UtxNUjhRFUS6NypGGRgjDbxDWh39EyNsKpaVl+OKL03jttTewZcs2itB8ChBFZ5ZkiuaY4+nTpfKcSJJkh5yskAiRiI/NHNmskZ8YyZqkYOmpL145shIkrRfps9Pp2nfogvYdu6JTtx54plNXdOzWD7/tMgi/pgD8LH8WYmSjz4yFiM/fhJsWvopmlKCwjW8iYucJxG45jiQRo5Xvo+Wq95Gy9h3EbTiOyE1vIGzzK4jYeAhx619CyzV78ZNlz+PX83bg3inr8cCYlWibNwsPp4/G7yguz2SPR7fsSeg1fDzSho5B2mAKzqA8pEnGiKLTLXsEOuTk4C+52WiflUUJykXasBwiLYUoPd+VopHomTkK3YePRo/MMeiWNRbdKF1Cx7xCPF0wE49Rju4dPBo/75WDG7umI7XTUCTIZq09chHdKw9hvUWICnBtHym5PZbSM5bHeWhEgWrSL5+i4+xJJPsTCdcM5H1E5KiRyBGFyBGj8QEx8hZXCEyVcwmXDJFLRCBTVCNGXjmSjJGIkbNOaJoppCA0FUEiflJkqUuMIvP450sxCsutLUaB9UNGkBxqi5FTljtYjgIZI1eObLZIxEiKK5gCCxOcEt1xFCEhVtqJlB8iGaJgORIxEmImr0H81A2IKVzH83WInbEF1xauQYstR/Do+UrcVwzcTb+5g3ZzB2XoHpTh/vIi/PHCpxhffhr7qytwVsbyBd50vhyQLFJ1GYp5bykxgiRV6jjO+V/DP+Zp0nDC7/mpKIpyOagcaWiEMPwGYX34e4Tf+506dQYvvrgPixcvNRIkiADNnj23blz58eNSWSIrS957RJq+FIqPrDcSAbJT6KwoTZ4yw/RLK2LUpWtPdO7SAx0oRX/t0AnPdumOZzr3xW+6DsFPegzHT0bNR+Phs9E0dxWaT34RP1rxNlqufwcRm95E+La3ELPxDcSvfgvJqz5A0poPEL/mbcSufQNx615F/NoDSF21Bzcv3YZb5q7BHYWL0LZgFp7Imoqn+UW/w9AJ6Dl0LHpRhnoNGYPepNfQ0ewbhR7DZE3QSHQdPhKdMylGWfl4NicP7fNGGlEaNDQfQwfnY8gQOS5Af0pWn+Fj0DNrnBGhTrkT0SFvEp7Jn4yncyfhiYyxaDtsFH4km7T2zkZq9+FI6paBhB6ZiOuZjeieORSjEQjvPQpN08agcZ+xaNx3PBr3m0TGO6W3+4+k/MiGraPM/kSNBo/BdaTRoHGGxiJBrvyED3KQY1tlLhi512L7nOl0kyhEFKF0yo6HMNJUjmWanEd4bNEEUzghe3adRObMCRBFERKiZZocEfEJz19giBixMIAVn7pwhEhkiCJkqs1RhCxjKUEkYhyFaPwKQ0B6KEMx4yk7QURNcIieuIZStIYCtLaGyesQMWUdmk5ei6YUo4ipG9GYx9dIRoni/ZPD7+Phomo8VAU8wCF7d2UV7qbo3FNVjnalp9Gl+GPMLT+Ht6k7lVKu7hzVp7yK/y/FeUrUOVJiVhuxX9JFYkb/7Gkjhvc5pyiKciWoHGlohDD8BmF9uNL4svfZv+8Q5syZj+kUDbsn0YwZsykwIkFSitsPfzES/hFyJGW5RYaknLcIkZ1GJ0Jkz/NHUCb6DkTHTt3QoWNXdJTpdF26UYy646kOvfF4jwz8pE8ebhqzCN/Pnofw8Vtw08LX8KM176MF5Sh6w+uI2fw6ktYeRdzKVxCz5gRiZUrd6tfQbMUR3Lj0Jfx04U78ctY63DFxAVqPno5HcyfgD5lj8Gz6KHTNKKAIjULfwaMNvYdQioaNRjdKTmde65Q1Cp1zeEy68riryQaNRM/ho9Bv2EgMG1yAjCGjkD5sDAZnjEe/4RPQI5NSlDMRz+ZPwVP5U/Fk3mQ8yL5fD8zHzZS9xPZ9Ed87ExG9shDWU9psM30uul8BGU0xKkAYxSgsbSzC+lByDJPQ1EiSTJmjFA1gO5DiNKgGs5mr9FGOrCAFskSUnaZfgmzcagkfVkgkSzTNIPsPeWlKrBSFixR5xMhA8akLmTpn1hBZXDEya4k8UnSx/NRN9KiliB69HNFjVjiMo/i4RJFIYbwLhShyokM0BSh2wtoA0ZaJLpPWOUxeX8OUDYictgmNp2/CNTyXtumMTbiWwtRoxkYkrz+A1h8W4dGSKjxMsWldQThm76fu3Ft1AY+VfoKhF77A9soKnOXQri6l/5TKdLpKI0dnyHnKUYWVo3KXf3JBCn7mKYqiXC4qRxoaIQy/QVgfrjSkuIIttBAcsl5744atRkDmz1tsWhEcOQ4upuDFKznBeGUoGL/7vBJUF9OmOaW6Z89ZEMgeWSkSaRo3vhD9BwwxWSMRo2fbd0b7jl3QmefPdumJP3RIw6O9s3BznxFIGb0Q35Nyy3Nfws0r38ZNq99Dyqo3EEcpSll/FNevPIAUilDcikNotvpl/HDVQfxi8R7cMW097uVrH86dgafypuKZ7AnoQOnpnJ6HrunZlKBs9JSpcEMLyGj0oBR1HT4GHSlBHbJHoX1OATrmjEIXHvfMokANH4sBvGfw0LEYMmQMhg4bh4E87jN0DLqnT+B9k9FpxAw8M3o2Hs0pxB2UrZspQSldhiCBJHYfjhj+mqTC3LVpubimdw6uo/w16VuAppSjJn1Gm41bHTkag4i0cWQ85WkCwvtOMEUWZD2RIFPkRIJEfkSEZCqdFSMrR0JjWU9E2akLmSpnseuJIodPdZlu8BZUCMt0sNPjamWMbKltSk99qFVgQabKeabHBUuRdz+iYKKMGFGGLOMoPi5R4ylCLpINipzoYDJCkyhFE9cjziVmUhCFGyhEDjFTNrpsQuT0rZSiLbhm6kY0mbkNkfN2Imz2NjSZvgERC7bixy++iQc/LcYTZcCDpHVVNe6jHN0p648oSM9cOI1xF4pwlIP5DIf42ZIyI0MlFKMigytHMvwpVwaVI0VRlEuicqShEcLwG4T14UrDW4VOwr6f9H304adYtHCZEZDFi5ZjOiVEjmXtkJ8UWbySE4xXhoLxu88rQXUhQmRLeYsQiRzZTJJkjzKzKCjdepmskUypEzl65tlOpihDB8rRU5374eFe2UghcWMW4tqZW5C85nVcv+pttFx5HKnLjyF19RHctPYQbl3+In65dA9+sWw3bpmzAb+YuAR3jpyNh3Km4ensKeiaXYjemePQN2M0+mSMNJXkumVko9PwLLM5a7fhsulqAbpmFqALxahT1kiXfF7PR/fhI5DGawOGU4wyRmFI+hj0Tx+LLsPGUIgmocvI6Xhm5Aw8zuN7Bkv57Vy06JGBxB6Uoe6ZiOyVY7JDEX1HoillT6bHXdNvJL7fdwSuoRhd13cUrpP1Rb1HGkFqSsL7jkF4n7F8zThEEmmdstxkwHiHgZSmgU52KLCuyJUiu0mr4CdFlkCBhSAxipJS20aIKD8ewjJdsmcbbEaoViGF3PlfSmTeggBR+QspR44YRVB2LHaa3JcyahkFaQUixzhEjV1piDAZI1eOXCmyYmTl6CIhItEusZOtEG1E7NRNhuhpmxA1dSsip1CKpm5D1KydiJ69AxGz2Dd7CyLmbEL88l246/WTeLKoEg+XV+Oe8jLcVV2Bu2g4D1RX4smyMnQ8cxozKspNee+TpNTYD02KAlXN1kyrk5Bu4cofJ1+JsM84RVGUK0XlSEMjhOE3COvDlUZw1kiORZjKyirw4t79FBUKRuEMzJu7yC2o4BRZ8JMii1d4LocrlaOZFKHgNUZWlOx0OpEikSGz3sjNHoksderSG3/uOghte2YiiVKRPH0NwpbtRdLmE6YSXYuVb5BXKUkH8KNle3DH/B1ozXvaTpiHR8ZQUkbI5qnj8Wwm5cXsJzTS7DfUZ2gu+rCVanLdKT1dMyk/pGv2CHSjDHXPHIGeFCHZmLW3IJXnhuWYtg+v9ckSSZKNW/PQJasAT+VPxOO5E9Ga0nXboFzc3DcDyT2HIbpHOiJ6Z6Fx7xw0SpNy206hhGv6jsU1fcbgOimyYIotjDJT5aSqXFOZMidixHsN/Uazf5QhnDIV0X+sW2BhAo/HI0JaypFhkIMpriBT5EiTYc7GrIKTGZL1QxdTI0ZTDVaMoiQ7lDmrNlmzEG5xpSiAt8JcPqWnLjxSJOdGjIwcOZmiYCmqtX6oDiLHLOe9F8tRXRkjixRUiC3ccBGSMYqZzGORoimOFMVSimKnbUbs9M2IpxQlFu5C0tTnED9tl5GliGkbETlrIyVpPSLnbcAPnjuCNp+exSMV1bivshx3oAL3ckjfQ1lqV1mFh4vPoXvpaSyiBB3nGJcNYVFeLpVWgAqRpEqjRzKjTtp/cjeq9dxUFEW5ElSONDRCGH6DsD78vUJkSfY1Kikpw8oVa7Fg/lIKzwKKigiRVKFbSElaZFo590Pu9UpPfbliOXLvm+oWY7DFGUaPm4gBg4ahS7deBrveqFNHSpEck2e79MLvuw7EPT2zkDpkHG5a9hxi1uxH4obX0HzlKzw/gh8u2YcfzN+OH09bgzvGLcFjI2bi2dwJ6Jw9hrIzGt0oM90pMd2HZ1OGiLTDc0k+epprBW7GSCrL5VOGKECUINmXqP8wh3487sP7e1OKeuQUoHPuCPw1Nxd/zM7CY1m5uJ2y9cMB2WjWayhiuw9CZI/BCE8bTqHJReP+I5zsUL8CXDNgHBnP4wmUo/Fo0nccmqSNQVOKkmSDRHaa9nXkqEk/ChOFqIkwoABNBo5CUwPv5XuE958YkKPIgTwe5CIFFIZKEQU3K5Th7DvUdDjFSMprZzjrh6SthVtkwRRc4LlZZzScYkQis2YH8BZVCPdkjILFyKkyR/GRTJAPERQii+0L7E/kipFXfOz+Q4IUVrCtF2dtEUXInUYXNX61WU9kCioEZYwiRYwK1xqiC53skB82WxRHIRJiKEVSlS6OJE7ZjpRJu5BSuBuJk3cgYdoOxM/ajtg5WxAzd5ORo+hlW3HLKyfwYEkF7q+qxJ1V5XiAY/kBytG9FKYHKD8Pl5/C4MqzeI79p2Sgl1GDiilGZRSkKplYV01p0lLeiqIo9UHlSEMjhOE3COvD3xKyQaS8h22FDz74kGIka4scCXJkxREXJ0MkInRx1kiwYuOHV4CCkQyQRTJBBr5GENmpk6mzMUuEbPpck+WazveaMm02BqVnoWO3nujQtSc6diGduqMjxahzh+4UpO74S5eueLJHT7ROG4Qf981BsxFz8MPlL+DGNfuMJP18wUbcOWMZ7i+chzbjpuOR0TPx+5Gz0D5vGrpnjaP8jEaPjJEmM9RDyMxDz+wR6J1HIcrMQeeMLHTNzEX3HN5D4UmjKA3OyMWQ9Fy2eRiYPgJ9M0agV7rI02h0yZ2I9iOm4KmCKXgkbwLuGpqPH/UehpTugxHXKwORvTIRTsJI095ZaNInD4375uO6PiNwXd+RuI6y08gtxd2431g0ogQ16TuWUI76jkYYj810OV5rbDZwlVLcUnhBii6MRqNBFKZBfM2gcQgfTPmxiAyRcAuFyJBOIRIxMnLk7DvUJIO4VeaaZjgyZAorDHcEKcxtwyVbJGIkG7WaggseIXJFSAoqhMsUulwKkYVCJERIuW2ftUO18IiSlaJoWVMka4uMGDlEywatJGacyI9I0DJEyH5FvBYhJbldIgW30EKEKbZQO0Nk+yOk3xUjqTgXM8UpsBBVuMEQXUghmrzJrCmKnUIZmroFsdO2Inb6xcRP246EqbuQOI1MJzN2IWk22zk7ET9vG6Lnb0XjuRsQs/453PHBKTxcVYX7KUTtKoBHyqpwD8f0r6g+v6q6gN+UncLEylK8zDFfLBnjsiKg/AKqK0tQTkEq5WNElhxp5khRFOXSqBxpaIQw/AZhffhbIliOSkpKcODAgcA+RX74SZHFT4osfu9lqSVFQfhKkcvMaXzfqXMwQ6AgTZk6C7kjx6Bnv4F4VuSIiBx16tzDSFEXylHXTj3wTNdueLJnD9zbdzBuGToGt0xchdsXv4BfLtyB22esQLvJs/HbcePwzIgR6JwzAl2zZR+hSeiRNZEyNIZQjgwFDiZLlE/RyUUPSlKv3JHoncv+3BE8z0OfrFwM5fUh6XnoNyzPbNraM3ssuo0oRIdR0/Hb3Mm4L2M8RS0fqd0zEd89C/E98xDdZyQa96IE9c5HozTZk2gEGktfEFJswSm4MCpAk36UHWI2ah0wrtYmrVJYwRZXMKW5BztFFQTvpqwiQt61Q00oRUKwGDlyNDWACJFgCytYbFluW4XOobYYebNEAUZQjFwiRlKOyKXkKLjAQgyFyBIdJEYBORovpbiXImzsEoSzNYxfFiBiwsqA/HgzQ4L0h7ty5BWj2KkbEU0RiqAUCZEUoyhKkRBNMYoxYrTNl+gZ2xE1YyeiZ+5C7MzdSJi1G0lsEylI8RSkuPk7ETGPgrRwC27cfxwPnq/EI+VA26IKylE57q0soxxV4XYK0v1lF5BWXoQl1RWmvLeU8i6vOo/KiiJUVlY4+8GKHf2Th/e5qSiKciWoHGlohDD8BmF9uNKwrxUxkil1wqeffoo1a9b4CozFT4osflJk8Xsvy5XKkWSNpk+ehelTZvPnL8DoMRPRs88AdOreG1169kFHmVLnylFn0oVi1I10F1nq0gO/7zEYT/BL/5OT1uPxGTvQeuJatBs9D38smIyO+QXolZ3rrAOSctzp49AzfQx6yfoiClFPIq3DCPTMyEeP9Hz0zR6N/jmj+Trew7604SORllWA7pkUoryx6FkwEV1GTsJT2ePw8NCRuHNALn7YMx2teg5HUvfhiCZhFKQmPbLQqGcOGvtIkZUhL1aKwvrLOiLiCpHQ1C2oYDdj9Vacs1JkCyv4yVGwFDXxiFFY5lSXiyXICpCfFNnNWb1SFKgyl+dMnTN4pCiMhBcsMEQW1EhQMMFCFDtmmSFOpseZaXQeKEUWyRCJFMkmroYJFCaXyEkiPuuIZIIkI1RTYU7OIyfVvmanzMVIgQWKkGDFqL5yFDmTcjSrRo4SZz/nyhH75u1E1IIdaLRgC8JXPYdbj3+OR0uBNsVVeKCiDPdUleFeitD9HONtSkvw1PkzGF50GjsoTB+wv7i6FFXlxfIAMAuOKsr+2SfVqRwpivK3o3KkoRHC8BuE9eFKQ4ovyOvLyspMK3J04sQJzJ375TJTF8FCVF/8pKg+yHS6GdPmsJ2HyVNmYmhGDjpK2W4iciSS1KmrI0idSZfOPSlHPZFGQerDtluPoeiaThEqWI4/FazEb/MW46ncWWZjVVkj1Dc9E32HZZN8ytEY9M4gw0dReArQm/IjraVP5ij0yx6LvpljkEaBSpPNWnl/36zx6JlfiGcoXL/Pn4hHMkfjnkG5+HlaBm7uPhTNuwxCbKeBiO42FFFp2Yjsm4emffJwbe9cfL9Xbp1S5M0S1ZIiEj7AyRg1FTHyyJFUmKu1KatHipoMFSYiQvYeGjbFwS2o0DTDIWw4JYg0FUSIsqa5iBCJBDlEZM8yRObIhqySGXLOg/ujckWIKD4Wsw/RfErRfDhrihZQimoIL1hoiBjlrB26FNGSJXKJoRAJsZSjmIAY8djNGEWPX4HoCSsQZTZwpQjx2DBxJaXH4i9Hfngrz8VO3WwkyIuVJTmOowT5ETNzByIpRlGzdyOGxBORo6Q5zyFh7m5Ez9mBqPm8Z8luXDN/MxK3HcYDn5Xhwcpq3EUxuru6DG04rh/iI+LBsko8WnwBzxZ9jrGV57CXgvQFqZCiDKWkgs+CchrS35aIbvDhfW4qiqJcCSpHGhohDL9BWB+uNOxUOpEjieLiYjOlbsaMGUZY/ORHCBab+hJcTKEWct1HfgRbqtuP6fJafqap02YjJ5fC0ncQunRPQ+ceHrr1NnShJHXp0gvdu/RGWuceGMC+Af0y0Sd9AjoPn4W/Dp+DZzJnoXP2NPTKGkexkapzw5E2dDh6DstFN8pPL4qNZIT6Zo5kKzhS1Jv9vTPH8rqsR2JLIeqTOxl98qage+Yk/Incy75bhoxEq97pSOo6CPGUovge6YjrnYXIXllo2isT1/H4mrQcXCN7FPUfietkM1aKUGMRIgqQ0JTyE0wYZUgIHzg2gJlWJ+uLBjj7FQk2WySC1JRC1JQyJIR5qs45FeXcogmyRkjWC1k8maEwIcfZg0jwrh0SInPmUH7mGuTYey5Ey75DZv8hSpAttU2864TsNLmIAqkw5xA5WgoqUIAoO3UhBRe8Fem81xwpkk1cHWLGr6QcrUTUBLayaSuJmuQQXbiaskOmOFPpIiauNRkib5ZIqC1DNUjWKGbaFpMJ8oqPzQ7JcTwlKJg4Ej1rJyLm7CIiQs8hdu5ziJ/7PBJJ/LznKE0Uo7k7kLBiLxrP34ZrF27DT498iNYlVfgVyilIFWhbUY1HOLwfIm0rq/BYxTl0Kv4E86pL8BrH/IXqKlSXlLjV6yrkIWSeBf+sEfzsVBRFuVxUjjQ0Qhh+g7A+XGnYzJEgxx999BHWrVtH4Zhuprn5iZHgJz71wVeKLHI9SIosflJkETGSdUYjRo5Fn/5DjBh169kXXXv1NZkjg8iSK0hCV9K9R0/e3xf9MnLQY/godBg+EZ1zZqBTzjR0yRyP3lmjKD05SMvKQo/MbHTJzkcHylfXbJGhAvQzUkQZyxpNERqNnhSfLlkT0JGvbZ89Ec9mF+Lp4ZPw5JAxaNsnD7dQfuK7DUMU5Sc6LRvRfXIRQcKkDDevXSsbtfbNR6MBI9Fo4GhcO6AA36MQfb8PxYiCY9cOWbxT5iyyF5FgS243GTC+hoGSLaIMDaYMCUMn1RA0Za4uMTKFFdypcU2za8TIbs7aNMvB7k3k3Z/Ib1PWqPz5LhcXTwieJmelKGIMhUcKJhBbXc4PrwxZIRK8UmTFSKQoIEaTKEIiRBZKkRAzlTI0eT0iCjfUWj9k1xBJBsgKjzcz5LAVMTN2IHbmTkPcrF0mC2SRcz+iZ1OM5pJ5lKO5u40cxc17Hgnz9lCOnucxzxdQlBa/gKhFz6HR3G1IWHcAPzn+CW6vLMc9FJ925UA7uk9rcg8fFfdVl1GWvsDA8tNYU12O9/gcKJPsUVERD3hz1T/31Drvc1NRFOVKUDnS0Ahh+A3C+nClYdcZyXtICe/XX38dCxcuNJmjWZQSPzES/MSnPvhKkUWuB0mRpUaEao4ts+YswNgJUzBgcAa69ugToBvlqFuvfujqlaPuDl0km9QnDd0zBqFHXjY65uRRisaiR8FUdMuZiC7pzv5DfbLy0ScnFz3zRqJz/kg8I2W2swooTKOQljkKPTNHo0f2WHTNnYBOeZPwTP5k/DF/Ch7PnYx7h43GT3oPR6tOg9Cs4wDEdR2Kpr1zcV3vPMO1aSNwXRpFSLJC/Uah8YDRaMT22r4jcY1Un+svfWPN1LdgOfIKkZ02F0YpEsIpQIKsK5LNW5sOoggJgychbEghwoY6NLUMm0wxEimqmToXkTHdEE7ChOHetUTOtDlHjBwpCs+lBJGmlCFLGIVICM+Za7DT5hwxks1ZRYokW+RTajtIjrzZovrKUQ0UoHErjQTFjl9FKEEBOXL6oyZItogiJGI0iTJUSBmaLFK01iBiZORoygbK0MVFFQSvGFn85Eikx0jRnOcCBEtRHK/HkijJGrlyFDX/OcSIDFk5mst2wV4kLnoRUZSm2EV7EbFgN5rO34WEnS/jtnPFuJfjum0l0Ibucy+5owK4q7oSrSuL8YfiLzCi4gL2oAqfkeqSYmd6nfs8CH62/C3PmYYU3l+boijKlaBypKERwvAbhPXhSkOm1UnIe8iUur1792LevHmYPXu2rwxZkfEKz9+LGUGFFrxYSfIeCyJHU6bPRmZeAbr17meyRD169zeZI2mF7hQkk0miMNlMUtc0StPQweial4FO+ZnonJeHLrl8j2wKjxGfAvQbPpKMQN/MEehFIZJrnSlQ3XLGoVf2OPTIGsfjCZSmQvw1rxBPZI/HA+mj8PP+ObixTyYSew5DVPchCOsxDGGUpCZ9KEZ9KD99xjj0FRFyuI54K8sZASLhrgCJJHmnxgmyfkiw17zXnWuUpMEUoSGTDeFDpzjYvYakzLaU3PaU2w4I0HAKkItsyiqbsdqpcsFZoTAptx2oKje/Ti6579AISpBL9MglFCKpMLfUlNy20+IMY2Qj1mWevYcoNnVgN2mNGb8asRPWIG7iWtPKeRSlyG7aKsg+RTGFlCCpMOcSKMMtTNvgIoUVaoSoLi4qtjBjO6IpRjEUH5EeL96+OBElESaZNkdEhiIpRoKVIytI8fNfQNKilxBPQYqlLMUseMEIUvTCFxCxYi+uP/oO7imuwANVMAUZ7iN3VVabAg13V5bhwfJz6FRxFtOrS3GU18olY2QyR04WWZ4N0krIP6DYZ8VXPYKfnYqiKJeLypGGRgjDbxDWhysN75efzz//HBs3bsScOXMwa9YsSlFN5iggMP+LcjRr9nzDNMqQ9IkYTWObP2Y8+gwehs69+qB7Wn/06jPQyFB3lx7EypGpYNebff0HoWd6BrrnZBt6ZuciTbJEw/PRL2MEBqSPxKCMkRiYXoD+FJ6+w8ei93AKUeZEClEhuuRNQfvcQvw5ZxKeYP89A/Px457paCbriLoNRlRPyRKlU3yy8L3+2fhO/1x8d8AIXNtvLPvGuYwxexEJjSlLTftRhMxGrTVEmU1YKToUpCaSIZKiCoYJCJPsEGkS6Bsf6AsbPNHsVRQQImGYI0R2ulxgDZFXitwpcyJEwVJkp8dZjBTlulJk9x/yCFAwVoi8UhTYd0iEaCRlqGApz5dRjChAoyk/JGK0CNHyABFjVyBynINsyBo9jnJTBzHj11CI1lKM1gWQ82hKUhSJpjAZJlGEZN2QMFnWD0lBBcrQVBGijS4Uo2mUH8kITdt2ETHTt3twzmNnyNohShGxJbljZokQ1caRoucNjhhJZmiPkaAYkaIFzyN2Ac/ns59tAkUoceGLSF6yH4lGkF5EPNuERftMG7VkLxI2H8FtH53HvfSdX1VU4W4+JtpwrN/D4/v4zGhTXYZHS0+hX8kprKuuwkleK62sgkyq82aUbcj5P0MEPzsVRVEuF5UjDY0Qht8grA9/a8iUuuPHj2PBggVO1sjIUYgzR56MUDAiQnPmLgzIkbRyPnZCIUUmE53S+qKTyFG/gaaMt5lW1z0N3dkKIkeSMerYMw1d+vZH2pB09JX1RJShvhl5Zt3RwHSHQcPy0X9IHvoO5rVhYyhGE9Eneyp6Z01Bj6ypaJ8zDU9IcYWBI/Cz7um4oeNApJKkbkMR2yMdYT0y0CQtG9f1z8P3eM93BhfgqkEF+J/+o8wGrY1kg1bSxEApks1ZSUS/8YikEAlRFCIhmnIUJSIk0+NcwgZNDCAC5D02m7cOKTRIGe4IClGA9Jp1RJHDJTvk4JUiI0ZSYjtrtsEWVRBEiLzrhmy2SEpt2zLbXgEKJpAlChKjGJMlWl6b0RQfEj3GyQBZJBMU4WZ9hGjKT8z4tXUSO0FkSKRofYDYSespROsMMTw2FFKGSOzkjaawginNLfsTGSFyiJm+GTEzKD0UHj/seiLvuZ1CF8u2LjmKne0VI0eKhIR5LyCeMpRgZGgPZWhvAMkYJS/e58rRPiQs3IekxQd4fpDtIcQt2o+4pQfwg4Mf4c5zFbijrNKsN2pH7iwpxQNsW6MarUvP409nP8Wo8mI8z+fAR6SMBIuRxN/jOdMQwvvcVBRFuRJUjjQ0Qhh+g7A+/K1RVFRkptRJIQbJHJnsUQOSI5s1slmkefMXm+Ph2Xno0X8gOlN4Ovfph259B5jskciRZIyC5aizZI0GDqYMZWFA5giTFRo4bCSFKA+DKEb9SV8KU2/Zkyh3PLrkT0GH/Gn4c84UPDlsAh4eOAq/6pOLVt2GoRlFKJkiJNXmoilJEd0zEN4zGxF9RlB4nHVE1/Qbje/3JwPG4poBYwJrhxwpkmzRKLeV0tvjEDGQkkQiB1GSSPRA6ZN1Q8QtpBA2RNYO1eDdk8gpwT0ZkelTDBHDKEPpFB4SmUHpIX5T5rxT5YSIrLmIzJ7nkDOfMlRD8BS5CIpPDYvqJHKkrB9ypszZaXM1LEcMZcgiUiTY6XGCSJHFypFkf6ImrPWllvy4xFKA4ihA0lohslLkFSPBSlGUtBQj4VJy5IcVJCNHFKNomUY357mLiJ0rxRUkU+QgU+aEBJk6t8CyF8mSLSJGjihGIkMJiw4gfjHbJYeQtOwIEpe8bIgX1hzFrce/QOuSSrRBlckcyZQ6mWLXmo+NR6qq8buiYnQ6fQrjqirwEvtP83nyz5Il8gu/56eiKMrloHKkoRHC8BuE9eFvCZla99lnn2H16tVGjmTNkexzFGo5mik/xy2yEMzsOQtMK0IkGSM5HlkwFn0HDEZ3ClG3AYPQtd8AkxWStUfdiciRmVJHOTIFGdzpdH2GZaDf8GxSgH7p4yhEY8xUOqlM1yM7G51z8/HXkaPxhzET8XDBJNydMw4/HzoSN/XJRPNugxHbdSglaDjC++QYwtJy0bQ3j9PyKUYFPC/gOek12hCWNp79E8w0ubD+lKEBDmEDpPx2DRGDxiKcRAymEBnGI3KIQCEaPKmmoILJCskaIgfZiygyfaohKmNagOjhjhQFxIgyFDncmS5nkClz7rS5cMHNDglWjKIoRpEUIltqW7homtzImnLbIkB14SdFMaOXubhiRCESjByZKXMUIHcN0cVitNqdFudkgYKxMhQsR/FTNjmC5IUyJIgU2fLbgayRK0bR07dQdkR4ZENWf2T6nBeRIimuEDObEjT7ecTOofzMfYEC5MLjWDN9rqYvfv7eAEkkhYKUQjkSrByZrNHi/UhcfABxlCNB5CjRytHSVxC/6FVEL9iHG3cew30nT+GhqjK0RjnuQYXJIj1QXo0nKoA/Flfgd1+cRqfyC5hTXYGP+DyRZ4KEPFv8pth9lcP73FQURbkSVI40NEIYfoOwPlxpyGtLS0vx3nvvYc4cEZRZlKP5mD079JkjkaMZs0WG5gekyCJZIynZbabTzV+McROnYMCgYeiZ1t8IT1fSuQ/lKI1SxFbWHfXo2Qc9XUEyexzxWu/BMp0uG2nDpXx3AXpkTkDPzPFOsYXcEZSiPPxhdAHajhyJn2floFV6NmL7Z1B2hqJJz6EUnWFo3DcL1/bPw7UDR7Idge+n5eH7vWWj1gKE96XgpI1BZNpYRPceR8Yjptd4RPccjyj2R4gIDaQcEds2HTgaTUjY4LEUHzKUEjV0PMVnAplIpNy2VJabjDCKkGDXDwmRGdPNNLkoylBU5gxEZ850kI1YJTtksDLkTJULrCOS1mfKnBEigytFnv2HgqXIW1XOmxkK5mIhWobYMbIh6/JAlihmrCNEMcJ4WTO0upYcWTGKnLjaIGuFoik9fgSyQRQiOZc2jmKUMG0L4qduvng/IopQLSmS80DGaAvZSuHZcdG0OItMjwvGTpWLM1B45r2IhPkv1UL65Jq97r0nUbJF8/dQkPYg2c0eJS1yMkcynS6eghS7cB/Zj7jFh5Cw9IghbvHLSFh0jAL1MpKWvoBfHH4TDxZfwL3VRfh1dSkFqRqty4FHz1OQzlbgiQsleLyyCANLzuAYnwsXKEOVfKyIFEkhhvKqcp5X8YEhDw0PgYOvTqYp+NmpKIpyuagcaWiEMPwGYX240pDZM7IB7JYt2zB9+izMnbPQyNAcSkiwoBhElAS/ay5eqQpmNsXHj1nC7AWYMXcBps9aiOm8V5jBvplz2M921pzFmDNvKQqnzcGwzJHo1msQevVNR/eBw9G5fzoFaSi6UYqkOp1IUe+eaejTqy96UZIke9Sj3xCKUR765o9Gz5xR6Jg9Du2lsELBdPx51BQ8MWI87h6ejx8NSkdKn8GI6j2YUjQMjXoNx3U9s0g2mvTKowTl47r+BbiOonNd/zGEbT8pwz0aTftJlTmnmEJkf1lDNAFR/SeaNmKArBeSSnJk8HjK0Hi3lQIKsgeRnPN4iAjRREQMm4TI9MmUH8qQrA/KqCmiIBXmDCJLIknsEyJ4XyQFyZA9E2GUIQMlyI+mOWyF3NpV52QdkSVyxHyznihqJCWpYAFFh6IkjLoYu0mrH4GNW4UxsikrZWms7D/kVJ+LHO+W155ASXL3HIoRAZIy2yRQbpvEFDrltqMmycassinrWkQV1iCV5qILyWSKkqk+RzmaQmGaSkGi9MSK8FCSvEhmyBxTgmJnSIW5bYibuR2xJG7WDkPsLGfdUPDaIStCwWuHZN2QWTtEpKJcrJsdqpUpMuW4KUMLKEkynU7OF76EJIqPWVO08EUHI0QOCTyPX8x2iQjSPrYHKEUHkUiSlh1C8rIjSF36Ku89iIRl+9Bs80Hc/vYneJAD/n5KjllzVAmzB9KDZVVoW16OB6pK8efic5hVWuwIEu8ppxhVUYxKUYFitpCEkixKEnhczf9U86QaJfI0IQ0//J6fiqIol4PKkYZGCMNvENaHvyW++OIMli5ZiWlTZxlRmTlDRKYOOaoHflJkCZYii2SERIKmz1nkyJFhviNFc6VP2iWYNnMRsvMnoM+ATPTom4HufYejCwWpfdoQdOjZH13TBpqNYPv3pTj16E3S0CttgOnvMpAiRanqnjcBnfIn4S8jp+L3FKO22RNx2+B83JCWgaQeQxDRfZDJEjXunYlGadkkD01kmlzaKIT1pgCljUbjfmPQiGIUzMXltB3MnkNGgGrWDvmtH7JriLxrhyJcOZLCCVJuOxhbac5iCyuYTVpdAboUwWJkGFFTZMEUWqAUWfykyOInRZaAHLliZOUoahxxN2H1YjZk9RAziVLkEuvuQyQiFDllXYCoqesNUnbbHntxynFvNCIUPX2rL7KuyCtEQvzsnQaZJucVIm+GKFiMaskRpceRo4sRGTKyw9YiApRE6Uky8vPSRYgUeUlcup9SdMCQvPwgUpYfQopkkShNccv2I3r1AbR64S3c/UkJHqHDtK6AKfH9ALXmAUrNfdUVuJfy80hpEXqcO43lVZV4m8+GInm+UIwqUI4y3mPkiI5k5IinjhwVkQvscKbiNfTwe34qiqJcDipHGhohDL9BWB/+ljh69FXMkaxNYMrcPLZzfcWnPvhJkcVPjCySPZpBnGl1DrPnLMQcytHMmRQnMnrcFPQVyek9mII0HN3ThqJb32HoPmAYOvceiI49pGx3P/Ts7ZT0lvNnKU3dhuWi58iJ6Dp6Kp7KnYCHh43CXQNH4Ja+ObihxzAkdh6EyM4DEN59CML7ZKJp/1xcNyAP1/UfgUYDCpxCCmb/IYoPEQlqdAkaU44EyQZ5aTpkIpqQpmaqnEPYsEJDePpkX8IEyRZ5RCi4upxFzu09TbJ4nys+X0atjJFHirxiZAXIK0peIqR1BciPYCkSYsYtR/T45UZ4oiXjI5mfSW5GyJ06J8f2muDdi0jKbUdNrV1ZzlSVC8JeC9wrWSJTXOFi6hIjIW6OlN32lyDvue3zypFkherCSpFIkkUEScpyxy16EXFL2JL4pZQhyk7i8gOmDe5LWnEQySspRisOI2XZEaSsfBkJ7ItedQCR6w7gxsPvo11JNdpRbNrwsfEAnx0iR1aQ2pRcwO9Of46ckiJs4bWP+XwQ/UF5KarLSkxuSLxI/MjJE4kQSdZIUDlSFOX/BipHGhohDL9BWB+uNMrLK5wpddOcTV9FjmbPElH6X5Aje4+00kdhE2kTQZo1exEmTJiOoRl5lJ7BZAh69R2KnjzuljaQgjQQ3fsNQrc+g9C5V3906D0AHXmtQ/8MtB+Wj2eyxuL3WePQdkgBbk3Lwg+6p6NZ56GI7zQYcd2GIabncESlZSOsXw4akWspRt8fNALXDCrANYNH49qBlJ5BjvDUh1pC5GaNDENFhGTtkIjPlFpEUn4sERmyH5FDGAkfLtIjMiQSNMsQmSNltmcjinIjyLH0yz1CU2nz5iHsEoTnzzdEjJCqczVEjpQs0CJD5GjJ+jhEEdvvR5S7SasfMnUuWmTIJWb8CpeViCtch9gp6wPSIxJkJclPisy9Bkd2vHJkBSl2xhbEzZQpclsMXkkyU+fcKXPB+ElRwpxdDrIHkciOKzwJ8yk0gsiNiI5kgtxrgesiPTJljsJTF7HmusgQRUemyRE5jlssUsTjpfspQAcoQAcpQIcoQIdNG9yXsopCRFJXvYyU5S+zfQWJPE9cfxRhq15C7LYj+NXJIjxMOXqY479NVTXur6ykJDmCdD8l6OGyYjxbchZjKotxgH3FvK+6lEpUVAwqEk4bwGN5XsncOjvPTqfVKYryfwOVIw2NEIbfIKwPVxqffPIZFi1aYuRIRMQRFBGV0E6rM8ycy3Yu5vBYPosRIx7LWqRp0+YiO3cMevcdgj79h6HvgHT06D2QkjQI/Qalo3f/QejUMw0devVFl/5D0WlwFv7cfzie6JuJhwbk4J5+ufhpj0w07zQUcR2HILZLBqK7ZyGSRPTOQUTfPIT1H4nrBozA9/qPwHcHjsR3BxeQUfg+5eiaQWNx3eBxjiARr/z44RUiWUNkMFkikaKaYgp23yG795AfMqVOiil4N2S1ew8JUblzA8i5vUem1ElVufAvwZbh9ladiyioeyqcNxsUjAhQXZj1RERkyBI7YRViSKwrPMGCFCxFgr1P1g9Fu2LklSObLbJyFCxI5trMbbWyQ168UlRLjObspvhQflzxMfJjxEfWCL0YEKTgawZXfOK+BCmwIJg1RCR+Cc+XSpboICXoECVIpOgwReiIwfbZ8xSRImHly2bdUeKyw0gQkVr/CsJX7UfY2v1oeeAdPHCuEg/TZR4k95dX4v4qKfVNUaLsCK1Lz6F96SksqCzBB+yvKuMzprSCQlSJzylBn7JPJtNVS5GGKplfR1SOFEX5P4LKkYZGCMNvENaHK42DBw9hxoxZplqciIgIibP2iKLEcz/5+TL8pMhSS4Y8iBDN42vnz56DeXN4LNPpjKzx88yYjxGjCjFgSA569xuKPgPTkTZgGHqkiRwNRLfefdC1d2/0HjwEvTKy8FfK0T1/7oKUB55A4kNPo9UzfdGs0zAk98hBXO98RKQVIKyPrB0aZdYSNSaN+oxyiipQfK4bOgHXDh1PMRqL75FrhozDtRSjxoMpPjxvIu2QCWZ6nB/eqXLB0+WkeIIUUrCFFYTAZqye8wgpqJAlm7E62IpyFm9RBW+/t+KcqTrnis+XEVx5rpbwBE2FuySuAPkRLEVC3MTViJV1RCJDkyk7xLvXkGD7vddshbnoqbXXDnmnxgVPlaudHdqFWNmc9UuImyPriRziPXsR+UmQX59gxIlylOCKTzABEQrqk8IKScspNxSgBApQMIkiRKuPIokyZJE+0y9ytPxlJCyV+15GHAUpevVBRG84gqhNh/HTNz9H6/OOILUpr0Lryiq0FTkiv+Zz4U7KzoOlpzHk/BfYXlFmskfOGqMKXEA5Tpm2kjrEN+BrDVf+GApp+D0/FUVRLgeVIw2NEIbfIKwPlwp7PXhjR5lSt2HDJkyfNjMgLyIkU6fMpLD84+XImx2SrNG8WXONHC2Yu8BUzZsxc75ZZzRhyhwMzixAr4HD0XNABrr1HYzu/ShC/YVB6NmvP8/74o+duuAX7R5B0x/cgq8n3YRv/OhOxPy2K5pRimJ65KJpj3xcRxH6ft8xuGbABDQeQJHpPxFhpMmA8ea80cDxuHYgZWiQCNF4XCeZIMkAsZWiCuGmupxTSMG7bshSI0M10+Wc6XE8Jk3TrRSJDDlSJFPmzLQ59zwiU4RoFqKyHcx0OYpOuJDjtGEiSKSpyJERoXkOefMQmTffEGGmyy1ChGSCLkGkyJBI0SiKEPGKUaTNGNUSIM/UuAAUIHeKXDSJGiesMMi5IBkikyUSIQqwhnK0xim/7ZEgQeQnbppTctsrS4LplywQxSfaFSDbxs6i/MzegRgRJJfYWVJpbofpj5u9k+LjkaM5ludcavri5lKMiIhR/LwaOaolSCJGdciRrTKXYNYOSbltkR/JCDlClLBEKswdMsixkSP2y7mIUZJZM3TEFSJpaxDpSV79iitIDtIncpS08ihSV72KZGHta4jle8Wt4bXNryN87UGk7HkLd358AY9WAg+WU5AqK/Egnwn38Bnxaz4m7ubxAxWlePr8ZxhXfBYvV1c6gsTrUr2upKoUxdXl1CTeLI8VSRypHCmK8n8ElSMNjRCG3yCsD5eK8vJyc4+U7Pa+5sMPP8L8+Qsxe7aTNapBhMXZdLUupLpcXdR+r9pYSRIpEgESTP+MuZjL9503aw7myM/g9ZnzlmDy7EUYkjcO3QZloatLz6FZ6D5oODr06offt++I1o//Bj+9805EtrwRX4tKwL82icW/xV6Pa9s8hZTuWYjpNQJN+4zGtf3G4fv9x+M7lKD/IdcMmIQm/QrRtB9bClLj/pPQSARJRImS1HTQBIQNpBANmogIHkeSaDk2FeVq9hzyEjxVzouU2m6aLlIkIiRCNDOAbMoamTXbF2eK3Fw0FTGi9AQTLWJDyRFMpkimyrlT5mTz1XBe9yNy9FJEUIYsci5rhqLHLneuuXjXDAUTnBUS2YkmsheR3bTV2ax1DWImra0bV4iiCtcbvHJkBclL/PQtiHPXDUXN3IYInlvkPHYOBehSUI5iKD9CLOVHiDPy83zg3NsnxM93hMivoIIXb3EFW3UuYdE+xFKOYmXD1sUHnYzOMkrMcgoL2/glhwzSb68JCXJtuUPCChElkR+RIIekVa/4kkxEjlJWH0PS6teQuOY1JKw9hrh1xxCz7igi1h/GTUc+QhuZXldejbZllKOqatxbXkFBohyRNtVVeKz8AjpQkGaVl5jqdVXlVai+UIrKkgsoqSyFlGioquDzR6bdqRwpivJ/BJUjDY0Qht8grA+Xikp3t3tpZUNHZ2PHSrz00n7MnUtpCbEc2WNv5kj6Z86cYz5L4ZQZmCzni1Yhe8IMdBs2Al3SC9A1YxQ6DsnDn/sOxSPPdsYv2jyEpB/9FGGpzXBVWAT+KywS/xoRTzlKxDd/2Q7xHYciLq2AYjQW1/afgO9RfL4zkGJEwRGuGTgJTfsXIsxFskiWMN4bwXsjSTTvi3bb2EGTEDWk0GzCGthryINMm/PuO2QyQe40OcHIEEXIbsgaSfFxmFM3ZrqcI0K1NmH1wUqSESVpCyg+BZQcH6JGU4JGUXxc5Dx6DEVn7ErKEK+5RI1dYYim6AQTQwkSYilAQsykdYiauBaREyhILnIum7XGUHrqQgQoRqbITdnsIJu0Tt9KAaLoTNtiiGGfIMfSL8TM2IGoGRQky8wdiCYxJjNUNzVSJDJkBchmhWrOHSFypChhAVnoSI8fXikSaspxO9Pk4ig/sSRuqUP8ssMB4ihENecUIZEhV4riV5CVLxsSKEQJq2pIrAPJIqWsfhXJlKPkVa9TkF6nIL2OBBK35hgi11DAdr6OX5w4hUfKqkyBhtal5aZIg1Sya03Zacv2gcpyPFR6Fv3KLmBNeTmKJEt0ns+T4jJUVkk2qQJlfF11iRRmMI+ZBh9+z09FUZTLQeVIQyOE4TcI68Olwk6nk/skeySCdPbseaxcudoRozrkyE986kPt96of5nVzKGSUtWlzF2PKvKXILZyN7sNHoXPmGDybMQaP9R6KX/z2GSTf8QCa3PQTfCelBb4VE4+r4+LxzehY/GdUPP4lJgX/fsOtaPLbrojvlY9wWVNE2blm0CR81zJ4Ar4/aJwzZY4SZAkfMClABEUoivdaogcXGmIH81wyRBQfu0YoGCNJbL1rh8z0OFNJjlJEGbLUVVjBi5lSRzGSbJBXfgIS5BEjySLFjFpiiB61lNIjAuRP1GhKj4foMZSdsasoPasoQysDyLklZjwFKIhYCpAgGSAzPY5ETRRJcrB9sZM3+uJMk9uKmCBip4sAbTdt8DXpjxMRMnIkQrQTMZ51RPbYu2YogEeKHDHymSrnwbt+yCtDl8KKkWzimrxU1g8dDshOnMgQiaUgWWyfzRJ5M0UBMaLwBKRo9SsGb5+XxFWvIIUSlEIpSln9BpLXvBUgac2biF9/DHGbXkGLF0/g/lOleFREqKgEj/AZ8Uh5JdqVlFOQqnAXHy13VpXhieILGH72HI7yUXJBptBVyHOnCmXV5eZ5Ul4qnV+NCH52KoqiXC4qRxoaIQy/QVgfLhVeOZIpdvJl5r333q/JGjUUOVqwGBNmzsbkhcswYeEK9B4xAX8amIPWnQfi+of+hIjb2+J7P/oVrmr5Y3yr2Y34VkpLfDMpBV+LTcDX45Pxb01j8S/RzXBdu6eQ1D0LUb1Hokm/cbiWsvN9Co4ga4kaDRyDxgNHEWkpSIOczVnNWiISTgGKEIYUOgwtROTQyYiUTVlJBOUn3KwZcqbH+eGdKheVPQfRORSdbEpO5hxDRBalxyUye54hKme+LyZrlLsAYXlSWU4yQosNZj2R51wQIRJiRi8ziARFjPbHyk/kGMkMORJkhcf0j19lkGlxwcg0OYt3epwVoZjCDQHqI0cxJlu0xRAsQiJHXkGy0hSQo1k7Ee3JBgVPl/PnecSIHFGILH5T47yZIEu87DtUB95NWms2Zj1o5ChxxVFKj0PcspcpRUcCyLm9JiSsoPi4xEu78tUAiauOBfD2e0k0a40oR2scOUpZfZycMCRRkBLXvYGkLW8gbuvL+NkbJ/FQaSUepBQ9VFGGR8uL8WBpCdpUVOFuPlru4LPjfj4z/nLuAgovFOMVnl9gf2lZGSorZccjoLxS5UhRlP87qBxpaIQw/AZhfbhUeO+TqXXFxcV44YW9NWJUhxxJJqcugoXIS+33qk2gAAOx64/MOfsnTpuJaUuWY+KiFeg8PB93PdUJN7T7PSJvfxDX3HIfrv7RXfjmjbfi661+hm+2+iG+2eIGfC2lGf4jNhH/HpOMf41Kxjd++GsktR+A1L4FiOgzBk0GTsJ1gybj2sGFbCeaMtxhA3lt4Ag0Zdto8FgyDo2HUJKGTkDTYbUrzTkbsE5G04wpCBs+1WU6BadmvVAw3vVDIka15CiLciRSxOMIkaIcy3xEU378iCQReQsRnr/QCJBMlfMTomAxkvVDkhES+fHDZoO82SGbCQoWI68MBUtRrOxR5GLFqJb8uIIUN2WTL7KGKErkSKbOTZey29sNMSJE5tyRIy/xFCMpuy1T5KIlU+QKkZWimqlx/jhC9EKAuPl7A8QvkClyIkKUHJfERZQdKbVtCitcjhgdQLIpt33kIjmygnQpMUq8SHpqxMisJfKce0laTTFa9xpS176BVMpQszVvk3d4/A6SKUiJa95E4sY3ELPxCFL3voY7PjmLR6uq8UhVKR6pOIt2lcW4v6oK9/D5IcUZ7uEj5uGyCnQ8+wUWVpfhOKpxgcJUTUGqqq5AeXXVV2VWXa3noaIoypWgcqShEcLwG4T1oT7hrDWqwKlTp7By5apLyJGLjxRZ/KTI4n0P2aOoBsrRHAepTjdrxhxTQtxUxZu7CKu27sKhDz5CwcKVuKHNb5D6wOMI+1UbfI9i9P1ftsFVP70bX7vpl/ivFj/G15rfjK+lXo//TGqO/0hsjn8NT8S/Nv8xon7TAandM5HYpwCR/aWwwkTKD8WINDZV58YiklIURTkKGzwS1w0dQ8ah0bAJaJJOecqYRBGiDA2fjCamnWJonDkNTbKmozFpmiWbsc4yEhSMV4iCiaQgRVCEJBMUIeuHRHykaIJpFyJK5MdOkXOPa/pqREjEx4pQpJxLYYQxFhEiWU+01BRZMBmgcf5Ei/hIlkgkiMh5DKUnlsIjQhQ5kdd4bjZilayQu+9QYP8hypDZd2iyu++Q7FEkIiTFFER8pm42xFCQotlviytczBaK0Va35LbsLbTLEDdrJ88pQLKGyKwvsuW5pRT3TsTJfe7UOBGkqFmSPRIx2mOmwMmUOO+UOS+OFO01xM2n3JD4BZQbkrBwnyFx0f4ASYsPIJEkmPVDvH4JrBglLz9oSJGy2zI9ziNAdeGVorrESKTIkrzm9TpJWSu8Qd6kGJ0wcpQigrSWbHgb8Wv5fpuPIW7bYdz08ttoc74cj1ZWUpDOox1KcD+fK/dWgpIE3MfnxwM8f7jkDAaWnsL2qnKc4mOnorQMJaVFqIDIUc1zSI5qPZVsh+eC5zCk4ff8VBRFuRxUjjQ0Qhh+g7A+XCrkakVlFcopRlW8940338KixUsxfcYsCgvlxBenjLcVm9lSVY7I8cwg6bHXBFNkga+bO3ueOZ8xZzGmz12MmfMWY+7CpZg3n/fPnoWZ0yZj5tSpWLliDfYfPIpXTnyI94pKsfqV93FP7+H43m1tENHud7ju/sfw37ffj2//7C5c9eNf4eqbb8U3Um/G1xOvxzeTbsB/xDXDv8a1xL8k/gj/c+9vcVNaPpr1G4mo3nkUoDEUoPGwexKZUttsI3geTVGK4HFjHjceNoli5GSKRIxMCW5ZM+SuIZK1QyZbZDJGUlhhppEjv/VD5piCZAouBF8jYblzEJ5PQRoxH1EjFyBipKwlmm/65DyywMEem1bWFRXUVJQzVeUEt4pcLcYtRwSJHLfCHEdOoAhN9CdqEqXIh8hCQiGyRFGEhGizF1FtYkSI7Ias0zYghrITI7JjiyuwdQorOGuHLLagQrzsOUTizfqg3Yif87xTNnsuBcfwvFkn5BRSkPVEtpW+mulxZoqcYMSHAuSZIuc3TU4kKI4CJBuzyv5DDs5eQ36bsSYulZLbDrIpqx/ORq0HkbTCZ7NWylHc8ld8iV8h8iNT5ER+JBsk4uMUUbBIMYUkio6QvO7NACnr3zKtvSb3ObzGa3L9TYrQW0hdfxzNNlCQhI0nkLzhOBLX8zUb30D8BsrY1mO47Y2zeKwEaFtRSTmqQtuqarQpB9pRjlrzIXKv7IdUXoa/lBRhZFEx9lZVUZCqUVTMF5XLtDqZvis7H1WZHZAE82SS/whyWWrDSMtze2ruCWH4PT8VRVEuB5UjDY0Qht8grA+XCrlaXiFyVGm+yOx9cR8lZeGXyNHcS8rRnLmLDLbP3mNKdFOMZCNXuT5tziJMmrUQE2fOR+GMOZg2YzoWLZyHl17YhfffOY4vTp9GCb+EneM3pZfPleGxzMlodN8fEf+7Lrj6PorR/Y/gqjta42s/vg3//aPb8J0bbsG3km/ENxOux7coR/8Z3wr/kvAD/MfPH0L0M4PQasBoJPYrQOyAkYgeQjkaMhZNho6jGFk5moyIoVMQOXiKaaX0tlBXSe5ICpElimIkWDkKlh+L97xWYYW8eQjLoxyNoBxRikR+jBwR6bNidBGUI2+5bVty2wpRhIjQeBcjQ5QbEhCdKyBi8lqXdYicIqxH1FQH53xd4FykyGGTKa1t9hyiEFmkL372TjfrI9khZyNWQabGCTGzPMJD4ihJgkiSPQ7GyJAVI1eK6iNGQtxCmR7nSJAVIItfnyBiJAJUF4nLD9XCCpJMqUtYcdRXjAQrR1aMguXIK0Z+cmQFKZikDWw38ppLyqbjAUSMBDmW++T4hy98ins+qMRDHIutK6rRrrwSD/O58RDHZ2v2PSCw//GScvQsKsO8yioc5bPlnJT3loIM1aI7dciRXBITsrDPdl366fX3D7/np6IoyuWgcqShEcLwG4T14VIhVysqq03W6OOTJ7Fq9VrKjMjPHNPWhbdkt3c6nbdfju25XJ8jgsTz2TMpQtNnYzKlaNq8ZVi0agPWb9mB1994Ax9/9B7KSs7xc1eC36twgV+4PjhfhrzlOxD/aCdcfcdvEPfHrvj2vY/iW3e1xX/f2Qbf/NmvcfUPf4mrW/0E306RzNEN+K/46/H/4m/Av7X6JRo92Q3XDxyD5H4jEdd/JGIpRpFDx1J0xqPJMCc71FQ2aKUQiRRFDZmKyPRppsy2t8qc0IRyJK3JFBFbhttWnjNV5yhAYSScAmSRqnJeIs2GrPMQlT/fEGkyRLzmipHFClLUqIX+mD2JKEJuhTm7ZkimzBncdUEGmQLnmfrml+2x2IyQL1M3BhDpEWJk01VyqWte8bGIGCXM2VWrz0qRXDPiNHMXoolIksWKkskizXvhIuy0OT8p8gqRV4oEqSQXv3gf4pbsr5X1EbzH3r7AfZQeZ0PWi4nntTjeL8ix4Fxz5EgkqC7qEqNgOQoWICtHQuqG4wFSiFeOvGIkSJ9cT918wiByJO1NBz5C66IqtCmrxkPl1abEdzuOTxGj+/kcac1nyIPFpWh/vgh5Z85ic1kZTrK/pJI3GAkS5RE94vOGR4Enk7nmgefSFbgewvB7fiqKolwOKkcaGiEMv0FYHy4VVbwsVPI/MqXOZo3+Fjmy58H9s2bxtTNmU5Dm8ucsxrLVG7Fz7yEcf/9jnL1QjLLyMlRVlKC6qgzlFWUo5Relz0sqsX7/Mdz2bD/EP9kFTR95Blff/yS+0/ZJfP2O1vj2r+7D1T+/A9++8ee4quVPcHXzH+O/km4yG73+a/IP8K07HkVC90w0HzoO0X3zETN4NCIpR01FjjImoYldR0REiISoYdPZzkC4qSx3MZIdisySNUQOURQhi0yPC6f8hOfOM8j6oQAiQBQieyyYdUUjHCJGLkB4wUJEWEZJVmgRxWcRxWdxHSxBlFlPRBEi0W657UgppuCtJidrhGQanGcqnEx3qws/YbJY2THCM2NLgLiZW2vJUPB1mx2qK0NkZcgKkyVOREimz5lS288b4ik8QvB6oVpQhGIpP5Y4kxV60VSUc6AIuSTIZqzCkn0UHUeMRH7qyvjY81qCtEykR0ToYuJ4zWL7HDGSktxHA1Pn/AiWouQ1Un7b4VLZIu+1YEmSqXMpG4UThtRNwtsOm9/mdZEmp0+Ok9bzfXa8hZ+9fQYPllbjsUqgbWkl2lVWoy2fI3fz+SHrjtqUleOpoiKkffIJZpw5jVerq/A5r5vHEEXKPGzk3MVKktPLqPNCaMLv+akoinI5qBxpaIQw/AZhfbhUOGIEFJeUmil1Ij4zZs7+u8iRHE+fMSeAvOeyJcuwe+cuHD/xHs5cKMIFfpkq44coLa9AZUU5P5CU/61AKeWomJ/tlY+/QLf8QiQ8+GeEP9oe32/3FL5NObq6zRP4hkypoxh988e/xDeu/ym+3eInFKRb8B+JP8S/Jt6M//rRnYj4U3ckDRyF6AEFCO9fgEjJFlGOGlGWmgwvNEhRhTAiU+WiMqYjOp3ykzETYZQgKaQg0+RMhblst7KcZIIoQnYTVlNUgUIk1yJFioz8UHZcbCEFOZZr3uuBayNFhhZTjhYFkPNIIz8yVa4ulhkxig6qKlcrY0RMAQU3c1QfObLrhYKRqXJ+8iNiJNTVH0uiZL3RdFtcoUaOBD8pSpy7Gwlzn6MEOZkg775CiZLlEdmhBNkpdF5kOp2Ro4WUIp+qcd7qcd5iCUKCR4xqpr/VliKvHBlBIo78iAhdTPD+RELiyqOGhFW1s0PB1CVGVnyCBchS17VkaV0pcsTIlSLSbPM7Bul3BMq5Lm3CljeQsvc47j9ThscqgDbFlWhL4RE5+jUfIlKYQarYPVlaig5ffIasU59iXVUF3mY/HUqGda25ctLYmXS1ptCJGF3UGZrwe34qiqJcDipHGhohDL9BWB8uFXJVptV98unngSl19ZOjmuuz54gQiSw5/dOmz8TUaTNMO3feAvO+u5/bg8OHX8a5s+dQQSGSn1nGLz8lRKbPyccUOSorLUJJCaWpogJn+dm2HzuBh3pnIvHxjriGgnRV699TjH6Hr9/zoJGjr//s1/jGj26jHN2CbzT/Kb7e4uf4l6Qf4T9a3YomD/8FKWm5iB48BhFDxlJ4JiEsfQKaZkzEdekTca1UoMuUinNOYQVn/dAMRGdQhkSKJBNEZFqcSJCZHhcMpchuxhptpso54hMu8iPS42LWBrH19ptiCi7O9DhZO+QIkleMosdSgOpkOYVoNVlDKVqL6AkUHxItG6wGbbQqVeGkWpwg+wdFeabABWOnxPkydUtAdKzs+GHFx2aGoqdvN5uyBm/IKpu0ejdidYouPI8Eio/glSKvGCVJxofnVpy8iBiZ9UM+UuQVIq8U2UpyiSI7FB879S1RiiYQ7/Q4e92LZILspqx1EdiI1d2o1eGYp1hC3djpc96MUBJJlJbCYxGp8cN7j5GfTZSjzW8HSN3yjsGey3V7j7Txm95E/PbX8NM3Pkeb0xV4sEzWGQH3cpxKWe87yb0cyI9UVuAvJefR/dRHKCg9jQPsl3/oMHIkuFkh28W3MVTwgvzPrE+qIJVyzAshDL/np6IoyuWgcqShEcLwG4T14VIhmaOy8kq88eZxzJGNX13REeTcK0L2upzbqXf2PttvxWrhoiXYsHEzXtq3HyfefgfnzheZqXuVUhXPrD1wvvfIkXyGauc/lKMSs2lkET/3SQrU7B0H8NOneiKMYtTkiU743iN/wTfvexzfvPtBfFMq1f3ibvz3T++gHP0cX2t+C/5fs5/hX5N+gm/f9hCSOg1B6tDxiCCRlKDInKloJNPocqah0fDJuCZ9EhpnT0PT7OkIz3Kmy0XJNLnM2YiSLJCIDoXHmSY3F2GUIYucR5hpcw5yr6wbcsSIEiQCJELkEiny4xIlxRPcNno05ccUUXCIMIIkxRWIEaPliBlHAXJFSI4t0YYViB5POaIYxUxYhxjKUIyIkCtHVoqkZLYIUSzlxmJFyIsVIG92KBgRo6jpDtEiQhQgIXaW09pjhx2GmNmUI0qQyFCMiJGZIidT5eTY4orRPO+0OR67smPER2RIJIni82WICMWJEC2poZYYLaUYyX5Dyy0HTStZIEd2aq8bEmrLkNMXkKdVIj+vGBItq191CD4nSWuOOax+DQkuXyZFtXClKFGER6a+EStCIj+SAbJZHyND7rVEuY/9Bt4jpIgUuSSJFIkQkSTeI+dJfH38Rv6srW+hxQvv4tfvn8fDZdWmOMNdHKeSNfo1h/DdHLdtqyvx+6oy/OnsJ+hd/CnWc5SflgEvg91mj3gszwE5FDEqNa2VI/ZWCHLMCyEMv+enoijK5aBypKERwvAbhPXhUiFOUlpWjj0vvBgQHsn2iOxYIZJzryjZe6RPZEgyRFaIVq5ag+eef8HI1pmz5/n+UuxBvutU87uOUSHnBzPkk5lPZw74H8pRSfEF84XpNO9/t7QS2cu3IPU3HREmU+oeeQb/3e5P+PYDv8G373kI3/7V/bj6ljtx9Y9+ha+1uAX/KVmj1Fvw7zfegYg/9UaLQaMRN3QiImQ/oixKUNZUNGbrMB1NsmdQlGZSdmZSdGaZTJBMmZNMkBRLsFPf7FQ4IYxCJPhNjTPT40gYZSic8iPYSnK2mpwIjq0qZyvLxVBwBKkuF8XrFiM+LvY8dsKqWsSYPYicTFEsJchiN1c1mSM5pxjFuNJTKwvkYsXHToe7FFEztiJq5jaDSI8QO2enwZ77ET1bNmWV/YZqb8oq2OP4+bIP0QtIXCgZIUeOLlVUQQoo+JEgUkT5qYuEZfuRKEK04iCSVx4KkETiV9QIUDDBQiQkUYoER4D89xry9gUjpbWtHHkFSQTIOyUukC1y5chkjDYe98Wb8QlGRCdp87t1krjpHSRsfDuAnEt/8haylTK14wR+dPRT3Hu6HO04WEWM7uLwlQ1h72Qrpb0fqSzH40Wn8WzlGUyi9nzAa7LkqJJyVO1mkCpKJVfkyFEJHwIlHPkVckFukBtFkL7k+fX3Dr/np6IoyuWgcqShEcLwG4T14VIhV8+cPYc1a9cHREckSETJCpH0TZk63UyVE2mav2ARZsyaiekzZ/D6bCxeugRbtm3D0VdfxclPPzHrl6Q0uEiRyFFFVaXJGjlaVCNHJuzHMzdXoLysBLLq6DRPj546h7+OmY2Yxzqg8aMd8L2H/4r/bvtHXHX/47jqrgfx7dvvxVU//TW+ddOt+K+WP8e/NbsF/9rydsrTU0juMwIpwwsRmVGIMCNGM02GqAlbQ7ZlFgVpFgVpttlnKDBdTuSIoiPT4CxhIkcuftPmzNQ5K0ajlgaIGL3MEDlGpEckiILkIufR41YayZFje26RfiNA7nHshNWIm7jGIMexE9YYMYqZSCmatJFitAmxkyk7hZQhQY6nsE82XDUbqhIeR8m5mRLnEEvRkT2FDJIBkms+mKl0MyULRGZJJshFpMfsM1Q3NVLkCJEg8uMg0+dqxChpkUydc6bR+UmRzQ75iZFg5ShumT/xFKOEFTUkrjxoSFpF+Vl5mIJUB7yWYLJEDokiRatdTGbIkR0hyQiOg+2riwTeG0+kTaD4CHa6nM34eKfFmel00vqIkcUrRHaqnCNMb1N23rskiZsEESU5f1vPj8IAAP/0SURBVJ9i9AFStn6AZls/QuKWE2i25x3c8u4ZtCmvRhuOV8keyfS6uzm8pXrdg9VVeKi8GE9WXUB6dTFe5bXzpITX+DgwclQtc2o5znmIUj4XRI7KeVYtTwBZe1ghNwU9L/7B4ff8VBRFuRxUjjQ0Qhh+g7A+XCpEXt46/rYRI8kGSStSZLNCNpskQiSZIZGliZMmY9ac2Vi9dg0OHDqIjz85iZLSUgpQlSNDlfySU0nRISJGdn9855PIlx3PFx57QeSoUv4NuRJF/FJ0hkdb3/4At/XIQNNHOuK6Rzview/9BVe3+QOuuvcxXHVHO1x16z246ieUoZtvw9da3Yp/Tb0F/9/tjyCmSwaSRYwyp5jpcnbtkJTX9uKI0ewAIkcWU1XOIz+CV5S8QiTrhSwRRohEhpYbbGnti0psu9gCCoItqODtE0SA7HHcxLWIn7TOIMcxbGMmUoJIXOFmxE3egrgpWyhImx1ko9VpFBsPZs3QFMpRHWuDBO/aoWDseiHvuiGLd+2QF0eGahdNsFXlzHQ5F++aIsFMj3OFyE+Mkhbv8yVRps0t24+45f4kUISEeIqR7UtcdQjJayg8q2vk51IEpIgkraEYrZG1Q47sWCkSktdJpqfmPJhE4hWi4DVEfgTEySNAwXgFSaTIrilK3ioZovfrRETIS8rWD5G67SM02/4Jmm/7lK9/H/Hb30SLQ+/ijtMlaMuhez895wG299Jp5Lgdj9tVVqFdVQm6lJ7Bbg7yjzmmz7K/XORIhnoRD+SYUW7kqILdHjkyaSaVI0VRvlqoHGlohDD8BmF9uFSUlJabYgmFk6eaMt4iP4KIkiBSJK2VJCmu8MLel/DRyY9x+swZlJaXOW7D/4ociRBV8guNSJJp2S/X5bisgl+BZD2B/UYkIRedG4AKR47OV1ThM36xmvrcIaT8vhsaPdYF1zzaCd998M+4+r7f4eq7H8FVv2qNq265C9/+0W24inL0781/hv938x0I/313tMwoRHT2ZDTOmY6wvLmIyJqHyKy5ASJcwrPnITynZppcWP5chxHsG8Fzio8XO1XOO10ueIqclNWOGLsC4SRi3MoAkeNXGexxcDU5U1HO0x89UTJCFxNbKNPnvKxH7CTJFG0yUmQxUkTiKENx0yk0xMqNXyEFP0HyZTYJyI6Dd3rcpamZIhc8Tc4PK0Hxl6g4V2sNkRd36pxXiLwEy5G0lyNHtcXoqEeORHhq1gUlU2IEb18wiaQuMZJzK05ezH2yzkj2IfoSkra87UyHIynb3qXsOHKUuMWf5G0f1iJl+0dI3fGxI0dbPkPLnZ8icefbiN/zOm5+62PcU1SBhzhy23JYt+EQbkOvaUenaVtVjfspOU8Vf4FF1UV4jQP9U95XLL4ji4xEjnivjH/5J5RSipEg+SNU8wZTuVLlSFGUrxYqRxoaIQy/QVgfLhWff3EaS5etMFkimTInyDQ6aWUqnQjR8hWrsGv383jt9Tfx2edfmAIOwVkhO33O9PHYyBKFyEypY+tQKb28WybSuOG8mN+O+CWokvJUVYFzPP6guBR9ZlI2ftMR1z3eFd97uCO+2/ZpXH3vb3HVXQ/j6tsewNU/uxNX/eCX+Ob1v8B/tvw5rrnvt7ihTx6aZ09FeO40NB5F0Rm5AFHZ8ylLNci5IWc+InNr1g6FixSNFCkiBQvqFCKvFDlC5GDWE1kpGu8K0QQH2WdIWrlm5EfKalsoPX5SFDNJMkMO9jxu8vpaiByJGEmWKH7qVgcRImKzRiJGBleALDGyZsi0PLfiY9hZJ2ZtUZDw2GlxX0bsvBcMcfNlqpxD/ALJDDnYPntPwkKZIrfvklLkrTTnxa4pEumpD1aWklYfNnLklZ9L4YiRI0dJayVj5MiOER8RGGLk6BLUEiD3XKbMGXgcv/Z1Q8I6uW7hPbJZK8WnLkSGvMc1vOsrRZa65Kj59k/RbLPI0RdI3v0+Ynbz13vgdfz8o9N4kEO6HV3mIcrRQyJHPG/DIX0fx/zvSs5gXMkneBHO2qMi9ov74AKfBaXGjPi8qJGjCspRtdhTtcqRoihfPVSONDRCGH6DsD5cKqSS3KTCKYHskLSytkjaTZu34sDBw/joY2cdUQWlxSwNMi5D2ZFpdPwaY6fR2UxRAP7sADyXT+IciSS5IZ+Pr5P1RjKNprS0FOd4evzcBfw2ezzCH++I7/+mO/7nofb4nzZ/wtX3PIGr7ngQ/33r/bjqJ3fiWzfdhv+v1S/wjZ/dh9T2A/GTnGmIHjoBTfNmodHohWiUOw/ROQsQk11DNIliX1TeQkTlE0qQmSJHIYoYtdAQPuriogrBQmTKaLvYogpRNkskMuRiN1+V4wgRJRGiQkqPbKoqew65102/iFChVJlbR+kRKD/mPh6LEE3ZQDYibqrTxk4mU5zpc/HTtiGeEmQzRSJGMoXOZokk8xNLwZH9hKSVIgm2kELc3F0B4uftRvSs7XWwE9Eylc5kj5xKcrbEdl1ltQUnGyQCJCJEwXFJWEjJIYmLKDTuse1PWnwASUsOUobYF5Ql8hMiLyJHspbIT4QEbwZJMkZGitgmrDzE1pkm50fiainD7WD7kte+So4ZOaorC2TP/RDZiaP8CPE8tiSs5zUPUmXOYtYVyZS5zZSfza4EeVqRoNRt75kskciQFFOw1xKl6IKPFFlEiJK2fhAgIEjbP0Eq5Sh12ydI2f0h4na9iejnXsHNb3yEB85X4cES4BH6zCMiSpSkByqq8QBH+m8qL2DguQ+xiXL0Lod8kQx5qd9fxJtKZNw7TwUpylDMo4AcmbSSypGiKF8tVI40NEIYfoOwPlRSXiSkdG5FRYXpkygvL8eaNWsxd64UXZiOGTNnYsXKlXjxpZfw3nvvUVTKzGvt/XUFf8qX3iMhd8gnschXIueIX5CqKVdlZZCKdhfYs//T0/hl16G47pH2+M4TXfCdJ9vjv6RC3Z0P4rp7f4P/+el9+NYP7sE3f3Af/r9b2uHaJ7uh+dCJSKYURWTPNIURwkYsQVPKT+QIig/bQHU50+dIkRUj77ohU2pbSmnXkR3ykyIhdvxKREumSCTIh0gRIM8mrMFEUoiipMqc2YtICilI+e3NgYIKQtw0QTJDm40IxVN84qZvpwztQNwMSg6JlX2DZP0PRUZaKYYQN2e3s/5nnpTLdkpme9cEBRO8rqgWfK1ssipcaopc8BohwTs9zkss7wuw0CF+EQVK1hUtkw1ZnU1Zg/HboNVuzCpV5aSAgh9xKw4F8PY7U+ZerVVNzotUo7N4+6UinUyp8057E7xT5Ooicd1bfI1D4rrjAZLWnzAEnwvJGyg6Gx1SNr2H1C1k8weBNmUzxYj9BnP8Ptt3TZsk64goO8k7/Enc9oEhaTslidj+lO0nKWMn0UwySLs/QTIFKen599Bi3we46ZVPjRjJ3kcmi8RhfT+fNfdVlaEdpejJsnOYUFGG9zi2y6Wcf8k5DvvzpIiPABEigD2UI3nOyX/kmSCCpHKkKMpXC5UjDY0Qht8grC8SIkYiRHJeRhE5efIkpk2bhiVLlmD37t1488038fnnn5tr9jV/z7ByJF+EpJU8k3Mm/0JMOeKXJDk6xZ89b89R3PDnXrju0Q64inz70afwzdYP4+q7HsR3b2+Hq398H75x833495vvx/+0bY+4tAKkjpxH2ZmHJrnzEFGwBOH5giM/wcUVbDEFrxhFU4oCUIocAVphiBm3shZOX02/iFHseCmrLdmiNZShi4mcJBIkAuQHhWiqUyhBMBkfH2xRhcBUOcMOxM4glCIrRrZAgt1byJTRDlSLE8HxlyKLrxQR57V/XzEyLBa8+xLtC6wb8spQMHXJkdmrqB5y5O1z1hPJdDkRn9d9SVwlMlRznrzmDQcKkZlS58kI1VeQrBz5iZHgJ0YO7yBpgyM8Row8GBmqgyuVIyF120k030k5Iqk7TyJp14dIee5DNNv3MX79cQXallCOOLgfKK/EA1WVaM0RfXdlCR6orsTQ0iq8xmvl7K8uP8sHwhk+BChI1c64Fzniy50aDJJJVjlSFOUriMqRhkYIw28Q1gfJGNmskbQSMn3t448/xtGjR/Huu+/i/Pnz5prcL9kiuffvHXXLkdMj0/VkJ/3P+PN7TZqHhMfb47rHOuLbDz9LMfotvtP2N/jvOx/Ct265H1f9rA3+68dt8PVf/xaRzw5Fs8xpSB4l5bbnUo7mUnaWImrEMkSOcMTHK0NeIfJKUQyFKMCY5YgZS/EZuwqx41Yb4savMcix9Huv2esxEyhAE9eZLFAwUYXr3ayQDzJFjqLjrSonXEqK4mZsN3ilyGJlJorSFDWTzNqJyNk7ETVnlyGamM1WKTl++AmTYKTKlSKvGFkZ8mKlyJTXdqUnrg7s3kMWWS9k9yES4fHbc0iw+w5Zal3zlNwO5mIpcjDT5S4hR0JAiEjK2jcdKEFmL6Ja0nM5guSfHTIZoouk6G2kbHwHyeQfJUd+YiQ03/GpIXXHJ0jZ8TESd/LeXZSpPR+g1eGTuPtUpckcyeawbWg5bTjG7y4vQWs+W7qfL8F2ChK1CNUUJlRQh6qKzYNB5EjESFrzWDCFW+RM5UhRlK8WKkcaGiEMv0FYHyRbZMVHkJDzoqKiwLQ5wWaWpM9Oxft7RrAc1UyrE6pQRjuSKXXvlpTjob6ZiHrwaTR+vDP+++H2uOqB3+H79z+O/769Hb71i9b4xi8exH+Q637fC8mDxiE5dxZiC+ajcd4cNB2xALGjlxs5ihrpZIEiKT9eoiQzJNPkPMTINDkS62aETEltT1ntWGGC7C9ERJJc4ihEFimtbTZfpQgFIxLkTJXzYeqmgPR4pchmkbwyFE/Z8SIyFE8REoJlRvYecrJGZO5uxMxjn4vsK1QXNfsP+UAZil0gU+FeRNxCyo2LnQYXv2hfgITFlB1hyX4KUN0kLDtgMj6CnUKXtMIhYQXF5bKRDFDN+qBgnAxRzXnNuqJXKT0yTa5GgPwISBFJXfeWw4bjSN0oElOzL5FXjmy/P7XFpy5SN70bIGXju0giyZspPSI8Hvz6LMlb2V5CjoLFKGXnxwFStwnsJyly7y7et5tCRTlKeP4d/OTEWbQursLDHOxtK6vwAJ8pIklSue7pc+cxs7jErDuqlMyQTK2rLA08F6RgpckamUeUrEuUJ4XKkaIoXy1UjjQ0Qhh+g7A+2HVGgs0K2SySTKGTYytENrP0jwivHJnvPxLybYjw05mskfyr8nPvf46f/bUnwts9bfY3+u5DHfC91n/ENXc9hqtubYuv/7Id/uPWB/Gf9/we0T1z0XzEbCSOnk/BWYywUYvMOqG4MSspRxSggqVGeLzrhuzaoeD1Qpa4CSJEF+85FBAjF9lnyGL3HnKqx/lkhlwxihUJ8iF62uaAGHmxWaNgMUqYtdMgxRWsGCVQhuIFbwbIFZrY+WwXUHpI/MIXDLLhal34CZPgZIleQqwIkakkJ8USKDhBJCyh7JDEpRQdl8BaIB/il9bIkRCYIiftSgpMHYgEeQn0rxLhebVOEldLcQVHhixSVEFIWVtbfrzUKUkUoGDh8WaG5DyF4lQXwVJUW4Jqnzfb/J4hmSSIIPnsTWT3J/LDFljwClFd1BKjXSdN1boUW8WOfc2e+wSpz59E8p6PjBw1O/gBfvVJCR7mIJcNYu8vrcDDHNNtKEe/Kb6A9NLz2MenQJk8Zi4U8WFQFhCjQBKZx5JV5pOKhypHiqJ8tVA50tAIYfgNwvogwuOVH+9xsAzZ6yJMf+/wlyMH+RT8qoRTZOK2PUh94hk0eehpXPPws/hu22dwDUXomtsfwdW/fAT/8fN2+Pc7nkSj9oOQkDkZcaPnIXrCYkRMWIqmY5YgfPQyxIxeiZgCCtDo5RQc2XyVguRB+mIoQl5iKUVC3EQRodV8Tymhvc4QM4nS4xJL+fEeW+Kkctxkio67bigY7/S4i3HWDsXMcLBT5YKnzFkRsjJkhGg2xWeOyBAFxiISI1Pe5jnHTrbHU+xAprtdAm8FOi/OdDlHirxiZGXIi5WipGWHDJeaHhdHIbLYPjtVzsqOH/ErXw5g+6z4OBXk/EkUQXLx9ieve81s2possuODFF3wYvcqMkimyFaSC8K7OevFvE3eMZiiCS6muAIJPheabZXM0D9Wji4SI9Jit0ypYx9fL+fNn/sUKc99jKTnPkDiC2TvO/jB61/gnlMVZnqdIPsftSYPVZahQ/kZrKkuxwUZ90WlgGSqeWjkSGbR8X4+stgnRRrkH01CG37PT0VRlMtB5UhDI4ThNwjri5UhObYRfOzlHxHyrrXkSP4jVsRW+iRr9AnpUjgLkY/8EY0efhrfe+iv+E7rP+N7lKFrb38c37r1UfzbLx7CVU90RWJGIRIoRhFjFqDp+CVkGZqMWYowkaMxKxE/hqJjMj8rEU2kzLYgx0KMZIgMlCERIsMaxJq9hRwhCpYfR4A2muyQ6XfPzbUpshHrZsS4U+L88BcjIlPqKEExIkOyZkhkiAIkSDbIypG3zyJiFDdHpIhCJMwTMaLIuJj9g2QaHKXHi9lHqA4SeH8Abz+JX3zAQcpskwQfEpdShgSRIpc4UiNEhw0yBS5xZTCSAaohYdUr9SJxFWVHWO1QIz2v1Yvkda+7+IuRpZYQuUgJb7MvEUVISNpkOeGW3K6bJMpREsXISzJlKBiRISGVYiQk8zhx03tIkvLbUnI7AAVIREgkyEDRIakiNETExkrPpaTICpFUprNcv+dzI0jNeL2ZK0fJu/k+u/m6PR8i6YX30fzAR/jFe8V4kO7zGMf3/cXVeIADvA1H+WOVpzGtsgQfc5xXSvqoTPY14mNAngVlhIIkjx/xJME8J0IYwc9BRVGUy0XlSEMjhOE3COtDQwn5JFaOTNgOfkeSL0KfkVeKy3B3/6Fo8sgfcO0jlKIH/4LvPvA0vn/nb3HNr5/Ev//8YfznvX9ERO88JI6ci6ixCxE2YRmaTlyJ8AkrIfsIyT5DslYoVoomjF9tNmCVDVbNnkOeNooiJHsLmU1WC90NVwtlapyzp5BMhTMiJNPhRIKM/GwyrekzJbadvripsgmrlNm+VHaoBru+yK4lip25I1BZzuKtElc3IkcvGOLnUoJI/LwXKUQOZt8gT6bHi91X6FLI/kOC2XOIJEpWaCml5jKJX3aYciRCdMRgp8ElUWqCqTVlTgTJUz47GG85bS+Ja9iulcyOg5MNckhZL5JTcx6Mc722CNlzKbrghxRiSN5I0aHsJPpgN2P1I3Hz20jYWDeJIkyUI4tIkcP7gX2ILEZ8gpBMj9BsJ0XHxYqPFSGvKAVLkQiQpdXzn6Llc+zbxffb7dyTQlLZl7KH77OXP/PFD3Dzq1/g3i8q8SgHdltKksjRfRzs91ecRmZ5EV7mc+kCx70IkjwC+KDiQ4DwPvn3EnlGSH+on15+z09FUZTLQeVIQyOE4TcI60NDCfkkIkFGjuTEfgtiK0V7PyULX30dLZ/phMaPPYVrHv0Lvtfuz/ju/U/ju3f9AV+75WH8xx2/xbXPDEJi9nQkTFhCIVpqxCiMkhM5gbJDoqVqHKUo2oiRW0J7ouwjVLuNMhXknAIK0ZQh2XDVESJnfVC0kSCZDufsMSSZn1gjP4TnkiGSYytEsueQIzzbEUPh8cMpub0DcWaq3E7EU4KEuNkiRLsNIjwWJyv0JXikKIC7yapXhmIX11AfOQoWI8FMmaPsiOj4YeXHD5Ed7zQ471Q4L/Za3IojBqkeJ7JzuYgUJaxzSFwvmR2HpA1v1joPJolyZKbIUYa8mPVD0lpEiNz1RWbdkGSJfMToy+QoiXIkAlQX/mJEJHvkI0VWhrx4xcggQuNKULAk1SVGjhx9ghbPixh55egzypFkkE6i+YufIul5fq497+OW40Vod74aD4sgcbzfXVWF+yvPo3fpeayvrDTZoyKOf/OEkum9FdQhtvJY+N8QIwm/56eiKMrloHKkoRHC8BuE9aGhhHySWnIk34DkyxG/DcnmjzKlbvDK1Wj6m9/juiefxvcpR99tSzGiHF111+/w/255EFc93hXNc2cglWIUU7gCEZPXUIykVPYGRE+g2IwnE2SdECVJMkRmg9W6q8d5MVXjLK4M+U2HEwEKPq/JAl28XiiYwBQ5EaPZNWuI6pKiWmuJ/PBIUcJ8R4oEERxvkYS4JbWRPitAl8KKUbKZLkeW+cuPYDNCvlxChPyuWZxpbzVZoPoSv+YY4vlai1eURJDqIlnWDdUhR8HnVoxSZWqcjxRZRIKSt77jz5baAlQXXjFKMWLkVJ3zkyKTHfKTIosrPxavKNk+rxS1eP4z8gla7TlZhxx9jmR5/XOfIPm5j5C4+3203PcJfv2ekz16iOP97vJKPFhVhmeKz2FSRRmOcbyfISbMvkblfCzINDu3DMP/wqPL7/mpKIpyOagcaWiEMPwGYX1oKOErR+wQOZJiDO+z7w/jJ+GaJ36P7/72KXz30T/jO62fwnfu/RO+dufv8J/3/wmRvXLwg8krkFC4DGETlyNyqojNFsQWbkXCxK1InLgZ8ZMoN5PXIWoKxWiKs7+QH8FC5K0eFzONckTxiZ7uEDODQlQHsTNlWpzly+VICBYkWUcUO0f2EXreIIUU6oesMdpHKdrvsOAApYgsOoA4Er/4oCHOB3vtUiQsOWRIXHq4hmWUmuX+JKx4pU680+ESVr5aC7+pcclrZE8hER1natvlEsf3iOXPktYSz/cTrNz4YbNBchwsQrbPnlsxSt1M+ZHpcVtO+JK4lfK0jRLkBwUpccu7lyRp63sBkreJGJHtlCOfNUJeyQnus1gBsnhFKLjPESNHjlr6yFGzXZ+h+e7PjSAlUsha7P0CrV76AskUpB8cPoM254C2HOOtOdafqKjCH4vOY1D5eWznQ0Cm0jrPgnIKUSkfB2VEnlvsE0OSNoTh9/xUFEW5HFSONDRCGH6DsD40lJBP4vzbsHsiBx452nfmPH49eBga/fFpXPXEH/Hdxx05uvruP+CbFKPGzwxAqxEz0WrqckQXLkfTwlWIEJmZvB0Jk7YjZSKZtA2JhTLlbQMip60nGyhIG32J5muFmGmODAmx0wXK1owaIfLKT9ws2VdIBKj2uSBltWV6nP/aIAezlshMnRMhkgyRRabHvWCInydT5BwSZN3QJZHiCZQhkrjwIBIXOVipscR7iFvqtMH31IWVoqRlR0zWKGm5v/wISbIOqA7ieV0QGQpeM+QVp2A5kqpwCXVQa5qbBxEYkaC4NZI1ohAZ3kDCOoe6qsoJZu2QHFN+5D5zr4iR25fs3mPYdAIpLpI58hMjQSQoefu7deARHh8ukiKSYsToQ1/Z8YqOYPu9cmSv1YjPZxSfzw11X/vUlaOP+H4+crTrc6Ts4j17T1OOTlGOPkDLFz/Fz98pwd0l1XioEvhDSSV+e+ECOpWewfyqMnwoz4JKPqcqyqhFJXwOlLKtMs8E83xQOVIU5SuGypGGRgjDbxDWh4YSjg/JAmweyYk7rU6WG5zj4dKXj6Fl+05o8tQz+NZjv8f3nngG/9PmKXzzrt/jmw93QNKwSfjhtNWIn7AY0ZNXIWr6RkROochMphC5cpRMOUqYLNPgeG26CBJFaKo/0ZQiIYZCZImdIWLkyFH0TMoRBShmliNCMSJFLqZPjme7smT2G9rpSpAzNS5GMkGe1mSGjBCJCLnT5ebZqXEiRnsRN88ppGCmyYn4uNPkak2XC+5beADxiyhIkukRMVp8seB45SjWlaP6CpIVIytHiR4ZCsZPigSRnjjJLsl9rhxZAZJ9hbxZpFqS5K4fMlPjeG+gdY8TRXRkrZAIkW1dEvi+8SJD63nsEpAdV4T8MGuH3OPg+40MSZaIbTCJxMiQzSB52qStVoKICJG39UiPH8FyZMTII0dWfgQrNl7sNa8cNZN+ue7KT3NXjFq88EWtawZ7bQ/vfYE/Y8/HSH2OUI5S5X1lWh3lKHHHp2i19yzvOYUk+Tl7PjEZpNT9H+H2U2V4jGP99xcq8WhREX5Xegqjys7jTXkQcPyLHJVSjs4bReITQuRI0szShjD8np+KoiiXg8qRhkYIw28Q1oeGFBWy6SMxfkQ5Kiuvxll+aTrJL0ED5y1G8790ROPf/gXfevAP+O9H/oKr2vwF33jgGcQOmoLkiauROHkd4qesd6a+SYZn2lbETd2GuCnbEE9Jip+61RAnxREoOaZ4QtDaILuh6qUQKYqcuQNRM8isnaaSnLSS+Yme7WCqys1xM0JsJQNkp8SZfYbcvYHMxqmePYfsvkPe1ty7iMIjLH4JiWzjPa3sSxS/yCGBx3Ge1q4nird7DLkbqX4ZdqPV+mJfZyrKrabkrHL2FJINVFPXv45mspZH9g26BN79hS4fyhKFyFt2O3XDm+QNIlXjKFr8DNKfJC37ZHNVP5LWU4DqIHkj79n0ji9JvGaxfXYfokT2SXU5U0WO57IHUTx/VuImWTMkZbd5j5TeNmuInHuC9yVqtv3jepOy42Mk7fiIUvIRknbymMi6H8GeS6EEIzeUHmlN4QRz/RND4i6nTZLWYvt3yb3kuc/MuiJpUylINfD99lB+PDSjGKW6pOz9HM32sv+Fj3DjkQ/Q5kwZfsNx3rq6Aq3LzmJgRRGe4zNBirGgQvY1KsdZcppHlbLxkcqRoihfQVSONDRCGH6DsD40nKhGVSW/8VTy65DIEb/4lPJLkOxv9G5lFf46ZiISfvdXXPPoU/jekx3wrYf/iq+1/iuue3owEkcsQuwUqRpHIRJEigQRHhEfb5/bLxgxkntkehwx8iPT4b4EWTsU40qPEaC5Ij4XEzdPZOh5Co6Izx7Kzh7EigS5G6ZazCasskbIFaKLkPtEgpZcHnEGt8jC0gOIFygwFq8MBeMnQJYED4krDiNJsPsQuZusXiRHlJRgGfLiLzz15+LNWl9zxcjBkSORJkeeUsyaIMqLD5cSpPrIkbfPylGSKz8iOiI/jhzxNUaE3nfFyDkWgsUoddtHvhIk/X5IEYa65MgKkpTZbvb8ZwFEjqRPRKc+pDz/ucHKT/IlSOT9ghyn7j2NZi+eQfOXzqLFvs/Rat+7uP39s2hdXIX7+Ux6oLwYnUrOYWlVpdn4ubqiGpWyOSzKHDmSjY90Wp2iKF9BVI40NEIYfoOwPjScoBxVySKjcopRFUUJKCMype7IZ2fRtl86Yp74C/7noT/i+3/oiv966Bl86/EuSB5SiBYT1xjpqV0ZjiJDvH3e/hrZqVkXZNcGXYo4w646BchIUNB5woIXDPEL3SyQ2WS1BitJwf2WeMkYLd1Pabl8RIpiSRyFx2I3W02g1NTFxZuv1uB9fdIq2Y/oZSSvPmrwCk+yiApJEVGhmPhds9et0PytWAnyilEwsldRqimW8K4vfsJk8YrPpbBSZNjiiI9XeLxC5O0XRIYsVnZEhJrvOGn4MjESbDEGrxBZRICCETGykmSl58vwZoSElHogYlSLlyhML72LG189iV+dLEY7PgIeLC/Dn85+gbEXzuFdjv8SPqdEjkr5vyLIysQq0JBUjhRF+cqhcqShEcLwG4T1oeGEyJFsg19hptZVVlSjnHJ0pgJYf+hN3PrXXoj7bQdc9dBT+Prj7fEfv+mCa7tl4YaxS9F82kbEz6T41MruuGuBTFaIxy5GhlwhMsIzh7JzGcQadiFm3nOG2PnPG+IWUIpczLmnL14QMVpICTKys68WcQtfMogE+RG3eB9FR6bE+ZO04pAviSR26UFD3LJDhvjlhwMkrJDy2v4krny5Trz3JK9+BSmUnVRKjiD7DgnJaygqa2XNUA32WvD11HXOdLcrRabLWZypdF/GW5fMHF0KEZ+kL4NClGwJlNim+GylFLnIscU5/zBAisiNRcpwiwyJFLmltgNluU2/P6kybc5HjKwc1Uyhc7JK0mfkaM/nF2WIvCTtdqbSCcGi5CdDFskSCZIxEimSPpNR2vsJ4vbx9+DA+/jZG2fQ7kI1Hi2rxhNnzmDgqc9xkE8EyR5VVkvGqATl1aVUozJUlJeYZ0Yow+/5qSiKcjmoHGlohDD8BmF9aDhRzS8/ZfxvBcrK+AWoCkaOPr1QiXFLt+Cm33ZG7O+64FuPtce/PfosvtlhKBJHzsX109YhZeZWJHiyOybD42aC6q4cx/vm7b6IuLm7vpRY3melKFiMhOB+R4wEWQdE0bHrf1zMuiARJXfPoYvgPX7T2yxmWpsPktmpaxNW2VsoceXROpG1Q19G8upXKUYiRa8ZJAPkLaSQuu5N09rKcsGV5uS6uWf9344Ij6XZxuMGb1+t/k3HL1pn5EUkyC+jlErZEfnx24xVcNYL1VBr7yF3Q1YrR3bvIbtR66U2a7VS1HwXBcYrR0T6/DBFFtyskOAnSFaMBOkTYUqlIIkAfRnBcmQEKTgrVAciSHZaXfL+U4g8eBLxBz7GTQc/xd0fluGR88Bj50rQ5ewprOKT4W1SIfNsy4t5cIGCVISiygvyzynmyRGq8Ht+KoqiXA4qRxoaIQy/QVgfGk5Qi6pKXTkq4Wfjd6EK4L0vitFjxHSkPtYR1zzcHt94shv+3x9747r0QjSfuQHJMzciac4OJMgUN1P2+jlTBMGWxvZi+wW5L2GeM+XNOx2ufkg2qGbNUK0pcJ7+4GsJrgCJEJkNU4mVI9vvi9zryo4fdpqbHyJFscspRyuOBLCbq9r1QX54p8AFEzwlzouRIMkIudKSvE72FZKS205lOadwQs09XnlJ3vi3kULpEVI3nzBc6prNAvkhU+FSKTR+iPT4iZFQpxhtfR+p2x35MVkiipCVnmAx8oqPV4oC0uP2Bd9zEZQfqSpn1xH5CZJXjAS5x9wfJD11ETytzk+ELFaIvEh/0v7TiDjyGeIPf4GWz3+Cnx85j7afVuOR4io8XVqMUeUl2MenQ7HIEZ8LKD1HUbqAIlO3TuVIUZSvFipHGhohDL9BWB8aTsi6gprMUUUlUEI5OvLeZ3ii30jEPtIR32z7DP7zD2n4du98xExchpR5WxE3ewvi50lGh9IiWEGSQglSMEEkSYTIPRfsPUaKRI68giQZH2KmwrlIIQUH51qcrCFaJNXj9plWpr45xzJNzq0q554LiYsdEpaIAIkQiRgdMtjzeLcNRrJG8SJRARmqPf1N8E6VCyZuxcuG+BVSKpusrCFx9at1krTmWG2kzyV1nWR9KDc+iAwlu9kgEZ4aQaoh+J5U2SeIbV14JeciJAvkio9tZdPVZltEdNgnJbaJlaMUESNTbrtmGlxgCpyLrBHyEyPpF9lJko1XZQNW3utAOSJJcl3KahveN6RIeW2SusPNFIkkyTGlpBmFRFqzPsi9HoCCY5H7mgUJUuA1fL0fKfLeXyJHXuw9KbzfiI4rPl68/VaImlNwLMFC5KXl/vNose+cQcTITreLe/ELhB0+hcQjZ9Fi9+f4wfOncMfxUrS+ADxRVYUeF05hE58KZ+hB1aXlfCgUobT6vNnzSOVIUZSvGipHGhohDL9BWB8aTlSjyshRGSorK1DO7z3nKUjr9h/D7e2HoMkjXfD1x7rhax3SETl6EVLn70D83B2InbcTcbL2xy2QcFl4pr4FI9PgEhZJCe29nmlxlhcpLjXT3mRKnBff7I+BkrOUgnOZxHumxMl0uOApcbYvGCNA7r5AftjpbV+GnQ5nXydT5fwQ6UlZL0Lkj0iQH8kkkdftvkHB2H2E/LD7CtlzOU6lGDXbKsUQnGt+2NLafpkfm+3xw2+PoUQRJVJrn6FgRGZEWkReKCNmPyHKiN8+Q37IPd69ibz9vrhi5CdHcmz7g+VIptWJ9EhmyLu2yAqRzRp5xagFZac5kTVEVnq8YiQy5F1z5M0cJew7jfCDp5Bw6Dxu2HMeN+06jR8fPI/bPqvCg3w8/eH8KczjU+EDPg8qyvifklIUV13AecqR7IsWyvB7fiqKolwOKkcaGiEMv0FYHxpOSEGGEopRkRyhhN97PimrxOhVu9Dij73xnce74htPD8Q1w6ah2fydaLHsRcTIGiARmQVOKezLxZTJXrgXsV+C7BfkJV4yQZ5pccHYaxdzCAnLatb9BGPXBVm58a7/cWTHQcpk149XHLlxp7EF42RwLo291zstzu8+i0iQXwlswVvYIBjvHkGXg50K5+2z0+LsNT9EjvzE6HLkyCtIgkhQqmy+6kPKTkeOvMJj5UaERzZb9cMKkfceb59swOqHbNBqhccKkOBdX2SvWxyZkj2KKDlBcmQFybZWjkSMrBwlyWt4zStJfqJkEVlK2X8WUfu+QOK+s7jxxWLc/PwFtHz+NG58qwh3llTjN2XFyK8owat8VEn1SpSUo4zPiXMoVzlSFOUrh8qRhkYIw28Q1oeGE/JZylBRdo6fqwqnyyrwxukL6DR+AWJ+3wvf+l1v/E/vUUiYugHNl7yIxIUvInYuBWfuXsTPp8BQkC6HWEHEZzGFx4fYRbXFSPYZSlgiWSERowNIWnboIkR+pE1eftiXRDMNrnZ2xxIsR1aKpOhB0upXTBbIX4Bkepz/uiGDR2qCkWltl8IKj1eoBL97Hd66qLiBl4sKHHjwE5jLwStHfte9BBdV8BOj1G0UnWAoP8Fy5EXkqBklyI/UXReLkUWyPCIzdeGVpYugCPkhrwuWH4tIkCnZXVe/K0PBcmTFKFiOWlJypBU58gpSXZJkxciw/xySKUgJL5xGy71FuHlvKX8/ziDx0Cn84OMiPFRViV7nT2N3ZSUuiAuVVFCOynFGM0eKonwFUTnS0Ahh+A3C+tBwgp+lqoz/v8DPVYlzVdXY9+EnuH9IAb73RFdc1SkdkaMWo9Wyl4zcRM/eg5RFlJF5B5Awn32ezE59MZulLt3ni7OBag2239k/6CASKTKJy44gafnLF5G84qgvSSRhhWSBLiZ++VHELhVBElFy7ktcSTFadcwg09kSeO6Hne7myxrJ+vjjnfJ2KWR9kEXWDPndY/GTIoufFFkuVQWuPngFR86Dp8xdxGbeI2uF3Clxgs0AWdHxQ64lbfcnZeeHlB0RIT+cdUDeLI4lWFK8WGGpCyfb44/f/c0pTvZY7vH7OcEi5CdH3qzR3yJHsgbpxgMUpOf4/nvO4fqXytGCkhS3/wskvv4J7iouxV9OfYbVZWX4nI+I6rIqlFKYzqKMchTa8Ht+KoqiXA4qRxoaIQy/QVgfGkzIZ5FSvZUlZlrdeZ6uffU4burYH1f9vhvCMiYjefYWtFx5CDEma/QSmi96Gc3nH0bSApnOJsUOLo9E2SdouWyKejFxvHYRspkqMQUSljpyVJcg+SKCRGHxQ0TIipIce8XIELTuxytGwWuEvIgEJdRBkshOHaRslGlwxF0TlEzxSXIxewT5IPfJFDm/bI2QUgdyTWSmLrziE4xkeoKnwUm/rxB58ZEirxj5TY0TknnNylDyDsoSESkSmu3+GM2fO+mLX1nt4GpxflhpqVNkPO8bjNznvVfEyIt93+B7vJkhQY4F2x+cNWpFwZHWK0NWhKwM1UULXv+hSNLzp5D0wjkKUxma7ytDwoEziDn8MW748CR+88nHmHnhAt6urEYFjaiIcnSBzwiZZRfK8Ht+KoqiXA4qRxoaIQy/QVgfGkxU86tO6TmgqghllaX4uKISY3bsRcSfe+B73dOROm0tkhY+h1ipDrfkEBIXUormHEAqSV5IyTHScpksowStOORL/Aqp9OYcx1KWhBgKkoFyZKbA2WlwnnVCl0TWEMlUt1VSEU5aio7bShW4ZFeAnI1S2UrpbBEitglrKEQkXo55PW71UcTzfeLl9Wt5zzoHmfaWuI6vNy0laP0b5M3Lxlu8wBY7qE+BhKTNJ5AobHqbrYvIiOmzrfeac91PiizBQuTFToFrtp1yQuRYZCkgQXXhI0fe6XF+YiTINSNGcq+IEc9NxojXmu1y5KjFbkeIvK2sLbKCZMXHK0fBYmOx4iKtfZ30W5mxcuOH9z0E+xrhUnLUfM8ptNx7Bq1epPgQOW7xAkWJ/Rbps/dc/9I5tCKprjg1o/AYsaL8CEaiXIFqIUi/e09LStFNz3+BG/k+zV8q4muLeE8xUg6eR9zhTxF16Dhaf/AZ8r8owv6yKooRUFxeiorqCvOPKKEMv+enoijK5aBypKERwvAbhPWh4QTlqPgzVFd9hnPVF/BacTH+vHgpvtmhJ8LHzEXi4ucdSVn2MuKWvIzkRYeRuuAg2YckqRhH2Ym9TGJEeFb4E7uSYrSKglQHsSvrJm7VkTqJXX0EMWteJtIeDbSxayk76yk7AShC618xbRzbaBIj7YZXELvhVcRslPYYYnges479644iau3LhO06vv+6V9n3KmI3vlEncZverJP4zW8ZErYcD2D7bH/iVorTNsoN28D1rccRS+LYJ9jj4NawTeDrt71D2aBkbKV8bP3IbWtI3fYRsW1tmm3/uBbSl7yFArNZski136e+2Pe2nyXZwvc117bLz6Xw7KAM7aAA7SRsm9WCn8dzLtXqkoMq1tnKcnKcImW7pUw3z5s/R0kRYdntX4jBvk7wuyYSlsz3Stntv2bIZn78EAlqRWG5/jny/GncIOw5gxuJtJYbXzhruGnvOcONL57D9XspUy9QhPZQeogcC6Zfzn1ouYdS9Bzv4/EN/Fw37/2c78fP+NIpU8ku7sBp/PToeTxzvAQrLgCfyJOi6BRQfoYPvXLn0RGi8Ht+KoqiXA4qRxoaIQy/QVgfGk5U8QvPOVRc+ATnUY7tn3+OX4wYg+uGFiBx3lYkrjiEmJXHELvidcSRxKWvIHnJEaQsOYgkKXe9/GUkkDi3lXOL7bvo2oqjiFvpT/zKVyDV3vyR7E3dJK6RtT4XE0/i1rzqS/xaXl9XN3GmfS1AwnrJCjkkUXSExA38fXEJ9K1/64pI3njCkLLp7QC2L0mm0Nlrm2VqnHNNMkfJmyXTw3MXexzcJss+RCRFSm5vew9JIjRGaj5i+yFbF9MvfbaVvhqSt3xsxCVlGwVjm8jRSZ5Ln4gNhcP0URjcazXYvouvNd9B4dhJ2WDbfCclZDulYwdb4tzD+7fz2AiZvUaJ2fUZWu7+HC13fcGWx6aV88/RnNdSKTup0lJcUtnnnPP1RoY+p+TwfsqLIxWneHwKLXjenP3Nn6Mw8L5mu9ma133Olu9bx7UUvl8qr6VSbprxfZpRaJpJ9odC05zvXxvpc65J1ieVMtNMeFGyPOcoKmfR8qXzaG6yQ1KCW6bEufeYTNB50zaT62yTXzyDZN6T8hLvlb59Z9meZyvXXdy+5H3nEf9iMZJ43JJCdMO+z3D9fgodpSjm4AXEHKlEi0NluPtwEXI/q8BBPibOlZ5HVekXKkeKonzlUDnS0Ahh+A3C+tBgQj5KaSn9qMgUY1jwynFcPyAXLccvQcvFLyJh2VFEr3gD0cvfQuzyNxG3lLKw9CgSlh6hKEn7ClvKiduKPFnqvLaMx8vJMspLrdaljmtJy48heeVrSKak1W4J25RVryNlJTHtG4E2mW2A1dKyr1Zb97XU1W8glcfSNlv9JpqteRPN1xxH87VvocVaaY+z7y2D9Ml5i7UneC790lrseXB/7Wst1r6DFuveQct176LlesJjOW+x9m3nmrS2z/RLy74N76L5Bh6zdY5t6/R5r7XY+B5abnofzTeLFH2IRMpOIgWoNiJBHyORslPTOti+JBEhSk6KERanFZIoR3ItibJU03rxv2beS0SI4iOtfT9LqlyjDEnbbCelhDR3BagZab6T4lKrJSIuIisUGRGXFIpNCoUmmdclwyPncq2ZyNAeV2ieF6TPOTayw3tSJQNk2rqvJZMkfqZk/lwh5blTARxhouD4kESpiae4xAn7zyGBxB84h8QDlBgSS+GJ3efg3HMW8bzHtLwed/AcYnls4OviTB9fS9GJP+S2nuPYQxcQcbAEUTxOpBClHuDvy4EvkHDoHCKPFCPsSAViD5bih/tOo9O7RVhXVo33+bA4W12EKp1WpyjKVwyVIw2NEIbfIKwPDSb4USrPlaGqtBJfVFQid90L+GnGZNw2dyd+uOwQmlMuklafIO8gaRVbOZe1OiuPotmKV9Fi+Wvk9aDWr6+mbUmpcXjDp/Xrc9pW5Hr+/OtXvunTvokbVglvXdReL8erjztQYnxbn75WIkDrTqD5+hOUCkEk5ARabqS8bHwbLd3z5uspSesoNhsEt19es15ai5xTUAKt/7WWlJdWG4X3cP2m9wLH8p7XU2au3/x+ENLH6zxuuZkyZY4tts9pW7FttYWvEbZ+gJYyZW4HBWWnTDv7CMkepC/VrMv52LQpUvXNnZomx8k7KE9yj1x/7iSaPUdh8ZBKmrutt9/21XWt2fOfoIWnbc5WaCbFFeTn7JbWuVf6Wzwvew59hpYvfIZWbFu4rZxLf/MXKEp7paUIvUCx2vMpkvdQtvjaFB432/s5WrxIMXrpFFqRFvvIi6fQnH3yumZ8XWpQa/rruJbC90vdS1mSKWp8H6H5S6cNzV4UnL5gUkmywM+QzHtTKSUpFKFUIq30J8k100/28xqRthnFKJWkHDxLyTlrWtNH0WnG81Q5Z+s9TqYkxVGQEnjefP/nuGHfpyZ71NK8vhhJR6v5+lLczF/XY4c/xsQvinGYz62TFKMy99ERqvB7fiqKolwOKkcaGiEMv0FYHxpM8KNUVQIlPHytqBzd56/Hr8ctxC/n78BNS15Cc9knyJTPfpnIZqpSVnsveR7JS/ai+WKpXrevduvX52lbLnZotWj/Re31i8mS/bhh8QG08rTXs5X+uq8dwA1LyZKDuJ7tjUFtK1532E8Oelq+dqncYzlk7pe25bIDlLmDaLHiEFqsJCsOo+Uq9q88wvYwrl99BK3YOn1O22rVEfa/bO6tC/P6Omi16mXD9auPUtJeMa3tu2ndMcONa18NIOc3rD9GkXvlS7l+3asGuV+4fgNft/5Vipc/rTbyeh1477l+02uG4HsuF7+fad/7xi1v4OZtbwX4wfbjAW7aSgne/Lov15NWW2rTcvNrBjm+fusbuGHbm7hx+1u1kD65Zq9bvuzajfxsN27lZ9p2wnDz9rdrYfuDuXnrCfxgy3H8aMuJAD/e+naAn2x7J8BPt78b4Gc73sPPdr1v+OnO9wLYvp/seNeXH/GeH+7+AD/a9S5+vv0Ebufv4R3bjuP2He/jF7s+wc/3nMGPd57Ezze9hbbrDyPzyNt4obQcn/DZVeo8OUIWfs9PRVGUy0HlSEMjhOE3COtDQwkpy3uGH+dTti9eKEXfzTvw+PKNaLvhedy15QBu23oYv9x6hLyMX245hNu27CN7ceuWPbh984v49aZ9ZH9Q6+Xia3fy+K7N+3H3pgNB7X7cw595z9aDuJc/q3ZLth7CfduP4P5tR9gertXeL/07XsYD219me6R2y2v3yb3u/d5Wrj2w46jDTtvyfdi25mvb8tf9oLDtZTy07Sge2k62vYKHt7+CR3cewyM7X8XDO+T8VR6/gkd2HGP/a6Z92MUe2/axXa/XyeO738BvnnvT8MTzbwWOpf+3L5zAk8T2Syvnpn/PcTzxwpfz5F7eS3774tv4w9638RRf95fn/Hlmz4k6ac/XCh1efIetg/T/9Xn/++sHfyZ/Lc+6tOfnFDrws8q1v/LXa3lmj8Oz/DXJPR1feseXZ/e9W8P+d9H+gAeeP7ufn53HHQ6+i46H3jOtOT74Hs/fN3Q6/IGh8xEHOa7rWhcedzn0Aboe/jBAtyMfBeheB70Of4Q+Bz9Cv4MfB+h/6GSAAYc/MQw8UsOglz81DD76mcHbb/vsPcH0f+VTDHjtcwx69TOkHz2J7MMfI+/wSeS8fAqZx85i2LHz6HfkCwzjvfn8/Vj4+gc4dr4En5eVaSlvRVG+cqgcaWiEMPwGYX1oKCEfpbyyGsX8xnOqqhr7Pz+FTR9/ijWfncaKLy5g2akiLD9VjFXCF0VY88V5co7HZ4m05y+bNXzftXWwTuDP9GM92XC6uG7OlPiyUThb6ssm4VyZP2fL+FreRzaYtgwbTB9hu+lsOVvBvdf2nSvHZrLJxR7bdsv5Smy+UGla77G0W+W4qApbyTa33XqhClvYv724mueE5+Y+ttt4vo39l8P2Ehh2FVOIi4D9dXCA1+viIF8vHCqtOQ6+drnIe3k5XHZpjpR/OYd43wGXgwL7hENeKvh+AseAaV0C/YJcI0fctq5rL5NXqhxe9cJxJq29FsyrfJ2XY9Ky/zW5Ro55kL5jfL/XiW1fc4+9117j+Pa23uNX2b5C5Pwt8i5f9wH73yNvu33ymd9g+zavneTnKeHDolLSzGahYujC7/mpKIpyOagcaWiEMPwGYX1oMEEhoh0BZfyWyLaKX4TK2MXvxjhP+N0bpaRMbiFyq7ld4L1y7XKR9/9fwf21+bY+ffJZL7i/D+cu0V7pNWn/Htfqwn522wZDj0E5f43K35eKK0D+zsmfh4WuaMagbb3XBHvN3ht8/cuuyd8J+fsjLZ3RfIZKF/k12PEvyP18MvBZwWdEFe+u5nEIw+/5qSiKcjmoHGlohDD8BmF9aDhBy6nm158qfk2qLkYFvyqVsq8Y1eZLUYXcIh+Xt6GCX4oqeCDb5csXJXdDyMuFL/7KUE1bvCLk9+Z/g6qaY7jHtvVek2P58/s/gfwt9msvdU3aK7lmjmVsXCbyGlLtYo+9fcHY11wJ8vpKUmX75DPYvxP8tUhFugr+r5xUGn3i06CaysRnhPPrD134PT8VRVEuB5UjDY0Qht8grA8NJ8R6SkkRv/IU8StQCcWojJTzv/Ilyf3CVMkvTwYRqZp/g3aWZ5fWav36/O4JFfIzr5jqK0W+TPL3KNTIn03wcXDrHlfzz7CKv8ZK5e9ICZFy10VsL7At9rROv3NN2pprVWyr2efkbAT+GZm8jm291wTvNWmv9Jr8E4j8XXX+3srfCefvhTwBLhjkMzqvlftElOQfDkIXfs9PRVGUy0HlSEMjhOE3COtDwwmbFnL+FVn+pbiUyLJr+V+1XJN1BpWuIJlpNWXsly9JAvtEoAKtl0tds1zp6/8R1yw194gc1sb2Xepa2f8a8uci2GO/1h5LRkD+rOUruvL3oYh/B4r4+ypc4O9u7dbp9x7ba6X8n/x5yJ+LRcTV2/pdc+TfjkWL7bv0Nef18nddxr8z1uUzlPOafLpSnCciSCJL8hq5L/TPLr/np6IoyuWgcqShEcLwG4T1ocGEfBRZdyTwc1Wxo8J8TfJcs4sReCz/k0k58tVK7pXXXAmh/B9/YM3PtsfBbR3XAn9m9tiv9R57+8zvkGCP/Vrv8d9wTX5utW29x35tzX2VQhX/eJW/D/z9rLgC5HXe/8nfPf4pBdrg/9lrBr72b8Np+PHN2HfUyxE2R59lKqZ7g8DDUIb9u6ooinKlqBxpaIQw/AZhfWgwIR/F+YfjwBcf6TKf0H4Z8nwpknyKTMSRCTkBgboCfLr+ofh2/jPi/jnVOg5u7bFgE2XK3wf5/bTj6XKxfzZ/C3X9mds/b++xB3kkyaF8fEEESaRI8qBGxOR13s8ZwvB7fiqKolwOKkcaGiEMv0H4VcN8K/J8SfISfM0mkuQLlJtsUurE/h7bY7/273vN/Fl5jv3awH0W7xd05W/H+3t7Gcgfy9+KfR+/NvjY2yfIeDbwL5CD1KhzM1ee1zn3O3+PFEVRvgqoHGlohDD8BqGiKIqiKIrSMFA50tAIYfgNQkVRFEVRFKVhoHKkoRHC8BuEiqIoiqIoSsNA5UhDI4ThNwgVRVEURVGUhoHKkYZGCMNvECqKoiiKoigNA5UjDY0Qht8gVBRFURRFURoGKkcaGiEMv0GoKIqiKIqiNAxUjjQ0Qhh+g1BRFEVRFEVpGKgcaWiEMPwGoaIoiqIoitIwUDnS0Ahh+A1CRVEURVEUpWGgcqShEcLwG4SKoiiKoihKw0DlSEMjhOE3CBVFURRFUZSGgcqRhkYIw28QKoqiKIqiKA0DlSMNjRCG3yBUFEVRFEVRGgYqRxoaIQy/QagoiqIoiqI0DFSONDRCGH6DUFEURVEURWkYqBxpaIQw/AahoiiKoiiK0jBQOdLQCGH4DUJFURRFURSlYaBypKERwvAbhIqiKIqiKErDQOVIQyOE4TcIFUVRFEVRlIaBypGGRgjDbxAqiqIoiqIoDQOVIw2NEIbfIFQURVEURVEaBipHGhohDL9BqCiKoiiKojQMVI40NEIYfoNQURRFURRFaRioHGlohDD8BqGiKIqiKIrSMFA50tAIYfgNQkVRFEVRFKVhoHKkoRHC8BuEiqIoiqIoSsNA5UhDI4ThNwgVRVEURVGUhoHKkYZGCMNvECqKoiiKoigNA5UjDY0Qht8gVBRFURRFURoGKkcaGiEMv0GoKIqiKIqiNAxUjjQ0Qhh+g1BRFEVRFEVpGKgcaWiEMPwGoaIoiqIoitIwUDnS0Ahh+A1CRVEURVEUpWGgcqShEcLwG4SKoiiKoihKw0DlSEMjhOE3CBVFURRFUZSGgcqRhkYIw28QKoqiKIqiKA0DlSMNjRCG3yBUFEVRFEVRGgYqRxoaIQy/QagoiqIoiqI0DFSONDRCGH6DUFEURVEURWkYqBxpaIQw/AahoiiKoiiK0jBQOdLQCGH4DUJFURRFURSlYaBypKERwvAbhIqiKIqiKErDQOVIQyOE4TcIFUVRFEVRlIaBypGGRgjDbxAqiqIoiqIoDQOVIw2NEIbfIFQURVEURVEaBipHGhohDL9BqCiKoiiKojQMVI40NEIYfoNQURRFURRFaRioHGlohDD8BqGiKIqiKIrSMFA50tAIYfgNQkVRFEVRFKVhoHKkoRHC8BuEiqIoiqIoSsNA5UhDI4ThNwgVRVEURVGUhoHKkYZGCMNvECqKoiiKoigNA5UjDY0Qht8gVBRFURRFURoGKkcaGiEMv0GoKIqiKIqiNAxUjjQ0Qhh+g1BRFEVRFEVpGKgcaWiEMPwGoaIoiqIoitIwUDnS0Ahh+A1CRVEURVEUpWGgcqShEcLwG4SKoiiKoihKw0DlSEMjhOE3CBVFURRFUZSGgcqRhkYIw28QKoqiKIqiKA0DlSMNjRCG3yBUFEVRFEVRGgYqRxoaIQy/QagoiqIoiqI0DFSONDRCGH6DUFEURVEURWkY/Itfp6IoiqIoiqIoyv81VI4URVEURVEURVGIypGiKIqiKIqiKApROVIURVEURVEURSEqR4qiKIqiKIqiKETlSFEURVEURVEUhagcKYqiKIqiKIqiEJUjRVEURVEURVEUonKkKIqiKIqiKIpCVI4URVEURVEURVGIypGiKIqiKIqiKApROVIURVEURVEURSEqR4qiKIqiKIqiKETlSFEURVEURVEUhagcKYqiKIqiKIqiEJUjRVEURVEURVEUonKkKIqiKIqiKIpCVI4URVEURVEURVGIypGiKIqiKIqiKApROVIURVEURVEURSEqR4qiKIqiKIqiKETlSFEURVEURVEUhagcKYqiKIqiKIqiEJUjRVEURVEURVEUonKkKIqiKIqiKIpCVI4URVEURVEURVGIypGiKIqiKIqiKApROVIURVEURVEURSEqR4qiKIqiKIqiKETlSFEURVEURVEUhagcKYqiKIqiKIqiEJUjRVEURVEURVEUYuSosrLSIGHPq6qqAudyrCiKoiiKoiiK8lVCXMYvpN+Pi+RIQt7IClLwCxRFURRFURRFURo6EtJat6moqPhSxwnIkdxkw/bZfkVRFEVRFEVRlK8SVnjk2Os1tt+PWmuO7Au8L7KypCiKoiiKoiiK8lVBMkXBMhTsOsH8/+z9B5RcW3kljq/frJk1a02Oa6Jt4AVJrc65lV7iER4ZHjmYYKKxGRwwGAcw8Df22MYBg21sBrA92GODMRkMhhckdaiuqq6qrs4551yhq7r3f+9z67ZKrdJTS6+kV63+trT73Lqp6t5zvrDvPfdcJ458AZR/t8iH5vs7MRqNRqPRaDQajcbDQF/w7Ic/vxAvE0f+TgQpra2tLcdUKmU0Go1Go9FoNBqNh4abm5vY2NjA+vq6m9Y83QgSfDG0n3vd6ra3t504ErRRIpHAD3/4Q/z6r/86PvzhDxuNRqPRaDQajUbjoeHHPvYxfOQjH3H8+Mc/jj/7sz/DzMzMZXeV9nPvzpHuFEkg+aM4DAwM4OGHH0Z9fT1e8YpXGI1Go9FoNBqNRuOh4+te9zq85CUvwYkTJ/CZz3wGa2trBYWR6MSR/5xRMplEOp12Cy5evIgf+ZEfwSc+8QnMz88bjUaj0Wg0Go1G46Gi7hQtLS1haGgIDz74IN7whjdcWxzpbpEvigSJpHA4jGPHjuFzn/vcFRsZjUaj0Wg0Go1GYylTN3+kcVRK7+gu0lve8hb3/FGh9UUnjkS/7502lDhqb29HWVmZu/WkeUaj0Wg0Go1Go9F4WOgPzKBecrpb9NBDD+Gd73zntcVR/kNJGohBaG1txd133+3uHGm50Wg0Go1Go9FoNB4WStvozpGomz8veMELnDjSCHa+9tlPJ46kprSBvyNt0NXVhbvuugt/+qd/WnBDo9FoNBqNRqPRaCxVSt/4o3Dr9UQvfvGL8eY3v/nad44EbejP1G0oPXN055134rOf/exlGxiNRqPRaDQajUbjYaA/8JxG5dado5/4iZ+4fnGkaRNHRqPRaDQajUaj8bDS1zgmjoxGo9FoNBqNRuORpq9xTBwZjUaj0Wg0Go3GI01f45g4MhqNRqPRaDQajUeavsYxcWQ0Go1Go9FoNBqPNH2NY+LIaDQajUaj0Wg0Hmn6GsfEkdFoNBqNRqPRaDzS9DWOiSOj0Wg0Go1Go9F4pOlrHBNHRqPRaDQajUaj8UjT1zgmjoxGo9FoNBqNRuORpq9xTBwZjUaj0Wg0Go3GI01f45g4MhqNRqPRaDQajUeavsYpGXGkH2I0HlYaDIabj0K2ZzQajcajx0Ja4slSMHFkNBaJBoPh5qOQ7RmNRqPx6LGQlniyFEpKHBmNh5kGg+Hmo5DtGY1Go9FYDAomjozGItFgMNx8FLI9o9FoNBqLQaGkxJHBYDAYDAaDwWAwXAuFtMSTpWDiyGAwGAwGg8FgMBwqFNIST5bCLRdHtxtux2MyGAwGg8FgMBgOK/brj4NSMHH0JHE7HpPBYDAYDAaDwXBYsV9/HJSCiaMnidvxmAwGg8FgMBgMhsOK/frjoBRMHD1J3I7HZDAYDAaDwWAwHFbs1x8HpWDi6Enidjwmg8FgMBgMBoPhsGK//jgoBRNHTxK34zEZDAaDwWAwGAyHFfv1x0EpmDh6krgdj8lgMBgMBoPBYDis2K8/DkrBxJHBYDAYDAaDwWC4bVBIgxyEgokjg8FgMBgMBoPBcNugkAY5CAUTRwaDwWAwGAwGg+G2QSENchAKJo4MBoPBYDAYDAbDbYNCGuQgFEwcGQwGg8FgMBgMhtsGhTTIQSiYODIYDAaDwWAwGAy3DQppkINQMHFkMBgMBoPBYDAYbhsU0iAHoWDiyGAwGAwGg8FgMNw2KKRBDkLBxJHBYDAYDAaDwWC4bVBIgxyEgokjg8FgMBgMBoPBcNugkAY5CAUTRwaDwWAwGAwGg+G2QSENchAKJo4MBoPBYDAYDAbDbYNCGuQgFEwcGQwGg8FgMBgMhtsGhTTIQSiYODIYDAaDocgoFP+MRqPxMFDCQPQ/H0bkH8/1UDBxZDAYDAZDkVEo/hmNRuNhoIkjE0cGg8FgMBQVheKf0Wg0HgaaODJxZDAYDAZDUVEo/hmNRuNhoIkjE0cGg8FgMBQVheKf0Wg0HgaaODJxdEuhM3CJ+Z+eCP7a3j82WfdPU5e2P8h+DAaDwXArUCj+GY3GUqWEgM99y3a8ciePV6zjmL+PQiy0TWnSxJGJo+JBhydKs4iE/zFLZshtx12SJ51z9C+rpfnbcfrSdjy//Kf1tH4KaST5N+n+pva29/95osn7t4f8fed9h8FgMBhuDgrFP6PxqaDhSuisKC9LZ5iZ+cwyy9pOupx228+TlLglvZU1uUWRk/Y+Onqr+XvTGldyN0dv7cOB26Ht5NvA9VAwcVRM6PB85gxLhW8yMiiPWTJDenJH0sdto5UuWZuD7g7JqGiq/LvNbSSKEuQWpxOcp2U7l1Fb+IYr+j8pnwaDwWC4eSgU/4zGp4KGK6HcyOVjTICR4af0NpmiRkoiTQG0qdnKxXRFO0F7TnGSn5keO63Ej277vXSN22CXK4tuI487LkvzLmJbTdxaFLKFg1AwcXQToaPN5yXILKWEcga0K3HENWRl+fTVTZYfZKU+ZaFivpgSc1+kSS2S4cqIadeUUsAGuc4VNllqucFgMBhuDgrFP6PxqaDhSih1Uo7kcqEsz9E2pzIZCqNdLJOLnL3CWdk9nUOJs72OxM4GhdHuZeLI5V7aB3NhZLnRDrkrMaQeQl4OJrrvMtwyFLKFg1AwcVRE6OjU+EUZ3t7RakIWpJluBc5wQkeGRMqQclcYPOrcilxH2+VvK0uTRcoyfev0qWVah+vrVO/oa9xsXenI0jizFEYZV8psDQaDwXBzUCj+GY1PBQ1XQmdFaZNSsd00/1DcZJg0rXFeYGUJA9kdTHF6g4u2t5koZxLY3VmhflpibrXj8itxL79zzM3UOdckZykt00XqXM88wy1EIVs4CAUTR0WEDMHXLTIId7T6ky9sfAHjyIW62kBDU0c7PUmk54jS/Oc9j6ROcjmbE7mqIz/scJ+64bT3hflCyd+/vtcZquoqQ3pPOnnXMrRHg8FgMNwMFIp/RuNTQUNhKAtygy0kMy6n2uKpmuC8P4vG8Md9g3h0K4Vpfl6hUEpSHGV3V5lSrSgBvjzPUprFwn+kwZ/tl+6mUm4dw61DIVs4CAUTR0WEjMDXJ5rOWUvOiDjhG5PEDZdtk2nRzdaTRxJF+qeniySXvAf/RGkfv3ucT32Wwbnv8anv86nueLrF6x40zJW5W8euf6zBYDAYbgoKxT+j8amgoRCYA+1sk8zWKI62WSzxVPVwyS+3BvDSL30dH+oewXeZfPVz3jwTrGVmYuuZNewqcfMfPFI6xXOsPj/qobPFMkEqb3NZlv5wHUdLu24p9tvBQSmYOCoidHQyiL37MpqhCSdSSBWcp6sTMsIZLhonVTqhk0cJJ91Y8vfnCST1c/WYJNU9LsmlSS717jdpmAfJKo2Mss3zrbtFpLrtXfasEsl9GwwGg+HmoFD8MxqfChoKYQfZ5BrzISqcFDMopkXzPFVdXPIzkT688PEuvOCxKN4ZGMGnpzbww2QWsZ1dTDF58rrikUzOdHp1x0gDbSWZe20x9/LGEdZcrqikTwmdyI+GW4dCtnAQCiaOiggdndq+6I5UE+5+Kif4X7axxM/dm1v4+sQUvjw9gy8ur+IRnpcxrrrJ5e6uENfdpNElSGkZd9r0h+fZPR2oqx2ZNEVPgga5zn8r2MAqucbtN2mgiRxzookCKcvt9VNclzzSYDAYDIcXfkxVAPeZH2uNRp+GAtBzCTubzKk2gHQSWSqeBc7uIN8RHcGDXeM4G5rC/Rcm8KJHR/DuwDR+Z3oTX1tPoY/r6gL3Gul68fAcp3eyTPU0FHgCu9kk90vRJTJXcwJMpfXYuaUoZAsHoWDiqNjQIYqyASeMKGgUtPhRo8Wp/+q3Zmbwzu9+Hy/71vfw8MVO/NLMEj47vYxvzK3jh+tpdKQooLj9KNedE7kLGaHu4Erk7Oo2sLrGZZK07w0KqDUKIJHTu1vI7KackWZ3s5zedXegJLJ0ZcRRP0k/yGAwGAyHEn5MNXFkvBYNhaB+bszKmD8hvYUd5lQaoU7i6K2xcZwOT6I6uozazlU0nZ/HA49M4YXnJ/GmjnH85sgUvpVMopvr6hklCSXlWEgyuUqQSQqhxBZ2U5tMAfXaFa9vj4bCMtw6FLKFg1AwcVRs6BBFqQ/de82JI9nNCjlIfnFmFm94rB0vDvbgXLAPZ4MDeF5rD17V1os3BQfxU9ERfLB3Ar8zMoPPTizgPEVWlLuTWJK4muX0Irmhc6r9qy6oeNKbSTLlpr3bRFyZ1MUKkT/D6+HHRfxvMBgMhkMKP6aaODJei4ZCkDjapCF54miX4kg5Woh8e2wU9R3DKKM4qopvoy66jebAFlpaV3C2dRLnftiOt/b24feWV/Ht7V2X120o5Uryjxu3m6UEUjaN7d00JVgKq64vj4mjW4lCtnAQCiaOigx3hPrjiyMN180TLJNYJgfIz0/N4QXfa8O51l5UhsZwLDqJqp5pVNMgq4L9qLoYQ8P5LtxzIYKHyBc/FsSb2+J4X/cofmN0Hp9Z2MKXkhmc386in98xz50v8+tWeX4lmPRMk2xzi7aZItO6u6s7uiStE+4hJv1Gg8FgMBxK+DHVxJHxWjRcCT0PpJfwY5dqZpsl8ykJnDiX/VRkAOdCQ6jumUdlX4JlGrWRFGpDm6gJLaKOeVtdawwPMld7Z2QMfzC8gh8sb2OKemud+VUy14uOJsmUS++W5L75bRor2HDrUMgWDkLBxFERoaOTCHLN34kjfnLiyJuv/qwa9eTzM8sUPLprNIOK6BLujK/iaZFp3BGZxLHYDMq751BF1kRn0NA1gYbAMFo6hnGqdQCnz8dx9rFu3H++F8+/2I/3xObxsYENfGp2C/93ZRNfXU/gkVQGQX7/CL9rllwlJZjUpS6zvYsMl9/udWEwGAy3M/yYauLIeC0argQzWGzxr4ax8kbyzUI3foa47H2hbjw7GEddbAwVsQVURJZRFV5FTdcKqjhd17uByvACGjqmcX/rCF74w278VNsg/mxqDZ3ZXdfLZ4nU80ga2E7XyXeYk1lV3FoUsoWDUDBxVETo6HSjVkKIB6uTlKMnmFY4S3eO/s/0El7ww16cDsziZNcajsWTKI+uoKJrEeU0OI+LOBmax4ngLCqjyzTOJTf/ZHgeZZxfFpojKa7C06gNT6CxcxSn2wfw7I5+vC42ip8dnMInJubw2ek5/P3CEh5b30AsvY1R/i4NSannn3T31x+NUtQNJf/3X1ZT+uDTQUcj5i+4bIVbCLarvX9MEHL/9Omp/20GwyHHE5nOE5rVEy40HBien9Vf+WslW77PTtKXi3oY3Kc/z1i6TB1gnupyK1duk7sSvjuXcq7rpeFKKNfRC19lV+55g+0d1gPc4Fi/GIzgeR1hNHcNoC4yiZroPOqii6iNzKNa+VlwjeIogfquTTQGF9DSOooHLvbh5R19+ODoLD67soHzTKQ0GrHuRqnnjjNcJVc5m9Y/TWmWqOnLoXrT3ELUMqvXa6GQLRyEgomjImOvyepYcy9f9R76oW2w0BuXvzi3ghdc6EFDcBLlXUs40bVKYbREoTOPcoqekzmW8/PJLgoh8gSnxbKuBZyILuA4eYyGenfXLKdncDIyQ2OdQFXnCBo6BnGmvQ/3XezFQ209eHmgH68P9uNt0WH83NAMPj61gr9aSeN79Apt/D1RUqJtktTdLTkMZ8f66b5R5yJyZjtN572BNF2KbhL71L/kborUZ435L3oOyIkuHr9upu2Nak5vwNPj6E6Y7N2n7y20sUp/vtYjvdXZ7vhXA2bqG/WGKL1CN+Govr16S5SuDXn0dpTbgejt5HL636VlBsPtBrVr3xT8Np8zBZ8Ovi34xivu28aV/jJ/vr8O/zCkkPICe3s15ME/hW7wKtL7rLOlOMnPbgZPaGqDTLqLWRc5T89D9JF6xsH41FJ3GK7GQuuLWjacK1WPvfvmaR3Ni5AaUjrEOh9JsR1sM1jruZgbFEiGKyF3tUmrS+v8aDSFbQlTry7eH4rhoY4YTnUxn2JuVRdZQANzrzrmW9XhGZevVXetoTa8wjxuCc3BeZwKTeN0cAxnO/rx3M5+vL1nHL83vYYfMnca4363+IW77v0sTLC3t/i9abBGXb61wnKTpXr37LrRs+hYpah2uLG6/TkJ5zPvUrbLLS/Vr6ZEznXHd2nJ0UQhWzgIBRNHxYbfMnlS/dTdJeecrzHxJT7+am4Jz7kQoZGNoDI6j8qQ7hRRDHXNFIUVXdOO5aEpVLGspnFXBCdQ3jlOg57Bmfg8nhMYwsvbe/D6zj78ZGQIHxqcw/9ZSeG7mR108bcPktNUMytkgseT4m9P0SbTWV3l8sTI1m4Sm1lKkaxGYuGR0lB1tKmdDDZSCawnE0hkKJtY7zolOjVqAo6y6Ry9BXnUvHwWEkn848kjT5x5o8F40ihFl6M3DXjiSClH/s7ysO97j0LzNBxhqH3LjnxbUpvPmyU6aJkvjBSHdYGEC7WuZyLakCtpndyyvW1ELtMrELPc2LM9w37olLlTlTtnOq+KFjpfehllklnaDoMy0pRFWxsYTGTxrs4xvDY4hTdf7MPbzvfgrRd6CpY3ukzljS5TeaPLVN6MZSpvdJnKay176/k4foJ86+OXl276Ktu9neW7HuvDOx/vw5tbu/HjbTG84/F+zhtg2Yt3XIji7a0RvKFjEK8LTeLNzBE+He1BYn0O2FiiaZk4KhaUPaT4Nysj1CBWFEd6/ECPPvxcuAfP6ehFc9c4RdEc6rsWnTjSdF10BlWxWdSQjeF5tAQXcKpzmdPLqIksoaZvGVU9s6gLDuGBi714V3gSn51JIsb9r3P/Oztp7DAZ1Atj18hVWr0ufrgL0vphuors3k2pq9FcsrPOmVpD8mm/QNIWXv3qr0/NFY+69y1kCwehYOKo2NAhqkVeRRxpqMibLY58VkRmL/t8MjyNE8FJnGCQrQgPUyj1ozbUi7qOCJouhHDvxRCe3x7Ba0LdeEekFx8YGMVvzyzg85sJ/H06jUe3M+hL72KRtrkhscRjUn9ad9GFTHKGBn9wd4RyQV/UlZBd1+mWAT/L85LheSFT25Qz2yknpvTQov9yW11N0VumVSpdYMPJndM8OuvnfDfoRY7+D3E/yl8nt752k5vUz9JiuRc5JHVVYZOn+9Fv8NYxGG5H+DYgs5ANSNv4lF04U8lfKTdT67p3sHEPutqqN8D766vUqnu2xj96JaJeRJ2bYdgH/9TuF0dK2HTGlB/t6onuNBOjTBJ9VEwPP9qLxvMDOBMaxOnQAE6HyULljS5TeaPLVN7oMpU3Y5nKG12m8hrLToX6PQb3leTVtlPdnescxjkmzo2RPjREe3EmOIJ7AmM4y/ktbRE0todQEejH8Y5hlLfH8VPxOKYZmXYUHXdpW3n51EFpuBJPRhzVxGZQy/IycRRaQVV0Gce651HWv4CqvlnUdw7ggce68aa2Yfz/ehbwrdUEgrTlYX7lCr9SN4ddvpKi1evqs95fSd/pX/DVP/XKcTmk5xkcdRFFtVqIhksoZAsHoWDiqNjQIbr2WxriqCw0heOdE670xdLx4ATuDI3h7tgETvZMo7xnEhXRMVSGB1ET7EV9oJsOOoLmi0GcaevEs4JdeEm8D68fGMGvTMzik5OL+NzcMr68sokfJDMI89iGeMwaYnyVZYKGr4seu/I0bug8HrTLvjitc7N3u0gGLhelpEB3gPReaVHd4hKck+B8XV/ZJrUO13VdFb3z6fYln6EEIz/Tk8IR/c9apnW0GbdR4uFvJueob9jiJ1EhSLs1GG43+Cbjm02+6fgmcsmMPHnjSZxL0xJFEkfrnNb1TAkmmZr2xVke+ce7rKG9mTUVgn/+XbdinnjvjHniiDkaEvyTSfHspla5IsVRZgcPtw+jmr78ZHQcZbEx41PME0/AQuuLJ2PjqOiaRHmEMbhnBHf0arhoxmbF7MgkKmNDqO7jvIFF3Nm/gmPxabxlYBR9bBt6W86OiaOi4YbFUUTCaNqVzeFZiuIFnO5c8sRRZAV3xRbxjL55HB9aQM3AHM6wzp/ZPoCHfhjFK8/H8cH+OXxlPYNefuVGlhmQnrdI0OummCht671Im0jv6CEB7967/IFyFk46qvD9Rz4138Gtxz/uCos366iikC0chIKJo2JDh+gykKdeHFV3a5SVWXe3SOLIn38yPOOeXXLPLdHYj/Hz8fA0jndNo4wOujxKJx2REx/l7xpERWiAwmkAVWQtpxsCfTjV3osHA/14VXQU/6t/Ah8bmMRnJ5fwtYVNtG9mMcxjXeBhr9Hv0A+496Kl6Ah0kURUIpam8W5nMjxVyg5EOgj1sd1hUkAHgZ0NztvkGVRXOf3Tk0S6jqLz6s6qR+4vn0576QvyRZKf/YnayDkOBRoviaMJ5KgVuMxguB2hpr1H2QD9cu6fLlXIWyU5tUEjWSdXOK1haHVBQu9U2+H6MiWJIr0TRNRn7cq5PU07ehc+vE+G/dDZEZ274QnUJ8UKJWzyj0k6sp0dLdCZ3kZ3JosXdgyhvHMKJ+jTj0d9zu0ri7HM541ufzOW+bzR7Yu/7ERsLsf5vGmPV27nlSdYnmTsLYvM4xnxKTy9ZwrHI4soCy+7mFzWNUGO4umc/rHIKrdZwDsGpjHIdiG7lP0VyquuRcOVeHLiaMrdOWqiOGph/nYquISmnDg63rOKOwZX8IzBRdzRN8P2MIbarjGcDk+gqW0M5x4fwevax/Hbw8t4nLnSDL8zQd+adXlQmn6WNZ1lLkJnqqrTz9vLW1zu4vlZTeYv2qtlbaSN3cPde3OPJArZwkEomDgqNnSIarklIo4q5YwpfCSOVIrloRlUBeZRE1hCXXCFBr+G+vAaaoLLKA/wd3TOoiI4hyo6hGo6Z7EiokEiplETnkdjeNE5hNPcz+nABM60DeDs49144EIUz20N40UdIbw2GsW7RwfxofUlfDKbwtcoRNpZ/zFygOdCgz9omPEVfva6z+mccYHuLqnTvR5ITFPVZDWwgvdckc6m/mmOrmL72sfvGpdPzdeunFjK0dWNI//ofrackUadyKfmu5UNhtsNfkquUKp2rvZ+efv3LhZ41pbk383cNLZJPXxIk9TdDiXwem+bhqt15iJzYsG13N41bVZ0dTB68lwxJuqEiTxjvjiS2NTF5PR2EunUMpLbGwhQHD0UGGKs0APh9MuhpauXN7pM5Y0uU3mjy1TejGUqb3SZypuwrIZlPWOu4m4Z46qEVXVoDXWd6yRjcWgOjYyz5ZwuC2ygrmMJP989hzm2CS+OXZlTHYSGK3HD4ijXrU5s6JpFM3Ohlpw4qu1awbHwAu7qW8Fdw2u4Y2ARz+imAI5OMh+bZ361wFxrHfdQEN9/sR8vvRDGR0fG8YNUGv2sp0X5BHlO5wRI9bpRmX+RN8/Bemv7fl0zSVW3JrXeEa/6QrZwEAomjooNv2GWgDiSILpMFOXmV4RnUScn3bnsBFJ1B522pumwq8MrqAoto4Is71zECbKMv+8kHXsFl9WGV7ntCrej8OqggApQhIVn6DD0gOIEj2cYJyP9KIt043gkSqcQ4bwInhnowus7ovjp2BB+bWIBf7KawleSKTySTCOYzqCPKmaS50gJlxM3nJZGcgKHn1XmU7ea5SfkLzyR5D2zJCYoxLZ4svVW6k2ukSDVUc/rvasEJDeSlhJB1tNulsx49O4ocYcGw20E+V4NUCIbSNEaJH10jwg7tKAMLYkBwF2MUKnP7kJBhubAUnayTX9GQ5OW0mN9umOkQVsGuL4uQMhI5faU56t0MDu6ChQRvI7Cuzp5OmnOI8k3yTsxH+Ls7Wya/kl3ztMIURw92DFIfzxN/7xAX02fHbxaeaPLVN7oMpU3ukzlzVim8kaXqXziZdWdIsXNFeX83jr7t6tlWR9YphBaxkkm2rqbVEMhVNexilrG4tqOKS6f5LqrqOrcQlP7Mt7HmL1Io3K9yfflUwel4Uo8GXFU2e2xNqJBGeYokBYpjpYpfJgjdW/gZDdFUvcS7oovoaxnBSfjFMJd86iKrqMysklRvIwT3dMUTCM4G+nBC9uD+M3JefxjIusuGusRpCzdswaq2/Uf7tZvZK6EbfrpLL2EetqILgvyPa8ayqXJo+6DC9nCQSiYOCo29hrmUy+OrkqKIw0P7t3G90khJEYW3W1+N921hOP7GVnCMS4XXXcAt62GHNfvn3PCq5JiqSo8heoQjd9xCrWhcXIYdYE+NLTFcU97L57f2Y9XhYfw9tgYPjAwi9+bXcFfr27h23QQj9DW23ge+3nelsh1Tqt73iaZlI/gZ6dlyF0JGnflmyd4h+d7O8l11rCOVf5bwfLOMlZ2VimWNvkvQfGl9FAph3eVVkN5bnMfSvrUbcFgOMyQQ/f9rabln8WUu2CwRbvQX90TSnAdRmANGas7tVtUP8mcgekukTM0JvFM4PUiaV286KfhBTdS+PbSOj41OYnfjnbRNrlA5uc8HreRs+Pm/qRhPwqJI/+euCeOdMFHa7AS3MWdLoqjc219KIvJ386hLCLSj19WFuITrXOrl/m80e1vxjKfN7r99S07GZlnjGS8Z8y8g8nx03qmXKw9GWYSrfgZmUBll55PWsLduhDJ+e8ODmNBdsw2kJ9LXQ8NV+JGxZG605XHPVZT3NZxnnrTNAWX3d0jCaS6rhXURLxudtVkTUQj2S2jtmsZ1RRGZT2r7u7SHX0LuFt3oTpH8ayL/XhvfA5/ubCJ1q00xuhD9W7MDfruZDpJHbTJ37lBapAWllkys0Z3osvJ8hrOkTioyq3adQ4K28O1KJg4KjZ0iEoMeFJLVRydJHXF6u7YJR7j7xCP03mLJ0Q6A9EXUCciek5pztvG9aEmuZ6W6aW1laElVAWX3F2o2sAy6jvoKDpWHSs5vyxMEUXxVC7B1DmJ2o4xNHWM4FTrIM619uHZbQN4CQXUa2NTeOvgHP7X6Dw+Tv75xBK+sbCF88ld904mvYdA74uaJ+U8tni+01k2Yj2/pO4/LHezCbbLNaQoihJZcmedKUaCAiiNFJPBDNuiBJYbJCaPEkhHoJUabmP4Tl3+VtMaGVLTSrzTFEPbu7SNnRR23TMttBkmXdtMDDRcv54N3CTXSY2mpEFW4tzn3yTW8furS/jwyBTe2zWAN7VF8fy283jZ97+FWX0X19Xg3boz6z6427vckPZkuByMhIwLOle6c83z5HIa3TWSJFLMyJ06nUddyGHgcOKotR9lMfnpGRyLTRsPIY+TZV0SS7N4es8EfrRvAnepThlbVa8nujWgwwjuji/gDibT1Yyv7wwNYm5HFymYS9iADEXDjYoj3Tmq6GYeQ1bG5rwXxOo9SBJIzIGanUjy2JjHBgrdWm5fzbypKsp8Kcq8KLKByvAG86FVNAUWcU/rGF7UOoB3R4fw+9Mz+HpyHUH+xmnmLMms+r94w0ftultKFEUSSG7a8+Uuz3TH5rmVo+5+C9nCQSiYOCo2dIhqkSUujk5EpuiML/FEhPM4vyy33JG/qSKPuuN0IiInP0lhpH60Elnchg5c4qiCjqGSjkGGXkPWBdZR17HpWNW+hnIKpip13QuuoloPL3by2AOzqAsvoDFK58LfUBeiaAqOozowhJr2fpy9EMfzz3fjNYE+vCM2hvcPTuPXR+fwybF5/M3SJi7yXOuleXqGSQ82zrCNLTHhSPL8s2E6tbNL1bOTYkOnGsqyzLhbRN5i5hyuJ10+DYbDDDl0H/LN6TRlixq72rZEi7po0CZ2mQzooxIC3Z2dIvUy6E7ye9ldfHFtE58YncR74nE8GO2gjZKBIE61d+NMsA91vXE8N9yOMfl27l5jS2rQFDeaJPfNSf4Y0nAZeLacFNLgMu5OdU4ceU9Rqisj641051FnlIEjQkd1z8UBnNTD//TdjtHJwuWNLlN5o8tU3ugylTdjmcobXabyJiwrY1kR9uLwHfExPK13FHdHZ91FRomjstgoOezE0Z16Z05kDj8ZGsACxVFW3SxNHBUNT0Yc6Y5RJW2xSs+MkU4gdc1TAM27Lnangpd4upNl55Ib8rsmPInqrknmObNo6VzGWeZGZ9pTFEYp1IdT3Pca6imgNWJw86OP4OVd7fj46gwu8DdO0EPM8jcvkOv0Exqeyg2Po651utClARjkN/j75VLkfuVBjjIK2cJBKJg4KjZ0iEoISlgcyTlXaVCGPFYHC7M2jzXkyS6JI08YuSuYjt4dpOO6s3RZt7xlx5Nh3UlaQmNbHgN0NnQY9brbFJjHyY5pVARnUUEHU8n9yPFUyAHF+fviE6iKaBhbJmTtcZxqjeE+nr8HfxjAi37QgXeFB/CR0QX84WICf76ZxleTabSnMhhj5rfAutDzEXoL9QapG9CuxxDrwo33wFKexOUhyhRVHoFmarg9IR/riyE5dpX67O4eMfjrIqMGhORHNxT3NNt6LzPxi5kd/HVqG7+1nMRPD0/jldEhPDvYgzNtUVS2duLOnhie3teHMtpirRIB2ufd/WM4G+ryxBH3p2uaGoDWdVb1u4uZOLoCPFs8Q3ptgIZmzvmcPHGkWcyBFWQ5kUKGiU+U4ui+C0P0g4v019P0zV53Zeen98rcfLdMZf4ylddYpvlPtO8nWra37ydapjJ/mcrc/GsuU5m/TOU1lmn+NZepzF+mMjf/mstUHnSZymkXQ+sDev+NLipO4HhsHJWM/ZUhXWCcYewbdbHuZIyxNLyEBuYG7+kcxArF0W7uDvCN0HAlblgcRVh/zFMkhmqZ91TTHzqRxLKWYlbvPmpmfbbkeCrovQupiXVZHZ6iQJpCU+csTrcv4J7WVdzbvkEBtUXBtM78agnlPcuoG15EXXwUdZ1R3B+I4N19I/j0whq+v72DCH/jGH+jBulQPuOqV8LIjU5H8rPch7lfnZvC9nAtCiaOig0dolpkiYujagqRGtE9POpNV4coRi6jt+7l9Jap1J2kk66LgBy911VPlGBSP9q7HKc5TeFDh1LD9RUkKjun3JC05Zw+SVZFFyiA6BR4LvTQ4jHu/26ue4yO5i5ud0eUgqyb39U9hwqyKsLAE55AfXAMp0LjONvJJK19CGcv9OLs4z144HwfXtU2gl/oXsInJjfxheUt/O1qAt/aTOFiagfdrI5x1sMCqXdO63nHFJ1ONq1ueV5dGQyHEfKxEkK+f/aRpT9apwBSQB3i7DDb+fe2Uvjc/AY+MjSHd3eP4SVtvXhmWx9a2jRc/yjqw9No6F5ETc8CTvZP42TvHGoiq2jq2EBjxxoTuxnc1xHHLIWQHl1St7oE5ZGuaLqkX37QbOkK8Gw9oTjy4gcpcbTD9I2lhvK+X+KIyVN1kPUg0k/WMPG6VObmu2Uq85epvMYyzff3cdkylddYtrfvJ1qmMn+Zytz8ay5Tmb9M5TWWaf41l6nMX6YyN/+ay1QedJnKOdSyrO9YoEDSc7rehcbKkNfrwj23G51AeURd6y49c/RTwWEsKZ9gG8jPpa6Hhitxo+JII9RptN6W4KJ71kh3japiFLixWZazqGUOVM8cRes15ljv9kFSLIkNndwP24hjmO0hsoTG7hXUxdSVcon7WEZjdMV1xWviumeZzzyvtR8/QUH9O9Ob+G4ii376iEX+Xj0e4HyI1JB8xi7bCY9Nx7dzxB1wIVs4CAUTR8WGDtEFt9IVR6KuVlXRWVcFF9y06zZH49VDoyfI42LuzpCEjnhMd3Jk3IEF1Ik02hrSCR4mUhVdUzgZUbcC74rYsdgY7u4exV2O47grPuF4ZzfL7kkKJ5Lr3slt7o7obtQ0gwJ/gx46JnX1TA+wlvM7K9Rtj1T3vZM8X2X87e4ZJjotjaSnd0dURLic1LSGK68OTqIpNIGzFFDPCY7g5V0jeAe//1cGpvBHU/P4ytIqzm8mEU5tYzC740aJ0R0mjZ4purtMJPM+1qJXrQ6uHbM985+r6hyPQOu+zeHVqf55tZnjvo+OOexNFpif3zYuax/+umTepOMlXJqrVrafrg06upVdoe9QjFR3ii0u051S3R3SndPJVBodGwl8bmEFH59ewM/1j+HN4T68rCOGZ7d1457WHpzqGEJTcIoBf4FcRkNoHfXBDTfEcD1trim4hDMdm0zS07jvYorrrOBF7UNYcX3z9N0SR0r5NdiJ83r+zzPkQTXqPWF0ebc6daErJI52shnEmRg/cH4IlZFl+kH5Q1F+m35vr/Tn+8xfpvKgy8T8ZSqLsUzMX6byoMvE/GUqi7FMzF+m8qDLxIMuU8lYz7Kmc4liadHF0zvi6sq+zFi24vW4iDEGRhkX46t4hp5HYX2/IzTinuvb1t0jtpcboeFK3Kg4agzrxa+LOE02Udjq7pHEkXsOifWpUexqWI8auMFnNUVTTXQOzfSrzaFl1DKnKY8wp9Iw33HmTT3TqGb+0xJdYL6yjJbWRbS0reNMcJtCLI2aALfpmMKZi8N40fkB/r5J/OXsFqL86XqdQoK/2z0t4N1yJjPOy3jxIgdN+MxN+P/cZ3+Zz9sAhWzhIBRMHBUbOkQX3EpbHFV0qQubJ3ZUlufo7gT53Lsj5FHPJcnRVwfnc5ylwBIljrRPDRc+xW0mUab+1TnK2Wuc/2MiBdGlZ5Y8HovoBbTcjtufjPA35Kjnn3R3qpxCaI8MMI5dEkYaDCI36l5EQirvxbakXpaoZ6cq1c+XAqm+cwQtTOY06tOD5Ava+/Dyjn68ITyEd8XH8b6hWXxidBnf3cigjfUUIMOknOUEqRHz/Lp1D7K7BMe73nuZeDIcQtA/uRrNDfOuJNXZrRJUGm8+nR/T+rnQo897y9z/vVTXF9eaVshyC73Y5bpO5Sbd+hokRP/yV9qlzMjsJrhcQzprYPpNft7kBpRAdNqu+xr/q+0psMu/TJN6Du9xfv7SVhafnF3DB3vG8dZQP17UOYwHyXva+3G6rR/NFETNnaNoDE2ikbbSQHuqoz3pinUdA3ldeJXJwCqaula8vvScfw8F07mODbR0LuDhi3pYnF+kLnv8vRphTedE1y4llrzjMVyOQgMyqK49caTm5JqYe+daGtmddE4c9aFKF34UK1y80N17+UK/zM13y1TmL1N5jWWa7+/jsmUqr7Fsb99PtExl/jKVufnXXKYyf5nKayzT/GsuU5m/TGVu/jWXqTzoMpWegKpmUl0d1Chl027EujLaVDkTYjewEePhyYguLC7jTr17sGsJ7woNY54NIsO4UyinOggNV+LJ3DlSFzlRF5LUvU53j6opkDwR5N09Uvc7nxJGElGNrGuxlu2gKsI2wvUrNCx4jAIqPIUG5jtNzK2aA4toDsrnrqM+tOoeOXDiqpsMjLheMi9nu3j/yDz+ciuFx/ib9bvl/5WT6Nk0NzAV24x7WkCuhMfn4oXyFzcYjxfrFPW8HDW3XMFI4YeTjnmT+Sw8VywdFLKFg1AwcVRs6BCVqfCklrI4OqqscJxmkKIQC07iZOcEylnqzlctnd4zW0fx6h/E8cbWAfzk8AI+OLeBP1xO4PvrGfcOJu/CDP8wadHIXFusZd1hUlqjRYbDCk8a6TFXpa3uQVd+cg/T+M/PKGCoknNuTB81W/mt++Avz01qme7i+OJZ87Sq2pCo7fSEjgK0HrrXe222t1NIpyiEEhtIJzeogTbpSpL0nVyLIklCKcO2R2/qrhRqZDl1rdBzP1G2y8e3s/jTuSQ+MrqKt3VP4QUUP/e1Dbqup6fZ7htC0xQ8GgSFAdyRQTtHBfnCXERTZJVBfh4N3GdT1LuLdDowi1e39nvPHLkjU8DlD9LxsdR53Dshhjx4bU3ca1v8441Wp/m5tuIehEzS3aRy4qiXCZWS7MK+zVj61IVId2ExpFFfp1wPinIm2FUUTLpQWd01gSrmBSf1yoygLk4s4t1MghfpMHbszlFRcaPiqC4yU8BHPnnm++LLyDaj90jWxedQQ1ZF1UtnjPNHcTYyghfHxvC/hufxmZU0HmUMULfpZR4OXYZ3fUVuRE2AjiWdSiOdTrAtKTL5cS4X65TXyBflPrpt8pqO//HSbP2Vt8rRJUfeklJBIVs4CAUTR8XGXnsxcVTK1MtxVepZKJV6SW4ZhVJz+yie3zaMc4904b5AHM8OxPDSH1zERy+GMco61MUX1a3EEc1G1/VdAuz7EsPhBT1U7l8OmnD1zYJlbtLVteKHUlmfe/WvFRSMtIIahkaGy12xU0qsFFijuq2Tm9wyucOpXTpcd3+JG8hJ6CWsGjEhw21Y6IqfLvRlWG5zf+rGpmfmYgxmjyXT+JuNTfzOzAJ+uncYr2RQf6gzjvs6+tDSPoCG1iE0tk2gpWMGepO7+rsXDMBkoYDtMSeOOF0fm9wTR2c65/CatgETR9cNE0dHlSaOSgeHRhyRDfS5dRE9CsH2o/VjixRHM6juGMap1gE86/FuvPqxKD7UPYYvr6URohPRoA2rKXqZLZJ+RneU9Iy1Ys+W8zc8ZvkY5u/e7SX5HHpsUSdIzUYzfLoZgj+ttfbTX6c0UMgWDkLBxFGxsddmTByVMiWOJIgkjsTK6BwqOb8+OIlTnaOoDQyiNjaElkgfnn0hgPdTHOn9SkpfvApW4uffli41l2C4YagifeYK1a/yV9W4fydIlJzxu8xpvtZzcBtwS4kiDfAhoaMXre4qPKmLnJ7MYbm7QdGzzI1XuI5e7LdFsk1R9GgzvXNog/vSu7w0kMIIpyOM3t9l8Pvkwhp+cXwOb4kO4CVtETzrYhfOtcUognrREBxiUjXu3t5eG11CXXSFgXQFNeEVF+QLBeYn5uXiqJE+y4kjJnmvax8ycXTdMHF0VGniqHRwWMRRHakhwus0FHgn1wstoT6yhnr69Tq2mdNcfl/nJB54tAcveCSKt3YO4GPjS/ji5jZiVDordChL9DOLPF49f+oGoXI+iAertpFTQ5qUx1ZMcy5pzxPl0bUlzb8atbx0UMgWDkLBxFGxsdd2TByVKn0x5N812psncroyQuHUO4M7ukdwPBzHPR1R/OT5kHOacizeI45+usxSH30aDi9kt4oBOR8vd6Va9gVRvhjyqRaQawVuU3o599cTCSKXqgsDE1w3hraeF/KpF/il1vgFnM4ksbuTQYp+Y41fPMddDHFPHfwt39zK4nNzW/j44Dx+LjiG1+h5odY46gK9qGcgbAmN4kzXFE5R8DeHphnQF1HPpEp+pYwi5nh4GccYTE9GV1ETWSgYgMVCAdujJ47cehEvWWjqXMJZJnmv7xg2cXTdMHF0VGniqHRwmMRRk3xweMWxPsR2EZQ/XuXvWkNtp/f8072RRZxrH8WpH0Zx//k4XhsdxcfHp/D11WWE2X70niQ9GpDkMSo0OUfDabUOfVScU3zTc7LeJV85plyEc10YRK7pKCevdfaztNpaIVs4CAUTR8WGDtG1ExNHpUoJIb2XwBdHuoPk80R4BmXdC7hrYBE/0jPJADaEe8J9eOvjQec0NfqXqtc5COc45DA4R/V+BJr3bQ1VrKo1V52azBdGKvVZ811164+24YQSXdm6TwkDca9PN4UPsqTrMkfS4Wpo3oTEENdaINVts2tnFz/Y3sHfbqXxm5MLeE//JF4RGsADbb04TVHUFBpCXWwS1YPLKO/RyIwaNngezeElnAut4p7gOs52rOBs5zpOhbfQGE2gOrZFYbQOjYpVXQRxVM8Er7Fz0RNHgRETR9cNE0dHlSaOSgeHRRyJTbElNEdX0Ni1hIbwMuopkmrp70UNmlNLwVQT5O+jQGqJL9Lvz6CKMaPhsfN4ONiKX5+ZxneYpyvGrJN6x6PyUTkb+Rsvzu3Q2+gxAUkjLfSjH6mVL6PyHvknbe1RrazUWlohWzgIBRNHxYYO0bUVE0elSvd8Ue6Zo/3zTgY1St4i7uhexNN6WSe9UzgX6MUb/qH16uJIc45A077tkbNduSlNqoY19EHKBQxP9Mim3RLat+s6l2ZQyOrZM3WVU0/uJNehzTN4uOQ212VBqysPVk87PYakIDzFPbVz/vckhhJpfGphA780MIU3d/bgRRe78MDFCE519DAQDlHMT+Bk7yzu7pnFnd0acn8ZlZE11MY20Ujx0xLdQlNwDQ0dyzgdWkdL5xoaOV0fWCKX0RBcYWBXQM29d6UACwVsjwy23FbT+8XRG0wc3QBMHB1VmjgqHRwmcaTnjWr5vXpXpEYUbaJQ0gWr+qB396iua5X55BIq+TuruldQFWd86Jnj9DBqAmHccz6AN4b68MmpdTzCWDPIY12mo3Eeh8fs+RzPB2UYy/RkrDd6pig/TroeEPLxoomj/TRxdC3oEF1bMXF0GFnlksdll3zerbtLXZO4r60f73ikC4Osu81c9cqVaEBeJThs2W6O4XDDN13VqAKnQoV3J0jX0xQsElyB3E4ymDJopBgskroDlGQI2eLSDa69xR0xcND+Ze961CjNj6t0AZP8gjh5npt+bTWJTy1t4GdnN/Hjw4t4YWQUD3T041x7H06196MxMExBMonaqN5/oeFe53EyvoCy+BIT5GWKn3WcCmygOaihXtdQzUBZyYBZEfNYFV1GbdeSG377TGAR93TM42xg3uu7vi8oX5uLqON+GmJ6fmkCjUzQm5m4neqYwRs6R00cXTdMHB1VmjgqHZSaOLoaayWMonp3khcP6twLZr3nkPSepaaQ7iYt8Tcucd0lxguKpNgiYwbbFeNGfTd/f3QS9Ywr91zsxhu6hvG/RxfwndUtDGV2sUmHo2t46taNXcW5LXruTXqeJEtdEFS7y7iLgHCUj5eTl6e6RHk1tjZOlw4K2cJBKJg4KjZ0iK6tmDg6jFQXpcbOZQaoZfcepZrgFJ55cQDv/kGXG5BB/XG9ZuzXr0qv2g2HG6pHvW3GF0VZBgcN1L7DQLGzu84kdZ3xQIMmMIl13ePoA1N0oOk0MpkEMjvahtuygSjNVfeFWTJO8/8ho+5fLqXwG1NreO/AAl5H23+oYxhnO6bQ1M5g1z6Jhs4ZNDLg1TMI15LVkUWKHIqhKBMnBjtHDbDQtUxxsooWUi9ireta4bIllHcv5QTUAku9lHDOvXPDvZcjzH2zfest7YUC8BPTF0d64WHumaOcOPrx4JiJo+uGiaOjShNHpYPDJI5qolOo6R5HrRNIU2igQGpkW2oOk2w3/nuXGtiW6tV1mqxh/KjtWiXXGUNWUM5csyJCkRQawP1tEbyxM45PTS+iM+u9AD/p2grbmF4pwRi3yXOj6Oe90JvL5OOlotytJlLtKk8g+WuVEgrZwkEomDgqNnSIrq2YODqMlDhqCiyhJsRkk4lqbXACz7rQh5+iOBpl3V0SR2zPLqFxKY6rdsPhhszWE0eqV9mtklXVuMTRBsXPBuer24EChrdkg3F1k0E1w2CRYiNY4zzdIQpx3nfWs/js3CY+2DeJt4ZH8eLWATxwsR9n2odwiu3qdHAWLYEVnAqsc3odLeFNip01tsEVlyxVR7w7QL5AqilIBkFHJlZkVWyWQkl3mmbd29pP9szgRM8Ujvdymp8llgoF4CcmxRF/Tz2/z+9W57/n6E3hCRNH1w0TR0eVJo5KB4dFHLkuddFpcpLTU44NbEuiLng1SSDl2Oiol82K/M2hdcaTLZSzLIuu4mTvGir6dUdpFNVtYTy7PYz3DY3g87OLCGxlsCx3xFiWIFd5HjS6nR4l0DO3clOX3TBSu9r7oKWKns5zkaWBQrZwEAomjooNHaJrLyaODiMVuOoZqCroCI9HpllHY3hmaw/e/UNvKO89ceT++LeSDbcDZLaXXLv/SQm+3mmVdrJolQnrHD9Ncq7EskaUG+Kq/QysrZtZ/O3sNn53aBnviY3i4Y447muLoollfXCAAXYczbE5NEcW3NW+U+3zOHdxEfe0ruBc+zLOBFZdd7VGjUbUtYwaJkgSRVUxj9UxTwCVd89T8Mw6SgT5d4e8AKlgqTtEbMucfzI+i7spjJ4+wLJvlvsrEHyvSV8cUYR1jaGe3+O/5+jNXZMmjq4bJo6OKk0clQ4OjTgi68lG5oj6/svp+f495sRRk6g7Se55pC3UhjfY7pZR1ZnLNbtnUNk/hfLoAKovBJiPhvCezj788cA8WteyGKMT0jOxuqOknFUCyfNOhJqTI/84ceQJI4/Oc5GlgUK2cBAKJo6KDR2i2ouJo0PJSjqXKjqd40xi74hP4WR0BPe0x/GOR8N7zxy5Zuz+5BI/99mbNBxu7FWrz9yMbZbqJqf3DakdBGjf306k8JdrG/i92XV8oHcVbwvN4iUXhvDM83puiGKISU11bBxVvdOolJCJMTFi26rT3UnavJ4HagrOcZpBju2uJsT2F6IgZ5CroRCqiao7hYKx96yQC3pMoBQEa6IUPzFdTZxGPYO1dwXxEhVIFVDrKMSqKWoqY0zAWNZyX4WC7xPzkjiqDo+ijr9TQ3nrPUdviUyZOLpumDg6qjRxVDo4LOKonu3DPePZuYKW4ApjwLL3jBGp7td6PUO1YkWuO526ZYuuix3jS73iTdcyqfciLbHtcX1tF1sieTxdkzjLdnf2Qi8efCyGtzPv+fPFLURSGYokjaQKdxdJuY96R6hHnXNSKvfEkXy96DwXWRooZAsHoWDiqNjQIaq9mDg6tCxjEnsHk9kf653Cse4RnO3oxtse895ztKGqdXWcq+i9+iY1bbgCtPxr/PNOnX/68j/nn1p/+WUrFKBX7N+zFlyLXkHTdTnrNku9E0J1Ps3pSHoH/7CewOdmF/CxoTH8VKQHrwtE8JzOPgqdCSY9U6gITXnvy4pTkJDlYjdtXOKEiW0NBY7EUSNtvo6BtqKb27CdlfdO4kT3BI5FxnA8Osn1p50AquO+1FXiFLfRgArnyHsCszjTOYPTeqdReNq7U8T1tK5e/KpuGAqOTUysTjHpOq2R5QJLrrzhARmCevHgIqpCY6gN+uJoDj9xmThK8wTS1/Fc7TJomji6GkwcHVWaOCodHCZxJFF0OrDmRiFt1qikIQqd8Mpe7wLv4tciRZLX3bqWvtrFgNAs16e/ZllP31/L9iSBVE//Xd/O5R2LOEPRdCqmfc3hRGQSFbExPBzqw29EB/H382sI0Uep14wuDG7IXak5yUmJzkepk7l8V5KeTb0scr1p9GcfVfibus3JveU3AYVs4SAUTBwVGzpEV/Mmjg4jFbzKmYBouOSn6VmN2AjOtffg7Y/miSPScwrKatwnr94NV4BWz9YvK0i7sjD9VFE2451RnV2l1nK5cr2XXZPyV9Dp96kVRE5naHtJGpusT08QueFH00kgQSa5t23OS3FeknvXiHN0fthmkGQQUP3KRtWloIf8AVf9wkoGvza2iLcqaIQH8cxAN053xCgQ4miO9qMxNo4a3RWiLVczSO2Rn9WNTaxhm6qNShCJ3p2gWgbaagba6pjHKr2bIscaJ3R0VU93ivxuEvMMkvNOKDUz2KmvuR7K1Z2k/GAq6q5R/nYSSd5dp8vXOxglqlaY0HGaYqievkrd6lrap/Cu3nmMy7e7CskXR6oizcvZhyEPJo6OKk0clQ5kaYelW52eH9KodI1i2Budrq5L1J0jL774zO8dIH/fyN/cQJ+tl8lqnl4Q3qABdvReJJHTtWyD1dyuIkb/olgWHkZzRzee3daNd8RG8Yczm3iU7klxcYsOSgPbOb+l0evcPaUlns0leqsNrDEObLGt7rgrjFykAJ4LDdpkK7eFnmNy3k53n3Sx+SY000K2cBAKJo6KDR2iopuJo0PJCtetbhHH6CSeEZ9CWXQM9+bE0QDrbk8cufRFybf3yVAYtHr+U+KnMW9kCxoa1KPme/Sf3fKuOPkmJEcqvyr/qmnnPfTHO/WOimuOXFGDyKVTu0hlfTGWos/hAnlycjfL/VME7aRol+kM0hld5/Ic9TLtdYx+rJPC6Rtr2/jjiQ38St883hwex3MuDuJU2wia2D6qItM42cV2EZnEyegUqrqnnTDyhcztSYmjNSZwTBIo3JzoojhqbpvATw7M5cSRKiQXAVl5cvWeODJcCRNHR5UmjkoHsrTDIo5uBgu9T0lU1+/yngWc6F+iWJpBfesgHnq8Dz8fncWXlrPops+a53laZ5lIJ6hrtujR1slleqs1rCDBf4y3EjwKCXpQm0pIp1muTqJIsxR7XcuUwxNvQjMtZAsHoWDiqNjQIbrKNnF0GGniqMhw9sA/uhefTyWFPvOdYz79+ZeRC+RLmChk6G01SALTRzrbHbrnHdaPZ3PuipYbbptCjGIpxe3UJUD2p8EU+sgg+QjF0N/Q4X16dg4fGhjBuxgUX9MawQsfC+HB8924r30IZzsn0RycdX23dZWtKbyEFpanggto6ZhBc6fu3hQOQLcHTRwVFyaOjipNHJUOTBwVFke14XnUBLhOYBFnI2vuZd+nzg/Q/8Tx2vAQfnF4Gp9dWcfjzPvHeK6WycQO46zIuJvZUUT2Xpqul1uk6cf2MiU1Rbk1UX7Pv/KphTehmRayhYNQMHFUbOgQXRJn4ugw0sRRkSF7yOXNe5RDFH0n6exFBpKjM5YcNf8yXvKqCm3p3QQSu1sMagmKoy2sczqVpXOm6MlkuQY30Ug7M6S6yZ1nMvrlZAafWtnAr0wv4u2DE3hFtB/P7YzigWAU58LdFD09TP770RgaRX1oArWdM6jVC1Q7V9DUuer6fZ/rWMU97Uu4p1UvWV1AIxOcQgHo9qCJo+LCxNFRpYmj0oGJo0LCiMfKdtjSsYSzF1dxtm0VZzqX0eQGehhHXSfPSWsILwh04YPjM/jSRhoRnjONardBx7XNc0hBwDCQ5indcrGZUZpxOIVtdW9XFzr5PMX//HxATu8mNNNCtnAQCiaOig0doiraxNGhpImjIkP24J2qS9RnUcucS/CNxl+QT86XQ90jd+CTtpXdSdLp6koVnTH/JeiK17lshbtU/+he8kKagmh1C5+cXcIHhqfwxvgont81iLOBfjQEBlETHEUlHX95bBRl3cMo7x5xAyVUds+hunsJtbE1BsR1NIQ2KZA20dixhpa2FZxSANF7ipjEaGSgQgHo9qCJo+LCxNFRpYmj0oGJo6uLo7OBVTyzPYF7OhjvOlfZdhdwPDaN4z1TjI+jqO2M4/62KN7Itvm/R1fwjXUgxvO2JL+v5sb8N5vZRiarQRp4lncT2M4oe8oJJF3olN/zwrgX/m9CMy1kCwehYOKo2NAhqqJNHB1KmjgqLmQOos7WlZRlKEVUYijqJrxHPZN0mRCiPTnKjkjmikhl9HzRpQtQm1w8wwAX2t7B17ngTxfW8bGRafxMfBCvDcTxrMeDOPVYGI2tvRQ642jqnkdzL0VPfIMJyYobiKMiPkNRxHYQmXU2WcXkpLZrxb1lvEYv1COrQiucv4RKJjAVGt76hofIPiw0cVRcmDg6qjRxVDowcVRYHNWF59EQWERTxwpawhtoim+hNr6G8tgCTsTYhskGCqXTwTHcc74Pz/lhL97YOYOPTWXwlbUd9CW9114oXDuXlubENmMDhZLr7cF/iT1vR2g98SY000K2cBAKJo6KDR2iq2wTR4eRJo6KC5mDLCC1xx2me96zQuqV7AsjiaHsbprUVSYNpEDXqYEUMjy/pMu5uTNdZPLGxvHuDA1wXpTO98JmGt+Y28Rnh5bwQSYcrw0O4Xmtcdx3PoqzLM8Eh9EcGUOjezcQ65jJSWVgDjWBJTQE19EU3mQAXKbQmeHyOTRQ8DSwHehdEk0UThqtrZbTNV0URbFFnIwv4FiPXrA6jTKKqaMgjjRaXb44amodx08NLZg4um6YODqqNHFUOjBxVFgc6ZmjOra/msgyKtlW1S7rYyto6llDY3SJbVIvm51Bc2gGp4IzON05hdMdkzjXOoLXdozg98dWcT6xg2meSw0Iq1Durl5m6fGYBCf4YZ3cpM9TbuACu/wg/xcbhWzhIBRMHBUbOkRFNxNHh5ImjoqNXcYc9Tn2JZGuHCWR1md1icuyzFAy7aTpI2krDFS7FEUaRGFHzjSzy7jFoMXTrAc/x8kobekHiSz+ejWFT8yu431983hTcAwvvziIF1wcwv1tY2gOTKGBzrue9an3N2g47cruBVRQ2FTGllBNxy/B0xxcxenAKs6QLUH1q1by771UVS9SbSZbGByaSb2EVe8m0stXy+PTOKH3YPUxueH07T5aXSPFkYZ7rYtMozHivZSw4cIofmZ8leJItWzi6OAwcXRUaeKodHDUxdETUS8fr4rpZePe+/P0yogmxsJTQb1zb5YxkZ/ZhiWUarmsiutUsn03hcbwUHAY74qM41Nji2jb2HFd3JM8vWnmvxkKoRTPd5KKSXeQXA+RHcb9bfm+4rfTQrZwEAomjooNHaKim4mjQ0kTR8UGz1A2gZ3MBu0/QXp3hXYpiLJp0o0mRye0zVSRiSInHVM8rbo7pNFwusmL9B3f2ErjT+dX8bGxObwrNoZXhEbw7M4RnG4bQV37OKo7p5lcLDCJX0VdaMN1gasOr6Mysopy8mRkBeXRFYqjZSeO9J4IvTeihYmJRp7T+yBq9PJVsi467YSSRFJzeIbBwCubwhIHk2gg69z7jcQpBpDbXxzVMImr7bokjhovjpk4uiGYODqqNHFUOjBxdDXqGGdRH2EMJBvk80m9ykIvHG90Fx15DnThUe1ZFx/JSgqq8p45nGTeVBsYxLPbB/Cu4Cg+2T+Dx9eymKFj0/nNsD1mM8yd0ooXPPeul4huLRW/nRayhYNQMHFUbOgQFd1MHB1KmjgqMmTzWTq+TILBJ0nSEUoQbWeRpgJK0ib0rNAaucpVl8lFTo/t7OLbFEyfTqXxawtL+KnBUby2qxfPbevKPTcURz0db12UDrpnDZX9Wyjr28Kx+BbFUIKOO0mBlEBtcJMiaZMJyRqqQqu0Ob0JfDn3FnEGAgYBFwjk5Lkv/5mjqu4pih51sZtywaGJbKEwOhWawpngFM4GJ1hO4DTZHGIAof0WDjS3A/PFkc7H/J44+rnJdRNH1w0TR0eVJo5KByaOCrOex6g7RYp3zeEpTtPnR3QBUPFwhmJomjmSxxq2aXXFc9tFFnCydxlPH17G3cOLqB6cRy0F0tnvB/DOjkH8+fQaehnXFePdY0iM/9uJbQqlnEhSklxkFLKFg1AwcVRs6BAV3UwcHUqaOCoyZPNZOr5UCruJJDKpbWzTQeot2eomp+eGhsgIT+MFesyvrqfxmfF1fDg+jddHR3B/bBBNnXHUdERR3dmDutgIGnqnUde7gJo4E0Umi2VMNMqYXJQ74bNBJ72BhtA6GimIGoIrHjuXSAa4IMuuJRfs6ritug2I6kJQFVNXAq87QVW3P08veM11LWDbaA7NUhDN4lxgFveIHepqoDeQFw40twdz4oh+qiY8iXr6Kv+Zo5+f2jBxdN0wcXRUaeKodGDiqDDrSXWhU9c5xbsGtlnFPz9OVrAs5+dKzpcwUjxQt/Pm0CJqupdxZ+8cfrSbudPIMmpH19imx9F8oQ8vaR3EB3sW8BezW2jfSmM8s4tVnmtdHE3ouWJXK8VFIVs4CAUTR8WGDlHRzcTRoaSJoyJD7V7d5ej80tkdF3wWOLufny8mtvGVlQ18ZmEVHx5dxDtik3h5YAjPvdiHe5kIngmMoUm38EPT3m38qLq9zaGSjll1JedcE11AXfeSe1C0IULBQyftXmLHJLJWQY121chEpLmTIiZAds5TzOQ9Q8T1NNpcVUwjzkkEcD9MSCQItO9qznfkdE1Ed04YILm8kYHAdcfrXEYzy6MojjRa3fumN00cXTdMHB1VmjgqHZg4KkyJo3oeq45ZrBUZ+xQPHXVRkevoGdR6xj29GL2R7deRsUG9CyqCY8yjZiiWvAGM1OWupmsSje0DeE5bD97W2YdPDs/j/GYaUzznulh6M6JFIVs4CAUTR8WGDtHE0aGliaPiQuagO0UJniaNMjfLGe3JDD43MY8PdPXjze0xvJTO8pkXe9HSPkiHO0qhMumuUMnpnupYdmzRy1fDqwxOy6hlclGnQEWnW0/7qY/q6pZu/6t725RLMCqi47StSTryKTrwaYqhGXfH54zYqYdK591AC97LW+X89fzRMk4H+H166R2nNVKdBFMVhZcGcfCoEe30zJKG915h8rLG9fT80m3+niMeqxK6Kooj9TVvCi6wvkbxCzObmHD1LDvYL47o8znXsB8mjo4qTRyVDkwcXY0SQEuMwV6sUzf02q4lzvdGb20gdRFRz+s2MHdVb4x6xoM6sikwjTOBCdwbnGIsnUFjQGJpGWXxFdzZu4g7+mZxsmcc9Yz7z38shF+MjOLv5pPopetTbsUIwozZc4nyg17L1d9L1F8t8+mtcwn5a+t+1J4NMA/J3zDfPvZTMHFUbOgQ3ck3cXQYaeKo+NhhYJdZKA/UXaNvLKzgxy+E8My2bpwLDON05yQdqka/0ZWpeVR1Mwmn4Kln0qA7NHvMOWY5b/VvFp0zd8HKG2VOzw7V8nNNjm5ZxOsaoKtaTWF1GfDuGjVyWz0/4wcEBcAm9z26E+TdPdIyd9XMcdFRgsmnBnW4vYWRR4lQDTqhLoZNFIstFJjNF3vwK/ObmPYq2XNwTiDJ93kWono37IeJo6NKE0elAxNHT0Qv3l2Kc14s1B0l7zyQbLeKn16s1DaKm4rjMzjFslkxlm26lsurooso7ybjbOOM73WRCZwKjOCZ7cN4afsofi44jq/NJtGT3sUMz/88neCa7xoVV7IJlml6Tu8FIEnO1sVWlS4D47pq5aK8pk8vQ8st9GZcIjcsZCuiYOKo2NAhqrZMHB1KmjgqNmj3O2z4Ekh0SHqD9t8truBFrTE62mE64Fk6Vd0ZWkNTcIWOeIkCyQ9ALPectfEpI+tId+fqWS8Sii3RZZwKTqGFdfihhdWcOBLl53TtT2mH83pye4YrYOLoqNLEUenAxNFTR/+dSjUhxn+Kqfvbx/GaC/14b8cQvrC4gc7MjuuRsEhtkdYzy8oh0lvYSW1SrKRcvclb6t2JOZ3jYs3lZBTy279mcCWa0R7d5zwbyadg4qjYyFWCiaPDSRNHxQbPkIbplDhi+98TR20xNERHKIRMHJU888URPzezjnxx9OHFNRNH1w0TR0eVJo5KByaOnjrmiyOxOjyJSr2onef8Bcy3PtA/ja9tpDDIutAotpkM/6QkkMgMmfWYYW7BKUcv3qitc8rFItarhBX1CY3AdW7Qen7XPdfZYZ+d+BRMHBUbOkQTR4eWJo6KDZ6hLJM+iSN6JU8creLF7d1ojI2iVkLIxFFpMyeO3IhF9FNNtI+W4CROt8XxkeUNE0fXDRNHR5UmjkoHJo6eOuaLo2ryZPcCjg2u4HivxNII7mvtxRuDg/jdiUX8w2baiSQNAa73H+5us64SCXKLdZaiyGEd7kUcOVMm2kq2RXdh1svTtFSiSF5WUcrE0a2GDtElCiaODiNNHBUbPEN25+hwk6KoIebViQKZBrFo6fTFkf/MkSg/Z+Lo2jBxdFRp4qh0IEszcfTUcP+do7LIAp4RW8bd7p2Fay4vqG/txwMXevD6zn58uH8cX17aQG92xz2LtMsS26o3+swdlqpDJ318+aMOdxROlEEeMyQ9Lrf1WchOfAomjooNHaJLFEwcHUaaOCo2aPf2zNHh5lXE0Zn2OD66smXi6Lph4uio0sRR6cDE0VPH/eKoppPzg2to7E6gPLSCu2kLNX1rqI7Po+x8N2q/34pXB3vwm1ML+E4y7V4mO8t62tD7kXQLSGKJ/lJPIGWZc6uznZjiX/3LKlejDbnbRfK3cq2cLmQromDiqNjQIbpEwcTRYaSJo2JDDZ/eKHfnSC9+/buFFbzwYtTE0WFhnjhStzqJIz1zdIoC9+MbSRNH1w0TR0eVJo5KByaOnjr64shnI3PgFg0J3ql3K62hpnsLZV0rOKHhxHtW0Ribwen2fjyLecMbWTcfnZzDXyWSaKf2UE6RZr0lyQSpe0bbrNf0jrJvr353VccSUBRTqmfnYE0c3WLoEF2iYOLoMNLEUbGhhp8TR8yb5ci+THH0gosRNERG7Jmjw0CKI/+Zo7rIghNHp0PTaHy8C7+d2jZxdN0wcXRUaeKodGDiqHSo89rE3Ms/1zWRFfq6NXKDOfK6+9xI39fYOYbGCzHc2xbDw72j+MDYNL6+vIY+Ch+9THaeXKcDTZPZbf5hzg1Xys8yKnG9LKkbSIXsxKdrHyaOigwdoqKbiaNDSRNHxYYavomjQ82cOKqlffji6Ex4Bo3nTRzdGEwcHVWaOCodmDgqHdbznDZEJlEXnWJOwBwstoiK2ApOxtbIdZR1raKS1Mtp3fsKOydR3zaIex7vwluCcfz+7DK+RxGkultkHabkU7fI9VwpkZRztfqYIJW9FbIVUTBxVGzoEE0cHVqaOCo21PBNHB1qujtGM1eIo6bzEfxO2sTR9cPE0VGliaPSgYmj0qFe4N7Itl9PgVQdnUZF9xzK4ss41rOCu3rWcKx7HccpjvQ8UmN4FafJM52LON0+gXOdA3iQ+cTbukbxxzMJPJ7YwQSrUyPbucedGZJcCsK6VXRSDrfBujdxdKuhQ3SJgomjw0gTR8WGGr6Jo0PNnDiqCU+79xyZOHqyMHF0VGniqHRg4qh0qLtBLaFZ17WuLjKHCuZfJ3oWcHfvEu7uW8aJPgqj7hXaxhLqOubRdHEeZy8u4XRgGTWRRVR3TuBs2yhefGEI72ofwR+PbuJichtjrE/lHJssk3SscrXulUmZVEE78SmYOCo2dIguUTBxdBhp4qjYUMM3cXSoSXFU2zV9hThqvhDFJ0wc3QBMHB1VmjgqHZg4KiUukmzvZD3bfD1toiHsPYvUwJysNjDFuENRRLtoii5z/hLzhxXUxTZRHU+jKp5kLrGKhsAETl3owfPbu/GuaB/+dHkFF7IZTLJON1wqwj8Jetgtxin63kK2Irr2YeKoyNAhukTBxNFhpImjYkMN38TRoSbFUU14igndlBNHShJO01ZOn4/iD1LbmFE1ywxcMp92/s7z91pguBImjo4qTRyVDkwclQ71LJEGYKjpWmObX0FTaAmnaSfnArO4JzCDc+2TOE2B1BKaQQNz5qoe3VlSnraGskjasbx7g0JpAY2xcTQHwjj3yA/xxtbz+KvVRQyxTnX3aFfCaI3cZH1TKBWyFdG1DxNHRYYOUdHNxNGhpImjYoN277/naE8cLeP5F7oYcIYphGbpHE0clTQpjjSUt7tzFFlAfXQRzRRK9/8wgi8ktrHgVTPJRCP3Vokd+Xol/UfA5V8/TBwdVZo4Kh2YOCodNoSX0BBaZ3tfR3VkBZVuQAbaQ2wW9WRzhLGnbRQNgUm0MFeuC06jMjiLyu413BFdpy2torFvDWe7JnHfI2G8ubMbfzC9gO+nUuhjLr6q+pYZaBi7BOvaDWdX2FZEwcRRsaFDVHQzcXQoaeKo2KDdmzg63NwnjuoYuJrCU3j2P0bwV5vbzqc5v0eb0Kv3Eko7FIlY7WYehWDi6KjSxFHpwMRR6VDnt17PE3Ux/usZIuZflRRFVWJkikJoHPXMC1xdhGa4PreR3UgoxZk3hKZwpnUQz38shncxX/uL+Q2Xr42T676LZU5OpcO6pp9Vae85usXQISq6mTg6lDRxVGzQ7k0cHW6aOCoyTBwdVZo4Kh2YOCodVjPmV3TTNpgPNPIcnwnO4lxgDmc7NVADzz/9XlVsAXdTBB1j7KntWUF9N+2jbQznHuvBS1r78Z6+GfwxRdF3kjuIsR7HqEvWWJfq6O1y8B1OZRKseJG+lv61kK2Irn2YOCoydIgmjg4tTRwVG7R7E0eHmyaOigwTR0eVJo5KByaOSodVsRmc7JlAdWwCpymAHmifwbNa53F/2wKag8qP53EsvoBj/Us42buAyq4p1LWO4sFHe/GTbf349OQy/iGVdaJId4sUk1YkbFjH+ru7m2S5xTJB70vuarQ6E0e3FjpEE0eHliaOig3avYmjw00TR0WGiaOjShNHpQMTR6XD6u5pVMbVdW4cZ4PTFEdzeKBtEWcDtAHmB8fjizg+tISKIebKnYOo/l4ID1Mc/ebYBn64lcHAzq4bNXWOznOJvtK7W8R6pShCdpPcoB1Q2LjopFqXbDJxdGuhQ1R0M3F0KGniqNig3Zs4Otw0cVRkmDg6qjRxVDowcVRC5Dmtj0wzrky79x21BPWy8WXmx8so613GicFFnOgeQ02gG8+5GMXPxsbxN0s7iLOulkg9V7TF0rlSCiVk6EtTEkUJ1ivLDJfqbhHjk4tS9Kkmjm41dIgmjg4tTRwVG7R7E0eHmxRHqo9a2kcNP9dGF5w4ehbF0f/bMnF0/TBxdFRp4qh0YOLoqWEtc11R0/W62Kb5/NzI89vIdl+tXJi2UNG9jPLeJeZgU6jo6MO9gR68MTKIT00toi2zgznW0yqdZVqhRoMrSBSprWdYn9tMNrIMQBlS0yppP1qeZbnNdQrZiU/XPkwcFRk6REU3E0eHkiaOig01fDqry8SRvefoUJHiSO85UqnAVcMEvblrGg9+vwtfTm67K3fO79EmTBwdBCaOjipNHJUOTBzdevrCKF8geVzkeaUYog2UycfFFymO5mgrozjdPoA3xqfxv2dW8a3ENgZYR0sUQlm26x2JItbXXphxH/iH+TcdJ90qpx05X5RLzVFmUchWRMHEUbGhQ1RNmTg6lDRxVGyo4Zs4OtQ0cVRkmDg6qjRxVDowcXRrKTFUE5pFQ5TnktTn6uCMe29eXXyVomgRJ7heTfciGiNTaL7Yh5e0DeCX+ubcCHQDdIwrrJsUy0RyE5nMJj9tswbd00XOb+6FGzV5US7Up+KRz9wGhWxFFEwcFRs6RFdLJo4OI00cFRtq+CaODjVNHBUZJo6OKk0clQ5MHN1a+uJI0353Os2TUKrvXkBtzxyau2fR3NqHZz0aw8/3zeJv13fRRR+5LDcpP8k6cneEdtLUHRtIZbdcFqZF8pY+XYvnH5qN42UL/ZW1rICtiIKJo2JDh6jKMHF0KGniqNhQw6c3MnF0eGniqMgwcXRUaeKodGDi6NbTv1vk7hhRIDXG9OLXeTQEx9HM8/3ghSjeEhzAH0+toJPtdoH1kaRDdK5Qt4ySrCv6QvlG5dUZ1h0zC+cz86nVXcntRf9xJK/LncdCduJTMHFUbOgQXQ2ZODqMNHFUbKjhmzg61DRxVGSYODqqNHFUOjBx9NTQF0cSSu5uUnAap9oH8LKOOD7YP4GvracxzHpYTe8inZAYokd0eoM1Rmb4WWMsqNqcs3TKhxOunXv0fKjuKHFdTsm76q8++dxVTrLPTnwKJo6KDR2iqzATR4eRJo6KDdo9z5POmsSR+gx/heLoRWz/TV0jqIl54qg5uIaGkCeOJJjqWRf1Jo5Kg/vFEee1hCmOvhfGV5JpJ3jp3J2DkzhiOk/3x88mjq4CE0dHlSaOSgeyNBNHhalXNtREFx1rI4ucp+OfR0N4H/fWn+e6IuNDdJafZ93yZrbp5tAimsh6tvka5ld1EZ3PaTR0jKDx4gDOXezH64JD+PxaAm3bWUzx/G8wdmgU7t0U6yWTZk2lkdpNIqEIw/ZMU/Dii+huDXGGBJLznh7lZeVVlYN7TDvu0Kdqf+7u0z478SmYOCo2dIiubkwcHUaaOCouaPX0XXRMO7QDxqAlnravL67hZRe7nTiqpTiqpThqCK2hPryCGiYFcp6NrAsXiHLO1/jUUsFOrGGCoMDZEpzEc78XwrcojlZV0e7qna7RMYjRJvaCl5lHAZg4Oqo0cVQ6MHFUmPLvFTG9V2gZZbElVLIt1oeW0BxcwKnAAk4H5sk5TjNOS/DwnFRSFJXHFrjNLE70TKE2Oo1TwVnc0zqPey8u4lzHEk7pHHZzm/gEmjq7cf+jbfiJQASfnl3DxdzQ3OukvKBrsnKEKnOiR15Tf/das1sm5ib2FlyCt5Xna316ouiJbUkwcVRs6BBdXZo4Oow0cVRc0OqdDThxxFO2TH6T4uhhiqPmnDiqiSgJWCM9caQ7Rk3hGQokE0elQk8czTtxVMfgeapzguIoiG9THK2pok0cXQdMHB1VmjgqHcjSTBwVIP17NSlRVBVZpM9fRB3bZgPZGGRspugRG0OzqNedINebYI7bzDN/mkFleBINkTmeuwU0dnK7dgoirt8SnEZL+wAeaIvhJ3qG8ScrazjPtqnzPcfzLm9XbBSyhYNQMHFUbOgQTRwdWpo4Ki5o9c4GTBwdbpo4KiZMHB1VmjgqHZg4Ksx6spnt83Rghn6ecTikF4AzL2IMqIixHedYEZ2hIJqhQJL4mUNL5xzuZZt9MLxOIbRMcTWPYz0LuLt3FmWRUbR09OC1oUH8xug8vr2RQh/P9Szb5grrIXmTMqlCtnAQCiaOig0domrZxNGhpImj4oJW72zAxNHhpomjYsLE0VGliaPSgYmjwtQxng7OMu+ZwrnAFIXOFNvhNMXQNE7Ep3G8h4zPuC50lXq+iOure50TR22LuP/iCpo6lrj+PO7s47q9o9xnHK+P9+OLm0l0ZXawyvOcJrez20hltpDKJlyuUGwUsoWDUDBxVGzoEE0cHVqaOCouaPXOBkwcHW6aOComTBwdVZo4Kh2YOCpMxV91gTsbmMSZzkk0c7qe4qg6Mu3uGJ2MzaKse47lHAWQutMtuG51DRJIHQs427ZEcbWI2sAYqtvieG58EL+8vIav0YeN89xqaG5vWO40z3uSFbHBNprgzOIHi0K2cBAKJo6KDR2i6tjE0aGkiaPiglbvbMDE0eGmiaNiwsTRUaWJo9KBiaOrcY6+foaxeJr+nsfKnKg+TNGk0encqHMUPqEl1IT1TNICc9glCqUFx+qonkWaYs40gpcHR/FLQ/P4m9Vt9PK8LvIU6zQ7n5fmOU9ukev8rGHpKJSUJBcZhWzhIBRMHBUbOkQTR4eWJo6KC1q9swETR4ebhcTRQ98P4bsmjm4AJo6OKk0clQ5MHBVmLVkV1Z0h+prYIsrp76vDyzwHq2gKrrrXbrTo1Rsdi6gLLqBRQ31HKZLC06gNDOCBQBxv7x7Dn8xvoItxYY0OjfoCmQRP7jY/ZJk3KR/QeZePU7BwAaP47bSQLRyEgomjYkOHqOhm4uhQ0sRRcUGrdzZg4uhwU1cQ94uj5/1jGN9PbZs4um6YODqqNHFUOjjq4sh/Cet+6j125eQJDePds0GRtMo8dQN18QQaIluoC6yisWMZZ0IruDe0hNNtEzh1fhjPCk3hJ4YX8NsrG/hWKotBnkvXhS5JbvD8uhe6Kh/W+/AUKVxmzPapP+RNQCFbOAgFE0fFhg5RDcLE0aGkiaPiglbvbMDE0eGmiaNiwsTRUaWJo9KBiaPC4qg2TD/PdlcbZUzuSaIiuoljkVUc4+eTZBXZxJh9b+ccnnNxHM/7fhw//vggfm86g8foz4Z5DvWyd7l/58x0tyjNTxl1nWMu4DzdrvN2cn2ueWq9m9BMC9nCQSiYOCo2/Io2cXQoaeKouKDVOxswcXS4aeKomDBxdFRp4qh0YOKokDDi8VEcNYaX0NS1iprQCk6GFnE32+Gx2BLK45zft4wzwQnc+70uvKltCL8/soZvrgJxnrtVOq+sNNAWz2eSMV93inh+dbco66icWFPeXSP5OjXPm9VEC9nCQSiYOCo2dIiqcRNHh5ImjooLWr2zARNHh5smjooJE0dHlSaOSgcmjq4mjni8bJP1zEurg4zP0SXU9SyhNq754zjT3o/nt/bgvbEx/PVSgqJoF/M8Z5t0XBm5MHWjU3+6bZ3bHdd9LkH/liSVMemf/nt/NO1/Lj4K2cJBKJg4KjZ0iIpuJo4OJU0cFRe0emcDJo4ON00cFRMmjo4qTRyVDkwcFRZHNWyjNYzL1RRD1d0zqI/NoiE8iaa2ATxwsRdvjIzht+bW8Z1UFgM8XwtsX4lsyhtkIbONnVQGO9tqr55rUxhwWbBri/ygWKGFOu9uqW41abr47bSQLRyEgomjYkOHqOhm4uhQsio8T0ocLVAcTTtxdI7i6G2PhdDHulMi6HIZ1qluFSv1PwKt+oZBq6dTzIkjnrglmsLXKY5eRnHUlBNHtV3LaAitoT4njuoicxRGM14gKuDUjTfOBrbtQsxfR29Ib7iMs6gPMUiyrNUVRSYJpzsn8fzvd+F7FEfLuZrGrt5znqRV0CYUAG9OvLsNYOLoqNLEUengUIujyKxjPSn/7DHfZ9NPO78uLly2jUcN1T2DakfvXUXVXFesUUlBVBkfR21kGE2Bftx7PoZXtvXiw6PL+NvNDEI8T5M8T6tkWv5+N4GdzCq2E6uM9cx7uVzeS65NocDFAd+xyefp6pkSYufz9I4jlVqpuChkCwehYOKo2NAhmjg6tKxigKoJLeFEdBF3dM/iOMXRmUAP3vJ4CHHWnepPDxOq12yGU6InkFTphivBM8OGv5P1xNEiT9PXltbwktZL4qiO4kjDgzaEVuiMl1AbVTBSMm7iqJiUCGpmwtXSucJyBU2hZcdG8jKxxHUb6Y8aw7NoJltCszgTnMIZlk3BBW67hHPt03jB96L4LsXRDGuZKQarep1+j9yVTTivx7+GK2Hi6KjSxFHp4DCJo1qKl1oNma3PThDp4uE0GiJT9NksxRDnsV155O+ln65nLqP3EtXTn+tFrvVdk9zPOKqjo6iOT6C8ZwonYmyb3cvkBsq6Ntn+NtHIdnqmsxf3ne/ECx9tw8+E4vi/8yuI8PzM8fxsufMnyFt594Y8gSNnxjbn/hbw/3sz9cclyqS28fZWbBSyhYNQMHFUbOzVuYmjw0iJo1omiycjy7iLiXtZZAJnO/oojsLoZt0tkepDq7tGcq2ixJFX6YYrwXO1w4avBzN5mhZ4mv6e4ujFbd107BRHFEISRy2da0y8PXFUo3kuAJk4KiZ1x6c+zGAZZtLFc17XteToBV6PumtXn6N/RVJdHE+FpnGKPqqBSZwE1r1tsxRHMXyH4khXEHX1ENk11jPJZF73Vb1U33AlTBwdVZo4Kh0cenFEYdRIsaMub2KjE0czaAzyd0oQURzpTn8Nf3Mt169z4mia+5hCDbetik4z/2SbZLytji+jKraCcm5b0zmPMxf68ZILXfi5vlH8ycIyHuW5GeV5US+BpJqT2hTzfmQZ290dIM+fsbVxunRQyBYOQsHEUbGhQzRxdGipwFXfuYwKJpDHWDcVDFb3tvXhbY92uW5166RSFq+/rPrKkkpi1LaPQPO+ftDuTRyVBKvZnsu751EWn8dJsrx7DhVkVcxjNc97TXTWUd0q9sj5qqeaKBM41lV9eBXn2uecONKdI08csWJ3NmgcunOkrnXqYJezFcM+mDg6qjRxVDo4TOLI6xrnd3/2L1x5Ykd3gyR46sP6XTMsuQ7bTR3blbrNVcYmWVIUhbkNc81GtqsGxtqGMOMt16sJ6i7UlDvW5kA/7mmP442hAfze5BK+y/MS5fkYIefomDZ5fpxPV1+5rHy+PnmiSH/lu0qptRWyhYNQMHFUbOgQ1UJMHB1KVgcXKI5WnDg6zkSkKjSFB1r78M4fdmGQdSfn6WUvrNMdOlVRyY18xBFo3tcP2r2Jo5JgZfcs7uqbwR390zjGsqxnBlXdPM881/WkulK44M91a3RhgEJKIupEfJFcIldwPLbGQLuGsx2zeOFl4oiNf2eLdkCBRHGkz5e6Xhguh4mjo0oTR6WDwySONHqc3+VZ9J8bEmspfGpI3R1yA+cwl9SLXMUKtrGTcXWjm3J3lE4FVnCqfRNNHQnUBNZR1bWCxp5FnI6O4r6LQbwqEMKvjU/h65spdFMAjfK0TDF8r9AppeTi/cEUnDAic01LnqoU06BCtnAQCiaOig0doqKbiaNDyWrWRR2T9HIm7LpzVBmWOBrAuyiOhll3Cb9+ldTIQYis15LzCiUD2r2Jo5JgbXSWgmcK5fEpCqUpVMcYUKMKrt5gCx5zD/PqKmVk0Q2WURFbxt29K7izb53JHMURA+q59hm8+B+i+H5yG9OsZSeOKIokkNShTp1NNzlfZmHYDxNHR5UmjkoHh10c1eYoYVQdpUBi+/IocaRBFnL+nm1MI9A1BZcojNbR0rGJxs5N7ncNlZ1TqLrQjWd3hPHenj58YWEeXTsZLPA86FVFKZ0ahm82P89XKd/JcKYTRvysppUr5K20mqZLBYVs4SAUTBwVGzpEtRATR4eSeuaoOrSME9Fl3BlTIjKJ+3LiaIh158SRvIASGucwctMqj0Dzvn7Q7k0clQSb6WPu7Zgh9bDtLJqZoNVGvK51J+MLjhUxPYfkDdRwpnMZ97SvoIX1crJ7BXf16c7REoP0PJ7ZOopXfKcTjyTTmGUte+JIXUw1Yp3EUdbE0VVh4uio0sRR6eAwiaMGtpHGnDjSBSzNk++WOKqOzjCPnHbPEEkkeSPQiRpdlOsyv9TADHX06aKeQ6oNz6CJx3ZfaACvjw3it6dm8Ug67XoBJHgqMkn6qAQ9Ec8JtlWSKS+OI8vzJbXktysVpD7m5pQMCtnCQSiYOCo2dIiKbiaODiWr6ACroysMXIt4RnzeDchw+kIcP/lYzHWrU8LnrqKIquu9+s5NG/ZBdr+Nne2UE0dLPEdfMXH0lLCJgfIBnut7Aos43TGPU0zImiPLaIit8JwvMZgusv3rIV4KoK4ViqlVN6pdXSeFE4NpRfcs6qOzuD88hWf/Yxfe8M0LuEBxtMBalpdzFUyBpNf+MaVHgvOU3hv2w8TRUaWJo9LBYRFHEkONe+JIzx55dO+dY6ys0qAKkWlURqacOPJ6A2jgBfrrALfr0PNFa87HV8XUBW+I87rw4lAUH5qcwTeT2+59RXrNRpKku/EGnkvRE6V1btJK+HP+nUmsSuelcu1KxZ7T0ozSQSFbOAgFE0fFht9QTBwdTrIeTtLx6K7RXQMLKItP4NSFbvzk+bh7MNG9BFZ1rPpkIX+Q5yYMV0BnhnaQYqpMn7rCT3+3uIoXtcbo9IfpsGfpxE0cFZP7X+rnsyayQC4zAVtGra4kdi6iUUKpcxlnQ6s417VGMbSIuiATOK5fzro5GZulXUyhiUnb2eAITj8WxQsej+HV32vD+x/pQFti273rQuHSu5qYcX4vTcvQWI6yD8N+mDg6qjRxVDo4jOJI9AZmWGSc1IVc5o8SSPxNtd2zaIjT/3dNoiY45t4V2BxaIbcojlZQFRhBfWcML+iJ46dG+vHHi9PoyGZcTqobRFnd+Jf2UakHjCSI1OtDM92zA8pl5d915tiuOMf98R3WPs1UCihkCwehYOKo2PAbi4mjw8mwblHP43jPPO7sncEJJvD3dcTxMx396GHdOXFEqkLlIuhHnE+QbzgCrfsGoLNi4uhWspAwEisYTO/qX8Xdg1so799EdWwV9eo+R4F0b2ABZ1uncDYwhVOhSdbNGNcfwrHYAKq6enHPPwbw2otxvLU9jo8OTuKLqwn8MJHBJKtXAy+4ti//Tr+n1F8D3esektlEIZg4Oqo0cVQ6kKUdXnG07F3oYjupUtfo0BTb0AR/3wzXmURD5wg5iobeRTewTsXjPbj/kRB+Lj6ML61tIcK2NM02tcnj1xsbsxqSW45HvignkvwZEkTZPcpruYzW8+364zssbavpEmpuhWzhIBRMHBUbfmMxcXQoWRmcQmXnOI6FxnAsOobyQC/O/TCAnz0fcc8caXhirxn74sgTSHvOwrAPOismjm4lCwkjsSqy4J6lu4tBXiMxVsQWUMvAWd81hbrAIM4Eh3FvZz8e6OjGg21deKg9iocjvXhbtBe/MzaPv9/I4BFWZxfrcJD1Os62v8rSxVHBjWSk+lby719fNFwJE0dHlSaOSgeytMMsjjRYjgRSXWyZOcs0KlpH0BSawH3xOdzXNYlTgQFUBBhnoz14Xd84fn9iEZ08wA0e6o78TpbCZ1fPhyawsbOFFHNW53hyV3zlvT0vdYnepa+8XEcTLt/NYwk1t0K2cBAKJo6Kjb3GYuLoMLKW4qg5OInqzhHUxsbREurHsyiOfuHRoHtYUbefXUKjQOUSGv0rOZ9QQtBZMXF0K1lIGIl6S/op3SEKL+G0XvgankRFaJDnux+newZwOhDEi0JdeFesF7/eN4S/nJjFY1tZxNm49Z6LCZZTpHzYIut0eTfBwKp7RPJvsgkuyDMEs4erwcTRUaWJo9KBLO22EEd6bjS6iNOxRZyNzOJU2zBO01c8q2MAL4nF8b7ZcXyVbUcXdzX6nHtZ4wYPNLHN3D2FLfrwNXJLcZq5PFLeuVCruYxXzMjNzFFeTbNKCYVs4SAUTBwVGzpElySYODpsrCDrApM40zGG+rYBVLf34t5gP97ABPI3Av2YYh3q4oobuUWjtrh7zy6zMVwVMggTR7eShYSRxxm26XE0h6ZwJjiBc60DeNbFHrwmOIif6RnHp2fn8OXVNbRmMm7Yeg20sEau032lWY2bbO6JrOfVMrsMqTtrSKVVo+qHwZWc39tHVb9hH0wcHVWaOCodHEZx1BDWaKKkXuDatUJxtOLak178eja6hLOBCTT9MI4HWgfxztFV/Pm6utAlMcNjXGUb0sVd9aDLpJiVJuV76It2OM02om5z2zvy61v8rPyGJ8J3RqL8lKjpPd+uPFcxIcsoQLHFabY4LSgJFLKFg1AwcVRs6BBdYlDa4ugkjVx030tWkJU5VtFx+6wOXqI+V4RnuZ22vxa9/XvkNpFpcuoy6kHv8q7pvd9Uqed99rGCzP/djrnfu/ebGVR0Dn1W0JGURWZxLDqDY7FpHI/63zfJwDOOmtAY6oIjaAqMoCUwhLMdQzjH8l7y+Rd78RYu+/mJNfzqagqfSW3ju9sZtCUyLlF0jkHiSB5GTtV5C34+Ak37xqATczTEkXsXBUvvCp9fKqhxPlnP4Fqrdwcxwa2JLvIYNbz2rGOT3l5OO/Fe7qf3V1Dk7NF/O7qCo8fG0DKpUYiWHb3l/B3cVm9Krw9P8Xsnud9xNIUkiMZct7kHA330PWG8qq0bvzS8iL/eSKMtlUHPdhZzrJsVVtcG64kfXQ85uexdvduCgdRdC6Cvz6bXkUkuYndnncv1xJFswfNxnu/Lo+YZ9sHE0VGliaPSwVMpjuTXq2LirHs5t8qanO9XHPDix6W7RY2hJefvPZ+/kieOltDAfTV0jqGJ/uGBCz14fdcIPjy7gb+nb5mQe8mm2XbSSLJcy2bcc9NOF8llqwud3k+inIbnQWOMJty9JPp03xHJP4ny//70nm/3PFmaM9WLQHtgi9OCkkAhWzgIBRNHxYYOUQ2nhMWRxMoJGrqokdnknPUbqjsXUUPWBegIOjw2tZNty46N7Utcj9tSbOTzeFQCZAYnaNgnInMec/v3OO/WOREbv8ToJAOARw1DqdFWqul4qkIzqOqksyCrGSyquK1EUDm/tzzI38+yio6qxjmGVa6zzG1WGVxIJthiZecq7qLD+JH4JH6sZwJ3kRXxMa4/iJZgD+5rj+B5F0N4TVsYPx3pwUcHx/EnCyv4Mh1EK+tJD5nr3S2irp4vkbkU0KtftWMGq1xFa67hqqDduxFvdpwjXuacLy8s4/kXum4jceSJF13Vawotso0t4zTt6ExA7wpa4rTmL1Gw8Ngiy6iMLboXq9bz+O4NTJGTONs5hRa2fT1Qq6FYK3leymlPFfQPNVENt72G+ugK6mWfbdxf2xaaOxI8b1s8bxtooB00SGCF9DDuEE4H+3FvMI7727sY5Lvw8kgc74l04y8nJtG2vo4RtuFp1s0suUyqfV/27Jxr53n0g6Hz4Vornzk7yF/fp6EATBwdVZo4Kh08FeJI+6mJsK4pjI73zOLuvmnc1c8cqo95EPOU2sgU/fk0mjun0dI+Rz9P4dO6yM/rqO9YRW07c7HwJhqjG1yXsYCiqiE8hMYLQTz3/EV8YLAP30olXDdo+XXv/XOej1Yr0JRP1yxE37e7deSVdGa0XW6+z5ybd/Tn7U0q3y2tu0ZCIVs4CAUTR8WGDtE1oFIWRzMoo5GL7u4R6d2JoRBxd19ovHLWpJx2VZCiiHTTEifhKcfKHCvC09yPyP0yoTvuSON31MPfEmFM9Nz602590ZtmwAixZGIocVTDbWroQPQy1vLOGRzn/LuZKB6nMynrXkAZyxP8nmPc5jhZ5o5JgonCyif32RAcw+nAAO5t78Wz2/vwCjqQd9D5/NLwDH5rZBqfHZ/GN1c2EGI9jbJOZsh50g1LrLrKa6t+25WhGK4XPHe3uTiqitJ+2TbLY0xyOK07PbpTJEHUTFtqpu1oupHiSMdXrfdNkO7OEe2pme21kcKmPqL2P8flbMPdTJTitDsJKe6vkoG5mnahLhX1kVUGxy2W66jl/usCM2gKTOCezjE8m8LooccjeB0D+892D+I3h0bxF4vL+N7Ornt2aHYng00GywS9U4J+KcnpbdaNxiRSi3et3p8Q9wVCQzFg4uio0sRR6eBWiyPvbpEujHkjyFXF6OdjM+R0jsyrWLqXt5J1wQU0di6iqYPxI7iGGsbHyvAyamOrqNFgOqFxnKa/fzgyjPcPT+MvV1cR5LHogm6KbcW9sEjHdoSddyFbOAgFE0fFhg6xxMWR15VNvNTFrYzU3R11RbubydmdNFzxDhrxM8inM/m7g8JEgqYxMOXYQNZ3TqGWrNZQkhI5uW5wZQwCEl/+nSQ5/tpOcQE1OVaLChQUZeoeVx6kwOI+JHYquE05f8exbv6GHjI+w++fZkCZdHeeKrvH6SDGUBsdRl2oD3UdcTR1xnC2qwfPig3ijZEh/Fp0Cn88vIwvLW7hBxvb6KCviNFXDLM6VA+rrJNNfk4yac+kmbDQOe5SGe0ykcxvq37bNXF0I9D5vL3FUQXt5Djb6LFerzwZ5zyJGwkl2ned6xanbnUSN5eoYVjLY0s4yWBZTrFUyc+itqvmNrVRvcuC68lH8DxV6G6SSBuo6Brl8hEG6yEGyF6Kol68np9/vm8SfzK1gK+vbiHItjzOZrzCZrshsq1vsW1vsD42dtJISBixfiSOUhq5yKsw56v2qCbvTxuKBBNHR5UmjkoHT4U40kW0k3G9b04XxuZxljnRucCC62mg79AdpRPxRcYRXWzz/H8D5+uitHKiyjjzosgYKgP9eGZoCO/om8UXlpPoZIid42/XWAouj9nmMbnnop0nccd7FFHIFg5CwcRRsaFDVHQrcXF0MjKBk9GxPZ6IjuNYbAJ301nf2T2FZ8Q9Pp2i5Gk94iw/69mhGTr3GdTs4xXzQpeoQKC7TxXBVVSEVnJcdnejdJeqyomjGZzsnKBAYnCITFP4zKKW33mCv+FpsVE8g4nf3eFBnAz2ob6NIuhiFx58LIAXP9qOt1wM4YMURH84vYi/SybxSCqFcGobY9s7mOOpV0KuAVrUdUjOb4vzt7ayThC5CyusF4+sOHXEZd3lt1W/7Zo4uhHw3N3m4qiWQUvHUU2q73i1+pGT6lOuYOf1LZdYEiV2vKBXFV1hoFtn0NtAZdc6asKrTIaWUa8ueAyGdbSJuijthzZQRhu4KzqIZ3T302fE8dxoN17aGcIbY3H86vQcvrCRwHfS22hnsq1RiXQXdJPMsMm6Z4WUd7NMUxwlWRdptmev2e86YZRMa4Uc1PQL0VAkmDg6qjRxVDq41eJIVJyoJRuY85xinZ8NLONcxxrOdKyjJbjO+auojjAudC/jBAXS8d55HO+fRfngDKp6x5hb9eLU+TBeFejFb0+t4NH0DsboMNbozLN6z4hciPpHc757cFTPix5hFLKFg1AwcVRs6BDVHkteHI1TFA2To44nJJDcs0AT7nmgE+5OEklHcMLRuxOUP4iDeGkQByaD+wRSbadPBYTFy4SRxFIVj7s6OMukcJoJ5hQaKM7q+VuqKYIqO3tQHYijqaMH59o1+koML2jvwZuiQ/ilsQV8eimJryayaKXx95OzTPrWeI7l3JLydRmedc7LkFkmIBqRRf/UK1YN3gs0bPzbKWSSm9hJJ7CbTTOH53wTR0UEz91tLo708GwLExtdCdS05vkP3FbGFhyrOa2rhbpjVO8esF1k4qORhjZoBxRHoTUmRUts+1yXoqg2PIGG0CgD5hADaC/ubY/h2YEYXhYbwE/G+/H7Y2P45uYGgmzX/WyqYzyvunK4ys8JTqv9b6eYcCfYplMkk+udDP0R23eadaG7RckdiqJMGttq86oqH/pQiIYiwcTRUaWJo9KBLO1WiiM9Y9ocmmGsmHWxooG5UH14nbFgC82dSZzqIANbLhbq+dXy2Azu7pnAnX3DOBGOcXkILw/F8avDM/jmRhYj/K0b9PepFOtYwkhhVhd8k8w5lQQxBjhncoRRyBYOQsHEUbGhQzwU4mgCZbprpDtIjnTSXd4zQeoeV0PRUkdRUxdgwtcxT5Gi0nPiZV1LOEnjdaTD8DjvCSfHWUf3PFHuuSKJp5rgnGOt9h2cRL1GWOkcRkNbLxoofk61R3C6PYRzdAIPxXvx5vEJfHh0Gn82Mo+/m9nADzZ2EeKpHOA5nCBnOb3IhHtLTkF5hO786L5ygjPSqZzrS9JHJEiW/Jza2UIiu4mtzCZSnJfmv1SOCfdpGztK5PPaqt92TRzdCHjubmNxpGFW9VyRP/BCC0W/Apt3HN7zRRpRSKJIgsi7WriAe2lLpwNcz10kWGLSRPuJTjMgjqMqOsx1e3F/oBuvCfXjfbFh/GHfJL45vYE4z+ECm+Yqm6JeVaHucikm2Fm2/SzbfppiyN39pE+m8ufZ1whCbNts95ts84ks23qWc7hclFjKsm5U7kFNvxANRYKJo6NKE0elg1stjhqY450KzuA0qTtHVZEVnIytkwlUdqXREExRHG3iTPsKTnfMojE4gpquXtR2RfGctk78Qs8Q/mYlgSgdhPx/Rt3n1unjE/z9TOB1cTeTTTH9SWKLPj7FNrPvsteRQyFbOAgFE0fFhg5R0a2kxdEMhQ0TMT0jpL6sYYoZxzl+JjVaXIAiplNDRC6huYNsZ3LXtoDagDc6nO7+lDOxK+dvP0nnXsagXcZjOc593901ieOxaZTFZ3G8exp3dI3iTiZ8x7qHcCI6yO/rQ00gRiEUxUNMAN8QGcLP9E/hIyNz+OTkHP5yfgnf3koiwHOlwRI0WpwGSlDXOHUVclfGSZdAkN45l7eQg+NJFrNJzt5kHWzQ+a1T8Gg6wXman+a0Xl6phIR1xCRkmw5SV9M13r/+FcKRaL9FB8/mbSCO/HcFabo+srDHOgW8zkXc37FKrlP4rFLwUwxR8LgHZ3vWUNlNm4kt8LhoT5FFBtwFNHO7el04iIzxmMd57EM429qLF7b34Z2xSXxscA5/MTWP769uoYcJtLrJqf27ts+mvs15uzyn/MMPLFM8x2Jagd63gTQX690TEv2e8M+w1Tv3RPqteYf7yDCYuhlXo6GIMHF0VGniqHRws8TR5e+WyyPrvl4DLXRNo0ptgXVcEVtDRTyJ8u4UykLrjAVraOF3nWodwrlHw3hRRzd+un8cn5teQGAzjSn+Nr0OI0UnseMeA5CvT/L3M2nfJnlEOia9dmSJnzRH/uSoopAtHISCiaNiQ4eo1ljC4khiqJrfWcskroqs6KTA4ecyOukTNMzy2DJORskuXdGW015Eja6GM4mtZtJXHfZePlZL1jDZq5KwCk5ymoYf1V2iUVQy2asgq8PDbtCEqlAE9dEwHujvwcNjI3j7zAw+tLyKP93YwjeSaQRo6IM8TYs8TzL8beYJ6kOr1wkpedPZ9P56/zTt0/uXO+2ObGs870osvHRSzHXGVSUo6dCV8h1+mTbg5B71+Qg001sH1sVtcudIAU7lnjDSfM5rCSzi7IUltDw6j1PtS7inJ4lzA0nUxJZwQhch4nM4GZvGCQqhctlGeJRJ0AiauoZwXyiO57Z14S2RIfze7Br+YT2ByFYGI2yyCbZFPTOkbuNqmn6L9npQKLQrq5aoISVuMqQexFXQdIGTdHeEJIk8qmlftXn7CwvRUETIa5k4Ooo0cVQ6uNXiqIZ1X844UB6fRU3vAmriGrV0hXnWMo6zviv7VqFnVmvb+nDvY2G8tbMXn5pawflU1vWS0TUvXRiT/0/Rh3iXuhgodjZ5MCKnd9UHJusuJivX1MVk+ZOjikK2cBAKJo6KDR2iWmMJi6NKipk6Ot6GwCrqOlZR0bGIE3TOd9NA74ov41j/Ku7qX8HTehfxozTkH41O4Ueik/jRyAR+LDqOOyLjXHfcdceTEKoLDKGlrR/3tvbjeR1DeFnHIF7J6Vef78FbOgbwvu5pfHZhE9+jA2rleQmTPWwL6jM7Qy6R6iKUIrlIXkvZHz2BZtB5KUFwbsynUkNR/5RiuDPsTv0l6p/mKvMQXaVcWsH/Hn+xvk/0d2QoElgPt5k4umIef3NzzwaaezdRG13CnW3DuKN1gIFvCg19TIbCg2ik+DkdGcS5rl7cF+7Fc1m+u2sAX5ncRNdGFqNUQHq/1gRPlYZi1ZU/DSCiQKi7pJ60UQKtkKhX9OmeZ95lAd1FkvFISak9qx3nG8V++PMPSkMRYeLoqNLEUeng1oujOVTH53EyNoPj4QkcC+lxhhlUdXP/PTOoDfTh9MUoXhHqwa+NzeGbiSwGWHfKjySK5BR0PVfuQr9bDwWkKI52XKSQ7xCVb8qX6K+X5hxlFLKFg1AwcVRs6BDVInlSS1kcVbXPo6Z1EdXt3qhxen7oGH/LXbE5PC0yiadRBD2jexx3ximEyGPdozgeHUJ5tB/VkR7UheJo7ozh/kAML+joxmvauvFeJnu/2T+NL0yv4xsrGTxOm43QQjWaygqPXX1kd/jZ3bQROc8j55PuYUJ6gV1d9Vai5xI+rZBgg2OauCMyVRTp0NStSHeJuCueZY9KJH368+QkRK2nqlEVqSk65r7GLRTdQtJQJLBObyNxVCjgnWCw+7HeSZJ20jeFmoEpNPWMoSXYi3suduGFrRH8OKd/rnsQvzE8gS+sbOIfeR6G2c40vHaGbT7F4KwR5LbYFtc1n9P+FUIX6hTA3V1Ptf3c+eQ6nk/NUf9zVJPOb9Zq//rsr3rdNBQRJo6OKk0clQ5utTgSGzRSaXgGZcFxnOS+a2KTaIwM42xHDC+8EMLPx0fwpfU0YvwNevfiCutuPbODJEsvk5Tv4D/6hgx/d5rxIEXfkX+52Hl6d5GMB6OPRxiFbOEgFEwcFRs6REW3EhZH7hmjzjlUdtIhUxhV0jmf5Lzj4UkcD46iisKoLjKK+mA/mjriONUaw7mLUdx/MYznt4fwmnAUPzk4il+dW8Qnl1fxf9c28bX1BNq3s27krGkev96tkuS0xkdQF7kdN442ZyY0U+S0e3hCpVZi6boBcZnod33TcJRJUn2MkqS/XW4kFv51p1siSKmFOtD59K+l5DNfNInKS7h3r8pI7c9QTNDubzNxVKPBRUg3zd94vHsCP9Y3gDv7B3Ay1oOGzgieG+rG23tH8JGhSXx+fAY/WNnCABPhBTYyCSI3oiKnkwxim+ltbKRS2KKhbKS2aA70G2z/PHP8x5V8W9Azda7rnEq2VDVev9GSKjTLt4X91HyH3PrXRUMRYeLoqNLEUengVosjdcGu1kALrO+W+BIaIhNobO/Fs9qjeHMwjj+bW8ZFBgaJok3+jgR9fSqrJ0W36QUyzGmUT+acfk786LmjbdavLqT5OQ8rnMfC5S75YnmEq7+QLRyEgomjYkOHqOhWwuLopBhdQFlsMTdE9xS/fwK1IV3tHkHToxHc/0gXHr7Qg3eFKIJ6F/G7Y+v47OQ6/mF5A8HNBOLpDIZ4TJM8njlyntPLpLrHSf9ouOCdnQy5zbwujXQmweRvgwa/SZtlArijUeRS1EPeCCtZrqOrIV5CwB24E+a1GWmmvWcvSHdTyVu8lxzy69x8d0fKpz9P5DqXMbepd+fJp/5qrqF4YB3eRuJIokjv9HLv9eJ0fXgWZ9qG8NxHwnh9ay/eF5/BJ2dW8NXVdbSltjHAtua/c0jiRLnwLv/sbssmtrCxs4UthjVd/9umTWzTTmQzThCpUedswA2aQCoQatrFyFyc1EdZjfafL4Z0IUDz/Tav9fYavqYPQsNNgImjo0oTR6WDWy2OarhMz3BXRRbR1DmFey8M4NVtg/j1kUV8az2FfjppdaneZH0pBuxqUCnmTEitYSezQR+uwaTk5ekh5CT4s10nAv70vZwn57flO7Lax14+dTRRyBYOQsHEUZGxd4RKbFxDVutVK+Z/tlMJib+eXcbzHo+inkKkKrpI50jHmHsRqrq8+fRGkaNo2kcNmX2JuuujfWg4bYksBk+tt+eQKXwc6YTpePV25YrwKJO6YTQH+tHS1otzbT14KNCHV3PeOyOj+LXhJfzRdMKNpR+iKhlmANfdoHkeRkq9epI5JkjGc3d4XK73Cek9QbJaGbFczzbTwtQuRRFTwE0G+i3OE5kGOmoNbxQtSRMJSjkr/lUwYHtRgqfEki7C9azV1RHN41c6/+D+eF/pUVdK6OS4y0vzRK0jan3RVZT+SB6J+s2iVtqrRcOThpJ5z6H74ugr88t40eNhNIUHURuddkNft1AYNYWWKY4WOM8LQLUU7npfkM/8AKQhtDU8dj5rGXREvWD1SuoFfN6IcWL+PhtyrON36wWtskn/xa0Sb+430n5agmM40zGC+y4O4NkMbC9oHcYr2ofxy7Szb9M4olsZjNEGNNT2MtuYLhKoOcokvBildqXGqNESZQUbbNsbtIOEs4QdGtNOlgaV5YnSHSKnaLzmqjOoq4OyAbV/10Rz7fjSXi9Rn7XYLdR3+zaQ2+bANNwEmDg6qjRxVDrQWVFXNDfqp0b5ZK4j/9pL/mxXD54VkDiaZIzQ4DvLLk65C3aMS3p9QzPjVSPrp571p/mKV4oXNaznS5QoYtzherXkmdhC7mJaN/5XeApfXNhGhD5Ad4vW+DPUkyCrZw/kxZVgZT1xhDRL92hBLpbqL9dX7uWCg09+VnXruPzudmwBXHA0UcgWDkLBxFERoaNTYqI2qvDnGrKGW3NDrkkqeHda/obi6GWPRGkkI85oykK6Yr7qjKeKjrOqUy9VZUmjq+S8k5zWcNnl0SWU0dCOU/wcpwgqowM90bWBE+FNrrPBddbofFdQrvU7p7k9HW1ojM54ADWhXjraXjRF+3B/pBtvCkXwgXAU/3tgGJ+fWcR3ttII8ScP8/fpSrdGO9FVFOkM76pzboLrXEbO2uMeLq3g35OR7LnaP0+c6N+V0F6UIvjc/7V7E/nMX+FqvAL5ezYUC6pVb/gATtNx6/0M35xfwSvPR3A6PEDRMeW9RJXJQRMDTm2EwUdiJDLFQDODym7aQowBhoJJYkZX7xSQxIawAhYTCAYujaRYFVlGZXQFFd3eG8ZPyl4odFSWx8huUXdL51AWZuDi50aynolKQ5DfQ4F1jOse71kmF3CiWxcVRmg3AzjdEcPz2rrwE51x/EpkAJ8dmMZjq9sYZXNZol0oqMq+Zfui31Zda7qsSfnt7HK7cP4in9omR3/S28orHTQzB3+d/Sw4M5+CXxpuEUwcHVWaOCoxKKeRDaYyjE/eENh63uenYt24P9jLODTN2LJKgbPG+KP31nkiqOXiEs5dWMXp9hXGoiXUMKZUsj5PxsYZY8ZREWU9Mo7VUgzVx9a4/SoaLk7hVY9246Od/fjywhbCNHSJIl34Vc8YaTRn+BJH7oqzf8FWDoIL3ApiHlS1or8oV9VeRPEiy1FGIVs4CAUTR0WE2qZ/1XZPHGU4R+KIxy4jGCH/iuLopRRHp9tG6SyXcGdkBXczQTwhUcPkr4IJXblL6rxETl3gjnfN4Rid6wkmimXd8zjOxPGO0CTuprEei0ko6R1FU6gNjNFgR/DMtiG8tGMYr+sYwjuCI/hAfBK/PbGAL6yn8FU6g1b+jiipW8h6u74EkRyDHu2Rr9gzOBmr688m45TB3t51aCguaPW0Cd0Z5BSbj66OfYvi6FUUR2dCg2h04mjBXYlrYKnAo+HgG9jWdcXODRnvrtotUzx5L1k93amXqepdQRRLZJ0LTLSL+CxJkcP9NAWWuM81Brc1VHMf5QxsEkeVPXq3BG2KQa8yNkvxpRciM0FhWaFhVkMTqO4cRTPt5tmyn/AEfq5nFv97ZBZfXFjFY8kMemkC0zw2vX9rhcayuX3UQ5Dh+mDi6KjSxFFpwRMkPD8SR8xxdFFYedFPUxw90NmHprC6Tq+Tm+QqY5LizSzOMK6cCa6hpYNxifGoIaTYNce8bRrHI+Oo7J1BfR+FVHAMDY8N4Jnnx/Em1vufz2+idSPpXluinEs5oR6j1ku8nR9wzw8oz1LE9LyEHsywCHNjKGQLB6Fg4qiI0NHJ1kSvnxlFkbtrpMDnvbxrgPzzuSW88LEImph8HY8t4Me6l/H06Dzuogg6Fl/E8ThLJm7HmMAdY+J2gg7zGB3mcTrJk5FRJnXjqIqNMVAO01D7mFzGcKojivvbu/CqyADeTxH0x/Nr+OulDXx3JYHQZhZj1GhL/CnrLDdYLtD+NIy2DFS/Sw8A6gFxp4H8gxB1UJpB6kq3N8NgOBho9XTuunPE9sM2d9mdo9AQ6tnG67uWnPCpD+vK3LzrVlffNecEUX1oA43BdTSTpwKrFEbLONO5QHE0R/HDAERxVROdQEX3OMp6RnEyPs59zeP+tlXc267gtYQ6Bq9qzlO3umoGturwJAMZycSkMkq7CvfjrmAP6jq68ZyOHryhawwf6KcNTa3jOytpxJO0Ff72dTZ/dZXb5DGsspTdLPL41nlsMhWD4WAwcXRUaeKodKCzItNz50fvh2Pyoxdtx8mf7YrjOe39OK04E9wgt1wMagwtOnGk9xRVqgtd5wwaA4pHKzjVteZ6MVTQRmt75tEYm8C5i3G8/PFufKR3Ht9YzaKbxj3B/evxCl1cW9vZRSK7g4wG2dl7oJq/RaQnYO05f2A1eGPYbwcHpWDiqNjQIYpq5L44YkNX2NPDdj3k5+aX8LzzYTR2DuB49xye1j2PO1lquqx7FmVRvTl/ggncOFoohJqCg+4q+z3Bfpxr76bBRfBMJnIvC3Tj/bF+/NHoNP5+I4XHUil0siK7aXDqHjdL6hkPCZ9N/ox0iobGUpGXsdbr/sNlurPsBJHs0aeLzh5lonqnip4isisYhusBrZ7tRq+l05W5S+LoFedjaGES4J4r0p2h0Bpqw2uuW5ye+9EzRa6Pd3jFsd6RYknPF7kXsGo7CquwOIlGxwlXallViEKIIqqJPMf93M8E5FxwGi3tw2huY9Br73PP2j3Y2o2X0g7fFB7FR4cX8CWKocdTWfTSMCb5W1fY3N1FPRpwVn3nZM78LJuRPawzcd3kQrMKw8Fh4uio0sRR6cCzLuavsrNt9fDJuO7RuoD9/lAfnt86hHskfAIJtASSLDfQojqJzuDunlE8o2cYZZFJ1LPezjB+nencQFPHios5deeZrz3ahXd2DeIvFtYRYxDR+4o0IJfrcUDqrlEupDCeqI5k+XlJmEvKON+q74ZRyBYOQsHEUbGhQxRdX1YanXu4znveSOJID/v9xdwSXvpY0CVndXSGZRRCJ7pGUBkZRk14EHUdcTSdj+C+81G84GIMr3isE+/gvF/pGcPvjs7j8/MJfDO9izC/YobBdZMVuMVzK0NzQ0ByOs0fsUlhluL3e71WvZHz0tkEthIbbghI1wfQp4bJ3uLv3eLv1ctX5Tl0HISOQPtLuXCem2kwHAC0+ivE0TcWVvDwhRiaKUjcAAldq0wCNtj2NyiOVimOliiCKGzCc2hkMlFP6pmjiu45nIzPoaxnHic0zXlVXKeOyUZLYBHnWkUGpuAMjkeZdDD5qI9M4XRwHPe0DeC+R6N43qMRvJ7C6Kdpb7/aPYE/GlnEN9Z3EOZvnabNbmZoO/yN6l6qCwobtK8kg5TavrtAkMkgkdhEmjbkrjRosAln42YXhoPCxNFRpYmj0oGsK0FbVHRyjz/Qt+v1I7qw/ItBTxydUffszgQFTwpNwU00hpbcAD13Uhjd1TeMip5pxpg5rkOBdHEW9z0+hYceHcPbGJc+ObOFH3C3emwhIaFD8aWBpryUy8vRdIFN/SrU9dzFSOcMctQ2qjtVn1XhDaGQLRyEgomjmwEdpsQRnVlumCpnELpaoGeOvjyzgDd+vw0vfiSCZzFpO9fWhzOtETw7HMcr+0bxtsFJ/NzIFD4+No3PjM/iMZ63bm6nwRw0Cpa6xWnUOOVk6SRFT5qpW2abtqTvknxRoJWx6VkPmZ1Gh0u4fyn+U7K6qxGxNEKLuyzO33oZuRtFaE7yP9eXMXsPnOsbDIaDglbP5pRkc/LEkd5/9fX5VTx8Pk5xNO6NDhdZR2148zJxpCFTW0JTOBUeQ2NkDDV60DU+ieO9MwxKcwxO80wuFplErDDZWENz+wbOXtzCPRfWcbpjmqJqEE2RPjQEoxROYbwo2ov3jkzjd8Zm8bdTKwhu7Hjv4+JvUnc5vYJrm3921tja9V4tJqPp3QzW2PoX2PJneAxz5AotQQNvK6w5cZSmZbghHGUpBsNBYOLoqNLEUelA1rXJv3viaDvjXsE4yvm/GOzH81pH0CwxFE6wXpKo0fOr6prNeiuLjlIYTaK2R8/HTuBU2xCefX4Ar31sAL8/tobvbni9d9RzRxfXMnrR467G3WXsYFxRVMy7ZM3vZV626wskeQBS4sjlkfxoVXhDKGQLB6Fg4qiI0NH57ZhHyz+5Bs5JzdednRk29m+OL+AXvt2Kn/hmK95+vg8/0zmGP59bxteW1/GDrTTaKVii3GaI6+vBb797nLaXSMlwHxn1U82w4hhA087APDmkECtemvI6xLmlND69S0jEDo2UdApLdPNy0+oS6I7Cg5yI4reoJQbDQSE7UNK3TecvU1giv7G4hocv9rpucHU9axQ+FEbBDdSoa11sFQ2xJfcgbEN4isnBBIPTBOq7JtGggRqi3p2kOiYXtUwm6vQgLBOL2sAi6gJLaOyYxz1MIl9yMYR3xPrxwdFp/P78PP7f2joeob1oJKJxUndx3cOwuWa/q2EZ3cuFc6KHtqHfnKR1bbLlr9N+1lhq2nsZH5MV/tulrYgGw8Fh4uio8iDiqLprFOXRZRwPqUsxxVFwCIsURtksE+cCOdVBaLgSsq4t/t3W8z1p2l5KPW28C9i/EOzDswOjFERLOBHdwInuLVQxVlX0zKEiNsa6GkdL9xzOhMdx5vFuvPRiHL88OIu/mllBL3MzxRe9eiGr88/vUL+bXUYO9+4T2rMrGVP8e0eeTPIytsvFESkfIZFkuG4UsoWDUDBxVETo6C4XEZyTE0fiZorJFcuxdAYdq1t4bHUTFymGwskM5nXB2rt44Z7LE3UTR2KIi/ZMKO3+6f5Pgsan9wYpYfO61OkdQDJIJ6BIfa37ox8jyhvkKPmkB+W9h+U9WeWu7rst/Q0uQbtx+zMYrgMKDJLvkhky/0U2q68vrTOYaCCRCVRGFlEVXqPI2UBdUHeB5lAfnMKp0DRauih2wqv8vIiGznkKn1mc6pjB2cAU7u2cwn2BMdzTMey6zN3b0Y9nhYfxcPcYPja9iK9tJNCeSmOAgUXDpaqft0Yi0t1bUdO6aqiQ5CxmR++Q0CsBdR3RC1ru6p6u8uUEkOfDPDuQGeW2dNNmG4aDw8TRUaWJo9KBrCvBv95LYGl7SU8c6Y7Pz4b6cE9gEOXxRRzr28Bd8TU3UnBVzySaeicoiqZx6pFBPP/xAfzC0CL+73oKrUzaxnmqdX/I2XYuQiiWyLr1b1cv+8v6L4j0BZK/1PMKV4gj0erwhlDIFg5CwcRREaGjU7J0SZxwji+OVNBe1M4TO7tYJZc5Xw/oTbNU8qaRUtQHVtcY9kxGxsRPXqc2GRVNb1fPO5C7kkTuWy6jb1t71I/JJ+d5r6HUA4jq9KQBIyS+fOPMwxU7NxgODokj120gJ44W2Pa+lieOapkENMQ2cDqWwJnYGloi3tW4+zoncPqxOZx+fJNBKo3T4YQbza4mOEERNYiWQDee1dmF13bF8P7ePvzx5Cz+YSuNPn7JMm3LXVxQO+d3qh/5JpPQRJpByr1cVYZIm3LBSfeBNvn79DLWJEvvLqwLndqJup1qNV11UOkbN2fLHDSptc00DAeHiaOjShNHpQNZ1544StH2cuJokPPfS3F0X3QMx7un8fTueZT1LqG5ZxbN4X40nu/EAxd68NqOMfz2xAYuckdzPMV6TnXHjXilvGyDe1Y/A2VXnlRy1eB65vjiSOt6EYS15GKITw8KMtxS8crq8IZQyBYOQsHEURGho/Pu8nhN3jta/tVxM2HbSTMAMtlKJbPYIpMMjAqH61y+zvXWudUGt1a6lmSZYiaW2c3dC5JI0rSucOvKg6MMTOfV+wrRfaksUdSP8KkfpcQul9xploSYL8a86xuX7hs5+PvzqQUqDYYDwhdHus+p9jnPNnRJHI0zEfBGlWvomMOpzhmci0zh/uAw7m/twz1tEzgTWMHZjkWcuziBBy+M4hWhMfx07zh+fWwKX1haxqP0PUN0YLPZbawxyKUYTLLb9E2KcuRumg6ONqcX/NFRkWr8NAY9cydb0u/ir9umbbk+3zl7cm09325kqD59A5eNcT23vsFwYJg4Oqo0cVQ6kHW5Z45kZ3puNMWcjMan0ereE47jXGgA5fFplPcyPsVmcW/7AB4634VXXgjig8PT+H9bu66b9jxPrzZ33bK3vQvYeqtliiJJeZzyKlcFzqj5x+VyDCJuOhdAtNznHrSBnIMfbAzXi0K2cBAKJo6KCB2dmrDPS/DCXSZFw3FXFnTuGAyZoKUzSWxlmJwxA5MY8v75Hd7UxUeyxd+j9iNjypHT+uubj6bdGdaf/B/jr6Cv9hM7ruwWcz23J5b+Zg7+h0I0GA4ItVBfHKmdzfGPE0etvWgKjzFJmKFIWsK9Xcu4p3MKpzj/3gsRPNQew33tXXhmqAev6Z/A+0dm8OmJRXx7NYkett9ZtuMNL54hmdlBkkEpvbPlmNzVt6WwvZPGjh60dYMmcANdHaSjc1fi9oyD1O1c15eVjTt/kTMMj3kmdzm1ntmF4bpg4uio0sRR6UBmt0ZLo4UxLihOZN177PRi/P8V7sbZQBzV0TE34unZC0N4yQ9i+MXIOP5maQMdPKe6w7TAUoM47LohThlbFGsY8XRJ0OukTVvX6Zcp6wsZRGT3Xk6nDVn4Bu9TnzXfrSdppaRNCwzXi0K2cBAKJo6KDB2hz0tQa2fw21Gg20JmZ4MlueuVO6S7h7Orh9a9gRIUGHddRsY95e80x8tn+8bmlX7g9f5loEEb9NChV3IO9+sSPW0ig803Sp+Xdn4lDYYDQp0094ujrzpx1ENxxCSgYxy17dM410G2DePe9jheGO7F23oH8Sdz8/ju5jraMttuCHyN1qjupxtsg3o2T70hFDd2qJCyFD+ZNIMSkwhdXNC4jCozuwwuEkM+/asBubaswjV5zXYTHmVfmpRZKDQp5F2ihmP1uqGKOkbtx2A4GEwcHVWaOCodyK8v0xZ198iN3rt9SRz9TKgbz40MorqjDy2tQ3hT9yL+YCqBH2xlMcF11ne2sZVe5Sa6S5ShJmKM20q5gbJ0uh0VR/KDSEZCyYsZzr7JPWPPxTJXap5bKF/gCS1vC8P1opAtHISCiaNbArV2OjbX0Bnsdrc4Z4vlJlLZFaRSK6xFBkY31j4tRF1/9m7p5FGnj9RpdORH748s6hI1sIL+efeedAVjm9+qhJEG7T7ztygb9I3Rp+xv33ddQYPhOkCrZ7PKMOio77XXBeE7C8t4y6OdeOHFKF4UGMKLLw7g1a19+Jn+Ofwhg89X6ZAuktNs5OrulmWr1ZuGFIRc22Zgyuz5HzZXtttMmktJvXN5m9uq3WukuQTFUYrrb+/o4gS3yb9FmpvU7/JNwZ+XH6+Usvr0OuHt5Og/q6ejNBgOijxxpPbo8h7vMoI+uDbJhq3l6vCsu6A9TL5e/cN2PLO113v1Q3u/8RDyLHlP26BjS2cvmoK9nD+Is21DLAdwrqMH93bEcS4wjNOtI3g2E/NfCPRgij5NQ0LrZaH7c6qD0HAl5N/XaGGSN3pWaIcxRU8LjfB8fbS9E6/6/qN45YUQfnFoAV9O7aKbp1GD+2zSXnfVfS67jt3MJtKZLdc1T8+3blEAaSAtGq/3BT5dPqcLaYoX3ixXK/vXlS/w8y9+ULxT/DRxdGMoZAsHoWDi6JZBx+5TrV+NPZ+cr/PjzpFKr9hjPq6Yl78iz3PeP4XcfCrcqtT/J6TBUBR4rXAjucE0D1hh+74wu4jff+wifqcjhM+PTuHb60lEuUwvy9PdoVmus8qtFES07Z59XMarw1vD/3ftLQqtkz9Pv6AwvV+Xv53BcBD4vti1Hb+h5SZ2KJhSGT3/oGHjd7DC5Ci6toi/7I3iY4EAfjkSwwdi8eviL5IfJH/J+BSzB78c7XVUnby/W/XTS/Z4dRWP45d7evCh7l78aiiGX++K468mphFLb7sRNr1nIq+fhiuhs+JnX+kdCqOsLh7vYmI7ib/rCuCL4Q78cG7GvVJFQ3Ov8jxuMFlWHfCkktzS3d3lOXZ/L/GKGTnmf9xD/szLFnofLu3dcL0oZAsHoWDiyGAw3GTsIJHacuJIg49MJFPoWlxGH8tRJoJTnD9PuuG1uVxX4XZcnznzF4bbExLVSqv2xLX+5Ki7m9vZDMWRxruSONrBEhfMsRxjqaGG9bxDIeph8kLUMiV52vaJyhtdpvJGl6m8GctU3ugylTdjmUqf+qy6UTeuvhzVfVif9S42+UWNZDvHhrKY3sWm65ZVOK+6Fg2F4b+iQf161PE7wXnrLAdX5jDHmLXCOKR56jGQpk1m1LVRd3sNhwL77eCgFEwcGQyGmwjaPMVONqNucTtM+HaxRi6SerHxEhfrxbBL2V33LJGClJ612Mnq+TuljwbD7QeJIsn/QuIom8liO5123UNlNUrWFnfTmN1N0Va8t/irC8+ToXvncV5ZiE+0zq1e5vNGt78Zy3weZFl+qbcDiHqGX3UpKgFXly43Nq3WYePIckKPwjgm6D35WYl5obzqZvF2h86ny2U5nd7dwebutrtAt87pdWSxSnG0wQpIqFs257nzwm0MhwP72/NBKZg4MhgMNxG7TPToUDIJBhVJH/oO0j3LwwlRd5T8RJFOgloqhcz2Fh2T1jIYbj+orV9NHDkyAdNdAj2KrXex6A7SBpnkvB29wMvPsPdTDzxcjS4zNz7l1MOLcnqiewCFPo/cye4gnUwhndjCrkbW1AibSXKLK26SKe+uRaG86mbxtgcPUQP56Fg1UNVGJoUNxh0N0rAuoUQr1XOlrh8D11EdZd1oQN7mhtJGflu+HgomjgwGw00Eg04mySJNkcSgr7tIeg9Rlv6AiYJ73YMSNwV9Jn2Z7STX18iNyhzszpHh9gRlTGFxpBnOFry7R6lt3UHSCIwURqQG08nSaNwD5BqqfieTV3LeLss9qnuq5uVKt05uGffpzctb5m/npvOXqbzGsr19P9EylfnLVObmX3OZyvxlKq+xTPOvuUxl/jKVufnXXKbyoMtUar583yV6deONKuuNLJvmX73CgzW9Q1+YTdJf0h/q9hH3qRFsC+VV16KSvOultrutkbO5TCrN88tj5scU6yfFcyxBJHtL8xxsk3rOSMJI67HCckZrKHXst4ODUjBxZDAYbiJ0Rc4L9sn0BnaZwGXSSezqKmiSPiRFv5Bmuc3PTAA0bLFefLy9m3DJhMFwO+IJxZFGtnKjW6lk0iYySCtBSzPR1iD1Gonxiaih7PeXCVfmTxcqb3SZyhtdpvJmLFN5o8tUFn+Z6iKtC0WkSq9u0tjkMg1Zs8ZPa9jCOrmxs4mNzAYSen8b19SQziaOiggdnsxMd4JoazrmbeayjEbONnUnSRcm9PxflsucParIZHNGayh17LeDg1K45eKolGgwGG4uaGlMBDSkfAopCh+6GtoeQw99hhI/RiKvZCBSuqgEwK2rIbxNHBkKoJAvf6p4o1BrV9NX6faiP/nUApeM8XtoH+45B/2nnezdbShYencuZDv7y9ud29k0E9rc9M62++zP02e3TP9YXjbvFlP1IR+YX1f8JfR76sLlvXpD05rHNXJ0v/yytvdU89BDhyDqQoT+5wSSZsn8BB6pd6yamVvg7h5p2lAS2N8ui0HBxJHBYLhpUKhRoNd7thT0FfK9Hty6+qYg47JAUuFfS731vHV1Dc9guByFfPlTxScDv+Xv7UUT+fQX7p/n7iw9UXmNZRJaVytvdJnKG12msgjLXPdcJa7OvdDz8JjFvfXy1t2j6vAA+y7aMpX6fXr2SKX7zSxz9F3iZa5RdNvr517e/p5KHnroEApxPwqtIxpKAoXa5pOlYOLIYDDcNEgcSeboFbB6XkJCybseKuGjpR4ljPTPu3rq0cSRoRAK+fKnik8G2trnHvJnFqKfKLsH+a9SFpqnbTQt+tOFyhtdpvJGl6kswrJdHuduir4kQb8h8ZFb7k+rzCZ2sMN1/GXufB5g30VfVqiefPrr5TM3v1AbfKp4W8C3K59PhIOuZ7ilKNQ2nywFE0cGg+GmQVYm+ePdF5JQ8h89VicRiSKPl+ap9KST/hkM+1HIlz9VfDLQ1j4Lwl+QV+orGa9viO7m0W3MNP9spbaxkUghuU0/wnliSgO98Pg1b30r6dbRwH7aRvPz93ErWKhu9t8x2qUQKrjOvvZnLA51V6/Q/P086HrGwrwZKPQ9T5aCiSODwXDzIDNz5B/9Zymx5AmiS9Rn/fPX26PBsA/7/fhTyWIhv8mLtITLSp/eTQRdZLh+6p1Jol5oebXyRpepvNFlKouxLMGzpWGY1zIpbFJdaL7GvNyiqtDo2Zq3rqGas+q26y3T/P379MtC857sMpVpxx1HdTJW3ahOVbfqeedTQsoXeKI+F2qDTxWVOB56sm3o/UUqHQutIx50PeNVqTZzM7C/XRaDgokjg8Fw8yAzU9T3mcv2vLtJl4SRs0b90fL8dQ2GfSjky58qPinkba5J0W/6fu+q/b2s+K2exbjBF66D3Ma/O+vfodVdXL/MXybmL9O/YiwT85epPOgyMX+Z/u1fpsEV3EAGuQEO8pcxPfPWydE7Iz4v37e/jrfe1ZeJB12mf5p3aUpzPWmk+nGj0DlFdHmFc9El0h8WaoNPFfcnv4eNEjvbedTodJp3NbrR63LU50L7NF6dajM3A/vbZTEomDgyGAw3DzIzBXo/y8sTR/kJirNG/TFxZLgGCvnyp4pPCnmba9Kn3/wLkd/K76UxOeohG87dK/35PvOXbbvtHGmMet+Yu5+0V+bmu2Uq85epvMayvX0/0TKV+ctU5uZfc5nK/GUqL1+WyUpoeNtlNRKdRqoj9f6nbDbjljnPw+V6D1FW63PZE3/vEy1TedBlKv3l/Ex6dZPjDutI1IASrv/dvopndaos1AafKu5Pfg8bJXAOKoxEE0dPjmozNwP722UxKBxpcfRENBhuFQq1v9uJzEouoz9fkshnoXX9eUbjUWK+Xeyntw6n9uh/3j//ySzzeaPb34xlPm90+5uxzOdBlj3ROhREeX6vMBkoWHr7MRaLPPv7bOvqvJ51jYebgomjq9BguFUo1P6MRqPRaDQajbeWgomjq9BguFUo1P6MRqPRaDQajbeWgomjq9BguFUo1P6MRqPRaDQajbeWgomjq9BguFUo1P6MRqPRaDQajbeWgomjq9BguFUo1P6MRqPRaDQajbeWgomjG+DtgELH5TOT0VCkl45z/3w1GCGdTjsKfnt4IuQv13baj8prbXc7QMdoLH2qjfvtOx9aJshR+stVipq3fz8+tVy2oXXW19f3tk0mk64stI3R+FRQbVTtX9jY2LhmG/XbvqDpVCrlSm33RDZhNN7OzLeHfL8vanl+7ix70zpa5kPLlYQLfo7lr2+8NRRUD6oX1Y+JowPydkCh4/LpG7JvuPl1rcahZXNzc+6zluUvvxr85drf1taW20b7SiQST7jd7QL/+I2lT7++1FZlA2J+Oxc0reX5212NWlc242+v5FHTsoP96xqNTwWVgCmZU6n2qfaq+Zrev24hajvZiXz62tpawXWMxqNA33b8iwXy9bIjfda0bEV5j7/c307QRQlB833uz8GMN5+Czrl//k0cHZC3Awodl09/ud84/M+iPsu4/WUyZgVFJXoqrwZt6yeaPuUgfCdxu8M/f8bSpdq03679di9o2l/uCyZ9VsDzg1n+fvKpdbWeSiWN2t6/IODvx2h8qin4CZzfRgW1+ULri7ILra944NuFHwdM+BuPKmULfo7kxwiVfvyQ3fj2ovV9+8lfJq6srOx99mOQ8dbQ933++TdxZHRUg1Cd+vCNWsasZbpNLGPXur5hK0ju308+tdxvM34Q9gPr/nWNxqeCfgBS+1RbF/wA5tuEptVm/c9+0PP3sZ9aT4mmttG6+qxSTvaJtjMabyXVPv12Kiqh0/wnEjlqy37iJzvR9j6FQtsYjbc7ZRd+vuTbhR8n/Lgh/695gj776/rLVldX3TLlSNpe2xX6LuPNoeDXl4mj66BO2GFnoePy6detX88KljJcbaer3x/+8IfxO7/zOy5wap6gddSI8r8jn1qu8itf+Qre+ta3Ynh42O1bDsI3/tuZ+8+xsfTo15PfVv3Apnaqtq1lvm346/u24c/bT62jAOdfQPD3o6uCwv71jcZbTb+Nfve738Wv/uqvYnBw0H1eWFhwZaFtRH+7sbExfPSjH8UXv/hFl9TJRrRtoW2Mxtudigmin9/IRhQj/Fih+aLyJ1HTigv+MtmQ5qv058vWCn2X8eZQUF3ovKsOTBwdkDphh52FjsunlvvwjVzzdJXw//yf/4Pjx4+7QCqjVZKnBNLf7mrUct1xWlpawqlTp/DjP/7jrqEVWvd2ZP75NZYm8wOR4E+PjIzgne98J37t137NXRz4f//v/zkbeMtb3uICmNYrtD9RtvG5z30Or3/96xGLxdx3yI5kU/k+1Gh8qqg2HolEXALwK7/yK65Na57aqqYLbePTjwG6WHbvvfciEAi4bZ/IJozG253z8/N4xStegU984hNOHMnn+3mScirZiM++vj687nWvw9Of/nSMj48724nH43j5y1+OL33pS279/fs33lwKft5r4ug6mN+wDysLHZdPXe1QKfhXDmXYjz/+OOrr6/GhD33IreMnj2o8Wm+/0fv0G5nfZr7//e/jv//3/44/+IM/2Aui+9e93ahjNJY21fZEv11rWkHtN37jN/DQQw/hsccec23805/+NP7lv/yXeOUrX+lsxN/e3yb/s8qenh689KUvxRvf+EY3kInwRE7WaLzZzPdJumD13ve+F8973vNcHNcytfP9bVTzffrzBJVK6h5++GG85jWvcW1cMWH/dvmf/Wmj8TCykJ/3qQtoSqQbGhqcSFI8yc+VfHvwe83oTq1s75/+03+KoaEhZ1Paxy/8wi/guc99LlpbW912/nf637f/e43Fo6Dz7deZiSPjHn3D87vOKeC97W1vw8mTJzEwMODmy+BV9zJwXxjNzMw4Y9fVdn9breMvl0MQX/3qV6Ompsa1G32PoNLfp/8b8tuZ0XgzqfbmJ3V+e/3mN7/p2ulv/dZv7bXnz3zmM/g3/+bf4GUve5lrn37w07a6SKD2rfn67AfFv/3bv3V3m3TnVcs0T9z/G4zGm0lB7c5vm2qLf//3f48f/dEfdVe51e59n6tEQNOi2rRElLrQ6YKB31Uof9+f//zn3dXv3/u939vbh6jvy/+8fzuj8bBRdqJSbdu3I5War/b/n/7Tf3K9a7RctiJ7E/zSjy/6rHxK4uif/JN/4uxL+9EyXVR71rOehbe//e2Ynp6+bBuV+k6V4v7fZ3xyFPzzq/Nt4sjoKEjwqF7VMGSsX//6150w+vmf/3ksLy+7ZTJWJYz6/J3vfAc/+7M/624FP/OZz3RX2tWY/uiP/ghTU1N77cXfr9b/n//zf+KXf/mXXeD1v1dQg/QdTv7vMhpvNv02p7attnrffffh9OnTrpuDlqlt+uLoxS9+sZunbkW9vb0uyGkbBUM/YPmBbnFxES95yUtQVVXlrg76y43GW0XBb8P+nX4F+xe+8IWora1FKBRyy33fq+Xy/21tbXjf+97nugnpSvab3/xm59fl+wV//7p71Nzc7PIA+XS/jfvraJ/+9/vbGI2HkWrD+e1Zfl+20tnZ6dq/fL1sy7c1rafloqYVT5Qz60KDYofsSneOJI60L9mgtld31bvuustdwNA8ba99+jZkedLNoeDXrc65iSOjoyADVXDUZ/8W77//9/8e3/72t51BKjCq0ehqogZo+G//7b/hn//zf47GxkYXIPX5X//rf+2uoLz//e93yaH2qcYmyAm0tLTgwQcfdM9iqA2JPvz2JeT/NqPxZjG/Daqd/sM//AP+1b/6V3j3u9/t5mue2vAXvvAF17aVVP7d3/2dE1B333037rjjDrzpTW/C+fPn9/bl71v4kz/5E/yH//Af8JGPfMTNk/34y43Gm021R7/NqdTnjo4O10X0ta99rRM0fiKndTT9qU99Ck972tPwb//tv3VtXM8V/bt/9+/wX//rf8WrXvUq59cVD/wkTRfP/sW/+Bf43d/93b3v9H2+Ss0TVBqNh5W+jaj0LyKofat7qtq/xIzfzrVc68me9LyqutspV1a80EXkv/qrv8Lzn/98/LN/9s/Q39/v9uNfeNCjDFpfz2j775YU/O/1f4exuPTPsepCdWviyOiY3yg0rdu7DzzwAJqamhAMBl0g1HoqH330Uff8kK6I/+M//uOeaJKg+qVf+iWXROo5JT1n5F9J0ba6m/Se97wHP/IjP4I///M/d/O1P5WC1vHh/y6j8WZSbd1v+/qsLg3/+T//Z3zta19z8317kDhSsvg//sf/wDOe8QzX9pUonjlzxt1R+i//5b840ST4+5Ko0h0jda3TNnrQXfvK/36j8WbSb9++n9U8XbhSW/74xz9+2XwJJSVmEkLHjh1zI9Gph4Dasa6Ol5WV4T/+x//onr/Tdtqvlqn7qLrW3X///W4//jL/Nwj+tNF42Km2rbigdj46OupyJPWIUR4kW9IyUbaju0DKlXTh+EUvepHrlq3eOPqsi3D/3//3/7lRfLWdbEn7Vnc6datTTLlw4cLed/rr+L1ujMWl4J9n1Z+JI6OjHyBFGb1Ej4xazwnJAai+ZZhK8HTX56d/+qedwJFDyH9xmbppnDhxwrWLb3zjG3uBUtBVFHXN0K3kj33sY87IBW2r9fzfkd/OjMabTbU9tV09O6c7oWq7EvL+MlFXxRXMtFyDMmi5tlGb1uANSijVFULdjPyre2rLWq6+5dpO3VSF/d9vNN4s+lAbVnsU1Z1OIv+rX/3qXk8BtVMlAR/84P+/vbtp1apq4wAuBFFzkRr1BUoSJyGVE5GmOWjQrEIQI5AQIptKQhpEWlDUsDAQ6QMECg0aNEoNspdRin2K5374LfifZz+H7Ut5n3O6z/lf8Gftvd72fe99XWut61prXeu9YQVnDcfD2mjtvnIMBpYCnT17diwNwv/qZUjTVzCKMZCl/Y4MuJYvv6koVhGILOSe7HzzzTdjNsjWArJCJvC90PgnYyGyY6xEzoyfeDKNcqTPEK8ckBUrDczuWnmgXrKJpKl7+ruK5QClzfKOqxwVA4iwI8zBCv74448vjh8/PgaN0kAaEFKKklklihQeYCXhvYhVkiVRg0Do00G6FmcTor1Kf/3110hD03wJi2IzgJe1Zxwx6LDsNxKXjkj42WefjRkis0oMAOLIg3QDwhdffHF0ZmaY0sAmfPfddxePPfbY4syZM+XtYtOA18KHU7BIm73nEStx+FhollO6Wf8M2AzqhBQiTncMENMfkAP3ZkYpR/ZVyI8iQ0j5ud9YFKsClFkb8kK23n///WEYE0Zxwutkw8ys/sRqGkeayE+mDLYpVZasGguRqchJ5NCsLRk1/jIDJV28cPqbiuUBece+k+9Q5agYiPC5JsisimZ43n777XG4n7RYBQn4d999N6aJdaYsJ/ZVaCTAQJAVfTpzpF6Nh05XumnjWOenSlcah/yuothI4M+A0wUGAedP4EVx8iBLifC2vUYo5eXDv2aPKEca08RncEmxYo3n1ht/p2xRbDTSXgtjgcanTz311OKnn35a40chnmXYYgCwvA7/h49dU47kjbykbtfGAdp15ciDtGnd8uQ3FcUqAg+nX8Df6MSJE4tHHnlkeCRlFJBPmn15PP2aGSITkRXp5OHnn38ee68pR1bmpG5jJCGvd2adGOqMx8SnPMpvKpYH5Dt5/75RlaNiIJ2ga6ElQJSjY8eODb/9OSRQmnWwvjtL+ksvvTQOynTopU3p9iM9/fTTY+ZIHeoj3Dpm5W1atAnRso1sNlQnco2vcl0UGw08mQbRGVwckNgIK06HlUGj5Q32W9hnFLfGBoHqkJcCRLFSNnHhZTOqUY5Spig2Gvg2SkkUFHGUI8vqDNqkJY8Q/+/Zs2fMKjGGRdFJHQZyLNmc8qQM6A/wuANh5Yv8oMiB/EWxqpjyc8BxDwXHFgP3mT2yVE5fYazDCEFm0teA2SIOGShWrlOvZ8h39erVxTPPPLPYv3//Wn+D1C0dpr+teHgg38C7rXJUrAHFMujbWipnkyErug2DGQxSkuw3MlDksY7iIx4zaRgoRzwdxRWl+DyDZcWeIw2GQ2XzPHlQnp3rotgM4F8NonYs7rrFp5HUYVGODP4sn5MmDq8Kycbp06eH5fzUqVOjjLLShWaVLK9gaHA/fXZRbBTwWvgtxingbMEZR4xXeFUaPiYH9piaPbInFP8aGGjX5aEw8aKl/dcPyK/cn3/+OTaYW46XIxzyLCQPWv/7imKVkHEKvsbj7m0P0O7z8KgfkE9o5uitt94aBuYrV66MvNKMgeD69etjFUKUI2mZNSJXlnhzgML4TLHKs9Pn5DcVy0Per2/gfVc5KgYQoSZ4YNMg70MGgwSZwLIkcr5A6ClHNg3qJDOdLJ+NiaaSrad1rhEmwyvKE3Lrb1kmv/zyy8GEyqUTTaODpr+tKDYSaRDNfD766KPD+5A4wL86LcoRxclyJMYCcdKUYyV84YUXhgJ0+fLlUad46eC8GB2oPUfl7WKzEf5G2vg333xzKDJmSsPnlB9p33777eBVy3mcdcSAJf3WrVtjVtTSUi7AtefafaElQPZHKIPfkecmnMYVxaqCHAinysmHH344thTEUCyNLMnrgGV9Ro41EUcO9R1fffXVMCBnWV3qBTL1xRdfDNf5DBEG5+KVTZjnF8sDyjfSZlU5KmZh2YQpY0qQs18IpW9OcJ2KbgkR66OO0jkXppC5N7aczlSwpRv2acgPmI0DBgqXczO4hvWc8BSK0KP8jqLYSOA/wN8Ufx0SBYg1D9+Kx7s6KzzP69wbb7wxrOXSLQ2l8FOMnOFFbgwyUycwMChnOar7ud9RFBsF/IvvtK9g3yeLNmVHWgYD8thfavknXufVzt5Qxy841kGcNl6/H95W1ioAy/F4sUN5DspvmF4XxSoj/YJrDqY4I+GRNAYG6eiHH34YM608OWZPErng0Md5efqEXbt2DeWI/CH1uiZTVipYaRMZBekZMxXLBfJuvWfvvMpRMZDOLEQIraM1UDRDlE2B8tmD9PHFi11zAAAHyklEQVTHH4+OkgXSTJCQG1gbDe2/sLSOpdzMUuq3jpblkSU9Fknx0j0PJW9+V1FsJPAaPkzbZmCIl7VpidOp6aRsVLckiUxY8sCtMYckFCP8rjNMvRlsaiPt77CEIpb25CmKjUYGU1kVgN+tAHAOncO7r127tjYLiqSzcn/yySeLvXv3jrYd3zOSnTx5csySqk9dIO+hQ4dGHrNLnik9cuUe5booVhUhbXjkycH2+J9xIN53yVMUKE5+zKqSn4MHDy4OHDgwHFjZly3esrqpQwYgY5a36mMoUmQHUPLM/b7i4YDSdlU5Kv4PmILQR/h++eWXxZEjR8Zyid9//33EE3yCjFjazQDpYCk70pSTjj+EGgnX0qzPNbjk6S7PCK23juQ3FcVGIzM9YFkRS5/ZoQwa5bF/zvpvFr3vv/9+yIUBplnQ119/fbgwlk8d6RiV/eCDD8YeDjNP4sL3RbEZwI/4MLynnXZP+aHkZ3Y/+eN4R37XjF3a+CwZAvnkUY5XU4YBXk2lIenIs+VD02cUxSojvB/Zeuedd8byOTIVOTOLJI282dv3yiuvjFkkYyn7uO0pcsQDj3WUKnVlbGWZ6r59+8YeVTO509kodc/9puLhgdJm+XZVjoqBdHqE2XU61K+//npYOFhAIvgRVsI85Yk5qAccFGgZHgUpe5SK4t+ANIj4GW/aN8dq/uOPP440FHnA967JiaV3TjMnD+pRR+RBHlZFCtWzzz47Zlvv1cgWxWYC3+r8Kfm//vrr4F3Ifom5MoF8+Nus0dGjR4c1/Lfffhvxc/mLYjsARU70AwmNbawgIAcMxvoD0F+QJ/nSX5gV0g+II2fkSJj6KEOWaXPjTUmSVz35DfJMf1OxPCDfwjv2XaocFQOEOCFEEWI9tIHXPqJ0ogRZ+lRo54CSTyeaGSiMp465MkWxmUhngyfxqXaNVy7KEc9zZCGdnTR5IgO5T13p6EB+e/MsqePmXhzlCyV/UWwV8Kr9Etpk/TejAF5+0HZZebOpzz///NhcrlyV/2I7I32FkKwE2nYOpjhmuHTp0lo7TyamYyn5hCmfvkKd+gvyw+035z4cMVCU5A3JlzLi87uK5QDl3WrfqhwVA4QVYYp0kATbtU3nNuSaPsY4mf4l0PKvryuQF2NpMLgF5x48Ql3hLv4N0I7h8fA/3rYng6chDhY4I8GrZEF+6SkXWZGOxKWNNOt0+PDhsXQi58LI11nT4t8C1uxz586N2SNLqPGuNp0szOUP8D1rueVB9iGZFRXfNr3YziAfaecRfidD+gTtOicLzz333DAAW4ZKTiJL8rrPmCl1SE/fIKQUWWrHc+rd5BDNxRcPB+S75FtVOSoGkAEgxjDgi4IE4n1vDCMdswin/DAHDYYyGg91uM65SHP5i2IrgJeF+Bl0eDaXcxzijCLLh+SJbOBlPJ3803rcS+PMhLfHmzdvjvxIWp5VFFsJfKg9NgAzYAsvA5orA8pl4IfPheSlSn+x3RHZ0AeQGXHkIe2+fuLVV18dDqmkRREiYwnFI6H7xJEh+/t4hzSjm/ipXHpOyhbLB8p79r2qHBUDviehR5jDgC7C6z6DwXSkQnFzdQXKKZ+T1lO/EPPNlSmKzQY+hQzwXONZ12nz8DF+D88nPjwOiUOJw+vi1Q3yy1MUW4nwLd4Mj2qTY8SaKxMoJ59Bg7LqgipIxXYGns912nfXad8zrgkiU5EnRE7cK+taf0IxSlkhuUr/k/ohcpbrpBfLAcq79S2qHBUDU2GN8Ap9Z9dpGFyHDyKs03qmQPK7zqByqnRN8xbFViEWPnyd6wwSw+vTAaQ84txHBiIHwqmMpCz+V+5e8lIUmwV8iMcN6vAq4E+Ex+fKTCF/2nHlUn4ub1FsB+BxbTmeTzsvXkhmIGlkK3LlPvKyPk55MqisOANx+ZR3n+cKUe6TViwPKO/W93hg5ShMoTASZ/MYn+2ffvrpaBh3KiIYq4wMBoU2AloO5PveuHFjuOqeg/S5+OD69etDgZbvjz/+GMsx8s48Z/oOi2KrMOVF17lfH5/rKDp3wzTv9H59fFFsJfDj/Xj5QbCMOopiFUBm5trx9XEPkmeKpFGUpvfF5sFsnTEwZejOnTuLl19+efHaa6/dc0Z8beYoFtBouLdv3x7+23fv3j0Ogdup8P+3A5544onFk08+OQ7+S1z+n0PM/i5SR6B+SJ3Td1gURVEURVEUmw1Ow4xLnXOYcbBz4Ciq65WiYChHFKJMOWXaibJkZsEBh2aPdiqcnr/q8D8cYnb+/PlxbVPh559/PsK5/A8KdTgjSYjRLly4MJ4zfX9FURRFURRFsRUwXuWl1vVHH320uHjx4ljthNYrRcFQjqIY0aIoRshUlHvx6wvtJERhXGXM/a/gful3g3JzNJe3KIqiKIqiKDYb9JroOdk7dq8ldbC2rC57jtxneZ3Zo7sNgncKTV/WqsK3Bde+p++cb/1PkXeTutQ7rbtUKpVKpVKpVNpKMjaNgpSVcZkIWj+2DdZmjmhRBtDIpn0kbTrg3YmYvqxVRb5lKN9U3D/9vikbxct1nrHTeaYoiqIoiqLYesTpXMapFCPhffcchaIcIZWoYBq3E8l7WHX4xtP7ZZM68Qkm3Ij6S6VSqVQqlUqlv0tRkjIJlDErmipE/8N/Fv8Fzyzgt0uwQskAAAAASUVORK5CYII=</file>
    </questiontext>
    <generalfeedback format="html">
      <text></text>
    </generalfeedback>
    <defaultgrade>1.0000000</defaultgrade>
    <penalty>0.3333333</penalty>
    <hidden>0</hidden>
    <idnumber></idnumber>
    <single>true</single>
    <shuffleanswers>true</shuffleanswers>
    <answernumbering>none</answernumbering>
    <showstandardinstruction>0</showstandardinstruction>
    <correctfeedback format="html">
      <text>Your answer is correct.</text>
    </correctfeedback>
    <partiallycorrectfeedback format="html">
      <text>Your answer is partially correct.</text>
    </partiallycorrectfeedback>
    <incorrectfeedback format="html">
      <text>Your answer is incorrect.</text>
    </incorrectfeedback>
    <shownumcorrect/>
    <answer fraction="100" format="html">
      <text><![CDATA[<p dir="ltr" style="text-align: left;">A</p>]]></text>
      <feedback format="html">
        <text></text>
      </feedback>
    </answer>
    <answer fraction="0" format="html">
      <text><![CDATA[<p dir="ltr" style="text-align: left;">B</p>]]></text>
      <feedback format="html">
        <text></text>
      </feedback>
    </answer>
    <answer fraction="0" format="html">
      <text><![CDATA[<p dir="ltr" style="text-align: left;">C</p>]]></text>
      <feedback format="html">
        <text></text>
      </feedback>
    </answer>
    <answer fraction="0" format="html">
      <text><![CDATA[<p dir="ltr" style="text-align: left;">D</p>]]></text>
      <feedback format="html">
        <text></text>
      </feedback>
    </answer>
  </question>

<!-- question: 126836  -->
  <question type="multichoice">
    <name>
      <text>Question 30</text>
    </name>
    <questiontext format="html">
      <text><![CDATA[<p dir="ltr" style="text-align: left;"><span id="docs-internal-guid-62f26364-7fff-2744-b3be-5f1b41af4143">The grey plane slices a cross-section out of the object depicted in the image shown. Imagine you are facing the slicing plane head-on. Select the cross-section you would see.&nbsp;<strong><strong>Select the correct answer from the available options.</strong></strong></span><br></p><p dir="ltr" style="text-align: left;"><strong><img src="@@PLUGINFILE@@/30.PNG" alt="" role="presentation" class="img-fluid"><br></strong></p>]]></text>
<file name="30.PNG" path="/" encoding="base64">iVBORw0KGgoAAAANSUhEUgAAAx8AAAJVCAYAAAC/EEgbAAAAAXNSR0IArs4c6QAAAARnQU1BAACxjwv8YQUAAAAJcEhZcwAADsMAAA7DAcdvqGQAAP+lSURBVHhe7P0FmFTXtr8Lf8997nfv/5x99k4CtCsuwV1jOzvb4wnuDu2KtLu7AE270gqNQ+MuCQmEECAJEgju1v77xpirVvfqoiBAIGF/Z9Y+75nLa9WqrjzjZcwx5/+nsbEREolE8jyRL/l61MvQ34tEIpFI/vcg5UMikTx35Eu+HvUy9PcikUgkkv89SPmQSCTPHfmSr0e9DP29SCQSieR/D1I+JBLJc0e+5OtRL0N/LxKJRCL534OUD4lE8tyRL/l61MvQ34tEIpFI/vcg5UMikTx35Eu+funV0NCAuro6NNCfi5b6hmbq6hsF9bSD99XWNQgaDPzNSSQSieQ/AykfEolEooKGp8PQNV4y1Nej9hnabgiWBS2Gjnka+Br19fVCJBToXuh+FAFRhKO2rl7Ixt17D8RyTW0d7t2vRi21hq4pkUgkkpcfKR8SiUQiqH8GXn4B0cqC/svQcSwEKoa2qdsNnatFu13/+uo2hmXizt37uHHzNq5cvYYLFy/h7E/ncOr0GXx3/CR+PHUGR7/9DhcvXdbJCN0DiYl6vkQikUj+s5DyIZFIJAJDcvFLtAzCX0bUoP9RqEKhHq8ua+XE0HnqPi3qOdyd6sGDB7hz5w5u3ryJS5cu4dw5EopTp3DixAl8++23OHr0KI4cOYK9+w5g9559TezavVewY+dubNm6XWzbtHkrvjl6DNU1dairp/fXe1+JRCKR/Ocg5UMikUgEWql4Ul5++WAe91JlQn3xMssDo4qJegxTU1ODu3fv4saNG7hw4QLOnDmD77//XgjFoUOH8OWXX+LAgQPYu3cvdu/ejV27dmHfvn0ttu3YsQPbt2/Htm3bhHyoArJz1x5s37ELW7ftEOLByywim7dsw779B3H12o2mblmGPqdEIpFIXn6kfEgkEskzw//S/3LDXlHPhdtcrF1bT/JQp6MWDx7U4M6de7h9+y4JxX3cunUH1yjAP3+epeInnDz5A7755lscPPglScNekoad2EpS8Di2b98p2LmTxWOPYBvLBAkEtztYKGjbHpINZhsdy7BosHywhOzZu1+gighnQVhAfvjxtFIXQp/J8PchkUgkkpcdKR8SieQ/Hu2/zOtj6Pgn4cmu0TLIZ7TbHkVDA1+fMbxfH+1xyvso56vbuABbkYlqkgiWCe7udAs3btwUGYqrV6/jwoVLOH36LI4fP4lvv/0OX399BAcOfCGkQhUFlobNm7cKWBYYrVAwqlAwfJ4Kr/O1GO0+lg1ueTvLxl6SihbHcKuBRYPhZc56sIDsoXPWrd+Iw0eOiqLz+nrlO/k1369EIpFIfh+kfEgkkv94tKJgCO1x2m5E2muIYV9129T9KtqX9hwFVQr4PGWdX+q6VhLUfRw8M9p9/NIex9TV1aO6mrs53cf169dx6dJl/PzzRZw9e05kJpizZ38SMsEZiq++OiyyFBzgc9DPssDZBkNohUIfPvdRqOLxNKgiYghVNh6FKiRVm7YICbl85aruuTZ/l/xSv6uHvx+JRCKRvExI+ZBIJP9xcJCp1iRoA05+8TauSzC0n9e1qAEr07zOx/H163UZhTrR8rpWJvjFrVjWwOsN9Qwdy4hzlG31dXRtovpBLe7euY8b12+RUFwlgTiPH384gxMnfiCROC745sgxkolvcPDAIezZsx97du/Hrp17sX3bLmzZsh2bqrYKNm/ahg3rN2Hjhs2oqtqCLZu3Y9tWkgg6bvv23Ur7lOyg8x4F38PTsnMHCcgj0JcNLSwenPlQi9FZQI6fOKn7fpqH2+XvTSuPEolEInl5kfIhkUj+I9EGmtqXoX28znLxqGMVFHFQtqv7mlGup+zjY3kb11IoogHU1bJU1OHe3RrcvnUfp378CSeOk0wcPY6vDn2DA/tJInYfwO5dLBH7KPBmkdhNsrCDJGIbqjZuJYHYIuDlzZu2i32G9vP61i0sGCwD+0g2dj0E7+d2x3YK8B8Bn28IQ8eq8H0/TwxJh4q2G9aBg19i/YYqUZx+9959ev5KxoO/V0OiKZFIJJKXEykfEonkPxLti9c5+DQUiKovXuZ9WprFg//lXEEpylaKsZl79x6IQuzr12+KLk+nTp3Bd9+dwJEjR7F//xciIGdBYDlYt7YKa9dsxJrVG8Q6s2H9ZrGdt61etV5QuWINVq1cJ7bxPj5OFQw+nmHJUJfXr9vUdIwWVU5YVFR4XRWP/3T54JoPznhwsfn+A1+IwnQuQOfvQX3V1taK75Jf6nep/o1IJBKJ5OVDyodEIvmPRBtoqi9Dx3BgWl1dLead4CFiee6J27dvi/knrl27hitXruDixYuiboKF4osvvhLdnLguoqqKg/8qrCfWrSOpWLMeK1euwYoVq7B8eSUqK9c0ycSK5asFqlioosGsWrleiAaLCcsGy8HmTUpGY+MGRThYMBg1u6GgCAwvs1jweVu3qJmNh7Mc27ZS0C4EYZ/IiOzaud+gXPwS+sLxazEkHSqGpEOFMx+qfKgiwkPwHjv2nfhO+aVKp7os5UMikUhebqR8SCSS/0i4DoMDUBaK69dv4PLly2LeiZ9+4mLsszh9+jROnjxJQvGNmGOC55vYtIlkYsMGEgmSgtUkCpUrSSKWo7y8AuVl1JZVGmR5xaomsVhZuVbAgsFSsXoVZzQ2kFxwxmNj0/r6dSwuW0SrLqvw/rVrOEtCYqPbz6KhyIYiJNr1TVXbH1pnedmyeedjYUHZvo0zHE/Hju0kBc8RliHD0P6d9H4GxEOL2v2K6z84+8GjdHHxPdd+8Es/i2Xo70UikUgkLwdSPiSSF4ZSH/C0aAMofqnX0wZXWvT36R+vfWmPY+gwgaEXb1dHZWL0j2vkGglR+6CB6x90Bda8TzlQ02qX1Zbga6vX4K5P9+9X49bN27h48YqYc+InLsj+8TROnPgex44dx9Gj3+LgAR7V6YAYMYmLrDds4GB+PYnBalRUrCBhIGlYvoLEYgXKyipQUlKGstIKWi4noeDty8VxyrErmzIX2gyGSnMGg4VjXQsBUcVD6W6lykezlKj7OeOhZDcU2VBQsh0qSncrJdPBaIWFpUMVD1U+DKFKhz5qlsRQpkMfQ9kLFf3MhZYdj2E7nWsI5VxuH0YtmN+5k8/fja1cSM+F77Tv9KmfFPmgvx0eFICXldoc5e9J/R1IJBKJ5OVCyodE8sJQg6CnRTlf+2p53WZYINQ6B0bb7UQVDHW7/rmM9sWrKmqRtRLMtTxWGbVJaYWA8DnaVresioWQC7pOTXU97t2txvVrt/Dz+Us4deosvj95Coe/PooD+7/Evr1fEAdFUTYHmRyIi1qJNRsoyF8rsg9lpctRvKwMy4pKUVpSoWF5i+WyUhIOgXaZhENkMpS2onylgK+rj76AqLKhj373qkfBXa7Ubldq16tmGWkWDy3NXa+UAnRVPn5JQLRZDwVebq4BeRIBMSQdKvrCoWUHSYIhtpMsbCNpMISh66gYujeGP9exb0+ilqRD+Xukv1H6u2sSX/6bo/8nkUgkkpcPKR8SyQtDDYKehuaiaFUiGH7xNq5bUIeR5f3qSz1GffG6Kh7qPnVdrX/gCel4tCYxYpMI3BT4cLVVX7zMhdickRD/wqwbRrautgHVD1gqlBGefjp7QYzy9N2x7/HlF4exe9c+Coi3i+CZWw6kOfjmgJ4loXhZuWhLiitQkF+M/LxlKCwoaYL3M7xfFQgWBpYHRTgMoxUOLWo3KpVHCYh+BsSQeDBPKh+MVkBU+XhSAdGXj8cJiCofzQKiyMfTCIgh6VAxJAkqhsSDed7ywezfdwg3b9wlAVH+FmtruPZDm/3Q/hYlEolE8rIg5UMieWEoQfvTon3pX1P/xdtYKrSioh6nLnPW41GFuBysqZmT6upaIRd37twT3L59Fzdv3sa1a8rs2NztiUd54kJmDmQ5IFZFggN7FoSiwlIBi4SWvNwiZGXmITsrXyyzWCwrKmuSChYGXlZFg8WAJUBfJrTCoG57FvTlQ8ujBMQQqoA8Dn35+KUMiL6EqAKirfnQFxB9EdEKiDr6lSEBeRSGgn0VQ0KiwpJhCEPSoWLoOiqG3l+B9+3BD9+fEeLBmTXuriflQyKRSF5+pHxIJC8MRSaeFvWlSgOLgTqcqCoaWuHgl3oMo38ej+5069YtMUO2WpT9888/i8JsrqHgUZ54Zuw9e/Y1jfC0du16rFpFAXblKlETwfUShYXLkJ9fKLITjFYu1EyFuswCwnKhyoQqEFrJ4P36xzH65z0KfaF4Wp5GQAyJB/Mk8sEYyn48LgNiWEBaFqEbkg/DAsLLTycghgN+BUOSoGJIPBhD0qFi6Doqht5fYQ99jl04eOAr0fWKuwGq3a6af0v6v0eJRCKRvAxI+ZBIXhjNQvE0qC+l/3rzddQX/+vu/fsPcPPmLZKJKyQTF8XoTqdOncb33/+A48dP4JtvjuLQoa9w8OAXYoSnjRurSCjWYeVKCqqXU/BdVi4oLaUgn8SiuLgURUUkDjrBKCgoEssqy5aViGP42KIiJbthSBwYXtfCx2hRpUKVAPU8Xubt6nnqcVrUc9RjH4X2OC36+1UB0aIvIPpZEC2qgDwOfQH5JQnRF5FmCVEKzw1JiL6MqAKi0DxZob6EPApDQqJiWAYUDMnFL2HoOk8CixW3V6/cUOo+RBaPhVz9Len/HiUSiUTyMiDlQyJ5YTQLxZPCssHdnbirE4/y9MMPp8ToTt988y2+/vqwkIl9+w5gx45dIkOxZs06kZ3g0ZxUkdCXCbVlWCpUseDtLBWqWKgogtF8rop6viochuTCkHzoo8qGKhfqNnWZpYZbFgF9adCivY4W3qeep4/2fF7XFw+V5ykfzNPKh1ZA9OVDKyD68qEKiL58aAXEkGzoY0g6VPQlQIshufglDF3nSeDPxtmP746dFFkPrj+S8iGRSCQvP1I+JJIXRkux0MKzZR869DUOH/4Gu3fvxZYt27BuHQWja9c3iQSLAIuBGvRzq25jtFKgRSsMjHr8r6XpmrqshyFYGrQyooX3PQ1aofil/fpoJUOLvoxoMSQhKo/qjvU4tOKhLx/621QZMSQkLSXk95ePx7F1m2GEZBjojiUwIBYqht6D4X08fwhPosgTNXKxeV1dPXjul+bfmaHfpEQikUh+b6R8SCQvjJbCoeXrr48gOzsXubn5yMnJE2RkZIl1NTuhjyGxeBIMicSvwZB0qBiSDhVDAvFrMCQdKobEgzEkHSqGpEPlabpiqehnPrSyob+uFRBD2ZCnlY+WAtJSPp5EQAwF/E+CIfFgXpR8cF0I18NcuXxddruSSCSS/xCkfEgkL4yWwqHl8uWrYpK7rKwcIQic0WDxKC5WirCfJ4ZEoAkDcvFLGHoPFYPvocOQQPwaDEmHiiHxYAxJh4oh6VBR5eNpBERblK4VEH30BUSVD/3sx5N2vVLlo1lAFPl4GgExFPA/CYbEg3ne8rFtK+/nonOloP7oN9+hrlYZMrr5d2boNymRSCSS3xspHxLJC0MbCLWEazu2b98psh8c0LN8cPaDl9WRowxhKOD/NWil4kkxdJ0nwZCQ/BoMCYmKISFhDAmJiiEhUXmcgDwKrYA8qjbkaQWEZ0U3JCD6IqIVEO6W9CgBeRT6MvJEbCUMiAej1ncYwpB0qBgWD7XuZI/4PDwfCGdAbt26q/c7M/SblEgkEsnvjZQPieSFoQ2EHoaHuOWuVNylirMfatcqQ9KhYiio/yUMXUdQaFgufglD76Fi8H10GDr+12BISFQMCQljSEhUDAmJiiog+hLyOPRF5FEyos2CMGr3K0MSwvKhopUQrYhosyAKW4WA6EvI4zAkJL8IC4gB8fgl9IVDiyHxYHgfd7vi9+UZ8fmznT1zXna7kkgkkv8ApHxIJC+MlrKhhWcVv3HjlphLg7tecdaD5SMzM0cXrHMg/zBFhdwt6+kwdB2BlI8WGJIOFa18PI2AMPoCopUQQwKiZj/0BUTJgCjZj6cTkGb5eFIBeUgsnoTfUD4UlOF2edJLvudDXx4Wk2Q2/84M/SYlEolE8nsj5UMieWG0FA4tPJt4dXU1duzYiby8AhQVLUNl5UqluFxM3McT9rWEhcGQXPwSD0lHEyQTRU/f9cqQCKjoC4cWQ8f/GgxJh4oh8WAMSYeKIelQ0Xa/elr5YAxlQFZUkoDo5GPlKp18cLta1wVrjU5A1raUD62A6MuHKiD68vG02Q+DcvFL/IbywUPsMvy+TcfRtW7euq35nRn6TUokEonk90bKh0TyO8Czj3P7448/Ij8/n4J6HslKN7KVZuZwffRnFzcU5OtjKHBXMRS4/xKGrqNi6P2b0YrPk2HoPVQM3dsvYUhIVAwJiT6PkpFfQisgApKPCmI5iccKYjmJRyWxglsSj5UkHZXEKobEYzXx6GxIFUkHi4hhVPnQR5sN0ad5pKyHaZ45/WEM1oIQLAf6YqFiSEhUDNWIMMq+Pdi0mURp607s2r0fG6u24PSZs2jg3xhI8GtrUFtfJ9Zr6mqV7RKJRCL53ZHyIZH8DqjyceXKFaxdu1aIB0uIEBCNbOgj5aMZQ/f2SxiSDhVDsqGPfjbEkGgYQj8DwvJRzgJC4sGwhLCAMCtIPlhAWD4YFhEWkP+N8sFiYYjNfE2SD2V5R5N8HPrqMO7euy/ko66hHnX19VI+JBKJ5CVDyodE8jtQT0ERt9z16uDBgygsLER2djZKSriL1cPSofK85eN5o73Xh3m4K9kvYejzqBh6/1/CkJCoGBISLYYkRM2APA59ARGQgFQsXy1YsXyNkJEVOior12GlLhOyauV6rCQRWcXdsHQYkhB1IkJD8DwYhjAkJCotR8tqiSEhUXmoK5YOVUAMoS8WTwLLx/Yde4WgVG3ahh0792LT5m20bzt+vnAJ9Q30OyMBqW9sQAMtsYjwuv7vUCKRSCS/PVI+JJLfCRaQhoYG/PDDDyguLkZmZiZKSx8fwEv5aMbQ+/8ShqRDxZBw6KMvIIZkwxAPCwjJBwsIsaJiNZazhFBbSSJSuWItVhJcD7JKJyKrKpvlQysg/1vlYwudx/LB7YaNW3TdsVhEtuDYdydQXVPblP1g+VC7Yhn6HUokEonkt0XKh0TyO8FdrxjuerVmzRrk5OSQhHDQbShwV3je8mHo+F/C0HVU1PszDN//06H97PoYurdfwtA9qxgSEi2PEpDHYUhAhISUkoAQy8tWNbGinASEqKwgASFWLicJ0bFqBQuI4RnRGbX7lSEMdcViDAmJSsuC9ZYYEhIVQ8XrjCoghuBuU49CvxtWM7ubMh8bq0iWNm8X2Y+t23Zg/4EvcO36zaaMB4sHw1kQQ79DiUQikfy2SPmQSH4HVPGora0V7d69e0XXq4KCAoOBtooayKvrhgJsfQwF2iqGjv8lDF1HpaVs6POwXPwS2s+uj6F7+yUM3bOKIeHQYjADQoJRUvp4SstWCMrKKwVCQEoUHiUhqoBoJYTlQx2KV19ADEmHiiHxYAxJh4oh6VAxJB0qhsSDeVb5eBRq9oMlhAWEu15x5mP7DiX7cfan80I4uOC8Rdcrvd+hRCKRSH57pHxIJL8DqnRwy12vvv/+e9H1Kj8vXwTJaoCtDd61608TgBsKtFUMHf9LPO4a2vt9mGapeFLUz/m0aO9Ji/69azEkHPo8Sj6KSyqa0JcPRisfQkD05EMrINoMiH7mQzsXiFY+1O5XqnCoXa5eJvl4FIbkQoUzGobhfZwZ4QzIHiEfm7dsF5mPdes34sg33wrp4IJzlg6xLOVDIpFIXgqkfEgkvwNc78HiwW1NTY0oPF+xYoXIfHAgzAG0fvCuH2BreVxgrR+A/1r0r629j7zcosew7KnRfwZPivaetOh/Fi3az/UoHpIQkg8WjmXF5ShaViZ4nIColJeSfGiko0InHsqyTkTUDAjXgbCEVCqoAmIoC6LWf6iCoUqIIR4nIMqoVxTkG0BfQlrWfTwsHr+IAel4MvSzJnwtuq/NW0V7v/qBqPPg7Acjaz4kEonk5UDKh0TyO8DiwS1nPTgDwhLCo15x3QcHwmrArgbFHDj/UlCtHyirqMH180L/mtr7aCkb+hgWjMehLxVPivaetGjvWx/95/YotJmQZSQgRcVlKFhG3xFRSMtFJSQmZcuxrJSkpAmSFJIORghIqUolykoqm1quDRHLDElIOVOutI+bGV2bAVGzH8zjitF/rXzoZ0FeJvngUa9OnTkthIMzHmr2Q/93KJFIJJLfHikfEsnvAGc6+KWOeMWvy5cvIy8vD7k5hRR4t5zv49cE1YaO/zUYurZ6fw8LRzO5OU+Poes8Cer96KP9HPpoP5chDAlIYZEiHQUsIEQhiUcRywbJh7pNu13sI4rLKlFMosGUEEUig0KwfJBsMCVEmW6ZW54fRJ0hXRURVUK0mQ8VVUi0MqJFFRBDKKNeNUuGFp5BXTuLulZAtHOFaDEoHSotBOLJUbpe0Xs2Qe9F4sFs274Tu/fuaZpkkGs+RPZD73cokUgkkt8eKR8Sye8Aywe3as2Hun3VqtXISM8RgTIHvCwiWZl5IqDmdUNBM6MNkvUxdPyvQf+62uBeXwK0GJKLX8LQdZ4E7T1p0X4OfbTP7FHoCwh3s+JsB8uFVjCYfJISw5QJsSiu0EEisqycZIRboqhsBQkKCYnIlDTvYwHhYXrViQq1IqLtgqUVj99CPpiXST44+8GF5+s2rMf1mzeahtmVNR8SiUTyciDlQyL5HeCMB7da+eDX4cNHkJ2V3xQoP6l8PA79APzX8qjr6wuAFhaJnOzCp4Y//7Ng6B4Y7efQR/9z6WNIQApIJNTMBlPA0HpeER3HXa90sIzwdpaPXNqXU1SKHFrOofPzaHtuaTnyS0hYWFo4a0LiUVhB0sFyUrkKpZVrUEbLLecKaSkiajcsrXgw2myIFlVADKF0v1IkQ58N65v3aQVEgbc9zGMFxIBY/BIsHlV0LheaN0PvtWmL6HLFrN+4ASd/+B41/Bvj3x39vrS/QYlEIpH8Pkj5kEh+B/jFrSoh6rbr16+jmANaCnY5WOZWBLnUPkmAbAj9IPvXYuja+kG+Piwf2SQTjCHJaIYlRcWwWOiT0wSdI3hB8qGZ9LBJPkgicun7EpBEZNN6ZkEx0ul6mXRcJp2XTu+bRve0mKQyNSMHyelZiF+yFHFpSxG/NAOJGZlIyspGSlYOFuXmYUl+IdIKipBOkpJJgpJNYpJHUsJ1JC3mCyH5EN2ySEqYchKQ5SQflSQcq9Zuwuq1m7GG2rVruPZD5VHywctV2KCD5WMDScMGlg1q9eVDKyCbOPOhk4+NfGwVQ/upfR7ysckQj5QPJfOxfsMmbN66DXsPHMCd+/dRQ7+zet3vTCKRSCS/L1I+JJKXCB75iv/1NjsnHwUFFBTnU1BMwWxBYQlycwuRTwGtQSjINTRU7ePIo3Ny6No5dH5OYTFyCyiQpvVcWmfyKNjOzy8V19bOOt7iGrnLSAC03aSUQvHmbYogZNO9Z+QWUFBeINpMWs+koDyLjlFlIzebPm8WXT+T3ocozFpGkIBl0efOKhDkEnxsNpNbTNcooWsqZOSVCTJpOZOeW3YeHcPQ+zA5DN8Ptbk5yn0W0DUK6PiCvFIU6ijKVdAuL6Prim30foXZDH1+IpOWF+WUkjiUkEAUIzGzCPHpxNIiRC/JR9TifEQsykN4Sg5Ck7MRkpiF4KQ0BCQkwD8xFoHJ8QhOTUTIomSELkpF2OLFCE9LQwSJSeTSTCILUenZiCWWpOcgl8nMF58jm76rzGXlSCcxWVq+AhkVq5GzeiMK1m/Fsg07UbJxNyrW78Tq1duwTsf6VSQPq0keVm/GhjWbsZGEpIpEpGrNesGmtQrrNlZh1SYSGJKI1Zs2Y23VZtq2iWRkEwnGJlRxcE/tlvWbsG19laCK1tduqsLqzZuwZgstb9mC9ZvpvTbTexJVLCOablhbqnZgy6Yd2Fq1XbBZxybat2nTTkHV5l3YuGUXNgh2Y/3W3dhAbNy8k46l62ykY0V3LwUhJCQm6zhzs5mWt+7A+UtXUN3QiFqS+3qCFlsCpSaEZwPh+dDraZnHxlJQ9hv6rUokEonk2ZDyIZG8RPC8BIePHKXAv5CEg4LxAg6aKfBmKeB/oVdlg8kva4YCaK0UPAksF9mFZcjSkKMjt0BBvX6BhhbX+AX5UDMaLBtLSTxUMlg+aH8WSUAWCUY2kZNJ18sg0omldH0K4AtINvKy84k8khMKurMLSMw4g0LvkV+ObCKLhSOnXCG3gigV75dF95FNzyyHPmeugD4bPScFdblUBwlIUQXyCsvpuFI6j2SG7i+dxCc9owhp6QVYnJaH1MU5SE3NRnJyJhKSMhCZkoWgRdkIoNYvOQN+SdQmZpJYZAt8k3IUEnPgl5ALXyaRjktMpmPj4UP4JiUQSfBOSiZS4ZW0GAuTlhBLsSAxDfMT07EwIR2+cUsQGLuExGUpfOk9vTPysYBEypOkcX75aiys3AD/tdsRumk/IrcdQuz2I0ja+hXSNx1E9sb9yK3ah4KqPSgiSjaQmGzYgRXrtmHVWpKLtZuwfm0VNjDrqrCWpGLVxs1YrWMtycY62sZZEhaPTQSLxxaSjq3rN2Lbuo3YtHEj1m5W5GP15o1YxRJSVSVYS6yvovNJZjYQLCIbN7GIkHiQQGxfvw1bN9AysYXWGSEWm3YJqogNJCIKe2gbictGkg8WkCYJUa7H+zbS8gaGjjl24jTu1zWgjkSDYeFobODMo0rz708VkXo+lsSDYRnRHiORSCSSX4eUD4nkJYLrPy5euoIVlasoyM5DYVExyQcF3RRMc6bi+cpHMckHCwhnPhRExkPzHmq2o5Cur9LiGgbkQ188VIQ06GixL5c+Yw7Xt1BLUsEikpW5DBkkHmn52VhUmI4lBRlIy8vE0twsEoscOj4P+SQiRZkFWEZiULK0EKVEWfoylGQsQ1EW3WtWGQpzSolyFOSV0+etICEpQzrJRhqxiMQnmd4rIbMQ8Vn5iM3JRkROJsKy0hGcngb/xanwTU2GT0oKvIiFySmYn0SQOMxLSIJHQgLcSB7cUuLhmhwH9yQmAZ6JCXRMEhbQsQsTF8GL8I4n4hbBJ3YRfGMWwz9mKQII3+il8IpOwwJqPaPT4R6TCZfYTDjF5cApPh9OSYVwSi6G/aJSTFlaiVE5a/FZwQZ8UroZHy7fhn+t3ol/rN+Df205hH/vOIKP9x7HqIOnMO7LnzDhy58x8aszmPLt95j+7XeY/c0xOBw+Bo9DR+F74BuE7TuM2F1fYdH2L5G55SAKNx1A8cYDJCX7sH71LmxeuUOwiVm1A1Wrd2DDGgro11Fwv247NpAwrNuwjcSE2MjdsLZgC7NuCzaxpKzbTMcqEx2u28DZE86ibCEpoXbLVqzaulW0LBE7128huCVIiHYRol2/neB2axO76b13bKDz6HqbmyB52biV2IZtJCCb6Xq8zO3BvYdw+8Zt1HPqg6WDB5djOA2ij2ocfKy6TLZi6LcqkUgkkmdDyodE8pLxoLpGzNScmZVDAkCBfF6BkI+CwtJm8WCeg3yoXaxUmq/dfJzomqShxTX05MOQeGRzdymShHwmQ9cSOTq4C1UWwZkGhUJRJ7E0vxApBdlIKkinNhOLCrKwJD+L9uUgM4cEJDsPBZkkaOm5KCYBKc0oRDlJS3EW3Vs2fR4SkExaX5peiEW0P5mIWZKDyCXZCF2ShcDFGfBblA6f1KXEYsxPiMOCxBgSixh4xkfDPSEabrTsStudE+OJRDgmJcExORlOJCPOhGdSIglGLBYmKMyPp2vEx9N1EklCkklQkuCemErXSaHrpMIlPoWkYilmxxdgVmIxZiSXYVpqGaYuWYHJS1difMYqjMpajZF5GzF62RaMqdiN8av2Y8z6Q3h/83G8u+M03t59Dm/tv4ARhy5h6JGrGHT0OgZ8dwMDv7uNQSfuYtjJBxhOjCDe+P423jp7FX8+ewnvnb6If/54ER/98DNGnTiPSd+dw8xjP8HxmzNwO3wK87/+Ed5f/YDAL04iYe8RpO/8Ehk7vkQWyUnOti+Rt+0LFGz5AoWbv0DJ5gMoqzqAcmLFBmLjPqxdtxubSVC2rt6OrWt3kITspOCf2LgTVSQE6zdtx1pmi8LqrcQWkplNXDeyuYnNxFaSlW3rN5NkbMbODZuwe30V9qzfKNi7biO2baxC1eZN2Egis3ELiQ61VZvp/E18PosPHUNSwtfhDM3FcxdIKDjtwTKhw5B4sHTUaND11WqUAiKRSCTPDSkfEslLRl19g+h6xd2uOOvB8pGbV4TCIpKMFoLw6+RDUNCSpgJrLsBmSC6KNBRy1y8NXMStLf5W4e5RootUVr4gj6SjkCSgaCl9jvQiFBC5GdzVqogEIR/pdMzS7Hyk5RYgjT7vknyioBBLaH1JTr5oFzM5Ckvo2CX0PoupTSUBScnIRUo6F3PnIi4tGxEkFeFESGoagpKXIiBpCXyJBfGpJBYpcGeEEChS4B6XBJ+oGPhHRcEvKhq+0bHwiY7DwpgEzI9Ngiftd4tLgQvhFLcIjoRT7GIsiEhFYGgSAoIT4RNCIhJGQhJBx0Uvhl3MEsyKT8O0lExMXZyDKUsLMJk+75jc5fhHYRX+UrID71XswXurD+C9DV/hz1uO4M3tRzF0xzEM3nsCA784hYGHf8KAby+QWFzBoG/vkGjUYOCxevQ7WY8+Pzai1xmgx0/A6+cUepwHehG9fwb6EoPPNWLE2Tq8caYGb54lfqrGm+ce4K3zD/D2hft45+I9vHPpDt65fFvw5ys38dcr1/DZxXOYeP5HTDn3I2ad+QEOP3wPz+Pfw/foSYQcOo7YA8eRuuc7ZOw8RlJyDIVbjqF48xGUb/oCFVX7sZxYsWk/VlK7isRkzca9WEus27Ab69fvwob1O0QGZd367Vi1eRsqSUJWEqu2cDZkM9aSWKzbVIUNm6tIMDaiatMGbN60XrClaj1t24C12zZizbZNxEas3UrHb6Xjt3D3rg1imN2qqio6nravWYPjR79FfR1P7NmgQ/296WVC1GyHipQPiUQiee5I+ZBIXjLqKdD5+cIlrF23AVnZuUI+8rjwvFAjHnrywfUbnMl4Glg+Cui6hYYgqSig4L5Qj4LcQkU66BiGpYizMirZJAYCkoIslaw85JB85JFwcB0HtzlENslHViadk12ILLp2Op3H8rEkLx+L8/KEbCSnFSBlSRESifjFhYhdXIAoInJJHkIW5SAgNQs+yRmiNsIzYTE84hcJkXCPiYN7rEoCrRPRifCISoQ7E5lMbQqtM6kkEckIDEtAcEg8AkMS4Et4hyRhAeERlgqPyDS4RKXDMTID9pGZmEPMisyCXUQO7CPyMTeyALOiizAtoRSTUiowJq0Sn2Suxvt56/CP4k3424rteG8NicbGA/jzpsMYseUkhu04heF7zmL4wQsY9vUVDPn2OgYcv4neJ2+h+w+30fnUXXQ8ew/tSBban6tG9zP16P9DI/r/CPQh6ehNstGTBKPHBaDrzw3oRnS/0IDeFxvR7zIw4ArJB7WDaX8Tl4CBvO8q0P8G0O9WI/rebkCfu3TePeJ+Pfrer8WIe7fxlztX8bfbV/HPm1fwwfXL+PTKZYy5dBETfr6AaT/9jDlnfob9qfNw+uE8XAjPk2ex8MT38Dl2HAHffIfQr79FzMGjSN5zGOm7vkbhtq9QsekrrNrwBTasOYDNK/djS+U+VK3di43rdws2kJis30BSsnEH1lZtIwnZijVbtmA1ycVKkouVJBqrtm3AamrXk2hsIFFh4diweTMJySaSFC6IJ1nZuAFV69djK6+vW4td27bh/p1booS8noyiXrT8/xsEXNch4N8f0UBGwjSKYbC1siKRSCSSX4uUD4nkJaOuvhHVNXXYs3c/MjKzm+SDeZ7ywSjyUfQQBXksGgUPka+7l9wChRw6NpuOVcmiY5jMnHxBRnaeIDOTtmcUC7grVIZKVhHSMvOxJCMXqek5SFqaKYahjVm0BNEpaQiLz0JIbC6CYnLgH50F76hMLCAJmEe4R5EQRKfBKXoJHGIWwT6WWQynuBS4knC4MTHxcI0iIuPhFh4Pz4gkzCPRmBeeivkkFQtCqA1OwXxqF4QsEswLXgy30CVwDl0Kh7AMzA7LxMyIXEyLKsTUmGJMia/A1KQVJBmrMHJpFT7M3ol/F+zFv4oP4l8VX+Mfq4+RZJzE21tJLnacxeA95zHg4EX0/eoKeh+5jn6Hb2LI4bsYSgz55j5JxwMMPF6Nvidr0fvHevQ824DXf2pEp3ON6Hi+Ee1+bkQHarvTen/aN+CnBvQ9T5Lwcz2JBnGpDn2uUHu5lqSjFv2JQVfqMORKDQZdJbm4BoXrJBssHERfIR7U3iYJYe7Q+l1q7zGNGEwCMvT+fcGwB/cw7P5dau9g+P3beKP6Lt6svoM3H9zGWxrevX8D/7h7Fe/fvozPbl7G+KuXMOviRbid/Rk+JCbhR08j6dCPSN//PfJ2nUDx9u9QvuUYlpOMrdx4CJVM1ZdYsekgbTuAii37sHzrXlRs3Y3y7buIHSgjyrdvIyHZhi0btolC9W3UMlzjwXUfXHeydSOP5LVedOGq2rARlcuX48rli0BjDSlGNelGDclGLYlHnVCRGrGlUdfyNob31CpqIgVEIpFInhtSPiSSlwzOfNTW1ePot8dE5oMLz5cVl5OEsIBo5CGvtIncPGU0LEO0EBZCew2165SK2m2Kt7OYKCjH8XbOaPDwtVm0PZNahkeuMgRnMlQWZxchJaMQiUsLELckFzGpWYhISkd4IgvGIoTGpCAoMhEB4bHwD4shouFLyx5hCXAJT4JLGEGtK7VuoclwD0uBS0gSnINof1Ai3GjZMyQZHsFMIjyD6dzgGLgHRVPLywlin2doKjxCUuAWRIIiWAS3YBKYiAxMisvHqIR8jIwvwKcJy/Bpcjk+XVyJj9JW498Z6/CvrE34V94OfFC8Fx8vP4SP1n2Ld0kw+u+9gL77LqHvwavo98V19D90C/2+voN+Rx6g7zc1RB16H61Hr28b0ftYI/pRO+RYA4YeqyOo/a4Bg483YNAJYOD3FPz/SCJwijhNckD0PgP0OUstCUevC9XodZG49AA9Lz9Aj6sP0P3aPfS6/gC9btxDn+v0vjfuoD8xkOhzqxo9SCheJ3qQXPQierNkkHAMIvkYehMYQSLyFvEO8Wdepu0Da4Ce9LfI9CH6Ef3p73JgA90nMaS+AcPq6zG8tg4jdLxZU4u3iHeqa/CX6mr8lcTlHyQt79+9g49v38SnN29g1M1rGH/9KiYSU65dwcyrl+Fy7hzmnzoL7x/OIOD70wg7fgpxR79H6tcnsHjvN8jSZU3KtnxBcvIF1m44iC1r9mHPyj3YT+xdvQd71uzBrnV7sWPDHmxZvwubq3aiatNOrNu8A6s3KYXt2/fvR0M9fbD6B0DtfWpZN3iAXaCmoR4P6llFWEBYTKpR1/gA1XW3UFdfTb9LKR8SiUTyvJDyIZG8ZLB8NFJAdOHiZZRXrBB1H2rmQysOTyofXKiuFqs/vJ+EQw9+nxxqeW6OLM5ocHZDB8tGbkk5ckrLkU1ClFlUgqUFxVhC1xLdpDJykJieRYKRQYKRRoKRirCEVAQRPiQZXnGp8IpNxoLoRCwg2ZgfkYiF4QlYEBaPBSQL80kW5gdGYQG3ITEkG1FwDI+CsyCaBCQabiQn7oRrKLUkFp5BCvOYwHi4BSbAOSARjoQDiclcko7ZJB2zwtMwlZgQmYaxEWkYFZWO0XFZGJOYj88Wl+IfRVV4p3gb3inZjnfKd+PPlQfxl7WH8W4VSca27/HW9h/x5o4zeGPXObxBwjH84BX0OXwDHb+9hY7f3UOn7+6jy3c16Ha8Ft2/q0fv70gaiH5E/2MU0BODvqWW13+ggP7HBvQnyWAGkGSoDCTZGEjtIGqZwSQeg36i6/zcgB6Xa9HzUg16XCGpYK4R1+8L+ehN8tH3xl1FPm4q9L1F2+82NklHH6Lf3QYMuE3Cc7sRQ6kdcaseb9xqwFs36/E2L9+h+6IYvTv9EfYgehF9iP46BlK0PriexKUOGFYLEpCHGUb7eP/Q+kYMpsB+IGrRnwL6/hTY98cD9MN99CUG4h7eqr2Jv1Vfx7/vXccnd65h7PUrmH75MhzPX8S8U+cRcPInRHx7FolHzmDRV6ex9NApZO8/gZzdR5C3+2vk7vwKuTsOIX/bFyjcehCl1JZu3Y/STXtRVrUbFZv2YMXmvVhNQnLzyjU0PiD5ILlvqKlDbU09amoa8IBaMRQvidWDmnuoqyXqbpOfkIk1kKRI+ZBIJJLnhpQPieQlokFkPRpE0fmD6lrs3XdAZD4ys/JIHjTioScfOSQfPKeFIcTwuSQf3ObQeU3Q9XJpew5TUIpsapWhd0uRRW1GYTEy6Jh0annG7cX5hVhEIpSSU4Ck7HwkZOYhdmk2ori4OzkNYUmLERyfikCSC7/oBPhExGFhaBTmB0fBLSQSDrRsHxYNB0EMHENj4RQaB+fQeDiHxMElmKQhKB4uhJvIVMTBPTAE7kEBcAsKhGtQEO0LhlNwKByIuYHBdL0I2IVFYlZwOKYHhWEmXXdaRComRKRjbGQmRsbk4NP4fHyYUoR/LinBP3Mr8V7harxdvBZvVFRhxKptGLFuJ4ZtOoChO45j0M4fMHDnjxi45wwG7T+PQV9cwsCvr2LAkZvod+QOejPf3EOvbyngP/YAPUk4epygdR19TlBQfZKC7JM1GHiyHoNP1GPo8UYMJ0YQb5xoxCASjx4/A10uNqLrJaDbRYUetMz0puW+OvrTOjOAlvsRvS81ou9l2sdcoW1XGdp2hWTmKknD1ToMvFaHQTqGXKvH8Ot1GH6DuFmHoTdrMeRWNQbdrsaAuzXod78afR9Uo09NNXrVPkCvumr0riNBqCVpqCbJIAaRiAwmoWAGkVAMIvEYqGEAyYjKYArgB3NLDGRRIQaQSKv0FTSiDxrQCyRoqCMRYSl5QCLyAEMa72NE3T28U3sHf62+jX8/uIOP7t3GZ3duYfStWxh38ybG37iB8TcvY9ytnzHxxjlMu3oWdhfPwP2n0/D58UdEHP8B8V99h9Q93yBr5xEU7ziKii3foGLjQXx9/BxuPKhHNd0XORbIw+hdgXu0XkPQT4+ko5Gkg4SDnglIREDPQ8qHRCKRPD+kfEgkLxmc+WD5YM7+dF50vWL5YOFokbXILWnicfLBqAKiwvKRlV+CzMJypJN4LKXlxXSNRblFJBeFTXIRl5mLmIxsRKZlIGzRUgSnLEFg0hIEJC6Bf8Ji+MSmwCs6CQsiEzA/Ih6eYbECj9AYeIREw50h+XAi7ElA7EhA7MII2m8XFoe5YfGYE5qIWYIkzAxJxIyQZCIFs2jZzi8CDn4kGv6hmB3IghGJSXTuOHqPz8Nj8Hl8Cj6h+/l34iL8PXEx/r04G+9nL8e/Cjfh70Vb8NeSbXi3YhfeWrkPw9YdxLCt35BcHEPvvcfR/eAP6HboNLoe/gmvH/kZfb66gr6HrqPPoRvo/RVx+DZ6kWz0JNno/s19dD9agx7f1aP78QZ0P9mAnt83ovfJOvQ5+YAg6fj+AXEffX54gN4/EqdrFM4o9PqpVtD9fB1JRwO6XG5AV5KG1y83ojuJRA8Sil603IcFg2WDpUPHQGKQ2tI+LhxnhtA5Q7iwnNd5mRhKDOOWtg8nMRlB8jHiRi3JB4tHLQazeNyhgP9ejRCPXtU16Flbje71REM1etTXYgBF4kMp7h52n65J0bkQEZ18DCDh6EtBOmdDehM9Cc6OsHy8QfvfIll5k44dwdD6cIb2DaVjhhCD+FiCu3L1paC+n6AO/XUMbKR7bKzBkIYaOq8WI6h9o74GbxJvkQi8Q4L0Vv1dvNVwC39uuIm/1t3EBzU38fl9kpK71zDl2mXMvnQRTj9fhOfZn7Hw9E/w/fEcQk+cwdLjZ7D9Xh2+IuH4ku7hO+I0LTPniEv02W6ReN19UKMISG0dIWs+JBKJ5Hki5UMiecloIFg8WELu3X+AsvLlYgQp7hKVQ3LQBE/KpyM717B0qLBscJtF5/Gwtmlc4J2RhwQiNj0P0Ut4eNpMhKakIyg5Df4UzPslpMKXu0slkGDEJ2N+XBLmxSQSKQStR6fCMyqZSIJnZBI8IhPhRjLhKoiDq8hqxMIlJBZOQSQfAWGwI+YEhmFWYCRmBEZjalAMJgXGYXxwPMaRbIwJS8aosFR8HrZIMD5sCSaGp2Fc1FKMjsnCZ3G5+CC5AP9YVIy/Zi7He4Xr8U7JJgwv24whFVsxbNVuDN90BMO2fY/BO37AoJ2nMHD3T+i/n+Ti4GX0OHQN3UgsOh2+ifZHbqPt0bto++09tDt6nwTkHnoevo+eRx6g19Fq9PmWxEJ0nyLR+LYevShS7XOCAm6iz0lqv+eWAujv69Hn+zr0/qEOPU/VosfpWrxOstHlXA06n69Gp5+r0fFCNdpfIi7TMnebuliPnhfo2hca0Ifoe5GFg4JwWu6vYdCFxiYG66RjCLXMUFoexpBkcCvWSTqG62D5GHqdzrnVQNRj0O16DNTR/04t+t+tQ7/7dejLVNNnqKlFXwq2+9bQMSQcLB2qeAxi8SAG1DWiPwXofehvszf9nfYielJgzrUhg+ob8Q4d+xcSlj/Tee8wtP52dSPeonPfpPPeIIYTQ0lGhlA7hM5RUOpIVIbqGEbXVRmqg5eHNzSQ2NThjVoSExKnt2ofkPTcw9s1d/DWg1t4j9p/1t0n7uBvNdfxj9qbGFl9E1POkohcv4PQ2w8QdacGS0myCugei+40YA3d7166T/pKcYbu+TZnREg8HlSTgNB7SiQSieT5IOVDInnJYPlg8aD/IwlpxP4DX+iGsOXhbB8tH1wEbohc7kJF56akZSI2aRGiSCSiSCTCExbBX8y6nQpvEgqRwYgiuYhMwLwoIppFg4QjjgSDcI9NghtDwuEWSUSkwDUimUiCa3gyXCISSTYS4RQaD8eQONgHxWIuCcZc/xjYcwbDO1gw1zcYs3zDMc0/isQjBuNIPEaHpeDz6CX4LCETnybl4uPkfLyfyoKxFn/O3YK3C7bh7WV78GbpQbyx/CsMqzyK4et+wJCqsxi05Wf0234Z/XZeQ5/dN9Bz3010O3gDrx+8Keh+8DZ6HryHXl/UoM+XFGR/SUE+0f8gBdLEgAMU+H/RiNe/rke3o7XofozE4HiDkAwWjF4kGt1JPHrSOi8LaLnHcaAn7/+R2lPEaYaOI3qcIc5q+Im2n1PodY6C//P0/sSA8/T+Pzdi4AUK7ElA+vMwuSwhRP9LtH6pHgMu03FEvyt0T1drRfcqlQHX6DhCbftfJ24o8GhWA26SNFA7mNrB1PIyM/AWycJtet87xF1avkfbxShXtEzywPIxkAJwLjwfRO1gCtKHEINJTJTleqIOQykwH0rSMozkhdcHNtRiADGwgZfraLmOpKRO1H0MJkkZwsXq3Ap0MlFXr4OXaZuQEZ2ckAAwg4lBGjiLwjLzZm0j3qRz3qB2RG0DhvM91dSQ4HDGpBZvNFZjWMM9kpW7eIPaP9few99IWP527wH+desBPrtdh3FX7mPyqWuY/c052O8+DPtVmzGvfB02/3QJl+j+7vDvkTD0W5VIJBLJ0yPlQyJ5yWDpqG+ATj4acP7niyQe+UJAlPk0uDCcJyBsFpDHZT4KSiqQlpWHCBIIn+AoLAwIg1dwNLzDYzE/PA6e3F1KHyEg6rwYCWKoWpfIODjT8Yp4KLiGJ9G2ZDgSdpEpmBoch4nBCRgfnISxIUkYHZwsGEXro0NpOSwVIyOXkGgsxcdxWfh3Qi7+SZLx96UV+HvOGvx9WRX+Vr4df1uxG+9WHsCgNd+hz7pT6LvxJ/TfcgEDtl3FwB23MGDXXRKN++i16wF67K5Bjz0N6LGvEV33Egcb0O0w04huXzeg+1cUtB8CCQdxgILX/RTQEsOIEXuBN4ihtNz7KEnGiUaCxELIBV2TpIO7WbF4sIj0VUeiIvrQci9qe5wh6dDRiwSEJ/7rTS2PVMUjVvUntAXkA0lGBpJ0DPy5AYNIPAaReHB3KmbAZTqHpIPpT8t9SThETQeJRe9rteh5o1rQ62YNUYs+N+vQ+xa1N5S29y1qb5Ng3alHr7t0LheWk2wMIfnQosrI4NsKQ+4QdwmSkMEEy8cAko4BJBUDa+gaOvkYSuvDaPvwB/UYQbxxX8c9lhK6Dwr2e4Eh0dPRt7EG/RpJShrpWgRLCGc+htHf93AWCZINleZMCD0rOobhAnftMnfZGloLvMUZFhW6379UA38l3nvQiD/T/fz5Tg3evVuLv9yrxTu372PY9VvodvY8bE+ehvnXJ2Cy5xsYVe2HccUWmBWsgcWSUnSkv8UeUVn4S2wmCk6eE12x6FFJ+ZBIJJLniJQPieQlo6GhAXV1daLl9Tt37mDdug3IyytAZkaOGPK2eFm5bgbxAuTnK6NYtciKCEnRTfxH+zLyihAam4yFJB0Lw0guguPhHhIH97BYgVtojMA1JLoFbnS8FvdgOo7wCKVzQ2LhSrLhRuLhFLUI06IX4fOoVHwQl46/J+XhveRleDepFO8ml2PY4pUYkFuFgcU7MbhiH4ZUfoHBaw5j0Ppj6LfhOHpVnUCfbWfRa+d5dN/5M7rvvkhScRm9d99G7513iLu0fI8g4aC2J7W991Fwu78WfQ/Wo++XDehD0tGb6PUFcaiRIAn4mgJ4ov9hhX60rT/zFQWxtH0wbRtyhILab+i47+j4E5zxaBTdqvqybBC9fyDR4Fa3rLa9iJ4kIN1JLHpw5kMVEB4Wl2AJ6XO6gSSEJIAnCDzbQNSh30916PMzScIFCtYFdP+X6proQ4i5Oy6TRBAsIIKrtHydPq+A9l9T6E3r/W+QoNzkbAe1t0le7pC8kFAMYLm4QcE6MYRh+eDsBw+1SwygYwfwcbpsxwAK3rnAfMADulcK4Jl+onsWLd9voOPqxP6B1bRM8jGAtvPyIBKUQbWcKSFRqeMuUyQQdfReJAlCXGgfj4ylMpyuMYIYzufQ8QPJtLlYnQVjAK1zFy5RI0LXGEYi8gZtf5Pgbltv0Pnv0P397XYd/na9Bn+5VI13L9zHuz/dwXtnbmPYkZ8x6MAp9Nt5DN03HkLH5bths2wLLPM2ovWi5Wi1qBKvLlqL1ilrYZxSCSv6G7VOLoFVygrYpKxB+7hKDIosxPJzt3GdxKOWB+TV+41KJBKJ5NmR8iGRvGTU13OBa3PLEvLll18hJydPwPJRyCNXkXzw/Bs8U3muTjpyc1SU+TpYPlhMMoiQWJ5Ij7MdiSQRSXALSYBbGMmDTjxU+WDJcA2KErgHtsRDbekYZTkGTgFxGDsvCG/bz8PbXmF4IywZbyTm4q2ly/EeCce/SvbgvcqvMGztUQwhyRiy5XsM3voj+m87g/47zpFYXCCZuIRe+26i+/6b6EJ03n+LuE3L99Bl3310PfAAr39RI+h+SMdXtXid2m6HaB+vf12Lnofr0fsIyQPJRG+SCi29aDtnN3p/SxwjMThOcnGChIRFg+h9nKWDJIbko+9JWibJENKhygfLBsuHrhVw5oPkgzMgLB7qnBx9ztJ7nWHxIKE4Q+ikg+l7rha9ST56kXj0vkgCwVxiASHZ0KEu97tM19B1uep/lYRC7V5F9NPBWZEB12kfQxLCM5f3565VJBoDaXkg7R90jYJ82j+QomnuisX0J1Hpd4uucYe4S+fdp3WdgPQj0ejH4sECwtLxgLMgLB3K/v50XD/a1o/O6SsyJLSNJKNfNR1PYsDyMpD2K122SCJo/xBaH0rnDSHRGUrnMcPo2kPu1tL2BtF16i2SjXcYEpq3SXTevFWHt27W4o1r9zH80m0MPn8NA85cRt9j5+hv5QS67fwWHaoOwWbVHliWbodl0WYYZayBMcmuKUmGGcmFedIKWCQth1XCctjGV8AmfhUsE9bDKn69WO4UV4wOCcWwSVpJArKRtq3FgKgSrDh3F7fEFIPK71AikUgkzwcpHxLJS4YqHQyLB78uXLiIoqJiZGfnkmwUCenIzsonCSkV8qHWgzytfLiGKlmPFhkPkg6XwEg4B0TA1b8lboQ77XMNCIerXzjcAqJg7xOJ92e7oetH42E7egasp7vCyskPNp6R6OCbgu6hueiRUIEeSzeid94ODCjhzMfXGLb+O7y55TTe2H4eI3ZexIg91zB073UMJgaRiAw4eAc9v7qHbodJPo7cR5fD99CZljvp6HqsFp2OVqPjNw/Q8dtqdDpWg67HldGoenKNBtHjO5ICkgyuz+CuVN1JMrqTSPRgflTEoUkeSDh6fa+gZjZ60zGMqOvg4/k4XSuWCd4njqPlPgR3t+pLEtL3NAXjIuvBGQ8Fnp28/zkSkPMkFyQgfTnrQah1Hoz+ulL7QVyhAJ8lxAADSEwGXKP9xAAWDJKOQdwS3G2LxaUf7evH6wQLSj8SlT436P1vKXAXLSEi9+hY7rKloa/KnXpd5oNgUaFjWVoG3KPrsbyQfPSroXsSQsKZEEVAhhBDiWF0HjOceIN4i/jL7Xq8e7UG71y8h7fO3cbwUyQY3/6Mnod+RLd9x9F117dot/kQrNbshVH5VrxatBGv5K7FK5mr8Wr6KrySVolXFi3Hq6kVaJ1cAaPk5TBLZuFYQcKxAtaETfxytI1fgXYsIAmrYZW4gbZvEMud40vQIbFEyodEIpH8Rkj5kEheQlhAWDzU9u7du9iwoQoZGVliJnLOfGRl5gnxyMtdhpxfIR9a8XAJVjIeqny4kGAwzr5hCj6hcAuMgJNvCBy9guHiGw5773B8OMsdXT4YA+N/jsQrn0zCf42ahf97tB3+73Eu+D+TvfDfMwPwJ/tItHJLgPGCxTDzy4RlaAFsoivQefFG9MjZjT7LvsSAFd9i6Lof8fbWn/H23mvo/+V19Pr6Bnp+cwu9jt5G72/voc93D9Dr+AN0O3oXXWm967Fqko5qdCH56MzLJCXdvqsXsIwwXU7UozPR9cdGdD3ViC4kCJ1JEDqdVehGdKd9PHwuS4foUqWTCxWWlO50jtoyWvlg8WghHwIKyOnaTP+fVBoV+SD6/kwBPdHvAh2nw9A2IR+X6dxHMIDERGXgVYVB3JJw9CH6knAwfbjlrAdnR1hArtP1r9N7iUJ1eo+b9ejPMnKTxEgnJP25Gxe3txiSDxKUQbTOKCNpETdpnc7lEbWGkpCMYLkgOXmDpOSNO414k3iLjh9xrQaDL9yhZ3QNPU5eRC+SjB67v8PrG75Cp8p9aFu+C9bF22CetxFGGavxp+QyvJpcLmCxaENi0SaF4DaJ1pnEcphQyxkOy+SVsCDRsIwth1VsBdrGLUf7+Ep0IDomrKRWyodEIpH83kj5kEheQrjmg1uWj9raWtEePvyNyHzkZOejgIfOzcoXXa+EfJB4PL18xMOFZxHXiIcqHywe+vLhROLh5B0CZ/8wOJB82C8IhMPCYNgtDMVoRy8MGT8bliQgrT6egP/+bBr+n5Fz8P8d44j/M84D/zVuHv573Hz8YYIX/jDJG3+Y6o//nh6EP8yJwJ+c4vCaeyraLMyAcUA+LMJKYBu7Eu1SN6BD6X60rfwSndZ/g+7bfkC/Pecx+MurGPz1TQw4dB0Dj9zBEBKOoSfrMeR7CoKJATz0LYlGH9rW82Sd4PWTtehysgbdfqwj8SAZIToRHc82oONPDehypkFkQlTxYJlQpUMUkRPcraoHSYTaimXeZ0A++tAxLBx9SDZU+p5T6Hee1s83ojcJRh8hGrSdR7m6QC2JhrKN2gssIMo+sf8SnXeZ24fRishAFhCC5WMAwfLRWycgatZDZEd4mbZztyyVQcx1EpArNXRuLYbcaMDw28DwO8AIbm9RS8LyBl3jLRVaf/tqI/58tQHv0fnvXq3D2xceYMTpWxh47DL6fvUTuu0+jo6bD6Pt+i9hsXIP2pRsxSv5G/FK1joYL1kJk8QKtI4uRquoZWhNGEeXwCSmBG2TV8E2sRLWcRWwji4nymAVRfB6Em3nzAYJBWNDotE2boUiGyQaLBudiM6Jq9AlcTW6JK2mbZVom7iGziXJSNwolrsklKJjYqmUD4lEIvmNkPIhkbyEcLaDYQnhVz2PenX+ZyxfXon0pdmKWIiC83whH89W89EsH6p4CAIjm+CuVvryweLBOC4MgsO8QMz1DMR4Zx/8fbYb2n44Fq0+GIv/+mgi/mvkbPxxvAv+Z4IH/jTOHa3He8JownwYTVoAo8neMJoWAJM5oWg9KwR/mhWMP84OxX/PDsP/If57bhT+2yke/z0vFf/llYY/BmShVVghjGPKYZ6wCpaL1qNr0QG8XvY1elceQ//1pzB4y3kM23kFg/dfQ/+vb6D/kZvo/+1tCoDvY8CJB+j/fQ36/VCHPiQgvYmep+rQ/bRCD6L3jw3o/YNCnx8p+D9FsEgQPHoVF5CrqMXlYnhdPUnhug8uOmfh6K2jD0kH05fFg2SjN7W9SDB60bJYv8jiQS3B23vTtl60zPv60D4ByUdvkos+j4BnPdfPhHBXLfUcMSO6DpaTwSQmQ4nhTTRixBWF4ZdqMeJiLd68XI+3ibcuUvtzDd48V42/0Pa/0PK7Z6vx1g93MPTYdQz6+hL67z2Nnuu/RrdKEsZl22CRvQFGJBZGqSvQOqEMreNK0YaEwohoE1UMo0iSDILFwpbEwSaWBYPEIrIUtiQa7WNpG4mGTWQZ2hLtoyrQKWYFusavQsc4Eg/eR/CxbWMq0J7Eg4VDyXBUinXezvut6ZpMh0TaJuVDIpFIflekfEgkLxla8VAzIHV19bh9+w62bNkq5IO7XKkCwrLxuG5XvF2Vj/nBMZgXltAkH87BLcXDOahZPFT5aCEgJB/2PF+H6HYVBDsPf8x29cVEJy98bD8f3T6bDNMPx+FPH43Hn0bNxitjHfGnsS54bYwrjAjTsW4wHucGo/EeQkKMp/nAZCZLSDCM5oaijT3hEIE2ztEwcY2HkQvBrVsijNxTYOS5GG3mp6H1gnS09spBa98CGAWVwCyikoLG9Wi/aBva5+5Bx4ov0WnVYby+/jv02Xoa/fecx8CDlzHoEAXKh29i0NE7GPzdPQw++QBDvq/G4O9rMfBkLQZ8X9fMD/WC/iQsLC1MX5IWwal6Qa9TDSQeDInEGYaCfVU6SDZ6qbBs6OhJQtGTxKIHCUVPopfa0jZue3Cr7qdje1xoFPS6RFJyWaVZOBieFV0/CzKQ4NnRuQtXf2IAXXPQRR7atxFDieG0/Ca9x1vUvk3rb9Mxb5+vwzvnavHWj/fw1sk7eOO7mxj6zVUM/PIC+u45g147vken9UfQcfVXaFdxABaFO9Emswp/WrQGrSh4t0iqhHlsOUxILkwilsEsskQIhRAEogMJBNMpsgKdo5ajE2EdQYE/7yfZYFng5XYxy9GBBKNddIWAxYPP60jbO8dWUksSobsmI46j89uRcDCcAWkivpn2mpoPQ/JhmUzbdfJRKeVDIpFIXghSPiSS/wgg+Prrw6LgnKWDBYTrP3KyC5HNWRAhIyoFAnVywnQ6LiQmFfOCouEREge3oES4knzwzOMsHFpYOrjLlZO/0uVKm/ngOg877yDM9QqE3Tx/2Ln5YLbTQkx2WICRjgsxYOwMWH04Fq1JPlqNnIH/+XQm/jjSHm3GucB4jBNMxjrDZAJJyCRPmEyZD5NpC2EywwfGs3xhNMcfxvZBMHEMhYlzOMxcImHlHAVr5xhYu8TByjUBVm5JsCAJsfBYDDPPNJjMy4DxgiwYL8yFsVcejHwK0CqgEK+GFuHViBK0psDUJHkVLNM2wjprKzoU7kOnsi/QZeVR9NhwEn23nsHAnecxYO9F0Y2r/+FbGHDkNgZ/ew9Dv7uPYSeqMexkDYbqGPJ9DYkKcbIag4h+tNz7hxr0IiHpdaoWvU/Xo/cZkpKz1P7U0CwgLB0MLTPdzzegOwX7LBUsHN2pZengdV5uguSj+8/U0vG9SBLE8LuXGsRIWH0uEhdIhH6uRT+Shv4/M/UYyDOjk4TwjOhiNnQ6dzhdYwS9/5vEG+ca8MbZWgz/8QGGnuDMxU0MPnIV/b64gJ57TqM7CUbndUfQqfJLtCvdB6uCHTDJ3ITWi9fiVXqWRqlrYZy8GsaJtBxfidYU9LeOXg7jqHJYkWhwRqIpK6FmLSIUOoUTEeXoHF6OruEV6BJB0kDCIbpRceZDB2dBGL6euGZMeVOGQ8VWD5E54evEL4cVQ6JhqUF/tCuu+dCXD4sk2h63BgOjS7Hy/D3clvIhkUgkzx0pHxLJfwSKfPCoV+VlK4R0LE3LUka6yiLBeIx8ZBHptO9J5MMpUKn1YPFQ5aNJPLjL1UISD+9AzPEKEPJhT/Ixh6Rjqv18jCYBeWPSXLT7eByMPiAB+XQqXvlkOl75bA5aj3FAG8J4nBOMJ5CATHSHyVQSkGnzYTzDi+TDm+TDB0Z2/iQfJCDOoTB1CYOFSwQRBQvXGFi4xcHcPQEWnkkw90yF2fzFMF2wFCYL02HikwFT30wY+2bDLCAX5kF5MAvMJ/JgGpwP09BCmIQXo00oCUl4KdpEVsAothLmyethk7aVxGQHLJfth2X5F2i78gi6bDiBnltPo++ucxiw7yKGfHkVQ766juFHbuHNb+/i7eMP8A6JxwgSj8E/1mAQiQcz8HQdBpF8DORRrU7Xgofa7cOcYUgWODtCYtKd1nv8RMJyniRFdLMiUeFuWCQKPc/V66gjeJ1aHqKX5eJCDQZcqCdqMYCkY+B5et/zNRhGojKM9g+n6w2jY4f9RLJ0hrafpva7Oxjy7S0M/Poa+h64hB67T6Pb1pPouP6oqKexrtgP82U7YZSzGa8sXYv/SVmJ1iQZxhSMGydyPUYlTOJXwDhuBUxINMz5ucWsgAVhSViReFhFV9JyBVEGi9hSgVWMhigisgS21DJtI0vRjuSkHYsFSYMlSUELSCIYc7oeYxFbLlC3awWlSVR4H53LkmGhwzyxGV6X8iGRSCS/P1I+JJL/CBT5qK6uxebN20XWg7tfsYRwN6tfko+ltC84JgXzeI4Okg/XwIQW8sHSocLy4egXJmDx0GY97Ek+WDxmLfTHXE8/2Ll6Y67jAky388R4h3n4+wxnvP75ZJi9PwatP5yAVz+eglc+noHXPp+DVmPs0XqcI1qTfLSZ6AajKR4wmuYJoxkLYDTTC21mk4DY+cLYIQCmTiQgLiEwdgmHkVskjN2jYeIZC+N58TCZnwTjBUkw8U6FsfdiEo4lMPFPgxFhEpABC/9M2AZkwdY/W2ATQJCEWAcXwDK4CGbBywQmQcUwC6XgNrwCJlEr8IfwEvw3BcP/E7ccryWvRpvF62G8tAqmmZthmb8DbZftRZflX6LHum/Rn+cq2XUGg/b/jP5fXcagw9cw9NgtjDh5H2+SjLx9pgHDTlZjKGdJSFCG/FiHoacbMZjkYzCJyUASkAE/KfAyTz7Yn4SkH8lCP5IWAW1TjxtEMjL0fB1GnK/GiHO1GPHTA4w4+wBvnCFO3cfwk3dJMm5g4JEr6PPFeRKMU+iy7SQ6VX0H6/KDsCzZB9PCnWidvQWvLCHBSK7E/ySuwJ+IV4jXKDhvRZLRipZbxy+HKUmGCPhjlsOSA3sSCyta5i5RVpEM12KUk0hUoG1UObGchKAc5nGlMIt/GNPYYpjG0PPWYR5b0kwcn2cYs9gygbpuQfLAsGSwgLBwaBHioicfZkmElA+JRCJ5aZDyIZH8RwA0NHA9SCOOfXsCmRk86pXS9UpkP55EPqJT4MkTAwbHCvlwCY57SD4cA5SMh4NvqEAUmWuyHnYLAjHLyx8zF/hhjqcv7Fy8YeewADPmemKi/Tx8ONcDA8bPhM3H42H84Xi0+mgKWn88Da9+NguvjbInAXFCq/EuJCDuaDPZE22mzkOb6QvQZsZCtJ7ljTZzfWFkz9mPQBg7B6O1Sxhau0aijXsU2njGwGgeCcgCHq43geQjGcY+qTDxXQRTv8UkIIthGrAEZrTNdGEKzL1SYemzGFZ+6bAmIbEOJAkJyodNSCHa8ohaYRRAh5aSkFBwHEJBcCRJSHQFjAkjCqhVWkWVoRVJSWsKwI3iV8AkcSVMk1bBNGU1LLI2w6pol+ie1GHFl+iy9ht0rzqOnlt/xMB9FzD44FUM/eoG3viGsyU1+PP39XjnVD2Gk5QMJ0kZcaoOb9L6iNN1JBF1tK0Ww0hWhhPDeP8PJBqnaoXQDD9+C8OPXMbgLy+g394z6LH9BLpWHUXndYdhU74P1sW7YV6wA8bZm9B66Tq8smg1XqH7fJXu+bV4EouESrRJWAlj2mZOcmXB8DJJhxKsV1JQrsyLITIL0SVEKayjSmAZWQyLiGJYhhcpReCcweDCcAEdF8HZDZKKmBKSCw0kF4wJCYdxzLImTEhGjAmTOLo2SYtVTEt4G2PBWQ9CXdeKBt+jFq18qKgCwi2vS/mQSCSS3x8pHxLJfwQ84pUiH1cuX0dZ6QpRUM4SwqNdsXg8Sj4ys/ORRstB0clN8uESEN8kH1rxcPBXMh4sHvY+IUI6hHjosh528wMwc6EfZhBzPHxIPryEfMwi+ZhiNw+f2XnijSn26DxyKsw+moA2H00ipqHVp7PRaqQ9XhvthNfGknyMd0friR46AZmP1kJAOPvhA2M7P5g4BBBBMHIMRxunCBi7RMHULQZmHrGwmJegMJ9YkAiLhYmw8kqGlU8yyUYKLP1SYRWwGNZBabAJXkqykQnb0Cxqc2ARkAULkhCr4AISj2LYhFHQSViFlqCtqFGgdcI6ogRWHGwzuqJpKw6CGQpMRfci2mZCAXGbOJIUCtyNk3lW7bUwXbwepmlVsMzaBsvcXbBdth8dyw+j2+pj6LHhe/TefBr9913EgAOXMeQQd+W6jTePkpwcuy/aIYduiH29dp1H1y0/osOGE2i3+hvYlh9A2+JdsCncQdfdArPMKnqf9TBZvBatSRjaEFyDwXJkRvCoYBY8MhgTvxKWcZUUoK+ENR1jS+ttaXs7XqbAvS0F/G3p89jSZ7Olz9aOPlf7uFKCl0tpvwoLCbOMBGQZCccyej6FRBE9MxITlpMwXUvwNivCIrwQ5hEKZlFFCnQNczqfR7Pi2hB9eLuKLUkgo9Z7qF2t1FqPppoP3h6nDL2rIuo/dMttpXxIJBLJ746UD4nkPwLOfKhdr+qwY8ce0e2Kh9rNysxHTg4LCBefKwXoWvnI0MpHQCTcgmJIPuIeKR+qeKjy0SQeCwIxd54/Zsz3Fcz2IPFwWSjkYzaJxxQSj8/tPPDeTGf0HjcTVh9PhPGHE2H0yXS0+Xw2XhPy4SxGvmrNQ++yfEyahzZTSD6mLVTkY5Y3jOf6wdSO5MM+CKb24UQEzB2jYMmF565xsPWIF9hw65kAm3nxaDc/CW1JRNqyhPgmwywgFebBi2ERvAQWIUtpOR1mgem0nE3kwjIknygk6VgG63ASDyZsGdqFFqEdBc/twmmZxKN9ZDHaMVElaEcBaTsKwNvFllFQzsE5BcMczFKwaxW3goJ7DnIrRaDPQb8JBftGtGxCAa5JygaYLaqC+ZLNMF+6BRY5O2CRvxs2JCbty75Ep+Vfo0vlYWq/EtusCvfALG8njDK3olX6Jry2ZANap66GSVIlTElyzHgyPS6kT1oFayZhJWwSV8GG3ldIRcJqdFChYLtd7EoK0FeQMCwnwVhOn4XgQJ6Eqy3JVVv6rO2obU+fs71OMmxjltGxxaK1JlFQKCL5UrDStRbRhQTLRiE6kNR1CipABx3taZ1pG5wPW3rmNqEFsA4jwgkSERaUdrpidH14u0r7SHrejG70K7XgXL8Vy7HKnB+GaEcCosjHOnpm69AucTU6J5SRfJDkNMnHapKPEikfEolE8oKQ8iGRvHQoktGARg57BHU6ahsbUNvQiFNnzyE9PUfIBRec52UtI0qRl1ksyKV1FpFsIp1kZAkREJMMdx4+NzgGjkGxcCL5cA6KhjNtc+Iic5IPR3/CL6xJPnhYXTseUpeYuzAQc+YHYJanP+Z4+GG2mzdmuSzALCdPzLB3w1R7d4ye44IPZrti+EQ7dPh4Moz/PQ6tP56KVp/NJOaI7Eer0Y5oM9YFbca7oY3IfsxD66kL0GaaN9rM9EGb2X4wnhMIk7nBJCLBQkDMHSNg6RJNxMDSjYmFlXscLD3jYUnyYU3yYbMgGdZeKbDwSYGZfyrJxiKYB6YRJB9B6UQGCUcOwfKhExARCC+jIHgZCYiCIh0l6BBVSsEuBb6cDaCgXCD+1Z8Dc4aC9Fgl2G3bFOBSgB+/ArYkACwCViQEVhTgWiZxFycFs+TVME1aA+NkBdOUtSQm62GxZCPMF2+ACW0T0HYV0+S1JBtrYJ1C1yWsSTxsSDpsKWBum0hiocKT6HE2QzfMLLe2sQzdG9ds6OChbEXALoaqJQERLQ9xSwE+Z0Hos9nGsnjQ540p1okHtyQcnO2IUttlQjysaJ9NJD0/krf2ISQULHEErzO2oYWwVglTofNIPmzDS0W3LUbpxqWfAWneJupLdKNeGcp8qIhRrzRYkSRa03MQEiayPwQ9q3YJy9ExvpwkrZIkbg0sk9eJ73FwTAHWXbyLu/w7bPHblEgkEsmvRcqHRPKSQdZBrSIfTdKhgacdvH7rNsrKK5HJw+3mFAnhyM8sQ0FGGbUlJCLFJB/LSD6WCflYTBISEJMC18AoOIXEwkEnHy4kH9qhdRlttys7ko+5JB5zWDx08jHX3R9zXf0wy9Ub013mY5qzO6Y6OmOqgwvGzXHG6Nlu+OtkR3T/dCpM/j0erUg+Wn/O8jGL2jloM2ouyQcJyHhnGE1whdEkT5H9EPIxwxfGswJIPoKEfBjNDYKxQwjMeOhd10iBqVu0gLtgmXrGwXR+Asy4+5VXMsx9SDgIM19q/RbDwn8JiQjJR0A6LAJJPoKziRxYkXxYheZR8Kv8C7yAxEOICMkH1zG05VGZYijgJWwoGFfRjuJkE1suAl8VtdtPWwpmeWZuMTs3z8Sthy3JhDWJiCInCjYsF4R2mxZbko12JB1tWTh0qO9hk0DS8wiauh9xEE7o11hwEbl6/yxSPF8Gd73iz2pNosVwPccvEklyEkHP0AAsGVwvYpCIkiZ4gkFGHa6XUbep2/l+bXTPWh/1MzJqcTpjTlixfMSsps9I8sYZkIRStEssQUf6vtrH83dBAkiiZxNfiiFx2dhw+TbuNaoZR8O/VYlEIpE8PVI+JJKXCDQQ9TylOaGTEHUzQ/+HelrgUa8OHPgC6WkZJB8FyCPJyM0qEeLBWY/cLN38HzmFWJpVgMVZnPn4ZflQR7li+WDx0MrH7AUBQj7smuTDS8jHVCeSDxKPKfbOmDSXBMTeA+/PcEW/kbNg8e8JaPXRJJH5eO1TEpDPZwv5EEPv6uSjzSQPpevVVC+SDx8YzdJkPuyCYWIfAlOnMJi6RLSQDxP3GCEfZiQfpiQfZguTYOad+pB8WPgthaVOPqxIPqxIPoSA6OSjSUB08sGo8sE1EC9GPtbAhuTDmqSC4WUVdZs+bUk+DInHs8oHz50hAnkdnE1QsaHPrIqHvnxYRnKdh2GsWDY0z1HFirMcBtCXD30B0YqHuk29X/3n/jj5YFrKB33GhJJHyEcJyUeWlA+JRCJ5QUj5kEheIlrIh05AVHg3v+rqlBnQL5y/gOysLIGo7+D5PprIRxZtyyDSaHkRbfOPSSLR4JnMY2AfGAfH4Fg40zqLh1Y+9LMeWvmYPY/Ew82P5MNHyMc0l3mY7OSGyY46+ZjjivF2HvhotjuGjJsLm/fHo/UHE9DmUy46n4HWJB+tR86B0WgHGI1zJgEh+eCuV1PmwYi7Xk33bpIPzn6wfBjbk4A4horsBwuIVj5MOPMxL76FfAgeIR+WQVmELvtB8mEZlt8kIGpAzMEyy4eAu1wRz1s+tLKhjyHxYEQXKz3x0BeMx6EG5Y+SD+6CpU7kJ0a50hMPVTAsuIDcACwSWrHQYhla+GjCi2FB6MuHFn0p0d43o2ZxtCNiGZKP9tFSPiQSieT3RsqHRPLSoRMNjXioqY9GioTq67njVT3u3LmN5ZUVJBjpyMzOIfJIOFRyaT0X6Tl5SKP1Rdn58I8m+QjgyQRJPgK42LxZPvSzHvpdroR46ORjjrsf5rh4Y4aLF6aSfExycsckBxdMIvmYONsFY2a74uNZ7nhrsiM6fTxJ1H20+WgyWn8yXWRAVPloM9aJ5MNFyEdrHvWKu15N94LRTF8YzfYn+QhQ5EPNfjiGiZnPTV018sFdr1g+uOsVy4dXSlP2w8J3MSz9dPLhnw6rgJbyYRmcC+vQfNiEFQjUQJnlQ+169TLKh3rdZ5EPkR3QBeqqfKjSoaIMpVsisOauVARnNFRadJnSQyscWgxKhwqLhw4rlgzCmiVDh7pN3S5mTuf71MOK4c+myYDwhIRSPiQSieTlQsqHRPIS0UD/qyWxqEUd/Y/H2Wmg7Tpora6uBnUNyhH3a+9i96FdWJqfjqU5GUjPziYRaYbXl+bkYElWDlJJQPyiEuFKksHC4eAfS/IRAyeSkSep9WDxmDXfH7M8udDcB7NFvccCTHbxxAQnN0x0cMVEOxKQOa4YNd0Rn810w99nuKHPyOmwfH8sjD+YIOb7ULIfs9BmlB3Jhy77McGtueuVGPXKG8az/ISAcNcrtfuVMQkIZ0BMXaJgxuKh1/WK6z7MFpJ8eLWUD0vfpbBS5UMMtasIiBXJh1VInhAQRg2GOVhm+RDogvDnLR8sEywa3P1KRV829LERReWGpUMNtg3B98PwvanyYa0L2LXCoRZ3i6GGhXQsE/BQuYxlOItCIczpWRnCgrBiiQt9GGV0MQPwefS8GUuSPoaHONZHu92apJDnGVEkSUF00SIsxZDI9Pn0BESZFV3Kh0QikbwMSPmQSF4iWDjuoxp38UC0NUJDaoWSMA9q7qG2vlpsu1N/B9+d/Q4ZJZlYkpNOspGFTCJDB6+nZyvysSgrF/6RCXD1I/kIiIIjyYdjYAwtK/LxJFmPZvngUa64y9UCTCL5GE/yMcHBRcjHVHsPjJ7qgFEzXfHxnHkYNn422n8wFmbvc/ZjClp9Ml0UnxuNmgujMfZoM86R5MMVrSe5wWiy0vXKaIYXyYcvTPTkQ8l+hMLcOQrmbiQdqnx4KPJhrpMPnlzwUfJhRfLBKPKRQxiWDzX78aLkw4qHxiX5aEvBLqPKB2/Xlw6V5ykfWvFoIR9i1CnOMNAz0GEVwdJBAqHDPDTPIJaE+iz1Ycl7FPzMLcIURPZEk2XRz7TwOouRIfkQAqKRD62AMFI+JBKJ5OVAyodE8hLBsnEL93CN/v8N3CEBqRE5EBaPxsZ6CoRITxqUvMjNulu4ePcSVm5djdSMNGRkZiM7OxdZJBvpGVlYmk5SkpGJ9Jx8pGbmIig2BW6iviMKLkHxsPeLJOFoznio4vGL8uHhI5ju7oUpbgswUXS98sBkBw9MneuBibNcMWaGCz6e4Yr3pjmi12eTYfHvsUrXq89moJVgJtqM5uyHI1qNd0ariSQgovuVMuwuC4jS/SpQYDw3qKnrlZlTJEycI2HsQggBUbpeKQKS0iQgFt6LxAznFj5pioDwTOckHjzTOcPyYc3yQXAQbBFCwbUm88Hdrlg8uNuVtvjaUgNPPqh2+9HKB/M4+TAkF/qwiKgyIrpk6a6nRRUPVUZUIWkZdNN+ujf1PkXNhIZm6aDPGU6fKZxHreIRwLgQvwBW4SRmYVwf8zAWobkwD8kRWPAwxqI721MSxtd/OqxIDtVuWU2fRfP5OAOiZkGan8MKtItaRd8TPdc42he3DLZxRWhHx9nGVMI0djXMeFjk2GUYEJUm5OM+lC6Qhn6rEolEInk2pHxIJC8RqnzcpLCHsx8PGqtRV0/iUd0A3KcoiKMhpg6ora7Bvfv3sGffPmRl5iE7PR95WTzyVSFyMvOVonMinUhNz0Mgj3bF3a6EfMTB3j/qV8vHZHeSD9d5mKCTjylz3DF5lhvGTnfB5yQg/57mhCGjpsL2A5KPDyai1SfT0Fp0veLsxxwSEHsSEJKP8S5N8iGyH6L2wxsms3TywUPv2pF8OIQK+VAFxMSV5MMtFmaeOvmYnwwLEhALnXwIHiEf1kE5sArKbZIPnoNCP/Oh/Ct7s3j858qHco9qcK6VD1U8DMkHi8ej5IPF43nIB2dGDAnG4+Chex+SD0b3+VQBeRr5MI9bC1N+7iQf/SPTsOXGA/GTa5SZD4lEInmuSPmQSF4iuNvV3YYHpCD1aKinyEeVjTvENeKKjpvELeI2cOHbC6jMWYWCJcUoSmeWIS8tHzlL85BFZJOMLKI2KJrkg2TDyZ+LzmNJPp498zHL0wfTHiUfM90wkeRjzHRnfDLDGe+Mn4Eun0xEm/d52N0pJB/TYTRyFtqMnI3WPOzuWAeSDycl+zHZA22mzif5WAgjrv2Y6S8ERCsfpo4RQj6MnSNg4hJF8qF0vTKflwALnXxYLkzVZD/SYKWTDxuSD5sAnXwE5sAmkOSDBIS7X9mQdLB4qPLBiK4/XPugE4//SPnQZD20gbottxrxsA0rUSD5sA0vpOfBxfgK1qJLVTNWPE8KT9SoJxJKV7YnR5WPp4Xlg7uHNd2/+pl0n5HlQ78LFs/w/kj5iK6ERcI6IR/c7YozHzvv8m+xEfV1hn+rEolEInk2pHxIJC8TPKIVBTtCOK5Te4k4B9QeuIMra8/h6qrzxM+4XXUVtbvvAV814M6eW9i8dAuWJZehZHEFipeUomAxCcjiQuSkEVnLsHhpAUKiU+HG8sF1HkExsKNlB//mWo8nkY+Z81T58MZUko9JJB8TNPIxebYbppJ8TJ7mgnEkHyNnOuMfk2ejz8ipMPlwIl77cDLafDIdxiweJCCtRs4Rc36wfLQWtR/uMFLlYzrXfvg1yYcpy4d9KMxIPlhAjJ0U+TB11ZMPbfbDS5EPAQmItX8mkQVrnYA0yQdhqxMOIR06CRG1BlxwHVX8kHxwzcdLLx98P7r702Y8RMaA4cA9nNGJB2ETtozgEcBYyFg2eFQwlg0SBj2USRuzYRGUJVBGE3s6tPUf+uhLRxM8QzpJkiof2gyImvkQAvIU8mGZuF7Ih21CKcnHUmy+fh936xtRV8sDPuj9TiUSiUTyzEj5kEheIlBDXKlXshwnGnGh/BQO+G3GnllrsGv8SuwZsxrbP1uBHaNW4eC0zfjKcSf2uW9H2bwyZAbmISe8ALnRhciNLUB2Qj6yUvKxNDUPqSnZCI5Kgbt/BFyCWD6iYedL0vHU8uErsh6zPL0w1cMLEz1IPtzmYbyzJyY5eGLKTFdME/LhjPHTHDFmphM+mjoXQ8fPhvVn09BKyMc0GI8i8eDaDxKQ1mPs0Xoc1364CPngOT/aTFO7XvnCeGaAEBCTOcGKgDiECwExcQwXXa9MXaJh5q50vTKfl9QsH7oMiIX3kiYBsfLLUORDQAISkCOwDOR/gVe6Xak0yQfDoz7pBKRJPGIp2NV0Z3oZ5UME3rqgXJUOEahzwC66WGmkI5SCecI6tEgX4NMz0WEVmi2wDCFh0GARnNmEeVCGmEvladHPnmjRz7g0UyDkQ/0Mj5QQlq4nlY+EdaLmgwvRB8VkoOz787jXAJn5kEgkkueMlA+J5CUC1UDDqVqcyjqC1bMLsOxfi1H6xiKs6L8EG/rmYNfgCmzpswybehdh88AybBxcjNVvFyF7TAbiHVOR7L4YKQuWINl7MZL8FiEhKBWxYSmIilwEv5A4kflwDY6CU2g05vqTcDyjfMyY1ywf4/TkY/osN0xh+ZjqgLHTHfApycebU+zQYewctP6Y5/uYgjYjZ+BVkpBWnAEZ49AkH60muok5Pzj70WbaQqXofIbS9UorH4wqHyYsH26xMHfn7EeSgqb7lZXXEljpBITlw8pPl/0QGZBm+bAMzhdF59rC86YRl/7/QD5U8RDognZVPlg6bHXYhLSUj0eJh1Y+WDx+a/mwCeUsVfPnMCQf6vfCtI1+vHyYx6+FedIaWMcVi9GuUnYfEqNd8c/S0G9VIpFIJM+GlA+J5AWhVKrWi8kBxQSB3IjZOnjsqnpR38GTBnLxOB4oNRx3jt7CFqcVKHgvBVmDYrBixFKsH5KLTX0LsL13Mfb3rcTeXssV+q/Etj7l2DSkFOWf5CNjRjoWOS5Fgnsqoj0TEDkvFpHzoxA6LxIhvrHw8o2Cq08EXHhm89A4OAQ8W7crffnQZj4mz3LFVJKPSdOcMG6KPcZOsxfy8d4UB/QabwfzjybB6JPJJB8z8cqn0/HqKO525Ug4wWisG4wmuMNoEsmHmHBwAYxnkHxw9oO7X80J1MlHqMCEBcQpQpn3QycfSvYjsYV8WC5c9JB8NAmIRj4sgrhoOpeC6lwKtrmugP91nQJc3SR7Yu4LEg+Gh9y1NSAfthr5UIfbZWn4beSD3p/WbeL4X/sp+Fbh+43iwJzunYJz8VlE1kBB6WpVROKxTIiHIfnQlw6rYAXLIJIPA0LxNKi1H2r7NPJhFdYy+/FY+SDaRa2k5UqdfNBnjy0m+eBjKmEWtxpmyfTc4woxNCEboWu341Y9d7mS8iGRSCTPEykfEskLgcWjlqgGKIAhzxAuUkvycZ9s4y6qca/hHupqa8g4KLo5C1ytuIx1o8pQ2DcFZb2XYHnvdKzqk4m1fXKxoU8+qvoUoKp3ITb1KlRaYmOfQqzrm4fK4Rko/TADmbOyEO++BKEL4hCxIBpxntGId41EhEc0vBfGwc03DvYBsSQeMXD0jxLF545+ESQeJCKEvU8YiUcoiUeIYM7CYBKPIMGs+YEkH/6Y7uEtEAXnTUPtkngQE+a6YsIcF4yb6YSxMxwxmuRj1JS5+GiaA96ZaI9un0yB2Qfj8donU/E/n8/Ef382G6+MdCQZcYXZKHeYjXGH6XgPGE/2ROtpHjCaodR+8MhXxrNJQOYGwMSeh90NhqkTCQjPeO4SATP3KJh7xJB8xMJsHgnIgkRYLEyCpVcyzL1SmobdtfRVaj+UGc9JQLjug6SDsdLVL3BrTQKiBLkkIVz/EMEFzhSc8+hXPPO5bgjetiQfHNQKYkk4iHZxK9A2niD5UHlIGuIUbOJXCmwTuNZAQd2mj63mOiwbtvQeNiweJBu2FEzbxtP9xLEUsRzRfeqwjibZIKyiFCwjC0lAikTRtlU4Z3gKxQhSHNBbhdDnFSgF5YwQAZ4VXocVIQr2A2iZ50zxz2zCIsCwYJgHpLdA3c7yYkXXsuJub4FK7Y06/LE6Cpla+6GMcsUjcLEUckE8fScsTSSIjDoxpDpCmfL90HMhARPQuiIaLB4kKuJ5VaBD7Er6zlbDImE1TJPoO0xahoHRSxG6Zhe++fEi/XDp51tfL+Dfdl1dnWgbGmQtiEQikTwLUj4kkhcCyweJReMDjlya5IPCFpKPevKNB7hbfw94QAHNuTpcKD2DZf/KRPGgpSjvkYbK7hlY2SMTq3pkYVWvbKxhejM5WNsrB6t1La+v7p2Flf3TUPHXdORMI/lwS0Pw/FiEzYtAvEcUklwiEeUeA5+F8XD1jVfkgycZ9I9+RvnwaZKPKa4LMMl5nhAPZrydK8bPdcHYWU4YM9MRo6bbY/RUO3w61R5/J/no++k0WH4wDq9+PFnIxx8+n0vy4YQ2n7vBbKQ7zEeTgAj58ECbae6KfDBCPnxhPJcERMhHEMlHCMlHmJAPU7dIko9oEg8SkPlxTfLBmJOAWHinPoF8NP+LvnUIbWv6V3Ye8YkDXmUULG2Qaxtd1iQf7XTy0SQgGvnQF5BfIx9q9yqtfLB0qOLRNpbuK4YCch2KeJBoMJFcv8LyoYMCeXX4WiFaTcXeGvHQyQdLh1Y81K5raiaJs0oWfkth7v8wZn5pGtTtJCEkIuJaugwUCwgPAPAo+VAFxJB8qAKilQ/bpgwVtUI+WERKYRVfQvJB3x19V0I+YhX5sEih7y2pCH3CUuFXsRkHjp5DHf2MWThYNvilFRGJRCKRPD1SPiSSFwJ3sKohSD5E1yuKWggePbeWFh801KKBu3Rcr8eFqjPIH5uGxQNikNcjCWU9lqCiO/G6Dl4mlpOUrOi5FCt6EJp2ec80lPZOwbK3U5E1IZ1kIw0hHiQf7uEkH5GIp+A8wj0W3gvihHw4BMbBMSAOTgHPXz4m2LuRfLhi3GxnISCqfHw2zRH/nOyIwaNnou1HE9Dqw0n402cz8MeRLB+OaD3SFSaE6Wg3mI53J/lwR5upbqLrlSofJiQfJnM4+xEIY7tAmDoGw0TNfpB8cPbDTAhIbNOM56p8NGU/nkk+lOCXR1jSH4aXuzPx8K6qgIjuPToBYTnQokoD8yzyYUPy0XS+6F7Fs5YrXaxYOprQSYdNNAXnhCoeWulomrFcF9Bb0GdUA33L4GbpEF2hSDiEfATSswloRiselr4ZBMmETxrM6RnrY+azpAl1G4sKwxkTK3+6vo6mGhyCMyFWdD98X3yPTQLCMhjaLCACzfeiFZCm2elpvS3PjE7LVnElIvvB3eTax5DUxayCefwqWKSy4BWid2gKvEs3YtPu73DzxgMxCp0qH/z7rq2l36/MfEgkEskzIeVDInkhNKBeVHbUkHPwv5Iq8sEeIpIiZCGNNxpw9ctLyJu1BGF9vZDZOx4lvdOw7HUSiW4KRV2Tm+D1ku6LHqK4RyoKeiYgZ1gC0kcuRqrDEkS5xSPCNQJxnlGIpTaM5UN0u4oX4vEi5WOCHQnIHCX7MXqGA8ZMs8dnUx3w/hQnvDXBHp255uPDCXj102n40+ez8ernJB+fO8PocxeYkHyYjHOH0URXtJmiyIcQEB52d6aPEBDjOQGKfDgEw1jT9crcjeWD4K5XOvlgzISA/Dr5EEPPPiLzwfKhCkhTfcELlA8Wj0fJB3ez0opHk3zoiYfafUkE8jrpUMVDCfiV56EMh8t1HSQIARkCa38FMXKYHz1Hkg6eR4WfqwXJhYXv4ocw91kk0G6z9Fsivo/mzAlLCL+PTm64O5ZOgNRMDKN8J4p86AuIvnzY6OpzlLoXVT5KYBlXrMgHfVdN8hG3EmbJ9EwT8sU8H37LN6N87T6cPdOy6xW/uJXyIZFIJM+GlA+J5IXQgDqSj1qSDy4s55pzkf3g4vIa4j7w4NR9rPQthd8ADyT3C0PW6/HI7hCL3K7xyOkWq9A1jtoYamk7ref3SEB+90Rq43UtrRM5PWKR1j8Syf+MReqMRYhzSUAkBeQx7pGIcolECHe7WhAHD594kg4Sj6BYOAVy3cfzlY+JDu6PkA97fDTNEX+d5oxeo2bA/IMJYr6PVz+dhVc+s8NrI53RZqQLjMe4wmg8QfJhRPIhRr0yIB+c/RBdrxw1dR+uSvbD3IPrPhKaBESVD550UAy5+wzdrsSke3ryIYJbXeajCY2AqIXnKqo0CJ5BPqxJYJrPJ3gkK5IPHnlLW+NhE90sH9ZRJBsGMh6qeDyc8SDoWSjZjswmuD6DxUM8NxYOFXqWKpaPEA9GlQ+tgAj5EALCWRMFkUXRCIjIuHD2RU9A+H5V+VAFxJoQI5TpCUjTIAG0bBvJMkLyEVtMKPLRLprkMHqlkA+TRJ4RPU+MdhW8agfyy7fg60PHUVurdLt68IBHhqCfMi1L+ZBIJJJnQ8qHRPJCYPmoQ7UqH+KfTnXicY+4CBzJ/gIBb8xHVF9fLOkZhYKuqciwiUZG50ikd4lARleiS6SujaI2EpndiK5RLdoMpnsMkrqHIGZECFLHxSPZLh7RDuGIcAlDBAXlwR4xotuVh08cXALi4UDy4RAU/ULlg7tecd2HIh9z8SG1/57pgkFjZ8H2w4kw46F2P56O1z6ZS/LhhFajnNF6jAvajCMJYfmYRPCEg2LSQS+YsHzM0mU+WEC49sMhBKZOSt0Hy4eS/YiB6bz4FvJhtpC7Xj2rfCgCwoXZ+t2ueAQpHllJlQ/t6EovUj7UYXStuHj6IfloFg/mkRkPTY1HU8aDULtZsXRYazIeVnrioWQ9VPFIE/Op8DM2hNlCRf5UOAulDgJg4cPdtdIfEhAhIfT9GBYQvu/m7IdAJx88L4sh+RCZKh7xi5YV+WARKW+SDwt69uYpK2h7LgbGpAv5yCvbgi2b9+Datevid33/Ps/+qcjHw795iUQikTwJUj4kkheCMpxuNamHaHlUK8563CFuAVf2XkLc+2Hw6+6BuNcDsahDGHLaxSGvYwKWdA7Doi6hgsU6lnQNE4h1bnXrCuFY8no04roGIaK/P1I+jsLimXGIs49AmFMIQtwj4O8RJeRjvm88XPxjYR8U89zkY7LLfEwhAWFYPiZy3YdGPniuj8+n2eHjaXPxwUwnvDVpLrp9OgUWH0xCmw9JQD6dg1dHOuLV0c54baxOPiYQLB+T54lJB42mLoCxTkBMVfkQ2Y9gEpBQmDmHw0zNfujJh6kQkOcgHzwalC7A1ZcPVUBeFvlQxcOQfIi6CfpMqnhYBSvyIWZ6F3UWFPCTdFgGZdDzYfEgMfAnyfBTENIhWlr3WQJLLxIIZiGJBUsGP+tHYLaA4JbXddkolhYLb5IXH/pefFlC+P04y8LvzQLC34muCxZ9LwosICxP9Jl0sID8knxwtyvr6GJYxC6DRYxGPmJWKQXnqZWKfEQvhf/yLShasQMrKzfi5MnvhXCotR5cgC6LziUSieTZkPIhkbwgaklAuOKjjrh7956S9SDxwLlGrPeuxMLXXRDcYQGSSTaSrIKQ1yEeqRbBSOkYjKROQQZJ7swEC1K6hCiQgKR0i0IMbYvs4YXE94KQNikayfbRJB9hCCD58PIgSD4W+ibAxS8GcwIjYRccBQd/RTxYOrTiwdKhigdLhyIeAZjh6ddCPqa6LRQCMpUEhJnk6IFJnP2Y69rU9YrlY9QMe3w6fQ4+IAH5xwxnDBw7Czb/ngDTj6bDiIvORzvgj2Od8co4Z7Qi8TAiTCaSiEz0QOtJniQg82E8bSGMZ3jDdJY/jGcTLCFzeeQrJfvBAiJGvnKPbpIPRisfoiaB/5WeAmcLDqJ1tQWMtptRc7Cr/Cu7GO0qjIJ5XdZDIILblt2u1Dk/GKVblIIQEE3Nh1Wsgr6ECMnQbdPHiq6hTh5oKbpblcMyulRMevg4+bBm+dBJB3ezEoXbahcrTcbDJlAHi5gI+kkGAkjWGLWLFGHtlwYrX1rm0cP4mS4giZhPz5fEQh1hTB8e8phbtQ6HUfbx9kX03ZC8CAnhblgsOUp2RSlITxcZGOsQ+p4IRRD53kmiNAgJYTnUiaEqIKp8sIiImg9aNo9ZBnOSEOvoMiEfbXUF51zzYRmXiyFxmaLgvHT1HlSUrcXevftQU0O/ZhIPlg6WEHXIXYlEIpE8HVI+JJIXRE19HWoa61GPRtTV1inycQdidKuIt/3g094FsR0Dkdo+HEtsw5HVIRrxZr5I6BCIuI4BhumkEN8pEPGddXQJRlyXcESTiER39ULMoAVY/GkwUudGIZQCcl+SjwUsH/Pj4OWTAFchHxGYGxL5G8qHHT6bPhsfT5+LD2c6480Jduj84RRYfTwNxiPn4JUx9vifcU7403gnvMbyMd4ZJtQK+ZioTDqolQ+TR8gHZz9M3RT5UAXEkHwooy0p8qEKiCH5ULr6NMuHmvVQMx8sH/qZj99DPh5ZcB5F96uRD0v6LDyJopAOnXiI4W114qEMd0ufXWQdSDL8STz8deLBdRoMSwdhxV2nFqYI+RDMJ5lgqXgM5pyN0tG8nc7VCEhTdkqFvieWDxuSDubXyofIfNAzsqBn9UTyUb4W69dtwI0bN5qyHXK0K4lEInl2pHxIJC+I2jouNG9URsjheo+7jcDFRqz1L8fCbk6I6RqAlA7hSLEOxZJ2kVjcMRzJnYIQ294PMR0ME93etwViWwd/RHYIRgwJSExHb0R0dUby37yxaEY0wigYX0jiMc8jnOQjFt4kH+6+OvkIJvH4reRj+hx8Nm26yH58Stvem+yA3p/NgO0n02BC8vGnsfb4wwQn/HGiM16d4Aijcc4wJYwnuCnyMXk+TEg+THXyIQREdL0i+bALgZljS/kw8YxrIR+mC7juIwXm3osJZbhXlg9tcbN24jse5UmVD9ElSVPzoQqIEtxyUKvIB6POqv1r5MOQgIjjnyDzwXN6tMh8cLG5Kh5c58HyQZ+HZ3O31GQ8mubZIKwCSMT42WiyHaJAnOszSDjEc9RIh5hNXkBSQc/8UZjRd6KFj7eYz0JC5y7g6yoCIupHdCjysZTuibuAkYCI7+XZ5UOp+VDlg7bR99RUcP4I+Vhevg7lZRU4ceKE+F3LblcSiUTy65DyIZG8KHh0K/KN2uo6pd7jLnDj0CUkfBoC3y4uSOgcjESrECQTibaBiLb1RmK3QEU02vs/RHQ7P0S19X2ISNoe3p7ko2s44tp7I7ydPeJHeCBpcijCXaOxwDMCHiwf80g+vOLh5hON2QHhmPObysdsfDp1KjGDBMQO/yL5GDJ6Ntp/Mp3kYybJhx3+a6IT/jDJGa8I+XBsko82Tygf5k4PywdjIgTkYfkw58DWgHwoAqKMtNRCPjQ1HwIR4FJwG1kqeJ7yoRUQ9djHyUfTJIJiWF26T8IygoJywprkQ9y/TjwE6hwaGvmwYfnguTb86LP7UfDvm6rgQ3iTaOjQdp0yn8fCocOTJMMj9rGYuccIeNmSvhshLNxlS4fIpGiK0VX54QwMdwOzDkqHTXCGTgyfVT4eMdrVo+SjYh1KS8uwffv2pq5W/JKZD4lEInk2pHxIJC8IMbQuJz0ekHnUUqBysx6HS/Yh4C13BHb2QHy7AKTahGNJ+ygkdwxBRMcFiOnmg5iOfojtEPAQqoCoqPIR0dYPIe2C6PxQJNh4k8Q4ILq/E6I/90GIUwTmeYbDzSMMCz1jhHx4eEdjFsnH7KDw31Q+Pps2DZ9OmYbPps7Bh1Mc8eZ4O3T5fBZMR83Cn2j5/0xywH9PcmqWjzFOj5UPLjxn+TDVyIc5y4drFEw84poERJUPUy529lok5EOZ7E6RDxXzgPSH5MNCoHS9Yvmw1BU1M0phczFBwT8hJEQjIM8qH2rRuVY+LGNIPOg6j5IPHk63CZ10WISTbBAsHlr5EFkP3SR+YjZxNeuhEw8ebcrCl7MdqTD3IdlgxESNOkg61HoaMxIOU37W7rEwJYRcuD2MKUmwFt5mQeexgJjPIzEkhIDQd2S+kGVHJyA6+RBwNzASEFU+rJ5BPsT8LPy8NPN8sHzYRFc+Vj6WV6zA8uXLcfny5SYBkfIhkUgkz4aUD4nkRcETCYrhdUlE7jSg5txdLPfJxcJ+dgjtPA9JHYKwlMQj1TYM8R1JMLr7IrzzfES192khGSosH1oRacqGUBvaNhChtoGIsVpI8uGMsJ72CP6nJ0LmhmOhewTcPcKxYH40FnrHwdU7ArMDwkg+wp5BPlqOdmVIPnjEq/F2rhink48xMxwweuZcjJo5E59Pm47PJ8/Bp9Oc8d4kZ/QcPReWI2fh1XFzSTxIPiY74k8kH22a5MO9WT6mknxM94bZzEfLh4VzJAlItBIMU3CrZj9M51PAzIEtyYeZl5r94KJzHlWpWT5UeFI9ffmwpADeMkwnIOE8elQRLISEcKDbUkBE9oMC2xbyoZlo8HnLB3e3Yjjzwd2t1OyHVQQH5HTfXGSuq/UQnyuARINaLi4XNR68roqHTzrMfBcTnClKhgUJh+XCJFiRwFkSauG4mEvFnZ4xCwY9c37uFhp4XcXMOYqIFJgTvN+KzrOi8/k6xvMSSRJZEJUMlZl3qkAVDzE3CNeekIAo9R8sTiSEWkJIQHTyYRmpI6pYkbMYRUBsaZ/IfnB9TCzXe1SgQ8RytI2sJOlYBfMkfs7N8lGyZjdWVKwn8ViJ4uISHDlyRHS3kt2uJBKJ5NmR8iGRvBAaUM/F5tz36gHJx+1GXNl3AVljEuHfxRkxnbyQQsKxmAQkua0/4kk44rr4IKojyQPXc+hkQ4u+dAjx4OyHaIMQbhOA8LbeCO3oAd9u9gh8wwNxEyMROjcKXq6R8PCKgktAFBxIPOwDQuAYyPJB4kHyYcfiQcwl+ZhD8jGbxYOYRfIxk8WDmEHyMZ3kY5q7D+FN4sFD7S7EZJcFmOw8XzDR0RMTSEDG2bth3FxXjBXD7Tph9CwHjJo9B6NnzMaYqXYYNdUJ/57ojKHjHNBp1GwYjZ6FP4yfgz9MIvngovOxjjAa4wyj8SQfE0g+Js2D8ZQFMJnmBbMZfjCZScwi+Zijykc4yUeEgANdERDzv8STgFh4KnUF5gt4volFMCXMvNJg7rOUBIRHVMpQoKC2Cc58iK49ChYUuAvEaFEUzIfnk3hwLYWSCbEOL4Y1TzwoakB46FsSEA08GaANSYNNvIIybC6JiIqYvbwl6jGiu5VOYlRYPKxJcKxIPqxYPoR0EJEMSwcF4poMiEUY37fyGSyD1S5lJBtcQ8GZHhIuK3+lwJuzHsZ+i2DMmQ8SARt6du08kwQ2JAksHqYLE0jo4mFOz9iannc7+yi0t4uErV0ErOwJh0hYOpJkOEUR9J3w92MfBgvC2iEM7Wh/B9rX1jkaRu4xeHVeHFotiEfrhYkw8k6CsVeKwNSHJIgw59G1eJQtMeQvz6yeCWv/LFiTNFlzBoe7kfGQweK7KYAZSRdjElkIY5Iyk5hiWJCIdAgtQSeiPYlih4hSdI4ox+uhy9E5rBLtYkj44vm5ZmNYXAbJxwYsW71DV/NRiRXLV2HduvW4ffuubtQrznxAh6H/BkgkEonEEFI+JJIXQANJB08wyIhRrm4AZ8p+wKJ3ohDWzhNJHfyQ2sGXBMSHlr2R0GEhEkhA4mmbKhZa6TCU8VDlI9rWF3FtAxBp44sgup5f1wWY39kJQf08kfxhOJKnxSKAAkEX7wjYhURgTkgYSUgwXFlA/J6PfEwi8WAmCPnwJPlwx1g7N4ye40LS4Uw4YCTJx5jpczBuqj3GkWR8PMER75J89Bw9GxYjZ+AVEpBXJtjjj+NJQMY4ofU4V7Qe7yEwmjgPJiQfpiQfptN9hYAYz2wpH2aOHOQSFNSau8bA3C0WFu4kHx6JsJyXAsv5i5oLmxem6QREKx9c96FDl/VQ5cM8RIEDePMwCuI5oOduTSQginwsE3C3HluuLSApsBHzb+iIZQEhEYljCSE0XbAehXZOD0YrH9YkH6JrF72P6FYkpIOI4KF16Z5IjlT4PvmexX2HZtPnIPlggjm7Q9IRyBkFrq9YRPJBz4ikw8SH8KZntiAFbT1JPtwTqU2EFWcoSBKM5sfB2DOWnjMJhEMEuswOR0fCenYYLOeQZNjR92HP30mYGInM2CFEjEpmZhdEchJMkhKK9iQitg7hMKZrvOYZg9Z0zTZ0bWMSEJOFyQJtEboVfVdWPhmwIcTEhmKuFnWAAPqudN8PF9ab0+c2JfEyEQJSBJMoJQvSIaxU0I7EQ8hHGMlHSCW6knx0iCbpi6PvKCoLw1k+ytajaNV2VJB8LK9YjcoVa4jVOH3qJ/qNg+SDf+tSPiQSieRpkfIhkbwAWD4ekHrcp//fWEfByaUGfB2/H2G9vRDRfiGSO/pr5MMLCR0XkngYlg+tgDxKPuJtaZu1L0LoGn5dF2JhZxf493RDzDu+WDQlDsGO0XD1ioRdEBEWDrfAELj5/XbyMZLk4/NZszF62myMnWKHcZPt8elER/x1ogP6jJsD65HT8eooEpBx9niF5OPVsY5CPlqNcxfywdkP46auV74C45nEbO56FUyBbqjAlIJZUxItM5cYmJGANMtHkjIiky77IfDiYXfTm7MfGvkQwaxGQH5JPlQBEfIRaUA+CJaPJgExIBv6PK188ESC6rC6j5IPFg+tfFgELhXyYeWvyAeLhxWJh838FNiQsFlRy0Pomi5IgNFChdbzY2FEsmDqHgULZ850kETMJeGYG4I2JBatHILR2jEErzmF4FXGOQR/cg7CH50C8QrxKi23cg5GG9pu7BQKc6dIWJIwWtH3ZeMWBxuPhCZs6R5sSRrbkiy29V6KdgS3Fv5LYRxEhKTDJDQTpiGZMCex4u/HOixPTBBpE5IPW6JdSAHahxaiLX035vS82sSXoXVCKYyptYgtF12u2kYpXdwsEspgFZ0lMh8+peuxbKUiHysr12HF8tXUrsW+vV+g+kEd6upk5kMikUieBSkfEskLQM183G24j8baRlT/9AAb51XCt7MrYjqzdLB8+JOE+CCxI2c+vIV4xNM2rXQ8Cn35iLWh1toboSQfgV0WwqeTG/y7OiN4gDuSx0UjzD4anl7RsA+IgENoFNwDwuDiE/ybysfImXMwaupsjCH5GEvy8flkJ/xjsjMGTbRH+9Ez0eZzEpAxs/EqCcirY0g+xvKM5ywgbiQfHpquV94kHz4wnuErul4Zzw4SAsIZEFOHMJKPCJg6Rwv54OyHuXs8LDx5WNdkmFMwzaj/om7urWQ/WECUug8OyJsFRM2AWDxGPtQidFU+bCKJKKXGgBHioZEPgU4sDPEs8qHOYq7IhyIdlhSEM6p4mIXyZ1Dkw0JkPTJgyfJB4iHkg7MeJB5WXilo55mM9h7JsCTxMFqYiFe84/FH7zi8tkDNeETDkms3nMJh4hSGNiQZrRxJOuwDSUAIuyANAWhFvGYfgFccSEAcA4WM/MklGK8SZvSd2dhHoK1TDNq6xKKdWzxs3RNgTfJhTdJotYAkSGQ/ltA98ihcaTAJSEPrECI0HcahGSQgGTALo88WlkOfnQUkV8gH01YnH7b03RiRcPwpuQx/TCnDq9QaJZTDKnYlPdOVJB6VME0qg2VMs3yUVG7H8jLOfKzBqpVK96v16zbh6tUb9DtXxUPKh0QikTwNUj4kkhcAy0cN6nCvnuSjuhF3f7iDklm58O/ijriu/kjpFKCTD1+SD59fLR9x1j6IIfkIa++DoE5e8O/oDv8OTqL2I+7DYITNjsGChXFw9I+EQ3AkyUc4ycdv2O1qliNE0fm02Rg9ZS4JCMnHFCf8ixgxxRHdxs6G6WfT0GrUTLQaMxevjrbHa6MdadmFJMQVrbnwfJJSeG48dSFMpnsJ+TCe6S+6XxnP0QmILvvBXa9MudBZFRCPeJh76kZUIszU7lfenP1YKgSE5cNCT0C03a9YQFg+lK49SmBvqTcClhAQPfkQkHxYaQVEIxv6/Br5ULMeTfenyocQD518cMaDsCL54NGj1KyHJYkHw/LRloL+tvS8eI6UV70S8AevOPxxYSxaecaIYnFbx0jY2ofD3CEUrzmH4P91C8QfnFkEfWE20xcW031hOc0PVoTlVFqfpnSVM5nljzZz/fEaCcgrJCCvOtN35hgGK/rOrJ2iYU3fl7XIVsXDlEfS4i5Y3skwJjEyCliMNkTrQGqDlsAoOA3GIUthSgIiCMuEWXg2zCPoewpndILIMhZRIGo+TOPK0DqxDK1IMtoQZgkVJIcrYUPyYamTD4vYLAyNb5YPnuG8onw11q7ZiJLiCiEhJ0/+KGs+JBKJ5BmR8iGRvBAaUEv/u19fTfIB3Dx6A+mjUxDcbR7iOpN8dDAkH35CPh7VxYp5lHzE2ygCEt7OG8EdFiCogycC27nAp8MchL7jhYhpsfD1SoKzbzQcAiLgTtLh6h0CJxKP30I+Rs92wtjZ9hg9nQSE5GP0FDt8OtUB/57qiD9Pd0afCXNh9ekUGH8+DW1GzcKrPOv5SDsSEGdFQLj+Q5P9MCIBMZ7ujTYzfAiSEJ73g7tgabMfTjy6UpROQOJgxgIyj0dpYgnh7EeqLvuxRGRAmmo/ePQrrYBwFkRX+8EjRmnlg4vPLUJaZj+sdUO8WlGwywg5YHQCItAJhT7PKh9cZM0oEwqq96bcq9plzCyYAnOdeIjhhANJuALShHhYUXDP4iHm8uDRrRYoI1q1WZiAV0laX5kfg9YeJHMuUbCZG4b2s0LRdhY96zmB+B+HAPxfLn74fxx88Nr0BeL7MZs4H5bjF8ByHLVj58OCWtMJ9J1N9carM33wP/Z++G8nOpcExNg+BFZ2YbBxiGwSEEvxfRELEmBKf7cmvqmiCJ4FhDEmzAPpOwtaSt8LfQ7CIoQ+VxiJIokHI4rs+VlEKPLB30n7yHK0jaLnRs/PlmgfXYFOkavQMWoVbB7R7aqsZLXIfHDNh1J4vhr79h7EvXv36Xcu5UMikUieFikfEskLgeWjBrWNtQDJx7WvryLh3xEI6uKJmA6+SO4QSPIRSPLhp5MPJevxa+SDEfLR3guhHecjtJ0r/GznIGCwJ6ImxSFo4WK4+sSRbJB8kHC4kmw4+kX8JvLBo16NIwEZM8MOI6fOxudT55J82OHfJCF/m+GMwZPmoN0nk2FGGH02E698OhP/89lskf1gAeHsR5sJ7iQfuuwHd7+a7gWjaSQg031gNNOX5MNfKT63D4OJqP3g4nMe1lXtfhUHcx75qmlOCa18cJcenXwQnAVRJh5UUGc7t/oF+RACoicfgt9YPlTx0JcPFg/zIK5vUeRDTN6nEw+tfJh48ahTiWjtxTUecTDSiYe1QwRsZgbBdlogrKf5w2y6L14jmfjDbG+8Mm0BTMd6wGqkO2w/c0e7j93Q4SM3dPzAFe0/dEPbj3nfPJhM8KLvjM6b44/X7AJhQt+XuX04LBwjYUmyaEnyYcHfF2HpmSC6fll40f15L4K5j4Kl72LY+qWhrf9StAtIR9uADNjS92RDn9E2NEfUfFjz8ML8PXEmKELpdtUtlEe3KhejXDFdI5aje/gqdCUBaR9TCav4MnquWRhB8uFXomQ+SopWYvWqjVhWVCayHywgGzZswpUr1+h3LuVDIpFInhYpHxLJC6EBdfS/+oY6MbP51YOXEfVuEAI7eSK5azBS2gcSAWLUq0QigSQkrlMA4joGPlY+DBHTls7lug9bH0S090EIyUdYu/mItPVAWHsXLHjdEQGfhMDHNQluvglwCYqHe0AkHEksxBwfevKhFZBfIx+qgIxRh9zl+T6mk3xMm0PiMQsfTpmN96fMwT+mOeCdqfboOXoGLD8YD6OPpqANz3r+6Qy0Gu1AcPcrJ7QZxwLiIbpftZk8D8bTFsJIdL/yJvHwE/N+mM6lYNYuGKYOocoIWEI+ojXyoZuNW8gHT56nTGinykcTOvlQBUQrHwwHtow68aB+1ysxyZ0m86HWfGhHu1LlQosqIOoyw3N6iHk9dOLBw+xaRZeJ+UQsSXJ4PgvtaFdqtytVPnjZilu+fzHMLn82/ow8rO5iIRxNkwfSs+F5UYxJOFp7xqCNG3dfU4bMtSKZs7ALhSUX9/M8K5O9YD7WEzYjPdDxMw/0/NADg/7uhjf+5oF3/z4ff/+7N97/mw8+/Lsv/vGeF979y0LatxBD/u2Dfh/5ouenfugwmkctC8af6JqvOUXAiCcg9IwXwsHF7pY8WIBnMmw8UmFLtPVchHbzF6PDgjR08cpAZ8YnEx19M9HBL5skJAftSAhtwwthw0X4UUWwiF4GczHPRyk6hpaiU1gZ2keWoUNUOTpGVZCArELnqFVoG9ssH2/EZsCf5KOc5KO8eDXWr90spKN4WTmJCG0vX4Hvv/9RFJ038GSi9OJ5P3gIXn6pExFKJBKJ5GGkfEgkLwSWj1qxzPJxZfdlRL4TiJDO85HcJahJPpJJLhT58Bfi8TzkI5TkI6LtAkTZeCKinTu8ujjB558B8HJMgLtPMpwC4uDiS/LhE/qr5YMxJB/jHXiuD0PyYY/Pp8/BJ9Nn48OpM0k+ZuGfJCB/nWyHQWNmoMOH42H64US0+XQq/sQ1IKPtWsiHmPdjIgvIPPDIV0rtB8nHTJYPZeJBM4188EhK5vyv6TyjNskH/0s6yweP4CQERDubtp58NAmITj4EOvlQBeRZ5UMrHI/iRciHMiztw/Jhpp04kIJ/nn3cgp6ZGIXKMRLWPIIYPU8jxxC8ah+A1lzXMWEhun3iiRH/9MQHf6bv/y0vONHfuOfbwfD6cxgC3olCyJ9jEPrnWIT/JQHBf02CH+H513g4/DUOs/8ai/H/jMY/Rsdh+KQYDJ0Ui0HU9pkSjR5El+mx6GKfiE6OSWjvQtLhkYa285fCloTD2ofvn6Dvx5InSeTJEoP5e6HPztko+j7MmbBCmAmKYBq2DLYkGPxszRMqBJbxFWgbvRI2MatIPJRuVywfb8ZkIGjZeqxYvh0VhatQuXwtykpXiJoP7nZVXFyGXbv2oLq6WshHba3yW2dYPPjV/N8CiUQikWiR8iGRvBAaUK/Kxx2Sjx2XEPmWP8K7eiGlczBS2mnlwx/xuqzHM8kHEdvWB9FtvRDWwUsnHwsRY0MCYusJ704ucH9rITxmxJB8pMDOLxZ23hFw5uLzXyEfqoCwfKgCYkg+mHGzXTBuhmML+fho2kx8QALy78kz8a/Jc/D2+Nno/slkWLw/Hq0/moRXP5+B10bNJfmwR2shHy4kH65CPloTxlPmi+yHMQmIyUwfmM7yJfkgCZkbqAy9q5v13NwlAhauUSQf3I2HC8912Q+esZvlQ5f9sOQRr3TywTN9M6qAWPMs5zoBsWbxUCXkGeVDyIQmy6F2tTLU3erXyIclISSJ7lWVD+5yJeTDj+SDuzB5JYtZyy3mc5c0ei4kHu1c49DRMQbt7SNEYbkliUcbEo8/OgTgv2Z5odWUBegw0hNv/42+7+HzMb+vF6K6+2JJzxBk9QxHfq8oLOsdi7I+CSjvm4jyfikoH7AIZQPTUDwkHUUjslD4Zjby3snB4r/mIP6fWYj4Zyb838+Ax0fpmPNZGsaNXYr3Jy7BO9OXYPDcNPR2SkdXtwx0mEefwTsTrQMy8VpQFloTRsHZMCb5MAnOh1lwASyC6bsIoecSUgLb0FK0DaXnFV4OU3qeryUpI169QryWWAaT2BW0vRKmiQwdR/LxFslHMMnHqvLtqCxajYqyVSgvWymyHxXlK0lElqOiYgWuXbsufuM1NTVNM57fv8+1IIb+myCRSCQSRsqHRPJCaADnPtBA8nEbuLrzMmLeCUbU6z5I7hhE8sEEknwEkHwEaOQj6KnlQ5kR3RuR7RcitKOX6HYVaeuFWGsvRNvMh09HNzgM9oDjxHC4UqA92ycWs70i4BQQLcTjaeVjuoePQBUQtesVM9FpnkBfQMbPdsX46Vzz4YjPZs7FxzPm4MPpM0hAZuCDSdPx4aRZ+PtEO/T/fDqs3x+HVh+MJ/mYjtc+n4VWXHg+ShEQHn63FQlI0+hXOgFp6n41ywcmnAGx47k/ePJBEhDncCEf5lxLIGY8j9N1vUqkoJsCby+l+xVPZGfpTQLCI19pJYQExFr86zqhExBVQsSM2o+QDyEdhDrULtd6qKNdWcSQOOgERJUOWwp+mecpH4yQJCEedP9iNnP+XPwZ05TPretyxc+Ei/K52Lu9cyw62keh7dxwMY8Hy1ybOQGivqPVeE+0+8wDQ//ujlHDPeDZez7iO3shnf4Os9sHIq9jKIq6RKCkaxQqusVhebcErOiWjMrui7CyxxKs6p2B1f2ysXZAHtYNysf6oQVYN6wAa98owsp3lqH8r6Uo/GcZsj4oQ9JHJYj8tBSBo0rgNaYEnuNK4TK+FFOmFeOjuUX4p0Mh/uZYiD+7FGKEaxEGeRah9/xl6OZVjA6+9OwDS2EZUg6LsHKYh9Ozi6wQz94krgym8WUwp+drHbOSnu0qmPNoVyQfVjFKtyvOfFRWbMeq4nUoL1GkgxFF5ytWY9myEhw9ekw323m9yH7w68GDB6I1/N8FiUQikUj5kEheCA1oRD3JB0UhJB/X9l9B0l8jEdmNJxUMRGrbYKQK+QjUyEcQEfxM8hHV3hvhHRYgpEk+vBFrRfJhvQDeHdxhN8ADc8aGwHFBCmb5xmG2dwQc/Z9NPmZ4+rYQEJYPFc5+6MsHM2GOGybM4K5XOvmYORsfzZiOj6dNxyeTp+GTSTPx/iR7DB8zE+0/nCjk45XPpuG1z2YRc/DqSM6AOCgCMk4RELX2w2jqfLThDAjJh/FMXf2HXZCQD3MHJfthwXULLB/usUI+uGuR+fwE5V/8BSmw4LoPlg8hIIp8CPw4U5Al5EME8BoB4W4+Vo+QD5tozQSDOvlQUcVDFY0XlfkQ2Q/dvYp7F92t0hX58Fmi1Lzoulyp8sHF3lYu0bB0CIc5D11MiJnkp/jAevR8dP2XC954xwWfDSap7eGOkE7z6G95AdLaeiOtXQCWdghGZudwZHeNRF63WOS/noBl3VNQ1nMJynssxYoeGajskYlVPUhAumdjc69cbOuVh119CrC7XxH2DCzF7iHl2D20AnvfWIk9b67GnrfXYPc7a7Dn3Q3Y9d4GrP3nBhR+vBaZn63G4lGrETNuDQInrYbHjNWYPWcVxjqtwgduK/HuvJUYsmAF+notR2+vcgz2qsAg31L0JSnpFVyGHiEV6Bm6StR9cM2HpW60Ky449y9ej7IV21FZug5lJB/c7YopLVlO8rEKJSVl2LhxE+7eVTIdnP3gVq37aPnfA4lEIpGoSPmQSF4IHIAQNSQgt4Abh69jyfsJCO/iTbIRhEUkH4v05CO2E4kH84zyEUbyEdxCPrxJPrzg3d4T9gM8MXNUEOZ6JGJ2IOEbhbm+ykhXzyIfqoCoXa+08qF2v2L5UAVEkQ8XjJ3pRPJhhw9nzcKHM0k+pk/D51On47NJM/DRxDl4Z9xcdPlkClp/MA5//HQyXv10ppCPVp+TfIjsBwkITz443hmtJ7mh9WQPtJkyT8hHi+LzuYFCQMwdSECEfHDXKxIQ9xiYe8Qq8kHBNnc1slhA8kFSxvJh4bVUyAfPfK4vH5z9YFoIyDPKhyoYj+N5ygffs1Y+LH25y9XD8mHqHkfEoBU9qz+6hOCPzsF4zT4QJtN90W7UfPT5mxv+NsQJ43s5wbmzC3zbuyC0rRsi27ojxnYe4qy9kdDWD0ntg5DcKRSpXSKxuEs0lnaNR3a3ZBR0XYySrulY0S0La17PxfrueajqkSvY0iOPJKQAO/osI4qxs28JdvUnCem/HHsHVmL/4JU4OHQtvhy2Dl8PX49v3tiIr9/aiC/fqcLev2zCzr9tQtW/NmPtR9uw/NNtKPp8K7JHbkPaqC1IGbUJURM2wm3mGkx3rMRY1+X41GM5/j1/Od5buBLD/VaiV1glOsSUoW2UIh8Ly9ajcNV2lJevRXnZqib5UCABWb4SZWUVOHXqjJANlg5VPNQuWBKJRCJ5GCkfEskLgYOQOuA+T/JB/3dMmecjsOt8EotApLQLJQGh4KxdMAVqgYjvyPLhr/DM8uEl5INrPqJtvJrkI6DtPJIPL0wYG4qJ8xIxNTgZ9n4xsPNi8YiAnV84iQiJBzHHh8SDmO2tLx/BJB9BJB+BLbIfj5MPbfZjopAPV5IPZ4ye6YBPZ87Gp9Nn4LNp0zFy6gx8PmkWPpo0B+9OtEOPz6fC9P2xeO3jCUI+Xv10tiIgo+yEfLQh+eDsR5uJbmgzieRDb+Qr41l+MNHJh6lDcFPdh7kB+VC6Xunkw2uxgnfzbNocpLOAWPsrI1/py4d1SB4JB3e9KqCWBaSQ5IMkJKIIthr50BcQ2/jmDIdNnKbVZUN4WWRGSDaEeJBw8HJL+SgV4mEZSe/ZJB/NkwyqXa64XkV0G+PsDfEo+RDPRCcfr7pG4L9cgvF/nILw6hx/WE/0Qr9/uuHvgx0xvZsDPNo5wMfaEf42TvC3dYZfOxcEkoBE2CwkCfEVf79xnYMR3yUUSZ3DsagrC0gcsrokIq9zMpZ1SkVJ58Uo77wEK7tlYFW3dKzpnoV1PbKxsSfJSK88bOpdiG0kIdtIQnb0K8cuYnf/CuwZUIlDfVbg294rcbzPKhzvuxrHB6zD8cHrcXxoFb4bsRnH3tiCb9/aiqNvbcfRd3bim3d34cA/dmL1mF3Im7wDaVO3IXH6FkTO3ISA2ZvgYVeFGQ5rMN51BUa5FGHOvCJkpOzE5uwviR3YVLgZGwo3YuOyjdiwbD1WF6zEhuUbUFFUgUP7DqGaf+f04nynqPaqr0Ujd7ms18DrBP/3AQ31QCMLitrSfyuIRtTS+TU6aulKdQT/j6+rgS9B7cP/3ZFIJJKXHykfEskLgeSjoZbk4x5wtxH3z95DhWcxFvSkAK1rIAlHOBbbRmKJDQVmbUNE0XlsFx9EEywiCSQo8e0DBHHt/B9LLAtKez+Ed/RFaCcfEhEvJFovQLw1F517I4IEZFbPBfh4YhQ+9EnFyKAkOPjFwcUrEnN9IjGbBETgF6YjBLN8STy8Ca8QzFxI6wvCMHNeKAkIE4gZ8/0wfZ4vpnn6YKpH88hXoubDkbD3EEywc8f4uSQeLB+zlOzH+OmOGDfNHmOnzMHoKbPxOfHx5Fn4gLb9lfb1HzsD7T4cSwIyjgRkBv706RwSkLlo9bkd2oyyh9FoFhBHmExwgQkJiDEJiMnU+TCZvhAmM0hAZvvAyM4PxnYBMLEnAXEMgZlzGMxYQNyiYOYeBVMWkHnxFHiTfHhR8M11D2IELO6CRctenAnhOhCSEZ800U3Jyp8kJFCp/7ChgN6GR1firIKAA30eVYrnlsiHBcFzffBM57bR5eA5OWxjKlpgQyJhG7scbRmSkXZxK0QroGVbEhDeJ47jc0hCbLlonUWGa0no2qKwPYLkQ1AAG35flo5QuqcQ7ipG9+mfDWs/kg7fTAFndcTM7iRZqnyIDJAnj3AVS5IWDWOnCLzqEII/zvWnZ+uFbp954t3h9hjXcTpczadi4f+Pvf+Ob+u60sXvP9/fvYltSSzoYC+imntN7DguiW11VrFXgCDYewdBgiTA3otIkRQlUr27xSU9cbozk2QmmUwyJTNzk0mZOIlt9edda59zSJCiZMWxfE3fk+TJQSMIQAA++8u1196abNToLag056Ii2I7qEMJIEFdBatARVI/OEHovhzURpum9HO7CcARhe30HJtZ3YWp9D2YIIrNRA5iLGsSxDaM4GTWGUxv24vTGCZzbtA8vbJrCSwSRVwgir26ewxe3HMKX7zxMGDmCr959HN+gfJsw8l3CyPfuO40fEEh+8MDz+OFDL+LvHnoZf/fIF0T+/pHX8ONPfRE/JpD86LGv4MePfwN/99lv4s0nv4nvf+6bBJJv4tvPvYFv7ngDX9v9Tby+66t4ZdeX8OX4L+MH6d/CT/PexN/XfAtvtH0R3+h8Dd/sex3fGvky3pj8Cr4x+2W8Nv0FvHHma/j9v/5O/K3h4sXLuEDwuEzYuHKBvgfOX8GV80SHC/R9cJEiEHIZVy5dogNBg74jpCNh4/K7uHj1T0SOtyh/ort7G+evvoN3r5ynI90vYYO7SngtLQ6xRfHMCt8/atSoUfPRjYoPNWpuSRgfF4DzhI/zV3HpNxfx5e7XUH1XOdrXOwQ+9gZ0YtLUQcd2Mf2qN8KBrkjHAj68AXIjhCj46Ah1wE0A6QquI3zUoC+gFt2BDQQQB/LurMdzGT34XOMIdrgGkefsR2ljN+GjC3kOCSB5DgkfeY422BoZHy7CR7uEjxrGhxuWKjdyaloo18dHOqewagEfaRTGR4qNIGJlfBQjJbsQyZn5SCSAxGfkiYbzrVl2fN5ShEfSbFgfnQrj1j3w3ZWNNbttWBudB584+wI+/BIL4Z9SsoiPTMJHVi20DJDcBvjbF/GhKWqFtrgdWsKHtrzTCx990NcOQEcAUfa54IjBOK8A1TAi8MFVENEjwb0SzQwQBR9yL4Uc0dgtAMKVB95Vm6sRRymEBU6XNFXKGyICHhSGx/Io1ym3ZXwsVFEIHmIjQ/odEj6kigfjQ4HHAj4c9HgppkYFHpPyxorj9NxHFqZc6SvoNSF46Es64VfQDh97C3xyGmFKqMCmp/PxuS1ZSDeloEKTjhr/dFTqM1FqzkFpcC7KCSB1gVwJKYcroBLuoGp0hNQSQurRE0qgDndiKIIR0oqxyHaMr3djMqqDINKFg5H9OBw5gCPrh3E0agQnNjBExnF2wwSe3ziFFzZM4+WNDJFZvLrlAEFkHl8SVRGGyFF87R6ennUCb9x7Et++/wzlLL57/zl8jzDy/QdfxJsPvIQfPvgy/v6BV/Cz+7+Mn9/3Ffz8/q/i5w9+Ff/08Ffxs0e+hp99mk5/5uv46WNfxT88/hX8wxNfxk8/93X809Zv4kc7v4Tvx38B30t6Bd/PfAVvWl/DDwpfx3fLXsO3q17Fd5u/iN8c+SWufO9d4KckgV+RCv6b8kcKffzB/efvEBDo9FU6zX+TEMvz0v+dp7xDeVvOu1cYIH8mZPyFcPEuIeMifX1cxNuXLxA+xPp5dJlU+eCvGGV2p1JRUaNGjZrVEBUfatTcklyhgcF5XDn/Fxpl0Pk/XsU/HP0RXJ9qREdUE0ZC3Jgw0+CL8DER4MZwMPd7NKM70omB8BYMhrn+KoDwcrudoU2Ej0bCR63AR6+Mj94gB2x3NeCZ9G483jCEz7UMIItSxEvuOhSAdIieDwaIneBhI3hwrql8VLXfEB9i2lUxRcaHCOPDXoHkPEpuGZItxUjOKURSVr5c/bBjF+Mjw4Znc4rEhoN3xWciYGui2HBwze5cwocNPrGEj3i58sH4SC2hlBE+KhbxkU34sBI+8prgZ5crH4UyPko80JZJ+NBU9CzBh7LPxfXwIaZfcfVDxocIDezfCx9SZYKhcBwmL4C8H3wE9CxWPRR8GD2H5J3N6fdRpL1HJHzwbua8BwbDw9xIEPHCh453dq8fg57xIaoe/dCX9wh4aIvdWFfQAl+bE4bUGoQ8W4A778/AU2FJSNInoECbjFJNCkp0aSg2ZqIkIAdlgbmoCshDvbkIDlMJWgLK0BpUgXZCiCe4Bl2hhBCCcV9YE72/mzFE7/GRyFaMR7RhOqITs+HdOBDRhzmGSNQgIWQIxwgip6LGcDqKIBI1gRc27sOLm6bE1KxXKK9tPoDXt8zhi3cSRu7iqghBhKdo3X0cX7/rBL5x90l8857T+NY9Z/Cdewkk9zyPH979Cn5096uU1/Cje1/Hj++nI+fB1/D3nIcpn6brOY/R5Y++jn/81Jfwi0e+gl98itDyGcoTX8HPPvdl/OSZL+Efd30Z39v6En6S9GX8quiH+HXDz/DH7n/H7/f+O/708u/xp2/+CRf/jsjAKPk3wsLvKYSSq/9DXqCvBjIFLl2WWsPOE0oucrXkIn13UC5fuETXMTgYKRfpyJOweBU9/sMGhasolzgqPtSoUbO6ouJDjZpbkiu4xH/FvPS2NLKggcZ/fP3fMbqrF+71dRgOcWGf2YMZYwcmCSEjQR4amLWhJ7xVTFPxxoc3QFaCB6c3qBldITI+QmrRH1BD8KhFZ1ADuoMdyL27EU9n9OIRGlQ/2tKPPa4h5NEx39GDwsZugkcnCuSG8/yGVuQRPDhS3wcBhPBhqSF4VLfdFD4yiharH4yPFEoiASQprwyJuSViz4/E7AKR+Cw7ogke29Js2JpViM/nFOORJAvCtydDuzNDTL1aF2OFT5wNvgl2gQ+fxCL4pxA8Usvhl1YB/4xKaLOqocmulfHhoDjhn98CTSEBhPChkfHB1Q/Gh7aqF7oaGnTL4LgZfEjVD7n5/P8iPkyi6nFkRXwY2/Yvwwc9XoKHsWFKrnpI+NAxPmqHoasigPHrUUqvTZGbwNYKv3wnNDkNCI0pwaZHMvFwRDyeMcYgXhuDLF0CcjV7kK9NQqEuFcWGdBQZs1ButKDGZEedSe4HCSSEBJWjNZgRUiUQ0hFEEOFqSEgjvd8d6Ccw7w1vx75wN6bCOzETSQjhFbKiCCLruRoyhKPrh3FChsiZjeMUrohM4iVREZnBF+Q+kdd5etadh/DFLYfxpS1H8GXKV+4kjBBEvn4XQeSu0/jOlufxvS0vUl7CD+6i3E25h/MifnAv5b4X8OYDL+KHD76EHz78Mn708Cv45/u/jv+8+3si/3H39/Hv934X/3r/t/GLB9/ALx95Az954Ev42aNfxz999hv48WNfwo8fJ5B85iV857kzeDPuHH6S8Sp+nv8V/Fvtd/FfHT/BHyb/FZfPvoWrr78LfJfw8DPCw38SSH5H+QOdpu8KrphwpeQKh3Bxhb5TuJeE+0DE5Csun1zmeV708xwVH2rUqFlFUfGhRs0tCbeM8rSJC7j07nmx0eBf/vEtnCk+DNf6SgwSFCYD2jFt8hBCOjAa1EGDMQ/ho53w0SbwsRJAVoIHh/HBzeeMD57u0hdYja6gWhrsNdCR8HFPE57M6sP9NKC+r2UAO1uHkdkyiIKmPsJHDwoauigdBA/CR50L9npvfLgIH203hQ+x3wcBxBsf6ZQUSmJ+JRLsZUjg3c6tRUjKKRT4iMtkfORhR3outmfYsTW7CJ9NtWHL7jQYdqTBZ3c2fKMt8F2GD9500JfxkS7hQ5NZJeHDUg8/m4QPbjxf7PsgfCxMvaLBttz3wdWPG+ND6vswNBFAvPBh4rwHPj7IaVe8epayd4g3Pri/hBvMOQo+GB4iXKkheHjjQ4GHtm6E8MVVjz4x3UpXTK9PQRu9bi3wtTtgTKvEhqdy8fDGRILHbuzS7EKCbjeSdNFIJ4RYNPHI909EkTYFRbp0lBgyCSBWVJnyUGO2oz6wAI2BxWgKKiWIlKGZ4iKMtAVXwhNCEAmtJYjU0fu8GaP0Xh8jeO+NaMdkpAfT6zsws74bs4wRyvz6PqkismEIxzYSRjaMEkYIIhsmcHbjPrywcQovbprGS5v342WCyBcor2yZx6uUL95JGLnrKL7MENl8El/fdBLf2HwKb9x5RuRbd53Ft+85g+/f/zy+f+85fI9Oc35w3zm8ef8L+Mldr+Hnm76BX2x6A/+8+Vv4xZ1v4Bd30/HeN/Dze76Bn97zdfzLI9/BLz/1Hfzzw9/Evz3+PfzqM2/gvz71Ov7rkZfxb596Eb947AX80xPP40efO4vvPnsSX/rcPF58Zhant83gbNw8vpB1Aq8Xv4Bveb6JX574V5z/4bu4/H8u4eqfCBbvAOf/9C6ukkIEPK5ekPFB4bIJVz9UfKhRo2YVRcWHGjW3IFcIH+/Sf89T3n73bTGAwG+u4s3xN9D9YAP6wxswHtRC8JCmX40EdRIuutAb1oHBiDYM0UBsOUBuhI8+L3zwfh/dPOc+uBae4AZ0BDbBencTnsgewt2OcWx2DePp9jEktQwjv6kfxQ09KKrvQhHho7C+HYWEjwJKPgNEwUcdoaO2FVk1rQSP5vfAB0XGh4jARwUSC8qRkF+G+Dxe8aoYeyyFSOAdz7PyRSSA2LCDMPIs4eOhuHSYdqTAd1cW/KJz4BebC994BR+84lW5tNkg73Yu40MrGs/r4Z/bSACRVr1S8MHTiRgfmjIGSLfAh57xUcO7nUvwuCE+uPoh40PkPfBh7jwimsIDGBwyOpY3nr8ffIid02V8GNzzS/DBj0HBh941JfBh5EZzggcvIbyAj7pReq4SPsTqX2Vd0BW66fVySUsVW+sQGFuAex5IxVMB0Yj13Y5Enx2I1+5ArH4nIWQnMjXRyPNLQBEBhKdiFejSUKTPJIRko8xoQZU5lxCSh7rAfDQEFMFBEHESRJqDy6RqSGgV3KE16A6tRx/3hYQ5MBjuxHAEQYR7Q+hzMEEQ30cgmY7swP7ILswSSA5E9WCOMRI5iGORwzi+fgQnoggjG7gyQhjZtI8yhRc2zYi8tGUWL285iC9smcNrmw5RDuP1zUfwpc0Eki0Eki3H8fU7j+Mbd53AN+86iTfuPolviZzAt+n8d+46g+/e/Ty+d/eL+P49LxFQXsIP7n0Zb973Mn700Kt4k87/kE5/785z+PaWM+Lyv7/zefzb3a/g3+58Gf969xfwbw8TYB59BT985Cy+fO88Tm0aw9yGftH70kfPtyvSiY6NTrRucqDr0Q4cTJ3F1z1fxm++8l8CIeL7g6zBzeq4KgHkKh2vEkJ4xayVvoPUqFGj5qMaFR9q1NyCSPhgepzHny9w3wcNHN4Cfv2Vf8dUTA96NtZikGAwEdyGyWACByGkL6ibBmFdNABz/1X46KcMED56gxR81KAzmAZ2ITzfvh4ecyNy72nBEzkjuIsGz5FtY3i4fQTRrlHYmgZR2NhH6OiWAFLvRiEhg/HByaPk1rbASpf9tfhYAIiMjwTGR0EZEuyliM8tRryMj1gZHzHc+5GWi50ZudieZsFnk7IRujsV/jvToNmdCU0c4SPOBp/4fPgmlwl8rCN8+CzBRxU0ltoFfPjnNctL7kr4WKx+dIvqh44H3mLDQRkdSmR8GBrGpHjhw+icvil8BBAQFHzwilfe6FgOEQUa3hC5ET54id2bxwelkU6LKVd7ZXyMQM+rejG+KghhvBIYbyjIr5elAebMakRsteDBqDhs89+G1Nu3Im3tNuzRbEe0fgfidDuQptkFm18cCvz2IF+TBLs2Bfm6dBToM1BkyEKJMUcgpMKUi+oAbkgvQH1gERqDisXSvM3B5WiheOh92kHpZDSHcW+IBJGBMCeGQpsxEtaCcULIBCFkX6QbU+s9mInsxGxENw5G9GIucgDz6wdxOGpYrJx1nHJiw16c3LgXpwgjZzZLGDm3mTEyixc3HaAQRjbP4RUCyaubCSSb5/HaxnkCySF89U5pn5Fv3HmMQse7j+Kb9x3GG/cdXci37z2K79xzDN+m675Nt33zvpP4u/vP4O/vP4efPPg8fnjPWfzkvlfwI8oP738Z373vHL605ShOhU/hYMggpkP7MBnZh/ENPRja1IW+je3o2dCGgSgPegle7eH0ub3Pgf0pY3hz37dw/pekj7cZIPT9cvmSqKiel79fLtCXC/eBrPQ9pEaNGjUfxaj4UKPmFkTg4yoNDq5ewNvc98Er0vBc7v+8gi+5zsK1pQS9kdUYDXdiLLQdQ4EeAkQ3RiL6CB4r40MByDUIIXT0B0pHxkd7WA0N5rzwYWyA/d42PJE1ii3OGYS6J3Bn2yi2to4hp5n3/BiAvaEbBfWdKG7k6kcbCggc+RQ7JbeumfDhQjZBJIuSU+N8f/goJHgo+LCVIM5ShPicQsTx1CvCR2xmHmIybNhN8NiZko1n6bgxIQO6nSnQ7EqDLt4Kn9hcseGgX2o51hJA1qZIAFGmXmkzCSHZNfDjvo9cB/xtTgkgBa0EkHZoipTG8y6p+sHhwXf1AIwEDiWMD7ECVv2oaMy+Hj54zw8Db+DnhQ8zYcDkmReVD2XaFQNEmXLF8Z6C5Y0Qb4gsokP5GQke3tOuGB96sbzvIj4MrVK/h8BHyxRMTfR4CSCGRqnqoaXnpBMbK1IYH/QaiI0Y6TXS5TZDn1mPiKQKbPlMBh4N2oHd655D5ie3InPNNiQTPmIN2xGv34lUXTSsmnjY/RNhJ3zYdCnI06fBbiCAGAkgxmwUU0oJIeUyQHg6Vl0AISSAEBJQDEdgCVwEkDZuThfTsaRVsng6FveGcEVkIKSJENKCkXCuiLRhb2Q7QYR7RDowHdGF/ZE9mF3fi4MbCCEbhnAoapAyLHKEMbJxXOTEpgmcIoScppzZSBjZNC3C1ZEXN+3Hy4SSL4gNDw/idcIIQ+TLnDsP4Mt3T+Grd0/ja3fP4Ot378c3757FG3cdwLfvnBP57pZ5fH/LIbxJWPm7u47hB/ecxtfuO4svP3gOr953CufouiPr92F/+Cj2RQxhb0Q/xugxD2/oxuCmTkoHhjby6l99mAnuxlRkF8Y3u9G+qRpDz7bjSx0v4Z1/fEusnHX5/GWcJ4D8hdDxBxLJ23TkRvSVvofUqFGj5qMYFR9q1NySXBHoePfKBbxz6V06T/A4T//3Z+AP3/hP9D7biJYNxegMr5L/wusmiPTTsYvgsfK0K298LAEIoWOA8RHYLPDRFl4DD09p4YFcUD26jI0ovLsdT2SMY3PTAQS2TyHSNYbHXaNIax5CbnM/bI5u5DV0otBBUfBB6ODk1jlhpWM2Jate7vf4K/GRytOuCrnyUUr4KBFTr+KtxUiwFCM+mwCygI9cxKTnYHdqJralZ+PelCwE7ObG82To47LhH0/4SCiAbwrBQ+CjQuCDNxxkgGgyCCFZ1fDn/T4IHxrCB/81XyOqH+3wlysg2lLCR5mED52MD+9pVwyPxcrH0mlX7wcfy3s+bgU+lE0FGR8MDwUf3CjP8FCqHtr6EWgJHmK6Ge/tQRAzFnfAlN8GY64TARn12Li9EPffk4gnjNsQ47MV6XdsQ+barUj13y6mXO3R70aaLhY5mgTY/JNh0xI8dOmEjwzCRybyjVkoJHgUmXJQYrQKfFSa81BtyieAFKDOXEgAKUZDQAkcAaVo5oiekAqCCL13eZUsSmcwISSoAb3BBOwQJ31WmjEURhChzwVXQ8bD22kg78a+yE5Mr+/G/vU9cvowG9mHA+sHMLdhWGR+4wgOE0aObBzD0Q1jOL6BUEI5STm1YRJnKGc37JOW9xUYmRV5ZfMMXrlzCq9umcard07ji1v240tbZvGVzQfxVYLK1zbN4xsbD+GNjUfw7U3H8J3Nx/HGncfx+r0n8MKd8zixfgpHwsYxH0qPI2wAs5T9Yb2UbsyE0eOO4HgwQ5g6GjGAw0EEqcAuevydGF3fAs/GWrQ+VI0vuV/ClV9ewNW3r+LyxavkkMv4byII7wyi4kONGjWrKSo+1Ki5RTl/4TwuEj7evXweF65cxJVLl8WmY1d/fxXfn/wKGh7IR/P6QgxtbkFvkBP7NvSjz+TCcNj18bESQMS0q8CWBXy0Ej54Pn0744MGb72GJhTf5cHTaXuxxUED4/YZBLXsxcPNo4hvHkR2yyBymnphbexCflMnCurdourB8Mj7APGRRPhIFJUPGR889cpKR65+iKlXdsKHBbHpWYhOTcd2On4q04qwuFTodiRCF5MJbYJN7HK+LqUca5LLvfBRKeEjvXwBH37WRXzouJehoE1kAR8cb3xQdEr/hxc+lvd83Cw+GAec5fjwzgeFD4YHhx+Hgg9dyz7omwkeTbyb+YSEj4ZRaOqGCR+DUrN9RTfho5Pw4YaZXhsT4SMkrRZ3PZaDR8Ni8IT2Oezy3YakdduRxqHTqZpdSNHEIE0bjyxNIqzaVORq0wgfi/BYxIcFpQSPcpMNFSa7wAen1iThg9NIAOE0mUsIIQSQwEq0UcQKWWLRBAJIcCN6ghoJIQ70hRBEQhchMkyflZGINoxSxgki4zSQ3xvZgYmILkxGdmMfYWR6fS9mKLMbBnEgaoAyiLmoIcwTSg5HEUooR6PGcGzDXpzYMEEg2YdThJDTm6ZxdtPMQs5t3o/nN8/iRYLHS5vm8NKGObyycR6vbjyM1wgfX9x4TOS1TUfwPCHlaMQIDhAmZgO7MRfSSwDpo/TQ6W7Mh3RROuk0p0OcPhLcg2OhBJAQglNID2boOUxs7sLQ/W60P9KIN/d+G1f/k75fLgB/ufgufnf1z/gzzqv4UKNGzaqKig81am5RrlySmkEvXn4X568yRC7j0sVLwAW67lcX8WLDPJz3FqItshSDkU6Mh7sxFup5T3xwvAHC+BgKkPDRTvhweeODBm4DeifK7nTj86l7cZfjMMztcwhsmcK9zhHscA4gxTWAjJY+ZDu6xGaDvN8Hr3h1LT6chA95ytX7wEcywSOJkmgvxZ487vuQErcw9cqOWMJGbEYmYtPSsYOOn7XYsDEpE+bdydDHMj7yxO7mXPVYk1yBNYQPnnolNZ6XwT+tVPR++HPTuaURGmuTBBDGR34b/PNbxdQrDe9nIQNEV9Yj+j5ECB8iC9WP91/5UPCx0lK7txIfepc05WoBH/S4FXxw1UPgg59jdR905V0wlHTARK+JmV4jQ04jQhKrcf/dqXhKvwNParZiq247YrQ7kOS7HVk+O5HjE41s/1hkaBOQqU9Clj4NVn0m8vTZhI9s5BtyCB4WFButKDHmosyYR/iwo8LI8CgQqTUVod5cKtJI4OA4AsvhDKpES1A1WoNqRNxB9QSQ+oVV23hRBe5tYoT0hDrQS+kLJYzwxpxifxxpjxz+/IyEtWOUPlPjBJG9EVL2RTFEuik0sI/qxf4N0k7rs4SRAwSTgxulCsn8hnEc2rgXhzdN4MjmfZQpyjSObJnBMULF8S0HcIIAcmLTAZyk46nNh3B6y2Gc4RA8+LL5DSOEhx5MhtLvDeNlhOl3R3RjKqwLM2H0GMK904VpunwyuF1UQw5GEpDC++k4RFAaJlx1oDW8DkPPduEXp3+Gq3+8ggvvXqDvlXfxLoUX4V3pO0iNGjVqPopR8aFGzS0KLvFGYDQsuMrNobzwLu9WfAlXeXOwPwN/+t6vcThrBK2bSzC4wYF+cwP2re8Uf8l9L3xwFHwMUBR8tIU3okXBB4WX2x0mfFRucePZlEnc6ziGIBq0BtKA+S7nGJ5r6kNi6yDSWvuQ0dQJi7ML+Q4P8updsH+A+EgnfKQVlksAIXwk5pUjwVYmAcRSTPjg6gfhIysHcYyP9DTCRzqeJHzclW5BaHwGjLFZ0Mn4WJNUeg0+fMSmg5SMSvjl1C3FR14LtDI+ePqVrpjwUbIUH0rlQ8GHlJH33fNh9Czu8yEiA8QbIR8UPvRthA6Kgg+Gh4iT4EGPW6p6jMn4kKoeukp63uWd0Be7YSxogzGPXqfMOgTHVuCRqCRs9d2GpzTb8DnjDmw17ESCP8NjN+xrY5DrE49MbSLS9SnINGQSPggeegvBw4ICSiHBo5jgUWKyET4keFQKeBSi1lyMOlMJGsyMjnIRByewQuDDFczwqEVbcO0SfHQGNgqA9AQyQhrRGVqP7pAGdIc2UujyMEJJqBN9IU70h/Lngj4/oa30eWrHCGWUwpWRvREeTHAiOzEZSQN+BkJkL/ZF9mFq/QCmCSL7o0YIJqOYpcxRDm8Yo4yLHNmwF0c3TlAmcThKOn1s4xRhhGCyaRrHNuyj2+3FfoLGNE8HE+kSu7nz9LB9EZxuUZWZJJBMeGV8UxfGNnowHNqGscAOHAgbwaGICUwG9WPflkE4witxKn8ef/z+b6Vd0y+/i3cu/g/Rg75XVvgOUqNGjZqPYlR8qFFzi4LL3OfBy2JewttX3sGfKO/QhZdB152ni//7Cn7zhX/BmZxpeDZVYGQzDZpCGjEYSYOmCEJHuBwZG4OUIRpMidDAijMYTJcF0+lAl9jroz3MAVd4LcGjGu0hNTRgq8egsRnlWzx4LmUf7nOeRHA3DXrb57CxZQKPOwcR0z6MFAJIRlMXrFz5aHJLmwzWtxA+WmCrJYDUEjrqmggfMjw4VU2EDwfhgwDijQ9KejHBQ8aH2GiwsEICSEE5UuwEEILHnlwFH9LUq/hsnnplRWxmFmLS07EzIwNPZVvwUKYVG5KyERCfDU18LnwIH3cQPu4geEj4qBDTsNallMKP8CGaz7PrCCANBBBl6lULNPbWpfigSBUQnnrVJxqwlb4PHYWnJmlqhsR+GH8VPui1NXPlw31YAMToYSjcHD4Cem8OH9xLouDD4IUPfiwKPrTNkxI++LE38I7mPOVqCP61A9AwPsQqV530WtDrUdACHffIpFYhZHsxHg/bg91rCR7+2/C0aSeeIYDE+++C1S8O+WvjYCN8ZGsIH4ZUZBkzkavPQT7hQ8DDYEWR0Ub4sKHUJFU9Ks0EDzPDo0RUOxpEtUMCR4OpXKTRXIGmgEo0B1bBFVgr0hZA7+WAOrgDCCGUjgBCiNkhMNIRWicA0hnagC4RRkgTeuQoOFcqIcOcUJfICCesTaqOhHkoHRgLp4E/oWCcILI3sp8wMIBJwshsRD8OhffhiJzDdP4wXX+ErufL+fTR9UOEjhFxPBQxgLnwXkyHuAkgHZhdL/V17AvvwBT3d6yX4DEh0ovx9Up6MMyN55vdGN7QgfHwbkyFDOJAyDjmwiawP3IIvRHN6P20Ez+Z/g6u/u4Srrz9Z1zhnQjV5XbVqFGziqLiQ42aWxTe+AuXLomBwcWrXPW4iAsED7pEwOTqH+n4uyv476/9O06UT6P1s5Vo3FyE9sha9EY2YyCqFYNRbRiKbMdIpBtjkR6M00BpLNiN8UA3JgI9mAigywLc6De3osPcBE+gA11hTvQQYDpDm+EyOeAJaYX1rjY8kzqBe1tPQtdzFP4d84SQeUS1TeKJ1gmkusZR2NSHorpW2BsIHA4Xch2tBJB22GvbYK9pgaWOoNHQAEttEyw1zbBUNxNAnMiuJJRUEEAoGWUEkLI6pMk7nacRQFILK5FaJAEklXc7t5cTPkqRSPBIsJZITefy1KvY7DxEZ+YiOj0Hu9KzsSMlB8+k5+IBOgbHZ8B/jwVrUwtwWyrhI7WS4FEFXzr606BZ9H1kVMAvs4pSC9/segJII/ytTgJIM/zzXPC3c9+HG9qiDoEPAY+yHugJH7zbuYaipcG5to6rHwSQ+mHoeNWrhjHoufejaS90TZPQE0J4GVtDy7QUGvAbW2e8EHKAEDIPI+HASAgxebgCwmCQIkAhA8REGDT30HmCh7mP0CGHzyv44KV6edlegQ4O3x/BxsDL+hJ4jPT7ROj3G1wz0LdMQdfM064ITI69CKgfh7lulJ7XEPzoeflzpYees7GsC34lbVhXRK9RfiOCkiux5bO5eCIgGjHrtmKH/3bs1O9CtGE3kjQxyPKLJYDEw+KXgBxtInL0KbAa0pFnyEKBPovgkY0iAghPtxJTrkSvRx6qzFKjeY25CHXc62GWms1Fw3mghBCl8tESRPgIqhFpCyJ8BBE+CNEcBoiHACKqISF1Ip0hBBCKwEcIT8dqQi99BhYqgwx3hrqohEiIl8LnpQwRQoYjPCIjIh0LmSAwCDREdEmJ7BI7se+nzBIYOAej+nBwAyWqFwf4MrpumrAxwz8XKf08r84ljvTzXP2YpEwQdvbSbTkCI9zjwTih+5tc30fn+zAVOkAAGcKB4D5xX4N3OnA8ewJ/+PF/48of+a8Y6pQrNWrUrK6o+FCj5hYFV65QuPLBf5WU/jLJxRCedXX+3cu4zBuHvUtX/+Uq3v3FW/jyvpfQGdeE1vtpwLWpHm3ra+GOpAFWRAM6eLPAgDr0mhsxEODESIAL4+Y2jJvaMGZuxygPSggp/UHN6CGE9AS1oC+0Hb00kGqhwVXu/W5sS5vAfS3HYeg9Bl/Ch3/XIRg65nB/2wySWvahrKEf5YSM/HoHrE0tyHa6YWvoQEGNB4U1dB91jchsrBUVEGtNK+HDRfig21U2EzwYIA6CR4MASHpZLdJKa5BaUo2UYhkf3Psh4yM5r4zwIW02mOC15G5slrTZIO/3EZ1qRfyebMSm5uIzqRaEJ6TDNzELt6Xl4RPpJQIfPsnV8E+iED780ikZ1fDNpGTUwierngDSQABpIoAQPmwtAh/++e3QFHoEPgQ8ynvFQFxb3Qf/mj5oagkgjI/6QegaCB8io9A1EkCaxqFtmhAVBdFPQYN8JUYGiGtx7w9RAWEctB8SVRCzAIgUCRMSPoyEDxPhw9RH+Og/LRJA+DBfBx/ifhg0nLY5UW1RwCN+N+GDHw8/PiM9ThPhI4jwEVTD+BgmfBBACB/G8j6YCF9rS9twWym9RgUNWJ9QigcfzsRThp2IJnzE+WzHHr9dSNZEI9U/ViSTG821hA9dInL1SQSPFOTz8rqGDBQTQHiTQV5et9RoJXzkEj5shA9eZpfxUYjaAAIIIURpOG8KKpNTgeZgnnZF+AgmfFB46lV7MOGDsLEYGR/BnPfGhwBIcAvl+lMYuToyHNF2nRD+I9z0GfMsZGx9h+glmVzfiX1RXZja0C1l/eL0KgGN64SrINemE/tDezEbMkBw4epLN8aiCCIRhBm6/Ej4AGaDeRnuRvQ/1oR/OfMPwB/pO4a+T/jrZvn3jxo1atR8VKPiQ42aWxQJH1ziuBYfV3nfDzpz+a3LuPCbC8Cf6LK3ruKP3/41vt3zFZzMm0ff59vgepgGYA/WwfMADbTuoWyhgdZGOk8w6QyrRQelK4wuo0Fab0gdxoIdGA1oQL+pDn3mevQHNKI9sBEl97Yids8oPlU7jwj3UYS1HUFAO/9Ffh730GA1rnkCBY39KKl1wd7ghMXp8sJH+wI+shrqROXjr8FHakmVwAdPwfLGh1T94MrHUnzwZoO7022IYXwk5iCOTj9NiSJ4+O3JwG3JufhkWjHho5zwUbUEH74Unww6Ej78MhV8NMLP2gS/3Bb42V1i6pU/Vz/kyoeCD10VwUMGiIIPbf3QNfjQOybEClI8BUuqfqwefOhql+LDXNINH8ZHsYNgVofImCI8cF+KaDZnfMQTPhIJHyn/D+ODl74eDJMyFN4uIvWRSCtrLayuRRCZEJWSDuwN96yIDiU3wseBkD6BD66EjHMVRMFHaD/2B7RjLLwJrZvK8ELDMVz8LX13cCmVDbLs+0eNGjVqPqpR8aFGzS3KAj4o3vjgscK756/gMiuEdz7nCsifKbwJ4VuU39FA4heX8Kc3fot/PfdP+MHUG3i9/UWcrpjHgawxjER3oOspB9yP0gDtoUo47ylFS1Qx3GGlGAgpo8FUOQ2+KtAXWoneoEp4wupQfE8j4hMG8VnCxwbXIUQ5DxFCjtNA9hC20KB5u3McVscACurbCRwugY+cpjbYxLK77QQQF2y1DmTX1xM+nNfFR2Z5I6VhAR8SQKqQVly10P+xHB9c/RA9H5Ql+EjLFfhIyLDj2ex83JVmgS4hE2sSLbgjpQBrBT4q4JdcCb+USjHtyie9QsZHjQCIf5Y89crC1Q8n/G0SPpSpVzrGBzecE0C0lb2EDwrjQ556xfgQU69WOT4CCR+BMj78a4egqeyHqawPAcVd8C1uxZrCRmittYjcmY/779yDp7Tb/5/CB4f7QlbKYFgrXc/HZQAJYwi4RRaX913MSui4cbrE3h/7Q3vE6Yn1hBgKnz4Y0ovDgT2YC+rE3JZudG6uxVh8N97+Ka9cQd8Z/DeOZd8/atSoUfNRjYoPNWpuUW6Ej4t01YVLBJALNG44TxfQEW9TGCB8ZJDw8S264R8ov6XBxX9exvmf/xm//c5/4Zev/hQ/PvV9fHvqK3i94wxOFs7gUNIQpj7fiuFH69D1UAXatxShKTwPDRFFyL67FDv3dOHxxjlE0WB4ffM8ojpP0kCWMEID1aebxpDWNIjcxk5YG9sIH60yPqSej/wabjx3IKe+kfDR/J74yCiv86p+LMWHd98HZ/nUK8YHT72KJXwkJFsQTxDZSvh4iC4LSsyGb0I21ibb4ZNSSvgoI3iUU3i1qwqsSyOQpBNCxPSrGvhl1cIvW2o8988lgOQp1Y92gQ99SZcAiK6iR8JHFSGkuk/q/RB9H7zilYQPPeHD4Fhd+DB446N2GT5KexFQ2AlNUSvWFTRCb6lB1HY7HtiUgKdVfCzkGnREuEW48rEEHjwFaz3vLcKraK2Ei/fO/vAuzFD2MWDWe0SmwzsJHz1i88HDoX04tKUfvRsb0fapGvzXuX8B/oe+J7i1bNn3jxo1atR8VKPiQ42aW5RFfHBD6BVcocsEPCh/OX9BAOQyXX2ZLuDWEL7i6oWrOP/OefoxvoKFQvfDGxO+Qz//l4u4/Ce60Z/pMgUqf6TL/88FvPNPb+GtH/4O//21X+FXL/0cPz38Jr4z+DpedZ7CROYIGi0jiC4bxV00YA7onkcYDXhDKcaOeYQ3T+LTTeOIax5BZlMfoaOD0g4L46OhlQDCy+4yPpywiilXLdfFh5TGBXxIAKlGesni0rsrTb1SAOLd9xFD6EhItSIm1YKtWXn4DAFkQ4oVuoQs+Cbmwi+5GL7JJRJCUsqwTqQU67giksbVj2qBD3/ReN4gNh30szkFQPzz26ApdItVrwRAyruhJYBoKikMEMKHjns/xKpXvOcH4YP3/CB88OpRRgcN6nnn8I84PkTDedNeBDSMI0DBB6/gVdGPgOIeBOV3QFfQCr98B0yWOmzeXoCHNybgc5r/9/ChLG29PDzt6hp4cA8IocMbH6L/g/s95KyECyXctL5i+HpxX25MRLXT/bSLnc95U8JjIQM4GjYogDIY1YyWzRV4o+11XP2DVEFd6TtIjRo1aj6KUfGhRs0tyiI+Fi/jygc74wJd9zbp4zwBg24lFsW6dIEHEHzdJVyg//IGYuevnMfFqxfocgLI5Ut0d3RDvpPLV3HlXTr/Dp2/SPfNlRPOuxReefMt+l2/vYSLBJO3/vUt/OgffouKo19DuGcffPtokDp4ChpejanjEIJpgHqvcwLbXeNIbhlEprOH4OFBblMrrI4W5DY0w1ZH4SV3a6Sqx83gY7H6sRQf15t6pVQ/FvCRYUN8Ri52JWVha3ounrIU4J70PATuyYYmIQeapAJCRxGBo0RChxwfBR/phI+MGrHsrkZZdjfXKQDCy+4qS+4KfJRJ1Y8FfPAGfAQQXnb3RvgwET6MqxAfOhkfgXYPdGIaWhMCrfW4c3shPrVpDz7//2DlYyV4SFm5+sGVj1F56hUDZILQ8LfiQ8AjkisejI827ItsJ2x4CB9dmA/qxdHwEUwH0+229KBzcwNOZh3A1d/wl4aKDzVq1KyeqPhQo+YWRSy1K0e5jN2gVD+U8Hlu/xAr89Lp8/T/YkNCOdJ/L9OlUq7I8b5PNgfP1FLui++X749PMEzIIHB/9x8R0j+FNcNzBJCj0PUch4HwEdg2gyjHGB51jiPePYlM14DAh83ZRgAhdDQ6YWuQ9vywEzpsNXR5bdsygChL7q6MD5525T3lajk+llc/eOpVbGYe4tOt2JVC+EjJwefosseyCrAh0QJtdDq0yXnwTS3AurRiscHguhQ6JjNAyqRNB9MqRQO6VP2og19OPeGjSa5+NNOA2wVdEVc/PNCUUMq6oJGnX+mrGR4D8r4fymaDo2LHcwUeZieBQ0y94kE+HQVCZgRApL0/eOnbA9C3zsHQRtAjhBjcUnjHcw7DgpEhIsNDIITOM0jE9QQUAZXO94MP7vuYWMCHluDhWzVAz7UXpsIuBOS5xe7v/vkOmLNrsek5Ox5aH4dntDsQ68srXe1Ekv9SfGTpEpCt2wMLwcNmSIbdmIoCYwYKDZnXx4fJjmpT/hJ8NASWiDgCS+XwDucVaJF3Oee8H3wo4Z3Q+4IlhCj4WAKSG4JjMVz5UCoe3lEazpUpV5NRi/DgaVcr4eK9witlTUYRQKI82BfVjpn1bThAv2M+tBvzwX04GNRH5wcxuaEH3esdmHyyB1f/gT7oKj7UqFGziqLiQ42aWxRvfHD4Mj7pDRA+Ls8FuoUSRsdieB9jsZexyBU5/DMMD56FxfuI8G0ZMAwVXlXrKv3C/6RfJvDRO4F1Awfg330Mxs4TMHjmEeA+iFDXFO5pnsDW9kmkuoYJH53Ia3IRPppgdTiQ28i7nbuQX93+N+NjpWlX18VHZi52p2Zje2oOttH5pzLzcTfhIzAmA7o9OYQNG9am5mOtqIDwNCypD2QJPjKl6oc/40Pe8VzgI98lVz8W8eHP069kfBhqFvGhr13EB1c+FHyY3ic+eNNBARBCBSNDYIPQoeSDw8fSyoc3PsxF3aLyoaXXQUy7yqnFxq12PEj4+LyMjwTfHTfER65exccHhQ/e/4PvQ4oHUwIf7Qv4OBTGS+32Y4bwMbG+B73hTow/5MGVr9Onn7f7WPb9o0aNGjUf1aj4UKPmFmVFfHihgWiw5Ly4mXz5SllyO68wZhgyHOl3MzuYIRfoSvoJOvyaBidd3/oJIjvHoe2ZpYHrUQS1Hxeb1Jk6GSCz2ODah8+4JrDHNQqrsxt23mjQ6SCINBBACB8EjsJKD+w17veND+/qB+PjRlOvYrLyEJdlQ3S6BbvSrNiVYcdzGQV4ONmKyIQs6OIz4ZOYgzuScyl2rE0ugk9Siah++KSWwTetQsKH3PshKh/WRsKHQ8ZHC+GjFboiAgjhQ1vaBS3hQ++FD0ONtOO5vmYY+jq58sH4cEzCzNOu3ic+eNdzsfM5AcTQdVxMvTL2nhT5IPFhIHwYxCaDY4v4qB6Af0UfTCU9CCzsgIZeA58CB/SEj/Xb8nBfVCw+p7s+PnjalTc+lGlXKj7+dnxMRPVgb1Qv3Vcn4cND+HATPjpwMKwb85GDmCGATBI+eDf0/gh6bFta8OfT/yVKn97fPWrUqFHzUY6KDzVqbll4QLA4KFC0oJwWR7E7sRRRphC3IUVckxV+Vj7KJ6W9Qy7xGa6F8J9CaURy6RKu0snfnr+Knm/+GBs8YzTYPYCg1uMIaaUBLw1e9bzZYOccnZ/CA83jiG0eIXT0IN/RApuzATkUC+OD0FFc0Yn86veBj5LFfo/lAGF8eANEWfUqNttOsSEmMwcx6VZKHnak5+Px1DzcRQAxxKZh7Z5M3JaUg9sSbbgjsYAwUgxfAoiogKSWLwDEX1Q/aqGxNMgAaYK/vVn81V9b2AZtsRuakk5R/eDeD0NVHww89YoG6vpqCR+G2hEYRfVjr8AH5/1OuzK4j0ghgOgJFQwQfTch5APGBy+1a2yUqh4B1SMCH34EKv/KfhhLufrRubDUrsZag4gddtyzKR5P6bYjxmeb3POxE8n+u5HiFyPi3fNh1Uk9H3Z92o17PlY5PpReD++IpXY/UHx0Ezz6MB7Vj8n13XRZJ2YjPTgQ3oHZ8G46PYh9DI+IAYzR7Yaj3Bjc6MRvDv5cxYcaNWpWVVR8qFFzy8IDgsVBgQKIpblMN/AKn+emDTosHL1vrwBF3FY6CrgwPPi27A5uTCd8XGV8XLmIqxcB3sew+1s/wYaOvTTIPYjgtpMIpZhoUKztPARNDzdF78ddznHsdozA2tSDAgKHzVmH7GZKk1PCR3kX8qs8fzU+ljecX6/3w3vqlTc+Ygkfcak27E7Lw+cJIA8QREwJ6ViXlIVPEj4+mWjF7Yl2+BI+/BggC9UPAoiYelUt8OFvWax+aPOcEj4KWgkfbfAv7liCD+MCPgagqx6S8CGqH3sXqh9/Kz6MHccW8GHokaofHzQ+uFrDy+wGyvjwrR0UmwwaynphJHysK2nFbUWN8LXVIGx3Ae65cw+eJHwsNpwvxUeGJm4JPmw89epjjA/vhnPvDIW23SJ8DBI++sRlsxEdhA9egrcHU+F92Lt+ECOEkJENfRjd3IWhDS341eSPxbzLpd89atSoUfPRjYoPNWpuURa8IJ9fuECE8UDhJXWV07zeroIPrmBcIlHwUSy7q9yGdCGgQqhgeICPhA3+fQwQYROedMWt6u/SWb4e+A+6vP17P0FY7wR8+2kg3HEawZ7TMHkOwa9jDr7dh6H3HMQmXvWqcRgWRzcKCR+5BI+sBXx4UFLe/YHhY6XpV974iMvJx+7sXESnZyM21YK45FzEptjwXHoBPpVlRxDBwzclB7clW/AJgY88+OwpEvjg6Ve88hXjwy+9gvDBjec1ou/D39IA/9zGBXzwUrM8/UrBhzL1igGio0G6rooBMiSqH4wPU/1emBtkfIjldt//tCvGhzLt6lbigysfjA9NrYQPf0YV4UNf1IE7il3430UN8MmrRWhMIe69NxlPeu1wvsd3J5L8diHZN1qE8ZGpiUe2ds8SfOTr01V8/M346Mf4+mHsi+zH/ogeAQ+BDzo9HtqF8Q1DGF7fj8Goboxs6sTAeid+MfKmig81atSsqqj4UKPmFuWm8LFSRMWDtKCgwxsoBI3l+OAW9Mt0/+wU/jXcav4u4eMC/f8lup7v7leMjx/8A8L69sF/gAa/nWcQouDDPQ+frqPQdRxBRMt+PNE0gUTnAKzOdlibueejHrkOJwpq3Ciq7EJ+9c3go14kvayO8EEAKalBevH1p155Vz8Wms4JHzsJH7syrYhJsyA+2SqyKy0PTxA+opKzYEjJxh1J2fjkHsJHgh2+CUXw3cOrXhUTPkrgk0oASSeAeOHDzyrhwz+vyQsf7YQPNzSlndASQPSVXP3olfHBFRBp6hWveuXd93FDfBAGBD4IB974MFK458bEPR8dUtO5stzuB46PJnqM9TztilIzRvgYJnwMET4GCVm90BZ3Ym2RC7fnczWoAUHxZdj0cAaeMO5E3FoJHwn+O5Gg3YU9/ruQ6C/hI9s/HhbNHuRqCR+6VOQRPOz6TBQZ/jp8NAbcGnz0MD6CHegLaZKg4RXl/KCMjyEZGXz0Pu19lMLo4MvaMEzw4FwPH/tWwMV7hfExSbCYIHzMRBA+wrvpyIih+15P+ODqR+QQ9oUPYCysE6PrPehd34R/HP6eOu1KjRo1qyoqPtSo+ZCzFCF/XaT+kKVH/i9xRNyE/+8KAYXpcZEiluSlK/8P4aPrzZ8isnca2v5DCPScQTglgOCh7zgMfxoEa90nEdR2FHc2T+Pp5lEkuXjDwTbk1jeioL4ZxfVuAY+8mnbY6loJIC4CSAsBpJkA4hRhgHCknc4JIWUNSC8lhDBACB+pRVVIKawUSS6oQFJ+ORLtZSJ78kqRYCtBnLWI4FGAaEsBdljt2JVjR1xGHpJSbUgifMSl5OK5DBvuT81BcFImfBIycHt8NtYk5NPpIqzdU4i1yQVYk1RAx0KsSyuBb2YF/LOr4Wepha+lDr4EED9uPLe3QEP40BS0QUP4EAAp8UBX3kkA6SZ4cPWjD7zpoNhwsH4I+kYCiGNcrCKlb55YiKFlEnoXAaR1WsToPgBDuxICiHsORs884eEwAtqPipjdDAoJIAEEDnPfB7vULuPI3DAJcx0hpG4vPYdR+NeMiL4P3uVcW9YNP4KXb24TDDlNMCXVIuQpO54IjsWeOwgfvjuQoN+NWMNO7NYSRAghGbpYWAgfNv9E5GlTYNNnwGrMho1SYMghgFhQTPCQ8GEjfNgJH/kCH7WmQgGPelMRwYPAYS6DM4DQIac5UIKHK1BKa1Ad2iiMDk9gAzqCGuXQaS98dNHp7pAGkd6QRkKHlP7QJkKGczGMDsqQSAuGQl0YoQwzKvi8uKwFw/JRnKfrhsM5reI4QsfRMCl7CR8TvBs5RQJHj1euBcaN00246Md0xCAOhPVhPwFjH90/I2OIYDNBMJkO7MORwCEcNHdjIqQdvVva8KOJH6pL7apRo2ZVRcWHGjWrPMQQxSb0f0SRq8wOxgdXR+hawsevCR/dP/gponqmoes7hGD3GUR4ziKI4GHsOAqd5yTh4zTMbccR1TyLR1v2IrZ1AFlOD2z1ThTUtRA+2pFf40Ze7XvjgysgCj4EQErqBD68AcL48AaIgo/43GLEWgolfFjysSs7X8ZHLpKTLYhPsWJbei4+lWFFRHIWNAnpWBObiTvibFgbR+hIYHjkY00yL8HL+4AQPjLK4ZdVBd8cCR8+uQ3wlVe98s93wb+Q8FEkVz945auyTugqusSyuxI+KLUDAh+6hmHoHaPQN40vwYcEEK5+yABpn/XCB0XGh4nC8AiU8REgVz94Q8FbgY+AegII4cNQN7EEH/5V/WJpYU0hPd/cFpgtLpjSHAjaVoxHwxMQu3abaDqP0+6kbEec/3YkaXYiUxODHP845Ppz5SMFVn06LIYs5BI+8imFhmwUeVU+yo15C/ioMRYIgAh8mErQZC5FU2C5iASQCgkgAVUyPmoJH7VoD2SANMhVD0rwIj68qx/X4IMyEOIQGSSIDAUTOuQwMJQIgHidX5IFfEgZpfNSFvHB06wYH1MR3Cj+/vExHdGPmfBBHCR8zAp8uDESJeFjb0QvDgQP4JiREtiPqTAPOje34J+P/LOKDzVq1KyqqPhQo2aV52/BR3DnETGo1Qt80ICX8BFJ+HikeRy7XIPIaO6CtcGF/DoXihgfBI+8urbr4kOJgo8FgHD1o6TmPasf3viIsRYKfOyW8ZFI+EhKsSAu1YrtGbl4PNuGTWk5MCRkYG10Fm6PthBCCB3L8LE2tRg+C/iogZ+ofNQv4oM32ePqx3XwIVLNABmArk7GR6OED4NzL/ScBYBI069EBUTGh75tlkJHufrxYePD3ECp58rHtfjQ8L4mRR3Q2Vww57YiINuJkOhKPLgpGVsJG9vXPYdY321IpKT4bEeG305k+UUj2z8W2RpuOk+GRZ9GAMmEjQBipxRQigghjI9So4SPSqMdVZSl+CiGg9IYUCayWP2oEPhYAEhgjcBHe6A05UpKPSFEgoc3QLgC0kMw6aUoAFHwIQAS5BRZCSDeMFkSroCELWaEzktxLcDDGx9KVgbGjbISPjwYlfExEdmHudBBHDH24gQdJ8PdaN3ciN984TcqPtSoUbOqouJDjZpVnveNj45zCOk6TgPbYzB0nISBAGJqOyrwcT8NqLe2jCClpQ/ZjW7YaltRUMeVD8ZH63vi45rqhxc+vAGi4MO7+sH4EFOvCB+7RNO5hI89abnYQ/iIFfiw4SmCyT10DNqTDd/oDNy+Kwtrorn6QejYY8cdSXYJIMvwIVU/uPejUd7tvAX++RI+FIBoS2lATvhQdjxnfGiWTb3SO8YEPji6BYDsg76FQvgwETqMhAEJHwyRgzB+BPChIXxwz4eCD30JQSuvFea8NgRYXQhNrMW9D2TgCfMufN73OcQQQNLWbEPO7dthWbsT2et2It0/BmnaeKTrEpGtS4VFl4E8XSbyCSGMDwUgJSaLqH5UcvVD4IOrH/moMxaiwVwswn0fSpoCJYQwQDjS9KsaMf1KAojS/8HHWgJI7SI+KEumX3kBpD/UIYUb0OUoPSCi94OinF8evu7DwscUAYMBshI+9kUNYD5sCIeMPTgS3ovRiBa03tuIv3z7Lyo+1KhRs6qi4kONmlWev63ywQNawofY7ZwGwe4jiGg9gHubJ/G0awwJ7cPIaOqEpa4N9lql8nF9fCinvfEhIgBS+57VjyV9HzI+olfAx46MXHwu246HMu1Yn2SFPiYL6wgfa6NzsSbOhjV78hbxkVIEn/Qy+GZWEkCqr48P7vvwxoeofsj44OZzGR9S9YPw0Ti2UP1gfEgAkZrPdQQQYyuveDULHR11dFTwwWF4/N/Eh4bwIXo+eFnh0i7o7W0w2QgghI+QlHpsecKGh6Li8LhuK6LXbkXW7duQ98ntyLt9B3IIH2n+u5Gsi0OKLh6Z+mRYNanI06bDTghRAML4KDbJ06+MNlH9qDZIAGF8cPWD4w0QR0DpQgWEI1U/aii1aJPxIaV2AR9LAEIoUQDC+PAGiEhQ0zX4UOINE+9IAFnMMJ2X0iKhQ17dSsHHvnCCAmVlYNwoi/jgng8JHx0L+JjaMEAo6cehgG4cDO3AQFQT+p7uxNWf0Qf/oooPNWrUrJ6o+FCjZpXn/ePjHIJ44Nt5XCz5aqIE0MA2wj2PLTR4fqx1L3Z79iK5pQ+ZDdz7wfhoe098cBR8LABkBXys1PvhjQ/O7uxCxMj4SCB8xKcyPnKwM92KZ9Jz8Vh6Hu5MtiIgNgu+OzMJIDlYG0cAIXyIEECuwUd2DXxy6gQ+NDI+/OwugQ/u/eANB5fgw6v6oeBDXy/jwzG+ABApkwsAUfDBK18Z6MhTrxggpg8ZHybCh2kFfGgJH/qKXsJHN7T5bdDbXDBaW2BOr0fkjiJsvjcRD5i3YZvPVmTcvh35n9iOgk8SPtbuQIr/LiToYpGol6ofuf4pyNOkET4IIIZ0FBgzJHwovR9i+lWuqH5IjecFqBPTrygBxSILAAlcBAhXP1oCK+UKSK2ogEhN6NwHUiMAosSzUAFZbEDvoSzHx/UA4g0O79wMPpQVrhR4vF987CN8TCn4CO3EVHgHxtZ7MMzAierHdHA3DoX2YCrEhYE7HZhJm8DVX9MHnxfBW+G7QY0aNWo+ilHxoUbNKs974YO3Bvk/BJCu7y/Hx/MI6qTBLeHDxCsuET4CO44gzHMIUTSAvd81gWfck4hrHUF6Uw9yG9zIJ3TcLD6WVD+W4cO7+uGND6XvQ8FHbDYdswoRl2lHPGEjLs2CmDQJH8+lWfEk4eOhNDsi4nOg3ZEOn13ZWMf4SJDwsTbRjnXJhI80wkdGhcAHL7nrm834aBD40HDlI28RH1z90PGKV4QPfXmPV/WjD7qaARkgw9A3jF4LkKZJOkrL75oIHwIeSggHRsKHuf06+CBw3DJ8UIwEEH3dGHQEEG31kMCHTsFHAT1nwofe2gxDVgNC9lQg8rNZuDNiF57WbkfK2p2w3bYDtk9sQxbhI8l/J+L1MdhjiEeafg9s/smw+6eK/T4UfBQa5alXRgvhw0r4sBI+8qTGc8pyfCgVEMZHU0CZiDT9ivEhVUC4AV1pQm+j85x2L3xIAKlfAhBuQFei4EMByK3Ax/uddiUttdtH97OIj+mIDuxd34mRKGkZ3n1BnZin37E3rAk999bjTPUJXP2Tig81atSsrqj4UKNmlee98HH5IvBfNDjp+t5SfIR7XiB8nEFg9yka3B5HYBcNiDvouo55hNEAdlPzJB5r3Ydd7eNIcw0i1+FBQb0LebUtAh4KPhSAeOcafJQ3EEDqBEDea/qV0veRwBsOZnOKEM/Vj8w8xGTwnh852E0I2U74eDbDjsczCrBljw2GHanw25UJ31gr1sgAYXz4MD54zw/ecDCjCr6ZDBDe7ZzwkeuE1tYCbV6r+Os/A4T3/NAVe6CX8SEAQvgQq15V94vGc23tkNjzQwEIL70rQvjgXc9NzVOEgP2LYRS0MhAYCgcR0HZExNR+hDBBACFkBBE8AvrPSHt9EDwUfHAC+Sj35wR0SAARaZ8XmJHun+FByGmZFvDQ8QaD9HjMjVMiRlEB2QsjAUTsWVI5IGClL+2CrsgNnZ2eO70WOqsD5sxahO7Mx8b7EvHpgJ3Y6bsd6YSO7DU7kOazA3s0jI9oJOpjka5LQC4vu6tJWcDHAkBMWdLUK9H7YUEl7/khA6TWzMvuMj6KFtIQSAjx2nhQwoe094dU/eAVsBghPBVr8bx3FWShAiJPwVIQIiBC6FDCGxAqmxBylPPL0x/CAJGi4EPp+fCedjUZQac/IHzMhvfhYFg39kdwxaMbYxt6sDeiB9Oh3TjA1ZCoJnjur8Z3931LbDDIa22v9N2gRo0aNR/FqPhQo2aV52YqHwIfyyofEj7OCnwEdh5HcOdhBBE+OMHtB7C+dRoPUp5pn0QS4cPapOCjeQEf1wPI9fChAORGzedK9YN3O0/MoaOMj9isPERn5iI6I5vwkYNdKRZsS7Xh6VQ77ku0IWhXOjSED5+YHNwRRwCJt2HdHjvWJRXCV8aHb3rlAj78cuqhsTZJ+LC5oLETQLzxIaZedS/gQ1sp4YOrH3puPK/1qn7IADE6JmHiagPhw9zihQ/XLEwuadPBlfDB1Y2gXsIHAeRvwQdXPhR8cASGHFMwLcOHgfChr2J8SJUPrvRw9UP0v9joNbHUIzCpDOufysE9G2LwGc2z2OmzFSn+vNv5dsLHDiTodiFZR/jQxksbDmp4t/MU2AypsBtTkU/4kKZfZaFErH6VI6ZeMUCqTXmoMeeL1AUWyCGAUBSANAaVoimoDM4gefqV2HxQ3gdkGT4EQIKXV0BkhHjvAxLctJAewgSnl0OoUM57h6+7ET689/lQ8PF+p10xPiYIH1zh2C/w0YNZwse+9d0YJ3yMhkk7nc9FdWJkYyO6P9uI33/nd2KDQfoSuOZ7QY0aNWo+qlHxoUbNKs/7nXal4COoi/DRdVTCR+ccAjoPic0HQ1sP4s7W/XiydQrxLcPIaeoQ+LDXtSxMu/LGhzdAVsJHVnn9EnysVP3wxgfvdp5E+EjMKkY8bzpI+NiVlYvdhI/Y9GzEpFixkzccTM3Hp5LzER6bDT3jIzoba7j6QfhYm5C3iI/UMgJIBQGEqx818M+uh7/FAU1u8yI+8iV86GV8iIE5AUSZeiV2POcld2skfHD1Q+dV/WB8iF3FRfVjRkQBiIIPDsPD3HoYRgaImzAhT7t6v/jwnnbF+FiYdkWP43r4MFQNQk+gEtUdeq7c6+Jf4IKvvQnrcuthyKpBWHQRNjycirtDd+BR7bPYqnkOMZptiPffjkTNTiRrdosdz7M0CbBoE2HRJyFXn4w8Q4qofigAKTZkCXyUGayoEL0fEkA4tQH5IowPjoIPpQLCK2B5V0CU3c+vhw8ly/EhEuQQWQ6QG6WPcj18jIe7sTdcAsjfutrVe+FjPJyX4u3GgU1d6Iwox2zqEN75z7fFSlcqPtSoUbOaouJDjZpVnpvFRzfhY0PvDPT9hxHiOYuIjhcJG+cEPni/j+CueYLHHA2ED8HkOYzA9kNY75rFp2kgG908QvjoRH5dM/JkfKwEkJvBx/LqB+PDu/qhrHrF+EjOLkVStoSPmGw7dhM+ojNzCB85iCN8RCdZsSPVjs+mFWJzQi4MuxkfWVgTY8EdcbkCHz6JhfBJLhb4WJdaQQCphE8GVz/q4JfTCI3VSQBpEfhQqh88DYkH5PqSriX4WKx+DFIkfOjrR2FooAE9p3HCq/oh4cPQIgOkRap+cBgeEj64d+Oo6Ln5oPCxpOfjRvioHiSA9At8cIM9r/LlW9gK33wn1ubVwyenGsbkEoRttWHTw8m4N3wnHtF8Dtu1Wwkf25DktwOpfruQ7h+NdAJIpo4AQvjgWA0yQLgCQggpNGYSQDJRqs8mgFikCogMEAUfEkAKvQBSvDD9iisgSwFStYiQYAkfbYQPzkIPyDKACITI+PhrAPJe+GB48LSr6agezKzvJUi8v00GGR97o3qx1wsfB3gal7i8D/s29GMyrAPTG9rhiSzFtztew6Xf0IdbwEPFhxo1alZPVHyoUbPK81744NWuBD5+sBwfLxM+nvfCxxwNbg/CRPgwdh6jQfERhLYcxAPNU9jZMoJsgQ8n7PWL+PAGCOd6+MiiZFe8d/XDu+8jifCRml2O5KwSxGcXITqH8JFtE/iIS89GAuEjJtGKXSn5+HxGCe5JyoMpOgPrdmViDW84yPiIz8O6PQXwTSJ8pEj4EOHqh5h61Qh/SxP8rUurH7pCwgdXPwgfovrBm/FVeOGjeoAyBB1PvSJ8LABExoeIc1qqfBA+DDwFi/ChhOFhohj4qOBDrHZ16n3hw8yraBE+zBQFHyLce3IdfBgJH0Z6LgZ6Xtxcz5sr+hW1waeoGWvyG7HWVgttZgWC9hQj8lkrttyXiAeCt+EZ/VbE+m1FyrrtSPfZiQy/aKSKfT/ikKXbgxy9VAGxiQqIhI8CQwYKKSWGbAIIV0AshA+ugOSixmz3AghPv1rsA1Ea0KUKSDmcMkDELujXxYfU/7F8GV6BkMDGa/DxXgi5IT7CpMoH933MbOjFfkLCIkBWRsb1soAPuo+l+OgRl02K++3EWLgD+x5rxX+98C+48lv+/Kv4UKNGzeqKig81alZ5VsIH8+OSFz54qd0exkfffhgGjiCk8xzCO1+iwew5MbAN7jwq8BHYOU8D4SPQd/G+H0cR2HIAd9MAdlvLKDKausWUKzv3fTS0Io+OAiBK9aPOhZyaZpGsKgkf2YSP7DKCxzJ8LK9+eANkAR+2UqTklCE5pwQJlkLCRz52CXxYEJ9hwZ7UXMTssSA6NR9bCSgPJuchaHcafHemYW10DtbGMj5sWJuYj7VJRViXUoK1qWVYm1Iuqh++GbzqVT0BxAE/0fvhkla9IoDolKlXhA+l+qHlCgHjg6LjfgkZH0urH3u9qh/TAiAiAiGL+DC56HWmGNoIeu0EEEYFYeNm8KGseMUxtR+S8SEBhPHBq2wtAIT+7QxchWncB2MjPSaBD3qs1cMw0eM3ieoHPR/eULG0A34l7VhX7MLaIid8CnkH+HoYMioRFFeIDU9m44H7kvDpgG3Ypt2GON/tSPLbiSTNbiTqYpDE/R/6BGTq9yCbAGLlKViiAkIA0aejUJeOEj1XP7JQoc9Gld6CakJIrZn7P+wLCOH+j0V8FMNBaQqQVsByEkBaKIyPZoIHh/HBWah6cPM5xUPpCKwlaNQtJrABXQGNAiGdwYSQkMX0hBJA5HR7pTeUAELhpvSBMGnH8+Ewl8hISBvGwtoxEdmBqahuTK3vwT5CxGQEg6IbM2L6lZJrwSFFvl1EjwAGT72aiejFbHgPhe4zsldcPhbiwcHNvegLqsQLqdP4y9//j2g2P0+fbf7sr/TdoEaNGjUfxaj4UKNmlWc5Pq4SPi4RPq4QPsT5S8B/0wCl982fIap/P3SEjwBe5arneej7T8HUe4IGt8cR2nkMIR00wO08CV3nCejpMl79Kqp5Eo87RpHYNIo8Rz+ho53wwQihEEa4AV3AgzCSSUdORo0T2dVOWCqaYCt1wEoAkZbb5Z3O60TSimsJHDUEjmqR1ALCR34lUuwEEFs5kgkfSdYSkT25RYi1FCA6246YLBtiM2yISbMihgCyI9mKrak2PJOeh/tiU2Hcmoi1vOFgfC5u32PFbYk23J6cjzVphViXxtOvSuGXyitfVcNfbjz3sTbAP9cp4mdrhibfBa3Y88MDbYm054e2nBCi9H5U94umc0PdkIixfpjgMUIZpUH+OIxNe2F27qNMQWo+n4HZNbsQMfWKV76SNx00dh5GYB8hg/89+k7ALAOE4aEstauc5ioJ78liJHwYPQQXz/zC5oVc/eDGc17aVy8qLlOEH6kPxeAgeNBjM9WPwVg7AhPByVg7BD1Xcqp6xfPzK/PAp7Qda0rbcHuRC7fnO7DOUgctvVaB8WWI2laIzQ+l4/7NCXg4eBceM27H04Yd2GqMRrQxFgmGOCQb45BmjEemMREWUzLsplQU6FNRrElFGaXKPwN1/plo9M9GoyYbldoclBusi9OwGCEmO+ooDnMhmihOczFazCVwEUJaKc1B5XDQILwpmAAi40P0f5gq4TZXo9Ncgx5zLfooA+a6hfSa6+nyesJHPTzBDXCHSekIbUA3HXtCG+nYiC5KZ3gjPOEOdIQ70RnmJIi0oCe8Gb2Ejr7wVpHekBYMRrRjPKoLExt76NiNvet51aoeTIX3Yjqsl458mhARTkAJ94jlc2cIKzORnYSMHopU6eDMEDwYMBO8yhWDZcMA9m8cpMt76L7cOHxPFwY2V+N7fV/Clf9zGe/SZ/tt+tjT4ZrvBTVq1Kj5qEbFhxo1qzwr4eMy4YOPK+FDS/gwET7MPeegGTwO/QCBo+c4wjynEeY+haDO09ATPjS9NMDtnkeoax8eosF0NA2mc+hoa+iAvcGJAsKH6AGRV7/KbnAhvaEVaXRMq3Mii/CRW94Ee4kDuaWNyCB8pJcRPgggaYSP1OX4yK8SYXwky/jgvo9EW7HARzzhIy4nn/CRJ7I7g5vPc7E9JRs7UnOwK92Kx2NTEPZsAny2Z2BdHMGD8PGJJArh5I70fMJHEeGjBBrChya9kvBRAx8aXK+z1hM8GikOaddzewvho1XacFDe84MH51qefnUdfCgAMTaOwUQD/Wvw0bIfAQQPDvdmiCqFW971vPMQ4YOwN0DoWIYPkWX44E0hjZ6jAh8iC/ig+2s94IUPrrwwPggeHMIHV2gWHi8/fm6gr+qDprIL/hWd8CWArC3rwO0lbtxW0II77M2EMwc0mbUwJlYhZHcJIj5nw8ZH0nHXlj24f30cPhUWgyeCYvCsORrbTdHYTRiJI4jsoaTo48V0LJsuGUXaFJRr0lGjzUK9LgcNegsqCB+ldPRuRhcN6ZT6wAI0BBSgMbBQxBlYJNIUWErnK9DEU69CatGqhKdf8d4fSvWDp10F1opld7sDKQyPgHp0BNWjPaQertA6tIfVwhNaix469ofUoY8u7wmtJ4TQ7QgfDI8uOd2Ej54wBkgL+gghvcHNGAonfKzvxMSGbnEcJ3zsY3wQPKZDCRNhfJouI3xwpiIJIOs7wFOoFHzMhBMywgYwG0FHAshEZC9GI+j+6Pp9dJqhMk3YGY+qx9Hdg/jDF/8T+BPw+/OX8ZaKDzVq1KyyqPhQo2aV54PERyjhI4DwoaVBLuPDQPgIad2H+2ngup0G0ml0tDZ0iapHQZ0LBYSO/BqXmHrFlY8Mujy9oeUafFhlfAiAeOGDqx8KPtIKJIAwPlJsFYSPMjH1ajk+YkX1g5fd5SlYNgGPnWkWAZGn4tMQtT0JfjvSxdSrOxKs+GRSLj6Rkkf4KMTaVK58LOLDL5OnXtUKfPCmg9740BS4xIaDyo7nGgGQbmgqesSqV4aaRXwoALkePkzN0wIfCkBuBh+80eBfiw+efqXgQ4QAIlbeUgAi40NUaWR86Gt59a5+gSp/en5+ZYQQik9JB3wK2+CT74JvXrPYF0WXUYug1BqEJ1Rgw64ibPl8Hu56LAd3P5iOh+5Jxmc3J+Opjcl4OioRn49IxHPhidgekohdQcmIDUzGHnMKkk1pSDOkIsOQhhwdr4ZlQYnBJlJK4Cgz21FJ0KgILkI54aM8iBJcuJBKSm1AMZzGUjhNZWg2S70gjUEVqAsuR21oBaojKlEVWYWK9VUo31CNso3VqIyqhpOQ0RpcCxdBheHRxvgIqUEXnR8IrsdwYANGAxsxQhkKaqTLGtEf7KA0YTBIylCwU2SE4RHkxGiIC/si3AIUDIupCIJCJKGB8LEvrI/AQafDuxeX5CVISBsT8lQs7g3pwzShYzpikPDB6Sdo9GMynBDC90EAmSbYTGxsReeGSrzZ8zXgV/RZfxt46/wlwsdl+u/K3w1q1KhR81GMig81alZ53i8+AggfOoKHvl/CR2jHaYR4JHzouk/Av+cItN1zCGqfwl3Nk3jKOYG4pnFkNzI+WgkfrSgieBRWSwDJ5SlXMj7SGR81TlgrmpBX6kBumdR4nlG+iA8RufrBWYKPvArK9fGhAITD8OCqB+Pj84mZuHN3GnTb0+Ajpl5ZcRvjI9mGO1ILsI7w4Uf48E8pW4KPtZY6gQ8/GR8aGR+87C7jQ3cNPvqgr5b2+1AqIAo+lKlXpqbFPT+88cFZCR8BhL2AAYJHPyFD3uWcm9AZHaLn4wb44KlXHAUfytQr7v0Qv1/gg3tRxmWA0GPkxyrgxCt3cQ8L97P0QkvPT19Gz7OoA/4Fbvjlt8GXAOJja4JvTh002fUwZtQQQqoQtqccEbHFWL+rEJu2F+Du5wpw77MFuO+ZfNz/uXw89FQ+HnmyAJ/6TD4+/ek8PPawHY89YMNj91rx2F1WPLXJgviIXGQEUQKtyAywICfACltQHvKD7CgheJQRQCqCClEdVITa4GLUBxVLe4AElqMpgELHRjn1gWVoIIA0hFSiPpQSVom68CqRekpjWDUclKawGgGRFsKHm+DRGVSL3uAGDBA6lPQRPviyPnF5A8GjgbDRQEBxYIQQwhkObMIoIWQyrI3Q4ZanU3FVowuTBIoJwsQkYWIyoldMo5rg8KaEUVJ1ZB/BgzcVnIwcImQMEzxGsD9kEDNB/TgQPoSDkYNiGtbYRg+6NjdiJnYYf37jDwD97+o7V3GJPvPv0AecvwNW+m5Qo0aNmo9iVHyoUbPK837xEUj40NNg1yDjI6TzFII7aNDbdQq6nhPw6zkMf8JHgGcGG12TeMS5F9soGY09hI92FNa2ET4IIFUuFBBA8njqVV2LAEhGrYQP7vlgeFi98OFd/ViOjwWAeOEjKU+aepVgLbwGIFz5YHgoeS45Gw/EZSFgRzp8d6bDJy4HdzA+9lhxe7Id61KK4UthfPinVRA+quGTXUP4qJXwYeWpV03wz5P6PnjHc1H9KPFAU9pJAOkS+OCm8+X4EFUEAZCl+JD2/JBWvlLwIfb9ICAY2w/A0H4Qho75JfgI8MKHyF+BD2nq1TJ8MIL4sTTtlXZiF9UPXqVLqX4wQPqh5eZzAgiv8GUo7ICW8OFP+PApaMW6/BbckdcIH7sDPrn1BJEaev2qoM2oEE3pRoqOTuszquh8NUyUIEJKSEYdwtLqEJFah/XJDVifWI+oxDpEJdThnug6PPVEJXY+Uo4dD5Rg592FiN6Uj/goO1LC7cgJK4A9uAAlXAkJIHyYilBnKkZNQAmqgiiBJagOLBXocARVoCWwEq3mCrSbKuAxVKBbX4FefSX6KF2mKjhDqtBACHGE0enQGlEBcfNKWNyMHtKIzhAHOiieUAfcYQ60c+9HCAEkqB79dJv+4HpRDeEMBjsoTRQnRsWGg+0Eik7si+rE5HqGxgD2Eh4mCBcThIzJyB45Uk8IN5Hzjua8r8fE+iG6nPAROYbZoGHsNw/gcNgo5gkvo2FudEQ60PJgI74z9i3gN/Q5f4s+2uev4MplhselJd8HatSoUfNRj4oPNWpWef4WfBj7aDDL0326jyO46ySCOk/CRINcbe9x+PYcgp9YevcAwtumcGfzXjxBSW7ipnMPCmrdKKpuQ3GlBJB8Aoi1ppkA0ryAD17xylLehByKWHa3Qu794MZzjgwQTnrhYvUj1V5JKUcyASTZLlU/vPGh9H4wOLjywVOvOFspn060IGxXBjTbk+Efn4U1eyz4X3HZ+OQeG9Yk854fJfBLLpXwQQNk36xqrOOBdE49/Cw89UrGh6h+ED54x3PeAbyEqx9S3wcP0PULGw5KCFHwoa/n6scYjA552V3Ch1FMv5L2/VD2/mB8GNoohA+9Zw7mnqMI6D9BADlFR2m3c971nPERJAPkevgwdxwS4c0hGR9K47mosPDvIvxIe37wY5qQANI4Jh6reMwyQPT0XAzV/TCV98Jc1AU9AURT6IFfsRtri9pwe6ETa0pcuKOoCbfnN+C2vDrcYavF2tw6rLXR6dxarKHjWlsDfCh+eQ5o8pzQ2pzQUww2F8x5bQjMb0dIgQcR9g7cZevEfRYPHsh046GUVnwqvhmP73Li88814rnP1mDXozWIe7AKiffSe+KuMqRtKkNOZAnsoUUoDCpCcSBPzypGFYGkPqAMzaZytBnL4NGXo0dXjn5tBQYoPQSRNsZJcBXag6rREVCL7oA69Jjr6Ngglt91EzraCB2u8EY0RzSiJaIerWH1dHk9OrgHJJQwQrfpott08WpYYc10bKGjCwPrPRjd2I2xTT0Y3cD7dTA8BgkVA6K6MUUAkdIrJUKqenAm6LZc/WB8HAgew1zgMI6EEUJCuzAQ5kT7PQ6crDqNv/zj27j6Nn2s6aN9lT7wV979C50QZ5Z8J6hRo0bNRzkqPtSoWeV5v/gI6j4Hcy8NdgkajI8gwgf3FjA+dL3HCB/z8CV8GLoPItg9jciWCTzUOon45mFYGzphr+tEYbWb8NEm8FFY3YxcAkcOwSOTjtzzIeGDLluGjwWArIAPAZBl+ODqh/fUKwUf3vDgxvNtdPxsihUbojNg2JYEfVwGfBJy8L9iMvC/46xYl1gMnyQZH6nl8E9nfFQRPqoW8OHHzdXy1CvvHc91xR3QliqbDvZKG/Txfh9e+NAJgCzFh6GJAXItPrj6wfjQExSW4yPwb8CHsucH40MAhKssMj5E9YMfUyMvCSxVQBgf/LiVCggDxFTZB1NZj1hmmJ+z6En9yZgAAP/0SURBVAEp9eD2klYKIYQAcntJM+4ophBE7ihwYK1IE9YVOOFT0CzHJaomfgJxbnot+XXshKGkG0YKV1i0Vb30GhJ26gYQWjuEqOohbKkYwf2lQ3isdAxPFIzgSesAnkrvwROJbjwZ24YdW1uQ+JlGpDxSh2SBkgpkMEqiypAfWY7S8DJUhlSgPqgCTQEVaAmohMtcARfhoz2gCh3mGvQa6zBgbBDpMzWiO6gJnhAHYYPTKNDRJscVzghpRFu4A+3hdLtwJ6UZHREueMJaRXrWd2FwUz+GNg9geEMfgUKCxVREP2bkKKtaiZWt5MumKRJCBjAVPoyZ0CEcCh/B4aghTIS1oW+LE4Nbu/HH7/8Rlwkef34XOE+f9XfOE0QuED4uX5A/9yt/P6hRo0bNRy0qPtSoWeW5GXz8lq7r++HPsHGABrpDx2gQexbBXefAe0uI0MBW2kuC8XFC4EPTewTa3kPQE0ACOvYjtH0am1t46tUQMht6kNfYi6L6bpTUeFDMFZBaF/JqeNldQkdtM7J5z4+qFuRUuJBdQRj5gPHh3XiuVEC2p1rwdJoNDyZZEborFZodifCNzcTaxFzcnmDDmj2FWLunBD57SuGbXAbftHL4ZFRgbWYFfLPrCCAN8PfCh66gXeCDdzxX8ME7gvPGfPrKG+OD9/sQ8cKHMu1KzxiQ8bFk2hXhQ5l2Fdh/BsF9hEQCCONj+bQrXm7X4D5MkeBxPXyIKV7cZyLDZwEhTXIFRABkVDx2EQYIPTdDRR905b3QELa4Cd23rBM+ZR6sK3VLIYSsK2olbDTDN1+KH2HDj7DhX9gmpcAtKifakk5CG2GG7k9f3kf3zcAZhLFqEFr6fRqCh7Z+SETfOAxz4yhlBAENowhsHEOwYwwhjr0Ide5FuHMSmxomcH/NOB4uH8OnC4bwGRknzyV24bnnWrDzsw2I/3QjUh+oQ+bdNcjZUgP7hioUh1eiOrgSjsAatAXUosPUgC6zA50BhIkgJ9oCG+AOossC6wgk1Rig9ATVwU3w8BA6OiKcYundjrBmeEJd6Alvp3jQHeJGb0gHBsN6MBY1iMlNI4QJ3hSwV0BjNqwXs6G9OEA5GNaHufB+cfoAXX6A0DG7YRAzUVwB6cNYqLSx4P7NPegKq8HkM734j1P/hqtvXcWlKwBxA+/Qp/4yr3F1iSRyScWHGjVqVldUfKhRs8rz/vHxgtxTIOGDY6LBrbH7OPTdR6HvOQJDNw1uu2hA20EA8cxifes+PO0cRbKjDzlN/bATQgprvfBR60Qu4cNCyakleCzgo5nw0STwIXo/roOPhalX18HH8r4PBR/cbC7hIwfPpuXi0WSufqTBsD0JvnRcG28hfOQtxUdSGXxSKenlWCfwIe354W9xQJvrhE6ufDBAFHwoGw4yPgyMD95sUMYH53r4EBv9fYD4EPmr8bFf2uyQEUIYEhUQnoJFg3sJICP0+IcJA4SA6n5oxPK7nF74yatg+RG+NFwJKSGIMcYYFvwa5REy7K3wI3D4FbXDh+Jb7IFPCacD/gwYes386TXT0GumqabfUUO/S+y0PgJjzRBMtaMw8maN9HiMBA190xh0hA1t815oXBPQtO+Dn3sS/p5pes77EEQYDmubQaRrGhvp9bzbMYMH6qfxWN0MnqicxlPFk3jaNoanMgfxZGovnk3oQtxWD1KfbEf2o62wPeBC/p0tyN/YLFKwoQlFkfWojKhFc2gVugMrMGgsR7epAu1BVYSNOmnqVUg9PIQTt4mX73WiL7AF/QFtGA7qwHgI7+kxQOjgZvNO7OM9PSK6MRvRg7mIfhyiyw8RPOYIHfuDuzET2omZcDqKBvQuDK/3YO+9fRi5qwOusArse64XP516E5f+iz7LZAyihsDHu/QJ514PAQ8VH2rUqFllUfGhRs0qz9+Cj6BuaVqPGNhSjN2Mj2Mwdh2lHKHbHaaB7jwNdOdg8hxEaNs0Hm0eQbSjH6nNA7A6epFf14HCmjZKC+yEDxvFSsmh8znVLbBUtiK7skXgQ1Q/vPDBmw4q+Mgo8qp+2LnvowIpDJAV8KEAxBsfXP3YQQDZlmajwaYNd8VmIHBHEvx2p2JtbA7uiCd8JMj4SJDxkUJJKxXVD7+sGvhn10OTs4gPnYwPUf2Q8cErQUnVj74FfCgAWQkfeh7gy/hQAPK34GMBIGLqFQHxvfDhtbM6T/cS/Sb8+5sUgIxDL/o/uAGdKyAj0NDz8a/ph7+MEP+KHvjzDu+l3dBR9MVdMBR1wVjQCaO9A+Y8em3yPfAv8hA6OgQ4fEs7sE5US7rgS4DxreqHb/UAfGsG4Ufo8KsbhYYSUD2GoOpRBNMxuGYcQXV7EdQwiUB67cwEN16y2NRMcdHjbeXMIIDQEUzPLZhev+D2AwjhuOn96ZlDCL1fRQjNIV2HpHQfwnp6fe5rnMVjlfvxdOEMtlqmsTN9H3Yl7UV0/Bh2be9F7OfdSH2sCcX318GxhdARVgx3WAnckeVoDStFS3ARWoNK4QmuRHdIHXqD6tEbUI8BswNDJifGzC5MBroxEeLB5AbeeLBDNKBPr+/EfkYIQUMkrBv7w3h3c7ouqgv7NnVifLMHg/e40XZnI5rvqsH47l78ZPYHuPSrC7j4h4vic3xernpcEE3m9Pm+xAChqPhQo0bNKoqKDzVqVnn+FnwEy/gw9/CmdlLVw0T4COg8goCOwwikBHgO0UD3EA105xHknsX9hI9nm/oRT/jIdPYht6ET+bVtKKiVNh201RM+6GjhykeNS+Ajp8pFAHEiq9KxBCDeO54zPhYAkl9FqSCIVCK1oBwp+WULq14pCFl56hUDxIZnCB8PJmQhnOCh2UX4iM7C2jg71sYXU0rgG0/gSKSklGId4yO9TODDL4uXkm2E1toEna0ZurxWr+qH1K/AADHIU4h0lf2iSqAAhKcQcfVADOQb9kohfOhF47m04hXn/eDDe8UrEZ5+Je9yfkN8tB4QO6ovIkSZgsUA4SlY9NhEBYQQQmjSNYxCS4jS1MlTouh5MUD4ufKUKWMZpaQXpmJKUQ/MBd1SCrsonTAXddJ1XSLc12Es6YGJfsZUwY3sgzBVDsFcNQwzgcNYMwYNvUZ+TRMiGucktM1T0FH0FAM9RhNhiZvmA+gxB9Jj5wTQ8wug18xMUVb64tdQT+gQ1bpeQlnfURj6j8EwQEgbpNdq+AQMg8cQ2HcMkfT63ek+hftbT+Oh5lN4xHkCD9ccxBPl09htH0WhdQydlgnsTRvD3tgeDG51oeuJBrQ8WAbHnYVwbCyEM6oY7RvK0R5ZifaQCniCCCTBNRgMa8RwpBODm1wiIxvaMLaBQLKeIBLpERsNTnIiOzC+gZvU3RjY2ILujQ40b65CwwMVmLVM4p9P/xQX/oO48S5w8e1L9FHmqVY82eoifdbps80fbLpMhYcaNWpWW1R8qFGzyvN+8RHauRQfxl4aoBE8zJRAwkcwDWpD3IcJHDSoJYAYKYGeA7jTOYInmnqxu4WrH33IaeyCra5NwCOf4JFHyfXCh7WqHZbqVmRXNYsGdG98ZHoBJLNYAoiYfpVfjXSCB+MjrbBCAESpgHjv+7F86pUASKoFW1OteCzJgo3xGdBHp2Hdbgkfa+KKFvGxh5JcIjYd9EkvhW9m9QI+NJZFfOjtbRJACj3QK/jgv/4LfPRBW7UIEAUfXD3Q1fNgfi90jQwQCR9K3hc+5OrHAkBE9eMo5cgN8SFWvyJ8eANEmv7FALl2GV6uguga+PFLjejiOXFvS9UgDJWU8gHC1wAhpB/G0sWYi3sQQOAILupGEJ0OJqBI6UMw3TaQElQ+hKDKYQRXjSCkagwBNePwJfzc5prEHa37sLZ1Cj6t0/BvnYGGom+l14injdHzUHaHF5s0ts1BR89XR+9TXedh6LsIGlytYzgTogN7OfRa0WklvKT07QSQ20dOwm/oFKHkLL3G5xA4+DzlDELo+s29h/GZzgOw9hzH0PirOD7yOs70voAz9Jqf9hzHUeccDlZMYl/eIMbSe9C7qxVdn3Oi/dN1cN5bgabNpWjaWEIwKYNrYw3aNtajY4MDfRtdGN7kwRhnQweGo9wYZnRsbkPPpmZ4NjvQdmcdOp9w4kXHSfz+jf/Glf+5jCsXgAsXL+MifYivEDpE7YMvvKxUO6TP/UrfC2rUqFHzUY2KDzVqVnn+JnzQMbDn9BJ8BHQfQVDHYYQSPMLajyKk/QgC3Udg8NAg1zOHDU0jeLSpD9tcA0hy9SO7ifBR7xJTrgoYHw2L+LDUti7gI4fxUbWIDxEZH5wl+CiQ8JFeWLUiPjjevR9Lpl6l5uC55Cw8mWbBPUk5MMVkwEeufDA+1sQVwydO6vtQ8LEurUQsu+ufWQf/rAbChzz1ivChVD94z4vl+NBW9ImqgDc+uGdCwYeIjA8DT3P6G/GxMEXur8SHtPGgF0B4QE8RCOFmeMYHA4krIKIJnfsvhqWNE+n56Ku9UkEQqaDnWUHPkyChhHs5/Kt6KN3wq+6Gf03fYmoH4FdH19cPUoagIdxoHGPQNo7D3LAP5vopBDRMS3HsR0AzIYMS2HKAHqP8uOXnYKBo6Dn5tc9TDkNDz1/XcRwGej34dTESEnglMBMdAztOILTrFMK76f3eewbmvrP0Op9FSM85hPe8QJe9gMCBF2EYPgftKH0uBuewqWsKMQPzaJ15GTMzr2J25ixm505i/vAZHD10DscPnsOxKTo9dgonh87iZM8ZHHcdx8HaA9hXNIGRnCGMpgyg68l29D7mQc/DdLyvDd13tqKbENIV1YzOSCehxEnoaILnvhZxu5GtvXix+gT+9MO3gD8Bl/5yVUyz+uPV8/gz3qbPNK+xS7lElxJIuOWDP/N0UAGiRo2aVRUVH2rUrPLcLD76/26lng8ejJ2GaUnl4yiCOo8hxCPHfRQBYllXaWnXENcU7m4ew5OtI4hrHUBWUwfy6ptRUONAQR3ho66F8EHooDA+LNz3Uc0rXzkX8LEAEC98KM3nDBBl1as0xkdRJVIJIMn5ZUjk3g+ufNwIHynZ2JqYiWcIH48kWxAekwXtriz4iWlXRbgjoQR37CnB2qRSrEsuhS9XPiiMD7/MWtH34W9phMbWBK2tBf55LgkfvNt5kUfq+xD46KEBeK80Jclrz4+F6kf9mBSeziT6PhbxYZTxwThgfPCUNgkfpwgfBIy+0wIfQXz03mzQCx9iZTKx6tVRQqEEkAACo5kG5VwZMLYyOhgiUhbwwb93GT4WAbKIDxMBQQCEp5HVcAgbHF6hSg43jvtXEyiqh+FHz9unpgc+dUr64FvfTxmAD6FjXQOlcQg+jhH4No3C1zkGTdM4Auv3IbSWUj+NsIYZhDhmENw0iyDnfgQ1HyCAzMLsYkgRPBhrBCs9IUvfeVTE0MU9SoQxXiq6k14jwgYnqJteP0oIw4ND4AgiKITSZRFd5xBJ7//wnhcRMPASdCMvQDt+FsaRo4jsmcauYcLHoS9g+jBl/iT2HjqM8blD2HvwEGbmjmLu8GkcO/ICjs+9gNMHX8K5g1/AC7Ov4NzUyzg9fg5nhs7hlb5X8Ir7ZZxznMGxsiM4mLsfU+l7sTdpFKMJQxhLHsbejFHsz5/GqYYTeL33NXxl8ov4/S9/hysXruKPb72Nd+jz/eerF/AuMeSKqHpQLtHn+pKKDzVq1KzeqPhQo2aV52bw8Tu6bvBHP8emoblFfHTTwKuH4NF3iuDBPR9Sw7mpm3c8P0EDNx7EnRQJ6FT+0k4DZDodTIPBB1rGsbt9CNnNHcivb0JJXQMKa5qQx1OtatqRU0vhng+6zFLdJOFDnnblPfVKCTeg867njBBl1/OUwkqR5IIKJNrLkGArQXwuwYMSZy1CrKUQMTkF2J1lx67MPOzKsGFXWg62J2eIDQefSsvD3XE5CNyRCV2sHT6JJbgtuQyfSCnDbSnlWJtSCv/kEkop/NKr4EMA8cmskZbdtUobDvrmOgVA/POlJWQ1RR3QlHRKe36Ud0PLGw5SdIyQakoNQYQG4hoatIvQIF5LA3qdcxL65n0wiE0HJwVA9C08tYgG1Nw0ztOFCBwBAwTCgTOEEN7rg6DRS689wdBM/0a867kI/Vt5938sIuQoTO4jMLYflsOVkAMipnYaxNPg3dQ6I2J2cS8F96EwipTKBz1GwhLjw0CPW9o0UZp+xRsRimlY3AOyELknRD5qa/so9FoQPHR1hDFlCd2GYWgb6X4aR+m1GBPRETw4ZkJPgIPSNC2FXhfu7+CjmYHEaSMs0WM3uyn0XIzuORgIWwYPpYOeJ1eA6P2pvCa8apuJAGLupteQwMEx9VLodQ2g1ziETof1nKXjCzD1vwjt0IvQjL5I+DiFqJ5ZRNPnpG3uLKYOnsLMDIFjVsr+A4cxSzlw8CgOHqDMHsHc/mOYnz2OIwdO4tjcaRyfP4OT8+dwin7+1AE6zlL2n8XJ6TM4QTk2eQqHx4/R8SROzpzB6dmzBJjncergORyaOopvfPENXLnEu5dfxQU+0uf74pXL9Hm+IjYT5M+0FP78i4P4HlCjRo2a1RIVH2rUrPL8Lfgwc9VjGT44vPLVwsBWRgdXPgzuY9B30G1b53BXy15sbxtEpqsDBY1NKK1rFPiwEzhyaz2EDzey6wgftQSPGgdylgFEmXq1EkBSi2uRIgBStQQfe/JKlwBEwUd0dr4MEBt2pmVje0q62HDw89x4HmdF+M4cmAQ+igkfpfjfhI7bUsskfCSVQJNUCt+0yiX48LXUiw0HfRkgec3wyyeAiKVk3fAvlgEiNhzsEVEAwpv08cpX2tpFfIjqR5OED47JOQFTy5S0+pTrgIQPes0D+wke/ecEQBbxQfDoo3+z98QH3cZDRzcDRIqxne6X8UGDdlM7DeApxjYJHyIuCR9K74cACO//wQAhKOgbCSD8+AkPogeEomFYrRCxP0htv4hBwIPO13MIMAwZvi9e1pf7SggdBu4xod/Fv1epvpjpcQgQ8ePiMJIYHvS4BTzkGN1StUjZZNHYySuz8ZRBem/K72Ej4dnEuGZ0UAx9Z6Dvp/c6T2nrOSX3O52Dofd5+A8SPkZehmn4DDZ0HxD4aJ87g+mDJzA7PY/Z/YdEDswSPCgHDxwR2T8jXadcNj93DIfmj+PwoRPXXHbk8EkcPXJqIceOnhbh03wd/wzf/uyZl/DnP71NouDWDvps0wf78mX+XDMyVGioUaNm9UfFhxo1qzy3Ah/8l2MFHou7aR+Fnga0Wg9hpPUgtjSP4xnXINJcnchvcqGkoQkFtU7Yaxkfbljq2gkf3PfhlKsfzhWrH94I8caHyHXwoQBEqX4s4iMPu9J5x/MMigXPEj4e2WPDxhgrAuPy4L+nCHcQND4p8CFNu1qOD1+l8sE7nhM+RPKc8LO3wL+gDf5F7YQPj8AH73mhLZcAshI+RGR88H4fSuXjg8YHV6VECB9LAXJjfBhpgK9UP5b0fojm89GFSHCQomwGuDxcFTEQOJToG4akED4YMtJ90evAcUrw4IrLAjwootrBj0d+fAwPES94BHgOwOSZW8AH97wIfHQfF6jgHfo/LHwsv0yBBke5DV/GYVxwlOuXx/tnf/bTfxb4uMKzq2SA0EddzrXfAWrUqFGzmqLiQ42aVZ4PFx9HoKVBLc+73+Acx+PNA0hwdcPa7EZ+g0useGWvbYWttg3WOg5XPhgfFLnvY6Xqh4IPBSDe+FAAkpRffk31Y/nUq91ZEj52pmVScgQ+Hk/Jx7178hESZ4M2oQBrkopxezKFG82X4WNdOgOkCj687C7hQ6p+NMLPJuFD2b1bW8zVDzcBRNr1XAHIivjgzftkfIjpTbcQHwEdywFyWExR4kqBgadeeTWii8h9H8oSwBzejZ2rHwwQJQoaxH4g10sDIYPhIaODp22JqVsEFoNjTLofRgc9d34NDEoVSP690gpc+6XVrOixidDj5XATPT8HRocU3nuGl4A+IqXr6E3hwzh4BuYBqZE/tJc+A33StCvN0MvvCx/emTt4dAkglPBlfB1npdsxSLyrInzdq698SZphRfi4ePGyig81atR8rKLiQ42aVZ5bgY/rT7sifIiB7UFEED4eburHrpZeZLZ0wdLogr3ehTwCBy+9myvjQ6S2GdYar8Zzr+qHN0K8qx8ixdXXxQfHGx9S9YP7PiwEkCyBj+dSrHg6tQCPpBQhMt4GQzxPvSrEHcmUFG98FMMntWIBH7znx2L1o1FMvfLLa/Hq++Dqx+L0K01Zl1T9YHxUyzue8w7eHxI+uPl8OT6k3Bw+lEgQmBYVEPEYGQrLAHLdEEAMXOVghDTycQRGueJhbBqX7qeZ7o/Dr4N4/jzNauljMMvwMMvoULIIjzmI/T2W4SPg/xI+FFgsR4X35cp1yvXKNCvlthwFIdJ1x/G73/5Rrnyo+FCjRs3HKyo+1KhZ5bkl+JAHtwsDXC+A6Lm5lwaAYS2TuKdpCM+0DCLJ1Yv0BgJHY5sAiI3AkUtHhkcOHS213IS+FB8rAWQlfHCW42N59WNJ38cCPrKxNcWCZ9ML8Xh6MTbG5yIgLhf+e+xYm1SANQQSn5Ri+CcXy/goxzoCiE+6hA+/nFqp+mGl2AggeU2EDwJIoYvwIVU/NMUeARCl+sH4MBA+DDI+dDI+9A00+ObpTLcQHyKEj6UAWYoPjr5tER+8h4ay+tUiABggU/T46PHKWJAqFjeOkQEiVzsUdCgVDyMjRkEH3Tejw+jiaV/ev5ciVz0YHkrFw7QCPHhlLwUf5k56PzI+eJEEfj8vvI+vxYdhgM7T68q3C+nhZYyfh5EAohl86X3hYyWMcJbDwzsMEIYGH71vq8CEqx8HZg/hh2/+CFfpQ335Mn/OFXio+FCjRs3qj4oPNWpWed4TH3TgpXaHfkz4GDwI3SD/lfjce+KD/4qsAET5y7qYgkX4MNIgkJfc3eIcw+PNw4hxDSCtpRsWRxvyGrj60QJbfYuMj1bk0FHs+7HC1Kvl+OAsxwdXP7jvQwEI53r42J1pxe6MbLHq1Y40C7Zl5ONJwse9yXYEx1qgTciFb2I+1iUXwofil1QEf8ZHShnhoxw+aRXwy6yGfzbjow5+PPUql6deOeBnd0JTQPgobCV8tBNCPAQQqfqhK+uGgfBhZHzUSPgQAJHxYWjkZWy5n0LCh9kl7/Uh44Nf578VH4GdEkCuwQf9e4nwKlE0mDdyBUSpgvAytvQ4TDT45zACRPWjhR4nxdjMCJkkYDBCGBCMqJVCCOEqhxwJHnLFQ+CDbiPgMS2yiA/ChrycrqmVwCEvDSyyDB8SPCR8mDsPC3gEdNHzlDcXfL/48H+f+Lje5Ryl0qHg4nrX8ZExolRCGB8HDxzGK194HX/587sCH0sBcu13gBo1atSspqj4UKNmlec98XEB+M0VYPgn/4yNgweg6T9Mg64XEMx7HNCAjAe5DBBlYMuDN/4rvAIPZXAr9RUcg6mLNxw8iKC2/djgmsSDzlE85xpGmmcYmU1u2BpbYOfNBuuakSvg0Q6LmILVulD9WD79ynvalVL9EBUQL3wojecMEM7yvg/GR3S2jI/MLESn51ByCSB5+FxqAR5NL0JEbA6M8TnQJObBNykfPoQQ3z0FdLoIvsmlhA9KWhl80yul6gcBxFcApAG+DJA8BkizBJAiBogbOrnyIfBR0QtjZb+ofvCGfIbaERjqRqEXe36ME0K4QjBJg/sJBPBSt6L6cBD69nmBvaABgsd18MGnA/r4Mgr9O3njMFBOEC+NLANEIERAUZqiJAbrXC3gRm1CiKmdIu//IcKbD1J4LxCpErHYjM5ZqNrI568JA0Rgg9EhVzx4uhZXReg67vEQlR4KLzHMVRcO/z7xO1sPSqHHpUSq2jA8uLlcmWolPZcAeh8yPALF0tDHxY7m/JowzMR7mMAh0kevJcVIsHu/064UXNwojAoFGjcbBSHe06942hVXPk6feh7/8atfq/hQo0bNxy4qPtSoWeX5IPAhovxVnSMPalfGx2GBD54aE9E2g7tdE3iidQwJ7hGkOzuQS/jgfT/sdU7YeKPBeg/hw31T+FgOEAUfHAUfCkC8p14t6fvIzsXurGzEZFgEPnal5eLZlDx8lgCyKd6CwLhs6BKs8Eu0ET7sAh/cB+KTXIR1KSXwYXxkVMA3UwKIL0+/stQRPhokfOQ3wb/ACU1hC7RF7QIfi7ue9xBA+qCvuhYfei98cCWAKx88xejW4oMrVdKKUErE0rTthxZiaqOBfeuceBxGikkceSoWVyek8DQpjlitSz69PCZuHqfnpcS7v8NAOFkKD37eUkwugkYrb4woxez12MTj46Z5eVUr8fg76Ui5ET6k9/HqwwffB+NjeuogThw/gzd/8CNcuHCJPtgKPFR8qFGjZvVHxYcaNas874kPOvy3Nz4GDiO490WBD57mo+CDB7UKPgJoAPde+OCm85D2A9hAA89HWsaxq30Uac2dsDlaUFDvoDTL+OgQALkRPq4LkJIaEQUf3gBZPvVKAghXP2yIZnxk5iA23YLdKVZsTbHhqTRe9SoXYQk5MMTnwI8AsiI+UrnywVOvlOoHhfDBmw7y1Ct/uzc+2gQ+dMWdS/BhqOwX+DASPoyED0PdUnzwHhfSfhb7aTB+4Nbhg/+9lsNDxocY1PNRxocSrj5Iq01JS/F644PjjZKlIYC0TMLcLIVPixA8jGKqlXfFg3tOpIoLw0PBB8ODw49tSbyeg1jZins8roMPfm0UfATI8ODX1ESv7d/acL48HzQ+lPNzB4/QeWnVqz/84S0VH2rUqPlYRcWHGjWrPDeFD7pu5B9+gU1DB6EdOEKDrhcR0vuS1GNAgzEFHwpAboQPczfho2MOBvccAtzzCKfB5L0tE3jWNYxUVxdymwgfDY2Ejybk1bfJ+Oh4T3x4A2QlfHhPvVqp+iEBpIAAkoeY7BwJH2k5iE6xYEdKLp5Js+NhQsiGRAuM8Vnwj7MQQGzwTSjAOgZIUpEMkGJR/WB8iOpHdrWMj3rCh1T90OQ7CSDN0BYSPoo8Ah+i+lHG+Oi9Lj4MhA8T4UPvGJcG5R8SPngXcBH3oYUYZXwYaNDPUfBhaqMQCiSASP0gHKVyoZy/NkqfyCI6OBJaJHwo1Q4d3a++jZvfubF8ER6mZfBQsCTgxBUPQsfN4oPhIcKv5yrBB/d98H2dPHGW7n8ep06ewz//879A3WRQjRo1H6eo+FCjZpXnr8bH4BGE9L0k4YMHuzQYE1EGthyvge3K+DhIoUEjDWKDaOC5xbkXTzYPIaW1G9amZhQSPgplfFgbOgkfndfFx/UAIhBSWrsAEAUfSpTmcwUgjI84ayEBxI7YHAtiswgfqVmIIXzsSs7Fc4SPxyib6bQpLgt+cdkEj1xKPtZSFqsfEj58M8rlqVdV8M2pIXzUwV+eeiVVP1bAR2k3jOXvjQ9d45g0HUlUA2ggfsvwcRymzqMCHnrPIei98GHiQb0XQBQEMD4Wqx9LAcLxvnxJuIeFoGF2KZkWkRrLJbQo+FDgwc3vSrVjedXD7PGqdnjBQ+Cj+0b4kF+jZfgwDz7/vvCxf2pO7GS+Um4FPvjy48dO030ewpHDJ/DGG9/BO++8S59nFR9q1Kj5eETFhxo1H4MwPOiwgI9LhI8rWMQHL7U7RvjYTIMqXu0qpJ/w0feyGOwG0kA3sP+MyM3gI6DrEIwds9B10qCVBoZm10FEOSfwaPMgEtt6YWl2oaCR8NHghJ3wkcvwuEHlwzvXVEAIHwpAvKsfSgVEAYh39SPOmk/4yEUcVz4EPnLE1Kvt6Xl4MiMf9yRbEBibAU0MASTeBp89BVgTn491SYUiawkgPqkl8EuXqx9ZlJxq+FpqpeqHjA+ufmgLXAQQNwGkA3qeesVN54QPPfd9VA944UPq+5DwMQFdA13WNAFD8zR0zfuviw9zP/8Vn157AkgALwogV6jEX/b5L/xeFSoFIMq/lYIPMw3QjVz9YHzQ7xFVD4KHmQf1K+DDTLcx8/QrwoFZroCIFbG4IZ3xwQ3iAhxSo7gEDz7up9sTQEQj/QydVyL9nPd0KwUeHFHt8IIHo0PJAj4W0CGtbCVFOs/wCOim96j8miy8hwkegfRaBg48L7Ia8MHhng9e7YrhwdOvXnzxC/jDH/4oPt9SVv4OUKNGjZrVEhUfatR8HHKF4SHh4zKh4zzh4xIdrzI+LgG/p+v2Ej7ulPER1PcignooNEALooEYLz3K4QHw8ixFyFEEd8whsGMGes8cNO4j0LUdQXDLAdzVPI5nXQNIdXUgt6lZNJwX1Lciv64Tttp25Na2UqT9Pt6rArJQ/SirE1kOkOWrXy2ZfmUpRFyWHbGZuYjJIHik8Z4fWdhO2Zphw+OpudgYmwnjzgz4x9kJHKX4X/GFuJ0RwnuAiGV4JYBw9cMnk5JdBR8GiLUWvmLqVSMBhBCS3wINVz9KPHKkla/0ym7n1YPQ1w5BV8eb7o0SOngn8DHwnhi84hWvAKV1TkHbelC8xkGD8l/peYoQN0jztDgCR6BcnTIOSP05vDqZ9xLJHOXfSUkgV0F42eROGqTz3iw8iJerHcvDAFEQYlyACMFg4ciVEJ6SxX0aPD2LV8lSIl0mqhrKtCwGB6OkjUMwWRZe5lccGR/8+xkaAhv0WLm6Jiegi2CxJDKE6XmZepTw8+clduV4NZnza+mND9MQXTZ4lvB9FmF95+j4Ir3WL0E7/AVoR78A88g5bOqdQ8zwPNzzZzF14PgSfKw03eqDxAffh7LalYKPw4eO4l//9d/x7rtczeSVry6L8H/4vHJUo0aNmtUSFR9q1HwMIsGDI+HjHcLHBS98/A+NVSYJH3cPSvgIoEEX4yOYBmj8V+C/Bh8hnv0Ibp8G93z4e47Bz32cBpGHsb5lHz7jGkJcay8ynbzDuROFhI/COg/yaloJIK4l+FAA8kHgw7v6EZ9TRPgoQExWHqIzc7AzMws70tJEdqVn49lUKx6Iy0bIjkz4x+Thjj1l+P8lFOOTAh95hA8CiYwPn/RSafqVmHrF+ODpV1z9UPDRLPAhltwlfGg4pZ1it3MJH/1it3Nd3RD09cOi4sExOcZgcvIytJPQNBFAaKDOVYtgwgf/td4bH2auTNGA2STjg2PoPyVi7Du5BCAc75XKxGCdBvScJRWF6+BjeRVkpSi9IdfmgFzZUOAhAcN7l/LlMfEyugIfjCPuT2F0yBUbrt7I2Fgefo5GgsZKWc344Bw/dkZUPrjhnHc6n90/h2984w1cvHhJfNav0Gda+c+lS8pKWCt/L6hRo0bNRzEqPtSo+Rjkw8RHsGcWwe4ZGjDOQ9txHJqOE2LQGt68D59qGcYu3u282Y3cBpfARxHhw17btoCP5QBZPv1qCUBkfHAUfHgDxBsfC9UPS/E1+NiZno6dhA+ugDyXlotPJ+UiMsYCze5c3BZXgP8voQifjCeIJNgEPtbyBoRL8CFPvZLxofR+8KaD/vnyfh8ED3/e9dwLHwIghA/DMnzwDuC8J8b7xYcCEOOy6seN8HGzAHn/+JArJMvAESAWJlg5Zt67g3+/DI9bjY/rTbvSDr38kcHHsaOnxe/gqsexo6dw4MA8jh07gbfe+jN9vCV8iM88/UfFhxo1alZjVHyoUfMxyIeJjyD3fhETNzHTZdpOCR+hhI8HW0awtaUPKc1dsDZ5UFDfjsJaN/Lr2pFXJ027Wg6Qlfo/FIBkldeLKPhYDhCl+uGNjwQZH7HZdkRnLeJjV1oGdqRmYmu6DZ9NzcfmeBv0u7JxW3QuPhFfgNtkfIjqR9IiPnzSy0TjuW92Ffws3vhoXMRHkVsAhKPgQ1vZu4APvYKP+lFo60dgaBwR+NA3TSzDBw2Ur4MPMw2cTRRvgDA+vDeIlFYq8/r3o/sM5OlL1wHIcoQoAFneBO6dlUDC4V4RXv1MylJkBBIyVkqA2DSQp1sthYeCDPH4Vwg/R2Xn8uVR4LEa8cGXKT0fPPWK8XHo0FECyBx+/ON/ENUPxsfFi/TZlj/7PAXL+7tAjRo1aj7qUfGhRs3HIB8ePo4hiHc39xwQm9fpaaCo6zgOAw1cQ1wzuLd5DE87B5Dg6kNOczfy6j3IryWANHjEyle87wdnOUIYH0q8EZJd0bAAEGXqlTdClk+9EgCxliA+u1DgY3e2FbuysrErI5PwkYmdKVnYlmrFU+n5uDfJDvPubKzZmY3bY/Nwe1wu7ojPFfhYl1QAH171SgBE3nRQnnqlLLvrzzue25rgb+em83boCCCaonZoSjqgK++GjvDBANHXDCwARFc3IqWeMNI4Cp1jL/wdkzeFj4ChswIfShgfJtGUrjRYSwmU/y1F+N+w67gAyHKELIeIN0ICbpCVQMIJcB8iUEhZRAijhAHC2Fi8fuF2YrfyozDR+0gJv8/Ee42hsey9qMRMz80bGdfLapt2xZcxPrjfgwEyP3dU9HwcPDiP1177It5++12Bj3fffXeh78MbImrUqFGzGqLiQ42aj0E+PHwcRzANGIM65gQ+dB3HBD6M7iMIbZvD5uYJPOocwu7WYWS09sPS2AG7wIdbrHyl4MMbIN7Vj2sAQvhQAML48AaId/XDGx97RN9HIeJypN3OFXzsTid8pBI+knPwudQ8PJJsR3hMDvx2ZmJNjAV3xFhxBwFkTYIN6xIJH3Lfx7o0nnol7XjuK+/54a9UPxgfeRI+OIwPbbEH2rKuxepHtYQPnnrF8NDWDkNbNwhdA512jAt8aFz7bwof5mUAeU989NK/IS9FS2gUEY3c3NQthwCysKIUAUTZV8PMyLhOlNWplsdM+BCY8BA4KFI/B71P5N4O5fJrQo9pJXjcCnyYh+n80DmE0usb3v88HV8ijLwM3cgrHwl8KKdFxWP+mADIoXkJHzz16te//o0AB8NDmX6lVj7UqFGz2qLiQ42aj0E+VHxw30cnDUJpoKkXAKEBrOcYQmlgur55Cg84x7G1bS9S20eQ6egkaLShoNEtKh8rVT8UfHgDZCV8eDee3yw+onNsAh87MxkfGYhmfCRm4vNJFjyWkoeNsdkw7EyDb3QW1hJEBD7iCR+86SDhw1fs+bGID97z40b4EOF9P0olfOjF1Kv+heqHgMffiI8lALlJfHgDZAk+5CgAWdjUj5FxnShTs66J2DuE0EExMjooynK6fFq5zjtGD/3MsqqH8n67FfgIGHkeQcPPI4xORwy8QMeXCSNfgH701Y8EPvg++P4ZHgwQrnwcOXwcc3OHMDMzi7//+x+Jqgf/hz/3as+HGjVqVmNUfKhR8zHIe+Hjj3Td1D/+EveN0OBx5ASCacDF+3z89fg4AbOH/2JOg00apPI+H3r3ERgoPPUm3HUQdzXvw+PNY4hxjSDL2Qu7owP5jSujwxseHxw+uO+jCPG827klD7tyLAIg0RmZiEnLRkyqFdvSbHgi2YZ74rMRuisNftuTsS46B2tjc7FOxgfDw4+nXaVy30c5fJTqR07tIkAIHxq7C7oCadqVoaQDeu75kPEhVT/6RPWDKx/GOmnfD33DMAyOMeidE2KpXV3bAQTT6x86TCAcfAEBNDjmHbk512s4v6lpV6IHhOBxnSh7Zij7aPAu4iIyQlbKQqVkhax0e85Kt10IocNAqOUYxRK6Xs3zch/L8pjofendYK70ejA2vMPoCKLXkxMw9MJ1Kx96rnyMvQLT8FlsJnzEjR5G28HT2Dd7TMKHvMu5NzauhxAlDIkbxRsdShSMMDoWMk+3naffN3sQzz//Iv7yl78s/eyr+FCjRs0qi4oPNWo+Bvmw8MGRmoOlv5bzwNLgkfBhbD+K4NbDiGrej4eck9jeMoYM1yDymggfDdfv9/gg8OHddL4cH7tzcrE7KwcxGdli08HolGzs4KlXyRY8kpiFqN3J0G1LgM+uLKyJsUoAkXc8Z4D4ppTAN63cq/pRA78cCR+aXAcBpAXa/DYBEH2xh9Ih7XheJuFDz/io6oehdvAjj48FgCzDg3euwYNXeL+OlcLVlYWpX17hDRAVfDA8bhofIhI6vLMcIB8nfPDUqxMnTuEXv/iFqHjw5145qlGjRs1qiooPNWo+Bvkw8WHuooFhJx1F/wAPOuk+CSRGD13WfgyhzQdxl2Man2+eQFr7KOzOLtgbWpdMubrZCkhOZaMIA4TxoQBEQYgCEO+m80QCSKK1GPHWQsRY8xFtsSE624rYzBzEpxNCkjKxMzETW1Ny8CTl7thkmLbGwHdHBu7YnYM7oi1YG5eHtQwQ3vVc9H6UieoH73jO+PDPlqoffpZGQohTTL3S2FvlqVduaAqlqVf6csIH73bO+KghfNQSOmpHYKiX8eG12hU3h4cOv/Ch4oOjAMQbIcunZd1c+P1A97dClNWrloffT0bOMnisBI4lofesAgwGh4IProR4A+TjhI9Dh+jnCCBf/epX8c4774jPPfd9qD0fatSoWW1R8aFGzccgH2rlo5sGf110OZ3mpXfN3P9BA09Dx0kY208i2HUUGxz78dmmvUhuG0VeSxfyGlzX9HwoAFHw4Q2QlfDhXf1Yjg9l6pUI4SMptxgJuUWIzWWA5CEmJxdxWRYkpFsQl5yJ3YSPnakWPJtmwcPxyQjZHguf7Wm4fVe2hI9Ym8AHT79awMdC9aNa4MM/ZxEfGluLhI+CtiX40JV1Q1feK6ofep56VaPgQ17til6jW4mPQB6oMzBuEBOH4UExcmSA/PWRqhgrZRGu14bRYeihI6FD7FlCj1nZwf16MfefEbBYCSAfV3wcOXIM09MzOHfuHH7/+98voEOtfqhRo2a1RcWHGjUfg3x4+KDBYTcN9HrotjRoDOg6IiLw0Xka2na6vP0UIpsO4pGGMcS3DCG3uRP2RtdC9eNmASJS5VgAiIIP7wrI8qlXC/jIK8EeWzHibEWIyc1HjMWG+Gwr9mQQQFKyEJuYhZiUHGxLy8FjiSnYFL0HfjtSReVjDeFjXWwefOIlfPgkcuN56RJ8SNWPOvjL+NDaXNDlET7E9Cs3AcQDfYmEDz3jQ1Q/GB9DS/HhtdQu4yOEBsgfND4ELlaIuZcrDYvnBTzkeFdDbj7XR8ZKIOEYu+goo0PJIjDo+XmBwzvelQ8FH0q8L/+44WNmZj+OHz+OX/7ylwtL7KqVDzVq1Ky2qPhQo+ZjkL8GH6a/ER/mHhrk9dAgjvAR3H0UQYwPut5AKPFzn0Fg5wuIbD6C+2pHsdPRB2tzh4SPRgkeywGyfPrVEoAQPhSAMD68AeJd/fDGR7K9DMmMD4rAhy0fsZY8JGTnIonwkZiSjYTkLEQnZ2JrcgaeSErGvXtS4bdTwsfaGCvWxeXBN4HhUQjfpGL4JJdiXaq034dfRjX8M2vgx9UPwocmt1ngQ2+X+z646lHUIfCh5eqHjA+jjA89Vz942d0VVrv6sPFxPYBwRWSlKVqcleHBoevl98rNxixPs1oJHjfCh4me53JoKNhYfv7jgg+edjU3N4+DBw/iK1/5Ct5++236uNNnn/6z0neCGjVq1HxUo+JDjZpVH+CynKuEjCukjctXL9DxIp25zP/D/9B1s//wS3x68DDCBk4gdJDw0c/4OIPgfkJGHw0GKWYa2HF4gMe7Z3MMcvQ0kNXzCkM0qOWlTkNo8BjWeQLhHScQ0kFI6TgLffsZhHY9j0jXEdxVN4bPNQwgtbkX1qZO2Agf9sZWsd9HPsVO8ODYFHzUuWCplQFC8OB448N76tW1+OC+D556RQCxM0BKkUj4iM8rRmxuAeHDTviwIT7dgj1pOYhPzZbwkZSOzyWm4tN0NO1Igd+uLPhGZ8MnLhdrE+xYR/hYl1wMX8KHT0oZ/NIYH1WEj2qBD552JfAhej4IH4VugocHWm98lCl9H3LlQ1Q/BmGsHxbVD41jAlrCR0APvY40QBYDZYGP5wkeHB5E00CbwgBZkgV8nLkmQb18pAE8D+oFMpTI2ODL5BjpvAghQqp8XIsOEa5uLAGHd/j6a4HBWQm1SoLo+mBCrUj3KQTTe0xJAL3nOMvxYWZkMZx7zyKIkMEJpteK4SYBRAqfDuTLZHyYRgglw/SeH6T3Kb2evLSxafglaMZehv/el2EcPY2N/QcJH/OEj5PYR0iYmT64sMyuNy74/Cwf5Xhfx1kJHN6ZY2QwOG4SH3MHD4kNB2f3HxCN57/979/iwnn6jKv4UKNGzSqLig81alZ5+I+fF2gAcp5yiUciV0ggl+gSkUv8P/yObjP/41/iqZ5D2NR1HGGEjyBKIA1cAwdogLgQGtgN8l/VT0FH0Q6cppyBhgZrmsGz4rS29xgNXo8ilAaN6zvOYIP7DCIZHZTAdhpouo8iom0Odzr34VP1o9jRNIZ01xByHK3Ia2hBASGjmLBRXNuKwro25FGslJx6F7LrWmAhfORWNcNGsci9H7zyVVaFA5nljcgoaxBJL61HWkkdUotrRVKKapAsELK48lWCrQRx1iLCRwHis+2IzcxFTIYFMQSQXalZ2J6chm1JqXg6OQMbdqXDuD0Nmp3p8I3NwW0xOfhEvA1rkgrhk1QKv5QKaNKq4JdeAd+sSvhaCB/WRgJIE3wJIH42Akh+OzQFUs+HtrgLGgEQ7vvog65yEPrqIdH7YaoZQAAvvVs/Am3DXuh5h3NCQsgww+MF+jd4USRwgCMPor2i/GV/palGSni/kAD691peRVCqDNxnoScwLA+vPMVTopSmcK7ILDSIe12+YmRs3GwCCRzhnScR2SElgk6H02VhXacQQgnuPk04IURxL4cc7usIpIRQwui5h9PzDOt/QSSEwBFMx6B+5bV7kV5PKaah52EYofsYoff8MN03vc8DhwnMoy/Ab+9L8Jt8Ecbxk9g8SPgYn0Pb/AlMHTiM/YSPmf3zIvtnD4nM0uUc5XLlOuVyzoGDR94zBwkXnLn5YyJL0LEsSzcdPISf/fTnuHTxivi4r/S9oEaNGjUf1aj4UKNmlYfxwX//ZIDwQASXvPBx5SIu0PW/potnf/ILfLZ3DhE8TYoGuIaBlxDUR4O1vnPLclb6q3mv9JfnpasMnYS2/4iIufc4QmmAGEYACemgQSJF33EUuo45BLj3I9I1ibsdo/hsy17EtQ0hq7kdNocLBYQMhkdxNeGjhkBCpy31rRI+KFz9sFVTvPDBUfChAITx4Q0QxocASEGltOoVhfERn1tMACkUS+/GZtsQnWlFdLoFu9KysSMlHTsIH88kZ+Lu2CwE7iB8bE+Gb3Qm7oi34LY9NtyeWIB1icXwSy6HfyqhI60cPpkVWGepga+1wQsfLfCzt8KfAUL48C/uFPjQED605b3QVg5AVzUIQ9UAzASQwNpBmOpGoGsYh8FF+KDXNmRYGigvxQcNpt8HPqTQ9TI+vAHijZDlEatNyZhgeCi5BhorRUbFTYcAFNRzfEkCReg6eiwcft/xNCvjspgJVjwdLWjoHEGa3seEi6ABOk1hgIT0yREokV5DBoiZbh9MPxdC54OHCBwjL0E39gp04y8jiHByd988EkcOwXPwFPbvP4bZqUVgKMhQoLH88luJDw4DZI5/ju7/K1/+Bv701tv0yWZ8qABRo0bN6omKDzVqVnkYHxyediX6PhR8XL6Aq8QSHp78B2Xqp7/ApwcPEjgOQTPyPDRDLyOg7xWE9HC+gNCelygvIrz7BYR1nSNYnEZ45ynKCUR0HhMJ6T4K7cAh+A4dgm7gCA1Wj8vz9k/DQANFv55j8O0+CG3XfgR59mG9awwPto1hu3sYGa2dyHW2Ib+B0FHbtgQfuTI+chpcsNa6BD7yKGLqFUXBx0oAWV794ClYyrK7SvUjPlfa9yM2Ow8xWVz9sGI34WNnagZ2Jqfh2eQsPJKYi/DdGdBuTYTPrnSs22MleOThtgQ71u4pgq9c/eCVr9ZlSPjwsUj48LE6BT787S7CRxv8uem86Dr4qOz/EPFB8ap+LAfIShHIFIsJSPjgRnhvfHiD5Josm1L1XmFcGAeOQzd0DIZBJcel0OWGAb5eCVfkpOgHT0M3fAaGkbMwjp4T06l4d3Le/T2AQTJAuOCeDsI1J4wS0k/QoNfTROgOpmNo/8sIGXwFgSOvwzRKGXkFYYPncH/3EaQOHUXn7POEDwLI1CFMz6wMkOWX3Up8MDqOHD4hjpzDh47jP/+D/6yg4kONGjWrKyo+1KhZ9aGBB6ODwwLheVaXz9P586L5/I908b9Q9v7sF3ho9AACCA5+k2fhzw22/a/TAPCLCOx9HcE9ryG4lyFCCOmmQRvhg6e/RBA+IgkekZ1HCSZHoO+nn6f70BI+DH3HCCAnoO+lwSANnjX9Jwgg89D2HERA936Etk/grva9eIbwkdbejdwWD/IdbhTVtaOYAML4sMv4sBBKBD7qXMituRYf3lOvblz9qF5oPl8ESDESrIWIy7GL6gdPv4pOz8GutEzsSknHVsLH46l52BSTDcO2JPjuTIVvghVrE+34ZFwe1iTw1KsSwkeZjI9yrMuuhq+ljsIAcUrVjzxvfHTAv5jCACnrhqaCAdL3fwUffw1AFvCxDBN8XlRE6Hi9eN/+ZmImfOgJHpqRI9AOc44KiOiHJICYCB3mfrodPeYAfp6UwF4CR/9Zut056Id5KhX3csih86K6MSjF+zUzDb1IYHmV7vs1mAZfpcsIHkOvwjz8OowEEPPIawij1/qB7mNIGj4J94GXsG/2LKanDgt8TM/MXYON5edvJT642sHgUOCxb3I/fvT3/yh9/lV8qFGjZhVFxYcaNR+DLKx2dfky5aKEj6vncYnw8QcZHxM//Tk+NTSN0IFZGMeOQTtKg7fBV2AYeFXEOPAFGuS9BDMNwAL6aNAqr5YUSLgI6j1GODkmjsaBo9D3ETx6j4jmZF7piisfxr4zhBACSBcBpWsegV0HEeqewcb2KTzhHkVyey9yWjqRR/gorHejhABSRADJr2uDTcYHh/HBTeiiEd1r5SsFH94VkJWqH6mED+/VrwRAbCXYI6ofdgJIHuKybIjO4KlXmdidmoHtKdl4OtWO+xIsCN6VAs3OFPjGZ2HNnlx8Is6KO8SO51Lj+bqUUqxNL8ParCr45NTK+GiCv1WaeuVvb4WmQJp6xQBRqh8aUf0gfFT1faj44KlJKwHkRggJ4GlPyzBxM8BQVtm62QTS7zIPnoCRsGFibFDMAycodH+UoH5eEIFXZDuHkF7OCyJBfS/Q45d6Y7iRPGCI3rf02hmHX4CBAKLjjEjRjj4PDcV/9EX4j79G5+n9PkLvdflnuOGcp14FUSIHzhI+jiBx5Dia51/CyPxZ7J0+jCmCB+NjOUC882FUPpRpV4yP6akDeO3VL+NPf/oLfQeo+FCjRs3qiYoPNWo+JhENH1e46sGrXEn4uEz8+BPB41eU2Z/8FE92j2IzQSC8ewbm3kM02DsNw9DZhRiHCBFDhAie1jJwEloRbjwnVAyeFJeZ+44jmNAR1HkUgdyA3HkSQd1nEdRDg90uuj83gcR9BMHuwwhpO4AI13482rYXCe39yGjpEitfFTR0oLjeQ3Ejn+Bh44qHjI9cXgGrhtMm8KEsvcv48AbIcnwsAoSnXlWKLFY/SpAoqh/5C/iIybRid3qWwMeO1Bx8PtmGTyfmIiomDfqdyfCNTcfaPRZ8MjaH8CGtfMXVj3XJJVj7/2fvrwPkqPL2ffj73/u+39/ze559dpeFhcUhISQhCgTXRVeQxZ2E4CHu7u7uDgQILvGZuOAQIEQnMj6Z2Ljc732f6jNT0+kZCJDJZPgUXKnu09U13V11zvlcdaSeaI0/NW2HPzfrRLpSQLrjL89RQJ7vRfmggLxEAYncbPDUVkNcy4efcvf09iNwdsdRJ0Q+wgIiyYg15kOcFZIMJwmRx7+1fIjzR4qFuIB/9wLK7gXu+XuUjPf4/APyIS4YHnD+8I+CljnPyI9xIYX5/NGf8HtSIigSp4+nZFA0Tpn4Ef406UP87+QP8YcpAadOXYQzJnG7ifwNx71DaaHoUH7OJjXHvo1LRi7AVUPn4JHxr6HXax9g9GvvYOKsVzFtRql8lCcgx1s+JBxa+25XweDzN5CQsIf53+TDMIyTB5MPwzjJKUIxJUP39yh0YzzgptjVYPM8vl6IHG6TTvlYsScJHd/8GA9OXoDbxs7HFaPnocG411BzxFycO3g6JWIGA8g5OGfEfAa0r+Nvo97AGaPfwukUktPIX8a8SwlhYMjAtcZQCsggysfgBWXk46whlJeBb+FvA97A2QP52oDXcE6/uWjcZxLu7jcST1FAmlI+nqN4tOoxFK26D6J89MXz3ftQQMLy0d/hu12Fu16FJcQLSBkJoXyEbzz40/LxNO56rBnufKQ5bnrkOTS4/ymcffejOOXex/AHPv5/72uK/3ngeYrISxSQV/CnR1tSPighT7WhgHQkXfDnZ0oF5JTne+MUCshpLQbg1FcG4rSWg92Uu6e3He7Ew8lHB9JpNP7WeRz+2nUiTu8zi7/7QpznZruKLR/+fhUiWkIqJCQeYSpq+dCgcz/N7TmUAf9Y43v841hES4ibytlN+1sqMGHcjRV57lxILnC8T6n4gPLxAc4b8RHOpVicM+oTfo+PcTZFw7XMKW3ExxTgDx1OSEaSMZ/gvPGLcM54SchHrkvWaePew6nj3wta+Sa+i3PGLkSN0W+g1pjXcMmYV9GA+aDRuPm4fNzruH7CW7ht/Bt4gHmixZTXMXDeWxg373VMnjmX8jEX08mxyEe0hHjREGEBCb/mxSIWEg3Jh6RDKG02/+6aNevc/T50p3PdcFCLv+t5ke7zEyorDMMwqgImH4ZxkiP5KOC/eU4/FHR4+dC6ENk5ecgtBlLzC/HV/iNYmZyBj/emYPbWPei55ku0WLQKjy34EP+e9RZumvgqLh8xG/WGzEKtwXNwwcC5OIucMXA+zhhMoaB01Bj6Bi4auoDS8hYuGLXQXbFXUPq3YQtx5pC3cOYgTdX6lpuW9Qxue+rAeajVewJu7T0C9/cehoe7DkSzLgPxSs+heKlzX7zQuZebgletH83Jc7oBYeeBTj6adyztduVnvYqWj6NaQKLkw7V+vNA6Ih8vu65XDzR7Afdp1qunmuFeN+6jKe56tDluf/Q5XPFgU9SgeJx6z6P4w3+ewH87+XgWf3jgheCO54++gj8+3hJ/fLI1/vx0B/y5aWf8uVkXnEIB+cuzkdaPF3rjtJf7OwFR16u/thri7nb+13bDcUa7ETir/XDX9UrycVoVlQ8/w5nuFeIfh9Oj+SXycc5wbkfhOHcYvx85Zzi/24igS9WZ/N5n8Pufzt/hNH7nUzVmg2Lx1wmfuK5S54zie0bwvcP5N9y0u++i5uj3UZvbXjz6PdTi36zFz3vx8LdQl9+pwYg3ce2oBbhl1HzcMW4e7p40Hw9Nex2Pz3gTzWa+jZfnfIh2sz9EzzkfYOjstzFhzuuYPluyMceJx/GUD48Xi1hEy4hn4cJ3cOjQYXfHc0mHlrw85n8uscoLwzCME43Jh2Gc5Eg+NK9VMLxcAiLpIIXqglWI4kJtBxSQbHKYQYnGgexmQkJ+AX7My8cXWblYtT8H7yakY9rXu9FryRd47tUVeGTGYvxj3Hu4gUHcVUPewOXk4j4zUKP/DFw4bDaDvzn42/A5+OvQufjrkLm4YAyD06Gv4rQBs3FK/9n485B5OGXkq6g1ZBpu7DMK9/UdiSf7jcELfUehZZ/haNlzMF6mcHj5eLa7Bp8PoJBIPgZQOigkUfLhBSRW96tAQDTuo4OjdNxHazyiu54/97Jr/XhQA8+bPufk4z9PNsV/HmuG+ygf/37sOdzw2LOoc/8TOO3uh/CHeykgDzTFf9//DNfPUT5exB8faYE/Pkb5UNerp9rjlKad8JcS+eiGvzzXw8nHqS/3pXz0w2ktB1I+BlE+huD0tsNcC4jk48wOo9wNB0/rMqHKyUeJUKjVI0JYNGLxS+RD44r+NvJ9nEHZOIPfxzFWYzbed/xl/Ls4ZcK7+PPEd8jbOGXyu/jL1Hdx+iR+pnFv8bd4E+ePegM1R76BuiMWoOGwBbiCYnzdYEoGZfmflOD7KCaP8TdrOu4jtJr4HjpMehOdpy5Aj5kL0HfOmxgy9x2MmPs+xs56H5NmfIDp09/DnOlvYv7UeXh1ykzMmToLM6qAfKiVQ2u1gKgLltZ6/tprC/DDD1tcq4dv/fAtIFpilRmGYRgnEpMPwzjJCVo+JB/qdKUuWAw8dFtzBSAFWtM4tMrjUzkJn+by+YHsImRRQHIiUnKEHCS6IWFSUTH2kh+4cXxqIV77JhUjV3yPHu9vQrN5i3HXrPdw/cRX0WjMTNQaMRXnD56Ic/qOw7m9x+HCfpNRa9AMXDRiLgPPuTht2HSc13cMruw+DPcOGIdmQyfj2d7D0axjHzfeo4W783nfiHxo3R/PdxlIARmEZzv1KxnzUZ6ARHe9erK1Wj86RrV+tHHy8fDzrzgBeaj5S3hAs141bY77KCD3Pd4UDz7SDPdSPG594jk0fOgpnH73w/iDuP+pEvn43wdfKJGPPz1eKh+nNO2MUyUfzbvhVMnH871w6ot9AgF5ZYATkNNaD6aABN2vzmw3DH/rMLKsfGjMx3jKxtiP3QBqce4Y8ZG7c3dF8uGfH0358iH8+I+j8EJB6ThnFLcNyUdYSMoQEoxY8hELve+M0e/htDHv4q9j38UZ4zTmiAJEsThz3Js4e8JbZAEfz2f6XJw5VrO1zcH5o3nejZqOelxfOnoOrhkzH7eOeRV3jXkdD41ZgKdHv4WXSQfur9fEjzBo6hKMnL4Y46Z8gAlTF2LCtAWYNH0+psyYg+nTKBNTKA7jX8P8cW9gwfjX8cb4eXhzwmy8MWkG5k2hfEw/8fIxh/vXWl2vynTBmjsfcXHxyM7OLtP6obLBrw3DMKoSJh+GcZITjPkIbjSotZ6X3PhD5KsFJEgrJuoHXlhcRD8pQkFeASkkFJd8igh3kkUOUVQO8G2SEXGA7CcSkwT+jY3c/u2k/Zj8w04M+PQrtF26Es3f+hiPzlyIexkk3tR/Ihr3HIXaPUeiRt9RqNNrBK7oOgS3U0Ae6Tsaz/YZhRe6D3HyoZaPF7v3xgs9AgF5vtsAvNBlUBn5iCUg5bd+dMGTrTpFCUhbPOpaP1pSQFrg4WdfxoOa+arZs7j/6Wfw4BPP4KGHmuLeh5rhtsefwWWPNcXf7n0I//PvB/Hf6np1f1P84b5n8Ud1vXqY8uG6XrWifLTDn5/uGGn96BzIx7PdKR9B64cGn5/6cn+cSgFR60cgIEPwt7ZDcYbGf3Qcg1OroHy41g+uo7f16bGQSByrfJzL9wSzW73Bz/oGzhu9ADVGv0qxmIc6FNdLRs5Ag+FT0ZjCetnQibhi2ARcPXQCbho+Hv8cMQn3jpqKh8fOQNMJc/DipHloPXE+ekx7AwOnvoWhk9/AqImvY9yE1zBhwuuYTLmYxvW0ifMwbdIsTJ88jdIxBXMmTcO8iTPx2vi5WDDuNUrHArxJsV4weT7mT52N2dNnV4mWj+jB5iVdr+a9ivfeex+pqaklrR9a9DhWeWEYhnGiMfkwjJMceYZ3Da2ZFDzwUDQ08FwUFeUjvzAXeYU5XOe7rlh0EAYqGrBKGeHaTZrl9ss0PskrKOT2Bcgr4prPc/n6YaJB7ElEM2lt43425xZjfWIm4rbvw/tf/Yipa75Cn4/X4qU3PnFScs+YObhr4ET8p8dwNKOMtOw70rV6vNytj5MPtX680F0zX1E+ug7Gi10G47nO/Y+Sj7CExGr9eKpNVzzVunNZAXm5HR57qQ0FpBUF5BU88lwLPPTsS3jgmefwQNPmeOjJ5njk4Wa454EnccdjzXD1U8/i/Acfw//eRfm49zH8z31PUz6a409R4z7+9GRb/PmpUvnwXa9O9fIhXuqLU1v0d60fp0YE5AwKiMZ+nN6B8tF5fEg+KBvjPsE5Ec4bKz7G+WPLCoiXCy8fYTEpC7cJCcTPpUQofiKtDHytPPkol1Fvo8aIBbh4xHzUGT4X9YfPwaVDZ+KqwdNw/aApuLnfONxJWb27z0g8yPPlif6j0WzgGLQYPBadho5Ht+ET0Xv0VPQfNx2Dxk/DUDJs7BSMHDcJY8iE8ZMxeeJkTJk4BVMnTqWAzMLkCTMwefJUTJk6EdOmT8SsaZMwe8p0zJk4G3MnzKeMvI4ZU1/D5GnzMH7GLEyaObtKjPmQfIQHnJekzX8NCxa8ic2bN7uWD9/lShJiA84Nw6iKmHwYxkkPIw3KQKTZI0REPviksDCPspFD2cgDNYL/ZSO3ON8NRM+PIBHJp6AUSFAKuC23Ly7OobwQHKHDHEZR3mEgOx9QcoEaVYpxhGTxvdn8m7lMyyOuWxfZlZWPLzIOYkViGj5ISMKrm3dh4MIlaDNsItr2H4H2fYegVY++eIXy0aI7JaRbX8oIhaTLQLzUZRCe70wZ0f0+Ivf80OxXnuZqAaF8NIu0fjSlgDxN+Xia8vF0my4lAhK0flA+Xm7rBOSxlyQgLV33qweav0ABeR4PPfUcHn/sWdx7/5P4x2PP4OZmL6HOo01x2t0P4493P4r/vfdp/O9/nsEf79e4j5dd16v/fbQl/vxEW5zyZHucQgH5CwXk1Ge64NTmGveh1o+eOOUF8hIFpAUFpOUAnNqaAkJOp4Co+9VpHUbjL5SP0/rMKG350GDqCOeS8yQe5Fx3Pwu1jGg6Xo0N+QBnjX7fcQ5fO2cshYScW4ZyWj5GaXre9/je0nUJeq77vIzi/sRo/i2uJTlnjqKEaJsxXJMzQ+jeHGeNeBNnk3NHvkW5eMtNoXvhiLdQk2kXDX8DtYa9gYtJ7WELUIfUG/IqLh84A9cOmILr+0/Czf0n4va+43BXrzG4vydlo+cINO8xDC91H4K2pDMf9+g1HAN6DcOI3sMwut8IjB80FhOGkRFjMHHkGEwYORrjx4zC+PGjMWHiGEyaMhaTp47FxKkTMGnqTEyaNhMTp0/FhBmUk5kTMHnGREyZRhmZMhPTpszF1GmvY+Ks1zGGMjBq/nyMnzMX02ZW4W5Xc151rR9xcSuRlZVF6Qjkw4/9iF1mGIZhnDhMPgyjWhC0eJQS/XohPURzYgVoViyNDdHkvM5RtPa4FhJdNdXMWTQJCkuA7pqugSO0DNdkogiH//Opa2DxME13XFdLDLem5gAHSQZJ5vt2ZB7BhNnzMWTsRIyZPA2DGTAOGDYSfQYPR9d+g9CpR3+069IHrSgbL3fpi5c693G80LEXnu/Q0/EcpSNY98Cz7bqjedtujmcoHs0oHk+37YIn23TGE60pH6064rGWHfDoK+3xCAXkkRdbl9z1/P5nW+C+5pQQysb9jzbHfY88i38/+ixueex5XPFwc9S46zGcevuDOPWuJ/Hnu5/GH+7V2I8X8cfHWuF/iW46eNpjbXH64+1w+hPtcXrTjvgrBeSvrvWjO059qSdOe6UP/kL+3Iq06YfT2g3AaW0G4bS2w/CX9iPx545j8Zfe0xm0v4HzJzDYn0CRmEDJ0Hq8hIKCQM7UDfTGf4K/lRBMKav0M93rlIBx7+CssW/j7HELHWeN1XMKSuSO36XwfW42qQ/wN4qFG+itQd/kbyMpNyMW45wRS91d788ZsQRnj1xMKeHf5HvOohD9bdz7/Czv46/j38Wp4952nD7uDZwx9lVKyDycN3o+Lhw1F7VHzkWDYbNw2ZBpuGrgFFzXbxJu6TsJt/cZj3/2GYt7eo3GI92H4qmug9C020A06zoAz+qmk1364WUKZ2uKaLuu/dGp+wB06zEAvXoORO9egzCg9yAM7TsUI/oPx+jBozB2+FiMH0kBGTUOE8aMx/ixZPwETJgwHhMnUjomTcTESZMxecqMgKlk2jRMoYRMmTadwjHd3TF82tTZmDZ9LqZQNCbPmodJs+dhKsVDYz7EzBkUDzJrJmWD+Oc+bfYsCkh5SE4izJlNMQm9pudz51A+YgiJR695eZkXWZc852tvLHgbSYnJQd5jplReVCtmkC+jywPDMIwTh8mHYRiVAuMgFBQWIicvF+9/9CHGjBvHQHAaxk+Y5BirrjIUkpEMIIePGIuhw8eh56BR6DxgJDr0HYa2vQajpVpFJCOdeuN5isdzFI9nJR6tu+CZVp3RtGUnNG3d2cmHWj8kIK71o2UgIG4GLEqIBqE/RAm5/7mW+E9zCkjTl9xg8/sefx53PfEc7nzsBdz06PNo+J+nce4/Hsbp/3wMp9z1NP54b3P84aGX8D+PtsIfKB1/eqwNTn20Df7Kx3990stHJ8pH1xL5OLVF76Pk4/TWg3B626E4tf0I/LnTaJzWeyoD/gWUD4oGg/pAQD7EuRPex3mUinMkFZQMSceZ4zwfuTQh+TjL8Q7OHvM2zhmz0OHl48yxHzj8LFpOPsZEZpiKSEcZ+Ri1COeMWopzR4pF7n4b5/G180a/jwtHv0sW4oJRmmp5AXmdvIoaI+ag1ogZqDtsGhoMnYpLh0zG1QMn4uYBY3F735G4q+cwPNh9CB6jYDSjYGg8z0sdeqN1+25o376rowPp2KFbCV0690TXLr3QvVsf9OzRj+IxAH16D0S/voMxcMBQDB40HMOHjcZIni+jR43H2DETMW7sJMf4cZMxYfwUTJwwFZMmTnNMmTyjhKlq6XDCUZbp02Y7dAfxgN9IPkL8IvmIEo4w8+YGfPvNDyhU98l85TnJR7COlR8NwzBOFCYfhmFUDpQPkVeQj282f4sJEyeSyZg4aYpbT5g4lY+nufUEBorjJs7AyEkzMXzCTAwZNw0DR01G3+Hj0WvIWPSQlPQdio4UknY9BqBVlz5o0bEXXmxPGWnXFc3adkaz1p3wVKuOeJKy8ViLtnjs5TZ83I4C0g5PqBuWnwHruVfwkFpAnnwO9z/1PO5++jnc8dQLuJk0fqgZzlPrBwXkT/c8hT/c/xz+m/LxX4+8gv96vA3++4k2+AP545MUkafa48/NOuPPzbvgFDflbnf85UXJRx/SD6e+0h+ntRqIM9oMwt9aDsSZ6nrVbhhO7TAaZ/ScinOHL8CF496jaFA2KCDnj/+QvI8LxhEKxAVjmDbmA1xAYbhg9IeO8ykQbiwI087l83NHfcS1UJrGhkhMPsLfIuhxAKWF+zpz1HtE3akCznKoS9U7lBu1oLyF80e/iRojF6D2iNdRb9h8NB4yF1cM0l3rZ+D6ftNwU58puLnXZNzWawLu6DkG/+g5Gv/uORL3dB+OB7oNwyNdB+PJLgPRjLLxQse+aNGhJ1p36IF2PFbt2nVzwhGWjk4du5cg8ejWtTd6dO+LXj37O/Ho22cQ+vcbjEEDh2HI4BG/e/lQK8j8eW+4v79k8QpkHcl2s2wzy5l8GIZRJTH5MAyjUnAzbHFdUFSIjP37MXvuXIwbPxGTJks2AvkQ4ydMwVgGjqPHTcVoCsgoCsioSRSRidMpItMwfPw0jOBaDB07GYNGTUDfoWPQc9AIdOs/FB16UUYYsLbo3BMvduyG59p2wjOt2qPpK20dT7dog6coIk+81AqPPd8Cjz73Mh559iU8/MwLeLD5C7i32XP4R7PnceszL6LJ48+i5n1P4C//eBB/vOtx/O+Dz+J/Hn4J/z/y/zzeEv/3qdb4v0+2wn89RRFp2g7/80wn/IHy8cfnuuFPz3fHKe5+H/3JAJz28iCc/soQ/K3VUJxF+Tir9SCc0XYYTtOUu5SP84dJPt7HOWMoIBqvMY6CMe4jRw3KwoVMv3D0OxHeo3xQSCgd51MwzqN0nOfuBq4Wi8VkCc4mZ43+OGjxUNcr132LYjPmXYpJMNj7fN0ocvibuJDUEMPeQM3hr+PCkXPIdFw0cirqDpuChkMmUTgmUDbG4dY+Y/HvHqNwX7eReLjLCDzecSiebD8UTdsPQvN2A/Bs+/54vl1fimAfvExatKNstO+Btu26u9aNTu06owvp2q4TurbvjE7tS1s6JBy+tcOLR7jVQ+KhVo8BPM5q9Rg6ZCRGDB+DUSPHOfkYM3pCiYD8buTD3ffjLf79ee7+H/v2priZtpnVrNuVYRhVEpMPwzAqBUlHIaMhjSvJzcvDJ4sXu+5WavmQgEyaPN0RtH5Mw3gyevxUjGLwOIpBpBip9bhgPXbSdIyOvDaCEjKcQedQBp+DRo5Fv+Gj0XvoCPQYOBRd+w1Ep9790L5Hb7Ts1JUBcWc836Y9nmnRGk+90AKPPfsCHmnWHA+TB59pjnuaNsM/mz6DOygi1zz9HOo+9BTO+PdD+NO/HsYf72uKPzz8PP6fB8gjL+P/PvEK/j9PtcD/9ymKSNM2+K9nOuC/m0tAulJAeuDPL/TBX14aiFNfGkQG468vD8PfXhmOM1sOonwMdvJxaodROL3XNJzL4P8CCocbTD6WIjH+E5w3bpHjfDfw/H2cO/ZtSolQVyxJSjDYvLQr1SKcOXoxWcrHS518nEtZOX/0Qlw46i3UGPUGhWIBao1YgNrDX0WdofNQb/BcNCCNBs1F40GzcemgGbhs4Fg0GTgMV5Hr+g/BTQz47+g1EHd174+HuvXHU5374NkOvfFiu154pW0vtG7TE+1bdUfHlt3QuZXoii6tu6BLG0HJoGh0a9eRstEB3Tq0d3TvyHXHDujcsYuTjs6dejjx8MIh1OIRFo/+/YY48fCtHsOGjnKtHiYfb/H9rzkB+fyzr5GnGR8iC7PeUXnRMAzjRGLyYRhGpSDxUOsHYyE39mPzd99h6rQZrvUj3PIRtH4ESEbGkwkUkvFMHztxCrefQumYjNEMMEePnYjR4ya6sSKjxwfTq7rXyEg+HzF2AoaNHocho8Zi8IjR6Dt4GHoNGIxulJGO3XqiDQPfFm074KXW7fDMSy/gqRefw8PNm+P+Z57FPZSSW555Hpc/2hQX3vMI/nLH/Tjl34/iLw8842a++p/7n8V/P/oC/uvxF/FfT7yM/6KA/E/TtvhDsw74wzOd8adnu+OU5yUfA/CXFwdxPQSnUj5Obzkcp7fSzQaH4rT2I3BKx7E4tfcMdwO/8yZ8gjM1rmMCBWIi5WHCMj6nSIxfhNMnfIjTJr2Lv04U7wdMeB9niPHvu0HgZ7oWDrV0BJw/6m3UGfEq6g3XwO85aDSUcjFkFq4YPN0NAL+m3yRc33cCbuwzATf3noBbeo/H7T1H457ug/EAg/+HuvbBw1174fEuPfEk5eDpTt3wHAXuxQ6d8Qpp3b4T2lEs2lEqOkou+Fs62on26NqhA7p0bEexCOhEOnZui45duO7WHp268n2dupSIhx/f4aVD+O5WvsVj4IBhJa0evsvV71k+hLpdaQYs3QX9vXc/wqGDWcxz1vJhGEbVxOTDMIxKQV2uwvKRnJLKoGq+a/2YMnW6m4XIj/mQYKjrlbpgecaNn1yGCZOCLlp67Aerjx4zAaNGj8eIMePLrEdRQoRkZRRlZSTTho0cgyHDRmHQkOEYOHgo+vTri+69eqBtp454sW07NKOQPPhSK9za9Hk0+M+jOOvWe3DGHQ/i7Huewul3PYlT734Kp97/DE55qDn+8sgLOOWxF/GXJ1/BKU+1xilN2+Mvzbvg1Od74tQX+zsBOeWlgTilBQWE4nFa66E4td1w/LnDSPxvp/H4c59Z+NvIt3HOxMX428QlOGPiMpw+cTnFgutxS/HXcYtx6sRPcMrkD/CXye/j1EmSj/fwtwnv4qzxfN/Yt3D+mDdwgW7SN+o1XDTqVVw88lUnHFcNmoLrB1Aw+o/HzeTWfmNxZ59R+GevEfi37jrfbQju6zoYD3YZhIe6DMTjHfvjxXa90aZt9whd0aZdF9IZrSgbrSkardu3R5sO7dGaYtGGQtGmcxu0p1R06NSWgtGegiHJ6IAOXds72nVt52jbne/z9GyPtj06oFPnbmVaPbx4SDrE0a0ew4+SDy8ev1f50Htff+0tN+uVPnNKcrq7b4+N+TAMoypi8mEYRqXgx3tIPjToPCsnB/ErVzv50KxXEg8xddosCohmwZrqAseJGpSulhHNijV+4k8ybhyD0LHjMZaMHjMOY8io0WMdI0eOxggxYhSGi+EMYB3DMXbkCIwZOhTDBg9B/4GD0UPdtRj0tuo1CE937IW7XuqAG55sgSaPvIgGDzRHjX8/jvP+9RjO+8+TuOD+Zrjg4edx/qMv49xHW+DMx1/Bmc3a44zmnXDac91w6guUkJf64C8t+uGUV/rjj68MwJ/bDMUfO4zCf3cai//tNd3dK+PcSRSPcZ/gjPGLyRL8bdwSnDluEc6ifJw1YRHl5GOcN+FjNxC95rh3UXvMQtQbtQANh83DpUNm4IpBU3H1wEm4lpJxXb8x+HufEfhXzyG4p/sg/Ic80G0gHu46AI937YenOvdFU90zpUNPvNi+B14mr7QPhKNLq27o2aIrer7SFT1adkG31p3RTV2oKCEdKSAdOnZEe0pa2y4d0EZ0a4fW3Sgl3ToSCkoP0r2LW7fp2ZmSEdCOtO/ZxdGhZ1d07NkN3XsGYzqihSNMeKxHuOVD3a6iWz/C8qHzZ/Kk6WWk41jlY+aMUumIxkuIFw9JhCcsF9GEtysDJSKWePwUwWxXgYDo8y5etCxyn49gyt1grZwXiIjdgNAwjBOJyYdhGMcd3+rh5SNfd0xnAPTV199ixszZruVjytSZrtUjPO4jkI8pjgkTJCCTKRiSkPIZN24ixWOCY8yY8SWMHj2O8jGmhBEjJCGjKR6jMGLYCIweNJgMwiiKx7CBQzFo0DD0HzQCfQePRvfBY9C+/yi82G0QHm/dA/e92Al3P98Btz/TBjc/9QpuePoVXMv15U+8jAaPvYSLH3sBNR5vgfOeaomzm7XFmc92xN9e6Iy/vdgVp7/cHae37Ofucn5au2H4U4cROLXHZJw38g3UHB9MZ+tmtSI1x36Ei8Z+gDpjP0TdEe+hwdCFaDxkIS4f8gauHPwqrhs4Bzf3n4Fbe4/HP3qOomQMxf0UjAe79scjXXrjsS698GTnHmjaqQeeIc926o4XOnbHyx264hW1ZrTthPZtOqJD6/bo0roDurZuR9HoSOHojJ4tuzt6tKKAtOmK7m0oCu26OQHp3IF07IyOnUhn0QntunJ/3btROgLade/u6NC9Bzp2645OXHfp1gNdSfduPQO696pQPCQdvtVD0hG0eoxw4z28fGjA+e9aPvge7dPLhz77wrfeRUZGJvNeMOOVbjzobzioxcTDMIwTicmHYRjHnUJKh7palXS74nPdmDAxKRlvvLnQDThXi4ekQ12pgi5Y00u6yzgJIepG81Mo6FTwqSDU47vkKDhVkOpR0OoC1xFjMGbwMIwZNNQxavBwDCcKcgcNGom+A0agHwWkW9/haNGxD55p2QXNROtuaNqqG55ggP7wK51w78sd8M8X2+PWF9vhmufaoMnzbXDpC+3QgM/rktp87aIXO+BCSsgFLXrh3Ff64OxW/XFBl1GoN2Q2Lh3zJhqOWIBGI15H4+Gv4dJhr+GyIfNx5aB5uKHPbNzaYxbu7D4D/+o+DXd3m4T7uo7Dw11G4vEOA9G0XV88164HXqIotGzTCW3adECrth3Qol1HvNK+M1q10xiNjmjbrhM6tOuAzm3aO9no4WiD3qSP1kzv1rYrOrbvhU6OnujSoSe6km4OykMHikmEXqJjD3Tr3BOduvamaPRx6y5d+6Ab6dG1L3p26YNelKE+nfugHxnQqQ8Gdu6L/l36om/PQDQ0rsNPpetRa8fR4jGyTKuHl49YYz5+Ly0ffp8a96HPq7EfX3/9DfNeMO7Dy4eXDi3RedQwDKOyMPkwDOO44+XDSQf1w0tIVnYOlixdDg0497NdeflQy8ekiRKQQEImTggkZML4ihk/bgqDTy8gHgnIRAaogYB4SkSEwevYYaMwZuhIjB4yAiMpHkMHDsXggQp8h7oAuD+D3z5cd+3eD20ZcL/SpjNebt0JL5HnW3XEc8TdW0R3VWfw/3Dbzrif3MPH/2rdEbe3ao9bWrTHTS064KqXO+KKFl1xeYtuuPSV7mjSYQDlYixuHTwVtw6cglsHTMJt/Sbgtt5jcHvPUfhHtxG4r+MwPNZ2GJ5oOwRPtxuEZ9oNwHNt++LFNr3QonVXtGrVCe1adkCnlm3RtWUrdG/VioLRBu0oGu0oHaJD+06u21RnPtag8G6Uk56UlJ7t2qN32wh6nTLRlrLQnqLQgXQinTv3RlfSvVNv9OxIkSB9O/ZC/w69MECPKRQ9uvRH964D0JP0In26DEC/rv1JPycaA7r0w0AyuHM/DOG2g/ha/15lpUPCEY3vbuUFxI/3+KkB578H+dCYD3W70mfQjFdqAXFdrxYvQU5ObhnRkHxYq4dhGCcakw/DMI47JfIRJSCFRcX4+pvNruuVBo1Pmz7btX54+Zg8aUaJgATy8dNIQAL5CCgVkElOQDyBiExg4CoJGY8RCmYjY0CGDh2OIUOGlTBo0BAMGDDI0a/fQPTqxYC8U1e0ZrD+Spu2eLlVG7zUsjVeeKUNnifP8vlzbdrjWdI8wjMM9Jsy0H+ybSc82r4rHmzfHf9p0xV3te6Cu9p2x70Mzu/vNgD3Myh/kAH6wwz4H2ew/2SnnmjWoQdFowtaUHBeIS0pM63bdERb7q9tm3ZoTzpQNDq1bo0ubVqha+uWji5tW1M4JB2d0bGD0M38uqJTx24UjK5umttuXHfjuju/j+jWuTs6du2Fdl37on23fuhEcehCSejKdTemdefn7NW5L/pQIPrxcX+1YJB+nSUbg9Cn6xD07crfqRvFodtAQgHpTgGhtPXv0R8D+XgQ14N6UkR6Uj76lEqGkzwi2RBh+Yhu+Qi3enj58OLxe5OP4D4f87mPV13XK7d+/Q3s3ZvI/Of8wy3KiyYghmGcaEw+DMM47miaXUmHBpprvIfGgORr0CsDo/2ZB/HOu+9j5KhxmD5jDqVD4z4i3a4mzXJMnDjTMWECpeQnGD9+OsaNm4axY6eWMGbMlDKMHj3ZMWrUpIDRE9zsV0M1A5YYMYqMxODhlI9hQzFwEMVj4ADKBwPpfgy+e/VA1y6d3IxO7TTgumNbtGzXilLwCuWghaPlK684Wr/SEm0pJu1atkX7Vu3QtnU7tKQ4vNyuI15o2xHPUiSe4fNmlIvm7Qgl5QVKzUsUilZtuT2logMlon2bl9Gu9fNcv4B27V5E+/YvoX2HFmjX8RW079QKbTu1drTp2BqtuRZtOrZDu05duE03rrtyu+6ODp17ODp26YkOXXs71F1KdO7Wl99NXab6BrJBelA8HBSHHupKpRmpQtPhit7dB6IPhaNvd8pHd0pDjyHo05My0msQevcegN59uA3p2bcPevE37Nmfv2N/Skn/Uunw4qFWDuGflxWPURg2NGj1CMtHuNXj9yQfQi0fer9aPXSjwTmz+Xlmz8UXX3yFnJw8JxtePsLdrwzDME4EJh+GYRx3FOyo9UPCEchHEfLy813Lh0Rk1eo1GDFiDKZN10xXU13rxyQnHx7KyEShFhCtp1E0pkfwj9XtajrlYxrlY2oAxUOMHTvFMWbM5BJGj57kGDVqopOPkWOCqXmHjx5HCRmNoRIQtYIMH+5aQoYOG8a1BqIPdALSu1cvdOvejQF8Zwb2HdG2fTu0oSi0bs2gn7Rt1YbC0YbCQXngukOLgPavcJsWrdGSaS352iuUkVdaqwWlA1pSRlqrNaMtpaEtt28dtGZ0bt0SHdtQNigdHdq9hI7tX0YHSkcHikaHTprmth3ad6GodG6PNhSiVlyL1p078bVuJbIRCAfXRK0bwslHt4BAPgLx6Mn0nl24pow4KB4SDolHjx583pMiQXr06k8Z02BxCkbPgejbgxJC4XBExnH07jsQvfpym/4DCN83oB96DeyP3gNK5WNAfy8epfIh6RBlpWOMI7rVI7rLlcb//Hby4fkp+SglWjjCHCUdHsnHMROIzry5b7j7fUhAdLPBWTPnYunSFdi//4Ab8+Hzop/5yjAM40Rh8mEYRiWggEcBUJjSIGjXrl0UikmYNm2GY4rGf7gxHx4992nBOtzNKhjrMZlowHn5RHfB8l2vhFpexIiRYzF8+GgMI0OHMeAdpsHN6oo1AkOGMBgeNBQDBgx23a969uyLrgzgOyuo79CNctCF0tAZbdt0QtvWFBLRpiPakfZ8LPQ8TJsQbSkf7doGN+5rryltue5IOqnblOs+1cHRsQMfd+BrmnGKdPAzT+lu4Z26omNn0Q2dunRHl649Y9JV6y4B+g6ebpQQd6M/rnto3T0gaOGgdEToRfFw9NIdyDVLVTBTVZ/Q4PE+vTVjFYWk7yD07acua6R/QH/+hiKQjlIC+VBrB2VvSNDFSoPLPb7FIywd5YmHzpOwfEg4PGHRqAgvIWERCYL7eQz6JR3lEVs8REzx+BXMnSPpeJPy8aZrBdF9P/QZ3ljwNnbt3O2EQ40fmvnKUzZ/GoZhVB4mH4ZhVAKSjYIIZeVDy8GDB/Huu+9B9/JwAjJ1pgsaS+XjaBRceqJnu4olHiIsH15ASiWkdBC6glvhBzX7wFeBsO4xEQxCH+wCbgXqujO3bpQnAenQvqtDIlI+nculQ/suJYTHaPjH4TQ3dqNT95K16EIR8nSlWHSTUMSgu5OMUkolQ60bpY/LiEYILxwSjDBONiL0o3QI/VaeWJIRRr+v0ExjYeHw+BYPf7zK627l5SO6taM6y0dAIB9Knz9vATZu+Bx5eXnMa+p2ZXc9NwzjxGPyYRhGJVCxfKgf+oYNmzB69FhMnjyVQd8sFyBKQMqjYgGJTfQgdC8fAaUCouDWC0i0hIQFRLMz6d4U6oqku3PrLt2SENGpo6SgFIlJKWVFIhovFmGpiH4eLRpeNqKFI1oyPF4wYklG9PPSlo1SokXj5whHLPHwsuGFw7d2iGjp8PzcVg8vH2Hp8FQ3+Sjl9RLU/evddz7EoUOHXT7TYvJhGMaJxuTDMIxKoGL50KKZeWbMmHVM8lGegMQSDxFrFqywfHgU3EpAYkmIBERBsoJlBdISEHU3UrckSYhaQqJFxMvIT8lHWC6ipSL6eXmtGtFy4UUiFuXJx68RjWjhkGSEhcNLR3RLR3ny4X97fzxErHEeFXW5ihYP8XuQD029K3bv3ufymrJb0O3K5MMwjBOHyYdhGJVAxfKhAek5OTn4+ONFruuVu5M5A8lwl5loyheQ4F4f5RFLQAJKb0iowPbnCIgGQ/spYTXGQa0gfvYnCYhQlyzfLau0JaS0ZSOMl45YchGdFm7FCAtHWC7CQhGLWNt52YjuRuVFI5ZweNEIC0dYNCqSDv2OYbx46DeOFg8dk2Np9dA5EpaN6iwfc2Zrxqtg1iuJh+9+pc+5bt0GZGcH9/wIxn6YfBiGceIw+TAMoxIoXz68eGj9zTebMWUKZWLilJKr1uURlo+wgPyUfIhY8uGvniuYVXDrBSQsIV5EyhMQtYK42Z0iLSG+NcR3y/Ii4kUiFmHhCEtFWDJ8mpeNWK0XXiR+iliiEc3Pad2IJiwZFUmHfkeh3zTc0hFLOrx4ePnwwlheq4eXD4nG70E+Zs8KxnpIOjTzlVo99FnefHMh0tP3O/lglousY+VTwzCM44/Jh2EYlUDF8lFQUIDs7BykpqZh3rxXGUBOccFhLOmIxgeZpRJSOgNWNOFWj6MpKyC+BcRLSPkCMpJBtcaABPel8BKiVpBwS4jvkhVQViTCeKkIy0V5hEUjLBthoSiPsFjEas0oTzCin4fFIlowvGREC4cId62KFo9o6QgLRxgvHmH5CIuHzo9o4SiPWOIhKpKPiimdgjdaOMIiEia8zbHhWz2Clg/hu11p3MfMGbOd2Cu/BVPtmnwYhnHiMPkwDKMSKF8+/KKboWVlZeGjjz5hEFlxl6swx0s+vIAIHwQfLSBjKCCjGUSPYnA9wglIuBuWbwURXkZEtGCEiSUZIlo0woSlI9xiIaKlw+PFI5ZoVCQY0Wlh0Qg/D4tGtHD4blWxWjzCv/HPlQ+Jh8lHWfkQfszH9OmzsHTpctf1yqbaNQzjRGPyYRhGJVCxfARTgRYjNzcfX375NYO+WS6IjBaNWBxP+fAC4ls/jpYQTcs71kmIF5BwNyzfCuK7Y3liCcRP4QUjFmGh8FLh8WnRhMUjlnCUJxmxpMPLRfhxtGz8lHSExSP8W1ckHmH5kHiYfJSVj4BXnXwsXPgOdu1KcPnN5MMwjBOJyYdhGJVAxfKhMR96XFhYjKSkFLz+2psuoIwWjVhEy4cXkFjEGv9RSnD1vCIBOVpCAnwLiLpg+RYQdcHy3bDCEiJiCcRPEW61iCaWUHjCIhKmPOnwchEmLBn+cSzRCAuHl4xYhMWjVOTKiof/vaPFI3xc/LHy8hE93kPnh8nHq/wcczBr1hysX78x0vJh3a4MwzhxmHwYhlEJVCwfGvOhh+Lw4SwsWbzcBZU+gKyI31o+YglIOPgNB8Xhlg8vH+HxH+ULyNEtET9FLIHwhGUjWibCghGN3yaWdJQnGeHnXjSihcPLhReM8HOfFm7tCAtd+Pf1xBIPERYPk4/Y8uG6Xs191d28U10aDx06QvkI8p5hGMaJwOTDMIxKoGL5UDCkq7G6KquuV998/Z0LCKNFIxax5GPSRD0/mlhdsUrx9wgpKyDRIiJKRUTjQQIJ8V2vwgLiUTcsUSokpbLwc4klD55YEuHFISwU5eG3DYtFtGB4sYh+HpaNaKnwYqF1rPRo2YiWjOjnInxM/LGKJR4mHwGSj/nzXnP30Hn99Tewdet2yr7yX6x8ahiGcfwx+TAMoxKQaHjpOFo+gpaPQDw0G09SUipenf/GUaIRi99aPryAhINcTzgI9kGxblAoCYnV/cojGQkLSSyB8MQSDxFrW0954iHCkhGL8LY/JR4iOi26RcPLRVgw9Li81ypq3YhOiz4eXjxMPmLLR7Df+Zg393XMnj2XzMPatRuQl5fv8pthGMaJwOTDMIwTipbCwkK3loTocU5OLpYsWeYCTF25VVCpQFJBnYJMBYUVy0ds9N7yKe2eJRkJd8nyg9L9PUH8XdElHQqcwwG2UCAeDtYVyIdFINxS8XMJC0M0YYGIJlooYuGFIiwV5eG/47FQkWyEiSUYItzCEY0/fv4Ye+nw4hEWjKm6c36EadMpFzPmlBBOD782IyIcsThaOEoJAn8G/cdE+WLiZUZSEUyjGxB+rsczZ8yjKOmzBdsHAhS8bxrzzdsL30cy5V5ZL1Z+NAzDON6YfBiGcULR4uVD3a/y8/Pd+ttvv3VBpYI8f+Va0qEAU1ehj7d8hAUkWj68gITlIywgYfkQCuq9DEgWYsnFTxEtHGHCshFNLNkIcyziIaLF4ufg5cOLRyz5KK91oyL5CB8/f4x/jXx48fht5COWXPwUP69VRC0ZuoO5biT46vw3+fcCuQinCT1Wut6vx1q/seAd7Ni+x03uECs/GoZhHG9MPgzDOKFoiZYPLQcOHMD8+QtcMCnpUPCo4NI/rgz58ALi5eNoAQkCZy8gCrLDAuJR0O6D/ViCECaWXIhY23rCMhFNWC7KIywX4c8di2ixCOO/fzQ/VzxiycexiIf4LeQjnP7L5UNBfyzBqAiJRtBSEY2EQ62A0elK869pZiu/Vj7R53BdriLv13O9tnrVemQdyY6ZHw3DMI43Jh+GYZxQtHj50HM//kMiEhe32gWXCiQVPCqwVPDk08qTD58WTXibo9Hr07nvYxGQ0nEJ0QIifFCuoD1W0B+LWALxU8TajycsFhXxc+RChL9fNPr+sYglHmHh8EQLRyzxCEuHCB9DHWN/XohjkY+Y4jEztnR4wrIRTSASkoVjoaxYhNE+vVwELR+lhKUkLCP+fWop9K9LSt55+33s359ZJh8ahmFUFiYfhmGcULQEs10VucdK02Ott29LcIGTgkwFTQomFUApCC1PPqID0DB+29jM4PvLCkhYRKK7YAUEwbIPnsMS4tdCgbkP7n+KWGIgYomFJ9b2nlh/I8zPFQuP/06xCEtGGC8c0eLhf78wsYQjWjrCwuGPuYg+3sciH2EkHZ6ZFQhIWDaiCeTjWCkrHNGExSMsF0KfR3nFf1c99tKhyRvef+9jxMetwZrVG/DNN98hO9taPgzDODGYfBiGccLREi0gWrKO5GHhW++54FMBlQJMv/YBpg88w4FoOAAN47eNjV6PLSBh+QgLiA+UFTR7+RA+4PbBtwLznxPk67VYgiBiiYUn1vae8N8tj/BniBaKn0ssyYjF8RIPEX28f4l8lBGPWQzqK1s+3KxURzNv3quYMyd4febM2YRiwce6eeCkSVP4+mt455338fHHi7Fieby7oeCWLduQnpaO/RkHcPDgETeRg2aUKyiw+3wYhnHiMPkwDOOEEhaOvLy8knQthQySli+Ld4GlAkkfiCrw8wGmDzzDwWg4AA3jt41NIB9eQKLlI1brR1g+hBeQcCDuBcTLRXSwH0avxRIIEUs6PLG29/i/WR7hvx9LKn4uv5V8RIuHP+axxMMfbxHreP8a+XDiUdnyMZvvCwmHmDNnnmP6dH6XaTOcbOh+HR9++DHi41dh48ZN+PHHbUhNTUdWVg6ys3MpGXnQlNVC987REggHkJ9f6NJ9PjMMw6hsTD4Mw6iyFBYA6WmZrsuVglAFfApStY4VbHrKSsXPpXz5KE9CvHxEC4iXEOHlI1bAHpYOTyyBELGkwxN+fzRhufi5xPqsHv99YhGWjDD+NwlLR/Tv5tNiSUc0YemIJnweRMvHlKkznXiEJUOPvYho7fEyMosC4oXCS4fv0hROE4F0aOYpzU6l6XGD8RYiehv/PPz67FlBS4Zk47XXFuCdd97D4sVLsXLlKnz99bfuBoHJyak4ciSbAqE8Imn/pRyd3wzDMCoDkw/DMKosko8DmUfw4QeLXMApCVFQ6QLJUJAZTayg9Kf5beRDhOVD+OA8OpAPB/xeFmKJhwgLxbEQ/hthKhKJ6M8ZJtb2nvB3DhMtHiL6d/PPj6d8eKlQi8as2fMdeiwJmTyF24daRHzrR/RsV65rVAQvDhIKLxzBa3pfIC56PFP7434dMzQL1VxuOx+vv/Ym3nv3QyxdsgKrV63DZ599gW++kWRsw759iThw4GDJDQHz8wugO5OrJYNP3VoCErRixJKLn+Lo/GYYhlEZmHwYhlFlkXzkZBfgyy++dYGkAkovIBURKyj9aY5dPnyQ7APncDAtfNAdLSPCB+zRwX0sUfg1RO/fE5aGYyH6e4QJf98w4d8kWjLCv51PC0tGecQ+hj8tH2G5CLd+xOqKpeeSDy8bkoxoJB/+3PR/f9rUma7LlMZpzJ//WkkrxvLlcfj008/www9bnGDs2rXbtWQcPHiYkiG5UFcp3f2fdsDF5QE+1/TTPk/4sVHCpxmGYZxMmHwYhlFlkXwUFwF7die6q8oKOn0gGQ4yo4kOSH8ev1w+ooPocLDt8YF4dMAeDuwlBbEE4tcQLR2e8N89FqI/f5iwcITxv0H4N4r+3fzz6BaO8oh9DCuWDz/ew4tGWDacaERaO8oQkQzfRSr6/NNjva4ZpTQ5wkcfLsbiRcspGZ9TMn7E3r2JbjxGZuZBN8OUWjB860WAP9+DKac11bQXCy8gflyUFr99+LFhGMbJhMmHYRhVFskHGGcdPHDIBXUKLqODv1hEB6Q/j18iH3oeW0DCRAuIJxy4++A+liiIWGLhibW9JywO0cTaXoQ/VzTR3yGM/57RRP8eYdEI/34+zYtH7ONUMeHzoLyWj+juVV46tPZyovEhYvLkYL8SD01xu+D1hXjn7Q/c1LXLlsZjw/rP8OOWHUhN2Y/srFzk5eYjP08zSqmLlG+dCAZ6ayC4ZpsKj9eQV0hINFBc79H2Xiz0fgmJvw9O9OLySKSlxDAM42TB5MMwjCpLEWMuUcDATV2vFECq+4sC03CQGU10QPrz+GXyER1ARwfY/nmsoNwH7eHgPpYk/BSxBMITa3sR/pvHQlg2oon1HYX/DcK/i5cM/zyc9lOtGxURPg9itXw4oZjC4+zGePD1iJDouV6TkMyd9zrefOtdvPf+x1i8eDlWxq/Fp5u+xLatO5GWmknBUJMc/1eDRGTt4OOC/CJKhlovghmm/OxSXhYC3NOjFt/FygtHuMUjVppfwnnGMAyjqmPyYRhGFUYBXKEL7NR9ZbYGCc+ax8B0KqYoWAwFmgGlfe9/DT8lH6UBcxAsh4Po6CA7nBYdlIcDdx/cxxIFERaAaGJt7wm28fsvXZfepd3fsb30zu1jRgtt69elj8tuH34c7DNaNqLxv4l+TwlG+Df04qFjED6u4ePiH0dvE014HIbfdvKU6RSO6RSMWTyP5mL+q6/hrYXv4sOPPsbq1euwfv0mfPnVN9i2bSdSUtNxJCsn0hpRKheiZOFjuUBhge7Mr1aK4JzVovSwJ/hzObiDv15Ty4YneF1iES0XygfRaX67o/OLYRhG1cfkwzCMKouW4IpvMbKysvARg8TJk6di6lQGkUJXrxlkljLLrcNB6M/FX22PRTg4DhMWjGhiBd7RVCQh0YS3iSbW9p5SSRBTSh6PG6v7lYipUWtt47cr3d4/Dm9XytTINvo++m76DbyoaXu9T+Kh3+1omQtEpFT4JJHTpmpiAR3LmZSHoDUqkA8JRXDMJBX+GJUIBtc6B3xrh7pLaTzGu+9+gGXLlmPt2rX44osvsXnzd9i+fQdSUlJx6NAhnm+BAATnXngdKy04PytOMwzDMGJh8mEYRpXFX+EVugHhV199hSlTGJyS6iAfwguIl5BYAiGihSNMrO0D9LqXibIEEhGbWNt7Ym0vxo8Lfo/w99H3k1yU/o4e/xsGj4PXJR/aV/Cb6L06LpKJ0vcEa6VPncrjNkXCoSmYZ7qWDN3lW5KxfHk8Pv/8S2z5YSt27dqDffuS3aBvSYbOI999KXyehc87wzAM4/hh8mEYRpUlOkBMT0/H7NlzMGHCpN9cPhTklocPnqMJAuLYRMtILMoTkFiEt4km1vYe3zLxWzF+3LRyCL6Hvpf/DfQb6bfVWun+s2qt1/XbBoJSdgyIttdreuzxaTq+6n739tvvYunS5U4yNGVtRkYm5eIwDh/OQk6OBm+XzhoVfT5JPjS2Ijc3t2SMRXg7wzAM4/hh8mEYRpXFL/65AsoPPvgI48ZNqFbyERaQaHnw+NdjEWt7j+/y9FvhB9tHE7weyId+G/+76bdQur6j0nx3KD32v5W20/v8d9FzbTN/3ut4e+H7WLF8Fb7+6jsk7kvBkcMSBo2v8K1ipeeLZo0Kbrync6XQ3TsjuH9GMG7DL9rWC4df/D4MwzCM44vJh2EYVZZwUOi7ymze/H3puI/fUD4qwktINAqSy8MH1uURS0DCEhJN9HZhYm3viSUKnmix8MTa1uPHaRyNXud7x0c+0zj9bX0GChDXkopgBq6xLn36tFmYN/c1vDp/gbs/hu6NsW7dJnz33Y/YtzcZmfsPoVhioQHZhTwPNCg7guRCouEJ5CI4X/RYr+tcCXev0oBwyWs4Tfjt/HPDMAzj+GLyYRhGlUVLafAYBI6HDx/BnDnzTnr5ELEEJJZAiPA20cTa3hNLIDyxxEPE2tYTWzw8fP+4CRgzZpxba2zOjBmz8Oqrr2Phwnfw0UefIC5uJTZt+gzffrvZ3eU7uPmeWjMCiVCLhm+9CM8GVfrYE5wXXh60Dj9WdyqN7/Ddr6Lx55i21zb+uWEYhnF8MfkwDKPK4uUjHFxmZ+cgPn6VC2ynTQ1mNfLCIfnQ7EhlheTnES0cYWKJx08RS0g8FclHefjtwmLh3y/UsuCn1g2ko/S9eu5nopIk+M8YCENYLMJjLzS+o/Rv67nSNYg9SA+6SQmlT58+G6+/rlml3ndjMdav30jB+I6CsR27d+9xs0odOHDI3WRP8qDDKyQc4eceHuqo57HlI4w/V/z5En5NaX6bWIS3NQzDMI4fJh+GYVRZwtKh51oUvO7cmeC6Xk2ZHEyvqoBe6+nT5lAkAhk5VsKyEU1YKn4LwhLi5cHjA/5ofKDvUZq21z70+bX2aX4/Xgz83/TbSFC8qOi5/1x6nx8r4mXG30V9xPAxDv0emrr2ww8WuZvv6eaPu3buRUpymptRSoIhQVRLhiRBiw7db0vs88UwDMOo+ph8GIZRZVHXGf/Yi4iWw4cPu6vskyYFgbWCZgXgM6bPZXAcWy5+imjhCOOD89+asIQILw2x0Gt+e6H3+/d4MZAseOHwoqGZwSZOnFwyRbF+swnjJ3E9xT2fOGEyxo6liES6Sml7Pdbr6i61aNES101qy5atSEjY4+QiKyvHSaC6Sx05ku3W4XEXftExO36zSUlItd9jIdZ+DMMwjMrE5MMwjCqNXyQeQf99uIBW3XrU8uFvJBdIRNXpdlUR0fsNS4UXBy8WHt9aoRYJLyOe6dNmO7RP/z7XejF2opMICYXEQpIxfnyQJvHQuJmZM2djwYI38fHHi7BmzTp3A77k5FQcPHjYiYWmrZVoaNYov/YtGlp0jHw3KB0fPzbHi6KW6GP66/kl4iFi7cswDMOoTEw+DMOosmgJd7nSOpi1qNDd20EzJingnjvntUgwP6NkDMix4oUgFmFx+C2Ite9wi0b4uRcR/zyc5vHdpIIbCwZjPtzf0YB8Csbs2XPx5psLnWCsWrUGmzZ9iu+++8GNxUhLS3fdpPxYComDBn1HfnK39nIRDAb33eCC13Q8JCTqZqXjE2xXOu7CH7/fFpMPwzCMkxWTD8Mwqixa/JV0LUpjLOvWGRn7sfCtd12Qrav+EohpU2c7osXi5xAWgmi8EBwPwlIRRlLhWzbU0uGfSyy8bPixH/r+ErA333gH77/3sbsvxsYNn+Obrzdj+/ad2Ls3Eenp+113KclCIBDB7xsIR/Bc+Bmn/HP93n4bvVb6utLDchLsLzhGgXQcV/kAZedYMPkwDMOoEph8GIZRZQkHs1oHV9OD9Ly8fGzYsAkzps9iID7BBeAzZ8yLKRY/h1jS4YklDb8eSoaQaEz0s0xp7YUjkIuxYzV17Xg+n8Rtp7ouZgtefwuffLwEa9dswBdffIMdO3YjcV8yBSMTBw8cpmTkoiBfv5nEoFQkoqewDV4P5CH4zUtFovR5IBgeLbHSA/hPaAn2UXr8fjsi8lEssdC4oLBklJNm8mEYhlElMPkwDOOkQ8Gs7uGwbds2zJ07l8H6JDd2QeMYJk+eRplQ16vYaEyIR8/VUqJZstRlK5wWtKAE2wdT0mpwu7p1+fEVpfsQkyYGU9dOnBD8/fD+/HNtI4GYPl3doSQfkzF+/ASMHj0GI0eO4no0JkyY4MZkzJw5E2++sRCLF1My1q5z98RITExCRkYm5SLLfX8/xiIsCwH+celvVv3wQuOlQs89sdL8+wzDMIwTicmHYRgnHZIPtYKkpaXh3XffZbA+idIxmUH99Ih8lAb9Hi8ZYakIC4Re02PJgyRCoqB0zaDl5UTpur+FlxC/Ly8keqz36X4aat3QY+1P6Hnwt2ZizJix7jPPnj0bCxdKMBZj1apV2LRpE3788UekpKQgJyen5Lvm5mrQt2aUCm6Y5xe9rt8h/NsYhmEYRlXG5MMwjJOWYNar9Zg6daprMZgxQzcaLB3Q7btUaRC6J9ydyr/mx4yEX/OvC4mDtps1cx5mzpjrHvtxGeExGoFgBO/za73ntVffdGMxli6Jw+pV693N97Zs2YKEhAQnUGrJ8K0YfmpaT7RshNFrIjrdMAzDMKoqJh+GYZyU+MB8165drouSWj7EtKnly4eXgvDrXj7Cz4WeSyb8QO9gTEbpjfz0mraXjGiw9/x5C9yA708+Xoq1azbim6+/xXebf8D2bTvdeIzM/YeQky3B8GMwSgdkh9GidVhE9H2VFpYSn64l/LsYhmEYRlXG5MMwjJMSH3zrhoPvvPMOpk2b5lo/pk2TFJSKRxhJhm/lENEiohYMyYVmktJazyUZWktI1Ioxb+7reHvh+1i8aDk2rP8M33+3FbsT9lIwUpCUmIYDmYeRn1foBnwXFlAM5BMaf6EB2qR0fMbReAHR4/Di0/w2+u7hbQ3DMAzjZMHkwzCMkxIfeCsQ/+yzz5x8aByF5GP69JlcUyimUkTUEuIHok9VGmVDXbMiN9mbxufC391b6TNnzsFrry3AwoXv4uOPF2Pjxk+xZcs2pKSkuZvvZWUFN98rueFexBX4cRz8aCWPfbqbaapkmtvY6PsE2wffK9y6Eb1Eb2MYhmEYJwMmH4ZhnJT4AFxBe1JSkpMPjf2Ilo9APKY6Jk6c7GaSCgRjNubNexWvv/4G3nrrbcTFraTEfIGdOxOQmXkQ+flB64KCez32f5NJfK7uU8G0v0ouvcme24TvCdKFn97Wv1bR4r9P+Pvp7/vxIGFJ8a+ZfBiGYRgnEyYfhmGclPjAW8G4xkYsWrTITVUrCfHCIQGZM2eek4sPP/wYy5fHYe3a9fjyy6+dZOhGhbm5uidEIAqVR+zvZBiGYRjVHZMPwzBOSsKtAFo2b96M9957D0uXLsOaNWuxadOn+O6777F79x4nGYcPH3EtFP7u3Xqb30/QehAtCMeTo7+PYRiGYfweMPkwDOOkxMuH73aUnZ3t7o9x6NChkhvweTkRvqXEt5aE18JvZxiGYRjG8cPkwzCMkxK/qMuVn5LWC4meSz7CaRXtQ0us1w3DMAzD+G0x+TAM46TDt1j4RbKh1g4vIX47v/jHXkS0jb+Phn+vf49hGIZhGMcPkw/DME5KfMtGePHpXkTCrR9aoltAwks43TAMwzCM44PJh2EYJy3hVg6PF43oJSwesZbwPgzDMAzDOD6YfBiGYRiGYRiGUSmYfBiGYRiGYRiGUSmYfBiGYRiGYRiGUSmYfBiGYRiGYRiGUSmYfBiGYRiGYRiGUSmYfBiGYRiGYRiGUSmYfBiGYRiGYRiGUSmYfBiGYRiGYRiGUSmYfBiGYRiGYRiGUSmYfBiGYRiGYRiGUSmYfBiGYRiGYRiGUSmYfBiGYRiGYRiGUSmYfBiGYRiGYRiGUSmYfBiGYRiGYRiGUSmYfBiGYRiGYRiGUSmYfBiGYRiGYRiGUSmYfBiGYRiGYRiGUSmYfBiGYRiGYRiGUSmYfBiGYRiGYRiGUSmYfBiGYRiGYRiGUSmYfBiGYRiGYRiGUSmYfBiGYRiGYRiGUSmYfBiGYRiGYRiGUSmYfBiGYRiGYRiGUSmYfBiGYRiGYRiGUSmYfBiGYRiGYRiGUSmYfBiGYRiGYRiGUSmYfBiGYRiGYRiGUSmYfBiGYRiGYRiGUSmYfBiGYRiGYRiGUSmYfBiGYRiGYRiGUSmYfBiGYRiGYRiGUSmYfBiGYRiGYRiGUSmYfBiGYRiGYRiGUSmYfBiGYRiGYRiGUSmYfBiGYRiGYRiGUSmYfBiGYRiGYRiGUSmYfBiGYRiGYRiGUSmYfBiGYRiGYRiGUSmYfBiGYRiGYRiGUSmYfBiGYRiGYRiGUSmYfBiGYRiGYRiGUSmYfBiGYRiGYRiGUSmYfBiGYRiGYRiGUSmYfBiGYRiGYRiGUSmYfBiGYRiGYRiGUSmYfBiGYRiGYRiGUSmYfBiGYRiGYRiGUSmYfBiGYRiGYRiGUSmYfBiGYRiGYRiGUSmYfBiGYRiGYRiGUSmYfBiGYRiGYRiGUSmYfBiGYRiGYRiGUSmYfBiGYRiGYRiGUSmYfBiGYRiGYRiGUSmYfBiGYRiGYRiGUSmYfBiGYRiGYRiGUSmYfBiGYRiGYRiGUSmYfBiGYRiGYRiGUSmYfBiGYRiGYRiGUSmYfBiGYRiGYRiGUSmYfBiGYRiGYRiGUSmYfBiGYRiGYRiGUSmYfBiGYRiGYRiGUSmYfBiGYRiGYRiGUSmYfBiGYRiGYRiGUSmYfBiGYRiGYRiGUSmYfBiGYRiGYRiGUSmYfBiGYRiGYRiGUSmYfBiGYRiGYRiGUSmYfBiGYRiGYRiGUSmYfBiGYRiGYRiGUSmYfBiGYRiGYRiGUSkcJR9FRUVlnhuGYRiGYRiGYfwW/J/CwkL3QIvEQ8+11hK9sWEYhmEYhmEYxi/l/+Tn5zvh0BMtEg/f+uEfG4ZhGIZhGIZhROMXPZZT+IaMsHCEKel2pUVr/yYvJIZhGIZhGIZhGLEIi4hH6d4tovk/7hUueuKFwy/hDQ3DMAzDMAzDMMIUFBQ44fCL0sISEo2TD72oN0o+/JuEf6NhGIZhGIZhGEY0YbEQfolO97huV+E3a52Xl4dDhw4hKyvLMAzDMAzDMAwjJnKGAwcOOPQ4Nzc3ppR4XMuHNvKGotaPhIQE9OrVCy1btjQMwzAMwzAMw4hJmzZt0KpVK7fu2LEjxo8f7yQkWjo8Tj7U0iEkHjk5ORg1ahTOOeccPProo4ZhGIZhGIZhGDF57LHH3Lpp06a49957cf755+O9995zbhFTPvwgczWb6LFaQW6//XY0adIEaWlpSE9PNwzDMAzDMAzDiElycrJbb9myBeeddx66du1abtcrd58P3+1K8qGB53fffTduueWWCvtrGYZhGIZhGIbx+8aPF9da1KlTxw3f0BJre9ftSsKhJ1pnZ2fjgQcewDXXXON2JDkxDMMwDMMwDMOIRo0Y6kElj9Cg87PPPhtDhgwpv+XDPwjv4F//+hduvvlm1xLiLcYwDMMwDMMwDCOMPEL+IPlQw4XGjQ8bNqzktWjcmA+1duiJF5B77rkHN9xwg8mHYRiGYRiGYRjl4ntKqfVDj88991z079/feUS0eAjX8qENtWgjIfm47rrr3A6j32AYhmEYhmEYhiHkC94h1AKilg/JR3keUTLmQ4s3GMnH9ddfb/JhGIZhGIZhGEa5aPGtHCYfhmEYhmEYhmEcN7SYfBiGYRiGYRiGcdzRYvJhGIZhGIZhGMZxR4vJh2EYhmEYhmEYxx0tJh+GYRiGYRiGYRx3tJh8GIZhGIZhGIZx3NFi8mEYhmEYhmEYxnFHi8mHYRiGYRiGYRjHHS0mH4ZhGIZhGIZhHHe0mHwYhmEYhmEYhnHc0WLyYRiGYRiGYRjGcUeLyYdhGIZhGIZhGMcdLSYfhmEYhmEYhmEcd7SYfBiGYRiGYRiGcdzRYvJhGIZhGIZhGMZxR4vJh2EYhmEYhmEYxx0tJh+GYRiGYRiGYRx3tJh8GIZhGIZhGIZx3NFi8mEYhmEYhmEYxnFHi8mHYRiGYRiGYRjHHS0mH4ZhGIZhGIZhHHe0mHwYhmEYhmEYhnHc0WLyYRiGYRiGYRjGcUeLyYdhGIZhGIZhGMcdLSYfhmEYhmEYhmEcd7SYfBiGYRiGYRiGcdzRYvJhGIZhGIZhGMZxR4vJh2EYhmEYhmEYxx0tJh+GYRiGYRiGYRx3tJh8GIZhGIZhGIZx3NFi8mEYhmEYhmEYxnFHS7WTD34KFPG78SE/JP/nuoBphXpSnM+EfL7GlOJCfnumFXADPvTbu80ij481Tetfk6Z1ZaRp/WvStP41aVpXRprWAXzi4IHm8QePf5HOiEhysL3OkDyeK/l8Rdv59Njn2clMyRdXHuBv4fKFW+t7l75eXKw8rd9FKN+osDCqPjxxdf7ycJYSPq4BrqwkZd9b+rphGEZFlNQXKmPc42DtX/dlTFCHBOi/gjIoPguXR37f2ldZlBxQul2wrdbhcixUb0XQY/01/zcDSotGFZvC/a3I99F+tH1+5L0MdIM3uNeD97n3Rn0eo2K0VCv50Amcx8/GUCo4OfhRdZ5k8SzJ5X9FhQcZYx1EXnY6cguzUJidCxziGaSvpN/Dn3j+8bGmaf1r0rSujDStf02a1r8mTevKSNM6QmEWj3U+z47sA1wfYlI+jhQUITuXG/L4FxfnMuUgz5XDPFOYoJNI6a4Aqj6UlJbM+IFw5JBspnFdyC+tdEm58jN/gEDIcki2e+wLcqPq4iRSZRpP+VJ4TPOVzgqZFPD4ahOVmUEVzOPPDQPhPPq8MQyj8qnyi+pXFR+R+tKhNH50ffrgZZU1Ba4mEappVaNkEa1zXM3iy6Pgfe4fPRGR/bpijTtUTKefxv0+qp8LqRGqu3QRzX0QiYZqccE4D4e4u8PucQ7Tsvh6FlMOccuDLAezuD7M/WeTXL5dYUKxAkmWmUVF+XxnNrfNwpGiwygs4Av6E9pGnyd46L5n8MFP3iX63DueaKk28lFEVPWqCs3Xd9NJy5NEJytPGeQwwHLyUXgYOfkHkMlgKy+HGxzmxgXchz6/US3RuZHLUkUFCfJYEPH45/N8yOKpnKeSg8nFRSoS97OQOYAsFWIl6UefayczgXgof2jNB/pNChl0slAtzuPjSEugK1W5jbuK5HIWUWmr39RdWS9dx0oLgthfnqZ1ZaRp/WvStP41aVr/1mmuQtZKh4sUqxAs0HHmSe1a/oJCn5vzIR+rQi1gFVwgEdU+yp4zhmGcGKr8wo+osqYEPRfBSy4oF6pFHNyokOVPvuBzj6ocv63ep6VkX9pvpB4O9sGiimVaQR61hhW4KM5X3UVc+aY95nE71ulFjPvyc1wZl1+Ux3AvH+ncYTL3n0B+4L4+zy3EmoNZWJyagQXbExGfkYX9/JtFrAvzuQ8nHiSX8lGsMjKPb2KRqeqQfy0kH0w/iZfoc+94oqUayoeuaXPR2cyzQvHVEaZlF2YjL1fykY3MwizsZtoBnjG5PJeKeGIXFNPNQxRGPf8laeHXYqVFv3ai0sKvxUqLfq0y0sKvxUqLfq2iNF1VySwoRLYiMR7/gvyDyCng+aDzJnKegPJRgEyK6gFk6wzSSaRyrJrJB/8vU1Go0CzkgwLlAX1nZW/hH+v30UYe/zy8jpWm9a9J07oy0rT+NWla/5o0rY9Dmg6f2qpySdBlQI+CZ6r81fJR5I6zKlK+UeKZz4QTXI4bhlFKVV9U3AShfmmvE+GLIvcN9E+kXHIvRONfi3xdrfjtmSTZCDpPsVYnBSyu1Kqh2JOpCu4c3FKtuiq/1LLL505y+H5dSyvIKkQh47wcvpzGv7MlF1h1oBBvpmZhdEI6Omzeg6abfsBdKzbi+veX4cUtu7CahpPF9yoqOFysthJGlkVZ/Bvcke+qz32pCBXBR9eXOHmXWOff8UJLtep2pRNU16+1dld4mRsUXNJ7XVpBQa47KRNZ+X7NtB38Hql8/QjX2saTTXIj64rSREVpWleUJo41TeuK0sSxpmldUZqoKC2831hp4ljTtK4oTfzctMM8volEVzskIvkUjdzCPFeGqCzhRjyxWagVSzwoJipOeV64AibGeXZSo4KcJXEufxU1QGfz26poPUKy+aXzmD+K1OLhSm2VrvwR+NuoWVuFfSEzlFH1yad05xTzPBc8xgH6N5//qiWYKqLzn6iXXfWTbMM4+anqi6JBlScBgYAIpbtQXF9BD1SfKtHbid9Q6Lle0zbalu8J2jjUYUuyEXTYUktGkboHq3WDZZzEozCfksFCzA3f5VtVlaszy0Gyn4+TuU7ga58fAD5MyMe07w6g32epeGn1Hty3bCuu//hrXL38O1y1bjuu+nwv6q3bhmu/2o0xGUewh+9XbJidl82/pb9L1EuA9aQ+aujjRv7Vs5N3iXX+HS+0VDP5UC8/ZQOe0TJi1q6sg/mMQSgDqJzcPBxm8jf8Dgvz8rCEv0E8LfgznjNfCL4mPufjLyPritL0njJpWofStK4oLbxf//yn0rSuKC38t8pN0zqUpnVFaXpPmTStQ2kl+y0nLbxf//yn0rSuKC38t8pN05p8yuP8waECLNt/BEk89jksvHIYTCu+zlWHT5YtyOOJUnyY58ohnkEMtvl+lSWxzrOTGWUI6VgR0vld97NwVVtPLimgdhW5wlt1QbCtfgBuT3TdKbgCZVR1dJzcdT8dc/6nalxXJ0ulPKikNRTE1f881K7xI1IZGIZRNajqiz7h0WVPkO7+8UTqUwfLGm5cKh1CacJtw3909U/Bm9sogrpDa3xHPuuiXEZ73EQXT9RCkcktSrpSkU186+LMfMzbewRdP0tE85V7cP/i7bjzo224efFOXLt8L66IT8IVGzNRf20azlu+GxesTMKFa5NRIz4Bz21OxGoWihncV14u/1AOS8t8UiQRkmgFZac+bvBl9eH1eV3KSbnEOv+OF1qq2YBzdTAIOhs4O3byEVS8eTxT1SqXxrP19YRkPLxiLR5a8RX+88k3uDPuO/x91Xe4JYJ/fKxpWv+aNK0rI03rX5Om9a9J07oy0rQWd8R/i4dXfoW+m77D5kPZFFDKR566n/B8Viki+VABU6ghcGoRCF7jKXXUOXay4/raFB6iV2SgsOggDhVnIYXfN4l5JIk/gwpbXTXKYhmaTY6QQ3x+UOnGSYGu/LnhOzQMnd/ZfKwBlQd5imt+jYORNF08dHWlivQ8lt8yEGsBMYwqQ5Vf9BFVhqgsUfODkDwoLfLxtdLLLHKCix2EpU0kNVIIuQtd/r3E78u1wHOTCKq+VLZl8W0aMK6Wje9ZWX/K+G4xhWR6Rh767TyAl79IwP1xX+G6D9aj4dLvUGflLlyydh8u2ZCG2uszcNHqdFy4Mp3CkYHaqw/j4pUH0WhdLhqvzUHjFRm4Z9UOTNiTjl3qjqyPeIR/ODePHzGP8UGB68qv7+G+ojtO2kgfkp/5JF1inX/HCy3VTj40K4+7tqfZDxhQarClrvXm5XPN75xG5iSn4+al63DD8s24fsUuNFq5D3VXJ+GSVQH+8bGmaf1r0rSujDStf02a1r8mTevKSNNaNFq5G1d8/BlarvsW3+Sw4OC5mpPHIoTnTJ6/DJzDwoPRWqEGluk84nminnuxzrOTnYLCXJalWdiWnY1PEtOxIPUQ5qUfxtyMI3gt7QjeSD2Mt1MOYSF5M+WwSxOvM12vLSBvRtZ67qkoTeuK0sSxpmldUZo41jStK0oTFaWF9xsrTRxrmtYVpYlwmo7Z28mH8E7SQbzF9QI+F2+mHMS7SZlYui8DOykaB1i5u3FPxSwnJR0ucDj6fDEM48RQ5RfF2goJZRZaO1lgXar4yw3+ZohONJukprFXhKYRaGpjL2YIL/Q4mEkxaDVRvSvU67fEQYhaOFL5+k4+3kzRWHsoG2+lHcLIrWlo/9lOPL7qe9y26Ctc+dEXuHTJt7hs5VYKxW7U2rgXF3yaRFJwHuXjPMrHBesPoMb6w7hg9UHUWZOFequz0JDUW7YfjZal4YalP6D1lzuwifGC/i6y+Q8fF1I+1E1ZfQcC+WC666PtvjzhhztJl1jn3/FCS7WSDzeY0ncoiMiHMoLrLqL8wFcSeW7MTN2Pa+I+R6P4rWgcl0TTzUSjFYe4DvCPjzVN61+TpnVlpGn9a9K0/jVpWldGmtbi0rh0NInbhuYbvsf3PAeyinXuqvFUGSA4XYKpSFUAZrNQUSHJ11SuxDjPTmaUe9VEvYu8cygXD3+wCbcu/g7XLN+OK+J24uoV23Hd8i24Ydl3uH7597hmxY+4PH4HmpCrVmzj863cZiuujaz13FNRmtYVpYljTdO6ojRxrGlaV5QmKkoL7zdWmjjWNK0rShNl0uK24Kr473D5qq9x6erv0Hj1Fj7+AdfGfY07l65DsyXLsIZnuibdyGAu0AQLCgpU9cc6Z8SJWvzf9/VN+DMZRnWnyi/6iIq3XWXqYS2jMRKFWXztCDnE7Q5RKDTFveYePYzioky+VRxkPXsEeZSTbL6iVvcD3MV+rjU4PJXrfXy+hZF+3ME8zEnajxEJaej0dQKard6M/yz/Ercv/Qo3sr66asUWNF65C/VW7UXtNcm4aG0qaq5LRa11+3Dxur1kHx8H6bXWZqDWmkxcTGqvzkSdVftxyaoM1FuZjgYrU3DZsi24O/4bzNhzGIn8DPIo9U/VZB3ZLCt1+wbVpTxK/EdfWpe4TT5+LlqqlXy4mwfKRyN9A9WRWXNAS0kKGUnqFNnHc2NaWiaarPwGdVbv4gmXhgbxmWgYd8CorsSnoxELpac3bsX3PO9z3GA1XYnh2aKyI1KwBOM+NPO4xg4F1zFin2cnL/pOKtx3k3cO5uO+D37AdUsS+RtloPaqTJcf6q9MopjvRf1VahFMQQ0W1DXX7ufjNL6ealR1eMzqrlGFuxs11yejxvp0VrapaLgqATcu/wZPLl1D+VClXoRD0g43kJOZQPminJaPE7X4v+/rm/BnMozqTlVfFFP5zgNqCdDMiYrD3P2jCg+zEqV4FBIJiGaLIsXFRNPWgtJReATZRZr+pBgZZC+/8nbu5wuuV+QUY2FGHibvzkTfr/eh2YatuGX117hm9VdoEvclGsd9jcarf0DjdTtRf+1uV+bVXpNCqcjAxasPcn2I6wOot5r1G8u+Bqv2sE7bSzlJJCmOSyLUW5VMkvh6Ihqs3kOJ2Y4bln+Htpt2Y80RlpP8PLkFjBcKg0vcGgbvjk7kH0WXQR8bk4+fg5ZqJh888G6gkipRks8TgvLhhgjxpOEmSGSy5OPyld/y5NxN802nhKQysEo2qi0sbCiaT27cji08B/IVaLHQ03mh4R5q1mVpohd47ii1+sqHKgt9ZzVff8yC/aH3vqd8JFM4DqDW6iPMC/tdQdxw5T5XEF+8JhUXrj2AC9cd5OP9fD3DqOJcskpX7ygblO66Kw+j1qocimW2awH8++KtaLpoEzYyH6SyopSCu/t/aJ58ZQSTD8OoMlT1RcLhWiqIxptpxK3aUV2nJAmIm50qF8X5fIVBZmEO47F8XfQLZqY8yJgtjY938r0bKBvvSzYSMtHr+yQ0X78V967YjFuXfI3rl3yDRvHfoebGrTj/0x04f9MOnLdxFy7YtBcXbkpGjQ2pqLEuHRdRPGpTOFTu1YvPQoO4g3xforv4qO7XjVbu4fN9JTT0rNxL9pAEt21jysrly7bhn4s2Y8KuI24geyaLxxyFCDwswf2UmKjHXElFpB9V/4iVv8Q6/44XWqqVfJR0FvSoyxUtXNNLFhQVuKQkRl/TKR9XxH/Lk3R3pGkuiSfvXqOaUnPdXgrIbjy1YQe2scAoLKRaFGiOp2zXCOxaP3RaSz4oJuqoV13lQ8WjphvWwPKPD+Ti/o8+w1UrdrorRhesZ+G9bh/qrt2JBmu2of6a7aizNoG/XwpqrE/FxWsTUWfNXqOKU2/VPlyxYh+uXpKKS5cfwiVxuagbn4fGKw7ixiU78OTiz7COxz+R58EhnuX57oxgJqjgfD9Ri//7vr4JfybDqO5U9UXyIemQgKhTVXDX8mDq3SMFeTiYn48j/BqastZ3p0ohO4hmolx+uAhvJOdj9Jb9aMP65qGPv8SdH32BGz75Clcs2YxLV2xFwzUJaLAhERdvSsI5mxJx9mfJOEd8morzNpGNaa7uqrlW4qHuU/spHQdY9h1A47j9qLd6H+sxtYzsxSV8rJYPte43JI0pJpfF7SN7cXncbrKLJOBSCsmlcUm46uPv8dymBCxj8KjuX/Sj0km4XIDAkCHyMPL0pF1inX/HCy3VTz50aVdng1BXK54prhc/g0pVsMl8fVZqJq6K/xp1Vie4K7sXr00O+gUyuBL+8bGmaf1r0rSujDStf02a1r8mTevKSNM6YB8LpN1otn6HG6xWpP6oBeksIA8jk6WICkaevkzTOST1qM7yoWtSBa6J+4ODubj3k09xWbwEIx3nbshEzfVJlA9d+dlGdrim6ovXpDnUinTJ6kSjiqPuck1YkV65fA8asvKtvTIbtVblokH8AVy/dBeeWPIZ1vLcTuK5IPl2Nxzk+c/TI8LR582JWvzf9/VN+DMZRnWnqi+qNvP5OR18FkxDqxvzFSODH18t7HvJFm74WV4xlhwuwOsZ+RiyIwetvz6Ex1lO/evDH3DrB5tx48dbcN2SHbgmfi+asK5ptDaFdVEKLlqTggv5vMbqNNRes59pB1BnPdlwELUdB3Dxuv2so9SLJZ1ioZbfNDSKT6VgJKPOmiQXB2gcSB11SV2dSgHx22mbFK6TWNftcy0jDRkrNIhLQeOVFBh+vlvjv8PwpP3YzO+jWSA1ht51H5CAME1xgpJMPn4+WqqXfEg89PFKBERNgBoclM/Mobv7FrubCs5JycTVcV8zINWYD514aWgYT+ICGvCkbRTHE1MnbwVpek+ZNO0jlKZ1RWnh/frnP5WmdUVp4b9Vbpr2G0rTuqI0vadMWmS/Pq1kv+Wkhffrn/9UmtYVpYX/Vrlp2m8krQELtGcoH7rhEApYcuSnReQjj/8ySeluhHkwV3lJYRLjPDuZYXaH5hlJ43d791Ae7vrkWzSOS8aFaw/j3PVZuGitrhwl41L+XpevSORraagXfwiXrDyIeiv3o358hlHFUYXaaGUCGqzZjovWJeG89Zk4f91h1yXr6uU78DjlYz2PvwQ0X90HJN3+hFflGuO8OVGL//u+vgl/JsOo7sRelB6mvOXo137Ou8pfwu92ARb/5+dk5VnMvKkbOEtCJB5JTP8htxBrD+birbQsjNhxAG2+SMfjDPD/vWIPmizahXpL96Lh8kQ0XMEYLF5ovCHrG0qBBn/XIbX4+CKKQm2WXY3iM3Hl0gO4amkmrli2H5ctZ1qcyrxgLKLGJ9aJdLMWauUIkHCkE+1zv6NuBJWJtfmauwjtBqknohaps5LlaNxB1Of+GsdtRrOvtmJptqSKX1tXJnV/MK7Vw18OoiQVofpVTtYl1vl3vNBSreRDDR+qS518qP8yFbWouIB1qzJF0J0mnQHmnJRDuGLFNp58e9xgpPqsrEsEhPj+0sG6ojStS9P0vGya1hWlaV2aVrrfitK0rihN64rT9LxsmtYVpWldmla6X58W7Lf8NK1L00r3W1Ga1hWlaV1xmp77tPrxiWi2fqdr+ShUH9SiAzwb8pEbKTB1xaaAJYk7h4g8pCh0blUXJODqZJPOLPI25eOfn/zAwjUVtVYfQI21mSyMdVVIQh75HX1Qy0pAlYJxEsCKuMHKfai3JgE11u/FBRtS3IQBqmjVteChZV87+TisVr6iPFagrD7drc6D8jPWeXOiFv/3fX0T/kyGcTLxixa9TTFNCfxHN7twKMMKbsT/9bKiM4U/Kun1iLmG/wZj/fSaAmThew05+F4XLukt2lWwu8geggsUqhsLGUO5KUvU70h1aGEucvlGtXC41g2u1zEoX5iUiwnbM9Hjq2Q8v3EvHly9G7eu2IGrl27DZct2UBj2MKinKKzJoBhonFrQYlGXslFX4wpXqZU9eKy15KCO6vi4dFy+Yj+akMtXZOAyikdjlncNuX091luBZJTKR6mEaFC5hCagbgj93dquRSWF8pFC8Uh2a9V7DSk4tdQVecMu3Lh6MyYkHsIe/pCaOdV10c6jcrDs1CB7TcerxhD9nrYES6w84NFSreRDAaPLeMo1ypzSUze4mJ+ba/2XwcwyN/kIT959PMmTeNKqH6C6kwSzH7gZENzj4GQ+ljSty6YF6/LTjt5HZaRpXTYtWJefdvQ+fk2a1j+dFqzLTyv7Wqw0PS9JW5mMpixEtvMcyWHxW1isyxb8X6UwC3FNS6ApR1WQuJMoYrKxzrOTGVVGGlCvq94LD+XjzkU/onG8rhipAGZ+WKU+sbpPigrlYApCdeNp4GYJ0W+p39aoyug4abpITRxw0bq9qLVOFXCqq2wbr0zEf5b/4OQjm2VicWEWT/UsBh+lF29inTcnavF/39c34c9kGCcTv2jR24SLaQQrJ8U0HomA9s3/9bKiHiHtCDoQB3Mw+XRVd7rOkMM4KCu/ANkFRchT3vf7p4kUMrB2s4NyO22fy/1ns2DQHTn2M65KZ8B9gDJykGzntq+nFWLM7lx03ZyB5huScW98Im6NS8I1K5JxKanPuveS1UmUDXV90jS4+ygWqmOOLrsqSlO9fjRB/V4W/b0wSjt6v0L7VotJGPWGuTQuDY2WJuPCDem44Eu1yGzBK18nYe2RImTq55b0FRwkR9xj3YxXjSEKHWwJllh5wKOl2smHPl0gH8o2mmOaayZKPnT/hgx+4bnJWa5LSR1Nr+bkI4mET16julGPwdjTlI9tPEckGQXquKnzRJeBeE5ofqssJyXcwMkHX6y28sF8wArprZB8qBCuw0ohmIqQFQXl42LKhwbwKU1jPxTMxvptjapFIB9BxSz50JgnV0lTPhqtTMK9y7c4+chR2ViokOII80NwddTkwzCOD79k0buUL0UgEKqrgn9FoBXcSnWZHjJLKy5WNyBNf6soSC+V7Eiz2uXl0llymNez+bk051Q2NzrMbbhWvagWDn5eVz3yfbr3xl4+0SDxrykqK5gPp2bmou1X2/BI3Od4KP4H/HvJd7jpo29w5Qff47JF29F4eaIrg3QRK7iwFekSxTom6ApVtWOu+vGs65YnoSYf1/k0HfXit+Nfy7/D1N2HsIu/o35qN5NXYRZ/v0IncJEjYUtkiT7/w2gx+TD5+F1g8hFg8lH9MfkwjKrHL130VuVNxTbUBtZfhayrNJGOai21cHBRXaaQR9bBtfKx4iG1ZrqIWBQy/xTkuWlviwsYNDPv634bKCZFh5BfeBg5xTmUliIc4B9N4vZbCgqxLrcAC9JzMXh7Fppv3Is7VvyIq5f/iMtXJeCKVTvRZCmlI+57XLV6F65Ym4TG61jWrJFwBGM1avOxBnqrFUIzTzlYx8Qqu6oKF7OcrENhqufubaXWm9248pNv8PKmXVibFUxSoxihMD+Lv3/QvT/4kW3xS6w84NFi8mHy8bvA5CPA5KP6Y/JhGFWPX7R461C+5EozSkk+mGNx2D0OJkdxkqFt9cTBNwjNpKKuWtwumImq0E2Fm8X67wglJLsgm5vlIbu4EMn8jD8UFDO4zsVb6Qcwcsc+tP92B57+dDtuWf4trl62BZcv243Gy1PReEUmGi4/hPqa0GX9btRZtwM1KR8XUkhqrEnCRRv246L1mbhobUZkFqoU1iPB/aNEVZYPdb26cE0iam1KQWN+9gaL9qJRfBIuXbENt634DtMTj2A3f1KNFc3Ly+PvpxYk3c/EBRPEFi2x8oBHi8mHycfvApOPAJOP6o/Jh2FUPY594XtkFaqLBHOqOvfoP02XztqK/2pUR2T/ysAKezQYWjM6FmrMK4NiN7BRU+ECB/lSCtEAcd1J/Gu+beWRIrybkYdhCRlouyUJT3+2Dfes+ha3rvga11E6rlz2Pa5i+X9Z/D40WJFMMtAw7gDXB1EnXveG2osLN5CNSW5yi/M3pOP89Rm4YF2Gu/eG7jgelg/d3K9+VZaPNcm4cH0izt+oqXdT0GRpMhppRq5V+3DZii146bN9WMYfUvct0diZQtf96hB/c8abrgXEFi3R538YLSYfJh+/C0w+Akw+qj8mH4ZR9Tj2ReW16ibN1Kk2D802Fcw4pUHObtCzG4DOfasuUwZWAKR84tpHVNMp7lELCZBJdnG7jYyV3+eT8buz0enbdDy1YR/+tXIXrly1i+X+HtSN3836cg/Lin24ND4Rl8btQ5NVqZQPBuGCjxuuTmO9kMo6QtO0UzrWkfWplA9Kh1i/HzXW7XctH7UiLR+qPxqsTKz6LR+Uj5obk3HWml2ou2IvrltzEA2Wp6BOXCLqM168YdG3GLs33931XL9rsYsx+YPm6xdW3GmLllh5wKPF5MPk43eByUeAyUf1x+TDMKoex7pIIY6wTjrAuimt8AAO61khpaKAlZbmx81hjtUttyPjPJSBdeE9j+heG/v5/hSyjS/F5RVjetJhdN+ciGdYD/5n5W7cvGQXrvp4D5p8kozLlu7HJSsPoebqw6i96jDqrjrEOvMAGsTtR8M4lhuasn5VIuOlfai9di9qrU9AjQ0JLF90E1rdI0Miko6L1mQQSgdRi4fQmA8NOPc3qdU+qnLMpc950bpEXMiyU1P1ajrfxiuCacxVTzZYthWPfboPixheSjfcIP6CQzxgJh/hJVYe8Ggx+TD5+F1g8hFg8lH9MfkwjKrHsS5ePjJZNx0szuW/BS4PKNApzirUrTbcHQXymHE1I5VuHLuXf+fHomKsyyvCG+l5GP5DGtqs347HVnyH2z75Gtcu/h5XxSWgcRzL+hUsE1ZkuJvI1l+Zg/rxJC6bwnGEaYfJQQpJJkVE99qQQCS6suSi9XvJHpLgRKTeyjR3L6h6KwN0g0B/Az/VI14+dKdxTbcrYpVbVQWN+dDd0HWD1lprg2nodTPDBvG6MWE6arIuvGr1DgxNyHFT9xcW8pgUMNYMblesQ2cLl1h5wKPF5MPk43eByUeAyUf1x+TDMKoex74opilwKEDTvTfy8zTIuRhZjGmSc4CdzLRfFhRheXYu5h06jCHJKWi5LRH/2rAXN8TvxVWLd+LqT3bgusW7KR57ceWSvbh8aSLlIwX1NRvVOgbT6zNQY61uyJuKq5amoAmlpBHrBN3vohalocZ6jYHgeh3Lk7WprBNS+Voqg/FUd4Na3RPjshVpXOt5sB93p3JuE9xLQwG8AvqkEoLZr6o2qhMvonzUWqPvyrKTAiK5qrE+FbVW7sBjG/fgk8xCd9fzvPxslk/qhKVS1BYtsfKAR4vJh8nH7wKTjwCTj+qPyYdhVD1+0aI6ihkzL0c3AwT287HuM/FZLvB20gGM25OBdj/sw0Ofb8Hf13+Jy9dsQr01mxngpzFAPoBa8Wq5OIAGqw+wDtxPdMM8iQHLiTXJqLtWMrAPF6/Zw7IjAfUj1FvN8t7FRiLRlf16r7oeaT/1ud8G8QcYkO+PCIhuzJfsHmtcSAPWKe49rs5IZn1C+PfUoiCqunzU013TWV6qO5laP+qzPG1IAam3KgMXrd+P2uuTcP2KHzFk2378yOORVVSIwgL1fztxZWVVW2LlAY8Wkw+Tj98FJh8BJh/VH5MPw6h6HOuid2jiqgM5wPdJWdiQdAgfJB7CpIRMdP4+Ffeu+gE3kSZrfkSDdVsZEG/FhWu34rxVO/n4IGqtOYwLV2XiApbhF67LRA03CDwdNRn811q9j1Kyh2X7HjSmaFy6dg8uXr8L52/aiRob+P51lBC+dmn8XsZK+9BkeRJRC0c6GlI46rnuWAdZpmRwOw0kT3JjQhqsTObzRAbrSa4eEYqv6jqCFhDh7iReZWHZScmqH7/flZnBZ5VIBTdNvIhp9Tbwd1ixBU9/uhMfsx7VaI9iTWt84orKKrfEygMeLSYfJh+/C0w+Akw+qj8mH4ZR9TjWRbFMKll1pAj9121Gs0VrcdfSDbhx1ddoEP8t6m9MwEUb9qLG6kRczPzdmGX11RSOq9YeQt2V+3DJ2iTU35CKS9Ylo87aRNRauZfsQW2W53Xi+bqbdYrCwPin0VqWG6ExGXXduAwNDteaEuFipKAVQzfdC9aqN5JRm+WLWk/qrOV+ua67Zm/oTub6G15EVD6py1Ya12XLrKoFP+NKSlX8AdfdqiHLzLpuoL1aiVJROy74DnXjt+PmVd9iyK5U7KZ4uBmNFVPY4pZYecCjxeTD5ON3gclHgMlH9cfkIxp9KX47Ny0pK7wiVnjc90G+pkG6KSQ5slawp7XS9xNd0TQqD/3m6RF0DDJipOkYpfOUzNNpqUqf5bfK69jHvupwrItiGX3fZdmFeG7D57hm6Uo0XEPx+JwC8Wkyzt+YgnM3Zrh7aqicbrQ8E00+ykDjD/ehEQWg/tpdzPO7KCI7mP8T0Jhy0WhNMsvyJDRkOdFgDSVAwfQqlv3xyQy2U9HIjdlQlyPdlTyNZUcw7kGDr8XFlBjVE04q1HpCVL7UiuBEhDgJ4WtBl61S+VDrgfYdq9yqOkgugu5lwUxfQde0WmuTXTes+qv24xLGj/X5214R9w2af/4jlh/KVbQZxBQqbvhfgatreV66RC6RU0CrkrOhzJPqtcTKAx4tJh8mH78LTD4CTD6qPyYfUfB7FmtqoLxssKZDTk4eUvmVlmUexJyMTMw8lIUZh3Iwi8w5mIPZB7Mx91A23uT6ncwcoxJZeCAHr/MYzD+Y5QZQv8b1m3y+gMdiPpmTmYX5DPRmJeVg9xEGL9ms3LN5XAvyeKyrdnn9S5ai/GLs51tHpDE/L1uJSzYluLrs8qUH0SDuIAPi/RSQFFywIWh5aLQykcGyAv7SlgtHiQAIdSGKXW549DzcTaqUZKYHXak8wSxWZSl9/WStM/S5+Rvy99L30Gxdtdxge4oZ68rL+PzSuB24Yuk3uH3FN+i8fT8+ZQCqYqY4twg5hbk4yHgiEzk47G72yIOp4JRr/9CdEi7WINVwiZUHPFpMPkw+fheYfASYfFR/FDyYfJRSVJzPfJ3DoIBBan4BsvOL8ENeEUb8sAP3LV2PW5d/iVuW/oDbl2xhfvgBdyzejNuXfsv1d7hz8fdGJXPH4i38/b/GbSvW4c4ln+Pfn/yAf/KY3Lbka9zw/pe4eel23M3jtGjnQeRnFbD4VrldDeVDb8ktRH5RMeZnZeHvn33DIHiHuxp/1ZIjuGzZYZbTGThvYxLO26R7b+xm/tc4DpXhVlb/ciLisUbdyNTSI/lIw8XuZonpTj7qxe3Fpct34Nr4bbh28de4/4vdWJBT6GYhK9ZsZEW6P0sODjHayNYsWCpYWcBGVqXyoQeKQ6rhEisPeLSYfJh8/C4w+Qgw+aj+mHyURV0f8vhd87OyUUTp0ISY3zOgG/jDTvxj8SZct3wzrmVAe/2SnbhhCddLt+KqFT+i4cpt/D2NyqT+qu1oHJeAS+N/xGWrP8cVcZtxzdKduGr5VjSJ24Im8TtwGcujG5Zvw9tJ2TjCk/ZIMYWSglkU49hXJX7Rkh/IRzx5aUcK6i/7Dg1ZXl+6Qi0fh1hO78eFG4KWD917Q7NT1V+l/G5l9S8nkA/FhrrJoJeP2pqamLJXd3UaLlmxDw1XJODqVbvRZPG3uHHFd+idcAB7eJjzSVYxRcRFnJoiWc0hLFhd2coVcaeD0D1ClFANl1h5wKPF5MPk43eByUeAyUf1x+SjFAWk+TzXc7nOzSlAXm4xMvl1via9t+3FrSu+xhWrdjCoTWSgm4or41JwRXwSGrFeuHh9ImpsNCqTmhsY6K3V/SdYBm38EfXWJvCcTXODouut2YOaK3ah5qpEXLZiJ+al5rguSQd4nmTxGKvsjnUOVBV+0VLAuonv3c6HE/dn40bJR9we1IlPR92VmYxh9qPmulTU4LmqvC75aOAGkltZ/csplQ+twy0fF+vGiSxHG6zJoPztY91J+YjbgauWbcEDq37AypxgHNkRno8FFJBiSnFxQQ7jCQahPAXcWaB/HPxH49BcwOpeqVZLrDzg0WLyYfLxu8DkI8Dko/pj8lGK5CObFfwRwjhOWd0NbP6SX6nr1n24fsW3aMhzuz5/m4buvgW6f0EG6uo+CaTmunT+hgE116VxnRFZV5SmdWmanpdN07qiNK1L00r3W1Ga1hWlaV1xmp6XTdO6ojStS9NK9+vTgv2Wn6Z1aZp7vnY/Llp92K1rbtiNOmuTUX+lpnTVnbJTccmGTNT77AiuWpuKV1Pz3dgdDUo/xONc/eSD7+F5q5YPnbMrsgtYhyXgsvhtqKHZqxgA60q8BkEHA8JZdjOeaWjy8SvRmBgNKFddGMz25QbfUz5qreH5SRlutOkwX+e2y3fjCp6jTVYm4NqPv8TIPemubJEQyyvcXMkMrlGY78INdxoIPXFNIIpYXclLqtcSKw94tJh8mHz8LjD5CDD5qP6YfJQi+cgpKkAWKSjgd2QlocDgK9J9G+Uj/jvUX6upQRnUrjpMDjEvHGBe0Hm/n4Ecic90NODjRpF1RWl6T5k0rUNpWleUFt6vf/5TaVpXlBb+W+WmaR1K07qiNL2nTJrWobSS/ZaTFt6vf95wpW6Gl4O6PBa11zEAZDnUOO4I0zN5PNJxSRzP65UZuHbZPizcl0uxZGzHY6mZr2Id/6rEsS96TxFyGJypd85OxjGDfjyA6+J/QA2KWc11umt4Gn+rVAbGyczrwdV6k49fS8XyUYPyccn6gywnMlCX5WzjtWk8h/ehSdw2PLjuKyw8koMkHrkChaA5Ih/FGpfE46mQw/3jYgxnJ5EnJ66MPV5LrDzg0WLyYfLxu8DkI8Dko/pj8lGWYMrLAhTm5bKiK8R+fsev+JW6bEnAdSu+RoO1e3DJmgzWBYf4+x1iQHeAv1kgH40UIBuVhuSjQXwOz1+K4NpENGagd/mKI7g0nq/zHL50JWWE3LhkNz5KynEBno6xD2SqMse+qLwuRHZONopzi3GE3/Wt5MP49+rvUHvjVtTaqCltld/TuE6jrDHPr9GN/kw+fh2BfOh39DdL1H09XJ1I+ajJclQSoi5Yl3CtMSC145Nw2fpEXL50AwYkpuE7ljE5CkZlxjk8NwtZ/qj21XmguMON9SjgEVanUJMPkw+j2mLyEWDyUf0x+SiLZrsqLtZMV4T7OFRQjM3cd6+tCbhh+ZdouEr3QVAZoTsa7+c5z+Bira4mK0+UTjOq6TbrMJ8E6/LTgveE0rQukxbZb7lppfv1z38qLViXn1b2b5WTpnWZtF/3OUv2W05a2f0Gz+vyHK0XT/FYmYlL1ibwPE5C4xVqKUlx5VDDuH3uHL5uyVZ8xHo8l0G5Zrkq4rlc/abalTizbipiJZXFx1mUZn7fl77aiUZrvkFddUtbo0CZvxmD4Es2ZKDBOt1h3OTj16I6sMHK4E7tgYCk8tykZLh6McN1eXMCEun6pnTNjFVv1Xd4aOMWvJ+Zh3T5hcJQdb3SOcrj6c4DxR2Sj2JdFlF3LJMPkw+j2mLyEWDyUf0x+YiG37OYkVseKSzAkYIifM999966Ezct+wKNV2mWJQUZDOL4G+n+BrqhmGNdEtcB6tZyMdO0rihN7ymTpn2E0rSuKC28X//8p9K0rigt/LfKTdN+Q2laV5Sm95RJi+zXp5Xst5y08H5LnlNAaq86EAjg+p3u3hXuqjMDu4vXJTB9j0u7gufwO+lZOMwgTq1aKs+rr3zkMrMyD9Cd9zB/jtmbjptWf8VzdSvPVXUPYhm9+gAFJAP1+fvVZ1owaProssH4eaiuk/iWyofSWUeu9i0ggYS4GbD0WPBcrrlyG26K/x4Df0jF9yx2DrJQVVzqYtLgkAZxh8oyHltFHiYfJh9GNcbkI8Dko/pj8hGNlw9GbxSPI/nF2MJ99/1xF25e9rmTD/WT128m6jJw83dqNiqZNRQZBtEaz3DBpm2ouSGBz1NRc/1eXLhxFy5cvxs1NuxlmbUFb2RmYT/PWpXnOSy7i6qhfLjwtJjywbhLVdZB7mbJ4Xw8suYbNF76Deqqa9CaA2iw+iDrOMkzg2WKXKxywfj5xJKPQEACgtY7Tb+rlruAWmtTWNYm4fLl2/HEqu344GAedvMoHib5zkD4QDGH1u6ptEM1shKq3xIrD3i0mHyYfPwuMPkIMPmo/ph8RMMKQPk9T9+XwQCf/sB999magJuWf4lGDBTquz7e6Q4N4K29Jujr7YMPo3JQGVNnVQbP2xRcuGlriXzUWL8PF1A+zt+wm+t9lMUf8fr+LKSzHDvCg1p95UNXxikfbspWfk+evz+Q7p9vx3WLv+bvtQ+XrD3gxivVi8tgHk82+fgNUHlZnzFDKf78DPAxo7q9OVaLNP72B3FpXBL+vvQH9NyWgc94rDT4XGGGK2CFytiSpyYfJh9RJ59RvTD5CDD5qP6YfJRF53yhvlg+n/NLHuTXDsZ87MENy79Bw1U73e+jWZREcEVTv1ck8NB4A6IypEFkXVGa3lMmTetQmtYVpYX365//VJrWFaWF/1a5aVqH0rSuKE3vKZOmdSitZL/lpIX3W/Kc5239eM08RgFctw111+xmelA26Q7eF63d67pnXb5iOxamZ+MQj2cey7J8nr2xjn1V4tiXQD4KWTfls3YqKspDXkGRu4/Egr2H8a8VW9DI3YfiAM/VQ2jg5IPnLX+fWOWC8fMpTz5KJGS1ylT9zok8R3UMEvnbp1EAD7vpui9ftg33rf8Bbx7JwU4eL83G5oJTF6AGIYYeKgSprkusPODRYvJRTeVD/ZY9Ps1VsCqcIs+jX6/OqIIz+TD5qKqE82s0sbavCOVxk49SWMW5uw673lf8fpmsD77lvnvqPh/Lv0f91bvdQGcNNhd13IDSdJcHJCIaaCqCx8eepnXZtGBdftrR+6iMNK3LpgXr8tOO3sevSdNa8td4xUFctiLNTQTQeOUePk5HQxfwsa5eqTo7FVcv3YX3k7ORo0YBHtuiotjHvipx7AvP3UK16OTiYNEBBrB5KGBdlcVz+CvWW0+t2Y4mzNs6V+uuPOCmLa6v33KtxnwcXS6c7KgM0701wijNlW0xtv81SH7rr0wjEg+Vp8EAdM2A5WbBYp3oBvbrnFyjGFJlbCoaLj/C43AYdeN24aq4L9Bx2258y0OfpcOvkFTw+ClOjTystkusPODRYvJRTeVDV+7Ub1YD+PS8ATNQ47iUYNYQPlZQo23cFb7I6w0jGS28n+qCyUeAycdvQ1gMfAXoK6ryUB7z6Lneo31olh/l01gofx6rgGi/Jh+lFPDju/tA6C6DxYU4xPyuAee9fkzC9cu28bdJ5u+sIDjV/X7KC272mqPkQzPeBNtVnKZ1aZqel00L9lt+mtalaaX7rShN64rStK44Tc/LpmldUZrWpWml+/VpwX7LT9O6NE3PJR+N4g6wTGLwt2YHBWQfZWS/yzO6ynyJ8g23uyoiH9kqxnmMC4uqY8uHzllmyMIiHCrOZi7NcSJSyHyg1o/BP6bh2uXfoYEG6rNub0wBabLhMGrHVz/5qEcUu1y+IgVNlgfry4hiGhfXRJWrek+4jP5lBGVoAGNFh7pdaVarAHdORpCsXLbiMD/HYVzEmLLuqi3459pv8GZ6FtJ4GAt0BYRlT1F+jiIQF3q4eFUHuhousfKAR4vJRzWVDwUuF64PBETBjTLupZGMqkBcQY361WqQlF7XVYRGEpNIxq1umHwEmHz8NmjAYSz5UD6LxokH1w4+LiMexF8EEGXEI/J69N/+KbRvk49SSuSjUJPuZyGrMAc/8lHfLSm4nkGsBupqXEHttbpJ2z7+hqwPGAzH+m2N44yuOOsKPtd11u1gGsskPpekaDBvbaWvSWMAuhPvpGa78TvubgluOuXYx7+qcMyL3qKAhmTxn0PuX8Y0xQXI4f4+PFCIe5Z/jUtX72BZksQyej8uW38El8RR4vg7xfx9T2JUljahcFxJ+dBaAuJjmnBZ68q6GO8/3jj5iMtkeZKJC9alo8bavfyMm9FbM1+xXM3R8SzKZUh6gGVuvmuNzWW6yt3quMTKAx4tJh/VteWDXESxEApqfLqCGQU2NTSbyIaAGpSU6O2qGyYfASYfvz2q7Dyq/KLxryl/+TwZzIwSpElC/HslJ6pEdSFAlarWei3W3y0PbW/yUUqpfOh2w4eRXZhdgXxE6gOTjxNDRD6CMR8KqnnuRuRD0/FKPnRX79+VfDBj5vBBFmuuIv6r/oO53N9XzKvtv01C40Xf4NKNafyt0lGbAXmDNZnud4z5+57EuIszkbLTl5+eYPap2O+rLHSzx0ZxGneTQfFIZzmfiIZLvkfT1VvxbuIhZPJQ5hbk0h2z+YjxaEE+snILXdxaHZdYecCjxeSjmsqHmil9n0g9V8ZVhq1JJB4SDrWMCP9YrSSSluh9VQdMPgJMPn57lMcqQttIMNTSeH5E+JXXolsdha7kCXUp8N0KJCXRf7Mi9DdNPkox+TiJMPkou7j8qFBVpXY2v2kgHxpkv4cvz0zPwfWffIVL1+5hPk/GRfFJqL+GAXCs3/YkR+XleRtTcG6E86Iunup1xTleQsLlb2Xg/parS3WupqPuujTUX/oj7vjoS/T/MgGbGaAe4jErLmJJy7K3KC8HefnBeVsdl+jzP4wWk49qKh+6enpFpG+kunsoyFEGVUb1Y0GUJvRYr4XHiFQ3TD4CTD5+G3zFFl25STKicVflmK+Uv1RZSvQlIqoo9X7lVS8drhsBn/suBL7lJPw3fgptb/JRisnHSYTJR5lFVZTLl/pX9/tg7SUV4bdFOne5OicfT/J3umzFFtRen8jfjGUOf6OYv+1Jjlo4/AVTf9HUiQe/c61IHKMy1QuIyt5Y+zle6O9dtIpx5TrWpavT0GCtxi/twVUff4unVm3BW6lZ2Mtjphueu5kS1ApSlMMj6aJWUr2WWHnAo8Xko5rKh66aXr84BdcuYUDDx8oYujIgyVDmVPcOXVXVa40iV1d9sBRrfyc7Jh8BJh+/HgXyscRAecdXftGoMlTlqDzoxD+yH10Y8K0eTjiYpte0nWRFFWtdbh/++z+F26/JRwkmHycRJh8li96hKEa4+qiQjygg/LbMq8U4zAy7nUHP4G37cf2KzQx6d6H2hmRczHK6OtbjKsN8uRsufx187KYZJvru7oIPqczfQTfIvHDtXtTdQPnj52nIc7Yxy+FGS7fjNsphr++S8Vkuj5vKojwePI1BK2aM6oKQYz8/qvoSKw94tJh8VFP50BVUycc1kg8+VkZ0TZMKZJhBlXbVMr6+NFirheSX9C8/WTD5CDD5+PX4SlDioLXSwuLh+iFHHnvxCKNttQ8/vqNkljmmSTrULVJdCs7eFHQzqM206M9QEcG+TT48Jh8nESYfJYuqJ7V1CHcSK/YqynMluOSD1RbSyTtpR3DPyu/4G21BrXV7gtaPWL/tSYy6kesiqQabK15Rrw7NeqWLrIplFLv48lhlXVhAYu3veKAbk16wYR/qbmLZEZeEBsvTWLZnoO7KRFwetxOPrtuJNzPykeTKIh7TfB7ZwoN8oHLp2M+Pqr7EygMeLSYf1VQ+FNhcHpeKS1WJrk1DzfWpuHBjqgtsdDdOZVZl4KslH0QZ2fUvV5ASY38nOyYfASYfvx5VbtHyoUrOiYea3Deku6Z3Lx7uPaTuWgVUqcE2fHwJA956Efz7fddIjQ05R/LBtWQm/Pd/CpOPsph8nESYfJQsqp50xgoX2Ki/TpHueC64T2bfTMauX/Pkbv/1Hly55gfUXb/H3YSxusmH0IWayxijNInj8Y9Pw+WaXYqodcFdxImUx15AXJkXYz/HCy8fF/P312dpvCKddcR+li3pLOOTcHP8LvT8NhPf5Ba7Y1qUm8cy6SDLXHWlO3Fl7PFaYuUBjxaTj2oqHxo4XmNVIi7gSX/++mScS84jF65NZmZIZmEeCIokxPUxD2XaWPs72TH5CDD5+PUoj5QnH27Q47o0JxdK07auhYNBk+Sj1vrUoDsVt6vJfFiTZY/6Ceu9TlYia7WceLzA/FyCv2ny4TH5OIkw+ShZ9A61epTKBykqdCW4y60KbfjiHr42fkcGbo/bjLort7Js2Yu6LFti/r4nMa41Q2XiasYwrKNqu3pKXcwYx0XK5Fi4si9qX8cDyceFkg+WIw3jk3FpRD4uWkMBWcuyd0UCHmX5sjA9Hyk8uNmuTJN4KAg59vOjqi+x8oBHi8lHNZUP9RU/+7NUnEU0M4QGaCkwEn5wuVBLiNYuaOL7quMVE2HyEWDy8evxFV0s+fAoH6kVUVflLo1PxWVxDKr4G6vVQwJykSfSEqL3aD/any4IaCyW71bg/8bPRZ/P5KMUk4+TCJOPkkXvUDzjIi5lTj3Qndz9k3x+c64OkmWZBXhy1Q9ouPw71NmQVO3kQ+Wpem+c92kazv40FedsTMa5G5IZ7LM83ZDGvFt6sUflpVoeVI4KV/aF9nW80JiPWixD6qwJ5EM9SRrEq2yhgKzNQJ24RFy/aCu6fZOJz1ko7ec5kVcUEUl3tKvXEisPeLSYfFRT+ajJgObcz9JxwUbdPTYFly9PxjWLk3HlUnW50h19I107KCZaS0J0ldXkgxuYfJh8VICv4MqVD/1OTG9EAWhC6bhiRSquWpbq8l6TJUm4dFkSGq5IdnLir+Z5+dA+1YfZd4m8cplEouzf/yn0+Uw+SjH5OIkw+SizuFAm/ED7cjmV3zf3sAIb5LEO28HfoednO3HN8u9Rb2P1lI+LiWst1pTCkQup6sWhlhDXOswyrqRsDuHKvsh+jidBWa7fPYl/V12vkvhZJEXqerWfxyQDjVne3L1iG17LLMReHsUjPJ4u5qiGS6w84NFi8lFN5UPBzMVrU5193/xJMv7zbgoeXZiGB95Px+2L0vj9g8yrVhFN/6mB6ArQKyujVjYmHwEmH78eX8EJn1+8fGhdl7+Tgn+1dly1PBVXL0nG9R8n4R/vJeO+d1JwF/Pi7R+m4LpFybiMQlJ/BYMF7seJP9eqMJVvL6eAKJ96wfm56DOZfJRi8nESYfJRdtHbdO5y5dxDaS6n5qKo8BATcykhRTjIF+dsO4A7Vm3Hxat28besXmW1yq/LWB5e+0kSbliUghuWpjLvqmxNQROWoXpNF238uA+9R2WxK48j+zje6DPqvK2/Ut3AEllv7mM5nOjK4jorM1i/6rxOwuUff4uuWzLwBQ/mIaK4tTousfKAR4vJRzWVD43huGZFGv7xQQqeeC0JbaYno/OUFLSdlYan3kzFrR8FAY4ERBlUM0mom4eaKWPt72TH5CPA5OPXo0omlnz4ii7obpWGK+LScM2yVFdh3vTeXjw+PxHtp6eg5axkNHstBfe/w3z4SdAyovcoL/pukGqFlMxof8daeeozmXyUYvJxEmHyUXZxsUxQJSmi0dPgmW44eJgndRY9pBA5/B3WHS7CY58nocbyrfwtq1dZrfLxto9T8czrqXh+XgqavZqMx15PxgMLU3DXB2m4heWobiugbqoq6zRJh8pS4VuVjzf6uw1Z5jeMZ9m7WmXJHsZhexlnJaF+XAalcD8uXpeGujw+96/6HgtSspDGAxoc0+q3xMoDHi0mHyeBfPjgQ1avq6IxAxKe+JKHWz5Owd3vpOHp11LRbloK+o5MxMg+uzGtw3bMbbUd09ttx9g+e9BvXCpenpWKhygi/343DXcyA//9kzQnJOoGEgQrpQGQy1j8+1qX/v0k99xt6z9HFcXkI8Dk42jC57CXCBHeRue70nzrhk/TOCnlE/9eVZISjrvfT0NzVpRtZqag/aREdBqzF8N77MDs1tswveMOjO+1G8OHJKLnhBS8NDcN9zAPXrUszQVW568nrKQuWpvGYxIEwT7fSVDU5UBpusDg+zTrb4e/h8lHKdVRPty5x3NR54PW/ryMRtv58yJamKskJh9lF9VRfKvimkA+tB89ymJ+PYwCtX7kFyKXSbu5ba/v03DFom/QcNU+/p6pwXm8KiOCHvsbECrm8UQdg2PEn1v+vNJ558/H6PMvfO7pseKZcLrKLXU5vZVxzH1vp+AJCkbzecl4fm4y+oxPxsy+SZjVdQ8mdt6BUd12YFi/3Rg0Igk9JqSi9YxUxj1p+Pd7abh6KYN8ft8LWY6qPL2I54zOKaHfxecdfT7/eXye8Z/Xp/9c9J5GXj5WBWWJWj/c2BNNubuG8sEyvf7aPbj2o8/R/ct9+JxFEqPUIGbloukEGJ3wX5XGxBXIwWvaJLLZSbHEygMeLSYfVVw+lDnqrmOBzIxyRVwyzZ6BoTI20QDWegwS6zLDNl6WgnvfTkOnKakY1zcRC1/ZjbVP7MDXD+7Aj/ftwO67diDlnzuQducOJP5rB7b8ZwfintiGOW12YcDQJLSavR8PvncAV6zKRK116biEEqKCquaGNHcVtt7yRBYKSQxUk5iBWAmQeqwY6jOYEb8ks1YmJh8BJh9lUeWnykFrPfeVkp9lKozS/UQNF29IRQ3+Xhfyd7mEeeJS5sEGzC9XLUnBg2+kov/wRLzbOgEbntiObx/chm/v345d9+xA6r92Ipns+/dO7Ll7J75/YCcWN9+JCf2T8cKcdNz0CYMEVmC1WIE1iEvHZSsP8PMFN6uqx2N07qZUN5FEAz6+0o0lCSpvXekLX5wIKlqTD1Fd5aPm+sh4Pa7dHfN5DvjxQzpXhb+QpHPD3RMhcmU41j6rBDxvTT7CC9/LHKqgNAhIVWHpPFbLRy6O5B1xKkIFQQqJTy/E4+9swFUrdqPh2gOos5zxQfwhxgpH3O9Yf3UGf1vFPfxdea67tcp1d757Mfn5uFZenlv+Xhs6t1R2qozURRKdiyqf9JoubPoLmJe48pLlG8u4xsv5mMLRMD4NN6zIxENvp6PbxBTM7JWIRS12Y83T27H28a3YfP82JLHcTP3nTrfey/Iz4Z6d2HbfTnzFOGdl0514s8M+DB+WipfmZOCf72WgIb//WRvScS5puGo/LmN8U39tJmpszGDeSWf9Fnxv5SdX7hON12iw8tjrOn0vfVcvU65O5f4lQQHc9+pkNOFvfs3S7fhX3HaMSy100lh0hMeXp8hhVzcfdtFIcf5himUQv+r00XHW0deZEAQvVXuJlQc8Wkw+qrh8OJiBNYCszloNrGKwr5OcJ3Z9ntj1GSTeuCQDzV5Nx4BhSXi97W4sbb4Lmx9OQMadO5F1605k37IT+TftBG4gV5NrdqL4hl04csdubHloNz54MQGTuu9DzzEpeOr1DNy8KB314ygerJBrMDPqM2jGnkt14xxmzLru91JFrYJLV1j4WAVK9OeuQph8BKjgMvkoRXnJXX3jWoLhbhAYqTTVouHyGtH5rUBOrynQq7WOeXGVZjVJpCCk4roV6bj7vVS0mJaEMX12Y9FLu/DDAzuQefsO5r3tKLx5B/KYD3Nu3YWim3YB1wcU3LyLQrILXzy5G/Pa7UGnkUl4YAHz9NIDuJziUW9VBuquZX7k8ZHcaAKJcz8Nrt41oXxoQLrObVWcfryICK6+mXyIatvyQdwkITy2CnjUEqZjHwQ+wWv+PFa6AkQFgFW6rDb5KLOoimKI5gSE35LP/OS7Ih/Z+dnukW5Vl0G2HCpE35U/4IZlO9BQohF/gOVXFoP9LErIQf6u6TzHdeFQ4rE7UodH5OMXnPM673ROCS8fOuecfOgiDR8rLSiTSs+9hisZu1A2Lubx1N+9iuXnPe+kouXUJNcz46OWCSwTKRf37UDav7bjwJ3bkHvrDpajQZlZ8PcAPS9mear1odt3Yes9OxD39E7M7rgXQ4enotXcA/jH4kO4glJz+VKWf/EZqLMuE+dvTMf561P5+YIWEX0mL+6Kb35pXReIR/CdVIfW5jG4mOicVZmtMSCXr9zL77sL1y7fjhbbj2A9C6d8kk37OMhjepCRSG4xdZJls5cPiYlCFR39QD6COLwqL7HygEeLycfJIB8MBmutScSZnyUx0yQzgEh1fcobsdK8ZlkanqF4zOybitXN92Dzf7Y5dEVA4pF3807k/j2gUAJyXSAfuDYBuGkPjtyegC33bMeax3bg/Zd3Y2KfJLSYoTuJprMASXOFvYLTJiy0lCnrrAlaOpSJLmHBpYBV81ursov52asIJh8BJh9l0XkrfMUjJCGuwuTvUlKxknBgpzLj8rhkVvIpuIl58N53U9FzbDLeabsH3z+0A3v/vR3JrDAP3rLNyUfxjTuQddsuZPxzFyUkqDBxI9ckn5XokZu3Y8e/tmFx810YPkhjQjJx45IDruKqsYF5j8FxYwqFbkyoqXp1zxDdO0SfTZ9XV79rsbLX59MV7ss0joSf1+Sj+o75UDCn46/jrYkJRPgKtM4Ldz67gCpIk0jH2leVgee0yUfp4sNM7oH/KYcqrlGlRfid8wry3LPD3P0BksxNXt15CLcu246GcYkM8vejwerDjHXEAZLG39TLB8v0XykfunmqyhmVjUKPfXdtiYe/kKNz0F28IXregPVLPf495bsmcel44O009B2RiHdb7sLXD23Dnn9vQ+I/tyKZ7P8HxeO27chnPJPLslPl6GGKhsgNXcwpZmyTc8MOZNyxE9vu341NT+/B2233YcDETDzxRiZu+SgDjVZk4KI1LFMj3VqdFOici3x2ibw7z9bq/iFHf9+fQvuIlo9a/HuSnLr83pdoDAi5kr99k6U/4u61uzE/MQv7eaAP6RgWFfB4Mg6ReLCcQiGPPo+pzh6dBzr6Jh+RysDk4/ij2XM0nZya2HVvAF0BbUgBuWZJKp6al4rJvRPx3SMJOMBMp1aOQ7cx0LllB4qvVwtH0Oqh9GwKSAEfF+uq67XkKm5z9Q7k3bgTB2/biYR/7cCmx3Ziavd9eGCh7iDKgosVc2NWagp8XLPkGk0RqtaXQESUUdUN65dk1MrE5CPA5KMUnbOqCH0XFeGCNJ4rLrBzQXwQ1Gntr+656XDJFcwTNy1Jw4NvJqPbqD345IWdSPrXdhSwEiwkBRSO7Jt3IIcUsVLMv3knjrDiPMJKM5vrQkqHBMS1gly1je/bjgO378TGJxIwpds+PDszFdct2c+KkJWYZq5jnlcLpPK/u4khcZUlv4NmrFP5oOdXLeVnW2by4amu8uFa7Xge6lz1OLkgLtCLnNO6Aq0uMEJpVbqsViBo8lGy+DBT7+ZeIs8U2yjv5qGoUHWZrpoDWXxZ3a/WZhfigTUJaLxkO8ssXcVnGbKa4rHuIGqt1jgyxTsajyDUayEIln/pOe/PJye3LHNcAE6ULtnQhRHdZ+yC0FotD3XX7ccdn2SgzfRUzOi+F58+rm7hW5Hz9204css29zj9jq3I5fNilo24RuVo0MqhFuQsogs5Tj6u5utX7uB6N8vTPSi4eQ/3QQmhxHz00h4MHcZY6c3MoDxlfnfdrdbzsaSAdZ9aDdUlUZ+9xvok5pnfQj4CuakVQd0ia7u6lPKxPpn1y3Zctfg7dPpiN77MyUc6j90hBrHFEo6C3ADKiDvsXLTS+RC0guk8qNpLrDzg0WLycRLIxyX8nDqpFXio1UNXGJowwHjwtSSM770Pnz+6E1k3bEXxtcyANyVQOBJcRsVVauFgIES5yGJGlGAcVmsIMywoJrhiK9kWiMj1Cci/fjtSb/0Rq5/ehd6jEnH/O+m4djkDlrg0Nx2oPovuKKrCS8LhKgM+DgqzGJ+7CmHyEWDyUYoqFwVnqhxrqmJgRal05S9/RTmMficFeBKQy1em4eoVqbjzvSS0H5OAhS9vxb47t6BYeepy5qcmhHlPLY9ZlI9Cyoe6PaqlQ/lPV+9yuFZF6gRElafyKzl40zZ8+uB2TOuyFy/PSMNNi4NuV0JjSy6LtIC4GxbycyuolHycvSkIOq9ZovuDmHx4qm23Kx7rMF6gRfi5zg8/VknPf0lQVWmYfJRZVEW5mCaCq5x0Z0F+X8mH4psCBqv5RaWdsn5kINRhy0Ge21vRZEUCfz9JQAbqbDzkBl7rZniX8HfVYOhgvGZEPli+xDwmFaCufzqnJBlqaVOZ48d3qBzVeejuJ8ayyd/s2LV+8G/dtigD3aak4/12e7Hjnm3Iu47l55XMmYxX8m/bgYN3bqdgUDxuYIxyJWmi8lHlalBmqsVYZakrQ9WjQ13KryBXkmuYdv1u5N26G1v/8SPeb7EHvSaohWU/rlT3K+b5BpQfN6kHP4vkQxP2aC35qEE5+KXyoXt7qFWnLuXDi8dFa/3NZNVddy8u3ZiKxqv3oNGy73Fv/DeYmXIEu3iAc3TAZZF5PM55EfnwS+QUUi2uiCXytMousfKAR4vJx0kgH8rEmo7zlkVpuGGZ7tGRhrveSsHAoUn48mEGODcxsLlOLRg7GNCotYPyoW5VyojMkEUMetTykXnHTjcORFdX9Vx9J33XD1GkriE3b0PCv7dj8fMJ6Dc8CXe9ncbAiwUTCxQ16StzXcBK7NyNyaixLmgBaegKsNifvapg8hFg8lGKKhcFZqoQtXaVJ89j1+oRauVQ/guC92CtPNAkPs3NLPfMtD2Y1W47tt3FivMaVpBXSPqJujZez8pRrR0ad6XWDwm/Kk6ible6eqd+ymoJcd2w9B6+v/Da7dh/+w5seTABC9rsQYu56bhuaVB5qfuVuwChgEECws+tyl8CdfanwZVtDUK3lo9Sqqt8uHOXgZ3EU+g8dpMhMN11h+Ex17kr9FhpsfZVpTD5KLOoinIxTQTuSCcy0RdXcMrvnU9c3lDMWox93GzmwVzcu3IHrlu+HQ3iWAbwN6v76WHUYDmv4D9aPhQoqw6IeUwqQPvyYqvHKnMuY9npp+1XmqTjTJZN53GtiyOaEvfhN1PRd3QKPm6xF/vuYpnnyk5dCGU5edtu5N6egAIXy7AsZZq7WKry8UqWk1dLLIIy0wtIkWIZjWllHFRMChnL5N+SwP3swaGbt2PzAzsxp+MedJ6Qivve3Y+rlivPR2bCohgoj+gzqy68iHHNL2/5SHPElA/+rTobUnERpeMSyk39dYlosDoBV8d9gxbf7MC6/CIc1gFXH7osPshj+cxjHRx3otd0+PnA5IOYfBxfFDQ0ZqBz5fJU3LAkDTcvzcA/3k9Hl9GJWPbiXhxmxtLV0sKbElzrxuFbdlAq1PqxJ7iS6gaXU1D+ztduCwRE3bPU/SP/jt0oYEZXd5BcCowycQ7TD92yHYl3bsMHLyWg9cRk/P2jNBYkKvDTXCbVXdH/9pm6gSUzSEvmb8nfUcFNjM9fVTD5CDD5KEWViwJ3VZy6Qqdz2E9fK+mou1KtfNyGQb+/aqztGvKcv3VxOp6bmYjxPXZhw+PbmO+2BlffrmNFeP12FDA/FTBf5amLACvIXKIuAyXywcdePtQKUsz8q5YS1wLCirbw7wkuP373wA5MHpSMB97m32blVWNjIB3q9iUJ0ZVHf5VblbvWQUuNyYenOg84V1cOjfXx+PNY8qybVGra0iY8H/wN2Kp6OW3yUXZRFeXyZYTggTuZ+YLqMH77AubjIgZy3LigoBCZ3CQupwAtPk3ALYu+RZP4BJZjybh4YybO5298Mc91jSNtoBvhOflQoP3L5UP30vAXcFTmqJuqun6qHNL5eM6mVJz1aao7P69eloLH3krF2IFJiH9uD7bdsx1Hbt6GIgqDLs4UKQ5RbMKyr1gXVSkfil+KWJYW30hYvoqiG4MWD8mHttXj4gi6qKpW5UO37mQsw/0yHsq4fQc2PLYDs7vuQ/uZmbht8X5cyO991qY0fvZUFx+o25XyjXpyqIXil8iHpMOj3zTodkXh4G8j+aitWRJZn16sHiMsby5h2Vx/1RbcsW4z5qTmIlWHVi0fR0hBEINopjN33HUikEA+WBbyaVVeYuUBjxaTj5Og5aMRTbohg4l6XN+yNBMvz0zDG613I+VfzIzXMMMRDcTKvpWmf8tuBjO7KRu7mXF1NYDcFFwZUEbVdgpq9NjPGOHT1Q/9yB0JTkaKrtyGrXdvx6QuCXhiTjKuW5KBK5cFmeocBkBnfBZc0dDVAl1plZTE+uxVBZOPAJOPUnwA564EMijzA8x9kFZjZWIwluLTNJxL0VYlq3EWVy5OwnOvZ2Bcr91OPFL+JXHfgUJWloXMO6oM/diOwpt3s9LczUpV+ZGCcT3TmB+VByUdyneuzzIrVL2mx6pI3ZU8Pj94x04se3EX2kxJRGPmvQv4WVSRNVmWzLwXdMfUZ9d3cYLE76I0m+2qlOooHzqeGvensXiaeEDTMKtVTGtJqVrKVS5ftUyPA1F15zvP30tIPW0bg1h/q1Ix+Siz6F0uX0Zwi/blMiq/fAmKSl3mVdSDb8nIHSm466PPeA5sQUPW1RcwoD6fx7iWjj/LcvVYkHzohoS1ma7uRzGPSQWo/FSXVcmHykelSTrC8nEe5UOz9F0Wl4p7301Br8mpblrczNu24+CtlA+NUb1NMwGqS/hOxiS6+FKKe85yVS0hKltVdnoUv7iykjLiURmqctWVwRIZbqPxdel37MC6p3Zh3JBU3P/eftTk9z3jM5bt/Gxq9fZdar2QRX/Xn4PKEqHyQ/Kh31T1iy4K6fwthTIoKCG11iWgYdy36PR1Kr5hPKIeVzqkmuIqqLF5XPm/OxH0Gp+YfBCTj+OLKgxdqajBAqPG+gzc9W4GxvTdh28fZGbUlVZdSaVgyO4V4IisW/cw0+12GVOBTsnMOtxOg80dkSsI/rmuyvpM6/pQXrETRxhMrXtiFwYMScR/3k6nfKQzMwU37jmbBcp5tHhdVdN0ny4IivrsVQmTjwCTj7Iof/m+yhIPXSGWSCv9PFYMGkdx9qepOHe9xjkxsOP5/593kjFlYDI2PLUTyf/YhhyKR76m0nUVZFAh5t2SgLy/qwVSAyDJdXuAaygfzHOqENP/uQsH7mDFqLwWEQ8/85Xe7/OsWiy3/WcbxvVJwJ3vJ7tZrlSROflYygDCVZZBMKrZVFTRKSBQ8GbyEVBd5UPiofE/bgICBZUaA6SueTpPGaD78YGarEStYmd8kYqzvkhz3fdiiYeI9bcqFZOPMovepWpK69I9+FQfjSrqEcFzVWksbfBO2mE8v+o7XPH+JjT5TPKRxLqb5bqOtZPXQD40jb+66kkUYh6TCgjik9LWDz1XGaqYQLKhsujcDUznOXnHx6loMTMZU3vtxQ/373Ctw0dYdh7SWFRJAstOiYRQy4Vms9IFHLVkuBiF5aHiE73mpEOxDdNd+ak4KFKOqtyUbGgmLF1QVW8Qvbfomh3u/krvtNuHZ+erF0cazvw0uJiq7x5ctBG/7D4fDnczRy8fgdQITdQj0QjWQlISUItxVM0VW3HX0u/x6r48JPPYZfMQq9xSje2Oq+baVYCrp/zHCUkVX2LlAY8Wk48qLh/uygFPznM3paPh6gN4flYqPnl+FzJu3R4MsFKmUqCiAEcw2Mm/eS+yb93NjKeWkCAzuxYQZU71l9SgLfWd1FooTTAD52lWHmZcXLcbxdfsROrtO/BWq91oOS0VNywKMpYXkJpr1R1LhUxQGcb6/FUFk48Ak4+jcRUxfwNVmmp6dwEbK+PzNiQ78TibgVsNVhyaberG5el4ZXYKNjy7Gxl3bMXBv29l5biD+TDoHlB8c4KTd9eNykkHuZZco26QepzgKlrd2yPjH0Fl6ipMXRhgPlbec1fquI+gBWQn/8YWLHp5B1pO3YebFrGSZACmz3rZiuSgixg/rypO4bqJ8bMriNP3MvmonvIh1PKhVg+1xtVgHXH+poCa65mmvMoAqjbF44J1yTj9s2T84etk/OWLZDdVcyzxELH+TqXC72PyUbroXWGCRY9ckBNBUU8pSjnAf77JL0bvz37E3z/5jL/hNtTmuaEpZt29LVhWNGKQLflQlyy1pv4S+XCwbFGZI/nQPtSCrO5+miBH8nEBj5tihCffTMWQoXvx4XPbkHDXNmT/fQcO3hrIh4RCXabcRdLIRVDJh1qH3cXQiFwo1nHxjo9nNLBcsYvWXkAiZakERV1b9/99G/J0m4Erd7rxH/HP7EKHCUnM+xm4YH3Q8hGUmUE9oN/lF8mHyoySu8nr1gQR+WDdUYJrZYrMhKX7f4iNB12LZJMPvkW7z/diHYtlCcgRHmcnH5JLxSMKcN1JoCMsqvYSKw94tJh8nATyocxRe30mHnrnAMb2S8J3DzCzKuC5ngGOunPcGAlwrmeAc+NeZr69rqtHrgZcRcuHz6w+w/rHkef512sube7r7/v4PAF5123HF48mYBT/7n/ezmDAk84CyzcplvZvjPXZqxImHwEmH0cTLR8K4lUZnbch6DKg7kyNGOhrwocH303DgFH7kHDPduRevxUpt29lfmHFptnlNL6K+c53tXJ58jrmx+uJWj4kIsqzrGDVZeDgHbtw4M7g6pxaPZQ/fcWbzUrTTcXL/Fhw3Y/Y+tB2zO6xB83np+Da5bq5KPMdj5k+d1g+/JVIk49Sqqt8SBZqr0vFhawfzpEkf5bqzle1bDRYnogrlibhKg2ipaTofD5rYxLOWs+8zUAnWjo8sf5OpWLyEbXofS6gcagE9/jn4fRgOyCfv0symbktEffFfYt6SzejNsuzGjw3JB8qM3ThQmW9xjf8UvnwE3QoyHb3GuJ+VA5p3Ida3pR+EfPTTYtT0G5GChZ0SsCX9/2ApDu34QDF4zDJvnVnyQUXdRFX+RiNKx8Vw+hCjSRDsUsYLx3cTvGOv3ijcnb/31lGa/zI1erNsQ0bHt2OwYP24v739/P7B2M+3CQN/Nz6Lr+42xX3VYcyERDIR/Ca4kuPbhQdSEqdVft5Xmei1qpDaLQpD42XJ+Afy7/BlNRD+J7HUDeOdMdUM14Vau2Pr6dqL7HygEeLyUcVlw91pbhoXTquX5aJHuPTsejFPUj+pwZgMbPdqECGAY26W90YzG1ddJMCHQU8CoL8VdggY7rMqeZLrguZSdUlS2s9d92vuM5hmrpsFf6dwdK1CShmULX7rp1Y0Go3XpqTget19/P4dBZeLMB0h9K1aSxwJCOxP39VweQjwOQjBqxA/XgPLx8K4F0/5g0Myvj6dYuS8eA7aXhhThJG9NmJrZSPwzf9iP23b3cVnJuRRS2RN5SO8Si4aQ8r1b3Ml7oYwMeUEnXHUhcA5cUC5jU3GJ3vd3k00gKivK19BhcOKDTXb8MRSs6nzXaiL8Xn9k9YWW5IK/ls+rzhtfKiWkf02OSj+sqHpkZ13fAYPOlccPeAYto1y1Lxj/eT8dBbKXjszRQ8vDAF97ybgts+SsHVS5PRSOdGlHR4Yv+dSsTkI7ToPcqVqqQU2eibMmBzpbj+889K10p1XXSyC93MSauzivDM+m24YuU21Fy9m+dIOn+/oP728qGxBzXXBV2vYh6TClCwrrEdKkMlH5IY3WtIZakERy1vdfj8zg9S0HdMIlY+vxOpt23BYXcvj2AqcpWDxS6WIRoX58bGkeuCtVqR1YXVyYnKSImGLtT4WIbvVyuHyku1dPjuWxIRlas5/DvZN21H4fXbKTzb8flD2zGl5x688Np+N45VY2BU3muyESdSawIhi/V9K8TLB6XCyUdJGaL4kmULf+ugHM5gmbMfl6zkeR5/CLWWH0GDtYVotC4Dly79HC9/tw1LGZDrvh/FKpAVczNGiQS2Iar2EisPeLSYfFRx+dD0iI3j0vHgWxmY2zUJ3963HZm37UAxM6MTCkpGMYOarFv3IPuWvaXyoW5TuueHghoRyYi+KVL9zjXTjm/aVMYNBsom4MitlA+1qDDza5pe3TE07skdGDw2g5WYMk4Gg7V0fi4GQOuCLljq7hHr81cVTD4CVDmZfJTipVmBuyoe3clcj3U++8pUaQrcnnk9Dd3HJWJy+63Y9OA2VqK6AVaQF3UHcycgGuNB8ijvBzXN4+17mS8lHsE4rMw7VZEq3xLf+qjKNJI/XTpRxanWj+zbKDQ3aa77H5H8762Y3WU3Hl6gqSBTXZcwXVlUxS+8gKjStwHnpVR1+dA5KHQstdax0jF0xyySrvMxOFclCBo8rnsTpOFSzULIcvhqBlG3fpKGByTI89PQbUoqBo9MwvCBezFkwG4MGLqXwV8yWs1Kxb3v6+aYqbhqeSou53kiGZG0qCUt+jPpcaVO02vyEVr0HkU0qqQUz/A78rmGG2vAsfKrXg2v3cxIko+sQmQzUfVdv22pPD++QZ21e1FrnbpNq/6WfDD+WZXI8iGJ8hFISMxjUgFePlS/+nEf6mqlVuSGbv+MX3jMHqQAj++/F98/tgP5N2wNZgRkGedmAJRo+G7jYVSWRlqS1RsjPyIgrusV13qsuEXxi2IZP225Lty4stRLyt93I4fycfhm3bhwO755cAde77QXnWbtx42LNCNVIB+qByVkOs80INyf/z+biHyozgzLh5MOyodaVNwFIpY39eP3u/O6ftxh1FuRg3pxeai38QDf8x1uW70RE5JTsIvnjItHCnhk3c0GdewVtDBN6fy/Ki+x8oBHi8lHFZcP3bDm6uX70WxuGpY+vxvJ/9jhbhYom5fxq3Wi6Eb1I09gmr/qqhaQkHhE0HN15VDwoz6WkhAHH/uBrvnMqLpC696rwoHrI/x7m+/fgbmd9+G5OWloTPlQxqrPCqHG+nSczwDN5OPkwOSjLPX5nXz/Xn8OK/BREFRjfRrOY2V6MX+bmxel4wWe+xN77kHcU9uw6+4d7v4drgVSU1srv2ie+cjVuwJWlFm3Kk+q9UOVJivASEWpfOYuHKj7gNDjSP50jwXznr9QkE/B0UxaGbf9iPhnd6H/+FRcs1z5LpilRmiWK1WgOkaa/rpxHIM4VvwmH1VfPtTdRcGObmwm2VUwd81SBULKkxrDkYYLN6S5dYNV+/nZMlBzrQa1ZnC7DNz73n68NDcDA0anYHrPRLzfcjdWP7cHnz29G589vgsbn9iJ9U/twprmu7H05T14rcs+DB6VghfnpeO+d9NxM6XlcopIAwaMml5aN7XVZ9K9DhrwfLliSSIFvJLyPvOdyUd4USUVaEWkYiLcH//To6PRic7/mbVVhR3g4w+O5OLOpetQf32CO2/qrjrEMj8Dl65kQLxG0/Du4e+qMv/Yj7FaOSTHKnvcvYY2BV2vdP7qZqeabU2i22JGIha9sgvp/9qK4uu2US6C+EXxRdBCEbRwhNENk4Um01EvDk3O4eKUiHh4AdFzP1ZOZabSVJaGu2oVXRdMf66LOdvv3o73Wiag5+Q0d+6r5cN1rWU9KGlSy4cGhR+zfLCe0HkaEC4/9LsGv21wQYGizzJH5XH9lfvRePkh/t0juIh1bo11CYyvvsazn/2IdTxuh3lMNX2yxDO/OAc5jFvUysWQpcovsfKAR4vJRxWXDw0qvHFZJl6ZkopPHwuuhsrwNVBLmU3BSxEzl4Iad0U1ErT4psewfHhcxoyB3uuv3PpttQ9Nf7fvrp1Y0nwnuk1IwZVxGcycaai7Jt014164TpVk7M9fVTD5CDD5KEUVga7ONY5PchWNv5eHC4BWMtjbkIEzN6bg/HXpuGEp8+CMNLzTag92/1v9lJlnyslfwuUpXwlGpf3/23sLALuqe+37e91d7vve91awuEwmRhICBIjhFCstdaXut9RbKlQpFeql7W1LW9pSKBYZ1xhObNzlnDOacfl/z2/tWZMz00MgmclkZC14svZZe5999uz1t2fp6HXoG/CfUwBHysTMnu1VFru81A69usLuvyNu1z4iHZRMM/eKDazcEDEBJ7c6u0EI5MNjJpAPdlVm41bqkSVyL3uMIYDRkNZz9sXt7P0tkk9aSxMKzhO2Kq/VNu9qs9f/sdU+9cOE/eLzTZb7jhoru77C2i4rsT7JTr9ki4CNlmBILDLLkqaxK8pt71tr7FefbbAvfqfRbvunJnvVX+O2MYOJyIxJj/RgocgHK/+s31mnZwnkY6KYqoRbc1tEKCAalEI/p3fz3v1P2OqCo7agoMWW5HYr0FbQK5ueVliu915ly0Qu8ZEp6+QEYKgWMgtpRmb+YX9khy7a2WSX7BB2NtvVDzfbF+6utedfz5Lk0jx2LL+U5XNHyEMSaUgGsYe3ndhJiIonHr7MkwuHpIYbriEG4nq3QeHIRoVD+t36K8rs0fdW2md+xCI6jN5otnP1zJAPN4RM+s8KYKn+3skGw2PXZMZsfV67LZCMM89wcWGVbcs6aL9oPGa1Epsu2T3WMOuzHusa7pX3lk2jfqPqnrYplQ54kAL5mObkg9avyx9tsU9+t9GevyVSyGNyIkzUcst0jicfUj6veCcKjl4QI3NIkssYdx6/qsLy31huX7qrwTbtjCaZQz4WKkBbGIZdzRgE8jEW9Hqw5CQBIOQDZ0pvI8MSFhYn7BVySixPufXxVvv4D5ttx23VIgEjxD9JR04X0PfeS8qs94pqS1xZYRWvqrAHP95or3oo7nQwXc85X86TPXfcZE/V0SqRj9DzcRzTnXwQ7DPs5dziaC8ZWl9pNV7jyEfcXnkgYUv2tEpORTjlDzbsitsbHuiwz/24zX5+R8z++sE62/e6Squ5UnIiWXGLH9CjJr9A8OYaowTXkLS5wlq2lljN1WX2/KvLLfdtVfabT9XbZ34Ss+sfbtFvxG0B80ecHjTo3chP5tfLPgTyMVFMVeKXiIWG5deGhgbcsrs/bmqxizKfU8zTbAvzO/WuW2xFAeSjQjJfferkQ3ZzgWQW+4K9YWVAltZlzgeTzi/IbLbr/tpsX/1WrR1+LY02RyWPpS6mQB5BMtkYj1HyIXDsy10Z5COZgIwQD8C1Pg5ic+VeFui5qMKtSFh/dbk98OFq+8jPm+2C3dGE8+Sej6XS/1PdZPBkwXtbKVu9oaDdlhS12rw9sjtF9XbBzoP2oT0VdqA32jSyW1I+AAER+ehTDD510nTqKZUOeJAC+Zjm5IO1sm/6c9y+eWeDlSvwYJdP1q9myIcjGxdJGaV4tGq5gEgKiHKieKdCPvxeIWMU/NIKa98uRbilzO7+Up1d+RBLfcYtjQBVAdoiEZBAPmYGAvkYi2jYFd3sY8kHQf2SwoTr1Vsokn3tQy32pW81Wt5bqtywR/RrvO6cLgxcXGb9l1db21WV1nBVmT36vhq78YGYrVUwen5mRD4Y7gCBcmQqp8E5tEA+IswE8pE8zpxx4QRCKyHAIr7n7I16OzbsFrJa7dUPtNjX747bIx+qt+deW2W111RY6+YyG7hIAdbGCvmEaheM0VJM8EXPBwQEWUJu6f1ghTZWAIpvL7XnbqmwP3+k2j71g0a76hGRWgX3LNe7IlvvI6de8nVqk5FPCYF8TDjxS86FDQ7Y4FCftagkv3/Qrs84aCuzqm1+Ab1osm9FsveF1bLtymUv2MQ4ZZ2cAMzvwPcTtLPnF5uy+qFX2CNWvLpW5ONrIh8Hby23tsuPWve2UsnjyJBVyaTrIR459mXkIJl8/A08+TgBkH+WNW9V/GLSj4FLyq38pkr71efq7e33xfTcx1e7cnM+9HcsPuVhV6eGtJxGW1PYYstFPhZKtpcXS753l9q1jz1pv6jptCrV5TEZZmLYYcl5fz92jOBleqdUOuBBCuRjmpOP9RnN9rZfx+yXn6i1pisi9j6wpcq6WSkCh4KTkZIlkw8U81SIB99hbPqAw4jiuxaFyFkdfVWZ/fwTNfaaPzTZxoxoyV03/GpPy5Qp6qkikI8IgXyMhfub9PfiLCEfONIVcpgsprC8gOGFCoYU5L/2/oR9/446e/K1ldYrx3kq+nVKkG4PX1xug9uqrfOKSre6VuY7quxW6eCFWS22cXdEPl6+P/p7GEZGi/WKMOF8FDOCfBRFy3vSYsw4elqTsa2LRD4WifyuyojZ5sdb7DUPd9jnf9xiD32ozsqvlw9gnhG9HMl7N10YBXb4BBYUYchVtGyzIP/g7DpDa1nNULLVvaXMql9VaY98sNY+LQKymUm4kimCouUC805YdTHVs086AvmYcOKX0OV++Tj8XJdKygeH7BN7a+zijDKbp/f4yr2yd3tkJ/R+V8k3pmWzM/fJy7zz+5JXNhW8cLfkVnb0FbJFbGoJ2HX/qkea7c67au2pN5Zb4oqjIr+lijMktyP2LdnWjS/DznoiMnrOg/NJGHMOSN6JYxqvqdTv6rPIB5saPvHmGvvmXU12/UPRZoDYT+SbFQ8BE/CZfD91MY30DB1j+wLVwQr5nTW59Xbx48/be4pKLK932FqwYcz9GJTNHuoVqexWDU9vApJKBzxIgXxMc/Jx4a5m++iPm+zR9yr42EyXuhRxc7Xr/XBLfErJaOFyDgYFxcF45UMhTwIo+oDu3cekc93bTdjCsYnw0E3acHW5/elD1W6M8OadCVtOK4EMz/KiRMpnn04I5CNCIB/jQXDFai8R+cCRMtSRFrH0fOSa1rEWe/uv4/abf6yxkldFu+Wein6dEvgd6bRrsWZdfAWKRW+usnf+SkHiroRt3BVzgTPDrvh7osnzbJIVyIfHTJnzAXG8QEEc5IP6PGtvVLfp2c22LiNu1z7cal8Q8bj/k432xK1V1rFVARyrpV1QFWGjyIRsdd8lCrK2RXvIuH1k5BvwEc6Wj9hzZIqVhvouRZ4rbPCSKqu7vsoe+XCtffAXzbZpN6sZisxmMX8IuUr97JOOQD4mIRELDVrvcI8svaIe/XZcP/+H6mP2quxSyVSlvXx/vZ2zT/XKHDGWzs9hFUsF46nq5MUgeXXkY1dERs7ZEwEZZs+ZLY8326e/V2uFb4vIx8BlpbJrkkFvRz2Shk05SGY9+XCxjb/GX6fz/hwYQ1C4hpWudNx5uWynSPjAJpHsq8vs4Q/X20fujdsluxPSeRpQI1vpsUT6fyqT708FvK8lImwLC+qdzWFBCSahp8v/rsmutK2PP2M/rDlmFbLLPQpwh1383a2QhanoWOzpm1LpgAcpkI9pTj427Wx2kwL3v7HaKQ/Lc7K07oDIQf9WVoOIFBQy4la/GmndSlbgl4pk8tGn+42SjwtlKDZVWOf2Cst4V7Xd/pNmu+oxGassBW7ZjZZWGMjHTEEgH2PBWHZaupgkCflgqNIqkQ96PtLzEvq747Yus8U+9LOYPfbeamu8osytL3+yunXKcHpcrd9kmEypG7v85Buq7PYfNtjVj8RtQwbLO0Zjlvl7ojoK5CMZ05180Ot27h7m6TS6Sbq0vjJ2/h8OxGy+nmvd7ma7NKvd3vrHNrv/9np75jWVVn+dAqotFTZ0scjDRYKbTBv5hGOXV1nrlZUWFyAfNEwdt+XCpmgFoa7N5da6udR68Csb9H3ZeQjIb7/YbO/8Q4uCyZitymyw9WxUqGdK9eyTjkA+JiExRKdH+t3tYp5hKUC3/NzT7X32jvwSvdvD9or9tXbWfr1r2XlWvlrB3hN6tynr5ASg144A2s3v2B2RVIYw+Tl07NzNvI93/6zWHnlvucWukuZdKPIBAXa2bQSeVKSIXf6GfCTZX8r9aldjCAjX+aV2dTwseT+2ucz2vLbMvvulBrvlwRZbKd+2QOQD++mXVwf4vzTXiJP6b55M8O4WsU+P872S68IOxVXyvbksAVxvq3YetPeorgrENaAbw0Oy0iKVw8OKbQP5COTjdOKyHc32zS/V2NEbK1yrlnMSIgJszuOGf0jRAGN6nYOZIPlg2JUnH66F17eU6TcH9JvFb6ywz91VZ9c+RHAWt6UKcqbSUZ8qAvmIEMjHcbhWJ5EPgprz9kRDXaIVT46Tj+VMBsxqsY/f02h5byq3ru20MI84zhQ6NOnwOn1JlZxomWt0ePo15falL1fZzX+OuUnJy0eIBn8Tfw8TJgP5OI6ZQj7Yd+FSkQ82umQFIcgH+yixEdp1j7TY534Qs+ffUGtdWyusY2u05HrnNibUshx6tOgI+xz4PQ+AX9rZDUsZCcTYM6Fna7R3wpjhuuvLrFeB4ZNvqLbv3RWz6/WbqxQ4rpQ+QMpTPfukI5CPSUiRY2OCcr+0eliKjehXdQ3bd6tEBvKesYVP1trLi+psUbaIpez8MobYnUIdM+eDoVZ8F7mFfGBD14qwrtA9l9FzVxC319zfaL/6ZKXVXltitk7ad0GZ4phyxSzelsqusky5W6oce0dZBE8+nAxzLgX5GNpWY4OS6f5Lym2QPZc4Dy7Q8foqG7yg1GquKrU/f6TGPnwvK7vF7WzZe4Y2evsJaQIsQOKXXz/dwAexpDULTjDsjV72FZJ3fO95xXFLK6i1LTues5+WtlidarWjt192ULFKT0KfAvkI5OM0gi7LH3y2xhquEtGgB0KBjycfAAVEKZ1yomwTIB+Ayebs9TGGfLBUneuar7CnX1thX/tqrd3wIF2EcVvmFDeQj5mCQD6O42/IhxwP72K1gi0mnI+Sj8wW+8y2K5OjAACIDklEQVR3Gu0pBf3sUD7l5AN9drv+inxIL1ml6PufqbQ33B+zlZCknGZboyCCvylapSWQj2TMhGFX5xVHAQ9DV85X4EbZ2XuYDBtzvVvv/G3Cfvu5Jmu9tkZ+oNz6Ly138znc0KrLI/IBkWDTNYbjQihca7AnHiNyRFnb5WxKGy0sQhl+g/KocavUmq+usIdvb7K3/CHh9v8g4KeFO9WzTzoC+ZiExCpX8mbD9HxE5GNY76lduv1Qot1uKH7elhWW2rkKeBdL9ukBYInltFT18SLwC3Ugr/hYehDoBbl4Z5Nt2N0ovyFyLRne+mijffUbNfbcrWUiAvR+KJfMuZ6KyyAdx2V0NH4ZsYHENmPIR9J5T0wGZZeRYRZRGLhUMdLIhoTMabLzy63nkjLb+4ZK+9ZXG+1Vf0nIJsbtZbL5kA9sJc9NIwDkYyULdpwiGTtZ4IP4XUfgIB9ZbADZInvUaucUt9j8gno7f9dR+0BxreV3DslvY7fZSpL4lgBm+qZUOuBBCuRjmpOPrY81272frLG2bXIMkAABEgDx6B8hH6OKmqyYScp7UmCIh5zS6DAuWstQZv3WoH77yM0V9p0v1dpNf4mW2oV8MPF8KhR1IgjkI0IgH8eRTD4YdoXjYXy72yODiX/5CVuqwP787Bb7wrcb7eiNbPYnR0kjwKnq16nA6bN+9yI5bAWWPMe9H6+0t90H8WCn4mZbp4AVHQzk428xE8jHgpEJ57QYQz7cqjv5MRckXbw7YV/+XrPtf0e97LJkbyMtxlGPhicao41P2H8aoBhy4huiJEOuV1vXdYuktG2vkf+okRyLfKyXvb/I94AgYxXWvrnUcm+LWog37YoWXWATy1TPPukI5GMSkoK6oW75Mno/9NsuHpK+K3uid8D+8blyBbTPyN6zmSSrLCUsTUEuu3CnrJMTwC+1S/CMjGBTIR8MH4SAMG+IvSuwq++/t8F2fKDKWi4vsT7Jcc+2qmglNsmmm5Pk7NyIzJKP2D9PPsZc44Fsc41iFAg5w1J7tkT3poeQoVbHLiqxiusr7Y+3N9iH6PWQPp0lYv+yfexsHpOtj8gHehgtODK1PR+8Q+wP5IPGpBWyR4sLEnZuccLmFWLjq+WnD9r3S+NWonps6B6pV1fX0zel0gEPUiAf05x8bHu02X59e020m7JIB6ze93pwfDw4OQ6U0bUSnCz4/sgmgxgFRz5kCFgbntWuGFdcdmOF3fNFkY8HWIo0kI+ZhkA+juOFyAd7ZBB8strVYsn3mpwW++JdjVb1KoK+KEBzujJef04TIl3W715cZsMKICv1HL/5aKXd9puYGx7myEdGNOSBOSyQDxxqIB8Rpjv5cAGIZJDFD9Kli/RisdkZPcqr9Gw3PNxiv/xCo1XfJLvs9itgWInkwQ9R8YBs+HkdTER3vdaCZJUWYmx6z9Yq2fJa+RLIh7AhIh8Qj4EtUU/IsUtKbN+t5fa1bzXZTQ9Fe38QmKV69klHIB+TkHBsvcKAOyIu6he69Z6qlP+0osm2P/a0bEG93mmLILteUK33j+ynqJMTgB6xZALCMTLMDuf04rE55dnFjYoVmu2GB5vse3fW2r43lVn9NeUiwSIHEAXFF5ALu0zyB0biGG//PPkAzhb680lglAbn6fmjF5CldWPby636ylI7cGOJPfiBGvvKd2N2y18Y1pSwV+5ptlfsZT8b6TkyJ9vphhY6oP9TRz6Q58UF0b5NNBpFdpzNYxO2YE+r6qbRNmaW2DulDxmd/VYjg0btTqVEnUpKpQMepEA+pjn52C7y8dt/rHFL6zLHAxLSLXDsyAfK5x0PeZKy0trlFfglgXu5NeJxRsfHCh9jbLGUmeFeFTdU2I++UOv2GVhYHM35YEO2QD5mBgL5OI7x5IMAi1Y7gvklLHtYJOOv97IyLyIftXKYBHxsVJVSf04D0GECx+EtVTZ4iciHyuquLbfffaTS3vNPBGGRw2KNfVoZqSPWqcehBvIRYbqTDwBhdEtuqp7SZasI4Fhp7ZJdcXv/rxP26IfrLXaVbP9lpc7uuyDMk42RibXusz/25Z586PqolRkSWxthU61kWeRjpLebhUy4b8/FpXb0mlL74z/W2Yd+1WIbMxJOnlI996SDQDCQjwkmafKQwlOG50ife/TTTFbuVHlceXai296eU2rnZ9TYfNm4swtrbWkBO51DQFLUyQmAvAJ6DBg+xCaZkBAWTaAHDxI9n3IF+yxccNsv6+0Xn6m2p24VObi8wlq3lbsNkyENw5DfrZJL4hCAjAt+aJWPSdxQreS4B9A4o+/3b692wxAbryi3mqvL7clbKuyXH612mzS/4Y8tdtkuBfO5CTtPz3sOE72LZeel+wT8flU35MzvuZPqb55c0NAl/crVczmbgw2QHZIdh4AsFAHBNq0prretu5+371a2WbnqtEv1SPgynVMqHfAgBfIxA8jHfSPkg506W6WwnXRZinzQE+KU0DsdKSPOAyUFp0Q+6IoX3D3o/dA92q7Q7155nHz85PMR+Zi/JyIfDP1wwU2K558uCOQjQiAfx5FMPhi3jAP15GNhIeQaJ6UgviAiH+yMC/lg2GNK/TkNGHW826qsdzOTNCut+cqo5+N9v4rZBbuiYQPUoRuukxOt3hXIx3HMBPKBziXrF7K4SDJ47V/j9s3vxiz33bVuqXOWWna93th3H3zJbkMuRgM05X8zRGXkvJs7tDEiH/2ba+VTau2YwN5OwwrgGLo1vLHc9X4cfF213fXtuF26A/IxRe8jkI+JJyZ59It8DEhfdKgoyFqEdtn9Nml7uQKlrzyTsI07Km3e3ri9oqjalhaV2vJCyMfJ2XiCdRo9IBv0grDELiu1sdkgvQirZUuXSo7P3dts5ymg3/xIg33qh42W/a4ai11bbfErKh0BYf8N5HbM/I/xNlCy7Qi0cnce+fdkG7neXG29spNxxUgQj8obqiz/nXX2iXtidsVfE3bB7hYRjIStyI7bMj3XAun82XvpYWiW3WSOSkRAWPzhPHprpIOp/uZJBb0dOW16pg69PzZrlh0oqJG/rVVcJd8k275ABHFRUZ2tyzps7y4us8L2AVengXwE8nFawbCrX3yyxhJi8q3bhctpKaiwXjkg1wLrW7mAlBEFRlHBRMgHCo+SA3o9AEHX4VdX2Pe+VGvXPhizeSPkI/R8zBwE8nEckA9auBhvz2cckGtxVoDjyMcekY/CJrcc5ee/02BlNzDhnCGP5U6/0JFRHfMOMxlJuuWuTfp8MnDj+7dWWTfkQ8eNV5XbvbdX2tt/G7N1mehe5DyZ9wH5IEijPgP5iDATyAcbQ0a9VlHLsVs6Wc/wuj/G7Sdfa7YDb1GgJtvfIxlA/pjv5+Z4jMgZdp/AjLl6gEANmXMylCyLLmCrceRjYHONtV5R6yagQzxYfQjYBfIr60us46oq+/mXm+2SnQnZgdDzMVFMXZISD+rFSKHRZ4bodOod9eioe2jAYkPD9suqTtu684gtL2YHewW7Qpredco6OQEYrgT5wP6wP808kQ729zhHQJZXUp9Fcbdj/lnFDZaW3WC3PBCz797ZYJnvqbX9b6iy0uvLLbGt1PpZ8vlCAUKt2Ia5pthZhn0j3wz97hpZVIHyUfLhhhcyB7bS4ldV2vM3VVjumyvtsQ/U24++GrdbHlJwnydfVpBQvKJgP0vIlr/Ts7Ggw8IR8nF+RvS3nCfyMW+qyIf0ignm6dltknWGX8n2FOBvRT5yFaOid/va7Jzsajs/r8qu3nHQvnek22okTkS4Lk7Bq4tlRkcCogZ8gRM9yeDxD1OSUumABymQj2lOPi57vMm+95U6O3JzmTVtPSriUWo9IgIDm+UkIB/rhQ0RCaGnggmFg6xicongHc5LBU6KYVcQECk2zgsnNijlxxD0XVpmB95cbV/5doNtf0TkQ4rLpEjGKgbyMTMQyMdxsKvtucVRKx1zJhinzNABljklx2ESBNIa9qkfNtiet1ZYIzv0SgeZ+Otb4RypQHdwhn4YAMcjQR96NEpWkvXtpYB7bBTpYJ6XfnNIDpo5H/fcUWs3/mlkeJjqDqfJEIc01RFkKpCP45gp5IMJwAz/I3hD7lhi9633xewHX6qzp24ps36G3SEHssOQD0cuRmQMEuyH6Dk5G8F4eUIO2cuJ4Va0FneJ1BLQOZllIQVWB5K8gc5tZXbP56ptjQjuPOlCqueedATyMfHETzk9jlyZ+2UUe0DvaGDQWhWdov9ve+Kwbcg9Yqsle+ty2y1NQXnKOnkRYFu8/3c9dgLEg8ad5HLK+EwPw/V/abYP/KTB7r6jxh6/rcLKri+LGlckd6zqOcyqVVtEtreWW9cW2dtLS63rslJrY6PVbSIaW6p0jSC5HbyIBqFKi11dZU+/scYe+Gi9feMbuv8vWuzGB1udHiFP2MSoRziyjf65/HPSi0POc/rn93/j6UQ04T3SL3qPsAPA7UGlukljXkpmvW3IbrQLH6uwm3MTtksGrQt72Neneu63roFj1jusKEaV3tevuqbiCYEBsiAtIcbB+09VSqUDHqRAPqY5+di0s8nuvLvB9r2l0hovPyrWL/KxldYvNjuTkxghH3TBs5kUyy+yV4ebOD7imF4yuP5ifc9BTkxlyeSj/7JyK3pnjf3jT/Rcu+Kuy5ZJ52kKgFI9+3RCIB8RAvk4DhyPJx9skIWuEfQxdMCtQLInZgsUdK3NabaP3Ntou97POvVHRQIU/G2RPjjdGCEUycTDDQMQRvSPgM8vK3lK5GNThdvfw+3Sq8Dz6M2V9uVv19v2RxkyQGtZs1tjH1BHoedjLGbKsCuCDSbu+g0vWUzgDb+P2T1fqrcnblUQJptvssMDIiG0BiNTKWXmBEAW+7dU29DIZHVakZFjFlFwS7hvpveDTeBKrfPycvvh52tsXSZDPwL5mCimLPFT0mNawF08xOdBFfS5QMi6VPCUiu5qarVLdz1l67LrZOPaFXy3pK6TSQYTu9dI57bsiNtb7muWLWuw33+s2orfWGZVVx+11ssOW9/FR2xgU4nsXanIMvIu8rG9zDquqHTzXnsh4NIDhmvVXVNhT7yh2h78SJ3d/bUm++C9cbvpgRb9ba3GvhmsIpXqOaYLsM0ejnwIngAtk31fVdxiKzIb7IKcuPxUo120q8m+VN5tjarHPpHJIRltIpg+xTS9w4MuDh4lHy6+QSQGddjrrpuqlEoHPEiBfExz8nGhgqJP/ajJdrG78lVSRrH/vi1l1iNHNOh2PBf52Bh1S7LBFOSDlq1T6vkQ3ORDvkvQI+CsaOX1wVbW++rsbb9lBaCEnSvysVTkY4Xr/Uj9/NMFgXxECOTjOOj5oJcDrM9ockYdg3+eAj+3covrksdRNtu7ftNsf7q9xqpvKBGJYOI3hHxEb0Z0ZRSeeAB0agTJenYyGJY+QzwYetklR/zM66vtwz9tso2ZCT1fzNWd7/lgiUg3bnikdS+Qjxk258PVU0R+56tur/9LzL731UYrfHOlxS6Xzb9U5OCyaMER7PHJyhXXD13GsNoq17iE33D3EPHoEfGIS8a6ady65KjFry63n9xRZ5fsjCblpnruSUcgH5OW+EVcXHSgIwWqMBKGYSlysMf7h+z6jOdsQ0aF7IZ8eEEidZ1MMuhRYBgfq6hdsjthr34gbh/8eZN946t19ruPVVnOW8vt0GvKreb6cmu6ttyary6zxitLrOa6Miu/kdX+Klzvb+lNlXbgzTWOdNwlHXnvz5vt2oda7ILsNksrbLclRQy1UowyzRtHPfEAnny4xi/5HpZOTy9K2HLFq+tURxsVd53/eJ29LqfaCiX8Ldi2EZs9NNBj3f3dsuPImyrYExDpyJAKIurhJGJK0nj5TwYpkI9pTj42sELErxrtnz5eZTXXyGVeUmKDCkB6t5a7Nf9psRq+mBWwKq2dzaZ8z8cpkA+66SEujrxQpuAJxwT56N5W4Va9euCjtXb1X6QYRXG3CRZOOsz5mDkI5OM4IB+0MLNCCxPNGXZFqxzr1VO+sKjZFso2sFPva//UZD/4Uo0dvVn6d1GJuT13IBnJRCOJcIziROdeAugtGdhSZe3b5YgvL7XEtjLLe0e1ve4+NgUjaI7IB2OW3WT5bOoo7PORjOlOPqgbhl2liTgy9IN6JH/53phd9njMvnJ3o2XdVm11V5VZ95YyGxLp6Gc8vJBKZk4IZHATNj7aYyEiHpKzSyqsTTLGim6tV5RZ25YjVn5zhf34zka74tG4k6dUzz7pCORjUhK/NvYXpdj4NJGPAWWtOvmcjj/2ZL1t3HVYsVCd7OHUyDzkY558ySLZ1fMzmm3LYzF71UNxe+2f4/aW38fsHYp3PvKTRrvj7nr7wRfr7A8frbId76qwR95TYfd9tMZ+9pk6u1ty+fnvNdsHfh6zW38ft6sfStjFu1psdU6LLSlssfP2tNpZ+1rs7L3yY1P0d50q0H+P8eTjvJxa10O/VO9qpWzC+dKDNZmNtm1nqd19pMGOqC6PUa2spdzTY/19suX6jxkgTuQIgwV6wbB+fJyqlEoHPEiBfExz8oEjuvn+Rvv6l6qs9Dq5zItLRBLK3Pjvge0iCZui7nJ6PCAfzPlg2cRTGXYF+XC7mwuj44mFgcsqrEvEo+HaCvvpZ2rtgh1NTqmZrMU+Hytyjo+hnK4I5CNCIB/HgRP0k3vpOWAsMu8C40+ZcwA59bZUgeGVDzfZ575ba0+8vtQGN0oPGR/P8CqGWSXpmR9z7/SHshEdGiUpI9e9VNDzyHDKdgWdsW0lVnNNmT3wwRq78oFGPWPMOVbqjony2IpVIh9hn4+xmAnkIx3yIf1iAu+GjKguX7GPIDtmH/pZkz3+/lpruLLMOraKfLDLvmy+QwqZOSGQQZZSv6zKNVi5SeuS4yERGRYzabhGJETko377Edv35kq7+9sxu/bhuNOPVM8+6QjkY8KJX3IuzH2KEmVYf+fTFKgyCqtO+E1Tj12RfcQW5ZXLTpz8JoOnAoLpBUURKViV2eziiYsfb7aNuxVY57KpZbSBMYtpXPdgzN7zyyb7wndFNoSP/ByC0mLXPdJmF2a1WZr803xdu6ioxZYVtkp/ErYsB9+l+KQoYefuQW5SP8d0AfqP3vsYit53nhnftKCgUXogW04Pd67i1Wx2X6ehrNzeVHDYdkgB2PV8iDimTzow1C19YGf7ftfbQewLAvk4zZiN5ANB2/ZYs/2jAp9nXi3isalEDqTMmHDevzVyQrRaQT6iIVeRc3E4yWAH8hF1yY+QD8pd626FAqAKe+r1VfbFb9W7scjn7UvYEhkQumtDz8fMQSAfxwH5gGAAt9pJZhT0MeyF3hA2xlqioHBRfqNdnBGzd/+ywXJuk96hgynIh5vbMYIx5AMdGkdSXiqiYY+V1ndpNOTq0Guq7MdfqLctIkOQD3o+GMKA82K1q1U5YZ+P8ZgJ5GOVgorlkjMCDxY/YA4SQ+rYwPU19zfbnz9WZ80iBZBQRz42Sv6QwRQyc0I4slFt7PeBXLnleiEfNDBtKbdj25n3UWaVVx62Bz9QaZ/7acKufDSQj8nAVCV+aZR8IPfKiIsUjkqHdIYJyb1mXfJ9e3oH7M0Hqm1ZwSG9b2Q/RZ1MMpDxefviguIG2S5a8jfsarT1uxvd4h7YW+Y+Mex1VX7MLpLtvVwx0JWPxmzbjoR0Nm5rs+P6rnxUIXIRDa1iGBfl67MTdn5W3FZnRatauc0DUzzHdAH6/0LkY8nexCgBWcwE9BxsFHa+2jZlPW9fLW+xQ5hxKrgbHehSXR9T9faotlXXCIHOQT4YbsdlU5VS6YAHKZCPaU4+6H7fmBm3d/yy0fLewqTDI3IYpQpKyt2Siwz/gHzQisXkQbe+O6tVsWrVKQQ70Q7nVTZwSXm0mRX3kJPr2FpuD3+gxt71U4YGKOApbpFhSNjq3ISUPpCPmYJAPo7DjT2WoQcYfxwfATzHjnyonJ1uISerJeOv/nOjgkDWpT9qgyz2wNryl1Q5/YMkuOVOFcS5iejjyYefhD5e314E3KePsf0XReP8899ZY5+7u9G2PMLqLdGEc9ap52/x+3yE1a7GYrqTD+QN8sGeM8gdcgj5iBp1Ym5lwZ/f0WgV15VZ56U0PknuLpB8TIB8DF0qG49cjSyQMCi5HdxULjljL5tyK7mh1O75fLW97b642+gw2vRwChDIx4QTv4Rrc7+I3CvDzRF8Dg3phfVK0ztV3mVWqqDpC+WyHflPKx4qs+XYPNXDcukDWKxg1622NL6eJgDs7bl7mu3sfc12nvJFsl+QkJW5zU72V2U1Op+0QnVNOfONFin45rolBfFotIVIxaqsZkc21uYkdH3c6ctKycnqvIStUxmrXJ0vPZoy2T1FYJs9+OyHXUE+Fu8RSZM9goDw9y+SP1qqfFlBvd5Pmb15f53tiPe5oVeDx2TPh3qkD52q7y7Zc32m8uEgyl2oI0xVSqUDHqRAPqY5+XAsV4HPLX9stgc/VG01Vx5RgFNiw4z7vYQASA5IwQ+OxAU8BDgXiEBsPAXy4RwTrWoKeDaVWTcrSkBALix3Xf7f+2K9Xf+HRlspxV8pBT8/O2FrpPSBfMwcBPIxFgTtgGOcFAE8wSDDrhYzFEbHOAPWsKcH8p4v1djz1x+xDgWBw5urhSq3Pj09ExCPXki79HCyej64T5/uycZvLIn6x4/W2jvvbbLL/4qjlmMqitl5xQRkxyecn1esII3gQc8cyMfM6PlYmUOdNbqV1/jsdofOjEkmo13Ov/bduO17Y6W1X6Inv4DlcCUfyFQKmTkhkEHXK85SpRwLkk+G1prsvJ1fasOS52ffVG2f/X6jXfVQTM8RyVKqZ590BPIxuWnEnUE8HPlg18Fe6X2XTig8albZfe2ddlXR07Ys46ClF8ddby/EI704YQuzZPuLFPCnqqtTBPYW+3r23iZ7JdgXrTC4UGXYW3qfGXoY7VsU9QKcpfOvEFk5a29M9izSiw0iFxfuivJV+hztCB6dh7Svzo7pXjHXgJvqOaYL0K1k/cLfLBYW6e/2PSDkHtj6RYWQkXrbnltl3zzUYpX9w9bdL98+yHK6EI9u5dIJ1a/7R4CAuM9TlMbLfzJIgXxMc/KBorKO/+WPxuyeL9fb/teVRS2vbHTGalciHsA5Eh/oQDxOlXxshHywi3O5dW8GrCtfbs+8utw++uOYXfpY3NZnxW0dLQ5S7PQssfDsscozHRHIR4RAPlIDPfOOj5xuf5wwx0sJTIULFQx++gf1tuOd5VZzRYmbsAu6L2Ed+oh89EtvIAyj+uiBXp6sPgrcq/fSChuQrjdcW2l3faXeXvVA3K58OOZa9hh6de4I+WBoDPMG5ol80FqITgbyMTPIxwrVC2v7s/IadcmO0SsVPBFAbdoZs/f9Mm73f7LB4lfK1m8QQWDBg0tlq1PIzAmBDI6Qj+hYkGzS88HiJbahzNq2ldrO99fYO++L28ashEh4FAylevZJRyAfk5P4vej/UfKBq3M9H336dIzcrE1l+SIj73/yiK3f/bytHCEfAPJBnrKeJgiWlUbeF7tNXrFZEO9GEZJGEYxGkRF0ITq3SNfRK4hNPmtvswhLhHP2NLseFBpf2JOJHmB6B7DVxEz4NDbxo+Eo1TNMV0A+HAGBZAgQDj88GFCOvTpPWCM9eFNumWUc67OY6rylu0s1CunoE6K1rZzk8Y87mLqUSgc8SIF8zADygVJdmJmwj/8sZg99uNqqrymx7ktLHAFhrK4jIL5lFYzsUn7SwQ7X06Im8kHw1KPAqnV7hdVeW2EPvafSXvNHxlJGYy7XZ8YtPTsiHktypn9QGshHhEA+UsMNsVJOSxtzPtx4WzleyAfd/xAQVhp56++a7Cefq7Fnbiyx1m3lbtOrjs1l1i1dZJgiE3dHdWk8knXtJYLezK6tFdZ8RbntfXO1ffjHTbZpd5td8VjCLth9nHzglBxRck46DLtKxkwgH6x25ff5oMXTBSAKsmnhvWhHs93857h9/Z5We+7N9Za47Kjb34BV0BzJPRkghyIfboM2PuM3BDYvxJ+0S6afeX2l/fjLDXbDwy22orDF5hPUjejHaUcgHxNP/BTN3NJlXByREOTD6fcwL0wl3SpRwKQIycqFn1Y02NZdhyxNMrhUdt4Pt/JDr1LW1SkCeWeBBXr7QLqAz6F+z97bYC/f32AvO9Bgr9zXIPvGyn0Nqu8GEfFoThR7M718f5P9nyeb7O+Ev38i6kGhNwW94TeIm3yvgS+bKfDkYzz42wHHCwvitri43ZZn19lluw/aV8vidlh13tynWkbWWFFAxpx42MXEyISLa4QpSql0wIMUyMcMIB/zZPzTZHxvfjBh3/9qgz33mjJr3VIi5xNNBHdd5kwalGNxa78zb+NU5nxwPWPTL4ocE2PMm66osMK3VNnX76y3ix9nXGXcrfvOWEuW22WH5al01KeKQD4iBPKRGpAPDHsUwEeOC/LBOOSVkm8c5iq9kyulA5/+YaPlv6nS6q8st6bt0kV24d2sYPASuXE3DFI65Hs6RnRwtDfkJAH5aLm8wp54XaX9/DP1dtOfRCDy29z6+KyExJyP+UxGHHFKBLDYs7DU7nHMBPJBMObnF1GXyN/Ze2N6ppity2i2rY/F7T2/b7dff77Zil5fbvXXVFjvtlMnH4OXVUVziZBTfIdIc/NV5bb/TVX2m8832kd+GbeLd8kG6PcX7knoOcJSuxPFlCV+imBIuoxO4+IA7s6YcD7Up6xXXmDIWvSZ1ZKKEj12a3aZLcmSnZcuUBeQkNNBPkC0tLSIh7BK5GNNdkQw1gkbMiJc4LHb541uLtTakeFY6A36wtLoEHb0JtVvTXfgb5JJxgtd48HnJfLLy/OPCXFbW1hu1+Y/aQ/19ltc1T5IZRP+qsLJXN0jf6yxDCmdopRKBzxIgXxMc/JBUHSugguwPithn/xpzPa8vcqaryi1nm0V1iFy0CsSggMZkHNx+3ywT4ffKHC883kRDNAFf2m0AVXvJWVWLSf3h4/V2bt/Fbc0EY7lIh+X7og5MvTK/QlbVJyQgZrcMaGnA4F8RAjkYyxwYAA9I+DzjsAF83oPEI+1ubRARz0gHL/5d8226721VnFdhdVeVSZyUHmcfLjgbgQjBAQC4Sehn2ywSIDYcFWFPfr+Wrv9h8128c6ECEWLI/8rFTQvYMUrN9QgauWDfDB5edXIKi+BfMwM8kEAtkL6hRy6oEp1+fcHYvbyfSyx2WyXqN5v+UubfejeuP360w1W/uoa694u8iGZSiU3Lwjkc1O19W2psmMsy46cXiC7f0mFHb2l0n53e73d/vO4XfdIi5vQu1DPt6Qo4Xr+Uj37pCOQj4knfop9H6TLxEP0ehANuXKRjWH5Pv7rUGlckWq3yut00e3PydbnKi6CGIh0kkM+ICEp62oCoDdjhX5reV6ENGGVSM75issuyKy3C3fX28aMepERVteMzvMdej/WMCFdOccssJEuMNw08k8RokYYj9TPMF1wIvLh/ZOz30llaTkJS8vokF622LID1bYiI9/uqKy1ahlx8UqCHBfHUO/dqvhBerz6sfdY+alJqXTAgxTIxwwgH+fQzSicWxyzt9yfsEc/WmdlN5Zb21WVlrgy2oODYKdfjoi9Pnq30K0u8jHicAh4aHlNRqogCEfWJyfUp+P+S8ut9bISe/amMvvWnfV23Y52F/TAtC8R+Viq/P89Ebfz9iZsSWEgHzMFgXyMhTfsnnwQxHvgdNMJdFhFJVO2QjJEC/CVDzXbbz/baE+8rsrKXlVuLVdVuWVKWaTBrQ4H6UgiH24VrC3KaWn2ujaCUd0T0MvBZJKi7xIgPvPqCvvRFxvttX9ukaNN2Nm0QrPIg+qICZaMceZ5GXaA012b1SAHHciHx3QnH/S20fKb7nanjz5Tn5CPv3ui2c5TfV+8K2FXPBSzrY8l7NM/abHCd9Ra49XRCocQW+AXHUmWK0c2xn++uCraO0a+YpDPF+lYPiT/thq78zvNdv2DcdmEuGRGdl4ghxSkevZJRyAfE0/4NcjHSPBJLOqiNhcXyf4P9cgH9sgH9Fg7/kDK0dkzZD9tGLQL9Y7nZ1TaMtkVSG/a6K7nUSDvg+CoFd4H+Un19xLAPejxWJFbp+/Xq17rZKfqlNerbut0DWRD9a66xyfN17lz9tTbucK8IskAS4lLRyEjDNuiscXtkyPguzi3RNdwHbnvLZiu4PnQ9/Hkg/eELfDgsy9Lz07Y6t0iH/kJO3dvpS0qOGA3Fe23vDbRSiod8qFKJ7zBwg9IP6xfn9yavFOTUumABymQj2lOPhDMBSIejGn8+/1NCvyb7Y7vNthjH6y2klsqrPHKUuvcVu6Clt7N0V4A9IAMX1bjnBDltJ52KYghkCHv2VYVjRfGUTFZfRMoj3ARmxaWWbfueejV5Xb/h6vstl/KOYphv+wALa3NdkEGK+00y1g029l7o+XycJqpnn+6IJCPCIF8pAZGP9kBeIflVn1haUfmNcnwLxZBWZcRs7f/JmE//EKDFb+p2pqvku5dVm7HtlbYscur3EafQ5excEOZUCo9q7JB6RvDIqPx9REZAUPSTYJC9LRTBCZxOb2Zun5rtdmFla5n5Rf6ndv+qdm2Pi7ykB1XnejZFIRRZ554AFrLeUYmnoeej+OYEcOuXOvt8c/IH3N53CpAsrNrs2O2YXezIwXXPJywL3y/2Xa9r9bqrq+yhqsrrP6KMmu+vMyRCHo13PA/JpCP7kcjGy9bPyQbb5dWWL9krWMbO+YftZrrym3PO6rtx19psLff1+x+h6F8TN5l+B6rqIWldieOKUv8FL5NOZlzZ4Ir13PQCi4PKD9IrnMKnPqkJAfkC99SdNAWZx+1+cV65/m9tiy73VbIFywrqLW0/BrnK5bnsrkp/r/O6czSgpP3C1FPBcO5mMcRzfdgBSfux+RyNkr1BAJSMm9kUjoT0FkVzvdsRBtzpu754D7RvVI/w3QCz+iR6ryz30nH6bIDazNbbaV89EK9l6VP1drqzP2yaXVWqXqGYwyrXrulF62q5x7imW7YqJOEKUmpdMCDFMjHDCAfC6VwTMT6h31SLCnajX9utK98u94ee1+1Hb72sLVvjla/GmZVHOW0gg1tjlZCIdDhMy1dLNVJzuZSfhiI6wnRdYDvm5zTwGVHrfKGEnvkg5V2x/ca7Oq/Rq2q/3CA9bmj8ZasCoRD4jMTwAh+Uj3/dEEgHxEC+Zg4aAlek91ib/1VzH778Xo7/OoqNym8a0u02WfXdpEH9A/ycYHIh3TLLb/rAsJI5yAe6CGkg9ZoAsM+lXeIuHSwYajux8pZe19fbu/X71z2eJNduDtagtUFgnJAnjB5RM820jKWE8iHx3QnHy8EH4xAgNOAdNSRYQXgW3bE7Iv3xG3XR5ut4LZ6O/C6Siu5rsyatpVYz8WlEem4QNggcCzyEe1DU269m45Y++VHrerGUit+S5n94fYq+/p3Guyd98Vs66ORfLk5T/ptjr2tT/WMk45APqYsJT8Rus+yu3c9c8TWFB6ys4tk+/OGbVlGlxveuaygUiSkUnZPgX5OQvoSF0GpVWxSc0rk42ThdQGkOj/XwPLB60RA1qhulqITT7XYOZkH7VVFh+2vbX1uFTM6v9jrvE0WvocKxvyRT1FKpQMepEA+pjn5oEfhPLcEXYMUng3+2Fq/2W65v9G+fFe97XrjUUtsOWLD6+Rw5GggG22XsxFaebTyjm/9YkdcvysuG0ldHK2UNUC3PWRE6COA2l5uFa86ag+/u8S+/vUae/sfYrZ5Z8yW6n3hkBhXDpjohXNK9czTEYF8RAjkY+Jwa8jntNjVf4nZp77fZA99pE6BXJUNsfHgeoEhV/R2XCod21Qmkg+xKHOBn1udDr0UOGaVIddKzd4N6/W9ddLFC0utfvtRO3Bruf3kM7V2y59Yzz5a+340EBwhH/R2+EnK0bMF8jEeM5V8eEA4xoNNL698vM3e9fs2u/N7CfvTJxrs2TfUyPbLpm8staENkrUNZTZwUan1SPY6WJntqkprv5IFDErs4Osr7IFP1Nrn7mmwmx8Qsc2MKbiMFlagcYnejtUC/mZKA75APs5IQvc7hMfbjtnle8psvuRrYU6/Lcvu0vuXbyisFAGpckMD06QvrMSGbZkq8hEwFo58SF9XSx8WsArYE622ILfcNjzyhH35mRo7LOah6FexzqDb63xgULazdyS2maKUSgc8SIF8zICejwUF7HBZbyuz5RBkCGj5Wi9ncfOfmu2bX6q2wjeVW+vmUhtkkygFMrTAtumzIx+sBw/pWD8CWsN0HUOsCIr6dS2rZrl9PS4rtbJXldpj7yq1r3+12t72m0bbtiOm32q2lRkN7vcJeOjpOHtPREIY4oGjcsFN0nNPNwTyESGQj4nDBWjZCduY0WLX/6XF7vhus2W8r84FfsOQDxEJdj2HzA+K3EMw6Nno31zuVqcb3ByRDvI+9E+52+Btnb53fpkltpZLpyvs+1+os3f+Ujr4KDrIvIDjq7w44iHCQYNAIB8nxmwkH4AgcMPuhN0oGfzIvS32w6/H7ZGPN9v+dzXY87dW2eFXV9ozt1TY3tdVWP5bqyzr3XW280N19tDt9fbjrzXYJ+5tthv/qgBGgea57J2wr8lG9xmRDEFwkS12XSdP9WyTjkA+zkjCFbJDxGE95zufbpS/F7HI6rA0VlSSzVlSWK36qHZEA7lzQ68c+agL5OMMgPktq/PqLV3vfoH88tJ97ZZW3GzrdhyyN2UdsgeaOq1eIsdekoPYTSab90tZwmpXpwezkXyAJawKkVPvgo9VCiqcUyiM2archN3wl5jd8a062/XOKqu7ptxNFB8UsWClKkcsFOQQCLkeEN/z4cb/MrxK1wk9bCZ4WZk1XVFqO98eEY+339dkl+1stqW5EmxhjYyNJxk4KMYiQz4o8xuzpXr26YJAPiIE8jFxuAA/h9Y/vRu9o+v+Ercv39VoRW+vtZarq9ymnOhV9/ZK6/fLoV7McKsK65FOQjjQTYhI97YK61UOGem5pNQat5e4QPG7dzbarb+P2bpdLC3JHKuoxwNCQYOEJx6BfLw4Ziv5WJ7dbCuy2N25xdbntNnm3W1200Ot9u7fttin7mm2r3+jye7+SoN966uNduddTfbZH8Ttfb+O22sejNvVj8Rs++PNdukuEducmKXnszN0NIyWnafPErDx52Hn2T8hkI8JYzonXCHaQcD67You255dY0tkd1YUtNsy2ZPFhTVumBXDr+n5ZU4Z+hLIx5kBPnplrvyy8wEx6UqrpRe22LqsGtu283n77PP19tRI78dwj2pXxGOYZbBY9WqKUiod8CAF8jEDyMfy7HpbIdDj4YL87IYo+GCZ28KEW33nM99ptAc/VGulNzNmvMJNfo1fVW7NV5dbQnnH5cwFiYZb2UZhQ5kNX1hqHVtKrfz6Mtv3xgr76weq7Ctfr7Y3/7bBrngMpyYHVFBv5xTKuBTHXWuYbxGj5ZUgaLQs6XmnIwL5iBDIx8QRBfcxN+75FfviNl/B0NaHm+3z32uyRz/WYKW3VDnd67xCeijQo0jPIqR/6CKRfhaG2EYvSLkrH6In8uIyq722zB57T6V95Zv19tr72d9BvwGZEEb1TnrviUeqIZCBfPwtZiP5WCags6w6uCw/IRLcYivzWII5YRsyE7ZpV8I270jYFY8k7Nq/JuzGhxL26gdb7PKdLfIZyK5kKqfR1mfH7AImr+bGnAzRq/2KfRGiQJMGL8nTVNn4QD7OSOLpmCPQonx3+5C9rbjRVmZVi3xID2QzsCHn7VUsIDKKTNDgyKTwRdKZMA9j6uHIh/z1UibkFyWkF9Jr6QkjY87PKLGbCsvsD7FeS1CxPfqnr1+xTZdsPQHP1MhiKh3wIAXyMQPIxzIRD3o+FrMCCas36NmXyXEsLYzbWQo+lsswX/NIq338xzH7ze21VvzGqMv9+VtYsarMym8os8ZrWMGqzGyTcGGZDV0crXTy1C0ldv8HKuxbd9bah37WZDc/GLdNCnrWZiig0W+eK+LBSlvn7Gc/gcgJMenVT3z1QVBY7WpmIJCPyQHDDhYoAHy5nPHfHWDIStw2K+D7+C8Sdt+n6yz37ZX23K0VdkT6V3rVYWvbelTEI5oTMnxpmXVsL7O2K8qsS3m79PIo86zeX2WfuafRrnkoZmnZCv70vufL0XuiT++G7+3wxIPjVORjhZwQx4F8zF7ywQaEBOLpksXVIhFrsmK2khZpBehnF8fsZftikstoF3zI8oZdzbY6s9nm7WHfqGi36NWSiTX8rVkNNl+y4Xu1IR7I0Xr5ARY6oNc91bNNOgL5OGOJRzwmI1AuFvL5J5vtAtmJlbk1tjS3TjamUXLR6HrEaATB/1Nf9JYF8jH1WC4blV5cbwtVP4tphM5vk453WHo+q5M12JqMQ/bJpxutko0FMX7dPfL6nS7OUU1HFX6aUyod8CAF8jHNyUc0xEJBSJGcgxwCIOBIyxXDzYzZxl0xu4Cu890J2/Jowl7/+4R98Z6E/fYLzfbYuypt/+vKrPK6Uju2pcQGFfQMbKu0puvKrej1pfbrj1XYF79Za+/4VZNd92DMNu2Ku94VlhOFWEA0cFAYnJftj4ZbMeb84l3CTjkuOSTmfkBO/LCP6YpAPiIE8jFxoH9n7YnZPAV4kBDAfggrlLMB5xvuj9tHf9pkX/16nd17e6XteEepHbr+qHWwKt1G4eISa9musptL7ZHbyuyuT5fbR0X8b3ogZpdIB1crGF5WEHf75wB0C+Dok4lHKvIBAvkYi5lOPl4IBOgMgUmT3HlAMtJFRFYB9qcRVgCd41pyWq0ZLktvGraeYVX0eLCfFP4Fn4P9X6cAk4UOLhKw9ameYdIRyMeZS3rEni40xOzBxla7Oveg5KjE0tyStzH5f5bWlw+Qf3DkQ/JEeSAfZwKyUQW1ev8QQ+KbVul9h/Sj0xbtabPFuVV2U1aJ7YgNWJ9s+kDfgPUMd0lXQs/HacGsJR+FrG/d4JyEJyBpMsIbdsdsy2MiDQp4mAC7uEAMODdhmx9tsbfel7Cv/iBuP7uzyX73yTr76wcq7ZF3V9if3l9uP/t0td15d6O9W6Tj2geb5WAip8RutjiheQLBygoXlEYTDhkHPF+OCvJx0W5W3GLS7fHxwYF8zAwE8jFxRA0CEelYm6VAiBZnBXhLGDev8hUKlC6STt3w5yZ7/88a7KvfrLdffqbW/vjRKnvwg5X26Aer7U8fr7EffLnePvajBrv2AYK7mM3fwz46DKMRAcmJwDKX0e9FRMOTD3/siUcgHy+M2Uo+CNSXSeYIAJkDyNhvViGChKxGLjOjoXvIFmVOZvV3uZ5ryIf0nj1jvCx5Gw4pwSawmAj2nkYoJz/Jv326EMjHmUk8nnR/SCoid2j7unrttgNH7aLco7ZC5GNJfkLvP+7224B8rM5ucLHGYpXjO1LWZcBpBDErmzBGw95WsOO5yMei/GN2blG7LRBRvHR3qX3liWarVX12Dg1a+1CvPD9WfmpSKh3wIAXyMc3JB1ieT9AnAyDn4JbWFDDOdLNDQNbKyWAI5hUl7BV7E/bKvS0yEAm7TKRk+yONtvXhBtssbNHxtkeFx5psy+PNdslOERhWslKgghOaX9A4xgnhcBBs3/LKZxwSLWe0hPEZogI5CcOuZgYC+Zg40IFLdkS9f7Qg00qMLgCIAYR8oXSCXca3P9pk1z/YZDeI5F/+iL73WKPbswNs0vdZSY7exiWFBL8iDKqHNdJH9PLC3axqF5EIr4MAwuGPPfFIJh9cz+Zw7nkC+ZiV5MMTUuSNxihsMLZ4TG+YwHXkXm687FDO8BmIqltad8SuJ6+o5hudWAWLhqdUzzHpCOTjzCQeDwMgRRnSO63V52+UVtu2/IOy/zW2LJc6aHF2ZnlenexLRD6WKs6ISHCKugw4zcAfs/oYm+DGnd4szG+3swvabMHeNlu9q9xuePhpeyw2YHWq4Bahz1X01KRUOuBBCuRjmpMPnMCq7MaopUHHOA1yBA4HyXje84QFhWz8k5CTSNjL9rWIgCQUMNKjEQUmCyAWcibL3K61cjAZDbZmd4OtzmyQ0DY6QrOwiHtGwRS5D3B4DvcdldMKxrGb/Kry8YHPdEUgHxEC+Zg4IB+QB8gHOuF0Q2Xsi7BUenF2caMbjkhQyLkVKlsk3Zq3T7rKGPy9MVtYzA7B0jnp5QLet/SMTeRYzQ7yAVbhVOTYXQA5Ao5fDDxjIB/HMZvJBzLk7K/q19toTx4odwRFcuh7zH3jkoe33XyHBqXxDUtMPGfILURk/DOcFgTycWYSj4fu9xAvDVmHCv4ca7HrCw5KrqpUJ22Wnt0mO6eYSf6AFvdlTHLOpaEzkI8zAnRFdp46oQGZub8LC1ptXmGHYrl21Vm9XfDwM/a5ZxvsCelJTHXMVh9TlVLpgAcpkI9pTj5YsWZNVqOMbYPrJo+Ih5yPBG+eSMc/HBD2Q0JENnISCoxEQhQw8jmtQGx4pEt0kYKOxRJGJquv1P3WZjXb2kwCpkZ9r3E0cMEJuSV19Ru+pYzv49ggJTwPDgvHxfWejLjgRp+nKwL5iBDIx8SB/qEjkBD0AZ0haAME/UuKI3JB1/cikf3z9jbbK/Y3O0ICyV82opP0crh7KvDlGKKxcoRwUAZh4T4+QHTf0e8lw5cDrgPoZSAfxzFbh11Rz+TYX3osmKOxYXc0SdzN6XB6HREOiAckxNtzyh0xgQALkcxEMo094LsQYr7HXD+uSf7t0wYCqkA+zkziEfuwCb1uY7r98ovveLrSVuZV24rsdlub0S7ZalRMUWvzi+tcb0iaCAlD+VLWZcDpAz5COsEcr9WQj1yRwfxG6XRCesPwq3ZbVtRia/Oq7OrMp+wP8S5rVP0G8nGaMFuHXbGrKD0ftEgR+BDAMPnrXAU5Cwql+FL+1SIda7ISIhMiIFktMgxxOzePZXLr5UDq5Xjo+YiwZE+zLd2r78mxsFweDHlldr2+H00kS3ZcbpiXnJAPapKJB8/CM+GwxgdC0w2BfEQI5GPiQCdetr/Bztkj3dG7QjfTFdSjS6x5v0rv8nzJG0jXO1ta2KjAVu9U+rg8G6eNo2iw5bo2TfdKZ7iVjt11rEKEjrK8NV3q+j565skGxx6+zD9XIB+pMVvJR5rbbVoyCCSHo8cCw2J87pGew1CZaJl2bDi9JdhFbD0NS+TJ8uUaomTbnd/RcapnmHQE8nHmEo+I3+trl4fotXJ9vFOx0rqiBsUUx2zDzg67eGej8wXn7JWe5LY5UhLIxxkA7zyvRbFXzNYpbluVg92qk27QkCXioXpZVChiuE/x2c799plnauxIl8iHq+ipSal0wIMUyMcMIB8EfTgS1/Mgp+BWJxGBYMgVEwmZ+8G8j9VZCi5EQiAgTCCfX8wmUY02f0+TLdTxguKRVbPI3bFIST7L9tbLuNRLiBsd8fC/kzz0ajw4xzVcC5KDoOmIQD4iBPIxcaB/f/9Eg71ybxT0rVRQR75QurVIARKf12VGWCViskL6BdLZr0c55GOpiMhigQ1El6qMeV0QDtdAIN2EiEBcVroAM9Iv4I+Ty/xzBfKRGrOdfDh9LYBUSAYJ0JkgLFAO6VgpGUQOnSwmkQ9kAttN4xHDBpPtODnlTExnd33Oj//904JAPs5YGhiIdGygp1UusdsSeuYH5R+vLq6S7aIBtMX1qq3IUZArXcGesNkqdZWyLgNOHxz5SLiV7ej5WJFbp/I62X/sfovIR4st1PlFexpsadYRuzGvxB5o7nW9Hy6CZ6dz4AjAoGy/7KSKnZTyjzsgViA2kt3l40mmVDrgQQrkYwaQD4AziAKIKLjAedAt7sujYATB84jO++teCNzL398Pn/KgnPOpkPxM/trpjEA+IgTyMXGgN37sfCpd4TP6OF6fPMbfz8N/3+tlqu/44xPdh3OBfBzHbCUf1GmyHHj5AeOvSYa/JtU5/z3/Xb/B5fhzpw3yXYF8TH3i6fr1jD0DxE0KCvsHbKB30EplDz71bLXq4HlbcIC5oc22IrPRzqc3LK/O1U/Kegw4/UiK9SLfPOKf0ZFseuGbbeW+FluSW2urc2rsXWU9li1D2EZc0yfFAQr8+/u6rHd4QHFRFD87R8CBSEmP4iLiJX2DMyeVUumABymQjxlCPgImhkA+IgTyMfuBMwrk4zhmK/mYlVDgFMjH1CeeDv3vHiTQlBEY0Ke+IWvVid/Fu+3CwmftHNXHwv0tsi0xW7WjztILpCdFxE7BL0wnpBXGHPzxUvntJbL7l+xpsp8091iD6nSQXo9u2X92Pu/vkX3sF9EQAUUYRsmHiIFK2J4wkI8XQSAfAS+EQD4iBPIx+xHIx1gE8jGDEMjHGUk8HQFmzyBRkt6lSMhw76Adkz0olmF4zVOVtiDzoC3ZF7P0woQt31Vr6UXNbnhock9bwJnHctkySAc5nz0ZWZ1VYR95ptae7B+0TlX4YLcqt1fa09ctG9lN9KOaHxEG5wwgIyzPy6Csk0+pdMCDFMhHIB9zAoF8RAjkY/YjkI+xCORjBiGQjzOUeD4Fn8MMtOm1QdmGQZEPGsfLdOrL1V12/q5nFTNV2Yo9cVuao9hpT8IWyVcE8jG9QE8HOeSDHg/yVXtbbU1urV2b8bT9uqnD6lXbqt7onz7ZRZGPQdfPMejCIicO2ExlIzzkpFMqHfAgBfIRyMecQCAfEQL5mP0I5GMsAvmYQQjk4wwlnpHhNX2OfMhDygdK75Qx9OqvXYN2c36ppWUctuXFjbakKGFLiltsYW7o+ZhuGE8+2GKBzyvz6mzD40/Zh5+qsEIFy+3YxAEZ/H5ioS5JQLdqneiAOMGJxHGcQkqlAx6kQD4C+ZgTCOQjQiAfsx+BfIxFIB8zCIF8nKEkHRvs1b/s8QH69MwyBjIR/TIMBxWkfurpBlu/6xn5hgpbsLfZ5stHLC1scb4jZV0GnHH4uR8QkLQ8VjUtsW0Zz9hPG/utWrXuej/6iZE7dXBM1Q35HKLaVf/6h/POMQgnmVLpgAcpkI9APuYEAvmIEMjH7EcgH2MRyMcMQiAfZyjxjLR59zniwQyAIZ4ZNynEFFz9pqrNrtj1pKXnHbWFexttnupkSWFbIB/TDH6uBz0gfr4Hx+wltbKowVY89qx96NkmK+g1S8jeQwKsV+RjuEc+gB1ehgTVOyJLQB3Ix4sjkI+AF0IgHxEC+Zj9CORjLAL5mEEI5OMMJZ5PwaDeZjT0RrpGMUZBZqJH+b7OHntr/nO2Pvt5W7qXPWVanY9Ymh90ZSYAH7+0KG5LMyrtquxS+1FDt5WpertV08ODohuKiaj/qP8rqnp9jA5OQXxT6YAHKZCPQD7mBAL5iBDIx+xHIB9jEcjHDEIgH2ck8XR6Sv0H6QAjiQMZBtxhRf+wfeNQvV2664CtKKyyJcVtgXzMIODjF0iPlhe12vm7jti7n6yyzJ4ha1IV9ykGkpDq/2jIFeTDRfoulhZOQXxT6YAHKZCPQD7mBAL5iBDIx+xHIB9jEcjHDEIgH2ck8XToP3B+ETvAMcnpjlm7Dh9tarMbdu2z1dlHXBC7MC/M+ZgpgCQuzuuwFcXdlp5dZZuznrW761vsoOq1VXrk4mbVM6JK9OwifYTA4yRTKh3wIAXyEcjHnEAgHxEC+Zj9CORjLAL5mEEI5OOMJFzhaGs3oZPAI0eHOjs07HToyc5e+2DRQduYeUh602CL8hKBfMwUyKal5R2zxZnttmJv3NbkHLQ3P3XUdvf0W5OzjyN1rxx5QK+kWe5IZ4WTS6l0wIMUyEcgH3MCgXxECORj9iOQj7EI5GMGIZCPM5JwhWgH7tAdCLjAbh128YaH2PtjyGpkJO6piNtWyEd2nXxGIB8zBctl09Kzu2zRjlZbsidhy4uO2uaCJ+2H9XGrFrkcJngeYaBMNh+QRxiUIIxMPxdOLqXSAQ9SIB+BfMwJBPIRIZCP2Y9APsYikI8ZhEA+zkjCFaIdRE2pyUe323iwRYWPtPfbjTmHbWVmlaUVtbo6w77gHyIfwd4fEZYU4FuOgzp2tmjkeLYBuR2LE/29I/5U1yVjKZA/jnD8vf3td/WOC6J87LnxzxBzSMtJWHpWt63K7bNzFQ8tLqqwC/KesncXPmdPdSk69vGQC6LxB/R5HZN2IQV4h5NLqXTAgxTIRyAfcwKBfEQI5GP2A2cXyMdxBPIxg6BgKZCPqU96Qum/gkGsAIZA7xVbQAv4EONxBmQnBnutfWjAnlL5hw5U2qaMCkvPVgyVq8BW/pV9JNLy5SeEpQXYnQZbUNjodAssEfAhabmQlBR1P8OBzK6QLUnPibs8zUHy7GxxZI+TScPSgvoohxzkJiT7EfC9i4HkfMkIlurdLRORY7nc5fr+cvfdel1Xp+tltwqjPT082ViRJ78tspGW3aI6areVOe3KO21pTr/qxVQvx2xVcdwuyjhktzx+wH5TkbAayWin6ps4OnIExEjE0CIfbkzWyaVUOuBBCuQjkI85gUA+IgTyMfsRyMdYBPIxg6DgKZCPM5F4PpwhC61GLtDFURwQSvUrAB3olI8ctFJ9/EF1p129u8TO3y3foGA7DQLiyEe1UKnAuMoWyvbML2oUYgp2FVRLx9LkQ9JzpWez0Jf43gUPCIXvdTh+Hb1B8q/ytQCbs1i+Fz+7RITBY2l+RET89937dUSmSeQGotfo5m0sEblbkFur7zfY8iIRn+IWW8FQuGyRleyYpee12eo8yId0KrPVFuV26tpuS8uM24ZdNXbZX56yG+/Ps89mP2mHB4esWXWLlXQbTA4SO/cKyk9BflPpgAcpkI9APuYEAvmIEMjH7EcgH2MRyMcMQiAfZyjxfDhDvUf961wgB/jIAf3T3yVe0iovOWBVKsoU3pJXbhftLHeBMSsp4TfQn+UiIEsLamR36l3Px4LCmPQrIh+u50MkZTb6kiUCsrnQodkWFfDZQ7L7AlgggjavuNkRtMUiHZCWldkJW5OZELmL27pdEdbqeLVIA1iRFbP5mSJ2eveLi1otbV+7Ld/Tagt0v3ny1QsLagXlhdWqB1BpywqrLH1XiV28s8Su2HnE3pRbZp94osbuerrcfn+kxipV4S2qV2Z4OHEVGRnFKYhvKh3wIAXyEcjHnEAgHxEC+Zj9CORjLAL5mEEI5OMMJZ6P6CkiHxy5WIoP+MK+DhsaaLce6RD7QrA8653PJWzro4dlaxrlJ+LOhzDPY1l+vdCgYwJy+RURE4gH55brXFoe9mg2kg8RraJ6mz8CjiFgDD8DSxhipWvcnA4BGU9zaHI9Gn6IFrZ7hUgFPUrpIiERWiw9q8VWOrRJR9psyZ5O/U6bzS+I2wL9vuv9KKy1lUXVtla6sybvkIjKk7Y2Y79dlP+0XbX3kN32VIV9taTZflDZYvc3d1mhDONh1WW9APHoVO0TEhEaUffOH7gPwkmmVDrgQQrkI5CPOYFAPiIE8jH7EcjHWATyMYNAMBbIxxlIKIhepsCTEj0B1/vBeP++VrnJNuvubbd2XUHvx19jA3br7qOWnlsn/Ym5eoFoRJsORsOFIkQ9Hgw5Wk6vh+r0bydJz3wsLYBk6F0URYB4LCkAEelwZANiwZwQYWV23FYL6zJitnF3k63PaLI1WU16n5E/XljYbAuK4za/OCGS0SJbntA96UFqtUUFLXaWbPm8IvntYhEV/dbq3HI7f/dBu3jnU3ZVxlP2hsKD9uGny+0r5Q32k+ZW+1N7l+X1DNhh1WmF6q9OIA5oU513Sn965Qn6XHwgm6lzoF/Xujkgp5BS6YAHKZCPQD7mBAL5iBDIx+xHIB9jEcjHDEIgH2coOQWR38MKRHEUrpEoyoWiw53SvzbrH+y0Ll0XV/lzUqpPP9Foa3MqFAw3unrxcxeW57YowE4IzZae0yh7RI8HPSJMlJ6d8Rb+EXLl5r7IhzKxnl4hbHG63sNKEY5V2QlbldUitNqazFZbrZyeDXo6jvd60AvC8LQG964WS+4XFNfbeXtr7ax9NfbKAzU6rrHVhTW2IbvcLtxdYlszDtutRRX2seea7VuVLXZfc7tltHXZE939VqLAuFb1FVcVtynWof56FP/0SWcGlfcPdCo+7lY990lOB0Q4FSNgM/UdLGYkAyefUumABymQj0A+5gQC+YgQyMfsRyAfYxHIxwxCIB9nJvF4bmkrDEAUR+EaFY7KLvTr1DHr6mpygWpXf6916+9plsH4RWWXbcw6orqrlc9Q3Tjy0W7LcttFPFoUcDfb6pw6hxV59HjUq/7wLynqfoYDG+tIRjaIuZ6NCMzh0LsAIhsMm3LIbtM7apftabWzixN2jrCwELsjwqJ3tTqn2laLXKzJKbVVuUdsZd5BSyt4zpYVPWPrcp6ym3c9bR/dU2XfLu+037f2WkZPvx3oH7Yjqpca1SE70lOHQ6rMoV4F+gOyn4PSlqFefe5QJXfphGxir64c0vEwsz3QI8VDql9sJiXcA/E42ZRKBzxIgXwE8jEnEMhHhEA+Zj8C+RiLQD5mEAL5ODOJx0siH7hGIijIB/5CIaI+oT8unHWXc35vV7/dtLfS0nYdttXSoSW5rTZfgfXy/C5Lz22zVQrE12TXCbWWLj8SkY/GWUk+sBmrCtotTe9gWVY86v3J17tQvkTEY5nexxIdL85N2KKcWLQ7fHGHLdjTaufuTdi8/S1CTJ9lswvK5HMP29qMp2xL5lN2Y+aT9uaMJ+xjBQft+4eb7ZGmPivpH7IGGTd6NCAanQI7criQRojqFOgfGIiIB7HO6CRyX4YfANKhaKdByav+5R58cn5BONmUSgc8SIF8BPIxJxDIR4RAPmY/AvkYi0A+ZhAC+Tgzicdz5CM6JouCT8gHe10TTwG9cGckouyIAuCPH4nZpoxDtj6nRgSj1RZmt6ueumxZTptbFhbisSanWmSkRvWrOixompXkg/065mc12/xs+U69h6VFrEDVIbvSagt0boHklp3Fl+0TGdnbbIuKG21hEe+jXu9Fdie7wtIzS+yCrCN2RX6J3bqnzD70VIXdXdJkD8d77Akxi3JVQVwV06N3P9CrSmBnQEcmdAyIWxyxALrQzePRlzyx8HU8BiPfA1HwPAJ9HMGppFQ64EEK5COQjzmBQD4iBPIx+xHIx1gE8jGDEMjHmUk83iiig+g/PIb0bgTuAs7zvz42KL83dsxenXPILtpRYmvz2mxx7jGbn3dMddUm39Eo/1Jtq3MVWOdWO/LhNs2Tv0lZ/zMYyOXC4jY7tzBhZ+vvO0d/+/yCBslto2wLe3pU2dKCCr2DElui9wXS8w/ZxblH7Nq8MnvLnjr7+LNxu7usw/7Q0GvZiSE7ovikUYa5A8IhDAiOaziioZPDbAAIeiMwjGqI4xHCMUoaQRTsO65B/Y2AuhwDV88AjwA4Pvk0Xv6TQQrkI5CPOYFAPiIE8jH7EcjHWATyMYMQyMc0SBgBWYNRoDzu/1G4pINWZRmdvfbBPSW29eFnbX02S+522Xn5nbagQPUmXUrPq7RVCq7Tc6ucD1kq3zIb9Ys5L/NlZ5m3saQoZmlFTbayoCZahSrrkK3f/YxdlPGkbc18wq7NfcZee+CIvef5Kvt2adwerOmyvJZ+e1o8olQyXa93m9C7ZTiVG0qlMkZJuQBXgS7zMlifqk9nQb/1yH6DaM0qRzZcrwdfVB068L3oFqO3EgiDxtarjpwjoO65B/nIuZNIqXTAgxTIRyAfcwKBfEQI5GP2I5CPsQjkYwYhkI8zlqIndMGT/teLHZ0jEBXxJ3Do7IRAUoRlz/UP292HZVceedY2ZtTb0sJOO0eYVyz/IZ1Ky6+wlSIfK0U+WMVptpIPenXYvX1ldq2tzii3NY8fto2PPmtbH33abtz5tN1WcMg+/WSF3VMesz+3dFt2T5892Tdo9TJQOrR+Xrfec5/QJXSILEA8sFrIOL57WCRiqF+xbH+P4pUBWbN+l/eqVhS96EjnXQ1RYSOVpmy0KKkOx4M69fUaffD3AFHxyaRUOuBBCuQjkI85gUA+IgTyMfsRyMdYBPIxgxDIxxlLPCEewhkByAexXr+sAkGVMop9jBUVDbngmGVcH2o6Zm+VXdm4q0r12GFnF3bYOXtabEGx9Kmg3NLzSx35YBnZZXkts0a/ljsQRzbaypx6W/doiV0qXCPy8Ub5008+12Y/qRuwR9sH7amBQasUu4iLVHTpPfJqB3v1Lvt7hU697g7hmEjIMZGQHr1dxaxDvW5jx67+LqHbemWzJekuTqGK/OgqOiiiuEXA1kWZKzoOapd/0ZiIzkgy9d/x64FLKQtPLqXSAQ9SIB+BfMwJBPIRIZCP2Y9APsaCv42WwcGhY5L6LuuQQz+ie3/lcINt3qmgyMk/w0Xilp4Ts9VZrMevAEnvcjHjtd0eBozbZnIoZeQnKiNPKnNjvpPLRu77gmXkSWWj9z1RGfmJyshfpIzPY8rIT1RGnlQ2el9fNnLfFywjTyrTZ3bCXpafEPRZ5GNJUZXKGm1+UYOC2QY7j0m6un5DxhH7Y6LLWhhKYgrUhrpU11EwM10x3RNPGD2ljECKng9XPOIeI+BLoqFB+8QCby+qsE07ShVTtdi58h2LChI6FqEvqLRlheW2yNVlvaXlxuSPVceOhHjwOS47Fdd5D/a+iDnCskJ6yS7g2DFny0btHTupIz+souV3FAds8ieobGmR/JZb3hfQ8xJ91+X8nkduq1seeHlOwhbp87zCmOxnXHKIb2zQ79bJflbb2uxK25BVZhdmiGhkHLXtWaV2bX6l3VpQYZ9/usl+XNFlD3WYFeglPaN3UyY0CAxRY444o5hkkKLxVEzkELkYJlYdwfCwbDK2arjbkRACWEiDpw29AvPM3csnzCWG8dDtnA3XIZdE9RRdFtENPvHFCFh9Sae73sOl5ILRwpNLqXTAgxTIRyAfcwKBfEQI5GP2I5CPsRiQXncNt1uP0Cc9b1ZgdVj3/taRWrtyx0FbJ1+wPK9VNqJTxKPTNu4SdjNZtlkBkwKZMWiYhLLkc6nKxp87U2XJ51KVjT838TKIyFImJCvYW6pgdXFxmc3fW26vPFBl//BEvb3yiWZboEDv4oxn7XetnVbv7Hhc0ZUs2rCCqRT1P10ws5Kel2d2iD56jP3I0KAh1/vxs4oWu3z3YVslErlQZGFlZtw27GbH7lqbt6fKXq46nF9co88NlqYgf2luh8MyYXlOuyCdyxEBEPFPd/tisD9GwlZlRw0C7J+xIkcxm/yTBz1j+K2FBTW2oLDGFu6ptQV7ayUzNXaefnOeZGipSCukZxHX6tmWFcVERuTvZCPT8G96Fn5zZXa7rcnusNXsvSFCdFZxzObvFxHZI/+YW2GrM4/apqzDdlXmc/b6nOfsw3tK7CvPlNlPyxrsry19dkAGtFEvpVXvrF2ASnQJ0IcRXuDeWdLLk+zqHxewcnY8KD9+8fGjCH9T4DGSUp9KXXo6Uiod8CAF8hHIx5xAIB8RAvmY/QjkYyyGhnv193Xq7+yR5A9Zo+7zvO79tcPVtn3nM7Y6lyAlbucWtdkC1ulXALQqm14Qdhn2OxYHTAXYEZqAk2BzTXa9rWKSckGV5Lhe9RO382SPVuc025U7S+3B1m5rQmAH5Of72iW7oedj6hO+c0D+xOzxln57fVGFrcwoV1Aft1UiHxfsZmfvOpGPGnvZEzUiH7VuXsTyvGg3dLDEIWFL2fciX8SAIVkCQ+/o7QDRcK1oiV7fc0aP2NJ8fJLiN+4JqdHnNF3jcn2mbKH82QL5rkXyccsL47aiMOHuuZRGh+yGqGdFv7VcsrdE91kqOWRZ4HU5lXZhVpnr3XhVbqm968lau6O0yX5Y2WQPNLZacfeA60GtERoF17MhMkFQPd5W8XmupeS/fzxIgXwE8jEnEMhHhEA+Zj8C+RiLoYFeuYFuOYF+5yPYlOug8JXnK23rrgOWnl9iZ++ttZftb7RX7G1UoCTfIF2ghXZ1dqOtyYrgj0+2jHwiZeRTUUY+kTLyiZSRr81stnW7W23DrhYFro12QUadnZ9V53bKXp7bZsuzOuzCzHa7+uEq+1Osx2olr12d3TbUw7Cr6W2vZ2calE4NEGnZ86qLTz4v0vj4QUsvEnHIblK9YovqnB165X5ydjoXKWCzwcKop2ssRoZPjQyh4pheC9dzQY9KYbObnwVYXcoNm8qNW3q2yE5WQr/XKhlqtfMzWm295GhtZouISYvNz03YwtyYLRXSZRvXyJetzauztTnVdn5upa3KPmrLdj8rMvKcrSs6atfnH7UP55fbtw612e9ix2xXW48V9QzZ0/obK/S3erLRoWo9NjhkPYOiYEMDNphkp0i+7imba8n/7alACuQjkI85gUA+IgTyMfsRyMdYuJmdvf023CPJ7x+2Dt33iP70bzxdatc+VmwbFXAsKzhqC4rLbFFRiS0vZP39EktjsrNrfY3gj0+2jHwiZeRTUUY+kTLyiZSRM7Z/lYJW/PO6rEqhXAFihaXnVctXN8oOJWxddrNt21Vu97b1uh6s5qFh6xkmCE5d/9MFszEx1G1oqEeec8gF5D+rHxChP2SrCmpsSW6tfEc0PGqxfMu8IsgFw6bonZA/KahwvVpgmUO1LSkUCmp1XYRFsl8LgWyYm68hG7aM+SIC80bYPZxhU264Vk6brcjucFiZ1enA8bJMhlC2WXohiNsKEZ8VOeW2avchW7/zaduW9ZzdVHDQ3r6vxD59tNF+2Nxr2Z0DVtk7YHWyE7W9IhtCm2wj0zQ6VN7dxxA/gmfyPtnNHr0M9teIAmqffN1ju+Za8n97KpAC+QjkY04gkI8IgXzMfgTyMRZ+lizkY1B/MgFERd+Q/e5ojX04c5+9MedJu7HgeXtV0UG7sfBZuyX/KXtN3tN2Y/5Ru14B0g35EfzxyZaRT6SMfCrKyCdSRj6Rsigvt5tzS+w1OUfsdTnPu7H1t+Y+b7fkHrYb80rsuuwyu2n3EXtH1iH7p9oOO6yqTUiCe4f7Vc3T217PzqTAe7jbvXtIfU7PsL1jf62tVv0tEqFwu3ePxFcMmcLP4EfS5U9W5pULEEtQKUICwQS1tlQEBH8U9Y7Q64FP0ndFOCKy0eKIh0fa6KT1hC3NjUdQ2XJhjcjqmt01tubxClv32FG7TPJzY16ZyEa5feZgo/20odt29g7bU6qjElVTlf6OhGLGPkJIgkrsh7MhskF9vTY0ANkgfuiWTWl1sEH99Wz25yLQ48nXPbZrrqVk2R8PUiAfgXzMCQTyESGQj9mPQD7GwgWlCh4G+ggaBq1Px4n+ISvp7LOnewfsgP68PfqtvcKTOn5OL+KQwDCSZ/msHPjjky0jn0gZ+VSUkU+kjHwiZS7Xe39O/vqgQO/U0REcFg4JzwLFeKVdZo2yX4N9PWb9bbLjHarrKJiZrpidSRUCnZde9aruKvRnfrOiwzbsftqWFJU5+wPpcKtW5USrWTHfg2Vp12SLEAirc2rlgxhax1wL9spgvgZ2jGFVzP9gX5C44rWE80cRErovO6XjuxTHieSkyX8tz6uSry/X98ssXUT2fOVbRWxvKaq29zzZYF84FLefV3fbrrZhe0a+n96aFj1zp9AtsBpVv+zDEEtSsXzzUK8ND/L3Sc6E4eEe6+/vGFkOt0telJWqWBa3WzEm5EOCPC5R99iuuZbGy38ySIF8BPIxJxDIR4RAPmY/AvkYiwEFEgMKjvoHFUhI74cUUPTrb2fJSsaqM26b4IONvQigcHEyCfqe3pHOsyom8McnW0Y+kTLyqSgjn0gZ+UTKyAErBBHWRXs1s9tBtGcz1xxTHVFP2OmBnmM23JtQtNgstDhimar+pwtmZ5INGVaNDfaJ3Jsl9Gc+2NJr12Y/aysLS2zR3jpbRJzFEtY5rZaWkxBRaLEVIg/pjpA0q4xhd9HcDbcEbzbH8jvyP/RcLFHZ0pwWW6DvsDDE/D3yTcXNtrSoztILqm2tyMUF2UfcCmhbM5+x63OfszftL7P3H6qzz5c22P1Nxyy3bcCell6X6onrBEmMibI6wjGAzcP4EUC6Xf4kR/pj3EIVIhwDIhzRFn4iuyM4fhRBf731MQRL/41Ps7v+Xzgly/54kAL5CORjTiCQjwiBfMx+BPIxFqyQT7iAjvO3DlunwARlekJ0jf5wxQ2RLWDd/W4d9PJu9Lv60907EfzxyZaRT6SMfCrKyCdSRj6RMvIh1Rc11af/qC/COugHFjraVyL6RI1Sh27a73BMCD0fZyZ58tFjQ31DLph/RsH7R56qtg05z9uSPdXyIw1u74x1Oe22IjtmSwtb7DwRjXNFLBYUttvi4k5bIiwqaLMFIh1LlS/RucUiLEsE7FZ6UZut2CMiUswO6jXySeW2Juuwbcp+3q7S77z9QJl96mCdfa8ybvfH2iyzo8f29Q/ZUT2PIxhSa9CvY0gsfRRID/0WEWVAAGUEGJc5wIaVeMlBJ4ERIMMRZDWcqfDQNxyc/RRCilIqHfAgBfIRyMecQCAfEQL5mP0I5GMsog26aD9nRwKW3G0T2gWICL0hBB6C7IDbcljvxIY6hR49gAzEKHTObSdMfqIycKIy8hOVgZMtIz9RGTjZMvITlYETlSXfN1UZGF9GPWGPsVQj/42vz5E6jfpFGPICmHswve317EzSGeY6qA6H+uVXFWs1SJXurUnYFbuftrT8MlvMJn+yPWuzW2V/EraEZa33ttvL93fZK/Z22iv3tNtZRa12Tn7MzsNm5UfL6KYXNttqgX1Clu0qs9WPHbQtuw7bNbsP2muyj9oHnqyzu2o67Y/tPZbZ22/7B4asXL/dpKdi/gkEA8lw0iTZorEhIkuiGyIaoyBAdPZBdEPyRw8GzRSSylGMfNNdmUygR8FrUB7Yx/GUSgc8SIF8BPIxJxDIRwSceSAfsxuBfIyHvieph2hAPgYUmgyIfAzoeNCFJ1HAC0EZ0Of+kWsIXZz/CJhCqJ4kbshh1BNyHE42R+DLorAxMtmp6376YFYmAvlBkXoR9SF6C7oHXE9DYaLLbssvtXU5JSIb0R4baZmNtkZ+ZUVxzM4pjtvL9yTsFcrPKWIn8UZL29Nka/cKeVW2LqvE1u983jbueNq2ZR+yW/bX2AefrLVvP91sDzb224H+ITuigK9cv1Wtx4BwsNO6IxwsqT0gyjAEbeh2nr1LNq5PGNQR2yIOiywBR3idBNGTxo4lUX8b36QU+UK2IvnSP5I9Bwq88AF/m1lazaeSUumABymQj0A+5gQC+YgQyMfsRyAfY+GiVPfHydk5AqK/V9oO8YhGbEd/Ox4j6hshTMFGqIATAWcEtCZjhp1fH6nGyLfzIcooZyiN8/sp6n46YVYmfKQC/d5BeU/51ME+aZQ4e43wzWea7eJdh+RHamzp/jZbltPo7M/y7CrFXXWWLsKxqrDeVudU2ppdh0U0nrUtO56yGzKesdv2ltinn6uxb5Q22r2NnfaolPN5vcIW1fsx5a1iB+I31qnyPn3uk5AMSFjw3wy/owcNcjE41C1t7nO+nSNyaEiXJKZHYHAfDQ9O4JjvARAqiqgy4GRuBJQjbC8Erg/JpVQ64EEK5COQjzmBQD4iBPIx+xHIx1iMBgzKCUyi4ToMw5DzG3Eaw8KQzjP5tE/fYSw4baGDeiFjMRllyedSlY0/d6bKks+lKht/buJlzMHRwQgiM0wsiHxGS+lKZmmxHoqGWbnLdQ2Xp6r76YRZmfRnDQ0NWPcQ/pOAXwUiHkyb+kvtMbsqs8Tm51TY0mc6FG812IqcWludWW4bd5Xa5l0ldvnuo3ZD1lF7e2GVffZgg91T0Wy/r22x7PY+t9qc79VgB/VOCUOvFHRIiooskLOp36AEYKB/wGFokJ6YCEMD8vP9vc5uDEhQQL+eD6DjgP5QSZX7O3QQYcRWOPgyD/4+hE6/H8UHxzFiPHVRSKTx8p8M0qwiH24sKH8XlsiRD7rXJF6SiX66BCVNCQnqPzUds7XZNQqs6t160svyGZOIs47gj0+2jHwiZeRTUUY+kTLyiZSRT0UZuUdaTqO9pbjSyiQLPXJgg86BSU4QE8kE1NS1dmKFnOFBhlLL2UyGtFR/44Az5n/q7LMrHz9iq7NFPhSYLhUJT8ut1/tqlG7EbWFBiy0qiLtWqoiUENimfsep3v9Eysinoox8ImXkEykjn+wy8hW5MZezPv7iAjb64lzMVuXW2auyDluh6r/LjXmmrd+FDZGvldinkpszlfzve3+T/EwvFe4P8wGFiw/0j+7lymh8ULDk4Mda6DreA00SUduoR++4/IXKxp+birLkc6nKxp+birLkc6nKxp/r0ztXBThSDBuMgjrapqmJaBQ+04Q7VYnHBH3Wear4heR2OmG2JlaSOyYy2CpbMohNkU71qZqe7Bq29+6vsZU7n7NVxcp3HbWLs8vthj119q7iWvv803H7QVWb/aGpy3a1D9p+VXm57hcT2NCvRz54QBhWkGrsr9HXqTgOL90taWB4ZI8IhGSHHhfJzBDXIQgOugn6jj6nAroPuG6kasj4OFrEP67ePKKbYinxotHSB8dlmM942JCilEoHPEiziny4JhCarlwfLX8YhCMyWf0yUohFQoL3T01tdn7uQVtQWO5aBmkRXO6WgYvgj0+2jHwiZeRTUUY+kTLyiZSRT0UZeYSErcyus3eqvqslvhgqgi7Xr6/PxCIMwGAkOPTDEY8RA+VWw0khazMV2GVaEVv05z3QIfKx46DIh8h3bqvQpncVFxknaG20ecWNNr+IyX/0DDYqgI27dxlt9HQ8T1VGPpEy8qkoI59IGflEysgnu4w82oiLzyObcOnzMpHH1bmV9qrsZy1b9R+XHPRJBwblvAn/sJWy4inl5kwl//ve3yQ/08kA4082vgwdHwMCFnct1/j1lQKmCvhs1w2FbR6xvcjkEAEfDYkK9I5PUOd6X5/6OHo8PTFbE1aDeRLHVGesBIX77FP1VcuH/vL5anvHA5n2nt377UvP1NhPajvsofY+e6JrwMr7hq1O17LsLf6IORuilNSwC+Hwy7o1UaoKJBODBPjAL8CMfkaIeh9G3jEZGP3+CTDyFZ/8V1yxv8+YdPzGEQlJegZ3w5B8Gi//ySDNLvLh+swlAI58qEyIgspB60eA9X+LJPvXTS22PvcJEY8SBVf1xmY1bHwTMDvBhkWrsmvsNpGPGhnEYVrWWM0GByaZwcgxDa1Nzo8eEGfsnAXk2r+Vs5kMyAdjpOP68/50rNeu2PWUrcqtcbvBLsnrcIEqGzctLKqxeXuqbb6wuLBuhHykfr8B0w+uQUV1mZ7dYSuy26N18/Ma7PycI3Zj1hOOfDRLDvrwowM4TlrxCABT2/Ezlfzve3+T/EwBATMJszHxV2EzoIVEhrhNGnuZ+M2SDRUdPVZYUWdPxdqsQr62Vl+gZ4PzfDcVQpodKZUOeJBmWc+H4ImHK2PVAqYWyrHy3Pq/vcfsd/UttjHrGVucX2ULCpsUXCnAKioPmKVYItKRlltpb9dxJWJAi9lQl7Qjkgka2Rjjzfo3Y8iHsvEyNtNBmMn6Puzs+vvuXtuSuc+WF5Q7PVhYwK6xkT4sLFbZnjJbpHeWlldtK/Jq3RBF5oUETG9AFhcV1tsieqwYhuWGYDVZukjmBdmH7DUZ+22PzOQx5JvhRoxkYWtfeo5fgGyfqeR/3/ub5GcKCJhJmO2Jv1AmxYGBA5gWNu9sEzp1DBmhhyNBG7HykGZ3SqUDHqTZRT6c40T4oyCLqJJwslcY6tdzS+KPiXL/obbNNu0+ZMtzGmxJXqsCLoaW1NhSVmUQ/PHJlpFPpIx8KsrIJ1JGPpEy8qkoI3dQ0Lw0v9retLfSSmT4eiQXg0RddHmMDK9iEhpr4NBxHM08VfksJB/SUve3up6Prl7brkB0RX6FAtWYyHjrSMt5vS0TMV8uELCuz2yw87MabUVuo4hIwHQHc3cWFNXZeXtqbKFIyGJhiZCm+lyfc9CRj2KZx2MQb5ogGetApIDMB/IREHBaMGsTf9o4kDEQhV52XGyv87uRmSGHoIQ0u1MqHfAgzbIJ55H/hFXTDQj5YHwgE4KG+6QCfQow5Wzvr+2wS3aV2YqsFlue3SMSwnCT43ME/PHJlpFPpIx8KsrIJ1JGPpEy8qkoIwfL8hJucYHX7a+yQxILthmDkjoTiWUUWAmDpfcc+aBHRMbSiVAKOZvZ0N+kv43xtQ929NlVO5+21TkiZyLhS3M73RCdldlxW5nT6OaCrMuM2aYdbXbhzjZbLX1ZmR0w3ZGWG7cFxQ12zr4am19cZwuL6m2RsLSwytbmHbKbsg5YvuqfZSsHXGQgYDglGy8k82cq+d/3/ib5mQICZhJmZeLPwleOx2i5dFdBZl8vq1EpHtPnAYJOnQppdqdUOuBBmlXkw0100rN5X8qKGaz1zMoIw/06IxreJup9X12nXbS7QsSjzZZm9yvoarcl+QkFYBH88cmWkU+kjHwqysgnUkY+kTLyqSgjj45jtrCg1l6zv9Kel1iwt3EPhBQTOCIw0gNlEflwK1nolLOhKeRsZgPdNWvV3/ZAZ69t3/20W256XmGrnVfYaYvy24W4LSpg+d0mW5ETt3W7O2xtRrv0pEUkDiIXML0Rt4UMJ1UdssJVNAekydJUz+tyD9tNmU9ajuq/CfGXLMC1/V4JsuIpZEYnz1Dyv+/9TfIzBQTMJMzKxJ+Fo6Qrw5GNEVBOGatVDYh0uOVv+wX51j45XBxsSLM6pdIBD9KsJR9OtvWsQyIfLMk2PBgJfLMe/5eNHbY+s9yW5LTa4txu57BZ3WdRQYSFOsZxk5+ojO+MKSNPKiM/UVnyff3nFysjP1FZ8m+9YBl5Uhn5icr4zpiykfv6stH7vkBZ8n395xcrIz9RWfJvvWAZ93VlLDdaba/bV24HJRetso5sNESg5QSGEViSC5ZzZDUVyAdSju1MJWczG+iuWZv+tgeO9dq2jP22tLDCztnTbGftabFzlZ+7p8HO2Vtr5+2pde9zBSsn5SbcvBBWvwqY3ligOmPp5PTsNluT0emwOlPHWY12YUaZvWb3M1ag+o8h/pIF5KHXST4yn0pmMKZnJvnf9/4m+ZkCAmYSZm3iT0sF9HVAVgUoChse6rXB/i6VMfgqDLya7SmVDniQZh35YBQBT6iPOhhSmVsN2vpdD8iwW23hp02ttjbroK0sarHF2e22RI56ERNt8yJEx80nXUY+tizKX7jsb+8xFWXkY8ui/IXL/vYeEykjf/GyKH/hsrHnUpXx2SG/wVYVVNkbCw7ZQQlIXAbw2FCXZEIG0A1ClbxIaJgh5MkHcjQbyYdj5frDmAj4cGuXXberyFblHrSlxTW2kA3piqtswd5ym7e/1OaJrC3YU21p+Y1Cgy0tqrIlxRUB0xzLCmtsRW6rCEefrd81aBt2DtiGXb22cXeLbdlZaW9+/Fk7AAFluCHy3y372NUhWynZH1my8m/k5gwl//ve3yQ/U0DATMJsTXR04CudvxxBlDiilIgMj+qbhsn5VkizOaXSAQ/SrCMfPJ3r9UC2+1U2NOhWu2IHTlY0qlfxvU0J25h5wNbnV9rabDZOi9niwrgtKYjgj0+2jHwiZeRTUUY+kTLyiZSRT0UZOVieX28bskvsA4WHrGJg2NqGuq1r+Jj1SiaGWOVnhHywVjfL73rygSylkrOZDPRiqHvQ2vR3P9bSYzfteMrWZ5fb6kI2p5Mu5NfZksIqW1hcafP2VFm0FDXLtsYsLa9eqHPDd8bkqcrIJ1JGPhVl5BMpI59IGfkkly3LaxD5breFeX1uWOmKrD5Lz+y2NVlx25RRbm/Y8bTtlai3S8gHIR99kvT+Y7LhvZKRQD4CAk4HZmPir8JP4i+BJyFA2up8KgvxHicfHoF8zPaUSgc8SLOLfLiwUQLP34b041z1oUsfugf7rGtwwOr6Bu3XdY12dWa+Xb77Kdv6+GG7ILPC1mRXj2K1sHYkP1EZOFEZ+YnKwMmWkZ+oDJxsGfmJysCJypLvm6oMnGwZ+YnKwEst25BVblfsfs4+l/us1Xb2WtdAm8hHi9sdlc4P1/shsXY7H49sXoWUcyqVnM1o6E/sl14kpCOPHhuw63eU27qMJlub360g9Zitympzu2MvKWAIT7PNL2yxxXnHbFnOMTcZnaE86dmt4/JUZeQTKSOfijLyiZSRT6SMfHLL2DDy7KJW+3/7W+2s4nY7r6jdFhQm3KpvzPm4cddey5MctAzKXjLuaqBf9ltkfLBTMhLIR0DA6cBsTFCIZPLBsQfxGNQjIiBsChiBPYUC+Zj9KZUOeJBmGfkYlFgzaViCjWxDPhRBumXsh6KNBtsHBq24o9O+U1dv99TF7UcVLfaTynb7cVWH8gj++GTLyCdSRj4VZeQTKSOfSBn5VJSRgx9Wtdt3hT+XJayts0fBd9x6h5usz45JPiQoEd+QDCE3EpohyZD0YzaSD/6uDv1hFcp/e6zftu4qtbTd9bYyt0PEo0NEhCGJLKtbLwLSYCzBuySv3dJyOmylgttVWa0B0xwsErCgqMbO2V9mC4srbHFRpZvXs6LgsF2Qe8BuzMizzIEhi0sGegcHrK+/27rFwNuHpQ8ynKnk5kwl//ve3yQ/U0DATMJsTYRaJ4K0WDmWJQKRGmUhze6USgc8SLOKfER7ejDBXM+I1I+QDzeyoF/URIHnwLE+axwatqd1fanKG/QeWHKyPWDWgp2cDyqv6JMR7O0X0YhJQurFOdqtl24A/U8PyCj5YMdnHUpExsjXbABmn82eSoTfdPTZDdnP2MWZR+ziXeW25bFKu/rRUrv68YO2ffezdmnWc3Zx1mE3VOeyXZW2dWe5bRPG56nKyCdSRj4VZeQTKSOfSBn5ZJdt2XXULst60i7NKbKtmXtta8YTtg1k7rOrd+fZh4v3WUFvn1vxrF/ku7evWzS83+1zQ89xKrk5U8n/vvc3yc8UEDCTMGsTf9qLIaQ5l1LpgAdp1pCPIUWLfSIePdalnImT+gNHyIdb/UrBpHXr2Y/1W99AtMkam924oFPH/FUBsxP0fNUJLfRydHSKiTZa/3C1xKPdBhGAZPIxGJEPyCsiNF7OZjro4hkearP+/karHjpmO9vjtkPvZXffkBUJT3QO2ZPHBm1vT68V9PdZbv+Q5fUOWUHPkOUDHYOCkTwZJypLPpeqbPy5M1WWfC5V2fhzU1GWfC5VWapzhb2Dtqdb9dg1aMVCvo6z+wYtp3/QspparbFPYo4BZM5Td78NSDZY8Yp2yZRyc4aS/33vb5KfKSBgJmFWJv4sYiu5zDGgLBW4fpa+ipDGplQ64EGaZcOuBkZ6PhhbqD9Qj6rHcgEocSWbDLLV5pAccPeQrma8s5jJsIIv2vyO/xcN3oryE5Xx34nKyE9Uxn8nW0Z+ojL+O9ky8hOV8d+JypLvm6qM/062jPxEZfz30spYaCCmqj4G+ejulkC0Wv9gs648pqBLllL/Rz0d+oeeDxir+wxSy9pMBUPKbKBFcl+jN9NuseFjFpNqNOndtOpU5DcYlct7Y7EGvbIRcBww/UFd0eAiSVYtRsdsYk5PR2LkGFWwbskDcz97REglGz2yidT9eJkBZyr53/f+JvmZAgJmEmZl4s/CluA4kkFZKnD9LH0VIY1NqXTAgzSryAfBo/+Pzwi7iyd1OMw/YDC61jnZEYWIPo//bzLKks+lKvP/nemy5HOpyvx/U1mWfC5Vmf/vxcuwhQRizHeQoApMehtwZ7hW/4zIjxMUJyfu0CEqny2I/j66etjnBGrGFMCR98PrcX+zf2/HR+gGzDwkmTyH8fWs6h29CNlAF8bLS0BAwORg1ib+tJeKkGZVSiXnLwWkWUY+AgICAgICAgKmF0IKabalVHL+UkAK5CMgICAgICAgICAg4LSDFMhHQEBAQEBAQEBAQMBpBymQj4CAgICAgICA0wgfMwUEzBakkvOXAlIgHwEBAQEBAQEBpxE+ZgoImC1IJecvBaRAPuYgXqiufLnP+/v7RwWEevfXjQfXJ9+T75Gf6DsBAacDyOt4ufOySXmynAIv36ngz/X19TkDyXGQ6YAzgWQ57enpOaHcgmQ59XKfSv4Dpg68+4DTA/9+sdXoBjpCGcfjr/V64MF1XV1d7lrQ3d0d6uslgvd0KiB5GxbIxxwCdeUVLZlgUI7i8bmlpcXlyYo6/j4eyedQfr6DMnsDEBAwVUiWbe+IkEd/zuderjmf/P1k+PNcCzhGX7xzCgg43UAGkWPkDiCHycepvgP4Hslfjy0+duxYymsDAmY6vB0n9zqDzCP/Xg8A5wDXkrgeeB2jnGN/TcDpgX/3HAfyMcdAfSU7MJ98/XqFJNCirLOz82/u4cG13IvrvUDh6CjzCh0QcLqB7JH8MTKe3GOBDHv5Ri45R0q+RzKQfe5B3tra6q7ns5fxgICpQkdHh5NdgAx6pLoWEHhx3ss/jUF8NxDngNkK4g+ArPtYxMcw/hqvE8Qn/hrvN2hw5Zz/XvK9AyYXJO9HeeeBfMwh+Poj8dk7No4bGxud80I4KGtraxsVlFTgPlzvgzMCtaDAAVMNkpdj5I+E4yH5a5BRL5ec8zL/QkCWyZFrvoucB0IdMJVA9pBZb2exx758/LUeyH97e7u7hmDMy26yLgQEzBb4eMV/xq5T5u07euAbRP01vhw9wRf4+AV9Sb4mYPJB8vXFew/kY46AuqIefR3i2ADCgCDs37/fDh486BTVB3EnCtK4DoWFtOTl5Vk8Hh9tWQiBWsBUAnn1cpt87IOvZDvFuRPZLWQeueb7tDxThqPi8/hrAwJOB7zsPffcc1ZUVDRqu719TfUdAEFB5p988kk7dOiQk1uupyzV9QEBMxnoiSfZ3t57XUmWec5h9yEbPuYB+AbAOa4/kW4FTBwk3jvHvO9APuYYSMkEgTw/P9/S0tLsZz/7mVNQH7AlK3AqIEhPP/20bdq0yb70pS+5z3yHe6S6PiBgsuEdhrdNyCA5hPi+++5zAVhJSYl997vftT//+c9OPk9EqgnwfvWrX1lWVpa7F/qR3JoWEHC6gfyWlZXZddddZ3fccceoDPohhKm+A0iJRMI+97nP2U033eTknnLfaxIQMJuALQe///3vnb1GT4g9sNskcoCPQKcOHz5s3/rWt5wfgLSgU7/85S9t9+7d7j6kVL8TMDkgUR8c874D+ZgjoNKpL5InHtRrXV2dvfa1r7Ubb7zROa5kBX6xlgCv3D/+8Y9t/vz5LuDzMpLq+oCAyYZ3LMkkBJm+8sor7WMf+5gbQvXHP/7R/vf//t92/fXXj8r+CwHZ53vYN3oCkW/KAvkImCrQ6/HFL37RrrjiChcwUYZ847CRx/HXe3jb/tRTT9n27dvtq1/96qgtT3V9QMBMBnL96KOP2sKFC23Xrl3ORkMoKMcP+Nz7iL/+9a/2b/7Nv7FrrrnGnUNXPvWpT9mFF144autT/U7A5IDk33EgH3MIXhFJOCSOUdTvfOc79nd/93fOYdHqy7Wco85RTpK/B4lzHv6+OMuNGzfaZZdd5lqak6/lHuSkoNwBkw0cC7IKvIy/613vslWrVtnRo0fdNX/5y1+cjN9www3us5ddDCAtYF42Aam6utrWrVtn73//+915rg+yGzDZ8LbRyxeJclpiFy1aZD/5yU9G5c8HVl52yb199rJLGYnyr3/967Z06VI7cODA6HeA1xMSn4NcB0xnILtevr3c+mNvp2+//fYxfoDkZZ7PXs8Y4fEv/sW/cOTD37+5udnFLq9//etd/INP4Fq+53OSvz7g1EGi3jgO5GOOgXok963Ezz//vF1++eWuPpmzQX0iHDg8WoxRRpSTFgO6KnFkdOGjzFzH/XCIfP7pT39q//f//l+799573X184ne41t/bP0tAwGSAhBx6efzTn/5k5513nn3jG99wMkcZ3fLI5tVXX+0+Y/iQbY65xs/pQC+QZXKGaS1btsx27Njhrkv12wEBEwHJH3vZw77edttttnr1ajd3g3PIJuewtVxXX1/vsHPnTtuzZ481NTW5c/5+yOvevXsd+aBH29tdf57P3h77cwEB0xHIJ/JMQmbRA+w3QxDf+9732stf/nI7cuSIuw6b7uWZY673vdbox0MPPeR6Pq699lp3H2//GWZ7zjnnON/hf8/HSP4ZuM5/Djg1kHz9BPIxx0CFU5cco1y/+MUvXIswhIFySAfKSk8GrQRbt261f/Wv/pUbsvKf/tN/sv/8n/+zU9Jvf/vbo61w/n6QFII+hrZAZPxvernx1wUETCa8DcKo4ZAY6w7RqK2tHT3/4IMPOjmnxYtALTMz05HlX//6185xIfNc62WVVF5e7lqf3/a2t7nhiN5oBgRMFkjIFcA2Y5OZZP6yl73M3vOe9zg77EkJ1xNQ0StCg9F/+A//wf7rf/2vziavWbPGHnnkEWeT/b25H7rAeXTB6wmJnHvyu/5zQMB0BHKbLLvIOLLLEG/mqdLL7YkCMYbXpYaGBnfNPffc48gFdj4jI8P++T//524uFdcArideWb58ud16660ujvH34xy/zX39MwScOki8U45594F8zCGgtF6xWN/63e9+t/3DP/yD7du3z5WRyBk/yRyO//W//pe95S1vsW9+85tubCRjkP/jf/yP9vd///f22GOPufsBEj0lODuU2E/WTSYcyArJfw4ImAwkt/jm5uY6ub355ptHHQfyTmCGnK9fv97e+c53OjLN53/9r/+167b/4Q9/OGZ5XRJOCMdG6zH64fUmIGCygIxiP5E5bCX40Y9+5EjF97///dEyEs76/vvvtwULFrgx7rfccotrBPrQhz7kGn3+5//8n66Xzttd5JXeO2w4w1L4Da8TJHKegTT+uQICphvQE3LkFtm+88477b/9t//mbLuXbcoBQ8jRj3/7b/+t/Z//83/cddj5T3/60/bP/tk/c41Q6IhvQIXkM88PvSKu8bpBzjVcm/wsAacGEvXEcSAfcwi+7rxzYjUVFJKVqkpLS0evQREhGzhAJj0iJLS4cZ4x9Jdeeqn99//+3+0Tn/iEMwheNhi68pWvfMV97wc/+MGoo/PC5u/vjwMCJgPIl5dpJtjSIswKJv48MkfQRnBG7x1k4gtf+IL95je/cePiISEYwd/97nej8kqOzLP6G7JOjh4k/25AwESRLLvIHDnzkiDQDHXlHAk7W1NTY2984xtd4w8LfECWCbSwu3fddZcj1ARcfmNYztFL8v/+3/9zY9q9XHv4Z0g+DgiYrvC6gi4w5JBFcs4991wXu6A3gPMs0MDoi//yX/6LveENb7Cf//znrveD4Yc0mtLzkTzhHPnHtv/hD39wsQs+AcJBGYkcXUr1TAEnBxLvnWPeayAfcwi+/qhP9vWgVex1r3vd6BAVAi4UsqKiwvVeMP7Yd3OS+EyX5b/7d//OPvjBDzpB8jLAMa0QKPdnPvOZUSfof89fE2QmYDJBwjnQdf7Wt77VySZDVziHrHGOJXdf8YpXuCEoLEOKbCLTyCWk49//+3/vgj4IOTJKOd99/PHH3fcYgw8pH//bAQGTAWQNeIdMo9ATTzwxWo4NZr7dypUr3aIeEBEvv4CJt/TeIa/cg+GzfIchhgzhIkiLxWKjjt/LN8e+LCBgusLrgZd3dIMFRbZt2+Zk38cVyDx6QG8Hqx0y9Ar7z7BafAL6Q88Hcz64D98DpIKCAkfUGWbL99Ahkv/tVM8VcHIgeXsTyMccA4roFZU5HQRqDEMhcEMYvDJyLTkT0v/pn/7J7eFBy8HixYtd6zHfo7uf+3ligrJCaFDu973vfWPGGXNd8nMEBEwWSMgqvXJMKGcCIi1jyJwPsvxqV7R8+YmIyDvXIPs4MsCGbv5+ACfHUC3uS/CW6vcDAiYCZNQTCWQTgnzBBRc4efayyHVMLmeY4Cc/+UlHKvxEWuwu13jbzmeuR8Ypw8HTu4ctJzgjIfveNvs8IGC6wtty5JaUk5PjhlJ94AMfGJ1fynnkn9iDFa0eeOCB0bl8yD33YKgWOgT54FoSOfdF3y666CJH7jlGL7xuJj9LwKnDv2+OeeeBfMwReOUkMd+D1VD+5b/8l05ZUWDO+eFVBG+Md6dFmK5IWhJoFViyZImbzMuKER/96EedQnuZQNFpnWOc5Tve8Q43Zp574Qw5z/294AUETBYwYuSM873kkksciYAo4DS8fWK1KwIw5ix5efWySI8GvXjItx96BZBn1n5nmCETG9nJ3/9mQMBkAbuMvGFL6VnGfjIUlgDI+11kmf0M6FUm4GLIVfL30AE+J8OXnX322Y50ox9c78v57WQdCQiYjkA+vUz7Mnr4aORk6Dc646+hR5CRGZwj/sDGJ8s6wxAhJr7ng+8R85AY7YF/oJeQoVteN7hH0JHJAcn73UA+5hCoKxwVx1Q8k2hxdEwoR1H9sBKU+fOf/7wbM0mrL+PoWYKuuLjYdUcy7pjeD/ZA4HqCNFoWOKY3BQdJMMcKQZT5cwEBpwPINQaNnfY3b97sutYhCpQh79gulomGfGC3IMOUe13w5IMeE+ScMs6RuCcbUK1du9bJfvLvBgRMFMgoiUAHOcUu0+CDvD3zzDPuPOe4loCL+UzYXRqHKMe2ervOkrt8h14Rrvf3Y9ggsg2Z8TrBd0g+T36mgIDpBG/f/WfkHl0gzmCSOPbb23KGYNFLDfmgQdUP/UYX+B4LkkA+ICjc19+bnCG3V111lZt0zspYvpfQf59r/DMEnBpIvi4D+ZhjoMK9Ij777LNulRRWqKqsrHTlKBxjIxlLSQsArWWUE7CRo9wMCWBoAC1wCBLl3BsSwtKlLM17xx13jCqvd55eyZOfJyBgoiAh1zgM33IFUSAhczgmSAW9d4ylpwyZ9LIL2fZDClnlDRnlHPdknwXIB93xvicvIGCy4O0h8sgxNpPlndnjo7Cw0NlUziHDyCJL6qanp7tWWmwy1yOn2PItW7Y4n0ww5u08y0UzEZ0VCOnt5re8vfbHJP85IGC6wdtjchK6wJK5LLzAPh9+OCz6gIzTmAox8ZtrAvQIWWcIuScffMfHJujLoUOHXM/5hg0bXM+H1xN+L1lnAk4dJOqSY955IB9zCNQjQOkgEnQ/4tAYXoKS0QXJ8fbt291kdJad89fTmsxSdRAPhl394z/+o7unD+ZoZWCiOUEeJMT/ppcR7hPkJWCygfwBCAe71NIrV1VV5WQNmcPI+Z4PgJOhDJnlewR5DLkieCspKXH3JOHMOEfgxipCfinegIDJBDLo7SL2l+GuZ511lluhjXO+HPl++9vf7no/mIPne+LoYaaxh+Gw7P+BzGOLkXEWAKHXg9V//L34LRKfuZZEeUDAdATy6mXVlzFknOGEfrEcZB0d4TqCWXSE0RuU+XvQE8I+HjSOEvdQ5oGth6zQcIWuMHyLxDmIi9edgImB5N9lIB9zCL7u/GcUjsmLBGusbOXP0XL24Q9/2BEMlJFVgADzPSAWKC4KzFh4lBvSQgsc96OMnhGGq3A/L2ik5DwgYLLgW69wEpBf5JZueWyWJxhMPqQFmMmG3mEht/T40euBDuCsCNq4HnlGfukx4Ry7pXtHFhAwmUDevJwCvwszhMKf862vTDpnqWgagFg+901vepOzt8zLg1gTlCG3Xic++9nPunNsJut/i/PJdjj5OCBgugKZBiQaiZgYvmLFCtcL6BuTSDQY0XuIvf/jH//ozmHPWZ6aMoZksdQu1/uYB/3Kzs52vSkf+chHXAzk/Yf/bXQn+XkCTh4k/x4D+ZhD8HXlE5/Z+ZkWBPbzQEFRQsrpFfn4xz/uHBqrBKG0tKpBUhjeQm8J4+vr6upG70vXP06RMck+iOOc/y2fJz9TQMBEgZxhn5AtyAIGjd2hk40ca7hTzgZtjIFnuCH2i70/GGNPTx+9Jf6e6AJkgwmNXI9j4jf8+YCAyQJymxwIYXshGDT4QJJ9IMQ5cuwsPXzYZRqDkGE21WQ1K+7BNcg+Lb3INT0iDE3hnNcJcpL/ffKAgOkKEjKLXeYzw6sYeUHDEGQDGfYEneO7777b6cX/+B//wy1AMm/ePDeSgyFVNED5fT64loStp4GJHnDf4+gboEj+vuOfK+DkQPI2KJCPOQbqK5nF02qAk2NcO5MYOY9QkJNwhCw/Sgux735EFjxJIfdltNShvHT1+98iccx5cv89jgMCJgv0upEzZJBxu8uWLXNlvuUK8sBkQoYNsuIJc0MYO8+1rPbGkEIvz/47yDyrDuGo0BMvywEBkwVkzttjjgmCaLiB9DIHyfdIA2yoD75IzOdgHgiyyXnuQeI890TOIdm05PJdrvHf9Z/5jpf3gIDpCC//HBObkCOzDO1mDxt6rL1ecB4bjh799re/dXNXIR8s4ECvOHt5ELfiB7inj19YpIERHfSmMOc12Q8k607AxEDifXMcyMccgndwySSCHCWmBY3WYc5TjuKh0Chhqnt58H2uhbjQqsxKWLTUBbkImCqQkFmAvLI6Gy1iLE3q5dCfR1YxeszfYHUT5JZykr8WmUb2H374YWccv/Od7wSZDphSsF8SARPDYpE9ypBL5PvF5BAZZ9dzWoYJvPyeBamuDQiYSUC2sdfoAqSbOBQ9wY5j1719J8bhenpIvJ33BMV/nxy9QKfy8vLcKA96P9A37uN/M+jO5IHEu+c4kI85BBTKOzDghYAJi3Tj0/vBJEavmAjH+HuMB9dxr6997WuutXn88pABAacb3gZ5+WayIKtTbd26dZRAI8terrmezxzzHW/XOCbnOzivV7/61e4+rHxCWbB1AVMFWm6/9a1vufkctMQim8grSHW9h5dthqLQiss4dy//qa4PCJju8HaX3Ntscuw5czr8UCnknOvIPfnwsQjfTbbz/hx6hm1nmC7zRxhSTjnnSf46XxYwMZD8u8QmBfIxR0ClU1/kKCAJRQWlpaVuI7W77rrLnUcwuNYr8QsBxWVvDyaj33vvvaOCFeQiYKqALCPDXq45pteCVX58b54PvpBnrwNe9v19vOySsyQj44SZ/EtLGNf5oV0BAVMBGoKYy0Fg5ImHl/NU1wPOQb4ZSsjKPswZIZ3oOwEB0xnYa2+zfRl2HOKATWbBEHr4mH9KGdf53H8fvcEH+DJ0ic/k2HiGJxK/eGIScHqQbIsC+ZhjQLmofJSROvXlKDFBFkqLULwY6QDci+u4ngmN3JPhLHxOdX1AwOkAydsnZNsvM8oYXxZJoNvdy3qyI6KM633iGCDLjBVm3D3k2jskziX/bkDA6QKyhpwiy35/jpcifwy34jr2rsGe85l7kFJdHxAwU4C9xh6TsOPIOYkhVdhrhsdyjbftXEvuE/fw8SvfJeaB4LOMOstbo2/+nAeffRr/PAEnDxLvlWPqKZCPOQLqyisYn1FOX58k6tiD8wzH8oKSCnyP8zg6BAkiknyfVN8JCDhd8L0eJIIuypBD5BT5xNmQ89nLpz8e72h8yxnXkxPAce/k3wsIOF1AFsmRTW+nkT9/PP56Dy+z2ORkW0/Z+GsDAmYC0AFsO4ljb7sB5XzGtgMv78mxTbK+oB/oBdeS89nfA53x11IO/Pf9sb9PwKmBxLvkGJsUyMccgVdc4JXJKx6fCbAo8wEX3/H5C8HLg+8p4X58Pzi7gKkC8oezQfZwKMizbwH2cu7lHrnkOn8OePlPvp//zLlk0uKvCQg4nUDusKmeQHjZJQepvgNIXqa9bQeQ6VTXBwRMdyD/3maTOB5v07199vY/2VbzvfHgHskNTHyPnM8kvp98j/H3DDg1kHjHHPO+X5R8+MpOvoBdINevX+9u5M/NBfC3z9Tk6w5FQ/EYXsKYYLoeyRkz6cFnwFK7yeXjwTWMMWapUgJA7s1vpHp3AQGnCz5I846FY++wks/7cn/sdcLLLNf77ySXJd8rIGAqgHP2QY/Hi9lWzvvvIK9e7l/sewEB0xnIcrJce3lOLvOfx5dxrcf4azmG5PPZl/ljkPy9gInDx4f4U4boM6+SpZI55991Mv4/KghD6I0hYJ1kNm1hRZm5hC1btqQsnwng2dl0ij0OOGYllXXr1rmNd8hPBRBQcu7FpoPcm/GXqX4/ICAgICAgICBg7oH4k/jQx6BsSv2LX/xilFD+Dfmg1RzCwQcu4pgWcXaypgdkLoEN+WYqeH42TAPXXXedWyWC1VTIb7rpplMC32dJUo4Zisd92axn/HsLCAgICAgICAiYm2By/5VXXuliThaDYR8jRuEkj8xJhht2xYHvkiL3vSEczyXwdyd3I81E+L+FY/4e6jf5bzxZJN/bvx9PUgMCAgICAgICAuY24Ax+CDPD9H28OJ50ePx//MNFjNfyF/PF8RfOFfhAe6bhhSp6oin5PuT+93x5QEBAQEBAQEDA3MX4hm4+n2gpcEc+WPGF5Od+jL9oLmGmJk8KfEr+7I9PFrwPSA0g8Tn5XEBAQEBAQEBAwNwGZAP4GJFODBLx499eP2z/P5RISwh8KuGjAAAAAElFTkSuQmCC</file>
    </questiontext>
    <generalfeedback format="html">
      <text></text>
    </generalfeedback>
    <defaultgrade>1.0000000</defaultgrade>
    <penalty>0.3333333</penalty>
    <hidden>0</hidden>
    <idnumber></idnumber>
    <single>true</single>
    <shuffleanswers>true</shuffleanswers>
    <answernumbering>none</answernumbering>
    <showstandardinstruction>0</showstandardinstruction>
    <correctfeedback format="html">
      <text>Your answer is correct.</text>
    </correctfeedback>
    <partiallycorrectfeedback format="html">
      <text>Your answer is partially correct.</text>
    </partiallycorrectfeedback>
    <incorrectfeedback format="html">
      <text>Your answer is incorrect.</text>
    </incorrectfeedback>
    <shownumcorrect/>
    <answer fraction="100" format="html">
      <text><![CDATA[<p dir="ltr" style="text-align: left;">A</p>]]></text>
      <feedback format="html">
        <text></text>
      </feedback>
    </answer>
    <answer fraction="0" format="html">
      <text><![CDATA[<p dir="ltr" style="text-align: left;">B</p>]]></text>
      <feedback format="html">
        <text></text>
      </feedback>
    </answer>
    <answer fraction="0" format="html">
      <text><![CDATA[<p dir="ltr" style="text-align: left;">C</p>]]></text>
      <feedback format="html">
        <text></text>
      </feedback>
    </answer>
    <answer fraction="0" format="html">
      <text><![CDATA[<p dir="ltr" style="text-align: left;">D</p>]]></text>
      <feedback format="html">
        <text></text>
      </feedback>
    </answer>
  </question>

<!-- question: 130257  -->
  <question type="multichoice">
    <name>
      <text>Question 4</text>
    </name>
    <questiontext format="html">
      <text><![CDATA[<p dir="ltr" style="text-align: left;"><strong></strong></p><p dir="ltr"><span id="docs-internal-guid-db4bba6f-7fff-db1c-6931-561e7ed8beea">Determine the shadow cast by an object from a single-point light source.</span><strong> Select the correct answer from the available options.</strong></p><p dir="ltr"><strong><img src="@@PLUGINFILE@@/05.png" alt="" role="presentation" class="img-fluid"><br></strong></p><br><p></p>]]></text>
<file name="05.png" path="/" encoding="base64">iVBORw0KGgoAAAANSUhEUgAAAnQAAAIoCAIAAABvR+EUAAAAAXNSR0IArs4c6QAAAARnQU1BAACxjwv8YQUAAAAJcEhZcwAADsMAAA7DAcdvqGQAAHHtSURBVHhe7b0JnBxXee59au3u6ZnR7CNZqy0v8m6MjRdsMCbYYAOxgyFA7o98YXEgN8lluUAgIXyQkJgldki+ABcnLAYMSWwWs3phyY33De+2LMuWJWsZSaPRbJrp7lq+5z2npj0abSOpuqe65/mrVHPOqeru6u6n3uetU6eqrTiOFSGEEELSw07+EkIIISQlaK6EEEJIytBcCSGEkJShuRJCCCEpQ3MlhBBCUobmSgghhKTMzEtxLE1SIaTRiKIoKZEGhPGHNDTT489Mc7Vtm1e+kgYFcZnm2tAw/pDGZUb8YbcwIYQQkjI0V0IIISRlaK6EEEJIytBcCSGEkJShuRJCCCEpQ3MlhBBCUobmSgghhKQMzZUQQghJGZorIYQQkjI0V0IIISRlaK6EEEJIytBcCSGEkJShuRJCCCEpQ3MlhBBCUobmSgghhKQMzZUQQghJGZorIYQQkjI0V0IIISRlaK6EEEJIytBcCSGEkJShuRJCCCEpQ3MlhBBCUobmSgghhKQMzZUQQghJGZorIYQQkjI0V0IIISRlaK6EEEJIytBcCSGEkJShuRJCCCEpQ3MlhBBCUobmSgghhKQMzZUIlkx6tseEdjMlqxJCSKqYWFONOdOnxo0/VhzHSVFj2/aMFtKsQK+2cmOFrztAkhVbEIMVJ5o2GsAKytXVQFqiSGVaHJZlRdhG0rAw/swfmj7+0FznL9CszKBnmduxbVsR1B3J129pFSNfFE3Hek3oAlJ3VAz1hNKQPWiujQ7jz/zh4OMP/roNFH9orvMbyRgxuY6yMVkKyg6gDkzSLI2Oq8JABRB2JObq64Xl5OEZg+ba6DD+zC8QUUBk4g+8FN9988Qfmuu8RmeGSBsd/HXxvSN1jBNlG2zo21IhVI+KpI6i/+jF5dmC5troMP7MK5o7/pjMgcxnbBU7KvaRJ6KC7BEHsI6tXD05Do5lIRgvjvw4diB9Rj5CSHrMPv4g8Wqk+MMj1/mAOXUxVQRTNWSMHUVnYVfhyCNal/a2LigWfM/xHNdzoW8b4kauOLartHHr6FPPj67dMrJxqGQeil1AP4s+D4I9ArrfLeOcG3jk2ugw/jQj+4s/C5L4U1za29ZRzPuem8Qfy3bhuYg/E6WNA6NPPj/63MDICzsaKf7QXJsdOZEBLcb4G4kQHStSOTtc1pNbvqx7+ZKFKxa3rlhYWNzb0tO+YEE+3+o7Lb6X8x3luwrq9iDiaCIY3z40sXbdyENPbL7vobUPPLl97dbJMLY8pcqOa8WhHbmxCnV3jWXr4QZzYnE010aH8afZ2Ef8WdqTW7Gsa/niRSuWtC5fmNfxp6NDxx8k+Pk948/OiWfXjT742CbEnwdXb1+7ZTJUWY8/NNcmxlEQMlI6EEKjrqUqLba9rKflZacvOeGk3v7ufHuxpZizio7V4no518+7TqunYK5Fz7agbxy65m2Vg9AdlfOUn4NgxneV1q3ZcuMN919309PPDpZFUXYokokdpJORnB+BxqWut6Gu0FwbHcafJmJm/FGqUrTsZb2FM09fcqLEn0J7S0sxL/Gn4Hp5HX+Knip6XtG3LU87627xx4dApuLPfd/60Zq1O0poyWz8obk2L5ajYlv3wyClCyHXxT25047vO/2kRX09LQXPzXs+ssO85xVcB4eqhZzb4kHcdosj4nZ9W0HfvqVQgKwh8Zyl8ngAFO+pCeup+zZ/5/p7brjpkdWDlRjGHbmQNnajCDmq0pel1R2aa6PD+NM87DX+rOp7ycmL+vcWf/I5t4j449otMFdXxx85fp0Wf1AuTMWfSeupexF/7r7hpken4o9jR7DwIDvxZy/metFFF2ENgEVmHoahaQEoB0FQqVQmJycnJibQkjzy8DDPM31jUK5WpxewJt6DXvgismV6U7FtmJuVmxt8CJjv583a0HbkWDEUWu7pdI47pvPElT1H9Ha05uycb+V8HKl6ed8uuDkkjAUfB6xx0XMLrg/dt/p2znVF3B7mULMSZ0XBRf7oqIKlcqL4eNS+9cb7/+VLd//6/hfGXQjLs0N8j0YT6QjjoKC5NjqNG3/MnPGnyvT4093hrEL8Obp7UW9nMWcXclZOesok/uSdXMHbI/54iFE6+Owl/tiqgMPZavx54F++dOevH9g47mDfd23pEpYYlIX4sxdz3bZtW1UrZlWjGABlG9BSKpWgb7PCITD9u6nOAZ5w+hxgkSnsCbbEzLE9ALtcuVweHx/HHI+aDdiMsbExvBe8nHm26U8LzNOaNzsyMoJnxppm46vs2QL22gjQDqYXsBpeDgUzN414abRjXq2aeXXDsD2Yo3H/tNnWscvbTli1aFFfSx75HwRd8GCnOc/24aB+lHfzLY7f4stha4vrQeh532mFyqVnGOKGmmGlepIqJiXHrzlP5WLIRSlv04MbrvrQjd/6zaadcn4Er+noVz7wtqVO9ZMkDcrs4w/0j73SrHAImH0Tzzl9DvCE0+cAi0xhT7AlZi7RR4NNmifxB5uEbUPj/mnV8efEGfEn5+b8qfjj5FvcJP4UXA/zvKfjDw51TfzxLJU38Qd2i+pU/PFjGVWs/I2/Xf+5D9143a8zF3/2Yq7TFzciIpnd39T+MYoxD6nKq1o1ZRQAVG7ajWqnl/cDVquuj4J5lKmap60WZmDasXl6tw2qBexg2JLh4eHR0VGsMP3JpwqYO67jDW9//tEHftLTGi7AsWoU2W7sFdx8wc/n/bynJxcuCx1beUye2+JqiWtzbfFc20N6iCTRUo6vT3ugjBQSyobQY6k6jh5VkNv22Av/78du/fkjldgtW0Y+B/hUasK6devwgSQV0oAw/mBefQbTDlAAWYs/SAvQOP3JpwqY6/gzuP6x+3/cvWf8yfl538PBa2Gv8cdzir6Lo9gk/iC5d/cWf+RAdir+PL7xU39x888eCTIVf5rQXImhUpq45abv3HXr16OJrZbkez6OM32kjQUvj3Qx5+Q80XfOhbiRLVoF1y74LuRe1AevbdC2nHOFrHWHjBG3lF19LGvLcAOoXC4Al1QxHFs0Vjo/crqxY+kBgnOg7q6uLqq3oWH8aRp0/Ln+ztu+Hu8amEX8UQU5ObW3+IMjV4k80+JP0pL1+ENzbU4mdo1oZ70hLm1zrRLyuwhpnhV7Occv+IW8m8vZyBlzHmp+DrYKQbtWi+/rzhm4LA5eZZSBJf0wkDh2DcyhZkx6FJ+RO7TuQMQQN1RUUOokpc5TqiXZiLpD9TY6/Aabg8mJkZt/dL2OP1t1/HEjxJG9xZ+87+f3GX9sy4O5VuMPPBUWq69iKEwNt8xw/LGTv6SJKO0aue3H37r71uvi0oDcCEL5ekR8GMpNsaWzBwW5Rba+21gYWSGWoVFJIYgtFKQdcoVOJPeK5Qo1eShaUNDtKCQrQNwoQUgVpZ5Qak2yEYSQeUlp1+itN33r7l9+My5tmYo/jok/EULQPuMP5kn8CSMTf6R/eVr8wVzHH7SZOyJmO/7QXJuNoFK67Sc33P7zbynJGeUkTaw8Fdu6lySKwiCCyCFeEbmFZaFIXaQLvYdylkVkLSqP9Kg7WaAnLXItaOOy8kiZ64qMfZcRBCWlHlFqi94QQsi8IwxKv/zpDbf/4ttqYm/xJ0K82S3+oGUq/sBZk/gjAaUaf6Ru4s9U5DlA/BnQGzL30Fybizh+8pG777/9+1ZlyLZyyBlldIHIDvoDdhRZkj3KfxEt9Cnqh1wTfQcml4TQsSSRrkw6YTQqN1OieMzxtOYlzKtsU+oxrXVCyDwjjp94+J77b79RlXfsNf7AUPcTf+IokENYE39M5xkmkMQf7akHiD9blXo0I/GH5tpU7Ni26Tc3f3d0x7O27cSWF1uOCNCKlIW/8sOJELIIWxxUj/vXNT3pVFJEm7RicaBLklJqsU8VoGFTndK6iNubOvOB5BGZ485kgwgh8wbEn/+6+bsjg886hx5/krp2WSkdZPwpZyf+0FybikceuH3DM/e5lh1brlEfdIdJsPTZCcygcuhdlB1KRohyLKc90BjEToCCiFYnj0bvKCWJpX6+5Fm1klHGHPljUgdYNJidnhlCSN145ME71h9q/MEc8Ucfy+rGEMe1+44/Enb2FX92ZCT+0Fybhw3PPXXXb35gVyYtuY2nUZ8R3ItI5oiEUMYWaE1q/cphqk4epaxzxkD6ZCBvtMljEgVD5aJ9U0aSqcWNwouvhQkgeXxBqQldJoTMCxB/7pb4MzGb+COOibgyLf5I+NFRKIk/5vhUnmPf8cd0FL/4WphAScefSV2eS2iuTQIk+8Bdtw5tegQZo6WQORqdzcQoGKYo2aCURM46ixRNS1kEL1VRbxwHsrIRtLZS/NGaT2zVFGQPkGVTK1W0uId0CyGk+YFfPnD3bTs2PTzL+CN/dLTZM/4g5iTxJ0JZm+z0+AN/xTKpYr6f+IPj1zmG5tok7Bzc+syT99nRpLKcyIp0H0zSHzMdy4JWtZaxku54wb8wkbiUpwqYpGdYBjjpvhsRrcynJtkLTFlrXT/31CuiCmeFvo3iCSFNztDgtrVP3GuHs4s/clPF5MQT/u0ef0ASf6ZGPO0ef0zYMfFHepP3Gn/grHMff2iuTcLzzz21c2CDpQqBBWGXkThaexM39AexSvIXWsgVRc6iT6Nm0TzmgYorkkjq62IlwzRS1lo1/TCmbKoo6z1Al8wrYh5ocbNnmJB5wfrnVg9t3aAONv5IiNkt/mCS+CMnp6bOVe01/khBT3uPP1iM+DPHPcM012YAqeALzz1ZmRhWdi4SVUN0e1U2RAgJ6kRRZCy6RUX+QrF6LtmiLIaGZam+dMeIWB4ocz32YErZpqDlnryiXk3m25Ua1mVCSDODgPHCuifLE8PWLOOPhJq9xx8deSQ86Wnf8Qc1Y7RYhBZZuGf8meMxwzTXZqA8sWtoYE0c7rKsimNFduTJiLxEZ7th7twN2YZySZkMK8DOIJmjIDdM0SqXM7hhqGSSdc3NULSmTSeMyFr31YSWCjC35Ycbtc3qF5FdQalRjhkmZD5Qmhgf2rJGBQcXf/Q4pn3En0gHn/3HH1lPx58oo/GH5toM7Bwa3LFtQISLCjS3T5JFImYZthTEMm5PBsRDoTJyQAbyaZ3rtBGHsAFWEoHLY3TOiFX15d9G63gtKVeTxyqolJXayJ5hQpoeHX+2pBN/DHLwOuv4g2fdZ/yZy55hmmszMLRj247tm81PPpn53oDgTGYnWaVWp6hc8kgtZy1a8VRJIVUscpVL0OKKHMeiovNBPBKPRRkpJObSiKo8lRa3LJMW0RUKm/Q1r4SQZubQ4o9EkT3jj4SWg4w/OpTpwCPLpOXF+LNdV+cGmmszEMt1Y0nyJh0rB0RLWc566KxQzFFSRZGmZIvIJ/Ug+GS5zKFmeeopHZuCJWWZtPQxf1Hc2MEwjerkcRbbQwhpWBh/9grNtRlwfd/z5LcN8c9IfG+YjFKWYh1JF2U0POYyE7XrJllgWswfaFifG9GHtGZMvNZxUjCT1jfmCXiJQL9cRd/Enz3DhDQzdYk/CDINFn9ors1Ae0d3e2cfxGhFMhBeqVCf/TBqno5ukZP/ZjQ8HqHnRtDGQCUL1O1arijIWihJhokJTWYyi7EzmfwRhVjGN+0GFgwqNZLUCJl/YOf5zW9+c9ttt/3TP/3TBz7wgfe///3XXHPNLbfc8qtf/apSQfRvBuoSf+Rq2MaKPzJ2Kylq+GPFjcjoyPB3v/qJNQ/c7DlF+VVWa9yKW/TvUeztq4S4rRhfdC7v5nOOn/dzOTfnWTkkn56f9+yc6xQct+C78sPFnoOWgusUfcf1bPmZYs9RnqVyrvIxWfLD6b6jfztdTy5eAK9rVI55QalXKvUSXa05VG+j00zf4ObNm3/5y1/+4he/2Llzp2VZgQbtjuN4nofA29LSctZZZ1122WXLly93XdlzGpRaxJ8W30XwSSP+XKDUabpac2aol0euzUA+ny8Wu5UFZYUQr/6BiAN8s7r/BchcX72NfBFTGOq0UbJEPVRPfrxCboIYoyxpJFIxyR+RJJp7f5pG06KzTcnVqhO2YVyp9Vm4zychdQO2+p3vfOcv/uIvvvnNb+7YsQO7WBiGiLy+BuaKKhrHxsZwCPvhD3/4S1/60tq1a5MHNyBT8QdhJ7X4gwPWlOLP83MVf2iuzYDr+Z09iy0vL7/kLw3m15d0cR9Uta3/yfi9qbqeIHOZYW6J3PXK2AG0uE3fDbJSFHSGKAX9WmaRLum0UVbSV5vN/X0+CakPd95556c+9amvfe1rAwMDsFIcsxqSxZqkybJwwDoxMfGjH/0ID7n55ptlF2tApuJPgfFnOjTXZgB7aXtnn+NiT45lUMG+b5y9G5Cu/BM1y82yJfeDPqv61leeSWooZblW22i32u2BV5CWaWP2ZG2zTJ5JT9jNxvSwgllsDyGNDI5Hb7/99s9//vPPPPMMDuZwhJos2C84osXKW7Zs+ed//mdYMrw2WdA4MP7sFZprk9De3uX6PlQKpesGI6/9oaUoKhZhS+eKJWPgJWeUn6IQNctoAjMgPrkETdQci951J8zUJI36BU2fkLwsdIXNQBMKZfYMk6ZnfHz86quv/sxnPjM5OZnL5ZLWWeN5Hrz5P/7jPz75yU/u3JmJ3/o+KNoYf/aA5tokdPf151t6RFdxRQvLSHyviAAN+mQHNC2D7iRdhKAh1NiWy7eh1dgKFSZp1J0zWKwfbeaiad0iq0Lu0xoTZVdX3cqeYdLEwA6//OUv//KXv8QxHI5Ek9aDBA/Ewe7DDz/82c9+dmCgwW4d2tN7mPEHpolyU8UfmmuT0Lagwy8skPtwqsAMdk8W7IkZJm+JpiVrDE2+CO3qy84kEZRsEgmiHgQvowlE9pCxHgyfqFkmySdlLoXdq7LYIK+le2Z4NwnStNxxxx233HIL3BG7VdJ0SODhruvee++9P/vZz2SXaxzaOg4z/iBspBt/zKdn5nMTf2iuTUKhpdjZvTC2nf2ljLsjOR50q/Usgxd1D0wsV2xjkmYAfYvKsRtIj48M3dO+KZmmCFo0rWWNlfA0Sf6oLz7bbTsCLe5SUiOkibjzzjv/9V//FQedh+msVXK53Pe///0f/vCHSb0RyF78mW5tcxN/aK5Ngpcr9B+xTFleHHuz/1pFk0bP8kc6VCB0UbYsScYaYB7IsHjMZQWRtZG4JIJo0gVTFvA4+S1HjfmDdkh+h84fCWkqNm3a9A//8A+Tk5OH3Bu8JzDpIAi+8Y1vrF69OmnKPDr+LGX8mQ7NtWmwOjq7LcuP8Z1Kx4uR2v5BPoiEDwo23TAom3TRNIruJSGU/3hG6cOBxLWytbj1mVpd1gP2TMIoZbMTyPPrudmY8bm9iTYhqYN942tf+9rY2FiKzmrAE5ZKpWuuueb5559PmrIO4k8P4890aK7NQ/+ipblCmyhJpCVyM+37QotO8kY5twEx6z4XkzMCUbZeppdKBcsrkk7q3NBIXMbsmTmyQ33OQ3pmdCHZAOjbTBN6QDwaCWkSfvGLX9x1112pO6vBcZw1a9b86le/SuqZp+9w44+Elf3Hn+DA8WdqykD8obk2Dz0Ljyi0dmtJO1pPBwCZnpI7n0C4jlaspcfpibTlsm4Rp4zZ0/00IldpEEnLGnq/0Eo1WpcF0qbTSSPs6RuAMlo3cswwaRrWrl37ve99LwiCGpkr8DzvJz/5yYMPPpjUs03v4cYfTAeIP9pSdbSRx8rCPeJPdT738Yfm2jwUil3tXf2iJNHVgcWNdbSaRctxIGoWnSMzlAateS1gEbTSP/gP9Loybk9STGmSxSLuRPjJEINAV6UVEzCFIaW26SohDc+vf/3rzZs31/SewDh4HR0dveGGG8rlctKUYRh/ZkBzbR78XH7h4hUx0ka5Htuo6oDYIl8ZhaeVC5VC5CLg6lwWSM+MLNe3IhM968NTTNCxTEblUxOSTNG9PJd+ieqqE/qCM7l3OSENzaOPPnrLLbfgyDKp1wy8hLkyJ6lnGMafGdBcmwfHcTu7+pAyyrXXoqdZAc1C23InFClp7cocqoZKRfUQo2hayx0tgZZ8ki3KpHUsLaZqBhTgWfSiZDOgckzIvjfrkQWENDbXXnvt8PBwWtfe7B8cHP/oRz8qlbJ+JRvjzwxork1Fd/ciL9cax6Zz5IBgPxABxNI/g7ke+q4liQejIopGVf/FM8ppD31nbhS0djGXPUkLWkcZI2u0Y235g8mAglHaDqU26QIhjcodd9yxbt262p1qnQFeaMuWLTfeeGNSzzCMP9Opkz5Ifejq6fcLELdIb3ZJtdxpTDJC8yNPmCRn1L0vmEviiGaIFlXMbSmbVlE2dGymUM6CGO2jKnOtb9m/qlsBpaG8S6kXjPYJaUR27dp10003YV43c8XxcRiGd95557ZtWR+ycAjxBys2a/yhuTYV+dbOXL4jjiuxZcsFZwcgUlZgIe0TQUKVFhSOiqSPIlALLfoWZZhsmescEooNpX1K2fJgrWN5CB6os0hTFXFD5tA0JhQwVfSYAt5NgjQqa9eu3bBhQ51/29zzvNWrV+OIOalnlXwR8WfBQcUfxIZmjT/Naa5BECDXqzI2NjZ6ILBOuVxOHqBJnquhaCm2dfcvQa47629WFCuaRDooGSHyPyfUGaLuo4F4w0iVwrgcxZhXIGSsF0g6iZTTVZGjIleFlqSNcrUZPrTqpCX/YguqRuU79Jh4QhoP7Cp33303jiBn+XNyKYKXfuyxxzL+g3QtrYg/S2sff7B0r/EHQWZ6wJnj+GPJO5uGbSNHwHY0DOPj4+beYzt27IBHWpaFvPLJJ5+crv7bb78d6+xn9AE+BOSGJ598cm9vr7FVtJx11lltbW0o9PT0FItFtHd0dNQ5Yz1Ywkrlh9/+xztv+1ffMTch2+3L3QOzFB+M5ft2Luf4Bd/L5XOek3MtTHnPzbk5mTzV4tl532lx7RZXFTy74Pluzlf4NFxbubHylfIdmRxL5h7mtkwelmIzqltivpRTlLp41rvfQdBw6iUzyPg3+MILL3z0ox8dHBycE3NFjPrEJz5xxhlnJE3ZI7X441k5p+HjT0Oa6/PPPz88PAwHRfnpp58eGRmB5z333HMDAwPYfnxVM6SPKhqTyr6BfU7/NHD4izk+jaOPPrq7uxvVJUuWLFy4MJ/PH3vssS0tLStWrDBrZorbfnTdL274Bw9ikne8f3G/iO/Zvog7ByHnfDvvWL7r+J7ve17exR/fd13Hjh0V+g5KDj6WKCxZVqW1uKCtmC8UsZKLXcEq+CoPlUcqp0TZviU7gI2vAymLUTlYrNTrlerU5TShuTY6Gf8Gb7vttquuuuoQfq41FSqVykUXXfTBD34Qn1LSlD1SjT8eQtD0+IOjVM/EHxzWhiUE6dZie2bjT8OYK0x03bp1d911V6lU2r59Ow5YN22ScV8wTmwz3gX8tUaag+mazwQFgPzxiCOOwLyvr6+rq+u0007DIW9/f79Zec556J5f3vj1T1VGhmzXNqcdZgE+PWSOLoScQ+4IfXuO7/qul8enG0el0gSYLE8GlclAhhXYqiKnRkLXtdpa21pbC8UWr+ipztZc94JcV2f7goXtTndBFV2VC/XdWoyszbeDeptSFyh1gq6mSWbVS2ZJlr9B7Pt/8zd/gxA0V91XiHKtra1f/epXOzo6kqbsUaP4MzkxWTLxRzmhJTd2QnZv4k9ba0uxxW05uPjzKqWO19U0maHe7Jrr2NjYrl277r333vvuu2/NmjXI2mCraMEicyRa/54ZAz4xfESYY2fDx1XQYH/Dgeyll16Kw1zsAGhJ1q47zz790PVf+vjo1vW2i89ntuLGZ5kTMft+oZDzkCTaYRBWJkXU5YlKJYSnWlHkRJaj4oqIxrZsxyrk87m8l8+7SCzznlfMeUXfbs35Xa3eos72jt6it6hV9eZVQQSuNwZiQ9lT6lSlXqEkvUwTmmujk+VvcO3atThqNB1acwU+nA9/+MMXXnhhUs8ehxt/EFJ8T+JPqOPPxMHHn7zfhcBj4s8RraqnoAqw1TmIP5kz19HR0WeeeQY6vvPOOx977DFsT7VHF4VqOTvgA6x+hihgC1/2spedeOKJ8Nqjjjqqp6fHLKobWzY//50vf3LrM/chc0ya9gdycDnbj49ZZ4w5y4mjShCWy8hldArhyluST92Sn6YQkVpWJDmp40TQdC4PO3axQ/i+k/eclpxb8PJFX1S+IGf1tLit/Qus5V2qOy8nQuS1AMR9hFIXKdWnq6lBc210svwNfutb3/rOd74zVzm9AZbz8pe//BOf+ERSzx4ZjT89eeXWO/5kxVzL5fKTTz559913b9y48aGHHsJhq3xac6rjQwa5LcCx7EknnXT66aefeuqpxx13nFf7O6UZxsd2fu/f/n71PT92RNwHykXiF38fChts2VYYToSSm3sWkkR5OKZ96SFEiplD7tji53NIHiFuF+Ju8XMtXq4VKs+5Hb7T5cW5Nlf1LlBL2lUH9iXznC1KvSb1nhmaa6OT2W8Qh1B/8id/smnTprnqEzYgsPT19X3+859fuHBh0pQxMhp/+haoxfWOP7NJLmoLDlW/+tWvvv/97//sZz/7ve99DwesEFChUGhQZwVQST6fx/Y/8sgj3/jGN/7+7//+Ax/4wPe///363MCs0NLa0toZy+nn3dKmvSM/O5Gsho+9Ui7HoW1ZvlY2wKL9RDp9QVqkokCuOpNJt+gx9WEgY+ajILJKsReVbbVtUj07rDZPyIh5yR/NL0DNZQ8bIbNn/fr16f4i+qGBqDIyMoLDj6SePTIYf2LEn61zEH/mTCs4VH388ce//vWvv/Od7/zBD37wzDPP7Nixo6WlJZfLmV6ARgfvQga5+f7g4ODTTz997bXXIvOF1+IAvaa/cWHbblfPYscpxPHBf4zyIxW+inGQPZvHunEgt1SBovVMfnwx0FerhdhT4kolDipxWJHr1fB8sZoM1cCo2jwkdzCT59+k1HDyTIRkm1tvvXXbtm1zbq6IKmNjY4899lhSzx46/hyRqfgTzlH8mQOthGGIzOuf//mf/+qv/ur6668fHx+HZD3Pa9xD1f2D94V3h/e4adOm7373ux/72Me+9KUv4ROY0SGfIr19Rzh+rpoS7pcXM0ctOOghlDul7PuxUGlV+LElo7p0qggLtUTlYYzUEAljECWjrJFFltEEgceB3DZlRKnBkgor+mpu/gIdaQBKpdLOnTuTylyDSLJ169ahoaGknj16+xYz/oB6m+uDDz74hS984TOf+czPf/5zSBYHds1xnDobsFe4rovD1p/85Cf4BPA51OhnkLu7e3P51ll4N9aYpmNz/kOUvZ+uGAFrGWQIH8QLEYuMJX2cmuuhfZjLUuwA0HhFhbYKfLk52a5JNbpLRaNa3Ad4LULmnPXr1z/zzDMZyf4RQ5566qknnngiqWePOsYfuWNTZuNP/cx1bGzs2muvhancdttto6OjTdP9e7DgXeO94xO45ZZb/u7v/u7qq6+enJxMlqVEZ++iBV2LXlTtPsHn776ogUTWJn/cJ7G+eacUZO9xQmWHsFhzz23pgYkCVETPMfLHstxmVPcMQ9myK+jbmVVsOeVRxrterySTJCTTPP/88xs3bpzboUxVkKOPj49v3749qWcPxJ/2OsUfN8vxpx7mWqlU7rrrriuvvPLGG2/ctWsXjlabtQd49uATwOeAnQRH8B/4wAfw+SQL0qDY2t7S1hUjEzwwWqe7sWfL3jG5kXTFIDs0qSNErBt0Xa5Nq4RREEYVEbqWdah/vEI6bvQpkHCrUoPm2QjJJtA1zBXzpJ4B4K+PPPKIueg/gyD+FBl/6mCumzZt+uIXv/g3f/M3Q0NDcBTIIllA9E4Ci123bt2nP/3pf/u3fxsYGEgWHB6O63f3r7AcZIUHTB4PH0kUkTFK94sIWHfCIEeE0KF6/ePGaIS+sZrOHCFuPQVIu5A2rtNdQ4RklCAIhoeHMxW4EEhfeOGF1Hu80oLxx1BbxWzZsuXv/u7vfvazn6FMW90X+GSQhX3729+++uqrn3766aT1cLCsJctWOk5+9mngIRPHViTD3i3oFhKXn7GAbkXiELqFSUYWiLhF6bIMEpedwFIVRwWhijeyZ5hkGRwV/Pa3v81In7ABEQOJeHbGWM1kruOPtti5jz81NLwf//jHH/rQh+AWhUJhfp5enT34fPApPfTQQ5/85Cdvv/32pPUw6OpZaDs+PnVL7qtZWyRxlCHwkjkiaZR+Gp0zSjYp3TLQcAy7LUP4kVRE3/pXo1QZhR1KbU6eiJDsgcPWzZs3Z+rYAOFifHx8xw7sOxllbuOPDGDKQPyp1Tv/yU9+8m//9m/bt2+v252JGh3sMMiOkSZ/4QtfOPxfRW7v7G3t6I3CCkQ0lT/WqotGOlygZvyTrhhLumikCmnLqY5AlB9XwrASYBWtaSgb+SRULkP4RpUawA6SPBchGeP+++/P4BgRxIof/vCHtbuc7zDR8adnnsefmpircdZSqZSpvpSGALsxPrerr776v//7v5OmQ6LQ2l5s77MkgYOUPH2Xy9qJW4YQxPJbFUoftcqBK8QdxJhUBTkjhB5bJq/UaaPuu6lYeKSqVFS0USlInJAsktnDA8SKzPYI6vjTP8/jT/rmCme99tprs3CrsAYFn9vY2NgXv/jFw+kf9n2/2N4ZYed7ce9DqUa7omSMWtCiaemlMQ0omc4Z3S4dNZI5QuOYy01UVMmVnplom1Jbk2ciJEuEYfjrX/86g6EMO/Zzzz03Pj6e1DOGx/iTurn+8pe/pLMePjjih7/i+PW3v/1t0nSQuJ7ft2iZ5eT0bxmaTo9afSPI/yQphIShYBGxtMj9PuWaM5E4WgIZDS+9NKJsGbMX6vMflj4FggCR0YsKyDwH5rBly5bpFpEdRkdHJyYmkkrG8Bh/0n3DGzZsuOmmm3bt2sXe4MPHcRykpf/xH/+BfTtpOhjw8I6e/sjy9R0+Y63vWgUICT06VZREUTJHnR1CwNL7YoWhJec8IiWTHhYvQ/XkenFLRWUt8fl+0TPJLNu21fYOeYdDpVK59957k0rGYPwBqZkrvumvf/3rjz76qO/7SRM5PJCj3Hfffd/+9reT+kGyoKPX81ugOa3sWp3wMEDS0i0ThvgjJfPHtEK/siyqRHJBNwoiaEhcxhRgclQZLaVabyEhh8Dq1asR2ZJKloCjYHfD8UxSzx6MP6mZ65NPPnnPPfcUCoWkTtLA87wHHnjg0O4j2tXT39bZDYHVvksLryBDFkS5cmYDeSTyR91JI0KPQxlZgGVJk84qdXop3TK2CioqHqe5kgyCI7CklEmyfPaN8Sed7wbv4T//8z8D+ZFbkibYeQYHB2+++WYkZUnTrGlpbWtpW2DFlh3LDTmrd7tOH/nxRU8Gweubj0Hd2KOQHAZQttFwaJnRehUZvIfVLC1uSzLaSN9QO87pPYSQbPHwww8jrGXznCssZNOmTUklezD+pGOu999//6OPPspBTLUAOzY+3scffzypz5pCobWzZzGUBx3pvKxm6o6TZ5akULpgoG99i0/pldF9M6J3Ebq5mjuUK8ywtr7vmBQ8pLk0V5JB1q5dewh5bX3AvoXMO7Obp+PPkqzFnwoqM+JPWKv4k44d/td//deuXbtorrXAdd0tW7asWbMmqc+aXL7Q07vCcnLI2OSLltSxZvrWCteD86TjBZN0vUQ6edQTCoFeihn0rXtmApkq2CGKyu5OnoWQLJHxmIbNy+ZRNUD86a1z/EkGDO8j/kirLC3PiD8x4g/MNX1SkM6GDRsOIfST2eN53q233nqwdzuzbKeze4nnFbSmnVS+6/0DnULccrdPGZWH5NHSapY7fMpNPmM4qyVpZWwl4g50r43To6zW5CkIyQwjIyM4Zsise8FZd+7cuW7duqSeMRB/OroXe15L/eIPYouOPwgye4k/ktnvNf501yj+pPCGx8fHS6VSZiXYBGAvgrOOjh70bUR6+5YUWjull6Q+na6x3Ds7RIqof/NfdJx0zUjSGMY4Zg0rYVQJsApWteWHKZSnCkuUlTdPQEh22Lp1K3a6zEY2bNjQ0NAzzzyT1LNHT9+SltaO+sYfGTQc6/hjvHYf8QfeOz3+1GQcbgrmitRpYGAg48PqGhqzF23efNA3mG7r7MwX2pDLyYiC2usbaWIgI/bgsJJBStoIscscCaKDBVEUIG+Ukx8Ki3U3kd+rikfVad8jpOnI8lFNe0dXrkXHH9nB6xN/EICS+KO7iPXgpt3jD45XA2XVIf6kYK7mRiE8cq0p+HgP4fRPS2t7a2efPFQyuTog0oWkjaPKWRAZBB9Jh4zuqwnisBJb5dgJQuSYSC9t1b5KuYuSRxNCmoiWtrbWzn6JP9rKas/e4o+ccN0t/lQk/sB7q/HniOTRaZOCuSLu01mzSbFY7OpbGlterCrKKkumVlscqNskjaYrRrJHPXoviktlFUzG1mRsB5FVweIgUl6/6j5Vn48hJHM4Gb4zvgGbl+UhVxJ/euc0/phpX/HHRfw5pXbxJ4UvxtwXI6mQ2oA0TDKxg8Ry3J6Fy2K3Ta6XjusxZB8bKWYaQBVQdISX1EeukAiyRrnULJSzHhNxUApUIVp4hsrVKm0k5DAZGBjI8oAmbFilUhkZqdVvfR8+iD+9/UuzGH/CUhAj/rxU5RYnj6wBKZjr8uXLe3t76a+1A4rJ5XItLS1J/WA49viXFNuXRrGt4joM2IP921DCFHJi1RT07yxaUHcclcpxZVLl1cJT7SPOqP0mEXKIPPzww9u3b8/soSHMFd6f5TsggmOOP22O409yBLt7/Il1/Fl8Zk03KYWnXrRoUVdXF95BUidpA3Pt6OhABpPUD4Yjlh55/Elnx8pTqna/poAE0Xz7yPFlpACyRi1r6FoSSVQlf9SpJOQ9EebD1iNzR12g/A79KEKyCLuFD58jlh01FX9qd/Znv/FHVxF8zKHsVPxZUYf4k8IX093d3dramtkbhTQBQRCccMIJ8NekfjDYjnvWKy5u7VwugpPMTpK7GuRrL8agWMbmySi9OJYbfgKkjYHun0ECWwo8u2Vp94kX2QuOSh5ACGlSJP688qLWrhUhAsGcxp/KjPjTUfP4k8KbhLMef/zx/Jm5GiEasaxTTz01nz/Ei0EXH3nc8adfWLG8KIbGoPBIFJ7m6HPkpNVnS5JHc0eUMLIi5YaxLSdcIlUOY6e4bPnpv9uy+KWpbgAhJKMsXrHq+Je8KkPx5yWIP2fUIf6kk0FcccUVCxYsYM9wLQjDcNGiRccdd1xSP3g8P3f+71x+zEkXWFZOxaEVV2xV1netrgnIFFVYQfYYyqh3THEYI2ssBUHktR258uwr2pfDWQkh8wKJP6++/NiTXmVZfgbiz5vbV9Qp/qRjrl1dXZdccgl7hlMHh622bb/61a8+8sgjk6ZDYtHSlW98y5W9i08Mo7yyHbkeDLlcrVI3K5JLtjHhdSpWVFLRZCVw3AXHrjr3bT1HvawOOSMhJDssWrbyDXMdf5wFxx13DuJPPY5ZDan1fV922WU8eE2dIAiWLl16xRVXHP4NsJYcedz5F7/VbV9eDnKR5ViW3LSpRkTK1fc/KcVhUK7YQbRg8dGvOvu171l4NI9ZCZmPIP6cd/HbvTbEH7/u8af9iJWvOue171l0TF3PRqVmrm1tbf/jf/wPeAAOtpImctjk83lkLYd2Ec4e2Gec99rXXfGu3mUnRioXxfimUtHZXr5uGUMQVcIwqISO37by+DOvOPd17+5Zcug924SQBsc687yLXivx56RQ4o9dj/gT6PhzxptfLvHn2GRxvUjNXG3bfu1rX3veeedNTEwkTeTwqFQqZ5xxxute97qkftg4rnfeqy5925V/cco5l7m5HjkZIfeutiyRAYQuQ+q0WENd1qMP9P/pk9ymWC5Zw/qoYf2yPrUhD5FLyWQlPFspCMqlaMFRJ1/6+t//4LmveVu+jT8qR8i8xnH98y689G3v+dgp51zu5nrTiD9YZy/xx5qKP0eefOmlb/nguRe9Ld8+B/EnNXMFuVzuXe9618knnzw5OZk0kUMCR//lcvmss876kz/5k3SvtLNsZ9lRJ17xRx+64PV/VGhfFkduFJbjGN9XGFluHOenrvXG3FUxJseJbVsmC3OUlRUpq6R3AKyWU3GrFeWtyLVF1lEQlYM4dPN9S4698A1v+8gb3vpnS1ae7Hi55OUJIfMYiT8rT3jzH33wgte/s9C+/LDjj79n/Anj0M71LT72wje+7cNvfOufLz16zuKPXAmUFDU4AD3M86Zbt27927/92yeeeAJemzSRgwHfCI5Zzz777D/7sz/r6+tLWtMmCsprn3r0kfv+e81Td+3YsiaujDu2Z1t+rKBdyRktUbkTq9BCeignSLBdYvOY6aQRM0gf+kZBbhERRq7yWts7+45c9ZJTznj1ymNPLi6o9z0iDl+9ZG7J1Df4r//6r9dff32hUJPfI0uFiYmJ3/u93/vTP/3TpN44mPjz8H3//cyTd+0YmGX8weNQkgi0r/jT1tl3lIk/x51cbJ/j+JO+uYItW7Z89rOfffTRR+mvhwCcFces2GH6+/uTppoRReHG9WufeuS+1b+9c8uGx8sTg5boNrRVZCnbgrgtB2qQcfNWFKPNsrEcisY+EKIxlmF/yi20dx2xaPHxy4897ejjTluyfKWXn5t4RHNtdDL1Df6f//N/vve976U04qEmwFwvv/xyZOFJvdFA/Hlh/bNPPYr4c8fA+sfKEzt2jz84XkX8sQ4Uf/JtnYsXLTn+yGNPO+q4lyxdflRG4k9NzBVs3rz5qquueuyxx+CvGb+FWHYwx6xw1ve///09PT1Ja13YObhtw/o1m9c9+ewTD23d+vzkxEh5ckJFSBMlc7RUyYqjyILWPdGMdNDkc4Wutva+lUefuPjokxYuO7q3d2GxbYFOJOcMmmujk6lv8P777//85z8/MjKCrUqasgTCRRiGf/AHf/COd7wjaWpYhrZv27hhzcbndfwZeL40MVqaHId72nvEHzlmlfhT0PGn96ijT1gq8eeY7t5FrW3tmYo/tTJXMDAw8IUvfAH+ipfgT6kfkCAI8OGfd955V1555aHdRjgVKpPjYyNDW7du2jk4OInEeNfI8PC2oe2bw/Jk24KeBT39C9o6/UKxpbW9t39xZ2dvvrXdtrPy5WYqNJNDIFPf4LPPPvupT30KcSyb4QsflO/7//N//s+LLrooaWp8ypO7EH+2b90o8WdyYte4xJ8d2zdHFYk/Hd39bW2d+UKxgLy+b3EH4k+x3c7Mt1M/cwV48uuuu+6mm24aHh5mF/F+KJfLfX19v/d7v/emN70pacoMcRyFQSAZEsTh4sg1u9BcG51MfYPPPPPMpz/96a1bt2bZXP/0T//0Na95TdLUjOCQVX7VNI5diT+ZvsnuDPXWtrvDsqw//MM/fP/733/qqafiA5ph5ATgywCnnHLKRz/60Qw6K7AsWKrv+bmMOyshpPmwJKX3kEZk3Fn3pB7nEs4///xPfOITOCyDsUsOwmMLDT6HSqVSLBbf9a534fOBvyYLCCEZAAcDGT8ewOYxnGaWOp2o7+jouPLKK//6r//69NNPLxQKpVJpPmsC7x2fQEtLyxlnnPGxj33siiuuOLSfkyOE1I58Pu952e2tgbPmcrkFCxYkdZIxanvOdU9wrHbPPffcdtttDz300Pj4OA72kwXzhnK5jPTizDPPvOCCC8477zwOpU6RTJ2xI4dA1r7Bj3zkI4hU2bRYxNITTjjhmmuuYQzJCDPUW29zNUxMTDz88MM333zz3XffjZcz4wWaWCL4kIF5p2efffbrXve6k08++ZB/n5XsC5pro5O1b/B//+///cgjj2TWXI8//virr76a12JkhEyYqwEWu3PnzhtuuOFXv/oVjucAVIINaBqXxWdrzjHjAL2tre3yyy9/xSte0dHRkeV7vjQ0NNdGJ2vf4F/+5V/ed999mTXXk0466fOf/zzNNSNkyFyrbNy48f/+3//7+OOPP/fcc0NDQ3BZ13UbWjHwVIC3sGjRoiVLlpx66qkXX3wx/DVZTGoDzbXRydo3eMcdd1x11VXYlzOY8eODQr5+5ZVXJnUy12TRXA3YkkcfffSJJ5546KGHNmzYsHnzZiSM8KcGOpA1h6pBEPT3969YseKUU0552cteduSRR/KkSH2guTY6WfsGb7/99s9+9rM0VzIbsmuuVXbu3Ll9+/ann376sccee/DBB3Esi60y2wmJG8yacws2yYCy2aRcLnfaaaf9zu/8zsKFC3t6ejgGuM7QXBudrH2Dq1ev/uhHP1oulzMSc6aDD+qyyy774z/+46RO5poGMNcqOATctWvXmjVrHn74YRzOwmVRnZyUu/JB666+prieh7b4ZAA+MWSy+KCKxSK2AfO2tjYcoZ5wwgnHHHNMPp/nvajmCppro5O1bxC2+va3vx1hJ2vmiijk+/5XvvIV5PFJE5lrGslcp2O2895773322WdxUIvy888/j63duHEjpI8CXBZztFcLhwms3bwo5ijjY+nu7u7s7IShLlmypLW19eSTT+7r68Mc62QwsZ2HZFa9ZJZk7RtEGv3ud797y5YtqYSUFEFQam9vv/baazmSIzvMUG/DmOuePPPMM9hazEdHR7EP4AAXBbwduO/27durOwNsD3ZryvsHb7z63lGAa8JBUcB81apVaFy0aBHyRM/zli1bZlYjmaKB1Ev2Sga/wS9/+cs//OEPTT9ZdsCndOKJJ1511VVZ27D5zAz1NrC5zgDHr+VyGW9neHh4ejfOjh07HnrooeqQBPN+q0tRRRlvGZZ5yimn4NjUtIOenh7f97ECFhWLxaSVZBiaa6OTwW/w3//937/2ta9l0FzPOOOMT3/609VQRuacpjXX/TDjPe4LyrTRobk2Ohn8Bu+6666//uu/ztq95CqVyh//8R9n86c+5i0z1JutEwk1Aq45G5K1CSFkimXLlrW1tc0yQa8PpjuNP/WRceaFuRJCyKHR0dEBGwuCIKlnABwe9fX1tbe3J3WSSWiuhBCyT3CMuGDBgkwduYKWlpZ5+KsnjQXNlRBC9gk8bNWqVZVKJalngFKpdOGFF3Z2diZ1kkloroQQsj8WLlzY29ubkZFWOIYuFAp01uxDcyWEkP1x/PHHH3fccRk5eA2CYPny5ccee2xSJ1mF5koIIfsjn8/39PQklbkmDEOY6+LFi5M6ySo0V0IIOQAnnnhia2vrnA9rMhfh9Pf389LB7ENzJYSQA3D66ad3dHTM+WlXbEBnZ+c555yT1EmGobkSQsgB6O7uPv7445PK3IEj1yVLlphbnZOMQ3MlhJAD8/KXv3zOu4Vt26azNgo0V0IIOTBnnXXW0UcfPbc9wy0tLbyfcKNAcyWEkAPjed7FF188h/dBhK/39/fn8/mkTrINzZUQQmbFihUr7Ln71fRKpXL55ZfncrmkTrINzZUQQmbFMcccc8EFF0xOTib1OgJnPeGEE04//XRehNMo0FwJIWRWFAqFV77yle3t7fU/8xqG4Ste8Yru7u6kTjIPzZUQQmbLKaecsmLFijqfecXLHXHEEVm4FojMHporIYTMltbW1rPOOsvzvDpflnPmmWfSXBsLmishhBwEr33ta3EcWTdzNXdluvTSS+dwLBU5BPhtEULIQdDR0XHJJZfUrWcY5vryl7985cqVSZ00CDRXQgg5OC6++GIYXh1+hA7O2t7e/oY3vCGpk8aB5koIIQdHsVh84xvf6LpuTTuH8eTgve9974oVK5Im0jjQXAkh5KA5/fTT3/SmN4VhmNRrAI6ML7zwwvPOOy+pk4aC5koIIYcCnK+vr69GJ19h2+3t7RdccAFvydSg0FwJIeRQOPLII//8z/88n8+nfk+JOI4dx3nnO9+J4+OkiTQaNFdCCDlEzjzzzN/5nd9J/ZaEMNeXvvSlF198seu6SRNpNGiuhBBy6Fx55ZUXXHDBxMREUj9syuXyihUrPvShD9FZGxqaKyGEHDq5XO4P//APjz32WJhi0nQYVCqVI4444t3vfnd7e3vSRBoTmishhBwW/f39H//4x5cvX14qleLDuDgHD+/t7f1f/+t/vfSlL+Wv3zQ61gwp2LZd/x98ICQVqN5Gp6G/wY0bN37+859fs2ZNGIaO4yStswPvGo865phj3vOe95x22mlJK2koZqiX5kqaB6q30Wn0b7BcLl933XU33XTT5OSk53lJ64EIgiCXy11wwQVw1ra2tqSVNBo0V9K0UL2NThN8g3DKu++++/vf//7jjz+Ot2NpkmW7g9gL8H4XLlz45je/+aKLLvJ9P1lGGhCaK2laqN5Gp2m+wfHx8VtvvfX666+vVCpjY2MIs3hrAItQDsMQjlssFh3HueSSS970pjd1dHSYB5LGZYZ6aa6keaB6G50m+wYnJycfeeSRW265ZWJiYnBw0Fyu47pub29vS0vLK1/5ypNOOqm7u9usTBodmitpWqjeRqeJv8GNGzeOjIygkMvljjzyyH31FZPGheZKmhaqt9HhN0galxnq5XWuhBBCSMrQXAkhhJCUobkSQgghKUNzJYQQQlKG5koIIYSkDM2VEEIISRmaKyGEEJIyNFdCCCEkZWiuhBBCSMrQXAkhhJCUobkSQgghKUNzJYQQQlKG5koIIYSkDM2VEEIISRmaKyGEEJIyNFdCCCEkZWiuhBBCSMrQXAkhhJCUobkSQgghKUNzJYQQQlKG5koIIYSkDM2VEEIISRmaKyGEEJIyNFdCCCEkZWiuhBBCSMrQXAkhhJCUobkSQgghKUNzJYQQQlKG5koIIYSkDM2VEEIISRkrjuOkqLFt2i1pYKIoSkqkAWH8IQ3N9Pgz01wJIYQQcpgwTySEEEJShuZKCCGEpAzNlRBCCEkZmishhBCSMjRXQgghJGVoroQQQkjK8FKclLEsKynVGH5xhJDpMPhkCpprykDfdfhI6/MqhJAGgsEnU7BbmBBCCEkZmishhBCSMjRXQgghJGVoroQQQkjK0FwJIYSQlKG5EkIIISlDcyWEEEJShuZKCCGEpAzNlRBCCEkZmishhBCSMjTXQ+Hss8+2LAvzpE4IIbXHRJ4qq1evThaQ7EFzPWgGBgbuueees846C3OKmxBSNxBzMI81CEGrVq1CODKLSNaguR40d911F+bf/OY3Mf/5z3+u2wghpK685CUvwXznzp2mSrIGf9/goDn77LMh6y9/+cvve9/7vvKVr8z4AC3+MAUhpDZgx8fc7PvTywYGn0zBI9eDY/Xq1ffcc8873vEOlC+++GLMzYEsIYTUB9gbQOEHP/iBaSEZhOZ6cJh+4KOOOgrzc845B/PrrrtOFhBCSF3AgSOAs15++eX/+I//mLSSjMED/IPDJIwz2LJlS39/vyljhTp8pPV5FUJIpjDxx+z7AwMDCxcufO973/vlL39ZL2TwyRY8cj0ITA8wEkZoy2C6ZdgzTAipM88++yzm5uQUySA014PA9ACb3mCDKV911VWmSgghteOss87CHMeO4Nxzz0Vyf9lll5lFJGvwAD9l6tNnUp9XIYQ0EAw+mYJHroQQQkjK0FwJIYSQlKG5EkIIISlDcyWEEEJShuZKCCGEpAzNlRBCCEkZmishhBCSMjRXQgghJGVoroQQQkjK0FwJIYSQlKG5EkIIISnDu0SmjLW336SrBfziCCHTYfDJFDRXQgghJGXYLUwIIYSkDM2VEEIISRmaKyGEEJIyNFdCCCEkZWiuhBBCSMrQXAkhhJCUobkSQgghKUNzJYQQQlKG5koIIYSkDM2VEEIISRmaKyGEEJIyNFdCCCEkZWiuhBBCSMrQXAkhhJCUobkSQgghKUNzJYQQQlKG5koIIYSkDM2VEEIISRmaKyGEEJIyNFdCCCEkZWiuhBBCSMrQXAkhhJCUobkSQgghKUNzJYQQQlKG5koIIYSkDM2VEEIISRmaKyGEEJIyNFdCCCEkZWiuhBBCSMrQXAkhhJCUobkSQgghKUNzJYQQQlKG5koIIYSkjBXHcVLUWJqkQkijEUVRUiINCOMPaWimx5+Z5mrb9owWQhoFxGWaa0PD+EMalxnxh93ChBBCSMrQXAkhhJCUobkSQgghKUNzJYQQQlKG5koIIYSkDM2VEEIISRmaKyGEEJIyNFdCCCEkZWiuhBBCSMrQXAkhhJCUobkSQgghKUNzJYQQQlKG5koIIYSkDM2VEEIISRmaKyGEEJIyNFdCCCEkZWiuhBBCSMrQXAkhhJCUobkSQgghKUNzJYQQQlKG5koIIYSkDM2VEEIISRmaKyGEEJIyNFdCCCEkZWiuhBBCSMrQXAkhhJCUobkSQgghKUNzJYQQQlKG5koIIYSkDM2VEEIISRmaKyGEEJIyNFciWHqa+rvbZE1NekVCCEkZE2uqMWf61Ljxx4rjOClqbNue0UKaFejVVm6s8HUHSLJiC2Kw4kTTRgNYQbm6GkhLFKlMi8OyrAjbSBoWxp/5Q9PHH5rr/AWalRn0LHM7tm0rgroj+fotqNgki6ihJAVpgdRFHoE0ZA+aa6PD+DN/OFD8kf15b/EHO3goDdmD5kqmYU4LRK6jbEe0jO8+gDowiail0XFVGKgAwo5irO3rhWX9sMxBc210GH/mF00df2iu8xqdGSJtdPDXxfeO1DFOlG2woW9LhVA9KuZgNkbqmFGF0FwbHcafeUVzxx+TOZD5jK1iR8U+8kRUkD3alnJs5erJcSKoPYq8OPLjGIEvq7omhDQkTRt/eOQ6HzCnLqaKYKqGjLGj6CzsKqxY3Lq0p7WjWPA913Mcz4W+HYgbAhmbKG0cGH3i+dHnBkZe2FEyD8UuoJ9FnwfBHgHd75Zxzg08cm10GH+akf3FnwVFZxHizxHFpb1tOv44nuPq+GO7thVPxZ8nGzD+0FybHRkUIF8z/kZSdKxI5exwaW9+xdLO5YsXrVjSunxhfklvS3d7R0c+3+o7Lb6X8x3lu8p1lAcRRxPB+PadE8+uG33w8c33P7T2gae2rR2YDGPLU6rsuFYc2pEbq1B311i2Hm4wJxZHc210GH+ajdnFn8W9LT1T8QcGm99X/Hls0/0PI/5sX7tlMlRZjz801ybGURAyUjoQQqOuUpWiZS/rLZx5+pITT+rt7ym0F1qKeavoWAXXy7t+3nWKnip6XtG3LU8rO2+rHITuqJynfB8CGZ8orVsz8P3/vPe6m9asHSyhxbJDkUzsIJ2M5PwINC51vQ11heba6DD+NBEHij/dhfaWQ4o/T2+58Yb7vvWjNWt3ZDr+0FybF8tRsa37YZDShZDr4p7cS1b1nXbyov6eloLn5j3fd6285xZcB4eq+Zxb9Jyia7dA3K7t+rZo2reUFHwtcUsVXJF73lOT1lP3br7++rv/86ZHVw9WYhd5qWNH2IWCSHJVfVla3aG5NjqMP83D3uLPaav6XpJe/PnO9XffkOH4sxdzveiii7AGwCIzD8PQtACUgyCoVCqTk5MTExNoSR55eJjnmb4xKJsqtrhaBtU1p4NGMzebatZsbvCxYI53bap7YkPbkWPFUGi5u8NZdUzXicd0LerpLObsgm/l/Jwr3S923vEh9IKvWvy4KEKXaqtnS8+w58oEceeVymmVu8gfbVVAOimKj0ft277/wL986c5f3b9x3IGwXFu6ZEL9BczBt0BzbXQyGH9MuVrAmtWIVAWNZo5tQ8Gs3NwcSvw5umtRr44/OSvnVeNPruA5hxx/br1R4s+vH8hi/NmLuW7bts0IxYBGI240omCAhkqlEvRtVjjgB70n5iHAPApzg3mh6XMsRcGAl0YL5tWqmQOzy2GrxsfHy+Vy9fmr4IEzGtGC9zs6OopHmZerPuGMp8UT4s2OjIyYNfd8ntm8nAHtZm4KBrxcdW7aqy2mgC0xc1TNHNuDbUPj/mm1rWOXt524atGivpY88j8IuuDlcm7Ot30fCo7yTr7F9Vt8twUSdz3M857TKnZrWz7E7SnPUnlLixtyR1WpvKt7aWIZ1af8jb9d/7kP3XjdrzftRE021tGvLBtcZ/CBm4+LNCgm/uBLxF6Aufk2jeDRgoJhRvw5BKr7puyH03ZJ80LVOTCL8KKmOh3TaLYH8+nxRz/3gcFmjI2NmahSfYnq04JqWMObrUaqGYFlzxaw10aAdjC9gNXwciiYuWnES6Md82rVzKubx/izJ9VP0rAXc52+uBERyez+pvaP0Yp5SPWx5kMw7QAFADFhjnajWrPmXhU8HaxWXR8F8yhTxbOZeRVUjaCT+tSuC6oF7LrY34aHh7FbYgXzbHtgu7a3c8f6x+77SXdrsCDn42u33dgruPmCn8/5ed9D8lhw3Zzo2Mpj8twWV0vcc4q+iyzS9pAeYrKU6+vTHkgYkUJC2RB6rBNJR48qyG17fOOn/uLmnz0axk7Z3MFsTsbMr1u3bt8fCGkAGH+qoGraAQoAe71pTzH+gGphBqZ9//EHjdOffKqAueM63vDg+sfu/3F3a1in+PNIELsVK0L8wUboN1lfZsSfJjRXYqiUJm656Tt33vaNeNeAJfmeb0OoSBsLXh7pYs7JeaLvnAtxI1tUBdcp+C7kXkTy6Dtt0LbnyNkOZI7SCaPFLadAkE6aFmjdXAAuqWI4tmis/IrI7tLChsEelrqrO6qpzpKuri6qt6Fh/GkadPy5/s7bvl6/+FM6P3K6U4k/h8aM+ENzbU4mJ0Zu/tH1d936n3Fpm2uVlOVGynOs2Ms5fsEv5N1czkbOmPOQQvp510a2mHetFt/XnTM25N7qOTkZswdxQ+LYNfSAghwk7sjV3QVbt1vKgYghbqiooNRJSp2nVEuyEXWH6m10+A02B1Px54a4tHXexh87+UuaiNKu0Vtv+tbdt30zLg1Ah7HyI+XEKgzjKIqjOI50QbpvUQkjK8QyNCL7i+UmnqGywihGWS5Mk9wrlkIUyw20paCVbO5IJmWIGyUIqaLUE0o9nWwEIWReMi3+bKl7/FmTbEQGoLk2G2FQ+uVPb7j9F99Wk8gZ5SRNrDwV27qXBHlVGEHkEK+I3MIytMSRSBcpVyBnWUTWEG0Q6VF3WCB1c+WYnpuytOuHJRoP8MrYrZR6VKkBvSGEkHnHXMefR7ITf2iuzUUcP/Hw3ff/942qvMO2crHKyegCkR30B2wIWrJH+S+ihT5F/ZCrFmocBZJCyjqo6uQRE5Cc0TyNFroo2yhe7wcygEnyTv0qW7W/ZvQ36QghNUTizz33316NP/58jj8016Zix7ZN/3Xz90Z2POvYTmx5sWWLAGX8HP7KDydCyCJs6Y2RMYqi82TSqaSINqlrlUtJUkot9qkCNGyqU1oXcXtTZz7KOnPcmWwQIWTeoOPPd0cGq/HHmc/xh+baVDzy4B3rn7nPhadarlEfdIdJsPTZCcygcuhdlB1KRohyLKc9MA9iR+eSujFEXqn1DikniaV+PvOssqOgoOd4gGDmeJEd7BkmZB7C+DMdmmvzsOG5p+7+zQ/syoQlt/E06jOCexHJHJEQyqV1okk5+aHTRKSI0j2jU0jkjAHmJj+U59CyFsnr0yBJGUnmVEfNi6+FCZSUekGpSV0mhMwLGH9mQHNtEqDXB+6+bcemh5ExWgqZo9HZTIyCkfHhjygaOaF0vSSalrKKAy1xUW+Esha50S3yRPyBvrFMqphD5fKkZtnUShUtbuSPhJB5wSHEHxNtmjj+0FybhKHBrWufuNcOJ5XlRFak+2CS/pjpWBa0KgP0YsgfKoWakUomEpeyRtJI01eje2mk70ZEK3MjaMxlgR5WoLWun3vqFVGFsqFvo3hCSJMzNLjtYOOPRA4dc5o1/tBcm4T1zz09tHWDUoXAgrDNPQj3Im7oD2KV5C+0kCtKuij6NGoWzWMKVFyR8yFyZIt2WUOkrLVq+mFQloKepKyFLiXziphjcSZ6ZgghdWD9c6sZf2ZAc20GIMIX1j1Znhi27JzcWVNEt1dlQ4SQIOYQLWQsusWDddU0inSNpvUE3UuCqUUsD5S5HnswpW+UUdDV5BX1ajLfjnRWlwkhzczM+GNlJP7M8ZhhmmszUJocH9qyRgW7LKviWJEdezIiL9HZbpg7d0O2oVxShtwQ4oR8IWcgN0zRKpe+ljDUk6xrboaiNW06YUTWaETVUgHmtvxwo8gcE5BdQalRfc0ZIaTJmRl/olnFHz2OqabxZ47HDNNcm4GdQ4M7tm0R4aICze2TZJGIOYSag1jG7cmAeChURg7IQD6tc0keoWzsAWLCsejW5IxYVV/+bbSO15KyXrrby6JS1j0zE0kDIaRJSTP+GA4q/uBZMxl/JI9IihreOLsReerR+67/l78oj222bMfkhsmC3RANml+QsG2V8+VHiv28n8t5OblrtvxIhe86Bc/L6x9TlJ9/khtq26gWPdf1LeVN3Swb85wrBV+35PB0ul1SNUtPKOHlepS6RKkl+tXrAdXb6NTtG9yyZcsDDzzw4x//eGRkBLtM0joXdHR0nH/++a95zWu6u7uTpkZD4s+X/qI8yvizm3pprs3AEw/d890vfaS8a6ttu0nTXpgmbhX7vpvLuyJuTBC6a8kvVHiOr39hUf+qol10XcwLuoodQOTrYq5/7MmHuKtCt1QeKrfl8rZE2eZuKb7+kYqX6cZ6QPU2OnX4BiuVyqOPPnrNNdcMDAw4juwOc04QBF1dXW95y1t+93d/13X3swtnFMYfwwz1iteTRsf1PNeT3zbEvxn9I9MwCpOl0p8CFST3SZGZHj6gK6YqxNJJEyv8D5LRBWZMvD7tkRTMpLtlRFTVlwh0uYIjBPYMk0xxxx13/MM//MO2bds8z0M0zAK+7+MA+tprr/3a1762j8O+TMP4s1dors1Ae0d3e2cfZGlFlr7CLNRnP4zUpqNb5OS/GQ2PR+j5i/qWsxjYvY2A8RwoyFoQroyGnxoQX1WznAKB4k1Bn//YDSwYVGokqREy1zz44INf//rX4awZOWatYlz2+9//Piw2aWocGH/2Cs21GSi2dRQ7uqFOFbv6zENZ63hPcYus8SdWdiQTSpIox7EdywkCiFF2Cpnkv9zzU3QrI+vjEA80C0TNWvgoYG5UHsoOZXYbPaGAVhSgbCSPhMw9YRj+5je/Wb9+PY5Zk6YsYc5W/vrXv169enXS1CDUIv7IXSbSiT+b9UvPAdgI0vDk84VisVtZSMahMigOhQN8sxC1SRf1f3PNGaZQX7mNZ5HLuwMZvoeGOMAkySREDlnreahvS5Y0mhaTbYrqpyZsw7hSz7NnmGSBjRs3Pv74477vJ/XsgePpnTt3PvDAA0m9QZiKP26K8Qd/U4o/6+cq/tBcmwHX8zp7FlteQX7JXxrM+Xxd3AdVbet/Om1M6nqCzGWGuSVy1yubJFMmkzlKzqiTUyno1zKLdEmnjbKSvtqMd5Mgc8/AwMDatWuzPGIIB6+Tk5ObNm1K6g3CVPzJM/5Mh+baDGCfbO/sc1xfn/GAqvZ54+zdgHTln6hZbpYtuR/0WdW3PiciqaH8kWu1jXaxkgGvIC3mnIeRONY2y+SZ9ITdbEz3DM9iewipJbZtZ+1U655gX8Z2JpUGgfFnr9Bcm4S29k7X96M4gNJ1g5HX/tBSFBWLsKVzxYrlKm6Re6iMmhXEL1UpyFqi5lj0rjthpiZp1C9o+oTkZaErbAaaUCjrnhneZ5iQpoXxZ09ork1Cb29/odgrpbiihWUkvldEgAZ9sgOalqEBSBcl+UMhtmU0gbKkTwZziFTOaEg6mewyZi6a1i0iazlP8mJjouzqqlv5C3SENDG9fYcZfzBvtvhDc20SWjs6vPyCKIaqgqlRc/vADJO3RNOSNco9yPAXCtaXnUkiKNkktKy7ZeQiM9RExjLMQMs1mSSflLkUdq8mmgZmPqbUxqkyIaTZaF1wmPEHQSbd+GOYy/hDc20SCi2tXd39se3sL2XcHcnxRLeiZ329tgzMi2UuBS10Oe0BWYf6ntoB5C3axUP1IHgIWjStZV3tq4G+ZYg8NmK6tAIt7lJSI4Q0F9mLP9O3Y27iD821SfBy+b4jlinLj2Nv9l+raNLoWf5IhwqELsqWJXLyA2XMkVwifzRnQUTWRuKSCOIxumDK+inlWRJhmz9ox06wQ+ePhJAmpBHiz6iu1g+aa9NgdXT2WCJue+pS7AOCfBAJHxSsu2Eg2iRdNI2ie0kI5T+eUfpwdOZoJqytM0Qp6wF7JmGUsta3fn49NxszrtQ2XSWENB/Zjz/bdbV+0Fybh75FS/KFVlG2SEvkZtr3hRad5I1ybgNiRooIGeucEYiy9TK9VCpQdiDppCxPJC5j9swc2aE+51Gdkg2Avs00oS84QyMhpAnpP9z4IzFl//GncuD4o3uGsxF/aK7NQ+/CI/Jt3VrSjtbTAUCmp+TOJxCuYxQr4/S0tCVVFHHK7cd0P43IFWUtaVlP7xdaqVOPTMT84nz6BqCM1hc4ZpiQZqXncOOPdcD4I2HGRBt5rCzcI/7Is2Yk/tBcm4dCsau9c6EoSXR1YHFjHT3qXbLCOBA1i84lh5SizLWAxVCV/sF/oNeVcXuSYkqTLDbK1sabDDEIdFUEjQmYwk72DBPSrDD+zIDm2jz4ufzCxctjpI1yPbZR1QGRVDGSUXhauRAqRC4Crs5lgfTMyHJ9KzLRs04PMYmmtY71syQTkkyRuzyXfonqqhP6gjMInxDSbDRC/BmoZ/yhuTYPjuN2dvUhZZRrr0VPswKahbbDOJCLzYx2ZQ5VQ6WieohRNK3ljpZAS17ka0RrdCwtpmoGFOBZ9KJkM6ByTGX9CxXjuoUQ0lQ0QvzZUs/4Q3NtKrq7F3m51jg2nSMHBPuBCED/3pMlYk5kKw9GRRSNqv6LZ5TTHvrO3Cho7WIue5IWtE4SjazRjrW10qVRQMEobVCpBrspOSFkljD+TIfm2lR09fT7BYhbpKfldkBsrCgZofmROUySM+reF8wlcUQzRIsq5raUTasoGzo2UyhnQYz2UZW51rfsX9WtgNJQ3qWHFYj2CSFNxiHEH337w+aMPzTXpiJf7MzlO+Sqa8uOD/zlRsoKIDnpipEdwoLCUZH0UeQrt/fUtyjDZMtc55BQbCjtU8qWB2sdi6bxQJ1FmqqIGzKHpjGhgCnQp115NwlCmpBDiD9W88YfmmtT0dLW1t2/RLQ0229WFCuaRDooGSHyPydMMkTpjdG3FCuFcTmKMa9AyFhP98zgkNdVkaMiV4WWpI1ytZnOIiUxNHmjrD6talQ+pG9FRghpNuoVf3A4u9f4I8e/2Yk/NNemolAodnb3RfpMxuyQ/UDkDSHrzhhkhVqVaJBTIMgZ47AQx24cO5FyYmVB1I6qWMgyJTe1FTJPPIeUUYDWbckcRe6Y8ETYEkyOThvNy40r9bzWOiGkqUgt/kjDfuIPjnf3Gn9gtxmKP7P/FEgD4Hjegu5+y86bkQIHAlJ7UdySKoqukf0FVhggdUSLnASJAwi5FLtjFbVjojKwK35hTK3eMfnYC9seW7dh3eahwR2Tu0aDymgYj0WqDOU7WtaRCnTmiHRUMGo2nTPb9TVnhJCmIrX4E5n4gyPS3eLPYDX+DE4+ugHxZ32W44+F95UUNbZty3siDctD9/7yxq99qjIyZLtI52b5Vcaua+dyrp93c76Xy3k5z/Fd3/XyjmPHUak0MTE5MVmaDCqTEKwTWnJjFWSZrmu1tba1tbYUW9wWT3W25roX5Do72zsWtjvdBVV0VS7Ud2sx+aPZ31BvU+qVSp2oq2lC9TY6Nf0GH3jggY985CP5fD6pZ5KJiYnXv/71H/zgB5N6o1Gj+IMIVDbxJ7ZDW1XEipP409paKLZ4xezFH/N6pHlo7+jO5Vv1yf2DQHfDiDAgxjB2SoG9c7y0ecuWNc+sfeLx555a88KzGwY3DIxtGqlsGR7dPjQ6NLprVNRujUyWBsdGt+wc3bRzct22XU+tH3509cDj96/beu/GymPb1eaKmnSVwmR6ZqA8TLv0gHj+Ah0hzcbhxh/LTeLPWGnz5hfjz3PV+DMyhvizc1r82TE2NjA9/jw1Lf5sQvxB5Jmb+ENzbTZa2joL7X16NPqLOdS+gexMz4ylZe1NloOhodGBzds2b9i8dWBoZDiYqNhh7MfKjx3bsmPb8Ww7byvPgXiwN0SxFceOnPqQ/SNUcTm0RietTYPjLzy3beS3G+JHBtSWkr4viuSQU/oeUGpYbwAhpHk43PhTqiTx54XNW7ceUvyJpsWfhxB/tkr8qeBF6h1/aK7NRlvbgo7ufp2mzSJ3lJHtwJKcsRKWdk2M7xwaGx6amCiHsRtbvrIdyFYTy6ABfb23wo4gg+GjKAwj+adkqF8so/1kUIIUoHl7MvbGK255YEw9uUmtHlQ7y1rckBxedIe+oJsQ0lQw/lShuTYbhZbWltbO2MY3Owtxy9C8ZLUgCCrlchzaluVbFrI8gEVG/XsFOpYxCFGg5yJotGihR2GAWRQFkVWKvbhsq62T6tlhtXlCRszLeIMJfSsyOZ4lhDQNGYw/EeLPtjmIPzTXZsO23a6exY5TiGd5j5TpyI9U+Cr2dIp3QNw4kDRRckVJGCVtDETZcYg9Ja5U4qAShxV9jxUknGoyVAOjavOQ3MFM2MSeYUKaDB1/lmQq/sh44bmIPzTXJqS3b7Hj56op4X55MXPUgoYeQrlTyr4fC5VWhR9bse6YEUHLL2FoqSM1RMIYRCrEMp1FlqXjJlZxgNxSjSg1WFIhcsYd/AU6QpqP3r4jGH8AzbUJ6e7uyRXaZjFcD2tM03Fsa+WiZT9dMQLWMkCrIl4jcIAMMplbUeTIPIwCyF3kX1GhrQJPLvHeNalGd6loVIv7AK9FCGks6hh/JMJkNv7QXJuQzt5F+leLD6hupIDuixpIZG3yx30S65t3SkH2HjdUdgiJ694Z6ZmJI+mqET3HyB/LcZz0zEDZYsX6LmUVW055lCeVWq8kkySENA+IPwvqFH+cLMcfmmsT0traXmzrjmd7k5QZ7Nmydyw9jE+6YqYG7UnfjJLM0dSh8gr+hFFFnwsRWYf6xyuk40afAgmROW43z0YIaQ4Qf1oaI/5srWn8obk2Ibbrd/cvtxxkhQdMHg8fSRSRMco4gkTA0DdapXdGEkk90AD6xmoypE/EradAqcqwvs8nMlZCSJPQOPEHh63rahd/aK7NiGUtWbbScfKzTwMPGfllKBn2LleqQeLyMxaSGsaSI0YWJhlZIOIWpcsy0zMTWqriqCBU8Ub2DBPSVMx1/MEx66zjz6baxR+aa3PS1bPQdnzLgs5r/hVL4ihD4CVzlE6ZWHpokDPKSAIZUAANx5B7WfpspCL61r9ap8ooDCq1OXkiQkhTMLfxxxyzznn8obk2J+2dva0dPVFYgYim8sdaddFIhwvUjH/SFWPpLhqphKLpKBDlx5UwrARYRWsaykY+CZXLEL4xfSsy9gwT0jzo+NM7z+MPzbU5KbS2F9v7LEngICVP//hR7cQtQwhi+a0cpbNGSRwh7iDGpCrIGSH02NJ5peSZomxIvGLhkapSUdFGpUaT5yKEND6MP4Dm2pz4vl9s74osM6TOgFKNToFIxqgFLZqWXhrTgJLpnNHt0lGjz4SIvlEIAlVypWcm4phhQpoKHX86sx1/KtPiD6b0obk2J57v9y1aZjk5/VuG5kLpWn3XyP8kKYSEoWARsbTI/T7lmjO0S0sgo+FlEmXLmL1QRYEKLH0KZFypseS5CCGNTyPEH/hrNf5gSh+aa3Ni205nT39k+foOn7HWd43SRiXZqUkVZY7MUfpdRMDS+2IG7MWVSMmkh8XLUL0QW2SrqKwlbm7STQhpEhh/AM21aVnQ0ef5LZCcVnatTngYIGmdOoYi8RfRrdBvFAVyKbfMsYoI2uwBmCqOKqOlVOstJITUE8YfmmvT0tHb19bZDYHVKmN8EbyCDFkQ5cqZDeSRyB91J41IPg7lLAiWJU06q0T+CHEjhbTl5Ee8S++BhJAmoXPexx+aa9NSLLYV2hZYsWXHckPO6t2u00d+fNGTQfCR+YlFaFiSQ33tmdZwaJnRehUZvIfVoOlq54y+oXacoxQJaSZaim0t8zv+MKI1LYVCa1fPEigPOtKdHjVTd5w8sySFyAz1fVKgcvwTMBe9i9CDMK4geZQrzHSmiAmF0FOqS6efhJAmAfGnc37HH5pr05LLF3p7V1hODhmbfNGSOtZM31rhkLDpeMEkXS+RTh71hEIgrbIU+tY9M4FMFewHRWVD3ISQ5iFz8Qf/6xt/aK5Ni2U7Hd2LPa9Fa9qpw3dtRuvFsSUnOSR5tLSaZcCeGbMXoIB15FejtLgD3WvjdCurNXkKQkhTkLn4E9c7/tBcm5neviUtrR3SS1KfTtdYQcuh3MpThuOJjpOuGUklwxg5Y1gJo0qAVaB9W36YQnmqsFRZBfMEhJCmoWdO4o/c9lDij/HaWcSfJTWKPzTXZqatsyvX0oZcTkYU1F7fSBN1P0wMHRtlSz+NyBoJohNKMUDeiHwxUBYKsjf4vap4ZJ32PUJIHWnvmIo/soPXK/7IXSMk/uguYj246QDx56gabRvNtZlpaW1r7ey3LFv/DH8dEOlC0pCxjH/XySPkLB3Cuq8miMNKbFViBwe32BHkOu72Vco9Ink0IaSJaGmbij/aymrP3uKPnHCdm/hDc21misViV+/S2PJiVVFWWTK12uJA3SZpNF0xUpE6/pfKKpiMrcnYDiKrgsVBpLx+1X2qPh9DCGk2sh5/XMSfU2oXf2iuzYzluL0Ll8Zum1wvHYdJay1BuhhJiqhC6ZqJ8JL6yBW5JLJGudQslLMeE3FYCuJC1H+GyvGwlZDmROJPf4bjz8KXqtzi5JE1gOba5Bxz/EuKC5ZGsa3iOgzYQ2ZqQ9NTQOn6EjNJH7FzWVB3HJXKcWUyzqtFp9qLz6ACCWlijjn+tGJ7JuPPQsSfM2u6SfqH9qZh27JxSSVthoaGhoeHk0qDMP03k2aAj84srRYM1Y+0tbW1u7t7P89QB6Iw+M+vX33/b77pWo4+bV+LnhkkiHhqI9PYtq1c3svn/Zzv5POu79q5nJ/3vRbPL3qqxbdcv62r99jFL/t9u2Olfkhq1FS9pA7U9Bt84IEHPvKRj+Tz+aSeSSYmJl7/+td/8IMfTOoNjsSfr11z/399w7VsBNM5jD9Fz2+pb/ypn7kGQfDVr371F7/4hePU8Bwbtj8ppcRBWaNxWcwNZ5xxBnZmz/OSxXPEuqcf+eb/97HxHc9DdpaI23z+KX7LEDc+dvNBySfg5SDrXCEHidsQtw9t590W123zXM9x23qOWfmyy1oWnz71kNSguTY6NNcmM1ew7umHv/n/fTxj8ed3Wxa/tNbxp37misPWT33qUw8//HDtzBUfK0gqc00YhqeffvpnPvMZ3/eTpjmiUin94Dv/dNcvr/fUpIP8MYYQa3jDFHwFrofk0c3ncvm8l/ORXUDddtFzc67T3rny+HN/v30FlJ0+NNdGh+bafOZaKSP+/PNdv/pOZuLPW9pXnJGsnSoz1Jvycd5+gLmuW7cOzqodcF6Azzp583OK5+Ve8erfO/bEV1lWTsWhFVdsVbbSzBx3I44jFVZUGIUy6h1THMaVOCoFlchrO2rl2W9uX4FjVkLIvMDzc+e/+vJjT0L88ecy/gSIP0fq+FOTzH5P6hf9h4eHJycnk8o8AOaKLGZGx8BcsXDpyje89T29i08Io7yyHbkeLA7T7hSpgjfuhCEmvE7FikoqmqwEjttx3Kpz39Zz1JlYIVmREDIPWLRs5RvecmXv4hPnMP44C4477hzEHxyz1in+1M9cBwYG4DSwnKQ+D5AbcWXDXMGSFavOv+jtXvvycpCLLMey5KZNNSJSrr7/SSkOg3LFDqL2xSsvPPu171l4NI9ZCZmPLDnyuPMufrvXhvjj1z/+HLHyVee89j2Ljkn/POt+qJO5wmOee+65SqWS1OcBeMsw1yy9ZeuM8y+++E3v6l12YqRyUWwj1UmWHBZ7yR5iucasEoZBJXT8tqOPP/OKcy95V8+SY5PFhJB5h3XmeRe99grEn5PCusWfAPFn5fFnvPnlr3t3/eNPncw1CILBwcHsHMbVGn3K1YKzlsvlpCkDOK53/oWXvvU9Hzv5nMvcXK+cjJB7V1uWyABCRxmpAL4jufZaT/J94f/0SW5TLJesYX3UsE5Zn9qQh8ilZLISnq0UBOVStOCoky99/e9/4NzXvD3f1q03gRAyT3Fc/7wLL33bez52yjmX1zT+WFPx58iTL730LR8896K35dvnIP7UyVzHx8frYK7Z6XPGO82guQLLdpavPOHNf/TBV176zkL7sjhyo7Acx5MQdGS5cZyfutYbc1fFmBwntm2ZLMxRVlakrJLeAbCar+JWK8pbkWuLrKMgKodx6Ob7lxx34Rvf+uE3vPXPl6w82fFyycsTQuYxiD/LdPy54PWIP8trFH/sXN/iYy9849s+/Ma3/vnSo+cs/tTJXIeHhwcGBmx8RDXz1+w4qwHvtFQqZXMMV67Q9uo3vO1t7/vbl736XZ1LTg2dYhAEVgjlQg/mY4wtpAdSjsx9QS25NWgpVpiHeg39PUrHDgrya07lwK3YnW09q04994q3vPtv//BP//bMV74+X2iT1QghZIpcofXC17/t7e/7mzMRfxafGtoHFX+C/cSf1p5Vp7z8irdc+Zn/588+c+YrXp9vmcv4U6frXB966KFPf/rTIyMjtbNAPHOm/BUfbFtb2yc/+clTTjklacoeURS+sH7tU4/e9/SDd27Z8Fh5YodlxcoKbRVZysYUWw4SRRk3b0Ux2iwby7EHyM/+o1HuLxYrt9DeecSipatWHPOSlcedtmTFSi83N7/PWtOrJEkdqOk3yOtcs4aOP88i/qz+7R0D6w85/uTbOhcvWnL8kceedtRxL1m6/Cgvn4n4Uydz/elPf/ov//IvOJKrnQXW7pkPDXywruvCXM8666ykKcPs3L7thQ1rNq578rknHtq69fnJiZHy5ASyRjmNIaliyZLbc0LrnmhGOmgKuUJn24K+lStPWHL0SQuXHt3Tt6jYtgBLk2ecC2iujQ7NdV6Za5Wh7ds2Iv48/+SziD8Dz5cmRkuT43BPe4/4A+9Fq44/XW3tvUcdfcJSxJ9lx3T3Lmpta89U/KmTuX71q1/993//95r6X02f/BAw5vrxj3/8vPPOS5oagcrE+Njo0Natm3YODk5OTOzaNTI8vG3n9s1hebJ9QU97T/+Ctk6/UGxpbe/tX9zZ2ZtvbbdtJ3nwXENzbXRorvPTXKuUJ3eNjQxt37pR4s/kxK5xiT87tm+OKpNtC3o6uvvb2jrzhWKhrb2vb3EH4k+x3a7l/XQPijkwVxywfvGLX6z1XYWzaa7YmS+44IKkqTGJ4ygMArwdB+Jw5/g+yfuH5tro0FznubnuCQ5ZwzCMEE4l/rhJayaZod56DGgaGRnZtGkTorMhaU2bTDmrAW+2CS7ttSxYqu/5uYw7KyGk+bAkpfd838+4s+5JPcx1504c4g+ikLWDyzqQtUtxCCGE1IF6mOuOHTsmJiaSyrwBaQSOXGmuhBAyD6mHuW7evHl0dNTOxk/E1BOaKyGEzE9qbngwGBy5wmPmW4ewYXJysnanmQkhhGSTmpsrbLWm947IMrDVsbExmishhMw3am6uExMTmzdvhsHMQ3+NomhoaIjmSggh842am+v4+PiOHTvmp8HgXSO3CMMwqRNCCJkf1NxcR0dHd+3aNQ9HMxngr7ytASGEzDdq7nmDg4NDQ0Pz85wrwGErj1wJIWS+UXNz3bp1a6VSmc/mGgRBUiGEEDI/qK25RlG0YcMGzOfnOVekFDxyJYSQeUhtzbVUKj377LMozM9zrkgpcNTO+0gQQsh8o7aeNzY2NjIyklRqSWa7nYMgaIJ79xNCCDkoamuuW7duHR4eTirzD1g+j1wJIWQeUltz3bJlizHXWp9zzew53YmJifHx8aRCCCFkflBbcx0cHIyiCAdwme22rTWlUolHroQQMt+oobnCVtevX49jyjqYa2bNGxvGS3EIIWS+UUNzxUHb1q1bTbnWdynKprliq/DGeSkOIYTMN2poriMjI+Pj4zCYbDpffYC58siVEELmGzU0123btg0ODqJgeoZN43wD5spLcQghZL5RQ3OFs+7atWs+H7YCmCsHNBFCyHyjhuY6MDBAX6G5EkLIPKRW5hqG4bp16yYnJ+tw48PMHhxjw2CuOHxP6oQQQuYHtXI+OMrQ0FBm7+1QN4Ig2LlzZ1IhhBAyP6iVucJZwbz9jfQqOHLF4TuvxiFkzkGuj/0xqWQYHpM0B7Uyv8HBwe3bt8/z0Uzm7WN/bohdmpDmpqWlpbOzM8s7I2zVdd3W1takThqZWpnr8PAwB/IYAk1SIYTMEQsXLjzqqKMyfmmc7/vLli1LKqSRqZW5btmypT6jmbIPdmZ2CxMy53R1dZ1//vmO42S23xVZ+IknnnjRRRclddLI1MT8YCdbt26t25FrljufsW34NHjkSkgWuOSSS84555xsDuBHoOju7n7ve98L+0+aSCNTK3MdGhqCr2TZ9upGqVTCB5JUCCFzh+d5f/RHf/QHf/AHSP2jKMIhbEaYnJw84YQTPvzhDx955JHJtpIGx8L3mhQ1tm0f/gn/7du3f+xjH1u7dm19UrAsdz7jmPWUU075yEc+smjRoqSJ1IxU1EvmkPp8g2EY/vjHP/7pT3+6ZcuWOT8AwAb4vv/KV77yHe94R3t7e9JKGpAZ6q2JucJW//Iv/3Lbtm31sb36vMqhAXM9+uijkWqsWLEiaSI1oz6hmdSOOn+D99577/DwcLoBBBF1P4Zt4m11BVQ7OjpOO+0013VNC2lcZqi3JuZ6xx13fO5znxsbG0tXtfuiPq9yaMBcccz6V3/1V6tWrUqaSM1IRb1kDuE3SBqXGeqtiS0999xzdXPWjJ/WxeaFYTgjgyGEENLcpO9/sO5t27bBTgxJ63yFHwIhhMxD0jfXycnJTZs2oYCDtowfVtYHZBu8FIcQQuYV6Zvr2NiYMVdgzHX6odu+7La6zp7HedNb9rPadLDUrGAKBwvsMCnpchVTndFYJdSgACutgpaJiYnt27ebDSOEEDIfSH9A01NPPfXxj398ZGSk6qPTXwKN1SoK1eqMlU3VrKCbE8z6mJuCaTGYqsGc7sU8WTZFdZGh2mgei0XVhziOg7K5lAhV015dikL14VWwsqvBUszNM+CZ29vbL7nkkpUrV+IhpKbgAz9M9ZK5hd8gaVxmqHc3TwKHL+7bbrvtc5/7XLlcht/gyQGe04Cy8SGz5vRFwCwCWJSUpmwMc2Na0zFLjYeZsgHrz2iUJ9JlUwDGCNFSLZhGzOUB00Cj53m5XA5zgJWBKWOReQjAi6Iln8/7vo8C5ubhZuOxGgqk1uCjZmhuaPgNksZlhnrTN9dbb73129/+NtwFZeNVcCPjQwBVgzEkFNBo7MqshrlpNOh1E5sUE9vdIw1owaMMKJtHVR9u5litWjBlvCKq5lGy6hTTH6LfEGkY8K0xNDc0/AZJ4zJDvemb6/Dw8Pbt22Fd1Wc2fmbKAGVzCJvU9YuiirkpzChX2bMFmKcCeB4zJ/MWKIShuaHhN0galxnqTd9cCZkrqN5Gh98gaVxmqPfF0T2EEEIISQWaKyGEEJIyNFdCCCEkZWiuhBBCSMrQXAkhhJCUobkSQgghKUNzJYQQQlKG5koIIYSkDM2VEEIISRmaKyGEEJIyNFdCCCEkZWiuhBBCSMrQXAkhhJCUobkSQgghKUNzJYQQQlKG5koIIYSkDM2VEEIISRmaKyGEEJIyNFdCCCEkZWiuhBBCSMrQXAkhhJCUobkSQgghKUNzJYQQQlKG5koIIYSkDM2VEEIISRmaKyGEEJIyNFdCCCEkZWiuhBBCSMrQXAkhhJCUobkSQgghKUNzJYQQQlKG5koIIYSkDM2VEEIISRmaKyGEEJIyNFdCCCEkZWiuhBBCSMrQXAkhhJCUseI4Tooa26bdkgYmiqKkRBoQxh/S0EyPPzPNlRBCCCGHCfNEQgghJGVoroQQQkjK0FwJIYSQlKG5EkIIISnDAU0pY1lWUqox/OIIIXvCEJQRaK4pA2XX4SOtz6sQQhoOhqCMwG5hQgghJGVoroQQQkjK0FwJIYSQlKG5EkIIISlDcyWEEEJShuZKCCGEpAzNlRBCCEkZmishhBCSMjRXQgghJGVoroQQQkjK0FwJIYSQlKG5HjSrV6+2pnjf+96XtBJCSI05++yzk9CjYfzJMjTXg+OHP/zhqlWrrrnmmlhz8cUXoyVZRgghteSee+7B3ASfLVu2fOUrX4HFDgwMmKUkU/CXDQ4OSBnz/XxoWKEOH2l9XoUQkilmxJ+77rrr3HPPRa7//ve/37QAhqCMwCPXgwBSxvy9732vqRJCyBxy1FFHYf69733PVEmmoLkeNMcdd1xSIoSQuaO/vz8pkexBcyWEkIaEZ1uzDM31IGAnDCEkOzz77LOYv/WtbzVVkilorgdBf3//Nddcc8899/zjP/6jabnrrrs4WpgQUn9w2HruueeiMH00E8kONNeDAzr+wQ9+8IEPfMDSXHfddZdddlmyjBBCaslZZ52FuQk+CxcufO9738shu5mFw6lTBqLnOHhCyFzBEJQReORKCCGEpAzNlRBCCEkZmishhBCSMjRXQgghJGVoroQQQkjK0FwJIYSQlKG5EkIIISlDcyWEEEJShuZKCCGEpAzNlRBCCEkZ3sIqZSzLSko1hl8cIWRPGIIyAs2VEEIISRl2CxNCCCEpQ3MlhBBCUobmSgghhKQMzZUQQghJGZorIYQQkjI0V0IIISRlaK6EEEJIytBcCSGEkJShuRJCCCEpQ3MlhBBCUkWp/x+a91dBIOfzRQAAAABJRU5ErkJggg==</file>
<file name="06.png" path="/" encoding="base64">iVBORw0KGgoAAAANSUhEUgAAAnsAAAJbCAYAAACcmFKhAAAgAElEQVR4AeydCZgcVdX+q6p7tiSsKsoqa1bCpuwIHwp8iMgiW5KZCRBC9kwyk9mTEBBBRPgQUDYBF8CFXQUJSSAhyUxCNhYVEfQviCj7DpFs7/851X0nnbFn5nZ3VfXtW28/T6d7qqtu3fs795x6c1cHfJEACZAACZAACZAACVhLwLG2ZCwYCZAACZAACZAACZAAKPZYCUiABEiABEiABEjAYgIUexYbl0UjARIgARIgARIgAavE3tNPP40JEybAcRz/veuuu+Kaa67Ba6+9VlRLz54928/PSy+9FHo+5s+f31V+uS9fJEACJEACJEAC8SZgjdh74IEHukSOEnvqU0TfBx98EIml5V5y38xXVGJPRK26v+RBhC9fJEACJEACJEAC8SawpSopURYicpSw++lPf9ol7J5//vku8SPHo3ipfERxr+73UKLytNNO83lQ7HUnxL9JgARIgARIIH4ErBB7qutSRE73V/ffRACKIMvs4lQiSc6Vl7QCijhUrWSHHnoo1G/yu3THZnYXq7SU0FOfSmypc+Xe6iUtkZKuOlfSyOxuluNynZyn8iHn9NRCmVku1cqp7q/uyU8SIAESIAESIIH4EbBC7Clxk631TokgEU/yUn9nCiElxiQdeck4PyXCMj9lTKC81PlyP3mLaJNX5rnyXd1Dna/EnlzT/Vz5W6WTLS11fqbo9G+a/keuFVEoglHxUPfPPI/fSYAESIAESIAE4kWgR7GnWsQyRUa2Y6pVTJ0nrV7ZjqnWKTlPvstL55ikp9KWT0m7+0uJGyXWMn9X4k6ulZf6O1MIKTEm10vLmcqjamlT5Vb3zjxfnaPuqfKq/pZPdb7cW6Uv5ynxJ2koFuqYSkeJOyUQM/Ot7qHyp85VPLKdK9dks0+2YypPiodcq3Msm82yHVP5ziyr7rFs+c12TCe/2cqVLb/ZjunmN9t52fKb7ZgpZciWN91jOmXIxlf3WDa+2Y7p5jfbeSxDauKb+KvwyWabbMyzHcvGN9sxHeb0382T8sQ2wjsb82zHsjHPdiwudshWp3WPZeOb7Vg2vrrHdO0gPtH9ZZXYy9aN21349CX21O9KgGR+ikHkJcZX4+Lkd2kJVC91vvpbPjPFnkq/uxDLPEeu6Z5OT9dlpq+uyfzsfh85P+iK1b0CBu0chThM97xJ+XWOsQz//QDRrTfZzguSeTbbZKsj2Y5ly5vuMZaBYk/FVqlbQdabbHEpWz3PdixbPdc9xjKkJlSKXcW/s/HVPRY082y20YlBUpeyvXoUe9lONvVYpjEEuHpJt6uCo44r0STdntLKJm8l3EQYSiubMnz3VjuVrvqU+6prJV15qWAg10ra8soUcip9OU9dI+mofMr3zHT8P3pokVS/da8UKg/ymU3sqev4SQIkQAIkQAIkYD8BK8SemKk3wZM5Fi5TbGWKIvkuYk9eSpx1/12JM0lPWvPkfCX2lEiT39R1Smip9NT16m91nvpU50se1DE/Q32IPXWO+uzemqmO85MESIAESIAESCB+BKwRe2K6TPElYkmEmGoxk99US1tnZ2fXcRGJqvlVtf7JeSLm1LVKeCmxlvmbiDtJW70y01bdu0rcqeu7py/3kXNV/iQtdU+VrlwrxyS/fb1UeXTO7Sst/k4CJEACJEACJFDaBKwSe9lMkdlFmtlylu1cHiMBEiABEiABEiAB2whYL/bEYKoljWLPturL8pAACZAACZAACfRFIBZiry8I/J0ESIAESIAESIAEbCVAsWerZVkuEiABEiABEiABEpB5AKRAAiRAAiRAAiRAAiRgLwGKPXtty5KRAAmQAAmQAAmQAFv2WAdIgARIgARIgARIwGYCbNmz2bosGwmQAAmQAAmQQOwJUOzFvgoQAAmQAAmQAAmQgM0EKPZsti7LRgIkQAIkQAIkEHsCFHuxrwIEQAIkQAIkQAIkYDMBij2brcuykQAJkAAJkAAJxJ4AxV7sqwABkAAJkAAJkAAJ2EyAYs9m67JsJEACJEACJEACsSdAsRf7KkAAJEACJEACJEACNhOg2LPZuiwbCZAACZAACZBA7AlQ7MW+ChAACZAACZAACZCAzQQo9my2LstGAiRAAiRAAiQQewIUe7GvAgRAAiRAAiRAAiRgMwGKPZuty7KRAAmQAAmQAAnEngDFXuyrAAGQAAmQAAmQAAnYTIBiz2brsmwkQAIkQAIkQAKxJ0CxF/sqQAAkQAIkQAIkQAI2E6DYs9m6LBsJkAAJkAAJkEDsCVDsxb4KEAAJkAAJkAAJkIDNBCj2bLYuy0YCJEACJEACJBB7AhR7sa8CBEACJEACJEACJGAzAYo9m63LspEACZAACZAACcSeAMVe7KsAAZAACZAACZAACdhMgGLPZuuybCRAAiRAAiRAArEnQLEX+ypAACRAAiRAAiRAAjYToNiz2bosGwmQAAmQAAmQQOwJUOzFvgoQAAmQAAmQAAmQgM0EKPZsti7LRgIkQAIkQAIkEHsCFHuxrwIEQAIkQAIkQAIkYDMBij2brcuykQAJkAAJkAAJxJ4AxV7sqwABkAAJkAAJkAAJ2EyAYs9m67JsJEACJEACJEACsSdAsRf7KkAAJEACJEACJEACNhOg2LPZuiwbCZAACZAACZBA7AlQ7MW+ChAACZAACZAACZCAzQQo9my2LstGAiRAAiRAAiQQewIUe7GvAgRAAiRAAiRAAiRgMwGKPZuty7KRAAmQAAmQAAnEngDFXuyrAAGQAAmQAAmQAAnYTIBiz2brsmwkQAIkQAIkQAKxJ0CxF/sqQAAkQAIkQAIkQAI2E6DYs9m6LBsJkAAJkAAJkEDsCfQq9hzHgeu6fJMB60AJ1IHYRzMCCJQA4z+ffXz+l04d6Mv5exV7YmhxeL7JgHXA7DogvsoXCQRJgPHfbJ9nTKZ9VB3Qif8UexSzFPMW1AEdZw9SCDAt+wlQ7FFMKDHBT7Prgk78p9iz4EFPRzTbEaOwj46z2y9PWMIgCVDsMa5EEbt4j8LrmU78p9ij2GPLngV1QMfZgxQCTMt+AhR7hT+EKWTIMIo6oBP/KfYseNBHUZl4D7ODlo6z2y9PWMIgCVDsme3zjMm0j6oDOvGfYo9ijy17FtQBHWcPUggwLfsJUOxRTCgxwU+z64JO/KfYs+BBT0c02xGjsI+Os9svT1jCIAlQ7DGuRBG7eI/C65lO/KfYo9hjy54FdUDH2YMUAkzLfgIUe4U/hClkyDCKOqAT/yn2LHjQR1GZeA+zg5aOs9svT1jCIAlQ7Jnt84zJtI+qAzrxn2KPYo8texbUAR1nD1IIMC37CVDsUUwoMcFPs+uCTvyn2LPgQU9HNNsRo7CPjrPbL09YwiAJUOwxrkQRu3iPwuuZTvyn2KPYY8ueBXVAx9mDFAJMy34CFHuFP4QpZMgwijqgE/8p9ix40EdRmXgPs4OWjrPbL09YwiAJUOyZ7fOMybSPqgM68Z9ij2KPLXsW1AEdZw9SCDAt+wlQ7FFMKDHBT7Prgk78p9iz4EFPRzTbEaOwj46z2y9PWMIgCVDsMa5EEbt4j8LrmU78p9ij2GPLngV1QMfZgxQCTMt+AhR7hT+EKWTIMIo6oBP/KfYseNBHUZl4D7ODlo6z2y9PWMIgCVDsme3zjMm0j6oDOvGfYo9ijy17FtQBHWcPUggwLfsJUOxRTCgxwU+z64JO/KfYs+BBT0c02xGjsI+Os9svT1jCIAlQ7DGuRBG7eI/C65lO/KfYo9hjy54FdUDH2YMUAkzLfgIUe4U/hClkyDCKOqAT/yn2LHjQR1GZeA+zg5aOs9svT1jCIAlQ7Jnt84zJtI+qAzrxn2KPYo8texbUAR1nD1IIMC37CVDsUUwoMcFPs+uCTvyn2LPgQU9HNNsRo7CPjrPbL09YwiAJUOwxrkQRu3iPwuuZTvyn2IuR2HOdBBzHheM6qbd8dxy4rgPXcZBwHJQ7Djz/HC99TuEVkc4cPkMdZw9SCDAt+wlQ7IXvt1HGRsZ/u+yZWXd04j/FXqzEXgUcEXyeC88rQ9LpB88ZgKRbBs9JIOFVoEw+HQ+u58FJpISh5wtAex0l02lK9buOs9svT1jCIAlQ7NkV81yH8b9U43tf+daJ/xR7MRJ7jisteSLs+qHCf1ehzBmAMqc/XHcAkmUV2LYqgXLXQdJxkXDL4DhJuE7Sb/UT0SctgH1VPP4ePSMdZw9SCDAt+wlQ7EXvx6HGTsZ/a59dOvGfYi9G4sVNOPDcMlQ4WyPpVsIrc5FIuqhwkti2ohLnHrcXfjbnLPzvl3ZCf79bNwHXLYP8jzDhCz4XIvhCDUhMPy++Os5uvzxhCYMkQLFnV6xj/LfLnpnPYZ34T7EXK3GRRLmT8N9ueRJuVT+UO+UYsmM/XD72KLx091RsWDITT9xwLr52wBd8YZdwPXhuBVyn3O/qpdgzM2DoOHuQQoBp2U+AYs9MX898yOf2nfE/N16lY3+d+E+xFxux58J1KpF0EqkJGIlKbJ2swFf32ga/mH0iPn68FehoBDonY/3SBvx81inYc/syv/vWH7/nlKfG+8WGV+k4ugQwHWe3X56whEESoNgrrRjQu5Bh/O+dT2nbWif+U+xZKV7EsaXrVc2oTfqtcknHQZk/7i6JrbwK1P7Pblj5s3OxQUTe0ilAx1SgcwLQORXvzG3EleOPxhe3l3F7MlM3CUcG+PrjPkrbMWx0eh1nD1IIMC37CVDslWqcY/y3Mcb3Viad+E+xZ6vYc8uQdMvhuf2QcPv5s2yTbgJlThJ7btcfM761P/74izHAyvaUyOtIiz0RfEunA8sa8e6jDbhi7FHYdTtp4XNR5lQi4Yn4Sy3Z0lvl42/RPih0nN1+ecISBkmAYi9aHw4uZrr+WGvG/1K1X+751on/FHsWij1/xqznwkn0Q9LZBlX+cioi0qqw92cqcWPjkXhvURPw5CxgacPmVj1f6KXFni/4mvHu3HpcMfEQ7Lx9ElWOjPmogiMthhZyK+Uy6Th7kEKAadlPgGIv94euCTGE8b807VZI3dGJ/xR7VooWmVQhy6lsBddNosx1MMBN4hsH7YG7v30qPlrcAKysB5ZOBZZMBTJb9TqmAR3TU++l04AnG/DugjpcOf5I7LFdJWTCRiGVkteGE4h0nN1+ecISBkmAYi8cXw0/BjL+h8/YrLqhE/8p9mwUe14i1X3rpCZYfKEygQtP2AvP3HEeNq5sA1a2AEumAUsnpLtwReCJ6MsQeiL4ltYDHQ1AZxPenVePq6Yeic9vLV247MY1LZjoOHuQQoBp2U+AYs+sB7p2zGH8j12DhE78p9izUOzJ+DrHTc2e3WsbD1eNPxxvLmgCnm4EVtYB0mInrXpLJ6c+faGXRex1ynnSAjgDWDYd/3xoAs7/2m6o8pl5/gxQ7QBkIWeTyq7j7PbLE5YwSAIUe6Up9hj/S9NuhTxPdOI/xV4pixDpUnVlpq2Mx6vE5r0PXVQlXBy8+7a4oeErePeJ6cBTzcCK9CQMadXrmJzqvvVb+ETodRd70qonwjA9hq+zDuhowqrbRuO0w3dCpZfaVi3hz84VYZmatVtIheW1+QcpHWcPUggwLfsJUOzl74+RxDLG/9i14PVUr3TiP8VeKYs92crMTSIhwsutQrknkyeS/pZnZx62ExbdNAobVswC1rQAK+qBThF7IvJE2Il469Ztq8bqdX1mnpM+t7MZK38yBqcftjuqPFmg2UWFK3suUuz15IhRHNdxdvvlCUsYJAGKPcPFHuM/xV5av+jEf4q9khZ7EoxE6JUh4aYC0xe2SuLiUfvjL/eNw6an2oE1M4DlspSKCL2M5VV8sZeeiNEl7rr/nSEG/a7f6UBnPbCsBSt+fC5OOWxX9PccVDqev/hyFKKG98j+ANJx9iCFANOynwDFXnZfMysGMf6bZY/i1Bmd+E+xV9JiL4GkK4snpyZiDNltAK6eeDDeWTAVeHYWsFq6bicCHWM3d8f6Ik9a7LoLO92/pwEylu/JFqy8bTROPXJXbJWUPXOlZY8TN4oVeHSc3X55whIGSYBirzgPbv0Ywvivz8p0WxaWP534T7FXwmJPtjGrTHiocBwcOeTzePj/zsRHndOBp5vTLXrSXTsuPeu2ITWzNieRJ+P2MkWgaumT1j3pFm7B6p+ch5MP3RHlbj9up1bEuqTj7EEKAaZlPwGKvcIewGELEcZ/s+0Ttv0z09eJ/xR7RXxAZxorr++uhwrPwVeHbIv5156JTatbgGcagTUNwAoZmyetekqgqXF6meKtr+8iEDMFn6SVbhWURZeXyl66s/DAFadiyA4V8Bfz7OLJJVrysmkXv9wCmY6z2y9PWMIgCVDs5eaDUfq7fy/Gf47ZSz8vdOI/xV6eD9eoHTvhOEhKN2nSgZtw4DpJJJ1KHL739ph3nQi9RuDphlTX7XIRaDI+rw6Qlj6/dS5zsoU61tdnptCTc0XsyXIssuuGfIrga8ZHj7fhloZjMOizFX4ro8wM9px+SDj94CS4CHMUdUXH2YMUAkzLfgIUe+aIPcZ/c2wRRTzP9R468Z9irwTEnucLPQee66LMS6DMdVHuOThm0HaYd201Nqy8CHiqPtV1K7Nu/dm2fQm5fH+XdffkLeIxvSxLRxs+WtCKWxr/F4N3kJm55XDcCnheEp7LWbq5Om4+5+s4u/3yhCUMkgDFnhkCg/HfDDvkE5ejukYn/lPslYDYc10HXsKFl/BQ5pSjwvHwlSHbYN71pwNrZgJrpgMrG4AnpVt1MtA5qdtYu3yFXbbrREzKW1oN1Qxf+bsFHyxowg+nHY29Pydr/jlwPBeem2BTewR1TMfZgxQCTMt+AhR7ZogMxn8z7BCVcMvnPjrxn2IvggdxPsbb4pqECzcpiyfL4sUOjh66HRZcezY2rGgD1kwD1kwFnlS7XUirmxqnl02sBXCsswFYPi29nMuk9ExfaembgQ8XNOGmhq9hyGcrUOY4kEHEW5SlFHiXYB51nN1+ecISBkmAYs8QkcH4z2dIH88knfhPsdcHRBOEiuc6KHOlVc/FUUO2xePXn45Nq9qA1SL2GoFVIrxktwsRejPSe9oGIOq2mImbkd6y6em1+6R1Lz3xw99pQwRfOz6c34IfTT0au29dBo/LsUQSqHScPUghwLTsJ0CxZ4bYY/w3ww4maIGe8qAT/yn2jBV7m9esk8kYlU4Cxw7bDguuOwMbV7amxufJrNtVstDxlPSECelOTU+i6EmoBXlcFlj2u3TT4/jUvZe14M25DZh68l7+tm1cfy/8YKXj7PbLE5YwSAIUe+H7bU8P78yYyfhfTDuUxr114j/Fnkliz3WQdB1UOTKxoT88fzKGgzLHwzH7bI9Hr/0WNq6SWbczUrNuV8nuGOnlUGRmrC/kQu7C7VUspvfS9ZdnacWf7hqHUcfsgq0Trt8y6ZZJt24VHLe/P56v50BXGg5mUv51nD1IIcC07CdAsRdxHLIx/h/N+B/Fc0In/lPsGST2ZHp9uevB8ypR5lag0kmiynNw9JBt8Nj1I7Fp9UWpyRirpUWvAVgmXahK5JnyKcuySEvjZGBpK57/1QSce+wuGJCQcnlwXRF7FXC9zS2XUTiD7ffQcXb75QlLGCQBir1oxR7jf7S8bXom6MR/ij2DxJ6Mb0u6ZUh6SZQ7Zf5WaEcN2g5zrz0jtWCyTMaQbtsVzakxev6s22K25HUXmDOAjsbUsixLxwNLZfJGI/54xxjUHrMbtknIzFwPrr80SxW3Vwuw7uk4e5BCgGnZT4BiL1rxYXX8P5rxP0xxqRP/KfYCfOAWbkwRe54/Pq/MKcORQ7fD/OvOwYYVs4E1so7eVGCljNFrBJbIRIzuYqvIf0t+lkjLXnodviWTgcV1wOIWPHfXGJx33G7YpsxBuVPpLyFTOK9og7HJ+dVxdvvlCUsYJAGKvajjy5bx/wjG/0gmt5kc13XzphP/KfYMEnsy66rcdVDhujhq6PaYf93pwGpZR68FWNMMrKxPjdGTGbdLmlMzb43pxp0GLJkKLJ4OLK5Pib4l9cDiqcATIv6a8Yefj8ZZR+6CrV03vdNG1MHU3vvpOHuQQoBp2U+AYi/aeJEZ/48cKjsjMf7rip24n6cT/yn2iij2ZGX01KwrtRZdEjJu4xhZR++H52DjqpmpnTGekkWT64Fl0mUrwkn2rJW3AS15XdumyTp/IvikJU8+pZWvDpDWPRGBIvg6WzH3qjNx6Bf7I1X2RLelWbgAc75BS8fZ7ZcnLGGQBCj2whV7PcV/WUd1PuM/W/Vy0CY68Z9iLweg+T6Is13nOjJD1fUnYyQS5ShzEyh3EvifoZ/Do9eOxIZV7ekt0NRkDBF6hozPU/vt+t22Iuwy3yLw1N/yfUrqbxGAHVOwdmE9fjbzGxi+c3+UO+XYyqlAUhZe9sfzyTg+bq+Wrb70dUzH2YMUAkzLfgIUe+GJvZ7i/zGM/xR5eWgSnfhPsZcH2L4evH39Lv+jkxY8N5FEuZdEP7cM/V0XXxm0HR67vgYb11wKyBp6q6cBK2cA/np2RW7F696K6LfoKVHX22d6ORZfGE71u3fXLpyFO2edhAN26ofy8iQSif5IOhXwHGnZE7HHmbp91aHuv+s4u/3yhCUMkgDFXjhir7f4v4Dxn/E/D02iE/8p9vIA2/1Bm/vfMiM1gaQsteKk9rs9ZuC2mHfNOdi4oj0t9OoAWUfPF3qGtOgpwSfCze+y7U3kqd9E7MkyLLIci4zhk+7naVj7+DT8bNZx2GfXfkg45Ug4LlxHurNVl3Y4gTZ3W5VGPnScPUghwLTsJ0CxF5bvM/4z/gdbt3TiP8VeMcSem0TCrUSl5yLpOTh80PZYcN1IbJIxev7yKnXpMXpqXJ5sQ2ZIy17Wrlsl7Hr5FMHXIV26IhRF/E3F2kUzcOdFJ2DYTgPgOg68RBKOU8H/2eVRJ3Wc3X55whIGSYBiL9gHctd/NBn/Gf/ziPFd9SfLtTrxn2IvC7jeoAbxmwibhJdAueviiCEy6/YsYKXsc9uQWmJFWvSWidATkSdvg1r2tFv0MoWfTNaYmlp3TwSf3zIoM4obsHbhdNzachz2+Ux5atKGy5a9fOqYjrMHKQSYlv0EKPbCEXuM//Iffsb/fOJ8T9foxH+KvSjEnitj0eQtY9E2i5k9t63Afd/5FjbJXrdP1aXE3krZGUOcQUSe7JAhs1xlD9oit+ypFr3exJ4ax7fFp0zSkLF6afHniz05lu7S7WzAW3OnoX3EcHyuwvFb+CQY+qxcF47rpN5R2KmE76Hj7PbLE5YwSAIUewGJPcZ/xv+Qny068Z9iL2QjiFiR7c8cpwquK3veSlelhy/09/DdMYfgg4X1wFMyGUOWV2kAZKarCD31FpFX7AkaSugpwdbT5xYiL70Ui39MyqP+Tn+XZVn8Fj4RtfX46z0TMenkffGZctcfy5jwXLheBRzp2vXS4i9sW5Vw+jrOHqQQYFr2E6DYC0DsMf6nn2WM/z21ygVxXCf+U+yF+oB34Tll6O94/jZobpl0VbrYYatyXHz+oXj7sTrg6YbUe00j0Cm7YkgrnuxC0ZAe3yYteiKIitSyJyKtJ3HX/XiXoFOO3dundOdKy6V8TgSWNeGFe+ow8eRB+HxFEkl/PGMlKpzKtEAu51i+XuqqjrPbL09YwiAJUOwVKvYY/zf/J7/7s4DxPwiRp9LQif8Ue708QBXIQj5dJ4ly10PSScB1KrDzgAQuGf1lvDm/HnimGVjdjrcXTMZLD47GBunalJY9fx07WTw5vSWaiKhiiD3dFj0l+vIRe76YnAgsGeeL3OfvHYdJX98HOyRclHkeKjwPnuyl60jrKJdk6aku6jh7kEKAadlPgGKvULEnw1IY/7MLvrTYY/wPZF1BnfhPsRey2JOWPCfh+F24u1ZV4rLaL+Gdx2cAzzZj04pmvPLgZNzafjCunjoQz9x5NtApEzOmpMfryXc1I7cILXtKxOl+5iT21Dg+2edXhK3M1JUZu9Px9/snYOI39sG2FbLYsgfXH/PCxZZ7EnpyXMfZ7ZcnLGGQBCj2Chd7jP/dW/TU34z/vcXzXH/Tif8UeyGLPTGCLKC864AEvl3zZby7oA14eiY+WlKH5beciv+btB9mjtgPM0fthVtmHorXHpkOLG9KiT2/S3dG9LNxlWjrLvLU8SA+/bRllq5qvUzPOk5vtfbC/ZMw+oRhKHeTcD0RfIUH3lwdqJTO13H2IIUA07KfAMVe4TGH8V+Ju26fjP+BtOipZ5RO/KfYC0js+evEqYWB/UkYqUAhxz9flcR3zv0y3n6sCVhzMf718DTcfckxmHPeTmit3gut1fuhpWYPzDx3D/zikqPw2kNTgc6m1Lg9fx9cEUJpMeQvwxJit26mkAtT7HV1EctEDVl3b1J6azX5uxGblrbjlqZvYNuETNKooNjro57qOLv98oQlDJIAxZ6+2GP87ybmMp8jWb/Lf/RlPDjjvxJshXzqxH+KvT4eoroGkB0xyt2EvzCw61XCdVMTCnaSMXrnHYJ3npDxeRfjD3eNxk2NB6G9dhCaq4egtWYIWmuHobV2KFqqB6O9djfcdfEReOPhOmBZY3rGqnThijPJTF0RegFO2JA0ZTygcsjuAi/zb3VOIJ+y7p4at5Eh9mQW8rIm/P3eiRh34hAkE2VwkuzC7ase6jh7kEKAadlPgGIvF7HH+N/1DNF6PjD+9xXTc/ldJ/5T7AUi9jw4bhXcpCwX4iDhymSMKuy4VTm+fcHBeHdhGz5+ogWLbjgJ35u8D5pG7uSLvJaa4Wit3bfr3VazL1pHDUTb6L1w18VH4c2HLwSW1aVm6fpj+aRLV95qHb4CRZ9qXct0zkxxJ98zfwv0u4zRk/X2Uotr+v/Lk/Q76/Ha7yeg/ozB+Gw/D44nu41UwctYnzAXJ4jLuTrObr88YQmDJECxpyv2GP9zf04w/gf5bIb4I+EAACAASURBVNKJ/xR7gYg9F443AE4yiXJHptuX+0Lv8gsOwpvzG/HXBy7AHRcdikvO3QOtNQPRXDsUzTVDu0RepuBrrdkXjbWD0TZ6N9w15xC88fspfktXaoauiK/0siwijApp4VNCr7u46/53oAIvUzwqZ5cJGtKkL5Mz6vDJohm4tfk47LxNBZykB9crQ0LWKPQXpdYNvvE7T8fZgxQCTMt+AhR7unGE8T9/scf4H4To04n/FHuBiD2ZDVmOCunG9RdMrsJl5x+C1x5txuo7z8NVUwejpWZHtI8Yhpkjv4Tm2gPQUrtlq54IvubaIWiqla7d4WiqGYT20XvjzlmH462HZFyDTGSQ7s70d5ml25nH2D0l3rqLOvW3+j30T9WFK62Uk/xyfbqoGXdddBy+vFN/9Hf6wU1UwpVuXFlY2Z+Rqxt843eejrPbL09YwiAJUOzpxxHG/8z/yOt8Z/wPQuSpNHTiP8VeQGIv6TiodMqw04ByzDrvYPzhV1Pxm6tOwcVj90JTzZ5oqRmKmSO+hLZR+6G1dqA/Rm+LFr3afdFSOwwttUMh3bnNtcN84Te7dnf88qKv4I3fT0uP4ROxJ8uxyJp8OYo9JeCUsMv2qc4J/VOcXbqhZWHlOqxd1IpfzjkVB+y2FcodBxVeOcrcrZFIJOAmpJtEtpvTD75xO1fH2YMUAkzLfgIUe/rxhvFfR+BlnsP4H+QzSif+U+wFJCCSjofPDShHS+2XsODmavyw6RDMrhmM9lED0TJ6IJpqDvAFX1vNQLTVDM4q9lpr9kdr9f5+V29rzVC01AxDa80gzBy9B34251D8+5GpqS5df7kSEXsilnLYN1cEXDaBl3ksNJEna+mpQbni9Gln75yOjYsbcd8lJ+Kg3bZCUnbMkLX1Egl4bqXfUsplV/p+6Og4u/3yhCUMkgDFXt9+px7YjP+ZQi7bd8Z/VVfC+NSJ/xR7AYm97QdUYeqoI3HHd0/F9yfvh7ZR0kI3DG3+bFtptZOJGDLrdl+0iojLmJixxXeZpOGft/kcaRVsq90dd337K6lZup2N6cWW04su++P4MsfwZQhA3bF5SvAFLvakJXI6sDjdDb1ExurVp7eCS00+WX3bGJy43+chAdNxZOYtd8rINSDoOHuQQoBp2U+AYk9f7DH+ZxN4cozxP9dYns/5OvGfYi8gsbfL57fBpXUn4pLz90PLiCForR6Cllp5b55tu4Woy/F4i7QGnrs3fnHxMXjj4bHAMvmfkog96QZV3bnyqb5nLKmihFxPn4ELvEzHlxm36RZFf8yhTMYQsSdBoBHP/ep81Jw4GFuVVyDpJLmeXp71UcfZ7ZcnLGGQBCj29MUe439mzM/8zvifj3jL9Rqd+E+xl+fDtbsxqso8HDpwW0wdMRAttQehpeYAvztWWuUKEXlyrQjG5pr90SDj+UbviV9cdDjeeFgWXpZ1+CYBnbK9mog7EX/qf1NZumxDFXWZDp7x3Rd6IuxkEsYkwN8hQ/6ux5/vGoeaE/ZEVYXr7x1cJmsTehVs2cujTuo4e5BCgGnZT4BiT1/sMf5nxPzM5wzjfyRjzXXiP8VeHg/W7kIv1e3YH2XlZTh8360w+exBaKo9GO2j9kNb9ebu2HxFX9PowWiSRZdrhqOxZgjaagfirllH4k1ZeFkE3rLJQKeMh5NlWdKrkqvWNPnMdL6ifJd8yg4ZE9NLrMzAX349HqOP3wsDkkmUOQkkXAeeK8uscAHl/65ffT90dJzdfnnCEgZJgGKvb79L+aoMO2H87/k5w/ifT0zP5Rqd+E+xF4jYc+A6qR0zqhIODh+yLSafeQBaRx2M1hqZfVtYV67MzJXJGm3Vw9Fcsx8aq4fgoto9cd+lR+PTRU3Achn7NjnVPWqa2PO7a0WIpje+XjoN7y5oQVv1gdi23IFsFJ6QNfRcx99DWLYdyqWS23KuOKt6uGb7ro5lfnqeB/WW43yRQJAEpE7Z4l9hl4Pxv4dGBcZ/LR9ScV3qabbv6ljmp4r98inH+3pZI/YyIcj3TBDZvsuSHn29k8kkdN/lySSqklVIJiqxdUUSRw/ZAZPOOhhNtftlTMhQEzREAP73Ons9ikK/S/gAtNYO8pdlaa0e5m+tdskFu2PpzadjvYyBk7F7ma14XS170mWaHjcReque3EvG5MnaeWmB58+6TU/KWNqMDSsux91XnY8jhu+OHT//Bey0087YcafdsfNOO2OXHXfEjiG/d9llFwwbNgyHHHIIjjrqKBx77LE44YQTcNJJJ+Hkk0/GqaeeitNOOw1nnHEGzjrrLP999tln45xzzsHIkSNRXV2NmpqarndtbS3OPfdc/33++edjzJgx/vuCCy6AvMeOHYsLL7wQ48aN63qPHz8eTU1NuPzyy/GDH/wAN954I26//Xbceeed+PWvf417770XDz74IH73u9/h4Ycfxu9//3v/PXfuXDz66KOYN2+e/54/fz4WLFjgv3Wcva9gwN9JIJOA1KmwRVJQ6TP+M/7rPDviHP/7FHs777wzvvjFL2KvvfbCPvvsg8GDB2Po0KHYd999MXz4cOy///7++4ADDsCBBx6Igw46CF/60pfw5S9/uet98MEHQ97ygJX3oYce6r8PO+wwqPcRRxwBect1km5Pb7n++OOPxymnnIIzzzzTfwCPHj3af8DKg1UepJMmTcKUKVMwdepUTJs2DdOnT0d9fT0aGhr894wZM/yHrTxwW1pa0Nra6r/b29sxc+ZM/z1r1izMnj0bc+bM0XpfMmcOLp7zbcyZcym+PWcOvnvxbNz+w+/hB3PO61p2RXbP8AVdzYG5ib0eWgZbRg3Gdy/cG8tuOg3rF8psV9l6TP6HJcuapBdg9kVgFGJPmurTAWexiL700iq+6KwDFk8H/ng98MFf8N47b+Ff//oX/v3vf2u9X3vtNa3z+kpP0pH3W2+9hffffx8fffQR1q5di3Xr1mHDhg3YuHFj5rOupL5T7JWUuUois1KnGP8Z/3vuns1szWP8L6ZT68T/PsXeI488goULF6KzsxOrVq3CM888g+eeew4vvPAC/va3v+Hvf/87XnrpJbz88sv4xz/+gVdeeQX//Oc/u96vvvpq14NaPWxff/11yPuNN97wH7zy8JX322+/7Z8r6fT0lvTkvA8++MB/WP/nP//xH9amPqj/8be/4IeXT8SMGtlFY1B6fT1ZZ6/wsXzt1QPRPnIPXDF+T3TedAbWPd7uz3DF0onA0vFpwSWtbNLalumYIX2XFkYRmR0T0lPuZQzhjNSkjKcuBT76czH9wep76zi71QBYuMAJSJ1i/C8MK+M/439hNUjvap3436fY07sVz+qNwKv/eBE3fHciZozaBy21e6NVtkTrobUul+PNtfuhpVqWedkdl48fhI4bz8C6RTPSy7GI4JMWvYbNY/nC7sYVQdkxMT0ZQ9bWkxa9KcDyOcCbS3pDxN8KJKDj7AXegpfHjADrVDAGZ/xn/A+mJvWcio6vUuz1zC/QX175+4u44Qpp4RuenrSRw5i9HoShiL3m2uFoqd0HzdW74fLxe6Dz5lOwfpEsySKtaukWvSha9bp2x0h32T4xDXhCdvyYCbz6OLDpP4HyZGJbEtBx9i2v4F8k0DsB1qne+eTyK+M/438u9SXXc3V8lWIvV6oFnP/Pf/wVN11Rhxkjh/hbp+XSitfTuc2yHMvo4WiW1sLqPXDFuL3RedNp2PBES0rwyY4V/vg96bqVLt2QunB9sSdj9aQlcSrwhKz/Nxt4dT6wkY5eQLXRulTH2bUS4kkkkCbAOhVsVWD8D5YnU9tMQMdXKfY284rk279e+X+4+crJaJIxfNUyU/fA9GzdIWiVrdL87dJyWKqlJrXgcnPtAWirHozWUYNw2dg9sfSmM7B+UXNa4MmCxiL6lNDrNoGi67j6XePT3wVDxuhJ66GkJ+voyQQNWdx5ErC8FXhtEVv0IqlV0Jp6H1FWeBtLCOg8QCwpamTFYPyPDHWsbqTjqxR7RagSL//tOVw1cxQaztkXrdX7pZZTqRmGFlk4ueCJG8PQWrMXrrhwD3TeeHpa8IkoE0EmM3TTs2T9vzVEXTYhKLt0+GJPZgBL2pKmTMqYmpqM0VEHvPIgsHFtEejG85Y6zh5PMix1vgRYp/Il1/t1jP+98+GvuRPQ8VWKvdy5FnzFpo2b0Pn4Q7ho4gloGrEP2mVLtZp90TJa9tItfJZu26jBaKveG98dvzc6bjwd6x5vATpEmMmkDRFlIs7Ss3SziTndY/7sW7WmnqylNy21xMqfbwH+81rBnJiAPgEdZ9dPjWeSAFuLw6oDjP9hkY1vujrxn2KvSPVj44YNWPTI3Zgz4WtoGjkwJfZqDvT3we1pfJ7u8ZZ0Oi0yS3fc7lh64zfxqUza8PfNlZ020i1zfqtcnq17WwhCNRGkHvjjD4FPXi4S1fjeVsfZ40uHJc+HAOtUPtT0rmH81+PEs/QI6PgqxZ4ey1DO2rhhPRbPvRezJ34NTaOkS/cgf/9bXVHX03n+DF1/1u8gNFfvjCsm7IrOG0/DOhnD1yEzdaU1Trp1ZamUPMSeLxbluvQiytLCt7gR+NNNwCevhMKKifZOQMfZe0+Bv5LAlgRYp7bkEfRfjP9BE41vejq+SrFX5PqxYf06LF3wIGaPPx7NI2XRZRlzl8MEjSzLsrTVDEZrzVA016TEY9uoXfHdC/dC542npASfLHTsj9+TMXwi2nKZpSuteOmWPF8wynp6DcDqK4GPXyoyzfjeXsfZ40uHJc+HAOtUPtRyu4bxPzdePDs7AR1fpdjLzi7Soxs2rMfyx3+L2dKlO0pm1B6I1mrZUk0mbMg7N/HXJmMAa4dCZui2yr661YPRPGogLr9wD6z48enYtHgG0FkHdMqECmmdk1Y+eaeFnC/+ZG/bdOvfFl220gUsb/ktfe2Ki4G3OyNlxpttSUDH2be8gn+RQO8EWKd65xPUr4z/QZGMbzo6vkqxZ0j9kCb9jgX3Y/aE49E4Yjja/W5YEXkyS1d23Ch84kZL9UBcP30wXnnwwvR6eLKVjbTqpWfpqhm2XRMvsnXxigiUpVzSLXrLLwJeXwxgvSEk45kNHWePJxmWOl8CrFP5ksv9Osb/3Jnxis0EdHyVYm8zr6J/27h+PZbMewCzJh6H5pH7oL1adekGI/Zaa4ajvXYf3NZ6MP51/wRAWvhkOzV/QeT0Onz+9mrqeA/du343bj3w5CXA60uBTeuKzi7uGdBx9rgzYvlzI8A6lRuvQs9m/C+UYHyv1/FVij3D6semjRuw+NF7cdGEr/qCr7V6X7SOku7Y3Lpys0/eSHULt40aiFtbDsGrvxkPdDSlx+2pLlvpypVdMNLbrf1XF+504Il6oFMWTX4UwKeGEYxndnScPZ5kWOp8CbBO5Usu/+sY//NnF+crdXyVYs/AGiJjOJ6Yew9mTzweM0bsi9aRB6AlILEnEzdaqvdB2+i9cVv7kXjlgbGAP2FDBJ4IvvRbWu+6Cz35W3bJkC7cv90BrP/AQHrxzJKOs8eTDEudLwHWqXzJFXYd439h/OJ4tY6vUuwZWjPWr1uHpfN/44/haxqlunE3j9uTSRu5TtxoqR2OtpphaK8eCmkxbKvZHbe3H4xXpUt3qWytJmP0ZPyeLL6c7tb1J2ukx+6p7dD+chsXTTas3ug4u2FZZnYMJ8A6VTwDpeL/g4z/xTNBSd1Zx1cp9gw26aaNG7F0/n24aNLxaK4ejJaaYWitHo7Wmv18oZer2GutHQ7p3m3zJ38MR0vNQLTV7oWftB6Bf/qCbwbQMRXolN0wJgOLpwCd0sJXByyuSy258pcfU+gZWGd0nN3AbDNLBhNgnSqucRj/i8u/lO6u46sUe4ZbVNZh6njsAVw08Tg0jdoPbdXD/NY56dYNomu3pWYoZtbsidvbv4xXfjMmNUvX31lDllWRVr5JwJIpqckcz/0YWPe64cTimT0dZ48nGZY6XwKsU/mSC+46xv/gWNqcko6vUuyVQA3YuHEdOh//DWZNOBEtIweivWZvtEorn7TQ5bgGX7bzZS2/ttG745bWg/Dqg+NTLXgd9andNWQcn6yrt/JS4IMXS4BWPLOo4+zxJMNS50uAdSpfcsFex/gfLE8bU9PxVYq9ErH8xo0b0LHgvtQs3RFD0CazdKVLt2CxNxQtNYPQWjMY7dV74tbWg1Lr8InYk/F6TzQBKy4B3l4OYGOJ0IpfNnWcPX5UWOJCCLBOFUIv2GsZ/4PlaVtqOr5KsVdCVt+w/lM8Mfc+zJ7wdTSOSHXnFi72ZAzfMLTXDEJ77d5oH70Xbms7Av+4/0JskuVXVlwGvCm7Y2woIVLxy6qOs8ePCktcCAHWqULoBX8t43/wTG1JUcdXKfZKzNr+5tnz7sGsCV9D48jB6b10pYVP3ptn624pAuV4tt9SLYMtNfujrWaI/5aJIE0jd8MNDQfjpd/PAd5Zzd0xSqCO6Dh7CRSDWTSIAOuUQcZIZ4Xx3zybmJAjHV+l2DPBUjnmIbXw5j3+LF1/WZbqg1J74GbupSvr8vlvGds3NP3eLz3OT7Zgk7dM8pDZvcPRUj0UM0YMQWP1gbh02on4+bWN+NsfO9h1m6NtinW6jrMXK2+8b2kSYJ0y026p+H8347+Z5ilKrnR8lWKvKKYp/KYyS6vzsQcwa9wJaKpWs3Rll43ULhld6/DViMDb3xeDLbX7QyZjtIwejJbaQWipHYzmUUNQP2IQWs4/DDd9bxoWPfxL/PW5p/DRh+8XnkmmEBkBHWePLDO8kRUEWKfMNSPjv7m2KUbOdHyVYq8YlgnontKkv3zRw7ho4glollm61UPTy7LIGnr7pZZmqZGFlGVcnog+EYKD/PX6Gqv3R/O5R+CKxrPwwB3X4Lmnl+G9d9/Epk2bAsodk4mSgI6zR5kf3qv0CbBOmW1Dxn+z7RNl7nR8lWIvSouEcK+NG2SWrqzD9zVf8LVV74/W6oPRWnNgeuLFQLSOGoiW6oFoHildtwfj4kmn4M4bvoNnVjyBt9/4F2S1dr5Km4COs5d2CZn7qAmwTkVNPPf7Mf7nzszGK3R8lWLPAstvkK3VRPBNOhGNI4ajtfoAtFYPQ8uoIWgaMQQto7+MiyafhBu/14BFD/8ar770V6xf96kFJWcRFAEdZ1fn8pMEdAiwTulQKv45jP/Ft0Gxc6DjqxR7xbZSQPfftGkjlsy7399po37kPmisHYbZ447CVe21eOjuW/HyX5+nwAuItYnJ6Di7iflmnswlwDplrm2654zxvzuReP2t46sUexbVidS0/Ptx/eVTcc9Pv4cVHY/inbe4vZlFJu6xKDrO3uPF/IEEshBgncoCxeBDjP8GGyfkrOn4KsVeyEaIOvkN69fjnbfegGyizVd8COg4e3xosKRBEGCdCoJitGkw/kfL25S76fgqxZ4p1mI+SKAAAjrOXkDyvDSGBFinYmh0FrkkCej4KsVeSZqWmSaBLQnoOPuWV/AvEuidAOtU73z4KwmYQkDHVyn2TLEW80ECBRDQcfYCkuelMSTAOhVDo7PIJUlAx1cp9krStMw0CWxJQMfZt7yCf5FA7wRYp3rnw19JwBQCOr5KsWeKtZgPEiiAgI6zF5A8L40hAdapGBqdRS5JAjq+SrFXkqZlpklgSwI6zr7lFfyLBHonwDrVOx/+SgKmENDxVYo9U6zFfJBAAQR0nL2A5HlpDAmwTsXQ6CxySRLQ8VWKvZI0LTNNAlsS0HH2La/gXyTQOwHWqd758FcSMIWAjq9S7JliLeaDBAogoOPsBSTPS2NIgHUqhkZnkUuSgI6vUuyVpGmZaRLYkoCOs295Bf8igd4JsE71zoe/koApBHR8lWLPFGsxHyRQAAEdZy8geV4aQwKsUzE0OotckgR0fJViryRNy0yTwJYEdJx9yyv4Fwn0ToB1qnc+/JUETCGg46sUe6ZYi/kggQII6Dh7Acnz0hgSYJ2KodFZ5JIkoOOrFHslaVpmmgS2JKDj7Ftewb9IoHcCrFO98+GvJGAKAR1fpdgzxVrMBwkUQEDH2QtInpfGkADrVAyNziKXJAEdX6XYK0nTMtMksCUBHWff8gr+RQK9E2Cd6p0PfyUBUwjo+CrFninWKjAf7733Hh566CH89Kc/xaJFi/DKK6/gww8/xIYNGwpMmZeXAgEdZy+FcjCP5hBgnTLHFj3l5KmnnsJll12GP//5zz2dwuMxIKDjqxR7JV4RRMyJo1955ZWora3FyJEjMXr0aIwbNw5NTU246aabMG/ePLz44ot4++238Z///Afr168v8VIz+90J6Dh792v4Nwn0RoB1qjc6xf9t9erV+Na3voXjjjsOdXV1fowvfq6Yg2IQ0PFVir1iWCage77zzjv4zW9+g2nTpuHss89GdXV113vUqFGQ9znnnOP/Jt8bGhp88XfvvfdizZo1eOmll/Duu+9i3bp1AeWIyRSLgI6zFytvvG9pEmCdMtduK1as8P9j//Wvfx0nnXSSL/imT59OwWeuyULNmY6vUuyFaoJwEpfWvGeffRZXX301ampqfKcXoSffe3uPGDHCF37yOWbMGF/8ff/738ddd92Fxx57DE8//TTeeOMNv/UvnJwz1bAI6Dh7WPdmunYSYJ0y066dnZ1+nD/xxBN9oSdiT97HH388RPC98MILZmacuQqNgI6vUuyFhj+chKUl7oEHHuhqzZMWO9Wi15vQk99Ua598SnevtPqdddZZ/lv+Hjt2LC699FLcfPPNmDt3ri/+Xn/9dXz88cfhFIapBkZAx9kDuxkTigUB1inzzNzR0eHHexF2SuRlfkqX7tSpU/H888+bl3nmKDQCOr5KsRca/mAT3rhxI2QwrozNO/fccyGtc5mteZnfexN92c6TY0oIigCUtGXc3+TJkzFz5kz/nnfccQcef/xx/P3vf8cHH3wQbOGYWsEEdJy94JswgVgRYJ0yx9yffPIJ7r//fn9c9gknnJBV6CnRJ0LwwgsvxIMPPmhOAZiTUAno+CrFXqgmCCZxEVfSmifiS1rgRJj1JuiC+C2z9U8EoKR5wQUXoL6+3m/9u/XWW/HII4/g//2//4e1a9cGU1CmkjcBHWfPO3FeGEsCrFNmmF3iq0y0++Y3v4nuXbdK4HX/FMF3xhln+M8NM0rBXIRJQMdXKfbCtECBacvEiSVLlmDWrFn+/+i6t+YFIep001DiT7UASmugzP4VAShdvy+//HKBpeXlhRDQcfZC0ue18SPAOlV8m8vqCfIfaxFzukJPCT85//TTT/dbBDdt2lT8wjAHoRHQ8VWKvdDw55+wOKask/eTn/zEF1NRtebpCD8ReeqthJ98ykQPdu/mb/NCr9Rx9kLvwevjRYB1qrj2FqF322234Rvf+AbUrFsl5HQ/RfBJC9/vfvc7UPAV155h3l3HVyn2wrRAHmlLk7205rW1tXWNo1PiSkeMRX2O5E3E3nnnnYdf/vKXkLElfEVPQMfZo88V71jKBFinimc9mRQnE+V0RV1v56kWPhl2Q8FXPJuGeWcdX6XYC9MCOaYtXaE///nP/cG1qsvWZKGnhKXkUfIry7n8+te/9nfuyLHoPL1AAjrOXuAteHnMCLBOFcfgH330kd91Ky16uXbd9iT6JB0Z8/fwww9T8BXHrKHeVcdXKfZCNYFe4qo1T8bmSSuZCCcRUplCT74rcWXipxJ8MlNYWvgkYPEVHQEdZ48uN7yTDQRYp6K3osTNH//4xzlNxuhJ4HU/LoJPdtyQhfj5souAjq9S7BXZ5v/4xz9wyy23YPz48V27YJgo5nTypATf+eefj1/84hfs0o2wbuk4e4TZ4a0sIMA6Fa0RpetWhJ606P3v//5vIF242QSfjOG75557oi0c7xYqAR1fpdgL1QQ9Jy6Db2Ul9NbWVr8FL7M1T0dYmXiOaomUCSUyhu9Xv/oVBV/PVSDQX3ScPdAbMjHrCbBORWdi6d25/fbbQxV6SviJkJQWvrvvvhuffvppdIXknUIjoOOrFHuh4c+esJppK615svCliDzpujVRvOWTp0zBJy18d955JwVf9qoQ6FEdZw/0hkzMegKsU9GYWHYpkskYQY7RU8Kup081u1cW6X/77bejKSjvEhoBHV+l2AsN/38n/P777+Ohhx7yt7OR1i+TllTJR9j1do2IPimfGsMn/3PlKzwCOs4e3t2Zso0EWKfCt+qrr77qL5Yv4ksJsJ4EWtDH5X6y+PIVV1yBd955J/zC8g6hEdDxVYq90PBvTnj9+vX+XoXXXHONvw2ZiCDVAiafvYmmUv1NyiUtllJWaeGTSRvcY3dznQj6m46zB31Ppmc3AdapcO0rqy9Mnz49sBm3+YpB6da96qqrKPjCNXeoqev4KsVeqCaA30Qus5/EqaXLVok7JfZKVcz1lm9VNvUp5Vbr8HGWbjgVTsfZw7kzU7WVAOtUeJaVPcZl60kRWlG36GUThZKP733ve3jrrbfCKzRTDo2Ajq9S7IWGH/6+sVdffbW/rZjaX7Y3kWTrbyL6MgUfW/iCr3Q6zh78XZmizQRYp8KxrhJ60oVqgtBT4k/yc/nll1PwhWP2UFPV8VWKvRBNsHr1aiuWVClEhIrQk+5ceYvgVS18H374YYjk45e0jrPHjwpLXAgB1qlC6GW/VrpuZ8yYgRNOOMEooSeCT4SntPDJGL4333wzewF41EgCOr5KsRei6WR5FVnPSCYpqHF6hQgnG64VDiL47rrrLs7SDbDu6Th7gLdjUjEgwDoVrJFlv/O6ujpjum5Vi17mpwg+WXz5sssuYwtfsOYPNTUdX6XYC9UEwAcffOA3jYvIsUGsFVIGaeWT66WVT7XwiSDmq3ACOs5e+F2YQpwIsE4FZ+1///vf/ioMIqRM6rrNFHrqu+RPWh5lDB+XZQmuDoSZko6vUuyFaYF02tJ0L1uhUfBt3gJOBJ+0eMpeWTchrgAAIABJREFUjXwVTkDH2Qu/C1OIEwHWqWCs/c9//tOIWbdKzOl8qi5dGXMu+efLbAI6vkqxF5ENly1bhnHjxvmtWqqFq5BWslK8VpVbfYr4bWhowLPPPhuRFey9jY6z21t6liwMAqxThVHduHEjlixZ4o/blhY9HZFl2jki+saOHYunn366MBi8OlQCOr5KsReqCTYnvm7dOtx3333+0ivSqlWKYi3IPIvgEw4i+GTLuGeeeQayuwhf+RHQcfb8UuZVcSXAOpW/5SWWLViwwN/v/LjjjitJoaeEp0zakGE3Tz31VP5AeGWoBHR8lWIvVBNsmbjsoCHN4moZFtXCFaSIKpW0pOxK8MmyLCL4nn/++S2B8S9tAjrOrp0YTyQBAKxT+VUDadGbN2+eL/RkORMlmkr5U8bwSQvfypUr84PCq0IloOOrFHuhmuC/E//zn/+MadOmdS2wHFfBp4SetO6J2PvOd74Dma3GV34EdJw9v5R5VVwJsE7lbnnVonfWWWf5W5GVssDrnncRfGPGjMHy5ctzB8MrQiWg46sUe6Ga4L8Tl//1LVy4EBMmTPBFTqm0xAWdTxF70oVbW1sL2YxbFhrlK38COs6ef+q8Mo4EWKdyt/qTTz6JM844w19epbtYKvW/ZfyetFRecMEFHMOXe9UI9QodX6XYC9UE2ROXHSRuvfVWf9xeHFv2VKueTFiRdQi5wHL2epLLUR1nzyU9nksCrFO514H58+f769SJMCp1cZct/9K6d/bZZ2Pp0qW5w+EVoRHQ8VWKvdDw957w66+/ju9+97uxW45FTcpob2/HqlWrsH79+t5B8VctAjrOrpUQTyKBNAHWqdyrgqwb+rOf/cwXejKxIZtgKtVjUh5ptXzwwQdzB8MrQiWg46sUe6GaoPfEZXaTbIYdh9m50pqntkv7v//7P/ztb3/rHQ5/zYmAjrPnlCBPjj0B1qn8qsAnn3zi99ycfPLJ1nTnitA788wzcf/99+cHhVeFSkDHVyn2QjVB74mrwbwy6FV156rPoMfIRZ1eZjnku4zPmzRpEu69917IrGS+giWg4+zB3pGp2U6AdSp/C4vgu+2222CD4JM1Ar/1rW/hd7/7Xf5AeGWoBHR8lWIvVBP0nfjatWtxyy23WDU7V8SdtFbKp7xljEdLS4vfbfvpp5/2DYVn5ExAx9lzTpQXxJoA61Rh5pex2SL4vvGNb5RsC5+06J1yyin4/e9/XxgMXh0qAR1fpdgL1QR6ict2NM3NzVaN31NCT7ZEu+GGG/Diiy/qweBZeRHQcfa8EuZFsSXAOlW46UXwdXR0+JPxSm0XDcmv9MjImoF8mU1Ax1cp9gyxoYzfmzp1qu9cIpSi7nYN+n4SJEaPHo3bb78d7733niGU7c2GjrPbW3qWLAwCrFPBUV29erXfy1Eqgk+WWJGtLP/0pz9xZ6PgqkFoKen4KsVeaPhzS1i6N2U7NRFIIpRKVfBJ9628ZeKJ7Asps9P4Cp+AjrOHnwvewSYCrFPBWlP+Qy9DWkyepavW0pOF///6178GC4CphUZAx1cp9kLDn3vCH3zwgd/lKQGhFGfoyk4Y0kIou2H84Q9/4P8Ic68CeV+h4+x5J84LY0mAdSp4s0sLn8RIWa/OxCVYJF8i9F544YXgC88UQyOg46sUe6Hhzy/hv/zlL5A16EpJ7EkrpLRGyiLJ0m0rawjyFS0BHWePNke8W6kTYJ0Kx4IrVqzwe3COO+44owSfdN2K0JMtPfkqLQI6vkqxZ6BNZbHhiRMn+gtYytp0IvzUhIegx9YVkp7kSfImeayrq/O3gWO3bXEqlI6zFydnvGupEmCdCs9yy5Yt81v4RGCZ0MKnWvTYdRuezcNMWcdXKfbCtECeacv4PVnT6Pvf/z7a2tpw/vnn+y1nsrm26iotRKQFda0SoVdffTVkPIrs+8tXcQjoOHtxcsa7lioB1qlwLbd8+XK/ha/YkzZEcM6YMYMrJoRr7lBT1/FVir1QTZB/4uvWrfNnsb7yyiuQcR4PPfQQRFRJC5p0mUprmgi/bN29mceCmujRvWVR8iAbYsvWQOy2zd/OQV2p4+xB3YvpxIMA61T4dpZeHImlxdpLV7qSReixRS98W4d5Bx1fpdgL0wIBpi2tZh999BH+/e9/+5MfZObuVVdd5Y+xOO+881BbW9vV3ata3KQFLyixp9KU9ERkSjfzwoULOds2QBsXkpSOsxeSPq+NHwHWqWhsvmbNGkivTdQtfNKiN336dLboRWPmUO+i46sUe6GaILzERfzJ+LjXXnsNf/zjH/Hb3/4Wsues/C9t7NixfveACDT5X6MSaoV034rIk7TkLRNIpAtiw4YN4RWQKedEQMfZc0qQJ8eeAOtUdFVAFp2fM2eOL/jCbuUTUSm7esyePZuzbqMzcah30vFVir1QTRBt4iIA3333Xb9Jfu7cubj55psxa9Ysf09atX6fdP9mE4C9tQAq0ShjB6+99lq8/PLL0RaMd+uTgI6z95kITyCBDAKsUxkwIvgq/3G/5JJL/GVZwmrlU0JS4jgn00Vg1IhuoeOrFHsRGaNYt3n//fe7un3FwaVVbsqUKZBtzKQ7Vtb0UwKwe8ufCEAl9CZNmoQHHngAssE3X+YR0HF283LNHJlMgHUqeuv861//8lv4ZOHloAWfCD1p0bvuuus4mS5604Z6Rx1fpdgL1QRmJS4tf2+88QaeffZZPPLII/6aeLIA8uTJk/1lAM444wx/7Ijq9lVi8Nvf/rbfbbt+/XqzCsTcdBHQcfauk/mFBDQIsE5pQArhlFdffRUXX3yxv9OGaokrdHkWSUfEo+xTvnbt2hByzSSLSUDHVyn2immhIt9bZvwq8bdgwQLcdttt/u4XsjiydPVKt+1NN93Ebtsi20nn9jrOrpMOzyEBRYB1SpGI/lMm4skYviB22hChJy2FP/7xj/Hxxx9HXxjeMXQCOr5KsRe6GUrnBrK+31tvvQXZxWPRokXo7OzEhx9+WDoFiHFOdZw9xnhY9DwIsE7lAS3AS958882uSRv5tuyprmAZv80WvQCNY1hSOr5KsWeY0ZgdEsiHgI6z55Mur4kvAdap4tteel5k0oa0zOUq+KRFT94/+tGPONa6+KYMNQc6vkqxF6oJmDgJRENAx9mjyQnvYgsB1ikzLCmCT7p0ZV081VLXl/CT80ToXX/99ZAeG77sJqDjqxR7dtcBli4mBHScPSYoWMyACLBOBQQygGRE8F166aX+bNq+BJ9qBRShJ+Oy+bKfgI6vUuzZXw9YwhgQ0HH2GGBgEQMkwDoVIMwAkpLx03fccQdOPfXUHiduyIQOWTLrxhtvZNdtAMxLJQkdX6XYKxVrMp8k0AsBHWfv5XL+RAL/RYB16r+QFP2ALJ91991345RTTvmvLl0l9JYsWYJNmzYVPa/MQHQEdHyVYi86e/BOJBAaAR1nD+3mTNhKAqxTZppVhNy9997rCz4Zlyfj92Q8nyyKv3jxYjMzzVyFSkDHVyn2QjUBEyeBaAjoOHs0OeFdbCHAOmWuJWWBe9nRSMbvidCrra0FW/TMtVfYOdPxVYq9sK3A9EkgAgI6zh5BNngLiwiwTpltzA0bNuC3v/0tZN/zJ554gl23Zpsr1Nzp+CrFXqgmYOIkEA0BHWePJie8iy0EWKfMt6R06XJpFfPtFHYOdXyVYi9sKzB9EoiAgI6zR5AN3sIiAqxTFhmTRbGagI6vUuxZXQVYuLgQ0HH2uLBgOYMhwDoVDEemQgJhE9DxVYq9sK3A9EkgAgI6zh5BNngLiwiwTllkTBbFagI6vkqxZ3UVYOHiQkDH2ePCguUMhgDrVDAcmQoJhE1Ax1cp9sK2AtMngQgI6Dh7BNngLSwiwDplkTFZFKsJ6PgqxZ7VVYCFiwsBHWePCwuWMxgCrFPBcGQqJBA2AR1fpdgL2wpMnwQiIKDj7BFkg7ewiADrlEXGZFGsJqDjqxR7VlcBFi4uBHScPS4sWM5gCLBOBcORqZBA2AR0fJViL2wrMH0SiICAjrNHkA3ewiICrFMWGZNFsZqAjq9S7FldBVi4uBDQcfa4sGA5gyHAOhUMR6ZCAmET0PFVir2wrcD0SSACAjrOHkE2eAuLCLBOWWRMFsVqAjq+SrFndRVg4eJCQMfZ48KC5QyGAOtUMByZCgmETUDHVyn2wrYC0yeBCAjoOHsE2eAtLCLAOmWRMVkUqwno+CrFntVVgIWLCwEdZ48LC5YzGAKsU8FwZCokEDYBHV+l2AvbCkyfBCIgoOPsEWSDt7CIAOuURcZkUawmoOOrFHtWVwEWLi4EdJw9LixYzmAIsE4Fw5GpkEDYBHR8lWIvbCswfRKIgICOs0eQDd7CIgKsUxYZk0WxmoCOr1LsWV0FWLi4ENBx9riwYDmDIcA6FQxHpkICYRPQ8VWKvbCtwPRJIAICOs4eQTZ4C4sIsE5ZZEwWxWoCOr5KsWd1FWDh4kJAx9njwoLlDIYA61QwHJkKCYRNQMdXKfbCtgLTJ4EICOg4ewTZ4C0sIsA6ZZExWRSrCej4KsWe1VWAhYsLAR1njwsLljMYAqxTwXBkKiQQNgEdX6XYC9sKTJ8EIiCg4+wRZIO3sIgA65RFxmRRrCag46sUe1ZXARYuLgR0nD0uLFjOYAiwTgXDkamQQNgEdHyVYi9sKzB9EoiAgI6zR5AN3sIiAqxTFhmTRbGagI6vUuxZXQVYuLgQ0HH2uLBgOYMhwDoVDEemQgJhE9DxVYq9sK3A9EkgAgI6zh5BNngLiwiwTllkTBbFagI6vtqn2JNE+CYD1gHz64DV0YyFi5wAfd58n6eNaCNVB/oKEL2Kvb4u5u8kQAIkQAIkQAIkQAJmE6DYM9s+zB0JkAAJkAAJkAAJFESAYq8gfLyYBEiABEiABEiABMwmQLFntn2YOxIgARIgARIgARIoiADFXkH4eDEJkAAJkAAJkAAJmE2AYs9s+zB3JEACJEACJEACJFAQAYq9gvDxYhIgARIgARIgARIwmwDFntn2yTl3juPAlHfOmecFJEACJEACeREwJe5LPvgyjwCtYp5NCsqRKY5mSj4KgsmLSYAESKBECJgSc03JR4mYLbJsUuxFhjqaG5niaKbkIxrqvAsJkAAJFJeAKTHXlHwU1xrm3Z1izzybFJQjUxzNlHwUBJMXkwAJkECJEDAl5pqSjxIxW2TZpNiLDHU0NzLF0UzJRzTUeRcSIAESKC4BU2KuKfkorjXMuzvFnnk2KShHpjiaKfkoCCYvJgESIIESIWBKzDUlHyVitsiySbEXGepobmSKo5mSj2io8y4kQAIkUFwCpsRcU/JRXGuYd3eKPfNsUlCOTHE0U/JREExeTAIkQAIlQsCUmGtKPkrEbJFlk2IvMtTR3MgURzMlH9FQ511IgARIoLgETIm5puSjuNYw7+4Ue+bZpKAcmeJopuSjIJi8mARIgARKhIApMdeUfJSI2SLLJsVeZKijuZEpjmZKPqKhzruQAAmQQHEJmBJzTclHca1h3t0p9syzSUE5MsXRTMlHQTB5MQmQAAmUCAFTYq4p+SgRs0WWTYq9yFDnf6NDDz3U3+9WPvt6meJopuSjL178nQRIgARMJKDivsRS9X7++ed7zKopMdeUfPQIKqY/UOwZbvjXXnutS+iJE/Xm7FIUUxzNlHwYbl5mjwRIgASyEpAYmhlHlfiTZ0K2V+a52X6P6pgp+YiqvKVyH4o9wy31wAMP+A4vIk+c6Jprruk1x6Y4min56BUWfyQBEiABQwlIDM2MoxMmTOh6FmTLcua52X6P6pgp+YiqvKVyH4o9wy0l/5sTJ5eXcvbesmyKo5mSj95Y8TcSIAESMJWAxNDMONr97+75zjy3+29R/m1KPqIscynci2LPYCup1rzOzk4/l6qVT/2dLeumOJop+cjGiMdIgARIwHQCEkO7v+UZ0NPLlJhrSj564hTX4xR7BlteumzFcdQYDTV+T7X0Zcu6KY5mSj6yMeIxEiABEjCdgMTQzDiq/rPf01CezHOLWTZT8lFMBibem2LPRKuk86ScPdunEoDds2+Ko5mSj+58+DcJkAAJlAIBFfdVXvv6z74pMdeUfChu/EwRoNgztCZIV604Tfdme/W/u+7HVTFMcTRT8qG48JMESIAESomAxNDMONrTM0GVKfNcdawYn6bkoxhlN/meFHuGWkdNxujegqf+d9fTmnumOJop+TDUvMwWCZAACfRKQC21IrFUvXv6T74kZErMNSUfvcKN4Y8Ue5YZ3RRHMyUflpmXxSEBEiCBrARMibmm5CMrpBgfpNizzPimOJop+bDMvCwOCZAACWQlYErMNSUfWSHF+CDFnmXGN8XRTMmHZeZlcUiABEggKwFTYq4p+cgKKcYHKfYsM74pjmZKPiwzL4tDAiRAAlkJmBJzTclHVkgxPkixZ5nxTXE0U/JhmXlZHBIgARLISsCUmGtKPrJCivFBij3LjG+Ko5mSD8vMy+KQAAmQQFYCpsRcU/KRFVKMD1LsWWZ8UxzNlHxYZl4WhwRIgASyEjAl5pqSj6yQYnyQYs8y45viaKbkwzLzsjgkQAIkkJWAKTHXlHxkhRTjgxR7lhnfFEczJR+WmZfFIQESIIGsBEyJuabkIyukGB+k2LPM+KY4min5sMy8LA4JkAAJZCVgSsw1JR9ZIcX4IMWeZcY3xdFMyYdl5mVxSIAESCArAVNirin5yAopxgcp9iwzvimOZko+LDMvi0MCJEACWQmYEnNNyUdWSDE+SLFnmfHF0Ux5W4aWxSEBEiABYwmYEvcp9sysIhR7ZtqFuSIBEiABEiABEiCBQAhQ7AWCkYmQAAmQAAmQAAmQgJkEKPbMtAtzRQIkQAIkQAIkQAKBEKDYCwQjEyEBEiABEiABEiABMwlQ7JlpF+aKBEiABEiABEiABAIhQLEXCEYmQgIkQAIkQAIkQAJmEqDYM9MuzBUJkAAJkAAJkAAJBEKAYi8QjEyEBEiABEiABEiABMwkQLFnpl2YKxIgARIgARIgARIIhADFXiAYmQgJkAAJkAAJkAAJmEmAYs9MuzBXJEACJEACJEACJBAIAYq9QDAyERIgARIgARIgARIwkwDFnpl2Ya5IgARIgARIgARIIBACFHuBYGQiJEACJEACJEACJGAmAYo9M+3CXJEACZAACZAACZBAIAQo9gLByERIgARIgARIgARIwEwCFHtm2oW5IgESIAESIAESIIFACFDsBYKRiZAACZAACZAACZCAmQQo9sy0C3NFAiRAAiRAAiRAAoEQoNgLBCMTIQESIAESIAESIAEzCVDsmWkX5ooESIAESIAESIAEAiFAsRcIRiZCAiRAAiRAAiRAAmYSoNgz0y7MFQmQAAmQAAmQAAkEQoBiLxCMTIQESIAESIAESIAEzCRAsWemXZgrEiABEiABEiABEgiEAMVeIBiZCAmQAAmQAAmQAAmYSYBiz0y7MFckQAIkQAIkQAIkEAgBir1AMDIREiABEiABEiABEjCTAMWemXZhrkiABEiABEiABEggEAIUe4FgZCIkQAIkQAIkQAIkYCYBij0z7cJckQAJkAAJkAAJkEAgBCj2AsHIREiABEiABEiABEjATAIUe2bahbkiARIgARIgARIggUAIUOwFgpGJkAAJkAAJkAAJkICZBHoVe47jwHVdvsmAdaAE6oCZIYa5KlUCjP989vH5Xzp1oK8406vYE0OLw/NNBqwDZtcB8VW+SCBIAoz/Zvs8YzLto+qATvyn2KOYpZi3oA7oOHuQQoBp2U+AYo9iQokJfppdF3TiP8WeBQ96OqLZjhiFfXSc3X55whIGSYBij3ElitjFexRez3TiP8UexR5b9iyoAzrOHqQQYFr2E6DYK/whTCFDhlHUAZ34T7FnwYM+isrEe5gdtHSc3X55whIGSYBiz2yfZ0ymfVQd0In/FHsUe2zZs6AO6Dh7kEKAadlPgGKPYkKJCX6aXRd04j/FngUPejqi2Y4YhX10nN1+ecISBkmAYo9xJYrYxXsUXs904j/FHsUeW/YsqAM6zh6kEGBa9hOg2Cv8IUwhQ4ZR1AGd+E+xZ8GDPorKxHuYHbR0nN1+ecISBkmAYs9sn2dMpn1UHdCJ/xR7FHts2bOgDug4e5BCgGnZT4Bij2JCiQl+ml0XdOI/xZ4FD3o6otmOGIV9dJzdfnnCEgZJgGKPcSWK2MV7FF7PdOI/xR7FHlv2LKgDOs4epBBgWvYToNgr/CFMIUOGUdQBnfhPsWfBgz6KysR7mB20dJzdfnnCEgZJgGLPbJ9nTKZ9VB3Qif8UexR7bNmzoA7oOHuQQoBp2U+AYo9iQokJfppdF3TiP8WeBQ96OqLZjhiFfXSc3X55whIGSYBij3ElitjFexRez3TiP8UexR5b9iyoAzrOHqQQYFr2E6DYK/whTCFDhlHUAZ34T7FnwYM+isrEe5gdtHSc3X55whIGSYBiz2yfZ0ymfVQd0In/FHsUe2zZs6AO6Dh7kEKAadlPgGKPYkKJCX6aXRd04j/FngUPejqi2Y4YhX10nN1+ecISBkmAYo9xJYrYxXsUXs904j/FHsUeW/YsqAM6zh6kEGBa9hOg2Cv8IUwhQ4ZR1AGd+E+xZ8GDPorKxHuYHbR0nN1+ecISBkmAYs9sn2dMpn1UHdCJ/xR7FHts2bOgDug4e5BCgGnZT4Bij2JCiQl+ml0XdOI/xZ4FD3o6otmOGIV9dJzdfnnCEgZJgGKPcSWK2MV7FF7PdOI/xV6sxJ4Hx3HhuKpyuX6rnus6cB0HCcdBmSPf5Zz0O81HfqdTmstAx9mDFAJMy34CFHvm+nt+sZjxPz9u5tcDnfhPsRcrEZOE4yTgeB48N4mE0w+u0x9lblnqb68MZU4CCdeD57lwEhIcNgtBWx3FhnLpOLv98oQlDJIAxZ75D/ncYhfjf268Ssf+OvGfYi9OYs9vrSuD5/RDpdMPFU4VypytUOH0g+MNQFl5JbaudFHuSQufC9crg+Mk4YoAdBx4aeFnq8OUcrl0nD1IIcC07CdAsVc6D3ut2MX4b23vlE78p9iLk9jzHHheGcqdrZF0K+GVO0gkPZQ7SWxTXo4xJw7GbbNOw/EH7oytXBF3CbhuGVy3Aglf8Lm+4NMKLHHiakBZdZzdfnnCEgZJgGLPMrHH+E+x11OAoLNb5uxOwhd25dKVW14Gt6ofyt0KDPpCFS678Ei8dPcUbFw8E4tuPBf/s+/n/Na8pOsh4ZTDdSp88SetexR75jGg2OspivF4vgQY/83z88JiL+N/YfzMrQ868Z8te7ERLzIZowJJJwHP9eAkqrB1sgxf3Wt73DHrOKxd1A50zAA6J2Lj0kb8dNZJ+OI25SiX7ls3AccpT433iw0vcx07W8DScfZ8H/q8Lp4EKPZKKwZkiwubjzH+b2Zhk11TZdGJ/xR7VooX6W5NwnM8OJ5UBvmeRNJxkJSxeE4Ztk5WoObYXbHmzjHYsLQRWDoVWDoF6JgAdEzBu4824XsTvoLdtxeRJ126SThuecZMXvscppSDgY6zx1OysNT5EqDYK9UYx/hfyrE8n7zrxH+KPVvFnsy2dcvhef2QcKqQFLHnJvzPvT+zFWacsR+e+/WFwIo2oGOqL/BSgq8OWDoN6GzAe/Nm4MpxX8Gu28mkDhflThU8T8RfasmWfColrwnnAaLj7Pk+9HldPAlQ7IXjq+HHQDe1ugLjf2yGHOnEf4o9C8WevyaeLJ3i9UfS2QZV/uQKmVlbhX0+W4mbmo7Ge080AStmA0vrU616vuCT1j0Re9NT7+VNeG9uPa6cdCh2/kwSlU4S5TJzV1oMLeRWymXScfZ4ShaWOl8CFHulKfYY/0vTboU8f3TiP8WelaJF1tHrD9cd4P8PT7pvt/LKcML+X8Q9l56GD5+oB1Y1AEtE2NWlW/akdU/e04CO6am3tPCtaMA78+tw5fgjsMf2lamuYSuZlXaA0HH2fB/6vC6eBCj2SjUmMP4XIpxK8Vqd+E+xZ6Nw8WQShnTflvnj9HasSGDM8Xtgzc/Pw8ZVbcCKFmDJNGCpjM8TsScCT4SefE8LPfmUVr/OBmB5E96ZV4/vTToMn99WWghLNQjam28dZ4+nZGGp8yVAsVei8YLxP3bPKJ34T7FnoXCRZnzXleVSEth7aw9XTzgcb8xvBp5qBFamW/PUhAz5VF243cVepwjCBmDpDGB5PV7+3Xice8yuqJTt1VwPUsH4QDDjgaDj7Pk+9HldPAnQt83w7Vz/c834X5p2y9XOmefrxH+KvVIWe77gkpm2MmmiCq4/lk4mT7jol/Rw8B7b4eamY/D+kgZgTSPwZFrY+V23k1Jj9aSFr0vsZXThdtSnW/qmpFv46rCpoxmrb6vByYd8AVWe7KrhISGCz7+/bMUTPyczpcw6zh5PycJS50uAYs/weMb4z2dO+pmrE/8p9kpaoCT9HS6SvvCqRJlX6S+zsk1FEmcevjMW31yLDStnAWuagRVKvE1OiTtf8GV02WZ233Z979a1KxM3Opqw8qdj8a3DvohKL4Fy1/MXZvaXZilploYH9j7Y6jh7vg99XhdPAhR7pscExn9T/rNd7HzoxH+KvT4eosU2Yt/3lyVW5J0KTDtuncSsEfvhxfvHY9PTbcCaVBcslk0BOtNCr/tEjC5xl038pVv7ZLKGL/amA53NWHnreTjl0F3Qz3NQIev3pe/fd35ND6ClmT8dZ4+nZGGp8yVAsVcKsYDxn88cGVbl9unmFHulLPZcWTtPdsWQdfA8DN1tAK6c+GW8NW8y8IfZwFOyvMoEoHNsasFkf0kVNSEjm7DTOSbiT9bha8aq20fj9KN2xYBketFlLslStG4FHWfvMxrwBBLIIECxZ7jYY/wvWrw1TWDqxH+KvRIWe66XQFXCQ6Xj4LDBn8Xca0fgI+mefboZWC0tetINe2FqVwxf6M34X+TQAAAgAElEQVTYcrZtry16Ivyk61feSgSmhZ7M0l0uM3Wbsfono/HNw3dFmStdyLKtmuEB0tL86Th7xnOcX0mgTwIUe2bHMsZ/s+0T5bNQJ/5T7JXww18MXOk5OHbY1njs+nOAVc3A042prtsV0mU7KUOodRt/1yXglJDL9iniMFPsSatgXWo5FunW7WgEls3CfZedjGE7yGLLyvlSk0Q2/62O8zMsJjrO3ufTnSeQQAYBij2z4xXjv9n2CSvWZ0tXJ/5T7HUJFLMrTsJxUCbblCUdOAnJq+x1W4mjBn8WC350DjatbgSeksWSW1Ktbh0i9kSYyRg7EXL5dN9mCj1JQ7XsyXIsdam1+jpb8NFjLfhR3REY+Jlyf/ye48rM4P7wnCo4HnfbyOacQR/TcfaM5zi/kkCfBCj2zHkmMP6bY4ugY3cQ6enEf4q9EhB7nuNAnD2RcFHmyf62LsocB8cM3h7zr63BhlUyPq8+1XXrz7qVVrxsLXUBHfPX3hPxKNuriSBsw8ePtePmGcdh0A4V6aVYKpDwkv4OHtxLN/xApePsfT7deQIJZBCg2Avfb3Ue9Iz/ZthBx1bFOkcn/lPslYjYcxMJeJ6LcqcM5U4SXxmyDRZcfwawph14qiG1tMryxtSM287M7tuABN4W4rEh3WqolnERwdeCDx9rwXXTj8I+O1T4XbquJ4sus2UvigCg4+wZz3F+JYE+CVDsmSEyROwx/pthiyhieT730In/FHslIPYcz4GbLEPCSYmoo4Zuh3k/OBMbVrQCa6RFbyrwpIg66V6tB/zxdGGIvHSa/hZq04Bl6XGB/m4c0tI3Ax8uaMLNjcdiyOcq/a3aRPDlU3l5TW7BTcfZ+3y68wQSyCBAsZebD4YWsxj/+QzpQ6foxH+KvT4ghubAOdzXcx2Uu9Kq5+KwgVtj/rWnY9PqVsB/NwKrZCkU2QYtvbWZ37UaothbJrNxpwPL5L5q4seU9LjAdny8oAU3TzsGe25bBlfGGeZQVp6b3wNGx9kznuP8SgJ9EqDYy88Xg45hjP9m2CFouwaZnk78p9gzVohsFkmeU4ZKJ4GvDt8Wj11/FjatTC+WvLoeWCkTMGRLM1n0uPuEipAEnz/hQ5Zeke5cuae0JsqniL9pwPJmvPHwdNSdOghVMqGEgi90wavj7H0+3XkCCWQQoNgrpshg/A9SDNmelk78p9gzSey5DpKegypHJjb09yc4yM4U5Y6HYwZtj/ki9PxZtzNSW6CtlKVPZIastOpNT+9wkZ4xu8UYu5BEX/d7+N3HqqWvBX+6cyyqj9kVWyUcJB0PXrkD16uA6/aHw+7dQAWgjrNnPMf5lQT6JECxF7HYY/wPNCbaLvAyy6cT/yn2DBJ7MuO2wvWQ8Cr9/WYrnSTKZdbtsK2w8IYabJRZt/4YvQZgVQOwXMbJRSTk+ryPiExp3ZPWPpmlK+P52vHcL8Zh9P/sggEJz59g4sriy24FxV7A9U7H2ft8uvMEEsggQLEXrdhj/I+Wd6ZYKvXvOvGfYi/gh24hlcZzXCS9MiS9BMqdciSdChw1dHvMu05a9FqAp6YDq+qBFS2pMXr+WnoiskwRfLIIc1OqO3fpeGCJzApuwrM/Pw81R++KrROyw0YCnlMOR9bgY/duYP+T1XH2jOc4v5JAnwQo9qIVH4z/0fIu5Flt2rU68Z9izyCxJ+JHhJ6Mz0s4ZTh8yPaYd+3Z2LBS1tFrANbUpcfoNQJLZkQ3Rk9XTEpX8pIGYImM4ZNFlyenFl5e3Izn7hyD0V/dBduUOahwKlHmCz46d1BBQ8fZ+3y68wQSyCBAsRd1fGL8Dyoexi0dnfhPsWeQ2HP9blwHlZ6HI4Zsh7k/OB1Y3Q6saQFWNwMr61Nj9JbOAJY0pQSfrhAL+zwZr7ekDlg8DXiiPi36pgOLpwJPyCzhZvzxrtEYcfQXsbUrgi/qQGr3/XScPeM5zq8k0CcBir1oYwbjf7S8bRKEOvGfYq9YosN1IM6d6sqUmVcuXCeJMsfD0UO3xYIfjsDGVTNTO2NI960v9GQShrSapdfTC1vA6aTvTwyRmcDSqieCT8SdtOrJ3+nWPV/wSb6bsODac3DY7rKVmgPH9SBdF77TucJCFmDePAvNJmcMuyw6zt7n050nkEAGAYq9EMUH4z/jf4DaQyf+U+wFCFz/gZ7aWULWzvO8CiQTFShzk6hwEqkt0K4bhY2yvIpsgSYTMvzJGAaNzfOXXknP/vUFnog89U7vmev/Ld+nAIulxU/GFU7GJwun4+czv459dx6AMqcMA2RsYsKFk0jA9cfxpRaO1mcZYkAuSt3Irzw6zp7xHOdXEuiTAMVefr7Yd+xi/Gf8D7Zu6cR/ir0iPNClVUv2tnUTSZR7CfR3y9DfcXHskO2w8IbzsHHVJYCsoSeLJa9sAGQRY51WtijP8df1UwKvt0+ZmStvEYdT/O7dtQtn4a5ZX8dBu/ZDWVK2geuHpFMJ1xHBV8bWvTzqpI6z9/l05wkkkEGAYi/YB7ISgYz/jP+qLgT1qRP/KfbyeLAWbqBUl61MtZdu2zIniWMHfwaPXTcSG1fIGD1ZWmUasGoG0JlerDhKIdfXvVTXbVdrXi9iTyZqyDIsIvhk4oZM4OiYjrULp+GnM4/FoF37wXXKkfC7b6UbV2bshhNkbU5Xx9kznuP8SgJ9EqDYCysOMf4z/gdbt3TiP8VeMYSFm0TCrUKV5yDhOjhi8Od8obdplQg9EXnSoieTMVLCyN+Zoi8BFuXvOiKv6xxp0ZMxfZPSLXvpFr6ldfhkYQN+1v5VDPl8f8iWQF4iCcepZMteHnVSx9n7fLrzBBLIIECxF+wDues/m4z//moNjP/B1S+d+E+xl8eDtctp87xWJmbIEisVnosj/OVVzgRWtgJPyc4Y0n3bmN6KTMbpycLJBo3X82fd9tKS1yXyup8je+fKQsvyKb+lJpmsXViPW1uPw97bJZEUni5b9vKpXzrOnvEc51cS6JMAxV5wD+NMn2b8Z/zPrA9BfNeJ/xR7eQq2nAzkCxgRMTLT1PNn4bqug722rcLdl5yKTWvagaenpbpv/TF60volIk+2Hotwz9veWgfVbNvexJ4ax7fFp0zSSC/JIkLQF3zpLt3FIvim4935DWg7Zyh2KEvNUJZg6AormaGr3lHYqYTvoePsfT7deQIJZBCg2AtI7DH+p5bkYvwPbYiSTvyn2Av5AS9G8DzpmqyC45XB9aSrMonPV7m4/LxD8N7C6akFk9XuGP5MVxnnJiIv3aqnZr/2JsbC/E0JvR5b7dKteFuIPMl/xtu/Ni1i/XF88lt6eZaO6fjr3RMx+eTh2D6RmryS8Dw4Xjkc6dr1JOhySZbe/oOh4+wZz3F+JYE+CVDsFS72GP/TzwDG/9CEnjwXdOI/xV6oYk8G4pahn+P526B55eVIuC526F+OS8Ycircfn5baAu3pemC1dN3KdmMyIUPeskNGeu26Ynbjqjz0JfTk90xx1+d3abVUM3UnAB2NePGeaZj8zcHYocJD0nWRdKpQ6VbC8/9nzCVZKPb61Cc8IUACFHuFij3G/56fCYz/vcXzXH+j2AtVyOkEgpSzl3sy41b2hK3ALgMS+M75h+Ltx2YAzzQDq9rw9oLJeOW3Y7Bedp+QVrxO6e6URYjVlmhFGrMnQi9Msee38ImgnQgsGe+L3RfvvRCTTxqIz5W5SDje/2/vTMCkqM69PwwjGLM8d/nujVESF3YGEKNIYrz3xg2XGECjwkz3DMg+ss8w09PDMmIU8ftM9NGrCEb8DBCXGMENUVxYZEDMl4SYSDRqFGSVJeS6sM7/e97qLuhpemre6q7uOdX17+epp5eqOvXW733fU/8+VecctC9si8I2MhzLV7P6z8htcpm2vSbZPdQBLCoABCj2NHW80zas/x3FHut/z65pmvqfLXtZFYQxwVJQJBVCETq0Pwl3DOuHva9VWkKvcUMNtiypwIJp/fCz8Z3xzq9K4kOtSCcG+ecjvXHtHrkyKHEOF2mZ07Tm2du02JKX1PJnza4hx5B5fkXYjo8N0bJ2Cj749SiMuaojvtG+DQoKYwOQyvAspgksk+zRJHsA9AlP0UMCFHtOQk6zjvV/s2KP9b+n1zNN/U+xl1WxJxWCJHwBvv21tri9/ALsXREBNk7DZ2sm4M351+Fn43pjWklvRIechYdnXoSdL04C1lcniD25tZvjlj1buNlCzn63f/fi3SpTWvVinTSOPZ8os228MQXvPX0zQpd2RXvrOcdCSIcWk8SVabZokt1DHcCiAkCAYs+LOof1f0rBx/rf0+uZpv6n2PNI7EkPUpnntY01v2sRCtoc71Bw6ldPwq3D+mL3K1OB383C9ucn4YlZ/4X6YaejNtQJtaHeqA13xPShZ+JXt/wAO5dNABqmxubAlVYva/gVewgWEX5ZFH+JQs4WefZ74rpMP9tlyly6MgbfWhmHb1ys567cvl5fj/snXYp/bfdVFBQWUey1EKeaZA+APuEpekiAYk8v9lj/J925aen6wPqfYs+0FhOtPTLV10ltCtHWEibt0UZ6kha0wamnFOKW8r7YszJiCb0/LgzjwannIhruitpw99hSVozash7W57rwd7Bo1g+wa9lEoKE69sycNfyKJJM9m4bc4hXxJ98zvLW7JmF/SdBjSZjic0sJ7Gq93TlD3mWGjfigyzLTxrpq/O2pCoy4rAvaFbVHQZFMo6aveLU+y6ftKPY8VDksyiJAsaevc1j/uxR71hSa9jWA9X+m1yJN/c+WPU9ERCEK2pyCNkUyzIrMiiGdMU7BqV8rwq3D+2Lv61F8vjKClQ9cjTtv7oTqktMREaFX1hORcE/rXT5Hw8WoDXdB3dCO+FX9Rdj1wkhgnXTYqIwPsjw11ktXBJ49fEm6Yi+x40WiSEsUe4m/e/5ZxtqTMfiq4rdypbKYCKyvxNZnR2LSoK74X6fIM3uFKGxzitVqmmlC5PP+mmSnhiEBNwQo9rRij/V/ylu1jtcM1v9eXo809T/Fnldir/DraNO2CO2tZ/Ta47RvtMcdI8/Dnleq8cHSUVg4/QLcOvRsREKdUV3WHRERdmXHhV7scy/r96ll3RAt/w4W11+AnS+MA9bVxFvw5PatPOMmS1wcpS32UrTcJQo9+eyYrJmuHx8Xe9JBQ8TrOKBhIr5YVYl5lRfjO/98SqxzRuFJKCqQ+XM5s4ZT5aBJdjcXem5LAhR7LsQe63+X1wvW/071udt1mvqfYs8TsVeAwjbt0d5q0WuLb57cDrNH9MO2F6vx/xbfhLsmdEUkfBrqhvRE3ZDzUBPug4h167ap2Ksp647qsm6oDfdCdbgLomWd8KuZF+HT56V3rrTqSXO3NH3He+laQ7Qk3IbVCj8RccnCzv6eVYGXKBDtJnwRenILdyIOrqrG47f0xwUdvoavFJyMNoVfQUHbk2IDK7eRwai1lW/wttMkO+ULCbghQLGnr0dY/yfW7ZrPrP+9vJ5p6n+KPY8EhMzr2l6GV/l6e9wy/Pt4+7FxWPJ/BuKWkWeiJtwRkVAx6krOQzR0DmrLusae0Utq2RMBGCnrgbpwrIWvOtwN08Nn4vH6/8Cny6SXrnTakCSRZ/WmxMfjcyn2bFHX3HtOxZ48dyjLBHzxWg0erx+E7377q2hXUIB2he1RVPB1tG3bFoVt26KAYs9R7GqS3c2FntuSAMWeXuyx/tcIvMRt5DrG+t8rwaep/yn2PBJ70hP337/RDtGh/bDiwVL899R+mBHuirqSrqgp74TqsnOsDhhRabELd0Ntipa92vA5MTEY7oLacA/rlm4k3A3Tys/EwlsuxI7l0ku3OvaMmyX2XHbSSHxOL+diT8bSkwSX8fQk6ePJ/sZkHF1dgyW3XYXzOnwDbQtORmHbNtYt8UL5LHMJc35cR6EnFYYm2SlfSMANAYo9vdhj/Z8o5FJ9Zv3vlbBLVY6m/qfY80js/ctXv4JxQy7EL2//Me6q6IVoaTGiIelhK8/mSYtdz9itW+mQkfJ5Pfk9vlgtfvYzfcWIhHugruxMLJ71n9i1TFryZBw+ebef34s/w2e1ksnvCb10NQIvUfh53rInD+JOAVZLq6Q9vMqU+HN60qt4Kv74y7G4oue/ol1BkTW9XKpg5m/OFx5Nsru50HNbEqDYc865xDqJ9X8qgRf/U8/6v8U/64mxlM5nTf1PseeR2Otw6j/jlnH98dOR5yIyuDtqQ91RU97dEnkndsRo+qxei+vDxagJd0W0vBMW1/8ndr0wClgn/5RE1IlgssfdSxqDT4RbopBr7rPnAi8x8aXHrdghgyXLM4cykLLYLttU4U+PDUXpFV3xtaL2KGrTFm0K9RVsOkmRr/tokp3yhQTcEKDY09dFrP8T6/zEz6z/c3HN0dT/FHseib327QrRr8u/YPwNnVFbfh5qw32sYVSabcVLel7PSfBFyqTDRm9UlRUjWnY2FtdfiJ3SaUMGXpZOGw3SgSPe0meNySfCqhmhl1Vhl5jk8c9WT1sRoRWxxRJ+Ym8V/rxoJEr6n4V2RQUoKmiLIpkDt/Bka3zCXCRIPh1Dk+xuLvTclgQo9vRij/V/irrfugZJBzzW/9m+1mjqf4o9T8SezJZxCtqd3B7f7/V1jBvcDTVl52NaiYyd57IVL4UIrC7vihoZdDnUG1VhGZalCxZPj/fSbagC1ongk2SrirWcyYOvia14uRZ4TY4nIlQGiK4A3qgA1sRE6rtPjsHQ/p3wtaKTcFJBIdq2kR7NRWjLOXDTavLXJDvlCwm4IUCxpxV7rP9jd2pSCT7W/9kWelK+pv6n2PNE7BWgjSVS2uArRQX4QfE/Yfz1fVBb2tcaRsWp1U6zzuqlG5ZnAHuiRlr4QrFeus/c/kN89upkYL38c5KpxuzbowaJPev2rXTKkGf3xM7J2LuiGtPL++Kf2gk3EXrS21amm4stuUgOk45hX1QT3+VzS0uhDDgdX2RbvkjASwJ2PJqUK6bawvo/ldCzH99h/e8Ut3aeJb7L55YWu+6Xd9m2pVfeiL1kMIkgUn2WIT1aWoqKiqBd2hUV4eSik1HU9mR8o10R/qv7v6Hihn6oDsssGdLZold8SjTphCHDr2hb/GRWDbkl3Ds+ZEusE0ektAt+OrIj1s4fhMOr4/+e7Na8Yy17cjs34ZZukxa3ZpIz7W3sY8WfybPmvLV738oAmtKJpAaH1t2Gp+4agQuLv4NTv/lNfOu0Djj1tDNx2rdOR4dvfQvfamY57bTTml3X3D6pfu/QoQOKi4txwQUX4KKLLsLFF1+Myy+/HFdffTWuueYaDBw4ENdeey2uv/563HDDDdZy4403YvDgwRgyZAhKS0sRCoUQDoetpaysDOXl5Rg2bBhuuukmDB8+3FpGjBgBWUaOHIlRo0Zh9OjRTZbq6mrMnj0b99xzD+bOnYuHH34YixYtwhNPPIHf/OY3eOaZZ/Dcc8/hhRdewLJly/Diiy9i+fLleOmll/Dyyy9by4oVK/DKK69YiybZW6oMuJ4EEglITDldpExax/o/4Q8+6/9mrxVBrv9bFHunn346zjjjDHTs2BGdO3dGt27d0KNHD/Ts2RO9evWylnPOOQd9+vTBueeei+9+97s477zzcP755x97lwtr3759rQusfO7Xr5+1fO9734O9XHjhhZBF9rXLTfUu+/fv3x8DBgywLsQlJSXWxVYusnJRHTNmDCoqKjB+/HhMmDABEydOxKRJkzBlyhRUVlZaS1VVFeRiK0skEkFtba211NXVQZZp06Zh+vTpmDFjBurr61XLLfX1uKX+VtTX/xSz6m/BHfXT8cj9/xv31g9DdagPasLdECnrHO9xe25c/GkFX+rtIqFumDOmMzbMvxaHX5dbuJWx1jNreJNx8c4bIrgSnt9LW8y1JA7jYyaJ4FwtFY/8m5N3uxKaArx9Lxr/8S7279uNrVu3Yfv27Y7Ljh07HNe3tH+q9VLmnj17sH//fnz22Wc4cOAADh06hCNHjqCxsTHxWuerzxR7vnKXL4yVmGL9z/q/+Vu0idcE1v+tmdSa+r9FsSctCq+//joaGhrw1ltvYePGjXjnnXfw3nvv4YMPPsCHH36Ijz76CB9//DE2b96MLVu24JNPPjm2bN26tckFWy62O3futJZdu3Zh9+7dTRa5QNtlSXnJi5SXeLH+8ssvcfjwYRw9erQ1WTd77G0fv4//nl2BqrJuiMTHz6uVWTJSjbOnbu2Lib+6UDfUlZyJOWPOwpvzbsSh16Lx5/ZkiJMx8THt5NZu/CHZrAk9EZPSohefDWOtHFta+kSAyty3k4GNtwOfv9csJ67IjIAm2TM7AvcOGgGJKdb/mXmd9T/r/8wiSLe3pv5vUezpDsWtnAhs3fwBHphTgcrSToiEO8Znz7DH0Uvdaqe5zSvP70VC3VEbPgOzx3bFG3Ovw+GVU4EGac27Od6qJrdP7Wf5Ev+JefzZuoUsAk963cqxJwOrJ8SWN+uBPW86IeK6DAlokj3DQ3D3gBFgTHnjcNb/rP+9iaTmS9HkKsVe8/w8XbPlb+/i/jvGokqe4QvJ83vpizx735qyc1Bd3huRsi6oCZ+J28echYYHB+DgyipraBOrQ4TVmhd/bi+bLXvHZseQ27aTgVWTgFXjgXXTga2vAUcPesqThTUloEn2pnvwGwk4E2BMOfNxs5b1P+t/N/HidltNrlLsuaWawfZbP34fc2ePR3WoGDWhzFv2ZMaNmjIZf68Xasq6IRo6C3NGd8TaudfiyEqZZWNq/Nk5GcxYWvKyeTvXnv5Mmu0nAqtujgm9ba9S6GUQM9pdNcmuLYvbkYAQYEx5Gwes/73lydKOE9DkKsXecV45+bRt8/u4f/YYVIe6IhKS+XLPjU+fJlOruW3t62XtI4IvUibz6nZDbUlnzB7TGQ3zrsWh12viw7HIGHf2nLR2r9mEjhtptfjZvW7lXcqU5wTltq0IygrgzSiw7TWgkf/ochFYmmTPhR08Rv4QYEx570vW/94zZYm6P2YUe60QKVs+ehezqwZiauk51kDJtVYrXw9EZODkjG/vFqM21NFq4Vv/4E9w6PXqWC9dS9BJC1+8l6w9JEtaQk9aCWV+W+n9K88DSpkyYLKIPemVNQn46Cmg8UAr0A3mIXlhDqbfs3nWjKns0GX9nx2uQS5Vk6sUe60SIY1Y99pzmFHRHzUlXVAXiom8SLm8Z357NxrqjmhpR9wxtjPWWYKvNt5JQ8Te2Lg4kxa4TG7ryr52T18Re/GWwtVTgE3zgIPbW4VsUA+qSfagsuF5p0eAMZUet5b3Yv3fMiNu4YaAJlcp9twQ9XDbxqNHsHr5r1FfcQmqS2X8vWJEZPDkjFv2ZNDlPpD5dGtDZ+P2UWdYnTasXrpWK570lJWWOS966SZ0/LDLfPt+4MAWD0mxKA0BTbJryuE2JGATYEzZJLx/Z/3vPdMgl6jJVYq9VoyQI4cPYc1LT2HGzZehqqQnakvl+b3Me+qK0KuxypHnAjvgjtEdsO7BQTi4sibeaUNa5RKEmttbuZawE8FoP/dXCayeCrzzEPAFhV5rhJQm2VvDLh7TvwQYU9n1Hev/7PINUumaXKXYa+WIOHzoIN5YsQT1FVegekjX47dxXXfWON65I1omY+8VoyZ8LiLh3oiWnoE7Rp+NNQ8MiD/DJ4MdS4cKu5euCDcXiwytYgk+EYwyzMoU4Pd3AZ9/1Mo0g3t4TbIHlw7PPB0CjKl0qLnbh/W/O17cOjUBTa5S7KVml9NfrX94L/8GM6xbut1iLXwhaeWLddqIuL61K8/9idiTOXX7WL10a0LSS7cTNjw0AEelFa5hYmzwZWtqMxFt8fHxrOf4pOUv3mp3ggicCKyOT79m9b6dALw1C9j3FgD/TjeWU4dn4WCaZM/CYVlkHhNgTOXGuaz/c8M5n4+iyVWKPUMi4MiRw1j10hOYPvoyVJf0RjTUC1EZgFme5fOkl64M5twJD1T2xMdLhscHXa6KD5US76UrPWulh63jjBsTYjNkiAiUzhhvzgR2rAZw2BCSwTRDk+zBJMOzTpcAYypdcu73Y/3vnhn3OE5Ak6sUe8d5tfqno0cOY83LSzCj4nLUlEov3eL42Hve9NKNhHuiLtwJj9T1w/YlY4FViUOniOCT27PyW3w5oVUvfqvXuo1bCWyYRaHX6lETM0CT7IaYSjN8QoAxlVtHsf7PLe98OpomVyn2DPN449GjWLX815gx9mJrWBZp3asNedRLtyw+ll9pJ/zf6Pex9ZkxwFoZh8/ubBF/Bm+NzIIhz/WleI7PmgptMrAuCmxfzhY9Q+JHk+yGmEozfEKAMZV7R7H+zz3zfDiiJlcp9gz09JEjh7D6padQP64/qob0RKRUnr3LvJeuNYZfuDsi4S6IlnXEgmkXYcuSUXFhJ2PmxZ/dO/b8XgqxZ20zGXh/IXDkfwykF0yTNMkeTDI863QJMKbSJZfZfqz/M+MXxL01uUqxZ2hkyEO7a195BjNvvhJTSxJ66SZ01nDfcUOeAyy2BnGOhOXzGVhQ1xdbnx4DvCFTq0nHDLmdKz117enV5Df79m28Y8Z7DwMHdxhKLphmaZI9mGR41ukSYEylSy7z/Vj/Z84wSCVocpViz+CIONZL6+bLUF3aFbWhnoiGe6M23Bsi1tyLvdjwLFYZlmjsjGi4ExbUfh9bLME3FVgrHTAmAGvGAWvGAw3xMflWy2+TARF6h3YaTC2YpmmSPZhkeNbpEmBMpUvOm/1Y/3vDMQilaHKVYs/wSDh86BBWr/g1ZlZcHu+lW2y1zsVm3Dg+tl66M29Ib9+68Nl4JHoetiwdBqy1O23EBZ815+342Fh6f1kAHKTQMzFkNMluot20yVwCjKnW9w3r/9b3gR8s0OQqxZ4PPCnd8te8/DSmj70SkZKuVo9auR3rzXN8MrxLd9SWn4lf1J2PbfIMnwHm+5cAAB4cSURBVAy9slae4Yt33Fg1Efjt7cD+d31AK5gmapI9mGR41ukSYEylS87b/Vj/e8szH0vT5CrFnk88L720Vr/8FGaMvhg1pd0RDUkvXS86bfRAbbgLIuFuiIbOwiPRvvhk6cj43LkTgFXVwFu3Ap+uA3DUJ7SCZ6Ym2YNHhWecCQHGVCb0vN2X9b+3PPOtNE2uUuz5yOtHDx/G6uVyS/dHmCpz6UrrXkKHjXQ/R8M9UBfuaj2/V1d+NhZEL4z30pWx9GYDuxoAHPERqeCZqkn24FHhGWdCgDGVCT3v92X97z3TfClRk6sUez7ztgy8ufbVpZgxNt5po8y+nSutfLFp0k4Ufc39HnvmLxI+B9Fwd0TD3VAT6obqkm9jblU/fLysHtizgULPBzGiSXYfnAZNNIgAY8ogZ8RNYf1vnk9MsEiTqxR7JnjKpQ1WL60VMg7f5agq6Y5aax5dGXi5uzW1mtVLVwZjPraIIJTbtb3iz/nFpmCT7axevdKzt7QYlUO6oyp8Lm6bfBUW3hvB+2/LNGh8+YGAJtn9cB600RwCjClzfJFoCev/RBr8LAQ0uUqx59NYOXzoINaseBr1465GdWlPREPFsef4ykTIieiLCTkZpqU2fA5qwzIwc29ErPVdESnranXMqCntgcrBXREZ+j3Mu3MSXl/2GN7ftBGf/88/fEommGZrkj2YZHjW6RJgTKVLLvv7sf7PPmM/HUGTqxR7fvJokq3SLf+NV5/BzHGXI1LS2ZpLV0SftOBJi5207EWtwZNlAGURfTJdWlfUhHtgaqgPaoZeiDnVg/H0oz/HOxvX4+/7PkVjY2PSUfjVDwQ0ye6H86CN5hBgTJnji1SWsP5PRSWYv2lylWLP57Eh3fJXvfQUZo69xBqWJRrqjdpQX9SGz0VduAeioa6oLe2M2lAX1JT0QE3ofMwaNxC/evAObHxrNfZ9uh1SafDlbwKaZPf3GdL6XBNgTOWauPvjsf53zywf99DkKsVeHnhe5lJc+8oSTKu4AtWlIvb6WLNtREq7o3pId0TK+2LmuB9h7pwpWPX8E9j28QeQ2wB85Q8BTbLnz9nyTHJBgDGVC8qZH4P1f+YM/V6CJlcp9vzu5bj9jY1HsWbFUmumjSklnTG1rBgzRv8HfjatHM8/8RA+/vBdHDp4IE/OlqeRTECT7Mn78DsJOBFgTDnRMWsd63+z/JFrazS5SrGXa69k8XixXlpLcO/sCXhiwR347foV2Lt7RxaPyKJNIaBJdlNspR3+IMCY8oefbCtZ/9skgveuyVWKvTyLiyOHD2Pf7k8h4zHxFRwCmmQPDg2eqRcEGFNeUMxtGaz/c8vblKNpcpVizxRv0Q4SyICAJtkzKJ67BpAAYyqATucp+5KAJlcp9nzpWhpNAk0JaJK96R78RgLOBBhTzny4lgRMIaDJVYo9U7xFO0ggAwKaZM+geO4aQAKMqQA6nafsSwKaXKXY86VraTQJNCWgSfame/AbCTgTYEw58+FaEjCFgCZXKfZM8RbtIIEMCGiSPYPiuWsACTCmAuh0nrIvCWhylWLPl66l0STQlIAm2ZvuwW8k4EyAMeXMh2tJwBQCmlyl2DPFW7SDBDIgoEn2DIrnrgEkwJgKoNN5yr4koMlVij1fupZGk0BTAppkb7oHv5GAMwHGlDMfriUBUwhocpVizxRv0Q4SyICAJtkzKJ67BpAAYyqATucp+5KAJlcp9nzpWhpNAk0JaJK96R78RgLOBBhTzny4lgRMIaDJVYo9U7xFO0ggAwKaZM+geO4aQAKMqQA6nafsSwKaXKXY86VraTQJNCWgSfame/AbCTgTYEw58+FaEjCFgCZXKfZM8RbtIIEMCGiSPYPiuWsACTCmAuh0nrIvCWhylWLPl66l0STQlIAm2ZvuwW8k4EyAMeXMh2tJwBQCmlyl2DPFW7SDBDIgoEn2DIrnrgEkwJgKoNN5yr4koMlVij1fupZGk0BTAppkb7oHv5GAMwHGlDMfriUBUwhocpVizxRv0Q4SyICAJtkzKJ67BpAAYyp9pzc2NuLo0aNGLWITX/lJQJOrFHv56XueVcAIaJI9YEh4uhkSYEylB1BE3vPPP4+5c+di3rx56mX+/Pnqbd2Ua2+7YMECbNq0Kb2T4l5GE9DkKsWe0S6kcSSgI6BJdl1J3IoEYgQYU+lFggiqsrIyXHbZZbjiiiuMWS655BLMmTMHBw4cSO/EuJexBDS5SrFnrPtoGAnoCWiSXV8atyQBgDHlPgqOHDmChx56CFdeeSWuvvpqo5bLL78cw4cPxzvvvOP+xLiH0QQ0uUqxZ7QLaRwJ6Ahokl1XErcigRgBxpT7SNi+fTsqKyutVj3TxN5VV10FWZYuXer+xLiH0QQ0uUqxZ7QLaRwJ6Ahokl1XErcigRgBxpT7SGhoaMDgwYOtW7emiT2x59JLL8Xdd9+Nzz//3P3JcQ9jCWhylWLPWPfRMBLQE9Aku740bkkCvI2bTgwsWrTIyFY9W3j2798fN910Ez788MN0To/7GEpAU/9T7BnqPJpFAm4IaJLdTXnclgQYU+5iYOfOnaiuroY8G2eLKxPfpaPGs88+6+7kuLXRBDS5SrFntAtpHAnoCGiSXVcStyKBGAHGlLtI2LBhAwYNGmRk54xE0Sk9hG+++Wbs3bvX3Qlya2MJaHKVYi8H7pPBLD/66CNs3bo1B0fjIYJIQJPsQeTCc06fAGNKz+7gwYO4//77rWfiEoWViZ+lk8aAAQPw9ttv60+QWxpNQJOrFHtZduGXX35pNZkPGzYMFRUVWL9+PTiSeZahB7B4TbIHEAtPOQMCjCk9POmFO3ToUONb9WzxKUPDLF682JrhQ3+W3NJUAppcpdjLovd27NiBu+66y2ralwdjZZDN8vJyyEO8Mh4TXyTgFQFNsnt1LJYTDAKMKb2f5U+89HS1xZTp7yL2Jk+ezF65ehcbvaUmVyn2suRCaSKPRCLWw7qJA2yK6Lvmmmtw77334pNPPsnS0Vls0Ahokj1oTHi+mRFgTOn4HT58GLfeequxw600JzwHDhzIW7k6Fxu/lSZXKfay4MbVq1dbI5WLsJPnI5KTTcSf/D5lyhT87W9/y4IFLDJoBDTJHjQmPN/MCDCmdPzkFm5JSUnKuj657jfpu1yHbrvtNt1JciujCWhylWLPQxd+8cUXeOyxx3DjjTda//JSCT072WWdJJtMX/Pyyy/z2QkP/RDEojTJHkQuPOf0CTCmdOwef/zxE/7Q2/W8ye9yDZLHivbv3687UW5lLAFNrlLseeS+ffv2YeHChZbIS7xt21KySzf46667DgsWLMA//vEPj6xhMUEjoEn2oDHh+WZGgDHVMj/phVtVVeW7Vj25LonYk1u5L730Ussnyi2MJqDJVYo9D1y4adMm65ZsuoNpStLJLd/77rsPW7Zs8cAiFhE0AppkDxoTnm9mBBhTLfOT+vqGG27wpdgTwScNE/K8IV/+JqDJVYq9DH28fPlylJWVWWKtpVY8p/X2bV0Z7JLjH2XolADurkn2AGLhKWdAgDHVMjwZWUE63En97VS/m7pO7iyNGDEC27Zta/lkuYWxBDS5SrGXpvt2796NX/7yl7j22mszFnqJFYG0DkryPffcc2laxt2CSECT7EHkwnNOnwBjypndoUOHMH78eN/1wk283ohI/fGPf2wNB+Z8tlxrMgFNrlLspeFBe/w8ufUqS2LyePFZBJ88S/Hggw9y1o00/BPEXTTJHkQuPOf0CTCmnNmtXLnSuoXr5hltL64PXpch15tp06bxmXFndxu9VpOrFHsuXfjnP/8ZY8eOxY9+9KOsjpYuFYg0sc+cOZNN7C59FMTNNckeRC485/QJMKac2cmA+VJHey2+cl2enIPM8LRx40bnE+ZaYwlocpViT+m+o0eP4umnn7Zu24oQy8UzGvZzfKFQCDLJNl8k0BwBTbI3ty9/J4FUBBhTqajEftuzZw8qKyutQfNzLc68Pp5cZ6TxQq5vfPmTgCZXKfYUvt21axeefPJJKyFyIfKSk1n+eZWWlkI6g0hXf75IIJmAJtmT9+F3EnAiwJhqns5rr72G66+/Pi9a9uR6c/HFF2P27NmQsWL58h8BTa5S7LXgV5nSLBqNWs/mtYbQs4WfHFuWefPmcXiWFnwWxNWaZA8iF55z+gQYU6nZyR/ue+65x2rVa81rgn1t8OJdGhRkMoDf/va3qU+avxpNQJOrFHsOLly3bp3V2ypXt201SXvZZZdZNv31r391sJyrgkZAk+xBY8LzzYwAYyo1v3fffdcaMSHdcVU19XxrbCOtew8//DBkrl++/EVAk6sUeyl8Kk3Zixcvhjwrd8kllxj1AK78kxTxOWrUKLzyyitobGxMcQb8KWgENMkeNCY838wIMKZS85PHaUxqAPBKGMrIEjJfu8z1y5e/CGhylWIvyac7d+60ZrKQB1azMayKV4kpLXwycrvMxfvll18mnQW/Bo2AJtmDxoTnmxkBxtSJ/OQW7ty5c61n3Lyqy00pRxoSBg0axEH9T3S78b9ocpViL8GNmzdvRkVFRdaHVfEqueU5CxkQU4YA4Ly6CY4M4EdNsgcQC085AwKMqRPhvf/++3kxtl5z1yC5Nf3AAw+wI+CJrjf6F02uUuwBkGFVZDLokSNHWr2r/PTQrdxOkMStqamBjAHI27pG52TWjNMke9YOzoLzkgBj6kS3Llu2LC+GW2lO7Mn1RKb/5K3cE31v8i+aXA282Nu3bx8WLlxo/VuTlrLmksD03yVJw+EwXnzxRcg0PnwFi4Am2YNFhGebKQHGVFOCf//73zF58mSjH+/x4jol1xKZHYQv/xDQ5Gqgxd7WrVutW6DSdO2n1rzmElrEqkyzJp1LpGLiKzgENMkeHBo8Uy8IMKaaUty0aRN+8pOf5MW1orlriPwuYu/OO+/EkSNHmgLgN2MJaHI1sGJPpoaZOHGilbj5IPTs5BXBJ51LZIBMNsUbm5ueG6ZJds8PygLzmgBjqql7ly5dmvetenIdkeuhDOLP58Cb+t/kb5pcDaTYk2lhRowYAenRmk9CzxZ88s9MehJPnToVb731lskxSts8IqBJdo8OxWICQoAxddzRn3/+uTUnutStdj2bz+9yXeT0acf9b/onTa4GSuxJwj766KNWD1aTh1XxqhKRMQLlOT5J2gMHDpger7QvAwKaZM+geO4aQAKMqeNOl7FXq6urLaGX74JPzk/uDj377LPHAfCT0QQ0uRoYsSfTns2cOdNK1nxszWtOINrP8d13330cGd3odM3MOE2yZ3YE7h00Aoyp4x6XUQ727NmDxx9/3BpsPx8bC+S6KEskEsGaNWs4/Mpx9xv/SZOreS/2JEnXrl2LoUOH+m5YleYEnNvfJYHl31plZSU4zZrxeZuWgZpkT6tg7hRYAoypE10vw3TJEFcy04Rdr8q72zrZpO3t85BB+mW6NHbuO9Hvpv+iydW8FnvS9C7jIsm0Z34eVsWrikH+jU6aNAm/+93vODyL6dnr0j5NsrsskpsHnABjqvkAkCG75s+fbz0mI3+k/XprV64JYrs83y3XBb78SUCTq3kr9qRFb9GiRda0Npdeeqk1EKZ0yAjyIkPM/PCHP7Sex2DHDX8mdXNWa5K9uX35OwmkIsCYSkXl+G9yjZFWvjlz5uC6667z1WDL0pon18WSkhJr+je25h33qx8/aXI1b8WeNLc/9dRTVkuWNLlziTGQQUHHjx+P3//+936MadrcDAFNsjezK38mgZQEGFMpsZzwo8xN/vzzz2P48OFWY4LprXzyp1/udNXW1mLDhg0nnA9/8B8BTa7mrdgTd8lMElu2bIF0zuASYyA8duzYwc4a/stnR4s1ye5YAFeSQBIBxlQSkBa+/ulPf8LPf/5zo1v5pDVv9OjR1ggNu3fvbuGMuNovBDS5mtdizy+Oop0kkCkBTbJnegzuHywCjCn3/pbhvaRDoDwDJy18pnTeEFtkue222/Dhhx+6PzHuYTQBTa5S7BntQhpHAjoCmmTXlcStSCBGgDGVfiRIq9ncuXOtMV1F8LWW6JPjisiT8Vals+Jnn32W/klxT2MJaHKVYs9Y99EwEtAT0CS7vjRuSQIAYyqzKJC5Zd944w1r5g0ZpDiXLX0i8uS5vAEDBmDWrFnW40yZnQ33NpmAJlcp9kz2IG0jASUBTbIri+JmJGARYEx5Ewh79+61RoYoKyuzBJiIPq+G00pVjog8OYY8m/fkk0/y+Wxv3Gh0KZpcpdgz2oU0jgR0BDTJriuJW5FAjABjyttIePvtt61ZnKTVLRszcEi50tP2+uuvtzqKSEc8voJBQJOrFHvBiAWeZZ4T0CR7niPg6XlMgDHlMVDAmnJt4cKFkFY+mbtcBFqq1jm3v0lLnrToyRBjK1euhAw9xldwCGhylWIvOPHAM81jAppkz+PT56llgQBjKgtQ40X+4Q9/wN13342BAwdm3MonrYSDBg2yOoTI0Fp8BY+AJlcp9oIXFzzjPCSgSfY8PG2eUhYJMKayCBeATOf56quvWh04ZGYnt6159m1bGSi/oaEBMrgzX8EkoMlVir1gxgbPOs8IaJI9z06Zp5NlAoypLAOOF79582bceeeduOaaa1Q9du1n/mQ4FZkSlM/m5cZPJh9Fk6sUeyZ7kLaRgJKAJtmVRXEzErAIMKZyFwgy29P69eutVj5p4Wuux678LsO41NTUWPPy8tm83PnI5CNpcpViz2QP0jYSUBLQJLuyKG5GAhYBxlTuA2Hfvn2YP38+Bg8ebPWstTtw2K15oVAIjzzyCGQ7vkjAJqDJVYo9mxbfScDHBDTJ7uPTo+mtQIAx1QrQATQ2NmLdunWYOHGi1VvX7rUbjUbxxz/+sXWM4lGNJqDJVYo9o11I40hAR0CT7LqSuBUJxAgwplo3Enbu3Ilf/OIX1i3bRx99FPv3729dg3h0YwlocpViz1j30TAS0BPQJLu+NG5JApwuzYQYkFa+Tz/91ARTaIPBBDT1P8WewQ6kaSSgJaBJdm1Z3I4EhABjinFAAv4goMlVij1/+JJWkoAjAU2yOxbAlSSQRIAxlQSEX0nAUAKaXKXYM9R5NIsE3BDQJLub8rgtCTCmGAMk4A8Cmlyl2POHL2klCTgS0CS7YwFcSQJJBBhTSUD4lQQMJaDJVYo9Q51Hs0jADQFNsrspj9uSAGOKMUAC/iCgyVWKPX/4klaSgCMBTbI7FsCVJJBEgDGVBIRfScBQAppcpdgz1Hk0iwTcENAku5vyuC0JMKYYAyTgDwKaXKXY84cvaSUJOBLQJLtjAVxJAkkEGFNJQPiVBAwloMlVij1DnUezSMANAU2yuymP25IAY4oxQAL+IKDJVYo9f/iSVpKAIwFNsjsWwJUkkESAMZUEhF9JwFACmlyl2DPUeTSLBNwQ0CS7m/K4LQkwphgDJOAPAppcpdjzhy9pJQk4EtAku2MBXEkCSQQYU0lA+JUEDCWgyVWKPUOdR7NIwA0BTbK7KY/bkgBjijFAAv4goMlVij1/+JJWkoAjAU2yOxbAlSSQRIAxlQSEX0nAUAKaXKXYM9R5NIsE3BDQJLub8rgtCTCmGAMk4A8Cmlyl2POHL2klCTgS0CS7YwFcSQJJBBhTSUD4lQQMJaDJVYo9Q51Hs0jADQFNsrspj9uSAGOKMUAC/iCgyVWKPX/4klaSgCMBTbI7FsCVJJBEgDGVBIRfScBQAppcpdgz1Hk0iwTcENAku5vyuC0JMKYYAyTgDwKaXKXY84cvaSUJOBLQJLtjAVxJAkkEGFNJQPiVBAwloMlVij1DnUezSMANAU2yuymP25IAY4oxQAL+IKDJVYo9f/iSVpKAIwFNsjsWwJUkkESAMZUEhF9JwFACmlyl2DPUeTSLBNwQ0CS7m/K4LQkwphgDJOAPAppcpdjzhy9pJQk4EtAku2MBXEkCSQQYU0lA+JUEDCWgyVWKPUOdR7NIwA0BTbK7KY/bkgBjijFAAv4goMlVij1/+JJWkoAjAU2yOxbAlSSQRIAxlQSEX0nAUAKaXKXYM9R5NIsE3BDQJLub8rgtCTCmGAMk4A8Cmlyl2POHL2klCTgS0CS7YwFcSQJJBBhTSUD4lQQMJaDJVYo9Q51Hs0jADQFNsrspj9uSAGOKMUAC/iCgyVWKPX/4klaSgCMBTbI7FsCVJJBEgDGVBIRfScBQAppcbVHsSSFcyIAxYH4MGFoP0SyfEmDOm5/z9BF9ZMdAS9WMo9hraWeuJwESIAESIAESIAESMJsAxZ7Z/qF1JEACJEACJEACJJARAYq9jPBxZxIgARIgARIgARIwmwDFntn+oXUkQAIkQAIkQAIkkBEBir2M8HFnEiABEiABEiABEjCbAMWe2f5xbV1BQQFMWVwbzx1IgARIgAQyImBK/S928GUOAXrDHF94YokpCWaKHZ5AZSEkQAIk4BMCptS9ptjhE7dl3UyKvawjzu0BTEkwU+zILX0ejQRIgARal4Apda8pdrSuN8w5OsWeOb7wxBJTEswUOzyBykJIgARIwCcETKl7TbHDJ27LupkUe1lHnNsDmJJgptiRW/o8GgmQAAm0LgFT6l5T7Ghdb5hzdIo9c3zhiSWmJJgpdngClYWQAAmQgE8ImFL3mmKHT9yWdTMp9rKOOLcHMCXBTLEjt/R5NBIgARJoXQKm1L2m2NG63jDn6BR75vjCE0tMSTBT7PAEKgshARIgAZ8QMKXuNcUOn7gt62ZS7GUdcW4PYEqCmWJHbunzaCRAAiTQugRMqXtNsaN1vWHO0Sn2zPGFJ5aYkmCm2OEJVBZCAiRAAj4hYErda4odPnFb1s2k2Ms64twewJQEM8WO3NLn0UiABEigdQmYUveaYkfresOco1PsmeMLTywxJcFMscMTqCyEBEiABHxCwJS61xQ7fOK2rJtJsZd1xLk9gCkJZooduaXPo5EACZBA6xIwpe41xY7W9YY5R6fYM8cXKS35y1/+Akkaexk7dmzK7ewfTUkwU+ywufCdBEiABPxEoF+/fsfqfW39L+dnSt1rih1+8nk2baXYyybdDMtesmSJlbh33333sZLkN1mae5mSYKbY0Rwn/k4CJEACJhOQOjSxHt2xY8cx8Sefm3sl7tPcNrn43RQ7cnGufjgGxZ7BXkpOdo2ppiSYKXZomHEbEiABEjCNQKr6v6Gh4YQGgGS7Tal7TbEjmU9Qv1PsGep5O6lbum2bbL4pCWaKHcl8+J0ESIAE/EBA6tDketRu3ZNbvM29kvdpbrts/26KHdk+T7+UT7FnqKdssZd4C1djqikJZoodGmbchgRIgARMIyB1aKp6VH6j2DPNW+bbQ7FnqI8o9gx1DM0iARIggRwQSCX22LKXA/B5egiKPUMdq0nqVKan+ieYarts/2aKHdk+T5ZPAiRAAtkgkErsaRoBTKl7TbEjG77xY5kUewZ7TW7hSsIk3sqVZGdvXIOdRtNIgARIwAMCyWLPbgBoSUS1tN4D01RFmGKHytgAbESxZ7iT7eFX7MRvqcOGKQlmih2Gu5fmkQAJkEBKAhxnLyUW/pgmAYq9NMGZupspIssUO0z1E+0iARIggWwQMKXuNcWObDD2Y5kUe370moPNpiSYKXY4oOIqEiABEsg7AqbUvabYkXcOTvOEKPbSBGfqbqYkmCl2mOon2kUCJEAC2SBgSt1rih3ZYOzHMin2/Og1B5tNSTBT7HBAxVUkQAIkkHcETKl7TbEj7xyc5glR7KUJztTdTEkwU+ww1U+0iwRIgASyQcCUutcUO7LB2I9lUuz50WsONpuSYKbY4YCKq0iABEgg7wiYUveaYkfeOTjNE6LYSxOcqbuZkmCm2GGqn2gXCZAACWSDgCl1ryl2ZIOxH8uk2POj1xxsNiXBTLHDARVXkQAJkEDeETCl7jXFjrxzcJonRLGXJjhTdzMlwUyxw1Q/0S4SIAESyAYBU+peU+zIBmM/lkmx50evOdhsSoKZYocDKq4iARIggbwjYErda4odeefgNE+IYi9NcKbuZkqCmWKHqX6iXSRAAiSQDQKm1L2m2JENxn4sk2LPj15zsFkSzJTFwUyuIgESIAESyAIBU+p/ir0sODeDIin2MoDHXUmABEiABEiABEjAdAIUe6Z7iPaRAAmQAAmQAAmQQAYEKPYygMddSYAESIAESIAESMB0AhR7pnuI9pEACZAACZAACZBABgQo9jKAx11JgARIgARIgARIwHQCFHume4j2kQAJkAAJkAAJkEAGBCj2MoDHXUmABEiABEiABEjAdAL/Hw/Dx5yblPi+AAAAAElFTkSuQmCC</file>
    </questiontext>
    <generalfeedback format="html">
      <text></text>
    </generalfeedback>
    <defaultgrade>1.0000000</defaultgrade>
    <penalty>0.3333333</penalty>
    <hidden>0</hidden>
    <idnumber></idnumber>
    <single>true</single>
    <shuffleanswers>true</shuffleanswers>
    <answernumbering>none</answernumbering>
    <showstandardinstruction>0</showstandardinstruction>
    <correctfeedback format="html">
      <text>Your answer is correct.</text>
    </correctfeedback>
    <partiallycorrectfeedback format="html">
      <text>Your answer is partially correct.</text>
    </partiallycorrectfeedback>
    <incorrectfeedback format="html">
      <text>Your answer is incorrect.</text>
    </incorrectfeedback>
    <shownumcorrect/>
    <answer fraction="100" format="html">
      <text><![CDATA[<p dir="ltr" style="text-align: left;">A</p>]]></text>
      <feedback format="html">
        <text></text>
      </feedback>
    </answer>
    <answer fraction="0" format="html">
      <text><![CDATA[<p dir="ltr" style="text-align: left;">B</p>]]></text>
      <feedback format="html">
        <text></text>
      </feedback>
    </answer>
    <answer fraction="0" format="html">
      <text><![CDATA[<p dir="ltr" style="text-align: left;">C</p>]]></text>
      <feedback format="html">
        <text></text>
      </feedback>
    </answer>
    <answer fraction="0" format="html">
      <text><![CDATA[<p dir="ltr" style="text-align: left;">D</p>]]></text>
      <feedback format="html">
        <text></text>
      </feedback>
    </answer>
  </question>

<!-- question: 130256  -->
  <question type="multichoice">
    <name>
      <text>Question 5</text>
    </name>
    <questiontext format="html">
      <text><![CDATA[<p dir="ltr" style="text-align: left;"><span id="docs-internal-guid-e18d9513-7fff-bca2-67c4-2da3cf5360b2">Determine the shadow cast by an object from a single-point light source.</span><strong> Select the correct answer from the available options.</strong></p><p dir="ltr" style="text-align: left;"><strong><img src="@@PLUGINFILE@@/04%20%281%29.png" alt="" role="presentation" class="img-fluid"><br></strong></p>]]></text>
<file name="04 (1).png" path="/" encoding="base64">iVBORw0KGgoAAAANSUhEUgAAAnkAAAIeCAIAAABImo4UAAAAAXNSR0IArs4c6QAAAARnQU1BAACxjwv8YQUAAAAJcEhZcwAADsMAAA7DAcdvqGQAAFWuSURBVHhe7d0JfB3leej/d86ifbVky/uK943dBsJi9pAGCNykacqlbUjTUOB/2ybpvbcJ6T9NG9J/27AkTfikbdrSjds0zQ0pWUgIkI0ANmYxi40N2FhG3iRb0llm/z/vzFjI8rF1jqSRdHR+Xw7HM3OOzpFmnnmed955zxzD930FAABik4j+BQAA8aDWAgAQL2otAADxotYCABCvwmOjjEA0A5Qhz/OiKZQb8g/K3Yn5p3CtTSQSjE9G+ZJMTa0tX+QflLWC+Yc+ZAAA4kWtBQAgXtRaAADiRa0FACBe1FoAAOJFrQUAIF7UWgAA4kWtBQAgXtRaAADiRa0FACBe1FoAAOJFrQUAIF7UWgAA4kWtBQAgXtRaAADiRa0FACBe1FoAAOJFrQUAIF7UWgAA4kWtBQAgXtRaAADiRa0FACBe1FoAAOJFrQUAIF7UWgAA4kWtBQAgXtRaAADiRa0FACBe1FoAAOJFrQUAIF7UWgAA4kWtBQAgXtRaAADiRa0FACBe1FoAAOJFrQUAIF7UWgAA4kWtBQAgXtRaAADiRa0FACBe1FoAAOJFrQUAIF7UWgAA4kWtBQAgXtRaAADiRa0FACBe1FoAAOJFrQUAIF7UWgAA4kWtBQAgXtRaAADiRa0FACBe1FoAAOJFrR09I/pX09OyTo3gv/AunAhu4f96WbRYhE+P5o9Nh/SkXiq3gZ8CgEEGZwY9Tf6ZnGTlYjSSwS0MRLlPJo1EUsdsWgdyQiUNlZZ/Ewk946cNlRq0xg0jWCLhngyekFBVhpEMtonEdkLJArnXy/VU+DMAcAz5p2wYvu9Hk4PItim4HCcIQzBcVzKdUmlP+Z7hSEx7vkp4enkipZwq5aYTqq42WVWV9hNJ+QHbcy3HzuRc05UX0G1O2T9kh7AN+fm08mQ3ceQmr+BL9MsPsEGKJnnG84J1jzJE/ina8PlHSqnkn7RyZZHkn2rJP0bSM3T+sck/8SiYf6i1Y0bWr+8nk9JGVLatPPlPmpnNNck5bbWL5zcvm9c+p716yeLG1uaWmnS17A+9fZkDR/pee6N3d2dmz8Ge19/OHDya789Z8krSkPQTrgR3ypeXMVxpbErr1bdV8KIYFrW2rJF/RqBQ/kk11ySOyz+LGltbgvzjub39kn/6X3vj6O7O7J4D3a93ZQfnHxXkHzkmIP+MALU2XsFKU0kj6UuDUjnL5tRctnHRhWcvWLVm1ux57dPamnVnj+sqy1aWq0xL2Y6yE8pM9vXn93T3vNrZ9+Luni3b39r2ytt795uOPkUiW0yiXW8IaZz6yiHWi0StLWvknxEokH82LLrw3AWrVg+ff3Z39+zo7HuB/DNGqLUxkpUb/KMMz18zp/E3blh7xbWrT1vbUdvcqJfalspbynSV7SvbU6ajb9L6tF3l+Hnbyet7vzev9h3JvfpW9+bndv108949By3Tr/b1S+eTvi+RjiJRa8sa+adUx+WfuY03X7/2yuvIPxOmYP6h1pZGt/Z85UlgR6tHpnSPi+HJAr+9wf/o9at/+9bLFpw5w6gJRiE4tsrbygwahZavW5SWtCh9ZXp6Voe+m7OtfsszLTfnOL2Ok7GN3oy3a9+RJ3724uPPdPVYNXrwgt5RHHnPYJfSfD3JNiqMWlvWyD8nMw75J2sbR8k/o0OtHbWESikjKVGqz6MmZXXqfpaU4ST9Bss7d8WMT/yPCy//wOnp1mqJax2Isg4luHVky4Tc5CflFvThyIQ0MG3ft7y8bfdJxDtuxnb6bSdn+aZly8IDvdazL+x79KdvvHUgb+phDq6h/DDWJfo93aujRzUEC3Acam1ZI/8URv4pE9TaUdMj36t1BCfcardGGVk3oTw3WZV0fueG5X/wiffMO2e2Mswg/iQmPSWrW5qDEvY6uIP7qAMnmAhujuVlbTtru1nbyThexvZyOvqtjA53L5t3d+/uefyXr2/e0W1JqMtvoPlJPciQkycnRa0ta+SfwiYi/7y5u+cJ8k+JCuafcN2hOHo4fTA83pf2nWMbSVvVVFc5t79/9Wf//P3zzp2jDCdYpWHjL6EHy0tY6glDuRL6vu6GcfRL6GlZ4vqO7zuevunHw9f3fWmweipleFZa9c+aWbvpwmVnLmtOG+EupMcEEuVAxZmI/DOb/DNGqLUlkECTmFW+6ysvnzLdRLLWq7rthlV33nVt06IWpaRF6QZPlHBM6Y+rJVMqndL3RvD5ch3iQaNTv4DsMDrabcd3dMQrSwe9FwS93DzDsWV3sP20PKe5LnXRWQtOX9panZB9SW7B/nZslwJQCcg/ZY1aWwKJUj/hGippGAnfSDb55h9+cO6dd93YuFAC3T7WopT7tFI1StUp1aDStaomrSM+jHU/aFpKrEsIO57t+jrEfd92Pdf17CDWJfR1o9M3XC/h+glf9i3HbGqoOe+MeWsXNlZJi1O3b/Wn1OX3AVAhTsw/n/zg3E+PX/6ZS/4ZDWptKYJgNvxgrdlVF62cdfsfX9O4sDVs6wXNyVqlmpSS0J8W3OShRpWqVXXVKhl25gQRKoHuSmxLoEtwu5brSxtSGpVhi9LzZcKVHUDmfM/y3LzsDrZrN9aqjWctWbmoWbdt9XvRrAQqydD8M/OOP76maWj+aYwt/xjkn9Gg1pbCl0A3DKVbfktavf/9vy5vXz49GPInq1GCT5qTzUrNVGqRUqcptVipeUq1R63LZHAFNC+p9HgG3Q9kup7lRIFu6xGCQWeOblrqm+fJ49LYTLpu2vWT0iCVxY21yTPXtM9skzdKJY0UwQ5UkKH554pC+WeWUgsH5Z828s8kQa0thW8k/FRCVVf5ids+tP78/3ZG0EqUm5D4kxblDKWWK7VeqTVKrVJqiVKyMzQqo1p344TnS3TvjetIoLuu7Xq2IxEfTOumpS+tTXnIdR1HGp5Cmp065JXu1pG9zDVntNStWzEjbdiuH70xgIpQbP45fVD+kSUnyT8e+WdcUWtLY6ikrdzzlk3777dvUtXusd4bCfR6pTqC5qTE9zTdltShL8e4slAeChuV4U2PPjBd33J8fb4kHHuvQ1y3K2WJPmWig172CEPC3tc3T0Ldl9Zlwk36ztK5HQtmVslOQzcOUFHGMv/Y5J9xRa0theE7yqlPmR/9rXPal7YF0Rb23lQHkT0/6D2WKBwgDzUH4xQSevy9PD24KJrjKlNalL5EvNJ9OL40MH1pSdpBczK4haEv8zJheDrY9XgE/Y6+aqz2V542vVYPvKdlCVSMsc4/+mO35J/xQq0tkW9ftKr50uvW6JH0ukdGSEBLfEusTz8+0EPynOD7MSTKbT38zw3OhOgvtNKNymDCkWZj9EE3V0/o58iyIPIlyGWZvK8e1+Abhq9H8zsLOurnz5DmKoBK4tsXr2q+7Pq1J+SfpqC7uLT8Yx7LP0HaCY5o9X2R+acuegcUh1pbCl9/udSVl6yZuUBai+H1WSSUZR2mgxGAchtCHu1XKqccS+WkDWn5tmPajuXIzbOCUyN6eII+ZSIRr9uV8pAj/+hmpucEY/Al3F3ZCZRnGK7+kivdF6Qa6pKL5zZX6S4ceeuE/Ksn6dEBprAg/1yxaU3HfKmsg/OPlFg5eJXbEMXmH518gvxjS/7RZ3NPmX98nX8WzWkh/5SEWlsSf2579VkXnKZqJcKcY4EuISa7gEy40bPe0afUIaWyqj+v+vT3bEgdtVx9M6VR6cjNCccBBge4cpNpPRxBNygt33UMN/jkurQr5X/drAy6cfyEn0yoebNqZ7ZVB7tZMgjyhB68AGDK8ue115x9wdIT8o/cF8w/vSfmH1OPPQ7zj3fq/OOcLP8YOv/Mn13bQf4phaw7lGDlvFkr1s0JwloCXWJLd68Es9LM7A66awZIod2p1D6V71U9OZU1PdPK23KTcPeDEJdAl7akRHbYlpSbPqQNGpIyr49yZZk+UeLLe73DUPpim03NDW0t9YbscoYfXsYFwNS2Yt7M5WtnF51/dr2TfzJR/pFaeyz/6KJ7ivwT5KdT55868k/xqLWlWbWscfpsac1J8AXXOfMk0KWBKSEuTch9Su0JIv6wUm8p9aqedbtVd7/qyaqcaVmWqQttMMheNyr1dVsktnVXjRsNBXRlie3Zdhj8EtLekEAXuo3p++lUakZrdU3CUQn9S8hNHgifAGBKWj3i/JN/J/+EKej4/KMvHVVa/kmmOlpryD/Fo9aWoCmt1q5pU01J5btBhAfj5T1pVOaUyih1IDiQfVmpF5R6UandyupWB3vVYd2otHNWNvhOZgnxnOvl9UGrjm8J92CQlAS3/K+HCNq2DnfX0S8cXgo8evvjGPI7NDdU1VQFIa7blfo8CoCp6uT5J38s/8iB7ED+eXNQ/skPzj/5AvlHSmuJ+Ufp/FOdJv8Ui1pbgoaaVMesZr3SJLazwXdDmq7KOco0ld+n1FGluoKmZady96lsl9p/RB3oV71ZJ5fPWlbOkVh3TFefJrGD3psg0D09HiE4ReJIS9MKHtNnSlxpUkoUB2GtY1lux/Hdpsaa2qoUzUmgEuj8M7tg/skfyz9vD8o/+wflHzNrmTlda0+Wf+yR5Z+6GvJPsai1JZjRWrt40UzddWOGXwkpUe6prKP6TdWbUdmjKtetMgdV32F1uFvtO6IO9arePjebyZq5vG2bVjAI0LX1MASJcglwPfJen5gVejaYsm0d956rP3KuL9fi6ziXcB4a0b7fWFdVV5c2or1gaFcPgKlkxrS6xQtPyD9Sa/uG5J9D6vDhE/KPTj4nzz/BOOTS809tLfmnWNTaErQ01cxobtDF1Xb0mRJbwl1i3VIZSx3Nq0P96mBGdR1VnUdUV1YdzqrenJPNZ8x81rakUZkLem/0h9scCXTddWPr0fZe0KL0bVtHv2XLrD5N4urQDsI4/GKNE/kqnUqk00k9NMH3E3qMYBj0AKaglsbq6Sfmn6ylb8fln6OqK1dU/rFHnn/kaLYqlagi/xSNWluCVFVVuiqpe4wd/Y1UulGpr/zkqJytMtK0zKkjmeBeorxPZTNWLpsxraxl5y0v6EC25abH3OtWpO6tsWyZCOJedyJLg1IamUHzUn/NxtB25BDycDKpv10rmgcwpaUl/1SPMv84x+UfPXEs/0j6CfKPTBSTf0SC/FMK1lQpjKChZ0ugG8qWWxDxtq9MW+Xl5gRtTFPlTT9vmnk7Y9nSosw7fs5VeU9fpcVy9Wj7YMB9cAk0X39MXA//0wPsgzH20qiUMA/6baI3PQn9u+j9Qe8Sw+8WAMpdIkhAo8o/x1LQifkn/IxPcJa2yPyjj22Dkkz+KQa1tgTSFrT7TGVJcDu690ZiPbiiqA738PSJPoNie6aVs+x+3Wnj5mxpUerBCHndP6NsiXLdb6zv9Yfb9OB7Obp1LCu4FLi+WprEeiKI9WHpkyhBuaXvBpj6bMuy+vMnzT96YbH5R2eeUeef4H/yT7GotSXI5cyjR7LKSQWRbetwt4zgXqJcf0JWJiSi9akRyzZtPaGH1zuuHmHv6GEIQaeNNB8dU3fZeMc6bSTW9VLP1V94Ja3K6P1OSZ6mP/3GcS1QGST/9PacPP84w+QfSTsn5h+ZlxKr8485svyjT+WSf4oxNrXW0B0K+j6cOIWB5wz7zNDA80+hyJcavYPduT179ivXjxqS9rGPuMmsLrS6cOZsNyutSFeak8FV0Gwd1nlbf4NeeAtHADquoX9OJizPNn1bflYP/tMdONGbnSD8I32V8FVS+cmEkczkrExGdjV5xJeflN0keApQWcIMEKSK4XNF+JxhnxkaeP4pFPlSo3ewJ7d7FPkn6E57J/9I4pAJy/KcMP8cO38VvdkJwj9ySP7pz8jbyyPkn+EZBVduIpEosnUTH4ngVCol9/LLhLOhIdMDhswOGFh+sicUyfX8jpaaL/3BxVddukCPPfYN5br6+yAdRyZ825M41p9d8/QVR01X5R1f99voVmTQY6NHJejLtVjS8tSdOfKPbk5aeVc3QR0Jcz38L3qzkws+8aabSMlEovNg/rEth7rzbl1DzeJ5i9raptXW11VX14h0Oh2MnBrJnzzOm14PepQVOBZvKn9vU+DOO+8sZmViciL/nCjIP7Vf+vhFV20ayD+e/vzPkPyjr3U83vmnvqFm0bzF7e2tNXV1NTW11dXVVVVVst5G+SePRvHxI890nKLGgg1L/t5T5J+T1tp169ZFM8ORJzc3N9fX18v6lRQfZvkh5Dmh8PlCfq3Q4Fl5pjxBJiTKW1paGhsbw7IhZEn4yvJkuQ+fLAZeUASvoV8wnAgfDacHFgpZODLyIi3mSzX7vqvcnL7otmcHI++VL8Et9VWfPdGXQJNGpUR23g2/EF7Hd9BvEwS6xLce56dH25sS6BL4pqnHBfqG7o8ZhhH0GMvupWPdstWKc9972bUfSdXUyXqtq63T61+yw7HUEP5MpQk3sWx6am35kh2t1PxTp7N8TZgl5F4Wyr2EQTghISETIgyPcGLwrAhfKpyVH2xtbW1oaJDXlN1q4GXDFwzvw4nBrzAwPbBk4DUHC37rkUgkg/zTOQb5x5LaPOr8s/Lcay+99pZUTa38ieSfULiJJTBKqLWHDx+OZoYjLz04CsM3C+NsCsrsU9v+XvW/paSQy2Gt59iOcnRzMviuDEdP5IJTs7l3BiAoCX1pSOrLtejeG2lRuqZEueVZedu28sE3REqz4NTRGUa4bD9Lh7ufcPzaGz78/2689LrocQwi4UetLV+jyT9h5pnS+efrqn9vsflHT58s/7hW3hlV/rnlsxs3XRs9jkEK5p+T1lpSVWHSanzp//idTycNiXBDf07HM3SHjKNsfZVRXVzzrkS2TBhBoLu2LbFuB0U3mJUQlwpr2Zbp2ZYXfJRNVrWEcvGxbji2apu14kO3f37+4pXR4xiEAC5rbL6TmkT5Z2WQf1ZEj2OQggE8RVt/8UnUeC2LMr6RzztZO5+xDdNy8nKz9fD6fHjFUX0ttCCgnWA8fXBaJBhuHE7poft23tLXbNSnCWQTyO3Uga7pYNcjExKGn1J+zcKlZ8ycvTB6DEAl0PlnYTH5x4w1/6iaRcvPmDV7QfQYikCtLVly2vxsqjVj+ablZRw767hZx8/pm6e/RsP2Ld1po7+ySo9W0EMSpNWpRwDqEydSg3WTUlqUvutKw0duw54m0YJdwfcS0pZN+b5R29K2/IyLqmpqgwcBVIrktIU6/5jD5J/gVjD/mJJ/rNHln7rm9mWnX5gm/5SCWluyRP28ROuKPtvuDy5+FnxTlZ1zzZw+/eGYrrQcJbhtS49+kntpVwatS7lZQQeOqSccPUBeVr4EelGxHj1Ptytdz3OmdSxYsmJN+BCAypGon5toWdHnlJh/9OFtmH/0mVr9OdqR5h/Xc1ol/yxfGz6EIlFrRyDZMO+sbKqlX3fdOFn9gTbdgaNblMGgg+ALmaV1KSGtm5a2/rS4a5uObXqm/lS5py+MVvIQc2mBOspPespS6dr1517V1NIePQKggiQb5kv+aS4t/0j51flHCu9I848R5Z+Ezj9XNrW0RY+gONTakajvWNq65MKjdqLPNiXWc5aft4PrswRX9w4mdLjrcYA67oNzt6Zt5XU707ZVcZdAO56hm6GGSnh+au6ys8++4PJoOYAKI/mnZclFJeUfM8o/UndHmn/0tZjJPyNHrR2ZZPvyS+2aBX2mHwxJkHB3c6a0LsMo1/02+hNvtsS6Z+WVlXPMvCV0343+ZozSY112D19fALmqcd6V1/5WY8u0aDmAipOcrvPP/OPzj75o1MnyjxTa0ecfT+ef+Vdcdwv5ZwSotSNU1dC+7OzrDKMlZ+b1p2R1fAdXp9C34JSJBLdp6ft83pLw15dg9IMPg7tBh3CpEoZnuMq/4NIPLFt9brQMQEUK8s/1x+efMPkUzD/2mOQfT/kXXvb+ZavPjpahFNTakZuzfOP8tVf0542sqcffm64OacvSF4Qy9Yj6oN8muNlOEOelkV3CCfYKaVEmpVFpusmFKy48/7JrwyuzAKhkQ/JP/lT5R1/pOPqxYhXMPxedd6kcYJB/RoK1NgqJ5OJ1l89cdFGf6Zp5aV8q01J5CXczb+ZyVs6UFqVEvOP6nrQnSz5HIpsmlfBThp/wlW35zvxlG6/70O1N02ZEjwOoZJJ/1l7eseji3iD/WGH+kQPbmPLP8o3X/frtjdOmR4+jRFw3arR6uw888fDf7tj6g4RveomU7bmulXNdP/jiDEPWYskNyoCvz6voYX+u8vOGMX/ZOTf8+ie5SlSRCOCyxuYr3rjkn8T85efc8CHJP1wlqigFA5haOwaOHtr/00cefOnZR8y+fRKkEueuRGgwrt7zjfDrlEskjdCUYVi+Z1pe1YKVl73vpjvmLVwaPYjhEMBljc1XkuPzjy/HsYPyzwjGQYnj8s/CVZe979f/n7kLT4sexHCotTEy87ltm3/+3W/ck+t9w9DdNbICR9SeHKCv7u0l61rOv+xXL9h0Y9uMWdFyFIEALmtsvlKZ+fy2LT/77r/fG+QfWaCPaEeF/DMK1Np4+Z63+/VXf/ztv3nt+cdd15TjWf1tWvoaooNJGT51DZYNIqRQJ1tmrHjX1f/9vEvena6qih5EcQjgssbmGwGdf3a9+uOHJP884bj5xGjzT6qlY8WFV920kfxTOmrteOg/2vP8U09sfeoHnW8+Y+eOpvx0IpFUKd2lYxjJoEdZVrgn7c7w+fogWJ8ZCfp7XPlPJVJ1DS3tC5ZJkf3A/CWcoB0JArissflGLMo/T/+g843R5Z/l511yNflnhKi146e359DLzz/56vO/2LPr5b7uvcrJBYe5er1KXMsKDle63PuerGrDM/Ken6iua2+fvWzp6o0r12+Yv2h5VU1N8CyUjAAua2y+UTqWf36+Z9crJeaf5ZJ/Vq0/dx75ZxQKBjC1Nkb5XPatPTs739i2d+dLb3e+2d9zOHP0kO9bQZDr9WskEnX105paOqZ1zJ+7YNmMOYvmLlrR3jFH1n/0EhgRArissfnGhOSfvXt27g3yT1fnm309hzJHD58k/yyYt2Dp9DmL5y5aTv4ZvYIBTK0dB34u05/J9PUdOdx35KDnOUolg3A35Fbf1NIyrb2mrrm+vjGRJMTHBgFc1th8Y0ryj+iV/NN75JDvOXKIq5fqm9HY1NoybXp1XVN9QwMldqxQa1EpCOCyxuZDWSsYwDRkAACIF7UWAIB4UWsBAIgXtRYAgHhRawEAiBe1FgCAeFFrAQCIF7UWAIB4UWsBAIgX143CFEQAlzU2H8aQxJJpmo888si+fft+8pOfpFIpqXpXXnnl7NmzL7nkkmQyaRhG9NQxUjCAqbWYggjgssbmw1iRKvvoo4/+/d//fV9fn8TVQL2T+uo4zvz582+++eaNGzdWjel39FJrUSkI4LLG5sOY2Lt379e//vVnnnlGyqoEVbR0ECl/2Wz26quvvv322xsaGqKlo1YwgDlfCwCYat5+++0vfvGLjz32mOu6BQutkKPb+vr6H/7wh/fdd58c+EZL40GtBQBMKVJo77rrrueff76urm7Y07E1NTWPPvrovffe29vbGy2KAbUWADClfOtb33r11VeliEbzw6mqqnryySd//OMfR/MxoNYCAKaOf/mXf3n44YdTqVQ0X4TwDOs//MM//PSnP40WjTVqLQBgiti7d+8vfvELy7JK/SSPlNv+/v7HHnssphO31FoAwBTx5JNP7ty5M51OR/OlqKqqevrpp19++eVofkxRawEAU8G+fft+/OMfe543sstTyE+Zpvmd73wnl8tFi8YOtRYAMBV0dXXt2LFjNBemkJ/dsmVLJpOJ5scOtRYAUPby+fwjjzySTCaj+ZHyff+hhx6KZsYOtRYAUPak1m7btm30tdYwjK1bt0YzY4daCwAoe1Jo9+/ff7JLRBVPau2ePXt27NgRzY8RroeMoti2ncvlMpnMgQMHTNM8xdADiajq6uq2trbGxsaampp0Oj366C8VAVzW2HwYgb/7u7/7j//4j9FnG8lgqVTqox/96K/8yq9Ei0pUMICptRhKNn02m+3u7u7q6urp6ens7Ny5c2dvb6/rulJlpdw6jnPqYX7JZLK+vl6qrISs3M+aNWvx4sXTp0+fMWOG3Dc1NVVVVZ36FUaJAC5rbD6MwJ133rl58+bR11ohZVEK7e/+7u9G8yWi1uKkLMs6fPjwW2+9FVbWN998s6+v78iRI1JfJUIKBklJpLIKOcxtDSxdunRuICy9xVyztCQEcFlj86FUkqPe//73y0HCmGQS27ZXrFhx3333RfMlotZiKCmlb7/9tlTW5wNyIBv2Dw8Iw0MmwuePWPhS4atJaIUvKMe+UmgXLly4bt26ZcuWzZ49u6WlJXj6aBHAZY3Nh1JJbhnbWivHA3/9138dzZeIWot35PP5l156afPmzdu2bdu7d28mk5EYTSaTci/CqDhxYmTkZ+UVopnjX03CTOq9vK8c4C5ZsmT5MXKkGz5hZAjgssbmQ6m6u7s/8pGPSFobnGpGTJKSZKRPfepTcnQbLSoFtRaahNGLL7746KOPbtmy5fDhw7JENrcIH50QEoQSb3KfSqVaW1sXL168MTBt2rToGSUigMsamw+l+vGPf3zPPfcMO5SkSBJ+zc3Nv//7v79hw4ZoUSkKBvBEZliMvyNHjvzbv/3bX/3VX/3whz+UQhuOXZrYQhuSQ1v5TSRADx48+NRTT33ta1/7/Oc//73vfa+/vz96BgCcRDabHdJ/NnpjmxiptRVkz549f/mXf/mv//qvhw4dkto2miuZjS2JadlPwl0lHL1sWZYcfP/1X//1fffd99prr0XPA4BCwiorOSScnYSotZWiq6tLDhY3b94sQRm218JejskQnWGVlQm5D38f+Q2lNSDTP/nJT77whS88/vjjpmkGzwWA8kOtrQiO43zve9/bunXrZOguLkZYceVeKm5nZ+f999//wAMPHDlyJHwUAAYLjxzCJvvkRK2tCC+99NKPfvQj13UncywOIb9q+NtKue3p6XnooYceeeSR8CEAGGz27NnhqahofiycOL5pNKi1FeFoQIpWNF9uwjO43//+959//vloEQAcs27dOskS0cyoSZVta2s755xzovmxQK2tCNLiExJAZXRcO4TsSG+99dZzzz0XzQPAMZIfXNeNZkZtYNRIODsmqLUVYcaMGe3t7RKLY9vHMs6koSDltre3N5oHgGNmz54dTY2aVNlZs2ZFM2OEWlsR5s+fv27duvDQNlpUhqShYNt2Wf8JAOIgDfHzzjtvTJKD5Jmqqqpzzz03mh8j1NqKUFNTc8MNN5x55pnRfBmSHSCZTK5YsWKsrpkMYCqZPn16NDVqclgyhq8WotZWCjm0vfXWW08//fQhPcmT/wxu+NvKr71w4cKzzz47XAgAg61fvz6aGjU5rl27dm00M0aotRVk3rx5t912mxzdSqvNcZwyGiolv21zc/P111+/dOnSaBEADDJt2rTLL7/ctu1ofqSkcf/e9753DEc1h6i1lWXu3Lmf+MQnfu3Xfm3mzJlSayf/6U85nJXfUH7tm2+++corr4yWAsDxqqurV69ebVlWND9SkhVPP/30aGbs8D0/lUjCcceOHT/72c9+/vOf79+/X45uZYsLmSgYD+NPfhOpsqKurm7Dhg3XXXfdqlWroseKQACXNTYfRmbnzp2f/vSnjx49KiEULSqRBN6cOXPuvvvuxsbGaFHpCgYwtbZyScV97bXXngvs2rUrm83Kdp8MvcoSe0Kq7Pr16y+55JIzzzyzqakpeqw4BHBZY/NhxL7+9a8/8MAD9fX10XyJMpnMZz7zmUsvvTSaHxFqLQqQAOju7t69e/fmzZufeeaZQ4cO5fN5WShFN6y741B95e1ENKOUVFY5lr3gggvkWHZkrUsCuKyx+TBiL7/88p//+Z93dXWN4ISrHH6sXr36j/7oj2bMmBEtGhFqLU5FtvjRo0d37tz5wgsv7Nix48CBA319fVJ3bduWIJGQkOfI/clKryyXp4X3Mhv+yODoCn9QloQGpmUinU7X1NRMmzato6Nj7dq1Z5111oIFC0YzNoEALmtsPozGV77ylW9+85vV1dUlHSdIyEmu+8QnPnH11VdHi0aqYABTa1GAaZrSMOzs7Ny1a9drr73W29srx7u5XC4sveFzBsqqkICRe5mViYGaOnAvsRQ+eeBHksmkFFfR1tbW3Ny8dOnS5cuXS32V5uSYDP8jgMsamw+jIfnqz/7sz7Zu3SqN+GjRcCQvOY5zzTXX3HbbbcX/1MkUDGBqLYbhuu6RI0ek7nZ3d+/bt0+OfSUos9msTBw+fFjiRJ4Q3kuFlkocftGs1FEJWSG1U0hENTU1SWWtr6+X2bq6urlz58rsrFmzpk+fPuZfikAAlzU2H0ZJDhI+85nPSIIqMrdI4lq5cuWnPvWpUfYeh6i1GAMSMBIbUlAzAZkOm4QiXBher1iOVqWsVldXS2WVcJcjWqmvDQ0NUoMlukT4ajEhgMsamw+j9/TTT999991ynDBstpHjhPnz5//hH/7haaedFi0anYIBTK3FFEQAlzU2H8bE5s2b/+qv/io8ui1YcSXMhBTaT3/60wsWLIiWjhq1FpWCAC5rbD6MlZ07d/7t3/7t9u3b+/r6DMMY6FIOA6yxsfHcc8/98Ic/PLZXP6bWolIQwGWNzYextWXLlm9/+9uZTObAgQPh4M2Ghoa5c+d+4AMfGKt+48GotagUBHBZY/MhDlJr5TBXokumZ8+e3dbWFi4fc9RaVAoCuKyx+VDWCgZwvMNBAQAAtRYAgHhRawEAiBe1FgCAeFFrAQCIF7UWAIB4UWsBAIgXtRYAgHhRawEAiBe1FgCAeFFrAQCIF7UWAIB4UWsBAIgXtRYAgHhRawEAiBe1FgCAeFFrAQCIF7UWAIB4UWsBAIgXtRYAgHhRawEAiBe1FgCAeFFrAQCIF7UWAIB4UWsBAIgXtRYAgHhRawEAiBe1FgCAeFFrAQCIF7UWAIB4UWsBAIgXtRYAgHhRawEAiBe1FgCAeFFrAQCIF7UWAIB4UWsBAIgXtRYAgHhRawEAiBe1FgCAeFFrAQCIF7UWAIB4UWsBAIgXtRYAgHhRawEAiBe1FgCAeFFrAQCIl+H7fjQ5SCJBDUZ58zwvmkK5If+g3J2YfwrXWgAAMFZoPwIAEC9qLQAA8aLWAgAQL2otAADxotYCABAvai0AAPHiMz9xMQwjmooZWxDAYCSfSYhaGxcJ93FYt+PzLgDKCMlnEqIPGQCAeFFrAQCIF7UWAIB4UWsBAIgXtRYAgHhRawEAiBe1FgCAeFFrAQCIF7UWAIB4UWsBAIgXtXbkNm7caBiG3EfzABC/MPMM2L59e/QAJjFq7Qjt37//qaee2rBhg9wT6wDGjeQcufcDkoJWrFgh6Sh8CJMWtXaEnnzySbn/x3/8R7n/3ve+FywDgHF1xhlnyP2RI0fCWUxafFHDCG3cuFGi/Ktf/eqtt956//33n7gaDb5qA0AMZK+X+3DHHzw9gOQzCXFcOxLbt29/6qmnbr75Zpm+6qqr5D48zAWA8SGlTsjEt771rXAJJjNq7UiEncaLFy+W+/POO0/uH3jgAf0AAIwLOaYUUmjf97733XPPPdFSTFZ0AoxE2Jwcoqurq6OjI5qhGwdAPML8E+74+/fvnzlz5sc+9rGvfvWrwYMayWcS4ri2ZGF3sTQnJc5CYR8O3cgAxtnrr78u9+GZLExm1NqShd3FYddxKJz+whe+EM4CQHw2bNgg93JYKc4//3xp619//fXhQ5i06ASIy/h0sIzPuwAoIySfSYjjWgAA4kWtBQAgXtRaAADiRa0FACBe1FoAAOJFrQUAIF7UWgAA4kWtBQAgXtRaAADiRa0FACBe1FoAAOLFBS3jYhT63r04sAUBDEbymYSotQAAxIs+ZAAA4kWtBQAgXtRaAADiRa0FACBe1FoAAOJFrQUAIF7UWgAA4kWtBQAgXtRaAADiRa0FACBe1FoAAOJFrQUAIF7UWgAA4kWtBQAgXtRaAADiRa0FACBe1FoAAOJFrQUAIF7UWgAA4kWtBQAgXtRaAADiRa0FACBe1FoAAOJFrQUAIF7UWgAA4kWtBQAgXtRaAADiRa0FACBe1FoAAOJFrQUAIF7UWgAA4kWtBQAgXtRaAADiZfi+H00OYgSiGaAMeZ4XTaHckH9Q7k7MP4VrbSKRKLgcKAuSqam15Yv8g7JWMP/QhwwAQLyotQAAxItaCwBAvKi1AADEi1oLAEC8qLUAAMSLWgsAQLyotQAAxItaCwBAvKi1AADEi1oLAEC8qLUAAMSLWgsAQLyotQAAxItaCwBAvKi1AADEi1oLAEC8qLUAAMSLWgsAQLyotQAAxItaCwBAvKi1AADEi1oLAEC8qLUAAMSLWgsAQLyotQAAxItaCwBAvKi1AADEi1oLAEC8qLUAAMSLWgsAQLyotQAAxItaCwBAvKi1AADEi1oLAEC8qLUAAMSLWgsAQLyotQAAxItaCwBAvKi1AADEi1oLAEC8qLUAAMSLWgsAQLyotQAAxItaCwBAvKi1AADEi1oLAEC8qLUAAMSLWgsAQLyotQAAxItaCwBAvKi1AADEi1oLAEC8qLWjZ0T/anpa1qkR/BfehRPBLfxfL4sWi/Dp0fyx6ZCe1EvlNvBTADDI4Mygp8k/k5OsXIxGMriFgSj3yaSRSOqYTetATqikodLybyKhZ/y0oVKD1rhhBEsk3JPBExKqyjCSwTaR2E4oWSD3ermeCn8GAI4h/5QNw/f9aHIQ2TYFl+MEYQiG60qmUyrtKd8zHIlpz1cJTy9PpJRTpdx0QtXVJquq0n4iKT9ge67l2Jmca7ryArrNKfuH7BC2IT+fVp7sJo7c5BV8iX75ATZI0STPeF6w7lGGyD9FGz7/SCmV/JNWriyS/FMt+cdIeobOPzb5Jx4F8w+1dszI+vX9ZFLaiMq2lSf/STOzuTo5u71myfyWZfPa5sjEosbWlpaadLXsD719mQNH+l57o3f3vsxbB3p2dWUOHsn35yx5JWlI+glXgjvly8sYrjQ2pfXq2yp4UQyLWlvWyD8jUCj/pJprEnPaahfPb142r31Oe/U7+cdze/uzQf45urszu+dA9+td2YNH38k/Ksg/ckxA/hkBam28gpWmkkbSlwalcpbOqbl846ILz16was2s2fPap7U1684e11WWrSxXmbbeI+yEMpN9/fk93T3bO/te2N2zZftb2159e2+X6ehTJLLFJNr1hpDGqa8cYr1I1NqyRv4ZgSH5Z9mcmss2LLrw3AWrVhfMP5aynYH8s7u7Z8dA/nnl7b37yT+jQq2Nkazc4B9leP6aOQ2/8b51V1y3+rS1HbXNDbI6lW2pvKVMVzm+sjxlOvqma61ekredvOvnLb83r/Ydyb36Vvfm53b9dPPePQct06/29Uvnk74vkY4iUWvLGvmnVMfln7mNN1+/9soo/zTqpQP5x/aVXSj/6Hvyz5gpmH+otaXRrT1feRLY0eqRKd3jYniywG9v8D96/erfvvWyBWfOMGqCUQiOrfK2MoNGoSWFVtqV0qL0lenpe1liuznb6rc803JzjtPrOBnb6M14r+878vjPXnxic1e3WWOoZFLlg0Kt3y/k60m2UWHU2rJG/jmZscw/OvkUyD9Z2zia8XbtO/LEz158/JmuHkvyTyIZHSiQf4pCrR21hEopIylRqs+jJmV16n6WlOEk/QbLO3fF9I//j4uu+MDp6dZqiWsdiLIOJbh1ZAdlVY5o9S3ow5EJaWDavm95edvuk4h33Izt9NtOzvJNy5aFB3utZ1/c96OfvPHWgbyphzm4hvLDWJfo93Svjh7VECzAcai1ZY38U9gw+WfGJ/7HhZePXf45IPnnhX2P/pT8UzJq7ajpke/VOoITbrVbo4ysm1C+m0wnnd+5YfkffOI9886ZrQwziD+JSU/J6pbmoIS9Du7gPurACSaCm2N5WdvO2m7WdjKOl7G9nI5+K6PD3cvm3d27ex5/6vXN27stCXX5DTQ/qQcZcvLkpKi1ZY38U1ih/OO5yao488+bu3ue+OXrm3eQf0pQMP+E6w7F0cPpg+HxvrTvHNtI2qqmqsq5/f2rP/vn75937hxlOMEqDRt/UofllgwmDOVK6Pu6G8bRL6GngyWO7zty7/l6Lnx935cGq6dShmelVf+smbWb3rXsrOXNaSPMPnpMIFEOVJxC+ad6NPnHHT7/zJb8c+GyM5eF+UdemfwzQtTaEkigSczKkayvvHzKdBOJWq/qthtW3XnXtU2LWpSSFqUbPFHCMaU/rpZMqXRK3xvB58t1iAeNTv0CssPoUYG24zs64pWlg94Lgl5unuHYsjvYflr2gea61IVnLjhjaWt1Ql5fj1EIPg4X7VIAKsEJ+Sc52vwjR7bF5Z+Lzlpwus4/knzIPyNErS2BRKlvuIZKGkbCN5JNvvXJD869864bGxdKoNvHWpRyn1aqRqk6pRpUulbVpHXEh7HuB01LiXUJYcezXV+HuO/LhOt6dhDrEvq60Snv5CVcP+HLvuWYTQ01G8+ct3ZhY5W0OHX7Vn9KPTzOBVAJdP5JDM4/puSfT49N/vGGzT/nnTGX/DMa1NpSyNpK6HGAeq3ZVRetmHnHZ65pXNgatvWC5mStUk1KSehPC27yUKNK1aq6aj2UWH5O7y7SrvTkkFbaj5Yvwe1arh9EuRe2KD1fJlzZAWTO9yzPzcvuYLt2Y43aeNaSlYuaddtWvxfNSqCSBMX0nfyzcuYdf3xN09D80zii/KMPaofJP7UG+Wc0qLWl8CXQDUPplt+SVu9//+8r2ldMD4b8yWqU4JPmZLNSM5VapNRpSi1Wap5S7VHrMhlcAc1LKj2eQfcDma5nOVGg23qEYNCZExRduXmePC6NzaTrpl0/KQ1SWdxYmzxzTfvMNnmjVNJIEexABRmSf/7XFe3LT8w/s5RaOCj/tJF/JglqbSl8I+GnEqq6yk/c9qH15/+3M4JWotyExJ+0KGcotVyp9UqtUWqVUkuUkp2hURnVuhtHWoJeMEjBcR0JdNe1Xc92JOKDad201D3J8pDrOo40PIVEvQ55pbt1ZC9zzRktdetWzEgbtutHbwygIhSbf04flH9kybH8E56vHcg/XlH5R5aQf8YEtbY0hkrayj1v2bT/fvsmVR2NVAoCvV6pjqA5KfE9TbcldejLMa4slIeCRqVuUeoRgK4njUrfcvRp2uhzbjrEdbtSn7gNgl7i23ENCXuJdGlSSqj70rpMuEnfWTq3Y8Gs6mAcBC1LoIKMKv944e1Y/rEL5x99ylYX3Sj/SCYqkH9mVpF/SkWtLYXhO8qpS5kf/a1z2pe2BdEW9t5I5ZPInh/0HksUDpCHmoNxCgk9/l6eHlwUzXGVKS1KXyJed93YvjQwfWlJ2kFz0pbWpDyqQ1/mZR8wpPIK/QryEr7fWO2vWtJeqwfe07IEKkaQf+rHLv/oj91KfT0+/wS3sPQWzD9K8s/K06aTf0pFrS2Rb1+8qvnS69bokfS6R0ZIQEt8S6xPPz7QQ/Kc4PsxJMptPfxPDlR1oOsOHGlUSk11bUeajdEH3Vw9oZ+jO4915EuQyzJ5Xz2uwTcMX7dhnfkd9fNnSHMVQCXx7Ysk/1y/9oT80xR0F5eWf0zJP/qb9XSKCfNPcH/q/CPv6yzQ+acuegcUh1pbCl9/udSVl6yZuUBai+H1WSSUZR1K/asNbkPIo/1K5ZRjqZy0IS3fdkzbsRy5eVZwakQPT9CnTCTidbtSHnLkH93M9JxgdLKEuys7gfIMw9VfcqXH7quGuuTiuc1VugtH3joh/+pJenSAKSzMP5vWzJwvlXVw/pESKwevchui2Pyjk0+Qf2zJP/ps7inzj6fzz6I5LeSfklBrS+LPa68564LTVK0+uDwW6BJisgvIhBs96x19Sh1SKqv686pPf8+G1NFg7J9rSqPSkZsTjgPUB7j6JtN6OIJuUFq+6xhu8Ml1aVfK/7pZGXTjyD/JhJo3q3ZmW3WwmyWDIE/owQsApix/bnt1ofwj9wXzT++J+cd8J/94p84/zsnyT0Lnn/mzazvIP6WQdYcSrJg3c8W6OUFYS6BLbOnulWBWmpndQXfNACm0O5Xap/K9qiensqZnWnnbyjsS7n4Q4hLo0paUyA7bknLTh7RBQ1Lm9VGuLNMnSnx5r3cYSl9ss6m5oa2l3pBdzvDDy7gAmNpWzpu1Ym3x+WfXO/knE+UfqbXH8o8uuqfIP0F+OnX+qSP/FI9aW5pVyxqnz5bWnARfcJ0zTwJdGpgS4tKE3KfUniDiDyv1llKv6lm3W3X3q56sypmWZZm6XSnNST3OXu7DAVC6q8aNhgK6ssT2bDsMfglpb0igC93G9P10KjWjtbom4aiE/iXkJg+ETwAwJa0ecf7Jv5N/gpNWQ/KPvnRUafknmeporSH/FI9aW4KmtFq3pk01JZXvBhEejJf3pFGZUyqj1IHgQPZlpV5Q6kWldiurWx3sVYelUZm3c1Y2+E5mCfG8K7eg9yYYbxwMkpLglv/1EEHb1uHuOvqFw0uBR29/HEN+h+aGquqqIMR1u1KfxwUwVUn+WVs4/+SP5R85kB3IP28Oyj/m4PyTK5B/pLSWmH9UkH/S5J9iUWtL0FCT6pjVrFeaxHY2+G5I01U5R5mm8vuUOqpUV9C07FTuPpXtUvuPqAP9qjfr5MysZeZ0rDumq0+T6OHH+haEe9CFI81IR1qaVvCYPlPiSpNSojgIax3LcjuO7zY11tRVp2hOApVA55/ZBfNP/lj+eXtQ/tn/Tv7J5rOWdcr8Y5N/4katLcGM1tpFi2bqrhsz/EpIiXJPx3qfqXozKntU5bpV5qDqO6QOH1b7jqhDvaq3z81msmYuH4wA1IMAXVsPQ5AolwDXI+/1iVmhZ4Mp29Zx7wUXtdCXa/F1nEs4D41o32+sq6qrTRvRXjC0qwfAVDJjWt3ihSfkn6yj+ofkn8PqcPdx+ceS/GOfMv8E45BLzz+1deSfYlFrS9DSVDOjuUEHt+3oMyW2hLvEuqVvR/PqUL86mFFdR1XnUdWVU4ezqjcnLcqMmc/aulGZC3qP9YfbHAl03XVj69H2XtCi9G1bR79ly6w+TeLq0A7COPxijRNIa7IqlUink3pogu8n9BjBMOgBTEEtjdXTT8w/OUtlhuSfI6orW1T+sUeef6T2plOJKvJP0ai1JUhVVaWrk7rH2NHfSKUblfrKT47K2SojTcucOpIJ7iXK+1Q2Y+WyGdPKWnbe8nKOk3ds3YejP9AmrUjdW2PZMhHEvR73J+Q+aF7qr9kY2o48USKpv10rmgEwpaXHIP/Yx+UfPXEs/+gEpPOP/FtM/pGHk+SfUrCmSmEEY9ttCXRD2XILIt72lWmrvNyc4BjXVHnTz5tm3s5YtrQo846fc1Xe01dpsfRXDoQD7oNLoPn6Y+J6+J80J8Mx9tKolDAP+m3C9zwZ+VWkORl27QxflgGUu4Te6UeXf3Ty0bcT848V5R+dforLP7pvLSjJ5J9iUGtLIG1Bq99UlgS3o3tvJNaDK4rqcA9Pn+gzKLZnWjnL7tedNm7OlhalHoyQ1/0zypYo1/3G+l5/uE0PvpejW8eygkuB66ulSawnglgflj6JEpRb+m6AqU/Sj9WfP2n+0QuLzT8684w6/wT/k3+KRa0tQS5nHu3JKicVRLatw90ygnuJcv0JWZmQiNanRizbtPWE/niP4+oR9o4ehhB02kjz0TF1j42ne2tsmZJYDwYIuvoLr6RVGb3fKcnT9KffglMptCuBKU/yT+8p8o8zTP6RtHNi/gk6jYP8Y5F/4jU2tTbsW5X7cOIUBp4z7DNDA88/hSJfavQO9uT27NmvXD9qSNrHPuIms7rQ6sDN2W5WWpGuNCeDq6DZOqzztv4GvfAWjgB0XEM3TCX0Lc8xfVt+9lj/cfRmJwj/SF8lfJVUfjJhJDM5K5ORt5dHfPlJ2U2CpwCVJcwAQaoYPleEzxn2maGB559CkS81eod6crtHkX+C7rQC+ccO848koNLzTz/5p2hGwZWbSCSKbN3ERyI4lUrJvfwy4WxoyPSAIbMDBpaf7AlFcj2/o6X2Sx+/6KpNC/TYPz/41nfPUI6jXH0C1govMaqvNSo3lXd83W+j24tBj40eFRVcsUVanrozR/7RzUkr7+omqCNhrof/RW92csEn3nQTKZlIdB7MP7blUHferW+oWTRvcXt7a01dXU1NbXV1dVVVlay3Uf7Jo1F8/MgzHaeosWDDkr+3KXDnnXcWszIxOZF/ThTkn5ovffzik+YfKa6uZ3r6iscTkn/a2ltr6+qqq2tEOp0ORk6N5E8e500vf7Xkn2hmdOTvPUX+OWmtXbduXTQzHHlyc3Nznc7yNRKdspblXhbKvazucEJ+CZkQMhFOD9yHEyJ8qXBWfrC1tbWhoUFeU8rGwMuGLxjehxODX2FgemDJwGsOFvzWI5FIJlrMl2o6v6vcnL7otmcHI++VL8VV4lufPdGXQJNGpUR2XkpvcHYkOEGie2j0tMS3HufnW7JvSKBL4JumHhfoG7o/ZhiGr1uOsnvpWLdstfLc91567UdSNXXyh9bV1smKknUkf7l+6uh27PIVbmIJDGpt+ZJ9ttT8U19fr+M/IFt/CJ0LAuHzRRgnYvCsPFOeIBOSalpaWhobG8OyIcIUFL6U3IdPFgMvKILXiPKPCB8NpwcWClk4MvIiOv/sG4P8Y+uzuqPPP9deeu0tqZpa+ePIP6FwE8umL6HWHj58OJoZjrz0kCooC8P7KSizT237uurfq2RHcqVN5NiOcvSn1oLvytDHtX4uODWbCwcg6GkloS8NSX25Ft17Iy1K15Qol1vesa188A2RslueOjrDCJftZ+lw9xOOX3vDLZ/duOna6HEMIuFHrS1fo8k/Qa7TtS16eIopNf/oASEnyz+elbfJP3EomH9OWmtJVYVJq/Gl/+N3Pp00JMINPU7eM3SHjKNsfZVRHdx5VyJbJoyg0Lq2LbFuB0EfzEqUS4RbtmV6tuUFH2WTVS2hXHysG46t2mat+NDtd81fvCJ6HIMQwGWNzXdS5J9yUDCAp2jrLz6JGq9lYcY38nkna+cztmFaTl5uth5enw+vOKqvhRYEtBOMpw9OiwTD/cIpPXTfzlu2/KQ+TSmbQG6nDnRNB7semZAw/JRSNQuXnTFz9oLoMQCVoOj8Y8aaf/yaRcvOnEX+KQW1tmTJaQuzqdaM6ZuWl3HsrONmHT+nb57+Gg3bt3Snsf7KKj1aQQ9JkFanHgGoT5xIDdZNSs+yfNeVho/chj1NogW7gu8lpC2b8n2jtrl9+ekXVdXUBg8CqBTJaQt0/rGGyT/BrWD+MUeff+pa2pedcWGa/FMKam3JEvVzEy0r+hy7P7j4WfBNVXbONXP69KtjutJylOC2LT36QO6lXRm0LnXzMujAMfWE/hybXvkS6EXFevQ83a50Pc+Z1rFgyYq14UMAKkeifp7OP/aI848eKTKa/ON6Tqvkn+Xkn9JQa0cg2TD/rGyqpV933ThZ/YE23YGjW5TBoIPgC5mldSkhrZuWtr5ahUS5Y5ueqT9V7ukLo5U8rt1ThqP8pKcsla5df+6VTS1t0SMAKkiYf5pHlH+k8I40/6go/yQmLv9YltXd3X348OFcLhctKh+MjRoZd9+Wb77+7Dd9w/E8QxqJ+rKictNRHXxflf7uZZmV6JclEt+OZephDBL3jhN8+Lu45uQ7DP1Thpt2fXPuyot+87a7GlumRQ/hBARwWWPzDcft3PLNNyYo/8xbedFvjG/+kV/64MGDzz///I4dO95++22pWe3t7UuWLDnjjDNmzZpVXV0dPW/SKBjA1NoRsvoP/fxb/1+ud2dCmnyevhqL43qOJ5Gsv5TK0V8MqRxbSajb+spQecvSUS4r9VjXTamrN/gQuZdKNXTc9Lt/snzthmgxCiGAyxqbb1hB/vnzXO+uQflHyq2+KEV8+cf3UumGGTfd9rnla8Yv/3R1dT344IO7du169dVXXddNBp9alrIl08uWLVuwYMH73ve+lStXhk+eJKi1Y6zzlZ+/8Njf5fNdEr66aSntx6jW6k+82fqyZ8qOhiPrK6DJc0bBkE3lqMRl191x5Q0fDj8wjpMhgMsam68YpeQfW5aMTf659o4rbxy//PPss89++ctf3rt3r9SpdDptHH+JDGlISJy0tbX91m/91lVXXTXk0QlUMIBJ2SM3Z/nG+Wuv6M8bWVOPv8+7lqnHIOgLsph6RL1tmrYe9Kcvgaa/PiP6sWK5+gSJbn5KezKpfMN0kwtXXHTepddRaAGUkn/k0HdM8s+F5182fvlny5Ytf/qnf9rZ2SlVtqqq6sRSKsurq6uPHDly3333ffe7342WTlZk7VFIJBevvbxj8cW9pmvmc1ZemZbKS7ibeTOXs3Kmlc9LxDuu7+nveSy1zSWbJpXwU4af8KV56jvzl2+87kO3NU2bHj0OoJKF+WfRRcflH31qNr78c0fjeOWfZ5555q677spms6lUKlp0EuET5PD34YcfLthNO0nQhzxavd0Hnnj4b3ds/UHCN71EyvZc18q5rq8vhuYashZHtvV9ZSSCYX+u8vOGMX/5uTd86BPzF0+u0xKTFgFc1th8xRuv/HPODR/6w3G7StTWrVu/8IUvyAHrsIV2QFjIbrvttve85z3hkglEH3IsmqbNuOjdtyw/+wYr2Zbpz1iZvL7QqLQDHR3ow1/QuzDDUClpCDlG3vT9RSs23XjT/6LQAhjiWP5537H8kzs+/4zsFOZx+Wfhik3/7aY/GrdCe/DgwX/6p3+S++ILrTAMw3Gcf/u3f9u+fXu0aJLhuHZsmPn8ti0/++6/35vrfcPQa1QH+qjoq3t7ybqW8y/71Qs23dg2Y1a0HEUggMsam69UZj63bfPPv/uNe4L8I/VVVuAIm/mRics///mf//mVr3xlZJ/kMU3z3e9+9+/93u+Fw5UnSsEAptaOGd/zdu969ccP/c1rzz/huPmEIatRmoeJ49ev7Aan3gdkgwjZUVItHSsuvOqmjZe8O11VFT2I4hDAZY3NNwJR/vn237z2wuOua+rUM6r8k2zpWDn++eeNN964/fbb5TcY2aBi+UHLsj71qU9t2rQpWjQRCgYwtXaM9R/tef6pn2x9+vudbzxj546m/HQikVQp2RMkepLyf3D+xNOfDQ/oRqg+MyJLPd+V/1QiVdfQ0r5g+XmXXP2B+UvoNx4JArissflGrP9ot84/T/2g883R5Z9l511yzQfG+bxVPp//4he/+JOf/GQ0R6W2ba9Zs+Z//s//2dHRES0ad9Ta8dPbc+jl55989flf7Nn1cl/3XuXkgmamXq8S17KCw5Uu974nq9rwjLznJ6rr2ttnL1+6euOq9efOW7S8qqYmeBZKRgCXNTbfKB3LPz/fs+uV0vPPhlXrN0xI/nn44Ye/9KUvjb771zTNX/3VX73lllvkD44Wja+CAUytjVE+l927Z+feN7bt3flSV+ebfT2HM0cP+b4VBLlev0YiUVc/ramlY1rHgnkLlk6fs3juouXtHXMmKkSmDAK4rLH5xoTkn7f27OwM8s/bnW/29xzKHD18yvyzaO6iFROYf+64447XXntt9LVWilpDQ8M//MM/1NXVRYvGV8EAptaOAz+XEb19Rw73Hjnke440MfVSfTMam1pbprVX1zXX1zckkpTYsUEAlzU235iS/NOfyfQF+eeg5B+lpJhJ+jHkVt/UIvmnpq6lvqFhokps6IUXXvjc5z7X398/Jr+GxM/HP/7xyy+/PJofXwUDmFqLKYgALmtsvgr02c9+9mc/+1nVGI3DkviZOXPm17/+9Qm5cGPBAOZACgAwkZ577rkx6T0eICW2p6fnBz/4QTQ/CVBrAQAT6fXXXz98+LAcDkbzoya11jTNrVu3Fuy4nRDUWgDAhMnlci+//LJlWWPb3+t5nhwrv/HGG9H8RKPWAgAmjJTDV155JZ1OR/NjJJlMdnZ2/vKXv4zmJxq1FgAwYfbv3//222+P4cnakBwl27a9c+fOfD4fLZpQ1FoAwMTo7e197LHHxrzQhlKplFTxrq6uaH5CUWsBABOjr69v+/btJX2lT/HkZffu3SvlNpqfUNRaAMDEkEJ46NChMRyBPJhhGFLLpdxG8xOKWgsAmAC+77/44osxHdSG0un0a6+91t/fH81PHGotAGAC2LYttTamg9pQMpmUWtvb2xvNTxxqLQBgAriuu2PHjrhr7Z49e3p6eqL5iUOtBQBMgPE5kyrlVo6eJ/wCUtRaAMAE2Lp16zh8yYRhGIcOHZrwb7Pge35wUhIDP/3pTyVSu7u7t23bls1mBy6iJg+9613vqq+vr6mpWbVqVVNTU7h8kiCAyxqbr0Lce++9P/jBDwaySkykxrW3t99///3j9nW2BQOYWovjuK67e/fuLVu2PPPMM52dnblcLlwoE4NDQsKmsbFR4kT2k6qqqvnz569fv37dunXLli1Lp9Nx7zzDIoDLGpuvQtxyyy2SZGK6kMVgksG+8Y1vSMqK5mNGrcVJWZbV19f3/PPPf/Ob3wyv1i2BISQSwiecWD4HIkdCRR4VMiHtx5tvvlnqbmtr61h9FeUIEMBljc1XCSSB/MZv/MaBAwfGodaKf/7nf5akFM3EjFqLwrq6uh5++OHNmzdLlZWSOVBfR0DCyTTNadOmbdq06ZJLLlm1alX0wPgigMsam68SbNu27U/+5E+kiT+ahFMkyUuf/OQnJSlF8zErGMCMjapoR44c+a//+q8//dM//cd//MfXX39dGpijjHsp1TU1Nf39/XJ8/Gd/9mff+MY3pN0aPQYAx0hmsG1bMkY0H7N9+/ZFUxOEWlu5pF0pVfb+++/fvn17Y2PjGF69RQq2VNyDBw9+7Wtf++IXvyhHzK7rRo8BQPBRnHErtGLMv7OvVNTaCvWjH/3o85///AsvvCBVMKYTqxLc4rnnnvvc5z736KOPOo4TPQCg4r3xxhuWZUUzMfN9/4c//GHBE6bjhlpbcXK53H333feFL3yhp6dHamGsJ0uk3SqtV9mj7rnnns985jNHjx6NHgBQ2cJvlh23Q9tMJhNNTRBqbWWRQvu1r33toYceqq6uHochCSF5I9mjnn322b/4i784dOhQtBQAxst49lcXRK2tIFJov/rVr4aFNlo0jqTiPv3003JIffDgwWgRAFQGam2lyGazX/nKV7773e9OSKEV0q5MpVK//OUv77333slwKXAAGDfU2krxH//xHw8//HBVVdUE9qWE5fapp5568MEHGZkMVKyjR4+OzydrBziO89Zbb0UzE4FaWxF+8YtffPvb357YQhuSXyCdTj/00EOPPvpotAhAhQm/527caq2kHcuyXnvttWh+IlBrp74DBw780z/9k7Qix+daaMOSuBdf/epXd+/eHS0CgCmNWjvF+b7/yCOP7NixQ44mo0WTgNTabDZ7//3386FbAJWAWjvF7dq16xvf+EZNTU00P2lIuZUWwM9//vNoHgCmLmrtFPef//mfpmlGM5NJMpns7e194oknwq/tA4ApjFo7lb3yyitPP/30eA72K0kqldoaiOYBYIqi1k5lDz/8cH9/vzHRY49PRhoBcmj7+OOPT/jl0wAgVtTaKevIkSO7du2a5N8DWl1d/eSTT3Z2dkbzADAVUWunLDmofeONN8bwm/LiEA5I3rx588R+BQcAxIpaO2X19PSM59dojFhVVZUc2jJCCqgcFdi2ptZOTbt3737llVdi+mLasZVIJHbu3EmtBSpHMpmUHX88K66818R+mp9aOzXt27fvrbfemiQXiirGc889F00BmOoWL148bdq08RxNkkqlZs6cGc1MBGrt1HT06NEjR45M2k/7nOjtt9+OpgBMdbW1tXV1deN2XCtvVF1dvW7dumh+IlBrpybDMMqo0Iqurq5oCgCmHGrtFJTJZJ599tlJPgJ5CPqQAUxh1NopyLbtbDY7+UcgD5BfVX7naAZABRjnb7Ce8JHP1NopSEpXGRVaABWoo6NjPPve6urqoqkJQq0FAIy3s88+u76+fnwON+XY44wzzpjYIxBqLQBgvDmOM579utOnT4+mJgi1FgAw3sb5KJPztRh7jY2NCxcuHOehB6Mhu8GqVauiGQAV4OKLL25qahqfy1lIXb/qqquimQlCrZ2CEonEnDlzJvk3/Axx2mmnRVMAKsO45Sg58Jjwi+hRa6cmia0yOq4VlmVFUwAqQ2tr6zj0JPu+L2804df2odZOTfPmzZs/f34Zldtzzz03mgJQGU4//fRxqLVy9Lxu3brq6upofoJQa6emxYsXn3baaRP7vRYlmTNnTjQFoDKsXbt2fI5rm5qaxnko1omotVNTfX39rFmzyuKUrW3bV155pfzC0TyAyjA+IyIlw2zatInztYjLypUr29raJn+5tSxrzZo16XQ6mgdQGaT+zZgxI9ZP48iLVwei+YlDrZ2y3vWud3V0dEzybmRpCsycOZNByEAFkhb2OeecE+uwEnlxSS+NjY3R/MSh1k5Z0mY8++yzpUEXa7NxlHK53DXXXLNo0aJoHkDFSCQS69ati7XvzbbtCy64QI6eo/mJQ62dyn7t135NGnSTttbKMbdUWUYgAxVrzpw5sSYoOa5ta2uLZiYUtXYqk4PaG2+8cdKespVae84556xYsSKaB1Bh2tvbL7zwwpi+UlNedu3atcuXL4/mJxS1doq75pprWltbJ2G5lUI7a9asq6++OpoHUHkaGxtXrVoVU62VJDN37txJ8nlCau0UV1dX9+EPfzidTk+qnmT5ZRKJxGWXXbZ48eJoEYCKJOUwjmEl8oKpVEoK7YR/2idErZ36Lrjggg0bNuTz+Wh+EpDjbKmyN910UzQPoFJ1dHTEcZE7STLTpk1bsmRJND/RqLVTX319/S233HLWWWeZphktmlCyU0lL9pOf/CSfqQUgze7TTz99zK+ILnlGDmo3btwYzU80am1FmDlz5pVXXtnU1DThH7eVHcAwjBtvvHHhwoXRIgCV7V3vepe0v8cwO/m+L8cYV1999YR/5cAAam2luOKKK+TotqGhYcz7aoon+1Iqlbr11lsZEgVgwGmnnTa2H/6Rl2ppaVm3bl00PwlQayvIe97zHim3dXV1E1Ju5U3T6fRHPvKR9773vRN+HXAAk4ckpcsuu0yORMeq3EqGOeOMMzo6OqL5SYBaW1muueaa3/md35GYHudPAckulEwmf/u3f/u6666j0AIYYtOmTQ0NDWOVl+R1JlvnGbW24lx11VUf/ehHa2trx+3crcS9+NjHPkahBVBQKpW6+OKLxyQ/SGa74IILJs8I5BC1thJdeeWVX/rSl9atWydBKcbwNMkQrutKlV28ePGXv/zl9773vdFSADjBTTfdtHr16lGe4ZIfnzt37oc//GEp3tGiyYFaW4mk8Thnzpy/+Iu/+NCHPhReVGXMz+BKiTVNs66u7oMf/ODdd9/NN/kAOLWampobb7wxmhkpOXiQY4kwrU0qRsFjmkQiIbkymsGU1tnZ+Z3vfOd73/teb29vdXX16K+xIhFlWVZjY+P69euvuuqq8847L3pgHBHAZY3NV7Hy+fy99977/e9/X5rp0aJSyI+vWbPmU5/61MR+sU/BAKbWQgfoiy+++Pjjj2/btk1KbyqVGlnFlZiRKiuNU6mvl1xyyZlnnjmyHWb0COCyxuarZHv27Lnrrrt27dpV6rVuXNdtbW39gz/4g3POOSdaNEGotTiVTCbT3d397LPP/uIXv5D7IWc7Co5ZGBI8S5Ys2bBhQ/htkQ0NDdHSiUAAlzU2X4X7zne+c//990sMSCREi4YjuUie/573vOeOO+6IFk0cai2KksvlpIX45JNP7t2794c//KFEgh0YUm7l2FfqcX19/fr169etW7d27Vqpr1VVVZPhSt8EcFlj8+GBBx7493//d0lExZRbqWLikksu+fjHPz4ZhkRRazFCu3bt2r59++AglrBZsGDBpP3qWQK4rLH5IMJyK638U5fPcFznpZdeKoV2MjT0BbUWlYIALmtsPgipTQ8++OB3vvOd/fv3V1dXFzyNZZpmQ0PDFVdc8Zu/+Zv19fXR0olGrUWlIIDLGpsPIQmDLVu2fPOb39y6dascv6bTaYkNWS5lK7wwwNKlS6+//vqLL75YinH4I5MBtRaVggAua2w+DNbT03PgwIHHHnvs2Wef3b17t9SsmTNnrl27dvXq1Wefffb06dPH5GpTY4hai0pBAJc1Nh9OJAey+Xzetm2ZTqVSciBbVVUVPjTZUGtRKQjgssbmQ1krGMBcoxEAgHhRawEAiBe1FgCAeFFrAQCIF7UWAIB4UWsBAIgXtRYAgHhRawEAiBe1FgCAeFFrAQCIF7UWAIB4UWsBAIgXtRYAgHhRawEAiBe1FgCAeFFrAQCIF7UWAIB4UWsBAIgXtRYAgHhRawEAiBe1FgCAeFFrAQCIF7UWAIB4UWsBAIiX4ft+NDlIIkENRnnzPC+aQrkh/6DcnZh/CtdaAAAwVmg/AgAQL2otAADxotYCABAvztfGxTCMaCpmbEEAJyIFTSrU2rhIoI/Duh2fdwFQdkhBkwp9yAAAxItaCwBAvKi1AADEi1oLAEC8qLUAAMSLWgsAQLyotQAAxItaCwBAvKi1AADEi1oLAEC8qLUAAMSLWgsAQLyotSO0fft245hbb701WgoAMdu4cWOUegLkn7JArR2J//t//++KFSvuvvtuP3DVVVfJkugxAIjTU089Jfdh8unq6rr//vul4u7fvz98FJMTX4c0EhLZcn/qVSfPGYd1Oz7vAmDyGJJ/nnzyyfPPP1+a/r/3e78XLgmRgiYVjmtLJpEt9x/72MfCWQCYQIsXL5b7Bx98MJzF5EStHaHly5dHUwAwcTo6OqIpTGLUWgAoY5ypLQvU2pLRYwNg8nj99dfl/oMf/GA4i8mJWluyjo6Ou++++6mnnrrnnnvCJU8++STjkAGMPzmoPf/882ViyMAoTDbU2pGQsP7Wt771+7//+0bggQceuP7666PHACBOGzZskPsw+cycOfNjH/sYI4EnP4Zrx0V2AwbcA5gopKBJheNaAADiRa0FACBe1FoAAOJFrQUAIF7UWgAA4kWtBQAgXtRaAADiRa0FACBe1FoAAOLFJT/iYgTf5zwO2IIATkQKmlSotQAAxIs+ZAAA4kWtBQAgXtRaAADipNT/D1barTO+0S+NAAAAAElFTkSuQmCC</file>
<file name="04.png" path="/" encoding="base64">iVBORw0KGgoAAAANSUhEUgAAAnkAAAJUCAYAAABpOzBJAAAgAElEQVR4AeydB5gUVdq2u3uGJCrruv+ufm76dvdblwyKa14QFRUQySCTGHKOAxMYYIYcRUCiIFkEUUSQIKICEkUFFEVQERBRUBFQEAnPf73VU2w79hxmuqurT1c9fV1F0dVVJ9xvOM+cSh7wQwIkQAIkQAIkQAIk4DgCHif1aOfOnejQoQM8Ho+x/OlPf8K4cePw1VdfRbWb/fv3N9rz+eefR6wdUrZZj/Rf/h/J+iLWERZMAiRAAiRAAiRgCQHHiLylS5deFnemyDPXIvZOnTplCbArFSJ1Sb2BH1N8RVJ0mX0NXN9+++2BzeD/SYAESIAESIAEXETgl2okRjsuM3WmuJk9e/ZlQbd3716Yoku22/Ex22FHXYF11K9fH9Jf+axdu/Yyj8B9+H8SIAESIAESIAH3EHCEyDNFjQid/J/8v4kQEiEms2vmx5xpk33lI7N+IgpNgSgzYuZv8rvMyAWeFjbLMgWeuZZ95GPua4ow2SYzj1Kuua+UEXhaWbbLcbKf2Q7ZpzAzkmYfpQx+SIAESIAESIAE3EnAESrAPFUbbLYuv+Axv5sCTMxuijApRz5yHZ8pvgLXcs1f4P5SnyzmadHAfeX/Zh1m+abIk2Py7yvfzXKkjmC/y7ZAsWk0Jsg/pmgNxiPI7txEAiRAAiRAAiTgQAIFijxzBswUG/I92DZTUJj75b8BQLbLNnM2Sr7L/+VTmG1yrFm2rKW+/B9T5JkiLfB3U9TJsfIxv5sCTLaZIkyOl5kys43mzJrZb7PuwP3Nfcw6zbaa3wPLl7rN8mU/U/RJGSYLc5tZjtQtH1MYBrY7sA7z/5s3bzbaH2xW09wnGjYLZkeTa2BfC7uNffBf+ynsCoqnYMyDbbOaeTDbmP5tRXvZB/+NXGbcCI9gzINtizU7FKa9ktfy7xfMR4JtK6zvB9svGN9g2/K3LVh7g20L1t5g24K1rbDbgrU32Da39CEY38Jus5p5OHYwx3pZO0rkBRM2pgA0xdGVRJ75u5lAA9cCXT5idKnL/E1m/syPuc38LmtTFErZZvlme8z9AveRbfnLKeg483hZm0JQ2qk6rRvMeYJtc0tgC7v8fbU6sIMlgGDMg23L37Zg7Q22zeo+BGtbYbcVpg+FbW+w/YLxDbatsO0Nth/74H9qgeQm4WOHHQrD3A7fD8eX2Afr/CbSdgjm04XdFqxtwbYFyy2F3VZYX5KYMD8Fijxzh1hYBxpBoJofOb1qQjG3m2JJTo2KEJLFFGwiCGVWTZKYHJd/ls4s11xLveaxUq58THEmx5pCK1DAmeXLfuYxUo7ZTvl/YDnGlwJmIM3fZG3WwVO0gVT4fxIgARIgARJwLwFHiDwxX34lbIotWQde6xYosgL3kf+bp3tNwZT/d1OUSXkyeyf7myLPFGfym3mclCMfszzzePO7uZ+5NveXY8xtRgFXEHlSrrl//rUpbs1yuCYBEiABEiABEnAHAceIPDFXoOgSsSMCzJwhk9/MmTW5bs3cLuLQnFI1BZHsJyLO3McUTqZIC/xNRJ0pDqUNgWWbp3FNUWcen798qUf2Ndsn5Zh1mm5oCjlpb/6PCExz//xrs0/5j+F3EiABEiABEiABZxNwlMgLZqrAU6GBM2XB9uU2EiABEiABEiABEnAKAceLPDGUOXNGkecUt2U/SIAESIAESIAErkTAFSLvShD4OwmQAAmQAAmQAAk4jQBFntMsyv6QAAmQAAmQAAmQgFzfTwokQAIkQAIkQAIkQALOI0CR5zybskckQAIkQAIkQAIkwJk8+gAJkAAJkAAJkAAJOJEAZ/KcaFX2iQRIgARIgARIwPUEKPJc7wIEQAIkQAIkQAIk4EQCFHlOtCr7RAIkQAIkQAIk4HoCFHmudwECIAESIAESIAEScCIBijwnWpV9IgESIAESIAEScD0BijzXuwABkAAJkAAJkAAJOJEARZ4Trco+kQAJkAAJkAAJuJ4ARZ7rXYAASIAESIAESIAEnEiAIs+JVmWfSIAESIAESIAEXE+AIs/1LkAAJEACJEACJEACTiRAkedEq7JPJEACJEACJEACridAked6FyAAEiABEiABEiABJxKgyHOiVdknEiABEiABEiAB1xOgyHO9CxAACZAACZAACZCAEwlQ5DnRquwTCZAACZAACZCA6wlQ5LneBQiABEiABEiABEjAiQQo8pxoVfaJBEiABEiABEjA9QQo8lzvAgRAAiRAAiRAAiTgRAIUeU60KvtEAiRAAiRAAiTgegIUea53AQIgARIgARIgARJwIgGKPCdalX0iARIgARIgARJwPQGKPNe7AAGQAAmQAAmQAAk4kQBFnhOtyj6RAAmQAAmQAAm4ngBFnutdgABIgARIgARIgAScSIAiz4lWZZ9IgARIgARIgARcT4Aiz/UuQAAkQAIkQAIkQAJOJECR50Srsk8kQAIkQAIkQAKuJ0CR53oXIAASIAESIAESIAEnEqDIc6JV2ScSIAESIAESIAHXE6DIc70LEAAJkAAJkAAJkIATCVDkOdGq7BMJkAAJkAAJkIDrCVDkud4FCIAESIAESIAESMCJBCjynGhV9okESIAESIAESMD1BCjyXO8CBEACJEACJEACJOBEAhR5TrQq+0QCJEACJEACJOB6AhR5rncBAiABEiABEiABEnAiAYo8J1qVfSIBEiABEiABEnA9AYo817sAAZAACZAACZAACTiRAEWeE63KPpEACZAACZAACbieAEWe612AAEiABEiABEiABJxIgCLPiVZln0iABEiABEiABFxPQCnyPB4PvF4vFzKgD8SAD7g+mxGApQSY/zn2cfyPHR8oKPiVIk8MLIHOhQzoA3r7gMQqPyRgJQHmf71jnjmZ9jF9QJX/KfIoYiniHeADqiC3cuBnWe4hQJFHEWGKCK719gVV/qfIc8AAzwDUOwDtsI8qyN0jS9hTKwlQ5DGv2JG7WEf4fqbK/xR5FHmcyXOAD6iC3MqBn2W5hwBFXviDLwUMGdrhA6r8T5HngAHeDidiHXonK1WQu0eWsKdWEqDI0zvmmZNpH9MHVPmfIo8ijzN5DvABVZBbOfCzLPcQoMijiDBFBNd6+4Iq/1PkOWCAZwDqHYB22EcV5O6RJeyplQQo8phX7MhdrCN8P1Plf4o8ijzO5DnAB1RBbuXAz7LcQ4AiL/zBlwKGDO3wAVX+p8hzwABvhxOxDr2TlSrI3SNL2FMrCVDk6R3zzMm0j+kDqvxPkUeRx5k8B/iAKsitHPhZlnsIUORRRJgigmu9fUGV/ynyHDDAMwD1DkA77KMKcvfIEvbUSgIUecwrduQu1hG+n6nyP0UeRR5n8hzgA6ogt3LgZ1nuIUCRF/7gSwFDhnb4gCr/U+Q5YIC3w4lYh97JShXk7pEl7KmVBCjy9I555mTax/QBVf6nyKPI40yeA3xAFeRWDvwsyz0EKPIoIkwRwbXevqDK/xR5DhjgGYB6B6Ad9lEFuXtkCXtqJQGKPOYVO3IX6wjfz1T5nyKPIo8zeQ7wAVWQWznwsyz3EKDIC3/wpYAhQzt8QJX/KfIcMMDb4USsQ+9kpQpy98gS9tRKAhR5esc8czLtY/qAKv9T5FHkcSbPAT6gCnIrB36W5R4CFHkUEaaI4FpvX1Dlf4o8BwzwDEC9A9AO+6iC3D2yhD21kgBFHvOKHbmLdYTvZ6r8T5FHkceZPAf4gCrIrRz4WZZ7CFDkhT/4UsCQoR0+oMr/FHkOGODtcCLWoXeyUgW5e2QJe2olAYo8vWOeOZn2MX1Alf8p8ijyOJPnAB9QBbmVAz/Lcg8BijyKCFNEcK23L6jyP0WeAwZ4BqDeAWiHfVRB7h5Zwp5aSYAij3nFjtzFOsL3M1X+p8ijyONMngN8QBXkVg78LMs9BCjywh98KWDI0A4fUOV/ijwHDPB2OBHr0DtZqYLcPbKEPbWSAEWe3jHPnEz7mD6gyv8UeRR5nMlzgA+ogtzKgZ9luYcARR5FhCkiuNbbF1T5nyLPAQM8A1DvALTDPqogd48sYU+tJECRx7xiR+5iHeH7mSr/U+RR5HEmzwE+oApyKwd+luUeAhR54Q++FDBkaIcPqPI/RZ4DBng7nIh16J2sVEHuHlnCnlpJgCJP75hnTqZ9TB9Q5X+KPIo8zuQ5wAdUQW7lwM+y3EOAIo8iwhQRXOvtC6r8T5HngAGeAah3ANphH1WQu0eWsKdWEqDIY16xI3exjvD9TJX/KfIo8jiT5wAfUAW5lQM/y3IPAYq88AdfChgytMMHVPmfIs8BA7wdTsQ69E5WqiB3jyxhT60kQJGnd8wzJ9M+pg+o8j9FHkUeZ/Ic4AOqILdy4GdZ7iFAkUcRYYoIrvX2BVX+p8hzwADPANQ7AO2wjyrI3SNL2FMrCVDkMa/YkbtYR/h+psr/FHkUeZzJc4APqILcyoGfZbmHAEVe+IMvBQwZ2uEDqvxPkeeAAd4OJ2IdeicrVZC7R5awp1YSoMjTO+aZk2kf0wdU+Z8ijyKPM3kO8AFVkFs58LMs9xCgyKOIMEUE13r7gir/U+Q5YIBnAOodgHbYRxXk7pEl7KmVBCjymFfsyF2sI3w/U+V/ijyKPM7kOcAHVEFu5cDPstxDgCIv/MGXAoYM7fABVf6nyHPAAG+HE7EOvZOVKsjdI0vYUysJUOTpHfPMybSP6QOq/E+RR5HHmTwH+IAqyK0c+FmWewhQ5FFEmCKCa719QZX/KfIcMMAzAPUOQDvsowpy98gS9tRKAhR5zCt25C7WEb6fqfI/RR5FHmfyHOADqiC3cuBnWe4hQJEX/uBLAUOGdviAKv9T5DlggLfDiViH3slKFeTukSXsqZUEKPL0jnnmZNrH9AFV/qfIo8jjTJ4DfEAV5FYO/CzLPQQo8igiTBHBtd6+oMr/FHkOGOAZgHoHoB32UQW5e2QJe2olAYo85hU7chfrCN/PVPmfIo8ijzN5DvABVZBbOfCzLPcQoMgLf/ClgCFDO3xAlf8p8hwwwNvhRKxD72SlCnL3yBL21EoCFHl6xzxzMu1j+oAq/1PkUeRxJs8BPqAKcisHfpblHgIUeRQRpojgWm9fUOV/ijwHDPAMQL0D0A77qILcPbKEPbWSAEUe84oduYt1hO9nqvxPkUeRx5k8B/iAKsitHPhZlnsIUOSFP/hSwJChHT6gyv8UeQ4Y4O1wItahd7JSBbl7ZAl7aiUBijy9Y545mfYxfUCV/ynyKPI4k+cAH1AFuZUDP8tyDwGKPIoIU0RwrbcvqPI/RV5MDfDefILM/93n8cDr8cLj9RiLV/qU93//Wvbz+vfJ66/sI47h9fiM34wgNo4J+G6yke1Sft5i1GX+xnU+m0QnGaiC3D2yhD21kgBFXnRiuWBBxfxfMBvdbGVve1T5nyIvZkRKHDye+P8KMkNwxSPO60MxjxdxnuLw+LzwxnkQ7/WgmM8LX5wPXp+ItuLweoohzjjG73wi1Hye4sbi9cQhzuff1+ctCa83Hh6f7CfC0QdPnA8eb5yx+GRfQxja68QMbjVvVZBbOfCzLPcQoMhTx5y9OYn5317eOtn+ym1R5X+KvJgReeZMmmlw+V4MnmJx8MTLjJyIuDj4ZJuxlEC8Jw5XeTwo4/PgxtJx+Mt1JfHn60vjT9eXxg3XlcRvr4lDifi8Wb+8mb7iHh9Kimj0euD1FYPXUxI+TzzijNlCj1/8GTN7Zju41iH5qILcPbKEPbWSAEWeTrmtaPnf6ymBYnn5/1qfBzeY+f+3pfHH60vjD8z/WpyBsWrsUOV/iryYEXm/TDj+BByPOF8JFJPZOmPmTfaJQ5mSxVHupjKoe+ef0avpLRjb6U68NKYW1j/dFNtmJ2HbrASsnVAfCwbdj5zU25Baqxzur3oj/veGa3F1qeJ5zi8zfXHw+uS0rgfFPB7/TKDM8nlLwMPZPK2ShCrIrRz4WZZ7CFDk/TLnWjUgW1FOwfk/Pnj+Hx2Q/59pgbUTHsvL/9X8+b/KDUHzv8/ngY/5X6tcH8x/VPmfIi9GRZ5PTq96fYj3yQyef6at7E0l0aVRWSwa/jDeX56Kb3f2AQ4PAb4cAhzOBT7NBj7KBHb2Bt7uDmzuCbyRhlPLu+CDOQlYMqweBra/F3Vr/BV//YPMBMosnxceqcuYHZTTxfHwyqlhijytAl8V5O6RJeyplQQo8vQVeQXm/4ZlsWhE0fP/+3MS8ALzv1Y5PZiYK2ibKv9T5MWgyBODGotcd+fxoNJN12Bs17uwe21bnPkqGzg7Ejg7Cjg1BDg2ADjcD/gsC/g4A9idBrzdA9jcGVjfAVjXHmdXt8aJFa1wdGkqPl6YijemNMeUrFpoXfvv+OfvS6CkcYNGSXi8pYx6DfEXg9wKChAnbFcFuZUDP8tyDwHxKSfEhtP68Kv8/8drMKYL87/T7FyU/qjyP0WehmJFTo+KeDPujL3cPkm4cfD44iA3SshM2u+u9iIrsQIObOqOS2eHAhjuX84PAk73B77JBkT0HeoHfJIBfNgL2NUT2N4deKsb8EZX4NVOOPNKGxxb2gqHF6Vg34IE7JjTDOtnNMfy8U3xZHotNLj7RlxXXOovBa+nNOKN2Tz/X7nGXbrm9XoBN3YUxUG5b/gzBqogd48sYU+tJECRF35chpLbdMj/G5j/Y+oPHFX+p8i7LKKiE9C/SgI+D+J9XpSQGyHi5eYHuZlC7p71IT4+Dp4SPlzt9aBm2d9j5dRG+Pm7wQBGARgCYDBwaRDw00Dg9ADgm/7Al9nA51nAvgzgg97Auz2Ard2AjV2A1zvj0uqOOLO8Db5+MRWfL07GngUtsG12U7w5vQnWPFUfy8bVwdO5D6Jjo/L45++vQimPz7gRw/9IFr8YFUEq7fP+4u5fTXjqZt8ItUcV5FYO/CzLPQQo8qKQw5j/Y0pc/Wr8jlB+v1I9qvxPkRcloxRoNLnRwVcCXm9xeOPiUNJT2jhdWixOhF48SsV50KPJzTi0rRdwaQwAmcETgSfrwcDFXODMAOD7AcCxfsAXcqo2A/i4L7C7V961eF2B9Z2B1zri/Mr2OLmsFY4uScGnCxOwe97j2PJMM7w+tQlWTnwMz4+tjXkjHsa0nAeRlVoNd5X9LYrHSfLLm1nMm1WUu2+N2UfdeLqkPaogd48sYU+tJECRFx2Rp2v+z2T+11aAqvI/RZ6WIqAEPCL0fD6U8pRAnC8enrhSuKq4B32al8fJz7IBjAUwIu8UrQi8vOXCYODHXOD7HODrbOBgJvBJOrCnj38Wb3sP4C2ZxesIrOmAs6+0w7dLU3F4cbJxqnbnnMexeUYzrJvSGCvG18eisfUwf1hNPJNzJyZm3ot+7e7AHWXLoJjxGBW5EUNuwpBHrVDkFSjcbfAxVZBbOfCzLPcQoMiLgsgzcgXzfzRzaSzWrcr/FHk2DMBFcRr/NW7ymBL/A4nllK0nvgRKecugT/NyOHUgE4DM4A3LE3ZyHZ6IvZF5p22HAz8PBU7LTRcD/dfj7c8A3u8DvNMD2NId2NAVWNcRF1Z1wKllbfH1kpY4sCgZH8xvgR2zmmHD9KZ4dVIjLBtXD4tHPoK5Q2ti2sD/4Mn0ezGqxz3om1gJt/3zOpQwHtsiD1suZtyFKzN50v6i9Jf7WsNLFeTukSXsqZUEKPKsic2i5Djmf/uZF8U+uu6ryv8UeTqKEnlzhbcEvPKmiWJxuDbOg4GPl8epA/3zxJwp7EToibiTWb3xAJ4CMBHAE8D5kcCJwcDh/sC+TP9dtdvMGy46A2va4+yK9vjmpTY48nwK9j2biF1zmmPLzCb+U7UTGmLpE/WwcERtzBr8ACYPqIFx6fdgeJfbMKTDv9GtWSVU+9s1KG7M6MmNILIwQKPFQBXkVg78LMs9BCjyopTPguT/AY+Xx0mt8n9F5n+NxjtV/qfI08hQhkCQ2bE4eTRKCcSJyPOUQt0KN+L43j5+8WaclhWRNxrAOABTAMwEMA/AswDmA3gawATg3CjgyxxgXz9gVxqwtTuwvgvwWgdcWNUOJ5e3xVcvpuLAc8nYMz8B78xqireeboy1kxsZp2qXjKmDecMfwcxB92FS9l0Ym1YNwzpXxcC2VdGvZSV0aVIFlf9WJm/2Tk7b8pELFHnuEUFO7ylFXhREXtD8f4Mi/09m/tdtDI9CeyjyogA95MHeeJ2Yz3hFmbzF4u/XlcCm+Ul5p2LNa/DkbtonATwDYCmA1wFsAbAVwPq8bc8AlyYCXw8F9vcH3ksHNsnDj7vg0pr2+HFFGxxf2gqHnm+Jfc8mYefcBGMW782pjbDqqQZ4aVw9PDfqEcwZWhPTc6pjQua9GNXzTgzuVA0D21RBZnI5ZCbfitR6f8eN18ur1K5CnNd/bV7IfY8lO2nWVlWQO12MsH+RIUCRFwWRF1L+X5cv/7/oHxuY/11zdkmV/zmTp9lgLbNhcd7iKOa5CsW9PjzR+d/AT08EnKaVWTyZwZPZuxUAPgTwLYDTAE4B+ALAWwCeBzAd+G4ksG8A8E46sKE7sLYjfl7ZFieWpeLLJS3x6cJkfDA3AdtnNceGpxvjtckNsWL8Y1gypi4WDH8QMwdVx5T+92Bcn7sxvNvtyG1fDQNaVUZmSnlkJlRAenJFPHT3TSjmNd+ZG4XEqJ0N7WegCvLISACW6nQCFHn2x7Ft+f9l5n8nTUao8j9FnnYCwYt4byl4PCVQ/ebf4fhH6XmnZuXuWRF4ctPF9DyBtxfAuXxjzQUA+wGsBDALODEa2JsDvJ0JvNkNF9Z0wGl5Lt4LLXFwUQo+WpCM92YnYNOMpnh9aiOsntjAuBbvuVF1MGfoA5g+sDomZt2LMb3vwLAu1ZDT9hZkp1ZGRnIlZCaVRVZSWXRpdgv+cWPpvFed8ZRtNJKHKsjzOQi/kkChCFDkRUfkMf9Hg3ts16nK/xR5uok8uZHBWwyl4z1YMOIR4IKcmg08TSs3ViwEsDuIwDNz97G8U7hzgO/GAntygM19gde64qeVHfDNS63wxRK52SIFu+YmGbN4b05rglefqo/lTz6K50fXwfzhD2PmoJqYnP0fjEu/CyO6/xuDOt6GAW2qICulIjKSqiAz6Z/ISiyLzOSqePTevxrP8IuGwGGdHuN1c6b1uSYBKwhQ5EVh4Lcx/+9n/nfM6VyKPN2EnKo9xt2qHjxSqQyOfmTebCF30cosntxFOy1vFu+oIo9/BWCNfybv61HAzoHAxjRceLUzTi5vh6MvpuQ9MiUJO2a3wKanZRavsfHw46VP1MVzo2pj9rBamJ5TAxOy7sGY3v/GUJnFa38L+reugqzkyshIrIKM5JuRmVgRmckV0aVxedxszOZFITGqeLrkN1WQKxyFP5FAgQQo8qKQy/Lyf+1KZfDV3r55N9vlz/+vAJAcX9Cn6Pl/XUD+Xyj5f2go+f8qx4imWJs4UOV/zuRpJwLkzRYejOt2N3BG3mQh4s582LFciyc3W8iFtt8XEOEXAXwC4CXg/DTg8+HA9kxcer0HfnylvXGzxcHFSfj42UTsnJNgPPj4jSmNsfqpBlg2ri4Wj34Yc4fVwozc+zG5f3U80fcujOhWDYM73IL+xixeJUPUZSZVRHpyOWQkVTaEnpy+feS2/8l7pIpcnyevOct7bl5e4oq1wIml9qqCvABH4WYSUBKgyIuCyDNeYenBuO4F5f9Z+uX/pIrG5TsPV2P+j9aYocr/FHnaiTwP/vK7EtiwKCXvZgt5N60sIvbkjto5AN7Iu9kiWI4W8Sd32T4LnBgPvJ8LbOyLn9d0xYmX2+CInKZdmIjdcxOwbWYzvDnN/+Djlyc8hiVja2PByIcwc8j9mDqwBiZk3oPRPe7E0E63Xb4WLzO5EjKSKvxySa5gPFKlXb2/48+/KwGPR67PK2a85szr8cHj43V6kQ5+VZAH8xJuI4ErEaDIi4bI8+CvvyuJjYtbhpj/TxSY/79bFpj/WxQ6/w8pQv7/E/N/VGYzVfmfIk9Dkfdw1b/i2EdZeW+1yM17N61M2Zszeavzbq74OV+elrtrdwB4ETg7FfhsBLAtCxdf64FTK9rj6Aup+Ow5ebNFAt6Z3Qwbp/ufibdy/GN40ThN+xDmDJNHptTAJLkWr88dGNGlGga1q4z+rSohK6XyL8VdntiT07WZyRWQllQZVf/xW3g9JYw3dojjUeTZM1Cogjyfk/ArCRSKAEWePbGb/w9AS/P/Vnvzf5V/XMf8HwVNocr/FHlRMEj+oM7/vVezisBJU9zlABeH+hfjAchyTd7ivOfhyWlZeXzKNwAOAdjuF3gXZgBHxgDvDADe7I2zKzvh+NI2+HxRCvbOT8S7s+X9tE3w+pRGWDWxPpaNexSLR9fFPHlkyuD7MKV/dYxPvwejelTDkI5VMLB1RfRrWcE4TfurWbzLs3rlkZl6Kx667UaU8sXBIw9y9soMnqyjkyzzc3Xyd1WQF2pE504kkI8ARV508lbvCOb/jwrM//Lg+zDzf0vm/2iNMar8T5Gnmci7tpgHswbX8M/eXcoFzucAPw32LxflLls5ZSvXZchz8GRGb2PenbRyMe7zwLkZwNEngN2DgQ3p+HlVV3y7rB0OP98aHy9IwntzWmDzzCZ4c1pjrHmqAV5+0v9MvPkjH8asIfdj2sAamJhVHWN63Y1hnW9Bbtsq6N+yIrKS852ivSzu/rs9s2UVNL3vL7iuZJz/FK1P3tgRH5Xp62gFW7TqVQV5vrGbX0mgUAQo8uwXeZL/Zyvzv7y+0sz/cnNdYP5fnC//941K/v9NCeZ/u8cBVf6nyNNM5P3PNfFYOeMx/6naM7nAyYHAqRzgZA7wwxDgp5HApQkAZgCYDWCB/5VmF54GfpwIHBoD7BoEvJWJ82u64/tl7fHFC62wf2GKcR3e1plNsX56Q6yd3MB4ddkLYx/FwhEPY/awB/B0bg1M6vcfPJF2N0Z0vQOD29+KAa0qol+KOYsnj06piMykCmyVAEcAACAASURBVMaSf1YvM6Ui2tS7Gf9zrZyu9cBDkWebwFUFeaFGdO5EAvkIUOTZL/Ik/6+aaWX+b4cvlhQm/99vXf4vw/xPkaeZsLLbIKr6qvz5Guxd1x64OBw4kQsczwa+yQaODQCO5QDfDAK+Hw78OBY48wTww5PAqSeBr0cC+wcD7w4ANvbBhVe74eTL7fDVklaX32qxY1ZTbJS3WkxpgJUT6mHpuEeNV5fNHfoAZgyqgcn978WTfe/GqB63Y3CHW43Xl2WnyExdeWQkVkBGotx0EeTGi8vX5lVAz+YV8Y8brjae2+YXeTKbZ3+ydFudFHn5FAq/hk2AIs/+vFXlL9fi44Ly//Ec4Hiw/D8O+HqENvn/78z/to95qvzPmTzNBEiNCv8P3+3oDZweDBzrD3zdDziaCXyRDRzMAg7KeiBwMBc4OBj4JBf4KAfYNRDYKm+16IPza7r6n4f3QksckNeWzUvEjlmPY9OMxvmuw6uDecMewjOD7sPUAdUxPuMejO51B4Z0vg0D21Y1braQGyryz9gV9F1m+PomVkbZP5Xx31nr9cIni4d310ZadKqCPOzRngW4kgBFnv0iz9b8P8ra/C/jQjrzv+0CT8YWVf6nyNNM5D1wy004vbuvf/buy37AkUzg83Tg00xgf19gbzrwYQbwfgawKwN4NwPY0hfY2At4vRvOreqM71/230krAu/DeS2wY1YzvPV0Y7w+tQFWT6yPl8fVwfOjH8H8YQ/jmUG1MG2AXId3D8am3Y5hXW9DTruqyG5ZAVkp8hy88oUWeRLkmSm3oNyfr6PIs9mvVEHuSoXCTodNgCLPfpH3oOT/9yOR/5tcOf/3/m/+lxvtmP/tt3+okwGq/E+RZ/NgfCUjPnDrH/1BfjQLOJQNfJ4F7O8DfCzirg+wqxfwbm/g7TRgSy/grZ7AG91xaW1n/LSyI75b1g5fvpCKA4ta4sP5yXh3zuPYNFMCvBFWT6pv3GjxwtjaWDiiFmYPfRDTcx7EpH7V8WSfuzCy220YZLzVojKyUsojM7mIAi+5ArKSq6Lcn39jiDy5u5YzefYkClWQhz3aswBXEqDIsyd2A8eEB6v9ET+8nw5EMP/L81Ajlf/lFZfl/sT8H2hTO/6vyv8UeZqJvBqVfo/vNncHDsrMXQawLwP4sDfwfhqwsxewoyewtQewqQewvhuwrgsuru6IH19ph2+WtcWRF1rj0+dS8OGCZLw3W+6kbYo3pjbBmkkN8fL4enhhTD0sHPkw5gyVC23vx1PZ92GcXIfX/U4M7ljNOEXbr6X/VWUFnZYtaLv/eXlVUZ6na22fslcFuSsVCjsdNgGKPPtFnpH/txQi/7/F/G+HeIqVOlT5nyJPM5F3+/+VwYGVbYFP+wN7+gDv9wZ29gTe6QNs7wFs7gps6Aq82RVY2wkXVrXHD8vb4pulqTiypCU+eS4FexYk4d05CdgysynenNYIr05qgOXjH4MxgzdS3kt4P2bk3IfJ2TXwZPq9GN3zdgzpeBsGtq6KfimVkJEsd9EW/lq8wH3lmoxyf7qWM3k2+5UqyMMe7VmAKwlQ5Nkv8iT/f25x/l+jyP/j0+/FKDP/t7Iq/1/D/K9R/o+oyDOThKzN/xdGGQfuX5TjzLIDjze3qdah1KEqL5zf/nZ9cayfWg/Ylw3sTAPe6QG8LbN3vYFN3YD1XYB1nYBXO+H8ynY4/XIbHFuaii+WpPgF3vwk42HHIvBkBu/VSQ3zHpVSL+9O2ocwY9ADmDLgPozPuBdjet6NYZ3+jYGtb/ELPLl4thACT26yEHGXnlQJ6UmVkZFYGVnJldGlUVn85bcl4ZGbLfgQZNtm9MSH+SEBKwmEmxfN42Vt/r8wuTFw/6IcZ5YdeLy5TbUOpQ5VeeH89rff2ZP/J+fl/9ERyP9/Zv63Le+bviY+XNAnoiLPbIBda+losWLFULx4cZQsWdJYSpUqhauuugqlS5c2lquvvhrXXHMNrr322l8tZcqUgWr5zW9+A3O57rrrYPVybZnf4P/+cgNWj28GyMW3MnO3rSewuRsg0/NvisDriEur2+OnFe1wcplf4B1+PhmfGK8rS8IOOUU7Q2bwmmDtpEZ4RV5ZNvZRPDeyDuYOexAzcx/E1AE1MSHzPxjT+y4M63w7ctvcguyWVZAls3iFEHiB+6QnVYQsmUkVkZ1SGam1b8Zf/3A9pC833HQD7rrjTjxapw6aNm2CpKQktG3bFp06dULXrl3RrVs3SxYpS7elc+fO6NChA9q3bx+xRcrv27cvhgwZory7qqDg53YSUBHQSfwUZgxxRv6/Easn5M//3QvO/y+mQtf8f6OR/+9Cvbr+/J+cnGzkf8mNVuZ/q8aRYOWEOq506dJFm/x/RZFXuXJlhLJUrVoVNWrUQJ06ddCgQQM0bdoUCQkJEEOnpqaiTZs2xuBnDvjdu3dHz5490bt3b2Pp06cP0tPTkZGRgczMTGRlZSE7OxsDBgzAwIEDkZOTg8GDBxuLDHIjRozA1KlTsWDBArzwwgt4+eWXsWrVKqxduxZvvvkmNm7ciE2bNmHr1q3Ytm0bduzYgffee89Ydu3ahffffx979uzBhx9+iI8++ggff/wx9u3bh/379+Ozzz4zlgMHDuDzzz/HoUOHcPjwYXzxxRc4cuSIpcvRo0dx9vPXgM29gI0dgY3dgfWdgDc6Aq92xKVV7XB2eWt8v6w1jr3YEocXJ2P/wkTsmdfceB+tXIMnb7OQGbxXxtfD0ifqYtGo2pg3tBZm5sqjUmpgoinwut6OnHbyRgu5k6qop2hF3MlMntyBWw5ZSeWQ1rwcZjyRjgOf7MfhL47gyJdHcOLECfz444/4+dw5nD9/3lguXLgALtYwuHjxIi5dukSRp1Ir/C0kAiKaQsn9coyZ/2vXro2GDRtezv8pKSlG/pc/9uSPFMn/MrgG5v+0tDQE5n/J/f369buc/yX3yzJo0CAj/w8dOtTI/9OmTbuc/5cvX27k/9dee+1X+X/79u2X8//OnTuhyv+ffPLJ5fwvuf/gwYORzf9fHcXZg5HN/5f/wI9A/p/5REZe/v+C+d+Gca4w+f+KIu+7775DKIsM7qdPn8aZM2fw008/XR7cpVH8XIHAD0eArUOA19oDb3QCXuuEi6+2w08r2+GH5W3w7UutcfTFVBxanIL9C5Oxe16CIfDemiGnaBtDrsFYMb6BMYMnAm/usFqYOch8Zdm9GJN2F4Z1uwM57W5Fv5ZyF+2/ivioFBGElY23X2Qk3YyMpP9DZuLN6JNQBVvWvXSFzvHnSBCQAZkfErCSgPhUKLlfjgmW/yX3M/8XwkJG/h8cev5/qjD5X/7Aj0D+f31ZITrIXawmoMr/VxR5VjeG5RWCwMWzuLB7Ns6v6oRLq9vh/Mr2+HFFa5wwr797PhUHnkvBRwuSsGtuC2yb1RRvyYOOpzXB6kkNsXyCnKJ9DM+NFIH3EGYOegBTB95nzOCNTbsTw7tVQ277W5CdWgX+hx0X9Xl4+UXev5DW/F8Y3rM+Dn76YSE6yF2sJqAKcqvrYnnuIECfipKdYzb/N8DBTz+KEjR3V6uKVYo8TX3j50Pr8f3KzjjzUiucXJaCY0vb4KslLXFoURI+eVYecpyE92Y/jm3PNMWG6Q2xbkoDrH6qvv8xKWPr4LmRj0BeVyYzeHKKdkLmvfALvFsxqF0l42HH/tm4ol+H539/bWVkJVZEVmJZZCZWQFqzKlg4ORfnzp7RlKizm6UKcmf3nL2LFAH6VKTIXrncnw+9WeT8vyqa+b95FTw3dRB+Zv6/snEjsIcqVinyIgDciiIv/nAAX76ajeOLU3Hs+SQceD4Fnz2XhL0LEvH+3CS8MysBW2Y0x4ZpTfDalIZYNfExLHuyHpaMfRTPjnwIc4bWwozc+zFFbrLI+g/Gpt2F4d1uxaAOVdFfnoNnXEsnM3JFvRavgnGTRaa8wzZZZgArIiOhIvq3vx/vbnnDiq6zjBAIqII8hOJ4CAnwOs8o+sDFHz735/9FVub/W4z8nx2B/D+g/QN4dyvzf7RcRpX/KfKiZZUr1nsBX709H58tSMRnC5obp2Y/mPc4ds5phu3G6dkmxvV3ayc3wMoJj2HZuNp4fnRdLBj+MGYPkQcd18Tk7OoYLzdZpN2NEd1uR277yshuVQny0OLAO2SL/n85XmYAyyErsRz6Pl4W4wa0wskTx6/YK+4QGQKqII9MjSzV6QToU9G08AV8td2C/J8R+fzfx8j/rXHyxDfRBObqulWxSpGnsWv88NVH+GBRF+ye1dg4Nbv9mabYPLMx1k9vjHVTGmPNxAZY8WQ9LB1bF4tHP4IFI2ph1pBamJ4jAu8/GJ9+D8b0ugvDu96J3HbV0D9V3mQR2kOOfykE5XVn5ZCRWBEZif9A3+Rb8PqKRRqTdH7TVEHu/N6zh5EgQJ+KBNXCl+nP/50tyv+3Wpv/5SxOXv5PZ/4vvFEjtKcqVinyIgTdmmIv4MiORdg4vSk2PN3QeHvFuimNjFeUvTKxAZaNq4slY2pjoVx/N7wWnhki76J9AE/1q45xGXdjdK/bMazzbchteyuyW8oDi0M7PftLgVfBf5o2pRwyEyujb8K/MGFIO5w68a01XWYpIRFQBXlIBfIg1xOgT0XbBS7gizDz/1Ab8v9E5v9oO4ry0gqKvKibR92Ac6eP4/W5ffDKUw2w6qkGeGVCfbw07jEsGeN/g8X8EQ9h9tAHMWNwTUzJqYmJ/Wriib73YmSPuzG0460Y2Loy+qX4H1Yc+o0W+Wf/yiMjubzxlovsDg9i7+4t6k7w14gT4IAcccSuq4A+FX2T+/N/WpD8/6jxBqNo5n95hWV2h1rY+/626INyeQtUsUqRFwPO8cWHb2HlpFS8OPYRvDC2DhaProNnRzyEucPuxzND7sP03PsweUB1jM+4B2PT7jGuvxvc4VYMbCUCL79As+J7ReOO2j6JlbBq8dO4xGcfRt2LVEEe9caxATFJgD6lh9lCz/+VIp7/1zz/NC5d4rNvo+0pqlilyIu2dQpT/8UL+GDDs5g7tDbmDXsIs4fdj1lD78PTudUxdUB1TOx3L8Zl3IVRcnq26+0Y1P4W9E+thKzkCsiUGbcivqrsl/uXRUaSPCw5707aRDntWwm9Hq+MSUM64+S3XxemB9wnwgRUQR7hqlm8QwnQpzQxbJD8/4wW+b8LTn17TBNI7m6GKlYp8mLEN858fwyvPjsCkwc+gGkD7sLU/vcZ1949mXk3xqbdhhHdq2JIxyrIaVsZ/YwbLMK9g9ac8fOLxKzESsY1eOmJ5dAroRyeHNgeX3zGB1/q4j6qINeljWxHbBGgT+ljrzMnjmHNsyMxKX/+z4hS/s9pjy8O7NUHkMtboopVirwYcg6ZNXt57lCM6fkfPNHjdozpdTeG97gDQzpVRm77ShjQujz6tZTZO1Oghb9OT5Lr+SogO6ECMhPKo2diBYwblMo3W2jmN6og16ypbE6MEKBP6WUoPfJ/RYwb3IpvttDLNXjjhWb2CKs53x//CssXPIkRvWsjt10V5LatggFtKhqzd1kpfoEnwuyXp1xDFXtSTlX/Kd/Ef6BXi3IYP7grDh3YF1YfeLD1BDggW8/U7SXSp/TzgF/n/8pB8n+o+T7/cb/O/xOGdMXhA/v1A+PyFqlilTN5MegcP509gx0b12JQtzrIbFkOWSnlkZVilbDLF+iJlZCWUAHpbe/Bsucm4puvv4xBYs5vsirInd979jASBOhTkaAafpk/nT2LHW9J/q+LzJaS+2XJl7fDug47oCzm//ANZkMJqlilyLPBAJGoQu5oPbB/D2aO6YGMpCro06Is+ibITRLljNOrv57JK4oILA+59k6egdcnoTyG9myE9Wtews/nzkWiKyzTAgKqILegeBbhQgL0KX2NbuT/fWb+r4q0iOX/ChjaqzE2MP/r6wwAT9dqbZ0wG3f6++/w1pqlmDioAzJa3Yrej/8D6c3LIrNF3rV5ieXhf89s5bxXkeU9zFieWJ4sgrC88Zozue5OBGJ6i7JIe7ws+ibdikFdH8KciTk4+MmHYbaSh0eaAAfkSBN2X/n0Kf1tfjn/D45Q/n+K+V9/L6DIiwUbhd3Gk98dx5Y3XsasJzOQ27Ue0hJuQVqzsujTvCzSW5RHZmJZ9Ev8F/ol+t83K++czUwsh4wWFdC3eUWkPf5/6NX8ZmS2uhtjs1Px8sJp2P/hTpw7ezbstrGAyBPggBx5xm6rgT4VOxb/b/5PtyD/t8LLC6fjE+b/mHEAVazydG3MmLFwDT175kfs27sLb6xagHkTszAqowUGtH8IvZvfil7NKqJXswro1awcejQrh56PV0C/Nv/ByLQmeHp0b6xaPA3vbHoVX395CBf5gOPCAddkL1WQa9JENiPGCNCnYsxgACT/7w/I/6ON/F+rEPk/DauN/L+W+T/2zM7TtTFoMwuafAlnfjiF418fwWcf78aubevw3pY1eG/La3hvy9q89Trs2/MOjh09iFMnv8fFC3xyuQXgo1IEB+SoYHd0pfSpWDav5P/Tl/P/zm2v470tr2LnlteMRcaBd7esw/497+L40cM4dfIk/7CPYXOrYpUzeTFsWDadBEwCqiA39+GaBIpCgD5VFFrclwSiR0AVqxR50bMLayYBywiogtyySliQqwjQp1xlbnY2hgmoYpUiL4YNy6aTgElAFeTmPlyTQFEI0KeKQov7kkD0CKhilSIvenZhzSRgGQFVkFtWCQtyFQH6lKvMzc7GMAFVrFLkxbBh2XQSMAmogtzch2sSKAoB+lRRaHFfEogeAVWsUuRFzy6smQQsI6AKcssqYUGuIkCfcpW52dkYJqCKVYq8GDYsm04CJgFVkJv7cE0CRSFAnyoKLe5LAtEjoIpVirzo2YU1k4BlBFRBblklLMhVBOhTrjI3OxvDBFSxSpEXw4Zl00nAJKAKcnMfrkmgKAToU0WhxX1JIHoEVLFKkRc9u7BmErCMgCrILauEBbmKAH3KVeZmZ2OYgCpWKfJi2LBsOgmYBFRBbu7DNQkUhQB9qii0uK8bCMg73c+cOYOXXnoJkydPRvPmzZGYmIiEhATMmTMHa9euxfnz53Hp0iVbcahilSLPVlOwMhKIDAFVkEemRpbqdAL0KadbmP0rCoGffvoJr7zyCho3boyHHnoIjzzyCB5++OHLi3x/8MEH0bp1a6xfvx7nzp0rSvFh7auKVYq8sNDyYBLQg4AqyPVoIVsRawToU7FmMbY3UgQOHz6M3Nxc1K1b1xB1tWvXRkGLiL3q1atj+PDhOH36dKSa9ItyVbFKkfcLVPxCArFJQBXksdkjtjraBOhT0bYA69eBwJdffomePXuiRo0axuxdQeIu//aaNWti6NChOHXqVMS7oYpViryI42cFJBB5Aqogj3ztrMGJBOhTTrQq+1QUAiLwunbtChFs+UVcYb7LcYMHD8bJkyeLUm2R91XFKkVekXHyABLQj4AqyPVrLVsUCwToU7FgJbYxkgQmTZpkXGdXGEEXbB+5Zk+2L126NJLNhCpWKfIiip6Fk4A9BFRBbk8LWIvTCNCnnGZR9qcoBObPn28INLnGLpiAK+w2EXqPPfYYNmzYUJTqi7SvKlYp8oqEkjuTgJ4EVEGuZ4vZKt0J0Kd0txDbFykCcqNFp06d8MADD4Ql8EwheP/99xs3bkTq+jxVrFLkRcpLWC4J2EhAFeQ2NoNVOYgAfcpBxmRXikRg8eLFqFWrVpFutDAFXbC1zAbWqVMHW7duLVI7CruzKlYp8gpLkfuRgMYEVEGucbPZNI0J0Kc0Ng6bFjECR44cQYcOHSybxTNFn8wK9uvXz3iYstWNV8UqRZ7VtFkeCUSBgCrIo9AcVukAAvQpBxiRXSgygXfeeSfku2lNQVfQWq7PO378eJHbdKUDVLFKkXclevydBGKAgCrIY6D5bKKGBOhTGhqFTYoogbNnzxoPMZY3VxQk1MLZLm/KmDlzpuV9UMUqRZ7luFkgCdhPQBXk9reGNTqBAH3KCVZkH4pC4MSJE8Z7aM1Hn4Qj6IIdK+V26dKlKE0q1L6qWKXIKxRC7kQCehNQBbneLWfrdCVAn9LVMmxXpAhs3LjR8mvxAsWe3IBRr149fPzxx5Z2QRWrFHmWomZhuhH4+eefjaeNy5PLd+7ciW3btmH79u1XXGQ/2V9upf/+++8hL6e+ePGibt273B5VkF/eif8hgSIQoE8VARZ3dQSBGTNmXPHdtIGiraj/F5H36KOPYvny5ZbyUsUqRZ6lqFlYNAiI+JIXQR88eNAQcatXrzaue8jMzETnzp2NO6VSU1PRtGlTNGzYEI0aNSrUIvvLce3atTOemdS9e3eMGDECcnv9G2+8gT179uDYsWOGALx06VI0un65TlWQX96J/yGBIhCgTxUBFnd1BIHs7OyIijwRhSL05E0aVn5UsUqRZyVplmULgXPnzkFm5mS27cUXX8SoUaMMEZaUlGT8lWQGklz/EIlFglTqEMHYunVrpKWlYdq0aXjllVewa9cuo20//PAD7BR+qiC3xSisxHEE6FOOMyk7pCAg+VomAMz8XtRZusLuLzd1yPtwrfyoYpUiz0rSLCtiBC5cuGCcOpVrJp566im0bdvWEHTywEq5Y0nEnBmcsjb/X9jAK8p+8lBL2d+sx6xf2iBJQmb/cnNzjfcVymyfXMwb6Y8qyCNdN8t3JgH6lDPtyl4FJ2CnyJO3aVj5UcUqRZ6VpFmW5QTklvYdO3Zg6tSpxl1J9evXN14YHfg0clN0ifAq6P9FEXGqfYOJx8A65VgRe/LXmqxldjEnJwcLFy7Eu+++ix9//NFyRlKgKsgjUiELdTwB+pTjTcwOBhD49ttv0aBBg4hOEMj4IJMCiYmJ+OijjwJqD++/qlilyAuPLY+OEAGZuXvvvfcwZswYPP7448YrZkTYiXBSiTCdfhNBKAEt7ZZ2JSQkoH///sZpXUkoVn5UQW5lPSzLPQToU+6xNXsKrFu3zjg7FOwPeSvHFRnDmjVrZukrzlSxSpFH79aOgJzenDdvnvHXTqBIyj9jZmXgRaIsM1lIuyWwRezJ8thjj6F3795YuXKlccOIFQZQBbkV5bMM9xGgT7nP5m7usdzxWrdu3YhPIpgiT57yYNVHFasUeVZRZjmWEJA7ZOX9fiKQzFk7M/BiTeRJe02hJ2uz/fJ/EXvyfejQodi3b1/Y7FRBHnbhLMCVBOhTrjS7azu9YsUKQ+SZOTsSf/hLmRR5rnUxdvzo0aOGwJPZu0gFmA7lBoo/6WurVq2MR7LIs/hC/XBADpUcjyuIAH2qIDLc7kQCFHlOtCr7pA2B8+fP45lnnjHEXaT/ktJB6EkfzX6K0JNrNKZPnx7ynbgckLVxZcc0hD7lGFOyI4Ug8PLLL/N0bSE4cRcSCImAvF2iRYsWxo0KOogwu9sgp2/ltPSiRYtC4scBOSRsPEhBgD6lgMOfHEdAnuIgrxwz//iO1Bhgnq7dunWrZQxVscpr8izDzILCIbB+/frL16xFKrh0L1eEnjxjTwRvUT+qIC9qWdyfBIQAfYp+4CYC8gpMecB9pEWe5Hl5Tp6Vr8lUxSpFnpu8WOO+ykOO5Z1+8leOeYOC7qIsEu174IEHMHv27CJbShXkRS6MB5AARR59wGUE5GHI8uSDSIs8eYYqH4bsMudid4GPP/7YmMWSAIiEeIqVMqX/gwcPxsmTJ4vkFhR5RcLFnQtBgD5VCEjcxTEEROR17Ngx4iJPrsGWHG/lRxWrnMmzkjTLCpmAvNli3Lhxl19RFiuizOp2ykzegAEDinwDhirIQzYKD3Q1AfqUq83vys7PnTs3oteFyyyhnLFas2aNpXxVsUqRZylqFhYOAXlGXmZm5uXn41ktoHQvTxKA/JX37LPPFhmjKsiLXBgPIAGerqUPuJDAqlWrIi7y5JSwvOLSyo8q/1PkWUmaZYVN4NChQ8jIyDACLf+1EU69Vs/sp1yQ2759+5AejqwK8rCNwgJcSYA+5Uqzu7rTX375ZcRFXpMmTSCPDLPyo4pVijwrSbMsSwgcPnzYmNETUSfCx7wZw8kiT/opwS9/SYbyUQV5KOXxGBKgT9EH3EZAHkg/evRoROracBnL5JSw1R9VrFLkWU2b5VlC4Ntvv8X8+fORnJx8+Z2v5oyX7qddi9I+OT0ri7z1Qt6dGOpt9aogt8QgLMR1BOhTrjM5OwwY7xSvXr16RG4AvP/++7F7927LOatilSLPctws0CoC586dw/vvv48pU6YgMTHR+OvKnNkTIRWrM3vSbvmLTv5alOszhg0bhj179oSFTRXkYRXMg11LgD7lWtO7uuP79+833kAkOboof7BfaV8pr3Xr1jh16pTlfFWxSpFnOW4WaDUBEXsffPCBMbOXlpaGBg0aBL1m70pBpsPvEugiVOvXr4+BAwca76wt6uNSgvFVBXmw/bmNBK5EgD51JUL83akEZs6cCatn86S8devWRQSZKlYp8iKCnIVGgoA8x+ibb77BO++8g2nTpqFNmzaGWBLhJKc8ZS2ndHU5rSvtkDYFLk2bNsXYsWMhr7Sx8i86VZBHwhYs0/kE6FPOtzF7GJyAnFkxLxWyYnJAHo3VvXt3fP3118ErDHOrKlYp8sKEy8OjQ0CuXfvuu++wfft2zJgxA3379kXLli3RqFEj4zSuzJbJ6VDzmrfCCD/z9K+5luCW4wK/mwEv28ztgWJO6pO6ZZHfpT1t27ZFdna28V7aTz75xPI7q8QCqiCPjoVYa6wToE/FugXZ/nAITJo0CTVr1gx70kD+yJdr8UK9qa4wfVDFKkVeYQhyH+0JyF1Rn3/+OTZt2mTcvdS/f3/jL6eEhATjfYQizkT0mYspAs3vphiU7YEzguYsnPm77G8ea65lm+wnp2CbN2+Ozp07IysrC7NmzcLmzZtx5MiRiAi7QKOodNa/bwAAIABJREFUgjxwP/6fBApLgD5VWFLcz4kE5DIamTyQ/G7+cV/UtUwAyPHyoH95N26kPqpYpciLFHWWG1UCFy5cME7t7tq1y7jubcGCBZg8eTImTJiAESNGGI9oadeunXHKNzU1FSkpKcbNHfIYExFrEpyyyPV/copVxKLsIxfOysxc7969jRsmxo8fD/mLTwTd2rVrjYdcHj16FFK/nR9VkNvZDtblHAL0KefYkj0JjYCceWnRooVxRqioAs+cWOjWrVvETtOavVLFKkWeSYlrxxOQa/pEfP344484duwYDhw4gE8//RQSyHv37jVu7pDr/TZs2IAVK1YYy8aNGw3hJtdoyPt1ZV85RoTc6dOnjRm6UB97YiVwVZBbWQ/Lcg8B+pR7bM2eFkxg27ZtxhkaOVtTFKEnZ39kQkDu1o30RxWrFHmRps/yScAGAqogt6F6VuFAAvQpBxqVXQqJwNtvv20IPfPSHJXYEzEol/LIjYFyCZEdH1WsUuTZYQHWQQIRJqAK8ghXzeIdSoA+5VDDslshEZAZufT0dONyHrmRQu6YNa/VlrUIQFkaNmxoXBIkZ4vs+qhilSLPLiuwHhKIIAFVkEewWhbtYAL0KQcbl10LmcCOHTsgN/b16tXLuI47KSkJsnTs2BFDhw615fRs/sarYpUiLz8tfieBGCSgCvIY7A6brAEB+pQGRmATtCXwww8/YOfOncZryuRVZfIM12h9VLFKkRctq7BeErCQgCrILayGRbmIAH3KRcZmV2OagCpWKfJi2rRsPAn4CaiCnIxIIBQC9KlQqPEYErCfgCpWKfLstwdrJAHLCaiC3PLKWKArCNCnXGFmdtIBBFSxSpHnAAOzCySgCnLSIYFQCNCnQqHGY0jAfgKqWKXIs98erJEELCegCnLLK2OBriBAn3KFmdlJBxBQxSpFngMMzC6QgCrISYcEQiFAnwqFGo8hAfsJqGKVIs9+e7BGErCcgCrILa+MBbqCAH3KFWZmJx1AQBWrFHkOMDC7QAKqICcdEgiFAH0qFGo8hgTsJ6CKVYo8++3BGknAcgKqILe8MhboCgL0KVeYmZ10AAFVrFLkOcDA7AIJqIKcdEggFAL0qVCo8RgSsJ+AKlYp8uy3B2skAcsJqILc8spYoCsI0KdcYWZ20gEEVLFKkecAA7MLJKAKctIhgVAI0KdCocZjSMB+AqpYpciz3x6skQQsJ6AKcssrY4GuIECfcoWZ2UkHEFDFKkWeAwzMLpCAKshJhwRCIUCfCoUajyEB+wmoYpUiz357sEYSsJyAKsgtr4wFuoIAfcoVZmYnHUBAFasUeQ4wMLtAAqogJx0SCIUAfSoUajyGBOwnoIpVijz77cEaScByAqogt7wyFugKAvQpV5iZnXQAAVWsUuQ5wMDsAgmogpx0SCAUAvSpUKjxGBKwn4AqViny7LcHayQBywmogtzyyligKwjQp1xhZnbSAQRUsUqR5wADswskoApy0iGBUAjQp0KhxmNIwH4CqlilyLPfHqyRBCwnoApyyytjga4gQJ9yhZnZSQcQUMUqRZ4DDMwukIAqyEmHBEIhQJ8KhRqPIQH7CahilSLPfnuwRhKwnIAqyC2vjAW6ggB9yhVmZicdQEAVqxR5DjAwu0ACqiAnHRIIhQB9KhRqPIYE7CegilWKPPvtwRpJwHICqiC3vDIW6AoC9ClXmJmddAABVaxS5DnAwOwCCaiCnHRIIBQC9KlQqPEYErCfgCpWKfLstwdrJAHLCaiC3PLKWKArCNCnXGFmdtIBBFSxSpHnAAOzCySgCnLSIYFQCNCnQqHGY0jAfgKqWKXIs98erJEELCegCnLLK2OBriBAn3KFmdlJBxBQxSpFngMMzC6QgCrISYcEQiFAnwqFGo8hAfsJqGKVIs9+e7BGErCcgCrILa+MBbqCAH3KFWZmJx1AQBWrFHkOMDC7QAKqICcdEgiFAH0qFGo8hgTsJ6CKVYo8++3BGknAcgKqILe8MhboCgL0KVeYmZ10AAFVrFLkOcDA7AIJqIKcdEggFAL0qVCo8RgSsJ+AKlYp8uy3B2skAcsJqILc8spYoCsI0KdcYWZ20gEEVLFKkecAA7MLJKAKctIhgVAI0KdCocZjSMB+AqpYpciz3x6skQQsJ6AKcssrY4GuIECfcoWZ2UkHEFDFKkWeAwzMLpCAKshJhwRCIUCfCoUajyEB+wmoYpUiz357sEYSsJyAKsgtr4wFuoIAfcoVZmYnHUBAFasUeQ4wMLtAAqogJx0SCIUAfSoUajyGBOwnoIpVijz77cEaScByAqogt7wyFugKAvQpV5iZnXQAAVWsUuQ5wMDsAgmogpx0SCAUAvSpUKjxGBKwn4AqViny7LcHayQBywmogtzyyligKwjQp1xhZnbSAQRUsUqR5wADswskoApy0iGBUAjQp0KhxmNIwH4CqlilyLPfHqyRBCwnoApyyytjga4gQJ9yhZnZSQcQUMUqRZ4DDMwukIAqyEmHBEIhQJ8KhRqPIQH7CahilSLPfnuwRhKwnIAqyC2vjAW6ggB9yhVmZicdQEAVqxR5DjAwu0ACqiAnHRIIhQB9KhRqPIYE7CegitUrijw5mAsZ0Af09wH7UwtrdDIBxrz+MU8b0UamDxSUi5Qir6CDuJ0ESIAESIAESIAESEBvAhR5etuHrSMBEiABEiABEiCBkAhQ5IWEjQeRAAmQAAmQAAmQgN4EKPL0tg9bRwIkQAIkQAIkQAIhEaDICwkbDyIBEiABEiABEiABvQlQ5OltH7aOBEiABEiABEiABEIiQJEXEjYeRAIkQAIkQAIkQAJ6E6DI09s+RWqdx+OBLkuRGs6dSYAESIAEQiagS96XdvCjFwFaRC97hNUaXQJMl3aEBZMHkwAJkECMENAl5+rSjhgxmy3NpMizBbM9legSYLq0wx7qrIUESIAEoktAl5yrSzuiaw29aqfI08seYbVGlwDTpR1hweTBJEACJBAjBHTJubq0I0bMZkszKfJswWxPJboEmC7tsIc6ayEBEiCB6BLQJefq0o7oWkOv2iny9LJHWK3RJcB0aUdYMHkwCZAACcQIAV1yri7tiBGz2dJMijxbMNtTiS4Bpks77KHOWkiABEggugR0ybm6tCO61tCrdoo8vewRVmt0CTBd2hEWTB5MAiRAAjFCQJecq0s7YsRstjSTIs8WzPZUokuA6dIOe6izFhIgARKILgFdcq4u7YiuNfSqnSJPL3uE1RpdAkyXdoQFkweTAAmQQIwQ0CXn6tKOGDGbLc2kyLMFsz2V6BJgurTDHuqshQRIgASiS0CXnKtLO6JrDb1qp8jTyx5htUaXANOlHWHB5MEkQAIkECMEdMm5urQjRsxmSzMp8mzBHF4lt99+u/FOWlmrProEmC7tULHibyRAAiSgMwEz70s+NZe9e/cGbbIuOVeXdgSF5NKNFHmaG/6rr766LPAkgAoKcumGLgGmSzs0Ny2bRwIkQAIFEpA8GphLTdEnY0L+T+B++X+z87su7bCzz7rXRZGnuYWWLl1qBLqIOwmgcePGFdhiXQJMl3YUCIo/kAAJkIDmBCSPBubSDh06XB4L8jc9cL/8v9n5XZd22Nln3euiyNPcQvLXmwS3fMwgL6jJugSYLu0oiBO3kwAJkIDuBCSPBubS/N8D2x+4X+B2u/+vSzvs7rfO9VHkaWwdc/Zu8+bNRivNWT3ze/6m6xJgurQjPx9+JwESIIFYISB5NP8iY0Cwjy45V5d2BGPk1m0UeRpbXk7NStCY12CY1+eZM3v5m65LgOnSjvx8+J0ESIAEYoWA5NHAXGr+kR/skp3A/aLZP13aEU0GutVNkaebRQLaYwZ5sLUp/AJ2/0VCCNxu9/8Z6HYTZ30kQAJOI2DmfbNfqj/ydcm5urTDZMY1QJGnqRfIKVkJmPzT8+Zfc/m3Szd0CTBd2qGpadksEiABErgiAcmjgbm0oDFBCgrc74oFR3AHXdoRwS7GXNEUeZqazLzJIv+MnfnXXLBn5ukSYLq0Q1PTslkkQAIkcEUC5iNTJJ+aS7A/7qUgXXKuLu24IlwX7UCR5yBj6xJgurTDQaZlV0iABEigQAK65Fxd2lEgKBf+QJHnIKPrEmC6tMNBpmVXSIAESKBAArrkXF3aUSAoF/5Akecgo+sSYLq0w0GmZVdIgARIoEACuuRcXdpRICgX/kCR5yCj6xJgurTDQaZlV0iABEigQAK65Fxd2lEgKBf+QJHnIKPrEmC6tMNBpmVXSIAESKBAArrkXF3aUSAoF/5Akecgo+sSYLq0w0GmZVdIgARIoEACuuRcXdpRICgX/kCR5yCj6xJgurTDQaZlV0iABEigQAK65Fxd2lEgKBf+QJHnIKPrEmC6tMNBpmVXSIAESKBAArrkXF3aUSAoF/5Akecgo+sSYLq0w0GmZVdIgARIoEACuuRcXdpRICgX/kCR5yCj6xJgurTDQaZlV0iABEigQAK65Fxd2lEgKBf+QJHnIKPrEmC6tMNBpmVXSIAESKBAArrkXF3aUSAoF/5Akecgo+sSYLq0w0GmZVdIgARIoEACuuRcXdpRICgX/kCR5yCjS4DpsjgIK7tCAiRAAloT0CXvU+Tp5yYUefrZhC0iARIgARIgARIggbAJUOSFjZAFkAAJkAAJkAAJkIB+BCjy9LMJW0QCJEACJEACJEACYROgyAsbIQsgARIgARIgARIgAf0IUOTpZxO2iARIgARIgARIgATCJkCRFzZCFkACJEACJEACJEAC+hGgyNPPJmwRCZAACZAACZAACYRNgCIvbIQsgARIgARIgARIgAT0I0CRp59N2CISIAESIAESIAESCJsARV7YCFkACZAACZAACZAACehHgCJPP5uwRSRAAiRAAiRAAiQQNgGKvLARsgASIAESIAESIAES0I8ARZ5+NmGLSIAESIAESIAESCBsAhR5YSNkASRAAiRAAiRAAiSgHwGKPP1swhaRAAmQAAmQAAmQQNgEKPLCRsgCSIAESIAESIAESEA/AhR5+tmELSIBEiABEiABEiCBsAlQ5IWNkAWQAAmQAAmQAAmQgH4EKPL0swlbRAIkQAIkQAIkQAJhE6DICxshCyABEiABEiABEiAB/QhQ5OlnE7aIBEiABEiABEiABMImQJEXNkIWQAIkQAIkQAIkQAL6EaDI088mbBEJkAAJkAAJkAAJhE2AIi9shCyABEiABEiABEiABPQjQJGnn03YIhIgARIgARIgARIImwBFXtgIWQAJkAAJkAAJkAAJ6EeAIk8/m7BFJEACJEACJEACJBA2AYq8sBGyABIgARIgARIgARLQjwBFnn42YYtIgARIgARIgARIIGwCFHlhI2QBJEACJEACJEACJKAfAYo8/WzCFpEACZAACZAACZBA2AQo8sJGyAJIgARIgARIgARIQD8CFHn62YQtIgESIAESIAESIIGwCVDkhY2QBZAACZAACZAACZCAfgSUIs/j8cDr9XIhA/pADPiAfumFLYplAsz/HPs4/seODxSUa5QiTwwsgc6FDOgDevuAxCo/JGAlAeZ/vWOeOZn2MX1Alf8p8ihiKeId4AOqILdy4GdZ7iFAkUcRYYoIrvX2BVX+p8hzwADPANQ7AO2wjyrI3SNL2FMrCVDkMa/YkbtYR/h+psr/FHkUeZzJc4APqILcyoGfZbmHAEVe+IMvBQwZ2uEDqvxPkeeAAd4OJ2IdeicrVZC7R5awp1YSoMjTO+aZk2kf0wdU+Z8ijyKPM3kO8AFVkFs58LMs9xCgyKOIMEUE13r7gir/U+Q5YIBnAOodgHbYRxXk7pEl7KmVBCjymFfsyF2sI3w/U+V/ijyKPM7kOcAHVEFu5cDPstxDgCIv/MGXAoYM7fABVf6nyHPAAG+HE7EOvZOVKsjdI0vYUysJUOTpHfPMybSP6QOq/E+RR5HHmTwH+IAqyK0c+FmWewhQ5FFEmCKCa719QZX/KfIcMMAzAPUOQDvsowpy98gS9tRKAhR5zCt25C7WEb6fqfI/RR5FHmfyHOADqiC3cuBnWe4hQJEX/uBLAUOGdviAKv9T5DlggLfDiViH3slKFeTukSXsqZUEKPL0jnnmZNrH9AFV/qfIo8jjTJ4DfEAV5FYO/CzLPQQo8igiTBHBtd6+oMr/FHkOGOAZgHoHoB32UQW5e2QJe2olAYo85hU7chfrCN/PVPmfIo8ijzN5DvABVZBbOfCzLPcQoMgLf/ClgCFDO3xAlf8p8hwwwNvhRKxD72SlCnL3yBL21EoCFHl6xzxzMu1j+oAq/1PkUeRxJs8BPqAKcisHfpblHgIUeRQRpojgWm9fUOV/ijwHDPAMQL0D0A77qILcPbKEPbWSAEUe84oduYt1hO9nqvxPkUeRx5k8B/iAKsitHPhZlnsIUOSFP/hSwJChHT6gyv8UeQ4Y4O1wItahd7JSBbl7ZAl7aiUBijy9Y545mfYxfUCV/ynyKPI4k+cAH1AFuZUDP8tyDwGKPIoIU0RwrbcvqPI/RZ4DBngGoN4BaId9VEHuHlnCnlpJgCKPecWO3MU6wvczVf6nyKPI40yeA3xAFeRWDvwsyz0EKPLCH3wpYMjQDh9Q5X+KPAcM8HY4EevQO1mpgtw9soQ9tZIARZ7eMc+cTPuYPqDK/xR5FHmcyXOAD6iC3MqBn2W5hwBFHkWEKSK41tsXVPmfIs8BAzwDUO8AtMM+qiB3jyxhT60kQJHHvGJH7mId4fuZKv9T5FHkcSbPAT6gCnIrB36W5R4CFHnhD74UMGRohw+o8j9FngMGeDuciHXonaxUQe4eWcKeWkmAIk/vmGdOpn1MH1Dlf4o8ijzO5DnAB1RBbuXAz7LcQ4AijyLCFBFc6+0LqvxPkeeAAZ4BqHcA2mEfVZC7R5awp1YSoMhjXrEjd7GO8P1Mlf8p8ijyOJPnAB9QBbmVAz/Lcg8BirzwB18KGDK0wwdU+Z8izwEDvB1OxDr0TlaqIHePLGFPrSRAkad3zDMn0z6mD6jyP0UeRR5n8hzgA6ogt3LgZ1nuIUCRRxFhigiu9fYFVf6nyHPAAM8A1DsA7bCPKsjdI0vYUysJUOQxr9iRu1hH+H6myv8UeRR5nMlzgA+ogtzKgZ9luYcARV74gy8FDBna4QOq/E+R54AB3g4nYh16JytVkLtHlrCnVhKgyNM75pmTaR/TB1T5nyKPIo8zeQ7wAVWQWznwsyz3EKDIo4gwRQTXevuCKv9T5DlggGcA6h2AdthHFeTukSXsqZUEKPKYV+zIXawjfD9T5X+KPIo8zuQ5wAdUQW7lwM+y3EOAIi/8wZcChgzt8AFV/qfIc8AAb4cTsQ69k5UqyN0jS9hTKwlQ5Okd88zJtI/pA6r8T5FHkceZPAf4gCrIrRz4WZZ7CFDkUUSYIoJrvX1Blf8p8hwwwDMA9Q5AO+yjCnL3yBL21EoCFHnMK3bkLtYRvp+p8j9FHkUeZ/Ic4AOqILdy4GdZ7iFAkRf+4EsBQ4Z2+IAq/1PkOWCAt8OJWIfeyUoV5O6RJeyplQQo8vSOeeZk2sf0AVX+p8ijyONMngN8QBXkVg78LMs9BCjyKCJMEcG13r6gyv8UeQ4Y4BmAegegHfZRBbl7ZAl7aiUBijzmFTtyF+sI389U+Z8ijyKPM3kO8AFVkFs58LMs9xCgyAt/8KWAIUM7fECV/ynyHDDA2+FErEPvZKUKcvfIEvbUSgIUeXrHPHMy7WP6gCr/U+RR5HEmzwE+oApyKwd+luUeAhR5FBGmiOBab19Q5X+KPAcM8AxAvQPQDvuogtw9soQ9tZIARR7zih25i3WE72eq/E+RR5HHmTwH+IAqyK0c+FmWewhQ5IU/+FLAkKEdPqDK/xR5Dhjg7XAi1qF3slIFuXtkCXtqJQGKPL1jnjmZ9jF9QJX/KfIo8jiT5wAfUAW5lQM/y3IPAYo8ighTRHCtty+o8j9FXkwN8N58gsz/3efxwOvxwuP1GItX+pT3f/9a9vP698nrr+wjjuH1+IzfjCA2jgn4brKR7VJ+3mLUZf7GdT6bRCcZqILcPbKEPbWSAEVedGK5YEHF/F8wG91sZW97VPmfIi9mREocPJ74/woyQ3DFI87rQzGPF3Ge4vD4vPDGeRDv9aCYzwtfnA9en4i24vB6iiHOOMbvfCLUfJ7ixuL1xCHO59/X5y0JrzceHp/sJ8LRB0+cDx5vnLH4ZF9DGNrrxAxuNW9VkFs58LMs9xCgyFPHnL05ifnfXt462f7KbVHlf4q8mBF55kyaaXD5XgyeYnHwxMuMnIi4OPhkm7GUQLwnDld5PCjj8+DG0nH4y3Ul8efrS+NP15fGDdeVxG+viUOJ+LxZv7yZvuIeH0qKaPR64PUVg9dTEj5PPOKM2UKPX/wZM3tmO7jWIfmogtw9soQ9tZIARZ5Oua1o+d/rKYFiefn/Wp8HN5j5/7el8cfrS+MPzP9anIGxauxQ5X+KvJgReb9MOP4EHI84XwkUk9k6Y+ZN9olDmRLFUfama1H3zj+jV9OqGNvpTrw0uhbWP90U22YnYdusBKydUB8LBt2PnNTbkPpQOTxQ9Ub8743X4upSxfOcX2b64uD1yWldD4p5PP6ZQJnl85aAh7N5WiUJVZBbOfCzLPcQoMj7Zc61akC2opyC8388ypQsjnI3lcnL/7f8Ov8/0yIg/1dDaq1yuL/KDfjfG36d/30+D3zM/1rl+mD+o8r/FHkxKvJ8cnrV60O8T2bw/DNt/7qpJLo0KotFwx/G+8tT8e3OPsDhIcCXQ4DDucCn2cBHmcDONODt7sDmnsAbaTi1vAs+mJOAF4bVw8D296Jujb/irzfITKDM8nnhkbqM2UE5XRwPr5wapsjTKvBVQe4eWcKeWkmAIk9fkRcs/5eV/N+wLBaNuFL+7/2r/P9+/vz/B+b/YGJK122q/E+RF4MiTwxqLHLdnceDSjddjbFd7sLutW1x5qts4OwI4Owo4NQQ4NgA4HA/4EAW8HEGsFsEXg9gc2dgfQdgXXucXd0aJ15phaNLU/HxwlS8MaU5pmTVQuvaf8c/f18CJY0bNErC4y1l1GuIvxjkpmuAWtEuVZBbOfCzLPcQEJ+ywjdZhrVi8Vf5/4/XYMwv8v/IX+f/z66Q/1cw/8eyn6ryP0WehmJFTo+KeDPujL3cPkm4cfD44iA3SshM2u+u9iIrsQIObOqOS2eHAhjuX84PAk73B77JBkT0HeoHfJIBfNgL2NUT2N4d2NQNeKMr8GonnHmlDY4tbYXDi1Kwb0ECdsxphvUzmmP5+KYYn14LDe6+Eb8tIfWXgtdzNeKN2Tx/4jLu0jWv1wu4sSOWAyYW264KcvfIEvbUSgIUedaKs8LmFVvy/1vq/L8hL/8/mZf/rytu5v/SzP+Xx+To+EcwP1Llf4o83Qzm8yDe50UJuREiXm5+kJsp5O5ZH+Lj4+Ap4cPVXg9qlv1/eGVqI/z83WAAowAMATAYuDQI+GkgcHoA8E1/4Mts4PMsYF8G8EFv4N0ewNZuwMYuwOudcWl1R5xZ3gZfv5iKzxcnY8+CFtg2uynenN4Ea56qj2Xj6mBG7oPo1Lg8/vn7q1DK4zNuxPA/ksUvRkWQSvu8v7j7V58ACBYUTtumCnIrB36W5R4CFHlRyGGFzv+/x0qb8v/TuQ+iYyPmf53HDFX+p8jTUOR5fSXg9RaHNy4OJT2ljdOlxeK8xl9QpeI86NHkZhza1gu4NAaAzOCJwJP1YOBiLnBmAPD9AOBYP+CLfsBnGcDHfYHdvfKuxegKrO8MvNYR51e2x8llrXB0SQo+XZiA3fMex5ZnmuH1qU2wcuJjeH5sbcwb8TCm5TyIrNRquKvcb1E8TpJf3sxi3qyi3H1rzD7qxtMl7VEFuXtkCXtqJQGKvOiIvILyv1x7Hc38nyn5vyzzv45iT5X/KfK0FAEl4BGh5/OhlKcE4nzx8MSVwlXFPejTvDxOfpYNYCyAEXmnaEXg5S0XBgM/5gLf5wBfZwMHM4FP0oE9ffyzeNt7AG/JLF5H4NUOOPtKO3y7NBWHFycbp2p3znkcm2c0w7opjbFifH0sGlsP84fVxDM5d2Ji5r3o1+4O3FmuDIoZj1GR08ZyE4Y8aoUiL5rBrwpyKwd+luUeAhR5URB5xnhkU/5fE1r+v6Osmf/lRjzm/2jmfbNuVf6nyNNM5PmvcZPHlPgfSCynbD3xxVHKWwZ9mpfDqQOZAGQGb1iesJPr8ETsjcw7bTsc+HkocFpuuhjovx5vfwbwfh/gnR7Alu7Ahq7Auo64sKoDTi1ri6+XtMSBRcn4YH4L7JjVDBumN8Wrkxph2bh6WDzyEcwdWhPTBv4HT6bfi1E97kHfxEr49z+vQwnjsS3ysOVixl24MpMn7Tcdj2v7WKiC3D2yhD21kgBFnn3xa+bK4Pm/hHb5/zbmf63GOVX+p8jTUZQYd8+WgFfeNFEsDtfGeTDg8fI4daB/npgzhZ0IPRF3Mqs3HsBTACYCeAI4PxI4MRg43B/Yl+m/q3Zbd8C44LYzsKY9zq5oj29eaoMjz6dg37NJ2DWnObbMbOI/VTuhIZY+UQ8LR9TGrMEPYPKAGhiXfg+Gd7kNQzr8G92aV0K1v12D4pdn9GRWz/6kyDr9zFVBbuXAz7LcQ4AiL0r5TN5c5P11/j8Z0fyfWLT836wi879G450q/1PkaWQoQ7DI7FicPBqlBOJE5HlKoW75G3D8oz5+8WaclhWRNxrAOABTAMwEMA/AswDmA3gawATg3CjgyxxgXz9gVxqwtTuwvgvwWgdcWNUOJ5e3xVcvpuLAc8nYMz8B78xqireeboy1kxsZp2qXjKmDecMfwcxB92FS9l0Ym1YNwzpXxcC2VdGvZSV0aVIFlf9WJm/2Tqbt5Tq9KCVGl9erCnL3yBL21EoCFHlRyGXB8n+FG3B8b0H5fzLzv8tzv4x8iegAAAAgAElEQVS5qvxPkaebgxivE/MZryiTt1j8/boS2DQ/Ke9UrHkNntxN+ySAZwAsBfA6gC0AtgJYn7ftGeDSRODrocD+/sB76cAmefhxF1xa0x4/rmiD40tb4dDzLY1ZvJ1zE4xZvDenNsKqpxrgpXH18NyoRzBnaE1Mz6mOCZn3YlTPOzG4UzUMbFMFmcnlkJl8K1Lr/R03Xi+vUrsKcV7/tXkUevYPDqogt3LgZ1nuIUCRZ38cy2Oz5FpseUVl4fP/unz5/0X/2MD875pJB1X+p8jTTeQZ740tjmKeq1Dc68MTnf8N/PREwGlamcWTGTyZvVsB4EMA3wI4DeAUgC8AvAXgeQDTge9GAvsHAO9kABu6A2s74ueVbXFiWSq+XNISny5MxgdzE7B9VnNseLoxXpvcECvGP4YlY+piwfAHMXNQdUzpfw/G9bkbI7rdjtz21TCgVWVkppRHZkIFpCdXxEN334RiXvOduVFIjNrZ0H4GqiB3jyxhT60kQJFnfxzL2ZA4r8X5f5/k//Rf5v+Xi57/hzP/aysaVfmfIk87geBFvLcUPJ4SqH7z73D8o/S8U7Ny96wIPLnpYnqewNsL4Fy+vH4BwH4AKwHMAk6MBvbmAG9nAm92w4U1HXBanov3QkscXJSCjxYk473ZCdg0oylen9oIqyc2MK7FWzSqDuYMfQBPD6yOiVn3YkzvOzCsSzXktL0F2amVkZFcCZlJZZGVVBZdmt2Cf/zP1XmvOuMp22jMZKqCPJ+D8CsJFIoARV50RJ4O+f+5vPw/vbD5/8bSzP9R1BKq/E+RF0XDBBUDciODtxiuivdgwYhHgAtyajbwNK3cWLEQwO4gAs/M3cfyTuHOAb4bC+zJATb3BV7rip9WdsA3L7XCF0vkZosU7JqXZMzivTmtCV59qj6WP/konh9dB/OHP4yZg2picvZ/MC79Lozo/m8M6ngbBrSpgqyUishIqoLMpH8iK/FfyEyuinr3/tV4hlPQPunG2IHtUQW56RVck0BRCFDkRUHk5eX/0jbk//2S/+eGm//LGvn/Ueb/qM7yqfI/RZ5uA75xt6oHj/z/9s4DTKoq2/fMvDfxzujMffPeu+HNzP3unfkcyYpeZlQkByUJkjuSMxIaOhG6yQjYRAmSgwRFJGdBETCgJAkKkgSJkqOE//vW6S5syu5d1dWnTq1z6l/fV1+lc85e+7f2Wudf+5y9d8lHcerBYAsZRSu9eDKKdlJOL94pQ74+DWBNdk/emVeBnf2AzUm4u7YjLi9rg1PvJORMmRKH7TOaYcsb0ovXwJr8ePFrtTD/1RcxY3A1TM6ogDFpz2FEj//GIOnFa/sk+rQsjbT4UkiJLY2U+MeQGlsCqfEl0KlBMTxm/ZuLQGLU5sMI2GMKckND4U8kkC8BirwI5LLc+f9Ar5zBdv75fwUAyfH5PQqe/zfkyv/zJP8PCiX//zqiQieaOxhM+Z8iLwInZHNjlCXMiiCry7PADVnJQsSdb7JjuRdPBlvIjbaX8onwewAOAXgXuDMJODoE+CQV99/riusr2lqDLY4tjMOXb8Zi58wYa+LjjRMaYPW4eliSVQsLh9fArMHVMCWzMl7vUx6v9XoGQ7s8hQHtnkQfqxevpCXqUuNKIDm+KFLiSkHey+XbF57+t5wpVeT+PFnmLGfevJzEZa53BBKqOt+HzsAU5Pk0FH5NAkYCFHmhx2PouS4n/7+SX/6fri//x2bn/xpPMf+H7vfCtTVT/qfIU3ii/48//BIfLEjIGWwha9PKU8SejKidCWBjzmCLvHK0iD8ZZfsmcHE0sCcT2NwL36/pjItLWuGkXKadF4vds2Lw8dTG2DQpe+LjpWPq4u2RL2LusOqYOrAyJvargDGpz2F4139gUIenH9yLlxpfEilxxR9+xhe3plRpU+e/8Kc//AJFisj9GT+zljn7SZGfoshPeZ9euIPfFOR5tRJ+RwKBCFDkFe7EG2rM//kPv8AHC0PN/xfzzf8XHsr/zYLO/wMLkP//yPwfkd5MU/6nyFMo8mo88R84uz8tZ1WLzJy1aaXL3teTtzpncMX3fnlaRtduB/AOcHMicHgo8HEa7q3viivL2+LUouY4PF9WtojBZzMaY/Pk7DnxVo6ui3esy7TVMXOwTJlSAePlXryef8fQTk+hf5tS6NOiJNISSj0s7nLEnlyuTY0vjqS4UnjiL/+MnxT5hbVihzQ8ijxnThSmIPdrJPxIAkERoMhzJnb9xaCt+f8jZ/N/6b/8nvk/AprClP8p8iLgEP+g9v/cvXEJ4LJP3GUA9wZlP60JkOWevIU58+HJZVmZPuU8gOMAPskWeHenACdHAJ/1BTb1wM2VHXBucSscldG0c2Lx+QxZn7Yh3pvwMlaNfQlLsmpj4fBamC1TpgyoiAl9ymN08nN4tetTGNi+NPq1LIH0xOLWZdof9eI96NUrhtTmZVD96X/Fr376P1BEJnL+ifTgyWtkkqU/Vy9/NgV5UGd0bkQCfgQo8iKTt3qEMf8fyDf/y8T3hcz/icz/kTrHmPI/RZ4ykffIz4pgxoAK2b139zOBOxnArQHZz3syylYu2cp9GTIPnvTobc4ZSSs3474F3J4CnHoN2D0A+KAXvl/VGd8taYNv3mqJL+fGYcfMZtg6tSE2TWqANePqYemo7Dnx5gyrgekDK2NSvwoYm1YeI7o/i8Edn0Rm69Lok1gCafF+l2gfiLsfvk9NLI1GFf+M3/1SJvL8CYr8VFbskEWsI5Mso6lcU5D7nbv5kQSCIkCR53zeCpz/ZflKX/6XwXW58/9Cv/yfHJn8/wvmf6fPPab8T5GnTID822//J1ZNqZt9qfZGJnC5H3AlA7icAVwbCNwaBtwfA2AKgBkA5mYvaXb3DeD6WOD4CGBXf+DDVNxZ8wouLWmDE2+3wMF5CdZ9eB9NbYT3J9fHutfrWUuXLRpZG/OG1sCMwVXwRmYFjE9/Hq8lPYuhnf+OAW3LoG+LEkhP8PXiydQpJZAaV9x6+vfqpSaUQKs6j+HfHpXLtUUo8hxsW6YgD+qMzo1IwI8ARZ7zIs/K/1Ntyv+rJf+3DTL/V7Yv/z/C/E+R5+DJz2nYhS2v9J9+iwMb2gL3hgAXM4FzvYHzvYGzfYFzGcC5/sClIcD1kcCN14Bro4ArWcCZocDBAcDnfYHNPXF3bRdcXtoGp99u8WBVi+3TG2GzrGoxoR5WjqmDxVm1raXLZg2qgin9K+D1PuUwqtezeLVrWQxoV8Zavqx3gvTUFUNKbHGkxMqgizwGXjy4N684ujUpgb/8y2+stfSye/KkN8/5ZBltZVLk+SkUfiw0AYo85/NW6T8/gi/zy/9nM4DzeeX/UcAZWdlIR/7/L+Z/x895pvzPnjxlAqRC8f+NC9t7AFcHAGf7AGfSgVOpwInewLE04Ji89gOOZQLHBgCHMoH9GcCufsBHsqpFT9xZ0zl7PrxFiTgiy5bNjsX26U2xZUoDv/vwamL24OqY1r8iJvYtj9Epz2F4979jYMen0a/1E9ZgCxlQ4d9jZ/qcHFsKj//x0eyRtT/5CX4qzyIcXRtu0WkK8kKf7XmAqCRAkee8yHM0/79qb/6XKzy9mP8dF3hybjHlf4o8ZSKvypP/jqt7emX33n2bDpxMBY4mA1+nAgd7AQeSgX0pwJ4UYFcK8HkKsK0XsLk78F4X3F7VEZeWZo+kFYG3b3YzbJ/eGB++0RDvTayH1WNfwtKsmnhr+AuYM7gGpvWvhkl95T685zCyR1kM7vw0Mto8gd6JxZGWIPPgFSuQyEtNeBJF//R7ijyH25UpyKNSobDShSZAkee8yKsatvzfIHD+T/oh/8tAO+Z/5/0fameAKf9T5Dl8Mg7kxCpl/h+uicg7lQYc7w0cTQMO9gS+FHHXE9jVHfi8B/BpErCtO/BhN2DjK7i/riNurWyPC0va4NtFzXFkQSL2zYnH5zObYstUEXgvY/X4l6yBFotGvoh5Q6thxqCqmJxRFePTy2NUz2cwrMvT6G+talEKaQnFkBpfQIEXXxxp8U+g6J9+Z4k8GV3LnjxnEoUpyAt9tucBopIARZ4zsZv7nFD1Kcn/yWHN/zIfarjyvyxxWfSPzP+5ferEe1P+p8hTJvIqlPw/uLDtFeCY9NylAF+lAPt6AHuSgJ3dge3dgI+6Alu6Au93ATZ0wr3V7XF9RRucX9IaJxe1xNfzE7Bvbjx2zJCRtI2wcWJDrBlfH0tH18GiEXUwb1gNzBwkN9pWxrjeFZEl9+G98g8MaP+UdYk2PTF7qTLTZdm8fsueL+8JFOPlWse77E1BHpUKhZUuNAGKPOdFXtD5/0PmfyfEk1vKMOV/ijxlIq/sXx/FkZWtga/7AHt7Ant6ADu7AZ/1BD7pCmztDHzQGdjUGVjXAXdXtcW1Za1xfnFznHw7EYfmJ2Dv3Dh8PjMG26Y2wqZJL2Pt+HpYNrourB68YbIuYWVMyaiI13tXwOjkcni1W1kMbP80+rV4AukJJZESL6NoC3Yvnm97uSev6B9/y548h9uVKcgLfbbnAaKSAEWe8yJP8v9Rm/P/GkP+H5VcDsN9+b8l879bRJ2/nab8H1aR50sS8up7729cXp9zb1+Q/XzHyr2/7zvTayhlmI5XmN/+8w8/x/sT6wBf9QZ2JgGfdQU+ld67HsCWLsD7nYANHYC1HXBnZRtcXdoKZxc3x4m3E7IF3pw4a7JjEXjSg7d2fP2cqVLq5IykrY4p/avg9b4VMTqlHEZ0exaDO/w3+rV8MlvgxRVHchACT26yFWGXHFcSyXGlkBJbCmnxpdDp5cfx53/+JYrIYAtOguxYj560YT5IwE4Chc2Lvv3l1fc+mNyYe/uC7Oc7du79fd+ZXkMpw3S8wvz2Xw7n/+FhyP9/Yv53LO/72pq04fweYRV5PgOcepWK/uxnP8PPf/5z/PKXv7Sev/rVr/DrX/8a//RP/2Q9f/Ob3+C3v/0tHnnkkR89H330UZiev/vd7+B7/v73v4fdz0ce/R3++ud/xeoxjQG5L0967j7uBmx9BZDu+U0i8Nrj/uq2uLWiDS4vaYWz7zTHN2/F45C1XFkctssl2inSg9cQ68a/jBWyZNnI2pg/rCZmDa6KqZlVMbFvJYxJfR4jejyDwR3LIrPVk+idWBpp0osXhMDLvU1yXAnIMzWuBHonlELzFx/Df/zf/wWpy7/++7/gmb8/gzq1aqJRo4aIj49H69at0bFjR3Tu3BldunRR/xQ7Q3l26tQJ7dq1Q9u2bcP2lOP36tULAwcONI6uyi/4+T0JmAhoEj/BnEO8kf//Jbj8vzwn/y/Wn/9r5+T/uLg4K/936NDB1vwfSn4O9z5yjgtn7pdjB5v/A4q8UqVKIZTnE088gQoVKuDFF19E/fr10ahRI8TExCAhIQHNmze3nC1GisPlZP/KK6+gW7du6NGjB5KSktCzZ08kJycjJSUFaWlpSE9PR+/evdG3b19kZGRYz/79+2PAgAEYNGgQhg4dikmTJmHu3LlYtGgRli1bhlWrVmH9+vXYtGkTNm/ejC1btuCjjz7CJ598gu3bt2PHjh3YuXMndu3ahT179mDv3r3Yt28f9u/fjy+//BJfffUVDh06hMOHD1vPo0eP4tixYzh+/Di++eYbnDhxAidPnrT1eer0Kdw8th7Y2h3Y3B7Y/ArwfgdgY3tgbXvcX9UGN5e1xKUlLXH2nUR8szAeB+fFYu/sJtZ6tHIPnqxmIT14K0bXweLXamHBqy9i9qBqmJopU6VU+EHgdS6LjDayooWMpCroJVoRd9KTJyNwiyItriiSmhTF1NeSceTQQXxz4iROfnsSFy9exPXr1/H97du4c+eO9bx79y74tIfBvXv3cP/+fYo8k1rhbyERENEUSu6XfXz5v2bNmqhXr96D/C9/9CT/t2rVyjoJ+k74ufO/nANy5//U1FTrHODL//369bPyv+R+ecqfHMn/EydOfJD/ly5dauX/devW/Sj/f/zxxw/yv5wDTPn/4MGDD/L/kSNHIOeAsOb/U6dw82h48/9Y3x/8sOT/lJz8f4L534HzXDD5P6DIu3DhAkJ5ysn96tWruHHjBm7dumWd3MUgefIRgMC1k8BHA4D1bYGNHYD1HXBvbRvcWtkG15a1wnfvtsSpd5rj+MIEHJwXj92zYyyB9+EUuUSbvVzZ8tH1rB48EXizBlfD1P6+JcvKYUTSMxjcRQReGaQnyijavxVwqhQRhKWs1S9S4h5DStxfkRr7GHrGlMa295YEqBx/DgcBOSHzQQJ2EpA2FUrul33yyv/yx475PwgPFTb/j5fVjALl/78z/wfhCrdsYsr/AUWeWyrpKTvv3cTd3TNwZ1UH3F/dBndWtsX15S1x0Xf/3VvNcWR+AvbPjcOuWc3w8fRG+FAmOp7UEKvH18eyMXKJti7mDxOBVx1T+1fBxH4VIf/gRib9A0O6PIXMtk+id/PSyJ7suKDz4fmLvL8hqcnfMKTbSzj29X5PucItlTEFuVvqQDt1EWCbipA/mP8jBN69xZpilSJPqV+/P74Jl1Z2xI13W+DykgScXdwKp99OxPEFcTj0pkxyHIcdM5ri42mN8MHk+tgwoR5Wj3spe5qUkTUxf9gLkOXKpAcv+xJtuRyBVwb925S0JjvO7o0r+H142evXlkJabAmkxT6O1NjiSGpSGvMmZOL2zRtKiXrbLFOQe7vmrF24CLBNhYts4OOGkv9XRTL/Ny6N+RP643vm/8DODcMWplilyAsDcDsOee/aUXy7tjfOLWiOs2/F4chbCTg8Pw4H5sZiz6w4fDY9BtumNMEHkxpi/YT6WDW2LpaMqoO3R9bGm8OqY+agapiSWRkTZJBFmvTgPYMhXcqgfztZzUIGSkjvnfTIFfRevOLWIItUWcM2PucYMSXQp20VfL5tox1V5zFCIGAK8hAOx11IgPd5RrAN3Lt2JDv/L7Qz/z8ZtvzfV/L/R8z/kWoypvxPkRcprwQs9y5OfzIHh+fG4vDcJtal2S9mN8XOmY3xiXV5tqF1/9261+th5Zi6WJL1It4aXgtzh9TAjIEy0XElvN5b1qN9HiOSnsXQLmWR2bYUercoCZm0OPcI2YK/l/2lB7Ao0mKLolfTx5HVtyUuXzwfsFbcIDwETEEenhJ5VK8TYJuKpIfdk/97Mv9HsqFYZZtilSIv4u7J34Brp/fjiwWdsHt6A+vS7CfTGmHr1AZ4f3IDbJjQAGvG1sPyUXWweGQtLBz+AuYOrYbpA6thcoYIvOcxOvk5jOj+DIZ0/gcy2zyFPs1lJYvQJjl+WAgWy+7Fiy2BlNi/oFf8k3hv+YL8K8Jfwk7AFORhL5wFeJIA21Rk3Zqd/zvalP/L2Jv/5UpQTv5PdkH+v337Nr777jucP3/eGgwaWc/aX7opViny7Odt4xHv4uT2Bdg8uRE+eKO+tXrFhgkvW0uUrRhbD0uyauHtES9intx/N6Qapg2UtWirYFx6eWSlPIvh3ctiUMenkdm6DHonyoTFoV2efVjgFc8WeAlFkRpbCr1i/oYxA9vgysXvbKw3D1VQAqYgL+ixuD0JCAG2qUi3g7s44YL8P1Zp/pcpu7799ltrKp3Ro0db07HJtGzDhw/HO++8A5kSR2b+8MLDFKsUeco9fPvqObw3qydWjKuHVePqYcWYl/BuVl28PaK2tYLFnKHVMWNQVUwZUAkTMiphbHolvNarHIZ1fRaD2pdBv5alkJ6QPVlx6AMt/Hv/pCevmLXKRe921XBg90fKKXrfPFOQe7/2rGE4CLBNhYNqwY6Znf+T8sj/2SsYRTL/yxKWvdtVxYE9+vL/qVOnkJWVBZmUvkqVKqhYsaL1Ku8rV65szeHbpk0ba45dmRvX7Q9TrFLkucC7J/Z9iJXjm+OdkS9g0ciaWDi8Jt4cWh2zBlfGtIEVMTmzIl7vK/ffPYeRSc9Z998NaFcG/VqIwPMXaHZ8LmGNqO0ZWxKr33oD9zn3YcRbkSnII24cDXAlAbYpHW4LPf+XDH/+X6gv/3/22WfWhNtVq1a1hN0LL7xgLcogCzPkfsrvIvhkoQZZOEEmlXfrwxSrFHlu8Oq9u/jigzcxa9CLmD24OmaIuBtUEW9klsfEvuUxNr0cslKewavdy2Jw57Lo3/ZJ9GleEmnxxZEqPW4FXKrs4e0fR0qcTJacM5I2Vi77lkT3pqUwfmAnXP7urBsIet5GU5B7vvKsYFgIsE2FBWvBD6o2/3fEFWX5X1aykhVWqlWr9pCgyy3u/N/LtiIEly9fXnDfKNnDFKsUeUqcFMiMGxfPYs28YRjfrwom9X0GE/tUtO69G5X6LEYmPY2hrzyBge1LI6N1KaRbAywKO4LW1+OXLRLTYkta9+AlxxZF95iiGJXRFicOc+LjQH5z6ndTkDtlA8vxFgG2KT3+tPL/m0N/nP9TIpn/D+gBBFjLlb788suoXr160ALPJ/hE5NWoUcMSem7s0TPFKkWeqmZqNubyd2ewdNYgjOj2PF7rWhYjuj+LIV3/joEdSiGzbUn0bVkM6YnSe+cTaIV/TY6T+/mKo3dMcaTGFEO32OLIGtACx752/30MZtru+tUU5O6qCa3VQoBtSosnsu3Qk/+bq1vZ6PPPP7cuuxakB88n8HyvIvTc2qNnilWKPF1xHNCaS+dOY9ncURja40VktimNzNal0bdVCav3Li0hW+AlF+rybG5hKL2BT2Rf8o39C7o3K4oxAzvj+JGvAtrJDZwlYApyZy1haV4hwDalz5PZ+T8rV/4vlUf+t+sqzo/z/+iBnfHNkYOqwJw9exbdunWzBlf4BFuor3KfXkxMDA4c0NVLGQi4KVYp8gLRU/j7rZs3sf3DdejfpRZSE4shLUGeucWZje9jSyIppjiSWz+HJfPH4vyZbxUSoUmmICcdEgiFANtUKNTCv8+tmzewfbPk/5pITSyak//tEnZ+5w4X5P9FixZZAyhCFXb++8lgjBEjRuDu3bvhd6ZNJZhilSLPJshOH0ZGtB75ai+mjuhq9bYlNXscvWJkkERR6/Lqw4MnJHALkgSKQe69kznwesYUx6DuDfDBmnfx/e3bTleT5QVJwBTkQR6Cm5HAQwTYph7CoerDg/w/XPJ/afQMW/4vpjr/Hz582Lr/Ti6z+ou1UD/LsUTovffee6p8bjLGFKsUeSZyLvjt6qUL+HDNuxg7oB1SWpRBj6Z/QXKTx5HaLOfevNhiyF5ntlTOUmQ5kxnLurPxIgiLWcucyX13IhCTmz2OpKaPo1dcGfTvXB0zx2Xg2CHef6e9KZiCXLvttE8nAbYpnX7JbdXVS9/hwzWLMbZ/mPL/2Ay191/fvHnTmuculIEWgQSgXLaVS8CnT5/OjVvte1OsUuSpdVvBDLt84Ry2bVyK6aNSkNm5DpJinkRS48fRs8njSG5WDKmxjyM99m9Ij81eb1bWnE2NLYqUZsXRq0kJJDX9K7o3eQypLZ7FyN4tsHTeZBzatxO3b94smCHcOiIETEEeEYNYqOsJsE25x4U/5P9km/L/JPX5X6Y8CYfA8wlA6c2bPHky7rlgHlhTrFLkuSeOg7L05o3rOHhgFzaumovZY9MwPKUZ+ratjh5NyqB74xLo3rg4ujcuiq6Ni6Jb0+JIb/U8hiU1xBvDk7B64SR8tmUdznx73BUNOyggUbKRKcijBAGraTMBtimbgTpwOMn/X+XK/69a+b9aAfL/Wtfkf1nNIpwiTy7bNmzYENevX3fAc4UrwhSrFHmFY6t47/u4ce0qzp05icNf7sbOj9/Djm1rsXPbeuu5Y9t6fL5tAw7u/RznTh3HlcuXce/uPcX1oWkmAqYgN+3H30ggPwJsU/mRccP3kv+v5Mr/G7Bj2xpI3t+xbV3O6wZ8tfcznD11LDv/u6DHykd+165daNCggTW3na/nLRyvMnfeunXrfMWqfTXFKkWeWrfRMBIInoApyIM/CrckgR8IsE39wILvdBHIyMiwliwLh7DLfUwReYmJieqXPDPFKkWerrZLa0ggJAKmIA/pgNwp6gmwTUV9E1AJYMeOHdZcduG8VOsTenLJtm7dutbatiph5BhlilWKPM2eo20kECQBU5AHeQhuRgIPEWCbeggHPyghIPPiSQ+bndOm+ERdXq9S1uDBg1X35plilSJPScOlGSRQGAKmIC/Mcblv9BJgm4pe32ut+Y0bNzBgwABUqlTJtnnx8hJ2ub+TpdKaN2+Or7/+WisWmGKVIk+t22gYCQRPwBTkwR+FW5LADwTYpn5gwXc6COzduxfNmjUL66ja3AJP3kuPoQi9uXPn6oCQhxWmWKXIywMYvyIBtxEwBbnb6kJ7dRBgm9LhB1rxAwFZhaJixYqO9eL5BJ+UmZmZCZmAWePDFKsUeRo9RptIoIAETEFewENxcxKwCLBNsSFoInD58mX06dPHkVG1PnHne5UVMNq1a4cjR45oQvLAFlOsUuQ9wMQ3JOBeAqYgd2+taHkkCbBNRZI+y/YncOLECTRq1Cjsc+P5hF3uV7lkW6tWLWzdutXfLBWfTbFKkafCRTSCBApHwBTkhTsy945WAmxT0ep5nfX+9NNPHR1wkVvkyfvy5ctj4cKFKuGYYpUiT6XLaBQJFIyAKcgLdiRuTQLZBNim2BK0ELh//z6mTZtmDYDwF19Ofa5SpQoGDRqEq1evasHywA5TrFLkPcDENyTgXgKmIHdvrWh5JAmwTUWSPsvOTeD27dvo1q1bRC7V+kSkTL4sq1+cPHkyt2kq3ptilSJPhYtoBAkUjoApyAt3ZO4drQTYpqLV8/rqLfPj1axZ0/FRtT6B53uV+fm++OILdYBMsUqRp85dNIgECk7AFOQFPxr3IAEYJ1glHxJwksBXX32lQuTJKNt58+apW/3ClP8p8pxsqSyLBMJEwBTkYSqSh/U4AbYpjzvYRdVbsGCBY8uY+Xrt8nqVSZHHjh2Lu1nYkxgAABm2SURBVHfvqqJnilWKPFWuojGFJXDv3j1s2rQJ77//PhYvXmwtgZOamoq0tLQHz5SUFCxfvhwbN27Etm3bIPMvuf1hCnK31432R4YA21RkuLPUHxMYNWqUCpEnU6nExcXh+vXrPzYygt+YYpUiL4KOYdGFJyD/qGRNQRna3rNnT2vJm3r16kGederUgXSvV65c+aGn3FdRt25da5v69eujSZMm6NWrl7VszZ49eyA3+cpoLjc9TEHupnrQVj0E2Kb0+CLaLWnRooWjS5nl1Yvn+04GYFy5ckWVS0yxSpGnylU0JhgCIsLOnz+PDRs2oEOHDtY/PPmHVaNGDSsRyHvf0xeY/q++3+VVglb29b2PiYnBmjVrcPr0aUvwBWNTpLcxBXmkbWP57iTANuVOv3nNavnDLb1nkqf983ikPl+4cEEVZlOsUuSpchWNCUTg1KlTmDJlirXEjE+c2R3oIvakt69BgwYYP348ZFFs7Q9TkGu3nfbpJMA2pdMv0WaVXF1p2LBhRKdPyX2OkfODrKGr6WGKVYo8TZ6iLfkSuHjxIpYtW4aOHTuiXLlyjkyKKb17IvaaNWtmXQ4+c+ZMvvZF+gdTkEfaNpbvTgJsU+70m9eslis2L730kop78kTsicibM2eOKsymWKXIU+UqGpMXAfkn16NHD2sIvcw6nvtflRPv5b4+KTc5ORmytI62kVXCzBTkeTHldyQQiADbVCBC/N0JAjKQTu6xFnHlRL4PVIbYIaN9NT1MsUqRp8lTtOVHBNatW4emTZtaAyikZy1QAIbrdwlsuTwsgznkfr07d+78yNZIfmEK8kjaxbLdS4Btyr2+85Ll06dPt/7gaxF5ch5q1aqVqsF5plilyPNSNHioLjLD+ejRo61RsZEUd/6iUWyRZCPTsly6dEkNcVOQqzGShriKANuUq9zlWWPT09Ot84B/Lo7UZzkHSMeDphkYTLFKkefZ0HBvxUTgybxIMvVJpAI5ULnSqyfJ59y5cypAm4JchYE0wnUE2KZc5zJPGqxR5Ml92hR5nmxurFS4CYjAGzlypDXgIZDQiuTv0psn9+r16dMHZ8+eDTeWgMfnCTkgIm5QQAJsUwUExs3DQoAiLzBWU6yyJy8wP27hEAGZRXzEiBFWD56W+y9MQtIn9CQJRXreJFOQO+Q+FuMxAmxTHnOoS6tDkRfYcaZYpcgLzI9bOERg5syZqFixoppRVCaB5/tNhJ6MvH399dcjOurWFOQOuY/FeIwA25THHOrC6sh9z126dLGumvhybqRf5Z68Ro0a4dixY2qImmKVIk+Nm6LbkC1btkCWGNM0q3mwyUSEngS+jLqN1MMU5JGyieW6mwDblLv95wXrd+/erW61C8n3Mm/f+vXr1SA2xSpFnho3Ra8hMslwu3btVP1bC1bg+bbzBf7Ro0cj4khTkEfEIBbqegJsU653oesrQJEXnAtNsUqRFxxDbhUmAjJCafbs2eoHWvjEnOm1WrVqSElJicgceqYgD5PreFiPE2Cb8riDXVA9irzgnGSKVYq84BhyqzAROHjwoDXBsEk8ueU3udQsl5xlhnanH6Ygd9oWlucNAmxT3vCjm2tBkRec90yxSpEXHENuFSYCw4YNc+V9ePkJTxmEkZmZCZkKxsmHKcidtINleYcA25R3fOnWmlDkBec5U6xS5AXHkFuFgcC+ffvw8ssvu2o0bX7izve9DMCQm3JlIImTD1OQO2kHy/IOAbYp7/jSrTWhyAvOc6ZYpcgLjiG3CgOB4cOHe6oXzyf0KlWqhEGDBuHatWthoJb3IU1Bnvce/JYEzATYpsx8+Gv4CVDkBcfYFKsUecEx5FY2E7h48aLrR9T6RJ3/q4y0rVWrFr788kubqeV/OFOQ578XfyGB/AmwTeXPhr84Q4AiLzjOplilyAuOIbeymcCcOXOsXjwRRP4iyQufpTdv7ty5jq1vaApym13Hw0UJAbapKHG04mpS5AXnHFOsUuQFx5Bb2Uxg7NixKF++vCcFnohUuTevU6dOkKXanHiYgtyJ8lmG9wiwTXnPp26r0a5duzgZchBOM8UqRV4QALmJvQRkwuAOHTq4evLjYHobReidP3/eXnj5HM0U5Pnswq9JwEiAbcqIhz86QOCLL75AQkICZA7SYHKuE9vI1ae6deti9erVDhAIrghTrFLkBceQW9lIYOvWrahdu7bV2+VEUEaqDBF5Ti19YwpyG13HQ0URAbapKHK20qrKVFTdunWz1gePVB73L1dEnswKsXPnTjXUTLFKkafGTdFjyKpVq1CuXDk1/8z8g9iuzyLyZDUPJx6mIHeifJbhPQJsU97zqRtrlJ6ejsqVK6s5X0heb9asmWP3WwfjM1OsUuQFQ5Db2EpAurm9fD+eTyRKMpBpYpx4mILcifJZhvcIsE15z6durBFFXmCvmWKVIi8wP25hIwGZO27w4MGq/pn5RJndryLyYmJibKSX/6FMQZ7/XvyFBPInwDaVPxv+4hwBirzArE2xSpEXmB+3sJGAzI/Xu3dvVfdY2C3ufMeTezcaNWpkI738D2UK8vz34i8kkD8Btqn82fAX5wikpKSo6hSQP+9Nmzbl5VrnmgBLchOBS5cuoU+fPhR5NjuNJ2SbgfJwYJtiI9BAICsrS9XKSCLyWrZsSZGnoXHQBn0EKPLC4xOekMPDNZqPyjYVzd7XU/fNmzejfv36atY4lys048aN0wMIMP4h4+VaVa7yvjEUeeHxMU/I4eEazUdlm4pm7+up+8aNG1GvXj1VIm/BggV6AFHkqfJF1BtDkReeJsATcni4RvNR2aai2ft66r5p0yZ1Im/+/Pl6AFHkqfJF1Btz7949TJ06FRUrVlQz75FvoITdr3LvRkZGhiM+5wnZEcxRVQjbVFS5W3VlZdWL6tWrqzlnyABCTQ9TrPJyrSZPRYkt0TRP3pw5cxzxqinIHTGAhXiOANuU51zq2grFxcWpEXkiNq9cuaKKpSlWKfJUuSo6jFmxYgWee+45Nf/K7O7B8x1PevKmTZvmiFNNQe6IASzEcwTYpjznUtdWqEuXLiqWwZRBF02aNIHM96rpYYpVijxNnooSW3bv3m0tC6Op+90nzOx8FZEnC2w78TAFuRPlswzvEWCb8p5P3Voj+bMsAsvO/BzKseScJZP537lzRxVKU6xS5KlyVXQYI/+C+vbtq2qCy1ACPtA+IvKcunfDFOTR0apYS7sJsE3ZTZTHC5XAp59+GnGBJ/m+WrVq1vQpd+/eDbUqYdnPFKsUeWFBzoMGIjBhwgRPD76oWrUqXnvtNXz//feBUNjyuynIbSmAB4k6AmxTUedytRW+fv26CpEnAwb37t2rjpMpViny1LkrOgySYfENGjRQcZ9FoB65UH4vX7481q5d65gzTUHumBEsyFME2KY85U5XV+bWrVtITEyM6CVbuVwsV2cOHTqkjqUpViny1LkrOgyS7u6OHTt6cnkzSQSNGzfG4cOHHXOmKcgdM4IFeYoA25Sn3OnqysjUW+PHj7cul4byp9uOfeRSbadOnXDmzBl1LE2xSpGnzl3RY9D06dNRs2bNiP47syP4/Y8hvXgzZ8501JGmIHfUEBbmGQJsU55xpScqIsubValSJWKXbeVS7bx581SyNMUqRZ5Kl0WHUdIFL8PRpefLXyi59bP825PLCvv373fUiaYgd9QQFuYZAmxTnnGlJyoiV0YqV64csXPF888/7+gtOAVxmilWKfIKQpLb2k7grbfeimgXvN1islKlStZlBdtBBTigKcgD7MqfSSBPAmxTeWLhlxEiIBMQywpCMqjN7rwd6HhSptxedOzYsQjV3lysKVYp8szs+GuYCcioKbl/zQu9edKLFxMTg6+//jrM1H58eFOQ/3hrfkMCgQmwTQVmxC2cJbBw4UJUqFDBcZEnl2qHDBkCbVOn+OibYpUiz0eJrxEjsGbNGtSuXdvV9+b5Rl45tcKFv7NMQe6/LT+TQDAE2KaCocRtnCSwdetWa3kzJydGlrKkJ2/WrFlOVrVAZZlilSKvQCi5cTgIyOTIAwcOdPW8eTITeocOHRybF8/fD6Yg99+Wn0kgGAJsU8FQ4jZOEpCrJK1bt3b0Fh/J7XK1acuWLU5WtUBlmWKVIq9AKLlxuAicOnUKSUlJEb2xNtB9Gfn9LkmgZcuWOHLkSLjwBDyuKcgD7swNSCAPAmxTeUDhVxEnIFOpOHnJVkb0du/eHTKNi9aHKVYp8rR6LQrtksmD69Wr5+i/tPyEW7Dfi8CT+wlXrlwZUY+ZgjyihrFw1xJgm3Kt6zxt+K5duxAbG+vIeUIu1datW1ftqFqfo02xSpHno8RXFQSWL1+O+vXrW/ddBCu0IrWdDLSQef6WLFmC+/fvR5SfKcgjahgLdy0BtinXus7ThstgveTkZEdG2cof+ISEBJw+fVo1U1OsUuSpdl10GrdixQqrR096ySIl4AKVK7aJwFu8eHHEBZ60ElOQR2crYq0LS4BtqrAEuX+4CMhVn5deeinsg/WkJ2/UqFHhqoZtxzXFKkWebZh5IDsJrF692urR0zi1im9k17vvvqtC4Al3U5Db6RceK3oIsE1Fj6/dVtM7d+5Yl2zD3REgxz9w4IB6PKZYpchT777oNVCEnrZ79ER0SuAvXbpUlWNMQa7KUBrjGgJsU65xVVQa+sYbb4R1flW5Had///4QQan9YYpVijzt3oti++Q+txMnTlijbiXg5OnrRQt0OdXu30XYicCTaVIOHjyoziumIFdnLA1yBQG2KVe4KWqNvHnzJnr06BGW+7cl37do0cI6/7gBsClWKfLc4EHaiBkzZqB58+aWyJMAtFvE5Xc8EXayXqL0KIoNt2/fVukNU5CrNJhGqSfANqXeRVFvoG9y5Pzyd6jfS86fP3++a/iaYpUizzVupKHSqzdhwgTUqVPHmicpnGJPegwl0OXm3n79+kGSieaHKcg1203b9BJgm9LrG1qWTUB684YOHWrrvHmy/niXLl1w5swZ12A2xSpFnmvcSEOFgAT1J598gldffRXx8fGWELNT7EnPnQS5/AMcMGAANm/eDBmyr/1hCnLtttM+nQTYpnT6hVY9TODYsWNo166dLVOqyLmkSZMm1jnm4VJ0fzLFKkWebt/RunwIyFJox48fh4xw7dWrF2RWchFo/k/pkcvv6b+tfO7YsaO1RqEsn3P16tV8Stf3tSnI9VlLi9xAgG3KDV6ijUJABsLJH3PJ4aFeopXzhIi8MWPGuA6qKVYp8lznThrsT+DGjRuWIJO5k6ZNm4amTZtaaw3KpMq1a9e2Lu/KJd7cT7nHrmHDhkhMTERWVhY2bNiAs2fPQo519+5d/yLUfzYFuXrjaaBKAmxTKt1Co/IhMHPmTGvu0lCEngg82U8u/bphNK0/AlOsUuT50+JnzxA4dOgQZGLlNWvWPPSUqVn279/vmXpKRUxB7qmKsjKOEWCbcgw1C7KJgE/oyUwMwfboSe+dPIcNG+bKP/iCzhSrFHk2NS4ehgQiScAU5JG0i2W7lwDblHt9F62Wy7Rbb775pnU1R+6tlh46k9iTwXWyNu24ceMgtwC59WGKVYo8t3qVdpNALgKmIM+1Gd+SQNAE2KaCRsUNFRG4d++eNXBC1reVHj0Rcrkv4Yrwq1q1qnUfd/v27a2rPLdu3VJUg4KbYopViryC8+QeJKCOgCnI1RlLg1xBgG3KFW6ikfkQuHDhgrUkmUy71bp1a0vwibiLi4uzZmeQW3lkmhTp/XP7wxSrFHlu9y7tJ4EA92QQEAmEQsB04gjleNyHBCJBQAZSyEwJIvrkeeXKFbWT2ofKxxSrFHmhUuV+JKCIgCnIFZlJU1xEgG3KRc6iqVFNwBSrFHlR3TRYea8QMAW5V+rIejhLgG3KWd4sjQRCJWCKVYq8UKlyPxJQRMAU5IrMpCkuIsA25SJn0dSoJmCKVYq8qG4arLxXCJiC3Ct1ZD2cJcA25SxvlkYCoRIwxSpFXqhUuR8JKCJgCnJFZtIUFxFgm3KRs2hqVBMwxSpFXlQ3DVbeKwRMQe6VOrIezhJgm3KWN0sjgVAJmGKVIi9UqtyPBBQRMAW5IjNpiosIsE25yFk0NaoJmGKVIi+qmwYr7xUCpiD3Sh1ZD2cJsE05y5ulkUCoBEyxSpEXKlXuRwKKCJiCXJGZNMVFBNimXOQsmhrVBEyxSpEX1U2DlfcKAVOQe6WOrIezBNimnOXN0kggVAKmWKXIC5Uq9yMBRQRMQa7ITJriIgJsUy5yFk2NagKmWKXIi+qmwcp7hYApyL1SR9bDWQJsU87yZmkkECoBU6xS5IVKlfuRgCICpiBXZCZNcREBtikXOYumRjUBU6xS5EV102DlvULAFOReqSPr4SwBtilnebM0EgiVgClWKfJCpcr9SEARAVOQKzKTpriIANuUi5xFU6OagClWKfKiummw8l4hYApyr9SR9XCWANuUs7xZGgmESsAUqxR5oVLlfiSgiIApyBWZSVNcRIBtykXOoqlRTcAUqxR5Ud00WHmvEDAFuVfqyHo4S4BtylneLI0EQiVgilWKvFCpcj8SUETAFOSKzKQpLiLANuUiZ9HUqCZgilWKvKhuGqy8VwiYgtwrdWQ9nCXANuUsb5ZGAqESMMUqRV6oVLkfCSgiYApyRWbSFBcRYJtykbNoalQTMMUqRV5UNw1W3isETEHulTqyHs4SYJtyljdLI4FQCZhilSIvVKrcjwQUETAFuSIzaYqLCLBNuchZNDWqCZhilSIvqpsGK+8VAqYg90odWQ9nCbBNOcubpZFAqARMsUqRFypV7kcCigiYglyRmTTFRQTYplzkLJoa1QRMsRpQ5MnOfJIB24D+NhDVWY6Vt50AY15/zNNH9JGvDeSXAIwiL7+d+D0JkAAJkAAJkAAJkIBuAhR5uv1D60iABEiABEiABEggJAIUeSFh404kQAIkQAIkQAIkoJsARZ5u/9A6EiABEiABEiABEgiJAEVeSNh07lSkSBFoeeokRKtIgARIwLsEtOR/sYMPHQToCR1+sMUKLYGlxQ5boPIgJEACJOASAlpyrxY7XOK2sJpJkRdWvM4eXEtgabHDWfosjQRIgAQiS0BL7tViR2S9oaN0ijwdfrDFCi2BpcUOW6DyICRAAiTgEgJacq8WO1zitrCaSZEXVrzOHlxLYGmxw1n6LI0ESIAEIktAS+7VYkdkvaGjdIo8HX6wxQotgaXFDlug8iAkQAIk4BICWnKvFjtc4rawmkmRF1a8zh5cS2BpscNZ+iyNBEiABCJLQEvu1WJHZL2ho3SKPB1+sMUKLYGlxQ5boPIgJEACJOASAlpyrxY7XOK2sJpJkRdWvM4eXEtgabHDWfosjQRIgAQiS0BL7tViR2S9oaN0ijwdfrDFCi2BpcUOW6DyICRAAiTgEgJacq8WO1zitrCaSZEXVrzOHlxLYGmxw1n6LI0ESIAEIktAS+7VYkdkvaGjdIo8HX6wxQotgaXFDlug8iAkQAIk4BICWnKvFjtc4rawmkmRF1a8zh5cS2BpscNZ+iyNBEiABCJLQEvu1WJHZL2ho3SKPB1+sMUKLYGlxQ5boPIgJEACJOASAlpyrxY7XOK2sJpJkRdWvIU/+IEDByAB43u2a9cu34NqCSwtduQLij+QAAmQgHICZcuWfZD3g8n/Uh0tuVeLHcpd7Ih5FHmOYA6tkMWLF1tBm5WV9eAA8p0883poCSwtduTFiN+RAAmQgBsISB7NnUtPnz79QPTJ+7weubfP63envtNih1P11VwORZ5i7/gHeSBTtQSWFjsC8eLvJEACJKCVQF75f+vWrT/645/bfi25V4sdudlE63uKPKWe9wWz6fKsv+laAkuLHf58+JkESIAE3EJA8qh/LvX15sml3Lwe/tvntY0T32mxw4m6ai+DIk+ph3wiL/el2kCmagksLXYE4sXfSYAESEArAcmjeeVS+Y4iT6vX9NlFkafPJ5ZFFHlKHUOzSIAESMABAnmJPPbkOQDeY0VQ5Cl1aKBgzsvsvP715bVduL/TYke468njkwAJkEC4COQl8gL9+deSe7XYES7fuOm4FHmKvSWXaiVYcl+ylSDn6FrFTqNpJEACJGADAX+R5/vjbxJQpt9sMCnoQ2ixI2iDPbwhRZ5y5/qmUfEFvGkghpbA0mKHctfSPBIgARLIlwDnycsXDX8oAAGKvALA0r6pFnGlxQ7t/qJ9JEACJGAnAS25V4sddrJ167Eo8tzquTzs1hJYWuzIAxG/IgESIAHPEtCSe7XY4VlHF6BiFHkFgKV9Uy2BpcUO7f6ifSRAAiRgJwEtuVeLHXaydeuxKPLc6rk87NYSWFrsyAMRvyIBEiABzxLQknu12OFZRxegYhR5BYClfVMtgaXFDu3+on0kQAIkYCcBLblXix12snXrsSjy3Oq5POzWElha7MgDEb8iARIgAc8S0JJ7tdjhWUcXoGIUeQWApX1TLYGlxQ7t/qJ9JEACJGAnAS25V4sddrJ167Eo8tzquTzs1hJYWuzIAxG/IgESIAHPEtCSe7XY4VlHF6BiFHkFgKV9Uy2BpcUO7f6ifSRAAiRgJwEtuVeLHXaydeuxKPLc6rk87NYSWFrsyAMRvyIBEiABzxLQknu12OFZRxegYhR5BYClfVMJLC1P7axoHwmQAAl4jYCW/E+Rp6dlUeTp8QUtIQESIAESIAESIAHbCFDk2YaSByIBEiABEiABEiABPQQo8vT4gpaQAAmQAAmQAAmQgG0EKPJsQ8kDkQAJkAAJkAAJkIAeAv8feKx0bExtB24AAAAASUVORK5CYII=</file>
    </questiontext>
    <generalfeedback format="html">
      <text></text>
    </generalfeedback>
    <defaultgrade>1.0000000</defaultgrade>
    <penalty>0.3333333</penalty>
    <hidden>0</hidden>
    <idnumber></idnumber>
    <single>true</single>
    <shuffleanswers>true</shuffleanswers>
    <answernumbering>none</answernumbering>
    <showstandardinstruction>0</showstandardinstruction>
    <correctfeedback format="html">
      <text>Your answer is correct.</text>
    </correctfeedback>
    <partiallycorrectfeedback format="html">
      <text>Your answer is partially correct.</text>
    </partiallycorrectfeedback>
    <incorrectfeedback format="html">
      <text>Your answer is incorrect.</text>
    </incorrectfeedback>
    <shownumcorrect/>
    <answer fraction="100" format="html">
      <text><![CDATA[<p dir="ltr" style="text-align: left;">A</p>]]></text>
      <feedback format="html">
        <text></text>
      </feedback>
    </answer>
    <answer fraction="0" format="html">
      <text><![CDATA[<p dir="ltr" style="text-align: left;">B</p>]]></text>
      <feedback format="html">
        <text></text>
      </feedback>
    </answer>
    <answer fraction="0" format="html">
      <text><![CDATA[<p dir="ltr" style="text-align: left;">C</p>]]></text>
      <feedback format="html">
        <text></text>
      </feedback>
    </answer>
    <answer fraction="0" format="html">
      <text><![CDATA[<p dir="ltr" style="text-align: left;">D</p>]]></text>
      <feedback format="html">
        <text></text>
      </feedback>
    </answer>
  </question>

<!-- question: 130258  -->
  <question type="multichoice">
    <name>
      <text>Question 6</text>
    </name>
    <questiontext format="html">
      <text><![CDATA[<p dir="ltr" style="text-align: left;"><span id="docs-internal-guid-4852b6ff-7fff-e1d7-16e7-8002640f1afb">Determine the shadow cast by an object from a single-point light source.</span><strong> Select the correct answer from the available options.</strong><br></p><p dir="ltr" style="text-align: left;"><strong><img src="@@PLUGINFILE@@/06.png" alt="" role="presentation" class="img-fluid"><br></strong></p>]]></text>
<file name="05.png" path="/" encoding="base64">iVBORw0KGgoAAAANSUhEUgAAAnQAAAJiCAYAAABO5l9JAAAgAElEQVR4Aey9BXgUW7Y9HuDK/N7MvDfyZubN/Gfemzty0WAXu1xcLm5Bk3QngQQIkhBinY4HggYIwV2DE9zd9eLOxd1dY+v/7eouaJqCdJKWkl3fV6nu6qpT56yz96qVI/u4gTdGgBFgBBgBRoARYAQYAUUj4Kbo3HPmGQFGgBFgBBgBRoARYATAgo6NgBFgBBgBRoARYAQYAYUjwIJO4RXI2WcEGAFGgBFgBBgBRoAFHdsAI8AIMAKMACPACDACCkeABZ3CK5CzzwgwAowAI8AIMAKMAAs6tgFGgBFgBBgBRoARYAQUjoAqBN3Ro0cRGBgINzc3Yf/b3/6G1NRU3Llzx6XVExcXJ+TnypUrDssHpS0+h8pPnx35PIcVhBNmBBgBRoARYAQYgQIjoHhBt3Tp0ndCThR04pGE3bNnzwoMTn5upGfRcy03UWg5UmCJZbU8Vq1a1TIb/JkRYAQYAUaAEWAEVI7AhwpEYYWlFjhRyMyYMeOdeDt79ixEgUXnnbGJ+XDGsyyf0bp1a1B5adu4ceM7PCyv4c+MACPACDACjAAjoG4EFC3oRAFDosZ6s/6NRA+JLmo1EzexBY2upY1a80gAimKQWrrE3+h3ammz7NoV0xLFnHika2gTrxUFF52jFkVKV7yW0rDsGqbzdB9dJ+aDrrGlpVFsrRSfL2SC/zACjAAjwAgwAoyA6hFQtKATBYxUK5wo4Egg0SZ+txQ7ouCidGijcXei0LI80hg92sTr6Xm0i12bltfSZ/EZ4vWioKN7rK+l72I69Ayp3+mcpbAUMmP+I5ZLvI/EraVAtLyWPzMCjAAjwAgwAoyAOhH4SNCJLVuiQKDvUufE1i3xOuvB+XSezomtTPSdPtNmyzm6V0ybjmJrmGU1iIJOFGSWv1kKHTovfhfFFp0TBRfdTy1gYh5FQSSWW3y25fXiNeIzxbyK3y3Tp2eL6dN19J02SkPEQjwnpkPPpk0UgZb5Fn4w/xHLJd5Hx09d64o6k6pHEVcxz/Td1nNcBtNYTcLuU/4khbnUOXtjLlU3on3bI79cBtMkK9FvCA8pzKXOKa0ebMkvUaD1dVI2InXOVtuXuk4KX6lz1nmTyq/UOan8Sp2Typut56TyK3VOK2WQwtfWc/bGvDD1oApBJ9XlKoo9UdyIwkf8To5En4kc6Vrxd5EsLY8EMG1UwfQs8Tdq0RM38Zz4nY5i+pS2mL7l862voe/W6XzqPsvniJ/pWtEB9+zZI55+d5QyFKlzYhqUF/pMmy3n7O0AUo4ilV+pc7bkV6pcXIb34zCp/qkOpPC19Zwt9WAr5lLXSdmI1Dlb8yt1HZfBFD2A7IHwcUY92II5++/Hvipl+1LnpOxc6pxW6kHKpm09J4Wv1DkpfG09Z2s9fCTohLe3Qv5YAk4Aiht1kYoAiOdFYUTdm9RaRrsozkjQUWuZKGCsW9/EdMUjPVe8l9Klje6lne6ltGmzFHRi+nSNeA+lI+aTPlumI3z5RMui5W9kEGJ+LdMTyy1ey0dGgBFgBBgBRoARUC8CihZ0VC3WClcUVnS0HJtmKagsr6HPJOhoEwWY9e+iAKP0qFWOrhcFnSjE6DfxPrEVTkxPvF/8Ll4nHsXrKQ/iOSFDNgg68XrLI4lEUVSK6fCREWAEGAFGgBFgBNSLgOIFHVWNpcAiYUNiS2z5ot9EcUPdkOJ5EoJis6jYmkXXkWATrxFFkijILH8jAScKQcqDZdpiV6wo4MT7rdOn59C1Yv4oHfGZosnRvXSO8iu10XNFMUnp0XWiyJS6ns8xAowAI8AIMAKMgPoQUIWgk6oWy+5HyxYwqWv5HCPACDACjAAjwAgwAkpGQLWCjipFbBFjQadkE+W8MwKMACPACDACjEBeCKha0OVVeP6dEWAEGAFGgBFgBBgBNSDAgk4NtchlYAQYAUaAEWAEGAFNI8CCTtPVz4VnBBgBRoARYAQYATUgwIJODbXIZWAEGAFGgBFgBBgBTSPAgk7T1c+FZwQYAUaAEWAEGAE1IMCCTg21yGVgBBgBRoARYAQYAU0jwIJO09XPhWcEGAFGgBFgBBgBNSDAgk4NtchlYAQYAUaAEWAEGAFNI8CCTtPVz4VnBBgBRoARYAQYATUgwIJODbXIZWAEGAFGgBFgBBgBTSPAgk7T1c+FZwQYAUaAEWAEGAE1IMCCTg21yGVgBBgBRoARYAQYAU0jwIJO09XPhWcEGAFGgBFgBBgBNSDAgk4NtchlYAQYAUaAEWAEGAFNI8CCTtPVz4VnBBgBRoARYAQYATUgwIJODbXIZWAEGAFGgBFgBBgBTSPAgk7T1c+FZwQYAUaAEWAEGAE1IMCCTg21yGVgBBgBRoARYAQYAU0jwIJO09XPhWcEGAFGgBFgBBgBNSDAgk4NtchlYAQYAUaAEWAEGAFNI8CCTtPVz4VnBBgBRoARYAQYATUgwIJODbXIZWAEGAFGgBFgBBgBTSPAgk7T1c+FZwQYAUaAEWAEGAE1IMCCTg21yGVgBBgBRoARYAQYAU0jwIJO09XPhWcEGAFGgBFgBBgBNSDAgk4NtchlYAQYAUaAEWAEGAFNI8CCTtPVz4VnBBgBRoARYAQYATUgwIJODbXIZWAEGAFGgBFgBBgBTSPAgk7T1c+FZwQYAUaAEWAEGAE1IMCCTg21yGVgBBgBRoARYAQYAU0jwIJO09XPhWcEGAFGgBFgBBgBNSDAgk4NtchlYAQYAUaAEWAEGAFNI8CCTtPVz4VnBBgBRoARYAQYATUgwIJODbXIZWAEGAFGgBFgBBgBTSPAgk7T1c+FZwQYAUaAEWAEGAE1IMCCTg21yGVgBBgBRoARYAQYAU0jwIJO09XPhWcEGAFGgBFgBBgBNSDAgk4NtchlYAQYAUaAEWAEGAFNI8CCTtPVz4VnBBgBRoARYAQYATUgwIJODbXIZWAEGAFGgBFgBBgBTSPAgk7T1c+FZwQYAUaAEWAEGAE1IMCCTg21yGVgBBgBRoARYAQYAU0jwIJO09XPhWcEGAFGgBFgBBgBNSDAgk4NtchlYAQYAUaAEWAEGAFNI8CCTtPVz4VnBBgBRoARYAQYATUgwIJODbXIZWAEGAFGgBFgBBgBTSMgKejc3NxQpEgR3hkDtgGZ24Cm2YsL7xAEmP/53cfvf2XYgDUBSAo6qkxyat4ZA7YB+doA+SlvjIC9EWD+l6/PMx9z3Yg2IMX/LOhYuLJwV6gNSDm0vV/unJ72EGBBx6JBFA18lK8tSPE/CzqFvszZ0eTraM6qGymH1p784BLbGwEWdMwtzuIwfk7BbU2K/1nQsaDjFjqF2oCUQ9v75c7paQ8BFnQFf8myQGHsnGUDUvzPgk6hL3NnGQ0/R74EJeXQ2pMfXGJ7I8CCTr4+z3zMdSPagBT/s6BjQcctdAq1ASmHtvfLndPTHgIs6Fg0iKKBj/K1BSn+Z0Gn0Jc5O5p8Hc1ZdSPl0NqTH1xieyPAgo65xVkcxs8puK1J8T8LOhZ03EKnUBuQcmh7v9w5Pe0hwIKu4C9ZFiiMnbNsQIr/WdAp9GXuLKPh58iXoKQcWnvyg0tsbwRY0MnX55mPuW5EG5DifxZ0LOi4hU6hNiDl0PZ+uXN62kOABR2LBlE08FG+tiDF/yzoFPoyZ0eTr6M5q26kHFp78oNLbG8EWNAxtziLw/g5Bbc1Kf5nQceCjlvoFGoDUg5t75c7p6c9BFjQFfwlywKFsXOWDUjxPws6hb7MnWU0/Bz5EpSUQ2tPfnCJ7Y0ACzr5+jzzMdeNaANS/M+CjgUdt9Ap1AakHNreL3dOT3sIsKBj0SCKBj7K1xak+J8FnUJf5uxo8nU0Z9WNlENrT35wie2NAAs65hZncRg/p+C2JsX/LOhY0HELnUJtQMqh7f1y5/S0hwALuoK/ZFmgMHbOsgEp/mdBp9CXubOMhp8jX4KScmjtyQ8usb0RYEEnX59nPua6EW1Aiv9Z0LGg4xY6hdqAlEPb++XO6WkPARZ0LBpE0cBH+dqCFP+zoFPoy5wdTb6O5qy6kXJo7ckPLrG9EWBBx9ziLA7j5xTc1qT4nwUdCzpuoVOoDUg5tL1f7pye9hBgQVfwlywLFMbOWTYgxf8s6BT6MneW0fBz5EtQUg6tPfnBJbY3Aizo5OvzzMdcN6INSPE/CzoWdNxCp1AbkHJoe7/cOT3tIcCCjkWDKBr4KF9bkOJ/FnQKfZmzo8nX0ZxVN1IOrT35wSW2NwIs6JhbnMVh/JyC25oU/7OgY0HHLXQKtQEph7b3y53T0x4CLOgK/pJlgcLYOcsGpPifBZ1CX+bOMhp+jnwJSsqhtSc/uMT2RoAFnXx9nvmY60a0ASn+Z0HHgo5b6BRqA1IObe+XO6enPQRY0LFoEEUDH+VrC1L8z4JOoS9zdjT5Opqz6kbKobUnP7jE9kaABR1zi7M4jJ9TcFuT4n8WdCzouIVOoTYg5dD2frlzetpDgAVdwV+yLFAYO2fZgBT/s6BT6MvcWUbDz5EvQUk5tPbkB5fY3giwoJOvzzMfc92INiDF/yzoWNBxC51CbUDKoe39cuf0tIcACzoWDaJo4KN8bUGK/1nQKfRlzo4mX0dzVt1IObT25AeX2N4IsKBjbnEWh/FzCm5rUvzPgo4FHbfQKdQGpBza3i93Tk97CLCgK/hLlgUKY+csG5DifxZ0Cn2ZO8to5PicIm5uKOJWBG6f2el3cZdjGeyRJymH1p784BLbGwEWdCxK7MFPjkrDxP9UR59+B4jcb3pPqLM+pfifBR0LOtm30JFTFnP7EkXdvkBRNzd84eaGYkWKoKhbURRxK4Yibl+Yj6bPxdy+wNduX+Jrty9QzK0YigniTn1OLeXQ9n65c3raQ4AFnfq4wlHiyhnpMv9L26MU/7OgY0GnAEFnapErUsQNZMRFihaD2xdfokjRL1C0SFEUob1oUbgVKQo3+o0+F6XraHcznS/yJdzcism+rPkhSCmH1p784BLbGwEWdNIv0Pz4Jl9rPwzFHpmC838RuGmE/1nQsaBThsgRhBmRBLW6fYWv3H6Br4VjUXzhVtTcWlfU/PvX5tY5NxQtQvfQ+V/Aze0rZZTVRptkQWdvKcPpEQIs6OwnRljY2QlL4n/a3/E/cTy9B5j/LVmLBZ2NL092TDs5ZgHxpv/ShDETRb6AW5Figoj7oogbignj6T7MG3XFflmkKIoWNbXc0QuKWvKKCmMuPrxWyfXKgs6SyvizvRBgQacejlAyv1nmnfn/Y5uU4n8WdAUUGJbGxp8/NjZ7Y2JyaOoy/Rpubv8PNE6OBJ0g6kjYFXXDF+b9y2Km86ZrqWWOxtjReDsaROv4vDrrGVIOba+XOqejXQRY0KmHI5zFRY5+TuH4n8ZWa4P/WdCp6AXvaKdyXPpWQou6SYWu0vfESi1xv/9lMZT+26/QvOr/oEfzfyGqozvideXR37cSBvtXQkrXKkjtXgUjAqugn085dG/8D9Qu+Qf89bdfw0QIpvRE5xbOCc+iGbEkFq3yIXPbYEGnXdHlyJKzoHvPO47jPH7Ge2ytePcT/P+7XxZDqb/9Cs2q/gmBAv+X+ZD/Ayz439fE/7VK/gF/+512+J8Fncxf2u+NXqUEUIScmQSVebybMFaC/qMqhl8UdcO3f/waDSv9BQGtKyK5Vy2k92+ErRPa4MRcP1xbEohHq3rhzYYQYFsYsMcAHIgGjsQCR6Lx6mAfXNvQDVsndUJqSG141fkriv/pF0KrHrXWfUUCrhhNrigqjMsrKog6Gm9XTJhNSzNq5Yw/CzpHyhrtps2CTt5+L2dOynfe8uD/fwv8/2cEtDLx/+z+P2LLhNY4bsH/rz/H/xu7YdtkT4zoUxuetf+K4v/zCyFKglr5nwWdzF/a+XYQxZSnGNzImYu5mXZh4sJXQrfoL4sWQ8k//hq+jUtiSHgtzBj0I5aMao31E9tg1xQPHJ7REafS9bg43w93M/zwfGVX5K7rDmzpCezoDRwIBo71Bc6EA5eMwI1E4EYSXpyPxsnVXZDUuSz++ftfmJvhi6FoUZo9SzNpScjRbFhqnidhZ/Wfo8ywZUGnXdHlyJKzoGNB5/j3jjT/E+f+sgjx/6/g07gEhoTXNPF/2nv+P2TB/3eI/1eY+X/zp/g/wYr/3fGv3xH/m3pm1MT/LOhk9pJ2vCPJhKyKUBfnl6bp5MJnN3xVtAi++eMv0Kb2/6J/r6qYmFAXs5IbYuGQZlg2vBnWjWqN7ePaYt+UDjg22ws/z9fjVoYvniwLQNaabsCmQGB7L2Bvb+BQMHAiHDhvAK5GAXdjgafxwNv+wJNknNnYC7GdK6HE700i0u0LCnXyFYq60U5kQ5MvZILVJ2yUBZ0jZY1202ZBJ2+/V8U74nP8X+t/0S8P/j8q8v9iXzxZHoCs1d2AjZ/g/ytW/P9U5P/vrPifYp1+rWj+/6Sga9SoERo2bIj69eujXr16qFOnDmrXro0aNWqgevXqqFatGqpUqYLvvvsO5cqVQ6lSpfCPf/wDf/7zn/GnP/3Jofsf/vAH0P7f//3fH+y///3v8bvf/e7d/tvf/hbi/pvf/Ab/+Z//if/6r/8Sjr/+9a/xq1/9Cr/85S/xH//xH/jFL36Br776Cl9++SVP2/+EgMiLSOhFYOvLoGgxahWjFrH/hy/diuHPv/0Kdar8Cb08S2NA8A9Ii6iJCTG1MD2pIWYPaopFw5tjVVpbbBrbAbsnd8CRme1xfq4nri/0xYOl/nizuiuwvgewtTewKwQ4EAocDwXOhQGXI4Dr0cDdOOAZibpEAAOR+2ww1k9vh5aV/4pfF3FD0S+pxZAEHQUwphY62uVL7izotCu6HFlysist8v/XX3/N/F8IvisM///Pb75CncrE/6WQHPwDUon/Yz/k/5UjP8P/q7oCGwLz4P9YCf5vj5aV/z/8uqjI/yTqaFcm/39S0D148AD37t3D3bt3cfv2bdy8eVPYr169iitXruDy5cu4cOECzp07h9OnT+P48eM4ePAgdu7cie3bt9tt37FjB2gX09y2bRto37p1K7Zs2YJNmzZh48aNWL9+PdatW4c1a9Zg1apVwr5ixQosW7YMS5YsweLFi7Fw4ULMnz8fc+fORXp6OmbOnInp06djypQpmDBhAsaMGYPU1FQMGTIE8fHxiIqKKtBuNBoRFBSEbt26oWvXrujSpQv8/Pzg4+MDb29veHp6okOHDmjbti1atWqFpk2bCsL5hx9+gLu7O4oXL45vv/1WONJny/1T5z93j3g/3fvvf/9b2P/1r3/hn//8p7DTZxLjtP/9738X9v/7v/8D7X/961/xt7/9DX/5y18EsU6C/Y9//KOwk4AmwUxCmYRxsWL5D9z766JF8N03/wl9k+KI9K2A+K4VMKBXFQwP/wFjYmtjclJdzBxUH/OH18WytCbYMKYVdk1qi8PTO+DsbG9cne+Du0s64+W7btdewM4QYH9f4GgocCYMuGgArsUAt2OAxwnAq2Qgpz+AAQCG4uahIATV+Qt+Q2QmxDoiEUdlyX95nCkAWdA5UtZoN22yq4Lw/4EDBxTP/yNHjmT+//vfBe7PL/9/8cUX+f4H+FdFi6Dip/g/xor/R37I/2dE/s/ojJdit+sWM//vs+T/yI/5P1vk/xTcOByE4Lrq4P9PCjrt0pmp5Lm5ucjJySnwnpmZiTdv3uD169fC/vLlS9D+4sULPH/+XNifPn2KJ0+e4PHjx3j48CHu37+PW7duvRPP9Fnqu3j+c0cS4OLv4mdRlNPxxo0buHbt2jtxfvHiRfz888+CQD9z5gxOnTqFEydO4NixYzh69CgOHz4sCPa9e/cKpE2imsQ0iWgSzhkZGZg2bRrS0tIEUUzESDsJ5A8/pyI1dRRGjxqP5PgodGxWBr06lkS0TznE6NwR51cG/XqUx9DQKhgVXQOTEuphVnJjLBzcHMuHt8aG0W2wY6IHDkzrgJOzvHBpnh63hXEUAchZGwhsMo+j2B8E/BQGHI8EzkUB1Ox+OxZ4FAe8iAWy4oHcJKGlDhiOeyf6omfzMvjmf4vj7//4Bt/83bx/8w2+kenOgk7rLOWY8rNdAcz/BeP/UaNGSXC+5bvAgv8TjOj0Of43Ev/Xxcy8+H+xH56tsOL/fXnwf6YV/58MRa/mpRXP/yzoHMOJnGoeCGS+eYVVCycjpmt1GHX/QrSuJKJ15RDrUw79ulfCkJDvkRZVAxMTamNGcgPMG9IMS4a3wtrRHtg6gcbRtcexWZ44P1ePm4v88HC5PzKp25Wa3bcFA3v6AD/1BY6HA+cigcsG4GYMcN/c7P460SzokgEMEvbs5zPw5MFFPHr8BI8ePcbjR48EsU2CW447v3jzMDL+uUAIsF0VCDa+KR8ImPh/CqK7/VAA/vfIm/93f4L/75nHUquU/1nQ5cMI+VL7IPDq5VMsmzcOhi71EOntjmjdt4jWl0aUvhxifMoisWsFDAyuitTIHzAuriam9quL9EGNkDG8BValtcLmcR7YPaktjszwxLk5Olxb4IP7Szvj9aoA5G7obh5H0Qc40MfU7Xo6HLgYCdwwAndjgCdxwKtEIJta6PqZu15J2A0HsB7AS/sU1MGp8IvXwQBrNHm2K41WvJOK/foV8f94GLrUt+D/Unny/2Kb+L+bBP/TsBsz/9+JAZ6ql/9Z0DnJiPkxJgTevHyKFfPHIKpLNUR6l0a03h1GXRlE6d1h0NOxDBK6lseAoMoYFvE9xsTWwpR+9TBr4I9YmNISy0e2woaxrbFjUjv8NN1TCF9yeYEv7i7xw4uVAebwJb2AXcHAvhDgcF/gVDjwM42jM5rG0T2KB14mAplJQC6NpSAxNxDAYACpAI4qorr4xauIalJcJtmuFFdlisnwm5fPTPwf8Gn+jw8oJ8n/Cz7g/7Yf8D+FL2H+B1jQKcYVlJ/RrMw3WLVgKiJ9qyLK+x9Cy5wg5nQVEKUrJ4i5KH0pxHUpg/49KyIltCpGR9fE5MT6mDngR6HbddmIVlg3pjW2TWiL/dM64cQsHS7M98WtDD/T9PU13c3j6IJM3a6H+gInzeFLaBzdrRjggXm26xvqdqUWOnGnSRIk6mYBuC17wPnFK/sqUmQG2a4UWW2yz3R21husXjgNkX7VPsv/sTby/77P8f92S/4PM4Wvyhf/35E9nlJ+yoJO9tWmkgzm5uL4T9uQGNQMBq9vhTFzYstclK4sonTuZkFXBjF+7kgKrIAhIZUxKqomJiTUx7T+P2Lu4KZYSuPoRrXGlvFtsXdKOxyb6Y1zc/1wY5EfHi33x9vV3YGNPQFy6N0hwMG+wLEw4GwkcMkA3KDwJbGmbtfXCUA2iTlqpUswCztqqaOu140AsmQNvpRDyzrDnDlFIMB2pYhqUlYmBf7fjqTgZoi0I/8fnen1nv+XUfgqe/D/MMXyPws6ZbmFYnP78O4NjBrQHWHeJWHUlYRRX1YYM0HdrGJXK4k6+hztWwYJ3cpjUJ9KSI2sjnFxdTGlXwOkD2qMjGEtsDqtFTbROLrJ7XB4hifOpPvi2gJfYRydEL5kPcUjounrwcD+EOBIX4DG0V2gblea7Rpjmu36Mt7U7Sp0uVK3K7XQ0U6iLh3AfVnjzS9eWVePYjPHdqXYqpNtxon/Rw8ItDv/H2L+/6DOWdB9AAd/cRQCW9fMR0TnijDoaPKD2BonHk1j52j8HO1GH3ckCBMjKmN4eDVhHN3k/g0wa2ATLEppiRUjW2Hj2LbYPqkjDkz3xOl0X1wRlgHrjOfLafp6d2BzD9MyYHv7mMbRnYwwN7ubx9E9jAOeU5Bhy3F0oqijWa9pAE46Cg67pMsvXrvAyIlYIcB2ZQUIfy00AlvXLkBE5+/sxv8bRP6f5onTs838v7gzntnC/zTsJk/+H6VI/mdBV2hT5QTyQuDapTMYGNkRBl0pi7FyJOw+FHKW3+O6lENyr4oYFloNo2NqYXJiPcwc0AgLhjbDstQWWD/GA9smtse+qZ1wYrYeF+b54pawDEwXZAvj6GgZmN7AnmDgpz6mbtdzBuByFHAzGrgXZ1oKTJi+Lna7ihMkSNClAFgH4FVexXPZ7/zidRn0qn4w25Wqq9fphSP+H2ToVCD+TzHz/6TP8f+sfPI/Dbsh/n8SD+TJ/6+djpetD5TyUxZ0tqLH1xUIgZzsHCydMwoRupKI8S4Fo64CDD4k5j4t6KgVL7azO5J7VMTQ0KpIi66JiYl1Mb3/j5g3uAmWjGiONaNpHF077JnaEUdneuP8XB/cWOSLh8s6m5YB29AN2NYb2B1sCl9yjFaNiDCtGkHLgN2JBR7HmWa75lD4EtpJ0NEudrtOAXCzQOV2xk1SDu2M5/Iz1I0A25W669eZpcvJzsbSuaMRoS8g//etijRjTUz4DP8fseT/pcT/AYAU/59WP/+zoHOmdWvwWQ/v3kZKrB4Gr2+ElSAMenE266db50jsRfuWRr/uNDGiGlINNTEuvg6m0ji6wY2xeFgzIR4djaPbNbkDDk/3wtk5elxb6If7Szqbpq+v7w4Iy8BQ+JJg0zg6IXwJLQNjHkf3MNbU7ZpFa7uSoKMuV7HblUQdtdLtB5Ajy5rjF68sq0XxmWK7UnwVyqYAD+7exrCC8n83W/i/PQ5Z8P89YRnIAOTawv8P8uL/oYrjfxZ0sjF9dWbk8L6tiOlaB1FepWDQl0WkD02KKAPju3F00sLO6EPx6CpgUND3GBFeA2OFdV1pHF0jLExpihUjW2D92DZCPDoaR3ciXYfLC/S4k+GL5yv8kbO2m3kcHa0aQd2ufYETNH090rQMGK0aQVHDn8UDb2gZGBJ1Yuuc2EJHXa8ZAF7IsnL4xSvLalF8ptiuFF+FsinA4X3bENOtDgwF4f8AC/4X1nX9mP+3T2qH/cT/s/PB/8Kwm/zwvzwDzUv5KQs62Zi++jKSk5ONFfPGIVKIM1cBEfpyiPQtDqPO/bOCjr49FasAACAASURBVLpcSdDF+5fDwN5VMDzsB4wmhxbGUTTEgqFNsTy1GdaNaYOtE9th77SOODZbh4vzdcI4uqfLApC1uhuwsYcpfAkJuoMhplUjzkYAl6KA6zHmVSPigVdxQA4JOrF1jo4005X2ibLtdpVyaPVZEZfI2QiwXTkbcXU+LzcnByvmj0eEnuKMFpL/o/Pg/1ne+eP/azEArRpB4+heqof/WdCp05dkUarXL55h5si+iPAsDiNNgPCRntVqORni/efSiOtcVggwPDS0GtKMtTExsT6m92+AeYMbY+lw8zi6CaZxdEdmeOH8HB2uL/DFo6X+eLuqO7Chh3kZmCBgf7B51YgI4IIRuBoN3Io1BRl+LsajEydHWHa9Ukyiw7LA0zoT/OK1RoS/2wMBtit7oMhpmPg/tND8TxMj8uZ/b+Z/8EoR7HUOROD29ctIjfFCpFeJz85ofS/iqPtVnCxRGjF+ZZDUvTwGh1TCSEMNYRzdtOQGmDv4Rywe3hSrRrbEprE0jo7GUXjibLoOV+brcS+jM14u74bcdT2Azb1Ms10pfMmhPsBxWjUiCrhsBKjblYIMP00why+xFnRiS91KWc525RevA41Xw0mzXWm48u1YdHvx/5DP8b8wjrqQ/P/MFv6X32xXKT/lFjo7GjAn9SECp48dQFz3ujB4l3wXX+5D8WY9fo7EnOlauo4CDCd1LYfBwZUwIrI6xsbVFtZ1TR/YEItSqNu1BTaM8cCOiR1wcHonnKJxFPN8cGexuAxYILCJul17WYQvCbVYNcJoXjWCpq8nATkk6CxFHXW50ng66na9/mHhZPBNyqFlkC3OgsIRYLtSeAXKJPvM/46tCCk/ZUHnWMw1nfqpw3sR07UWIr1tbaGzEnT60kj0L4dBvb7D8LDvMUYYGFsPswbUx4KhTbA8tTnWUviSCe2wb2pHHJvliQtz9bi5yBePhGVgupm6Xbf1BHYFmcKXHKVVI6jbNQq4RkGGY02rRrxKALLE8CUk6qh1jiZFkKijbtd9AHJlVZ9SDi2rDHJmFIkA25Uiq012mWb+d2yVSPkpCzrHYq7p1M+dPITEng1NLXQ+tMSX2J1q3TJn+Z1a6EzXGfWlkNDZHQN6VkJK36oYRfHoEupgRnI9zBvSCEuHN8OaUS2xabwH9kxujyMzOuF8ujeuL/TFgyVdICwDti7QFL5kR29gXxBwOAQ4Sd2uNNvVYAoy/CAOeGFeNUIIXyK20tGsVxJ1tC8DIK/ZTlIOrWmD48LbBQG2K7vAqPlE5MH/PTTF/yzoNO92jgPg9o0rGBHjjUiaFKFzR5SOhJspbMn75b8sxRx9LmUSdLqyMOpLI9bXHf27f4chfaoK4+jGx9fCtP51MGfwj8gQ4tG1xMaxbbBrIo2j6ISz6d64Ot8XdzP88Hx5V+SK4UuEVSOCgJ9CgONh5m7XKOAGTV+PA2gcxZtEINuy21UUdNTtOhXAbceBVYCU+cVbAND4ljwRYLuShignJwdbt27Fxo0bkZaWhpCQEPTp0wcjRozA+vXrsXnzZmRmZkrfrMGzzP+OrXQpP2VB51jMNZ36s6dPMDElCOGdvoXRuwKMurKI0v/TJO709NlazFl8F651R7RvOSSRoAuugtTIGhgXRwGG6yJ90I9YNKw5Vqa1xIaxbbBzQnv8JKzrp8Pl+b64ndEZT5YHIIvWdaVxdNt6WawaEQacMQAXqduVVo2IAx4nAC+TgCwScbRTlysJOTEmXarsZrtKObSmDY4LbxcE2K4+hPHWrVuYPXs2vL290axZMzRv3hyNGzdGgwYNhL1Ro0bCOfqtffv2GDZsGC5cuICsrKwPE9LYN2fz/yGH8/8RWdWglJ+yoJNVFakrM5lv3yB9XCLCPUvB6F3WLOS+hVFHq0XYJuiMPmVNAYZ7V8bw8OoYG1MTU5LqYNbAhliQ0kRY13Xd6DbYNqEdDkztiOMzvXBhrg43F/vhwTJ/vF7dFdjQHdhK4+h6m8OXhACnIoCfzUGGb8cAj+JNrXRv+wG5YperGL5ksFngUberfGY7STm0uiyIS+MKBNiuTKiTkEtPT4ePj48g3Jo0aQJxb9q0KSx38Twdf/zxR7Rp00ZoxSNhp9XtPf+XZP53gBFI+SkLOgcAzUmaEMjNzcXqhZMR4VMRUd6lEEXdrkKXK4m5PGLSmVvoqBUvzr8cBvT6DsNCv8fo6FqYnEjj6Opj3pDGpnVdR7XGlnFtsXdKexyd4YlzwjJgvri3tDNervRH7vpuwJYewM5ewN4g4FAIcCIcOGcwrxoRbYpHJ3S7JgHZ1uu60hg6EnnyCjIs5dBse4xAYRFguwJ2796N7t27o169eqAWOEvxZstnasGje/V6PdatWwfiQq1tzP+OrXEpP2VB51jMNZ/6zo3LEdWlGow6GjtHQo4mPJCYy4eg61IGyYEVMaQvBZisifEJtTAtuQ7mDGmMjOHmdV3HemD3pLY4NKMjzszW48p8H2EZsKcr/JG9riuwKdAUvkQUdBSP7mwkcMkIXI82jaOjqOE02zVTFHTi+q5i+JLhAA7JZrarlENr3uAYgEIjoGW7ys7Oxs6dO9G6dWvUr18/30LOWuw1bNhQ6KadMmUKXr16Vei6UVoCzP+OqzEpP2VB5zi8OWUAx/bvRGxgLUR5/xtGPXW1kqCzYbarRQsdBRjuF1gBg/tUwUjDDxgfV8s8js4cj25kS6wf2xrbJ7bFwWkdcXKWFy7O0+PmYl88Wt4FmWu6Ahu7A9t6ALt7AQeCTcuAnQ4HLhhM4Uvuxpm6XWnViLdJQK44lo7G0IkhTKilbqlsggxLOTQbHSNQWAS0alcvXrzA0KFDhfFx1MJmLc4K+p3Som7YiIgIPH78uLDVo6j7jzL/O6y+pPyUBZ3D4OaECYEbl88jOdQDBhJ0OprBajHx4XOfhe7ZMqB1XaN9SyOxa3kMCq6K1IgaGB9bG1MS62A2jaMb2hTLUlub13Vti31TO+HYLG+cn6fH9UW+uL+0M96sDgDW0zg6c7crLQN2pC9wKgw4T92uRuBWDHDfPI6OZrsKQYZJyFkKO3Ft1xuyqFwph5ZFxjgTikZAi3ZFQislJUXoXqVxcAUVb5+6TxxbFxUVhTt37ijaPvKT+RuXHMH/tZj/AUj5KQu6/FgnX5tvBJ4+uoehMZ0R4UWTIb5FlEXLm63ijtaBjRfG0VXB8FCaGFELkxLqYiaNoxvcFEtHtMIaGkc3vi12T+kAWtf19Fwdri70wb0lnfFqRQByabbrZvOqEXuDTePojourRkQB12kZMJrtau52FYIMi5MjxFmvJOio23W/LLpdpRw63xXENzACVgho0a5WrVoF6h51hJizFHk0rm7atGmaGVOnfP4X3wH0z738+Z8FnRWZ8Vf7IpD55iUmjzAinMbQ6Qsm6KiLNq6LO5J7VEJK6PcYZayBCUI8unqYO6gRMoY3x6q0VthE4UsmtcNPtAxYug6X5vviToYfnq3ogqzV3YCNJOh6m5YBOxACHAkFTke+73al2a4PYgHqds2k2a6ikBOP5NBDACyRxWxXLb547WudnJoUAlqzK5oAQWPm7NnNainiLD+TYKSwJ0uWEIeof2P+d1wdS/kpCzrH4c0pCwjkYsX88QinMCW60ojSlc97QsRHXbGlEevnjn6B32Fon6pIezeOrp45Hl0zrBDi0bXGtoltcWBaRxyfbep2vUHLgNE4ulXmZcC29gJ2BQP7SdBRt2sk8LMBuErLgNFsVxJ0caZxdO/i0YnhS8SYdFMA3Hd5/Uo5tMszxRlQPAJasqubN2/Cw8PDKWJOFHYkHFu2bImzZ88q3lbyLgDx/zjm/7yByvcVUn7Kgi7fMPIN+UVgx/qFiPCpBIMwLo4mRtg4js7iumhfdyR2q4jBwZWRGlkdY+NM4UtmDWiABUOameLRjaF1XT2wb1p7HJ3pjbNzfHB9kR8eLKVu164ALQO2uSewIxjY2xc4HAqciADORQGXxXF0ccDTeOB1ojkeHYk5cWKE+DkNwJn8wmD366Uc2u4P4QQ1h4BW7IpWfujfv78wYUEUW846UigUCoty5coV1dsX879jqljKT1nQOQZrTtUCgXPH9yK2e10YaOkvIaiweXkvC8H2OZFn0JeB0bcMErqWw4Cg7zA8ohrGRNfApMRamDGA4tHROLrmWDO6FTaNb4Pdk9vh0AxPnE7X49oC0zJgT1cEIJuWARNWjQgCdocAB0OAY+GmbteL5vAld2KBR7HAiwTg3Tg6UciJLXQUaHgrgByLUjr/o5RDOz8X/ES1IaAVu1q9erUw+cEZXa1SQlEcT6c2+7Euz1mH8H/NfPH/s3zxP63trUz+Z0FnbX383e4IPLx3FQPC2sHgTYKuou2hS94JvtIw+pRAnH9ZJPeqgmFh1TDaWBMTE+pgenJ9zB3cBBnDW2A1jaMb54GdJOimd8Sp2XrzMmB+wjJgpvAlgcC23qZuVxJ0R0NNq0ZciAKuRgO3Y01Bhj8IX2Ip6Ch0Ce3pLu921cqL1+4GyQl+FgEt2BWt4EBBfymciJTYcsY5aqWj7t5Dhyi2pXo35n/H1K2Un7KgcwzWnKoFAq9ePsfoAb1g8KZgwiToqMvVhlh07wQdXV8KsV3c0b9HZaT0+R6jDDUxPr42pibROLrGWDSsGVaOpHVdPbBjYjshHt2J2Xr8PM8XNxf54NEyf3P4kq7Alp7AziDzMmB9gZPhwM/mbteb5tmuT81ru2ZbznISW+hocsRoAKctSun8j1IO7fxc8BPVhoAW7Gry5MnCcl7OEG6fewbNrDUajXj79q3azOhdeZj/30Fh1w9SfsqCzq4Qc2JSCGRnZ2HRjBREepcXJkUYaXJEvgVdGcT4uSOpe0UMCa6KkRE1MC6uNqb0q4tZA3/EwpSmWJ7aHOvH0LqubbGflgGb5S0sA3Z9oS/uL+mCVysDkLOum3kcXRBA4Ut+6gscDwPORQIXDcB1mhxhXtv1RaJp1YhcaqETd3E83VAA2wC4bgFuKYeWwp/PMQL5QUDtdnX8+HG0b9/e4SFKPifkLH+jFSmWLqWA5ercmP8dU69SfsqCzjFYc6pWCGxaMRORuvIw6N3NAYbz20JXBkafMkgIKI+BQZUwPMwcjy6xLmYkN8T8IY2xzDyObvM4D+ye0h6HZnjhTLoOVxfozeFL/JFNq0bQOLrtQabwJWK365mI9+FLbondrvHAmyQgRwwuTKKOWudEUTcPwBOrkjrvq5RDO+/p/CS1IqB2uwoKCnJpV6ulmKPP1PXq5+eHN2/eqNWkwPxv/6qV8lMWdPbHmVOUQODI7g2I8a+BSF0pGHUl8tlC5y4EJCZBFx9QAQN6V8KwsKrCxIiJiTSOriHmmtd1XZ3WEpvGtcGuye1wcLonTgrx6PS4tdgPj5b74+3qrsCGHsC2IGBXH+BAX+BImCl8CS0DdiUKuBkN3I8DaG3Xd6tGiLHoSMzRGDoSd2Nd2u0q5dAS0PMpRiBfCKjZrnbt2oUWLVo4NUyJtYCz/k6x6Whixpw5c/JVT0q6mPnf/rUl5acs6OyPM6cogcDVc8eQ1LsxIrxLwKgrDmO+ulxJ0Jni18V1KWsKMBxSBaMoHp05wHD64B+xaFhjrExthg20ruukdtgvxKPT4cI83/fhS1YGIHd9D2BLL/M4uj7A4RDghLnb9ZIBuBEF3I01rRrxMhHIonF0ll2uFFyYhF0KgA0AsiVK7PhTUg7t+KfyE9SOgFrt6uXLl4iMjAR1cVqLKld/p7F0vXr1wr1791RpXvbgf6PeHcz/781Dyk9Z0L3Hhz85EIG7N69hcHgnhHv9E1H6kvkMLmzqnjX6uCPGr6wQYHhISFWkGqpjfGwNTE2qi/SBDbEopYlpHN3oNtg6oT32TvHE0Zl6nJ/rI4Qvube0M56v7IoccRmwHb2AvUHATxS+JAygbteLkcA1GkcXBzyMN60a8VacGEEijrpcKWyJ2P1K/1W7pttVyqEdWIWctEYQUKtd0dg5T09PoYvT1QJO6vkNGjRQ7Vi6uzeI/zsy/9uRQ6T8lAXdZwDOyspCdnb2B/vz58/x7Nkzm3e6nmYwWafzmceq8qfnTx5jcko4wr3/Ze5upRmvtgYYJkFHsevKINq3LBK7lceg4EoYHlkdY2JqY1Jifcwc0BDzhzbG0hHNsHZ0S2ye0BK7JrfF4RkdcGaOJ64s0ON2hi8erwhA5poewKYgYFswsLsvsN8cZPhkGPBzGHAt0rRqxMMY86oRiUBOIgBR2Inj6KjrlWa7nnJJnUk5tEsywg9VFQJqtKvc3FxMmjRJFjNbpcQcnaOWQwp0/OrVK1XZExVGPvzfNQ/+D1c0/2te0L148QIPHjzAo0ePQLGJjhw5gqNHj2LlypUYOnQohg8f/sHepk0bm2dH0dgIWuIlJiYGI0eOfJfOsGHDsHPnTuE59Lzr168Lz79//z5IRKpxy87MxOJpQxHq9W0BBd37VrqEgHIY2KsihoVXQ1pMHUxIrI/pyQ0wd3BDLBneBKvTWmPT2I7YOakjDk33xKk5Olxe4IO7GT54tsIPWRRgeEtvYEcIsCfUNI7uaF/gdLhpYsRlGkcXA9yLNY2je2XZ7SqKOWqto5Y62te4JMiwGl+8arR9pZVJjXZFHOvl5SXb1jkSdOL74uDBg0ozmTzz63D+H8D8T5WgOUFHS60cO3YM8+fPF/Z+/fohPDwcUVFR6NixI+rUqQOK4E3/LVHQSeudnO5T/2F96jzNYrJOh55BOz0vICAABoMBYWFhSE1Nxbx584Sm91OnTuHy5ct5OotSLti4bCbCdLSmK7XO5aeF7sOWvHhhHF0FDA2thjRjTUxIqI0Z/epg7sD6WJzSBCsoHt2Yttg2yRN7pumxf4YOP83wxPHZepye64eT6T44PrMjTszywOWMzniwrgde7gxC5v6+yD1KS4HFAFfjTUGGadWI5/HA2wTzbFcSdDRBQpwcQa10swA8cno1qPHF63QQ+YEfIaBGu9q4caMsx85ZvzNoLF1KSgpoWTK1bc7h/8aS/E8rB73j/zk+ODGL+L+t6vhf9YLu3LlzWL9+PRITE4UAjl27dhX+UyMhRTsJN3IiGr/gqiVgSPBRHmgnkVe7dm0hPz4+PvD39xfyTU5OpHTnzh3F+vmRfZsQ270mDJ5lYNSXzUeXq6WgK43Yzu7oH1gBQ0IqY2RkdYyPq41p/eohfWBjzE9pjUUjPLBwWDPM7l8Pk6KrY0xoFaT2rIjhPSphaK9KGNCjIpK7l8PgXuUx1lATM/v/iMXDm2HtqGbYN80DP2d44uGW7sg+HQHcjQde9AOyEoDcBABJFoJObKWj2a7O73ZV44tXscatooyrza5ouEtCQoKsQpVYCznxOzUYUIy8x48fq8iiTEVxBf9PtuT/npUF/h9oxf+z+jdCRqH53/lB5qX8VFWCjsar3b17V+gujY+PFwbAtmvXTpimTsJNbHUjASU6kFyP5Nhiy54oOqn7lloRvb29hW7cPXv2CLOilDLm4uK5I+jfpwkiPan7tOCCLsavNPp1K4dBwZUx3FALY2LrYXx8A4yJrovU0GoY2LMcEjuXQozPtzDqi8PgXQoROndhhm2kV3FE6ErA4FsSid0rYFCfKsLkirFxtTC1X30hnt3K1KbYOq41js1qj3sr/ZG5L9i0LNgrGkMnToygSRHUUkctduJsV+fGkZJyaNW9BbhATkdAbXZFQ2mIO+XK9db5ooaFzZs3O73eHf1Ah/B/ZM33/B9TF6lhduL/8Vb8fy0aeCX2zBDny5P/FS/oaILC4cOHsWjRIvTt21do5SIhRE4h7gXpJrV2Mjl8p3KIZaKjWE4SrwsWLMD+/ftB4/Dkut2+dQXD4nwR6Wma4GD7pAhqoTOFLaEVJqJ9yyCh23dIDqqOASHfo3+vykjsWg4xPqaQKFHepWHQia167oj0KSPsBh8Kf1IOBp07on1LC/cMCqJWvu8xgVr5+tcTxuEtS20irDixa1IHHJnRCZfmeeLZcj1y9/UGbscDmeTQYiw6cmwKYzIbwF2nQq+2F69TweOHfRIBtdnVrFmzZD12zvrdQrxOQ4HUtqmG/7Pky/+KFHQ0a5QmLkyYMAFxcXFCC1zdunUV5bTWTlyY7zQ+j7pq6RgaGor09HScOHECmZmZsuKEF88fY8rISER4UtgS0yQHm0Udjb2zGHcX27k84vwrINqvBAy6f8GgozRJxNHYPFta/0oivksZDOj5HYaHf4+xMTUxOakOZg9sgIzhjbF2dCtsn9ABh6Z74fRcH9xa3BlvlvsBWwJMMeseU9er2FpH4i7N6UGG1fbilZWxajgzarIr6r2gVRiIGwvDsc68l/Kq0+lw+/ZtVVmhavifoiHIlP8VJeioNW7ixIno0aOH0J0qjoFTSwtcYUmDcKCxgLTTjC4KVJmRkSGbJWVycrIwd8oghHu/D0Nis6CTDHFSGkYhnElBWvxKILZzGfQP/A4pIdUw2lgTExPqYObA+kKA4lVpLbBlXFvsn9pRWG3i2sIueLqsq2ktWApKfCgUoCXCsqmFjnaa7brFqWu7qunFq6o3l8ILoya7Onv2LDp16uSy8dEF4XTiceoiXrt2rcIt6cPsq4H/c2ktcBnzv+wFHbXGnTx5EtOmTQONh6OuRpo8QM3SBXEWrdxD+BBOhFeXLl0wffp0nD59WoiJ96GbOffbumWzYPCpBIMuny10UoKOZsvSChK6ch+03tkqEmP0JdGvWwUMDa6KNEMNjI83dbvOG/qjEKB447hW2D3FA0dmd8LFBb54sDTAFPJka09gdx/gSB/gehiQRWMrqNs1HcADpwGqphev00DjB+WJgJrsavTo0YqY3Wr9XqIeF5oIp7Zt3bKZzP92qlQpP5WtoKOZSRSjjWK2tW7dWmh14pa4pgUSsSTqqBm/VatWQlgUwpUCbbpiO7RnE6IDfoBBl99WNbreUgSaxsOZQqCI4+U+fzTqaHbt+2uifUogwb8sBvWujBERP2BcbB1h1Yk5gyieXXOsHUNLiHngpxnt8fM8Pe5mdMbLVQHAph7ALmqlCwZOhQF3xJa6UQDOOA1WKYd22sP5QapFQC12RYvdU6BemlRmLZjk/p16WSIiIoT4pGoyNOZ/+9WmlJ/KUtAdOnQIgwcPFlrkyBlZyBVMyFmTFuFIeFJLJwVNJpydvV0R1nRthEjv/Ag6EnLF360WIbTACa1yNFaO0rEtLRJ00e8mS5CwK4k4vzJI7lERw0K/x5joWpicWBuzB9TH4mFNsXqUaQmxA9M64Fy6N24t9MOz5V2Qsz4A2B4E7A8HToQDl8KBx9FADo2p2+G0IMNSDu3s+uTnqQ8BtdjV+fPn4evrq6jxcyJn0z/hLVq0wK5du1RlYPLi/xKq439ZCToKO0LLs3h4eAgtctytah8hJ5KEeCRc6T/Atm3bCqtXvH792mmk8fTRPYyM90OktziJ4X2L2ee7Si1b5yzv+dR5y2s+/ix2+Ub7lUVS4HcY2rcq0ow1MDGhFmYk18X8oU2wMq0lNo1rhz1TOuLEbC9cXaDHw2WdkbWmG7C1N7A3FDgaCpyLBG5FA6/jzN2uzokhpZYXr9OMjx9kEwJqsSuK20k8J/Ke0o7U7bps2TKb6kwpFxH/pzL/26W6pPxUFoKOZmNSTDVx4WT670RpzqfE/BLORHiBgYEC/naxsjwSyc58g0kpoYjwKpgQ+7zo+1i45XW90ccdCbQ2bJ9KQjy68fE1MS25DuYOaYRlI5oL4Ut2TOqAwzM64eJcb9xZ4ofXQrdrT2BXH+CQecmwa0ZTK132CAAX8kDBPj9LObR9UuZUtIyAGuyKVlqYMmWKMPtfidxMeSZupvAlL1++VI05Mv/bryql/NTlgu7mzZvC4E/qDmQh55gWubwIjXCnnQjQ4StR5OYiY9YoROppIoPrRZ3RpzTiaW3Y3t9hWPj3GBNbE5P71cbsgeZxdKNbY9uEdjg4vQPOzfHCzcW+eLbCH7kbegA7goADIaYwJrT+631qpUsEsAlAtv089xMpSTn0Jy7l04yAzQiowa5oMh2tw63kFjrqSenWrRsePnxoc93J/kLmf7tVkZSfulTQUZwdCq1BMeR4nJxrxJwo9gh/CgMTGRkJWi7Nkdv+bath9KtawKW/8t8Kl1crXayfO/r3rIShod9jtLEGJiXWxowBDbEwpRlWjWyNzePaY9/Ujjg12wvXFvoI3a7ZawNN3a77+gBH+wIXjMCtOOB5HJA70ylru0o5tCPrjdPWBgJqsCv6x5RiuSm5kYA4mSayXbx4UVWGpxT+X6RA/neZoFuxYoUQK41Ca4iigo+uF3U0G5biNu3cudNhJPLzyUOI8a8Jo08ZGH1sCQJsfxFnKfJo5YnEbhUxuE81jDTUwIT4WpiWTMuANcHy1JbYMNYDuye1x7EZXrhEs12X+OEVjaPbTLNdewOHQ4CzUcD1WOBhLJCZ6pS1XdXw4nWYkXHCBUZADXZF/5QqcXar9TuQWhgPHjxY4LqU443M//apFSk/dYmgW7lypfCfh5Kid1s7mpq/U1M//WfoqBlWd29ew6AwDxi8iyPKh7pdaXUHEm2u6YI1+pRCQkB5DAiqjBGRFL6kNqYm1cOcQY2wZHgLrB3VBtsntMWh6R1xfo4ONxbp8XSFP3I2BALbewEH+gAnI4HLRuCeAXhNy/ZQkOEc+3juJ1KRcuhPXMqnGQGbEVCDXc2ZM0eRs1ut3yvUwhgTE+OyMFM2G00+LjTxfxvm/3xgJnWplJ86XdCRmKO4ckpuCrd2OjV+p/qh2cY7dlAYDvtuz54+waikQER50pJdxWHQV4RRVxoGG8OPWLau2edzScR1dkdyzyoYHvoDxkbXxOSEOpg9oAEWpTTHyrTW2Dy+LfZN7YCTs71xdaEPHi3zR9a67gAFGd4TBByLAM5HA3cjw9xbMgAAIABJREFUgWdxQA6t7frEvsBZpSbl0FaX8FdGIN8IqMGuFi5cqBpBR2t1q2lj/rdPbUr5qVMFHYk5WtKExZxru1ZtFaDUgkqhTezd/frm9StMTTUi0uvfQny594LOsrXOsd2sHwrBEoj1LY1+FL4kpBpGRdXAxPjamJFcHwuGNMXy1FbYNK4Ndk9pi2MzO+HSfD3uL+2MN6u7AZsCzd2uocDpSOBaNPAgFsii2a7n7eO5n0hFyqE/cSmfZgRsRkDpdkVB6Wl5SDW8Z2gcnV6vx4sXL2yuP7lf+Jr53y5VJOWnThN0mzZtEsQcd7MqQ8yJoo+6X9u0aYPDhw/bxQgpESLclfPHw0DdrD4lYdCXN7fQUder2P3qPEFn0JVAtG9JJHatgEHBVZFK3a5xtTG9f33MGdwYS0e0wLoxrbBzkocQvuT8XB1uZ/jhxcoAYEN3YEdP4CB1u4YBl2KAO0bgLS0HdtRumEklJOXQUtfxOUYgPwgo3a4oZAlxlhom2lEZqEfr/v37+alCWV/L/G+f6pHyU6cIumvXriE4OFjRU8hFgaPFI4nwqKgo0Kxke207Ny1BhE9FoZvVoC8Ho46EHU2QcL6goxUjaBmweP9yGBhUBcPDq2NMbG1MSaqP2QMbY/GwFlhN4UvGt8WBaR1xKl2Ha4v88HiFP7JpseatvQCa7Xo8HLgQAdyKBF4OZEFnL2PhdJyKgNSLwqkZKOTDaIarmgRds2bNsHr16kKiIq/bmf8LXx9SfupwQUdBg5OSkoTQJFoUQ2opM80Ys+di0cd/2onogBqI8C4Bg94dRh0dXSfoovTfIrZzGfTv+R1SQqthVHRNTEyoi5nJP2LhUBpH1xKbx7fB3intcXymFy4u8BG6Xd+uDgA2BwJ7goHDocDZMEAIMpwM5OwH4Lg1c6UcuvA0wSloHQGl29X27dvRvHlzVbTQ0fuDuo4nTJigKrNk/i98dUr5qcMF3bFjxzgsSVNldbNKiVAiFQpncurUqcJbIoAbV85jUEQrhHl9K7TKuVbQ0VqwxRHjVxpJ3ctjSJ+qGGmoiQnxdYRuV1P4kubYMLY1dk1uh8MzOuL8PD3uZPjh1couwMZuwM4g4GAIcJLWdo0B7icA2Y6d6Srl0HapHE5E0wgo3a5odr7aBB0tiammjfm/8LUp5acOFXQ0liE2NlYVs42kRI7WzlHMwBEjRghj4Aprjo8e3EZaPx+EexZHtI66WUsgSueiFjofUzcvxcVL7Foeg4OqIDWiOsbF1cKU/nWRTuFLRjTHWmHViPY4OL0TzszR4/piPzxd7o/c9d2Bbb2BfX3N3a6RwJ0kIGs3t9AV1lD4fqcjIPWicHomCvHAsWPHqmJChPh+oXHMiYm0Ao16Nub/wtellJ86VNDt379fiGemhtlGonNp+Uhj6by8vECtroXdXr98jlnjjAj3KgWjztRCFiUIO1eMoTNNwCBBF+9fHgN7VsLw0O8xNqYWJifVwayBDbF4WFOsHtUSW8TwJel6XF7gi4dLuyBL6HbtDezpCxwJB85FArcGAllnCgvTZ++XcujP3sA/MgI2IKB0uwoNDYWaAtZTWYKCguzyj7QN1e+US0z8H614/n+wtAuypfj/pmv436GCbujQoapyLC2LObHs9erVw+LFiwvt9Lk52VizaCIi9BVg0FH4kpKyWAos1rcskoXwJVUxylgDExPqYDqtGjG0MVaMbI6NY9sI3a5HZ3jj4jwf3BW6Xf2BjT1N3a4/mbtdb6QBOfcKjdPnElD6i/dzZePfXIeA0u0qPDxcVe8dEnR9+vQB9XipZSP+X7tokvz4368s+tvC/zNt4f+7Dq0uKT91mKCjma1du3ZVlWOJokbLR2r+7969u10WjN67ZTWiu1SHQfcvs5iTwzJg7kjqVhFDaBmwKApfUgfT+jXA3MGNTOFLRntg+8T2+Gm6F87N8cWtxb54sSIAWB8IbOthmu16LBS4PQfIfeV0h3boAzlxTSAg9aJQSsGfPn2Knj17qmqYD3Gur6+v6tZ0NfH/D7Ll/9RC8X86kPvSoW4j5acOE3RnzpyBj4+PqhxLy0JOLDvFRWrfvj2uXLlSaGO9cPIY+gc3Q6T3P8zhSmQg6HzckehfAQN7VcaI8B8wJrYOJifVR/rAH5ExrBnWpLXC1vFtsX9aJ5ycrcPVBXo8XtIZWWto1YhewK4+wDED8GS7Q8fPEfhSDl3oSuEENI+Aku3q559/FgLxkggSOUvpRxqyRAH5169fryrb/PnkMSTLkv/LY2Dv9/xP4avy5n9z+Kp3/L/NJfzvMEG3du1akFOpIbij0gnB3vmnBaP37t1baHKhNf1SDJ0Q4fWNeUJEORl0u5ZCbOey6N+jElLCvseomNqYmFAPMwfUx6KhTbFyZCtsGtsBeyZ3wPGZnXBlng4PMjrj9ZpuyN3cE9gVDJwZBmRdLzQ+eSWg5BdvXmXj312HgJLtSs2CbsOGDa4zCgc8+e6N60iJMvO/ELJKxvyfXB+LUppI8v99gf+7W/H/NQcg9mGSUn7qMEFHa+nVqlVLNf8l2VsUKTk9GtNBE14Kuz1/+gTjBwcj0vufiNaVAQUY/nBJLuetFvH+uSUR7VcKSYEVMLhvVaRF1cKE+HqYnlwP84bQqhEtsW5MR+yc1B6HZ7THz3P1uLU4AM9XdkPOhm7AjhDg5ipaD6Ow8OR5v5RD53kTX8AI5IGAku2KBV0elSujnwX+H9JHGfzfn/ifht3Im/8dJugWLVqE2rVrs6BTQQw6a/FpL0GXm52FBdNSEKErAaOuOAw+NDGC1nN1hZB7/0yjT0kkdCuPQcGVTcuAxdbBtKQ6mDuoIZYMb441o1tj86Q22DO9A07M8cW1hV3xaHkAMtcEAHsHAW8c3zpHvKzkF6+M3iucFSsElGxXly5dEob6qK3LtVWrVqDlM9W0mfh/mLr4fw/xv+Nb58gOpPzUYYJu/vz5qFmzJgs6FQo66nLdt2+fXbhl85oFCPerDIPun6DVGuQg6CgmXhwtA9azMoaFVceYaDF8SX0spGb3tObYNN4DO6d2wNFZXrg8X4eHGXq8WhOEnMsbAThnNpqUQ9ulUjgRTSOgZLuioSDt2rVTVRw6cdjSkiVLVGeXW1arhP+X6PFqdRByLlG3uOv432GCjhzLw8NDVY5l3VKlxe9ELrS24PHjx+1CLtcvn0dCsAcivP+NKB210LkuDp2pZZBaCEshprO7KXxJ32oYFVUTkxJqY0ZyXcwf0hjLU1tg45i22DWpHY7MaItz8zriZkZXvDo8BXj72C642JKIkl+8tpSPr3ENAkq2K1oiq06dOqprSKAypaWlucYgHPjU65fOKYf/++fB/4dcz/8OE3Q0CzIgIIBnuaqshY5mXHl7e+P27dt2cfOc7CzMnzQU4d6l4LrAwiQkKbix2O1aGtG+ZZDUvYJpGbCI6pgQV0vodp0z+EdkjGiGtaPbYMeENvhpmgeOpvvi2vqByHlywS6Y2JqIkl+8tpaRr3M+Akq2q8mTJ6ty3fC6deti9OjRzjcGBz/xQ/4n/nXFP/T55/91H/H/AOQ8dj3/O0zQPX/+HCEhIaBF3bXYkqXWMlN364ABA/D69Wu7ufrls8eQ2LsJIrxLwyCIKmoloxAmzgpjYj12rzSEVSO6lsNAWgYs/AeMj62JqYm1MXtgIywY0QwrR7XCtvFtsXtSRxxfEouXN35y+DR1a8CV/OK1Lgt/lw8CSrYrFnTysSNbc3L53FEkBjVVOP8flAX/O0zQUWVOnDhRCF2iVnGjtXJRdytNiFi1imZx2m/LfPtGmBwRoisvDJAVWst0ZVy3tqu+DIw+7ojzL4vkXhUxLPR70zi6xPqYMaAJ5qc0E6avbxjjgX1zIvD0Cjmz8zclv3idjxY/0VYElGxXLOhsrWX5XKd4/r8sH/53qKB7+PAhOnTowOPoVNLtSmu5UrBoCg1g7+3WtQsYOzgEkRS6RFccRu/iiKbZry6b9VoacX4lkRxYHkP6VkeqsTbGJdTD1OQGmDekAZYOa4GtM8Nw/yKFb8m1Nxw2pafkF69NBeSLXIKAku2KBZ1LTKbQD7119QLGDe6LSOqVURT/H5AV/ztU0FEtz5gxg5f/UoGgo9Y5Gj83c+ZMhy0Sff3SaaREeSHCqxyM+lKI9v4WUboSiPIRx7Y59xjjUwZJXb/DwODqGGGojvFxP2BqvxqYNaARVk4Ow+2fqZvVdZuSX7yuQ42fnBcCSrYrFnR51a58f79+6QxSojwVwf8rJofj1nnnD7OxrD0pP3W4oHvy5InqppFrrauVyktdrbQ278uXjlyfLgf7tq6AMbAlwjwrCLNejfriwni29xMWnCfqjD7lkRDwHQYGfYfh4VWQFlUTExObYfOCwbh//aylb7nks5RDuyQj/FBVIaBku2JBp2RTzMXerSsR3Z34v7xM+b8pNs0n/j/ncqCl/NThgi4nJwfLli0TQl2I8XS0KIiUXuYWLVpg9erVDjfi7KxM7Ni0HIMNOkTqysOgo9mnjpz59LlAxmUR16Us+vcsh8F9v8f4AX7YsXo6Xj974HAcbHmAlEPbch9fwwh8DgEl2xULus/VrPx/y856ix0bTfwfIfC/o0NZ2cj/IWb+XzUdr5/Kl/8dLujIhN68eYNBgwapMj6Q0oWaLfmn1rmkpCTk5jpnrFhuTjauXjyJ9LGJiPGvJYg6g76EIOyMwsxXEnj0vbg5EDE5PX2n3eSgNFvWehfCouhoeTG6n66j+/8Ng4+4SgWtWFESxncTMqh1sARiA2th4bRkXL9wHNmZb2TDikp+8coGRM7IRwgo2a5Y0H1UnYo7IfD/hVOYPTbJwfxP74tP87+pd8jE/wumJuPaz/Lnf6cIOrKoe/fuISgoCPXq1eMwJgoZU0ctqhSmJDY2Fvfv33c6Mbx59Rwbl05HYs/GiPQug0iv4ojS0WoSpRDpUwYGEmc6Cm1C4sz8n5ZwrhyidWVhFHZ34UjfTdeQE4utfjQAl7p2KR130yQM7+KI8PoW4d6lEdu1JsYm98T+7avw+tVTp5c/rwcq+cWbV9n4d9choGS7YkHnOrux95NN/D8DiT2bOJ3/KYRWTEBNjEnuiQPbV+L1y2f2Ll6h05PyU6cJOsr93bt3BVHHsemayl7UWoo5qjdXbTlZb3H+xE9YPC0VgyI7IMKnAsI9v4XBuzSMohgTxFwpGHUk3mjsBR1LwqgvgWgagyesFWtqwaNzUXpzM74g5Oj6MjB4lUB4pzII11dDv+CWmD0uAccO7MCLJ85b+SG/GEs5dH7T4OsZAWsElGxXLOisa1PZ30X+X0T8H1FQ/je9A6hHxhb+T7Lk/6fK4n+nCjoyLVphgAMOy1/QUTcrtczduXNHFoyQk5ONa5fPYcPydIxO7IkY/9qI8CqDSO/SiKSZsLpvBeEWrSsN6pY1iEGJfUrBoKOAxe7mVjgSe3RPSUR6l0C4V3GE+5RHv5CmmJwShg3LZ+PS2RPIfP1KFuX+XCaU/OL9XLn4N9cioGS7UuvSX7RSxKhRo1xrGC58OvH/1cvnsX7FHIxKIv6v9Qn+LwWj3j2f/F8OSX2aYlJKGDYun42LZ08qlv+dLujIJm7duoXg4GCh+5UnSshL3IktczExMS7pZrWFMx4/uIfjh3dj/ZIpGJ/cG0nBLWDsWhth+ioI866McK+KiPAqK3TRGjz/jQgSbd5lEO7tjjB9GUT4VUJsjx8xxKDD4smDhJlVly+ewYtn9N+Yc8YJ2lLOvK5R8os3r7Lx765DQMl2dfDgQdXFPiVOphigFDKKN+DR/Xs4cXg31i2dgnEDeiNR4P86CNVXRuhn+D/sHf9XRmyPRgL/L5o8UIiscOXiGTx/9kTx/O8SQUdGSS0/4eHhQmyzRo0ayb4L0pbJA0q/hkiDYs0lJycLYx6VQB6Zr1/g0d3rOHtiP/ZtW4NtazOwNmM65k8bivFD+2JMcg/MHB2HZfPGYOuqOdi9eRmO7N+CG1fO4eXTR6D//JS6KfnFq1TMtZBvJdvVxYsXheDnanqnECe3bNkS69ev14L55auMb1+/xMO7N3DuxH7s37YG29e95/9xxP8DemDmmDgsnzcGW1bNwR7i/wNbcFPk/2x18b/LBB3VGs2apMDDHh4evOariydK0OQHLy8vLF68OF8OJdeLc3NzkJX5FrSsTE5WplyzWah8KfnFW6iC880ORUDJdkWr2Oj1elUtOSkKug0bNji03tWUeG4O8X8m3r59i5ysLDUV7V1ZpPzUpYJOzNmOHTsQGhoqOCF3wTq3C5bIgnbC/9ixY2KV8FEBCEg5tAKyzVmUOQJKtisWdDI3Ls6e3RCQ8lNZCDoq4ePHjzFx4kQhADE1l5PIUHoXppzzT/jSxIe2bdti0aJFAv52szROyCkISDm0Ux7MD1E1Akq2q/Pnz0On06muhY4Cu69bt07VdseFyx8CUn4qG0EnFmX//v0wGo1o06aN0A3Lws6+LXaEJ4WNoW5uwvmnn1y7HqlY73zMPwJSDp3/VPgORuBDBJRsV9euXUPnzp1VJeiogaNdu3bYu3fvhxXF3zSNgJSfyk7QUQ1lZmZi586dSEhIQKtWrYTgtnJu7VJK3micHP2n169fP1A3t7NWftC01zmw8FIO7cDHcdIaQUDpdhURESH0PiiFl/PKJ/Wk9OnTh/laI/5nazGl/FSWgk4s0KtXr4T/ShITE4UuWJqFSWPseJydba12hBO1yIm40fJdBw4cwOvXr0WI+ahgBKQcWsHF4azLBAGl21VYWJjqBB2F+cpW8IxMmZi2qrIh5aeyFnQi+iTsKHYdBVZs3bq1MLaOWpuoKZrF3YfijvAgAUf40H9+HTt2xPz58wX8CEfe1IOAlEOrp3RcElchoHS7io6OVp2g69u3Lws6VzmETJ8r5aeKEHSWeN64cQNz584FBb6lMBskYGhMmJriDuXVBC/1O5VfFLl+fn7CKg802eHZM/mtQWdZn/y54AhIOXTBU+M7GQETAkq3q127dqF58+aq+WefellowiBvjIAlAlJ+qjhBJxaIxn9RmI158+bBYDAI4o6WRxG7F6VEj9rOia1x9erVg6enpzDJgfCg4Jo8Pk60FPUepRxavaXlkjkLAaXbFY2/ZkHnLGvh57gKASk/VaygswSRQp5Q/KHVq1djyJAhQjcjCTv6z4Zarminz0rtnqV8W5eFvtOEEZo4QgRG5ScceNMOAlIOrZ3Sc0kdhYDS7ers2bMCNyqV760bHojraY1a3hgBSwSk/FQVgs6ykFlZWXj69KkQjmPq1KkICgoS4hJRmA5yFGrFoxYtEnxybM0j56V80cwmyid1o5Jwo3hxPj4+6NWrl7CmH61Z+OTJE7x588ay+PxZQwhIObSGis9FdRACSrcrWh2A+FINgo7KQPx/+/ZtB9U2J6tUBKT8VHWCzrpyqOuR9n379glj72jGLO0Uq8jf319o+apVqxbq1KkjjMUjIUU7CSvr/5Ts+V0UbfQsEm30fMoHxd/r0qULunXrJoQXGTFiBDZu3Ch0L4tlsS4jf9cmAlIOrU0kuNT2REDpdkWzQWkcsaM53J7vg0+lRYKOJrbxWGh7Wrg60pLyU9ULuk9VHXVR0lgzWvCY1i9dsGCBsCg9jceLjIwUAjmSyKJWMnGnyRdiy15+jiTYxDToSOlSyyEF9qXn9e/fX1itgSYx0IDeCxcu4OrVq5/KOp9nBAQEpByaoWEECouAGuxq3LhxAld/Sigp5TyJUgrDQj1PvDEClghI+almBZ0lMOLnly9fCuPQHj16hMuXL+PUqVM4ffr0u53E1pgxY5CWliaEUKEwKvTZ8rt4jo4jR47E2LFjhTFulunQ53v37gldpjTu7cWLF2IW+MgI2IyAlEPbfDNfyAh8AgE12BWFaqJ/upUi3D6VTxJ0sbGxPMntE7aq5dNSfsqCLp8WIXZ75ueYz0fw5YyATQhIObRNN/JFjMBnEFCDXe3Zs+ddLM5PiSUlnKchOdSDxBsjYI2AlJ+yoLNGib8zAgpBQMqhFZJ1zqaMEVCDXVG8UhqPrOSJEWLez58/L2Nr4ay5CgEpP2VB56ra4OcyAoVEQMqhC5kk384IQA12RcNYKKQTtXApoSVOKo8Ubosmd9y5c4etkhH4CAEpP2VB9xFMfIIRUAYCUg6tjJxzLuWMgBrsikKXUIQAmpAmJZaUcI4EXc+ePUFjunljBKwRkPJTFnTWKPF3RkAhCEg5tEKyztmUMQJqsas1a9agdu3aihV0FA2Bx8/J2FFcnDUpP2VB5+JK4cczAgVFQMqhC5oW38cIiAioxa4OHz4shJ9SYjw6Gj9H++bNm8Vq4SMj8AECUn7Kgu4DiPgLI6AcBKQcWjm555zKFQG12NXr168RExMjBIxXQherZR5p7F9gYCCuX78uVzPhfLkYASk/ZUHn4krhxzMCBUVAyqELmhbfxwiICKjJrlJTUxUp6CgA/aBBgzj+nGiUfPwIASk/ZUH3EUx8ghFQBgJSDq2MnHMu5YyAmuxqw4YNwlqoYggQy1YwuX6mvNKEiGnTpsnZTDhvLkZAyk9Z0Lm4UvjxjEBBEZBy6IKmxfcxAiICarKrBw8ewNfXVxBIchVw1vkiMdepUyecOXNGrBI+MgIfISDlpyzoPoKJTzACykBAyqGVkXPOpZwRUJtdDR48WFGCjpYsCw8Pl7OJcN5kgICUn7Kgk0HFcBYYgYIgIOXQBUmH72EELBFQm13t3LlTUeu60qzcKVOmWFYJf2YEPkJAyk9Z0H0EE59gBJSBgJRDKyPnnEs5I6A2u8rMzBQC9ColfImHhwceP34sZxPhvMkAASk/ZUEng4rhLDACBUFAyqELkg7fwwhYIqBGu1q+fLkiVo0g0dmjRw9QyBXeGIHPISDlpyzoPocY/8YIyBgBKYeWcXY5awpBQI12dezYMUV0u9avXx80Mzc3N1ch1sLZdBUCUn7Kgs5VtcHPZQQKiYCUQxcySb6dEYAa7erVq1cYOHAgKL6b9axSuXynYMJBQUGgmbm8MQJ5ISDlpyzo8kKNf2cEZIqAlEPLNKucLQUhoFa72r17N1q3bg25jqUjsblo0SIFWQpn1ZUISPkpCzpX1gg/mxEoBAJSDl2I5PhWRkBAQK129fz5c4SEhMhyLB2FKtHpdDh58iRbISNgEwJSfsqCzibo+CJGQH4ISDm0/HLJOVIaAmq2q3nz5gmL3stt5QgSdGlpacjJyVGauXB+XYSAlJ+yoHNRZfBjGYHCIiDl0IVNk+9nBNRsVxQOxN/fX1bdrtQF3LFjR1y4cIGNjxGwGQEpP2VBZzN8fCEjIC8EpBxaXjnk3CgRAbXbVUZGhqy6Xal1btSoUUo0Fc6zCxGQ8lMWdC6sEH40I1AYBKQcujDp8b2MACGgdrt68eIFEhISQLNKXT3DlVrn2rVrh8uXL7PxMQL5QkDKT1nQ5QtCvpgRkA8CUg4tn9xxTpSKgBbs6tChQy4fS0fj+Bo1aoRNmzYp1VQ43y5EQMpPWdC5sEL40YxAYRCQcujCpMf3MgKEgFbsitZLpe5OV7XSNWjQAEOGDMGbN2/Y8BiBfCMg5acs6PINI9/ACMgDASmHlkfOOBdKRkArdnXp0iUhVIgrRB21zNGarfv371eyqXDeXYiAlJ+yoHNhhfCjGYHCICDl0IVJj+9lBAgBLdnVgQMH0LJlS6fOehVDpqxatQpZWVlsdIxAgRCQ8lMWdAWCkm9iBFyPgJRDuz5XnAOlI6A1u6IZpqLIckb3K02EiIuLYzGndEdxcf6l/JQFnYsrhR/PCBQUASmHLmhafB8jICKgNbuiMWw0lq1u3boOH09H4+YCAwPx/7N3FmBWXNnabkhG/v/OtZnr985/ZzIzIThRYniCJsGCdZ8W3L1d6G7c3d3dJQkSIIQECQ7BggSXEAgkOPT3P6tOV+h0NuT06XOqdtX5+nnqOS1VW9691qqvt3733Xcmbn6SgF8EVH5KQecXSj5EAvYTUDm0/aViCZxOIBTt6uLFi2jZsmVQ96eTbVKioqKwY8cOZGVlOd1MWH6bCaj8lILO5kZh9iTgLwGVQ/ubFp8jAZNAqNrVqVOnjFMkKlWqFPAhWEkzPDwcsl0Kv0ggEARUfkpBFwiyTIMEbCCgcmgbisEsXUYglO3q7Nmz6NixozH0KitR8zunTubLSc9cmzZtsHv3bpdZCqtjJwGVn1LQ2dkizJsE8kFA5dD5SI6PkoBBINTt6u7du5gwYQLefffdfJ0mIduhSBqDBg3CjRs3aF0kEFACKj+loAsoYiZGAtYRUDm0dbkzJ7cSoF3BWIH66aefonPnzsbmw9LT5stKWLlH7hUxJ/PlVqxYARGI/CKBQBNQ+SkFXaApMz0SsIiAyqEtyprZuJgA7epR48q5r0uWLEG9evVQq1YtY9GEzIeTYVQZkpVLxJv8Tlaw1qxZ09gwWE6huHbt2qOE+B0JBJiAyk8p6AIMmcmRgFUEVA5tVd7Mx70EaFc/b9vbt28bpzr06NEDycnJxopY6YGTq0mTJkhISEBmZiY2btyIK1eu/DwB/oYEAkxA5acUdAGGzORIwCoCKoe2Km/m414CtKtfbltZPHHw4EHjOn78OLch+WVkvCPABFR+SkEXYMhMjgSsIqByaKvyZj7uJUC7cm/bsmbuIaDyUwo697QvaxJiBFQOHWIIWN0gEKBdBQEqkySBABNQ+SkFXYAhMzkSsIqAyqGtypv5uJcA7cq9bcuauYeAyk8p6NzTvqxJiBFQOXSIIWB1g0CAdhUEqEySBAJMQOWnFHQBhszkSMAqAiqHtipv5uNeArQr97Yta+YeAio/paBzT/uyJiFGQOXQIYaA1Q0CAdpVEKAySRIIMAGVn1LQBRgykyMBqwioHNqqvJmPewnQrtzbtqyZewio/JSCzj3ty5qmtfRiAAAgAElEQVSEGAGVQ4cYAlY3CARoV0GAyiRJIMAEVH5KQRdgyEyOBKwioHJoq/JmPu4lQLtyb9uyZu4hoPJTCjr3tC9rEmIEVA4dYghY3SAQoF0FASqTJIEAE1D5KQVdgCEzORKwioDKoa3Km/m4lwDtyr1ty5q5h4DKTyno3NO+rEmIEVA5dIghYHWDQIB2FQSoTJIEAkxA5acUdAGGzORIwCoCKoe2Km/m414CtCv3ti1r5h4CKj+loHNP+7ImIUZA5dAhhoDVDQIB2lUQoDJJEggwAZWfUtAFGDKTIwGrCKgc2qq8mY97CdCu3Nu2rJl7CKj8lILOPe3LmoQYAZVDhxgCVjcIBGhXQYDKJEkgwARUfkpBF2DITI4ErCKgcmir8mY+7iVAu3Jv27Jm7iGg8lMKOve0L2sSYgRUDh1iCFjdIBCgXQUBKpMkgQATUPkpBV2AITM5ErCKgMqhrcqb+biXAO3KvW3LmrmHgMpPKejc076sSYgRUDl0iCFgdYNAgHYVBKhMkgQCTEDlpxR0AYbM5EjAKgIqh7Yqb+bjXgK0K/e2LWvmHgIqP6Wgc0/7siYhRkDl0CGGgNUNAgHaVRCgMkkSCDABlZ9S0AUYMpMjAasIqBzaqryZj3sJ0K7c27asmXsIqPyUgs497cuahBgBlUOHGAJWNwgEaFdBgMokSSDABFR+SkEXYMhMjgSsIqByaKvyZj7uJUC7cm/bsmbuIaDyUwo697QvaxJiBFQOHWIIWN0gEKBdBQEqkySBABNQ+SkFXYAhMzkSsIqAyqGtypv5uJcA7cq9bcuauYeAyk8p6NzTvqxJiBFQOXSIIWB1g0CAdhUEqEySBAJMQOWnFHQBhszkSMAqAiqHtipv5uNeArQr97Yta+YeAio/paBzT/uyJiFGQOXQIYaA1Q0CAdpVEKAySRIIMAGVn1LQBRgykyMBqwioHNqqvJmPewnQrtzbtqyZewio/PSxgk5u5kUGtAG9bcA94Yk10YUAfV5vn2f7sH1MG8gdM5SCLvdN/JkESIAESIAESIAESEBfAhR0+rYNS0YCJEACJEACJEACPhGgoPMJE28iARIgARIgARIgAX0JUNDp2zYsGQmQAAmQAAmQAAn4RICCzidMvIkESIAESIAESIAE9CVAQadv27BkJEACJEACJEACJOATAQo6nzDxJhIgARIgARIgARLQlwAFnb5t41PJwsLCoMvlU4F5EwmQAAmQQL4J6BL3pRz80oMAW0KPdvC7FLo4ky7l8BskHyQBEiABBxHQJebqUg4HNV3QikpBFzS01iSsizPpUg5rqDMXEiABErCXgC4xV5dy2NsaeuROQadHO/hdCl2cSZdy+A2SD5IACZCAgwjoEnN1KYeDmi5oRaWgCxpaaxLWxZl0KYc11JkLCZAACdhLQJeYq0s57G0NPXKnoNOjHfwuhS7OpEs5/AbJB0mABEjAQQR0ibm6lMNBTRe0olLQBQ2tNQnr4ky6lMMa6syFBEiABOwloEvM1aUc9raGHrlT0OnRDn6XQhdn0qUcfoPkgyRAAiTgIAK6xFxdyuGgpgtaUSnogobWmoR1cSZdymENdeZCAiRAAvYS0CXm6lIOe1tDj9wp6PRoB79LoYsz6VIOv0HyQRIgARJwEAFdYq4u5XBQ0wWtqBR0QUNrTcK6OJMu5bCGOnMhARIgAXsJ6BJzdSmHva2hR+4UdHq0g9+l0MWZdCmH3yD5IAmQAAk4iIAuMVeXcjio6YJWVAq6oKHNf8KlS5c2zmmVz8d96eJMupTjcZz4exIgARJwAgEz7ktMNa/Dhw//rOi6xFxdyvEzQCH4Cwo6TRv94sWLP4o5cRiVQ0vRdXEmXcqhaXOyWCRAAiTgEwGJpTnjqSnw5J2Q8yvnPTl/b/X3upTD6nrrmB8FnY6tAmDJkiWGU4uQE4cZMmSIsqS6OJMu5VBC4i9JgARIwCEEJJbmjKetWrX68V2Qswo578n5e6u/16UcVtdbx/wo6HRsFQDyX5k4snyZDq0qqi7OpEs5VIz4OxIgARJwCgGJpTnjae6fzXrkvMf8nR2fupTDjrrrlicFnW4tAhjDq+Ikn3/+uVE6s7fO/DlnkXVxJl3KkZMNvycBEiABpxGQWJr7kndA7i9dYq4u5cjNJxR/pqDTsNVleFWcxJwzYc6nM3vschZZF2fSpRw52fB7EiABEnAaAYmlOeOp+Q997mk3Oe+xs466lMNOBrrkTUGnS0vkKIfp0KpPU+SZt+viTLqUw+TCTxIgARJwIgEz7ptlf9w/9LrEXF3KYfIK5U8KOs1aX4ZVxUFyd7Gb/6Xl/r0uzqRLOTRrThaHBEiABPJEQGJpznj6uHdCznvylEGAb9alHAGuliOTo6DTrNnMBRC5e+LM/9Jy70mnizPpUg7NmpPFIQESIIE8ETC3KZGYal65/5GXBHWJubqUI0+QXXozBZ3DG1YXZ9KlHA5vThafBEiABHwioEvM1aUcPkFz+U0UdA5vYF2cSZdyOLw5WXwSIAES8ImALjFXl3L4BM3lN1HQObyBdXEmXcrh8OZk8UmABEjAJwK6xFxdyuETNJffREHn8AbWxZl0KYfDm5PFJwESIAGfCOgSc3Uph0/QXH4TBZ3DG1gXZ9KlHA5vThafBEiABHwioEvM1aUcPkFz+U0UdA5vYF2cSZdyOLw5WXwSIAES8ImALjFXl3L4BM3lN1HQObyBdXEmXcrh8OZk8UmABEjAJwK6xFxdyuETNJffREHn8AbWxZl0KYfDm5PFJwESIAGfCOgSc3Uph0/QXH4TBZ3DG1gXZ9KlHA5vThafBEiABHwioEvM1aUcPkFz+U0UdA5vYF2cSZdyOLw5WXwSIAES8ImALjFXl3L4BM3lN1HQObyBdXEmXcrh8OZk8UmABEjAJwK6xFxdyuETNJffREHn8AbWxZl0KYfDm5PFJwESIAGfCOgSc3Uph0/QXH4TBZ3DG1icSZfL4ShZfBIgARJwDAFd4j4FnT4mQ0GnT1uwJCRAAiRAAiRAAiTgFwEKOr+w8SESIAESIAESIAES0IcABZ0+bcGSkAAJkAAJkAAJkIBfBCjo/MLGh0iABEiABEiABEhAHwIUdPq0BUtCAiRAAiRAAiRAAn4RoKDzCxsfIgESIAESIAESIAF9CFDQ6dMWLAkJkAAJkAAJkAAJ+EWAgs4vbHyIBEiABEiABEiABPQhQEGnT1uwJCRAAiRAAiRAAiTgFwEKOr+w8SESIAESIAESIAES0IcABZ0+bcGSkAAJkAAJkAAJkIBfBCjo/MLGh0iABEiABEiABEhAHwIUdPq0BUtCAiRAAiRAAiRAAn4RoKDzCxsfIgESIAESIAESIAF9CFDQ6dMWLAkJkAAJkAAJkAAJ+EWAgs4vbHyIBEiABEiABEiABPQhQEGnT1uwJCRAAiRAAiRAAiTgFwEKOr+w8SESIAESIAESIAES0IcABZ0+bcGSkAAJkAAJkAAJkIBfBCjo/MLGh0iABEiABEiABEhAHwIUdPq0BUtCAiRAAiRAAiRAAn4RoKDzCxsfIgESIAESIAESIAF9CFDQ6dMWLAkJkAAJkAAJkAAJ+EWAgs4vbHyIBEiABEiABEiABPQhQEGnT1uwJCRAAiRAAiRAAiTgFwEKOr+w8SESIAESIAESIAES0IcABZ0+bcGSkAAJkAAJkAAJkIBfBCjo/MLGh0iABEiABEiABEhAHwIUdPq0BUtCAiRAAiRAAiRAAn4RoKDzCxsfIgESIAESIAESIAF9CFDQ6dMWLAkJkAAJkAAJkAAJ+EWAgs4vbHyIBEiABEiABEiABPQhQEGnT1uwJCRAAiRAAiRAAiTgFwEKOr+w8SESIAESIAESIAES0IeAUtCFhYWhQIECvMiANqC5DegTSlgStxBg/Oe7j+9/Z9hA7pijFHTSmOLUvMiANqCvDYif8osEAk2A8V9fn2c8ZtuYNqCK/xR0FK4U7g61AZVDB/rlzvRCjwAFHUWDKRr4qa8tqOI/BZ1DX+Z0NH0dzaq2UTl06MkP1jjQBCjoGFusimHMx39bU8V/CjoKOvbQOdQGVA4d6Jc70ws9AhR0/r9kKVDIziobUMV/CjqHvsytMhrmo2+AUjl06MkP1jjQBCjo9PV5xmO2jWkDqvhPQUdBxx46h9qAyqED/XJneqFHgIKOosEUDfzU1xZU8Z+CzqEvczqavo5mVduoHDr05AdrHGgCFHSMLVbFMObjv62p4j8FHQUde+gcagMqhw70y53phR4BCjr/X7IUKGRnlQ2o4j8FnUNf5lYZDfPRN0CpHDr05AdrHGgCFHT6+jzjMdvGtAFV/Kego6BjD51DbUDl0IF+uTO90CNAQUfRYIoGfuprC6r4T0Hn0Jc5HU1fR7OqbVQOHXrygzUONAEKOsYWq2IY8/Hf1lTxn4KOgo49dA61AZVDB/rlzvRCjwAFnf8vWQoUsrPKBlTxn4LOoS9zq4yG+egboFQOHXrygzUONAEKOn19nvGYbWPagCr+U9BR0LGHzqE2oHLoQL/cmV7oEaCgo2gwRQM/9bUFVfynoHPoy5yOpq+jWdU2KocOPfnBGgeaAAUdY4tVMYz5+G9rqvhPQUdBxx46h9qAyqED/XJneqFHgILO/5csBQrZWWUDqvhPQefQl7lVRsN89A1QKocOPfnBGgeaAAWdvj7PeMy2MW1AFf8p6Cjo2EPnUBtQOXSgX+5ML/QIUNBRNJiigZ/62oIq/lPQOfRlTkfT19GsahuVQ4ee/GCNA02Ago6xxaoYxnz8tzVV/Kego6BjD51DbUDl0IF+uTO90CNAQef/S5YCheyssgFV/Kegc+jL3CqjYT76BiiVQ4ee/GCNA02Agk5fn2c8ZtuYNqCK/xR0FHTsoXOoDagcOtAvd6YXegQo6CgaTNHAT31tQRX/Kegc+jKno+nraFa1jcqhQ09+sMaBJkBBx9hiVQxjPv7bmir+U9BR0LGHzqE2oHLoQL/cmV7oEaCg8/8lS4FCdlbZgCr+U9A59GVuldEwH30DlMqhQ09+sMaBJkBBp6/PMx6zbUwbUMV/CjoKOvbQOdQGVA4d6Jc70ws9AhR0FA2maOCnvragiv8UdA59mdPR9HU0q9pG5dChJz9Y40AToKBjbLEqhjEf/21NFf8p6Cjo2EPnUBtQOXSgX+5ML/QIUND5/5KlQCE7q2xAFf8p6Bz6MrfKaJiPvgFK5dChJz9Y40AToKDT1+cZj9k2pg2o4j8FHQUde+gcagMqhw70y53phR4BCjqKBlM08FNfW1DFfwo6h77M6Wj6OppVbaNy6NCTH6xxoAlQ0DG2WBXDmI//tqaK/xR0FHTsoXOoDagcOtAvd6YXegQo6Px/yVKgkJ1VNqCK/xR0Dn2ZW2U0OuZTICwMcoWFFXjsVSCsAMxLxzoEokwqhw49+cEaB5oABR1FSSDiU7DSYPz32qcq/lPQUdBp30MnwuypsF+hYNjTKBgWhqfDwvBUgQIoGFYQBcKeQoGwp7M/vd8/FfY0fhP2K/wm7Gk8FfYUnjLEnfuCtMqhA/1yZ3qhR4CCzn2xIljiyop0Gf/V9qiK/xR0FHQOEHTSI1cABQqEQYy4QMGnEPb0r1Cg4NMoWKAgCshVsCDCCjyFMPmbfF9Q7pMrDGEFCiCswK8QFva09nXNS4BUOXToyQ/WONAEKOjUL9C8+CbvDRxDb4+cL/Ff4v6T4v9Tro//FHQUdM4wchFmchm9br/Gr8N+g9+EyWdBPB1WMLu3rmD23+Vv0jsXhoIF5Bn5/W8RFvZrZ9TVR5ukoAu0lGF6QoCCLnBihMIuQCwZ/3/27lLFfwo6H1+edMwAOaafvH+cM1fgaaMnTkTc0wXCDNHm/duj8slQ7K8KFETBgt6eOzF86ckraMy5e3Sf09tU5dCUJCSQXwIUdO6JEU6PcWb5Gf9/bpOq+E9B56fAMA2Nnz83tGAw8Tq0dJn/BmFh/wcyT04EnSHqRNgVDMPT2devnvL+3nuv9MzJ3DqZbyeLKKwprxX5qBw6vy9zPk8CFHTuiRFWxCEr8mD8/7lNquI/BZ2LXvBWOFZw8sgltGSY1BgqfWTEMnz6h797CkX/+DvUePU/0OqdvyKxQXF08zyPHtEvoW/TlzCgeWkMaVkaQ1q9gh7RJdGq6jMoW/hf8cff/yZ7Vaw3PVPcGUHCyEtWxIpYzFUOzW1D5dCUIySQXwIUdI/iTnDiHdP/Kddccfcx8f/3Zvwv/e854n+pHPH/FSP+D271CrpHl0TLEIz/FHSav7R/avguDATGggURVNnz3Yy5EtKj9hR+WzAMf/v33+Ltl/4TzWq+gJ5ty2JGj8rYMLYW9s2OwenFrXB1ZVvcWdMJ2NgV+DwB2J4M7E4Fdifj1hcdcXptC2yc0AiDO5VHePk/otB//Nbo1ZPeul+LgHtKFlcUxFNhv0ZBQ9TJfLunjNW0sqJWZ/4UdPmVLnxeRYCCTm+/1zkm5blsfsT/9bni/21f4n/Hcggv/z/e+G9se+XO+E9Bp/lLO88O4pj6POVdffpUGMLkMhYuyKKFAvi7Ak+h8L/9DlFVn0O/2DKY2rcyFg+rhdXjamPzxDrYObUBvpwZieNzY3BxUQy+X94cWR+1BD5uA2xqB2zvAOztDByKBU4kAWfTgbOZ+OGrZBz4oCm6Ny6Ov/7ht9n71D2FggVl9ayspBUhJ6thZXhWhF2u/xw1Y0tBp5Ij/F1+CVDQUdAF/72Th/jfJ4Dxf1UTZEr8/7074z8FnWYv6eA7kibBSrYYEfEk24kY34fh1wUL4M//9lvUKfv/0L1taYxLr4DpPd/G/H41sHTQO/hoeC18Mroutk6sjz0zwvHV3EicXxiN75Y1w/1VLYC1rYBP2gJb2gE7OwD7Y4GjCcDXicClVOB6N+BuD+B6Txxa2xZpjV/Ec3/4tXdu3dOy5F32uvuNt6fOWHyhCavH2CgFXX6lC59XEaCg09vvXfGOeEL8r21R/E91Yfx/rKCrUqUK3n77bVSqVAkVK1ZE+fLlUa5cObz55pt4/fXX8eqrr+KVV17Biy++iJIlS6JIkSJ45pln8J//+Z/493//96Be//qv/wq5/uVf/uUn1x/+8Af8/ve/Ny7z+3/+53+Gef3jP/4j5PqHf/gH/P3f/z1+97vf4e/+7u/wf//v/8Vvf/tb/OY3v8GvfvUrY3WkK5zmMUIgWHWTF4GvL4OCT0mvmPSI/R/8Kuwp/Mc//RrlX/4PtA0vgp4d3sCQuDIYm1IWUzLfxow+1bFg0DtYMbQO1o2qj88m1MfuafVwdHYjnJkfjStLmuLOyubAmlbAhnbA5k7A9i7Avi7Aka7AyTjgTLJX1N0QUZcBoDeybvTFmqn1UPOV/8bfFwxDwV95h2Cll05Wynp7DfUN7hR0KjnC3+WXgNiV0+O/vAfMuC+f//RP/2TEfV/iv68xLFhx1KnpCjdf2T02/jfKEf9Tc8f/ugGP/6un1MN7L7sn/j9W0F25cgXffPMNLl26hAsXLuDcuXPGdfr0aXz99dc4efIkjh07hiNHjuDgwYPYt28fvvjiC3z66af45JNPjGvTpk2Qy/zZn08zjZzpbNy4ERs2bMD69euxbt06rF27FqtXr8ZHH32EDz74AKtWrTKuFStWYNmyZViyZAkWLlyIBQsWYO7cuZg9ezZmzpyJadOmYcqUKZg4cSLGjRuHUaNGYejQoejXrx+6deuGxMREJCUlKa/H/U1+n5ycjPbt26NFixZo3rw5mjZtipiYGERFRSEiIgKNGjVC/fr1UbduXdSsWRPVq1fHW2+9ZYjlEiVKoFChQnj22WeNT/k+5/W43z/pGfN5eVauv/3tb/jrX//6k0vEuFx/+tOfjOt///d/Idcf//hH4/rv//5vQ6yLYP+3f/s34xLRLMFSBLKI46efzvvGvb8rWAAv/PkfEFmtEOKjn0e35s+jV9tXMCj2DYxMKYcJmRUwrU8lzB1UAUuHVsOakTWxeXxd7JpSH4dmRODU3ChcWtQYN81h1/VtgU87AVs7A3u6AIe6AsfjgdMpwIUU4Fo6cKsn8KAHgF4ABuDsrvboUOG/8E8igI297kTESQ+iXBR0+RUIfN5ZBOSlLPH/8uXL+Yr//sT73M/kjv8S+38p/q9cuRJySfxfunQpFi9ebMT/+fPnPzb+jx07Vhn/JZ7n9ZJ3Rs7436RJk1+M/9Jx8sYbbyDY8V9ivxn///KXv0AueRc8Lv7/z//8jxH//+u//ovxX7N3gfhp7q/HCrrcN4baz1lZWXj48KHf171793Dnzh3cvn3buG7duoWbN28a1/fffw+5rl+/ju+++w7Xrl3Dt99+awjonOL5/PnzkMsU0+bPvnzKM+Z95vdmOvJ59uxZiDg/deqUIc6PHz+Or776yhDohw8fxpdffokDBw4YQn3Pnj3YtWuXIdi3bNliiHYJqiKmRUQvX74cixYtwuTJkzF8+HBDFIswfvw1HCOHj0HPjCQ0rFEcbRsURnJUSaR4iiMtphi6ty6F/l1ewfCkNzE+vQKm9ayK+X3fwbJBtbBmRG1sGlcH2yfXx4Hp4TgxJxIXFsbgxvJmePhhK2Bd9jy6re2BHV2BffHAkUTvsOuFVOBqGvBDKnCvG5CVafTUAYNw+UAXtH2nKP78v8/hT888gz//+Rk882f5/LO2l8qhQ81PWd/AE6BdAcGK/z/88IMR+x8X/1Xx3ozbZjz35dOM+WZ65qeZlhn/zc6ZnPH/0KFDRvzfv38/9u7di7zG/yFDhvwY+3/+/RAMGTIcIyT+p0v8L6ZX/P9/hbzx/0/P4Jk/6Rv75b2k8lMKusDHQ6boA4F7d25h5fwJSG7xBpI8f0WypzCSPSWRGlUS3Vu+hH6dXsOwxDcxLr0cpvZ8C3P61cDiQTXx4Yg62DC2DrZOrIe90xvh6OxInFsQg2+XNcW9VdnDrhs7AJ91BHZ0BvbFAkfigZMJwLkU4HL2XLrbGdmCrieAPsb14Pup+O7bE7h67TtcvXoN165eNcS2CO5AXiLiTSGfn3RVDu0Det5CAk8kQLt6Ih7+MQAEvPF/on7x/8rxoMf//MT8nM+q/JSCLgDGySTyRuD2retYOmcMEppURHxEcSR7nkVyZBEkRpZESlQJZDR/Hr07lMaQ+DcwOq0MJnWvgJl9qmDhoHexclhNfDy6Dj4bXxe7pzbCkVkenJ4XhW+WNMbtlc2QtaZF9jy6jsD2jt5h14PZw65nk4CLKcD1NOBWBvBAeui6Zw+9irAbBGA1gJt5q5BNd6sc2qaiMFsXEaBduagxNazKo/hfifE/H+2j8lMKunwA5aN5J3Dn5g0snzsSiU1fRXxEUSRHFkeSpxgSI4sjIVI+i6Fbs5Lo1f5lDIx7DSNTy2Ji94qY3rsy5g14D8uG1sSaUbWwaXxd7JjSyNi+5OS8aGP7kh9WNPNuXyLz6DZ3ALZ2AnZ1Br6MBb5KAE4neefRXe0G3MwA7mUCWTKXTsRcbwB9AQwBsDvvFbPhCZVD21AMZukyArQrlzWoRtVxRvzfoxGxxxdF5acUdI/nxb8EmMCD+3ewav5kxMe8isSIZ4yeOUPMeZ5HoqekIeYSI4sgtUkx9GjzAgZ0KY0RyWUwIaMSpvWqbAy7Lh1cEx+NrIWNY+ti6+SG2D/dg2Nzo3F+UYx3+5IPWnrn0X3SHvi8I7CzM3Cg66PtS86nAFfSAFntekeGXaWHzrxkkYSIuukALga49oFPTuXQgc+FKYYaAdpVqLW4NfVl/A8sZ5WfUtAFljFTexyBrCzs27ERme1rID78WWPOXJKnuNEzl+gpgUTje28PXUpMcWS2eh79Or2M4YllMDa9Eib3qIzZfatjicyjG14L68fUxZaJ72PPtHAcmR2DswticHVpU9xZ1RJY2wYQQfdZJ+CLzsDersDheOBEAnA2e/uS79KA2+nAAxFz0kuXni3spKduIIC1AO4/rjZa/F7l0FoUjIVwNAHalaObT8/CG/H/E2R2yBn/vSMzjP/+NZnKTyno/GPJp/JI4NtLZzGiVyt0jSiMJE9hJEWWMObMyTCrOdQqok6+T44uhvQWpdCn40sYEv86RqdVwMTub2Fmn6pYNPBdrBpWE+tkHt2E97FzaiMcmhmN0/OijXl0N1c0R9Zq2Y9Oti/pAGzrBOzuDByMBY7JsGti9rBrGnCzm3fY1RhylWFX6aGTS0TdTADf5LGW1t6ucmhrS8Dc3EiAduXGVrW3Toz/geev8lMKusBzZooKAhs+nIe4xi8iwVPU2ytnzJeTHjpvr1zOz6So4kg3Fka8jEGxrxrz6Cb0eAvTe1fDggHvYbkxj64uPhnfANsnN8LBGdH4em4MLi1sjBvLZPsSOQastfcYsC0dvfPoDsRlD7smATLs+m0a8L1sMpxzHp0p6mTV63AABxQ10edXKofWp3QsiVMJ0K6c2nL6lpvxP/Bto/JTCrrAc2aKuQicPnEIfRIaIsFTJMdcORF2Pxdz5u/SmpREz7Yyj+5VjEgpi/EZFTGtVxXM618DS4e8i9Uj62DjuHrYOknm0UXi2Jzo7GPAmuCBMY9OjgFrB3zeAdjR0TvseiQBOJnoHXa9nAZ81w0wti8xh13NBRIi6AYA+AjA7Vy10edHlUPrUzqWxKkEaFdObTk9y834H5x2UfkpBV1wWDPVbAIPHzzAktkjEBdZGCkRRZDkeR4JUSLmHi/opBcvtXFx9Gz9Avp3Lo2hSWUwNqMCpvSojDl9q2Hx4HfwwQiZR/c+Pp/UALunReDo7CicXRCNb5c0xp1VzQDZvmRjO+CzDt7tS/Z2AQ7GAccTvMeAXUwFrsmwawbwULYvkUsEnVzmsOtEAOe0bUuVQ2tbWBbMMQRoV45pKu0LGoj4P4zxX9nOKj+loFOi4i8DReDKpfMYmBqJhPA/GydBJESaq1kf3zsnYi50OYgAACAASURBVC85uii6t5CFEa9iSEIZjO5WHpNkHl3fqlg4sIaxH53Mo9s8oR52TgnH4VmROD0/BpcXN8ZN2b5kdUvAOAZMti/p4J1HZ2xfIseAZc+ju5LqHXa9L2e7iqCTIVdz2FVEXX8A2wA8DBSOgKajcuiAZsDEQpIA7Sokmz0olb5y6QLjf1DIgidFBIkrk30CgV1bNyKlRXkkhBdBQmQJxEfJoohiSIpUz58zh1yTooohvdnz6NP+NQyOfROjjHNdZR5dFcwfUB3Lh76L1aNq45Px72PblEbYP8ODk/MicXFRNL5f3hQPP2yRPY+uQ/awa2dgv2xfIqdGJD46NcLYvkSOARNRZ/bOmT10MvS6SNuNhvnifYLh8U9+E6Bd+Y2OD+YiwPifC0gAf1T5KXvoAgiYSf2UQNbDh1g+dwziImWfuecRF1kS8VGFINuVPEnQyZCrCLpuTUuid7tXMKjrGxiRXA4TjHl0b2Ne/+pYNqQGPhpZGxvGvY8tkxtg7/QIHJ/rMebRXV/aDPdXtQDWtvZuXyLz6L7o5D014nAccCIROJ3iPTVC5tHdTAMeiqAze+fkU1a6yjUOwNmfVkyTn1QOrUnRWAwHE6BdObjxNCq6Mv5HOzH+6zntRuWnFHQaOYDbinL75g1MG9oFcY0KIUkWQEQ9uVfO7J3zfhZFWuMSxgbD/bu8imFJ5TAuoxKm9HgLc/pWxZJB2fPoxmbPo5sagaOzPDgzLxpXlzTF3ZUtgTWts48Baw9s65B9akQccCwJOJUMnE/1bjL8vbkfnbk4IufQq+xJt0vLplE5tJYFZaEcRYB25ajm0rawgYr/sjCO8f/nzazyUwq6n3PibwJE4MLZkxiSEo748OeeuKI1t5AzBV1KTDFktiyFvp1ewtCEN415dJN7voXZfStj4aDqWDn0PawbZc6ja4TDMz34em4kLi9qjJvLWiDro9bAx229q11l+5KdHYF9scDRROBkknfY9VIqcD09+xiw3ILO7KlbDuBWgKgELhmVQwcudaYUqgRoV6Ha8oGtd6Dif78nxf8f51HnI/7fcE/8p6ALrA0ztRwEDu3bjrSWFZEQUdgQdLK/3E/FW+6FEbLy1Xuv3CcbDGc2L4m+HV7C4PjXMSqtnHGu68zeb2PBABl2fRdrRtbBpnH18cWUhvhS5tHNicLFheYxYK2AdTLs2jbH9iVdcpwakQSIoDO2L8kEHoqgyynqZMhV5tPJsOuZHDXT41u+ePVoB7eVQie7unDhAlauXImWLVuiUaNGCA8Pd8TVpk0bzJkzB1euXHGbefhcHyP+t2L89xlYHm9U+SkFXR4h8nbfCXy5eytSm5dFfISvPXS5BF1kUWQ0LYk+bV/EoK6vYaSxMKIipveqhHn9q2HZkHfwoWxfMvZ9bJ0k8+ga4djsSJxbEJ19DFgL77DrxjbA5vbe7Uv2yKkRMuwq8+iSgAupwNU04FY6cN/cvkREnfTOyaIIEXUy7LoVQJbvlbfgTpVDW5Ats3A5AR3s6t69e9i5cyc8Hg/efvttVK1a1XHXW2+9hfr162PhwoW4f1/vYwSDYdKM/8Gg+ihNlZ9S0D3iw+8CTODIgZ3IaPO2t4cuSo74evzec4967qSHzntfUmQRpDcujl5tXsKAzqUxPLkMxqWXx9SeFTGnXxUsGVQDq4a/ZxwD9vmEetg9tSGOzIzAmfnRuLK4CX6QY8A+auXdvmRTO2Bre2BXJ+CADLvGA18nAOeSvfPofsg+NcLooTN76WTVq4g6uZZqt9pV5dABbkImF4IEdLCrDRs2GD1xVapUQfXq1R17iRCVOowbNw5ZWXr9Qxhs02b8Dy5hlZ9S0AWXeUinfuHs1xicEoF4WRThKY5EjwyxerctSXzstiVFvILOUwJJkUWRGl0cPVq+iH4dSxvz6MZ0K4vJ3ctjVt/KWGTsR/ce1o6qjc3jZD+6hjg8MwKn5kbj0qIY3FjWHFnm9iXGqRHtgR2dgH1ds4dd5dSIFEBOjZB5FHcygAfSS5db0Mmw6yQAF7RqT5VDa1VAFsaRBOy2K+mZi4qKMnrmnCzmzLJXq1btR1HnSIPws9CM/36C8/ExlZ9S0PkIj7flncCN699h3IAOiG34LJIinkeSpwQSI//iFXeR8n3uOXQ5fjbuLY7k6JLIFEHX4RUMiX8To9Nkg+EKmNmnMhYMfAcrhr2HNaNq49Ox9bDTONfVg5Nzo3FhUWN8t6wZ7su5rjKPbmPbHKdGdAUOJQDHZdg1GbiYBlxLB25mAvfN0yJkyFWEnLkn3RAAu/MOIYhPqBw6iNkx6RAhYKddPXjwAIMGDUL58uUd2ytnCrmcn5UrV0bDhg1x+PDhELEiwOr4vyPo8V+v3Q5UfkpBFzLuZX1F7929i5mjMxHbqDCSIkpkC7lnkeSR0yJ8E3RJUSWQ3vx59Gn3MgbFvo5RKWUwMbM8pvd+G/MGVDPOdf1oRG1sHPs+tk9qgH3TwnFstgfnFsbgytKmuL2qObCmJbBB5tG1y96+pBPwZRzwlQy7Zp8acbWbt5fubncgy+yhM7cv6Zs9p06GXfVZ7apyaOtbmTm6jYCddnXq1Ck0adIEIoByCiKnfy+9dDL8OmvWLLeZy2Pr8yj+F2H8fywl//+g8lMKOv958slfICBzRlbNn4i4qBeQGFEEiTLsagy5ipj7hRWv2T100ouX1rQkerV9EQO7vIYRyWUxIUPm0VXCnH5Vvee6Dq+F9aPrYsvEetgztRGOGMeARePyEjkGrCmyVrcA1rcGPm0LbGkP7OwE7I8FjiR4BZ05j84Yds3MHnY1e+qkh07m0InIk9Wu+mwyqXLoX2gS/pkEfpGAnXa1fft2lCtXzlVizhSj0us4YMCAX+TvlhsY/4Pbkio/paALLvOQT/3TtcuR2ORVJHlk7pwIOVnwIGIuD4KuSTH0bPUC+nWWDSbLYEx6WUzuWR6z+lXFokHZ57qOqoPPxtfFzikNcGhGJL6eG2UcA3Z9eVM8+Kg5sK6Vd/sSU9DJfnSH44ETScCZZO88Otm+RFa73pN5dCLozPNdze1LBgHYqc1qV5VDh7zBEUC+CdhpVzt27EDFihVdKegqVKhgDCfnu4EclADjf/AaS+WnFHTB482UAezZ9ilSW5VFQsTfkBQpQ60i6HxY7Zqjh042GO7e6nn07fgKhia8gTFpZbPn0WXvRzf0PaweVQufjKuLLyY3wIHp4Tg+JxLnFkbj6rImuPdBc2BtS2Bja+CztsD2Dt5jwA7GAscSvNuXXEoDZNhVTo24mwlk5eyhM7cwkZ66JdoMu6ocmkZHAvklYKddUdDlt/X0ep7xP3jtofJTCrrg8WbKMkB54ih6da3rFXQeWcGaY+HDk743hmeLQc51TY4uiozmpdCnQ2kMiXsTY1LLYmJG9jy6/tWxdEitH8913TqpoXGu69E5kTizIBrfLGmMO6uaAatlHl32sKscA7a7M/BlV+CoDLsmAedTgG+y59HJaldjk2ERcjmFnV5nu6ocmkZHAvklYKddUdDlt/X0ev7cyWDE/3KM/wBUfkpBp5f9u640169eRv+UJogLl8UQzyIxR8+br+JOzoHtJvPo2ryCQV1kYURZjE+v4J1H17c6lgyuiQ9kHt2YuvhsYn3snhqOg7M8ODU/CpcXN8at5c2QJatdP84+NWJLB+88un3mqRGJwJkUQHrprmUPuxqbDMu8uZwLJETQybDrNi2GXVUO7ToDYoUsJ2CnXVHQWd7cQc3Q+fHf/Ide/rnXP/5T0AXVnJn4vTu3MHFwEmJlDl2kf4JOhmjTmhRHz9YvYUCX1zA86U2Mlf3oelTE7D5VsGjQO1g5rCbWyfYl49/HDjkGbKYHJ+ZG46LsR7e8Ce6vagGsFUHXznsM2PZOwO4uwMH4R8OuF1KAK6nA992Ae7LaVZzZ7KUzHbofgMUAbtveuHa+eG2vPAsQNAJ22hUFXdCa1ZaEGf+Dh13lpxR0wePNlA0CWVg+dwxiZf6cpygSPaV+eUHEz4ZiiyI1pji6t3oR/TuWxrAf59FVzN6PrgaWG/vR1cLGcXWxfXID7JsRARl2PSvHgC1rgrsrs48B29AW2NwB2CaCToZd44GvEoBTcgyYnBohgi7NO4/OGG4VIWde5p50EwF8Y3v7qhza9kKxAI4nYKddUdA53nxyVcCt8f9yrnpa/6PKTynorG+HkMtx0+oFiIt6GQkRsrJVFkb4OI8ux33J0cWR0eIF9O3wMobEv45Rad7tS6b3egvz+tXw7kc3Us51rYOtk+thz7QIHJ4VhTMLYnBliQy7NgfkGLCP2wCbOgBbOgO7ugD744AjicBJcx5dGnC9G3A7I3s/OhFzIuRyirphAA7a3o4qh7a9UCyA4wnYaVcUdI43n59VgPH/Z0gC8guVn1LQBQQtE3kSgcP7tiCtZQUkyNFfxqbC2cd75RBsTxJ5CZHFkBRdDOnNS6JX+xcxKO5VjEwug/EZZTG1l+xHJ/Po3sEHI2pi3Zja+GzC+9g5tREOzozE6XnZx4Atb4YHcgyYcWpEe+CzTsAXnYC9sd5h1+PZ25dcTAWupgE/pAM/zqMzRZ3ZQycbDW8A8PBJ1Q7631QOHfRMmYHrCdhpVxR07jOvI0GJ/2/mKf5fz1P8T3Vs/Kegc5//aFejby+fQq/Y95EQIYLuBd+3LvlR8BVFUtRzSGtaAj3bvoKBXV/FiKQyGJdeHlN6VMLsvtWwaOC7WCXz6EbXwaci6KY0wJczIrOPAYsxjgHzbl/SCtjYzjvsKoJuTxfvqRHHEoFTycCFVOBKWq7tS3IKOtm6RK4Ztg+72vni1c7IWKCAEbDTrijoAtaM2iTE+B+cplD5KQVdcFgz1RwEbt38HiN6tcsechVBJ0OuPuxF96Ogk/uLILVJcfRo/TIGdHwNwxPKYEy3cpiUKfPoqmLBwBpYMVTOda2DTePeN/aj2z8jEl/Nica5BVG4urRp9vYlzYH1bYBP22cfA9YZOBALHM0edj2Xvdr1evbZrg9yrnI1e+hktdMI24ddVQ6dAzu/JQG/CNhpVxR0fjWZ1g8x/geneVR+SkEXHNZMNQeBBw/uY8HUAYiPKGUsikiSxRF5FnTFkBJTHJktX0C/DqUxNO5NjE4rh4ndK2B678qYP6A6lg15B6tHyrmudbFNjgGbHmEcA3ZmfjS+WdwEt1Y0w8OPWmTPo2sPyPYlOzoD+7oCR+KB4wnAGVkckeLdZPiHDO+pEVnm/Dmzp04++wPYCOB+jppa+63Koa0tAXNzIwE77YqCzn0W5d74L9Nu9Ir/FHTu8x8ta7Ru+TTEe0ohIbI4kowNhvPaQ1cMSVHFkN6sFHrLPLqu2fvRZch+dG9jbr+qWJo9j+7j0XXw2cR62Dk1HIdmenBqXmT29iVN8UBOjZB5dJ+0925fYg67Hop7tH3JeXPYtRtwJxN4mHsvInORxBwA39nG284Xr22VZsZBJ2CnXVHQBb15bcmA8T/w2FV+SkEXeM5MUUFg92drkNL0TcR7iiDJ81wee+iKGxsSi6Dr1ux59Gr3EgZ2LY2RyW9iXEZ5TOn5NmZnn+u6ath7WDe6NjZPeB9fTGmEA8Z+dJE4vzAGV5c1xd1VzYE1rYGN7YHNHYHtnYHdXb3bl8gxYF8nAueSgW/SADnb9cdTI8w96UTMyRw66aUbaeuwq8qhFej5KxLIEwE77YqCLk9N5ZibGf8D31QqP6WgCzxnpqggcOrIXmS2q4q4iOeQ5CmEpDwNuYqgK4WkyOJIa1LCu8Fwp1cwXPajy95geGbfylgwsCpWDKmBNXKu6/j3sc3Yj86DY3OiH21fsqIZsla3Bta3zZ5H1xHY1QnYnz3seiIBOJsIXEr1nhpxMwO4L/PozGFXEXSyubB8yrDrGgAPFDUO/q9UDh38XJmD2wnYaVcUdO60rkDE/0TG/58Yh8pPKeh+gog/BIvApbOn0Te2IWLD/4rEyMJ53FzYOzybFFUcKTEljA2G+3UqjSEJr2NM6puYlFkBM3u/jfkDqnnn0Y2ojQ1j62HLxEbYMy0SR2dHGduXXF7SGN+vaI6H5jFgm9oCW9oDO2T7kq6ADLsejwdOyzy6NODbbtmrXc2FESLiZEGEbFsiAk++n2nbsKvKoYPVfkw3dAjYaVcUdO60M8b/wLeryk8p6ALPmSkqCHx//RomDIhFbIQIOhFossmwrxsMy/2yd10xJEeXQEaLUujT4SUMin8dI1PKYXxGJUzr5Z1Ht2RwDXw44j18PPY9bJ5QF7um1sehWY3w9bxIXFgUjWvLm+PeB62Bde2BjR2AzzoD27I3GT7QFfgqFjgV7z014tuU7FMjMoCHGTnOdRUhZw69ymrXLxU1Dv6vVA4d/FyZg9sJ2GlXFHTutC594n+zX4j/XR0d/yno3Ok/2tXqwb17WDi5P7qEP+unoHvUS5ferCR6t30BA2NfxbCU8hibUQlTer2F2X3fxuJB1bBqWC2sG9UAn45vgJ1TGuHLWR6cnBeFS4uicGN5DO7LBsPr2wGbOgGfd/HOo9vTGTgY610YcVLm0aUAl1O98+hu5Rx2NcWcCDrpqZPrA1s2GbbzxaudgbFAASNgp11R0AWsGbVKKOjxvyfjvzQ4BZ1WZu/uwqxdNg1dPSWQ6JHeubz00P20J6+bMY/uefTv8iqGJZXB2PRymNq9PGb3roSFA6piuexHN7IuNo5vhM8nR2LbVI9xcsS+GZE4ODsGB2ZFYf/0Btg/vS5OLmqMKx+1xs1P2+Pets7I2iNHgaUAp7p5Nxm+mgrc6AbcTc9e7SqCThZImD10skBiOoBvLW88O1+8lleWGVpGwE67oqCzrJktz8ia+F9NGf93TG2EH+P/zCjsmybxv47r4j8FneVmHboZ7t62DqktyyChUTEkRZbIw5BrTkFXFKmNi6NHq+fRr9PLGBr/OsaklcPk7hUxs3dVzB1QCwsG18H8gTUwo0dFTEh+HSO7vIIhbV7AoDYvo3/bl9C79Qvo2bIk+rYthVEJZTC9RxUsGlQDHw6vga2T6+CrRY1wZX1LPDgYB1zqBvzQHbifDmSlA8jMIejMXrpRAA5Y3rB2vngtrywztIyAnXZFQWdZM1uekR3xf3zO+N/6JSP+98oV/6f1qIyFLon/FHSWm3XoZnj8yG706FgN8Y1k+NR/QZcSUxTdm5dEnw4vY1B8GYxMrYgx3d7CyJQKGNL1VfRuUxIZjYsgJepZJEUWQkJEEcR5ihsrbOPDCyHO8xwSogsjo+Xz6NPxFWNxxai0spjUvZKxn92KIdWxYUwt7J1eD5dWNMW9rR2A08nALbNnTnrpZFGE/CzfD8he7XrH0sa188VraUWZmaUE7LQrCjpLm9rSzIIS/xPKPor/yRUwpEuA4v/oXPFfjoW8JYvj5J94feM/BZ2lJh3amV04/zUGpkUjrpF3gYPviyKkh65U9jBtUSRHF0N6ixfRs/3r6NXpNfRo+zIympdESpR3S5TEiKJI8Ji9esURH1XMuBKiZPuTkkjwFEdydFHjmT7tpZfvNYzN7uWTeXhLh1QzTpzYPL4+dk9tiBNzGuH6skhkbW0HXOgG3BeHNveiE2En25jI2a6XLG1gO1+8llaUmVlKwE67oqCztKktzcw18f+evvGfgs5Skw7tzH74/homDo1HXCPZtsS7yMFnUSdz73LMu0ttXAppTZ9HcsxzSPD8FQkeSVNEnMzN86X3rzC6NSmGXm1exKDY1zAqpQwmZJbHjN5vYdGgqvhwRE18MrY+dk4Jx8HZUTi/sDHuLIsB1jcDZDXsNRl6Nf9bE3E3zPJNhu188Ya2Jbu79nbaFQWde23LNfFf9izVNP5T0LnXf7Sr2cOH9zF7Yh/ERjzahsRnQafc4qQokoztTPzp8XsOqY2LokerFzGg06sYkVQG49LLY1qvSsYGxSuHvYv1o+ti26QGxmkTp+c3wfWlzZElZ8HKpsQ7uwByRNgDc8NhWe263tKz/ex88WpnXCxQwAjYaVcUdAFrRu0SckP8N84C1zj+U9BpZ/buLtBHS6cjIeolJHjy2EOnEnSyWtZTyhhGzdl756tITIksjO4tSqF/h9IYlvAmxnQrh8k9KmJO/8rGBsVrR9fEZxPrYPeMhjg+LxpXljTzbnmyoQ3wWUdgd0fgTFfgvsylE0EnmwxfsawB7XzxWlZJZmQ5ATvtioLO8ua2NMOPls5g/A8QcZWfUtAFCC6T8Y3Azs8/RnKzN5DgyWuvmtyfUwR658N5t0Ax58s9+TPJI6trH92THPUc0puWQJ92L2Nw3BsYnVreOHViVh/Zz+4dfDhSjhCrgx1T6+GrOZG4tKgxbq5sBqxrDWyWXroOwJddgYtmT91wAId8AxGAu1QOHYBkmUSIE7DTrijo3G18jP+Ba1+Vn1LQBY4vU/KBwNdypmv7qoiPyIugEyFX6MfTIoweOE/J7Llyko5vaYmgS/5xsYQIu+eQFlMMPVu/gIFdXsPI5LKYkFEOM3pVwsKB1bFquPcIse2T6+PIzAicmx+DG8ua4OHqZsAn7YFtXYH9scCJWOBaMvBQ5tRtsmyTYZVD+9AEvIUEnkjATruioHti0zj+j3rF/8Kui/8UdI53EWdV4PrVyxjSLQbxEeYihkc9Zk8eKs3ZO5fzmcf9Puc9P//eHPJNjimBzFYvon/n0hiW9CbGpZfF1J4VMLd/NawY9h7WjX4fn09sgP0zwo3jw75d2hj3P2gBbGgHbOkC7OkCHIkHzicDt9Oyh12vWdIodr54LakgM7GFgJ12RUFnS5NblqnE/6GM/wHhrfJTCrqAoGUivhJ4eO8Oxg/oirhw/4TYk0Xfz4XbL92fFFUc6XI2bMeXMEQ2Ke5WBpN7lsPsflWwdPA7xvYlm8bXx66pDXF8dgQuLo7BbWPYtQ2wuSOwM/vIsNNJ3l66B0MAfOUrjnzdp3LofCXIh0kAgJ12RUHnbhN0f/wfbGv8p6Bzt//oV7usLCyaPhzxkTJkar+oS4oqim5yNmy7FzEw9jWMTC2DCd3LYUbv7Hl0I2ph49j38cWU+jgyKxznFkbjxvKmyFrTGtjUHtjeCZBl7HL+6zfSS5cBYB2AB0Fnb+eLN+iVYwa2EbDTrijobGt2azIOifi/1rb4T0FnjRkzlxwEtm1chaSY0n4e/ZX3Xrhf6qVLjSmOHm1eQv8ur2FE0psYn1EOU3u9jQUDamDl0Fr4eHQ9bJ3UAF/OCMfp+VGQYdcHH7byDrtu7Qjs6QwcSwLOpwHfpwFZ0wBczVHj4Hxr54s3ODViqjoQsNOuKOh0sIDglsEp8X++A+M/BV1wbZepKwh8dWAnUpqWQVJUMSRF+bIJcOBFXE6RJydPZLR4AX07voqhCW9ibLeymNxTjgGrhmVD3sOaUXXw2fh62Ds1HCdkteviGNySeXQfy2rXdsCuTsDhROBMKvBtKnBPut2/VNQ8sL+y88Ub2JowNZ0I2GlXFHQ6WUJwysL4HxiuKj+loAsMW6aSBwKXzp1Gn661kRBRCIlRMuwqpzuIaLNnCDYpqgjSm5VCr/YvY3C8bF9SDpMyK2JWnypYPOhdfDi8Nj4ZWxc7pzTA0VkenF0QievLm+LhmlbAJ22B7R2BA/HAySTgcgJwW878k02GgzvsqnLoPDQDbyUBJQE77YqCTtkkrvqlN/7XYfzPZ6uq/JSCLp9Q+XjeCdy4/h2GZ7ZEYiM5sqsQEiJfQJKnKBJ83H4kZ+9aYL4vjLTGxdGzzSsY1OUNjEougwnp5TGj11tYMOAdrBhWCx+PqYutk+rjwIwInJofhatLm+L+RzLs2gb4vD2wNw44mgxcigdupAEP5WzX4K52VTl03luDT5DATwnYaVcUdD9tCzf+5I3/rRj/89m4Kj+loMsnVD6edwJ3bt/CpCFJiA//m7G/3CNBl7O3LrjDrD8Vgs8hNboousv2JZ1exfDENzGuWzlM7VkJ8/pVx7IhNbFudG18NrEu9k5riBNzI/HNksa4s6o5sK5V9rBrF+BgPHA6GbiSCtwP/monlUPnvTX4BAn8lICddkVB99O2cONP7o3/cbni/9GgNp/KTynogoqciasIPHz4ACvmjkGCDLNGFUZCZKnsHjoZejWHX60TdAme55AcXRgZzZ9Hnw6lMUSGXdPKYUqPSpjVtyqWDH4XH42siU/H1TG2Lzk624MLi2Lww4pmwJqWwKY2wBcy7NoFOJECXEwC7spxYLtV1Q/Y71QOHbDEmVDIErDTrijo3G92jP+BaWOVn1LQBYYtU8kjgc3rFiMu6gVjmDUhsiSSPCLsZIGE9YIuMbIw5Biwbk1Lolf7VzAo9nWMTC2HCZmVMKN3VSwc+C5WyfYlY+pi++QG+HKmB6cXxODa8qZ48JFsMtwWkNWu+2KBY3HA+XjgZm8KujzaBG/Xg4DqRWFVySjorCJtbz6M//nnr/JTCrr8c2UKfhDYv2Mzkpu9ibiI55AQWRxJHvm0T9AlRj6L1MbF0KPNixjQ5VUMTy6DcekVMK1nZczvL/Po3sPHY2pjy8R62DstHMfnRRnDrndXNQM+bgV83gHY1QU43BU4JZsM9wQebgWQ5Qcd3x5RObRvT/IuEng8ATvtioLu8e3ipr8w/ue/NVV+SkGXf65MwQ8CZ04dRZ+4muga/qzRK2evoJOzYAshJaYoMluWQr+OpTE0oQzGditvDLt6ty95B2tG1cLmCe9j19QGODonEhcXxeDWiibA2hbAp+2BLzoBB+Rs1xTgm3TgQXBXuqoc2o+m4CMk8BMCdtoVBd1PmsK1P5xl/M9326r8lIIu31iZgD8Erl65gKHdoxDbqBCSPTLM+hwSPTb10EV5h3llX7yM5qXQt/0rGBL3OkanlcXEHhUwU7YvGfwOPjROjaiHL6Y0xKFZkTizMAbXlzVF1uqWwMZ2wNbOwF4Zdo0HLmYCuaqgjwAAIABJREFU9z9jD50/xsFnbCWgelFYVSAKOqtI25uPxP9hjP/5agSVn1LQ5QspH/aXwO2b32P66GTEhhdBksfbQ5ZoCDs75tB5F2CIoOvWtBR6t3kJg7q8hlEpZTEhszym934bCwdWx6rh72G9uX3JzEicnBeNK0ua4L4x7NoO+LwzsDsWOBIPnOsN3D/kLx6fnlM5tE8P8iYSeAIBO+2Kgu4JDeOiPzH+578xVX5KQZd/rkzBDwJZDx/gwwXjERf5PBI8sn1JYS2OAkuNKYEexvYlpTE86U2MSy+PKXJqRP+qWD70HawdVdsYdt0zLQLH50ThkjHs2hRY28Y77Loje9j17DDg4SU/yPj+iMqhfX+ad5KAmoCddkVBp24Tt/3W8fF/qp7xn4LObZ7ioPpsWb8KyU3eQILnr9liTodjwIojs8UL6NfxVQxJlO1LymNy97cwu28V7/YlI+rgk3H1sGNKOI7Misb5hdH4YXkzYHUrYGNr72rXvV2ACzOBrJtBbQ07X7xBrRgTt5WAnXZFQWdr01uaOeN//nCr/JSCLn9M+XQ+CBw7sBc9O9RAfMQz2duVaCDoooojQ4Zd276MwbFvYGRqeWP7kpm9K2PRwBr4YFhNbBhTF9smN8SBGR6cmheJa4sb476c7Srbl2zuCOxNAL77JKjz5wS7yqHz0Rx8lAQMAnbaFQVd6BjhVzrH/3aP4v/EzErIe/zfaEv8p6ALHf/RrqaXzp3BgMSGiAv/c/aCiJIaDLsWQWrjEujR+iUM6PoahqeUw7j0ipjWsxIW9K+GFUNrYt2o+vh8Qn3sm9YQX8/x4JtFjXH7g5bI+rgNsLkDcGggcP900Hnb+eINeuWYgW0E7LQrCjrbmt3yjC+dzRH/jS2rNI//A/SP/xR0lpsxMzQJfH/9O4zp1xHxEX9BsqcYZIPhnx7JZd1pEY/yLYzkmCLIbPU8+nYujWGJZTG2W0VM6VERc/rJsOt7+GhkA3w6vh52Ta2Hr2ZH4vzCZvh+RQs8XNMC2NQJOLcSwAOzmkH7tPPFG7RKMWHbCdhpVxR0tje/ZQVg/M8fapWfUtDljymfzgeBrAf3MW/yQMR5nkOSpxASomRhhJznaoeQe5RnUlRhpLcohT4dXvYeA5ZaHpMzy2N2n7exeNA7+GBELXw8vjY+n1If+2dF4/T85ri6rBnufdAM2NIHuHMmH1R8f1Tl0L4/zTtJQE3ATruioFO3iRt/68r4/7nE/+CPzog9qPyUgs6NnuKgOq3/YB5iY15GgucvkNMadBB0sideWtOS6N3mZQzs+jpGJpvbl1TCfOl2H/YO1o2pg08n1cee6eE4OdeDbxdH4taq9nh4Yi2Ah5a0gMqhLcmYmbiagJ12RUHnatP6WeXWr3Jb/F9ja/ynoPuZifEXVhI4c/Io0jvWQVzE35DokR46+/ah8/YMSg9hEaQ0Lo6esn1J51cxPLEMxqeXw9QeFTC3X1UsG/Iu1o6si83j38fuqXVxZE4DnFvUHLd2TQTuXrMMn50vXssqyYwsJ2CnXVHQWd7ctmZ45sQRpHdwSfzfaX/8107QXb16FSdPngyZ6+uvv8YvXcLDvCfn9zl/ZzL75ptvkJUVvPNDA+39Dx/cx9wJ/RAbUQT2bSwsQlI2NzaHXYsiOboYMls+7z0GLO51jE0rawy7zupbGYsG18CHI2pj09ja2DG5DvbMjMbp1b3w8NqxQON5Ynp2vnifWDD+0dEE7LQrCjpHm06eC2/E//H9s+O/xF87/qHPe/z/SNP4r5Wgu3//PkaNGoV3330XtWrVsu2qU6cOrLrq1q0Lfy8pozwrn7Vr1zZ49ezZE/fu3cuzY9n5wMkje5HRvjriIooiwRBV0ksmW5hYtY1J7rl7RWGcGtG8JHrLMWCxb2BMahlMyiiHGb2rYN7gGlgxvCY2jqmLz8Y3wL7Fqbh5dkfQl6nnbiM7X7y5y8Kf3UPATruioHOPHflak5NH9rgg/n+hRfzXStBJ71zHjh1Rvnx5VKpUyZbrrbfewttvv+3Iq2LFioiNjcXdu3d99SUt7rt37w7mTemPTp5SxgIJo7fMU8y+s10jiyEpqjjSmpZAz7YvYGCX17zz6DIqYWqvapg7oIaxfcmakXWwdVYcrp8UMWf9l50vXutryxytImCnXVHQWdXK+uRz7+4dzJs8wMHxX8Sc9V8qP9VK0B0/fhw1a9Y0hJwIKzsuEXOVK1d25CUiOD4+3nGCTlzhwuljGN2nM+Jl6xJPISRFFEKyrH61bdVrUaTFFEbPVqXQr/PrGJJUDqPTK2JSz7cwp99bWDLgXWyYFotvjm+3/D8zM3SoHNr8Gz9JwF8CdtoVBZ2/rebs586fOobRfSX+l3BG/B8o8b+rdvFfK0G3a9cuVKlShYLOT0EpAlh66O7cueNI7z5z8iAGJDZCXHhJJEUWQXLEs0j0PIfEKHNum7WfKVHFkNn8RfTu8DoGJ7yOMWlvYFL3NzG9VxWsmBCLC1/ttJWznS9eWyvOzINKwE67oqALatNqnfiZE4ccE/+XT4jF+aPWT7PJ2YAqP9VK0H344YdGz5gdPXNmnk7uoZM6dO7cGbdv387Z7g76Pgtb169Acqv30LXR88aq16TIQsZ8tkcLFqwTdUlRpZDe7EX0bv8iBsW+gmGJZTAuozo+ntsP35w5YjtXlUPbXigWwPEE7LQrCjrHm08+KpCFLRtWILmlxP9S2sb/dXP7ahv/tRF0sjJz9OjRqFChgi1DrW4QdDLk2qFDB9y4cSMfTmXvow/u38Mna5ehb4IH8Z5SSAj6ViZP2si4BNKalECPNiXRt/NrGNOrMTatmozbN67YCyk7dztfvFoAYCGCQsBOu6KgC0qTOibRB/fvYlN2/I/TKf53kvgfg00rp+D2dX3jvzaCTlZm9ujRw1gQYYorOz6d2kMnQ9XCq3Xr1rhyRQ+D8zeKZD18gK+PfYkZozKQ0rQsEjxFkBD5nLGkPclY+SpL2+XnQtkbEcsqVflZLq9Ak9WyuS9jWxSPHC8mz8t9cv/fkBBlnlIhJ1YURtKPCzKkd/A5pLYqi/mTe+LMsX14cE+f4Ww7X7z+ti2f05+AnXZFQae/fQS7hBL/TxnxP9PW+O8dHfLG/3mTeuL0V/rHf20E3bVr19CpUyeUK1fO1h46py6IkHKLGG3WrBnOnz8fbJ+zJP07t25gzeKpyGhTFfERxRAfXgiJHjlNogjio4ohQcSZR7Y2EXGW3dNm/K4kkj0lkGRcxY1P+fmRiJM950TUyQRcGdqVdIp7F2FEFEJc+LPGFiqpzctiVK822L5xBW7f0q/X084XryUGwExsIWCnXVHQ2dLkWmZ659b3WLtE4n81W+J/SrMyGNmzDbZ/sgK3bzoj/msj6GST3EaNGhlDrjJ0yN65vK+0FWaRkZE4ceKElg7qT6Ee3r+LI/t3YOHkIegTXx9x0c8jttGzSIgoiiRTjBlirgiSPCLeZO6FfBZGUuRzSJY5eLJqVhZXRMqqWfmUHr3i2UJO7i+GhPDnENuwGGIjX0X3Du9h5qh07Nu2CT9cv+pPsS15xs4XryUVZCa2ELDTrijobGlybTOV+H90/w4skPgfVx9xUfmJ/4V8iv+ZHd7DjNHp2Ltd4r91J//ktRFUfqqNoNu9e7exOa5dYk7EkFOHW81eRSm/bDK8d+/evNqG9vc/lG74k0ewevlMjMhoY3TFx4UXQ3xEUcSLWPM8a4i2ZE8RJEUWR4K5KXFUESR4ZMNiEXDSCydiT54pjPiI5xAbXgixUaXQvWN1TBjYBWuXzcCJw/tx784t7ZmoHFr7QrOA2hOw064o6LQ3D1sK6I3/R7F6+SwMzwx0/C+JzI7VMX5AVyP+Hz98APduOzP+ayPoVq5ciWrVqkE2x7VL1LlB0AnDrVu32uJ0VmV67ZvL2L/rM3y0eCLG9GyHzA7vIql5OXSNfAVdI15GbPgLiAsvYQzRJjT6G+JEtEUUQ2xEcXSNLIa4mJeR2roy+iV6sHBCb2zdsBxfHzuIH27If2POOTbNzhevVW3NfKwnYKddUdBZ395Oy/GqGf+XTMToXu2QYcT/8ugS+TK6PCH+d/1J/K+CfgkeLDDj//FD+P7Gd46P/9oIunHjxtkq5tzSQyeC7tNPP3Waj/pd3nu3fsDVS2dweP82bN34ATZ+uAgfLJqCOZP7Y0z/zhjZszWmj0jD0jkjsWHlLHz28VLs3rYeZ78+gpvXr0L+83Pql50vXqcyY7l/mYCddkVB98vtwzseEbh7+ya+vXQWR/Zvw7aNH+CTjxbhw0VTMHdyf4yW+N+rNaaNTMOyOSOxfuUsfC7xf/t6nDPj/wN3xX8tBJ1shNuvXz9uWeLnhsI5h1xF0G3YsOGRxYfod1lZD3H/3l3IsTIP7zvrbFtfm8zOF6+vZeR9ziNgp11R0DnPXnQscdZDif/3jFOTHt6/r2MR810mlZ9qIeguX778szNc7VgUYQojp37KkHHVqlWxZs2afBsLE9CfgMqh9S81S6g7ATvtioJOd+tg+XQhoPJTLQTd0aNH4fF4bN+DzqlCziy3KehkPiK/3E9A5dDurzVrGGwCdtoVBV2wW5fpu4WAyk+1EHQyib9u3boUdPkcchVhJxsML1682C02y3o8gYDKoZ9wO/9EAj4RsNOuKOh8aiLeRAJQ+akWgm7JkiXGGa6ywtWOoVYzT7Ony+mfc+fOpbmHAAGVQ4dAtVnFIBOw064o6ILcuEzeNQRUfmq7oJMzXCdNmmT0ztm1XYnbBN3UqVMhXPnlbgIqh3Z3jVk7KwjYaVcUdFa0MPNwAwGVn9ou6GSF65AhQ2w9IcJNgk7m0Y0cORIPHz50g82yDk8goHLoJ9zOP5GATwTstCsKOp+aiDeRgJ5DrnKGa3x8vO3z50TUOX2oVcovvZw9evTAAwfvr0Nf9Y2AnS9e30rIu5xIwE67oqBzosWwzHYQUPmp7T10Z8+eNQ6UL1eunK3z59wi6GQeYnJysrH/jh1GxjytI6ByaOtyZ05uJWCnXVHQudWqWK9AE1D5qe2C7tChQwgPD7d9U2E3CbqkpCTcvn070PbD9DQjoHJozYrI4jiQgJ12RUHnQINhkW0hoPJT2wXd5s2bfzzD1ZzLZtenG4ZcpYdOhrB/+OEHW4yMmVpHQOXQ1uXOnNxKwE67oqBzq1WxXoEmoPJT2wWd7JkmAs7uFa5u6qHr2rUrvvtODhrml5sJqBzazfVl3awhYKddUdBZ08bMxfkEVH5qq6CTlZjDhg2D9CrZvQedWwSdCONOnTrh22+/db7FsgZPJKBy6Cc+wD+SgA8E7LQrCjofGoi3kACg3yrXW7duGWe46iDm3CLohGXbtm1x4cIFGr3LCdj54nU52pCunp12RUEX0qbHyueBgMpPbe2hu3z5Mho3bqxF75zs3+aWOXQtW7bE6dOn82AavNWJBFQO7cR6sMx6EbDTrijo9LIFlkZfAio/tVXQHThwAHXq1KGgC8AZrqYYlSHXJk2a4NixY/paIksWEAIqhw5IwkwkpAnYaVcUdCFteqx8Hgio/NRWQbdu3TpjMYQME3JRROWA9BAKx0aNGmHv3r15MA3e6kQCKod2Yj1YZr0I2GlXFHR62QJLoy8BlZ/aKujmzZunxZFfMn/OLXPoRNBJr+cXX3yhryWyZAEhoHLogCTMREKagJ12RUEX0qbHyueBgMpPbRN0ssJ1wIABPx75JXPYTGFlx6db5tCJoKtbty62bNmSB9PgrU4koHJoJ9aDZdaLgJ12RUGnly2wNPoSUPmpbYJOVrjGxcX9KOjsHnI156A5/VPEcO3atSEbNvPL3QRUDu3uGrN2VhCw064o6KxoYebhBgIqP7VN0F28eBFt2rQxhlyld4yCLjBz6ETQ1axZExs3bnSDzbIOTyCgcugn3M4/kYBPBOy0Kwo6n5qIN5GAXvvQ7d+/Hw0aNNDiDFcRQU7vmTPLL3V59913sXbtWpq8ywnY+eJ1OdqQrp6ddkVBF9Kmx8rngYDKT23roZMeJBEe3FQ4MD1zOQVdjRo1sGrVqjyYBm91IgGVQzuxHiyzXgTstCsKOr1sgaXRl4DKT20TdLLCtUqVKhR0AdyDTkSd9NBVq1YNS5Ys0dcSWbKAEFA5dEASZiIhTcBOu6KgC2nTY+XzQEDlp7YIugcPHqBfv34oV66crStbRfzI5ZYVriLopC4ilGfNmpUH0+CtTiSgcmgn1oNl1ouAnXZFQaeXLbA0+hJQ+aktgu7GjRtITExE2bJlKegC3ENnLjAZNWqUvpbIkgWEgMqhA5IwEwlpAnbaFQVdSJseK58HAio/tUXQnTp1CnLeaPny5SnogiDoKlSogEGDBkF6QvnlXgIqh3ZvbVkzqwjYaVeyIbq8F6pXr+66S+LywIEDrWpG5uNyAio/tUXQ7dq1y9j8VgzcHPa089NNQ64y7CpcZdPme/fuudykQ7t6KocObSKsfSAI2GlXX375pbGPZtWqVV0l6GRes7xnxo4dG4gmYhokoM+2JRs2bDBWuFLQBXaFq7nSVbj26dMHsnkzv9xLwM4Xr3upsmZ22tW3336Lrl27GvuSuqmXTgSd7D7wwQcf0MBIICAEVH5qSw/dnDlzjP9W7N5M2OwVdGMPXffu3fH9998HxHCYiJ4EVA6tZ0lZKicRsNuuli5dauwLKiLILaJO3jHx8fGcBuMkR9C8rCo/tVzQyTDgsGHDjBWuugg6s2fLLZ+yt19aWhquXbumuUmyePkhoHLo/KTHZ0lACNhtV/KOSE9PN94RbhB0IuYaNmyIEydO0MBIIGAEVH5quaC7efMmMjIytFkQIb10bhFyZj1E0Ml/g5cvXw6Y8TAh/QioHFq/UrJETiOgg119/fXXGD9+vDHHWubTSW+dEy+JxR07dsTOnTudZgYsr+YEVH5quaD75ptv0KxZM22O/HKroOvUqRPOnz+vuUmyePkhoHLo/KTHZ0lACOhiV7JKXzZIl/fFO++8Y8y7ltOFnHC99957eP/99zFixAhcv36dhkUCASeg8lPLBd2xY8eMM1x1OfLLrYKuRYsWOHnyZMCNiAnqQ0Dl0PqUjiVxKgEd7Wrbtm1Ys2YN1q1bZ8klZ2H7kpfcl/te+Vm2X7l//75TTYDldgABlZ9aLug2b94M+e+Fgi44K1xl2FXYRkRE4NChQw4wSxbRXwIqh/Y3LT5HAiYB2pVJgp8koC8BlZ9aLuhmzJihlZhz2wpXEXSy2EQm4R48eFBfa2TJ8k1A5dD5TpQJhDwB2lXImwABOICAyk8tFXQPHz7E4MGDjflzIjp0WOXqRkEnPXQNGjSgoHOAU+aniCqHzk96fJYEhADtinZAAvoTUPmppYJOVrjGxsZqtSDCrYKuXr162Ldvn/5WyRL6TUDl0H4nxgdJIJsA7YqmQAL6E1D5qaWC7tKlSwgPD/9R0ImYkkUJuXvqzN/L31RXzvtzfp/z3ty/z/lzzu+fJOjkb+bfze/z+yllzJlGzjKbf8v5mfvv5s9SB7Me0iOX8ypXrpyxKmz9+vX6WyVL6DcBlUP7nRgfJIFsArQrmgIJ6E9A5aeWCjqZpF+7du0fhUhucZJTpJjfy6eIFfPT/N78uylkcv5sfp/zU/KSn+VTBJWZt3wv886qVKnys/3oZP8j80xBObbFXDovizpq1qxpXFKfnFedOnWMc2rr1q0L+V4uWb5ev359YxhU5rbJgoXIyEjExMQYV+PGjdG0aVNjeb6sTm3ZsiVatWqFNm3aGFfbtm3Rrl07tG/fHh06dDD2NerSpYux11xycjJSU1ONvf169OiBXr16oWfPnhg+fDhkRTG/3EtA5dDurS1rZhUB2pVVpJkPCfhPQOWnlgo6Wc4tAkp6kMqXL298li1b1vhehFlu0WX2ZMnvRXSZ4kolrGrVqmUIK1NAmSJKegQ9Hg+ioqIM8dSkSRNDODVv3twQTiKaTLEkG0B27tzZOEtQzhOUzXkTExORlJSElJQU4/SFbt26GbuYZ2ZmQo7XEhElAkrOTh0wYAAGDRqEoUOHYuTIkRg9ejTGjBljbJA5YcIETJo0CVOmTMG0adMgi0NmzZqFuXPnYtGiRVi5ciVWr14N6VXbtGkTPv/8c2Pp+549e7B//35jPpwI4sOHDxvX8ePHce7cOci+ft99951xbuudO3cgu6zLJXs48cvdBFQO7e4as3ZWEKBdWUGZeZBA/gio/NRSQSf7CImwko0i5TJFlfRASc+TiCmZY2cKKel9EiFliik5YULEU79+/X4mnMaNG4eJEyf+RDDNnDkTs2fPhpwdK8Jp/vz5WLBgARYuXGiIqMWLFxsbVy5btgyrVq0yBNXHH3+MDRs2GKJKtljZsmULtm/fjh07dmD37t3Yu3evMTftyy+/NLYFEYF15MgRozfs1KlTOHPmDC5cuGAIratXrxqbSv7www+4ffs27t69awitrKys/LUknyYBTl6nDQSJgOpFEaSsmCwJkICfBFR+aqmgk54kGQYU4SNHu5iX/Hz69OmfXCKM5HfymfOSXik5AeHixYvG0VbSQ3XlyhWIeJL0ZVfuGzduGAfTi5CShRgipqT3SgSV9F7Jho/SgyWrbs1PEVkUWn5aFh+zhYDKoW0pCDN1FQHalauak5VxKQGVn1oq6FzKldUiAVsIqBzaloIwU1cRoF25qjlZGZcSUPkpBZ1LG5vVcj8BlUO7v9asYbAJ0K6CTZjpk0D+Caj8lIIu/1yZAgnYQkDl0LYUhJm6igDtylXNycq4lIDKTynoXNrYrJb7Cagc2v21Zg2DTYB2FWzCTJ8E8k9A5acUdPnnyhRIwBYCKoe2pSDM1FUEaFeuak5WxqUEVH5KQefSxma13E9A5dDurzVrGGwCtKtgE2b6JJB/Aio/paDLP1emQAK2EFA5tC0FYaauIkC7clVzsjIuJaDyUwo6lzY2q+V+AiqHdn+tWcNgE6BdBZsw0yeB/BNQ+SkFXf65MgUSsIWAyqFtKQgzdRUB2pWrmpOVcSkBlZ9S0Lm0sVkt9xNQObT7a80aBpsA7SrYhJk+CeSfgMpPKejyz5UpkIAtBFQObUtBmKmrCNCuXNWcrIxLCaj8lILOpY3NarmfgMqh3V9r1jDYBGhXwSbM9Ekg/wRUfkpBl3+uTIEEbCGgcmhbCsJMXUWAduWq5mRlXEpA5acUdC5tbFbL/QRUDu3+WrOGwSZAuwo2YaZPAvknoPJTCrr8c2UKJGALAZVD21IQZuoqArQrVzUnK+NSAio/paBzaWOzWu4noHJo99eaNQw2AdpVsAkzfRLIPwGVn1LQ5Z8rUyABWwioHNqWgjBTVxGgXbmqOVkZlxJQ+SkFnUsbm9VyPwGVQ7u/1qxhsAnQroJNmOmTQP4JqPyUgi7/XJkCCdhCQOXQthSEmbqKwP9v5w5s48hhKICmq7SUblJKukgNKcFd+DCH28CZyL4daGb4RT8Dxp03sxL5KAp0DMe5alVOyTQVGPWpga5psaXVX2DU0P2zluHVAs7V1cLWJzAvMOpTA928qxUIlAiMGrokEJu2EnCuWpVTMk0FRn1qoGtabGn1Fxg1dP+sZXi1gHN1tbD1CcwLjPrUQDfvagUCJQKjhi4JxKatBJyrVuWUTFOBUZ8a6JoWW1r9BUYN3T9rGV4t4FxdLWx9AvMCoz410M27WoFAicCooUsCsWkrAeeqVTkl01Rg1KcGuqbFllZ/gVFD989ahlcLOFdXC1ufwLzAqE8NdPOuViBQIjBq6JJAbNpKwLlqVU7JNBUY9amBrmmxpdVfYNTQ/bOW4dUCztXVwtYnMC8w6lMD3byrFQiUCIwauiQQm7YScK5alVMyTQVGfWqga1psafUXGDV0/6xleLWAc3W1sPUJzAuM+tRAN+9qBQIlAqOGLgnEpq0EnKtW5ZRMU4FRnxromhZbWv0FRg3dP2sZXi3gXF0tbH0C8wKjPjXQzbtagUCJwKihSwKxaSsB56pVOSXTVGDUpwa6psWWVn+BUUP3z1qGVws4V1cLW5/AvMCoTw10865WIFAiMGrokkBs2krAuWpVTsk0FRj1qYGuabGl1V9g1ND9s5bh1QLO1dXC1icwLzDqUwPdvKsVCJQIjBq6JBCbthJwrlqVUzJNBUZ9aqBrWmxp9RcYNXT/rGV4tYBzdbWw9QnMC4z69N2BbnvYJwNnIPsMzF8LViDwp4Cez+559VGfxxn4s3NfX4cD3f4hXxMgQIAAAQIECOQKGOhyayMyAgQIECBAgMBTAga6p5g8RIAAAQIECBDIFTDQ5dZGZAQIECBAgACBpwQMdE8xeYgAAQIECBAgkCtgoMutzVORffny5TXl86mAPUSAAAECpwmk3P9bHD5qBVSg1n9695QmSoljGtQCBAgQWEgg5e5NiWOh0p0eqoHudNJ7F0xpopQ47tW3GwECBGoFUu7elDhqq1G7u4Gu1n9695QmSoljGtQCBAgQWEgg5e5NiWOh0p0eqoHudNJ7F0xpopQ47tW3GwECBGoFUu7elDhqq1G7u4Gu1n9695QmSoljGtQCBAgQWEgg5e5NiWOh0p0eqoHudNJ7F0xpopQ47tW3GwECBGoFUu7elDhqq1G7u4Gu1n9695QmSoljGtQCBAgQWEgg5e5NiWOh0p0eqoHudNJ7F0xpopQ47tW3GwECBGoFUu7elDhqq1G7u4Gu1n9695QmSoljGtQCBAgQWEgg5e5NiWOh0p0eqoHudNJ7F0xpopQ47tW3GwECBGoFUu7elDhqq1G7u4Gu1n9695QmSoljGtQCBAgQWEgg5e5NiWOh0p0eqoHudNJ7F0xpopQ47tW3GwECBGoFUu7elDhqq1G7u4Gu1v/d3X/9+vW6Ncjj89u3b8NnU5ooJY4hkhcJECCwiMDXr19/3/v/d/9vKaXcvSlxLFLmS8I00F3COrePhQkgAAADd0lEQVTojx8//m3S79+//15oe2373H+kNFFKHHsfXxMgQGAlge0ufXufvry8/B7wtv/ff7x9dv9nd36dEsedOaftZaBLq8h/33E92xzPPnd1milxXJ2n9QkQIHClwHaX7u/Tnz9//vVN/iOG/bOP1+/+b0ocd+edtJ+BLqkar6+vj8Z970es+3BTmigljr2PrwkQILCSwHaX7u/Tx9/SbT+O3X/sn93/+V1fp8RxV76J+xjowqryGOje/rj1oxBTmigljo+s/BkBAgTSBba7dHSfbq8Z6NKrVxufga7W/6/dDXR/kXiBAAECn0ZgNND5G7pPU/6pRA10U3znv/mjxh3tNvpObvTc1a+lxHF1ntYnQIDAlQKjge6jb/RT7t6UOK6sTfraBrrACm0/bt2a4+2PXbeG9luugcUSEgECBE4U2A90j2/y3xuY3nv9xJCeWioljqeCbfqQgS60sI9/uuTR3O/9kkRKE6XEEVpOYREgQOApAf8O3VNMHhoIGOgGKCu9lDJIpcSxUu3ESoAAgVmBlLs3JY5Zz5Xfb6BbuXr+lfDFqyd8AgQIzAmkDFIpccxprv1uA93a9Rv+entFSpq5Qt2eBAh8doGUuzcljs98Hgx0i1c/pYlS4li8nMInQIDAIYGUuzcljkN4zR420C1e0JQmSolj8XIKnwABAocEUu7elDgO4TV72EC3eEFTmigljsXLKXwCBAgcEki5e1PiOITX7GED3eIFTWmilDgWL6fwCRAgcEgg5e5NieMQXrOHDXSLFzSliVLiWLycwidAgMAhgZS7NyWOQ3jNHjbQLV7QlCZKiWPxcgqfAAEChwRS7t6UOA7hNXvYQLd4QVOaKCWOxcspfAIECBwSSLl7U+I4hNfsYQPd4gVNaaKUOBYvp/AJECBwSCDl7k2J4xBes4cNdIsXdGuilM/FKYVPgACB5QRS7n8DXf3RMdDV10AEBAgQIECAAIEpAQPdFJ83EyBAgAABAgTqBQx09TUQAQECBAgQIEBgSsBAN8XnzQQIECBAgACBegEDXX0NRECAAAECBAgQmBIw0E3xeTMBAgQIECBAoF7AQFdfAxEQIECAAAECBKYEDHRTfN5MgAABAgQIEKgXMNDV10AEBAgQIECAAIEpAQPdFJ83EyBAgAABAgTqBQx09TUQAQECBAgQIEBgSuAfhA89QipENKUAAAAASUVORK5CYII=</file>
<file name="06.png" path="/" encoding="base64">iVBORw0KGgoAAAANSUhEUgAAAnsAAAIlCAIAAAAi0qlHAAAAAXNSR0IArs4c6QAAAARnQU1BAACxjwv8YQUAAAAJcEhZcwAADsMAAA7DAcdvqGQAAF7hSURBVHhe7d0JnBT1mT/+77eq+piDubjvGzkVEBjucwbw4vJYxahRVEBi1myyu7/fJtnwymWS/89ost7RrBqjSYjiEVFALlFhALlvkGOG4RiGORjm6O46/s+3qpiMMDPM0V3T1f152zbVVdXdNVVPPc+3jq7ihmEwAAAAiDDJ/hcAAAAiCRUXAADACai4AAAATkDFBQAAcAIqLgAAgBNQcQEAAJyAigsAAOCE2n+Py032CwAX0nXd7gK3Qf4Bt6sr/9RecSVJwpUxwL0oX6PiuhfyD7haPfkHe5UBAACcgIoLAADgBFRcAAAAJ6DiAgAAOAEVFwAAwAmouAAAAE5AxQUAAHACKi4AAIATUHEBAACcgIoLAADgBFRcAAAAJ6DiAgAAOAEVFwAAwAmouAAAAE5AxQUAAHACKi4AAIATUHEBAACcgIoLAADgBFRcAAAAJ6DiAgAAOAEVFwAAwAmouAAAAE5AxXUaZ7J44uLJ/t98RX29YnnQC/EEABB2yD8tCxXXeYoZ2FziHoUlSCxZZh6xGkg+g8kU77QCMEmsBLRssHgAIKyQf1oSZqnTDB6k2S7pCR7dIzNDNDgNr8ETuMySEijkdVk3ZF1hhmIwRQS/1RAFAGg25J+WhYrrNC4Z1IL0MEXjeshTpSvlEguketV7J3X53X/MmzK8k48ZzNDNpiatDhT0ogsAoPmQf1oWNwzD7qxBkqRa+0M4KF6KacZCXs5kr6dS7d1Rue+W4fOnD+vSMeWLPad++vLKdTvPclozmIeWAmcaY5puvRUahvKFrmOeuRXyTyQh/0RcPfkH27gOowajQotCZbqhKa1C2vjeCT9+eOK/zh/fvbNPlkvGXt/6gVtH9cjwUDPT4CFaM2hkhDsAhAPyTwvDNm6kUYh7JRbSuM4MRWKGxDQuIl5JluQ5E9t/98Epw/q0lY0qMSIPMeYpvuh7ZfmW55ZtOlkUkpmiMZnxIMPiaAxs47oa8k/4IP+0gHryDypupNHMVyhmdes0BCNgUGAbvGu6b+6UPg/eceOgvh1YsIyJ/Tzm4RJDZrJSclF/admW597JOV2sSsynS5qmq+Y40CCouK6G/BM+yD8tABW3xVAUixMVeIKieTzsUpBJGlP6tDa+/+CN99w6NjXBx0IVjAVpEYmxxSyXRYfsLSkNvfT+F//z1+1FRUxjniALYO9Ow6HiuhryT7gg/7QIVNwWJEk8wRDHyysVpvqYMmlY1wfmXH/z5N5J1DugiiiX6H8z4qtPxaeZ75FLytQ/LPvqhb99lVsS1AyEeyOg4roa8k/4IP+0AFTcliPJkuHjRoixUFu/fNvEHt+5b8Lg/h0lajBWVTEeYNxjBjotnsvhTsSuH3rIJZfUVz/c8v+9/uW5i6KvNRCuCRXX1ZB/wgb5pyXUk39oLkMEyWLGqxrTe6RKP3hg1C//Y971Q9pIrJwFKNxpkchmGF+1bCRdNDN1Pa2VcfeMITeP7JpgtkVpQdojAABcC/JPtEHFDStxSVJFYtRs9FvXL9U4S5BCI3u0+v6CcQvmZ7ZpzVmwigUNEcAU8RTBhmQGfU3Uk3qpjGnM0Dunt1oyf/KMMZ38EpcMLoug9zLxFQAANSD/RD3sVQ4vhQJS4hTQXpliWw+lJRhZN7T/zrcnjx/eS1ZCTA0yNWQGtLUPx3pcjVqd1iAakzPu3Xao8Jcvrf1kS56m65x7A+KwSsgeF66CvcquhvzTVMg/UaGe/IOKG3ayTC1NFtIM1qGVsui2Qffcntm3VxtuBFiQ2oyquQvHinJ6rmsfgxno4l+zQ5xt6N269+zPX127RgS9FGK6Zo4HtULFdTXkn2ZA/ml5qLiOkRWuGGYDsF+35IdvGfDg7aPT26WyUJBpZSxErcsEcexEHEEhdYX71QwR/7J/294zP//jurU5p8pVRRe7fbCMaoeK62rIP02F/BMVUHEdwiXJx5mh6SMGtP+vRyZMGt0lKdErmoNBiviAOGTCE80Rr1kMKMCr5z910Evz7lmGd/uhcz95ceWqLaVBarSKS55CLVBxXQ35p2mQf6JEPfmn4c0cuDbKEtTAHDcgbemiCTdN6p2UpDBdZWoV06g9mMC43zz4Qd3XZIb4P9HCM5hm0Moz/LouC+aO6t1WM68wbrliZACIR8g/0Q8Vt1nE7awo2uh/WfyjGN7hvTL+z+KsaeN7cDnEVEmcFhiicPRQs8d8RwOjk9qVNdv45imFoo/K9GD2qIHf+9bofm18PjHIL7EEmVYnGYsSIL4g/7gO9io3HYUYPXTOxakK4o6Sxpi+6T987OapY3vLSpmIUVVnIWpRmhdOaxaKeHrWaHGJC5/yhPJK461Pdvz2jfUHCwxalySuMYPr4nfuIGCvsqsh/zQE8k/Uwl7liDA402XzRD5dlgyeeV3qD78zOXtCD1m+yFQumpZqkFEshoXVNqWI57QKVSUlGHfPvP4792T2aStxI6CLPTwoMABxBPnHjbCN2wwyNWVkrko6C04cmP7fC7Mnj6HWZYUIvpAkHoL5M/Pmo2asRA1JjVHTiZqZFP7cc6lS+vOK7b974/OjhQGVFhm26i7DNq6rIf80CPJPtMI2bkRIuqFousxC4wekLV08eeq43rLYf+NhusR0K1/Q7A3THBYn9NOaI5lHbKjDYEYoOcFz700jqKXZOcXD7W8EgLiA/ONGqLhNYLcZDUORDT5+EIX7tEmjr+NSUFwZXFfFL83FXZ9pRPXyT9+ajT5Go6+UmaFcPmGCvqI8OZnddcuI2yZ284mVzZ4wAIhdyD8uhorbYFzc0zmBKRJPlCTZI84Q1DP7pv6fR6dMGdtT8oREOOqcqdT6o7nKxTEP621hJHa1mQ/x4fRFOtMr27TyLrpn2tzxnVNk5uES9zAuJTCeJA7wAEBsiPL8Mw75p0FwHLehqA0nc0nlXtkwZEOjzpHXpf7ksZunjO3L+UUR5TTDQiGmi8aeU+hLg+Y60OrQqZInX/rHO5+drqAVwfAZ4hzGoBGvu3pwHNfVkH+uhvzjIjiOGwbUrtPFj85Ubugql2/sm/5fi7KmjO3Geam5y0URJ+IbYs+L/YaIo1WLFh89VMYuXtcl+d8fmj53fJdWnFpRAdGSMvxhbuECQAtxR/4Zh/xzDai4DWW2WDRFF23vzAGJP1kyPWvMQGrHiSHUS9WZ6mG617kgs84bFHHvM38oEBzUve3/fTRr7pTOqR7dwySPo6sfAERQzfwzKmrzz0Lkn2tAxW0oiRviFECuZw5stXTR5KxxfWSFwt0jWpfi+mcUWxR89HCGISJeHEehTsW8YyX1CQ7o3ub790+ePqqLnwckRpMHALGgOv+MQv5xM1Tc+phzh9qM4l9xKr7BRg9IW/pY9tSxA5lUIc4M1EKidanRCAaT1LD93rwutFpRG1c803RJ5omI1kMT3TQBWmhwn04L5o4e0C3RvACMTCOZ7ySOrY0AEAZX559MM/9MQ/5xLXOZQm044zIXd+OQZcXDZS8zJgxs+18LZ04e3VuSK8SOFAp0CneKNwpAO/gipjpuawY9Ef2ru8x1wLg06cauj31r8qDOSV4mJzGvIklM/FKP2qEec0wAiHZX55/xA9v+cOHMKcg/boaKWzuaLxIzVElWmOrTDS/TM69L+fHiGVkTBspSlTiAoXFxlXCd4qw6GCPJCnQ7uKtVf/XlcBeXfON+hd+VNew/H5w0sJMS8GoGT1A05fJOHkemFgCaAfknVqHi1o5iR6eGmaZScIcMPqJv6o8XTZ+c2U1ixbQiiEMXIWrNRbJReQUr1K8I+CvR9KiMKzSa31t2+9S+33tobPf2XqaFDLF20ptxLgOAC9Saf6Yg/7gfKm4duCRxjyJxXdJHXJf84+/clDWhj6SUi0u6iAurUfxQ6DgVPeKrzIitDzdPYTAYD5n7dlS/V78r64afPDi+fycvvebidloetDEBXAD5J0ah4taOU0OSh3SDjbou46dLpk0b04NLlebs8oj7clDciwadY9HTwFXLvI0ltXwlmjwKbq9fNm6fMvB7943u05pamuIvcm4tBYCmQv6JVai4NXDZPKGO4liiuNB0rUuq9/v3Tp42pjej1iXROAtpInRE3JjhFWn0PXVdt4Um8xsPMcligRrW6QnmTieD+X3SnCmD7sy+rrWPRhGHfcTYnB7muwAgSiD/xAFU3MvEjSZFu4xzWeI0W6QOSdIj827IHtedK0FxOw4Kp5BO64EY2TDjJdIzj2JY7DsyO66tRhyLVZH+0cTBIF1t3Up66Pbxd2YPzvCa67REI3qZpIhRzP8BoIUh/8SHSC80t+CS4UnQgwpXmULNNK1dK2XRXSMfvXd0q3QrjBRxh2dqolEHU8ydJxRYtBJEjDhw0qBIr6E6fM0OTiun+Ts5o6p3l+QnHph61/R+rX0KDZMZ92mKJI670Eoed0EPEGWQf+IFKq5FxBeFtNgTEuIdk6Ulc69fMn9sRhs/0/xFhYGTuQUatS4l83dvnJ6prUYjRyxWxOpkdzaXuMEWY2pp307Kv3570u1Te2aIVTjIpKDZFEUAALQ45J94gXsH2cSvyWSD60oXv7LojkGLH5yc3kY2qlj+6fKVW7aUlpVmZQ69vlcX814ZFOiXj1VESF3HTmq69upGrUsKaJpUammGxEoteU6cq/rNq2ve/vTrEpX+YFr6NIJ5cZjYgnsHuRryD/KPq+HeQddG7UVZY12SjEduH/zYA9PTM/zlpVVbdh5atmrj8WOBogtazoGT50p1JieYY1NEUsRFICnQJ1+Ra+h7an1ck4hmGo9axPSBkjhwohk92vq/tyB71qQBXp3WcYOLswcBoIUh/8SJOK24FAji+L14UuxehtEmQVl4+7AlD05Jy/Cdyb+0Yu2uj7/cWlBarslMlfSTpwrWbtl2rrCKcfMuVCIu6UENGauDHs12Raw3E/19YqoopumhMp1amhT9Sp92aeNv6JEoUYvaaikDgKOQf+I2/8TtNq6scEmcFcgVceIc4x2T5cf+ZfhjD03NSEvae+DYB+s27jx6tjKUysRpdRrnCarq23s0d822r84XB8T5dvY+Ewp9etAHNjVYrfdRrIuH+bKpn3QVCnEzyqvRKiDzk2eLt+05dommn5u3/gIApyH/xGn+ic/juNS09HG5iumGZMi64e3QSlt81w2PfyvLK+lb9+3J2XeksKhcllMNRuuDPR/oX0MPckUb3Kvj9JED2mQkmL88o74UR8S8d5XobEwjhj6b5rP1AaTmLK/u2XQ0STQx5kSK6BfL9VxJ5a9fXf+njw8XVlEj02MYAetS6DEGx3FdDfkH+cfVcBz3ChRkssFkjzh0L1O4P37X4MV3T7pQUvDumvUbcg4Ul1LTM43itzrciQhsyRsyPHuP5a7asut8MQ2nuUezVTWbh9TdyCC1wt3uMB8RQVNlTiQ3KoPSP9Yf/dunxwuD1Fc0jWusbQDgDOSf+M0/8bmNS7HsNS+wbbRL8j1+15AFd0/OP1+wLmfz+eJSWc3g3B9SNC4u8fLPmaCL+z4z2VA0FvRI2sBubWeOHtk6jVpwVdRbNOVo9eDUrGtADFUH+hXCHH6a+Yk0bUHGlKDq//va7U+/sunAaaNCpnWA/hzzRtYR/VVfC8E2rqsh/yD/uFo9+SdOK675M3JPRjJ/6I4b/mXm6GOnTu44uK+8ihqKfkVN0KWQIVMc01j/3Acg4oNakoak0Txjup9VDuzZddro4W3TPUwTIWVGvH7tiK8r3En4I14SU8V4VSjxvXUHfv2/a/fnlnHJqxt+XSqnaRWXXUPFhSiD/IP842qouFdSmJSerDw0d0j2+P4Hjx45d+aipuuawnQ9UWJBiak0DwzzWmv2G4j1U25eSe+m0OZMlaVgv57tpo8e1SHNL24NTeEuURuT2nT1zjqasXUND0PE0wRbl12lyTAjXpJ0VXlv3d5fvPrF7tyQLgfFxOseZgSN2D1zARXX1ZB/kH9crZ78U2OJxpOUZN/ds0YOHthlx+49+fmXVCYbkswNr8RVmlkG9xoiYr45c8R5d/TwiNlJAc89qp5w8Ni5tVt3ni8KMJn6UHuNmqX0LJkNSWuOX45i0cPai2L3CDf6XC6uv0rfS51iGmhiiLzzSNEf3tmxO7dcFVdHNwxN040qnSYlUlMCAPVB/onb/BOnFTcxyduuTatjh48XXggZ4pYWum5eOM0MT+uptvae6Ef/24M4l3TDv+frM59u3XW+uERcg03EUMhcMazRROhZI9fouIo1rv2pzUAhzKmBSR9lxTqtct4DuUVPL/vyi4MltKzN35vHZZgDRBPkn7gVp3uVEzzS9T1TRg1vl+hJZuJgQoV5In7j2h80gwxDVnnIx6uG9GiflTmibbqP6RU0+8z2HX2aZjY2qdVpv0VofmTXSnzF5YjXrdMo5IMny3/x+qfvbDgeClC4yyFaD/VgPAQ9bQRgr7J7If80BM0g5J/oVE/+ic9tXF4ZSth+onzb3jOXAuU690i6X2rIOX7fpHPV4CGPIYd0357jF1Zv2l5YHBRXhBHRRrFurRM1AiwsDcm6WB9OD1rHKO4lz+H8iidfW/Pe2lw1QH+cJo7wiCCI/XAHiG7IP/ErPisuRXcoFFR3HijbvudcRWVIZz7Duh1HY3BDFqc3GDQTPSFdPnTyzGfbdwZDsnlnD3Einj2eM8TXGeZ5E17GlZJK5bUPtnyw4esKVdxRUxNTS39myB7ZbcxDVyJbXNFxBdo2sphvAohOyD8uY6WXqzuuYGefevNPlO5Vpqm3u77ZXVNd/Uk9gyw0S2QKU8NIVNShvTIGD+6e5A/IhnX8g/5w8+wDcV57vTPBOjWAV3Jx8RSaX1qiv2raqGGZA3sokipOIrCmwv4MavrRk/jld5jQ50rmxFqn15tfY3gY92jetHc/O/LM6+uOF1RxWTaYR2IhbujWeM0ny3JqampSUpLX6/WYFEWhmKH+NOfp2Yo56iYiACWJOqz3Wn2oo7pn9bNFjGS+TElJSU9PT0xM9Jms76IPp++yvsIa2eqwuqs7srOzsVfZvWiZIv8g/9TF1fmnzorbqVMn+ujqv4SeCX0cPdMI1kdXs95ldVz9TKx3BYPBQCBg9akpISGB5iA9Xz0Hq/8269lCb6Fn6zOt/jU7xBiXh9aFhhmMQoFag6qH6+3bJF88fyD/650SC3JxeRSvGTrWae6NYGhqWpI6+cbBI67rrYirm9FHUZjRh1DD0xA3lKZ4t2dJM9G00wdSxFMTlxYtddDnUhtTYhm9WbfppWrriqqgNUPqQkObkNesz6QFZMWfxZr59c9zJ9GUoOK6Fy0+5B/kn1pZn0kLyKX5p86Ku2LFCr/fX13brSis/ttqst5CHdYfbPWpfq6eC9RNER8K1bJjgT6Wvou+gkauuY7Zgx2Rd+zwB3995vj+dQrFjrVbRpygX1/EXE3Sg0wPpaTwicOGjeh3nccbZKzc/CgKf7NBSnO7cR9ZN9EKDpoHbLzmh3Omq6xVG9b3DpbU3x4nXlHwoOK6Fy0+5B/kH/ei4Gl0xY3DhHU67+j7f/7t13s+VWRqsFGMUsQ3js4kroc4q0xJ9k0aOnjkgB4eDwW9KlqsYhcQhXv45iotN4k+nAKdWsT0sTrztma9s1ib8fYIcSw+AzhmIP8g/7haPQHsaDsuynXq2ue2u/+t9/VZqmHdl6MprUFDUgzJU3KpcsPO7dsOHVFDPkafJuazZjY2w0U3W5cepnnNX7UbzJPKuk5irUfawwHAVZB/4gEq7jd06dFn1vzv9x08JSQuM97oI/0SBaLBNO5nUtLFS+yzr/ZvPXhU02jlMSPe+rFak1ak2tBnKuZxmhDzpLFuk1mHsYz77IEA4DbIPzEPFfdKnbv2nnXvE/2GTRXXIROnBnhEC47ilZ5q2QF/JXqDRO9iPs58JZfkddt2bz5wVFUpNM29OqKlaX3K5e4GfKbNEJ8tVhh7eui95pVUfSms1zTWcQKTEO4A7ob8E9tQcWvRsUvPmbcvad99eEilNqMmTu8zJHHdbd6A8ORM4prEVENSmKyUVfHPv9q+9cARVfXSamDOcGppUqwTM3wb2OK0R7PeYh41oT4i9BXWeTRrm4nWJUBsQP6JYTQHoRZde/QfO21+ckYnTavkFF4izhoQ7lcSd8korZA37Nyz5cCRUNArLkQuPo2Cnp7N8G0g+nIr0M0uEehWezNjMGs7mkl+ezQAcD/kn1iFils7LvHMiTOnzno4Ma1bSDOPf+gUVQ0O0Mt0KUGX/CWX1A07dmw5tD8YojWHGpuyuDiL+AVbIz9QBD1FvPl2WnYZfVj3GczX3h4KADEB+SdWoeLWSZLlCdlzp81Z7E/rqunUxORmjDaOwVXx+zruKykPfb5r51cHjoZCPsYTqPVpnnRg7pxpCIpzetD4ooOmxMMyrmO9ZrOEbtZwAIglyD8xCRW3PpKsjJ02a8btj/tbddT1ck5NPBF2jSAb1Kqk9SWJ84zSi2zD9j3bDhwMhWi2UyORIp7WBxrrmlFPI1jj0HpirnhJ7ViPmSyhi9kTAGIQ8k/sQcW9BlnxjJ58yy3/8rgvtYumaeJGVPQQv0GjR0OYVzflOqfg50nF5fL67Xt2HjkifjIuyUySmE5r0eWjI6INSw/rZU308vKDRvansB7jWWJ3eyAAxCjknxiDinttsqyMnHjTzDuW+FO6qroqiR01EjX2zEbiFaF5JUPc85LiWjXvYKVIsre0wpOz70B+0UWmK+L349TYtHbviHC3Dq5Q85Oea9IZDzH6KFrZPGms+1SWgV+aA8QF5J9YgorbIJKsjJ502/R5j/nT26talSR+i2ZeubXxOPeduaCt2rzzTEGFWF/MVcIcYDUtL//o7Ruop1esDL5U1nO6ODmQKfYQAIh1yD8xw5zX0ACSooybdtv0OYv8qdTSDIrg1Hxmk7CRxM2ZPUdzS1fkbD9dfEns2xFLoWbQX4W+RewW8rHuo1m7keYp/gAQR5B/YgMqbiNwSR47bfa0OYt9aT1C5h6d2sLz2ri4cZbx9ZmiT3L2niooNhuMivlzct28EtvVca+JW3u1H8RajxE3fAaA+IP8EwNQcRtHlpWxU2fPmPedxLSOGg9w8bN0Ozr/2VUvg8lc3BfTY2j+o7n5q7fuOl1QLiJe7CWi1Sh05eVPxXkNMms7hHXOZkoruycAxJ/L+WcJ8o9LoeI2muLxjJ1664zbFyWkddF1zWwacvPgR4NQIBu0olDMi5P9vUfyilZt2Z1fcNEMekns5KFP1DVzyVgnJMqs3SDW/Rb80hwAzPxzG/KPS+H+uE2kqaGczz5a+ffnKksLFK5RIFs/Jm/s+QyGoSusqne3jOzM67u0ThNRLn4kRx9miLXI8LE2/VmfWczTzn4DNAAC2NWw+K4J+Sea4f644Wf9Tm7mnY/7Ujrp4i7QAfPnbI2Md7GGSCr3HzlV+PGmnacLy0UDkytMUsw7SMssIY11mYxwB4CakH9cChW36STJkznplpvueMSX2kVVPeZl2OxBjaEzQzN0/4m8ko83bz11oVz0EycH+pgvg/XKZq16maMBAPwT8o8boeI2iyTJmZNunTZniXn2oCGOjDSaJDFFonVFko6dLl2Vsy/v3CXDkETrsmc2yxiBZQQAtUL+cR3MzeaSFe/4rFnZ8x7yp3UIadY5+5yJ3TtXNzipzxU9xV4gnSkU74bhUTXPwROn/vH5ztyyVqzPTNZmpNixAwBQB+Qfd0HFDQNJVsZPmzt97qLE9K6aposba4i7WYlz/kSAW3FOr+wHNSjF+mC/FteO0XWDB1UK/YSUdgOTu0/Suk1n6UPF2YMAAPW6nH8WIv9EP5yrHDaaGtry2Ucr/vpCoPyswjQmTsG3rjYumjWcAl20KKkn9QuJy7uIOc8NjYd03ZuQ3rN/Zv/Bo7v07N+ha6+k5BTxPmgqBLCrYfE1AfJP9KgngFFxw0nX1K2fr1rx199VlZxQJMU8rmIFus7Fefs0qyWDqQbXmKFoBo2SlNG283U3jL1uyOhO3fukpLbmjT27H2qDAHY1LL6mQf6JEqi4ztE1bfP6D1e+82xVSZ4sJRjMy7jKWZAzakqK3TmG7uFKYkKrjn0GjxoyYkKXHn1T0tooHlyqNJwQwK6GxddkyD/RABXXUVootPmzj1a9+1JFUb4iy4yFDEPMTsmb5GvVrmO3/gMGZ/YddGO7Tl0VDy5SGhEIYFfD4msO5J8Wh4rrNArxLz59f/Xy58tKTsqKNyEhPbVNz/5DJw0ZPr5Tt54I9EhDALsaFl8zIf+0LFTcFqBr6hdrP9y1bV2HTl269x3a57qh6a1x6RaHIIBdDYuv+ZB/WhAqbsvQVPViaXFaemsuidMFwTEIYFfD4gsL5J+WgooL8QUB7GpYfOBq9QQw2j4AAABOQMUFAABwAiouAACAE1BxAQAAnICKCwAA4ARUXAAAACeg4gIAADgBFRcAAMAJqLgAAABOQMUFAABwAiouAACAE1BxAQAAnICKCwAA4ARUXAAAACeg4gIAADgB98eNiNLS0s8//7ywsLBHjx69e/dOS0tLSEiQZdkeDBGGAHY1LL4m27lz54oVK+bNm9e/f3+7FziungBGxQ0zTdOOHDny4Ycf7tmzR1VVj8fj9/tTU1Op7vbq1atnz54ZGRlJSUlUfRVFsd8D4YYAdjUsvqbZvn37L37xi4sXLw4cOPDxxx/v06ePPQCchYrrkOLi4o0bN65du/bMmTNUa62e1hymSkwdVGU7dOjQr1+/Nm3aUAGm6kvFmApw9cgQFghgV8Pia4KtW7c+/fTTJSUlnPNgMDh48OAlS5ag6LYIVNyIo4K6f//+1atX79ixg7ppBlLc28O+iTZ8ad7SCImJiWlpaR07duzUqROV4datW1NHSkqKz+ezR4WmQgC7GhZfY23atOn5558vLCykWWf1CYVCgwYNeuyxx/r27Wv1AcfUE8CouGFA7cr1Jtq0pa1Yq9bWVXGrZyzNeeq2XtK7aEu3e/fu7dq1o2cqwFSJk5OTqSpbI0OjIIBdDYuvUb788ksqtwUFBVfsKqMt3QEDBtCW7nXXXWf3Akeg4kYKzaXdu3fTpu2+ffsCgYAsy1ahpblaV8UlVwyll4Q6aOOY+nu93latWtHmb2pqKtXdzp079+zZk7aAqac1PlwTAtjVsPgaqLKy8pNPPlm+fPm5c+dqPS+EtnR79Ohxyy23zJ492+4FkYeKGxFlZWVr1qz59NNPi4qKqFLSTLMHNA/NeVoo1vynRqvP50tJScnIyLCqLzVXqcPv91sjQ60QwK6GxdcQVVVVr7/++kcffURltZ7kQ0MpgXzrW9+aM2eO3QsirJ4ARsVtCgrinJyclStXnjx5krqrN23DjpYCLSDrw62iTlvA1Gi9//77u3XrZo0DV0MAuxoW3zUFAoE333zz3XffpRlFs8vuWwcaJyEh4b777qOiG6FMBTXVE8CouI1Dsys/P5+2az///POKioowbtrWo3oZVXcMGzZs4cKF2M9cFwSwq2Hx1Y/K7Z///Ger3DawgtKYSUlJ3/72t2+55RYU3UhDxQ2Pqqqqbdu2rVixgjZt6aUVuA6HLy0vQlu6M2bMmD17NjVd7QFQAwLY1bD46kENfdq6ff/99+3XDUazlNLFo48+SqkDRTeiUHHDIDc3d8OGDRs3biwrK6u+elSLBC4tMk3TEhMTac25+eabk5OT7QFwGQLY1bD46lJeXv6Xv/xl+fLl1k8Q7b4NRnPV4/EsWrTopptuQtGNHFTcZrE2bVeuXHns2DGaLYqiWDONQpY6WrDo+ny+mTNn3nbbbUlJSfYAMCGAXQ2Lr1ZUbt9+++0PPvig/lOl6kczlhrrDzzwwKxZs+xeEG6ouE2Xl5f3ySeffPXVV8XFxdQ8jJ6GoVV0ExISsrOz58yZg93LNSGAXQ2L72oVFRVvvfXWe++9p6pqM6/QTvOW2uh33333HXfcYfeCsELFbYpAILB9+3ZqUVLRpdpmbdpGVcWlZ1pM1pYutVhRdKshgF0Ni+8KVVVVtHX7zjvvNL/cWiihWUV39uzZXq/X7gthgorbODRP8vPzP/74461bt5aVldHcIPawaFJddP1+/7Rp0+bNm4eia4nzAHY7LL6aCgoKaNOWmv5NO3ZbF2v7YfLkyQsWLMjIyLD7QjjUE8CouFe6ePHixo0bV65cWVhYSC8pKMMY5ZFAS5AWFjVUaUt3zpw5uDgGQcp2NSy+aqdPn/7lL3957Ngx6g77DjZKHbTRTI31Rx99ND093e4LzYaK2yAUfF9//TVt2u7YsaPmuQnRsye5VrQELVRrp0+fPmvWLFyNGSnb1bD4LLm5uU8//fTBgwerc1Ek0KZzdnb2Qw89hKIbLvUEMCquraio6PPPP1+3bt3Zs2eta0hZcyb6y63dZa45VHRnzJiBs5eRsl0Ni4+cOHHi97///f79+2luRDoLUeqYOnXqggULWrdubfeCZkDFvYbjx48vX758586dwWDQvbeqpUVZXXTjfEsXKdvVsPiscrt3797qe5FFWigUmjJlyqOPPoqi23z1BHBUH6F0THFx8eHDhwOBQK3333AFKreElnRlZeXKlSs/+OCDS5cu2cMAwD1yc3OfffbZffv2OVZuCX3Xhg0bXnnlFev8FYgQVFxh0KBBWVlZCQkJ1DChumX3dRVaM6ncEtpGp6aDVXSp+tqDAcANTp069dRTT9HWbeTuj1IrK4GsX7/+5ZdfvnDhgt0Xwg0VV/D5fDNmzLDu2+xklEcCtRhoXQ0Gg6tXr37//fep+toDACC6nT179je/+c3hw4ep+DmfiOgbCW3pvvrqq0VFRXZfCCtUXFurVq3uvffe3r17a5pm93InWmeo6NIzFd1PPvlkzZo19gAAiGL5+fm//vWvjxw50iLl1kLfS+31tWvXvvbaazQ9dl8IH1Tcf+rWrdstt9xCpde9+5aJVW6pg9ZbKrpUcffs2WMNAoAoRAnn888//9nPfhbpHwI1hFV0P/3006VLl+7atcvuC2GCivsNN954o3UrK/dWXKvcWn8CPZ85c+att97avXu3e/8igBhGK+a6dev+53/+5+uvv27xcluNUkdeXt4zzzyzc+dOuxeEAyruN3g8nqysrOHDh1v7lt1epWi1ISdOnHj77bcPHz5s9wWA6EBbt7Q1+fLLLxcXF0fb9Y1pS/f06dPPPffctm3b7F7QbKi4V0pJSbn55ps7dOigqiq9dHXRrZ745ORk3NEPIKpYW7d/+MMfrPuS2X2jiaIoubm5L7zwQk5Ojt0LmgcVtxb9+vWbM2dOWloabenSNqLd14VolaaGKm2y33vvvV26dLH7AkAU2Lp1KxWzixcvRvNVdyiB5OXlUbMAx3TDAhW3FpIkjRo1asSIEdTEc+k2Lk02adWq1axZsxYvXtyjRw97AABEB6q15eXl0XPstlbWkamysjJcUScsUHFrl5iYeNtttw0aNKiui3VFM5pmQlX20UcfpY315ORkewAARI0JEybcc889VM+i+ReJNG3UcJ8/f/64cePsXtAMqLh1ateu3cyZMzt06OCiokvbtaFQyOv1jhw5csGCBTfeeKN7r1sJENt8Pt+dd945b948j8cTnUXXKrf33nvv7Nmz7V7QPLiTQX1o5qxdu/att94KBALUFKWX9GwPixrVU0UdtNTS09OnTp2anZ2dkpJijRCHEMCuFleLr7Ky8u23316+fDm1lWVZtvtGAVoEiYmJDz744K233mr3goapJ4CxjVsfqmTjxo0bPXo0tfVqbZq0OJqqarTGduvW7aGHHrrtttviudwCuEhCQsLdd989d+5cRVGiZ0uXpsTr9T788MMot+GFbdxry8/P//3vf5+XlxdVLdBq1hKk1TUzM5M2bfv06WP1j2cIYFeLw8VXUVGxc+fOF154obCwkP58u28LoZmfnp5OW7eUT+xe0Bj1BDAqboPQyvDHP/7RWhmibccytUY9Hs/kyZPnzZuXmppq941vCGBXi9vFt3379t/+9rcXLlygOWD3clwoFBoyZMiCBQsGDBgQhQfRXKGeAMZe5QYZOHAglTQqbDQfa22jtAiaGNKhQ4dHHnlk/vz5KLcArjZ8+PAf/OAHKSkpLbJ72ToyRbnuscceo2eU20hAxW0Qr9ebnZ0dVQd0VVWllhStGA899NC4ceN8Pp89AABca+jQof/5n//Ztm1b65p3TqLkRvlkyZIlvXv3tntBuKHiNlSrVq2mTZsWDUdJqeTTukEN4alTp9LW7eDBg9EaBYgZtKX73e9+t0OHDsFg0O4VebR1O2DAgEWLFvXt29fuBRGA47iN89VXX7366qsFBQWKosiybJU6xwoeLSyr3LZv337u3LljxozBpm2tEMCuhsVHNm/e/Nxzz507d86Ba0DS9jSV28cffxxbt2FRTwCj4jYOtTpXrVp18ODBoqKis2fPVlVVUbBS6XXmQhO0UKi6UxOYtm6vv/56Wkz2APgmBLCrYfFZcnJynn/+eWrfR3RNp61bSia0dYufOYRLPQGMittoFKAVFRVlZWW0Jpw5c+bQoUMnT548f/68VQ5p1hF7VLNGWi9pPjdhU9haOtYbadM2MTFx4sSJM2fObNeunTkcakfzHAHsXlh81b766qunnnqqpKQkQjvSaBPihhtuWLx4MbZuw6ieAEbFbRaaS5WVlVR9CwsLDx8+fPz48by8vNLSUqqOhFYSq9BWd9hvazD6fOtd9Gnp6el33XUX9iQ3BALY1bD4atqxY8eTTz5JSYZmi90rTGjjYdCgQUuWLMHWbXih4jqB5hhFMLVGqfoeO3bs6NGj+fn5VH2pFamqanXpJfYbGoDeZS2Inj17zpo1a8SIEdF5FY5ogwB2NSy+K1AyefPNN3NychqbQOpCs5cyyfDhw++77z6cKhV2qLgtgGbgxYsXL1y4QGvLyZMnadu3qKjo0qVLVJVpEM1ha+UhNHKtW8A0GvX3+/1Dhw6dM2dOt27d7AFwLQhgV8Piu9q5c+deeumlL774gmYOsfs2iZVtZsyYsXDhQuwwi4R6AhgV1yFUfXNzcw8fPnzq1ClaeehlWVlZIBCg+UzRTzO85sYrLRRLenp6dnY2rRsJCQn2MGgABLCrYfHV6syZM1R0N2/ebGUMu28jUVah91JKWbJkSZM/BOpXTwCj4jqNZixt+J49ezY/P59WodOnT9NzaWlpZWUlzXaPx0Ork6ZpNNrgwYOnT5+OO+41AQLY1bD46kLp4g9/+MOmTZtoFl29V+yazGa8MWvWrAcffNDv99t9IdzqCWBU3JZkHfel6ltQUHDy5EkqvbQdTNu+tDJkZmbedNNN2JPcNAhgV8PiqwelixdffJGKbmMb4pTqaa7ecccd8+fPT0xMtPtCBKDiukAwGKRaS5u/VHe9Xu+QIUOSk5PtYdBICGBXw+KrX2Fh4bPPPpuTk0Mzyu51LTQ/aeTZs2fff//92LqNtHoCGBUXYhAC2NWw+K7p/PnzL7zwwpdfftmQHy9YSf7WW2998MEHcUaIA+oJYBw5BwBwmbZt2y5evHj06NHWbx/svrWxht58880PP/wwym2LQ8UFAHAfKrpLliyZOHEibebWVXQ1TaPtLSq3Cxcu9Hq9dl9oOdirDDEIAexqWHwNd+nSpffee+/vf/97ZWXlFedSqapKVXn8+PEPPPAAtm6dVE8Ao+JCDEIAuxoWX6PQvHrnnXfefPPNYDBIs87qaZXbRYsWjRs3rgm/I4LmqCeAsVcZAMDFKL/fcccd999/v9frtbagQqFQu3btFi5cSBu4KLdRBRUXAMDdqKzOnj37wQcfpIpL5bZDhw5WubUHQ9TAXmWIQQhgV8PiaxpN01asWPH3v/99wYIFEyZMwNZtS6kngFFxIQYhgF0Ni6/JrG1cnJbcsuoJYOxVBgCIEbRdi3IbzVBxAQAAnICKCwAA4ARUXAAAACeg4gIAADgBFRcAAMAJqLgAAABOQMUFAABwAiouAACAE1BxAQAAnICKCwAA4ARUXAAAACeg4gIAADgBFRcAAMAJqLgAAABOQMUFAABwAiouAACAE1BxAQAAnICKCwAA4ARUXAAAACeg4gIAADgBFRcAAMAJqLgAAABOQMUFAABwAiouAACAE1BxAQAAnICKCwAA4ARuGIbdWYMkoRKDu+m6bneB2yD/gNvVlX9qr7gAAAAQXmhLAgAAOAEVFwAAwAmouAAAAE5AxQUAAHACKi4AAIATUHEBAACcgF8HRRDn3O6KMCxEAKgJySc6oeJGEAW9A7PXmW8BABdB8olO2KsMAADgBFRcAAAAJ6DiAgAAOAEVFwAAwAmouAAAAE5AxQUAAHACKi4AAIATUHEBAACcgIoLAADgBFRcAAAAJ6DiNt3o0aM55/RsvwYAiDwr81Q7dOiQPQCiHipuE507dy4nJyczM5OeEfEA4BjKOfRsmCgF9e/fn9KRNQiiHCpuE23atImeX3/9dXr++OOPzX4AAI4aNmwYPZeUlFgvIcrhzg9NNHr0aIr1F154YfHixS+++GKts5Hj9h0AEG60ytOztdbX7K4JySc6YRu3KQ4dOpSTk3P//fdT94wZM+jZ2uQFAHAGVTtCHcuXL7f6QPRDxW0Kazdyr1696HnMmDH0/MYbb4gBAACOoI1LQuV27ty5zzzzjN0Xohv2CTSF1bS8wtmzZ9u3b2+/MNFoDsxeZ74FAKKElX+stf7cuXMdOnRYtGjRCy+8YA60IflEJ2zjNpq1A5malhRqFmuvDnYsA4DDjh07Rs/WsS2Ifqi4jWbtQLZ2Jlus7l/96lfWSwCAyMnMzKRn2r4kY8eOpRb/nDlzrEEQ5bBPIIKc2eXizLcAgIsg+UQnbOMCAAA4ARUXAADACai4AAAATkDFBQAAcAIqLgAAgBNQcQEAAJyAigsAAOAEVFwAAAAnoOICAAA4ARUXAADACai4AAAATsBVMSOI13ZTv0jAQgSAmpB8ohMqLgAAgBOwVxkAAMAJqLgAAABOQMUFAABwAiouAACAE1BxAQAAnICKCwAA4ARUXAAAACeg4gIAADgBFRcAAMAJqLgAAABOQMUFAABwAiouAACAE1BxAQAAnICKCwAA4ARUXAAAACeg4gIAADgBFRcAAMAJqLgAAABOQMUFAABwAiouAACAE1BxAQAAnICKCwAA4ARUXAAAACeg4gIAADgBFRcAAMAJqLgAAABOQMUFAABwAiouAACAE1BxAQAAnICKCwAA4ARUXAAAACeg4gIAADgBFRcAAMAJ3DAMu7MGbrJfALiQrut2F7gN8g+4XV35p/aKK0lSrf0BXIHyNSqueyH/gKvVk3+wVxkAAMAJqLgAAABOQMUFAABwAiouAACAE1BxAQAAnICKCwAA4ARUXAAAACeg4gIAADgBFRcAAMAJqLgAAABOQMUFAABwAiouAACAE1BxAQAAnICKCwAA4ARUXAAAACeg4gIAADgBFRcAAMAJqLgAAABOQMUFAABwAiouAACAE1BxAQAAnICKCwAA4ARUXOfRPOf0n0n8w81XMmMea4B4XWMwAEDYIP+0JFRc59E8lxiXJK7ILIGzJIV5OFeYRAEvS5xLFObifxHuWDwAEFbIPy0Js9RxXBPhrvu9hldhBkW6ZHh07pcUOcGvy1yXdcYNanEqZrtTLCER/gAAzYf806JQcR3HDWpBKkxRuR7yVupKucGCqUrwvqk9nv7B7Ek3dPZzg+s6F/t2RND/cxcPAEAzIf+0KG4Yht1Zg0Ttntr6QzjIXtFqNIJeicseT5XWs710/23D780e1rVD6sZ9p5Y+t2Lj3vOc0yJQqLnJmcqYptvvhQahfKHrmGduhfwTScg/EVdP/sE2rsMo1imODZUbTFNahULjeyX96OFx/3bvpO6dfZJSNGFI22/PGdkl1SsZusE1gxm03BDuABAOyD8tDNu4kcYlcThE1yWd6Qo1cCTRZuQaU1op0qwJ7f5tQfb1PTJkFqBWJ+M0SCm5lPDy8s0v/C3nRFFQotWDPoAFaSA0HLZxXQ35J3yQf1pAPfkHFTfSuMRlziSDK5xajSxEs5wZvEfrhNmTey64K3NAzzYsdEmEOw0ULVAaVy69xF/++5b/WbY5v1hVmF+VNF0PiXGgYVBxXQ35J3yQf1oAKm6LoRAWJyqwREVXPOxSkEnUuuzbxvj+g6PuvjUzNcHPghTuqhiPiKA39/MrntIS9eUPvvzdX7+6cIHpzBtkVdi703CouK6G/BMuyD8tAhW3BUkSTzBoEbAqyVATJM+YIZ0euWPYzIk9k5M4qzRjnVqdNgp3M/Zp5nvl4lL1lb9ve2HZ9pNFQR3h3hiouK6G/BM+yD8tABW35UiyZPi4EeIs1NYn3zSx23fum3TDwI4SLY9AFeMBxr1mlNPioWezgUmosUktU0kuvqj+4b1Nv33rq3MlIXsQNAAqrqsh/4QN8k9LQMVtMaLFSDFtaL1TjMXzM++7fULbNjpTg+JMBXFchB7cHEmM98+Ip1anLos+ip57vuK//9+Kv36WFxBDxULBorkmVFxXQ/4JF+SfFoGK6xRxiTSJG5IufjkeMMwATVT4oK6pD99x/d2zbkxJklgoIM4WpFYkV5khM0NiNLpAAW3FPj1rotVpeJikGYZ/x8HTP3np0zXbzgd1g5aYbnhohRBHX6AOqLiuhvzTRMg/0QEV1zEKzWuZ64bukSi2dTXVx7KHt//ut6eOHd5dloNMDbEQRTM9JDPoLzcqr0QjXG5y0nLgnm1Hip98cfWKLad0sVw8qqFRS9UcE2qBiutqyD9NhfwTFVBxnaRQ85IagJrBOqYoC24e+MBdY3r3yuB6kAWp2RgSZyVQu1KgZ6tRWSsR6WJkeqaxuHfb/oKf/eHTT7eeomDXOFOxfOqGiutqyD/NgPzT8lBxncIVhcnMoJmt9e+W+O1b+j80N7N1xwymVrFQGVNVpvtplRB7bMTFSusJ9yuYy4L7vjp49hd/XLd6c16FqphnD6Ko1A4V19WQf5oI+Sc6oOI6hEuyn+aopg/t32bp4qzxN7ZLSvYzTWOhINOqxL04DIp4WVzy5RqslcFaBOYzNUvFmuLZfujs0pfXfbL5fIiaq2LnD9QCFdfVkH+aBvknStSTf6zdCxAmhm4Y+phBKb9YMm3GuG5JyV6mayLWKehZEmN+81ZZDTnPvuZyoYg3xMn6qk6fP7x/t2/fekO/tjSCFe6NaqsCQOxC/ol6qLjNIjPmoYATd7WiV4ps+Eb0a/PDx26aMrYrk0NMlcWxExHhyuXIbGCAUvuouo1vvkU0mAymh5gRmjF60GN3D+3X2usTA/2cJUosgbYLzJEBIF4g/7gO9io3HYWYCF6ZS4Zk6Dpnxtj+GT9afPOUcT1l+RLTJXGTq5BqrQ3NJU52UGlxiXtIc39FFX9zxZbf/mnj4QJaTlwWJ/Ez3aBWJ5aagL3Krob80xDIP1ELe5UjRZdlEXE6NfDk0QNSf7xkStaEbrJcLtqVIS5+aX7tQyYNY7VNuW7+iq4q0a/Nv/nGJfNH9mlHfQM608xfyCHcAeII8o/roOI2HTUixU/OdW+QhUYNbPXjhdmTM/syVmnuezFEA1P3Mt1jj91MFNiyeZq+OHxCQV+Z7FcfvHXMD+4fO6CtXzZ/mW6NCADxAPnHjVBxm04ymEcTh0pG90v5ycLJWRP6yDK188zLuFC4iwik2RumOSwCmuJdYVxmnEKfWpSh5ATPt2aOemJ+Zrc0j3mgBQDiBfKPG6HiNoFo6QmGRzKk8UNSf/H4jGlj+3NxEmCA6SoLakyncajdp4Wt6ScardxcnczTJAxqulLclycmG3OnD7t1Ui+/Yq0SABDbkH9cDBW3wThTxDl5isQTZUlRxBmCWuZ1qf/30ewpY7tzJSgCUZfFtVjEWQZmxNuPcBAfQ59sHSwx9+GIf3WmVbVN8y28c8K8cV1bybQ2SJKXccnHeZI4oR8AYgPyT0xAxW0o2aCHFKRYZ6pHF7t0xgxKWvqvN08dQ61LalQaonWpBc3WpSQCXsSb/U8EUNDTsqOWJoX+pYE92/1w4U1zJ3Txy4yp1BSlFQJXPQWIHcg/sQEVt6HEPhoucybOSlCZPGpgxg8XzpyU2VmSy8QxDM3DghTxjp0fb65X4rx/elaZXjKge+oPHsqaM65zMpcMI0T/m1d0i9D6BgCOQv6JDai4DWWeGaArOtOYMXJA0n8vzBKtS4lWAF0c5FA1EfSGdXtnRxjUsKUHLUGf+FI9OKRHu/96NHvOpI6pHpoUySPOKnRm9QOAyEL+iQ2ouA0lThugIJOMzAHJP1k4KXt8H3H3K11hmnnsRKfYkswjKI6gdUysaRTx1K2I3TvipTqgR5v/WDD1pjHdfbxKYkF7ZABwOeSf2ICKWzfr52fiyXoouiGN6p/y0yUzsscPZFIl4wHx0zcKd41moyF+Gy5Rsy7CaM2icLcmSZyjT99Iz7r54/QQ00KDurd/+PbRA7sniYu7cck8pGOOLpa12Q0A0Q/5Jxah4taFcyZ5OIWMV5G9Hi57xUXU0n686OYpmT0luUJEHgW6+Jk5jUvhTgFHvSLGilUr3O2gJzSNNOByNz3ElFSMvb7jY/dOHNg52WPIicwjbpgp0f8+xrzmmAAQ5ZB/YhOuq1w7aomI0+5kxWMYHkNihjpqQNp/Pz574qieEi8xd6FU78xxirVE6vxCWuXoWUw1M7xVauK7a7566vUNe84ENN0n6bomrvwmmecQxv6SxXWVXQ35B/nH1XBd5Uaj8FGZImmqoRtBwxglLhE+c+KITpJUKsKdKSxE4e5gTreitJ5YFbeYpunRzB+nM7/30rxp/b57f2avjj5Dp1UzQE1TmuJ4CHcAt0P+iVWouHXgssQ9XonpXB/ZP/1Hj02fMranpJSL0/OoyUnh7nAbnL6u/i8UJ00oIuLFpWfEWQx+j3FX1rD/um90//YegxuSTCOYV4oBgCiH/BOjUHFrxw2V8yC1NDP7ZyxdPGnqmO5cDpizyyNuykFxL9prTmnQ2mWuEhT33GCSKi5/aigJFPTZN3z/wTG90kR72VwZnF1RAaDxkH9iFSpuDRQl4jgEtcLEbNEMrUuK/4m7J2RN6Mc8lSLsNC7uN6mrZrhzs1kXYRSfdR2qocn8xkPEuzi6o1NLU7xNPOucWpq3T7v+zun9Mjw0Cv0BNK55EqT1AIAogfwTB1BxbZxziXvE2XSSwiXJYEo7P18wZ8j0iT05r2IGtSsNFtLNYyfiMmbiPTRWRIkYNr+iQd9DcWyGspg8amBSt84knRl6WqK+4PZJd84Yki6L/T6SRIPEn2mPDAAtDfknTqDiWihKFL8eVCRVBLyhtUuSHrtn1ML7x6Sm0UBqrCksKJmBLjMuwsZsw0Uy4qvDvVFoAkVjU/wjmpnWzUOMqt6dk554YOo9N/dP90ncMBRd9uuKRCsGztcHaHnIP/ECFfefVImaZToL8o5J0nfvGvade8dntPYxLaGoMHgqv0hVVRE91HATwU5xH8lZF65VyVpF6Vkv69NZeeKBCXdO65Ou0McHDHFMhf4EWnsBoOUh/8QDVFybxLSgpIcY7+TTl9wx4rH7xmW0kY0AO5VX8v66bX9btfHIqQLRcDM08YMzEfpWOy4CqGlpPerRkG+mQBcPimk/4x6mV/XpmPxvD06al9UryUd/mW4dF7JHBoCWg/wTJ1BxLRTIhqyyrsnG4n8ZtvDeyemtE8ovVm7defRvn37x9bHKwkJ108G8glKdyQn2O0TQhaspWMPVgW6tWVc8GsQaVRfrJy1orjBN69Ux+fuPzLhtfD8ftS7FcFz7FKDFIf/EizituLSsKQS4+PNpwVsRZLRN8jxyx/CF909Mb514Nu/SR2t3r/gy53xJhSZRQ006fvLUmpxtBUVVjPtEqItTGMQ/5rP1aLb625VNQR9Ircig+D29QU1j6iP17dR27OAuyYrXiNelD9CykH/iNv/Ebc6VZXHNUolz+lf8LrtDorTo9qFLvj21dUarPfuOvL/+s51HzgbUFLE/RNIoylUtYe/RvNVbt58vCTJJNhtu1m4Tax5S6NPDWnkag95koXC3Vpxwhb241Co9RJf5mVxMsyydOFWwfV9ema6Kcx3D9V0A0AjIP3Gaf+LzusrUvvRzuZLrBjdkw/C1Sw4+dtew79yX5eP61v17cvYeLiyulOQUWh9oNlhtUHNOhSRZG9yjY9ao/m0zku1YF880rzTz6msUVQ0OenqTNZOr31E9yxu/4tRGFyukuM4L/Q2aeFaU0wUXf/PHjX9edbiwikuGnxmVNJI9egzBdZVdDfkH+cfVcF3lq4hLosgenRpfSocU7V/vvmHJ/MnFpYXvfrrus5yDRaWcKSnWzKkOYIMihHmCumfP8dzVW3YXFIXEkQkR5SERTCLuadRGRc/lkelf6xFm1ifSVNFEUouSVQbYP9Z/vXxDXmEV9ZXNJma8BgBAC0L+idf8E58JV5eMoFc3Qkxq4ze+c+fQB26feuJc4fI1n+09caoqkChrKdzwiVCpQWeqzjXF8Ki6f++xojU5uwovVJhnt6uMPonQWiTuXdUw1Lq8OsTp3dYjPMzdOFw1T0+QgyHfB+v2vvq3reeLaUX3U+tTlYNGw1vEABAeyD/xm3/ic6+yiFOZKW1byQ/fOfz27OFHT53adWhXRZXMDb+s+w1JNaQqMUqNFokZoYZsyJo4aUHzsarBvbtOyxzeJsPD1IB5BgTNTmtHyrXUc+G0cKKmJQU9dRiVgYQPNhz+zR9X780rZ5JP172GXEEToYtWtmqNHUuwV9nVkH+Qf1ytnvwTpxVXYrxNimfB3GFTx/Q+dPTrc2dLNI2pHs0wkmQjyJlGoxjiMqc1YtCg9YHiuZKCm1pujGmKVNW/V6fs0Te2T/Ezer9kHq4QF1Kpd9bRwLrmbRginlZRimD6fJoMM+KZRPH9wWd7fv7iFztPBQ05YDCZ2sqMUQPTXPPqnViXQsV1NeQf5B9Xw3HcK6Ul+e+8ecSAfu127dqTf/qSasi6rEiGT2KaebzES2FxVQDSIE1cEZRmpyCreuKBr0+vydl1viQkzh6k2DEU0cY0JDOmrTl++UNED0M8IpVKqHkrMZ0mwzxJQUyDOUlc2Xfi4ot/2bLnVAU1jXVaqTVVZ1U6TQpNSCyGO0CUQ/6J2/wTpxU3sZW/bevkk8dPnS9SqamlyYZ5RMH83/zP7Pwmc9jlLvFM46mGb+/Xp1fnbD9fUiIOolAQ8ZB5NVFr7MsxRf3rCXRrXOtTm47er5uHTKjDY/agb/Tuyz3/qz+v++LgJZ1eSubxHgBoUcg/cStO9yr7vNLQHmkjb2idnJBi3myyQkTJ1VFeL4punVYXrnlZ5eBeHbJGDm+XIc53F58jrm1GrRnNDHR6ab/F1tzgrg21bSmmrWu46F7x1ZJv//HSn7+x5p21x3VVXIhV5TLTA/ZKGNNoEwB7ld0L+achkH+iVj35Jz63cXkg6N+RW/7VwbNlgXKdK7LmNRuWjaPzIOeqR5eDhnfv8cJPN+8sFFeE8ZuRR41KCnTzM6sDjF5Zj0gQn0zfa32dxmT/4fxLv3lj/YdrTxmqZHBNZ4YsgiD2wx0guiH/xK/4rLgUiWqwKrjzQNnOvWcrKlWNJ5jB0jiSoXCxM0iXmTeoSQdOnPpy197ySs38nZxq/lTOwfCir6OHTl8t7j1ZXM7/9I/t768/Wq5qOufUiqZJMpjZAnUbajDWfK4HbRtZzPcBRCfkHzehxFLzuR529qk3/0TpXmWaervrm9011dWf1DPIQrNEYgqFQKKsDuudPnBwr2RfuURrgrgHliYO+zPZvE5KPagV6TEPXQTEHiF6pQeTE7Wpo4aM6t9DkSn4zGmwGps0WLwyd+9cY9IayFo6YpLFyYHiM80+FO5cCckpH3xx/Lf/u/pYYYDLHoMpkhGSzL1XV6AZ1YQFLctyampqUlKS1+v1eDyKotAzxQz1t56t+U/PFuppdVT3vKJPzZGp20JfkZ6enpiY6PP56Ivo2fouQm+v/oRq9JbqjuzsbOxVdi9auMg/yD91cXX+qbPidurUqfrTrb+EWB9nddREH0LP1N/qoHFqPhMaRM+BQCAYrKWZk5CQkJaW5vf76a+ib7T+sOovteaghV7SM73F6qaO6j7WSzGSyXpZF3OyZApDiWlepnZol1JWsD/v6E7Oq6hBJn5+Lg6rWKe5N4Khq+nJ2tQbBw/r20uhSDOovUlhZn6PGEwBao5nz5XmMFch8Ws26qC1zvpk6iWxtJ5G9xllWutLFUGaN9bYV6D505yMRm+vXkZWhFiovz1GS6OJQcV1L1p8yD/IP3Wht7s3/9RZcVesWGGFIP1t1U0JK/isv62a9RbqoP7V3Vb/mj1JKBSiiLcG1UQfS99lfT6pnon2YEecyf363T8/dfzAOsWgOFJEGNVygv41SLrK9KqUFD5l+MhhfXt7vLR6V4pGK60/4kGzuulx9g2iaUlTFxRrlLV+ip4aS2nL+tzJEvuKl3GMggcV171o8SH/IP+4FwVPoytuHCas03nH3n/r/x3dvdojUUuZwoiiqnERrxsSN0KcV6Qk+yfeMChzQC/FGxB7U8Spg7QW0awO01wVC41alyFKKuLMQIp14stgfW5mGaNEd3yLzwCOGcg/yD+uVk8AO9qOi3Kduva67V+e6D0kS2UJhvgpd+PCXeBclz0G95VcCmzYuWPrwcPBoJfxBPFRYveOGZdhIfbk0BL1iHC3ftXuSWVdJrG0ofYIAOAqyD/xABX3G7r06Ddn/g/6DJysM2qj1LL1Xz/J0KgdqTIf4/5Ll9hn2/dtO3BMC0lM8pjNQCviG78i1Y6WncdstIaYN411n8I6jGOS1x4IAG6D/BPzUHGv1Klb79nfeqLHoPEUuqKlaVCwmntjGhL/nEviPZxT0DNfSZm0YefeLYeOhoLV0UlBTx9kPeiltX+mgbh57oN5toL1Obomduz4U1n3qazDeIQ7gNsh/8Q2VNxadOzae9b8f0vv0F8TkalZQWmIvSjXJE7hk8Q5fJohKUzxXrykf/bV7u2Hvg6pCmMJ5tkQqh3rVmOzES1OGtV8iCkxzKnSxXVW29/IOowVHQDgfsg/MQwVt3ZduvedcsvDCantdb3KPPNdMkPTjP1GoMamt/QSW7dz91eHjoVCFJTWDLeCnrobEe/m6mQ+BMU8419mGQNZx3FMnGcBADEC+SdWWQsArsYzJ92UPfuRhLQuISMkdqSIi4U2KkAFg/t0ObG0TFv71bZth/arKrUxzUueihtrND7i7Z1Csv0b+fQ+rOfNzNvBHg4AMQL5Jzah4taJS/LYabOz5jzmT+se0jgXP/duQsRr4qiH5LlYoW3Yvn3bwaNB1cd4ohnr1bt3GoA+pPofWlsMD8sYwHrPYr4uZn8AiCnIPzEJFbc+suIZPeW2GXOXJKd11vQK8wBGdfA1iMRUiem6kch4xsVL8vrtu7fsPxgKciZuN00RT48GovXNfKaHbrBWHVj3bJaAcAeIWcg/sQcV9xoUj3f05Fuy5j7qT++saRrTPObZgxR0DTp536A5LBqm1DqljoTicnnjrv07jx7SqcUqKUyi1cH8NRuNKBqw1uPqhqc1jtmhaywxjfWYxBK7mX0AIGYh/8QYVNxro5bmmKmzsuYs9CV30QyNM1WErwjQhuyTEUEscVXcPVpSJMlXeoltO3Ds1IUiseZo5rkM4sfp9FHUiqTFQeNfvVAMJofMdUFhvnTWdYr5S3N6DQAxDvknlqDiNogsK+OnzZtxxxJ/WnvNCHCD4p2bEdeQhuY3cf+pgqq1W/edLSgXDUzxMfS4fBIgfbA4qeEK1BT1iv7+NNY9i7UfY57+AABxAfknZqDiNpQkK+Omzcqa/agvpbOqh0S4N+nsQc51jXsPnbiwcsuu0yXlYt8Os84btC6cZq0A30SrAQ1RfKxrJsIdIA4h/8QGVNxG4JI0Lmt29twlCRk9gqp1+KPRES9i3jAMSTp0qmDlln2nCkrs64wLFPQh8xT8b6I1gVaKtgNZ23EId4D4hPwTA1BxG0eWPWOnzpo+d0lSRhfNqLTPHrysYbt4JE4NVkPRjcQjJ/NWb915+vwlcQ02cRCFYl0ccTFHu7wuWetVuyGsazaTk+2eABB/kH/cDhW30WTFI36cPueRhPSumqaKdiEFqyGJYysNIu6abXBFNDW590hu8cotu08VlDJuXsaFy6LtamjmkjGYuOUTZ+2vZz1uZd721vsBIG4h/7ia2MFgd9aA24tekxoKbdrw/qfvvlxZck6RNApL0RZkV9/u+hpo/sussm/X9KzMIV3aZpjnMqjMMI+p0BDdw9oPYT1vYd529hugARDArobFd03IP9EM98cNP8XjGTtlTvbcxb7UTrquchagUOf0XyPRKqIx36H8Cyu37D1TUCY+QDQ2zSMrusSS2ojLliLcAaAG5B+XQsVtOlmcPTh7+ryHva06qdQYNMx2ZqOZN/rQ/V+fpKDfmV9YZp4NoTPNzxLbiNtgpfSxRwQAuAz5x41QcZtFnD04ZXb2vMf8qb1C4pBHE3aFSZwpstghJB/Jv7AqZ/+p8xT0HpaQLn761mYklhEA1Ar5x3UwN5tLUpRxWXNm3PFIQmoHTVfFwRTRSKSHeWDlG67uI+jMIy7GxhRV8x44kfePz3fnlrVivbNY21HUkLVHAgC4CvKPu6DihoEkK5kTb55++6LE9G4hVRe/bzMoUu0rltpxbj/M9UGsEtRFI9A/1K3ruhRQucYTUtsPTu4+OdR1Gsug1iXCHQCuAfnHRXCuctiooeDmDR99+t4rFcW5irhkGhdn7FMLkgLX4OZJDdZDN8SFTM0fvdEYOlc1zeNP7zUws9+Q0V17DuzYpWdicivzI6GJEMCuhsXXBMg/0aOeAEbFDSc1FMrZ+PGqd58NFJ2QJa9oQnJJxL5oVVKsE1oVVPOmlbJueCUlMaNd136DM/sPHdupW++U1NaNPrsfaoMAdjUsvqZB/okSqLjO0TT1izXvr1n+fKA0X5J8BvMxrkosYBgU5TrjXNcVJiUmpXXuO2T0oBvHdevRNzm1teLx2O+HcEAAuxoWX5Mh/0QDVFxHaVooZ/1HK955MVh6RuYSNT0p3Gl2St5kX6t2Hbv2Gzh4dN8hI9p27KJ4vPZ7IKwQwK6GxdccyD8tDhXXadSc/GLNh6vffa6s5ISseBMSMtLa9rzu+glDRk7s2Lm7x+uzx4PIQAC7GhZfMyH/tCxU3BagqaFN6z/asXVt+w6deg8c0avPkPTWuDCpQxDArobF13zIPy0IFbdlaKpaVlqSkpYmybjFlaMQwK6GxRcWyD8tBRUX4gsC2NWw+MDV6glgXAEDAADACai4AAAATkDFBQAAcAIqLgAAgBNQcQEAAJyAigsAAOAEVFwAAAAnoOICAAA4ARUXAADACai4AAAATkDFBQAAcAIqLgAAgBNQcQEAAJyAigsAAOAEVFwAAAAn4P64EIMQwK4WV4uPMnCtSThCuMl+AZFRTwCj4kIMQgC7WvwsPvozP/7447y8PPqT7V51oDIZlsLs8XjGjBnTv39/+zVEACouxBcEsKvFz+I7ePDgL3/5yzNnzsiybPeKsFAoNH369CeeeMLn89m9INzqCWAcxwUAaAGapn3++efnz5/3er1UcR1z+PDhY8eO2RMBzkLFBQBoAVRrDxw4oKqq/doRiqLQJjUVXfs1OAsVFwCgBRw/fjw/P582Ou3XjuCcB4NB+uqKigq7FzgIFRcAoAUcO3bswoULDldcQt+4e/fuc+fO2a/BQai4AABOKygo2LVrV4v8UEdRlJMnT+7du9d+DQ5CxQUAcBrVvCNHjji/gWvxeDyffPJJcXGx/Rqcgor7T4Zh0Gpw+vRp+zUAQAQEg8GtW7eWlZVJ1/oZboTQ9546dSo/P99+DU5BxbVVVVX94x//WLp06c9//vOcnBwnrwIDAHGlqKhoy5YttKFpv3acdf7U7t278bN1h6HiCufOnXvuuef++Mc/0gbukSNHnn/++bfeekvTNHswAED4nDx5kjYxW2oDtxptZ9OWhv0CHIGKy/bu3fv000+vXLmSgk9RFK/Xe/bs2b/85S9Ud7HXBQDCS1XVVatWUaqxX7cQqvfHjx/HpTAcFu8Vd+PGjVRud+zYQStAdZOTummt+Pjjj5966qkTJ05YPQEAmq+wsPDAgQMtvoFLAoHA+++/b78AR8Rvxa2srKQN2Weffdb6EfoVp+lb6wOtGD/72c9Wr16Nox0AEBYbNmwoLS1tkd8FXYGm4fDhwxcvXrRfQ+TFacUtKSl55513XnvtNYq2q8uthXpS3aV6/OKLL77++utlZWX2AACAJrHOUo6eEzOp9m/evNl+AZEXjxX34MGDP/3pT9944w2qtdfct0PjWFvDVHRPnTpl9wUAaLyCgoLc3Fz7RUujjYpAIJCTk2O/hsiLu4q7cuXKX/7yl/v27Wv4qfkUl1R3P/rooyeffBIXagGAJtuwYQO14O0XUcC6CMGZM2fs1xBhcVRxL1y48Kc//emll146d+5cY08UtPYwHzly5JlnnvnHP/5h9wUAaLBQKLR582Z6rvUwVougtEab3WvXrrVfQ4TFS8WlKvvaa6+9+eab5eXlTT4vnzaLc3NzX3nlFSrbuDQVADTKl19+SYkoesotoYmpqqo6cOAAzlNxRlxU3P379y9dunTdunXUoGvmz+Co6AYCgeXLl1PRxa4YAGi4bdu2Xbx48ZrnjjiMpic/P//48eP2a4ikGK+4uq5TdfzRj3504sQJ6g5LrNOHkC1btvz7v//71q1b7b4AAHUrKio6ffp0FP7OkLLZ+fPnv/76a/s1RFIsV1wKo3feeefVV1+tqqqiqArjzhzrsG5hYeEzzzyzcuXKYDBoDwAAqM2uXbtyc3Mpb9ivowZls4qKioMHD0bVKV2xKmYrbn5+/tNPP/3KK69QozJCB05kWS4uLv7d73732muv4YdDAFAX67YBpaWlUVhxidfr3blz5/79++3XEDGxWXE3b978q1/9aseOHXVd3SJc6MPJsmXLfv3rXx89etTuCwBQw4kTJ/bs2UMdEU1HTUZ58vz587QVrqqq3QsiI9YqbmVl5VtvvfXss89Sey28e5Lr4fF4qNz+5je/WbNmDW7zBwBXOH78eH5+fjNP24woSmJ79+4tLCy0X0NkxFTFLSgoePXVV6niUnvN7/fbfSOP6jpVd1qpXnrppb/+9a+4ARYAVAsGg5QcAoFAdG7gWmgzlyYSFTfSYqfi5uXlLV269JNPPtE0rUXakl6v9+LFi1Tvn3vuOfy4DQAslJrWrl3r8/ns11GJWgPl5eUbN27EeaARFQsVV9f1VatW/fSnPz127Fi4fgLUNNRODIVCtHb9/Oc/379/P/YwA8Dhw4dLSkqi85ypmih9bdq0qaioyH4NEeD6ikuhTJuVr7zyCjUkI32eVENY69Xu3buffPLJlStXUgG2+gNAHCotLaXtgWjen1yNctf58+cPHTpkv4YIcHfFPX369KuvvvrGG29cunSJyq3dNwpYsfviiy8uW7aMVjm7LwDEmTNnzlgbA/brqJeTk6Npmv0Cws3FFZe2I3/961+vWbNGUZQobELSOlZVVUXb388///zZs2ftvgAQT2iTsayszBXbuISmc9euXRUVFfZrCDe3Vtzly5f//ve/t36yHbXRTEWXWovr169/6qmntm3bZvcFgPhApeuTTz6J/iO41SiXFhcXf/rpp/ZrCDf3VVwK4jfeeON///d/8/LyvF5vlDceaWWjTfDt27f/7ne/o1ZCIBCwBwBArKPs1KpVK0oCUXg55VpZZ55G8++G3Y7Xej5t1IZIfn7+yy+/TNuLNNlRXmuvQBu7fr8/Kytr0aJFCOhIc1GOg6vFzOKjNEWbjKtXr/7www/Pnz8fzSu+VQiuv/76W2+9ddSoUbQxY/WHJqgngF1TcWk6N23aROX27NmzNHnuKrcW+hPIwIEDFy9e3KdPH7svRAAqrqvF2OKjv+XgwYOvvPIKPVMGoNwVVenLyku0LT5z5szbb789NTXVHgBN5fqKW1lZuX79+j//+c+FhYUuOuuvVqqqDhgw4IEHHhg8eLDH47H7Qlih4rpaTC6+kpKSZcuWffbZZ9Z1nehvtPq3LEpHNCWUi+bPnz9s2DC7LzRPPQHsgopLU/jWW2+9+uqrNFWk1gl2EWrehkKhpKSkpUuXjhgxwu4LYRVVAQyNFauLj3LXgQMHPvzwwy1btpSVlbVsg5smJhgMtmvXbuLEiffccw82bcOongB2QcWlKVm+fPnGjRtpquxeLkfznJqWCxYsGDp0qN0LwgoV19Vie/FVVVWtWbPm3Xffzc3NVRSlRdIaNfrpe2mjdt68eSNHjrT7QpjUE8Du2KtM8XHu3LmoOvjRHDTPqXnbunVrnEIVIbGdsmNePCy+ffv2rVq16vPPP3d+YzcQCPTu3XvmzJm0dUtZyO4L4eP6igvQKAhgV4uTxVdRUbFz587ly5fv3bvXPJsq4lsU1lwdP378/Pnze/bsafWEsEPFhfiCAHa1uFp8Fy5cWLZs2YoVK6y7wUeo7lKeJ23atKFaS5u2SUlJ9gCIAFRciC8IYFeLt8WnadrmzZvffPPNvLw86g7v9i5leJqZPp/vxhtvfOihh7p06WIPgIhBxYX4ggB2tfhcfMXFxbSlu3LlyoKCAqq4NBPsAc1g1e9u3bplZWXNnTsXJ444AxUX4gsC2NXiefHt3bt32bJlW7dupWLZnAJJiV1V1dTU1LFjx86fP799+/b2AIg8VFyILwhgV4vzxVdUVEQbu6tWrcrPz/f5fE3Yw0xzjxL7wIEDZ8+ePWHCBJqf9gBwBCouxBcEsKth8ZFdu3atW7du/fr1lZWVjdrYpU3bxMTEGTNm3HrrrThq2yJQcSG+IIBdDYvPQrV206ZNy5YtO3r0aENuLWDtSR40aNBdd901bNgwv99vDwBnoeJCfEEAuxoWX015eXlvv/32xo0bqZqKk5hr28lMaVzTtHbt2s2cOTMrKwtHbVsWKi7EFwSwq2HxXSEUCm3fvv21117Lzc2lOUPzxx5goj6yLNOm7QMPPNC/f/8rhoLz6glgVFyIQQhgV8Piq5V196E1a9YUFRUpikIbu9ambdu2bWm7ds6cOWlpafao0KJQcSG+IIBdDYuvLpSuc3Jy3n777SNHjgQCAZ/PN3To0HvuuWfIkCH2GBAFUHEhviCAXQ2Lr34FBQUffvjh4cOHBw0aRJu2KSkp9gCIDqi4EF8QwK6GxXdNlLcvXLjQpk0b+zVEE1RciC8IYFfD4gNXqyeAcVYbAACAE1BxAQAAnICKCwAA4ARUXAAAACeg4gIAADgBFRcAAMAJqLgAAABOQMUFAABwAiouAACAE1BxAQAAnICKCwAA4ARUXAAAACeg4gIAADgBFRcAAMAJqLgAAABOQMUFAABwAiouAACAE1BxAQAAnICKCwAA4ARUXAAAACeg4gIAADgBFRcAAMAJqLgAAABOQMUFAABwAiouAACAE1BxAQAAnICKCwAA4ARUXAAAACeg4gIAADiBG4Zhd9YgSajE4G66rttd4DbIP+B2deWf2isuAAAAhBfakgAAAE5AxQUAAHACKi4AAIATUHEBAACcgDOnIohzbndFGBYiAFwNKSjaoOJGEIW7A7PXmW8BANdBCoo22KsMAADgBFRcAAAAJ6DiAgAAOAEVFwAAwAmouAAAAE5AxQUAAHACKi4AAIATUHEBAACcgIoLAADgBFRcAAAAJ6DiAgAAOAEVt4kOHTrEL1u8eLHdFwAgwkaPHm2nHhPyj4ug4jbFe++9179//6efftowzZgxg/rYwwAAIiknJ4eereRz9uzZF198keruuXPnrKEQzXDPh6ag+Kbna846Gs2B2evMtwBAlLgi/2zatGns2LG0AfDEE09YfaohBUUbbOM2GsU3PS9atMh6CQDQgnr16kXPf/nLX6yXEM1QcZvouuuus7sAAFpO+/bt7S6Ieqi4AAAuhiO4LoKK22jYhwMA0ePYsWP0fPfdd1svIZqh4jZa+/btn3766ZycnGeeecbqs2nTJpyrDADOow3csWPHUsfVp01BFELFbQoK7uXLl3/ve9/jpjfeeGPOnDn2MACASMrMzKRnK/l06NBh0aJFOFXYLXBWdwTR+oBT8wGgpSAFRRts4wIAADgBFRcAAMAJqLgAAABOQMUFAABwAiouAACAE1BxAQAAnICKCwAA4ARUXAAAACeg4gIAADgBFRcAAMAJuDpXBHHO7a4Iw0IEgKshBUUbVFwAAAAnYK8yAACAE1BxAQAAnICKCwAA4ARUXAAAACeg4gIAADgBFRcAACDyGPv/AcqWCtMHB3A4AAAAAElFTkSuQmCC</file>
    </questiontext>
    <generalfeedback format="html">
      <text></text>
    </generalfeedback>
    <defaultgrade>1.0000000</defaultgrade>
    <penalty>0.3333333</penalty>
    <hidden>0</hidden>
    <idnumber></idnumber>
    <single>true</single>
    <shuffleanswers>true</shuffleanswers>
    <answernumbering>none</answernumbering>
    <showstandardinstruction>0</showstandardinstruction>
    <correctfeedback format="html">
      <text>Your answer is correct.</text>
    </correctfeedback>
    <partiallycorrectfeedback format="html">
      <text>Your answer is partially correct.</text>
    </partiallycorrectfeedback>
    <incorrectfeedback format="html">
      <text>Your answer is incorrect.</text>
    </incorrectfeedback>
    <shownumcorrect/>
    <answer fraction="0" format="html">
      <text><![CDATA[<p dir="ltr" style="text-align: left;">A</p>]]></text>
      <feedback format="html">
        <text></text>
      </feedback>
    </answer>
    <answer fraction="0" format="html">
      <text><![CDATA[<p dir="ltr" style="text-align: left;">B</p>]]></text>
      <feedback format="html">
        <text></text>
      </feedback>
    </answer>
    <answer fraction="100" format="html">
      <text><![CDATA[<p dir="ltr" style="text-align: left;">C</p>]]></text>
      <feedback format="html">
        <text></text>
      </feedback>
    </answer>
    <answer fraction="0" format="html">
      <text><![CDATA[<p dir="ltr" style="text-align: left;">D</p>]]></text>
      <feedback format="html">
        <text></text>
      </feedback>
    </answer>
  </question>

<!-- question: 130268  -->
  <question type="multichoice">
    <name>
      <text>Question 7</text>
    </name>
    <questiontext format="html">
      <text><![CDATA[<p dir="ltr" style="text-align: left;"><span></span><span id="docs-internal-guid-193f4723-7fff-d5d7-fcb5-db9ba25a49dd"><strong>Select THREE options</strong> that combine to make the complete shape shown below without overlapping. Pieces may be rotated 360 degrees.</span><br></p><p dir="ltr" style="text-align: left;"><strong><img src="@@PLUGINFILE@@/07.PNG" alt="" role="presentation" class="img-fluid"><br></strong></p>]]></text>
<file name="07.PNG" path="/" encoding="base64">iVBORw0KGgoAAAANSUhEUgAAAsEAAAH3CAYAAABaeoJZAAAAAXNSR0IArs4c6QAAAARnQU1BAACxjwv8YQUAAAAJcEhZcwAADsMAAA7DAcdvqGQAAPzISURBVHhe7J0DfBxdF8a/unFq23ZqpW7T1LbtNrVt27Zt2/Zb20zK5zvn7ky6SbfpptEmOf9fn87MndnJ7OzgOZf/gyAIgiAIgiCEMsQEC4IgCIIgCKEOMcGCIAiCIAhCqENMsCAIgiAIghDqEBMsCIIgCIIghDrEBAuCIAiCIAihDjHBgiAIgiAIQqhDTLAgCIIgCIIQ6hATLAiCIAiCIIQ6xAQLgiAIgiAIoQ4xwYIgCIIgCEKoQ0ywIAiCIAiCEOoQEywIgiAIgiCEOsQEC4IgCIIgCKEOMcGCIAiCIAhCqENMsCAIgiAIghDqEBMsCIIgCIIghDrEBAuCIAiCIAihDjHBgiAIgiAIQqhDTLAgCIIgCIIQ6hATLAiCIAiCIIQ6xAQLgiAIgiAIoQ4xwYIgCIIgCEKoQ0ywIAiCIAiCEOoQEywIgiAIgiCEOsQEC4IgCIIgCKEOMcGCIAiCIAhCqENMsCAIgiAIghDqEBMsCIIgCIIghDrEBAuCIAiCIAihDjHBgiAIgiAIQqhDTLAgCIIgCIIQ6hATLAhCoPHz50/Rj5/48eOHmhqnf//2Hd++flX6+uUrvnz5Ag8PD7h/dsfnz5/x6SPrEz5+/IgP7z8ovX//Hu/evcPbt+/w5vWbf9BbvH1j+DzvR5e+/w8fPqi/9/nTZ7i7u6tj+aNovYcHH/MXfCHp30UXfz/Wj+/ad9fOg7H0cwL6JwiCENCICRYEIcBh8/Pp0ye8ePEC9+8/wJ3/7uDWzVtKN2/cxI3rN3Dj2nWlq1ev4uqVq7hy5QouX7qMSxcvKV28cBEXzpPOXcC5c+dw9uxZg86cwZnTZ3D61GmcOnlK00kcP37CoGPHcezYMRw7etRTR48cwdHDh3Hk0GEcJh06qOsgDh44gAOk/fs17TNo3959Pmrvnr3Ys2ePSe3ebZBhfjd27tjpZf1e0sEDB3GA/h7vi7fdtXMXdmzfgW1bt2Hrlq3YvGkzNm3YiI3rN2L9uvVK69YatHbNWqxetcZsrVm9Vmn16jWe+9D3ydq0cSM2b9yktGXzFmzftp2OhUTHzeJj271rt9Hx78XevXvp2Perc8Xfg88jy3D+9nueJ/1c8Hng/Rh/z320jyuXr5ABf69dOYIgCAGHmGBBEAIczh28fes21pLpGjRoMNq3a49WLVsrteZpi5Zo2aKFUvNmzdGCxFNdzRo3+U1NSY0bNvqjGtarjwbexGmsOrXro27tOl5Uu1Zts1S9Wo0/qLpS5cpVNVXxoiqVKqNKxQqoXKE8KpYvb1gmVa7kdTu1rdqugppWq1RJqWbVKqhFqlOtCurVqIr6Naqhfs3qaFC7hr+K982qW72q+pvGql65kqf4mPj49GOtTN+pEql8uXJwdXFBWZcynnIpXRoupUp5UekSJTxVqkRJlCpZSv1Gc+fOo0DpvnblCIIgBBxiggVBCHC4OPz6teuYPGkyypR2QdIkSRE/TmwkjRcL2ZLHQfYUflfOlLGRg6a5aFo4bcyAUxrzVChNDC8q7IO8b1sgcUTPdaUzxYZL5jgoq6l8ljhwJdXI4b+qnC0OqmWnfdPfYOl/j1UsfSw4p3L0PCbnFLZqysdprPykXPEjImf8CL8pf2LTyhwnPJJGDY8Y0aMjf778GDd2PO7euatdOYIgCAGHmGBBEAIcruv5/NlzVQRfp3YdpEicBOlihEP5VBHRKXckdMsfGd0L/FKvgpHRhzSg0C8NLBwZg0xosLOV0pAihukwmg4vSss0z1N9maejiln/ptGaxhQ3T+NLWGNiSd9rLH12VDErDKLj6kPfkcXLvE99m8mlDNOppa0xvYxBM1y8anZZg2bwOm+axdto8zNpfg5tx2ksXjbe1lj896bRdDpvQ1LzvI7m9ePgNF28vSnNcP11fN41t5zNb+L9ds0bGUWTREDGpHFRs1o1rF61Gq9evtKuHEEQhIBDTLAgCIECN5a6fPkyRo0chZLOBVAibVT0LWiFXbVtcbWFPW63tsd/bQxT/9YtVitN3tbp4r/9nz71prtt7XHvD7rfzuE3Pe7ggEft7dX0YXsHz+1u0N+/TN/1fDM7XGhu2K++/QPajqe6npCeGi2zHrT79Xf5s6w7fHwknvLxm/puf5L6rLY/Jdq/8XfwLj6eF52M1MUBrzS97kyi6Vs3B7z7m7Tt+XefQua5WkY7lC2UE4MHDcaFCxdUo0BBEISARkywIAiBxutXr7Ft61a0ad4Mrk7J0SlPZOyta4uXnR3xvacjfgSAvvX4XcbpAfF30SuKp/S/g960/I8y9Td0fdX2r4uX/yR9vb6t9339JBkfu5KJ4/GVvO+PxH/nvZsjDtW3M+QEZ0mKpg3qY8OGjXgpucCCIAQSYoIFQQg0OIfvxvXrmDJ5CiqVKooqWaJjYhlrXGtpD/fuJgxYMBebvS/0vdhwmlofWvWFzsedtg6YXtYaFTM6wMU5D0aNHKN6hvj69at2tQiCIAQsYoIFQQg8fgJv37xVXYJ17tARpXKmRsvsVthcwxbPOjqoXFlTpim4yjOH1cS6v8n4MyZzaIOpfvZyxJsujqoEoJ1TZJTKlgQtmzXBjm3b1bUhfQQLghBYiAkWBCFQ4Z4i7ty5g7lz5qJ6hbIonSUBRhS1xrnm9vjUTXJMTYmDg38x0pYozgW+2coe00pbo1wGB5QrXgQTJ0zErVu38f37d+0qEQRBCHjEBAuCEOjwaGTHjx1Dr569UCpPJjTM4YDVVWzxhHODpeqAF3FOMtfjDQkm+GfvKHjV2UE1hmybyxZFsyZFp/btsH/fPnz48FG7OgRBEAIHMcGCIAQ6nOP35MkTrFyxCnWrVYFrjsSq67BTje3wqWvIyfUUeZVHN0dcb2mPCSWtVX/HlVzLYs6s2bh3954aTlkQBCEwERMsCELg8xP4/OkTzp09p7rFKlc0Lxo4RcWySjaqqzDO+TRlokK7OFfYVHpw0I+eUfCis4Oq/90ytyNcCmRHr27dcPTIMXzkXGCpCywIQiAjJlgQhCCBc/5evHiJjRs2olnDBiiXKyX6FrDCkQa2qq/Z4Gz4Akr/2sguqMUN+z52dcT5ZvYYWcwK5Z2SoF7N6li2bDkeP3pM14LUBRYEIfAREywIQtDw0zCAxrWr1zB2zFhUKFMCdXLEwIJyNmpAC+5azJShCq1iI8k55MExOPhKv+Xj9vZYU9UGjXNGg2vh3BjQvz/Onj2Hz58/axeEIAhC4CImWBCEIINzg1+/fo3t27ajXauWKJMjGbrls8bO2jyAhkOI6hrMr+Kuxdy7Bb8+h9m0v+7iiBON7NRQ1q45kqBpgwZYvWoNXjx/IXWBBUEIMsQEC4IQpHz98hU3b9zE1MlTUMWlOCpmi4vJZaxxqbkdPkuXaZ7ibtJ4yOHglkPOg6Bwzv6C8jaokcURZYoUwPBhw3HhwkV4uMvwyIIgBB1iggVBCFJ+/vipDaCxFx3bd0CJnGnROrc9Nla3xeMODqFqtDXONf1TdQc+D9y9WHAywWzcOUd/b3079ClorbpEa9qoITZt3IRXL1+p314QBCGoEBMsCEKQw0Pl3vnvDubMmYMaFcuhYo6EGFPcGscb2uFdKOoyjY3utz+YYDaU3GAwuAQF/Jt96OaIqy3sMKOsNarkiIfizkUwfuxYXL96TdUHFwRBCErEBAuCEOT8/PkTH96/V91ldevaDWULZEeLXI5YVcUGD9qFntxg/p4hpR40N+J71skB22raolM+exTPkRLNmjbHju078eb1G8kFFgQhyBETLAiCRcADaDx69AjLli5FvRpVUT57Agx1tsIxzg12Cx25wfwdVTdoZhhh3sZSzwl/B84FvtTSHpNKW6OaU1yUdymLaVOnqhx/zvkXBEEIasQEC4JgGfwEPNzdcf7ceQzsPwBlnXOhrlNMLKpgjTtt7EPNABr8Pc3J+eZt/lR/OKjFx/a4vYOq190ulw3K5M+Kju3b49jRY4Yu0SQTWBAEC0BMsCAIFgNXi+AGU+vWrUOzhvVRKkcK9MhnhYP1bPGui4NJwxWcpHJv/2JcfWocZyyP7o6qkZwlGuFP3RxwpokdxhS3QrkciVG9cmUsXLAQz54+Uzn+giAIloCYYEEQLAouKr9y5YphAI2SzqidIwZmuljjZiv7YF032Fxzy/0Bm1PNgYOCzxZogvk34nrcq6vbom1OMsHOedCnV2+cPn0G3759035lQRCEoEdMsCAIlsVPGAbQ2Lod7du0QcU8qeCW39ZzAA1LzPk0R2xs/bMO73etOoQlNaTj4+H622pgjKI2qOCUGPVr11bDI7948UL7gQVBECwDMcGCIFgcnBt88+ZNTJ82HVVdS6J2tqgYV4oH0LBXA2hYkvEzR2wOA8q8B+S+fSM2+Fw9g+tvL6xgg4ZOjihfoiCGDh6CC+cvSC6wIAgWh5hgQRAsDq4b/O7tO+zftw9dO3VCmXyZ0TJPVGyobqMG0AhOjeTYHAa0UbUEI8z9GL/u7IAD9WzRq0BkuGZPhCYN6mPDuvV4+fKl9ssKgiBYDmKCBUGwSL59/YY7d+5g7py5qFO1ElyzxsXwolY409gOH9QAGoFr+v4191k3wabW/U38Hc3qKYL2H5T1pfk7furmiOst7THdxRrVskZDxVLOGDN6NK5euSJdogmCYJGICRYEwSLh3OD3agCNI+jbuw9cC2RFg+z2WFaJB9AI/C7TgqIKBptgzmE1tc5YXEWETaipdYEhPsbnnRywo5Yt2ue1Q+mcqdC2ZUvs3L4Db968kS7RBEGwSMQEC4JgsXB3Wg8fPMTyJcvQsG4tuGaJi0GFrXCkAQ+nHLhdpgVVdQNzzDfXxfUIwpxgNuAXm9lhcmlrVMoSE9XKlsLUKVNw+9YtqQssCILFIiZYEASL5uOHTzh96jSGDR0GV+dcaJjVBgvKW+N2IA2goVe7+BcTHNwa8P2L+Dvy8Mgba9igtZMVyuROhy6du+DggYP48OGD5AILgmCxiAkWBMGi+fH9B54+fYoN6zegRePGKJMzNboVsMO+urZ45+ZAJsy0OfMvcX3X0GBm/1XcVzHnAo8sagXXzHFQq3J5LJi/AA8fPsTPH+KABUGwXMQEC4Jg8bi7e+DypcuYNHEiKpUugpo5YmBWWWvcbm2vqgKYMmf+ITbAakomOKh7X7BE8Tl53tEB66vaoFF2ezU8cv8+fVTOvRoeWRAEwYIREywIgsXz48cPNYDGnt170aFdO5TNmQqd81pjdx1bvOriYFbjsX8V79svPTyEZHF1lAvN7NC3kBVKZEmMhrVqYd3a9XglXaIJghAMEBMsCEKw4OuXr7h9+z/MmDET1SuUQfWs0TC1rDWutrCHewDmBrPRYwMsJtirvveMgpedHLC0og2qZ7aHa9F8GDVipMqx9/Dw0H41QRAEy0VMsCAIwQKuX/ru3TscOnAAPdy6wjVverTMHhlba9riWUf/zw3Wc3+5uoUYYK/i6iFcH/tkIzt0yxsZZbIlRosmTbBt6zaVY8/d2wmCIFg6YoIFQQg2fPv6Fffu3sPC+fPVABplMvMAGtY400QfQMO0afsXsfFlY805wZbUMM4SDLkHBQZ32tqretnl01qjXMkimDB+Aq5du44vkgssCEIwQUywIAjBBs4N/vDhI44fO4Z+ffvCpUA2NMpmi5VVbHCfTJl/dZmm5wLrVSFMbROa9aaLA/bWsUVLJysUzZwYHdq2wZ5du/H69RvpEUIQhGCDmGBBEIIVPJwyD6CxYvlK1K5eHSUzx0P/QlY42tBOFdH7h2nVTbAY4N/FucDXWtpjfElrFE0eGWVLFFP1tG/fuo2vX75ov5IgCILlIyZYEIRgBec0fvr4CWfPnMPgQYPhWjgn6mVzxILyNv46gIY+SIbol7haCA+PvKG6LZplt0HujKng1rkzDh86jHdv30kusCAIwQoxwYIgBDt4OOVnT59j08ZNaFy/LsrkTIkeBWyxt66hyzQZ3CJgxL1wnGtqh2FFrFAqQwxUdC2HJYuX4MH9B/j6VYZHFgQheCEmWBCEYAf3PuD+2R03rl/HuLFjUalUEdRzio6ZLta42dpeFdmbMnGhWX4NDLiKyJMODlhTxQZNckZFqTyZ0L9PX5w5fQYfP3yUHiEEQQh2iAkWBCFYwgNocBH8rl270b5tG7jmz4SOuSNjWy3JDTYlNejHv56T3lHwuZsjzjaxw8BCViiTOQ7q166DjRs24vnz5ypnXhAEIbghJlgQhODJT+D7t++4e/cuZvIAGuXLoHLW2KrB1sVmdgE6gEZw1Detp4t/qev8o2cU3G/ngIXlbVAzswPKOefCyBEjVE48D2LCv4UgCEJwQ0ywIAjBGi6KP3TwILp3dYNLwRxom9tONdziBlz+PYBGcBefD1+fk95R8LGbIw43sEOXPFYoljUJWjZtrAbGeMNdokk1CEEQgiliggVBCNZwjwTcZdqiBQtRp2oVVMkRH0OLWOF0EztVhO+fA2gEd/Hod77t+5i35YExppa2RuUM1qhYsggmT5yEGzduSJdogiAEa8QEC4IQ7Pn08SNOHD+JAX37wrVwLjTKYY8VlWzwsL2DqgZgytyFNJlj9j91dYQ7BQbmmmDeJ/e9vL2WLdrkiIzSOVOjY7u22LVzN16/eiPVIARBCNaICRYEIdjz4/sPPH70GCtXrECT+vVQNnti9M5vhSMNbPHeTQa90KXqBPviXHAAcbm5PcaUsEa5TDFQs6IrZs2chVs3b+GLh+QCC4IQvBETLAhCiODzp884d+Yshg8bjvLFCqBq1hiYVdYad/4ygAabwtDWkwSb4b8FBj97RsHLLg5YU9UGjbJaoVTO1Ojm1hUHDxzEmzdvVe8cgiAIwRkxwYIghAg4N/jF8xfYtHEzWjZpjFLZk6NrXmvsqm2Lt2TmJDfYF+ptyAU+19QefQtYoXSmWKhTtTwWLliIu3fu4IvUBRYEIQQgJlgQhJDBT8DD3R1Xr1zFxAkTUKFUUVTKHA1TyljjVlt7ePiTCeZ6sqEh5/hpBwcsr2SD2hkjwqVAdvTv2w/Hj53Au3cyPLIgCCEDMcGCIIQYuIj+1atX2LVzFzq1a4ti2VOidS47bK+jD6Bh2vCZK3OqEViC/HqMX3o44nhDO/QpEBkuWROgSf06WL1yFR4+fGjoEUI8sCAIIQAxwYIghCi4qP7WrduYPXsOqlcohwrZ4mJMcWvVwIu7CPuXLtO4b12uV8zT4JAL7CcT3DsKHndwwILyNqid2Rbli+XDmBEjce7sOXx4/0FygQVBCDGICRYEIUTBJo2HUz5y+Ah6de+OMvmyoGGOKFhTxQavujjihynj9xcZm2BT6y1N/5xjTQbYgwKFIzwwRt7IcM2WEK2bNsGWTZvw7OkzfPv6TTvLgiAIwR8xwYIghDjYrD148BDLli5Fg1rVUT5rXAwsbIXzTe3g4UNPEX+SbiqDy8AbfKxs2n3qFcOUvveMgkft7TGtjDWqZrBGFZcSmDJxIi5fuqx635BcYEEQQhJiggVBCHmQV+PhlM+cPoOhAwehfMFsqJzeBssq2eCdW/DIzfWrONdajZhnRo4wm3vuDeJDV0fsrWuLVjkioYxTSnTu0EHVr3754iW+f/uunVxBEISQgZhgQRBCJNxl2tOnT7F2zVo0rFMLzpkToWs+a9xra48fvUK+EWbza25OMOccv+vigOut7DG6uBVcM0RBNdeSmDV9Bm7evKl63fj5U3KBBUEIWYgJFgQhZEKe7fMnd1w8fwGjR42GS+HcKJfGGrtr26ocT67/asoQhiSZ24jPnczyrdb22FDdFnUyRUSpbEnRrUsXHNh/AK9evVYBhSAIQkhDTLAgCCEWfQCNbVu3olXLlsidNhGGF7PFnbYOhkZuocAIs9gM/7E+M52Dt26O2FHLFoMKW6FYKjvUqFgWC+YvwH+3/1PDI0susCAIIRExwYIghFjYvLm7u+PG9Zuqy7QShQqiYgZ7rKpig+edHAw9RYRwI8xVHbi+L09/W0/f/VvPKLjezgGTSlujTmZrFMueAn179cLxY8dULxvSGE4QhJCKmGBBEEI0PIDGm9dvcOLECbRv0wYFs6RAi+yRsb6aDZ515BxhQ8MwZYZDqCFmA6z6SNZyv/n7fu8TBV/7kgFu74C+Ba3QNFskFEtthyplS2P1qtV49PARvn39qp1FQRCEkIeYYEEQQjxfv37Ds6dPsXDBAlQsUwrF0kVH3UwR0auAlRoU4nwzO3wikwgyhugfMvWTp/0MhvheWwesrmKDtk6RUCZFBJRMER5FU1ijhFNqDO7bDxfOX8Cnj58kF1gQhBCNmGBBEEI8bOY83D1w9sw59O7RE5lTJkHa6OGQMVY4pIsRDllih0PeBOFRIFHoUPa44ZGGvn9Ch7CIaxcWyaOGRao4DmhQuwa2bN6Mly9eSJdogiCEeMQEC4IQ8vlpqB/88uVL9OrZC0kTJ4Jd5PCwJ0UMHx7hQ6msIhrE5yJ29GioV6cubly/AQ8PD3XOBEEQQjJiggVBCDVwHdfDh45g/rz5mDx5sshIM2fMxI7tO/DhwwepBiEIQqhATLAgCKEGMXd/R86RIAihBTHBgiAIgiAIQqhDTLAgCIIgCIIQ6hATLAiCIAiCIIQ6xAQLgiAIgiAIoQ4xwYIgCIIgCEKoQ0ywIAiCIAiCEOoQEywIgiAIgiCEOsQEC4IgCIIgCKEOMcGCIAiCIAhCqENMsCAIgiAIghDqEBMsCIIgCIIghDrEBAuCIAiCIAihDjHBgiAIgiAIQqhDTLAgCIIgCIIQ6hATLAiCIAiCIIQ6xAQLgiAIgiAIoQ4xwYIgCIIgCEKoQ0ywIAiCIAiCEOoQEywIgiAIgiCEOsQEC4IgCIIgCKEOMcGCIAiCIAhCqENMsCAIgiAIghDqEBMsCIIgCIIghDrEBAuCIAiCIAihDjHBgiAIgiAIQqhDTLAgCIIgCIIQ6hATLAiCIAiCIIQ6xAQLgiAIgiAIoQ4xwYIgCIIgCEKoQ0ywIAiCIAiCEOoQEywIgiAIgiCEOsQEC4IgCIIgCKEOMcGCIAiCIAhCqENMsCAIgiAIghDqEBMsCIIgCIIghDrEBAuCIAiCIAihDjHBgiAIgiAIQqhDTLAgCIIgCIIQ6giRJvinCZnG57X+wZ+OwTjd+zpz8ctnAwbLOyJBEARBEARTBDsT/PPn302WbsW863e+k34YZgMIU3+fv4NxuvE6c/Hr5wMGOp8/f5j1G/3+Dcz5jCAIgiAIgv8QyqtDBKwBZgLS3lmedeSgwtwj4m296/fP6t/xXyX4Fe+/0Z/uGU73vq1f8L4vv+5PEARBELxioSaY7Yvhxffjx3d8+vgJL1++VHr96rXnvKnlVy9fqTTvMt6GZWqbv+nN6zd4++atEs+r9NevPdO8b6+n+0lv33nq/fv3nvPv3r1Xy3/Shw8flT5+/Ejn77ORPqk0XZz2+fMvGS+7f3b3Ig93D3h4GOsLvuj6YtDXr1/x7S/6/u37L33n3/iHSf388fM3eYEWzct1DpnwN/838f/eDaa5MmWCTRlgll/w7/0FHCavTUEQBMHisXgT/OLFCyxfvgJtWrdB2zZt0aljJ3Ro3wHt27VHx3Yd0LlDRzXlZVZnWt/TzQ29u3ZV026dO6Nz27ZoT5/t0Lo1OrVupcSfU+rUGd1o2+5de5N60XwPuHVxo/10Rle3rujRvYdS927d0atHD/Tv0wf9e/dB75491XLvXr3+qH69eqN/337o328AqT8Gkgb1N0wH9OmrxPtiDezXD4MHDsDQgQMxhMRT1rBBQzBqxAiMIY0dORIjh49QGjNiJMaPHYtJEydi/LjxGDdmHCaMm4jJk6YoTZsyDbNnzcGC+QuxeMFiLJxv0IL5izB3znzMnT1fLS9dsgwr6Pyyli9bhmWLeXk5Vq9cpbRm9RqsX7MWG9auw+YNm7B10xZs3bIF2zZvxbYt27Fz+y7s3Lkb+3bvwf59+3D44CEcOXxY01HSMRw9egwnjh3DyRMnSCdx5vRpnD1zlqZncP7ceVy+dBlXLl/Rprqu4Pq167h58xZukW7Q/H+3b+Pe3bt4cO++0n1ND+4/xMMHrAd4+JCmpEePHnnR48ePSU+UnjzxqqdPn3rq2bNneP5U07PnXvX8uboeTenlCwrAXr3yIg6QWG/evCFR4KSkBVJvDXr3jgOaX/o9mPmAD+8/4CMHNEbiYMZTnyh40WQc0Li7U/CiZAhaPAOVL19/iYISQ+DyzaBvBnFwYhAFLZp+fP+V/uM7BSosz6DlOwUkXBVGFxlDI/keg133KkEQBEHwPyy4OgSb4B+4euUaWrZogzix4yBpkqRIkTwFkidL7jlNmSKlmv5SCrWOxet+X29QsqTJtHneTwqkS50RubMVQP7c+T3TjOW5v5SpPPer0njZKO23Ze/yYX3qVKmRitbxfnneWGnTpFXi9ay0adKYVPp06ZTSpU2HDOkzKGXKmNFTelr6dOmVMmbIqJQ5YyaaGtaxeDlzpsxqmonF22TK8puyZsmKLJmzKPF81izZTCgrsmXNblI5sjt5UfZsOZR4nVMOJ+TMnoPSfymnU07kypkTeZzyIG+OvL+UMzfy5sqDAnkLIj+pUIFCcC5UGEUKF1EqXqw4SpcshbKlSntReRcXVKlQHlVZFSuiRpUqqFWtGurVqEGq6UUN6tRFiyZN0KJp09/UrlVrCrbaoUuHDujSsSO6d3ZDDwqcWP1698UgCoYGahoyYCBGDBqMkcOGYdzI0ZhIAczEseMwaQIHMZMwffIUTJ8yFTOmz8DsmTOV5s6ahXlz5ijNnzsXixcuwrIlS5VWUgCzirR21Wqs44Bl3Xps2rCBApbNSju2bcdeClIO7zuII/sP4tiRozh86DCOHT2OExSUnDp5ioKS8zh//iIukC5RMHLt6jUvun7tBm7euKmCEjUl3b79H+5SUHL//gM8ekjBBunxo8d4pgUQPFXzFDy8UqU0f5AeNHiRVqKiBRK/gonf9VaJAgoOKjSpIMM4zXuwYVSSwkEG67fgw0gf9alnCYouDkIM+sxBiLGMAhKvQYlP8vAiryUvFMgYlboYyzigUTIR6PxJeuCjS08ztU6XXorjX/IaUJG05Z+aPIMub9sZ1nsNuDzF6/6UrsvUem/i+Mt43suybzH1eS3N+zq13oe03/Q3jLb1af+m0vXlP4oxlc5ijOcFwYKwcBP8EzfoZduyeRsUKlhY5WLu27sP27ZuxfZtO9R0y6ZNSjy/maZr16zB6lWcg0lmYP16bNy4Ua1fv1ZbJnPA87wN53yyFi1ajGVLV2D79p1q/0vJWCxcuBALFyxQU15esXwlbbOMlhdh3tx5mDNrtpouXLBQfX7+PM5dJYMyb54Sz/M2+na8zFKfIc2fMxezpk5XWkjzs2fMVPPTJk5Smj19Jhbx5+jz+nazpk7zXK9rkqbJkyZ7zk8aPwFjx4zFiBEjPDVsyDAMHzIEQ4cMVxpMJmxA/wFKgwYOUtM+vXsrde/WQ+V09+vbF31oyjninTp0VOJc+HZt2yu1bd0GrVu2QtMmTdGofn3Uq1sX9WqyYayOenXqqGndalVRrWo1VKlUGZUqVEQ513IoW8ZFqVxZVzKiZeBSvJSnSjgXQbGCBVE4T15P5c2RD3ly5DCIjHCuzDmQNxulZ8+HHJlyI0fG3MiaNjPSJk3qRakpyOGAInGixEgQPwHix4uPBKRkcWk+dlxEjxYNMaJHR6yYsRAzRgy1HN8+vJKjvf3vcnBAFMcoJhU1SlT1eV36flmxY8WhIC6uF8WNE1cdj7ESJUz0m5IkTmJSHBB6D+xYHEzpgZIu4yDKexDE8xz8ZM7EQc8vZePAxRxxwOJNHKj4Vvly5kLBXLlRKHceFMmfHwXzFkbB/HQtFC2G0kVLKJWhoIXF1xBfS6zy2nzNqjXQoHo9T9WrWhN1qlT1XK5fpyldp63pOm2h1LplB7Rv0xmdO3QldSHRfMdO6MAlTHSN9+xOwQtd/z27dVPq17sPBmsBzMghQ1VpzKiRI0mjMX70WEyg+236pCmYMZmCF02z6J5eQPc8a/G8BZ5auWSZ0hIupaFlnqq0FfTcWrUW61avJ63DqpWrsXY1BTY0v4meXRzYbNuyTQU1u3bsxO6du5S4FObQQUNwYwhwWIdw8MABEgU+h7gk5jhOUcBz8vgJz+14mUtkzp49h3OkCxcuGJa1NH3+4tmLuHLhEgVHl3CB5i/SPAdGNygwun7tmiqpuXnjhlrmKYtLbf67fQd3/rtD0/+U7rDuUBrp7p17XvTwwSM8ffJU6cnjJ56lOS9evMSL5y9U+oP7hiCL5znI4vQXLwwBFJey6AHNu7fvlV6+1EtkKFjSxPMsPd1QIvNOzfNn9GDIUMpiqB7mQcEJiwMZnnIgoq/j0hND1a4fPko37by92tcnwz5VUEHBxhcV4HDgw3+HxPunQIqX+TO8jj+jH8NXDwpgWBTk8Ho1pX15CRb0gIGCDF6ngh76jGFffPyfPKu6qX3r+mgIyPTjZPFnVHU40hcWnQM9yOK/r4vPBf89Fs9zGh+HHlCpwEUz1j806ct/kjnbiIKfLAWLN8H8EOVqDrVrNMCjh4/VzcU5InxTcQ6IfmPq+sy5Mh8/qilL5aao9F91XA3bfPLM3THk/nxQ2/F+eVl/kLJ4WeUA0ba8zDlMhhwozmUyrH/HdXXV8jsv2/zKrdI/w+vfGdI5d4vED2Gevn75Gq/4oU5S6bQtb8fpurjOsxJtww95LoZXesl65Vk8//wZvTiMivnVy8WoCgBXD3hELxRP0bl98OCBQfcNU65i8IB07949enHdNZLhRcYvttu3bhuqK1znF+J1XLtyFdc551DT1ctXVNWGK5cu49JFfoFeUC9bnuq6cP680vlz/OI9o6pLnD55ml7SpzzFVSlOkI4fP66Jlo+fIp3EsaMncPTwUWUEDuw/gP379+MQvfwPavN79+zFnt2sPSpHlLVn525lJHYqQ7EDO7dvV/Os7Vu3YftmCrS4ygdX/yDxdPOmzVi7dp0KsFatWKlyYFcsW6kCqcWLlqiqJxwMseaQ8WETxJoxnYKbqVMxdcpUTOFgZcJETKBARdf4ceMwmszU6OEjldhgjaCghQOVQRyc9OmL3r16oxepR/eeKkjpRVNO60PmzK1LF7Rt00YZOFab1q3J8DVDk8ZN0LhRYzRu2AiNGjRUqlunLvLlzYf//e9/ygDXqlobNavXRZWKNVDBtQoquVSES5nyXlW6PEqVKItizqVR1LkEChcsBOfCzihYoKDaF6tg3vzInaugp5yy50GWjJmQLm1aryIjzkZdN+1cIsNmPyEFKRyosBImSIB4ceMjXpwEKljgIIIVK2ZsCjCiKyWIHQtJ4sRCHAoyotg7wsHOHtEcYyJmlPiIFiUaojg4IjoFJzGiUnASJToFKtEoUInuqehRoyNOjJj0+dg0pf2wYtIypcWm+XixYiN+3HhqqubjxFHLHEQlSpAQifmYeZqIA5XEFJRwYJKEvk9SpeT0vVJRAJZKC0pSp0jtKT0gMZTy/ApS0qVNb1Lp02VQJTFckuNZQmMkLoXJkZ1LVYxLTbIjezaD9FIWVbJC4qkqVaFpLgpAcufKgzwUgOShACSnUy7DPCmnk2E9pxuU13Oal4LTfBygatPfRNdEgfwF1DXCUzWvLZtSIbqmChcqrMTzugxpzr+WPdMMKuJcFEWLFFPBkndxuq5iuji9KH+G5GXbop7zLC45MlYJTSWLl0Cp4mVRtng5lCxRGqVKlkKZkhSYlSiDciXLkcp7qkKpX8sVSruiIknNl6msVKlsBVQpV1GVQFWmeV2GdYbtKpWtgqrlq1E6BX28rnRZpUouvC1/7peqVahOqqGJ5itWNezbtSKqlOf11dS+1P7K0b5Kufzan/Z3WRXpnte3q+CipblU8Vxfif5WWXomuNKzglXelY6F/gYfA39HPnZe1v92NZpWoUBVzdNx1a5WHdUr6sdaHTUrG9J01axcRa03TqtXq5YXGa+rU72GynwxTtNVn7atX6s2Gtatp1SPVKd2XS9TJdqmHj0b69N8Q3pONmvcFC2bt1AZPaw2zZqiYR1aV68+mjZojNbNmlDaLzVt0AhNGzVBqxYtSa20aUuVSaRX5WzXupMKvN0690TXLr3QiQLwju3d0K5NJ6UutNytS28Kuvuhu1sfdHPr6Vkdk9WNPte9IwXlXbujd89+6MfVKfsORv9+g2l+EL0LBqp51oD+gzFk0HCl4UNGYsTQ0Rg1YpwK2keNHIcxoydi/FiuSjmJ3kdTPTWFgvfJk2bSe2oWpk2bj+mkmdPnYc5MzuBbRFqMxYuXYAlpBWcOsugduGrFGqXVq+j9uIYzGzeqTEmuOrl9G71Pt+9Q71n1riXxusuXLytfFtRYvAm+e/cevdg7oVrlOqrupyVFEEGFXrKkSwgYvEeuXOyq525wDojeKNDD/YvKOfmoAitDcTkXtxsCIi3o4RworYjfuCoABzCGoOW5ClSe6UGLqr/8WAUiXO/5Ht0HLD0Q4brRehoHIxyEqGoK12/i2jUOPq6qOta6ONi4dOGiqoO9etVqWIX/HzqSYT6w9wDOnT2PU6fOUJBxWgUWHGQcPepVXLeb63gfPHAIh/YfVDq4b78qOdG1Z89+T+3etUcFFFu3bPUqCiQ4mNi0cZMSPyzXrV2LtWvWqvrnxtLrpa+ggEOvs86lMoaSmeUUhCxX81w1ZO6cuZg/dzEWLViG+bMXYN7MuZ6aP2uuqh8/Y8YMT02loGT65MmYQZo+haufkGieS1QmUpDC4rr2hukEemmMwcgRhvr4I1S9/FH0UjFo9MgxajpiKAUuAwdh0ICBGKDaAfRT04EUyLAG9Ouv0vr16a9eYKy+ffqoYEYFOT16oieJg5zubl3RtXMXemFyLnUnuGniebXciV6mJJ7vpLWR4BetrjYtW3vOt27VBq1ouTW/nJu3RMtmzX8Tp/NnWjZtjhb0MmfxS53ViF76BtNQh6b1Ub9+fRVMVa9aFZUrVaJpNdSuSWaDjEhNmlYn81GVjEzFCmSsypEJdHHxIhcuBeJ5LhVycSUjVdZzHW9foTx9pqyr2s5TZK7YcLJKlihJhrS0UlHn4nB2LqLMcJHCxZWKFiryTypCgV2BAgWQP28hT+XLQ4EeKXfOfEp5KcBLlyYrIkZ0RIK4ySjYy48CeYtQegHkzJ4PTtm41KoQ8uYsrJQrRwGV5pQlp1JO2j5fLmfkz10EBfM4wzlfQaUi+Z1JdAz56XvkL45CeQpTYFmUpsW09bSOq3hRIFE4f15SQZQs6IxShYqhBAUGvI4/p6sYBQ6F8xVAIQpO1edpPaexihcugpIUEJQsXBRlipVQKlvCBaWKlqX90fklleb5oq4o6eyCEs5lUKKIC82XUeuN5VywBIoWLI7SdN5dipdEGQqSWaVJpehvlOK/RX+zJAUshin9/YKG+aI05ePj0r6CefKhKAVO+jEXJhWgYKtgbkrLW4C+N393+o75eB1tk4fWO+VBfqfcPipfDgrqsmZXyk2Bn1PWbCpozJyRq/qRVFW+zJ6lYxkzZELGNOmQJU0G5MiQBTkz0+fod8uTNQeypqft02VE9nSZ4USfc8qoieaz07psaQ3rcmbKTulZkSM9Ba3p0tC+KZhNkxFpU9HfSZXFpLKkzU5/Nxsyps6ilD5lZqRNmQmpkmVAyqRpKLBOiWSJkiN54hRInTwNUiROhaQJkyNZgtRImTgtUiSibbR570qVNAN9JqNSiuSpPDMgUiTnKp2mSg7TK6WhY2alo++VLm1mpUwZsiJT+mwq+M6ahatAZkG2LDk8lSNbThVwcwDNAXXunBxk50be3CT6nXXlzpkLPcnY8/srqLF4E8w5klxUWaVCbZXrGNpNsHcDrEsQzOUumegIYf+nGmRy8XJIgItc9V4auMjVUETtVV9U0a1egkSBi1YypOri6qVEn7kYmntQ+QRD7yqGKQcyqjSHghkWz3sXl9C8eM6NKJ8ZGlh609OnzwwNMbUi/ycU5LD4N9DrVHM1AC6JuX/PEODcvX3Hi7hKAQc992j+3n+8fEc9F1Vdba1ExpS4lEYXl854l6Het2Hd5YuXvOjiea4m8at6BAdS586cMZTOaNUsznC98lOnceok1zE/qdKPHqHA6cgRHD5IAZOqmmHQgX0HVKmNSj9IQdUBw7ynDlEaTQ9o2x7YR/NKB1Tj2717dO3FLi7R8aY9O3b9kziHavuWbSQK1rZuo2DNqzZt3Ir16zdg8JAxZILt0aFtZwrEVmP71p3YSgHdhvUGbVzPgZ7hMxtonqvhcQnS+nXrtW04CNyGLRu3qM+xPEueSMZ/k8Xrt9Bx8Tp9+y2bN6sSK3XMnL6Z9kXS98PB5hbajgNNnm6hdbrUNtpnPb//rl/nb/u2XV7Op77MUxZ/jpd37viVxqVqxudyN5eyaedzm9Fxbdu42fP78nQzic+PsVRwvHGjtzSvyyxusL2eG277oLUrV2ONFkSv4EbgXA1p8VLSYiUOovXlRQsWY/GCJVg0n4LouQtoeQEWz1+o1vHneJ2uJYtoW9pu8QLD+sULKZ2WuXqkvs2iefOxYO5cCtDnUBA+G7MoIGfNmD6bNMtzmTV71gLDummzMHXKLEyn6fRp01Uj90njp2DiOIP0hu9c3XEkBd7Dh47GmFHjMXbUBIwdTaLpiGEclI8zLJNGDh+LMSPHq22HDB6pqj+yBlKw3rdPP6U+FIT37NkbPXr0Qq/u/dCzW1/06N4LXbtwbnQvT3Xt0h2dOTBXoiCc1LFjp9+kV5ds06q1pzhnvVmTpqhZvYaq/le/Xn3cuHFDe4IHHRZvgvml4ebWNUSZYO8G9k8yhV+2YwUG5v5N79sFhExhejvu5ouMlJr/rk29Yry9fyioYBPM1SG46sSD+/e1VP+A71kd4/mAwLdn0D+Pjf+2f30/793LCZYM19PduXU3IkeKjAVkeDggEoTAhJ8+hrrkRnWxv9M7S8sE4HVqmbflZaPtvn7h4N9DiUst37/74NlYmOvVGxogc9XNt57VLV+9ojS6zl+9fI3nz194NnjmQP5XQO9VXH+fSyu54bQubidw4/p1CnwPqipV7dq6kaf7T32noMSCTbD6CVXjB+6erLxrNXALdb1oWhD8DXU5GUywYYHNSMi9xvjhZBMhDNq0bKnqezN+/7bG502fD0job5h90KaOzewPm8A/9qEjJjg4oF85XNVp86YtygTPnDFT5f4LgmA+bKAL5i+Oju27qjZfQY0Fm2ADHH307N4bZUqXwblz51RRp7+8ewQhNKG/xQk2wdGswhpM8N17xqsEQTCBfo+wCeZ67GyCuQtDMcGCYD6cgcltXQrkLYouHXuoBvZBjcWbYO4doW+fgShdqjROnjyp6v4JguA79KIyRjfBrVu0UFUjxAQLwt/he4S7UNukmWCu68kNXQVBMA9lgh89Rv7czujSqbtq5B3UWLwJ5n4c+/cbiDKlXXDi+AnVRZogCL5HN8Hc6CquXVg0rldPNbQSEywI5sEmWM8Jnjt3nphgQfAFbIJ5ZNc82fKq/teldwgz4NbZgwYOQ/FiZXHs6DExwYLgR7gxXExHO9SuXl318cyICRaEv8P9y3NXf2yC58yapQbdEATBPNgEcy84uTI7qR4p/Ldh9r9h8SaYuywaNnSE6h+Sh3oVEywIfoO74EoSJwaqulYAj/jFiAkWhL/D76Pduwy9Q8yaIXWCBcE3cJsuzv3lUUoH9x+ouoQMaizeBHOfnqNHjVIN43g0MDHBguA3uDiKh44uW6wwrl65oqUKgvA3uE9p7p9YmeCZMyUnWBB8Abfp4h4heJTM0aNG48mTp9qaoMPiTTD3bTd27DiVE7yPHj5iggXBbzyi6DtjquQoUagwrly+rKUKgvA32ATz6IhsgmdMnaGGqxcEwTzYBPNgPzxM/DgxwebBHT+zCS5RvAR27tipOoEWBOHfYROcKXVyFC1QQEywIPgCNsEH9x9QJnjqlKl4+eKFtkYQhL/BmZjcDoVN8ITxE9TImkGNxZtgbtHO4/c7Fy6CjRs2iQkWBD/y+NEjZEubDoVy58Kl8xcMiVIpWBD+iru7hxrWmU3wlMliggXBN3Cm5pUrV5AieQpMnjQJz58/19YEHRZvgpmp9LBhE7xuzVp8/yYmWBD8wpPHj5Ercwbkd8qBC+fPa6mCIPjMd3h4eODI4aMGEzxpihrRVBAE8+DqrRfOX0DCBAkpiLSM+ydYmOBpU6ejWNFiWL1qNUUSYoIFwS88ffIEzvnykRFOj/PnxAQLgnl8xxePLzhx/KQywRMnTBITLAi+gE3w+XMXEDtWHMyYPt0i6tQHDxM8bSacCxXH8mUrxAQLgh/hsdsrlipqMMFnzmqpgiD8De6tSDfB48eOs4jiXEEILnz9+hXnzp5TJthSRlwMJiZ4OgrlL4qlS5aKCRYEP/L82TNUdimFzKlT4Ozp01qqIAh/g3OCjx45pkzwODLBltCwRxCCCxxEnjx5Ukywb5k6dToKFiiExYsWiwkWBD/y/KnBBKdIEAen6IEkCIJ5GOoEG0zw2DETJCdYEHyBMsEnDCZ43tz5eP1aTLBZcHUIzgletHChal0oCMK/wy/uyhUqKBN88thxLVUQhL/BOcHHjhyHjbWNMsGSEywI5vP1y1ecPnUK8eLGw9Ily/D2zVttTdARLEzw7FnzULRIScybM09MsCD4Ee7WqX7dukiVKJ6YYEHwBfwSP3H8FKwiW2HkiDF4+jToO/sXhOAC5wSfOmkwwatWrMS7d++0NUFHsDDBixYuQYkS5TFj+ixVsVoQhH+HW+Q2bdiQTHB8McGC4At0E8zVIcQEC4Lv4OpERw8fQexYsbF29Rq8f/9eWxN0BAsTvHjREpQqWVqN0CMmWBD8BpvgFs2aI1XiBGKCBcEXGJvg4UNHWsSwr4IQXOARFw/s26/qBG/csAEfPnzQ1gQdwcoET5k8XUywIPiRV69eoUO79kgQT3KCBcE38Pvn9KkzygQPGzJMTLAg+AJDw9LDSBI3PrZu3YpPHz9pa4KOYGGClyxeijKlymDypCliggXBj3CL3E4dOiJenLg4duyYSuPhyWXoZEHwGX7/nD1zVpngoYOHkAl+oq0RBOF3+KXyQ5tqJvjQYSSOlwDbt23Hp09igs1i2dKlKFmiFMaOGSsmWBD8yJvXb9C9Ww/VOOEomWB+PIkJFoS/Y2yChwwiE/xYTLAg/Bl+qXC3toaubd3dPXDo4CF69yTDts1kgiUn2DyWkwkuXqw4Ro0YKSZYEPzImzdv0LdPH8SPFx+HKSpnAywmWBB8hm8PYxM8bMgIqQ4hCH/Fqwk+sP8gkiZIhW1bJSfYbLgrDc4JHj50OL58ERMsCH7h7du3GDxoCJngBJ4m2JAdbFgvCMLv8H3y9es3nD93XuoEC4LZGJtgd+zbs1+Z4F3bd+Lzp88qPSgJHiZ45SqUKF4SAwcOEhMsCH6E+2YcOWIEEsRPgKNHjor5FQQzMJjgr54mePDAwVIdIqjRg3djCRYE/yC/TPDnz5+xc8cuVR1i9649ajmoCRYmePWq1ao6RO9evVVny4Ig/Dvv373HxLHjkZBMsN4wThAEn2ETzIM1Xbx4UZng/v0G4NGjx9paISjg38S7BEuCfw9uGMeCqgO8dct2ZYL37tmncoaDmmBhgtesXqNMcM8ePcQEC4If4b4ZZ06ZhkQJE5EJPqqlCoLwN75//44rV64oE9y3T188fCgmOKgRAxx8+PjhIzZt2kImOD4O7D+g6ggHNcHCBK9fu07VCe7WtZuYYEHwI2yC582di0QJEuIgPYh+/DBE6YIg+IyxCe7Tu5+YYEHwBWyCN2/ailgxY2k5wWKCzWLj+g1wKeOCXj17igkWBD/y8eNHrFi+HIkTJsSuXbukxxVBMJMf33/g+vXrsIpsRe8jzgl+pK0RBOFvcHWILZu2IZpjDDHBvmHzpk0o71oOPXuICRYEv8Ld0qxbswZJEiVSo/ZwB+aCIPydnz9/4r/bt2FjbQM3t654cP++tkYQhL+hTPDm7SonmLtKs4R3T7AwwVu3bIGrS1l06thJXtiC4Ee4Re6WzZuRJHFibKWp3FOCYA7fVTOfu3fuKRPcoX1X3L/3wLBKEIS/wtUhNqzfjHhxk+LokSMWkakZLEzwtm3bUa6sq5hgQfAH2ATv2LYDiRMnwfp16y2ir0ZBsHwMJvje3fvKBHfs2FNMsCD4gg/vP2DNqnVkghPi2LHj+GoBXd4GCxO8c8dOVK5YCR07iAkOTnDRITe6koZXloX7Z3fs3L4DScgEr1m92iJG7RFMI/eQJWH4De7fNeQEu7mRCb4vJlgQzOXdu/dYsWy16iLt6GExwWazd89eVKtWDe3athMTHIx49PAhDh48hIsXL6mXuWAZcN+Me3btViZ4xbJleP/+vbZGsDRevnip7qFTp05LA0YL4f49Q06wm5ub1AkWBF/w7q3BBCdLmBrHjpwQE2wuBw8cRPXq1dGqZUsxwcGIjRs3oVqVqhg8aLDkZFkQbIIPUGCZJHFSLFq4SEXngmVy/PgJdQ917thJDXctBDEUy+s5wVw97/69e9oKQRD+Bme4rFy+BmlTZsLxoyfxxUPqBJvFkcOHUbt2XTHBwYiHDx6qfp0d7B1QxLmIyg3m0ZaEoIfvoaOHj6ic4Hlz5uLN6zfaGsGSeP78OcaOGavuoUwZM+HAgYPwsIARlkIzXKJ1+5ahd4j2bdvinphgi4LfOxcvXMTjx9J/syXCJnjN6nVInTwDvYOOiQk2lyP0wmYT3LRxKzHBwYQVy1cga5Ys+N///oe4ceKgV/ceUuxuIXCL3FMnTioTPHf2HDHBFsqe3XtQIH9+dQ852NujTes2ePbsmbZWCAq4ROvmjVvKBHdo115MsIWxZMlSdZ/wKLNSBc/y4CH7OSc4ZdJ0OHb0pFSHMJdjR48pE9ykcTMxwcGARw8foVmTprCJGBYxrMMimlVYZM6YCadPnbKIiz60o5vgpGSCZ86YidevX2trBEvh+bPn6NevH6wihFP3ECtVyhRqcBPpKz3o4KF59ZzgzmKCLYonT56gUYOGiBolClq3aqOWBcuC6wSzCU6VLD35gbP49jXoS4eDhQk+Tia4Ts2GaCom2OLhKg8zpk9HhvQZkDl2OLTOERllU0ZA9KjR0KljRzx9+lQi9CCGTdS5s+eQNElSTJk4CS9evNDWCJYAD827etVq5HTKiaRRwqp7qFb6iIgT3RGNGzVW9VDZjAmBDz+7/rv9nzLB7dq0xd27d7U1QlDCOfSzZs5ChnQZECZMGGTLmg2LFi3S1gqWgm6C06ZJh8uXL1tEW6FgYYJPnjiF+nWaoGH9hqpRj2C5cC5JlcpVYB85AprniIQLze0x19UG0azDIWP69Niza4/kZAUx3MvA5YuXlAmeMG48nksRu0Xx4P4DtG3dBrZ0D5VLHUHdQ+uq2ZAhDq9G+du4boPq5k4IfNgE3/nvjjLBrZu3UPNC0MJGinN9y7mWg4NVBDhECkPTiKhVs5aqVy9YDmyCly9fhVQpU4kJ/hvG+RynT51Bo/ot0LhBUzHBFgybq5EjRiJ5suTIGS88llexAQZEwYWW9qiYJiJiR4uCpk2a4snjJ5IbHIRwbv3t27fV7zRm9Bg8fSom2FLg32bunHnIkCEj0sQIh6mlrdU99KCzAxpnjYQ4UexUbxGcGym5wUGD3kVaKzHBFsHHDx8wftw49TzLGic8qqePgEyxwiFtmrSYNnW6RRgtwQCb4KWLlyJ50hQ4f+68KvUKaoKFCT575iyaNG5FBkqqQ1gqbGqvX7+BIoULI8z//oduea3wxs0R6B0FHj0dsaG6DaJahUGihAmxfdt2i2gVGlrhB8/DBw/US2P0qFGqiopgGdy5cxe1atZWjeFqpI+EF2R++R762sMR++vZIoljWNjZ2WH58hWqkYkQ+HBOvQP9Bq1btBQTHMSwwf2PfoM8ufOq907vApFxvqkd2uWKjLBh/gfnws549fKVtrUQ1Lx98xaLFy1F0gSpcOH8JTHBPmFsgk+dPI369RqiYf3GkhNsoXz/9h3du/dA3LjxUChRBGypaYMf9PJGryj4SdM77RzQIHNExIlqh8qVKhu6sJGMrCBBN8HJkiRVfTg/fvRIWyMEJZyzyznzyZImQ9bY4bC0It1DfQz3EOtBJwd0yBUJ0Wwjqm4Hz507L/dQEKDnBDdt3ETlyAtBx9s37zBo4CDEo/dO7vjhsbW2Lb70cVTVh3LEDY+ECRJg+NDh6v0kBD3cE9Hc2QuQIklaXLt23SJKhIONCW5Qr7FUh7BQuI4vd2OXyyknrCKGx6hi1nin5QKrFzhNv/R0xI5atkgaNTxix45D0eBivHv3TtuDEJj8+P4DL168VGarX9++eECGWAha+GXAJV5ly7jAOlJEtHOKjFed6R4yMsHfekbBiUZ2SB09HGxtbDF+3Hg8k6osgY5ughs2aIhbt25rqUJgw1WHjh07hvz58sMmUgSMKm6F5xQo8j3zqLMD+hWyUvdSntx5cOXyFYvoiSC0wyZ45ow5qou0q1euiQn2Ce8muGG95tJFmgXCFzEXN7Vo3hLRokRFieThcaSh3S8DrIuW77dzQMsckRHVNiKKOhfBlStXLOImCG1wEeKbN2+QnExwXzbB98UEBzVcn75P7z6IHzceCiQKj43VbLwYYP0eekUv9+75rBDdOgzy0st9/7799HvKPRSY8P1iZ2uPenXr49bNW1qqEKjQJf/mzVt0deuG+LFjonjSCDhK750f2n3ynbS3rh0KJQ6PGNFjoEePHtIVpAXAJnje7AXKBF+5clUaxpnLubPn0aRRKzSq3wyfpVW0RfHp02ds2bwFaVKnQRSr8Jhe1gbvuhnlAhuJc4MP1rdDmujhYG9rh8mTp+D5c+meK7D5SQ+ejx8/qjrBvXr2lKFfgxg2wDyCX768+eBgHRGDClvhZVfT99C3Xo642MIeOeKFg4ONtepL+P79+9qehMCATTDnBNetXYdM8E0tVQhM+J7Zt3e/GpApmm0kzHa1xjvje4amb90cMK20NcKFC6e67OSAUUqSgwIO0rk6yk9lgmfNmKPePdeuSU6w2Vw4f0GZ4Hq1GynTJVgOjx49Qp3adWFnY4sqaSOqF/RvOVi66MH0vLMDuuaPDIfIYVQ/qEeOHNX2JAQW/ODhlwE/iHp06y59nQYxb9++U0PCR4saDcWTRcB+ChTR18T9o91DnymYHFrMCgnswyJjhoxYv269tichMGATbGtjh3p160lOcBDBDawaNWyM2NEcUTpFBFxrSe8d70EjLZ9rag/nxBFUpgsPoPH4kQynHPj8MsGvXr3C5EnTVPec169fV2uDmmBhgi9euITmTdugRrV6KgdLsAw+ffykhqdMnjQp4tiGVV2ivf9DDpYuzg0+0dge2eKGg3WkCBg2ZCgeP5aRfQIVeiZxfboUyVPArbMb7t4RExxUeLh7YNfOXUiXLj2iW4fFxNLWqsqDT/cQNzi90doepZPTyz1yOHRs30G1kBcCB706RP169aVOcBDw+dNn7NyxA4kTJUaSKBGwqAK9d4zboOiiZe6haFEl7pkoLNKlSYNNGzfR5z9pexICB68meMrkqWrI/htigs3nyuXLYoItDMPwobfUwBgxHG1RP0tE/NfO0CjBy4PIu+jB9LmXIwY5WyGeXVhkz54DWzZvxg8L6ColNMG/X4rkKdGBDZS0cA8S+DfgkhQeBS6KgwMqpo2AU03tzLqH0D8KprpYI1W0cMhABnr+3HnS8CeQYBPs6OBIJriBmOAggKv/8HvHwToSqqeLiBvtfQga6V66S+8l11QRDO8pClzu3ZXqX4HLLxP8+tVrzJo5W+UE37xxQ60NaoKJCb7qaYI/fPigpQpBCQcjCxcuQvy4cZAuRjhsq2mLzz0oGjf1IPKm76Rbre1RIll42EUOj25uXaVeaiCjm+B2rduqgTOEwIdHfVu/fgNSpUiB+PZhsbiiDd7+pSTFU7TNvXb2qJ0xIhwjh0P9uvVw44ZlvFRCOroJrlenrpjgQIbf/2vXrIW1lRWSRwmLNVVt8L67D/cMpX+k99KaKjZIHjUcEiVMhHVr1+KT5AYHIr9M8JvXbIJnqap4N29YRn36YGGCr129jjat2qNalTpigi0A7mf28qVLKF2qFOJGsUaHXJHx7C9FuN71kyL0yS7W9GAKi0wZM2HpkqX4Ij1/BBq6CW7RvIXFPIxCE3z+eaAFHto1VlQH1M8cCdfbOqj7wtT9Ykq87ZLKNqpqUcoUKVWXadLwJ+DhLgWjRY2K6tVq4MZ1CTwCC+5J4OzZsyjr4gqbCP9DoyyR8KAj3TN/e+/Q+mdujmhI91jcqLYqF5mL4vkeFAILw7nmnOBpU2eq55WYYF/AD5q2rTqicqWaePdW+pYNal6+fKWGo4zq6IAsscPhcAM7fOtpXi6wp+jBxH06VkkXEfZWEVSR8PVrllFHKDSgm+DGDRpSkHlNSxUCC86JWrZ0KRIlSICkUcJiZ21beHCOlql75U+ie+hVFwe0yckNTcPB1bUczp09p/0FIaBgExzVLg4qlK+Mq3LvBBpv37zBjOkzECF8OHXPcE9D7lz6aEbmy5dehn7qM8QMB0cHe7r3luH9e8lQC2y4m7oZ02epLtJu3rCMRqXBwgTzyWITXLF8NWXAhKCDo/Hjx48jR3YnxLSNiD6FI+O5qUYJ5qhfFCysYIMMseihliQpJk+aIvUaAwk2wUmTJkOtGjVx+fIVLVUIDLh3Ds4FLl6sBGI4WKNtrkh43NF3JSme6hsFm2rYIl/C8IgbJy769u6Dr1++an9JCAh0E1zOtQKZ4KtaqhCQ8HvnwL79KFa0GKJYhVGDyXzgjBdzS07o3uLc4HZ0r8Wyi4QSxYrj1MlT0k99IMMN4yZNnKaZYMkJNhvOCW7Xpi1cXcvLCElBDHcxw0Ptct+LGSmqvt7KHj9NPXTMET2Y3Ls5onGWSAgXNiyqVq6Cc2fPan9JCEjEBAcdhsYhs+Dg4ICkUcLhWEM7P91DX7o7YkAhK4QPGwYF8hfA0SPHLGJM/pCKpwkuKznBgcXzZ88xdMgQRI4UWbVBud3GQbUtMXlP/EFfyTSfbGSHjLHCIUL48Jg4cRJevXyp/QUhMHhJ53vc2MlImzKTxfSxHaxygsuVrSj9/AUh/GLdtnUbMmXIiLh2YTGymBXe/msusCau17i2qiEnK2GChBg4YKDqCF0IWPTqEPVq18bVK2KCAwtVr/HMWTjlcEJMu4joXcAKT/41F1gT14ncU9cWZVJEQMwYMdG2TVs1JLnkcgUMYoIDF37vbNq0WQ1/nDhKeAwsbIVvJu6Dv4kDzRf0vupTILLqjpADxl27dqlh5IXAgU3wxAnTNBMs1SHMRjfBZV3K4d5dGR0pqODii04dO6tRrXho19sdfB+N/yZ6gb/s4oiuea0Q3TYiihcrjgP7D0hOVgDDJjhN8sSoU6MGLl+8pKUKAc2jh48wZMhQ2FlFRrY44XCymT2+9jRxX/hGdA+97+aICaWtEd0mPLJlyYrNm7ZII7kA4iH9hnFiJ0CZUuVwRUpRApz//vsPnTt1QRQHexRJEgH325rRFecfxO+rqy3s4RQvHOxsbNRQ5ffviacILLgUbMrkGcoEcxerlkAwMsEd6KHjijvSsX+QwDlYy5YsVXV3uUeH6WWs4eHbxnB/EOcGc8Og4sl4nPfoaNemneoQXQg42ARnTJkENapUFRMcSHDO7N49e9UQ49GswmBYESu89mNJiqfoHjrV2E71m2pvZ6eG9H0hQ5IHCGyC48WNh5LFS+LSpctaqhAQ8HNqyaLFqgehVNHDYXwJa4MB9sM9497dESOLWSOxY1gVMK5evVr9HSHgYRM8aeJ0McG+hU0w1wkWExx0XCKj1LRxE0SxCqeGR37a2VGNXGXqIeNr0X64WgVXr4htG1YVFW/fvgMeHl+0vy74N/zQT5s8MSqXL48LFy5oqUJAwv0xd+/WDbaRIqjqP9fbOOBbL/8JJPke+tjNEQsq2qjhlHl0rJUrVkh/qAGAwQQnRdEiRdVzUQg4uOeaJo0bq1zbGukj4a5PA2OYKX5v3aP9cPWhKDaR0aZNG1XKKQQ8hoZxYoJ9ze1bt9G+TWdVHYI7KhcCF+6xYcrkKUiUMLFqDLeUXrTcs4O/5GDpouj+eGM7ZbDt7R3QqFEjvHzxgtyadhCCv6JXh6hY1hXnz53XUoWA4vu371i1YqXqHzORQ1hMK2MNdzbA/nkP0b6utbJHs+yR4Ghni8oVK+HBg4dSN9if4SotieKnQFHnYmSCL2qpQkDAjdd4YIW0McJhdllrfPvHahBexPccvb+mu1gjdfSwSJUyFWbNmqP9RSEgMTbBt25axkAzwcIEc3dCXTq7wbVsBWkYFwScOX0GVatURRSrsGieLRKedvF7NP6baH/vujliZjlrlZPFQ8GuW7sO7u4ygEZAoJvgcqWK4+yp01qqEFBwH9itWrSEbcQwqJA6Ap50cMAPU/eBX0T30Ce6h9ZXs6GXezgkS5IYCxYslLrB/gwPdZ00YQoUcS6Oi2KCAwSufse57JUrVYKjdUS0zBEJd9va/31gDHNF+7nX0QF1M0aCQ+SwqFO7jjRyDAR0Eyz9BPuSO//dRZdO3VHOpTKePH6qpQqBAQ+PPGTwENVzQ/5E4bGxlq2f62T9UbTfy83t0SBTJERzdECtmjXVcMpSX8v/4XPKdYJdSxYTExzAfP78GTNnzECK5CmQNkZYLKlko/r3Dah76H47B3TKFRkxHW1QulQZ3Lp1S+VEC/6DMsEJUpEJLi05wQEBPe75nhk4YAASxE+I3PHDY01VW/zwj1xgY/WLguWVbJEtTngkS5oMY0aPlvskgFEmeILeT7CYYLMxNsFPn4gJDkw4552Hdg0TJgzqkjnlHCxlgk09VPwqMgXvuzpilos1rMKHQcYMGVSH5tKFjf/DJjh9mtRiggMB7uO0S+cuqm/twkki4F5be4MJNnUP+IM+9XDEyso2iGYdBvHixcPBAwdlAA1/hE0wF9GXKk4mWBrG+T9kgt+8fouK5SsgzP/CoD69d1R/9P4dNNJ77FpLe1RJE9HwfqtTF+6fpdQkIJGc4H+Eu0Xr6tYLLmXKKUMsBDxcj5D7Gu3cqTNixYyFkskjYE89uwB9eSvRg+ku52TljoxYjrYoU7oM7t97oIrHBP+DTXC+HFlRulgRCjROaqmCf/PxwweMGD4SCRMkQu4E4bGpum3A30NkFp66GQbQiGkfWTU0PXfuHL59k9EY/YPHjx+rOo0linB1CGkY56+QAX718hW6d+2OOLFio0SyCNhdV7tnAqLkhPa7qZYtCiYOj/jx4qNP795SfSgA0U1wsiQpLaYxYrAwwdwYrke33ihZvCyuXbmupQoBCb8wd2zfAafsTqoe4/CiVvhm5jjtftWPno7YRw8+Hh8+VsyYmD1zFj59lFbu/gmb4Pw5cqJ0UTHBAcmRw0dQplQZWEUIo6oofA2ke+hnL0dcaGanGrJGjBAeI0eMwLNnMtqmf8AmOEP6DCiUvyAunJdGpf4JN8I+ePAgvXdywCbC/zDaHwZk8lF9ouCNmwMGFLaivxcGuXPlxulTp6Wf+gBCHzEuVXIZNtlXPLh3Hz2794FL6Qq4dlVMcEDDucBv37xBvTp14ejgiGrpIuIoD+0aCC9vJfo7Dzs7oFd+K0SzjaT6iOTGkVItwv/wNMHOhXDi2HEtVfBPvn75gq5uXREzegzVyf+eOlp9elPXvH+L7qEXdA+NLmaNaNbhVH1kNuRS59Hv6CY4X54CYoL9mTev36BVy1aIHSMGKqaJiBON7Qz3TEC+e/pGwYH6diiRPAJi0L3aqmVrvHv7XuVKC/4Lm+AxoyZIF2m+hXOCe3bvTSa4vFG3Gvwwl6s0IOBGCSuWr0TaNGkRyzYsZpS1wVdTD48AFPfleKKZHdLHDA8rKyuMGC45Wf6JXh3COW9eHD1yVEsV/AsuSdm2dasampVN6ODCVnDnwWUCK5Ak8T10s50DnOKFR6QI4cmQu+H27f+0IxT+lSdkgjkwz5czF86dPaelCn6FMzk2bdykAoyodM8sLG8Nj+6BcM/Q/j93c1QDQNlFCof06TKofuqlWoT/w92eign+Bx48eIRePfqpnODbt+5oqWyCJVfDv2FzdP/+fVSqUBEONtZolCUiLpIZDbQcLF30YHrWxTCAhl2ksConi82a1Gv0H/h3LpQrDwrnzk3n9YiWKvgHXJLy+vUbNG7UGNGiOKJSmgg4VN9WjYxo8loPKNE99J5MxEwXa8SzC4skiZNg7dq1+PpVGsn5BTbBWTJnhlP27Dh75oyWKvgF1Qbl7VvUqF4DsaI5ol6mSKqnoMAsfTzT1B410kdQpZ/169Y39LFNz0nB/+Cc4LGjJ4oJ9i0PHz5G754DlAn2mhMsJti/+fDhA2bNnI3kSZOqOrlrqtuqYSYDPBr3Lvp732h6sYU9cqqcrHDo0b077tzRgyDBL/DDvaRzYRRROcFigv0TzkFatWIVMmfKrPq8nlzaWvXfG+j3EIlzg590coBLyggql6tZs2a4LD0a+Imnj58gNxng3Dlz4bzkBPsLhntmpRqWP4ljWKyrZuNvw/KbJbpPPvdwxLKqtohmHRapU6bCsqXL1ftQ8D/0OsHcO8Stm1In2Gy4Dlaf3kO81QkWE+zfqFzge/dRrEgR2FtHhlueyLjD3TkFdg6WLnow8QAas8raIErkMKqv4m1btkp07g/wOSxXsjgK58mNw4cOaamCX+EcLe4SrXLlqrC2skaDzJFUA7UA7xHCB32n+3dFZRukiBYWcWLHwYL5C6R+vR/QTXDe3HlltEV/4sWLF8ibJy8cbCKjRY5IuNWa3juBHTTSfXKjlT2aZosER1trVChXXkao9Wd0E8z9bEsXab7gyZMn6N9vMEoVd8Wli3ouhphg/+bjh4+YNHESEsWPh8yxw2F3bVt4BFJr9j/pO+mxm6Pqos0ucni0adUaN2Scdz/DJrhC6RLIky0HDh44oKUKfoXr0y+cPx+pUqREsqhhsaySDT4HRUmKkbhI+TUdQ30y5NGsw6N2rdo4fVqK8f8Vfh/lyJpN9SQgdYL9zuvXrzFn1mzY2tohdfTw2FaL3juBmQusi+4Td3rfbab3XkoKGJMmSoi5c+ao96LgP3D3dxMnTEOaFBnFBPuGZ0+fYUD/QcoEnz+n98soORn+Cbcav3r5imrIE8vBCv0KWeFJxwAYHtm3or//va8hJyt5NMPIPksWL8bnT5+1Ixf+BTbB5ckEO2XKgP379mmpgl/gc8qjs5VzLQdHOxt0yBUZNzlHK6hKUnTxPdwvCjbXsEWOuBEQN05cjB49Bh/eS1Hvv8AmOFuWrMjplJNM8FktVfgXuOTk0oWLyJYtGyKEC4uueSPjYacgfO/Q333UwQEdc0dCLEdrFHEuonom4uMU/A73Ezx50jTV+FHqBPuCZ8+eY9jg4ShdopyRCRb8k9evXmPI4KGIHT0q8iUMj6ON7FSdXJMPikCWysnq4og6GSMihm1E1KtbD2fl5eMn2LBVLFsWmdOmw/69e7VUwS94uHtgyuQpKgcpQ8xw2M4lKYHcI8QfRcfwtqsjOueJjFg2YVG2jAsO7JcSgH+BTXB2MsE5SGekYZyf4B5/xo0Zq3ovSRs9HI41tFO5sUF5z3yhv8/dGWaPG57eh9Ewfdp01WWo4He4OsTECRNVz1NSJ9gXPH36DAMHjqYHd0UxwQGAh4cHjhw5orr9iWUfCRNKWuNVFwvIBTYWj+xT3RZZ4oRXdYP5Rnr39p32DQTfwia4WoWKyJw6Ffbs3q2lCv8Kd65//dp1FC5UGDEcbNC3oBUetQ/AIcb/RXQse+nlXjhJeDUKZK+evVXOjOA7eOj+PLnyInOmTDh9WoYc/1e4l5I9e/Ygd648sIsUBoOdI6tqO0H+3qG//7yTA/rkj4zYDpHp+HKpATR4IA/Bb3AXaaNHjUaqlKnEBPsGNsFDBg1TOcHnzl7QUgX/4uGDh6rnBauI4VE4cXhcbhGIXdOYKzqej/SAbOkUCVGtwqJ8uXI4dFAadP0rbIKrV6iEjClSYs/OXVqq8K+8f/cew4eNQMzo0ZA9bjgcaWCnemYweS0Hleh4uH5ynwKG3OCC+Qtg69Zt2jcQzIXfR0ULOyNThkw4dfKUlir4Fm501rt3bzjaWiF3/PC4087BUPpoAfcN94t/srGdKhW1ihgBI4YNx5PHT7QjF/4VNsFjx4wVE+xbXr54qapDlChaFmfPSmtc/4S7ptlGL0LuQzSmTTjMKmuNt24WlgusiU3Fztq2cE4SHjFjxMCA/gPw9s1b7ZsIvoFNcK2q1ZA2eTLs3LFDSxX+Bc7R4rqh6dKmQ0y7iGqI8WeWUJ/ehLiv4qP0ci+XKgKiRYmCli1aqdxgvh4E8+DeP8qUKIWsaTKICf5HuOrQxvUbkTVLViRwCIfJZazxjXtQsZR7ho7jVTdHjC1upd6L3N3hrl278OWL9LHtF7g6xKSJUh3C17x6+VqZ4GKFXeihI3Ww/JNr166jRfMWiBjufyiUKAIed7awIlxj0YPpKz0ouV5jdOswKFzIGdu3SU7Wv8Cmp26t2kiTJImYYD/y+NEj9OjeAxHCh0eOuOFxuY0FNIb7k+ge+tk/CsaXtEYsmzDIkjkLVqxYiS8eX7RvI/yN58+fw6V0GWRIm57eRye1VME33Lp5Cx3ad4CDdSQUSxoB7yww44UzXe62cVAlO+HC/A9d3bpJP/V+hNseTZsyVUywb2ETPHzYMBQrUgwnjkvk7V94uH/BksVL1XjpSR3DYXUVG3wK4kYJf9MP0pEm9iiTIgIc7B3Qtk071aG5tN71HWyCmzVugvTJk4oJ9gNfv3zD3r37VP+7UazCqaFXX7lZ9j3Ex3ahlT0aZIkEWxtbVKlUGU8eP5V7yEzYBHMfsilTpMDJ4ye0VMFcvnz5gkULFiF5suTIEDsC5pezDvzRFM0R3ScfujliTllrJHIIp4539erV6vgF3/CrO1vVMG7iJKROlVpMsG/g6IFNsHNhZxw7egzyqPYfTp08jZo1a8HRKiyqpIuAt90dLa8eo3fR8bmTRhblB1NY5MzhhBXLV8hQsL6ETXDHdm2RLmUKMcF+gBvDtWrZElYRwqFYsgi43c4B3y39HiJ9JdMxv4INUkYLR2YuFWbNnKn6OBb+Dptg17KuiBc3Ho4dOaqlCuZy9sxZNSxxVJtIqJUhIp53sdygkdvGvKL3YgnVT31ENGnSFJcuXtS+iWAe3kzwhIlSJ9i3vHn9BiNHjEYx5xKSE+xPuH92x+RJkxE9ahRkjBkO22raWr4B1kUv8PPN7FA3Y0TYWkVGzeo1VD09yckyHzbBXTt3RjqKyLdv366lCr6BqxCsXLESsWLEQGzbsKov649BNDyyr0X30M029qovY1urSChdqjTu3bsv95AZ8OhmFctXQOyYsXDk0GEtVTAHvmcmjJ+AeHHiImuccFhF98y3XnTPmLpGLUQ84uKSSjZIT+9J7plo5oyZkhvsK7ya4AnjJ6pc9ZsWMuhVsDDBb9+8w6iR41Wd4BPHpQ6WX+EX3cEDB1GurCti2YZDqxyR8MkSuqYxV3ScX3o6Ym55zskKq+oXzZs7F+7uHto3FP4Gm+DuXbogVdIU0kPAP3L+/HnUr1sPjlbhUTF1RLxxc8RPU9erJYruoa90D22pbYuMscIiWeLEGD9uggxCYwbcwr169epk5OKICfYlfL7KlyuPqFZh0DxbJLzo7ED3jGWbYM4Nfkfvx7qZItJxh1e//ckTUg3GfLya4PHjxqmG+Ddv3FBpQU2wMMHcHyw/oEsUccHRw0clt8KPcHdOAwYMgL2dPQomioCjDe1UP7ymHgAWK3ow8fjybZ0iIVKkyChHD1bJyTIfNsE9unVFyhQpxQT/A58+fsaM6TMQM0ZMpI4eDrvq2OIH12sMLoEki46XR4Xk/lkdrCMif778asQ7vjaEP8MmuGbNmogbK7aYYF/A15XqEs3BEQUShVf3zDdT16Ulit6PPOKiU/xwiBolKoYPGy73idn8boIlJ9iXsAmeOHEyShcvr5lgbYXwT2zdulV16s91avsWiKz63w1WL28WHe+XnlGwtpoNssQOhxTJkmHChIlSN9hM+AHes3sPpEopJvhfOHL4MCpWqIi49hHQInskvA8u1SC86VtPR+xrYId8CcIjQdzYGEjBsYe7u/YtBVPwi5xNcIK48el9dERLFXyCB5PZvWu3atcT0yYsehewUiMYWlx/9H8SHacacTE390wUFmVKlValqYI5eDXBXCeYeyW6LSbYfN6/f4/Jk6bApWQFgwnW0gXf8/TpU3To0BGOjo4omzICzja1M3TnFAxf4HzcDzo4oF8hK0Sxs0LRokVVQyXJDf47bIL79u6jGiiICfYdL1++wtAhwxEjRgzkJvN4mExksL2H6Jh5dMixJawRzTaS6rf1/Lnz+Cp1Hv8Iv8jr1qmDeLGlOoQ58POY+/pv364dokWNpnr24cFkLLJHCJ/ULwr217NDiWQRVI9K3bp1J2/yQfuWwp/5ZYK5T/Ipk6eq946YYF/AxfdcHaK4c1k1SpiYnH9n5fIVcMrhhIT24TCmuBXce9LNHRxf3pq+93SkB5Mt8qicrDgYPHAgvn2T4S3/Bpvggf36qYfRls2bpWjPF+zYvgNFixRFfPuw6J43cvCqT29CP+ge4tGxeBCaKPY26NK5M54/f6F9W8E7HAQ1bNAIMaPY0/tIcgP/xvdv37F+3XrDe8chLMZRwMVdjwW7e4aOl3ODhxa1Qjy7sMibJy+2SwaCGfwywdzT18wZM1Q7HjHBvoAbxo0ZPQ6FC5bEnt37xAT/Az9+/FDDI9evV59edLaonSEiLjW3wOGRfSs6/medHTGyuDVi2EVG5kxZcPnyFXyVkX18hE3vkEGDkSZVajHBvuDpk6dw69JV5WhxJ//Hm9kHn15V/iQ6/jf0cp/haoMo1hFUC3guuv706ZP2rQVjXtGLvHmz5qpu64EDB7RU4U88fPgIjRo2QlRHR9RIHwln6J4Jdm1QdPWJgtMUMFZKEwFRo0Sj66CFyuXm96tgCn6veDXBM6bNkC7SfMu7d+8wfvwEFCtSArt27hUT/A94eHhQBDaLIrA0SOoYFrPohffTkoap9IvowXSqiWGcdwc7W3Tu1FkVWQo+QLfQsCFDkTpVGmzauElMsJmsWrkauXLmQgL7sBjsbIWvfP2FkHvoZmt7FE8WAWHD/A/NmjXD7Vu3tW8tGPP69Wu0a9MWUaJEFRP8F/i5snjRIqRPm07dM3NdrVWvJMH2nqHj/tLDUQ3zHNcuLDKkz4CVK1ep96tgCn6v6NKrQ0xDquRpccszJzhoA4hgVSe4dMlSkhP8D3CUevvWLTXUp521lepR4XorisZDwsubRd/jRScHTC5tjajW4VSLfa42Iw8mnxk9ciTSpk6DjRs2qoYrwp/hZ86zp8/QuGFj2NvaoGq6iDhLgVewzwXWRd/jfVdHrKxioxr+xIoRHWtWrcGnj5Ib7J03b97ArXMX1UuAmOA/Y7hnnqJihQqI7miP1jki45olDyluruj4L7WwR8PMkeBob4/Klavi7p17khtsBmyCJ02cjpRJ0xn1DsHvnqA7d8HCBH/8+FGZ4BLFS4gJ/gc+fviIsWPGIGH8BKo7p7XVbYH+Jm7u4Cx6MN1oa49CicOrnKyWLVrSg0nGefeJCePGq7pZGzZsEBP8F7hz/NmzZqucnySOYTGtjDV+hsB76FU3R5RJGR72kcOjVs1auHDuvHYGBB02wb26d0e0qNHFBPsAP1OmT5uBRIkSIbFjOGyqS++d4FoNwlgc+NL3WFbZRg2SkzhRYsydM0e9ZwWfUSZ4wjRlgq9fu6l5uaB99wQLE+z++bMapaVk8ZLYvVNMsG/g6PTGtesoWKAQbCOFU13T3G3nEHJygXXR93nX1RFLK9ogmlVYxIgWDZs2bpbcYB+YOmky0qVNLyb4L/Dz5sGDhyjnWg62kSOgWbZIuEoBV4i7h0g8CM3O2rZIHjUcojo60Mt9ntQN9gab4D69+iFG1CjSMO4P8PPkyZMnyOmUE1FtrdAlT2T8F5LeO/Q9brZ1QIfckWFHzwQuZeWczR/fJTfYJ7hO8NQpM5AmRUZc8+zJSUzwX+Ex7dkEFytaCtu27hAT7Au4Z41BAwcicYL4yBU/HHY1sAs+HZT7Ulw0/aizAyqkjqg6/29Qv74a512uF9PMnDpN5WyuW7tOetTwAa4SwH1Qp0ieQg0xvrSyTcipC+xN3FD2c29HNM8eCTFtI6BC+Qo4euSo1Bk34u2bt2SC+yNatOg4KDnBJuFAgQeUiBo1KrLGpvdOXVt8o+vK1DUXXPWFtK2eHTLECoekiROp0tYPH6TLNJ9gEzx96kyVEywm2BfwS2j61OlwLlQKGzdsElNjJhyV8tCuObJnRzSbCBhf0grPOlE0HtzrZPkgzsnaS0Y/sWNYxIkdGwvmL5Biqj8wZ9YsMsEZsWrVaukX9g+w+bt+7QaKFyuOyBHCo3u+yHjYMWTfQ/zdjjSwhVO88IjqGEW93N+SqREMGJtgqQ7xO1z6eO3qNSSIn4DumXAYWsQKjzqEwNJHuk/4WTCgkJV6v+ZycsJ/t++IP/EBQ07wTKRIkpaukRsWca6CSXUIdzLBs1CoYEmsXr1OLjIz4WoknTp2RrxYMVAqeQScbKF1iRYCc7B08fdzJyPcNGskxHGIpEb1On3qtHZGBGMWU4CQMUMmLF++QkzwH+Cu9gYPHITECRMgd/zw2FHL1tAYLgTfQ/zdPOgeYsOfyDE8ihYphh3bd2pnRHj79h2G9DOY4P3792upgs6jR4/Rt09fRIgQQeUCn25uj+8h8X6h78QjLvJ7NVe8cIgfO6Z6Vkhu8J/hOsGTJ01H0gSpcPXKNTHB5sLVIdgEc07w2jUbxASbATfkOXHsOJIlS6Z6TJhXzhrvgunQrr4WRejHG9ohS+zwiB49hhqmkfv2FLzCJjhzpsxYtmy51J02AT9nLpy/gFy5csMucniMLmaFF51DYI6WCXEwebGZHQoniQBbWzv07NFTjTYpGLrsHDJ4mHq27Nu3T6qKGMHD1u/buw/JkydHhHBhMcfVBq/cQvB7h74Xfz8uZY1hG1E1NOZccGljYZrXr99gxvTZBhN8+ZpF9KgRPKpDfPqEWTPnoURRV6xfv1FMsBk8ffIEDeo3RBQ7a9WxN3fpEmK6c/qb6HvyiERd80ZGPIcIKFa0GPbs2audGUFn+ZJlyEImeMniJXB3d9dSBR2uJ92xQyfEjRUDxZOGx1EKrEJkjpYp0ffkkfCGFbFSvWHkdMqFVStXaWcmdMPtLMaOHIMYMWJi/7799D7SVgi4898dtG/XHlFsrdQIhHfaO+C7qesrBIlHLT3dxDCccjQHW3R166a6UxR+582bt5g7ez4SJ0iGy5euigk2F64OwSa4VLHy2CAm+K9wv8o8TGXsWLERxy48llW1xXu6UX/0jxKqdLK5PQom5nqNjujXt78qphN+wUNoZ8mcRZlg6QHAK5wzfvzYMZWzE9MuIma62uANmUJT11lI1bd+UXClrQMqpY1AwbQtWrZoQSbnbqh//vLzdcLY8coES07wL/gZsmb1WqROlRpx7cNjVRUbuPcIWY3hTIoCxrdujphXzgbRbcIjUcJE2LVzJ52Pz9qZEXS4Pv38uYuRJHFSMcG+4YvHF8ydOw9Fi5TBxg2bjR7CUuRgimtXr6JqlWr43//+hyiRw6Jh1kjolt8q1KlT7shIGTUswtB5yJ0rD9atW6edIYFZu3KVMsGL5i8UE+wNLvpv3KABrK2tYR8pDKqlj2jyGgvp6pI3MrLEDodwYf6nGlHOnjUn1Bf1fnj/QVWxUiZ47z6LeJFbAlfpvdOoQUPEcrBClXQRyRg6BP9h+c0UlxBda2WPcqkiInK4/6nhlC1lWGBLgk3wwvlLVHUIMcG+gOsZLVqwBMWKuGDtmvVign2AK57PnjlLjWbEJlhkkK2NLdq0bqOK66QkwcD61WuVCZ4/b770oGGEXpISPVo0hA0b1uT1FBplZWWNalWr48oVenmF4v5QueHTtKnTEStWbOzZvVtMMPHu7TssoOdI0iRJkCF2eGyobouf/cgghiJ96OmIdTVt1XDKCRMkxLKly9SzRPiFboK5izQxwb7g+7fvWLxoqTLBq1cZ9w4hJtg7Tx4/UaamXt16qFtHZCzut/LSBek3WGcjGb2smbJg7ty5YoKN4EBy5YqVJq+h0K4+vfvg+LHj6pkc2tCfG3yvzJ01T1U3271rlzSCIk6ePIkqlaogcsTwSBsjHKa6WmNeJZtQp4ku1moUOS595BEXz545q50hgRET/I98/foNixaSCXZ2wcrlq8UEC4I/sHXjZmTLkk0N+Snd+giCefAw/gvnz1cmeMf2HaEyIDCGW/yPGzsejg4OCBMmjMlShNComNFjYOqUaao3EcEAm+AF8xYrE3zx4mUxwebCfXXOpxNXsEBxLFywTEywIPgDW7dsVSZ45syZ8qAWBDNhE7xk/kLEiR0H27dtx7evX7U1oZPLl6+gT+/eyJc3n8hIBfIXwMABA3Dj+g3tTAlvKGCaN3uB5AT7Fu6qiE1w3lyFMGvmXDHBgr8Rmlt279i2TUywIPgSlRM811AdYvOmzfjyJXSbYC6pfU/PjxcvXoi8iesEf6PzIxgwrg5xScsJ5jdwUL6Fg4UJ5hO1ZPEyFCpQAvPmLpQ6nYK/wSY4tBrhXTt2IHu27Jg5fYaYYEEwEzbB8+bMVSZ444YNMtCMIJiJsQm+cOGiqk8vJtgM2AQvX7YCRZxLY9FC4+oQguB3dCMc2szwgf374ZTdCdOnTlWdmAuC8HdUTvCCBcoEr1u7TvVjLwjC3zE2wefPiwk2G+6Oh3uHcC5UGvPmLhITLAQIoc0IHzt6DDmdcqo+T1+/lmGlBcEceBj/9WR+48aNh7Vr14oJFgQzeff2PZYtXaH6CT5/7oKYYHMxNsELKIoQEyz4N8a5wcoIh4JL7OSxY8iVM5eYYEHwBWyCN2/cqEzwqhUrZaAZQTCTd+/eY8Wy1QYTLDnB5mNsgrmrNDHBgl/ha8i78fUu7vqIG2WGVEN89uxZZYInjJ+AV6/EBAuCObiTCeaeVeLFi4elS5bgg/SxLQhmwQ0FlQlOmALnzp0XE2wuP8iwcJ3gYkVdsHSpmGAh4GETzMGXuklpPiRy5fIV5M6dG+PGjsXLl6+0VEEQfMLd3R07t+8gExwfixcukj62BcFMdBOcJHESnD17Tr1fg5pgYYKZ1SvWoEQxVyxcICZYEPyDa9euI2+ePBgzchRePH+hpQqC4BNsgnfv2ismWBB8CZvgVSs1E3zmLL5zSWsQE2xM8JpVa1GcTPDMGXPEBAuCP3D16jWVEzxi+HA8f/pMSxUEwSfc3T2wd89+xI+fQJlgfrELgvB3+F5Zs3otkidLjlMnT1lEH8rBwgSz5121fDUKFyqBKZNmiAkWBH/g6pWryJM7D4YNHYpnYoIFwSy4X+D9+w4oE7xo4ULV2EcQhL/z4f0HMsHrkTJFSpw4cUKNBhzUBBsTzHWCCxUshGlTxAQLgn+gV4cY2H8AHj96rKUKguATbIIPHzyqTPC8ufNU36eCIPwdNsHr1m5UOcFign3JqhWaCZ46XUywIPgDbILz5MqF3j174sH9+1qqIAg+8eXLFxw/fgIJEiTE9GnT8eqVNCoVBHPQTXC8uMlw8vgpfP0qJths1qxeDefCRTBtylQxwYLgD9y8eRN5cudG967dcP/ePS1VEASfYBN86uQZJCQTPHH8RLx4/lxbIwiCTxib4ONHT4oJ9g1r165DieIlMXniJDHBguAP3Lt7j0xwXjHBguAL2ASfOXMBCRMmwpgxY/FU6tMLgllwTyrr125SJvjwwSP44vFFWxN0BCsTXKxoMdWnqZhgQfA79+/fR748edCjm5hgQTAXzr26cuUKEpEJHj1qjJhgQTCTjx8+YtOmLcoE7927X/W0EtQEs5zgEhg/foKYYEHwB+7euasaxnXr0kVMsCCYydev33D92nUkSpQYw4ePwJMnT7Q1giD4BJvgLZu3I07suNize6/qczuoCTYmeN3aDWSCS2Hc2IliggXBH+DqEPny5EXXzp1w584dLVUQBJ/godRv3riBxImSYOiQoXj06JG2RhAEn2ATvHHDZsSOFUd1M8g9rQQ1wSonuIhzSYwdLTnBguAfPHzwEPny5oObmGBBMBs2wbdu3ULixEkweOBAPHooJlgQzEGvDhEndjwcPHBITLBvMJjg0hg3ZryYYEHwB7hvYDbBHdu1w3+3b2upgiD4BJvge/fuKRM8oP8APLj/QFsjCIJP/KoTHF9ygn0Lm+CiRaQ6hCD4F0+fPFUmuF3rNrh185aWKgiCT7AJvnv3LhImTIi+ffupBqaCIPydXyY4iTSM8y1cJ7hoERepDiEI/sTzZ8+QP19+tG7ZEjdu3NBSBUHwie/fv5PxfYCECRKgV89eqm69ICjEmvjIp0+fsHXLTkPvELv3aQ3j+KQF3YkLNiZ4w7pNKF68HEYOly7SBMEv6HfPixcvlAlu1qyZau0uCMLfYRP8+PFjJEqYEN27dZf69IInP3+IN/GJT58+Y+vWXcoE/+od4rumoCHYmOBNGzejRInyGDFstJhgQfAD+t3z6uUrMcGC4EuMTXC3rt3w33//aWsE74Q2Uygm2Gc+ffyEbZoJ3rljNz5//kypfM7EBP8VHmWkWLGyGDZklJhgQfAD+t3z+tVrZYKbNG6Ca1evaqmCIPgEm+BnT58hUaJE6NKpM25Lo9I/okxhaHld81cVE+wjbHp37diHxPFTYs/uPZIT7Bs2rN+sTPDggcPFBAuCH9Dvnnfv3qEAmeBG9Rvi6pUrWqogCD7x48cPvH79RpngNq3b4MaNm9oawTtsCnWFWDPMX834ewp/hBvCHdh/CEkTpsDePXp1iB+GlUFEsDHBmzdtQcmSFTCw/xAxwYLgB/S758OH92SC86Fenbq4fOmylioIgin4vlEiE/z+/XskTpwYTZs2pQBSqhL9CX5Xh3SDaPz9Qup39C8+f3bHnl17kSRxEuzbxw3jPDzvq6Ai2JjgrVt3wKVMZckJFgR/4sOHDyiYvwBq1aiJy+cvaqmCIJhCf1nz++fD+49GJliqEgmCOXDvEDt37ET8ePE9c4LFBJvJ1q3b4VK6MoYMGiEmWBD8gY8fPykTXLNKNVw4f0FLFQTBFMYmmBv4sAmuX6+BlKIIgplwneDdu3YjXtx4ygxzbxFigs1k65ZtKFOqkuQEC4I/wSa4AJngGpWq4ty5c1qqIAim8GKCPxlMcK2atXDxggSQgmAObIK5QRyb4G3btqn7SEywmXBOMNcJFhMsCP6DboKrV6oiJlgQ/oKxCXb/7IEkZIKrVa2G8+fOq/WCIPgMV3/gusBsgrds2UrvoI9igs1lK50wNsF9+wwSEywI/oBugquUr4AzZ85qqYIgmMKUCa5cqTLOnpEAUhDMgU3wwQMHkTBBQmzbuk1VKxITbCZbN29ByRKl0atHPzHBguAPsAnmfoIruLjg9KnTWqogCD7B75/v374jSZIkKFeuPN07Z7Q1giD4hIeHB44cPoIE8ZNgy2aDCQ5qglV1iNKlSqOrWy8xwYLgD+gmuGyJkjh54qSWKgjC3+B3EJvgsmVccOrkKS1VEASfUCb4yBE1YhyPAvzxw0dtTdARrEywCz1wenTrKSZYEPwB3QQXK1oMx48e01IFQTAHNsElKYA8cUJMsCCYA5vgo0ePImmCVGoANO6mM6gJdia4Z/e+YoIFwR/wNMGFCuHYkaNaqiAI5sAmuFiRojh29LiWIgiCT7AJPnb0GBLET4Z1azeICfYNO7btRFmX8ujRTUywIPgHugl2zp8Phw8e0lIFQTCHpEmSwrmws8rZEgTh7+h1guPGSYjVK9eqkReDmmBjgrdv240ypSuhS6ceYoIFwR9QJjhvPhQuUBBHDh3WUgVBMIekSZOq+4frOAqC8HeM6wSvXrVKTLBv2LZtB0qWKCcmWBD8CTbBzgUKGIp0pTqEIPgK3QQfkgBSEMxCrxPMJnjlipV49+6dtiboCD7VIbbvRpkykhMsCP4Fm2BuFFe0UCEclhe5IPiKVClTIadTThw8cEBLEQTBJ758+YKTx08pE7xi+Soxwb5h+7adKie4Q3s3McGC4A8oE1ykKArmyYsD+/drqYIgmEPqVGmQLWs2HNi3T0sRBMEnvn75qvrVThg/heQE+5atW3fAuVAJNG3cQvUtx2NO+0U8hrV3/Sndu9w/u/+ad3f/TYZ1NM/yXPYq758JSnERBUvN68vuhmXv0rcVkYzOkZ6m5gP7POnHQMdjvPw3vXz5SnXxlI9M8O6dO01uY+rv+If0c6Tmjf+GlvYned/Wu3yzrX/pi8eX3/VFk0/r/E1fjfQr7etXv+nb12/49u1v+u6jvn/3jX7gh5H0dLX8w5R+Kv1k/fS9/Eqa1GmROVNm7N0T2k3wD9J3LwqYbCqvf8NY/Pd0+R/6/v+MuvZMyDu/r/+1b1Pb+xVT1zeneJdfMLW/P0mHTfCpk6dVTvCypSvw9g2bYO1cGG8YiAQfE7x5K7Jny46UKVKhSZNmSg3rN/Wc6vPNmrZAi+YtlZo3a4VWzTugVYv2aNuqJVo3b67UpnUbtG/bzotat6DtaNvWLdur5Y7t3TzVubMbunbuga5deqJnt77o1qWXmu/u1ht9ew/EoAFD0afXQLVOV3e3nujVow+t70vTnujWtSu6uXVF967d0LN7D/Tp3YfUV32uX98haqqrb5/BGNBvCAYNHIqRQ4Zi2NBhGDiA0vr2pekASh+IoZQ+ZPBQWh6I/v0GqX2w+Hh4H/3p80MHj/CmkaRRXtJGDB+FUSNHK40cYZjq8yOG8/pf2xqvHzVyDMaMGYPRI0eRRmIMafyo0Rg/egxpLCaMH48pEydh8sTJmDh+EsaPmUDTiZhKy1NI48dOoLTxmDBuIiZOmKTEnxtD++Z98OdZvB1P+XOsCeMojfblKfX3DBo7ynAsfHzjaN/6NmPHjMXoUXysIz3Xq2M13o8uTlffY5yXNP6c5zptefQIOif0O4wYNhxjtfMwegRp+HDP82TY169jVDJOo/3zdzf+Xvr5UOljJxrSvX9ePwYW/T3+nTyXSXxc3jVk0CB1/Qzs108t9+jSBckSJ0GcmDHRrFEjDB00WK3n7fTPjBo2zPPv8bye7pP42mR5Tx82eDAG075ZfMx8nKOGDvVy3CrN6DO8LR/TcPrsKLoP+JwrGW0/Th2bYX/65/hYPa9JI6nriq4H7+nj6Nr5bXv+Leja1a+9P2nW1GleNHv6DMybOVtprglx+vy58zBvFi3PmoM5s+di/rz5WLhgIZaSlpB4nrdhLdDWedfiRYuxZLFBKxYv/V3LlmPdytVetYq0dq1hfvUabNqwEdu2bMHmTZvpGbsZ27duxY7t25V27dyNPbt+ybC8B3vI9O3de0BVoTl65Kjq8uj4sd/FA7CcOnUKZ06dVjp39hwunL/wmy5euIhLly7h6pWruHH9Bm7dvIkb166r5evXrxvSbt3CvXv38OD+Qzx6+EtPnjzB06dP8ezpMy968fwFXlGQ9/r1G7x79x6fPxkyOXiEKp7nIOkrBQts9HWzrcyIL17ETjlyqnfSfskJFgSzUCb41HnTJjiIXHCwMcHchVOJ4iVgbWWNmNFjIU7s2IgVNSFix4xDJzQe4sdLgEQJEyFxwiRKCeMnRvw4idU0bszESBw/EZInSICkCRMr8XKC2AkRL0YixI1B23hT/JhJfilWUiSIlYy2p/3F5imJl+MmRMJ4CZEoAf09miaIE18pbpx4iBs7HuKR4seLR9vFpTQ6TlL82HFpGlelx4sb3/O448dNoJZ5TG2W+i6JEiMJmRSeJkyQ6Ld1LJ5PED+B2o8ufT/6Nrp4X/r+jJU8WTIkT5oMyZImJyVTXf/o2xpvz/O8Tm2fLLlBSZMiKaVzWgpa1pUyeQqDUqT8Na8vp0jx+3YkXtb3bZyupD7ndV/6Pn6JvwN//tc+UpAMx0rfi4/fxLF6Kvnvafpn+fwYf46/dzI+T3T++bzwvPHfMD5PxvvzLu/fx3jZq7x+znBMhnOvi48hBf+ONNXT1PEZKTFfFySej0/XoVWkSIgcPgzixIpF1xJdT3Sd8TWlb8/70P+m2h9fB0brTUldK0bLpj6XLAn9DnxO6Tt4l/fjVsdMU07XZbw9HxvvT1/3a/+GdWbJ2+/L8jz3dN2lTkHL2jWYKqV2LWrzaVKnQVqSmk+VGunSpEW6tOkMovm02rI+zaApfTptGzWfHhnSZ0CmjJmQKUNGpE+fXqUp0XxGLU2tJ/GyPs/iHEmljKQMhmkWWs6SKYtS9qxZSdm8KAcZOKfsOZAzh5Oncjk5IU+u3Ep5c+f5g/Ihb568yJ8vn+pir1DBQqZVqBAKFyoMZ5o607RIYWdPFXUuAufCRVCEpkWLFkXxYsWVStIzXhcv8zNfLZcoiTKlXeBSpqynXF00lXX9TeVcy6FC+QqoWKEiKlWshMqVKhtUsTKq0LRK5cqoXrUaqlerjhrVjVXjr6pZoyYa1quH6NFjIHq06ChTqjSaNWyM5o0aoylNGzZooNY3bdAQrZo2Q4tmzdWU1bp5Cy/z7dq0hVuHdujQrr1SV5p369QZvbt3R99evdCvTx9P9edMEApgWYMpMBw8YCCGcIbI4CEqEB9FAfhYCuSMNY4DvrHjVJA9YdxkTJo4FdMmT8H0qTO9atoMzKDgbe7MWVhAgdeiBYuVFi9ahEXzF2HpkmVYu2Yt1q9dh/Xr1pM2YANNN1IQtXHjZgqitmALBVJbaHnLpk3YvsUQTO3csRu7KXDav3cfDlDgdPDgYRw6eIR0VOkgvdcPHzrqJXjiEfjOnz1PAdJ5Co4uK10mXb1yzaCr13Dt2k3cvHkLN27cxO0b/+Hu7Tu4+98dFSg9fMAB0iNPPXn8BM+fPcPLly/x5s0bvH37Dq9fvcHLFy9VoMRB0sePH/Hh/Qe8J33i+Q8Gcakzl9xyiQ+Xjnz/9k2VTKjc7yDKuQzOGKpDnFMmeMniZWSC31KqmGCz4IuYb7RJk+hGJk2dMs1TfAPPnD4Ts2YYxPPTpszyohnTppGmq3W8/fQp9DAgTaWHwuSJ00nTNFHaeNo/acoE2v8EXp6ilidPmKT+Nm83adIU9VAZz7mVZmrChAlKptb5h8aOHatkat2/aty4cWqf4+hBamq9LnP/Lu9vPOd68jztUz9m71Lbefuc8Tr+rJpq6cbbWoz4e2rfNSDk/RwZy/Nc/eV3m0jX46SJE02uCy3ikgIv15AP55Wlrj3tvPLnRpLZGMklAKNGqSmLDQkvjxpJacN/pfGyPh0zerSa10tceJvhZGa45EeXnqs+hIzOIDY9g4aoeS4BGtCvP/r26Yt+ZI76kzHieUMJE6lXb0/p6b169FKlUD1Y3bqr5d69OL2nWu7WtRu6dO6CzmTCOtO0S2c3uHUxqHPHTmjXti1aknFr3qwlGbuWaNW8JVq3ao32ZOTatm6jllvQ+tYtWqrtmnGJXaMmnmrcoJGn6teph7q16yrVqlGLVBO1yJTWIHNatVIVVCOzytPKZGArVmAzSypfHuVdXVGmZCkyxsVVo84/qWiRoihcsKDq/q9g/gLKrOfJkwf5cuVSykty4sAgc2Y4ZTMEBFkzZ1EBiCEYoQCCgosMFISkTcMBTDpV/SFl8lRInjgZ0idPifQUvKROmQrJEnnNNOAMCM6YSBgvPpLHT4iEJJ6m0JQ8flylFPHjIwVtn5ICttSkNDxNnBgpKYhLnzwpsqZN5alM9Lcy0rEopaFgiKaZKCjKkJqOLwUFYSlTI22qVEjDgRgpCwVYrGzpWRmQI0MmOFEwlDMLfdcs9L3p+2bJ7OSprBQwsbLQ+ciemddng1MOCpCcOLeb5ilYyuNUyKBc+ZE3b151PnnKypc3P51nQzoHRwUpCOIASAVBHPQUKUK/S1EKaijYKVpCTdW8Fvi4lC6jVJoCCh6KmoOYcq7lUYkCmUp6IFORr4eqNM/BTFUKZAyqWqUqqlWtTgFNTdSg66h2rdqoU6uup+rWqYsGdeujQX0KThrS9UfXIk95mdWIApemdK2ymjRuStd3c89lnme1pGu6VUtWK7Sma53Vlq97X6pdWwp42ndAxw4d0KljRzWvp3emeU7rRurRmUuNe3pVN7pPu/dE354G9endGwP6UFDUf4B6Ngzq319pCAVIXKo3gp4fukbS84VLJrm0iwMjDoqm0LOfNZme/1MpMJoxdSpmTiXPQ/NTJ09W87PIM83i4GjOHCycN+83LV64EMuWLMXSxUuUeH750qVYtWIlBUxrsWn9BhU0cakTB0xbt2xRxxI1SlQsWrhIBSWG6jSsoCHYmGDh7/yqb+R/6Pv8237VNto8w/OmPqGnK3HdPPqccXGksYzRt1XiZV2Urj5rlGYp+OaYzN3Gu/6E5zn840YceYdG9PqLBvj06HVMjfE8fybg6nZ6nTv+HBercz1cLlr/VSfXsPzt61dVD9jDndJoysu/9E191kv9e25v8OmzF+nF+JxLxTlW3KCRG5RwLsqb12/UVJ/nnC3v0tM554urCTx79kzpxQtDlQE9jXPMHj16hIcPHqjpo0eP8fjRE6WHDx/i7t27uHnzJm7euKF0+8Yt3L51G3fv3MWd/+6odbdVztwtWn8TV69exZXLV7yIc/RYF86dx7mzZ3HuzFmcOX2GdFrlAJ44esyLjh4+4kWHDhzEnt1cNWMndnJO4x/EuZD8wt26cTM2bdyIDfQyVlqzVmn96rVYsXwFabnSqpWr1HT5oiX0Yl+scj55ftGChVgwf4Gn5s6eS6ZglhJXSZk7dx6mkWGYMJ6rbXnVOC0QHTtmzB/FgRAbEzXVquQM16ry+KQRFFixeFtVxWjgIAykoGgQBUMsXtbFOcXDKJBicUA1qL9B/fsNUFXnlHpTEKUCJTZaPchwdVfiZZ5yQGQQBUkUELF5a9+OqxK2/SVa7qCqF5KpI2PXunVrtKIgiQ0kq0ULDqCao1lTrrZokAqOGjVGYzKiSmqeDGq9+sq81q1TR6kOzSvVrqNMLgdNNavXJPNbjUxwNTVvWK6ulj1z/klsoMuXowDKSGVdXEllVelC8WIlyKAXJ6NeDEWci2oylFKw2NAXKFBIdYdnEAUAFETlyZ3bIJ7noCqHkwoW1JSkAisKOHSpUhsKsvRSHC65yUgBSupUqVVPIxmNlTYtrTOU+KRLmVEFWymTpka65MmRjrZPS8tpkyVXJU9pKTjjkqi0SZMocQCVMVUyL8qQIgUyUrDEypyKAiQKnnRlTkdBHwVWfCxZ0mVC1nSpNXEAloICsNTIwsFYhvQk2obE8zzNkomCq6zZKbjK6kV5nZyQP3ceFMxXEAXyURBK84UoIC1OAWoWCt7Ch4+gqnq9ef1aPUeDEjHBQQK/cP/oTkIUXHSkG4JQ8pWF39CLu3wLXzB+MetBl7vgX3z/9t3TIJtq7BIg/OnPcDpJBaQqEviVZpBxumE+tOhXYz3Ll8p04EaLJNUIkhtUGjXcVA1guQE3B2E0/fTxsxre9v2790ocgL15/RavXr1W4moG+rynKLh6zsHV02d4+sSgxxRUcfUErq7Aun//Pu7dvU9B1H38d/uOEs/f+e8/3OKqDtdv4Pq16566do2rQxgCq8uXLqm65OfPn1fieda5c+dwlgOrMxRYkc6ePKvqpnO9daUjx3DksKZDh3Fg3wHs3rWbgqadXrRt63aDtmzD1k0USG3YqMT16deuWfOb1qwyBFHLlizxDKx4fuliCqhIixYuxEIyffPmzMHsWbO9aPq0aZg+aQppMqZwSfeEiZhIQdQk0kSa5zYMY7nEiNs9aBo5dDiGDRysNHjAYAzszyVD/TCgP4mrzvTq7ak+PXqo6jWqPVIXt9/Uw62rCm4MOdPtPaft27QhUSDTsoWR9Bxx4/k/i6sCGaslBUItmzdHwwaNcHj/QRXUBzUh0wTzQ9ii4Re70Qv6T8dr8d/jD2jH/ZoehocOHsaSJUuxf/9+ZYYtgqA4r8H1t/wb/L10/RHdBPv2JOi5tv9y8vgzfjHQQQvnxHIjtGVLl2LunLn08pyLTRs3qRxWNi3+xr+cWkEIKvh6FQUbcWmaZ+8u2pSDMA6qeF7B2wYhkhMsBAjPnz7DwvmLULigM2ysbVCxXGW8toCiD0EIDnC9ugwZMiJs2LCIGDEi/ve//yFG9BiqKJpzyTgXTxAEr3Cu/KMHD1Wu74H9B3Ho4CGcP3tO5V57mi4h8Alio+sTYoIFf4df0LNmzlJ1nfjlHSlSZDXQCecMC4Lwd7juKdcZ5LqEhfLlQ8IECRAuXDjEjBFDNWR8+5ZbVQuCYIyHxxeMHD4ccWPHQZgwYendE0k17lu5YoXKfWSTLAQyWo7wn9pYBDViggV/hxvZdO3iRi/smLC1sfllgiUnWBDMgu+VBw8eqBysF8+eY83q1YgWNRrs7exVwyHuI1cQBK+8evka3P8+Z8Cw4sSJg/AUPKZKkVLVF+Y60IJgjJhgwd/hkaQOHjgEHlyjSuUqygQXK+aqGkwIgvBn9JwqvQ4dwy/ugwcOqn5pHR0c0blTJ9XgSBAEr3B9U+7t5L9bt3Hnzh3Vg0fkyFaIFTM2uJ9jS2iIJVgWYoKFAOHTp8+qJTCP1BYxYiQULlSCTPArba0gCObApvje3Xvo1sVN5QLz4Cu7d+1SnfcLgmACiiO5NxXuoWLlipWqTQoPorR/336VLgjGiAkWAox3b99hDJvgCGKCBeFf4C6puD5jrJixECNaDDUoxeNHj7S1giB4h3tP2bh+CyqUr0hBYwrEiB4T7dt0Vt20SeM4wTtigoUAgzvwHzdmnGrhnj9PYbykyFwQBB8wajvCRberVq1Wwy1HihgJBfLlx7FjJ/DFP7tIE4QQBvdzPGbkWNha26uG2dGjxUT3bv2kMalgEjHBQoDBOcFjR49FmDBhkDdPPjVilSAIf4dHh1u8aAmyZskCa2trFCxQEFs2b8HnT5+0LQRBMAX3TnTl8lW6fxahfduOdP84qJHcNm7YIHWChd8QEywEGDws69Ahw5QJzumUS0ywIJjJurXr6J5xUjlZDvYOKFe2HGbOmImpU6Zg+bLl2pj7giD8CW6gvWf3PqRMlpbuIUf06tlL9VwkCMaICRYCjBfPX2Lo0GHqRc5jqYsJFgTzGDRwkLpvWNy6nRv2ZMmUGSlTpES+vPnUyHGCIHjFw90Dt27cwrlz59VQy3PnzEOihIlUryo9u/cUEyz8hphgIcDgoiceb71Gteqq70burFwQhL+zbs1a1KxRE9WqVEVVUuVKVZS4y8EmjRvjwf0H2paCIOhwTyqjR41Gg7r10KJ5CzgXLqJKIpMkToK1a9ZJdQjhN8QECwEKG9+7d++q0eKkZa4gmMenj59UF4N37tzFXdJ//91R4nnuI1iGTRaE3/nv9n/o2aOnGm0xdYqUSJs6DQoVLIQeXbvi1cuXqstBGTVOMEZMsCAIgiAIIYKbN25g5fIVmDplKmbPmosTx0+K8RX+iJhgIdjBjzNT8s6fxir3nm6pY5r/Df17G0v4nT+9AIPidzf+rYxlyZg6XpYgWCp6jq8uQfgTYoIFi8b7i9cn/Q4XGXvXjz+YYK6qYbyd6T1aEvr3NpbwO4bf1/i31fU7vK13+SfGv5V3+Sf+uX9T+2IJvoWfMcYSBCGoCTUm2G8Pcf2lqT+8eN53ewi98Hnyfv7MP4f6b+VXGeN9Obji/TuGlO8V0vH+OwXE72Z8TejyC+buz9ztTOGXz1o++jPQWCHrGwpCcMTiTbBxcQY3rOK+/wz6rvT9u//qx/cfnvpTuq9Fx+07/TSR5k0+/Q1Ty97TfJJvt/+T9P14l7nbafputJ3xb+Jdnp+hbU2tN1f6tWXqGjNnnXGa93WmpV/T/66vX78Gjr4Ypjxq2ZcvX7zJVNpf5OE7eXh4WJTc3d3VCFWm1uky9T08v7v3c2G8bLaMfxOj38oMfftq+noyrd+vXVPX+p+l3cee4uec4fnuk0IOxpkALEEQgppgY4L5Yf3s6VOcPXMW58+dx+XLl5WuXbmKG1eu/dLVa7h18ybpltKd/+54EbceNay7qea9r7939z4e3H+I+/ceeEljcRqv8y59nb6dnqbS79/H48eP8eTJEzV99PAhiadPlHhbnj5+9ERtw3r+7LnqU5dbgetpPM9jn+uf4S6S9L/PevjgkdruEe1HXzb+G7oeP/71d/T1xjLelsVp+nHo88bi4zb+vLHu0zEanxNT+2aZWmdKvB/j34p1+/Zt7Te6S7/BPXW+Wbys/9Y36bfmxhKsG9cN0uf1dTzP/UpepevpyuUrSjzP4vQbtA1P9etOX3/t2jWlq1cN2+qf169HPY2v08uXLuPixUu4dOmS2gfPXzh/QYmv6zOnTiudO3vuN+nrTh4/gVMnTnounzp5SqUdO3oUh/cfwOFDR3D0yFG1fOTwEVo+jAP7D+LQwUM4eOAQzR/w1P69+7B/337P+X179hrSSId4G5ru2bXbi3bu2EXaiR3bt2Pb1m3YvGkTtmzZim1btpC2adMtKn3j+vV/1KYNm9V07Zo1WLtytUGrSLxslLZ61RqlNdryyhUrsHzJUixZvBhLScsXL/2rli1chKULFv4m7+uXaPK+nSkt1DR/3nwsIPHn9P2tWL7CU2tWrvr1/bTvtm7tWhJ/97VYv26d5zlZS+m8vGnDBnX+9HO4ab3hXLE2rNuoPsvi9C0bt9JvsUP9Ljzl34V/J/4N+ffbt3cv6ddvyuLrhK+No4eP4cSxk+r6+aO0a42vQf1avUTXsff7Q78PjJ+9fG/q96e6R+n+NDz/Hqpn3KuXrwx69VoNaWvQOzVa3ufPn+H+2YOCri/07P+qgltBEAT/JthUh2CT0rtHT2TPlg1Zs2RFNl1Zs3mK12XPll0pR/YcXpXN6Zf+lE7iQR105cj+e5pTjpxG0pe9b+NdOZEzJ8mJpC17l1rH25By5cxFyu257Cna5tdnfu3bcx+0za91v9KNZfx3fm3/Z+nbey4bfVbJyzF5l36M+vEYz3uX8bbe9fs2Xn5DTfo6wzkmaenZs5K068JHZc3u5Xr6/br6fZ1h/e+fM5WmZHztkvha1pUlUyZkyZyZlMVTKl2bz5wxEymjklrOlNlzOVOGDMiYPoOaGiujlm5K6dOlJ/GUlJbmNWXQ0nmaLk06JU5Px9KWWWlNKu0vpU7jRWlSsVIb5lOnJRmWU6ZIpcTzulIlT6WkrzMoJSkFUiRPgeTJkqupOeJtWTzghPpcsmQk7fM0n1KTvp254v3p4mX97+nHmFKbZ6VK6fX7eZE6H4ZzoS97OW/aufo171XGv4lS2nTqt8vIvyP/pjTNkC4dMqWnNJLXa8Rw/fgk/TrU5f2aNr43eN77falLvzdZ+jOOlSd3HuTNk9dT+fKy8iE/K19+pQL5CwSqnAs5o4hzEaWizkVRrGgxlCheAqVKlkLpUqXhUsYFVSpXRr269VCjeg1UrlRZ9eFci+Yb1amLpg0aonmTpmjdvCWpBdq0ao2OHTqgQ7v26NC+Azp16IQunbugq5sbunXrhl49eqBPz17o17c/Bg8chKGDh2L4sBFKI4ePwdhREzBh3BRMmTQd06fNVb0ezJwxB9OnzsSsmbNpeY4aGMIQnFFQt3S5Ch43rN9E2kwBFQes27Bl8zZs37aDtFNpFwVMe3dTwESBMgfDKmCiwPjwoUM4doSCpOPHVaB96iQH3KwzKmA/d+4cLlJAxLpMwbxnsH/1Gm5SAMRd+T188BBPHj8FZ1494cwXmufp40eP8PTJU5XR8+b1G7x98xbv3r1Xffjy9P17XRQMffqsBsDgEg8OhjgzTGqRCP6JhZtgvtoNV/zZs+dQq0ZNxI4VB9Wq1KAHSke0oodLy2YketC0aNYczRs1RrOGjdGkQSM01sTzrIb0UKpftwHq0kOrXt36alq7Zm3UqVqNprXQsHYd1KeHV62adeihVktTbVqubbRsSONp9Wo1UbVKdU9VqVydHoSGabWqNUg11dSwvqpK17etXKkqKlaoTKqEcq4VUdalvKdcXFxRpnQZmi+n1lUoV0ltx+J5TvP+GdeyFUyme1/Pn69cqRoqVeS/X0Utu7pUUNvw3/X+uXJlf+1T33+F8hU9j4e/A+9P/16G71ZNfT8+F57p2rlh8d/VVakiDwDgNa1i+cr0N3jfehr9jYp03CQedKNmNT63/DcNgwiwalSviZo1aqnrgv+2/nf136xmjTrqd61Hv2+9OvT7K/G8QQ3ot9evgYYNGqjrphGpfr36So3o2mnSsJG6vljq2qLlxtp8g/oN1Pb6Ncfb81S/Dnna1OjzutS1yfONm6jrVxe/PHl9i6a0TNd2c+0ab9WyFdq2boP2bdqiNb1UeZmn7du2Q3t6uRqrU8dO6NypM007qxev9226dO4MN1qfNUsW2Nna0W9cFj27d0ef3n1UP5u9dPXsSWm91Tyn9+nVGwP6D1Dqr4nnBw4YiIH08uaRzgYPGmzQ4MEYRFN+sfft0/c39e83QG0/ZPAQNR1A++D98b74c/p+Bg6kfXMaTXlbFqfzMv9N/W97leEzLN7vkCFDMGL4CAwdOlT9Ld4/pw0ZMhTDhg5TUsfBf0cTfy/jZdbAAfr39b5uAH3PfuhH30v/nDpH/fqr78/p/J35/PYms8NS57R7D3R364Zubl3RtYt3uanfj39L/r1Y/JvqcqP1POVnofpd6TduQ9dHW7o+WrU0XB9/El83rXmbFnR96dcbX3t0LRpfn3z9qmendi/UpXunFt0rPJAHPxtZfO/xMt+HLH6mqmceGUP93tVV0bUcydWLKpR1hQsZy9JkMEuVKKlUvGhRMp/OKFSg4G8GtSCZ4oL5yCDnyYM8uXIjN0kZbQ48M3MwycFhJgoC0nmRCg5IPJ+WgpKUHLgkISVN7jnPAU3SxEnUKGMJEyRUShA/AeLHi6/mOT1xosS0bTJEj+IIB3t7df/EjBGT3k2xESdmbMSNE0fNc1q8mLEQn+Zjx4yBOLFiKsWIHgOxKJ0VJ3Ycpbhx4iJu3LiIH5//TgIk5L+fMDES0d/igR6S0t/jQIsDwVSpKKCigIinuvRASg9qM9H31wMWQ5CiKTsFKRSEsJycOLMgD3LlyoPcFIh4ipYNwQidYzrfrIL0O+hTXYULFVZyLuysBqVgFS2iBwzFUbIEBwy/S0/nQIKfOyxXugbK0bXB07Ikfbl8uQr0PiivVLEivXtIlSvSdUUByL+IA5Xq9B5h1aJrlVWnBnmBGg1Rr1Z9NK3fEE0b8TOY7ovGfG8Y1KIZ3S8t2pDaUkDTDh3btodbu45wa9/JoA6d6X7thu6dvKoX3d8c3PSl+75/774YRM8Cfm6xONjRn2nD6Dk0YtgwDKfnEy8Pp+fRqJGjMHbMGIwfOxYTx43DpPETMHHMJEwcO5HmJ2LyxIkUBE3z1MzpMzBv7jzMn7sQ8+bMxdzZFBiRFs2fj0ULF2ERBUccIC1ZtBjLly7DymXLsWrZSqxZtUqVwq1bTUHTug1YT+Jh29fQMmv9Oi6BWm9IX7dOiec3bdiETRu3KG3ZTNqil0rtxE4uldq6XZUObqV0Drx276aAa+9e7KbAi5cfUJDEVbIMVYO4jnzQYOEm+FfjgYsXLtKF2IZusmIUnZ4CDxtqXGzNxcuXaBtjcZSqpqTzNH/uzHmKYn/pzOnTOH3qNM2fwXlV7MxF0mdV2t904sTJ33T82AklL+nHDek8NV4+dvSEKrY+fJh06LAqxj6siq8PqWJrw/JRisYNOnqEtz+OI7z9P8qwD6/idL2onP+2OgZvnzMWH7Px5z2/l+f3NXEOSPq5Mf4snwPvaSrd29/gZd7OkCNxysv+WLys/yb6Mou35XT+TVlnT59X14DhOuAcDe86q64DU/J+beni68rU9qrY2MT23qVfo3o1C12XLnpNM85puX6di58NVTf0Za6uweL7gqt4cHG0Z3UQSjNez1Nex9PWZIL45T5xwkSVe6Oqkty75yle5qo3+vLDBw88i7SNxdVsvOupZ7Ubr9vy/jiX6NGjRypnSG2nfcawL0P1IZZhX489xdvq+vW3eJ3xsnG6/rmneP78OU2fq2XD332qljn92TNep+/3MR0bV1kyTI33aajKxFWNDMepi7+L53ekec90Le0hyVCF6Zf4fPJAMnze797hgTAM4t9G161bhqoFxmnG4uoG/Hvzb6lfF+raMKqeY0qq+gJdOzyvrjftGvR+bZq6tvVnID8/+b7Rl/V7k6WqUhw7ruR5rx497vk8MxY/dw4d5JxIrppjEFfj2EMvzV07d2LXjh2/aSdp+zbO1SRt2oJtJK4+smkjaT29oFWVEa52YtB6fpmTeCQ+JZpftWKlSS0nc7Bs6XIsXrzEIDINixYuxFKSnrZiyTIyTXWU2eXc30kTJ2HOnDmYM3MWZs+YgRnTpql+aqdNnarmp0+ajGm0zVQSb+sbTRg/HuPHjcc4MkNjdZE5GjNypBeNGjGSAj2DhpOhUoEdB5EctJkQB2W9tGDMlDhA69aVAjRdFKi5de6ixLnYbp3IBCp1Qof2HQ1qSyaxNasNmUUKtlqSiWxOppLUtGlTNGnSBI0aGjIZPKUt16HzyeaUMzl4pMTqNK1SqQoqcQZQeTbDJDbHKqPIhYx0GTUtVbK0yqXXVbxYcRRxLqoMev58BZCPSxjI3OfLm18pLwVNebMXQN4cBQ3KziqAPKTcWfMje/ocyJouB5wy5ULOLPmQLUtOtZw+dRakTp6BlA6ZUqVDltTpvShDqgxIkyIjUiZJhxSqFIsCliRpkDHF78pASp8itVK61IaSM0NJl0GpU6VW4hIlnqZNkwbpaJuMKQ3iZVZ6CuoMJXqGEjwOALNwIJg5CzJmyKSWs2bh0vNfyp6NS2W4FJe+nyYukclP50gvfeHSGV187tQ6rVTGlArk52C1IJw5KDJSoQKFPNO5VKUYBUlFKGgqXLAQpkyejKdPn3p6vKAi2JhgNrsd2rqhZvWGqlFFaEHPC9cVGpFzEDBwo63evXqp3K/Vq1ZpqaH7fHv/7n+SKczdTggZTCdzy7mv06ZOw/t3/j8kvN5FHzcqVA0RuREjSTVq/PJFNco0pU+fPinxaJ1cvYDrWr9+/QZv3rxR8zzl5ZcvX+HFi5eqfrbexoPnWWxODFUYOPDjAM+rHlAw7EUU1HEwp7fT0MV1xK+rgOtXWwvVNoKDLA62ONjnNhKks2fOGYIoCqB0HT96DJzxcuTgIRzWpNo07KNAaQ/rAPbu3k/B0i4v4pzGrVu2YTMFRRs2bFQ5mSpAInFd/DWr12GtplXL15LWYCWJg58F8xZg9szZmDd3ARYvWIIF8xdi9qx59DvPwBQKbKZMmqRpsqemTphIwcoEjBszDuNGj8WokaMxesQojBk2wkgUrGjzo0lDKUhhjdLmPUvQNA0aMIgClX4Y0Lc/BvYzaFA/CmBo2l+VrvX7Z6kSv54U6JhQDxX89FCj7HFp059kKGnsqFXz4RIpmrbvhPbtuNSxHdpxqSUFRfqyYX171K5VG1EcHdG8WXPcvnVbu9qDjmBjgrkxUeuWHVClQk14fPZQaYoQ/KYxfpn6pJCEqe9nSv6Jqf2zQjpc1657125igv0J7+dNV1Bg6jj+JOHfmD59ujLBk8kQcYM+Y4x7t2AJPiHnx1+h06kuOZ5SEMWNSo37O9cDqy8eX1WPNKrOtdZrDc+7f3bHx4+fVB3tD+9/6eMH4+UPqi431+l+9ZICLG366uVrFVzppWusF89fqHSDXuHk8ZMq57pF8xZigv/OrxxfNsEtm7dFBddq6gfQMf5xQxradfxXhRRMfbc/yT8xtX9dIRl+4HGxp5hg/8H7eQvKc2fqWExJ+HdmzpipTPD4cePw6tUrLdUbdJLFBPsEn5sgqA8qP0mQ8ezZM1UthdsmcFWvoMbCTfAv2AS3adUR1arUpZf3F5XG13FINsGmUN/Zm0IKpr4bK6Ax9Td1hWRUdYievVS9MzHBIQvvv6EpCX5jwfwFZILTKhP8+vVrLVUIDijf4P0m8MNNYdKHBNJNxn/GJ+n4tM4/MHf/bILzZMuL1q3a4ZbkBJuPqhPcrqsywe7uRtUhBEH4J9gED+jd+zcTLAjC31myeKnqcYJNMBcBC4Lwd9gE589TBC2btxcT7Bu4Q/bOHbujWuXa+PTxs5YqCMK/wiZ4UP/+qg9bMcGC4DuWLlmmWuSPHDlaNTATBOHvsAkukLcomjVprXorCmqCjQnmLoDcuvQkE1wLnz6JCRaEf0UvumMTPHzwENUFj5hgQfAdK5evQIb06VX/09z4RxCEv6Ob4MaNmpGvExNsNlyBmk1wlYo1JCdYEPyAsQkeMWyo6qNSTLAg+A4eAptH3Rs2ZJjqXkwQhL/DPUYUyFcUjRo0FxPsG9gE9+jWB5UrVFfDKQqC4De4i5yRw4eJCRaEf2Drli1q6HIegZD70xUE4e88f/YCRZxLo0mjJrhx/bqWGnQEOxNcsVxVMcGC4A+ICRaEf2fvnj3ImjmrGv5bTLAgmIdughvWb6TaegU1wcYE8xChPbv3RTmXynjz5q2WKgjCv2IwwcPFBAvCP8DDyGfPll11M3j/3j0tVRAEn9BNcL26DdTw7UFNsDHBd+7cRb8+g+BappIanUQQBL/BJnjs6DFiggXhHzhx/CRyZM+Brm5d6f10R0sVBMEnXrx4geLFy6F2rXpign3D3Tv30F8zwTz0ngEeUe5PXTILguATX798xaTx49UQlmKChd/h5yuP5sX6NXqnYODM6dNwypED7dt3wO1bQT/ylSAEB9gEly5VETVr1MGVK1e01KAjGOUE30HfPn1RzrWcUXc08nAWhH/l69evmDJpMjJlzIiVy5fj5w+5lwRjxAT7xIVz58kEO6FVy5a4bgE5WoIQHGATXLJEeVSpUg2XL13WUoOOYGWCe/fqg7Iu3k2w5AQLwr/AJnjq5CnImMFggn+ICRZMIteFKS6evwAnp5xo2qQprlpAjpYgBAf06hCVK1URE+wb/rt9WzWMK1WiHJ4/f66lCoLwr3Cd4InjxqnqEGKChd/4+atPaeF3dBPcqGEjXLp0SUsVBMEnXpB/Uya4cmUxwb6B6wT36z1QmeAnj59qqYIg/CucEzxpwgRPEyyGRzCGg6If33/IdfEHrl69hpxkguvXq4+LFy5qqYIg+ATnBJcqWQGVKlUVE+wbHj54hKGDR6qGcWKCBcHvsAmeNmWqqhO8asUK/PwpZifUoOXy+qTv376rxpM8L/wO912fK2cu1KtTFxfOX9BSBUHwiRcvXqJC2eqoVLEKLl4M+hKUYGOCuTPy0aPGo1KFGnj6RKpDCIJfYRM8c/oMZYKXLF6iTI8QijDDCOsSfufunbvInSs36tSui3PnzmupgiD4hKcJLl8DFy+ICTYbNsEjR4xDedcqYoIFwR9gEzx7xkxkyZQZCxcswBePL9oaITRiyvyyBNPoJrhWjZo4e+aslioIgk+ICf5HHj16hOFDR8O1tFSHEAT/gE3w3DlzkJlM8Ny58+Du7q6tEUIt7HmNcojVsmCSp0+fIm+evKhWtTrOnD6jpQpC0GLp1dpevnyJqpVqwYW83Pnzhrr0QXnMwSoneMSwMShftgoeP5Jx2gXBr7AJnjdnrjLBc2gqJlgQzOf16zfIlzcfKlWshFMnT2mpgiWiGnlK7zcWwcuXr1C7ZgPVOO7cOUNd+qAMuIOVCR41Yjxc6MRxIzlBEPyGsQmeP28+PNw9tDWCIPyNd2/fIX++Aqrv+mPHTmipgqXh/tkd165eUw0ZPTzkGRfUvHr1Go0btETRImVw5vQ5lSYm2AyePX2GUSPHo2Sxsnhw/4GWKgjCv8ImeP7ceciSJZvBBMsLQhDM5tPHTyiYvwBKlyqDI0eOaqmCpXH37l00btwYXd26qcw0IWhhE1yvdhM4Fy6G06dPa6lBR7AzwSXEBAuCv/CNTPBiMr9iggXB93h4fEGhgoVQonhJHDl0WEsVLInnz55jwvgJiOIYBSmSp8A8CvrfvX2rrRWCglevXqFenUYokL+gmGDfwCZ4NJng4kVd1BDKgiD4jW/fvmHp4iXIkTWrmGBB8CUcRBYmE1y8WAkxwRbI+3fvsGb1GmTMkAlhwoRB5MiRUcS5CPbs3qOqSAhBA+cEN6zfHHly5bWIuvTBxgS/eP4C48ZMUPVIrl+5oaUKgvCvsAlesXQZsmfLbmgY9/mztkYQhL/B/WoXLFAQhQs548D+/VqqYAn8/PEDRw8fQTnXcrCLGAZO8cIjY8xwiO5oh4YNGuDWzZtqNEQh8Hn9+jVat2yl3jvHjh3XUoOO4GWCx06Ec+FSFjHUniAEd9gEr1qxEk45nDB71mwxwYLgC3QTnD9fPuzbu09LFSyB+/fuo3v37ogcMTxyxguHjdVtMMfVGunICP+/vbOAbyLrojjUvSnuXpxSKIVCqQHFZRcWh+K+uMPi7l5kcXeH4uwu7r4s9uHuUqAtcL53XyYlLQVapMk09//jMMmbyTQZe2fe3HdfEo0TJk+ajEcPHylLM/HJ0ydP0aZVBxQuVAyHDx9RSg2HqkzwBDbBDPPDIBO8YvlyeBbyFCZ4Jl6HsglmmNiiM8FFvbywY/tOpZQxNM+ePsP0adOQM0dOZNKYYWxpW4T1d8GDbhr0Km6DVI6WyO+WH+vXrsOrV6HKp5j44qnYPx3bdYV/sRI4ekQbE6wdlMcw6SFUY4Ipt9ykicHSBJ85zSaYYb4XnQmmx1JaE8wVAsPEFp0JLixuIrdv26GUMoaEMt5s3LgJpUqUhMbGDPXcrPCqhwbo44L3QpfbOaOcqyXsrCxQvXoNmdWDroNM/EE3KT269YligsXZJMQm+ItQHElw8FQZE/zvuX+VUoZhvhUZDrGCwiGKYMb0GXj16pUyh2GYr6EzwfQkZduWrUopY0guXbqMoPr1YZY4EUplscShZo5AXxfgDyFhgt/01mB7PQfkS2GOxIkSoXfPXjzuQDxDJrhrp57w9vSPDIfgluAvIbYLDalHJnjKpGncEswwPwgywetXr4FXES82wQwTR3QmuGCBgtgSwibY0LwT17O+ffoiZYoU8EhtgdmV7RHeR9sKLE2w0Afx+oUwwiNK2SKLxgzp06aX/SG4NTj+0JngwoWK4NAhbcc4HizjC5AB1pngydIEl8aJ4yeUuQwTfxjoHP0p0G+hC//G9RuFCS6KacFT8fLlS+1MhmG+is4E58vrhpDNIUopnVmcdSC+oTCIBfPnw6NgIaR1tkJfP1s87h7VAOsb4ftiXtOC1kjpYIHAkqVkCAXtT+bnI8MhuveEWx53HNi/Xyk1HKoxwTImeEIw/P3K4FhkHIl6oJOUTAbL9BQaGmp049brTPAmcfHXmeAXz9kEM0xsIdNEg2XkyJ4bG8TNJGMYwsLCsHfvXpQvVx6O9vao72aFU82d8EEXBhFdZIzFvIONHVEmqyU0Tk5o1LAhTp44Kb0G83N59uw5evfqD7d8bti/76BSajhU1TGOskPQRefYEfW1BK9buw5VKlVmmaBat2qFW7duKUeCcaAzwdSC5V3Um00ww8QRMsEBAWWQLWterFmzVill4hNqXKCY3qD6DaBx1sAvkwXW1bSXsb8xtQJHSsx7+4cGMyvZoUAqc6RKmRI9e/QS18AXypqZn8Xz58/R948ByJsnL/YZwSAzqjHBlFuO4hYDS5XD8WMnlVL1MG7sOCRKlIhlgnLNlh3//fefciQYD2SCt4RsQTFhgidPmoLn4g6dYZjYQSa4bJnyyJolN9asXqOUMvEJPWkbP248MmbIiMwaM0yrZI8nXZy/bIB1Esvc6eyMAf42SONghvz53WVIBfNzeS5uNIYMGoY8ufOxCY4LdIc2d/Y8cdGpIEyw+sIhdCbYNYk5BpW0xfDSrISuDsWsYWVunCaYWoKpI8nWLVv1TDCPqc8wsYVMcIXylZDdNTubYAMQ9jYMIZtC4FPcB8521jIH8NX2wgB/LgwiJvVzwdmWTmhUwBrOjg5if1bEoYOH8O4dxwf/LMjLjRg2ErlzubEJjgv0qHbunHkILFUWR4xglJG4ojPBpbNZ4uUfGmCAOAFZCVrHWzvBwSqxEZvgd9IEexfzxvSp0/DiBYdDGJKI8AgZNkPj6W/ZHIJFCxdj6tSpmDBuHEaPGi01ZvQYjB0zTj4VW7J4KbZu3YaTJ0/i/v0H8vNM/EHnDw3LS+f3ajbB8QqZ1PP//ovatWojRRINKrha4jilQ6MW4Ni0AuukLL+5jgOKprNAsqTJ0KJZc1y7do2N8E/ixYsXGD1yDPLnKSRMMHeM+yq6jnFkgmfNmgV/v1LiTu2wMlc9fGKCYzohWQlH/YzfBOvCIcgEc3aI+IfSAlFP6dOnTmPD+vXi+jYbPXv0RK1atcQ+KY4smbPAReMCCwtLJE6cOFJmZmZImiQJcmTPIftINAhqgAH9B2DOnDnypuZfYQ6eP3thdJ0xExpkgn/95Vexn3Ji5bJVSikTH9C1qn/ffkidMjncU5ljbQ17vKBBMWK6Fn9NwgQ/7uKM4Ar2coS5tGnSYPz4CRwf/JMgEzx+3BRpgrljXCzQmWA66KmS8PXxw8ED2txyaoJNsInJyE0wIU3w5hAZDhE8OVh2WGB+PuFh4bKlacf2HZgaHIwG9YPkI3VHByckdbBCtqSWcE9tCd9MViiXzQqVslvhl5wfVVG8D8xiBe8MligglsvkYglnOyvZMaiAewG0aN4CM6b/iT3/7MHNmze5Resn8f7de9SoXguZM+XAimXLlVLmZ0PZdrZu2Sa2e2akd7bAyEBb3O38lY5wXxGlTbv0uxO6FrNBMnsLFPLwwO7du/H27VvlrzI/CvJykyZNQZ7cBbklODboTPCrl68wd9Y8YYL9jeLuIa6wCTYxqcAEU0vWFiUmmDqXPHn8RJnD/AzevnkrTenOHbvQu1dvUQnkhqO9HVI4WCBnMnN4prFAnbxWGFHSFqtqO+BIU0fc6eiMl901iOijQbioqMN7a/CquzP+19ZJpnhaVM0e/fxsUS2XpRwgIFtSc1mJOzs6wbtoMQwaMAgHDxzEvXv3OFziB0Mt7fVqN0CWzFmxfOkypZT5mVAc8JEjR+Hv7w+NuPGjYZHJvMYpDjgmiXOLUqodb+6E8q6WSKpxRu3atXH27Fl5nWR+HOTlpk+bgZyu+fHXX8IEGzgrnbpM8Ox5MhyCW4JZRi+VmOBt27ZJEzx25Gg8evRImcP8SKjF8OWLl3J0pE4dOyNl8hSwMEsEF5vEyCXMb7vC1thW1wHPKa2TLqZcHD+6eMVPWrh0ZVTx9xdSPnOvmwZra9qjqYc1srqYwdk6MWwsLWSL2dAhQ+Vw869DX8vrKfP9kAlu0qAZMmbIjqVL2AT/bCh86OLFS+jQvqMcFjmbOMb3NXJEONWn0c+Rb5FYx5teGmwV52Jqh8RIkTw5BvQfiIcPH/I58wOhkUln/TkX2TLlwfZtuwz+pMroTTBVICR6BLJwwRKUDizNMcEs45dKTPCu7TtR3Ls4m+CfBGXguHb1mjz/87vlh42VBVxszeCd3gJzK9vJkavChZl9T4ZWZ25jOp6+JvE5eqT7TqwnXBx7tzo6Y1JZOxRKYy6OQTNYWVqisGcRLF60GA+oE534Xsz3QSa4WdPm8iZj4YLFSinzs6A0qdOnz4CFhQWS2CbGrEp2eEpxwN96zsQksa5HXTUYXdoWKe3NkCZ1GoSEhIibx1DlWzDfi84EZ82YG5s2hiDsbbgyxzCopiX4zZu3WLJ4CQL8A3Bg/wFlrnpgE2xiUokJprhUMsGjRozCwwcPlTnM90LXLLpx375tB2pUr4HUKZIhib211vz+Yo9bnZ1lR573VIH/yEpcEa33WU8NLrRzEmbYFrmTmyGZow3SpUmN5k2bYf++fRzv+J2QCf69TVtkzZKVTfBPJiI8HJs2bIRnocLiJjIxfve0wf2uztrzJ4bj/3v0Xuji705oUsAKKZ1tpec4dfIUh0X8IEJfhWLunIWyJXjrlp2yocCQGL0JlnygziRhWLpkKby9vbF71y5lhnpgE2xiUktLsDiXyASPGD4CDx48UOYw3wMZ4GfPnsnOaf6+/jKFE41KNaSELU63cMLTbkou059QgUeRWD+ZhIfdNTjZzBEdvWyQNYk5UiZLisqVqmD1qtXcwvUdkAnu3KmzbAmeP2+eUsr8aOhx+eGDhxBUrz6SODmgVGZL3OjkjHc/6/wR6w3rrcGexo4oLm5anR0d0b5de1y8cFHuc+b70Jlg18x5sW3rboPfXBh/S/D7D1Jhb99KE1zUqyhCNm9W5qoHNsEmJpWY4L//+lua4OHDhuH+/fvyhpP5dsgAP370CKNGjpLhD452tiib1RLLf7PH3c7KSFY/q/L+nJS/ea29E2ZWskfhtBZwcXKUqfH+nPEnwsLC5Pdm4gYZou7d/pAmeN5cNsE/C8qk8kfvPkiRLJlMh7amtsPHmPmYjvcfIbHuZ+Lm8c+KdkjlIG4cU6TElMmTuaHgB6AfDrF50xZ5/TEk6gmHeP0WixcsQrFixbBtyxZlrnpgE2xiUokJ3rd3L3x9fDF4wADcvn1bmmC66WS+Dcr7269fP+SglGc2FmhcwBq7GjjiuahQ4938Rpf4+4+6OGNTbXv8kssSLg62cM/vjgkTlJyovNvjBJngfn0GyXAINsE/B7pGzRQ3apRCMLOLGYYE2MpsKfFxLlFL8/X2zmhb2AbJ7BLDLa8bQjaH8PXxO6EwsSWLl8uW4JXL18j3hsT4O8aJCw0ddBS/tmSh1gRv37pVmase2ASbmFRgguncOnTwIPx8/dC3T1+Zvov5dii0gLIw0CAWaZ2t0MPbBqdaOOItZX2g8IeYjpP4lqjYQ3u5YE9DRxnzmMzBGvnzuWHK5CkGr4zUBtVLQ4cMl/ubTfDPYeeOnShfrjyS2FmiaUFrXGzrFH83k+LvUErC022cUC6bBVzEd6Cc3sePHVe+HfMtvHn9Bps2bEaOrG5YsmiZwQdpUkVLsC4meMWKlbLC3rF9uzJXPbAJNjGpxARTJ1M6pwb274/bt24pc5i4QhfyKVOmIGeOHEgjDHBPHxuZv/QdnevxVWnHVuL7RIjvdbSZI5p7WCOZoy0KF/LEogWLZNgZEzuobho7ehxy58otTTC3D/446Nr03/nzaN6sGZK4JEHJzBbYJW7cfloc8Ock/t67/i5YW8seeZJTWEQq9PmjL65du658UyaukAkO2bSFTXBcoUTvq1etQUBASWzfukMpVQ9sgk1MqjHB+yPDIe7cvqPMYeLC82fPsWrlKmGAc8qW1Q5e1rjYxgnvqQU4pmPDGCQqd+o0d6K5I+q6WSGpk73sBU8jcRm6o4paIBM8Yfwk5M2TB7Nnz5bnE/P90HZ99PARBg0chEwZMyF7UnNMrWiH0F4GuqEUfzO0pwZ9fW2QzskM+fLmxYzpMwxu3tSKtiVYmOAsbli6eLnYjq+UOYZBNTHBdGEmE+zrE8AmmGX8UokJPrj/QBQTTI94OeYt9lAIwe7df8Hfzx82luaolttKhkBExHRMGJtE5f62twv+CnJEmaw0SpYTqv5aFRf+u4BwHl3uq1C9NHniVGmCZ82cybmXfxBv34Zh9cqVKODuLnP19vS2kbG5lAc7xuM4PiT+9vlWTmjkbg0XG3OULV0GO3eqL0uVMfDmzRtsEx4uZzZuCY4VOhNMFxgywX7epbBr525lrnpgE2xiUpEJpnAIfRPMLVqx57/z/6F5s+awNEsEjzTm2C0MJbUaGaTF6lskvucr8X1XV7eHW0pzODs6oGePHnKULObLUL00fepMmQWEWgYN3cs9IUDp0E6fPo0qlX+RHTfpKcXh5k7yehrj8RufEt9he5CDzPaS1MUFLZo3x3UOi4gz1L9r186/kDVzHsyZPV92JjYkqjHB4WHh8pFjce8SMsG/2mATbGJSiQnWdYyLzA7BxBoayn32rNnQODkjs8YMS6vZS0OpGgOsk/i+d7tpMLa0LZLZmcHaylrmYn/7huODvwTVS3NnL0DBAgUxLXgqb6/v5QNw7+49dO7UCalTpkS+FOZYR+nQaGhwYzin6DsMcJFp03IkNUfmTFlkR9jnz5/LY4GJHWSCd+74CxkzuGLa1Bl4/OixMscwqMYE04ajPMG+vr4cDsEyfqnEBOvHBLMJjj00lDv1XPcXNxBJ7SzQrKCVHK7YaLJAxFXie1/t4IxaeaxgnjiRDIs4feo0h8Z8AaqX6HFuIQ9PTJ40Ba9DXytzmG+BOr/PnTMXWbJklcMiTylnJ1P6GdVNJd0wdnJGT29beW0v4F4A69etk3GuTOzQmeD06TNg4oSJeED56Q2IejrGRURg1arVCAgogR1sglnGLhWYYIqz/6RjnPA83KrxdajFakD/gXB2sIN3ekuZCeKDWg0wSVTub3pp8E9DR6RzNIO9nR2CpwTjkYFbaYwZOk9WLFuFwp6F5fX95QvuKPWtUBgEhRa55XNDUnsLtCtig//E9VPGARuTCRaiDBUHmziinpsVHGyt4OcXgPP//id/A/N1KGzo4IFDol7MgQnjJrMJjjWiXt64caPsgEKjjKgNNsEmJrW2BJMJ5ta/L0Lbbf269XL0yqxJLDC0hC3eUSuwkVXWcRUZjsfdNejpa4OkdmYoX7YcDorjg2PEY4ZM8No16+BVpChGjxpt8NhGtULm8eaNm6hXpy6SaRxRTtSRexs5IpzqSSM9p96KG0YK1fBKZ4EUyZKjS6fO2j4V3IDwVcgEHzt6HNldc2LsyDG4e/euMscwqMcECzZt3CQr7I0bNikl6oFNsIlJJSb48KFD8PP1R7++/XDrJucJjg3UaazvH33gZG+P8tms8D9K4K/mVmA9USvXld+dkCuZOZInTYZpU6fh6dOnyi9n9CHDQzdDZIJHDB+Jp094O8UV2oZ379zFqJEjkcTFBWmdLbC8mj1eGiodWmwlvtvTbs6YWsEOSeytZK7o6dOmyfhgThj9ZcgEHz1yQprgUcNGGTwMTzUmmI6rDeKCU8yrKNasWastVBFsgk1MKjHBR48ckSa4d69euHHjhjKH+RLbt21H6cDSSOtoJluBaeCJGI8BtUocu+2KWCOdxgo1q9fAsWPHlF/O6KM1wRukCR4+bJjBO/ioEUqPRTG16dOlh41FYvTxt8HNDkYWB/wZfRDn/WVxw0jDKmvsrFC0iBf27d3HqfK+gmwJPnYaObLnFOfNSDbBsUf7CNKneHFs4JZglrFLJSb4yOHDH03wdTbBsWH40GHQOGtQOqsljjVzlINOxHgMqFX9XbC3oSMKpLZA6lSpsWzJUuWXM/qQCd6+fTuKexfHkCFD8ODBA2UOE1uOixuscmXKwsYyMX7LZYWzLZ0QHtMxaYwS531YLw32N3JEeVdLpHBxQq1atfGEnwh8kfDwcJw5eRbZXbNjQN/+uH7dsGnmVGOCqTf2+rXrZEzwtq3blFL1wCbYxKRCE3ydTfBXufq/q2jQoCFcbBKjQxEbvOhh5I9tv0Xi99DvqpnHCs62VujVoyeHysQAmeDdu3bD18cPAwcMxoP7bILjAp1LPbr3QPIkLsif0hyHmjvJWFtVnU/iu74U58qy3xzksMqpU6bAuDHj8OTxE+VXMtGhlvLLly4jd6486NOnD65evarMMQzqCYd4/wEb1m2Ab/EAbAnhjnEsI5eKwiH8hQmmARKoUmK+DOUqL1a0GPKmMMe8KnYyhjbG/a9mid/0vq+LzBucLaklypcrL0fFY6JCJnj/vv1yuGlpgrklONZQXP306TPg6podmTQWGF/WDhHimqnKG0rxnSnPdj8/CouwRM6cubBu7TptfDDzCdQR8trV68iVMw969+pt8HpHVTHBmzZuQYBvaaxbt1FbqCLYBJuYVGKCjx09ihKiEu/auSv+d/mKMof5HL1790GypMlQPY/20e2HmPZ9ApBMA9XYEf6ZLJEubTrMnjlL2QKMDjLBx48dR6kSpaQJvnfPsKme1AINfLV54yb4FPdFSkcrNCpghfudDTws8ncqorcGJ1o44decVrCxSCSHVT508BAiwsOVX83oIBN8/dpNWS9279oNV64Ytt5RnQn29wnEqpXcMY5l5FKJCT518qQ0wZ07dcaVS5eVOUx0yPC8evUKQfWCYJY4EToVtcHb3mI/q7ji/qLE73rcxVmGRNCQ0AP69efBIKJBxwQNKFImsDT69umLO3cMm+pJLZw5fRpNGjeBraUZKrhaYk9DR/VnVxHnC40WuaWOA9xTmcPKPBF69ext8Ef9xog2Jd5tUS/mQZdOXXDJwPWOekywuOBsXL8Zft6l2ASzjF8qMcHnzpxFyRIl0a1LV1zhluDP8u7de5w/fx4VK1RECjszjAq0wwcazjWmfZ9A9Faos5cNXGzM0LJFS1y7ek3ZGgxBddKZ02ekCe7Vs6fMdct8GRoYYcigwUibOjUKpDbHgl/sEJFA0guSEQ7trcGEsnZI42iGLJmz4M8Zf3JHuWhQvfPwwUO45S2Ijh064+KFi8ocw6AaE0zQIBnUErxm9WqlRD2wCTYxqcAEUyVOozSVLhWIHl05HOJLUI9mSs1YuFBhFE5rgeXV7fGBYhhj2vcJRNRLf1I5W+RMZoZKFSth7549ytZgCDp/zv97HmVKl0Gnjh3xvyv/U+YwnyC21evXrzFvzlx4eHgghb0ZuhazweuE1rFU/Jb3wgjXyWsFF1tz2cCwedNmhL0NUzYEQyb42bPncM9bBK1btZej7RkSVZngrVt3iAtOBZkqTW2wCTYxqcQEX7xwgU1wLKDx7idNmozsrjlQJYcl9jVyTFiVdwx6J7Shlj0805jDo6AHlixeomwNhqDzh56elCtXDq1atDTKc9xYoEfgNDplhfLlYWdlhlp5LXG6hRPeRzvmEoTEtf9oU0eUyGwJO2tLNG7UGGfPnFO2BEPnzauXr1Agb2E0a9YG584adtuoygRv2bIVJQPKYPUqDodgGblUYoIv/Kc1wV06d+ZwiC/w5s0b9OzRE6lSpkSzgta40MYpwZtgyn98srk2B2qmTJkxZfIUZWswOq5du44KFSqgRbPmojI/q5Qy+tB15u7de2jdqjWSJkmKwCyWWFfHQZsPOCGeQ+I3hfd1wbyq9iiYWps2bcjgIXj2jIfVJuh4ePP6LTw9vNC0aSucOW3Y80Z9Jti/LMcEs4xfajDB7z/gXyUmmDvGfZnQ0FA0bdIUdnb26FbMBk+6qmNUq+8R9da/1s4ZVXNZwkXjIityJio3b95ERWGCmzdtxib4Mzx//kLUf2ORI3sOuCY1x+SKdnjZM4GFQUSXMMFPemjQ19cWGZ3N4Onpifnz5uPtm7fKVjFdyARHhEegqJc/WjRvg7NnzihzDIMKW4LLYvWqdUqJemATbGJSgQmm2KyTJ07I7BCdOnRkE/wFKDNEzRo1YWFhib5+NghL6JU4Sfy+0O4aBLlbwczMHN26dlO2BqPj7p27qFSpCpo0biw7yTFRoUGuNqzfiOLe3rC1skBXbxoW2Un92SBiI/EbL4g6oHoeS9jb2qByxcrY888eRES8U7aO6ULhMcWK+qNhg6Y4dfKUUmoYVGeCy5WtiJDNPFgGy8ilMhPMLcFfhkzwr1V+kefwsEDbhG+AFYX11qBxAWv5uzt17KxsDUbH/Xv3pQluENQQJw1cmRsb1OJ3584dlC1TBo52tqiaywp7mzlqB5gxhfNH/Ma34vxZX88BJTNbwtHBEY0aNJQ3TvQUzpSh3+9dLABBQU1w4vhJpdQwqM4ElylTDps3hSgl6oFNsIlJJeEQlLOTwiG6dO7CMcFfgEzwL5WrfDTBCTw9mk5hfV3QpCCb4M9BI59VqVwZtWvXxrGjx5RShqDhcbt26YpUKVKgQCpzrK5uL3PpmsoNpJT4rc+7azCpvB2yJTFHpoyZMGb0GBleZcrQLQCZ4Dq1g3D82AltoYFQlQkOCdmKEn5lsGrVKqVEPbAJNjGprGNc546d5HjuTMx8YoJN4XGuUJgQm+DP8+TxE/mE4LfffsOhQ4eVUobOl2VLlyJr1qxI7mCF8WVs8aCbiRlgncS14np7Z/T2tYGLgx2KF/PGhvXrERZm2mnTfLxLoOovv+HwoSNKiWFQXUswDZu8fOkypUQ9sAk2ManEBNOQlYHCBHfs0MHgScuNmU/CIWLa5wlQb3powyHMzc1lqx4TlZcvXqLar7/KY+Pg/gNKqWlDmVT279sHb2H2rKys0NjdGv+ZQDaVz4p+t9CBJo74NZclkmicULNGDZw9fcakwyICfAJRqWJlHDDweaM6ExxYsjxWrlijlKgHNsEmJpWYYGr9pZbg9m3bsQn+AvT4sl6dOrCytJId416bwGPdD0KPu2lQO68VbG3s8Eev3srWYHS8fv0G1apWQ5VKlbFv716l1HSha8r/rlxFs6bNxbliCe/0FtgV5IBQUwuDiC7x2ykjxsrq9nBLaY60qVOhR7fueCOOH1OlTMkKqFC+Mvbu3aeUGAZVmeCtFBNcugKnSGMZv1RigmmwjMCSpaQJptAIJmZotCvaRi6aJGhfxBp3Oib8FGmUJ/hSGyeZIi15suQYMXyEsjUYHWSCq1f7TQ6nvedvHlHv8aPHmDp1GlIlT460jokxv6o9nnQ3cQOsk9gGdzs5Y0ygLTJoLOCa1RUbN2ww2bCICuWroGL5X9gExwWKCS4VUI5bglnGL9WY4IvSBP/e5nc2wV+AHvEOHjQYGdJnQF03K5xtaRojxu1t6IDALBbIlSMXZs+arWwNRofOBJctUxZ/7f5LKTVNQl+FYuP6jfAqUhTJHKzQqag1nlELsInEz8dKol642M5ZhhhpHGzh6+OLkydOyREpTY1KFX8VN4/UEmzYJyiqMsGbNm2Fn3cpjglmGb9UFBNctnQZbgn+CtRaM3vmLOTJnUeOeLWjvoPcxzHu+wSiCKHFNezhkdocfr5+qhyu/mdDJvg3YYL9/fyxbds2pdT0eBfxDseOHUPd2nWgsbeBTwYL3O7onDCHRf4eiRvniF4a/NPQEe4pzWXISKuWrXH50hWZU9mUqFWztqh7yuKfvwz7BEV1LcEBfmyCWSqQSkzwtWvX2ATHAkr39M/ffyPAPwC5kpljZiV7fEjgJpiGtR0cYItMGjPUqF4Tx44cVbYGo0NngosULiJuEjYopabHjRs3MaB/f7g4OaJQGgusqqEMi8z6VMIIU6z9nMr2SOdkBlsbG0wNDpbp9kyJ+vUaoVTJ0ti9a5dSYhiM3gRTRU0itCPGBWLlipXyvZpgE2xiUokJvnXrFsqVLYfWLVvj/L//KnOY6Lx/L7bVzVvC8FRHEpvEGCDM4bsEboJDe2nQyN0adpaJZB7phw9Mq5KODWSCa9WoCU83D6xZtVopNS0oc8qCefOR3TUHsiezxIhStnjEccBfFLWQ3+zgjG7eNtCI64lHwYII2Rwiw65MhaCgZvDzDcCO7TuUEsOgKhNM4RABAQFYuZJNMMvIpSYTXKYsWrVoiX/ZBH+RiPBwtGjeAlaWFmhawAqPujjjQ0Kt6MXvutXeGeWzWcHS0hIjR4zA+3c83Gt0yATXrVMXBd0LqLJx5nuhJyRbt2xD+XIV4GxrhXr5rXCzs7PsVBnjccWKFMXc3+7kDN+MFkjiYCOPo6NHjsohhU2BZk3awMfbH1u3GjaMSGUmeAv8fUuoMjaNTbCJSSUm+Pq16zIcQprgc+eUOcznmDB+ArJmyYbyrpbY09Ax4cY89nXBqur28ExriXx582LFsuXKFmD0IRMcVK8+8ru5YbmJbSO6flAIVfNmzWFrYwuvdBbY38gB4b3F8cMmOFaiIaT/CnJA9qTm0Dhr0L9fP9y4fkPZwgmbdm06yTCikM2blRLDoK6OcRs3wae4D9auXaeUqAc2wSYmlZngFqIiYxP8dSgDAGUCyKwxx6jStginyj6hVfji97wTJrhLMRuk11iiQVBDnDxp2PH9jRV6fN2kUSN45HbDsiXq66vyPVCO20EDByFZsuTIm9wcMyracT7guEpsq9e9NBhSwhZZk5gjXdp0mD93HsLDI5StnHDp3KkbCnsWlr7OkKjMBIfAt7gfVi5XX+wVm2ATk5GbYHq2ojPBZQJLo3nTZjhz+ox2JvNZnj97LtPJ2VgkRj03K9zrlADzBYvfQ3mQS2W2hJ21FcaPGyfjPplPIRPcrEkzFMjljiWLlyqlCR/KZLBs6TJpYtI4maOLtw3uJ+TwoJ8pGlZZXEeaFLBGMjtzcZNdDjt37FS2dMKla6deKFSwCJvguEAxwb7eJeXJpzbYBJuYVGSCdS3B586e1c5kvsjMGTPEPnWFV3oLrK/rkPDiH/u7YF4VO9nJqWCBgggJ2aL8ciY6ZIKbN22DXK5umDd3nlKa8Dlw4KDMj+zs4ICaeaxworkj5wP+Dr0X2+7vBo7wzUjDKmvQulVrcT1O2E/mevfoBw/3otiwnk1wrJEd43xKY/lS7hjHMnKpzAS3a9WKO8bFkuPHj6N2rTqy1aZtEesE9QiYWvLCe2lQIbslXOys0aljJ1y5/D/llzPRoUEOKLYxe5Y8mPnnLKU0YXP//n20a9sOKZOnRJF05lhezV7mvuUwiO+Q2HavxHUkuLwdXJOYIWOGTBgyaIgcgY+u0wmR/n0Ho0ghH2xYxyY41sgUaf5lsWoFD5vMMnKp0ASfP39eO5P5Ii9fvsTECROQJnUa2RnonwYO2lYwtZsA8f3f9tYgpI4D0jqZIUuWrDLjAcV+MjFDJrhzh27IljEXpk2doZQmbCinrWu2bMgmzNr4MnZ40CXhDyEeH6InSjc6OqOHtw3SOprBs5Anli5dJjNwJERGDh+Lwh4+WLtmnaiMDDdQiKpMcMjmrSjhVwarVrIJZhm5VGKCr13VDpZBqb/Occe4WHPo4CHU+K0GUjpaoJWHNZ730Kg+HpJ6qt/oQGnRLMVxa4bWLVvigpEdt8YGjSTYu8cfyJohJ6ZMDlZKEyZkxg4dOAivIl5I6mCFjkVt8F8bJw6D+IH6ILblkeaOqO9mhaSOdqj6azWcOH4iQY4mN35cMNzdi2DF8hUGTQunKhO8WQmHWLZkhVKiHtgEm5hUZIKpY1yzJk1x5vRp7Uzmq7x4/gIz/5yJ9OnSI1sSc6yr6SAzKqi2RUx876fdNZhd2Q52FomQMUNGbNywCa9DuRX4S5AJ7td3ELJkyiLT5yVUyABfvnwZNWvWhKOjI8pktcDepo7yOhfj8cT6NtH1o78LVtVygFdaC6RKmUqGJN26eRMf3iessIjp0+cKE+yJRQsXyxzshkJ14RBkghcsWKiUqAc2wSYmFYVDkAlu2qghzpxiExwXqOWcsmq42FmiVBYLXG3njAja92ozwuL7hotr0v7GjiicxgKWFpbo0b2HvEFivkxYWDiGDR2OTBkziWv8WKU0YUHXiXt372HgwIEyl21GZzMsqWaPlz04DvinSGzTx12dMb6MLVI7mCFXjuwInhIsQ28SEosXLUW+vAUwe9Zcg/42dbUEb9aaYDWmomETbGIychNMUOV2+/ZtmZKnSYMGOH3qlDKHiQ3UOrYlJAS5cuaCs3VidC9mgxudnOVIUGoyB+96a/CvOFZ/L2wDZ1tLuOXLL+PDTWXkqu+BTPBwxQSPHTNGKU1YUAz8urXrkDF9BiSxNcPQUra40Z7Tof1M0bb9t5UT2olzMoWDJTwLFcKRQ4eVPZIwWLZ0BfLmySefqL15zSY4VlB2CP/igVjOKdJYxi6VmOD79+6hfPnyaBTEJvhbuHP7jjA/Y5HExUW22sypbIeH3dQTH/xB6HZHZwwXxia1kyUyZcqERQsX4cWLF8ovZL4EmeCRI0Yhc6bMCdIE043ekSNHULFCRTjb26JWXitcaCtu9Oj4ZhP8U0VPlfY0dkQFV0skT6JBrVq18PDhwwQTH0zjPeTLmw/Tp01HaGioUhr/qKxjXAj8fUsKE6y+4SnZBJuYVGCCiYcPHkgT3DCoIZvgb+D9+/e4fOkSWjZvARsbG+RKZoHNtR1UkzaNHmkv+tUeGTUWSJcmNXr3+gPPn72QN0jM1wkPD8eE8eORNUvWBGeC6Ri4dvUqOnfqgmRJk8rY93MtnRDBwyLHj8Q2pmwtq2vaI52jmdgHyTBs6DA8fpww0qZt2rgZ+d3yIzg4GK9eGm4wHtW1BPt5CxO8bJVSoh7YBJuYVNMSfF+a4MZBQWyCvxFqmaFcuiUCSsLZ3kZ2aDlCnYaMubVMfC/KB7ymhoM0N0k0zqhTpw7u3rnLBjgO6ExwdtfsCc4EP3v6DHPnzEOqVKmRRpiwWZXsEEr5gGM6nlg/R+I8vdPJGcNK2MLKPDGSuCRByKbNCWIExy0hW+Ge312aYAq5MRTqC4fwCcTa1RuUEvXAJtjEpBITfOvmLZQpXQYN69eXqXiYb4MeG58+dRp+vn5I4miHgEyW2FXfAW/JNBhT1gjFmL/uqcHSqvbSsLs42uO3ar/h33PnEmQqpp8JmeApk6ckOBNM14Z9+/ahoHsBpHayQtvC1rjZ0TnhjY6oAlHoyRlRl9DIfGZmZvD388PZs+dUf7O695/9KORRCOPHjcfTp0+V0vhHdSbYt1hJLFnMMcEsI5dKTPCNGzdldogG9eoJE3xcmcN8C+FhEQgJCUHJgBJI7mQD3wyWWFbNXvb0NooYYfEdyMQ86OyMiWVtUSCVOZI5O6BSxco4eOCgNHRM3KBt9ueMmcidK3eCMcF0XaCnQs2aNoPGwR7lXS1xlMIg+oh6i01w/Ets89fiZpqyt+ROLs5ZF2d069oNV678T+wsZaepkOPHTqJQIU+MHD4Cjx4+UkrjH9XFBGtTpC1SStQDm2ATk0pM8M2bt2R2CA6H+DGEhr6WGSMqlCuPJBoXeKQxx5hAO1yhVjRDtgiLv0uJ+M8KM9PHj2KXzZE8WXLUrVsX+/ftFwaeDfC3QE8A5s+bLzv4JBQTfP36DQwZPBipUqaEaxJzLP/NHq97swE2qMS5+0r4hplV7JDKyVLUKa6YHjxNdpRTK2fP/ofChYtg4IBBuHfvnlIa/6jKBOvyBC9fulIpUQ9sgk1MagmHuKVNkSbzBPNgGT+EsLdh2LljJ+rWri07s1DMbQcvG+xv5CjTkcVreAT9HTLA4pqzPcgBzQpYI5WDGdKmSYtWLVsluLRL8Q2Z4KWLl8jYxlEjR6o+nOS1uImbN3eubNmmOOCePja419lZHj8xHl+seNN7IXqq1LygOIcdLeXIfVuFJ3orrjdq5OKFiyjq5Y0+f/TBzRu3ldL4R10twSEhCPALxIrlq5US9cAm2MSkEhN89+5dlCtXHs0aN+bBMn4glGOXWlg7tO+ALJmzILmdGSrlsMTUCnY4/7uTHBXqp5phWq9Yf5i41pxo4YhRpWxROqulzPOaL68b+vbpg5MnTirflvlWIiLeYc2q1fD0KCQf60aERyhz1AddD/75ew8qV6oMjU1i1M1nJXPVqnIAmIQo5Zw+3ESbNk1jZ4UmjcR1+/QZZQ+qi6v/u4piRYuhZ89ectAmQ6GycIjN8PfzTxh5goVJYiVgDVCHCdZlh2gQ1BCnTnI4xI/mwvn/MHLESNlhLmmSpEjvbIZWhayxtIY9/hPHB5lUaYZJMVV8cZFSSZLe9NLgpDAws6rYo5G7FZysEyN58hSyE+T0adNw48YN5Rsy3wPd7GxYvxFFihTF0CHDVD2q15XLV9C+XTukSJoE/pkssLmeg2FDeFifSuwLGt1xcVV7uKe2QOpUqTF82DCZr1xt3Lp5G97exdGlc1dcvXpVKY1/VGeCqTJZvky9eYKpM8qC3+yxvBYroWtkKVvYWCRSjQk+eYJN8M/g1atQbN+6Dc2bN0eePHnhZG+L9E5maF3IBgt/tcfhlk5ywIq3VMnpTIe+oleEpOjLiBsvMtQ32zthb1NHzK5sjzp5rZBO/B1HB0cUcHdH506dcPDAAfnIm/kxkAmmvipewgQP6D8AL18YLtXT90C980ePGiWzXGRxMcO40nYfj62Yjj+W4ST2yaseGvT2tUFKezMULFAQ8+bNN2iasW/h8aPH8PXxRccOnXD50mWlNP5hExxP6EyweeJEsBXGyNYiMSuBy1rsZ9rnxmyCH9xnE/zT+SDMUkQErl+/jvlz56FG9Roy5jKZiwYutuYyTKG/vy1W1XTAvsaOOCNM8a0OznjS1Rlvemq08Zg6QyJEccWU4uxhF2dcb++Mk22csEcYX2od6u1jC7+MFnCysUDKZEnhUdADDeoHYeWKlXjw4IE0bbTfmR8DbU+6wfEu5o1ePXuJit1wvdy/h3Vr1snfkMrBAh2K2uCaOK7YABuv6BpwWlwnaosb3SR25qhcsRL++ftvVZ3br16GIsC/JFq3bo3z/55XSuMf1ZngAP8ArFqpvsEylixeiqJeXiwTVI3q1Q0a8/RZxPXy4YOH0gTXr8d5gn82NLocPS6/desWFi5YhIYNGsKzUCFky5QRyZ0d4WRthnwpzGU+0D6+tphVyR7ra9rjn0aO2NtESBhdmu5u4IjVNRwQXN4OPbxtUC2XFXImNYezML4pXJzgmiWTjLVr1aIl1q9bL40ZddZj8/vjeS9M8K6du+BT3BedO3XG3TvqeyxN2SCqVa2KpI62qCGOvb+pAycbYOOW2D9hwgivr+WAgEwWSCKuHx3atccdcfyp5Tx/F/EOZQIrIEjcpJ84Ybi6R5UmeN3adUqJeqB8ki9evGSZoGh0HzJAxgjlZyQTXLdOHRznPMHxAlVS8nrw/IXc5mPHjkWlChWRI3tOpEuTBqmSJUUyjSM09jayRdfJKnEUOduYw1GUaxxskFyY3lTJk8rP5c2TB79VrYapwVNx4cIFORQpddRi8/vzIBP8919/w98vAB07dJQpB9UCHRcvXrxA1y5dkTp1ahmqt1zcXEUoTxxiNF8soxHlHn/X1wUTytkhe1IzGcoyZvQYuU/VwLt371G+bGXUrlUXRw4fVUrjH1WZ4E0bN8lwiNWrddkh3gnxCEcME1d0tkhngjkcwjCQEfnwXiuKkfvnnz3CFI9Dw6AgFC3ihfTp0sHKygrm5uZSFhaWcHRwQMYMGeFT3EfGGU+aOBmHDx2WMYGUoovWxcQPZIL37tmLAP8SaNOmDa5evabMMX5CQ0OxaOFCZMmcFYkTJ8Lo0nZ42UPpqBmD6WIZoYQRftrNGb97WiNxokQo6lUMGzdsVPawcUPXvorlqqFWzSBx/WITHCs2b9qCgIAArFu3XilhE8ww3wKbYONDFy5BLTkUwkAJ5G/fuiUzOdy4/lE3b97E7du3xfz7ePL4iTS/YWEc7mAIyARTKrySJUrJ2EY5ipcKCAsLx9EjR+GWzw3WluYyYwnFon+IyWixjFqUwYNykFfNaQUba2tUqlQZ14z6Zox8m5ZfqtTAb7/Vw4EDB5WS+Edd4RAhIShVogzWr9uglDAM8y1EN8F169TFsWPHlFKGYWIDtbwfOXwEgaVKo0Xzlrh00XC93GML3Sxdu3ZN5ph1cnSEf0YL7A5ylGn1OAxChRL7LFTsu2XVHVA0nbkMjerSuYu8MTZOPprg2rWC8MsvtbDn771KSfyjKhNMI8aVDiwrTPAmpYRhmG+BTDDp4YMHKF9OmODatTkmmGHiCLXenzp1GmXLlEWTxk3x7znD9XKPFeKkp86w48aMRZbMmZDW0QzLa9rjBRtgdauvCx51dcaY0nZI7WyD3LlyYcH8+Xjz5o2y442Jjya4YVBTVCxfFTt37FZK4h/VmeCS/mWxceNmpYRhmG9BmuAPH7QmmFqC61J2CB5BjGHiApngc2f/lTeSQfUb4+yZc8oc44TigDesXw/PQp5I6mCNfn62clhkjgNOABI3MedaOqKFh7UMi6AMMQcPHsLbN8Y2gMtHE9y0SXMEliwvvN02pST+UVfHuE1bEeBbmluCGeYHoG+COSaYYeIOnUOXLl1GlcpVUK9OXXEOGe+NJBn2ixcuyEwkyZ3s8EtOS5wRpkkOi8xSv4QJprzi2+s5yFzhNjY28pikPgXG1V/g43dp27qjbNg0pKdTnwn2KylzXzIM833om+AmDRrwsMkME0foHLp29Tp+qfwLateshWNHjDekiIbWHThgMJJonOCZxkLmmOU44AQmsS8fd9Vgwa/2yOBshuRJk2DSpMl4ZKSDuPTo3geBpcpizZq1Skn8o8qWYMoSwTDM96FvghsGNcTpU2yCGSZOfABu3riJalWrodqvVXFw/yFlhnFBWUQWzF8A12yuSOtsgdGBtnjWnQ1wglRfF9zt4ow+Praws7JAEc/CMgSG8tUbGwP6DUGpkmWxepXhBkBTlwneuAklA0pjx9YdSgnDMN+KvgluUK8exwTHAl1OX50YE0ccAnfv3kON36qjfLkK2L37L2WG8UBp93Zs34HAUoFyVMK6+azxvw7OQD9hmFgJUu/7u+B/7Z0RmNUCyZ3tUf23Gjh+7DjCw8KVo8I4GDJoOEoElMCypcuVkvhHNSaYKuwN6zfA1ycAW0K2KqUMw3wrdE49uH9f2zGuTl3ODhELoptgNsImjtj9Dx8+RK0aNVGyREls2WJ8TykpY0XrVq1hbm6BNA5mGBJgi7W1HbC5Pisha31dB3QtZoOktomhcdagX99+uGVkIxqOHjkOxYsFYPGiJUpJ/KMaE/zu3TusWb0GxYr6YRNnh2CY7yayJbhcedSpVUsmz2e+TEwmmLYjY6KIXf/48WMZD+xdzBtrDRjbGBNPnjyRQ+mmTJECiRIlkrIwSwRr88SsBC/tvqZ9TqNNZs6UGcuWLJVD+RsLE8dPgbfwdJTOzVCozwR7+QsTHKKUMgzzPVCHCTLBtYQJPnaUTfDXiNEEK2JMELHbnz17Jk1wIY9CWL7McI91Y2Ld2rUyDCJVqtQsE1eaNGll3PqBAweUo8PwzJg2S9w8FsecOXOVkvhHdSbYu1gJbOeYYIb5IUgTHBkTzOEQXyIm4xtdjIkhdvnLFy9lOJExmuCIiAiEvgqVQ3GzWJQnmryUsbBg/hL4FA9gExwbwt6GYfnyFfD3D8Dfu/9RShmG+R6ePnmKihUqKib4hFLKxMS7iHdSMZlffTGmBY3KFRQUhIIFPLBs6TKl1Djh49UEELtULft28eIVKOpVFDOmz1BK4h/VmOA3b95i4cIl8C7mwyaYYX4QFM9YoUIFBNXljnGfQ1Yl4r83r9/g+bPneB36WpjhCDn4gL6Z0BdjOlD2hUYNG8I9vzsWLliolBoheuboc9Ie7IxqibaPjZ3Vq9cIE+yNacFTDda3Qj0m+PVbLFq4DL4+JfDP32yCGeZ70e8YV7d2bRw/dkyZw+hDl2baVvQ48e7du/LG4fXr1wgPC8P7dx+NMGOakAlu0qQZ3PK5Ya4BH+t+DfIY+gbpc2IjrF4+2ZdGDmX6Kl68JCZPmoLwcMOkb1NVOMSyZcvZBDPMD0RngmvUqIGjR44opcwniPqEcmyS+Q0TpodiLXUGmDFtyAS3aN4SeXLnwZ8z/lRKjQs6SnUmmEmYyH2sJzXwz997EOBfAiNHjJCx9fTF47tFWDUmmC40FG9FJnjPP3uUUoZhvofHjx7LjnG1OTsEw3wTVDe1ad0GrtmyI3hKsFJqpKjFHTEmwf69B1AqoLQczpuesEkTHM83aqqKCaZwCH+/UjhgpENTMoza0MUEN6xfHydOcMc4hokr9JTyd2GCs2bJhkkTJymlDMN8jSOHj6JMYAU5kAcNOmMIVGOCKbXHwgVLEeBXlpP6M8wP4uGDh7IluGmjhjh96pRSyjBMbAkLC0PH9h3gms0V48dNUEoZhvkap0+dkfVPzx49cPv2HaU0flGNCX718hXmz1uAwJKBbIIZ5gdAsVf372mHTW7coAGbYIb5BsgE9+zeA9lds2P0qNFKKcMYHgosMOYImAv/XUDFipXQqUNH/O/K/5TS+EU1JpiCpmfPmgN/v5I4dPCwUsowzLdCJvju3XtaExwUxOEQDPMNkAn+o/cfyJE9B4YPG66UMgzzNa5cviJHsWvfth0uXryolMYvqmoJnjt7vowJPnyIe7EzzPciW4LvKy3BwgSfPHFSmcMwTGwhE9y/b19kd3XF0CFDlVKGYb7GnTt3ULd2HbRt8zv+PfevUhq/qC4cokzJcjhxjCtrhvle6DHZo4faYZM5Jphhvg3Kbzpk8BAZEzx44CCllGGYr/Hs6TME1auPJo2b4PgxwzyJVI0JfvH8BebMmotypStzixXDfCcymbqY6pvgM6dOa2cyDBNryARTLDClSKNe7gzDxI7QV6GoX7ceataogQP7Dyil8YvRm2CZOFn8e/78OebMnIPSJSvgyGEOh2CY70acV3KwjEgTzC3BDBNXyARPGDcR2V1zyNhghmFiB507TRs3xi9VfsHuXbuV0vhFFSaYRCZ4xox5MkXasaPcgYdhvhc6r+7duydHjGtQrx5OneQnLAwTV6ginzhhEnJkz4VePdkEM0xseffuHVq3ao0qlSpj+7YdSmn8oioTHBw8CyUCyuHs2f+UuQzDfCt0Xt29exdly5RF3dq1cfz4cWUOwzCxhUwwjRSXM0cu9OzRSyllGOZrkAlu+3tbVKpYCSGbQ5TS+EU1McGPHz/BpAlT4OdTGhfPX1JKGYb5VnQtweXKlWMTzDDfSEREBGbPnI18efOhR/eeeP/+vTKHYZgvQSa4fbv2KB1YGuvWrFVK4xfVmGDqwDNmzERhgkvh/LkLSinDMN8KmWDdYBn16zfgDqcM8w2QCaYh/Qt5eKJL5y4yZRrDMF+HTHCnTp3hU9wXS5csVUrjF9WYYBredcK4yUo4xHmllGGYb0XfBFOKmtOcHYJh4gyZ4JUrVsOriBc6dugoh/hnGOZLvNP+L0xwr5694Ovjj4ULFssyLZS7iPTzUU1MsM4EB5Ysi/PnOSaYYb4XfROszRPMJphh4gpV5OvXrkVx7+Jo17ad7L/CMMyXIBP8Ae/FuTNw4BD4Fg/EgvmLtLOk+aX5WqP8s1GVCR4zegJKlSyHCxc4HIJhvhd9E9yoQUOcOskp0hgmrpAJ3rZ1GwL8A9C6VRs8fvRYmcMwTMx8NMGjRo6HnzDBM/+co50VaYK5JViL0ipOlfXoURMQWKo8Ll3kjnEM873om+AGMiaYTTDDxBUywbt3/SXqpkC0bNEKD+7fV+YwDBMzH01w8OTp0gRPmTRNO4tNcMzcv3sPI4ePQelANsEM8yOIYoLr1cOJ49wxjmHiCmWDOLBvv8y33axJU9y+dVueWwzDfA7FBItzZ96cBfDzCcD48RO0sySUYYVNcBRu376NYYNHonyZKrh+7ZpSyjDMt6JvguvVrc8mmGG+AarIjx05KhP+N27YCNeuXmMTzDCxgM6dpUuWw9+nNMaOGauUxi+qMcE3b97GoAHDUCawEq6xCWaY74Yq6rt376Fc2XLcEsww3whV5GfOnEG1ar+hQVADXLl8hU0ww8QCOnfWrFkHf78ADB82DO/fxX+ObdWY4BvXr6N/30EoHVgOly9fVkoZhvlWqKKWg2UIE9w4KIg7xiVwaH9/eP95c0bzvjQ/Jr7pM18xiHKdn1kmrn8rOl9a97dCFfn5f8+jRvUaCKofxCaYiROxOablcau/nHipK4uueIoi+CHQeRKyeYs0wX369MWbN2+UOfGHakzwtavXMaDvYFSqUBE3b9xUShmG+VboAkSdeD6mSGMTzDBxhUzw5UuXUKd2XdStW09mL2ITzDBfh86d/fsPyBHjunbthmdPnylz4g/VmOCr//sfevfsh8qVquA+975lmB/C06dPUUHcWNJgGWc4TzDDxBkyvBRb37hRE9SpVVu2CrMJZpio0DlBmVRI1GL9LkL7eufO3QjwLyFHjnv8OP7TC6rGBNMjpl49+uLXStXx4vlLpZRhGLq4UCwVXVRoqnsdHh6Ot2/D8Ob1G4SJadjbcCkqJ9EF6PixE/D380ctUXkfOXIU4WHhePHiJZ4/ey5Fd+ZPHj+RuU8fPnyEhw8e4cF93fSBDKe4f++B1L2793H3zl3cvn0HN67fwP+uXMVlcd6SLl68ggv/XcJ/5y9KkVE4d+ZfqbNnzgkDfjZSlKrt+LGTOHb0JI4cPoZDBw9LHdh3KIr27t2HPX//E6l/hP7avRs7d+zEju3bsXXLVmwJ2SKnW7duk9q0MQQhm7di44bNWL9uvdS6teuxZs1aMV0npmuwauUqrFy+UpmuwLKly7Bk0RKZzJ20cMEiLF60WGqREJXNn7cQc2bPF5qDWTNnYsa02Zj555+YPWu2VjNnRYrKZ06fgelTZ+LPadrptGCtZs6YI9cza+acyHVMnzZLphEiTZv6J4IniddCkyYEY8L4SZg88VNNmjAJ48ZOxKiR4yI1etR4jBszMYrGjp4g540YNlZKf/no0i0Tk0aNEMsIjRg6BkMGjYiiYUOHY/iw4WL+SIwZNVqsazSGDh2GwQMHYfDgoYqGRL4fJuYNF58ZNkS8FqLXI4aNkJ8dO3qs7EAzWqxjpFjfyOFi3nD6G/Sa5k2I/G30e8ePmyDzy9N3HEnfM9pvksuOFVM90Wd0n6fP0uuJ46fI7U2aPHGqss9myH02Z9Y8uYx3UT/ky10A3Tr3wtw5izBv7mKpOXMWivfK69kL5L7Vam7kcgsWLMeChSuEViqvxVR5/XH+Sixesi5GLVu2Vk6XCC1dqi2LXEekxPr11qMrp9fyM4vXyPdLFi3F0sXLZDlpkSin6bKl67F82Wrxt1ZHTpcs0f5dfS1atFq7bv3f8RlF/+zCRas+WWahWJ+ct3BV5DYl0baj7alfpi3XbnM6j+gcikm682valI/nE2nqFO35GDx5RuQ5RtLNp9faY2OMONbGi+NicuTxoi86buj4Gi7OBzon6NwYKUTnw8D+Q8RxPVoezyNHjMLQwaNkuW5KfZ8o9HNA/8Fy2YEDhgoNQb8/BkaqV/f+Qv3QtWtvdOvaA927dkPnzj3RuVNXdO3SCz269UWH9l2jqF2bjvi9dYdP1aa9nLZp/TtaNW8tXreT71s3a4OWTVujeeNWaNqwpVSj+k1Qv25DBAlR/DuJ3pPq1auPWjXqoUa1ulLVfq2N36rWiXz/W9Xq+LXKL6hSuYqcVqpYSaqYV1EkSZIU7X5vi7t37yq1WvyhGhN8+dJldO7YDfnzFpAH4vx5i8WBTJXELMz6U1xQhP6cLg7w6X9ixowZ4v3MKBUPiZafPWuOOEnmYuH8BWId4gSaN1+KXi+cvzBS84Xm0fy5dAFbEEVUNm8eXbzEvLnaz1EluWTxEixeuFS+XrRgqagcF2vXI5fTTum9dt3a9zotFBUpfXah+NyiBaKCFa9J1HNy2VKhJSvka+178VpcpBaJypi0WFy0lixaFjlfX8vEPPrssqUr5dCea1ZTJb9Guw6aL6Yrlq+S83XLLF+mfa0TLadbv375ErpQKt+ZpPutchuK97Qd6LsvXbw80jQsXkjfV7edxOfF99P9VtpmcrpQGA7d9hH7Zq4wFvqS+2vuvChlZD50r+mYkMeBMA/Tp4rXwcJI0HT6TDmdLozEVFGBBU+ZpmgqpkwJFpqCyZMmY9J4UdGJqTQTwmRMEtOJYjpeVJBUCY8WFy+6COo0ZjRd0EaJivmjRo0UFe4ocREcNjpSQweLC9zAYRgiKnzSIFHpkwYMGIS+ffujd6/+6NO7rxxGspu4qHXr0lVOe/YQ78WFrVuXHuIc6IqOHbqgUwe6sHUR6ixf679v27YjWrfqgFYt26J50zZCLdGieUu0atEGLZq1Fq9boEnDpmjcqDkqlK+EFClSInPGHKhetbZM8VS/XhDq1a0nVad2nUjVqlkrmmqiZo0aipTX1WuIi11NVKtaTV7oflFUuSKpCipWqBSp8mX1VK58pMqUqYAypcugtKJSJQNRsmSpTxQQUAIBwsBHl4+Pj1Tx4j7w9i4eRcWKFouc0jC30VXYszA8C3nC06OQ9rWYFizgIVQQBdwLwD2/u5xGV363/MiX1y1SeXLnRd68+aKU6ZQ3Tz45PybRPN26dGW5c+VBzpy5pOi97nXOHDmRI3uOzypbtuzIliXrR9H7zEo5TTMJZc2OzJlcIyXLSLSMkCwT0yyZPy4Tk7JmyY6smbOJ19mQIUOGKMqUKZP4fGYp3XehsnTp0kVZTvc+Y8aMYj2ZI8vpdeRnle9Fr3XrJGXOnEV+j8j5+sr68Xtqy8RUf12xUJRtK7a7bt+QaF/lypkbSTWp4OzkjEwZssHNzUPsx8LIn79IFOXLWxB5crlL5cvrKZYpFCl398IoUMBbLkfTggW9xLSYfK1TwYLeKOThI45HmkfLecn3RYv4oWjhACnPQj6yzLNQcXEMa6W/DpqnLy9Pcc54lYK3V0m5rEfBovDw+Lich4dYRyFfFBfzte+LiinNp+9WRC5fSCzjWaiYdn7BqH+PROvQ/h6xHej35i8kX+tUSK6TPldEnGO0HT7O05f+9srv5h7tvU5iu4upbjt/VrnzRTm3cufKh7y5af/kl/sz8jzLRufax9fymBDHTw7XnMjtmjvyXJPLCblmyinPKzqPIs8P5VzLkkmcJ+mziWM2O7LL4yknXDPnEeU5kV1Mc2V1Q7YMOZEpXXZkTE/L50TOLHmRI2s+ZM0gytJlQSbx+cwZXJFFLJcts/h8ltxCNM0jRWVZM2rf58gqjs/s7nJK68jlKo5VRa6ZcovvmEuWu+f2kMqXS1zPcotrXp5C8BD7oUgBse/F/vMsVBSe7kVQMJ/YN/k8UcDNEwXz07FH10uSF4oULoJiHr4oKlRE7Msi4ligqZeYFi/sJ24Si8OnSDFher3g61UMfuIa7efjCx9xnabrMd3cPnr4SHF88YeqTHCHDp3ERcZJ7MB84oTwgFs+UcnkEZWKuPsm5ctLFUZuKXodk+gz7qKSoc+T3KkSU15Hl3t+UemJZUm6v/HJMuJEpKmsOPVUsGDU5b6mQu6eKCwOMhK9L1hQVMLK+8KeisRrTw+xnHjtWVAceAUKSBUuUFg7T/zdyGV1EhcO3eui4sDzLlZcTvWX8SpSNMoy+u+10hqDqGXav6dTIfG9ov8m/c/oL/s1FRLGQ7cO3fb/mnT7Nb8bGY2Px8GXRJVZdLmKClJX0dFrfdFFLYuobL+krEKu2bIhVw5xQZMXm3zIThenzLmRWVzYyChkJROQMdMnSp8uvVS6tOmQNk3aSGVIn0GUZxTTjJHz0qWl5bJ+oqziwpg5fQ45pQth+nTZkDFDxk++J/0dWk+a1Nr1Z8tIF/B8UlEqfCHaVvmkocsntrObNIL68hDHekF3UcG5i/0mzid6XVhcGIsUJmNJx5OQOK6KFfWWQ8uSfH385COw6CoRUFKa3nJlywujXFGY9ApRVKli5U9EZrv6b9Xlo2gSGXHd66CgIKmGDRt+okaNGqFp48afqkkztBI3Cm1/b4t2bdrIadvffxevW0u1jSxri/Zt26FDu/ZSnTt2iiKa36lDR3Tp3AVdu3SLVLeu3aV073v26IleinqLG6A+vf+IVL++fYX6oX+/AVLa91rpyqKX688bPGCAuOEa/EUNGzoUw4ZRCyxNh/0gKeuMcd53iL6jvmJYZugQusnU/21UPjSyPLJMTHXL0Tzd5z+WiSlJeU/bMrqGDBoUOU/3euCA4ZGiG1/99wP6UyvfEKkB/YaK6UDtPuszOLKcltN/PXDAMKn+fQejb++Bcvpx3w9UltFJt366wdb+/UHKPO36Pq6Lptob849/Q84T66XldZ/XrVe3Dvqb2unH4y9SonxAf2q51H2fj6L5ff74A33/6COWGajdVv1166HfQX9brFu8p+05QEzp2I9+TJNiKtNqUJS/Sd+FtrPu/aCBtM2121a3bvo79Pe0y2u3zSDan+L7DR0yAsNIQ7XbikTlpOHDRsinEHIZcSzplpVPJpRjSV/0NITmRdVIjBg2RopGThs5YqKUroxejxk9XrY603z6DDXC0PtxY8dj0oTJmDxhSqSoMWfihIkYP26ifD81mBp8ZmJ68HQ5jS5afsbU6Zg5cxbmzpmHObPp6cQ8KWrEW7SQGqqoEWu5eE3vF2klG7W05cuWabViBT09W4s1q9fFqHXr1mH9ug2RCtm0CSGbN2MzPZVbvwFnz5zF2zdvFccXf6jGBD969BirV61CyxYtpVo0bx6p5s1aRXn/sbwZminSlenef6ImTdCoYSOhxp8opgo0JjWoHyTVsIHyOqhBZHlQvfqR8+vXrRf5Xs5Xlov8nLI8LSeXadAgslxXpnsdKb31R5+nK6OWvdq16qBunbpRyvWX073Wnx+9PLaintK6z+t+p+536UvOF7+9IT1eqR91m+oU0/6g/dW4UWM0E8Yl9moSdb8r75s30x4frVq2ikG/C7VFazH9vc3vwty0R0dxQ9a5QxepTsIAdWzfXpidzlJdu3TVGppevaV69RTqoYheC6PTQ5ignt16RC6jrz/IAPXpi75Cciou1iSqOAYOINGFXqshA4eIC7PQoKHKRVZcVIePko/ftC3V1Go9GmPGjMNYaslWJFuvSWPGiIvmJEyZPA3TxMVw+rQZssVctqQL/Tl9OmbPnCkuinOk5s+fj4Xzl0jpnmpQC75s7RcXzEULlsjXy+kJw4rVkVq5crU4f9dJrV2zHhvWbcTmTVvEhXCrmIZEit5v27Idu3buwl+79yj6B3/t2i30F/7+Sxv2sOefPZHav+8Ajhw5gmPHjuHE8eM4dvQYjh87jlMnT+LM6TM4d/acDL/Q6d9zpH9x4b//hC7qid7/h4sXLsk+CBTSQZ1wdaL3OunKaGAEymF+5/Yd3LtDoSH3cZ/CRCgsRMyjFHSPHj2SLRwPHz6U08cUXiJEr+m69vTpMzx//lzq5YuXUi+ev8Crl68Q+uo1XstwlrdSr0Nf49WrV6LsNd6K9yTqUU3vadlQMZ9eU9lbIRn2EhERKeqIoguZidKjXE1dygXa7xwz2nhD7e+FXmzuhw/v5O+HTMSvhd7Tcvrr024TWoYS+tNntOuK0ClcO6XQIXpN8+i13EdhYeL1x2VpO+uWjS4KUYq6397I/aYNW9Lub+0yevtXEb0n0f6n5XTHwcfj4eMxQ6Iy3d8g0TFEZbrvQiFTtF7dsaX7Hrr5uu+mWzdJ/2/J76esn4yM7nO0ffTXQesPfRUqv5Nuu2l/izZkS/t7aBsq30uuXztf+520v/XjZ5TfL+bR36XXus9GSu936PYFLSe/r5D+Z2T4mFgXvZbniDwitMeE7ryh7x1lHomOGe1bRmUYvQmmeEddJwM6+KlCoTjFp0+eRtGTJ08ipV/2WFZAD2Vco/a9toxiGmWFJN7TlOIbqcK6c0dUZmKqL6rkZEUnKjaq7HSVHi0rp1QmKrwbSsV469Yt3LwppjdvyddULitO8Z6m169dV95rl9WXrGyFrl+9LkXLacu1865fFZUwLXNNrEdZRkq81/39G9c+fp5EZTev3xQV+1UZW33lsqjgxfLR/xYt8/Fz4u9Grk/7t+jzlAheJ/od+q9pvk5URt9dflch+fvE77+u/H6aH7mc3nxS5PbVE8UK0b6gba6bT2VkOh48eCD25wM5lbqvLSPRvo8sV0T7nwLw6ViSy4gpHS90XFEcLBkQnciYyNdkTl6+FBfxUFFhiAsnVXZKbK0uzlZX6cmAf/GaKl1thRv98kjHtLaCZdSBrOj0pI/uGhWTvpcwURlLA/3g4zWMjm8yyHSsMVq+tH/0ib7cl5b9HFH2Mb3Xk/Z/ndGOSV+bH1t9Ae0X+QK6dURfUH/9unn6ZTp9H1/9ejrEgp/bzjp9gijUfUZ/CbrZoWs79VO4eOGirK/JbH8e+uynvzfqWr+Obnl9xZbI3677PXH6sDKNgv4+/PS3mSrG3xJM+14e0IwaoTtkuqumlgautBk1QlefmKQjemWlrygLfgNXrlzB5AmT5aPPqcHBCJ4yRb6m2H7qrMho0d8vOsVETMuR4kKUfUzv9aT9P7rR+Bn6PJHHnfYLxYDuBjz6eui9/o277r2+dPO+Dd3Xis0a5FMLamH9zLaOcR2ikFrxtXWN9rtSC/HZ0+dkB0ZKw0UhTNQng8yw9slATOh+e9T50f9ujN9BD93y0fVVxEKRv1vZn3IaW2JcVLdN9MWoJhyCUR9kfC9fvoLt23Zg+9ZtMq47PDxCmcswzNfYsH497O0cYGFhieTJkstYbooNr/ZrVRnSwTDM56FwDAqHqlu7IZwcneT5k901u+yDQdlgvtwazJgCbIKZnwbFZzZp3BgajQaZM2WSHYDokS7DMLFj86bNSJY0mTDAKdC9a3fM/HMmpk+bjv379snwHIZhPs+dW3cwaNAgOAoDTJ14/5w+C3///TcWLliAC/9dkCaZMW3YBDM/Baqgx44dj6RJkiJRokQydRD1lqfOQQzDxI7Nm0OkCaaMIju278TFCxdk/Dx1DNLvzMUwzKccOXwEhT29xE1kMowcMQZnTp+TfXEePHiobQXmU8jkYRPM/HAodol6+geWCoSVlRWsra2RxMUFHdp3lJ3QGIaJHRs3bITGWQMHe3uULFkSLZo1x/x582SnUBrshGGYz/P3X3/LNJDUCNOyeRv06dVXPpGk+ok6nH4+JpgxFdgEMz8cyqhAAz2kTZ0GvsX9Ua5sOSRLmlSmDmMTzDCxZ8f2HTKGMXHixLC0tJLxwenTpUPPbt1k9hWGYT7P9m3bYWdrJ59GOjo4QSPMsLOTRhrj6dNncH3EsAlmfjyzZ80CDaxAo4YtXbISjRs2Q8oUKdGjK8UEc492hoktlLbvxIkTOHToEEI2h6BunXqyg0+K5ClkvuQ49RhnGBODTLCtMMG2NraoXKkKFi5YCBqq197OXo4GSfMZ04ZNMPNDoQwQNBgHDek6buxYHDt6HEH1GiFVylRy4AfKc8owTCwRHldndCmJ/84dO2UnU2rZomHaX70MlfMYhvkUGkyHRsx00bjIwYSuXr2KGdNnyDIywjT6GWPasAlmfig0ohgNrZs3T145hOTU4Bko4F4QDvaOqPpLTRw5cpR75DJMLCEDrMuXSp3hdu3YJUxwZhkeQcOUUhnDMDFz6uQplC9XXsbV0wic165elxlXaBh8Gxsb2TLMmDZsgpkfCo1tTpU0xQB7FfFCkcJekTFZdPdNQ/3SI16GYb4OjapILVc0pv+smbNQq2Yt2apF2SL27d3HHXsY5gtQzO+04KmwtrZBMa9iGDp4KOrXb4CkLi7wKOiBbRwOYfKwCWZ+KNu370Snjp1Rp3ZtNAhqgNKBpWVHBHNzc+TO7YapwdPx8gXnN2WY2LBr5y75JIXCiyjOnh7hUivWqJEjcffOXWUphmFigp6k0I1kwwYN5QAZdPPoYO8gO5uOHztODtPPmDZsgpkfCuVepAvLpYuXcP36dSxdsgx5cueRrVctmrXCwwecJ5hhYsvZM2fRrm071KxeAzWEGjVsJCtvSu/EMMzXeRfxTsYC01DJTZs0QZPGTTBp4iTcZAPMCNgEMz+VU6dOoW2b32XP3FUr1yI0lDvyMExcoEqcHus+fvSYB8lgGIb5gbAJZn4qb16/kY+jzpw+g7eR47Rzkn+GiQv0WJfToTEMw/xY2AQzPxWquGlkq4gIXUYIqsjJBLMRZhiGYRjGcLAJZhiGYRiGYUwONsEMwzAMwzCMycEmmGEYhmEYhjE52AQzDMMwDMMwJgebYIZhGIZhGMbkYBPMMAzDMAzDmBxsghmGYRiGYRiTg00wwzAMwzAMY3KwCWYYhmEYhmFMDjbBDMMwDMMwjMnBJphhGIZhGIYxOdgEMwzDMAzDMCYHm2CGYRiGYRjG5GATzDAMwzAMw5gcbIIZhmEYhmEYk4NNMMMwDMMwDGNysAlmGIZhGIZhTA42wQzDMAzDMIzJwSaYYRiGYRiGMTnYBDMMwzAMwzAmB5tghmEYhmEYxuRgE8wwDMMwDMOYHGyCGYZhGIZhGJODTTDDMAzDMAxjcrAJZhiGYRiGYUwM4P/kt/w1Ikl65QAAAABJRU5ErkJggg==</file>
    </questiontext>
    <generalfeedback format="html">
      <text></text>
    </generalfeedback>
    <defaultgrade>1.0000000</defaultgrade>
    <penalty>0.3333333</penalty>
    <hidden>0</hidden>
    <idnumber></idnumber>
    <single>false</single>
    <shuffleanswers>true</shuffleanswers>
    <answernumbering>none</answernumbering>
    <showstandardinstruction>0</showstandardinstruction>
    <correctfeedback format="html">
      <text>Your answer is correct.</text>
    </correctfeedback>
    <partiallycorrectfeedback format="html">
      <text>Your answer is partially correct.</text>
    </partiallycorrectfeedback>
    <incorrectfeedback format="html">
      <text>Your answer is incorrect.</text>
    </incorrectfeedback>
    <shownumcorrect/>
    <answer fraction="33.33333" format="html">
      <text><![CDATA[<p dir="ltr" style="text-align: left;">1</p>]]></text>
      <feedback format="html">
        <text></text>
      </feedback>
    </answer>
    <answer fraction="33.33333" format="html">
      <text><![CDATA[<p dir="ltr" style="text-align: left;">2</p>]]></text>
      <feedback format="html">
        <text></text>
      </feedback>
    </answer>
    <answer fraction="33.33333" format="html">
      <text><![CDATA[<p dir="ltr" style="text-align: left;">3</p>]]></text>
      <feedback format="html">
        <text></text>
      </feedback>
    </answer>
    <answer fraction="0" format="html">
      <text><![CDATA[<p dir="ltr" style="text-align: left;">4</p>]]></text>
      <feedback format="html">
        <text></text>
      </feedback>
    </answer>
    <answer fraction="0" format="html">
      <text><![CDATA[<p dir="ltr" style="text-align: left;">5</p>]]></text>
      <feedback format="html">
        <text></text>
      </feedback>
    </answer>
    <answer fraction="0" format="html">
      <text><![CDATA[<p dir="ltr" style="text-align: left;">6</p>]]></text>
      <feedback format="html">
        <text></text>
      </feedback>
    </answer>
  </question>

<!-- question: 130269  -->
  <question type="multichoice">
    <name>
      <text>Question 8</text>
    </name>
    <questiontext format="html">
      <text><![CDATA[<p dir="ltr" style="text-align: left;"><strong>Select the THREE options</strong> that combine to make the complete shape shown below without overlapping. Pieces may be rotated 360 degrees.<br></p><p dir="ltr" style="text-align: left;"><strong><img src="@@PLUGINFILE@@/08.PNG" alt="" role="presentation" class="img-fluid"><br></strong></p>]]></text>
<file name="08.PNG" path="/" encoding="base64">iVBORw0KGgoAAAANSUhEUgAAAoMAAAHPCAYAAAAoHNAEAAAAAXNSR0IArs4c6QAAAARnQU1BAACxjwv8YQUAAAAJcEhZcwAADsMAAA7DAcdvqGQAAL4cSURBVHhe7P0FfNVIG/aP/9/fq4/vs8+zyi6LLe4OLW0p7u6yOOzivrhbcXd3d3d3L1IKhZZSarSFnnpPr//ck6TntAQ/p3Jyf/lcJJnkpMkkk1wjmfn/gWEYhmEYhjEsbAYZhmEYhmEMDJtBhmEYhmEYA8NmkGEYhmEYxsCwGWQYhmEYhjEwbAYZhmEYhmEMDJtBhmEYhmEYA8NmkGEYhmEYxsCwGWQYhmEYhjEwbAYZhmEYhmEMDJtBhmEYhmEYA8NmkGEYhmEYxsCwGWQYhmEYhjEwbAYZhkl7zIlAQhwQF4Ok2CgkxZiEIlWJeRFG6+Q2tC3DMAxjN9gMMgyTJiRFvkL8ha2IXt4TJo8GME2oCdOYyogc6YbI4RUQOcxJEc2LMFontxHbRi/rgfjzW5D0JlTdG8MwDGMr2AwyDGM3Er0vI2bLaETNaI7IES4Ww/e5EkYxakYzxGwehQSvi+pfcRwiot/ghDgvj6PL0H3zGLRc2R+1FnSB68zWKDu1KUpOaSRF866z2sh1LVcOENuOxdRjy8VvL4l9RKp7YxiG+TjYDDIMY1OSwgMQd3oNoqY31Td0NlTUtCaIO7UaSWEB6l/PfDwIfIKVF3eg4/phKQzf54r20Wn9cKy6uBMPA33Uv8IwDPNu2AwyDGMTkl6HIPbwgpRVvmmo2IPzxDEEq0eTsXkTa5KleK1WDtA1dLZUm9WDcPLRZUSKv8kwDKMHm0GGYb4McyLizm7QNWjpISqVzKgfnSSI49p0fb+uabO3Sns0wdYbh+QxMAzDWMNmkGGYz8bs/wBRM1vomrL0VNSMpkh8fk89yozB7jsnUHVeR12jlpaqJo5hv+dp9agYhmHYDDIM8zkkxCPuyGJEDnfWNWMZRXGHFijd06Qjz8NfotvGUbrGLD31x6YxeBERpB4lwzBGhs0gwzCfRFJ4IKJX9tE1XxlR1JVNenxgkpCYgJ23j+oasYyiUh6NsefOCSSYE9SjZhjGiLAZZBjmo0mKCJJdu+iZroysqGmNYU5DQ/g6xoQ/d0/XNWAZUcP3zpIftTAMY0zYDDIM83HERMI0tqqu2coMok6sYQpTT8Z+mJPMaLi0p67pyshqsry3PHaGYYwHm0GGYT6IOfiZMlqIjsnKVBpTCeaX3upZ2Z6omGjUWdhN12xlBtVf/Afi4uLVs2EYxiiwGWQY5r2Yg3xgmlhb31xlQpkm1rKLIXwe9hJV53bQNVmZSfS18cuIzNFfI8MwtoHNIMMw7yQpIjBTthH8kGjkkqTwl+pZfjkvXwej7qLfdc1VZlS9xX8giMeBZhjDwGaQYRh9EuMRtaCTrplyBEXNayfP8UuhDy9arOina6oys1qtGoDI2Cj1LBmGcWTYDDIMo0vs9gm6JsqRFLN5lHq2nw+NA6xnphxBf2warZ4lwzCODJtBhmHeItHnBiJHuOgaKIfSiApI9L6snvWnM+vkapSa0ljXSDmCqB/C+afXq2fLMIyjwmaQYZgUJEVFZOouZD5VprFVkBT5Sj37j+e2/0OUn9Zc10Q5kpymt8D9l4/Vs2YYxhFhM8gwTApi983UNU2OrNhdHurZfxxvYkyoPKedrnlyRFWe2x4mbj/IMA4Lm0GGYZJJfH5P1ywZQYnPbqux8GHmnV6na5ocWYvPbVLPnmEYR4PNIMMwyUSv7q9rlIyg6BW91Vh4P15BTx26neC7RO0HH4f4qbHAMIwjwWaQYRhJos91RA531jVKhpA498THV9TYeDdDds/QNUtG0Mh9c9RYYBjGkWAzyDCMJGZlH32TZCBFL+2uxoY+d/29UNrDeKWCmujc772w33B+DMOkD2wGGYZB0usQRI6qqGuQDKVRbiIu3j0UW88t43RNkpE0YPsUNTYYhnEU2AwyDIPYzaP0zZEBFbN+qBorKYmOj5HdrOgZJCPJeUZLERexaqwwDOMIsBlkGKOTGA/ThJq6xsiIMo2riqS4aDVyLIw9OF/XHBlRk44sVmOFYRhHgM0gwxgcc8AjY384kloiLsx+d9XYUYiJj0XFWW11jZERVXVuB8QnJqixwzBMZofNIMMYnJi1g/RNkYEVvaa/GjsKsjsZA384klplpjbBs1f+auwwDJPZYTPIMAYmKSZS1wyxnJAU/VqNJWCogbuTeZdG7J2txg7DMJkdNoMMY2DML711jRDLCYnP78s4MsVF65ohViNExcXIOGIYJnPDZpBhDEzCrcO6RojlhPhre2QcURWxnhFiNYJP6HMZRwzDZG7YDDKMgYnZNFLXCLEsXczs9zyla4RYjXD04QUZRwzDZG7YDDKMgTFNqadrhFhOME2uK+NoxL7ZukaI1QhjDsyTccQwTOaGzSDDGJSkqNe6JohlUVJUBOou+l3XCLEaod7iP9S7iWGYzAybQYYxKLJ/QR0DxLIo/PFVXRPEsuhNrEm9oxiGyaywGWQYg5LofUXXALEs8jy9TtcAsSx6FPxMvaMYhsmssBlkGIPCXxJ/WMc2jtQ1QCyLzvvcUO8ohmEyK2wGGcagxF/eqWuAWBZtW9hF1wCxLDp074x6RzEMk1lhM8gwBiX+3CZdA8SyaNXUJroGiGXR9puH1TuKYZjMCptBhjEocWfW6xoglkULx9fUNUAsi9ZdUTrnZhgm88JmkGEMCpvBD2vu2Gq6Bohl0erLu9Q7imGYzAqbQYYxKPEXt+kaIJZF8ybV0zVALIvYDDJM5ofNIMMYlPhr+3QNEMuipbPb6BoglkUbr+1X7yiGYTIrbAYZxqAk3Duta4BYFq1f2U/XALEs2nn7qHpHMQyTWWEzyDAGJdH3jq4BYlm0bz+PS/whHX94Ub2jGIbJrLAZZBiDYg5/qWuAWBZdvH5A1wCxLLrm66neUQzDZFbYDDKMUTEnInKkq64JYgmJuHka4qtrgFgW+YUHqDcUwzCZFTaDDGNgopf8rm+EWIhe1AVxCXEoO7WprgliNZJxE5cQr95NDMNkVtgMMoyBiTu+TNcIsZwQe3ihjKPWqwfqGiFWI7RdM1jGEcMwmRs2gwxjYBKf8Uck71Li46syjmaeWKVrhFiNMPfUOhlHDMNkbtgMMoyBSYoI0jVCLCeYw5S2cOef3NA1QqxGuOp7V8YRwzCZGzaDDGNkzIkwTamna4aMLNPkujJuCD9hCvWMEKsRXojMBMMwmR82gwxjcOKv7NI1REZW/MWtauyI+ElMQKU57XTNkJFVWcRJgogbhmEyP2wGGcboxMcgcrS7rikypEa5ISn6jRo5CkvObdY1REbWigvb1dhhGCazw2aQYYxOUhKipjfVN0YGFFWba1XEGhHRkSg3rZmuKTKiyk9rjpj4WDV2GIbJ7LAZZBgGCXeO6xojIyrh1mE1ViwkCHNYdW4HXWNkRNVe2BXmJLMaOwzDZHbYDDIMI+HSQSdETW2kxsbbbL1xSNcYGVE7bx9VY4VhGEeAzSDDMJK448t1DZKRFKd2NP0uqs3rqGuOjKSaCzqrscEwjKPAZpBhGIXEeJgm1NQ1SUaQaUINGQfvY9LhxboGyUiacXylGhsMwzgKbAYZhknGyN3MxJ3frMbCu4mNjTX0WMVlpzZDXFycGhsMwzgKbAYZhrGQEIuomc11zZIjK2pGM+GEP+7rWCN3M7Pq0g41FhiGcSTYDDIMk4JEn5u6hsmRleh9RT37DxMe/QY15nfWNUuOrJoLuuB1TKQaCwzDOBJsBhmGeYvYLaN1TZMjKmbTCPWsP54jD87pGiZH1slHl9SzZxjG0WAzyDDM25gTDdHVjMmjIZDw6W3gkpKS0H7tEF3T5IjquG6YPGeGYRwTNoMMw+hiDgtA5AgXXRPlEBLnZg57oZ7tp0MjcFSc3VbXPDmSqsxtLzvdZhjGcWEzyDDMO0m4tlffSDmA6MvpL+W63z2UceCvi+nL6ZvPH6hnyzCMo8JmkGGY9xJ3cpWumcrMiju2TD27L2fx2U26RsoRtPzCNvUsGYZxZNgMMgzzQeL2z9Y1VZlRcXtnqGdlOyY6YGfUHkdtZ5gZhsnYsBlkGObDJJkRs3UMIodX0DVYmULDnRGzeZQ8F3vQf/tkXVOVGTVo51T1rBiGMQJsBhmG+WhiDy/UN1qZQLEH5qhnYR8SExPRzgG+MO6wbigS+YMRhjEUbAYZhvkk4i/v1DVbGVnxF9Om7Vui2Yzhe2fpmqzMoNH758Fs5i5kGMZosBlkGOaTSXxyDVHTGusar4ykqKmNkOh9WT3qtGP2yTW6Zisja97p9erRMwxjNNgMMgzzWSTFRCJ6ZV9EjnDVNWLpqhEuiF7RC0lRr9WjTXt23T6OynPa6RqvjKTKc9tjn+cp9agZhjEibAYZhvkiEh+chWliLX1Tlg6iY0m8lzHMzStTBGot6IJSHo11jVh6io6p7qLfERH9Rj1ahmGMCptBhmG+nMR4xJ/doGvO0lLxp9fIY8lImJPM2HrjkK4hS0/tuHVUHhvDMAybQYZhbEbSm1DEn1kH07hqumbNHjKNrSJNYNLrEPUoMiYvXwdj0pElusYsLUX9BwZm8LhiGCZtYTPIMIzNSYqNQsLto4heOxiRI+3QplDsM3rtICTcOiz+lkn9q5kDr6CnGH9oIZymt9A1a/aQ84wWmHh4ER4FP1OPgmEYxgKbQYZh7EpSfCzir+1FzPohiJrdCpFjKusbvPdpdCVEzWqFmHV/Iv7qHiTFRat7z7yER73G4nOb0WJlP5T2aKJr4r5EtM+WK/tj6fmtCOd2gQzDvAc2gwzDpC1JSTC/fIQEYepid3kgemUfRM1rD9PURlI0T2Gxu6Yg4cpumAMeyd84MpExJmEMN6H+4u6oOKstykxtqmvw3if6Df22wZIeWHJ+C6JiM79hZhgmbWAzyDAMk0GgDzpi4mNlSd55n+tYdHYT+mybIA2ey8xWycaP5huKsD7bJsrSxQs+N+RXwfRb/iiEYZhPhc0gwzAMwzCMgWEzyDAMwzAMY2DYDDIMwzAMwxgYNoMMwzAMwzAGhs0gwzAMwzCMgWEzyDAMwzAMY2DYDDIMwzAMwxgYNoMMwzAMwzAGhs0gwzAMwzCMgWEzyDAMwzAMY2DYDDIMwzAMwxgYNoMMwzAMwzAGhs0gwzAMwzCMgWEzyDAMwzAMY2DYDDIMwzAMwxgYNoMMwzAMwzAGhs0gwzAMwzCMgWEzyDAMwzAMY2DYDDIMwzAMwxgYNoMMwzAMwzAGhs0gwzAMwzCMgWEzyDAMwzAMY2DYDDIMwzAMwxgYNoMMwzAMwzAGhs0gwzAMwzCMgUknM5hkpQ9jvbXyi9QhqfUpfPj371rzrvCP5Ut+axs+5wysf/Mpv9PDlvtiGIZhGOZzSGMzqL30zZb5D3gA7ReppezDWonqVFn7caTeq7Us6K1J0vn3KaTeX/qgxVsikpI+5kis41vT52IdA9ZiPo6PjbuP2eZjSL2fL9kXwzAMk5FIQzNIL48vNRDWWBsSa9kH/dffl/3tjPFKpeMmQ/ihI6H1muF+9zlr5/Q5YjRSx3FqUWwpJt4iCk8NhX3Mdh+C/l7qfdHy5+yLYRiGyWikoRlUXiaJiQkICQ2B14OHUt5ej5LnHz30SrFMeuztjcePH0vRutTrSVq4ItrOsq0mbR+kJ0+ewMfHR8o6XE/adtZ66vNU6l3h1vLz9ZXyf/5cSlt+7ucnl1+8CFDXvZDzmgIDAxEcFIyQ4BA51RQUGCQk5oPFupAQhIa+EgqV89py2CtSGMLCwqUiwiPw+vXrZL15HZksU6QJJpMJ0dHRiIqKklNNMdGxiImNkYqNjUtWfFw8EuLfVmJCAszi+iaZletMUyPbPM3kfqpSmi49pTZmWpg1tKfU2+ht9zHQvj7mb6YvSWZxnEoEMgzDMJ9AmpvBV8KorFq5CrVr1Raqi4b1G6NB/QaoX7eunDZu0BD1xHzdOmK5Xn00b9QYLZs2RcsmTdGsYSM0s1pPovkmIqxxg0Zo0rgJmjdtgZbN26Jt8zZivplY1whNRXiLZs2FxDqxr7YtWuK31q2lWjZvidYtSa3QVkyt1UaItmnX9rdktf+tHTqpat+mrVjfRm7TQayjsM7tOqBTu/bo3L6DVLdOndG9azf06vYHenb7Hb936SpFy31690H/Pn3Rs0cv9O7ZG/379hPqjwH9BmPIn0MwcvgIjBk9FmNHj5MaNWIkRoiwkWI6ZvQYTJgwEZMnTcLEiRMxfvwETBTLU8TytCkemOZBmooZ02di9qzZmDN7DhbMnadqPhbMW4zFixZj2dJlWLV8BdasXv2W1q1dj43rN0ht3bQZWzZvwdaNm7Fj6zbs3rHzLe3bsxf79+7Hwf0HsG/vPhw+cBBHDx/BsSNHcfzoCaHjOCakzCs6ecJaJ3Hq5GmcOaXo7JmzOH/Wogvnzyfr8sWLybp26UoKXb98FTev33hbN27i7q3b8Lx7F3fv3JXTe3fvST28/wAPH3gJPRTzImMiMhCkJyIzQvJ5Igy/0LOnT+H79Fmynvv6pZQw+c+FuQ8Qhl5T4MuXUsFBQYqEkQ8NCU1WWFgYXkeQSVf15o1U5JtIREZGIjpKmHNVsdKYx6rTGMQJcy4lDLqm+PgEYc4ThDlPhFkYcrPZLJsBkE8iwyRNE8MwDMOopLkZ9H32HP37DcB3330Hp/JOqFypMiq6uenK1cUFFZwrwFmI5klauKYKFVzkemcnZ6nyZcuhWtXawgi2RiX3SihfvnyynJyclO2cneXfLie2JTmVExLrSLRcnpaFaL5s2bJSWvhb60uXlutpuWzpMihbSiyXKiXnncqJvyn+brkyZZIltxfblBEqTVOxnZyWKSvnNZUqWUqK1pUsUSpZJYqXFCqB4sWKJ6tY0eIoSipSVJGcLybnCxcq/JYKFiiIAvnyS+XPmx/58uZDntx53lLuXL9K5cyRM4Vy5ciFHNlzKsqWAzl+yYZspJ9/wS8/ZU1W1iw/S/3yk9DP2ZEta045/zOFf/cjsn6rKMePPyGXCMsufk/7yZE9B/KK/ebNlhP5xN/Kq6pQrjwoWqAQiotzIJUoXAQlxTmWLFoMpYuWkFNS2RKl4eJUAW7OLink7uKKquJ+q1m9hlQdkSFpWLeeUH2ZYWjZtDlaikwD6bdmrfCbMPudhLnv1qmTVM9u3dBdGPpe3Xugt1Cfnr3QTxj6ASRh4gf1U/TnoMEYMXQYRg8djtHDhmPMqNHCzI/FhHHjMFGYdo9JkzF9ylSpGdOmY97suVi0YCGWLFTM+bKly7Fi+SqsXLEaq1euwYb1m7Bxw2ZsEtq6ZRu2bd0ppjuwc7uiXcKIa9qzazf2kinftx+HDh7CkUOHceTwMWnCTxwXBvy4MONCJ1KYcH2dEub8tCoy6afJoJ8+g7PCmJ8jc372nNR5Yc4vCVN+6cJFXDx/AVfE/NXLV3D1ylUhMRXzMkzMX7t6FdevXccNYc413RYG/Y7Q3Tt3UkxJZNgf3LuH+0L3PD3lPMlLGnYveKnyfuSNx96P8eTxE2Han+CpLKkX5t2HzLsv/J6l1HO/51LJy1RK/9wfAf4vpKh0XpsPCAjASyFp6ANVQ28laehlabyiV2ppPelVaJjIAIcjPFyVMP5k/mmeMgBSVGKvzQtFqKJwmSEQev2aMghK5oBK8lMrSioKUSLDYC2ZibAq7U8u9Y9RMxJxSmYiJkZkMIRomTITNJ8cpm4XH2/JaCRQRiMxUWY4SBQm1yVYRMvxCfEpwhRZfpeYaBaZlSQpmWEhaZkXIW3dpyJ/J/ZN+6DiYut9aeukxLzcInm95W/L337kn9a21/ah7NtybpYwbTtlPWXMLNtY/q72Z5Wj14e2YxhbkcZm0CweqIEYMXwMqlerLR7mj+UDK0QtHaFqTqoGpZIT0osXL4R5fCYf1jRPD+WgwEAx1R7QL+EvHuBUHftYvAS8xcvg/r37cvs34uHpK6aytIdKfYQeeXnDJ3m7h7h9m146d+ApXjJU3Uxhd29TqdEd3BMvHM87d+WL6tbNW7gjwiicfqOVKN0Vv1VKnG7I+RtXr+G6fPFdwk0xf++O2IfYH5VU3RAvRppqpVdXL13GZfHyJF2kqQi7eOGSLPU6d+acfBGfFC9v0rEjx2QJm6ZDBw7iwL4Dydqzey92CROwY9sO7CBzIOZ37tyJLZu2YMPadVJr16zFmtVrsHrVaqxauRJLlyzFwvkLMGfOHKX0cNoMzJk+A7OFqGSRShgnTZwkDczokaMwavgIaWxIo4TRGfbnEKmhg/8UZqg3+vRQDFLvP7rLElDSH5264veOXdCtQ2d06fi7mO+KTh26oX2bjmjVpBma1quPhnXqoYkwZI1l6XB91K5RS5j5alLVq1RFdffKqOJSEW5lhaETcilXQTHvQmSUSWSOU6tYsWJSRYU5lCpSRKqwMJCFCwtTLFSoYEEUEsaYVFCYzAL5hUFWlZ+Msqp8efMqypMX+eX6AnJKJjqvCM+dO7dFv1rm8+QRhlos58opTHOOHMiZU5hoMc2WTRhj1UD/klUYaFVZf/4ZX3/9Nf7f//t/+Oa//8Uvv/yCLD/+jB9/+Ak//vgjfvhB6PsfhGiq6PvvfsB33/6Ab7/9Vvzmm+Tpf//zX1U0r+g///kPvv7q3/jqX/9KoX/981/45z/+may///3v+Pvf/i7n//W3f+Crv/8T//3bv6W++/eP+O7rH/D9198ji/i7WcUx/PxjFuQRx/+rMPPZxfH+KjICeXP8ivy/ijj+tRAK/5oH+bIpZr4wLecTBr6YyPAUEdeqaBmUL10B7k5ub8vZDZUrVhKmvQ5qVa0uVVeY+Hp16qJxvQay5L+5WuLfpkUrtFXNexe634R+F/cfmfe+3Xuq6oX+vfqgf+++GDJgoNAgWTI/UOhPsTxc3MsjhgwV97e414ePwkhxn5PGjBiJccLQjxeaMmEipgozP01ITkVamT1zFhbPX4hFpHkLZOn7HLU0npaXLFiE5cLkLxVmn7ZbIrRs8RJZQ0Jas0qkS2H6Vy5bgZXLVyaLwtdr6Xf1WjG/XqTpTVJbN2+RJfRbt2yRovkd27Zj185dqkTmQNXuXbustEdoL/buFpmFA4fF8+QoDokMw4F99Ew5KDINx0Rm4QQOHjgkMhQH5DZHqHSfwo8dE5kI8Vw6cQpnTosMwbnzImNwDmfF8+rkyVMisyEyDmKq6LTMQJw6SRkJEU6l/eI3SthpkZk4J34vMhJiH5fE85J0+dJVIfFcvETzNL0qwml6WWQgxLP1+nVF125IvVXyr+qGyGxckb+9guviuXvr2k0RJn4v5q/RM1jo0oUrUjR/U6y/fuWa+M0V+beu0vNa7OOmlWgfybp+E7dv3MLNmzdlbQP9zVt0PEI3rl6X+7h44YLcd/J50N8TxyP3ffWGCFOWr8m/qxzTFaGrl6+LDNN1kXESf5fORbxbrM/ttvh7t8Tfpr9/i45LPRZd3VKVellKZLbEuyxlmKI7t2+/M5x+c1cVzb9Pd+V70lNk4igDd1+Klj3lu1SsE+9dWqZwmdmjbeX2Sljyb8S6++L9/UAVvdO9Hj5K1gORMSRp4eQrSF5eYr2VKPOoNUXzpuZnwgdoGUiaenv7iHmhJxa91fzr6TM8o1oh4S1SyNcPfjKD6Z9C/v7+SsZSeBXSS7Wm6KXwQS9fBkkFiQyl9D3UFExr/qXVHMmMpSLKZMaIjJySCbB9RiDNzSCdMFVxNm7UVOR4TcoqhvlCtOpPLadN7RqpfaPJZClZeR0RIROYlvgCRAbDjxKx0DOR6aCHwhN6KDx6lJyBoMwFPcwok3BTPHhviJcRTa8Ls08vsHOnzkjDfuIYVYEfxWHxciVR1fipE2Tkj2LXjl3YLl7Wu4RR37p5KzYIY75amABZ+rd0uTQKy5ctx8J582WThZ+y/IQObTsKw75CmI1ZmDJxKiYLTRg7BWNHT5QaN3qS1KgR4zFsyGgM7P8nBg0YgMEDB6GfMDe9e/VGr5690aN7/2R169ITHdu1k00gWrYQat4CrYShIjVp3BgNGzSUouYXNavXRLUq1VBVGHKpylVQ2b0S3IQxr+BUAc7lneFUphzKlCyFMiVKwVnMu5UrL0xeCRTJS2a5AIrkL4kiwvgVySPmVRXKV0Aa6LzCKOcV5pqmZJr1SqbzkKHWTDbp11+RK1cuYapzvkPqOmG4yXRTCfP7lD179mRlE8abzLemrGTOs2b9oH4WBv4t/fSTKmX+Jz1lyaLIKuzHH37Aj8Lsa/rh+++F2f9O1ffJy98Jw69JW//dt0r4t9+IDIEmkaGQGQQxlZJhVlK3sYQr29Fvvv73f/Dvf/9bTP8tp5q+osyElf791Vf4978+UeI3Xwn9izIimkSGRNM/aSrC/vrXv+P//d//h7/+5W9iWfxGhP3zn/8UvxfH9dXXUj9+9b2cUhjpv//6Gj/8S8QVSayj9b9QDcQ3P8p5a/3wlYhjoSwic/Pjv7Xw70TYd8gilkk//keZ0u9/+V5k3r7/Bdm+yyL3SaLf/PSfH/ALhf2cFdm+F9ddLH/39Tf4SeyXlOVrsZ3IRJF++T4rfsmSC1n+I663Gmat7//znZjS8Yjf0THI36vzQr98myX579MxafPWxyTXiYxadpGJzCkyZ1pYjh9+Rg6xTKLw1Mr6zfdimyxCP71Tv4qMLCmXlqHNKuJEZALpXs+p1g7RfLas2eVy7hy5UCBfIZQoUAQlCxZBcZG5zil+myNrTuQTmcQiIp0XE2GkwiLjTJlImtL2xcWzopjIcBeldSKzXrRwUSGR+S9aFmVLukiVKl4epYuUQ+nCisqVcoVLucri2eSO8mXcUF48k8qXdkG50q4oV6IsnEqUgWsZJ7hWcIOrs3ieuVaHu1tNuDhXEWHiGVepJiq5VUdloaoVa6B25dqoXUM8E2s3Qu2aDcSzsZH6nGyOplSgIdVCNkNr1eI3tGjRGa1adkLb1h3xW5uO4nnbDZ07dscf3XqhV/e+6NWjL/rJDOkA9OtNz+pBGCCe3X8OHIbhlPmkpmEjR2HCGKUWiZp+SYn5GR5TcfH8eVnirvgp25LmZpBcL1WZ1axeCy/8XyqrDITm6a3FZDwo86XIquomDUSlKqWEudq8cROoGs7a4GpVSxlCiWYkUjWhlbQwWY0YH6eGU5VjnFRcHFVDxstqR1OkWqVpikZE+GuEh0WkqCoNexUuc8IhIqdM5p2mVCWr1RZo8vN9LnPkvk8VPfV5JnL/3tLIP/C8j/t3PS3yVKZUKkG6QyX+qrQq62tUvS106fwlXDh7AedPn32nzgnJEnwquT9yROrYwSM4fOAAjhw6hKOHjuDIgcM4sP8gDokwCt+7e3cK7du7V4bTlDIL1tq2eQvWyxL99Vi/boNsJrBu9RosXbgISxYsxCqRiVhD7X2FVixZimWLFmPR3PmYN3sOZs6YIV8e1po7Y5bUtKmz5PKc6TPllLafPUOZ95jiIadTJk2Hx4RJmCI0cfxETBjvgXFjROZj5PgUGjtsDMYNG51Co4eOwKghw98KJ40dNkquo1qFQQNFBkZo4IA/0b/PYKl+vQejb++B6N9vIGrVbCQM8i+oV6cp/hw0VL4we/zeT6qnEG3bX4jmKaxr5x5StKytHyRetn/2GZBCA0UY/Y7WaxrcX9muP7XjFho8YDCG/zkcI4cMe+v3JGoa0qd3b7ltcnjfARj6J5UuD1POf7h63mMmipf8OAwfPAIjho7V1aghFGfKevrtkEHD5ZTiS4s7Ld7ob8i/N+jtc6Pj6tWjp2zK0qu7mIr53kJ9KHMopn90+x09/uiubKOKlkndunaVbdxJXTpS0xhl3jqsQ7v2aNu8pRSVxjdr0lS21Vfa64tMZcNGqE81Pg2Uaf06ddCoTn00FvNNxboWtA19GyCWqTZIToWo3b8U1RDVrouGwnhReIPadVC3Rg3UqqpkSitWqKarSm41UKNKbTnvVLaiMIIV4VxOGMLS5VG2aHkUK1oGJYqVkvNlipZDoQIlkD9fERQsUFwYzFIoXLCkCCuJfDmLIV+eoiiQv5gM00Tb5s2TT2RIqbYnlWSTqRz4VUxzqfOaUoalXKfJuglWDpEJTa2sP2UV6eBH/PTjT/KbgeioKPGGUvyULUnzNoPUpmbihAmoVaOOLEbNrFibufcpNZ+7DcmefMzf09vGltJDbzs9WaO3/nOV1pwSZrCQyAUvXrhQmq4vR3toaLIXH7tvilVql2Wtt02xtbS2VG8bYvo4JkGdvtukWuvt9mskatdGilOnSrjSRu4TJD/gUdvhfYxilTZ6KZalaF5Zpo+FqH0ftd3T5t8r67aB1DuAlDpvvU5PydsrRl2ZphK1S7SSSU61NosfL712j6RI6t1AKDgoBMuWrUPpEqVx8MAxmUFQ1ivtJmk7i7Qwa1mvVyT/hk64XEdS/75cVo8nWVqYuq2ynfK3KDz1b1Ker3VcWeaVba2n1tLbj9X21n8v+XhSHtcnS22f+j5pH7dRMyySdS8VbymCMnhWmTwRRh/I6W6XelkLE9MIVeGy3S1N3y3qOUPZziKtVw1Nr16FITg4VFbV0n0WEvIKr0gULpZDZTtfRcFBoUrvHUHBspqXqn2padqzp36yGlk2T3v0GA/u08eHpEdqc7N7yWEPHjzEnVueuHmDmpXdktX8NL12VWQ+hW7IGqcbuCIzoSIDSk0oqC22EBUOHDt8BIsWLJYmd/bMOSKtxshnqK2f52leMkgX1UPkPGtUryVy9n7KKiYFqQ2JJkbEgzAFlq5NlO5NlDDHgL6iLpwvP+bOmi3NDfG5Z0clikq6SxlftkdJ29K8ibkPKeXxJKphH0fK/Wjn9iXnlBbx49h8yvX7GGh/9LHMqhWrULpkaRw9clx+bMIwNiPlg8SC3rIq+XxTlZwxpY+CVFFmM3VmVFumj6belpYZtcynzmAqPUTE4datO6hWuQ7mzVkgMnxkBgnbPqvS0AwqUO5i2rQZ8itics2EI73MGeZz0NIAmUFqVzNrxkz5sNGeRYy94ZjOCGhXgdr4rli2HCWLl8Shg4flC5NhDIlIEPc8H6JSxZpYNH+xrAFQjGAmN4NUpD1r5hy4urjLL3MZxuhQLlMr+SAzWLJAIcyaPoPNIGM4tHudzCB9VEVm8PgxLhlkjE2yGVzgQGaQ2p3MmTVfmkHqsoVhGPESVEsGqaNt+oKOujBhM8gYFTKDixcvkWbwJJtBxsDQu4G6uatcsQaWizRhMYO2Jc3NIHX3sXD+Eri5VsK1azfUUIZhiAtnz8tq4nEjR8m2JmwGGSNCzYnWrFotv6w/ceQYm0HGuIgXwN3bnrK/3ZXLV8iPyRzCDFKDyCWLl8NVnNjly1fUUIZhiIvCDJYoUADDBg0GdS1DsBlkjEZUZBQ2rt8ozSCNosNmkDEqVDJInZu7ODlj47r1spcBe5DmZpD6HaNe92lYOeqlnWEYCzSsW8mCBdG/Z+9kM8gwRoO6X6F+FdkMMkaHvki+cuUqKggzSKMM0dfF9iAdzKAZq1atlmaQhjFiGMbClYtXUK5oMfTq9gebQcawUB+HNOReaWEG6WtiNoOMUSEzSMMTUsngzh07HcsM0ji5zs7OcqxLhmEsUMej5YoVR48uXfkFyBgW6ih729ZtKCHSwsF9+2UfbAxjROg9cPHCJbi6uGLv7j2OYwapAdT6dZtQvrwT9otEzjCMhRtXr6Fc8RLo2r5DshnkfjgZ40D3ulmOpLJt63aUKlGSzSBjaGh4z1MnT6N8mXI4tP+A7IzaHqS9GRRs3rQFzuXdsEe4XIZhLNy4dgMupcuifcvWViWDtv9yjGEyJmQGE+UXkzt37JElg/v2HmAzyBgW+uj22NFjKCkyRocPHHIsM7hp41Y4l3PFjm071RCGYYjbt26jUgUXtG3Rks0gY0CUkkEah3nf3r0oUbwE9uzey2aQMSxk/o4dOy7NIJlCe6WFdDOD5cs4Y8vmbWoIwzCE5+07qFmpKlo1acZmkDEoSdIM7tq5F8WLFcfunbvYDDKGhfpmPnjwoDSDNBqPg5rBLWoIwzAEmcEqLq5oWLMOm0HGsMREx2LHjl3SDO7asZvNIGNYyAwe2L/fcc1gudJO2LB+oxrCMAxx764nqgozWKtqDatEz2aQMRbWZnDPTq4mZoyLVjJYrkxZnD19RqQFrZDAtqSLGdy2dQdcKrhizeo1agjDMMSDe/dRp0Yt1KhWnV+AjGGhamJqK1isaDFs37aT0wJjWMgMHhJm0KlsOVy6cNGxzODunftQ2b0ali9broYwDEN4PXiIBnXroW71WvwCZAyL9gFJ0cJFZOEBpwXGqMTExMi0QCWD1A8tjVlvD9LFDO7dc0CYwapYuGCxGsIwDOHt9QhNGzRkM8gYGmszuHXLVk4LjGGJjo7Cjm3bUF6YwRvXrzuqGVykhjAMQzx+/BgtmzRF9WrVrF6A3GaQMRbUt9r+fQekGaReJ9gMMkYlOjoau3bshFs5Z9y5fcduw5Smixk8uP8AqlWtjvnz56shDMMQZAZbt2wl0kfV5BdgkplHIGGMBZnBAwcOSTO4eeMmNoOMgVA6XtcKAcgM7t61Rw5HRx8YOpQZPLBvPypXqoyZM2aoIQzDED4+PvitTVs2g4yhSWkGt7AZZAwEmUBNNE53FLZv3QUX54q4c/uuY5nBQyKRV65UBR6Tp6ghDMMQT32eoWOHjqhauYr8ioxgM8gYCRqLOz4uIdkMcjUxYzzeNoOuzlXg6Wglg0cOHZYlgxMnTFRDGIYh/Hx98XuXrqhWpSri4tgMMsZDMYPxOHxIM4P8AQljNCxmMEqYwS1btqFyBXfc87znWGbw2JGjwgxWxaiRo9QQhmEI/+fP0bNHT1Svav0BCcMYBzKDCQkWM7hhw0ZOC2kEZTxTSFwLJq0hE2hpMxj5xoT1azfA1bkyHj7wEmZQCbc16WgGK2HIn0PUEIZhiBf+L9C/bz9U506nGQND9/7xo8dQuFBhrFu7Xg7Wz6QB5P1Si0ljKNLJ8CmRH/n6DVatXANXl8p45OUNs9mBzODxYydQpXIVDOg/UA1h0pokUzjMAV5IfHge8TcOIP7SDsSf3Si0AfEXtyH+2j4keJ6C2c8TSRFB4gf8VEgLXga8xJBBg1GtajXxAlSqiRnGaFBfaiePn0DhgoWxetVakRY4Y8QYkzfCDC5ftgYuzpUczwyeOnFSDrc1SLz0mLQgCeawACR4XUDs7qkwTWuCyGFOnyTT+OqI2TQCCbcOwxz8FEkJbFTsQVBgEEYOH4GqVaoiKsqkhjKMsaCqsFMnT1nMYAKXDDLGJPJ1JFYsXw2n8s7wevjIsczg6VOnUadWbfw5mKuJ7UcSIAxb/LW90sjpGbwvkWmUG2IPLwTiY7jU0IaEhIRgwpixshnFq1ev1FCGMRZkBs+dPYtCBQuJF+FKNoOMYaE2gytXbpJm0NvbwUoGz5w5izq166Bf335qCGNLzC+9Eb2yL0xjq+gaOZtKmMKo6U2ReP+M+teZLyFMGMDJEydJMxgcFKSG2ifxM0zGQ20vJSYXzl9A/nwFsHjhcm4zyBgWajO4csVauFaohCdPfJCU5FBm8Bzq1qmLXj17qSGMLTD7P0D0it6IHOmqb9zsrKi5vyHhzjH1aJjPISwsDNM8pqKSeyUEBASooWwGGaNAZlDpOuPihcsokJ/NIGNsXke8xuJFK1HRtTJ8nz2D2U5djaWLGaQcX4P6jdgM2gj6wCNmx0Rdg5Yeil7eQxjT++rRMZ9CWFg4pk2diopu7vB75quGshlkjIJaMijQzOCSRWwGGeMSER6BBfOWwM2lCp6Jd4JDmcErl6+iWdNm6NG9uxrCfC4Jt4/ANLGWrilLb8UdW4qkuCj1SJmPIVyYwZnTZ8LN1Q0+T56ooWwGGSOhvOw0M7h08TI2g4xhoXfCvDmLUKVSLfj5PncsM3j9+nW0bNkKnTt1VkOYTyYhDjGr++uasIykqFktkWQKUw+a+RCUC5wzew5cnCvg4X2tdJXNIGM8LCWDi9gMMoaF3gmLFixH9Wr14PvMwczgrZu30LbNb+jYoZMawnwK5lA/mKbU1zVfGVGmcVWReO+UevTM+3j9+jUWzJ0HZydnmU4U2AwyRoJGvgAunLsoPyBZMG8+m0HGsGhmsEa1+nj6xMHaDNJLrk2rDvitbUc1hPlYEp/dzlRGMFmj3BB/Yat6Fsy7MEVGYvGixdIM3rx+Qw1lM8gYiSSla5kz56QZXDifzSBjXMLDlDaD1arWw7Onfg5mBm/dFmawI35rw2bwU0j0vmyXPgPTUvFn1otnPZubd2GKNGHZ4iVwLu+Eq1euqqEcX4yRoHFxzTh/VjGDi+YvYDPIGBZqMzh/zmLUqN4AL/wD7DZedLqYwdu37wgj2AltWrdXQ5gPQX0HRo521zVYmU3xp9eqZ8WkRprBpctQvlx5nD9/Xg1lM8gYCXrZJcleJwoIMzhv7jw2g4xhkWZw7mI0qN9QDkpgL9LFDN6/ex8d23VDq5Zt1RDmfZhDn+uaqsys+HOb1LNjrImKisKa1atRtkxZnD6ptbNkM8gYCaXkg8xgntx5MGfWbMTF8fCXjDFRzOAi1KtdByHBwY5RMqidwv37D9Glcw+0ac1m8EOYQ3xhGpe5q4Z1NcqNPyrRITY2DhvXb5Bm8MRRrQNvNoOMkVDeFPQ1MZtBxuiEvQrHrBnzUK1qHQQFBjqeGezahczgb2oIo0dSrAlRc9romylH0OhKMIdpo2wwRHxcPLZu2YpSJUvhyMFDaiibQcZ4aGZw1oyZbAYZwxL2KgzTps5Ejer1EBIUrIbanvQxg3fvowNXE3+Q2J2T9U2UA4nGNU6KMalnzJAZ3LZ1G0qWKIndu3aroWwGGeOhmcHpU6exGWQMS0hwKCZNnIraNRvJsevtRbqZwU4du6Nt6w5qCJOaBM+TuubJERW3f7Z61kxiYgL27N6DEsVLYMf2HWoom0HGeGhmcMqkyWwGGcMSHByCSRMUMxgSEqqG2p50qybu3InN4DsxJ8I0sbaucXJUJT65pp68sSEzuH/3XmkGt23R+mVkM8gYD2kGc+bCxPETERfLZpAxEvTMV0Qlg5MnTUPtWo3wKtRBzKDGI69H+OP3XmjerGWyQWQsxGwepWuYHFlR87j9qIIZhw8cRPFixbB5w0Y1jGGMB5vBL+dhoA+WXdiKPzaPQbPlfVB7YVe4z/4NzjNaouzUZig5pZFUKaGy05rJ8Epz2qHOwm5ovqIvem+dgNWXdsIn9Lm6RyZtICOYKKdBQSEYM2oCatWshbAw+w3tmi5m0Nv7Mbr/3heNGwozaKfetDMr5qCnumbJCIo7tUaNBQMjksORQ4dRrEgxrFvD/TEyxkUzg7KamM3gR0GmbeXFHeixZSwqz2mfbPZsoWrzOqH3tglYf3Uv/MMD1b/I2AdrMxiMUSNGo2aNmo5nBh8/foIe3fujYf1WbAatSUpC9PKeukbJCDJNqSfufUoAxubokSMoWrgIVq1YqYYwjPGQZjDXr/BgM/hBTntfRfu1Q3RNnL3UdcNIHPA8jfDo1+pRMLbDYgapzeD4sZMds2TQ54kPevXsj/p1G7MZtCLR57quSTKS4o4tUWPDuJAZLFKwEJYs5rhgjMsl/oDkoxm6Z4auYUsLOU1vgfmn1yM0MsxufeAZD4sZpDaDE8dPQd3atWUH1PYi3cxg714DpRlMNNNJE9rUuMSsH6JrkIwk6mAbcTFqjBgTMoOF8heUA/QzjFG5cvESfs2ZD+PGjuOSwQ+QnmZQU9mpTTHh0CJhCPld/uVQHJKS1DaD41G3Tl3HM4O+T33Rv99gcXINkRCfoIYa+wYyBz9F5EhXXYNkLDkj4d5pNVaMCZnBAvnyy/7VGMaoUDUxmcHhw0cgNjZWDWX0yAhmUFOVue2x6pLWLRbzZSTJauKxYyahft0GjmcGn/v6YWD/wahdsz5iorVSIGObwdjd03SMkTEV5dEASDTuwPRkBvPlzoNJ4yeoIQxjPMgMZs+WG8OGDhNm0Ni1BR8iI5lBTb+tGYy7AY/UI2Q+l6DAYIwcMU4WnjmcGfR75ivM4EDUrFkLkW8i1VBjm0EaiUPPGBlV5pfeaswYDzaDDKOYwRzZ87AZ/AgyohnUtP3mYcQZOHP/pQQKMzh8yBjUr9fIAUsG/fwxYMBQ1KheCxER2pdIxjWDZv8HuobIyIo/Y9xuVTQzOHniJDXEAUmIQ1JMJJLehCIpPFCOUW0Ofa5IzFOYXBfzRm7LGI9LF6/g15z58eeg4WwGP0BGNoOkPtsmIiouWj1a5lMgMzhi+Fg0qNcM4eEOZgb9/QMw5M9RwgzWZTMo4A9H3lbU9CZq7BgPzQxOGDdODXEMkt6EIO70WkTNawfTmCqIHO2utJMdXkHI2XL9aZ7CaN0od7lt1NzfZD+USa/tN1A7k7G4cvka8vxaFAMHDGYz+AEyuhkk1V/cXT1a5lOgD0jGjZns2GawZo26XE1MQ89NqZ/CCLEUUQfcRoTMYP6cuTB6+Eg1JPOScP8Molf1h8mjgWLwdK7zJ0nsg/YVvaofEu6dUv+K4xAW9Vr23TZ87yzZ5qrBkh6oMrcDKsxoiTJTmyS/WGmewqqKdQ3FNrTtyH2zcfDeGYSLfTgCVy5fRe5c+dG71wDExPAHJO8jM5hBUs0FXRD8+pV61MzHoI1AIs2go1UTkxkcNmQ06tRqiChTlBpqUDMYH4PIURX1X3wGV/yVXWokGQsyg3mzZ8eIIUPVkMyFOdQPsYcWIGpqQ93rakuRMYw9OA/mEF/1r2c+bj5/gNkn1qDN6oHC5DXVfYl+iqiLj7arB2HOybW47f9Q/SuZj6tXriFvbjKDfdkMfoDMYgZJ1eZ1hE+wn3rkzIdIUU3saGbwZUAgRo0Yi5o16hm+ZDDx8VXdlxzLCTE7JqqxZCzIDObJlh2D+vVXQzIH5lf+iN0zPWWVbxoqdvdU2eYwM0AlgLvvHEfT5X10X5i2VIsV/bDnzolMN1LEtavXhRksxmbwI8hMZpBUZ1E3vOQmHx8FlQySGaxfr4njmcGAFwEYOWIUalavhTev36ihxjSDMVvH6r7YWE6ybZkRITOYS5jBAb17qyEZnLhoxJ1YrnsN00NxR5fIY8qImMRxrby4XfcFaW+V9miC1Zd3ZZqG/GQG8+crgJ5/sBn8EJnNDJIaL+uF6HhuC/ohZMngsLGoVbOR4w1H98I/AMOHjVS7ljGpocY0g6Zx1XRfaCwnmEZVVGPJWJw8egy5s+dEnx491JCMS6Lv3QzZ5tU0uS4Sn91WjzJjsOXGIbjMbKX7YkxL0THsuHVUPaqMy3VhBgsVLIx+fQazGfwAmdEMklqvGqieAfMuZMmgo5pBqiYeOXIUqlergdAQrTGp8cxgUmyU7ouMZZE5xHhtS06eOIEiuXOjZ7ff1ZAMSEIcYvfOSLcq4Y8VdeaO+PQ1Es9e+csPPPRehump9muHwC8sQD3KjMfNm7dQvFhp9Ondn83gB8isZrCUR2PMPb1OPQtGD80MUrM6BzSDQRgzeiwqV6oK/+faw8iAZjAiSPcFxrLIiEPTnTl1GiULFET3Ll3VkIwFtQ2MXtJN93plREUv6pIumYr4xHisu7JH9yWYUUQv443X9otj1YYFzThIM1i0FHp27yXMIFcnvo/MagZJdA/efeGlngmTmsCXQRg+dAzq1G7oeGYw8GUwRo+aIMxgNfg+owbfSULGM4NyPGKdlxfLovhzG9XYMg6KGSyAbu07qiEZB/pqN2paY91rlZEV5dEQ5iAf9SzszytTBPpun6T78suIGrjTA2FREerRZwwUM1gcv3ftzmbwA2RmM0iiPghNsVrPIow1VJM67M/RaNSwseP1M6iZwSqVq+KF/0sRQkaQRKbQOCTyyCMfVOzemWpsGQcyg8Xz5UPnthnrAxoaFcQ0torudcoMMo2uhKRX9v/amD4SoZeb3ksvI6vR0p4Z6uOS2zduokSxEujaqQubwQ+Q2c0gaeFZ42X8PwbNDDZu1MQxzeC4sRNQtUpNvHwRJEI0M2is0sFE3zu6Ly2WRfS1tdHQzGC7Fi3VkPTHHPgEkSPddK9RppI4B/ML+/W9Z4qOQtV5HXRfdplBNeZ3Qmxsxhj+TzODHdq1R3Q0D2X2PhzBDJab1gzPw6lwiLFGM4MO2c9gcGCIMIOTpRl84R8oQgxqBn1u6L+wWMmKWTtIjS3jcOH8eZQtUizDmEFzwCOYxtfQvT6ZUabx1WF+fl89O9vxLNQf7rN/033RZSZVmtMO/mH0XE5fyAyWKlkKXTt2Qkw0lwy+D0cwg6TR++eqZ8RoUNcyZAbr12vkeGYwJCQUEydMQeVKNdQ2gwY1g0+u676sWBZFrxmgxpZxuHThApzFS7BV46ZqSPpBH4uYpjbSvTaZWTRyCY2UYivoq9xaC7rovuAyo2ov7Ar/CKq1ST/IDJYuVRrdOnM18YdwFDPoMrM1giPt95FEZoQ+uCUzWKdWA8f7gCQ0NBRTJnvAvWJl+Dym8WcNaga5ZPCDMmLJ4OWLF+FcqhSa1K2nhqQTCbGy42+96+IIiprTxibdzryKikCTZb11X26ZWc1W9JUjpaQXt9SSwS4dO7MZ/ACOYgZJI/bOUs+KIYICgzFyxDjHrCYOexUOjylTUbFCVXg/eoIk+d2IAc0gtxn8oGK2GK/NIJnB8sWLo071mmpI+hCzZYzuNXEkxWwYpp7t52FOMqPd2iG6LzVHUJcNI+Q5pgf0NbFsM9i+A5vBD+BIZrDqvIzXi0J6Qv0Mjhk13hE/IDFLMzjNYzbcK1azMoPGg78m/rCM+DUxmUGnkiVRw72yGpL2JHpfQeTwCrrXxKEkzjHx4Tn1rD+dSUeW6L7QHEWlhKYdW6Gebdpy6+ZtaQbbtW3HH5B8AEcyg6SLT2+pZ8YEBgZh2NDhqF+vgeOVDL4KfQWPyTMNbwa5n8EPK96A3Q1cvXIFFUqXRhVXdzUkbUkyhcE0prLu9XBEyS5n3oSoZ//xXPP1lF9A6r3MHEnlpzXHbX/7fYH9Lu7cvoPyZcuhTatWbAY/gKOZQeqayWhdzb2LgJcB+HPQIGEG6zueGaQTmkolg25V8cjrsWHNYFJEoO7LiWVRwr1TamwZBzKDLmXKwKVCBTUkbYndOVn3WjiyYrePV8/+44iIfoOKs9vqvsgcUfSV9JuYSPXs04b7np5wc3FDq5ZsBj+Eo5lBUqjJfsYnM6GVDDao39DxzODriNeYPWsOXJ0r4+GDR6oZNJ4jTIo16b6YWBbRiBdG49q1a6hY3gnlypZVQ9KOxGe3da+DEUQfdH0sM06s0n2BObLmnFqrnn3acN/zHiq5VUTL5mwGP4QjmsG7Lx6pZ2dEqJ2u4omCgoIxdvQYNGrogF3LvHmtmEGXCm64d++BMIPGLQ7OzCM62FumUW5qLBmLWzdvobJ7JZQpU0YNSTuiV/TWvRZGUPQyqpr6MPdePtZ9eRlBXkHU+0Pa8PD+A1SpVBnNmjRFVBSbwffhiGZwwZkN6tkZEcsHtWQGx4yifgYdsM2gZgadnSrg9q27hjaDRvhi83NF3ZoYkbt37qJejZppbgYTH10S8e781nUwjpyR+PC8GhvvZsAOD92XlxE0ZPcMNRbsD5nBym4VUa9uPTaDH8ARzSB1bWRcLGaQOp0eMXyEY5rB16/fYM7sucIMuogXn6ehzWCC92WdlxKLFLN9ghpLxuKe5z00atAQZUqXVkPShujlPXWvg5EUvbibGhv63PC9h1IejXVfXkYQnfut5w/U2LAvZAYrurqhZpVqwgxGqaGMHo5oBkmRsUa97m+bQcoUOZwZNEWasGD+Irg4VYTn3XuGNoOIj0HkqIq6LyajK/7yTjWSjAW9BJs2boISxUuoIfbHHPZS3IcOMPbwl4rGLg4LUGPlbbpvGqP70jKS+mybqMaGffF6+FBWE9esWp3N4AdwVDP4NNRfPUOjYW0GlQ9Iatao7XgjkJhMJixasBQVyrnj9s07xjaD5kSYptTTfzEZXOYgHzWSjIU0g03S1gxS58t618CIillDo968/Ux6HWOC0/QWui8tI4ni4I2IC3vj5eWFqlWqomblaogysRl8H45qBq/53lXP0GikNINDhwxD3Vq1HM8MRpmisWTRCri5VMGtG7eMbQYFMesG676UjCzTtMZq7BgPMoMtm7VIOzOYGC8yJPWVEmoWTBNrIynu7TZqYw/OR/npzVlCk48sUWPFfpAZrFG9BmpXrQ4Tm8H34qhm8OhHtOF1TFKaQaombli7ruNVE5MZXLZkJdzdqhn+AxLC/PyeriEysuJPr1Fjx3g88nok+1ZLy5JBhslokBmsXasWalXhauIP4ahmcM+d4+oZGg2LGVS+Jh6PhnUc1AwuXrQcFcq748a1m4Y3g0TU9Ca6psioMr80bh9TZAbbtm7DZpAxNN7e3qhbpw6quFcS7wz7V0tnZhzVDG6/eVg9Q6NhMYPBwSGYMH6CMIOO+AGJ2mawfBlXXL58lc2gIHaXh64pMqKoypKqLo2K9yNvdP6tvWoGOW0wxuTJ4ydoUL8BKlV0ZzP4ARzVDG67eUg9QyNBJjBRnVqZwRRfE9v+vZBuZnDxwqVwdqqI8+cusRkU0McSkSNcdM2RseSMBM+TaqwYkyfej9GlYydpBpPM9FBgGOPh8+QpmjVphkpcMvhBHNUM7rx1VD1DI6GVCipmMCgoBCOGj0W9utpwdOSXlHW2JF3MYHR0FJYvW4YKzhVx8QKXDGrwhyROMI2rBug03jcSPk980L3bHyhWrBgSE4xbQsoYm2dPn6JNy5aoXKkym8EP4Khm8OC9M+oZGhfZz+CwsahVUxuOjvyS7QsJ0sUMxsbEYtWKlXI4OjaDFhKfXNM1SEZS3JFFamwYF9+nz9C7ew9pBhPi098Mvgq1X3cGDPMu/Hx98VvbdmwGPwJHNYNnHl9Vz9C4UMng6JHjUVuYwVeyaxlHMoNxsVi7Zi1cnCviwnmuJk4myYzopd11TZIRZJpcD9TvotHxe+aL/r37SDMYH5f+ZvC5n1E7fmXSEzKDHdq1lx1Psxl8P45qBj0DjPshoQaZwbGjJ6JBvWZqxtyRzGBsLFavWo3y5dxw6uQZNoNWyLaDOkbJCIo7uUqNBWPz3NcPg/r1l2aQmlQwjBEhM9ixfUc2gx+Bo5rBwDeh6hkaF2kGx0ySJYNhrzQz6BBtBs2IiYnFiuVrUK6MC44dOcFmMBUxG4frmiVHVtTcturZM/7+/hg6+E8UK1oMb968UUMZxlj4iUxRxw6d2Ax+BI5oBstPa87eQKBVE9eq2VA1g4Tt4yVdzGBcbDzWrNqAMqWdcejgYb7gqaEh6ibU1DVNjqpEbhuSzIsXLzBi2HCUKF4cEeH261eKYTIyz5/7o2uXrtIMRrIZfC+OaAYH7Zqqnp2xoa5lqGSwZo16CA15pYbannQxg1RNTGbQuXwlHDvKJYN6JNw5pmuaHFGxe2eoZ80QAS8CMGrESFlN/OqV/RI/w2RkXvi/QI/uPdkMfgSOaAb3eZ5Sz87YhASHYtLEacIM1kZIiP2qzdPJDMZh/drNqOBUBcePnmQz+A5it0/UNU+OpKhpjZEUE6meMUMEvnyJcWPGSjMYHByshjKMsQgICEDvnr1QtXIVrib+AI5oBn3DAtSzMzZUGjhl8gxUr1ZTzDuYGYyPT8DG9VtSmUFNjEZSrAlRs1vpmiiH0OhKMIe9UM+W0QgKDMSEceOkGaRxKRnGiLwMeIl+ffpJMxgZyWbwfTiaGSzj0QTR8bHq2RkbMoNTPWaiZrU6jlcymJiQgC2btsO5vLtVNbGlx23Ggjn4GUxjq+qbqcyskW5IuHtCPUvGmuCgIEwcPwFFixaVVcYMYyyUQoHAl4EY2G+gNINvXvOHVO/D0czgxMOL1TNj6KMRMoP1a9R3PDOYZE7Czu27Zcmg5QMSNoPvggyhrqHKxIo/u0E9OyY1ZAanTJqEokWK4IU/9/HHGAut2RCVig8bMgxVKldFRESEDGP0STAnIi4h3mFkTmIvoEFmcMb0WY5pBhMTzNi2dQecylXC/r0H2Ax+BGb/B4gc7a5rrDKb4rk/wfdC7UKmT/GQZtDPz08NZRhjQe1lRwwfLs1gWPIA/QxjLLRqYjKDwUEhaqjtSSczmIjNG7ehTCkXbNuyk83gR5LodQGmcdV1DVZmUfyp1SLrz9f5fZAZnDF9OooULoynPk/VUIYxFmQGR40YIYejs2fDeYbJyFBpoMeUGY5ZMmg2J2Hr5u0oXqwsNqzbzGbwE0h8ehOmyXV1jVaG1kg3xF/Yop4F8z5CQ0Mxc/oMFBZm8In3YzWUYYyFLBkcNhyV3CshMDBQDWUYY6G1GaxXs2FyySA5JqUxhe1InzaD4v9dO/agTOmK2LxpR3IbEebjMIf4wjSptr7pyoAyjamMBE/+WORjob4F58yajcKFCuHxIx6bkzEm1HZ2+NChcK/oLvscZBgjItsMTpuF2rUaISgwSPolhzKDu4UZLFe2IrZt28tm8HOIi0HMqn665isjKWpmCyS95u5RPoXw8HAsnL8AhQoWwqOHXmoowxiLkJAQjBkxUprB59x2ljEoWslgrZr1ZLdjjmUG5dfESsnglk1am0Hmc0i4cSDDDl0Xd3iR7CvRXjjqfUPdaCxbshQFCxTA3buenD4YQ0IfjXhM8UAlt4rwfearhjKMsQgX6WDu7IWoWbUOAl86Wsmg2rUMmcGtW3bxy+4LSQp/iZitY3UNWXooeukfMPvdVY/OftB9JBOGlOO0N33zJhIrV6yQZtCTzSBjUOglON1jGtxcK+LJ4ydqKMMYi/CwCMybsxi1HNIMipPZsX0XypetiJ079vDLzkYk+t0TRqw7Ike66po0eytqdmsk3DqsHo39kWZQKCEhEXFx8XLeEYgyRWH9unXSDN65dZvTB2NIqLnEzGkz4FLBFQ/uP1BDGcZYhIeTGVyE6tVqICDgpWOZQWLP7r3CDLoLM7ibX3Y2xhzwCNHLesA0ppKuabOphPE0eTRA4r10HFRc3D6aMXQEYmJisGXLVuTPnx83rl/n9MEYEupoes7M2dIMPrz/UA1lGGNBJeTz5y5C1SpV8TJAaTNoD9LNDO7bexBurtWwedN2ftnZA8o9xEYh/spOmMZV0zdyXyDTSDfEHpyHpOg35MTUP8rYgujoaGzZvEWawSuXr3D6YAyJNIOz5sPNxRUP7nHJIGNMIsIjsGjBMtSoXhP+/v6yaz57kG5mcO/uA3Aq445VK9fwy87eiPg1h/oh4d5pxO6YBNO0xroG730iQxmzYRjir++D+eVjJPEg4nYjOioaGzdsQr68+XDhwgVOH4wheR3xBvPnKWbw3t37aijDGAtrM+jr6+tIZlCp7969ay9KlSyPNavW88suHUiKDJND3JFBjL+6G/HnNyHu5GqhVXLc4PjLO5Fw+ygSn91GUnigNJRM2hATHSNLBvPmyYuzp09z+mAMCZnBBfMXwrWCCzzv3lNDGcZIJAkz+BpLFq+SZtDPscygwu5du1GmVGlhBlfzy45hrJBtBoUZzP3rrzh84CCnD8aQRL6JFC/BFXBxroBrV6+qoQxjJJJEpojM4GpUdq+B534OVU2ssHfPXpQvRyWDbAYZxhoyg1u3bEWunDlxQKQTTh+MESEzuHzZcjiVd8LZs+fUUIYxFlQySNXEldyrws8RzeDB/Qfg5uqGFcuX88uOYaygbnKoyyUyg3t28df2jDExmUxYuWI1ypUth9Mn07G3AoZJN5SSwaVL1gi/VBk+Pk8d0wxWcHLGkkWL+WXHMFaQGdyzZy+XDDKGJjomGuvXrpdm8OTxk2oowxiJJDki1fLla+DqXBleXt7CDNqn9450NIMH4VLBRbYJ4Zcdw1ggM7h7504uGWQMDZnBDes3oGyZcjh25KgayjBGQjGDK4QZdCpbEQ8fPHJEM3hYmEE3WRfOLzuGsSBLBncr1cS7dvBwjYwxiYmJxebNm1G6VGkcPHBQDWUYI6GYQaomdi7nDm/vx45nBqnT6XJlK2DRwkX8smMYKxLiE0T62IccOXJg++YtnD4YQ6KYwS3SDFKzCYYxHooZXLl8DVycKuPJYx/HazN4YP8hVHCqKMzgUn7ZMYwVZAYP7D+AHNmzY8uGjZw+GEMSGxuH7du2o0zJUti9m80gY0TUksGla6UZ9H7kgCWD+/cdhFM5NyxZzF8TM4w1iYmJOHjwIHJky4b1q9dy+mAMCZnBHcIMlipREju271RDGcZIWD4gUcygI7YZPHAYFZwqYeH8JfyyYxgrzOZEHD18GNmy/oKVy/kDK8aYxMfFyzazJYUZ3LJ5qxrKODr8vLMmCZFvTFi9egtcnarA6yGZwUQRTobQtqYw3czgkcPH4O5WDXNnL0CSnZwuw2Q26DFI6eHYkSP4RZjB5Uu5GQVjTKQZ3LkbJYqXwKaNm9RQxtGfB0l2ahOXOVHM4MqVm+TXxA/uP4Q5kcygZghtR7qaQWcnd8ycMc9uDSIZJrOR2gwuYzPIGBQyg3t275NmcN3adWooQ88Dx30miHNjP2CFYgbXrt0Gd5fqePjAy/HM4KGDR9gMMkwqlJRgxonjx/Dzzz9j0bwFbAYZQ5KYkIAD+/ajeNFiWLVipRrKSDMo3pmOZpoc9by+jCRERUVh+9ZdqFyJzOBDtZqYZFvSzQwePXIcbi5VMXXKTHFyXE3MMIT2GDx54gR+/uknzJs9h80gYyjobiclJppx5NARFC5YGAvmL5TrmJSmyVGMkyOek21QzODWrTuEGayCR15e0gyKWJJpxJakmxk8dvQEKlWsiRlT53DJIMMko2SMyAz+lOUnzPKYzmaQMRR0t5PMwgwePXIUhQoWwry5c+U6RiAiR5onVY6CI57Tl5MEU2QkNq7fBDdXN3g9pJJBc3IasSXpZgaPHzuJqpVqczUxw6TAYgazZMmC6ZM9OKfMGArtRUf3/bGjx1GwQCHxnpgl1zGM0TCZTNi0YSNcXVxx79592WZQSyO2JF2rid3danDJIMOkwGIGf/zxR0yZNEnmBBnGKKQ2gwXyFYDHlClyHcMYjagoYQY3boazkzPu3vFkM8gwxsBiBn/4/gdMGjuezSBjKFKbwbx58mGcSAcMY0SihRncukkxg3du33FUM1gdHpOn8cuOYZJJaQYnjB7L6YMxFMlmUPx34vhJaQZHjxwt1zGM0YiOjsLOHTvgUsEFd+/cdTwzSDk+1wqVMW7MRH7ZMUwqpBn89luMGjGS0wdjKLSXHE1PnTyFvLnzYvjQ4UogwxiMmOho7N61By7OFXHntgOawRPHj6OiW2WMHTOOX3YMkwoyg98KM/jnwEGcPhjDcubUKfya61f8OfhPNYRhjEW0agady7vj1s1bcux6e5BuZpC+JnavWEmYQW4TxTAWlLRAZvCb/36D/n37cfpgDItmBvv16auGMIyxiImJwd69+1FBmMGbN246nhk8eeIkKrtXw/gxk/llxzDJWMzgf//zX/T+ozunD8awkBnMlT0nevfsrYYwjLEgM7h7116UL+uKq1euOZ4ZPH3yFKpWroExI7nNIMNYsJjB/3z9Nbp3+53TB2NYyAzmyJYD3UWmiGGMiGIG96BcGRdcuXwViQkOVzJ4Cu6u1TFyOFcTM4wFixn89r//Rc/f/+D0wRgWMoPZfsmGLp27qCEMYyxiYmKxZ/deaQYvXbyEBEc0g5Ur1mQzyDApUNLC6RMn8cM333I1MWNozpw+Lc1gp46d1BCGMRZkBvfuPeC4ZpCqiSu51cDQIaP4ZccwqTh96jR+/PZbdO3UmdMHY1jOnT2LrD9nRds2bdUQhjEWsbFxOHTwEMqVdcXFixcds2SwQvlK6Nd/GL/sGCYVZ8+Il+D3WdCxXTtOH4xhITP4808/o1WLlmpIZoDSq6YvgXqSs+zr3f3KWf890seQ+jcpZbt+7FKew7tEo82kVspt3l6fJJ+LqmxysJa/pQeFWutzSb0fPSkoS2QGD+4/LD8guXj+gjCDCSJciTNbkm5mkHqWL1GsFGpUq4X16zZi44ZNWLdmIzas34j16zdIUdjmjVtTaOsWRVs2bRLaLOe3bduGbZuVcJpq223fsg07tu7A9m27pHZu34mdO/bIxpi7d+2T86R9e/bh4IHDUnv3HLDSXuzbvQcH9u3HfjG/Z/du8bvdMmzf3r3Yv+8A9u07mPxbmt9P2n9ILh86dARHDh/D0cNHcVg4+4NiPzL8IIUfkesPHrD8nrR/n/Jb+p21jh4+LqUsH5VT6p7n+LFTVqJlsd2RlL89fvR48jYnxDb0JTdtRzqpSYRR1SSVSJ09fRpnxJSWaUrG5MzpM8p6NYyqb6h0V/s9zdNvk/chfnNW/Ebu5+RpnDqhrlOV/HeF6F44deKM1AmxjpTi+MSytl4T7YPOV/vtSbF/630qv1H+znERH8dEnB07ekxZlmFHRVwo29Lfsz621JLnq52btkznT2Ga1HXa39R0QvxN+lt0DFrYcTVMHpPQUXEvHDl0WN4jmqZN8ZBdy1R2dcMxuo8OKuvpvqHt6feWv6GcD63T9qf8TUUURus0aX9Xhou/e0TdL+2HjveEOFbtt9bHS9KO46j4nRambWct632kXn/q+Ink+NJE4dbzJ8U22vYUdlbE8TkR55rk/SUk58V9dv7cuRS6cO48rly4hEsXLooH6Nu6cvGSIrENLV+6cBlXLl3BtStXpWj+ymURpuoqhYnptativRAtXxdTRddw8/oN3Lh+Xc5ry7du3kzWnVu3U8jz9l3cv+uZQg8fPJR69NALj7y84P3okTIvl73h7fUYTx4/wdOnT/Hsma+ufIWe+/rh+XN/qRf+/gjwfyH1MuClMv8iQM4HBQYhJDgEoSEhCA4KQVBQkJgGS1FY2KswvI54jdevFb15Q3qDyMhImFIpKioa0VEx4sUVi/j4hGRRY3eSHHKUhhT5RM6dPYfcOXOhZfMWakhmQHmJW/S5WJmdZKUm9d/62L9H2+ntX5OtSP13rI9TlU6QVOqAFItiX5pkgC1Qd26r3X0xyoFIM3jgKJzKVRTPNc0MJorVdO62I93MID2wS5cqjf/7f/8vfv45K376MTuy/JBd5AKzIatQ9mw5kDNHTuTKmQ85s+VFjp+VKSl3jl+RT6zPlz0H8ufIjfw5c4vlXMidPQ9+Fcou5kl5sucW2+ZD3lyFpPLnKoyCuQoif95CKJSvBArkLYoCIrxQwSIoXqQ0ihUphSKFiqNwQaECxVAgXxEUzlcQxQqJaUHx+7z5pAoUKIjChQpLFSlcFEWLlEj+LYmWSxQvKVQG5UqVR9lS5VCqeAkUL1RUhpcsUVKcexmUKllKLhctUhzFiop9CNF8cbEvWk+/K1tSEe2nTCknlC1dTq4rU6osypV1RvlyznKaQqXLq39XmWrhNLahs1MFZVq+PJzLlUeFck5wEcuuQm4VXODuVhGVhGhKyxVdLcuuzhXgUsE1OczNxRUVyoow+q2LG9yEcaGwimJK60kVk8Pd5O/p79D2JHkMQhUovEIlKdp/8vHROtq/CHOt4C7X0zFp0wrinFycXMS82LfYPy3L36T6G05ly0o5lyuXvG9tuYKIP+3cXUXc0JREv6Xjlcva+arrKC5IFA/y3MTxWf/O+tzobyT/fZ2wsuIeKFuqFMrQPSHuEU2/Zs+J//E//gf+8Y9/wKlM2eRwbXs6V4obRU6WfVmpXOnSMrycSGdyWZ2Sypeh+0uZ1/Yr48fq2EjWYdpvafsyJUqk2C55W/Uc31onwlyclHtNxq1Q6jjTVKG8ZTuSFufaPUWq6l4JVStWUubFtJp7ZVSrXEWZkqpURc1q1VGzeg1lajVfQ6hOrdqoW6sOatesJcNr1ayJurXroG6duorEumRZh6uqV7cuGtarj/pCjeo3eEtNGjZGs8ZNktWycXO0aCrUvLmcb9OqFX5r1QbtWrVNVofW7dCpQ0epLp06J6tzx07KtFM3dOvSFT26d0fPHr2Eekv16tkbvXsp8zTt26evVP8+/TCo/0AMHqDoz0GDk6ekoX8OwcjhI5I1YugwKZofM2Ikxo0Zi4kTJiRr0sSJmDxpMqZMnoKpU6zkMRXTp07DjOkzMHvWbMybO1donjqdiwXzF2DRgkVYvGix1JLFSz9aw8Xx/JzlJ/H8KodVK1dijdDqlauwUmj50mVYsWwZ1qxajXWaVq/BujVrsVbMk9aL+U0bNmLT+g3JokKE7Vu3YdeOndi9c1ey9oiMPmX4SftE5n8/Zfj37sOB/ftFBv6gyLyLjJqQzECpOi4yVCTKWFLm9JTInJ4+KTKrlDmWU6FTp0QG8hTOnz2LS+cpgyIkMiKXzl+QmQ7qO+7mDZF5ENNbN29L3bl1B7eF7t6+I+fvigwEDUV2z9MT9+7dx/17IuMgMgneMpMg5P1EZB4eJy/LTIPPUzx94iOnfiKD4P/8hcgcUGZA0cuAwGRRxkDLCISIjEBo6Cu8Cg0TGYJwRIRHWCQyB2/eCPNvipIjY9CXrjRvMplEZiAacXGxUrExyjQuLl5O4+PjhOKRmJggazqSbGxkHBmlmvi4SAOuIgN8XpjBeBFKVcUOYgb9fJ9jzuzZaNeuPTq16yIfdJ07/Y4unbvij9+7S/Xs0VOZ7/THW+rR7Xf5pSVNf+/SBV06dJb7+ZA6tu+MDu07ooN44LZv11XMd0a739qxWBlOHXXCHF2/tf1NN/xDatP6N2Gw2oqpkJi2VkXLbdv8JubboFXL1im2aSt+Q3+vVctWUq1btU6eT1aLlmipqnmzZkJk6FrI+caNmlip8XvVqGEjNGzQQJrHBsIsauENxTyF1atTD3WEMVWMZr1k1alZWxjYGsLcVktWdVLV6qhdo6aYWoUJVRImuVJF92S5W8nVWWR4hFwoU6ca7fJlykmVExkOTWVLlxUZ1dIi01oKJUVmtVhhkRlWM7+6EhnlgnnzC4mMcp68yPNrnhTKJTL12bNlkx+C5BQZeNIvWX8Rmf6fZXtAmv85y8/4SZg+UpYfs+D7777HN998kxxG43T/+N/v8CNNhb775jv85z//kX1xZv32+1T6wTL/QxZkF3/DWnmyZUf+HDlQLH8hlBHnVixfIRQtIDL24lxKqSouMvnFihQT5y4y+0LFixZDCbFcsmhxlC0uMlPFSsK5ZFlUEBl2kruI04pClURmuJJrVTGtIptBuVeoAncR5u7iLjIw7qipZlJqUeZEzNM1bCQyDpqaiHuC1LypuNeaivuumbjvxHwLcb+1Evdd29Zt8Fubtmgv7nl6l3XuLN6dHei9+bvIKFj0R9ceMsPQ44+e6CWmA/r2w0DKFFBGYPCfUkOHjJAaNmQ4hg0dgVEjRmPE8OEYLabjRo8XmYHxmDB+MiaJDICmyZOmCOM/HbNmzMTc2fOE5mL2zNlyeY7ICCyYvxAL5s3HvDnzxXQBFopMAC2TFi5cLAz8UqkVy5dj5Qph6j9Tq1aIjMGqVVKWsFVYKzIJ64TWr16LDes2YL3Ueila3rhBZAg2UY2jkMgUbNu8RWQMtmO7rElUtGPbdiVzsEPRXjFPNYGyNlBkDpTaPEXUlu+YrG2x0pGjUrJm64RSW3TqxKlknT15WmQMzuGCyAxQDQbp4rkLshbj2uUruHHtuqyduHrpMq6LeaploPgtUaw0zp05aykZdBQzSCQlJbEyocw60tvOWto2H7u94ytRJ4xFuV5qC6S3LrWs7yP6XZzIQcfHxSNeTOkLvORlIcpdUzVmfByFKUqIj0/+Ha2j30THRCMqKipZVOJBinwTidcRb/DmtaKwsHC8Cg2VUkpRQhEcHCxFpSyatLCXL19K+fu/kNLWBwQEyOrcZ0+fwueJj9BTMf8Mvs8UURhVHd+94ylLiO7c9oTnXU88uHcfXiL8vqenLDWiMCpFun3zlniB3LCIqrOF6CVz4Yx4AQmdP30WZ08pTS1OHj4mdeLQUZygpgMHj+DwgQNSB/YfkKVju7bvwDbx8iRt3bhZvEi3JGubWN6yYSM20gt3zVqsWbkaq5avwEqhFUvES19o6cJFwhzMlVo0d77U3JmzMHPGDKk5M2ZhhsdUeEyejimTpsNDmI6J4ydg1MhRcjp1igfGjR2HIcLADBo4MIUGCvXv3ee96te7N/r06iXn+1AJandhlISst+kt1mvS1pP+6Po7unbsjE4dOqBDu/ZSNE9hKdSpa/J8x/ZdxXadpGEjUWZEyZC0TiEyd5SxkBKGr0njpkJKxoKmqSUzDw0oU2ERZSSkqMS6dl3UrlX7LdUSmYwa1WumUFVhRK1VyV2YVquMAy1Xcq8s591cXZPlSrVBlJmQmQpFTuWdpMqVLoPSJUuhlMhEpFaJYlTzJcy1kJaB0FN+kamwFo1LnVtkKDRRRiKHqtzZc0plF5mJX34SmQohMvs5hH7NJtbnyi1+k1dsmxO//Cy2+zkbcomMQJ4cuVJK/I3UYYV//TWFiubNi6J58qB4vvwoWbBoChUvVlxkDoqjdCGRWRDLNF9CSAsvLzJYVLujTUluIt5kbRPVnAlVcamI6hUroVbVqmhQp464bnVQQ2QCG4r55uLaFy1SFIVE/FCapQ9I6JnnUGYw86JdCMcs6pYvV9nexzHPjyG0+/dTGshov/nU++JzfpMxIGMaJ4wjtYWTD2CKLproKqVZtbWo3R1JL9x6/t0yf5ZoxAO7iNoTWs9biUo/NKVeTmtR9eYni6pHRSaDFCMyGCSqRpVVqpEkkcEQoraYERFKFWx4WJjIWFAbTiVjQZmF0JBXCAkOTZbMQLx4iRcvAqSeP38uq4CfiYwDZSKoSvjxYx+hJ/D2oqpjIe8nMkNx3/Me7qnyvHtPZDDuicwFZSBu4+b1W7JESmYcrlxT5q9ew+VLly26eAkXz53HGcpIaKLqcGFQqJr8iMhI7N+7X7bB371zP3bvEtq5C7t2CYnpju3bsZXa+W/ahE0bNmDD+vUptH7tOlnSt2rFimStEJmKZSJDISUyFYvmL8B8ylhQc4TZc6Rmz5iJ6VOnynbW00RGgjR5wkShSbJZw+RxEzBm5GiMHDIMo4dSyedIDBsyFEMHDcYQocEDBmFQn34Y2KevnA7o3VeqL2USRIag1x/d0bPz7ynUXWQSKKPwe+eu6CZrJTugo8gkdGzfHu3bUQ0H1Ui0kdLmW7cWmYDWbdCKMgNi+rFqI35Lv6EmIJ537sr0Yo9nasY3g+Ihq/yXWtbohVuHpdaXol0IkrpPuVtt/9ZhH0Oq36WJUqEGRZlMskRh04ZNOHXytHwYpiviBff28WphqcM1rNdb612o69+3iU3QjuNz9Am892faCuv792Oxvu81tP29T9Z/62OlYT2fdrx+/QYXzp/H9m3bsXbNGqn9+/bLFy6Zk08n1fmlz2kxDJNp0J4X4n+RKYuJjpEZPiXAss5WcMkgkwzlUnft2I1aNWrh//yf/4PKlarLKjKGMRpUWkIfG1E6oI/c6GOer//9NYb+ORR+z57JEjOGcXRev46QpX/79u6TmaHzZ8/Lr8yTTQljP9I4itkMMhJqh3Dq5EkUL1ZCvvj+1//6X3BxrsRmkDEk9OVmowaNUKd2HbRu3ly2e6I0QR88rF6xSlYdM4wjk5hoBvVrlyPrL/Le/9//+38jb+48WLRgoaz25tJt+yL7EUzDOGYzyEioCHrntu0oVrQ4smT5ic0gY2iozVd4eBiorzxqL0j9bP71r3+TX68OGThIflzCMI4MtXc8e/YcataoJVQTZcuUlYYwy48/4sGDB8IspnMTIsamsBlkJFTsTx3Rbt+2EyOGj5JmsHxZFzaDjOHQevbXqsKoFPDY0aPCDP4VP//0E5YsWozYuFi5jmEcGWozblL7ETwtMkRf/esrfPvNNzh65Kg0i4zjwGaQSYY6Ao2OjpbtQ/7n//yfKF3SSX7xxjBGhdoGPnnyBE2bNMNf//IXVHavBB8fn2TDyDCODGWIaNQZGnWH+gz817/+hRLFS+CR1yP1q1bGUWAzyKSAhpXaumWbNIMlS5RnM8gYFuqOhfoGnDlzlmxH+0vWX2T/edQ9CMMYAWo3eOXiFRQuVAT/3//3/8lmEmNHTZDd5zCOBZtBJgU0vNDO7bvly48eADQOKcMYBmqzrfbJF0hGcMZM5SX43//i967dEB4erm7IMI4PfVh45dJlORxg9uzZ8dW//oUOHf6Qw9bxF/WOBZtBJgVUTbxl81Y2g4yheRX6Ch6Tp+Dvf/+7bCvYoF4DeD18KKuIX74MlKWGDGMEyPRRh9nHjp7Af//zHf7973/L8aa5hNyxYDPIpIAGIV+zeo00g/nz5WczyBiSc+fO48cffpClgn/5y19kyQiNS1ytajX079efP6xiHB5qL0iFA8FBQXKUFPqyuGTxUvjHP/6BoUOGyn5pGceBzSCTAkr8NCZpvnz55KD53IUGY0SuXr2GMmXKooBIBwXyF0DhwoVRvGhRFBHTZk2ayvGJGcaRoe7GaAg6Ghd60cLF6NWjF/7217/hm2++wbq16+W7gnEc2AwyKUlSRiK5Jl6GNM4ltwthjAhlgh7cv4/r167hxvUbwhxelWmC5mW64C8pGQeHxkpetngJcmTPgSw/ZsEPP/yArFmzom7tOogIfy1LDrXul5jMD5tBhmEYhmHe4tWrUKxZsQoTRo7BuNGTcPjQUXUN42iwGWTsDuUdU+stRKCSy6SSSFVJ5hQ5TzkvwlJsI6W7x3SFjii1GIGMCL1rmHakvi6aMiKZ5TgZx4SeudTxNI3IQ93JcN+CjovBzKDeS4gfr/pQvOjF1/uxfmm9T2+hZ/J0zKCynHpb3T2mK9p5WosR8SCvH71QrK9fYorrTFD3LqllK7TrkVq2wpb7tuW+HB/re0oTxxjDfAzpagY/N5laPxg16T8IUuvtl1DK5XdJj9TbKEfxNqm3yyyiuPn0+BKv7eRr8mnS/hHa/rRlDVpK+fe07TIiynlZxBCpY0VTaihMu76Zi9RnRvpcPnY/qbd737Yan/ObjI32zLLW55wV/cb6+fIupd73u36X+WOWcXzSxwyKtEElAVTkTOMb0tifVAStp4T4BIsSdPS+dQmJSBTSW0fhiXKqzafe1rIs14ljTZa6LlnW61SZE8264VKpf2+9D711mqz38aHt9bbVk85vlfOPF/Mk63Up40qTFmeWZUt4vLruo2R9rd8hvXvE1oqLSy3lHpX3ampZrYuNjVVF85rEckwsYqRi1OmHRNtZRF/t6YWlUJRlSh8/fImo2xRNqZf1RN0PaTLpKHW49faa3rfuQ6LhskjasvXfkrI61tTnmlofs421kuNduwZCqa9VSmn3yIeV4v4S0qrq9JQinaRKVzJdirROzyQps6IUJa9aqTv5lkzrXejAbWHEPuU3qf8eiWEyH+liBunhQw8w36fPcObkaVw8fwFXL13G1ctX5Bd78qs9+opP6NaNm7h9847U3Tv3LLrtKcLuplh3/96DFNs8uP9ISgu/53lfzlPYo4eP8VBd//CBt5h6qds+VLd5KMO07b28vOHz5Am8vb3xyMtL/t5a3o8e48njJ1JPxXn5+vrhqc8zJUz87umTZ+L3z5K3p31a6/GjJ3js/RheD5XjoP098hLL4tjoOOk3tC+fxz5y+tibjkX8XSHajtZ7qftVjseyrTwm8bc10XLyb8W2cnt1meKCzpniwfr4rLejqfW6d4n2cc/zHjzvCnl64s6dO1J3794V6+6Lv/VAiuZpm9s3bwvdwq3rN6RuqqJ5CifR8vVrN3HtyjVcuXw1WXTPUPjN6zdxXcxfFveSpqtXlPUkmifRb7R7LHkd3YOpdOnCRVwUOn/2PM6dPoPTJ07j/Jmzb4nu41MnTuHEkWNym9OnhNSw4yLs8MFDOHjgAI4cPix0RIqWD+ho/7592LN7L/bu2Yv9+w9gz65dUvt27cGhvfuwX6zbuWOHqp1yun3r1mRt2rgZGzdswpaNKbVh7TpsWL3GIrG8Xptftx4b1qzFulWrsXrlKqxctlwOvUbzclnMU9iKZSuxfNkqOaXlZYsWY/H8BVgoRNOP0YI5c1No4dx571z3MZozew7mzpiF+WK6cJ6yryXiuEh0fCuWinOh8xHSzsdaWnxo554cHyTr+BHTtavXJWvN6i3YvGlLirgn7dslrttucQ3FNdu7a7ecP7RHSFw7ug9IdJ+QTh47jpMnTliWj4v5Yyel6P6R99e5C+IevCTvZbpv6f6VXzmrunnDkj7u3LqtpDHxvKM0R2mLnlfejx7Bz++51PPn/gh4EYCXAYEICHgpp2GvwhAeFi6/En39+o0w0SkNf1orKlmq6RZmO6UJV8JSSjXcNNXmdaRnvCnjZm289aVjwFMZbz1ZMsk6BQvvkGbYU8vauH+OMq/RZ+xNGppB61wbcP/+PbRt3Ub28E+dWL5L/5TTf0rRfLL+SctKmFxHy+muf8npv0j/onlN2jptXk/vW5daH9pXamnbf+rv0lCpr6+8rpZ7IHXYu0X3il74l4vu1Xfdr9q6T9bf9PW3v/0txbz1snXYJ+mvf/0o0Ygbn6y//EU/nETrUok6ctYL/xzRvlLsT+8Y3qPU5269nFopf6sTx0Lvu26698B7pHev6ck6jUjppDF6Jr1LNMxYsr76Kt30zX+/kfrh++/x448/4pdfsqFggYIoVbwk8ufNj7y586BQvvwoU7QoypYuC5cKLqjsXglVhKpWroJaNeslq26d+mhUvwEaNWiI5k2boVXz5mjbshU6tO+ALp074/duf0j16tEH/foMwqABwzF86BiMHT0B40ZPxOhRYzFm1Dg5P3HCREyaOBXTPaZi1sxZWLhgCZYtERmk5WuwasW6ZG1YtwGbREZs04at2LplJ3bt2I19e/eLjMEe7Ny+E3t37xGZgYM4dlQx/qdPncKZ46eU6ZkzOHf2nMx8kq5euYLrV67jhsjgktF/+OAhnnj7wPeZL/x8hbH39ZPTZ89EJt/nGfyFyQ8KDEJwcAhekbkPj1AUpsxHRLyWJp+MM5liMrhU2pyYKExquotMMNWmZXwlmRMtJeppLIuZt30pdLqZQU/Pe7JH/1w58mDE8DFYMG8+Zs2YqWj6DEyd7IGpkyZLeUychMnjJ2CqmHqI5YlifuyYiRgzWkm4o0aOwajhIzBq6HCMGzkKE8aMxWgRNmzoSAwdMkJqxPCRGD7MsqzND/lzOAYNHCIeBH9i8KChGCimJJqn9X8OHpYcPmjAEDlP2/bvNwj9+g5Cn9790aN7X3T/vY+c9uzRC3/8/ge6d+sl5vvK9X16D0gWhdF21urds78I7/dWOKlXz37yN/S3rNW7l7L9H+LvdP+9N3r8ofz91JLH0IuOob/4HWmA/L12jvJ8xPnT+chzFPNamBYX1n9XhvVPGUbn1bfPQHV5IPqLvzOo3wCMGCLi8M8/MWTQYKlBAwfJ6TBxnSjeaT+0P4pjiuuRQ4YLies4QlxPoXGjRkuNHSmmJDE/ZsTI5GtM98QkoQljx0nR/OSJyj1DmiIe4FPEdLKQ3G7ceDnVfkPT5G3VaWrRPuiemzF1GmZMm47pYkqaJl4KNJ0xVYRNm4mZ05V7d96sOZg/Z66YzsbsmbMxd/ZczJ+3IFkLFyzC4kWLsXTJUinqzNV6HZWwrVy+XLx8JiB3rl9l315LFy/Bxo0bsZ5K9qSUUquNGzbIKYVv3LARO7btxLYt9BLaIrV96zbs2r4Du3buEtqN3bss2rplm9jnphTasnkztm/bnrzNrh1if1u3Su0QLzItfOeOXXI72vdusY22LS3TdiTahkTzu9Tt6Xi2bxO/ES/G/fsOYs+effIFuVscH70kSQf27pNTbX+k7eJYd4rfactK2HZ5rju2KsdBonnt/Ok328WydVjyuYq42rBexJ3QOioNXbkaq1auwkpVK1ZQ6ecKrFi2XF6jJSL+ly1dmiwKo6ksGRXTBfMXyus3j647lVSKeyD5WSZEy3qaKe6naZOnJN9T2j1Hz7tJ4l6le3S8uEdJ9KwbIZ5xw4YOE2ljpNSwoUMViXQ2TKSroZTGRLobrKa/wf36Y4CY79urdwr16d4LvX7vgW5duqJrly5SXdp1RIe2v6F1y9Zo1aJVCrVs3gLNGjdF80ZN0LRhIzQUBov6mqtboxZqVa+BmtWqo0bVaqha0T1ZVVTRvHuFCnApVx7ly5ZHBTElOQkjV750GZQqWQrFixVHsaLFULQIdepdRE6LFSmGkoWLoVj+gvj631/jL//vL/j2m2+R59fcst+7nDlyIsdPWZHlhyz46cef8MtPP+PnLD/L/vA0/WSln2m9UFbSz1nxS9ZfkpVNGM7s2bJL5ciWU7yTFNHfyJk95bL2t3PlzIVfc+VOodzi2DTlEaaVlDdP3uT5PLmVeQrLmycf8uXNJwyuMpXzwuRaqwApfwE5n0/OF5TGuGDBgihUsFCyKCx/frG+QAFlvbqNJgrXROsKyd+rKkT7SLn9uyT3QX/HSgVFWLF8RYTEtRIqLlS6aGmUKe4k5VyuIlydKqJCeXcpmndxEtMK1VDZzR21KldGXXHvJKtGXdSu2UCqfs26QnXQsFYDNK3bVKpFo2Zo07QFfmveWlELVeLeJZPf7rf2aNumLdq1bYfOHTuhW9eu4l3cDT3/6I5eqnp37yHVv09fkUYGiLQi0kv/ATIdjRY+YcQwkc4oTdGySGfjx4pMgXjnjBYaL9Kkx6RJMp3OnDxVataU6Zg/cw7mirQ/Wzz3aTxzeifMmjlThqUWeR2SrE1ZuEg+T1aI581KqsFYskxkMsQzR7wjlsuajDVYu2Y9Vixfga2bNssaR7Mwo0p7WAcxgw8feosL1QPNmrRB4MsghIncy6tXr5IVGhKaQiEit2M9HxwUIqbByryYBgUFSSWHifW0HChyStq61KJ1igJTiMYetax7e722jVTAS1nlYi3/5y+U+QCqiqFqGItSb6ttpxtuJfl77W8KfcxvNKU4Bqt9pD4fy7LlnK2315XevtVlyqUG0X5EmGXfgUr8i3W0rRKmxLP1taFrqlzLlKKhkUh0jVOK1lvukbeVenva9n3bq1L3aX1vavdn6jAS3cepRdVv1ooIT6nU619HRMhqwLq1aiN37txyH9Zt4/Qk28qZ1PZ9VMWnVvNp1WypReu0NnYWqb+R2yjVcnJ/yWEpf6+E03Yf107R+jdUpZfyd8p+qNQi9f4sv3s7zDrcOuwtiXOzPlfruKNqUSkR76lFw3DRNZLz1tfNan24eg1TX/cPSd4zoZb7yHLfvX2v0v2dIn1Yzcu0I9KSJkpvuulTlfJceIEX/i/ks4qmz6n6mKqRxcvm2TPfZPk98xOiqVh++kzVU9nxNo3T/FQ2Q6EmLKq8FVFzEmr2QvOPHz1SmtboiMZ79nrwQOoBNRm5bxGFnT55SrzYf0PevHlx7PBR3PP0xN07nvC8cxd3bt/B7Vu3pO7cvp08/6mipic3rl0XaU7RNdmM5AouXrwkdFGOwkHTCxeEzl/A2bNncfbMWZw8cVKO13v0yDGhozh+7ASOienhw4dxaP8B2cyDmnvsUad7ReaHppTR2SEyRztE5ohETQsow0LasnkLNosMyyYhmsoMi8j8rV61SmRYVkqRMaAMyhJhJBYsoIzkPMybTRmMWapEJlSYDsqgThYZi/FjJ8hRREhjRaaCDM7IYVQKKjLhgykzTpnygcmigoZePXuiT4+ectrj9+7iXd0NnTp0Qvt27YTh+g0dhfFq/1s7tBKZh5bN2qJV83ZySmraoCWaCNWv2QhuFaqKzEJtOV+zel1Ucq8Jl/JV4FzWWWQIysFNZAzcnZylaN6pTBmULlVOZA7KoGjh4iheqAiKFywsRZkDaxUvUBhF8xVUpmJ9vjyFkC+3MNZCBfIKs0omW5hvTZrB1sw3SdlOCSezrZlrzXhbm25SYfF3KMNireKFReZFZGa0DE1RytB8QMXFttYqITJEJYWKin2RKDNE4RRG6wqJYylTqrS89rExMcJBaX7KdqSfGXzwCH906y1urM5ISCSX65jQWVtLHy1ebHFxtXh+91/7OKyPyVofxvp8v/QojMr9e/dQu0YtOSwgVaEQRovX1Oerp9TobUPKaGTEY8qIPH/+HP379kPxYsVke0d78HbbOqV9ntJ2T5GsIpRt/yxtAePjExAXq35kFh+nzNM0TvlwLLntonUbRjFNbuNImR81E6RkaJQpZVySMzdaJuYNSWT6KAMjMi4ykyIzKIp0MyOvwkTG4hVCKHOhySpDLTPpyZkHkVFQRQUNL0RmQRY40Ly/P/xlZsEPz319U+jZU1+RMfCVVddP1XmqsvYRmQXZBv6BF7y9Hsl5agdPbe+l6Zft0kUGQLbJv69KhFEbc9nOnEz/HdwVhv99uk2ZACHKDNwiY3/zpu104yZuXbshp9ZhN65exeXLl3Hp4mVcvmTRxQsXZDX/OZFRIJ05relM8jxlbk4dPy4zDZSB0KaHDh7Bwf2HsH/fARwgiczE4YOHceQQtS8/iimTPYRBLYDZM2bKe8gepKsZ7NqpB5o2ao0oU7RIgBSasl+5zA6dycfIEi/W+lxstR8i9b7e3p/e+ejJVujtm+RoPBBmsFa1GoY2g59D6jhKj3jSOwY9MR/GTxgQMoNFixQRRuKRGqrwVnsqRkX/Wf3pcJzqod1vlEFI/qhHSOlBRMlEUDvIhHjlYyDrtpEyjDIT8gMkRbKXAFVaLxTasraehsF0ca4om5NQRsIepJsZpK9mu3XuhRbNfkNsTJwMo20cyQzqQWeXWpmZtDwfvb+lydEgM1ivTl02g5mQ1NdJT8zH4e/vj8GDBqNIocKy6pj5GLT3LCn13UbL1uv1sF6f+vfW6xQUI24JV5Y/Ha1k1oKybG9PQHt/lzTet+5L+Zh9Uymqi7M7Zk6fLZvY2IM0NIOE5TS9vB7Ljy5at+ooi9kV6GbSiwqGMQrK/U9msH7deinMIMMYjZcBAbIhf7GiRfHwgZcayrwfzVK86136Jes/FK637lNI/fsv3Z9jcM/zISq6VBNmcI4jVBOnhBoY9+rRH61adrAqGWQzyBgdJcf98OFDNGrYkM0gY2jIDFJPEEWKFJEfjjCMEaE+eyu6VMf0aVQymOmriVPy5LEPBvQfIksGaYQGBTaDjMGRYzQDjx49QotmLdgMMoaGeiOgLj3oq00aXIBhjAiZQXfXavCY7OF4ZvDpk6cYOGCYbDNoqQNnM8gYG629jfcjb7Rp2YrNIGNoyAxSP2+FCxfG9Ws31FCGMRaKGayOyZOmOqAZ9CEzOFSaQfqaWIHNIMMQ1BVD21at2Qwyhob6WPSY4iH7eKO+/hjGiNDoM1Wr1MKkSVMczwxS/0QDBwxB00at2AwyTCqkGWzdhs0gY2iov7xZM2fLkS7OnzunhjKMsSAzWE2YwYkTJzmgGXzmhz8HDUej+s0R+cYE5etxNoMMQ5AZpJEX2AwyRobG06VhGqnDXRrPl2GMiGYGaRQZ6pzcHqSbGXz+3B/DhoxGQ2EGqUd1pS8hNoMMQ/g8foJOHTqyGTQs9Czk5yENE0jjP+cX6WDfnv1qKMMYC6+Hj1C9am2MHT0e0VFRaqhtSVczOHzYKDSs1wwR4a+FGeSHH8NoPPXxkeOBshk0InS9NRn7mUjDsC1ftkyOTUzj+TKMESEzWK1qLYwcMQo0Br09SD8z6Pccw4ePQONGja3MID382AwyzLOnz9Dj9z+kGUyIT1BDGWOgZYw1M2hcaFzeNavXIPevubF+3Xo1lGGMhWYGhw4Z4XhmULYZHDwE9es2Rnh4OJcMMowVT58+xe/JJYPaCD2McaDnoCbjYoo0Ya0wg7ly5cLKFSvVUIYxFjR8b5XK1THkTwc0g36+zzFk0DDUqlkfr0JfqW0G+eHHMARVE3fp0JnNoAGRg95Tf5N2HpM1MxAlXnxr16xFrpw5sXTRYjWUYYwFlQxWrVxLmMGRjmcGX/i/xKgR41CvdmPZl5S9B6NmmMwE9cPZXa0mZjNoLKiNaEJ8vJgau4qYiI6KxqaNG5EzRw4smL9ADWUYY/HI6xFq1ayLPwcPczwzGPQyEJMnTUOTBq0QmlwyyNXEDENQm8E+PXoiX968iIvThmtkHAUq/XuXFDOYwGZQEBMTg61btiJnzpyYO5vNIGNMvL18UKdWQwweNFyYQZMaatvnQ7qZweDAYEyZPA1NG7ZC2KswNoMMI1ESuN8zX/Tr0wd58+SR7aa45Nxx0TOEmoxObGwsdmzfIc3grBnz1FCGMRYObQapZHDChOmy0+mQkFA2gwwjURL4cz8/9O/bD3mEGYwIj2Az6OjQ5RViI5iSuLg47N65Czmy58D0qTPVUIaxDxn1Oev9yAf16jSRQ/hqZtDWx5qOZjBImsEG9ZqxGWSYZFQz+Pw5/uw/QJpBGpKLzaBBEJeZr7UFqi4/eOAgsv2SA5MnTFVDGcY+ZNS099j7KerXa46+vQfJ7pYIW2cY07GamAYgn476dZsiKCiYzSDDSKzN4EBpBsPDuGSQMSZmcyKOHjmKX7L+gjGjx6mhDGMsfJ48Q9MmbdDjj76yI3bCYcxgSHAopnpMR63q9RAYEMgvO4axQprBQYNlm8GICOqHk9MHYzzMZjNOHD+BrD9nxbChQ9VQhjEWPo+foUnjFujWtXuyGbQ16WYGQ0NCMW3qDNRkM8gwb0FmcOjgP5U2g2wGGQNz+vQZaQYHDxqkhjCMsfB58gQN6jdDl07d8ObNGzXUtqSrGZwqzWBd+Pu/4AbTDGNFgEgTI4YMZTPIGJ4zZxQz2L/fADWEYYwF9TvbuFEztG/X0fHMII06MmPabFSpVEPWh8se9xmGkbwMeIkxI0cpH5Akd73EMMaDzOBPWX5Gn9691RCGMRZPn/qiaZPWaN3yN7x57YhmcPpsVHavgcfeT2TbEIZhFAJfvsTYMWORJ3du+bU9Z5YYo0Jm8Mcfs8ixuhnGiPg+80PzZr+hTet2jmcGw169wqyZc1Qz+JjNIMNYkcIMBgezGWQMC5nBH77/AZ3atVNDGMZY+Pn6od1vXdCpQ1eramLbeqZ0M4Ph4RGYPXu+NIPebAYZJgVkBseNGs1mkDE8mhls17q1GsIwxoI+KOzYoTs6tu9iVTKYqE5tQ7qZQRpVYd7cBahSqTpXEzNMKgJphJ5x45FbmMGgwCA2g4xhITP4/Xffo1VLNoOMMfHzU0oGf2vbIdkMJpkdwAzSl8NkBufPW4jK7tXx6KE3m0GGsSI4KAhTJ09Brly5pDHk9MEYFTKD3337A5o3baWGUMaI0wNjHJRq4k5o2aIlXr9+LcNs/VFhuplBqiaeM3sBKlWshvue9/llxzAqlMSDg4MxzWOaNIP+z/05fTCGhczgN998i7q1G6ohmhnk0nLGGMhq4vYd0KRx42QzaGvSp5pYpOHwVxHyAxLXClXgeZfNIMNoaGZwxrTp0gz6+T3n9MEYFmkG//sNqlaupYYwjLHwf/4CXbt0dUAzKKDxVufOWShLBh/ef+DYLzt6u3MmlvkEQkNDRWZpFnLlzAVfX182g4xhOXf2PL7/5mf5rmAYI/LC/4Uciq5BPQc0gzS+3vJlK1Gzem08uMclgwxjDZnBObPnIGfOnHj29CmnD8awXDh/AVl++AWuLm5qCMMYi4CAAPTo3g/16zVxPDMYZYrC6pVrULVKLW4zyDBWUCGyZgapZJC+JOP0wRgVMoO/ZM3GZpAxLC9fvkSfXv3RqEFzKzNo2+rGdPuAxBRpwrIly+FaoTLu3mEzyDAamhmcPXMWfs2VSw5N5xBdy5gTkRQTCXNEEBLvn0Hc0cWIWdUXUTOawzS+OiKHOUnRPIXFrOyLuCOLkHDvtPwN/Zb2wRiLixcvI3u2HHAq76yGMIyxCAwMQv++f6JJo1ZWZtC2nindzCCVDK5YvgLOTm64dfMOm0GGsUIzg0rJYOb+gCQpNgpxhxfCNKU+IkdXQuTwCsnG76NFvxG/NU2ph7hD8xVj6MBQtxH3Xj7G5usHMHr/XHRYNxR1F/2OKnPbS9F8RxE25sA8bLl+EPcDHzvs+NVXLl8WmaICKFWyvBqScaFrwOOIM7YmKCgYgweMQMP6zRzVDK4SuT033Lx5i80gw1ihmUFqM/j48WMkJmauErGkqHBpAKNmt/o88/chiX1GzWqFuIPzkGQKV/9q5iUqLgZbbxxCj81j0WBJDzhNb4GSUxp9kug3DcVve24Zh+03DyMmPk7de+bm2tVrKJCvKEoUKaOGZFwSE8xCXHrN2BYyg38OHIE6tZvKj28VMrkZlDknMoNR0Vi5YrWsJuaSQYZJCZnBeXPmIkeOHPJr+8xiBs0vvBC7dYxSAqhn4uyhUe6I2TwKif4P1KPIHLyJNWH3nePoLgxgmalNdA3el4j2ScZw792TiIyNUv9q5uPG9RsoWqQUChUqrIZkYJKUdxzD2JLg4BCMGDoW1avWR4iYV8jsZlAYwcREM2JiYrB2zXq4V6yK2zfvshl0VOJjkRQRCHPAIyQ+vYlE78tIeHgOCQ/OItHrAhIfX0Wir7j+wU+RFBlGT1L1h8Ym7NUrLJg7T5rB+573MrwZNIe9QOwuD32zloaK3TEJ5lf+6lFlTAJeB2P5hW2oMKOlromzh1xmtsLKS9vx8rX2Isk8UM1RqZJlkT9/fjWEYYxFSEgohg8bhUoVayHgxUs1NJObQYIMYVxcHDZu2IiKbhUNX00cHv0GcYnx6lLmJikuRpq/uLMbEbWoi+4L+70a6YqYTaOkYUyKiqB6F3XPxsLaDN67ezfjmkFx38YLk6F7LdNR8Re2yGPLSFBV8OJzm3XNWlpq+YWtiI6PUY8q43P71l04Ozkjb568agjDGIvQkFcYOWwsalZriOCgUDXUAcwgkZCQgM0bN6F82fK4dPFSpmsTZUuaLOuNSnPaYfXlnWpI5oNK96KX94RpXFXbtREb5QbTpDqIPTBH3DCO0f7pYyEzuGjhQuTIngN3b9+R6SWjQW31TBNri+vtrH/90lPimEwTaiLpTcYoCTt8/xxcZ7bWNWfpIddZbXDs4UX16DI2np734F6xkmw/yzBGhEoG3zaDtiXdqollyeD6DShXphzOnDlraDPYeGmv5Id0jfmdsUzk3GMzgfkhMxB3ZDGipje1vyEY6YboxV2RcOeY+tcdm/DwcCxbugzZsmWTbabIDFLaySgkXN8P0/ga+tcqA4m6qYm/uls96rQnIjoSnTeMsEubwC9VmalN0W3jqAzfnvD+vfuoUb0Wm0HGsGhtBqu618ZzP/s0g0kXM6hVE69ftx7ly5bD+XPn2AymelDTF4UHPE+rW2QsqLQl7tCCdDMDUXN/Q8Ld43DkPuciIl5j5YqV+OWXX3DpwkXFDGaQ9pTUtYvedcnIits/Rz36tOO091XUWtjlrbSd0VR7YVece3JdPeqMx8MHXmhQrxGbQcawhL0Kx+SJU1HJrSYeeXnbpWAg3UoG4+PjZZvB8mWdcOH8eTaDOg9p0uBd0xD05pW6ZTqTEIf4K7sQOSYNvxR9j6IWdUain6d6cI4F9SW1etUaZM2aVWaWKL2kO8J8x2wdq3stMoNiNgxLszaoay/v1k3PGVkbru5Tjz5j4e39GC2at2YzyBiW1xGvMXvmfFR0qYEH9x86hhnUIPO3c8cuVHStgosXjN1m8H1mkERtjR4FPU3XkiFz8DNEzW6t+5JNb8Xum+lwbQop8a9aqZQMXr10Of3bDCbGI/pzPgjKYIpe2Mmu9wql0SlHl+mm48ygGSdWZbgP+p94P0H73zqwGWQMC/UtOMsRzSCdiDnRjO3bdqN8WVecP3uBzaDOg9lapT2aYMGZjeov0pb485sQOdpd9+WaUUTtFpMySgmqDVDM4KoUZtAeD4CPJWbNQN14z4yKWdVPPSvbQj0iDNjhgVIejXXTcGYQHfugnVMzTJMEwsfHB506dEXOHDmQIEvIM5hbZRg747Alg4oZTMSO7bvg7OSOSxeusBnUeTDraezBBeqv0gBzAmLWDrLd18H2ljCsCdf2qgefudGqiTUzGB8Xn25pJHbnFP34zsSK3T5BPTvbMeHQIt00mxk15chS9azSn6c+z9CtS3dkz54dMbGxGcqoMkxa8Ob1GyyYvwTuFavLrpYcygzSi23bth0oX84Vly5eZjOo80B+l/7cNd3u8UV9/EUv6qr7Is3oiju9Rj2LzAuZwTWrLWYwvT4giTu+XDeOHUH0JbytWHBmg25azcxacm6zenbpy3O/5+jTq580g1FRUYYyg7G7HC8jZjONdJX92hoBaQbnLUYFZ3dcvXLVscwgNYjfvGkLnIQZvHjhIptBnYfx+9Rry3i7PRSTIoIQNbOFfgLMJIqjvgmTMm9H5nrVxGlNos91RI5w0Y1fh9CICnIEnC9l07X9umnUEbTt5mH1LNMPf/8XGDxoKLJny46IiAhDmcHoZT30712WlDnAS40px4bM4HxhBsuXc8L5s+ccxwwSZP7oAxI3VzfuWuYzzCBpwE4P2z8YY0wwTW2km/Aym+xRFZhW6H1AYo8HwDtJiJOdNuvFqyPJNK4akmJN6kl/Oj6hz1F2alPd9OkIKjutGZ69eqGebfpAw2+NHD5K9rkZEhICcybO5H0qUXPa6t63LEXxF7aqMeXYmEwmLF+2Ek7lXXDm9BnHMoPE3r37FDN4lruW0XsQf4zmnV6n7sU2ZNQvhj9Lwysgdt8s9cwyF+lrBpMQvbCzfpw6oKIXdJTn/KnEJcSj5oLOuunSkVR30e/pasCCXgZi3NgJMi34Pw8w1NCljpIxt5did05WY8qxiTJFy2ZD5cs64/jRo3ZJA+lqBvft3S9P7vSp02wGdR7CH6t9d0+pe/oCqOuQhZ10E1xmV3wmHOaP2gyuW7NW9jNI/XCmZT+DCfdO6cajIyvh9lH17D8OKpHvt32ybnp0RA3c6UFnrZx8GhMUGIgJ4xQz6OfrK16ExnlX0Ag6evcrSxFlWo0AmcG1q9ejfJnyOHLwkOOZwT2796BMqTI4duxYurSJyih8qRmkcY19v6Qqh74a3jZON7E5ihIfXVJPNnMQ+SYSG9atl2aQMktpZQbpwyHTlHq6cejIMk2uK4dX/FhoxA69tOjIuvT0lnr2aUtQYDAmT5wi08KTJ08MVXAQOSpjd+mV3jJ5NFBjyrGRZnDNRjiVKYdD+w84mhlMkmaQhqM7feoMlwzqPHw/Ra1XDfzs9oMJnid1E5ojyeRR/5Ne9ukNlQyuX7tOvgBPnTyVZmYw7uQq3fgzgmKPLlFj4f1ExcWg3uI/dNOhI6v+4u6Ijo9VYyHtCA0JxcwZs/Dzzz/D68FDY5nBzNKtVzrJNKqiGlOOTXRUjByxrXSp0tixbYdjmUGzmczgblRwcuYPSGxgBkmLzn56p9TmEF/dROaIil7ZVz3rjA+VDKa5GYyPQeRIN924M4TEueMjuqrIjEPN2Upbrh9UYyHtePXqFebOmYusRjSDevcpK4WMQFxsHHbu2I2ypctjy+YtjmUGqQxr7549sp/BM2fOWiXw9GmXkp7Yygy6zGyN2E8caitmVX/dBOaQErnshBsH1DPP2Mhq4vUbZGnI0SNH0sQMxu6doR9vBlLszklqbOgTFxeHirPa6qY/I6ji7LYiDtK2dDAiPAIrlq2QaeH+PS82g6wUMgJkBqkmtXTJ0ti0cbPjmcH9+w7BxbkSjh09qbYZpBNkM/gl+n3zGLHHj4vD+Ku7dROXI8s0sbaInox/j0VGRmLzpk34+aefcGj/fmlC7I1psvHaCqaWaVIdNTb0mX1ytW66M5IWpvGwmLKUXM0Y3bnjaSwzONJV9z5lKTKNr6HGlGMjzeCu3ShRrATWrV3neGZw355DcC5XEUcPn1DNIIWyGfxSeb30Uff8HoQhMk1tqJvAHF0xOyaqkZBxiTKZsGPbdsUMHjhodzMYf3G7blwZUfHn3z3yRq2FXXXTnJFEXc2kJZGRJmzauAk/ibRw8/oNQ31saBpTWfceZSmiwRGMAI3JffDAIZQsXlYOU+pgH5AA+/cfglN5YQaPHOeviXUeup+rXls/PDpJ3MF5uonLKDK/8ldjImMSHR2N3bt3y9KQI4cP29cMigeLUTMGejJNqg0kvv08OnjvjG56M6KOPDivxor9oQ53t27ZiixZsuDCuYvixWggMzipju49ylIUs3qAGlOOTUJCIk4cO4XSJZ2wbOky8ci2fel4uprBgwcOw92tEo4fZzOo98D9Et158e5hemjEBaPnOGMzeOlgTEwMDuzbn2wG7dlmMCku2tgfjqQWjXkaFaHGjkKiMMzV53fSTWtGlNIRddrU4lDGaK/IGP3www/inXEgTZpMZBSiZjTTv0dZUnFHFqox5djQgANnz55HyeLlMHfOPAc0gwcPwc2lMpcM2sEMTj7y7m4y4s9t1E1YhtJwZ5iDn6oxkvGIjbWYwcN2fgHGnV6jH0cGVtyJFWrsKEREv0G5ac1005oR5TS9BWLSqJuZ2NhYHNh/AN9//z12bt9hLDPooAMB2EoJ90+rMeXYkBk8f+4SSpUoj9mzZjueGaRqYtcKlYQZ1NoMGhN7mEG3WW3wRmfM1aSYSG6HoiruI/uVSw9kacjevfb/gCQxHqbx1XTjx8iiMYspbjTWXjFudzLv0qZr+9XYsS907x8+dBjff/e9bEdL5tAoxKwZpHt/soREhj4p8pUaU44NNfu6dPEqypV2ccySQcUMVrb6gMSY2MMMkjZff7sblYQH5/QTlgElR51Ih050PwZqJ7V92zZpBvfvs58ZNIe90I0blpPsg5NIEA/eGlxF/JZqzu+MRDu8lFITL94NJ44fx3fffYdtmzYbygzGnVipe2+yxPN7TGVxcxjnXrh29RrKlXHFjGkzHLOauLJ7DZzhsYl1H7Zfqi4bRqh/wULMmoG6CcuoSrh1WI2ZjAV1LbNF7Vpm/759djODiU+u6cYLS9wbD5WPJPzDA3XTF6sRXr4OkXFkT6iggIZk/Pbbb7Fh7TpDmcHEpzd1700WZebridyscXzD9evXpRmcPGmqY35AUrlSDZw7e4HNoM6D9ktFneNak/QmRDdRGVkxawepsZOxkF3LbFVKBu1ZTRx7YK5uvLCcELt3poyjy89u66YvViPcfP5AxpE9SUxIxJnTZ/H1v7/GsmXLERvz4VFiHIlIbtajq+jF3dQYMgaKGXTBhHGTHM8MHtivfEBy7OhRribWedDaQqcfX1X/CnUyvUc3URlZshuRDAi98PapbQbtWTIYvaCjbrywnBA1v72Mo3mn1+mmLVYjLD67ScaRPaEX34XzF/Dvf/8bC+cvkF/aGwkaRlPv/jS64q/tU2PIGJAZLFPKGcOGjpIZJFuT7m0GKzi5y84U2QzqP2y/VH23T1b/ChCzaaRuojK6qComo0Hm78ihw7KjXRq20S5mMCEOkSNcdOOEJSTihuKo3dohummL1Qgd1w1Tbyb7QY3nr125gq+++gqzZ8yUH1cZibhTq/XvTyNrtDuSYqPUGDIGN67fFGbQBQMHDBRm0PZ+KV3N4KGDh+HmWgVHuWRQ90FrC1HfaNQAnjB5cMfCeorZOk7GT0aC2kUdOngIP2XJgt27diHODu2kzKHPdeODZVFc4BPuUuY9Kj+tuXi+2P/Zff3aNfzrX/+CxxQPw5lBc4CX7r1pZEUv6qLGjnG4eeMWnJ3c0LfPAEc0g0dQyb06dzptRzPoMrM1ouNj5IgbeomK5YSo6U2p+EG9GhkDrZ9BGnVB9q1mBzOY+PSWbnywLHp6ba9uumJZ5B8RqN5R9kMzg5MnTUZUlLHMIBE1q6Xu/WlUpe4H1AjcuXkHFV0ro48jmkFqM6j0M3iEzaDOQ9YWKu3RGK9jIhF/YatuomI5wTS+OrVSV69GxoDM4MH9B+xqBhPuntCND5ZFF3ZP001XLItuPL+v3lH2g8zgP//xT4wZPUaYQWNVDxLxV3bq3p9GFX0MaTTu3L4Dd7eq6Nm9v+OZQTk2cTk3HDzIZlDvIWsrnfe5we0F3ye1bVhGIrnNoDCDu+xkBvmDog9r74o+ummKZdFxr4vqHWU/yAz+/e9/R98+fWUfnEYjKSxA9/40omI22L+dakbE0/M+qlethd+7/uGYZpA+IDl0iM2g3kPWVlp0diOiF3fVTVgsRWY/T/VqZAxoLGLqaJdKBnds22GXvtW4tPjDWjerlW6aYlm06/Yx9Y6yH/Ql5T+EGezYoaPsg9OIkAnSu0eNpsRHl9QYMRb3hBmsWb0+OrTvhIR4BzGDNM4eQWbQxdmdq4ntbAb7bp/EbU4+oLizG9SrkTGg9ECdsf/w/ffYunmLXcxg3Jn1unHBsmjpxDq6aYpl0abr9h+W7sb1G/j3v75C2xYt8ebNGzXUWCS9CUXkSFfd+9QooveYkTqatubB/QeoXaMB2rRq7Zhm0Ll8RR6b2M5msOny3jBNqa+buFiKYreNV69GxiA+IR6nTpyQZnDTBvsMwcVm8MOaO7aabppiWbT68i71jrIfN2/exNdff41mTZsb1gyKNyeiF3bSvU+NIvOz22pcGA+vh49Qv14TkQaaOY4ZFPe0ZO++QyhXtgJOHj/BI5DoPGRtpSpzO8A0tqpu4mIp0joYzihQNfHxY8ekGdy4foN9qonPb9aNC5ZF8ybU0k1TLIvSwgzevnkLWf77PRrWb4A3r1+rocaDxlKPHOWme686ukwTa1NJkhoTxsP7kTeaNmmOBvUaOJAZVNm3dz/KlnHG0SPctYzeQ9ZWoi+KI0dV1E1gLEVynMsMxFtmMMYOZvDKLt24YFm0cFpT3TTFsmjdlT3qHWU/bt++jWzfZ0HdOg3w2sBmkIjdPVX3XnVoifeXOdz+XRhlZMgMNm/aGvXq1nM8M6iUDLrg8KHDbAZ1HrK2VORwZ/1ExlI00lW9GukPFZwnm8HvvlMG57eDGUy4fVQ/LljJWrX4d930xLJo283D6h1lP+7cvotffs6JalWrGd4MJkVFIGqayODr3K+OqtgtY+jMlQgwKI+9fdCqRXuRIXJAM6i1GaT+BtkM6j9obaHSHk10ExgrpTIKKcwgtRm0UzVx4pNruvHAsmj7tvG6aYpl0YF7p9U7yn543r2HHL8URPkybogIj1BDjUuC50nd+9URRcY3ycDVwxpPnzxF+3ZdULtGQ8czgwcPHIZrhco4elj7gMSYF9zeZrDqvI66iYxlpeHO6tVIf6zN4I/f/4Btdvqa2Bz4RD8uWMk6dnqdbppiWXT28XX1jrIfD+4/ROGCJVG8aBmEh4erocYmdsck3XvWoTTCFYkPz6tnbGyePfVFty49UbdmQ/l+sDXpagaVEUiszaAxi4HtbQabLu+DyJHGbHT8sZKNkzMImhk8dtS+H5AkxZh044Jl0b2nt3TTFMuih0FP1TvKfng99EKp4s4okL8owsPC1FBjkxQbBdPoSrr3raMo7tgy9WwZP19/9OzeD5XcqyImJkYNtR3pXk3sVK6iLCHkamL9B60t1G/7ZJjGVtFNbCxFUXPaqFcj/bE2g99/9x3Wr1lrl8RP0LjMevHBouqpJgiPfq2bplgWRUTbv6sXajxfwakicuXMhTA2g8mYwwIc9tkes26weBDaPhOcWXnh/xL9+w2Dq7M7TCbbd7yeIdoM7ttzgM2gzkPWVlp8bjNMk+vqJjiWopiNw9WrkTFQqomPSzO4dtUau5nBmO0TdOODJe4J2WgdqLmgs266YjVCrQVdZBzZmyePn6ByxarI+lNWhL16pYYyRKLPTZjGOVbXYVGzW8uaC8ZC4Mtg/DlkLMqXKy/SgO0zRBmgZNCNPyCxsxm8+PQWomY21010LEVxJ1eqVyNjkJCQiDOnz0gzuHL5CruZQSM1RP9UJdxSvpIdsnu6brpiNcLwvbNkHNkbnydPUKNadTaD7yDh7glEOkiVsRxlhHmLoKBgjBoxFmVKl0FISIgaajsyhBk8dJCHo9N70NpC9CXx65hIRC/srJvwWIoSH19Tr0bGwJyYiPPnL9jdDJqDfHTjg+UEc8AjGUe7bx/XTVusRjh474yMI3vj4+ODOrXrsBl8D9IQZvK24VRogYQ49YwYa0KCQzBuzERpBgNeBKihtoPNYAbAnmbQdWZrRMfHIGbtYN3ExxKiL4njotWrkTEwm824fOmS3c1gkjhv3ThhyQb6xIPAJ7ppi9UI3sG+Mo7szbOnT9G4URM2gx8g0c9T917ODJKjQIl3FaNPaMgreEzxQOlSpYUZfKGG2o4MYQaPHD7GZlDnQWsL1ZjfGYnmRMSdXqebAFlOMI2rJp6itv9U/0ugksFz587h+2/tawaJ2B3cbjC1YraOVWMHeB1j0k1brEaIVA2zvfF99gzNmjRjM/gRmF96y2ea3n2dURWz7k8kxdj+owhHIiwsHDNmzBJmsAye+/mpobYjA5jBijh29KRqBrlrGVtr4M6p8m8kvvDSTYQsYQanNhK3Xkbp45KOwyw7FT118hS++/ZbLF24yK5m0Bz6HJEjKujGjSE1vILsg9Gavtsm6aYvI2vAjilq7NgfP19ftG7Vis3gR5IU/hLRK3rr398ZSaMqKt3HZLDMeEbk9es3WLxgGUqVLCW7WrI16W4Gy5augN0793PJoM7D1hY673ND/SuAaUJN/QRpcMWsHaTGUEZAMYPxwgyePEFm8DssXbLUrmYQiQkwTaqjGzdGlGl89be6tLgrMlOlPBrrpjEjisY790qD/gU1/P390blTZzaDn0jcoQUwjc2YXxpTt1aJ3pfVI2U+hCkyCqtXrpNm8NatO2qo7cgQ1cQH9h9kM6jzwP1SVZr9m/oXFKK53aCuEu6nTSP4j0MtGRTp4fTJU3ZvM6gRu2e6btwYUbE7J6uxYoHa3brNaqObzoyoynPaIV5kItKKgIAA9O7RU5rBV2wGP4mkyFdKQUBGGZ9+pJtuGmPeT3RUNDau34LixYrj/PlLaqjtSHczSCOQHDl8nKuJdR64X6puG0epf0Eh/txG/cRpYFH/XDAnqjGUEVDMYGJCIs6ePSfN4LrV9utnMJmEOJjGOPZoBh8jGtHhXR3dchczFo3cN1uNlbQhMDAQgwcNlmYwJDjYqK+Kz0c84xK9LqR7f7MxK/ogKSJQXD++gJ8KvQO2bN4uzeDpU6fUUNuRrmbwwP4DqODkyl8T28kMbrl+UP0LCuYQX90EamRRu5qMhWIG6QOSC8ldy6y0vxkUxKwfohtHRlLMqv5qbLzNq6gIlJ/WXDetGUlO01vIuEhLgoUBHD1ylDSDgS8DhZdgM/E50EcaCbeOIGpOW937316K2TQSZv/76lEwn0NsTCx27NiNYkWL4cghpQ9UW5LuZtDFuYIwg8Yejm791b2Yf3q9zWXS6S4l7sw6xB1ZxFKVUdusKP0MnpdtBpfYu82gCvU5qBdHRpI58LEaG/psvLZPN60ZSZuvH1BjI+0IDQnFpImTkOXHLPJjEup6ifkCZEnhRcRsGwfTxFq6Bu6LNNwZUXPbIu74cphDbf/lqxGJj4vH/n2HUKRwEezdvU8NtR3pW028bz+cypU3vBlkmNTIksELF6QZXL5seZqYQYbJqISGhmKqxzT8+MOPePjgIRJF+mBsRFISEu6fRczmUYia3Up+QKVr8N4nYf5MU+ohamEn+dEKZSwZ25KYYMbxoyelGdy2ZZsaajvSv2SwgguOHjF2NTHDpMZsTpKdTlPXMksWL2EzyBgaGot13uw5MnN09epVOXY3Yz+SXgfJ6uTYvTMQvbwnomYJkzixtjSKUR4NED2vnRzIIO7ECiR6X0FShmp37ZhQw4iL5y+gYIEiWLhgoRJoQzKEGTx5/ASbQYaxIinJjCuXr0gzSAmfzSBjZMLDwjF/7jxpBi9fvMRmkDEkly5eFmawGGZMm6aG2I50ryZ2dnLGsWM0AgklbspdcMNgxthQClBKBi/Ll9/SJfbvWoZhMjJkBhcvXCTTw+lTpxEXx+PXMkZC8UX0TihaqDSmTZkhl21JOpcMHpQlgyeOU9cybAYZhkhtBpctXcZmkDE0ERERsu0spYcTx08iLpbNIGMU6I2gVMNfvXIVJYqWxfhxk+SyLUnfkkG1n8FTJ06qDYLpCzE2g4yxSWkGuZqYYd68foN1a9fjm/9+I8eyj43V7wuSYRwPixm8fu0GypVxxeCBw+SyLUlXM3jwwGFUdq8hi/356zCGUVDMoBkXLyofkEgzGP12N0EMYxRoKK6tm3dIM7h71z6ROWIzyBgFixm8cf0WKpSvhB7d+8plW5LuJYNuLlVw+vRZNoMMoyLNYKIwgxcuSjPIXxMzRicqKgp7du7Bf/7zX+zYvltkjjg9MEbBYgZv37ota1Pbtu4gl21JupvBCk7uOHn8FH9NzDBWWEoGv8OyNOp0mmEyJkmyJPDY0RP4+uv/YOP6TYjmknLGUJAhBO7evYfqVeuiaeOWctmWpK8Z3LcfFZzdZJtBNoMMY0Ezg8pwdPw1MWNkzIiNjcPJE6elGVy3ZoMsKWQYo/HggRcaNWiBenUaqSG2I51LBg+iomsVXDh/nquJGcYK65LBFTwCCWNwqF9Bajbx1VdfYdHCRTBFRqprGMY4PPLyRstmv6FmjVpqiO1IVzO4b+9+WU187iybQYaxRrYZvEjD0X2bZmMTM0xGhWqOqFuNf/7zn5jqMRVv3rxR1zCMcXj86DHatukA94ruaojtSDczaE5Kwq6d+1CurAvOnbnAZpBhrFBKBpUPSLhrGcbo0Pvh1s1b+Mc//oFRI0fJfgcZxmg8eeyDDu26omwZZzXEdqSfGTQnYecOxQzy18QMkxIajo7GJv72m28wb85c7lqGMTSUOfK8exd/++tfMaDfADkiCcMYjWfPfPFH114oXqyEGmI70tkM7uGSQYbRQY5NfEXpdHoR9zPIGJykpCQ8uP9AmsG+ffoJMximrslA0AefykefTGYng17H534v0L/fIBQpXEQNsR3pZgapDcjWrTvg4lwJly9dZTPIMClIwvVrV+UHJNxmkDE84uXs7e2Nv/7lL+jTu2+GNINJ5qS3xGQ+KOORUa/dC/8A/DloCPLkzq2G2I50M4M00Pj6dRvhVN4VV69cZzPIMFZQyeD1q2QGv8XShYvYDDKG57H3Y/z973/H791+R1gmMYOauMQwc5DimmVAXga8xIhho5A9W3axRMP32o50NYPr1m6QZvD6NTaDDGON/IDkkvIBCVcTM4wwg4+fSDPYoV17hIa+UkMzBmQdrI2ErpLYEWZkUl+vjIcZwcEhmDLZA7/myoXEhHg13DakmxmMj0/Apo1bVTN4g80gw1hBJYOX1A9I5s6czSMuMIbnyRMffPXVv9G6VSuEhISqoRkDzQwqM+8RkyGRl0f8pyljXiszXr0Kw5zZ85EjRw5pDGWVto0yGeloBuOxccMWuDhXxvXrbAYZJgXCDF69ekWawflz53HJIGN4yAzSCCSNGjZCiHgRZiQypHdgPhrN/2nKmJgRHh6ORQuXymripz5PZQ2SrUox080M0vBC69dtkoMu3751V54UwzAaSbgqvyb+Dkv5AxKGgc+Tp/jmv9+gTq06CA4KVkMZxiiY8TriNZYvW4Vs2bLB68FDmxaipZsZpIHH167diEoVq8Hz7n02gwxjhdbPII1NvIbHJmYYPHv6DNl/zoqa1WsiKChIDWUYe0ClbeYMVkpoRmSkCRs2bELWrFlx89p12SuLrUg3MxhlisKqlaukGbx7h80gwygo6cAscnznz5+XZnAllwwyDPx8/fBrrtyo5F4ZQYGBaijDGAfyTdu3bsdPP/2EUydPIiHedh+RpKsZXLFslawmvnvnHptBhpFQOjAnm0GqJl7BZpBh8NzvOQoWKAxXFze8fPlSDWUY40DvgX179yF7tmw4dPCg/PbCVqSbGYyOisbKFWtR0bUq7nE1McOoqGZQpAcam/h7YQZXLl3GZpAxPGQGixcrDqfyFdgMMoYkPiEep06ekm0Gd2zfKbvosxXpXE28FtWr1pYNIdkMMgyhmcEkXL50mdsMMozKC/8XKFvaGWVKl8HLgAA1lGGMA30wcvniJVlNvFy8F2JjY9U1X066mcHIyEhZTUxm8ME9LhlkGAUlHfAHJAyTEjKAbq6VUaxoaQS8YDPIGA/qU/D69ev48ccfMWP6DJu+F9LFDFK/OGQGlyxZnuoDEjaEDENQerhw4YJSTcxtBhlGDsVVtUo1FC1cFC9evFBDGcZY3Ll9Bzlz5MSY0WNtOhhB+pnBN5FYvGgZ3N2q49FDbzaDDGMFfUBy7tw5ORzdkkWL2Qwyhifw5UvUqlmbzSBjaO7evYv8efNhyJAh8tsLW5Fu1cTUeeLcuQtRUZjBpz5+so0Um0GGUbA2g4tpbGI2g4zBoe5kGjdqjGJFirEZZAyL511PFMiXH7179kJUVJQa+uWkmxkMDwvDjOlzhBmsBh82gwyTAkvXMt9iCVcTMwxCQ0PQvl1HFC9aXPY5aKsxWRkmM3HP8x4K5C+INq3byE6obUW6mcFXoeGY5jEbld1r4MljZYw9pddvhmGsO51evXIVm0HG8Lx6FYoef/SQ1cSPHz9WCxAYxigohWUP7j9EiWJl0aB+E/nthQKt+7LCtHRrMxj2KhyzZs5GlUo18NTHhxM2w1hhTjTj4oWLqhlczWaQMTxhYWEYNHAgihYpigfcHRljKOhep3GIk+D9yBsVXauhTm1hBt+QGSTvROu+bJzidDODoSGvMH3aTGEGawoz+IzNIMNYkWwG6Wti7lqGYRAREYGxo8egSKHC8otKWw7SzzAZG4sZfPLYB3VrN4a7a3W8efNGhinrM2HJIBEaEoqpU2egRvW68H2mtRlkGIbQzCANR7eM2wwyDF6/foOpHh4oWrgIbly/gcQENoOMUbCYQV9fP7Rs0R4li5eTH+JmejMYHBwMj8lTUFOYwefP/dkMMowV1maQPyBhGODNm0gsmDdfthm8dPEiEhIS1DUM4+hYzODz5y/we+deyJ+voCwtV8jEZjDoZSDGjZ0kzGA9BAS85C/DGMYKrdNp/pqYYRQiI6OwasVKFC5YGKdPn5bjtDKMcVDMHnW+PrD/EOTJnQcR4Q5gBl/4B2DUyDGyZJDGnGQzyDAWUnQ6zWaQYWQHuxs3bJJtBk8cP2HTQfoZJrMQFBSMEcNH4+effkZoaKjNvFO6mUF/YQCHDxuN2jXrynn6qIRhGAXZtcw5pWsZ/oDEARCPt3c+49637h188vPyPZvTvt75QvnEP5OM+J08xs/9vQ4x0THYsX2HMINFcPzoMTaDzEeT+h6Xy3rKBIVSZACnTJ6Gb775Rva3aauv6tPNDPr5+WP48JFoUL8hQkJs524ZxhFIEgn80qVL3LUMw6jExcbh0IGDKFigMA4fOsxmkDEewiZFRLzGkkUr8PXXX+OR1yObfVWfbmbw2VNfDBo4FA3rNUdE+Gs2g4yhoNtdN2eqrktMSMCZM2elGVyxbLk0g4mJZiQkJFopXio+LiGF4mJj5YsyXoimclkoNiYW0dExsrotSkemyCiLTKbkaeQbk+zCgPT69WuLxEOJ2qxo0/CwCNkXnEWvEPbqFV6FhklRjtYy/0pmAqWCQxAcFPyWggKDEGilly8DpaiNsSJl2TrsZUCAbHZCohoHkrZsLX9/fzx//lxH/njxQuxDyN+fpOzjuV/K7ShHTqKeELR5Em2nhdMzLqUozFq+ePr0mZx+SNbbPX36VJUSJud9dGS1zTMxpTCfx0/g4+MDnydCNK8uW/Zpkfb3NOmvt5yL5Zxovd55Ket9n6WU9XqKNxmnarxq8e0vrouf73Ps3bsfefPkxcoVq8T5+CZfd+WaWeaVa6dIC9fuF5qmlLaO7rH3KzAwWDf8fQpMntfuV6t14r4OSrFPyzYUnnLd5+l956bFnxZv1stKWOr41NKVdVhAynThp1w3mW60MFUyHSWnEeW6a9dcuR8s90CK+0ncu8r8M+XeFdLuQQqT9zaFyXvcR3a/8raeJMv70WOpR1LeKUThXg+84fXQS5kKPXzwMFn373nJqZeV7nkqun/vgdX8PXjetejuHc+3RF0kkW7d1NfNm7dw88ZN3LhxI1knT55C7179pBn0vHtXvBds8yFVuprB/n3/RM3q9fHgwSPlgtLFlBIXP3n+HRIPsGfPxAPnA6LPsPXCFak3nbrs6ytuRj1ZbZP8O51w7SbWZJ0I9CS3E/vRW5daz/38xUtMvMDEVCYmmaiUeUXaupTS25fl3JT55ONXw9/ezqK3wtVztY6HT5H1NaUX0xPvx28tp9Zjb29l+uiRSLhP5NRaXl4iEb9LIoE/vP8AXkIPH1CiTqn7IvweJejU8kyVmG/dxq1b///2zjw8i+re449/uFxFiSggCBIgQfYsbEHIRtiykIRVQvaVTRBIIOzoVR9rrRYFLOLWq7ZYte2jKKuoYCsQRAiL1Fu1aiuExeWKhV4s/O7v+ztz3nfy5gVSynNjnN/nfb7PnHXemTMz5/xmzpk5e2VZzUu4Rbs5nC9gn9/R7l27WRzO2rXzfaqq2kk7tu+gd/9YRdu37RC3W2+++RYtXLCIQkKup4ryOfTOO38Q4/DNzW+JNm3YTBvXb6YN6zfRunUbRK+/vtYsucF8/bW1Pr326hp65fev0ssv/Y5+88KL9MKvV9Nq1q+ee4Gef3Y1Pffs86zn6JfP/Bc99cQvXXpG9MSqp+mxFato+bKVtGL5L+jRpY+JHn5omUwpieVDDz5CDz7wU/rJ/T+ppXvvuVfGBi9ZvNilu2nxorto4cJFonlzF9DcykrRnIrZotnlFVQ+axbNnDHDp2lT76ApkybTxLJJPsHvDispLqGiwiIqzCug3Jw8ysvNp6KCQlE+hxXmF/Ayn8PzKDc7h3InZMu0TtlZhTQhK4dysnM5vkSUl1to0nH8uLG5lDU+S9LAPXZMFo3JGEejMkeze2wdjeTwtNSRrHTRiNTRlDFiLGVm3E4Z6ePEPyJ1FKUMzWRlUMqwTPEHk8S7NHxYmigleYTEJ3PY0KQ0l1Jo6JChnCaV06RSWkoapbIQljQoiYYMHiJLK/iHDxsm8VbJw4dLvoz0DFFqSqqEpSQnS1r8v9k+7IdReprZp+Th/m2z+58+wqzHrZGZI7k8RnI6aBSHjZPyGZ0xlsZkjuNyNOUtGl9ABfmTaHBiilwT0ZH9+NiU8rGeUkf5eaUch+NnhLDioqlUNnFGUCG+pGSauKdMmevTxEkzaeqUWTR16lyROy5wHVZTp5h1wO1OP2lyuZynkyYhvLJWHHTn9Nl0B+f1a2adNIH/FUzI684zefLsOmkm8zZg/RPZ7S6386kgr4yvl2K5TqCcCUWi3JxiKePsCYXOdTGBlc3uPEmHpQnLYjnHdLRxp6fhukiX4w3hWhrF1xTOAcheI8OHpMt5DTeuE5wDiXE4v9Pk3ML55j7/kxKSKSFuCMXHDha3FfwJMUkUHzOIbouJE/XrM5D69h4g6tPLLGP6xlKvyNvED0X36E+R3WLqqGf3CIrq2Zsiu/elHuyO6NaHIrv28ymC1aN7T+rRuSuFdwymLqL2oZ2o3c1h1LZVh1oKbdeJ2rYOpZtbt2HdLMI4QeimFjdRWMcwblv20OnTl+ZFqgYzBmHVT582g1q2bEUZaWO5os2l0SO5guUTxWr0qNFSYWB5+9ixdTR+3O2cbwJX4Dl8Mmaz2wh+v1CJ5zhxOTT+drOEJmTl8wmdz3lN/vw8bjQKi7nSKRI3lJfLjUp2nlRIkmc85+F1WsEPZWdxZZVbxOL8OdwYOe6yglKaVFhGEwsncgNVIiouKqMixHMjg3SFqLDyiqkon+MKS6lEVMRuzs+aiPylE2nq5DukwSstQjqO47CS4jJHUwOEi5j/h4X/8wsVaLF//3L8+wN/YUERx5dKOpvGCuUSWD4SzvuJMsIxNOU8gY9NluPOomz2IwxuCMft9nHjJQ0qhVEjxxhxZZCZkenzYwgB/BkjMrlh4oY1hRtMbqCsUocls9K4Mkj2aejgFG7chtKghMQLKoErFHzJHUsoLjaJBg5I5EpiIPWP6S+K6WfUp3cfioowiuwZJROFd+3chbp17SZvN3brGkldu0TQrWHdqVPH2urSOYI639pTdGtYDwpv343CQruyOnNF0JE6dgjjCztc1KF9GN3SNpTa8AXfonlzuu66EL7421N4WFfqENpeFNoulPOZZYf2HURhWEeAwnl9kPF34m0JkzfQ3OoUzuFh4aLOt3YJqm5dulF33s8e3bqfV1IWPXqKIiOi/OoRQb14GR0RSdFR0dQrule91JvVp1dvrrD7OOrLlXWfukJc335GfbCM8akv50G4PZ7n0oDbBgZV7MBY0cABtd31URynjYuN8yk+Ll7kDrtYxQbxB1OdNNgHt9vtD5A7r83vW4/jvtSKh3ibRLGxlMB+UXyCKG6gKdsBt3GchCVymfL1K8sk3p9EVryzb3BDvL0cZv4jkZXkiNfHS8kfN5zdg1zhVklcVwzh9Q+XNPFxw5w0SRyGugNhpu6QMCcNloGy/x08LvB/3fJvc2I8K8G4bZ6BA7Cv5vwycTYf9gd549h44rg4hKEcILjrln8tSTnaMrRK8LlxrEzZxsq1Ys97U/5IEy9+OabOue+W/R9z7Iw/WDwUeL7BjzTImxA3iPdtCGtYLcXHJRo3H6fBfINkwhJoULxJmzwYNzcj+EYn3bl5SadhQ9nw5DYkLWWE3Ly5NSozy6e01DGUmT6axrGha+wH2BoFlJeNG9FSKiuaTGXFbPyXTaGJJewu5BtWDoPfauqUadymz6Dpd5TzzW4llc+YKw/IZtw5m2beWck3xHNp3pxKmj97Ds2fN48WsJYsWsw30otp0bz5dM/d/0mHDh2Sz5BdChrMGMTr0XiSgIajN1f4aGyxDCbEnSu+Vy9uNHr708APSaPjuN1hEh5EUY6iuQGKiory+X2K5DDI7bb+OvLHy3/yOn2CP1gaK1catyI5HaZhwjI62p/Ond/9f2hMo/k/oiNNHiubJspZVxTHR7Dbqtb6rJx87nUELSMW8vnKFeXuhPv8kLN9ckxkX4xkm11+yB7nQH+w88GeAzAg+sg50Zvv8vpRDBsIMX3ZKHCMiv79+9NtLFQmgxK5woBxiAqyPxpv04DHcqODNKjo3JUQFB/HlWtCAiUlDhINSkziymaIPFEZNnQYDRelGrGxmpqcIUpPGyUG7sjMMXKzM2ok3wmzxo3mG5uxMI7ZSGbjGDc/Ej5mPBvrRVTClYjcJPCytARPv8p4WcJ3+JNp2h3T+aZqOs2aWU4VXHmUl1fQrDsrZDmvch7NrljA4ZVUOWcBVyaL5GnjksV30aKFd9OSJXdLhXLvPfeJHrj/QfrZgz+nn/3053xtPiyDlB9k99KHltPyZSto1con6YnHn6LHVz5BK3+xilauXMX+J+mpJ5+mp582wjzKzz/7HL380kv025d/Ry+/+JLold+/QmteXSNPLzes2+TTurXrad269fTGxk2szaLNm6A3aPMbm2nrli20Y9s21nbaWVVFVTt2iNun7dvpPQ7ftWuXaM/7u6l69x7naW01vbdzJ+3m8AMHDtAHBz6g/fv3yxLzex784KB05WBqM3najCfRH39Mn7q6nPAkHN/1QlcZ6izbxYXuL/hNF9oX0jUm3WMcDz+6oo/U1NDxo0d9+vL4MekqP37smMyz+yW60H8EOo79CtwnDqu9j2a/TTobhnRIY3T8mCmnY0eOiFB+VsdQhhyPMofMEAJ0o2KdXzrDCo5SzWGkqZE0h744LF2YGJ8uPSU4juyHEGeX0p2JXhSnh0WWTjcn4rEurMfmRTjk/g8ZXuAskR/hZluOyP9iveiJQVqEW9ltsuu0/4Fw+O02obsW/3dUygV50f1cI2k++8unkg5lgnJCOrs9ELbFluMXX9ghD3+TvEgrYby/9hyXrmHk5aXdD5S12Z8a43fCsH/YJ/QOYZvhN+mw33+T9cnwENcxx/E6ftQMD8HkE/5zwZ/mX9dXoq8cGb8Jx5AVG4ew2kNZ/Pr6q6+Nm9PBXR9987Vf7uEzdljNhYTp5EQnXAoWxvruxHdm+I4M4THLM2cu3YfXG8QYlLFRZ8/Qt1xwn37yCZ+cOEFrCye3HXtgx/jIGAOngkac9UO4IOBHBf7nD/9buvw+5KV7LIBpAPx9/+JGt+GfkN6Emb79fXRgPzcctr+f3fuq94tsPPr5sYQfXYsf7OcltA/pOH7PPm6U9soSXYyI2+eEYQnteb/aaHe1L2z/3gNOV6MTzutC+PvcyFXt4EbvvV20X7bFhFdzmr3c8EF73t8jYQd4G+z/7dmF8QZGuzke66zeg8YSbrPE1/wRj/zV3IBi3ft53zD+AfuHbZZ0znpku/aiUTXxWEoZsHzly2WKMpeuV45HGI7LR9zg/oUb3E9YdvwG3AgTYfySy/05H1MIx1j8n30m5wLOCVNRH5ElxrfUHOZKjysiaSC4AsL81/hQreh/+OLj8w0XoIyZ++7vdPKkEd5SNDrpc59kd+24f1//wLi9f1Ey5u9cOn0B/e9pI8d9+vT359GF4r8nfOS3vsKYx+D6p1RgVv/8/owMgHaH1dUZR2fPL75DDionHvWOLM/WX8gvx+/UKSlzjLuEH/vo1GZB8yH84rB5LzZ/Y8O9vwGyzjq40lxA8rPH5Xw/17Hzi1fhUCfOCZf/8IVZ9xlkcGIdOeH+vCYm2M8fbvOZ1AYTb0NMvJEb+z+1Q51wew3YMMi3DiP740AjuEXwnpVrAXUqZoXBtWHHO7txUrsUjMA4d/rAuIvgolfjznguBVKfNMG42HyXlgYzBpUfNrYhNRWB0vg5X1cC4qCGrYzOjdk+99a5BaQxOod8iS4C3PFv2rCR1q9bT1ve3kJvv7mFNqzfKJPFX3rscXDrh4e77N0KJFgayCLGh9Qvwfabj7f7OHKIPz/i8UQkuM7yDUSw8PoL6zf/5MfZLt5eYzQBJ6yWAtcDaoeb3O50Vu712LxuAuNNGlsugVscCMrR3hSJ8YewANVaN4xXLksrhOGmDG+zbnt3Oy17ZDktXbqUNm7YwDeLdtyaf7vM0r1/5h98/ydec10b4LL5jbCVvvQBuhC1zh9H9cGkq70dtfcDQph7fYHprepDsHzQ/y8N1k2s/DDBkxt02eCpJ150qKmpkQpAUbxIVVUV3dCsGTVp0oRatmwpg7fDwzrJ2F1F8RJoB9DVPXXKnRTSNITatGkj45YxJhdvRfuNZKUxosagUou/fv45LVq4kFq3bk3h4eF095K7ZPyConiRnTt30o033EghISE0u6KClj+6jFYsXyFjERXFS2DozaOPLKPrrmsqL4s99eQz8rUCjBPGODk1Bhs3agwqPvBR1zWvrKHWrVrRZZddRtc2aULTp02TQbGK4kVgDDa/8UZ5Irjt3W3ykddDXxyS8ZyK4iUw9hsv0DVtGkKPPrqSPvzwz/L9R3wzFDMmKY0bNQYVAXd1Bw8ckE++XP0fV9M1V1/DF31TKp85S168UBQvsmPHDmp6XVO66qqr5FMxJUXF9MLqF+TtREXxEvj4cbtbOsiQCXyncM7sSpo/bz5t2bJVPmavNG7UGFQEvCW5+le/lg9c4vtVE8bniTFYOadS3sA16NhBxVvg7fqInhFiDF555ZWiNje3ofvuvc9JoSjeAB/Db9LkWuk1wvVwzTXXyLJDaChtZYPwUk2LpjQMagwq8vbUzqqdMhA4MWEQX9h/oFkzZosxOH/eYjUGFc+CT8jg22QYL3Xw4EF5MognI/hgt7xtrygeAbMmXR9yvfQaYUYfGICY2QbXQ0y/GPnundJ4UWNQoaNHj8oHwNvd0k6mAdu7dz8V5BXLoPl5cxfLxzXr9S6/ovwYcc79709/T29sfINaNm8hb1Jivl99017xCvuq98okEXhIsGL5Y/K914cfXipvFt/Q7AbXQwOlMaLGoELVfJFj5oxWN7WiosISeuD+h6hjh3C6/PLLKW5gEr391lbXd6QUxTvgyaDMknD8Szp8+DA98fgqafjCwsLom6+/0TcoFc+AuejLSkrp2muvpYryCpmYYdnSZdSMr4fQdu30qxONHDUGFRkXhQnomzdvTh3bd5TvqF1xxRUyNgQG4oL5S+jECe0CULwH3h7Oy8ml4qIimjJpMoV16Egtmreggtx8wuwoiuIVMOvI1q1b2fhrJnOjjxk9hsI6hlHLFi1p1sxZMhOJ0nhRY1CRqdnwphjmkH1tzRp6/PFV1LZtWxksP3RIiszbqp8OULwIpl9Ew4fPLKF77Prrm9GErGzpIlYUr4FpOteuXSvfGQzh66EZXw+lJaV0+HCNPiVv5KgxqMiYKHSHnTp1Ut4qxrzL8bFx0h2GLmN9Kqh4FXxP8OOPPqLt27eL8K21IzVHdKyg4klg8OF7tJ9//lczr/wnn9CxY8fprF4PjR41BpU6nDhxgt7Z+kd6cfVvZJoh0/BZKYq3QAOIMbOQGoGKovwYUWNQqQM+NXPq1D9kQLB59I8G0E7OrSiKoijKjwk1BpV6AENQjUFFuVTghktRFOWHghqDSj2wTwcVRbkUwBi0UhRFaWjUGFQURWkAMIPJyb+flE926GwmiqI0JGoMKoqiNARnib799oQYhDqvq6IoDYkag4qiKIqiKB5GjUFFURRFURQPo8agoiiKoiiKh1FjUFEURVEUxcOoMagoiqIoiuJh1BhUFEVRFEXxMGoMKoqiKIqieBg1BhVFURRFUTyMGoOKoiiKoigeRo1BRVEURVEUD6PGoKIoiqIoiodRY1BRFEVRFMXDqDGoKIqiKIriYdQYVBRFURRF8TBqDCqKoiiKongYNQYVRVEURVE8jBqDiqIoiqIoHkaNQUVRFEVRFA+jxqCiKIqiKIqHUWNQURRFURTFw6gxqCiKoiiK4lmI/g+1WIKjcZgIUwAAAABJRU5ErkJggg==</file>
    </questiontext>
    <generalfeedback format="html">
      <text></text>
    </generalfeedback>
    <defaultgrade>1.0000000</defaultgrade>
    <penalty>0.3333333</penalty>
    <hidden>0</hidden>
    <idnumber></idnumber>
    <single>false</single>
    <shuffleanswers>true</shuffleanswers>
    <answernumbering>none</answernumbering>
    <showstandardinstruction>0</showstandardinstruction>
    <correctfeedback format="html">
      <text>Your answer is correct.</text>
    </correctfeedback>
    <partiallycorrectfeedback format="html">
      <text>Your answer is partially correct.</text>
    </partiallycorrectfeedback>
    <incorrectfeedback format="html">
      <text>Your answer is incorrect.</text>
    </incorrectfeedback>
    <shownumcorrect/>
    <answer fraction="0" format="html">
      <text><![CDATA[<p dir="ltr" style="text-align: left;">1</p>]]></text>
      <feedback format="html">
        <text></text>
      </feedback>
    </answer>
    <answer fraction="33.33333" format="html">
      <text><![CDATA[<p dir="ltr" style="text-align: left;">2</p>]]></text>
      <feedback format="html">
        <text></text>
      </feedback>
    </answer>
    <answer fraction="33.33333" format="html">
      <text><![CDATA[<p dir="ltr" style="text-align: left;">3</p>]]></text>
      <feedback format="html">
        <text></text>
      </feedback>
    </answer>
    <answer fraction="33.33333" format="html">
      <text><![CDATA[<p dir="ltr" style="text-align: left;">4</p>]]></text>
      <feedback format="html">
        <text></text>
      </feedback>
    </answer>
    <answer fraction="0" format="html">
      <text><![CDATA[<p dir="ltr" style="text-align: left;">5</p>]]></text>
      <feedback format="html">
        <text></text>
      </feedback>
    </answer>
    <answer fraction="0" format="html">
      <text><![CDATA[<p dir="ltr" style="text-align: left;">6</p>]]></text>
      <feedback format="html">
        <text></text>
      </feedback>
    </answer>
  </question>

<!-- question: 130270  -->
  <question type="multichoice">
    <name>
      <text>Question 9</text>
    </name>
    <questiontext format="html">
      <text><![CDATA[<p dir="ltr" style="text-align: left;"><strong>Select the THREE options </strong>that combine to make the complete shape shown below without overlapping. Pieces may be rotated 360 degrees.<br></p><p dir="ltr" style="text-align: left;"><strong><img src="@@PLUGINFILE@@/09.PNG" alt="" role="presentation" class="img-fluid"><br></strong></p>]]></text>
<file name="09.PNG" path="/" encoding="base64">iVBORw0KGgoAAAANSUhEUgAAAm8AAAHtCAYAAABPppnGAAAAAXNSR0IArs4c6QAAAARnQU1BAACxjwv8YQUAAAAJcEhZcwAADsMAAA7DAcdvqGQAAKZ+SURBVHhe7f13WBXZuq8Nf/9957zn2+fd8Vxn773W6l6pe3Vu2+42BxREVAxgVlQQEAPmACYUEyrmnHPOOWfBnHPOOYBZEXy+5xlVNWeBGIFJVc3ffV0/qmpUzckMNavuMWpU1f+HAAAAAACAbYC8AQAAAADYCMgbAAAAAICNgLwBAAAAANgIyBsAAAAAgI2AvAEAAAAA2AjIGwAAAACAjYC8AQAAAADYCMgbAAAAAICNgLwBAAAAANgIyBsAAAAAgI2AvAEAAAAA2AjIGwAAAACAjYC8AQAAAADYCMgbAAAAAICNgLwBAAAAANgIyBsAAAAAgI2AvAEAAAAA2AjIGwAAAACAjYC8AQAAAADYCMgbAAAAAICNgLwBAAAAANgIyBsAAAAAgI2AvAEAAAAA2AjIGwAAAACAjYC8AQAAAADYCMgbAAAAAICNgLwBAAAAANgIyBsAAAAAgI2AvAEAAAAA2AjIGwCA6M0bynj+kl6nPEZsnvQnz/UvFQDgVCBvAABKf/yM7i3dROdjh6lc6DICsWHOdx5Gd+av079VAIBTgbwBAOjV7ftq55/894qU/LeKtOsflRG75e+VKPkvAXS27UD9WwUAOBXIGwCA5e0ene84hJL/WkEJQLKIAGK7JH1Rjs62GaB/qwAApwJ5AwColrfzXYapVjeRgGxbdhBr56tASv5zeTqHljcAHA/kDQAAeXNCIG8AeA2QNwAA5M0JgbwB4DVA3gAAkDcnBPIGgNcAeQMAQN6cEMgbAF4D5A0AAHlzQiBvAHgNkDcAAOTNCYG8AeA1QN4AAJA3JwTyBoDXAHkDAEDenBDIGwBeA+QNAAB5c0IgbwB4DZA3AADkzQmBvAHgNUDeAACQNycE8gaA1wB5AwBA3pwQyBsAXgPkDQAAeXNCIG8AeA2QNwAA5M0JgbwB4DVA3gAAkDcnBPIGgNcAeQMAQN6cEMgbAF4D5A0AAHlzQiBvAHgNkDcAAOTNCYG8AeA1QN4AAJA3JwTyBoDXAHkDAEDenBDIGwBeA+QNAAB5c0IgbwB4DZA3AADkzQmBvAHgNUDeAACQNycE8gaA1wB5AwBA3pwQyBsAXgPkDQAAeXNCIG8AeA2QNwAA5M0JgbwB4DVA3gAAkDcnBPIGgNcAeQMAQN6cEMgbAF4D5A0AAHlzQiBvAHgNkDcAAOTNCYG8AeA1QN4AAJA3JwTyBoDXAHkDAEDenBDIGwBeA+QNAAB5c0IgbwB4DZA3AADkzQmBvAHgNUDeAACQNycE8gaA1wB5AwBA3pwQyBsAXgPkDQAAeXNCIG8AeA2QNwAA5M0JgbwB4DVA3gAAkDcnBPIGgNcAeQMAQN6cEMgbAF4D5A0AAHlzQiBvAHgNkDcAAOTNCYG8AeA1QN4AAJA3JwTyBoDXAHkDAEDenBDIGwBeA+QNAAB5c0IgbwB4DZA3AADkzQmBvAHgNUDeAACQNycE8gaA1wB5AwBA3pwQyBsAXgPkDQAAeXNCIG8AeA2QNwAA5M0JgbwB4DVA3gAAkDcnBPIGgNcAeQMAQN6cEMgbAF4D5A0AAHlzQiBvAHgNkDcAAOTNCYG8AeA1QN4AAJA3JwTyBoDXAHkDAEDenBDIGwBeA+QNAAB5c0IgbwB4DZA3AADkzQmBvAHgNUDeAACQNycE8gaA1wB5AwBA3pwQyBsAXgPkDQAAeXNCIG8AeA2QNwAA5M0JgbwB4DVA3gAAkDcnBPIGgNcAeQMAQN6cEMgbAF4D5A0AAHlzQiBvAHgNkDcAAOTNCYG8AeA1QN4AAJA3JwTyBoDXAHkDAEDenBDIGwBeA+QNAAB5c0IgbwB4DZA3AADkzQmBvAHgNUDeAACQNycE8gaA1wB5AwBA3pwQyBsAXgPkDQAAeXNCIG8AeA2QNwAA5M0JgbwB4DVA3gAAkDcnBPIGgNcAeQMAQN6cEMgbAF4D5A0AAHlzQiBvAHgNkDcAAOTNCYG8AeA1QN4AAJA3JwTyBoDXAHkDAEDenBDIGwBeA+QNAAB5c0IgbwB4DZA3AADkzQmBvAHgNUDeAACQNycE8gaA1wB5AwBA3pwQyBsAXgPkDQAAeXNCIG8AeA2QNwAA5M0JgbwB4DVA3gAAkDcnBPIGgNcAeQMAQN6cEMgbAF4D5A0AAHlzQiBvAHgNkDcAAOTNCYG8AeA1QN4AAJA3JwTyBoDXAHkDAEDenBDIGwBeA+QNAAB5c0IgbwB4DZA3AADkzQmBvAHgNUDeAACQNycE8gaA1wB5AwBA3pwQyBsAXgPkDQAAeXNCIG8AeA2QNwAA5M0JgbwB4DVA3gAAkDcnBPIGgNcAeQMAQN6cEMgbAF4D5A0AAHlzQiBvAHgNkDcAAOTNCYG8AeA1QN4AAJA3JwTyBoDXAHkDAEDenBDIGwBeA+QNAAB5c0IgbwB4DZA3AIBL3pQAQN7sma8rQ94A8BIgbwAAlrd7dL7TENr5Rz/a+QdfSvrCH7Fb/lSOdvxXGTrTKkH/VgEATgXyBgCg16lP6OaUpXSiYRc6UT+WTjTgIWK7HK8XQ9fHzNO/VQCAU4G8AQCIMt5QxrMX9PrhI8TmSX/6XP9SAQBOBfIGAAAAAGAjIG8AAAAAADYC8gYAAAAAYCMgbwAAAAAANgLyBgAAAABgIyBvAAAAAAA2AvIGAAAAAGAjIG8AAAAAADYC8gYAAAAAYCMgbwAAAAAANgLyBgAAAABgIyBvAAAAAAA2AvIGAAAAAGAjIG8AAAAAADYC8gYAAAAAYCMgbwAAAAAANgLyBgAAAABgIyBvAAAAAAA2AvIGAAAAAGAjIG8AAAAAADbCgfL2hpOhB7wffE4AAACA3bCIvOVEIsyyljWfgiyf3XO9B1k867JS9jHRefPGNPEpZH0+Ix+NLKy/bnkN730O07KuMObHZPu47Mj6PNk8MOvzWi1ZyW6ZD+WjkAWNz+l9fOxyHyI3ngMAAEBek4/y9kl7sQ9gPFfWfA6f+vhPXd5KfO77zOkO3vxc+YT5JXxqspLdMh9KtoVZY8iUOWY+ZpmPIbeeBwAAgCfIR3nTdhAZ6en04MEDOnf2HJ05fYbOnj37zsgyF85foIsXLtL5c+fp3Bl9njE0ljt3Ts0/z8ueP3fBNW0M5fFGLl24RJcuXspUll1kGZVLl+jy5cuZ4prHkekrevmVK1dUrl65SteuXaPr166roZHr16/TzRs36cb1G1pu3KBbN2+p3Ll9h+7euUv3793PlHt376rIuHxuDx88VEMjDx8+VElNSeGk0qPUR/T40WN68tidp5Knz+j5s2f08sULLS9fvpW0V684afQ67bU7r7NPOn+PeRlZTzLSZX35QDI+Pm8+mDdv58078r55ejJ5mUJ+A+8Sp3clKx+zzId412sAAABgRfJd3h6zSCxZtJiiIptQSL36FNqwETUMacBpSGE8LmnE05LwRqEU1ThcJSI0jBo3akShDRqq5WW+jKvHhDamcF4mMiKKmkVFU7Om0RQRFk6N+TER4REUFdGEmvL/i+LxZk2bqci0K1FN+XHuSJksE92suZbmzamlKVLWgmNMt27RMlPatWpDHVu1pZh2Hahj63bUoWVb13RspxhXOsd2pi6du1DXLl0prnsP6h3fi/r27kcJffryMIH69OqrynrH96aEvgk0IKE/Dew/QMUYHzxokMrQwUNo2JAhNGLoMBo5YiSNGTnandHjaPzY8TRpwkSaMmkyTZsyVc80mj5thsrMGbNUZs2cTfNnz6E5s+fSvHnzaOGChSqL1HCRymL+/pYtXqKydMlSWrF8Ba1csZJWr1xFq1etzpR1a9bR+jXrVTasW0cb1m+gjRs20pZNm13ZunmryrYt22jn9h20c8dOStq5k5KTklT27NpNe3a7s3fPXtq/dx8d2H/grRw+dJiOHjlKxyRHj9GJ48fp5PETdOrkKTp96rQrUgE4d/a8q3KgRPwSC7jkMks4xyXhVw35vqHkW2T79i2OLtx3RbDv3VOCLXItSXmYokRa5PkZi7PKs+f0/PkLlVe6LL9O02XZJcZc5grPMwvzaxZbLktPz5q35ffDkceJhJujzctOfD2VD0pznoWVNlPc5S70eQAA4GnyXd6khalb15701d++psKFipBP6TJUulTpbFOyeAlOSSrF8THKS5Sg0lwuQ5lfolgJKla0uErJ4qWoUkA1CqpajUqVLE1FCxelYkWKUXGe54osz2VFCxXm+UXUuAovW5Rfj5rH5Wo+x5hfXE8xmafPl3E1zeOFf9enixTVluVxI0V4ngo/f9bIa5QU/r2Qeo6s+f3XX/X8RoV4mUK/8ZDza8FfVX7jecZ0wV8KuvKrMV7gFyrwUwH6+Yef6afvf3Tl5x+0/PDtj/S95Jvv6bt/fJNtvv/mW5Wv/vYVffXXv6t8LeMq2rjkH6Z8/fev3dMybuQrLT98+x39+N33b+XXAvza9fz2C78/fl9F+PM1p3jRYlS6ZCleJ3zIt0xZ8vcprYblyvpSJf8KVLlCRapWoQoFV6lKtaoFU52gGlS3Vh1VWQjhYYO69agxi39kWGOKZKFv2iSKmrOst2wRTa2iWcBbtqK2rdtQhzZtqUPbdtSRE9O+g0rnmFjqzrItiY/rQX3iWLh79KKE3n2pPwv2oAGJNGTAIBoyaDCNHD6Cxo0ew+I8jiZNnEqTJ01zZca0WTR71iyaM2eeyoJ5C1xZvJAFWc9SEWTO8qXLWZDdcrx2zVpav06EmMVYSfF6JcWbWYazi0jyts1baOuWLbRt6zaVHYYoK1lOol3Ju1Qyi/Ie2seifHD/QQ4L8r79rhw6cEjJ8pHDR1REmo8fO0EnTrwdkeczLM1nZCjRW93NLeOXLrolWsTZiLRgS6S1WuRZE+ibLNC3VbTWa21ati/3pAVbj3n8/n1NrlNSUlSkpVq1Vj8SyX5CT588VZFxKVPlPO2Sb47Ml+FzEXHOixcvVJ4/16aNSOu2CLo7ryiNRV3Laz3u6XSW8wyJCLQSdb1MZNqIyK0yS22Lqslk5ulMAQDkLR78reVznzdSG9BevfpS9eDavNPZyBv9o3TwAO8YOLJD2LtX2zHIUHYksmOR4d7de7hsH+9Q9tDuXbxT4eGuXTJ/B+3Ytp22bdnKO6TtakcjOxTZKW3hndXmjZvUDms7L7Nj+041Lq0/qgWII/Nl57Zxgza9aeNGNe5aRso5m2THyMvKDnL92nUqMl+GqsVpxUpau3qNeg7Zqa6Rnay0RpmycvkK1UqltVSt4uFKWrFsOS1buoyW8A7aaOWSHfj8ufPVcN6cuTR39hze0XP04Yzp0lo2XWs9myqtZ9NpKo9PHD+BJowbr2RhHGfsmLE0huVhxIiRNHTwUBqcOMjVcpc4YKBqvUvo24/69u6jWvd69YynHt3jqCcnvnsPHvag7p27qHTr3Jk6deioREbSrnVbat+qDbVj0dFaHKOpZfOWnNbUihPdvA01C4+i8EZhFN4g1JWwRqHUoH4Dqle3PtXnhNSpS/Vq16Xa1WtQ7eBgqh0URLWCq6thzWrVqCaLePWqVVWCq1RxDatVrkJVAiu7ElixElXmVGJxk3FJxQoVeLoCj1ekSvq8iuUraAngqGV5Hi9ToXyAOzwvgIf+fuVUyvn6kh+nnIxzyvuXd833ZWFUYXks61OWKyM+rpThiknZMr5UqkQp+uYf33K+UaLuy2WluXJhpFSJklwJ8VEpWVxLCa6YFC8mFQ6pfEgFgiWfKwVGihWRCksxVQEQsRfJlaE5v/z8C/3C4m6k4M+m6IJc+HejIqGJsVREpLIkKVGspKrwSKXIpxS/Rx9fKsMVKB9+zTL05ffrVyaAP58KLM7lqXy5ilS1UmWqwd+NkeAqlSmYv5/qVapRnRo1qU71WhyW6Zq1qD5/743qh6jWd1kvwmRdkRb08EhqHtlECbW0cEc3b0FtWraktryutWOpbi9SLWnXjjq176SNc2I6dKLYjjHUJaYzdeV1tkusFhnv3rWbWrd79ehJfXg97yut3L16Uz9e9wf0S6DBA1m6WbgH8XCQ/DakdVtatgcOoqGDhtDwocNU67YsI8MRw4bTKP5dqYzUh8NG0KihWkaPHEVj+Pc3jjOaf4PyW5zAv8+JEyZmG2kRnzJ5Ck3lyNAY1zKVf9/TONNp+tTpNGumtJBrmTFdG86ZPY9mz5yrpiWzZ82mObPmcuapbcj8ebxdmS8t54vVcMF8bRszby5XGHhcTc+br2XuPDU0yiVaq/tiWrRwsWp5l+2VUbFQWbKMt2MrVJYu4YrGslW0SiobK1fzdo+3hTzMLiuX83ZwmWwHV6rlZRsq21MZlxjzJKvV8+llvM2UbaexrPF88vh1vE3OFK7oSLk58n+Xy3MYUc+5XI0bz2f8X3kvK1S0cSPGa9SW1157dnnr9ejRKl7r3dOyv3lHspuv7X+40qZPq30ZR+3D9DLJJn2/pab1/ZjsG7du2cb7xR1q32jsK9WREN6XyjxXZFk5MsL7Vy3G43jfyxVASdLOZEpO3sPDXbzvTXJFKoW7d8k+W9tv7+Z9uRry9K6kZI57vuy7jezZvY8rjjJ+wJX9+w4oTzh06JArRuVRKo5Hjx5TR1uOHT2uKpHHjxs5yRXIk1yBlKMuZ1TF8cyZM6pblorqYnVedbm6cF6rSEoFUlUijSMwcvRFjxxpefnipfIZL5E3DemfNbD/QIpq0pJr0zffql2aD+2ow0VySElqpka5OnSkTRvz3DVY7TCTPI8cjjKXq3n68NWrV6645meZds3Xh8Y8Y9wc+SKNZFeWOdLnzD394jnX3PWYa+7uSI1favvuSMtApjx5og5HS0tBamrWpGotDdI3TvrJ3Zd+c1pkXKL1r7tH9+7e0w4DmiItGXf0odHSoVo7OEYryLsirSXmFhQtV1w/DC2X6PJF7Qdz4QL/eIycl0Oa7pwz+jpy5McnLTknjh1XP9Yj/MM9cuQIHT54mOTQ6T6Wf9kAGBsL2UiIzIu8b98mrU7aYVqjVUo2buvXaRtIFd7Yq50Eb8iXLl5KSxYtoUWLFrkiO6+lXDZv7lyaNWOmykwWatnRyqFpkejx4zgs0DIuh7V9Spem33/5lYWjPY0ZNZ5FejglDhzKEj2E+vdLpART+vVJ5ApOAsX37KVEWhLH8tFNSbQcZu9BnWO7q8SwrLRr04Zat2KJNsIiLcIj8iORLgrhYeEqESJI+ngoC5OkkUh1/YbUsE4INagdonVZaNBITdepXptqBotYy7hIdi0e1yRMhjWDa3FFrAZVD6pOwZya1bTUCqqhIuM1WMSrs4jXqBZENaoGq/FgTjUW82osdcHVgrXw46vzY2oEyTL8GJ4fLKnCwm6Mm8qCeJkgGRphWZQEB/LygUFULbAKy2QgVebI0BWWyaq8vAovX0UeJxUCNV2ZKvN8cwL1x0jlIJDFXp5PKgdVeFiNyyUyXYnnSSXBGK/gH0AB/jwM4EoDVxQCyvmTv69WIZDxCnrKqwoChysBUgEo41NGxdenNE9L67JUDrR5MvTj5fw55blCIdNqWVnGx498S0kFQo5mcOVBnksfVxWKUmW0SoW0WJfg6RIs4hypQJQpUYLDkq6XScrwMrKczJMKSMksKaEEvwQPS7Hkl6QCPxai774ryJWAYlRGnrMYP1/RUlS6CEt+CXdkWsolMu1b0o/8OBV8ylGFMvyZmBLg46/m+fpwhYrHtTL+rPh9luP3U740P47LKpY1HlOeqvhXpAq+XCnz1coD+HOR55bxSuW0+RV5XgX+zKVMC1fmOBU4lf35+y1XmSr4VaYAPRXKcqVOTwBXWAL4/wS4HutOID+/EfX/OZX9+Dn1aGX8f9+T7JZX77Msfz7vSSXf8vye/FUFU1UmVWTd0IZl5LtX61dZtR5WKhfAnwWv/5xAP66MlubP1NePKqrXH+CK+lz5vVXmz0Qin2FFXm8D/Pm1yTrPn0/F8tWocoXqKhX9q3JZFZXA8kGucpVKPK9iID9OPtdK/HoD+bcSpH5LgRV52cBg/h3W5N9ckEqVwOr8m6yhyoKr1ubtQj2qWaMu1aheh1ObatWoRbVq1qPatepSHa4M1q1Tj+rLERbenoXUD3OlYYMwCguNVIkMb0ZNIqWLVDOK5jRrEs3jrSi6RWtq2UK2pa2pXdt21J7TsX2Wrk4xsaqBRKRPWsI9ST4fNiXVDyiRa7fhjaN4h31JSRgAjkLVxviPnpcvXyn5ahgSovr0GfPNfb3eCv8uPibG4TX3objsI4ftso9Rocg+ckjQOGQolQk5bCgnxGgnxWiHF6V/n1QQ5JDkPTlsacpdXfpF5o3DnjeuX1d9CpWw63JuHDrVyi4oQT+py/lRFvOsOXzoCB06eMjdas/Svl+knWvre3fvVTX5nduTdGHXW+bN0Q8dS6uCtKpvXLdexSXwetaslpagNbSKZX7lMmlRyhwpl0grzmIWeon0A120YBHNmTWbxX6WavmSTJ86jSaxzEsr2/Qp02jmtOkqkydMoom8Qxg7ZoxqwZN+q9KyN3zIUBU5/K7KucyI0epnXm7IoOEcUwv7gME0oP8grhAMoD69+1NfjgwTevX5iPTVo01Lq3x8N65IcLp3jaeunbkCEROn0q1Ld2rRvA0VKViCChQoShHhzSmuW2/qHtOFOrbrzBWWzmq5uJiu1KVjrJpu26aDijGvS0x3NT9rusZ0c/2f7jzdo3M36sn/z5gv0735tRmvT8pkaIx349fQmSs4Mt69W3cVeQ/xcT2pr/n99tM+m/gefdUwa3rH96M+XKHq04s/R6lY9eijkhBveg6OvBbpTmG8BuN1GOnSKZZiO3SiTiIFHTup12ZEyiTGdEyHjq4y6cbRJrolteGKWZvoaGrLgmGOlLds1pyaRzVVlbWI8EjV51siXUNkKC3coY24UtagATVkwWkord5ceZP5EY2lMqfNV8vpkcdJq7gsb5RJ5a5+rVoqtYJYoKrW4cpUbVeqc6TMSFDlmixn1VUqseRVKleBynOlRsk4C5y/X6CqmJRgqS9bPMCV0sXKqbKSRTOXS4oXKal3N8ravUhLwQKF3ZFuROrIROauRe9KgZ8L0M8//ZwpP/3wE33/7Q/0ly++JD8WXOmqormL2phz8p58kjd5c1qfN9n4y2EHkTfZSEPegNORFluRtxrB1dVhDtVPKUdovyV3chvTc/JrdXfezxrpg5WuJUOSjYS+K+kZWkv6B2JufVeR6axl/PlKjFZvOWNatZIbcvqxMaT1+fNMeWGKtIQbeVe5kawt5lp/Ok16tRZzntbLHksfO67YfnJSHrn67pkjLe0SY1yOeJiHWSPinWnaPK6fhCNnt0u3F3Meqtb7+3TgwGFq3rQVNYtqSXv37KcH0povy8gZ88a4HpmWE3y0aMuY539qXK9PjiJknf+O59eOPrz9ntVzGePm6P/DNV8fz/R41zLZvA5zjNeUJcZnkl3ZvWyOimSNOkqiV5beF+MKB0beNT+7MsnNm+6jK8aVE+RkLnO0cm3+9WvmXKerV69mypUrV1Wl7dy5CyRXjLh8SY7OSOXuEjuC9IOVIzRamUzLMupqFafOqJPPTp44Scf1Q6Zy+FQOpUrlTqvgHVaVOzkqI9MyLodjjezhip50xVInxelJ3pmkKtnb1eFh7TDxls1buSK3jlpGt6K6tULUoWXZPnmBvAmawElNftjQERQaGqkOgcmGGABHov+u5dB7D67xV69chVatWKnE5/PRfkeZk5sYz29GfyNvkfV1ZH3cx2I89nM/l6yfyec+D/gseH2Winjb1u2pVctWaocqIg+shdruuCpe7kiZJGu5bcLr2rtirjBmnX5nslYspasWD+XIw4jhYyk8NEr150vn5fiD05P35HufN9mRjRwxhurXC1GWLDVnAByJ/ruWVqH47nFK3uSkFdng5AyzqOQFn/r6cvp65P/l9L0Y/z+nny34VGSHJ4e5o6NbqhNMpLO4tmMDwDlIq/6okeMpvGETSk5KVuu9ayPvAfJd3l6zxcpZWHVqh6h+KnJ4AwBHIpLGEXmTsxxF3qRvVM7lDQDrYMhbS7nMDkdOJtJ2bAA4B+mCMXLEWIoINcub58h3eZM3PH7cJKpbJ0R1MBabBcDJiLzJ5ViqVahEi+YvhLwBRyHbdOkCI4dMNXk7CXkDjkPkbfjQkdQkvIm6koHXyZsweeI0qls7RHUWhLwBpyPyltCnnzqVX85AhLwBJyHrs5wx3K5NO3WJmhPHT0DegOMQeRs2ZKg6m1cuWO6V8jZt2nR1kdbkpF2QN+B4RN4GJwykgNJ+6sLKLnmDwwEnwOuxnBHYoV0HyBtwLCJviQMHqVtoHjt6VFvHZRvuoe24JeRNrggu8rZjR5I6RR+APCcfW7tE3oYmDiZ/H1+aPHES5A04Drngdof2nZS8HT92HCcs2BUPyojdEHkbOGAgRbeIdvfr9ODnZRl5q12rtrp2ii3kTXa28kUZkemsZe+LsfyH4kSye3+5+V7Nz2+O/tm/eZ1Ob16lUcaLl/TmZZo2z8PI5XDk1kkBZf3UHRcgb8BpXL58hTp26KTu6CFXEYC82RDeLr1Je62SH9tJqyOXORN5k3tfn/ZWeZszew7VrF6D1q3boD4Qy6O+IP7zuQGeRT7zDI7sQAx5e87y9uJVvnwfIm+jh40k/zJl1L0uIW/Aacit7zp1jKHmUZA328LbJcjbu5GLbPft3VfJm5yg45XyNm/eAqoeXJ1Wr1pNz58/10stjPHlyAqNldpemAROhvkhTCJvY0aNJr+SpdQtjVzyBnsDtkeTNLlhd+eYztQ0qjnkzc7Itkkqvtg0ZYY/F7kVYI+4HtQqupW6KLWn+3VaQt4WzF9INavXpBXLV9hD3oC9URskqSXlzxZJ5E36upX38aGRQ4eb5A07OGBnZD2WdThD3faoW+euSt7k9kSQN+AozPLWsrXq4+nejnsGi8jbAgquVoOWLFmibjkBQJ4jP7R8kje5tcqM6dMpwLcsDRs8FPIGHMc1lrfOMd0oqkkUHT54iNJx20PgJHibnZKSSt27xVHb1m1UNwGvlDc5bFqtShAtXrSEnj17ppcCkMfkk7xlsLzNmjmT/H18aFDCQMgbcBxy2DS2Uyzkze7ItimftpNWRrbZD+4/oC5dulLrVl4sbwvnL6CqgdVp0cJFkDfgeETe5s6eQz6lSlG/3n1MP3psJIEzEHnr1LGzkreDBw6prgLAZhji5mEpsQOyzX748CHFde1GHdq1pxvXb5i2457BEvK2ZNFSCqpSk+bPm0/Pnj7VSwFwJiJvUmEpW7o09etlljcAnIFx2DQiPFLdsxryBpyEbLMfPHhAcd2683oeS3du3/FOeVuxfCXVqlmXZs+aTU8hb8DhiLwtWbSYAvx8s7S8AeAMrl+/4ZI3uWc15A04Cdlm3717j7p17kJdYjvz+F3vlLeVK1azvNWh6dNmqGunAOBk3mRk0Iply6mivz9a3oAjcclb4wjatxfyBpyFbMNv3bxFXWNiqXvX7vTwwUMvl7ep0+jJkyd6qcNIz6C0uw/p5fU7HsmrW/cp47kNLnic11hQjOSHv2b1GqoEeQMOReStW1eWt7DGLG/7IG/AIWgnlck2/Pat26rlLb5HT3XmqVfKm1yct1bN2jR1ylRnyht/qWn3U+jK4Gl0OqoXnWneN2/TrDdd6DKcnhw6rb8AYCXkh79u7TqqGFCBeveMd//oIXHAIdy8cVPJW1ijUNqzZ6+6ny8A9ka7hqFEtuHSz61b1zjqG9+LUlNTPb79toi8raIawdVp/Njx9OSxA+WNv+hXN+7SseA2lPRFOUr+S0CeRv7H/iL16cG6JP0FACshsrZ540aqVKGiqrUpeZPfPeQNOARD3hqHhtFeyBtwBJnlTQ6bdukSR73ieyt588qWt7Wr16p7m44ZOZoeP3qslzoIkbebLG812lHSl+Up+e8V8y5/q0hJfy5P+4s1oAfrk/UXAKyE/Mi3btlKVQOrUM+4HpA34DgMecNhU+AcMsubrONdWd6k5e2Rt7a8rV+7TsnbyGHD1S0nHIdL3tqrlrFd/6icpxGBO1C8IeTNoois7dixg4KqBlGvTIdNtQEAdufWTdNh091oeQNOwC1vch9TuQVcbExX6tcnQTti6I3ytmH9BgquFkSDEwdB3nIhkDdrI7K2O3kX1QiukbnPGwAOQeRNroEV2rAR7d61C/L2LtRN3/H7tweZ5e3SpUvUsUMX6te3v3aVDG+Ut40bNip5G5DQX+v45zQgb8CEyJocSqpbq3bmljcAHIKcidezR09qGNKQdnFFBfKWDfKz530D5M1OyHf1RsnbxQsXqX3bjpTQr3++3JPdEvK2aeMmJW/9+/aj1BTIW04DebM2ImuHDx2ikHr1qEdcnOo/AYCTMOQtpH5DSk5Khry9C4ibLVEtbxcvUds2Halvn37eK29bNm+h2jVrqZa3R6k4bJrTQN6sjcjbiePHqWGDBtS9azdePdCZGzgLuYyCtCqH1AuhnTt2UhrkDTgIs7z1iu/rvfK2bctWql2L5a1fAlreciGQN2sj8nbm9GkKCw2jzrFd0CoBHITWknTv7j3q06s31atTl7Zv2w55A44iU8tb3wH08oXnL4hvCXnbvnW7kjf5saekpOilDgLyBkyIvJ0/d54iwiMotmMMpb16pcoAsDeyDmsduu/fu68OJ9WqWY+2btlGr3gdB8ApZKRn0Lmz56ht2xgaOGCQ2oZ7GkvIW9KOnVS7dohqZoe85TyQN2sjoiadXSMjIqlT+w70/NkzyJsHkVozvU7P17zhqNfhKLLIW68EqsPb9W1cOUfLG3AS6enpdPrUaWrdqoMmb2me7/piCXmTs5Gkb0TPHixvDyFvOQ3kzdoY8tYksgm1b9tOnWYOefMQ/Ft8fuEaPdy0hx6s3enO+l0flYcbdmcOP8+nJGXLPkrZvIdStx+gF5duqHseOxElb337Ur069XDYFDgOkbdTJ09RmzadKHHgcEp75fn12xLyJrdPadgglOK6xUHeciGQN2sjonb50mUlb61btlL9PN/I9Z5AnpPBEnFrxgo6UrklHfKLpEP+Tehw+aj3p2IzOlyBE9BUm5ZxSaUWdCQw+sOp0oqOVnVHHnesVge6M28dUT7U2D3Bg/uavEl3GOnTDHkDTsKQt7ZtY2no4FH50i3AEvJ2YP8BCm0URt26dKOHDx/qpQ4C8gZMiLxdvXKVmkU1pegWLejevXsOPIRmTTJeptHVwdNpz4/B6rcov5W8yK6vAt8ZuX2d/P/ro+fSm5dO7AuWoZ2wEN+LalSvoa4mgD5vwEkYh03bGfKWD79ja8jbgUPUqGEEdY7pDnnLhcjOA/JmXUTe5L54LZo1V7l75y7kzUO8YXm7NnyWJm8fkKy8SvJfK+jyNs+xLW/37t5VfZhrQ97ez7u6S0i5BHdgsCSulrc2Md7d8nZIl7eYmFjIWy4E8mZtRN5u37pFLVtEU7OoKLoDefMYmrzNVvKkZOrr7H9DeRlvkbfe8b2odo2akDfgOMzyNmrEWJ72/PbbEvJ2+NBhCm0USR07sLw9gLzlNJA363Pn9m1qGd1SXS7kxvUbamMA8h512HTYTMvIW4Yj5c102DQ4WN1BB/IGXEhDolRWbdyiaMhbh/adaNzYcXqpZ7GEvB09cowiI5pQp46dIG+5EMib9Xlw7z61bd2GGoc2pqtXrkDePISStyEzrCFvY5wrb9p13vpSjWrVaOP6DZA34EKOPGTI9s7m8nbi+Alq364DjR41mkv0ljd5Sx56W5aQtxPHTlDTqBYUG9MZ8pYLgbxZn0ePHlGHdu0ptGEjdeYp5M0zmE9YyG95uzFuAVGaE7/3DO1sU13eNoi8OfLEDOCtyPb6+LHj1Cq6HY0cbpI3D2IJeTt27BhFRLRAy1suBfJmfZ48eUIdO3SgkPoh6m4L6XLxVpDnQN48gyFvQVWr0fp16yFvwFGIvB0+dIRasryNHjVeL/UsFjlselyTN/R5y5VA3qzP8+fPKaZjjLr349kzZ+j1a2d2XLcab8lbNr+fvI43yVvVylVo7Zo19PLlS30OAPZHttcHDx6m6BZtafzYSXqpZ7FMn7eIiGiKkcOmONs0x4G8WZ9XvDPr0rkL1alVR10vCPLmGawmbxkObXHV5K0PBVYKpFUrV9HLF5A34BwgbzrS8S+qiRw2jUHLWy4E8mZ9XqelUbcuXalWjVp08sRJyJuHgLx5BrO8rVyxAvIGHIL0bctQ22u5uYAmb1582FROuW3atDW1adWR7t9/oJc6CMib9ZAznfLzbKf0DIrr2o1q1qipOr7i9kGeQa7zBnnLezK3vK2GvAEHoImbJm9ptGf3Pmoa1YzGevOlQuSwkchbq+j2kLdcCOTtI8hveeP/3SMujoKDgunI4SOQNw9hOXlz6FnGIm8JffpR5UqVafWqNZA34ADM8vaa9u7ZR82berm8nTl9llo0b0XNm3eAvOVCIG8fSX7KGyPyVrVKNTp08CDkzUNYTd6kBdaJKHnrm6BOWIC8AWeQueVNDpu2aN6Cxo/z4sOmZ8+eU8eOlbzdu6+XOgjIG8gGkbfKgVVo/779lPYK8uYJIG+e4QFXwkXeKgdWppUrVkLegENwt7zt37tfydsEb5a38+cuUMsW7ahZs3bqtiqOA/JmTfK34Y3iusdRhfIVaPeu3bgCvYeAvHkGJW8JAyigXEVaumQpvXjxQp8DgJ2RncYbl7w1b9qaJk6YqM3yMJaQtwvnL1Lr1m2paVRzun3rdr7vVHOd/JK3DbuMdc1ZyS1y87k+g7hu3amcrx/t2L4DFzH1EJnONv17pWx/P3kdl7yNX8TrYD6vhHmEIW/lylagRQsXq+saAuAURN7khIVmUa28Xd4uUatWbalxWBRdv37DeRu0/JC3Eo3o/opt9PrRU8cl43kuHYLJ5/VM5M2vTFnatnUrWt48hKUuFeJ0ees3kMqVqUiLFkDegLMQeUtO3k1RTaJp0oQpeqlnsYS8Xbxwidq07qDk7eqVq5C3nObvlWjPD8F0NKgNnW4ST6fCezgiJ8O6q9xbtoXe5EYfsXxez3ro8rZj23bIm4cw5G3390GQtzzE1fJmRXlLT6e0eyn08tptxOZJf/yU3vD+1dMY8tY0qiXL21S91LNYQt4uX75MbVvHsLw1hbzlRr7mnZIcEuKdU7LkbxXVDsPuSfpzAA8r0rWhM3knnEPZkXUsv+Wtexz5+fioljfcPsgzuOTtO8hbXiIXWx/QP5HKlQ2g+fMWWEreRNyuDplOR6u3pRP1YhAb5nhdHoZ0pntLN+fekZhPwDhs2qJZG++WtyssbB3bd1G3yLp+7TrkLbciOycHRUkof37XhudQ3mT9yrCAvEnLW6mStGnjJsibh7CSvN2cvMTR8pY4IJHKlvGjObPnWUreXl67o45I7PivMmp7gtgvSV/6c2W+PF0dNJ3SHz3Vv1nPAXnTMcvbjes3IW9I9nGYvPXsHke+JUvShvUbcCkFD2GcbQp5y1s0eRuk5G327Ln07Jn15G3nH3y1dUCOVCC2iqrI/70SXRsxO9/kTQ6bNmvayrvl7eqVa2h5Qz6c3JI3QdaxfJe3HlS8aFFatxoXMfUUIm9XEiazvFXL97NNnSxvKQ9TaFDiUF3e5tCzpxaWt2y+I8TaEXFL/orlbeScfG1508429eITFjR566xOWLgGeUPeldyUN8Ei8rZq5SpcB8tDQN48g5K3gUOpTOkATd6s3PKWzXeEWDtWkDdpeYuMiKbxYyfppZ7FUi1vSt6uXoO8Idknt+Utn4mP66nkbcXyFZA3DwF58wwib0MHDyH/spUs2+cN8mbfWKXlLSqypXfL27Wr15W8NWwQRhcvXOTtGeQNySYOk7eEvv2obInitHzZMsibh4C8eYbUlBQaNmQUBfhXYHmbjcOmSK7GKvLWxNtb3qSfW2yn7lSvbiM6feos5A3JPg6Tt8QBA5S8LVuyBPLmISBvnkHkbfjQkVTOrxzNnD6T5e2ZPif/gbzZP/kub2mvKWnnLnXYdMI4L77DglneTp08o8ubgzZqkLfcicPkbWD/AVS6WFFasmgxvXgOefMEcqmQK/0hb3mNyNuIocPVCQszpk2np089v4N9F5A3+ye/5S0tLY2SdiSrOyxMnujFJywY8tYgJILOnD7H2zPtzv2OAfKWO3GYvA3o35+KFi5suYuYOhnV8pY4Nd/lbW+BGo6Wt0epqTRy2AjyKe1DUydPoadPIG9I7sVK8ubVlwq5eeMmde3cQ8nb2TMXTPLmEIGDvOVOHCZvgwcmUqmiRWju7Dn03EJn45lJf/yMUncepDvz19LdxRvenSWbOJtznPsrt+VOVm1/Kw/WJanh6aa9NHmTa0Zlt57lcZL/XpF2/xBEF7qOoJQteyll675cyH7+ng5lnx0H1fDllVseu5WQyNuo4SPIt0wZmgJ5Q3I5ljhsCnnT5K17t57ZtLxB3hBTHCZvw4cMpTLFi9GcWbMtK28vLt2gMy0TaG/BWrSvUF3aX6R+9ikakjnFGryd4pKGKgdKNNJS8sM5WKbxp8U3gg76RbpyyBiWa6Ky7/e6+SZuKl9rw/0lGtKRqq0+mKNBrelocBvX8FiNdp+Uo8Ft6XidTizg6+gN73Q8gcjb6JGjyd/Hl6ZNmQp5Q3I1VpA3XCqEuX3rNsXFxVO9ug3pxIlTXDtM51LIG5IlDpO3kcNHkE+xojRrxkzLytvz81fpRP1Y3tH5UfJfA9Qhv1yJfJeSrNO5ELVDzpK35mW3fnk6InGmq8bnVVRL33fV+HczmzJepenfbN6iWt5Y3vzKlKFpU6dB3pBcjVXkTZ1tOs6L5e3O7TsU37MP1axRn44eOQZ5Q7KP7IAdJG+jR45S8jZtyjR69sw6Z+OZEXk7GdpV3UtQyUB23wvy+TFkMg8jciz/6+qQGZ6VN66ciLyhzxuS28l3eVOXCtlLzZu1pimTJuulniWf5U3rrHv3zl2Wt75Uu3YIHTt6Qu+XgbNNkSxxoLwVK1SIJo2fCHlD8izS4rj7+yCPy9vIEaPIt0QZmjxxEuQNydVYpeWtebMWNInX7/zAEvJ25460vPWl+vUa0dGjxz3WqdZjQN5yJw6Tt7GjxlCR33+n8ePGWepSCmYgb/ZPvsjbo0c0mtfvMqVK08TxE+jJkyf6nPwH8mb/5Le8ydmmO3fspKjIJjRxghdf500Om/aK11rejhw+CnlDsk9uy1s+X6Zh3JixSt7GjhptbXlrBHmzc/JD3h4/ekwTWNrK+JRRlRPIG5KbsULLm8hb0yZRNGmCF/d5u3f3HvXt3Z9q1YC8Ie+Jw1reZOdW6LffaNSIkZY6rGTGOGEB8mbf5Ie8PXn8hCZPmkTlypal8WPH0ePHj/U5+Q/kzf7JH3lze4n0edu9axc1b9bcW/u8aTy4f5/6sLxVD65Lhw4egrwh2cdhLW/Skbtk4cLqrFNLy1s9yJudk1/yNmXKFCVvY0aPgbwhuZr8kzfJG13e9lALljevbnkz5C04qCbt33eAMtLlbFMHAXnLnThM3mbPmEVlS5akkSMgb0jeJV/k7QnL2+TJ5FOC1+9hw1UfOKsAebN/8lfeMlwnLDSLaurdfd4ePnigDpsGB9WmfXv3Q96Q7OMweZs/dx75+ZShEcOHQ96QPEt+ydtUlrfiRYvRkMRB9CgV8obkXiBvFpG3lIcplNBvkJI3tLzlUmRHyxsmtZI7JEl/Lp+78pbPLF6wkPxKl6FhQ4ZaqkO3Gcib/ZMf8iYn4EyfOo1KFYO8IbkftU/Ib3lLSqImkU1o3Njxaq6nsYa8paRS4sChVKM6Wt5yLV9Xpt3fVFVXVt/9LQ/tnm+quOTh2ojZjpE33zJlaejgIZA3JM+SX/I2c/oM8ilWioYmDoa8Ibkaa8hbMjWJiKQJ47xY3lJZ3gYPGk61a4ZA3nIjvEGSe1GeadmPrg6dSVcGTXNGBk5Rw9SkQ/Tmtf3XkcWLFpGfry8NGTQY8obkWfJN3mbMJJ/ikDck95Pv8vYah00VcjXuoUNGsrw1oL17IG85jWysDxRvSPeXb6XXqU8cl4znL/UP1t4sWbyEyvv5Qd6QPE1+yNuzp89o9uzZVLZUaRo6cDCl8jbeKkDe7B8ryNue3fsoullz75Y3aXkblDiMqlWuSbvYZiFvOYshbw827NJfALAiK5Ytp/L+5WnwwETIG5JnyS95mztnrjpsOnDAALWNtwpK3iJ60M7/KqPu+4rYL0b/Z1mn80ve9u/bT62iW6LlTclbYE111eJ0yFuO4pK39cn6CwBWZOWKlVSxQkVry9s5yJvdky/y9uw5zZ83n0qVKEX9+/W3lLy9unmPzrUfRHt+rkH7izVAbJh9herR/qIhdHPiIkp/4qn7QmeWt7179lF08xYmefPs1QssI28jhg6j6sG1IW+5EMibPVizeg1VrhRIAxL6q4uaWpHnZ69A3mwej8sb78OeP39OixcuorKlfZS8paSk6DPzH+l28fjQabq/agc95G0kYr88WJukIkcGyGP9nw150y7Su2vXbmoa1ZImjjfkzZjvGSwhb48fPaKRI0ayvNWBvOVCIG/2YMPa9VSlclUlb1a6Ar0ZQ952/tEP8mbT5Ie8vXzxgpYvXUb+vr7UP2GApeRNkfGG3sh+Jp13toh9k0/X6jROWIiMiKbxY407LPDr8TZ5k0NGo0ePgbzlUiBv9mDzxk0UXC0I8obkafJF3l6+pJXLV1KFsv40oL/0ebOYvAGQA4wTFppFtfJueZOry48eNZZ3ZLVp29ZtkLccBvJmD7Zu2Uo1a9Skfn36Qt6QPEt+yNsrkbcVKynAv7ySN8u1vAGQA9QJC3v3U/Nmrb1V3uSNvlEtbyNGjKLAisG0aeNmSucPxlFA3kA2bOeKSq2aNal3fC9Ly9vxup0gbzZOfsqbnE0NeQNOI/uWN8Fzh3EtIW/Pnj6lUaPGKnlbu2aDunqxo4C8gWxI2plEdWrXpp49eqp+n1YE8mb/eFzeGJG3NatWU0D5AOqfYK0TFgDIKWZ5GzN6gl7qWSwjb6NHj6OqgTVo/bqNkLccBvJmD3YlJVNIvfoU1627pS6lYAbyZv/kj7y9onVr1lKlipUoQc42ffhQnwOA/RF5O3jgEDVryvI2yitvj6XJm9xKZfy4KRRUuRZtWA95y2kgb/Zgz+491CAkhLp37abt3PLpzKn3oeStdkfIm42TX/K2Yd0GqhJYBfIGHIf0yz906LDq8zZ61Bi91LNYpOXtmUveNm7YZJI3me8AIG/WJJ9lad/efdSoQUPq0qUrPXzwwLLydqxGO8ibjSPbAxl6Ut7SXr3ibflGl7w9fAB5A85B5O3I4aMU3aIty5sXt7zJBR0nTZyWTcsb5O1zAnn7CESU8lmWDuzfT6ENG1FsTCzdv3ffsvJ2NKg17fi/PpT0p3KU9IU/YrOIeCf9pTxdSZzqIXnLYHlLoy2bt6pL4ST07Qd5A47CkLeW0e28+7Dp8+cvaPKk6Ure1q01n7AAefucQN4+gEhSRv7L28H9B6hxaCjFdIqhe3fvWVLeXl67TZfix6rWt+N1YxA7pk4nOlE/lu4u3khvPNElhVfj12lptH3bdqoRXF1dCufB/Qf6TADsjyFvrVu1hbyJvFWuVJ1WrVoDecthIG8fwCLydvjQYQoPC6NOHTvR3dt3LClvGS9f0YtL1+nJkbP09Ph5enoCsV307+3VnQe8inlgHeN/IfImF1yvVb0G9e3dh+7fv6/PBMD+oOXNJG9y2NTfrzItXbyc0viHrwF5+5xA3j6AIW9ye5V85MjhIxTZOJw6tG1Ht2/f9syOFYC8Rpc3uRROTZa3PvG9tJZlAByCOtv04GElb+NGe/EJC4a8+ZaqSAsXLIa85TCQtw9gEXk7duQoRYVHUNvWbenWzZuQN+AMdHmTljeRt/i4Hixvd/WZANgf12HTltLyNk4v9SyWkLcXLG/Tp82kAP+qtGTxMpO8OWRnBnmzFhaRtxPHT1DTyEiWt9Z08wbkDTgHs7zFxfWkO3fu6HMAsD/mw6ba2aae35dYQ95evKAZ02dRpfLVaNkS82FThwB5sxYWkbfTp05Ti2bNqVV0S7p+7TrkDTgGucXh7l27qHat2hTXLU51CwDAKYi8HT1yjFq1bO/tlwp5QdOmzlDylrnPm0OAvFkLQ97yWZbOnztPrVncWjZvQVcuX6E3vJ4A4AQyeOd2YN9+Cqlfn7p16wZ5A45C5E2OnLRtE0Mjho0RjfE4lpM3tLzlPJC3j0DELZ/l7eKFi9S2dRtq3rQZXb58GfIGHENGegYdOnCQGtQPoS6xnVW3AACcgsibHDlxyZvXHjbV+7wFVgiiFctXQd5yGMjbR5LP8nbt6jXq0L4DNY1qSpcuXYK8Accg8nb44CFqGNJAXcfwxvUb+hwA7I9b3trTyOEjeBfvrfL24gXNnjWPqlSqTsuXrYS85TCQN3sgO7SYjp2oSXgEXbhwAfIGHIPszA4fOkKN9DuIQN6AkxB5O3XyFLVr255GQN7mUWBAEC1auATylsNA3uyBnKTQqUNHCg9rrPq/Qd6AU5Cd2dEjR9Xt3zp2gLwBZ2G0vLVv14FGDBuuTtDxNBaSt7lUvlwVmjdnPr169Uqb7RQgbyAbZIcm8hbWKJTOnD6dL7U3APICOXP62JFj1Dg0jOWtE1dUrulzALA7b5S8nT1zVlVMRN7S8sFZ8lneNETeZk6fReX9A2jeXMhbTgN5sweGvNWvU1eduQR5A05B5O3E8ZPUOCyCOrRrT1evXNHnAGB3MlSfTjla0qF9LA0ZMkzdccHTWEbepOXNv5w/zZ87D/KWw0De7IHIW8f2HahWUJC6VVZ6Pl93DoDcQuRN+gRFhkdQm1at6eL5C1KozwXA3hjyJmebDk5keXPdj91zWEbe5s+bR5UqVKR5c+Y6Vt6OVmtNSV/6066vAvM0SX8uT/uLN4C8WZzbt26rM/FE3uQm9ZA34BRE3s6cPqPkLbp5Czp79ixaloFDeOOSt3ZtYylx4GBKe+X5fvqWkbcF8+dTxYAKNGvmLHr18qU+xyEYLW/BbSjpC39K/muFvA3L24FikDerc/fOXXUNLMgbcCLnzp6nqMgm1CyqqRI5yBtwBhlqXb5w/oJqeUtIGEjPnz/X53kOy8jbwgULqUJARSVvL1/YTN4+dDiA56enPqHbs1bRlQFT6EritLwN/4/rY+fT8zOX9RcArIghbzVZ3g4dPAR5A45CLkLdnMVNrmMoZ+ZB3oAz0OTt0sVLLG8dqXevBHr29Jk+z3NYSt4CA6qpe5zaUt4+JHAZbyjj+UvKePbCY2Eb0P85sCKGvAVXC6KDBw5C3oCjkAtPN2/WgiIjInFCDnAQWeSt9wB6/syLW94WzFtIAf6V1J0WbCtvHyNxwHNY/Pu4f+8+denclapVqUoH9h1geYNsA+dgyFt443A6fuw4yf1OAbA/bnlr11YOmyYqh/E01pK38hXt3fJmcVnwOiz+fTy4/4C6delKgZUCad+ePZT+Gjs34Bzkfr0ib41DG9PRo0chb8AhmFveWN769UfLW0D5SjRzhg1b3gD4DFIePqRuXeOoQvkA2rVrF+QNOIorl68oeQttFKouhQN5A87A1PLWrjP17dNf7/Pm2YYC68jb/MXqDgvTptqw5Q2AzyA1JYXiunWncmXLUvLOJMgbcBRXrlylltEtqUH9EDp0QE7IwfoNnIAmb1I5ad++C/XqNUCTtzfSp1PiGYmzhLyJrC1etJwC/KvQ5EkzIG/AK3iUmqrkza9MGdq5fUe+XKUbgLzi2tVr1KplKwqpV58OHkCfTuAU3pa3J4+fQN4mT5oOeQNewaNHj6hH9zjyKe1DOyBvwGFcu3pdyVu9OvVo/36WN7QsA0egyZtUTjp27KrONoW8sbxNHD+Fpz1/5gYAnubJ48cU36MH+ZQoRdu3boO8AUcht39r3aot1a5Zi/bs3sPrN+QNOAFN3m7euEldu8RR/4T+9PTJU++VtyVLVil5Gz8O8ga8gydPnlCvnvFUqlhR2rxpM+QNOATZgRHv3G5R2zbt1HUMk3Ym5csthADIfTR5u37tOnXp3E3Jm9depPfly5e0dOkaCqwQRBPGT4W8AYej7dyUvPXoSUULFaaNGzZA3oBD0NbvW7duU7u27aha1WqqTyfkDTgF47BpTKdY6te3H8vbU32O57CcvE2cMA3yBhyOW97iWd6K/VqQ1q9bR6/TsHMDTkBbv2/r8la5UiBt27KN5e2VKgfA7rjlLYb6xPeix48fk6evKWqZw6ZLl66GvAEv4W15W7tmLaVB3oAj0OXttiZvFStUoC2bNtMrrqQD4ARE3m5cv06xMbFqG56amuq98rZ86XKqUL4q+rwBL+BteVuzeg3kDTiEzPLmX86fNm7cCHkDjuGNfsKC3JtayVuKt8ob/6iXsbwFlA+k0aPG0YvnkDfgZMzy1oN+/uknWrV8JeQNOARZv9/QnTt3lLz5lfWl9evWQ96AYxB5k24BcoecXvG9KYXl7Y23ytuK5SvI3688jRg+CvIGvAIlb3E96Ptvv6Ply5bTK/QJAg7i3t171KFde/IpXYbWrlkDeQOOQeTtzu071L1rD+oR14sePnzovfK2asVKqhBQCfIGvAB3y1tPlrev//YVLVm0GPIGHMX9e/eVvJUsXpJWr1oFebMbIiMeFhK78Ja8PfBieVu5fIWSt1Ejx0LegMPJ3OdN5G3BvPmQN+AoDHkrXqy42r7LPawBcAIiaoa8de/Wk+7ff+DFLW8rV1PFCpVp1IgxkDfgcDLL25//9AXNnzsP8gYchSFvxYoUo+VLl0HegGMw5E0u0ts5tjvdvXvXO+VNdloibwH+VWnIkJH0/NlzfQ4ATiSzvP3liy9p/hzIG3AWhrwV+r0wLV60hJ4/x3YdOAND3rp26ckC11WNQ94gb8DxaPL29OlT6tOrl3bYdC4OmwJn4ZK331jeFi6CvAHHIKImrW1K3mK7qjNPvVLe5LDp6lVuecNhU+BstB+5yFu/3n2UvM2bM5devYS8Aecg8hbToSP9+stvtHD+Ai+plMtv20huYn7evHh+IbefMy9eozUQUXtw/wHFde9JnWO7eLe8rVyxisqWDKB+/RIpNSVFnZkkF+t9X2QZI1mnP5xX2UZu4WIku/nvStbHmafzLmnq2mBqmO18ib5M1ryr3AkxPg/XtP5ZmJfJ7bg+b8m7yjMnhdfzvr16qz5vM6ZPp6dPnma7XK7lA6/ng1GP15PpufTpPIrc89UYeirpKumm6fRMyUjPGu1m1VkjZ6V9MLzR/9xYGTkDL6ZjDBUsUJDmzZ3nBfIm34e0qsswN78b43mzS25h/h/G68+a7HjXMrJ+yrqdm68z6//IbT7++eW3J/ImZ5p2jjFa3ozPzjNYSN5W0u+//k5VKwfT6NGjadLEaTRx/EQtEybSlEmTafKkaZzprkybMjVTpk+dTtOnzdAyVcs0KdPHZ86YpWc2zZ41m+bMnseZr2cezZ0znxYtWMxZwjXFxZxFNG/efNWZfME8DtceZXzuHHncPK18/nxVLstrj9UeZ4wvWbyUVixdpjrsLl602JWlS5aqLFm8hBYtdD92gf48Mm/ZsmU8XKki1wHTxrXHLV2yQl0bTz43c9T/Wm4sy4/j8beW4ceZHyutnnKF/7WcdavXqnHJujVrVWRcllHzeVqGMq0ep5cbw3Vr1qlbPWll7uUkq1auyvQ/zTHKjdellcvjjRjLrTKNu9+TOfIZqOjvfQV/djJtXsZ4Dom8LomMy+s24po2vR95n1Jufi4j8n9WSkzTrteiR75v4/ufO3sO1a9dh/7lX/6FWrdqzeWL9O9WW2ckrufP5rmyxvy4rOXL9HnqdfFQ1gsj5mXNr89cLnnf+3K9To7xub3rczJi/rxlvdPWt3WubFi3njas30AbOTKUbNq4kbZs3kKbN21W4+ZI+fat29TQiEybI2Vbt2x9q1yyY9sOFbmJ+s4dOzMlibMrKVlL8i7as2t3puzft48O7D/gyqEDB+nwwUN0+NBhOnL4iCva9FE6dvQYHT92nE6dPEWnT7lz5vQZV86dPefK+XPn6cL5C3TxwsVMuXzpEl25fFndZ/H6tet09cpVnr5C165o0zdu3FA3iJc+OZK7d+6qwz337t5XLWP377vz4MEDdb2qR6mP6PGjx648efxEVSyePXvGAuaOHCF5V+SuOXKHBblx96+//EqzZ85Sz/WKRf8lV25lvoqMvyOyrFQM5J6/OYkm4p8TFnUW8+zyLjHPfh6LjCSLeJvDf/S9YXbIPEOCsia3ZOF9/0OP8Tpdr/f9y6jPwZA3Vcaj5ryLrMu5ljWeiwdvzTORdf7HRj3/xyHfWcrDVOrevQ+v493p1s1bXJYuM7R4AEvIm/xAZaNaqkQp+tN//4F++O5n+vG7X1UK/FSACvxcgH4r+CvX4ArTrwWKuIaS3wr+ToV+/ZUK/1aICv9emIoUKkyFfvvNNb/gz+5lfy0oy0uKUtFCRalIYR4WLkaFC5WmQr+XVmdFyTWJShYvRcWLllDTMr8oL1esSFEqUayEGi/8++8qWnkxlRLF5HFazOM+JUtT2dJlqAzHp2QpVVaqBJeXKq1FLzNiPFYeJ48p41OGyvqUpbJl/Hjoq6alvGwZX/LzLUflfP3JtyzPk8gyesrwYyQyLvPL+fmr+HP8eNq3rK8alwSU86cK/uWpQkAFLTwe4F+BKvK4RM3jZQLKafNlmOmxelmF8rJ8Re05yvFzcFl5KedljOUlxmspXy5AzZehlMvrlNcm4+555pR3vQcZN57PnHJly5Cv/pkZ77Fc2bL8vDKtPbekPEdel0TGXdP8HrTXr0/LuBHX55Dl//L34M+fs/xvI/4cubJ8uTI+KuZ1wEiJYsXpr3/+G/2P/+//UBfqLaOvD2UkpX3Ij9+DPG/5Mtrz+/P3L89jPJcx/qEy9Zz83ObXlyllJD6ZXp+Mq3LTcvKeJO7Hae/NNU//PFyfnXxW5s8pS2R+Rf4eA/0qUqXyFdW6U7kij1fQxitxqlSqlClVK1ehqlWqZpsalbUEm8qqBwVT9eDqWmQ8a4x5empUr0G1atRypXZwTW3IqVerNtVl2a5bpy7Vr1svUxrUD6GGIQ1Uwho0oMahYRQe1pjCGzemJo3DVWRcSzhFhDehqMgm1KxpM2rOadGsOUU3b5EpLfW0im7Fct+K2rDgm9OuTVuVDm3bUcf2HahTxxg17NiuvTbdoRN1jomlLp27UNcu3ah7124UZ6R7XKbI9QZ79ehJveN7UULvvir9+vRTw/79EmhAQn8aOGCgK4kDE2lQ4iDXMGsGDx5C/fr24+1IgDohJ6xRKA0dNJhGjhhJw4cNp+FDh9EwzojhI2jM8JHZZtyYsTRh3HiuwE+g8WPHqaFU4qWiPnPmzEyZxZEKuZF5XDFSmTuX5nMFe+H8hSpLFi5yZSlXrKVSLJFLmWSNXHt0DVcq5O4Q5mzetIm2ifBv266SxLIv2bmTJT8pKVNE7Pfu2Uv79u6j/Xv300GW+kMHj2TK4YOH6SgL/VEWesmJ4yL1p1ngT9PZM2dVRN6NmCX+0sVLLPCXlbRfv6YJuxG5fdMdFmgRdrlgsgxFqEXiNVl/qIQ9a1Iepqh7dT5KFXF/rMT9U/Ps6bMPRlpi35UXzyXZVwzMed/RuA/FdRQhS7KrALxmkTeitb6/VpcH6datF3Xs0IU/6xuavCkB9CJ5E0OXlU1qZ/KD7ysbDd5g9OcNhmw0EgfyxiIxUWXggEE0oO9ALk/Uhv0G0mDemBhJ7D9AK+ckcPr10dO7P2cAb4wyR8qNYV9On959qE8fjgyzSe9evdWwLy8jed+yffvwBrCvO+ZlzeWynJT17sXJZv7700+lL48b/097Ph7KBpifSyvXltOiLfN2+duR78Ic4/XL86v/wWXvWj7rtLb8u/9vghp++DV9OPIc/H/05zI+G+P/yuvIvHzOYjy39vzu55bpzO9Zi/sz5PD61DdeW6fUazYt6x6X58v8HJ8T4/myJrtlJW8vl/37Nc97O9p8eZ/ae3SXazEvq/3ujXVHIr+3XiwUKj0l8Wq8N39mMpSzdVW5vowchpbfkVpOjyxjRCSlB8uKRGRGIuPdunSlzrGd30pMx06uxHaKcUWmO3boQB1YkrT5sVyulYlQtW3dRqU9i1W7th3UUKZbNIumZlHNqGlUUzVsoeSsJbVsweUscUaaNomiqPBIlrwIitSH4SKAYeHUuFEYNWrQ0CWLIfXqUwgLZD2WSkldlszaNUU+RTxrKiGtVrUaVQkMpCosx4EVAzNFlbEwV5IKSnmpdIlcS4WBKz+cslwZEqEvXby4S+6lIisVWlWpLVpcr9RKxbkQ/f7rb1Twl1/pF650//j9T/T9N99yhfwHKvDDz/TLTz+r4Q/ffa/Kf+ThT+/Izz/8SL8XKEi/cX4t8Av9zs9Z6JffqAj/j1Jc8ZFIBUjimi4qFekSVLxwEa6gF6EivxeionrkdapluXJcWlWOpcIileJyWkr787Q/+ZSW98wVX6kASiVZKlBcQSsvnwlXAAO4Elepgnx2lVSkkhFYgccrBVLlwMpaeLxqYBWqxhWIoGpBqqJQs7pWEVCpWZvjHpcKQd069fn7q08N+PtsxN9raMNGnDAW38bUmCsCWmQ9iKAmvE5IoiKa8roi60xzXrdaqPXJSHSLlqpFv20bXvckrdtS65Y8LeslC76kXVtt2LFDR1dZJ1mfeV2O4fW8SyyLf+eumcO/lW5cGcguxjKqoqD/zuK6dVdl8huT8R78G+zNv0X1W+3dj3+3Wnr34t88byuksmBUGKRyMHgQVwb0DOEKwLAhQ2kkVwCMjOYKwZhRo2ns6DE0Yex4JfySSXLEbvIUms6ZpkfGp0+bRjOmz6A5M2bRHDkCp0f6Hcv1NhcvWEiLODKUyAXUReRXyxEaHko2rt+olpHfW9vW7XR501sGvUneBOlX8ujRI60J/969TJFjy+ao8izLucrfEzlc8MHIYQWvjnF4RT/EYorU2rJL1uWyiywn9zrMbp5Xh9c517qZ3XyHRH3/xmG7D8RYTtYXeZwckjAiG8lM0zdvqpjLtHA5L5s1chjx+nWtZcI41CjT165d0w45XrmihsbhR2nZMHKZc+WSNn7xgrR+XKDz57ShVnZRtYycO3uWTp86rXLmzFnOOTU8ffKUOlx65JB++JSHcihVyo4dParKjPJDBw+pw6/79+1XQ2m5kezdvUcdtk3amUxJO5Jp5w451LuNdmzdpg4HS7Zw5LCyZOOGTerwsxyaXpVN65IR6dYhh8rVYXPeKckJBvOly8i8eSqzZ82iWTNmqgq2RLqomLusTOWd4uSJk2niBMlE1VI2jjN54iTVWjZu1BitxY0jLW6SoYOHqMgOeUjiYPd0Iu+keVor13bYksEDeQfOGZ44hIYPGqoyjDOUd+ZDjOfRn2vwAK7o884/oW+CqhRKVOuhnkFc0TeS2H8gy0IiVxYGcAUjQU9frTKtKg3x1FtPfJwuJN17KDnpypKihIVF3xU1zdLD43Ljcun3Z1QAOrEkSauonIXbnsVJ5Kltm/bUhgXAlVZtWLJaKak3Et08WkXkX1ppm7H8N42KUpFpGUY1aeJKZIQu+41F+MJUwkLDKLRRKMthiJKOOrXraGHZl9RmiRTBNFqpRTpVWPzNETkNrFAhUyoGBFBA+QAluOV9/VhyWfz1SAu+yLJPiVJUtlRJ8uVx35I+5Fe6DIuxLwtzWRZq7UiETzFepgQvy9Oli5ZQ02V4vFSRElSyaBGV0sVLvBWfolypkGWLyZEuSSnyLeHjSpmSJVwpxZUQiW8pfh2ZwsvKa+bKSzl5HyLqLO1y9EAqONVYxqWyI0cHqvPnUoUrPFJBkZZv2d6ow9/uY7B5jmXk7b24PhP+oz4gw3CNfAqf85j3Ic/lmS8rr5GVT/qhSH8WkWlgZ8y/k4/FWP5T1mfj/9gDOblA1m/p1yWHWaTV/6OQt2lEwY8ztkcqXGSaludVz51N2VsnO7yrnPN2PyztBIq0tGxiPrmEk/WkqqyHmN4XOWwll/YwIv3dXIe7ZNp0+MtI1kNnRl85Oataxs396D436nAeV/Kzm2eOLCeRk4LMMcrNMc9/+CBzsh5SVP0ETbkrhyP1qMqpaVoLV1xucSVXj1QsblznCoQ6xKlVGIyKgjlSEbhwXg6RajH6PsohVKkUSF9Jc06eOEknjx3XwuPSn1L6Vh46KIdp3ZHKwN7de10VgJ16dmxPUv095TCwqgTofUY3btio9TvloZENa9e5+0GvWauGWn9mrghwpA+sVAKMyDX+FsxfqPqIG5H+vubMkH7q0m9dzxSuCBiZOHEiTeCKQNZIS9voUaNcGcEVAyMjR4xwjUtLnRE5dJ8owv6Z6Z+QqFoFjWmRf+kLLeuk+p1/8vbz87G+vMnn4Ar/cX1A5mQla1l2jzHyubzvOU1RrzcLUpQ12T02T5I9skOQzs+JXLOVTsZbuNYunW1zRHbv82OS7euUGVKuFsiCMc+c96E/j1qftFFXcoWsr+VjY3oB2b0mc5nxWzDeQyakILvnN/Iusls2L6O/diMf4lOWzYL0W9m9a7dqNWnUqBHVq1tP9TmTE5iklU+R3fO+839leS/m1/bOxwCgo/92jRMW3op+koNL7LNGzm42ok8rsc/UT4tlXyoApkiZOVnP7M4aufbkB6MqB3LySZYYJ6Vw5O4arrzVdy1zRcFVWTAnU0VB+tRplYK38kQqDFqlQS6Cnl0eP2bBz0mMSoI+Le9JvisNfbvmAezR8gbyFPkR7961h1q2aEV/+fNf6Ltvv+eayyhV8wfACUhrm/SDkQvG/uXLP9OXf/qS/s+//Yc6VDOVa/rSEic7TQDsiEiQnCUth3LbtWtHPXv0pBXLV6qKCdZrZwJ5A1yLeEQD+w+g//j3/6D/53/+P/TlF1/S0CHDIW/AMchlJ7Zv3646NovEDR40mAr9+jv9x7/9O9WtXZdOHD+hWiYAsCPS57t/QgL96U9/Utvxf+f1ulTJUqqzvVRcQC4iMmwBIYa8AdUULRfRlDPUvv3Hd/TFn76gQYlDVDM8AE5B9RljQZNKyZMnTykiPFzt6CpXqkwH9u9XLdAA2BE5tCjdAuTkELkMi1xy6X//0/9WJ0jIST/AeUDegDpef+/uXdqzaw81ahBKf/7yzzRwQCLkDTgS6acjHbbljDI5hCqXNbh39x4OLwHbIuvuixcv1UkTcj25yIhI+sN//UFdmkPO3gbOA/IGNPjHn5r6iNq0bkN/+/NfKaHfQMgbcBzSufvCufPqsgv/+Z//SeV8y9GWTVv0uQDYF+lEv2rVamocGkE/ff+DutD8ooVL1EVvgfOAvAGF1NzkXoStWrSkv375V+rTuz/kDTgKETe5Gr1cuPovX/6F/vHVN+p6ZHKJCADsjrQeJw4cSv/4+1f07//+H+RbtjytW7tBXfoFOA/IG1CIvMl1jFq0aE1//tOX6gKVkDfgFKSvm1w7K75HL/rmH9/QH/7zv1Ur8+7du9V1t1TrBA6bAhsjZ5zKRZ/HjplIlStVpa9Z4uS2aHLdOHQJcB6QN6CQa7rdvnVHXfvqj//9R3UbIcgbcApyxt3okaPoK96hyb1kv/jjl+r+o3JboPievejwoUM42xTYFtl+q+ulcSVE7iLSvXtP+m+uoFStXJX279uHbbkDgbwBhWp5u/+AenTrTqVLlqJRvKPDpUKAU5CLc8qV0X/5+Rf65qt/0C8/FVD3wCxSqDBVCKhI69auUxclBcCOpDx8qO6KIPfsnDB+gpI2uVxIg/oN1GVwsC13HpA34ELOwtuzew8tWrhI/eBxGAk4BbnivBxSmjNnLk2bNo2mTp1KUydNpqlTptCCBYvUvUmlTxwAdkMq3pcvX1aVE5/SPlwhKULf/uMbNZw0caLq04nDps4D8gbc8A9c7on4/PkLNLMDxyHrtBxWct9CR4vcjgeHTIGdkTuEbNqwUV0apE2r1tQnvq+636jcTzXHtzkElsR68iYVhNwIsCZvfU/GveBMyTSZacKUzyC7p/mYmPnQ/M8lu+eVfIjsHpNbyUp2y2RNpu9THzcmPzVmspufNdnxofnv4kOPMT/vx+RT+NTHZl3+Yx4DHIW0rMnF1m/euKHOqBZpU/fcRIubY7GWvGXdAOUkH0QWkp2LkY96kJdg/lyM5BLm70htWLL5Xx+zzOeQ6Xk/IWY+NP9zye55jbyP7JbPt8ifbL6r7JbLlKzzPzM6mXZYWZfJmnfxsfM/Nh9Ldo/9nNgOedFZ1x3wyfC6r9Z/828AOBIcNlXIhgIruxvz52FsSPH5AADyCmM7kzWfgmyjsnuO7GImu/kSAKyLdeSNawqvXr6kp0+fquZfifRPMUdOhZZr2bx88fLTw8/9zvLs8jHLfCDSf0xOAshunmXzKe/3fZ+PMe8Dke/zY6KtA9p6YV4/jHnmcmOeuVweay7L7jFGZB2UsxOfPH6sDbNGyo2YyuQK549SUyk1JZUePXrkikxnjXQiTnnI4WGmaY6xzEMef/DgIQ85PJRxlfsP6L7k3n01bo6UZY1cvNM8Lrl75w7n7gdz5/ZtV+RQzO1bt96bWzfdcZe7H5t1nnl5ozxrmVGuvY47rteT9bUa7y2792tMf0xcn7Me4zuR78P4vowY37F895JM64Y5+nqS3fpmrJfGui4XVdWS5feS5Tcm25e3k0av015/Xl5L0nM9cqajJOv0B5ORofprfVT0FqePDf/JeQDIRywhb/JjSuENoZzqPHXyFJo8aTJNmzpNZca06a7MnDGTZs2cxZlNs2fOpbmz59DcWRyenqeGc/R582jenHk8fx7NmcXjc+fR/HkLeDhfTc+dPV+VybSUz5+/kIcSHjdF5psjZYsWLKTFCxer4YL5+mNNWbRgkTpbU25LsnTJUlq8aIkaN0f7f5n/l/FY1+vg6QX6cxrRntt4Hn4N8n/4dbiWkccay6r5i2khzzf/b8lCfh4pN57fNc7/1/iszJF5sozEXG7+XFTUcyxUzzFvzlxX5vB3I9+PjM9Xn7senp49a7b+nb47cvq7ZPrU6Srm9ULN5+F0LpvKkaExzxx53MwZ2rLGtLGOTZ08VQ2nTJlCUydNUTd3njRxkjrlXoZZM3H8RHVlfsnECRNVZFmZHjN6jLrMyuhRo2nsmLHaNI+P5DJjqDJ8BI0YPlxl5IiR2vjQYTRyGE/zvFEyn6eHDhmaKYMHDaFBiYMpcUCiuv/soAED1fSgxEFqPLH/ABqQ0N+dfgnu8HT/vv0ooU9f6turD/WTcT0ynV169YxX1/yTxPfoqQ3jeqpxGRrzjMR1j6PuXbpRDx7vwePGssb8HnFxKtp4D+ouy3frroaZyqVM0qWrek4pl9fSm9OrZy/qE9/L9Rr79emn3ou8NyPGe07oq0XGB/Jno8Kfg/qcZH6/AepWcJL+Cfz5DRxEQwYNpiGDh6gM5ciNvs0xviO5btwY+Z75Ox7P37WxTmTNhHHjXeuSWr9kPZN1bxqvr7I+8ro9U89sXp/nyDaMfxcS9duZzb8j9bucTwt5m7OEtymybVnGWbFsBa1crkU6qK9ZvYbWrllD69aspQ3r19PGDRtp08ZNqjO7DDebsmmjlOVONm/a7MoWCW/Lt23bRju27aBdScmUvDOJdu7YqSLjchP1vXv20L69+9zZt5/27z9AB/YfpIMH3Dly6DAdPnyYjh45RseOHqPjx4+rs+FPnjhJp0+dpjOnz9DZM2fp/LnznAt0/qwMtVw4f1FdnFnOJr508TJdvXKFrl29RtevXXdFLtIsfcVu3ripcosrGlJJuM2RcanoyL2f79/LXAl4cF9E/4GqWBkVLxUWfDmB4DFLu0Sk/emTp65kmuaKomqweKZXKHloREm93mChIkKfReBzklcvX7nD4v+uSIXgnUn7uGgVg7cjJxF9dFjoVbJOZ0l2lYDPSbaVBCPsLCr6uBvPSX0+y5s0Tb9RX6L8KBs1aEj/+Oor+v2336lUiVJUomgxPUWp+DtSrEhRKlK4CBUuZKQwFf69kEpRLi9WRCsr9PuH8zs/RlJIhr8Vot9+/d01rS2jjRcp7F5WXutvv/5Gvxb8lSNDffyXgvQ7l8v8rMm8rOkxb5UZkXm/8mO11yVxzeP/k3nZt5P1/xvvw/UessR43yr6/yukP1bmqfnqNWivWVtG+xyM55bItBHjO3E9Xi0j35X783d9f++IfM/ZpSh/x9mVZ42sD7LOZC0zkqmM1yvzPFeZHlnvivG6WbxYMXcZT5tTnFOyeHGV7OaV4PIfv/+R/s+//x/69utveLoElS5Zktd9d0rqZSVLaEO5Bl+mlHLHxxSZV5IfL89pRKaNlNLnvy/qNfBy5ud4V4oXK87R/of5MfL6Zdr4f6qcl31ftOd6e9pclmk5/f8b/zPTZ218V3rM36ERudabEVcZf9+Z1jsZ53VWLSfTpmRd3hV9nTf/JlT031LWmH8v2YZ/bxL3Y9zlBdV2QNtO/FLgFyrwcwEVKTci17gr8PPPWn76mX7+8Sf66YcfOT+o/Pj9D/T9N9+rfKfHGP/2H99xvn0r33ztznffaPn+u+/ppx9/VP+jIP/PIvw6ZVtYsABvE/n1FfmtMJUoUoxK8zpdtmRp8pWU8SU/Xz/yL+evUqF8AFWsUJEqVaxEgZUCqUrlylQ9KJhq1qhFdWrVobq161JI3XrUsEEjCg2NpMjwZtS0SUtq3rQVRUU1U2nRrAVFt4im1q3bUNs2bal9204UG9OFunflygGnR1xvlZ49elOveK6oxHOlpk9/JfQDBw7kypGIvTauSbxI+0hXRN5F3MeNGUfjRNKVoE/kTFaCLlIuDQwi3VIBlsq+OVL5XrpkGQv4cpbvlbR61Wol4EaUhK9dzxK+QUm4EmOR4q3bVMzjH5Md23e4snP7TkpiiU5msd6VxCK9e6/KHj3G+N49e2k/i/UBFmtXdLk+LFJ98JCWQ4fUpXiO6lGSfYwl2xxduGUo06dOnqRTp07R6dOagJsjMn7u7Dkl4udExjkXL7KEX7pEFy9cogsXLvDwojo54zKXablMV1jOr169qnLtqi7nuqBLzMLuCou7DA15VwKvt/jfEZHX4z6CwELPMq9y5y49fvSIZU/OVjcOt3tG4Kwhb2mv1cpQNbAGlS1Tln8ow2nunHmqFWXalKkqkyfwj2K8ZAJNGDteDSdJiwePjx07lsZIy8aI0TRyxBgawTVjiZRJpJY8bOgoGsLPK8NhXHseMniEaVqbJ/eFkwwaOMQ1PljVwmV593xz+ickUv9+iar236d3giu943tTn14cHpf55piX+9hkfY6+vfur8vie2v94V6RVpb+0Kpgem8jvb1Ci+z1mjfH+Bw4Y4nrMgIRBXMbTPDQ/lztaq8/ggYlqQ6daL0wZPmyYyqDEYeq5Bw/SPlPj8x8xfLT6/ozvLLuoVgz+vmUo3/k4jkyrdUOtH7xO6DGWc7V+8LTEvIxEHmvEXTZJrXNTpJWEN8QyLePGuijr5cxp02mWtARzjNa82bPmuCLrr2opWbCIN9SLVMuJlM+ZrbVEahv0BdQ6uiX9z//xP6lO7TqqlXbVqlW0YvkKlZUrVqrplSu0adm4y8VkzdmwTtu4G1GtLJz1XC6tMFkj5cYysvx6fg4pMz9WPZdpOXPMy8kORS3LUa+Fh1u3aDsUY5ktm3mHs2UbbeWyrVu2qmn1PPI/jejPIa1D2ZXLeNb3K69ZpuU9rV7NOz3+nFbz5yWRz2rZ0mW0dPEyWrJ4scqiRYtckR3pYmmRNpUZkdZl+e6M7zHrd5w10lom82WdkHXFiKwzxvpkXmeNbZVsn+T3INsm47ehtkv672WwtKTyb0kivyuJ0Upqjmxj4rv3oPiucSrdunSlrrGdqUP7Dm+lXeu21K5VG05rtd5FN29BzaOaUrOISJWIsMYUHhrmSuNGoWoY2rARhdSrT/VZlozUq1OXBaoO1apZk2pUr07Vg4MpqBqnapAar8llNYOrc6WnKP2f//gP+uuf/6KuQVahfAWV8n7lqFypsplS1sdHpXSp0q748rSkjI+vSlkfWa5Mpmk1LOOn5M+3rB+PswiWKaPKPi3ynPLcuRB+7T6l+DXwuOzTZLo0S6qREsWlIiOVMXdZyRKluFLHFRIjXCkwpyhXbuXabeZI5fd3qQzr+U0q7L/8oiLyLiJvTGvLFKKCBUuw5HMlp5CPK8UL+1DJImXJp5g/j5dR00bKluCU9CE/fi8S/9LlqLweXx8/KlfalwJ8ylEl3wCVwHIBFBRQOVPkosFZU61qNarB64ikHq9HWdOA17MGISEq0rATGR5JTXg9bRwWQY1Dw9W4rL+SppFNWNybUcsWLalNy1bUltfxtizt7du2o0687sd0jKGO7dqraaNMpVOMlg4deRhLXfi3Y0Ra/nuqxKnIdFf+fclRAjkKIJHfn7SGS0vtmzeGwHmTvL1+rZrEGzYIp04duyrzffr0masfiZit9CUy+hO5+pu4pqUfitZkbfQPUpFxo7+QqV+Qmn5gGnfNczeHZ2oa1+dnLnMvI31qzBEbly8zaz+cnCbr/8uur8+HYjyHxPwejOmsZe9K1uczxo3nyC7yWRvLG5+p+p4kxnf1nmjfs/v7NqaNdcMcYx3JvHzm8uwek7Usu8j6qPVvkr5uT1zrqTEt0Q6JSP85LZnncbhMDq+IAMh9NmVDIOuv9HV6oQ6VvB3VD8o47GHqA5XdoQ7pP6r1lTL3odIeb17O9Xzm8qzTepkMVbkxz7TMW8u/L7ys8T9dz5el7K1k7fdlTJveW9bPSw47mb+Dj44c2pLv6pH2fZm3QcZ3bY62jHsblTXudU5bD9X6nHWdz7Idkhi/FSPGb84cY1tjRFoFzH0Fjdy8cUtvYZBWBy3SAnHt2jV1GFFy9fJVunL5shqax+XemNKqoR161Fo4jPFLFy7ShfMXXDmvD6VVRFpQpBuMHwtV+7btaVfyLlfLihzuPHXylGqJMYbmqNYZFWmxMeKePn7sGB3jHDl8VLX4SKQl6NDBQ5kOuUoO7D9A+/ftp317pUVpD+1O3k1JO5PfirRIScVDq2RsdQ23bNpCmzcZlRWpwGiVj/XruOLDFYi1a9a6oioTK7nCJRWwZcu1SoTqPqNVDKTSJl1HVJefOXNdkYtHyyH0SROn0sQJkzkTVHcMadGT7hfSwjd65GjV4jdiGAs/i/7QISOU6Ivgi+xLBrDkS7eBPtLlIb4X9e7VSxP8Hj0prlsv6qFHxrt16UmdY7uz1MSw8LSjDm07scR0pQ7tYqk1T0srZlMWoxZNWIqaNqeWzaM5zVmWpJWzqSZSoZrwR/DQSGRYOEVxRUAi8xs35IoAD8MahVHDkIacBioiZCH1Qqh+fZ6uH5IpDXh+iCkN5HENGqnIeCNOqLS6csK4kiEJbchDnm4kzy3h55eEqkh5Q3XHCRWeL6/BNc3/M0TClZR6dd3D+vUacEJ4nCsseuQ1y/uoW6eeavGXx0sLpRxq9SSWOmzaoEFj6ta1p9oYanhTp1B5r+Z8LrnxPFmf43OfB7wPkZA5c+YoeevXr5/q3wKAU5DturSSBlULov79+iu5tAVvbf6kb5PevymbmPtXGf2u5L2rpL3W+n3plRZXRcVV+XDHXeFw94WTPFGViaeuPnRGpUGdLJP6iFJNkQqhq0Ks+uNpya4yYBz2E+E3DhUa8m8cYjTE3pyrVzShN6ReHa7Uh1njknzOxQua3GfKufN07tw5V87rcZWdPUdnz579uJw5S6dPnqYTJ07QcRZ9V0T02S+OHtFFXw73ZhNN9PVDwyL7+7S+mHLXoT27JNph5L1cCdjPy23ftoMFtzkFVwumLVu2qO/dk1hK3kLqNaZOHTur2qcGz3/rh5RNzGQ3X2J55LMw8rkvWB6XG89jfg4jeYTx/bwvuUV2z/2hZCW7ZSSfgXRAnjN7tpK3vlxbhryBfCW79TprPgERFmmNqlYliOJ7xCshULiej/9kinneO+JI8nD7CnKHbNY/kfARw0eoFjsvlDcNJW/HjlPDhuHUtUtPVXvQkJXasb9Y4OVIy5scMkHLG3AiIm8bN26k4KBg6tmjp2q1AdkBebMj0gVk5PDRVL9uqPfKm7xp6c/QOKyJLm+p+hzIG3Ai2sZa5E36v3zxhz9B3oDjEHmTMyTlDNEecZA34CyUvI0YSyF1w1T/SK+Vt5MnTlFkRDR1jo0juRimBuQNOBG3vC1euIj+8uVf8l/e0jMo4/lLynj2QhsiNgt/b8+eq++PXnt2J/IuXqelqZ1arZq1qXu3OHWNNWzOgVPQ5G0c1avdSJ1B77XyJmcgueTtwUN9DuQNOBFN3uTimHIm2t/+8lW+y9vzc1fpxth5dKn3eLrcdwJiw1yKH0dXh0ynZycv6t9q/iLytn3bdqpbpy517dJNdXBXfdsAcAAib6NGjqc6NRvQhnUbvFvemka1VPKW6YQFyBtwKIa8ff23/Je3lK376JBfJCX/OYCS/14JsWGSvixPe3+tTfdXbtO/1fxFroIvlweR68J1jolVZxxC3oBTEHkbPWoc1avTUF02xmvl7dzZs0reYjp1Vacxa0DegHMx5O0ff/86/+Vty1466BNOSV/4U/LfKiI2zM4/+tGen2vQvRVb9W81f5HtulxqQa61FdOxk7osROZbCQFgX0Texo4ZT/VZ3tauXeu98iY/7GZNW1LHDrHq4pMakDfgXETeli3V5C0hISHf5e2QbyQl/6UC7fpHZcSGSfpzedpbsBbdX7Vd/1bzF7lo6ZHDhyk8rDF1bN9BHV2R66IB4ARE3saNHa+6BXi1vMkVuVs0b0Pt2nQiuRGwBuQNOBeRt+XLlkPekFyJ1eRNDpHKVQSaRDahVtEtefwk5A04BpG38eMmUN3aDdS9aL1W3qQ/hCFv7itxQ96Ac5Ef/5pVq+n7b7/T5O0Z5A35/FhR3uTWV1FNotR9J48eParuQgCAEzDkrXatOlwJX+HtLW+tqEP7GF3eRNwgb8C5yI9frkD/w3ffU78+fekZ5A3JQawob+pENJa3yPAIdd9RT+/gAMgrDHkLDqql7mHrtfImNzNu3qy5anmT+6tpQN6Ac1HytnoN5A3JlVhR3uR+k3Jz89BGoerkBcgbcAqy/R47ejwFVatNixd5sbxJy5ucbdqqZTv3PfAAcDDy41+9chXkDcmVWE7eGO1EtGbUIKQB7d2zB/LmFOSsYYkX4255q6muGuCV8iZnJV29cpXatG5PbVt3hLwBr0BrecNhUyR3YkV507rDtKB6devR7l27IW92xZA1PXLJF2+/7ItsvydOmEw1guuolje5R7snsYy83bh+k2I7daeOHTrTzRs39TnevXIAp6Kt12mv0mjD+g300w8/Ur/efSBvSI5iRXmTuyq0jG5JdevUo+SkZEq3yK27wCdiErdM8WJE3iZNnMLyVjeLvHnmc7GEvMnp49ev36AYlrdOHTvTrZu39Dno8waciKzXmrxt3LCBChYoQL3j41nenqny/ADyZv9YUd6uXr2qLhMiZ+Tt3LHT460TTkLO1E17kEqvbt1zRm7fo/THvM1L17aHdsMlb0H1TPImvuJF8iYtb9evXaf27btQ+7axppY3yBtwIm5527Jps5K3nj160NMnT1V5fgB5s3+sKG83rl+ntq3bUI3qNWnH9h2Qtxzw+sEjujF2AZ1t3V/PABunP51rP0jdyi392Qv9HdoLkbepk6creVswf7Fb3jzUImmpw6Yd2ndT8ubu8wZ5A07EJG+bdXmL60FPnjxR5fkB5M3+saK8yZUD2rfrQMFB1Wnrlq3qZvXg83h57TadbNRVfc/qlmjqnrYytF/kPez6OpCuDJhCaQ8f6e/QXqSlvabpU2dRcNU6NHfOPE3ePHg42TKHTW/euKX6vLVp3ZGuXb2mzwHAubjl7Rclb2h5Q3ISK8rb3bv3qGOHjlSlchXauHEL5C0HKHlr2EWTNyVBIm/2jFPkbcb02SxvtWnmzJleKm/8ZuXCvNLfrWWLdurMUwCcjsjb1i1b6LeCv1E85A3JYawob/fu3Wd560SBFSvRhvXrIW85QMlbaDfV6rbr6+zXAbtEvYdvqtKVgfaWt2lTZlDlStVpKg893SXAMi1v0rwuLW8ib3KGEgBOJ413ZNu2bqNCvxWi+B49cdgUyVGsKG8PH6ZQbEwsVQioSOvWrYO85QDIm7VQ8jaV5S2wKk2dPNVL5U21vN3lH3l3at6sNV28eFGfA4BzEXmTM/CKFCoMeUNyHCvKW8rDVOoc25n8y/mrW8FB3j4fyJu1MA6bBlaqQuPHTfJeebt75y51Znlr1rQlnT1zTp8DgHORH/uupGQqVrgI9egeR48fQ96Qz48V5S01VeQtlsqW8aWVK1epCgv4PCBv1kLkbdbMuSxv1Wjc2PFcMfFSebt39x516dKNoqKaQ96AV2DIW/GixTV5S82/jRjkzf6xqrzFdIql0iVK0vKlyyjt1St9DvhUIG/WQuRt7pwF6oQFudOCanmTkxUkHsAy8nb/3n3q3rWnkrfTp87ocwBwLuaWtziWt0eQNyQHsbK8FS9ajJYuXkKvXkLePhfIm7UQeVswfxHVrF6P5W2K98rbgwcPKK5bL7S8Aa9Bfuxyv8cSRYvyut+d5S1Vn+N5IG/2j5XlrViRYrTEJW+e2bk5DcibtTDkrUZQXVefN3EZiSewjLw9fPiQ4nvGo+UNeA3yY9+zew+VLl6c4rp2o9SUFH2O54G82T9WlrfCvxemxQsXsby95FJcfP1zgLxZC9l+L5i/gKoGBtO4MWO1Pm+yWntdy9v9B9Qjrgc1iWxBJ0+c1OcA8DFodyywG/Lj3793H5UuWZq6du6iLquQX0De7B8ry1vBAr/TvLnzTfJmz99sfgJ5sxbpvP1euGAxBVaqTCOGj/L4yTiWkrduXeMovHETZ8qb2HhO8zF8yrJ2xEHvT+TtwP4D5FOqjCZvDx7qczwP5M3+sbK8/fzTzzR79hx6+ULkTX6/Dt5G5RGQN2sh8rZ44VIKrFiNhg/zZnl78IB6xvWmJpHNIW/vysfwKcvaEQe9P5G3gwcPUtkyZalLbGd10k5+oclbBCV9WZ52/b0SktN8FejxHawV5e3Ro0fUObY7/fh9QZo1Yza9UPIGPgfIm7UQeVu6ZDlVrhRMw4YO8155kzPt+icMoGZNo3HYVDAkxRyg4ZDPI/11ukveOsfE5q+8bd1Hh/yj1EZ193fVkBynKu+cqmS748qrWFHenjx+Qt279dTkbdYsyFsOgLxZC5G3FctXUpXA6jRkiJfKmyAXKBV5a9okmk4cP6GXejFmaXOAqOQ6DpM3OWwqrc/5xfML1+jGuAV0qddYutx3ApKDXBkwmS52G0kHy4Znu+PKq1hV3uK696QCPxWg6dNmQt5yAOTNWoi8rVq5Sl3nbai3y1vfPgMoPKwJHT16XC8F4B04TN66delKKfl4wsKbV2n0mjeiaXcfUtq9lJwlN57DzrmfSk+Pn1c7WrWz+jrwrZ1XXsSq8tazRy/66YcCNG3qdMhbDoC8WQuRt9Wr1lGN6vVM8ib7Jc/smywjb0+faPIWFhpJhw8f0UsBeAcOk7cunTvTg/v5d9g0V0FLMb28cpNON4nXdlZeLm99evdV8jZlMuQtJ0DerEVGejqtXbOe5a0ODRnkxfL27OlT6gd5A16EWd46dehId+/c0efYnPQMrxc4kbdTkT21nZUXy9vTJ08poV9/+vnHAjRp4lTIWw6AvFkLkbf16zZScHBt6t9vEKW98jZ5k408R+RtQMIgighvisOmwCsQeTt86DD5+/pS+3bt6dbNW/ocYHcgbxrPnj6jxIGDqMAPv9KkCZPo+bPn+hzwqUDerIUmb5soqFptiu/Rj1489+y6ne/yJmeairw95zc+ZNAQioyIoqNHjulzAXAuIm9HDh/R5K1tO7p546Y+B9gdyJuGyNvQwUOpwE+/0IRxE9U0+Dwgb9ZC5G3Txs1UPagO9ezR1+MVE8scNn354gX/yIdQ47AwOnTwoF5qD95kZFDG85eU/uQZYvO8Ubc48Uyzt8jb0SNHWd78qB3kzVFA3jRkhzZq5CgqWOA3lrfxkLccAHmzFiJvmzdtoRrB9ahPrwHKYTyJZQ6bGvLWoH4D2rtnrz7THsgZZveWbqZrI2YjNs7VQdPoyZEzlKH6LuQ9Im/Hjh6l8v7lqW3rNnT92nV9DrA7kDcNOaIybuw4lreCNH7MWMhbDoC8WQuj5U2Tt/70zOta3nR5e8HyNjhxEIXUq69u1m0nnp25RCfDulPyX/VbC/FKidgsX1Wi5L8E0K2py+j1oyf6N5u3pKdnqAtSV6xQkVpFt6Qrl6/oc4DdgbxpSKV80sTJ9PtvhWjcmHGQtxwAebMWIm9bt2xXlwrpHNuTUlNS9TmewTJ93kTehgwaTA1D7Nfy9uz0RTrRoAvt/FM5tVIm/51FALFXWNx2/tGPbk5aQq9TPSdvZ06fpsqVKlOLZs3p0sWL+hxgdyBvGiJv06bOoKKFi9L4sZC3nAB5sxYZGRmUnLyH6tUJpY4du6r7s3sS6xw2ffmSRgwbQaGNwmnf3n36THtgyFvSl/7aPQ2zWVkRi4cFTnZ++SVv0c1bQN4cBORNQ+Rtzqy5VKpESchbDoG8WQuRt92793mxvOmIvI0cPobCQiNs2/IGebNx8kneTp/S5K0lDps6CsibxquXr2je3AXkU8qHRo8cpS7GDj4PyJu1EHnbA3lzy1too8a0f99+vdQeQN4ckHxuecskb9IaDWwN5E1D5G3hgsVU1qesOusU8vb5QN6shcjb3r0HqUH9xtSuXWe6e/eePsczWFLecNgU8XisJG/A9kDeNOSq80uXLCM/33K8fR9BTx4/1ueAT0Xk7URD3s98UU6dHCcCpIY5iGz38kMEnSJv+/Ydpvp1Qym6RRu6deu2PsczWEretD5vkDckH5KP8hZYKRDy5jAgbxppaa9p1ao1FOBfgYYPHQZ5ywEvr9+hUxE9tPXpmyq0+7tqOcsPQbSbBSo/9lmOaXnbs5/q1gmhZlFN6fp1z17qCS1vuQDkzQHJJ3k7dfKUulQI5M1ZQN400l+/pvVr11MlXsflagKPHtlzR20F0p8+p9Sdh+jugvW5kjvz1tK59ona+iMtcFnWp7yMU+Tt0KFD1KhBQ4qKbELXPLz9tpS8TRg/nsJCw+13nTfIm/2Tj/JWqWIlim4RTZcvXdbnALsDedPQLmS6iQIrVaGBAwZSaqpnr4XlKN68oYwXr5TE5Ubk4vI3Jy6m3d9UoV0iU9msU3kVJ8ibfB/Hjh6nsIYRFNk4nC5dvKTP8AwWk7eJ1LBBGCUnJeul9gDy5oDkg7xJze3M6TNUOVC7VMhFXCrEMUDeNETetmzeotbx/v0SPH4hU/Bu5HaAt6Yuh7x9Lixvx4+doMaNIik8NIwunL+gz/AMlpI3uY1K/XohtGP7Dr3UHkDeHJB8krdzZ89R1SpVqXlUM/7xn9fnALsDedPQrkK/Ta3jffv2o4cPHupzQH4DecshIm/HWd5Cwym0USM6f+6cPsMzWEvexoxVd1jYtWuXXmoPIG8OSD7J29kzZ9WOrVmTppA3BwF505B1PGlnMlUPCqbevXrT/Xv3eZ+HS+FYAchbDuH1WK7TGRHehOrXrUenTp7WZ3gGi8nbOAoNbYyL9CKeTz63vEU1ifJ4zQ3kHZA3DRE16cNcs0ZNyJvFgLzlEF6Pz507T02bNKO6tevQieMn9BmewVLyNn7cJGrYMJx2JZtPWLD+Dx3y5oDkk7yd1+UtMjxC9X8DzgDypsM7uIMHDlLdOnUhbxYD8pZDeDU+f+4CNYtqQbVr1abjx47pMzyDxU5YmEKNGkXQzp3mw6aQN8QDySd5u3DhAgVXC6LwxuF0+uQpfQ6wO5A3N0ePHKWQ+iHUs2dPunPnDuTNIkDecs7FC5eoKctbcFAwHTl8RC/1DJaTt4YNGtP2bUl6qT2AvDkg+SBvb1jeLl26RDWq16SIxhGQNwcBeXNz/NhxahgSQt27xdGtm7chbxYB8pZzrl65Si2j2yp5O3zosF7qGSwlb5MmTqVGDcNpx3bIG+Lh5JO8XeMff62atdRhU+n8CpwB5M3NqRMn1YVMYzp2omvXrqkWZ5D/QN5yzs0bN6ltmw5ULbCGx+/Jbhl5kxsYT58yk8IbR1DSTsgb4uHkk7xdv3ad6tSurckbWt4cA+TNzbmzZymsUSi1bdWaLl64SBnpkDcrAHnLOSJvHdrHUqUKQbR7l2dvLmAdeXv1iqZMnkZhoZG0c/tOvdQeQN4ckPxqebt6TclbBOTNUUDe3MglcMLDGlOrFtHqjOr09HR9DshPIG8559bNWxTTqZuXy9vLVzR50jQKbRRBO7Zba+PzISBvDki+9nmroXZucqss4Awgb27ktkGR4eHqLiLSCgd5swaQt5xz+9Zt6tI5jgIrBtOuZM9en9ZS8jZl8lSKCI+kpCRcpBfxcPJB3oyzTeUCpuGhkDcnAXlzI/fsbRIeQS2aNlP9Ol+/fq3PAfkJ5C3n3Ll9h7p17UkVA4Joxw7Pdvey1GHT6dOnU5PIZrgxPeL55JO8SR+gGsHVcakQhwF5cyNn5EVFRFITzskTJyFvFgHylnPc8laVdmzz7G09LdbyNo13YpE4YSE3I68H+WBkY7LzT+U8fthUdmy1a9VCnzeHAXlzc+P6dWoa2YTCQkPp2NGj9DoN8mYFIG85R+Ste/d48vepRJs2btFLPYPl+rzJdd62bd2ml9oDy8mb7Cys8DpsFNmYJH1Znjdmyyj90VP9m81b5HpXN27coLp16lDj0DA6ceKkPgfYHcibm1s3b1Lzpk15296ADh88RGlpafockJ9A3nLO3Tt3Ka57L/IpUY7Wr9ugl3oGax02nTadGodF0nYPNz/mFKvJm/wwZCN+KjyOzrUZSGdb9Uc+mAQ6G92PUrbtp4wXL/VvNm8ReZNTzevXrUthIm/Hj+tzgN2BvLmR1okWzZpRvbr16cD+A5A3iwB5yzkib73i+1DZMr60ZvUaLvHcBagt1+ctPLw5DpvmJLyjSP5LAB0JjKanx87Rm1dplPH8JfKxeZ0uVqV/s3mL+TpvjUIa0LGjnr03Hsg7IG9uDHmT+z/KhUwhb9YA8pZzRN569+5H5XwDdHnzHJY7bCqXCtm+zVobnw9hNXmT1yHy9uzURe0FiosgHxcPIi1vhrw1bNBI3QMSOAPImxtD3uTEHDkZTSrqIP+BvOWce/fu0YCEAUreVq1crZd6Bkv2edu6BX3ePjvZyRuwJOqw6c2bVL9ePWrE8oaWN+cAeXNz7+5das7yFlipMu3YvlNt60H+A3nLOQ/u36fBiUMpwL8CLV+2XC/1DBaUt3DIW04CebMNIm93bt+mhiENeL1viJY3BwF5cyPy1qJ5Cyrn60+bN26mlx7qUwreD+Qt5zx88ICGDR1B5VnelixeIht1fU7eYzl5a6QOm6LP22cH8mYf+IcufSZCGzaihvUb0JFDh/UZwO5A3tzcv3efWkW3JL/SvrR+3Xp68eKFPgfkJ5C3nPPwwUMaMXwU+ZX1pwXzF/Am3XP37bWMvL18+ZImTpiiDpvu3IF7m352IG+2wdzyVr9efTp06JA+B9gdyJub+/cfUNvWbcmvVFlau2YNPX9uM3nj3+mbtNeUzq87QyWbE51smLR7KXRjwiLIWw5IeZhCY8ZMpHK+5WjOnDneK28Txk+hkJAw2rkTt8f67EDebIOSt1u3NHmrW48OHYS8OQXIm5sHLG8d2rYnP5+y6oy858+f63PsQfrT5/RwfTJdih9HVxImOyaXeo2jEyGdtfXHw/stp8hbakoqTZowRR02nTljptqmewrryVv9MNyYPieBvNkG+aHf1lve6tWpSwcPHNTnALsDeXPz4MFDiu3YiXxLlaFVK1fZTt7S7qfSpZ5j1ecrwrHrW+dktwzzYZ/lJHmT7l7+5SrQ9GkzvFPepM+bHDatVy8UJyzkJJA322CWN2l5g7w5B8ibG+kXFNupM5UoWpaWLV1Oz5/ZTN7uptDFuFG04z/LUPJfK6j7IDsm+bS/coq8PXr0mKVtFlXwr0rTpnqxvGknLETS1q24w8JnB/JmG8zy1qBefZyw4CAgb25SUlKpe9d4Kl6kDC1csIiePXumz7EHmryNpqQ/+nnsu3R6nCJvjx8/ptmz5lHlisGq5S0jwwv7vIm8TZs8g8JCm+Bs05wE8mYbDHlrUD/E2fImtVEP1kitAOTNzaPUR9SnVz8qXtiH5s5ZQE+feubewblFJnnL7+27Q+IUeXvy5CktnL+YqgXWoMkTJ1P669f6nLzHei1vDSNoG+Tt8wN5sw2GvMlFeh3b580QN8hbnseq8vb40WPqn5BIxQqVplkz59NT3uHZCchb7scp8vb0yTNaumQFVWV5Gzt6HKV58O4hlpO3kPqNacvmLXqpPYC8gc/B3PJWt3YdddNuxyHSlp4Becv6O82DWFXenjx5QkMGD6cihYqoQ0sybScgb7kfp8ibnHyzbu16CqpWi4YPH0EvPHgBasvJW4MQkbeteqk9gLyBz4KFRi7S26hBQ6pdsxbt37tPn+EgDHnLgLzldawsb8OHGvI2nZ48hrx5e5wiby+ev6CNGzZTcFBNGpw4iJ558GQcy8kb7m2aw0DebMQbdW+8sEahVLNGTdq3d69e7hDE10Ta0PL29u80D2JVeXvK8jZyxEgqXqyEkjfp5G0nIG+5H8fI24sXtHnTFqpRvQYNHDDAo63KkLdcAPIGPpfUBw8pPKwx1XKkvOni9inyJsuJ8MnQxsIHeXMjJyiMHTuWShQvSVOnTIO8IY6RN7k+7fZtO6lWrXrUv18CPX7kufdiGXmTD0HO1hB528Yfhp2AvIHPRW5s7Gh5ExEzZOxDiOS9Ttdi89Y6yJubZ0+f0YTxE6h0ydJoeUNUnCJvr169ot3JeyikfkNK6NuPUlNT9Tl5j8Va3rR7m+JSITkI5M0GiJRocnL37j11Y3o5bLpn9x5ttlMQ+TLnfch8Xd4y0lne5HpJH3qMhYG8uRF5mzxpMpUpXRbyhqg4Rd5ep6XRoYOHKSw0gvrE91K3gvMUljtsKrfHwgkLOQjkzQawmBjydueuukivI+XtU+HPQ13kUqTNiE2BvLmRM/Lkvo9+vv6QN0TFKfKWzhXNE8dPUtOo5tStaxzduX1Hn5P3WLLP2xb0efv8QN5sQGZ5k5Y3x55t6qVA3tzIGXnz5s6jCgEVaMrkqZA3xDHyJkcJzpw+S82bRlPn2M50/fp1fU7eY0l527YVfd4+O5A3G+CWt/v37lNoozB1kd79+/drs4Htgby5kf7MS5cspcqVKtOUSZPpkQc7decGkLfcj1Pk7U1GBl04f4laRreh9u3a05XLV/Q5eY8F5S2Mtm1Dy9tnB/JmA3R5Y4wTFqTlzXEnLHgxkDc3ctX51atWUVDVajRx/ATIG+IceeMK+GUWttat21AbzsULntvnWkveJk5S/X9sLW9/r8Qba15B8y2avB2u1ALyZgMMeZM+b3v3eHmfNwcBeXMj8rZu7VoKqhZEo0eOotQUz52RlxtA3nI/TpE34cb1G9ShfUeKbtGSzp49p5fmPZC3XODp8fN0rHYH2vF/fWjnH/zyN//ty6+jNB0sG0FPT5zXXyGwKg/167xB3pwF5M3N67TXtHHDRgoOqk6DEhPpAVdY7ATkLffjJHmTWxx2iY2jplFN6eSJk3pp3mM5eZPO2zu2W2vj8yFeXr1FVwZMoRP1Y+lEwy75mwZd6HidjnSh60h6ceWW/gqBVUlNSaGIxuFUo3p12r0L8uYUIG9u0l+nqwuvyzqe0Kcv3bt7V59jDyBvuR8nyZucdNYjLl51+Tp44KBemvdYUt527rDXCQtvuGb56vZ9lqWblsmrW/fU6wLWRg4hRYZHQN4cBuTNjcjbjm3bqWaNGtSrZzzduXVbnaxjFyBvuR8nydu9u/eod3w/dZmzvXs812/ZmvK23ZA36dRt32s9AfAhDHmTOyzgsKlzgLy5kcspJO1Molo1a1K3Ll3pxo2bqqO3XYC85X6cIW/aiWf37t1neUtQ8ubJa3VaS94mTaXGYY0pOSlZL4W8AWfjankLro6L9DoIyJsbuZyCrNt1atWmLnItrGvXIW9eHqfJW/+ERKpXN0xVUjyFxeRtGoU3bkK7knfrpQA4G0PeqgcH83q/Sy8Fdgfy5kZETfoChdSrT506xdDVK1chb14eJ8mbnIAzKHEY1akdQps3bdFmeQBLydu0KTOocVgz3omhBQJ4B8bZpiJvu3dB3pwC5M0Ei9rRI8eoQf0G1K5Ne7p08ZJqjbMLkLfcj5PkTbbhQwYPpxrV69K6teu1WR7Aci1vjRpFmA6bAuBszJcKwWFT5wB5y8zpU2eoUcNwahndii6cvwh58/I4Sd5SUlJo1MgxVLVKTVq5YpU2ywNYRt7kFipywgLkDXgTDx8+dJ2wgDssOAfIW2bOnTtP4Y3DqVlUCzp39pw6icEuQN5yP86QN41HqY9owvgpVCO4Di1bukwvzXssJW+TJkzmH3gEWiCA12DIG26P5Swgb5mRQ6UR4ZFq+37q5ClKh7x5dZwkb48fP6ZpU2dQzer1aNHCJXpp3mMpeZswfjKFhUZ49FopAOQncthULtJbs3oNVFryG+lEb056BpEc3pOhkY883Ad5y4ycpNAkIpLq1qlPR48cUdd+swuQt9yPk+TtyeMnNHPGLCVv8+Yu1EvzHkvJ25jR46lhg3DavRtnmwLvwHzCAs42zWeyilt28ibzPgLIW2Zu3LhBTSKbUNUqVWn//gPqlll2wZC3nf9VRpMOETgkR0n+SwAlf1VJ3ZnI9vL25AnNmbOAgoNq0exZc/XSvMdS8jZqxFgKqReGS4UAryElRWt5Cw4Kol3o6+kYIG+ZuX3rtpK3cn7lVCUlLS1Nn2N9RN4udB6u7hm9849+lPTHckgOo0SY19cr/SdR2oNU/ZO2J8+ePqOFC5ZSjeq1acb0GXpp3mMpeRs5fAw1CGmMw0fAa0hN1fq8oeXNWUDeMiP3f2zaJIp8y/pS0s6dtpK39Gcv6OGGXXS53yS6Mmjqp2fAFHV4MNt5XprLAyarzyRlx0HKeP5S/6TtyfNnz2n5suVUq2ZtmjZlql6a91hH3l68pBHDR1OjRk3owP4DeikAziY1NZWaRjbBpUIcBuQtMw/uP6DmzVrYUt7kUHkG75/SHz/75Lx+/FT9xqV7xNMnT9V0ukr2y3tbMl68+uiuCFblxYsXtGb1Gpa3OjRpwiQu8cz7sYy8veAfx+BBQ6lRwyZ06OAhvRQAZ5OamqK3vMmN6dHy5hQgb5mRO4m0bBFNpUuVpu3bttOrV7zT9gIyMjLoxfMXStzkWqZyiRR1dwmbCwtwIw1P69ZuoNq16tCEceO5xAvlbVDiEJa3CMgb8BqMS4VUD8JhUycBecuMyFvrVq2peNHitGXzFq+RN0FkTS5KbKdbgoGP5Y1al7dt2Ub16jaiMaPGUPprz5yMYyl5GzpkBIWGouUNeA8purwFVa1KO3fs1EuB3YG8ZeZRaiq1ad2GihQqQps2blJ9nPMF+BPIVTJUF4Bkrng3CAmjQYmDVB84T2A5eWvcuAkdPnhYLwXA2RgnLARVq8YbAJxt6hQgb5mRq9CLvP36y6+0fu06dagpX4C8gVwlQ132Zt/e/RTaKIL69e2n+jh6AuvI2/MXqs9b48ZN6eiR43opAM7GkDe5PdbePThhwSlA3jIj8tahXXv65eefVefufJM3AHIVlrfXr+nggUMU3rgJ9Y7vpU7O8QSWkbdnz55R4oDB1CSyOZ08cVIvBcCpaE0ActhUrvNWp1Zt2r93nyoD9gfylpnHjx5TbEwsFWB5W71ylTpDDwD7k6FOQjlx/AS7SxR17dJVXdPQE1hH3p4+pQEJgygivCkdP4aWN+BkRNwy1NjDBw/UHRbkUiG4t6lzgLxlRm4h1L1rd/rpx59oxfIV6kgLAPbnjTqj+PSp09SieQvq1LETXbt6TZ+Xt1hG3p4+eUL9E/rr8nZCLwXAiYi4GfKm3R4L8uYsIG+ZkUtl9IzroeRt2dJl9Py5Zzp1A5DXyFnEFy9cpLZt2lKH9h3o0sWL+py8xULyJi1vgykqCodNgdNxy1vKwxR12LR2rdqQNwcBecuMbN/79OpDP/3wEy1ZvATyBhyFtLZ16tBRXcvw7JmzemneYhl5kz4RIm/Nm0dD3oAXYPR50y7SK33eDqDPm2OAvGVG7v/YPyGRfvjuR1q0cBHkDTiKmzduqkOmjUMb05HDR6Q5Tp+Td1hG3uRspL69B1BUE8gb8ALUb/uN67Bp7Zq10PLmICBvmXn27DkNShyq5G3B/IWQN+Aobt++TZ1jO1NI/RDaK9txb5S3JpEt6NSpU3opAE5G5M19wgLubeocMsmbh2JleRNZGzp4OOQNOJI7d+5Qj7geFFKvPiUnJauTGPIaS8ibdPhLTUmhHt17U2RECzp/7rw+BwAn84Ye3L9PYY1CqXpwMO5t6iBeXL5BJxt2oZ1/8OP40s4/lcvz7Pi/PrT726p0b9kW/VVYBzm7dMTwUfTj9z/R/PkL1KWhAHAKd+/epfie8VSnZm3avm2Hd8nb/Xv3qXNMd4oMZ3k7D3kD3sAbenhfa3mrUV1uTI+WN6fw6vZ9upwwiY7VbK+lVoc8z9GgNnSqcXd6lGS92wu+fPGCJk6YSAV/KUhzZ8+hp0+f6nMAsD8ibz179KSgqtVow/oN3iVv9+7e0+WtOZ09c06fA4CDeUMueZMTFvbhhAXnkJ5Br1OfUNrdFM/mfiq9eZmmvwjr8OrlK5oxfQYV/r0QTeehnH0KgP3RJE0an/r07kOBFavQqpWr1IV7zVcVyAss1fLWtWs3ahbVks6dg7wB78Do86busLB/v14KHIF0Ws6PWJC0V69ozpw5VLRwUZoyeYq6aC8A9kfkTLq/PKDEAUOoauUatHJ5VnnLG4GzjLzdvXOXunRheWvaii6cv6DPAcDZGGebai1vONsUOJPXaWm0ePFiKl2iFE0YP4EePXqszwHAzmjylpqSqvp0Vqtck9fzpd4lb3du36GYTl2pebNW6mrFAHgD5jss4GxT4FTk5t1yOKmsT1kaM3ospaam6nMAsDOavMnVMsaPm0RVq9SkubPnUzqv794hbxkZdPPmTerYIZaiW7SkSxcv6XMAcDaQN+ANSEvEhnXryd/Pn0YMH6G6CwBgfzR5e/L4MU2bOpOqVq5JM6bPyiJvedOVwRLyJmdmXL92jdq360gtW7amK5ev6HMAcDa4zhvwBqSCvm3rNqoQUIEGDxpM9+7e1ecAYH+ePX1Kc2bPo+BqdVjiptHrNJG3vMUy8ibC1qplO4pu0YYuX7qszwHAwbzRLhUSFiqXCqkBeXMKn3rSQG6eZGDR55KuMbuSkymwUmVKHJCouskA4ELWtazrm1FmjkV5/uw5LV64hKoH16Tx48bTq5cv9Tl5h2XkTYRNxK1F87aQN+A1mM82xaVCbMT7diSfupPJrZ1Sbu/gcvH5RN5k/a5WtRoN7D+Q5e22Pgd4BR+zHpmXMda9rLEoL1++otWr1yp5GzZ4iEcuhWMJeUtPT1cnKTRr2pLatemkbvIKgDcgdxZpGtkElwoBjuf4sWNUq0Yt6p8wgG7fuqWXAmBX3CciyKVw1q5ZTzWCa9GA/gPo0aNH+py8wzLydu7sOYqKjFYnLcgFexWfZNrWtXKQDerrktqUPv5W+E8+R1oLPikZGapjtpH01+nqEglpr9LoFf+4ZWiOzL929RrVr1ePa2zVaVfyLnVW3ovnz+nZ02fqKvRPnjyhx48fq0sraHmkIqemm/PwYQo9ePBA/XbkJsm3b2m5dfOWqgxJrl+77sq1q1fp6hUt0mVBWrvlRCGpRMmleuQWdeacOX2WTp86bcopOnHiBO+Qj9Oxo0fpyOEjdOTIUTp65JjK4UNH6JDk4CE6eOCgKwcOHKD9+/arVpi9e/aqyOHiXbt20Y4dWpJ2Jqv7AxrZsT2Js4O2bdumsmWzNty+fburbPuWrbRlC8+TbN7iHnK28viO7Ttdj92yeStt3rSZNm3crObLULJh/UZ1dXRtmHl83ZoNtHrVWlqzeg2tWrmWN9QbMmX1qnWq/JOzYpUWfXrF8pW0fPmKTJEyWWbNqjW0euUqnubypcvcyyxb7hpfudw9vmrFSl5+tXrNaznyeClzZSU/H79u4z2sWb1eDbXXsloN1WP04bo1a7PN2tUSnr/W/NltVJ/p5k3yHWzlzz6JZs2cQ6VKlaOQ+g1o3tyFru9b5r0rO3Yk086du3g92JMpSRx57M6du9X0rl37afeuA+/Obm2Y9XmMGPPMj9mVvM81X8blf3zs/5HIssbj3xV5XvPjk5P3Zl5Gny/jxucln4nx2bjLMn+OW7ds19d1Pa7fxjbX+r5xwyY1dP8eNrm+O23eJn3d1r5nOeFEfd/6+mJEW1+09cQYd62DqlzWu1WuMsnSRctcMcqW8Lhk4YIlNH/eIhVZT+bNWeDO3AWqfM7s+TR71jxXZk6f/c5MmzqDpk+b6RqfOmU6TZk8jSZPmkKTJ06mieMzZ8L4iepyNuPGTKDRI8fRqOwybASNGDbclcGDhlBEeCQV+rUQ9e3Tj7fHD3knlrdYRt7OnjlLjcMiKLhqTf6Q56gvfOmS5bTElMWL+ctespQ3XFmyjFcAzkrZWK2SjY47q3mjs2a1bMBkXNsorVyxmpfnlYmzYrlsOPUVTH+M2hixRbsjG+21+uONZeV5ZeOXuUym5TFqKBvNNetow9r1vOLzj4Kzfh1v4PRx+SHIcjJcv3adijFPfigbjGVlQ8g/ps28o5EfmXsZd1w7H1PZOv6/6/i1mMvM78l47TJcs3qdWl49jv+3zHfHeIwR2eBr8+TzVZ8p72CyRnYQ8p3I+IplvBPSs5yjvtPFSzhL3UNVtowWL1pCixcupkULFnEWqhtZq8xbwJmvYv5Bz5k9l3/A/EOdOStTZs2YqWX6TJoxYxZN5x+vOVMnyw95Kk2ezD9iPZMm8Q94wmQaP26C6rswdsxY/rGOolEjRqjhSMmIUTR82GgaNnSEytAho2jIkBHuDB5BgxOHUWLicK6FJVK/fv2pb9/+1D9hICeREvoNpL69uaxPArVt3ZG+/ce39P13P1Dzpq2oX98B1KN7HHXr2p3Dwy7dqGvnrtQ5tjPFxnZxp1OslhhjPIY6duxI7dp2oLZt2lKb1u2odau21KplG05rahXdiqJbtKbo5tGcFvy/3GkW1ZyaRDbTEhGlNkKZ0jiSQhuFvpWGIQ3UjZjr161P9erUo3p1OTI0pWbN2m+nek2qERRM1YOCVIKqBVHVKtWocmBlCqwUqIZVq1RVZVUqV1H9pCpVqMSpSBUDKlCAfwBVKB/gmjZH5hkpX668SkD5ilSpYiU1v0J5WaY8lfN7O2V9/Mi3jC+nrCt++nSZ0mWpdKnSVKokp1TZbFOyeBlXSpU0lZfgoUxzzMtoKaVSipeR6RLFSlCxIu6UKFZcpWQJXob/twyLFy3G84q+FSk3Rx5Xipf3Ke2jUloer/8/LT6ZXr/Eh9+n+j/8WuQ1ZZ7nw59RmbdSmudJypT25Wk/V4zPtbw/fzcVKqtlvvzjF/SXL/9GpYqX5e+1+lupVDGIv6MqnKr8/VbLNK9y5ZqcWmq8WrU6arxKldpqPLtUDw6hGtUbUA0eBgXV57K6by1jROYbUY/hVA+uz+un/C/5H/Vc8+V5JdrjJDK/VqbnkeWN565SRZsnqcrjlQODqWplPVW11288rmpV7f2peVVqcGpq4Wn3ZxHMn5P8LoK06UB9qM+Tz6+8f2Ve97NLIPm71vkKPB6oyv3LBWhlvuW0+Pmrad8yfuRTir93/h34leXvlae130k5NZTv1Fh31Xqsr+PFi5VWkfk+vF6U1pfxKeXP62E5Xj95flFel2WZkr6qvASPlyjMZZyihUrysCSV4OXc8VHD4kVK8ZDXz6L8nFlSglOMH1eMn6NkMfm//Bo5PiX9qWwp/o1zyvlUUPEtXYHKli7H/5/X4ZJ+/D78eB0uo4Vfj5GypQLUsHTxcvyYAPLjx/n5lOPwZyLbiLI89PXj11WMH+vD4jdeXTokr7FGn7f0DFXbj2rShP7657+qD78MfzClSvCGUk/J4hL+MjlyoUfZkGaNfHDyOHNkhTMiK6BWzhuat+Ke58tfhn85f1fki5HHS7l5eZnOXKY/tgw/Rp9Xzq8cBfAPQXYaEvPzlufnLFfKVw1dZbxjkR2PMS07KUlF2VHxDqxiQEXXzsl4TomUl/erlCnGcxjLG88r78d47eYYy6tl9Pcrr99cLpEy4zOVZczv30dWfB6W9ZENvZ7SWb4r3jnITipr5Ds2xosVLc47pGJUVFK4aKYU+b2wa7zQb4VUfiv4G/36y69azOOc3375jQrzMuoxv5fixxejwvwcBX8pxo8rxMsUpIIFCuj5hX75uQD9/NPP9NOPP9GPP/xIP7BYffft9/Tj9z9wfuSyn9Xw+29/oB++/Znzi5bvCnJ+zZQfVWTej+o5C/Bz//h9QXWD7u/5Of/x1Tf01y//wsNv+f/KaynMr/9XdQ/IX/i1/MbjhX77nV/v7+r1F+cdcvGiJdS4fD7mz09+G/Ib8eHP2KcUbyjl98Dfh6z3Etko+/vJOiAbbd5Y+/L3ycMAXn8qVaysRElSOVATJmNak6uqvJMR2apOtWvVZjGrq4Z1atdR4yJxDVjmGjZoZEpDNRTRCwvNnPDGjSkyIoKaRka5EhXZRMVV1qQpy2UzU5pTi2bRLJtNVVq2iKbWLVupoTFuTLdmYW3Xug21Y5Ft37YdtW/XwZWOHTtRDAuvpBOPv5UOHalTu/bUkSNDo1wEuUtMrJbOXWyTbl26qnTNZl7Wsq68nGuaKwzmeWpaf++yXKZlzfP1dDaiP09nrnTE8GcokUpH59ju1LlzL5XY2J4UE9P9rbRv35k6derC6fbWPHlMbGw8z+uu5qt01P5f59hu/J578vuLV8vI8p1j5fVypahLPP9PKevBiTM9Xzy/J5knr0ce11M9Rp6rCy/vLtci/zcmphuPd1PLxRivQX+tsox6j7E91HNI5L105PVL1r0u6nn58fwcxmO0/yevX4u8H4ksL9PGevv2tPvzkf9jjMdy5P/IUK6j2rGDti6rx+jLxHTSnke+I1lP5DPqyq9LhvL6pLx7124U100+O22+ObKssbysE7JsV1XeneK4Atq9a/x706NHL+rVsx8/P4/z/9DK4lVZ7179uJLblyu1/agfV3alTNKvz0AakDCY+vcbpIYD+rsj8xL6DVB3PBg8aDgN4Ugle/iwkVzxHk1jRo/PnFFcNmqMa3rsaKm4T2YJm0yTJnLlfpIWY1xa7qZPnebKrOkzaPbs2aqhYMH8Bap7gNecsCCHnOR6V/PnzqP2vLGVy4VkF6MFQU03b8Eb8ua8oW7pmpZoG3gu5/FoHqoNfZMoahKpDbVxTkQk7xz0nUZ4BO9IItUyMk/GJeGNtXIj0grROCz8rUToj3eFH5d1Ga08c9nHJJwTGdaYGoeGUWhDbUco5RFSZlpO5jduFKaWbyqvR5YJ5WVkeSPGsuayrPPkcfr7cZW5nof/B09neq8R2mdrJEo+W9fnKDtk/sz5OzB2wM0y7YzfjvHdub5ffVy+49atWlMb3iEbUS1MraSlSXbO2k5W7WB5YyNDNc4buO6805ANT3yPntQ7vhdvEHpTT95g9OwhQ0k89YzroaLmZ0kfXr6fbEA4CbwR6d8vgTcYA1QG9pcM5gyixIFDaXDiIBoyeKhqfRs+ZCSNGDqaRgwbRSOk5W7ESBo9YpQrUjaSy8aPHU+TJkyiKWojMZ2mSWsgD6Vpf/q0GTRzxizVsjh3zjzeOMynedLyOG+eGi6cv0hl/vzFtHCh1oq5bNkyV+QQm9EiLa3H69dK6y+Hh9LSKi3BmzZuoW1bt9POHTtp507tEKVEppOSkklumG9k35696lCoOkyq59jRY3TyxAn9cOoZ1YpujnSJkFw4f94VOTx75coVunH9xjsj135Uh4A5d+7cUXEdFubIuGw35NY0kpSUFDUtZ/CmPEzh2m+quv6SyhM5BP1UHYqW0/o/J8+fPUM+MnLY/0OfnVpGhkbUY7LG/B1kN9+IebnsljeVZ/u/9OXfei2m53nn47LLxyzLn0Om8uyW+ZSY/9e7kt3y2vRb30+Wac/nuYp0I9HyIlPZyxcvPisiVjnKq1dvJU3vHiNDT9yUXrCEvAnyhh8/eqT66dy8mTW3XDH68si42sBLfx59PGvMfXtkeP3qNRWZlj4+0tfH3OcnU/+fS5dUHyAZN0fKjMgO6OLFi+9eTuZzZOgq1x+jwuPS4igxP5cMjXJZXiL9jmQHKENjOfPzXzQvb5pnPM+7Is9njBvPa3wu6rVkeQ4pM79PiSxvPOaq/nnLjtkoU589fxfGdyLX9NOilWXNzRtaXNP69y5nqMklBrTIDv2uyt27d9W9ce/fv6/6fWWNnNGp8vAh79S1yLgxbR7PPilKDLKL6nPGkpBdpOnc6KP2vjx+JILxRPVvyxo5a8kVfYMrQ2P8rfBGz4ixoVPhjZ1ENoBvRTZqvFF6V965sTJFrmsk/fU+NtJVQvUNlH6C780bV4y+hVmn3xUNGRrjGvJdq9+Nvi7Lei3rm9w8HXgC4+KluZ3M3/PHY34OA3OZsQ6Zy4zyPOSTnp5fj6zzar3XHii/y/v37tFhrmDt2LGDK1gn1XYhezz4vnIdeb12fv2fh2XkTYM/dGMFzIVkt0H/6PCOQ+V95cb4+8psEtlRyg5YZERESX70L1+8fHtZ8+dgjOdy+E+m78+YVr9JV0zTAHwkabyOL1m0WLXqSitwq+iW1KplKxo8eLCSOOAJzDva3Mznbgyyew5zmVGetUySh3zS29FfD2+XZSgtTHKC0ID+A9URm5rVa1CnDh3o8KHDalv/NvrjVey2UTW/dju+/s/DYvIG8ov09AwlbXL2jRySlNOdpaam5AkAhyAtjXICyL/8y7/Ql3/6QvX/rBJYmTp3iqFTJ0/pSwFgX6RiLUdp2rRuy+v4n1V/2EYscFJhSdqZpFq9gf2BvAH+tb9Rh6ylP9VP3/9A//uf/jcVKVRE9ZPKvpYGgD2RFokecT3o3/7t3yi0URjJzdJ3JSWT9MMTsQPA7kgXC7ksRsECv1Lpkj7qEi3Hj59QlRPpG4oKuTOAvAFVE5Nrb9WvV5/+5Z//mf7pn/5JneEoHd0hb8BJiLzJ2XD/+q//ShX8y1PiwER1SZtr166rvnwA2B3p/9srvhf94b/+QIEVK6uTouSEp127dpNcFBzy5gwgb0B14O6fkEBf/fXv6tIUf+dh0cJFaM2aNfihA0chgjZsyFB12Zc//fFP9PVXX1OpEiUpoV9/dZISAHZHTuKKjYmlf/7f/y/9+Ysv1SWF5BJINWvUVGefy5mc2K7bH8iblyMta5s2beIaWiV1YUa57IVv2XJUongpWr92A37kwFFIf6AjR47QtGkz1KVb5HJAX/zhT/QDy5y0wPEKry8JgD0ReevUoRP90//vn9T1JVtHt6QKARXpT//9B3XiwrmzZ9UZ38DeQN68GNmR3b1zh2I6dqLff/tdXfF/4YLFVMannLoIrPQHSsePHDgMVSHhyLq9b99+dRHsf/vXf1O3xZHLlwBgZ6RfW6/4ePrP//uf6kLa+/bupZkzZ6qLhP/5yy9px/bt6hJAwN5A3rwYqX1t27pN3Zniu398S+3adqSW0doZSl9wevfqT9ev3dCXBsD+iLjJNfXu3rmrLvK7bcs28vMtR//n3/+Dpk6eoio0ANgZOWFh+rTpVODHn9Vt4eQevfPnLVAV9L/99a/q4tvo32l/IG9ejFzzauuWrVQ5MJB+/vEndWuuggUK0v/6X/+L/uWf/4Xq1qmnWiawQwNOQSos0qLcNVa7NVRwtSD60x++oLJcgZHfAgB2R1qPjx87ru6U89MPP1GtGrXVbQ2/+fobdcs6uTA7DpvaH8ibF/Mm44265ZDszCaNn0CTJkykRvzj/pd//lf67//6g7qf3O1bd/SlAbA/aa9e0dgx49SlcH7kHds/vvqa5ObqM6fPUCfuKNDtDdgcOSwq13ST+wNLhfzrv32l7kMs/ZtfyMXX0bfT9kDevBw5YUGubyWHkuQ2ULNmzuadWVkKqlqddm7fiT5AwFFIhUVu27Zp40ZaumQJrV29hg7sP6Dug4odGnASInByG7jkpGTasW27uvewnGkKnAHkDbgQkZPLJSxftpw2btikbpWl3W5Egh0bcAZSIZFbv8l9HuW+rtJ9QE5gAMBpyDbduP8wTj5zFpA3kAm1Y9NvRq5doBfyBgAAAFgJyBt4D5A3AD4KtNwBADwI5A18ANkpYccEwHtheZOWatVHFCIHAMhjIG8AAAAAADYC8gYAAAAAYCMgbwAAAAAANgLyBgAAAABgIyBvAAAAAAA2AvIGAAAAAGAjIG8AAAAAADYC8gYAAAAAYCMgbwAAAAAANgLyBgAAAABgIyBvAAAAAAA2AvIGAAAAAGAjIG8AAAAAADYC8gYAAAAAYCMgbwAAAAAANgLyBgAAAABgIyBvAAAAAAA2AvIGAAAAAGAjIG8AAAAAADYC8gYAAAAAYCMgbwAAAAAANgLyBgAAAABgIyBvAAAAAAC2gej/D8UHgHwt2asDAAAAAElFTkSuQmCC</file>
    </questiontext>
    <generalfeedback format="html">
      <text></text>
    </generalfeedback>
    <defaultgrade>1.0000000</defaultgrade>
    <penalty>0.3333333</penalty>
    <hidden>0</hidden>
    <idnumber></idnumber>
    <single>false</single>
    <shuffleanswers>true</shuffleanswers>
    <answernumbering>none</answernumbering>
    <showstandardinstruction>0</showstandardinstruction>
    <correctfeedback format="html">
      <text>Your answer is correct.</text>
    </correctfeedback>
    <partiallycorrectfeedback format="html">
      <text>Your answer is partially correct.</text>
    </partiallycorrectfeedback>
    <incorrectfeedback format="html">
      <text>Your answer is incorrect.</text>
    </incorrectfeedback>
    <shownumcorrect/>
    <answer fraction="33.33333" format="html">
      <text><![CDATA[<p dir="ltr" style="text-align: left;">1</p>]]></text>
      <feedback format="html">
        <text></text>
      </feedback>
    </answer>
    <answer fraction="33.33333" format="html">
      <text><![CDATA[<p dir="ltr" style="text-align: left;">2</p>]]></text>
      <feedback format="html">
        <text></text>
      </feedback>
    </answer>
    <answer fraction="0" format="html">
      <text><![CDATA[<p dir="ltr" style="text-align: left;">3</p>]]></text>
      <feedback format="html">
        <text></text>
      </feedback>
    </answer>
    <answer fraction="0" format="html">
      <text><![CDATA[<p dir="ltr" style="text-align: left;">4</p>]]></text>
      <feedback format="html">
        <text></text>
      </feedback>
    </answer>
    <answer fraction="0" format="html">
      <text><![CDATA[<p dir="ltr" style="text-align: left;">5</p>]]></text>
      <feedback format="html">
        <text></text>
      </feedback>
    </answer>
    <answer fraction="33.33333" format="html">
      <text><![CDATA[<p dir="ltr" style="text-align: left;">6</p>]]></text>
      <feedback format="html">
        <text></text>
      </feedback>
    </answer>
  </question>

<!-- question: 126874  -->
  <question type="numerical">
    <name>
      <text>Question 1</text>
    </name>
    <questiontext format="html">
      <text><![CDATA[<p dir="ltr" style="text-align: left;"><span id="docs-internal-guid-a64b590a-7fff-5022-76e0-9f939160b699">What is the minimum number of triangles needed to create the image below? <span><strong>Write your answer as an integer in the answer box.</strong></span></span><br></p><p dir="ltr" style="text-align: left;"><strong><img src="@@PLUGINFILE@@/01.png" alt="" role="presentation" class="img-fluid"><br></strong></p>]]></text>
<file name="01.png" path="/" encoding="base64">iVBORw0KGgoAAAANSUhEUgAAAOgAAAD4CAYAAADmf6rjAAASC0lEQVR4Ae2dz68lRRXH5+9UE92wccWGjRs2bFi5YaPoJEQXkxBMICQsNCQkBBMNCUYZ+THioDCRH3EmCAg4sfV7mX5zX7/ue6u6T1WdU/2pZPLm3Xdv3+pzvp+uvlXnfuvaQOsmArc//ffwh7//q5vz4USG4RpB6CcCjz//3vDojXeGb+7/t5+T2vmZAGgnAvjNzX8O3336zcO/G7/7qJOz4jQAtAMN3PvyP8MPf/n2BaA/uH5z+PDuVx2cGacAoB1o4CevfHgB5ziKPvHi7Q7OjFMA0OAauHnn8ytwjpC+8vbd4GdH9wE0sAY0GfSjX/1lEVDd9n7x9f3AZ0jXATSwBl5445NFOMdR9PqrdwKfIV0H0KAa0MSQJoNGEE/91PooLWYEADRm3oYf//pvSXAKXN0G02JGAEAD5u33f/0sGc5xZH3pj58GPFO6DKDBNKCJoeM1zxHAcz91O6zbYlqsCABorHwNqhI6B+PS3596+YNgZ0t3ATSQBjTZkzoxtAQpxfSBEj5QLB8qW6oOWgIv9fHHnr1FMX2grDOCBkmWqoJSITz3vOde/zjIWdNNAA2ggWkx/DkAz/2dYvoASX/QRQANkCtVA52DLvfvT770foAzp4sA6lwD7370pTmcI8yv3brn/OzpHoA618CpYvgRtLU/tZ6K+4JvAQCo4/yo+mctfKmv+8Vv/+E4AnQNQJ1qIKcYPhXGpedRTO9UBKyD+k1MTjH8Enipj1NM71cHjKAOc6Nqn1S4rJ4n0zGavwgAqLOcaNJG1plW4KUe55Fn3qKY3pkW1B0AdZYUVfmkQmX9PJmP0XxFAEAd5UNWmVuL4bdCKxMymp8IAKifXAwWxfBbAaWY3pEguMX1kwxV9WyFy+r1MiOj+YgAI6iDPMgac41LghWQ0+PoNvvjz75xEBm6AKAONKBqnikkrX/XOiytfQQAtHEOVMXTGsal95c5Ga1tBAC0bfxPOsMvgVPrcYrpG4uDSaK2CahRDL8VZorp22qEEbRR/FUMr+qdrQCVfr0mjCimbyQSRtB2gZcFZmm4rI6vnbtpbSLACNog7qe2DLSCyvo4bGXYQCiMoPWDrmJ4VetYA1T6eJow0m05rW4EGEHrxntoWQy/FWKK6SuLhRG0bsBVndO6GH4rpDIxo9WLACNovVgPsrrcCkjr18t9AaOxeqIB0EqxXrNlYGsYl96frQwriYZb3DqB1ojjqRh+CbzUx3WbzoRRHe0wglaIs8di+FQYl55HMX0F4TCClg+y52L4JfhSH6eYvrx+GEELx1hVOKmCj/Y8mZsxYVRWQABaML6ysowGXW5/teM3rVwEALRQbKMUw+cCOX2+JoxkdkYrEwEALRPXQVU3UzH3+rvMzmhlIgCgBeIasRh+68WDYvoCQmIW1z6omjQpuWXgVpBKvV7rvDI/o9lGgBHUNp6DLCtLQeD9uNoJnGYbAQA1jGcPxfBbLwIU0xsKiltc22DW3DJwK0ilXs9WhraaYgQ1imdPxfBb4aWY3khUjKA2geytGH4roBTT2+hKR2EENYilqmm2irq318sUjbY9AgC6MYYqho/uklDq4qCdwmnbInCth2/5lxIYx32TO4On28VAE27XWBpolwAuAMT+lAa0ZHW4xY3sNHfqBPkbAETVwOigeABUs5ARvVqjBp9+c+E4pYFjD+KLSSJ9oD/1Iv6GqNBAHQ3oe8RjuwBUD0TaLwSx1BELca4b5+k+OJcA1ZeMWTKomxAAIN7HGpjuJHcJUI2iEfasPD4h/o/Ae9HA3F6sVwAVpHv8PmMvSeY8Yl6wNDE0Z8A2C6jWX0h0zESTt5h5e+3WvXFe6NLPWUD1DH35lmTHTDZ5i5U3VfMttUVANWHU03YFiDaWaPeSr3OuiIuAimgZQe0lUJwnALfQgKr4TrWTgOqFPTujt0gI78mFYNRAijP/WUD5OhWCGgXFT1stpHwd7yygGkV73J0LsdmKjXjmxTN1d7gkQLH0yAs+YiVepzSQYwmTBKhGUUyxEN0p0fG3dH3kmKolAypIcV9ITwKCJVZzGlCV3lzFkPiaa1mA4r6A6OZEx2Ppusg19s4CVITjvpCeDIRLrI41MLokzI2US49lA4r7AqI7Fh3/T9PDsUvCEoxzj2cDqoPgvpCWFMRLnEYNHLskzIG49NgqQHUw9iFBfKP4+HlaC1OXhCUY5x5fDSjuC6eTgmiJz6iBqUvCHIhLj60GVAfEfQERjiLk57wW5lwSlmCce3wToJowwn1hPjEIlrhoYmjrruObABXxuC8gRC5G8xpYckmYGymXHtsMqA6s9R2SNJ8k4rLPuDzx4u0l5rIeNwEU94V9ipCLz3zez7kk5BBqAqjeUOs8JGw+YcRlX3HRfrFWzQxQdQj3hX0JkQvP1XynuCTkwGsKqNZ7SNrVpBGT/cREX8u0bKaAqmO4L+xHjFx4Luc61SUhB2BzQHFfuJw0RLyPeOS4JDQFVG+u9R+EuQ9hkudv8/zCG5/kcJf8XPMRdHxn3BcAdC/w5rokjIyk/CwG6Id3v2Irw6eBdA+Q3rzzeQprq55TDFD1BvcFAO0d0DUuCTmkFgVUE0ZaF+o9SZzfPi9Ejzzz1qAqupKtKKDqOO4L+xTvHi5aa10ScoAuDqg6g/sCkPYGrCaGarQqgOK+AKC9AbrFJSEH7CqAqkO4LwBpL5BudUlwCSjuCwDaA6AWLgkuAVWncF8A0uiQWrgkuAVUHcN9AUijQmrlkuAaUE0Yaf0oapLo9z4vMJYuCa4BVedwX9inyCNf3CxdEtwDqg5i1wmkUYDVxJAmOVu0asss05PDfQFAowBq7ZIwZeHU780AVadwXwBS75CWcEk4BeT0b00Bleu2bh+8J4n+7fNCookhbVrdsjUFVCeO+8I+xR/holfKJSEH+OaAqrNaX4qQMPq4n4vJY8/eajYxdAywC0BxX9iP8KNc5Eq6JBwDeO7/LgBVJ7XOFCV59LPvC8pTL39wjptqf3cDKO4LfYs+ykWthktCDt1uAFWntd4UJZH0s88Lir4W6am5AlSBwX2hT+FHuKDVcknIuQC4AxT3BQBtBXMtl4TQgKrzWn9qlSTed58XiOuv3snhptpz3Y2gOnPcF/YJSauLY22XhBy6XQKqE9A6VKuE8b77ukC88vbdHGaqPtctoIoC7gv7AqXFhbGFS0IO4a4B1YTR93/+Z0ZS9ngpooHv/ezNwePE0DHArgHFlZ4RtPSoWsMd/hi43P+7BVQTRSpYLp0gjr/vi4AmiHSn5rW5BZSd0fYNTukL53d++jC+pXco2wK/S0Dnv91yk9GUz6ImGtBnz+kFwMu3V6YwuwSU3bmvCmgqKH63jVHJXbKn0OX87g5QHBZshQfI6fH04KAwhdcVoJoYwqMoXVDAZxsreRB5mzByBSguf7aCA+D8eLZ28XM7guKTmy8mAMyJWfokY0sfXLeA4jSfIzaeW/LipI9Z+rjlobm4xV2zV8vxOlbJZHHsHi4Gf7qyrHIur632YpleFJoDqg/la3c7m1vPOhd4/t4DcOXPQRNGHup0mwPKN1bKi42L0roYe/imS1NA+c7nOuEAXL24tf6uaDNAKYavJzKAXh/r1sX0zQDFd2i9aACubuxa+hU1AVQ7RulDuK3QrI9XVwS2saDv1vF896MvpxOsVX5vAijF8ABkDVDp47XyzK0OaFn3+Pz1rtKJ5fi1L0bl7qRauM5XBZRi+Npi5f0sL5AtiumrAkoxPMBYAjM9Vo3qstrF9NUAVVWG/cQQgp+KlN/La0JmdrVaNUAff/4941nb8olA7MR4TgOP3ninWjF9FUDXFMPPBYbHAMaLBmoV0xcHVMXwuCQAlhewrPqhj2sytyvdigNKMTxwWkHh7Tg1iumLAqrqC29BpT89XTDKrXmm6kQmdyVbMUC15olLQk8wcC5z0Orj2xdf3y/GaDFAPRXD11gfm0sej5WE2k/VWMli+iKAamKINc+S4uTY3i5+pdwXigCqagtvAaQ/QF1SA6WK6c0BLVsMj8hKioxjb9NXiWJ6U0A1MaQqCxK9LdHEL2b8ZH5n7UxvCqiqKxBXTHGRN5u8PfXyB6YzumaAxiqGb79+BhA2QHiMo2UxvRmgqqrwGCz61C8IXnOrneH1cc+imQAqa0KvwVrul591tOU+Ate3sYl3x6Md4i3aZkBVRUExPCBxkbmsAdUByBxva9sMqKooSM7l5BAPy3jEvdOROd7WtglQiuEthcixerywbS2m3wQoxfBA1SNUluekj39bJoxWA6qqCcsT4VjA3qsGZJa3tq0ClGJ4YOoVplLntbaYfhWgqpYodSIcF/h71IBM89a0bEBVJdFjAL89p3jrbb3loudNmWWel9uyAKUYntGttwtCzfNZU0yfBaiqI2qeUIv3wn2h5UUo7ppnqlZlopfTkgGVxSAuCS3Fy3unQuD9edpZPrUlA8qWgQDiXfhR+qf6gdS10SRAVQ0R5eTpJxeSCBqQqV5KOwsoxfAIPoLgo/UxtZj+LKBsGQig0cQfpb8pWxmeBFTVD1FOtlQ/e16XKxUzjpt+UZfJ3ql2ElCK4dMDjSiJ1RoNnCumXwSULQOPBdf/+twacW17DVVbY/xObWU4C6iK4VX1MB6An8ew8n/0YKsBTRgtFdPPAkoxvG0CEPQ0ntyRTDWxVEx/BVBVOUxfzO9TgfE7mrDXgMz3pu0SoKpukGUgwbcPPjElpuc0oAmjqTP9JUA9bRl47mT4O4LvUQPTrQwvAJVFIMXwiL5H0Uc7J5nxje0CUIrhgbOkkPkaX7q+jovpD4CyZWB68B6KmHW8h7E4HT+qsU7HZy6O41aG1zQxhDN8fgDngspjxNFKA/q4qQmjaxTDbxEV63lWguQ4V3WoYvqLz6Djh1J+5kWAz+5XhTXCdvxZKi+qPHuMAICOkVj5EyuYZUBzrD1Whr/7lwGoQYr3YKY2joqpP3PNsQzS0OUhANQgrdiRXh5F19hLGqShy0MAqFFa+zb0vgzguVF0jUGzURq6OwyAGqZUs27nxNv73zUxRLOLAIDaxfKwbrX3csml7zUahnlXhwJQ43TveVvGLdvsGaehm8MBqHEqNWG0Ry8nVaPJopVmGwEAtY3n4Wj6NkLvnzWn57d1q/cCaejikABaKI1aB5yKuNffn3jxdqEoclgALaSBvRivaVJM1VS0MhEA0DJxPRx1D9alpywjC4Z2N4cG0MKp7nnC6JzpcuHQ7uLwAFo4zT1vn3Fu24LCod3F4QG0Qpp7/M5tysY/FULb/VsAaIUU97aFoyaGZDJHKx8BAC0f48M79LQJcurms5VC2/XbAGjF9Gq9MPpaqIzNVS1FqxMBAK0T58O79OC+gEtCRcEMA55EdcM9DFo3jDqKalMtWt0IMILWjffh9vDRG++EgxSXhMpCefB2ANog7hGNwkcj5Qbh2vVbAmij9EdyX8AloZFI+AzaLvAqpo/ivoBLQjudMIK2i/0QYbvH6XZ4DcO1y7cG0IZp9+6+gEtCQ3E8eGsAbZwDrSt6XXaZ25K9cbh29/YA6iDlHt0XcElwIAwmiXwkwZv7giavmBjyoQ1GUB95GDy5L+CS4EQUjKB+EqGeeHBfwCXBlyYYQR3lw4P7Ai4JjgTBCOorGepNS/cFXBL86YER1FlOWrkv4JLgTAgPugOgDvOi9cfaa6O4JDgUAre4PpOiXtV0X8Alwa8OGEGd5kYTRrWK6bX5MM1nBADUZ14OvarhvoBLgmMBcIvrOzkqpte6ZKnPoxqhVcVE8xsBRlC/uTn0rKT7Ai4JzpPPCOo/QephCfcFXBJi5J4RNECe5OJuPWGkTYZp/iMAoP5zdOihpfsCLglBks4tbpxEacJI65VbJ4w06cTEUJy8M4LGydVg4b6AS0KghDOCxkqWeqt1y7Wj6OPPvxfvhHfeY0bQYAJY676gSSZcEoIlmxE0XsLUY61f5o6i+hobLV4EGEHj5ezQ4xz3BVwSgiaZETRu4nLcF3BJiJtnRtC4uRu0nnnuVvfJl94PfIZ0HUADa+Cc+4ImhlSFRIsbAQCNm7tDz0+5Lzz3+sfBz47uA2gHGphzX8AloYPEMknURxLn3BdwSegjt4ygfeRxOHZfwCWhk6QygvaTyNF9AZeEfnKqM2EE7SifWu/EJaGjhP7/VP4HVmq3b/Pr9YEAAAAASUVORK5CYII=</file>
    </questiontext>
    <generalfeedback format="html">
      <text></text>
    </generalfeedback>
    <defaultgrade>1.0000000</defaultgrade>
    <penalty>0.3333333</penalty>
    <hidden>0</hidden>
    <idnumber></idnumber>
    <answer fraction="100" format="moodle_auto_format">
      <text>2</text>
      <feedback format="html">
        <text></text>
      </feedback>
      <tolerance>0</tolerance>
    </answer>
    <unitgradingtype>0</unitgradingtype>
    <unitpenalty>0.1000000</unitpenalty>
    <showunits>3</showunits>
    <unitsleft>0</unitsleft>
  </question>

<!-- question: 126875  -->
  <question type="numerical">
    <name>
      <text>Question 2</text>
    </name>
    <questiontext format="html">
      <text><![CDATA[<p dir="ltr" style="text-align: left;"><span id="docs-internal-guid-3119a9fa-7fff-164c-9304-9c714c002e2c">How many hexagons are in the object below? <span><strong>Write your answer as an integer in the answer box.</strong></span></span><br></p><p dir="ltr" style="text-align: left;"><strong><img src="@@PLUGINFILE@@/02.png" alt="" role="presentation" class="img-fluid"><br></strong></p>]]></text>
<file name="02.png" path="/" encoding="base64">iVBORw0KGgoAAAANSUhEUgAAAU0AAAEBCAYAAAD8avfTAAAgAElEQVR4AeydB1QWRxeGUxT4+CrdbmJvscSu2LBhx4Jd6R3sXQEVEFHsmlhij5qosYtdo1FjF7Em0dgbVVAUW57/zPqT2FA6qLvnfGd3Z2fu3HlnuczOzH3vZ8iHjICMgIyAjECqEfgs1TnljDICMgIyAjICyEZTfglkBGQEZATSgIBsNNMAlpxVRkBGQEZANpryOyAjICMgI5AGBGSjmQaw5KwyAjICMgKy0ZTfARkBGQEZgTQgIBvNNIAlZ5URkBGQEZCNpvwOyAjICMgIpAEB2WimASw5q4yAjICMgGw05XdARkBGQEYgDQjIRjMNYMlZZQRkBGQEZKMpvwMyAjICMgJpQEA2mmkAS84qIyAjICMgG035Hch1CERG3mXbti2cOnUq1+kmKyQjIBtN+R3INQjcv5/AiRPHmTx5ApUqlcPNzYUrVy7nGv1kRWQEBAKy0ZTfg1yBQExMDHPnzqFmzRoUKVIYlUpB2bIlmDAhiKdPH+cKHWUlZAQEArLRlN+DXIHArl27aNq0KV9++SWff/4FOp0OlSovzZtbcebMmVyho6yEjIBAQDaa8nuQ4whcOPsHvXvYUTh/YfKbWaDVaDEyNsLQUEHJkiUYP348N2/ezHE9ZQVkBAQCstGU34McReDKlat4uHphpsuPMq8SM60RGrUatUaDRqNBq9VSu3Ztdu/enaN6ypXLCCQjIBvNZCTkc44gsGP7bkoVK4viSxUmGgt0hiZoFWrUeoYoDBQYGhpSoEABhg0bxo0bN3JER7lSGYGXEZCN5stoyNfZhsA///zDXxcv4uzohonaHLW+DlONBflMClHqq5IUyVdQGmWKuU3xq1q1KkuXLkWUkw8ZgZxEQDaaOYn+J1z3k6dPGBcygaKFSqA1MEKjMEKtp6Nx/aaMCwiiV7fulCpVCgsLC/LmzSv92rZty7Fjx3j69OknjJzc9JxGQDaaOd0Dn2D9z58/58jRo7Tv2Am1UodOZYRWaYSFcX5CgicQGxXN0cNH6N27N/nz50dfX1+a3yxevDj9+/cnMjLyE0RNbnJuQUA2mrmlJz4hPaJjY/Ds402BwgWlOUudzkgaUbbv0J6T4Sf/RWLZsmWULFmSzz//HK1OKxnOGjVqsHPXrn/zyBcyAtmNgGw0sxtxuT62bNtKlWpV+eyLzzAy1aJvmJdiJb5m9ZpViFFo8nH9+nW6dOmCsYmJtKKu0NPHzNgERwdHIs5EAPL8ZjJW8jn7EJCNZvZhLdcE/P3339InduHCRdBoVeir8mJkpsXBxY4bt19dHRcGdPv27bRu0wZjrQ61noG0qq5Va/Af7SvPbcpvVI4gIBvNHIH906z04YNEvp/1HWVLlMJIo0NrpOEz/c+ob12PQ0cOvdUIJiYmEhoaSpGChVHm0aegaQHyfJmH5tbN+P3QgU8TSLnVOYqAbDRzFP5Pq/IN6zfQspk1Bnn1MVZr0WjVVK5RgZlzppH0+FGKYFy4cAEHO3sKWRRApadGa6iVPIWGjhjMo0cpl0tRoPxARiADCMhGMwPgyUVTj4Bwg+xp1xut8CnXaVAoDMhnYcHQwYO4cvnv9wpat/oXqpWviIm+EiMDtbTxvUadWmzbtk3eu/le9OQMmYmAbDQzE01Z1lsRePz4MStW/ky5yt/wuUEeNGZGGOo00ob1ndt3vLXM64mX/76Mq6MzpmotqrwGqFUqzArkx8vHm3Pnz7+eXb6XEcgyBGSjmWXQyoKTETh06BBt29tIhjKv2hA9lSHFy5YmICgwTa6Rh44cpmbt2nz2xReojLSojDSULFeGOfPm8fSJvOE9GW/5nLUIyEYza/H95KU/ePCAadOmYZ4/H3kUepgVMEVjosW2W2fOnDubJnzuJz7Af1wg+Ut+jYGRBgOtCo2Jjq49unHgoLwolCYw5czpRkA2mumGTi74PgTElqGtW7dKPJmC7k2tVqNRK6hSpQILlvzAc569T8QbzyP+OEd3T3v0jVXk0SjRUxuiMzbC1duD+ISEN/LLCTICmY2AbDQzG1FZ3r8IREVFMWDAQMnbR5BuKBQKDBUGeHt7cP36tX/zpeXiKc+Zv3Ip+YoX5gu1gjwqQz7L8zllK5Vl2/atPH6SlBZxcl4ZgTQjIBvNNEMmF0gNAgkJCSxdupzq1Wugp5dXMpgqlYpmzazYuHF9akSkmOfslT+x6+tBvuJf8VneL/hCY0j+ImY4u9pz9pzM8p4icPKDTEFANpqZAqMs5HUEIiLO0qJFG3Q6E9RqFQYGCooUKcKMGdOIj7/3evY03T/55ynb9+6mRbs2GGiUGGjVfKnIQ6GvCvHd9zPlvZtpQlPOnFYEZKOZVsTk/O9FID4+ngkTJlGoUDHy5DGQjKaYz2zVqhVXrrx/T+Z7KwCSHj9mYuhEKlWtgtpUx2d5PyevoR4dOrTlzBk59G9qMJTzpA8B2WimDze5VAoIiMWfdevW07BhE4yMLFAoVBK1m6WlJfPnz+fZs7Qv/qRQFceOncDDw5uChYpiqDKUSD3KFCtJwJgxxMTGpFRMTpcRyBACstHMEHxy4dcRiI6OwcurD6amBSSjqVSqpYWg4cOHc+9exj7LX69LGOCVK3+hUaNmmJqaolGq0RioaNLQSvIUepkx6fWy8r2MQHoRkI1mepGTy72BwKNHSfywYBHValliYKhDpzUjX77CdO3Sg32//fZG/sxIiI9LIGB0IKWLl0Otr0GlZ0A+EzPsevbm6pUrmVGFLENG4BUEZKP5ChzyTUYQ+P3wUdp1sMUsXxHUWlNUahMqV67GokVLEQY1q44D+w7SunlbTFSmmKqN0OorqVC6LMt/XCb7pWcV6J+wXNlofsKdn5lNvxsVyUi/UXxVsjgKlTF59NXkK/gVTi7uXLl6NTOrekOWMMizp8+meoWq6H+mh05fQ9GChXF2cubs2bR5Hb0hXE6QEXgNAdlovgaIfJs+BFb8/DM1atfB1Dwf+gotefRU1G9gxYYNm3j48GH6hKah1OW/r+Do4IRGqUNjqEGr0VCpUiUmTpxIbGxsGiTJWWUE3o2AbDTfjY/8NBUI/HXuL/p698fEpAAajTkqpREFChRmyJDB2WawxKLQ8hUrsKxviVmBfBgoDSW3TbHNac2aNalohZxFRiB1CMhGM3U4yblSQODBvftMDplM1W9rozMy4csv86JSaejUyZbffvvtlZg/KYjItORbt28z0t+P4mVLodCp+DJPHooWLYqjnTPnz13ItHpkQZ82ArLR/LT7P8Ot/23HXmxadSCfRRG0Wq0Un7xw4cIsXbqEJ0+eZFh+WgSILUaC7ahlm1YYWZiiZ6CPiYkJFcpUZNqk6cTFxqdFnJxXRuCtCMhG862wyImpQeDsmTN4OLnxdZGv0Wi0KJVKSpQogbOzM+Hh4akRkel5HiQ+YP7CBVSvUQOF0lDaWK9VaCXDvnO7HPo30wH/BAXKRvMT7PTMavKC+fMpXuQrlIaGqDRqVColDRo0kCJIZvco8+U2XblyBTdXN0xMjKV5TZ2hMcUKCU+hICIjo17OKl/LCKQZAdlophkyucA//EP4qXB69uyB4MlUKvVRq/WpUuUbxo8fR0JCzn8Gb9q0iXr16mFubo5abYJaZUyLZq3ZtGmzvHdTfoUzhIBsNDME36dZOO5eHIHB4yhXvjyGSkMUhoL6LQ+urk5ERJzMFaDcvXuX4OBgSpcujUplhE5nTvGvSzNw4BAuXbqUK3SUlfgwEZCN5ofZbzmm9dNnz9h/YD/WrVpIcXoUGiUKwy/RavTx9xtBXGxkjun2csX//PMPixYtpEqVKpLRFOQhwkOpbt36Unp27B19WR/5+uNBQDaaH09fZktLrl67xpDhwyhRuhRqY53EZ6mn+BKlWp/uPbuxZu0vRESEc/p0BKdPn+bMmTPSWVyn9IuIiCD5J/KI6+S8r18n37+cPzmvdI6I4Mzp0+zcuZP+/ftTrlw5dDpTDA0Fc7yOfBaFaNemDQf2yzGFsuWF+QgrkY3mR9ipWdWkp0+fShvFW7dpjZmpKQYqQ4zzmVGoWFG+LlWcarVr0tqmLe3ataN9+/bY2NhIZ3H9tp94npynbdu2/+Z527XI97JccZ18/69sGxs6tG1Hh3Y22LbvQD1LS8T2J63WBK3WFBOT/Og0xnxdoBD+vr7cvn07q6CS5X7ECMhG8yPu3MxuWviJcMlV8esixTHSmpBXaUDxcqXp1LUrnj4++PTri1efPnh4euHl5Y2bmzvu7h54enq+8+fl5YWHhwfinHydXCY5XdwnX4uz+CXnEWcv8fPwxMv9xc/b3RMPN3fatGkjMS3pjCwkEhGFvgp1XhW1qtVm/rwFPHz4KLNhkuV95AjIRvMj7+DMal50dCzBY4KpUrIy5qp8mBjlR09hSD2r+ixb8TN//PEXf/99hatXr0m/K1euceXKVcT2n3f9Ll++LD1PPou877oWz5J/r8i9fIUrl/9fVpz/vsyli5dYsmQJZcp8wxdf6PF5HiU6jTnmmvwYKU3paNOZ0xFyTKHMekc+FTmy0fxUejoD7Xzy9ClLFv+IVZ3GmOc1xlxpjqGBls8++5LWbdtz5GjObGRPTZMOHDhAtWq1KVCgCF+XKIeRzgK1no4vP9OjaqUazJk9l/sP7qdGlJxHRkBCQDaa8ovwXgQuXryMXU8HShYujYXCBK2eBguzQhgYqKhWoy7TZ37Po6TH75WT3Rn+/PNPAgMDqVy5Ol7efek/cDClSpZDo2+ETmlCPrNCdOvanSNHjmS3anJ9HzACstH8gDsvO1QX7EHzf1hI5fLVMNOaY6rRUcgsP3Vr16VZs+Y0adKULl26sGtX7nNRXLVqNU2bWtO5c1f27NnDkaNH6ePdh/Ily6LUV6JSqSlfoQIBgYHcy2CEzOzoC7mO3IGAbDRzRz/kTi3+gR3bt9OlUxcKmhdBpadGozCkVrUahIwfz4oVK5g0aRKtWlkzYsRQrl27nGvacebMBdzcvOjQwZaffvpJCugm9m7u3r0b6ybNUOgZYGxsjIm5GQ2aWPHz6lWZGvQt1wAhK5LpCMhGM9Mh/XgEXr50iWGDhvB1oaJo9HUo9VQULlJYWqkWizHiuHz1KsOHD6Flq2bMnT+HJ09y/jM9Pv4+kydPp3Fja0JCQl+Jgy6Cu/n7+1OsWDHJL12pUqLT6XBxdeXCBZk+7uN5e7OuJbLRzDpsP2jJSUlJLFqwgHq16mCk0mGYV4NO+G+3bEFYWBhiz2byERa2iU627enl0JODh/YnJ+fIWei1e8+vtGnTnh49ehMeHvGKHoI+7tChQ3SytcXAwACFQoFapaJyxUqEhIQgWJLkQ0bgXQjIRvNd6HzCz06dCMfJzoEi+QqgNRQMRiaULFmW0NDQN9jYY2KimTRpAg0a12NMoH+OEnZcv34dn779sW7emnnz5vH48ZsB3URMoQULF0k0dvr6+hIPqJnOmDatWrN3395PuNflpqcGAdlopgalTyxPXGwsc76bTbVKVVDqqzDIq0CjNsLR0YWT4W8n5Ig4HU5P++40a9WELdu2IHzUs/sQda5avZpGVo3p49OXa9eupajCxYsXcXZxpWjhIv+Pl25I+VJlCQoI5I7sKZQibvIDkI2m/Ba8gcCvu/ZIbohF8xfCQF9NnjwKiS1o7dq1PExK2YNm2YqldLC1YdiI4fx16eIbcrMy4emzp/x28Dd62PWkY6eO0mq+WPlP6RCeQJu3bKV9GxvMdaYo8ygoZJ5fWiR6Efo35bIpyZTTPw0EZKP5afRzqlt588YNxvj6UbpkKdQq8Vmuo0yZCgweNvSNz/LXhd6+c5PBwwbT1Lo5s77/joT47OPVjE+IZ8DAftSoVYOQ0Ikk3E94Xb037h88eMCsWd9TpVJldEoNRioNhfMVxN3ZRSIdeaOAnCAjgDzSlF+ClxBIfJDIkoWLaWzZEBMjYxSGColWrXv33uzdv++lnClfbtkeRgfbTnTsbMuevXt5/s/zlDNn0pOnT5+waeN6WrduSaeOHaX9mIIoOTVHxOnTuLq6UtA8PxqFErWeIZUrVJTmbqOjo1MjQs7ziSEgjzQ/sQ5PsbnP4djhY3Tv2l2a5zM2NsPULB9ffV2aiaFTEKvpqTnECG/GdzNoaGWFl2cfyQ89NeUykufvv/+mV6+eNGnSmNWrV6cpoJsIy7F8xXKqfltVYqFXKVUYGxnR0tqa7Vu38c/zrDf6GWm7XDb7EZCNZvZjnitrvHPnDuODgqlSsTJGRsYYGKgpWKgYLq6eHD329sWflBpy9fpVHJ2cqV2rHgsXLs1SJqGkpMfMmvUddetaMnToUIQBTetx/o/zDBg4gKJfFZWCwxkqDClRtBhDBw7m0l/ZOzebVt3l/NmPgGw0sx/zXFjjP4Rt3UzrVq0kwl6l0ggDQy21LRuxdt3GNHvKiE/jNWvX0rRpC3r1suf8+azbNL5r1x66dOku8XIePHgwXfF/hKfQ9p07aNqiOVpTIwwMFFgY5adZw2ZsWr2ef56n7lM/F3asrFIWICAbzSwA9UMTeenyJbz7ePP111+TN68hGq055SpUYfDQkcTGvn9B5W3tvXs3kqCgYFq0aM3UqTOIj0+fnLfJTk5LSEhg9OgAGjZswoQJE0lMTEx+lOZzwsOHBE8OpVzlinyeVw9jXT5KFS5NX9c+/HX2D1I5RZrmeuUCHx4CstH88PosUzUWq85TZ06hZt0amJhaSAbTPF9RevRy4Nd9vyE8aNJ7nD9/nt69HbHt1IUdO3amV0yK5dasWU8n26706zeQs2fPpZgvtQ8izp+ju70jn39hIEWvzK8rRKOqjVgwdT6P76duTje1dcn5PlwEZKP54fZdhjX/5x/YumMr3XrYkr+gOQb6wqXQiOo16jBj5iySHqW8JzM1lScmPmDuvB+oVac2ffp6c+nvi+n6fH5bXZcuXaaPzwCsGjVj2Y8r3pYlXWnfz5tLpSrV0GlNMFYaU9S4IL079uTY70fTPE2RLgXkQrkeAdlo5vouyjoFY2JiGThgACVKFMZYq0Gjb0g+E1M83dw5d/Zcphi4a9ev4eHjRr0mloybPJ7HzzJO6BEVFSltCbKsWR9PV2/+vpR57EpiqsLX35ciRYuglycvKoUhFUqXY0j/wdy4cSPrOkOW/MEgIBvND6arMl/RzZvDaNHCGq1WjDAV5DOzoHmTpmzasPEVQo6M1rxj5zYat25C/Wb1OXL8UEbFsWnLRqrXqE6L5i3YuyfzfcUPHTlMk2ZN0Rhp0RkbYW5mRuNGVqxYvkIebWa49z58AbLR/PD7MF0tOHXqlBTitkKF8qjV+ujrf0GFb75hYuhEoqKi0iUzpUJiwWbS1FDKVypDQNAY7kSmPwrkzZs3GDR0AOUqlGNcUBCPHj1Mqdp0pyc+fEhQSDDfVKmEwkAhbUP6ulgxHB0dOXbsWLrlygU/DgRko/lx9GOaWhETE8O0adOoVasWZmamqNV6GBur6dq1K8KYvstnO00VvZT53LmzdO/RnQ4dO/Dzyp9fepL6S+H2OH/+fBo0bICDowN/X0r7nszU1CYWv85dOI+jsyPmpuYv6OPUaipVekEfJzg55ePTRUA2mp9g32/dupVOnTpJzOUKhQEmJhrq1astRW58/Djjc45vg1QY4rlz59G8eXPsevbmxNHjb8v2zjRh0G1tbbG0tGThwoUZWtl/Z0UgTU+s+PknrKysMDMzQ6PRSGTFIib7hg0bMmW+9306yM9zJwKy0cyd/ZJlWgm6NF8/Pyp8U4G8efNgaGjIV18VZeTIEVJo3CyrGLh18w5+I/yp921dpgRP5n5C6gl/hcfSiBEjqFy5MoMHD+bu3btZqaok++atm4zwG0WpMqWkT3SlUknx4sWl+i9dupTl9csV5E4EZKOZO/slS7QSo71NGzfRsmVLChYsSN68ebGwsKBZs2bs2LEjS+p8XejubbuxbW1Ld5ue7N65J9VTAfv27aNu3brUqVMnW+cVfz98GJv27TExMZH+wYgRZ9OmTaX4SC+z17/eTvn+40VANpofb9++0bLTERH09faR/KoFDZoYOX3zzTdMnz6d7GL0EQQZc6bNpW2jtvTrM4A/L/71hp6vJ1y9ehUfHx/pU3nq1Klk55yiwGXmd7MoX768hJeIJ1SiRAlcXJw5euLo66rK958AArLR/AQ6WTQxPu4e38+cRc2qIhSvMQaf55Hm6uzs7AgPD89WFK7+dQ0fJx8a1mnA8p9WvJOVSCzK/DBfbJCvhZu7K9evp8zGnlWNOHPmLD169KRw4cLS3KZWq6VWrZrM/eH7VPF2ZpVestycQUA2mjmDe7bW+vzZM3bv3E37tu0wMzLBWKXFWK3Dunlzli1flql7MlPTMGEIN6zeRKMGTaRP3/2/H+D5W0gxBJHG2bNnsO3Wkaq1qrBm3WqePH2SmioyNU9i4kOWLFlGvXr1UalU0q/oV0Xo3N2WX9auQvB5yseng4BsND+Bvr598xajR46iUqnyGBvoMFUbUbXStwSPC+bWrVs5gkBifCK+I8SCVBX6DxpEXFzcG3o8eBTP6CA/LBvXY9TYUcTExryRJ7sSBE5jxoylUKFCktHUGWkp801J3DxduHxFXhTKrn7IDfXIRjM39EIW6pD0KInVP/9Mi0ZWFNJYYJ7XBAutKXY9e7EzC0g0UtsUMdo8eewEbVrYULtGXTasX/dKfHIhZ8vuzdRtVps2XWz47fCB1IrOsnzbtm2jRYsW0rSGgUIfnYVKGgEvXbaYe/Hy3s0sAz6XCZaNZi7rkMxURximo4eP4OHkRpmCxTH+UoPuMzWVy37DrBkzs3VB5W3tEvqtWPITDeo0pFuXHvz555//Zrvw53m6O3el5LdfM3/JfMTG9pw+hFPA7NmzqV27NvoG+nyp/wUFilrg5OrAwUPCqMu8mzndR9lRv2w0swPlHKrj5vWbBAUGUqdKTfIrzLEwMKOo2Vc42Tvxx4U/ckirV6u9fvUG/bwGULVSTSZPmiItCgkS4+kzp1GyYjE62XXgyo0rrxbKwbs//vgDDw8PihYtip5CD5XOkG+rVyEoOIDIyMgc1EyuOrsQkI1mdiGdzfU8ffKE1ctXYtO8HV+ZF0WnMMZMbUIr65asXLXqnSvW2amq2Dt66PdDtGrZmjat27FgwSJWrPiZnr160dy6GavWrMqW4GypbbPQd/ny5dJnulhFN9AzIL95AVq3bsOGdRtTHUsptfXJ+XIfArLRzH19kikaXbt4iUF9B1C6UClUelq0ChOqVqnGuOBxiM/M3HQI183p06fRoIEV9eo1ooV1axo3bsbMmTNzjXF/Ga/o6ChpUahcyfIY5lGjMzShRJFSeLp5czbizMtZ5euPEAHZaH6Enfrw4UPmz51Lg3r1MVKqURmoyW9SmLYt2/LT8uU8e/os17V65+5dtG/fAQtzC8lLqWHDhqxcuTLX6SkUEnOxCxcuooV1C8xNLVAbGKMx0FKlQiXGjh7D7du3Zd/0XNlzmaOUbDQzB8dcJWX33j3YO9hLRLpaIy1GOmPymxWiXWsbfpgzj6t/X+ZeXBxxsbHSVh/hYSO2/MTFxhEbG4sgJxZnKS1OpL1IF2mxMeJ5jPT8RXrcv/lE+X9//5f3QsY97sXd+1e+SJPqF3nuxSF8vFeuWoltF1vUGhXis7dBgwbMmzdPWqz6Vz9R7v+6xv6/rJAVI/QS+t57IU/SMzlNlIm/Jz17OV3K/5Ierz9Lfi7kJz970ZY4zp07Jy0IdejQgXzm+dEa6DDTmpLf2IwW1tb8+OOPuXKEnKte0g9YGdlofsCd9zbVI2PuMHrcGEpXqoDSRIdCo0KhUmJqakLtGrVxd/EkwM+f4DFjCfD1Y4yvH8FjAwgaG4j/qDH4jRzNqOG++PuOZlzAeAL8A6Q0v1Gj8Rvpz8hho6SfuBZpviP88R0xCr8RI/EbOQq/kX5SfpE+crgf/r5jCBwzjnEB46RRmMgbMGYsweMC8fMfxeigUQSMH4tPXy8aNqmHzkyFRquhWrXq9O7dGz8/P8aHjCcgMIDAwEAmTJhAQFAgo8eMZmxQAGMDAxgxaiQjRo4gcFyQ9GyUny8jfUdJvzGBAUycNFF6JvKN8h2F78gXvzH+/owfN47AMQH4Dn+hv/8oX+n5aD8/ggICJJ39Ro3Cb5QvAQEBjA4YIxGHuLu5Ua9ePcyMTdApVJLDgGEeA0oVL8mgwYNklve3vZwfSZpsND+SjhTNSHqSxMp1q2hq0wJtATPUZkYYGmkwMjOhfv169OjeCzdnD7zdPfFx88DTyQU3ewd8XN3wcfPExc4Vdyd33BzdcXfyoK9nXzycPXG2c8HDyRMXB1ccezvh6uQmpbs4uuNk54xjL3uc7exxc3TBw8UDVyd3HO2cse/t+CKvqyeerh54urrhbO8gnfv6eOHk3Bt7l550te/CNzXKY1bQGNMCxhQuWojSZUpK/JXW1tZ4uHvg5eGFp7sn/fr2w9vLG3dXdzzc3PFy98TZ0RlHe0e8Pb2leycHJynN2dFJyjOg3wC8PbykPK5OLrg7u+LiINrhLPnii/AeDr3tcXNyxtPFTXrm7uQi4eQh7u0dcRPl3N1xdntxdnV1pWfPnjRv1oxihYqiVaikXz4zc5pbW7Ns2TL5E/0j+tt6uSmy0XwZjQ/8+ljEcfoM6cfXFYphZKFCodUjr8qAchXKM2rUKLaGbePY4ROcOHqSkyfCCT9xgpPHjxNxMpxTJ8OlzeanToRz6ng44cdPSunhJ0T6SUS62Ix+4vhJToWf4lR4hCTjxPEThJ94kffsqdOcO32O0xGnCQ8/RfjJcMJPnpLKhB8/wakTJ6X6xDki/BRHjxxixapl9BvWl+JVvsK0sBHWrZrT27EnNetUpWzZsri6uPLj4qUc+f0I4SdOIekj6f5CR6FX+PFkHU+90PPoCSlNtOFFO/6fLtpxUvn7CFUAACAASURBVOh+ipPHT3D82HFJx5MnT0rXp8LDJb2Ersn6irZJ90L3kyc5cfKk5Kt/6NAhyTCKkXDNqtVR5jXASKnB1MSEIkWKSNuSzpyRF4U+8D+pt6ovG823wvLhJcbei2XSzMlYNrbE2EyDWmeAoUYfPX09qlWpypJFi4mNis11DTtz/jR9BvtQsU55OnVrz7oNazkefgzvPp6UKVNGYjc6djR3hpgQc5vjx4/Hsk5dKQCbVq3BxNgEtVotUdh999138hakXPfGZVwh2WhmHMMcl/CM5+zav4cuvbpQ5KsCGBrmwdxcR43qVahaqQr1a9Vl6qQpmR77JzMafvL0Caw7NOXb+pVZ+vMSHiW9CBssjGe7du2waWvDjm07QMQbzmXHhQsX8PLy4ttvv6VU6dISZVyBAgWkhSzBV+rs7MyRI0dymdayOhlFQDaaGUUwF5T/4+If+I71pXrtqpiZazHWKvi2YkUG9O0nLdLY9RBzma5s27qdx09yDyPPgweJBI0PoPy3ZfHo6861G//RvsUn3GPixPFUrVqJPj5eXLp4MRcg/Z8Kghd08eLFkmHv0aMHgwYNkujjBLO74Ck1MjKiRo0aTJo0CcGWLx8fDwKy0fzA+/JB4n0WLVlIg8aWmBc0RqNVUNDChO62Xdi4bgPHjx5jznffY9u+I96ePvz1V9YEI0srjM+eP2fX9l3Ua1Cf+o0bceLkiTcWTi5fvkTrNs2pWLEsa9bmrj2bgkne09OTXr16sWrVKmmeU2w1EvtLBbu7MJpitNm5c2fCwsLSCo+cPxcjIBvNXNw5qVEt/NRJ7Jx6ka+wGXmUn6Mz0lC1yrdMCZ1MfFw8/zz/h2tXrjJs8HBpc/vc2XO5n5CQGtFZmifqbhQjB4/Esk59JoaGvnXuT3BnzlswG6smtXFy6cmFP85nqU6pFS74NSdOnCStns+YMUPyORfcnzdvXmfcuCAqVqwojTYVCoW0mOXn58vFS+9nqE9t/XK+nEVANpo5i3+Gar8beZsJoSFUrVkZlZECpVafIl8VxcXFDbG6+/Jx+MARHHo74OXmzq6du7I0kuPL9b7tWpAi/7R4Be2s29HPe8A7yUNiYqPxHz0My/rVCB4/mnvxObuY9ezZczZs2IyDgzNDhgyRQh6/3MajR49K+0uTYwqZmprSyKohi39cyMOkxJezytcfKAKy0fxAO+7Zs6fs2LGFbt06U6RIPvT1P0Op1KOpdTN+eov7YVzsPRbMWyDxaPoOH5Wji0KCAs7TzQubVh3YuWXXe3vg6PHfse3ajrbtmrN33w5E23PqOH36HEOHjqBHDzvWr1//hhpJSUksWrSI+vXrS5/oSqWKwkUK0b13N/Yf+C3bWfLfUFBOyDACstHMMIQ5I0DM940YMYTqVStjYWaCoUEexMqtYBe/efv2W5W6euUKo0f709nWlo0bNuRImIaYmGiCggJo1rwZgWMCuXnj/czxiYmJzJ79HbVq1cCud28u/335re3L6sT7Cff5Yc4CunfuQfC4kBRZ7wV93MiRoyha5CsM8hqgMzKmwrff4Dt6JH9fyR1zylmN1ccsXzaaH2DvCnqyn39ehnVzK8yMdKj1lRQ0y0/bVjbs3ftuhvMdO7fSs3c3vPt68vuh/dne+l82rKFeE0t62HfnyLHDqa7/0qXLdO3am2qVLVmycHmOEP7u3bOPPi79GNp3CCePnHyn7ps2baFB/cao9IzQN1CjNTOhiaC6W/sLgtVJPj5cBGSj+YH1ndiueDL8BO7uzhQrUhitoRK1viF1a9Zj+pRZJCYmvbNFUdFRTJwcQvPWzfD1G8Ht2+8f6b1TYBoeCmIOn0F9KF2tHLMXzOHho9TP8SUmPmL1qvU0a9SGHl0cOHbszdX2NKiS5qx3IyMJGT+RXh17sWTeYngPUdSNGzcZNnQk35SripGJOQqdmmKlS+Ddrw9nzp2TOd7T3AO5p4BsNHNPX6RKk9jYKCZMDKZGtSqYa00k172i+Qri4eLO+fN/vLFt521CT5+LoN+gvth2as/y5T/y+Mm7De3bZKQ1TfjFz/h+OrWs6uLc141rt2+kVQQJCfeZEjoTqwbNGT7Cl+hsCrSWmJTI7PlzaW/TiUF9BnHpfOr2jB45chxPTx9KliqD1twYk3zmNGrahDk/zM0V4TvS3AFyAQkB2Wh+QC+C2NYSFraJ7t26UsDMHJ2hGlONCTatbNiwdiPPn6XOa+bZ86es/mUlXbp2xMvLnVPh7/7UzAyIxKd42w6taGnTklVrV6Vb5OlT5+jVrTdWDaz46aefEKExsvo4c+EcHbt1ppNtF9atXpfqUEBPnz5j1ao1tLXpgHF+MxQaJRaF8tPLvjfHThzLVYz0WY3hxyRfNpofUG+KVWfB8lO+VFm0hmqMlYL49lumTZ5OdFTa2NhjY2MIChqLjU0b5nw/m+ioqCxD4ur1q4z0HU6VGhUZPzE4QwHdnjx+zOJFS6leuRrODg5c/DNr9z/eunOHcRMnUN+qEUFBwcREp23L0507kYwc5UeJsqVQGWsx1KmpUr0qwSEhxMbHZxnmsuCsQ0A2mlmHbaZKfvbkKQvmzefbSlUk7kaNQkXxwl/h7OBMxKnT6arr9wMHcXd1RdCl7f3113TJSE2hzWEbadCkHjad2nDqTMZHtSIoXF8vH5o1aswPs+emakoiNXq+nufxk8f8vGolzdu0pGvP7pw/n77N9Zu2bKF1mzaYmpthqFRibm6OdYsWrFy9ClGHfHxYCMhG8wPoL/FZvnf3rzjbO0mr5Kq8BphpjWnZ1Jo1q9bwMPEFyUVam/LoYRLzZs+lW+euEsnuX3/8F0I3rbJSyn/+wjncPF1o1LQBs+fNzhQjIcJN7Pv1Vzq3a08nmw7s3bs3perTnS4++v/86y9cPdyw6diBJct+5FFS+uZ+o2NimDhxIuXLlydPnjwSoUfJkiUZMHAgZ86dTbeOcsGcQUA2mjmDe5pqvXzxMoFjgqheqSZGSlOUehqKFyklMalfvXI1TbJez3z17ysItvKunTozf+4PPHyQ+hXt12W9fi9Wx+ctnEtNyxp4+nhkakA38Y/k+5mzsKrfEH9/fyKjMjd8rnCVnDRtKlbNmzJqtB9i9TwjR3h4uOQpVKhQIcnFUngKCT91QR+XG2K6Z6Rtn1pZ2Wjm8h4XQdA2rt+ITev2mOvyS9EPTbTmtG3Vns0bw3iSlDHWIjFq27Vjp+QpZN/LjoMHDmaK14qQe+jIIXo59KCVTUvWbVyL2F+amcfFvy7Sz6cPzZs3Z/HSJZkyik3W7/z5Czi6uGDTsT3bd+/M8HLT/fv3WbFihaSroaEhBgYG5MuXTyb0SAb8AzrLRjOXd5ZgQh8xeCRVKlTFWGWGicacatVqM2XKVO7cebvnT1qb9OD+fWnU1qVTZwYOGMiVK1fSKuKN/Lfv3mKk/whsOrZl0tRQErKIJOSX1atpbt2cDl1sOX7yxBt6pCfhbuRdgidMoHPXrghCjswKeRwZGcnIkSOlOc0vv/wSnU5H1apVpdhDd+/eTY+qcpkcQEA2mjkAemqrFJEd582eR+P6TSloVhiFnhoLswIMGDCYiIj0Lf6kVLdYhe7ftx9NrJpIVGcp5UtNuhhRrvzlJ1q2scbV0wXBzp5VhzBEfv6+1KpTm9DJk6TIlBmpS2xhWvnLz7TvYIOLqzNnz2ZeyAoxpbBt2zaaNm2KsbGxNNoU9HFt2rSRwhULv3X5yP0IyEYzl/aRYAL6be8+enXvwVcFi6E1NMHIyIK6devzy+q1JCVl7qrro0eP2LhxI5aWlvTs1YvTZ87w7HnaP6ef//Oc4yeP0bVHZ6xbNWP1utUkPnyYpSgfP35Momlr3bo1a9dmbBrg5JkTeHi70bpVM5YtW8L9+5lLoydGlFOnTqV27dqIz3TBvVmqVCmJxDgiIiJLcZKFZw4CstHMHBwzXcqtm7cY6z+a0sVKoNJXozE0plLFqtKev5QIOTKqhPgM9enTh5p1ajF2XCBx6TAYwvgGBQdg2agu/YcN4GY2uGmKke2iRQto2qSJFFXy6tX0LY49THpI6OSJ2HRoQ0hIENHRGVv8Sak/jh8XnkKeUgA2lUolfaZbWVnx/fff5yj7VEr6yumvIiAbzVfxyBV3gtVn1cpVtLJuibFSg5GhsbQI1L1bb7aKeDlZdIjFmwMHDuDg5EjHLp1Ys2FdmhZvpEWlXduxad+aFm2t2bYr+8JrXL9+FR9vLyzrWDJv7jwEI1Fajz17d0sLV3aOPTh8+GBai6c6v/jHItjemzVrhjCaCoUBRYsWpWvXrvyahftlU62gnPGdCMhG853wZP9DsT9QLGh4ebpTvlxZ1Co1piZm1KpZm+nTZ3L//oMsVerp06ds2LAB205d8Pbw4Y/zqd+7GRUVxaBBA6lRoxoTQkNJfJi9c3S7ft1Jx84d6W3XiwP79/E8DdML125eY7jvUFq2a8p3c6aT9P8Ab1kF9vWrN/AfNZrypStgpDbBSGVC2ZIVGOs/luvXrmdVtbLcTEBANpqZAGJmioiKjiZ00kQsLWtgZKxFkNiWLl2KAQMGIAhws+O4ce06Af6BdGjZgXmz5vHk0fu3NYlR5pKlS2japCluLh4cPxGeHaq+Ukf8/XhmfDeNhk3qM3TYQKKjU+caKhZoVq5aiXWLJgwY5MWJiKyPICnq3LJ5G9279MRMmw+VnhZjtTktmrRg/dq1PHqYPoeFVwCRb7IEAdloZgms6RP65OlT1qxfS5t2bbGwMMfQUIG5uYW0uvrLL79kyv7J1Ggm/qB/3bMP597O2PdwYNPGsPe6Kp48dQIRlbFuXUvCwrblWDiNiNMRdO5qS8uWLdmwYX2q9Dh+7LgUrbOldRPCwtalawEsNbi+nic+/gHTp82iZIlyKJValIZKihYpSr9+/RAx1eUjdyIgG81c1C+Cb3LA4IF8VbyYtLIqXO7Kli1LYGBghkgu0tPER48eM3/+Alq1asfIUf78+Y4QusLzZ+r0SbRoYY2fnz8xMXHpqTJTyiQmPmD5imW0bNESd3f394bPffL4CfNmzqVDq7YEBwS+NcBbpiiWgpDDh4/RpUtP8hcogkqtwsTMlLqWlhJTfcJ9mdAjBdhyNFk2mjkK/3+V339wn7k/zKNBEyuMzEzQ6bTSdpR27dpx4MBBnj/Pegq0/7R5cXX23DkGDxmMnaM98xcvJCkFxvF1YWtpbdsSJzdnfj+cejb21+vLrPubN28yatQoGlk1Ytr0aSl+6oophR3bd0qfyN6efTj8e/brLkb1CxYuplHjZmhMjSSGd/OC+elp14MjJ14NjpdZ+MhyMoaAbDQzhl+mld6z71fsHR3IX7ggSo0GnbEJtevUZfr0GTnqm7x1x3bsnOzp7ezA70eOvOFOGBkbySDfATRoVY858+e+8TzTAEqjoIMHD9KhfQc623Zl7+59by0tRvaDhwyjQcMmzJw1h6fPnr81X1YnXrl6HT//MZSpUBa1iQ6NqTGVq1di2MjBXLx08b1TI1mtnyz/VQRko/kqHjlyd+fOHekTXLjUGejro1RpKFC4OD4+/fnzz9SxhGeV4sL9cer0abRtb0NI6ESu3br5b1Xi2aJFC2nYsgE+w3z4IxfF9o6Li2PWjFm0aNqavj79EeEnXj4S7iewePli2nToiLtPX86c++Plx9l+vf/A79KI3qyABQZaNWoTFU1bWrH0x6XZPmWQ7Y3/wCqUjWYOd5j4RFy9ejWtWrXCzMwMPX09TM0saNykBevWbeRJLuBbFOTHYn6wk20nli5dysNHL1Z2Dx38nR49utKsbXN+3rgyh5F8s/rLl67gN8KfhpZWLPxh0SvkJvuP7Kdlp9a079aZvfsPZAsD/Jsa/pfyMCmJufPmUduyLmqdFoVKQYWK5ek/sD/n/7jwX0b5KscRkI1mDneBcJ0bNGgQxYsXR6FQoNVoqPJtVfzHBHH9etrj6GRFc4RhF7G8O3bsiLOzM1u3buXY0aMEjw2kRbNmDPcdzu2ozCEPyWz9f/v1AE0bNcfJzpljR45L4uMfxBI4cSw169dm7LhxJGYiHV5G9Behf/v26UuJ4sUlv3Sx8b1a7RrMnjeHx0/fv+0rI3XLZVOPgGw0U49VpucUm8GnTJlCtWrVJFc6tUZNmTJl8PL25vDRYzx5knv+UG7fvs2wYcOoX78+jvaOONs507hmfZx62XMmE0ktMhvkh4kP8fcdQ+sWbQkcG8S+vb+yaPEPtGptTY+e3STik5xYZHtbO0Uoj5U//UyTRo1RK5QY6OmjMzPG3tmBfQeyP9zy23SU00A2mjn4FgiXuS5dukgGU6lUolarJb5FMY8lVtNz2yH07dy5MyWLl8ZcaU7NMlWZHDyRp7nIuL8NswP7DtC/z0DatbKhZ9fuNG1shXWzJhJr/eNH2eu19Db9Xk67cvkyPh5eFCtYBKWBAqVKJXEB+I0dzZ8XszYe0st6yNcpIyAbzZSxydIngrNy/PjxVKlSRfoU0wkfc6WWju07sHb9OuLvJ0irpq9vNBJbVJIPcZ38E2ni0av3/z1PLpf8PKV7EWoxOY9Uz0v1Xbt2jSFDhvB10WLo9HR0sm7Pz0uXkfjgP9dOod1/Gr5Q6hV5UtJLdSS34fl/aVJ+cf9y2uv3yeXedn4NC7EoJPhH69W1pGiBwnyVvyD23XuwfcM2HicmSbhJSr8mKyWcX2D9mr4v4ZTcXnFOPpLTksFJvk/Ok3wfHR3N9GnTsarfADNjE2nKxtjclIZNrJg9dw5ixC8fOYuAbDRzAP9nz56wfv062rdvT778+aXwB8YqLaYaIxpY1sPP348VK5azKWwzm7ZsZueu7ezeu4vtO7ayKWwjW3dsYceu7WzevJk1a9aweXMYu3buZuvmbWzauIlNmzZJ846Cu1HkEb7kW7ZsYfv27RL927p16wgLC2Pnzp1SvnVr17Fh4wZ27t7Flq1b2LhJyNjAtu1b2Lp1M8Kne8++vcydP4/uPXuQL18BjDTmNK5jhf/wUfz003K2bN/Etu3b2Lplq+QeuGPbLn7d9Stbw7ZI9a/fuIbNWzdIuq/bsI41a9dKem7ZuomNm9bzy5pVrN+whrAtmyRPnl/WrGTtuhf3m8M2sGr1Slb/skp6vnnzBtatX8ua9b+wbuM6wrZuZvOWjfyydjUbNq1n6/atbA4LY/369dJPkGO4uroguCu/+Pxz1AZqmtRvxmjfsaxbs4Gd23exNWwrW8I2sXHjOtavX0NY2Hp2797Orl27JD1XrvyF9es3sH37NsK2hCEwTMZVYCvwFGfxE/WK54JqLzlN5F23fr2E946dO6RngsZO9NGePXvYsnWrJO/HH3+U/jHVqlELnUaLoUYlhf4t9HVRuvXswaxZszh79myqPJ1y4NX+JKqUjWYOdPPpMxH06esj8SgaGiol9zmtUkXZEiVpaFmfbt264u7pIvE6Ojjb4eTqiKuHixSgzMnVQSL29e7jhYeHB05Ozri6uuPl4YOHiycuzi44Ojri5uqGj08fadXbwcFBOnt5eeHk5IS9vT2urq6Ie08PT2lxx83DHa9+fXFwdcXJVdTlKtUjSIT79PfG2cOJ5jYtKV2pAiqtFkMDLYWMCtGgZj1pBd3JtTfubq54u3ni1tuFPq4+9OvTH1dnZ9zdXXFxs8POqRtunk44uznh6OSEm7cHzn1csPO2x8HHAbeBbjj3dcHO0w6nPk649nfFbaA7zv1d6OXZG3tvBzwGeeLa1wUnd0c8vN3x9HGXcHJ1d0Jg5erhLN3bu9jh6OT4Lx5iRK9SiSkQDRqNBQUsStGgnjWenn3o138gbm5ueHi44u3jjpunI24edrh7u+Lh7YWjqxs9eztImIl8To5OEmZiR4HAWfSDuBbYJuMrMBcYi4UzoYezhysOLk64uLvh6ukmYezs5opXHx98+vXFzcMDB0cHevXqha2tLXXq1JGYj8QoU2WkwbSgBSXLlkZQyIl58OvXZVKPHPjTlaqUjWY2Iy9Wauf/MJ96lvUxNjJGGE1zc1MqlCuBs2Mvxo4dxZRpocz8bjpTpocybkIg40L+/5sYSEDIGAInBBAyeTyTp0xmQugExocEEzJxIuNDQqTroHGBhEwIYer0qUwMnUBgUABTpkxm0uRQgkOCGTd+HEHjgggeP+7FdfA4QqaEMmHGFPyCxjBOlJ05jZBJIUyaOoWxQWNxcLKjUtWK5CuSjzLly1O9eh0qlK1MscLFqNugNq6ezoyfECzpNHb0aEJCJjBj5kzGBvgzPjSYCVPG4x84kpDJwUyYHIKk45TxBM8aT9CsYELnTGbK/GmMmxXC2BlBTJo3RboPmR3KuFnjCf4uhIlzJxE6bwrjZ4UwfnoIU76fyox5M5ks4RRE0IQgKbTG1BlT8A/0Z8zY0dKozc7OjooVv8HExIgiRb/CxKgAKgNz6tZpxLARvoQKbKZN4rt5M5gxZyqhs0IImjiG0RPGMHZCEAETQggIHseU6VMJnRRKUFAgoZNDmTx1soRjyMQQJkwMITAoUMJU4Cr6ZcrUyQSHjCMgOJCJ0ycTPHkiQVJ/BkmYhE4NZcr0KYybOJ7AkHGMCxlP0LhxUvgLdxc3Glg2wMI8H0qNGiMLM2nUKcL/Dho4CLHSLh85g4BsNLMR92eCr3L/IRx6OvN1wRKYqIxRKvSpUKEk/QZ4ErZ1PVevXyQmLpIHD+K5Fx9LdFwUsfeiiYqJ5G7cXaISxPkOkXF3uXc/jph7UUTHRnHvfjyRMZHExEURFfvi/OJ5NHej7hAXH/NCTmwUMZK8u0TG3JWuRfmY+Bhi7sdxI+oWUfdiuXc/gcjoKBLuJ3L69GnGjB6DZZ06tLC2Ytq0KSxcuBBv776UKl2GSrWqMn/ZQm5F3SIyLpJbt28QGRPF/Yf3iRJ1JMQScz+WW1G3iU6IISo+msiou8QmxBD3KI57Sfe4lxT30rW4v0fCk3gpLSbxRb6EJwn/psU/jif2YSxSWlICUQnR3I2JIu7ePRIS73M3Oorbd+5w7NgxgoKCqFOnNrVqVcPWtjMNajekeKGS9O5hx7ETx4iJiyHuwT0Snz7g/uN44h/HERUfKbUl8l4UUXECw0ji4u8Rey/mBZ4JscTFx0oYinbExEUTGX2X2P/jLDCOS4iT+kbgG/0gjsj4aKLuCcyjiImNJDYumvj7cdyNvcud2Chi78dz5+5dzp45z6IfFtGzfTcKmhdBpTSWRsj6enqoFAq8XD04fUpmec/GP91XqpKN5itwZO3NdeEuN3IMlcpXQ6cyRWWgwtDgS77+uiDefVw4nkt9jR89SsJv5CiaWzVl7BhfLv99SQo2tnLlahpYNeLb2jVYteGXrAUvndLFtq6BAwdSteq3jBw5jP3797N04TLat2pHx3Y2HDq4X1r4Sqf4LCn29MlzNqzZSIfm7TBTmWJqko8CBQqi02oxUmtp17INq35e9coCXJYoIgt9KwKy0XwrLJmfKFiDVvz4E42tmqFWG6EzMsHExJSiRQtStGg+mjarz88//8jDh/+tRGe+FumT+PvBw3TuYItth45s2xb2r5Dbd+7i6z+a2vXqMj50PHFxMf8+yy0XYpuUtbU1bdu2YceOrZJaDxMfE+AfwLcVKjJsyGDi4nOOleltOMXfS2D29Nm0amBNnW9r0qplSxo1akShgoUwUesoUaQYDr3sOS3HFHobfFmeJhvNLIcYaaXz0MHD2PW2p3ChouTNm1eKeV2nTi2cxCKBsyNt2rRk8OD+HDt2NBs0Sn0VsdFxjPEbS51atZk5cwaxsbGvFD4VcRYHR0c62nYgbPOmV57l9M3FixcZOnQozZo1Yc6c70hI+I9qbd+v+2jWuAltW7fhwG+/5ZrRpghCt23rDgZ49aevqw+LfljAsh+XSV5jJUqUQGWoRKUwpFqlb1m4YAHx8f+1Kafx/lTql41mNvR0Qtx9xgdPoFy5ctK+O5VKTblyZenfvw/79u3l6NGj0rybWDkV+wlv3XyVXCIbVEyxis0bwujYrhNdunQlPPxNNvZnz56zZMkS2rVuR19vH/68kHsWKITrp4j66ORkz9Wrl15po4jDNH/BfFpZt2DU8BFE3c2aIGqvVJqKm8tXrkghmnv3sGftqnUkxCdIP7FtShArC34CQwMFRcwLYN/bju07duQqz7FUNPGDzyIbzSzuQhEpceOGzXTsaItWq+Xzzz+nQAEzOnWyYf36tTz+P0flyZOnGD7cF3c3H35Zs4bER1kb9jY1zb5w4U8G9R8i8U0uX7b8X11fLyvYjoLHBNGkjhUzJ83gYWLOh2o4c+YMYtW8eYvmLF66EHiT9u3a9esMHzKU9m3as3zxMp4+efp607L1/v79+yxevBQnJ1cmTpzMndt3/61fbNAXzhAVK1ZET08PI62OypUrM2ToUISjhHxkHwKy0cxirM+euYCXV1/y5y+MSmWIUpmHKlUqEBwcRGTkf6Obx4+fsm7tZlycvOnXbxARZ05nsWbvFp+U9IT5PyykQV0rRvuOQURQfNexbfNW2jZrQ+tmbdmza2+Ofu4Kr5qAwACqVK/KSD9fYuNenVJIbofwwtmz+1d6dbfHzd6NQ/t+T36UI+e9e/dLBrNfv4FERJx5Q4fDhw/Tq1dPjI2NJffKfPnySaFQli1blqOcq28o+pEnyEYzCzv4yeOnLPhhCU2aWKNQqDFUCNo3FV17dOLQ4d9edzgkKiqWwLGhdO3ak3ETArh6PWdGEMKY7N93AG93H7rZ9iBs43+LPynBlZSUxJzv59KgfhO8PPsSHp4zW2IEI9OW7Vvp0q0rjq7OHDz67iBpYlQ8ITiU+tXqMX5MMEnv+eeQUvszmh4dHUNQQDBdOnVl6dLlJCa++aXx8OFD5s2bR6NGjVGqjNCpTChdrCwebp6cOvXm1ElGdZLLvx0B2Wi+HZdMST16OBxvQKr6agAAIABJREFUj/6ULl0BhcIQYyMdDa3q8v3cmcTGRr9Rh3BVPnjgBC7u7rTu2IK1m3JmG8+tW7cYFziezh27MXvWnBQ/y19vwN27MXh59+HbarWY8d33aYqZ/rqs9N5f+PMPHN1caN66Jct+/olHj99PyLF/337sOvfGtnUHNq7dkO16i1H8ooWL6NG1F36jRnPp78spNl9MO/Tt25/ChYtjqK9Fo2dE3dr1+O677+RFoRRRy9wHstHMXDz/lSbRvk2aRq1qlui0ZpLRLFmyOCNGDeXy1ZT/KBIfPuLH5cto2qYxnv3cuHjxr2z91BUjRhH5sn37TvTpM4A/L6SeWUeM8sK2bqGpdXNatWvLoSOHs9VH+vGTx8xbOJ9qlnXo6ezE7TupI7cQsd5XLP+J1i1bS26gZ06/+Wn8b8dmwcXRI0fxcHWna6fO/Lb37aE5kqsVc+ArVqykfv3GGGstpNC/hQsVkdw39+3bk5xNPmchArLRzAJwxR+hIGvo3KEzBcwLoTBQYmFhQavWLdm6PYzHT949+rkbeRffgFF06dWZ6TOnEZfCnFwWqM7xE8clf+1OnTqzatWaNI+6BKu7f+BYqtauzojRvtyJ+m8xIyv0TZYpphQOHDyIbZcudLS1Zf2mjakeIQsZ129cZ8iQwbRsbs20qVOzbY5QeDBNnjiJXt16MHliKNFR74/VfuPGbUaO9KVKxWpoDIzQqrTUqFqN0f5+sk968guRhWfZaGYBuIKFZtiw4ZQvVRaNQoVGraZO3TqETp1CVMybn+Wvq/D8n+ccOXEEz77uUlRCwUaUHUfiwwdMmzENm3Y2+PmN5tat9Bm8k+dO0d2xO5YNarN4mYhi+e5/EpnRtnv37jFk8BAs69Rl2rRpiJXotB4Hfv+NDh3b0dDKUtoKltby6cm/Zft2PNzc8R85ivBjL5jl3ydHkFP/9tt+7Ho68HWBEqj1VZhpjahTqzrffz+Thw8T3ydCfp4BBGSjmQHw3lY0OjqSKVMmUrt2TUy1GtQKAwoXLoyHpweH07Bx/dHjR6z6ZSXde3djlN8oRJyerDxELKI9e3dj07G9RP/2+++H0jzKTNZP+NhvCttEnQa1aGPTkuPHs3bD/rNnT1nzyxratGiFQ8/eEnVasi5pOT/75ylBEwOpW78GAQH+r+xuSIuc1OY9++cF/MeOkRif1q1ew5M0LEI9fPiIhQuW0LxxC8yNzFHpKzBU5KFb904cPnwgtSrI+dKBgGw00wHau4ocOLAPK6t6aLUKVMo8mJtpsLS0ZPGSJTxITJuL5PUb1xgd4Ev7Du2ZOXMmSUmP31V1hp7djbzDsJFDqFGnBkEhwTzJYEya6OgohvsOpUEjSwIDxpBwL+tcFc+cOk3Pbj2wqlefn5YtS9Nn+eugXbp8kaHDB9GkSUNmzJhKXEzWuIbGxscx5buZdOxqy9ixY4mKfP9n+Ru6XvybIYOGUciiMEo9BSqFAdWrfcvUaZOIjU27vNfly/dvR0A2mm/HJV2p165eJXBsAEWLFkFfPy8ajYJipYowdPgQzp1P++KCGEEJwtpevXrg6urMnj2706XX+woJ75iFixZg07Et3n29OJ0JMX+ePnvKkaOH6dmzB02bNmHd2rTPj75Pb/E86dETpkyaSsN6DfAdOYrrV6+lptg782zbuQVr6yb06NGFiFMn35k3vQ937N1HLwfBLerOtm070iVGzJ1v37yDllatMdOYY6Q0ppBFEbp26sqe3VnzrqRL0Y+skGw0M6lDkx49lphnGjdoJJEK6+sbYGSmoU2H1hKruDAi6TnE3NzcubPp3r0z44IDuH038yNUnjx5nC5dO9GmfSv2ZyLrj/CGWrr0R4lQV5D0ZoXnyq+799KpvS0trFtIDEZiQSijR3RMFAFjR9OxUzsmTQkmMvJORkW+Uv7qteuMFMHe2nZg+gzhE5/2+ddkgXeu32Fy0BRqVqhNfqOiaBUWlC1RGb8RAVz962pyNvmciQjIRjOTwLx08W8G9x9Eqa+KozFQSqF469SvxazvZxB//16Gajl79gyjRg3H3qE3ixcv4PHjNzc+p7eCBw/uM23aZFq2ao7fmFFERWfuZ93ly5claraGDRsSHByM2KCdWcfda3fxG+5P/boNpcWfzIzeeeZsBM7uDnTs3JrtOza+4YiQ3jY8Skpi9Zo1dOjUlT59B3L2XMZ89UUcpYMHfseuuwMlipaRtiDlNy5Ms4atWLloFc8Sn6VXVblcCgjIRjMFYNKSHBMdy9TJ06leuRoaPUOMDDWULV2Gfv18CI/I+OedGD2FbQ7D3t6Orl06cfJ46lZZU9OGTZs30L1HFynUQ/ipk5m+J1TovnfvXsndr27duhw8eDA1ar03jxjFzpk1j3q1GuDj1Ze//kr9ftL3CgcpGujsebNo0cqKAYO8uHZdjNoyPooNP3UKN08vKXzGhk1hPH2WcaMmUcnNmoNlrfoo8qrQGhpTokhp+rkPIOLE6cxQOzWQfTJ5ZKOZwa4W/+l3bttN+7a2aA20KPPoYarWYdO2HStW/IiYd8qM415sPDOmTJeIgCcFh3LrRsY/0yMj79J/YD+smjdkweIfEKvHWXGIOVPhsSJYnkTs9Kio/3zu01vfqZOn6GTTmTo16rFhnRgJZv5x69ZNhgweQFsba+bNn5XhrTziM3zq1Fm0adOeiRMnER+fkGlKR0REMHjwYIoXL45KqUKnNKF2NUvJRfTWjdRt8s80ZT5yQbLRzEAHi1HUlb8vM2zQcKp+U10ymjpDFaWLlcR3pC/XMtl3/HzEOQZ5DaJN49Ysmr8oQ6vEj5IeMX/hD9I85pDhg7jwx/kMIPH+omLLlIi+WbZsWWbMmJEh3aUphSnTaWhpRcCYcYh/KFl17N27W9rG09u+GxEZ8O8WI2MRDbRLl+5SIDzBapXZh4je2damLabmJqjUKjRKIxrVt2L9mg0Zwjuz9fzQ5clGMwM9+PzpM5YuXEojSyvMtPnQKnR8XbAIzvaO/H7wdxFBPAPS315029rt9GzXHafujvx5Pv2fpAcPHZAiOfa078HuX7Nn8/zy5csRc5sdO3biwIH0Mwpt3b4Fq0aN6dC6IydPZi1Rhdg6NWvWdOrVq83QwYO5ezt9i0I3b95kwIAB2NiIL5AVmTq3m/ymXL3+P/bOAjqLo+vj7/e+LRIPCe5aCrS4xkOcBIgTI+6GO3HDKRaBCEGCF3cNUry4u7u7/b4zS6EQEoiTUuacPc/u7OzMnZnd+8xc+d/zRMVFUr9xXcrI/UipUqWpV6cO/fv05cSxorXzfUfDv+H3O9MswCwfPnAIb3cfqleuRZkfZJErI0/7tu2YMH58kXwUgtT7N+4TNTAK844WTJ0yLV+a12s3rhMZHYFpFxPGjBvFnWIKUyGg8OLihtGyZRuGDg39BAU+N1Nx5doVevfvSZu2bRg1YlSxyOuOHTuKlWVXTPQN+X3OgtyQ+VGZFy9eMnvWLGml3bNnTy4VgmjlowY+uNixeztuXs7Uql8TOTk5yquoYqDTkWlTC2a/+kET//rT70wzn6/A7Zu3GB4bJ23LKypXQb6UIjWq1sTD00NCOBfgFUWRhEhgd+ZuAtwC8XbxZcXyVV/EuvyQjje8Zta8DIlhevt7ceho8eJ27t9/GAcHF3R09Jg6dSoivENu0+Mnj5mcnERbtVa4e7hx+vTHaOy5rSev5QSIybSp6dh1saFfUF+OHTmWpyoO7T9AUEAgjo6OLF26tEi3yi9ePWfGrHRpfpWVlZEtU5aqqpVwdnRh764/8+3llacOf+OFvzPNfE7w0iVLsLSwREWpIipKlahUvhpdO5uzcOGCQlP+5ETaq6evyEibhb2lI8GBPTl95kxORT/JP3r8CMG9ArCw7sLU6WkIJlqcSZhRzp49l/bt1dE30Gfvn7mzLnj56gUbM9djbGaItr4GixYvLE6yEcjpI2NHYKJtzKRx8ble4T64dZ+Jv43Dzc2VxKR47hVDELfzF87Tt39v6tWtJymFVJSEX3oHaWUufPS/p4KNwHemmY/xE4Acfn5+1K1XnzJl5FFSqkDz5m2IiopGaFyLI507fZ4gvx4YG5qSNnVatqC1Wem4d+8u4+PHo6OvRUj4UASa0tdIYpse4B/EL782ZcToETkiq39I24WLF+jmaEPV2pWJiovg4cPC0zx/2M7nzrdu3oa7kweujm6sX7fxc0Wle8KyYtnCpdhaW+Pn78vefXu/+ExhFVi+Yhm2traoqKggKytLlSpVsLCwYNmyZd9jChVwkL8zzTwO4PPnL5gyZQoNGzaUBO1lyihQtWpNvLz82LVrd7HhR4rt/6qVa3FxdsfPL4Bt2wR25ec7IyJdOjg60Nm8M2vW5c917/Mt5P7uzu376GbngFZHLUlc8Lmlm0B9mrNgNvUb1aWjgTZHjx3JfUOFWPLZ02ekpU2lo25HAgMDOfOFFb6QXQ4ZPJjOZiakzyyYtUNeu3H7zm2GxY2k6S/NUFJSQkahLJVrVJTcZE+czZt4Ia9tf+vlvzPNPMywkCdmZmbi4eHxNiqgjCzy8qqoqWmzYMFChMC/ONPDh49IT5+OeVcrBg4YzPXPRFS8ePEigwYNliIajv5tLA++wkrtw7ERPuPxiUnUbViXrlamnD+fc2iPQ0cP0KmLkYSaJJhnfl1SP2w/v+fHT54gsEcgFtaWLFq0MEdnAOGdlJAUL62OI2NCOXW2+LXX27ftxNXFjbpim64ow39k/0Nr7VZMmTa5SOWq+R3bf8pz35lmHmbqzLnTREVH0vTXphJGpghh0bhRU/r1H8iJk6fyUFPhFRXyzKDgnthaOjA1bQbCkDy7JDA59fX1pQiNJ04V/wecHU1Xrl7F08eDnxrXY2jYYMTqKGsSUTkjokNRrayEX6A3N24V3DA+axt5uRZmZCvWrsTZyxW/IF/+yAGGbfPWTLradaabqy2r168qEvOzL9H98MFD0tOm0bp1G/77w3/5j+z/Ub6eCi4BTmzZ9XmE+C/V/W++/51p5nL2X7x6xZzfF2BoZohSOQUUFJVQVamCg5Ujm9Z/Wb6Vy2byXOw1r1mwYjFW9vY4uLqTuf1j+8c3r19z7PgR+vTvibV5F2amTc2Ttj3PBOXxgXWb1vFLy2Y0a9NcQkXK+viK1cswMNZDQ1eN9ZvWZb39Va6FiGbkmNEYmJgQER3FvfsfK1cu37jM8N/i6Giqw5gJo7lx98vA00XVkbMnz+Da3YXqNWogU16BMqqlaNiiPrEjo3n8uPjlwkXVz+Ks9zvTzOVoHzx+HHNfd5TqVKKsUhnkFMvTvEkHEuIm8Ph20Xmk5Ia8s1fOM2RUBC2MtBgQFcL1D9wU79+5TWxcCIZddRgVHsr9W0WHa5kbWrOWETajQyIiqfdrU4L69OLa9b+VU5cuXcTa2oKGPzckOTmlRDH7Xbv24OUZhFlnG9auX//elOfl65dMnZmClUMXevYOzjcgctZxyu/144cPmZcxh84mZlQqXwkFeUXklBSxsrVi6fIlRW7pkV+6S/Jz35lmLmbn4Z17pCRPpaGWDv9RVuH/fpSlbuVG9HDtxc61H6/sclFdkRQ5fvworp7udOioR1Ja+vs2dm7ehkM3axxc7NgnvHAK30npfVv5PTl/8SJ6ncyoWb8eaelpUjXPnjxlamoKLZs1xdHegSNHvo7yJ6c+vX79hpnT5qCra0xAz15s372T2/dus3P/dnx6eWJha8acObNzerxY80WQP+EI0KpZG+RllJAtq0i9OvXw8fbh8JHDxUrLt9DYd6aZi1k8uHsPno4eVKvxMz+WqYCiTBV023VkWkI6j27mDY09F83lu8juLduJjBxOQFBvxo9LIm3KdIJ9guhqasG09OncLwBuY76JysWDwi87NS2Vxo0bSzLXXdt3MDN9Oga6+rRt0Zpli4vWIDwXJGZb5NqVa/Tt0x+Tzp0J6hPEsLFxBPcNxMTcmNCIoVy9WnKAMnbv3o3ANK1VrS7KsuWRLy1Dk4aNmDZtWrEFkct2EP+Bmd+Z5hcm7eH9+yROiqddi9YolZZH9gc56lSrh4uzM5mbS54w/dWb1wwZMoRffvmVqlWr06jxL9jZ2XOkhK8obly7LiGvq7XvQDcLG9RbtqdWpaoEevtyu5AxPr8w5bm+Lawptm/dgpW1BfXq16BOvVrUb1gPp+6OrF37dU26snZCGOenT01HS00LFXkVlEorULFcRbw8vNi5Y0fW4t+vPzMC35nmZwZHxNEWWmdhJFy5UiUU5RUoJ69K4wa/0jOwBzu2lYyt+YdduPPgHr+NH0/7du0pVaoU1atXw8nJ6avL1j6kMbvzp4+fMPG3CfxUpx4Vy6pSoVQ59NU0iB8/nlv5iJ+TXRuFnff65VNOHD6Av78PDerVQlFGgYYNGtG3X3+2bcnLu1H0MpNbd2+TkTFTiq3eoHZdVEspo1pWhYb16hMbHc21a/kDIinsMf0n1PedaX5mli5eOU+fAX1p2KQxcsoKyCkpoKigSK3qtXC0c2TS+EmsWrac1StWsGLZMlavXMna1WtYtXIVy5etYNnS5SxdvJSVy1exetUaVixbybKlb/OXLVnGksVLpfuirHQsXc7KZctZ8f5YwcplK1n+17Fy5WqpntWrVktlBDCxgBtbvXoVy1cuk0xbZs3NYODgAbRo04zSZX+gerXqElBEUlKS9AewZs0aVq1ahfgVfwgrVq5gxaqVrFqzWjpfvGQxy1Ysk4zfV6xawbLly1i6bJn0u3rtGtatXyeVE3lS/tJlLF+2jDWrVrN8+TLiEyeQOjWZmbMymDYjnYTJk0hOm0JaeiqJUxKk3+kz0kmblkpKajJTp6Yya1YGU1PTcLF3oqJSRWT/J49yWRWaNPgFTzdPxo/5jYwZM5k5czpz5mYwfUYaKWmTSUmbwrQZ00ifPpXJKYnS9eTUJKkd0YaAvktImkjq1BSJpqnTUkmfNpW01DQphEj8xHGkpExm5swZTJ8xjaQpiUxKmED6dEHT2/bS0pJJTU1h2vQZpM+YyeT0dBJTkpmUMJ6E+DHERQ6lq3FH6lStjrJcRWpVb4RpJ0v69x1ESkoK06enk56eSlq6GIMpJKckMDk5nrT0ZKZOSyMpOYHRv40icXKi1A9BX2pqMpMnJ5KYGI/oT+qMFCkUcsq0ZBJTJpGQPJHk9GQpf3L6FCanJ5E8bTJJ6YnEp0wiMS2epOlTSExPZvK0FKZlzGDMhN/w9fdDs70a1VUrUb6UMlXlK0urTjNjM1atXoXwYPqevjwC35lmDmP09OkTps2ehpq+NjLlVZApp0hpBRmUVcpJdpomBiJcrCs+rm54ubjiaueIm70jPm4euHV3w9HOGWcHF+nX3dlTQkPqbueMk113XBxccezmhL2tA05SOVepnIOtA3Y2tjjY2uFk54CTvTMOtt3pZm0vHa7d3XF38cTTzQNnx+5SGW9PD7w8XbG1t8DF21EyplbXaU/NBtVQKCdD1apVadmyJbq6uhJghK+vL66urnh7e+Pv74+rm5t07e7uLv3adusmrUzFfWdnZ+yFKZODg/Sst48PAQEBUr6dnR1ODo50d3CU6PB0c8fDzQ01rfZoddTA2MwIAxM9WrdvgbaeJvomHWndoSU6BtqYdDZCW18TLV0NdHQ0MDbSx9baAs0OHVCSKYd8aWVkf1REVbEyNSvXok2LVpiYGGPW2RBDE01MzTrS0VCbthptJABl4Y+ua6CNnpGO5CKqrtUBI1N9yUxJU1cd064m6BpoSWX1DDuirq6BlpYmmlod0NbWwNDobX3tNdugZ9SRLhZmUpA5EVxN0NdRVwctHR3U9Q1oY6RHB0MttIzUMTJSR1+7DT/XqIBSmbIoyVZCSb4mtWo0pW1rbTrqGmJoaICWVnu0ddtgZKKFrn4H2qo3o51GM7T11dEz1qONWivaqremo5EunboY09FAB7UObWiv1oK2HVvR1qQ9al3UaWPSll/1mtHcqBWaFtro2hmgZaOLuqU22rZ6aNvooWahSdsuaqhb6tDKTJvGOq0x6GKEjYMtdg4OmBoY0a5pCxpUqoNqaRVU5CvQrEkLBg8ZXCQxnHL4vP7R2d+ZZg7Tt/3PnXgEelG9YQ0UK8gjr6qArLKiBEnWr28/xo2dQMLEROlImpQgbSPjx00gOTGJhAkJxP82iaQJiSSMiydpUhLJCZOJHzfp7fWERCaOncikCfEkxU8mMT6JiRPimThuIpPGTyBxYjypicmkTE4hcVKSVE6UTZiUSPyESSRNiidhwkQmjRvHlMREJicmMHrMcIZGDKazrSnKNRRQqawsrTbbdGglydnatGmLn68fY0eNIXFSotTm5MQpb88nJpA4IYGkSYlMGjeR+PGTmJIwmcTxk5j020QSxscTP26ilJeSlEz8+HgmjZtEUnwCiZMSmDhuPPETJ5GUkEjssBhCwkOIiI6QzkPDQyQYutjhMYRFhBAdF0Xc8FjCo8Ik7MfI6HDCI0IZOmQg1laW1K5VG5VyFalQvhqysuWoWrkmVlZWhEWGEzdC1D2I6Lhw4obHMDRsKFGxkYi6QyNCpPZihol2Qhk2IhZRtzgfPnq41G5kTATifnhkBLFxscRJZUOIjIskalg0YVFhxIyMZcTYkcSNiiMqOoKYmEhi40T94YTGxhI2Io7w4VFED49k0OBe2NmY0bxBTaqpqFJJpSYVlOvSopkmTk5ehIdHERktjnBihkUQExtB9LBIwmNCCYsOIWp4FDEjYomIiZAOQUP08Gii46KJjokkPDqU8OHhhI4KZ8jwEPrFDGRA7GCGjAwjclwMMZOGETU+lshxsdJ5pDgfH0v0hDgpL3RUNENiw4gaEc2EhInEJyQQFx2Dk003mtVpIq00FWVUkJdTQkdHhwkTJ3Dr1tezKc3hUyxx2d+ZZjZTcvvubaKGR9NOqy1KFeSRVS7Nf8v+Fxk5OWysbVi0cBE3rt7i6cNnvHj2kpcvXvLy5Yu/fv+6lvJyOBf3XryQbOREOIzsjlcvX0m2f1nvCfe8989+UMe1G1fJmDsDq+6W1GxSlS6WZkyYNI7ouEiatWxK27ZtGTVyJEcPH+HF87e0CrdPifb8/r6j/cULCQRC0Croe/78uXSI87fH879+312/LfPu/qNHD1i9egU2tjZoamnh7eOHppYepUor0LhJM1atXSPF0hEy5g/rFudSe3+1+a6+d/nSvb/KZD3/sKyoV7ov6vmL5ndtvS8n2n5/T/TjOQcP72PwkH6Y6GthqKNH506WaLQ3REfLhFGjJ3DvwaOPxuFDuv6u9+8xkWgQY/d+3P6+967f72h99/yHv++fe/n3c1Kdf/XvypUrzJg2HXtLG+pVqIXSDwoolFVGQUaROnXq0M3ejn0HihbUOZvP7R+X9Z1pZpmyV29esXDFIjpbmVG9ZmVkZH+kfAVFateuSSXVCnS3cyRz46YsT5WMy7m/z0a7kyZaJhpkzJ3Jg0f3OXvuFG7ubrRr147oyGju3PrUVbEkUP/7ooW0Ve+Aq4cbm7duYcGihVjb29KsTUumzZjBi5cvSgKZH9Fw5uwZvL09sTLvyugRY1j4+2Iiw+IwNDZncEgkt26XrLEWsHBiR2Dd1RLdttpotFKjTvWayJeVRVFRkeYtmjNq7BhufOAc8VGHv19II/CdaWZ5EQ6fPMLA0EH82rwRysoyKMiXoVWrZnR3dKSraWdsLKyInxjP/fv5j1WdpclCuXzw6AEDQ/vTsGUDeg7oIRlai4qfPX/G0mVLJJlg1y6d2bhuHa9efQEOqVAoyl0lAl/z7LlzdHO0p0HjhkzPmPH+QaF46qChRjv1DmRu3vw+vySciFWdUK7paOkypN9ATp94i2l66uRZ+vYfiFkXcxKSJvPqZckYa4GKtWHDBrzcPQnwCWDMsFGMiBuJYUc9yikoISsrR9VqVTG3Mmf2/Nkl8k+qJMy7oOE70/xgJh49fihtaUV0xio1K1BOuSy1q1XBrbuLtK0R8kpfL2/cnV1ZunTFB09+3VOx3V68eDHN2zTHwsacHTu3f0TQgwf3iY4K56efakvmMXeLKbzFR0TkcHH9xk369BtEk2a/MihkIAKd/V16+vSpFL2yWbMWknxQoDqVlPTHju24uXpgbW7Ljk3b+BDLed26dbi5uuHn68+hAyXD40a4pMbFxeHh5kXqlKmcOnGCY0eOEhkZhZq6OioqqijIy1GhsjIuns6cPJ3/+FMlZY6Kio7vTPODkd20eQN2TrZUqFqOsgqlUFaSp32b1qQkTeHm9etcvXyF5KQpmOgb06dXP86czhnO7INqi/z0zMkzBPkH06RpU5KmTMm2vT/37cHIpCNa2u1YvWZZtmW+RubGTZnUrdeIX5u1YOfuj42s37x5zaFDh7Dr5kSDOo2ZmjKD58+efQ0yP2pToK9HhEXSrqUGw6KH8ejBx8z84cOHpKemSZrq2MhYblz7ushMIlzHvDnzsLGyZfDAwZw8+XeYkF27dkmWEcrKCsiULcUPZf6P1uotiU9O4N6T74AeH038XxffmeZfA3HpymVJo9u42c+UVSxFWcUy1KtXD18fXw4fPPR+7K5dvsbgAUOxtbAmNSVZCoPw/uZXOHksMDWT0uhkYEqAX2COZiMi7G3G7GnoG6rj6mbP4cMHvgK1Hzf55MlT+vUZTNNf2zB82ChyWklOTU6jdtWfMO9ky9H9xz+u5CtcrVyxHGcHV1y6ufNH5ser+nfknD5+Eg8HV2xMLVmxePm77K/ye+HMOfr3GSCZty1etPQjDFChYJo8OQlt7fYoK8lQpuz/qFmvGjZONmzY9vXQu77KQOWy0e9ME3jx4hkLfp+HaWdjKlRSplTZ/6FSQQnjTiYsXrzkE3Sdtas34OPhRaCfHxvXb8jlUBdNsQP7DuJs70I3Czt2bPl4pZa1xRs3rhISMQANrVb8Nm4n3OcKAAAgAElEQVQEr15/vVWbWP0kJkyhcqX6dO5iw9lz57OS+/5arPB7BPekQ3tNosOHcf/u10OVOnf6LH7uPlh1smTuzHk8fpR9YLjXr16TNjkNOyt7QoaEfhHl/X1nC/lEKH+EWZoQF4wcMSpboOqzZ88SHh5Go0YiGsH/UFSUo8EvPxMRGVGkkTMLuavFVt13pgkcOrSf/v1707RpY1TKyfHf//6HBj/VZ/TYMR/BrL2blUcPH5E8eQp2tnZER0Rx7+7HeIrvyhX1r0CviY6OwdiwE8Oih/P4YfYf8N90vCFzy0a6djXB3NyUZcsX/X2rmM/OnTmDbTcHGvzUjNT0Gbx6/SpHCoSP946dO+jcuQtaWtosW7a02MKKfEjU04fPSU9Kx0zPlJD+Q7l08dKHtz85v3b1GqEhEVjbdCMlLZW7XyGo2Y4dOyQ3YEcnR7Zv/yPbcZNCp6xajbGxiRRTSE5WjnLlVNDT12f69Omf9OvfnvGvZ5r3798jLXUKutrqVC5fHkUZOSqWU8XKyobdu/fkiLh96fJ5Bgzsh5OjPUuWLuLp078VGMXxUgmtePr0NPSMdHHzcOXI4SO8FqroLySxwhs7ZizNmrbA1zuIW1/BBOnJkyeMGD6cdu070G/gEK7mQuYnkJBEyN82bdrRzdaOA4f2f6GnhX9749pMXGzd8HH2ZrtQ/uQibcrciqeXDw7dndjyx5ZcPFF4Re7cucPYsWOlgGrDhg37rChJIDIJRVGzZs2keOkyMjISAxWxkI4ePVp4RH0DNf2rmaZYwezavRN3VyeqVVZFrnQZlGQU0FHXZUpS6ntg2ezmWSgpfl80Hxs7S1w8nNm+I3vZVnbPFkbehUsXsXKyoblGS2bNnyUZ1+e23l07/8TJ3gOt9kZkzJyb7eojt3XltZxgfiK2jpaWlsQ0N2zKvSnRhQsX8PLypXLlqgwcNIiHjz5WwOSVlryUF4bhUUMj6KpvTuKERMlBIDfPC7nt5ORUOnXpzJCwoVy4mLMYIjf15baMGOeVK1dKUVODg4P58wuhksW3cPDgQcmmt1KlSgimKQ5DQ0NmzJjx2W8htzR9K+X+1UzzwoXzRESG0rJpU1QUlFCWU6BWleoM6DuIo0e+HLFPyItiR8TQqbMxkZFhXLny+e1aYb00Qjs7evwYWmi0xqenH5evXslT1QJAd8G8xZgZW+Lc3ZNt2z8vC81T5V8o/Ofe3VhadkVTswOT4ify4HHeGN+aNesl3/EOGurM+33eF1ornNti+zpnzhzsLLoxoEd/jh/OmzLq1Omz+AcFYGVryex5efuDy28PhDvk0JChdLYwZ1JiAreyib+Ute7HTx8xc/YMDAwNqFWrFvLy8lSsWFHCIti2bdtHCqSsz/6brv+1TFO4wS1dughTUyOqiG15GbEtr0AXEzNWLF2Z63fg0JEDBAT5SWEZ5s+fw6tXRe+5ImLlGJjpY2zeiY3b8ued9PjRc2KjRqDRXksS+N++V/RhMIRXz9ixo1FSlsexuz3nLpzN9Ti/K/jgwSOiouIoLSeLg4sD4o+rKJNYge3fvx9rG2u6mnVl+aLlCBfXvCQhElmwcB5m5p2wdbBm/8GidVUUUppVK9YQEBhI3wH9ERE0c5tOnDxO3/59JcsRAS34448/0qhRI6Kjo3O0zMht3d9KuX8t0xRbkeDAIBrWqY+yrILENNVaq5MwMYl7d3KvnRUG2HPmZGBp2YWgoACOHT1WZP/IQmJ56fIlgnsF0Fa9FeMmjOP6jb9j6uT1pdy9cw/W5jZoqmmwaOFCXr/KGzPIa3vbtm/F2s6WX1o0ZdqM/CsYduzYRTsNdZo0/5UZGTOL1MPp+vXrxMbGoqamRmRY5CeWFLkdg1u3b9FnQC8JAWrUmBHcvlN0wBiXzl0iPCwSP78g1q5bn1sSpXKvXr9k6fKlEiqWiooKZcuWlcJVGxgYMG/ePMlHP08VfoOF/5VM88njx4wZPZoWvzZDRV5JYpp1a9Qm0C+I40fztvUS78StWzcJDRlCN1sbkhKSEPUXVZqcnISAMBMxf86c/dtIOT/tiW3nb6PHota2Pb2De3LpwsX8VJOrZ0Sc9cEhQ2jepjUDBg/iagFAb1++fM3qtWvR7KiDSWdT9u77M1c05LWQGJ/Va1djamYqrTQP7Mu/bevrN6/ZuXs7Lh7d6WLRmUXLFhXJn+vjx09ImZIqWSYMGhqCCPGc13Tzxk3GjBkjyZ3l5OQk2WaNGjUkKEGx6v63p38d0xQfwuaNm7A2t5BkmIplZalUThWLzl1ZMPf3fL0PUp2Zm3F3dpN8e7du2VIkypWjx47g6uks4UROm5nOmw999/JFOZw8foJegcHoa+mSmpKaY9z0fFYvPfbi5UsWLVtMOw01HLq7sK8QXAufvXjGoKFD+Knxz0THxRSJOc+5C+fo2bcXBiZGxE9O5MnTpwUZBgkHYHrGNAxNDQjuHcSpM6co7Eh3wr/cw8MbB0dnFi5ZxKvX+fN9F55CAjtVMMt3SiEB+hIfH8+DB/9uT6F/F9N8AyePnWRw/yG0/KUlijIC7FaOpo2bMSJuBDev53/LJNluJiVjb9uNwQMGcu5M3uV1n/siBSCHwJMU+JgCO7Ig2/Ks7WzbvIXORiZYmVuya/furLcLfH3w0CGsbW2oWKki6dNmFri+dxUcO3FcMuXR0tNh7oL5OZqHvSufl99nT5+SnJqMUSdjgnr14OyFwtF6X75yiZCIEDp16SRhXAo4vcJK12/ckOKwd+rUlXHjJiJEAvlNjx49Ij09HX19fcn0SCiFBKC1CJ2yc+fOIlkl55fW4n7uX8U0BXZkeuo0DDuaUE6uAjI/KFBeqTLdrB3YtL7gQdJOnzzN0EGDsTK3kPzVhdlHYaV1G9ZibWeJSRdj1m9cV1jVSvUIV7rxY8ZiqK9PSGhogT62rIRJnj+JiZI2VkNDg/PnL2QtUqDrhMlJ/NSkETYO3fKk8Phco2LnsGP7Nhy7O2LS2QyBtiQsDgojvX7zio2Zm+hqZYmzqyu79+4pjGqlOlavW4NfUCA9e/Zm+/ZdBa5XeAqFhoby888/v7fdFHacwp5TyHr/relfxTQP7DtEj8BeNKzTCKWyKijJqdK2jRrjfhvP7UIw8hZMcvWqVVL4By93DykGj/gAC5rENm5wyCBJ+zp2/Fge5dFMJzfti226p7s72jo6kpJGMLvCSFs2Z6LfUQvTTkasX1/4ERovX74iGY+3aNlSMuS+caPg4Bh37twmIMAHdU01xk4cz8NCHu9HTx4zbuIELG2tGTF6JFcLgQEJeL1BgwfR3dmZuXPn8fRp4czfwoUL6dKlC6qqqpQpUwZlZWU6duzI/Pnz860UK4z36mvW8a9hmrdu3GbcmAnoauhRRbUaMj/K06BuI3r37seJE4UHg/Xw/gMmJyRh3tmc3r16IxQgBUlCbpk2PVWyBe03sDcnz+RdUZWb9gXC99y5c9HU1sKhuyNHjxe8nes3rtEjyI+G9WszcmSchHaeG1ryWmbduo106mSKmakZGzcWDGRCbJdFoDdtbTU8vdw5UkTeMPsPHpAUYl6+Psz7fUFeu/xJ+eXLl0vMTXjwnD1bOKIE0Ygw6RJeRcJ6oFy5chLjFMbvIr7U8UJ4Rz7pyD8g41/DNJcvWYq9rT01q9RBUVYFGRlFjI1MWbNmHS/zaHf3pXnd9+c+6aXS0tRi8ZIl+VYKCRvBbTu2YmtvjaWtOXMXzkNoYYsqXb12VVqtiJVETGzsZ93uvkTDi+dPmTN7GkYGmvh4uXLuXO5tBb9Ud9b7Dx48lD7s9u3bS4Hgjh37smNC1jreXW/Zkom7uzPm5masWrUi33P3rr6cfoWCZuGSxQimKRRaJwqAX3n0yBGiIqLw8fQiowi8d86dO0efPn1o0KABsrJvUd47dOhAQkJCkSgOcxqzkpL/r2CaZ06eYsiAQTSs20CKdlhOoTy//NKcyMgYbhRBTG3B7GbPmS1FgfT08WbHrvzJl65cuyJtyztodyAsOhwhnC/qJIT8jo4OmBgbs3Tp0nw3d/LECRztbVBXa8OqVUWP33n9+jW6desmBWabNGESIo56XpPwiQ8PD0FNra0UUE3UWZTp1JnTRMXEYGllxZSUFCmeUF7bE+/E1LQ0ulnbEhMVzY2rV/NaxRfLi13I7Nmz6dy5s6QUEtv0KlWq4OXlJblefrGCb6zAN880hWxOxNTW1dRG7seyKJRRpmqFmji7uLF9R9G5D54/f57gXj3RNdRn5JjR3M+jXExsE1euXI6hiR6W9las37y+ULXDOb3HDx8+IDVlMurt2uPn7cvVK3n/CAXDSpgQLxnNBwQHc6UANpk50Zk1/9XLl8ybPQ99bUPsrRzYu2tvnleJIv57VysLbOy7sWXb1qxNFMn1po2b8XTzxtfHD4H4Lv5wc5tE2Z07d9OrV1+8vf3YsCGTPDye22akckIp1L9/f2m1KWw3xYrzl19+YfDQIQit/b8pfdNMU7xUW7ZswcvDk5/q1Ue+jCwVy1WmXWs1UlOncreIId327N1LQFAgVtY2LFy4CIGxmNt05sxpfHw8aa/elnETxlNYipnctH/6zCkCgwIwMjYkZUoyTz4IQZGb57euy8TC1BxLcxs2btnGy6L6krMQc/fuXcaPGYdmaw2CfYO5dfNmlhI5X167eYPe/fpg2MlY8tUWKFLFkd68hNkZc3G0c6Rfv355wq+8c+ceEydOwsfXj9S0NJ48zfvqOrd9FKtNEVLF2NiYatWqoaCgwH/+8x8aN/tFiutUmKZTuaXpa5X7ppnmhUuXGDY8ljZtm6GiUk76d2zcuDH9+vXnxImCedPkdsJmTp+JjbktfYP6cf507gT0wgQoLS0NXR1dXF3dOH2m+MNqrF63Clt7K7q7OrJ5S+6VK5cvXmZgz17oqmmSkDCFR4+Kzjsquzk4c/o09jbd0OigzpJFi7Mr8kme+ODnLphHpy5m9Orbm5OnhNF58aUrV6/j5xeIuro6CxbMl4zgv9S6oFksCHx8fOjRqycHj/wdXeBLz+b3vgABiYqKokmTJpJ7pbRNr1WdgOBA9u0vWn/6/NJcFM99s0xTwIbNmjObTqYmVKyogpycLJUrV8ba2lqCzHrxovBsKD83MRfOXWBQv8FYm1qRnJjyxdWtUPT8sf0PTExM6GRiyrq167+Kv+/de3cZNiKWNu1aEx0dlStgDLEaSZ2Sgp6mNgHefly5nDf0pc+NY27vCaP0pYuWYGRoKMk4dwtj/S/seA8cOIC3jw9mXTqzZGnuGG1u6clNOWGWNnNmhvRu9uzZgz37dn9RFCMYWGhYKHYO9qRMTS3SVea7PgiTOuEpJGSZIhSMCPurpKpM6/ZiNzSO+/8ST6FvlmkePnoELz9vqlWvTpkyZaV/xtatWzF27BgEOGtxpo0bt+Di7EY3WwdWC239q5y9QB48vE9kVDhqHToQHR3Ls2dFj5qU01hs2ZaJc/fudO3aFWHS8qX04M59XJ1cJF/2uXPmfql4kd0Xbn7CKLt2g3r07d+PW/dyjj9+7959Ro8ejZGREWFhYRKOQJER9pmKhbG48Pe2srJkxJjh3LiVs5xQiGqWL1uOvYMDQb16cuJU0VkmZCVZtL1o0dttumCa//nxfyhVUJE8szZuyv2OJGu9/6Trb5JpCqaYODmJNh3aIa8gL23LhfDazc2d3bv3Fvv8PHr0hDFjxmJhaUVEdDTnL2bvFfP8xTPmLppNV5uueHh5se8rgyM8ffZUQksXCDcCyPbMF8AfFi1YhKaGGhFhoVy7lncFUmFOTOaWTPRM9NA3NWDW77NzrHrNmtU4ONjRo0cQp08X77Y8K1Ei8qafvx+ubt1ZsWIZz3OQqx4+epgevYJwcnZk/sL5CN/+4kwXL16gf/++NGxYj7LypSkt9yONfn0LH3f50uXiJOWrtPXNMc3nL16wZt1arLvZUrlGVRSUFCVoq9ZtWjNlypR8mXUUfGbecPzECfoNGoCNvS2p6VMR5i1Z08WrF3Dx646eaUcWLFz4VbblWWkSHjYDBgxAW0eb5CnJPH2cvYLk1MnTeHh6Y2JmyO69+TOxytp2Qa6fPXvK5JQk6rf4GWOrThw48ilCkbBw8PPzxsTEgOnTpxakuUJ5Vmx/hUzTycmOXr2COX/+U/wCIe+OT0rA2NSA0IihnL9Y/PLuV69esm7dGhwcbChfSQkZpVKUq6goiZQWzFnAq2fFy8QLZfDzUMk3xzTPnT9P7wF9qFO/DgqKCigqqtCmRTuGx4746v6yq1avwtrOBi8fL3bv/xjOTGx7JiVNRNtUgz4h/RD9KClp1apVWFvY0M3aPlsffYH4PSVFgFt0JillymfFD8XZp8PHj+Ae6MlPLX9mbPw4nr/5W9Rx59ZtEuMTMDDQJTjYnytXSsYK6dKlCwwY0Acrq67MmJH+0Z+rsAbZtXsXPfv0xMbemk2bN+bZrKqwxv/evTskJcXTVq0VlWtW4Iey/5PwBfy9Aji092BhNVMi6/mmmOajJ08YlZxEgw7NUaggh4y8AhUr1MXLzosjO76+dk+YxIweM5quluZExERx5QNDZOGzbmtnhYmNKeu3rP9qH0N2b6kIrzHht0l0MuxMr+A+XDz/cVgPAftm5WiDZ0AgF4vBJjM7GrPLEwqWjVs3YWxlioW9Jas3rn1vB7lty1YMdPUw62TCuvWrs3v8q+SJiALCPtfd3UVabZ469fdqU8xD3PDh0h/vmN9Gcedu/lGMCqNze/fuxtvPk7qNalNK7kcqVKhIm+YdmJowlWePst+RFEa7X7uOb4Zpin/hP3fvxdLLi/9Uq8J/ZEqjKFcBI60uJI+azPPHBcNCLKyJ2rdvH65ublhZWUnhUe/fv8/Na9cJGTQYHV1NIkZEcuNezkqAwqIjr/VcuXSNnoG90eygzbzZ83n1l/XB3Ue36TGwF2111JgQn5jXaou8/Bve8NuE8RiaGkuKQSG6OXb0KOFDQ9FS12Tc6LGIOShJ6e7dO4wZPRILiy4MHz6cs+cuSliemZmbJbm8i6sLO3YVnWNGbsdC/CkJBH6tjjrIKcsjJytPnSr1sevqwPo1G7/ZYGzfDNN8ePce42JH0rqtDqWVqlOqVHkaVGnMwICBHN957ItmJ7l9UQpaTmh2RXQ/oa11dXVl3NhxRIaGY6ZnTFBAIHv/LDyosILSmvX5pYuWoa9jgI+nL7t37UGgAc2ZPxM9Q128/Xw5eOhI1kdKxLXA8wwICqJx4yZYmlsyoE9fbC2tEEhU507lHdm8ODq1b9+fBPcIxsLCmiFDQklMmExYaARenl5MTU/n8bNPZeLFQVfWNo4eP0avvn1o0OgnlJSUUS6jSv1qDQkO7MG5s8Uvb81KX1FcfzNMc9e2bTg7dKdauSrI/E8WVfmK6Gh1JCkpiaeFBHNWWBNw+fJlevToIRkzt2vVgVY/tUC3tQZzMmYVVhNFUs/16zcIGRKGtbktfXr2ITI8DDs7a0yMDZkzK2cNdZEQk8dKZ2XMoqOGPpVVq1C9chVMDAyZP2sOz0vYu/GuWwLabfESYdpjRttWmmip6dLF1JyYmBhOnCg4AtW7dgrjd8GihZL7afXqNZD7UQGZH+TRbK/N/HkLvpLitTB6lXMd3wTTFDGpIyMiaPZrUxTl5FGSVaJGpdrYWNjw+7z5vCkETMuchzB/d4TdY2czM+RLK1JVvjLejh7s2Fo8/s75o/jtUzv+2Im3lw9aapo0b9KUts2b0b93H04czD+yUEHoye2ze3bsZkDvgdSpUgf5H2RwsLZnx7avv8X9HP279uzC2zOApo3aoiRTng6t1UhISCx2O+PP0Sju7dn3J0G9g6lWqwaypRRQklWlcvnqONo7ScbweXEf/lJbJeH+P55pvuEVM2bPxKSTCeUrVUReWVHaJlQsXxlTEzPGjx3Hrj+2c/jgQQ7uP8ChAwc5cvgwBw8cRCDxXL56mcuXLyEACc6cPoNwA7x66SrCk0dsLy5cuCD5A1+8eFEKYSrMVMS5OMQzAjZLnF+6dAlx79SpU1y4eIHLVy5z4fwF6b6Ir3750kUuXDzP9Zs3uHjpErPnzMLU1BRlRVV+qvkzwd6BLFm4UAqWduny2/ouXrzExQuXuHL5KlcvX+b8uXOSreS582e4dPmCVN/pM6elvPPnz3Hh/HnOnjnD6VMnOXf2jHQt3ApPnTwh5b+7L/ot+iquRTnhay6Ajs+ePyvVefbcGen6/MW3fRX9Ejaaor8Cr9LB0YFqVapS6n8/0KhOA/oG92b9ynWcOH6S2bPnMnP2LDJmZzBz5kxmZcxk9qyZzJ2VIa2kZ2fMYtasWWTMmiMd4jz/R4aEfSnV91ebGbNnMHtOBhkZ05mdkcGC+QuYkTKDkH5DsTG1oo5KDcqXVUFHTZtA/yBSU9KYM2euhCX6IR0ZUn2iH+KY/fa3QLRm7edMifaM2TOZNXc2swTNc2ZJXmxi7ERMoh69e2FoYEq9mk2QL61E7Wr16NbNkdjYYcydO4dZs2dJ6EMCUWtmxkxmzZ7LnDnzmDVzjrTy/7A/hXUu0I7EMTMjQ4pOKWjo1a8PeoZ6qFaogGwZRZTly1NWRolGjX5h2LBh3H9YtGGWi5uR/uOZ5sGjB/AK9KVS7VqULadIGQVZysrLUq1aVdTaa9Dd3pkgHz96+Prh5+6Fr5sHwb7++Hv50rdvX2JHRBEREU54RARhUeFEDoskIi6SsJhwIoaFExEdQWxMrATxHx4eTkhIiBTSVcSBHjp06PtrIbAXfrkiLyYulpiRwwmLCCcsMpyIqDCiYyOJjo1g1G+jGBoZgp2rE02a/YqsrCKqipVQb94BH09PhoYMJComTIozHRMRTUxINKOHjWFk3HBpNR0eEUJI+EAiYoYSGRvB4CGDCA0LJzI2ivC4MIZEDmZwxCAi4sIIjw2TzsV1WGwo0SMiCYkeSr+hfaXfmJFRhEWFSPZ+Iu5QREw40XGR0vWgkIFS/ZExEYRFhEoeNhHhEQRJssHGlC5dmtJlylK+XDXU2uoS5N+LIYNDqVWvHvV+akCdenWpXbs2NWtUp3atGtSrXpPaNWpRu2YtyTSlZq061KxVWzqvVettXl5+a9QQz4o26lGzZm2q16xBzdo1qVm7OnXq1qJOnVrUrFGDKpWqUE5ZBVX5clRVropsmbLIqpZFrrwM8hXkUK6oSIWKKtStW1uClatRrRp16gjaalKrTm1q1q5F1eqVqVWnGrVq18wfvTVrUbt6nSxHTWpXry3VWbtuPWrUqkGtOnWpVace4rpKtZool6uIgoIq5ZQqoyhbDvkySqgqV6KiahWqVqxO3Vr1qV2zHjWr1qBm1erUrlGHerXrU6v6277nZTw/KivmqfqnR53qtahRrQY1a9aU5rF+nXrUr9uAevUbUrd2AypVrIqSkgoq5cojJ6dA+fIVMDc3lyJ6fkuAHv9opnnz3i3GJUyglXZbFCsro1hBCRllBarWqIa1lRX9+w4gdEg4YUPDCB8SRuigwQztP4DIIaFEhUTQM7gHnr5uuLm54uHljmewJ92DXHAOcsWnnx+efX1w8XHF18dXiszn7u6Om5ubdC78b8W5UOZ4eHji6emFh4cHooxvYADufr44uTrj6euDb4APHj4e+Ab44uXrgUlXY+r/0pBylcujoKRKlYo1qa5agzbNW2LW1QQnZ3sC/P3w8fTGzcGZQL9g/Hx8cXZ2wtffE1cPB7q72ePjL9p0x93DHc8gT4lu52A3vPv6SYdjoAvdpb74493XF4/eXrj2cEeU8ezjjVcfX1wD3PD09yKodxABPfzx9HXHzdMFd29X/AK98fT1wKG7ndTP7t27Syg3wodfUVF8FJWRl61M5Qr1MTLsgq9fIN4BfvTs0VNirgJF3NfXF1/xh+Ujfn3x9fvrV8rP/7m3t78EciFie/v6BkjAFX5+fvj5+r1tT5z7+WFhYUG9enWRl5NHRbkSNX+qRTPdX6jWvDKlq/xA/V/rYmltTkCAP/5+/vh6eRPgH4CPt49Er7+fH97eHvj7e+Hn9zbvbZ/yQrsf/t4BWQ7/t9c+Afj5BuLr44+/f5B07uPjTzdbR9TUdChXrjJKShVQUahAxXJVqF2lLhptNbGzdsTPOwA/70D8PH0J8BFt+BLoJ+oRtHn/NfZ5ofNtWQEJKOp6d4i5E4e/j9/bcfHzJUCMlbcPfr4B9Os7AC8PX9TVtRGo7uIPtWzZMohgbNWrV0e8B2K38q2kfzTTXLp6Gd1c7KlcpxIK5WX4Qe5//FCmFK1atZL8ifft2c/Vi9e4ce0mN2/e4ubNm4iYzrdv3ZJiAh09cYxNOzLZsHk9mVs2sPXPLWzZv5VtB7ex/fAOth3aTuauzWzbvoXtu7ezacsGNmauZ+euP8jcuonN2zKl342b1rNx80Yyt2WyafMGtu3Zzvo/Mlm1cTXbdu1k244/2PrHNrZu205iYgL2DvY0+KmOZGLk4+MrMdx2bdWpVqM6plZmpM1IY/POLWzYsoFVq1ewfddOqf11G9ewbe92NmzdwJrMNWzdvY2NWzewKXMDW/e+pX3rgW1sP7SDPw5tZ/P+rYjrnUd2sePITjbv2yId2w7+wY6jOxG/W/dv5Y8Df7D94A72HN3Dtj1bWb9tg2TfuHP3Tv7YuZ3V69ewYsUKxo8fL0UjrFevDj//3IDWLdpSRbUGNarUo0ePXlIs8ptibG/flg4BKlE8x+1P2hFzLdo+ePAgvXv3pXmLNqipadN3YD/GJIzGOcCJ5hq/ENDTn4NHDnD79p2P6pDelb/qKJo+vKP57e+HYybaPnjwECNGjKRJk1+lw9jIjC6dLSW4vdEjx3D44FHpfRa0Sc/+NdYi1tXt2yKv6MdezPW7+T5+6iSDBw+madOmEmycYJjCdbls2bIIlHcR2VIAunwL6R/LNE+cOEHvQXZq6osAACAASURBVH1o2vpXFBVlUFQqS/kKyijIK6Detj1CdvY4l0jnwpYv9ym7stnlCSunT/P37t2Lu4sbejpaxMVGsmfPbklO6O8fKAFM2Lg4cvT0W+2oeD6n8BZ/1/z3We77kPeSwibvLaq7I+3bt6V3nx7ExQzD0doRtTYdGDViJM+eFS8MXG568fjxYwYOHIK6ug6hYZGcPX9OCkyXOC2BDnrtCOzlz82bJc8uVrivxsdPwsLCXMLZTElJI27YSDw8fUiIT+LhvaJH8c/N+L4rc+vuHcLCwzAyNJIWLWI3IoCKlZSUJDGNi4sLEuLUuwf+wb//SKZ578EDpqanYWCiR6XKIt7P/6hZozLGhvoY6upLnh6xUdEI056SltauWUdnY1OcHOzZs3eH5KEi5D1p6emoaWliZtmVPftLpq2mCLzWtm1bzM27smvXdika4fKlK6XxFnaPW7ZsKlHD/frVK9asXo2ZUWe6O7iwZcu29/T9eXAftq7dMOpiTHxiAsLbpqSkN29eSYAdApQ4LDycvfv3SxibmzdvlkzVvL192LRx03vvpq9N97Nnz0mbNhVHZ2cGDhjIwIEDJT90wThlZGSklafA4BQB2ooTTLuoxuUfxzQFqMGmLZm4ubvQsEl9VFXlqaAij7aaBrFRMUz4bZwke3FxciYjY3ahhTItjAm4euUaPYN7oaety8SJE7j/4G+t4o2bdwgNj6CjoR7jJ47l3r27hdFkodUhZFLBwUHo6emRkjKFBw/eetHcuXWXXkE9adWsOaNHjihRdnn79+2TQnboanRk1ozZHzGZZy+fs3jVUiy6WWPrYE9m5pZCG6uCVCQ8204cPy6NtVidLVm2lGfPn0tVChASoSV3du5Ov359EbutkpBEmA4vL09Jnr9mzRrEbio+Pl5acZYqVUrC3RSyTuHQUZC4UyWhr4KGfxzTvHDpIiERYTRu0hj5crLIK5ShdvWqBPkFsGvHTs6fOcvc2bOx6mKJi5Mrf/75KbrN1xh8Yas2f/bvdNTRQ3wMly5d/ISMvXv34+DggLWlJevWruX16+IBSv6EkCwZAllnxIgRaGtr0rdvTwSoxIdp2fJlksLFztqWlctXfXjrq50L+VnKlFTU22ni7e4jybWzEnPvwX0mJSZhYWVLREQ0V68WbSC1rO1ndy1WvALI2dXZhbjoWEnO+mG5ew/uSlYYnToZkZoqkPG/7gr52rXLjBwei4ejAylTEnny9K2IRpjg9e7dm59//llSCAnZZsWKFSXELHHvn5z+UUxTfAjiAzUwMURRSYlSsj+gWl6VjrodmTFtOq//CsUrhPojYkfS1bQro0aMQMiHvnY6euQYQX7BdO1sLtm5CUaUNYmti/CsMe/UhQAvX0QUzZKQhL+8QLzvqNeRpUsXfkKS6Etqagom+kYE+weXCLHIzj+242DrJHnRzJ+zIEcAlDNnzxESHolZZ3MmxSfxMg9xnD4ZiAJmCLnxgX0HCPYLItDXn13bd/Lm9acyaxHW2dHRDj9/H3bu2pFj3wpIzhcff/rkKbOnT8Pd3o7IQYM4c/LjlW9mZibC4kKsMgXTFPJNXV1dUlNTP0Jv+mJDJazAP4Zpim3LgUMHpHgkdRs2QF5REQUlWX5u/DMhIaGSEfmHY3tw/2ECfAPxcnNnwbz5X+3FEjQ9fPiYYXEjMdHvxITxEz8bT1xAlvXwCUajpTqTfovn5Yuvi00oNLl9+/WjbYd2jBg1gmvXswcXFkb+vXv0QldHh8mTkz7bxw/nqSjO79+9R8igIai302DU8DG8fP75gHZLl6/EwNgMZ1cPDh4u+lg7OfX5/v2HjB89Hi9Hd6aMn8zD+9mvIh8/fsSU1Mk4u3cndkQM129+nRWy2Nn5eXng6mDH77M/dQEWYOAiNrqWlhaqqqqSKVLVqlWxsbGRtvA5jUNJz//HMM07d24ycvQomrdshZyqPHLlylCunCKO3R3J3LL5k3F+/OgJ8+fMx7W7Cz2DekiePZ8UKqaMjRsyJSP7rp0sJKCLzzUrVm2rlq/GWL8Tnc0sEIqj7Faln6ujsO695g3z5s/DxKwTDq7d+fPA/s9WvW7NemxtbTE1NWbp8uKPtSOIE+DOIkaQuVkXXJxcOLhfMMFPV2sfduTGjZsMGzEK7Y56DAkZyqXLxb99fP36DZsz/8DDxZMefsHs3/M5KMM3HD95jL4D++DoYs/cBbMQypjiTMLMaVJCPObmnYmNjeJaDmP21uSrt+QUIOw3RTA2EV9owoQJJWIHmJ8x+0cwTQH7//vvczEyMENBpgpl5EtRvloZmjRpTEJCEo9zCDF7/95dxk8Yh103G1LTkrl9O/chXfMzmNk9IxQoIYPC6GZlT+qUNO7f+zIMmQhfMGVKmmQs7OziwbkLH8sQs2unKPL+3P8nvoH+2NjZMm/R7zx98fkP8/Gjx4wcM4p2aq0J7OHHtWvFH1jt9OnTeLi4Y9nFnPVrcx9HfM+fe7Hr7kB7DTXJrbEoxvNzdd68cZu4mOE42Doyc1oGwlTqc+nFyxesWLkcu+7dCAz259ARAfz7+T+Hz9WXl3uv3rxm+dpVeAf6E9yrB/sPfAyo/WFdT58+5ffff0dfXx8VFRVJvqmsrCw5SQjb339iKvFMU9gqHji8H1cPZ5RVq1Dqh4qoKJdDs0NTwkPCuHAh51WB8OEeHDoEHT0dxk8cz+MnxW/blpY2FUsLGwYNDOHCuU+VPzm9NGfOnMXT24vWbduRlJJc7Nv0B48fMmzUSH5t25qBQ4cglCa5SSLIl7u3G+p6aqRMn8LDx9lvMXNTV17LiEiUM6fPQEdDSxIVCBi+3CYRJiUpOQl9o44E9vAv1nhBQpYpfOTd3T0IDQnlzKnchZe+desmI0cNw9XDheTUZERMp+JI4k88oE8fLO3tSJ42FcHAP5fEqlQoEps3by5p0kXM9Bo1akgux/9EpVCJZ5qPHj9ixOjhNGrWiB9Ly6AgU56q5avi5ebGoYOfx28UH82kxARatmtDYO+eHCvGqH3iJRJ2dcKt0tbWnuXLV2Yr1M/pZRMRK1esWoW6thYWdrZs3bE9p6JFkr92w3ps7OwwtejKkpUrc92GWOukz5mBupEG3Vxt2HVwZ66fLWjBTRs3SjHPnR2cJEN8wYzykoR3Tb+BfWiv2YaEKfE8eJR7ppuXdrKWPXL8KEE9gzC3smDFquW5Dhfy5s1rdu/aQa8+vQgIDmLT5swcnSGytpnf6ydPnzF3wUK6mFvTs3e/HIMEZq1fKIWEZYiQbQpPIRHJUkdHR1IKlSQb2ax0Z3ddopmm8IZZsXo5nboYo6Aqh2qZMlQtXYb2au2ZODWNx7nAQjxx7jQ+PfxQ1+nAhPjxPHlRPOCtd+/fISYmmi5dBPr2KG7f/tsmM7uJyC7vxp1bDI0Jo51mW4aGD+XW3eIRLwiRgvAXNjA0ZNKkSTz6wlYxK+0Xr1ykX0g/2hu1p09YH67dKHpFhbCQEH7nam3bM2Pq9Hy77C1dvgQrO0vsutuyZeunsvKsfS3o9cuXr0hMScLayYqB4YM4fyVvPtrPnz0lY1YG3RzsCQkL4+TpogVVPnz4GL1698Xby5dVK9fkeiEgLEMmTpxIu3btJC26MHqvWKkiTk6OHD9esvBBvzSnJZppCsi1IUOGSLZeZcuWQuXH/9K6bnX6DenH+au58/YR2/t1mevp1NUEbX0Nli1f8qUxKfB9scIRH5+FpQX+/gFs25b/VeL+wwdwcnWgTYeWJKcmFbkVgKB9zuw56GpoSYbhXwrbm9NgHTx0EAvHrrTXbc+shXMQSqWiSuKDnDBhIloamhJwhYCwy28S8vHktGSMzYwYOKS/BJeX37py89zOPbvwCfDCM8CdNetWZet6+6V6jh0/Rv9BA7F37M60aTPy/YfxpXYECPXoUb9hY2PHb2PGc/du3hYC+/fvp2/vPtSrUZvSpctQtqwMLVu0ZOTIkQhM3H9KKrFM88XzF8xIn4lBBz0qla1IpdIVqFmhKhbmpqxat4rnrz4vR/lwAoS50tjxY2iv0YbevbMPjfph+YKeHz1+hF59e0pKhdT0tI88UfJT99x5s9HSVcPFxZH9WaJY5qe+zz2z44/t2Nva09nQmMULFuabSQvmMy0jDS0dTezt7Dl8+PDnmi3QvdPHz2DV1YaOmnqsW7OuQHWJh69fv07PXj2x69aNjJkZReb6JzT9SYmJkg2sUFjeuZ3/QGkbN2Xi3N0VH08//tyVs2Imv4MjzEWXLl2Oq6s7PXr04fDhvK8OxR/ysoXL6GJgRgXFyqgoVES+jDJa6jpS/PZXr7+ueV1ux6bEMs3tmdsJ8AyiTvm6VC1TgWoyVSVgiJFjRnL7zu3c9u99OaHh8w/wRbejNmlpyUVmxiM+hJS0ZEw6G+Hi4cKJ0yff05Dfk7PnThMSOhhtHU3i4mJ4mEulTF7bu3fnLhGhEWh0UGdQ/wHcu1swV86r164SOjSElr82J2TIUO7cvZNXkr5Y/tat24QMDKVN83bERMVx5XLBVyxi5bpw0UKcnVzwcvdl797Pmf98kcQcC2xYt16CJ+zfrx9//lkwRnf79l1GjRgj/XlMGDOBhw8LT+kpFh2nTp+hb98B2Ns7MX/+Qh49+rx2P6dO3756i5D+IbRu3AplWVVK/58M1arUolefvhJ4d07PlaT8Esk07927x9BBITRv3ALZ/8mgXEqWWhVq4O7qyt4CgFksW7pM8n+1tLQs8Eua0yRu2LAOC+suuLg7s/WPwvNn3rFjJ926dZN8v4vCVEP49K9bvQEjfSPs7ewk42PxsRQ07dq1i06mnSSU+oyMjEI3ixE+5W1atMfEoDNHjhReyA0RoXLUqDF06tSViIgYBHMuzCSUlKNGjZIUhSLQXmGkfXv30b/PANzt3RBAKoWVHj16JIk/HB2dCQ+P+qzFypfaFO/ZhnUbcbJzllabcjLlqFixBgZGxkydns7zL5i1fan+4rhf4pjm6zdvWLpsKWrtOqCsII+CTBkqlVdFT1eXWRkZBUKjER9CWFiYFNBMIK8Lb5fCTMIONCYmCk0dNUaMGkZhxkYRLqQCBEFDQ0NCujl5suAr2A/7fvHsJXoF9aZD2w5SMDqx2iqMJJhDWloaamrq6OkZcuxY3rd1OdEhQpEIAJQObdUYP24ib/KmLM+p2vf5R44cxdPTFwMDY9LTpxWarFDYLgrgCgFgLWT2hTaXb2DZ4uW4O7oTGz2M8+dzb+L2vtPZnAhIQIH7KkCShXz+VQFdTSXzrsQpaGvqUq5cBeTklahctTrdnZ3ZsWtXNhSUrKwSxzSPHD9Gjz69qVpN+Kv+B9XyCrRs1ZQhQwZw5kzu7Nc+N8RCGO3k5ETr1q2lULqFsZoS7T19+oQlSxZhb2eLn783Bw7tL7AsM2s/hFa7Z8+eEnqMiL1SWJ5Cz54+J+G3RPS0DegR1INr1wpX2y2USYGBPahRowGxscO5UQh/VmLFMmrkKDQ1tRg0aFCReHwJzfbvvy/EyMgUOzsH9uwpHMg+oS3u1asXjo6OUmyirPNckOsbN24xPHYk/j6BZGTM4fHjgtluXrh0SYrzY2dnT2pq+heN7nNDu/jmhIzbP8CfuvXrIausgKy8Ej81+IWwyAhu3S3cVX1uaMpLmRLFNIW9VkJiIi1atURBUY4ff/g/qlWrgLu7M5syNxYKkxATJoJMCXR3wTyF0L8wkmDoXr7umHY2ZuGSBYVRZbZ1CBguAwMD6Thy5PN2qtlWkE3mlsxt6Gro0VFLn8xNmflW/mRTtZQlFABr1qzFyKizFBZj/rxPQT9yejan/F27d2JgrI+OnjbLly/NqViB869cuUpkZDSamh2JiIgiLwbz2TUu/LGnT5+Kra21tOspCszXPbv3MqDfQAb2H8zunfmXlYp5m5ExE29vb4nWwtwliJ3T4qWLMO3amXKVylNWVh5FhQp06WrF8pUlAykru/kTeSWKaYptgIBNK6+qShkJSqoS+vodmTEjvVC9HYRNn4jz0qBBAymA2d0CKjwePnzAxISJEihyzz7BXLxcONui7CZNKJqEaEH47wYHC0uAvNn1Za3z6dPHhIdE0LZlBwkZ6smjorFjFW6Bv40dj7amEd7eQRw7ln/xgtiWh0WG0kGrHVGxEUWKPSpWtNu378TU1BwTE1Mp7EdBdicCvNnHxx1/fx+2b/8j63QUyrUQraRPTZcAa34bNY5rV/K3cxB+4wIIOSAgAPFnXdjB0W7evsGwUcNp0rIZMnIKyMgoUqfOT/TpM6DwRBaFMqIfV1JimObl/2/vOqCiOrowRdilo4LYywKWqDFiAxUVjWCk7LIUURSkSAwqomiQBWzRFFFsSYyKFVPEoMYWjdGIwZJolBg1JhhBBEUssaT8RpPvP3fWwRUpCyy7cM5758yZN2/uzP3mm9m7r8zcKSxC4qxkOHboBEsTazSxtEXP7j2gmKWokyVtWVlZbO8SekdIUylq+p6GJuBnZR9BaPg4Fk6eOq7xO7XnuwxsMjBt/0vL0tav38A8qJeVUSdN2DMzt8F9qAfCQyOgqTvXinTn5V1F/MxEuPYfjo8+2IDH/9TsQxMtOew3sA+Cw4JwKffnitRp7DrdFW3YtIl5I6c/qkuXavbB6f79e0hNXQQvLw+kpqbU+q61sgYWFFzD3KR5mDQhGpnbtlfoMamiOsigfbRqFXvvSgscanuHXZ4eGn+nz57G6PFj0d7eEeYiazS3aY3BA4Zh08b08orUi2v1wmj++edf2P75TvaIaGFshUb6YliKGkPm6YsdmRX7QqwNgzQIaDCQ0QwPn8D2Lq9JffR4nzhbAXmADKvX0uqZul9rTf/4GRkZ8PDwgEwmR05OzRwtXy3MR2RUOJxecUL6pvQ6N/bE757dX0LqGYBxQRE4cey7alNO76RDQ0MxyG0g0jbX/WR/DrD41k0kJCqY44m1a9fWiKtT359EdDTtEjkB586d4VXXSUwfIfft2ofJUZMQO3kazv1IDj3UP/Z/tQ9Rr0dhRtyMOnXj9vDvP7AuPQ39Bw6CmZEVrE2aorlNK0RGRLE7fPURa0+yXhjN3F8vIzr8DXRp1REtzVrBRtQcPSTd8c7ct1GQX7FDjtrSRD4gJ06cAhcXVzalgvwUVucgBwnrNqbBUzoSMdNjkKvFte3kaHn27Pno08cFc+bMQ0lJ9d7N0kekZSuXob+rM2KmxqCmK3+qwxfJ/vXX31iSsgJuAz0wLWYGyCuRuge9D3xr7gL069sPsxJn4e49zc/7rAwL+Q8IHDUa0VMm4+yP1Zu7eePGDSx69z1Ejg/H5k0bteJx/dbNW1i+eCkC5P7so5m682QvX8mFInkWAseMwrqNGzT+WF6W419zL2FKTAzatpAww0l7vDs59WKvoTQ9w6Ws7pqkdW40afpF+uaP0bd7b9gYWcNW1Awdm3fGxNDXcep43Tt7OHz4KLy8ZBg6dBjbj6U6JOZcOIOwCaHwkXthz5d1vzyzLLZz5y4gODgEzs4uSCNPSE/UW1FBj0UHvj6AEd7ucH/tVew/oLk5fWUxlpe+ePEyxo+LgpurO/NUT+8NqzpI5tvsoxgxfCS8vXxw5Mg3VRXReP7du/fx0eo0BIeOQ+qKZbip5i6W9Hi/8/OdzLdrXOw0/KamFyNNNODcDz8ieuJEhI0PY9OcqnovSbNANqenQ+ovReLsJOTmqf+nVhu8Bw7sh1zqjxa2bWBl1pg59aD9qPbv31/nRru6uHVuNI+dzEbQ6DGwbWwDc2MTtG/VHl6vSbFp/WaNznOsiBh6TE9JWQIHB0e8MXkSbqu52uj3u/eQkrII/gG+WJy6COSGTtvHo0f/YMuWT9C1azfI5L64rObqo59oPXv4WHR5pRNWvL+sVnNfa9JmMiJbP82El4cMQfIgZB89VuXj7rVrBeyOeKCLK1Ysex9/VeBDtSZ4qlMmN/cyEmcnIjR8PDK3Z4L6oKoj/7d8KOISEBkSgS8yt+N/f2tmDmxVeimfZqRkfLoV44LHYebMN3Elr2KHHvS1/MiRLERETUBQyFjs2rdX49PmKsJMswhosj/tkd6yZUsYGBgw93H0wZY+SNWnQ2dGkxxp5BXms73L20jawsRUBNumTdC7Zy8kJ87Bb7k1d7pQXYJ/+ukixo+PxFCP4Vi7YQ0e/VPFoH4MHPjiACaFR2Newhz8eqHuP0ZU1CYabNOnxcN1yGC8/e4C/F7FI+uTf59g5QfL0aS5NfyD5LiSr507ibL4799/gIQ4BXo69sS0idNwp6TiuXl0d7Qt4zMMf3U4Jr0xGYVXa79Usiye6qQzMjMREhaGuDdn4MR3J2l3+gqLP/rjH3y24TNEhURiycIU3ChUz9FMhRXWIKP4xg3MnzsXo0cHYd2GtApX3dDjPDnMlsrlSFmWitu1nFVSXajZ2dkICw+DRCJhW/+SG7nOnTtj9erVNf7YWV0M6sjrzGjScqm1W1aj77C+MLA2hIW1GHZ2jeHt44W9e7X3D8dJ+mLnXri6DWYu5L47XblXoisX8vDenEWYEjkJuzN34cn/qn685HrqIj5x4jS8ZVJ0d+qKHbsyK1Vx+uwpyPy92XSdbdszKpWty0x63D6WdQwjB3nBrd8w7N6xB+Sk5YXjv/9w5sxpBPr7MW/stATvydMN9F6Q1dKFa4XX8daCtyH1k2EBbfVQwR49NDUp5/g5JMclY3p0LI59cwzQwVAhv5uHD32FCRPI0E9HTjme1umO+ZuvjyA4IARRr7+BM+fOQgOraKvVI7Rib9Wqj9jH2aY2TZnhJL+bgaMCkXU0S+3XT9VSWgNhnRnN879cgH+IP8ybmcHIwgjmFiJ0794JCxbMx51aeHupAQesyK1btxGvmAXbVk0QNzMWRZW4ntu8MR1jg8ZhxZLlKCnW/U6X5Jzh/Q8/QHvHtggNG4sLP5e/Odjv9+4hdsYUtO7QHPMXzsX9h+p5Y68pp1WVo49RW7d8giGDBkPmK0P2yewXXKPRnMOFcxaiT7feWDB3Ph7qeMta3qazOT8iPDIS7h7ubNVQedtT0Jza1JSlGBsUgvT1m/HgXvVcqXFdmoh/v/c70jasQcTrYUhdvgS37z7vUenC+Z8xe9ZcRIVFY9u2TJ29R8zLu4LERAVe7toNlqbmsDSzQifHLoibPgPXC8vf1E8T/FSnDp0YTXqPuHzVcnR6uSNE5oZo0sQCHTq0RkjIGPzwwymtvUcpSxRNmk5ZvATeUikSFAnlzlv86fw5TI+LRXjkeBzNyipbhc7S14tvICp6AtrZt8Wc+ckv4CC3W/sP7kcv51fg7NoH352p/G76hQrq6ELJrZuIe3MqOvaQIDZhKm7efzYLgN59Htx7EGM8xyBYGoxTJ+vXuuT16zbBbchQxMTElOtIl1axTZgYgSkxk3HhfPl/ZHVEa7nV0pzWxHlJzCn33gP7SmX+fPgnVq9ahwnj38DyxR+C/Gbq8tizZxcCZH5oadMcFiJrmDWyxOABQ5GZsQPkPETXh06M5r59+zDSxxNm1uYwMjFCixZ2kEq9kZ6+mU1J0SUptFaXls15e3lj4dsLcVNlKs/NkmKkpL6H4NDRWLXmQ1R3ilJdt+uTjM/QrVcvuHuNxJmzz88DvHDxPOR+Mjj3d2b7yTyuJ74L6TGd5i8O8xqE3m69sHX31tK7nLt37iI6OBrSwVLsyNhR/uN7XZNaSf35+Vcxc2Y8/ORyrFm7Fg8ePtse47c8+mCUgJDwscj4fKtGlgBXAkWtLJpdsXvfHkRGR7IVVTQmyPnvV/sPYkr0dCTMSMKPZ34C7Yypy+Pu3Tt479330KN7D+Y+zszIAh0lXTB1cizyruTrEhrTrXWj+culXMyYORMt2rWG2NIMlk2s0aNHD+Z0QVtzBati/eLFXxA7NRb+Af74Ys8u/P1I6fQg+0Q2xoQEIWJiGI4c1f6Ul6pw33/wAAsXLUZziQNi4mJRUKj8ov/HwwdYsugdtG/XFuHhERp3yFEVrqry/33yBGs2fggnNydMS5iGkqe7hn6XdQIjXEZAEZOAwqt1N1+3KnyV5Z848T1z7xYeEYETp57dve/YtR3yQBmmzZxa7jvEyuqsy7zikhtYvDSFbR73waoPkJ6ejqTEZERFRCNjy+f4+2HtHHxoCvvx48cRETEBnSRdYG1mAzvrFnDtPwgbN23S2cwJ3jatGk2a0rB61UdwcXFB4yaN2fpy2geZ0itXkvv82jm95Y2qbUxfa1NTUzHScySS585mG1YdOnIY7yx6Bx6ew9k2CL9e1pyLs9riVS3/8y+X4OHliQEDB+Drrw/iv8f/IjuL9l0PhtxHikNfHVQVrzfnZHC8An0QFDYGh49+A9rkLG1VGkYOfg2ZH2cC6k1B1Xp7yI9BbGwsXAe5sj3Tvz58CHu+3MtWibmPfJVtCnj9pva/mFdExKN/H2HLp+mYNHkiIiPDEBgYiBEjXkP065Nx9FA2/ivnW1xFddXl9eKbxVjw1gI4de/DHs8tjK3R0q4VIiIj6swXrrrt0arRvHj+AgLl/jARm7D9j01NTEDbeZLRnDdvHshhLT0u0B4vtDyRBiQFWrlDjilodQBdp3eP5L6Mfli0BSjl0dQbkqWY5Gl/IV6ezqkMr5OXoZjqJJ28DKWLi2/g/IXzOJuTA5qXR+94lixbjoFuA9BvQG/2L71z107k5ecxPYSX6qBVH4SLtiwlHISLdBAOyqd0WRy8LaSXl+HYqT5ehreddBFWrodiLkPtozLkdovcmJEs6aZVNzk5Ofjl0iXGAZUhvVw3yVAdpJ+wq+qlPJ4mGSqripXyKK3aPirDcVEZzjvhJkzKOu6guLgEDx7cwZX8XGz+eDN8x/jBXTYC7yx6l90BzYidCXdXd6xZsRrnz5wDbWtcWFyIkvslbGJ5wdUChpv0k05qD8dIOolH0knYSIZj4n1Cac4DsZdyzAAAB41JREFUbwevg8rw8UX8URlKFxffRl4ecVfEeKXJ1+TQomv3bujj0hdhkeEYM34c3NwHY8BgZyiSE/DVoQMMC2EjPKSLdNM51U26iHfCTPywfrh7BzduKmUIE+9bjpfKEx4qS09ofCw/a9M13C4uAU0jusp4yseVK7nI+vYbLEp5F3K5FK/06Ia2bdqiS+eXED4+EuvXbMTpEz+gIE/5+yLOCKtq/XysEE7CRBgIE6VJlvIJC7W1LO/UH1SGY+QyJTdL2IfXvILfUHS9iNX35f4vERs7DS85doPY0AwWYmvY2drB2cUZS5Ys1vrcYlWDqlWjeezbbPjL5LCzs2PGkjaNp/MWLVrAyckJnp6ekMvlkMlkIO/qAQEB8PX1ZWmK/f392XWeT2meT+V4Pu0ASYHqoGt07uPjw84pTeV5HaSD6+Q6SIau07/w6KDRCB0Xgj4uzrBr0wwt29uhu9NLGDp8SKk+qpvLc52qddI1CqSzPFyUp9pWnlatg7dNtb1Uhter2p5Ro0aVtpXLkBxdp8DrpZjXS7goTfI8n3RROc4ZtZOnKc/b27u0DMdF+VwnYaLrVJ4Cr5fioFFBCAwMwKhAP8jk3hj8qitad24DO8cW6N2/LwYNGoTuL/VEG5t2GNZvKPykcqZP5ucD39G+8PP3g6/Mt7R+0kv6OA9cH2HmGEiGMJOMKkbCwzHyOvg1innbaDwQfzLps3a5Dx+Olzp3gW3zZrBqZoPW9u3RrqMELTs0R6sOLdCz78sYPuLVUl4JD+8frovrplgqkzGe6NWQ3M+PjVuSo7yybeR9xccU4SO8JE/cjJL7Y1RAINvgj65JpTKMGDEcvXu/jI6dOsLWxhZWphawtbKBY/suGOI8BN4e3vD1kZf2M+lV7WeGUSplOuicAueHc8bbxdMUU7vpOrWBwnNl/Pzh6++HkT5e7JUYtYv8KnTp0hVNm7aEpWUTZi+aNWuGrl27Ij5+Jm7ffvbBUNWgaeNcq0azsKAAK5evxNChQ9kcLL7/sYmJCUs3atQIenp6MDQ0hL6+PoyMjFiaVgdQoLzyAsny6ySnmubXeczzSI70qF5X1UFYuCzJiEzEEFuIYWJpDDNLEfQNlVi4DNXF8avWyc/VxUX1VYaLc8PrpZhjoHPSo9oOVbmyslSXqqxqParn6mKn+sviU62/rD4DQz0Y6OtBT18PhiYGMDQ3hKGVEQxESu6NDcVoamYDC0Nz6Okp+9hQZAA9IyX3BvovtpXjplhVd3k8cFmSU5Wlc9U8ws3L61MejUV9PWVsoI9GRkawbGwFUysLiM1NYWJhDrG5MUwtRTC1MIaewfNjhca1qg6ui3RQm/SftpXrrCzm7VTFz+UNqL4yY8LAgPpIH2ZmZrC0sERT68awtbaFqaE5TA3EMNYzhr7es98a70/V+rnOUj0q/Km2hedXFKtyYGBsBD0jA4hEolLu6dzKyoZ5dzcxNUHr1q0wblww9u7dXWeb3aljdLVqNAkQ89g8aRJbW0pGhjqFyDE2NmYxndenYCwWoZGJCBSLRWIWRCJ9iER69QpnfeJMHSzEqZHYiPFoLDZEIxPx0yCCMRsDYpg2EsOkkYgFsRGNCzGMeH/oYJxw3YT9uWBKbaHxoQzUfhorSh5onCiNgTq8iI2V7S1tt3ENfw9P61HyVrYOjk15nXSaPuWZ9FJaHayalOHcKvv+mX4x8SoWsz+tdu1aY8OGNXj8WLcvXrVuNGmVxNKlS9le5rTGlBwBOzo6skCOde3t7ZmDXTqvD8He0R4dOnaAvYM9HOwdnob2cLCnoMRIeTw4kFw9wV5/cRCnEkgc28PBoQ3sHdpD4ugAiaMjC/aMP3s4SiSlwUEigYODBBIHeyarlNHuGJE4Shhuwq4MDujQURkI/4t801igNnYoJ688eeX4cpQ4gAc+xl6su4LyfOzZK+twkFQhR/JPZWutk+uuQUz8EZfl9SvZBHqFN2yYG3Jynp9Kp86doaZltG40qQFHjx5l7vPj4+NZnJycjMTERFBMG03Reb0JSQrmJithdjziZ7+J+NkKxCcnIyE5EYokhRK3IhnJimQkKagd9Qx/feKyFIuSU0XSLCQmJrAVIMr+no3ExDlPOSRuKb9sUHKui/GhSEpgY4HcptEHHgWNAR6S6tGYLeW54WBSJCm5LK9fyS7QPlBpaWtBczh1fejEaNLyMvrCRoG+FFJMX9b4NTqvN4GwFV5DQdFVXL2ej/zrBcgvKkJB0TV2/dq1QhRdK2Kh8FoRKF1vsNcnHstiKeT8qfY1cceD6nXVcx3yyzFXFJdto5BW/7fAOS2HM6VdKAKtTa/NViOaMrY6MZqaAi/UIzAgMCAwoG0GBKOpbcYFfQIDAgMNmgHBaDbo7hPACwwIDGibAcFoaptxQZ/AgMBAg2ZAMJoNuvsE8AIDAgPaZkAwmtpmXNAnMCAw0KAZEIxmg+4+AbzAgMCAthkQjKa2GRf0CQwIDDRoBgSj2aC7TwAvMCAwoG0GBKOpbcYFfQIDAgMNmgHBaDbo7hPACwwIDGibAcFoaptxQZ/AgMBAg2ZAMJoNuvsE8AIDAgPaZuD/cNAUfUr5S/QAAAAASUVORK5CYII=</file>
    </questiontext>
    <generalfeedback format="html">
      <text></text>
    </generalfeedback>
    <defaultgrade>1.0000000</defaultgrade>
    <penalty>0.3333333</penalty>
    <hidden>0</hidden>
    <idnumber></idnumber>
    <answer fraction="100" format="moodle_auto_format">
      <text>11</text>
      <feedback format="html">
        <text></text>
      </feedback>
      <tolerance>0</tolerance>
    </answer>
    <unitgradingtype>0</unitgradingtype>
    <unitpenalty>0.1000000</unitpenalty>
    <showunits>3</showunits>
    <unitsleft>0</unitsleft>
  </question>

<!-- question: 126883  -->
  <question type="numerical">
    <name>
      <text>Question 3</text>
    </name>
    <questiontext format="html">
      <text><![CDATA[<p dir="ltr" style="text-align: left;"><span>A square is a&nbsp;quadrilateral with four equal-length sides and four right angles.</span></p><p dir="ltr" style="text-align: left;"><span id="docs-internal-guid-dd6ecfb3-7fff-ff2f-84c6-4344c4307ecc">How many squares&nbsp;are in the object below?&nbsp;<b>Write your answer as an integer in the answer box.</b></span></p><p dir="ltr" style="text-align: left;"><strong><img src="@@PLUGINFILE@@/03.png" alt="" role="presentation" class="img-fluid"></strong><br></p>]]></text>
<file name="03.png" path="/" encoding="base64">iVBORw0KGgoAAAANSUhEUgAAARsAAAEbCAYAAADqLSAhAAAgAElEQVR4AeydBXiVR9b4/8/3fevbQgR3SYIGDXG5Nw6lLS6lpaUti7u03f1kK0iMuOGShOJS3XbrWNwFkuAad+f3f87cXEop21I0uxt48rz33nln5syZM2fOHJv/13izkda/Vhy00kArDTxqGvh/j7qD1vZbibiVBlppQGigldm0Snatkm0rDTwWGmhlNq2E9lgIrVW6aZVuWplNK7NpZTatNPBYaKCV2bQS2mMhtFbJplWyaWU2rcymldm00sBjoYFWZtNKaI+F0Folm1bJppXZtDKbVmbTSgOPhQZamU0roT0WQmuVbFolm1Zm08psWplNKw08FhpoZTathPZYCK1VsmmVbFqZTSuzaWU2rTTwWGigldm0EtpjIbRWyaZVsmllNq3MppXZtNLAY6GBVmbTSmiPhdBaJZtWyaaV2bQym1Zm00oDj4UGHgqzaaKJxqZGGhobaGhqQL7L5/qGevVX29hIdVMTNU0N1DXUU9Ok+17fWE99fT0NDbo6Uq++Qd5poPpmEzWNjc3vS1353EBdYwM1N5uol15u6vrR9ym7p9TXtd9I7W3w1HNTtal+a9T1p3+/tknXXwM3b7Wp/03gqLrZpIOnGQYZqxpjUwMyBmlHWlQwy28Nuj81jqbGW7CrNpua1BhkzIKfGhlPU5Oqf6vNesFbA01N8kszLhvViBV80q7gRurVNjTcwl8jMv56NRcCYe3Nm6pvHTy6uRDYG/V4a6wTqKm/WX8LN/XN8ye9yXhqZV6bYVH4kjlrnlc93tW8N49H/1ut1NePVY/vJh18Ul/qSHu6EeroRz93tTebkJJbNHXze5q6HW8Cn55yZB7qGuqoaaqhprHmexib+2662aijHTUfTYqWBAbpX08Hqj9uUnPzphq3wCn0IuOQpx436r2GBl2Z4Og2OpMyNb7bx9iMbz3e5B39vOrb168NwbcebzK3+r7VnOvLGhpobJ6nRrXOdDQk9FAv3/X0c1OHXcGrautmEzLj+r4bmue/4WatWlNqjM10pmhaP0aZR5mTB2TKD85sBLmN9VRXV1NeWk5VVRW1dbWUl5VTUlBCcVEJ18squFRVzY2yCopKyrhcUc3lymr1uaSwhNKiUlW/pq6GstJSCkrLuFRVw/XySt37ldWqflGxlJVzubqGkvp6aupqqSgrp6y0jNr6WqqqqyguKeVqeZXqQ96tKK+gvr6Okvo6LlbVcK2snNKyMmpra1Sf0ve1sgou19ZSVl9HdU01paWl3Cgr50JNbfNfHReq67hSUUVhSSkVFRVqjNJ2WUkZNTU1lNfXc7mmlqvllWrMJUUl6l0Z5zWpV1zO9fIqLlXXcqO0jNLCYooLS1TfV6prKKurp6a2VuFQcFJSXEJlZSWCE9VPaRk1AnNNNSXFAnMllypruF5apht/Xa0aj8BTWVVJVX0d1+rquFxZSVFRKaWqzVI1PzU1un4qygqorb1IcV2hwu/10grKSssVbsrq67lYXcfVsgrVn8xvdW216kvBV1jyg7kuLixGfq+sqKS2vo6CujoFX2FJmaIFgV1oo7SwVL0n8yy/KSZRX0dleQWFxSVcrqjial09VfX1VFVWKfxK34o2ysooKdD1IzR1pRnvCm8lZRSUFHCl8grXyq5RXFSs6E9oUuixRvBWUsq1csFbtaIxoVGBVdovKymlqrqSyvo6rtbp5lpoV2j2YnWNegpuZK7lff0cCE3dKClXYxSaEhqUuVN0XVKq5kvRR2m5+k3oQt7R0Xo510vLFTx6Whcak3ktLCnnRqlu3chYZQ5166aGotJyhWdFGxXlFJSUqvV0uaoaWSOlBSWUFjf3LWuqpITrsu6qayhW66aOirIKyksLqa25RGndDS7XVHO1rJJSoTPBd20N5SWl3JD1VltLqTCxm7oN4n6ZzgMxmzohkopKrl+7zrnT58hJyOFMxhny8/LJSc4h42Q6qQlpxKalciwjncSkDDLiskhOzSU5M5eM9GzSk9JJjk0hNSWVtKw0UjJSSErLICE5l7SkM2QkZXEqM4NjGWkknEohIS6d2PQc0rNzyc/M40xCDhnxGaRnpJOSmUJ8ahLxSVkkJeWSkZjNmdQczufkk5KRzTdJqZxISiQlNZm8rDPkpeeSfSqT1MTTJGXmkpqVTWpaGslxKcQnpHMi4zRxGbkkZuSTkJpPfEo28clJJKUlkZaZRkZiJtlxWeRn5HIm5ywpGXnEJaRz6mQciUkJpKSnk5R+mtTkXDLisklJP0P86TziUlKIj40j8VQyccnpnMrJJiMrj7yUfHLiskmNSyUhLYHkjFSy0rLJis8iKyGL7NPZ5GRnkxGXSWxsOt8kpXAqNZn09HTyMvLIS8pV8Mgc5OSe4buMFL5JSiDtVDrZ0kZaNrkZueSl5JETl0NGchLped8QnxPHiaQskmOzyE7IIf90Pjmnz5KQks+J+BROxp0gMzuDvNO55CRkk3Uyk6xTmaqtM7lnSEiOJ/bUSdJOpnIm7TT5+WdJz8onPjGXxNh0kpNTST2TRkZGBpmC7xOppCWkk3s6l3O558jLyCc5MZHj8cc5lZFJyulz5GacJTfxDNlx2eRl5SH9xCad4tTJ46SdSiMl5TTJAmf2WfJS88iJzSYpMYljOceIS4sj41QGWScyyU7MJi83n9zsPIW3E/HJfJUST0J6GjnpOeSn55PbjLeczGzSc7M5lp7G8fg00k9mkJp8moScfPXMissmJzlb4Ts+M564tHQSknJJi8shJymH/DP55GTmkBybTEJsIomJiWTnZJOXk0e24O2EDm/ZmdlknclS5XFxySSknSYt44xaD3Ep2ZxKzCY1NovE5Ay+y0njZEoKyafSSEo5TUp6LpnJOjiyUrNJSUomNimBE9kZxGblkB6XSXZsJtlJmWRlZZKanUpcXCyxsUkkpZ8hO/ss+Vn5nEk4TVZ8GjkZsaTkxHM8K5345EwyE7IUXmQcOYmZpGflkHLlPOcrblDeWEH9zbr7lnDum9mIuCw7/MXzlzj57SmORn9ITFAM0ZHRxOyIISo4ih1+29kUsomQjaEEbgphY/BmojbsIiY0ipjNUURtj2JbxHbCN0QSGBhEYEQgYTvC2LJ5CzsCdhETFE1UxA7CN4UTEBFMqF844Rs2Ehm2mR2R29kdHsVu/yi2+m8hKCQI/0h/gjYGsSlkMzsDo9gdsos94VHs3RjNxuBIfPz88A3dQNimEKKkfkgU0QJPUBS7wncSHhZGYHAQob7hhAVEEh65me0RO4gOiyIqMJotwVsJjgzBP8KfwNAANvlvUvV3h0WxR8YdHkVEQDi+fr6ERIaweccmdm3aQUxwFFH+UURtjGb7rl2ERIYS4B+gxhMWtpGIbRvZFr6D6A1RRPtGsSVoC4E7AgncHESE/0a2++5gZ+BONm/fzNatW9jhv4Nw73D8/P0J2hzMpq2biArcpeoq/Eo/27fhFeaFl/96tvlsISY0mujt0URHRH/fT+gmAqL9CNwURJjfJrb6bCcqKIqY7TFEb45h54YoAnwDWRvwLhFbwoneJnjYRZTPLqJ8dxEdGcX2HdvxDfHGx3c9W/y2qPZjdsUQFR7NNr9dRPpuJjg0lICdgURujGSn3042+WxmY+Bmdm3dxe7Nu9kVsJMAvw2sCXyHiK2RRG9/nyiZe+lH5mdTjOrHK2QdXr5r2eq3RbW/a3sMUWEyhzq8bZbx7AwgfFMYOzfsJMp7F1FBu4jeGUPMlmj1m/SzLniNrp8tUcQERt/C27ZNWwnbGo5v0AYCfULY4beD6PBodP1Es8N3J5t9NxMSForfLj8iNkawc8MudvlG3cLb9k07iPCNJMg/mMDwILZu20rM1hiiAqMUzmQ8WzduIWx7GP6B/oRsCGZn2HZ2b4tm184oNoZsJcJnM9v8drAxfBP+O4IU7Uf6bWRn8HZ2R0SpP/kc6beJwIAg/MMDCNkexqYtW9gZsJPdAVHEhO9g0+ZIAjYG4L3BhyC/IHaF72BPZAzvh0cTExjFTv8dbAndSJhan8FsDN6kaGtLyBa2RmwlOnQH+6L38MFXHxGfn8DlyktUN1Y/XmajP/MVFRaRlJBMeEgkC19fxDj38YxxGcMYjzGM1ozB094DVydXNG4aNKOdcNG44GHnxjNuHjzj6YGnmwdurm44uzjj4OiAvdYe7VgNbqNd8bR3Z4zGk9Ee7mhdnHDQOqB11uKsdcZF44yHqxtj3D3wdPDA1cEFR3cH7N3scXR2wNXZBU8XD0Zr3Bmj1fXlqtViZ2uLg6sdWk8nPJxdVLm8J+94atzQujrh4OKAk70TWictLp4ueLi4qfdGO3vg5uKCo7Mj9q52OLo54OLorIPT1YMxbtKGO84aDfbO9ji5OuHi5qzgH+PigYe9B54C77MeaFw0ODjoxqN1dcbZzRl3NzekD087D1w1rjiOdcTRwxGNvRY3R3c83DxwfdYFV09X3O3d0dprcXSxRzPWCZcxLrjbu+Fh564bt5snbm6u2LnaYKe1wdXWBU+tJ6PHjsbTxVMHi9YDVzdX7D3scXBzRKt1xtXBDQ8nD0aPGY2nhyeetu442jpg7WiJi6uWZ9zHMEYzmjH2oxnjMJpnXMbg4e6BvdYOO0db3J3d8HT1xNPNU9ePRuB0wVHrhMNYe7RuWtzt3BRNOLu64ubqjqfWAzdbV+yt7bByGIXLaC2jn/HEw8EDDyt33G3c8dDqxmPrao2txhpXOxc8nTzwcPbAw8FdjXu0xhNXV1cc3B1wdtfi4eKu6M/D0R3PsZ6M9vTE3cEdRyd7bF2sFCxCf56uHrq27N1xdXNBM1qDnYMdjnaOeDi7M1qNR97zxMPFA1cXVxxdnbB1s1XzNtpZh08PR8GbJ27u7mhstThqnHDycMLF3UWHE1cPRktfrh64uDor+nBwdkCjdcJD46bg83zWU60Rra0Wd427oh97dwccXB1xcXbBXeOmo2cPGbsbGjstDlodnTi5O+HqqqP7MVpPPLVuOHtocfBwwMbeBkcHR0a7uzNGYNC4M1qrw5+sSScnDY5aB1wdXdR6ctO44S5j13owa9JLvPvG/3Hw4D6yzmZQXl3++JmNKLuuXbvGV19+xfIVqxhlaUWbNm351X/9il//6tf85je/5fe/+x1PtXmKtu3bYtTFCKN2hhgYGmDc1RCjroa0NWqLQYe2GHczwrC9IYbGBuqzURcpa4NhR/luiGE7KTPEuKsxqsy4LYadDL8va2eIcXdjjDob0laVGaj2pY6RsSHtuhlh1FHXppHU62KEYTsDjNpLPSPVT1vjpzHqbKArk3rtDWnXw1jB19a4jepX1TMyVG1JPYFd4BSYjDvrYDTqaKRgMWivKzPWl0m9TlJmhEF7AwWnwkMnIzU2o85GGHUzUr+3bddWfRaYDQwNdWPtYUy7ns3jN2pL2w4GGHU3VL8puOS9doaqnkEHA4Vbwau0aWBgoPBr3ENgljKB2QhDwVdbAww7GNwaq4FxW4y6GylctmnThqf+8BR//N0f+O1vfqvm9df/9Wvd81ffP3/3m9/xx7ZPYdClLQYd29LGoI1qu113Y93cCZ6l744GPG3wtJobhVsjA9q2McDQUODQ1RO6kHoybgOBrbmsrYHgRObSGEMDAwzaGn5fZtgG4+5CH0aKvgw7CB4MMWhngIGRAcY9BG9GtDFsphuZc+PmMsFRJ0PaGrZVY5Z6gh+Ddm11+O5kqPAncyFjENwI3oS2DDsaYtjFQNGSwn1XXVtC4wadDDDsZqDmWr0rNN9DRxtCWwKXqttZB4dqX9oWWpeyrgYYdG6row2hGxl3O6PbyqReM0111eHZwFjXp2EnA+Sz0JSsGelfcCHwGHaUNnVlghNZL23atkHm+g9/eIrf/OZ3/PrXv1Fz/J//+Z+YdurLSy7TiPQLIyEpgdLy0ifHbL748gsWrVjMcIsRPP300/zXf/4Xv/n1b3j6j0/RuWtnBloMxEpjhaOLBtnNXNxccfN0xXmMBltPWxxGO+A62gU3D1dc3V2VVKMdLWU2OKoy1x+UiYQkZU6jHXEdravj6iH13NB4Ot4qkz6kPfU32k29L/U0nhrVv9TR13McLfWskX5v1ZM2x7gqGKTenWUuY1xxGG2v+nMerb2tnhuuUuZp96MyN083JYXYj7bDztMGlzHa78fm6YbzaGfsPG3Vn3zWurrgpNHi7OaC2xg39afHja2rHU6uOulLweymG4/LaBfsXeyx1driOs4Z93FuODpp0Xq44DHRDUdPB2ydbNC4a9TO7Oio0UlwUubhgJ2LLW7jXdCO0WJpaYl5P3P6dO1D26d1G4lsJrf//fbXv6WdQTtMzEywdBmJjZs11k7WaMdq8ZzgjtbNBa27Cx4T3NUcSJnzc87qu8ZFq8bo9pyrkq5sNDa4Pq8rcxIpVsYtZa72SJnbeFc8xrujkTJ3V9yfc8XexQ5brQ3uE1xxH+eORuuM1sUFF09XnLRapA/Pie64PKvFRmuDZowj7uPd0Lo5o9Hoxi6SpZNGg9tYV9WH4MDBzR7Pye7qN0cnDSKBqjbdnHH2dMVznAdOY5ywcbbBycXpFu2K5CkSo9Cu3TO2aDw0OLu4IOPRujsrOhW6c3bXYD/aFqEFkUD0tChPrYcz9mN0ZSIZCd0IfQsta9212I+xw360PS4ezWWeujLpS/p0HGOvJCpV786y0Q63yoTGhLat3awYZW9J734DaWPYmd/+9g9qjv/jP/6D3j17M3nCRMIiQ0nKSKKssuzJMBtRDH/55ZcsW7EUi1EjFbP5z//4T8VsjNoa0G9AP8ZOeZZFyxfwztt/xcfHGz9/P/UnuoR3At5hTcAafDb43vrdb4Mf6/3X8U7A26z9ibJ1/mvxvVu9wLdZF7AOaUffl2ozYB3vSJn/j8vWBaxVZev9199Rz1fBIPUE3tvblL7XBryn6nn7e33fl7+fgmuNKnsHb//vxyzw+Pj78F6g1LtL2QZv3g14h3elbIM3Xt4+rPPywtvHV9e3wo3g7W3e8XmXdeu98PHx+SFcfr685/Ue73i/g2+YNxvC/Fjn5Y23vy/+ERtY67+Gd9a/w3rf9Xj7+rBunRc+Ab74R/qxxn8N7/q8i0+IF+94vc2iRQsZ6/EMA00GYtDGQCe1Nks2v/rVr/jVr3/Fb3/7WzoYdcDCwoKXFsxg2f8u47/f+2+8gtYTEOnPej8fpTOQvtcFruOvXn/FJ8RbwbLe1xsfgSvSj7UBa3nb620Fs7yrygSuCB1c73jJeHzxD9/Aeh9vfAL82BDhy3t+7/GOzzv4RfiyIWwD670Fb974+Pmy3stbvStw+IR6qfbXBa1jQ7gfXn4+qlzmUeHBywvfID/8wn1Ve2v83iNg0wb8gv0Unr19fPDx9dV99vclcKM/64PW8fa6t1nvvV43/7do7od0o68ncPn56ehS6OLdgHdZE/AOPnoaaa6vK3uH9wLeU/Si6Li5zMvfS9HI3cv0a+o9fP2b11RzvdvXlJRt8N+A1wYv3vH/K6veXcGs+a/h4OxG1x79+MNTbfjVb36FMJteJr0Z/+IEQneEkpyTTFnVE2I2coz65stv+POKt7C3ssOwjaESv/7w+z9gZGCI+SBzXn11Npsjwog//gVnTmdw7sI5zl84z9kL58i/kK/+zl08x/mL52/9nb14lvwLeXctO9dcdvZi/q339XVV2cU8zl44++OyC2fJl7KLPy47K3BczONOOKTdny6TNvM5ewf80k6+6i//R21KmcAn9QRePezy1NUTWHRlgquz5+X9u+NGys6d/yHuFG7PC/7yOX/pHOcunefs+bOq7XOXzyF4yz+fr+ZBtX3uHOek/csy1rOcyTtDZmYGX339JVu2b+aF6dPp0aU7bZ5qw+9++zu1kfz6V79Rz9+3+T1/NPoDT7X5I8NGDGP1/61mz6E9JCQkcDr3NOel7wvS/jnOS98XzpJ3Po9zl85y7vJ5BbvCufR9Mb+57JyuTOoJTUgbepgv6dqR9qTs3KVmXF7IR8am/i6c5Zz6E9zoPsvY5F3pW+Zf9d2MW4X35s+qv8vnm+nyrIJZ0YDCkW4cCucXz3FB2rx4lrxzebrx3Ua/qs5tNKWfRzVXzXMpNCP4EPq6kw509J+vys/flbZ0ZQp3t/V7i35k/HfU+9GaunCe3Pw8MjLSOfrxEd5e9w7jJ0xiUP8htOvcjt8b/l5tJn1M+jBhxgRCt7cAZvP1l1+zesVq7O3s6NStE527daa3SW+6d+uOqYkZHh6e/OV/VvPJ3/Zz4WIudY11tP5rmRi4yU2qKqq4cPocHx48yptvvYG9vR3tjNth2tuUfqb9aWtswB//+Ed1dOo7oA/9LMww7GxAr969eHHSi8qikZqYSlFBETdvNrXMgbZCpTAgfkbZWdns3L2T2Qtfx9nZmRGDRzB4iDmmA/rRuUNnBpsPZtKLkwjd1gKYjehslqxcgrXGmr6D+6rn2IljsXd0YODAgfQw6cEop5EsWD2PvUfeJ/fcGXXua7jZgPzdr4NQa72HGGsjntH1dcoRTPxkPo7+gDfnr8J80GA6duxIz+49mPD8BKZOm0LPfj2VgrFX516MeW4MM+e/yBC7IXTu3AnzTua8+MxMwoLCOHHsBDcKCqisqaH+IXifts73w5tvcXIsLSklJSWFbTu38fr81xlmPQzzIeY42WoYP34Sz459npHmFthY2TDlpSmEbAt58sco0dksX7kCe40jQ0cMZfpLL7Bm/RrefuevzJr1Mv37mdGhY3uGjRzK7HmvszNmlxKxa+prFLMRM3orIT08QvqluBQ3/oaGeipKK8hLzuPo5iOsnLYCzWAnOhi1p7/ZACY8Px6/0PWsDforI6yHKctFe6P2LF2yhN0HY/jTG39ipMMIenXoSb9u/XDRuiid0LHEk5wrKaYcVFjBL4Wt9f1HQBdNjRQXFxGbfJLwLaG8NPMlRo0YRd8+fdFoNcydN4f/efd/WbR0EQ6WjthZ2TJlZgthNmL6XrFyFU4aZ0ZZWLJ44WL27d3Pp1/8nU3bt/LcM8/Ro0sP2hu3Z/iw4cyZ+ycOHN2vzsVlFWW3YmRaCesRENbPxLI03GxE4pCKSkvJTs/m4LYDvPHKG9j1tMfEwASzPqZMmzSdoA2BfBP3Ge9/uB0nrZ3S3xi2NWT9mvXk5+cT82EMc96cg4XtSNq3N6ZNm6cZM24MXuEb+CwpnnOlpVTV1ap4ntZ5fvzzrMe5XnpNSU4mZHMQM16fzpAB5ph1N8N+lAOLliwlfPsmdh7YxV/X/BWNjQYbS5uWwWzEGqU7Ri3FTmOvYzYLFnHw4BFOZefwZVoK7/l78ey4ZzE1NaNH9x5YWo1i4coFRB3YRVZOlvJCFm9kPUJan4+PGCWQ8XoTxOVks3XXdl56ZQaDBw+me/tuDO8/jGkTphIeHEFqQiqX8y5wdN8htI4aJfH07daXAJ8ACq8Xcv7KeY58cYR5b83FwmEk7YyN6NqtK3YaB9719eKrk8e4fv0GdcJwfoYBtpY/mvmXoFOJE0tOTCYyIpIpUydjbj6YXp16orHW8Naqv7Dn6Cd8nZbGx1/9nXVr1qG10WJjad2SmM2XLF65FBsnW4aPHMGC+fM4fOQDsq5cJa+inA9PfM17fl5Mem4iI02G0L9bX2w1VsxZPpu9+94nJyeH8qpyFS3eSmiPhtB+hFcVyV1PYUUlGVdvsO3AAWbNfY3+w/ph2KktpmYmTJs4ldCAMOJPJVBVXklFQTkf7fsQNydXOhl3pHfX3vh7+1NWVKaisy8VXOL9T99n8ZuLsLG2pmP7jhgZGDH6mdF4+a3nVNwprhdcV7ohiVT+EUytTOjR4aShkeKSYpJSE9mydQuvvfo6AweY061Lb6xG2LJ8wRI+PHqI05cukF9cwndxcfh6+ShmYzvChhcmTyM0IkTnZ/OkTN/Xmz2I5Rhl5+SA+cghzJ0/h6NHPuDC5cuUNzaSXVDI34/HsdEnnAXPzELT15I+vXswzGYISxYtYO+e9zmTf5qKVobz6IjtjoUsCkKJlM/KzuGDjz5h8dLlDBkyhG7duiml8PRJ0wn1DyUjJZOiomJqG2oorC7g8CeH8XB1p32bdhi1NWLde+uQaG/xJhcd3LXCa3z62af85S9/QavR0rFDB9WmxxgPAiMDORF3gsIbhVTVVCNHuFaG8+hxIEcnkWgSUxII2hzAy7Nfwsrahu69+mNhpWH1yj/z4ZF9XLyUQnVdMYWlJcQmxuPv54+ETdgPtuMVzxeJ2BBKYnICpRVPyINYmI1y6lu5HHsnByxGWbBg/gI+OPIBVy5fRgyfpY1NnCso5btjCYR7hTFr3AzM+prSsXMHHOztWLpiEXuOvM/pszlU1lbdyofTSoiPhhCFMRQXF5OWnkZ0dBSLFyzEzsaOrp26MLj/YKWjCQ8MJ+5knIroV7lbbtZTXFOsmI2biysdDDrQuX1nfNb53GI2YjaX/1evXeWLr75g+VvLGG47jM6dO9OnVx+eHf+sclQ8fuoE58VKBa1WqkfNcJUyuJiUpFQ2bdrItJlTGD5qGAMGDcLKScO8pYv58MN9XLqYTl39DaCWivIyUuJSCPEJwcXWBbuhtrz0/AuEB4eSmJb4JJmNTmezdOVSnDRO2FnasWTBEsVsLl++pGz5dU2NlDQ0crqomL/HHSMg2JfnxzxL/179GdDHDEcnOxasnM++o3uVWVwdqVpN4g991xe9mFIQFpWRkZLB9l3b+dO8PzFI3BO69WDwgEG8MHk6wRtCSE5IUTlZ9AmupG5ZRTlHPzyKVquhk3EH+nbV6Wwkb4u0q98c5N2isiL2fLyHeW/NUxJO7+696dylMx5j3Fnv782nsbGcK69QuWP09VqfD3FzaWpUOXxKSopJTk5m48aNzJo1i6FDh2La1wyNxpllb65gz9EoLl1NoaGhgMamGpVUq7y0jLQTaXd+ExAAACAASURBVIStDcPF2gXrUdZMfXEqIVtagJ+NOPX9eeWbuDg5M9JiBPPnz1fM5lIzsxEiquUmZY2SiOk8CUmfEe7ty+tjX0bTx5L+nfowYuQw5s+fw949u8k/m6dEciHaVrP4QyLA5gx+lWWVyrx9YMsBXp35KsOGD1XK3EH9BzFt0jQigiNIik36ntGg619ymBTVFHLw0wM4OTti8LSBClHwWut1S7LRMwuRbuTzuavn+PTrT/mf//kfnBydVABo+87t1HH7bV8vvk1KoLiiVG1INyUv36Pe5f+N2m9obKSkpIS4lJOEbg1iyszJDBk5BJO+JjjZOLNq0ZscPHCInLxMqmuLlEQjcyZzJ4nj4o/Hs2HNBpytnbFuKQpiXbjC1/z3yj/j7KRhyEhz5syb8yNmoyNEScxZQnlZPvHHTrDJaxOzPV5kRPeBdOnYGetRVixbvJjDHx4i93yuzvGv1Up1S2LQL+b7eQrTLisrIzsjm4PbD/DG7NWMHDyCbl27qiPt1AlTCfILJjE2UZ3vJfXm7f0IsymsKuTAR/tx0jrS5qm2P9LZ3P6+fJY+i0uL+fTTT1n15iqG2w5FotkNDQ145rln8A30JSElnpKKMiob6h9K2sk7Yfh3/C76OMlSmJKcQujmYGb8aSqDLAbQu18fNE4aVi5awaGY/eRmndFZgpvT2gqubtKkmE3s8Vj81vihtda2HGajN33LMcrOyY4RFiNZMG8BR48c5XbJRjfpkuG3jur6Ks6VlPFFXKIK0Bs/7jlMTU2VWdzG1pqFq+cTczia3PN5VNdVt1qpHnBHlkUv/3Lzc9kZs5PXXnlVMRph8IMHDGbKuKmEBYaRnpyOpKwUnY7oaX6wUMVsWlDBh3s/wNlBq6SaPt36KNP3nccofT3pV1J+3ii4wd++/JQlby7Gym4UxobGdOrUCXtHO7z9ffg6MY6z5ZWU31TyzQ/7fcCx62H5t3iiywEuiv+UpBQ2RW5i6tQpDBw0gJ69e+Lg4Mif3/wzH3+wl0sXUqiqKrqVP1uPH5kzUSanHU8jdE2o7hjVUiQbPbNZvHLJLT+bhfMW/gNmIwQsiZNFvoGc0kKOnviS93zWM+W5iYwwGcKAHqZY21kwd+kcDhw+oIICK6oqWhnO/Sy65kTlFZUVXL9xnUNHDjF73mx1dOrSqTP9zfozVczb/qHEnYjXKYNFIrlbaEFjgzJxf7D/KM6OWtq3a0fvnr3w9/VXeXXr6nVJ3/VEq3/qVMY3uXz9Mkc+OczKN1ZgY22jTOKSP8XzmdG857+BLxNTuFyk0/003Mno7mfs/251mi8bEMW/SDSSzXHWa68qC6Poy+wtHVkyfxmHDxzm/LlMGhpFGVwjh+QfMHeZL8WsjqcQvCa4pTEbXfIsnQexVjn1/TSzaVQmz7qbjSoBeU5BEV8dj2eTT4Qyizv1sqCbcWeGDDVnycKF7Nu3l9yzZ6iobmU4+gV8T0+JdaqrU4STk5XDxx99zIrlKxg2ZCjdunZjyKAhiHk72D+UzNRMpaO5Xcl7Zx/qGFVdwIFP9ut0NkZtadfVmPU+63U6m3/AbPTtSNs3Cm/w2d8/4y9//gsWIy34/e9+r0zj7h6eBAaGcvJkHIU3ClRicrmrQl+39flDhnA3fCjFf2kpqSkpREZuZOarLzPMagSm/cxwstPy1uK/cCj6CGeyz1BeXkZ9Yw2NdzHCCLMpKS3h1PFT+K7x/cExKnRrKCnZKU8uxcStfDYrl+Pg5IiFxSh+jtkIskQZKFeFlDY2cu5GKd8eSyTMJ5RXxk+nb48+dOrQCQc7W5auWMyew3vIOXuayprK1liqe9yxb5m3M9OIjolS7gh21rZ069yVQf1EGTydsKAI4k7GU1leeXdp5ra+5KqXkmoxfR9SaSyNjY3o1qMrvr6+zczme2vU3RaDHONERL92/Rpf/P0LFs5fyOD+g2hv1I4e3bozdvSzKi/PiVPfUVh0Hqig6aZIS61xc3fD5w9+a9Q57MUlxxK+JYLpL85iyIhRmA3sh7OzC6tXvMknhz/lfO4FdQOE3sL4gzaa51rmSCSbxOOJBK4JvKUgnvrSVCI3RZKVnnVLAr5b/Z/77b4SnqvzeEM94mcj4QrqGOUk4Qr3xmz0QImEU9rQwOnCIj4/dUwlKnru+ecZ3G8wA/v2x1Frz6I3FrL/g32cyWt1/NPj7R8+m6O3y4vLyEzJZGfUTuYumMPgwYPo0bU75gMGM23iNIL9glXuaLnu46eIT9+PzvRdxtEPj6DVaOgopu/udzd96+vc9dnUSFFREfv37GfR3EXY29jRuVNnOnXujOfY0fgGeJGQ+DmVlReorqtq9cO5jeHfDZ+iDJZrY1JSkgnZGsj02S9iPsKGPiaDcXLUqNQvRw4d5fLlKzQ26HQ6P9LH3dbH3XQ2VqOsmPLCFDaGbyQ7KVttTneD5V5+e2Bmo4v6Xomj5t6OUXcCVSfmtvpaLl6/yncnviM4KJjXp87Csa8l/bv1xsJhBAuXzGPP+zEqKZKKFm81i//omKG/sE/M22dT8jm09RCvz3yNYcOG0q6dMQNM+yNWp7CgcJLikpRpVDGaO87td86PfP+x6bst7Qzb4bXmx6bvu9XX/yZiujCuy5cv8/fP/q4UlrYOtrSVPNSdjNFoHAkO9CE5NZGLZeVUiONfa1aAH8214FPmTtJEJCcls3nLZqa8MplBo8zp328IjrYuLFq4hH179qvrZaprapSR4E4djX5e9E+ZHzF9xx2P05m+bZyxGmHJpImTCAkKISUxhbLyJ5Sp7wfHKI0TFhaW93SM0g9O/5Rb/OSCr6tXrhJ7MpYtGyKZM/olRpqY06Nvd+zsrFm2ZAmHPzrE6XOnW83it+1GCofNymCJf8lIz2D/9v3KvG1pPoruXbvR37QfU8ZPUdd5yNFJROV7kWhuzY/42VQVcvCjAzhpHFU+YmMDYxX1rcIVfkZno29H/xSiLiwu5JNPPmHln1cy3H64ShouXsmTx09mQ2AInyckcraomMraGhobf15voW/73+GpzNuF4hmcwqaNm3jttdcYbjUCs4FmuDm7snzJYmKit5OVka6OPQ23mbd/Cj8i2QizEdO3+NmI6VvHbCYSGBJIQsoTDVe4zudffs7cFXMY5TiKkRYW98Vs9AiQ2x5vXL9B7LenCPYKZNJzEzAzM1NZ/8QsLgm4dh+N4eyls+rGPlXvHnZmffv/ik8hEPGLqa6qJjMrk+3R25n16iyGDRpG5/YdGdBvAJPHTSY0IJT0lHS1Gyrz9p0M66e+NzZQWVDJR3s/VKbvjsYdMeluQoBvQLM16qd1NnfiXcEsnsbFhXz2lZjFl2Bra0vX9t3o0qELtg72rNvgzXexJ1UslVwne2cb/7bfmxp15unkNMVopk6ZwsD+A+lv0h+tg1ZZ/A4f3cXFi4lU1xT9ok3l9mNU+JrwWx7Ek2dMJnhzMEnZSU9WQayYzco/McrJgpEWI++b2egJsLa2lqtXrvHdseP4e29gyvOTGWQ2kN59emFhN5L5S+dyUMziuWdao8XFTCzeokUlnE4/w+5de5g7by4jLEbQtUsXBvbvz7TJUwkNFPN2HOXl5UoZfFfz9k8wG2FmpVdLORp9BK29hvaG7ejZuScbvDYoZnM/zECkG/l/+cYljn5ymDfffBONvUZnFm/bRt0d5eWznmMnjlFQVKAUzP/uXsYyD0UlRSQkxano7dmvz2b4sBH06tETjZ2GJfOXsnvvbs7kpVLfoIt1+rmj0+1MW+ZDpN7k48k/NH2/PIWQ7U84U5/ez2bRykXYONncszXq9gH+4LMcBySGp6GekrJSkk4mEuETptJTmJqZYWRszIhhw1i6cBH7D+zjzLkziB+OOI/9oJ2fWDj/Su+JyVPyyGalZvH+1n0seX0ZVsOs6N2tJ0PMzZkx/QXCQkLJTMtQEk1dwy+TQPS4knriLb539x6cHBx5+qk26k6nte+u/VG4gr7OvT5lrm8U3eDzzz9XOpwRw0eoxOod2ndQV5d4B3gTnxxPZU0VdY2SSvbf00Ilc1BaUkJyahLBWwKYOfslbGxsGDhgEHa29ixZtIToqBiVU7iiopyGRpnrX+ZCIMzmH5m+n3ha0O+jvlfi8AA6mzsJU9ymxeH9WmEpX30Xx3s+Xoyd8Czde/Sge5euONrZsXTVEnYfiiE7N1untGrSucjf2da/6nfRuUj8i9xxvmvnLl6fORtrYTRdezNsqDkzXp5OZGQk8XHxKlThQfAgzFysSAcPHETj6IhBm7a0N26HxEbpPIjvn9mL5lJgE7P4Z3/7jPlzFjB4gDmSdrRr1664j3HHN8CXU8lxXCwtUUrjOpFz/k02FMGNmuvSYpXKM2xrCNNfnsxwi2EMGjRI3Si7cvkqDh08pJxgJSxFp+P65UxZTheisxHTd9CaoFum7xaRFlSnINanBdXet4L4bgtB8p2UNjSSU1jABye+4l3/9Tw79lmG9Denn4kZji4OLFq9kL3795CVmaniPO7Wzr/ab5Ikvra+ViUnz0jNZOeuXcxbMI8hg83p3qUbQwcPYcbMF9R95skpyTqHPQlBeADdlkibFWUVfHj0Q7ROGoyNjOjSpRO+3j4PzGz089PU1MSNGzfY+/5+Fs9b3GwW76SixceMHcN6fx8+S0zgXFkFFbW1NInS+F/c21ilbdXHOqWkKPP2C7OnKi9wsz4maB2dWb3iDQ4fOsKFixcVk/klin897vVPYTZyjEo9nkrYmuaob0trxM8mbFsYqadTn9z1u7pj1JcsUbFR9g9+jLpjt5IdrKS+jpySIj49eYpgn2BemfgSwwYMw6RvX+wcbFmyaBHvR+9Wd/dILJUgTpCmR+C/2lOISY5OOSk57Nm6lzmvzMVyxCg6d+jEgP791dEpMjJC+V6ISPwgxKfHnWI25c3MRqNR19PKtcLrvZuTZz0EBa5IOKK4vnzlCn//XMzib+Fo76AcPDt16qjuzl4b4Mu38bFcv1FAw0PoUz++lvqUuZPFLybnLVu2MH3WVAaMHICpmSmONk6sWvgmh/YcIT83n6rqamXefhDal2OU3holgZj6qO+pM6eyaccmcnJzqKqpuu+19UB+NnKO11/lYn8fTn33Msm1NxspvnmTvOtFxH4VS/j6IKaOm8qIwcMZaNYfR0d7lixbxKGPDpKdl01pWakumPAOxnUvfbXkd2TBK8/gkmLS0tKI3hbDktlLsR1mi0nPvpibD1JXrYSGhpAQF6/O9w+D0QhOvmc2H6HRuGJgbET7bh3w8tEfo+5PF3Q3fDdxUymEP/74Y9588w3s5N6q9u2V89/Y58eqPr/77julQxLr5b+qdCPSqyjGE5IT2LgxktdefZWR1iPpO8BEXee7YvFKDu0+wumMXCrKK7gfJf2d+NdLNrdHfVtZ6Jz6Nm1rAcxGbldYuXK1SsgzysLqvq1Rdw789u/i2FVVW0vhtUJOfHNC5b6VaOXB/c3p0LU9w2yHMnf1HGIORpObl0tlZeW/lIQjRCB6EzFvZ+dksyNmpzJvDx44mI5GHRg4oD/TX5lK+OYwMtMzlOTzi83bP8Gcv2c2n+KoGUu79j0x6WVGoF/gfZm+b5/bOz+rnVk8jUuKdNHiq5cw0nIExoaGGLY1wNbORl1pfCr2FEWFRTTUNzzQEfHO/p/0d51k0qQsh8npiQRvC2TS9AmYmZrRq1cvbGxs+fObf+GTjz7h2tWr1NbW6aTXh3CklL4l6jv9eDpi+na1ccVyuCUTJ04kNDKENHWMqnhyko3+3igHJ809BWLez2QqZWBjA3W1dVy5fJVj3x0nyCeIF8a/gGk/U3qYdsdGa8XiFYvYt3cPWdlZOrP4L9TG3w9sj6OOMBpxS89JOc2enXuZP28+o0ZZ0L1bNwYOGMC0aVOJ2BymrDYidov+42HCpWKjqko49PFRHLQeGBl2plunnvh5+d236fun4BNxXgj/4tWLHP74ECtXL8fBzl4ppeXSPMmHI0Gg3x3/DjnKC138q0g41bXVKmg1MSGRzds28crcmSqVZ+8evdHYalk6bzkH9x3ibH4+YqFSCvYH0MfdPg+C8x+Yvm1csBpmycRxEwgKDSQxI5HSqieWg1iXFnTxysXYOtk9dJ3N7YiQz/qjhGjck0/ozOLjx45jwMAB9OjeHQdbO5YtErO4pBjNVQynvun+LSV39v8kvgtBiYt4Vlq20tEseU3M29b07NoT88GDeeGF6cq8nZGWoXZDFb39kIhPP14JVyiovcH+v0nUtxNt/tgGgzaGrH3vwU3f+j7u9pRjoBwlPvv8M5VE3dbahnZGxnTs1BFXD1eVD+f4yeNKsVwjnsY/IZ39M5TJ3EnS+PikeCIiI3n9tdexsrJmwMCB2Ns4sGrhGxyIOszpzNPKIPKwXT5+ZPq20TYzm4kEBgeqI11p+RNkNl9++RXLJOpbI1Hf9xeu8EsIQYmZTQ0UXing2Bffsnb9WsZNeh4TUxNM+pjg5OCgM4sfjCHrdBaCHGFSqt4/GTHe0tFkpLFrl5i3X8dyiBV9evRRuUpmzJxO5MZIEuMTKCm5fyL4Ofw3NNVTUlXM4Y8Oo9E4YdzWmO4du+G3XifZKAb3CHAru7YwnGs3rik/HMlvbTHUgo4dOtK9dzc8x3ng7e+lYuquX7+uO1I9hOPEz+HjUZSLw55IFcJoNm3bqG6qlFQcgwYOxs3VnRXLV7J73x4yctKVL8zD0sfdPhZZI6IgTjqepJz6REFsNdKKSdMmExQRRGJ6InKx5O11fsnnB1YQi85m1co30GhceFQ6mx8NqKmRmuoaZe77+JvPeddvnTKLDxs0lH5mZji5OrJ41SL27t9LppjF/8kScIl5WxaweAbLdSq7onYxf+ECRgwdTvcu3RlqPoQXXpxGyMZgklKSFIEoHc1Dlmj0eBdmU1pZxpEPj6DRyCV1HejTtQ/+PvrkWQ9PQazv8/aneDxfv36Nfbv3sXjeEuxt7ejSo7M6Po+d+AzeG7w4ceKECnURpbFsLrfXb8mfBVY5OhUWFJKels6WnVuYPX82lqNGYdbXDEcHR1YuW8WBAwdJzU2lsO4GNY01P5sW5H7GLMxGGN6dpm/lZ7P1CXsQizXqiTAb2UWbGimrqeZ0YQGfHj9JqHcIsybMVGZxSTPq4GjHksWLVLT4hcvnqWo2i9/PJDzuOiIef2/e3sfcV+ZjNcIaScU5dMBQXnxhBhER4YgfjeT5fdji9J3jVcmzago40JzwvO1TbflBIKb48TwCyUbfpoj3wnyvXr3K5599zltvvYWDowNdukp6io5onDX4+Ptw4tQJdaRSlpl/EglHshhcL7xOXFwcW7ds5aXXXmKY1TBE+a+x07JowSL2xOwh93QuxeXF1CG3ij4aZqo/RumjvltUDuInymzUPdWNFDc1kXe1oNksHsJL42Yw0nwE/c36oXV0ZMXypRz++CCZuZnqSCU6ED0Rt7Sn7HICn7rXKVXM29Esfn0JNsPtMO1liuVwC16a8RJhoWHEx8ZRXFLyyBmN4Egkm+KKIg59eFAdo9o83QYjA8MfXFL3OHApi0FSnIpZ/I23Vis/K0lRKlf9jp00Fm8/b058e5IrV69QXl+OKLYfB1z31UdzNkUZz8m4k4SFhzHrlVcYZWupEl+NcRvD6qUreD9mOxnpyVSUlz8U8/ZPwao/RsntCv5r/G/52bQID+InzWwEcaKNqa6ppeh6EfFfx7LZO5ypz03GzMRMedTaOtgwf/Vcdh+MIS8/Tx2pfgrhT6pMJlqJ1JXVnDl9hl0xu5j12iwGDRhEe+P29OvXjxmvTCN8i868rXwrHldMWEMjldcr+XjPR7jYO2NsaETXzl3UFa3/KOH5o8Cj4EgkWnFW/PSLT1i8ehEjLYZj3N4Ygy5t0bhqCfEJ50TsSS5WXqQKnZPno4DlgdtsbFRe2emp6WzetJnp06crnWOvXr2xsbLlrdV/5uMPD3Dlcgq1tYWP5Wgo+BXTd8bxDCLWROBq7dpyblfQO/WJgtjOyZ6hI4cxe+5s9h/ez4XLF3RmuUcoXsuEi1lc8nVItPilS9f45ts4/HwDmTplmlKu9TUzYYTNcOYtncv7B3eTeSaD8qqyxzJ590qQSsfQWEV58XWyUzLZs3MfC+YuwNrKmr49+zJkkDnTpk0jfFM48clxusRX6pjwaMTpO+EWfVDJ1RIOxxxWUd9iEZI8OX7evg/dz+bOvu/8LtKN/HbhynmOfHxYLUoXRxcM2xvSsWsnxj03Hh9fX7458TUFxedpvFnefOx4uO4Ad8L1S77LkbCouIi4xFg2bovgldmvMMpyFL179sbZ3kWZt/e/f5DcM5nU1hTcNTn5L+nvXt8VZiM6G1EQt8jYKL0HsZWTFQNHDuTluS+z+/Buzl0+91iYzS1ENjVQ2lBPbkkZ38TGExwUyrjnx2NqYkabp9sy0noEi1YvUClG887l6pTGLeGC+6Ym6utrqSy9Rl56Anu3xbDsTyuwHm6jcsaMGjpK6WiCg4NJS02jqqLysXtIy9FONpY9u/eoEIInyWz08y0MWoJDv/38GG+vfhfzgUP43VO/o2OPjowd+xwhvkGkJ35DZcV5Guqrmv1wHg9z1sN451MU/8pnqqSY1AyJdZJ7nV5gmOVQzAaYqShuuUDuUJR4Bsu9TuXUNz46Hc2d8AkjF2vUyeMn8Vnjo0t4PsqaKS9OIXRLKKnZqcqd5M569/r9ga1RciPmGyvfULlpJRJVrgs5eOTgY5Nsbh9orZju6uu5ePU63371Hd7rfJg0bjImPU0x7WuCg7MdS99coo5U2aezVTS0EK0Szx+xBHY7nLc+N2fYK5UQhKR4orZtZs7s17GytMakV18sRo7gldkzCdsYwomTJygsKtQlAX/Myk9ZIHLx2aEDh9A4Oilflycl2ehxJwtDzMWFN4r4+ydfMO+1ecpK16lrR3qb9Oa5554jZMMGEo99S8n1CzTWldOojp1PTsLRmbdLiU08Qdi2UKbNmomlhQ02piN4xtmDpauXcejQEc7nXVDHGZEohUHpx/yon3dKNi7i1DfCksmTJxERFkFW2hNMeC67nTCbv6x8C3eNK5YWlj9xSd3jSe0o9w6JWfzi+Ut88/W3BPoEMG3sFCzMR2Laty/2WlsWrJjPngPvk5GVTnml7B6PX5EozoYSOCritEgsO7ZuZ+6f5jDCZgRdTboybNgQXpz5AuFbQ4hNOqm8SiUd5JNgjKIgLqso5cgHYvpuGcxGv/Bu3rzJlatX2bt7H8sWLsXJzoGuPbrQzbQ7456fQKDXBhKOf0HB9XNU1NdQL5fhPeaNRTY0dXQqLCIjLZ3wrcG8MOcFhlvaYd5nJBMtx/LfS99g79E95J3Po1E8wJ+A+V7PbFKOp+guqbNxwXKYJZOen0BEYARZiVlPLuH5tWs6D+LlK5fi4OTwi29XeFSTLpMr/hZFJcUknIxjs08EL02YgZlJP2UuHW45nPkr5hK9L4q8vDzlqCR1HhU8d2u3pqFGJY0SR6kd0TuY/eqfGDXckh6mPRgwoj8vzphBZGAEaadSKSooUlaqx7nL3Q6zMn3XFnLgb7q7vlvCMUoPn0g4ErR49fo1vvr8K955813lm2Lc3YiOPTvi/owb/oFefBN3nHPl5VTchMd9EZ5IKKJ4TU5MZtvWrbz4+osMHmXO4EHDcLFzY9W85eyN2qPLPllZrjIYPkhKED1ufulTcCnK91uBmHoP4ucnEBwYTFJi8pNLeK5XEC9duQz7FsRs9EgWTl1w7QYJX53Cf60fz0tog9kAevfurY5US95YzL7De0nLSlPR4o/FLN7UqEyYciSKi49j67atKh+NraUtJr1MsLS1ZMasGQSHBHHqu5OUXC6hofbxMkI9/vRPMSEXVRdx8JOD6t6olsRs9DDKQrlyrYAPP/qKpaveYJSjBR17tKdvvz6MHfcM7/p48bdTsZy/cYOamscU2tBs3i4ovKELQdi0kZmvzMbSxgaTfia4e4hn8BLe372N9LRE5VslmQv1Y3rcT8Gh6GxuN30rD+JJkwgKCyIxNZHSivv3VH9gnY0+6ttJ4/z4PIjvUQwWZiOEVXSjiG+/+hY/rw1MfG4S5qbm9OreEzsnW+Y1m8Xz8/ORq2of6QQ338dcWVHJ6azTbN+6ndmzZmMxeCRdO3RRjFDiYbZs3aLiUApLCqmvq38k3qK/ZJwi9YmfxwcffICzk7ZF6GzuhF9CNysaG8gpLCbmbx+yaNVi7Gxs6d6pO+IXZG9vz3pvH44fP4F46yqP63ukozv7utfvElIgEk1KejIh24OZ/MoMepgMpXtXUyyGWbB09RIOfBzNpatJ1NbdeCi5h+4Vtru9J+vlrqbvl6YQIh7E2clPLuG5XrJRsVFOTi3mGHU7IoWoampruXzpMieOnSDEJ5iXJ7zE0AFDMB1gykjtCJasWsyBvQfJyszS5cN5BDocWbDiLXqjqID0xAz27NCZt+2s7TDtacqIgSOYMfElIiM2Ep8Yp+KBauprH6uC8Ha83f5Zx2y+z9SnTwu6fu29Xb97e1uP6rO4QIhGq6i+nqyLZzn6yQf89a23Ga0dg6GxAV26d+b5Z59lvdda/v7NZ1y5eonamtpHFi1eVVulHBAlLevG7ZG8uOgFLDTWmPQ1x9HOhbmz5xG1O4rMM6lU1VznJveflOph4VSvs7nzRswW4dSnT3iui/q2feRR3w+E1KZGtTsnfRdH+Ppgnh/9HGYD+mHU1QhJ/LVq+WoO7DtIzplsypXJ8eGJsxLbIwpCiWBOTk0heksMy+aswM7aXvlWmPc358UJMwnziSQuNp7C0kLFmGTyH2jMD2nnVsymrIKPmtOCPvXHp2jbpi1r3l3zwAnPH/b4JJWmtClm8W8+PcZf33gH85GDMOxkQO9ePRnznDvv+v6VYye+5frV6+pOs3TM/QAAIABJREFU9IcKgxyTG+tVCIIkvpJA2VlzZmHuaE7/4f3R2jmzbPEyoqOiyczI1NFaC/Fq1+tsThw/oS4gdLZxxsbShiki2Wx7wrFR+hzEy1euUAnPRz2GqO/7JQxZuBIzc+3iFb797Bu81ngzdfI0lVy7/4D+2DjasGjVIqL3R5GVo5NwZJHdb3+31xOTp9xemJiYqI5Ir8+erVIHiJfzSPORzJz0CmEbIjh57BRXr12jtqG2RTkdSgJtuTfq430fqXujDA0MkdsPvNd5U1JY/Mjd6G/H5b18lkUjTp6Xz1/hw0MfMW/hXGxtbVTIx4D+/Rj7/Bi8vb2VJbXgeoFiOA9rrmVTkStzhNFs2r6JmS/PxGLkSMz6m+Hq6spbK//M4YOHlTe76EeEJh+3wvof4VDPbI4fP47PWh/c7dzVhthCJJtrSIqJ5StX4ah5dMmz/hFyfunvQlDV1dVcvHBRmcUDfAOZNm46Q4cOpUvfzti527L4jUXsPbCHjGydWfxBFXY1dTXKvJ2ens6ObTuY86c5jLQdSTeTbgwfNpwZk14i1DecE8dOqt1Q3m8pEo0ev8o/5FoZH+w++sQ9iPUw/dxT9CVyTDpzJo9de/eyfPkbeDh5YtrHBNMBJjw/fhze6705deyUknAkH86DMBypK0f2goICUlJT2LpjK3MXzsPSygrT3qY4WDiyfMEKDu8/jOgHfw7+J1GuZzZijfJf64+HvSf2Nva0iKjv749RSx5L8qwHnoBmEVdC+sW/5cTxk/j7BDBx/CQkUryvaV8ctPbK0zhmf7TOLF4u7u735yMkEsr1outKi78zaidzZs9h1LBR9OrXi8EjzXnlxVcJC4rg1KlTSkcjJtwHIfj7hfPn6skikiPHvpi9ONk7tkgF8V3H0NRASVUV6VeucejTr3jnz2vRuGro0K8DPU168Owzz+Ln48c3X3+josXr6sVb9/7mWnAkSd1i42MJjgxi1uuzsLa2ZuDAQThJcvJ5b7B/1wHycvLUey1tQ5FxC0yiINanmHC1cWs5xyi9grilmr5/jnDEGeybL79l/VovJjw/geHmw1WaTSc3R1a8sZwjR46oS7+UDucXmiSF+IShxSbEsmXbFubNm4etla1KfGVlZ8XMV18mPCyS48dPcfXGNeXg93PwPqly0UHIjr1/3351SV1LNH3fDTeiNK5pkswANzl9/hqfHv2cFX9ZgZWnJT37dFdBrmOeHcN7a9/ju2++48qVK7prnX+Bh7ZsDnJ0ElcGkWgiNkUw5YXJWFlaMajfQNxdPVi1bBWH9xwlJ/20Cr6sq2uZmQeE2ejTgkpslIu1C5LwfPL0SYRsFp1NCmXVTzh51qNOeH43QnoYv8mRSvxwvv7ia2UWl6t+h/QbguR7ddE689abb3LksE7sFU/je+oTnYKwsqyS09mn2bZ9O7Nfm42FuQXdO3VTqS9ee/U1nXk7KYGC4gLllHZPbd/nrvugbcuCkl376JGjaFuo6fsfjVEUxvrMAJcvXObQx/tZ9t+LVE7jnt160bZTW7QeGny9fZW1svBG4S9SGgsjFtxIkrYdMTuYNXuWumaoV9deWA21YtWy1Xxw9EPl5SxMqSVKrnrc6Y9Rt2Kj9E594ycQHBFESk4yZdX3uA7uQqsP7GcjgZgi2Tg4ObZI07cekXd7ivRRU1OtzOInj50kxDuImRNfZMjAIfQz7YetjQ1LVixujhbPpKK6kp/KaSyEJCEINwpvkJaYzl6J3p63EGXe7mXKyEEjmTHxRSLDI4lLjOPq9auIjqYlE6DgTZz6iquLOfRxy3Xqu9v83v6bZAaoqKggJy+bQ0cO8r9v/B/PuD5Lxy4d6Gvah+efe5613mv4/Ou/cfnq5XsyiwvzkNxDkpxcpNdX572KnZMd/fv0w9nJmQXzF6rEVzlZOVRVV7U4Xdzt+JHPesnmlunbxlnlIJ40biIRIWFkpmU+kC/aAzGb73U2jyfh+Z3IeVjfxTQtjnaJ38YSsi6Q50Y/R9/eJhi0McDSfhQL3pjPwY8Okn8u/yejxesa6ygovkFyajLRW99nxdxV2DebtyUvzQsTZhDmE0HsqTgKy1qWefuncKkLVyjgwN/24eT8T6SzuWN3Faau4ubOXeKLo1/z9ur31FUlXTp3oVfvXowe78G7fm9z/MQxbly78Q+tbNKOKKDFmpSVkcXWzVt59fVXMbcwp//A/jjaOrJ8+VJ274siKytTd6/TLzyG/9R8PKoyvc4m7XiauhFTd5XLKCaNn8im4I3kJOdQVX7//kAPzGx01qiWb/r+qQkSJMsudeXCZb797Gu81nozdcI0zE2HYNbflFEaC5atXMKe93eTnZ2liOxOaeR287akd5z36nzsRzrQ37Q/w4cOZ8YLL6j4kpMnTimRuqUqg++GJ10O4lKOSMJzbcsKxLwbvD/5m5jxyyu4mH+Jjw5+zLIFK9E4aendrzf9zM0Y+/wz+OjN4jfELP5jxz+hFUnbKmlZt+/czquvzsJihAT6mqJ11rL8rWXsP7yD/LMJlJbdULR1J738JIx3MMnH9a4co/ThChvWbFCZ+tQlddMnE74xjPTM9Ccp2ehM38tWrlTXo7ZkP5ufmzA5e4uoe+niJb79+jsCfYKYPu4FdYtBl16dcHKyZ/nSJew9sJfMnEx1DWm9Sk/RQEN9NeXFRWSnZrFrWxRz5+iUwaL7GTF0JNOmTCcwKJBjJ48pHY14EguD+zmYWkq5LBS5aVQU5nLX9z+Lgvgf4U+Oz2IWzzudx8H3D7N65Vs4u7pgYmaC+FyNHzeO9V7rOXbyOy5fvaRTGjczAKkrx2RRBm/evpnXF76OpdUoZd6WzWXxgiXsPrKbnLwEGhqu03SzBWcLvIOp6XU2+hzE+ut3W4ifjf7eqCXqrGphMeqR3Ij5j4jmYf8uDEf8LYqKixEvSrk9YOL4icos3s/EFCeNA0veXMSeI3s4d/k85ZUVNNTXUlVyldOpSezdvpfFc5Yqhz3TAWYMGTGEl196jZCg/8/ed4BVdS3hvvfuvSa5SezSpZdD7703CwiIqFiwJcYkKkUFS9TEqLEjShNsN2rsIlXsYgOxAiIWigii9N6b//tmHY4i0agIAgn68R3YZ++99lpr9qxZ88/8E4T46/HMR9OTLBre+NK4UJ7W8dAQmJn23G0Urz9sG9TcyKJ3szOzcSriDFYt/Q3Dh4+AlLwkKwtk52CD37asxPkr5xgsTkGChCKRRXPr9k34b/eFyywXqOurQ15JAWZG5vCas5CloaSmpaKsvAjNLwhK77hIdN7zd9YnbxvFg74JjdLX1efG2XR1BDEP+p7Psr57noP4TZPGszgIBr0ccxnr12zAGAeCxTWhoKAA82GmWLB0HkJOhOBeUgryHuci6cY17N+zi1F5GhuaQEpKCgZG+pj27TRsY/A2V9GQ8/hNbXb3Y+SfKC0sRfjRMFiY9HzLhjfe1C9K1H2SloXTEWewZNkSmNuaQVpOGsqqirBxHIG1G37DlUtXkJWehedPcnHvdgp279jN4G0NHXW2EI20HIGl8xch4ugRPLyXjMryzicn5/WhIz9J9lvTgnY7ZUNZ355eC9Eds74/ZiIIFqdAtksXLmPzRh+MI1hcXhVSLfQUrgvn4OCuA7gSegU7ArYz7mU1HXWIiIqAIyOHmd98y+DtW3duMd4a2jp9zPN06bWNTajMq0T0oROM8Lynb6NejmVLPE11dQ1ysnNw/MQxLPh5HiyszFltbWFhYYyytWVpGadDzyAu+hoOBR/F3G9dwZGWg/hQceip6+Fnj2W4EBaFvGfJLHubEV99QKzOy+dps6351Md526iX0Le+RfezbOZ5zeuWfDYfM1m06pHCefbsOa5di8fmTT7MaaysqAJ5BQ4MTQ0wY/J0eM72wmRnF5gYm4Ijx4GOuh5LqgzaFoybt2/ief5zllTZExyEbxsv8lMU5Rbh+MHjMDfu4Q7iN7zQNNdEL/Io/SEiIiOwctkq2FrbY1D/QZCWlITtCBt4zl6IlQt+w5wpczHcZDikJaUZSZebqxuOHzyGzAepqKmirVP70Zq3jf+nOs6zbBLjErsv4bm7Vw9JV3iDoL1rIknbUwTxlctXsW7NegwfOQJyHDmICAqzWBw1FXVGqi4tIc1oIqY5TUfghmBcu3YdxeXF3T5g7139p+8Z4Xl+Ho4c7j6E5+/z3B9yDi0GtKXKyXyGC1EX8dO85ZCVlsPAAQMgzC8IbRU9WOgNg7ayLtQV1aGrowdX99k4HPIH7j9MYQgXKa0PabO7ncvz2dyLu8eg72H6w6CvYwBnF2ds272NkcxVVHdRUN+rrG8vmPSARMz2Ti4F3mVnPcXJU9FYtGIhho20YtUpBYcIYtDAQRgwYCCDPZ0cHLF5nTeuXoxDTk5O98veboeypTEjB3FpaSnCw8K7DeF5e+fybdfxKh9QPa6nGU8RdjQc38/6HprqGizeiiqAigiIQkxYDEb6hpj9w2wcOrQLGZm3UFaeB8qr6snWK40LD/p+lYg5AobaRhg/bjy2Bwbj4d2HLB7tbWP4ruMfGWfDLb+7wOvvrWxIiEgIk+8lI3hXEKuzTWZ0v6/74V//+hc++6IPOAqy+O77b3Do8AFkZWehqrqKyyXbzhf8XRP3Kb/n9f9E5Iluy9TXUePBts9VNbh98zY2btgAK0srfPnfL/F//8//xeeffc4qgZqbmGPV8tW4cuU0Kuuz0YiqHm3R8MaO+WzKS1kZY+8N3hhuMgKGmoYYP3ocgrcGMcJzeg9453/o50cqGy707eH194C+3zR4tOLVN9axsPSkW3exM2A3XCa7QFxWHP0H9cfn//0cXw38EnLqspj6gwv2HPod6ZnpH0UM/abn6Mpj/xxlQ0mVdSgvLUfc1TisXrUKFuYW6Pt1X/Tp0wdEGjZk8GCY6Jhg8ZyfEB4VhqyyDFQ1VXQa49+nnHdm2VSUgUCNLT5bYG1kDX11PYx1dIKfny8S7iR8lFx/pLLJQ0/OjXrnRKIJNS+qUVidj8T7CTh44BCrVmhqbAZhMWFIykhBhsOBsIQIxDhiMLDWY3WpQkNDWKQxWTe0BeHB6e9sr5taQf8EZdOMJgDVqKzKQ/LdBOwM3gHn8eOhrqIOcSExKMhyoKqkDCkJSajIq8LGYhR+W/0bLsRfQE5eDjd5swciUK1lkjmIK8px92YSAjYFwMrQCozw3Hkc/IL9cCe5CwnP8/O42yjK+v67Qd80CZR0mV+Tj8SsBOwN2QPXea4w0DeAtJQ0ZKSkMWKYDSZNmAITY25shqC4AAxN9DHfzR2hIceQkZnB6lK1ntCe+DspG2Kfi4rsvoTnHzuuDU31qK3NQ0bGdezbtwuUmU/pB4z4St8E0ya5YOb0GaAtFKWgiIqIsuTNzZs3Iy42DkX53GxxGquPfZauuv41B/HabaDcKH2qiMmjBe1qwnOKs1notQTm5lbdrrpCeyeNEjMJ7qXkzISUBOwJ2YPZHrNhbGoCGRlpaGpqYMJ4Z2xdtRWhwaHYuGw9Jo6ZAHl5Dvve2MgI8xd54HDYQTx6/AhEfk2Z011RC6i9Y9D6OnqBisuKERp+HOZmfz/om+aaaFsTbt3E7p3bMP3bqdDV14GYkBhMLEzhsdwdew78jqMHj2LlT6vhaOPEFhwVZWU42Nlj04aNLPCPkjepkGDrsetJv5OyodwoSlfYsmYLy43qVhHEMTEx8GJBfRboyblRPKHg+mjqUVpSisepmTh0+DBc57vByMgIkhJSUJRThPO48fDbshV3zt1Gyd0i3Dp5Db5rNsPWxhZyshyIi4rBdJgpPH5yQ8TJcGRmZTILp6eueixdobgIx4//PdIVeHPNPpubUFpWAqJt3RG8G9NcZkJJRQOSUrLQUNLELI8fsffsQdx/8hDZj5/iQuRFrP5pDSxNrSEnLQcpCSmMHePEGP+uX7uOgvyWbPEeuKViDuKyUlyPuw7vNd7cWt/dLV2B6yA27nF8Nq8JXYu/hFtupQCJt5NwbG8oPObOZ4pGXo4DzRZycn+fQFy/EY/cnOeoKa3Gs8c5uHD+PFZv+g1OY51YmRglBUWYmBnBy3MBjh45gkePHn6Uc+1Nz/qpjlFGe0V+BaKORDLC879LBDFlb1dVVOF20i0E/u4Hl+mToaWqBxkRLZjoj4Krmzt2hxzCzewM5FdVoLy8AtkZT3Em4izWLF0HR5sxkOcoQEVZhW2pNm3chMsxl0B1qSjH7lPNT0e1w9tGUW5UwJoAxtTXbSwbLp9NDDxYbpRx9y7l8g7nK2/rRCVA7iTcwd7f/8D8Hz1hbmTJyq1oKmuwLPDATdsQdyWeJSbWtuQ61VTX4PGzbJy4egFrN2zCJPsJUFdUhYS4BKzMzOE5fx6OhR1lEao19dUsHoMmtqOEpLPvw+gzcssQeTCixxCe/+WYkNVR14Ti/GIkJSVi+54guPwwCVp6GpCXVoKh9ki4/uiFY2F/ICnjHvLr61ELoIHlUtXgSXoWLkTG4Ndlq1hVS448B0qKinByHAPvDZuYZZCTn4PqF1Xc7fM7ZO8vn/UTXksyyaMF7YbKhksxQblRPaG6wtsm9eXWqawU9+5SFYQ9mDN7DiN75sjKQ1leBVPHTUfApkBQ3ggx7LXO3qZtRkl9LR4WFOLCpXgErw+Es8M40LUcOTmYWZpg/hIPHI86hidPn6Ciuv2xCm/rQ2ceJ58GLSxHD/2Z8LykqITxtXRm+x16bzShvrYelc8rkRCbyOguJ383GWr66lBSUcYwy+GYv8gTR0L34enzBFTX5aOOyLJeNLNFgjH+VVQgJ/sZTpyIxs8rf4bNKBsoKihDkSMPJ0cnbPbejPNx55FdkYXKhsoeE+zH20ZRUB9to15STEx1RuD/ApBEHMTVXcRBzI0gjgHL+jY36Zk+GzSh9kUtCmsLkfQgEfsP7MfsH2ezcq1iQ0WhpaKNyY6TEbA5EHFXrjFFU9Pw5+xtqsZY0tiApzl5uHHhGnxXb8ZEh/FQVVBmVRvMrEyxcPEChIWGIDX1Eaqrq3sMLP7SZxNy/LUI4g3r1yMvP49Rm3aoQujM1Zx8NIWlSIy9ix1bd2K881goqqtCREoWZmbWWLzQC+En9iPtyU3UNxYCoO3Q6wgTjQelNmRkZODUqVPMwnEY6chQKtpS2dnZYZ33OsTEx+B53vMeA4uTsuFlffuu8eUSnmvpYrzzOGwPCma0oASatHeuPzLOhsdn494z+WxaSrsUVBcgIesOg7fdPN1gaGjEnH8cKQ4mj5mCgA3bXtV1aqh9a0nchuYm1NTWoOBZPuLPxSFgvT8cR41mGcQEl1uYmmKBuwdCj4dyy8RUtn+VaO+Et+c6cmxT5ChFELcmPF+3bi2e5T3r1pUhXvWXWwWhvLQMyXeSsSNgN2a4fAt5WQ6ERSSgrGaIOXM8ERpyFE+fJqG+MY/4G9H04s/bXbKEm5qb2IKRk5WDM+Hn8NtPazHSyhYKHAW2fXZqcRpfu3qNOY25danaVybmVR8693qez+Y1WlB1HRAH8U6/7XiUkNp1tKDEZ0NoFKUrmJl1/yJ1rSeN56MhCyPpQRJ+D/kd33p+A10rXXBk5WCgZoApjtMQ4LMN8fE38Cz3OZecvM0q1/qe9DuZ2dU1tch8Xohzsbewbt0mODk4QUFekcXmGBsaYN4idxwKP4S0J2ktLyrx//9ZqNveu6v+bq1sLFtVV6Bw/sKCwm4P91JJF0pDoFX7zo1EBPvvxCSXKdDU1YKYmDiMDc0xz2MxjhwKxaP7D1BVWYym92DYo3tWVVUxH865yPP4belajB7pCClJaSgrKmOUjS02btjIysQQSsVKuHTjeSYZ5EHfRAtq0VJdgZTNtsAA3Eu591EugI+ybHjKpqdB37QyUQE5grczU5/gyOGjcFvgBi1LLQyVHwo1RTVMGT0NAeu4zuBiqr3d+H5Unkyw0YzSFy+QVlKOU5euYO1v6+AwYiQUpWUhIS4G0+EmmLfUHZEnI5BJJOrE+NeNM4bfpmw2b/RGaVFpt/bZNFDWOoDiygr2suza/j9MI4tGVQViclLQ0dWDh5sbIsKOIf0Rt65TYyNZEO+n/GlsaEv1NDMH58IvsNriVi9hcUmMdRoLH28f3Ii/gYK8XDTQFry5e7L38Xw2POiban3raehi3FgnVngvsTuUcuHlRun0EFpQVm6luACJd5IQsjcM8+d6MnhbVk4a6mrqmD5uBvw2bEPc5Xg8fZrDLJq/KuHS1uKgWkV1L5pQUl+PB3n5OHfxIoLWrMY0B0eoK6hBQV4BxqbG8FqwACEMFk9F+UdU3mzbfkf/3VOVDSn+mqZG5Dc0I+5RCgL3BjB4W01NE4JDZaBtYA4vz8UIDz2E7KwEVFUTOfmHZW/T2JADvaKiElkZ2TgTfhZrflrHLBziN+LB4pu9vRF76RzKC56goY5oGl73A3X0nLXnfrxtFEHfgWsCXxapc3YZj4DdXVykrjX0bWRm0u2h7+bmZhCMW1RShDuJd7Dv9/0M3rY0toKUuBQ0FAnengT/jdtwJSYWZLmRD6Y9WxwSdMqKKmlqwpP8XMTGXIDvmo2YZDcBKvIqEBeTgKWZOSv5cSzsGB49TmVbKhLe9rTXHuF632t6nLKhWO3mJjTXNaOooBw37qUjYP8+uMx2gbquKiSlZKClbYLvf5iH40fDkZGWgvqGAgA17Y7ypjHiUYyej4zBL0t/xbARwyDPkYeigiLIh7Nl0zrciruA5/mZLOeORZV3pjP8A+9NcseDvv3X+He3OBse9E25URbQ1tbttoTnPHib9qT3ku9hz549mDtnLvR1DbgogrwKpoydBr+NgYz46jnPR/ORuS51hH401CO1oBCXYq4jeH0Axtk7sTapEJ6pJW2pPBAafRxPsjNRWVmBxuambgWX0otERN9REVE9o7oCwdt19ajMrcTdq/cQ5Ps/TJ0xE2p66pBVkIWZqRm8FizE0cNHkfYonVW0bGDb5PZbGyRftBUmR3pOFsHiUQwWt7W1hYK8EhTlFTB2zBj4eG/C+fhzyK54isr6ym6VLU7bKHo//gR9T3NGQFcTnvOgb1br25wsm+6pbEhj16IWBbUFSHiYiD8O/sHiaIyNjDFURASaypqY7DiFC29fvYa8Dq69XYcXKG1oxNOc/Jew+CSH8VBWUIKktCRMrUxYbXFKB0hLTUVVN4PFWfG9nlLrm2yTF00oKylDYtxd7NyyGxOdJkFJSR3CErIwpCoICxYgKvIQHmckobKyHA2N7Vcyba1DUji1dTXIeJyBU6dPMYpRu+GjWcyVspIS7EaNwlrvdbh0/RKDxRsaGrrNwsKDvnm0oN2K8Jy7jboAd6/uC33TqtzU1ITCKi68vS9sH5iPyYjgbQ6DuKk+lD/B21fjkV+Yx6Xy7NDclma26tGWLC8nD9fOX4P/Oj8Gi8vLyUNWWgbWJqZY7OGO8LDjSM9IR3ll+Vsh9rYC3tl/Ey0okb9TIqKpsUn3rRvVzLVoykpKkZSQjO3bdmPG1O+gJK8I4aESUNY0xA+zaet0BE+zufB2Iyu38n7O4A8ZZ0Kpcp7k4HToWaz66TcGi9NcS0tKYdy4cfDZ7MM4c/Lz89n2i7Z9H3L/zjiXFuWKsgq8hL71rbsX4TlB354EfZt3v0RMGjxaaepq6pD84B72Hd8Ht0WuMLM2Y+VW1ZU0MNlhKvy9t+F6/A3k5nVm7W2umV1VW4vH+SWIibsDv/V+mOTgDCVZDtQFhTFaQx2LPOficMRhPH76mBGlk1BRPzpDuN73nuTnKs8tR9SBKFgaW7ymbMqKyroFGkVj1FzfjKq8aiTE3kFgQCAmTJkANW11Bm/rGuljtqcHDh49gkcPH6KqqqQF3iarpuPHl8asuqqalYA5F8WFxe1HjOYm8yoowmakDbw3eiP2SiyKCoqYk7mr57n1Nmrzms2vIoinOyNgTwASHiV0XQQxD/rmlnLpXsqG56MpLilG2qM0HD58BO6eHjAbZgaOIgeK8kpwdpiIgA1BLNepsLQIdU0UB9zxgsd7qXmweAmAzJIKXL14ExvXbsIoGxtoDRWFLr8AhlkYMB9O1KlIPH6Sya0t/pF+I1777f4kX0RRJU4ci3otEZOoFSjpkFI32n3vD3Ri/lU75YUVSLlyHzt9dsLFZTIUNRQhwZFkRQPnuM/Gkcg/8DD9HvOrNDa9P7z9V23+1XcUy8UlUc/BubDz+HXxaliZDWM8OUTCNW7sOAaLE9TMssWpHngXWjitlc3LdAUdPVYja9vOFsLzqi4iPM/L40UQU3WF7pX1TdnbhDrdvnMbe/fsxdw5riwyWFZODhqqmpg6dgb8NwXixo2bbO9cU1/7yfbO9S+aUFrfgNT8IkTFXsZq798wzsEB2hwVyMvKwsTECAvnz2eweGpqKqvu8FdC3dnfNbyoR1FNEY6fCoGZxauKmN0lgpjV3q6oQNKNuwjesB0uY6ZAXVUN0tLSMDU1xyKvxQgLPYQnWbdRVZPPaF47e8x496fUhspKqi3+FKcJFl+6HvYjHSArKwdlRSU42DvAexNZOFdRXFQMqrzJu/ZTf9JCy9tG8aBvXYqzGTMWO/y341HSo66LIOZB38xB3E2gb1pNaOtEAXv3ku5j354/MPP7mdw4Gkk5aChqYuLoyfDftA2xl+NY9nZd46elAyALpx4vUNzUhEd5z3D60mms37QO4ydMgIySJsRF5TDKwBhLPVwREnoUqZm8SOOu2VKRsimuLUboqdDXlE1X50Y1NzXhRf0LFOcV4/rN6/AP8IPz2AmscqmElAQsjS2x2H0Jwo+FIz31PurrCN6m4MxP7B9pgcWz0rJwPuoCfl66gsHiFIfDg8U3bd6Aq/GXWaR6Y0PjJ1v4Wis0Uja83Ci/NX6wMrCCrrouxo0ei2D/IDy4S9HVXZYb1b2gb7Z1aqhnSMSD5IdRbrm4AAAgAElEQVQ4tvc45s9dAFUdVcjIyUJHWRfTnWbAb30ArsVeZxYN2wJ0wTaFsojrm5tQWV2Fp0+zEXv9Enx3+WHYhOmQ5ejAUEwSo0304Emw+MlQPM56zELjm5uaP7mpzaDvygpERb0OfXtv3ISuyvpupARaqr1N2duXE7Deey1sJ9hAUkkCgpL8MDA2wC+eK3D26Fk8fvQY5eVlIHi7CR2HPLV+Ud/1Oy2AxJ1DuVSRJyK52eI2tlDkKEJRQQGjx9tjre9qXIq9yFJACEwgeX7XfTvy+z9to3gRxE5jERgcgLsP76JL60ZdiIlBd7BsSCtTSkFhSSESExOwf98BuP/owQq+CwjzQ01RHdPGcBXNlQtXkZvX9dnKZOEQUkaVN4vLCnAz+SbWBwXAecoUmKipQ11RBmajzOCxZB4rEPcs5RlQBjCF8wlXZ1I2vETM1rlRXZauQIoGQG5VDa7FJMJ3tS9G2A+HgBw/vhb8Elq66lji7olTx04i60EWKssrGRdNV/pDSCnQOJISIW7q06fOcGHxYfas2KGKijLsHe2wbtMaxFw+D4rzIifzp1Q4PMvmNehbWx/jJ41DwC5/cNMV2p88/NG5UVRdgVsRs+t8NjSJtHIUFhUhMSkJe/fuBZVFNTI2gry8PAugm+g4CX7rAnHl/FVWQK6m7s80ER25SnzIvUig2KpSWYrrSXEI3O2PqdNcoKerA1UVJbZ18ZjjgbN/nEVuci578Vn06SdyJr6mbMwtwDdoCKtz7bNx86fPjWpuQl1dA56XV+DyvRRs9t6G8bbOkJSVxECRAVBUV8DcH+Yg8kgUHj/MZMGIlE7wIfPRmefSXBNK9TTzGYPFVy5ZDRvrUVCRV4MyRxljxo7GbxtW4crVK8xpTHJK49+Zz8S795t8Ni+Z+v5H6QqJ/2w0igaIrAMiREpNScfRvSGY+70bDAwNISYryqBPF+fpCNgaxJzBBG9/ygnkTeS7PpvxglVzqKgqQ9KDBAT/zx+zJk6BuaQ2FISkoaejB7cf3HDkwBE8yX7CEknpnuSjete9P/Z7EnbaAkRHRcPS3AKCQwTAkeDAb7PfJ1U25Gt50dCM6vwaxF+7iTW+GzDK0Y5ZBkLCwjDQ0ceyeYtxPPQkkp88R3F1DeMM+tj+d/T1tDASuyM5jc+fuMAoRu2sHSAlIQ05WRkMG2YF2qJS1QZyGpOFw+S8A5G7N/XpT9sofcvuGWdj2gVxNvQSEFxN8Hbqw1QcPxSKha5LYG5oCRkZWSipKWPC5EkI9A1GXFw8CksLQdGwn2Li3jSZ7zpGioP+lVaX4WpiHAI2+2KWzWToyKqx/hiaGcLD0x1R0VHMh1NZ82nC3WmcqfpARFgEI8/iH8QHSRFJbNm4hSkbioJ9V98+5ntuyABtnV6gqKgSCRfvwnfTVtiPs4WMtDQkBMRhoGOABXPn41zYaWQ8yUVeQyNqgO47183NqK2pZQrnTNg5/LJwBawJFpeShYyUDCPV37p5KxiJeh4liNZ3uq+utbJ5Lc6mu6QrcLdR7gz61v7EWd9UNqOolJtUSfC22xw3GBuaQEZKFmrKapg6cTr8fYNw8/Zt5BZwfTSfyiT9mJersrEeaaXFiLl9Hdt2+GPqVBfo6OqCo8JhqQ2LPBcgLCwEmdmZrExMZ/eJIoiJke/I4SMwMzZFv6/7YkD/AYw6gxzEnb1NIWVT29SIvMZGxCU9xObVvnCwdYAkRwJD+4vCWNYEi1wXM2WYQ1n6dfWoayJ/xydGnT6wPYLFq6oqWdUGbrb4eowaZsddKBUUMdp+NKvaQNU5ycLpbBL11tuobWu2dbdEzHxGnsXNjTL9ZLlRbOtACY7FZUhJuo8/9h7AzB9mQt9EH9Icaaira2DiuMnw37INsVevMacx8df0lLpNjGK0qQlPy4oQf/ca/Hf4YuqMqVBW0YW8hAIcDIywfIE7wqJDkJGdjuraauZI7CyLjZRJcW4xQg+GwtzYDP379sPgQYOwbs06hkZ1mrKhGWtuwou6ZpTkl+NSwm1sCg7CuNHjISkjiUHig2CgZQDPmV4IPRiG9PR0RgdC1iFzvn/gy/8xC0S7riVs7EUjAwiepGXhbMR5LF/6M6xHWIPDaQWL+2zAlfhLyM1rcRp3kg+HLJvW0PdLDuLuYdl8euibbZ0a6lBWVgouvB2KBW4LoaGnAXF5cQZzu0yZyhTNtWvXX5KTt0sYukhYaUUm0ieiGS0uL8K1u9fguz0QjvbfQFtCFyZDJTHaTB9ey+ch7FQYqy1OFStpb98Z/aT7VhZU4sSRqJfVFYYKi7Bw+04lz0ITaItW8bwCiZcTGa+vvbMDS2DlF+OHgrEC5i+Zj+jIaGSkZnAd593IGfy+c8G1cKrw9MlTBosvX/kzRo60YRSjPFh83dbVuBJ7mcHi1bVEwNXxVlvrbRQvgliP6kZNcca23QR9J3U99E2lXD4Vnw3FxRSUFiAxKQEH9h6A2w8eMDe2hISYBFTVVTFh8gT4+vkzHw1lb1MkMU16Z6367ytQH3oerczAC9Q1NSCrrBhnb9/CRt8ATJ84Faaq6lBXkoO5rRnmLZmHg4cOIu1uGqqKqxgq19F9JeKwkooShEWFfrKKmNQH+kcRtQlXkuC3yg829iMhLiUGiQES0FLTxiyv7xB2OgzPnj9jfMBM2XbCS/ihc9eu84m/uqYGjzMf4wzB4j+twihrrvNbmSpvMlh8LYPF8/JyO2VhoTF/jc+Ggvo09TB+3DhsDwzu2qA+yo0in80nKVJH5OREfFVUjMTEJPy+dw/mus1l8LaSghK0lLQwebwLfLb44HLsFWbR1NZ/2sjgdgnZO6wnSm0oaW5GakkRriTGIXCnH6ZOmwJ9PV2oqSjD3MIM7q5uCN13HKlJj1hNbrL+OtKPw9IVagtx/DQ3XYFv8BBIDBWHz0afTkGj6Nlp7qgo3KP7adi+ZRfGj3KGGEcM/IJ8MFe0wLxv5uFgyAGkZ6czBdtTtsh/JSOEUhEnNqFUJ4+fYblUttajoCqvBlUFFTiOI1h8Na5eucpK61DMTkdaOKRsKF3hJVMfL4LY0QnbeekKldXttp4/Os7mVfldy04r5UKDQBNRW1OP9JQMHNsbgh9/mA0NAw0ISQtDVUsN0ybOYPA2ha3nMZqInq9oSDBpS0X4WXVTPcprypF4/zaCd/tjlvMUmElogyMkBSM9fSyY64HQo8eQnZP9Ehb/K8H+kO/o5a+oLEfUiUhYmJtDaIhgp0Lf5JBmjv+bCdi55X+Ma0haRhqfCfeBvK481i5ah4vHLyL9UTrjbyYfHv3/kD5123NbLBwq9Xsu6gIjUScLR1pSmiFvw4ZZs7pU8dfimb+sI2Hx1tuoTWs2gXEQq+tirKMTArf5I/kBRRC3v+ZZhyibzqyuQIJOzt2i4iI8SHmAkIMhWDh3MYyNTCAuKw4FDWU4T54Ef1+uMzi/iBLtui+83R4hpy0VvUz0r6iyGJfvxMF/81bMcnCBjoI6lOQVYGlqhoVeCxAeFY60x2kgWLyjrJuGF40oqypHRIuy4Rs4BBLCEgz6ZmhUB0LfJPCl5aWIvRaLrZt8MdFhMuQk5TGEfzCUdRTxo8cPuHjyIgqzClFdXt0p24n2zFFHXkNzTVuq7PRsnAk7i18W/YoRFjaQk5IDR0YOE5wnYIvPFlYwsaAFFu+IuaZ2W1dXIAexnqYexo0fC/8dXRxB/CnIs8hHU1xWjDt377Dsbdc5rjAyMIaUpBRUlJUxecJU+G3dhhu3biGvMJ+Z3x058d3pXqR0KhobkFpaggt34hG4wx9TprpAV0cXchIyMDYwhJu7K46FHsPjpx0Hi9M2qrCuECFnQmBmaYq+BH33I+h7bYehUYTK0AtDztJHqQ/gvXEDbEfYQFREDF9+8V/ISkpj4VxPnAs/jdwcqlLQwA3Y66k+mndsn8mSJwIusnC4danWMQIuqj9GhPmjHUZjizdX4RQXFaG2/uOzxUnZ8LK+g9YEwZrIs3TIQTweAV0dQcyjBZ3vtQDG5qYdu40iWLCpESVlJUi6n4R9B/bhx+9+hJGhEWTkZRm8PWm8C/wYvB2HgqKCl9sHGrTupCQ68lnqXlDlTYLFCxGfeA1+O3zxzbSpMJBWh4oIhzHpLVgyH8dPHuswWLyRHMQ1JQz5Mrc0Q/9+/TF40GCsX7MepRRn0xGWTVMTm+urt67AO2gj7J1GQUpWEiJCQjBR14Dnd98j9GgUC9irqSOi1e4bsNch892S+0Y+HILFz0Scw7KlyzBsxHBGok5+SioTs2nLRlyKu4i8/Fyu7+ojlG9r6JtXEfNlukLXcxDzoG+q9d2xhOeEIpWWliIlJQUHjhyAx3wP6Gvqsb2rmrYqJrm4wHdLIOLiryO3gFt7u0Mm+R0rTle3wWBxRojehKKyIsQmxSFgmx9mjZwMM2kdKHEUYD7SHJ7L5yP8VBjjwq2urEET1UJqpyCStVFeXo7IiAiGRpGiYdD3ho+vG0ULA8XplJeU486tO/h5w3IY2xtDQl4CImJDYWJshA2LF+H6iRN4mPWURQbXUgWKbj5PHSUnNPakcLIysxARFYHlK37GyOG2kJdVgJKiIsZMcMC6rb8h9tqVl9ni7W27tc+GB313I2VD5Fkx4ELfxh1SyoWcfeSjKSgpQOLdRPyx7w/M/n42jPSMICo4lPHJTpjsjK1+voi7Fs/Iyet6KLzdXqHgweK1jQ3ILCvGuVvXEejri+9cpkJHUwfyyvKg2uIenh44dugY8u/no6mUm2HeHtSGfGAFhQU4dvQYzExekWd9bNY3KRr6R6H4CfFJ8F3rB2u7YeAX44PIABHoqunD3dMNZ09GoDT3OSrr6lANsBik9o5dj7yupdQvweKnT57Br0tWw9bKnlk4yspKGD3anlFsXLhyAURox5zG7ciZo/kg6DspLgndrpTLK+h7How6gKmP9uyNFK1aXIzEhETs/X0fS0Ew1DNkxOSqyqpwHj8ePls24/LVy3iW//xlHE2PFKKPXJ2pTExxUzPSigsRS7D4Lj9MIVhcQxeqskowNjbCPLd5OH/wHJ7ey2aMcR9SbI83pmR5FOQW4NjBYyxdYcigwRAVGYqPUTY01xT5XFJSgvsp97HNJwhjhjtBnCMBPuEhsFSxxPxvFzCrNu1JKneL8JHjxetPT/xk41VTzQrhESy+YvFqjBpmD1WOKtQUVRksvnrDKlyOvcTCPtoDi5Oy4UHfAWsCXqYrTJg6AUF7gpCcmoyKmi6jBc3DxZiL8PKiulEEfeu1u24UdZQLb9cg48FjhOwNhftMD+hr6GOouAiUtZTx7bffYPv2YNy4daOl3MrfA95ur/AzWPxFM2qa6lFZV4mE+7exbZcfZjm5wFhMA6KCgtA20ISn23xEhIQh53kOaqj864e+tI1NqMitwImDfyY8b28EMTn+abG6FnsNvt6+sBthj8FDhuA//P8BR4eDtYvW4lLoJQZvV1RW/H2g7Q8d+9bnt1g4VOqXGP9+W7IWIy1sIS0pw6o2WI+wxFrfVbhy/RKKi0s+GKljSGBZKXjldy30LVjW94RpE7B7325W9YMWiA+Wn5Y+dBD07QlTM/N2O4gJiaCtExFf3X94HyGHj8Nr9iJY6FpCVkIOqmpqmDh1EoJ3bMeNmzeQX5jfbUi22zvwHXkdbzuSX16EmFuxCPD2xw9jpkNdWRlyijIwNzPFQi9PhEeGMx/Oh656tAiQTyUyNAIWpuavVVdoj7Lh+gZKcfnSJWYdTRgzAQqiChj81WDIa8tjhscMnDtxDvlP8lFVXtXpiZ4dORedfS9m4VDVhrQsFvi33GsFQ6kIFpeX52Dc5DHYuHUDLl29xAi46uvr31s58JRNXFwcNq7dCGtDaxjoGMJ5kjN27NqBBw8fMAL+9vbxo5RNa+ib6A/am/VNiqaYUKd7Sdh/ZD/cPdxZgp2EsDiUFVQwefxU+G8NxM3bt5gv5+8QGdzeCXvbdeTHKW9oQFppGa4k3MGuXTsxbdo0UP11aTFJGBsawtXdFVGRUcyioIz5t92r7XEGfdcUIuTUMQZ9v9pGfSB5VkulT/IBpaY9YtUhHR3soSirAMl+ktAR1cPcuXNxKOoQsp9lM6c2Kbq2z/NP/5vnNM7OIFj8LLNwhlmMgKy0HFQV1eEw2oFLwBV7hWWLM3qK1hbSW37nOYivxV2D91pvjDQZCSMtY0Z47uvni9uJt1FWUdbu+fhoZRMTcxEfA32TMJWVluN+0gMc2neEbcNMTEwgKysLTU0NTJkyBQF+gbh6NY4bGdxY16kZzj1ZkOtevEBpYyOelz7DrcRLCN4ZgO+nfwcDSQ0oCstCT1cXnovmI/JUBDKfZqKqlktezbLo3yKANB4EfZeWlSIiPBwWZmbgH8wHGVFpbPXe+v7pCoSENTWhrLwMl29exqbADXAYZwcORxZSopKwNLCA11xPHDl8GA/SHqCytpI5j9vj0O7Jc/i+z04WDsXhZKY9YYF/Kxb+CntrB6jIq0JJiZtL5e3NJeCiMjHvkzfGcxAnxCXAb60fRhiPgIGGAcaOdoKfvy8S7t1hxRPf9xnbnveRyoYLfS/wIuj7w7ZRNFi0upIQP0x5iON/hGLhnCUw0jSGlLgU1LU1GK1CUHAQ2zpRCgKzaD4h927bweoJfze+aEBjUwmKS9Nx8+417AzahR9GToWBlAbERERhaGGA+cvmIfxkONIfp6O2qhbNje8gUW9qREVhBU4c5daNEhjED5mhMti66f2UDfPHEQEXlcS9lYgVG3+Bib0RJDjiEBERgaGOIRYvWYAT50KRmv6AUXm+72rcE+aks56RZ+FkZWTj9PGzWL3kN9hY27JSv0oKiqwu1ZbNPrgef50Li9f8NYk6zRMvqI9KuVgbWIOVchk7FgHb/ZFEtKBd5SDmbaM8vObB2OwDoG8irG7gkpMnpSTh4OGDjPLSRNsU4sISUOIow2XyNAQEBiL+BpXEzWfnk4LqrIn7u9yXtlMvUIeaxkqWLX4pIQG7du/CrG++YbWUKH5Fz1IXbgtccezAMRSmFKKxhMvh/DYrghCs4soihJ0Ihbm5GQb07Q++gXzYsGbDe0UQM3i7sR6JN7jw9kj7EeCX4IfIgKEwUDTCfNf5iIw6gGf5d1FZVdyhtbf/LvP6tn7wLJys9GycjTyPlYsJFh8FeTkFbqSxvQO2+mxljnheITzykb7pfrxt1K24W/BZ4wNyEOtp62H85PEI2N3CQVzTxYTnlPVNyob8A66zXREZEYmcZzlcM7iNeU6DQxqZvOVJCUnYv/8APOZ5wNjYmNW8VlFRYhrZ1yeAbZ1y87klcd80OL3H3s5pwoPFM0oKcOtRPHbsDWQ+HBU1TYhLycLI2Bhebl44u/8sniQ/YRSVbxtPIlenInWhp4+zLPP+X/fDoAEDse4d6Qo01zX1NYy2lYIzt20NhuMIJ0gqSGKIKB8staywcOZiHDt4FOlpCWhoyENTM6Flf98I8LeN8cccp/ephiKN07NwMuQUflm8AiNHjIScnByUlJTgPN4Z3t7euBp3hVuQkcrEvGHh5imbm3E3mbLhkWcx6Pv3INxLvcdy7tr7rB+1jSLokgt9L2yp9f3X0DfPnKaBefyQC2/PmzUfBtqGEBUXhYKGPJynjYNPwGbE34xHflHB3zrXqb2T9j7XcWHxF6htrERVbSbuplxmTuOxdt9ASkAHQwWkYWxozBaH8OPhLzOI3xRlTIJZXlmOyCjK+rbA4IGDICwohE0bNv2lz4b4nglhvHHjBnx9/OBgMxpDBvPhM4HPIKsvh1UrV+Piqct4nPoYFRWlaG4mp/WbV9336fM//RyKNM5+nI2TJ09i2a/LYGltBWkpLiw+wnY41vmuweUbl16SqLcdL9426l7cPRAtKMuN0tUHQd+79u1CakYqi41qe937/v3Ryob4bMhBbGpm9peWDQksOanIR5OUkoCDBw9gwWxPWOpZQk6S4G1VbsJXsD/ibsTieQE3YO9NGvh9O9d7HlVfIJrwEuSVZOHqrVusEui3jtOgqaQGBUV5GBoZwGuRF6JPRONJ5hNWm7qtwuFaosUIDQmFmanZe0HfbJWsKGMQ7CbvTZjgNAFKksrg+5IPynrKmLHgG5w6dxq5z/O4dZ06Ir+qjRX9T5t/AlvIaZyekY6IqEgsW/IzC/yTk5aDvAIHjhMcsNFnA2KvxiI/N58Rk7V+v0jZ8MizqCImy/rW0sP4ieMRvDMY9x/c7xnQN3NmVVUzyHP3we2YOXcGdLV0ISEkDkWOAsaNG4utW31wNzGJRbqySpX/cOHpqJel+UUjSpvqkVlGqN91hO/2wZRJo6GirsycxgSLu7m7MYVDfri2sRkEVVMJnMMHD7NEz1fQ99tzo8j5n5aWhg2b1sN2FDktOZAaIAVtER3MmTMXB6MOIutZFsvXai3wHdXnf+p92HtGFs4TgsXPY/WSNbAytYakhBRkZeTgSNnim7fgRvxNULY4OeJ5aCQtEGQMxMfFg/hsLAwsoNfCZ+Pn54c7CXe6P/RNFg3xZJBmPHz0EH6YPQu6hjqQ5chAU0sTU6dMBeH4V69eQWFhIZqbe/fsHfuyNKP2RTPKKeGxNB8Pk+IQvH0rvp0yDfri6lAS4TCaCs8lnog8HcloNl/G4VD2fWMjSnJLEHYwjBGe/5WyIYGlheLalevwXrcZdg52kOHIQFJMElZGFvBy9cThw4eQkpqCiqoKVpzvbY7pjh2Dt/u3/nbtNDWxBTszNQunw87g54UrGMWogpwCVJRUWLa499aNuBh7geW8UdY+KXyaOx7hOcv65jH1jR6LIN9A3LtzjzFBtne8PmoblZ/XGvq2eC2C+NmzZ8xBTB2pLK1EWko6KwXiscADBroGkBSVhLqmOlymuYDgbfLRMHi7gQq/9yqb9k7oX11Hfhz6nmg7biTdwY6A7fh+xBToSqlDRFgIxlZGWLh8IU6fOYPsrGwWmsDu19SIyqIKnDjGhb6psoKwiBA2bSSfTQnqW22BqmuqkZ6Wjg2raGW0hoS0JETERGCgp4dFi+ch+vxxpGY8YOTkdVQLqdd67ZQxoHw2mous9CxWeXPV4t8w0soGHBl5bm1xZzuWLX7j+nUU5heywo1UKLE19G1FykZDF+OcxjJZeZT0CNUVXZSuwIO+3b24iZitI4hJ2TCHU3klnqRk4uT+k/D6wYtlb5OiUZRVgsu4afDfEoD46/GMJoLg8F6TunNXYJqTqgbKFi9DzJ3b2LV7J6ZPnwJ5ZQ5k5GVgRpzG7vNw7GgIE0ISWgZ9VxUjLDqUi0YN6ofBwoOwbmNLKZeGBrwgqoimBiQn30OQXzDsRzhAcJAgRAREYGBgiPmLPBAevR/P8pNQVVXIrKXeue7cuabxpRrt2RkEi59jnMY21nYMEucoyMLecRS2btnKKm8WFhSy3MS2TH362npwnuyMoB1BuHf/XldWV+ARnlOcjQnXQTzHFRHhEch8ksnoHQnyDD8Yhl/m/ozhesMhJ8GBmpoqxjo5YetGP1y5GMuF4+rbkSDYuyq2a1XkwuJNeFyaj9tp1xD4vy2YNHUC9NV0oCqhAD0tfbh7eODM+TPIeprFVr3iiuKXcTaDBg+EwFABbNy0EaXFpSx3qaS8BDcTbmJrgC/GjhkLeRkFCA4WhJmBGeZ5zMeR0MN4mJGIhsY8NL3gRi73WjWdq2xofGkBYLA4y6U6jZ9/WoGRNjaQk5MFsShMGj8JPpt9cPXaFeQV5LLgv1uxt7BlzRbmIO5GfDZc6NvTi6Bvbta32xxXhIeGI+VBClLSuMRX7q7uMNY0hpyIHNQUVDFxqjM2B3rj2vU45Bf2wtuf+qXjZYvXNlWgqu4xEpIvYdfu7fhx9HQYCGlAuJ8AtPW0MG+ZO6LPRaGooAhlz8sQfeQErIwtITCEH7ISsvDd7Iuy4jK23UpITsDyVcthOtIUAhICEBYUhraKNpYuWooTESeQnpqG8opSNPXC2+1aINorIyyAj0jUqbZ45lNEEyy+YhnMLS3YlkpJWgmOjqOxIWAtYm9eZdD53ct3X4O+nbtHkTpuRUyCvk3MCfrWhftcd4SEhICIfI6EH8Yct9kwMjCErKQMtJQ1mSYN2NYCb+c/Y5QHveZ0569wbxLW5uZaNL8owbOibFy+cwvB/sH4buJ0KCkoQEpBEnrDdLHwJy/mqyFCpSN7DsPcyAyDBwzCUAHis9mMvGd5SLiTCD9/f1gNt4Ko5FDwC/HD2MQY7m7uOH7sONIepbFa4eQ47p3rrplrcvJXVVYhLT0NEZERWLZoORxGOEJJRhmqqqoYM9EBG33X4cSpSJyJOA2fld3OssnH+ZgLcPOiWt9G0NbUhuuPbti3Zx927duJxb8shra2FgSGCDBWeNo6ESt84u1E1nGW/9Kb6/RJV7q2SofB4o2NSKuoROzDBAQf2I6xLk7gqMphsNBAGOjown2mK/bs3gNf/63Q19djhOf9+/bHqhWrkJyQjCDfIIyxd2LWDP9AfmgqaYKAgJCoEDx89JBbqbKVE7ntM/T+/WkUECl6ohfJznyKM6HnsXrxGliaWEFKgsrESMF+7Cgs/W0x/Lf5Yfnin2Gmaw4DPQN0I8uGsr49YWpqBnVFdYyzc4aX6yJMnzIDVpZWkJeRZ5mo4x3Hw9dnK25QUlg+1xnVNnisV+g+jdC1Hefa5maUNjYgt6IIN+/dQsBOf3xDFKNiyixbXEddG9/+OAMz3KZDTlUWAwYOgDCfML6d9A2812xiMVLSHCkM4B8AY31jrJy/EuFHw/Eg9QGKSooYIXqvRdM1c9t2rmkeyGn8JPUJToWewYqFK2FnZQ+OFAdKyoqwHmmFGTOmw2WCCww1DGGkb9RdlE2Lz8ZzIUyMzFjhMl0VfVgZDYeqnBrkRGWho6KDCWMmYvN6H1yPu4HK8grm9SZMv/d/9yZSnTUAACAASURBVBkBgj3pf2llGW4mJ2BnwE78aDMVerLqEBIRhKapBnSstDFEYggGDOoPUX5RGGsaYaT5CMhxZMEnNgQcLTm4e8zHlZPXkZWWw6xXclB2n172PgmNAOP5rq1jZWLOhl/AqsWrMcxiGOM0lpWRgbamFgiFUpJRZIG3lIi5bdc2JD9I7ko0igjPL8Dd0wPaujrgG8KPIfx8EJEQgZCgEBRlFOA82hmb1nnj0qXLeJb7jDkTSQBJw9IPwaoUZs1+Wo6x7952rPU5LUmd7B6tj7/pWvqejrc+j9d+22NvOI+ubf3cr+7zqi8v+0N9etM929y34Y3P2TIera+n8frTtX8+xtpsc17b5+D9zdpu3UbL7+V1tUgvLkHMrZvYuWs7pkybDI6yHKQ4khCVGIqv+32NL774An2/7Av+gXwQ4ReGqJAotHS0MNN9JnaHHEZKdj4Ky6tR31D32pi1bZON5xuet+153H69PqbdUW7azhFvPt4oN63eATqPK8Ov95Edf4OMvHHcmIy0uf4N17JnovYowLOsHJQtHh0VjaW/LoWtow0UlOVZDBXfoCEY0HcAi/x2chyDnQE70OVxNudjzmO2549Q0VFB33590ee/ffDf/l+gX/++LGrUfqQDli1ahj179yI0MhRRp6Nw8vRJnD59mv1En45G1KkonDx16uWxk6dPsWPRp6JfHjvVcuzE6ROvHTtx6gToGH1P96RPuu4E3bNVO/Q7a+dPxyJfO4+up2vpuXjPyD12AtQWrx36jvvsr1/PO9b6PGqbPc+pV/2mPrJ22vSR+kLHedfz2qZn5x1jbZ9qGbc/9ef1ftM1dO2b+hP9p3E7gfCTJ3Ao+hS2Hz6ANf5rMWaSIyRlJTCEbwj69e2Hzz/7HH3+0+flz+d9PseQAUOgqaaJmd/PxFq/Lfg9Ihyhr80nt//Rp07iVMu88/rVdkzf1H96zqhTbxpnkpvWY8qd44+Vm1PvGFOuLL3+PH81zm37yJOR1vLJO9Z6jt8uNyeYjP+VfPLG901yw5Ov6OhohIWFInB7IOYvnA9rWwrCFMfXfb9i8/uv//cviIuKw9F+NAvqe5j0kFmrbbdm7/v3R0YQ5+NczFn8sGAWlLQV8HW/r/Cf//wHfT7rgz59+qD/1/3Z1spIxwg2I20xctRIDB81DHb2dnC0HwMH+9GwsbPB8FHDYWs3CqPtHdnPKPtR7Bh9R+fQufb29uzaEaNGvHaM/qYfe3uHl/ccaTcSI0YNZ+3w7mlrZ8uut7W3fdWO3Sg2wNQO7zx6NnoeugfvGLX9qh17dpyei84ZbsvtD/fc0bAZZcOOjbKze3k99Y2ex7Z1O3Z27Bjd41UfHVraGd6qPw4YOWoEeyZ6jrbjNqpl3Og4/U7jy+0Pd9zs7OwwzNaajT21M9p+DOxYf6iP3LGkYzR+3HZGwNbOHiNsbWAyzATki/n6q6/w2Wef4bM+n71UMq8pnM8+h+AQQeio6sDU3AwWttawaTOf1H8aG4eWObanNtg4t5k7Np/U/1d9ZePcSm5GvyY33Pl0tHfEm+SG+kpj8ie5sePKjUNruRnVUXJD4+zI+vBWuWnpz0u5offAdhhelxvbN8gNVxbfT27ofXt9LHnvG7VDskFjY25lzgjMpMRa5roPdzH597/+zZQNVd8MDA7A3YdJXbeNIoqJmJgYLFgwDzo62ujXrx/+8+//MIEkpfPFZ19gwNcDwD+YH8JCIhAUEgS/IP0ujKHCQyEiPBSCwkIMKhVqOUbH6XeCTwWFBSEiLMI9V0iEXSsgKPDqmLAIBIQE0PYYtUPHhYW57XDv2dKOsBC7H+8YnyAfey76m37oGta2kODL8+gZWDtCr9qmcwVZ2/yvtdO2j6wdYSEICPFDSOhV29QOHaPzaRzoPNaOIPWH/7U+Ujts3N7RHxpX3rjR/eiHHRPkZ8//cizf0B/6rvW48a7r2+/rNyqY1sqG5vzLL75khFoCfPzsWVv3Vailr3SM11dh9gzUfxrTV/0XpP4L0Zhy55368HJMW/f/pdy0GtNW/ef1ldePtjLSdj7b9p83fvTMNKZCHSQ31FeuzLZXbriy+H5y0/K+tR63lv6Q/PFkXYBfgCHG/b/s/9pc//v//RsSEhIYM24MAncFdC1THymbKzFXsNxzGUx1Tdgej6dsyNz+6suvMGDAAAwZMgR8JIR8/OAbwsf94eMDX+sfOs77u/XvrY+9z7V0/tuu592L98m73/uez7uO98m7nvc37/OvjvPO4X22bft9r217Hd3vbcfedPxt57c8F80V/QzoPwD//eK/zLJprWBa//7555/j66+/xpDBQ7hzzOvb+3y2fba2f/Oe803Hed/x2nnTOXSM98M7r+11rY+3/f1D7vm+933b87zp+Nvu2fa53vfattfROzmYDwMHDsRXX3+Fz7/4nO1KaH5J2UjKSMLJxQmBewKRSLSg1V3E1Ee5UUSe5enpybKGqQY0mV6kaAYPGsKIlx3HjoGbhyuW/7Icv/76K1b8uqL3pweMwa8ruXPl6DSa7eP79u372qrHUzZffPE5BEUEYWhsBNfZbvhlee/89iQZp3kmPqPJMyZDy1QLgyUG4/OvuH458tl0K2XDQ6O0dLUxaNAgfPXfrzCg3wAICglB10AP8xctwL5Df+DqtatITE5kyVzJKcno/emeY0DJdpRqcvPWTZyMPgn3+W5QVFHAkP5D8OW/v8Rn//4MfT7vgz5f9cEXn/8X/b/oB1FJUdg62sF/awDOn76ApKQkNr/3eue528o5zTO9g4lJiYg+GY21G9bAZrwNhBSE8FX/r0CLyL+/+BckOBJwmuCE4F3BXZ+ISZbNAk8vGBoaQXSoKCRFJEAFswSG8kNaURrOkyZii/9WXL5xBdnPsxj5DlFM9v503zEoLS/F9fgb2LxhM0MiJMUkINZPHMKfi+CrPl+hT/8++EL4C/AN4of41xIQFBCEspYKvv32OxzYdxBZmVksmK+sd567r5xXlaOgqAAZGRmICAmHp+sCRow2VGIoc2cM4h+Iz4U+g6SKJMY4EfS9E12ORpGyme+5AMbGJqwet66ODqxsLKGiqwwZZRno6Olh6jfTEbQnGLeSb6GksgTETUvBRe8LmfWe1/nRp0Q9QXNSXl6O2zfuwHdzAEaPcoS8kjyExARhpG4MM3UzCPAJ4Cu+rzBEhh86RiawsXCCmqQyZAREoaOhgwUL5uP0hdPIeJ6DagANvdxE3UrOaZ4p1obKNac/ScfJU6fx6/KVGGE+gtUMV1VShaG2ESulPZQzFIoaihjj6Ijt/sF4cPdB10LftI3y8PSAsZERVBRUYOtki1lLZsH5O2cYW5lAVFwM8srymPztZGz/YzuSHiahlMitexn0u5UQkkIn+s+UeylY8/N6DDMeydClvkJ9IaEjgR9cf4SHmwfklOUwSHAQZDkcTPdwxyrfAEyxGg+tATIQHsAPfVNdLPhlAUKvxCCrqgZVjb0E5t1psWR8RrVVyMzJRNTpSCxctBjmphYQFRaFiqIyHEc5wmPmPHw38QfoaxhAV1MXY8c4ISDIv+uh70sxl7DYazGsTC2hpaqF6d9Oh0+QD7YGbcWiZYtgYmkCaUUpqOmrYsr3UxD4v0DcuncLpZWlLLq018LpfKvlXcJOlIqUkZ2YeAd+fr4YMXIkpIRlwPcvPmjoaeObJd9h34ED2O67HXp6uhAYKABFIWUsX/4bTly5AL9AH8xwcYaSnAKk5CSga6kLV69FOHz8JHJy8xljIwn5u56j9/vOl4W6ujrGwngyMhorlv0CSwtrKMkqQktODVPHuWDDr+uxy3s3VrqvhIWOBfS19TFuwjgE7OriInU86PsXr+WwMR/BClq5znVlFBOx12IReSoS8xbPg56FLoRlhSGvIY8J0ydg98HdSE5LZhZOr4B1voC9dYzRxNgUa+tq8fjxYwQFBMLR0R4i0sIQHCwETQFNzJ7rhgMXjiEl5SGiD0bD2tgKQl8LgdNfHj6rfJCek47YrFgEHg+E81hncGTl0I+vL9SUNTF7uhsuXbyMypoKZrr3Kpyum2vaOlENr2fPn+Hi+YtYtWQl7CxHQVpKCuryyphhNxHBmwIRE30RF0MvwfdnX1jpWaHbkGfl5RGfzUV4ei2AmZkZiBb0+zk/4HDYYZbx+zj7MUJPhmLhrwthNtIMkhxJKKgowGWmC6uwdzP5JorLi5mF07ut6gJBBFXPfIEb125h/cqNGGs/FqrKKhAfKg4zY1MsWbQQByP24+aT20jLTEPIgRBYGJtj4OCBEBTjx/qN6xm7W15FHu7ev4vDOw5hxrjpLFBPkF8QaqoacF3oivCzoSgsLezllu4iZklS8pU1lUjLSkVYVASW/rQc5sbmIAJ0bX1tzPh2OnYFbcet+JtIT01H7IVYeK/y7kZMfU0NjJn94uWLWMDqRpkwZTNr9vc4HHEY2c+zmSP4cQ5X4TALx0iPkV8raytj4syJ2LF/B+6k3GEKp765vlcYP5EwkmKnf1XVVXjy5An8fQJhZTAc0kNlQCHrRtpGmDffHeExIbj7NAl5NbnILXqO4yHHYW5qhoFDBoBfgg/rNq1DUWER24LVVtQi624Wdm7dARubkZCWksbgIYOhbqKGuUvnsLSWvPw8Nse9Fs6nWVjYODc3sXItWTlZiDoZhSXLl8LC2hriwqJQllXAtCnTELw9GAlJCYzGt6S0BLeu3cLmdZthYWwBPV1dOLs4I2jnNty731VZ300NKCwuRGzsVfy8aBlGmA+DrrYuZs+ejfCIcDx99pStmqRRqZJeSEQI5i2cx/JtJJUkoaijyHw4237fhtv3bqOoooiZ2m81+T/Ri/hPaJ9Masr6JX5oYudzGj0OQ4VEMZRfFGZ6Zvhp4U84FnYUyTlJyKvORW1zLTPBz5w9AysLSwj0E4DMIFlsWu39kj+aMcFVVCHlfgoOHNuPGdNmQEFWAeKyYtAwUMf3s2YhIiICVTVVvfP8CWW5urYaz3Of48KZ81j50woMHzYMcopy0FRQwbcOU3DAdz/uxd9DSUkJyzynTPDkuGQErA+AuYU5dPS0WTns7f7b8TDxURehUU0NeF70HOcvn8fihYtgZW7FlM3c2XP/VOu7sroSj9If4WjoUXgu9YShtSEklCSgZqiGyd9PRvDeYOY0JlLtXli8c1c9smjKq8oRfyceW3y3wN7GARIykugn0A8m+iZY6r4UUcejcD/1PgrrClHdzC3dQXN44sQJWJpbYMjAIRAXFMPGtRtB1kptfe1L5y9BqhlPM7B7527MGDcN2lLKEB8gAFUFZbjOc8WpS6eQW5Tb6zTuRIVDFg1RVlTVVSE9Kx0RJyPx64oVcBhuB1VFZWhoqWPaJBfs8N6G+3H3UVVQxRYfFvpQVo6E2AT4rveFuZk5dLS1GRoVHBDUddA3waRPcp8g8lwk5nrOgZGZIdtGuc52/ZOyIWuBhDUtIw1hkWHwWOQBQ2sDiCuKQ0lHiflwdvyxAwkPE3ph8U4UQrJoqNolRQivWLsCZtbmLG/oa8GvIaktiUVei3Ax7CKyUrNYUUHa2hJhNvGn5BcU4OiRozAzMUV/vn4YLD0Q63zWoaSQ6ka9qv9E51fX1eDe3RQcCNqHWZbO0BwoDaGBfFDVU8Usr5k4e+UMqC41ydA/wZLsij5WtcDbEacj4LbIDaZWJlBQkIeGujomT5qE7duDcfvOHTbPvKKQpGyolAuriLl2E8wNzaGnocsqoQQEdyH0TYKSk5uD6PPRjGJCx0wbWtrarFB9ZEQkcp7lsNWLBppp2qYGVFZxFU5IWAi8lnnBZIQJJOUloaymjEkzJmHb/7bh/sP7L+tN9+7tO87KockgpZGSnIJAv0BYW1tjqKgIBg8aDA1DDXwz/xscOXoEmQ8yWVHB1gqE5pD8OydPRsPC3AJ8/fkgwS+BLeu2oLSo9DVlQ3PW2NyEstJy3EtOxo6d/pg2ZQIU5RQYqZqykRLmzJvN/D/5Bb2weIcqIkIXXzQzH1pOTg5OnTiJZYuXQk9PD8KSwpDTkmP8RJu3erOikEWlRVxwpiUsgeaOV+vbf40/rPStoNdS67vLoW9KxDwXcw4/en4PbVNSNlpvVDa8ASWBJ5ObakqFRYXBfZE7tA21Wco9R4kDl29ccCTkCDIyM1hpVlaGohNXet5z/d0/SYiI6DrzcSZ2bd8F4oOm4nGUpa2mpo4f3H7E/uP7kfIwhZVXJca51mNC15OiuhBznvFKE/Qt318Bfqv9ucrmDRYKrZJVTVW4mXsLAUcCMNZpHGSkZNFvcD/IK8jjm29m4OLVi6is7oXFW4/1x/xO7wuDt3OfsQTpNct+g63ZSAgM4oeAiACGjR2G1ZtX4VJsDApLuOggzS2vTfqdKmLei7uHoDVBsNa37j7QNykb4rOZ57WAFanT1tb9S2XDE1raUqVmpiL0VCgW/rwQptamEJcWh5KKEqZ/Nx1BvwfhdsptlFRwnVa9sPjHWTj04t++mYB1KzbAbpQD5JU4EBGkkrgGLA7qwLGDzLFbXFzMrBTabvEEkD5J0RSXFCP0+HGYMTRqIPgl+LHBe+OfLJvW19E2rLC6CHdSErB7+++YbOcCyf5SEBYQhqq+Clx/moPwc2EMjWwt9K3v0fv7+809jR9tnVKzUllVC6+lCzF82HCoyisziHuMnRN2+OzAjas3kJv3/DU/G2+M6R5/qoipq9/NCM+9FsLUnJxJen+pbHidIuGvbqhGRk4GQqNDmcAT3j9UfCiUtJQYLL7zwE4kPUhiiWwk/L3C+H5CxxvjZjSxbSyhP5lPnmCbXzCsDIdDmMjJRAVZZCjV+DoWeYw5gyvLK1lJXN71rT9py/z8+XPsP7AfhkYGzDrhKZuSohJWPaH1+bzfac5ooSA2/5Sk+/DfEAA7S3vIycqCX2wIg8XJn3Ah5iIKC4sYetk7zx86z1zLhLa9Oc9zEH02mtVrNzI3gqyUFDQV1DDBYQL8fvPF/av3UV1UjaYmrmuDN0+8T3ovS8tKcTPuJnzW+HSjOJvGBuTnccvvunt5wMiMkrd0MPctDmJeh3ifpEBewuLhIfBY6MFgcXIaK+oqYuqsqdi9bzcePHzAFA5513nX9n6+WyBpfBsaGvDg/gME+Qdj7OhxEBMSgxCfEIx0jbBk4RKEHg9FWmoaKLaChLWtRcMbZ1I2FC2+/9B+aBtpMZI0mUFy8F3j95eWDe96sozKystw48ENBBwNwISpEyAvzWEMfZqqWnCbNR+no8+hsraSG2ncmzf3QbJeXVeNZ8+f42JMDNasWonhw60hJSkJLTkVzHScij8270PylWSUFpRya6y/eN1y5c0TKXry2dyN41bEJJ9Nt4kgJmVD2yiqiGlsZsrQqB9m/8hiarKfZb90EPM60/qTOvb/2fvOsKiybdvvvfudd8+9HQwgOecgknOqAgxtFkHM2ra2CgZQEEydtDGhohLNGSNKMAeMmMkgYMJAzjk73jdXUTZtK5Ipuo/+AKpq79p7rbXnmnOOOcZkBodCqufpOHX2FJauXAozWzPIachhkP4gzPhhBvYd2of4lHjGFqfPk/Vtfp7//P5Xw0MDT8n4x/djsN3HDyQ6L6cojz6ifWBhYoFVi1cxeDs9NZ3XQK6+ZUNO415aVoqwyDCYc8zRt19fyEjIYuvGLa0yNmyuUY+C2gLEvolB0O4gTLWfBjURdYj+txj0NQ3h5rEEF26eR05RDls3//Fw/jqvzdc6G9P39SivpVKDlzh34QJ++2UNhg8dBg1VVVYJPnPyVOzxC0bKgySU5/Pg7ZbGld6jMComOgY7vHf82bM54I+49B5V6uP1jfLw8ASXa8fCqDnOP+JY2DFkvMto0djQwPF3UnL1n794jtDwULh6LoYF1xwycjLQ1NbE9NnTsefoHsSmxDLyJjumseWJaD4p/7TfaXyIbPf06VNs+G0zhlgNh5iwOL4V/ZbB2+5L3HH9zHW8Tn3NWuJScV9rxoi8m6vXrsDW1hZ9GPQthA0EfbcQRn183nrUo6yqHInxSdjrvx/2VuNZDkdUWAw6ZoMwd9mPuH7nOisco+/7T66u5XVOOZqXZGiunIPn8hXgcGwhIysLdVU1TJ40Cbv37UJCSjxKSGWh8Y9E8Mfzwv+bH0Y9iH6Azd6bYWNqA1MjUzhNc0LA3gBeWqOiB2VBmcSEhxu4XBtYGFuCiJihYaF4865lz4Z/g8xCN9azytLnr54j7GIYPH/2hIWNBeQU5ZjBIVjcf58/k6coqSxhBUv/8XA+WohNORpaVE+TnyLIfydGjBwFWTlZJjo/SG8QZrl9j+Mnj+FV6ktUlFT8CbLmz8enflIYRLH82bNnYcPh8qBvEQX4rvsr9P2p4/mv8ea6AaWlZUhMSYT/oQA4fu8EBSV5CIsLYaDeQCxesATnQi+iqKj4Px7OJ5BYGkP6TyFy1rssXIq8hJ9X/gxrWyuIy0tAVkmGdXXw8/XD45gYnrpCI6kKfdnY0GcIjaK+7v7e/jzoW98YExwcEewbhJSHKSgvKW/V5sSf8+Y/O9zKhYyNm4cruFwOLE0s4LbQDZHhkX+qs2n+hZ/7nYxHdV013uS+QfiVcB4sbmoICSkJpocz+YfJ2H9iPxLSExgs/rnz/CNfb2xAY30DysvL8exlOvbs2YMJEyZCSkkKIlLCMBioj/nznHEg9CgS0pLZw87g7Vb2WecniI8ePcrU3KS+lYJWv0EI+D3gs9B3S/NAc12BCsQWx8Iv1A+jxo6GjJgM+v53P+go6WPh7MW4c/cOSspLUN/KB6Wl7/u7vUc5mrfZbxF1IwprV63BcO53kFOSgZSqJIaMtoP3Om/cv/sARYXFTabpy4aGxohvbD5A32aDYaxnhAnjHLDTJ5hXbVxcwTM2rVw7zce+Q8aGkoakZ7PKYwXsOLbQM9Rl3KiPi/qaf+HnfmfWurEONJDk4ZwOO42lXkthNdgKMvIyDBZnAlz7d/Ka1VfwkomfO98/5nU0oK66DjV5tXhw5z5+3fwLvnMcBsWBCvha9Cs2J97LvBEZdhWPX75CVlkpaigZ/Jkk4afGjYxNdnY2Qo6GMGNDfb4HKg2E/1b/VuVsPnnO97UorC5E3NM47AneC6chkyD3P/IQ/1YS2jqD4OLpgojr4SguL/pPnq6Zh0Oh07O3z3DmSig8fnOHlY0lawapo6ODSVMnInB/EB7EPgAVTNbU1rTJC6FnkHI2D6MfYov3FhZGmRiawmmKEwJ3BiAhKYGBNZ+az9a81inGZoXHcsaj0DHQxnzn+e3ybPgXS7sekceI2nAy7CTclrvByNyIGRySp5g+azqOHD6C5NhklOaVor7unw2LU6xRUVqB1AdpCNjqj8FjbSGiNgB9ZL6FurYa5s+exygIb17lI6+2nkl1NrRxV6Iwioh6Z8+cYfNMrVEU5BWwdcvWdhsbWtg8WLwCSfHJvET20DFM3qKvUB9omw9iJRFR124gP6/gHx1S0VjR80Fcp5eZL3Dmaig81i6FxTAzyMpJQU1OBdPtpyFoezADU0qrStlmwj+O/2x96Sc9e5+ss5npBP+eTxDzi/rcYMGxZBXEnyJifukmP36fXPyyijI8y3iGs5fOwm2FG6zsrCApIwlNTQ1Mpyz71j0MzispKGFFZx+f45/wNyWDCbJOTU1FkG8QpjhOhqamOoTl+0PTTBNLF3sg8mgkMlJfobSkHNX19ahrJ6xMu+Tlq1dYBXHfb/tAuL8wNnhvYMaG8gftGu/GBtTV16O4rASPXz1BQEQgxk0eBzkZedYrXl/bEIvmLMGVi9dZJ0a6339i0pjumXk0b56xIsglv7nCYqg55BVkoaeshe9HTsXhzQeRci8ZVJjZ3jIRMk586DvAO4DlbAQI+ub1jSICny3HlrG+P0fEbMti5C8oPmv1VPgpLPFaAkMzQ8gSSqWugWkTpjHF97iEuA+weFsteVuuSdA+yzya6go8iHmALdu3YNTIUVBXVoO8lBzMTM2wcNFinAq9gNS0tygrq0A9Q50+XV/xpXujh5yg74iICJYgHtBfGNJS0tiyaUub0KhPfQ/NGaFUxe+LEZcVB/+dAXAaPQlKQioY8C9R6BEsvmwJzt84h4LSf5aHw1/P/IK90+dOw221GyMxSylIQUVZBTNGT8OB9XuRfDsZFQUVLHHMP+5T493Sa3QceTZPop9gu/f2P0Pf+/17tkkd5WxuRd3CKo+VGNqkZ9MZns2HAUEDK/x7/vI5iLy5aNkimBMsLivDyJvTZk/DniM8WJxkE+ih+HBsszj37/Ya3SdJeVLB49qNa8EZzIGYGK+FqqmeKbycvXDu+CUkvchEdnUNahrII/gIvWrD3xRG5eXn4eRJHuubVPhUVVSx3Xd7u8Oov8wJGpj3wmDxHftgbz0eCkKKEBMRh47pIMzznIuou1HsYSC9ZP6G9JfztOG+esOxxGnLyszCrRu34LHCAybWJmz9kzgZoyBs2oWnd1JQkleCBvJaO1AWQmEUoY5/gr4Fha5AsqDXoq5hkftCmFmbwvAzrO/2Tirb9ZpgcZKlDLsSBs9fPJnBkVXgdW2YNGsSdu7fiRcvX/DY4k1Z9fZ+pyAfR+NB/+hn6tNUBPoFYciQoczQ9Pu6H5MDWO7uhchTEXiR8gpF5ZWopHomGpMOPoS06C9dughbG1tQ51PK22xcv5Hn2bSyVqelseXPdVlZOVLSUrDn2B4QAimvKI/+Iv2hoauBefPmIvRUKIqKm2DxdoaELV2HQLzXpA1NHg3xD29fuYNNP28Gx4KDAaIDoKyojAkjJ2DPpr1IuJuI0oLSDnk0/HsmY0NhVHPoW6DCqGtRV7HA3Rkm1sadbmyaD0JlbSVe57xmOZxFHotgZGbEJEY1dDTw/Y/f41ToKaQ9S2NwKREA+cf+XX4SekTCYtTc79nzZ9i/PLmlLgAAIABJREFUdz8mT5gCaRlp9OvfDwbq+lg81w1hEefx7MUrHrzdCUaAP37kTVy5epnlbPp80wdC/YWw3rupqK8Tv4cWfBWqkFKUguCTwRgzdixkRGXR93/7QU1ZFXPn/4ib0TdRVFrIoza0on6Efw+95SfNNXmupHZJFfobf9sE+8EOUJRRhJS0FMaPHQ//Tf6M61ReUM42n7Ym/T81FmTwqc6GlPoCvQMFK2fDC6NuYqXHcgzhDv6sUt+nbqwtr9EgUNKL6PPpL9NZ0SDlcKhNjJSsFAZqD8S0H6Yh+EAwq3IsLOctxLZ8hyB/lkKGmvoaxo6+9/AeNvpshIODAwYO1MQ3Ut9A3VAdqxeuQsTJq4h79RZ5lVUM3m7opLCSwqj8gnycPnmKiWdRGEX5gk4No5p5XvSwldSUIOFpIvYG7YMjdwLkvpKH6AARaJtrwWXFPJy7Ecma3JOnJ8hz155ro2Q8cZ3OX7oA9xXusLK2gpy0PJPzHOc0DgcPHkRKYkrHkvPNxpt/jXw0isIoPvTd3LOJT4tnY87/fFt/dhj6po6YXh7LYMNY30atYn239SL5n6fBIGoDweKUNCaUitjicgpyUNNSw5SZk1mJduzjWBbDEizOP7a3/iRDS/+I6/Qk5gl8fX3x3fDhzJWWlZeFhrkGpi+YjsgT5/AqLQu51bUM3q7vxBCDQd/Ff0DfogNEoSCngK2b2w99tzQfdM+UeyC2OMHi/psD4DDKAYrKihCS7g8dy0FMfY40kSmXRP/YMZ94gFr6HkF6j66fbSq11cjKycTF6xex8rcVMOOYQ0JaArIyshg/zgE7tu1ASkoKTyKiKdzqrPvgG5vH0Y//YH0bmsBp0gQEBgYiKT6JFY629/s6ZGwonvxUGEXC1s2V+tp7cZ86jhY+6eGQtiqDxZfzYHFxCXFoamhgitNk7N66G0l3klgs+7EQ1KfOKcivUUEd7XRp6WkI8AuA4zhHKMorQFJCEuYW5uyhI+GrtNQ0lBaXo7qujuVoKE/TmfdF+YMrJHhua4e+3/Zl0PeHMKq90PcXrpHmjqqIk94lYv+5fbCfaA85WTmIi4tj0EAt/Pjjj7h89RJLLJPn29uTxhQ6kcLetRtX4bnGA5bDLBhHUEVZFeNGjMNun92sipf4aF0BhpDB44dRDPo2s4OxnjEcxzsieHMwUu6nMBXH9q6rDhkbCqMopvTwWAouh8MkJuY6z2PFeK3lRrXrwsErcHr2+hlCL4Ri6YqlMNDXh4ykNBMKmj5xOvYG7kVqciqTs2S7Rm+M7RsbmPzD3ft34bPdB6PHj4GKmgqkJKVgZGrMEvMnQk+whGpJWVO9UQfQiM/NBS1sOn9ERDjzYElKlHbaLT481ne762y+YGxo3iikImpD0rskbA/aBvsR9pDvrwih/xGCjsEguK5azEIq6iHfGz0cukcad9pQsnKyeO1WfvaCpZ0FCN5WVlKG06iJCN4QjPg78Tx4u7Z1XKfPzefnXud7NgR9b/PexqBvJgvqNAFBfkFIik1i3ubnjv/S6x02Nny6AkHfRobGIGNzKuxUq4mYX7rAlt4vqypjAlyhkaFYsNAFZqamkJaVhra+Nr6f8z2OhhxlCnT0oJCH0NK5BOo9NIB29dLSUlBI+Pu6tbAdbgNpZWlIyEnAhOpoXBchJDSEwd8lxV17f8QMJy/25LGTrHmdmKgYy9ls892GwvzCNpfFt3Ws6YEkD+dx3GMQwXAsZxyUJJUhpSQBXY4OXLzm42b0DRQXFzH9Xf4D3Nbv6anPk0eT+S4TN2/chNcqL5hzzSAnL8dkVO1Hjkfg+iCk3E5BSS7B23+oJXT29ZKx+ST0Pd3pAxG6tLIHWd886HsBTK1NGBq11Nkd18OvIyczp0s5LbSg+Elj1q7iYjg8VrnD1NoUMgoy0NDUwNQpUxEYEIiExHgUlfBcT0FfiHR9/B2aPLOg7YEYN2YcFBUVICI8APo6+nBb5IYTx0/g6dMUJkrVWpmI9i5O6glVml2KyJBw1hGzX99+TL947e9rP/SNau+5W3MchUcUPpPBSUhLwN4TezBp9mQoqMqjn0g/DNQdiLlzf2SypWXlZWz8WnPenv4MPdzkNRYUFeDm1Zv4feVacCysMUCEB287jnDEnk17kHAnAeWF5aiv7VpqDq09fgUxn/XdPEEcl9ajeja8OpuF7s5NxsYI3WVs+AuFJox6Fb3OfY3Qi6GMLW5ibgJZaRloqGmwthW79+9mHf9oIXZFrMu/lg79JG+GivVqq1FcXIy01FTs37MPkyZMhqqGKqRlpWCmbQbnWYtw9NgpJKWksg4G9Q1dn6v4w9hEMGNDdTYUSq1Zu6ZbjA2NKxkc+lfxvgIphckIOhaMcWPHQVZEDsJfCTMNl/kL5uPGvRus1a+gs8VprkmZkDrHRt2Ogvdv3hhu/R2U5BVZnsbB3gH+Pv5Iup2MsryyToO3W1qjZGwoZ0NKfQJHV2jO+u6JMIotQr6HU1eF52+fI+xSGJZ4uMHc1AwSYhLQHKiJiTMnYe/BvXjx4gVLLrc04D31HhlNitvz8vJwPzoavj6bMW70WMjKyuLfYv+GmpEqVpPC3slriHnxFjkVVSwZ3NhJ8HZL900haG52Lk4cPQFrS2vwK4g/hFF1bWMXt/RdLb1HDwMT4KopRdLTZOwN3Ad7CwcGiwsLC2GQuRacl8/DhVvnWNcGMk4tna8n36NNhdbr2YtnmUKlpZUlW68qGioYO2EsDh46yCRdSwp5BXvdca20BomuIKAVxKTUFwVP92Ww5XKZLCjRFfhoFF18dwzSh12vpoJ1YzwZegKuSxbB0MQQCsoKUBukjlmzZ+HIwUOIi4tjbqtA5XD44uSVFXh4/yG2+27DOPvRTEeWKnVVDFQwdcFUhB8PQwbB21V/wNsdrQxuzfzQLszEs8LO8ljf4iJQGCgP3x2+KCkoZtWrrTlPZ3yGDA7Nd3lZBeJjE+Hr44uxY8ZBTlkOQjJC0LHQgavXYly6fJEZblqDdExnfHeHz9HEtucX7JGhcV/tDnNrc0jJSENGWgYOYx1YXiopManbK+L5xoYSxL7evoLFjeJD3y7u85sqiI3g4bwMN8JvIDczt0tzNp+aeMrhkIg6scWpawN13rS0tYSouCi0tLQwddIUBAUF4tGTx7wczkf9kT51zi5/jRq/19exilGqHwr0D4SToxNUBypDUkqCNQlb4LaA9XVKe5qK8pIK1DTB211+bc3QIgZ981nfon0xQEUIG303oKibjc2HeyakrqIYjzMfwz8sAKMdx0BeVgFiImIYpKXFcjhXr19lrYbJWAqCwWGVwbXVePvuLejaPFZ6gLogyMjIQEVFDWO+G4Odm3Yi5W4K6zTKeE5dgC5+GMNm80uv0RjxoW+BrCDmQ98cDqeJ9b0IkWGRrF6gp9xYYosTl4pQMTdPN+ib6ENeQQ7qauqYMn0ygvcGs86bFRUVbIB7bCGSwl5tI0pzy3DvQTQ2B/tgnNNYBm9LS/H6Orm7uePU6VN4mvaUubiEUnWHN9N8QdLDSogeeazU/3lA3wGQE5PD1g1NsqA9gPSRv1KHOhSjGDEZMQgICoLTiEmQ76MAof8Vgq6RDlxXEywe8aHSmNrbNL+v7v6dwmTqjR55IRJeq71gybGElKw0lBQJ3nZC8PpgxN6K7VJ4u6V7btGz6Wk9G37OhkdXsGPGhnVXCDvdLdB3SwNHyWDq2nDizAnGFqcdhHhEOgY6DBY/fuQYUhKSGZpDVAB6oFo6X2e/xwxcYwPK8suQcCce6zZ5w8aBC1kNWYhLi8PE0ASuC11xNvQsr2CvpPti94/vtTn0bWPJhUQfCaiwVi6dyPr+aJf9+Bo++zcamCFMSkjBTt/dGMe1h7KsMqSUpaDH0cGC5S64FX0LBYUFjMLRExsLeTREtXn39h1u3biJFatXsC4V8nLyUFFUxfjRDgjcEMjg7aKcom5dh83HlYwNhct/UuojwfOpTgjY5Y+E5ATmKTY/pi2/d6jOhh9GLXR3+QB9uzt7ICosqsuh75ZukhYUQaWVVZXMw4m4FsEkRo0NjSAtLQ0t1YGYN+4H7CcBroQEUM9jOl93LUT6HvpHk5ueko4g30CMGDscYsqiEB4gDF1tXSxeuhgnT58EtVsh17YnqReERpVll+HC8Qv4jvMdRERFICIvgo2bm1jfXVRB3NIc89/jw+KVFZVIeZaCvaF7MPGHiZBXUkC/AX2hpTsQP86Zg7OhZ1iBZ3d72zTXtY11KCwpxK1rN+G9ci1D9Kj1sZKUEhyGOWL/jgNIepiEiqKO6dHwx6S9P+la+dD3hwpiEjy3pwrioD9XELfDS+wEY3MNizwWMIkJI0NDuLq44XLEZdZBsbsn9uNBpsEjeJHY4ifPnsTCRQthbGYEBVk5GCvq48cJs7B37x7ExMcw7lF3eTfEoKbFl5SShP379mPGlBlQ11RnnSotTazgusANJ8NPIfU5wdslrLEYPVQf3193/U3Gpii7CBEhERjGGQYRSRGIaohi4/aNnadn017Ppuk4Mtzl78uQnJ+IwEOBGDd2PORF5SH6rSg01NWx0NUFN6KjkFeUi7ru6j/W2MB6rDP2NsHba72ZOLmqkgrk5eXhOMYR/hv9kfIoBWVFPHib1mx3zevH30PfzYe++XU2xmRsiK6wNQgpD1JYV46Pj2vt3x0yNrwwiieeNYxVEBth5sKZ2B+5Hy+yXrDdu7UX0lWfIwNCYdLzN89x9vJZ1l/a0NoAEmJi0Bo4EJNmTmKN8F6+eskMTlddB52XJpORGkuL8ODJA2zw2QD7cfbQ0hgIaTFppkfz+8/rcPvGXWRm8/oxs4K9bkwSfur+yThmZGZg/+H9sLS0ZJKdZBx37GhdR8xPnbPTX6M6JepLVVOOpJRk7AnYj7Fm9pD9Wh79hPtB21IL873m4tLti6isrugW8IKS6lnZWbh89TI8VnnAwtoCoiKiUFZXwhiHMThw4ADSUtKYN9HVhZmtGW9+GHU/+j58vH3+3DdqTwDTNya53tac61Of6ZCxoTCKoO9l7u6w5VBDKzM4L3Rm/aNfZ74WCGNDHgENIpMYffccIZEhWODpAgMjfSgoKrA2MbNn/4DDBw8x7kcp1TV0oj5L80GnASERqiePn8Dfzw/24+2hpqoKRRkF2JjbYuXSlYi6chOFBbw2qfT5ntzp+Nde01CNN4WvceD0AVhYWWCA0AAmTN7V3Cj+97f2J/P+GhtRVlqO+Nh4+G7ZhnEO9qyXkgj1FjfXhtsyV1y8eIGxxWlddMX40jlpg8vKy0Lk5Qh4UR80Dk9hUlpCBg6jHeC3xQ8J8Qks1KcNsSuuo7Xjxv8cXQPV2RDr+0/Qt6AInhPr28XdmSW8LI0tsXzh8m6hK/AHqLU/aUJJNDr9TTqIS7Vo8UKYm5ux/IP2oEGYNnkqDgUfwtOYp7ydpqGdIt6fCQdol6uqqsLLly+xM2AnJk+YBB0tHSjIKMDKyAq/rvyNeTSkfljf0NDtCeuWxrGusRZ5lbk4deEUODbWTKmvq8SzWrqO1r5Hc11UWYQnWU/gd9YfI+xHsnYnJI1BbPF5c+fi+s1rKC4rZuPcmQ8686TrapCZm4mo6Cgs/ckNxlwjSEpJQlVeFaNsRiPo92AevJ3XNezt1o7Tx5+jcRBo6Jt5Nh4esOPaMs9mPt+zyRIMz6b5gDIGMRmcV+k4FXYSrssWQdtUC7KKMiyun/X9LJZDIbmGssoySoHx/n/GgDQ/9+d+Z4uvvoahIZTlJ66T4wRHqKqrQlFWETbmNvjF61dcvxyFvLx81i2BdtzPna9HXidSaFEJIs9EwNbaBiLCIpCTk8NWn67Rs+noPdJDU/eeB4s/fv4EAYGBmEiw+LeKGPD1AOib6GHJaldEXI9gdVnkQXb0O+l48qyqa6qQk5eDiMvh8PjVHWa2ppCUloCitCImjHTCLp/diLkVi/L8ctTV1HV4fXXGdfPPQeuO79nwWd8Cw43i5WxugPpGEV3BxMgEsxfOxpHII3iV9Uogwij+QPJ/ksEhtjg1+joecQzzPH9kBYlUvalvpI8ffpyFkJAQJCclo7y0HLW17WeL06InY1NYVIiHDx9i64atGD/CHqrqKpCQkYS1mTVWuq/Cjas3kZOVA+I58a9TkH5SbQ9B9KRtzOFYM2+QpA+2bxUA6LuljQANDMpNTkhG8NadsLcZDxUFFUir8GDxRcsX4nb0beTn5aGuvraDeZx61tH13dtM3I66i+U/r4Ah1xDSctJQkVOB/dDxCNgQgLQnaSjJp06f3Vtq0Zr1RMamOfRta2oLgTE2fOibNIgtueawNLGE10JPXIu4huzM7A5OXtcVYNFEk6bxs9fpCLsWBtdlrjDUN2Tl4hoa6owtvi9oL14lvUJ5Ufs0XsnQsJzL+0ZWJxOwIxCO4yawxS4pJsFEidau/h03r91CXi5vsdMxrVkU3f0Z8hIKKwtw8tIJGH5niH8L/xtCQkKsbxQJOXVVjquj90meBiuBqKxC8rNk7A3diwmznCCvJI9+A/phkK4W5syejbCwsyyX1l4Ph3lSjbWsKv329fvY4LUDg62Go/8AIciIS2OM3Rjs9d2LxIeJqCitZPIhnaEZ3NHx+fh4ug8+GkXQ92DTwYJjbMizuR51Da7ui2DFsYKFsQWWLnTHxYiLyMzMFEjPhj/AtBDLq8qQkZXBK/xbvAimJqaQl5Vncf3sGT8gZH8IEuMSGUpFi5Z/bIs/m9jbVTVVTLeX+lrt3rMHUyZPgY62DhTllWBnaQsvt+UsdMrNyWNaO5SqbPG8Le3gXfwe5Wxyy3MQcuEojIYZ4qsBX0FERASb1m8SGOi7pbGjHbu0vhSJOYmss6PDWEcoiCpCvJ8EU3dc7L4I16KvIacgu805HNq4KOn/+t1rXL55CWt/W48RVo7QVOTNNYmTb9u0jRka6oJQT1XjAjrXdF1UZxMXHQc/b78PgucTp09k+t5J6UksKmhprFt6r0NoFBmbW1E38ZPHKnzHHQZjQxPMWDgD+yL3CQz03dLN00Ih1ODFmxcIvxSOxa6LYGxgDDERUWhqaWLq91Nx6OghZGRksIIwdq4vwNBsl6M+S7l5uH/vPtZtXIfhY0dATk2OVQYbG5nC+9d1iL51D7m5ebxdrouNRUtj0Jr3iLSanZuNkOMhsLS2YK1j1FXVmR5ucUExyzO15jw9+RmCxQmRZLC43z6MNhoLuW/k0Ue4DwZZaWHe8h9x5c5lVNVUtskjp8Q/PQeXrl/CopULYGxlBKH+A6Akr4zRo8bg0OFDePHqBdPupXC0J8fgS9/ND6P+BH0bm2LijIlMNYEq8qk19pfO87n3O2RsKIxi3Cj3pbDlcGFmZAaXhS44HXEabzLfCLRnwx8QMg5U+EcCXMdPH8Nit8UwNjKCopICNLQ1MGfuHBzaR7B4IsoKy74YMtBNE6uX2Ns7fP3gMN4BqqoqrHWwgbUJ5nsuwMXLZ1GQ+xq1dVVtWtj8a+7un9QitzC7EGdDzoBryWHQN+W4BA36bmlcmDfR2MB27pgnsdjq6wt7JwfIKMlCTF4UeuZ6WLZsGa5cuIqCggLmfbBjWtgIyKPJzMrE+YvnsfKXFTDlmkBKVgISouIYP3I8ArYGIikhieVyKGz60vlauv7ueI+uj98RkyWIzWxhpmuCyeMnYGdQEJKTkzsk0dJhY8MXPLegnA1B3wuW9xjru70TwnI4NZV4lpHODOXCRQuYxCiFCtqDtDFt4jQc2nUIqfGpKCstY3mAj7+LzkEeAHV/eJXxCruD9mCq01ToDtKForQCzIzM4eLliiPXj+NFZgwa6nNR31jF62LYwoL++Ht64m9GV8gpw7ljkazUvs+3Xdc3qsvvr6EBRVVFeJL7BDtC/TB8zAiGCor2F4OhljGWOLvj9u3bKCojjtKn619IXYD0aN68eY3rV69h+SovWNlYQUpKCkqyShhiNQR+6/2QHpMOqtuitdHl99UJa4iMzZ+gbzM7mGkZY9J3DvDfuh0xcTGMh9bee+mQsSH3kaBvr2bQ9yKXxYgIi+hR1nd7B4PkKdJepfHaxCxxhYGuPsvhkOLfrFmzsH//fqSlpeFTVZRUZZtflI+7D+7Cz98PUyZOgbaGNlRklWFjZotfV/yGyEvn8TznJcpq8vEe5I62H+lq7z225zhKABdkF+B0yGmmQUzQN5EIu6qVS3uusbXH0ANVi1rWW/xx2mMEBgZj0vDJkP9GERJ9JUAqj0tXL0Hk9XBWl/WppDGjwGS/RvjpM1i5yAMcCysmcqYkowzHEROw02cnYu7EsE4EXSUG39r7bcvnmkPfH4r69Ewx0cER/kE7EJsc03NETJ6xIejbC4M5tk3dFebiRNgJljD71ES15ea7/bPEwiZY/M0znAg9joULF8DczBwy0tLQN9bHD3Nn4ejRo8w1Jg+H4nW+a1xYXIgHjx9gk68PRo0bBa1BWlCSU4SthS1Wuq9G1NWbyM7KBnXrJPi92++tAzsfJccptDh9OhRcaw7ExMWgrKGMrdu2oiCvoMsFz7tkrMDrXJGc8BSBW4Iwxm4sVJVVIacqAwOOLlxXLMbdu/dY7RPdP80zeSiU+H/1+hWuXL+KVe7LwdExg7y4LIO3xw9zgP/6AKTFpAssvN3SWPKNzaPoR6xJ3QfomwTP9/tDADSIeRXE1PDcwNAALs4uCAsPY61De52xoQeysQGVNZVIz0hD+MVwuC1xhZGBIWRkpKGpqYFpU6bhQNB+BouXFfPFtRuRnv6M9d6m8nhJZUnWqdPcxBy//+zN4O3cvLxmxklwkadPLkY0sK4FrP0u9foW7wthdWGs8V2DzJxM9gB+8rgOGLiuPh+DxevrWFV3zLMYBJwJwIRZE6CmogZhEWHo6xlg0ZyluBRxhYVMtJb5sq23r9+Gz69bMII7HGL9RSArKoPRdqOxd+teJD5IQmVZJSPPCiK83dK4fhxGCRz0Td0VCPom7oeRYdd2xGxpoDr7PWpZ8eLdCxw7fQyLXBfC1NIEcoqyLIczZ+ZsHN13FDGPYvHmzVs8evwYu/fsxpSpU6A5aCBDnWxsbLHCcxWuX7rOCvZq6moFqlq0reNVUVnBEqG2NrasxkZcRhzrNq5nYlCUv2jr+QTl87Sb59fm49G7R9i+Zxsm2TtBS1wFKsKyMBhkBC/PFbhx+wZevXmF58+f4VL4eaxb9TvGDh4HbTVtKCkqwWGcA7b5bEPCwwSU5veeHM3Hc0DGpjn0/cGzmSEAng2FUdQ3arXHKgzjDmWCT6RBHBEe0WUdMT8eoK78m8Hi714g7EoY5nvNg465Dque1RikgSnfT0FgYBDCz0Til19+xYhxIyCrKsPe19PUxW+r1uDe7QfIy83vNQnCz40lJb5JYY7ax1hbWUPiGwlo9NXAjrV+oKI+gdJzboc3xWOLlyE28Ql27QjATOPR0O+niP4DvoWxtRHc3N1w7MxxhIWFwnOuK6x1TCHUpz9rQTxq5CgcOHgALzNeMnBA0OHtz80xvf456NtJMIwND/p2d18Ca47V38qzISvP3MqmHM7R8CNYuGwBjE2NoaSixNjiw4Z9ByeHibAwt4CSshKkpKXAtbLBKo9VDEIlrhO53nSeliZZ0N8jNIqg7zNN0Ldwf2FIS0hjywZeR0zKXQn6PbR0fRRSkZGg/k2PntxHsL8vvp/qBBUVJSgoysPIyIgVZf4w43tY6JpAXlIWYpKiGDtiHKMgJDxJ4NWfdAKXrqXr7Or3aJ2SZxMTHYPt3ts/FPUJhLHh0xX4gufNczZd1eu7qwf84/N/gMXfPMOps6ewYL4LTA1M0L+fEL75+ht889U3+PabbyEuIg4TPROsXvYT7t6IRnY2rxr14/P1xr8/QN8hPOi7r1gfCKsJYcO2DayCuDchLi2Of2MDCqsL8Tj7EfyO78DoUaOhLK+EPt/0gbiwOOQk5CDcV5jpWdsM42KL91Ym5Vma28R1ImPTDs9KUI5hm2tJGRKjEyGQguc86HsZ07OhnM2Pzj+yXt9Uvt0rE8SfWSyEUj1NfoqjwUcwd/JcaChoou83/fCv//oXEwA3MzDDMrdlOB9xHvm5+aywr7d7NPyHgKDv/Ox8nDp6ikHf1K1CUVMBvtubBM97uWfDv0+ar+qGGmSXZ+P6wyj8vul32Ay2wVdffYX//td/o+/XfVn3hmEjvoNvsC/u37+P0rxSHnv7M+uGf+7e8JOPRpGezVbvrYLVyoUPfXt5eMKOQd/GcHZ2xtmws6xdxd/J2FCo8PbVW1w4dh4ecz2gr6GPAf0GsEUo1l8MXHMu1vy6BrejbqO0qOfEybtiURP0S8z1M6E86Jt0YRQVFOG75e9lbGjsaJ6prCE2Lha79u7GGPsxzIP9v//n/+Kr//0KUpJScHBwxIHDB5GQ+hTl9fWo70HJ1s6c708ZGxLed5o8AYHBAUhMTAQ1Emjvd3aoqI/CqKtRV0GsbxNrY9akjt83qqt7fbf3httzHD1s5eXlSIhLQOD2AEwcPxHyMvLo8823+H//+n/4+n++hoqCMuv3tC9wL14lvmIFXX8Xz4bug5LADPq2tUOvriD+ggdSXVfNBPBv37yN9as2wM5yML7+36/xX//1X/jf//kKogNEYKJvhvkzF+BE2EW8ra5G5XsB0x/6wj1+7hmgeW5eQTzYbDCM9YzgaO+AYJ9gpNxLYeuaHd+OkLFDxoZU5a5HXccSd1dYcixYgnixsxsuhV9CVmbW3yKMImtfXlmOR9EP4e/rj8lOk2CgZwA5WTkM1NKEnqEu4z4pyisyVvecObNx5MhhxCXFoqi8iBE9Pze5veV1Ks8vrihGWGQYqD8YqfRJiEtg88bNvYL13ZpxptwcVYG/zXmLKzeuYN26dRgzeAy0VLUgJSOFQbqDYGxiDA0VdagracBQzwRLVq5CxN0G/c0FAAAgAElEQVSbyMjO6pDuUWuurzs+Q8aGEsSx0bHY4b2DJYhNDIwxYYIjArcHIulxEsrLynvGs6Ew6lbULfzksRrfcb9jfaNmO8/BsbBjyHiX8bcwNrQIqYOhv48fRtqMgKSoBERFxKCtrYOp30+B+8olmDTZCfp6+kx2QdNQA9Ncp+DA6f14+vIpSipK2j053bHAWvMdtNu/zHqJvUf2wtzCnNdDXV0Tftv9/jbGhjy3opIiRjfx+sUL5lxzJn8qISkOM44ZFixxgedKT4wcOgKqSsroJ9YH5kNM4blmGaJuRaG4kKcb3ZrxFNTPNIe+N3lv4gmeG5vCiSqI9/kjLjWONfxr7/V3kmfjBi6XAzNjM7gscMHp8NO9t4K4yQWtQiMK6uoQk5KCQ4cOYcakaazflIykDCwtrLDEbSmOHDuMa3euYv+RfVi8ZDFMTUygpKaIQUbU/nUe9u0+iMdPngheb/E2utm1DTV4V/wWh88ehpW1JQj6lpSQwuZNvd+zod2cPJrc/Fwml7Lx9w2wsbOBvII8JEUkWWWwz28+uHDuPC7fvAyfXT6YOnUCtEUVoCGjAEuOGZZ5eSI8LBKZ7zJRW1vDqtDb+0D25HF8z0Zgoe+rUVdYzsaSawELEwssXriY0RV6LfRNejV1DcgpLceDFxnw278PM2ZOh56eLpQVlWFhZoll7p64cO4CMt5kMGrDs9fPGAK3YKELozZQv2mjQSb4YdJc7N93AHGJcSgqLUJtQ++sR6l7X4uCynyEXjjNEzz/ti8LpTZ4U69vwVXq+9KDS14rJYSzcrNw594drP99PUbbjYKchCwUpBUxxGIItvy0BUm3klCSW4K88gLcffMAO4K3YJrhSOiIKkNURARGJiZwc1+Ka1HXkZOTzZMh6SVM7+ZjxM/ZJEQngDWpM7UTLKW+G1E3QGjUYK4dTI1MMc9lfq+Gvutr61GZW4n7tx9jw7ZtsJ8yAeo66lBWVYEddzDW/Pw7Ll24zCqk+UJCJI6e+iKV9RZnAlyGRlCWU4HOQF3Md3bGgSMHEP80vkm2oPfVYjAN4sIyRIZGwMaKC5EBIgyN2rZlW68No+jBovnLz8vHpauXseKXFbAbbAcVOVWoSKvA4TsH7N68GzE3Y1CcWwxaF+XUf6yiAFcfRiPYZxsmOzpCWUMJsiqysBhsgRVrluPi1YsoLCjsleRUPhr1FyKmYFQQE12BjA2/zsYYLs4LeiX0TUxsqicpzi9G8oNkBPkGYezYMVDXVoekvCQsrC3h6eGJa1euIyvzzwV7H0TUXz/D8dPHWedNExMTyMnIsqZuzi4uOHD4MGLi41hegNx2mtjmu4og/05FfaU5pQg7dhZWlpYQEhaCgoICfDf3TuibeTQNtaxr671b9+G9dh2sbK0gIyMDkomwH2rPKmhTn6SirKCMVReTcapubEBBfT1e5OXhcexj+O7cCvuZ4zBISw2q8vLgDrHC8p+W48qVa3id8YZHvG1jyNqT64BvbASyzoYHfV8Bv4LY0NAIHs4evU48iyaY7d5lZUhOSMKenXswc9oMqKuqskZ2hsZGWLbME5ERkUyZ7VMUBEJsSOckPeMZzl44AxLgMjQwYLovuloGmDN1PvbuagqpSop6FYWBcaOycxASchSGFgb497f/Rv/+/QVe8PxzDy4RR6n98YN7D7Bt7XaMG2rP6mdkxGUwwmYEdm3ehaT7SagorUBDwx+eaP37BtRQS12qxaksw71n97Dj5DZMHzUOBkLKkBEWh4mJKRYudMW5iAsoKiTJ1Jpes6kIeBjFh77dYM2xbIK+F+Ni+AWBFzxvvhDrq+tRmluK+3fuw89vByZNmwhDIwOoyCtjyOAhWOa5DOHh4aAWvfzQqfnx9Dvj1zRSmxiexGjIsaPM4BhbGkFeUQEGOsb4Yc5s7DyyE0+Sn6C4spjlcHqDh0PGhtrIHjl6BCYWxujTvw8kJSV7ZYKYyLXvct/hctRl/O79O0bajYKmsiaTgbW3t4efrx/iH8R/YG/TA/jxXLO/0YCcyhw8SLuPQN8tmDXCCQaSmtCUVIO5qQVWrl6JK1FXGFDSW+gcdK8Cy40i6JsqZn/2+Ik1TDc2NAZB3yFhIb0K+q4sqMLzh8+xbeM2jBwzgvUVkpKVhJmeKVatWIlrN64iKzfz04vuIzeZjAeFSc9ePGOKf3PcfoCW8UAMEB0ATUNNTF88FQdDD/Bg8fLeAYszzyYnB8dCjsHa0opB3xrqGr0O+qYwmRL10Q+jsfyX5R/gbRExEVgPtULgnkAmJUGe6ycNzEdzzTp01JTjceoT7NoVhFl2TjCR0YGMhBS433Hh9dsyJk9RVFjEQqrWnLMnP0Nrl/pGkeC5AELfJAt6Ax4eHrDhcGFoaIx5zvMRGh7aK6Bv2nEqKyoRFxOHvbv2sBa8OoO0oaykhME2dljhsQKRERF4l/WWoU6f3eWaLUL6DOUESspK8PTZUxw5eQguri6sTYyiqiK0DbUxdy6FVPvxJOYJkxKlh7k15+6phUj3w/Rszp+HDdcGQv2EIC4mjk0bekcrFxo3qhXKzc/D7ahb2LB2PWxtbSAnLw8pUSnYDbHDL5t/wZ3Hd9ose0kIY15pHh4mPEDgnu2YOXMqBqpqQlVNFebW5li+cjnOnTvPYPGamhqBlhvhezbUyuVPRX2Ojgjc1sNFfZSzoQpiNw83WDWFUQudFwq+nk0TvE1tSNJS0rDnwG7MmDsNega6UFVSgY2lDbw8vHDx/EXWxoUetrYaA/o8hVxpz9Jw7MRxuDg7w0BfH+IiEjDSMsXsKT/iwP4DiE/moVSU8+kpY9Ka76Xd/sqVy7DtZXQFlgxuakVD8PZG740YYzcKsuIykJdSwBDLIfj1l19x7cE1ZBVlMTH7ts41jV9BdSFuv7mPTXu3YNSw0VCXU4WkkBhLqHut9MKNW1HIzslmtA/K/bRmzLv7M3TffLoCg77N7FgzxT/RFUp6sIKYxLNWeqzAEO5gVkHcG8Sz6mt48HbsrRgE+FKOxgka+mpQVlOGDZeLn1f/hPMXzjN4m3b09k4683DKeR7OibMnsGjxQiYwpiijBJ1BuqwA8lDIwQ+wuKBqEzMiZmEhQkNDwbHmoLcQMenhIc3g3LxcXLl25Q94W14FytLKLDG8a/NuPLz9EFn5Waiqq2q351HWUIO0snxcuH8bWzZtxYzhk2AsqQV1RWVwhlljxdrluHTtAoryBRcW56NRBH3zWd8fiJg7A5CY1INETB7rOwqeHstYGEU5G0H2bOhhZgagoARPH6Zh3/b9mGjvCG1tLcgoSMPMygyLlyzAuQun8PpdOuobeULX7TU2dBx9H6FUaRlpPInRxQtgbGgEWRlZWFhasDqcg4cOIj4pnvGPKKSiSW8UoN2PjE1RcRHOnj0DLodXZ0PdFQSZ9c2fa0oGX719FT97/wQrOyumDa0gp4ixtuPg+8s2pDx6ylosExrZHo+Gvzaq3zciv74ez7NzcO/efQT6bMOs8ZOgpz0ISuqKsB5mjVWrV+LGxShkZWSgsb4SDQLmzfKNjUBC30TEJNY3D/o2goGhoeAam8YGUI6G5ANSElJwYOcRzJk5H5pqGlBXVoOVqRXcPFxxPOwgMt48QXVNLhred05oQwufweKv03HmXCgWLHBhvcXpgdXV0sfcGfNx8NBhJD1LQnF5MeslRW1aBcndrq2vwdWrV2Bna8fEwvr364/13usFtoK4qraKsbdvPriJ5es9YT3CkjUKlJaTwtBhQxGwLhDxUfEoKyrjwdtf6HTKNyqf+0lzVdtIuaFalJSX4H7qPQSc9MPEqRMZmZOUDa1MrLB80TJEnY9AeeFb1NS0PyT53HV05PXmYZQAimf9IQtKbVl1DXWYno3AaRATHb6mAeU55XgS/RhB/gGYPHUqDE2MoaiigKF2Q+Dl7oXQsFCkvUxGRTUZGloIndNyhSaR7+E8e/UMDBYnD8fKEHIKcjDQNsb8+S44fPwQElLjkV9RjILaWlQ0vhcIg0PXXlZeiojICHC5XAj3E2KJ1c3redwoQYN2qY7mbeZbXLx2ET95/wSLwWaQUZSBsrwKHBwc4B/gh5j7MSjOKkZ9Xcc8mo8fbkKo6LV3Je9wK+EWNu/YhCn2TtCXHgh1WWWYcU3x0xoPXI8KR2bWG/b9H5+jp/6mdcqHvqkjpp2g0RUou0+sb+obpW0wCPOc5yEyPFLgBM8rCirw4vEL7PQNhKODPRMnl1KWgqGFITw83XH+/HnG7qYHqyPudEsLhdxUehCevXjOKB1zlvwALaOBDNkhlcMFi1xwLPQYYp6lIL2kmFWr1rEanp5NKPKh7+PHjjPoW1xYDKqyqti+ebvA0RXoWvPz83Hn9h0s/2kFg7f79esHCSFJDLcagZ0Buxi8TehUS3PV0fcqKyuRlZWJm/evw2+zD77nOkJXWR391frDcowFlq/xxM1bN1GYJzg5HFqfn4S+BYWuQL2+3T3c2Y5namyKRQsWCZSxodqKqsoqJMTFY9+ePZg5fTr0dfWgoqQMOzs7eC33QljYWbx+/ZrBuw1dqLrG93BKy0vxNP0pjp46jAWLnWFuYsaux0DfEPNmu2D37gO4lxSHnLJC1FKDtC68ptY8VERXKM4pRvixMNZ+t3+ffhAVFsWmdZt4YVRd54SbrbmWlj5DBXu5BbmIvhWNLWu3YIjtUMjJyUFaXBqjOKMRsCYQMXdjUVpW2uWNAsnbo1bMWbnvcP/hXQT7+2PGtGnQHKQJFQ1lmFuYMWDl4tkLyM7MFgg9HL5nQ9C3v7e/YHk2BH2TsVnisQRcGw7Mjc0Z61sQPBvyUKgGoqCwAGnJqdh3cA9mzJ0KfSM9qCmrgmvKxTK3JvZ2RgYLc7rKo/n4AaHvoYWY9iwVx08cY7C4no4uJEQlYahpjNnT5+HIiaNIbsrh1FHuqB3KaB9/b7v/rm9g3KjIkAhmbPp+2xfCQsLYsE4wWN9srutqkZ2Xjdv3b2Prxq2YMNwJipJKkJOUw1Crodi0chMSbySiLPcPrlO7x6OVyXvaJOh/QXkR7qY8xhb/HRg/whFqCmoQ7S8KW1MufvZcjVu3brFWObQxUpPErr6uz52frrU59N28SV3g3kAkPk1kNI3PHf+l1zuoZ8PrG0XQtx3HBnqGepjvMl8g6myoireguBD379/Djq3bMGmqEzQN1KGuro7BnMFY5bkK4WfD/8Te/tJgdeb7hPBQ4V/qcx5bfOGihTAxNoG8tDx0tXWxYPECHDp+CPGp8Uzxjx6ozvz+tpyLHoK87DycDDnJBM9JQkNZSRnbtvY865sekKrqKvAlalf8zGNvqyqqQUVGFeOG2GP3lj2IuxuHwpxC1NV2/wNdWl+DtMICXLobDV+fbZgwxhEaiuoYqDoQQ4cNxqo1K3H5+iXGFq+u6drwrqV556NRf2F9T3PCrp27kBqfiory9peCdNjYUAUx9frmcjjQMdDBfOf5PRtGoYEVTuUV5iE2Ng47g3ZhwngHBm9TMpZrxcWyJcsYqZK4TvTQ04JtaRK64j3+d1ZUVyD9VTpCjofAZYEzdI10eDC8hRnmz5+PQ4cOIzmhSfu1oaFHrpUMHcXyJGTPoG9xEchrymPb9k0oLchFXQ+RDfkezbvsd7h66wp+WfcLY29LyEhATlYWY2zHMHg7+UEKKksqP7C3u2I+WzonweIFdfV4yWDxe9i8ZTMmOE2Ajp4OC6k4Q63x06+rcfN6FN68fc3oLj1R5EnGhhLET6KfwNfbl3VXYHU2Ex0RHBCM5JiUnpUFpQpiVw9XWHAsYWhoiB4t6muCt6nZ2JPYGOzdfQA//jAPAzU0oaqkCo45h6FOEWERLBksCG1j6YEpqyhDaloqTpw+jjmuP0DPUgeyCjLQG2SAedNdcGLvKTxPeI7y0vIuzzV87qEhT/FKE/TdV7QvBqgKwcf3V5TlE6JS1e3GmsJKmj+q9SJZzuXrvGA90goEbUsRvP3dEPh5+zF4u7SA1xKXShA+d39d+TqDxYkxThImpSWIjruP7fv9YD9lPFQ0VFhzQ1sOFz+tWIFLVy4wHh5tQt0dUjUPoxj0za8gHu+AHTt2ICaWl+9q71h12LOhnM1Sj6Ww4nBg1INFfcxTqOXB24+jnyDQPwiTpk6GgYkBFJTlWX3Ico8ViDgbgVcZrwSmrxNdN3lXZHAoaXzk5GFWt2RgqQ9ZeVnoaxsyidGDRw8gMT0RJdW8hmi0C7V30tt6HF0fJVXDI8IZN4pa2MiJy8F3wyaU5GejrouRnY+vl41ZYx2yC7IZvL3q11WwsDOHhII4ZJRkMNZxDPyD/RH7IBYl2SWor+8Z7/Xj635Pc/2+HhnFebgc9xDrfH1gP24cVBVVoaaoCjsbG6z6bSXOX49EZnZmk7xF93ndNK4lJSV/eDZmtjAxMIHjxAnYEbwDMckxHdLU7rCx4RExPcHl2sLI0KRHivrIO2B6MoXlePHkBQ74HcC0ydOhqK4IKSUJGFjoY4mHGyIjw5mb2lOh08eLr/nfZDyIS/X8+XMcP3McP7jO4sHikmLQMhmIma4zcPjMEaQ8S2G5Hrrn5sd35e8EJ5PEREhICA/6/kYc6n014Pd7k+B5fffKndL1FBQX4N7De1i9ZjUsuBZMPVBURJQ1ldsRuB3PM14y8mVXjktbz01V4VTKUNDQgPTCEly/cxdbNm3GmBFjGXlTQU4edsNt4fWbJ27duYGCfGrfTF5j98w1rUE+9O3j7fOH4DlB3yR4nhaH0qrSdq+7Dhsbfhhl2UNETLLG5OIXlxUjMSERIftDMPf7uTDUM2SawdZcayz2WoyTVBmcEYvKygLe5PVAnqalxflXD+cIg8XNTE0hpyALbX1t/DhrHvYG70dMbAwTf+ouo0kPd3Z2Fo4d5UlM9BfuDzE5MWzy6X7WN2NZF+bhzs072LBmPfNYifqhIKmI0TajEeDtz3pVl5S2/6FoaZ46+h6FVFXvG1BaS9rHObj36B627/LDtKnToKOmAxUlFRhbGMNrhScungtHQVYGGuran5Rty/XSGiQ0Kj46XnCh76UeS2DFsQC/13d3VRCzBGF9LSPaxSXE4dChg1jg4sK6PKgpqcLaxBpui9xwKvI00jNiUVdHvawqu22naMtE8z9LuwuDxdPTEHIsBM7z50NHWxtS4tIw0DLGnJlzWdI4ISmBSYwyg9PFdTi19XXIzi3AsWOhsLa0Rj+xvhBRE8bGbU3QdzfU2bC5rqtFTn4Obt27jU3rN2HM4FEsnKMe3CO5o7Bl9VYk3kxCRW5FjyWD+fPY0k/ycCikov9FlQV4mHIX27Zvhv3w8VCRUcYAIRFYc6zw08+eiL51AbnZGR80jbuy5opvbPiC582hb//9TZ5NZfuNeIc9G+obtcpjJev1rW2g3a0VxFU11cjLy8O9u/cQsD0As6bPgrGBEQapaWGI9WCsWLYCZ8+cxZvMN6iopiRhJRo7ie/U0mLq6HssR1JeykTUT549ybhUZqZmkFeWh6GZIRYuXoCDhw8iJi4GRcWFrEaoo9/Z0vG1DQ3IKq5CyJmLsLK2ZV0hlbqx/S49BJQMzs7JYZImJHxlM4QLJTlFxt4eO3gs9mzeg8R7CSjMLWDwdk8lg1sax7++V4+a+lLkF6Xj7t1L8PXxhcMoB2goamCgmgaGDh+M1Wu9cOFqJN7lvGObUFfWW/HDqIfRD7HFe4vg9fomiQnSfulW6BsNqGmoQV5BPp48isGugN2Y6jQFRtqGvESbpS083TwZBE/wNjF63wOM4PjXCe+5IqrPXQt/96qoqUDaqzQcPXYU1CZG31gPCiryMDM3xdw587Bv1wHEJyYwtjg9XLRYPnfOjrxe21iPzIpiHD13FlZcLgb0E4aMqAw2b+javlFkZPjXTcngC9fOY+VvK2FpawlxGXEmUM6Dt32ReC8RlaWVPVbKwL/Otv5sfF+NuvpC5OZm4P79aGzeuhkTJzjBQFsf6hpq4I7iwOvX5Th38RyjWVAYSV5e87Fp63d+7vO0fvgJYuJG2ZraClYrF37OhqBvYn13OfTdyGv+TvB2TEwM9uzcj7mz5kNbUxvqSmqwsbCB11IvVrD35s0bhjqxwe3JCtxWVpz+aRE0VZKWVpQiNT0Vx08ex/z582BsZMxa/+oPMsTcmS44fPQIEtITGNO4q6DS2vc1yKx8jaPnD8LKxgJ9v+mD/n37Y93vXc/6Jj2a/MJ83HpwC0t/cYOxjRGkZaUhIyfN4G1SlEuISkBxXu+QWP3THLN1QcnfWtRRR86yItxNuI8dewMxyXEytDS1IK8mx6QxPDw9cIFg8bwsnofTnjX1hWP4YVRidCI+Zn0H7AtgBaYk9P7Xe2jdht3hMIoPfVt3A/TNrHltAyryKhB7LxaB/oFwmjwJevr6UJRRgJ2lLZPypDqajIwMVFdXd8kO0N7BbutxdL8UUrE6nGepOBF6gnXeNDY2hoK8AoyMjeC82AWHjh1CQjIvh0O7Xmd7ONQRM6voDUJCD8LK2oJ5NrListiyYUuXcKP4uzYl/gkFu3TtElatXQUzjglEJUSgKKuI8fYOCNoVhLhHcUysvr5OMODtts4x//OUwyEP8lVJAa7GPIaPjy8cxzpCXVUdSopK4HCtsXLNckRej0BGVkaX9JCncSfPhvRs+EV9xHecOH0idu3ehdTEHq4gJmPj4bEMHK5Nl9bZ0ENE8DYVaD1//BwH/Q5hxpSZUB6oDGlFaZgZmsF9kQfORZzDm7dvep07zV90n/pJxqOyppL12z4Vfgrz5s+DgbE+2/VMrUzhstAFRw4dQXxCPPNwaKw+dZ72vkZ0hdzsXJwIOc6jKwiLQkVOpUtZ35Sjyc3Nwd07d7D6t9UwtzGHmJgYJAdIYqTNKARsC8SLl89ZLofdV2/zXD/yMviweH5DI9ILihF16w58Nvhg3Mhx0FTThJKSIoaNHIJVa1awzhBvSRe7urJT83W0zv4CfRuZwmmKE3YH7kZabBoqytqPjHXYs2keRpFMQlco9ZHFJfiVhKXiY+NxIOgwfpg6BwZ6+lBQU4C1nTWWey5H+NkIvH7zmnFlaAHyd8j2PmSCchzdBxlalsN5nobjx4+xNjHEHJaTl4Oejj7mTJuHvTsPICE1ESWVJZ1bacyImGWIPMYjYvYT7gsRKRFs3LSx8yUmKB9XV8Mqg+/evg2fDRsxZMgQSEhKQFpMGsOth2Onz04kPEzsFvZ2d68BojaU1RLqlov7T+5jx64dcJzuCE0tDegq6mKE2XC21sMiw/Dm3Zs/jO1Hxqs9103rjKBvQqP4rG9jfWM4jneA3w4/1hiAijvbc246pkPGhid4HgVXDzdYcCxATeo609gwY0E5mvpahjrFxsVh394D+PH7eTDWM4WqsgqovocK9s6dO8dkIijsoH/tHRBBPo52Hh5bnGDxo3B2ngdNLU1ISEhCV8sQc+c4IyT0GJLSk3i9xalrQyfA4qwjZnYp+KzvfkJ9ISItgo0+nQd98zcG6r2dnZvNUKcNGzZg3OixUJRVgKSIJL6z/g6bftqExPuJqC6pZhW2/OMEed7acm3k4aAJGC+oKER0fDTWbV+H0WNGQ09WH1rCWhjGHYZVP61kHs6b7DdNxYsdTxrTWBI36oOxIboCGRsHB2z3347H8Y95ucF2GrYOGxuqIHb3WAbrLgij6OaJBZuXn4f79x4gYFsAZk77Hoa6hhioPBCDre2wwssLYeFnGXubPttVmfq2LJiu/CyDxSlp/CIVJ8JOYJbzLOia6EJSSQpGFkZY5LYIB4/wYPHC4kLmEXX0elgYlZOLk8dOsgpiUWERKMkqYdvmzmN901xTB4fs7Bxcv3GdtbHlDuawNr9y0nIYyhmKYJ9g1qmyKK8IZAA7O1zs6Dh11vFsg6D2OdWVePP2LaJuRGHr5q1wGEkCXLrQH6iPESOGs97i56+d48HiNZUd9uT5YRRB35u9N/OImEYmcJrmBP89/oh7GofSnqqzySUSHNOzcYcVt5O5UWhgeZf8onw8jn2E4F3BmDJxCgx0DaCiqgwrK0u4ui1CWFgIXr5MQm199d/Wo2m+iPmeCoVUqS9Tsf/ofsx2mQ1to0FM4tTU1BTzZs/Hvt0HQIV/xRVFzMvriAdADzXJYTBuFIcL4b486JsSxNQOh7yR5tfYlt/Z/YAnDJ9bmIsL1y9g5ZqVDIGRkBFnusFcOy5+/vVnlrisLq1mhqYj99OW6+vJz9LGUllOin9ZuHcvGpu2+mDCJCfo6etBVV0VnCHWWPXzCly6dIHVklEE0JHNloyNwELf/L5Riz0Wd24YRezt2joUFBTgSdwTBB8Iwg/zv4eOtg5UVVRhbWeFRcsW4diZQ3jx+hGqajJR31gDqsvsycXR3d/NV/wjeYq58+bCxNgYcjJyMNI2wbxZLjhy7CgS0xJY4zVauB25PlrIV69dwWA7O/T5pg/69e2P9Z0BfVPv7NoqprB35+EdLPvNAya2RgzapnyU3XA7/LLxZ1y5dwXZ+dlobGzsdjZ0R8ato8eS8aA6saLSQkTH3cO23dsxzmkcVNRUICcjCzuOLX5auQJXrl1GZm4mGFu8nWEOGXC+eNbH0HePVxA392ysOdxOQaPoht/Xv0dVXhXi78UjMCAIDtMcMMhwIIvduZYceHp54kzEGTx/nYbKmgI0CDgFoaML7lPH0ziRASmvLEfqs1RQpbHrElfWb11eXh6GpoasE+ehkENIesrL4VAdDu1enzpfS6/Rgi+rKEXkOWJ9c9Gvbz+IiYhi4/qNDPomQ9TS8Z97j90DUSFysj/A2+Y2ZhggPgAK0opwGDseQbuDcC/2HmsgR32d6JjPne/v+jrNGRXzZeVl41b0bcZJsx8zHppKA6Emrwo7WxuGUkVei8DbnLcsx9meseB7NgLZyoWMDT9nw4O+O876pkElePvZo2c45Nuno8UAACAASURBVH8YM6d8D3UtDcgqysDC2BJLFy5lSoCkGUycnUb28PzzFiB/MdECoTYxr7Je4eSZkzxY3FQfipryMOeYY8GCBQwWj4uPZ2TV9ogykVHLKynCqbAzrEmdsJAQpKQksXmTT4fCqJqaatAaInj75zU/w8LGApJSkpAUkcIou9Hw3+KP9OfpzPPh3+8/8mdTmFlVUYXMN5m4deMWtm7aign2TtDSHMTSCkPG2GHFGi9e0pjRcyranNPiG5sH0Q9YzsbG1EZwKoj5YdQf4lntR6NoxyJDQ/B2YnwiDu48jNkEb2vrQ1VBHXZWdljpuQpM+Ort2w+Vwf/Ena75A8e8g4Y69kCmESx+8jiDxc3MTCAjSwJc+pgzZR7L4TA9nKpiBou3ZdxIFiGnpgYnL10Bx8YOfYX6QFhSCBs2NVUQt5WISfk4qt3JzcXd21RPshFDhwyBqJgoEycfZjkMuzbvQtKjJJYran6//+TfacyoUDU/Pw+PYh/Bf18AHKY6QF1LFSrqyuDYWGPZ8mUIPxeOt9lvWQlBW8aL1gQ/jGLtdz9q5RKfFt+TCWLq9R2FxQz6JqW+thsbtuibKAiEOpF8wr59hzBn9kIY61tATUkNtuZ28FzsyQr2qI6Gdtq/K7zdlsXR/LM0Hny2+JEjRzBv7lxoaQ9k/CFdNQPMn+PMOnI+TXvKFP8aGlpXYk7fQc3XsiurcPz8JYY69hfuBzFpUWzy4YVRre0bxTdwDHUiePvGdRC8bT96DFTklZhHM5wzHBtXb2Twa1VJlUCzt5uPf3f9Tt4HjWNhWSHuxt3Fui3eGDV2JNRU1BgxdejgIfjpl9W4fOMS3rx7jcoqXuEff+xbuk76zJ+g7yZjM3HGRATtCUJSShLKK9rfWK+D0PcfYVR7oW+6QaoWJfb2g/sPELidWl7Mga6+NdRUdGFnOfgDBeHtu7cMHqUcQleyX1uaEIF9rwm9o6RxytMUhJw4ijmuc2DEMWSVt1Rwuch1EU4eOYn0+HS2g7FxbEUykScxkYfjx0/C2soaYsKiUJJVbjP0TcgTFexRjibq1g3We5s7mAsFeTkoyyozmYjgTcFIepCEwtxChjp1Fd9LYOfxC/PBNxpkRKhSntBggsWp0lhbTRv6WnoYMYpgcS9EXopExusMtgnxj2vpvsmQUQUxP4ziEzEnTpuIXcG7kBbfgxXEFEbxoO+lsORw2uXZ0OKjxu8PnzzAzj3BmDZpCvR0DaGkrgVrjh0TJ+dznQhi/Y9H83mPhL+giEuVnJaCQ6cOYp7rXGhpDYSSsiLMiNow1xmHdh9EYnIiY4uT0eYf97mFSDUthdmFOBsSCkrQC/UVgpSIFGN9FxUUsZDoc8ey13lbA4PIaa4v37yMXzb+As4QDmNvS8lIYvSwsUz5j7ogVJVWsVbJX7quFr/zCw9tbz+W5oQ6HWRnZ+PevXvw2eqDSVMmsSI8DXV1cOyssXL1Kly6cJnVoLUGFucbm+joaNYTbIjFEPz/9r4EPKoq2f/NNy7zd1RQQAERQhKS3pP0koQQAlGUPaGzdcKigiIMyKAjqCPqE0LSS1Y2CXs63R0WcQPXpzKKQiD7zibZIJCAQCAQQtD5va/qdicdEAbBj/j+Nnz3uzddp+qcU1Wn7rnnVNUZ4h/Mydkzlq9EeWF51yU8d6zZzG1PeP4rPqPo0+nSJZxoPIHc3L1Yuf4dTJs1FUqlH7wGeWH4E6GY9+p8bPvwI/YMJqPkestd29BcOXiazp3F/kP7+NSGGc8/j8HBgzFQ7AaVWolpU6eCdqlK95dyTtn/tC1Oin2u4Rw+2fxx+7lRPR7occNnfdMMihwu6+vrsfP7nXhD/wZCw4ZhoOdADHAfgJFjR3KcVWVuJU6fPM1yvtFZ15X9/sP8Te4hP7XxZ+aPTT8ipzgHS9cuR1xsHGRiGQa6uWPUk6OxeGECdny7A0eO1/HO5fX46jA2e3bvQao+FaOGjkawZiiiI6OxdPlSFBQX3tIa2i1/RtHM5uX58zEs9Ma3vumN9e+2n9FysgXluWVYnbEK0U9FQaqWwGOgO0KCQvDaa69i28fbeRpIaQZcb7kbNzTEK1LE5gvnOYk6bYvPfXkuNIFq9H/0UfZXmvX3WbBusqJifwVn/KNBei0e08IkGYEP3/0AoSHD+TRMDzcPpKek/8fdKKJJb1VaDP78q8+xYOECDHsiBL379YaHmycmhGl5RltSUoLzTeddM5pfOSOjmT7xlw/o2/09UpJTERUWDbmXAhKJFKPCx+BN45vY9uU21NTVgMYSvbR/Sdb0G63ZUFpQWiAeGTSSA5x1cTFYtmZ51yY8p5mNY+tbWLP5z1vfZFlp16npxyYcyD2IjauzMf3Z6ZAr5XDzGICQwUPx0gsv4aMPtrGhoRnNLzHmD/MG+5XK58wX4hvlHzlcf5gXh2fOnMEzG5pRDAkJxpw5c2CzZKO4uJhjXq41w6Ht8hNNJ7D1o3cxfPgw9O7TG15SLyxdev2zvi///BPPaBoajmP397uwKGEhn+vk5jYAjz7cH2GPhWOJcSnn66Godue2u55v/OVCcrtw/gJvi3/7zbcwGZMRERENhcoXcrUU48Mfx1tvvYovPvuMTxahjYRf4i/rS9M5UD6bX9qN4oTnXReuQLtRO0AexENuIBCTOkOMaWpuQllZBcyrrZj+1AyofFXwHijCY0Mex4JXFvD2Ni1+0cIxZaBzGZsbVzxnJXLwm5zhyPFv89bNmPHSDChD/NCnf18o5SpMn/g3mNdZUPlDJUeLE74jJMJBq+3fl9B4sRFbv3gXwx8fhu59uqOnpAeMS68fiEkLy0La1t1INSVhzKhReOihhzCw30CMCR6DjPgMlH5Xym9TR12u+83JmsZVa2srHzf9r/ydWJhhQNjECGh8FAjq1xeRAQF4+7V/4vPPPkN9Qz1aKUj3CgdJ+oyicAXHAvHv1M/mJQSHhlzbg5gWIX8WPIPJYa+ooAjr1m/AtGnPQeMfAG9vbwwfOhwvzyWHvY9RV1vHi4muxeCbUzznAUuGg/7RliUZHPOWTEyf+yzkvnIM7OcBP28NZs2Yjc3vb8a+/fvQ3NRsP6+oo+7LP7fhdPMpfPjJBwgNHQ4+XaF/byQl/cLpCva8MrRGQ7tOX+34CkajAdqwMHh7DELfXn0RPiIcqW+lovDrQjQ3NONym+uF4iyzm3rmYB1hW7z21FFsz/kc8cmJmKiNQshATwzp746IUWOxaPFCfPGvz1FzVNiloi8Nh9GhOxkbOn43LTFNCMTUBCJmYgxWrF9uP8qlizL1Xe1BHHDNFBO0GNzyYwt7Bq9dthaTJ02B1E/KCaCCRwTjxVf/js0fbkTNkWr+br/eQtZNCeMWPkf+f6iP3ny8LX6ggrfFZ/5tBgYHBPL6S0BgAOa+NBfv2d7DoZKDwsmbTgm4aIG4+cQ5fLLlYzwWEore9/eG9wMiLEtYJqzZOIUrXMbl9nw0O7//DgveXgCK3h7gNoDPMae0rSuMK7Bv7z7e3qb1IJesOwz7reoa8ZJCWKpra3iJY0laOnSRkQjwVUMjV2Fc2FgsWPw6Pv3iE9RUV3MCLq7Tvo7jcOqj2Cg6XSFQGYioqCisWLUcpftLcLaly4yNY+ubjnIZxnE5lM/m420f83abY2ZCC1iUM7iyYB82r34X0yY+Cz+FLzw8PRAYEojZ82dh80frcaA6Hxdaz/Gb+FaZ7sLvrMD01iJFZIOzvxLZW7Lxwt9nQyGXw0s0SJDDzNmwrDXztvjp5o5ocTIItPX9XvZ7CAoOQvcHu+PRRx5Fmj3q29mp72LbRZz88SS+27kTKcnJeHLUE+jv1h8D3NwwYuQTeHPhW9i1cxfIYY/oOt6qLnl1ltet8IP4Sms4Dccb8F3O91i0NBETJsdAo/KHr48Co8ePxH+/9SY+2f4xjh6rF2Kp7HFztEBcuLsQy/TLMDJ4FIKUQYjSRmLV8gxUllV2rVOfsGZDZ30LybNmz56ND7cJx6eQ1aCOc3Ly4kKsX5OJmVNnI0AZyKcgPB7yOOa++CKyP7DiYHUeLrYexeWf6QTAP26s060o2Y3gksFpOt+EgzUHsfm9TXh+urAt7iZyg9pfhWnTpsK82YyS/cVobm5mxzp6WdCZ2raN2dAEq/GXh+/BA149YUjryNRHdOnT6Uj9EXy36zukmEyI0kawZ+sgj0EYPy4Mi02L8eXuL3G08ajgxmBP6n4j7XaVuXFjROucJI+fyfP7VAO2536Bhcv1iI6J4fVRhUyBcaNHs8H5+tuvUXf8SHsSdXLqo3w2afo03voeoh6KmMhorFm+WnDqa/7lxeUbkc9vtvVNgZhqjT+emTMV5u1mDgwkY0MWtrysjBMmx8ToIPaSQOwmwYghI3gx+KMPP8IPtT/gfOtp/MzR27eWCuFGOv1HLkMzibZ/t+H8JdoWr8TmLVv4XCqVRoUB/ftD4SvHtBenImuzGbX7a3GhSTge5cSpE9i8dROGhATh/l490cvdA6ZUYeubXijkcEmLwV989QVeX/g6nhz5BKe7GDTAC9qxEVi9cg1y83PRcKYBf9To7dutdzT+Wi5dRFVDLb7auQMpSSmI1cZCJVFBIpVgZNiTeMOwgLfFa4/Usne+I1yBdqOeHPIkgvyDoJuoQ8bqlV0druDY+p7PCc/Z2LwwFZnbM3Gg7gDniC0vK4fVnIXpzz0HH5mCA+1Cg0Mxfy457G1DdXU1d9I1nb7xN9dvobTEb0qIdeDQAdiyrZg5628I0Gjg7jkQ6mEqzJozE++b30N5sZCegozNBx++j+HDaYH4YTz8qCeSkpfi1MlT/GlWW1+LHd/twNuJb3PiK3d3d9BJlROe1CJdv4TpUH2/RdtdNG5cV2hH8MKFCzhadwQ7v/kWqcYU6CJ18FX5wVejQFjYY3j7rVd4W5xCG8idpXiX4GczwjkQ03HWd1dufX/9r6/x9/lzEeT4jHphNt776D1UHqxE5YEKrF27Fs88/bSQ+GqAF4b6h+Af8/+Brdu3ovZoLS8Gk/K4jM2NK9BvMdh4hvNTG7sXHKw6iPc/eZ8PwvNXa9iPRiaVYopuMtZtWIuKwxWcF5hOrng89DF069END1DUd4oJJxobUX20Gp9+9yleM76KkFFD0aNHDzY05IG6JnkNKvIqcPbMWU5R6pLz7ZXzT/RJ9dNlnnnS6al78nch7Z1kROoi4S9XIPDhhxBF2+L/fB1ffvk/OHjoIK+ppeiFtKB0lIvuGR1WmFeg6EBR10V903c8eRDPmz8PoexB7I9Zf5sFijr+4rMvYMmy4ukpT0Ppq+QD5J4Y+iTmv/gKtn64FQdqD3BaBJrq/RaDx0Xj1ysxDXzyrTjX2oyDNQc4hGHmjJm8eO/m5gapQoqZc2Yge2s2dufshsVs4RzEnPC8X08YEhNxqPIQtn++HQv0CzB8/DDeXezXtx/CHg9H8hspKNxZhOZTwtqPy9D8ehn9Jnpt3xYnWsdP1mPHzi9hMBowOSIaQ908MNjTE+HjRyPeuAhbt72Ldz/cgvj4eLCfDW19x8UgY3UGKioqum6BmIwNnfX95vw3MTp0JNRKDaZMnQJjqhGGBBOenzYLYrEU/fv2R2hQKF6b909s+2gbao7U8Ao4LWL9Jsz8g29r3yoPyUOYtksr91di46aNmPn8DAQGBaLPwN4IDh2CF+a8wEd5LF64GBqVBj0f7IF+fR/Bf89/C19v/5oD/oY9OQz9BvSDp+cgjB4xBssWL0f5N+U41XCaHTldcW1dZGicxgaNN1pDra2uxY4d3yA1JQ3R2gioNUrI1TKMjhqNua/PQWJaAn99DA0YikBlAKK1UVizbDWfG3Xh3M17et/iArGwZvPKvFc4ZkYqlmD4iOGcjZ12HwZrguDpNQjBwUPw6j9eZc9gykdD+UzoH71V6W3n+t+1HHDIgaPF91UgO9vGBkblr4REKmZnzWmTnsXTsVPh6e6Fe/96Lx+/Gx0ehQXzFmDEiBFwG+QGD28PRIyPxPLFy5H3dR6aTwgOe0TfJemulbGjdspj1Hy+BT8ca8Bn3++CcUkS4p6JgypQDR+1AiEjghExUYtxEeMg85FBqVQiKjwSK5esRFlBGc6d6zI/mwYOV3hx3osIHDKYEzW5DxoIsY8Ibu4DQDEwmiANps+cDovFgtLSUt4GP332NKeoPHP2DCg6+ezZs5xH43TTadBvjou8GWl1/OzZc0IZKn+2qb08bdM1nT3LNAj3dNMpxmWca+GdOcN1UZ1E6/QZwhPqbcc711EflXO0j+rj57NnOvDOnRHaaK+PaHK/mP4v98tRj9D/Jl5Id+A5+n4tGPf/HPVZqMe5/JXPdKCYo71Xwpz/JpokhzPnmjjDW15BHjJWZSAuLhZymQwPP9Qb/orBCFIORa8HH8Kdd9yJv9z9F0hEYgwZPAQDHu3Ps5rHRj2G+DfjsfuTXag5WMMJnuj86jPnznAGRr6TfJvPcHoL8vmhi/+mMk6w9rKO35rPMJ/a+0M0HJddZ5g3xHemadedprN2eXTm89W8EfSK9Ink7JB1e332Oq7G65C/M08dz4RPF+uYXX86y1po11m73hBe09nr03TQpjvr0hnS5Y5x0w6388fRZqHe0zjZdBpVTaexh9bqdnyAtxPfxNhRYyETSTFw4ACI5N7w9vFCH/c+kPhIoI3QYvmK5SguKWZ53exM+hZnNrRm8w1enjcfAYGD0bNHL9x3373o9mA33NfjXjzq2Q9jJozh/LIfbPsAu/Z8j/ziPE5pmFeUy3c6eK6kqAy5e/KQs3s3cvP3Iq84F/mFeSjeW4zy3eWoyK9ASXEZ8ovyUVhciLKiMuTnFvBZUsUFxaArZ3cOcvbsRn5BHkoIL6ccFQWEV8pHwRQVF6G0qAx5e/OwN2cvSgpLUJhfhN27diMndw8KCvJRuqeU8coZr4TxKEixtLAMe/fk8lVSWIqCvALG22PHK8spRcWeCpQVVaC4uIjbSfVSWUoIlrMnh/P1UL8KCvNRmlPKmegK8gtA7SorLue7wBPii503RcWdYLlFuSjk8mUcPElH3HTGceDmoqA4n/teWlyKgqL8a5YjfG5DSTmKKoqRV56HPXtzsWnTZrz6xnwMeywED/XshYd79kGvBx/GPX+5h43NXXfehW73d0Ovnr3Q68Ge8FX6YPZLs7F2/Vp8u+Mb7Cnag9x9ecgrzUVeSS5yK/KQW5bHsqXn/MoClJSWoaSslJ8dsLyKXORW5jFOXmGuUL48F/n7hPKlxWXcn9xSoVxuaQcPKMsj87K8GAXlBSjJLRH4XGDXG+ZzMZ/YQfJx8Ib4SrwsKS5BcUEpxwbl7slFWVE5iotL2vWVTvqg+h06RbxjvckpBekAPTvLo6CogMsW55eA0jaQzl4p68Iikr8gTwcu6QXryJ6Sq2g6ytCdx0hOCcp2laEwv6BT3aRruRXEt0KUlpajtIjGgdC+3OJc7K4swNcl32P7zo+wZHkKpsY+A3+FBo/07cMpXx/o2x33dPsrBooGYnzseKzakIH9+/e3++PcjMG5RWMjfEb9Y948aAIC0O3+7rjzz3firrvvwt3d70Zfzz54YtQTmP3CLCQYEpCUmgRjihH6lETokxNhNBmRYkpFmnEJDPFGJCxaDINeD6PJAJPBiNTFqViycClSE5chyZiOREMip5FMNy5B0uIkJC7SI9WQylfCwkQkxicwXlq8HU+/DCZjGhINCTCZkkB4xsVG6BfpkWZIA624JyxMQOLiBCQZTEhflI4li5YihfFSGC/ZlIw0Yzr08QYY4g1IM6QjKSFJwEtM5CRD6fHpSI9fhmTjUhiNSdAbEpGSRP1Kh36RAQnxCTAYhH5xPfHpSFuUDn1iEvTGZKQYU5FsTOIYIoojMvFlRJIDZiKYnttjMJqQlpSOVFMq84LqoovwOnANMJlMnNyKaJuMJjtNoQyVI57ojQIe+V+kpyyBabkJhneMSE1Lx8K3FmH6zGcRMmwo+vXph/v+eh/IwFx50QyH1nDUahWem/Uc3lj4BhJNCTAuMyJpZTJMqUYkpZn42bDEgERTIozLjUjJSEVa6hKkpKdB/44e+nQ9jElGJK8wwUR4KUaYDNQPAxKXJUK/0oDUtDSkm9KRZDLBtMQEU0YS9GkOvhj4bOz05CVIWpYC/QoDUg0pSF2UjkS9CXoj8SMNSaZkjulKMwk8JN4lGhNgMho5iXiqgWSmZ1mnG5ci2UR6kMi8onqJnynGFC5PcnLoDekOPeuNeiQYFnN54jvJKkWfhsRFiayz6UlLWB7Ef4NRjyRjkl3+ye3yS9InsS6mxafxCRYkJ0f5TnKmMRKfhiUL05GsT+JFX9YHYyIMSQYkLtXDsMKIJelLWb7UftaRJAOMy0zQLzNgcWo8Xn75JUSPj4ZarkLfPr1x34P34u7778Ydd9yB/p79ET5pPFZnrWI3CTpf/GYMDeHcsrHZsWMH5rw8B74aX9x7373485/+jDvuvAN3drsL3R/pDm+xCCqlGv7+AQgICITaXwOFvwIypQxKhRJqmYYvlVTNzkYqqQpqGV1qqKVqKCUaSMQB8BKp4e0tgVwsa4dxWalQjhyV2nGlGijF/hAxngoibxEUYjnjOepRSzVMvwNPDY1EAz+JA88PYm8xfCU+9vbZ6V+JJ1VDI9XAV+IPL7pEPpCIJPCT+nXCa2+bTCjvJ9HAW6LBIJEvJN4yez1OfZep4CNW8NTWT+oLpdSP6cpEMu6nRqaBUqqEVCyFVCThZw3xzH4RjMrKRXKGCb8L9IkWra9RkiWVlGSghkqhhiJIAdlQ+k4X+qrwVkA0UIQBvQeg21/vxx1/vuOq6+4778aD3R+Ah4c7NEFqKP2VkEol/PlMi8sBan8EagIwJDQISn8/dibzD9YgODQYAcoA1htpiJR1Qu2jQVBIEJ8K4e/nL8hHoYQ8SA7pMCmvHxCv1XI1AgcHIig0CL4q4rcYfhI/EE8I5hPoA6KpVPnBT+oPLzHxmfgntfNZDY3M385TscAHu84RDYde0bOPRJAn3UkOzFPim0NHSZ4SDV/ERyonJn2TKOyyID3roEllSBcl3tRmX/hKBJpUvp0m6ZTEjidTsc5TeSorjA37+LDrklBWze0jXZCL5fCTK6FQKSALkEMT4I8AVSDzRk3jS66CRu0P/4AA+Af48/hUSH34qCSaqd5zz//jMfyn//oTBngMgHbSBLxjfgeU8JxSltx+Y0PHe5w8gV05u7AwYSHnPaV0hAMHuHECLLGHN3xEMih9lOwirfTxA18KP2ayn0gBH7EPfAf5QOnpIzBe7sfCot8dl1ziA5FMCS+JD7y9RJB4idthZAh85b58kZAdOHSXS3whkvnBW6Jgl3mpl6Qd7iu148l8r65P7AtvmR+8JHKIBnlD5i3twHPUR3hObaRnmcQXXnI/eIllEHt5Qy6StZdpr0/agScT+8Db2wdeYjnEUgnkko7yrIwiCcQiES/QEkwhkkPsJYL3IG+IRCLIpDL4yHwgEUv4d4VIwYaFDJ1cKge5pJPiiby82djSQFOIBZ6TESODIJUKfaMB5C3yhshXBLFSDLlMDl+xLw9gX5kv1+Xl6QWP/u4Y9Ig7Brm5w9PLE+4e7vBwd8cgb0/IfKTQBKjh6ysMNj8/H5BXskwm5bSkKo0SCoWc+0TZGAkmlcrgLfeGWCWCTCEF8UmlUnHOHWqb1FtoMwXsitUiXj8ivnJffBVMg1KeEl/IMBLfxCIxRAqRUF4hA+mPt5z0R8F8oAwDxCPihVwih0QmhlTSIWMyzgQXS8S89S+RiNl4OHhKg17QQXoRyLg+qVzCfSS+Mk2pGDIneTpoktcunc0uEYmENssUzGt6qUm9qK9ySEVSiMViyJimnNspk0jZSBNth94RH6ivRJN4QMaKXsQSiUTQDZEP/OgS+8BP7gs/Gluks/y7LwJEGgRK/KFS0PhUQq1Uwc+HDJ8Uov6e8OrniUH9vTEsOBQzZ82CZZMFFYcqcK5LAjF/bsOpplMorSiFOcuM1155FZNjJyFSG4mYCVF4etQkTB09BXFaHcdW6CKj+U5/Tx0zha+4CTrEjY/GpLHRmKiLRexTcdDpdIiJEspSTEZMdDR0kwVYTEwM0+DfI6Ohi44GJWOOmxIHXUxnPF1MDMN0U2KZhgOH7gSLeyoWsZNjoYuO6VQf4z0VC92k2E6/M54uBrGENzEWuqgr8GJjoCO8iZ3bwXixOjueDrrIDjxKt0jHqeqe1iGW7pEx0EXoOPCNdgMmxE2A7ikdYmN10EVEMyxCG4GxEWMZRn3XxQo80Wl1zHuCaeO03PdYnQ4REREYGz4W4dpwQQ5RMYiNofboeNdQF62DVjuBy2gjtYiOjkZMhHBRH7VaLcMmaCcgJiwKE0dGIm5CNLeL/C+I/vgJ4zFeOx7RUZECz7TRfI+KjkKYdjzCI8L4cHqWgQMWJcDCnGHUx6gYREVFMj1qM/PIrju6qGhERkZyfRMiwjvkQ3iR0YiIFNpCsOioKKEfUYJcYqfEcd+IJrU3MjICOpLLM7HQTdaxHnDdkVEYHz4e46LGYsJTYYiaFMH6Q7pC/GYdjBLayXzTjkXYxDBETNYiJiYasXGxoNMISA+IHl2RDh7pxkP7dDii4uw0pwg0SQepHPEnfEIYxpF8J4UjkuommpMEmqwHrHcxiNBqMU47DmFx46B9KhzRuijWa9IX3SQdYiNi8MzYyZg2+inETYhFtNOYitXGYOqYyZg2xj4+qT92HtPYjRsTiUmjdZgy4RnMnT4PyQnp+PzTL1FVXYPzt5Dk7KY+o3gaRcemtrbg+I/HsLdsDz799BO8v+492FbbkLU+CxtX2bBxlRVZ68zI3JDZftHf2ausfGWty0TWmkxY1phhtVlh22KDdaMVliwzzHYcs9nM6Stt79pg22iDJSvrahjhZQt4mZlCXYy3gL/eAwAABTZJREFU2U4z24qsrKyONmRlwUawzTZYbRZkmTvaSOVsWxwwK7LMTniWLFivhdcJZgXV7+h3loVo2rhOi83SGWYTYEzXYsWW1ZuxadUmbMjagMzNmaB+U/pOW5YNW1ZtwcbVGwXYpkyh/RutyM6y4d0MO8yyAeZN5naYNdMK20orrGussFgt3F8KT2B+2vlmXWeBlcqst8GSacGGjA0wrzbDarXAts4Ga4YV1g0W2DZYYF2WCeuaLI4at22ywWqxwrbGBtsqko0FZpL3OxuQtd4Ma5YVtlVW1gmr2QLz2itgGYRrhZXw1piRuWIDLBuyYDVbhTrXWtmRMHN1JjJXboDFfC1YJusF9ZXaaltHumBB5qpMvph/1FebFda1dtrEl41W2LaSXAQ9IF2gNltXWWFZZ+GA1KzNWaxbVIb1M9sq0LERb4SyZouZY8ks2RYQT5i3xBuiZ7MwT6ld1DfKJ2TZ1JkmyYPLEi9X27j+rOwsZG0xg2mSzrH+28s56s4Q9JNoUnkaH9RGejZvMCN7tQXZq2xXjUHzukw77BfG5/pMWFebYVuTBdv6bGzb9Am+/ywHpeWHUXv6DM7fwrnuN29s7M5CLT9dQGNLA443HMPJfSdQv68eVYerOl9VVahyXFfCDlehuqoaFAhWd6yOL3qm3wiHYqeuB6OMfs54VdVCXYTnDCNHQkcbampqOsPqroAd7aBJeVs74TnDap1gtTV8uDu3pb6O0y92wqu307wS5sA7XoejR47ixL5GNO5r5Oe643YcgtUdxYnKE2jc34gjR47AGUanJJ6sPInGA42g4246wWrqcbLiJBoONnBEtoNXzvfjh48z7WNVx1BbU4vDFYdRtb+K+9PwQwPD6qvq2RmMYNUHqtv7Sm2mek/sP8FtrD5UjcOlP6DmcI3Qn/0nGE7trz4owGqrarks9ZPbfOQI06wqPcx11NfWo7GyEY0HG3Gk7gi3pYqUvbYWBCM+ULvq6upQta8KVeVVIP+t+porYJUdMOIJRaQ3HGrAiX0ncKzmWLveOPOC+7Pf3i5nXtp107ns8R8EvtVX1/8iLUfZY7XHuM3HDx2/pgy4fUePsHypf9RPB/6Vd+qHQ2Z07wSvr2NesO5dOdauMwYduuo8dg8fPoxj1cdwuq4Jjadb0HipDRduIVL/lo0NhbO3/ruVEya1XWhD64VWtFxs+dUXpQClfMN0UU4UZxqdYJecYK0t7CDYjncdGB1e307zCjyaof0mMHv7qT1X0bwR2KVWtF24jMsXLnfqF/evtZV/Z5gTLYJdar2Ey+cv43KLkLjKwQ9nWFtLWzt/neFc5uIloc7WVk4TQce8tlxoEWR6se2aMKbDbW4Dy761FS0tLWhpFvhJzpv0ezvsggCjVBQMa7HDLnXgtcMIj9p8JczOB4JRWWontZeemQ8XLqPt4tUwR58J5miP47dO90sCnx11d4JdyXcnvl2vHKXrJLlduo4MHPhUL5dtvXRNeVHZSxcvCby9eLVcaby06/NNjEVnXGp720XSq8u4SCc6OHkk/9qF4ls2Nr+2Qlf5rndbd8nAJYOu0AGXsbkFS90VAnPV6TIU/1d1wGVsXMbmpv0m/q8qvavdXWOwXcbGZWxcxsalA7dFB1zGxqVot0XRXLOJrplN/J747jI2LmPjMjYuHbgtOuAyNi5Fuy2K9nt6w7ra0jWzLJexcRkbl7Fx6cBt0QGXsXEp2m1RNNdsomtmE78nvruMjcvYuIyNSwduiw64jI1L0W6Lov2e3rCutnTNLOt/AcaZU5r9oxe7AAAAAElFTkSuQmCC</file>
    </questiontext>
    <generalfeedback format="html">
      <text></text>
    </generalfeedback>
    <defaultgrade>1.0000000</defaultgrade>
    <penalty>0.3333333</penalty>
    <hidden>0</hidden>
    <idnumber></idnumber>
    <answer fraction="100" format="moodle_auto_format">
      <text>10</text>
      <feedback format="html">
        <text></text>
      </feedback>
      <tolerance>0</tolerance>
    </answer>
    <unitgradingtype>0</unitgradingtype>
    <unitpenalty>0.1000000</unitpenalty>
    <showunits>3</showunits>
    <unitsleft>0</unitsleft>
  </question>

</quiz>